<?xml version="1.0" encoding="UTF-8"?>
<testsuite xmlns:xsi="http://www.w3.org/2001/XMLSchema-instance" xsi:noNamespaceSchemaLocation="https://maven.apache.org/surefire/maven-surefire-plugin/xsd/surefire-test-report.xsd" name="org.apache.hadoop.ozone.client.rpc.TestWatchForCommit" time="255.264" tests="5" errors="1" skipped="0" failures="1">
  <properties>
    <property name="awt.toolkit" value="sun.awt.X11.XToolkit"/>
    <property name="file.encoding.pkg" value="sun.io"/>
    <property name="java.specification.version" value="1.8"/>
    <property name="sun.cpu.isalist" value=""/>
    <property name="sun.jnu.encoding" value="UTF-8"/>
    <property name="java.class.path" value="/workdir/hadoop-ozone/integration-test/target/test-classes:/workdir/hadoop-ozone/integration-test/target/classes:/home/user/.m2/repository/org/apache/hadoop/hadoop-ozone-common/0.5.0-SNAPSHOT/hadoop-ozone-common-0.5.0-SNAPSHOT.jar:/home/user/.m2/repository/org/apache/commons/commons-compress/1.4.1/commons-compress-1.4.1.jar:/home/user/.m2/repository/org/tukaani/xz/1.0/xz-1.0.jar:/home/user/.m2/repository/org/apache/hadoop/hadoop-common/3.2.0/hadoop-common-3.2.0.jar:/home/user/.m2/repository/org/apache/hadoop/hadoop-hdfs/3.2.0/hadoop-hdfs-3.2.0.jar:/home/user/.m2/repository/org/apache/hadoop/hadoop-hdfs-client/3.2.0/hadoop-hdfs-client-3.2.0.jar:/home/user/.m2/repository/com/fasterxml/jackson/core/jackson-annotations/2.9.9/jackson-annotations-2.9.9.jar:/home/user/.m2/repository/org/apache/hadoop/hadoop-hdds-common/0.5.0-SNAPSHOT/hadoop-hdds-common-0.5.0-SNAPSHOT.jar:/home/user/.m2/repository/javax/annotation/javax.annotation-api/1.2/javax.annotation-api-1.2.jar:/home/user/.m2/repository/org/apache/ratis/ratis-server/0.5.0-201fc85-SNAPSHOT/ratis-server-0.5.0-201fc85-SNAPSHOT.jar:/home/user/.m2/repository/org/apache/ratis/ratis-thirdparty-misc/0.2.0/ratis-thirdparty-misc-0.2.0.jar:/home/user/.m2/repository/org/apache/ratis/ratis-proto/0.5.0-201fc85-SNAPSHOT/ratis-proto-0.5.0-201fc85-SNAPSHOT.jar:/home/user/.m2/repository/org/apache/ratis/ratis-common/0.5.0-201fc85-SNAPSHOT/ratis-common-0.5.0-201fc85-SNAPSHOT.jar:/home/user/.m2/repository/org/apache/ratis/ratis-client/0.5.0-201fc85-SNAPSHOT/ratis-client-0.5.0-201fc85-SNAPSHOT.jar:/home/user/.m2/repository/org/apache/ratis/ratis-metrics/0.5.0-201fc85-SNAPSHOT/ratis-metrics-0.5.0-201fc85-SNAPSHOT.jar:/home/user/.m2/repository/com/github/joshelser/dropwizard-metrics-hadoop-metrics2-reporter/0.1.2/dropwizard-metrics-hadoop-metrics2-reporter-0.1.2.jar:/home/user/.m2/repository/io/dropwizard/metrics/metrics-jvm/3.2.5/metrics-jvm-3.2.5.jar:/home/user/.m2/repository/io/dropwizard/metrics/metrics-ganglia/3.2.5/metrics-ganglia-3.2.5.jar:/home/user/.m2/repository/info/ganglia/gmetric4j/gmetric4j/1.0.7/gmetric4j-1.0.7.jar:/home/user/.m2/repository/org/apache/ratis/ratis-netty/0.5.0-201fc85-SNAPSHOT/ratis-netty-0.5.0-201fc85-SNAPSHOT.jar:/home/user/.m2/repository/org/apache/ratis/ratis-grpc/0.5.0-201fc85-SNAPSHOT/ratis-grpc-0.5.0-201fc85-SNAPSHOT.jar:/home/user/.m2/repository/org/rocksdb/rocksdbjni/6.0.1/rocksdbjni-6.0.1.jar:/home/user/.m2/repository/org/apache/logging/log4j/log4j-api/2.11.0/log4j-api-2.11.0.jar:/home/user/.m2/repository/org/apache/logging/log4j/log4j-core/2.11.0/log4j-core-2.11.0.jar:/home/user/.m2/repository/com/lmax/disruptor/3.4.2/disruptor-3.4.2.jar:/home/user/.m2/repository/org/apache/commons/commons-pool2/2.6.0/commons-pool2-2.6.0.jar:/home/user/.m2/repository/org/bouncycastle/bcpkix-jdk15on/1.60/bcpkix-jdk15on-1.60.jar:/home/user/.m2/repository/commons-validator/commons-validator/1.6/commons-validator-1.6.jar:/home/user/.m2/repository/commons-digester/commons-digester/1.8.1/commons-digester-1.8.1.jar:/home/user/.m2/repository/io/jaegertracing/jaeger-client/0.34.0/jaeger-client-0.34.0.jar:/home/user/.m2/repository/io/jaegertracing/jaeger-thrift/0.34.0/jaeger-thrift-0.34.0.jar:/home/user/.m2/repository/org/apache/thrift/libthrift/0.12.0/libthrift-0.12.0.jar:/home/user/.m2/repository/com/squareup/okhttp3/okhttp/3.9.0/okhttp-3.9.0.jar:/home/user/.m2/repository/com/squareup/okio/okio/1.13.0/okio-1.13.0.jar:/home/user/.m2/repository/io/jaegertracing/jaeger-core/0.34.0/jaeger-core-0.34.0.jar:/home/user/.m2/repository/io/jaegertracing/jaeger-tracerresolver/0.34.0/jaeger-tracerresolver-0.34.0.jar:/home/user/.m2/repository/io/opentracing/contrib/opentracing-tracerresolver/0.1.5/opentracing-tracerresolver-0.1.5.jar:/home/user/.m2/repository/io/opentracing/opentracing-util/0.31.0/opentracing-util-0.31.0.jar:/home/user/.m2/repository/io/opentracing/opentracing-api/0.31.0/opentracing-api-0.31.0.jar:/home/user/.m2/repository/io/opentracing/opentracing-noop/0.31.0/opentracing-noop-0.31.0.jar:/home/user/.m2/repository/org/apache/hadoop/hadoop-hdds-server-framework/0.5.0-SNAPSHOT/hadoop-hdds-server-framework-0.5.0-SNAPSHOT.jar:/home/user/.m2/repository/org/apache/hadoop/hadoop-hdds-container-service/0.5.0-SNAPSHOT/hadoop-hdds-container-service-0.5.0-SNAPSHOT.jar:/home/user/.m2/repository/org/apache/hadoop/hadoop-hdds-client/0.5.0-SNAPSHOT/hadoop-hdds-client-0.5.0-SNAPSHOT.jar:/home/user/.m2/repository/org/apache/hadoop/hadoop-hdds-tools/0.5.0-SNAPSHOT/hadoop-hdds-tools-0.5.0-SNAPSHOT.jar:/home/user/.m2/repository/org/apache/hadoop/hadoop-hdds-server-scm/0.5.0-SNAPSHOT/hadoop-hdds-server-scm-0.5.0-SNAPSHOT.jar:/home/user/.m2/repository/org/apache/hadoop/hadoop-hdds-docs/0.5.0-SNAPSHOT/hadoop-hdds-docs-0.5.0-SNAPSHOT.jar:/home/user/.m2/repository/io/dropwizard/metrics/metrics-core/3.2.4/metrics-core-3.2.4.jar:/home/user/.m2/repository/org/hamcrest/hamcrest-all/1.3/hamcrest-all-1.3.jar:/home/user/.m2/repository/org/bouncycastle/bcprov-jdk15on/1.60/bcprov-jdk15on-1.60.jar:/home/user/.m2/repository/info/picocli/picocli/3.9.6/picocli-3.9.6.jar:/home/user/.m2/repository/com/google/protobuf/protobuf-java/2.5.0/protobuf-java-2.5.0.jar:/home/user/.m2/repository/com/google/guava/guava/11.0.2/guava-11.0.2.jar:/home/user/.m2/repository/org/apache/hadoop/hadoop-ozone-ozone-manager/0.5.0-SNAPSHOT/hadoop-ozone-ozone-manager-0.5.0-SNAPSHOT.jar:/home/user/.m2/repository/org/apache/hadoop/hadoop-minikdc/3.2.0/hadoop-minikdc-3.2.0.jar:/home/user/.m2/repository/commons-io/commons-io/2.5/commons-io-2.5.jar:/home/user/.m2/repository/org/apache/kerby/kerb-simplekdc/1.0.1/kerb-simplekdc-1.0.1.jar:/home/user/.m2/repository/org/apache/kerby/kerb-client/1.0.1/kerb-client-1.0.1.jar:/home/user/.m2/repository/org/apache/kerby/kerby-config/1.0.1/kerby-config-1.0.1.jar:/home/user/.m2/repository/org/apache/kerby/kerb-core/1.0.1/kerb-core-1.0.1.jar:/home/user/.m2/repository/org/apache/kerby/kerby-pkix/1.0.1/kerby-pkix-1.0.1.jar:/home/user/.m2/repository/org/apache/kerby/kerby-asn1/1.0.1/kerby-asn1-1.0.1.jar:/home/user/.m2/repository/org/apache/kerby/kerby-util/1.0.1/kerby-util-1.0.1.jar:/home/user/.m2/repository/org/apache/kerby/kerb-common/1.0.1/kerb-common-1.0.1.jar:/home/user/.m2/repository/org/apache/kerby/kerb-crypto/1.0.1/kerb-crypto-1.0.1.jar:/home/user/.m2/repository/org/apache/kerby/kerb-util/1.0.1/kerb-util-1.0.1.jar:/home/user/.m2/repository/org/apache/kerby/token-provider/1.0.1/token-provider-1.0.1.jar:/home/user/.m2/repository/org/apache/kerby/kerb-admin/1.0.1/kerb-admin-1.0.1.jar:/home/user/.m2/repository/org/apache/kerby/kerb-server/1.0.1/kerb-server-1.0.1.jar:/home/user/.m2/repository/org/apache/kerby/kerb-identity/1.0.1/kerb-identity-1.0.1.jar:/home/user/.m2/repository/org/apache/kerby/kerby-xdr/1.0.1/kerby-xdr-1.0.1.jar:/home/user/.m2/repository/org/slf4j/slf4j-log4j12/1.7.25/slf4j-log4j12-1.7.25.jar:/home/user/.m2/repository/org/apache/hadoop/hadoop-ozone-s3gateway/0.5.0-SNAPSHOT/hadoop-ozone-s3gateway-0.5.0-SNAPSHOT.jar:/home/user/.m2/repository/org/jboss/weld/servlet/weld-servlet/2.4.7.Final/weld-servlet-2.4.7.Final.jar:/home/user/.m2/repository/org/glassfish/jersey/containers/jersey-container-servlet-core/2.27/jersey-container-servlet-core-2.27.jar:/home/user/.m2/repository/org/glassfish/hk2/external/javax.inject/2.5.0-b42/javax.inject-2.5.0-b42.jar:/home/user/.m2/repository/org/glassfish/jersey/core/jersey-common/2.27/jersey-common-2.27.jar:/home/user/.m2/repository/org/glassfish/hk2/osgi-resource-locator/1.0.1/osgi-resource-locator-1.0.1.jar:/home/user/.m2/repository/javax/ws/rs/javax.ws.rs-api/2.1/javax.ws.rs-api-2.1.jar:/home/user/.m2/repository/org/glassfish/jersey/ext/cdi/jersey-cdi1x/2.27/jersey-cdi1x-2.27.jar:/home/user/.m2/repository/org/glassfish/jersey/inject/jersey-hk2/2.27/jersey-hk2-2.27.jar:/home/user/.m2/repository/org/glassfish/hk2/hk2-locator/2.5.0-b42/hk2-locator-2.5.0-b42.jar:/home/user/.m2/repository/org/javassist/javassist/3.22.0-CR2/javassist-3.22.0-CR2.jar:/home/user/.m2/repository/org/glassfish/hk2/hk2-api/2.5.0/hk2-api-2.5.0.jar:/home/user/.m2/repository/org/glassfish/hk2/external/jakarta.inject/2.5.0/jakarta.inject-2.5.0.jar:/home/user/.m2/repository/org/glassfish/hk2/hk2-utils/2.5.0/hk2-utils-2.5.0.jar:/home/user/.m2/repository/jakarta/annotation/jakarta.annotation-api/1.3.4/jakarta.annotation-api-1.3.4.jar:/home/user/.m2/repository/org/glassfish/hk2/external/aopalliance-repackaged/2.5.0/aopalliance-repackaged-2.5.0.jar:/home/user/.m2/repository/com/fasterxml/jackson/dataformat/jackson-dataformat-xml/2.9.0/jackson-dataformat-xml-2.9.0.jar:/home/user/.m2/repository/com/fasterxml/jackson/core/jackson-core/2.9.9/jackson-core-2.9.9.jar:/home/user/.m2/repository/com/fasterxml/jackson/module/jackson-module-jaxb-annotations/2.9.9/jackson-module-jaxb-annotations-2.9.9.jar:/home/user/.m2/repository/javax/enterprise/cdi-api/1.2/cdi-api-1.2.jar:/home/user/.m2/repository/javax/el/javax.el-api/3.0.0/javax.el-api-3.0.0.jar:/home/user/.m2/repository/javax/interceptor/javax.interceptor-api/1.2/javax.interceptor-api-1.2.jar:/home/user/.m2/repository/javax/inject/javax.inject/1/javax.inject-1.jar:/home/user/.m2/repository/com/sun/xml/bind/jaxb-impl/2.3.0.1/jaxb-impl-2.3.0.1.jar:/home/user/.m2/repository/com/sun/xml/bind/jaxb-core/2.3.0.1/jaxb-core-2.3.0.1.jar:/home/user/.m2/repository/javax/xml/bind/jaxb-api/2.3.0/jaxb-api-2.3.0.jar:/home/user/.m2/repository/javax/activation/activation/1.1.1/activation-1.1.1.jar:/home/user/.m2/repository/org/apache/hadoop/hadoop-ozone-csi/0.5.0-SNAPSHOT/hadoop-ozone-csi-0.5.0-SNAPSHOT.jar:/home/user/.m2/repository/com/google/protobuf/protobuf-java-util/3.5.1/protobuf-java-util-3.5.1.jar:/home/user/.m2/repository/org/apache/hadoop/hadoop-hdds-config/0.5.0-SNAPSHOT/hadoop-hdds-config-0.5.0-SNAPSHOT.jar:/home/user/.m2/repository/io/grpc/grpc-netty/1.17.1/grpc-netty-1.17.1.jar:/home/user/.m2/repository/io/grpc/grpc-core/1.17.1/grpc-core-1.17.1.jar:/home/user/.m2/repository/io/grpc/grpc-context/1.17.1/grpc-context-1.17.1.jar:/home/user/.m2/repository/com/google/errorprone/error_prone_annotations/2.2.0/error_prone_annotations-2.2.0.jar:/home/user/.m2/repository/org/codehaus/mojo/animal-sniffer-annotations/1.17/animal-sniffer-annotations-1.17.jar:/home/user/.m2/repository/io/opencensus/opencensus-api/0.17.0/opencensus-api-0.17.0.jar:/home/user/.m2/repository/io/opencensus/opencensus-contrib-grpc-metrics/0.17.0/opencensus-contrib-grpc-metrics-0.17.0.jar:/home/user/.m2/repository/io/netty/netty-codec-http2/4.1.30.Final/netty-codec-http2-4.1.30.Final.jar:/home/user/.m2/repository/io/netty/netty-codec-http/4.1.30.Final/netty-codec-http-4.1.30.Final.jar:/home/user/.m2/repository/io/netty/netty-codec/4.1.30.Final/netty-codec-4.1.30.Final.jar:/home/user/.m2/repository/io/netty/netty-handler/4.1.30.Final/netty-handler-4.1.30.Final.jar:/home/user/.m2/repository/io/netty/netty-handler-proxy/4.1.30.Final/netty-handler-proxy-4.1.30.Final.jar:/home/user/.m2/repository/io/netty/netty-codec-socks/4.1.30.Final/netty-codec-socks-4.1.30.Final.jar:/home/user/.m2/repository/io/netty/netty-transport-native-epoll/4.1.30.Final/netty-transport-native-epoll-4.1.30.Final.jar:/home/user/.m2/repository/io/netty/netty-common/4.1.30.Final/netty-common-4.1.30.Final.jar:/home/user/.m2/repository/io/netty/netty-buffer/4.1.30.Final/netty-buffer-4.1.30.Final.jar:/home/user/.m2/repository/io/netty/netty-transport/4.1.30.Final/netty-transport-4.1.30.Final.jar:/home/user/.m2/repository/io/netty/netty-resolver/4.1.30.Final/netty-resolver-4.1.30.Final.jar:/home/user/.m2/repository/io/netty/netty-transport-native-unix-common/4.1.30.Final/netty-transport-native-unix-common-4.1.30.Final.jar:/home/user/.m2/repository/io/grpc/grpc-protobuf/1.17.1/grpc-protobuf-1.17.1.jar:/home/user/.m2/repository/com/google/api/grpc/proto-google-common-protos/1.0.0/proto-google-common-protos-1.0.0.jar:/home/user/.m2/repository/io/grpc/grpc-protobuf-lite/1.17.1/grpc-protobuf-lite-1.17.1.jar:/home/user/.m2/repository/io/grpc/grpc-stub/1.17.1/grpc-stub-1.17.1.jar:/home/user/.m2/repository/org/apache/hadoop/hadoop-ozone-recon/0.5.0-SNAPSHOT/hadoop-ozone-recon-0.5.0-SNAPSHOT.jar:/home/user/.m2/repository/org/apache/hadoop/hadoop-ozone-reconcodegen/0.5.0-SNAPSHOT/hadoop-ozone-reconcodegen-0.5.0-SNAPSHOT.jar:/home/user/.m2/repository/com/google/inject/extensions/guice-multibindings/4.0/guice-multibindings-4.0.jar:/home/user/.m2/repository/com/google/inject/guice/4.0/guice-4.0.jar:/home/user/.m2/repository/aopalliance/aopalliance/1.0/aopalliance-1.0.jar:/home/user/.m2/repository/com/google/inject/extensions/guice-servlet/4.0/guice-servlet-4.0.jar:/home/user/.m2/repository/org/glassfish/jersey/containers/jersey-container-servlet/2.27/jersey-container-servlet-2.27.jar:/home/user/.m2/repository/org/glassfish/hk2/guice-bridge/2.5.0/guice-bridge-2.5.0.jar:/home/user/.m2/repository/org/glassfish/jersey/core/jersey-server/2.27/jersey-server-2.27.jar:/home/user/.m2/repository/org/glassfish/jersey/core/jersey-client/2.27/jersey-client-2.27.jar:/home/user/.m2/repository/org/glassfish/jersey/media/jersey-media-jaxb/2.27/jersey-media-jaxb-2.27.jar:/home/user/.m2/repository/javax/validation/validation-api/1.1.0.Final/validation-api-1.1.0.Final.jar:/home/user/.m2/repository/org/glassfish/jersey/media/jersey-media-json-jackson/2.27/jersey-media-json-jackson-2.27.jar:/home/user/.m2/repository/org/glassfish/jersey/ext/jersey-entity-filtering/2.27/jersey-entity-filtering-2.27.jar:/home/user/.m2/repository/com/google/inject/extensions/guice-assistedinject/4.0/guice-assistedinject-4.0.jar:/home/user/.m2/repository/org/jooq/jooq/3.11.10/jooq-3.11.10.jar:/home/user/.m2/repository/org/jooq/jooq-meta/3.11.10/jooq-meta-3.11.10.jar:/home/user/.m2/repository/org/jooq/jooq-codegen/3.11.10/jooq-codegen-3.11.10.jar:/home/user/.m2/repository/com/jolbox/bonecp/0.8.0.RELEASE/bonecp-0.8.0.RELEASE.jar:/home/user/.m2/repository/org/xerial/sqlite-jdbc/3.25.2/sqlite-jdbc-3.25.2.jar:/home/user/.m2/repository/org/springframework/spring-jdbc/5.1.3.RELEASE/spring-jdbc-5.1.3.RELEASE.jar:/home/user/.m2/repository/org/springframework/spring-beans/5.1.3.RELEASE/spring-beans-5.1.3.RELEASE.jar:/home/user/.m2/repository/org/springframework/spring-core/5.1.3.RELEASE/spring-core-5.1.3.RELEASE.jar:/home/user/.m2/repository/org/springframework/spring-jcl/5.1.3.RELEASE/spring-jcl-5.1.3.RELEASE.jar:/home/user/.m2/repository/org/springframework/spring-tx/5.1.3.RELEASE/spring-tx-5.1.3.RELEASE.jar:/home/user/.m2/repository/org/apache/hadoop/hadoop-ozone-client/0.5.0-SNAPSHOT/hadoop-ozone-client-0.5.0-SNAPSHOT.jar:/home/user/.m2/repository/commons-lang/commons-lang/2.6/commons-lang-2.6.jar:/home/user/.m2/repository/org/apache/hadoop/hadoop-ozone-ozone-manager/0.5.0-SNAPSHOT/hadoop-ozone-ozone-manager-0.5.0-SNAPSHOT-tests.jar:/home/user/.m2/repository/junit/junit/4.11/junit-4.11.jar:/home/user/.m2/repository/org/hamcrest/hamcrest-core/1.3/hamcrest-core-1.3.jar:/home/user/.m2/repository/org/openjdk/jmh/jmh-core/1.19/jmh-core-1.19.jar:/home/user/.m2/repository/net/sf/jopt-simple/jopt-simple/4.6/jopt-simple-4.6.jar:/home/user/.m2/repository/org/apache/commons/commons-math3/3.1.1/commons-math3-3.1.1.jar:/home/user/.m2/repository/org/openjdk/jmh/jmh-generator-annprocess/1.19/jmh-generator-annprocess-1.19.jar:/home/user/.m2/repository/org/mockito/mockito-all/1.8.5/mockito-all-1.8.5.jar:/home/user/.m2/repository/org/apache/hadoop/hadoop-kms/3.2.0/hadoop-kms-3.2.0.jar:/home/user/.m2/repository/org/apache/hadoop/hadoop-auth/3.2.0/hadoop-auth-3.2.0.jar:/home/user/.m2/repository/com/nimbusds/nimbus-jose-jwt/4.41.1/nimbus-jose-jwt-4.41.1.jar:/home/user/.m2/repository/com/github/stephenc/jcip/jcip-annotations/1.0-1/jcip-annotations-1.0-1.jar:/home/user/.m2/repository/net/minidev/json-smart/2.3/json-smart-2.3.jar:/home/user/.m2/repository/net/minidev/accessors-smart/1.2/accessors-smart-1.2.jar:/home/user/.m2/repository/org/ow2/asm/asm/5.0.4/asm-5.0.4.jar:/home/user/.m2/repository/org/apache/curator/curator-framework/2.12.0/curator-framework-2.12.0.jar:/home/user/.m2/repository/com/sun/jersey/jersey-core/1.19/jersey-core-1.19.jar:/home/user/.m2/repository/javax/ws/rs/jsr311-api/1.1.1/jsr311-api-1.1.1.jar:/home/user/.m2/repository/com/sun/jersey/jersey-server/1.19/jersey-server-1.19.jar:/home/user/.m2/repository/javax/servlet/javax.servlet-api/3.1.0/javax.servlet-api-3.1.0.jar:/home/user/.m2/repository/org/eclipse/jetty/jetty-server/9.3.25.v20180904/jetty-server-9.3.25.v20180904.jar:/home/user/.m2/repository/org/eclipse/jetty/jetty-http/9.3.25.v20180904/jetty-http-9.3.25.v20180904.jar:/home/user/.m2/repository/org/eclipse/jetty/jetty-io/9.3.25.v20180904/jetty-io-9.3.25.v20180904.jar:/home/user/.m2/repository/org/eclipse/jetty/jetty-webapp/9.3.25.v20180904/jetty-webapp-9.3.25.v20180904.jar:/home/user/.m2/repository/org/eclipse/jetty/jetty-xml/9.3.25.v20180904/jetty-xml-9.3.25.v20180904.jar:/home/user/.m2/repository/log4j/log4j/1.2.17/log4j-1.2.17.jar:/home/user/.m2/repository/org/slf4j/slf4j-api/1.7.25/slf4j-api-1.7.25.jar:/home/user/.m2/repository/org/slf4j/jul-to-slf4j/1.7.25/jul-to-slf4j-1.7.25.jar:/home/user/.m2/repository/org/eclipse/jetty/jetty-util/9.3.25.v20180904/jetty-util-9.3.25.v20180904.jar:/home/user/.m2/repository/com/fasterxml/jackson/core/jackson-databind/2.9.9/jackson-databind-2.9.9.jar:/home/user/.m2/repository/org/apache/hadoop/hadoop-kms/3.2.0/hadoop-kms-3.2.0-tests.jar:/home/user/.m2/repository/org/apache/hadoop/hadoop-hdds-server-scm/0.5.0-SNAPSHOT/hadoop-hdds-server-scm-0.5.0-SNAPSHOT-tests.jar:/home/user/.m2/repository/org/apache/hadoop/hadoop-hdds-container-service/0.5.0-SNAPSHOT/hadoop-hdds-container-service-0.5.0-SNAPSHOT-tests.jar:/home/user/.m2/repository/org/yaml/snakeyaml/1.16/snakeyaml-1.16.jar:/home/user/.m2/repository/org/apache/hadoop/hadoop-common/3.2.0/hadoop-common-3.2.0-tests.jar:/home/user/.m2/repository/org/apache/hadoop/hadoop-annotations/3.2.0/hadoop-annotations-3.2.0.jar:/usr/lib/jvm/java-1.8-openjdk/jre/../lib/tools.jar:/home/user/.m2/repository/commons-cli/commons-cli/1.2/commons-cli-1.2.jar:/home/user/.m2/repository/org/apache/httpcomponents/httpclient/4.5.2/httpclient-4.5.2.jar:/home/user/.m2/repository/org/apache/httpcomponents/httpcore/4.4.4/httpcore-4.4.4.jar:/home/user/.m2/repository/commons-codec/commons-codec/1.11/commons-codec-1.11.jar:/home/user/.m2/repository/commons-net/commons-net/3.6/commons-net-3.6.jar:/home/user/.m2/repository/commons-collections/commons-collections/3.2.2/commons-collections-3.2.2.jar:/home/user/.m2/repository/org/eclipse/jetty/jetty-servlet/9.3.25.v20180904/jetty-servlet-9.3.25.v20180904.jar:/home/user/.m2/repository/org/eclipse/jetty/jetty-security/9.3.25.v20180904/jetty-security-9.3.25.v20180904.jar:/home/user/.m2/repository/javax/servlet/jsp/jsp-api/2.1/jsp-api-2.1.jar:/home/user/.m2/repository/com/sun/jersey/jersey-servlet/1.19/jersey-servlet-1.19.jar:/home/user/.m2/repository/com/sun/jersey/jersey-json/1.19/jersey-json-1.19.jar:/home/user/.m2/repository/org/codehaus/jettison/jettison/1.1/jettison-1.1.jar:/home/user/.m2/repository/org/codehaus/jackson/jackson-core-asl/1.9.13/jackson-core-asl-1.9.13.jar:/home/user/.m2/repository/org/codehaus/jackson/jackson-mapper-asl/1.9.13/jackson-mapper-asl-1.9.13.jar:/home/user/.m2/repository/org/codehaus/jackson/jackson-jaxrs/1.9.13/jackson-jaxrs-1.9.13.jar:/home/user/.m2/repository/org/codehaus/jackson/jackson-xc/1.9.13/jackson-xc-1.9.13.jar:/home/user/.m2/repository/commons-logging/commons-logging/1.1.3/commons-logging-1.1.3.jar:/home/user/.m2/repository/commons-beanutils/commons-beanutils/1.9.4/commons-beanutils-1.9.4.jar:/home/user/.m2/repository/org/apache/commons/commons-configuration2/2.1.1/commons-configuration2-2.1.1.jar:/home/user/.m2/repository/org/apache/commons/commons-lang3/3.7/commons-lang3-3.7.jar:/home/user/.m2/repository/org/apache/commons/commons-text/1.4/commons-text-1.4.jar:/home/user/.m2/repository/org/apache/avro/avro/1.7.7/avro-1.7.7.jar:/home/user/.m2/repository/com/thoughtworks/paranamer/paranamer/2.3/paranamer-2.3.jar:/home/user/.m2/repository/org/xerial/snappy/snappy-java/1.0.5/snappy-java-1.0.5.jar:/home/user/.m2/repository/com/google/re2j/re2j/1.1/re2j-1.1.jar:/home/user/.m2/repository/com/google/code/gson/gson/2.2.4/gson-2.2.4.jar:/home/user/.m2/repository/com/jcraft/jsch/0.1.54/jsch-0.1.54.jar:/home/user/.m2/repository/org/apache/curator/curator-client/2.12.0/curator-client-2.12.0.jar:/home/user/.m2/repository/org/apache/curator/curator-recipes/2.12.0/curator-recipes-2.12.0.jar:/home/user/.m2/repository/com/google/code/findbugs/jsr305/3.0.0/jsr305-3.0.0.jar:/home/user/.m2/repository/org/apache/htrace/htrace-core4/4.1.0-incubating/htrace-core4-4.1.0-incubating.jar:/home/user/.m2/repository/org/apache/zookeeper/zookeeper/3.4.13/zookeeper-3.4.13.jar:/home/user/.m2/repository/jline/jline/0.9.94/jline-0.9.94.jar:/home/user/.m2/repository/org/apache/yetus/audience-annotations/0.5.0/audience-annotations-0.5.0.jar:/home/user/.m2/repository/org/codehaus/woodstox/stax2-api/3.1.4/stax2-api-3.1.4.jar:/home/user/.m2/repository/com/fasterxml/woodstox/woodstox-core/5.0.3/woodstox-core-5.0.3.jar:/home/user/.m2/repository/dnsjava/dnsjava/2.1.7/dnsjava-2.1.7.jar:/home/user/.m2/repository/org/apache/hadoop/hadoop-hdfs/3.2.0/hadoop-hdfs-3.2.0-tests.jar:/home/user/.m2/repository/org/eclipse/jetty/jetty-util-ajax/9.3.25.v20180904/jetty-util-ajax-9.3.25.v20180904.jar:/home/user/.m2/repository/commons-daemon/commons-daemon/1.0.13/commons-daemon-1.0.13.jar:/home/user/.m2/repository/io/netty/netty/3.10.5.Final/netty-3.10.5.Final.jar:/home/user/.m2/repository/io/netty/netty-all/4.0.52.Final/netty-all-4.0.52.Final.jar:/home/user/.m2/repository/org/fusesource/leveldbjni/leveldbjni-all/1.8/leveldbjni-all-1.8.jar:"/>
    <property name="java.vm.vendor" value="IcedTea"/>
    <property name="sun.arch.data.model" value="64"/>
    <property name="test.build.dir" value="/workdir/hadoop-ozone/integration-test/target/test-dir"/>
    <property name="test.cache.data" value=""/>
    <property name="java.vendor.url" value="https://icedtea.classpath.org"/>
    <property name="user.timezone" value=""/>
    <property name="java.vm.specification.version" value="1.8"/>
    <property name="os.name" value="Linux"/>
    <property name="test.build.data" value="/workdir/hadoop-ozone/integration-test/target/test-dir"/>
    <property name="user.country" value="US"/>
    <property name="sun.java.launcher" value="SUN_STANDARD"/>
    <property name="sun.boot.library.path" value="/usr/lib/jvm/java-1.8-openjdk/jre/lib/amd64"/>
    <property name="sun.java.command" value="/workdir/hadoop-ozone/integration-test/target/surefire/surefirebooter4157311448215427732.jar /workdir/hadoop-ozone/integration-test/target/surefire 2019-10-14T11-43-34_891-jvmRun1 surefire1043565115674645214tmp surefire_414484468591815133157tmp"/>
    <property name="test" value="!TestMiniChaosOzoneCluster"/>
    <property name="surefire.test.class.path" value="/workdir/hadoop-ozone/integration-test/target/test-classes:/workdir/hadoop-ozone/integration-test/target/classes:/home/user/.m2/repository/org/apache/hadoop/hadoop-ozone-common/0.5.0-SNAPSHOT/hadoop-ozone-common-0.5.0-SNAPSHOT.jar:/home/user/.m2/repository/org/apache/commons/commons-compress/1.4.1/commons-compress-1.4.1.jar:/home/user/.m2/repository/org/tukaani/xz/1.0/xz-1.0.jar:/home/user/.m2/repository/org/apache/hadoop/hadoop-common/3.2.0/hadoop-common-3.2.0.jar:/home/user/.m2/repository/org/apache/hadoop/hadoop-hdfs/3.2.0/hadoop-hdfs-3.2.0.jar:/home/user/.m2/repository/org/apache/hadoop/hadoop-hdfs-client/3.2.0/hadoop-hdfs-client-3.2.0.jar:/home/user/.m2/repository/com/fasterxml/jackson/core/jackson-annotations/2.9.9/jackson-annotations-2.9.9.jar:/home/user/.m2/repository/org/apache/hadoop/hadoop-hdds-common/0.5.0-SNAPSHOT/hadoop-hdds-common-0.5.0-SNAPSHOT.jar:/home/user/.m2/repository/javax/annotation/javax.annotation-api/1.2/javax.annotation-api-1.2.jar:/home/user/.m2/repository/org/apache/ratis/ratis-server/0.5.0-201fc85-SNAPSHOT/ratis-server-0.5.0-201fc85-SNAPSHOT.jar:/home/user/.m2/repository/org/apache/ratis/ratis-thirdparty-misc/0.2.0/ratis-thirdparty-misc-0.2.0.jar:/home/user/.m2/repository/org/apache/ratis/ratis-proto/0.5.0-201fc85-SNAPSHOT/ratis-proto-0.5.0-201fc85-SNAPSHOT.jar:/home/user/.m2/repository/org/apache/ratis/ratis-common/0.5.0-201fc85-SNAPSHOT/ratis-common-0.5.0-201fc85-SNAPSHOT.jar:/home/user/.m2/repository/org/apache/ratis/ratis-client/0.5.0-201fc85-SNAPSHOT/ratis-client-0.5.0-201fc85-SNAPSHOT.jar:/home/user/.m2/repository/org/apache/ratis/ratis-metrics/0.5.0-201fc85-SNAPSHOT/ratis-metrics-0.5.0-201fc85-SNAPSHOT.jar:/home/user/.m2/repository/com/github/joshelser/dropwizard-metrics-hadoop-metrics2-reporter/0.1.2/dropwizard-metrics-hadoop-metrics2-reporter-0.1.2.jar:/home/user/.m2/repository/io/dropwizard/metrics/metrics-jvm/3.2.5/metrics-jvm-3.2.5.jar:/home/user/.m2/repository/io/dropwizard/metrics/metrics-ganglia/3.2.5/metrics-ganglia-3.2.5.jar:/home/user/.m2/repository/info/ganglia/gmetric4j/gmetric4j/1.0.7/gmetric4j-1.0.7.jar:/home/user/.m2/repository/org/apache/ratis/ratis-netty/0.5.0-201fc85-SNAPSHOT/ratis-netty-0.5.0-201fc85-SNAPSHOT.jar:/home/user/.m2/repository/org/apache/ratis/ratis-grpc/0.5.0-201fc85-SNAPSHOT/ratis-grpc-0.5.0-201fc85-SNAPSHOT.jar:/home/user/.m2/repository/org/rocksdb/rocksdbjni/6.0.1/rocksdbjni-6.0.1.jar:/home/user/.m2/repository/org/apache/logging/log4j/log4j-api/2.11.0/log4j-api-2.11.0.jar:/home/user/.m2/repository/org/apache/logging/log4j/log4j-core/2.11.0/log4j-core-2.11.0.jar:/home/user/.m2/repository/com/lmax/disruptor/3.4.2/disruptor-3.4.2.jar:/home/user/.m2/repository/org/apache/commons/commons-pool2/2.6.0/commons-pool2-2.6.0.jar:/home/user/.m2/repository/org/bouncycastle/bcpkix-jdk15on/1.60/bcpkix-jdk15on-1.60.jar:/home/user/.m2/repository/commons-validator/commons-validator/1.6/commons-validator-1.6.jar:/home/user/.m2/repository/commons-digester/commons-digester/1.8.1/commons-digester-1.8.1.jar:/home/user/.m2/repository/io/jaegertracing/jaeger-client/0.34.0/jaeger-client-0.34.0.jar:/home/user/.m2/repository/io/jaegertracing/jaeger-thrift/0.34.0/jaeger-thrift-0.34.0.jar:/home/user/.m2/repository/org/apache/thrift/libthrift/0.12.0/libthrift-0.12.0.jar:/home/user/.m2/repository/com/squareup/okhttp3/okhttp/3.9.0/okhttp-3.9.0.jar:/home/user/.m2/repository/com/squareup/okio/okio/1.13.0/okio-1.13.0.jar:/home/user/.m2/repository/io/jaegertracing/jaeger-core/0.34.0/jaeger-core-0.34.0.jar:/home/user/.m2/repository/io/jaegertracing/jaeger-tracerresolver/0.34.0/jaeger-tracerresolver-0.34.0.jar:/home/user/.m2/repository/io/opentracing/contrib/opentracing-tracerresolver/0.1.5/opentracing-tracerresolver-0.1.5.jar:/home/user/.m2/repository/io/opentracing/opentracing-util/0.31.0/opentracing-util-0.31.0.jar:/home/user/.m2/repository/io/opentracing/opentracing-api/0.31.0/opentracing-api-0.31.0.jar:/home/user/.m2/repository/io/opentracing/opentracing-noop/0.31.0/opentracing-noop-0.31.0.jar:/home/user/.m2/repository/org/apache/hadoop/hadoop-hdds-server-framework/0.5.0-SNAPSHOT/hadoop-hdds-server-framework-0.5.0-SNAPSHOT.jar:/home/user/.m2/repository/org/apache/hadoop/hadoop-hdds-container-service/0.5.0-SNAPSHOT/hadoop-hdds-container-service-0.5.0-SNAPSHOT.jar:/home/user/.m2/repository/org/apache/hadoop/hadoop-hdds-client/0.5.0-SNAPSHOT/hadoop-hdds-client-0.5.0-SNAPSHOT.jar:/home/user/.m2/repository/org/apache/hadoop/hadoop-hdds-tools/0.5.0-SNAPSHOT/hadoop-hdds-tools-0.5.0-SNAPSHOT.jar:/home/user/.m2/repository/org/apache/hadoop/hadoop-hdds-server-scm/0.5.0-SNAPSHOT/hadoop-hdds-server-scm-0.5.0-SNAPSHOT.jar:/home/user/.m2/repository/org/apache/hadoop/hadoop-hdds-docs/0.5.0-SNAPSHOT/hadoop-hdds-docs-0.5.0-SNAPSHOT.jar:/home/user/.m2/repository/io/dropwizard/metrics/metrics-core/3.2.4/metrics-core-3.2.4.jar:/home/user/.m2/repository/org/hamcrest/hamcrest-all/1.3/hamcrest-all-1.3.jar:/home/user/.m2/repository/org/bouncycastle/bcprov-jdk15on/1.60/bcprov-jdk15on-1.60.jar:/home/user/.m2/repository/info/picocli/picocli/3.9.6/picocli-3.9.6.jar:/home/user/.m2/repository/com/google/protobuf/protobuf-java/2.5.0/protobuf-java-2.5.0.jar:/home/user/.m2/repository/com/google/guava/guava/11.0.2/guava-11.0.2.jar:/home/user/.m2/repository/org/apache/hadoop/hadoop-ozone-ozone-manager/0.5.0-SNAPSHOT/hadoop-ozone-ozone-manager-0.5.0-SNAPSHOT.jar:/home/user/.m2/repository/org/apache/hadoop/hadoop-minikdc/3.2.0/hadoop-minikdc-3.2.0.jar:/home/user/.m2/repository/commons-io/commons-io/2.5/commons-io-2.5.jar:/home/user/.m2/repository/org/apache/kerby/kerb-simplekdc/1.0.1/kerb-simplekdc-1.0.1.jar:/home/user/.m2/repository/org/apache/kerby/kerb-client/1.0.1/kerb-client-1.0.1.jar:/home/user/.m2/repository/org/apache/kerby/kerby-config/1.0.1/kerby-config-1.0.1.jar:/home/user/.m2/repository/org/apache/kerby/kerb-core/1.0.1/kerb-core-1.0.1.jar:/home/user/.m2/repository/org/apache/kerby/kerby-pkix/1.0.1/kerby-pkix-1.0.1.jar:/home/user/.m2/repository/org/apache/kerby/kerby-asn1/1.0.1/kerby-asn1-1.0.1.jar:/home/user/.m2/repository/org/apache/kerby/kerby-util/1.0.1/kerby-util-1.0.1.jar:/home/user/.m2/repository/org/apache/kerby/kerb-common/1.0.1/kerb-common-1.0.1.jar:/home/user/.m2/repository/org/apache/kerby/kerb-crypto/1.0.1/kerb-crypto-1.0.1.jar:/home/user/.m2/repository/org/apache/kerby/kerb-util/1.0.1/kerb-util-1.0.1.jar:/home/user/.m2/repository/org/apache/kerby/token-provider/1.0.1/token-provider-1.0.1.jar:/home/user/.m2/repository/org/apache/kerby/kerb-admin/1.0.1/kerb-admin-1.0.1.jar:/home/user/.m2/repository/org/apache/kerby/kerb-server/1.0.1/kerb-server-1.0.1.jar:/home/user/.m2/repository/org/apache/kerby/kerb-identity/1.0.1/kerb-identity-1.0.1.jar:/home/user/.m2/repository/org/apache/kerby/kerby-xdr/1.0.1/kerby-xdr-1.0.1.jar:/home/user/.m2/repository/org/slf4j/slf4j-log4j12/1.7.25/slf4j-log4j12-1.7.25.jar:/home/user/.m2/repository/org/apache/hadoop/hadoop-ozone-s3gateway/0.5.0-SNAPSHOT/hadoop-ozone-s3gateway-0.5.0-SNAPSHOT.jar:/home/user/.m2/repository/org/jboss/weld/servlet/weld-servlet/2.4.7.Final/weld-servlet-2.4.7.Final.jar:/home/user/.m2/repository/org/glassfish/jersey/containers/jersey-container-servlet-core/2.27/jersey-container-servlet-core-2.27.jar:/home/user/.m2/repository/org/glassfish/hk2/external/javax.inject/2.5.0-b42/javax.inject-2.5.0-b42.jar:/home/user/.m2/repository/org/glassfish/jersey/core/jersey-common/2.27/jersey-common-2.27.jar:/home/user/.m2/repository/org/glassfish/hk2/osgi-resource-locator/1.0.1/osgi-resource-locator-1.0.1.jar:/home/user/.m2/repository/javax/ws/rs/javax.ws.rs-api/2.1/javax.ws.rs-api-2.1.jar:/home/user/.m2/repository/org/glassfish/jersey/ext/cdi/jersey-cdi1x/2.27/jersey-cdi1x-2.27.jar:/home/user/.m2/repository/org/glassfish/jersey/inject/jersey-hk2/2.27/jersey-hk2-2.27.jar:/home/user/.m2/repository/org/glassfish/hk2/hk2-locator/2.5.0-b42/hk2-locator-2.5.0-b42.jar:/home/user/.m2/repository/org/javassist/javassist/3.22.0-CR2/javassist-3.22.0-CR2.jar:/home/user/.m2/repository/org/glassfish/hk2/hk2-api/2.5.0/hk2-api-2.5.0.jar:/home/user/.m2/repository/org/glassfish/hk2/external/jakarta.inject/2.5.0/jakarta.inject-2.5.0.jar:/home/user/.m2/repository/org/glassfish/hk2/hk2-utils/2.5.0/hk2-utils-2.5.0.jar:/home/user/.m2/repository/jakarta/annotation/jakarta.annotation-api/1.3.4/jakarta.annotation-api-1.3.4.jar:/home/user/.m2/repository/org/glassfish/hk2/external/aopalliance-repackaged/2.5.0/aopalliance-repackaged-2.5.0.jar:/home/user/.m2/repository/com/fasterxml/jackson/dataformat/jackson-dataformat-xml/2.9.0/jackson-dataformat-xml-2.9.0.jar:/home/user/.m2/repository/com/fasterxml/jackson/core/jackson-core/2.9.9/jackson-core-2.9.9.jar:/home/user/.m2/repository/com/fasterxml/jackson/module/jackson-module-jaxb-annotations/2.9.9/jackson-module-jaxb-annotations-2.9.9.jar:/home/user/.m2/repository/javax/enterprise/cdi-api/1.2/cdi-api-1.2.jar:/home/user/.m2/repository/javax/el/javax.el-api/3.0.0/javax.el-api-3.0.0.jar:/home/user/.m2/repository/javax/interceptor/javax.interceptor-api/1.2/javax.interceptor-api-1.2.jar:/home/user/.m2/repository/javax/inject/javax.inject/1/javax.inject-1.jar:/home/user/.m2/repository/com/sun/xml/bind/jaxb-impl/2.3.0.1/jaxb-impl-2.3.0.1.jar:/home/user/.m2/repository/com/sun/xml/bind/jaxb-core/2.3.0.1/jaxb-core-2.3.0.1.jar:/home/user/.m2/repository/javax/xml/bind/jaxb-api/2.3.0/jaxb-api-2.3.0.jar:/home/user/.m2/repository/javax/activation/activation/1.1.1/activation-1.1.1.jar:/home/user/.m2/repository/org/apache/hadoop/hadoop-ozone-csi/0.5.0-SNAPSHOT/hadoop-ozone-csi-0.5.0-SNAPSHOT.jar:/home/user/.m2/repository/com/google/protobuf/protobuf-java-util/3.5.1/protobuf-java-util-3.5.1.jar:/home/user/.m2/repository/org/apache/hadoop/hadoop-hdds-config/0.5.0-SNAPSHOT/hadoop-hdds-config-0.5.0-SNAPSHOT.jar:/home/user/.m2/repository/io/grpc/grpc-netty/1.17.1/grpc-netty-1.17.1.jar:/home/user/.m2/repository/io/grpc/grpc-core/1.17.1/grpc-core-1.17.1.jar:/home/user/.m2/repository/io/grpc/grpc-context/1.17.1/grpc-context-1.17.1.jar:/home/user/.m2/repository/com/google/errorprone/error_prone_annotations/2.2.0/error_prone_annotations-2.2.0.jar:/home/user/.m2/repository/org/codehaus/mojo/animal-sniffer-annotations/1.17/animal-sniffer-annotations-1.17.jar:/home/user/.m2/repository/io/opencensus/opencensus-api/0.17.0/opencensus-api-0.17.0.jar:/home/user/.m2/repository/io/opencensus/opencensus-contrib-grpc-metrics/0.17.0/opencensus-contrib-grpc-metrics-0.17.0.jar:/home/user/.m2/repository/io/netty/netty-codec-http2/4.1.30.Final/netty-codec-http2-4.1.30.Final.jar:/home/user/.m2/repository/io/netty/netty-codec-http/4.1.30.Final/netty-codec-http-4.1.30.Final.jar:/home/user/.m2/repository/io/netty/netty-codec/4.1.30.Final/netty-codec-4.1.30.Final.jar:/home/user/.m2/repository/io/netty/netty-handler/4.1.30.Final/netty-handler-4.1.30.Final.jar:/home/user/.m2/repository/io/netty/netty-handler-proxy/4.1.30.Final/netty-handler-proxy-4.1.30.Final.jar:/home/user/.m2/repository/io/netty/netty-codec-socks/4.1.30.Final/netty-codec-socks-4.1.30.Final.jar:/home/user/.m2/repository/io/netty/netty-transport-native-epoll/4.1.30.Final/netty-transport-native-epoll-4.1.30.Final.jar:/home/user/.m2/repository/io/netty/netty-common/4.1.30.Final/netty-common-4.1.30.Final.jar:/home/user/.m2/repository/io/netty/netty-buffer/4.1.30.Final/netty-buffer-4.1.30.Final.jar:/home/user/.m2/repository/io/netty/netty-transport/4.1.30.Final/netty-transport-4.1.30.Final.jar:/home/user/.m2/repository/io/netty/netty-resolver/4.1.30.Final/netty-resolver-4.1.30.Final.jar:/home/user/.m2/repository/io/netty/netty-transport-native-unix-common/4.1.30.Final/netty-transport-native-unix-common-4.1.30.Final.jar:/home/user/.m2/repository/io/grpc/grpc-protobuf/1.17.1/grpc-protobuf-1.17.1.jar:/home/user/.m2/repository/com/google/api/grpc/proto-google-common-protos/1.0.0/proto-google-common-protos-1.0.0.jar:/home/user/.m2/repository/io/grpc/grpc-protobuf-lite/1.17.1/grpc-protobuf-lite-1.17.1.jar:/home/user/.m2/repository/io/grpc/grpc-stub/1.17.1/grpc-stub-1.17.1.jar:/home/user/.m2/repository/org/apache/hadoop/hadoop-ozone-recon/0.5.0-SNAPSHOT/hadoop-ozone-recon-0.5.0-SNAPSHOT.jar:/home/user/.m2/repository/org/apache/hadoop/hadoop-ozone-reconcodegen/0.5.0-SNAPSHOT/hadoop-ozone-reconcodegen-0.5.0-SNAPSHOT.jar:/home/user/.m2/repository/com/google/inject/extensions/guice-multibindings/4.0/guice-multibindings-4.0.jar:/home/user/.m2/repository/com/google/inject/guice/4.0/guice-4.0.jar:/home/user/.m2/repository/aopalliance/aopalliance/1.0/aopalliance-1.0.jar:/home/user/.m2/repository/com/google/inject/extensions/guice-servlet/4.0/guice-servlet-4.0.jar:/home/user/.m2/repository/org/glassfish/jersey/containers/jersey-container-servlet/2.27/jersey-container-servlet-2.27.jar:/home/user/.m2/repository/org/glassfish/hk2/guice-bridge/2.5.0/guice-bridge-2.5.0.jar:/home/user/.m2/repository/org/glassfish/jersey/core/jersey-server/2.27/jersey-server-2.27.jar:/home/user/.m2/repository/org/glassfish/jersey/core/jersey-client/2.27/jersey-client-2.27.jar:/home/user/.m2/repository/org/glassfish/jersey/media/jersey-media-jaxb/2.27/jersey-media-jaxb-2.27.jar:/home/user/.m2/repository/javax/validation/validation-api/1.1.0.Final/validation-api-1.1.0.Final.jar:/home/user/.m2/repository/org/glassfish/jersey/media/jersey-media-json-jackson/2.27/jersey-media-json-jackson-2.27.jar:/home/user/.m2/repository/org/glassfish/jersey/ext/jersey-entity-filtering/2.27/jersey-entity-filtering-2.27.jar:/home/user/.m2/repository/com/google/inject/extensions/guice-assistedinject/4.0/guice-assistedinject-4.0.jar:/home/user/.m2/repository/org/jooq/jooq/3.11.10/jooq-3.11.10.jar:/home/user/.m2/repository/org/jooq/jooq-meta/3.11.10/jooq-meta-3.11.10.jar:/home/user/.m2/repository/org/jooq/jooq-codegen/3.11.10/jooq-codegen-3.11.10.jar:/home/user/.m2/repository/com/jolbox/bonecp/0.8.0.RELEASE/bonecp-0.8.0.RELEASE.jar:/home/user/.m2/repository/org/xerial/sqlite-jdbc/3.25.2/sqlite-jdbc-3.25.2.jar:/home/user/.m2/repository/org/springframework/spring-jdbc/5.1.3.RELEASE/spring-jdbc-5.1.3.RELEASE.jar:/home/user/.m2/repository/org/springframework/spring-beans/5.1.3.RELEASE/spring-beans-5.1.3.RELEASE.jar:/home/user/.m2/repository/org/springframework/spring-core/5.1.3.RELEASE/spring-core-5.1.3.RELEASE.jar:/home/user/.m2/repository/org/springframework/spring-jcl/5.1.3.RELEASE/spring-jcl-5.1.3.RELEASE.jar:/home/user/.m2/repository/org/springframework/spring-tx/5.1.3.RELEASE/spring-tx-5.1.3.RELEASE.jar:/home/user/.m2/repository/org/apache/hadoop/hadoop-ozone-client/0.5.0-SNAPSHOT/hadoop-ozone-client-0.5.0-SNAPSHOT.jar:/home/user/.m2/repository/commons-lang/commons-lang/2.6/commons-lang-2.6.jar:/home/user/.m2/repository/org/apache/hadoop/hadoop-ozone-ozone-manager/0.5.0-SNAPSHOT/hadoop-ozone-ozone-manager-0.5.0-SNAPSHOT-tests.jar:/home/user/.m2/repository/junit/junit/4.11/junit-4.11.jar:/home/user/.m2/repository/org/hamcrest/hamcrest-core/1.3/hamcrest-core-1.3.jar:/home/user/.m2/repository/org/openjdk/jmh/jmh-core/1.19/jmh-core-1.19.jar:/home/user/.m2/repository/net/sf/jopt-simple/jopt-simple/4.6/jopt-simple-4.6.jar:/home/user/.m2/repository/org/apache/commons/commons-math3/3.1.1/commons-math3-3.1.1.jar:/home/user/.m2/repository/org/openjdk/jmh/jmh-generator-annprocess/1.19/jmh-generator-annprocess-1.19.jar:/home/user/.m2/repository/org/mockito/mockito-all/1.8.5/mockito-all-1.8.5.jar:/home/user/.m2/repository/org/apache/hadoop/hadoop-kms/3.2.0/hadoop-kms-3.2.0.jar:/home/user/.m2/repository/org/apache/hadoop/hadoop-auth/3.2.0/hadoop-auth-3.2.0.jar:/home/user/.m2/repository/com/nimbusds/nimbus-jose-jwt/4.41.1/nimbus-jose-jwt-4.41.1.jar:/home/user/.m2/repository/com/github/stephenc/jcip/jcip-annotations/1.0-1/jcip-annotations-1.0-1.jar:/home/user/.m2/repository/net/minidev/json-smart/2.3/json-smart-2.3.jar:/home/user/.m2/repository/net/minidev/accessors-smart/1.2/accessors-smart-1.2.jar:/home/user/.m2/repository/org/ow2/asm/asm/5.0.4/asm-5.0.4.jar:/home/user/.m2/repository/org/apache/curator/curator-framework/2.12.0/curator-framework-2.12.0.jar:/home/user/.m2/repository/com/sun/jersey/jersey-core/1.19/jersey-core-1.19.jar:/home/user/.m2/repository/javax/ws/rs/jsr311-api/1.1.1/jsr311-api-1.1.1.jar:/home/user/.m2/repository/com/sun/jersey/jersey-server/1.19/jersey-server-1.19.jar:/home/user/.m2/repository/javax/servlet/javax.servlet-api/3.1.0/javax.servlet-api-3.1.0.jar:/home/user/.m2/repository/org/eclipse/jetty/jetty-server/9.3.25.v20180904/jetty-server-9.3.25.v20180904.jar:/home/user/.m2/repository/org/eclipse/jetty/jetty-http/9.3.25.v20180904/jetty-http-9.3.25.v20180904.jar:/home/user/.m2/repository/org/eclipse/jetty/jetty-io/9.3.25.v20180904/jetty-io-9.3.25.v20180904.jar:/home/user/.m2/repository/org/eclipse/jetty/jetty-webapp/9.3.25.v20180904/jetty-webapp-9.3.25.v20180904.jar:/home/user/.m2/repository/org/eclipse/jetty/jetty-xml/9.3.25.v20180904/jetty-xml-9.3.25.v20180904.jar:/home/user/.m2/repository/log4j/log4j/1.2.17/log4j-1.2.17.jar:/home/user/.m2/repository/org/slf4j/slf4j-api/1.7.25/slf4j-api-1.7.25.jar:/home/user/.m2/repository/org/slf4j/jul-to-slf4j/1.7.25/jul-to-slf4j-1.7.25.jar:/home/user/.m2/repository/org/eclipse/jetty/jetty-util/9.3.25.v20180904/jetty-util-9.3.25.v20180904.jar:/home/user/.m2/repository/com/fasterxml/jackson/core/jackson-databind/2.9.9/jackson-databind-2.9.9.jar:/home/user/.m2/repository/org/apache/hadoop/hadoop-kms/3.2.0/hadoop-kms-3.2.0-tests.jar:/home/user/.m2/repository/org/apache/hadoop/hadoop-hdds-server-scm/0.5.0-SNAPSHOT/hadoop-hdds-server-scm-0.5.0-SNAPSHOT-tests.jar:/home/user/.m2/repository/org/apache/hadoop/hadoop-hdds-container-service/0.5.0-SNAPSHOT/hadoop-hdds-container-service-0.5.0-SNAPSHOT-tests.jar:/home/user/.m2/repository/org/yaml/snakeyaml/1.16/snakeyaml-1.16.jar:/home/user/.m2/repository/org/apache/hadoop/hadoop-common/3.2.0/hadoop-common-3.2.0-tests.jar:/home/user/.m2/repository/org/apache/hadoop/hadoop-annotations/3.2.0/hadoop-annotations-3.2.0.jar:/usr/lib/jvm/java-1.8-openjdk/jre/../lib/tools.jar:/home/user/.m2/repository/commons-cli/commons-cli/1.2/commons-cli-1.2.jar:/home/user/.m2/repository/org/apache/httpcomponents/httpclient/4.5.2/httpclient-4.5.2.jar:/home/user/.m2/repository/org/apache/httpcomponents/httpcore/4.4.4/httpcore-4.4.4.jar:/home/user/.m2/repository/commons-codec/commons-codec/1.11/commons-codec-1.11.jar:/home/user/.m2/repository/commons-net/commons-net/3.6/commons-net-3.6.jar:/home/user/.m2/repository/commons-collections/commons-collections/3.2.2/commons-collections-3.2.2.jar:/home/user/.m2/repository/org/eclipse/jetty/jetty-servlet/9.3.25.v20180904/jetty-servlet-9.3.25.v20180904.jar:/home/user/.m2/repository/org/eclipse/jetty/jetty-security/9.3.25.v20180904/jetty-security-9.3.25.v20180904.jar:/home/user/.m2/repository/javax/servlet/jsp/jsp-api/2.1/jsp-api-2.1.jar:/home/user/.m2/repository/com/sun/jersey/jersey-servlet/1.19/jersey-servlet-1.19.jar:/home/user/.m2/repository/com/sun/jersey/jersey-json/1.19/jersey-json-1.19.jar:/home/user/.m2/repository/org/codehaus/jettison/jettison/1.1/jettison-1.1.jar:/home/user/.m2/repository/org/codehaus/jackson/jackson-core-asl/1.9.13/jackson-core-asl-1.9.13.jar:/home/user/.m2/repository/org/codehaus/jackson/jackson-mapper-asl/1.9.13/jackson-mapper-asl-1.9.13.jar:/home/user/.m2/repository/org/codehaus/jackson/jackson-jaxrs/1.9.13/jackson-jaxrs-1.9.13.jar:/home/user/.m2/repository/org/codehaus/jackson/jackson-xc/1.9.13/jackson-xc-1.9.13.jar:/home/user/.m2/repository/commons-logging/commons-logging/1.1.3/commons-logging-1.1.3.jar:/home/user/.m2/repository/commons-beanutils/commons-beanutils/1.9.4/commons-beanutils-1.9.4.jar:/home/user/.m2/repository/org/apache/commons/commons-configuration2/2.1.1/commons-configuration2-2.1.1.jar:/home/user/.m2/repository/org/apache/commons/commons-lang3/3.7/commons-lang3-3.7.jar:/home/user/.m2/repository/org/apache/commons/commons-text/1.4/commons-text-1.4.jar:/home/user/.m2/repository/org/apache/avro/avro/1.7.7/avro-1.7.7.jar:/home/user/.m2/repository/com/thoughtworks/paranamer/paranamer/2.3/paranamer-2.3.jar:/home/user/.m2/repository/org/xerial/snappy/snappy-java/1.0.5/snappy-java-1.0.5.jar:/home/user/.m2/repository/com/google/re2j/re2j/1.1/re2j-1.1.jar:/home/user/.m2/repository/com/google/code/gson/gson/2.2.4/gson-2.2.4.jar:/home/user/.m2/repository/com/jcraft/jsch/0.1.54/jsch-0.1.54.jar:/home/user/.m2/repository/org/apache/curator/curator-client/2.12.0/curator-client-2.12.0.jar:/home/user/.m2/repository/org/apache/curator/curator-recipes/2.12.0/curator-recipes-2.12.0.jar:/home/user/.m2/repository/com/google/code/findbugs/jsr305/3.0.0/jsr305-3.0.0.jar:/home/user/.m2/repository/org/apache/htrace/htrace-core4/4.1.0-incubating/htrace-core4-4.1.0-incubating.jar:/home/user/.m2/repository/org/apache/zookeeper/zookeeper/3.4.13/zookeeper-3.4.13.jar:/home/user/.m2/repository/jline/jline/0.9.94/jline-0.9.94.jar:/home/user/.m2/repository/org/apache/yetus/audience-annotations/0.5.0/audience-annotations-0.5.0.jar:/home/user/.m2/repository/org/codehaus/woodstox/stax2-api/3.1.4/stax2-api-3.1.4.jar:/home/user/.m2/repository/com/fasterxml/woodstox/woodstox-core/5.0.3/woodstox-core-5.0.3.jar:/home/user/.m2/repository/dnsjava/dnsjava/2.1.7/dnsjava-2.1.7.jar:/home/user/.m2/repository/org/apache/hadoop/hadoop-hdfs/3.2.0/hadoop-hdfs-3.2.0-tests.jar:/home/user/.m2/repository/org/eclipse/jetty/jetty-util-ajax/9.3.25.v20180904/jetty-util-ajax-9.3.25.v20180904.jar:/home/user/.m2/repository/commons-daemon/commons-daemon/1.0.13/commons-daemon-1.0.13.jar:/home/user/.m2/repository/io/netty/netty/3.10.5.Final/netty-3.10.5.Final.jar:/home/user/.m2/repository/io/netty/netty-all/4.0.52.Final/netty-all-4.0.52.Final.jar:/home/user/.m2/repository/org/fusesource/leveldbjni/leveldbjni-all/1.8/leveldbjni-all-1.8.jar:"/>
    <property name="sun.cpu.endian" value="little"/>
    <property name="user.home" value="/home/user"/>
    <property name="user.language" value="en"/>
    <property name="java.specification.vendor" value="Oracle Corporation"/>
    <property name="java.home" value="/usr/lib/jvm/java-1.8-openjdk/jre"/>
    <property name="surefire.excludesFile" value="/tools/ozone-bad-unit-tests"/>
    <property name="java.security.krb5.conf" value="/workdir/hadoop-ozone/integration-test/target/test-classes/krb5.conf"/>
    <property name="basedir" value="/workdir/hadoop-ozone/integration-test"/>
    <property name="file.separator" value="/"/>
    <property name="line.separator" value="&#10;"/>
    <property name="java.vm.specification.vendor" value="Oracle Corporation"/>
    <property name="java.specification.name" value="Java Platform API Specification"/>
    <property name="java.awt.graphicsenv" value="sun.awt.X11GraphicsEnvironment"/>
    <property name="surefire.real.class.path" value="/workdir/hadoop-ozone/integration-test/target/surefire/surefirebooter4157311448215427732.jar"/>
    <property name="hadoop.log.dir" value="/workdir/hadoop-ozone/integration-test/target/log"/>
    <property name="sun.boot.class.path" value="/usr/lib/jvm/java-1.8-openjdk/jre/lib/resources.jar:/usr/lib/jvm/java-1.8-openjdk/jre/lib/rt.jar:/usr/lib/jvm/java-1.8-openjdk/jre/lib/sunrsasign.jar:/usr/lib/jvm/java-1.8-openjdk/jre/lib/jsse.jar:/usr/lib/jvm/java-1.8-openjdk/jre/lib/jce.jar:/usr/lib/jvm/java-1.8-openjdk/jre/lib/charsets.jar:/usr/lib/jvm/java-1.8-openjdk/jre/lib/jfr.jar:/usr/lib/jvm/java-1.8-openjdk/jre/classes"/>
    <property name="sun.management.compiler" value="HotSpot 64-Bit Tiered Compilers"/>
    <property name="java.runtime.version" value="1.8.0_212-b04"/>
    <property name="java.net.preferIPv4Stack" value="true"/>
    <property name="user.name" value="jenkins1000"/>
    <property name="path.separator" value=":"/>
    <property name="java.security.egd" value="file:///dev/urandom"/>
    <property name="os.version" value="3.10.0-957.12.2.el7.x86_64"/>
    <property name="java.endorsed.dirs" value="/usr/lib/jvm/java-1.8-openjdk/jre/lib/endorsed"/>
    <property name="java.runtime.name" value="OpenJDK Runtime Environment"/>
    <property name="file.encoding" value="UTF-8"/>
    <property name="java.vm.name" value="OpenJDK 64-Bit Server VM"/>
    <property name="test.build.webapps" value=""/>
    <property name="localRepository" value="/home/user/.m2/repository"/>
    <property name="java.vendor.url.bug" value="https://icedtea.classpath.org/bugzilla"/>
    <property name="java.io.tmpdir" value="/tmp"/>
    <property name="require.test.libhadoop" value=""/>
    <property name="java.version" value="1.8.0_212"/>
    <property name="user.dir" value="/workdir/hadoop-ozone/integration-test"/>
    <property name="os.arch" value="amd64"/>
    <property name="java.vm.specification.name" value="Java Virtual Machine Specification"/>
    <property name="test.build.classes" value="/workdir/hadoop-ozone/integration-test/target/test-classes"/>
    <property name="java.awt.printerjob" value="sun.print.PSPrinterJob"/>
    <property name="sun.os.patch.level" value="unknown"/>
    <property name="hadoop.tmp.dir" value="/workdir/hadoop-ozone/integration-test/target/tmp"/>
    <property name="java.library.path" value="/usr/lib/jvm/java-1.8-openjdk/jre/lib/amd64/server:/usr/lib/jvm/java-1.8-openjdk/jre/lib/amd64:/usr/lib/jvm/java-1.8-openjdk/jre/../lib/amd64:/workdir/hadoop-ozone/integration-test/target/native/target/usr/local/lib:/workdir/hadoop-ozone/integration-test/../../hadoop-common-project/hadoop-common/target/native/target/usr/local/lib:/usr/java/packages/lib/amd64:/usr/lib64:/lib64:/lib:/usr/lib"/>
    <property name="java.vm.info" value="mixed mode"/>
    <property name="java.vendor" value="IcedTea"/>
    <property name="java.vm.version" value="25.212-b04"/>
    <property name="java.ext.dirs" value="/usr/lib/jvm/java-1.8-openjdk/jre/lib/ext:/usr/java/packages/lib/ext"/>
    <property name="sun.io.unicode.encoding" value="UnicodeLittle"/>
    <property name="java.class.version" value="52.0"/>
  </properties>
  <testcase name="testWatchForCommitWithKeyWrite" classname="org.apache.hadoop.ozone.client.rpc.TestWatchForCommit" time="81.488"/>
  <testcase name="testWatchForCommitWithSmallerTimeoutValue" classname="org.apache.hadoop.ozone.client.rpc.TestWatchForCommit" time="42.519"/>
  <testcase name="testWatchForCommitForRetryfailure" classname="org.apache.hadoop.ozone.client.rpc.TestWatchForCommit" time="61.454">
    <failure type="java.lang.AssertionError">java.lang.AssertionError
	at org.junit.Assert.fail(Assert.java:86)
	at org.junit.Assert.assertTrue(Assert.java:41)
	at org.junit.Assert.assertTrue(Assert.java:52)
	at org.apache.hadoop.ozone.client.rpc.TestWatchForCommit.testWatchForCommitForRetryfailure(TestWatchForCommit.java:348)
	at sun.reflect.NativeMethodAccessorImpl.invoke0(Native Method)
	at sun.reflect.NativeMethodAccessorImpl.invoke(NativeMethodAccessorImpl.java:62)
	at sun.reflect.DelegatingMethodAccessorImpl.invoke(DelegatingMethodAccessorImpl.java:43)
	at java.lang.reflect.Method.invoke(Method.java:498)
	at org.junit.runners.model.FrameworkMethod$1.runReflectiveCall(FrameworkMethod.java:47)
	at org.junit.internal.runners.model.ReflectiveCallable.run(ReflectiveCallable.java:12)
	at org.junit.runners.model.FrameworkMethod.invokeExplosively(FrameworkMethod.java:44)
	at org.junit.internal.runners.statements.InvokeMethod.evaluate(InvokeMethod.java:17)
	at org.junit.runners.ParentRunner.runLeaf(ParentRunner.java:271)
	at org.junit.runners.BlockJUnit4ClassRunner.runChild(BlockJUnit4ClassRunner.java:70)
	at org.junit.runners.BlockJUnit4ClassRunner.runChild(BlockJUnit4ClassRunner.java:50)
	at org.junit.runners.ParentRunner$3.run(ParentRunner.java:238)
	at org.junit.runners.ParentRunner$1.schedule(ParentRunner.java:63)
	at org.junit.runners.ParentRunner.runChildren(ParentRunner.java:236)
	at org.junit.runners.ParentRunner.access$000(ParentRunner.java:53)
	at org.junit.runners.ParentRunner$2.evaluate(ParentRunner.java:229)
	at org.junit.runners.ParentRunner.run(ParentRunner.java:309)
	at org.apache.maven.surefire.junit4.JUnit4Provider.execute(JUnit4Provider.java:365)
	at org.apache.maven.surefire.junit4.JUnit4Provider.executeWithRerun(JUnit4Provider.java:273)
	at org.apache.maven.surefire.junit4.JUnit4Provider.executeTestSet(JUnit4Provider.java:238)
	at org.apache.maven.surefire.junit4.JUnit4Provider.invoke(JUnit4Provider.java:159)
	at org.apache.maven.surefire.booter.ForkedBooter.invokeProviderInSameClassLoader(ForkedBooter.java:384)
	at org.apache.maven.surefire.booter.ForkedBooter.runSuitesInProcess(ForkedBooter.java:345)
	at org.apache.maven.surefire.booter.ForkedBooter.execute(ForkedBooter.java:126)
	at org.apache.maven.surefire.booter.ForkedBooter.main(ForkedBooter.java:418)
</failure>
    <system-out><![CDATA[2019-10-14 12:30:26,241 [main] WARN  server.ServerUtils (ServerUtils.java:getScmDbDir(145)) - ozone.scm.db.dirs is not configured. We recommend adding this setting. Falling back to ozone.metadata.dirs instead.
2019-10-14 12:30:26,257 [main] WARN  server.ServerUtils (ServerUtils.java:getScmDbDir(145)) - ozone.scm.db.dirs is not configured. We recommend adding this setting. Falling back to ozone.metadata.dirs instead.
2019-10-14 12:30:26,257 [main] WARN  server.ServerUtils (ServerUtils.java:getScmDbDir(145)) - ozone.scm.db.dirs is not configured. We recommend adding this setting. Falling back to ozone.metadata.dirs instead.
2019-10-14 12:30:26,258 [main] INFO  db.DBStoreBuilder (DBStoreBuilder.java:addTable(117)) - using custom profile for table: deletedBlocks
2019-10-14 12:30:26,258 [main] INFO  db.DBStoreBuilder (DBStoreBuilder.java:processTables(168)) - Using default column profile:DBProfile.DISK for Table:deletedBlocks
2019-10-14 12:30:26,258 [main] INFO  db.DBStoreBuilder (DBStoreBuilder.java:addTable(117)) - using custom profile for table: validCerts
2019-10-14 12:30:26,258 [main] INFO  db.DBStoreBuilder (DBStoreBuilder.java:processTables(168)) - Using default column profile:DBProfile.DISK for Table:validCerts
2019-10-14 12:30:26,259 [main] INFO  db.DBStoreBuilder (DBStoreBuilder.java:addTable(117)) - using custom profile for table: revokedCerts
2019-10-14 12:30:26,259 [main] INFO  db.DBStoreBuilder (DBStoreBuilder.java:processTables(168)) - Using default column profile:DBProfile.DISK for Table:revokedCerts
2019-10-14 12:30:26,259 [main] INFO  db.DBStoreBuilder (DBStoreBuilder.java:addTable(117)) - using custom profile for table: default
2019-10-14 12:30:26,259 [main] INFO  db.DBStoreBuilder (DBStoreBuilder.java:processTables(174)) - Using default column profile:DBProfile.DISK for Table:default
2019-10-14 12:30:26,259 [main] INFO  db.DBStoreBuilder (DBStoreBuilder.java:getDbProfile(205)) - Using default options. DBProfile.DISK
2019-10-14 12:30:26,476 [main] INFO  net.NodeSchemaLoader (NodeSchemaLoader.java:loadSchemaFromFile(125)) - Loading file from sun.misc.CompoundEnumeration@2792b416
2019-10-14 12:30:26,476 [main] INFO  net.NodeSchemaLoader (NodeSchemaLoader.java:loadSchema(171)) - Loading network topology layer schema file
2019-10-14 12:30:26,481 [main] WARN  server.ServerUtils (ServerUtils.java:sanitizeUserArgs(70)) - ozone.scm.stale.node.interval value = 300000 is larger than max = 100000 based on the key value of ozone.scm.heartbeat.thread.interval, reset to the max value 100000.
2019-10-14 12:30:26,481 [main] WARN  server.ServerUtils (ServerUtils.java:sanitizeUserArgs(70)) - ozone.scm.stale.node.interval value = 300000 is larger than max = 100000 based on the key value of ozone.scm.heartbeat.thread.interval, reset to the max value 100000.
2019-10-14 12:30:26,482 [main] INFO  node.SCMNodeManager (SCMNodeManager.java:<init>(117)) - Entering startup safe mode.
2019-10-14 12:30:26,482 [main] INFO  algorithms.ContainerPlacementPolicyFactory (ContainerPlacementPolicyFactory.java:getPolicy(57)) - Create container placement policy of type org.apache.hadoop.hdds.scm.container.placement.algorithms.SCMContainerPlacementRandom
2019-10-14 12:30:26,483 [main] WARN  server.ServerUtils (ServerUtils.java:getScmDbDir(145)) - ozone.scm.db.dirs is not configured. We recommend adding this setting. Falling back to ozone.metadata.dirs instead.
2019-10-14 12:30:26,563 [main] INFO  pipeline.SCMPipelineManager (SCMPipelineManager.java:initializePipelineState(132)) - No pipeline exists in current db
2019-10-14 12:30:26,563 [main] WARN  server.ServerUtils (ServerUtils.java:getScmDbDir(145)) - ozone.scm.db.dirs is not configured. We recommend adding this setting. Falling back to ozone.metadata.dirs instead.
2019-10-14 12:30:26,646 [main] WARN  events.EventQueue (EventQueue.java:fireEvent(183)) - No event handler registered for event TypedEvent{payloadType=SafeModeStatus, name='SafeModeStatus'}
2019-10-14 12:30:26,648 [main] INFO  ipc.CallQueueManager (CallQueueManager.java:<init>(84)) - Using callQueue: class java.util.concurrent.LinkedBlockingQueue, queueCapacity: 2000, scheduler: class org.apache.hadoop.ipc.DefaultRpcScheduler, ipcBackoff: false.
2019-10-14 12:30:26,649 [Socket Reader #1 for port 40862] INFO  ipc.Server (Server.java:run(1074)) - Starting Socket Reader #1 for port 40862
2019-10-14 12:30:26,651 [main] INFO  ipc.CallQueueManager (CallQueueManager.java:<init>(84)) - Using callQueue: class java.util.concurrent.LinkedBlockingQueue, queueCapacity: 2000, scheduler: class org.apache.hadoop.ipc.DefaultRpcScheduler, ipcBackoff: false.
2019-10-14 12:30:26,652 [Socket Reader #1 for port 46223] INFO  ipc.Server (Server.java:run(1074)) - Starting Socket Reader #1 for port 46223
2019-10-14 12:30:26,654 [main] INFO  ipc.CallQueueManager (CallQueueManager.java:<init>(84)) - Using callQueue: class java.util.concurrent.LinkedBlockingQueue, queueCapacity: 2000, scheduler: class org.apache.hadoop.ipc.DefaultRpcScheduler, ipcBackoff: false.
2019-10-14 12:30:26,654 [Socket Reader #1 for port 40439] INFO  ipc.Server (Server.java:run(1074)) - Starting Socket Reader #1 for port 40439
2019-10-14 12:30:26,657 [main] INFO  hdfs.DFSUtil (DFSUtil.java:httpServerTemplateForNNAndJN(1641)) - Starting Web-server for scm at: http://0.0.0.0:0
2019-10-14 12:30:26,660 [main] INFO  server.AuthenticationFilter (AuthenticationFilter.java:constructSecretProvider(240)) - Unable to initialize FileSignerSecretProvider, falling back to use random secrets.
2019-10-14 12:30:26,660 [main] WARN  http.HttpRequestLog (HttpRequestLog.java:getRequestLog(97)) - Jetty request log can only be enabled using Log4j
2019-10-14 12:30:26,663 [main] INFO  http.HttpServer2 (HttpServer2.java:addGlobalFilter(975)) - Added global filter 'safety' (class=org.apache.hadoop.http.HttpServer2$QuotingInputFilter)
2019-10-14 12:30:26,664 [main] INFO  http.HttpServer2 (HttpServer2.java:addFilter(948)) - Added filter static_user_filter (class=org.apache.hadoop.http.lib.StaticUserWebFilter$StaticUserFilter) to context scm
2019-10-14 12:30:26,664 [main] INFO  http.HttpServer2 (HttpServer2.java:addFilter(958)) - Added filter static_user_filter (class=org.apache.hadoop.http.lib.StaticUserWebFilter$StaticUserFilter) to context logs
2019-10-14 12:30:26,665 [main] INFO  http.HttpServer2 (HttpServer2.java:addFilter(958)) - Added filter static_user_filter (class=org.apache.hadoop.http.lib.StaticUserWebFilter$StaticUserFilter) to context static
2019-10-14 12:30:26,668 [main] INFO  server.StorageContainerManager (StorageContainerManager.java:start(777)) - StorageContainerLocationProtocol RPC server is listening at /0.0.0.0:40439
2019-10-14 12:30:26,670 [main] WARN  impl.MetricsConfig (MetricsConfig.java:loadFirst(134)) - Cannot locate configuration: tried hadoop-metrics2-storagecontainermanager.properties,hadoop-metrics2.properties
2019-10-14 12:30:26,672 [main] INFO  impl.MetricsSystemImpl (MetricsSystemImpl.java:startTimer(374)) - Scheduled Metric snapshot period at 10 second(s).
2019-10-14 12:30:26,672 [main] INFO  impl.MetricsSystemImpl (MetricsSystemImpl.java:start(191)) - StorageContainerManager metrics system started
2019-10-14 12:30:26,732 [main] INFO  lib.Interns (Interns.java:removeEldestEntry(50)) - Metrics intern cache overflow at 2011 for MetricsSystem={MetricsSystem=MetricsInfoImpl{name=MetricsSystem, description=MetricsSystem}, MetricsSystem record=MetricsInfoImpl{name=MetricsSystem, description=MetricsSystem record}}
2019-10-14 12:30:26,737 [main] WARN  impl.MetricsSystemImpl (MetricsSystemImpl.java:register(276)) - Sink prometheus already exists!
2019-10-14 12:30:26,776 [main] INFO  server.SCMClientProtocolServer (SCMClientProtocolServer.java:start(159)) - RPC server for Client  is listening at /0.0.0.0:40439
2019-10-14 12:30:26,776 [IPC Server Responder] INFO  ipc.Server (Server.java:run(1314)) - IPC Server Responder: starting
2019-10-14 12:30:26,776 [IPC Server listener on 40439] INFO  ipc.Server (Server.java:run(1153)) - IPC Server listener on 40439: starting
2019-10-14 12:30:26,781 [main] INFO  server.StorageContainerManager (StorageContainerManager.java:start(787)) - ScmBlockLocationProtocol RPC server is listening at /0.0.0.0:46223
2019-10-14 12:30:26,781 [main] INFO  server.SCMBlockProtocolServer (SCMBlockProtocolServer.java:start(146)) - RPC server for Block Protocol is listening at /0.0.0.0:46223
2019-10-14 12:30:26,782 [IPC Server Responder] INFO  ipc.Server (Server.java:run(1314)) - IPC Server Responder: starting
2019-10-14 12:30:26,782 [IPC Server listener on 46223] INFO  ipc.Server (Server.java:run(1153)) - IPC Server listener on 46223: starting
2019-10-14 12:30:26,786 [main] INFO  server.StorageContainerManager (StorageContainerManager.java:start(791)) - ScmDatanodeProtocl RPC server is listening at /0.0.0.0:40862
2019-10-14 12:30:26,786 [main] INFO  server.SCMDatanodeProtocolServer (SCMDatanodeProtocolServer.java:start(169)) - RPC server for DataNodes is listening at /0.0.0.0:40862
2019-10-14 12:30:26,786 [IPC Server Responder] INFO  ipc.Server (Server.java:run(1314)) - IPC Server Responder: starting
2019-10-14 12:30:26,786 [IPC Server listener on 40862] INFO  ipc.Server (Server.java:run(1153)) - IPC Server listener on 40862: starting
2019-10-14 12:30:26,790 [main] INFO  http.HttpServer2 (HttpServer2.java:bindListener(1191)) - Jetty bound to port 42126
2019-10-14 12:30:26,790 [main] INFO  server.Server (Server.java:doStart(351)) - jetty-9.3.25.v20180904, build timestamp: 2018-09-04T21:11:46Z, git hash: 3ce520221d0240229c862b122d2b06c12a625732
2019-10-14 12:30:26,792 [main] INFO  handler.ContextHandler (ContextHandler.java:doStart(781)) - Started o.e.j.s.ServletContextHandler@9dada78{/logs,file:///workdir/hadoop-ozone/integration-test/target/log,AVAILABLE}
2019-10-14 12:30:26,792 [main] INFO  handler.ContextHandler (ContextHandler.java:doStart(781)) - Started o.e.j.s.ServletContextHandler@2c829dbc{/static,file:///workdir/hadoop-ozone/integration-test/target/test-classes/webapps/static,AVAILABLE}
2019-10-14 12:30:26,797 [main] INFO  handler.ContextHandler (ContextHandler.java:doStart(781)) - Started o.e.j.w.WebAppContext@19bedeb8{/,file:///workdir/hadoop-ozone/integration-test/target/test-classes/webapps/scm/,AVAILABLE}{/scm}
2019-10-14 12:30:26,797 [main] INFO  server.AbstractConnector (AbstractConnector.java:doStart(278)) - Started ServerConnector@1ba467c2{HTTP/1.1,[http/1.1]}{0.0.0.0:42126}
2019-10-14 12:30:26,798 [main] INFO  server.Server (Server.java:doStart(419)) - Started @124994ms
2019-10-14 12:30:26,798 [main] WARN  impl.MetricsSystemImpl (MetricsSystemImpl.java:register(276)) - Sink prometheus already exists!
2019-10-14 12:30:26,799 [main] INFO  server.BaseHttpServer (BaseHttpServer.java:updateConnectorAddress(215)) - HTTP server of SCM is listening at http://0.0.0.0:42126
2019-10-14 12:30:26,800 [main] WARN  server.ServerUtils (ServerUtils.java:getDBPath(222)) - ozone.om.db.dirs is not configured. We recommend adding this setting. Falling back to ozone.metadata.dirs instead.
2019-10-14 12:30:26,800 [org.apache.hadoop.util.JvmPauseMonitor$Monitor@7ef8eda7] INFO  util.JvmPauseMonitor (JvmPauseMonitor.java:run(188)) - Starting JVM pause monitor
2019-10-14 12:30:26,814 [main] INFO  ha.OMHANodeDetails (OMHANodeDetails.java:loadOMHAConfig(190)) - Configuration either no ozone.om.address set. Falling back to the default OM address /127.0.0.1:0
2019-10-14 12:30:26,814 [main] INFO  ha.OMHANodeDetails (OMHANodeDetails.java:getOMNodeDetails(220)) - OM Service ID is not set. Setting it to the default ID: omServiceIdDefault
2019-10-14 12:30:26,815 [main] WARN  server.ServerUtils (ServerUtils.java:getDBPath(222)) - ozone.om.db.dirs is not configured. We recommend adding this setting. Falling back to ozone.metadata.dirs instead.
2019-10-14 12:30:26,815 [main] WARN  server.ServerUtils (ServerUtils.java:getDBPath(222)) - ozone.om.db.dirs is not configured. We recommend adding this setting. Falling back to ozone.metadata.dirs instead.
2019-10-14 12:30:26,823 [main] WARN  server.ServerUtils (ServerUtils.java:getDBPath(222)) - ozone.om.db.dirs is not configured. We recommend adding this setting. Falling back to ozone.metadata.dirs instead.
2019-10-14 12:30:26,823 [main] INFO  db.DBStoreBuilder (DBStoreBuilder.java:addTable(117)) - using custom profile for table: userTable
2019-10-14 12:30:26,824 [main] INFO  db.DBStoreBuilder (DBStoreBuilder.java:processTables(168)) - Using default column profile:DBProfile.DISK for Table:userTable
2019-10-14 12:30:26,824 [main] INFO  db.DBStoreBuilder (DBStoreBuilder.java:addTable(117)) - using custom profile for table: volumeTable
2019-10-14 12:30:26,824 [main] INFO  db.DBStoreBuilder (DBStoreBuilder.java:processTables(168)) - Using default column profile:DBProfile.DISK for Table:volumeTable
2019-10-14 12:30:26,824 [main] INFO  db.DBStoreBuilder (DBStoreBuilder.java:addTable(117)) - using custom profile for table: bucketTable
2019-10-14 12:30:26,824 [main] INFO  db.DBStoreBuilder (DBStoreBuilder.java:processTables(168)) - Using default column profile:DBProfile.DISK for Table:bucketTable
2019-10-14 12:30:26,824 [main] INFO  db.DBStoreBuilder (DBStoreBuilder.java:addTable(117)) - using custom profile for table: keyTable
2019-10-14 12:30:26,825 [main] INFO  db.DBStoreBuilder (DBStoreBuilder.java:processTables(168)) - Using default column profile:DBProfile.DISK for Table:keyTable
2019-10-14 12:30:26,825 [main] INFO  db.DBStoreBuilder (DBStoreBuilder.java:addTable(117)) - using custom profile for table: deletedTable
2019-10-14 12:30:26,825 [main] INFO  db.DBStoreBuilder (DBStoreBuilder.java:processTables(168)) - Using default column profile:DBProfile.DISK for Table:deletedTable
2019-10-14 12:30:26,825 [main] INFO  db.DBStoreBuilder (DBStoreBuilder.java:addTable(117)) - using custom profile for table: openKeyTable
2019-10-14 12:30:26,825 [main] INFO  db.DBStoreBuilder (DBStoreBuilder.java:processTables(168)) - Using default column profile:DBProfile.DISK for Table:openKeyTable
2019-10-14 12:30:26,825 [main] INFO  db.DBStoreBuilder (DBStoreBuilder.java:addTable(117)) - using custom profile for table: s3Table
2019-10-14 12:30:26,826 [main] INFO  db.DBStoreBuilder (DBStoreBuilder.java:processTables(168)) - Using default column profile:DBProfile.DISK for Table:s3Table
2019-10-14 12:30:26,826 [main] INFO  db.DBStoreBuilder (DBStoreBuilder.java:addTable(117)) - using custom profile for table: multipartInfoTable
2019-10-14 12:30:26,826 [main] INFO  db.DBStoreBuilder (DBStoreBuilder.java:processTables(168)) - Using default column profile:DBProfile.DISK for Table:multipartInfoTable
2019-10-14 12:30:26,826 [main] INFO  db.DBStoreBuilder (DBStoreBuilder.java:addTable(117)) - using custom profile for table: dTokenTable
2019-10-14 12:30:26,826 [main] INFO  db.DBStoreBuilder (DBStoreBuilder.java:processTables(168)) - Using default column profile:DBProfile.DISK for Table:dTokenTable
2019-10-14 12:30:26,826 [main] INFO  db.DBStoreBuilder (DBStoreBuilder.java:addTable(117)) - using custom profile for table: s3SecretTable
2019-10-14 12:30:26,827 [main] INFO  db.DBStoreBuilder (DBStoreBuilder.java:processTables(168)) - Using default column profile:DBProfile.DISK for Table:s3SecretTable
2019-10-14 12:30:26,827 [main] INFO  db.DBStoreBuilder (DBStoreBuilder.java:addTable(117)) - using custom profile for table: prefixTable
2019-10-14 12:30:26,827 [main] INFO  db.DBStoreBuilder (DBStoreBuilder.java:processTables(168)) - Using default column profile:DBProfile.DISK for Table:prefixTable
2019-10-14 12:30:26,827 [main] INFO  db.DBStoreBuilder (DBStoreBuilder.java:addTable(117)) - using custom profile for table: default
2019-10-14 12:30:26,827 [main] INFO  db.DBStoreBuilder (DBStoreBuilder.java:processTables(174)) - Using default column profile:DBProfile.DISK for Table:default
2019-10-14 12:30:26,827 [main] INFO  db.DBStoreBuilder (DBStoreBuilder.java:getDbProfile(205)) - Using default options. DBProfile.DISK
2019-10-14 12:30:27,466 [main] INFO  ipc.CallQueueManager (CallQueueManager.java:<init>(84)) - Using callQueue: class java.util.concurrent.LinkedBlockingQueue, queueCapacity: 2000, scheduler: class org.apache.hadoop.ipc.DefaultRpcScheduler, ipcBackoff: false.
2019-10-14 12:30:27,467 [Socket Reader #1 for port 34653] INFO  ipc.Server (Server.java:run(1074)) - Starting Socket Reader #1 for port 34653
2019-10-14 12:30:27,485 [main] INFO  om.OzoneManager (OzoneManager.java:start(1071)) - OzoneManager RPC server is listening at localhost/127.0.0.1:34653
2019-10-14 12:30:27,485 [main] INFO  impl.MetricsSystemImpl (MetricsSystemImpl.java:init(158)) - OzoneManager metrics system started (again)
2019-10-14 12:30:27,486 [IPC Server Responder] INFO  ipc.Server (Server.java:run(1314)) - IPC Server Responder: starting
2019-10-14 12:30:27,486 [IPC Server listener on 34653] INFO  ipc.Server (Server.java:run(1153)) - IPC Server listener on 34653: starting
2019-10-14 12:30:27,492 [main] INFO  hdfs.DFSUtil (DFSUtil.java:httpServerTemplateForNNAndJN(1641)) - Starting Web-server for ozoneManager at: http://0.0.0.0:0
2019-10-14 12:30:27,494 [main] INFO  server.AuthenticationFilter (AuthenticationFilter.java:constructSecretProvider(240)) - Unable to initialize FileSignerSecretProvider, falling back to use random secrets.
2019-10-14 12:30:27,494 [main] WARN  http.HttpRequestLog (HttpRequestLog.java:getRequestLog(97)) - Jetty request log can only be enabled using Log4j
2019-10-14 12:30:27,497 [main] INFO  http.HttpServer2 (HttpServer2.java:addGlobalFilter(975)) - Added global filter 'safety' (class=org.apache.hadoop.http.HttpServer2$QuotingInputFilter)
2019-10-14 12:30:27,497 [main] INFO  http.HttpServer2 (HttpServer2.java:addFilter(948)) - Added filter static_user_filter (class=org.apache.hadoop.http.lib.StaticUserWebFilter$StaticUserFilter) to context ozoneManager
2019-10-14 12:30:27,498 [main] INFO  http.HttpServer2 (HttpServer2.java:addFilter(958)) - Added filter static_user_filter (class=org.apache.hadoop.http.lib.StaticUserWebFilter$StaticUserFilter) to context logs
2019-10-14 12:30:27,498 [main] INFO  http.HttpServer2 (HttpServer2.java:addFilter(958)) - Added filter static_user_filter (class=org.apache.hadoop.http.lib.StaticUserWebFilter$StaticUserFilter) to context static
2019-10-14 12:30:27,499 [main] INFO  http.HttpServer2 (HttpServer2.java:bindListener(1191)) - Jetty bound to port 33755
2019-10-14 12:30:27,499 [main] INFO  server.Server (Server.java:doStart(351)) - jetty-9.3.25.v20180904, build timestamp: 2018-09-04T21:11:46Z, git hash: 3ce520221d0240229c862b122d2b06c12a625732
2019-10-14 12:30:27,501 [main] INFO  handler.ContextHandler (ContextHandler.java:doStart(781)) - Started o.e.j.s.ServletContextHandler@9b23822{/logs,file:///workdir/hadoop-ozone/integration-test/target/log,AVAILABLE}
2019-10-14 12:30:27,502 [main] INFO  handler.ContextHandler (ContextHandler.java:doStart(781)) - Started o.e.j.s.ServletContextHandler@6a6c7f42{/static,file:///workdir/hadoop-ozone/integration-test/target/test-classes/webapps/static,AVAILABLE}
2019-10-14 12:30:27,508 [main] INFO  handler.ContextHandler (ContextHandler.java:doStart(781)) - Started o.e.j.w.WebAppContext@16c1519e{/,file:///workdir/hadoop-ozone/integration-test/target/test-classes/webapps/ozoneManager/,AVAILABLE}{/ozoneManager}
2019-10-14 12:30:27,509 [main] INFO  server.AbstractConnector (AbstractConnector.java:doStart(278)) - Started ServerConnector@2a02e34b{HTTP/1.1,[http/1.1]}{0.0.0.0:33755}
2019-10-14 12:30:27,510 [main] INFO  server.Server (Server.java:doStart(419)) - Started @125706ms
2019-10-14 12:30:27,510 [main] WARN  impl.MetricsSystemImpl (MetricsSystemImpl.java:register(276)) - Sink prometheus already exists!
2019-10-14 12:30:27,511 [main] INFO  server.BaseHttpServer (BaseHttpServer.java:updateConnectorAddress(215)) - HTTP server of OZONEMANAGER is listening at http://0.0.0.0:33755
2019-10-14 12:30:27,532 [main] INFO  impl.MetricsSystemImpl (MetricsSystemImpl.java:init(158)) - HddsDatanode metrics system started (again)
2019-10-14 12:30:27,535 [main] INFO  ozone.HddsDatanodeService (HddsDatanodeService.java:start(184)) - HddsDatanodeService host:pr-hdds-2196-v6glg-1693409637 ip:192.168.157.204
2019-10-14 12:30:27,542 [main] INFO  volume.HddsVolume (HddsVolume.java:<init>(176)) - Creating Volume: /workdir/hadoop-ozone/integration-test/target/test-dir/MiniOzoneClusterImpl-2a855a77-bf5f-41ff-8656-d75411ce3d15/datanode-0/data/containers/hdds of  storage type : DISK and capacity : 1482555576320
2019-10-14 12:30:27,543 [main] INFO  volume.VolumeSet (VolumeSet.java:initializeVolumeSet(170)) - Added Volume : /workdir/hadoop-ozone/integration-test/target/test-dir/MiniOzoneClusterImpl-2a855a77-bf5f-41ff-8656-d75411ce3d15/datanode-0/data/containers/hdds to VolumeSet
2019-10-14 12:30:27,543 [main] INFO  volume.ThrottledAsyncChecker (ThrottledAsyncChecker.java:schedule(141)) - Scheduling a check for org.apache.hadoop.ozone.container.common.volume.HddsVolume@3d620a1
2019-10-14 12:30:27,544 [main] INFO  volume.HddsVolumeChecker (HddsVolumeChecker.java:checkAllVolumes(204)) - Scheduled health check for volume org.apache.hadoop.ozone.container.common.volume.HddsVolume@3d620a1
2019-10-14 12:30:27,559 [main] INFO  impl.RaftServerProxy (ConfUtils.java:logGet(43)) - raft.rpc.type = GRPC (default)
2019-10-14 12:30:27,559 [main] INFO  grpc.GrpcFactory (GrpcFactory.java:checkPooledByteBufAllocatorUseCacheForAllThreads(45)) - PERFORMANCE WARNING: useCacheForAllThreads is true that may cause Netty to create a lot garbage objects and, as a result, trigger GC.
	It is recommended to disable useCacheForAllThreads by setting -Dorg.apache.ratis.thirdparty.io.netty.allocator.useCacheForAllThreads=false in command line.
2019-10-14 12:30:27,559 [main] INFO  grpc.GrpcConfigKeys$Server (ConfUtils.java:logGet(43)) - raft.grpc.server.port = 0 (default)
2019-10-14 12:30:27,559 [main] INFO  server.GrpcService (ConfUtils.java:logGet(43)) - raft.grpc.message.size.max = 33570816 (custom)
2019-10-14 12:30:27,560 [main] INFO  server.RaftServerConfigKeys (ConfUtils.java:logGet(43)) - raft.server.log.appender.buffer.byte-limit = 33554432 (custom)
2019-10-14 12:30:27,560 [main] INFO  server.GrpcService (ConfUtils.java:logGet(43)) - raft.grpc.flow.control.window = 1MB (=1048576) (default)
2019-10-14 12:30:27,560 [main] INFO  server.RaftServerConfigKeys (ConfUtils.java:logGet(43)) - raft.server.rpc.request.timeout = 3000ms (default)
2019-10-14 12:30:27,561 [main] INFO  server.RaftServerConfigKeys (ConfUtils.java:logGet(43)) - raft.server.storage.dir = [/workdir/hadoop-ozone/integration-test/target/test-dir/MiniOzoneClusterImpl-2a855a77-bf5f-41ff-8656-d75411ce3d15/datanode-0/data/ratis] (custom)
2019-10-14 12:30:27,562 [main] INFO  hdfs.DFSUtil (DFSUtil.java:httpServerTemplateForNNAndJN(1641)) - Starting Web-server for hddsDatanode at: http://0.0.0.0:0
2019-10-14 12:30:27,567 [main] INFO  server.AuthenticationFilter (AuthenticationFilter.java:constructSecretProvider(240)) - Unable to initialize FileSignerSecretProvider, falling back to use random secrets.
2019-10-14 12:30:27,567 [main] WARN  http.HttpRequestLog (HttpRequestLog.java:getRequestLog(97)) - Jetty request log can only be enabled using Log4j
2019-10-14 12:30:27,568 [main] INFO  http.HttpServer2 (HttpServer2.java:addGlobalFilter(975)) - Added global filter 'safety' (class=org.apache.hadoop.http.HttpServer2$QuotingInputFilter)
2019-10-14 12:30:27,569 [main] INFO  http.HttpServer2 (HttpServer2.java:addFilter(948)) - Added filter static_user_filter (class=org.apache.hadoop.http.lib.StaticUserWebFilter$StaticUserFilter) to context hddsDatanode
2019-10-14 12:30:27,569 [main] INFO  http.HttpServer2 (HttpServer2.java:addFilter(958)) - Added filter static_user_filter (class=org.apache.hadoop.http.lib.StaticUserWebFilter$StaticUserFilter) to context static
2019-10-14 12:30:27,569 [main] INFO  http.HttpServer2 (HttpServer2.java:addFilter(958)) - Added filter static_user_filter (class=org.apache.hadoop.http.lib.StaticUserWebFilter$StaticUserFilter) to context logs
2019-10-14 12:30:27,570 [main] INFO  http.HttpServer2 (HttpServer2.java:bindListener(1191)) - Jetty bound to port 42144
2019-10-14 12:30:27,570 [main] INFO  server.Server (Server.java:doStart(351)) - jetty-9.3.25.v20180904, build timestamp: 2018-09-04T21:11:46Z, git hash: 3ce520221d0240229c862b122d2b06c12a625732
2019-10-14 12:30:27,571 [main] INFO  handler.ContextHandler (ContextHandler.java:doStart(781)) - Started o.e.j.s.ServletContextHandler@40709f9{/logs,file:///workdir/hadoop-ozone/integration-test/target/log,AVAILABLE}
2019-10-14 12:30:27,572 [main] INFO  handler.ContextHandler (ContextHandler.java:doStart(781)) - Started o.e.j.s.ServletContextHandler@6393bf8b{/static,jar:file:/home/user/.m2/repository/org/apache/hadoop/hadoop-hdds-container-service/0.5.0-SNAPSHOT/hadoop-hdds-container-service-0.5.0-SNAPSHOT.jar!/webapps/static,AVAILABLE}
2019-10-14 12:30:27,600 [main] INFO  handler.ContextHandler (ContextHandler.java:doStart(781)) - Started o.e.j.w.WebAppContext@1150d471{/,file:///tmp/jetty-0.0.0.0-42144-hddsDatanode-_-any-8420118997386899999.dir/webapp/,AVAILABLE}{/hddsDatanode}
2019-10-14 12:30:27,601 [main] INFO  server.AbstractConnector (AbstractConnector.java:doStart(278)) - Started ServerConnector@709f0202{HTTP/1.1,[http/1.1]}{0.0.0.0:42144}
2019-10-14 12:30:27,604 [main] INFO  server.Server (Server.java:doStart(419)) - Started @125799ms
2019-10-14 12:30:27,604 [main] WARN  impl.MetricsSystemImpl (MetricsSystemImpl.java:register(276)) - Sink prometheus already exists!
2019-10-14 12:30:27,604 [main] INFO  server.BaseHttpServer (BaseHttpServer.java:updateConnectorAddress(215)) - HTTP server of HDDSDATANODE is listening at http://0.0.0.0:42144
2019-10-14 12:30:27,605 [main] INFO  impl.MetricsSystemImpl (MetricsSystemImpl.java:init(158)) - HddsDatanode metrics system started (again)
2019-10-14 12:30:27,607 [org.apache.hadoop.util.JvmPauseMonitor$Monitor@30c410d0] INFO  util.JvmPauseMonitor (JvmPauseMonitor.java:run(188)) - Starting JVM pause monitor
2019-10-14 12:30:27,607 [main] INFO  ozone.HddsDatanodeService (HddsDatanodeService.java:start(184)) - HddsDatanodeService host:pr-hdds-2196-v6glg-1693409637 ip:192.168.157.204
2019-10-14 12:30:27,609 [Datanode State Machine Thread - 0] INFO  datanode.InitDatanodeState (InitDatanodeState.java:persistContainerDatanodeDetails(140)) - DatanodeDetails is persisted to /workdir/hadoop-ozone/integration-test/target/test-dir/MiniOzoneClusterImpl-2a855a77-bf5f-41ff-8656-d75411ce3d15/datanode-0/meta/datanode.id
2019-10-14 12:30:27,614 [main] INFO  volume.HddsVolume (HddsVolume.java:<init>(176)) - Creating Volume: /workdir/hadoop-ozone/integration-test/target/test-dir/MiniOzoneClusterImpl-2a855a77-bf5f-41ff-8656-d75411ce3d15/datanode-1/data/containers/hdds of  storage type : DISK and capacity : 1482555576320
2019-10-14 12:30:27,614 [main] INFO  volume.VolumeSet (VolumeSet.java:initializeVolumeSet(170)) - Added Volume : /workdir/hadoop-ozone/integration-test/target/test-dir/MiniOzoneClusterImpl-2a855a77-bf5f-41ff-8656-d75411ce3d15/datanode-1/data/containers/hdds to VolumeSet
2019-10-14 12:30:27,614 [main] INFO  volume.ThrottledAsyncChecker (ThrottledAsyncChecker.java:schedule(141)) - Scheduling a check for org.apache.hadoop.ozone.container.common.volume.HddsVolume@13bdf540
2019-10-14 12:30:27,615 [main] INFO  volume.HddsVolumeChecker (HddsVolumeChecker.java:checkAllVolumes(204)) - Scheduled health check for volume org.apache.hadoop.ozone.container.common.volume.HddsVolume@13bdf540
2019-10-14 12:30:27,628 [main] INFO  impl.RaftServerProxy (ConfUtils.java:logGet(43)) - raft.rpc.type = GRPC (default)
2019-10-14 12:30:27,629 [main] INFO  grpc.GrpcFactory (GrpcFactory.java:checkPooledByteBufAllocatorUseCacheForAllThreads(45)) - PERFORMANCE WARNING: useCacheForAllThreads is true that may cause Netty to create a lot garbage objects and, as a result, trigger GC.
	It is recommended to disable useCacheForAllThreads by setting -Dorg.apache.ratis.thirdparty.io.netty.allocator.useCacheForAllThreads=false in command line.
2019-10-14 12:30:27,629 [main] INFO  grpc.GrpcConfigKeys$Server (ConfUtils.java:logGet(43)) - raft.grpc.server.port = 0 (default)
2019-10-14 12:30:27,629 [main] INFO  server.GrpcService (ConfUtils.java:logGet(43)) - raft.grpc.message.size.max = 33570816 (custom)
2019-10-14 12:30:27,629 [main] INFO  server.RaftServerConfigKeys (ConfUtils.java:logGet(43)) - raft.server.log.appender.buffer.byte-limit = 33554432 (custom)
2019-10-14 12:30:27,629 [main] INFO  server.GrpcService (ConfUtils.java:logGet(43)) - raft.grpc.flow.control.window = 1MB (=1048576) (default)
2019-10-14 12:30:27,630 [main] INFO  server.RaftServerConfigKeys (ConfUtils.java:logGet(43)) - raft.server.rpc.request.timeout = 3000ms (default)
2019-10-14 12:30:27,630 [main] INFO  server.RaftServerConfigKeys (ConfUtils.java:logGet(43)) - raft.server.storage.dir = [/workdir/hadoop-ozone/integration-test/target/test-dir/MiniOzoneClusterImpl-2a855a77-bf5f-41ff-8656-d75411ce3d15/datanode-1/data/ratis] (custom)
2019-10-14 12:30:27,632 [main] INFO  hdfs.DFSUtil (DFSUtil.java:httpServerTemplateForNNAndJN(1641)) - Starting Web-server for hddsDatanode at: http://0.0.0.0:0
2019-10-14 12:30:27,633 [main] INFO  server.AuthenticationFilter (AuthenticationFilter.java:constructSecretProvider(240)) - Unable to initialize FileSignerSecretProvider, falling back to use random secrets.
2019-10-14 12:30:27,634 [main] WARN  http.HttpRequestLog (HttpRequestLog.java:getRequestLog(97)) - Jetty request log can only be enabled using Log4j
2019-10-14 12:30:27,635 [main] INFO  http.HttpServer2 (HttpServer2.java:addGlobalFilter(975)) - Added global filter 'safety' (class=org.apache.hadoop.http.HttpServer2$QuotingInputFilter)
2019-10-14 12:30:27,635 [main] INFO  http.HttpServer2 (HttpServer2.java:addFilter(948)) - Added filter static_user_filter (class=org.apache.hadoop.http.lib.StaticUserWebFilter$StaticUserFilter) to context hddsDatanode
2019-10-14 12:30:27,636 [main] INFO  http.HttpServer2 (HttpServer2.java:addFilter(958)) - Added filter static_user_filter (class=org.apache.hadoop.http.lib.StaticUserWebFilter$StaticUserFilter) to context static
2019-10-14 12:30:27,636 [main] INFO  http.HttpServer2 (HttpServer2.java:addFilter(958)) - Added filter static_user_filter (class=org.apache.hadoop.http.lib.StaticUserWebFilter$StaticUserFilter) to context logs
2019-10-14 12:30:27,636 [main] INFO  http.HttpServer2 (HttpServer2.java:bindListener(1191)) - Jetty bound to port 40674
2019-10-14 12:30:27,636 [main] INFO  server.Server (Server.java:doStart(351)) - jetty-9.3.25.v20180904, build timestamp: 2018-09-04T21:11:46Z, git hash: 3ce520221d0240229c862b122d2b06c12a625732
2019-10-14 12:30:27,638 [main] INFO  handler.ContextHandler (ContextHandler.java:doStart(781)) - Started o.e.j.s.ServletContextHandler@5b202ff{/logs,file:///workdir/hadoop-ozone/integration-test/target/log,AVAILABLE}
2019-10-14 12:30:27,638 [main] INFO  handler.ContextHandler (ContextHandler.java:doStart(781)) - Started o.e.j.s.ServletContextHandler@e700eba{/static,jar:file:/home/user/.m2/repository/org/apache/hadoop/hadoop-hdds-container-service/0.5.0-SNAPSHOT/hadoop-hdds-container-service-0.5.0-SNAPSHOT.jar!/webapps/static,AVAILABLE}
2019-10-14 12:30:27,666 [main] INFO  handler.ContextHandler (ContextHandler.java:doStart(781)) - Started o.e.j.w.WebAppContext@39dec536{/,file:///tmp/jetty-0.0.0.0-40674-hddsDatanode-_-any-4672074501226936104.dir/webapp/,AVAILABLE}{/hddsDatanode}
2019-10-14 12:30:27,667 [main] INFO  server.AbstractConnector (AbstractConnector.java:doStart(278)) - Started ServerConnector@4a1a256d{HTTP/1.1,[http/1.1]}{0.0.0.0:40674}
2019-10-14 12:30:27,668 [main] INFO  server.Server (Server.java:doStart(419)) - Started @125863ms
2019-10-14 12:30:27,668 [main] WARN  impl.MetricsSystemImpl (MetricsSystemImpl.java:register(276)) - Sink prometheus already exists!
2019-10-14 12:30:27,668 [main] INFO  server.BaseHttpServer (BaseHttpServer.java:updateConnectorAddress(215)) - HTTP server of HDDSDATANODE is listening at http://0.0.0.0:40674
2019-10-14 12:30:27,669 [main] INFO  impl.MetricsSystemImpl (MetricsSystemImpl.java:init(158)) - HddsDatanode metrics system started (again)
2019-10-14 12:30:27,671 [org.apache.hadoop.util.JvmPauseMonitor$Monitor@6f9e6c80] INFO  util.JvmPauseMonitor (JvmPauseMonitor.java:run(188)) - Starting JVM pause monitor
2019-10-14 12:30:27,672 [main] INFO  ozone.HddsDatanodeService (HddsDatanodeService.java:start(184)) - HddsDatanodeService host:pr-hdds-2196-v6glg-1693409637 ip:192.168.157.204
2019-10-14 12:30:27,676 [Datanode State Machine Thread - 0] INFO  datanode.InitDatanodeState (InitDatanodeState.java:persistContainerDatanodeDetails(140)) - DatanodeDetails is persisted to /workdir/hadoop-ozone/integration-test/target/test-dir/MiniOzoneClusterImpl-2a855a77-bf5f-41ff-8656-d75411ce3d15/datanode-1/meta/datanode.id
2019-10-14 12:30:27,676 [main] INFO  volume.HddsVolume (HddsVolume.java:<init>(176)) - Creating Volume: /workdir/hadoop-ozone/integration-test/target/test-dir/MiniOzoneClusterImpl-2a855a77-bf5f-41ff-8656-d75411ce3d15/datanode-2/data/containers/hdds of  storage type : DISK and capacity : 1482555576320
2019-10-14 12:30:27,677 [main] INFO  volume.VolumeSet (VolumeSet.java:initializeVolumeSet(170)) - Added Volume : /workdir/hadoop-ozone/integration-test/target/test-dir/MiniOzoneClusterImpl-2a855a77-bf5f-41ff-8656-d75411ce3d15/datanode-2/data/containers/hdds to VolumeSet
2019-10-14 12:30:27,677 [main] INFO  volume.ThrottledAsyncChecker (ThrottledAsyncChecker.java:schedule(141)) - Scheduling a check for org.apache.hadoop.ozone.container.common.volume.HddsVolume@67bb4dcd
2019-10-14 12:30:27,677 [main] INFO  volume.HddsVolumeChecker (HddsVolumeChecker.java:checkAllVolumes(204)) - Scheduled health check for volume org.apache.hadoop.ozone.container.common.volume.HddsVolume@67bb4dcd
2019-10-14 12:30:27,689 [main] INFO  impl.RaftServerProxy (ConfUtils.java:logGet(43)) - raft.rpc.type = GRPC (default)
2019-10-14 12:30:27,689 [main] INFO  grpc.GrpcFactory (GrpcFactory.java:checkPooledByteBufAllocatorUseCacheForAllThreads(45)) - PERFORMANCE WARNING: useCacheForAllThreads is true that may cause Netty to create a lot garbage objects and, as a result, trigger GC.
	It is recommended to disable useCacheForAllThreads by setting -Dorg.apache.ratis.thirdparty.io.netty.allocator.useCacheForAllThreads=false in command line.
2019-10-14 12:30:27,690 [main] INFO  grpc.GrpcConfigKeys$Server (ConfUtils.java:logGet(43)) - raft.grpc.server.port = 0 (default)
2019-10-14 12:30:27,690 [main] INFO  server.GrpcService (ConfUtils.java:logGet(43)) - raft.grpc.message.size.max = 33570816 (custom)
2019-10-14 12:30:27,690 [main] INFO  server.RaftServerConfigKeys (ConfUtils.java:logGet(43)) - raft.server.log.appender.buffer.byte-limit = 33554432 (custom)
2019-10-14 12:30:27,690 [main] INFO  server.GrpcService (ConfUtils.java:logGet(43)) - raft.grpc.flow.control.window = 1MB (=1048576) (default)
2019-10-14 12:30:27,690 [main] INFO  server.RaftServerConfigKeys (ConfUtils.java:logGet(43)) - raft.server.rpc.request.timeout = 3000ms (default)
2019-10-14 12:30:27,691 [main] INFO  server.RaftServerConfigKeys (ConfUtils.java:logGet(43)) - raft.server.storage.dir = [/workdir/hadoop-ozone/integration-test/target/test-dir/MiniOzoneClusterImpl-2a855a77-bf5f-41ff-8656-d75411ce3d15/datanode-2/data/ratis] (custom)
2019-10-14 12:30:27,692 [main] INFO  hdfs.DFSUtil (DFSUtil.java:httpServerTemplateForNNAndJN(1641)) - Starting Web-server for hddsDatanode at: http://0.0.0.0:0
2019-10-14 12:30:27,693 [main] INFO  server.AuthenticationFilter (AuthenticationFilter.java:constructSecretProvider(240)) - Unable to initialize FileSignerSecretProvider, falling back to use random secrets.
2019-10-14 12:30:27,694 [main] WARN  http.HttpRequestLog (HttpRequestLog.java:getRequestLog(97)) - Jetty request log can only be enabled using Log4j
2019-10-14 12:30:27,695 [main] INFO  http.HttpServer2 (HttpServer2.java:addGlobalFilter(975)) - Added global filter 'safety' (class=org.apache.hadoop.http.HttpServer2$QuotingInputFilter)
2019-10-14 12:30:27,695 [main] INFO  http.HttpServer2 (HttpServer2.java:addFilter(948)) - Added filter static_user_filter (class=org.apache.hadoop.http.lib.StaticUserWebFilter$StaticUserFilter) to context hddsDatanode
2019-10-14 12:30:27,695 [main] INFO  http.HttpServer2 (HttpServer2.java:addFilter(958)) - Added filter static_user_filter (class=org.apache.hadoop.http.lib.StaticUserWebFilter$StaticUserFilter) to context static
2019-10-14 12:30:27,696 [main] INFO  http.HttpServer2 (HttpServer2.java:addFilter(958)) - Added filter static_user_filter (class=org.apache.hadoop.http.lib.StaticUserWebFilter$StaticUserFilter) to context logs
2019-10-14 12:30:27,696 [main] INFO  http.HttpServer2 (HttpServer2.java:bindListener(1191)) - Jetty bound to port 44472
2019-10-14 12:30:27,696 [main] INFO  server.Server (Server.java:doStart(351)) - jetty-9.3.25.v20180904, build timestamp: 2018-09-04T21:11:46Z, git hash: 3ce520221d0240229c862b122d2b06c12a625732
2019-10-14 12:30:27,698 [main] INFO  handler.ContextHandler (ContextHandler.java:doStart(781)) - Started o.e.j.s.ServletContextHandler@5a7df831{/logs,file:///workdir/hadoop-ozone/integration-test/target/log,AVAILABLE}
2019-10-14 12:30:27,698 [main] INFO  handler.ContextHandler (ContextHandler.java:doStart(781)) - Started o.e.j.s.ServletContextHandler@22d7fd41{/static,jar:file:/home/user/.m2/repository/org/apache/hadoop/hadoop-hdds-container-service/0.5.0-SNAPSHOT/hadoop-hdds-container-service-0.5.0-SNAPSHOT.jar!/webapps/static,AVAILABLE}
2019-10-14 12:30:27,726 [main] INFO  handler.ContextHandler (ContextHandler.java:doStart(781)) - Started o.e.j.w.WebAppContext@75aea2ba{/,file:///tmp/jetty-0.0.0.0-44472-hddsDatanode-_-any-2018393310904287230.dir/webapp/,AVAILABLE}{/hddsDatanode}
2019-10-14 12:30:27,726 [main] INFO  server.AbstractConnector (AbstractConnector.java:doStart(278)) - Started ServerConnector@2a47597{HTTP/1.1,[http/1.1]}{0.0.0.0:44472}
2019-10-14 12:30:27,728 [main] INFO  server.Server (Server.java:doStart(419)) - Started @125924ms
2019-10-14 12:30:27,728 [main] WARN  impl.MetricsSystemImpl (MetricsSystemImpl.java:register(276)) - Sink prometheus already exists!
2019-10-14 12:30:27,728 [main] INFO  server.BaseHttpServer (BaseHttpServer.java:updateConnectorAddress(215)) - HTTP server of HDDSDATANODE is listening at http://0.0.0.0:44472
2019-10-14 12:30:27,729 [main] INFO  impl.MetricsSystemImpl (MetricsSystemImpl.java:init(158)) - HddsDatanode metrics system started (again)
2019-10-14 12:30:27,731 [org.apache.hadoop.util.JvmPauseMonitor$Monitor@7bb67ec] INFO  util.JvmPauseMonitor (JvmPauseMonitor.java:run(188)) - Starting JVM pause monitor
2019-10-14 12:30:27,732 [main] INFO  ozone.HddsDatanodeService (HddsDatanodeService.java:start(184)) - HddsDatanodeService host:pr-hdds-2196-v6glg-1693409637 ip:192.168.157.204
2019-10-14 12:30:27,732 [Datanode State Machine Thread - 0] INFO  datanode.InitDatanodeState (InitDatanodeState.java:persistContainerDatanodeDetails(140)) - DatanodeDetails is persisted to /workdir/hadoop-ozone/integration-test/target/test-dir/MiniOzoneClusterImpl-2a855a77-bf5f-41ff-8656-d75411ce3d15/datanode-2/meta/datanode.id
2019-10-14 12:30:27,737 [main] INFO  volume.HddsVolume (HddsVolume.java:<init>(176)) - Creating Volume: /workdir/hadoop-ozone/integration-test/target/test-dir/MiniOzoneClusterImpl-2a855a77-bf5f-41ff-8656-d75411ce3d15/datanode-3/data/containers/hdds of  storage type : DISK and capacity : 1482555576320
2019-10-14 12:30:27,737 [main] INFO  volume.VolumeSet (VolumeSet.java:initializeVolumeSet(170)) - Added Volume : /workdir/hadoop-ozone/integration-test/target/test-dir/MiniOzoneClusterImpl-2a855a77-bf5f-41ff-8656-d75411ce3d15/datanode-3/data/containers/hdds to VolumeSet
2019-10-14 12:30:27,737 [main] INFO  volume.ThrottledAsyncChecker (ThrottledAsyncChecker.java:schedule(141)) - Scheduling a check for org.apache.hadoop.ozone.container.common.volume.HddsVolume@2251b3bc
2019-10-14 12:30:27,737 [main] INFO  volume.HddsVolumeChecker (HddsVolumeChecker.java:checkAllVolumes(204)) - Scheduled health check for volume org.apache.hadoop.ozone.container.common.volume.HddsVolume@2251b3bc
2019-10-14 12:30:27,749 [main] INFO  impl.RaftServerProxy (ConfUtils.java:logGet(43)) - raft.rpc.type = GRPC (default)
2019-10-14 12:30:27,750 [main] INFO  grpc.GrpcFactory (GrpcFactory.java:checkPooledByteBufAllocatorUseCacheForAllThreads(45)) - PERFORMANCE WARNING: useCacheForAllThreads is true that may cause Netty to create a lot garbage objects and, as a result, trigger GC.
	It is recommended to disable useCacheForAllThreads by setting -Dorg.apache.ratis.thirdparty.io.netty.allocator.useCacheForAllThreads=false in command line.
2019-10-14 12:30:27,750 [main] INFO  grpc.GrpcConfigKeys$Server (ConfUtils.java:logGet(43)) - raft.grpc.server.port = 0 (default)
2019-10-14 12:30:27,750 [main] INFO  server.GrpcService (ConfUtils.java:logGet(43)) - raft.grpc.message.size.max = 33570816 (custom)
2019-10-14 12:30:27,750 [main] INFO  server.RaftServerConfigKeys (ConfUtils.java:logGet(43)) - raft.server.log.appender.buffer.byte-limit = 33554432 (custom)
2019-10-14 12:30:27,750 [main] INFO  server.GrpcService (ConfUtils.java:logGet(43)) - raft.grpc.flow.control.window = 1MB (=1048576) (default)
2019-10-14 12:30:27,751 [main] INFO  server.RaftServerConfigKeys (ConfUtils.java:logGet(43)) - raft.server.rpc.request.timeout = 3000ms (default)
2019-10-14 12:30:27,751 [main] INFO  server.RaftServerConfigKeys (ConfUtils.java:logGet(43)) - raft.server.storage.dir = [/workdir/hadoop-ozone/integration-test/target/test-dir/MiniOzoneClusterImpl-2a855a77-bf5f-41ff-8656-d75411ce3d15/datanode-3/data/ratis] (custom)
2019-10-14 12:30:27,752 [main] INFO  hdfs.DFSUtil (DFSUtil.java:httpServerTemplateForNNAndJN(1641)) - Starting Web-server for hddsDatanode at: http://0.0.0.0:0
2019-10-14 12:30:27,753 [main] INFO  server.AuthenticationFilter (AuthenticationFilter.java:constructSecretProvider(240)) - Unable to initialize FileSignerSecretProvider, falling back to use random secrets.
2019-10-14 12:30:27,754 [main] WARN  http.HttpRequestLog (HttpRequestLog.java:getRequestLog(97)) - Jetty request log can only be enabled using Log4j
2019-10-14 12:30:27,755 [main] INFO  http.HttpServer2 (HttpServer2.java:addGlobalFilter(975)) - Added global filter 'safety' (class=org.apache.hadoop.http.HttpServer2$QuotingInputFilter)
2019-10-14 12:30:27,755 [main] INFO  http.HttpServer2 (HttpServer2.java:addFilter(948)) - Added filter static_user_filter (class=org.apache.hadoop.http.lib.StaticUserWebFilter$StaticUserFilter) to context hddsDatanode
2019-10-14 12:30:27,756 [main] INFO  http.HttpServer2 (HttpServer2.java:addFilter(958)) - Added filter static_user_filter (class=org.apache.hadoop.http.lib.StaticUserWebFilter$StaticUserFilter) to context logs
2019-10-14 12:30:27,756 [main] INFO  http.HttpServer2 (HttpServer2.java:addFilter(958)) - Added filter static_user_filter (class=org.apache.hadoop.http.lib.StaticUserWebFilter$StaticUserFilter) to context static
2019-10-14 12:30:27,756 [main] INFO  http.HttpServer2 (HttpServer2.java:bindListener(1191)) - Jetty bound to port 43206
2019-10-14 12:30:27,757 [main] INFO  server.Server (Server.java:doStart(351)) - jetty-9.3.25.v20180904, build timestamp: 2018-09-04T21:11:46Z, git hash: 3ce520221d0240229c862b122d2b06c12a625732
2019-10-14 12:30:27,758 [main] INFO  handler.ContextHandler (ContextHandler.java:doStart(781)) - Started o.e.j.s.ServletContextHandler@3a4aadf8{/logs,file:///workdir/hadoop-ozone/integration-test/target/log,AVAILABLE}
2019-10-14 12:30:27,758 [main] INFO  handler.ContextHandler (ContextHandler.java:doStart(781)) - Started o.e.j.s.ServletContextHandler@7a682d35{/static,jar:file:/home/user/.m2/repository/org/apache/hadoop/hadoop-hdds-container-service/0.5.0-SNAPSHOT/hadoop-hdds-container-service-0.5.0-SNAPSHOT.jar!/webapps/static,AVAILABLE}
2019-10-14 12:30:27,787 [main] INFO  handler.ContextHandler (ContextHandler.java:doStart(781)) - Started o.e.j.w.WebAppContext@b5c6a30{/,file:///tmp/jetty-0.0.0.0-43206-hddsDatanode-_-any-4291994554985933486.dir/webapp/,AVAILABLE}{/hddsDatanode}
2019-10-14 12:30:27,787 [main] INFO  server.AbstractConnector (AbstractConnector.java:doStart(278)) - Started ServerConnector@3bfae028{HTTP/1.1,[http/1.1]}{0.0.0.0:43206}
2019-10-14 12:30:27,789 [main] INFO  server.Server (Server.java:doStart(419)) - Started @125985ms
2019-10-14 12:30:27,789 [main] WARN  impl.MetricsSystemImpl (MetricsSystemImpl.java:register(276)) - Sink prometheus already exists!
2019-10-14 12:30:27,790 [main] INFO  server.BaseHttpServer (BaseHttpServer.java:updateConnectorAddress(215)) - HTTP server of HDDSDATANODE is listening at http://0.0.0.0:43206
2019-10-14 12:30:27,791 [main] INFO  impl.MetricsSystemImpl (MetricsSystemImpl.java:init(158)) - HddsDatanode metrics system started (again)
2019-10-14 12:30:27,795 [org.apache.hadoop.util.JvmPauseMonitor$Monitor@7cd6fd1d] INFO  util.JvmPauseMonitor (JvmPauseMonitor.java:run(188)) - Starting JVM pause monitor
2019-10-14 12:30:27,796 [main] INFO  ozone.HddsDatanodeService (HddsDatanodeService.java:start(184)) - HddsDatanodeService host:pr-hdds-2196-v6glg-1693409637 ip:192.168.157.204
2019-10-14 12:30:27,797 [Datanode State Machine Thread - 0] INFO  datanode.InitDatanodeState (InitDatanodeState.java:persistContainerDatanodeDetails(140)) - DatanodeDetails is persisted to /workdir/hadoop-ozone/integration-test/target/test-dir/MiniOzoneClusterImpl-2a855a77-bf5f-41ff-8656-d75411ce3d15/datanode-3/meta/datanode.id
2019-10-14 12:30:27,809 [main] INFO  volume.HddsVolume (HddsVolume.java:<init>(176)) - Creating Volume: /workdir/hadoop-ozone/integration-test/target/test-dir/MiniOzoneClusterImpl-2a855a77-bf5f-41ff-8656-d75411ce3d15/datanode-4/data/containers/hdds of  storage type : DISK and capacity : 1482555576320
2019-10-14 12:30:27,809 [main] INFO  volume.VolumeSet (VolumeSet.java:initializeVolumeSet(170)) - Added Volume : /workdir/hadoop-ozone/integration-test/target/test-dir/MiniOzoneClusterImpl-2a855a77-bf5f-41ff-8656-d75411ce3d15/datanode-4/data/containers/hdds to VolumeSet
2019-10-14 12:30:27,810 [main] INFO  volume.ThrottledAsyncChecker (ThrottledAsyncChecker.java:schedule(141)) - Scheduling a check for org.apache.hadoop.ozone.container.common.volume.HddsVolume@4391a2d8
2019-10-14 12:30:27,810 [main] INFO  volume.HddsVolumeChecker (HddsVolumeChecker.java:checkAllVolumes(204)) - Scheduled health check for volume org.apache.hadoop.ozone.container.common.volume.HddsVolume@4391a2d8
2019-10-14 12:30:27,828 [main] INFO  impl.RaftServerProxy (ConfUtils.java:logGet(43)) - raft.rpc.type = GRPC (default)
2019-10-14 12:30:27,828 [main] INFO  grpc.GrpcFactory (GrpcFactory.java:checkPooledByteBufAllocatorUseCacheForAllThreads(45)) - PERFORMANCE WARNING: useCacheForAllThreads is true that may cause Netty to create a lot garbage objects and, as a result, trigger GC.
	It is recommended to disable useCacheForAllThreads by setting -Dorg.apache.ratis.thirdparty.io.netty.allocator.useCacheForAllThreads=false in command line.
2019-10-14 12:30:27,828 [main] INFO  grpc.GrpcConfigKeys$Server (ConfUtils.java:logGet(43)) - raft.grpc.server.port = 0 (default)
2019-10-14 12:30:27,829 [main] INFO  server.GrpcService (ConfUtils.java:logGet(43)) - raft.grpc.message.size.max = 33570816 (custom)
2019-10-14 12:30:27,829 [main] INFO  server.RaftServerConfigKeys (ConfUtils.java:logGet(43)) - raft.server.log.appender.buffer.byte-limit = 33554432 (custom)
2019-10-14 12:30:27,829 [main] INFO  server.GrpcService (ConfUtils.java:logGet(43)) - raft.grpc.flow.control.window = 1MB (=1048576) (default)
2019-10-14 12:30:27,829 [main] INFO  server.RaftServerConfigKeys (ConfUtils.java:logGet(43)) - raft.server.rpc.request.timeout = 3000ms (default)
2019-10-14 12:30:27,830 [main] INFO  server.RaftServerConfigKeys (ConfUtils.java:logGet(43)) - raft.server.storage.dir = [/workdir/hadoop-ozone/integration-test/target/test-dir/MiniOzoneClusterImpl-2a855a77-bf5f-41ff-8656-d75411ce3d15/datanode-4/data/ratis] (custom)
2019-10-14 12:30:27,831 [main] INFO  hdfs.DFSUtil (DFSUtil.java:httpServerTemplateForNNAndJN(1641)) - Starting Web-server for hddsDatanode at: http://0.0.0.0:0
2019-10-14 12:30:27,833 [main] INFO  server.AuthenticationFilter (AuthenticationFilter.java:constructSecretProvider(240)) - Unable to initialize FileSignerSecretProvider, falling back to use random secrets.
2019-10-14 12:30:27,833 [main] WARN  http.HttpRequestLog (HttpRequestLog.java:getRequestLog(97)) - Jetty request log can only be enabled using Log4j
2019-10-14 12:30:27,834 [main] INFO  http.HttpServer2 (HttpServer2.java:addGlobalFilter(975)) - Added global filter 'safety' (class=org.apache.hadoop.http.HttpServer2$QuotingInputFilter)
2019-10-14 12:30:27,835 [main] INFO  http.HttpServer2 (HttpServer2.java:addFilter(948)) - Added filter static_user_filter (class=org.apache.hadoop.http.lib.StaticUserWebFilter$StaticUserFilter) to context hddsDatanode
2019-10-14 12:30:27,835 [main] INFO  http.HttpServer2 (HttpServer2.java:addFilter(958)) - Added filter static_user_filter (class=org.apache.hadoop.http.lib.StaticUserWebFilter$StaticUserFilter) to context static
2019-10-14 12:30:27,835 [main] INFO  http.HttpServer2 (HttpServer2.java:addFilter(958)) - Added filter static_user_filter (class=org.apache.hadoop.http.lib.StaticUserWebFilter$StaticUserFilter) to context logs
2019-10-14 12:30:27,836 [main] INFO  http.HttpServer2 (HttpServer2.java:bindListener(1191)) - Jetty bound to port 46463
2019-10-14 12:30:27,836 [main] INFO  server.Server (Server.java:doStart(351)) - jetty-9.3.25.v20180904, build timestamp: 2018-09-04T21:11:46Z, git hash: 3ce520221d0240229c862b122d2b06c12a625732
2019-10-14 12:30:27,837 [main] INFO  handler.ContextHandler (ContextHandler.java:doStart(781)) - Started o.e.j.s.ServletContextHandler@7e87ef9e{/logs,file:///workdir/hadoop-ozone/integration-test/target/log,AVAILABLE}
2019-10-14 12:30:27,838 [main] INFO  handler.ContextHandler (ContextHandler.java:doStart(781)) - Started o.e.j.s.ServletContextHandler@45843650{/static,jar:file:/home/user/.m2/repository/org/apache/hadoop/hadoop-hdds-container-service/0.5.0-SNAPSHOT/hadoop-hdds-container-service-0.5.0-SNAPSHOT.jar!/webapps/static,AVAILABLE}
2019-10-14 12:30:27,866 [main] INFO  handler.ContextHandler (ContextHandler.java:doStart(781)) - Started o.e.j.w.WebAppContext@750ed637{/,file:///tmp/jetty-0.0.0.0-46463-hddsDatanode-_-any-848113032155886806.dir/webapp/,AVAILABLE}{/hddsDatanode}
2019-10-14 12:30:27,866 [main] INFO  server.AbstractConnector (AbstractConnector.java:doStart(278)) - Started ServerConnector@5190010f{HTTP/1.1,[http/1.1]}{0.0.0.0:46463}
2019-10-14 12:30:27,868 [main] INFO  server.Server (Server.java:doStart(419)) - Started @126063ms
2019-10-14 12:30:27,868 [main] WARN  impl.MetricsSystemImpl (MetricsSystemImpl.java:register(276)) - Sink prometheus already exists!
2019-10-14 12:30:27,869 [main] INFO  server.BaseHttpServer (BaseHttpServer.java:updateConnectorAddress(215)) - HTTP server of HDDSDATANODE is listening at http://0.0.0.0:46463
2019-10-14 12:30:27,869 [main] INFO  impl.MetricsSystemImpl (MetricsSystemImpl.java:init(158)) - HddsDatanode metrics system started (again)
2019-10-14 12:30:27,873 [org.apache.hadoop.util.JvmPauseMonitor$Monitor@5eea52ad] INFO  util.JvmPauseMonitor (JvmPauseMonitor.java:run(188)) - Starting JVM pause monitor
2019-10-14 12:30:27,873 [main] INFO  ozone.HddsDatanodeService (HddsDatanodeService.java:start(184)) - HddsDatanodeService host:pr-hdds-2196-v6glg-1693409637 ip:192.168.157.204
2019-10-14 12:30:27,875 [Datanode State Machine Thread - 0] INFO  datanode.InitDatanodeState (InitDatanodeState.java:persistContainerDatanodeDetails(140)) - DatanodeDetails is persisted to /workdir/hadoop-ozone/integration-test/target/test-dir/MiniOzoneClusterImpl-2a855a77-bf5f-41ff-8656-d75411ce3d15/datanode-4/meta/datanode.id
2019-10-14 12:30:27,880 [main] INFO  volume.HddsVolume (HddsVolume.java:<init>(176)) - Creating Volume: /workdir/hadoop-ozone/integration-test/target/test-dir/MiniOzoneClusterImpl-2a855a77-bf5f-41ff-8656-d75411ce3d15/datanode-5/data/containers/hdds of  storage type : DISK and capacity : 1482555576320
2019-10-14 12:30:27,881 [main] INFO  volume.VolumeSet (VolumeSet.java:initializeVolumeSet(170)) - Added Volume : /workdir/hadoop-ozone/integration-test/target/test-dir/MiniOzoneClusterImpl-2a855a77-bf5f-41ff-8656-d75411ce3d15/datanode-5/data/containers/hdds to VolumeSet
2019-10-14 12:30:27,881 [main] INFO  volume.ThrottledAsyncChecker (ThrottledAsyncChecker.java:schedule(141)) - Scheduling a check for org.apache.hadoop.ozone.container.common.volume.HddsVolume@6f9e08d4
2019-10-14 12:30:27,881 [main] INFO  volume.HddsVolumeChecker (HddsVolumeChecker.java:checkAllVolumes(204)) - Scheduled health check for volume org.apache.hadoop.ozone.container.common.volume.HddsVolume@6f9e08d4
2019-10-14 12:30:27,896 [main] INFO  impl.RaftServerProxy (ConfUtils.java:logGet(43)) - raft.rpc.type = GRPC (default)
2019-10-14 12:30:27,896 [main] INFO  grpc.GrpcFactory (GrpcFactory.java:checkPooledByteBufAllocatorUseCacheForAllThreads(45)) - PERFORMANCE WARNING: useCacheForAllThreads is true that may cause Netty to create a lot garbage objects and, as a result, trigger GC.
	It is recommended to disable useCacheForAllThreads by setting -Dorg.apache.ratis.thirdparty.io.netty.allocator.useCacheForAllThreads=false in command line.
2019-10-14 12:30:27,897 [main] INFO  grpc.GrpcConfigKeys$Server (ConfUtils.java:logGet(43)) - raft.grpc.server.port = 0 (default)
2019-10-14 12:30:27,897 [main] INFO  server.GrpcService (ConfUtils.java:logGet(43)) - raft.grpc.message.size.max = 33570816 (custom)
2019-10-14 12:30:27,897 [main] INFO  server.RaftServerConfigKeys (ConfUtils.java:logGet(43)) - raft.server.log.appender.buffer.byte-limit = 33554432 (custom)
2019-10-14 12:30:27,897 [main] INFO  server.GrpcService (ConfUtils.java:logGet(43)) - raft.grpc.flow.control.window = 1MB (=1048576) (default)
2019-10-14 12:30:27,898 [main] INFO  server.RaftServerConfigKeys (ConfUtils.java:logGet(43)) - raft.server.rpc.request.timeout = 3000ms (default)
2019-10-14 12:30:27,898 [main] INFO  server.RaftServerConfigKeys (ConfUtils.java:logGet(43)) - raft.server.storage.dir = [/workdir/hadoop-ozone/integration-test/target/test-dir/MiniOzoneClusterImpl-2a855a77-bf5f-41ff-8656-d75411ce3d15/datanode-5/data/ratis] (custom)
2019-10-14 12:30:27,899 [main] INFO  hdfs.DFSUtil (DFSUtil.java:httpServerTemplateForNNAndJN(1641)) - Starting Web-server for hddsDatanode at: http://0.0.0.0:0
2019-10-14 12:30:27,901 [main] INFO  server.AuthenticationFilter (AuthenticationFilter.java:constructSecretProvider(240)) - Unable to initialize FileSignerSecretProvider, falling back to use random secrets.
2019-10-14 12:30:27,901 [main] WARN  http.HttpRequestLog (HttpRequestLog.java:getRequestLog(97)) - Jetty request log can only be enabled using Log4j
2019-10-14 12:30:27,902 [main] INFO  http.HttpServer2 (HttpServer2.java:addGlobalFilter(975)) - Added global filter 'safety' (class=org.apache.hadoop.http.HttpServer2$QuotingInputFilter)
2019-10-14 12:30:27,903 [main] INFO  http.HttpServer2 (HttpServer2.java:addFilter(948)) - Added filter static_user_filter (class=org.apache.hadoop.http.lib.StaticUserWebFilter$StaticUserFilter) to context hddsDatanode
2019-10-14 12:30:27,903 [main] INFO  http.HttpServer2 (HttpServer2.java:addFilter(958)) - Added filter static_user_filter (class=org.apache.hadoop.http.lib.StaticUserWebFilter$StaticUserFilter) to context static
2019-10-14 12:30:27,903 [main] INFO  http.HttpServer2 (HttpServer2.java:addFilter(958)) - Added filter static_user_filter (class=org.apache.hadoop.http.lib.StaticUserWebFilter$StaticUserFilter) to context logs
2019-10-14 12:30:27,904 [main] INFO  http.HttpServer2 (HttpServer2.java:bindListener(1191)) - Jetty bound to port 43608
2019-10-14 12:30:27,904 [main] INFO  server.Server (Server.java:doStart(351)) - jetty-9.3.25.v20180904, build timestamp: 2018-09-04T21:11:46Z, git hash: 3ce520221d0240229c862b122d2b06c12a625732
2019-10-14 12:30:27,906 [main] INFO  handler.ContextHandler (ContextHandler.java:doStart(781)) - Started o.e.j.s.ServletContextHandler@2f20f7ad{/logs,file:///workdir/hadoop-ozone/integration-test/target/log,AVAILABLE}
2019-10-14 12:30:27,906 [main] INFO  handler.ContextHandler (ContextHandler.java:doStart(781)) - Started o.e.j.s.ServletContextHandler@5042e3d0{/static,jar:file:/home/user/.m2/repository/org/apache/hadoop/hadoop-hdds-container-service/0.5.0-SNAPSHOT/hadoop-hdds-container-service-0.5.0-SNAPSHOT.jar!/webapps/static,AVAILABLE}
2019-10-14 12:30:27,936 [main] INFO  handler.ContextHandler (ContextHandler.java:doStart(781)) - Started o.e.j.w.WebAppContext@1de4bee0{/,file:///tmp/jetty-0.0.0.0-43608-hddsDatanode-_-any-3078237163598681658.dir/webapp/,AVAILABLE}{/hddsDatanode}
2019-10-14 12:30:27,936 [main] INFO  server.AbstractConnector (AbstractConnector.java:doStart(278)) - Started ServerConnector@3ece79fe{HTTP/1.1,[http/1.1]}{0.0.0.0:43608}
2019-10-14 12:30:27,938 [main] INFO  server.Server (Server.java:doStart(419)) - Started @126133ms
2019-10-14 12:30:27,938 [main] WARN  impl.MetricsSystemImpl (MetricsSystemImpl.java:register(276)) - Sink prometheus already exists!
2019-10-14 12:30:27,938 [main] INFO  server.BaseHttpServer (BaseHttpServer.java:updateConnectorAddress(215)) - HTTP server of HDDSDATANODE is listening at http://0.0.0.0:43608
2019-10-14 12:30:27,939 [main] INFO  impl.MetricsSystemImpl (MetricsSystemImpl.java:init(158)) - HddsDatanode metrics system started (again)
2019-10-14 12:30:27,943 [org.apache.hadoop.util.JvmPauseMonitor$Monitor@597b631a] INFO  util.JvmPauseMonitor (JvmPauseMonitor.java:run(188)) - Starting JVM pause monitor
2019-10-14 12:30:27,943 [main] INFO  ozone.HddsDatanodeService (HddsDatanodeService.java:start(184)) - HddsDatanodeService host:pr-hdds-2196-v6glg-1693409637 ip:192.168.157.204
2019-10-14 12:30:27,944 [Datanode State Machine Thread - 0] INFO  datanode.InitDatanodeState (InitDatanodeState.java:persistContainerDatanodeDetails(140)) - DatanodeDetails is persisted to /workdir/hadoop-ozone/integration-test/target/test-dir/MiniOzoneClusterImpl-2a855a77-bf5f-41ff-8656-d75411ce3d15/datanode-5/meta/datanode.id
2019-10-14 12:30:27,949 [main] INFO  volume.HddsVolume (HddsVolume.java:<init>(176)) - Creating Volume: /workdir/hadoop-ozone/integration-test/target/test-dir/MiniOzoneClusterImpl-2a855a77-bf5f-41ff-8656-d75411ce3d15/datanode-6/data/containers/hdds of  storage type : DISK and capacity : 1482555576320
2019-10-14 12:30:27,950 [main] INFO  volume.VolumeSet (VolumeSet.java:initializeVolumeSet(170)) - Added Volume : /workdir/hadoop-ozone/integration-test/target/test-dir/MiniOzoneClusterImpl-2a855a77-bf5f-41ff-8656-d75411ce3d15/datanode-6/data/containers/hdds to VolumeSet
2019-10-14 12:30:27,950 [main] INFO  volume.ThrottledAsyncChecker (ThrottledAsyncChecker.java:schedule(141)) - Scheduling a check for org.apache.hadoop.ozone.container.common.volume.HddsVolume@68ef01a5
2019-10-14 12:30:27,950 [main] INFO  volume.HddsVolumeChecker (HddsVolumeChecker.java:checkAllVolumes(204)) - Scheduled health check for volume org.apache.hadoop.ozone.container.common.volume.HddsVolume@68ef01a5
2019-10-14 12:30:27,964 [main] INFO  impl.RaftServerProxy (ConfUtils.java:logGet(43)) - raft.rpc.type = GRPC (default)
2019-10-14 12:30:27,964 [main] INFO  grpc.GrpcFactory (GrpcFactory.java:checkPooledByteBufAllocatorUseCacheForAllThreads(45)) - PERFORMANCE WARNING: useCacheForAllThreads is true that may cause Netty to create a lot garbage objects and, as a result, trigger GC.
	It is recommended to disable useCacheForAllThreads by setting -Dorg.apache.ratis.thirdparty.io.netty.allocator.useCacheForAllThreads=false in command line.
2019-10-14 12:30:27,964 [main] INFO  grpc.GrpcConfigKeys$Server (ConfUtils.java:logGet(43)) - raft.grpc.server.port = 0 (default)
2019-10-14 12:30:27,964 [main] INFO  server.GrpcService (ConfUtils.java:logGet(43)) - raft.grpc.message.size.max = 33570816 (custom)
2019-10-14 12:30:27,964 [main] INFO  server.RaftServerConfigKeys (ConfUtils.java:logGet(43)) - raft.server.log.appender.buffer.byte-limit = 33554432 (custom)
2019-10-14 12:30:27,965 [main] INFO  server.GrpcService (ConfUtils.java:logGet(43)) - raft.grpc.flow.control.window = 1MB (=1048576) (default)
2019-10-14 12:30:27,965 [main] INFO  server.RaftServerConfigKeys (ConfUtils.java:logGet(43)) - raft.server.rpc.request.timeout = 3000ms (default)
2019-10-14 12:30:27,965 [main] INFO  server.RaftServerConfigKeys (ConfUtils.java:logGet(43)) - raft.server.storage.dir = [/workdir/hadoop-ozone/integration-test/target/test-dir/MiniOzoneClusterImpl-2a855a77-bf5f-41ff-8656-d75411ce3d15/datanode-6/data/ratis] (custom)
2019-10-14 12:30:27,966 [main] INFO  hdfs.DFSUtil (DFSUtil.java:httpServerTemplateForNNAndJN(1641)) - Starting Web-server for hddsDatanode at: http://0.0.0.0:0
2019-10-14 12:30:27,967 [main] INFO  server.AuthenticationFilter (AuthenticationFilter.java:constructSecretProvider(240)) - Unable to initialize FileSignerSecretProvider, falling back to use random secrets.
2019-10-14 12:30:27,968 [main] WARN  http.HttpRequestLog (HttpRequestLog.java:getRequestLog(97)) - Jetty request log can only be enabled using Log4j
2019-10-14 12:30:27,969 [main] INFO  http.HttpServer2 (HttpServer2.java:addGlobalFilter(975)) - Added global filter 'safety' (class=org.apache.hadoop.http.HttpServer2$QuotingInputFilter)
2019-10-14 12:30:27,969 [main] INFO  http.HttpServer2 (HttpServer2.java:addFilter(948)) - Added filter static_user_filter (class=org.apache.hadoop.http.lib.StaticUserWebFilter$StaticUserFilter) to context hddsDatanode
2019-10-14 12:30:27,969 [main] INFO  http.HttpServer2 (HttpServer2.java:addFilter(958)) - Added filter static_user_filter (class=org.apache.hadoop.http.lib.StaticUserWebFilter$StaticUserFilter) to context static
2019-10-14 12:30:27,969 [main] INFO  http.HttpServer2 (HttpServer2.java:addFilter(958)) - Added filter static_user_filter (class=org.apache.hadoop.http.lib.StaticUserWebFilter$StaticUserFilter) to context logs
2019-10-14 12:30:27,970 [main] INFO  http.HttpServer2 (HttpServer2.java:bindListener(1191)) - Jetty bound to port 44731
2019-10-14 12:30:27,970 [main] INFO  server.Server (Server.java:doStart(351)) - jetty-9.3.25.v20180904, build timestamp: 2018-09-04T21:11:46Z, git hash: 3ce520221d0240229c862b122d2b06c12a625732
2019-10-14 12:30:27,972 [main] INFO  handler.ContextHandler (ContextHandler.java:doStart(781)) - Started o.e.j.s.ServletContextHandler@626d2016{/logs,file:///workdir/hadoop-ozone/integration-test/target/log,AVAILABLE}
2019-10-14 12:30:27,972 [main] INFO  handler.ContextHandler (ContextHandler.java:doStart(781)) - Started o.e.j.s.ServletContextHandler@4f116ca2{/static,jar:file:/home/user/.m2/repository/org/apache/hadoop/hadoop-hdds-container-service/0.5.0-SNAPSHOT/hadoop-hdds-container-service-0.5.0-SNAPSHOT.jar!/webapps/static,AVAILABLE}
2019-10-14 12:30:28,010 [main] INFO  handler.ContextHandler (ContextHandler.java:doStart(781)) - Started o.e.j.w.WebAppContext@52d3fafd{/,file:///tmp/jetty-0.0.0.0-44731-hddsDatanode-_-any-1202699725333448884.dir/webapp/,AVAILABLE}{/hddsDatanode}
2019-10-14 12:30:28,011 [main] INFO  server.AbstractConnector (AbstractConnector.java:doStart(278)) - Started ServerConnector@7f0b93b4{HTTP/1.1,[http/1.1]}{0.0.0.0:44731}
2019-10-14 12:30:28,012 [main] INFO  server.Server (Server.java:doStart(419)) - Started @126208ms
2019-10-14 12:30:28,013 [main] WARN  impl.MetricsSystemImpl (MetricsSystemImpl.java:register(276)) - Sink prometheus already exists!
2019-10-14 12:30:28,013 [main] INFO  server.BaseHttpServer (BaseHttpServer.java:updateConnectorAddress(215)) - HTTP server of HDDSDATANODE is listening at http://0.0.0.0:44731
2019-10-14 12:30:28,014 [main] INFO  ozone.MiniOzoneClusterImpl (MiniOzoneClusterImpl.java:lambda$waitForClusterToBeReady$0(147)) - Waiting for cluster to be ready. Got 0 of 7 DN Heartbeats.
2019-10-14 12:30:28,015 [org.apache.hadoop.util.JvmPauseMonitor$Monitor@19a5cb64] INFO  util.JvmPauseMonitor (JvmPauseMonitor.java:run(188)) - Starting JVM pause monitor
2019-10-14 12:30:28,016 [Datanode State Machine Thread - 0] INFO  datanode.InitDatanodeState (InitDatanodeState.java:persistContainerDatanodeDetails(140)) - DatanodeDetails is persisted to /workdir/hadoop-ozone/integration-test/target/test-dir/MiniOzoneClusterImpl-2a855a77-bf5f-41ff-8656-d75411ce3d15/datanode-6/meta/datanode.id
2019-10-14 12:30:29,014 [main] INFO  ozone.MiniOzoneClusterImpl (MiniOzoneClusterImpl.java:lambda$waitForClusterToBeReady$0(147)) - Waiting for cluster to be ready. Got 0 of 7 DN Heartbeats.
2019-10-14 12:30:29,626 [Datanode State Machine Thread - 0] INFO  ozoneimpl.OzoneContainer (OzoneContainer.java:start(213)) - Attempting to start container services.
2019-10-14 12:30:29,627 [Datanode State Machine Thread - 0] INFO  ozoneimpl.OzoneContainer (OzoneContainer.java:startContainerScrub(177)) - Background container scanner has been disabled.
2019-10-14 12:30:29,627 [Datanode State Machine Thread - 0] INFO  ratis.XceiverServerRatis (XceiverServerRatis.java:start(418)) - Starting XceiverServerRatis 31a1c64f-2dfd-4f55-ad66-1c5dd23d4cab at port 0
2019-10-14 12:30:29,634 [Datanode State Machine Thread - 0] INFO  impl.RaftServerProxy (RaftServerProxy.java:lambda$start$3(299)) - 31a1c64f-2dfd-4f55-ad66-1c5dd23d4cab: start RPC server
2019-10-14 12:30:29,636 [Datanode State Machine Thread - 0] INFO  server.GrpcService (GrpcService.java:startImpl(158)) - 31a1c64f-2dfd-4f55-ad66-1c5dd23d4cab: GrpcService started, listening on 0.0.0.0/0.0.0.0:43565
2019-10-14 12:30:29,636 [Datanode State Machine Thread - 0] INFO  ratis.XceiverServerRatis (XceiverServerRatis.java:start(428)) - XceiverServerRatis 31a1c64f-2dfd-4f55-ad66-1c5dd23d4cab is started using port 43565
2019-10-14 12:30:29,638 [Datanode State Machine Thread - 0] INFO  server.XceiverServerGrpc (XceiverServerGrpc.java:start(149)) - XceiverServerGrpc 31a1c64f-2dfd-4f55-ad66-1c5dd23d4cab is started using port 32993
2019-10-14 12:30:29,686 [Datanode State Machine Thread - 0] INFO  ozoneimpl.OzoneContainer (OzoneContainer.java:start(213)) - Attempting to start container services.
2019-10-14 12:30:29,686 [Datanode State Machine Thread - 0] INFO  ozoneimpl.OzoneContainer (OzoneContainer.java:startContainerScrub(177)) - Background container scanner has been disabled.
2019-10-14 12:30:29,686 [Datanode State Machine Thread - 0] INFO  ratis.XceiverServerRatis (XceiverServerRatis.java:start(418)) - Starting XceiverServerRatis 1dab5bbc-306d-414b-bee9-799bfda5c805 at port 0
2019-10-14 12:30:29,692 [Datanode State Machine Thread - 0] INFO  impl.RaftServerProxy (RaftServerProxy.java:lambda$start$3(299)) - 1dab5bbc-306d-414b-bee9-799bfda5c805: start RPC server
2019-10-14 12:30:29,693 [Datanode State Machine Thread - 0] INFO  server.GrpcService (GrpcService.java:startImpl(158)) - 1dab5bbc-306d-414b-bee9-799bfda5c805: GrpcService started, listening on 0.0.0.0/0.0.0.0:34787
2019-10-14 12:30:29,693 [Datanode State Machine Thread - 0] INFO  ratis.XceiverServerRatis (XceiverServerRatis.java:start(428)) - XceiverServerRatis 1dab5bbc-306d-414b-bee9-799bfda5c805 is started using port 34787
2019-10-14 12:30:29,693 [Datanode State Machine Thread - 0] INFO  server.XceiverServerGrpc (XceiverServerGrpc.java:start(149)) - XceiverServerGrpc 1dab5bbc-306d-414b-bee9-799bfda5c805 is started using port 33427
2019-10-14 12:30:29,739 [Datanode State Machine Thread - 0] INFO  ozoneimpl.OzoneContainer (OzoneContainer.java:start(213)) - Attempting to start container services.
2019-10-14 12:30:29,741 [Datanode State Machine Thread - 0] INFO  ozoneimpl.OzoneContainer (OzoneContainer.java:startContainerScrub(177)) - Background container scanner has been disabled.
2019-10-14 12:30:29,741 [Datanode State Machine Thread - 0] INFO  ratis.XceiverServerRatis (XceiverServerRatis.java:start(418)) - Starting XceiverServerRatis 7ffb1a22-d777-4b7d-a742-5334fcca9894 at port 0
2019-10-14 12:30:29,747 [Datanode State Machine Thread - 0] INFO  impl.RaftServerProxy (RaftServerProxy.java:lambda$start$3(299)) - 7ffb1a22-d777-4b7d-a742-5334fcca9894: start RPC server
2019-10-14 12:30:29,748 [Datanode State Machine Thread - 0] INFO  server.GrpcService (GrpcService.java:startImpl(158)) - 7ffb1a22-d777-4b7d-a742-5334fcca9894: GrpcService started, listening on 0.0.0.0/0.0.0.0:39296
2019-10-14 12:30:29,748 [Datanode State Machine Thread - 0] INFO  ratis.XceiverServerRatis (XceiverServerRatis.java:start(428)) - XceiverServerRatis 7ffb1a22-d777-4b7d-a742-5334fcca9894 is started using port 39296
2019-10-14 12:30:29,748 [Datanode State Machine Thread - 0] INFO  server.XceiverServerGrpc (XceiverServerGrpc.java:start(149)) - XceiverServerGrpc 7ffb1a22-d777-4b7d-a742-5334fcca9894 is started using port 43779
2019-10-14 12:30:29,808 [Datanode State Machine Thread - 0] INFO  ozoneimpl.OzoneContainer (OzoneContainer.java:start(213)) - Attempting to start container services.
2019-10-14 12:30:29,808 [Datanode State Machine Thread - 0] INFO  ozoneimpl.OzoneContainer (OzoneContainer.java:startContainerScrub(177)) - Background container scanner has been disabled.
2019-10-14 12:30:29,808 [Datanode State Machine Thread - 0] INFO  ratis.XceiverServerRatis (XceiverServerRatis.java:start(418)) - Starting XceiverServerRatis 08ea17f0-c2a7-490c-b017-3d4732d6a778 at port 0
2019-10-14 12:30:29,813 [Datanode State Machine Thread - 0] INFO  impl.RaftServerProxy (RaftServerProxy.java:lambda$start$3(299)) - 08ea17f0-c2a7-490c-b017-3d4732d6a778: start RPC server
2019-10-14 12:30:29,814 [Datanode State Machine Thread - 0] INFO  server.GrpcService (GrpcService.java:startImpl(158)) - 08ea17f0-c2a7-490c-b017-3d4732d6a778: GrpcService started, listening on 0.0.0.0/0.0.0.0:46182
2019-10-14 12:30:29,814 [Datanode State Machine Thread - 0] INFO  ratis.XceiverServerRatis (XceiverServerRatis.java:start(428)) - XceiverServerRatis 08ea17f0-c2a7-490c-b017-3d4732d6a778 is started using port 46182
2019-10-14 12:30:29,814 [Datanode State Machine Thread - 0] INFO  server.XceiverServerGrpc (XceiverServerGrpc.java:start(149)) - XceiverServerGrpc 08ea17f0-c2a7-490c-b017-3d4732d6a778 is started using port 37454
2019-10-14 12:30:29,876 [Datanode State Machine Thread - 0] INFO  ozoneimpl.OzoneContainer (OzoneContainer.java:start(213)) - Attempting to start container services.
2019-10-14 12:30:29,876 [Datanode State Machine Thread - 0] INFO  ozoneimpl.OzoneContainer (OzoneContainer.java:startContainerScrub(177)) - Background container scanner has been disabled.
2019-10-14 12:30:29,876 [Datanode State Machine Thread - 0] INFO  ratis.XceiverServerRatis (XceiverServerRatis.java:start(418)) - Starting XceiverServerRatis 199a0fd4-43f3-465a-9568-1a721d7f4fad at port 0
2019-10-14 12:30:29,881 [Datanode State Machine Thread - 0] INFO  impl.RaftServerProxy (RaftServerProxy.java:lambda$start$3(299)) - 199a0fd4-43f3-465a-9568-1a721d7f4fad: start RPC server
2019-10-14 12:30:29,882 [Datanode State Machine Thread - 0] INFO  server.GrpcService (GrpcService.java:startImpl(158)) - 199a0fd4-43f3-465a-9568-1a721d7f4fad: GrpcService started, listening on 0.0.0.0/0.0.0.0:41302
2019-10-14 12:30:29,882 [Datanode State Machine Thread - 0] INFO  ratis.XceiverServerRatis (XceiverServerRatis.java:start(428)) - XceiverServerRatis 199a0fd4-43f3-465a-9568-1a721d7f4fad is started using port 41302
2019-10-14 12:30:29,885 [Datanode State Machine Thread - 0] INFO  server.XceiverServerGrpc (XceiverServerGrpc.java:start(149)) - XceiverServerGrpc 199a0fd4-43f3-465a-9568-1a721d7f4fad is started using port 34754
2019-10-14 12:30:29,952 [Datanode State Machine Thread - 0] INFO  ozoneimpl.OzoneContainer (OzoneContainer.java:start(213)) - Attempting to start container services.
2019-10-14 12:30:29,952 [Datanode State Machine Thread - 0] INFO  ozoneimpl.OzoneContainer (OzoneContainer.java:startContainerScrub(177)) - Background container scanner has been disabled.
2019-10-14 12:30:29,952 [Datanode State Machine Thread - 0] INFO  ratis.XceiverServerRatis (XceiverServerRatis.java:start(418)) - Starting XceiverServerRatis 01be2448-ed69-4310-b227-d291674bed64 at port 0
2019-10-14 12:30:29,959 [Datanode State Machine Thread - 0] INFO  impl.RaftServerProxy (RaftServerProxy.java:lambda$start$3(299)) - 01be2448-ed69-4310-b227-d291674bed64: start RPC server
2019-10-14 12:30:29,959 [Datanode State Machine Thread - 0] INFO  server.GrpcService (GrpcService.java:startImpl(158)) - 01be2448-ed69-4310-b227-d291674bed64: GrpcService started, listening on 0.0.0.0/0.0.0.0:39602
2019-10-14 12:30:29,959 [Datanode State Machine Thread - 0] INFO  ratis.XceiverServerRatis (XceiverServerRatis.java:start(428)) - XceiverServerRatis 01be2448-ed69-4310-b227-d291674bed64 is started using port 39602
2019-10-14 12:30:29,963 [Datanode State Machine Thread - 0] INFO  server.XceiverServerGrpc (XceiverServerGrpc.java:start(149)) - XceiverServerGrpc 01be2448-ed69-4310-b227-d291674bed64 is started using port 35333
2019-10-14 12:30:30,015 [main] INFO  ozone.MiniOzoneClusterImpl (MiniOzoneClusterImpl.java:lambda$waitForClusterToBeReady$0(147)) - Waiting for cluster to be ready. Got 0 of 7 DN Heartbeats.
2019-10-14 12:30:30,031 [Datanode State Machine Thread - 0] INFO  ozoneimpl.OzoneContainer (OzoneContainer.java:start(213)) - Attempting to start container services.
2019-10-14 12:30:30,031 [Datanode State Machine Thread - 0] INFO  ozoneimpl.OzoneContainer (OzoneContainer.java:startContainerScrub(177)) - Background container scanner has been disabled.
2019-10-14 12:30:30,031 [Datanode State Machine Thread - 0] INFO  ratis.XceiverServerRatis (XceiverServerRatis.java:start(418)) - Starting XceiverServerRatis 53680ec4-5c53-4026-b8d7-513efec466dc at port 0
2019-10-14 12:30:30,035 [Datanode State Machine Thread - 0] INFO  impl.RaftServerProxy (RaftServerProxy.java:lambda$start$3(299)) - 53680ec4-5c53-4026-b8d7-513efec466dc: start RPC server
2019-10-14 12:30:30,036 [Datanode State Machine Thread - 0] INFO  server.GrpcService (GrpcService.java:startImpl(158)) - 53680ec4-5c53-4026-b8d7-513efec466dc: GrpcService started, listening on 0.0.0.0/0.0.0.0:46646
2019-10-14 12:30:30,036 [Datanode State Machine Thread - 0] INFO  ratis.XceiverServerRatis (XceiverServerRatis.java:start(428)) - XceiverServerRatis 53680ec4-5c53-4026-b8d7-513efec466dc is started using port 46646
2019-10-14 12:30:30,036 [Datanode State Machine Thread - 0] INFO  server.XceiverServerGrpc (XceiverServerGrpc.java:start(149)) - XceiverServerGrpc 53680ec4-5c53-4026-b8d7-513efec466dc is started using port 46699
2019-10-14 12:30:31,016 [main] INFO  ozone.MiniOzoneClusterImpl (MiniOzoneClusterImpl.java:lambda$waitForClusterToBeReady$0(147)) - Waiting for cluster to be ready. Got 0 of 7 DN Heartbeats.
2019-10-14 12:30:31,613 [IPC Server handler 1 on 40862] INFO  net.NetworkTopology (NetworkTopologyImpl.java:add(111)) - Added a new node: /default-rack/31a1c64f-2dfd-4f55-ad66-1c5dd23d4cab
2019-10-14 12:30:31,616 [IPC Server handler 1 on 40862] INFO  node.SCMNodeManager (SCMNodeManager.java:register(313)) - Registered Data node : 31a1c64f-2dfd-4f55-ad66-1c5dd23d4cab{ip: 192.168.157.204, host: pr-hdds-2196-v6glg-1693409637, networkLocation: /default-rack, certSerialId: null}
2019-10-14 12:30:31,617 [EventQueue-NodeRegistrationContainerReportForDataNodeSafeModeRule] INFO  safemode.SCMSafeModeManager (DataNodeSafeModeRule.java:process(71)) - SCM in safe mode. 1 DataNodes registered, 1 required.
2019-10-14 12:30:31,619 [EventQueue-NodeRegistrationContainerReportForDataNodeSafeModeRule] INFO  safemode.SCMSafeModeManager (SCMSafeModeManager.java:validateSafeModeExitRules(177)) - ScmSafeModeManager, all rules are successfully validated
2019-10-14 12:30:31,620 [EventQueue-NodeRegistrationContainerReportForDataNodeSafeModeRule] INFO  safemode.SCMSafeModeManager (SCMSafeModeManager.java:exitSafeMode(193)) - SCM exiting safe mode.
2019-10-14 12:30:31,635 [grpc-default-executor-0] INFO  impl.RaftServerProxy (RaftServerProxy.java:addNew(89)) - 31a1c64f-2dfd-4f55-ad66-1c5dd23d4cab: addNew group-1AF9FD53068D:[31a1c64f-2dfd-4f55-ad66-1c5dd23d4cab:192.168.157.204:43565] returns group-1AF9FD53068D:java.util.concurrent.CompletableFuture@3128e69f[Not completed]
2019-10-14 12:30:31,640 [pool-207-thread-1] INFO  impl.RaftServerImpl (RaftServerImpl.java:<init>(95)) - 31a1c64f-2dfd-4f55-ad66-1c5dd23d4cab: new RaftServerImpl for group-1AF9FD53068D:[31a1c64f-2dfd-4f55-ad66-1c5dd23d4cab:192.168.157.204:43565] with ContainerStateMachine:uninitialized
2019-10-14 12:30:31,640 [pool-207-thread-1] INFO  server.RaftServerConfigKeys (ConfUtils.java:logGet(43)) - raft.server.rpc.timeout.min = 5s (custom)
2019-10-14 12:30:31,640 [pool-207-thread-1] INFO  server.RaftServerConfigKeys (ConfUtils.java:logGet(43)) - raft.server.rpc.timeout.max = 5200ms (custom)
2019-10-14 12:30:31,640 [pool-207-thread-1] INFO  server.RaftServerConfigKeys (ConfUtils.java:logGet(43)) - raft.server.rpcslowness.timeout = 120s (custom)
2019-10-14 12:30:31,640 [pool-207-thread-1] INFO  server.RaftServerConfigKeys (ConfUtils.java:logGet(43)) - raft.server.sleep.deviation.threshold = 300 (default)
2019-10-14 12:30:31,641 [pool-207-thread-1] INFO  server.RaftServerConfigKeys (ConfUtils.java:logGet(43)) - raft.server.log.appender.install.snapshot.enabled = false (custom)
2019-10-14 12:30:31,641 [pool-207-thread-1] INFO  impl.RaftServerImpl (ServerState.java:<init>(103)) - 31a1c64f-2dfd-4f55-ad66-1c5dd23d4cab@group-1AF9FD53068D: ConfigurationManager, init=-1: [31a1c64f-2dfd-4f55-ad66-1c5dd23d4cab:192.168.157.204:43565], old=null, confs=<EMPTY_MAP>
2019-10-14 12:30:31,641 [pool-207-thread-1] INFO  server.RaftServerConfigKeys (ConfUtils.java:logGet(43)) - raft.server.storage.dir = [/workdir/hadoop-ozone/integration-test/target/test-dir/MiniOzoneClusterImpl-2a855a77-bf5f-41ff-8656-d75411ce3d15/datanode-0/data/ratis] (custom)
2019-10-14 12:30:31,642 [pool-207-thread-1] INFO  server.RaftServerConfigKeys (ConfUtils.java:logGet(43)) - raft.server.log.corruption.policy = EXCEPTION (default)
2019-10-14 12:30:31,642 [pool-207-thread-1] INFO  storage.RaftStorageDirectory (RaftStorageDirectory.java:analyzeStorage(246)) - The storage directory /workdir/hadoop-ozone/integration-test/target/test-dir/MiniOzoneClusterImpl-2a855a77-bf5f-41ff-8656-d75411ce3d15/datanode-0/data/ratis/b434cdf4-7231-4492-b433-1af9fd53068d does not exist. Creating ...
2019-10-14 12:30:31,657 [pool-207-thread-1] INFO  storage.RaftStorageDirectory (RaftStorageDirectory.java:tryLock(328)) - Lock on /workdir/hadoop-ozone/integration-test/target/test-dir/MiniOzoneClusterImpl-2a855a77-bf5f-41ff-8656-d75411ce3d15/datanode-0/data/ratis/b434cdf4-7231-4492-b433-1af9fd53068d/in_use.lock acquired by nodename 3702@pr-hdds-2196-v6glg-1693409637
2019-10-14 12:30:31,672 [IPC Server handler 5 on 40862] INFO  net.NetworkTopology (NetworkTopologyImpl.java:add(111)) - Added a new node: /default-rack/1dab5bbc-306d-414b-bee9-799bfda5c805
2019-10-14 12:30:31,673 [IPC Server handler 5 on 40862] INFO  node.SCMNodeManager (SCMNodeManager.java:register(313)) - Registered Data node : 1dab5bbc-306d-414b-bee9-799bfda5c805{ip: 192.168.157.204, host: pr-hdds-2196-v6glg-1693409637, networkLocation: /default-rack, certSerialId: null}
2019-10-14 12:30:31,676 [pool-207-thread-1] INFO  storage.RaftStorage (RaftStorage.java:format(84)) - Storage directory /workdir/hadoop-ozone/integration-test/target/test-dir/MiniOzoneClusterImpl-2a855a77-bf5f-41ff-8656-d75411ce3d15/datanode-0/data/ratis/b434cdf4-7231-4492-b433-1af9fd53068d has been successfully formatted.
2019-10-14 12:30:31,676 [pool-207-thread-1] INFO  ratis.ContainerStateMachine (ContainerStateMachine.java:loadSnapshot(231)) - group-1AF9FD53068D: The snapshot info is null. Setting the last applied indexto:(t:0, i:~)
2019-10-14 12:30:31,676 [pool-207-thread-1] INFO  server.RaftServerConfigKeys (ConfUtils.java:logGet(43)) - raft.server.notification.no-leader.timeout = 120s (custom)
2019-10-14 12:30:31,677 [pool-207-thread-1] INFO  server.RaftServerConfigKeys (ConfUtils.java:logGet(43)) - raft.server.log.use.memory = false (default)
2019-10-14 12:30:31,677 [pool-207-thread-1] INFO  server.RaftServerConfigKeys (ConfUtils.java:logGet(43)) - raft.server.log.purge.gap = 1000000 (custom)
2019-10-14 12:30:31,677 [pool-207-thread-1] INFO  server.RaftServerConfigKeys (ConfUtils.java:logGet(43)) - raft.server.log.appender.buffer.byte-limit = 33554432 (custom)
2019-10-14 12:30:31,677 [pool-207-thread-1] INFO  server.RaftServerConfigKeys (ConfUtils.java:logGet(43)) - raft.server.log.segment.size.max = 1048576 (custom)
2019-10-14 12:30:31,680 [pool-207-thread-1] INFO  server.RaftServerConfigKeys (ConfUtils.java:logGet(43)) - raft.server.log.segment.cache.num.max = 2 (custom)
2019-10-14 12:30:31,680 [pool-207-thread-1] INFO  segmented.SegmentedRaftLogWorker (SegmentedRaftLogWorker.java:<init>(173)) - new 31a1c64f-2dfd-4f55-ad66-1c5dd23d4cab@group-1AF9FD53068D-SegmentedRaftLogWorker for RaftStorage:Storage Directory /workdir/hadoop-ozone/integration-test/target/test-dir/MiniOzoneClusterImpl-2a855a77-bf5f-41ff-8656-d75411ce3d15/datanode-0/data/ratis/b434cdf4-7231-4492-b433-1af9fd53068d
2019-10-14 12:30:31,681 [pool-207-thread-1] INFO  server.RaftServerConfigKeys (ConfUtils.java:logGet(43)) - raft.server.log.queue.byte-limit = 2147483647 (custom)
2019-10-14 12:30:31,681 [pool-207-thread-1] INFO  server.RaftServerConfigKeys (ConfUtils.java:logGet(43)) - raft.server.log.queue.element-limit = 1024 (custom)
2019-10-14 12:30:31,681 [pool-207-thread-1] INFO  server.RaftServerConfigKeys (ConfUtils.java:logGet(43)) - raft.server.log.segment.size.max = 1048576 (custom)
2019-10-14 12:30:31,681 [pool-207-thread-1] INFO  server.RaftServerConfigKeys (ConfUtils.java:logGet(43)) - raft.server.log.preallocated.size = 16384 (custom)
2019-10-14 12:30:31,681 [pool-207-thread-1] INFO  server.RaftServerConfigKeys (ConfUtils.java:logGet(43)) - raft.server.log.write.buffer.size = 33554432 (custom)
2019-10-14 12:30:31,681 [pool-207-thread-1] INFO  server.RaftServerConfigKeys (ConfUtils.java:logGet(43)) - raft.server.log.force.sync.num = 128 (default)
2019-10-14 12:30:31,682 [pool-207-thread-1] INFO  server.RaftServerConfigKeys (ConfUtils.java:logGet(43)) - raft.server.log.statemachine.data.sync = true (default)
2019-10-14 12:30:31,682 [pool-207-thread-1] INFO  server.RaftServerConfigKeys (ConfUtils.java:logGet(43)) - raft.server.log.statemachine.data.sync.timeout = 10s (default)
2019-10-14 12:30:31,682 [pool-207-thread-1] INFO  server.RaftServerConfigKeys (ConfUtils.java:logGet(43)) - raft.server.log.statemachine.data.sync.timeout.retry = -1 (default)
2019-10-14 12:30:31,682 [pool-207-thread-1] INFO  server.RaftServerConfigKeys (ConfUtils.java:logGet(43)) - raft.server.log.statemachine.data.caching.enabled = true (custom)
2019-10-14 12:30:31,683 [pool-207-thread-1] INFO  segmented.SegmentedRaftLogWorker (SegmentedRaftLogWorker.java:lambda$new$0(128)) - 31a1c64f-2dfd-4f55-ad66-1c5dd23d4cab@group-1AF9FD53068D-SegmentedRaftLogWorker: flushIndex: setUnconditionally 0 -> -1
2019-10-14 12:30:31,683 [pool-207-thread-1] INFO  server.RaftServerConfigKeys (ConfUtils.java:logGet(43)) - raft.server.snapshot.auto.trigger.enabled = true (custom)
2019-10-14 12:30:31,684 [pool-207-thread-1] INFO  server.RaftServerConfigKeys (ConfUtils.java:logGet(43)) - raft.server.snapshot.auto.trigger.threshold = 10000 (custom)
2019-10-14 12:30:31,684 [pool-207-thread-1] INFO  server.RaftServerConfigKeys (ConfUtils.java:logGet(43)) - raft.server.snapshot.retention.file.num = 5 (custom)
2019-10-14 12:30:31,684 [pool-207-thread-1] INFO  server.RaftServerConfigKeys (ConfUtils.java:logGet(43)) - raft.server.retrycache.expirytime = 600000ms (custom)
2019-10-14 12:30:31,686 [pool-207-thread-1] INFO  impl.RaftServerImpl (RaftServerImpl.java:start(181)) - 31a1c64f-2dfd-4f55-ad66-1c5dd23d4cab@group-1AF9FD53068D: start as a follower, conf=-1: [31a1c64f-2dfd-4f55-ad66-1c5dd23d4cab:192.168.157.204:43565], old=null
2019-10-14 12:30:31,686 [pool-207-thread-1] INFO  impl.RaftServerImpl (RaftServerImpl.java:setRole(170)) - 31a1c64f-2dfd-4f55-ad66-1c5dd23d4cab@group-1AF9FD53068D: changes role from      null to FOLLOWER at term 0 for startAsFollower
2019-10-14 12:30:31,686 [pool-207-thread-1] INFO  impl.RoleInfo (RoleInfo.java:updateAndGet(143)) - 31a1c64f-2dfd-4f55-ad66-1c5dd23d4cab: start FollowerState
2019-10-14 12:30:31,687 [pool-207-thread-1] INFO  util.JmxRegister (JmxRegister.java:tryRegister(44)) - Successfully registered JMX Bean with object name Ratis:service=RaftServer,group=group-1AF9FD53068D,id=31a1c64f-2dfd-4f55-ad66-1c5dd23d4cab
2019-10-14 12:30:31,695 [RatisPipelineUtilsThread] INFO  pipeline.PipelineStateManager (PipelineStateManager.java:addPipeline(56)) - Created pipeline Pipeline[ Id: b434cdf4-7231-4492-b433-1af9fd53068d, Nodes: 31a1c64f-2dfd-4f55-ad66-1c5dd23d4cab{ip: 192.168.157.204, host: pr-hdds-2196-v6glg-1693409637, networkLocation: /default-rack, certSerialId: null}, Type:RATIS, Factor:ONE, State:OPEN]
2019-10-14 12:30:31,717 [grpc-default-executor-0] INFO  impl.RaftServerProxy (RaftServerProxy.java:addNew(89)) - 1dab5bbc-306d-414b-bee9-799bfda5c805: addNew group-D12F0C14DBE7:[1dab5bbc-306d-414b-bee9-799bfda5c805:192.168.157.204:34787] returns group-D12F0C14DBE7:java.util.concurrent.CompletableFuture@7ba523be[Not completed]
2019-10-14 12:30:31,719 [pool-217-thread-1] INFO  impl.RaftServerImpl (RaftServerImpl.java:<init>(95)) - 1dab5bbc-306d-414b-bee9-799bfda5c805: new RaftServerImpl for group-D12F0C14DBE7:[1dab5bbc-306d-414b-bee9-799bfda5c805:192.168.157.204:34787] with ContainerStateMachine:uninitialized
2019-10-14 12:30:31,719 [pool-217-thread-1] INFO  server.RaftServerConfigKeys (ConfUtils.java:logGet(43)) - raft.server.rpc.timeout.min = 5s (custom)
2019-10-14 12:30:31,719 [pool-217-thread-1] INFO  server.RaftServerConfigKeys (ConfUtils.java:logGet(43)) - raft.server.rpc.timeout.max = 5200ms (custom)
2019-10-14 12:30:31,720 [pool-217-thread-1] INFO  server.RaftServerConfigKeys (ConfUtils.java:logGet(43)) - raft.server.rpcslowness.timeout = 120s (custom)
2019-10-14 12:30:31,720 [pool-217-thread-1] INFO  server.RaftServerConfigKeys (ConfUtils.java:logGet(43)) - raft.server.sleep.deviation.threshold = 300 (default)
2019-10-14 12:30:31,720 [pool-217-thread-1] INFO  server.RaftServerConfigKeys (ConfUtils.java:logGet(43)) - raft.server.log.appender.install.snapshot.enabled = false (custom)
2019-10-14 12:30:31,720 [pool-217-thread-1] INFO  impl.RaftServerImpl (ServerState.java:<init>(103)) - 1dab5bbc-306d-414b-bee9-799bfda5c805@group-D12F0C14DBE7: ConfigurationManager, init=-1: [1dab5bbc-306d-414b-bee9-799bfda5c805:192.168.157.204:34787], old=null, confs=<EMPTY_MAP>
2019-10-14 12:30:31,720 [pool-217-thread-1] INFO  server.RaftServerConfigKeys (ConfUtils.java:logGet(43)) - raft.server.storage.dir = [/workdir/hadoop-ozone/integration-test/target/test-dir/MiniOzoneClusterImpl-2a855a77-bf5f-41ff-8656-d75411ce3d15/datanode-1/data/ratis] (custom)
2019-10-14 12:30:31,721 [pool-217-thread-1] INFO  server.RaftServerConfigKeys (ConfUtils.java:logGet(43)) - raft.server.log.corruption.policy = EXCEPTION (default)
2019-10-14 12:30:31,721 [pool-217-thread-1] INFO  storage.RaftStorageDirectory (RaftStorageDirectory.java:analyzeStorage(246)) - The storage directory /workdir/hadoop-ozone/integration-test/target/test-dir/MiniOzoneClusterImpl-2a855a77-bf5f-41ff-8656-d75411ce3d15/datanode-1/data/ratis/aec77919-f247-4006-9064-d12f0c14dbe7 does not exist. Creating ...
2019-10-14 12:30:31,733 [IPC Server handler 6 on 40862] INFO  net.NetworkTopology (NetworkTopologyImpl.java:add(111)) - Added a new node: /default-rack/7ffb1a22-d777-4b7d-a742-5334fcca9894
2019-10-14 12:30:31,733 [IPC Server handler 6 on 40862] INFO  node.SCMNodeManager (SCMNodeManager.java:register(313)) - Registered Data node : 7ffb1a22-d777-4b7d-a742-5334fcca9894{ip: 192.168.157.204, host: pr-hdds-2196-v6glg-1693409637, networkLocation: /default-rack, certSerialId: null}
2019-10-14 12:30:31,734 [pool-217-thread-1] INFO  storage.RaftStorageDirectory (RaftStorageDirectory.java:tryLock(328)) - Lock on /workdir/hadoop-ozone/integration-test/target/test-dir/MiniOzoneClusterImpl-2a855a77-bf5f-41ff-8656-d75411ce3d15/datanode-1/data/ratis/aec77919-f247-4006-9064-d12f0c14dbe7/in_use.lock acquired by nodename 3702@pr-hdds-2196-v6glg-1693409637
2019-10-14 12:30:31,747 [pool-217-thread-1] INFO  storage.RaftStorage (RaftStorage.java:format(84)) - Storage directory /workdir/hadoop-ozone/integration-test/target/test-dir/MiniOzoneClusterImpl-2a855a77-bf5f-41ff-8656-d75411ce3d15/datanode-1/data/ratis/aec77919-f247-4006-9064-d12f0c14dbe7 has been successfully formatted.
2019-10-14 12:30:31,748 [pool-217-thread-1] INFO  ratis.ContainerStateMachine (ContainerStateMachine.java:loadSnapshot(231)) - group-D12F0C14DBE7: The snapshot info is null. Setting the last applied indexto:(t:0, i:~)
2019-10-14 12:30:31,748 [pool-217-thread-1] INFO  server.RaftServerConfigKeys (ConfUtils.java:logGet(43)) - raft.server.notification.no-leader.timeout = 120s (custom)
2019-10-14 12:30:31,748 [pool-217-thread-1] INFO  server.RaftServerConfigKeys (ConfUtils.java:logGet(43)) - raft.server.log.use.memory = false (default)
2019-10-14 12:30:31,748 [pool-217-thread-1] INFO  server.RaftServerConfigKeys (ConfUtils.java:logGet(43)) - raft.server.log.purge.gap = 1000000 (custom)
2019-10-14 12:30:31,748 [pool-217-thread-1] INFO  server.RaftServerConfigKeys (ConfUtils.java:logGet(43)) - raft.server.log.appender.buffer.byte-limit = 33554432 (custom)
2019-10-14 12:30:31,748 [pool-217-thread-1] INFO  server.RaftServerConfigKeys (ConfUtils.java:logGet(43)) - raft.server.log.segment.size.max = 1048576 (custom)
2019-10-14 12:30:31,750 [pool-217-thread-1] INFO  server.RaftServerConfigKeys (ConfUtils.java:logGet(43)) - raft.server.log.segment.cache.num.max = 2 (custom)
2019-10-14 12:30:31,751 [pool-217-thread-1] INFO  segmented.SegmentedRaftLogWorker (SegmentedRaftLogWorker.java:<init>(173)) - new 1dab5bbc-306d-414b-bee9-799bfda5c805@group-D12F0C14DBE7-SegmentedRaftLogWorker for RaftStorage:Storage Directory /workdir/hadoop-ozone/integration-test/target/test-dir/MiniOzoneClusterImpl-2a855a77-bf5f-41ff-8656-d75411ce3d15/datanode-1/data/ratis/aec77919-f247-4006-9064-d12f0c14dbe7
2019-10-14 12:30:31,751 [pool-217-thread-1] INFO  server.RaftServerConfigKeys (ConfUtils.java:logGet(43)) - raft.server.log.queue.byte-limit = 2147483647 (custom)
2019-10-14 12:30:31,751 [pool-217-thread-1] INFO  server.RaftServerConfigKeys (ConfUtils.java:logGet(43)) - raft.server.log.queue.element-limit = 1024 (custom)
2019-10-14 12:30:31,751 [pool-217-thread-1] INFO  server.RaftServerConfigKeys (ConfUtils.java:logGet(43)) - raft.server.log.segment.size.max = 1048576 (custom)
2019-10-14 12:30:31,751 [pool-217-thread-1] INFO  server.RaftServerConfigKeys (ConfUtils.java:logGet(43)) - raft.server.log.preallocated.size = 16384 (custom)
2019-10-14 12:30:31,751 [pool-217-thread-1] INFO  server.RaftServerConfigKeys (ConfUtils.java:logGet(43)) - raft.server.log.write.buffer.size = 33554432 (custom)
2019-10-14 12:30:31,751 [pool-217-thread-1] INFO  server.RaftServerConfigKeys (ConfUtils.java:logGet(43)) - raft.server.log.force.sync.num = 128 (default)
2019-10-14 12:30:31,752 [pool-217-thread-1] INFO  server.RaftServerConfigKeys (ConfUtils.java:logGet(43)) - raft.server.log.statemachine.data.sync = true (default)
2019-10-14 12:30:31,752 [pool-217-thread-1] INFO  server.RaftServerConfigKeys (ConfUtils.java:logGet(43)) - raft.server.log.statemachine.data.sync.timeout = 10s (default)
2019-10-14 12:30:31,752 [pool-217-thread-1] INFO  server.RaftServerConfigKeys (ConfUtils.java:logGet(43)) - raft.server.log.statemachine.data.sync.timeout.retry = -1 (default)
2019-10-14 12:30:31,752 [pool-217-thread-1] INFO  server.RaftServerConfigKeys (ConfUtils.java:logGet(43)) - raft.server.log.statemachine.data.caching.enabled = true (custom)
2019-10-14 12:30:31,753 [pool-217-thread-1] INFO  segmented.SegmentedRaftLogWorker (SegmentedRaftLogWorker.java:lambda$new$0(128)) - 1dab5bbc-306d-414b-bee9-799bfda5c805@group-D12F0C14DBE7-SegmentedRaftLogWorker: flushIndex: setUnconditionally 0 -> -1
2019-10-14 12:30:31,753 [pool-217-thread-1] INFO  server.RaftServerConfigKeys (ConfUtils.java:logGet(43)) - raft.server.snapshot.auto.trigger.enabled = true (custom)
2019-10-14 12:30:31,753 [pool-217-thread-1] INFO  server.RaftServerConfigKeys (ConfUtils.java:logGet(43)) - raft.server.snapshot.auto.trigger.threshold = 10000 (custom)
2019-10-14 12:30:31,753 [pool-217-thread-1] INFO  server.RaftServerConfigKeys (ConfUtils.java:logGet(43)) - raft.server.snapshot.retention.file.num = 5 (custom)
2019-10-14 12:30:31,753 [pool-217-thread-1] INFO  server.RaftServerConfigKeys (ConfUtils.java:logGet(43)) - raft.server.retrycache.expirytime = 600000ms (custom)
2019-10-14 12:30:31,755 [pool-217-thread-1] INFO  impl.RaftServerImpl (RaftServerImpl.java:start(181)) - 1dab5bbc-306d-414b-bee9-799bfda5c805@group-D12F0C14DBE7: start as a follower, conf=-1: [1dab5bbc-306d-414b-bee9-799bfda5c805:192.168.157.204:34787], old=null
2019-10-14 12:30:31,756 [pool-217-thread-1] INFO  impl.RaftServerImpl (RaftServerImpl.java:setRole(170)) - 1dab5bbc-306d-414b-bee9-799bfda5c805@group-D12F0C14DBE7: changes role from      null to FOLLOWER at term 0 for startAsFollower
2019-10-14 12:30:31,756 [pool-217-thread-1] INFO  impl.RoleInfo (RoleInfo.java:updateAndGet(143)) - 1dab5bbc-306d-414b-bee9-799bfda5c805: start FollowerState
2019-10-14 12:30:31,756 [pool-217-thread-1] INFO  util.JmxRegister (JmxRegister.java:tryRegister(44)) - Successfully registered JMX Bean with object name Ratis:service=RaftServer,group=group-D12F0C14DBE7,id=1dab5bbc-306d-414b-bee9-799bfda5c805
2019-10-14 12:30:31,764 [RatisPipelineUtilsThread] INFO  pipeline.PipelineStateManager (PipelineStateManager.java:addPipeline(56)) - Created pipeline Pipeline[ Id: aec77919-f247-4006-9064-d12f0c14dbe7, Nodes: 1dab5bbc-306d-414b-bee9-799bfda5c805{ip: 192.168.157.204, host: pr-hdds-2196-v6glg-1693409637, networkLocation: /default-rack, certSerialId: null}, Type:RATIS, Factor:ONE, State:OPEN]
2019-10-14 12:30:31,775 [grpc-default-executor-0] INFO  impl.RaftServerProxy (RaftServerProxy.java:addNew(89)) - 7ffb1a22-d777-4b7d-a742-5334fcca9894: addNew group-520DF21F3820:[7ffb1a22-d777-4b7d-a742-5334fcca9894:192.168.157.204:39296] returns group-520DF21F3820:java.util.concurrent.CompletableFuture@2d0d82cc[Not completed]
2019-10-14 12:30:31,777 [pool-227-thread-1] INFO  impl.RaftServerImpl (RaftServerImpl.java:<init>(95)) - 7ffb1a22-d777-4b7d-a742-5334fcca9894: new RaftServerImpl for group-520DF21F3820:[7ffb1a22-d777-4b7d-a742-5334fcca9894:192.168.157.204:39296] with ContainerStateMachine:uninitialized
2019-10-14 12:30:31,777 [pool-227-thread-1] INFO  server.RaftServerConfigKeys (ConfUtils.java:logGet(43)) - raft.server.rpc.timeout.min = 5s (custom)
2019-10-14 12:30:31,777 [pool-227-thread-1] INFO  server.RaftServerConfigKeys (ConfUtils.java:logGet(43)) - raft.server.rpc.timeout.max = 5200ms (custom)
2019-10-14 12:30:31,777 [pool-227-thread-1] INFO  server.RaftServerConfigKeys (ConfUtils.java:logGet(43)) - raft.server.rpcslowness.timeout = 120s (custom)
2019-10-14 12:30:31,777 [pool-227-thread-1] INFO  server.RaftServerConfigKeys (ConfUtils.java:logGet(43)) - raft.server.sleep.deviation.threshold = 300 (default)
2019-10-14 12:30:31,777 [pool-227-thread-1] INFO  server.RaftServerConfigKeys (ConfUtils.java:logGet(43)) - raft.server.log.appender.install.snapshot.enabled = false (custom)
2019-10-14 12:30:31,777 [pool-227-thread-1] INFO  impl.RaftServerImpl (ServerState.java:<init>(103)) - 7ffb1a22-d777-4b7d-a742-5334fcca9894@group-520DF21F3820: ConfigurationManager, init=-1: [7ffb1a22-d777-4b7d-a742-5334fcca9894:192.168.157.204:39296], old=null, confs=<EMPTY_MAP>
2019-10-14 12:30:31,777 [pool-227-thread-1] INFO  server.RaftServerConfigKeys (ConfUtils.java:logGet(43)) - raft.server.storage.dir = [/workdir/hadoop-ozone/integration-test/target/test-dir/MiniOzoneClusterImpl-2a855a77-bf5f-41ff-8656-d75411ce3d15/datanode-2/data/ratis] (custom)
2019-10-14 12:30:31,778 [pool-227-thread-1] INFO  server.RaftServerConfigKeys (ConfUtils.java:logGet(43)) - raft.server.log.corruption.policy = EXCEPTION (default)
2019-10-14 12:30:31,778 [pool-227-thread-1] INFO  storage.RaftStorageDirectory (RaftStorageDirectory.java:analyzeStorage(246)) - The storage directory /workdir/hadoop-ozone/integration-test/target/test-dir/MiniOzoneClusterImpl-2a855a77-bf5f-41ff-8656-d75411ce3d15/datanode-2/data/ratis/29e86c64-1852-440f-9df3-520df21f3820 does not exist. Creating ...
2019-10-14 12:30:31,790 [pool-227-thread-1] INFO  storage.RaftStorageDirectory (RaftStorageDirectory.java:tryLock(328)) - Lock on /workdir/hadoop-ozone/integration-test/target/test-dir/MiniOzoneClusterImpl-2a855a77-bf5f-41ff-8656-d75411ce3d15/datanode-2/data/ratis/29e86c64-1852-440f-9df3-520df21f3820/in_use.lock acquired by nodename 3702@pr-hdds-2196-v6glg-1693409637
2019-10-14 12:30:31,796 [IPC Server handler 0 on 40862] INFO  net.NetworkTopology (NetworkTopologyImpl.java:add(111)) - Added a new node: /default-rack/08ea17f0-c2a7-490c-b017-3d4732d6a778
2019-10-14 12:30:31,796 [IPC Server handler 0 on 40862] INFO  node.SCMNodeManager (SCMNodeManager.java:register(313)) - Registered Data node : 08ea17f0-c2a7-490c-b017-3d4732d6a778{ip: 192.168.157.204, host: pr-hdds-2196-v6glg-1693409637, networkLocation: /default-rack, certSerialId: null}
2019-10-14 12:30:31,803 [pool-227-thread-1] INFO  storage.RaftStorage (RaftStorage.java:format(84)) - Storage directory /workdir/hadoop-ozone/integration-test/target/test-dir/MiniOzoneClusterImpl-2a855a77-bf5f-41ff-8656-d75411ce3d15/datanode-2/data/ratis/29e86c64-1852-440f-9df3-520df21f3820 has been successfully formatted.
2019-10-14 12:30:31,804 [pool-227-thread-1] INFO  ratis.ContainerStateMachine (ContainerStateMachine.java:loadSnapshot(231)) - group-520DF21F3820: The snapshot info is null. Setting the last applied indexto:(t:0, i:~)
2019-10-14 12:30:31,804 [pool-227-thread-1] INFO  server.RaftServerConfigKeys (ConfUtils.java:logGet(43)) - raft.server.notification.no-leader.timeout = 120s (custom)
2019-10-14 12:30:31,804 [pool-227-thread-1] INFO  server.RaftServerConfigKeys (ConfUtils.java:logGet(43)) - raft.server.log.use.memory = false (default)
2019-10-14 12:30:31,805 [pool-227-thread-1] INFO  server.RaftServerConfigKeys (ConfUtils.java:logGet(43)) - raft.server.log.purge.gap = 1000000 (custom)
2019-10-14 12:30:31,805 [pool-227-thread-1] INFO  server.RaftServerConfigKeys (ConfUtils.java:logGet(43)) - raft.server.log.appender.buffer.byte-limit = 33554432 (custom)
2019-10-14 12:30:31,805 [pool-227-thread-1] INFO  server.RaftServerConfigKeys (ConfUtils.java:logGet(43)) - raft.server.log.segment.size.max = 1048576 (custom)
2019-10-14 12:30:31,806 [pool-227-thread-1] INFO  server.RaftServerConfigKeys (ConfUtils.java:logGet(43)) - raft.server.log.segment.cache.num.max = 2 (custom)
2019-10-14 12:30:31,807 [pool-227-thread-1] INFO  segmented.SegmentedRaftLogWorker (SegmentedRaftLogWorker.java:<init>(173)) - new 7ffb1a22-d777-4b7d-a742-5334fcca9894@group-520DF21F3820-SegmentedRaftLogWorker for RaftStorage:Storage Directory /workdir/hadoop-ozone/integration-test/target/test-dir/MiniOzoneClusterImpl-2a855a77-bf5f-41ff-8656-d75411ce3d15/datanode-2/data/ratis/29e86c64-1852-440f-9df3-520df21f3820
2019-10-14 12:30:31,807 [pool-227-thread-1] INFO  server.RaftServerConfigKeys (ConfUtils.java:logGet(43)) - raft.server.log.queue.byte-limit = 2147483647 (custom)
2019-10-14 12:30:31,807 [pool-227-thread-1] INFO  server.RaftServerConfigKeys (ConfUtils.java:logGet(43)) - raft.server.log.queue.element-limit = 1024 (custom)
2019-10-14 12:30:31,807 [pool-227-thread-1] INFO  server.RaftServerConfigKeys (ConfUtils.java:logGet(43)) - raft.server.log.segment.size.max = 1048576 (custom)
2019-10-14 12:30:31,807 [pool-227-thread-1] INFO  server.RaftServerConfigKeys (ConfUtils.java:logGet(43)) - raft.server.log.preallocated.size = 16384 (custom)
2019-10-14 12:30:31,807 [pool-227-thread-1] INFO  server.RaftServerConfigKeys (ConfUtils.java:logGet(43)) - raft.server.log.write.buffer.size = 33554432 (custom)
2019-10-14 12:30:31,807 [pool-227-thread-1] INFO  server.RaftServerConfigKeys (ConfUtils.java:logGet(43)) - raft.server.log.force.sync.num = 128 (default)
2019-10-14 12:30:31,807 [pool-227-thread-1] INFO  server.RaftServerConfigKeys (ConfUtils.java:logGet(43)) - raft.server.log.statemachine.data.sync = true (default)
2019-10-14 12:30:31,807 [pool-227-thread-1] INFO  server.RaftServerConfigKeys (ConfUtils.java:logGet(43)) - raft.server.log.statemachine.data.sync.timeout = 10s (default)
2019-10-14 12:30:31,808 [pool-227-thread-1] INFO  server.RaftServerConfigKeys (ConfUtils.java:logGet(43)) - raft.server.log.statemachine.data.sync.timeout.retry = -1 (default)
2019-10-14 12:30:31,808 [pool-227-thread-1] INFO  server.RaftServerConfigKeys (ConfUtils.java:logGet(43)) - raft.server.log.statemachine.data.caching.enabled = true (custom)
2019-10-14 12:30:31,808 [pool-227-thread-1] INFO  segmented.SegmentedRaftLogWorker (SegmentedRaftLogWorker.java:lambda$new$0(128)) - 7ffb1a22-d777-4b7d-a742-5334fcca9894@group-520DF21F3820-SegmentedRaftLogWorker: flushIndex: setUnconditionally 0 -> -1
2019-10-14 12:30:31,808 [pool-227-thread-1] INFO  server.RaftServerConfigKeys (ConfUtils.java:logGet(43)) - raft.server.snapshot.auto.trigger.enabled = true (custom)
2019-10-14 12:30:31,809 [pool-227-thread-1] INFO  server.RaftServerConfigKeys (ConfUtils.java:logGet(43)) - raft.server.snapshot.auto.trigger.threshold = 10000 (custom)
2019-10-14 12:30:31,809 [pool-227-thread-1] INFO  server.RaftServerConfigKeys (ConfUtils.java:logGet(43)) - raft.server.snapshot.retention.file.num = 5 (custom)
2019-10-14 12:30:31,809 [pool-227-thread-1] INFO  server.RaftServerConfigKeys (ConfUtils.java:logGet(43)) - raft.server.retrycache.expirytime = 600000ms (custom)
2019-10-14 12:30:31,810 [pool-227-thread-1] INFO  impl.RaftServerImpl (RaftServerImpl.java:start(181)) - 7ffb1a22-d777-4b7d-a742-5334fcca9894@group-520DF21F3820: start as a follower, conf=-1: [7ffb1a22-d777-4b7d-a742-5334fcca9894:192.168.157.204:39296], old=null
2019-10-14 12:30:31,811 [pool-227-thread-1] INFO  impl.RaftServerImpl (RaftServerImpl.java:setRole(170)) - 7ffb1a22-d777-4b7d-a742-5334fcca9894@group-520DF21F3820: changes role from      null to FOLLOWER at term 0 for startAsFollower
2019-10-14 12:30:31,811 [pool-227-thread-1] INFO  impl.RoleInfo (RoleInfo.java:updateAndGet(143)) - 7ffb1a22-d777-4b7d-a742-5334fcca9894: start FollowerState
2019-10-14 12:30:31,811 [pool-227-thread-1] INFO  util.JmxRegister (JmxRegister.java:tryRegister(44)) - Successfully registered JMX Bean with object name Ratis:service=RaftServer,group=group-520DF21F3820,id=7ffb1a22-d777-4b7d-a742-5334fcca9894
2019-10-14 12:30:31,818 [RatisPipelineUtilsThread] INFO  pipeline.PipelineStateManager (PipelineStateManager.java:addPipeline(56)) - Created pipeline Pipeline[ Id: 29e86c64-1852-440f-9df3-520df21f3820, Nodes: 7ffb1a22-d777-4b7d-a742-5334fcca9894{ip: 192.168.157.204, host: pr-hdds-2196-v6glg-1693409637, networkLocation: /default-rack, certSerialId: null}, Type:RATIS, Factor:ONE, State:OPEN]
2019-10-14 12:30:31,828 [grpc-default-executor-0] INFO  impl.RaftServerProxy (RaftServerProxy.java:addNew(89)) - 08ea17f0-c2a7-490c-b017-3d4732d6a778: addNew group-42E6AE1EE7BC:[08ea17f0-c2a7-490c-b017-3d4732d6a778:192.168.157.204:46182] returns group-42E6AE1EE7BC:java.util.concurrent.CompletableFuture@19eb3ef[Not completed]
2019-10-14 12:30:31,829 [pool-237-thread-1] INFO  impl.RaftServerImpl (RaftServerImpl.java:<init>(95)) - 08ea17f0-c2a7-490c-b017-3d4732d6a778: new RaftServerImpl for group-42E6AE1EE7BC:[08ea17f0-c2a7-490c-b017-3d4732d6a778:192.168.157.204:46182] with ContainerStateMachine:uninitialized
2019-10-14 12:30:31,829 [pool-237-thread-1] INFO  server.RaftServerConfigKeys (ConfUtils.java:logGet(43)) - raft.server.rpc.timeout.min = 5s (custom)
2019-10-14 12:30:31,829 [pool-237-thread-1] INFO  server.RaftServerConfigKeys (ConfUtils.java:logGet(43)) - raft.server.rpc.timeout.max = 5200ms (custom)
2019-10-14 12:30:31,829 [pool-237-thread-1] INFO  server.RaftServerConfigKeys (ConfUtils.java:logGet(43)) - raft.server.rpcslowness.timeout = 120s (custom)
2019-10-14 12:30:31,829 [pool-237-thread-1] INFO  server.RaftServerConfigKeys (ConfUtils.java:logGet(43)) - raft.server.sleep.deviation.threshold = 300 (default)
2019-10-14 12:30:31,829 [pool-237-thread-1] INFO  server.RaftServerConfigKeys (ConfUtils.java:logGet(43)) - raft.server.log.appender.install.snapshot.enabled = false (custom)
2019-10-14 12:30:31,829 [pool-237-thread-1] INFO  impl.RaftServerImpl (ServerState.java:<init>(103)) - 08ea17f0-c2a7-490c-b017-3d4732d6a778@group-42E6AE1EE7BC: ConfigurationManager, init=-1: [08ea17f0-c2a7-490c-b017-3d4732d6a778:192.168.157.204:46182], old=null, confs=<EMPTY_MAP>
2019-10-14 12:30:31,830 [pool-237-thread-1] INFO  server.RaftServerConfigKeys (ConfUtils.java:logGet(43)) - raft.server.storage.dir = [/workdir/hadoop-ozone/integration-test/target/test-dir/MiniOzoneClusterImpl-2a855a77-bf5f-41ff-8656-d75411ce3d15/datanode-3/data/ratis] (custom)
2019-10-14 12:30:31,830 [pool-237-thread-1] INFO  server.RaftServerConfigKeys (ConfUtils.java:logGet(43)) - raft.server.log.corruption.policy = EXCEPTION (default)
2019-10-14 12:30:31,830 [pool-237-thread-1] INFO  storage.RaftStorageDirectory (RaftStorageDirectory.java:analyzeStorage(246)) - The storage directory /workdir/hadoop-ozone/integration-test/target/test-dir/MiniOzoneClusterImpl-2a855a77-bf5f-41ff-8656-d75411ce3d15/datanode-3/data/ratis/164c4737-501f-496e-967f-42e6ae1ee7bc does not exist. Creating ...
2019-10-14 12:30:31,843 [pool-237-thread-1] INFO  storage.RaftStorageDirectory (RaftStorageDirectory.java:tryLock(328)) - Lock on /workdir/hadoop-ozone/integration-test/target/test-dir/MiniOzoneClusterImpl-2a855a77-bf5f-41ff-8656-d75411ce3d15/datanode-3/data/ratis/164c4737-501f-496e-967f-42e6ae1ee7bc/in_use.lock acquired by nodename 3702@pr-hdds-2196-v6glg-1693409637
2019-10-14 12:30:31,855 [pool-237-thread-1] INFO  storage.RaftStorage (RaftStorage.java:format(84)) - Storage directory /workdir/hadoop-ozone/integration-test/target/test-dir/MiniOzoneClusterImpl-2a855a77-bf5f-41ff-8656-d75411ce3d15/datanode-3/data/ratis/164c4737-501f-496e-967f-42e6ae1ee7bc has been successfully formatted.
2019-10-14 12:30:31,855 [pool-237-thread-1] INFO  ratis.ContainerStateMachine (ContainerStateMachine.java:loadSnapshot(231)) - group-42E6AE1EE7BC: The snapshot info is null. Setting the last applied indexto:(t:0, i:~)
2019-10-14 12:30:31,855 [pool-237-thread-1] INFO  server.RaftServerConfigKeys (ConfUtils.java:logGet(43)) - raft.server.notification.no-leader.timeout = 120s (custom)
2019-10-14 12:30:31,856 [pool-237-thread-1] INFO  server.RaftServerConfigKeys (ConfUtils.java:logGet(43)) - raft.server.log.use.memory = false (default)
2019-10-14 12:30:31,856 [pool-237-thread-1] INFO  server.RaftServerConfigKeys (ConfUtils.java:logGet(43)) - raft.server.log.purge.gap = 1000000 (custom)
2019-10-14 12:30:31,856 [pool-237-thread-1] INFO  server.RaftServerConfigKeys (ConfUtils.java:logGet(43)) - raft.server.log.appender.buffer.byte-limit = 33554432 (custom)
2019-10-14 12:30:31,856 [pool-237-thread-1] INFO  server.RaftServerConfigKeys (ConfUtils.java:logGet(43)) - raft.server.log.segment.size.max = 1048576 (custom)
2019-10-14 12:30:31,857 [pool-237-thread-1] INFO  server.RaftServerConfigKeys (ConfUtils.java:logGet(43)) - raft.server.log.segment.cache.num.max = 2 (custom)
2019-10-14 12:30:31,858 [pool-237-thread-1] INFO  segmented.SegmentedRaftLogWorker (SegmentedRaftLogWorker.java:<init>(173)) - new 08ea17f0-c2a7-490c-b017-3d4732d6a778@group-42E6AE1EE7BC-SegmentedRaftLogWorker for RaftStorage:Storage Directory /workdir/hadoop-ozone/integration-test/target/test-dir/MiniOzoneClusterImpl-2a855a77-bf5f-41ff-8656-d75411ce3d15/datanode-3/data/ratis/164c4737-501f-496e-967f-42e6ae1ee7bc
2019-10-14 12:30:31,858 [pool-237-thread-1] INFO  server.RaftServerConfigKeys (ConfUtils.java:logGet(43)) - raft.server.log.queue.byte-limit = 2147483647 (custom)
2019-10-14 12:30:31,858 [pool-237-thread-1] INFO  server.RaftServerConfigKeys (ConfUtils.java:logGet(43)) - raft.server.log.queue.element-limit = 1024 (custom)
2019-10-14 12:30:31,858 [pool-237-thread-1] INFO  server.RaftServerConfigKeys (ConfUtils.java:logGet(43)) - raft.server.log.segment.size.max = 1048576 (custom)
2019-10-14 12:30:31,858 [pool-237-thread-1] INFO  server.RaftServerConfigKeys (ConfUtils.java:logGet(43)) - raft.server.log.preallocated.size = 16384 (custom)
2019-10-14 12:30:31,858 [pool-237-thread-1] INFO  server.RaftServerConfigKeys (ConfUtils.java:logGet(43)) - raft.server.log.write.buffer.size = 33554432 (custom)
2019-10-14 12:30:31,858 [pool-237-thread-1] INFO  server.RaftServerConfigKeys (ConfUtils.java:logGet(43)) - raft.server.log.force.sync.num = 128 (default)
2019-10-14 12:30:31,858 [pool-237-thread-1] INFO  server.RaftServerConfigKeys (ConfUtils.java:logGet(43)) - raft.server.log.statemachine.data.sync = true (default)
2019-10-14 12:30:31,858 [pool-237-thread-1] INFO  server.RaftServerConfigKeys (ConfUtils.java:logGet(43)) - raft.server.log.statemachine.data.sync.timeout = 10s (default)
2019-10-14 12:30:31,859 [pool-237-thread-1] INFO  server.RaftServerConfigKeys (ConfUtils.java:logGet(43)) - raft.server.log.statemachine.data.sync.timeout.retry = -1 (default)
2019-10-14 12:30:31,859 [pool-237-thread-1] INFO  server.RaftServerConfigKeys (ConfUtils.java:logGet(43)) - raft.server.log.statemachine.data.caching.enabled = true (custom)
2019-10-14 12:30:31,859 [pool-237-thread-1] INFO  segmented.SegmentedRaftLogWorker (SegmentedRaftLogWorker.java:lambda$new$0(128)) - 08ea17f0-c2a7-490c-b017-3d4732d6a778@group-42E6AE1EE7BC-SegmentedRaftLogWorker: flushIndex: setUnconditionally 0 -> -1
2019-10-14 12:30:31,859 [pool-237-thread-1] INFO  server.RaftServerConfigKeys (ConfUtils.java:logGet(43)) - raft.server.snapshot.auto.trigger.enabled = true (custom)
2019-10-14 12:30:31,859 [pool-237-thread-1] INFO  server.RaftServerConfigKeys (ConfUtils.java:logGet(43)) - raft.server.snapshot.auto.trigger.threshold = 10000 (custom)
2019-10-14 12:30:31,860 [pool-237-thread-1] INFO  server.RaftServerConfigKeys (ConfUtils.java:logGet(43)) - raft.server.snapshot.retention.file.num = 5 (custom)
2019-10-14 12:30:31,860 [pool-237-thread-1] INFO  server.RaftServerConfigKeys (ConfUtils.java:logGet(43)) - raft.server.retrycache.expirytime = 600000ms (custom)
2019-10-14 12:30:31,861 [pool-237-thread-1] INFO  impl.RaftServerImpl (RaftServerImpl.java:start(181)) - 08ea17f0-c2a7-490c-b017-3d4732d6a778@group-42E6AE1EE7BC: start as a follower, conf=-1: [08ea17f0-c2a7-490c-b017-3d4732d6a778:192.168.157.204:46182], old=null
2019-10-14 12:30:31,861 [pool-237-thread-1] INFO  impl.RaftServerImpl (RaftServerImpl.java:setRole(170)) - 08ea17f0-c2a7-490c-b017-3d4732d6a778@group-42E6AE1EE7BC: changes role from      null to FOLLOWER at term 0 for startAsFollower
2019-10-14 12:30:31,862 [pool-237-thread-1] INFO  impl.RoleInfo (RoleInfo.java:updateAndGet(143)) - 08ea17f0-c2a7-490c-b017-3d4732d6a778: start FollowerState
2019-10-14 12:30:31,862 [pool-237-thread-1] INFO  util.JmxRegister (JmxRegister.java:tryRegister(44)) - Successfully registered JMX Bean with object name Ratis:service=RaftServer,group=group-42E6AE1EE7BC,id=08ea17f0-c2a7-490c-b017-3d4732d6a778
2019-10-14 12:30:31,869 [RatisPipelineUtilsThread] INFO  pipeline.PipelineStateManager (PipelineStateManager.java:addPipeline(56)) - Created pipeline Pipeline[ Id: 164c4737-501f-496e-967f-42e6ae1ee7bc, Nodes: 08ea17f0-c2a7-490c-b017-3d4732d6a778{ip: 192.168.157.204, host: pr-hdds-2196-v6glg-1693409637, networkLocation: /default-rack, certSerialId: null}, Type:RATIS, Factor:ONE, State:OPEN]
2019-10-14 12:30:31,873 [IPC Server handler 3 on 40862] INFO  net.NetworkTopology (NetworkTopologyImpl.java:add(111)) - Added a new node: /default-rack/199a0fd4-43f3-465a-9568-1a721d7f4fad
2019-10-14 12:30:31,874 [IPC Server handler 3 on 40862] INFO  node.SCMNodeManager (SCMNodeManager.java:register(313)) - Registered Data node : 199a0fd4-43f3-465a-9568-1a721d7f4fad{ip: 192.168.157.204, host: pr-hdds-2196-v6glg-1693409637, networkLocation: /default-rack, certSerialId: null}
2019-10-14 12:30:31,884 [grpc-default-executor-0] INFO  impl.RaftServerProxy (RaftServerProxy.java:addNew(89)) - 31a1c64f-2dfd-4f55-ad66-1c5dd23d4cab: addNew group-43A32D8C9052:[31a1c64f-2dfd-4f55-ad66-1c5dd23d4cab:192.168.157.204:43565, 7ffb1a22-d777-4b7d-a742-5334fcca9894:192.168.157.204:39296, 1dab5bbc-306d-414b-bee9-799bfda5c805:192.168.157.204:34787] returns group-43A32D8C9052:java.util.concurrent.CompletableFuture@32906[Not completed]
2019-10-14 12:30:31,884 [grpc-default-executor-3] INFO  impl.RaftServerProxy (RaftServerProxy.java:addNew(89)) - 1dab5bbc-306d-414b-bee9-799bfda5c805: addNew group-43A32D8C9052:[31a1c64f-2dfd-4f55-ad66-1c5dd23d4cab:192.168.157.204:43565, 7ffb1a22-d777-4b7d-a742-5334fcca9894:192.168.157.204:39296, 1dab5bbc-306d-414b-bee9-799bfda5c805:192.168.157.204:34787] returns group-43A32D8C9052:java.util.concurrent.CompletableFuture@6d12ad7e[Not completed]
2019-10-14 12:30:31,887 [grpc-default-executor-3] INFO  impl.RaftServerProxy (RaftServerProxy.java:addNew(89)) - 7ffb1a22-d777-4b7d-a742-5334fcca9894: addNew group-43A32D8C9052:[31a1c64f-2dfd-4f55-ad66-1c5dd23d4cab:192.168.157.204:43565, 7ffb1a22-d777-4b7d-a742-5334fcca9894:192.168.157.204:39296, 1dab5bbc-306d-414b-bee9-799bfda5c805:192.168.157.204:34787] returns group-43A32D8C9052:java.util.concurrent.CompletableFuture@4a039016[Not completed]
2019-10-14 12:30:31,888 [pool-217-thread-1] INFO  impl.RaftServerImpl (RaftServerImpl.java:<init>(95)) - 1dab5bbc-306d-414b-bee9-799bfda5c805: new RaftServerImpl for group-43A32D8C9052:[31a1c64f-2dfd-4f55-ad66-1c5dd23d4cab:192.168.157.204:43565, 7ffb1a22-d777-4b7d-a742-5334fcca9894:192.168.157.204:39296, 1dab5bbc-306d-414b-bee9-799bfda5c805:192.168.157.204:34787] with ContainerStateMachine:uninitialized
2019-10-14 12:30:31,888 [pool-217-thread-1] INFO  server.RaftServerConfigKeys (ConfUtils.java:logGet(43)) - raft.server.rpc.timeout.min = 5s (custom)
2019-10-14 12:30:31,888 [pool-217-thread-1] INFO  server.RaftServerConfigKeys (ConfUtils.java:logGet(43)) - raft.server.rpc.timeout.max = 5200ms (custom)
2019-10-14 12:30:31,888 [pool-217-thread-1] INFO  server.RaftServerConfigKeys (ConfUtils.java:logGet(43)) - raft.server.rpcslowness.timeout = 120s (custom)
2019-10-14 12:30:31,888 [pool-217-thread-1] INFO  server.RaftServerConfigKeys (ConfUtils.java:logGet(43)) - raft.server.sleep.deviation.threshold = 300 (default)
2019-10-14 12:30:31,888 [pool-217-thread-1] INFO  server.RaftServerConfigKeys (ConfUtils.java:logGet(43)) - raft.server.log.appender.install.snapshot.enabled = false (custom)
2019-10-14 12:30:31,888 [pool-217-thread-1] INFO  impl.RaftServerImpl (ServerState.java:<init>(103)) - 1dab5bbc-306d-414b-bee9-799bfda5c805@group-43A32D8C9052: ConfigurationManager, init=-1: [31a1c64f-2dfd-4f55-ad66-1c5dd23d4cab:192.168.157.204:43565, 7ffb1a22-d777-4b7d-a742-5334fcca9894:192.168.157.204:39296, 1dab5bbc-306d-414b-bee9-799bfda5c805:192.168.157.204:34787], old=null, confs=<EMPTY_MAP>
2019-10-14 12:30:31,889 [pool-217-thread-1] INFO  server.RaftServerConfigKeys (ConfUtils.java:logGet(43)) - raft.server.storage.dir = [/workdir/hadoop-ozone/integration-test/target/test-dir/MiniOzoneClusterImpl-2a855a77-bf5f-41ff-8656-d75411ce3d15/datanode-1/data/ratis] (custom)
2019-10-14 12:30:31,889 [pool-207-thread-1] INFO  impl.RaftServerImpl (RaftServerImpl.java:<init>(95)) - 31a1c64f-2dfd-4f55-ad66-1c5dd23d4cab: new RaftServerImpl for group-43A32D8C9052:[31a1c64f-2dfd-4f55-ad66-1c5dd23d4cab:192.168.157.204:43565, 7ffb1a22-d777-4b7d-a742-5334fcca9894:192.168.157.204:39296, 1dab5bbc-306d-414b-bee9-799bfda5c805:192.168.157.204:34787] with ContainerStateMachine:uninitialized
2019-10-14 12:30:31,889 [pool-217-thread-1] INFO  server.RaftServerConfigKeys (ConfUtils.java:logGet(43)) - raft.server.log.corruption.policy = EXCEPTION (default)
2019-10-14 12:30:31,889 [pool-207-thread-1] INFO  server.RaftServerConfigKeys (ConfUtils.java:logGet(43)) - raft.server.rpc.timeout.min = 5s (custom)
2019-10-14 12:30:31,889 [pool-217-thread-1] INFO  storage.RaftStorageDirectory (RaftStorageDirectory.java:analyzeStorage(246)) - The storage directory /workdir/hadoop-ozone/integration-test/target/test-dir/MiniOzoneClusterImpl-2a855a77-bf5f-41ff-8656-d75411ce3d15/datanode-1/data/ratis/6d54f5db-d255-4324-b783-43a32d8c9052 does not exist. Creating ...
2019-10-14 12:30:31,889 [pool-207-thread-1] INFO  server.RaftServerConfigKeys (ConfUtils.java:logGet(43)) - raft.server.rpc.timeout.max = 5200ms (custom)
2019-10-14 12:30:31,889 [pool-207-thread-1] INFO  server.RaftServerConfigKeys (ConfUtils.java:logGet(43)) - raft.server.rpcslowness.timeout = 120s (custom)
2019-10-14 12:30:31,889 [pool-227-thread-1] INFO  impl.RaftServerImpl (RaftServerImpl.java:<init>(95)) - 7ffb1a22-d777-4b7d-a742-5334fcca9894: new RaftServerImpl for group-43A32D8C9052:[31a1c64f-2dfd-4f55-ad66-1c5dd23d4cab:192.168.157.204:43565, 7ffb1a22-d777-4b7d-a742-5334fcca9894:192.168.157.204:39296, 1dab5bbc-306d-414b-bee9-799bfda5c805:192.168.157.204:34787] with ContainerStateMachine:uninitialized
2019-10-14 12:30:31,889 [pool-207-thread-1] INFO  server.RaftServerConfigKeys (ConfUtils.java:logGet(43)) - raft.server.sleep.deviation.threshold = 300 (default)
2019-10-14 12:30:31,890 [pool-227-thread-1] INFO  server.RaftServerConfigKeys (ConfUtils.java:logGet(43)) - raft.server.rpc.timeout.min = 5s (custom)
2019-10-14 12:30:31,890 [pool-207-thread-1] INFO  server.RaftServerConfigKeys (ConfUtils.java:logGet(43)) - raft.server.log.appender.install.snapshot.enabled = false (custom)
2019-10-14 12:30:31,890 [pool-227-thread-1] INFO  server.RaftServerConfigKeys (ConfUtils.java:logGet(43)) - raft.server.rpc.timeout.max = 5200ms (custom)
2019-10-14 12:30:31,890 [pool-207-thread-1] INFO  impl.RaftServerImpl (ServerState.java:<init>(103)) - 31a1c64f-2dfd-4f55-ad66-1c5dd23d4cab@group-43A32D8C9052: ConfigurationManager, init=-1: [31a1c64f-2dfd-4f55-ad66-1c5dd23d4cab:192.168.157.204:43565, 7ffb1a22-d777-4b7d-a742-5334fcca9894:192.168.157.204:39296, 1dab5bbc-306d-414b-bee9-799bfda5c805:192.168.157.204:34787], old=null, confs=<EMPTY_MAP>
2019-10-14 12:30:31,890 [pool-227-thread-1] INFO  server.RaftServerConfigKeys (ConfUtils.java:logGet(43)) - raft.server.rpcslowness.timeout = 120s (custom)
2019-10-14 12:30:31,890 [pool-207-thread-1] INFO  server.RaftServerConfigKeys (ConfUtils.java:logGet(43)) - raft.server.storage.dir = [/workdir/hadoop-ozone/integration-test/target/test-dir/MiniOzoneClusterImpl-2a855a77-bf5f-41ff-8656-d75411ce3d15/datanode-0/data/ratis] (custom)
2019-10-14 12:30:31,890 [pool-227-thread-1] INFO  server.RaftServerConfigKeys (ConfUtils.java:logGet(43)) - raft.server.sleep.deviation.threshold = 300 (default)
2019-10-14 12:30:31,891 [pool-227-thread-1] INFO  server.RaftServerConfigKeys (ConfUtils.java:logGet(43)) - raft.server.log.appender.install.snapshot.enabled = false (custom)
2019-10-14 12:30:31,891 [pool-207-thread-1] INFO  server.RaftServerConfigKeys (ConfUtils.java:logGet(43)) - raft.server.log.corruption.policy = EXCEPTION (default)
2019-10-14 12:30:31,891 [pool-227-thread-1] INFO  impl.RaftServerImpl (ServerState.java:<init>(103)) - 7ffb1a22-d777-4b7d-a742-5334fcca9894@group-43A32D8C9052: ConfigurationManager, init=-1: [31a1c64f-2dfd-4f55-ad66-1c5dd23d4cab:192.168.157.204:43565, 7ffb1a22-d777-4b7d-a742-5334fcca9894:192.168.157.204:39296, 1dab5bbc-306d-414b-bee9-799bfda5c805:192.168.157.204:34787], old=null, confs=<EMPTY_MAP>
2019-10-14 12:30:31,891 [pool-207-thread-1] INFO  storage.RaftStorageDirectory (RaftStorageDirectory.java:analyzeStorage(246)) - The storage directory /workdir/hadoop-ozone/integration-test/target/test-dir/MiniOzoneClusterImpl-2a855a77-bf5f-41ff-8656-d75411ce3d15/datanode-0/data/ratis/6d54f5db-d255-4324-b783-43a32d8c9052 does not exist. Creating ...
2019-10-14 12:30:31,891 [pool-227-thread-1] INFO  server.RaftServerConfigKeys (ConfUtils.java:logGet(43)) - raft.server.storage.dir = [/workdir/hadoop-ozone/integration-test/target/test-dir/MiniOzoneClusterImpl-2a855a77-bf5f-41ff-8656-d75411ce3d15/datanode-2/data/ratis] (custom)
2019-10-14 12:30:31,892 [pool-227-thread-1] INFO  server.RaftServerConfigKeys (ConfUtils.java:logGet(43)) - raft.server.log.corruption.policy = EXCEPTION (default)
2019-10-14 12:30:31,892 [pool-227-thread-1] INFO  storage.RaftStorageDirectory (RaftStorageDirectory.java:analyzeStorage(246)) - The storage directory /workdir/hadoop-ozone/integration-test/target/test-dir/MiniOzoneClusterImpl-2a855a77-bf5f-41ff-8656-d75411ce3d15/datanode-2/data/ratis/6d54f5db-d255-4324-b783-43a32d8c9052 does not exist. Creating ...
2019-10-14 12:30:31,902 [pool-207-thread-1] INFO  storage.RaftStorageDirectory (RaftStorageDirectory.java:tryLock(328)) - Lock on /workdir/hadoop-ozone/integration-test/target/test-dir/MiniOzoneClusterImpl-2a855a77-bf5f-41ff-8656-d75411ce3d15/datanode-0/data/ratis/6d54f5db-d255-4324-b783-43a32d8c9052/in_use.lock acquired by nodename 3702@pr-hdds-2196-v6glg-1693409637
2019-10-14 12:30:31,902 [pool-227-thread-1] INFO  storage.RaftStorageDirectory (RaftStorageDirectory.java:tryLock(328)) - Lock on /workdir/hadoop-ozone/integration-test/target/test-dir/MiniOzoneClusterImpl-2a855a77-bf5f-41ff-8656-d75411ce3d15/datanode-2/data/ratis/6d54f5db-d255-4324-b783-43a32d8c9052/in_use.lock acquired by nodename 3702@pr-hdds-2196-v6glg-1693409637
2019-10-14 12:30:31,902 [pool-217-thread-1] INFO  storage.RaftStorageDirectory (RaftStorageDirectory.java:tryLock(328)) - Lock on /workdir/hadoop-ozone/integration-test/target/test-dir/MiniOzoneClusterImpl-2a855a77-bf5f-41ff-8656-d75411ce3d15/datanode-1/data/ratis/6d54f5db-d255-4324-b783-43a32d8c9052/in_use.lock acquired by nodename 3702@pr-hdds-2196-v6glg-1693409637
2019-10-14 12:30:31,916 [pool-217-thread-1] INFO  storage.RaftStorage (RaftStorage.java:format(84)) - Storage directory /workdir/hadoop-ozone/integration-test/target/test-dir/MiniOzoneClusterImpl-2a855a77-bf5f-41ff-8656-d75411ce3d15/datanode-1/data/ratis/6d54f5db-d255-4324-b783-43a32d8c9052 has been successfully formatted.
2019-10-14 12:30:31,916 [pool-207-thread-1] INFO  storage.RaftStorage (RaftStorage.java:format(84)) - Storage directory /workdir/hadoop-ozone/integration-test/target/test-dir/MiniOzoneClusterImpl-2a855a77-bf5f-41ff-8656-d75411ce3d15/datanode-0/data/ratis/6d54f5db-d255-4324-b783-43a32d8c9052 has been successfully formatted.
2019-10-14 12:30:31,916 [pool-227-thread-1] INFO  storage.RaftStorage (RaftStorage.java:format(84)) - Storage directory /workdir/hadoop-ozone/integration-test/target/test-dir/MiniOzoneClusterImpl-2a855a77-bf5f-41ff-8656-d75411ce3d15/datanode-2/data/ratis/6d54f5db-d255-4324-b783-43a32d8c9052 has been successfully formatted.
2019-10-14 12:30:31,917 [pool-207-thread-1] INFO  ratis.ContainerStateMachine (ContainerStateMachine.java:loadSnapshot(231)) - group-43A32D8C9052: The snapshot info is null. Setting the last applied indexto:(t:0, i:~)
2019-10-14 12:30:31,917 [pool-227-thread-1] INFO  ratis.ContainerStateMachine (ContainerStateMachine.java:loadSnapshot(231)) - group-43A32D8C9052: The snapshot info is null. Setting the last applied indexto:(t:0, i:~)
2019-10-14 12:30:31,917 [pool-217-thread-1] INFO  ratis.ContainerStateMachine (ContainerStateMachine.java:loadSnapshot(231)) - group-43A32D8C9052: The snapshot info is null. Setting the last applied indexto:(t:0, i:~)
2019-10-14 12:30:31,917 [pool-227-thread-1] INFO  server.RaftServerConfigKeys (ConfUtils.java:logGet(43)) - raft.server.notification.no-leader.timeout = 120s (custom)
2019-10-14 12:30:31,917 [pool-207-thread-1] INFO  server.RaftServerConfigKeys (ConfUtils.java:logGet(43)) - raft.server.notification.no-leader.timeout = 120s (custom)
2019-10-14 12:30:31,917 [pool-227-thread-1] INFO  server.RaftServerConfigKeys (ConfUtils.java:logGet(43)) - raft.server.log.use.memory = false (default)
2019-10-14 12:30:31,917 [pool-217-thread-1] INFO  server.RaftServerConfigKeys (ConfUtils.java:logGet(43)) - raft.server.notification.no-leader.timeout = 120s (custom)
2019-10-14 12:30:31,918 [pool-227-thread-1] INFO  server.RaftServerConfigKeys (ConfUtils.java:logGet(43)) - raft.server.log.purge.gap = 1000000 (custom)
2019-10-14 12:30:31,918 [pool-207-thread-1] INFO  server.RaftServerConfigKeys (ConfUtils.java:logGet(43)) - raft.server.log.use.memory = false (default)
2019-10-14 12:30:31,918 [pool-227-thread-1] INFO  server.RaftServerConfigKeys (ConfUtils.java:logGet(43)) - raft.server.log.appender.buffer.byte-limit = 33554432 (custom)
2019-10-14 12:30:31,918 [pool-217-thread-1] INFO  server.RaftServerConfigKeys (ConfUtils.java:logGet(43)) - raft.server.log.use.memory = false (default)
2019-10-14 12:30:31,918 [pool-227-thread-1] INFO  server.RaftServerConfigKeys (ConfUtils.java:logGet(43)) - raft.server.log.segment.size.max = 1048576 (custom)
2019-10-14 12:30:31,918 [pool-207-thread-1] INFO  server.RaftServerConfigKeys (ConfUtils.java:logGet(43)) - raft.server.log.purge.gap = 1000000 (custom)
2019-10-14 12:30:31,919 [pool-227-thread-1] INFO  server.RaftServerConfigKeys (ConfUtils.java:logGet(43)) - raft.server.log.segment.cache.num.max = 2 (custom)
2019-10-14 12:30:31,918 [pool-217-thread-1] INFO  server.RaftServerConfigKeys (ConfUtils.java:logGet(43)) - raft.server.log.purge.gap = 1000000 (custom)
2019-10-14 12:30:31,919 [pool-227-thread-1] INFO  segmented.SegmentedRaftLogWorker (SegmentedRaftLogWorker.java:<init>(173)) - new 7ffb1a22-d777-4b7d-a742-5334fcca9894@group-43A32D8C9052-SegmentedRaftLogWorker for RaftStorage:Storage Directory /workdir/hadoop-ozone/integration-test/target/test-dir/MiniOzoneClusterImpl-2a855a77-bf5f-41ff-8656-d75411ce3d15/datanode-2/data/ratis/6d54f5db-d255-4324-b783-43a32d8c9052
2019-10-14 12:30:31,919 [pool-207-thread-1] INFO  server.RaftServerConfigKeys (ConfUtils.java:logGet(43)) - raft.server.log.appender.buffer.byte-limit = 33554432 (custom)
2019-10-14 12:30:31,919 [pool-227-thread-1] INFO  server.RaftServerConfigKeys (ConfUtils.java:logGet(43)) - raft.server.log.queue.byte-limit = 2147483647 (custom)
2019-10-14 12:30:31,919 [pool-227-thread-1] INFO  server.RaftServerConfigKeys (ConfUtils.java:logGet(43)) - raft.server.log.queue.element-limit = 1024 (custom)
2019-10-14 12:30:31,919 [pool-217-thread-1] INFO  server.RaftServerConfigKeys (ConfUtils.java:logGet(43)) - raft.server.log.appender.buffer.byte-limit = 33554432 (custom)
2019-10-14 12:30:31,920 [pool-227-thread-1] INFO  server.RaftServerConfigKeys (ConfUtils.java:logGet(43)) - raft.server.log.segment.size.max = 1048576 (custom)
2019-10-14 12:30:31,920 [pool-227-thread-1] INFO  server.RaftServerConfigKeys (ConfUtils.java:logGet(43)) - raft.server.log.preallocated.size = 16384 (custom)
2019-10-14 12:30:31,919 [pool-207-thread-1] INFO  server.RaftServerConfigKeys (ConfUtils.java:logGet(43)) - raft.server.log.segment.size.max = 1048576 (custom)
2019-10-14 12:30:31,920 [pool-227-thread-1] INFO  server.RaftServerConfigKeys (ConfUtils.java:logGet(43)) - raft.server.log.write.buffer.size = 33554432 (custom)
2019-10-14 12:30:31,920 [pool-227-thread-1] INFO  server.RaftServerConfigKeys (ConfUtils.java:logGet(43)) - raft.server.log.force.sync.num = 128 (default)
2019-10-14 12:30:31,920 [pool-217-thread-1] INFO  server.RaftServerConfigKeys (ConfUtils.java:logGet(43)) - raft.server.log.segment.size.max = 1048576 (custom)
2019-10-14 12:30:31,921 [pool-227-thread-1] INFO  server.RaftServerConfigKeys (ConfUtils.java:logGet(43)) - raft.server.log.statemachine.data.sync = true (default)
2019-10-14 12:30:31,920 [pool-207-thread-1] INFO  server.RaftServerConfigKeys (ConfUtils.java:logGet(43)) - raft.server.log.segment.cache.num.max = 2 (custom)
2019-10-14 12:30:31,921 [pool-227-thread-1] INFO  server.RaftServerConfigKeys (ConfUtils.java:logGet(43)) - raft.server.log.statemachine.data.sync.timeout = 10s (default)
2019-10-14 12:30:31,921 [pool-217-thread-1] INFO  server.RaftServerConfigKeys (ConfUtils.java:logGet(43)) - raft.server.log.segment.cache.num.max = 2 (custom)
2019-10-14 12:30:31,921 [pool-227-thread-1] INFO  server.RaftServerConfigKeys (ConfUtils.java:logGet(43)) - raft.server.log.statemachine.data.sync.timeout.retry = -1 (default)
2019-10-14 12:30:31,921 [pool-207-thread-1] INFO  segmented.SegmentedRaftLogWorker (SegmentedRaftLogWorker.java:<init>(173)) - new 31a1c64f-2dfd-4f55-ad66-1c5dd23d4cab@group-43A32D8C9052-SegmentedRaftLogWorker for RaftStorage:Storage Directory /workdir/hadoop-ozone/integration-test/target/test-dir/MiniOzoneClusterImpl-2a855a77-bf5f-41ff-8656-d75411ce3d15/datanode-0/data/ratis/6d54f5db-d255-4324-b783-43a32d8c9052
2019-10-14 12:30:31,921 [pool-217-thread-1] INFO  segmented.SegmentedRaftLogWorker (SegmentedRaftLogWorker.java:<init>(173)) - new 1dab5bbc-306d-414b-bee9-799bfda5c805@group-43A32D8C9052-SegmentedRaftLogWorker for RaftStorage:Storage Directory /workdir/hadoop-ozone/integration-test/target/test-dir/MiniOzoneClusterImpl-2a855a77-bf5f-41ff-8656-d75411ce3d15/datanode-1/data/ratis/6d54f5db-d255-4324-b783-43a32d8c9052
2019-10-14 12:30:31,922 [pool-207-thread-1] INFO  server.RaftServerConfigKeys (ConfUtils.java:logGet(43)) - raft.server.log.queue.byte-limit = 2147483647 (custom)
2019-10-14 12:30:31,922 [pool-227-thread-1] INFO  server.RaftServerConfigKeys (ConfUtils.java:logGet(43)) - raft.server.log.statemachine.data.caching.enabled = true (custom)
2019-10-14 12:30:31,922 [pool-207-thread-1] INFO  server.RaftServerConfigKeys (ConfUtils.java:logGet(43)) - raft.server.log.queue.element-limit = 1024 (custom)
2019-10-14 12:30:31,922 [pool-217-thread-1] INFO  server.RaftServerConfigKeys (ConfUtils.java:logGet(43)) - raft.server.log.queue.byte-limit = 2147483647 (custom)
2019-10-14 12:30:31,922 [pool-227-thread-1] INFO  segmented.SegmentedRaftLogWorker (SegmentedRaftLogWorker.java:lambda$new$0(128)) - 7ffb1a22-d777-4b7d-a742-5334fcca9894@group-43A32D8C9052-SegmentedRaftLogWorker: flushIndex: setUnconditionally 0 -> -1
2019-10-14 12:30:31,922 [pool-207-thread-1] INFO  server.RaftServerConfigKeys (ConfUtils.java:logGet(43)) - raft.server.log.segment.size.max = 1048576 (custom)
2019-10-14 12:30:31,922 [pool-207-thread-1] INFO  server.RaftServerConfigKeys (ConfUtils.java:logGet(43)) - raft.server.log.preallocated.size = 16384 (custom)
2019-10-14 12:30:31,922 [pool-217-thread-1] INFO  server.RaftServerConfigKeys (ConfUtils.java:logGet(43)) - raft.server.log.queue.element-limit = 1024 (custom)
2019-10-14 12:30:31,923 [pool-207-thread-1] INFO  server.RaftServerConfigKeys (ConfUtils.java:logGet(43)) - raft.server.log.write.buffer.size = 33554432 (custom)
2019-10-14 12:30:31,922 [pool-227-thread-1] INFO  server.RaftServerConfigKeys (ConfUtils.java:logGet(43)) - raft.server.snapshot.auto.trigger.enabled = true (custom)
2019-10-14 12:30:31,923 [pool-207-thread-1] INFO  server.RaftServerConfigKeys (ConfUtils.java:logGet(43)) - raft.server.log.force.sync.num = 128 (default)
2019-10-14 12:30:31,923 [pool-207-thread-1] INFO  server.RaftServerConfigKeys (ConfUtils.java:logGet(43)) - raft.server.log.statemachine.data.sync = true (default)
2019-10-14 12:30:31,923 [pool-217-thread-1] INFO  server.RaftServerConfigKeys (ConfUtils.java:logGet(43)) - raft.server.log.segment.size.max = 1048576 (custom)
2019-10-14 12:30:31,923 [pool-207-thread-1] INFO  server.RaftServerConfigKeys (ConfUtils.java:logGet(43)) - raft.server.log.statemachine.data.sync.timeout = 10s (default)
2019-10-14 12:30:31,923 [pool-227-thread-1] INFO  server.RaftServerConfigKeys (ConfUtils.java:logGet(43)) - raft.server.snapshot.auto.trigger.threshold = 10000 (custom)
2019-10-14 12:30:31,924 [pool-207-thread-1] INFO  server.RaftServerConfigKeys (ConfUtils.java:logGet(43)) - raft.server.log.statemachine.data.sync.timeout.retry = -1 (default)
2019-10-14 12:30:31,924 [pool-217-thread-1] INFO  server.RaftServerConfigKeys (ConfUtils.java:logGet(43)) - raft.server.log.preallocated.size = 16384 (custom)
2019-10-14 12:30:31,924 [pool-207-thread-1] INFO  server.RaftServerConfigKeys (ConfUtils.java:logGet(43)) - raft.server.log.statemachine.data.caching.enabled = true (custom)
2019-10-14 12:30:31,924 [pool-227-thread-1] INFO  server.RaftServerConfigKeys (ConfUtils.java:logGet(43)) - raft.server.snapshot.retention.file.num = 5 (custom)
2019-10-14 12:30:31,924 [pool-217-thread-1] INFO  server.RaftServerConfigKeys (ConfUtils.java:logGet(43)) - raft.server.log.write.buffer.size = 33554432 (custom)
2019-10-14 12:30:31,925 [pool-227-thread-1] INFO  server.RaftServerConfigKeys (ConfUtils.java:logGet(43)) - raft.server.retrycache.expirytime = 600000ms (custom)
2019-10-14 12:30:31,925 [pool-207-thread-1] INFO  segmented.SegmentedRaftLogWorker (SegmentedRaftLogWorker.java:lambda$new$0(128)) - 31a1c64f-2dfd-4f55-ad66-1c5dd23d4cab@group-43A32D8C9052-SegmentedRaftLogWorker: flushIndex: setUnconditionally 0 -> -1
2019-10-14 12:30:31,925 [pool-217-thread-1] INFO  server.RaftServerConfigKeys (ConfUtils.java:logGet(43)) - raft.server.log.force.sync.num = 128 (default)
2019-10-14 12:30:31,925 [pool-207-thread-1] INFO  server.RaftServerConfigKeys (ConfUtils.java:logGet(43)) - raft.server.snapshot.auto.trigger.enabled = true (custom)
2019-10-14 12:30:31,925 [pool-217-thread-1] INFO  server.RaftServerConfigKeys (ConfUtils.java:logGet(43)) - raft.server.log.statemachine.data.sync = true (default)
2019-10-14 12:30:31,925 [pool-207-thread-1] INFO  server.RaftServerConfigKeys (ConfUtils.java:logGet(43)) - raft.server.snapshot.auto.trigger.threshold = 10000 (custom)
2019-10-14 12:30:31,926 [pool-217-thread-1] INFO  server.RaftServerConfigKeys (ConfUtils.java:logGet(43)) - raft.server.log.statemachine.data.sync.timeout = 10s (default)
2019-10-14 12:30:31,926 [pool-207-thread-1] INFO  server.RaftServerConfigKeys (ConfUtils.java:logGet(43)) - raft.server.snapshot.retention.file.num = 5 (custom)
2019-10-14 12:30:31,926 [pool-217-thread-1] INFO  server.RaftServerConfigKeys (ConfUtils.java:logGet(43)) - raft.server.log.statemachine.data.sync.timeout.retry = -1 (default)
2019-10-14 12:30:31,926 [pool-207-thread-1] INFO  server.RaftServerConfigKeys (ConfUtils.java:logGet(43)) - raft.server.retrycache.expirytime = 600000ms (custom)
2019-10-14 12:30:31,926 [pool-217-thread-1] INFO  server.RaftServerConfigKeys (ConfUtils.java:logGet(43)) - raft.server.log.statemachine.data.caching.enabled = true (custom)
2019-10-14 12:30:31,927 [pool-217-thread-1] INFO  segmented.SegmentedRaftLogWorker (SegmentedRaftLogWorker.java:lambda$new$0(128)) - 1dab5bbc-306d-414b-bee9-799bfda5c805@group-43A32D8C9052-SegmentedRaftLogWorker: flushIndex: setUnconditionally 0 -> -1
2019-10-14 12:30:31,927 [pool-217-thread-1] INFO  server.RaftServerConfigKeys (ConfUtils.java:logGet(43)) - raft.server.snapshot.auto.trigger.enabled = true (custom)
2019-10-14 12:30:31,927 [pool-217-thread-1] INFO  server.RaftServerConfigKeys (ConfUtils.java:logGet(43)) - raft.server.snapshot.auto.trigger.threshold = 10000 (custom)
2019-10-14 12:30:31,927 [pool-217-thread-1] INFO  server.RaftServerConfigKeys (ConfUtils.java:logGet(43)) - raft.server.snapshot.retention.file.num = 5 (custom)
2019-10-14 12:30:31,927 [pool-217-thread-1] INFO  server.RaftServerConfigKeys (ConfUtils.java:logGet(43)) - raft.server.retrycache.expirytime = 600000ms (custom)
2019-10-14 12:30:31,927 [pool-227-thread-1] INFO  impl.RaftServerImpl (RaftServerImpl.java:start(181)) - 7ffb1a22-d777-4b7d-a742-5334fcca9894@group-43A32D8C9052: start as a follower, conf=-1: [31a1c64f-2dfd-4f55-ad66-1c5dd23d4cab:192.168.157.204:43565, 7ffb1a22-d777-4b7d-a742-5334fcca9894:192.168.157.204:39296, 1dab5bbc-306d-414b-bee9-799bfda5c805:192.168.157.204:34787], old=null
2019-10-14 12:30:31,928 [pool-227-thread-1] INFO  impl.RaftServerImpl (RaftServerImpl.java:setRole(170)) - 7ffb1a22-d777-4b7d-a742-5334fcca9894@group-43A32D8C9052: changes role from      null to FOLLOWER at term 0 for startAsFollower
2019-10-14 12:30:31,928 [pool-227-thread-1] INFO  impl.RoleInfo (RoleInfo.java:updateAndGet(143)) - 7ffb1a22-d777-4b7d-a742-5334fcca9894: start FollowerState
2019-10-14 12:30:31,928 [pool-227-thread-1] INFO  util.JmxRegister (JmxRegister.java:tryRegister(44)) - Successfully registered JMX Bean with object name Ratis:service=RaftServer,group=group-43A32D8C9052,id=7ffb1a22-d777-4b7d-a742-5334fcca9894
2019-10-14 12:30:31,929 [pool-207-thread-1] INFO  impl.RaftServerImpl (RaftServerImpl.java:start(181)) - 31a1c64f-2dfd-4f55-ad66-1c5dd23d4cab@group-43A32D8C9052: start as a follower, conf=-1: [31a1c64f-2dfd-4f55-ad66-1c5dd23d4cab:192.168.157.204:43565, 7ffb1a22-d777-4b7d-a742-5334fcca9894:192.168.157.204:39296, 1dab5bbc-306d-414b-bee9-799bfda5c805:192.168.157.204:34787], old=null
2019-10-14 12:30:31,929 [pool-207-thread-1] INFO  impl.RaftServerImpl (RaftServerImpl.java:setRole(170)) - 31a1c64f-2dfd-4f55-ad66-1c5dd23d4cab@group-43A32D8C9052: changes role from      null to FOLLOWER at term 0 for startAsFollower
2019-10-14 12:30:31,930 [pool-207-thread-1] INFO  impl.RoleInfo (RoleInfo.java:updateAndGet(143)) - 31a1c64f-2dfd-4f55-ad66-1c5dd23d4cab: start FollowerState
2019-10-14 12:30:31,930 [pool-207-thread-1] INFO  util.JmxRegister (JmxRegister.java:tryRegister(44)) - Successfully registered JMX Bean with object name Ratis:service=RaftServer,group=group-43A32D8C9052,id=31a1c64f-2dfd-4f55-ad66-1c5dd23d4cab
2019-10-14 12:30:31,931 [pool-217-thread-1] INFO  impl.RaftServerImpl (RaftServerImpl.java:start(181)) - 1dab5bbc-306d-414b-bee9-799bfda5c805@group-43A32D8C9052: start as a follower, conf=-1: [31a1c64f-2dfd-4f55-ad66-1c5dd23d4cab:192.168.157.204:43565, 7ffb1a22-d777-4b7d-a742-5334fcca9894:192.168.157.204:39296, 1dab5bbc-306d-414b-bee9-799bfda5c805:192.168.157.204:34787], old=null
2019-10-14 12:30:31,931 [pool-217-thread-1] INFO  impl.RaftServerImpl (RaftServerImpl.java:setRole(170)) - 1dab5bbc-306d-414b-bee9-799bfda5c805@group-43A32D8C9052: changes role from      null to FOLLOWER at term 0 for startAsFollower
2019-10-14 12:30:31,931 [pool-217-thread-1] INFO  impl.RoleInfo (RoleInfo.java:updateAndGet(143)) - 1dab5bbc-306d-414b-bee9-799bfda5c805: start FollowerState
2019-10-14 12:30:31,931 [pool-217-thread-1] INFO  util.JmxRegister (JmxRegister.java:tryRegister(44)) - Successfully registered JMX Bean with object name Ratis:service=RaftServer,group=group-43A32D8C9052,id=1dab5bbc-306d-414b-bee9-799bfda5c805
2019-10-14 12:30:31,943 [IPC Server handler 2 on 40862] INFO  net.NetworkTopology (NetworkTopologyImpl.java:add(111)) - Added a new node: /default-rack/01be2448-ed69-4310-b227-d291674bed64
2019-10-14 12:30:31,943 [RatisPipelineUtilsThread] INFO  pipeline.PipelineStateManager (PipelineStateManager.java:addPipeline(56)) - Created pipeline Pipeline[ Id: 6d54f5db-d255-4324-b783-43a32d8c9052, Nodes: 1dab5bbc-306d-414b-bee9-799bfda5c805{ip: 192.168.157.204, host: pr-hdds-2196-v6glg-1693409637, networkLocation: /default-rack, certSerialId: null}31a1c64f-2dfd-4f55-ad66-1c5dd23d4cab{ip: 192.168.157.204, host: pr-hdds-2196-v6glg-1693409637, networkLocation: /default-rack, certSerialId: null}7ffb1a22-d777-4b7d-a742-5334fcca9894{ip: 192.168.157.204, host: pr-hdds-2196-v6glg-1693409637, networkLocation: /default-rack, certSerialId: null}, Type:RATIS, Factor:THREE, State:OPEN]
2019-10-14 12:30:31,944 [IPC Server handler 2 on 40862] INFO  node.SCMNodeManager (SCMNodeManager.java:register(313)) - Registered Data node : 01be2448-ed69-4310-b227-d291674bed64{ip: 192.168.157.204, host: pr-hdds-2196-v6glg-1693409637, networkLocation: /default-rack, certSerialId: null}
2019-10-14 12:30:31,956 [grpc-default-executor-0] INFO  impl.RaftServerProxy (RaftServerProxy.java:addNew(89)) - 08ea17f0-c2a7-490c-b017-3d4732d6a778: addNew group-EC7D4E21D845:[01be2448-ed69-4310-b227-d291674bed64:192.168.157.204:39602, 08ea17f0-c2a7-490c-b017-3d4732d6a778:192.168.157.204:46182, 199a0fd4-43f3-465a-9568-1a721d7f4fad:192.168.157.204:41302] returns group-EC7D4E21D845:java.util.concurrent.CompletableFuture@e64a481[Not completed]
2019-10-14 12:30:31,957 [grpc-default-executor-3] INFO  impl.RaftServerProxy (RaftServerProxy.java:addNew(89)) - 199a0fd4-43f3-465a-9568-1a721d7f4fad: addNew group-EC7D4E21D845:[01be2448-ed69-4310-b227-d291674bed64:192.168.157.204:39602, 08ea17f0-c2a7-490c-b017-3d4732d6a778:192.168.157.204:46182, 199a0fd4-43f3-465a-9568-1a721d7f4fad:192.168.157.204:41302] returns group-EC7D4E21D845:java.util.concurrent.CompletableFuture@23a39626[Not completed]
2019-10-14 12:30:31,964 [grpc-default-executor-1] INFO  impl.RaftServerProxy (RaftServerProxy.java:addNew(89)) - 01be2448-ed69-4310-b227-d291674bed64: addNew group-EC7D4E21D845:[01be2448-ed69-4310-b227-d291674bed64:192.168.157.204:39602, 08ea17f0-c2a7-490c-b017-3d4732d6a778:192.168.157.204:46182, 199a0fd4-43f3-465a-9568-1a721d7f4fad:192.168.157.204:41302] returns group-EC7D4E21D845:java.util.concurrent.CompletableFuture@792f11ee[Not completed]
2019-10-14 12:30:31,964 [pool-237-thread-1] INFO  impl.RaftServerImpl (RaftServerImpl.java:<init>(95)) - 08ea17f0-c2a7-490c-b017-3d4732d6a778: new RaftServerImpl for group-EC7D4E21D845:[01be2448-ed69-4310-b227-d291674bed64:192.168.157.204:39602, 08ea17f0-c2a7-490c-b017-3d4732d6a778:192.168.157.204:46182, 199a0fd4-43f3-465a-9568-1a721d7f4fad:192.168.157.204:41302] with ContainerStateMachine:uninitialized
2019-10-14 12:30:31,964 [pool-237-thread-1] INFO  server.RaftServerConfigKeys (ConfUtils.java:logGet(43)) - raft.server.rpc.timeout.min = 5s (custom)
2019-10-14 12:30:31,965 [pool-237-thread-1] INFO  server.RaftServerConfigKeys (ConfUtils.java:logGet(43)) - raft.server.rpc.timeout.max = 5200ms (custom)
2019-10-14 12:30:31,965 [pool-237-thread-1] INFO  server.RaftServerConfigKeys (ConfUtils.java:logGet(43)) - raft.server.rpcslowness.timeout = 120s (custom)
2019-10-14 12:30:31,965 [pool-237-thread-1] INFO  server.RaftServerConfigKeys (ConfUtils.java:logGet(43)) - raft.server.sleep.deviation.threshold = 300 (default)
2019-10-14 12:30:31,965 [pool-237-thread-1] INFO  server.RaftServerConfigKeys (ConfUtils.java:logGet(43)) - raft.server.log.appender.install.snapshot.enabled = false (custom)
2019-10-14 12:30:31,965 [pool-237-thread-1] INFO  impl.RaftServerImpl (ServerState.java:<init>(103)) - 08ea17f0-c2a7-490c-b017-3d4732d6a778@group-EC7D4E21D845: ConfigurationManager, init=-1: [01be2448-ed69-4310-b227-d291674bed64:192.168.157.204:39602, 08ea17f0-c2a7-490c-b017-3d4732d6a778:192.168.157.204:46182, 199a0fd4-43f3-465a-9568-1a721d7f4fad:192.168.157.204:41302], old=null, confs=<EMPTY_MAP>
2019-10-14 12:30:31,965 [pool-247-thread-1] INFO  impl.RaftServerImpl (RaftServerImpl.java:<init>(95)) - 199a0fd4-43f3-465a-9568-1a721d7f4fad: new RaftServerImpl for group-EC7D4E21D845:[01be2448-ed69-4310-b227-d291674bed64:192.168.157.204:39602, 08ea17f0-c2a7-490c-b017-3d4732d6a778:192.168.157.204:46182, 199a0fd4-43f3-465a-9568-1a721d7f4fad:192.168.157.204:41302] with ContainerStateMachine:uninitialized
2019-10-14 12:30:31,965 [pool-237-thread-1] INFO  server.RaftServerConfigKeys (ConfUtils.java:logGet(43)) - raft.server.storage.dir = [/workdir/hadoop-ozone/integration-test/target/test-dir/MiniOzoneClusterImpl-2a855a77-bf5f-41ff-8656-d75411ce3d15/datanode-3/data/ratis] (custom)
2019-10-14 12:30:31,965 [pool-247-thread-1] INFO  server.RaftServerConfigKeys (ConfUtils.java:logGet(43)) - raft.server.rpc.timeout.min = 5s (custom)
2019-10-14 12:30:31,965 [pool-237-thread-1] INFO  server.RaftServerConfigKeys (ConfUtils.java:logGet(43)) - raft.server.log.corruption.policy = EXCEPTION (default)
2019-10-14 12:30:31,965 [pool-247-thread-1] INFO  server.RaftServerConfigKeys (ConfUtils.java:logGet(43)) - raft.server.rpc.timeout.max = 5200ms (custom)
2019-10-14 12:30:31,966 [pool-237-thread-1] INFO  storage.RaftStorageDirectory (RaftStorageDirectory.java:analyzeStorage(246)) - The storage directory /workdir/hadoop-ozone/integration-test/target/test-dir/MiniOzoneClusterImpl-2a855a77-bf5f-41ff-8656-d75411ce3d15/datanode-3/data/ratis/58ee954f-a145-433a-ad47-ec7d4e21d845 does not exist. Creating ...
2019-10-14 12:30:31,966 [pool-257-thread-1] INFO  impl.RaftServerImpl (RaftServerImpl.java:<init>(95)) - 01be2448-ed69-4310-b227-d291674bed64: new RaftServerImpl for group-EC7D4E21D845:[01be2448-ed69-4310-b227-d291674bed64:192.168.157.204:39602, 08ea17f0-c2a7-490c-b017-3d4732d6a778:192.168.157.204:46182, 199a0fd4-43f3-465a-9568-1a721d7f4fad:192.168.157.204:41302] with ContainerStateMachine:uninitialized
2019-10-14 12:30:31,966 [pool-247-thread-1] INFO  server.RaftServerConfigKeys (ConfUtils.java:logGet(43)) - raft.server.rpcslowness.timeout = 120s (custom)
2019-10-14 12:30:31,966 [pool-257-thread-1] INFO  server.RaftServerConfigKeys (ConfUtils.java:logGet(43)) - raft.server.rpc.timeout.min = 5s (custom)
2019-10-14 12:30:31,966 [pool-247-thread-1] INFO  server.RaftServerConfigKeys (ConfUtils.java:logGet(43)) - raft.server.sleep.deviation.threshold = 300 (default)
2019-10-14 12:30:31,966 [pool-257-thread-1] INFO  server.RaftServerConfigKeys (ConfUtils.java:logGet(43)) - raft.server.rpc.timeout.max = 5200ms (custom)
2019-10-14 12:30:31,966 [pool-247-thread-1] INFO  server.RaftServerConfigKeys (ConfUtils.java:logGet(43)) - raft.server.log.appender.install.snapshot.enabled = false (custom)
2019-10-14 12:30:31,966 [pool-257-thread-1] INFO  server.RaftServerConfigKeys (ConfUtils.java:logGet(43)) - raft.server.rpcslowness.timeout = 120s (custom)
2019-10-14 12:30:31,966 [pool-247-thread-1] INFO  impl.RaftServerImpl (ServerState.java:<init>(103)) - 199a0fd4-43f3-465a-9568-1a721d7f4fad@group-EC7D4E21D845: ConfigurationManager, init=-1: [01be2448-ed69-4310-b227-d291674bed64:192.168.157.204:39602, 08ea17f0-c2a7-490c-b017-3d4732d6a778:192.168.157.204:46182, 199a0fd4-43f3-465a-9568-1a721d7f4fad:192.168.157.204:41302], old=null, confs=<EMPTY_MAP>
2019-10-14 12:30:31,967 [pool-257-thread-1] INFO  server.RaftServerConfigKeys (ConfUtils.java:logGet(43)) - raft.server.sleep.deviation.threshold = 300 (default)
2019-10-14 12:30:31,967 [pool-247-thread-1] INFO  server.RaftServerConfigKeys (ConfUtils.java:logGet(43)) - raft.server.storage.dir = [/workdir/hadoop-ozone/integration-test/target/test-dir/MiniOzoneClusterImpl-2a855a77-bf5f-41ff-8656-d75411ce3d15/datanode-4/data/ratis] (custom)
2019-10-14 12:30:31,967 [pool-257-thread-1] INFO  server.RaftServerConfigKeys (ConfUtils.java:logGet(43)) - raft.server.log.appender.install.snapshot.enabled = false (custom)
2019-10-14 12:30:31,967 [pool-257-thread-1] INFO  impl.RaftServerImpl (ServerState.java:<init>(103)) - 01be2448-ed69-4310-b227-d291674bed64@group-EC7D4E21D845: ConfigurationManager, init=-1: [01be2448-ed69-4310-b227-d291674bed64:192.168.157.204:39602, 08ea17f0-c2a7-490c-b017-3d4732d6a778:192.168.157.204:46182, 199a0fd4-43f3-465a-9568-1a721d7f4fad:192.168.157.204:41302], old=null, confs=<EMPTY_MAP>
2019-10-14 12:30:31,967 [pool-247-thread-1] INFO  server.RaftServerConfigKeys (ConfUtils.java:logGet(43)) - raft.server.log.corruption.policy = EXCEPTION (default)
2019-10-14 12:30:31,967 [pool-257-thread-1] INFO  server.RaftServerConfigKeys (ConfUtils.java:logGet(43)) - raft.server.storage.dir = [/workdir/hadoop-ozone/integration-test/target/test-dir/MiniOzoneClusterImpl-2a855a77-bf5f-41ff-8656-d75411ce3d15/datanode-5/data/ratis] (custom)
2019-10-14 12:30:31,967 [pool-247-thread-1] INFO  storage.RaftStorageDirectory (RaftStorageDirectory.java:analyzeStorage(246)) - The storage directory /workdir/hadoop-ozone/integration-test/target/test-dir/MiniOzoneClusterImpl-2a855a77-bf5f-41ff-8656-d75411ce3d15/datanode-4/data/ratis/58ee954f-a145-433a-ad47-ec7d4e21d845 does not exist. Creating ...
2019-10-14 12:30:31,967 [pool-257-thread-1] INFO  server.RaftServerConfigKeys (ConfUtils.java:logGet(43)) - raft.server.log.corruption.policy = EXCEPTION (default)
2019-10-14 12:30:31,968 [pool-257-thread-1] INFO  storage.RaftStorageDirectory (RaftStorageDirectory.java:analyzeStorage(246)) - The storage directory /workdir/hadoop-ozone/integration-test/target/test-dir/MiniOzoneClusterImpl-2a855a77-bf5f-41ff-8656-d75411ce3d15/datanode-5/data/ratis/58ee954f-a145-433a-ad47-ec7d4e21d845 does not exist. Creating ...
2019-10-14 12:30:31,979 [pool-247-thread-1] INFO  storage.RaftStorageDirectory (RaftStorageDirectory.java:tryLock(328)) - Lock on /workdir/hadoop-ozone/integration-test/target/test-dir/MiniOzoneClusterImpl-2a855a77-bf5f-41ff-8656-d75411ce3d15/datanode-4/data/ratis/58ee954f-a145-433a-ad47-ec7d4e21d845/in_use.lock acquired by nodename 3702@pr-hdds-2196-v6glg-1693409637
2019-10-14 12:30:31,979 [pool-257-thread-1] INFO  storage.RaftStorageDirectory (RaftStorageDirectory.java:tryLock(328)) - Lock on /workdir/hadoop-ozone/integration-test/target/test-dir/MiniOzoneClusterImpl-2a855a77-bf5f-41ff-8656-d75411ce3d15/datanode-5/data/ratis/58ee954f-a145-433a-ad47-ec7d4e21d845/in_use.lock acquired by nodename 3702@pr-hdds-2196-v6glg-1693409637
2019-10-14 12:30:31,979 [pool-237-thread-1] INFO  storage.RaftStorageDirectory (RaftStorageDirectory.java:tryLock(328)) - Lock on /workdir/hadoop-ozone/integration-test/target/test-dir/MiniOzoneClusterImpl-2a855a77-bf5f-41ff-8656-d75411ce3d15/datanode-3/data/ratis/58ee954f-a145-433a-ad47-ec7d4e21d845/in_use.lock acquired by nodename 3702@pr-hdds-2196-v6glg-1693409637
2019-10-14 12:30:31,993 [pool-247-thread-1] INFO  storage.RaftStorage (RaftStorage.java:format(84)) - Storage directory /workdir/hadoop-ozone/integration-test/target/test-dir/MiniOzoneClusterImpl-2a855a77-bf5f-41ff-8656-d75411ce3d15/datanode-4/data/ratis/58ee954f-a145-433a-ad47-ec7d4e21d845 has been successfully formatted.
2019-10-14 12:30:31,993 [pool-257-thread-1] INFO  storage.RaftStorage (RaftStorage.java:format(84)) - Storage directory /workdir/hadoop-ozone/integration-test/target/test-dir/MiniOzoneClusterImpl-2a855a77-bf5f-41ff-8656-d75411ce3d15/datanode-5/data/ratis/58ee954f-a145-433a-ad47-ec7d4e21d845 has been successfully formatted.
2019-10-14 12:30:31,993 [pool-247-thread-1] INFO  ratis.ContainerStateMachine (ContainerStateMachine.java:loadSnapshot(231)) - group-EC7D4E21D845: The snapshot info is null. Setting the last applied indexto:(t:0, i:~)
2019-10-14 12:30:31,993 [pool-237-thread-1] INFO  storage.RaftStorage (RaftStorage.java:format(84)) - Storage directory /workdir/hadoop-ozone/integration-test/target/test-dir/MiniOzoneClusterImpl-2a855a77-bf5f-41ff-8656-d75411ce3d15/datanode-3/data/ratis/58ee954f-a145-433a-ad47-ec7d4e21d845 has been successfully formatted.
2019-10-14 12:30:31,993 [pool-247-thread-1] INFO  server.RaftServerConfigKeys (ConfUtils.java:logGet(43)) - raft.server.notification.no-leader.timeout = 120s (custom)
2019-10-14 12:30:31,993 [pool-257-thread-1] INFO  ratis.ContainerStateMachine (ContainerStateMachine.java:loadSnapshot(231)) - group-EC7D4E21D845: The snapshot info is null. Setting the last applied indexto:(t:0, i:~)
2019-10-14 12:30:31,993 [pool-247-thread-1] INFO  server.RaftServerConfigKeys (ConfUtils.java:logGet(43)) - raft.server.log.use.memory = false (default)
2019-10-14 12:30:31,993 [pool-237-thread-1] INFO  ratis.ContainerStateMachine (ContainerStateMachine.java:loadSnapshot(231)) - group-EC7D4E21D845: The snapshot info is null. Setting the last applied indexto:(t:0, i:~)
2019-10-14 12:30:31,994 [pool-247-thread-1] INFO  server.RaftServerConfigKeys (ConfUtils.java:logGet(43)) - raft.server.log.purge.gap = 1000000 (custom)
2019-10-14 12:30:31,994 [pool-257-thread-1] INFO  server.RaftServerConfigKeys (ConfUtils.java:logGet(43)) - raft.server.notification.no-leader.timeout = 120s (custom)
2019-10-14 12:30:31,994 [pool-247-thread-1] INFO  server.RaftServerConfigKeys (ConfUtils.java:logGet(43)) - raft.server.log.appender.buffer.byte-limit = 33554432 (custom)
2019-10-14 12:30:31,994 [pool-237-thread-1] INFO  server.RaftServerConfigKeys (ConfUtils.java:logGet(43)) - raft.server.notification.no-leader.timeout = 120s (custom)
2019-10-14 12:30:31,994 [pool-247-thread-1] INFO  server.RaftServerConfigKeys (ConfUtils.java:logGet(43)) - raft.server.log.segment.size.max = 1048576 (custom)
2019-10-14 12:30:31,994 [pool-257-thread-1] INFO  server.RaftServerConfigKeys (ConfUtils.java:logGet(43)) - raft.server.log.use.memory = false (default)
2019-10-14 12:30:31,994 [pool-237-thread-1] INFO  server.RaftServerConfigKeys (ConfUtils.java:logGet(43)) - raft.server.log.use.memory = false (default)
2019-10-14 12:30:31,995 [pool-257-thread-1] INFO  server.RaftServerConfigKeys (ConfUtils.java:logGet(43)) - raft.server.log.purge.gap = 1000000 (custom)
2019-10-14 12:30:31,995 [pool-237-thread-1] INFO  server.RaftServerConfigKeys (ConfUtils.java:logGet(43)) - raft.server.log.purge.gap = 1000000 (custom)
2019-10-14 12:30:31,995 [pool-257-thread-1] INFO  server.RaftServerConfigKeys (ConfUtils.java:logGet(43)) - raft.server.log.appender.buffer.byte-limit = 33554432 (custom)
2019-10-14 12:30:31,995 [pool-237-thread-1] INFO  server.RaftServerConfigKeys (ConfUtils.java:logGet(43)) - raft.server.log.appender.buffer.byte-limit = 33554432 (custom)
2019-10-14 12:30:31,995 [pool-257-thread-1] INFO  server.RaftServerConfigKeys (ConfUtils.java:logGet(43)) - raft.server.log.segment.size.max = 1048576 (custom)
2019-10-14 12:30:31,995 [pool-237-thread-1] INFO  server.RaftServerConfigKeys (ConfUtils.java:logGet(43)) - raft.server.log.segment.size.max = 1048576 (custom)
2019-10-14 12:30:31,995 [pool-237-thread-1] INFO  server.RaftServerConfigKeys (ConfUtils.java:logGet(43)) - raft.server.log.segment.cache.num.max = 2 (custom)
2019-10-14 12:30:31,995 [pool-237-thread-1] INFO  segmented.SegmentedRaftLogWorker (SegmentedRaftLogWorker.java:<init>(173)) - new 08ea17f0-c2a7-490c-b017-3d4732d6a778@group-EC7D4E21D845-SegmentedRaftLogWorker for RaftStorage:Storage Directory /workdir/hadoop-ozone/integration-test/target/test-dir/MiniOzoneClusterImpl-2a855a77-bf5f-41ff-8656-d75411ce3d15/datanode-3/data/ratis/58ee954f-a145-433a-ad47-ec7d4e21d845
2019-10-14 12:30:31,996 [pool-237-thread-1] INFO  server.RaftServerConfigKeys (ConfUtils.java:logGet(43)) - raft.server.log.queue.byte-limit = 2147483647 (custom)
2019-10-14 12:30:31,996 [pool-237-thread-1] INFO  server.RaftServerConfigKeys (ConfUtils.java:logGet(43)) - raft.server.log.queue.element-limit = 1024 (custom)
2019-10-14 12:30:31,996 [pool-237-thread-1] INFO  server.RaftServerConfigKeys (ConfUtils.java:logGet(43)) - raft.server.log.segment.size.max = 1048576 (custom)
2019-10-14 12:30:31,996 [pool-237-thread-1] INFO  server.RaftServerConfigKeys (ConfUtils.java:logGet(43)) - raft.server.log.preallocated.size = 16384 (custom)
2019-10-14 12:30:31,996 [pool-237-thread-1] INFO  server.RaftServerConfigKeys (ConfUtils.java:logGet(43)) - raft.server.log.write.buffer.size = 33554432 (custom)
2019-10-14 12:30:31,996 [pool-237-thread-1] INFO  server.RaftServerConfigKeys (ConfUtils.java:logGet(43)) - raft.server.log.force.sync.num = 128 (default)
2019-10-14 12:30:31,996 [pool-247-thread-1] INFO  server.RaftServerConfigKeys (ConfUtils.java:logGet(43)) - raft.server.log.segment.cache.num.max = 2 (custom)
2019-10-14 12:30:31,996 [pool-237-thread-1] INFO  server.RaftServerConfigKeys (ConfUtils.java:logGet(43)) - raft.server.log.statemachine.data.sync = true (default)
2019-10-14 12:30:31,996 [pool-247-thread-1] INFO  segmented.SegmentedRaftLogWorker (SegmentedRaftLogWorker.java:<init>(173)) - new 199a0fd4-43f3-465a-9568-1a721d7f4fad@group-EC7D4E21D845-SegmentedRaftLogWorker for RaftStorage:Storage Directory /workdir/hadoop-ozone/integration-test/target/test-dir/MiniOzoneClusterImpl-2a855a77-bf5f-41ff-8656-d75411ce3d15/datanode-4/data/ratis/58ee954f-a145-433a-ad47-ec7d4e21d845
2019-10-14 12:30:31,996 [pool-237-thread-1] INFO  server.RaftServerConfigKeys (ConfUtils.java:logGet(43)) - raft.server.log.statemachine.data.sync.timeout = 10s (default)
2019-10-14 12:30:31,996 [pool-247-thread-1] INFO  server.RaftServerConfigKeys (ConfUtils.java:logGet(43)) - raft.server.log.queue.byte-limit = 2147483647 (custom)
2019-10-14 12:30:31,997 [pool-237-thread-1] INFO  server.RaftServerConfigKeys (ConfUtils.java:logGet(43)) - raft.server.log.statemachine.data.sync.timeout.retry = -1 (default)
2019-10-14 12:30:31,997 [pool-247-thread-1] INFO  server.RaftServerConfigKeys (ConfUtils.java:logGet(43)) - raft.server.log.queue.element-limit = 1024 (custom)
2019-10-14 12:30:31,997 [pool-237-thread-1] INFO  server.RaftServerConfigKeys (ConfUtils.java:logGet(43)) - raft.server.log.statemachine.data.caching.enabled = true (custom)
2019-10-14 12:30:31,997 [pool-247-thread-1] INFO  server.RaftServerConfigKeys (ConfUtils.java:logGet(43)) - raft.server.log.segment.size.max = 1048576 (custom)
2019-10-14 12:30:31,997 [pool-247-thread-1] INFO  server.RaftServerConfigKeys (ConfUtils.java:logGet(43)) - raft.server.log.preallocated.size = 16384 (custom)
2019-10-14 12:30:31,997 [pool-237-thread-1] INFO  segmented.SegmentedRaftLogWorker (SegmentedRaftLogWorker.java:lambda$new$0(128)) - 08ea17f0-c2a7-490c-b017-3d4732d6a778@group-EC7D4E21D845-SegmentedRaftLogWorker: flushIndex: setUnconditionally 0 -> -1
2019-10-14 12:30:31,997 [pool-247-thread-1] INFO  server.RaftServerConfigKeys (ConfUtils.java:logGet(43)) - raft.server.log.write.buffer.size = 33554432 (custom)
2019-10-14 12:30:31,997 [pool-237-thread-1] INFO  server.RaftServerConfigKeys (ConfUtils.java:logGet(43)) - raft.server.snapshot.auto.trigger.enabled = true (custom)
2019-10-14 12:30:31,997 [pool-247-thread-1] INFO  server.RaftServerConfigKeys (ConfUtils.java:logGet(43)) - raft.server.log.force.sync.num = 128 (default)
2019-10-14 12:30:31,998 [pool-257-thread-1] INFO  server.RaftServerConfigKeys (ConfUtils.java:logGet(43)) - raft.server.log.segment.cache.num.max = 2 (custom)
2019-10-14 12:30:31,997 [pool-237-thread-1] INFO  server.RaftServerConfigKeys (ConfUtils.java:logGet(43)) - raft.server.snapshot.auto.trigger.threshold = 10000 (custom)
2019-10-14 12:30:31,998 [pool-257-thread-1] INFO  segmented.SegmentedRaftLogWorker (SegmentedRaftLogWorker.java:<init>(173)) - new 01be2448-ed69-4310-b227-d291674bed64@group-EC7D4E21D845-SegmentedRaftLogWorker for RaftStorage:Storage Directory /workdir/hadoop-ozone/integration-test/target/test-dir/MiniOzoneClusterImpl-2a855a77-bf5f-41ff-8656-d75411ce3d15/datanode-5/data/ratis/58ee954f-a145-433a-ad47-ec7d4e21d845
2019-10-14 12:30:31,998 [pool-247-thread-1] INFO  server.RaftServerConfigKeys (ConfUtils.java:logGet(43)) - raft.server.log.statemachine.data.sync = true (default)
2019-10-14 12:30:31,998 [pool-257-thread-1] INFO  server.RaftServerConfigKeys (ConfUtils.java:logGet(43)) - raft.server.log.queue.byte-limit = 2147483647 (custom)
2019-10-14 12:30:31,998 [pool-237-thread-1] INFO  server.RaftServerConfigKeys (ConfUtils.java:logGet(43)) - raft.server.snapshot.retention.file.num = 5 (custom)
2019-10-14 12:30:31,998 [pool-257-thread-1] INFO  server.RaftServerConfigKeys (ConfUtils.java:logGet(43)) - raft.server.log.queue.element-limit = 1024 (custom)
2019-10-14 12:30:31,998 [pool-247-thread-1] INFO  server.RaftServerConfigKeys (ConfUtils.java:logGet(43)) - raft.server.log.statemachine.data.sync.timeout = 10s (default)
2019-10-14 12:30:31,999 [pool-257-thread-1] INFO  server.RaftServerConfigKeys (ConfUtils.java:logGet(43)) - raft.server.log.segment.size.max = 1048576 (custom)
2019-10-14 12:30:31,998 [pool-237-thread-1] INFO  server.RaftServerConfigKeys (ConfUtils.java:logGet(43)) - raft.server.retrycache.expirytime = 600000ms (custom)
2019-10-14 12:30:31,999 [pool-257-thread-1] INFO  server.RaftServerConfigKeys (ConfUtils.java:logGet(43)) - raft.server.log.preallocated.size = 16384 (custom)
2019-10-14 12:30:31,999 [pool-247-thread-1] INFO  server.RaftServerConfigKeys (ConfUtils.java:logGet(43)) - raft.server.log.statemachine.data.sync.timeout.retry = -1 (default)
2019-10-14 12:30:31,999 [pool-257-thread-1] INFO  server.RaftServerConfigKeys (ConfUtils.java:logGet(43)) - raft.server.log.write.buffer.size = 33554432 (custom)
2019-10-14 12:30:31,999 [pool-257-thread-1] INFO  server.RaftServerConfigKeys (ConfUtils.java:logGet(43)) - raft.server.log.force.sync.num = 128 (default)
2019-10-14 12:30:32,000 [pool-257-thread-1] INFO  server.RaftServerConfigKeys (ConfUtils.java:logGet(43)) - raft.server.log.statemachine.data.sync = true (default)
2019-10-14 12:30:32,000 [pool-247-thread-1] INFO  server.RaftServerConfigKeys (ConfUtils.java:logGet(43)) - raft.server.log.statemachine.data.caching.enabled = true (custom)
2019-10-14 12:30:32,000 [pool-257-thread-1] INFO  server.RaftServerConfigKeys (ConfUtils.java:logGet(43)) - raft.server.log.statemachine.data.sync.timeout = 10s (default)
2019-10-14 12:30:32,000 [pool-247-thread-1] INFO  segmented.SegmentedRaftLogWorker (SegmentedRaftLogWorker.java:lambda$new$0(128)) - 199a0fd4-43f3-465a-9568-1a721d7f4fad@group-EC7D4E21D845-SegmentedRaftLogWorker: flushIndex: setUnconditionally 0 -> -1
2019-10-14 12:30:32,000 [pool-257-thread-1] INFO  server.RaftServerConfigKeys (ConfUtils.java:logGet(43)) - raft.server.log.statemachine.data.sync.timeout.retry = -1 (default)
2019-10-14 12:30:32,000 [pool-247-thread-1] INFO  server.RaftServerConfigKeys (ConfUtils.java:logGet(43)) - raft.server.snapshot.auto.trigger.enabled = true (custom)
2019-10-14 12:30:32,000 [pool-237-thread-1] INFO  impl.RaftServerImpl (RaftServerImpl.java:start(181)) - 08ea17f0-c2a7-490c-b017-3d4732d6a778@group-EC7D4E21D845: start as a follower, conf=-1: [01be2448-ed69-4310-b227-d291674bed64:192.168.157.204:39602, 08ea17f0-c2a7-490c-b017-3d4732d6a778:192.168.157.204:46182, 199a0fd4-43f3-465a-9568-1a721d7f4fad:192.168.157.204:41302], old=null
2019-10-14 12:30:32,000 [pool-247-thread-1] INFO  server.RaftServerConfigKeys (ConfUtils.java:logGet(43)) - raft.server.snapshot.auto.trigger.threshold = 10000 (custom)
2019-10-14 12:30:32,001 [pool-237-thread-1] INFO  impl.RaftServerImpl (RaftServerImpl.java:setRole(170)) - 08ea17f0-c2a7-490c-b017-3d4732d6a778@group-EC7D4E21D845: changes role from      null to FOLLOWER at term 0 for startAsFollower
2019-10-14 12:30:32,001 [pool-247-thread-1] INFO  server.RaftServerConfigKeys (ConfUtils.java:logGet(43)) - raft.server.snapshot.retention.file.num = 5 (custom)
2019-10-14 12:30:32,001 [pool-237-thread-1] INFO  impl.RoleInfo (RoleInfo.java:updateAndGet(143)) - 08ea17f0-c2a7-490c-b017-3d4732d6a778: start FollowerState
2019-10-14 12:30:32,001 [pool-257-thread-1] INFO  server.RaftServerConfigKeys (ConfUtils.java:logGet(43)) - raft.server.log.statemachine.data.caching.enabled = true (custom)
2019-10-14 12:30:32,001 [pool-247-thread-1] INFO  server.RaftServerConfigKeys (ConfUtils.java:logGet(43)) - raft.server.retrycache.expirytime = 600000ms (custom)
2019-10-14 12:30:32,001 [pool-237-thread-1] INFO  util.JmxRegister (JmxRegister.java:tryRegister(44)) - Successfully registered JMX Bean with object name Ratis:service=RaftServer,group=group-EC7D4E21D845,id=08ea17f0-c2a7-490c-b017-3d4732d6a778
2019-10-14 12:30:32,001 [pool-257-thread-1] INFO  segmented.SegmentedRaftLogWorker (SegmentedRaftLogWorker.java:lambda$new$0(128)) - 01be2448-ed69-4310-b227-d291674bed64@group-EC7D4E21D845-SegmentedRaftLogWorker: flushIndex: setUnconditionally 0 -> -1
2019-10-14 12:30:32,002 [pool-257-thread-1] INFO  server.RaftServerConfigKeys (ConfUtils.java:logGet(43)) - raft.server.snapshot.auto.trigger.enabled = true (custom)
2019-10-14 12:30:32,002 [pool-257-thread-1] INFO  server.RaftServerConfigKeys (ConfUtils.java:logGet(43)) - raft.server.snapshot.auto.trigger.threshold = 10000 (custom)
2019-10-14 12:30:32,002 [pool-257-thread-1] INFO  server.RaftServerConfigKeys (ConfUtils.java:logGet(43)) - raft.server.snapshot.retention.file.num = 5 (custom)
2019-10-14 12:30:32,002 [pool-257-thread-1] INFO  server.RaftServerConfigKeys (ConfUtils.java:logGet(43)) - raft.server.retrycache.expirytime = 600000ms (custom)
2019-10-14 12:30:32,004 [pool-247-thread-1] INFO  impl.RaftServerImpl (RaftServerImpl.java:start(181)) - 199a0fd4-43f3-465a-9568-1a721d7f4fad@group-EC7D4E21D845: start as a follower, conf=-1: [01be2448-ed69-4310-b227-d291674bed64:192.168.157.204:39602, 08ea17f0-c2a7-490c-b017-3d4732d6a778:192.168.157.204:46182, 199a0fd4-43f3-465a-9568-1a721d7f4fad:192.168.157.204:41302], old=null
2019-10-14 12:30:32,004 [pool-247-thread-1] INFO  impl.RaftServerImpl (RaftServerImpl.java:setRole(170)) - 199a0fd4-43f3-465a-9568-1a721d7f4fad@group-EC7D4E21D845: changes role from      null to FOLLOWER at term 0 for startAsFollower
2019-10-14 12:30:32,004 [pool-247-thread-1] INFO  impl.RoleInfo (RoleInfo.java:updateAndGet(143)) - 199a0fd4-43f3-465a-9568-1a721d7f4fad: start FollowerState
2019-10-14 12:30:32,005 [pool-247-thread-1] INFO  util.JmxRegister (JmxRegister.java:tryRegister(44)) - Successfully registered JMX Bean with object name Ratis:service=RaftServer,group=group-EC7D4E21D845,id=199a0fd4-43f3-465a-9568-1a721d7f4fad
2019-10-14 12:30:32,005 [pool-257-thread-1] INFO  impl.RaftServerImpl (RaftServerImpl.java:start(181)) - 01be2448-ed69-4310-b227-d291674bed64@group-EC7D4E21D845: start as a follower, conf=-1: [01be2448-ed69-4310-b227-d291674bed64:192.168.157.204:39602, 08ea17f0-c2a7-490c-b017-3d4732d6a778:192.168.157.204:46182, 199a0fd4-43f3-465a-9568-1a721d7f4fad:192.168.157.204:41302], old=null
2019-10-14 12:30:32,008 [pool-257-thread-1] INFO  impl.RaftServerImpl (RaftServerImpl.java:setRole(170)) - 01be2448-ed69-4310-b227-d291674bed64@group-EC7D4E21D845: changes role from      null to FOLLOWER at term 0 for startAsFollower
2019-10-14 12:30:32,009 [pool-257-thread-1] INFO  impl.RoleInfo (RoleInfo.java:updateAndGet(143)) - 01be2448-ed69-4310-b227-d291674bed64: start FollowerState
2019-10-14 12:30:32,009 [pool-257-thread-1] INFO  util.JmxRegister (JmxRegister.java:tryRegister(44)) - Successfully registered JMX Bean with object name Ratis:service=RaftServer,group=group-EC7D4E21D845,id=01be2448-ed69-4310-b227-d291674bed64
2019-10-14 12:30:32,016 [main] INFO  ozone.MiniOzoneClusterImpl (MiniOzoneClusterImpl.java:lambda$waitForClusterToBeReady$0(147)) - Waiting for cluster to be ready. Got 6 of 7 DN Heartbeats.
2019-10-14 12:30:32,017 [IPC Server handler 4 on 40862] INFO  net.NetworkTopology (NetworkTopologyImpl.java:add(111)) - Added a new node: /default-rack/53680ec4-5c53-4026-b8d7-513efec466dc
2019-10-14 12:30:32,017 [IPC Server handler 4 on 40862] INFO  node.SCMNodeManager (SCMNodeManager.java:register(313)) - Registered Data node : 53680ec4-5c53-4026-b8d7-513efec466dc{ip: 192.168.157.204, host: pr-hdds-2196-v6glg-1693409637, networkLocation: /default-rack, certSerialId: null}
2019-10-14 12:30:32,018 [RatisPipelineUtilsThread] INFO  pipeline.PipelineStateManager (PipelineStateManager.java:addPipeline(56)) - Created pipeline Pipeline[ Id: 58ee954f-a145-433a-ad47-ec7d4e21d845, Nodes: 01be2448-ed69-4310-b227-d291674bed64{ip: 192.168.157.204, host: pr-hdds-2196-v6glg-1693409637, networkLocation: /default-rack, certSerialId: null}08ea17f0-c2a7-490c-b017-3d4732d6a778{ip: 192.168.157.204, host: pr-hdds-2196-v6glg-1693409637, networkLocation: /default-rack, certSerialId: null}199a0fd4-43f3-465a-9568-1a721d7f4fad{ip: 192.168.157.204, host: pr-hdds-2196-v6glg-1693409637, networkLocation: /default-rack, certSerialId: null}, Type:RATIS, Factor:THREE, State:OPEN]
2019-10-14 12:30:32,024 [grpc-default-executor-1] INFO  impl.RaftServerProxy (RaftServerProxy.java:addNew(89)) - 01be2448-ed69-4310-b227-d291674bed64: addNew group-EA71CE6733D7:[01be2448-ed69-4310-b227-d291674bed64:192.168.157.204:39602] returns group-EA71CE6733D7:java.util.concurrent.CompletableFuture@199a94b3[Not completed]
2019-10-14 12:30:32,025 [pool-257-thread-1] INFO  impl.RaftServerImpl (RaftServerImpl.java:<init>(95)) - 01be2448-ed69-4310-b227-d291674bed64: new RaftServerImpl for group-EA71CE6733D7:[01be2448-ed69-4310-b227-d291674bed64:192.168.157.204:39602] with ContainerStateMachine:uninitialized
2019-10-14 12:30:32,027 [pool-257-thread-1] INFO  server.RaftServerConfigKeys (ConfUtils.java:logGet(43)) - raft.server.rpc.timeout.min = 5s (custom)
2019-10-14 12:30:32,027 [pool-257-thread-1] INFO  server.RaftServerConfigKeys (ConfUtils.java:logGet(43)) - raft.server.rpc.timeout.max = 5200ms (custom)
2019-10-14 12:30:32,027 [pool-257-thread-1] INFO  server.RaftServerConfigKeys (ConfUtils.java:logGet(43)) - raft.server.rpcslowness.timeout = 120s (custom)
2019-10-14 12:30:32,027 [pool-257-thread-1] INFO  server.RaftServerConfigKeys (ConfUtils.java:logGet(43)) - raft.server.sleep.deviation.threshold = 300 (default)
2019-10-14 12:30:32,028 [pool-257-thread-1] INFO  server.RaftServerConfigKeys (ConfUtils.java:logGet(43)) - raft.server.log.appender.install.snapshot.enabled = false (custom)
2019-10-14 12:30:32,028 [pool-257-thread-1] INFO  impl.RaftServerImpl (ServerState.java:<init>(103)) - 01be2448-ed69-4310-b227-d291674bed64@group-EA71CE6733D7: ConfigurationManager, init=-1: [01be2448-ed69-4310-b227-d291674bed64:192.168.157.204:39602], old=null, confs=<EMPTY_MAP>
2019-10-14 12:30:32,028 [pool-257-thread-1] INFO  server.RaftServerConfigKeys (ConfUtils.java:logGet(43)) - raft.server.storage.dir = [/workdir/hadoop-ozone/integration-test/target/test-dir/MiniOzoneClusterImpl-2a855a77-bf5f-41ff-8656-d75411ce3d15/datanode-5/data/ratis] (custom)
2019-10-14 12:30:32,028 [pool-257-thread-1] INFO  server.RaftServerConfigKeys (ConfUtils.java:logGet(43)) - raft.server.log.corruption.policy = EXCEPTION (default)
2019-10-14 12:30:32,028 [pool-257-thread-1] INFO  storage.RaftStorageDirectory (RaftStorageDirectory.java:analyzeStorage(246)) - The storage directory /workdir/hadoop-ozone/integration-test/target/test-dir/MiniOzoneClusterImpl-2a855a77-bf5f-41ff-8656-d75411ce3d15/datanode-5/data/ratis/e26aa02f-3a7d-4c99-9f55-ea71ce6733d7 does not exist. Creating ...
2019-10-14 12:30:32,041 [pool-257-thread-1] INFO  storage.RaftStorageDirectory (RaftStorageDirectory.java:tryLock(328)) - Lock on /workdir/hadoop-ozone/integration-test/target/test-dir/MiniOzoneClusterImpl-2a855a77-bf5f-41ff-8656-d75411ce3d15/datanode-5/data/ratis/e26aa02f-3a7d-4c99-9f55-ea71ce6733d7/in_use.lock acquired by nodename 3702@pr-hdds-2196-v6glg-1693409637
2019-10-14 12:30:32,054 [pool-257-thread-1] INFO  storage.RaftStorage (RaftStorage.java:format(84)) - Storage directory /workdir/hadoop-ozone/integration-test/target/test-dir/MiniOzoneClusterImpl-2a855a77-bf5f-41ff-8656-d75411ce3d15/datanode-5/data/ratis/e26aa02f-3a7d-4c99-9f55-ea71ce6733d7 has been successfully formatted.
2019-10-14 12:30:32,054 [pool-257-thread-1] INFO  ratis.ContainerStateMachine (ContainerStateMachine.java:loadSnapshot(231)) - group-EA71CE6733D7: The snapshot info is null. Setting the last applied indexto:(t:0, i:~)
2019-10-14 12:30:32,054 [pool-257-thread-1] INFO  server.RaftServerConfigKeys (ConfUtils.java:logGet(43)) - raft.server.notification.no-leader.timeout = 120s (custom)
2019-10-14 12:30:32,054 [pool-257-thread-1] INFO  server.RaftServerConfigKeys (ConfUtils.java:logGet(43)) - raft.server.log.use.memory = false (default)
2019-10-14 12:30:32,054 [pool-257-thread-1] INFO  server.RaftServerConfigKeys (ConfUtils.java:logGet(43)) - raft.server.log.purge.gap = 1000000 (custom)
2019-10-14 12:30:32,054 [pool-257-thread-1] INFO  server.RaftServerConfigKeys (ConfUtils.java:logGet(43)) - raft.server.log.appender.buffer.byte-limit = 33554432 (custom)
2019-10-14 12:30:32,054 [pool-257-thread-1] INFO  server.RaftServerConfigKeys (ConfUtils.java:logGet(43)) - raft.server.log.segment.size.max = 1048576 (custom)
2019-10-14 12:30:32,055 [pool-257-thread-1] INFO  server.RaftServerConfigKeys (ConfUtils.java:logGet(43)) - raft.server.log.segment.cache.num.max = 2 (custom)
2019-10-14 12:30:32,055 [pool-257-thread-1] INFO  segmented.SegmentedRaftLogWorker (SegmentedRaftLogWorker.java:<init>(173)) - new 01be2448-ed69-4310-b227-d291674bed64@group-EA71CE6733D7-SegmentedRaftLogWorker for RaftStorage:Storage Directory /workdir/hadoop-ozone/integration-test/target/test-dir/MiniOzoneClusterImpl-2a855a77-bf5f-41ff-8656-d75411ce3d15/datanode-5/data/ratis/e26aa02f-3a7d-4c99-9f55-ea71ce6733d7
2019-10-14 12:30:32,055 [pool-257-thread-1] INFO  server.RaftServerConfigKeys (ConfUtils.java:logGet(43)) - raft.server.log.queue.byte-limit = 2147483647 (custom)
2019-10-14 12:30:32,055 [pool-257-thread-1] INFO  server.RaftServerConfigKeys (ConfUtils.java:logGet(43)) - raft.server.log.queue.element-limit = 1024 (custom)
2019-10-14 12:30:32,055 [pool-257-thread-1] INFO  server.RaftServerConfigKeys (ConfUtils.java:logGet(43)) - raft.server.log.segment.size.max = 1048576 (custom)
2019-10-14 12:30:32,055 [pool-257-thread-1] INFO  server.RaftServerConfigKeys (ConfUtils.java:logGet(43)) - raft.server.log.preallocated.size = 16384 (custom)
2019-10-14 12:30:32,055 [pool-257-thread-1] INFO  server.RaftServerConfigKeys (ConfUtils.java:logGet(43)) - raft.server.log.write.buffer.size = 33554432 (custom)
2019-10-14 12:30:32,055 [pool-257-thread-1] INFO  server.RaftServerConfigKeys (ConfUtils.java:logGet(43)) - raft.server.log.force.sync.num = 128 (default)
2019-10-14 12:30:32,055 [pool-257-thread-1] INFO  server.RaftServerConfigKeys (ConfUtils.java:logGet(43)) - raft.server.log.statemachine.data.sync = true (default)
2019-10-14 12:30:32,055 [pool-257-thread-1] INFO  server.RaftServerConfigKeys (ConfUtils.java:logGet(43)) - raft.server.log.statemachine.data.sync.timeout = 10s (default)
2019-10-14 12:30:32,056 [pool-257-thread-1] INFO  server.RaftServerConfigKeys (ConfUtils.java:logGet(43)) - raft.server.log.statemachine.data.sync.timeout.retry = -1 (default)
2019-10-14 12:30:32,056 [pool-257-thread-1] INFO  server.RaftServerConfigKeys (ConfUtils.java:logGet(43)) - raft.server.log.statemachine.data.caching.enabled = true (custom)
2019-10-14 12:30:32,056 [pool-257-thread-1] INFO  segmented.SegmentedRaftLogWorker (SegmentedRaftLogWorker.java:lambda$new$0(128)) - 01be2448-ed69-4310-b227-d291674bed64@group-EA71CE6733D7-SegmentedRaftLogWorker: flushIndex: setUnconditionally 0 -> -1
2019-10-14 12:30:32,056 [pool-257-thread-1] INFO  server.RaftServerConfigKeys (ConfUtils.java:logGet(43)) - raft.server.snapshot.auto.trigger.enabled = true (custom)
2019-10-14 12:30:32,056 [pool-257-thread-1] INFO  server.RaftServerConfigKeys (ConfUtils.java:logGet(43)) - raft.server.snapshot.auto.trigger.threshold = 10000 (custom)
2019-10-14 12:30:32,056 [pool-257-thread-1] INFO  server.RaftServerConfigKeys (ConfUtils.java:logGet(43)) - raft.server.snapshot.retention.file.num = 5 (custom)
2019-10-14 12:30:32,057 [pool-257-thread-1] INFO  server.RaftServerConfigKeys (ConfUtils.java:logGet(43)) - raft.server.retrycache.expirytime = 600000ms (custom)
2019-10-14 12:30:32,058 [pool-257-thread-1] INFO  impl.RaftServerImpl (RaftServerImpl.java:start(181)) - 01be2448-ed69-4310-b227-d291674bed64@group-EA71CE6733D7: start as a follower, conf=-1: [01be2448-ed69-4310-b227-d291674bed64:192.168.157.204:39602], old=null
2019-10-14 12:30:32,058 [pool-257-thread-1] INFO  impl.RaftServerImpl (RaftServerImpl.java:setRole(170)) - 01be2448-ed69-4310-b227-d291674bed64@group-EA71CE6733D7: changes role from      null to FOLLOWER at term 0 for startAsFollower
2019-10-14 12:30:32,058 [pool-257-thread-1] INFO  impl.RoleInfo (RoleInfo.java:updateAndGet(143)) - 01be2448-ed69-4310-b227-d291674bed64: start FollowerState
2019-10-14 12:30:32,058 [pool-257-thread-1] INFO  util.JmxRegister (JmxRegister.java:tryRegister(44)) - Successfully registered JMX Bean with object name Ratis:service=RaftServer,group=group-EA71CE6733D7,id=01be2448-ed69-4310-b227-d291674bed64
2019-10-14 12:30:32,064 [RatisPipelineUtilsThread] INFO  pipeline.PipelineStateManager (PipelineStateManager.java:addPipeline(56)) - Created pipeline Pipeline[ Id: e26aa02f-3a7d-4c99-9f55-ea71ce6733d7, Nodes: 01be2448-ed69-4310-b227-d291674bed64{ip: 192.168.157.204, host: pr-hdds-2196-v6glg-1693409637, networkLocation: /default-rack, certSerialId: null}, Type:RATIS, Factor:ONE, State:OPEN]
2019-10-14 12:30:32,071 [grpc-default-executor-1] INFO  impl.RaftServerProxy (RaftServerProxy.java:addNew(89)) - 53680ec4-5c53-4026-b8d7-513efec466dc: addNew group-736A837BF948:[53680ec4-5c53-4026-b8d7-513efec466dc:192.168.157.204:46646] returns group-736A837BF948:java.util.concurrent.CompletableFuture@287276fb[Not completed]
2019-10-14 12:30:32,073 [pool-267-thread-1] INFO  impl.RaftServerImpl (RaftServerImpl.java:<init>(95)) - 53680ec4-5c53-4026-b8d7-513efec466dc: new RaftServerImpl for group-736A837BF948:[53680ec4-5c53-4026-b8d7-513efec466dc:192.168.157.204:46646] with ContainerStateMachine:uninitialized
2019-10-14 12:30:32,073 [pool-267-thread-1] INFO  server.RaftServerConfigKeys (ConfUtils.java:logGet(43)) - raft.server.rpc.timeout.min = 5s (custom)
2019-10-14 12:30:32,073 [pool-267-thread-1] INFO  server.RaftServerConfigKeys (ConfUtils.java:logGet(43)) - raft.server.rpc.timeout.max = 5200ms (custom)
2019-10-14 12:30:32,073 [pool-267-thread-1] INFO  server.RaftServerConfigKeys (ConfUtils.java:logGet(43)) - raft.server.rpcslowness.timeout = 120s (custom)
2019-10-14 12:30:32,073 [pool-267-thread-1] INFO  server.RaftServerConfigKeys (ConfUtils.java:logGet(43)) - raft.server.sleep.deviation.threshold = 300 (default)
2019-10-14 12:30:32,073 [pool-267-thread-1] INFO  server.RaftServerConfigKeys (ConfUtils.java:logGet(43)) - raft.server.log.appender.install.snapshot.enabled = false (custom)
2019-10-14 12:30:32,073 [pool-267-thread-1] INFO  impl.RaftServerImpl (ServerState.java:<init>(103)) - 53680ec4-5c53-4026-b8d7-513efec466dc@group-736A837BF948: ConfigurationManager, init=-1: [53680ec4-5c53-4026-b8d7-513efec466dc:192.168.157.204:46646], old=null, confs=<EMPTY_MAP>
2019-10-14 12:30:32,073 [pool-267-thread-1] INFO  server.RaftServerConfigKeys (ConfUtils.java:logGet(43)) - raft.server.storage.dir = [/workdir/hadoop-ozone/integration-test/target/test-dir/MiniOzoneClusterImpl-2a855a77-bf5f-41ff-8656-d75411ce3d15/datanode-6/data/ratis] (custom)
2019-10-14 12:30:32,074 [pool-267-thread-1] INFO  server.RaftServerConfigKeys (ConfUtils.java:logGet(43)) - raft.server.log.corruption.policy = EXCEPTION (default)
2019-10-14 12:30:32,074 [pool-267-thread-1] INFO  storage.RaftStorageDirectory (RaftStorageDirectory.java:analyzeStorage(246)) - The storage directory /workdir/hadoop-ozone/integration-test/target/test-dir/MiniOzoneClusterImpl-2a855a77-bf5f-41ff-8656-d75411ce3d15/datanode-6/data/ratis/816adc8e-6afc-4451-ba37-736a837bf948 does not exist. Creating ...
2019-10-14 12:30:32,087 [pool-267-thread-1] INFO  storage.RaftStorageDirectory (RaftStorageDirectory.java:tryLock(328)) - Lock on /workdir/hadoop-ozone/integration-test/target/test-dir/MiniOzoneClusterImpl-2a855a77-bf5f-41ff-8656-d75411ce3d15/datanode-6/data/ratis/816adc8e-6afc-4451-ba37-736a837bf948/in_use.lock acquired by nodename 3702@pr-hdds-2196-v6glg-1693409637
2019-10-14 12:30:32,100 [pool-267-thread-1] INFO  storage.RaftStorage (RaftStorage.java:format(84)) - Storage directory /workdir/hadoop-ozone/integration-test/target/test-dir/MiniOzoneClusterImpl-2a855a77-bf5f-41ff-8656-d75411ce3d15/datanode-6/data/ratis/816adc8e-6afc-4451-ba37-736a837bf948 has been successfully formatted.
2019-10-14 12:30:32,100 [pool-267-thread-1] INFO  ratis.ContainerStateMachine (ContainerStateMachine.java:loadSnapshot(231)) - group-736A837BF948: The snapshot info is null. Setting the last applied indexto:(t:0, i:~)
2019-10-14 12:30:32,100 [pool-267-thread-1] INFO  server.RaftServerConfigKeys (ConfUtils.java:logGet(43)) - raft.server.notification.no-leader.timeout = 120s (custom)
2019-10-14 12:30:32,100 [pool-267-thread-1] INFO  server.RaftServerConfigKeys (ConfUtils.java:logGet(43)) - raft.server.log.use.memory = false (default)
2019-10-14 12:30:32,100 [pool-267-thread-1] INFO  server.RaftServerConfigKeys (ConfUtils.java:logGet(43)) - raft.server.log.purge.gap = 1000000 (custom)
2019-10-14 12:30:32,100 [pool-267-thread-1] INFO  server.RaftServerConfigKeys (ConfUtils.java:logGet(43)) - raft.server.log.appender.buffer.byte-limit = 33554432 (custom)
2019-10-14 12:30:32,100 [pool-267-thread-1] INFO  server.RaftServerConfigKeys (ConfUtils.java:logGet(43)) - raft.server.log.segment.size.max = 1048576 (custom)
2019-10-14 12:30:32,102 [pool-267-thread-1] INFO  server.RaftServerConfigKeys (ConfUtils.java:logGet(43)) - raft.server.log.segment.cache.num.max = 2 (custom)
2019-10-14 12:30:32,102 [pool-267-thread-1] INFO  segmented.SegmentedRaftLogWorker (SegmentedRaftLogWorker.java:<init>(173)) - new 53680ec4-5c53-4026-b8d7-513efec466dc@group-736A837BF948-SegmentedRaftLogWorker for RaftStorage:Storage Directory /workdir/hadoop-ozone/integration-test/target/test-dir/MiniOzoneClusterImpl-2a855a77-bf5f-41ff-8656-d75411ce3d15/datanode-6/data/ratis/816adc8e-6afc-4451-ba37-736a837bf948
2019-10-14 12:30:32,102 [pool-267-thread-1] INFO  server.RaftServerConfigKeys (ConfUtils.java:logGet(43)) - raft.server.log.queue.byte-limit = 2147483647 (custom)
2019-10-14 12:30:32,102 [pool-267-thread-1] INFO  server.RaftServerConfigKeys (ConfUtils.java:logGet(43)) - raft.server.log.queue.element-limit = 1024 (custom)
2019-10-14 12:30:32,102 [pool-267-thread-1] INFO  server.RaftServerConfigKeys (ConfUtils.java:logGet(43)) - raft.server.log.segment.size.max = 1048576 (custom)
2019-10-14 12:30:32,102 [pool-267-thread-1] INFO  server.RaftServerConfigKeys (ConfUtils.java:logGet(43)) - raft.server.log.preallocated.size = 16384 (custom)
2019-10-14 12:30:32,103 [pool-267-thread-1] INFO  server.RaftServerConfigKeys (ConfUtils.java:logGet(43)) - raft.server.log.write.buffer.size = 33554432 (custom)
2019-10-14 12:30:32,103 [pool-267-thread-1] INFO  server.RaftServerConfigKeys (ConfUtils.java:logGet(43)) - raft.server.log.force.sync.num = 128 (default)
2019-10-14 12:30:32,103 [pool-267-thread-1] INFO  server.RaftServerConfigKeys (ConfUtils.java:logGet(43)) - raft.server.log.statemachine.data.sync = true (default)
2019-10-14 12:30:32,103 [pool-267-thread-1] INFO  server.RaftServerConfigKeys (ConfUtils.java:logGet(43)) - raft.server.log.statemachine.data.sync.timeout = 10s (default)
2019-10-14 12:30:32,103 [pool-267-thread-1] INFO  server.RaftServerConfigKeys (ConfUtils.java:logGet(43)) - raft.server.log.statemachine.data.sync.timeout.retry = -1 (default)
2019-10-14 12:30:32,103 [pool-267-thread-1] INFO  server.RaftServerConfigKeys (ConfUtils.java:logGet(43)) - raft.server.log.statemachine.data.caching.enabled = true (custom)
2019-10-14 12:30:32,104 [pool-267-thread-1] INFO  segmented.SegmentedRaftLogWorker (SegmentedRaftLogWorker.java:lambda$new$0(128)) - 53680ec4-5c53-4026-b8d7-513efec466dc@group-736A837BF948-SegmentedRaftLogWorker: flushIndex: setUnconditionally 0 -> -1
2019-10-14 12:30:32,104 [pool-267-thread-1] INFO  server.RaftServerConfigKeys (ConfUtils.java:logGet(43)) - raft.server.snapshot.auto.trigger.enabled = true (custom)
2019-10-14 12:30:32,104 [pool-267-thread-1] INFO  server.RaftServerConfigKeys (ConfUtils.java:logGet(43)) - raft.server.snapshot.auto.trigger.threshold = 10000 (custom)
2019-10-14 12:30:32,104 [pool-267-thread-1] INFO  server.RaftServerConfigKeys (ConfUtils.java:logGet(43)) - raft.server.snapshot.retention.file.num = 5 (custom)
2019-10-14 12:30:32,104 [pool-267-thread-1] INFO  server.RaftServerConfigKeys (ConfUtils.java:logGet(43)) - raft.server.retrycache.expirytime = 600000ms (custom)
2019-10-14 12:30:32,106 [pool-267-thread-1] INFO  impl.RaftServerImpl (RaftServerImpl.java:start(181)) - 53680ec4-5c53-4026-b8d7-513efec466dc@group-736A837BF948: start as a follower, conf=-1: [53680ec4-5c53-4026-b8d7-513efec466dc:192.168.157.204:46646], old=null
2019-10-14 12:30:32,106 [pool-267-thread-1] INFO  impl.RaftServerImpl (RaftServerImpl.java:setRole(170)) - 53680ec4-5c53-4026-b8d7-513efec466dc@group-736A837BF948: changes role from      null to FOLLOWER at term 0 for startAsFollower
2019-10-14 12:30:32,106 [pool-267-thread-1] INFO  impl.RoleInfo (RoleInfo.java:updateAndGet(143)) - 53680ec4-5c53-4026-b8d7-513efec466dc: start FollowerState
2019-10-14 12:30:32,106 [pool-267-thread-1] INFO  util.JmxRegister (JmxRegister.java:tryRegister(44)) - Successfully registered JMX Bean with object name Ratis:service=RaftServer,group=group-736A837BF948,id=53680ec4-5c53-4026-b8d7-513efec466dc
2019-10-14 12:30:32,112 [RatisPipelineUtilsThread] INFO  pipeline.PipelineStateManager (PipelineStateManager.java:addPipeline(56)) - Created pipeline Pipeline[ Id: 816adc8e-6afc-4451-ba37-736a837bf948, Nodes: 53680ec4-5c53-4026-b8d7-513efec466dc{ip: 192.168.157.204, host: pr-hdds-2196-v6glg-1693409637, networkLocation: /default-rack, certSerialId: null}, Type:RATIS, Factor:ONE, State:OPEN]
2019-10-14 12:30:32,120 [grpc-default-executor-1] INFO  impl.RaftServerProxy (RaftServerProxy.java:addNew(89)) - 199a0fd4-43f3-465a-9568-1a721d7f4fad: addNew group-F7385797E0F9:[199a0fd4-43f3-465a-9568-1a721d7f4fad:192.168.157.204:41302] returns group-F7385797E0F9:java.util.concurrent.CompletableFuture@705ec855[Not completed]
2019-10-14 12:30:32,121 [pool-247-thread-1] INFO  impl.RaftServerImpl (RaftServerImpl.java:<init>(95)) - 199a0fd4-43f3-465a-9568-1a721d7f4fad: new RaftServerImpl for group-F7385797E0F9:[199a0fd4-43f3-465a-9568-1a721d7f4fad:192.168.157.204:41302] with ContainerStateMachine:uninitialized
2019-10-14 12:30:32,121 [pool-247-thread-1] INFO  server.RaftServerConfigKeys (ConfUtils.java:logGet(43)) - raft.server.rpc.timeout.min = 5s (custom)
2019-10-14 12:30:32,121 [pool-247-thread-1] INFO  server.RaftServerConfigKeys (ConfUtils.java:logGet(43)) - raft.server.rpc.timeout.max = 5200ms (custom)
2019-10-14 12:30:32,121 [pool-247-thread-1] INFO  server.RaftServerConfigKeys (ConfUtils.java:logGet(43)) - raft.server.rpcslowness.timeout = 120s (custom)
2019-10-14 12:30:32,121 [pool-247-thread-1] INFO  server.RaftServerConfigKeys (ConfUtils.java:logGet(43)) - raft.server.sleep.deviation.threshold = 300 (default)
2019-10-14 12:30:32,121 [pool-247-thread-1] INFO  server.RaftServerConfigKeys (ConfUtils.java:logGet(43)) - raft.server.log.appender.install.snapshot.enabled = false (custom)
2019-10-14 12:30:32,121 [pool-247-thread-1] INFO  impl.RaftServerImpl (ServerState.java:<init>(103)) - 199a0fd4-43f3-465a-9568-1a721d7f4fad@group-F7385797E0F9: ConfigurationManager, init=-1: [199a0fd4-43f3-465a-9568-1a721d7f4fad:192.168.157.204:41302], old=null, confs=<EMPTY_MAP>
2019-10-14 12:30:32,121 [pool-247-thread-1] INFO  server.RaftServerConfigKeys (ConfUtils.java:logGet(43)) - raft.server.storage.dir = [/workdir/hadoop-ozone/integration-test/target/test-dir/MiniOzoneClusterImpl-2a855a77-bf5f-41ff-8656-d75411ce3d15/datanode-4/data/ratis] (custom)
2019-10-14 12:30:32,122 [pool-247-thread-1] INFO  server.RaftServerConfigKeys (ConfUtils.java:logGet(43)) - raft.server.log.corruption.policy = EXCEPTION (default)
2019-10-14 12:30:32,122 [pool-247-thread-1] INFO  storage.RaftStorageDirectory (RaftStorageDirectory.java:analyzeStorage(246)) - The storage directory /workdir/hadoop-ozone/integration-test/target/test-dir/MiniOzoneClusterImpl-2a855a77-bf5f-41ff-8656-d75411ce3d15/datanode-4/data/ratis/4afd407a-52b5-4f44-a1ab-f7385797e0f9 does not exist. Creating ...
2019-10-14 12:30:32,134 [pool-247-thread-1] INFO  storage.RaftStorageDirectory (RaftStorageDirectory.java:tryLock(328)) - Lock on /workdir/hadoop-ozone/integration-test/target/test-dir/MiniOzoneClusterImpl-2a855a77-bf5f-41ff-8656-d75411ce3d15/datanode-4/data/ratis/4afd407a-52b5-4f44-a1ab-f7385797e0f9/in_use.lock acquired by nodename 3702@pr-hdds-2196-v6glg-1693409637
2019-10-14 12:30:32,147 [pool-247-thread-1] INFO  storage.RaftStorage (RaftStorage.java:format(84)) - Storage directory /workdir/hadoop-ozone/integration-test/target/test-dir/MiniOzoneClusterImpl-2a855a77-bf5f-41ff-8656-d75411ce3d15/datanode-4/data/ratis/4afd407a-52b5-4f44-a1ab-f7385797e0f9 has been successfully formatted.
2019-10-14 12:30:32,147 [pool-247-thread-1] INFO  ratis.ContainerStateMachine (ContainerStateMachine.java:loadSnapshot(231)) - group-F7385797E0F9: The snapshot info is null. Setting the last applied indexto:(t:0, i:~)
2019-10-14 12:30:32,148 [pool-247-thread-1] INFO  server.RaftServerConfigKeys (ConfUtils.java:logGet(43)) - raft.server.notification.no-leader.timeout = 120s (custom)
2019-10-14 12:30:32,148 [pool-247-thread-1] INFO  server.RaftServerConfigKeys (ConfUtils.java:logGet(43)) - raft.server.log.use.memory = false (default)
2019-10-14 12:30:32,148 [pool-247-thread-1] INFO  server.RaftServerConfigKeys (ConfUtils.java:logGet(43)) - raft.server.log.purge.gap = 1000000 (custom)
2019-10-14 12:30:32,148 [pool-247-thread-1] INFO  server.RaftServerConfigKeys (ConfUtils.java:logGet(43)) - raft.server.log.appender.buffer.byte-limit = 33554432 (custom)
2019-10-14 12:30:32,148 [pool-247-thread-1] INFO  server.RaftServerConfigKeys (ConfUtils.java:logGet(43)) - raft.server.log.segment.size.max = 1048576 (custom)
2019-10-14 12:30:32,148 [pool-247-thread-1] INFO  server.RaftServerConfigKeys (ConfUtils.java:logGet(43)) - raft.server.log.segment.cache.num.max = 2 (custom)
2019-10-14 12:30:32,148 [pool-247-thread-1] INFO  segmented.SegmentedRaftLogWorker (SegmentedRaftLogWorker.java:<init>(173)) - new 199a0fd4-43f3-465a-9568-1a721d7f4fad@group-F7385797E0F9-SegmentedRaftLogWorker for RaftStorage:Storage Directory /workdir/hadoop-ozone/integration-test/target/test-dir/MiniOzoneClusterImpl-2a855a77-bf5f-41ff-8656-d75411ce3d15/datanode-4/data/ratis/4afd407a-52b5-4f44-a1ab-f7385797e0f9
2019-10-14 12:30:32,148 [pool-247-thread-1] INFO  server.RaftServerConfigKeys (ConfUtils.java:logGet(43)) - raft.server.log.queue.byte-limit = 2147483647 (custom)
2019-10-14 12:30:32,148 [pool-247-thread-1] INFO  server.RaftServerConfigKeys (ConfUtils.java:logGet(43)) - raft.server.log.queue.element-limit = 1024 (custom)
2019-10-14 12:30:32,148 [pool-247-thread-1] INFO  server.RaftServerConfigKeys (ConfUtils.java:logGet(43)) - raft.server.log.segment.size.max = 1048576 (custom)
2019-10-14 12:30:32,148 [pool-247-thread-1] INFO  server.RaftServerConfigKeys (ConfUtils.java:logGet(43)) - raft.server.log.preallocated.size = 16384 (custom)
2019-10-14 12:30:32,148 [pool-247-thread-1] INFO  server.RaftServerConfigKeys (ConfUtils.java:logGet(43)) - raft.server.log.write.buffer.size = 33554432 (custom)
2019-10-14 12:30:32,149 [pool-247-thread-1] INFO  server.RaftServerConfigKeys (ConfUtils.java:logGet(43)) - raft.server.log.force.sync.num = 128 (default)
2019-10-14 12:30:32,149 [pool-247-thread-1] INFO  server.RaftServerConfigKeys (ConfUtils.java:logGet(43)) - raft.server.log.statemachine.data.sync = true (default)
2019-10-14 12:30:32,149 [pool-247-thread-1] INFO  server.RaftServerConfigKeys (ConfUtils.java:logGet(43)) - raft.server.log.statemachine.data.sync.timeout = 10s (default)
2019-10-14 12:30:32,149 [pool-247-thread-1] INFO  server.RaftServerConfigKeys (ConfUtils.java:logGet(43)) - raft.server.log.statemachine.data.sync.timeout.retry = -1 (default)
2019-10-14 12:30:32,149 [pool-247-thread-1] INFO  server.RaftServerConfigKeys (ConfUtils.java:logGet(43)) - raft.server.log.statemachine.data.caching.enabled = true (custom)
2019-10-14 12:30:32,149 [pool-247-thread-1] INFO  segmented.SegmentedRaftLogWorker (SegmentedRaftLogWorker.java:lambda$new$0(128)) - 199a0fd4-43f3-465a-9568-1a721d7f4fad@group-F7385797E0F9-SegmentedRaftLogWorker: flushIndex: setUnconditionally 0 -> -1
2019-10-14 12:30:32,149 [pool-247-thread-1] INFO  server.RaftServerConfigKeys (ConfUtils.java:logGet(43)) - raft.server.snapshot.auto.trigger.enabled = true (custom)
2019-10-14 12:30:32,150 [pool-247-thread-1] INFO  server.RaftServerConfigKeys (ConfUtils.java:logGet(43)) - raft.server.snapshot.auto.trigger.threshold = 10000 (custom)
2019-10-14 12:30:32,150 [pool-247-thread-1] INFO  server.RaftServerConfigKeys (ConfUtils.java:logGet(43)) - raft.server.snapshot.retention.file.num = 5 (custom)
2019-10-14 12:30:32,150 [pool-247-thread-1] INFO  server.RaftServerConfigKeys (ConfUtils.java:logGet(43)) - raft.server.retrycache.expirytime = 600000ms (custom)
2019-10-14 12:30:32,152 [pool-247-thread-1] INFO  impl.RaftServerImpl (RaftServerImpl.java:start(181)) - 199a0fd4-43f3-465a-9568-1a721d7f4fad@group-F7385797E0F9: start as a follower, conf=-1: [199a0fd4-43f3-465a-9568-1a721d7f4fad:192.168.157.204:41302], old=null
2019-10-14 12:30:32,152 [pool-247-thread-1] INFO  impl.RaftServerImpl (RaftServerImpl.java:setRole(170)) - 199a0fd4-43f3-465a-9568-1a721d7f4fad@group-F7385797E0F9: changes role from      null to FOLLOWER at term 0 for startAsFollower
2019-10-14 12:30:32,152 [pool-247-thread-1] INFO  impl.RoleInfo (RoleInfo.java:updateAndGet(143)) - 199a0fd4-43f3-465a-9568-1a721d7f4fad: start FollowerState
2019-10-14 12:30:32,152 [pool-247-thread-1] INFO  util.JmxRegister (JmxRegister.java:tryRegister(44)) - Successfully registered JMX Bean with object name Ratis:service=RaftServer,group=group-F7385797E0F9,id=199a0fd4-43f3-465a-9568-1a721d7f4fad
2019-10-14 12:30:32,158 [RatisPipelineUtilsThread] INFO  pipeline.PipelineStateManager (PipelineStateManager.java:addPipeline(56)) - Created pipeline Pipeline[ Id: 4afd407a-52b5-4f44-a1ab-f7385797e0f9, Nodes: 199a0fd4-43f3-465a-9568-1a721d7f4fad{ip: 192.168.157.204, host: pr-hdds-2196-v6glg-1693409637, networkLocation: /default-rack, certSerialId: null}, Type:RATIS, Factor:ONE, State:OPEN]
2019-10-14 12:30:33,017 [main] INFO  ozone.MiniOzoneClusterImpl (MiniOzoneClusterImpl.java:lambda$waitForClusterToBeReady$0(147)) - Cluster is ready. Got 7 of 7 DN Heartbeats.
2019-10-14 12:30:33,066 [main] INFO  rpc.RpcClient (RpcClient.java:createVolume(272)) - Creating Volume: watchforcommithandlingtest, with jenkins1000 as owner.
2019-10-14 12:30:33,069 [IPC Server handler 1 on 34653] INFO  volume.OMVolumeCreateRequest (OMVolumeCreateRequest.java:validateAndUpdateCache(193)) - created volume:watchforcommithandlingtest for user:jenkins1000
2019-10-14 12:30:33,082 [main] INFO  rpc.RpcClient (RpcClient.java:createBucket(411)) - Creating Bucket: watchforcommithandlingtest/watchforcommithandlingtest, with Versioning false and Storage Type set to DISK and Encryption set to false 
2019-10-14 12:30:33,086 [main] INFO  ozone.MiniOzoneClusterImpl (MiniOzoneClusterImpl.java:getStorageContainerLocationClient(234)) - Creating StorageContainerLocationProtocol RPC client with address /0.0.0.0:40439
2019-10-14 12:30:34,621 [Thread-1435] INFO  container.ReplicationManager (ReplicationManager.java:start(162)) - Starting Replication Monitor Thread.
2019-10-14 12:30:34,625 [ReplicationMonitor] INFO  container.ReplicationManager (ReplicationManager.java:run(225)) - Replication Monitor Thread took 1 milliseconds for processing 1 containers.
2019-10-14 12:30:36,837 [Thread-1437] INFO  impl.FollowerState (FollowerState.java:run(108)) - 31a1c64f-2dfd-4f55-ad66-1c5dd23d4cab@group-1AF9FD53068D-FollowerState: change to CANDIDATE, lastRpcTime:5150ms, electionTimeout:5150ms
2019-10-14 12:30:36,838 [Thread-1437] INFO  impl.RoleInfo (RoleInfo.java:shutdownFollowerState(121)) - 31a1c64f-2dfd-4f55-ad66-1c5dd23d4cab: shutdown FollowerState
2019-10-14 12:30:36,838 [Thread-1437] INFO  impl.RaftServerImpl (RaftServerImpl.java:setRole(170)) - 31a1c64f-2dfd-4f55-ad66-1c5dd23d4cab@group-1AF9FD53068D: changes role from  FOLLOWER to CANDIDATE at term 0 for changeToCandidate
2019-10-14 12:30:36,838 [Thread-1437] INFO  impl.RoleInfo (RoleInfo.java:updateAndGet(143)) - 31a1c64f-2dfd-4f55-ad66-1c5dd23d4cab: start LeaderElection
2019-10-14 12:30:36,890 [31a1c64f-2dfd-4f55-ad66-1c5dd23d4cab@group-1AF9FD53068D-LeaderElection29] INFO  impl.LeaderElection (LeaderElection.java:askForVotes(178)) - 31a1c64f-2dfd-4f55-ad66-1c5dd23d4cab@group-1AF9FD53068D-LeaderElection29: begin an election at term 1 for -1: [31a1c64f-2dfd-4f55-ad66-1c5dd23d4cab:192.168.157.204:43565], old=null
2019-10-14 12:30:36,890 [31a1c64f-2dfd-4f55-ad66-1c5dd23d4cab@group-1AF9FD53068D-LeaderElection29] INFO  impl.RoleInfo (RoleInfo.java:shutdownLeaderElection(134)) - 31a1c64f-2dfd-4f55-ad66-1c5dd23d4cab: shutdown LeaderElection
2019-10-14 12:30:36,890 [31a1c64f-2dfd-4f55-ad66-1c5dd23d4cab@group-1AF9FD53068D-LeaderElection29] INFO  impl.RaftServerImpl (RaftServerImpl.java:setRole(170)) - 31a1c64f-2dfd-4f55-ad66-1c5dd23d4cab@group-1AF9FD53068D: changes role from CANDIDATE to LEADER at term 1 for changeToLeader
2019-10-14 12:30:36,891 [31a1c64f-2dfd-4f55-ad66-1c5dd23d4cab@group-1AF9FD53068D-LeaderElection29] INFO  impl.RaftServerImpl (ServerState.java:setLeader(255)) - 31a1c64f-2dfd-4f55-ad66-1c5dd23d4cab@group-1AF9FD53068D: change Leader from null to 31a1c64f-2dfd-4f55-ad66-1c5dd23d4cab at term 1 for becomeLeader, leader elected after 5214ms
2019-10-14 12:30:36,891 [31a1c64f-2dfd-4f55-ad66-1c5dd23d4cab@group-1AF9FD53068D-LeaderElection29] INFO  server.RaftServerConfigKeys (ConfUtils.java:logGet(43)) - raft.server.staging.catchup.gap = 1000 (default)
2019-10-14 12:30:36,891 [31a1c64f-2dfd-4f55-ad66-1c5dd23d4cab@group-1AF9FD53068D-LeaderElection29] INFO  server.RaftServerConfigKeys (ConfUtils.java:logGet(43)) - raft.server.rpc.sleep.time = 25ms (default)
2019-10-14 12:30:36,891 [31a1c64f-2dfd-4f55-ad66-1c5dd23d4cab@group-1AF9FD53068D-LeaderElection29] INFO  server.RaftServerConfigKeys (ConfUtils.java:logGet(43)) - raft.server.write.element-limit = 4096 (default)
2019-10-14 12:30:36,892 [31a1c64f-2dfd-4f55-ad66-1c5dd23d4cab@group-1AF9FD53068D-LeaderElection29] INFO  server.RaftServerConfigKeys (ConfUtils.java:logGet(43)) - raft.server.watch.timeout = 10s (default)
2019-10-14 12:30:36,892 [31a1c64f-2dfd-4f55-ad66-1c5dd23d4cab@group-1AF9FD53068D-LeaderElection29] INFO  server.RaftServerConfigKeys (ConfUtils.java:logGet(43)) - raft.server.watch.timeout.denomination = 1s (default)
2019-10-14 12:30:36,892 [31a1c64f-2dfd-4f55-ad66-1c5dd23d4cab@group-1AF9FD53068D-LeaderElection29] INFO  server.RaftServerConfigKeys (ConfUtils.java:logGet(43)) - raft.server.watch.element-limit = 65536 (default)
2019-10-14 12:30:36,895 [31a1c64f-2dfd-4f55-ad66-1c5dd23d4cab@group-1AF9FD53068D-LeaderElection29] INFO  impl.RoleInfo (RoleInfo.java:updateAndGet(143)) - 31a1c64f-2dfd-4f55-ad66-1c5dd23d4cab: start LeaderState
2019-10-14 12:30:36,896 [31a1c64f-2dfd-4f55-ad66-1c5dd23d4cab@group-1AF9FD53068D-LeaderElection29] INFO  segmented.SegmentedRaftLogWorker (SegmentedRaftLogWorker.java:startLogSegment(385)) - 31a1c64f-2dfd-4f55-ad66-1c5dd23d4cab@group-1AF9FD53068D-SegmentedRaftLogWorker: Starting segment from index:0
2019-10-14 12:30:36,897 [31a1c64f-2dfd-4f55-ad66-1c5dd23d4cab@group-1AF9FD53068D-LeaderElection29] INFO  impl.RaftServerImpl (ServerState.java:setRaftConf(356)) - 31a1c64f-2dfd-4f55-ad66-1c5dd23d4cab@group-1AF9FD53068D: set configuration 0: [31a1c64f-2dfd-4f55-ad66-1c5dd23d4cab:192.168.157.204:43565], old=null at 0
2019-10-14 12:30:36,914 [Thread-1440] INFO  impl.FollowerState (FollowerState.java:run(108)) - 1dab5bbc-306d-414b-bee9-799bfda5c805@group-D12F0C14DBE7-FollowerState: change to CANDIDATE, lastRpcTime:5158ms, electionTimeout:5158ms
2019-10-14 12:30:36,915 [Thread-1440] INFO  impl.RoleInfo (RoleInfo.java:shutdownFollowerState(121)) - 1dab5bbc-306d-414b-bee9-799bfda5c805: shutdown FollowerState
2019-10-14 12:30:36,915 [Thread-1440] INFO  impl.RaftServerImpl (RaftServerImpl.java:setRole(170)) - 1dab5bbc-306d-414b-bee9-799bfda5c805@group-D12F0C14DBE7: changes role from  FOLLOWER to CANDIDATE at term 0 for changeToCandidate
2019-10-14 12:30:36,915 [Thread-1440] INFO  impl.RoleInfo (RoleInfo.java:updateAndGet(143)) - 1dab5bbc-306d-414b-bee9-799bfda5c805: start LeaderElection
2019-10-14 12:30:36,941 [Thread-1446] INFO  impl.FollowerState (FollowerState.java:run(108)) - 08ea17f0-c2a7-490c-b017-3d4732d6a778@group-42E6AE1EE7BC-FollowerState: change to CANDIDATE, lastRpcTime:5076ms, electionTimeout:5071ms
2019-10-14 12:30:36,941 [Thread-1446] INFO  impl.RoleInfo (RoleInfo.java:shutdownFollowerState(121)) - 08ea17f0-c2a7-490c-b017-3d4732d6a778: shutdown FollowerState
2019-10-14 12:30:36,941 [Thread-1446] INFO  impl.RaftServerImpl (RaftServerImpl.java:setRole(170)) - 08ea17f0-c2a7-490c-b017-3d4732d6a778@group-42E6AE1EE7BC: changes role from  FOLLOWER to CANDIDATE at term 0 for changeToCandidate
2019-10-14 12:30:36,941 [Thread-1451] INFO  impl.FollowerState (FollowerState.java:run(108)) - 7ffb1a22-d777-4b7d-a742-5334fcca9894@group-43A32D8C9052-FollowerState: change to CANDIDATE, lastRpcTime:5013ms, electionTimeout:5013ms
2019-10-14 12:30:36,942 [Thread-1446] INFO  impl.RoleInfo (RoleInfo.java:updateAndGet(143)) - 08ea17f0-c2a7-490c-b017-3d4732d6a778: start LeaderElection
2019-10-14 12:30:36,942 [Thread-1451] INFO  impl.RoleInfo (RoleInfo.java:shutdownFollowerState(121)) - 7ffb1a22-d777-4b7d-a742-5334fcca9894: shutdown FollowerState
2019-10-14 12:30:36,942 [Thread-1451] INFO  impl.RaftServerImpl (RaftServerImpl.java:setRole(170)) - 7ffb1a22-d777-4b7d-a742-5334fcca9894@group-43A32D8C9052: changes role from  FOLLOWER to CANDIDATE at term 0 for changeToCandidate
2019-10-14 12:30:36,942 [Thread-1451] INFO  impl.RoleInfo (RoleInfo.java:updateAndGet(143)) - 7ffb1a22-d777-4b7d-a742-5334fcca9894: start LeaderElection
2019-10-14 12:30:36,954 [31a1c64f-2dfd-4f55-ad66-1c5dd23d4cab@group-1AF9FD53068D-SegmentedRaftLogWorker] INFO  segmented.SegmentedRaftLogWorker (SegmentedRaftLogWorker.java:execute(574)) - 31a1c64f-2dfd-4f55-ad66-1c5dd23d4cab@group-1AF9FD53068D-SegmentedRaftLogWorker: created new log segment /workdir/hadoop-ozone/integration-test/target/test-dir/MiniOzoneClusterImpl-2a855a77-bf5f-41ff-8656-d75411ce3d15/datanode-0/data/ratis/b434cdf4-7231-4492-b433-1af9fd53068d/current/log_inprogress_0
2019-10-14 12:30:36,954 [7ffb1a22-d777-4b7d-a742-5334fcca9894@group-43A32D8C9052-LeaderElection32] INFO  impl.LeaderElection (LeaderElection.java:askForVotes(178)) - 7ffb1a22-d777-4b7d-a742-5334fcca9894@group-43A32D8C9052-LeaderElection32: begin an election at term 1 for -1: [31a1c64f-2dfd-4f55-ad66-1c5dd23d4cab:192.168.157.204:43565, 7ffb1a22-d777-4b7d-a742-5334fcca9894:192.168.157.204:39296, 1dab5bbc-306d-414b-bee9-799bfda5c805:192.168.157.204:34787], old=null
2019-10-14 12:30:36,954 [08ea17f0-c2a7-490c-b017-3d4732d6a778@group-42E6AE1EE7BC-LeaderElection31] INFO  impl.LeaderElection (LeaderElection.java:askForVotes(178)) - 08ea17f0-c2a7-490c-b017-3d4732d6a778@group-42E6AE1EE7BC-LeaderElection31: begin an election at term 1 for -1: [08ea17f0-c2a7-490c-b017-3d4732d6a778:192.168.157.204:46182], old=null
2019-10-14 12:30:36,954 [1dab5bbc-306d-414b-bee9-799bfda5c805@group-D12F0C14DBE7-LeaderElection30] INFO  impl.LeaderElection (LeaderElection.java:askForVotes(178)) - 1dab5bbc-306d-414b-bee9-799bfda5c805@group-D12F0C14DBE7-LeaderElection30: begin an election at term 1 for -1: [1dab5bbc-306d-414b-bee9-799bfda5c805:192.168.157.204:34787], old=null
2019-10-14 12:30:36,954 [08ea17f0-c2a7-490c-b017-3d4732d6a778@group-42E6AE1EE7BC-LeaderElection31] INFO  impl.RoleInfo (RoleInfo.java:shutdownLeaderElection(134)) - 08ea17f0-c2a7-490c-b017-3d4732d6a778: shutdown LeaderElection
2019-10-14 12:30:36,954 [1dab5bbc-306d-414b-bee9-799bfda5c805@group-D12F0C14DBE7-LeaderElection30] INFO  impl.RoleInfo (RoleInfo.java:shutdownLeaderElection(134)) - 1dab5bbc-306d-414b-bee9-799bfda5c805: shutdown LeaderElection
2019-10-14 12:30:36,955 [08ea17f0-c2a7-490c-b017-3d4732d6a778@group-42E6AE1EE7BC-LeaderElection31] INFO  impl.RaftServerImpl (RaftServerImpl.java:setRole(170)) - 08ea17f0-c2a7-490c-b017-3d4732d6a778@group-42E6AE1EE7BC: changes role from CANDIDATE to LEADER at term 1 for changeToLeader
2019-10-14 12:30:36,955 [1dab5bbc-306d-414b-bee9-799bfda5c805@group-D12F0C14DBE7-LeaderElection30] INFO  impl.RaftServerImpl (RaftServerImpl.java:setRole(170)) - 1dab5bbc-306d-414b-bee9-799bfda5c805@group-D12F0C14DBE7: changes role from CANDIDATE to LEADER at term 1 for changeToLeader
2019-10-14 12:30:36,955 [08ea17f0-c2a7-490c-b017-3d4732d6a778@group-42E6AE1EE7BC-LeaderElection31] INFO  impl.RaftServerImpl (ServerState.java:setLeader(255)) - 08ea17f0-c2a7-490c-b017-3d4732d6a778@group-42E6AE1EE7BC: change Leader from null to 08ea17f0-c2a7-490c-b017-3d4732d6a778 at term 1 for becomeLeader, leader elected after 5099ms
2019-10-14 12:30:36,955 [1dab5bbc-306d-414b-bee9-799bfda5c805@group-D12F0C14DBE7-LeaderElection30] INFO  impl.RaftServerImpl (ServerState.java:setLeader(255)) - 1dab5bbc-306d-414b-bee9-799bfda5c805@group-D12F0C14DBE7: change Leader from null to 1dab5bbc-306d-414b-bee9-799bfda5c805 at term 1 for becomeLeader, leader elected after 5207ms
2019-10-14 12:30:36,955 [08ea17f0-c2a7-490c-b017-3d4732d6a778@group-42E6AE1EE7BC-LeaderElection31] INFO  server.RaftServerConfigKeys (ConfUtils.java:logGet(43)) - raft.server.staging.catchup.gap = 1000 (default)
2019-10-14 12:30:36,955 [1dab5bbc-306d-414b-bee9-799bfda5c805@group-D12F0C14DBE7-LeaderElection30] INFO  server.RaftServerConfigKeys (ConfUtils.java:logGet(43)) - raft.server.staging.catchup.gap = 1000 (default)
2019-10-14 12:30:36,955 [08ea17f0-c2a7-490c-b017-3d4732d6a778@group-42E6AE1EE7BC-LeaderElection31] INFO  server.RaftServerConfigKeys (ConfUtils.java:logGet(43)) - raft.server.rpc.sleep.time = 25ms (default)
2019-10-14 12:30:36,955 [1dab5bbc-306d-414b-bee9-799bfda5c805@group-D12F0C14DBE7-LeaderElection30] INFO  server.RaftServerConfigKeys (ConfUtils.java:logGet(43)) - raft.server.rpc.sleep.time = 25ms (default)
2019-10-14 12:30:36,956 [08ea17f0-c2a7-490c-b017-3d4732d6a778@group-42E6AE1EE7BC-LeaderElection31] INFO  server.RaftServerConfigKeys (ConfUtils.java:logGet(43)) - raft.server.write.element-limit = 4096 (default)
2019-10-14 12:30:36,956 [1dab5bbc-306d-414b-bee9-799bfda5c805@group-D12F0C14DBE7-LeaderElection30] INFO  server.RaftServerConfigKeys (ConfUtils.java:logGet(43)) - raft.server.write.element-limit = 4096 (default)
2019-10-14 12:30:36,956 [08ea17f0-c2a7-490c-b017-3d4732d6a778@group-42E6AE1EE7BC-LeaderElection31] INFO  server.RaftServerConfigKeys (ConfUtils.java:logGet(43)) - raft.server.watch.timeout = 10s (default)
2019-10-14 12:30:36,956 [1dab5bbc-306d-414b-bee9-799bfda5c805@group-D12F0C14DBE7-LeaderElection30] INFO  server.RaftServerConfigKeys (ConfUtils.java:logGet(43)) - raft.server.watch.timeout = 10s (default)
2019-10-14 12:30:36,956 [08ea17f0-c2a7-490c-b017-3d4732d6a778@group-42E6AE1EE7BC-LeaderElection31] INFO  server.RaftServerConfigKeys (ConfUtils.java:logGet(43)) - raft.server.watch.timeout.denomination = 1s (default)
2019-10-14 12:30:36,956 [1dab5bbc-306d-414b-bee9-799bfda5c805@group-D12F0C14DBE7-LeaderElection30] INFO  server.RaftServerConfigKeys (ConfUtils.java:logGet(43)) - raft.server.watch.timeout.denomination = 1s (default)
2019-10-14 12:30:36,956 [08ea17f0-c2a7-490c-b017-3d4732d6a778@group-42E6AE1EE7BC-LeaderElection31] INFO  server.RaftServerConfigKeys (ConfUtils.java:logGet(43)) - raft.server.watch.element-limit = 65536 (default)
2019-10-14 12:30:36,957 [1dab5bbc-306d-414b-bee9-799bfda5c805@group-D12F0C14DBE7-LeaderElection30] INFO  server.RaftServerConfigKeys (ConfUtils.java:logGet(43)) - raft.server.watch.element-limit = 65536 (default)
2019-10-14 12:30:36,962 [grpc-default-executor-1] INFO  impl.RaftServerImpl (RaftServerImpl.java:setRole(170)) - 1dab5bbc-306d-414b-bee9-799bfda5c805@group-43A32D8C9052: changes role from  FOLLOWER to FOLLOWER at term 1 for recognizeCandidate:7ffb1a22-d777-4b7d-a742-5334fcca9894
2019-10-14 12:30:36,962 [grpc-default-executor-3] INFO  impl.RaftServerImpl (RaftServerImpl.java:setRole(170)) - 31a1c64f-2dfd-4f55-ad66-1c5dd23d4cab@group-43A32D8C9052: changes role from  FOLLOWER to FOLLOWER at term 1 for recognizeCandidate:7ffb1a22-d777-4b7d-a742-5334fcca9894
2019-10-14 12:30:36,962 [08ea17f0-c2a7-490c-b017-3d4732d6a778@group-42E6AE1EE7BC-LeaderElection31] INFO  impl.RoleInfo (RoleInfo.java:updateAndGet(143)) - 08ea17f0-c2a7-490c-b017-3d4732d6a778: start LeaderState
2019-10-14 12:30:36,962 [grpc-default-executor-1] INFO  impl.RoleInfo (RoleInfo.java:shutdownFollowerState(121)) - 1dab5bbc-306d-414b-bee9-799bfda5c805: shutdown FollowerState
2019-10-14 12:30:36,962 [1dab5bbc-306d-414b-bee9-799bfda5c805@group-D12F0C14DBE7-LeaderElection30] INFO  impl.RoleInfo (RoleInfo.java:updateAndGet(143)) - 1dab5bbc-306d-414b-bee9-799bfda5c805: start LeaderState
2019-10-14 12:30:36,962 [grpc-default-executor-3] INFO  impl.RoleInfo (RoleInfo.java:shutdownFollowerState(121)) - 31a1c64f-2dfd-4f55-ad66-1c5dd23d4cab: shutdown FollowerState
2019-10-14 12:30:36,963 [1dab5bbc-306d-414b-bee9-799bfda5c805@group-D12F0C14DBE7-LeaderElection30] INFO  segmented.SegmentedRaftLogWorker (SegmentedRaftLogWorker.java:startLogSegment(385)) - 1dab5bbc-306d-414b-bee9-799bfda5c805@group-D12F0C14DBE7-SegmentedRaftLogWorker: Starting segment from index:0
2019-10-14 12:30:36,963 [08ea17f0-c2a7-490c-b017-3d4732d6a778@group-42E6AE1EE7BC-LeaderElection31] INFO  segmented.SegmentedRaftLogWorker (SegmentedRaftLogWorker.java:startLogSegment(385)) - 08ea17f0-c2a7-490c-b017-3d4732d6a778@group-42E6AE1EE7BC-SegmentedRaftLogWorker: Starting segment from index:0
2019-10-14 12:30:36,963 [Thread-1453] INFO  impl.FollowerState (FollowerState.java:run(117)) - 1dab5bbc-306d-414b-bee9-799bfda5c805@group-43A32D8C9052-FollowerState was interrupted: java.lang.InterruptedException: sleep interrupted
2019-10-14 12:30:36,963 [grpc-default-executor-1] INFO  impl.RoleInfo (RoleInfo.java:updateAndGet(143)) - 1dab5bbc-306d-414b-bee9-799bfda5c805: start FollowerState
2019-10-14 12:30:36,964 [1dab5bbc-306d-414b-bee9-799bfda5c805@group-D12F0C14DBE7-LeaderElection30] INFO  impl.RaftServerImpl (ServerState.java:setRaftConf(356)) - 1dab5bbc-306d-414b-bee9-799bfda5c805@group-D12F0C14DBE7: set configuration 0: [1dab5bbc-306d-414b-bee9-799bfda5c805:192.168.157.204:34787], old=null at 0
2019-10-14 12:30:36,963 [Thread-1452] INFO  impl.FollowerState (FollowerState.java:run(117)) - 31a1c64f-2dfd-4f55-ad66-1c5dd23d4cab@group-43A32D8C9052-FollowerState was interrupted: java.lang.InterruptedException: sleep interrupted
2019-10-14 12:30:36,963 [grpc-default-executor-3] INFO  impl.RoleInfo (RoleInfo.java:updateAndGet(143)) - 31a1c64f-2dfd-4f55-ad66-1c5dd23d4cab: start FollowerState
2019-10-14 12:30:36,964 [08ea17f0-c2a7-490c-b017-3d4732d6a778@group-42E6AE1EE7BC-LeaderElection31] INFO  impl.RaftServerImpl (ServerState.java:setRaftConf(356)) - 08ea17f0-c2a7-490c-b017-3d4732d6a778@group-42E6AE1EE7BC: set configuration 0: [08ea17f0-c2a7-490c-b017-3d4732d6a778:192.168.157.204:46182], old=null at 0
2019-10-14 12:30:37,001 [Thread-1443] INFO  impl.FollowerState (FollowerState.java:run(108)) - 7ffb1a22-d777-4b7d-a742-5334fcca9894@group-520DF21F3820-FollowerState: change to CANDIDATE, lastRpcTime:5190ms, electionTimeout:5182ms
2019-10-14 12:30:37,001 [Thread-1443] INFO  impl.RoleInfo (RoleInfo.java:shutdownFollowerState(121)) - 7ffb1a22-d777-4b7d-a742-5334fcca9894: shutdown FollowerState
2019-10-14 12:30:37,002 [Thread-1443] INFO  impl.RaftServerImpl (RaftServerImpl.java:setRole(170)) - 7ffb1a22-d777-4b7d-a742-5334fcca9894@group-520DF21F3820: changes role from  FOLLOWER to CANDIDATE at term 0 for changeToCandidate
2019-10-14 12:30:37,002 [Thread-1443] INFO  impl.RoleInfo (RoleInfo.java:updateAndGet(143)) - 7ffb1a22-d777-4b7d-a742-5334fcca9894: start LeaderElection
2019-10-14 12:30:37,002 [7ffb1a22-d777-4b7d-a742-5334fcca9894@group-43A32D8C9052-LeaderElection32] INFO  impl.LeaderElection (LeaderElection.java:logAndReturn(56)) - 7ffb1a22-d777-4b7d-a742-5334fcca9894@group-43A32D8C9052-LeaderElection32: Election PASSED; received 1 response(s) [7ffb1a22-d777-4b7d-a742-5334fcca9894<-1dab5bbc-306d-414b-bee9-799bfda5c805#0:OK-t1] and 0 exception(s); 7ffb1a22-d777-4b7d-a742-5334fcca9894@group-43A32D8C9052:t1, leader=null, voted=7ffb1a22-d777-4b7d-a742-5334fcca9894, raftlog=7ffb1a22-d777-4b7d-a742-5334fcca9894@group-43A32D8C9052-SegmentedRaftLog:OPENED:c-1,f-1,i0, conf=-1: [31a1c64f-2dfd-4f55-ad66-1c5dd23d4cab:192.168.157.204:43565, 7ffb1a22-d777-4b7d-a742-5334fcca9894:192.168.157.204:39296, 1dab5bbc-306d-414b-bee9-799bfda5c805:192.168.157.204:34787], old=null
2019-10-14 12:30:37,011 [7ffb1a22-d777-4b7d-a742-5334fcca9894@group-43A32D8C9052-LeaderElection32] INFO  impl.RoleInfo (RoleInfo.java:shutdownLeaderElection(134)) - 7ffb1a22-d777-4b7d-a742-5334fcca9894: shutdown LeaderElection
2019-10-14 12:30:37,016 [7ffb1a22-d777-4b7d-a742-5334fcca9894@group-43A32D8C9052-LeaderElection32] INFO  impl.RaftServerImpl (RaftServerImpl.java:setRole(170)) - 7ffb1a22-d777-4b7d-a742-5334fcca9894@group-43A32D8C9052: changes role from CANDIDATE to LEADER at term 1 for changeToLeader
2019-10-14 12:30:37,016 [1dab5bbc-306d-414b-bee9-799bfda5c805@group-D12F0C14DBE7-SegmentedRaftLogWorker] INFO  segmented.SegmentedRaftLogWorker (SegmentedRaftLogWorker.java:execute(574)) - 1dab5bbc-306d-414b-bee9-799bfda5c805@group-D12F0C14DBE7-SegmentedRaftLogWorker: created new log segment /workdir/hadoop-ozone/integration-test/target/test-dir/MiniOzoneClusterImpl-2a855a77-bf5f-41ff-8656-d75411ce3d15/datanode-1/data/ratis/aec77919-f247-4006-9064-d12f0c14dbe7/current/log_inprogress_0
2019-10-14 12:30:37,016 [08ea17f0-c2a7-490c-b017-3d4732d6a778@group-42E6AE1EE7BC-SegmentedRaftLogWorker] INFO  segmented.SegmentedRaftLogWorker (SegmentedRaftLogWorker.java:execute(574)) - 08ea17f0-c2a7-490c-b017-3d4732d6a778@group-42E6AE1EE7BC-SegmentedRaftLogWorker: created new log segment /workdir/hadoop-ozone/integration-test/target/test-dir/MiniOzoneClusterImpl-2a855a77-bf5f-41ff-8656-d75411ce3d15/datanode-3/data/ratis/164c4737-501f-496e-967f-42e6ae1ee7bc/current/log_inprogress_0
2019-10-14 12:30:37,016 [7ffb1a22-d777-4b7d-a742-5334fcca9894@group-43A32D8C9052-LeaderElection32] INFO  impl.RaftServerImpl (ServerState.java:setLeader(255)) - 7ffb1a22-d777-4b7d-a742-5334fcca9894@group-43A32D8C9052: change Leader from null to 7ffb1a22-d777-4b7d-a742-5334fcca9894 at term 1 for becomeLeader, leader elected after 5098ms
2019-10-14 12:30:37,018 [7ffb1a22-d777-4b7d-a742-5334fcca9894@group-43A32D8C9052-LeaderElection32] INFO  server.RaftServerConfigKeys (ConfUtils.java:logGet(43)) - raft.server.staging.catchup.gap = 1000 (default)
2019-10-14 12:30:37,018 [7ffb1a22-d777-4b7d-a742-5334fcca9894@group-43A32D8C9052-LeaderElection32] INFO  server.RaftServerConfigKeys (ConfUtils.java:logGet(43)) - raft.server.rpc.sleep.time = 25ms (default)
2019-10-14 12:30:37,019 [7ffb1a22-d777-4b7d-a742-5334fcca9894@group-43A32D8C9052-LeaderElection32] INFO  server.RaftServerConfigKeys (ConfUtils.java:logGet(43)) - raft.server.write.element-limit = 4096 (default)
2019-10-14 12:30:37,019 [7ffb1a22-d777-4b7d-a742-5334fcca9894@group-43A32D8C9052-LeaderElection32] INFO  server.RaftServerConfigKeys (ConfUtils.java:logGet(43)) - raft.server.watch.timeout = 10s (default)
2019-10-14 12:30:37,019 [7ffb1a22-d777-4b7d-a742-5334fcca9894@group-43A32D8C9052-LeaderElection32] INFO  server.RaftServerConfigKeys (ConfUtils.java:logGet(43)) - raft.server.watch.timeout.denomination = 1s (default)
2019-10-14 12:30:37,019 [7ffb1a22-d777-4b7d-a742-5334fcca9894@group-43A32D8C9052-LeaderElection32] INFO  server.RaftServerConfigKeys (ConfUtils.java:logGet(43)) - raft.server.watch.element-limit = 65536 (default)
2019-10-14 12:30:37,020 [7ffb1a22-d777-4b7d-a742-5334fcca9894@group-43A32D8C9052-LeaderElection32] INFO  server.RaftServerConfigKeys (ConfUtils.java:logGet(43)) - raft.server.log.appender.snapshot.chunk.size.max = 16MB (=16777216) (default)
2019-10-14 12:30:37,021 [7ffb1a22-d777-4b7d-a742-5334fcca9894@group-43A32D8C9052-LeaderElection32] INFO  server.RaftServerConfigKeys (ConfUtils.java:logGet(43)) - raft.server.log.appender.buffer.byte-limit = 33554432 (custom)
2019-10-14 12:30:37,021 [7ffb1a22-d777-4b7d-a742-5334fcca9894@group-43A32D8C9052-LeaderElection32] INFO  server.RaftServerConfigKeys (ConfUtils.java:logGet(43)) - raft.server.log.appender.buffer.element-limit = 1 (custom)
2019-10-14 12:30:37,021 [7ffb1a22-d777-4b7d-a742-5334fcca9894@group-43A32D8C9052-LeaderElection32] INFO  grpc.GrpcConfigKeys$Server (ConfUtils.java:logGet(43)) - raft.grpc.server.leader.outstanding.appends.max = 128 (default)
2019-10-14 12:30:37,021 [7ffb1a22-d777-4b7d-a742-5334fcca9894@group-43A32D8C9052-LeaderElection32] INFO  server.RaftServerConfigKeys (ConfUtils.java:logGet(43)) - raft.server.rpc.request.timeout = 3000ms (default)
2019-10-14 12:30:37,021 [7ffb1a22-d777-4b7d-a742-5334fcca9894@group-43A32D8C9052-LeaderElection32] INFO  server.RaftServerConfigKeys (ConfUtils.java:logGet(43)) - raft.server.log.appender.install.snapshot.enabled = false (custom)
2019-10-14 12:30:37,021 [7ffb1a22-d777-4b7d-a742-5334fcca9894@group-43A32D8C9052-LeaderElection32] INFO  server.RaftServerConfigKeys (ConfUtils.java:logGet(43)) - raft.server.log.appender.snapshot.chunk.size.max = 16MB (=16777216) (default)
2019-10-14 12:30:37,021 [7ffb1a22-d777-4b7d-a742-5334fcca9894@group-43A32D8C9052-LeaderElection32] INFO  server.RaftServerConfigKeys (ConfUtils.java:logGet(43)) - raft.server.log.appender.buffer.byte-limit = 33554432 (custom)
2019-10-14 12:30:37,022 [7ffb1a22-d777-4b7d-a742-5334fcca9894@group-43A32D8C9052-LeaderElection32] INFO  server.RaftServerConfigKeys (ConfUtils.java:logGet(43)) - raft.server.log.appender.buffer.element-limit = 1 (custom)
2019-10-14 12:30:37,022 [7ffb1a22-d777-4b7d-a742-5334fcca9894@group-43A32D8C9052-LeaderElection32] INFO  grpc.GrpcConfigKeys$Server (ConfUtils.java:logGet(43)) - raft.grpc.server.leader.outstanding.appends.max = 128 (default)
2019-10-14 12:30:37,022 [7ffb1a22-d777-4b7d-a742-5334fcca9894@group-43A32D8C9052-LeaderElection32] INFO  server.RaftServerConfigKeys (ConfUtils.java:logGet(43)) - raft.server.rpc.request.timeout = 3000ms (default)
2019-10-14 12:30:37,022 [7ffb1a22-d777-4b7d-a742-5334fcca9894@group-43A32D8C9052-LeaderElection32] INFO  server.RaftServerConfigKeys (ConfUtils.java:logGet(43)) - raft.server.log.appender.install.snapshot.enabled = false (custom)
2019-10-14 12:30:37,022 [7ffb1a22-d777-4b7d-a742-5334fcca9894@group-43A32D8C9052-LeaderElection32] INFO  impl.RoleInfo (RoleInfo.java:updateAndGet(143)) - 7ffb1a22-d777-4b7d-a742-5334fcca9894: start LeaderState
2019-10-14 12:30:37,022 [7ffb1a22-d777-4b7d-a742-5334fcca9894@group-43A32D8C9052-LeaderElection32] INFO  segmented.SegmentedRaftLogWorker (SegmentedRaftLogWorker.java:startLogSegment(385)) - 7ffb1a22-d777-4b7d-a742-5334fcca9894@group-43A32D8C9052-SegmentedRaftLogWorker: Starting segment from index:0
2019-10-14 12:30:37,022 [Thread-1458] INFO  impl.FollowerState (FollowerState.java:run(108)) - 08ea17f0-c2a7-490c-b017-3d4732d6a778@group-EC7D4E21D845-FollowerState: change to CANDIDATE, lastRpcTime:5021ms, electionTimeout:5021ms
2019-10-14 12:30:37,023 [Thread-1458] INFO  impl.RoleInfo (RoleInfo.java:shutdownFollowerState(121)) - 08ea17f0-c2a7-490c-b017-3d4732d6a778: shutdown FollowerState
2019-10-14 12:30:37,023 [Thread-1458] INFO  impl.RaftServerImpl (RaftServerImpl.java:setRole(170)) - 08ea17f0-c2a7-490c-b017-3d4732d6a778@group-EC7D4E21D845: changes role from  FOLLOWER to CANDIDATE at term 0 for changeToCandidate
2019-10-14 12:30:37,023 [7ffb1a22-d777-4b7d-a742-5334fcca9894@group-43A32D8C9052-LeaderElection32] INFO  impl.RaftServerImpl (ServerState.java:setRaftConf(356)) - 7ffb1a22-d777-4b7d-a742-5334fcca9894@group-43A32D8C9052: set configuration 0: [31a1c64f-2dfd-4f55-ad66-1c5dd23d4cab:192.168.157.204:43565, 7ffb1a22-d777-4b7d-a742-5334fcca9894:192.168.157.204:39296, 1dab5bbc-306d-414b-bee9-799bfda5c805:192.168.157.204:34787], old=null at 0
2019-10-14 12:30:37,023 [Thread-1458] INFO  impl.RoleInfo (RoleInfo.java:updateAndGet(143)) - 08ea17f0-c2a7-490c-b017-3d4732d6a778: start LeaderElection
2019-10-14 12:30:37,051 [Thread-1461] INFO  impl.FollowerState (FollowerState.java:run(108)) - 199a0fd4-43f3-465a-9568-1a721d7f4fad@group-EC7D4E21D845-FollowerState: change to CANDIDATE, lastRpcTime:5046ms, electionTimeout:5037ms
2019-10-14 12:30:37,051 [7ffb1a22-d777-4b7d-a742-5334fcca9894@group-520DF21F3820-LeaderElection33] INFO  impl.LeaderElection (LeaderElection.java:askForVotes(178)) - 7ffb1a22-d777-4b7d-a742-5334fcca9894@group-520DF21F3820-LeaderElection33: begin an election at term 1 for -1: [7ffb1a22-d777-4b7d-a742-5334fcca9894:192.168.157.204:39296], old=null
2019-10-14 12:30:37,051 [Thread-1461] INFO  impl.RoleInfo (RoleInfo.java:shutdownFollowerState(121)) - 199a0fd4-43f3-465a-9568-1a721d7f4fad: shutdown FollowerState
2019-10-14 12:30:37,052 [7ffb1a22-d777-4b7d-a742-5334fcca9894@group-520DF21F3820-LeaderElection33] INFO  impl.RoleInfo (RoleInfo.java:shutdownLeaderElection(134)) - 7ffb1a22-d777-4b7d-a742-5334fcca9894: shutdown LeaderElection
2019-10-14 12:30:37,056 [Thread-1461] INFO  impl.RaftServerImpl (RaftServerImpl.java:setRole(170)) - 199a0fd4-43f3-465a-9568-1a721d7f4fad@group-EC7D4E21D845: changes role from  FOLLOWER to CANDIDATE at term 0 for changeToCandidate
2019-10-14 12:30:37,056 [7ffb1a22-d777-4b7d-a742-5334fcca9894@group-520DF21F3820-LeaderElection33] INFO  impl.RaftServerImpl (RaftServerImpl.java:setRole(170)) - 7ffb1a22-d777-4b7d-a742-5334fcca9894@group-520DF21F3820: changes role from CANDIDATE to LEADER at term 1 for changeToLeader
2019-10-14 12:30:37,056 [Thread-1461] INFO  impl.RoleInfo (RoleInfo.java:updateAndGet(143)) - 199a0fd4-43f3-465a-9568-1a721d7f4fad: start LeaderElection
2019-10-14 12:30:37,056 [7ffb1a22-d777-4b7d-a742-5334fcca9894@group-520DF21F3820-LeaderElection33] INFO  impl.RaftServerImpl (ServerState.java:setLeader(255)) - 7ffb1a22-d777-4b7d-a742-5334fcca9894@group-520DF21F3820: change Leader from null to 7ffb1a22-d777-4b7d-a742-5334fcca9894 at term 1 for becomeLeader, leader elected after 5251ms
2019-10-14 12:30:37,056 [7ffb1a22-d777-4b7d-a742-5334fcca9894@group-520DF21F3820-LeaderElection33] INFO  server.RaftServerConfigKeys (ConfUtils.java:logGet(43)) - raft.server.staging.catchup.gap = 1000 (default)
2019-10-14 12:30:37,056 [7ffb1a22-d777-4b7d-a742-5334fcca9894@group-520DF21F3820-LeaderElection33] INFO  server.RaftServerConfigKeys (ConfUtils.java:logGet(43)) - raft.server.rpc.sleep.time = 25ms (default)
2019-10-14 12:30:37,062 [7ffb1a22-d777-4b7d-a742-5334fcca9894@group-520DF21F3820-LeaderElection33] INFO  server.RaftServerConfigKeys (ConfUtils.java:logGet(43)) - raft.server.write.element-limit = 4096 (default)
2019-10-14 12:30:37,062 [7ffb1a22-d777-4b7d-a742-5334fcca9894@group-520DF21F3820-LeaderElection33] INFO  server.RaftServerConfigKeys (ConfUtils.java:logGet(43)) - raft.server.watch.timeout = 10s (default)
2019-10-14 12:30:37,062 [7ffb1a22-d777-4b7d-a742-5334fcca9894@group-520DF21F3820-LeaderElection33] INFO  server.RaftServerConfigKeys (ConfUtils.java:logGet(43)) - raft.server.watch.timeout.denomination = 1s (default)
2019-10-14 12:30:37,062 [grpc-default-executor-3] INFO  impl.RaftServerImpl (ServerState.java:setLeader(255)) - 31a1c64f-2dfd-4f55-ad66-1c5dd23d4cab@group-43A32D8C9052: change Leader from null to 7ffb1a22-d777-4b7d-a742-5334fcca9894 at term 1 for appendEntries, leader elected after 5144ms
2019-10-14 12:30:37,062 [grpc-default-executor-1] INFO  impl.RaftServerImpl (ServerState.java:setLeader(255)) - 1dab5bbc-306d-414b-bee9-799bfda5c805@group-43A32D8C9052: change Leader from null to 7ffb1a22-d777-4b7d-a742-5334fcca9894 at term 1 for appendEntries, leader elected after 5144ms
2019-10-14 12:30:37,062 [7ffb1a22-d777-4b7d-a742-5334fcca9894@group-520DF21F3820-LeaderElection33] INFO  server.RaftServerConfigKeys (ConfUtils.java:logGet(43)) - raft.server.watch.element-limit = 65536 (default)
2019-10-14 12:30:37,065 [7ffb1a22-d777-4b7d-a742-5334fcca9894@group-43A32D8C9052-SegmentedRaftLogWorker] INFO  segmented.SegmentedRaftLogWorker (SegmentedRaftLogWorker.java:execute(574)) - 7ffb1a22-d777-4b7d-a742-5334fcca9894@group-43A32D8C9052-SegmentedRaftLogWorker: created new log segment /workdir/hadoop-ozone/integration-test/target/test-dir/MiniOzoneClusterImpl-2a855a77-bf5f-41ff-8656-d75411ce3d15/datanode-2/data/ratis/6d54f5db-d255-4324-b783-43a32d8c9052/current/log_inprogress_0
2019-10-14 12:30:37,066 [08ea17f0-c2a7-490c-b017-3d4732d6a778@group-EC7D4E21D845-LeaderElection34] INFO  impl.LeaderElection (LeaderElection.java:askForVotes(178)) - 08ea17f0-c2a7-490c-b017-3d4732d6a778@group-EC7D4E21D845-LeaderElection34: begin an election at term 1 for -1: [01be2448-ed69-4310-b227-d291674bed64:192.168.157.204:39602, 08ea17f0-c2a7-490c-b017-3d4732d6a778:192.168.157.204:46182, 199a0fd4-43f3-465a-9568-1a721d7f4fad:192.168.157.204:41302], old=null
2019-10-14 12:30:37,066 [199a0fd4-43f3-465a-9568-1a721d7f4fad@group-EC7D4E21D845-LeaderElection35] INFO  impl.LeaderElection (LeaderElection.java:askForVotes(178)) - 199a0fd4-43f3-465a-9568-1a721d7f4fad@group-EC7D4E21D845-LeaderElection35: begin an election at term 1 for -1: [01be2448-ed69-4310-b227-d291674bed64:192.168.157.204:39602, 08ea17f0-c2a7-490c-b017-3d4732d6a778:192.168.157.204:46182, 199a0fd4-43f3-465a-9568-1a721d7f4fad:192.168.157.204:41302], old=null
2019-10-14 12:30:37,070 [Thread-1467] INFO  impl.FollowerState (FollowerState.java:run(108)) - 01be2448-ed69-4310-b227-d291674bed64@group-EA71CE6733D7-FollowerState: change to CANDIDATE, lastRpcTime:5011ms, electionTimeout:5011ms
2019-10-14 12:30:37,070 [Thread-1467] INFO  impl.RoleInfo (RoleInfo.java:shutdownFollowerState(121)) - 01be2448-ed69-4310-b227-d291674bed64: shutdown FollowerState
2019-10-14 12:30:37,070 [Thread-1467] INFO  impl.RaftServerImpl (RaftServerImpl.java:setRole(170)) - 01be2448-ed69-4310-b227-d291674bed64@group-EA71CE6733D7: changes role from  FOLLOWER to CANDIDATE at term 0 for changeToCandidate
2019-10-14 12:30:37,070 [Thread-1467] INFO  impl.RoleInfo (RoleInfo.java:updateAndGet(143)) - 01be2448-ed69-4310-b227-d291674bed64: start LeaderElection
2019-10-14 12:30:37,074 [7ffb1a22-d777-4b7d-a742-5334fcca9894@group-520DF21F3820-LeaderElection33] INFO  impl.RoleInfo (RoleInfo.java:updateAndGet(143)) - 7ffb1a22-d777-4b7d-a742-5334fcca9894: start LeaderState
2019-10-14 12:30:37,074 [7ffb1a22-d777-4b7d-a742-5334fcca9894@group-520DF21F3820-LeaderElection33] INFO  segmented.SegmentedRaftLogWorker (SegmentedRaftLogWorker.java:startLogSegment(385)) - 7ffb1a22-d777-4b7d-a742-5334fcca9894@group-520DF21F3820-SegmentedRaftLogWorker: Starting segment from index:0
2019-10-14 12:30:37,075 [grpc-default-executor-5] INFO  impl.RaftServerImpl (ServerState.java:setRaftConf(356)) - 31a1c64f-2dfd-4f55-ad66-1c5dd23d4cab@group-43A32D8C9052: set configuration 0: [31a1c64f-2dfd-4f55-ad66-1c5dd23d4cab:192.168.157.204:43565, 7ffb1a22-d777-4b7d-a742-5334fcca9894:192.168.157.204:39296, 1dab5bbc-306d-414b-bee9-799bfda5c805:192.168.157.204:34787], old=null at 0
2019-10-14 12:30:37,076 [grpc-default-executor-3] INFO  impl.RaftServerImpl (ServerState.java:setRaftConf(356)) - 1dab5bbc-306d-414b-bee9-799bfda5c805@group-43A32D8C9052: set configuration 0: [31a1c64f-2dfd-4f55-ad66-1c5dd23d4cab:192.168.157.204:43565, 7ffb1a22-d777-4b7d-a742-5334fcca9894:192.168.157.204:39296, 1dab5bbc-306d-414b-bee9-799bfda5c805:192.168.157.204:34787], old=null at 0
2019-10-14 12:30:37,077 [grpc-default-executor-5] INFO  segmented.SegmentedRaftLogWorker (SegmentedRaftLogWorker.java:startLogSegment(385)) - 31a1c64f-2dfd-4f55-ad66-1c5dd23d4cab@group-43A32D8C9052-SegmentedRaftLogWorker: Starting segment from index:0
2019-10-14 12:30:37,076 [7ffb1a22-d777-4b7d-a742-5334fcca9894@group-520DF21F3820-LeaderElection33] INFO  impl.RaftServerImpl (ServerState.java:setRaftConf(356)) - 7ffb1a22-d777-4b7d-a742-5334fcca9894@group-520DF21F3820: set configuration 0: [7ffb1a22-d777-4b7d-a742-5334fcca9894:192.168.157.204:39296], old=null at 0
2019-10-14 12:30:37,077 [Thread-1463] INFO  impl.FollowerState (FollowerState.java:run(108)) - 01be2448-ed69-4310-b227-d291674bed64@group-EC7D4E21D845-FollowerState: change to CANDIDATE, lastRpcTime:5068ms, electionTimeout:5068ms
2019-10-14 12:30:37,077 [grpc-default-executor-3] INFO  segmented.SegmentedRaftLogWorker (SegmentedRaftLogWorker.java:startLogSegment(385)) - 1dab5bbc-306d-414b-bee9-799bfda5c805@group-43A32D8C9052-SegmentedRaftLogWorker: Starting segment from index:0
2019-10-14 12:30:37,077 [Thread-1463] INFO  impl.RoleInfo (RoleInfo.java:shutdownFollowerState(121)) - 01be2448-ed69-4310-b227-d291674bed64: shutdown FollowerState
2019-10-14 12:30:37,078 [Thread-1463] INFO  impl.RaftServerImpl (RaftServerImpl.java:setRole(170)) - 01be2448-ed69-4310-b227-d291674bed64@group-EC7D4E21D845: changes role from  FOLLOWER to CANDIDATE at term 0 for changeToCandidate
2019-10-14 12:30:37,078 [Thread-1463] INFO  impl.RoleInfo (RoleInfo.java:updateAndGet(143)) - 01be2448-ed69-4310-b227-d291674bed64: start LeaderElection
2019-10-14 12:30:37,110 [grpc-default-executor-3] INFO  impl.RaftServerImpl (RaftServerImpl.java:setRole(170)) - 01be2448-ed69-4310-b227-d291674bed64@group-EC7D4E21D845: changes role from CANDIDATE to FOLLOWER at term 1 for recognizeCandidate:199a0fd4-43f3-465a-9568-1a721d7f4fad
2019-10-14 12:30:37,110 [grpc-default-executor-3] INFO  impl.RoleInfo (RoleInfo.java:shutdownLeaderElection(134)) - 01be2448-ed69-4310-b227-d291674bed64: shutdown LeaderElection
2019-10-14 12:30:37,144 [Thread-1470] INFO  impl.FollowerState (FollowerState.java:run(108)) - 53680ec4-5c53-4026-b8d7-513efec466dc@group-736A837BF948-FollowerState: change to CANDIDATE, lastRpcTime:5038ms, electionTimeout:5012ms
2019-10-14 12:30:37,144 [7ffb1a22-d777-4b7d-a742-5334fcca9894@group-520DF21F3820-SegmentedRaftLogWorker] INFO  segmented.SegmentedRaftLogWorker (SegmentedRaftLogWorker.java:execute(574)) - 7ffb1a22-d777-4b7d-a742-5334fcca9894@group-520DF21F3820-SegmentedRaftLogWorker: created new log segment /workdir/hadoop-ozone/integration-test/target/test-dir/MiniOzoneClusterImpl-2a855a77-bf5f-41ff-8656-d75411ce3d15/datanode-2/data/ratis/29e86c64-1852-440f-9df3-520df21f3820/current/log_inprogress_0
2019-10-14 12:30:37,144 [grpc-default-executor-3] INFO  impl.RoleInfo (RoleInfo.java:updateAndGet(143)) - 01be2448-ed69-4310-b227-d291674bed64: start FollowerState
2019-10-14 12:30:37,144 [Thread-1470] INFO  impl.RoleInfo (RoleInfo.java:shutdownFollowerState(121)) - 53680ec4-5c53-4026-b8d7-513efec466dc: shutdown FollowerState
2019-10-14 12:30:37,144 [01be2448-ed69-4310-b227-d291674bed64@group-EA71CE6733D7-LeaderElection36] INFO  impl.LeaderElection (LeaderElection.java:askForVotes(178)) - 01be2448-ed69-4310-b227-d291674bed64@group-EA71CE6733D7-LeaderElection36: begin an election at term 1 for -1: [01be2448-ed69-4310-b227-d291674bed64:192.168.157.204:39602], old=null
2019-10-14 12:30:37,150 [Thread-1470] INFO  impl.RaftServerImpl (RaftServerImpl.java:setRole(170)) - 53680ec4-5c53-4026-b8d7-513efec466dc@group-736A837BF948: changes role from  FOLLOWER to CANDIDATE at term 0 for changeToCandidate
2019-10-14 12:30:37,150 [01be2448-ed69-4310-b227-d291674bed64@group-EA71CE6733D7-LeaderElection36] INFO  impl.RoleInfo (RoleInfo.java:shutdownLeaderElection(134)) - 01be2448-ed69-4310-b227-d291674bed64: shutdown LeaderElection
2019-10-14 12:30:37,154 [01be2448-ed69-4310-b227-d291674bed64@group-EA71CE6733D7-LeaderElection36] INFO  impl.RaftServerImpl (RaftServerImpl.java:setRole(170)) - 01be2448-ed69-4310-b227-d291674bed64@group-EA71CE6733D7: changes role from CANDIDATE to LEADER at term 1 for changeToLeader
2019-10-14 12:30:37,154 [Thread-1470] INFO  impl.RoleInfo (RoleInfo.java:updateAndGet(143)) - 53680ec4-5c53-4026-b8d7-513efec466dc: start LeaderElection
2019-10-14 12:30:37,154 [01be2448-ed69-4310-b227-d291674bed64@group-EA71CE6733D7-LeaderElection36] INFO  impl.RaftServerImpl (ServerState.java:setLeader(255)) - 01be2448-ed69-4310-b227-d291674bed64@group-EA71CE6733D7: change Leader from null to 01be2448-ed69-4310-b227-d291674bed64 at term 1 for becomeLeader, leader elected after 5100ms
2019-10-14 12:30:37,155 [01be2448-ed69-4310-b227-d291674bed64@group-EA71CE6733D7-LeaderElection36] INFO  server.RaftServerConfigKeys (ConfUtils.java:logGet(43)) - raft.server.staging.catchup.gap = 1000 (default)
2019-10-14 12:30:37,155 [01be2448-ed69-4310-b227-d291674bed64@group-EA71CE6733D7-LeaderElection36] INFO  server.RaftServerConfigKeys (ConfUtils.java:logGet(43)) - raft.server.rpc.sleep.time = 25ms (default)
2019-10-14 12:30:37,159 [01be2448-ed69-4310-b227-d291674bed64@group-EA71CE6733D7-LeaderElection36] INFO  server.RaftServerConfigKeys (ConfUtils.java:logGet(43)) - raft.server.write.element-limit = 4096 (default)
2019-10-14 12:30:37,159 [31a1c64f-2dfd-4f55-ad66-1c5dd23d4cab@group-43A32D8C9052-SegmentedRaftLogWorker] INFO  segmented.SegmentedRaftLogWorker (SegmentedRaftLogWorker.java:execute(574)) - 31a1c64f-2dfd-4f55-ad66-1c5dd23d4cab@group-43A32D8C9052-SegmentedRaftLogWorker: created new log segment /workdir/hadoop-ozone/integration-test/target/test-dir/MiniOzoneClusterImpl-2a855a77-bf5f-41ff-8656-d75411ce3d15/datanode-0/data/ratis/6d54f5db-d255-4324-b783-43a32d8c9052/current/log_inprogress_0
2019-10-14 12:30:37,159 [grpc-default-executor-5] INFO  impl.RaftServerImpl (RaftServerImpl.java:setRole(170)) - 01be2448-ed69-4310-b227-d291674bed64@group-EC7D4E21D845: changes role from  FOLLOWER to FOLLOWER at term 1 for recognizeCandidate:08ea17f0-c2a7-490c-b017-3d4732d6a778
2019-10-14 12:30:37,159 [1dab5bbc-306d-414b-bee9-799bfda5c805@group-43A32D8C9052-SegmentedRaftLogWorker] INFO  segmented.SegmentedRaftLogWorker (SegmentedRaftLogWorker.java:execute(574)) - 1dab5bbc-306d-414b-bee9-799bfda5c805@group-43A32D8C9052-SegmentedRaftLogWorker: created new log segment /workdir/hadoop-ozone/integration-test/target/test-dir/MiniOzoneClusterImpl-2a855a77-bf5f-41ff-8656-d75411ce3d15/datanode-1/data/ratis/6d54f5db-d255-4324-b783-43a32d8c9052/current/log_inprogress_0
2019-10-14 12:30:37,160 [grpc-default-executor-5] INFO  impl.RoleInfo (RoleInfo.java:shutdownFollowerState(121)) - 01be2448-ed69-4310-b227-d291674bed64: shutdown FollowerState
2019-10-14 12:30:37,159 [01be2448-ed69-4310-b227-d291674bed64@group-EA71CE6733D7-LeaderElection36] INFO  server.RaftServerConfigKeys (ConfUtils.java:logGet(43)) - raft.server.watch.timeout = 10s (default)
2019-10-14 12:30:37,162 [Thread-1515] INFO  impl.FollowerState (FollowerState.java:run(117)) - 01be2448-ed69-4310-b227-d291674bed64@group-EC7D4E21D845-FollowerState was interrupted: java.lang.InterruptedException: sleep interrupted
2019-10-14 12:30:37,162 [grpc-default-executor-5] INFO  impl.RoleInfo (RoleInfo.java:updateAndGet(143)) - 01be2448-ed69-4310-b227-d291674bed64: start FollowerState
2019-10-14 12:30:37,162 [01be2448-ed69-4310-b227-d291674bed64@group-EA71CE6733D7-LeaderElection36] INFO  server.RaftServerConfigKeys (ConfUtils.java:logGet(43)) - raft.server.watch.timeout.denomination = 1s (default)
2019-10-14 12:30:37,164 [01be2448-ed69-4310-b227-d291674bed64@group-EA71CE6733D7-LeaderElection36] INFO  server.RaftServerConfigKeys (ConfUtils.java:logGet(43)) - raft.server.watch.element-limit = 65536 (default)
2019-10-14 12:30:37,162 [199a0fd4-43f3-465a-9568-1a721d7f4fad@group-EC7D4E21D845-LeaderElection35] INFO  impl.LeaderElection (LeaderElection.java:logAndReturn(56)) - 199a0fd4-43f3-465a-9568-1a721d7f4fad@group-EC7D4E21D845-LeaderElection35: Election REJECTED; received 2 response(s) [199a0fd4-43f3-465a-9568-1a721d7f4fad<-01be2448-ed69-4310-b227-d291674bed64#0:FAIL-t1, 199a0fd4-43f3-465a-9568-1a721d7f4fad<-08ea17f0-c2a7-490c-b017-3d4732d6a778#0:FAIL-t1] and 0 exception(s); 199a0fd4-43f3-465a-9568-1a721d7f4fad@group-EC7D4E21D845:t1, leader=null, voted=199a0fd4-43f3-465a-9568-1a721d7f4fad, raftlog=199a0fd4-43f3-465a-9568-1a721d7f4fad@group-EC7D4E21D845-SegmentedRaftLog:OPENED:c-1,f-1,i0, conf=-1: [01be2448-ed69-4310-b227-d291674bed64:192.168.157.204:39602, 08ea17f0-c2a7-490c-b017-3d4732d6a778:192.168.157.204:46182, 199a0fd4-43f3-465a-9568-1a721d7f4fad:192.168.157.204:41302], old=null
2019-10-14 12:30:37,165 [199a0fd4-43f3-465a-9568-1a721d7f4fad@group-EC7D4E21D845-LeaderElection35] INFO  impl.RaftServerImpl (RaftServerImpl.java:setRole(170)) - 199a0fd4-43f3-465a-9568-1a721d7f4fad@group-EC7D4E21D845: changes role from CANDIDATE to FOLLOWER at term 1 for DISCOVERED_A_NEW_TERM
2019-10-14 12:30:37,165 [199a0fd4-43f3-465a-9568-1a721d7f4fad@group-EC7D4E21D845-LeaderElection35] INFO  impl.RoleInfo (RoleInfo.java:shutdownLeaderElection(134)) - 199a0fd4-43f3-465a-9568-1a721d7f4fad: shutdown LeaderElection
2019-10-14 12:30:37,165 [199a0fd4-43f3-465a-9568-1a721d7f4fad@group-EC7D4E21D845-LeaderElection35] INFO  impl.RoleInfo (RoleInfo.java:updateAndGet(143)) - 199a0fd4-43f3-465a-9568-1a721d7f4fad: start FollowerState
2019-10-14 12:30:37,166 [01be2448-ed69-4310-b227-d291674bed64@group-EA71CE6733D7-LeaderElection36] INFO  impl.RoleInfo (RoleInfo.java:updateAndGet(143)) - 01be2448-ed69-4310-b227-d291674bed64: start LeaderState
2019-10-14 12:30:37,170 [01be2448-ed69-4310-b227-d291674bed64@group-EA71CE6733D7-LeaderElection36] INFO  segmented.SegmentedRaftLogWorker (SegmentedRaftLogWorker.java:startLogSegment(385)) - 01be2448-ed69-4310-b227-d291674bed64@group-EA71CE6733D7-SegmentedRaftLogWorker: Starting segment from index:0
2019-10-14 12:30:37,170 [01be2448-ed69-4310-b227-d291674bed64@group-EA71CE6733D7-LeaderElection36] INFO  impl.RaftServerImpl (ServerState.java:setRaftConf(356)) - 01be2448-ed69-4310-b227-d291674bed64@group-EA71CE6733D7: set configuration 0: [01be2448-ed69-4310-b227-d291674bed64:192.168.157.204:39602], old=null at 0
2019-10-14 12:30:37,177 [53680ec4-5c53-4026-b8d7-513efec466dc@group-736A837BF948-LeaderElection38] INFO  impl.LeaderElection (LeaderElection.java:askForVotes(178)) - 53680ec4-5c53-4026-b8d7-513efec466dc@group-736A837BF948-LeaderElection38: begin an election at term 1 for -1: [53680ec4-5c53-4026-b8d7-513efec466dc:192.168.157.204:46646], old=null
2019-10-14 12:30:37,177 [53680ec4-5c53-4026-b8d7-513efec466dc@group-736A837BF948-LeaderElection38] INFO  impl.RoleInfo (RoleInfo.java:shutdownLeaderElection(134)) - 53680ec4-5c53-4026-b8d7-513efec466dc: shutdown LeaderElection
2019-10-14 12:30:37,177 [53680ec4-5c53-4026-b8d7-513efec466dc@group-736A837BF948-LeaderElection38] INFO  impl.RaftServerImpl (RaftServerImpl.java:setRole(170)) - 53680ec4-5c53-4026-b8d7-513efec466dc@group-736A837BF948: changes role from CANDIDATE to LEADER at term 1 for changeToLeader
2019-10-14 12:30:37,177 [53680ec4-5c53-4026-b8d7-513efec466dc@group-736A837BF948-LeaderElection38] INFO  impl.RaftServerImpl (ServerState.java:setLeader(255)) - 53680ec4-5c53-4026-b8d7-513efec466dc@group-736A837BF948: change Leader from null to 53680ec4-5c53-4026-b8d7-513efec466dc at term 1 for becomeLeader, leader elected after 5076ms
2019-10-14 12:30:37,177 [53680ec4-5c53-4026-b8d7-513efec466dc@group-736A837BF948-LeaderElection38] INFO  server.RaftServerConfigKeys (ConfUtils.java:logGet(43)) - raft.server.staging.catchup.gap = 1000 (default)
2019-10-14 12:30:37,177 [53680ec4-5c53-4026-b8d7-513efec466dc@group-736A837BF948-LeaderElection38] INFO  server.RaftServerConfigKeys (ConfUtils.java:logGet(43)) - raft.server.rpc.sleep.time = 25ms (default)
2019-10-14 12:30:37,201 [08ea17f0-c2a7-490c-b017-3d4732d6a778@group-EC7D4E21D845-LeaderElection34] INFO  impl.LeaderElection (LeaderElection.java:logAndReturn(56)) - 08ea17f0-c2a7-490c-b017-3d4732d6a778@group-EC7D4E21D845-LeaderElection34: Election PASSED; received 2 response(s) [08ea17f0-c2a7-490c-b017-3d4732d6a778<-01be2448-ed69-4310-b227-d291674bed64#0:OK-t1, 08ea17f0-c2a7-490c-b017-3d4732d6a778<-199a0fd4-43f3-465a-9568-1a721d7f4fad#0:FAIL-t1] and 0 exception(s); 08ea17f0-c2a7-490c-b017-3d4732d6a778@group-EC7D4E21D845:t1, leader=null, voted=08ea17f0-c2a7-490c-b017-3d4732d6a778, raftlog=08ea17f0-c2a7-490c-b017-3d4732d6a778@group-EC7D4E21D845-SegmentedRaftLog:OPENED:c-1,f-1,i0, conf=-1: [01be2448-ed69-4310-b227-d291674bed64:192.168.157.204:39602, 08ea17f0-c2a7-490c-b017-3d4732d6a778:192.168.157.204:46182, 199a0fd4-43f3-465a-9568-1a721d7f4fad:192.168.157.204:41302], old=null
2019-10-14 12:30:37,201 [53680ec4-5c53-4026-b8d7-513efec466dc@group-736A837BF948-LeaderElection38] INFO  server.RaftServerConfigKeys (ConfUtils.java:logGet(43)) - raft.server.write.element-limit = 4096 (default)
2019-10-14 12:30:37,202 [08ea17f0-c2a7-490c-b017-3d4732d6a778@group-EC7D4E21D845-LeaderElection34] INFO  impl.RoleInfo (RoleInfo.java:shutdownLeaderElection(134)) - 08ea17f0-c2a7-490c-b017-3d4732d6a778: shutdown LeaderElection
2019-10-14 12:30:37,205 [08ea17f0-c2a7-490c-b017-3d4732d6a778@group-EC7D4E21D845-LeaderElection34] INFO  impl.RaftServerImpl (RaftServerImpl.java:setRole(170)) - 08ea17f0-c2a7-490c-b017-3d4732d6a778@group-EC7D4E21D845: changes role from CANDIDATE to LEADER at term 1 for changeToLeader
2019-10-14 12:30:37,205 [08ea17f0-c2a7-490c-b017-3d4732d6a778@group-EC7D4E21D845-LeaderElection34] INFO  impl.RaftServerImpl (ServerState.java:setLeader(255)) - 08ea17f0-c2a7-490c-b017-3d4732d6a778@group-EC7D4E21D845: change Leader from null to 08ea17f0-c2a7-490c-b017-3d4732d6a778 at term 1 for becomeLeader, leader elected after 5211ms
2019-10-14 12:30:37,205 [53680ec4-5c53-4026-b8d7-513efec466dc@group-736A837BF948-LeaderElection38] INFO  server.RaftServerConfigKeys (ConfUtils.java:logGet(43)) - raft.server.watch.timeout = 10s (default)
2019-10-14 12:30:37,205 [08ea17f0-c2a7-490c-b017-3d4732d6a778@group-EC7D4E21D845-LeaderElection34] INFO  server.RaftServerConfigKeys (ConfUtils.java:logGet(43)) - raft.server.staging.catchup.gap = 1000 (default)
2019-10-14 12:30:37,205 [53680ec4-5c53-4026-b8d7-513efec466dc@group-736A837BF948-LeaderElection38] INFO  server.RaftServerConfigKeys (ConfUtils.java:logGet(43)) - raft.server.watch.timeout.denomination = 1s (default)
2019-10-14 12:30:37,205 [08ea17f0-c2a7-490c-b017-3d4732d6a778@group-EC7D4E21D845-LeaderElection34] INFO  server.RaftServerConfigKeys (ConfUtils.java:logGet(43)) - raft.server.rpc.sleep.time = 25ms (default)
2019-10-14 12:30:37,205 [53680ec4-5c53-4026-b8d7-513efec466dc@group-736A837BF948-LeaderElection38] INFO  server.RaftServerConfigKeys (ConfUtils.java:logGet(43)) - raft.server.watch.element-limit = 65536 (default)
2019-10-14 12:30:37,206 [08ea17f0-c2a7-490c-b017-3d4732d6a778@group-EC7D4E21D845-LeaderElection34] INFO  server.RaftServerConfigKeys (ConfUtils.java:logGet(43)) - raft.server.write.element-limit = 4096 (default)
2019-10-14 12:30:37,206 [08ea17f0-c2a7-490c-b017-3d4732d6a778@group-EC7D4E21D845-LeaderElection34] INFO  server.RaftServerConfigKeys (ConfUtils.java:logGet(43)) - raft.server.watch.timeout = 10s (default)
2019-10-14 12:30:37,206 [08ea17f0-c2a7-490c-b017-3d4732d6a778@group-EC7D4E21D845-LeaderElection34] INFO  server.RaftServerConfigKeys (ConfUtils.java:logGet(43)) - raft.server.watch.timeout.denomination = 1s (default)
2019-10-14 12:30:37,206 [08ea17f0-c2a7-490c-b017-3d4732d6a778@group-EC7D4E21D845-LeaderElection34] INFO  server.RaftServerConfigKeys (ConfUtils.java:logGet(43)) - raft.server.watch.element-limit = 65536 (default)
2019-10-14 12:30:37,208 [53680ec4-5c53-4026-b8d7-513efec466dc@group-736A837BF948-LeaderElection38] INFO  impl.RoleInfo (RoleInfo.java:updateAndGet(143)) - 53680ec4-5c53-4026-b8d7-513efec466dc: start LeaderState
2019-10-14 12:30:37,208 [53680ec4-5c53-4026-b8d7-513efec466dc@group-736A837BF948-LeaderElection38] INFO  segmented.SegmentedRaftLogWorker (SegmentedRaftLogWorker.java:startLogSegment(385)) - 53680ec4-5c53-4026-b8d7-513efec466dc@group-736A837BF948-SegmentedRaftLogWorker: Starting segment from index:0
2019-10-14 12:30:37,208 [08ea17f0-c2a7-490c-b017-3d4732d6a778@group-EC7D4E21D845-LeaderElection34] INFO  server.RaftServerConfigKeys (ConfUtils.java:logGet(43)) - raft.server.log.appender.snapshot.chunk.size.max = 16MB (=16777216) (default)
2019-10-14 12:30:37,208 [08ea17f0-c2a7-490c-b017-3d4732d6a778@group-EC7D4E21D845-LeaderElection34] INFO  server.RaftServerConfigKeys (ConfUtils.java:logGet(43)) - raft.server.log.appender.buffer.byte-limit = 33554432 (custom)
2019-10-14 12:30:37,208 [08ea17f0-c2a7-490c-b017-3d4732d6a778@group-EC7D4E21D845-LeaderElection34] INFO  server.RaftServerConfigKeys (ConfUtils.java:logGet(43)) - raft.server.log.appender.buffer.element-limit = 1 (custom)
2019-10-14 12:30:37,209 [53680ec4-5c53-4026-b8d7-513efec466dc@group-736A837BF948-LeaderElection38] INFO  impl.RaftServerImpl (ServerState.java:setRaftConf(356)) - 53680ec4-5c53-4026-b8d7-513efec466dc@group-736A837BF948: set configuration 0: [53680ec4-5c53-4026-b8d7-513efec466dc:192.168.157.204:46646], old=null at 0
2019-10-14 12:30:37,209 [08ea17f0-c2a7-490c-b017-3d4732d6a778@group-EC7D4E21D845-LeaderElection34] INFO  grpc.GrpcConfigKeys$Server (ConfUtils.java:logGet(43)) - raft.grpc.server.leader.outstanding.appends.max = 128 (default)
2019-10-14 12:30:37,209 [08ea17f0-c2a7-490c-b017-3d4732d6a778@group-EC7D4E21D845-LeaderElection34] INFO  server.RaftServerConfigKeys (ConfUtils.java:logGet(43)) - raft.server.rpc.request.timeout = 3000ms (default)
2019-10-14 12:30:37,209 [08ea17f0-c2a7-490c-b017-3d4732d6a778@group-EC7D4E21D845-LeaderElection34] INFO  server.RaftServerConfigKeys (ConfUtils.java:logGet(43)) - raft.server.log.appender.install.snapshot.enabled = false (custom)
2019-10-14 12:30:37,235 [01be2448-ed69-4310-b227-d291674bed64@group-EC7D4E21D845-LeaderElection37] INFO  impl.LeaderElection (LeaderElection.java:askForVotes(178)) - 01be2448-ed69-4310-b227-d291674bed64@group-EC7D4E21D845-LeaderElection37: begin an election at term 2 for -1: [01be2448-ed69-4310-b227-d291674bed64:192.168.157.204:39602, 08ea17f0-c2a7-490c-b017-3d4732d6a778:192.168.157.204:46182, 199a0fd4-43f3-465a-9568-1a721d7f4fad:192.168.157.204:41302], old=null
2019-10-14 12:30:37,235 [01be2448-ed69-4310-b227-d291674bed64@group-EA71CE6733D7-SegmentedRaftLogWorker] INFO  segmented.SegmentedRaftLogWorker (SegmentedRaftLogWorker.java:execute(574)) - 01be2448-ed69-4310-b227-d291674bed64@group-EA71CE6733D7-SegmentedRaftLogWorker: created new log segment /workdir/hadoop-ozone/integration-test/target/test-dir/MiniOzoneClusterImpl-2a855a77-bf5f-41ff-8656-d75411ce3d15/datanode-5/data/ratis/e26aa02f-3a7d-4c99-9f55-ea71ce6733d7/current/log_inprogress_0
2019-10-14 12:30:37,235 [08ea17f0-c2a7-490c-b017-3d4732d6a778@group-EC7D4E21D845-LeaderElection34] INFO  server.RaftServerConfigKeys (ConfUtils.java:logGet(43)) - raft.server.log.appender.snapshot.chunk.size.max = 16MB (=16777216) (default)
2019-10-14 12:30:37,235 [Thread-1473] INFO  impl.FollowerState (FollowerState.java:run(108)) - 199a0fd4-43f3-465a-9568-1a721d7f4fad@group-F7385797E0F9-FollowerState: change to CANDIDATE, lastRpcTime:5082ms, electionTimeout:5074ms
2019-10-14 12:30:37,237 [01be2448-ed69-4310-b227-d291674bed64@group-EC7D4E21D845-LeaderElection37] INFO  impl.LeaderElection (LeaderElection.java:logAndReturn(56)) - 01be2448-ed69-4310-b227-d291674bed64@group-EC7D4E21D845-LeaderElection37: Election REJECTED; received 0 response(s) [] and 0 exception(s); 01be2448-ed69-4310-b227-d291674bed64@group-EC7D4E21D845:t2, leader=null, voted=01be2448-ed69-4310-b227-d291674bed64, raftlog=01be2448-ed69-4310-b227-d291674bed64@group-EC7D4E21D845-SegmentedRaftLog:OPENED:c-1,f-1,i0, conf=-1: [01be2448-ed69-4310-b227-d291674bed64:192.168.157.204:39602, 08ea17f0-c2a7-490c-b017-3d4732d6a778:192.168.157.204:46182, 199a0fd4-43f3-465a-9568-1a721d7f4fad:192.168.157.204:41302], old=null
2019-10-14 12:30:37,237 [08ea17f0-c2a7-490c-b017-3d4732d6a778@group-EC7D4E21D845-LeaderElection34] INFO  server.RaftServerConfigKeys (ConfUtils.java:logGet(43)) - raft.server.log.appender.buffer.byte-limit = 33554432 (custom)
2019-10-14 12:30:37,238 [Thread-1473] INFO  impl.RoleInfo (RoleInfo.java:shutdownFollowerState(121)) - 199a0fd4-43f3-465a-9568-1a721d7f4fad: shutdown FollowerState
2019-10-14 12:30:37,238 [08ea17f0-c2a7-490c-b017-3d4732d6a778@group-EC7D4E21D845-LeaderElection34] INFO  server.RaftServerConfigKeys (ConfUtils.java:logGet(43)) - raft.server.log.appender.buffer.element-limit = 1 (custom)
2019-10-14 12:30:37,239 [Thread-1473] INFO  impl.RaftServerImpl (RaftServerImpl.java:setRole(170)) - 199a0fd4-43f3-465a-9568-1a721d7f4fad@group-F7385797E0F9: changes role from  FOLLOWER to CANDIDATE at term 0 for changeToCandidate
2019-10-14 12:30:37,240 [08ea17f0-c2a7-490c-b017-3d4732d6a778@group-EC7D4E21D845-LeaderElection34] INFO  grpc.GrpcConfigKeys$Server (ConfUtils.java:logGet(43)) - raft.grpc.server.leader.outstanding.appends.max = 128 (default)
2019-10-14 12:30:37,240 [Thread-1473] INFO  impl.RoleInfo (RoleInfo.java:updateAndGet(143)) - 199a0fd4-43f3-465a-9568-1a721d7f4fad: start LeaderElection
2019-10-14 12:30:37,240 [08ea17f0-c2a7-490c-b017-3d4732d6a778@group-EC7D4E21D845-LeaderElection34] INFO  server.RaftServerConfigKeys (ConfUtils.java:logGet(43)) - raft.server.rpc.request.timeout = 3000ms (default)
2019-10-14 12:30:37,240 [08ea17f0-c2a7-490c-b017-3d4732d6a778@group-EC7D4E21D845-LeaderElection34] INFO  server.RaftServerConfigKeys (ConfUtils.java:logGet(43)) - raft.server.log.appender.install.snapshot.enabled = false (custom)
2019-10-14 12:30:37,244 [08ea17f0-c2a7-490c-b017-3d4732d6a778@group-EC7D4E21D845-LeaderElection34] INFO  impl.RoleInfo (RoleInfo.java:updateAndGet(143)) - 08ea17f0-c2a7-490c-b017-3d4732d6a778: start LeaderState
2019-10-14 12:30:37,245 [08ea17f0-c2a7-490c-b017-3d4732d6a778@group-EC7D4E21D845-LeaderElection34] INFO  segmented.SegmentedRaftLogWorker (SegmentedRaftLogWorker.java:startLogSegment(385)) - 08ea17f0-c2a7-490c-b017-3d4732d6a778@group-EC7D4E21D845-SegmentedRaftLogWorker: Starting segment from index:0
2019-10-14 12:30:37,248 [53680ec4-5c53-4026-b8d7-513efec466dc@group-736A837BF948-SegmentedRaftLogWorker] INFO  segmented.SegmentedRaftLogWorker (SegmentedRaftLogWorker.java:execute(574)) - 53680ec4-5c53-4026-b8d7-513efec466dc@group-736A837BF948-SegmentedRaftLogWorker: created new log segment /workdir/hadoop-ozone/integration-test/target/test-dir/MiniOzoneClusterImpl-2a855a77-bf5f-41ff-8656-d75411ce3d15/datanode-6/data/ratis/816adc8e-6afc-4451-ba37-736a837bf948/current/log_inprogress_0
2019-10-14 12:30:37,248 [08ea17f0-c2a7-490c-b017-3d4732d6a778@group-EC7D4E21D845-LeaderElection34] INFO  impl.RaftServerImpl (ServerState.java:setRaftConf(356)) - 08ea17f0-c2a7-490c-b017-3d4732d6a778@group-EC7D4E21D845: set configuration 0: [01be2448-ed69-4310-b227-d291674bed64:192.168.157.204:39602, 08ea17f0-c2a7-490c-b017-3d4732d6a778:192.168.157.204:46182, 199a0fd4-43f3-465a-9568-1a721d7f4fad:192.168.157.204:41302], old=null at 0
2019-10-14 12:30:37,281 [199a0fd4-43f3-465a-9568-1a721d7f4fad@group-F7385797E0F9-LeaderElection39] INFO  impl.LeaderElection (LeaderElection.java:askForVotes(178)) - 199a0fd4-43f3-465a-9568-1a721d7f4fad@group-F7385797E0F9-LeaderElection39: begin an election at term 1 for -1: [199a0fd4-43f3-465a-9568-1a721d7f4fad:192.168.157.204:41302], old=null
2019-10-14 12:30:37,281 [199a0fd4-43f3-465a-9568-1a721d7f4fad@group-F7385797E0F9-LeaderElection39] INFO  impl.RoleInfo (RoleInfo.java:shutdownLeaderElection(134)) - 199a0fd4-43f3-465a-9568-1a721d7f4fad: shutdown LeaderElection
2019-10-14 12:30:37,281 [199a0fd4-43f3-465a-9568-1a721d7f4fad@group-F7385797E0F9-LeaderElection39] INFO  impl.RaftServerImpl (RaftServerImpl.java:setRole(170)) - 199a0fd4-43f3-465a-9568-1a721d7f4fad@group-F7385797E0F9: changes role from CANDIDATE to LEADER at term 1 for changeToLeader
2019-10-14 12:30:37,282 [199a0fd4-43f3-465a-9568-1a721d7f4fad@group-F7385797E0F9-LeaderElection39] INFO  impl.RaftServerImpl (ServerState.java:setLeader(255)) - 199a0fd4-43f3-465a-9568-1a721d7f4fad@group-F7385797E0F9: change Leader from null to 199a0fd4-43f3-465a-9568-1a721d7f4fad at term 1 for becomeLeader, leader elected after 5134ms
2019-10-14 12:30:37,282 [199a0fd4-43f3-465a-9568-1a721d7f4fad@group-F7385797E0F9-LeaderElection39] INFO  server.RaftServerConfigKeys (ConfUtils.java:logGet(43)) - raft.server.staging.catchup.gap = 1000 (default)
2019-10-14 12:30:37,282 [199a0fd4-43f3-465a-9568-1a721d7f4fad@group-F7385797E0F9-LeaderElection39] INFO  server.RaftServerConfigKeys (ConfUtils.java:logGet(43)) - raft.server.rpc.sleep.time = 25ms (default)
2019-10-14 12:30:37,282 [199a0fd4-43f3-465a-9568-1a721d7f4fad@group-F7385797E0F9-LeaderElection39] INFO  server.RaftServerConfigKeys (ConfUtils.java:logGet(43)) - raft.server.write.element-limit = 4096 (default)
2019-10-14 12:30:37,282 [199a0fd4-43f3-465a-9568-1a721d7f4fad@group-F7385797E0F9-LeaderElection39] INFO  server.RaftServerConfigKeys (ConfUtils.java:logGet(43)) - raft.server.watch.timeout = 10s (default)
2019-10-14 12:30:37,285 [grpc-default-executor-0] INFO  impl.RaftServerImpl (RaftServerImpl.java:setRole(170)) - 199a0fd4-43f3-465a-9568-1a721d7f4fad@group-EC7D4E21D845: changes role from  FOLLOWER to FOLLOWER at term 2 for recognizeCandidate:01be2448-ed69-4310-b227-d291674bed64
2019-10-14 12:30:37,289 [grpc-default-executor-3] INFO  impl.RaftServerImpl (ServerState.java:setLeader(255)) - 08ea17f0-c2a7-490c-b017-3d4732d6a778@group-EC7D4E21D845: change Leader from 08ea17f0-c2a7-490c-b017-3d4732d6a778 to null at term 2 for updateCurrentTerm
2019-10-14 12:30:37,289 [grpc-default-executor-3] INFO  impl.RaftServerImpl (RaftServerImpl.java:setRole(170)) - 08ea17f0-c2a7-490c-b017-3d4732d6a778@group-EC7D4E21D845: changes role from    LEADER to FOLLOWER at term 2 for recognizeCandidate:01be2448-ed69-4310-b227-d291674bed64
2019-10-14 12:30:37,287 [199a0fd4-43f3-465a-9568-1a721d7f4fad@group-F7385797E0F9-LeaderElection39] INFO  server.RaftServerConfigKeys (ConfUtils.java:logGet(43)) - raft.server.watch.timeout.denomination = 1s (default)
2019-10-14 12:30:37,289 [grpc-default-executor-3] INFO  impl.RoleInfo (RoleInfo.java:shutdownLeaderState(104)) - 08ea17f0-c2a7-490c-b017-3d4732d6a778: shutdown LeaderState
2019-10-14 12:30:37,289 [grpc-default-executor-0] INFO  impl.RoleInfo (RoleInfo.java:shutdownFollowerState(121)) - 199a0fd4-43f3-465a-9568-1a721d7f4fad: shutdown FollowerState
2019-10-14 12:30:37,294 [08ea17f0-c2a7-490c-b017-3d4732d6a778@group-EC7D4E21D845-SegmentedRaftLogWorker] INFO  segmented.SegmentedRaftLogWorker (SegmentedRaftLogWorker.java:execute(574)) - 08ea17f0-c2a7-490c-b017-3d4732d6a778@group-EC7D4E21D845-SegmentedRaftLogWorker: created new log segment /workdir/hadoop-ozone/integration-test/target/test-dir/MiniOzoneClusterImpl-2a855a77-bf5f-41ff-8656-d75411ce3d15/datanode-3/data/ratis/58ee954f-a145-433a-ad47-ec7d4e21d845/current/log_inprogress_0
2019-10-14 12:30:37,294 [org.apache.ratis.server.impl.LogAppender$AppenderDaemon$$Lambda$560/243154407@230f2f4d] WARN  server.GrpcLogAppender (GrpcLogAppender.java:mayWait(143)) - 08ea17f0-c2a7-490c-b017-3d4732d6a778@group-EC7D4E21D845->01be2448-ed69-4310-b227-d291674bed64-GrpcLogAppender: Wait interrupted by java.lang.InterruptedException
2019-10-14 12:30:37,294 [org.apache.ratis.server.impl.LogAppender$AppenderDaemon$$Lambda$560/243154407@618cecb2] WARN  server.GrpcLogAppender (GrpcLogAppender.java:mayWait(143)) - 08ea17f0-c2a7-490c-b017-3d4732d6a778@group-EC7D4E21D845->199a0fd4-43f3-465a-9568-1a721d7f4fad-GrpcLogAppender: Wait interrupted by java.lang.InterruptedException
2019-10-14 12:30:37,294 [grpc-default-executor-3] INFO  impl.PendingRequests (PendingRequests.java:sendNotLeaderResponses(202)) - 08ea17f0-c2a7-490c-b017-3d4732d6a778@group-EC7D4E21D845-PendingRequests: sendNotLeaderResponses
2019-10-14 12:30:37,290 [199a0fd4-43f3-465a-9568-1a721d7f4fad@group-F7385797E0F9-LeaderElection39] INFO  server.RaftServerConfigKeys (ConfUtils.java:logGet(43)) - raft.server.watch.element-limit = 65536 (default)
2019-10-14 12:30:37,295 [grpc-default-executor-3] INFO  impl.RoleInfo (RoleInfo.java:updateAndGet(143)) - 08ea17f0-c2a7-490c-b017-3d4732d6a778: start FollowerState
2019-10-14 12:30:37,294 [Thread-1519] INFO  impl.FollowerState (FollowerState.java:run(117)) - 199a0fd4-43f3-465a-9568-1a721d7f4fad@group-EC7D4E21D845-FollowerState was interrupted: java.lang.InterruptedException: sleep interrupted
2019-10-14 12:30:37,294 [grpc-default-executor-0] INFO  impl.RoleInfo (RoleInfo.java:updateAndGet(143)) - 199a0fd4-43f3-465a-9568-1a721d7f4fad: start FollowerState
2019-10-14 12:30:37,295 [grpc-default-executor-8] INFO  server.GrpcServerProtocolService (GrpcServerProtocolService.java:onCompleted(113)) - 01be2448-ed69-4310-b227-d291674bed64: Completed APPEND_ENTRIES, lastRequest: 08ea17f0-c2a7-490c-b017-3d4732d6a778->01be2448-ed69-4310-b227-d291674bed64#0-t1, previous=(t:0, i:0), leaderCommit=-1, initializing? false, entries: <empty>
2019-10-14 12:30:37,302 [199a0fd4-43f3-465a-9568-1a721d7f4fad@group-F7385797E0F9-LeaderElection39] INFO  impl.RoleInfo (RoleInfo.java:updateAndGet(143)) - 199a0fd4-43f3-465a-9568-1a721d7f4fad: start LeaderState
2019-10-14 12:30:37,302 [199a0fd4-43f3-465a-9568-1a721d7f4fad@group-F7385797E0F9-LeaderElection39] INFO  segmented.SegmentedRaftLogWorker (SegmentedRaftLogWorker.java:startLogSegment(385)) - 199a0fd4-43f3-465a-9568-1a721d7f4fad@group-F7385797E0F9-SegmentedRaftLogWorker: Starting segment from index:0
2019-10-14 12:30:37,303 [199a0fd4-43f3-465a-9568-1a721d7f4fad@group-F7385797E0F9-LeaderElection39] INFO  impl.RaftServerImpl (ServerState.java:setRaftConf(356)) - 199a0fd4-43f3-465a-9568-1a721d7f4fad@group-F7385797E0F9: set configuration 0: [199a0fd4-43f3-465a-9568-1a721d7f4fad:192.168.157.204:41302], old=null at 0
2019-10-14 12:30:37,308 [grpc-default-executor-7] INFO  server.GrpcLogAppender (GrpcLogAppender.java:onCompleted(293)) - 08ea17f0-c2a7-490c-b017-3d4732d6a778@group-EC7D4E21D845->01be2448-ed69-4310-b227-d291674bed64-AppendLogResponseHandler: follower responses appendEntries COMPLETED
2019-10-14 12:30:37,309 [grpc-default-executor-5] INFO  server.GrpcServerProtocolService (GrpcServerProtocolService.java:onCompleted(113)) - 199a0fd4-43f3-465a-9568-1a721d7f4fad: Completed APPEND_ENTRIES, lastRequest: 08ea17f0-c2a7-490c-b017-3d4732d6a778->199a0fd4-43f3-465a-9568-1a721d7f4fad#0-t1, previous=(t:0, i:0), leaderCommit=-1, initializing? false, entries: <empty>
2019-10-14 12:30:37,335 [grpc-default-executor-7] INFO  impl.FollowerInfo (FollowerInfo.java:lambda$new$0(51)) - 08ea17f0-c2a7-490c-b017-3d4732d6a778@group-EC7D4E21D845->01be2448-ed69-4310-b227-d291674bed64: nextIndex: updateUnconditionally 0 -> 0
2019-10-14 12:30:37,338 [grpc-default-executor-3] INFO  server.GrpcLogAppender (GrpcLogAppender.java:onCompleted(293)) - 08ea17f0-c2a7-490c-b017-3d4732d6a778@group-EC7D4E21D845->199a0fd4-43f3-465a-9568-1a721d7f4fad-AppendLogResponseHandler: follower responses appendEntries COMPLETED
2019-10-14 12:30:37,339 [grpc-default-executor-3] INFO  impl.FollowerInfo (FollowerInfo.java:lambda$new$0(51)) - 08ea17f0-c2a7-490c-b017-3d4732d6a778@group-EC7D4E21D845->199a0fd4-43f3-465a-9568-1a721d7f4fad: nextIndex: updateUnconditionally 0 -> 0
2019-10-14 12:30:37,348 [199a0fd4-43f3-465a-9568-1a721d7f4fad@group-F7385797E0F9-SegmentedRaftLogWorker] INFO  segmented.SegmentedRaftLogWorker (SegmentedRaftLogWorker.java:execute(574)) - 199a0fd4-43f3-465a-9568-1a721d7f4fad@group-F7385797E0F9-SegmentedRaftLogWorker: created new log segment /workdir/hadoop-ozone/integration-test/target/test-dir/MiniOzoneClusterImpl-2a855a77-bf5f-41ff-8656-d75411ce3d15/datanode-4/data/ratis/4afd407a-52b5-4f44-a1ab-f7385797e0f9/current/log_inprogress_0
2019-10-14 12:30:37,491 [Datanode State Machine Thread - 0] INFO  statemachine.DatanodeStateMachine (DatanodeStateMachine.java:lambda$startDaemon$0(350)) - Ozone container server started.
2019-10-14 12:30:42,167 [Thread-1518] INFO  impl.FollowerState (FollowerState.java:run(108)) - 01be2448-ed69-4310-b227-d291674bed64@group-EC7D4E21D845-FollowerState: change to CANDIDATE, lastRpcTime:5004ms, electionTimeout:5002ms
2019-10-14 12:30:42,168 [Thread-1518] INFO  impl.RoleInfo (RoleInfo.java:shutdownFollowerState(121)) - 01be2448-ed69-4310-b227-d291674bed64: shutdown FollowerState
2019-10-14 12:30:42,168 [Thread-1518] INFO  impl.RaftServerImpl (RaftServerImpl.java:setRole(170)) - 01be2448-ed69-4310-b227-d291674bed64@group-EC7D4E21D845: changes role from  FOLLOWER to CANDIDATE at term 2 for changeToCandidate
2019-10-14 12:30:42,168 [Thread-1518] INFO  impl.RoleInfo (RoleInfo.java:updateAndGet(143)) - 01be2448-ed69-4310-b227-d291674bed64: start LeaderElection
2019-10-14 12:30:42,200 [01be2448-ed69-4310-b227-d291674bed64@group-EC7D4E21D845-LeaderElection40] INFO  impl.LeaderElection (LeaderElection.java:askForVotes(178)) - 01be2448-ed69-4310-b227-d291674bed64@group-EC7D4E21D845-LeaderElection40: begin an election at term 3 for -1: [01be2448-ed69-4310-b227-d291674bed64:192.168.157.204:39602, 08ea17f0-c2a7-490c-b017-3d4732d6a778:192.168.157.204:46182, 199a0fd4-43f3-465a-9568-1a721d7f4fad:192.168.157.204:41302], old=null
2019-10-14 12:30:42,209 [grpc-default-executor-7] INFO  impl.RaftServerImpl (RaftServerImpl.java:setRole(170)) - 08ea17f0-c2a7-490c-b017-3d4732d6a778@group-EC7D4E21D845: changes role from  FOLLOWER to FOLLOWER at term 3 for recognizeCandidate:01be2448-ed69-4310-b227-d291674bed64
2019-10-14 12:30:42,209 [grpc-default-executor-3] INFO  impl.RaftServerImpl (RaftServerImpl.java:setRole(170)) - 199a0fd4-43f3-465a-9568-1a721d7f4fad@group-EC7D4E21D845: changes role from  FOLLOWER to FOLLOWER at term 3 for recognizeCandidate:01be2448-ed69-4310-b227-d291674bed64
2019-10-14 12:30:42,210 [grpc-default-executor-7] INFO  impl.RoleInfo (RoleInfo.java:shutdownFollowerState(121)) - 08ea17f0-c2a7-490c-b017-3d4732d6a778: shutdown FollowerState
2019-10-14 12:30:42,210 [grpc-default-executor-3] INFO  impl.RoleInfo (RoleInfo.java:shutdownFollowerState(121)) - 199a0fd4-43f3-465a-9568-1a721d7f4fad: shutdown FollowerState
2019-10-14 12:30:42,210 [Thread-1536] INFO  impl.FollowerState (FollowerState.java:run(117)) - 08ea17f0-c2a7-490c-b017-3d4732d6a778@group-EC7D4E21D845-FollowerState was interrupted: java.lang.InterruptedException: sleep interrupted
2019-10-14 12:30:42,210 [grpc-default-executor-7] INFO  impl.RoleInfo (RoleInfo.java:updateAndGet(143)) - 08ea17f0-c2a7-490c-b017-3d4732d6a778: start FollowerState
2019-10-14 12:30:42,210 [Thread-1535] INFO  impl.FollowerState (FollowerState.java:run(117)) - 199a0fd4-43f3-465a-9568-1a721d7f4fad@group-EC7D4E21D845-FollowerState was interrupted: java.lang.InterruptedException: sleep interrupted
2019-10-14 12:30:42,210 [grpc-default-executor-3] INFO  impl.RoleInfo (RoleInfo.java:updateAndGet(143)) - 199a0fd4-43f3-465a-9568-1a721d7f4fad: start FollowerState
2019-10-14 12:30:42,233 [01be2448-ed69-4310-b227-d291674bed64@group-EC7D4E21D845-LeaderElection40] INFO  impl.LeaderElection (LeaderElection.java:logAndReturn(56)) - 01be2448-ed69-4310-b227-d291674bed64@group-EC7D4E21D845-LeaderElection40: Election PASSED; received 1 response(s) [01be2448-ed69-4310-b227-d291674bed64<-199a0fd4-43f3-465a-9568-1a721d7f4fad#0:OK-t3] and 0 exception(s); 01be2448-ed69-4310-b227-d291674bed64@group-EC7D4E21D845:t3, leader=null, voted=01be2448-ed69-4310-b227-d291674bed64, raftlog=01be2448-ed69-4310-b227-d291674bed64@group-EC7D4E21D845-SegmentedRaftLog:OPENED:c-1,f-1,i0, conf=-1: [01be2448-ed69-4310-b227-d291674bed64:192.168.157.204:39602, 08ea17f0-c2a7-490c-b017-3d4732d6a778:192.168.157.204:46182, 199a0fd4-43f3-465a-9568-1a721d7f4fad:192.168.157.204:41302], old=null
2019-10-14 12:30:42,233 [01be2448-ed69-4310-b227-d291674bed64@group-EC7D4E21D845-LeaderElection40] INFO  impl.RoleInfo (RoleInfo.java:shutdownLeaderElection(134)) - 01be2448-ed69-4310-b227-d291674bed64: shutdown LeaderElection
2019-10-14 12:30:42,233 [01be2448-ed69-4310-b227-d291674bed64@group-EC7D4E21D845-LeaderElection40] INFO  impl.RaftServerImpl (RaftServerImpl.java:setRole(170)) - 01be2448-ed69-4310-b227-d291674bed64@group-EC7D4E21D845: changes role from CANDIDATE to LEADER at term 3 for changeToLeader
2019-10-14 12:30:42,233 [01be2448-ed69-4310-b227-d291674bed64@group-EC7D4E21D845-LeaderElection40] INFO  impl.RaftServerImpl (ServerState.java:setLeader(255)) - 01be2448-ed69-4310-b227-d291674bed64@group-EC7D4E21D845: change Leader from null to 01be2448-ed69-4310-b227-d291674bed64 at term 3 for becomeLeader, leader elected after 10239ms
2019-10-14 12:30:42,233 [01be2448-ed69-4310-b227-d291674bed64@group-EC7D4E21D845-LeaderElection40] INFO  server.RaftServerConfigKeys (ConfUtils.java:logGet(43)) - raft.server.staging.catchup.gap = 1000 (default)
2019-10-14 12:30:42,234 [01be2448-ed69-4310-b227-d291674bed64@group-EC7D4E21D845-LeaderElection40] INFO  server.RaftServerConfigKeys (ConfUtils.java:logGet(43)) - raft.server.rpc.sleep.time = 25ms (default)
2019-10-14 12:30:42,234 [01be2448-ed69-4310-b227-d291674bed64@group-EC7D4E21D845-LeaderElection40] INFO  server.RaftServerConfigKeys (ConfUtils.java:logGet(43)) - raft.server.write.element-limit = 4096 (default)
2019-10-14 12:30:42,234 [01be2448-ed69-4310-b227-d291674bed64@group-EC7D4E21D845-LeaderElection40] INFO  server.RaftServerConfigKeys (ConfUtils.java:logGet(43)) - raft.server.watch.timeout = 10s (default)
2019-10-14 12:30:42,234 [01be2448-ed69-4310-b227-d291674bed64@group-EC7D4E21D845-LeaderElection40] INFO  server.RaftServerConfigKeys (ConfUtils.java:logGet(43)) - raft.server.watch.timeout.denomination = 1s (default)
2019-10-14 12:30:42,234 [01be2448-ed69-4310-b227-d291674bed64@group-EC7D4E21D845-LeaderElection40] INFO  server.RaftServerConfigKeys (ConfUtils.java:logGet(43)) - raft.server.watch.element-limit = 65536 (default)
2019-10-14 12:30:42,238 [01be2448-ed69-4310-b227-d291674bed64@group-EC7D4E21D845-LeaderElection40] INFO  server.RaftServerConfigKeys (ConfUtils.java:logGet(43)) - raft.server.log.appender.snapshot.chunk.size.max = 16MB (=16777216) (default)
2019-10-14 12:30:42,238 [01be2448-ed69-4310-b227-d291674bed64@group-EC7D4E21D845-LeaderElection40] INFO  server.RaftServerConfigKeys (ConfUtils.java:logGet(43)) - raft.server.log.appender.buffer.byte-limit = 33554432 (custom)
2019-10-14 12:30:42,238 [01be2448-ed69-4310-b227-d291674bed64@group-EC7D4E21D845-LeaderElection40] INFO  server.RaftServerConfigKeys (ConfUtils.java:logGet(43)) - raft.server.log.appender.buffer.element-limit = 1 (custom)
2019-10-14 12:30:42,238 [01be2448-ed69-4310-b227-d291674bed64@group-EC7D4E21D845-LeaderElection40] INFO  grpc.GrpcConfigKeys$Server (ConfUtils.java:logGet(43)) - raft.grpc.server.leader.outstanding.appends.max = 128 (default)
2019-10-14 12:30:42,238 [01be2448-ed69-4310-b227-d291674bed64@group-EC7D4E21D845-LeaderElection40] INFO  server.RaftServerConfigKeys (ConfUtils.java:logGet(43)) - raft.server.rpc.request.timeout = 3000ms (default)
2019-10-14 12:30:42,239 [01be2448-ed69-4310-b227-d291674bed64@group-EC7D4E21D845-LeaderElection40] INFO  server.RaftServerConfigKeys (ConfUtils.java:logGet(43)) - raft.server.log.appender.install.snapshot.enabled = false (custom)
2019-10-14 12:30:42,239 [01be2448-ed69-4310-b227-d291674bed64@group-EC7D4E21D845-LeaderElection40] INFO  server.RaftServerConfigKeys (ConfUtils.java:logGet(43)) - raft.server.log.appender.snapshot.chunk.size.max = 16MB (=16777216) (default)
2019-10-14 12:30:42,239 [01be2448-ed69-4310-b227-d291674bed64@group-EC7D4E21D845-LeaderElection40] INFO  server.RaftServerConfigKeys (ConfUtils.java:logGet(43)) - raft.server.log.appender.buffer.byte-limit = 33554432 (custom)
2019-10-14 12:30:42,239 [01be2448-ed69-4310-b227-d291674bed64@group-EC7D4E21D845-LeaderElection40] INFO  server.RaftServerConfigKeys (ConfUtils.java:logGet(43)) - raft.server.log.appender.buffer.element-limit = 1 (custom)
2019-10-14 12:30:42,240 [01be2448-ed69-4310-b227-d291674bed64@group-EC7D4E21D845-LeaderElection40] INFO  grpc.GrpcConfigKeys$Server (ConfUtils.java:logGet(43)) - raft.grpc.server.leader.outstanding.appends.max = 128 (default)
2019-10-14 12:30:42,240 [01be2448-ed69-4310-b227-d291674bed64@group-EC7D4E21D845-LeaderElection40] INFO  server.RaftServerConfigKeys (ConfUtils.java:logGet(43)) - raft.server.rpc.request.timeout = 3000ms (default)
2019-10-14 12:30:42,240 [01be2448-ed69-4310-b227-d291674bed64@group-EC7D4E21D845-LeaderElection40] INFO  server.RaftServerConfigKeys (ConfUtils.java:logGet(43)) - raft.server.log.appender.install.snapshot.enabled = false (custom)
2019-10-14 12:30:42,240 [01be2448-ed69-4310-b227-d291674bed64@group-EC7D4E21D845-LeaderElection40] INFO  impl.RoleInfo (RoleInfo.java:updateAndGet(143)) - 01be2448-ed69-4310-b227-d291674bed64: start LeaderState
2019-10-14 12:30:42,241 [01be2448-ed69-4310-b227-d291674bed64@group-EC7D4E21D845-LeaderElection40] INFO  segmented.SegmentedRaftLogWorker (SegmentedRaftLogWorker.java:startLogSegment(385)) - 01be2448-ed69-4310-b227-d291674bed64@group-EC7D4E21D845-SegmentedRaftLogWorker: Starting segment from index:0
2019-10-14 12:30:42,242 [01be2448-ed69-4310-b227-d291674bed64@group-EC7D4E21D845-LeaderElection40] INFO  impl.RaftServerImpl (ServerState.java:setRaftConf(356)) - 01be2448-ed69-4310-b227-d291674bed64@group-EC7D4E21D845: set configuration 0: [01be2448-ed69-4310-b227-d291674bed64:192.168.157.204:39602, 08ea17f0-c2a7-490c-b017-3d4732d6a778:192.168.157.204:46182, 199a0fd4-43f3-465a-9568-1a721d7f4fad:192.168.157.204:41302], old=null at 0
2019-10-14 12:30:42,243 [grpc-default-executor-7] INFO  impl.RaftServerImpl (ServerState.java:setLeader(255)) - 08ea17f0-c2a7-490c-b017-3d4732d6a778@group-EC7D4E21D845: change Leader from null to 01be2448-ed69-4310-b227-d291674bed64 at term 3 for appendEntries, leader elected after 4955ms
2019-10-14 12:30:42,276 [grpc-default-executor-3] INFO  impl.RaftServerImpl (ServerState.java:setLeader(255)) - 199a0fd4-43f3-465a-9568-1a721d7f4fad@group-EC7D4E21D845: change Leader from null to 01be2448-ed69-4310-b227-d291674bed64 at term 3 for appendEntries, leader elected after 10282ms
2019-10-14 12:30:42,279 [grpc-default-executor-7] INFO  impl.RaftServerImpl (ServerState.java:setRaftConf(356)) - 199a0fd4-43f3-465a-9568-1a721d7f4fad@group-EC7D4E21D845: set configuration 0: [01be2448-ed69-4310-b227-d291674bed64:192.168.157.204:39602, 08ea17f0-c2a7-490c-b017-3d4732d6a778:192.168.157.204:46182, 199a0fd4-43f3-465a-9568-1a721d7f4fad:192.168.157.204:41302], old=null at 0
2019-10-14 12:30:42,279 [grpc-default-executor-3] INFO  impl.RaftServerImpl (ServerState.java:setRaftConf(356)) - 08ea17f0-c2a7-490c-b017-3d4732d6a778@group-EC7D4E21D845: set configuration 0: [01be2448-ed69-4310-b227-d291674bed64:192.168.157.204:39602, 08ea17f0-c2a7-490c-b017-3d4732d6a778:192.168.157.204:46182, 199a0fd4-43f3-465a-9568-1a721d7f4fad:192.168.157.204:41302], old=null at 0
2019-10-14 12:30:42,279 [grpc-default-executor-7] INFO  segmented.SegmentedRaftLogWorker (SegmentedRaftLogWorker.java:startLogSegment(385)) - 199a0fd4-43f3-465a-9568-1a721d7f4fad@group-EC7D4E21D845-SegmentedRaftLogWorker: Starting segment from index:0
2019-10-14 12:30:42,285 [grpc-default-executor-3] INFO  segmented.SegmentedRaftLogWorker (SegmentedRaftLogWorker.java:truncate(401)) - 08ea17f0-c2a7-490c-b017-3d4732d6a778@group-EC7D4E21D845-SegmentedRaftLogWorker: Truncating segments toTruncate: null
  toDelete: [(0, 0) isOpen? true, length=0, newEndIndex=-1], start index 0
2019-10-14 12:30:42,286 [grpc-default-executor-3] INFO  segmented.SegmentedRaftLogWorker (SegmentedRaftLogWorker.java:startLogSegment(385)) - 08ea17f0-c2a7-490c-b017-3d4732d6a778@group-EC7D4E21D845-SegmentedRaftLogWorker: Starting segment from index:0
2019-10-14 12:30:42,288 [08ea17f0-c2a7-490c-b017-3d4732d6a778@group-EC7D4E21D845-SegmentedRaftLogWorker] INFO  segmented.SegmentedRaftLogWorker (SegmentedRaftLogWorker.java:execute(638)) - 08ea17f0-c2a7-490c-b017-3d4732d6a778@group-EC7D4E21D845-SegmentedRaftLogWorker: Deleted log file /workdir/hadoop-ozone/integration-test/target/test-dir/MiniOzoneClusterImpl-2a855a77-bf5f-41ff-8656-d75411ce3d15/datanode-3/data/ratis/58ee954f-a145-433a-ad47-ec7d4e21d845/current/log_inprogress_0
2019-10-14 12:30:42,288 [01be2448-ed69-4310-b227-d291674bed64@group-EC7D4E21D845-SegmentedRaftLogWorker] INFO  segmented.SegmentedRaftLogWorker (SegmentedRaftLogWorker.java:execute(574)) - 01be2448-ed69-4310-b227-d291674bed64@group-EC7D4E21D845-SegmentedRaftLogWorker: created new log segment /workdir/hadoop-ozone/integration-test/target/test-dir/MiniOzoneClusterImpl-2a855a77-bf5f-41ff-8656-d75411ce3d15/datanode-5/data/ratis/58ee954f-a145-433a-ad47-ec7d4e21d845/current/log_inprogress_0
2019-10-14 12:30:42,288 [08ea17f0-c2a7-490c-b017-3d4732d6a778@group-EC7D4E21D845-SegmentedRaftLogWorker] INFO  segmented.SegmentedRaftLogWorker (SegmentedRaftLogWorker.java:lambda$new$0(128)) - 08ea17f0-c2a7-490c-b017-3d4732d6a778@group-EC7D4E21D845-SegmentedRaftLogWorker: flushIndex: setUnconditionally 0 -> -1
2019-10-14 12:30:42,333 [199a0fd4-43f3-465a-9568-1a721d7f4fad@group-EC7D4E21D845-SegmentedRaftLogWorker] INFO  segmented.SegmentedRaftLogWorker (SegmentedRaftLogWorker.java:execute(574)) - 199a0fd4-43f3-465a-9568-1a721d7f4fad@group-EC7D4E21D845-SegmentedRaftLogWorker: created new log segment /workdir/hadoop-ozone/integration-test/target/test-dir/MiniOzoneClusterImpl-2a855a77-bf5f-41ff-8656-d75411ce3d15/datanode-4/data/ratis/58ee954f-a145-433a-ad47-ec7d4e21d845/current/log_inprogress_0
2019-10-14 12:30:42,333 [08ea17f0-c2a7-490c-b017-3d4732d6a778@group-EC7D4E21D845-SegmentedRaftLogWorker] INFO  segmented.SegmentedRaftLogWorker (SegmentedRaftLogWorker.java:execute(574)) - 08ea17f0-c2a7-490c-b017-3d4732d6a778@group-EC7D4E21D845-SegmentedRaftLogWorker: created new log segment /workdir/hadoop-ozone/integration-test/target/test-dir/MiniOzoneClusterImpl-2a855a77-bf5f-41ff-8656-d75411ce3d15/datanode-3/data/ratis/58ee954f-a145-433a-ad47-ec7d4e21d845/current/log_inprogress_0
2019-10-14 12:30:42,472 [main] INFO  ozoneimpl.OzoneContainer (OzoneContainer.java:stop(227)) - Attempting to stop container services.
2019-10-14 12:30:42,472 [main] INFO  impl.RaftServerProxy (RaftServerProxy.java:lambda$close$4(314)) - 1dab5bbc-306d-414b-bee9-799bfda5c805: close
2019-10-14 12:30:42,473 [main] INFO  impl.RaftServerImpl (RaftServerImpl.java:lambda$shutdown$3(247)) - 1dab5bbc-306d-414b-bee9-799bfda5c805@group-43A32D8C9052: shutdown
2019-10-14 12:30:42,474 [main] INFO  util.JmxRegister (JmxRegister.java:unregister(73)) - Successfully un-registered JMX Bean with object name Ratis:service=RaftServer,group=group-43A32D8C9052,id=1dab5bbc-306d-414b-bee9-799bfda5c805
2019-10-14 12:30:42,474 [main] INFO  impl.RoleInfo (RoleInfo.java:shutdownFollowerState(121)) - 1dab5bbc-306d-414b-bee9-799bfda5c805: shutdown FollowerState
2019-10-14 12:30:42,474 [main] INFO  impl.StateMachineUpdater (StateMachineUpdater.java:stopAndJoin(136)) - 1dab5bbc-306d-414b-bee9-799bfda5c805@group-43A32D8C9052-StateMachineUpdater: set stopIndex = 2
2019-10-14 12:30:42,474 [1dab5bbc-306d-414b-bee9-799bfda5c805@group-43A32D8C9052-StateMachineUpdater] INFO  ratis.ContainerStateMachine (ContainerStateMachine.java:takeSnapshot(294)) - group-43A32D8C9052: Taking a snapshot at:(t:1, i:1) file /workdir/hadoop-ozone/integration-test/target/test-dir/MiniOzoneClusterImpl-2a855a77-bf5f-41ff-8656-d75411ce3d15/datanode-1/data/ratis/6d54f5db-d255-4324-b783-43a32d8c9052/sm/snapshot.1_1
2019-10-14 12:30:42,474 [Thread-1496] INFO  impl.FollowerState (FollowerState.java:run(117)) - 1dab5bbc-306d-414b-bee9-799bfda5c805@group-43A32D8C9052-FollowerState was interrupted: java.lang.InterruptedException: sleep interrupted
2019-10-14 12:30:42,497 [1dab5bbc-306d-414b-bee9-799bfda5c805@group-43A32D8C9052-StateMachineUpdater] INFO  ratis.ContainerStateMachine (ContainerStateMachine.java:takeSnapshot(305)) - group-43A32D8C9052: Finished taking a snapshot at:(t:1, i:1) file:/workdir/hadoop-ozone/integration-test/target/test-dir/MiniOzoneClusterImpl-2a855a77-bf5f-41ff-8656-d75411ce3d15/datanode-1/data/ratis/6d54f5db-d255-4324-b783-43a32d8c9052/sm/snapshot.1_1 time:22
2019-10-14 12:30:42,497 [1dab5bbc-306d-414b-bee9-799bfda5c805@group-43A32D8C9052-StateMachineUpdater] INFO  impl.StateMachineUpdater (StateMachineUpdater.java:takeSnapshot(269)) - 1dab5bbc-306d-414b-bee9-799bfda5c805@group-43A32D8C9052-StateMachineUpdater: Took a snapshot at index 1
2019-10-14 12:30:42,497 [1dab5bbc-306d-414b-bee9-799bfda5c805@group-43A32D8C9052-StateMachineUpdater] INFO  impl.StateMachineUpdater (StateMachineUpdater.java:lambda$new$0(84)) - 1dab5bbc-306d-414b-bee9-799bfda5c805@group-43A32D8C9052-StateMachineUpdater: snapshotIndex: updateIncreasingly -1 -> 1
2019-10-14 12:30:42,498 [1dab5bbc-306d-414b-bee9-799bfda5c805@group-43A32D8C9052-StateMachineUpdater] INFO  ratis.ContainerStateMachine (ContainerStateMachine.java:takeSnapshot(294)) - group-43A32D8C9052: Taking a snapshot at:(t:1, i:1) file /workdir/hadoop-ozone/integration-test/target/test-dir/MiniOzoneClusterImpl-2a855a77-bf5f-41ff-8656-d75411ce3d15/datanode-1/data/ratis/6d54f5db-d255-4324-b783-43a32d8c9052/sm/snapshot.1_1
2019-10-14 12:30:42,510 [1dab5bbc-306d-414b-bee9-799bfda5c805@group-43A32D8C9052-StateMachineUpdater] INFO  ratis.ContainerStateMachine (ContainerStateMachine.java:takeSnapshot(305)) - group-43A32D8C9052: Finished taking a snapshot at:(t:1, i:1) file:/workdir/hadoop-ozone/integration-test/target/test-dir/MiniOzoneClusterImpl-2a855a77-bf5f-41ff-8656-d75411ce3d15/datanode-1/data/ratis/6d54f5db-d255-4324-b783-43a32d8c9052/sm/snapshot.1_1 time:13
2019-10-14 12:30:42,511 [1dab5bbc-306d-414b-bee9-799bfda5c805@group-43A32D8C9052-StateMachineUpdater] INFO  impl.StateMachineUpdater (StateMachineUpdater.java:takeSnapshot(269)) - 1dab5bbc-306d-414b-bee9-799bfda5c805@group-43A32D8C9052-StateMachineUpdater: Took a snapshot at index 1
2019-10-14 12:30:42,511 [1dab5bbc-306d-414b-bee9-799bfda5c805@group-43A32D8C9052-StateMachineUpdater] INFO  impl.StateMachineUpdater (StateMachineUpdater.java:lambda$new$0(84)) - 1dab5bbc-306d-414b-bee9-799bfda5c805@group-43A32D8C9052-StateMachineUpdater: snapshotIndex: updateIncreasingly 1 -> 1
2019-10-14 12:30:42,511 [main] INFO  impl.RaftServerImpl (ServerState.java:close(387)) - 1dab5bbc-306d-414b-bee9-799bfda5c805@group-43A32D8C9052: closes. applyIndex: 2
2019-10-14 12:30:42,512 [1dab5bbc-306d-414b-bee9-799bfda5c805@group-43A32D8C9052-SegmentedRaftLogWorker] INFO  segmented.SegmentedRaftLogWorker (SegmentedRaftLogWorker.java:run(316)) - 1dab5bbc-306d-414b-bee9-799bfda5c805@group-43A32D8C9052-SegmentedRaftLogWorker was interrupted, exiting. There are 0 tasks remaining in the queue.
2019-10-14 12:30:42,514 [main] INFO  segmented.SegmentedRaftLogWorker (SegmentedRaftLogWorker.java:close(224)) - 1dab5bbc-306d-414b-bee9-799bfda5c805@group-43A32D8C9052-SegmentedRaftLogWorker close()
2019-10-14 12:30:42,519 [main] INFO  impl.RaftServerImpl (RaftServerImpl.java:lambda$shutdown$3(247)) - 1dab5bbc-306d-414b-bee9-799bfda5c805@group-D12F0C14DBE7: shutdown
2019-10-14 12:30:42,519 [main] INFO  util.JmxRegister (JmxRegister.java:unregister(73)) - Successfully un-registered JMX Bean with object name Ratis:service=RaftServer,group=group-D12F0C14DBE7,id=1dab5bbc-306d-414b-bee9-799bfda5c805
2019-10-14 12:30:42,520 [main] INFO  impl.RoleInfo (RoleInfo.java:shutdownLeaderState(104)) - 1dab5bbc-306d-414b-bee9-799bfda5c805: shutdown LeaderState
2019-10-14 12:30:42,520 [main] INFO  impl.PendingRequests (PendingRequests.java:sendNotLeaderResponses(202)) - 1dab5bbc-306d-414b-bee9-799bfda5c805@group-D12F0C14DBE7-PendingRequests: sendNotLeaderResponses
2019-10-14 12:30:42,520 [main] INFO  impl.StateMachineUpdater (StateMachineUpdater.java:stopAndJoin(136)) - 1dab5bbc-306d-414b-bee9-799bfda5c805@group-D12F0C14DBE7-StateMachineUpdater: set stopIndex = 0
2019-10-14 12:30:42,521 [main] INFO  impl.RaftServerImpl (ServerState.java:close(387)) - 1dab5bbc-306d-414b-bee9-799bfda5c805@group-D12F0C14DBE7: closes. applyIndex: 0
2019-10-14 12:30:42,521 [1dab5bbc-306d-414b-bee9-799bfda5c805@group-D12F0C14DBE7-SegmentedRaftLogWorker] INFO  segmented.SegmentedRaftLogWorker (SegmentedRaftLogWorker.java:run(316)) - 1dab5bbc-306d-414b-bee9-799bfda5c805@group-D12F0C14DBE7-SegmentedRaftLogWorker was interrupted, exiting. There are 0 tasks remaining in the queue.
2019-10-14 12:30:42,524 [main] INFO  segmented.SegmentedRaftLogWorker (SegmentedRaftLogWorker.java:close(224)) - 1dab5bbc-306d-414b-bee9-799bfda5c805@group-D12F0C14DBE7-SegmentedRaftLogWorker close()
2019-10-14 12:30:42,528 [main] INFO  server.GrpcService (GrpcService.java:closeImpl(164)) - 1dab5bbc-306d-414b-bee9-799bfda5c805: shutdown server with port 34787 now
2019-10-14 12:30:42,529 [grpc-default-executor-7] WARN  server.GrpcServerProtocolService (LogUtils.java:warn(134)) - 1dab5bbc-306d-414b-bee9-799bfda5c805: installSnapshot onError, lastRequest: 7ffb1a22-d777-4b7d-a742-5334fcca9894->1dab5bbc-306d-414b-bee9-799bfda5c805#5-t1, previous=(t:1, i:2), leaderCommit=2, initializing? false, entries: <empty>: org.apache.ratis.thirdparty.io.grpc.StatusRuntimeException: CANCELLED: cancelled before receiving half close
2019-10-14 12:30:42,529 [grpc-default-executor-3] WARN  server.GrpcLogAppender (LogUtils.java:warn(134)) - 7ffb1a22-d777-4b7d-a742-5334fcca9894@group-43A32D8C9052->1dab5bbc-306d-414b-bee9-799bfda5c805-AppendLogResponseHandler: Failed appendEntries: org.apache.ratis.thirdparty.io.grpc.StatusRuntimeException: CANCELLED: HTTP/2 error code: CANCEL
Received Rst Stream
2019-10-14 12:30:42,529 [main] INFO  server.GrpcService (GrpcService.java:closeImpl(172)) - 1dab5bbc-306d-414b-bee9-799bfda5c805: shutdown server with port 34787 successfully
2019-10-14 12:30:42,532 [grpc-default-executor-3] INFO  impl.FollowerInfo (FollowerInfo.java:lambda$new$0(51)) - 7ffb1a22-d777-4b7d-a742-5334fcca9894@group-43A32D8C9052->1dab5bbc-306d-414b-bee9-799bfda5c805: nextIndex: updateUnconditionally 3 -> 2
2019-10-14 12:30:42,534 [refreshUsed-/workdir/hadoop-ozone/integration-test/target/test-dir/MiniOzoneClusterImpl-2a855a77-bf5f-41ff-8656-d75411ce3d15/datanode-1/data/containers] WARN  fs.CachingGetSpaceUsed (CachingGetSpaceUsed.java:run(183)) - Thread Interrupted waiting to refresh disk information: sleep interrupted
2019-10-14 12:30:42,555 [main] INFO  utils.BackgroundService (BackgroundService.java:shutdown(151)) - Shutting down service BlockDeletingService
2019-10-14 12:30:42,561 [main] INFO  statemachine.DatanodeStateMachine (DatanodeStateMachine.java:stopDaemon(395)) - Ozone container server stopped.
2019-10-14 12:30:42,564 [main] INFO  handler.ContextHandler (ContextHandler.java:doStop(910)) - Stopped o.e.j.w.WebAppContext@39dec536{/,null,UNAVAILABLE}{/hddsDatanode}
2019-10-14 12:30:42,565 [main] INFO  server.AbstractConnector (AbstractConnector.java:doStop(318)) - Stopped ServerConnector@4a1a256d{HTTP/1.1,[http/1.1]}{0.0.0.0:0}
2019-10-14 12:30:42,565 [main] INFO  handler.ContextHandler (ContextHandler.java:doStop(910)) - Stopped o.e.j.s.ServletContextHandler@e700eba{/static,jar:file:/home/user/.m2/repository/org/apache/hadoop/hadoop-hdds-container-service/0.5.0-SNAPSHOT/hadoop-hdds-container-service-0.5.0-SNAPSHOT.jar!/webapps/static,UNAVAILABLE}
2019-10-14 12:30:42,566 [main] INFO  handler.ContextHandler (ContextHandler.java:doStop(910)) - Stopped o.e.j.s.ServletContextHandler@5b202ff{/logs,file:///workdir/hadoop-ozone/integration-test/target/log,UNAVAILABLE}
2019-10-14 12:30:43,501 [Datanode State Machine Thread - 0] INFO  statemachine.DatanodeStateMachine (DatanodeStateMachine.java:lambda$startDaemon$0(350)) - Ozone container server started.
2019-10-14 12:30:44,854 [grpc-default-executor-7] WARN  server.GrpcLogAppender (LogUtils.java:warn(134)) - 7ffb1a22-d777-4b7d-a742-5334fcca9894@group-43A32D8C9052->1dab5bbc-306d-414b-bee9-799bfda5c805-AppendLogResponseHandler: Failed appendEntries: org.apache.ratis.thirdparty.io.grpc.StatusRuntimeException: UNAVAILABLE: io exception
2019-10-14 12:30:44,855 [grpc-default-executor-7] INFO  impl.FollowerInfo (FollowerInfo.java:lambda$new$0(51)) - 7ffb1a22-d777-4b7d-a742-5334fcca9894@group-43A32D8C9052->1dab5bbc-306d-414b-bee9-799bfda5c805: nextIndex: updateUnconditionally 2 -> 1
2019-10-14 12:30:47,354 [grpc-default-executor-3] WARN  server.GrpcLogAppender (LogUtils.java:warn(134)) - 7ffb1a22-d777-4b7d-a742-5334fcca9894@group-43A32D8C9052->1dab5bbc-306d-414b-bee9-799bfda5c805-AppendLogResponseHandler: Failed appendEntries: org.apache.ratis.thirdparty.io.grpc.StatusRuntimeException: UNAVAILABLE: io exception
2019-10-14 12:30:47,355 [grpc-default-executor-3] INFO  impl.FollowerInfo (FollowerInfo.java:lambda$new$0(51)) - 7ffb1a22-d777-4b7d-a742-5334fcca9894@group-43A32D8C9052->1dab5bbc-306d-414b-bee9-799bfda5c805: nextIndex: updateUnconditionally 1 -> 0
2019-10-14 12:30:47,567 [main] INFO  ozoneimpl.OzoneContainer (OzoneContainer.java:stop(227)) - Attempting to stop container services.
2019-10-14 12:30:47,568 [main] INFO  impl.RaftServerProxy (RaftServerProxy.java:lambda$close$4(314)) - 31a1c64f-2dfd-4f55-ad66-1c5dd23d4cab: close
2019-10-14 12:30:47,569 [main] INFO  impl.RaftServerImpl (RaftServerImpl.java:lambda$shutdown$3(247)) - 31a1c64f-2dfd-4f55-ad66-1c5dd23d4cab@group-43A32D8C9052: shutdown
2019-10-14 12:30:47,569 [main] INFO  util.JmxRegister (JmxRegister.java:unregister(73)) - Successfully un-registered JMX Bean with object name Ratis:service=RaftServer,group=group-43A32D8C9052,id=31a1c64f-2dfd-4f55-ad66-1c5dd23d4cab
2019-10-14 12:30:47,570 [main] INFO  impl.RoleInfo (RoleInfo.java:shutdownFollowerState(121)) - 31a1c64f-2dfd-4f55-ad66-1c5dd23d4cab: shutdown FollowerState
2019-10-14 12:30:47,570 [main] INFO  impl.StateMachineUpdater (StateMachineUpdater.java:stopAndJoin(136)) - 31a1c64f-2dfd-4f55-ad66-1c5dd23d4cab@group-43A32D8C9052-StateMachineUpdater: set stopIndex = 2
2019-10-14 12:30:47,570 [Thread-1497] INFO  impl.FollowerState (FollowerState.java:run(117)) - 31a1c64f-2dfd-4f55-ad66-1c5dd23d4cab@group-43A32D8C9052-FollowerState was interrupted: java.lang.InterruptedException: sleep interrupted
2019-10-14 12:30:47,570 [31a1c64f-2dfd-4f55-ad66-1c5dd23d4cab@group-43A32D8C9052-StateMachineUpdater] INFO  ratis.ContainerStateMachine (ContainerStateMachine.java:takeSnapshot(294)) - group-43A32D8C9052: Taking a snapshot at:(t:1, i:1) file /workdir/hadoop-ozone/integration-test/target/test-dir/MiniOzoneClusterImpl-2a855a77-bf5f-41ff-8656-d75411ce3d15/datanode-0/data/ratis/6d54f5db-d255-4324-b783-43a32d8c9052/sm/snapshot.1_1
2019-10-14 12:30:47,587 [31a1c64f-2dfd-4f55-ad66-1c5dd23d4cab@group-43A32D8C9052-StateMachineUpdater] INFO  ratis.ContainerStateMachine (ContainerStateMachine.java:takeSnapshot(305)) - group-43A32D8C9052: Finished taking a snapshot at:(t:1, i:1) file:/workdir/hadoop-ozone/integration-test/target/test-dir/MiniOzoneClusterImpl-2a855a77-bf5f-41ff-8656-d75411ce3d15/datanode-0/data/ratis/6d54f5db-d255-4324-b783-43a32d8c9052/sm/snapshot.1_1 time:16
2019-10-14 12:30:47,587 [31a1c64f-2dfd-4f55-ad66-1c5dd23d4cab@group-43A32D8C9052-StateMachineUpdater] INFO  impl.StateMachineUpdater (StateMachineUpdater.java:takeSnapshot(269)) - 31a1c64f-2dfd-4f55-ad66-1c5dd23d4cab@group-43A32D8C9052-StateMachineUpdater: Took a snapshot at index 1
2019-10-14 12:30:47,587 [31a1c64f-2dfd-4f55-ad66-1c5dd23d4cab@group-43A32D8C9052-StateMachineUpdater] INFO  impl.StateMachineUpdater (StateMachineUpdater.java:lambda$new$0(84)) - 31a1c64f-2dfd-4f55-ad66-1c5dd23d4cab@group-43A32D8C9052-StateMachineUpdater: snapshotIndex: updateIncreasingly -1 -> 1
2019-10-14 12:30:47,587 [31a1c64f-2dfd-4f55-ad66-1c5dd23d4cab@group-43A32D8C9052-StateMachineUpdater] INFO  ratis.ContainerStateMachine (ContainerStateMachine.java:takeSnapshot(294)) - group-43A32D8C9052: Taking a snapshot at:(t:1, i:1) file /workdir/hadoop-ozone/integration-test/target/test-dir/MiniOzoneClusterImpl-2a855a77-bf5f-41ff-8656-d75411ce3d15/datanode-0/data/ratis/6d54f5db-d255-4324-b783-43a32d8c9052/sm/snapshot.1_1
2019-10-14 12:30:47,599 [31a1c64f-2dfd-4f55-ad66-1c5dd23d4cab@group-43A32D8C9052-StateMachineUpdater] INFO  ratis.ContainerStateMachine (ContainerStateMachine.java:takeSnapshot(305)) - group-43A32D8C9052: Finished taking a snapshot at:(t:1, i:1) file:/workdir/hadoop-ozone/integration-test/target/test-dir/MiniOzoneClusterImpl-2a855a77-bf5f-41ff-8656-d75411ce3d15/datanode-0/data/ratis/6d54f5db-d255-4324-b783-43a32d8c9052/sm/snapshot.1_1 time:12
2019-10-14 12:30:47,600 [31a1c64f-2dfd-4f55-ad66-1c5dd23d4cab@group-43A32D8C9052-StateMachineUpdater] INFO  impl.StateMachineUpdater (StateMachineUpdater.java:takeSnapshot(269)) - 31a1c64f-2dfd-4f55-ad66-1c5dd23d4cab@group-43A32D8C9052-StateMachineUpdater: Took a snapshot at index 1
2019-10-14 12:30:47,600 [31a1c64f-2dfd-4f55-ad66-1c5dd23d4cab@group-43A32D8C9052-StateMachineUpdater] INFO  impl.StateMachineUpdater (StateMachineUpdater.java:lambda$new$0(84)) - 31a1c64f-2dfd-4f55-ad66-1c5dd23d4cab@group-43A32D8C9052-StateMachineUpdater: snapshotIndex: updateIncreasingly 1 -> 1
2019-10-14 12:30:47,600 [main] INFO  impl.RaftServerImpl (ServerState.java:close(387)) - 31a1c64f-2dfd-4f55-ad66-1c5dd23d4cab@group-43A32D8C9052: closes. applyIndex: 2
2019-10-14 12:30:47,601 [31a1c64f-2dfd-4f55-ad66-1c5dd23d4cab@group-43A32D8C9052-SegmentedRaftLogWorker] INFO  segmented.SegmentedRaftLogWorker (SegmentedRaftLogWorker.java:run(316)) - 31a1c64f-2dfd-4f55-ad66-1c5dd23d4cab@group-43A32D8C9052-SegmentedRaftLogWorker was interrupted, exiting. There are 0 tasks remaining in the queue.
2019-10-14 12:30:47,603 [main] INFO  segmented.SegmentedRaftLogWorker (SegmentedRaftLogWorker.java:close(224)) - 31a1c64f-2dfd-4f55-ad66-1c5dd23d4cab@group-43A32D8C9052-SegmentedRaftLogWorker close()
2019-10-14 12:30:47,608 [main] INFO  impl.RaftServerImpl (RaftServerImpl.java:lambda$shutdown$3(247)) - 31a1c64f-2dfd-4f55-ad66-1c5dd23d4cab@group-1AF9FD53068D: shutdown
2019-10-14 12:30:47,609 [main] INFO  util.JmxRegister (JmxRegister.java:unregister(73)) - Successfully un-registered JMX Bean with object name Ratis:service=RaftServer,group=group-1AF9FD53068D,id=31a1c64f-2dfd-4f55-ad66-1c5dd23d4cab
2019-10-14 12:30:47,609 [main] INFO  impl.RoleInfo (RoleInfo.java:shutdownLeaderState(104)) - 31a1c64f-2dfd-4f55-ad66-1c5dd23d4cab: shutdown LeaderState
2019-10-14 12:30:47,609 [main] INFO  impl.PendingRequests (PendingRequests.java:sendNotLeaderResponses(202)) - 31a1c64f-2dfd-4f55-ad66-1c5dd23d4cab@group-1AF9FD53068D-PendingRequests: sendNotLeaderResponses
2019-10-14 12:30:47,610 [main] INFO  impl.StateMachineUpdater (StateMachineUpdater.java:stopAndJoin(136)) - 31a1c64f-2dfd-4f55-ad66-1c5dd23d4cab@group-1AF9FD53068D-StateMachineUpdater: set stopIndex = 0
2019-10-14 12:30:47,611 [main] INFO  impl.RaftServerImpl (ServerState.java:close(387)) - 31a1c64f-2dfd-4f55-ad66-1c5dd23d4cab@group-1AF9FD53068D: closes. applyIndex: 0
2019-10-14 12:30:47,611 [31a1c64f-2dfd-4f55-ad66-1c5dd23d4cab@group-1AF9FD53068D-SegmentedRaftLogWorker] INFO  segmented.SegmentedRaftLogWorker (SegmentedRaftLogWorker.java:run(316)) - 31a1c64f-2dfd-4f55-ad66-1c5dd23d4cab@group-1AF9FD53068D-SegmentedRaftLogWorker was interrupted, exiting. There are 0 tasks remaining in the queue.
2019-10-14 12:30:47,614 [main] INFO  segmented.SegmentedRaftLogWorker (SegmentedRaftLogWorker.java:close(224)) - 31a1c64f-2dfd-4f55-ad66-1c5dd23d4cab@group-1AF9FD53068D-SegmentedRaftLogWorker close()
2019-10-14 12:30:47,619 [main] INFO  server.GrpcService (GrpcService.java:closeImpl(164)) - 31a1c64f-2dfd-4f55-ad66-1c5dd23d4cab: shutdown server with port 43565 now
2019-10-14 12:30:47,622 [grpc-default-executor-5] WARN  server.GrpcServerProtocolService (LogUtils.java:warn(134)) - 31a1c64f-2dfd-4f55-ad66-1c5dd23d4cab: installSnapshot onError, lastRequest: 7ffb1a22-d777-4b7d-a742-5334fcca9894->31a1c64f-2dfd-4f55-ad66-1c5dd23d4cab#7-t1, previous=(t:1, i:2), leaderCommit=2, initializing? false, entries: <empty>: org.apache.ratis.thirdparty.io.grpc.StatusRuntimeException: CANCELLED: cancelled before receiving half close
2019-10-14 12:30:47,622 [main] INFO  server.GrpcService (GrpcService.java:closeImpl(172)) - 31a1c64f-2dfd-4f55-ad66-1c5dd23d4cab: shutdown server with port 43565 successfully
2019-10-14 12:30:47,623 [grpc-default-executor-3] WARN  server.GrpcLogAppender (LogUtils.java:warn(134)) - 7ffb1a22-d777-4b7d-a742-5334fcca9894@group-43A32D8C9052->31a1c64f-2dfd-4f55-ad66-1c5dd23d4cab-AppendLogResponseHandler: Failed appendEntries: org.apache.ratis.thirdparty.io.grpc.StatusRuntimeException: CANCELLED: HTTP/2 error code: CANCEL
Received Rst Stream
2019-10-14 12:30:47,623 [grpc-default-executor-3] INFO  impl.FollowerInfo (FollowerInfo.java:lambda$new$0(51)) - 7ffb1a22-d777-4b7d-a742-5334fcca9894@group-43A32D8C9052->31a1c64f-2dfd-4f55-ad66-1c5dd23d4cab: nextIndex: updateUnconditionally 3 -> 2
2019-10-14 12:30:47,624 [refreshUsed-/workdir/hadoop-ozone/integration-test/target/test-dir/MiniOzoneClusterImpl-2a855a77-bf5f-41ff-8656-d75411ce3d15/datanode-0/data/containers] WARN  fs.CachingGetSpaceUsed (CachingGetSpaceUsed.java:run(183)) - Thread Interrupted waiting to refresh disk information: sleep interrupted
2019-10-14 12:30:47,644 [main] INFO  utils.BackgroundService (BackgroundService.java:shutdown(151)) - Shutting down service BlockDeletingService
2019-10-14 12:30:47,652 [main] INFO  statemachine.DatanodeStateMachine (DatanodeStateMachine.java:stopDaemon(395)) - Ozone container server stopped.
2019-10-14 12:30:47,653 [main] INFO  handler.ContextHandler (ContextHandler.java:doStop(910)) - Stopped o.e.j.w.WebAppContext@1150d471{/,null,UNAVAILABLE}{/hddsDatanode}
2019-10-14 12:30:47,655 [main] INFO  server.AbstractConnector (AbstractConnector.java:doStop(318)) - Stopped ServerConnector@709f0202{HTTP/1.1,[http/1.1]}{0.0.0.0:0}
2019-10-14 12:30:47,656 [main] INFO  handler.ContextHandler (ContextHandler.java:doStop(910)) - Stopped o.e.j.s.ServletContextHandler@6393bf8b{/static,jar:file:/home/user/.m2/repository/org/apache/hadoop/hadoop-hdds-container-service/0.5.0-SNAPSHOT/hadoop-hdds-container-service-0.5.0-SNAPSHOT.jar!/webapps/static,UNAVAILABLE}
2019-10-14 12:30:47,656 [main] INFO  handler.ContextHandler (ContextHandler.java:doStop(910)) - Stopped o.e.j.s.ServletContextHandler@40709f9{/logs,file:///workdir/hadoop-ozone/integration-test/target/log,UNAVAILABLE}
2019-10-14 12:30:49,856 [grpc-default-executor-5] WARN  server.GrpcLogAppender (LogUtils.java:warn(134)) - 7ffb1a22-d777-4b7d-a742-5334fcca9894@group-43A32D8C9052->1dab5bbc-306d-414b-bee9-799bfda5c805-AppendLogResponseHandler: Failed appendEntries: org.apache.ratis.thirdparty.io.grpc.StatusRuntimeException: UNAVAILABLE: io exception
2019-10-14 12:30:49,856 [grpc-default-executor-5] INFO  impl.FollowerInfo (FollowerInfo.java:lambda$new$0(51)) - 7ffb1a22-d777-4b7d-a742-5334fcca9894@group-43A32D8C9052->1dab5bbc-306d-414b-bee9-799bfda5c805: nextIndex: updateUnconditionally 0 -> 0
2019-10-14 12:30:49,857 [grpc-default-executor-5] WARN  server.GrpcLogAppender (LogUtils.java:warn(134)) - 7ffb1a22-d777-4b7d-a742-5334fcca9894@group-43A32D8C9052->31a1c64f-2dfd-4f55-ad66-1c5dd23d4cab-AppendLogResponseHandler: Failed appendEntries: org.apache.ratis.thirdparty.io.grpc.StatusRuntimeException: UNAVAILABLE: io exception
2019-10-14 12:30:49,858 [grpc-default-executor-5] INFO  impl.FollowerInfo (FollowerInfo.java:lambda$new$0(51)) - 7ffb1a22-d777-4b7d-a742-5334fcca9894@group-43A32D8C9052->31a1c64f-2dfd-4f55-ad66-1c5dd23d4cab: nextIndex: updateUnconditionally 2 -> 1
2019-10-14 12:30:52,359 [grpc-default-executor-1] WARN  server.GrpcLogAppender (LogUtils.java:warn(134)) - 7ffb1a22-d777-4b7d-a742-5334fcca9894@group-43A32D8C9052->31a1c64f-2dfd-4f55-ad66-1c5dd23d4cab-AppendLogResponseHandler: Failed appendEntries: org.apache.ratis.thirdparty.io.grpc.StatusRuntimeException: UNAVAILABLE: io exception
2019-10-14 12:30:52,359 [grpc-default-executor-8] WARN  server.GrpcLogAppender (LogUtils.java:warn(134)) - 7ffb1a22-d777-4b7d-a742-5334fcca9894@group-43A32D8C9052->1dab5bbc-306d-414b-bee9-799bfda5c805-AppendLogResponseHandler: Failed appendEntries: org.apache.ratis.thirdparty.io.grpc.StatusRuntimeException: UNAVAILABLE: io exception
2019-10-14 12:30:52,360 [grpc-default-executor-1] INFO  impl.FollowerInfo (FollowerInfo.java:lambda$new$0(51)) - 7ffb1a22-d777-4b7d-a742-5334fcca9894@group-43A32D8C9052->31a1c64f-2dfd-4f55-ad66-1c5dd23d4cab: nextIndex: updateUnconditionally 1 -> 0
2019-10-14 12:30:52,360 [grpc-default-executor-8] INFO  impl.FollowerInfo (FollowerInfo.java:lambda$new$0(51)) - 7ffb1a22-d777-4b7d-a742-5334fcca9894@group-43A32D8C9052->1dab5bbc-306d-414b-bee9-799bfda5c805: nextIndex: updateUnconditionally 0 -> 0
2019-10-14 12:30:54,860 [grpc-default-executor-7] WARN  server.GrpcLogAppender (LogUtils.java:warn(134)) - 7ffb1a22-d777-4b7d-a742-5334fcca9894@group-43A32D8C9052->31a1c64f-2dfd-4f55-ad66-1c5dd23d4cab-AppendLogResponseHandler: Failed appendEntries: org.apache.ratis.thirdparty.io.grpc.StatusRuntimeException: UNAVAILABLE: io exception
2019-10-14 12:30:54,860 [grpc-default-executor-1] WARN  server.GrpcLogAppender (LogUtils.java:warn(134)) - 7ffb1a22-d777-4b7d-a742-5334fcca9894@group-43A32D8C9052->1dab5bbc-306d-414b-bee9-799bfda5c805-AppendLogResponseHandler: Failed appendEntries: org.apache.ratis.thirdparty.io.grpc.StatusRuntimeException: UNAVAILABLE: io exception
2019-10-14 12:30:54,861 [grpc-default-executor-7] INFO  impl.FollowerInfo (FollowerInfo.java:lambda$new$0(51)) - 7ffb1a22-d777-4b7d-a742-5334fcca9894@group-43A32D8C9052->31a1c64f-2dfd-4f55-ad66-1c5dd23d4cab: nextIndex: updateUnconditionally 0 -> 0
2019-10-14 12:30:54,861 [grpc-default-executor-1] INFO  impl.FollowerInfo (FollowerInfo.java:lambda$new$0(51)) - 7ffb1a22-d777-4b7d-a742-5334fcca9894@group-43A32D8C9052->1dab5bbc-306d-414b-bee9-799bfda5c805: nextIndex: updateUnconditionally 0 -> 0
2019-10-14 12:30:57,361 [grpc-default-executor-3] WARN  server.GrpcLogAppender (LogUtils.java:warn(134)) - 7ffb1a22-d777-4b7d-a742-5334fcca9894@group-43A32D8C9052->31a1c64f-2dfd-4f55-ad66-1c5dd23d4cab-AppendLogResponseHandler: Failed appendEntries: org.apache.ratis.thirdparty.io.grpc.StatusRuntimeException: UNAVAILABLE: io exception
2019-10-14 12:30:57,361 [grpc-default-executor-8] WARN  server.GrpcLogAppender (LogUtils.java:warn(134)) - 7ffb1a22-d777-4b7d-a742-5334fcca9894@group-43A32D8C9052->1dab5bbc-306d-414b-bee9-799bfda5c805-AppendLogResponseHandler: Failed appendEntries: org.apache.ratis.thirdparty.io.grpc.StatusRuntimeException: UNAVAILABLE: io exception
2019-10-14 12:30:57,362 [grpc-default-executor-3] INFO  impl.FollowerInfo (FollowerInfo.java:lambda$new$0(51)) - 7ffb1a22-d777-4b7d-a742-5334fcca9894@group-43A32D8C9052->31a1c64f-2dfd-4f55-ad66-1c5dd23d4cab: nextIndex: updateUnconditionally 0 -> 0
2019-10-14 12:30:57,363 [grpc-default-executor-8] INFO  impl.FollowerInfo (FollowerInfo.java:lambda$new$0(51)) - 7ffb1a22-d777-4b7d-a742-5334fcca9894@group-43A32D8C9052->1dab5bbc-306d-414b-bee9-799bfda5c805: nextIndex: updateUnconditionally 0 -> 0
2019-10-14 12:30:58,586 [Thread-1584] INFO  client.GrpcClientProtocolService (GrpcClientProtocolService.java:lambda$processClientRequest$0(278)) - Failed RaftClientRequest:client-A32ED9599606->7ffb1a22-d777-4b7d-a742-5334fcca9894@group-43A32D8C9052, cid=67, seq=0, Watch-ALL_COMMITTED(78), Message:<EMPTY>, reply=RaftClientReply:client-A32ED9599606->7ffb1a22-d777-4b7d-a742-5334fcca9894@group-43A32D8C9052, cid=67, FAILED org.apache.ratis.protocol.NotReplicatedException: Request with call Id 67 and log index 78 is not yet replicated to ALL_COMMITTED, logIndex=78, commits[7ffb1a22-d777-4b7d-a742-5334fcca9894:c2, 31a1c64f-2dfd-4f55-ad66-1c5dd23d4cab:c2, 1dab5bbc-306d-414b-bee9-799bfda5c805:c2]
2019-10-14 12:30:59,862 [grpc-default-executor-3] WARN  server.GrpcLogAppender (LogUtils.java:warn(134)) - 7ffb1a22-d777-4b7d-a742-5334fcca9894@group-43A32D8C9052->1dab5bbc-306d-414b-bee9-799bfda5c805-AppendLogResponseHandler: Failed appendEntries: org.apache.ratis.thirdparty.io.grpc.StatusRuntimeException: UNAVAILABLE: io exception
2019-10-14 12:30:59,862 [grpc-default-executor-8] WARN  server.GrpcLogAppender (LogUtils.java:warn(134)) - 7ffb1a22-d777-4b7d-a742-5334fcca9894@group-43A32D8C9052->31a1c64f-2dfd-4f55-ad66-1c5dd23d4cab-AppendLogResponseHandler: Failed appendEntries: org.apache.ratis.thirdparty.io.grpc.StatusRuntimeException: UNAVAILABLE: io exception
2019-10-14 12:30:59,865 [grpc-default-executor-3] INFO  impl.FollowerInfo (FollowerInfo.java:lambda$new$0(51)) - 7ffb1a22-d777-4b7d-a742-5334fcca9894@group-43A32D8C9052->1dab5bbc-306d-414b-bee9-799bfda5c805: nextIndex: updateUnconditionally 0 -> 0
2019-10-14 12:30:59,865 [grpc-default-executor-8] INFO  impl.FollowerInfo (FollowerInfo.java:lambda$new$0(51)) - 7ffb1a22-d777-4b7d-a742-5334fcca9894@group-43A32D8C9052->31a1c64f-2dfd-4f55-ad66-1c5dd23d4cab: nextIndex: updateUnconditionally 0 -> 0
2019-10-14 12:31:02,367 [grpc-default-executor-3] WARN  server.GrpcLogAppender (LogUtils.java:warn(134)) - 7ffb1a22-d777-4b7d-a742-5334fcca9894@group-43A32D8C9052->1dab5bbc-306d-414b-bee9-799bfda5c805-AppendLogResponseHandler: Failed appendEntries: org.apache.ratis.thirdparty.io.grpc.StatusRuntimeException: UNAVAILABLE: io exception
2019-10-14 12:31:02,367 [grpc-default-executor-8] WARN  server.GrpcLogAppender (LogUtils.java:warn(134)) - 7ffb1a22-d777-4b7d-a742-5334fcca9894@group-43A32D8C9052->31a1c64f-2dfd-4f55-ad66-1c5dd23d4cab-AppendLogResponseHandler: Failed appendEntries: org.apache.ratis.thirdparty.io.grpc.StatusRuntimeException: UNAVAILABLE: io exception
2019-10-14 12:31:02,368 [grpc-default-executor-3] INFO  impl.FollowerInfo (FollowerInfo.java:lambda$new$0(51)) - 7ffb1a22-d777-4b7d-a742-5334fcca9894@group-43A32D8C9052->1dab5bbc-306d-414b-bee9-799bfda5c805: nextIndex: updateUnconditionally 0 -> 0
2019-10-14 12:31:02,368 [grpc-default-executor-8] INFO  impl.FollowerInfo (FollowerInfo.java:lambda$new$0(51)) - 7ffb1a22-d777-4b7d-a742-5334fcca9894@group-43A32D8C9052->31a1c64f-2dfd-4f55-ad66-1c5dd23d4cab: nextIndex: updateUnconditionally 0 -> 0
2019-10-14 12:31:04,866 [grpc-default-executor-3] WARN  server.GrpcLogAppender (LogUtils.java:warn(134)) - 7ffb1a22-d777-4b7d-a742-5334fcca9894@group-43A32D8C9052->31a1c64f-2dfd-4f55-ad66-1c5dd23d4cab-AppendLogResponseHandler: Failed appendEntries: org.apache.ratis.thirdparty.io.grpc.StatusRuntimeException: UNAVAILABLE: io exception
2019-10-14 12:31:04,866 [grpc-default-executor-8] WARN  server.GrpcLogAppender (LogUtils.java:warn(134)) - 7ffb1a22-d777-4b7d-a742-5334fcca9894@group-43A32D8C9052->1dab5bbc-306d-414b-bee9-799bfda5c805-AppendLogResponseHandler: Failed appendEntries: org.apache.ratis.thirdparty.io.grpc.StatusRuntimeException: UNAVAILABLE: io exception
2019-10-14 12:31:04,867 [grpc-default-executor-3] INFO  impl.FollowerInfo (FollowerInfo.java:lambda$new$0(51)) - 7ffb1a22-d777-4b7d-a742-5334fcca9894@group-43A32D8C9052->31a1c64f-2dfd-4f55-ad66-1c5dd23d4cab: nextIndex: updateUnconditionally 0 -> 0
2019-10-14 12:31:04,867 [grpc-default-executor-8] INFO  impl.FollowerInfo (FollowerInfo.java:lambda$new$0(51)) - 7ffb1a22-d777-4b7d-a742-5334fcca9894@group-43A32D8C9052->1dab5bbc-306d-414b-bee9-799bfda5c805: nextIndex: updateUnconditionally 0 -> 0
2019-10-14 12:31:07,370 [grpc-default-executor-3] WARN  server.GrpcLogAppender (LogUtils.java:warn(134)) - 7ffb1a22-d777-4b7d-a742-5334fcca9894@group-43A32D8C9052->31a1c64f-2dfd-4f55-ad66-1c5dd23d4cab-AppendLogResponseHandler: Failed appendEntries: org.apache.ratis.thirdparty.io.grpc.StatusRuntimeException: UNAVAILABLE: io exception
2019-10-14 12:31:07,370 [grpc-default-executor-1] WARN  server.GrpcLogAppender (LogUtils.java:warn(134)) - 7ffb1a22-d777-4b7d-a742-5334fcca9894@group-43A32D8C9052->1dab5bbc-306d-414b-bee9-799bfda5c805-AppendLogResponseHandler: Failed appendEntries: org.apache.ratis.thirdparty.io.grpc.StatusRuntimeException: UNAVAILABLE: io exception
2019-10-14 12:31:07,371 [grpc-default-executor-3] INFO  impl.FollowerInfo (FollowerInfo.java:lambda$new$0(51)) - 7ffb1a22-d777-4b7d-a742-5334fcca9894@group-43A32D8C9052->31a1c64f-2dfd-4f55-ad66-1c5dd23d4cab: nextIndex: updateUnconditionally 0 -> 0
2019-10-14 12:31:07,371 [grpc-default-executor-1] INFO  impl.FollowerInfo (FollowerInfo.java:lambda$new$0(51)) - 7ffb1a22-d777-4b7d-a742-5334fcca9894@group-43A32D8C9052->1dab5bbc-306d-414b-bee9-799bfda5c805: nextIndex: updateUnconditionally 0 -> 0
2019-10-14 12:31:07,659 [main] WARN  scm.XceiverClientRatis (XceiverClientRatis.java:watchForCommit(277)) - 3 way commit failed on pipeline Pipeline[ Id: 6d54f5db-d255-4324-b783-43a32d8c9052, Nodes: 1dab5bbc-306d-414b-bee9-799bfda5c805{ip: 192.168.157.204, host: pr-hdds-2196-v6glg-1693409637, networkLocation: /default-rack, certSerialId: null}31a1c64f-2dfd-4f55-ad66-1c5dd23d4cab{ip: 192.168.157.204, host: pr-hdds-2196-v6glg-1693409637, networkLocation: /default-rack, certSerialId: null}7ffb1a22-d777-4b7d-a742-5334fcca9894{ip: 192.168.157.204, host: pr-hdds-2196-v6glg-1693409637, networkLocation: /default-rack, certSerialId: null}, Type:RATIS, Factor:THREE, State:OPEN]
java.util.concurrent.TimeoutException
	at java.util.concurrent.CompletableFuture.timedGet(CompletableFuture.java:1771)
	at java.util.concurrent.CompletableFuture.get(CompletableFuture.java:1915)
	at org.apache.hadoop.hdds.scm.XceiverClientRatis.watchForCommit(XceiverClientRatis.java:274)
	at org.apache.hadoop.ozone.client.rpc.TestWatchForCommit.testWatchForCommitForRetryfailure(TestWatchForCommit.java:345)
	at sun.reflect.NativeMethodAccessorImpl.invoke0(Native Method)
	at sun.reflect.NativeMethodAccessorImpl.invoke(NativeMethodAccessorImpl.java:62)
	at sun.reflect.DelegatingMethodAccessorImpl.invoke(DelegatingMethodAccessorImpl.java:43)
	at java.lang.reflect.Method.invoke(Method.java:498)
	at org.junit.runners.model.FrameworkMethod$1.runReflectiveCall(FrameworkMethod.java:47)
	at org.junit.internal.runners.model.ReflectiveCallable.run(ReflectiveCallable.java:12)
	at org.junit.runners.model.FrameworkMethod.invokeExplosively(FrameworkMethod.java:44)
	at org.junit.internal.runners.statements.InvokeMethod.evaluate(InvokeMethod.java:17)
	at org.junit.runners.ParentRunner.runLeaf(ParentRunner.java:271)
	at org.junit.runners.BlockJUnit4ClassRunner.runChild(BlockJUnit4ClassRunner.java:70)
	at org.junit.runners.BlockJUnit4ClassRunner.runChild(BlockJUnit4ClassRunner.java:50)
	at org.junit.runners.ParentRunner$3.run(ParentRunner.java:238)
	at org.junit.runners.ParentRunner$1.schedule(ParentRunner.java:63)
	at org.junit.runners.ParentRunner.runChildren(ParentRunner.java:236)
	at org.junit.runners.ParentRunner.access$000(ParentRunner.java:53)
	at org.junit.runners.ParentRunner$2.evaluate(ParentRunner.java:229)
	at org.junit.runners.ParentRunner.run(ParentRunner.java:309)
	at org.apache.maven.surefire.junit4.JUnit4Provider.execute(JUnit4Provider.java:365)
	at org.apache.maven.surefire.junit4.JUnit4Provider.executeWithRerun(JUnit4Provider.java:273)
	at org.apache.maven.surefire.junit4.JUnit4Provider.executeTestSet(JUnit4Provider.java:238)
	at org.apache.maven.surefire.junit4.JUnit4Provider.invoke(JUnit4Provider.java:159)
	at org.apache.maven.surefire.booter.ForkedBooter.invokeProviderInSameClassLoader(ForkedBooter.java:384)
	at org.apache.maven.surefire.booter.ForkedBooter.runSuitesInProcess(ForkedBooter.java:345)
	at org.apache.maven.surefire.booter.ForkedBooter.execute(ForkedBooter.java:126)
	at org.apache.maven.surefire.booter.ForkedBooter.main(ForkedBooter.java:418)
2019-10-14 12:31:09,584 [Thread-1600] INFO  client.GrpcClientProtocolService (GrpcClientProtocolService.java:lambda$processClientRequest$0(278)) - Failed RaftClientRequest:client-A32ED9599606->7ffb1a22-d777-4b7d-a742-5334fcca9894@group-43A32D8C9052, cid=67, seq=0, Watch-ALL_COMMITTED(78), Message:<EMPTY>, reply=RaftClientReply:client-A32ED9599606->7ffb1a22-d777-4b7d-a742-5334fcca9894@group-43A32D8C9052, cid=67, FAILED org.apache.ratis.protocol.NotReplicatedException: Request with call Id 67 and log index 78 is not yet replicated to ALL_COMMITTED, logIndex=78, commits[7ffb1a22-d777-4b7d-a742-5334fcca9894:c2, 31a1c64f-2dfd-4f55-ad66-1c5dd23d4cab:c2, 1dab5bbc-306d-414b-bee9-799bfda5c805:c2]
2019-10-14 12:31:09,870 [grpc-default-executor-0] WARN  server.GrpcLogAppender (LogUtils.java:warn(134)) - 7ffb1a22-d777-4b7d-a742-5334fcca9894@group-43A32D8C9052->31a1c64f-2dfd-4f55-ad66-1c5dd23d4cab-AppendLogResponseHandler: Failed appendEntries: org.apache.ratis.thirdparty.io.grpc.StatusRuntimeException: UNAVAILABLE: io exception
2019-10-14 12:31:09,870 [grpc-default-executor-5] WARN  server.GrpcLogAppender (LogUtils.java:warn(134)) - 7ffb1a22-d777-4b7d-a742-5334fcca9894@group-43A32D8C9052->1dab5bbc-306d-414b-bee9-799bfda5c805-AppendLogResponseHandler: Failed appendEntries: org.apache.ratis.thirdparty.io.grpc.StatusRuntimeException: UNAVAILABLE: io exception
2019-10-14 12:31:09,875 [grpc-default-executor-0] INFO  impl.FollowerInfo (FollowerInfo.java:lambda$new$0(51)) - 7ffb1a22-d777-4b7d-a742-5334fcca9894@group-43A32D8C9052->31a1c64f-2dfd-4f55-ad66-1c5dd23d4cab: nextIndex: updateUnconditionally 0 -> 0
2019-10-14 12:31:09,875 [grpc-default-executor-5] INFO  impl.FollowerInfo (FollowerInfo.java:lambda$new$0(51)) - 7ffb1a22-d777-4b7d-a742-5334fcca9894@group-43A32D8C9052->1dab5bbc-306d-414b-bee9-799bfda5c805: nextIndex: updateUnconditionally 0 -> 0
2019-10-14 12:31:12,372 [grpc-default-executor-0] WARN  server.GrpcLogAppender (LogUtils.java:warn(134)) - 7ffb1a22-d777-4b7d-a742-5334fcca9894@group-43A32D8C9052->1dab5bbc-306d-414b-bee9-799bfda5c805-AppendLogResponseHandler: Failed appendEntries: org.apache.ratis.thirdparty.io.grpc.StatusRuntimeException: UNAVAILABLE: io exception
2019-10-14 12:31:12,372 [grpc-default-executor-1] WARN  server.GrpcLogAppender (LogUtils.java:warn(134)) - 7ffb1a22-d777-4b7d-a742-5334fcca9894@group-43A32D8C9052->31a1c64f-2dfd-4f55-ad66-1c5dd23d4cab-AppendLogResponseHandler: Failed appendEntries: org.apache.ratis.thirdparty.io.grpc.StatusRuntimeException: UNAVAILABLE: io exception
2019-10-14 12:31:12,373 [grpc-default-executor-1] INFO  impl.FollowerInfo (FollowerInfo.java:lambda$new$0(51)) - 7ffb1a22-d777-4b7d-a742-5334fcca9894@group-43A32D8C9052->31a1c64f-2dfd-4f55-ad66-1c5dd23d4cab: nextIndex: updateUnconditionally 0 -> 0
2019-10-14 12:31:12,373 [grpc-default-executor-0] INFO  impl.FollowerInfo (FollowerInfo.java:lambda$new$0(51)) - 7ffb1a22-d777-4b7d-a742-5334fcca9894@group-43A32D8C9052->1dab5bbc-306d-414b-bee9-799bfda5c805: nextIndex: updateUnconditionally 0 -> 0
2019-10-14 12:31:14,874 [grpc-default-executor-8] WARN  server.GrpcLogAppender (LogUtils.java:warn(134)) - 7ffb1a22-d777-4b7d-a742-5334fcca9894@group-43A32D8C9052->31a1c64f-2dfd-4f55-ad66-1c5dd23d4cab-AppendLogResponseHandler: Failed appendEntries: org.apache.ratis.thirdparty.io.grpc.StatusRuntimeException: UNAVAILABLE: io exception
2019-10-14 12:31:14,875 [grpc-default-executor-8] INFO  impl.FollowerInfo (FollowerInfo.java:lambda$new$0(51)) - 7ffb1a22-d777-4b7d-a742-5334fcca9894@group-43A32D8C9052->31a1c64f-2dfd-4f55-ad66-1c5dd23d4cab: nextIndex: updateUnconditionally 0 -> 0
2019-10-14 12:31:14,881 [grpc-default-executor-1] WARN  server.GrpcLogAppender (LogUtils.java:warn(134)) - 7ffb1a22-d777-4b7d-a742-5334fcca9894@group-43A32D8C9052->1dab5bbc-306d-414b-bee9-799bfda5c805-AppendLogResponseHandler: Failed appendEntries: org.apache.ratis.thirdparty.io.grpc.StatusRuntimeException: UNAVAILABLE: io exception
2019-10-14 12:31:14,881 [grpc-default-executor-1] INFO  impl.FollowerInfo (FollowerInfo.java:lambda$new$0(51)) - 7ffb1a22-d777-4b7d-a742-5334fcca9894@group-43A32D8C9052->1dab5bbc-306d-414b-bee9-799bfda5c805: nextIndex: updateUnconditionally 0 -> 0
2019-10-14 12:31:17,374 [grpc-default-executor-8] WARN  server.GrpcLogAppender (LogUtils.java:warn(134)) - 7ffb1a22-d777-4b7d-a742-5334fcca9894@group-43A32D8C9052->31a1c64f-2dfd-4f55-ad66-1c5dd23d4cab-AppendLogResponseHandler: Failed appendEntries: org.apache.ratis.thirdparty.io.grpc.StatusRuntimeException: UNAVAILABLE: io exception
2019-10-14 12:31:17,374 [grpc-default-executor-8] INFO  impl.FollowerInfo (FollowerInfo.java:lambda$new$0(51)) - 7ffb1a22-d777-4b7d-a742-5334fcca9894@group-43A32D8C9052->31a1c64f-2dfd-4f55-ad66-1c5dd23d4cab: nextIndex: updateUnconditionally 0 -> 0
2019-10-14 12:31:17,381 [grpc-default-executor-0] WARN  server.GrpcLogAppender (LogUtils.java:warn(134)) - 7ffb1a22-d777-4b7d-a742-5334fcca9894@group-43A32D8C9052->1dab5bbc-306d-414b-bee9-799bfda5c805-AppendLogResponseHandler: Failed appendEntries: org.apache.ratis.thirdparty.io.grpc.StatusRuntimeException: UNAVAILABLE: io exception
2019-10-14 12:31:17,381 [grpc-default-executor-0] INFO  impl.FollowerInfo (FollowerInfo.java:lambda$new$0(51)) - 7ffb1a22-d777-4b7d-a742-5334fcca9894@group-43A32D8C9052->1dab5bbc-306d-414b-bee9-799bfda5c805: nextIndex: updateUnconditionally 0 -> 0
2019-10-14 12:31:19,588 [Thread-1618] INFO  client.GrpcClientProtocolService (GrpcClientProtocolService.java:lambda$processClientRequest$0(278)) - Failed RaftClientRequest:client-A32ED9599606->7ffb1a22-d777-4b7d-a742-5334fcca9894@group-43A32D8C9052, cid=68, seq=0, Watch-MAJORITY_COMMITTED(78), Message:<EMPTY>, reply=RaftClientReply:client-A32ED9599606->7ffb1a22-d777-4b7d-a742-5334fcca9894@group-43A32D8C9052, cid=68, FAILED org.apache.ratis.protocol.NotReplicatedException: Request with call Id 68 and log index 78 is not yet replicated to MAJORITY_COMMITTED, logIndex=78, commits[7ffb1a22-d777-4b7d-a742-5334fcca9894:c2, 31a1c64f-2dfd-4f55-ad66-1c5dd23d4cab:c2, 1dab5bbc-306d-414b-bee9-799bfda5c805:c2]
2019-10-14 12:31:19,588 [Thread-1617] INFO  client.GrpcClientProtocolService (GrpcClientProtocolService.java:lambda$processClientRequest$0(278)) - Failed RaftClientRequest:client-A32ED9599606->7ffb1a22-d777-4b7d-a742-5334fcca9894@group-43A32D8C9052, cid=67, seq=0, Watch-ALL_COMMITTED(78), Message:<EMPTY>, reply=RaftClientReply:client-A32ED9599606->7ffb1a22-d777-4b7d-a742-5334fcca9894@group-43A32D8C9052, cid=67, FAILED org.apache.ratis.protocol.NotReplicatedException: Request with call Id 67 and log index 78 is not yet replicated to ALL_COMMITTED, logIndex=78, commits[7ffb1a22-d777-4b7d-a742-5334fcca9894:c2, 31a1c64f-2dfd-4f55-ad66-1c5dd23d4cab:c2, 1dab5bbc-306d-414b-bee9-799bfda5c805:c2]
2019-10-14 12:31:19,874 [grpc-default-executor-8] WARN  server.GrpcLogAppender (LogUtils.java:warn(134)) - 7ffb1a22-d777-4b7d-a742-5334fcca9894@group-43A32D8C9052->31a1c64f-2dfd-4f55-ad66-1c5dd23d4cab-AppendLogResponseHandler: Failed appendEntries: org.apache.ratis.thirdparty.io.grpc.StatusRuntimeException: UNAVAILABLE: io exception
2019-10-14 12:31:19,877 [grpc-default-executor-8] INFO  impl.FollowerInfo (FollowerInfo.java:lambda$new$0(51)) - 7ffb1a22-d777-4b7d-a742-5334fcca9894@group-43A32D8C9052->31a1c64f-2dfd-4f55-ad66-1c5dd23d4cab: nextIndex: updateUnconditionally 0 -> 0
2019-10-14 12:31:19,882 [grpc-default-executor-8] WARN  server.GrpcLogAppender (LogUtils.java:warn(134)) - 7ffb1a22-d777-4b7d-a742-5334fcca9894@group-43A32D8C9052->1dab5bbc-306d-414b-bee9-799bfda5c805-AppendLogResponseHandler: Failed appendEntries: org.apache.ratis.thirdparty.io.grpc.StatusRuntimeException: UNAVAILABLE: io exception
2019-10-14 12:31:19,882 [grpc-default-executor-8] INFO  impl.FollowerInfo (FollowerInfo.java:lambda$new$0(51)) - 7ffb1a22-d777-4b7d-a742-5334fcca9894@group-43A32D8C9052->1dab5bbc-306d-414b-bee9-799bfda5c805: nextIndex: updateUnconditionally 0 -> 0
2019-10-14 12:31:22,376 [grpc-default-executor-0] WARN  server.GrpcLogAppender (LogUtils.java:warn(134)) - 7ffb1a22-d777-4b7d-a742-5334fcca9894@group-43A32D8C9052->31a1c64f-2dfd-4f55-ad66-1c5dd23d4cab-AppendLogResponseHandler: Failed appendEntries: org.apache.ratis.thirdparty.io.grpc.StatusRuntimeException: UNAVAILABLE: io exception
2019-10-14 12:31:22,380 [grpc-default-executor-0] INFO  impl.FollowerInfo (FollowerInfo.java:lambda$new$0(51)) - 7ffb1a22-d777-4b7d-a742-5334fcca9894@group-43A32D8C9052->31a1c64f-2dfd-4f55-ad66-1c5dd23d4cab: nextIndex: updateUnconditionally 0 -> 0
2019-10-14 12:31:22,382 [grpc-default-executor-1] WARN  server.GrpcLogAppender (LogUtils.java:warn(134)) - 7ffb1a22-d777-4b7d-a742-5334fcca9894@group-43A32D8C9052->1dab5bbc-306d-414b-bee9-799bfda5c805-AppendLogResponseHandler: Failed appendEntries: org.apache.ratis.thirdparty.io.grpc.StatusRuntimeException: UNAVAILABLE: io exception
2019-10-14 12:31:22,382 [grpc-default-executor-1] INFO  impl.FollowerInfo (FollowerInfo.java:lambda$new$0(51)) - 7ffb1a22-d777-4b7d-a742-5334fcca9894@group-43A32D8C9052->1dab5bbc-306d-414b-bee9-799bfda5c805: nextIndex: updateUnconditionally 0 -> 0
2019-10-14 12:31:24,878 [grpc-default-executor-0] WARN  server.GrpcLogAppender (LogUtils.java:warn(134)) - 7ffb1a22-d777-4b7d-a742-5334fcca9894@group-43A32D8C9052->31a1c64f-2dfd-4f55-ad66-1c5dd23d4cab-AppendLogResponseHandler: Failed appendEntries: org.apache.ratis.thirdparty.io.grpc.StatusRuntimeException: UNAVAILABLE: io exception
2019-10-14 12:31:24,878 [grpc-default-executor-0] INFO  impl.FollowerInfo (FollowerInfo.java:lambda$new$0(51)) - 7ffb1a22-d777-4b7d-a742-5334fcca9894@group-43A32D8C9052->31a1c64f-2dfd-4f55-ad66-1c5dd23d4cab: nextIndex: updateUnconditionally 0 -> 0
2019-10-14 12:31:24,883 [grpc-default-executor-1] WARN  server.GrpcLogAppender (LogUtils.java:warn(134)) - 7ffb1a22-d777-4b7d-a742-5334fcca9894@group-43A32D8C9052->1dab5bbc-306d-414b-bee9-799bfda5c805-AppendLogResponseHandler: Failed appendEntries: org.apache.ratis.thirdparty.io.grpc.StatusRuntimeException: UNAVAILABLE: io exception
2019-10-14 12:31:24,883 [grpc-default-executor-1] INFO  impl.FollowerInfo (FollowerInfo.java:lambda$new$0(51)) - 7ffb1a22-d777-4b7d-a742-5334fcca9894@group-43A32D8C9052->1dab5bbc-306d-414b-bee9-799bfda5c805: nextIndex: updateUnconditionally 0 -> 0
2019-10-14 12:31:27,377 [grpc-default-executor-8] WARN  server.GrpcLogAppender (LogUtils.java:warn(134)) - 7ffb1a22-d777-4b7d-a742-5334fcca9894@group-43A32D8C9052->31a1c64f-2dfd-4f55-ad66-1c5dd23d4cab-AppendLogResponseHandler: Failed appendEntries: org.apache.ratis.thirdparty.io.grpc.StatusRuntimeException: UNAVAILABLE: io exception
2019-10-14 12:31:27,377 [grpc-default-executor-8] INFO  impl.FollowerInfo (FollowerInfo.java:lambda$new$0(51)) - 7ffb1a22-d777-4b7d-a742-5334fcca9894@group-43A32D8C9052->31a1c64f-2dfd-4f55-ad66-1c5dd23d4cab: nextIndex: updateUnconditionally 0 -> 0
2019-10-14 12:31:27,383 [grpc-default-executor-1] WARN  server.GrpcLogAppender (LogUtils.java:warn(134)) - 7ffb1a22-d777-4b7d-a742-5334fcca9894@group-43A32D8C9052->1dab5bbc-306d-414b-bee9-799bfda5c805-AppendLogResponseHandler: Failed appendEntries: org.apache.ratis.thirdparty.io.grpc.StatusRuntimeException: UNAVAILABLE: io exception
2019-10-14 12:31:27,383 [grpc-default-executor-1] INFO  impl.FollowerInfo (FollowerInfo.java:lambda$new$0(51)) - 7ffb1a22-d777-4b7d-a742-5334fcca9894@group-43A32D8C9052->1dab5bbc-306d-414b-bee9-799bfda5c805: nextIndex: updateUnconditionally 0 -> 0
]]></system-out>
    <system-err><![CDATA[Oct 14, 2019 12:30:42 PM org.apache.ratis.thirdparty.io.grpc.internal.SerializingExecutor run
SEVERE: Exception while executing runnable org.apache.ratis.thirdparty.io.grpc.internal.ServerImpl$JumpToApplicationThreadServerStreamListener$1Closed@2b9e59c4
org.apache.ratis.thirdparty.io.grpc.StatusRuntimeException: CANCELLED: call already cancelled
	at org.apache.ratis.thirdparty.io.grpc.Status.asRuntimeException(Status.java:517)
	at org.apache.ratis.thirdparty.io.grpc.stub.ServerCalls$ServerCallStreamObserverImpl.onCompleted(ServerCalls.java:356)
	at org.apache.ratis.grpc.server.GrpcServerProtocolService$ServerRequestStreamObserver.onError(GrpcServerProtocolService.java:121)
	at org.apache.ratis.thirdparty.io.grpc.stub.ServerCalls$StreamingServerCallHandler$StreamingServerCallListener.onCancel(ServerCalls.java:269)
	at org.apache.ratis.thirdparty.io.grpc.internal.ServerCallImpl$ServerStreamListenerImpl.closed(ServerCallImpl.java:293)
	at org.apache.ratis.thirdparty.io.grpc.internal.ServerImpl$JumpToApplicationThreadServerStreamListener$1Closed.runInContext(ServerImpl.java:741)
	at org.apache.ratis.thirdparty.io.grpc.internal.ContextRunnable.run(ContextRunnable.java:37)
	at org.apache.ratis.thirdparty.io.grpc.internal.SerializingExecutor.run(SerializingExecutor.java:123)
	at java.util.concurrent.ThreadPoolExecutor.runWorker(ThreadPoolExecutor.java:1149)
	at java.util.concurrent.ThreadPoolExecutor$Worker.run(ThreadPoolExecutor.java:624)
	at java.lang.Thread.run(Thread.java:748)

Oct 14, 2019 12:30:47 PM org.apache.ratis.thirdparty.io.grpc.internal.SerializingExecutor run
SEVERE: Exception while executing runnable org.apache.ratis.thirdparty.io.grpc.internal.ServerImpl$JumpToApplicationThreadServerStreamListener$1Closed@256a7537
org.apache.ratis.thirdparty.io.grpc.StatusRuntimeException: CANCELLED: call already cancelled
	at org.apache.ratis.thirdparty.io.grpc.Status.asRuntimeException(Status.java:517)
	at org.apache.ratis.thirdparty.io.grpc.stub.ServerCalls$ServerCallStreamObserverImpl.onCompleted(ServerCalls.java:356)
	at org.apache.ratis.grpc.server.GrpcServerProtocolService$ServerRequestStreamObserver.onError(GrpcServerProtocolService.java:121)
	at org.apache.ratis.thirdparty.io.grpc.stub.ServerCalls$StreamingServerCallHandler$StreamingServerCallListener.onCancel(ServerCalls.java:269)
	at org.apache.ratis.thirdparty.io.grpc.internal.ServerCallImpl$ServerStreamListenerImpl.closed(ServerCallImpl.java:293)
	at org.apache.ratis.thirdparty.io.grpc.internal.ServerImpl$JumpToApplicationThreadServerStreamListener$1Closed.runInContext(ServerImpl.java:741)
	at org.apache.ratis.thirdparty.io.grpc.internal.ContextRunnable.run(ContextRunnable.java:37)
	at org.apache.ratis.thirdparty.io.grpc.internal.SerializingExecutor.run(SerializingExecutor.java:123)
	at java.util.concurrent.ThreadPoolExecutor.runWorker(ThreadPoolExecutor.java:1149)
	at java.util.concurrent.ThreadPoolExecutor$Worker.run(ThreadPoolExecutor.java:624)
	at java.lang.Thread.run(Thread.java:748)

Oct 14, 2019 12:31:14 PM org.apache.ratis.thirdparty.io.grpc.internal.ManagedChannelOrphanWrapper$ManagedChannelReference cleanQueue
SEVERE: *~*~*~ Channel ManagedChannelImpl{logId=1546, target=192.168.157.204:36037} was not shutdown properly!!! ~*~*~*
    Make sure to call shutdown()/shutdownNow() and wait until awaitTermination() returns true.
java.lang.RuntimeException: ManagedChannel allocation site
	at org.apache.ratis.thirdparty.io.grpc.internal.ManagedChannelOrphanWrapper$ManagedChannelReference.<init>(ManagedChannelOrphanWrapper.java:103)
	at org.apache.ratis.thirdparty.io.grpc.internal.ManagedChannelOrphanWrapper.<init>(ManagedChannelOrphanWrapper.java:53)
	at org.apache.ratis.thirdparty.io.grpc.internal.ManagedChannelOrphanWrapper.<init>(ManagedChannelOrphanWrapper.java:44)
	at org.apache.ratis.thirdparty.io.grpc.internal.AbstractManagedChannelImplBuilder.build(AbstractManagedChannelImplBuilder.java:411)
	at org.apache.ratis.grpc.client.GrpcClientProtocolClient.<init>(GrpcClientProtocolClient.java:128)
	at org.apache.ratis.grpc.client.GrpcClientRpc.lambda$new$0(GrpcClientRpc.java:55)
	at org.apache.ratis.util.PeerProxyMap$PeerAndProxy.lambda$getProxy$0(PeerProxyMap.java:61)
	at org.apache.ratis.util.LifeCycle.startAndTransition(LifeCycle.java:202)
	at org.apache.ratis.util.PeerProxyMap$PeerAndProxy.getProxy(PeerProxyMap.java:60)
	at org.apache.ratis.util.PeerProxyMap.getProxy(PeerProxyMap.java:108)
	at org.apache.ratis.grpc.client.GrpcClientRpc.sendRequestAsyncUnordered(GrpcClientRpc.java:78)
	at org.apache.ratis.client.impl.UnorderedAsync.sendRequestWithRetry(UnorderedAsync.java:75)
	at org.apache.ratis.client.impl.UnorderedAsync.lambda$null$2(UnorderedAsync.java:120)
	at org.apache.ratis.util.TimeoutScheduler.lambda$onTimeout$0(TimeoutScheduler.java:113)
	at org.apache.ratis.util.TimeoutScheduler.lambda$onTimeout$1(TimeoutScheduler.java:133)
	at org.apache.ratis.util.LogUtils.runAndLog(LogUtils.java:50)
	at org.apache.ratis.util.LogUtils$1.run(LogUtils.java:91)
	at java.util.concurrent.Executors$RunnableAdapter.call(Executors.java:511)
	at java.util.concurrent.FutureTask.run(FutureTask.java:266)
	at java.util.concurrent.ScheduledThreadPoolExecutor$ScheduledFutureTask.access$201(ScheduledThreadPoolExecutor.java:180)
	at java.util.concurrent.ScheduledThreadPoolExecutor$ScheduledFutureTask.run(ScheduledThreadPoolExecutor.java:293)
	at java.util.concurrent.ThreadPoolExecutor.runWorker(ThreadPoolExecutor.java:1149)
	at java.util.concurrent.ThreadPoolExecutor$Worker.run(ThreadPoolExecutor.java:624)
	at java.lang.Thread.run(Thread.java:748)

]]></system-err>
  </testcase>
  <testcase name="testWatchForCommitForGroupMismatchException" classname="org.apache.hadoop.ozone.client.rpc.TestWatchForCommit" time="37.558"/>
  <testcase name="test2WayCommitForTimeoutException" classname="org.apache.hadoop.ozone.client.rpc.TestWatchForCommit" time="32.178">
    <error message="org.apache.ratis.protocol.RaftRetryFailureException: Failed RaftClientRequest:client-80E53D24BB00-&gt;f702c1a9-89db-4927-8433-467abec08902@group-CFCBFB1E5557, cid=103, seq=2*, RW, cmdType: CloseContainer&#10;traceID: &quot;eb8276b1e484f7bf:eb8276b1e484f7bf:0:0&quot;&#10;containerID: 1&#10;datanodeUuid: &quot;6f4fbb20-7bc8-405b-b3a3-7ab0d0d38458&quot;&#10;closeContainer {&#10;}&#10;, data.size=0 for 20 attempts with RetryLimited(maxAttempts=20, sleepTime=1000ms)" type="java.util.concurrent.ExecutionException">java.util.concurrent.ExecutionException: 
org.apache.ratis.protocol.RaftRetryFailureException: Failed RaftClientRequest:client-80E53D24BB00->f702c1a9-89db-4927-8433-467abec08902@group-CFCBFB1E5557, cid=103, seq=2*, RW, cmdType: CloseContainer
traceID: "eb8276b1e484f7bf:eb8276b1e484f7bf:0:0"
containerID: 1
datanodeUuid: "6f4fbb20-7bc8-405b-b3a3-7ab0d0d38458"
closeContainer {
}
, data.size=0 for 20 attempts with RetryLimited(maxAttempts=20, sleepTime=1000ms)
	at java.util.concurrent.CompletableFuture.reportGet(CompletableFuture.java:357)
	at java.util.concurrent.CompletableFuture.get(CompletableFuture.java:1895)
	at org.apache.hadoop.ozone.client.rpc.TestWatchForCommit.test2WayCommitForTimeoutException(TestWatchForCommit.java:390)
	at sun.reflect.NativeMethodAccessorImpl.invoke0(Native Method)
	at sun.reflect.NativeMethodAccessorImpl.invoke(NativeMethodAccessorImpl.java:62)
	at sun.reflect.DelegatingMethodAccessorImpl.invoke(DelegatingMethodAccessorImpl.java:43)
	at java.lang.reflect.Method.invoke(Method.java:498)
	at org.junit.runners.model.FrameworkMethod$1.runReflectiveCall(FrameworkMethod.java:47)
	at org.junit.internal.runners.model.ReflectiveCallable.run(ReflectiveCallable.java:12)
	at org.junit.runners.model.FrameworkMethod.invokeExplosively(FrameworkMethod.java:44)
	at org.junit.internal.runners.statements.InvokeMethod.evaluate(InvokeMethod.java:17)
	at org.junit.runners.ParentRunner.runLeaf(ParentRunner.java:271)
	at org.junit.runners.BlockJUnit4ClassRunner.runChild(BlockJUnit4ClassRunner.java:70)
	at org.junit.runners.BlockJUnit4ClassRunner.runChild(BlockJUnit4ClassRunner.java:50)
	at org.junit.runners.ParentRunner$3.run(ParentRunner.java:238)
	at org.junit.runners.ParentRunner$1.schedule(ParentRunner.java:63)
	at org.junit.runners.ParentRunner.runChildren(ParentRunner.java:236)
	at org.junit.runners.ParentRunner.access$000(ParentRunner.java:53)
	at org.junit.runners.ParentRunner$2.evaluate(ParentRunner.java:229)
	at org.junit.runners.ParentRunner.run(ParentRunner.java:309)
	at org.apache.maven.surefire.junit4.JUnit4Provider.execute(JUnit4Provider.java:365)
	at org.apache.maven.surefire.junit4.JUnit4Provider.executeWithRerun(JUnit4Provider.java:273)
	at org.apache.maven.surefire.junit4.JUnit4Provider.executeTestSet(JUnit4Provider.java:238)
	at org.apache.maven.surefire.junit4.JUnit4Provider.invoke(JUnit4Provider.java:159)
	at org.apache.maven.surefire.booter.ForkedBooter.invokeProviderInSameClassLoader(ForkedBooter.java:384)
	at org.apache.maven.surefire.booter.ForkedBooter.runSuitesInProcess(ForkedBooter.java:345)
	at org.apache.maven.surefire.booter.ForkedBooter.execute(ForkedBooter.java:126)
	at org.apache.maven.surefire.booter.ForkedBooter.main(ForkedBooter.java:418)
Caused by: org.apache.ratis.protocol.RaftRetryFailureException: Failed RaftClientRequest:client-80E53D24BB00->f702c1a9-89db-4927-8433-467abec08902@group-CFCBFB1E5557, cid=103, seq=2*, RW, cmdType: CloseContainer
traceID: "eb8276b1e484f7bf:eb8276b1e484f7bf:0:0"
containerID: 1
datanodeUuid: "6f4fbb20-7bc8-405b-b3a3-7ab0d0d38458"
closeContainer {
}
, data.size=0 for 20 attempts with RetryLimited(maxAttempts=20, sleepTime=1000ms)
	at org.apache.ratis.client.impl.RaftClientImpl.noMoreRetries(RaftClientImpl.java:271)
	at org.apache.ratis.client.impl.OrderedAsync.handleAsyncRetryFailure(OrderedAsync.java:138)
	at org.apache.ratis.client.impl.OrderedAsync.lambda$sendRequest$10(OrderedAsync.java:230)
	at java.util.concurrent.CompletableFuture.uniExceptionally(CompletableFuture.java:870)
	at java.util.concurrent.CompletableFuture$UniExceptionally.tryFire(CompletableFuture.java:852)
	at java.util.concurrent.CompletableFuture.postComplete(CompletableFuture.java:474)
	at java.util.concurrent.CompletableFuture.completeExceptionally(CompletableFuture.java:1977)
	at org.apache.ratis.grpc.client.GrpcClientProtocolClient$AsyncStreamObservers.completeReplyExceptionally(GrpcClientProtocolClient.java:345)
	at org.apache.ratis.grpc.client.GrpcClientProtocolClient$AsyncStreamObservers.access$000(GrpcClientProtocolClient.java:261)
	at org.apache.ratis.grpc.client.GrpcClientProtocolClient$AsyncStreamObservers$1.onNext(GrpcClientProtocolClient.java:273)
	at org.apache.ratis.grpc.client.GrpcClientProtocolClient$AsyncStreamObservers$1.onNext(GrpcClientProtocolClient.java:264)
	at org.apache.ratis.thirdparty.io.grpc.stub.ClientCalls$StreamObserverToCallListenerAdapter.onMessage(ClientCalls.java:421)
	at org.apache.ratis.thirdparty.io.grpc.ForwardingClientCallListener.onMessage(ForwardingClientCallListener.java:33)
	at org.apache.ratis.thirdparty.io.grpc.ForwardingClientCallListener.onMessage(ForwardingClientCallListener.java:33)
	at org.apache.ratis.thirdparty.io.grpc.internal.ClientCallImpl$ClientStreamListenerImpl$1MessagesAvailable.runInContext(ClientCallImpl.java:519)
	at org.apache.ratis.thirdparty.io.grpc.internal.ContextRunnable.run(ContextRunnable.java:37)
	at org.apache.ratis.thirdparty.io.grpc.internal.SerializingExecutor.run(SerializingExecutor.java:123)
	at java.util.concurrent.ThreadPoolExecutor.runWorker(ThreadPoolExecutor.java:1149)
	at java.util.concurrent.ThreadPoolExecutor$Worker.run(ThreadPoolExecutor.java:624)
	at java.lang.Thread.run(Thread.java:748)
Caused by: org.apache.ratis.protocol.NotLeaderException: Server f702c1a9-89db-4927-8433-467abec08902@group-CFCBFB1E5557 is not the leader
	at org.apache.ratis.client.impl.ClientProtoUtils.toRaftClientReply(ClientProtoUtils.java:243)
	at org.apache.ratis.grpc.client.GrpcClientProtocolClient$AsyncStreamObservers$1.onNext(GrpcClientProtocolClient.java:269)
	... 10 more
</error>
    <system-out><![CDATA[2019-10-14 12:32:05,251 [main] WARN  server.ServerUtils (ServerUtils.java:getScmDbDir(145)) - ozone.scm.db.dirs is not configured. We recommend adding this setting. Falling back to ozone.metadata.dirs instead.
2019-10-14 12:32:05,266 [main] WARN  server.ServerUtils (ServerUtils.java:getScmDbDir(145)) - ozone.scm.db.dirs is not configured. We recommend adding this setting. Falling back to ozone.metadata.dirs instead.
2019-10-14 12:32:05,266 [main] WARN  server.ServerUtils (ServerUtils.java:getScmDbDir(145)) - ozone.scm.db.dirs is not configured. We recommend adding this setting. Falling back to ozone.metadata.dirs instead.
2019-10-14 12:32:05,267 [main] INFO  db.DBStoreBuilder (DBStoreBuilder.java:addTable(117)) - using custom profile for table: deletedBlocks
2019-10-14 12:32:05,267 [main] INFO  db.DBStoreBuilder (DBStoreBuilder.java:processTables(168)) - Using default column profile:DBProfile.DISK for Table:deletedBlocks
2019-10-14 12:32:05,267 [main] INFO  db.DBStoreBuilder (DBStoreBuilder.java:addTable(117)) - using custom profile for table: validCerts
2019-10-14 12:32:05,267 [main] INFO  db.DBStoreBuilder (DBStoreBuilder.java:processTables(168)) - Using default column profile:DBProfile.DISK for Table:validCerts
2019-10-14 12:32:05,267 [main] INFO  db.DBStoreBuilder (DBStoreBuilder.java:addTable(117)) - using custom profile for table: revokedCerts
2019-10-14 12:32:05,267 [main] INFO  db.DBStoreBuilder (DBStoreBuilder.java:processTables(168)) - Using default column profile:DBProfile.DISK for Table:revokedCerts
2019-10-14 12:32:05,268 [main] INFO  db.DBStoreBuilder (DBStoreBuilder.java:addTable(117)) - using custom profile for table: default
2019-10-14 12:32:05,268 [main] INFO  db.DBStoreBuilder (DBStoreBuilder.java:processTables(174)) - Using default column profile:DBProfile.DISK for Table:default
2019-10-14 12:32:05,268 [main] INFO  db.DBStoreBuilder (DBStoreBuilder.java:getDbProfile(205)) - Using default options. DBProfile.DISK
2019-10-14 12:32:05,468 [main] INFO  net.NodeSchemaLoader (NodeSchemaLoader.java:loadSchemaFromFile(125)) - Loading file from sun.misc.CompoundEnumeration@dbed7fd
2019-10-14 12:32:05,468 [main] INFO  net.NodeSchemaLoader (NodeSchemaLoader.java:loadSchema(171)) - Loading network topology layer schema file
2019-10-14 12:32:05,475 [main] WARN  server.ServerUtils (ServerUtils.java:sanitizeUserArgs(70)) - ozone.scm.stale.node.interval value = 300000 is larger than max = 100000 based on the key value of ozone.scm.heartbeat.thread.interval, reset to the max value 100000.
2019-10-14 12:32:05,476 [main] WARN  server.ServerUtils (ServerUtils.java:sanitizeUserArgs(70)) - ozone.scm.stale.node.interval value = 300000 is larger than max = 100000 based on the key value of ozone.scm.heartbeat.thread.interval, reset to the max value 100000.
2019-10-14 12:32:05,476 [main] INFO  node.SCMNodeManager (SCMNodeManager.java:<init>(117)) - Entering startup safe mode.
2019-10-14 12:32:05,477 [main] INFO  algorithms.ContainerPlacementPolicyFactory (ContainerPlacementPolicyFactory.java:getPolicy(57)) - Create container placement policy of type org.apache.hadoop.hdds.scm.container.placement.algorithms.SCMContainerPlacementRandom
2019-10-14 12:32:05,478 [main] WARN  server.ServerUtils (ServerUtils.java:getScmDbDir(145)) - ozone.scm.db.dirs is not configured. We recommend adding this setting. Falling back to ozone.metadata.dirs instead.
2019-10-14 12:32:05,556 [main] INFO  pipeline.SCMPipelineManager (SCMPipelineManager.java:initializePipelineState(132)) - No pipeline exists in current db
2019-10-14 12:32:05,556 [main] WARN  server.ServerUtils (ServerUtils.java:getScmDbDir(145)) - ozone.scm.db.dirs is not configured. We recommend adding this setting. Falling back to ozone.metadata.dirs instead.
2019-10-14 12:32:05,649 [main] WARN  events.EventQueue (EventQueue.java:fireEvent(183)) - No event handler registered for event TypedEvent{payloadType=SafeModeStatus, name='SafeModeStatus'}
2019-10-14 12:32:05,650 [main] INFO  ipc.CallQueueManager (CallQueueManager.java:<init>(84)) - Using callQueue: class java.util.concurrent.LinkedBlockingQueue, queueCapacity: 2000, scheduler: class org.apache.hadoop.ipc.DefaultRpcScheduler, ipcBackoff: false.
2019-10-14 12:32:05,651 [Socket Reader #1 for port 41045] INFO  ipc.Server (Server.java:run(1074)) - Starting Socket Reader #1 for port 41045
2019-10-14 12:32:05,656 [main] INFO  ipc.CallQueueManager (CallQueueManager.java:<init>(84)) - Using callQueue: class java.util.concurrent.LinkedBlockingQueue, queueCapacity: 2000, scheduler: class org.apache.hadoop.ipc.DefaultRpcScheduler, ipcBackoff: false.
2019-10-14 12:32:05,657 [Socket Reader #1 for port 34650] INFO  ipc.Server (Server.java:run(1074)) - Starting Socket Reader #1 for port 34650
2019-10-14 12:32:05,660 [main] INFO  ipc.CallQueueManager (CallQueueManager.java:<init>(84)) - Using callQueue: class java.util.concurrent.LinkedBlockingQueue, queueCapacity: 2000, scheduler: class org.apache.hadoop.ipc.DefaultRpcScheduler, ipcBackoff: false.
2019-10-14 12:32:05,661 [Socket Reader #1 for port 34793] INFO  ipc.Server (Server.java:run(1074)) - Starting Socket Reader #1 for port 34793
2019-10-14 12:32:05,664 [main] INFO  hdfs.DFSUtil (DFSUtil.java:httpServerTemplateForNNAndJN(1641)) - Starting Web-server for scm at: http://0.0.0.0:0
2019-10-14 12:32:05,666 [main] INFO  server.AuthenticationFilter (AuthenticationFilter.java:constructSecretProvider(240)) - Unable to initialize FileSignerSecretProvider, falling back to use random secrets.
2019-10-14 12:32:05,666 [main] WARN  http.HttpRequestLog (HttpRequestLog.java:getRequestLog(97)) - Jetty request log can only be enabled using Log4j
2019-10-14 12:32:05,668 [main] INFO  http.HttpServer2 (HttpServer2.java:addGlobalFilter(975)) - Added global filter 'safety' (class=org.apache.hadoop.http.HttpServer2$QuotingInputFilter)
2019-10-14 12:32:05,668 [main] INFO  http.HttpServer2 (HttpServer2.java:addFilter(948)) - Added filter static_user_filter (class=org.apache.hadoop.http.lib.StaticUserWebFilter$StaticUserFilter) to context scm
2019-10-14 12:32:05,669 [main] INFO  http.HttpServer2 (HttpServer2.java:addFilter(958)) - Added filter static_user_filter (class=org.apache.hadoop.http.lib.StaticUserWebFilter$StaticUserFilter) to context logs
2019-10-14 12:32:05,669 [main] INFO  http.HttpServer2 (HttpServer2.java:addFilter(958)) - Added filter static_user_filter (class=org.apache.hadoop.http.lib.StaticUserWebFilter$StaticUserFilter) to context static
2019-10-14 12:32:05,671 [main] INFO  server.StorageContainerManager (StorageContainerManager.java:start(777)) - StorageContainerLocationProtocol RPC server is listening at /0.0.0.0:34793
2019-10-14 12:32:05,673 [main] WARN  impl.MetricsConfig (MetricsConfig.java:loadFirst(134)) - Cannot locate configuration: tried hadoop-metrics2-storagecontainermanager.properties,hadoop-metrics2.properties
2019-10-14 12:32:05,674 [main] INFO  impl.MetricsSystemImpl (MetricsSystemImpl.java:startTimer(374)) - Scheduled Metric snapshot period at 10 second(s).
2019-10-14 12:32:05,674 [main] INFO  impl.MetricsSystemImpl (MetricsSystemImpl.java:start(191)) - StorageContainerManager metrics system started
2019-10-14 12:32:06,005 [main] WARN  impl.MetricsSystemImpl (MetricsSystemImpl.java:register(276)) - Sink prometheus already exists!
2019-10-14 12:32:06,270 [main] INFO  server.SCMClientProtocolServer (SCMClientProtocolServer.java:start(159)) - RPC server for Client  is listening at /0.0.0.0:34793
2019-10-14 12:32:06,270 [IPC Server Responder] INFO  ipc.Server (Server.java:run(1314)) - IPC Server Responder: starting
2019-10-14 12:32:06,270 [IPC Server listener on 34793] INFO  ipc.Server (Server.java:run(1153)) - IPC Server listener on 34793: starting
2019-10-14 12:32:06,286 [main] INFO  server.StorageContainerManager (StorageContainerManager.java:start(787)) - ScmBlockLocationProtocol RPC server is listening at /0.0.0.0:34650
2019-10-14 12:32:06,286 [main] INFO  server.SCMBlockProtocolServer (SCMBlockProtocolServer.java:start(146)) - RPC server for Block Protocol is listening at /0.0.0.0:34650
2019-10-14 12:32:06,286 [IPC Server Responder] INFO  ipc.Server (Server.java:run(1314)) - IPC Server Responder: starting
2019-10-14 12:32:06,286 [IPC Server listener on 34650] INFO  ipc.Server (Server.java:run(1153)) - IPC Server listener on 34650: starting
2019-10-14 12:32:06,293 [main] INFO  server.StorageContainerManager (StorageContainerManager.java:start(791)) - ScmDatanodeProtocl RPC server is listening at /0.0.0.0:41045
2019-10-14 12:32:06,293 [main] INFO  server.SCMDatanodeProtocolServer (SCMDatanodeProtocolServer.java:start(169)) - RPC server for DataNodes is listening at /0.0.0.0:41045
2019-10-14 12:32:06,294 [IPC Server Responder] INFO  ipc.Server (Server.java:run(1314)) - IPC Server Responder: starting
2019-10-14 12:32:06,294 [IPC Server listener on 41045] INFO  ipc.Server (Server.java:run(1153)) - IPC Server listener on 41045: starting
2019-10-14 12:32:06,300 [main] INFO  http.HttpServer2 (HttpServer2.java:bindListener(1191)) - Jetty bound to port 43637
2019-10-14 12:32:06,300 [main] INFO  server.Server (Server.java:doStart(351)) - jetty-9.3.25.v20180904, build timestamp: 2018-09-04T21:11:46Z, git hash: 3ce520221d0240229c862b122d2b06c12a625732
2019-10-14 12:32:06,302 [main] INFO  handler.ContextHandler (ContextHandler.java:doStart(781)) - Started o.e.j.s.ServletContextHandler@1c98b4eb{/logs,file:///workdir/hadoop-ozone/integration-test/target/log,AVAILABLE}
2019-10-14 12:32:06,302 [main] INFO  handler.ContextHandler (ContextHandler.java:doStart(781)) - Started o.e.j.s.ServletContextHandler@756b2d90{/static,file:///workdir/hadoop-ozone/integration-test/target/test-classes/webapps/static,AVAILABLE}
2019-10-14 12:32:06,307 [main] INFO  handler.ContextHandler (ContextHandler.java:doStart(781)) - Started o.e.j.w.WebAppContext@2c9d90fc{/,file:///workdir/hadoop-ozone/integration-test/target/test-classes/webapps/scm/,AVAILABLE}{/scm}
2019-10-14 12:32:06,308 [main] INFO  server.AbstractConnector (AbstractConnector.java:doStart(278)) - Started ServerConnector@1511d157{HTTP/1.1,[http/1.1]}{0.0.0.0:43637}
2019-10-14 12:32:06,309 [main] INFO  server.Server (Server.java:doStart(419)) - Started @224505ms
2019-10-14 12:32:06,310 [main] WARN  impl.MetricsSystemImpl (MetricsSystemImpl.java:register(276)) - Sink prometheus already exists!
2019-10-14 12:32:06,310 [main] INFO  server.BaseHttpServer (BaseHttpServer.java:updateConnectorAddress(215)) - HTTP server of SCM is listening at http://0.0.0.0:43637
2019-10-14 12:32:06,311 [main] WARN  server.ServerUtils (ServerUtils.java:getDBPath(222)) - ozone.om.db.dirs is not configured. We recommend adding this setting. Falling back to ozone.metadata.dirs instead.
2019-10-14 12:32:06,313 [org.apache.hadoop.util.JvmPauseMonitor$Monitor@3d3c886f] INFO  util.JvmPauseMonitor (JvmPauseMonitor.java:run(188)) - Starting JVM pause monitor
2019-10-14 12:32:06,327 [main] INFO  ha.OMHANodeDetails (OMHANodeDetails.java:loadOMHAConfig(190)) - Configuration either no ozone.om.address set. Falling back to the default OM address /127.0.0.1:0
2019-10-14 12:32:06,327 [main] INFO  ha.OMHANodeDetails (OMHANodeDetails.java:getOMNodeDetails(220)) - OM Service ID is not set. Setting it to the default ID: omServiceIdDefault
2019-10-14 12:32:06,328 [main] WARN  server.ServerUtils (ServerUtils.java:getDBPath(222)) - ozone.om.db.dirs is not configured. We recommend adding this setting. Falling back to ozone.metadata.dirs instead.
2019-10-14 12:32:06,328 [main] WARN  server.ServerUtils (ServerUtils.java:getDBPath(222)) - ozone.om.db.dirs is not configured. We recommend adding this setting. Falling back to ozone.metadata.dirs instead.
2019-10-14 12:32:06,339 [main] WARN  server.ServerUtils (ServerUtils.java:getDBPath(222)) - ozone.om.db.dirs is not configured. We recommend adding this setting. Falling back to ozone.metadata.dirs instead.
2019-10-14 12:32:06,340 [main] INFO  db.DBStoreBuilder (DBStoreBuilder.java:addTable(117)) - using custom profile for table: userTable
2019-10-14 12:32:06,340 [main] INFO  db.DBStoreBuilder (DBStoreBuilder.java:processTables(168)) - Using default column profile:DBProfile.DISK for Table:userTable
2019-10-14 12:32:06,340 [main] INFO  db.DBStoreBuilder (DBStoreBuilder.java:addTable(117)) - using custom profile for table: volumeTable
2019-10-14 12:32:06,341 [main] INFO  db.DBStoreBuilder (DBStoreBuilder.java:processTables(168)) - Using default column profile:DBProfile.DISK for Table:volumeTable
2019-10-14 12:32:06,341 [main] INFO  db.DBStoreBuilder (DBStoreBuilder.java:addTable(117)) - using custom profile for table: bucketTable
2019-10-14 12:32:06,341 [main] INFO  db.DBStoreBuilder (DBStoreBuilder.java:processTables(168)) - Using default column profile:DBProfile.DISK for Table:bucketTable
2019-10-14 12:32:06,341 [main] INFO  db.DBStoreBuilder (DBStoreBuilder.java:addTable(117)) - using custom profile for table: keyTable
2019-10-14 12:32:06,341 [main] INFO  db.DBStoreBuilder (DBStoreBuilder.java:processTables(168)) - Using default column profile:DBProfile.DISK for Table:keyTable
2019-10-14 12:32:06,342 [main] INFO  db.DBStoreBuilder (DBStoreBuilder.java:addTable(117)) - using custom profile for table: deletedTable
2019-10-14 12:32:06,342 [main] INFO  db.DBStoreBuilder (DBStoreBuilder.java:processTables(168)) - Using default column profile:DBProfile.DISK for Table:deletedTable
2019-10-14 12:32:06,342 [main] INFO  db.DBStoreBuilder (DBStoreBuilder.java:addTable(117)) - using custom profile for table: openKeyTable
2019-10-14 12:32:06,342 [main] INFO  db.DBStoreBuilder (DBStoreBuilder.java:processTables(168)) - Using default column profile:DBProfile.DISK for Table:openKeyTable
2019-10-14 12:32:06,343 [main] INFO  db.DBStoreBuilder (DBStoreBuilder.java:addTable(117)) - using custom profile for table: s3Table
2019-10-14 12:32:06,343 [main] INFO  db.DBStoreBuilder (DBStoreBuilder.java:processTables(168)) - Using default column profile:DBProfile.DISK for Table:s3Table
2019-10-14 12:32:06,343 [main] INFO  db.DBStoreBuilder (DBStoreBuilder.java:addTable(117)) - using custom profile for table: multipartInfoTable
2019-10-14 12:32:06,343 [main] INFO  db.DBStoreBuilder (DBStoreBuilder.java:processTables(168)) - Using default column profile:DBProfile.DISK for Table:multipartInfoTable
2019-10-14 12:32:06,343 [main] INFO  db.DBStoreBuilder (DBStoreBuilder.java:addTable(117)) - using custom profile for table: dTokenTable
2019-10-14 12:32:06,344 [main] INFO  db.DBStoreBuilder (DBStoreBuilder.java:processTables(168)) - Using default column profile:DBProfile.DISK for Table:dTokenTable
2019-10-14 12:32:06,344 [main] INFO  db.DBStoreBuilder (DBStoreBuilder.java:addTable(117)) - using custom profile for table: s3SecretTable
2019-10-14 12:32:06,344 [main] INFO  db.DBStoreBuilder (DBStoreBuilder.java:processTables(168)) - Using default column profile:DBProfile.DISK for Table:s3SecretTable
2019-10-14 12:32:06,344 [main] INFO  db.DBStoreBuilder (DBStoreBuilder.java:addTable(117)) - using custom profile for table: prefixTable
2019-10-14 12:32:06,344 [main] INFO  db.DBStoreBuilder (DBStoreBuilder.java:processTables(168)) - Using default column profile:DBProfile.DISK for Table:prefixTable
2019-10-14 12:32:06,345 [main] INFO  db.DBStoreBuilder (DBStoreBuilder.java:addTable(117)) - using custom profile for table: default
2019-10-14 12:32:06,345 [main] INFO  db.DBStoreBuilder (DBStoreBuilder.java:processTables(174)) - Using default column profile:DBProfile.DISK for Table:default
2019-10-14 12:32:06,345 [main] INFO  db.DBStoreBuilder (DBStoreBuilder.java:getDbProfile(205)) - Using default options. DBProfile.DISK
2019-10-14 12:32:06,997 [main] INFO  ipc.CallQueueManager (CallQueueManager.java:<init>(84)) - Using callQueue: class java.util.concurrent.LinkedBlockingQueue, queueCapacity: 2000, scheduler: class org.apache.hadoop.ipc.DefaultRpcScheduler, ipcBackoff: false.
2019-10-14 12:32:06,998 [Socket Reader #1 for port 39756] INFO  ipc.Server (Server.java:run(1074)) - Starting Socket Reader #1 for port 39756
2019-10-14 12:32:07,013 [main] INFO  om.OzoneManager (OzoneManager.java:start(1071)) - OzoneManager RPC server is listening at localhost/127.0.0.1:39756
2019-10-14 12:32:07,013 [main] INFO  impl.MetricsSystemImpl (MetricsSystemImpl.java:init(158)) - OzoneManager metrics system started (again)
2019-10-14 12:32:07,014 [IPC Server Responder] INFO  ipc.Server (Server.java:run(1314)) - IPC Server Responder: starting
2019-10-14 12:32:07,016 [IPC Server listener on 39756] INFO  ipc.Server (Server.java:run(1153)) - IPC Server listener on 39756: starting
2019-10-14 12:32:07,022 [main] INFO  hdfs.DFSUtil (DFSUtil.java:httpServerTemplateForNNAndJN(1641)) - Starting Web-server for ozoneManager at: http://0.0.0.0:0
2019-10-14 12:32:07,024 [main] INFO  server.AuthenticationFilter (AuthenticationFilter.java:constructSecretProvider(240)) - Unable to initialize FileSignerSecretProvider, falling back to use random secrets.
2019-10-14 12:32:07,024 [main] WARN  http.HttpRequestLog (HttpRequestLog.java:getRequestLog(97)) - Jetty request log can only be enabled using Log4j
2019-10-14 12:32:07,026 [main] INFO  http.HttpServer2 (HttpServer2.java:addGlobalFilter(975)) - Added global filter 'safety' (class=org.apache.hadoop.http.HttpServer2$QuotingInputFilter)
2019-10-14 12:32:07,026 [main] INFO  http.HttpServer2 (HttpServer2.java:addFilter(948)) - Added filter static_user_filter (class=org.apache.hadoop.http.lib.StaticUserWebFilter$StaticUserFilter) to context ozoneManager
2019-10-14 12:32:07,026 [main] INFO  http.HttpServer2 (HttpServer2.java:addFilter(958)) - Added filter static_user_filter (class=org.apache.hadoop.http.lib.StaticUserWebFilter$StaticUserFilter) to context static
2019-10-14 12:32:07,027 [main] INFO  http.HttpServer2 (HttpServer2.java:addFilter(958)) - Added filter static_user_filter (class=org.apache.hadoop.http.lib.StaticUserWebFilter$StaticUserFilter) to context logs
2019-10-14 12:32:07,027 [main] INFO  http.HttpServer2 (HttpServer2.java:bindListener(1191)) - Jetty bound to port 37203
2019-10-14 12:32:07,027 [main] INFO  server.Server (Server.java:doStart(351)) - jetty-9.3.25.v20180904, build timestamp: 2018-09-04T21:11:46Z, git hash: 3ce520221d0240229c862b122d2b06c12a625732
2019-10-14 12:32:07,029 [main] INFO  handler.ContextHandler (ContextHandler.java:doStart(781)) - Started o.e.j.s.ServletContextHandler@6ddd1c51{/logs,file:///workdir/hadoop-ozone/integration-test/target/log,AVAILABLE}
2019-10-14 12:32:07,029 [main] INFO  handler.ContextHandler (ContextHandler.java:doStart(781)) - Started o.e.j.s.ServletContextHandler@15605d83{/static,file:///workdir/hadoop-ozone/integration-test/target/test-classes/webapps/static,AVAILABLE}
2019-10-14 12:32:07,036 [main] INFO  handler.ContextHandler (ContextHandler.java:doStart(781)) - Started o.e.j.w.WebAppContext@6d0e45a5{/,file:///workdir/hadoop-ozone/integration-test/target/test-classes/webapps/ozoneManager/,AVAILABLE}{/ozoneManager}
2019-10-14 12:32:07,036 [main] INFO  server.AbstractConnector (AbstractConnector.java:doStart(278)) - Started ServerConnector@7e7740a5{HTTP/1.1,[http/1.1]}{0.0.0.0:37203}
2019-10-14 12:32:07,038 [main] INFO  server.Server (Server.java:doStart(419)) - Started @225234ms
2019-10-14 12:32:07,039 [main] WARN  impl.MetricsSystemImpl (MetricsSystemImpl.java:register(276)) - Sink prometheus already exists!
2019-10-14 12:32:07,039 [main] INFO  server.BaseHttpServer (BaseHttpServer.java:updateConnectorAddress(215)) - HTTP server of OZONEMANAGER is listening at http://0.0.0.0:37203
2019-10-14 12:32:07,055 [main] INFO  impl.MetricsSystemImpl (MetricsSystemImpl.java:init(158)) - HddsDatanode metrics system started (again)
2019-10-14 12:32:07,073 [main] INFO  ozone.HddsDatanodeService (HddsDatanodeService.java:start(184)) - HddsDatanodeService host:pr-hdds-2196-v6glg-1693409637 ip:192.168.157.204
2019-10-14 12:32:07,082 [main] INFO  volume.HddsVolume (HddsVolume.java:<init>(176)) - Creating Volume: /workdir/hadoop-ozone/integration-test/target/test-dir/MiniOzoneClusterImpl-823ef00c-e4a9-400c-88a5-d60fec049001/datanode-0/data/containers/hdds of  storage type : DISK and capacity : 1482555576320
2019-10-14 12:32:07,082 [main] INFO  volume.VolumeSet (VolumeSet.java:initializeVolumeSet(170)) - Added Volume : /workdir/hadoop-ozone/integration-test/target/test-dir/MiniOzoneClusterImpl-823ef00c-e4a9-400c-88a5-d60fec049001/datanode-0/data/containers/hdds to VolumeSet
2019-10-14 12:32:07,082 [main] INFO  volume.ThrottledAsyncChecker (ThrottledAsyncChecker.java:schedule(141)) - Scheduling a check for org.apache.hadoop.ozone.container.common.volume.HddsVolume@6de7778f
2019-10-14 12:32:07,083 [main] INFO  volume.HddsVolumeChecker (HddsVolumeChecker.java:checkAllVolumes(204)) - Scheduled health check for volume org.apache.hadoop.ozone.container.common.volume.HddsVolume@6de7778f
2019-10-14 12:32:07,097 [main] INFO  impl.RaftServerProxy (ConfUtils.java:logGet(43)) - raft.rpc.type = GRPC (default)
2019-10-14 12:32:07,097 [main] INFO  grpc.GrpcFactory (GrpcFactory.java:checkPooledByteBufAllocatorUseCacheForAllThreads(45)) - PERFORMANCE WARNING: useCacheForAllThreads is true that may cause Netty to create a lot garbage objects and, as a result, trigger GC.
	It is recommended to disable useCacheForAllThreads by setting -Dorg.apache.ratis.thirdparty.io.netty.allocator.useCacheForAllThreads=false in command line.
2019-10-14 12:32:07,097 [main] INFO  grpc.GrpcConfigKeys$Server (ConfUtils.java:logGet(43)) - raft.grpc.server.port = 0 (default)
2019-10-14 12:32:07,097 [main] INFO  server.GrpcService (ConfUtils.java:logGet(43)) - raft.grpc.message.size.max = 33570816 (custom)
2019-10-14 12:32:07,097 [main] INFO  server.RaftServerConfigKeys (ConfUtils.java:logGet(43)) - raft.server.log.appender.buffer.byte-limit = 33554432 (custom)
2019-10-14 12:32:07,098 [main] INFO  server.GrpcService (ConfUtils.java:logGet(43)) - raft.grpc.flow.control.window = 1MB (=1048576) (default)
2019-10-14 12:32:07,098 [main] INFO  server.RaftServerConfigKeys (ConfUtils.java:logGet(43)) - raft.server.rpc.request.timeout = 3000ms (default)
2019-10-14 12:32:07,098 [main] INFO  server.RaftServerConfigKeys (ConfUtils.java:logGet(43)) - raft.server.storage.dir = [/workdir/hadoop-ozone/integration-test/target/test-dir/MiniOzoneClusterImpl-823ef00c-e4a9-400c-88a5-d60fec049001/datanode-0/data/ratis] (custom)
2019-10-14 12:32:07,100 [main] INFO  hdfs.DFSUtil (DFSUtil.java:httpServerTemplateForNNAndJN(1641)) - Starting Web-server for hddsDatanode at: http://0.0.0.0:0
2019-10-14 12:32:07,101 [main] INFO  server.AuthenticationFilter (AuthenticationFilter.java:constructSecretProvider(240)) - Unable to initialize FileSignerSecretProvider, falling back to use random secrets.
2019-10-14 12:32:07,101 [main] WARN  http.HttpRequestLog (HttpRequestLog.java:getRequestLog(97)) - Jetty request log can only be enabled using Log4j
2019-10-14 12:32:07,102 [main] INFO  http.HttpServer2 (HttpServer2.java:addGlobalFilter(975)) - Added global filter 'safety' (class=org.apache.hadoop.http.HttpServer2$QuotingInputFilter)
2019-10-14 12:32:07,103 [main] INFO  http.HttpServer2 (HttpServer2.java:addFilter(948)) - Added filter static_user_filter (class=org.apache.hadoop.http.lib.StaticUserWebFilter$StaticUserFilter) to context hddsDatanode
2019-10-14 12:32:07,103 [main] INFO  http.HttpServer2 (HttpServer2.java:addFilter(958)) - Added filter static_user_filter (class=org.apache.hadoop.http.lib.StaticUserWebFilter$StaticUserFilter) to context static
2019-10-14 12:32:07,103 [main] INFO  http.HttpServer2 (HttpServer2.java:addFilter(958)) - Added filter static_user_filter (class=org.apache.hadoop.http.lib.StaticUserWebFilter$StaticUserFilter) to context logs
2019-10-14 12:32:07,104 [main] INFO  http.HttpServer2 (HttpServer2.java:bindListener(1191)) - Jetty bound to port 36969
2019-10-14 12:32:07,104 [main] INFO  server.Server (Server.java:doStart(351)) - jetty-9.3.25.v20180904, build timestamp: 2018-09-04T21:11:46Z, git hash: 3ce520221d0240229c862b122d2b06c12a625732
2019-10-14 12:32:07,105 [main] INFO  handler.ContextHandler (ContextHandler.java:doStart(781)) - Started o.e.j.s.ServletContextHandler@3dfd6220{/logs,file:///workdir/hadoop-ozone/integration-test/target/log,AVAILABLE}
2019-10-14 12:32:07,106 [main] INFO  handler.ContextHandler (ContextHandler.java:doStart(781)) - Started o.e.j.s.ServletContextHandler@6de43bc1{/static,jar:file:/home/user/.m2/repository/org/apache/hadoop/hadoop-hdds-container-service/0.5.0-SNAPSHOT/hadoop-hdds-container-service-0.5.0-SNAPSHOT.jar!/webapps/static,AVAILABLE}
2019-10-14 12:32:07,136 [main] INFO  handler.ContextHandler (ContextHandler.java:doStart(781)) - Started o.e.j.w.WebAppContext@5a592c70{/,file:///tmp/jetty-0.0.0.0-36969-hddsDatanode-_-any-5205349319395633995.dir/webapp/,AVAILABLE}{/hddsDatanode}
2019-10-14 12:32:07,137 [main] INFO  server.AbstractConnector (AbstractConnector.java:doStart(278)) - Started ServerConnector@252ec02e{HTTP/1.1,[http/1.1]}{0.0.0.0:36969}
2019-10-14 12:32:07,140 [main] INFO  server.Server (Server.java:doStart(419)) - Started @225336ms
2019-10-14 12:32:07,140 [main] WARN  impl.MetricsSystemImpl (MetricsSystemImpl.java:register(276)) - Sink prometheus already exists!
2019-10-14 12:32:07,141 [main] INFO  server.BaseHttpServer (BaseHttpServer.java:updateConnectorAddress(215)) - HTTP server of HDDSDATANODE is listening at http://0.0.0.0:36969
2019-10-14 12:32:07,141 [main] INFO  impl.MetricsSystemImpl (MetricsSystemImpl.java:init(158)) - HddsDatanode metrics system started (again)
2019-10-14 12:32:07,158 [org.apache.hadoop.util.JvmPauseMonitor$Monitor@1f08c4a] INFO  util.JvmPauseMonitor (JvmPauseMonitor.java:run(188)) - Starting JVM pause monitor
2019-10-14 12:32:07,159 [Datanode State Machine Thread - 0] INFO  datanode.InitDatanodeState (InitDatanodeState.java:persistContainerDatanodeDetails(140)) - DatanodeDetails is persisted to /workdir/hadoop-ozone/integration-test/target/test-dir/MiniOzoneClusterImpl-823ef00c-e4a9-400c-88a5-d60fec049001/datanode-0/meta/datanode.id
2019-10-14 12:32:07,160 [main] INFO  ozone.HddsDatanodeService (HddsDatanodeService.java:start(184)) - HddsDatanodeService host:pr-hdds-2196-v6glg-1693409637 ip:192.168.157.204
2019-10-14 12:32:07,167 [main] INFO  volume.HddsVolume (HddsVolume.java:<init>(176)) - Creating Volume: /workdir/hadoop-ozone/integration-test/target/test-dir/MiniOzoneClusterImpl-823ef00c-e4a9-400c-88a5-d60fec049001/datanode-1/data/containers/hdds of  storage type : DISK and capacity : 1482555576320
2019-10-14 12:32:07,168 [main] INFO  volume.VolumeSet (VolumeSet.java:initializeVolumeSet(170)) - Added Volume : /workdir/hadoop-ozone/integration-test/target/test-dir/MiniOzoneClusterImpl-823ef00c-e4a9-400c-88a5-d60fec049001/datanode-1/data/containers/hdds to VolumeSet
2019-10-14 12:32:07,168 [main] INFO  volume.ThrottledAsyncChecker (ThrottledAsyncChecker.java:schedule(141)) - Scheduling a check for org.apache.hadoop.ozone.container.common.volume.HddsVolume@bbb6f0
2019-10-14 12:32:07,168 [main] INFO  volume.HddsVolumeChecker (HddsVolumeChecker.java:checkAllVolumes(204)) - Scheduled health check for volume org.apache.hadoop.ozone.container.common.volume.HddsVolume@bbb6f0
2019-10-14 12:32:07,181 [main] INFO  impl.RaftServerProxy (ConfUtils.java:logGet(43)) - raft.rpc.type = GRPC (default)
2019-10-14 12:32:07,182 [main] INFO  grpc.GrpcFactory (GrpcFactory.java:checkPooledByteBufAllocatorUseCacheForAllThreads(45)) - PERFORMANCE WARNING: useCacheForAllThreads is true that may cause Netty to create a lot garbage objects and, as a result, trigger GC.
	It is recommended to disable useCacheForAllThreads by setting -Dorg.apache.ratis.thirdparty.io.netty.allocator.useCacheForAllThreads=false in command line.
2019-10-14 12:32:07,182 [main] INFO  grpc.GrpcConfigKeys$Server (ConfUtils.java:logGet(43)) - raft.grpc.server.port = 0 (default)
2019-10-14 12:32:07,182 [main] INFO  server.GrpcService (ConfUtils.java:logGet(43)) - raft.grpc.message.size.max = 33570816 (custom)
2019-10-14 12:32:07,182 [main] INFO  server.RaftServerConfigKeys (ConfUtils.java:logGet(43)) - raft.server.log.appender.buffer.byte-limit = 33554432 (custom)
2019-10-14 12:32:07,182 [main] INFO  server.GrpcService (ConfUtils.java:logGet(43)) - raft.grpc.flow.control.window = 1MB (=1048576) (default)
2019-10-14 12:32:07,183 [main] INFO  server.RaftServerConfigKeys (ConfUtils.java:logGet(43)) - raft.server.rpc.request.timeout = 3000ms (default)
2019-10-14 12:32:07,183 [main] INFO  server.RaftServerConfigKeys (ConfUtils.java:logGet(43)) - raft.server.storage.dir = [/workdir/hadoop-ozone/integration-test/target/test-dir/MiniOzoneClusterImpl-823ef00c-e4a9-400c-88a5-d60fec049001/datanode-1/data/ratis] (custom)
2019-10-14 12:32:07,184 [main] INFO  hdfs.DFSUtil (DFSUtil.java:httpServerTemplateForNNAndJN(1641)) - Starting Web-server for hddsDatanode at: http://0.0.0.0:0
2019-10-14 12:32:07,185 [main] INFO  server.AuthenticationFilter (AuthenticationFilter.java:constructSecretProvider(240)) - Unable to initialize FileSignerSecretProvider, falling back to use random secrets.
2019-10-14 12:32:07,186 [main] WARN  http.HttpRequestLog (HttpRequestLog.java:getRequestLog(97)) - Jetty request log can only be enabled using Log4j
2019-10-14 12:32:07,187 [main] INFO  http.HttpServer2 (HttpServer2.java:addGlobalFilter(975)) - Added global filter 'safety' (class=org.apache.hadoop.http.HttpServer2$QuotingInputFilter)
2019-10-14 12:32:07,187 [main] INFO  http.HttpServer2 (HttpServer2.java:addFilter(948)) - Added filter static_user_filter (class=org.apache.hadoop.http.lib.StaticUserWebFilter$StaticUserFilter) to context hddsDatanode
2019-10-14 12:32:07,187 [main] INFO  http.HttpServer2 (HttpServer2.java:addFilter(958)) - Added filter static_user_filter (class=org.apache.hadoop.http.lib.StaticUserWebFilter$StaticUserFilter) to context logs
2019-10-14 12:32:07,188 [main] INFO  http.HttpServer2 (HttpServer2.java:addFilter(958)) - Added filter static_user_filter (class=org.apache.hadoop.http.lib.StaticUserWebFilter$StaticUserFilter) to context static
2019-10-14 12:32:07,188 [main] INFO  http.HttpServer2 (HttpServer2.java:bindListener(1191)) - Jetty bound to port 45481
2019-10-14 12:32:07,188 [main] INFO  server.Server (Server.java:doStart(351)) - jetty-9.3.25.v20180904, build timestamp: 2018-09-04T21:11:46Z, git hash: 3ce520221d0240229c862b122d2b06c12a625732
2019-10-14 12:32:07,190 [main] INFO  handler.ContextHandler (ContextHandler.java:doStart(781)) - Started o.e.j.s.ServletContextHandler@6314df3c{/logs,file:///workdir/hadoop-ozone/integration-test/target/log,AVAILABLE}
2019-10-14 12:32:07,190 [main] INFO  handler.ContextHandler (ContextHandler.java:doStart(781)) - Started o.e.j.s.ServletContextHandler@10b8b900{/static,jar:file:/home/user/.m2/repository/org/apache/hadoop/hadoop-hdds-container-service/0.5.0-SNAPSHOT/hadoop-hdds-container-service-0.5.0-SNAPSHOT.jar!/webapps/static,AVAILABLE}
2019-10-14 12:32:07,218 [main] INFO  handler.ContextHandler (ContextHandler.java:doStart(781)) - Started o.e.j.w.WebAppContext@476fde05{/,file:///tmp/jetty-0.0.0.0-45481-hddsDatanode-_-any-1298161298273565705.dir/webapp/,AVAILABLE}{/hddsDatanode}
2019-10-14 12:32:07,218 [main] INFO  server.AbstractConnector (AbstractConnector.java:doStart(278)) - Started ServerConnector@5111de7c{HTTP/1.1,[http/1.1]}{0.0.0.0:45481}
2019-10-14 12:32:07,221 [main] INFO  server.Server (Server.java:doStart(419)) - Started @225416ms
2019-10-14 12:32:07,221 [main] WARN  impl.MetricsSystemImpl (MetricsSystemImpl.java:register(276)) - Sink prometheus already exists!
2019-10-14 12:32:07,222 [main] INFO  server.BaseHttpServer (BaseHttpServer.java:updateConnectorAddress(215)) - HTTP server of HDDSDATANODE is listening at http://0.0.0.0:45481
2019-10-14 12:32:07,222 [main] INFO  impl.MetricsSystemImpl (MetricsSystemImpl.java:init(158)) - HddsDatanode metrics system started (again)
2019-10-14 12:32:07,239 [org.apache.hadoop.util.JvmPauseMonitor$Monitor@2663234b] INFO  util.JvmPauseMonitor (JvmPauseMonitor.java:run(188)) - Starting JVM pause monitor
2019-10-14 12:32:07,240 [Datanode State Machine Thread - 0] INFO  datanode.InitDatanodeState (InitDatanodeState.java:persistContainerDatanodeDetails(140)) - DatanodeDetails is persisted to /workdir/hadoop-ozone/integration-test/target/test-dir/MiniOzoneClusterImpl-823ef00c-e4a9-400c-88a5-d60fec049001/datanode-1/meta/datanode.id
2019-10-14 12:32:07,240 [main] INFO  ozone.HddsDatanodeService (HddsDatanodeService.java:start(184)) - HddsDatanodeService host:pr-hdds-2196-v6glg-1693409637 ip:192.168.157.204
2019-10-14 12:32:07,247 [main] INFO  volume.HddsVolume (HddsVolume.java:<init>(176)) - Creating Volume: /workdir/hadoop-ozone/integration-test/target/test-dir/MiniOzoneClusterImpl-823ef00c-e4a9-400c-88a5-d60fec049001/datanode-2/data/containers/hdds of  storage type : DISK and capacity : 1482555576320
2019-10-14 12:32:07,248 [main] INFO  volume.VolumeSet (VolumeSet.java:initializeVolumeSet(170)) - Added Volume : /workdir/hadoop-ozone/integration-test/target/test-dir/MiniOzoneClusterImpl-823ef00c-e4a9-400c-88a5-d60fec049001/datanode-2/data/containers/hdds to VolumeSet
2019-10-14 12:32:07,248 [main] INFO  volume.ThrottledAsyncChecker (ThrottledAsyncChecker.java:schedule(141)) - Scheduling a check for org.apache.hadoop.ozone.container.common.volume.HddsVolume@14f060b8
2019-10-14 12:32:07,248 [main] INFO  volume.HddsVolumeChecker (HddsVolumeChecker.java:checkAllVolumes(204)) - Scheduled health check for volume org.apache.hadoop.ozone.container.common.volume.HddsVolume@14f060b8
2019-10-14 12:32:07,261 [main] INFO  impl.RaftServerProxy (ConfUtils.java:logGet(43)) - raft.rpc.type = GRPC (default)
2019-10-14 12:32:07,261 [main] INFO  grpc.GrpcFactory (GrpcFactory.java:checkPooledByteBufAllocatorUseCacheForAllThreads(45)) - PERFORMANCE WARNING: useCacheForAllThreads is true that may cause Netty to create a lot garbage objects and, as a result, trigger GC.
	It is recommended to disable useCacheForAllThreads by setting -Dorg.apache.ratis.thirdparty.io.netty.allocator.useCacheForAllThreads=false in command line.
2019-10-14 12:32:07,261 [main] INFO  grpc.GrpcConfigKeys$Server (ConfUtils.java:logGet(43)) - raft.grpc.server.port = 0 (default)
2019-10-14 12:32:07,262 [main] INFO  server.GrpcService (ConfUtils.java:logGet(43)) - raft.grpc.message.size.max = 33570816 (custom)
2019-10-14 12:32:07,262 [main] INFO  server.RaftServerConfigKeys (ConfUtils.java:logGet(43)) - raft.server.log.appender.buffer.byte-limit = 33554432 (custom)
2019-10-14 12:32:07,262 [main] INFO  server.GrpcService (ConfUtils.java:logGet(43)) - raft.grpc.flow.control.window = 1MB (=1048576) (default)
2019-10-14 12:32:07,262 [main] INFO  server.RaftServerConfigKeys (ConfUtils.java:logGet(43)) - raft.server.rpc.request.timeout = 3000ms (default)
2019-10-14 12:32:07,262 [main] INFO  server.RaftServerConfigKeys (ConfUtils.java:logGet(43)) - raft.server.storage.dir = [/workdir/hadoop-ozone/integration-test/target/test-dir/MiniOzoneClusterImpl-823ef00c-e4a9-400c-88a5-d60fec049001/datanode-2/data/ratis] (custom)
2019-10-14 12:32:07,264 [main] INFO  hdfs.DFSUtil (DFSUtil.java:httpServerTemplateForNNAndJN(1641)) - Starting Web-server for hddsDatanode at: http://0.0.0.0:0
2019-10-14 12:32:07,265 [main] INFO  server.AuthenticationFilter (AuthenticationFilter.java:constructSecretProvider(240)) - Unable to initialize FileSignerSecretProvider, falling back to use random secrets.
2019-10-14 12:32:07,265 [main] WARN  http.HttpRequestLog (HttpRequestLog.java:getRequestLog(97)) - Jetty request log can only be enabled using Log4j
2019-10-14 12:32:07,266 [main] INFO  http.HttpServer2 (HttpServer2.java:addGlobalFilter(975)) - Added global filter 'safety' (class=org.apache.hadoop.http.HttpServer2$QuotingInputFilter)
2019-10-14 12:32:07,267 [main] INFO  http.HttpServer2 (HttpServer2.java:addFilter(948)) - Added filter static_user_filter (class=org.apache.hadoop.http.lib.StaticUserWebFilter$StaticUserFilter) to context hddsDatanode
2019-10-14 12:32:07,267 [main] INFO  http.HttpServer2 (HttpServer2.java:addFilter(958)) - Added filter static_user_filter (class=org.apache.hadoop.http.lib.StaticUserWebFilter$StaticUserFilter) to context logs
2019-10-14 12:32:07,267 [main] INFO  http.HttpServer2 (HttpServer2.java:addFilter(958)) - Added filter static_user_filter (class=org.apache.hadoop.http.lib.StaticUserWebFilter$StaticUserFilter) to context static
2019-10-14 12:32:07,267 [main] INFO  http.HttpServer2 (HttpServer2.java:bindListener(1191)) - Jetty bound to port 36605
2019-10-14 12:32:07,268 [main] INFO  server.Server (Server.java:doStart(351)) - jetty-9.3.25.v20180904, build timestamp: 2018-09-04T21:11:46Z, git hash: 3ce520221d0240229c862b122d2b06c12a625732
2019-10-14 12:32:07,270 [main] INFO  handler.ContextHandler (ContextHandler.java:doStart(781)) - Started o.e.j.s.ServletContextHandler@7e3d2ebd{/logs,file:///workdir/hadoop-ozone/integration-test/target/log,AVAILABLE}
2019-10-14 12:32:07,270 [main] INFO  handler.ContextHandler (ContextHandler.java:doStart(781)) - Started o.e.j.s.ServletContextHandler@3a4a5f3c{/static,jar:file:/home/user/.m2/repository/org/apache/hadoop/hadoop-hdds-container-service/0.5.0-SNAPSHOT/hadoop-hdds-container-service-0.5.0-SNAPSHOT.jar!/webapps/static,AVAILABLE}
2019-10-14 12:32:07,299 [main] INFO  handler.ContextHandler (ContextHandler.java:doStart(781)) - Started o.e.j.w.WebAppContext@353c6da1{/,file:///tmp/jetty-0.0.0.0-36605-hddsDatanode-_-any-6882985467820405470.dir/webapp/,AVAILABLE}{/hddsDatanode}
2019-10-14 12:32:07,299 [main] INFO  server.AbstractConnector (AbstractConnector.java:doStart(278)) - Started ServerConnector@36c07c75{HTTP/1.1,[http/1.1]}{0.0.0.0:36605}
2019-10-14 12:32:07,301 [main] INFO  server.Server (Server.java:doStart(419)) - Started @225497ms
2019-10-14 12:32:07,302 [main] WARN  impl.MetricsSystemImpl (MetricsSystemImpl.java:register(276)) - Sink prometheus already exists!
2019-10-14 12:32:07,302 [main] INFO  server.BaseHttpServer (BaseHttpServer.java:updateConnectorAddress(215)) - HTTP server of HDDSDATANODE is listening at http://0.0.0.0:36605
2019-10-14 12:32:07,303 [main] INFO  impl.MetricsSystemImpl (MetricsSystemImpl.java:init(158)) - HddsDatanode metrics system started (again)
2019-10-14 12:32:07,321 [org.apache.hadoop.util.JvmPauseMonitor$Monitor@352bd9b3] INFO  util.JvmPauseMonitor (JvmPauseMonitor.java:run(188)) - Starting JVM pause monitor
2019-10-14 12:32:07,323 [Datanode State Machine Thread - 0] INFO  datanode.InitDatanodeState (InitDatanodeState.java:persistContainerDatanodeDetails(140)) - DatanodeDetails is persisted to /workdir/hadoop-ozone/integration-test/target/test-dir/MiniOzoneClusterImpl-823ef00c-e4a9-400c-88a5-d60fec049001/datanode-2/meta/datanode.id
2019-10-14 12:32:07,323 [main] INFO  ozone.HddsDatanodeService (HddsDatanodeService.java:start(184)) - HddsDatanodeService host:pr-hdds-2196-v6glg-1693409637 ip:192.168.157.204
2019-10-14 12:32:07,332 [main] INFO  volume.HddsVolume (HddsVolume.java:<init>(176)) - Creating Volume: /workdir/hadoop-ozone/integration-test/target/test-dir/MiniOzoneClusterImpl-823ef00c-e4a9-400c-88a5-d60fec049001/datanode-3/data/containers/hdds of  storage type : DISK and capacity : 1482555576320
2019-10-14 12:32:07,332 [main] INFO  volume.VolumeSet (VolumeSet.java:initializeVolumeSet(170)) - Added Volume : /workdir/hadoop-ozone/integration-test/target/test-dir/MiniOzoneClusterImpl-823ef00c-e4a9-400c-88a5-d60fec049001/datanode-3/data/containers/hdds to VolumeSet
2019-10-14 12:32:07,332 [main] INFO  volume.ThrottledAsyncChecker (ThrottledAsyncChecker.java:schedule(141)) - Scheduling a check for org.apache.hadoop.ozone.container.common.volume.HddsVolume@1785d194
2019-10-14 12:32:07,333 [main] INFO  volume.HddsVolumeChecker (HddsVolumeChecker.java:checkAllVolumes(204)) - Scheduled health check for volume org.apache.hadoop.ozone.container.common.volume.HddsVolume@1785d194
2019-10-14 12:32:07,346 [main] INFO  impl.RaftServerProxy (ConfUtils.java:logGet(43)) - raft.rpc.type = GRPC (default)
2019-10-14 12:32:07,347 [main] INFO  grpc.GrpcFactory (GrpcFactory.java:checkPooledByteBufAllocatorUseCacheForAllThreads(45)) - PERFORMANCE WARNING: useCacheForAllThreads is true that may cause Netty to create a lot garbage objects and, as a result, trigger GC.
	It is recommended to disable useCacheForAllThreads by setting -Dorg.apache.ratis.thirdparty.io.netty.allocator.useCacheForAllThreads=false in command line.
2019-10-14 12:32:07,347 [main] INFO  grpc.GrpcConfigKeys$Server (ConfUtils.java:logGet(43)) - raft.grpc.server.port = 0 (default)
2019-10-14 12:32:07,347 [main] INFO  server.GrpcService (ConfUtils.java:logGet(43)) - raft.grpc.message.size.max = 33570816 (custom)
2019-10-14 12:32:07,347 [main] INFO  server.RaftServerConfigKeys (ConfUtils.java:logGet(43)) - raft.server.log.appender.buffer.byte-limit = 33554432 (custom)
2019-10-14 12:32:07,347 [main] INFO  server.GrpcService (ConfUtils.java:logGet(43)) - raft.grpc.flow.control.window = 1MB (=1048576) (default)
2019-10-14 12:32:07,348 [main] INFO  server.RaftServerConfigKeys (ConfUtils.java:logGet(43)) - raft.server.rpc.request.timeout = 3000ms (default)
2019-10-14 12:32:07,348 [main] INFO  server.RaftServerConfigKeys (ConfUtils.java:logGet(43)) - raft.server.storage.dir = [/workdir/hadoop-ozone/integration-test/target/test-dir/MiniOzoneClusterImpl-823ef00c-e4a9-400c-88a5-d60fec049001/datanode-3/data/ratis] (custom)
2019-10-14 12:32:07,349 [main] INFO  hdfs.DFSUtil (DFSUtil.java:httpServerTemplateForNNAndJN(1641)) - Starting Web-server for hddsDatanode at: http://0.0.0.0:0
2019-10-14 12:32:07,351 [main] INFO  server.AuthenticationFilter (AuthenticationFilter.java:constructSecretProvider(240)) - Unable to initialize FileSignerSecretProvider, falling back to use random secrets.
2019-10-14 12:32:07,351 [main] WARN  http.HttpRequestLog (HttpRequestLog.java:getRequestLog(97)) - Jetty request log can only be enabled using Log4j
2019-10-14 12:32:07,352 [main] INFO  http.HttpServer2 (HttpServer2.java:addGlobalFilter(975)) - Added global filter 'safety' (class=org.apache.hadoop.http.HttpServer2$QuotingInputFilter)
2019-10-14 12:32:07,353 [main] INFO  http.HttpServer2 (HttpServer2.java:addFilter(948)) - Added filter static_user_filter (class=org.apache.hadoop.http.lib.StaticUserWebFilter$StaticUserFilter) to context hddsDatanode
2019-10-14 12:32:07,353 [main] INFO  http.HttpServer2 (HttpServer2.java:addFilter(958)) - Added filter static_user_filter (class=org.apache.hadoop.http.lib.StaticUserWebFilter$StaticUserFilter) to context logs
2019-10-14 12:32:07,353 [main] INFO  http.HttpServer2 (HttpServer2.java:addFilter(958)) - Added filter static_user_filter (class=org.apache.hadoop.http.lib.StaticUserWebFilter$StaticUserFilter) to context static
2019-10-14 12:32:07,353 [main] INFO  http.HttpServer2 (HttpServer2.java:bindListener(1191)) - Jetty bound to port 41491
2019-10-14 12:32:07,354 [main] INFO  server.Server (Server.java:doStart(351)) - jetty-9.3.25.v20180904, build timestamp: 2018-09-04T21:11:46Z, git hash: 3ce520221d0240229c862b122d2b06c12a625732
2019-10-14 12:32:07,355 [main] INFO  handler.ContextHandler (ContextHandler.java:doStart(781)) - Started o.e.j.s.ServletContextHandler@682e422c{/logs,file:///workdir/hadoop-ozone/integration-test/target/log,AVAILABLE}
2019-10-14 12:32:07,356 [main] INFO  handler.ContextHandler (ContextHandler.java:doStart(781)) - Started o.e.j.s.ServletContextHandler@2726a511{/static,jar:file:/home/user/.m2/repository/org/apache/hadoop/hadoop-hdds-container-service/0.5.0-SNAPSHOT/hadoop-hdds-container-service-0.5.0-SNAPSHOT.jar!/webapps/static,AVAILABLE}
2019-10-14 12:32:07,383 [main] INFO  handler.ContextHandler (ContextHandler.java:doStart(781)) - Started o.e.j.w.WebAppContext@34a6d9db{/,file:///tmp/jetty-0.0.0.0-41491-hddsDatanode-_-any-7281267761078647274.dir/webapp/,AVAILABLE}{/hddsDatanode}
2019-10-14 12:32:07,384 [main] INFO  server.AbstractConnector (AbstractConnector.java:doStart(278)) - Started ServerConnector@52ecc989{HTTP/1.1,[http/1.1]}{0.0.0.0:41491}
2019-10-14 12:32:07,387 [main] INFO  server.Server (Server.java:doStart(419)) - Started @225583ms
2019-10-14 12:32:07,387 [main] WARN  impl.MetricsSystemImpl (MetricsSystemImpl.java:register(276)) - Sink prometheus already exists!
2019-10-14 12:32:07,388 [main] INFO  server.BaseHttpServer (BaseHttpServer.java:updateConnectorAddress(215)) - HTTP server of HDDSDATANODE is listening at http://0.0.0.0:41491
2019-10-14 12:32:07,388 [main] INFO  impl.MetricsSystemImpl (MetricsSystemImpl.java:init(158)) - HddsDatanode metrics system started (again)
2019-10-14 12:32:07,408 [org.apache.hadoop.util.JvmPauseMonitor$Monitor@3725eaad] INFO  util.JvmPauseMonitor (JvmPauseMonitor.java:run(188)) - Starting JVM pause monitor
2019-10-14 12:32:07,409 [main] INFO  ozone.HddsDatanodeService (HddsDatanodeService.java:start(184)) - HddsDatanodeService host:pr-hdds-2196-v6glg-1693409637 ip:192.168.157.204
2019-10-14 12:32:07,409 [Datanode State Machine Thread - 0] INFO  datanode.InitDatanodeState (InitDatanodeState.java:persistContainerDatanodeDetails(140)) - DatanodeDetails is persisted to /workdir/hadoop-ozone/integration-test/target/test-dir/MiniOzoneClusterImpl-823ef00c-e4a9-400c-88a5-d60fec049001/datanode-3/meta/datanode.id
2019-10-14 12:32:07,418 [main] INFO  volume.HddsVolume (HddsVolume.java:<init>(176)) - Creating Volume: /workdir/hadoop-ozone/integration-test/target/test-dir/MiniOzoneClusterImpl-823ef00c-e4a9-400c-88a5-d60fec049001/datanode-4/data/containers/hdds of  storage type : DISK and capacity : 1482555576320
2019-10-14 12:32:07,418 [grpc-default-executor-7] WARN  server.GrpcLogAppender (LogUtils.java:warn(134)) - 7ffb1a22-d777-4b7d-a742-5334fcca9894@group-43A32D8C9052->31a1c64f-2dfd-4f55-ad66-1c5dd23d4cab-AppendLogResponseHandler: Failed appendEntries: org.apache.ratis.thirdparty.io.grpc.StatusRuntimeException: UNAVAILABLE: io exception
2019-10-14 12:32:07,418 [grpc-default-executor-3] WARN  server.GrpcLogAppender (LogUtils.java:warn(134)) - 7ffb1a22-d777-4b7d-a742-5334fcca9894@group-43A32D8C9052->1dab5bbc-306d-414b-bee9-799bfda5c805-AppendLogResponseHandler: Failed appendEntries: org.apache.ratis.thirdparty.io.grpc.StatusRuntimeException: UNAVAILABLE: io exception
2019-10-14 12:32:07,418 [main] INFO  volume.VolumeSet (VolumeSet.java:initializeVolumeSet(170)) - Added Volume : /workdir/hadoop-ozone/integration-test/target/test-dir/MiniOzoneClusterImpl-823ef00c-e4a9-400c-88a5-d60fec049001/datanode-4/data/containers/hdds to VolumeSet
2019-10-14 12:32:07,418 [grpc-default-executor-3] INFO  impl.FollowerInfo (FollowerInfo.java:lambda$new$0(51)) - 7ffb1a22-d777-4b7d-a742-5334fcca9894@group-43A32D8C9052->1dab5bbc-306d-414b-bee9-799bfda5c805: nextIndex: updateUnconditionally 0 -> 0
2019-10-14 12:32:07,418 [grpc-default-executor-7] INFO  impl.FollowerInfo (FollowerInfo.java:lambda$new$0(51)) - 7ffb1a22-d777-4b7d-a742-5334fcca9894@group-43A32D8C9052->31a1c64f-2dfd-4f55-ad66-1c5dd23d4cab: nextIndex: updateUnconditionally 0 -> 0
2019-10-14 12:32:07,419 [main] INFO  volume.ThrottledAsyncChecker (ThrottledAsyncChecker.java:schedule(141)) - Scheduling a check for org.apache.hadoop.ozone.container.common.volume.HddsVolume@78d73b1b
2019-10-14 12:32:07,419 [main] INFO  volume.HddsVolumeChecker (HddsVolumeChecker.java:checkAllVolumes(204)) - Scheduled health check for volume org.apache.hadoop.ozone.container.common.volume.HddsVolume@78d73b1b
2019-10-14 12:32:07,434 [main] INFO  impl.RaftServerProxy (ConfUtils.java:logGet(43)) - raft.rpc.type = GRPC (default)
2019-10-14 12:32:07,435 [main] INFO  grpc.GrpcFactory (GrpcFactory.java:checkPooledByteBufAllocatorUseCacheForAllThreads(45)) - PERFORMANCE WARNING: useCacheForAllThreads is true that may cause Netty to create a lot garbage objects and, as a result, trigger GC.
	It is recommended to disable useCacheForAllThreads by setting -Dorg.apache.ratis.thirdparty.io.netty.allocator.useCacheForAllThreads=false in command line.
2019-10-14 12:32:07,435 [main] INFO  grpc.GrpcConfigKeys$Server (ConfUtils.java:logGet(43)) - raft.grpc.server.port = 0 (default)
2019-10-14 12:32:07,435 [main] INFO  server.GrpcService (ConfUtils.java:logGet(43)) - raft.grpc.message.size.max = 33570816 (custom)
2019-10-14 12:32:07,435 [main] INFO  server.RaftServerConfigKeys (ConfUtils.java:logGet(43)) - raft.server.log.appender.buffer.byte-limit = 33554432 (custom)
2019-10-14 12:32:07,435 [main] INFO  server.GrpcService (ConfUtils.java:logGet(43)) - raft.grpc.flow.control.window = 1MB (=1048576) (default)
2019-10-14 12:32:07,436 [main] INFO  server.RaftServerConfigKeys (ConfUtils.java:logGet(43)) - raft.server.rpc.request.timeout = 3000ms (default)
2019-10-14 12:32:07,436 [main] INFO  server.RaftServerConfigKeys (ConfUtils.java:logGet(43)) - raft.server.storage.dir = [/workdir/hadoop-ozone/integration-test/target/test-dir/MiniOzoneClusterImpl-823ef00c-e4a9-400c-88a5-d60fec049001/datanode-4/data/ratis] (custom)
2019-10-14 12:32:07,437 [main] INFO  hdfs.DFSUtil (DFSUtil.java:httpServerTemplateForNNAndJN(1641)) - Starting Web-server for hddsDatanode at: http://0.0.0.0:0
2019-10-14 12:32:07,438 [main] INFO  server.AuthenticationFilter (AuthenticationFilter.java:constructSecretProvider(240)) - Unable to initialize FileSignerSecretProvider, falling back to use random secrets.
2019-10-14 12:32:07,438 [main] WARN  http.HttpRequestLog (HttpRequestLog.java:getRequestLog(97)) - Jetty request log can only be enabled using Log4j
2019-10-14 12:32:07,440 [main] INFO  http.HttpServer2 (HttpServer2.java:addGlobalFilter(975)) - Added global filter 'safety' (class=org.apache.hadoop.http.HttpServer2$QuotingInputFilter)
2019-10-14 12:32:07,440 [main] INFO  http.HttpServer2 (HttpServer2.java:addFilter(948)) - Added filter static_user_filter (class=org.apache.hadoop.http.lib.StaticUserWebFilter$StaticUserFilter) to context hddsDatanode
2019-10-14 12:32:07,440 [main] INFO  http.HttpServer2 (HttpServer2.java:addFilter(958)) - Added filter static_user_filter (class=org.apache.hadoop.http.lib.StaticUserWebFilter$StaticUserFilter) to context static
2019-10-14 12:32:07,440 [main] INFO  http.HttpServer2 (HttpServer2.java:addFilter(958)) - Added filter static_user_filter (class=org.apache.hadoop.http.lib.StaticUserWebFilter$StaticUserFilter) to context logs
2019-10-14 12:32:07,441 [main] INFO  http.HttpServer2 (HttpServer2.java:bindListener(1191)) - Jetty bound to port 35618
2019-10-14 12:32:07,441 [main] INFO  server.Server (Server.java:doStart(351)) - jetty-9.3.25.v20180904, build timestamp: 2018-09-04T21:11:46Z, git hash: 3ce520221d0240229c862b122d2b06c12a625732
2019-10-14 12:32:07,443 [main] INFO  handler.ContextHandler (ContextHandler.java:doStart(781)) - Started o.e.j.s.ServletContextHandler@6c4ce583{/logs,file:///workdir/hadoop-ozone/integration-test/target/log,AVAILABLE}
2019-10-14 12:32:07,443 [main] INFO  handler.ContextHandler (ContextHandler.java:doStart(781)) - Started o.e.j.s.ServletContextHandler@29bbc63c{/static,jar:file:/home/user/.m2/repository/org/apache/hadoop/hadoop-hdds-container-service/0.5.0-SNAPSHOT/hadoop-hdds-container-service-0.5.0-SNAPSHOT.jar!/webapps/static,AVAILABLE}
2019-10-14 12:32:07,471 [main] INFO  handler.ContextHandler (ContextHandler.java:doStart(781)) - Started o.e.j.w.WebAppContext@a91119b{/,file:///tmp/jetty-0.0.0.0-35618-hddsDatanode-_-any-4247710267969945564.dir/webapp/,AVAILABLE}{/hddsDatanode}
2019-10-14 12:32:07,472 [main] INFO  server.AbstractConnector (AbstractConnector.java:doStart(278)) - Started ServerConnector@77083e41{HTTP/1.1,[http/1.1]}{0.0.0.0:35618}
2019-10-14 12:32:07,475 [main] INFO  server.Server (Server.java:doStart(419)) - Started @225671ms
2019-10-14 12:32:07,475 [main] WARN  impl.MetricsSystemImpl (MetricsSystemImpl.java:register(276)) - Sink prometheus already exists!
2019-10-14 12:32:07,476 [main] INFO  server.BaseHttpServer (BaseHttpServer.java:updateConnectorAddress(215)) - HTTP server of HDDSDATANODE is listening at http://0.0.0.0:35618
2019-10-14 12:32:07,476 [main] INFO  impl.MetricsSystemImpl (MetricsSystemImpl.java:init(158)) - HddsDatanode metrics system started (again)
2019-10-14 12:32:07,497 [org.apache.hadoop.util.JvmPauseMonitor$Monitor@318943c9] INFO  util.JvmPauseMonitor (JvmPauseMonitor.java:run(188)) - Starting JVM pause monitor
2019-10-14 12:32:07,498 [Datanode State Machine Thread - 0] INFO  datanode.InitDatanodeState (InitDatanodeState.java:persistContainerDatanodeDetails(140)) - DatanodeDetails is persisted to /workdir/hadoop-ozone/integration-test/target/test-dir/MiniOzoneClusterImpl-823ef00c-e4a9-400c-88a5-d60fec049001/datanode-4/meta/datanode.id
2019-10-14 12:32:07,499 [main] INFO  ozone.HddsDatanodeService (HddsDatanodeService.java:start(184)) - HddsDatanodeService host:pr-hdds-2196-v6glg-1693409637 ip:192.168.157.204
2019-10-14 12:32:07,508 [main] INFO  volume.HddsVolume (HddsVolume.java:<init>(176)) - Creating Volume: /workdir/hadoop-ozone/integration-test/target/test-dir/MiniOzoneClusterImpl-823ef00c-e4a9-400c-88a5-d60fec049001/datanode-5/data/containers/hdds of  storage type : DISK and capacity : 1482555576320
2019-10-14 12:32:07,508 [main] INFO  volume.VolumeSet (VolumeSet.java:initializeVolumeSet(170)) - Added Volume : /workdir/hadoop-ozone/integration-test/target/test-dir/MiniOzoneClusterImpl-823ef00c-e4a9-400c-88a5-d60fec049001/datanode-5/data/containers/hdds to VolumeSet
2019-10-14 12:32:07,508 [main] INFO  volume.ThrottledAsyncChecker (ThrottledAsyncChecker.java:schedule(141)) - Scheduling a check for org.apache.hadoop.ozone.container.common.volume.HddsVolume@2484dbb7
2019-10-14 12:32:07,509 [main] INFO  volume.HddsVolumeChecker (HddsVolumeChecker.java:checkAllVolumes(204)) - Scheduled health check for volume org.apache.hadoop.ozone.container.common.volume.HddsVolume@2484dbb7
2019-10-14 12:32:07,526 [main] INFO  impl.RaftServerProxy (ConfUtils.java:logGet(43)) - raft.rpc.type = GRPC (default)
2019-10-14 12:32:07,527 [main] INFO  grpc.GrpcFactory (GrpcFactory.java:checkPooledByteBufAllocatorUseCacheForAllThreads(45)) - PERFORMANCE WARNING: useCacheForAllThreads is true that may cause Netty to create a lot garbage objects and, as a result, trigger GC.
	It is recommended to disable useCacheForAllThreads by setting -Dorg.apache.ratis.thirdparty.io.netty.allocator.useCacheForAllThreads=false in command line.
2019-10-14 12:32:07,527 [main] INFO  grpc.GrpcConfigKeys$Server (ConfUtils.java:logGet(43)) - raft.grpc.server.port = 0 (default)
2019-10-14 12:32:07,527 [main] INFO  server.GrpcService (ConfUtils.java:logGet(43)) - raft.grpc.message.size.max = 33570816 (custom)
2019-10-14 12:32:07,527 [main] INFO  server.RaftServerConfigKeys (ConfUtils.java:logGet(43)) - raft.server.log.appender.buffer.byte-limit = 33554432 (custom)
2019-10-14 12:32:07,527 [main] INFO  server.GrpcService (ConfUtils.java:logGet(43)) - raft.grpc.flow.control.window = 1MB (=1048576) (default)
2019-10-14 12:32:07,527 [main] INFO  server.RaftServerConfigKeys (ConfUtils.java:logGet(43)) - raft.server.rpc.request.timeout = 3000ms (default)
2019-10-14 12:32:07,528 [main] INFO  server.RaftServerConfigKeys (ConfUtils.java:logGet(43)) - raft.server.storage.dir = [/workdir/hadoop-ozone/integration-test/target/test-dir/MiniOzoneClusterImpl-823ef00c-e4a9-400c-88a5-d60fec049001/datanode-5/data/ratis] (custom)
2019-10-14 12:32:07,529 [main] INFO  hdfs.DFSUtil (DFSUtil.java:httpServerTemplateForNNAndJN(1641)) - Starting Web-server for hddsDatanode at: http://0.0.0.0:0
2019-10-14 12:32:07,530 [main] INFO  server.AuthenticationFilter (AuthenticationFilter.java:constructSecretProvider(240)) - Unable to initialize FileSignerSecretProvider, falling back to use random secrets.
2019-10-14 12:32:07,530 [main] WARN  http.HttpRequestLog (HttpRequestLog.java:getRequestLog(97)) - Jetty request log can only be enabled using Log4j
2019-10-14 12:32:07,532 [main] INFO  http.HttpServer2 (HttpServer2.java:addGlobalFilter(975)) - Added global filter 'safety' (class=org.apache.hadoop.http.HttpServer2$QuotingInputFilter)
2019-10-14 12:32:07,532 [main] INFO  http.HttpServer2 (HttpServer2.java:addFilter(948)) - Added filter static_user_filter (class=org.apache.hadoop.http.lib.StaticUserWebFilter$StaticUserFilter) to context hddsDatanode
2019-10-14 12:32:07,532 [main] INFO  http.HttpServer2 (HttpServer2.java:addFilter(958)) - Added filter static_user_filter (class=org.apache.hadoop.http.lib.StaticUserWebFilter$StaticUserFilter) to context static
2019-10-14 12:32:07,532 [main] INFO  http.HttpServer2 (HttpServer2.java:addFilter(958)) - Added filter static_user_filter (class=org.apache.hadoop.http.lib.StaticUserWebFilter$StaticUserFilter) to context logs
2019-10-14 12:32:07,533 [main] INFO  http.HttpServer2 (HttpServer2.java:bindListener(1191)) - Jetty bound to port 37419
2019-10-14 12:32:07,533 [main] INFO  server.Server (Server.java:doStart(351)) - jetty-9.3.25.v20180904, build timestamp: 2018-09-04T21:11:46Z, git hash: 3ce520221d0240229c862b122d2b06c12a625732
2019-10-14 12:32:07,535 [main] INFO  handler.ContextHandler (ContextHandler.java:doStart(781)) - Started o.e.j.s.ServletContextHandler@57cabdc3{/logs,file:///workdir/hadoop-ozone/integration-test/target/log,AVAILABLE}
2019-10-14 12:32:07,535 [main] INFO  handler.ContextHandler (ContextHandler.java:doStart(781)) - Started o.e.j.s.ServletContextHandler@129c4d19{/static,jar:file:/home/user/.m2/repository/org/apache/hadoop/hadoop-hdds-container-service/0.5.0-SNAPSHOT/hadoop-hdds-container-service-0.5.0-SNAPSHOT.jar!/webapps/static,AVAILABLE}
2019-10-14 12:32:07,563 [main] INFO  handler.ContextHandler (ContextHandler.java:doStart(781)) - Started o.e.j.w.WebAppContext@5e3db14{/,file:///tmp/jetty-0.0.0.0-37419-hddsDatanode-_-any-5566132303353584117.dir/webapp/,AVAILABLE}{/hddsDatanode}
2019-10-14 12:32:07,563 [main] INFO  server.AbstractConnector (AbstractConnector.java:doStart(278)) - Started ServerConnector@5fb54740{HTTP/1.1,[http/1.1]}{0.0.0.0:37419}
2019-10-14 12:32:07,566 [main] INFO  server.Server (Server.java:doStart(419)) - Started @225762ms
2019-10-14 12:32:07,566 [main] WARN  impl.MetricsSystemImpl (MetricsSystemImpl.java:register(276)) - Sink prometheus already exists!
2019-10-14 12:32:07,567 [main] INFO  server.BaseHttpServer (BaseHttpServer.java:updateConnectorAddress(215)) - HTTP server of HDDSDATANODE is listening at http://0.0.0.0:37419
2019-10-14 12:32:07,567 [main] INFO  impl.MetricsSystemImpl (MetricsSystemImpl.java:init(158)) - HddsDatanode metrics system started (again)
2019-10-14 12:32:07,588 [org.apache.hadoop.util.JvmPauseMonitor$Monitor@7a389672] INFO  util.JvmPauseMonitor (JvmPauseMonitor.java:run(188)) - Starting JVM pause monitor
2019-10-14 12:32:07,590 [Datanode State Machine Thread - 0] INFO  datanode.InitDatanodeState (InitDatanodeState.java:persistContainerDatanodeDetails(140)) - DatanodeDetails is persisted to /workdir/hadoop-ozone/integration-test/target/test-dir/MiniOzoneClusterImpl-823ef00c-e4a9-400c-88a5-d60fec049001/datanode-5/meta/datanode.id
2019-10-14 12:32:07,590 [main] INFO  ozone.HddsDatanodeService (HddsDatanodeService.java:start(184)) - HddsDatanodeService host:pr-hdds-2196-v6glg-1693409637 ip:192.168.157.204
2019-10-14 12:32:07,599 [main] INFO  volume.HddsVolume (HddsVolume.java:<init>(176)) - Creating Volume: /workdir/hadoop-ozone/integration-test/target/test-dir/MiniOzoneClusterImpl-823ef00c-e4a9-400c-88a5-d60fec049001/datanode-6/data/containers/hdds of  storage type : DISK and capacity : 1482555576320
2019-10-14 12:32:07,599 [main] INFO  volume.VolumeSet (VolumeSet.java:initializeVolumeSet(170)) - Added Volume : /workdir/hadoop-ozone/integration-test/target/test-dir/MiniOzoneClusterImpl-823ef00c-e4a9-400c-88a5-d60fec049001/datanode-6/data/containers/hdds to VolumeSet
2019-10-14 12:32:07,600 [main] INFO  volume.ThrottledAsyncChecker (ThrottledAsyncChecker.java:schedule(141)) - Scheduling a check for org.apache.hadoop.ozone.container.common.volume.HddsVolume@6aae0e6f
2019-10-14 12:32:07,600 [main] INFO  volume.HddsVolumeChecker (HddsVolumeChecker.java:checkAllVolumes(204)) - Scheduled health check for volume org.apache.hadoop.ozone.container.common.volume.HddsVolume@6aae0e6f
2019-10-14 12:32:07,617 [main] INFO  impl.RaftServerProxy (ConfUtils.java:logGet(43)) - raft.rpc.type = GRPC (default)
2019-10-14 12:32:07,617 [main] INFO  grpc.GrpcFactory (GrpcFactory.java:checkPooledByteBufAllocatorUseCacheForAllThreads(45)) - PERFORMANCE WARNING: useCacheForAllThreads is true that may cause Netty to create a lot garbage objects and, as a result, trigger GC.
	It is recommended to disable useCacheForAllThreads by setting -Dorg.apache.ratis.thirdparty.io.netty.allocator.useCacheForAllThreads=false in command line.
2019-10-14 12:32:07,617 [main] INFO  grpc.GrpcConfigKeys$Server (ConfUtils.java:logGet(43)) - raft.grpc.server.port = 0 (default)
2019-10-14 12:32:07,617 [main] INFO  server.GrpcService (ConfUtils.java:logGet(43)) - raft.grpc.message.size.max = 33570816 (custom)
2019-10-14 12:32:07,618 [main] INFO  server.RaftServerConfigKeys (ConfUtils.java:logGet(43)) - raft.server.log.appender.buffer.byte-limit = 33554432 (custom)
2019-10-14 12:32:07,618 [main] INFO  server.GrpcService (ConfUtils.java:logGet(43)) - raft.grpc.flow.control.window = 1MB (=1048576) (default)
2019-10-14 12:32:07,618 [main] INFO  server.RaftServerConfigKeys (ConfUtils.java:logGet(43)) - raft.server.rpc.request.timeout = 3000ms (default)
2019-10-14 12:32:07,618 [main] INFO  server.RaftServerConfigKeys (ConfUtils.java:logGet(43)) - raft.server.storage.dir = [/workdir/hadoop-ozone/integration-test/target/test-dir/MiniOzoneClusterImpl-823ef00c-e4a9-400c-88a5-d60fec049001/datanode-6/data/ratis] (custom)
2019-10-14 12:32:07,619 [main] INFO  hdfs.DFSUtil (DFSUtil.java:httpServerTemplateForNNAndJN(1641)) - Starting Web-server for hddsDatanode at: http://0.0.0.0:0
2019-10-14 12:32:07,620 [main] INFO  server.AuthenticationFilter (AuthenticationFilter.java:constructSecretProvider(240)) - Unable to initialize FileSignerSecretProvider, falling back to use random secrets.
2019-10-14 12:32:07,621 [main] WARN  http.HttpRequestLog (HttpRequestLog.java:getRequestLog(97)) - Jetty request log can only be enabled using Log4j
2019-10-14 12:32:07,622 [main] INFO  http.HttpServer2 (HttpServer2.java:addGlobalFilter(975)) - Added global filter 'safety' (class=org.apache.hadoop.http.HttpServer2$QuotingInputFilter)
2019-10-14 12:32:07,622 [main] INFO  http.HttpServer2 (HttpServer2.java:addFilter(948)) - Added filter static_user_filter (class=org.apache.hadoop.http.lib.StaticUserWebFilter$StaticUserFilter) to context hddsDatanode
2019-10-14 12:32:07,622 [main] INFO  http.HttpServer2 (HttpServer2.java:addFilter(958)) - Added filter static_user_filter (class=org.apache.hadoop.http.lib.StaticUserWebFilter$StaticUserFilter) to context logs
2019-10-14 12:32:07,622 [main] INFO  http.HttpServer2 (HttpServer2.java:addFilter(958)) - Added filter static_user_filter (class=org.apache.hadoop.http.lib.StaticUserWebFilter$StaticUserFilter) to context static
2019-10-14 12:32:07,623 [main] INFO  http.HttpServer2 (HttpServer2.java:bindListener(1191)) - Jetty bound to port 37365
2019-10-14 12:32:07,623 [main] INFO  server.Server (Server.java:doStart(351)) - jetty-9.3.25.v20180904, build timestamp: 2018-09-04T21:11:46Z, git hash: 3ce520221d0240229c862b122d2b06c12a625732
2019-10-14 12:32:07,624 [main] INFO  handler.ContextHandler (ContextHandler.java:doStart(781)) - Started o.e.j.s.ServletContextHandler@78c74647{/logs,file:///workdir/hadoop-ozone/integration-test/target/log,AVAILABLE}
2019-10-14 12:32:07,625 [main] INFO  handler.ContextHandler (ContextHandler.java:doStart(781)) - Started o.e.j.s.ServletContextHandler@5763a655{/static,jar:file:/home/user/.m2/repository/org/apache/hadoop/hadoop-hdds-container-service/0.5.0-SNAPSHOT/hadoop-hdds-container-service-0.5.0-SNAPSHOT.jar!/webapps/static,AVAILABLE}
2019-10-14 12:32:07,650 [main] INFO  handler.ContextHandler (ContextHandler.java:doStart(781)) - Started o.e.j.w.WebAppContext@21274afe{/,file:///tmp/jetty-0.0.0.0-37365-hddsDatanode-_-any-6557192628595488816.dir/webapp/,AVAILABLE}{/hddsDatanode}
2019-10-14 12:32:07,650 [main] INFO  server.AbstractConnector (AbstractConnector.java:doStart(278)) - Started ServerConnector@76a362a4{HTTP/1.1,[http/1.1]}{0.0.0.0:37365}
2019-10-14 12:32:07,654 [main] INFO  server.Server (Server.java:doStart(419)) - Started @225850ms
2019-10-14 12:32:07,654 [main] WARN  impl.MetricsSystemImpl (MetricsSystemImpl.java:register(276)) - Sink prometheus already exists!
2019-10-14 12:32:07,655 [main] INFO  server.BaseHttpServer (BaseHttpServer.java:updateConnectorAddress(215)) - HTTP server of HDDSDATANODE is listening at http://0.0.0.0:37365
2019-10-14 12:32:07,655 [main] INFO  ozone.MiniOzoneClusterImpl (MiniOzoneClusterImpl.java:lambda$waitForClusterToBeReady$0(147)) - Waiting for cluster to be ready. Got 0 of 7 DN Heartbeats.
2019-10-14 12:32:07,656 [org.apache.hadoop.util.JvmPauseMonitor$Monitor@756950e5] INFO  util.JvmPauseMonitor (JvmPauseMonitor.java:run(188)) - Starting JVM pause monitor
2019-10-14 12:32:07,658 [Datanode State Machine Thread - 0] INFO  datanode.InitDatanodeState (InitDatanodeState.java:persistContainerDatanodeDetails(140)) - DatanodeDetails is persisted to /workdir/hadoop-ozone/integration-test/target/test-dir/MiniOzoneClusterImpl-823ef00c-e4a9-400c-88a5-d60fec049001/datanode-6/meta/datanode.id
2019-10-14 12:32:08,655 [main] INFO  ozone.MiniOzoneClusterImpl (MiniOzoneClusterImpl.java:lambda$waitForClusterToBeReady$0(147)) - Waiting for cluster to be ready. Got 0 of 7 DN Heartbeats.
2019-10-14 12:32:09,227 [Datanode State Machine Thread - 0] INFO  ozoneimpl.OzoneContainer (OzoneContainer.java:start(213)) - Attempting to start container services.
2019-10-14 12:32:09,228 [Datanode State Machine Thread - 0] INFO  ozoneimpl.OzoneContainer (OzoneContainer.java:startContainerScrub(177)) - Background container scanner has been disabled.
2019-10-14 12:32:09,228 [Datanode State Machine Thread - 0] INFO  ratis.XceiverServerRatis (XceiverServerRatis.java:start(418)) - Starting XceiverServerRatis a848952e-b84d-4d94-a6b9-c670ad286528 at port 0
2019-10-14 12:32:09,234 [Datanode State Machine Thread - 0] INFO  impl.RaftServerProxy (RaftServerProxy.java:lambda$start$3(299)) - a848952e-b84d-4d94-a6b9-c670ad286528: start RPC server
2019-10-14 12:32:09,235 [Datanode State Machine Thread - 0] INFO  server.GrpcService (GrpcService.java:startImpl(158)) - a848952e-b84d-4d94-a6b9-c670ad286528: GrpcService started, listening on 0.0.0.0/0.0.0.0:46386
2019-10-14 12:32:09,235 [Datanode State Machine Thread - 0] INFO  ratis.XceiverServerRatis (XceiverServerRatis.java:start(428)) - XceiverServerRatis a848952e-b84d-4d94-a6b9-c670ad286528 is started using port 46386
2019-10-14 12:32:09,246 [Datanode State Machine Thread - 0] INFO  server.XceiverServerGrpc (XceiverServerGrpc.java:start(149)) - XceiverServerGrpc a848952e-b84d-4d94-a6b9-c670ad286528 is started using port 43481
2019-10-14 12:32:09,260 [Datanode State Machine Thread - 0] INFO  ozoneimpl.OzoneContainer (OzoneContainer.java:start(213)) - Attempting to start container services.
2019-10-14 12:32:09,260 [Datanode State Machine Thread - 0] INFO  ozoneimpl.OzoneContainer (OzoneContainer.java:startContainerScrub(177)) - Background container scanner has been disabled.
2019-10-14 12:32:09,260 [Datanode State Machine Thread - 0] INFO  ratis.XceiverServerRatis (XceiverServerRatis.java:start(418)) - Starting XceiverServerRatis 6f4fbb20-7bc8-405b-b3a3-7ab0d0d38458 at port 0
2019-10-14 12:32:09,266 [Datanode State Machine Thread - 0] INFO  impl.RaftServerProxy (RaftServerProxy.java:lambda$start$3(299)) - 6f4fbb20-7bc8-405b-b3a3-7ab0d0d38458: start RPC server
2019-10-14 12:32:09,269 [Datanode State Machine Thread - 0] INFO  server.GrpcService (GrpcService.java:startImpl(158)) - 6f4fbb20-7bc8-405b-b3a3-7ab0d0d38458: GrpcService started, listening on 0.0.0.0/0.0.0.0:39394
2019-10-14 12:32:09,269 [Datanode State Machine Thread - 0] INFO  ratis.XceiverServerRatis (XceiverServerRatis.java:start(428)) - XceiverServerRatis 6f4fbb20-7bc8-405b-b3a3-7ab0d0d38458 is started using port 39394
2019-10-14 12:32:09,270 [Datanode State Machine Thread - 0] INFO  server.XceiverServerGrpc (XceiverServerGrpc.java:start(149)) - XceiverServerGrpc 6f4fbb20-7bc8-405b-b3a3-7ab0d0d38458 is started using port 45502
2019-10-14 12:32:09,326 [Datanode State Machine Thread - 0] INFO  ozoneimpl.OzoneContainer (OzoneContainer.java:start(213)) - Attempting to start container services.
2019-10-14 12:32:09,326 [Datanode State Machine Thread - 0] INFO  ozoneimpl.OzoneContainer (OzoneContainer.java:startContainerScrub(177)) - Background container scanner has been disabled.
2019-10-14 12:32:09,326 [Datanode State Machine Thread - 0] INFO  ratis.XceiverServerRatis (XceiverServerRatis.java:start(418)) - Starting XceiverServerRatis f702c1a9-89db-4927-8433-467abec08902 at port 0
2019-10-14 12:32:09,333 [Datanode State Machine Thread - 0] INFO  impl.RaftServerProxy (RaftServerProxy.java:lambda$start$3(299)) - f702c1a9-89db-4927-8433-467abec08902: start RPC server
2019-10-14 12:32:09,333 [Datanode State Machine Thread - 0] INFO  server.GrpcService (GrpcService.java:startImpl(158)) - f702c1a9-89db-4927-8433-467abec08902: GrpcService started, listening on 0.0.0.0/0.0.0.0:34934
2019-10-14 12:32:09,333 [Datanode State Machine Thread - 0] INFO  ratis.XceiverServerRatis (XceiverServerRatis.java:start(428)) - XceiverServerRatis f702c1a9-89db-4927-8433-467abec08902 is started using port 34934
2019-10-14 12:32:09,334 [Datanode State Machine Thread - 0] INFO  server.XceiverServerGrpc (XceiverServerGrpc.java:start(149)) - XceiverServerGrpc f702c1a9-89db-4927-8433-467abec08902 is started using port 35437
2019-10-14 12:32:09,412 [Datanode State Machine Thread - 0] INFO  ozoneimpl.OzoneContainer (OzoneContainer.java:start(213)) - Attempting to start container services.
2019-10-14 12:32:09,413 [Datanode State Machine Thread - 0] INFO  ozoneimpl.OzoneContainer (OzoneContainer.java:startContainerScrub(177)) - Background container scanner has been disabled.
2019-10-14 12:32:09,413 [Datanode State Machine Thread - 0] INFO  ratis.XceiverServerRatis (XceiverServerRatis.java:start(418)) - Starting XceiverServerRatis 5620a721-7c11-4b7d-b5fe-2f085bd8b119 at port 0
2019-10-14 12:32:09,419 [Datanode State Machine Thread - 0] INFO  impl.RaftServerProxy (RaftServerProxy.java:lambda$start$3(299)) - 5620a721-7c11-4b7d-b5fe-2f085bd8b119: start RPC server
2019-10-14 12:32:09,420 [Datanode State Machine Thread - 0] INFO  server.GrpcService (GrpcService.java:startImpl(158)) - 5620a721-7c11-4b7d-b5fe-2f085bd8b119: GrpcService started, listening on 0.0.0.0/0.0.0.0:35186
2019-10-14 12:32:09,420 [Datanode State Machine Thread - 0] INFO  ratis.XceiverServerRatis (XceiverServerRatis.java:start(428)) - XceiverServerRatis 5620a721-7c11-4b7d-b5fe-2f085bd8b119 is started using port 35186
2019-10-14 12:32:09,421 [Datanode State Machine Thread - 0] INFO  server.XceiverServerGrpc (XceiverServerGrpc.java:start(149)) - XceiverServerGrpc 5620a721-7c11-4b7d-b5fe-2f085bd8b119 is started using port 34776
2019-10-14 12:32:09,511 [Datanode State Machine Thread - 0] INFO  ozoneimpl.OzoneContainer (OzoneContainer.java:start(213)) - Attempting to start container services.
2019-10-14 12:32:09,512 [Datanode State Machine Thread - 0] INFO  ozoneimpl.OzoneContainer (OzoneContainer.java:startContainerScrub(177)) - Background container scanner has been disabled.
2019-10-14 12:32:09,512 [Datanode State Machine Thread - 0] INFO  ratis.XceiverServerRatis (XceiverServerRatis.java:start(418)) - Starting XceiverServerRatis 8250a189-56a9-477f-9cb2-36f2ee56afeb at port 0
2019-10-14 12:32:09,516 [Datanode State Machine Thread - 0] INFO  impl.RaftServerProxy (RaftServerProxy.java:lambda$start$3(299)) - 8250a189-56a9-477f-9cb2-36f2ee56afeb: start RPC server
2019-10-14 12:32:09,521 [Datanode State Machine Thread - 0] INFO  server.GrpcService (GrpcService.java:startImpl(158)) - 8250a189-56a9-477f-9cb2-36f2ee56afeb: GrpcService started, listening on 0.0.0.0/0.0.0.0:39417
2019-10-14 12:32:09,522 [Datanode State Machine Thread - 0] INFO  ratis.XceiverServerRatis (XceiverServerRatis.java:start(428)) - XceiverServerRatis 8250a189-56a9-477f-9cb2-36f2ee56afeb is started using port 39417
2019-10-14 12:32:09,522 [Datanode State Machine Thread - 0] INFO  server.XceiverServerGrpc (XceiverServerGrpc.java:start(149)) - XceiverServerGrpc 8250a189-56a9-477f-9cb2-36f2ee56afeb is started using port 41038
2019-10-14 12:32:09,603 [Datanode State Machine Thread - 0] INFO  ozoneimpl.OzoneContainer (OzoneContainer.java:start(213)) - Attempting to start container services.
2019-10-14 12:32:09,603 [Datanode State Machine Thread - 0] INFO  ozoneimpl.OzoneContainer (OzoneContainer.java:startContainerScrub(177)) - Background container scanner has been disabled.
2019-10-14 12:32:09,603 [Datanode State Machine Thread - 0] INFO  ratis.XceiverServerRatis (XceiverServerRatis.java:start(418)) - Starting XceiverServerRatis 1aad952c-1ff7-47c2-b7b8-740e07acac87 at port 0
2019-10-14 12:32:09,611 [Datanode State Machine Thread - 0] INFO  impl.RaftServerProxy (RaftServerProxy.java:lambda$start$3(299)) - 1aad952c-1ff7-47c2-b7b8-740e07acac87: start RPC server
2019-10-14 12:32:09,612 [Datanode State Machine Thread - 0] INFO  server.GrpcService (GrpcService.java:startImpl(158)) - 1aad952c-1ff7-47c2-b7b8-740e07acac87: GrpcService started, listening on 0.0.0.0/0.0.0.0:35347
2019-10-14 12:32:09,612 [Datanode State Machine Thread - 0] INFO  ratis.XceiverServerRatis (XceiverServerRatis.java:start(428)) - XceiverServerRatis 1aad952c-1ff7-47c2-b7b8-740e07acac87 is started using port 35347
2019-10-14 12:32:09,612 [Datanode State Machine Thread - 0] INFO  server.XceiverServerGrpc (XceiverServerGrpc.java:start(149)) - XceiverServerGrpc 1aad952c-1ff7-47c2-b7b8-740e07acac87 is started using port 42516
2019-10-14 12:32:09,656 [main] INFO  ozone.MiniOzoneClusterImpl (MiniOzoneClusterImpl.java:lambda$waitForClusterToBeReady$0(147)) - Waiting for cluster to be ready. Got 0 of 7 DN Heartbeats.
2019-10-14 12:32:09,671 [Datanode State Machine Thread - 0] INFO  ozoneimpl.OzoneContainer (OzoneContainer.java:start(213)) - Attempting to start container services.
2019-10-14 12:32:09,671 [Datanode State Machine Thread - 0] INFO  ozoneimpl.OzoneContainer (OzoneContainer.java:startContainerScrub(177)) - Background container scanner has been disabled.
2019-10-14 12:32:09,671 [Datanode State Machine Thread - 0] INFO  ratis.XceiverServerRatis (XceiverServerRatis.java:start(418)) - Starting XceiverServerRatis 758cfbaf-5b9d-45c0-a9bc-4fc680a4b5b9 at port 0
2019-10-14 12:32:09,679 [Datanode State Machine Thread - 0] INFO  impl.RaftServerProxy (RaftServerProxy.java:lambda$start$3(299)) - 758cfbaf-5b9d-45c0-a9bc-4fc680a4b5b9: start RPC server
2019-10-14 12:32:09,684 [Datanode State Machine Thread - 0] INFO  server.GrpcService (GrpcService.java:startImpl(158)) - 758cfbaf-5b9d-45c0-a9bc-4fc680a4b5b9: GrpcService started, listening on 0.0.0.0/0.0.0.0:40810
2019-10-14 12:32:09,684 [Datanode State Machine Thread - 0] INFO  ratis.XceiverServerRatis (XceiverServerRatis.java:start(428)) - XceiverServerRatis 758cfbaf-5b9d-45c0-a9bc-4fc680a4b5b9 is started using port 40810
2019-10-14 12:32:09,687 [Datanode State Machine Thread - 0] INFO  server.XceiverServerGrpc (XceiverServerGrpc.java:start(149)) - XceiverServerGrpc 758cfbaf-5b9d-45c0-a9bc-4fc680a4b5b9 is started using port 41582
2019-10-14 12:32:09,915 [grpc-default-executor-3] WARN  server.GrpcLogAppender (LogUtils.java:warn(134)) - 7ffb1a22-d777-4b7d-a742-5334fcca9894@group-43A32D8C9052->31a1c64f-2dfd-4f55-ad66-1c5dd23d4cab-AppendLogResponseHandler: Failed appendEntries: org.apache.ratis.thirdparty.io.grpc.StatusRuntimeException: UNAVAILABLE: io exception
2019-10-14 12:32:09,915 [grpc-default-executor-7] WARN  server.GrpcLogAppender (LogUtils.java:warn(134)) - 7ffb1a22-d777-4b7d-a742-5334fcca9894@group-43A32D8C9052->1dab5bbc-306d-414b-bee9-799bfda5c805-AppendLogResponseHandler: Failed appendEntries: org.apache.ratis.thirdparty.io.grpc.StatusRuntimeException: UNAVAILABLE: io exception
2019-10-14 12:32:09,915 [grpc-default-executor-3] INFO  impl.FollowerInfo (FollowerInfo.java:lambda$new$0(51)) - 7ffb1a22-d777-4b7d-a742-5334fcca9894@group-43A32D8C9052->31a1c64f-2dfd-4f55-ad66-1c5dd23d4cab: nextIndex: updateUnconditionally 0 -> 0
2019-10-14 12:32:09,916 [grpc-default-executor-7] INFO  impl.FollowerInfo (FollowerInfo.java:lambda$new$0(51)) - 7ffb1a22-d777-4b7d-a742-5334fcca9894@group-43A32D8C9052->1dab5bbc-306d-414b-bee9-799bfda5c805: nextIndex: updateUnconditionally 0 -> 0
2019-10-14 12:32:10,657 [main] INFO  ozone.MiniOzoneClusterImpl (MiniOzoneClusterImpl.java:lambda$waitForClusterToBeReady$0(147)) - Waiting for cluster to be ready. Got 0 of 7 DN Heartbeats.
2019-10-14 12:32:11,166 [IPC Server handler 5 on 41045] INFO  net.NetworkTopology (NetworkTopologyImpl.java:add(111)) - Added a new node: /default-rack/a848952e-b84d-4d94-a6b9-c670ad286528
2019-10-14 12:32:11,171 [IPC Server handler 5 on 41045] INFO  node.SCMNodeManager (SCMNodeManager.java:register(313)) - Registered Data node : a848952e-b84d-4d94-a6b9-c670ad286528{ip: 192.168.157.204, host: pr-hdds-2196-v6glg-1693409637, networkLocation: /default-rack, certSerialId: null}
2019-10-14 12:32:11,172 [EventQueue-NodeRegistrationContainerReportForDataNodeSafeModeRule] INFO  safemode.SCMSafeModeManager (DataNodeSafeModeRule.java:process(71)) - SCM in safe mode. 1 DataNodes registered, 1 required.
2019-10-14 12:32:11,176 [EventQueue-NodeRegistrationContainerReportForDataNodeSafeModeRule] INFO  safemode.SCMSafeModeManager (SCMSafeModeManager.java:validateSafeModeExitRules(177)) - ScmSafeModeManager, all rules are successfully validated
2019-10-14 12:32:11,177 [EventQueue-NodeRegistrationContainerReportForDataNodeSafeModeRule] INFO  safemode.SCMSafeModeManager (SCMSafeModeManager.java:exitSafeMode(193)) - SCM exiting safe mode.
2019-10-14 12:32:11,192 [grpc-default-executor-3] INFO  impl.RaftServerProxy (RaftServerProxy.java:addNew(89)) - a848952e-b84d-4d94-a6b9-c670ad286528: addNew group-7B51824B7D12:[a848952e-b84d-4d94-a6b9-c670ad286528:192.168.157.204:46386] returns group-7B51824B7D12:java.util.concurrent.CompletableFuture@3de984fb[Not completed]
2019-10-14 12:32:11,195 [pool-383-thread-1] INFO  impl.RaftServerImpl (RaftServerImpl.java:<init>(95)) - a848952e-b84d-4d94-a6b9-c670ad286528: new RaftServerImpl for group-7B51824B7D12:[a848952e-b84d-4d94-a6b9-c670ad286528:192.168.157.204:46386] with ContainerStateMachine:uninitialized
2019-10-14 12:32:11,195 [pool-383-thread-1] INFO  server.RaftServerConfigKeys (ConfUtils.java:logGet(43)) - raft.server.rpc.timeout.min = 5s (custom)
2019-10-14 12:32:11,195 [pool-383-thread-1] INFO  server.RaftServerConfigKeys (ConfUtils.java:logGet(43)) - raft.server.rpc.timeout.max = 5200ms (custom)
2019-10-14 12:32:11,195 [pool-383-thread-1] INFO  server.RaftServerConfigKeys (ConfUtils.java:logGet(43)) - raft.server.rpcslowness.timeout = 120s (custom)
2019-10-14 12:32:11,196 [pool-383-thread-1] INFO  server.RaftServerConfigKeys (ConfUtils.java:logGet(43)) - raft.server.sleep.deviation.threshold = 300 (default)
2019-10-14 12:32:11,196 [pool-383-thread-1] INFO  server.RaftServerConfigKeys (ConfUtils.java:logGet(43)) - raft.server.log.appender.install.snapshot.enabled = false (custom)
2019-10-14 12:32:11,196 [pool-383-thread-1] INFO  impl.RaftServerImpl (ServerState.java:<init>(103)) - a848952e-b84d-4d94-a6b9-c670ad286528@group-7B51824B7D12: ConfigurationManager, init=-1: [a848952e-b84d-4d94-a6b9-c670ad286528:192.168.157.204:46386], old=null, confs=<EMPTY_MAP>
2019-10-14 12:32:11,196 [pool-383-thread-1] INFO  server.RaftServerConfigKeys (ConfUtils.java:logGet(43)) - raft.server.storage.dir = [/workdir/hadoop-ozone/integration-test/target/test-dir/MiniOzoneClusterImpl-823ef00c-e4a9-400c-88a5-d60fec049001/datanode-0/data/ratis] (custom)
2019-10-14 12:32:11,197 [pool-383-thread-1] INFO  server.RaftServerConfigKeys (ConfUtils.java:logGet(43)) - raft.server.log.corruption.policy = EXCEPTION (default)
2019-10-14 12:32:11,197 [pool-383-thread-1] INFO  storage.RaftStorageDirectory (RaftStorageDirectory.java:analyzeStorage(246)) - The storage directory /workdir/hadoop-ozone/integration-test/target/test-dir/MiniOzoneClusterImpl-823ef00c-e4a9-400c-88a5-d60fec049001/datanode-0/data/ratis/9d3496ec-804b-4741-83b7-7b51824b7d12 does not exist. Creating ...
2019-10-14 12:32:11,211 [pool-383-thread-1] INFO  storage.RaftStorageDirectory (RaftStorageDirectory.java:tryLock(328)) - Lock on /workdir/hadoop-ozone/integration-test/target/test-dir/MiniOzoneClusterImpl-823ef00c-e4a9-400c-88a5-d60fec049001/datanode-0/data/ratis/9d3496ec-804b-4741-83b7-7b51824b7d12/in_use.lock acquired by nodename 3702@pr-hdds-2196-v6glg-1693409637
2019-10-14 12:32:11,225 [pool-383-thread-1] INFO  storage.RaftStorage (RaftStorage.java:format(84)) - Storage directory /workdir/hadoop-ozone/integration-test/target/test-dir/MiniOzoneClusterImpl-823ef00c-e4a9-400c-88a5-d60fec049001/datanode-0/data/ratis/9d3496ec-804b-4741-83b7-7b51824b7d12 has been successfully formatted.
2019-10-14 12:32:11,225 [pool-383-thread-1] INFO  ratis.ContainerStateMachine (ContainerStateMachine.java:loadSnapshot(231)) - group-7B51824B7D12: The snapshot info is null. Setting the last applied indexto:(t:0, i:~)
2019-10-14 12:32:11,225 [pool-383-thread-1] INFO  server.RaftServerConfigKeys (ConfUtils.java:logGet(43)) - raft.server.notification.no-leader.timeout = 120s (custom)
2019-10-14 12:32:11,225 [pool-383-thread-1] INFO  server.RaftServerConfigKeys (ConfUtils.java:logGet(43)) - raft.server.log.use.memory = false (default)
2019-10-14 12:32:11,226 [pool-383-thread-1] INFO  server.RaftServerConfigKeys (ConfUtils.java:logGet(43)) - raft.server.log.purge.gap = 1000000 (custom)
2019-10-14 12:32:11,226 [pool-383-thread-1] INFO  server.RaftServerConfigKeys (ConfUtils.java:logGet(43)) - raft.server.log.appender.buffer.byte-limit = 33554432 (custom)
2019-10-14 12:32:11,226 [pool-383-thread-1] INFO  server.RaftServerConfigKeys (ConfUtils.java:logGet(43)) - raft.server.log.segment.size.max = 1048576 (custom)
2019-10-14 12:32:11,228 [pool-383-thread-1] INFO  server.RaftServerConfigKeys (ConfUtils.java:logGet(43)) - raft.server.log.segment.cache.num.max = 2 (custom)
2019-10-14 12:32:11,228 [pool-383-thread-1] INFO  segmented.SegmentedRaftLogWorker (SegmentedRaftLogWorker.java:<init>(173)) - new a848952e-b84d-4d94-a6b9-c670ad286528@group-7B51824B7D12-SegmentedRaftLogWorker for RaftStorage:Storage Directory /workdir/hadoop-ozone/integration-test/target/test-dir/MiniOzoneClusterImpl-823ef00c-e4a9-400c-88a5-d60fec049001/datanode-0/data/ratis/9d3496ec-804b-4741-83b7-7b51824b7d12
2019-10-14 12:32:11,228 [pool-383-thread-1] INFO  server.RaftServerConfigKeys (ConfUtils.java:logGet(43)) - raft.server.log.queue.byte-limit = 2147483647 (custom)
2019-10-14 12:32:11,229 [pool-383-thread-1] INFO  server.RaftServerConfigKeys (ConfUtils.java:logGet(43)) - raft.server.log.queue.element-limit = 1024 (custom)
2019-10-14 12:32:11,229 [pool-383-thread-1] INFO  server.RaftServerConfigKeys (ConfUtils.java:logGet(43)) - raft.server.log.segment.size.max = 1048576 (custom)
2019-10-14 12:32:11,229 [pool-383-thread-1] INFO  server.RaftServerConfigKeys (ConfUtils.java:logGet(43)) - raft.server.log.preallocated.size = 16384 (custom)
2019-10-14 12:32:11,229 [pool-383-thread-1] INFO  server.RaftServerConfigKeys (ConfUtils.java:logGet(43)) - raft.server.log.write.buffer.size = 33554432 (custom)
2019-10-14 12:32:11,229 [pool-383-thread-1] INFO  server.RaftServerConfigKeys (ConfUtils.java:logGet(43)) - raft.server.log.force.sync.num = 128 (default)
2019-10-14 12:32:11,229 [pool-383-thread-1] INFO  server.RaftServerConfigKeys (ConfUtils.java:logGet(43)) - raft.server.log.statemachine.data.sync = true (default)
2019-10-14 12:32:11,229 [pool-383-thread-1] INFO  server.RaftServerConfigKeys (ConfUtils.java:logGet(43)) - raft.server.log.statemachine.data.sync.timeout = 10s (default)
2019-10-14 12:32:11,229 [pool-383-thread-1] INFO  server.RaftServerConfigKeys (ConfUtils.java:logGet(43)) - raft.server.log.statemachine.data.sync.timeout.retry = -1 (default)
2019-10-14 12:32:11,230 [pool-383-thread-1] INFO  server.RaftServerConfigKeys (ConfUtils.java:logGet(43)) - raft.server.log.statemachine.data.caching.enabled = true (custom)
2019-10-14 12:32:11,230 [pool-383-thread-1] INFO  segmented.SegmentedRaftLogWorker (SegmentedRaftLogWorker.java:lambda$new$0(128)) - a848952e-b84d-4d94-a6b9-c670ad286528@group-7B51824B7D12-SegmentedRaftLogWorker: flushIndex: setUnconditionally 0 -> -1
2019-10-14 12:32:11,231 [pool-383-thread-1] INFO  server.RaftServerConfigKeys (ConfUtils.java:logGet(43)) - raft.server.snapshot.auto.trigger.enabled = true (custom)
2019-10-14 12:32:11,231 [pool-383-thread-1] INFO  server.RaftServerConfigKeys (ConfUtils.java:logGet(43)) - raft.server.snapshot.auto.trigger.threshold = 10000 (custom)
2019-10-14 12:32:11,231 [pool-383-thread-1] INFO  server.RaftServerConfigKeys (ConfUtils.java:logGet(43)) - raft.server.snapshot.retention.file.num = 5 (custom)
2019-10-14 12:32:11,231 [pool-383-thread-1] INFO  server.RaftServerConfigKeys (ConfUtils.java:logGet(43)) - raft.server.retrycache.expirytime = 600000ms (custom)
2019-10-14 12:32:11,233 [pool-383-thread-1] INFO  impl.RaftServerImpl (RaftServerImpl.java:start(181)) - a848952e-b84d-4d94-a6b9-c670ad286528@group-7B51824B7D12: start as a follower, conf=-1: [a848952e-b84d-4d94-a6b9-c670ad286528:192.168.157.204:46386], old=null
2019-10-14 12:32:11,233 [pool-383-thread-1] INFO  impl.RaftServerImpl (RaftServerImpl.java:setRole(170)) - a848952e-b84d-4d94-a6b9-c670ad286528@group-7B51824B7D12: changes role from      null to FOLLOWER at term 0 for startAsFollower
2019-10-14 12:32:11,233 [pool-383-thread-1] INFO  impl.RoleInfo (RoleInfo.java:updateAndGet(143)) - a848952e-b84d-4d94-a6b9-c670ad286528: start FollowerState
2019-10-14 12:32:11,234 [pool-383-thread-1] INFO  util.JmxRegister (JmxRegister.java:tryRegister(44)) - Successfully registered JMX Bean with object name Ratis:service=RaftServer,group=group-7B51824B7D12,id=a848952e-b84d-4d94-a6b9-c670ad286528
2019-10-14 12:32:11,239 [RatisPipelineUtilsThread] INFO  pipeline.PipelineStateManager (PipelineStateManager.java:addPipeline(56)) - Created pipeline Pipeline[ Id: 9d3496ec-804b-4741-83b7-7b51824b7d12, Nodes: a848952e-b84d-4d94-a6b9-c670ad286528{ip: 192.168.157.204, host: pr-hdds-2196-v6glg-1693409637, networkLocation: /default-rack, certSerialId: null}, Type:RATIS, Factor:ONE, State:OPEN]
2019-10-14 12:32:11,248 [IPC Server handler 6 on 41045] INFO  net.NetworkTopology (NetworkTopologyImpl.java:add(111)) - Added a new node: /default-rack/6f4fbb20-7bc8-405b-b3a3-7ab0d0d38458
2019-10-14 12:32:11,248 [IPC Server handler 6 on 41045] INFO  node.SCMNodeManager (SCMNodeManager.java:register(313)) - Registered Data node : 6f4fbb20-7bc8-405b-b3a3-7ab0d0d38458{ip: 192.168.157.204, host: pr-hdds-2196-v6glg-1693409637, networkLocation: /default-rack, certSerialId: null}
2019-10-14 12:32:11,258 [grpc-default-executor-3] INFO  impl.RaftServerProxy (RaftServerProxy.java:addNew(89)) - 6f4fbb20-7bc8-405b-b3a3-7ab0d0d38458: addNew group-03DC31D1C881:[6f4fbb20-7bc8-405b-b3a3-7ab0d0d38458:192.168.157.204:39394] returns group-03DC31D1C881:java.util.concurrent.CompletableFuture@66475d5e[Not completed]
2019-10-14 12:32:11,259 [pool-393-thread-1] INFO  impl.RaftServerImpl (RaftServerImpl.java:<init>(95)) - 6f4fbb20-7bc8-405b-b3a3-7ab0d0d38458: new RaftServerImpl for group-03DC31D1C881:[6f4fbb20-7bc8-405b-b3a3-7ab0d0d38458:192.168.157.204:39394] with ContainerStateMachine:uninitialized
2019-10-14 12:32:11,259 [pool-393-thread-1] INFO  server.RaftServerConfigKeys (ConfUtils.java:logGet(43)) - raft.server.rpc.timeout.min = 5s (custom)
2019-10-14 12:32:11,259 [pool-393-thread-1] INFO  server.RaftServerConfigKeys (ConfUtils.java:logGet(43)) - raft.server.rpc.timeout.max = 5200ms (custom)
2019-10-14 12:32:11,259 [pool-393-thread-1] INFO  server.RaftServerConfigKeys (ConfUtils.java:logGet(43)) - raft.server.rpcslowness.timeout = 120s (custom)
2019-10-14 12:32:11,259 [pool-393-thread-1] INFO  server.RaftServerConfigKeys (ConfUtils.java:logGet(43)) - raft.server.sleep.deviation.threshold = 300 (default)
2019-10-14 12:32:11,259 [pool-393-thread-1] INFO  server.RaftServerConfigKeys (ConfUtils.java:logGet(43)) - raft.server.log.appender.install.snapshot.enabled = false (custom)
2019-10-14 12:32:11,259 [pool-393-thread-1] INFO  impl.RaftServerImpl (ServerState.java:<init>(103)) - 6f4fbb20-7bc8-405b-b3a3-7ab0d0d38458@group-03DC31D1C881: ConfigurationManager, init=-1: [6f4fbb20-7bc8-405b-b3a3-7ab0d0d38458:192.168.157.204:39394], old=null, confs=<EMPTY_MAP>
2019-10-14 12:32:11,259 [pool-393-thread-1] INFO  server.RaftServerConfigKeys (ConfUtils.java:logGet(43)) - raft.server.storage.dir = [/workdir/hadoop-ozone/integration-test/target/test-dir/MiniOzoneClusterImpl-823ef00c-e4a9-400c-88a5-d60fec049001/datanode-1/data/ratis] (custom)
2019-10-14 12:32:11,259 [pool-393-thread-1] INFO  server.RaftServerConfigKeys (ConfUtils.java:logGet(43)) - raft.server.log.corruption.policy = EXCEPTION (default)
2019-10-14 12:32:11,260 [pool-393-thread-1] INFO  storage.RaftStorageDirectory (RaftStorageDirectory.java:analyzeStorage(246)) - The storage directory /workdir/hadoop-ozone/integration-test/target/test-dir/MiniOzoneClusterImpl-823ef00c-e4a9-400c-88a5-d60fec049001/datanode-1/data/ratis/21081b5b-b03d-490a-b77b-03dc31d1c881 does not exist. Creating ...
2019-10-14 12:32:11,272 [pool-393-thread-1] INFO  storage.RaftStorageDirectory (RaftStorageDirectory.java:tryLock(328)) - Lock on /workdir/hadoop-ozone/integration-test/target/test-dir/MiniOzoneClusterImpl-823ef00c-e4a9-400c-88a5-d60fec049001/datanode-1/data/ratis/21081b5b-b03d-490a-b77b-03dc31d1c881/in_use.lock acquired by nodename 3702@pr-hdds-2196-v6glg-1693409637
2019-10-14 12:32:11,284 [pool-393-thread-1] INFO  storage.RaftStorage (RaftStorage.java:format(84)) - Storage directory /workdir/hadoop-ozone/integration-test/target/test-dir/MiniOzoneClusterImpl-823ef00c-e4a9-400c-88a5-d60fec049001/datanode-1/data/ratis/21081b5b-b03d-490a-b77b-03dc31d1c881 has been successfully formatted.
2019-10-14 12:32:11,284 [pool-393-thread-1] INFO  ratis.ContainerStateMachine (ContainerStateMachine.java:loadSnapshot(231)) - group-03DC31D1C881: The snapshot info is null. Setting the last applied indexto:(t:0, i:~)
2019-10-14 12:32:11,284 [pool-393-thread-1] INFO  server.RaftServerConfigKeys (ConfUtils.java:logGet(43)) - raft.server.notification.no-leader.timeout = 120s (custom)
2019-10-14 12:32:11,284 [pool-393-thread-1] INFO  server.RaftServerConfigKeys (ConfUtils.java:logGet(43)) - raft.server.log.use.memory = false (default)
2019-10-14 12:32:11,284 [pool-393-thread-1] INFO  server.RaftServerConfigKeys (ConfUtils.java:logGet(43)) - raft.server.log.purge.gap = 1000000 (custom)
2019-10-14 12:32:11,285 [pool-393-thread-1] INFO  server.RaftServerConfigKeys (ConfUtils.java:logGet(43)) - raft.server.log.appender.buffer.byte-limit = 33554432 (custom)
2019-10-14 12:32:11,285 [pool-393-thread-1] INFO  server.RaftServerConfigKeys (ConfUtils.java:logGet(43)) - raft.server.log.segment.size.max = 1048576 (custom)
2019-10-14 12:32:11,286 [pool-393-thread-1] INFO  server.RaftServerConfigKeys (ConfUtils.java:logGet(43)) - raft.server.log.segment.cache.num.max = 2 (custom)
2019-10-14 12:32:11,286 [pool-393-thread-1] INFO  segmented.SegmentedRaftLogWorker (SegmentedRaftLogWorker.java:<init>(173)) - new 6f4fbb20-7bc8-405b-b3a3-7ab0d0d38458@group-03DC31D1C881-SegmentedRaftLogWorker for RaftStorage:Storage Directory /workdir/hadoop-ozone/integration-test/target/test-dir/MiniOzoneClusterImpl-823ef00c-e4a9-400c-88a5-d60fec049001/datanode-1/data/ratis/21081b5b-b03d-490a-b77b-03dc31d1c881
2019-10-14 12:32:11,286 [pool-393-thread-1] INFO  server.RaftServerConfigKeys (ConfUtils.java:logGet(43)) - raft.server.log.queue.byte-limit = 2147483647 (custom)
2019-10-14 12:32:11,286 [pool-393-thread-1] INFO  server.RaftServerConfigKeys (ConfUtils.java:logGet(43)) - raft.server.log.queue.element-limit = 1024 (custom)
2019-10-14 12:32:11,286 [pool-393-thread-1] INFO  server.RaftServerConfigKeys (ConfUtils.java:logGet(43)) - raft.server.log.segment.size.max = 1048576 (custom)
2019-10-14 12:32:11,286 [pool-393-thread-1] INFO  server.RaftServerConfigKeys (ConfUtils.java:logGet(43)) - raft.server.log.preallocated.size = 16384 (custom)
2019-10-14 12:32:11,286 [pool-393-thread-1] INFO  server.RaftServerConfigKeys (ConfUtils.java:logGet(43)) - raft.server.log.write.buffer.size = 33554432 (custom)
2019-10-14 12:32:11,286 [pool-393-thread-1] INFO  server.RaftServerConfigKeys (ConfUtils.java:logGet(43)) - raft.server.log.force.sync.num = 128 (default)
2019-10-14 12:32:11,286 [pool-393-thread-1] INFO  server.RaftServerConfigKeys (ConfUtils.java:logGet(43)) - raft.server.log.statemachine.data.sync = true (default)
2019-10-14 12:32:11,286 [pool-393-thread-1] INFO  server.RaftServerConfigKeys (ConfUtils.java:logGet(43)) - raft.server.log.statemachine.data.sync.timeout = 10s (default)
2019-10-14 12:32:11,286 [pool-393-thread-1] INFO  server.RaftServerConfigKeys (ConfUtils.java:logGet(43)) - raft.server.log.statemachine.data.sync.timeout.retry = -1 (default)
2019-10-14 12:32:11,287 [pool-393-thread-1] INFO  server.RaftServerConfigKeys (ConfUtils.java:logGet(43)) - raft.server.log.statemachine.data.caching.enabled = true (custom)
2019-10-14 12:32:11,287 [pool-393-thread-1] INFO  segmented.SegmentedRaftLogWorker (SegmentedRaftLogWorker.java:lambda$new$0(128)) - 6f4fbb20-7bc8-405b-b3a3-7ab0d0d38458@group-03DC31D1C881-SegmentedRaftLogWorker: flushIndex: setUnconditionally 0 -> -1
2019-10-14 12:32:11,287 [pool-393-thread-1] INFO  server.RaftServerConfigKeys (ConfUtils.java:logGet(43)) - raft.server.snapshot.auto.trigger.enabled = true (custom)
2019-10-14 12:32:11,287 [pool-393-thread-1] INFO  server.RaftServerConfigKeys (ConfUtils.java:logGet(43)) - raft.server.snapshot.auto.trigger.threshold = 10000 (custom)
2019-10-14 12:32:11,287 [pool-393-thread-1] INFO  server.RaftServerConfigKeys (ConfUtils.java:logGet(43)) - raft.server.snapshot.retention.file.num = 5 (custom)
2019-10-14 12:32:11,287 [pool-393-thread-1] INFO  server.RaftServerConfigKeys (ConfUtils.java:logGet(43)) - raft.server.retrycache.expirytime = 600000ms (custom)
2019-10-14 12:32:11,288 [pool-393-thread-1] INFO  impl.RaftServerImpl (RaftServerImpl.java:start(181)) - 6f4fbb20-7bc8-405b-b3a3-7ab0d0d38458@group-03DC31D1C881: start as a follower, conf=-1: [6f4fbb20-7bc8-405b-b3a3-7ab0d0d38458:192.168.157.204:39394], old=null
2019-10-14 12:32:11,288 [pool-393-thread-1] INFO  impl.RaftServerImpl (RaftServerImpl.java:setRole(170)) - 6f4fbb20-7bc8-405b-b3a3-7ab0d0d38458@group-03DC31D1C881: changes role from      null to FOLLOWER at term 0 for startAsFollower
2019-10-14 12:32:11,288 [pool-393-thread-1] INFO  impl.RoleInfo (RoleInfo.java:updateAndGet(143)) - 6f4fbb20-7bc8-405b-b3a3-7ab0d0d38458: start FollowerState
2019-10-14 12:32:11,289 [pool-393-thread-1] INFO  util.JmxRegister (JmxRegister.java:tryRegister(44)) - Successfully registered JMX Bean with object name Ratis:service=RaftServer,group=group-03DC31D1C881,id=6f4fbb20-7bc8-405b-b3a3-7ab0d0d38458
2019-10-14 12:32:11,292 [RatisPipelineUtilsThread] INFO  pipeline.PipelineStateManager (PipelineStateManager.java:addPipeline(56)) - Created pipeline Pipeline[ Id: 21081b5b-b03d-490a-b77b-03dc31d1c881, Nodes: 6f4fbb20-7bc8-405b-b3a3-7ab0d0d38458{ip: 192.168.157.204, host: pr-hdds-2196-v6glg-1693409637, networkLocation: /default-rack, certSerialId: null}, Type:RATIS, Factor:ONE, State:OPEN]
2019-10-14 12:32:11,323 [IPC Server handler 1 on 41045] INFO  net.NetworkTopology (NetworkTopologyImpl.java:add(111)) - Added a new node: /default-rack/f702c1a9-89db-4927-8433-467abec08902
2019-10-14 12:32:11,323 [IPC Server handler 1 on 41045] INFO  node.SCMNodeManager (SCMNodeManager.java:register(313)) - Registered Data node : f702c1a9-89db-4927-8433-467abec08902{ip: 192.168.157.204, host: pr-hdds-2196-v6glg-1693409637, networkLocation: /default-rack, certSerialId: null}
2019-10-14 12:32:11,330 [grpc-default-executor-3] INFO  impl.RaftServerProxy (RaftServerProxy.java:addNew(89)) - f702c1a9-89db-4927-8433-467abec08902: addNew group-603FD89C9A5E:[f702c1a9-89db-4927-8433-467abec08902:192.168.157.204:34934] returns group-603FD89C9A5E:java.util.concurrent.CompletableFuture@545cd552[Not completed]
2019-10-14 12:32:11,331 [pool-403-thread-1] INFO  impl.RaftServerImpl (RaftServerImpl.java:<init>(95)) - f702c1a9-89db-4927-8433-467abec08902: new RaftServerImpl for group-603FD89C9A5E:[f702c1a9-89db-4927-8433-467abec08902:192.168.157.204:34934] with ContainerStateMachine:uninitialized
2019-10-14 12:32:11,331 [pool-403-thread-1] INFO  server.RaftServerConfigKeys (ConfUtils.java:logGet(43)) - raft.server.rpc.timeout.min = 5s (custom)
2019-10-14 12:32:11,331 [pool-403-thread-1] INFO  server.RaftServerConfigKeys (ConfUtils.java:logGet(43)) - raft.server.rpc.timeout.max = 5200ms (custom)
2019-10-14 12:32:11,331 [pool-403-thread-1] INFO  server.RaftServerConfigKeys (ConfUtils.java:logGet(43)) - raft.server.rpcslowness.timeout = 120s (custom)
2019-10-14 12:32:11,331 [pool-403-thread-1] INFO  server.RaftServerConfigKeys (ConfUtils.java:logGet(43)) - raft.server.sleep.deviation.threshold = 300 (default)
2019-10-14 12:32:11,331 [pool-403-thread-1] INFO  server.RaftServerConfigKeys (ConfUtils.java:logGet(43)) - raft.server.log.appender.install.snapshot.enabled = false (custom)
2019-10-14 12:32:11,332 [pool-403-thread-1] INFO  impl.RaftServerImpl (ServerState.java:<init>(103)) - f702c1a9-89db-4927-8433-467abec08902@group-603FD89C9A5E: ConfigurationManager, init=-1: [f702c1a9-89db-4927-8433-467abec08902:192.168.157.204:34934], old=null, confs=<EMPTY_MAP>
2019-10-14 12:32:11,332 [pool-403-thread-1] INFO  server.RaftServerConfigKeys (ConfUtils.java:logGet(43)) - raft.server.storage.dir = [/workdir/hadoop-ozone/integration-test/target/test-dir/MiniOzoneClusterImpl-823ef00c-e4a9-400c-88a5-d60fec049001/datanode-2/data/ratis] (custom)
2019-10-14 12:32:11,332 [pool-403-thread-1] INFO  server.RaftServerConfigKeys (ConfUtils.java:logGet(43)) - raft.server.log.corruption.policy = EXCEPTION (default)
2019-10-14 12:32:11,332 [pool-403-thread-1] INFO  storage.RaftStorageDirectory (RaftStorageDirectory.java:analyzeStorage(246)) - The storage directory /workdir/hadoop-ozone/integration-test/target/test-dir/MiniOzoneClusterImpl-823ef00c-e4a9-400c-88a5-d60fec049001/datanode-2/data/ratis/5eb31b1c-5fdb-46f4-b4b9-603fd89c9a5e does not exist. Creating ...
2019-10-14 12:32:11,344 [pool-403-thread-1] INFO  storage.RaftStorageDirectory (RaftStorageDirectory.java:tryLock(328)) - Lock on /workdir/hadoop-ozone/integration-test/target/test-dir/MiniOzoneClusterImpl-823ef00c-e4a9-400c-88a5-d60fec049001/datanode-2/data/ratis/5eb31b1c-5fdb-46f4-b4b9-603fd89c9a5e/in_use.lock acquired by nodename 3702@pr-hdds-2196-v6glg-1693409637
2019-10-14 12:32:11,357 [pool-403-thread-1] INFO  storage.RaftStorage (RaftStorage.java:format(84)) - Storage directory /workdir/hadoop-ozone/integration-test/target/test-dir/MiniOzoneClusterImpl-823ef00c-e4a9-400c-88a5-d60fec049001/datanode-2/data/ratis/5eb31b1c-5fdb-46f4-b4b9-603fd89c9a5e has been successfully formatted.
2019-10-14 12:32:11,357 [pool-403-thread-1] INFO  ratis.ContainerStateMachine (ContainerStateMachine.java:loadSnapshot(231)) - group-603FD89C9A5E: The snapshot info is null. Setting the last applied indexto:(t:0, i:~)
2019-10-14 12:32:11,358 [pool-403-thread-1] INFO  server.RaftServerConfigKeys (ConfUtils.java:logGet(43)) - raft.server.notification.no-leader.timeout = 120s (custom)
2019-10-14 12:32:11,358 [pool-403-thread-1] INFO  server.RaftServerConfigKeys (ConfUtils.java:logGet(43)) - raft.server.log.use.memory = false (default)
2019-10-14 12:32:11,358 [pool-403-thread-1] INFO  server.RaftServerConfigKeys (ConfUtils.java:logGet(43)) - raft.server.log.purge.gap = 1000000 (custom)
2019-10-14 12:32:11,358 [pool-403-thread-1] INFO  server.RaftServerConfigKeys (ConfUtils.java:logGet(43)) - raft.server.log.appender.buffer.byte-limit = 33554432 (custom)
2019-10-14 12:32:11,358 [pool-403-thread-1] INFO  server.RaftServerConfigKeys (ConfUtils.java:logGet(43)) - raft.server.log.segment.size.max = 1048576 (custom)
2019-10-14 12:32:11,359 [pool-403-thread-1] INFO  server.RaftServerConfigKeys (ConfUtils.java:logGet(43)) - raft.server.log.segment.cache.num.max = 2 (custom)
2019-10-14 12:32:11,359 [pool-403-thread-1] INFO  segmented.SegmentedRaftLogWorker (SegmentedRaftLogWorker.java:<init>(173)) - new f702c1a9-89db-4927-8433-467abec08902@group-603FD89C9A5E-SegmentedRaftLogWorker for RaftStorage:Storage Directory /workdir/hadoop-ozone/integration-test/target/test-dir/MiniOzoneClusterImpl-823ef00c-e4a9-400c-88a5-d60fec049001/datanode-2/data/ratis/5eb31b1c-5fdb-46f4-b4b9-603fd89c9a5e
2019-10-14 12:32:11,359 [pool-403-thread-1] INFO  server.RaftServerConfigKeys (ConfUtils.java:logGet(43)) - raft.server.log.queue.byte-limit = 2147483647 (custom)
2019-10-14 12:32:11,359 [pool-403-thread-1] INFO  server.RaftServerConfigKeys (ConfUtils.java:logGet(43)) - raft.server.log.queue.element-limit = 1024 (custom)
2019-10-14 12:32:11,359 [pool-403-thread-1] INFO  server.RaftServerConfigKeys (ConfUtils.java:logGet(43)) - raft.server.log.segment.size.max = 1048576 (custom)
2019-10-14 12:32:11,359 [pool-403-thread-1] INFO  server.RaftServerConfigKeys (ConfUtils.java:logGet(43)) - raft.server.log.preallocated.size = 16384 (custom)
2019-10-14 12:32:11,360 [pool-403-thread-1] INFO  server.RaftServerConfigKeys (ConfUtils.java:logGet(43)) - raft.server.log.write.buffer.size = 33554432 (custom)
2019-10-14 12:32:11,360 [pool-403-thread-1] INFO  server.RaftServerConfigKeys (ConfUtils.java:logGet(43)) - raft.server.log.force.sync.num = 128 (default)
2019-10-14 12:32:11,360 [pool-403-thread-1] INFO  server.RaftServerConfigKeys (ConfUtils.java:logGet(43)) - raft.server.log.statemachine.data.sync = true (default)
2019-10-14 12:32:11,360 [pool-403-thread-1] INFO  server.RaftServerConfigKeys (ConfUtils.java:logGet(43)) - raft.server.log.statemachine.data.sync.timeout = 10s (default)
2019-10-14 12:32:11,360 [pool-403-thread-1] INFO  server.RaftServerConfigKeys (ConfUtils.java:logGet(43)) - raft.server.log.statemachine.data.sync.timeout.retry = -1 (default)
2019-10-14 12:32:11,360 [pool-403-thread-1] INFO  server.RaftServerConfigKeys (ConfUtils.java:logGet(43)) - raft.server.log.statemachine.data.caching.enabled = true (custom)
2019-10-14 12:32:11,360 [pool-403-thread-1] INFO  segmented.SegmentedRaftLogWorker (SegmentedRaftLogWorker.java:lambda$new$0(128)) - f702c1a9-89db-4927-8433-467abec08902@group-603FD89C9A5E-SegmentedRaftLogWorker: flushIndex: setUnconditionally 0 -> -1
2019-10-14 12:32:11,361 [pool-403-thread-1] INFO  server.RaftServerConfigKeys (ConfUtils.java:logGet(43)) - raft.server.snapshot.auto.trigger.enabled = true (custom)
2019-10-14 12:32:11,361 [pool-403-thread-1] INFO  server.RaftServerConfigKeys (ConfUtils.java:logGet(43)) - raft.server.snapshot.auto.trigger.threshold = 10000 (custom)
2019-10-14 12:32:11,361 [pool-403-thread-1] INFO  server.RaftServerConfigKeys (ConfUtils.java:logGet(43)) - raft.server.snapshot.retention.file.num = 5 (custom)
2019-10-14 12:32:11,361 [pool-403-thread-1] INFO  server.RaftServerConfigKeys (ConfUtils.java:logGet(43)) - raft.server.retrycache.expirytime = 600000ms (custom)
2019-10-14 12:32:11,362 [pool-403-thread-1] INFO  impl.RaftServerImpl (RaftServerImpl.java:start(181)) - f702c1a9-89db-4927-8433-467abec08902@group-603FD89C9A5E: start as a follower, conf=-1: [f702c1a9-89db-4927-8433-467abec08902:192.168.157.204:34934], old=null
2019-10-14 12:32:11,362 [pool-403-thread-1] INFO  impl.RaftServerImpl (RaftServerImpl.java:setRole(170)) - f702c1a9-89db-4927-8433-467abec08902@group-603FD89C9A5E: changes role from      null to FOLLOWER at term 0 for startAsFollower
2019-10-14 12:32:11,362 [pool-403-thread-1] INFO  impl.RoleInfo (RoleInfo.java:updateAndGet(143)) - f702c1a9-89db-4927-8433-467abec08902: start FollowerState
2019-10-14 12:32:11,362 [pool-403-thread-1] INFO  util.JmxRegister (JmxRegister.java:tryRegister(44)) - Successfully registered JMX Bean with object name Ratis:service=RaftServer,group=group-603FD89C9A5E,id=f702c1a9-89db-4927-8433-467abec08902
2019-10-14 12:32:11,366 [RatisPipelineUtilsThread] INFO  pipeline.PipelineStateManager (PipelineStateManager.java:addPipeline(56)) - Created pipeline Pipeline[ Id: 5eb31b1c-5fdb-46f4-b4b9-603fd89c9a5e, Nodes: f702c1a9-89db-4927-8433-467abec08902{ip: 192.168.157.204, host: pr-hdds-2196-v6glg-1693409637, networkLocation: /default-rack, certSerialId: null}, Type:RATIS, Factor:ONE, State:OPEN]
2019-10-14 12:32:11,382 [grpc-default-executor-0] INFO  impl.RaftServerProxy (RaftServerProxy.java:addNew(89)) - a848952e-b84d-4d94-a6b9-c670ad286528: addNew group-CFCBFB1E5557:[f702c1a9-89db-4927-8433-467abec08902:192.168.157.204:34934, 6f4fbb20-7bc8-405b-b3a3-7ab0d0d38458:192.168.157.204:39394, a848952e-b84d-4d94-a6b9-c670ad286528:192.168.157.204:46386] returns group-CFCBFB1E5557:java.util.concurrent.CompletableFuture@43481065[Not completed]
2019-10-14 12:32:11,382 [grpc-default-executor-7] INFO  impl.RaftServerProxy (RaftServerProxy.java:addNew(89)) - f702c1a9-89db-4927-8433-467abec08902: addNew group-CFCBFB1E5557:[f702c1a9-89db-4927-8433-467abec08902:192.168.157.204:34934, 6f4fbb20-7bc8-405b-b3a3-7ab0d0d38458:192.168.157.204:39394, a848952e-b84d-4d94-a6b9-c670ad286528:192.168.157.204:46386] returns group-CFCBFB1E5557:java.util.concurrent.CompletableFuture@58e35f3d[Not completed]
2019-10-14 12:32:11,382 [pool-383-thread-1] INFO  impl.RaftServerImpl (RaftServerImpl.java:<init>(95)) - a848952e-b84d-4d94-a6b9-c670ad286528: new RaftServerImpl for group-CFCBFB1E5557:[f702c1a9-89db-4927-8433-467abec08902:192.168.157.204:34934, 6f4fbb20-7bc8-405b-b3a3-7ab0d0d38458:192.168.157.204:39394, a848952e-b84d-4d94-a6b9-c670ad286528:192.168.157.204:46386] with ContainerStateMachine:uninitialized
2019-10-14 12:32:11,383 [pool-383-thread-1] INFO  server.RaftServerConfigKeys (ConfUtils.java:logGet(43)) - raft.server.rpc.timeout.min = 5s (custom)
2019-10-14 12:32:11,383 [pool-383-thread-1] INFO  server.RaftServerConfigKeys (ConfUtils.java:logGet(43)) - raft.server.rpc.timeout.max = 5200ms (custom)
2019-10-14 12:32:11,383 [pool-383-thread-1] INFO  server.RaftServerConfigKeys (ConfUtils.java:logGet(43)) - raft.server.rpcslowness.timeout = 120s (custom)
2019-10-14 12:32:11,383 [pool-403-thread-1] INFO  impl.RaftServerImpl (RaftServerImpl.java:<init>(95)) - f702c1a9-89db-4927-8433-467abec08902: new RaftServerImpl for group-CFCBFB1E5557:[f702c1a9-89db-4927-8433-467abec08902:192.168.157.204:34934, 6f4fbb20-7bc8-405b-b3a3-7ab0d0d38458:192.168.157.204:39394, a848952e-b84d-4d94-a6b9-c670ad286528:192.168.157.204:46386] with ContainerStateMachine:uninitialized
2019-10-14 12:32:11,383 [grpc-default-executor-7] INFO  impl.RaftServerProxy (RaftServerProxy.java:addNew(89)) - 6f4fbb20-7bc8-405b-b3a3-7ab0d0d38458: addNew group-CFCBFB1E5557:[f702c1a9-89db-4927-8433-467abec08902:192.168.157.204:34934, 6f4fbb20-7bc8-405b-b3a3-7ab0d0d38458:192.168.157.204:39394, a848952e-b84d-4d94-a6b9-c670ad286528:192.168.157.204:46386] returns group-CFCBFB1E5557:java.util.concurrent.CompletableFuture@19a8699f[Not completed]
2019-10-14 12:32:11,383 [pool-383-thread-1] INFO  server.RaftServerConfigKeys (ConfUtils.java:logGet(43)) - raft.server.sleep.deviation.threshold = 300 (default)
2019-10-14 12:32:11,383 [pool-403-thread-1] INFO  server.RaftServerConfigKeys (ConfUtils.java:logGet(43)) - raft.server.rpc.timeout.min = 5s (custom)
2019-10-14 12:32:11,383 [pool-383-thread-1] INFO  server.RaftServerConfigKeys (ConfUtils.java:logGet(43)) - raft.server.log.appender.install.snapshot.enabled = false (custom)
2019-10-14 12:32:11,383 [pool-403-thread-1] INFO  server.RaftServerConfigKeys (ConfUtils.java:logGet(43)) - raft.server.rpc.timeout.max = 5200ms (custom)
2019-10-14 12:32:11,383 [pool-383-thread-1] INFO  impl.RaftServerImpl (ServerState.java:<init>(103)) - a848952e-b84d-4d94-a6b9-c670ad286528@group-CFCBFB1E5557: ConfigurationManager, init=-1: [f702c1a9-89db-4927-8433-467abec08902:192.168.157.204:34934, 6f4fbb20-7bc8-405b-b3a3-7ab0d0d38458:192.168.157.204:39394, a848952e-b84d-4d94-a6b9-c670ad286528:192.168.157.204:46386], old=null, confs=<EMPTY_MAP>
2019-10-14 12:32:11,384 [pool-403-thread-1] INFO  server.RaftServerConfigKeys (ConfUtils.java:logGet(43)) - raft.server.rpcslowness.timeout = 120s (custom)
2019-10-14 12:32:11,384 [pool-383-thread-1] INFO  server.RaftServerConfigKeys (ConfUtils.java:logGet(43)) - raft.server.storage.dir = [/workdir/hadoop-ozone/integration-test/target/test-dir/MiniOzoneClusterImpl-823ef00c-e4a9-400c-88a5-d60fec049001/datanode-0/data/ratis] (custom)
2019-10-14 12:32:11,384 [pool-403-thread-1] INFO  server.RaftServerConfigKeys (ConfUtils.java:logGet(43)) - raft.server.sleep.deviation.threshold = 300 (default)
2019-10-14 12:32:11,384 [pool-403-thread-1] INFO  server.RaftServerConfigKeys (ConfUtils.java:logGet(43)) - raft.server.log.appender.install.snapshot.enabled = false (custom)
2019-10-14 12:32:11,384 [pool-383-thread-1] INFO  server.RaftServerConfigKeys (ConfUtils.java:logGet(43)) - raft.server.log.corruption.policy = EXCEPTION (default)
2019-10-14 12:32:11,384 [pool-393-thread-1] INFO  impl.RaftServerImpl (RaftServerImpl.java:<init>(95)) - 6f4fbb20-7bc8-405b-b3a3-7ab0d0d38458: new RaftServerImpl for group-CFCBFB1E5557:[f702c1a9-89db-4927-8433-467abec08902:192.168.157.204:34934, 6f4fbb20-7bc8-405b-b3a3-7ab0d0d38458:192.168.157.204:39394, a848952e-b84d-4d94-a6b9-c670ad286528:192.168.157.204:46386] with ContainerStateMachine:uninitialized
2019-10-14 12:32:11,384 [pool-383-thread-1] INFO  storage.RaftStorageDirectory (RaftStorageDirectory.java:analyzeStorage(246)) - The storage directory /workdir/hadoop-ozone/integration-test/target/test-dir/MiniOzoneClusterImpl-823ef00c-e4a9-400c-88a5-d60fec049001/datanode-0/data/ratis/cc743ab4-953e-4532-914f-cfcbfb1e5557 does not exist. Creating ...
2019-10-14 12:32:11,384 [pool-403-thread-1] INFO  impl.RaftServerImpl (ServerState.java:<init>(103)) - f702c1a9-89db-4927-8433-467abec08902@group-CFCBFB1E5557: ConfigurationManager, init=-1: [f702c1a9-89db-4927-8433-467abec08902:192.168.157.204:34934, 6f4fbb20-7bc8-405b-b3a3-7ab0d0d38458:192.168.157.204:39394, a848952e-b84d-4d94-a6b9-c670ad286528:192.168.157.204:46386], old=null, confs=<EMPTY_MAP>
2019-10-14 12:32:11,384 [pool-393-thread-1] INFO  server.RaftServerConfigKeys (ConfUtils.java:logGet(43)) - raft.server.rpc.timeout.min = 5s (custom)
2019-10-14 12:32:11,384 [pool-403-thread-1] INFO  server.RaftServerConfigKeys (ConfUtils.java:logGet(43)) - raft.server.storage.dir = [/workdir/hadoop-ozone/integration-test/target/test-dir/MiniOzoneClusterImpl-823ef00c-e4a9-400c-88a5-d60fec049001/datanode-2/data/ratis] (custom)
2019-10-14 12:32:11,385 [pool-393-thread-1] INFO  server.RaftServerConfigKeys (ConfUtils.java:logGet(43)) - raft.server.rpc.timeout.max = 5200ms (custom)
2019-10-14 12:32:11,385 [pool-403-thread-1] INFO  server.RaftServerConfigKeys (ConfUtils.java:logGet(43)) - raft.server.log.corruption.policy = EXCEPTION (default)
2019-10-14 12:32:11,385 [pool-393-thread-1] INFO  server.RaftServerConfigKeys (ConfUtils.java:logGet(43)) - raft.server.rpcslowness.timeout = 120s (custom)
2019-10-14 12:32:11,385 [pool-403-thread-1] INFO  storage.RaftStorageDirectory (RaftStorageDirectory.java:analyzeStorage(246)) - The storage directory /workdir/hadoop-ozone/integration-test/target/test-dir/MiniOzoneClusterImpl-823ef00c-e4a9-400c-88a5-d60fec049001/datanode-2/data/ratis/cc743ab4-953e-4532-914f-cfcbfb1e5557 does not exist. Creating ...
2019-10-14 12:32:11,385 [pool-393-thread-1] INFO  server.RaftServerConfigKeys (ConfUtils.java:logGet(43)) - raft.server.sleep.deviation.threshold = 300 (default)
2019-10-14 12:32:11,385 [pool-393-thread-1] INFO  server.RaftServerConfigKeys (ConfUtils.java:logGet(43)) - raft.server.log.appender.install.snapshot.enabled = false (custom)
2019-10-14 12:32:11,385 [pool-393-thread-1] INFO  impl.RaftServerImpl (ServerState.java:<init>(103)) - 6f4fbb20-7bc8-405b-b3a3-7ab0d0d38458@group-CFCBFB1E5557: ConfigurationManager, init=-1: [f702c1a9-89db-4927-8433-467abec08902:192.168.157.204:34934, 6f4fbb20-7bc8-405b-b3a3-7ab0d0d38458:192.168.157.204:39394, a848952e-b84d-4d94-a6b9-c670ad286528:192.168.157.204:46386], old=null, confs=<EMPTY_MAP>
2019-10-14 12:32:11,386 [pool-393-thread-1] INFO  server.RaftServerConfigKeys (ConfUtils.java:logGet(43)) - raft.server.storage.dir = [/workdir/hadoop-ozone/integration-test/target/test-dir/MiniOzoneClusterImpl-823ef00c-e4a9-400c-88a5-d60fec049001/datanode-1/data/ratis] (custom)
2019-10-14 12:32:11,386 [pool-393-thread-1] INFO  server.RaftServerConfigKeys (ConfUtils.java:logGet(43)) - raft.server.log.corruption.policy = EXCEPTION (default)
2019-10-14 12:32:11,386 [pool-393-thread-1] INFO  storage.RaftStorageDirectory (RaftStorageDirectory.java:analyzeStorage(246)) - The storage directory /workdir/hadoop-ozone/integration-test/target/test-dir/MiniOzoneClusterImpl-823ef00c-e4a9-400c-88a5-d60fec049001/datanode-1/data/ratis/cc743ab4-953e-4532-914f-cfcbfb1e5557 does not exist. Creating ...
2019-10-14 12:32:11,397 [pool-403-thread-1] INFO  storage.RaftStorageDirectory (RaftStorageDirectory.java:tryLock(328)) - Lock on /workdir/hadoop-ozone/integration-test/target/test-dir/MiniOzoneClusterImpl-823ef00c-e4a9-400c-88a5-d60fec049001/datanode-2/data/ratis/cc743ab4-953e-4532-914f-cfcbfb1e5557/in_use.lock acquired by nodename 3702@pr-hdds-2196-v6glg-1693409637
2019-10-14 12:32:11,397 [pool-393-thread-1] INFO  storage.RaftStorageDirectory (RaftStorageDirectory.java:tryLock(328)) - Lock on /workdir/hadoop-ozone/integration-test/target/test-dir/MiniOzoneClusterImpl-823ef00c-e4a9-400c-88a5-d60fec049001/datanode-1/data/ratis/cc743ab4-953e-4532-914f-cfcbfb1e5557/in_use.lock acquired by nodename 3702@pr-hdds-2196-v6glg-1693409637
2019-10-14 12:32:11,397 [pool-383-thread-1] INFO  storage.RaftStorageDirectory (RaftStorageDirectory.java:tryLock(328)) - Lock on /workdir/hadoop-ozone/integration-test/target/test-dir/MiniOzoneClusterImpl-823ef00c-e4a9-400c-88a5-d60fec049001/datanode-0/data/ratis/cc743ab4-953e-4532-914f-cfcbfb1e5557/in_use.lock acquired by nodename 3702@pr-hdds-2196-v6glg-1693409637
2019-10-14 12:32:11,408 [IPC Server handler 2 on 41045] INFO  net.NetworkTopology (NetworkTopologyImpl.java:add(111)) - Added a new node: /default-rack/5620a721-7c11-4b7d-b5fe-2f085bd8b119
2019-10-14 12:32:11,408 [IPC Server handler 2 on 41045] INFO  node.SCMNodeManager (SCMNodeManager.java:register(313)) - Registered Data node : 5620a721-7c11-4b7d-b5fe-2f085bd8b119{ip: 192.168.157.204, host: pr-hdds-2196-v6glg-1693409637, networkLocation: /default-rack, certSerialId: null}
2019-10-14 12:32:11,411 [pool-393-thread-1] INFO  storage.RaftStorage (RaftStorage.java:format(84)) - Storage directory /workdir/hadoop-ozone/integration-test/target/test-dir/MiniOzoneClusterImpl-823ef00c-e4a9-400c-88a5-d60fec049001/datanode-1/data/ratis/cc743ab4-953e-4532-914f-cfcbfb1e5557 has been successfully formatted.
2019-10-14 12:32:11,411 [pool-403-thread-1] INFO  storage.RaftStorage (RaftStorage.java:format(84)) - Storage directory /workdir/hadoop-ozone/integration-test/target/test-dir/MiniOzoneClusterImpl-823ef00c-e4a9-400c-88a5-d60fec049001/datanode-2/data/ratis/cc743ab4-953e-4532-914f-cfcbfb1e5557 has been successfully formatted.
2019-10-14 12:32:11,411 [pool-383-thread-1] INFO  storage.RaftStorage (RaftStorage.java:format(84)) - Storage directory /workdir/hadoop-ozone/integration-test/target/test-dir/MiniOzoneClusterImpl-823ef00c-e4a9-400c-88a5-d60fec049001/datanode-0/data/ratis/cc743ab4-953e-4532-914f-cfcbfb1e5557 has been successfully formatted.
2019-10-14 12:32:11,411 [pool-393-thread-1] INFO  ratis.ContainerStateMachine (ContainerStateMachine.java:loadSnapshot(231)) - group-CFCBFB1E5557: The snapshot info is null. Setting the last applied indexto:(t:0, i:~)
2019-10-14 12:32:11,411 [pool-403-thread-1] INFO  ratis.ContainerStateMachine (ContainerStateMachine.java:loadSnapshot(231)) - group-CFCBFB1E5557: The snapshot info is null. Setting the last applied indexto:(t:0, i:~)
2019-10-14 12:32:11,412 [pool-383-thread-1] INFO  ratis.ContainerStateMachine (ContainerStateMachine.java:loadSnapshot(231)) - group-CFCBFB1E5557: The snapshot info is null. Setting the last applied indexto:(t:0, i:~)
2019-10-14 12:32:11,412 [pool-393-thread-1] INFO  server.RaftServerConfigKeys (ConfUtils.java:logGet(43)) - raft.server.notification.no-leader.timeout = 120s (custom)
2019-10-14 12:32:11,412 [pool-383-thread-1] INFO  server.RaftServerConfigKeys (ConfUtils.java:logGet(43)) - raft.server.notification.no-leader.timeout = 120s (custom)
2019-10-14 12:32:11,412 [pool-403-thread-1] INFO  server.RaftServerConfigKeys (ConfUtils.java:logGet(43)) - raft.server.notification.no-leader.timeout = 120s (custom)
2019-10-14 12:32:11,412 [pool-383-thread-1] INFO  server.RaftServerConfigKeys (ConfUtils.java:logGet(43)) - raft.server.log.use.memory = false (default)
2019-10-14 12:32:11,412 [pool-393-thread-1] INFO  server.RaftServerConfigKeys (ConfUtils.java:logGet(43)) - raft.server.log.use.memory = false (default)
2019-10-14 12:32:11,412 [pool-383-thread-1] INFO  server.RaftServerConfigKeys (ConfUtils.java:logGet(43)) - raft.server.log.purge.gap = 1000000 (custom)
2019-10-14 12:32:11,412 [pool-403-thread-1] INFO  server.RaftServerConfigKeys (ConfUtils.java:logGet(43)) - raft.server.log.use.memory = false (default)
2019-10-14 12:32:11,413 [pool-383-thread-1] INFO  server.RaftServerConfigKeys (ConfUtils.java:logGet(43)) - raft.server.log.appender.buffer.byte-limit = 33554432 (custom)
2019-10-14 12:32:11,412 [pool-393-thread-1] INFO  server.RaftServerConfigKeys (ConfUtils.java:logGet(43)) - raft.server.log.purge.gap = 1000000 (custom)
2019-10-14 12:32:11,413 [pool-383-thread-1] INFO  server.RaftServerConfigKeys (ConfUtils.java:logGet(43)) - raft.server.log.segment.size.max = 1048576 (custom)
2019-10-14 12:32:11,413 [pool-403-thread-1] INFO  server.RaftServerConfigKeys (ConfUtils.java:logGet(43)) - raft.server.log.purge.gap = 1000000 (custom)
2019-10-14 12:32:11,413 [pool-383-thread-1] INFO  server.RaftServerConfigKeys (ConfUtils.java:logGet(43)) - raft.server.log.segment.cache.num.max = 2 (custom)
2019-10-14 12:32:11,413 [pool-393-thread-1] INFO  server.RaftServerConfigKeys (ConfUtils.java:logGet(43)) - raft.server.log.appender.buffer.byte-limit = 33554432 (custom)
2019-10-14 12:32:11,413 [pool-383-thread-1] INFO  segmented.SegmentedRaftLogWorker (SegmentedRaftLogWorker.java:<init>(173)) - new a848952e-b84d-4d94-a6b9-c670ad286528@group-CFCBFB1E5557-SegmentedRaftLogWorker for RaftStorage:Storage Directory /workdir/hadoop-ozone/integration-test/target/test-dir/MiniOzoneClusterImpl-823ef00c-e4a9-400c-88a5-d60fec049001/datanode-0/data/ratis/cc743ab4-953e-4532-914f-cfcbfb1e5557
2019-10-14 12:32:11,413 [pool-403-thread-1] INFO  server.RaftServerConfigKeys (ConfUtils.java:logGet(43)) - raft.server.log.appender.buffer.byte-limit = 33554432 (custom)
2019-10-14 12:32:11,413 [pool-383-thread-1] INFO  server.RaftServerConfigKeys (ConfUtils.java:logGet(43)) - raft.server.log.queue.byte-limit = 2147483647 (custom)
2019-10-14 12:32:11,413 [pool-393-thread-1] INFO  server.RaftServerConfigKeys (ConfUtils.java:logGet(43)) - raft.server.log.segment.size.max = 1048576 (custom)
2019-10-14 12:32:11,414 [pool-383-thread-1] INFO  server.RaftServerConfigKeys (ConfUtils.java:logGet(43)) - raft.server.log.queue.element-limit = 1024 (custom)
2019-10-14 12:32:11,414 [pool-403-thread-1] INFO  server.RaftServerConfigKeys (ConfUtils.java:logGet(43)) - raft.server.log.segment.size.max = 1048576 (custom)
2019-10-14 12:32:11,414 [pool-383-thread-1] INFO  server.RaftServerConfigKeys (ConfUtils.java:logGet(43)) - raft.server.log.segment.size.max = 1048576 (custom)
2019-10-14 12:32:11,414 [pool-383-thread-1] INFO  server.RaftServerConfigKeys (ConfUtils.java:logGet(43)) - raft.server.log.preallocated.size = 16384 (custom)
2019-10-14 12:32:11,414 [pool-393-thread-1] INFO  server.RaftServerConfigKeys (ConfUtils.java:logGet(43)) - raft.server.log.segment.cache.num.max = 2 (custom)
2019-10-14 12:32:11,414 [pool-383-thread-1] INFO  server.RaftServerConfigKeys (ConfUtils.java:logGet(43)) - raft.server.log.write.buffer.size = 33554432 (custom)
2019-10-14 12:32:11,415 [pool-383-thread-1] INFO  server.RaftServerConfigKeys (ConfUtils.java:logGet(43)) - raft.server.log.force.sync.num = 128 (default)
2019-10-14 12:32:11,414 [pool-403-thread-1] INFO  server.RaftServerConfigKeys (ConfUtils.java:logGet(43)) - raft.server.log.segment.cache.num.max = 2 (custom)
2019-10-14 12:32:11,415 [pool-383-thread-1] INFO  server.RaftServerConfigKeys (ConfUtils.java:logGet(43)) - raft.server.log.statemachine.data.sync = true (default)
2019-10-14 12:32:11,414 [pool-393-thread-1] INFO  segmented.SegmentedRaftLogWorker (SegmentedRaftLogWorker.java:<init>(173)) - new 6f4fbb20-7bc8-405b-b3a3-7ab0d0d38458@group-CFCBFB1E5557-SegmentedRaftLogWorker for RaftStorage:Storage Directory /workdir/hadoop-ozone/integration-test/target/test-dir/MiniOzoneClusterImpl-823ef00c-e4a9-400c-88a5-d60fec049001/datanode-1/data/ratis/cc743ab4-953e-4532-914f-cfcbfb1e5557
2019-10-14 12:32:11,415 [pool-383-thread-1] INFO  server.RaftServerConfigKeys (ConfUtils.java:logGet(43)) - raft.server.log.statemachine.data.sync.timeout = 10s (default)
2019-10-14 12:32:11,415 [pool-403-thread-1] INFO  segmented.SegmentedRaftLogWorker (SegmentedRaftLogWorker.java:<init>(173)) - new f702c1a9-89db-4927-8433-467abec08902@group-CFCBFB1E5557-SegmentedRaftLogWorker for RaftStorage:Storage Directory /workdir/hadoop-ozone/integration-test/target/test-dir/MiniOzoneClusterImpl-823ef00c-e4a9-400c-88a5-d60fec049001/datanode-2/data/ratis/cc743ab4-953e-4532-914f-cfcbfb1e5557
2019-10-14 12:32:11,415 [pool-383-thread-1] INFO  server.RaftServerConfigKeys (ConfUtils.java:logGet(43)) - raft.server.log.statemachine.data.sync.timeout.retry = -1 (default)
2019-10-14 12:32:11,415 [pool-393-thread-1] INFO  server.RaftServerConfigKeys (ConfUtils.java:logGet(43)) - raft.server.log.queue.byte-limit = 2147483647 (custom)
2019-10-14 12:32:11,415 [pool-383-thread-1] INFO  server.RaftServerConfigKeys (ConfUtils.java:logGet(43)) - raft.server.log.statemachine.data.caching.enabled = true (custom)
2019-10-14 12:32:11,415 [pool-403-thread-1] INFO  server.RaftServerConfigKeys (ConfUtils.java:logGet(43)) - raft.server.log.queue.byte-limit = 2147483647 (custom)
2019-10-14 12:32:11,415 [pool-393-thread-1] INFO  server.RaftServerConfigKeys (ConfUtils.java:logGet(43)) - raft.server.log.queue.element-limit = 1024 (custom)
2019-10-14 12:32:11,416 [pool-403-thread-1] INFO  server.RaftServerConfigKeys (ConfUtils.java:logGet(43)) - raft.server.log.queue.element-limit = 1024 (custom)
2019-10-14 12:32:11,416 [pool-393-thread-1] INFO  server.RaftServerConfigKeys (ConfUtils.java:logGet(43)) - raft.server.log.segment.size.max = 1048576 (custom)
2019-10-14 12:32:11,416 [pool-403-thread-1] INFO  server.RaftServerConfigKeys (ConfUtils.java:logGet(43)) - raft.server.log.segment.size.max = 1048576 (custom)
2019-10-14 12:32:11,416 [pool-393-thread-1] INFO  server.RaftServerConfigKeys (ConfUtils.java:logGet(43)) - raft.server.log.preallocated.size = 16384 (custom)
2019-10-14 12:32:11,416 [pool-403-thread-1] INFO  server.RaftServerConfigKeys (ConfUtils.java:logGet(43)) - raft.server.log.preallocated.size = 16384 (custom)
2019-10-14 12:32:11,416 [pool-393-thread-1] INFO  server.RaftServerConfigKeys (ConfUtils.java:logGet(43)) - raft.server.log.write.buffer.size = 33554432 (custom)
2019-10-14 12:32:11,416 [pool-403-thread-1] INFO  server.RaftServerConfigKeys (ConfUtils.java:logGet(43)) - raft.server.log.write.buffer.size = 33554432 (custom)
2019-10-14 12:32:11,416 [pool-383-thread-1] INFO  segmented.SegmentedRaftLogWorker (SegmentedRaftLogWorker.java:lambda$new$0(128)) - a848952e-b84d-4d94-a6b9-c670ad286528@group-CFCBFB1E5557-SegmentedRaftLogWorker: flushIndex: setUnconditionally 0 -> -1
2019-10-14 12:32:11,416 [pool-393-thread-1] INFO  server.RaftServerConfigKeys (ConfUtils.java:logGet(43)) - raft.server.log.force.sync.num = 128 (default)
2019-10-14 12:32:11,417 [pool-403-thread-1] INFO  server.RaftServerConfigKeys (ConfUtils.java:logGet(43)) - raft.server.log.force.sync.num = 128 (default)
2019-10-14 12:32:11,417 [pool-383-thread-1] INFO  server.RaftServerConfigKeys (ConfUtils.java:logGet(43)) - raft.server.snapshot.auto.trigger.enabled = true (custom)
2019-10-14 12:32:11,417 [pool-393-thread-1] INFO  server.RaftServerConfigKeys (ConfUtils.java:logGet(43)) - raft.server.log.statemachine.data.sync = true (default)
2019-10-14 12:32:11,417 [pool-383-thread-1] INFO  server.RaftServerConfigKeys (ConfUtils.java:logGet(43)) - raft.server.snapshot.auto.trigger.threshold = 10000 (custom)
2019-10-14 12:32:11,417 [pool-383-thread-1] INFO  server.RaftServerConfigKeys (ConfUtils.java:logGet(43)) - raft.server.snapshot.retention.file.num = 5 (custom)
2019-10-14 12:32:11,417 [pool-403-thread-1] INFO  server.RaftServerConfigKeys (ConfUtils.java:logGet(43)) - raft.server.log.statemachine.data.sync = true (default)
2019-10-14 12:32:11,417 [pool-383-thread-1] INFO  server.RaftServerConfigKeys (ConfUtils.java:logGet(43)) - raft.server.retrycache.expirytime = 600000ms (custom)
2019-10-14 12:32:11,417 [pool-393-thread-1] INFO  server.RaftServerConfigKeys (ConfUtils.java:logGet(43)) - raft.server.log.statemachine.data.sync.timeout = 10s (default)
2019-10-14 12:32:11,417 [pool-403-thread-1] INFO  server.RaftServerConfigKeys (ConfUtils.java:logGet(43)) - raft.server.log.statemachine.data.sync.timeout = 10s (default)
2019-10-14 12:32:11,418 [pool-393-thread-1] INFO  server.RaftServerConfigKeys (ConfUtils.java:logGet(43)) - raft.server.log.statemachine.data.sync.timeout.retry = -1 (default)
2019-10-14 12:32:11,418 [pool-403-thread-1] INFO  server.RaftServerConfigKeys (ConfUtils.java:logGet(43)) - raft.server.log.statemachine.data.sync.timeout.retry = -1 (default)
2019-10-14 12:32:11,418 [pool-393-thread-1] INFO  server.RaftServerConfigKeys (ConfUtils.java:logGet(43)) - raft.server.log.statemachine.data.caching.enabled = true (custom)
2019-10-14 12:32:11,418 [pool-403-thread-1] INFO  server.RaftServerConfigKeys (ConfUtils.java:logGet(43)) - raft.server.log.statemachine.data.caching.enabled = true (custom)
2019-10-14 12:32:11,418 [pool-393-thread-1] INFO  segmented.SegmentedRaftLogWorker (SegmentedRaftLogWorker.java:lambda$new$0(128)) - 6f4fbb20-7bc8-405b-b3a3-7ab0d0d38458@group-CFCBFB1E5557-SegmentedRaftLogWorker: flushIndex: setUnconditionally 0 -> -1
2019-10-14 12:32:11,419 [pool-403-thread-1] INFO  segmented.SegmentedRaftLogWorker (SegmentedRaftLogWorker.java:lambda$new$0(128)) - f702c1a9-89db-4927-8433-467abec08902@group-CFCBFB1E5557-SegmentedRaftLogWorker: flushIndex: setUnconditionally 0 -> -1
2019-10-14 12:32:11,419 [pool-393-thread-1] INFO  server.RaftServerConfigKeys (ConfUtils.java:logGet(43)) - raft.server.snapshot.auto.trigger.enabled = true (custom)
2019-10-14 12:32:11,419 [pool-403-thread-1] INFO  server.RaftServerConfigKeys (ConfUtils.java:logGet(43)) - raft.server.snapshot.auto.trigger.enabled = true (custom)
2019-10-14 12:32:11,419 [pool-393-thread-1] INFO  server.RaftServerConfigKeys (ConfUtils.java:logGet(43)) - raft.server.snapshot.auto.trigger.threshold = 10000 (custom)
2019-10-14 12:32:11,419 [pool-403-thread-1] INFO  server.RaftServerConfigKeys (ConfUtils.java:logGet(43)) - raft.server.snapshot.auto.trigger.threshold = 10000 (custom)
2019-10-14 12:32:11,419 [pool-393-thread-1] INFO  server.RaftServerConfigKeys (ConfUtils.java:logGet(43)) - raft.server.snapshot.retention.file.num = 5 (custom)
2019-10-14 12:32:11,419 [pool-403-thread-1] INFO  server.RaftServerConfigKeys (ConfUtils.java:logGet(43)) - raft.server.snapshot.retention.file.num = 5 (custom)
2019-10-14 12:32:11,419 [pool-393-thread-1] INFO  server.RaftServerConfigKeys (ConfUtils.java:logGet(43)) - raft.server.retrycache.expirytime = 600000ms (custom)
2019-10-14 12:32:11,419 [pool-383-thread-1] INFO  impl.RaftServerImpl (RaftServerImpl.java:start(181)) - a848952e-b84d-4d94-a6b9-c670ad286528@group-CFCBFB1E5557: start as a follower, conf=-1: [f702c1a9-89db-4927-8433-467abec08902:192.168.157.204:34934, 6f4fbb20-7bc8-405b-b3a3-7ab0d0d38458:192.168.157.204:39394, a848952e-b84d-4d94-a6b9-c670ad286528:192.168.157.204:46386], old=null
2019-10-14 12:32:11,419 [pool-403-thread-1] INFO  server.RaftServerConfigKeys (ConfUtils.java:logGet(43)) - raft.server.retrycache.expirytime = 600000ms (custom)
2019-10-14 12:32:11,420 [pool-383-thread-1] INFO  impl.RaftServerImpl (RaftServerImpl.java:setRole(170)) - a848952e-b84d-4d94-a6b9-c670ad286528@group-CFCBFB1E5557: changes role from      null to FOLLOWER at term 0 for startAsFollower
2019-10-14 12:32:11,420 [pool-383-thread-1] INFO  impl.RoleInfo (RoleInfo.java:updateAndGet(143)) - a848952e-b84d-4d94-a6b9-c670ad286528: start FollowerState
2019-10-14 12:32:11,420 [pool-383-thread-1] INFO  util.JmxRegister (JmxRegister.java:tryRegister(44)) - Successfully registered JMX Bean with object name Ratis:service=RaftServer,group=group-CFCBFB1E5557,id=a848952e-b84d-4d94-a6b9-c670ad286528
2019-10-14 12:32:11,422 [pool-393-thread-1] INFO  impl.RaftServerImpl (RaftServerImpl.java:start(181)) - 6f4fbb20-7bc8-405b-b3a3-7ab0d0d38458@group-CFCBFB1E5557: start as a follower, conf=-1: [f702c1a9-89db-4927-8433-467abec08902:192.168.157.204:34934, 6f4fbb20-7bc8-405b-b3a3-7ab0d0d38458:192.168.157.204:39394, a848952e-b84d-4d94-a6b9-c670ad286528:192.168.157.204:46386], old=null
2019-10-14 12:32:11,422 [pool-393-thread-1] INFO  impl.RaftServerImpl (RaftServerImpl.java:setRole(170)) - 6f4fbb20-7bc8-405b-b3a3-7ab0d0d38458@group-CFCBFB1E5557: changes role from      null to FOLLOWER at term 0 for startAsFollower
2019-10-14 12:32:11,422 [pool-393-thread-1] INFO  impl.RoleInfo (RoleInfo.java:updateAndGet(143)) - 6f4fbb20-7bc8-405b-b3a3-7ab0d0d38458: start FollowerState
2019-10-14 12:32:11,422 [pool-393-thread-1] INFO  util.JmxRegister (JmxRegister.java:tryRegister(44)) - Successfully registered JMX Bean with object name Ratis:service=RaftServer,group=group-CFCBFB1E5557,id=6f4fbb20-7bc8-405b-b3a3-7ab0d0d38458
2019-10-14 12:32:11,423 [pool-403-thread-1] INFO  impl.RaftServerImpl (RaftServerImpl.java:start(181)) - f702c1a9-89db-4927-8433-467abec08902@group-CFCBFB1E5557: start as a follower, conf=-1: [f702c1a9-89db-4927-8433-467abec08902:192.168.157.204:34934, 6f4fbb20-7bc8-405b-b3a3-7ab0d0d38458:192.168.157.204:39394, a848952e-b84d-4d94-a6b9-c670ad286528:192.168.157.204:46386], old=null
2019-10-14 12:32:11,423 [pool-403-thread-1] INFO  impl.RaftServerImpl (RaftServerImpl.java:setRole(170)) - f702c1a9-89db-4927-8433-467abec08902@group-CFCBFB1E5557: changes role from      null to FOLLOWER at term 0 for startAsFollower
2019-10-14 12:32:11,423 [pool-403-thread-1] INFO  impl.RoleInfo (RoleInfo.java:updateAndGet(143)) - f702c1a9-89db-4927-8433-467abec08902: start FollowerState
2019-10-14 12:32:11,423 [pool-403-thread-1] INFO  util.JmxRegister (JmxRegister.java:tryRegister(44)) - Successfully registered JMX Bean with object name Ratis:service=RaftServer,group=group-CFCBFB1E5557,id=f702c1a9-89db-4927-8433-467abec08902
2019-10-14 12:32:11,427 [RatisPipelineUtilsThread] INFO  pipeline.PipelineStateManager (PipelineStateManager.java:addPipeline(56)) - Created pipeline Pipeline[ Id: cc743ab4-953e-4532-914f-cfcbfb1e5557, Nodes: 6f4fbb20-7bc8-405b-b3a3-7ab0d0d38458{ip: 192.168.157.204, host: pr-hdds-2196-v6glg-1693409637, networkLocation: /default-rack, certSerialId: null}a848952e-b84d-4d94-a6b9-c670ad286528{ip: 192.168.157.204, host: pr-hdds-2196-v6glg-1693409637, networkLocation: /default-rack, certSerialId: null}f702c1a9-89db-4927-8433-467abec08902{ip: 192.168.157.204, host: pr-hdds-2196-v6glg-1693409637, networkLocation: /default-rack, certSerialId: null}, Type:RATIS, Factor:THREE, State:OPEN]
2019-10-14 12:32:11,499 [IPC Server handler 3 on 41045] INFO  net.NetworkTopology (NetworkTopologyImpl.java:add(111)) - Added a new node: /default-rack/8250a189-56a9-477f-9cb2-36f2ee56afeb
2019-10-14 12:32:11,499 [IPC Server handler 3 on 41045] INFO  node.SCMNodeManager (SCMNodeManager.java:register(313)) - Registered Data node : 8250a189-56a9-477f-9cb2-36f2ee56afeb{ip: 192.168.157.204, host: pr-hdds-2196-v6glg-1693409637, networkLocation: /default-rack, certSerialId: null}
2019-10-14 12:32:11,508 [grpc-default-executor-7] INFO  impl.RaftServerProxy (RaftServerProxy.java:addNew(89)) - 8250a189-56a9-477f-9cb2-36f2ee56afeb: addNew group-61C0208E3F1B:[8250a189-56a9-477f-9cb2-36f2ee56afeb:192.168.157.204:39417] returns group-61C0208E3F1B:java.util.concurrent.CompletableFuture@489d47d4[Not completed]
2019-10-14 12:32:11,510 [pool-423-thread-1] INFO  impl.RaftServerImpl (RaftServerImpl.java:<init>(95)) - 8250a189-56a9-477f-9cb2-36f2ee56afeb: new RaftServerImpl for group-61C0208E3F1B:[8250a189-56a9-477f-9cb2-36f2ee56afeb:192.168.157.204:39417] with ContainerStateMachine:uninitialized
2019-10-14 12:32:11,510 [pool-423-thread-1] INFO  server.RaftServerConfigKeys (ConfUtils.java:logGet(43)) - raft.server.rpc.timeout.min = 5s (custom)
2019-10-14 12:32:11,510 [pool-423-thread-1] INFO  server.RaftServerConfigKeys (ConfUtils.java:logGet(43)) - raft.server.rpc.timeout.max = 5200ms (custom)
2019-10-14 12:32:11,510 [pool-423-thread-1] INFO  server.RaftServerConfigKeys (ConfUtils.java:logGet(43)) - raft.server.rpcslowness.timeout = 120s (custom)
2019-10-14 12:32:11,510 [pool-423-thread-1] INFO  server.RaftServerConfigKeys (ConfUtils.java:logGet(43)) - raft.server.sleep.deviation.threshold = 300 (default)
2019-10-14 12:32:11,510 [pool-423-thread-1] INFO  server.RaftServerConfigKeys (ConfUtils.java:logGet(43)) - raft.server.log.appender.install.snapshot.enabled = false (custom)
2019-10-14 12:32:11,511 [pool-423-thread-1] INFO  impl.RaftServerImpl (ServerState.java:<init>(103)) - 8250a189-56a9-477f-9cb2-36f2ee56afeb@group-61C0208E3F1B: ConfigurationManager, init=-1: [8250a189-56a9-477f-9cb2-36f2ee56afeb:192.168.157.204:39417], old=null, confs=<EMPTY_MAP>
2019-10-14 12:32:11,511 [pool-423-thread-1] INFO  server.RaftServerConfigKeys (ConfUtils.java:logGet(43)) - raft.server.storage.dir = [/workdir/hadoop-ozone/integration-test/target/test-dir/MiniOzoneClusterImpl-823ef00c-e4a9-400c-88a5-d60fec049001/datanode-4/data/ratis] (custom)
2019-10-14 12:32:11,511 [pool-423-thread-1] INFO  server.RaftServerConfigKeys (ConfUtils.java:logGet(43)) - raft.server.log.corruption.policy = EXCEPTION (default)
2019-10-14 12:32:11,511 [pool-423-thread-1] INFO  storage.RaftStorageDirectory (RaftStorageDirectory.java:analyzeStorage(246)) - The storage directory /workdir/hadoop-ozone/integration-test/target/test-dir/MiniOzoneClusterImpl-823ef00c-e4a9-400c-88a5-d60fec049001/datanode-4/data/ratis/f0ff7e00-8cf1-4f4b-b25c-61c0208e3f1b does not exist. Creating ...
2019-10-14 12:32:11,533 [pool-423-thread-1] INFO  storage.RaftStorageDirectory (RaftStorageDirectory.java:tryLock(328)) - Lock on /workdir/hadoop-ozone/integration-test/target/test-dir/MiniOzoneClusterImpl-823ef00c-e4a9-400c-88a5-d60fec049001/datanode-4/data/ratis/f0ff7e00-8cf1-4f4b-b25c-61c0208e3f1b/in_use.lock acquired by nodename 3702@pr-hdds-2196-v6glg-1693409637
2019-10-14 12:32:11,546 [pool-423-thread-1] INFO  storage.RaftStorage (RaftStorage.java:format(84)) - Storage directory /workdir/hadoop-ozone/integration-test/target/test-dir/MiniOzoneClusterImpl-823ef00c-e4a9-400c-88a5-d60fec049001/datanode-4/data/ratis/f0ff7e00-8cf1-4f4b-b25c-61c0208e3f1b has been successfully formatted.
2019-10-14 12:32:11,547 [pool-423-thread-1] INFO  ratis.ContainerStateMachine (ContainerStateMachine.java:loadSnapshot(231)) - group-61C0208E3F1B: The snapshot info is null. Setting the last applied indexto:(t:0, i:~)
2019-10-14 12:32:11,547 [pool-423-thread-1] INFO  server.RaftServerConfigKeys (ConfUtils.java:logGet(43)) - raft.server.notification.no-leader.timeout = 120s (custom)
2019-10-14 12:32:11,547 [pool-423-thread-1] INFO  server.RaftServerConfigKeys (ConfUtils.java:logGet(43)) - raft.server.log.use.memory = false (default)
2019-10-14 12:32:11,547 [pool-423-thread-1] INFO  server.RaftServerConfigKeys (ConfUtils.java:logGet(43)) - raft.server.log.purge.gap = 1000000 (custom)
2019-10-14 12:32:11,547 [pool-423-thread-1] INFO  server.RaftServerConfigKeys (ConfUtils.java:logGet(43)) - raft.server.log.appender.buffer.byte-limit = 33554432 (custom)
2019-10-14 12:32:11,547 [pool-423-thread-1] INFO  server.RaftServerConfigKeys (ConfUtils.java:logGet(43)) - raft.server.log.segment.size.max = 1048576 (custom)
2019-10-14 12:32:11,549 [pool-423-thread-1] INFO  server.RaftServerConfigKeys (ConfUtils.java:logGet(43)) - raft.server.log.segment.cache.num.max = 2 (custom)
2019-10-14 12:32:11,549 [pool-423-thread-1] INFO  segmented.SegmentedRaftLogWorker (SegmentedRaftLogWorker.java:<init>(173)) - new 8250a189-56a9-477f-9cb2-36f2ee56afeb@group-61C0208E3F1B-SegmentedRaftLogWorker for RaftStorage:Storage Directory /workdir/hadoop-ozone/integration-test/target/test-dir/MiniOzoneClusterImpl-823ef00c-e4a9-400c-88a5-d60fec049001/datanode-4/data/ratis/f0ff7e00-8cf1-4f4b-b25c-61c0208e3f1b
2019-10-14 12:32:11,549 [pool-423-thread-1] INFO  server.RaftServerConfigKeys (ConfUtils.java:logGet(43)) - raft.server.log.queue.byte-limit = 2147483647 (custom)
2019-10-14 12:32:11,549 [pool-423-thread-1] INFO  server.RaftServerConfigKeys (ConfUtils.java:logGet(43)) - raft.server.log.queue.element-limit = 1024 (custom)
2019-10-14 12:32:11,549 [pool-423-thread-1] INFO  server.RaftServerConfigKeys (ConfUtils.java:logGet(43)) - raft.server.log.segment.size.max = 1048576 (custom)
2019-10-14 12:32:11,550 [pool-423-thread-1] INFO  server.RaftServerConfigKeys (ConfUtils.java:logGet(43)) - raft.server.log.preallocated.size = 16384 (custom)
2019-10-14 12:32:11,550 [pool-423-thread-1] INFO  server.RaftServerConfigKeys (ConfUtils.java:logGet(43)) - raft.server.log.write.buffer.size = 33554432 (custom)
2019-10-14 12:32:11,550 [pool-423-thread-1] INFO  server.RaftServerConfigKeys (ConfUtils.java:logGet(43)) - raft.server.log.force.sync.num = 128 (default)
2019-10-14 12:32:11,550 [pool-423-thread-1] INFO  server.RaftServerConfigKeys (ConfUtils.java:logGet(43)) - raft.server.log.statemachine.data.sync = true (default)
2019-10-14 12:32:11,550 [pool-423-thread-1] INFO  server.RaftServerConfigKeys (ConfUtils.java:logGet(43)) - raft.server.log.statemachine.data.sync.timeout = 10s (default)
2019-10-14 12:32:11,550 [pool-423-thread-1] INFO  server.RaftServerConfigKeys (ConfUtils.java:logGet(43)) - raft.server.log.statemachine.data.sync.timeout.retry = -1 (default)
2019-10-14 12:32:11,551 [pool-423-thread-1] INFO  server.RaftServerConfigKeys (ConfUtils.java:logGet(43)) - raft.server.log.statemachine.data.caching.enabled = true (custom)
2019-10-14 12:32:11,551 [pool-423-thread-1] INFO  segmented.SegmentedRaftLogWorker (SegmentedRaftLogWorker.java:lambda$new$0(128)) - 8250a189-56a9-477f-9cb2-36f2ee56afeb@group-61C0208E3F1B-SegmentedRaftLogWorker: flushIndex: setUnconditionally 0 -> -1
2019-10-14 12:32:11,551 [pool-423-thread-1] INFO  server.RaftServerConfigKeys (ConfUtils.java:logGet(43)) - raft.server.snapshot.auto.trigger.enabled = true (custom)
2019-10-14 12:32:11,551 [pool-423-thread-1] INFO  server.RaftServerConfigKeys (ConfUtils.java:logGet(43)) - raft.server.snapshot.auto.trigger.threshold = 10000 (custom)
2019-10-14 12:32:11,551 [pool-423-thread-1] INFO  server.RaftServerConfigKeys (ConfUtils.java:logGet(43)) - raft.server.snapshot.retention.file.num = 5 (custom)
2019-10-14 12:32:11,551 [pool-423-thread-1] INFO  server.RaftServerConfigKeys (ConfUtils.java:logGet(43)) - raft.server.retrycache.expirytime = 600000ms (custom)
2019-10-14 12:32:11,553 [pool-423-thread-1] INFO  impl.RaftServerImpl (RaftServerImpl.java:start(181)) - 8250a189-56a9-477f-9cb2-36f2ee56afeb@group-61C0208E3F1B: start as a follower, conf=-1: [8250a189-56a9-477f-9cb2-36f2ee56afeb:192.168.157.204:39417], old=null
2019-10-14 12:32:11,553 [pool-423-thread-1] INFO  impl.RaftServerImpl (RaftServerImpl.java:setRole(170)) - 8250a189-56a9-477f-9cb2-36f2ee56afeb@group-61C0208E3F1B: changes role from      null to FOLLOWER at term 0 for startAsFollower
2019-10-14 12:32:11,553 [pool-423-thread-1] INFO  impl.RoleInfo (RoleInfo.java:updateAndGet(143)) - 8250a189-56a9-477f-9cb2-36f2ee56afeb: start FollowerState
2019-10-14 12:32:11,554 [pool-423-thread-1] INFO  util.JmxRegister (JmxRegister.java:tryRegister(44)) - Successfully registered JMX Bean with object name Ratis:service=RaftServer,group=group-61C0208E3F1B,id=8250a189-56a9-477f-9cb2-36f2ee56afeb
2019-10-14 12:32:11,558 [RatisPipelineUtilsThread] INFO  pipeline.PipelineStateManager (PipelineStateManager.java:addPipeline(56)) - Created pipeline Pipeline[ Id: f0ff7e00-8cf1-4f4b-b25c-61c0208e3f1b, Nodes: 8250a189-56a9-477f-9cb2-36f2ee56afeb{ip: 192.168.157.204, host: pr-hdds-2196-v6glg-1693409637, networkLocation: /default-rack, certSerialId: null}, Type:RATIS, Factor:ONE, State:OPEN]
2019-10-14 12:32:11,565 [grpc-default-executor-7] INFO  impl.RaftServerProxy (RaftServerProxy.java:addNew(89)) - 5620a721-7c11-4b7d-b5fe-2f085bd8b119: addNew group-10D98F098622:[5620a721-7c11-4b7d-b5fe-2f085bd8b119:192.168.157.204:35186] returns group-10D98F098622:java.util.concurrent.CompletableFuture@2240b1f9[Not completed]
2019-10-14 12:32:11,567 [pool-413-thread-1] INFO  impl.RaftServerImpl (RaftServerImpl.java:<init>(95)) - 5620a721-7c11-4b7d-b5fe-2f085bd8b119: new RaftServerImpl for group-10D98F098622:[5620a721-7c11-4b7d-b5fe-2f085bd8b119:192.168.157.204:35186] with ContainerStateMachine:uninitialized
2019-10-14 12:32:11,567 [pool-413-thread-1] INFO  server.RaftServerConfigKeys (ConfUtils.java:logGet(43)) - raft.server.rpc.timeout.min = 5s (custom)
2019-10-14 12:32:11,567 [pool-413-thread-1] INFO  server.RaftServerConfigKeys (ConfUtils.java:logGet(43)) - raft.server.rpc.timeout.max = 5200ms (custom)
2019-10-14 12:32:11,567 [pool-413-thread-1] INFO  server.RaftServerConfigKeys (ConfUtils.java:logGet(43)) - raft.server.rpcslowness.timeout = 120s (custom)
2019-10-14 12:32:11,567 [pool-413-thread-1] INFO  server.RaftServerConfigKeys (ConfUtils.java:logGet(43)) - raft.server.sleep.deviation.threshold = 300 (default)
2019-10-14 12:32:11,567 [pool-413-thread-1] INFO  server.RaftServerConfigKeys (ConfUtils.java:logGet(43)) - raft.server.log.appender.install.snapshot.enabled = false (custom)
2019-10-14 12:32:11,567 [pool-413-thread-1] INFO  impl.RaftServerImpl (ServerState.java:<init>(103)) - 5620a721-7c11-4b7d-b5fe-2f085bd8b119@group-10D98F098622: ConfigurationManager, init=-1: [5620a721-7c11-4b7d-b5fe-2f085bd8b119:192.168.157.204:35186], old=null, confs=<EMPTY_MAP>
2019-10-14 12:32:11,567 [pool-413-thread-1] INFO  server.RaftServerConfigKeys (ConfUtils.java:logGet(43)) - raft.server.storage.dir = [/workdir/hadoop-ozone/integration-test/target/test-dir/MiniOzoneClusterImpl-823ef00c-e4a9-400c-88a5-d60fec049001/datanode-3/data/ratis] (custom)
2019-10-14 12:32:11,567 [pool-413-thread-1] INFO  server.RaftServerConfigKeys (ConfUtils.java:logGet(43)) - raft.server.log.corruption.policy = EXCEPTION (default)
2019-10-14 12:32:11,568 [pool-413-thread-1] INFO  storage.RaftStorageDirectory (RaftStorageDirectory.java:analyzeStorage(246)) - The storage directory /workdir/hadoop-ozone/integration-test/target/test-dir/MiniOzoneClusterImpl-823ef00c-e4a9-400c-88a5-d60fec049001/datanode-3/data/ratis/fe717c44-ffe7-47d7-bb03-10d98f098622 does not exist. Creating ...
2019-10-14 12:32:11,580 [pool-413-thread-1] INFO  storage.RaftStorageDirectory (RaftStorageDirectory.java:tryLock(328)) - Lock on /workdir/hadoop-ozone/integration-test/target/test-dir/MiniOzoneClusterImpl-823ef00c-e4a9-400c-88a5-d60fec049001/datanode-3/data/ratis/fe717c44-ffe7-47d7-bb03-10d98f098622/in_use.lock acquired by nodename 3702@pr-hdds-2196-v6glg-1693409637
2019-10-14 12:32:11,590 [IPC Server handler 4 on 41045] INFO  net.NetworkTopology (NetworkTopologyImpl.java:add(111)) - Added a new node: /default-rack/1aad952c-1ff7-47c2-b7b8-740e07acac87
2019-10-14 12:32:11,590 [IPC Server handler 4 on 41045] INFO  node.SCMNodeManager (SCMNodeManager.java:register(313)) - Registered Data node : 1aad952c-1ff7-47c2-b7b8-740e07acac87{ip: 192.168.157.204, host: pr-hdds-2196-v6glg-1693409637, networkLocation: /default-rack, certSerialId: null}
2019-10-14 12:32:11,593 [pool-413-thread-1] INFO  storage.RaftStorage (RaftStorage.java:format(84)) - Storage directory /workdir/hadoop-ozone/integration-test/target/test-dir/MiniOzoneClusterImpl-823ef00c-e4a9-400c-88a5-d60fec049001/datanode-3/data/ratis/fe717c44-ffe7-47d7-bb03-10d98f098622 has been successfully formatted.
2019-10-14 12:32:11,593 [pool-413-thread-1] INFO  ratis.ContainerStateMachine (ContainerStateMachine.java:loadSnapshot(231)) - group-10D98F098622: The snapshot info is null. Setting the last applied indexto:(t:0, i:~)
2019-10-14 12:32:11,593 [pool-413-thread-1] INFO  server.RaftServerConfigKeys (ConfUtils.java:logGet(43)) - raft.server.notification.no-leader.timeout = 120s (custom)
2019-10-14 12:32:11,593 [pool-413-thread-1] INFO  server.RaftServerConfigKeys (ConfUtils.java:logGet(43)) - raft.server.log.use.memory = false (default)
2019-10-14 12:32:11,594 [pool-413-thread-1] INFO  server.RaftServerConfigKeys (ConfUtils.java:logGet(43)) - raft.server.log.purge.gap = 1000000 (custom)
2019-10-14 12:32:11,594 [pool-413-thread-1] INFO  server.RaftServerConfigKeys (ConfUtils.java:logGet(43)) - raft.server.log.appender.buffer.byte-limit = 33554432 (custom)
2019-10-14 12:32:11,594 [pool-413-thread-1] INFO  server.RaftServerConfigKeys (ConfUtils.java:logGet(43)) - raft.server.log.segment.size.max = 1048576 (custom)
2019-10-14 12:32:11,595 [pool-413-thread-1] INFO  server.RaftServerConfigKeys (ConfUtils.java:logGet(43)) - raft.server.log.segment.cache.num.max = 2 (custom)
2019-10-14 12:32:11,595 [pool-413-thread-1] INFO  segmented.SegmentedRaftLogWorker (SegmentedRaftLogWorker.java:<init>(173)) - new 5620a721-7c11-4b7d-b5fe-2f085bd8b119@group-10D98F098622-SegmentedRaftLogWorker for RaftStorage:Storage Directory /workdir/hadoop-ozone/integration-test/target/test-dir/MiniOzoneClusterImpl-823ef00c-e4a9-400c-88a5-d60fec049001/datanode-3/data/ratis/fe717c44-ffe7-47d7-bb03-10d98f098622
2019-10-14 12:32:11,595 [pool-413-thread-1] INFO  server.RaftServerConfigKeys (ConfUtils.java:logGet(43)) - raft.server.log.queue.byte-limit = 2147483647 (custom)
2019-10-14 12:32:11,595 [pool-413-thread-1] INFO  server.RaftServerConfigKeys (ConfUtils.java:logGet(43)) - raft.server.log.queue.element-limit = 1024 (custom)
2019-10-14 12:32:11,595 [pool-413-thread-1] INFO  server.RaftServerConfigKeys (ConfUtils.java:logGet(43)) - raft.server.log.segment.size.max = 1048576 (custom)
2019-10-14 12:32:11,596 [pool-413-thread-1] INFO  server.RaftServerConfigKeys (ConfUtils.java:logGet(43)) - raft.server.log.preallocated.size = 16384 (custom)
2019-10-14 12:32:11,596 [pool-413-thread-1] INFO  server.RaftServerConfigKeys (ConfUtils.java:logGet(43)) - raft.server.log.write.buffer.size = 33554432 (custom)
2019-10-14 12:32:11,596 [pool-413-thread-1] INFO  server.RaftServerConfigKeys (ConfUtils.java:logGet(43)) - raft.server.log.force.sync.num = 128 (default)
2019-10-14 12:32:11,596 [pool-413-thread-1] INFO  server.RaftServerConfigKeys (ConfUtils.java:logGet(43)) - raft.server.log.statemachine.data.sync = true (default)
2019-10-14 12:32:11,596 [pool-413-thread-1] INFO  server.RaftServerConfigKeys (ConfUtils.java:logGet(43)) - raft.server.log.statemachine.data.sync.timeout = 10s (default)
2019-10-14 12:32:11,596 [pool-413-thread-1] INFO  server.RaftServerConfigKeys (ConfUtils.java:logGet(43)) - raft.server.log.statemachine.data.sync.timeout.retry = -1 (default)
2019-10-14 12:32:11,596 [pool-413-thread-1] INFO  server.RaftServerConfigKeys (ConfUtils.java:logGet(43)) - raft.server.log.statemachine.data.caching.enabled = true (custom)
2019-10-14 12:32:11,597 [pool-413-thread-1] INFO  segmented.SegmentedRaftLogWorker (SegmentedRaftLogWorker.java:lambda$new$0(128)) - 5620a721-7c11-4b7d-b5fe-2f085bd8b119@group-10D98F098622-SegmentedRaftLogWorker: flushIndex: setUnconditionally 0 -> -1
2019-10-14 12:32:11,597 [pool-413-thread-1] INFO  server.RaftServerConfigKeys (ConfUtils.java:logGet(43)) - raft.server.snapshot.auto.trigger.enabled = true (custom)
2019-10-14 12:32:11,597 [pool-413-thread-1] INFO  server.RaftServerConfigKeys (ConfUtils.java:logGet(43)) - raft.server.snapshot.auto.trigger.threshold = 10000 (custom)
2019-10-14 12:32:11,597 [pool-413-thread-1] INFO  server.RaftServerConfigKeys (ConfUtils.java:logGet(43)) - raft.server.snapshot.retention.file.num = 5 (custom)
2019-10-14 12:32:11,598 [pool-413-thread-1] INFO  server.RaftServerConfigKeys (ConfUtils.java:logGet(43)) - raft.server.retrycache.expirytime = 600000ms (custom)
2019-10-14 12:32:11,599 [pool-413-thread-1] INFO  impl.RaftServerImpl (RaftServerImpl.java:start(181)) - 5620a721-7c11-4b7d-b5fe-2f085bd8b119@group-10D98F098622: start as a follower, conf=-1: [5620a721-7c11-4b7d-b5fe-2f085bd8b119:192.168.157.204:35186], old=null
2019-10-14 12:32:11,599 [pool-413-thread-1] INFO  impl.RaftServerImpl (RaftServerImpl.java:setRole(170)) - 5620a721-7c11-4b7d-b5fe-2f085bd8b119@group-10D98F098622: changes role from      null to FOLLOWER at term 0 for startAsFollower
2019-10-14 12:32:11,599 [pool-413-thread-1] INFO  impl.RoleInfo (RoleInfo.java:updateAndGet(143)) - 5620a721-7c11-4b7d-b5fe-2f085bd8b119: start FollowerState
2019-10-14 12:32:11,599 [pool-413-thread-1] INFO  util.JmxRegister (JmxRegister.java:tryRegister(44)) - Successfully registered JMX Bean with object name Ratis:service=RaftServer,group=group-10D98F098622,id=5620a721-7c11-4b7d-b5fe-2f085bd8b119
2019-10-14 12:32:11,602 [RatisPipelineUtilsThread] INFO  pipeline.PipelineStateManager (PipelineStateManager.java:addPipeline(56)) - Created pipeline Pipeline[ Id: fe717c44-ffe7-47d7-bb03-10d98f098622, Nodes: 5620a721-7c11-4b7d-b5fe-2f085bd8b119{ip: 192.168.157.204, host: pr-hdds-2196-v6glg-1693409637, networkLocation: /default-rack, certSerialId: null}, Type:RATIS, Factor:ONE, State:OPEN]
2019-10-14 12:32:11,609 [grpc-default-executor-7] INFO  impl.RaftServerProxy (RaftServerProxy.java:addNew(89)) - 1aad952c-1ff7-47c2-b7b8-740e07acac87: addNew group-0F06DA379027:[1aad952c-1ff7-47c2-b7b8-740e07acac87:192.168.157.204:35347] returns group-0F06DA379027:java.util.concurrent.CompletableFuture@4b3107a2[Not completed]
2019-10-14 12:32:11,611 [pool-433-thread-1] INFO  impl.RaftServerImpl (RaftServerImpl.java:<init>(95)) - 1aad952c-1ff7-47c2-b7b8-740e07acac87: new RaftServerImpl for group-0F06DA379027:[1aad952c-1ff7-47c2-b7b8-740e07acac87:192.168.157.204:35347] with ContainerStateMachine:uninitialized
2019-10-14 12:32:11,615 [pool-433-thread-1] INFO  server.RaftServerConfigKeys (ConfUtils.java:logGet(43)) - raft.server.rpc.timeout.min = 5s (custom)
2019-10-14 12:32:11,616 [pool-433-thread-1] INFO  server.RaftServerConfigKeys (ConfUtils.java:logGet(43)) - raft.server.rpc.timeout.max = 5200ms (custom)
2019-10-14 12:32:11,616 [pool-433-thread-1] INFO  server.RaftServerConfigKeys (ConfUtils.java:logGet(43)) - raft.server.rpcslowness.timeout = 120s (custom)
2019-10-14 12:32:11,616 [pool-433-thread-1] INFO  server.RaftServerConfigKeys (ConfUtils.java:logGet(43)) - raft.server.sleep.deviation.threshold = 300 (default)
2019-10-14 12:32:11,616 [pool-433-thread-1] INFO  server.RaftServerConfigKeys (ConfUtils.java:logGet(43)) - raft.server.log.appender.install.snapshot.enabled = false (custom)
2019-10-14 12:32:11,616 [pool-433-thread-1] INFO  impl.RaftServerImpl (ServerState.java:<init>(103)) - 1aad952c-1ff7-47c2-b7b8-740e07acac87@group-0F06DA379027: ConfigurationManager, init=-1: [1aad952c-1ff7-47c2-b7b8-740e07acac87:192.168.157.204:35347], old=null, confs=<EMPTY_MAP>
2019-10-14 12:32:11,616 [pool-433-thread-1] INFO  server.RaftServerConfigKeys (ConfUtils.java:logGet(43)) - raft.server.storage.dir = [/workdir/hadoop-ozone/integration-test/target/test-dir/MiniOzoneClusterImpl-823ef00c-e4a9-400c-88a5-d60fec049001/datanode-5/data/ratis] (custom)
2019-10-14 12:32:11,617 [pool-433-thread-1] INFO  server.RaftServerConfigKeys (ConfUtils.java:logGet(43)) - raft.server.log.corruption.policy = EXCEPTION (default)
2019-10-14 12:32:11,617 [pool-433-thread-1] INFO  storage.RaftStorageDirectory (RaftStorageDirectory.java:analyzeStorage(246)) - The storage directory /workdir/hadoop-ozone/integration-test/target/test-dir/MiniOzoneClusterImpl-823ef00c-e4a9-400c-88a5-d60fec049001/datanode-5/data/ratis/f7027118-3ef9-4009-8f76-0f06da379027 does not exist. Creating ...
2019-10-14 12:32:11,630 [pool-433-thread-1] INFO  storage.RaftStorageDirectory (RaftStorageDirectory.java:tryLock(328)) - Lock on /workdir/hadoop-ozone/integration-test/target/test-dir/MiniOzoneClusterImpl-823ef00c-e4a9-400c-88a5-d60fec049001/datanode-5/data/ratis/f7027118-3ef9-4009-8f76-0f06da379027/in_use.lock acquired by nodename 3702@pr-hdds-2196-v6glg-1693409637
2019-10-14 12:32:11,642 [pool-433-thread-1] INFO  storage.RaftStorage (RaftStorage.java:format(84)) - Storage directory /workdir/hadoop-ozone/integration-test/target/test-dir/MiniOzoneClusterImpl-823ef00c-e4a9-400c-88a5-d60fec049001/datanode-5/data/ratis/f7027118-3ef9-4009-8f76-0f06da379027 has been successfully formatted.
2019-10-14 12:32:11,643 [pool-433-thread-1] INFO  ratis.ContainerStateMachine (ContainerStateMachine.java:loadSnapshot(231)) - group-0F06DA379027: The snapshot info is null. Setting the last applied indexto:(t:0, i:~)
2019-10-14 12:32:11,643 [pool-433-thread-1] INFO  server.RaftServerConfigKeys (ConfUtils.java:logGet(43)) - raft.server.notification.no-leader.timeout = 120s (custom)
2019-10-14 12:32:11,643 [pool-433-thread-1] INFO  server.RaftServerConfigKeys (ConfUtils.java:logGet(43)) - raft.server.log.use.memory = false (default)
2019-10-14 12:32:11,643 [pool-433-thread-1] INFO  server.RaftServerConfigKeys (ConfUtils.java:logGet(43)) - raft.server.log.purge.gap = 1000000 (custom)
2019-10-14 12:32:11,643 [pool-433-thread-1] INFO  server.RaftServerConfigKeys (ConfUtils.java:logGet(43)) - raft.server.log.appender.buffer.byte-limit = 33554432 (custom)
2019-10-14 12:32:11,643 [pool-433-thread-1] INFO  server.RaftServerConfigKeys (ConfUtils.java:logGet(43)) - raft.server.log.segment.size.max = 1048576 (custom)
2019-10-14 12:32:11,645 [pool-433-thread-1] INFO  server.RaftServerConfigKeys (ConfUtils.java:logGet(43)) - raft.server.log.segment.cache.num.max = 2 (custom)
2019-10-14 12:32:11,645 [pool-433-thread-1] INFO  segmented.SegmentedRaftLogWorker (SegmentedRaftLogWorker.java:<init>(173)) - new 1aad952c-1ff7-47c2-b7b8-740e07acac87@group-0F06DA379027-SegmentedRaftLogWorker for RaftStorage:Storage Directory /workdir/hadoop-ozone/integration-test/target/test-dir/MiniOzoneClusterImpl-823ef00c-e4a9-400c-88a5-d60fec049001/datanode-5/data/ratis/f7027118-3ef9-4009-8f76-0f06da379027
2019-10-14 12:32:11,645 [pool-433-thread-1] INFO  server.RaftServerConfigKeys (ConfUtils.java:logGet(43)) - raft.server.log.queue.byte-limit = 2147483647 (custom)
2019-10-14 12:32:11,645 [pool-433-thread-1] INFO  server.RaftServerConfigKeys (ConfUtils.java:logGet(43)) - raft.server.log.queue.element-limit = 1024 (custom)
2019-10-14 12:32:11,645 [pool-433-thread-1] INFO  server.RaftServerConfigKeys (ConfUtils.java:logGet(43)) - raft.server.log.segment.size.max = 1048576 (custom)
2019-10-14 12:32:11,646 [pool-433-thread-1] INFO  server.RaftServerConfigKeys (ConfUtils.java:logGet(43)) - raft.server.log.preallocated.size = 16384 (custom)
2019-10-14 12:32:11,646 [pool-433-thread-1] INFO  server.RaftServerConfigKeys (ConfUtils.java:logGet(43)) - raft.server.log.write.buffer.size = 33554432 (custom)
2019-10-14 12:32:11,646 [pool-433-thread-1] INFO  server.RaftServerConfigKeys (ConfUtils.java:logGet(43)) - raft.server.log.force.sync.num = 128 (default)
2019-10-14 12:32:11,646 [pool-433-thread-1] INFO  server.RaftServerConfigKeys (ConfUtils.java:logGet(43)) - raft.server.log.statemachine.data.sync = true (default)
2019-10-14 12:32:11,646 [pool-433-thread-1] INFO  server.RaftServerConfigKeys (ConfUtils.java:logGet(43)) - raft.server.log.statemachine.data.sync.timeout = 10s (default)
2019-10-14 12:32:11,646 [pool-433-thread-1] INFO  server.RaftServerConfigKeys (ConfUtils.java:logGet(43)) - raft.server.log.statemachine.data.sync.timeout.retry = -1 (default)
2019-10-14 12:32:11,647 [pool-433-thread-1] INFO  server.RaftServerConfigKeys (ConfUtils.java:logGet(43)) - raft.server.log.statemachine.data.caching.enabled = true (custom)
2019-10-14 12:32:11,647 [pool-433-thread-1] INFO  segmented.SegmentedRaftLogWorker (SegmentedRaftLogWorker.java:lambda$new$0(128)) - 1aad952c-1ff7-47c2-b7b8-740e07acac87@group-0F06DA379027-SegmentedRaftLogWorker: flushIndex: setUnconditionally 0 -> -1
2019-10-14 12:32:11,647 [pool-433-thread-1] INFO  server.RaftServerConfigKeys (ConfUtils.java:logGet(43)) - raft.server.snapshot.auto.trigger.enabled = true (custom)
2019-10-14 12:32:11,647 [pool-433-thread-1] INFO  server.RaftServerConfigKeys (ConfUtils.java:logGet(43)) - raft.server.snapshot.auto.trigger.threshold = 10000 (custom)
2019-10-14 12:32:11,647 [pool-433-thread-1] INFO  server.RaftServerConfigKeys (ConfUtils.java:logGet(43)) - raft.server.snapshot.retention.file.num = 5 (custom)
2019-10-14 12:32:11,648 [pool-433-thread-1] INFO  server.RaftServerConfigKeys (ConfUtils.java:logGet(43)) - raft.server.retrycache.expirytime = 600000ms (custom)
2019-10-14 12:32:11,650 [pool-433-thread-1] INFO  impl.RaftServerImpl (RaftServerImpl.java:start(181)) - 1aad952c-1ff7-47c2-b7b8-740e07acac87@group-0F06DA379027: start as a follower, conf=-1: [1aad952c-1ff7-47c2-b7b8-740e07acac87:192.168.157.204:35347], old=null
2019-10-14 12:32:11,650 [pool-433-thread-1] INFO  impl.RaftServerImpl (RaftServerImpl.java:setRole(170)) - 1aad952c-1ff7-47c2-b7b8-740e07acac87@group-0F06DA379027: changes role from      null to FOLLOWER at term 0 for startAsFollower
2019-10-14 12:32:11,650 [pool-433-thread-1] INFO  impl.RoleInfo (RoleInfo.java:updateAndGet(143)) - 1aad952c-1ff7-47c2-b7b8-740e07acac87: start FollowerState
2019-10-14 12:32:11,651 [pool-433-thread-1] INFO  util.JmxRegister (JmxRegister.java:tryRegister(44)) - Successfully registered JMX Bean with object name Ratis:service=RaftServer,group=group-0F06DA379027,id=1aad952c-1ff7-47c2-b7b8-740e07acac87
2019-10-14 12:32:11,655 [RatisPipelineUtilsThread] INFO  pipeline.PipelineStateManager (PipelineStateManager.java:addPipeline(56)) - Created pipeline Pipeline[ Id: f7027118-3ef9-4009-8f76-0f06da379027, Nodes: 1aad952c-1ff7-47c2-b7b8-740e07acac87{ip: 192.168.157.204, host: pr-hdds-2196-v6glg-1693409637, networkLocation: /default-rack, certSerialId: null}, Type:RATIS, Factor:ONE, State:OPEN]
2019-10-14 12:32:11,662 [main] INFO  ozone.MiniOzoneClusterImpl (MiniOzoneClusterImpl.java:lambda$waitForClusterToBeReady$0(147)) - Waiting for cluster to be ready. Got 6 of 7 DN Heartbeats.
2019-10-14 12:32:11,670 [IPC Server handler 5 on 41045] INFO  net.NetworkTopology (NetworkTopologyImpl.java:add(111)) - Added a new node: /default-rack/758cfbaf-5b9d-45c0-a9bc-4fc680a4b5b9
2019-10-14 12:32:11,671 [IPC Server handler 5 on 41045] INFO  node.SCMNodeManager (SCMNodeManager.java:register(313)) - Registered Data node : 758cfbaf-5b9d-45c0-a9bc-4fc680a4b5b9{ip: 192.168.157.204, host: pr-hdds-2196-v6glg-1693409637, networkLocation: /default-rack, certSerialId: null}
2019-10-14 12:32:11,671 [grpc-default-executor-7] INFO  impl.RaftServerProxy (RaftServerProxy.java:addNew(89)) - 5620a721-7c11-4b7d-b5fe-2f085bd8b119: addNew group-DD4E5F0AE86D:[1aad952c-1ff7-47c2-b7b8-740e07acac87:192.168.157.204:35347, 5620a721-7c11-4b7d-b5fe-2f085bd8b119:192.168.157.204:35186, 8250a189-56a9-477f-9cb2-36f2ee56afeb:192.168.157.204:39417] returns group-DD4E5F0AE86D:java.util.concurrent.CompletableFuture@631b19bc[Not completed]
2019-10-14 12:32:11,671 [grpc-default-executor-3] INFO  impl.RaftServerProxy (RaftServerProxy.java:addNew(89)) - 1aad952c-1ff7-47c2-b7b8-740e07acac87: addNew group-DD4E5F0AE86D:[1aad952c-1ff7-47c2-b7b8-740e07acac87:192.168.157.204:35347, 5620a721-7c11-4b7d-b5fe-2f085bd8b119:192.168.157.204:35186, 8250a189-56a9-477f-9cb2-36f2ee56afeb:192.168.157.204:39417] returns group-DD4E5F0AE86D:java.util.concurrent.CompletableFuture@72e18b80[Not completed]
2019-10-14 12:32:11,672 [grpc-default-executor-0] INFO  impl.RaftServerProxy (RaftServerProxy.java:addNew(89)) - 8250a189-56a9-477f-9cb2-36f2ee56afeb: addNew group-DD4E5F0AE86D:[1aad952c-1ff7-47c2-b7b8-740e07acac87:192.168.157.204:35347, 5620a721-7c11-4b7d-b5fe-2f085bd8b119:192.168.157.204:35186, 8250a189-56a9-477f-9cb2-36f2ee56afeb:192.168.157.204:39417] returns group-DD4E5F0AE86D:java.util.concurrent.CompletableFuture@50f2b102[Not completed]
2019-10-14 12:32:11,672 [pool-413-thread-1] INFO  impl.RaftServerImpl (RaftServerImpl.java:<init>(95)) - 5620a721-7c11-4b7d-b5fe-2f085bd8b119: new RaftServerImpl for group-DD4E5F0AE86D:[1aad952c-1ff7-47c2-b7b8-740e07acac87:192.168.157.204:35347, 5620a721-7c11-4b7d-b5fe-2f085bd8b119:192.168.157.204:35186, 8250a189-56a9-477f-9cb2-36f2ee56afeb:192.168.157.204:39417] with ContainerStateMachine:uninitialized
2019-10-14 12:32:11,672 [pool-413-thread-1] INFO  server.RaftServerConfigKeys (ConfUtils.java:logGet(43)) - raft.server.rpc.timeout.min = 5s (custom)
2019-10-14 12:32:11,672 [pool-413-thread-1] INFO  server.RaftServerConfigKeys (ConfUtils.java:logGet(43)) - raft.server.rpc.timeout.max = 5200ms (custom)
2019-10-14 12:32:11,673 [pool-423-thread-1] INFO  impl.RaftServerImpl (RaftServerImpl.java:<init>(95)) - 8250a189-56a9-477f-9cb2-36f2ee56afeb: new RaftServerImpl for group-DD4E5F0AE86D:[1aad952c-1ff7-47c2-b7b8-740e07acac87:192.168.157.204:35347, 5620a721-7c11-4b7d-b5fe-2f085bd8b119:192.168.157.204:35186, 8250a189-56a9-477f-9cb2-36f2ee56afeb:192.168.157.204:39417] with ContainerStateMachine:uninitialized
2019-10-14 12:32:11,673 [pool-413-thread-1] INFO  server.RaftServerConfigKeys (ConfUtils.java:logGet(43)) - raft.server.rpcslowness.timeout = 120s (custom)
2019-10-14 12:32:11,673 [pool-423-thread-1] INFO  server.RaftServerConfigKeys (ConfUtils.java:logGet(43)) - raft.server.rpc.timeout.min = 5s (custom)
2019-10-14 12:32:11,673 [pool-413-thread-1] INFO  server.RaftServerConfigKeys (ConfUtils.java:logGet(43)) - raft.server.sleep.deviation.threshold = 300 (default)
2019-10-14 12:32:11,673 [pool-423-thread-1] INFO  server.RaftServerConfigKeys (ConfUtils.java:logGet(43)) - raft.server.rpc.timeout.max = 5200ms (custom)
2019-10-14 12:32:11,673 [pool-413-thread-1] INFO  server.RaftServerConfigKeys (ConfUtils.java:logGet(43)) - raft.server.log.appender.install.snapshot.enabled = false (custom)
2019-10-14 12:32:11,673 [pool-433-thread-1] INFO  impl.RaftServerImpl (RaftServerImpl.java:<init>(95)) - 1aad952c-1ff7-47c2-b7b8-740e07acac87: new RaftServerImpl for group-DD4E5F0AE86D:[1aad952c-1ff7-47c2-b7b8-740e07acac87:192.168.157.204:35347, 5620a721-7c11-4b7d-b5fe-2f085bd8b119:192.168.157.204:35186, 8250a189-56a9-477f-9cb2-36f2ee56afeb:192.168.157.204:39417] with ContainerStateMachine:uninitialized
2019-10-14 12:32:11,673 [pool-413-thread-1] INFO  impl.RaftServerImpl (ServerState.java:<init>(103)) - 5620a721-7c11-4b7d-b5fe-2f085bd8b119@group-DD4E5F0AE86D: ConfigurationManager, init=-1: [1aad952c-1ff7-47c2-b7b8-740e07acac87:192.168.157.204:35347, 5620a721-7c11-4b7d-b5fe-2f085bd8b119:192.168.157.204:35186, 8250a189-56a9-477f-9cb2-36f2ee56afeb:192.168.157.204:39417], old=null, confs=<EMPTY_MAP>
2019-10-14 12:32:11,673 [pool-423-thread-1] INFO  server.RaftServerConfigKeys (ConfUtils.java:logGet(43)) - raft.server.rpcslowness.timeout = 120s (custom)
2019-10-14 12:32:11,673 [pool-413-thread-1] INFO  server.RaftServerConfigKeys (ConfUtils.java:logGet(43)) - raft.server.storage.dir = [/workdir/hadoop-ozone/integration-test/target/test-dir/MiniOzoneClusterImpl-823ef00c-e4a9-400c-88a5-d60fec049001/datanode-3/data/ratis] (custom)
2019-10-14 12:32:11,673 [pool-433-thread-1] INFO  server.RaftServerConfigKeys (ConfUtils.java:logGet(43)) - raft.server.rpc.timeout.min = 5s (custom)
2019-10-14 12:32:11,673 [pool-423-thread-1] INFO  server.RaftServerConfigKeys (ConfUtils.java:logGet(43)) - raft.server.sleep.deviation.threshold = 300 (default)
2019-10-14 12:32:11,674 [pool-433-thread-1] INFO  server.RaftServerConfigKeys (ConfUtils.java:logGet(43)) - raft.server.rpc.timeout.max = 5200ms (custom)
2019-10-14 12:32:11,674 [pool-413-thread-1] INFO  server.RaftServerConfigKeys (ConfUtils.java:logGet(43)) - raft.server.log.corruption.policy = EXCEPTION (default)
2019-10-14 12:32:11,674 [pool-423-thread-1] INFO  server.RaftServerConfigKeys (ConfUtils.java:logGet(43)) - raft.server.log.appender.install.snapshot.enabled = false (custom)
2019-10-14 12:32:11,674 [pool-433-thread-1] INFO  server.RaftServerConfigKeys (ConfUtils.java:logGet(43)) - raft.server.rpcslowness.timeout = 120s (custom)
2019-10-14 12:32:11,674 [pool-413-thread-1] INFO  storage.RaftStorageDirectory (RaftStorageDirectory.java:analyzeStorage(246)) - The storage directory /workdir/hadoop-ozone/integration-test/target/test-dir/MiniOzoneClusterImpl-823ef00c-e4a9-400c-88a5-d60fec049001/datanode-3/data/ratis/f4d41e17-7808-460c-909a-dd4e5f0ae86d does not exist. Creating ...
2019-10-14 12:32:11,674 [pool-423-thread-1] INFO  impl.RaftServerImpl (ServerState.java:<init>(103)) - 8250a189-56a9-477f-9cb2-36f2ee56afeb@group-DD4E5F0AE86D: ConfigurationManager, init=-1: [1aad952c-1ff7-47c2-b7b8-740e07acac87:192.168.157.204:35347, 5620a721-7c11-4b7d-b5fe-2f085bd8b119:192.168.157.204:35186, 8250a189-56a9-477f-9cb2-36f2ee56afeb:192.168.157.204:39417], old=null, confs=<EMPTY_MAP>
2019-10-14 12:32:11,674 [pool-433-thread-1] INFO  server.RaftServerConfigKeys (ConfUtils.java:logGet(43)) - raft.server.sleep.deviation.threshold = 300 (default)
2019-10-14 12:32:11,674 [pool-423-thread-1] INFO  server.RaftServerConfigKeys (ConfUtils.java:logGet(43)) - raft.server.storage.dir = [/workdir/hadoop-ozone/integration-test/target/test-dir/MiniOzoneClusterImpl-823ef00c-e4a9-400c-88a5-d60fec049001/datanode-4/data/ratis] (custom)
2019-10-14 12:32:11,674 [pool-433-thread-1] INFO  server.RaftServerConfigKeys (ConfUtils.java:logGet(43)) - raft.server.log.appender.install.snapshot.enabled = false (custom)
2019-10-14 12:32:11,674 [pool-423-thread-1] INFO  server.RaftServerConfigKeys (ConfUtils.java:logGet(43)) - raft.server.log.corruption.policy = EXCEPTION (default)
2019-10-14 12:32:11,675 [pool-433-thread-1] INFO  impl.RaftServerImpl (ServerState.java:<init>(103)) - 1aad952c-1ff7-47c2-b7b8-740e07acac87@group-DD4E5F0AE86D: ConfigurationManager, init=-1: [1aad952c-1ff7-47c2-b7b8-740e07acac87:192.168.157.204:35347, 5620a721-7c11-4b7d-b5fe-2f085bd8b119:192.168.157.204:35186, 8250a189-56a9-477f-9cb2-36f2ee56afeb:192.168.157.204:39417], old=null, confs=<EMPTY_MAP>
2019-10-14 12:32:11,675 [pool-423-thread-1] INFO  storage.RaftStorageDirectory (RaftStorageDirectory.java:analyzeStorage(246)) - The storage directory /workdir/hadoop-ozone/integration-test/target/test-dir/MiniOzoneClusterImpl-823ef00c-e4a9-400c-88a5-d60fec049001/datanode-4/data/ratis/f4d41e17-7808-460c-909a-dd4e5f0ae86d does not exist. Creating ...
2019-10-14 12:32:11,675 [pool-433-thread-1] INFO  server.RaftServerConfigKeys (ConfUtils.java:logGet(43)) - raft.server.storage.dir = [/workdir/hadoop-ozone/integration-test/target/test-dir/MiniOzoneClusterImpl-823ef00c-e4a9-400c-88a5-d60fec049001/datanode-5/data/ratis] (custom)
2019-10-14 12:32:11,675 [pool-433-thread-1] INFO  server.RaftServerConfigKeys (ConfUtils.java:logGet(43)) - raft.server.log.corruption.policy = EXCEPTION (default)
2019-10-14 12:32:11,675 [pool-433-thread-1] INFO  storage.RaftStorageDirectory (RaftStorageDirectory.java:analyzeStorage(246)) - The storage directory /workdir/hadoop-ozone/integration-test/target/test-dir/MiniOzoneClusterImpl-823ef00c-e4a9-400c-88a5-d60fec049001/datanode-5/data/ratis/f4d41e17-7808-460c-909a-dd4e5f0ae86d does not exist. Creating ...
2019-10-14 12:32:11,687 [pool-423-thread-1] INFO  storage.RaftStorageDirectory (RaftStorageDirectory.java:tryLock(328)) - Lock on /workdir/hadoop-ozone/integration-test/target/test-dir/MiniOzoneClusterImpl-823ef00c-e4a9-400c-88a5-d60fec049001/datanode-4/data/ratis/f4d41e17-7808-460c-909a-dd4e5f0ae86d/in_use.lock acquired by nodename 3702@pr-hdds-2196-v6glg-1693409637
2019-10-14 12:32:11,687 [pool-433-thread-1] INFO  storage.RaftStorageDirectory (RaftStorageDirectory.java:tryLock(328)) - Lock on /workdir/hadoop-ozone/integration-test/target/test-dir/MiniOzoneClusterImpl-823ef00c-e4a9-400c-88a5-d60fec049001/datanode-5/data/ratis/f4d41e17-7808-460c-909a-dd4e5f0ae86d/in_use.lock acquired by nodename 3702@pr-hdds-2196-v6glg-1693409637
2019-10-14 12:32:11,687 [pool-413-thread-1] INFO  storage.RaftStorageDirectory (RaftStorageDirectory.java:tryLock(328)) - Lock on /workdir/hadoop-ozone/integration-test/target/test-dir/MiniOzoneClusterImpl-823ef00c-e4a9-400c-88a5-d60fec049001/datanode-3/data/ratis/f4d41e17-7808-460c-909a-dd4e5f0ae86d/in_use.lock acquired by nodename 3702@pr-hdds-2196-v6glg-1693409637
2019-10-14 12:32:11,700 [pool-423-thread-1] INFO  storage.RaftStorage (RaftStorage.java:format(84)) - Storage directory /workdir/hadoop-ozone/integration-test/target/test-dir/MiniOzoneClusterImpl-823ef00c-e4a9-400c-88a5-d60fec049001/datanode-4/data/ratis/f4d41e17-7808-460c-909a-dd4e5f0ae86d has been successfully formatted.
2019-10-14 12:32:11,701 [pool-413-thread-1] INFO  storage.RaftStorage (RaftStorage.java:format(84)) - Storage directory /workdir/hadoop-ozone/integration-test/target/test-dir/MiniOzoneClusterImpl-823ef00c-e4a9-400c-88a5-d60fec049001/datanode-3/data/ratis/f4d41e17-7808-460c-909a-dd4e5f0ae86d has been successfully formatted.
2019-10-14 12:32:11,701 [pool-433-thread-1] INFO  storage.RaftStorage (RaftStorage.java:format(84)) - Storage directory /workdir/hadoop-ozone/integration-test/target/test-dir/MiniOzoneClusterImpl-823ef00c-e4a9-400c-88a5-d60fec049001/datanode-5/data/ratis/f4d41e17-7808-460c-909a-dd4e5f0ae86d has been successfully formatted.
2019-10-14 12:32:11,701 [pool-413-thread-1] INFO  ratis.ContainerStateMachine (ContainerStateMachine.java:loadSnapshot(231)) - group-DD4E5F0AE86D: The snapshot info is null. Setting the last applied indexto:(t:0, i:~)
2019-10-14 12:32:11,701 [pool-423-thread-1] INFO  ratis.ContainerStateMachine (ContainerStateMachine.java:loadSnapshot(231)) - group-DD4E5F0AE86D: The snapshot info is null. Setting the last applied indexto:(t:0, i:~)
2019-10-14 12:32:11,701 [pool-413-thread-1] INFO  server.RaftServerConfigKeys (ConfUtils.java:logGet(43)) - raft.server.notification.no-leader.timeout = 120s (custom)
2019-10-14 12:32:11,701 [pool-433-thread-1] INFO  ratis.ContainerStateMachine (ContainerStateMachine.java:loadSnapshot(231)) - group-DD4E5F0AE86D: The snapshot info is null. Setting the last applied indexto:(t:0, i:~)
2019-10-14 12:32:11,701 [pool-413-thread-1] INFO  server.RaftServerConfigKeys (ConfUtils.java:logGet(43)) - raft.server.log.use.memory = false (default)
2019-10-14 12:32:11,701 [pool-423-thread-1] INFO  server.RaftServerConfigKeys (ConfUtils.java:logGet(43)) - raft.server.notification.no-leader.timeout = 120s (custom)
2019-10-14 12:32:11,701 [pool-413-thread-1] INFO  server.RaftServerConfigKeys (ConfUtils.java:logGet(43)) - raft.server.log.purge.gap = 1000000 (custom)
2019-10-14 12:32:11,701 [pool-433-thread-1] INFO  server.RaftServerConfigKeys (ConfUtils.java:logGet(43)) - raft.server.notification.no-leader.timeout = 120s (custom)
2019-10-14 12:32:11,701 [pool-413-thread-1] INFO  server.RaftServerConfigKeys (ConfUtils.java:logGet(43)) - raft.server.log.appender.buffer.byte-limit = 33554432 (custom)
2019-10-14 12:32:11,701 [pool-423-thread-1] INFO  server.RaftServerConfigKeys (ConfUtils.java:logGet(43)) - raft.server.log.use.memory = false (default)
2019-10-14 12:32:11,702 [pool-413-thread-1] INFO  server.RaftServerConfigKeys (ConfUtils.java:logGet(43)) - raft.server.log.segment.size.max = 1048576 (custom)
2019-10-14 12:32:11,702 [pool-433-thread-1] INFO  server.RaftServerConfigKeys (ConfUtils.java:logGet(43)) - raft.server.log.use.memory = false (default)
2019-10-14 12:32:11,702 [pool-413-thread-1] INFO  server.RaftServerConfigKeys (ConfUtils.java:logGet(43)) - raft.server.log.segment.cache.num.max = 2 (custom)
2019-10-14 12:32:11,702 [pool-413-thread-1] INFO  segmented.SegmentedRaftLogWorker (SegmentedRaftLogWorker.java:<init>(173)) - new 5620a721-7c11-4b7d-b5fe-2f085bd8b119@group-DD4E5F0AE86D-SegmentedRaftLogWorker for RaftStorage:Storage Directory /workdir/hadoop-ozone/integration-test/target/test-dir/MiniOzoneClusterImpl-823ef00c-e4a9-400c-88a5-d60fec049001/datanode-3/data/ratis/f4d41e17-7808-460c-909a-dd4e5f0ae86d
2019-10-14 12:32:11,702 [pool-423-thread-1] INFO  server.RaftServerConfigKeys (ConfUtils.java:logGet(43)) - raft.server.log.purge.gap = 1000000 (custom)
2019-10-14 12:32:11,702 [pool-413-thread-1] INFO  server.RaftServerConfigKeys (ConfUtils.java:logGet(43)) - raft.server.log.queue.byte-limit = 2147483647 (custom)
2019-10-14 12:32:11,702 [pool-433-thread-1] INFO  server.RaftServerConfigKeys (ConfUtils.java:logGet(43)) - raft.server.log.purge.gap = 1000000 (custom)
2019-10-14 12:32:11,702 [pool-413-thread-1] INFO  server.RaftServerConfigKeys (ConfUtils.java:logGet(43)) - raft.server.log.queue.element-limit = 1024 (custom)
2019-10-14 12:32:11,702 [pool-423-thread-1] INFO  server.RaftServerConfigKeys (ConfUtils.java:logGet(43)) - raft.server.log.appender.buffer.byte-limit = 33554432 (custom)
2019-10-14 12:32:11,703 [pool-413-thread-1] INFO  server.RaftServerConfigKeys (ConfUtils.java:logGet(43)) - raft.server.log.segment.size.max = 1048576 (custom)
2019-10-14 12:32:11,702 [pool-433-thread-1] INFO  server.RaftServerConfigKeys (ConfUtils.java:logGet(43)) - raft.server.log.appender.buffer.byte-limit = 33554432 (custom)
2019-10-14 12:32:11,703 [pool-413-thread-1] INFO  server.RaftServerConfigKeys (ConfUtils.java:logGet(43)) - raft.server.log.preallocated.size = 16384 (custom)
2019-10-14 12:32:11,703 [pool-423-thread-1] INFO  server.RaftServerConfigKeys (ConfUtils.java:logGet(43)) - raft.server.log.segment.size.max = 1048576 (custom)
2019-10-14 12:32:11,703 [pool-413-thread-1] INFO  server.RaftServerConfigKeys (ConfUtils.java:logGet(43)) - raft.server.log.write.buffer.size = 33554432 (custom)
2019-10-14 12:32:11,703 [pool-433-thread-1] INFO  server.RaftServerConfigKeys (ConfUtils.java:logGet(43)) - raft.server.log.segment.size.max = 1048576 (custom)
2019-10-14 12:32:11,703 [pool-413-thread-1] INFO  server.RaftServerConfigKeys (ConfUtils.java:logGet(43)) - raft.server.log.force.sync.num = 128 (default)
2019-10-14 12:32:11,703 [pool-423-thread-1] INFO  server.RaftServerConfigKeys (ConfUtils.java:logGet(43)) - raft.server.log.segment.cache.num.max = 2 (custom)
2019-10-14 12:32:11,703 [pool-413-thread-1] INFO  server.RaftServerConfigKeys (ConfUtils.java:logGet(43)) - raft.server.log.statemachine.data.sync = true (default)
2019-10-14 12:32:11,703 [pool-433-thread-1] INFO  server.RaftServerConfigKeys (ConfUtils.java:logGet(43)) - raft.server.log.segment.cache.num.max = 2 (custom)
2019-10-14 12:32:11,703 [pool-413-thread-1] INFO  server.RaftServerConfigKeys (ConfUtils.java:logGet(43)) - raft.server.log.statemachine.data.sync.timeout = 10s (default)
2019-10-14 12:32:11,704 [pool-413-thread-1] INFO  server.RaftServerConfigKeys (ConfUtils.java:logGet(43)) - raft.server.log.statemachine.data.sync.timeout.retry = -1 (default)
2019-10-14 12:32:11,703 [pool-423-thread-1] INFO  segmented.SegmentedRaftLogWorker (SegmentedRaftLogWorker.java:<init>(173)) - new 8250a189-56a9-477f-9cb2-36f2ee56afeb@group-DD4E5F0AE86D-SegmentedRaftLogWorker for RaftStorage:Storage Directory /workdir/hadoop-ozone/integration-test/target/test-dir/MiniOzoneClusterImpl-823ef00c-e4a9-400c-88a5-d60fec049001/datanode-4/data/ratis/f4d41e17-7808-460c-909a-dd4e5f0ae86d
2019-10-14 12:32:11,704 [pool-413-thread-1] INFO  server.RaftServerConfigKeys (ConfUtils.java:logGet(43)) - raft.server.log.statemachine.data.caching.enabled = true (custom)
2019-10-14 12:32:11,704 [pool-433-thread-1] INFO  segmented.SegmentedRaftLogWorker (SegmentedRaftLogWorker.java:<init>(173)) - new 1aad952c-1ff7-47c2-b7b8-740e07acac87@group-DD4E5F0AE86D-SegmentedRaftLogWorker for RaftStorage:Storage Directory /workdir/hadoop-ozone/integration-test/target/test-dir/MiniOzoneClusterImpl-823ef00c-e4a9-400c-88a5-d60fec049001/datanode-5/data/ratis/f4d41e17-7808-460c-909a-dd4e5f0ae86d
2019-10-14 12:32:11,704 [pool-423-thread-1] INFO  server.RaftServerConfigKeys (ConfUtils.java:logGet(43)) - raft.server.log.queue.byte-limit = 2147483647 (custom)
2019-10-14 12:32:11,704 [pool-413-thread-1] INFO  segmented.SegmentedRaftLogWorker (SegmentedRaftLogWorker.java:lambda$new$0(128)) - 5620a721-7c11-4b7d-b5fe-2f085bd8b119@group-DD4E5F0AE86D-SegmentedRaftLogWorker: flushIndex: setUnconditionally 0 -> -1
2019-10-14 12:32:11,704 [pool-433-thread-1] INFO  server.RaftServerConfigKeys (ConfUtils.java:logGet(43)) - raft.server.log.queue.byte-limit = 2147483647 (custom)
2019-10-14 12:32:11,704 [pool-423-thread-1] INFO  server.RaftServerConfigKeys (ConfUtils.java:logGet(43)) - raft.server.log.queue.element-limit = 1024 (custom)
2019-10-14 12:32:11,704 [pool-413-thread-1] INFO  server.RaftServerConfigKeys (ConfUtils.java:logGet(43)) - raft.server.snapshot.auto.trigger.enabled = true (custom)
2019-10-14 12:32:11,704 [pool-433-thread-1] INFO  server.RaftServerConfigKeys (ConfUtils.java:logGet(43)) - raft.server.log.queue.element-limit = 1024 (custom)
2019-10-14 12:32:11,705 [pool-413-thread-1] INFO  server.RaftServerConfigKeys (ConfUtils.java:logGet(43)) - raft.server.snapshot.auto.trigger.threshold = 10000 (custom)
2019-10-14 12:32:11,705 [pool-413-thread-1] INFO  server.RaftServerConfigKeys (ConfUtils.java:logGet(43)) - raft.server.snapshot.retention.file.num = 5 (custom)
2019-10-14 12:32:11,704 [pool-423-thread-1] INFO  server.RaftServerConfigKeys (ConfUtils.java:logGet(43)) - raft.server.log.segment.size.max = 1048576 (custom)
2019-10-14 12:32:11,705 [pool-413-thread-1] INFO  server.RaftServerConfigKeys (ConfUtils.java:logGet(43)) - raft.server.retrycache.expirytime = 600000ms (custom)
2019-10-14 12:32:11,705 [pool-433-thread-1] INFO  server.RaftServerConfigKeys (ConfUtils.java:logGet(43)) - raft.server.log.segment.size.max = 1048576 (custom)
2019-10-14 12:32:11,705 [pool-423-thread-1] INFO  server.RaftServerConfigKeys (ConfUtils.java:logGet(43)) - raft.server.log.preallocated.size = 16384 (custom)
2019-10-14 12:32:11,705 [pool-433-thread-1] INFO  server.RaftServerConfigKeys (ConfUtils.java:logGet(43)) - raft.server.log.preallocated.size = 16384 (custom)
2019-10-14 12:32:11,705 [pool-423-thread-1] INFO  server.RaftServerConfigKeys (ConfUtils.java:logGet(43)) - raft.server.log.write.buffer.size = 33554432 (custom)
2019-10-14 12:32:11,705 [pool-433-thread-1] INFO  server.RaftServerConfigKeys (ConfUtils.java:logGet(43)) - raft.server.log.write.buffer.size = 33554432 (custom)
2019-10-14 12:32:11,705 [pool-423-thread-1] INFO  server.RaftServerConfigKeys (ConfUtils.java:logGet(43)) - raft.server.log.force.sync.num = 128 (default)
2019-10-14 12:32:11,706 [pool-433-thread-1] INFO  server.RaftServerConfigKeys (ConfUtils.java:logGet(43)) - raft.server.log.force.sync.num = 128 (default)
2019-10-14 12:32:11,706 [pool-423-thread-1] INFO  server.RaftServerConfigKeys (ConfUtils.java:logGet(43)) - raft.server.log.statemachine.data.sync = true (default)
2019-10-14 12:32:11,706 [pool-433-thread-1] INFO  server.RaftServerConfigKeys (ConfUtils.java:logGet(43)) - raft.server.log.statemachine.data.sync = true (default)
2019-10-14 12:32:11,706 [pool-423-thread-1] INFO  server.RaftServerConfigKeys (ConfUtils.java:logGet(43)) - raft.server.log.statemachine.data.sync.timeout = 10s (default)
2019-10-14 12:32:11,706 [pool-433-thread-1] INFO  server.RaftServerConfigKeys (ConfUtils.java:logGet(43)) - raft.server.log.statemachine.data.sync.timeout = 10s (default)
2019-10-14 12:32:11,706 [pool-423-thread-1] INFO  server.RaftServerConfigKeys (ConfUtils.java:logGet(43)) - raft.server.log.statemachine.data.sync.timeout.retry = -1 (default)
2019-10-14 12:32:11,706 [pool-433-thread-1] INFO  server.RaftServerConfigKeys (ConfUtils.java:logGet(43)) - raft.server.log.statemachine.data.sync.timeout.retry = -1 (default)
2019-10-14 12:32:11,706 [pool-413-thread-1] INFO  impl.RaftServerImpl (RaftServerImpl.java:start(181)) - 5620a721-7c11-4b7d-b5fe-2f085bd8b119@group-DD4E5F0AE86D: start as a follower, conf=-1: [1aad952c-1ff7-47c2-b7b8-740e07acac87:192.168.157.204:35347, 5620a721-7c11-4b7d-b5fe-2f085bd8b119:192.168.157.204:35186, 8250a189-56a9-477f-9cb2-36f2ee56afeb:192.168.157.204:39417], old=null
2019-10-14 12:32:11,706 [pool-423-thread-1] INFO  server.RaftServerConfigKeys (ConfUtils.java:logGet(43)) - raft.server.log.statemachine.data.caching.enabled = true (custom)
2019-10-14 12:32:11,706 [pool-413-thread-1] INFO  impl.RaftServerImpl (RaftServerImpl.java:setRole(170)) - 5620a721-7c11-4b7d-b5fe-2f085bd8b119@group-DD4E5F0AE86D: changes role from      null to FOLLOWER at term 0 for startAsFollower
2019-10-14 12:32:11,706 [pool-433-thread-1] INFO  server.RaftServerConfigKeys (ConfUtils.java:logGet(43)) - raft.server.log.statemachine.data.caching.enabled = true (custom)
2019-10-14 12:32:11,707 [pool-413-thread-1] INFO  impl.RoleInfo (RoleInfo.java:updateAndGet(143)) - 5620a721-7c11-4b7d-b5fe-2f085bd8b119: start FollowerState
2019-10-14 12:32:11,707 [pool-423-thread-1] INFO  segmented.SegmentedRaftLogWorker (SegmentedRaftLogWorker.java:lambda$new$0(128)) - 8250a189-56a9-477f-9cb2-36f2ee56afeb@group-DD4E5F0AE86D-SegmentedRaftLogWorker: flushIndex: setUnconditionally 0 -> -1
2019-10-14 12:32:11,707 [pool-433-thread-1] INFO  segmented.SegmentedRaftLogWorker (SegmentedRaftLogWorker.java:lambda$new$0(128)) - 1aad952c-1ff7-47c2-b7b8-740e07acac87@group-DD4E5F0AE86D-SegmentedRaftLogWorker: flushIndex: setUnconditionally 0 -> -1
2019-10-14 12:32:11,707 [pool-413-thread-1] INFO  util.JmxRegister (JmxRegister.java:tryRegister(44)) - Successfully registered JMX Bean with object name Ratis:service=RaftServer,group=group-DD4E5F0AE86D,id=5620a721-7c11-4b7d-b5fe-2f085bd8b119
2019-10-14 12:32:11,707 [pool-423-thread-1] INFO  server.RaftServerConfigKeys (ConfUtils.java:logGet(43)) - raft.server.snapshot.auto.trigger.enabled = true (custom)
2019-10-14 12:32:11,707 [pool-423-thread-1] INFO  server.RaftServerConfigKeys (ConfUtils.java:logGet(43)) - raft.server.snapshot.auto.trigger.threshold = 10000 (custom)
2019-10-14 12:32:11,707 [pool-433-thread-1] INFO  server.RaftServerConfigKeys (ConfUtils.java:logGet(43)) - raft.server.snapshot.auto.trigger.enabled = true (custom)
2019-10-14 12:32:11,707 [pool-423-thread-1] INFO  server.RaftServerConfigKeys (ConfUtils.java:logGet(43)) - raft.server.snapshot.retention.file.num = 5 (custom)
2019-10-14 12:32:11,707 [pool-433-thread-1] INFO  server.RaftServerConfigKeys (ConfUtils.java:logGet(43)) - raft.server.snapshot.auto.trigger.threshold = 10000 (custom)
2019-10-14 12:32:11,707 [pool-423-thread-1] INFO  server.RaftServerConfigKeys (ConfUtils.java:logGet(43)) - raft.server.retrycache.expirytime = 600000ms (custom)
2019-10-14 12:32:11,708 [pool-433-thread-1] INFO  server.RaftServerConfigKeys (ConfUtils.java:logGet(43)) - raft.server.snapshot.retention.file.num = 5 (custom)
2019-10-14 12:32:11,708 [pool-433-thread-1] INFO  server.RaftServerConfigKeys (ConfUtils.java:logGet(43)) - raft.server.retrycache.expirytime = 600000ms (custom)
2019-10-14 12:32:11,709 [pool-423-thread-1] INFO  impl.RaftServerImpl (RaftServerImpl.java:start(181)) - 8250a189-56a9-477f-9cb2-36f2ee56afeb@group-DD4E5F0AE86D: start as a follower, conf=-1: [1aad952c-1ff7-47c2-b7b8-740e07acac87:192.168.157.204:35347, 5620a721-7c11-4b7d-b5fe-2f085bd8b119:192.168.157.204:35186, 8250a189-56a9-477f-9cb2-36f2ee56afeb:192.168.157.204:39417], old=null
2019-10-14 12:32:11,710 [pool-423-thread-1] INFO  impl.RaftServerImpl (RaftServerImpl.java:setRole(170)) - 8250a189-56a9-477f-9cb2-36f2ee56afeb@group-DD4E5F0AE86D: changes role from      null to FOLLOWER at term 0 for startAsFollower
2019-10-14 12:32:11,710 [pool-433-thread-1] INFO  impl.RaftServerImpl (RaftServerImpl.java:start(181)) - 1aad952c-1ff7-47c2-b7b8-740e07acac87@group-DD4E5F0AE86D: start as a follower, conf=-1: [1aad952c-1ff7-47c2-b7b8-740e07acac87:192.168.157.204:35347, 5620a721-7c11-4b7d-b5fe-2f085bd8b119:192.168.157.204:35186, 8250a189-56a9-477f-9cb2-36f2ee56afeb:192.168.157.204:39417], old=null
2019-10-14 12:32:11,710 [pool-423-thread-1] INFO  impl.RoleInfo (RoleInfo.java:updateAndGet(143)) - 8250a189-56a9-477f-9cb2-36f2ee56afeb: start FollowerState
2019-10-14 12:32:11,710 [pool-433-thread-1] INFO  impl.RaftServerImpl (RaftServerImpl.java:setRole(170)) - 1aad952c-1ff7-47c2-b7b8-740e07acac87@group-DD4E5F0AE86D: changes role from      null to FOLLOWER at term 0 for startAsFollower
2019-10-14 12:32:11,710 [pool-433-thread-1] INFO  impl.RoleInfo (RoleInfo.java:updateAndGet(143)) - 1aad952c-1ff7-47c2-b7b8-740e07acac87: start FollowerState
2019-10-14 12:32:11,710 [pool-423-thread-1] INFO  util.JmxRegister (JmxRegister.java:tryRegister(44)) - Successfully registered JMX Bean with object name Ratis:service=RaftServer,group=group-DD4E5F0AE86D,id=8250a189-56a9-477f-9cb2-36f2ee56afeb
2019-10-14 12:32:11,710 [pool-433-thread-1] INFO  util.JmxRegister (JmxRegister.java:tryRegister(44)) - Successfully registered JMX Bean with object name Ratis:service=RaftServer,group=group-DD4E5F0AE86D,id=1aad952c-1ff7-47c2-b7b8-740e07acac87
2019-10-14 12:32:11,713 [RatisPipelineUtilsThread] INFO  pipeline.PipelineStateManager (PipelineStateManager.java:addPipeline(56)) - Created pipeline Pipeline[ Id: f4d41e17-7808-460c-909a-dd4e5f0ae86d, Nodes: 8250a189-56a9-477f-9cb2-36f2ee56afeb{ip: 192.168.157.204, host: pr-hdds-2196-v6glg-1693409637, networkLocation: /default-rack, certSerialId: null}1aad952c-1ff7-47c2-b7b8-740e07acac87{ip: 192.168.157.204, host: pr-hdds-2196-v6glg-1693409637, networkLocation: /default-rack, certSerialId: null}5620a721-7c11-4b7d-b5fe-2f085bd8b119{ip: 192.168.157.204, host: pr-hdds-2196-v6glg-1693409637, networkLocation: /default-rack, certSerialId: null}, Type:RATIS, Factor:THREE, State:OPEN]
2019-10-14 12:32:12,415 [grpc-default-executor-0] WARN  server.GrpcLogAppender (LogUtils.java:warn(134)) - 7ffb1a22-d777-4b7d-a742-5334fcca9894@group-43A32D8C9052->1dab5bbc-306d-414b-bee9-799bfda5c805-AppendLogResponseHandler: Failed appendEntries: org.apache.ratis.thirdparty.io.grpc.StatusRuntimeException: UNAVAILABLE: io exception
2019-10-14 12:32:12,415 [grpc-default-executor-1] WARN  server.GrpcLogAppender (LogUtils.java:warn(134)) - 7ffb1a22-d777-4b7d-a742-5334fcca9894@group-43A32D8C9052->31a1c64f-2dfd-4f55-ad66-1c5dd23d4cab-AppendLogResponseHandler: Failed appendEntries: org.apache.ratis.thirdparty.io.grpc.StatusRuntimeException: UNAVAILABLE: io exception
2019-10-14 12:32:12,416 [grpc-default-executor-0] INFO  impl.FollowerInfo (FollowerInfo.java:lambda$new$0(51)) - 7ffb1a22-d777-4b7d-a742-5334fcca9894@group-43A32D8C9052->1dab5bbc-306d-414b-bee9-799bfda5c805: nextIndex: updateUnconditionally 0 -> 0
2019-10-14 12:32:12,416 [grpc-default-executor-1] INFO  impl.FollowerInfo (FollowerInfo.java:lambda$new$0(51)) - 7ffb1a22-d777-4b7d-a742-5334fcca9894@group-43A32D8C9052->31a1c64f-2dfd-4f55-ad66-1c5dd23d4cab: nextIndex: updateUnconditionally 0 -> 0
2019-10-14 12:32:12,662 [main] INFO  ozone.MiniOzoneClusterImpl (MiniOzoneClusterImpl.java:lambda$waitForClusterToBeReady$0(147)) - Cluster is ready. Got 7 of 7 DN Heartbeats.
2019-10-14 12:32:12,729 [main] INFO  rpc.RpcClient (RpcClient.java:createVolume(272)) - Creating Volume: watchforcommithandlingtest, with jenkins1000 as owner.
2019-10-14 12:32:12,732 [IPC Server handler 2 on 39756] INFO  volume.OMVolumeCreateRequest (OMVolumeCreateRequest.java:validateAndUpdateCache(193)) - created volume:watchforcommithandlingtest for user:jenkins1000
2019-10-14 12:32:12,750 [main] INFO  rpc.RpcClient (RpcClient.java:createBucket(411)) - Creating Bucket: watchforcommithandlingtest/watchforcommithandlingtest, with Versioning false and Storage Type set to DISK and Encryption set to false 
2019-10-14 12:32:12,756 [main] INFO  ozone.MiniOzoneClusterImpl (MiniOzoneClusterImpl.java:getStorageContainerLocationClient(234)) - Creating StorageContainerLocationProtocol RPC client with address /0.0.0.0:34793
2019-10-14 12:32:14,178 [Thread-2349] INFO  container.ReplicationManager (ReplicationManager.java:start(162)) - Starting Replication Monitor Thread.
2019-10-14 12:32:14,183 [ReplicationMonitor] INFO  container.ReplicationManager (ReplicationManager.java:run(225)) - Replication Monitor Thread took 0 milliseconds for processing 1 containers.
2019-10-14 12:32:14,915 [grpc-default-executor-5] WARN  server.GrpcLogAppender (LogUtils.java:warn(134)) - 7ffb1a22-d777-4b7d-a742-5334fcca9894@group-43A32D8C9052->1dab5bbc-306d-414b-bee9-799bfda5c805-AppendLogResponseHandler: Failed appendEntries: org.apache.ratis.thirdparty.io.grpc.StatusRuntimeException: UNAVAILABLE: io exception
2019-10-14 12:32:14,915 [grpc-default-executor-7] WARN  server.GrpcLogAppender (LogUtils.java:warn(134)) - 7ffb1a22-d777-4b7d-a742-5334fcca9894@group-43A32D8C9052->31a1c64f-2dfd-4f55-ad66-1c5dd23d4cab-AppendLogResponseHandler: Failed appendEntries: org.apache.ratis.thirdparty.io.grpc.StatusRuntimeException: UNAVAILABLE: io exception
2019-10-14 12:32:14,916 [grpc-default-executor-5] INFO  impl.FollowerInfo (FollowerInfo.java:lambda$new$0(51)) - 7ffb1a22-d777-4b7d-a742-5334fcca9894@group-43A32D8C9052->1dab5bbc-306d-414b-bee9-799bfda5c805: nextIndex: updateUnconditionally 0 -> 0
2019-10-14 12:32:14,916 [grpc-default-executor-7] INFO  impl.FollowerInfo (FollowerInfo.java:lambda$new$0(51)) - 7ffb1a22-d777-4b7d-a742-5334fcca9894@group-43A32D8C9052->31a1c64f-2dfd-4f55-ad66-1c5dd23d4cab: nextIndex: updateUnconditionally 0 -> 0
2019-10-14 12:32:15,584 [Thread-2404] INFO  client.GrpcClientProtocolService (GrpcClientProtocolService.java:lambda$processClientRequest$0(278)) - Failed RaftClientRequest:client-A32ED9599606->7ffb1a22-d777-4b7d-a742-5334fcca9894@group-43A32D8C9052, cid=68, seq=0, Watch-MAJORITY_COMMITTED(78), Message:<EMPTY>, reply=RaftClientReply:client-A32ED9599606->7ffb1a22-d777-4b7d-a742-5334fcca9894@group-43A32D8C9052, cid=68, FAILED org.apache.ratis.protocol.NotReplicatedException: Request with call Id 68 and log index 78 is not yet replicated to MAJORITY_COMMITTED, logIndex=78, commits[7ffb1a22-d777-4b7d-a742-5334fcca9894:c2, 31a1c64f-2dfd-4f55-ad66-1c5dd23d4cab:c2, 1dab5bbc-306d-414b-bee9-799bfda5c805:c2]
2019-10-14 12:32:16,330 [Thread-2351] INFO  impl.FollowerState (FollowerState.java:run(108)) - a848952e-b84d-4d94-a6b9-c670ad286528@group-7B51824B7D12-FollowerState: change to CANDIDATE, lastRpcTime:5096ms, electionTimeout:5096ms
2019-10-14 12:32:16,330 [Thread-2351] INFO  impl.RoleInfo (RoleInfo.java:shutdownFollowerState(121)) - a848952e-b84d-4d94-a6b9-c670ad286528: shutdown FollowerState
2019-10-14 12:32:16,330 [Thread-2351] INFO  impl.RaftServerImpl (RaftServerImpl.java:setRole(170)) - a848952e-b84d-4d94-a6b9-c670ad286528@group-7B51824B7D12: changes role from  FOLLOWER to CANDIDATE at term 0 for changeToCandidate
2019-10-14 12:32:16,331 [Thread-2351] INFO  impl.RoleInfo (RoleInfo.java:updateAndGet(143)) - a848952e-b84d-4d94-a6b9-c670ad286528: start LeaderElection
2019-10-14 12:32:16,354 [a848952e-b84d-4d94-a6b9-c670ad286528@group-7B51824B7D12-LeaderElection55] INFO  impl.LeaderElection (LeaderElection.java:askForVotes(178)) - a848952e-b84d-4d94-a6b9-c670ad286528@group-7B51824B7D12-LeaderElection55: begin an election at term 1 for -1: [a848952e-b84d-4d94-a6b9-c670ad286528:192.168.157.204:46386], old=null
2019-10-14 12:32:16,354 [a848952e-b84d-4d94-a6b9-c670ad286528@group-7B51824B7D12-LeaderElection55] INFO  impl.RoleInfo (RoleInfo.java:shutdownLeaderElection(134)) - a848952e-b84d-4d94-a6b9-c670ad286528: shutdown LeaderElection
2019-10-14 12:32:16,354 [a848952e-b84d-4d94-a6b9-c670ad286528@group-7B51824B7D12-LeaderElection55] INFO  impl.RaftServerImpl (RaftServerImpl.java:setRole(170)) - a848952e-b84d-4d94-a6b9-c670ad286528@group-7B51824B7D12: changes role from CANDIDATE to LEADER at term 1 for changeToLeader
2019-10-14 12:32:16,354 [a848952e-b84d-4d94-a6b9-c670ad286528@group-7B51824B7D12-LeaderElection55] INFO  impl.RaftServerImpl (ServerState.java:setLeader(255)) - a848952e-b84d-4d94-a6b9-c670ad286528@group-7B51824B7D12: change Leader from null to a848952e-b84d-4d94-a6b9-c670ad286528 at term 1 for becomeLeader, leader elected after 5129ms
2019-10-14 12:32:16,355 [a848952e-b84d-4d94-a6b9-c670ad286528@group-7B51824B7D12-LeaderElection55] INFO  server.RaftServerConfigKeys (ConfUtils.java:logGet(43)) - raft.server.staging.catchup.gap = 1000 (default)
2019-10-14 12:32:16,355 [a848952e-b84d-4d94-a6b9-c670ad286528@group-7B51824B7D12-LeaderElection55] INFO  server.RaftServerConfigKeys (ConfUtils.java:logGet(43)) - raft.server.rpc.sleep.time = 25ms (default)
2019-10-14 12:32:16,355 [a848952e-b84d-4d94-a6b9-c670ad286528@group-7B51824B7D12-LeaderElection55] INFO  server.RaftServerConfigKeys (ConfUtils.java:logGet(43)) - raft.server.write.element-limit = 4096 (default)
2019-10-14 12:32:16,355 [a848952e-b84d-4d94-a6b9-c670ad286528@group-7B51824B7D12-LeaderElection55] INFO  server.RaftServerConfigKeys (ConfUtils.java:logGet(43)) - raft.server.watch.timeout = 10s (default)
2019-10-14 12:32:16,356 [a848952e-b84d-4d94-a6b9-c670ad286528@group-7B51824B7D12-LeaderElection55] INFO  server.RaftServerConfigKeys (ConfUtils.java:logGet(43)) - raft.server.watch.timeout.denomination = 1s (default)
2019-10-14 12:32:16,356 [a848952e-b84d-4d94-a6b9-c670ad286528@group-7B51824B7D12-LeaderElection55] INFO  server.RaftServerConfigKeys (ConfUtils.java:logGet(43)) - raft.server.watch.element-limit = 65536 (default)
2019-10-14 12:32:16,358 [a848952e-b84d-4d94-a6b9-c670ad286528@group-7B51824B7D12-LeaderElection55] INFO  impl.RoleInfo (RoleInfo.java:updateAndGet(143)) - a848952e-b84d-4d94-a6b9-c670ad286528: start LeaderState
2019-10-14 12:32:16,359 [a848952e-b84d-4d94-a6b9-c670ad286528@group-7B51824B7D12-LeaderElection55] INFO  segmented.SegmentedRaftLogWorker (SegmentedRaftLogWorker.java:startLogSegment(385)) - a848952e-b84d-4d94-a6b9-c670ad286528@group-7B51824B7D12-SegmentedRaftLogWorker: Starting segment from index:0
2019-10-14 12:32:16,360 [a848952e-b84d-4d94-a6b9-c670ad286528@group-7B51824B7D12-LeaderElection55] INFO  impl.RaftServerImpl (ServerState.java:setRaftConf(356)) - a848952e-b84d-4d94-a6b9-c670ad286528@group-7B51824B7D12: set configuration 0: [a848952e-b84d-4d94-a6b9-c670ad286528:192.168.157.204:46386], old=null at 0
2019-10-14 12:32:16,411 [a848952e-b84d-4d94-a6b9-c670ad286528@group-7B51824B7D12-SegmentedRaftLogWorker] INFO  segmented.SegmentedRaftLogWorker (SegmentedRaftLogWorker.java:execute(574)) - a848952e-b84d-4d94-a6b9-c670ad286528@group-7B51824B7D12-SegmentedRaftLogWorker: created new log segment /workdir/hadoop-ozone/integration-test/target/test-dir/MiniOzoneClusterImpl-823ef00c-e4a9-400c-88a5-d60fec049001/datanode-0/data/ratis/9d3496ec-804b-4741-83b7-7b51824b7d12/current/log_inprogress_0
2019-10-14 12:32:16,421 [Thread-2357] INFO  impl.FollowerState (FollowerState.java:run(108)) - f702c1a9-89db-4927-8433-467abec08902@group-603FD89C9A5E-FollowerState: change to CANDIDATE, lastRpcTime:5058ms, electionTimeout:5058ms
2019-10-14 12:32:16,421 [Thread-2357] INFO  impl.RoleInfo (RoleInfo.java:shutdownFollowerState(121)) - f702c1a9-89db-4927-8433-467abec08902: shutdown FollowerState
2019-10-14 12:32:16,421 [Thread-2357] INFO  impl.RaftServerImpl (RaftServerImpl.java:setRole(170)) - f702c1a9-89db-4927-8433-467abec08902@group-603FD89C9A5E: changes role from  FOLLOWER to CANDIDATE at term 0 for changeToCandidate
2019-10-14 12:32:16,421 [Thread-2357] INFO  impl.RoleInfo (RoleInfo.java:updateAndGet(143)) - f702c1a9-89db-4927-8433-467abec08902: start LeaderElection
2019-10-14 12:32:16,427 [Thread-2363] INFO  impl.FollowerState (FollowerState.java:run(108)) - 6f4fbb20-7bc8-405b-b3a3-7ab0d0d38458@group-CFCBFB1E5557-FollowerState: change to CANDIDATE, lastRpcTime:5004ms, electionTimeout:5001ms
2019-10-14 12:32:16,435 [Thread-2363] INFO  impl.RoleInfo (RoleInfo.java:shutdownFollowerState(121)) - 6f4fbb20-7bc8-405b-b3a3-7ab0d0d38458: shutdown FollowerState
2019-10-14 12:32:16,435 [Thread-2363] INFO  impl.RaftServerImpl (RaftServerImpl.java:setRole(170)) - 6f4fbb20-7bc8-405b-b3a3-7ab0d0d38458@group-CFCBFB1E5557: changes role from  FOLLOWER to CANDIDATE at term 0 for changeToCandidate
2019-10-14 12:32:16,435 [Thread-2363] INFO  impl.RoleInfo (RoleInfo.java:updateAndGet(143)) - 6f4fbb20-7bc8-405b-b3a3-7ab0d0d38458: start LeaderElection
2019-10-14 12:32:16,450 [Thread-2364] INFO  impl.FollowerState (FollowerState.java:run(108)) - f702c1a9-89db-4927-8433-467abec08902@group-CFCBFB1E5557-FollowerState: change to CANDIDATE, lastRpcTime:5026ms, electionTimeout:5026ms
2019-10-14 12:32:16,450 [Thread-2364] INFO  impl.RoleInfo (RoleInfo.java:shutdownFollowerState(121)) - f702c1a9-89db-4927-8433-467abec08902: shutdown FollowerState
2019-10-14 12:32:16,450 [Thread-2364] INFO  impl.RaftServerImpl (RaftServerImpl.java:setRole(170)) - f702c1a9-89db-4927-8433-467abec08902@group-CFCBFB1E5557: changes role from  FOLLOWER to CANDIDATE at term 0 for changeToCandidate
2019-10-14 12:32:16,450 [Thread-2364] INFO  impl.RoleInfo (RoleInfo.java:updateAndGet(143)) - f702c1a9-89db-4927-8433-467abec08902: start LeaderElection
2019-10-14 12:32:16,453 [Thread-2362] INFO  impl.FollowerState (FollowerState.java:run(108)) - a848952e-b84d-4d94-a6b9-c670ad286528@group-CFCBFB1E5557-FollowerState: change to CANDIDATE, lastRpcTime:5033ms, electionTimeout:5030ms
2019-10-14 12:32:16,459 [Thread-2362] INFO  impl.RoleInfo (RoleInfo.java:shutdownFollowerState(121)) - a848952e-b84d-4d94-a6b9-c670ad286528: shutdown FollowerState
2019-10-14 12:32:16,459 [Thread-2362] INFO  impl.RaftServerImpl (RaftServerImpl.java:setRole(170)) - a848952e-b84d-4d94-a6b9-c670ad286528@group-CFCBFB1E5557: changes role from  FOLLOWER to CANDIDATE at term 0 for changeToCandidate
2019-10-14 12:32:16,459 [Thread-2362] INFO  impl.RoleInfo (RoleInfo.java:updateAndGet(143)) - a848952e-b84d-4d94-a6b9-c670ad286528: start LeaderElection
2019-10-14 12:32:16,459 [f702c1a9-89db-4927-8433-467abec08902@group-603FD89C9A5E-LeaderElection56] INFO  impl.LeaderElection (LeaderElection.java:askForVotes(178)) - f702c1a9-89db-4927-8433-467abec08902@group-603FD89C9A5E-LeaderElection56: begin an election at term 1 for -1: [f702c1a9-89db-4927-8433-467abec08902:192.168.157.204:34934], old=null
2019-10-14 12:32:16,463 [f702c1a9-89db-4927-8433-467abec08902@group-603FD89C9A5E-LeaderElection56] INFO  impl.RoleInfo (RoleInfo.java:shutdownLeaderElection(134)) - f702c1a9-89db-4927-8433-467abec08902: shutdown LeaderElection
2019-10-14 12:32:16,466 [f702c1a9-89db-4927-8433-467abec08902@group-603FD89C9A5E-LeaderElection56] INFO  impl.RaftServerImpl (RaftServerImpl.java:setRole(170)) - f702c1a9-89db-4927-8433-467abec08902@group-603FD89C9A5E: changes role from CANDIDATE to LEADER at term 1 for changeToLeader
2019-10-14 12:32:16,466 [f702c1a9-89db-4927-8433-467abec08902@group-603FD89C9A5E-LeaderElection56] INFO  impl.RaftServerImpl (ServerState.java:setLeader(255)) - f702c1a9-89db-4927-8433-467abec08902@group-603FD89C9A5E: change Leader from null to f702c1a9-89db-4927-8433-467abec08902 at term 1 for becomeLeader, leader elected after 5108ms
2019-10-14 12:32:16,466 [f702c1a9-89db-4927-8433-467abec08902@group-603FD89C9A5E-LeaderElection56] INFO  server.RaftServerConfigKeys (ConfUtils.java:logGet(43)) - raft.server.staging.catchup.gap = 1000 (default)
2019-10-14 12:32:16,467 [f702c1a9-89db-4927-8433-467abec08902@group-603FD89C9A5E-LeaderElection56] INFO  server.RaftServerConfigKeys (ConfUtils.java:logGet(43)) - raft.server.rpc.sleep.time = 25ms (default)
2019-10-14 12:32:16,467 [f702c1a9-89db-4927-8433-467abec08902@group-603FD89C9A5E-LeaderElection56] INFO  server.RaftServerConfigKeys (ConfUtils.java:logGet(43)) - raft.server.write.element-limit = 4096 (default)
2019-10-14 12:32:16,467 [f702c1a9-89db-4927-8433-467abec08902@group-603FD89C9A5E-LeaderElection56] INFO  server.RaftServerConfigKeys (ConfUtils.java:logGet(43)) - raft.server.watch.timeout = 10s (default)
2019-10-14 12:32:16,467 [f702c1a9-89db-4927-8433-467abec08902@group-603FD89C9A5E-LeaderElection56] INFO  server.RaftServerConfigKeys (ConfUtils.java:logGet(43)) - raft.server.watch.timeout.denomination = 1s (default)
2019-10-14 12:32:16,467 [f702c1a9-89db-4927-8433-467abec08902@group-603FD89C9A5E-LeaderElection56] INFO  server.RaftServerConfigKeys (ConfUtils.java:logGet(43)) - raft.server.watch.element-limit = 65536 (default)
2019-10-14 12:32:16,470 [f702c1a9-89db-4927-8433-467abec08902@group-603FD89C9A5E-LeaderElection56] INFO  impl.RoleInfo (RoleInfo.java:updateAndGet(143)) - f702c1a9-89db-4927-8433-467abec08902: start LeaderState
2019-10-14 12:32:16,470 [f702c1a9-89db-4927-8433-467abec08902@group-603FD89C9A5E-LeaderElection56] INFO  segmented.SegmentedRaftLogWorker (SegmentedRaftLogWorker.java:startLogSegment(385)) - f702c1a9-89db-4927-8433-467abec08902@group-603FD89C9A5E-SegmentedRaftLogWorker: Starting segment from index:0
2019-10-14 12:32:16,471 [f702c1a9-89db-4927-8433-467abec08902@group-603FD89C9A5E-LeaderElection56] INFO  impl.RaftServerImpl (ServerState.java:setRaftConf(356)) - f702c1a9-89db-4927-8433-467abec08902@group-603FD89C9A5E: set configuration 0: [f702c1a9-89db-4927-8433-467abec08902:192.168.157.204:34934], old=null at 0
2019-10-14 12:32:16,473 [a848952e-b84d-4d94-a6b9-c670ad286528@group-CFCBFB1E5557-LeaderElection59] INFO  impl.LeaderElection (LeaderElection.java:askForVotes(178)) - a848952e-b84d-4d94-a6b9-c670ad286528@group-CFCBFB1E5557-LeaderElection59: begin an election at term 1 for -1: [f702c1a9-89db-4927-8433-467abec08902:192.168.157.204:34934, 6f4fbb20-7bc8-405b-b3a3-7ab0d0d38458:192.168.157.204:39394, a848952e-b84d-4d94-a6b9-c670ad286528:192.168.157.204:46386], old=null
2019-10-14 12:32:16,473 [6f4fbb20-7bc8-405b-b3a3-7ab0d0d38458@group-CFCBFB1E5557-LeaderElection57] INFO  impl.LeaderElection (LeaderElection.java:askForVotes(178)) - 6f4fbb20-7bc8-405b-b3a3-7ab0d0d38458@group-CFCBFB1E5557-LeaderElection57: begin an election at term 1 for -1: [f702c1a9-89db-4927-8433-467abec08902:192.168.157.204:34934, 6f4fbb20-7bc8-405b-b3a3-7ab0d0d38458:192.168.157.204:39394, a848952e-b84d-4d94-a6b9-c670ad286528:192.168.157.204:46386], old=null
2019-10-14 12:32:16,473 [f702c1a9-89db-4927-8433-467abec08902@group-CFCBFB1E5557-LeaderElection58] INFO  impl.LeaderElection (LeaderElection.java:askForVotes(178)) - f702c1a9-89db-4927-8433-467abec08902@group-CFCBFB1E5557-LeaderElection58: begin an election at term 1 for -1: [f702c1a9-89db-4927-8433-467abec08902:192.168.157.204:34934, 6f4fbb20-7bc8-405b-b3a3-7ab0d0d38458:192.168.157.204:39394, a848952e-b84d-4d94-a6b9-c670ad286528:192.168.157.204:46386], old=null
2019-10-14 12:32:16,480 [a848952e-b84d-4d94-a6b9-c670ad286528@group-CFCBFB1E5557-LeaderElection59] INFO  impl.LeaderElection (LeaderElection.java:logAndReturn(56)) - a848952e-b84d-4d94-a6b9-c670ad286528@group-CFCBFB1E5557-LeaderElection59: Election REJECTED; received 2 response(s) [a848952e-b84d-4d94-a6b9-c670ad286528<-f702c1a9-89db-4927-8433-467abec08902#0:FAIL-t1, a848952e-b84d-4d94-a6b9-c670ad286528<-6f4fbb20-7bc8-405b-b3a3-7ab0d0d38458#0:FAIL-t1] and 0 exception(s); a848952e-b84d-4d94-a6b9-c670ad286528@group-CFCBFB1E5557:t1, leader=null, voted=a848952e-b84d-4d94-a6b9-c670ad286528, raftlog=a848952e-b84d-4d94-a6b9-c670ad286528@group-CFCBFB1E5557-SegmentedRaftLog:OPENED:c-1,f-1,i0, conf=-1: [f702c1a9-89db-4927-8433-467abec08902:192.168.157.204:34934, 6f4fbb20-7bc8-405b-b3a3-7ab0d0d38458:192.168.157.204:39394, a848952e-b84d-4d94-a6b9-c670ad286528:192.168.157.204:46386], old=null
2019-10-14 12:32:16,480 [6f4fbb20-7bc8-405b-b3a3-7ab0d0d38458@group-CFCBFB1E5557-LeaderElection57] INFO  impl.LeaderElection (LeaderElection.java:logAndReturn(56)) - 6f4fbb20-7bc8-405b-b3a3-7ab0d0d38458@group-CFCBFB1E5557-LeaderElection57: Election REJECTED; received 2 response(s) [6f4fbb20-7bc8-405b-b3a3-7ab0d0d38458<-f702c1a9-89db-4927-8433-467abec08902#0:FAIL-t1, 6f4fbb20-7bc8-405b-b3a3-7ab0d0d38458<-a848952e-b84d-4d94-a6b9-c670ad286528#0:FAIL-t1] and 0 exception(s); 6f4fbb20-7bc8-405b-b3a3-7ab0d0d38458@group-CFCBFB1E5557:t1, leader=null, voted=6f4fbb20-7bc8-405b-b3a3-7ab0d0d38458, raftlog=6f4fbb20-7bc8-405b-b3a3-7ab0d0d38458@group-CFCBFB1E5557-SegmentedRaftLog:OPENED:c-1,f-1,i0, conf=-1: [f702c1a9-89db-4927-8433-467abec08902:192.168.157.204:34934, 6f4fbb20-7bc8-405b-b3a3-7ab0d0d38458:192.168.157.204:39394, a848952e-b84d-4d94-a6b9-c670ad286528:192.168.157.204:46386], old=null
2019-10-14 12:32:16,481 [a848952e-b84d-4d94-a6b9-c670ad286528@group-CFCBFB1E5557-LeaderElection59] INFO  impl.RaftServerImpl (RaftServerImpl.java:setRole(170)) - a848952e-b84d-4d94-a6b9-c670ad286528@group-CFCBFB1E5557: changes role from CANDIDATE to FOLLOWER at term 1 for DISCOVERED_A_NEW_TERM
2019-10-14 12:32:16,481 [6f4fbb20-7bc8-405b-b3a3-7ab0d0d38458@group-CFCBFB1E5557-LeaderElection57] INFO  impl.RaftServerImpl (RaftServerImpl.java:setRole(170)) - 6f4fbb20-7bc8-405b-b3a3-7ab0d0d38458@group-CFCBFB1E5557: changes role from CANDIDATE to FOLLOWER at term 1 for DISCOVERED_A_NEW_TERM
2019-10-14 12:32:16,481 [f702c1a9-89db-4927-8433-467abec08902@group-CFCBFB1E5557-LeaderElection58] INFO  impl.LeaderElection (LeaderElection.java:logAndReturn(56)) - f702c1a9-89db-4927-8433-467abec08902@group-CFCBFB1E5557-LeaderElection58: Election REJECTED; received 2 response(s) [f702c1a9-89db-4927-8433-467abec08902<-6f4fbb20-7bc8-405b-b3a3-7ab0d0d38458#0:FAIL-t1, f702c1a9-89db-4927-8433-467abec08902<-a848952e-b84d-4d94-a6b9-c670ad286528#0:FAIL-t1] and 0 exception(s); f702c1a9-89db-4927-8433-467abec08902@group-CFCBFB1E5557:t1, leader=null, voted=f702c1a9-89db-4927-8433-467abec08902, raftlog=f702c1a9-89db-4927-8433-467abec08902@group-CFCBFB1E5557-SegmentedRaftLog:OPENED:c-1,f-1,i0, conf=-1: [f702c1a9-89db-4927-8433-467abec08902:192.168.157.204:34934, 6f4fbb20-7bc8-405b-b3a3-7ab0d0d38458:192.168.157.204:39394, a848952e-b84d-4d94-a6b9-c670ad286528:192.168.157.204:46386], old=null
2019-10-14 12:32:16,481 [a848952e-b84d-4d94-a6b9-c670ad286528@group-CFCBFB1E5557-LeaderElection59] INFO  impl.RoleInfo (RoleInfo.java:shutdownLeaderElection(134)) - a848952e-b84d-4d94-a6b9-c670ad286528: shutdown LeaderElection
2019-10-14 12:32:16,481 [f702c1a9-89db-4927-8433-467abec08902@group-CFCBFB1E5557-LeaderElection58] INFO  impl.RaftServerImpl (RaftServerImpl.java:setRole(170)) - f702c1a9-89db-4927-8433-467abec08902@group-CFCBFB1E5557: changes role from CANDIDATE to FOLLOWER at term 1 for DISCOVERED_A_NEW_TERM
2019-10-14 12:32:16,481 [6f4fbb20-7bc8-405b-b3a3-7ab0d0d38458@group-CFCBFB1E5557-LeaderElection57] INFO  impl.RoleInfo (RoleInfo.java:shutdownLeaderElection(134)) - 6f4fbb20-7bc8-405b-b3a3-7ab0d0d38458: shutdown LeaderElection
2019-10-14 12:32:16,482 [f702c1a9-89db-4927-8433-467abec08902@group-CFCBFB1E5557-LeaderElection58] INFO  impl.RoleInfo (RoleInfo.java:shutdownLeaderElection(134)) - f702c1a9-89db-4927-8433-467abec08902: shutdown LeaderElection
2019-10-14 12:32:16,481 [a848952e-b84d-4d94-a6b9-c670ad286528@group-CFCBFB1E5557-LeaderElection59] INFO  impl.RoleInfo (RoleInfo.java:updateAndGet(143)) - a848952e-b84d-4d94-a6b9-c670ad286528: start FollowerState
2019-10-14 12:32:16,482 [f702c1a9-89db-4927-8433-467abec08902@group-CFCBFB1E5557-LeaderElection58] INFO  impl.RoleInfo (RoleInfo.java:updateAndGet(143)) - f702c1a9-89db-4927-8433-467abec08902: start FollowerState
2019-10-14 12:32:16,482 [6f4fbb20-7bc8-405b-b3a3-7ab0d0d38458@group-CFCBFB1E5557-LeaderElection57] INFO  impl.RoleInfo (RoleInfo.java:updateAndGet(143)) - 6f4fbb20-7bc8-405b-b3a3-7ab0d0d38458: start FollowerState
2019-10-14 12:32:16,489 [Thread-2354] INFO  impl.FollowerState (FollowerState.java:run(108)) - 6f4fbb20-7bc8-405b-b3a3-7ab0d0d38458@group-03DC31D1C881-FollowerState: change to CANDIDATE, lastRpcTime:5200ms, electionTimeout:5200ms
2019-10-14 12:32:16,489 [Thread-2354] INFO  impl.RoleInfo (RoleInfo.java:shutdownFollowerState(121)) - 6f4fbb20-7bc8-405b-b3a3-7ab0d0d38458: shutdown FollowerState
2019-10-14 12:32:16,489 [Thread-2354] INFO  impl.RaftServerImpl (RaftServerImpl.java:setRole(170)) - 6f4fbb20-7bc8-405b-b3a3-7ab0d0d38458@group-03DC31D1C881: changes role from  FOLLOWER to CANDIDATE at term 0 for changeToCandidate
2019-10-14 12:32:16,489 [Thread-2354] INFO  impl.RoleInfo (RoleInfo.java:updateAndGet(143)) - 6f4fbb20-7bc8-405b-b3a3-7ab0d0d38458: start LeaderElection
2019-10-14 12:32:16,525 [f702c1a9-89db-4927-8433-467abec08902@group-603FD89C9A5E-SegmentedRaftLogWorker] INFO  segmented.SegmentedRaftLogWorker (SegmentedRaftLogWorker.java:execute(574)) - f702c1a9-89db-4927-8433-467abec08902@group-603FD89C9A5E-SegmentedRaftLogWorker: created new log segment /workdir/hadoop-ozone/integration-test/target/test-dir/MiniOzoneClusterImpl-823ef00c-e4a9-400c-88a5-d60fec049001/datanode-2/data/ratis/5eb31b1c-5fdb-46f4-b4b9-603fd89c9a5e/current/log_inprogress_0
2019-10-14 12:32:16,525 [6f4fbb20-7bc8-405b-b3a3-7ab0d0d38458@group-03DC31D1C881-LeaderElection60] INFO  impl.LeaderElection (LeaderElection.java:askForVotes(178)) - 6f4fbb20-7bc8-405b-b3a3-7ab0d0d38458@group-03DC31D1C881-LeaderElection60: begin an election at term 1 for -1: [6f4fbb20-7bc8-405b-b3a3-7ab0d0d38458:192.168.157.204:39394], old=null
2019-10-14 12:32:16,525 [6f4fbb20-7bc8-405b-b3a3-7ab0d0d38458@group-03DC31D1C881-LeaderElection60] INFO  impl.RoleInfo (RoleInfo.java:shutdownLeaderElection(134)) - 6f4fbb20-7bc8-405b-b3a3-7ab0d0d38458: shutdown LeaderElection
2019-10-14 12:32:16,526 [6f4fbb20-7bc8-405b-b3a3-7ab0d0d38458@group-03DC31D1C881-LeaderElection60] INFO  impl.RaftServerImpl (RaftServerImpl.java:setRole(170)) - 6f4fbb20-7bc8-405b-b3a3-7ab0d0d38458@group-03DC31D1C881: changes role from CANDIDATE to LEADER at term 1 for changeToLeader
2019-10-14 12:32:16,526 [6f4fbb20-7bc8-405b-b3a3-7ab0d0d38458@group-03DC31D1C881-LeaderElection60] INFO  impl.RaftServerImpl (ServerState.java:setLeader(255)) - 6f4fbb20-7bc8-405b-b3a3-7ab0d0d38458@group-03DC31D1C881: change Leader from null to 6f4fbb20-7bc8-405b-b3a3-7ab0d0d38458 at term 1 for becomeLeader, leader elected after 5241ms
2019-10-14 12:32:16,526 [6f4fbb20-7bc8-405b-b3a3-7ab0d0d38458@group-03DC31D1C881-LeaderElection60] INFO  server.RaftServerConfigKeys (ConfUtils.java:logGet(43)) - raft.server.staging.catchup.gap = 1000 (default)
2019-10-14 12:32:16,526 [6f4fbb20-7bc8-405b-b3a3-7ab0d0d38458@group-03DC31D1C881-LeaderElection60] INFO  server.RaftServerConfigKeys (ConfUtils.java:logGet(43)) - raft.server.rpc.sleep.time = 25ms (default)
2019-10-14 12:32:16,526 [6f4fbb20-7bc8-405b-b3a3-7ab0d0d38458@group-03DC31D1C881-LeaderElection60] INFO  server.RaftServerConfigKeys (ConfUtils.java:logGet(43)) - raft.server.write.element-limit = 4096 (default)
2019-10-14 12:32:16,526 [6f4fbb20-7bc8-405b-b3a3-7ab0d0d38458@group-03DC31D1C881-LeaderElection60] INFO  server.RaftServerConfigKeys (ConfUtils.java:logGet(43)) - raft.server.watch.timeout = 10s (default)
2019-10-14 12:32:16,526 [6f4fbb20-7bc8-405b-b3a3-7ab0d0d38458@group-03DC31D1C881-LeaderElection60] INFO  server.RaftServerConfigKeys (ConfUtils.java:logGet(43)) - raft.server.watch.timeout.denomination = 1s (default)
2019-10-14 12:32:16,527 [6f4fbb20-7bc8-405b-b3a3-7ab0d0d38458@group-03DC31D1C881-LeaderElection60] INFO  server.RaftServerConfigKeys (ConfUtils.java:logGet(43)) - raft.server.watch.element-limit = 65536 (default)
2019-10-14 12:32:16,528 [6f4fbb20-7bc8-405b-b3a3-7ab0d0d38458@group-03DC31D1C881-LeaderElection60] INFO  impl.RoleInfo (RoleInfo.java:updateAndGet(143)) - 6f4fbb20-7bc8-405b-b3a3-7ab0d0d38458: start LeaderState
2019-10-14 12:32:16,529 [6f4fbb20-7bc8-405b-b3a3-7ab0d0d38458@group-03DC31D1C881-LeaderElection60] INFO  segmented.SegmentedRaftLogWorker (SegmentedRaftLogWorker.java:startLogSegment(385)) - 6f4fbb20-7bc8-405b-b3a3-7ab0d0d38458@group-03DC31D1C881-SegmentedRaftLogWorker: Starting segment from index:0
2019-10-14 12:32:16,529 [6f4fbb20-7bc8-405b-b3a3-7ab0d0d38458@group-03DC31D1C881-LeaderElection60] INFO  impl.RaftServerImpl (ServerState.java:setRaftConf(356)) - 6f4fbb20-7bc8-405b-b3a3-7ab0d0d38458@group-03DC31D1C881: set configuration 0: [6f4fbb20-7bc8-405b-b3a3-7ab0d0d38458:192.168.157.204:39394], old=null at 0
2019-10-14 12:32:16,557 [Thread-2369] INFO  impl.FollowerState (FollowerState.java:run(108)) - 8250a189-56a9-477f-9cb2-36f2ee56afeb@group-61C0208E3F1B-FollowerState: change to CANDIDATE, lastRpcTime:5003ms, electionTimeout:5003ms
2019-10-14 12:32:16,557 [Thread-2369] INFO  impl.RoleInfo (RoleInfo.java:shutdownFollowerState(121)) - 8250a189-56a9-477f-9cb2-36f2ee56afeb: shutdown FollowerState
2019-10-14 12:32:16,557 [Thread-2369] INFO  impl.RaftServerImpl (RaftServerImpl.java:setRole(170)) - 8250a189-56a9-477f-9cb2-36f2ee56afeb@group-61C0208E3F1B: changes role from  FOLLOWER to CANDIDATE at term 0 for changeToCandidate
2019-10-14 12:32:16,557 [Thread-2369] INFO  impl.RoleInfo (RoleInfo.java:updateAndGet(143)) - 8250a189-56a9-477f-9cb2-36f2ee56afeb: start LeaderElection
2019-10-14 12:32:16,567 [6f4fbb20-7bc8-405b-b3a3-7ab0d0d38458@group-03DC31D1C881-SegmentedRaftLogWorker] INFO  segmented.SegmentedRaftLogWorker (SegmentedRaftLogWorker.java:execute(574)) - 6f4fbb20-7bc8-405b-b3a3-7ab0d0d38458@group-03DC31D1C881-SegmentedRaftLogWorker: created new log segment /workdir/hadoop-ozone/integration-test/target/test-dir/MiniOzoneClusterImpl-823ef00c-e4a9-400c-88a5-d60fec049001/datanode-1/data/ratis/21081b5b-b03d-490a-b77b-03dc31d1c881/current/log_inprogress_0
2019-10-14 12:32:16,580 [8250a189-56a9-477f-9cb2-36f2ee56afeb@group-61C0208E3F1B-LeaderElection61] INFO  impl.LeaderElection (LeaderElection.java:askForVotes(178)) - 8250a189-56a9-477f-9cb2-36f2ee56afeb@group-61C0208E3F1B-LeaderElection61: begin an election at term 1 for -1: [8250a189-56a9-477f-9cb2-36f2ee56afeb:192.168.157.204:39417], old=null
2019-10-14 12:32:16,580 [8250a189-56a9-477f-9cb2-36f2ee56afeb@group-61C0208E3F1B-LeaderElection61] INFO  impl.RoleInfo (RoleInfo.java:shutdownLeaderElection(134)) - 8250a189-56a9-477f-9cb2-36f2ee56afeb: shutdown LeaderElection
2019-10-14 12:32:16,580 [8250a189-56a9-477f-9cb2-36f2ee56afeb@group-61C0208E3F1B-LeaderElection61] INFO  impl.RaftServerImpl (RaftServerImpl.java:setRole(170)) - 8250a189-56a9-477f-9cb2-36f2ee56afeb@group-61C0208E3F1B: changes role from CANDIDATE to LEADER at term 1 for changeToLeader
2019-10-14 12:32:16,580 [8250a189-56a9-477f-9cb2-36f2ee56afeb@group-61C0208E3F1B-LeaderElection61] INFO  impl.RaftServerImpl (ServerState.java:setLeader(255)) - 8250a189-56a9-477f-9cb2-36f2ee56afeb@group-61C0208E3F1B: change Leader from null to 8250a189-56a9-477f-9cb2-36f2ee56afeb at term 1 for becomeLeader, leader elected after 5033ms
2019-10-14 12:32:16,580 [8250a189-56a9-477f-9cb2-36f2ee56afeb@group-61C0208E3F1B-LeaderElection61] INFO  server.RaftServerConfigKeys (ConfUtils.java:logGet(43)) - raft.server.staging.catchup.gap = 1000 (default)
2019-10-14 12:32:16,580 [8250a189-56a9-477f-9cb2-36f2ee56afeb@group-61C0208E3F1B-LeaderElection61] INFO  server.RaftServerConfigKeys (ConfUtils.java:logGet(43)) - raft.server.rpc.sleep.time = 25ms (default)
2019-10-14 12:32:16,581 [8250a189-56a9-477f-9cb2-36f2ee56afeb@group-61C0208E3F1B-LeaderElection61] INFO  server.RaftServerConfigKeys (ConfUtils.java:logGet(43)) - raft.server.write.element-limit = 4096 (default)
2019-10-14 12:32:16,581 [8250a189-56a9-477f-9cb2-36f2ee56afeb@group-61C0208E3F1B-LeaderElection61] INFO  server.RaftServerConfigKeys (ConfUtils.java:logGet(43)) - raft.server.watch.timeout = 10s (default)
2019-10-14 12:32:16,581 [8250a189-56a9-477f-9cb2-36f2ee56afeb@group-61C0208E3F1B-LeaderElection61] INFO  server.RaftServerConfigKeys (ConfUtils.java:logGet(43)) - raft.server.watch.timeout.denomination = 1s (default)
2019-10-14 12:32:16,581 [8250a189-56a9-477f-9cb2-36f2ee56afeb@group-61C0208E3F1B-LeaderElection61] INFO  server.RaftServerConfigKeys (ConfUtils.java:logGet(43)) - raft.server.watch.element-limit = 65536 (default)
2019-10-14 12:32:16,582 [8250a189-56a9-477f-9cb2-36f2ee56afeb@group-61C0208E3F1B-LeaderElection61] INFO  impl.RoleInfo (RoleInfo.java:updateAndGet(143)) - 8250a189-56a9-477f-9cb2-36f2ee56afeb: start LeaderState
2019-10-14 12:32:16,582 [8250a189-56a9-477f-9cb2-36f2ee56afeb@group-61C0208E3F1B-LeaderElection61] INFO  segmented.SegmentedRaftLogWorker (SegmentedRaftLogWorker.java:startLogSegment(385)) - 8250a189-56a9-477f-9cb2-36f2ee56afeb@group-61C0208E3F1B-SegmentedRaftLogWorker: Starting segment from index:0
2019-10-14 12:32:16,583 [8250a189-56a9-477f-9cb2-36f2ee56afeb@group-61C0208E3F1B-LeaderElection61] INFO  impl.RaftServerImpl (ServerState.java:setRaftConf(356)) - 8250a189-56a9-477f-9cb2-36f2ee56afeb@group-61C0208E3F1B: set configuration 0: [8250a189-56a9-477f-9cb2-36f2ee56afeb:192.168.157.204:39417], old=null at 0
2019-10-14 12:32:16,616 [8250a189-56a9-477f-9cb2-36f2ee56afeb@group-61C0208E3F1B-SegmentedRaftLogWorker] INFO  segmented.SegmentedRaftLogWorker (SegmentedRaftLogWorker.java:execute(574)) - 8250a189-56a9-477f-9cb2-36f2ee56afeb@group-61C0208E3F1B-SegmentedRaftLogWorker: created new log segment /workdir/hadoop-ozone/integration-test/target/test-dir/MiniOzoneClusterImpl-823ef00c-e4a9-400c-88a5-d60fec049001/datanode-4/data/ratis/f0ff7e00-8cf1-4f4b-b25c-61c0208e3f1b/current/log_inprogress_0
2019-10-14 12:32:16,697 [Thread-2375] INFO  impl.FollowerState (FollowerState.java:run(108)) - 1aad952c-1ff7-47c2-b7b8-740e07acac87@group-0F06DA379027-FollowerState: change to CANDIDATE, lastRpcTime:5046ms, electionTimeout:5046ms
2019-10-14 12:32:16,697 [Thread-2375] INFO  impl.RoleInfo (RoleInfo.java:shutdownFollowerState(121)) - 1aad952c-1ff7-47c2-b7b8-740e07acac87: shutdown FollowerState
2019-10-14 12:32:16,697 [Thread-2375] INFO  impl.RaftServerImpl (RaftServerImpl.java:setRole(170)) - 1aad952c-1ff7-47c2-b7b8-740e07acac87@group-0F06DA379027: changes role from  FOLLOWER to CANDIDATE at term 0 for changeToCandidate
2019-10-14 12:32:16,697 [Thread-2375] INFO  impl.RoleInfo (RoleInfo.java:updateAndGet(143)) - 1aad952c-1ff7-47c2-b7b8-740e07acac87: start LeaderElection
2019-10-14 12:32:16,716 [Thread-2372] INFO  impl.FollowerState (FollowerState.java:run(108)) - 5620a721-7c11-4b7d-b5fe-2f085bd8b119@group-10D98F098622-FollowerState: change to CANDIDATE, lastRpcTime:5116ms, electionTimeout:5116ms
2019-10-14 12:32:16,716 [Thread-2372] INFO  impl.RoleInfo (RoleInfo.java:shutdownFollowerState(121)) - 5620a721-7c11-4b7d-b5fe-2f085bd8b119: shutdown FollowerState
2019-10-14 12:32:16,716 [Thread-2372] INFO  impl.RaftServerImpl (RaftServerImpl.java:setRole(170)) - 5620a721-7c11-4b7d-b5fe-2f085bd8b119@group-10D98F098622: changes role from  FOLLOWER to CANDIDATE at term 0 for changeToCandidate
2019-10-14 12:32:16,716 [Thread-2372] INFO  impl.RoleInfo (RoleInfo.java:updateAndGet(143)) - 5620a721-7c11-4b7d-b5fe-2f085bd8b119: start LeaderElection
2019-10-14 12:32:16,720 [1aad952c-1ff7-47c2-b7b8-740e07acac87@group-0F06DA379027-LeaderElection62] INFO  impl.LeaderElection (LeaderElection.java:askForVotes(178)) - 1aad952c-1ff7-47c2-b7b8-740e07acac87@group-0F06DA379027-LeaderElection62: begin an election at term 1 for -1: [1aad952c-1ff7-47c2-b7b8-740e07acac87:192.168.157.204:35347], old=null
2019-10-14 12:32:16,725 [Thread-2383] INFO  impl.FollowerState (FollowerState.java:run(108)) - 1aad952c-1ff7-47c2-b7b8-740e07acac87@group-DD4E5F0AE86D-FollowerState: change to CANDIDATE, lastRpcTime:5015ms, electionTimeout:5015ms
2019-10-14 12:32:16,726 [1aad952c-1ff7-47c2-b7b8-740e07acac87@group-0F06DA379027-LeaderElection62] INFO  impl.RoleInfo (RoleInfo.java:shutdownLeaderElection(134)) - 1aad952c-1ff7-47c2-b7b8-740e07acac87: shutdown LeaderElection
2019-10-14 12:32:16,726 [Thread-2383] INFO  impl.RoleInfo (RoleInfo.java:shutdownFollowerState(121)) - 1aad952c-1ff7-47c2-b7b8-740e07acac87: shutdown FollowerState
2019-10-14 12:32:16,726 [1aad952c-1ff7-47c2-b7b8-740e07acac87@group-0F06DA379027-LeaderElection62] INFO  impl.RaftServerImpl (RaftServerImpl.java:setRole(170)) - 1aad952c-1ff7-47c2-b7b8-740e07acac87@group-0F06DA379027: changes role from CANDIDATE to LEADER at term 1 for changeToLeader
2019-10-14 12:32:16,726 [Thread-2383] INFO  impl.RaftServerImpl (RaftServerImpl.java:setRole(170)) - 1aad952c-1ff7-47c2-b7b8-740e07acac87@group-DD4E5F0AE86D: changes role from  FOLLOWER to CANDIDATE at term 0 for changeToCandidate
2019-10-14 12:32:16,726 [1aad952c-1ff7-47c2-b7b8-740e07acac87@group-0F06DA379027-LeaderElection62] INFO  impl.RaftServerImpl (ServerState.java:setLeader(255)) - 1aad952c-1ff7-47c2-b7b8-740e07acac87@group-0F06DA379027: change Leader from null to 1aad952c-1ff7-47c2-b7b8-740e07acac87 at term 1 for becomeLeader, leader elected after 5083ms
2019-10-14 12:32:16,726 [Thread-2383] INFO  impl.RoleInfo (RoleInfo.java:updateAndGet(143)) - 1aad952c-1ff7-47c2-b7b8-740e07acac87: start LeaderElection
2019-10-14 12:32:16,726 [1aad952c-1ff7-47c2-b7b8-740e07acac87@group-0F06DA379027-LeaderElection62] INFO  server.RaftServerConfigKeys (ConfUtils.java:logGet(43)) - raft.server.staging.catchup.gap = 1000 (default)
2019-10-14 12:32:16,730 [1aad952c-1ff7-47c2-b7b8-740e07acac87@group-0F06DA379027-LeaderElection62] INFO  server.RaftServerConfigKeys (ConfUtils.java:logGet(43)) - raft.server.rpc.sleep.time = 25ms (default)
2019-10-14 12:32:16,735 [1aad952c-1ff7-47c2-b7b8-740e07acac87@group-0F06DA379027-LeaderElection62] INFO  server.RaftServerConfigKeys (ConfUtils.java:logGet(43)) - raft.server.write.element-limit = 4096 (default)
2019-10-14 12:32:16,735 [1aad952c-1ff7-47c2-b7b8-740e07acac87@group-0F06DA379027-LeaderElection62] INFO  server.RaftServerConfigKeys (ConfUtils.java:logGet(43)) - raft.server.watch.timeout = 10s (default)
2019-10-14 12:32:16,735 [EventQueue-StaleNodeForStaleNodeHandler] INFO  node.StaleNodeHandler (StaleNodeHandler.java:onMessage(58)) - Datanode 1dab5bbc-306d-414b-bee9-799bfda5c805{ip: 192.168.157.204, host: pr-hdds-2196-v6glg-1693409637, networkLocation: /default-rack, certSerialId: null} moved to stale state. Finalizing its pipelines [PipelineID=6d54f5db-d255-4324-b783-43a32d8c9052, PipelineID=aec77919-f247-4006-9064-d12f0c14dbe7]
2019-10-14 12:32:16,735 [1aad952c-1ff7-47c2-b7b8-740e07acac87@group-0F06DA379027-LeaderElection62] INFO  server.RaftServerConfigKeys (ConfUtils.java:logGet(43)) - raft.server.watch.timeout.denomination = 1s (default)
2019-10-14 12:32:16,736 [1aad952c-1ff7-47c2-b7b8-740e07acac87@group-0F06DA379027-LeaderElection62] INFO  server.RaftServerConfigKeys (ConfUtils.java:logGet(43)) - raft.server.watch.element-limit = 65536 (default)
2019-10-14 12:32:16,736 [EventQueue-StaleNodeForStaleNodeHandler] INFO  pipeline.SCMPipelineManager (SCMPipelineManager.java:finalizeAndDestroyPipeline(315)) - destroying pipeline:Pipeline[ Id: 6d54f5db-d255-4324-b783-43a32d8c9052, Nodes: 1dab5bbc-306d-414b-bee9-799bfda5c805{ip: 192.168.157.204, host: pr-hdds-2196-v6glg-1693409637, networkLocation: /default-rack, certSerialId: null}31a1c64f-2dfd-4f55-ad66-1c5dd23d4cab{ip: 192.168.157.204, host: pr-hdds-2196-v6glg-1693409637, networkLocation: /default-rack, certSerialId: null}7ffb1a22-d777-4b7d-a742-5334fcca9894{ip: 192.168.157.204, host: pr-hdds-2196-v6glg-1693409637, networkLocation: /default-rack, certSerialId: null}, Type:RATIS, Factor:THREE, State:OPEN]
2019-10-14 12:32:16,736 [EventQueue-StaleNodeForStaleNodeHandler] INFO  pipeline.PipelineStateManager (PipelineStateManager.java:finalizePipeline(123)) - Pipeline Pipeline[ Id: 6d54f5db-d255-4324-b783-43a32d8c9052, Nodes: 1dab5bbc-306d-414b-bee9-799bfda5c805{ip: 192.168.157.204, host: pr-hdds-2196-v6glg-1693409637, networkLocation: /default-rack, certSerialId: null}31a1c64f-2dfd-4f55-ad66-1c5dd23d4cab{ip: 192.168.157.204, host: pr-hdds-2196-v6glg-1693409637, networkLocation: /default-rack, certSerialId: null}7ffb1a22-d777-4b7d-a742-5334fcca9894{ip: 192.168.157.204, host: pr-hdds-2196-v6glg-1693409637, networkLocation: /default-rack, certSerialId: null}, Type:RATIS, Factor:THREE, State:CLOSED] moved to CLOSED state
2019-10-14 12:32:16,737 [EventQueue-StaleNodeForStaleNodeHandler] INFO  pipeline.SCMPipelineManager (SCMPipelineManager.java:finalizeAndDestroyPipeline(315)) - destroying pipeline:Pipeline[ Id: aec77919-f247-4006-9064-d12f0c14dbe7, Nodes: 1dab5bbc-306d-414b-bee9-799bfda5c805{ip: 192.168.157.204, host: pr-hdds-2196-v6glg-1693409637, networkLocation: /default-rack, certSerialId: null}, Type:RATIS, Factor:ONE, State:OPEN]
2019-10-14 12:32:16,737 [EventQueue-CloseContainerForCloseContainerEventHandler] INFO  container.CloseContainerEventHandler (CloseContainerEventHandler.java:onMessage(61)) - Close container Event triggered for container : #1
2019-10-14 12:32:16,737 [EventQueue-StaleNodeForStaleNodeHandler] INFO  pipeline.PipelineStateManager (PipelineStateManager.java:finalizePipeline(123)) - Pipeline Pipeline[ Id: aec77919-f247-4006-9064-d12f0c14dbe7, Nodes: 1dab5bbc-306d-414b-bee9-799bfda5c805{ip: 192.168.157.204, host: pr-hdds-2196-v6glg-1693409637, networkLocation: /default-rack, certSerialId: null}, Type:RATIS, Factor:ONE, State:CLOSED] moved to CLOSED state
2019-10-14 12:32:16,737 [1aad952c-1ff7-47c2-b7b8-740e07acac87@group-0F06DA379027-LeaderElection62] INFO  impl.RoleInfo (RoleInfo.java:updateAndGet(143)) - 1aad952c-1ff7-47c2-b7b8-740e07acac87: start LeaderState
2019-10-14 12:32:16,738 [1aad952c-1ff7-47c2-b7b8-740e07acac87@group-0F06DA379027-LeaderElection62] INFO  segmented.SegmentedRaftLogWorker (SegmentedRaftLogWorker.java:startLogSegment(385)) - 1aad952c-1ff7-47c2-b7b8-740e07acac87@group-0F06DA379027-SegmentedRaftLogWorker: Starting segment from index:0
2019-10-14 12:32:16,738 [1aad952c-1ff7-47c2-b7b8-740e07acac87@group-0F06DA379027-LeaderElection62] INFO  impl.RaftServerImpl (ServerState.java:setRaftConf(356)) - 1aad952c-1ff7-47c2-b7b8-740e07acac87@group-0F06DA379027: set configuration 0: [1aad952c-1ff7-47c2-b7b8-740e07acac87:192.168.157.204:35347], old=null at 0
2019-10-14 12:32:16,741 [5620a721-7c11-4b7d-b5fe-2f085bd8b119@group-10D98F098622-LeaderElection63] INFO  impl.LeaderElection (LeaderElection.java:askForVotes(178)) - 5620a721-7c11-4b7d-b5fe-2f085bd8b119@group-10D98F098622-LeaderElection63: begin an election at term 1 for -1: [5620a721-7c11-4b7d-b5fe-2f085bd8b119:192.168.157.204:35186], old=null
2019-10-14 12:32:16,741 [1aad952c-1ff7-47c2-b7b8-740e07acac87@group-DD4E5F0AE86D-LeaderElection64] INFO  impl.LeaderElection (LeaderElection.java:askForVotes(178)) - 1aad952c-1ff7-47c2-b7b8-740e07acac87@group-DD4E5F0AE86D-LeaderElection64: begin an election at term 1 for -1: [1aad952c-1ff7-47c2-b7b8-740e07acac87:192.168.157.204:35347, 5620a721-7c11-4b7d-b5fe-2f085bd8b119:192.168.157.204:35186, 8250a189-56a9-477f-9cb2-36f2ee56afeb:192.168.157.204:39417], old=null
2019-10-14 12:32:16,741 [5620a721-7c11-4b7d-b5fe-2f085bd8b119@group-10D98F098622-LeaderElection63] INFO  impl.RoleInfo (RoleInfo.java:shutdownLeaderElection(134)) - 5620a721-7c11-4b7d-b5fe-2f085bd8b119: shutdown LeaderElection
2019-10-14 12:32:16,741 [5620a721-7c11-4b7d-b5fe-2f085bd8b119@group-10D98F098622-LeaderElection63] INFO  impl.RaftServerImpl (RaftServerImpl.java:setRole(170)) - 5620a721-7c11-4b7d-b5fe-2f085bd8b119@group-10D98F098622: changes role from CANDIDATE to LEADER at term 1 for changeToLeader
2019-10-14 12:32:16,742 [5620a721-7c11-4b7d-b5fe-2f085bd8b119@group-10D98F098622-LeaderElection63] INFO  impl.RaftServerImpl (ServerState.java:setLeader(255)) - 5620a721-7c11-4b7d-b5fe-2f085bd8b119@group-10D98F098622: change Leader from null to 5620a721-7c11-4b7d-b5fe-2f085bd8b119 at term 1 for becomeLeader, leader elected after 5148ms
2019-10-14 12:32:16,742 [5620a721-7c11-4b7d-b5fe-2f085bd8b119@group-10D98F098622-LeaderElection63] INFO  server.RaftServerConfigKeys (ConfUtils.java:logGet(43)) - raft.server.staging.catchup.gap = 1000 (default)
2019-10-14 12:32:16,742 [5620a721-7c11-4b7d-b5fe-2f085bd8b119@group-10D98F098622-LeaderElection63] INFO  server.RaftServerConfigKeys (ConfUtils.java:logGet(43)) - raft.server.rpc.sleep.time = 25ms (default)
2019-10-14 12:32:16,742 [5620a721-7c11-4b7d-b5fe-2f085bd8b119@group-10D98F098622-LeaderElection63] INFO  server.RaftServerConfigKeys (ConfUtils.java:logGet(43)) - raft.server.write.element-limit = 4096 (default)
2019-10-14 12:32:16,742 [5620a721-7c11-4b7d-b5fe-2f085bd8b119@group-10D98F098622-LeaderElection63] INFO  server.RaftServerConfigKeys (ConfUtils.java:logGet(43)) - raft.server.watch.timeout = 10s (default)
2019-10-14 12:32:16,742 [5620a721-7c11-4b7d-b5fe-2f085bd8b119@group-10D98F098622-LeaderElection63] INFO  server.RaftServerConfigKeys (ConfUtils.java:logGet(43)) - raft.server.watch.timeout.denomination = 1s (default)
2019-10-14 12:32:16,742 [5620a721-7c11-4b7d-b5fe-2f085bd8b119@group-10D98F098622-LeaderElection63] INFO  server.RaftServerConfigKeys (ConfUtils.java:logGet(43)) - raft.server.watch.element-limit = 65536 (default)
2019-10-14 12:32:16,744 [5620a721-7c11-4b7d-b5fe-2f085bd8b119@group-10D98F098622-LeaderElection63] INFO  impl.RoleInfo (RoleInfo.java:updateAndGet(143)) - 5620a721-7c11-4b7d-b5fe-2f085bd8b119: start LeaderState
2019-10-14 12:32:16,744 [5620a721-7c11-4b7d-b5fe-2f085bd8b119@group-10D98F098622-LeaderElection63] INFO  segmented.SegmentedRaftLogWorker (SegmentedRaftLogWorker.java:startLogSegment(385)) - 5620a721-7c11-4b7d-b5fe-2f085bd8b119@group-10D98F098622-SegmentedRaftLogWorker: Starting segment from index:0
2019-10-14 12:32:16,745 [5620a721-7c11-4b7d-b5fe-2f085bd8b119@group-10D98F098622-LeaderElection63] INFO  impl.RaftServerImpl (ServerState.java:setRaftConf(356)) - 5620a721-7c11-4b7d-b5fe-2f085bd8b119@group-10D98F098622: set configuration 0: [5620a721-7c11-4b7d-b5fe-2f085bd8b119:192.168.157.204:35186], old=null at 0
2019-10-14 12:32:16,767 [grpc-default-executor-1] INFO  impl.RaftServerImpl (RaftServerImpl.java:setRole(170)) - 5620a721-7c11-4b7d-b5fe-2f085bd8b119@group-DD4E5F0AE86D: changes role from  FOLLOWER to FOLLOWER at term 1 for recognizeCandidate:1aad952c-1ff7-47c2-b7b8-740e07acac87
2019-10-14 12:32:16,767 [grpc-default-executor-3] INFO  impl.RaftServerImpl (RaftServerImpl.java:setRole(170)) - 8250a189-56a9-477f-9cb2-36f2ee56afeb@group-DD4E5F0AE86D: changes role from  FOLLOWER to FOLLOWER at term 1 for recognizeCandidate:1aad952c-1ff7-47c2-b7b8-740e07acac87
2019-10-14 12:32:16,770 [grpc-default-executor-1] INFO  impl.RoleInfo (RoleInfo.java:shutdownFollowerState(121)) - 5620a721-7c11-4b7d-b5fe-2f085bd8b119: shutdown FollowerState
2019-10-14 12:32:16,770 [grpc-default-executor-3] INFO  impl.RoleInfo (RoleInfo.java:shutdownFollowerState(121)) - 8250a189-56a9-477f-9cb2-36f2ee56afeb: shutdown FollowerState
2019-10-14 12:32:16,770 [Thread-2378] INFO  impl.FollowerState (FollowerState.java:run(117)) - 5620a721-7c11-4b7d-b5fe-2f085bd8b119@group-DD4E5F0AE86D-FollowerState was interrupted: java.lang.InterruptedException: sleep interrupted
2019-10-14 12:32:16,770 [grpc-default-executor-1] INFO  impl.RoleInfo (RoleInfo.java:updateAndGet(143)) - 5620a721-7c11-4b7d-b5fe-2f085bd8b119: start FollowerState
2019-10-14 12:32:16,801 [1aad952c-1ff7-47c2-b7b8-740e07acac87@group-0F06DA379027-SegmentedRaftLogWorker] INFO  segmented.SegmentedRaftLogWorker (SegmentedRaftLogWorker.java:execute(574)) - 1aad952c-1ff7-47c2-b7b8-740e07acac87@group-0F06DA379027-SegmentedRaftLogWorker: created new log segment /workdir/hadoop-ozone/integration-test/target/test-dir/MiniOzoneClusterImpl-823ef00c-e4a9-400c-88a5-d60fec049001/datanode-5/data/ratis/f7027118-3ef9-4009-8f76-0f06da379027/current/log_inprogress_0
2019-10-14 12:32:16,770 [grpc-default-executor-3] INFO  impl.RoleInfo (RoleInfo.java:updateAndGet(143)) - 8250a189-56a9-477f-9cb2-36f2ee56afeb: start FollowerState
2019-10-14 12:32:16,816 [5620a721-7c11-4b7d-b5fe-2f085bd8b119@group-10D98F098622-SegmentedRaftLogWorker] INFO  segmented.SegmentedRaftLogWorker (SegmentedRaftLogWorker.java:execute(574)) - 5620a721-7c11-4b7d-b5fe-2f085bd8b119@group-10D98F098622-SegmentedRaftLogWorker: created new log segment /workdir/hadoop-ozone/integration-test/target/test-dir/MiniOzoneClusterImpl-823ef00c-e4a9-400c-88a5-d60fec049001/datanode-3/data/ratis/fe717c44-ffe7-47d7-bb03-10d98f098622/current/log_inprogress_0
2019-10-14 12:32:16,821 [1aad952c-1ff7-47c2-b7b8-740e07acac87@group-DD4E5F0AE86D-LeaderElection64] INFO  impl.LeaderElection (LeaderElection.java:logAndReturn(56)) - 1aad952c-1ff7-47c2-b7b8-740e07acac87@group-DD4E5F0AE86D-LeaderElection64: Election PASSED; received 1 response(s) [1aad952c-1ff7-47c2-b7b8-740e07acac87<-8250a189-56a9-477f-9cb2-36f2ee56afeb#0:OK-t1] and 0 exception(s); 1aad952c-1ff7-47c2-b7b8-740e07acac87@group-DD4E5F0AE86D:t1, leader=null, voted=1aad952c-1ff7-47c2-b7b8-740e07acac87, raftlog=1aad952c-1ff7-47c2-b7b8-740e07acac87@group-DD4E5F0AE86D-SegmentedRaftLog:OPENED:c-1,f-1,i0, conf=-1: [1aad952c-1ff7-47c2-b7b8-740e07acac87:192.168.157.204:35347, 5620a721-7c11-4b7d-b5fe-2f085bd8b119:192.168.157.204:35186, 8250a189-56a9-477f-9cb2-36f2ee56afeb:192.168.157.204:39417], old=null
2019-10-14 12:32:16,821 [1aad952c-1ff7-47c2-b7b8-740e07acac87@group-DD4E5F0AE86D-LeaderElection64] INFO  impl.RoleInfo (RoleInfo.java:shutdownLeaderElection(134)) - 1aad952c-1ff7-47c2-b7b8-740e07acac87: shutdown LeaderElection
2019-10-14 12:32:16,821 [1aad952c-1ff7-47c2-b7b8-740e07acac87@group-DD4E5F0AE86D-LeaderElection64] INFO  impl.RaftServerImpl (RaftServerImpl.java:setRole(170)) - 1aad952c-1ff7-47c2-b7b8-740e07acac87@group-DD4E5F0AE86D: changes role from CANDIDATE to LEADER at term 1 for changeToLeader
2019-10-14 12:32:16,822 [1aad952c-1ff7-47c2-b7b8-740e07acac87@group-DD4E5F0AE86D-LeaderElection64] INFO  impl.RaftServerImpl (ServerState.java:setLeader(255)) - 1aad952c-1ff7-47c2-b7b8-740e07acac87@group-DD4E5F0AE86D: change Leader from null to 1aad952c-1ff7-47c2-b7b8-740e07acac87 at term 1 for becomeLeader, leader elected after 5120ms
2019-10-14 12:32:16,822 [1aad952c-1ff7-47c2-b7b8-740e07acac87@group-DD4E5F0AE86D-LeaderElection64] INFO  server.RaftServerConfigKeys (ConfUtils.java:logGet(43)) - raft.server.staging.catchup.gap = 1000 (default)
2019-10-14 12:32:16,822 [1aad952c-1ff7-47c2-b7b8-740e07acac87@group-DD4E5F0AE86D-LeaderElection64] INFO  server.RaftServerConfigKeys (ConfUtils.java:logGet(43)) - raft.server.rpc.sleep.time = 25ms (default)
2019-10-14 12:32:16,822 [1aad952c-1ff7-47c2-b7b8-740e07acac87@group-DD4E5F0AE86D-LeaderElection64] INFO  server.RaftServerConfigKeys (ConfUtils.java:logGet(43)) - raft.server.write.element-limit = 4096 (default)
2019-10-14 12:32:16,822 [1aad952c-1ff7-47c2-b7b8-740e07acac87@group-DD4E5F0AE86D-LeaderElection64] INFO  server.RaftServerConfigKeys (ConfUtils.java:logGet(43)) - raft.server.watch.timeout = 10s (default)
2019-10-14 12:32:16,822 [1aad952c-1ff7-47c2-b7b8-740e07acac87@group-DD4E5F0AE86D-LeaderElection64] INFO  server.RaftServerConfigKeys (ConfUtils.java:logGet(43)) - raft.server.watch.timeout.denomination = 1s (default)
2019-10-14 12:32:16,822 [1aad952c-1ff7-47c2-b7b8-740e07acac87@group-DD4E5F0AE86D-LeaderElection64] INFO  server.RaftServerConfigKeys (ConfUtils.java:logGet(43)) - raft.server.watch.element-limit = 65536 (default)
2019-10-14 12:32:16,823 [1aad952c-1ff7-47c2-b7b8-740e07acac87@group-DD4E5F0AE86D-LeaderElection64] INFO  server.RaftServerConfigKeys (ConfUtils.java:logGet(43)) - raft.server.log.appender.snapshot.chunk.size.max = 16MB (=16777216) (default)
2019-10-14 12:32:16,824 [1aad952c-1ff7-47c2-b7b8-740e07acac87@group-DD4E5F0AE86D-LeaderElection64] INFO  server.RaftServerConfigKeys (ConfUtils.java:logGet(43)) - raft.server.log.appender.buffer.byte-limit = 33554432 (custom)
2019-10-14 12:32:16,824 [1aad952c-1ff7-47c2-b7b8-740e07acac87@group-DD4E5F0AE86D-LeaderElection64] INFO  server.RaftServerConfigKeys (ConfUtils.java:logGet(43)) - raft.server.log.appender.buffer.element-limit = 1 (custom)
2019-10-14 12:32:16,824 [1aad952c-1ff7-47c2-b7b8-740e07acac87@group-DD4E5F0AE86D-LeaderElection64] INFO  grpc.GrpcConfigKeys$Server (ConfUtils.java:logGet(43)) - raft.grpc.server.leader.outstanding.appends.max = 128 (default)
2019-10-14 12:32:16,824 [1aad952c-1ff7-47c2-b7b8-740e07acac87@group-DD4E5F0AE86D-LeaderElection64] INFO  server.RaftServerConfigKeys (ConfUtils.java:logGet(43)) - raft.server.rpc.request.timeout = 3000ms (default)
2019-10-14 12:32:16,824 [1aad952c-1ff7-47c2-b7b8-740e07acac87@group-DD4E5F0AE86D-LeaderElection64] INFO  server.RaftServerConfigKeys (ConfUtils.java:logGet(43)) - raft.server.log.appender.install.snapshot.enabled = false (custom)
2019-10-14 12:32:16,824 [1aad952c-1ff7-47c2-b7b8-740e07acac87@group-DD4E5F0AE86D-LeaderElection64] INFO  server.RaftServerConfigKeys (ConfUtils.java:logGet(43)) - raft.server.log.appender.snapshot.chunk.size.max = 16MB (=16777216) (default)
2019-10-14 12:32:16,824 [1aad952c-1ff7-47c2-b7b8-740e07acac87@group-DD4E5F0AE86D-LeaderElection64] INFO  server.RaftServerConfigKeys (ConfUtils.java:logGet(43)) - raft.server.log.appender.buffer.byte-limit = 33554432 (custom)
2019-10-14 12:32:16,824 [1aad952c-1ff7-47c2-b7b8-740e07acac87@group-DD4E5F0AE86D-LeaderElection64] INFO  server.RaftServerConfigKeys (ConfUtils.java:logGet(43)) - raft.server.log.appender.buffer.element-limit = 1 (custom)
2019-10-14 12:32:16,825 [1aad952c-1ff7-47c2-b7b8-740e07acac87@group-DD4E5F0AE86D-LeaderElection64] INFO  grpc.GrpcConfigKeys$Server (ConfUtils.java:logGet(43)) - raft.grpc.server.leader.outstanding.appends.max = 128 (default)
2019-10-14 12:32:16,825 [1aad952c-1ff7-47c2-b7b8-740e07acac87@group-DD4E5F0AE86D-LeaderElection64] INFO  server.RaftServerConfigKeys (ConfUtils.java:logGet(43)) - raft.server.rpc.request.timeout = 3000ms (default)
2019-10-14 12:32:16,825 [1aad952c-1ff7-47c2-b7b8-740e07acac87@group-DD4E5F0AE86D-LeaderElection64] INFO  server.RaftServerConfigKeys (ConfUtils.java:logGet(43)) - raft.server.log.appender.install.snapshot.enabled = false (custom)
2019-10-14 12:32:16,825 [1aad952c-1ff7-47c2-b7b8-740e07acac87@group-DD4E5F0AE86D-LeaderElection64] INFO  impl.RoleInfo (RoleInfo.java:updateAndGet(143)) - 1aad952c-1ff7-47c2-b7b8-740e07acac87: start LeaderState
2019-10-14 12:32:16,825 [1aad952c-1ff7-47c2-b7b8-740e07acac87@group-DD4E5F0AE86D-LeaderElection64] INFO  segmented.SegmentedRaftLogWorker (SegmentedRaftLogWorker.java:startLogSegment(385)) - 1aad952c-1ff7-47c2-b7b8-740e07acac87@group-DD4E5F0AE86D-SegmentedRaftLogWorker: Starting segment from index:0
2019-10-14 12:32:16,826 [1aad952c-1ff7-47c2-b7b8-740e07acac87@group-DD4E5F0AE86D-LeaderElection64] INFO  impl.RaftServerImpl (ServerState.java:setRaftConf(356)) - 1aad952c-1ff7-47c2-b7b8-740e07acac87@group-DD4E5F0AE86D: set configuration 0: [1aad952c-1ff7-47c2-b7b8-740e07acac87:192.168.157.204:35347, 5620a721-7c11-4b7d-b5fe-2f085bd8b119:192.168.157.204:35186, 8250a189-56a9-477f-9cb2-36f2ee56afeb:192.168.157.204:39417], old=null at 0
2019-10-14 12:32:16,827 [grpc-default-executor-1] INFO  impl.RaftServerImpl (ServerState.java:setLeader(255)) - 5620a721-7c11-4b7d-b5fe-2f085bd8b119@group-DD4E5F0AE86D: change Leader from null to 1aad952c-1ff7-47c2-b7b8-740e07acac87 at term 1 for appendEntries, leader elected after 5126ms
2019-10-14 12:32:16,827 [grpc-default-executor-3] INFO  impl.RaftServerImpl (ServerState.java:setLeader(255)) - 8250a189-56a9-477f-9cb2-36f2ee56afeb@group-DD4E5F0AE86D: change Leader from null to 1aad952c-1ff7-47c2-b7b8-740e07acac87 at term 1 for appendEntries, leader elected after 5126ms
2019-10-14 12:32:16,857 [grpc-default-executor-1] INFO  impl.RaftServerImpl (ServerState.java:setRaftConf(356)) - 5620a721-7c11-4b7d-b5fe-2f085bd8b119@group-DD4E5F0AE86D: set configuration 0: [1aad952c-1ff7-47c2-b7b8-740e07acac87:192.168.157.204:35347, 5620a721-7c11-4b7d-b5fe-2f085bd8b119:192.168.157.204:35186, 8250a189-56a9-477f-9cb2-36f2ee56afeb:192.168.157.204:39417], old=null at 0
2019-10-14 12:32:16,857 [grpc-default-executor-5] INFO  impl.RaftServerImpl (ServerState.java:setRaftConf(356)) - 8250a189-56a9-477f-9cb2-36f2ee56afeb@group-DD4E5F0AE86D: set configuration 0: [1aad952c-1ff7-47c2-b7b8-740e07acac87:192.168.157.204:35347, 5620a721-7c11-4b7d-b5fe-2f085bd8b119:192.168.157.204:35186, 8250a189-56a9-477f-9cb2-36f2ee56afeb:192.168.157.204:39417], old=null at 0
2019-10-14 12:32:16,858 [grpc-default-executor-1] INFO  segmented.SegmentedRaftLogWorker (SegmentedRaftLogWorker.java:startLogSegment(385)) - 5620a721-7c11-4b7d-b5fe-2f085bd8b119@group-DD4E5F0AE86D-SegmentedRaftLogWorker: Starting segment from index:0
2019-10-14 12:32:16,858 [grpc-default-executor-5] INFO  segmented.SegmentedRaftLogWorker (SegmentedRaftLogWorker.java:startLogSegment(385)) - 8250a189-56a9-477f-9cb2-36f2ee56afeb@group-DD4E5F0AE86D-SegmentedRaftLogWorker: Starting segment from index:0
2019-10-14 12:32:16,895 [1aad952c-1ff7-47c2-b7b8-740e07acac87@group-DD4E5F0AE86D-SegmentedRaftLogWorker] INFO  segmented.SegmentedRaftLogWorker (SegmentedRaftLogWorker.java:execute(574)) - 1aad952c-1ff7-47c2-b7b8-740e07acac87@group-DD4E5F0AE86D-SegmentedRaftLogWorker: created new log segment /workdir/hadoop-ozone/integration-test/target/test-dir/MiniOzoneClusterImpl-823ef00c-e4a9-400c-88a5-d60fec049001/datanode-5/data/ratis/f4d41e17-7808-460c-909a-dd4e5f0ae86d/current/log_inprogress_0
2019-10-14 12:32:16,907 [5620a721-7c11-4b7d-b5fe-2f085bd8b119@group-DD4E5F0AE86D-SegmentedRaftLogWorker] INFO  segmented.SegmentedRaftLogWorker (SegmentedRaftLogWorker.java:execute(574)) - 5620a721-7c11-4b7d-b5fe-2f085bd8b119@group-DD4E5F0AE86D-SegmentedRaftLogWorker: created new log segment /workdir/hadoop-ozone/integration-test/target/test-dir/MiniOzoneClusterImpl-823ef00c-e4a9-400c-88a5-d60fec049001/datanode-3/data/ratis/f4d41e17-7808-460c-909a-dd4e5f0ae86d/current/log_inprogress_0
2019-10-14 12:32:16,907 [8250a189-56a9-477f-9cb2-36f2ee56afeb@group-DD4E5F0AE86D-SegmentedRaftLogWorker] INFO  segmented.SegmentedRaftLogWorker (SegmentedRaftLogWorker.java:execute(574)) - 8250a189-56a9-477f-9cb2-36f2ee56afeb@group-DD4E5F0AE86D-SegmentedRaftLogWorker: created new log segment /workdir/hadoop-ozone/integration-test/target/test-dir/MiniOzoneClusterImpl-823ef00c-e4a9-400c-88a5-d60fec049001/datanode-4/data/ratis/f4d41e17-7808-460c-909a-dd4e5f0ae86d/current/log_inprogress_0
2019-10-14 12:32:17,416 [grpc-default-executor-7] WARN  server.GrpcLogAppender (LogUtils.java:warn(134)) - 7ffb1a22-d777-4b7d-a742-5334fcca9894@group-43A32D8C9052->31a1c64f-2dfd-4f55-ad66-1c5dd23d4cab-AppendLogResponseHandler: Failed appendEntries: org.apache.ratis.thirdparty.io.grpc.StatusRuntimeException: UNAVAILABLE: io exception
2019-10-14 12:32:17,416 [grpc-default-executor-5] WARN  server.GrpcLogAppender (LogUtils.java:warn(134)) - 7ffb1a22-d777-4b7d-a742-5334fcca9894@group-43A32D8C9052->1dab5bbc-306d-414b-bee9-799bfda5c805-AppendLogResponseHandler: Failed appendEntries: org.apache.ratis.thirdparty.io.grpc.StatusRuntimeException: UNAVAILABLE: io exception
2019-10-14 12:32:17,416 [grpc-default-executor-7] INFO  impl.FollowerInfo (FollowerInfo.java:lambda$new$0(51)) - 7ffb1a22-d777-4b7d-a742-5334fcca9894@group-43A32D8C9052->31a1c64f-2dfd-4f55-ad66-1c5dd23d4cab: nextIndex: updateUnconditionally 0 -> 0
2019-10-14 12:32:17,417 [grpc-default-executor-5] INFO  impl.FollowerInfo (FollowerInfo.java:lambda$new$0(51)) - 7ffb1a22-d777-4b7d-a742-5334fcca9894@group-43A32D8C9052->1dab5bbc-306d-414b-bee9-799bfda5c805: nextIndex: updateUnconditionally 0 -> 0
2019-10-14 12:32:19,638 [grpc-default-executor-0] WARN  server.GrpcLogAppender (LogUtils.java:warn(134)) - 7ffb1a22-d777-4b7d-a742-5334fcca9894@group-43A32D8C9052->31a1c64f-2dfd-4f55-ad66-1c5dd23d4cab-AppendLogResponseHandler: Failed appendEntries: org.apache.ratis.thirdparty.io.grpc.StatusRuntimeException: UNAVAILABLE: io exception
2019-10-14 12:32:19,638 [grpc-default-executor-8] WARN  server.GrpcLogAppender (LogUtils.java:warn(134)) - 7ffb1a22-d777-4b7d-a742-5334fcca9894@group-43A32D8C9052->1dab5bbc-306d-414b-bee9-799bfda5c805-AppendLogResponseHandler: Failed appendEntries: org.apache.ratis.thirdparty.io.grpc.StatusRuntimeException: UNAVAILABLE: io exception
2019-10-14 12:32:19,638 [grpc-default-executor-0] INFO  impl.FollowerInfo (FollowerInfo.java:lambda$new$0(51)) - 7ffb1a22-d777-4b7d-a742-5334fcca9894@group-43A32D8C9052->31a1c64f-2dfd-4f55-ad66-1c5dd23d4cab: nextIndex: updateUnconditionally 1 -> 0
2019-10-14 12:32:19,638 [grpc-default-executor-8] INFO  impl.FollowerInfo (FollowerInfo.java:lambda$new$0(51)) - 7ffb1a22-d777-4b7d-a742-5334fcca9894@group-43A32D8C9052->1dab5bbc-306d-414b-bee9-799bfda5c805: nextIndex: updateUnconditionally 1 -> 0
2019-10-14 12:32:21,534 [Thread-2421] INFO  impl.FollowerState (FollowerState.java:run(108)) - 6f4fbb20-7bc8-405b-b3a3-7ab0d0d38458@group-CFCBFB1E5557-FollowerState: change to CANDIDATE, lastRpcTime:5052ms, electionTimeout:5051ms
2019-10-14 12:32:21,534 [Thread-2421] INFO  impl.RoleInfo (RoleInfo.java:shutdownFollowerState(121)) - 6f4fbb20-7bc8-405b-b3a3-7ab0d0d38458: shutdown FollowerState
2019-10-14 12:32:21,534 [Thread-2421] INFO  impl.RaftServerImpl (RaftServerImpl.java:setRole(170)) - 6f4fbb20-7bc8-405b-b3a3-7ab0d0d38458@group-CFCBFB1E5557: changes role from  FOLLOWER to CANDIDATE at term 1 for changeToCandidate
2019-10-14 12:32:21,535 [Thread-2421] INFO  impl.RoleInfo (RoleInfo.java:updateAndGet(143)) - 6f4fbb20-7bc8-405b-b3a3-7ab0d0d38458: start LeaderElection
2019-10-14 12:32:21,559 [6f4fbb20-7bc8-405b-b3a3-7ab0d0d38458@group-CFCBFB1E5557-LeaderElection65] INFO  impl.LeaderElection (LeaderElection.java:askForVotes(178)) - 6f4fbb20-7bc8-405b-b3a3-7ab0d0d38458@group-CFCBFB1E5557-LeaderElection65: begin an election at term 2 for -1: [f702c1a9-89db-4927-8433-467abec08902:192.168.157.204:34934, 6f4fbb20-7bc8-405b-b3a3-7ab0d0d38458:192.168.157.204:39394, a848952e-b84d-4d94-a6b9-c670ad286528:192.168.157.204:46386], old=null
2019-10-14 12:32:21,563 [grpc-default-executor-8] INFO  impl.RaftServerImpl (RaftServerImpl.java:setRole(170)) - a848952e-b84d-4d94-a6b9-c670ad286528@group-CFCBFB1E5557: changes role from  FOLLOWER to FOLLOWER at term 2 for recognizeCandidate:6f4fbb20-7bc8-405b-b3a3-7ab0d0d38458
2019-10-14 12:32:21,563 [grpc-default-executor-0] INFO  impl.RaftServerImpl (RaftServerImpl.java:setRole(170)) - f702c1a9-89db-4927-8433-467abec08902@group-CFCBFB1E5557: changes role from  FOLLOWER to FOLLOWER at term 2 for recognizeCandidate:6f4fbb20-7bc8-405b-b3a3-7ab0d0d38458
2019-10-14 12:32:21,563 [grpc-default-executor-8] INFO  impl.RoleInfo (RoleInfo.java:shutdownFollowerState(121)) - a848952e-b84d-4d94-a6b9-c670ad286528: shutdown FollowerState
2019-10-14 12:32:21,564 [grpc-default-executor-0] INFO  impl.RoleInfo (RoleInfo.java:shutdownFollowerState(121)) - f702c1a9-89db-4927-8433-467abec08902: shutdown FollowerState
2019-10-14 12:32:21,564 [Thread-2420] INFO  impl.FollowerState (FollowerState.java:run(117)) - a848952e-b84d-4d94-a6b9-c670ad286528@group-CFCBFB1E5557-FollowerState was interrupted: java.lang.InterruptedException: sleep interrupted
2019-10-14 12:32:21,564 [grpc-default-executor-8] INFO  impl.RoleInfo (RoleInfo.java:updateAndGet(143)) - a848952e-b84d-4d94-a6b9-c670ad286528: start FollowerState
2019-10-14 12:32:21,564 [Thread-2422] INFO  impl.FollowerState (FollowerState.java:run(117)) - f702c1a9-89db-4927-8433-467abec08902@group-CFCBFB1E5557-FollowerState was interrupted: java.lang.InterruptedException: sleep interrupted
2019-10-14 12:32:21,564 [grpc-default-executor-0] INFO  impl.RoleInfo (RoleInfo.java:updateAndGet(143)) - f702c1a9-89db-4927-8433-467abec08902: start FollowerState
2019-10-14 12:32:21,585 [6f4fbb20-7bc8-405b-b3a3-7ab0d0d38458@group-CFCBFB1E5557-LeaderElection65] INFO  impl.LeaderElection (LeaderElection.java:logAndReturn(56)) - 6f4fbb20-7bc8-405b-b3a3-7ab0d0d38458@group-CFCBFB1E5557-LeaderElection65: Election PASSED; received 1 response(s) [6f4fbb20-7bc8-405b-b3a3-7ab0d0d38458<-f702c1a9-89db-4927-8433-467abec08902#0:OK-t2] and 0 exception(s); 6f4fbb20-7bc8-405b-b3a3-7ab0d0d38458@group-CFCBFB1E5557:t2, leader=null, voted=6f4fbb20-7bc8-405b-b3a3-7ab0d0d38458, raftlog=6f4fbb20-7bc8-405b-b3a3-7ab0d0d38458@group-CFCBFB1E5557-SegmentedRaftLog:OPENED:c-1,f-1,i0, conf=-1: [f702c1a9-89db-4927-8433-467abec08902:192.168.157.204:34934, 6f4fbb20-7bc8-405b-b3a3-7ab0d0d38458:192.168.157.204:39394, a848952e-b84d-4d94-a6b9-c670ad286528:192.168.157.204:46386], old=null
2019-10-14 12:32:21,585 [6f4fbb20-7bc8-405b-b3a3-7ab0d0d38458@group-CFCBFB1E5557-LeaderElection65] INFO  impl.RoleInfo (RoleInfo.java:shutdownLeaderElection(134)) - 6f4fbb20-7bc8-405b-b3a3-7ab0d0d38458: shutdown LeaderElection
2019-10-14 12:32:21,585 [6f4fbb20-7bc8-405b-b3a3-7ab0d0d38458@group-CFCBFB1E5557-LeaderElection65] INFO  impl.RaftServerImpl (RaftServerImpl.java:setRole(170)) - 6f4fbb20-7bc8-405b-b3a3-7ab0d0d38458@group-CFCBFB1E5557: changes role from CANDIDATE to LEADER at term 2 for changeToLeader
2019-10-14 12:32:21,585 [6f4fbb20-7bc8-405b-b3a3-7ab0d0d38458@group-CFCBFB1E5557-LeaderElection65] INFO  impl.RaftServerImpl (ServerState.java:setLeader(255)) - 6f4fbb20-7bc8-405b-b3a3-7ab0d0d38458@group-CFCBFB1E5557: change Leader from null to 6f4fbb20-7bc8-405b-b3a3-7ab0d0d38458 at term 2 for becomeLeader, leader elected after 10173ms
2019-10-14 12:32:21,586 [6f4fbb20-7bc8-405b-b3a3-7ab0d0d38458@group-CFCBFB1E5557-LeaderElection65] INFO  server.RaftServerConfigKeys (ConfUtils.java:logGet(43)) - raft.server.staging.catchup.gap = 1000 (default)
2019-10-14 12:32:21,586 [6f4fbb20-7bc8-405b-b3a3-7ab0d0d38458@group-CFCBFB1E5557-LeaderElection65] INFO  server.RaftServerConfigKeys (ConfUtils.java:logGet(43)) - raft.server.rpc.sleep.time = 25ms (default)
2019-10-14 12:32:21,586 [6f4fbb20-7bc8-405b-b3a3-7ab0d0d38458@group-CFCBFB1E5557-LeaderElection65] INFO  server.RaftServerConfigKeys (ConfUtils.java:logGet(43)) - raft.server.write.element-limit = 4096 (default)
2019-10-14 12:32:21,586 [6f4fbb20-7bc8-405b-b3a3-7ab0d0d38458@group-CFCBFB1E5557-LeaderElection65] INFO  server.RaftServerConfigKeys (ConfUtils.java:logGet(43)) - raft.server.watch.timeout = 10s (default)
2019-10-14 12:32:21,586 [6f4fbb20-7bc8-405b-b3a3-7ab0d0d38458@group-CFCBFB1E5557-LeaderElection65] INFO  server.RaftServerConfigKeys (ConfUtils.java:logGet(43)) - raft.server.watch.timeout.denomination = 1s (default)
2019-10-14 12:32:21,586 [6f4fbb20-7bc8-405b-b3a3-7ab0d0d38458@group-CFCBFB1E5557-LeaderElection65] INFO  server.RaftServerConfigKeys (ConfUtils.java:logGet(43)) - raft.server.watch.element-limit = 65536 (default)
2019-10-14 12:32:21,589 [6f4fbb20-7bc8-405b-b3a3-7ab0d0d38458@group-CFCBFB1E5557-LeaderElection65] INFO  server.RaftServerConfigKeys (ConfUtils.java:logGet(43)) - raft.server.log.appender.snapshot.chunk.size.max = 16MB (=16777216) (default)
2019-10-14 12:32:21,589 [6f4fbb20-7bc8-405b-b3a3-7ab0d0d38458@group-CFCBFB1E5557-LeaderElection65] INFO  server.RaftServerConfigKeys (ConfUtils.java:logGet(43)) - raft.server.log.appender.buffer.byte-limit = 33554432 (custom)
2019-10-14 12:32:21,589 [6f4fbb20-7bc8-405b-b3a3-7ab0d0d38458@group-CFCBFB1E5557-LeaderElection65] INFO  server.RaftServerConfigKeys (ConfUtils.java:logGet(43)) - raft.server.log.appender.buffer.element-limit = 1 (custom)
2019-10-14 12:32:21,589 [6f4fbb20-7bc8-405b-b3a3-7ab0d0d38458@group-CFCBFB1E5557-LeaderElection65] INFO  grpc.GrpcConfigKeys$Server (ConfUtils.java:logGet(43)) - raft.grpc.server.leader.outstanding.appends.max = 128 (default)
2019-10-14 12:32:21,589 [6f4fbb20-7bc8-405b-b3a3-7ab0d0d38458@group-CFCBFB1E5557-LeaderElection65] INFO  server.RaftServerConfigKeys (ConfUtils.java:logGet(43)) - raft.server.rpc.request.timeout = 3000ms (default)
2019-10-14 12:32:21,589 [6f4fbb20-7bc8-405b-b3a3-7ab0d0d38458@group-CFCBFB1E5557-LeaderElection65] INFO  server.RaftServerConfigKeys (ConfUtils.java:logGet(43)) - raft.server.log.appender.install.snapshot.enabled = false (custom)
2019-10-14 12:32:21,590 [6f4fbb20-7bc8-405b-b3a3-7ab0d0d38458@group-CFCBFB1E5557-LeaderElection65] INFO  server.RaftServerConfigKeys (ConfUtils.java:logGet(43)) - raft.server.log.appender.snapshot.chunk.size.max = 16MB (=16777216) (default)
2019-10-14 12:32:21,590 [6f4fbb20-7bc8-405b-b3a3-7ab0d0d38458@group-CFCBFB1E5557-LeaderElection65] INFO  server.RaftServerConfigKeys (ConfUtils.java:logGet(43)) - raft.server.log.appender.buffer.byte-limit = 33554432 (custom)
2019-10-14 12:32:21,590 [6f4fbb20-7bc8-405b-b3a3-7ab0d0d38458@group-CFCBFB1E5557-LeaderElection65] INFO  server.RaftServerConfigKeys (ConfUtils.java:logGet(43)) - raft.server.log.appender.buffer.element-limit = 1 (custom)
2019-10-14 12:32:21,590 [6f4fbb20-7bc8-405b-b3a3-7ab0d0d38458@group-CFCBFB1E5557-LeaderElection65] INFO  grpc.GrpcConfigKeys$Server (ConfUtils.java:logGet(43)) - raft.grpc.server.leader.outstanding.appends.max = 128 (default)
2019-10-14 12:32:21,590 [6f4fbb20-7bc8-405b-b3a3-7ab0d0d38458@group-CFCBFB1E5557-LeaderElection65] INFO  server.RaftServerConfigKeys (ConfUtils.java:logGet(43)) - raft.server.rpc.request.timeout = 3000ms (default)
2019-10-14 12:32:21,590 [6f4fbb20-7bc8-405b-b3a3-7ab0d0d38458@group-CFCBFB1E5557-LeaderElection65] INFO  server.RaftServerConfigKeys (ConfUtils.java:logGet(43)) - raft.server.log.appender.install.snapshot.enabled = false (custom)
2019-10-14 12:32:21,590 [6f4fbb20-7bc8-405b-b3a3-7ab0d0d38458@group-CFCBFB1E5557-LeaderElection65] INFO  impl.RoleInfo (RoleInfo.java:updateAndGet(143)) - 6f4fbb20-7bc8-405b-b3a3-7ab0d0d38458: start LeaderState
2019-10-14 12:32:21,591 [6f4fbb20-7bc8-405b-b3a3-7ab0d0d38458@group-CFCBFB1E5557-LeaderElection65] INFO  segmented.SegmentedRaftLogWorker (SegmentedRaftLogWorker.java:startLogSegment(385)) - 6f4fbb20-7bc8-405b-b3a3-7ab0d0d38458@group-CFCBFB1E5557-SegmentedRaftLogWorker: Starting segment from index:0
2019-10-14 12:32:21,592 [6f4fbb20-7bc8-405b-b3a3-7ab0d0d38458@group-CFCBFB1E5557-LeaderElection65] INFO  impl.RaftServerImpl (ServerState.java:setRaftConf(356)) - 6f4fbb20-7bc8-405b-b3a3-7ab0d0d38458@group-CFCBFB1E5557: set configuration 0: [f702c1a9-89db-4927-8433-467abec08902:192.168.157.204:34934, 6f4fbb20-7bc8-405b-b3a3-7ab0d0d38458:192.168.157.204:39394, a848952e-b84d-4d94-a6b9-c670ad286528:192.168.157.204:46386], old=null at 0
2019-10-14 12:32:21,593 [grpc-default-executor-0] INFO  impl.RaftServerImpl (ServerState.java:setLeader(255)) - f702c1a9-89db-4927-8433-467abec08902@group-CFCBFB1E5557: change Leader from null to 6f4fbb20-7bc8-405b-b3a3-7ab0d0d38458 at term 2 for appendEntries, leader elected after 10181ms
2019-10-14 12:32:21,593 [grpc-default-executor-8] INFO  impl.RaftServerImpl (ServerState.java:setLeader(255)) - a848952e-b84d-4d94-a6b9-c670ad286528@group-CFCBFB1E5557: change Leader from null to 6f4fbb20-7bc8-405b-b3a3-7ab0d0d38458 at term 2 for appendEntries, leader elected after 10180ms
2019-10-14 12:32:21,595 [grpc-default-executor-0] INFO  impl.RaftServerImpl (ServerState.java:setRaftConf(356)) - a848952e-b84d-4d94-a6b9-c670ad286528@group-CFCBFB1E5557: set configuration 0: [f702c1a9-89db-4927-8433-467abec08902:192.168.157.204:34934, 6f4fbb20-7bc8-405b-b3a3-7ab0d0d38458:192.168.157.204:39394, a848952e-b84d-4d94-a6b9-c670ad286528:192.168.157.204:46386], old=null at 0
2019-10-14 12:32:21,595 [grpc-default-executor-8] INFO  impl.RaftServerImpl (ServerState.java:setRaftConf(356)) - f702c1a9-89db-4927-8433-467abec08902@group-CFCBFB1E5557: set configuration 0: [f702c1a9-89db-4927-8433-467abec08902:192.168.157.204:34934, 6f4fbb20-7bc8-405b-b3a3-7ab0d0d38458:192.168.157.204:39394, a848952e-b84d-4d94-a6b9-c670ad286528:192.168.157.204:46386], old=null at 0
2019-10-14 12:32:21,595 [grpc-default-executor-0] INFO  segmented.SegmentedRaftLogWorker (SegmentedRaftLogWorker.java:startLogSegment(385)) - a848952e-b84d-4d94-a6b9-c670ad286528@group-CFCBFB1E5557-SegmentedRaftLogWorker: Starting segment from index:0
2019-10-14 12:32:21,595 [grpc-default-executor-8] INFO  segmented.SegmentedRaftLogWorker (SegmentedRaftLogWorker.java:startLogSegment(385)) - f702c1a9-89db-4927-8433-467abec08902@group-CFCBFB1E5557-SegmentedRaftLogWorker: Starting segment from index:0
2019-10-14 12:32:21,632 [f702c1a9-89db-4927-8433-467abec08902@group-CFCBFB1E5557-SegmentedRaftLogWorker] INFO  segmented.SegmentedRaftLogWorker (SegmentedRaftLogWorker.java:execute(574)) - f702c1a9-89db-4927-8433-467abec08902@group-CFCBFB1E5557-SegmentedRaftLogWorker: created new log segment /workdir/hadoop-ozone/integration-test/target/test-dir/MiniOzoneClusterImpl-823ef00c-e4a9-400c-88a5-d60fec049001/datanode-2/data/ratis/cc743ab4-953e-4532-914f-cfcbfb1e5557/current/log_inprogress_0
2019-10-14 12:32:21,632 [6f4fbb20-7bc8-405b-b3a3-7ab0d0d38458@group-CFCBFB1E5557-SegmentedRaftLogWorker] INFO  segmented.SegmentedRaftLogWorker (SegmentedRaftLogWorker.java:execute(574)) - 6f4fbb20-7bc8-405b-b3a3-7ab0d0d38458@group-CFCBFB1E5557-SegmentedRaftLogWorker: created new log segment /workdir/hadoop-ozone/integration-test/target/test-dir/MiniOzoneClusterImpl-823ef00c-e4a9-400c-88a5-d60fec049001/datanode-1/data/ratis/cc743ab4-953e-4532-914f-cfcbfb1e5557/current/log_inprogress_0
2019-10-14 12:32:21,632 [a848952e-b84d-4d94-a6b9-c670ad286528@group-CFCBFB1E5557-SegmentedRaftLogWorker] INFO  segmented.SegmentedRaftLogWorker (SegmentedRaftLogWorker.java:execute(574)) - a848952e-b84d-4d94-a6b9-c670ad286528@group-CFCBFB1E5557-SegmentedRaftLogWorker: created new log segment /workdir/hadoop-ozone/integration-test/target/test-dir/MiniOzoneClusterImpl-823ef00c-e4a9-400c-88a5-d60fec049001/datanode-0/data/ratis/cc743ab4-953e-4532-914f-cfcbfb1e5557/current/log_inprogress_0
2019-10-14 12:32:22,138 [grpc-default-executor-0] WARN  server.GrpcLogAppender (LogUtils.java:warn(134)) - 7ffb1a22-d777-4b7d-a742-5334fcca9894@group-43A32D8C9052->1dab5bbc-306d-414b-bee9-799bfda5c805-AppendLogResponseHandler: Failed appendEntries: org.apache.ratis.thirdparty.io.grpc.StatusRuntimeException: UNAVAILABLE: io exception
2019-10-14 12:32:22,138 [grpc-default-executor-8] WARN  server.GrpcLogAppender (LogUtils.java:warn(134)) - 7ffb1a22-d777-4b7d-a742-5334fcca9894@group-43A32D8C9052->31a1c64f-2dfd-4f55-ad66-1c5dd23d4cab-AppendLogResponseHandler: Failed appendEntries: org.apache.ratis.thirdparty.io.grpc.StatusRuntimeException: UNAVAILABLE: io exception
2019-10-14 12:32:22,138 [grpc-default-executor-0] INFO  impl.FollowerInfo (FollowerInfo.java:lambda$new$0(51)) - 7ffb1a22-d777-4b7d-a742-5334fcca9894@group-43A32D8C9052->1dab5bbc-306d-414b-bee9-799bfda5c805: nextIndex: updateUnconditionally 0 -> 0
2019-10-14 12:32:22,139 [grpc-default-executor-8] INFO  impl.FollowerInfo (FollowerInfo.java:lambda$new$0(51)) - 7ffb1a22-d777-4b7d-a742-5334fcca9894@group-43A32D8C9052->31a1c64f-2dfd-4f55-ad66-1c5dd23d4cab: nextIndex: updateUnconditionally 0 -> 0
2019-10-14 12:32:22,578 [EventQueue-StaleNodeForStaleNodeHandler] INFO  node.StaleNodeHandler (StaleNodeHandler.java:onMessage(58)) - Datanode 31a1c64f-2dfd-4f55-ad66-1c5dd23d4cab{ip: 192.168.157.204, host: pr-hdds-2196-v6glg-1693409637, networkLocation: /default-rack, certSerialId: null} moved to stale state. Finalizing its pipelines [PipelineID=6d54f5db-d255-4324-b783-43a32d8c9052, PipelineID=b434cdf4-7231-4492-b433-1af9fd53068d]
2019-10-14 12:32:22,578 [EventQueue-StaleNodeForStaleNodeHandler] INFO  pipeline.SCMPipelineManager (SCMPipelineManager.java:finalizeAndDestroyPipeline(315)) - destroying pipeline:Pipeline[ Id: 6d54f5db-d255-4324-b783-43a32d8c9052, Nodes: 1dab5bbc-306d-414b-bee9-799bfda5c805{ip: 192.168.157.204, host: pr-hdds-2196-v6glg-1693409637, networkLocation: /default-rack, certSerialId: null}31a1c64f-2dfd-4f55-ad66-1c5dd23d4cab{ip: 192.168.157.204, host: pr-hdds-2196-v6glg-1693409637, networkLocation: /default-rack, certSerialId: null}7ffb1a22-d777-4b7d-a742-5334fcca9894{ip: 192.168.157.204, host: pr-hdds-2196-v6glg-1693409637, networkLocation: /default-rack, certSerialId: null}, Type:RATIS, Factor:THREE, State:CLOSED]
2019-10-14 12:32:22,579 [EventQueue-StaleNodeForStaleNodeHandler] INFO  pipeline.SCMPipelineManager (SCMPipelineManager.java:finalizeAndDestroyPipeline(315)) - destroying pipeline:Pipeline[ Id: b434cdf4-7231-4492-b433-1af9fd53068d, Nodes: 31a1c64f-2dfd-4f55-ad66-1c5dd23d4cab{ip: 192.168.157.204, host: pr-hdds-2196-v6glg-1693409637, networkLocation: /default-rack, certSerialId: null}, Type:RATIS, Factor:ONE, State:OPEN]
2019-10-14 12:32:22,579 [EventQueue-StaleNodeForStaleNodeHandler] INFO  pipeline.PipelineStateManager (PipelineStateManager.java:finalizePipeline(123)) - Pipeline Pipeline[ Id: b434cdf4-7231-4492-b433-1af9fd53068d, Nodes: 31a1c64f-2dfd-4f55-ad66-1c5dd23d4cab{ip: 192.168.157.204, host: pr-hdds-2196-v6glg-1693409637, networkLocation: /default-rack, certSerialId: null}, Type:RATIS, Factor:ONE, State:CLOSED] moved to CLOSED state
2019-10-14 12:32:23,112 [Datanode State Machine Thread - 0] INFO  statemachine.DatanodeStateMachine (DatanodeStateMachine.java:lambda$startDaemon$0(350)) - Ozone container server started.
2019-10-14 12:32:24,638 [grpc-default-executor-1] WARN  server.GrpcLogAppender (LogUtils.java:warn(134)) - 7ffb1a22-d777-4b7d-a742-5334fcca9894@group-43A32D8C9052->1dab5bbc-306d-414b-bee9-799bfda5c805-AppendLogResponseHandler: Failed appendEntries: org.apache.ratis.thirdparty.io.grpc.StatusRuntimeException: UNAVAILABLE: io exception
2019-10-14 12:32:24,638 [grpc-default-executor-7] WARN  server.GrpcLogAppender (LogUtils.java:warn(134)) - 7ffb1a22-d777-4b7d-a742-5334fcca9894@group-43A32D8C9052->31a1c64f-2dfd-4f55-ad66-1c5dd23d4cab-AppendLogResponseHandler: Failed appendEntries: org.apache.ratis.thirdparty.io.grpc.StatusRuntimeException: UNAVAILABLE: io exception
2019-10-14 12:32:24,638 [grpc-default-executor-1] INFO  impl.FollowerInfo (FollowerInfo.java:lambda$new$0(51)) - 7ffb1a22-d777-4b7d-a742-5334fcca9894@group-43A32D8C9052->1dab5bbc-306d-414b-bee9-799bfda5c805: nextIndex: updateUnconditionally 0 -> 0
2019-10-14 12:32:24,639 [grpc-default-executor-7] INFO  impl.FollowerInfo (FollowerInfo.java:lambda$new$0(51)) - 7ffb1a22-d777-4b7d-a742-5334fcca9894@group-43A32D8C9052->31a1c64f-2dfd-4f55-ad66-1c5dd23d4cab: nextIndex: updateUnconditionally 0 -> 0
2019-10-14 12:32:27,123 [main] INFO  ozoneimpl.OzoneContainer (OzoneContainer.java:stop(227)) - Attempting to stop container services.
2019-10-14 12:32:27,124 [main] INFO  impl.RaftServerProxy (RaftServerProxy.java:lambda$close$4(314)) - 6f4fbb20-7bc8-405b-b3a3-7ab0d0d38458: close
2019-10-14 12:32:27,124 [main] INFO  impl.RaftServerImpl (RaftServerImpl.java:lambda$shutdown$3(247)) - 6f4fbb20-7bc8-405b-b3a3-7ab0d0d38458@group-CFCBFB1E5557: shutdown
2019-10-14 12:32:27,125 [main] INFO  util.JmxRegister (JmxRegister.java:unregister(73)) - Successfully un-registered JMX Bean with object name Ratis:service=RaftServer,group=group-CFCBFB1E5557,id=6f4fbb20-7bc8-405b-b3a3-7ab0d0d38458
2019-10-14 12:32:27,125 [main] INFO  impl.RoleInfo (RoleInfo.java:shutdownLeaderState(104)) - 6f4fbb20-7bc8-405b-b3a3-7ab0d0d38458: shutdown LeaderState
2019-10-14 12:32:27,144 [main] INFO  impl.PendingRequests (PendingRequests.java:sendNotLeaderResponses(202)) - 6f4fbb20-7bc8-405b-b3a3-7ab0d0d38458@group-CFCBFB1E5557-PendingRequests: sendNotLeaderResponses
2019-10-14 12:32:27,145 [org.apache.ratis.server.impl.LogAppender$AppenderDaemon$$Lambda$560/243154407@39c4c3ba] WARN  server.GrpcLogAppender (GrpcLogAppender.java:mayWait(143)) - 6f4fbb20-7bc8-405b-b3a3-7ab0d0d38458@group-CFCBFB1E5557->f702c1a9-89db-4927-8433-467abec08902-GrpcLogAppender: Wait interrupted by java.lang.InterruptedException
2019-10-14 12:32:27,158 [main] INFO  impl.StateMachineUpdater (StateMachineUpdater.java:stopAndJoin(136)) - 6f4fbb20-7bc8-405b-b3a3-7ab0d0d38458@group-CFCBFB1E5557-StateMachineUpdater: set stopIndex = 2
2019-10-14 12:32:27,145 [org.apache.ratis.server.impl.LogAppender$AppenderDaemon$$Lambda$560/243154407@3eb42a2d] WARN  server.GrpcLogAppender (GrpcLogAppender.java:mayWait(143)) - 6f4fbb20-7bc8-405b-b3a3-7ab0d0d38458@group-CFCBFB1E5557->a848952e-b84d-4d94-a6b9-c670ad286528-GrpcLogAppender: Wait interrupted by java.lang.InterruptedException
2019-10-14 12:32:27,158 [grpc-default-executor-5] INFO  server.GrpcServerProtocolService (GrpcServerProtocolService.java:onCompleted(113)) - f702c1a9-89db-4927-8433-467abec08902: Completed APPEND_ENTRIES, lastRequest: 6f4fbb20-7bc8-405b-b3a3-7ab0d0d38458->f702c1a9-89db-4927-8433-467abec08902#5-t2, previous=(t:2, i:2), leaderCommit=2, initializing? false, entries: <empty>
2019-10-14 12:32:27,158 [6f4fbb20-7bc8-405b-b3a3-7ab0d0d38458@group-CFCBFB1E5557-StateMachineUpdater] INFO  ratis.ContainerStateMachine (ContainerStateMachine.java:takeSnapshot(294)) - group-CFCBFB1E5557: Taking a snapshot at:(t:2, i:2) file /workdir/hadoop-ozone/integration-test/target/test-dir/MiniOzoneClusterImpl-823ef00c-e4a9-400c-88a5-d60fec049001/datanode-1/data/ratis/cc743ab4-953e-4532-914f-cfcbfb1e5557/sm/snapshot.2_2
2019-10-14 12:32:27,159 [grpc-default-executor-7] INFO  server.GrpcServerProtocolService (GrpcServerProtocolService.java:onCompleted(113)) - a848952e-b84d-4d94-a6b9-c670ad286528: Completed APPEND_ENTRIES, lastRequest: 6f4fbb20-7bc8-405b-b3a3-7ab0d0d38458->a848952e-b84d-4d94-a6b9-c670ad286528#5-t2, previous=(t:2, i:2), leaderCommit=2, initializing? false, entries: <empty>
2019-10-14 12:32:27,159 [grpc-default-executor-3] WARN  server.GrpcLogAppender (LogUtils.java:warn(134)) - 7ffb1a22-d777-4b7d-a742-5334fcca9894@group-43A32D8C9052->1dab5bbc-306d-414b-bee9-799bfda5c805-AppendLogResponseHandler: Failed appendEntries: org.apache.ratis.thirdparty.io.grpc.StatusRuntimeException: UNAVAILABLE: io exception
2019-10-14 12:32:27,159 [grpc-default-executor-7] INFO  server.GrpcLogAppender (GrpcLogAppender.java:onCompleted(293)) - 6f4fbb20-7bc8-405b-b3a3-7ab0d0d38458@group-CFCBFB1E5557->f702c1a9-89db-4927-8433-467abec08902-AppendLogResponseHandler: follower responses appendEntries COMPLETED
2019-10-14 12:32:27,159 [grpc-default-executor-3] INFO  impl.FollowerInfo (FollowerInfo.java:lambda$new$0(51)) - 7ffb1a22-d777-4b7d-a742-5334fcca9894@group-43A32D8C9052->1dab5bbc-306d-414b-bee9-799bfda5c805: nextIndex: updateUnconditionally 0 -> 0
2019-10-14 12:32:27,160 [grpc-default-executor-5] INFO  server.GrpcLogAppender (GrpcLogAppender.java:onCompleted(293)) - 6f4fbb20-7bc8-405b-b3a3-7ab0d0d38458@group-CFCBFB1E5557->a848952e-b84d-4d94-a6b9-c670ad286528-AppendLogResponseHandler: follower responses appendEntries COMPLETED
2019-10-14 12:32:27,160 [grpc-default-executor-9] WARN  server.GrpcLogAppender (LogUtils.java:warn(134)) - 7ffb1a22-d777-4b7d-a742-5334fcca9894@group-43A32D8C9052->31a1c64f-2dfd-4f55-ad66-1c5dd23d4cab-AppendLogResponseHandler: Failed appendEntries: org.apache.ratis.thirdparty.io.grpc.StatusRuntimeException: UNAVAILABLE: io exception
2019-10-14 12:32:27,160 [grpc-default-executor-7] INFO  impl.FollowerInfo (FollowerInfo.java:lambda$new$0(51)) - 6f4fbb20-7bc8-405b-b3a3-7ab0d0d38458@group-CFCBFB1E5557->f702c1a9-89db-4927-8433-467abec08902: nextIndex: updateUnconditionally 3 -> 2
2019-10-14 12:32:27,160 [grpc-default-executor-9] INFO  impl.FollowerInfo (FollowerInfo.java:lambda$new$0(51)) - 7ffb1a22-d777-4b7d-a742-5334fcca9894@group-43A32D8C9052->31a1c64f-2dfd-4f55-ad66-1c5dd23d4cab: nextIndex: updateUnconditionally 0 -> 0
2019-10-14 12:32:27,160 [grpc-default-executor-5] INFO  impl.FollowerInfo (FollowerInfo.java:lambda$new$0(51)) - 6f4fbb20-7bc8-405b-b3a3-7ab0d0d38458@group-CFCBFB1E5557->a848952e-b84d-4d94-a6b9-c670ad286528: nextIndex: updateUnconditionally 3 -> 2
2019-10-14 12:32:27,172 [6f4fbb20-7bc8-405b-b3a3-7ab0d0d38458@group-CFCBFB1E5557-StateMachineUpdater] INFO  ratis.ContainerStateMachine (ContainerStateMachine.java:takeSnapshot(305)) - group-CFCBFB1E5557: Finished taking a snapshot at:(t:2, i:2) file:/workdir/hadoop-ozone/integration-test/target/test-dir/MiniOzoneClusterImpl-823ef00c-e4a9-400c-88a5-d60fec049001/datanode-1/data/ratis/cc743ab4-953e-4532-914f-cfcbfb1e5557/sm/snapshot.2_2 time:15
2019-10-14 12:32:27,172 [6f4fbb20-7bc8-405b-b3a3-7ab0d0d38458@group-CFCBFB1E5557-StateMachineUpdater] INFO  impl.StateMachineUpdater (StateMachineUpdater.java:takeSnapshot(269)) - 6f4fbb20-7bc8-405b-b3a3-7ab0d0d38458@group-CFCBFB1E5557-StateMachineUpdater: Took a snapshot at index 2
2019-10-14 12:32:27,172 [6f4fbb20-7bc8-405b-b3a3-7ab0d0d38458@group-CFCBFB1E5557-StateMachineUpdater] INFO  impl.StateMachineUpdater (StateMachineUpdater.java:lambda$new$0(84)) - 6f4fbb20-7bc8-405b-b3a3-7ab0d0d38458@group-CFCBFB1E5557-StateMachineUpdater: snapshotIndex: updateIncreasingly -1 -> 2
2019-10-14 12:32:27,173 [main] INFO  impl.RaftServerImpl (ServerState.java:close(387)) - 6f4fbb20-7bc8-405b-b3a3-7ab0d0d38458@group-CFCBFB1E5557: closes. applyIndex: 2
2019-10-14 12:32:27,173 [6f4fbb20-7bc8-405b-b3a3-7ab0d0d38458@group-CFCBFB1E5557-SegmentedRaftLogWorker] INFO  segmented.SegmentedRaftLogWorker (SegmentedRaftLogWorker.java:run(316)) - 6f4fbb20-7bc8-405b-b3a3-7ab0d0d38458@group-CFCBFB1E5557-SegmentedRaftLogWorker was interrupted, exiting. There are 0 tasks remaining in the queue.
2019-10-14 12:32:27,176 [main] INFO  segmented.SegmentedRaftLogWorker (SegmentedRaftLogWorker.java:close(224)) - 6f4fbb20-7bc8-405b-b3a3-7ab0d0d38458@group-CFCBFB1E5557-SegmentedRaftLogWorker close()
2019-10-14 12:32:27,180 [main] INFO  impl.RaftServerImpl (RaftServerImpl.java:lambda$shutdown$3(247)) - 6f4fbb20-7bc8-405b-b3a3-7ab0d0d38458@group-03DC31D1C881: shutdown
2019-10-14 12:32:27,181 [main] INFO  util.JmxRegister (JmxRegister.java:unregister(73)) - Successfully un-registered JMX Bean with object name Ratis:service=RaftServer,group=group-03DC31D1C881,id=6f4fbb20-7bc8-405b-b3a3-7ab0d0d38458
2019-10-14 12:32:27,181 [main] INFO  impl.RoleInfo (RoleInfo.java:shutdownLeaderState(104)) - 6f4fbb20-7bc8-405b-b3a3-7ab0d0d38458: shutdown LeaderState
2019-10-14 12:32:27,181 [main] INFO  impl.PendingRequests (PendingRequests.java:sendNotLeaderResponses(202)) - 6f4fbb20-7bc8-405b-b3a3-7ab0d0d38458@group-03DC31D1C881-PendingRequests: sendNotLeaderResponses
2019-10-14 12:32:27,182 [main] INFO  impl.StateMachineUpdater (StateMachineUpdater.java:stopAndJoin(136)) - 6f4fbb20-7bc8-405b-b3a3-7ab0d0d38458@group-03DC31D1C881-StateMachineUpdater: set stopIndex = 0
2019-10-14 12:32:27,182 [main] INFO  impl.RaftServerImpl (ServerState.java:close(387)) - 6f4fbb20-7bc8-405b-b3a3-7ab0d0d38458@group-03DC31D1C881: closes. applyIndex: 0
2019-10-14 12:32:27,182 [6f4fbb20-7bc8-405b-b3a3-7ab0d0d38458@group-03DC31D1C881-SegmentedRaftLogWorker] INFO  segmented.SegmentedRaftLogWorker (SegmentedRaftLogWorker.java:run(316)) - 6f4fbb20-7bc8-405b-b3a3-7ab0d0d38458@group-03DC31D1C881-SegmentedRaftLogWorker was interrupted, exiting. There are 0 tasks remaining in the queue.
2019-10-14 12:32:27,185 [main] INFO  segmented.SegmentedRaftLogWorker (SegmentedRaftLogWorker.java:close(224)) - 6f4fbb20-7bc8-405b-b3a3-7ab0d0d38458@group-03DC31D1C881-SegmentedRaftLogWorker close()
2019-10-14 12:32:27,189 [main] INFO  server.GrpcService (GrpcService.java:closeImpl(164)) - 6f4fbb20-7bc8-405b-b3a3-7ab0d0d38458: shutdown server with port 39394 now
2019-10-14 12:32:27,190 [main] INFO  server.GrpcService (GrpcService.java:closeImpl(172)) - 6f4fbb20-7bc8-405b-b3a3-7ab0d0d38458: shutdown server with port 39394 successfully
2019-10-14 12:32:27,192 [refreshUsed-/workdir/hadoop-ozone/integration-test/target/test-dir/MiniOzoneClusterImpl-823ef00c-e4a9-400c-88a5-d60fec049001/datanode-1/data/containers] WARN  fs.CachingGetSpaceUsed (CachingGetSpaceUsed.java:run(183)) - Thread Interrupted waiting to refresh disk information: sleep interrupted
2019-10-14 12:32:27,208 [main] INFO  utils.BackgroundService (BackgroundService.java:shutdown(151)) - Shutting down service BlockDeletingService
2019-10-14 12:32:27,215 [main] INFO  statemachine.DatanodeStateMachine (DatanodeStateMachine.java:stopDaemon(395)) - Ozone container server stopped.
2019-10-14 12:32:27,229 [main] INFO  handler.ContextHandler (ContextHandler.java:doStop(910)) - Stopped o.e.j.w.WebAppContext@476fde05{/,null,UNAVAILABLE}{/hddsDatanode}
2019-10-14 12:32:27,230 [main] INFO  server.AbstractConnector (AbstractConnector.java:doStop(318)) - Stopped ServerConnector@5111de7c{HTTP/1.1,[http/1.1]}{0.0.0.0:0}
2019-10-14 12:32:27,231 [main] INFO  handler.ContextHandler (ContextHandler.java:doStop(910)) - Stopped o.e.j.s.ServletContextHandler@10b8b900{/static,jar:file:/home/user/.m2/repository/org/apache/hadoop/hadoop-hdds-container-service/0.5.0-SNAPSHOT/hadoop-hdds-container-service-0.5.0-SNAPSHOT.jar!/webapps/static,UNAVAILABLE}
2019-10-14 12:32:27,231 [main] INFO  handler.ContextHandler (ContextHandler.java:doStop(910)) - Stopped o.e.j.s.ServletContextHandler@6314df3c{/logs,file:///workdir/hadoop-ozone/integration-test/target/log,UNAVAILABLE}
2019-10-14 12:32:29,650 [grpc-default-executor-0] WARN  server.GrpcLogAppender (LogUtils.java:warn(134)) - 7ffb1a22-d777-4b7d-a742-5334fcca9894@group-43A32D8C9052->31a1c64f-2dfd-4f55-ad66-1c5dd23d4cab-AppendLogResponseHandler: Failed appendEntries: org.apache.ratis.thirdparty.io.grpc.StatusRuntimeException: UNAVAILABLE: io exception
2019-10-14 12:32:29,650 [grpc-default-executor-9] WARN  server.GrpcLogAppender (LogUtils.java:warn(134)) - 7ffb1a22-d777-4b7d-a742-5334fcca9894@group-43A32D8C9052->1dab5bbc-306d-414b-bee9-799bfda5c805-AppendLogResponseHandler: Failed appendEntries: org.apache.ratis.thirdparty.io.grpc.StatusRuntimeException: UNAVAILABLE: io exception
2019-10-14 12:32:29,650 [grpc-default-executor-0] INFO  impl.FollowerInfo (FollowerInfo.java:lambda$new$0(51)) - 7ffb1a22-d777-4b7d-a742-5334fcca9894@group-43A32D8C9052->31a1c64f-2dfd-4f55-ad66-1c5dd23d4cab: nextIndex: updateUnconditionally 0 -> 0
2019-10-14 12:32:29,651 [grpc-default-executor-9] INFO  impl.FollowerInfo (FollowerInfo.java:lambda$new$0(51)) - 7ffb1a22-d777-4b7d-a742-5334fcca9894@group-43A32D8C9052->1dab5bbc-306d-414b-bee9-799bfda5c805: nextIndex: updateUnconditionally 0 -> 0
2019-10-14 12:32:32,150 [grpc-default-executor-3] WARN  server.GrpcLogAppender (LogUtils.java:warn(134)) - 7ffb1a22-d777-4b7d-a742-5334fcca9894@group-43A32D8C9052->1dab5bbc-306d-414b-bee9-799bfda5c805-AppendLogResponseHandler: Failed appendEntries: org.apache.ratis.thirdparty.io.grpc.StatusRuntimeException: UNAVAILABLE: io exception
2019-10-14 12:32:32,150 [grpc-default-executor-1] WARN  server.GrpcLogAppender (LogUtils.java:warn(134)) - 7ffb1a22-d777-4b7d-a742-5334fcca9894@group-43A32D8C9052->31a1c64f-2dfd-4f55-ad66-1c5dd23d4cab-AppendLogResponseHandler: Failed appendEntries: org.apache.ratis.thirdparty.io.grpc.StatusRuntimeException: UNAVAILABLE: io exception
2019-10-14 12:32:32,151 [grpc-default-executor-3] INFO  impl.FollowerInfo (FollowerInfo.java:lambda$new$0(51)) - 7ffb1a22-d777-4b7d-a742-5334fcca9894@group-43A32D8C9052->1dab5bbc-306d-414b-bee9-799bfda5c805: nextIndex: updateUnconditionally 0 -> 0
2019-10-14 12:32:32,151 [grpc-default-executor-1] INFO  impl.FollowerInfo (FollowerInfo.java:lambda$new$0(51)) - 7ffb1a22-d777-4b7d-a742-5334fcca9894@group-43A32D8C9052->31a1c64f-2dfd-4f55-ad66-1c5dd23d4cab: nextIndex: updateUnconditionally 0 -> 0
2019-10-14 12:32:34,651 [grpc-default-executor-1] WARN  server.GrpcLogAppender (LogUtils.java:warn(134)) - 7ffb1a22-d777-4b7d-a742-5334fcca9894@group-43A32D8C9052->1dab5bbc-306d-414b-bee9-799bfda5c805-AppendLogResponseHandler: Failed appendEntries: org.apache.ratis.thirdparty.io.grpc.StatusRuntimeException: UNAVAILABLE: io exception
2019-10-14 12:32:34,651 [grpc-default-executor-0] WARN  server.GrpcLogAppender (LogUtils.java:warn(134)) - 7ffb1a22-d777-4b7d-a742-5334fcca9894@group-43A32D8C9052->31a1c64f-2dfd-4f55-ad66-1c5dd23d4cab-AppendLogResponseHandler: Failed appendEntries: org.apache.ratis.thirdparty.io.grpc.StatusRuntimeException: UNAVAILABLE: io exception
2019-10-14 12:32:34,651 [grpc-default-executor-1] INFO  impl.FollowerInfo (FollowerInfo.java:lambda$new$0(51)) - 7ffb1a22-d777-4b7d-a742-5334fcca9894@group-43A32D8C9052->1dab5bbc-306d-414b-bee9-799bfda5c805: nextIndex: updateUnconditionally 0 -> 0
2019-10-14 12:32:34,651 [grpc-default-executor-0] INFO  impl.FollowerInfo (FollowerInfo.java:lambda$new$0(51)) - 7ffb1a22-d777-4b7d-a742-5334fcca9894@group-43A32D8C9052->31a1c64f-2dfd-4f55-ad66-1c5dd23d4cab: nextIndex: updateUnconditionally 0 -> 0
2019-10-14 12:32:36,788 [Thread-2467] INFO  impl.FollowerState (FollowerState.java:run(108)) - a848952e-b84d-4d94-a6b9-c670ad286528@group-CFCBFB1E5557-FollowerState: change to CANDIDATE, lastRpcTime:9771ms, electionTimeout:5048ms
2019-10-14 12:32:36,788 [Thread-2467] INFO  impl.RoleInfo (RoleInfo.java:shutdownFollowerState(121)) - a848952e-b84d-4d94-a6b9-c670ad286528: shutdown FollowerState
2019-10-14 12:32:36,789 [Thread-2467] INFO  impl.RaftServerImpl (RaftServerImpl.java:setRole(170)) - a848952e-b84d-4d94-a6b9-c670ad286528@group-CFCBFB1E5557: changes role from  FOLLOWER to CANDIDATE at term 2 for changeToCandidate
2019-10-14 12:32:36,789 [Thread-2467] INFO  impl.RoleInfo (RoleInfo.java:updateAndGet(143)) - a848952e-b84d-4d94-a6b9-c670ad286528: start LeaderElection
2019-10-14 12:32:36,793 [a848952e-b84d-4d94-a6b9-c670ad286528@group-CFCBFB1E5557-LeaderElection66] INFO  impl.RaftServerImpl (ServerState.java:setLeader(255)) - a848952e-b84d-4d94-a6b9-c670ad286528@group-CFCBFB1E5557: change Leader from 6f4fbb20-7bc8-405b-b3a3-7ab0d0d38458 to null at term 2 for initElection
2019-10-14 12:32:36,967 [Thread-2468] INFO  impl.FollowerState (FollowerState.java:run(108)) - f702c1a9-89db-4927-8433-467abec08902@group-CFCBFB1E5557-FollowerState: change to CANDIDATE, lastRpcTime:9950ms, electionTimeout:5128ms
2019-10-14 12:32:36,967 [Thread-2468] INFO  impl.RoleInfo (RoleInfo.java:shutdownFollowerState(121)) - f702c1a9-89db-4927-8433-467abec08902: shutdown FollowerState
2019-10-14 12:32:36,967 [Thread-2468] INFO  impl.RaftServerImpl (RaftServerImpl.java:setRole(170)) - f702c1a9-89db-4927-8433-467abec08902@group-CFCBFB1E5557: changes role from  FOLLOWER to CANDIDATE at term 2 for changeToCandidate
2019-10-14 12:32:36,967 [Thread-2468] INFO  impl.RoleInfo (RoleInfo.java:updateAndGet(143)) - f702c1a9-89db-4927-8433-467abec08902: start LeaderElection
2019-10-14 12:32:36,971 [f702c1a9-89db-4927-8433-467abec08902@group-CFCBFB1E5557-LeaderElection67] INFO  impl.RaftServerImpl (ServerState.java:setLeader(255)) - f702c1a9-89db-4927-8433-467abec08902@group-CFCBFB1E5557: change Leader from 6f4fbb20-7bc8-405b-b3a3-7ab0d0d38458 to null at term 2 for initElection
2019-10-14 12:32:37,151 [grpc-default-executor-3] WARN  server.GrpcLogAppender (LogUtils.java:warn(134)) - 7ffb1a22-d777-4b7d-a742-5334fcca9894@group-43A32D8C9052->31a1c64f-2dfd-4f55-ad66-1c5dd23d4cab-AppendLogResponseHandler: Failed appendEntries: org.apache.ratis.thirdparty.io.grpc.StatusRuntimeException: UNAVAILABLE: io exception
2019-10-14 12:32:37,151 [grpc-default-executor-9] WARN  server.GrpcLogAppender (LogUtils.java:warn(134)) - 7ffb1a22-d777-4b7d-a742-5334fcca9894@group-43A32D8C9052->1dab5bbc-306d-414b-bee9-799bfda5c805-AppendLogResponseHandler: Failed appendEntries: org.apache.ratis.thirdparty.io.grpc.StatusRuntimeException: UNAVAILABLE: io exception
2019-10-14 12:32:37,152 [grpc-default-executor-3] INFO  impl.FollowerInfo (FollowerInfo.java:lambda$new$0(51)) - 7ffb1a22-d777-4b7d-a742-5334fcca9894@group-43A32D8C9052->31a1c64f-2dfd-4f55-ad66-1c5dd23d4cab: nextIndex: updateUnconditionally 0 -> 0
2019-10-14 12:32:37,152 [grpc-default-executor-9] INFO  impl.FollowerInfo (FollowerInfo.java:lambda$new$0(51)) - 7ffb1a22-d777-4b7d-a742-5334fcca9894@group-43A32D8C9052->1dab5bbc-306d-414b-bee9-799bfda5c805: nextIndex: updateUnconditionally 0 -> 0
]]></system-out>
  </testcase>
</testsuite>