<?xml version="1.0" encoding="UTF-8"?>
<testsuite xmlns:xsi="http://www.w3.org/2001/XMLSchema-instance" xsi:noNamespaceSchemaLocation="https://maven.apache.org/surefire/maven-surefire-plugin/xsd/surefire-test-report.xsd" name="org.apache.hadoop.ozone.client.rpc.TestOzoneClientRetriesOnException" time="171.846" tests="2" errors="1" skipped="0" failures="0">
  <properties>
    <property name="awt.toolkit" value="sun.awt.X11.XToolkit"/>
    <property name="file.encoding.pkg" value="sun.io"/>
    <property name="java.specification.version" value="1.8"/>
    <property name="sun.cpu.isalist" value=""/>
    <property name="sun.jnu.encoding" value="UTF-8"/>
    <property name="java.class.path" value="/workdir/hadoop-ozone/integration-test/target/test-classes:/workdir/hadoop-ozone/integration-test/target/classes:/home/user/.m2/repository/org/apache/hadoop/hadoop-ozone-common/0.5.0-SNAPSHOT/hadoop-ozone-common-0.5.0-SNAPSHOT.jar:/home/user/.m2/repository/org/apache/commons/commons-compress/1.4.1/commons-compress-1.4.1.jar:/home/user/.m2/repository/org/tukaani/xz/1.0/xz-1.0.jar:/home/user/.m2/repository/org/apache/hadoop/hadoop-common/3.2.0/hadoop-common-3.2.0.jar:/home/user/.m2/repository/org/apache/hadoop/hadoop-hdfs/3.2.0/hadoop-hdfs-3.2.0.jar:/home/user/.m2/repository/org/apache/hadoop/hadoop-hdfs-client/3.2.0/hadoop-hdfs-client-3.2.0.jar:/home/user/.m2/repository/com/fasterxml/jackson/core/jackson-annotations/2.9.9/jackson-annotations-2.9.9.jar:/home/user/.m2/repository/org/apache/hadoop/hadoop-hdds-common/0.5.0-SNAPSHOT/hadoop-hdds-common-0.5.0-SNAPSHOT.jar:/home/user/.m2/repository/javax/annotation/javax.annotation-api/1.2/javax.annotation-api-1.2.jar:/home/user/.m2/repository/org/apache/ratis/ratis-server/0.4.0/ratis-server-0.4.0.jar:/home/user/.m2/repository/org/apache/ratis/ratis-thirdparty-misc/0.2.0/ratis-thirdparty-misc-0.2.0.jar:/home/user/.m2/repository/org/apache/ratis/ratis-proto/0.4.0/ratis-proto-0.4.0.jar:/home/user/.m2/repository/org/apache/ratis/ratis-common/0.4.0/ratis-common-0.4.0.jar:/home/user/.m2/repository/org/apache/ratis/ratis-client/0.4.0/ratis-client-0.4.0.jar:/home/user/.m2/repository/org/apache/ratis/ratis-metrics/0.4.0/ratis-metrics-0.4.0.jar:/home/user/.m2/repository/com/github/joshelser/dropwizard-metrics-hadoop-metrics2-reporter/0.1.2/dropwizard-metrics-hadoop-metrics2-reporter-0.1.2.jar:/home/user/.m2/repository/io/dropwizard/metrics/metrics-jvm/3.2.5/metrics-jvm-3.2.5.jar:/home/user/.m2/repository/io/dropwizard/metrics/metrics-ganglia/3.2.5/metrics-ganglia-3.2.5.jar:/home/user/.m2/repository/info/ganglia/gmetric4j/gmetric4j/1.0.7/gmetric4j-1.0.7.jar:/home/user/.m2/repository/org/apache/ratis/ratis-netty/0.4.0/ratis-netty-0.4.0.jar:/home/user/.m2/repository/org/apache/ratis/ratis-grpc/0.4.0/ratis-grpc-0.4.0.jar:/home/user/.m2/repository/org/rocksdb/rocksdbjni/6.0.1/rocksdbjni-6.0.1.jar:/home/user/.m2/repository/org/apache/logging/log4j/log4j-api/2.11.0/log4j-api-2.11.0.jar:/home/user/.m2/repository/org/apache/logging/log4j/log4j-core/2.11.0/log4j-core-2.11.0.jar:/home/user/.m2/repository/com/lmax/disruptor/3.4.2/disruptor-3.4.2.jar:/home/user/.m2/repository/org/apache/commons/commons-pool2/2.6.0/commons-pool2-2.6.0.jar:/home/user/.m2/repository/org/bouncycastle/bcpkix-jdk15on/1.60/bcpkix-jdk15on-1.60.jar:/home/user/.m2/repository/commons-validator/commons-validator/1.6/commons-validator-1.6.jar:/home/user/.m2/repository/commons-digester/commons-digester/1.8.1/commons-digester-1.8.1.jar:/home/user/.m2/repository/io/jaegertracing/jaeger-client/0.34.0/jaeger-client-0.34.0.jar:/home/user/.m2/repository/io/jaegertracing/jaeger-thrift/0.34.0/jaeger-thrift-0.34.0.jar:/home/user/.m2/repository/org/apache/thrift/libthrift/0.12.0/libthrift-0.12.0.jar:/home/user/.m2/repository/com/squareup/okhttp3/okhttp/3.9.0/okhttp-3.9.0.jar:/home/user/.m2/repository/com/squareup/okio/okio/1.13.0/okio-1.13.0.jar:/home/user/.m2/repository/io/jaegertracing/jaeger-core/0.34.0/jaeger-core-0.34.0.jar:/home/user/.m2/repository/io/jaegertracing/jaeger-tracerresolver/0.34.0/jaeger-tracerresolver-0.34.0.jar:/home/user/.m2/repository/io/opentracing/contrib/opentracing-tracerresolver/0.1.5/opentracing-tracerresolver-0.1.5.jar:/home/user/.m2/repository/io/opentracing/opentracing-util/0.31.0/opentracing-util-0.31.0.jar:/home/user/.m2/repository/io/opentracing/opentracing-api/0.31.0/opentracing-api-0.31.0.jar:/home/user/.m2/repository/io/opentracing/opentracing-noop/0.31.0/opentracing-noop-0.31.0.jar:/home/user/.m2/repository/org/apache/hadoop/hadoop-hdds-server-framework/0.5.0-SNAPSHOT/hadoop-hdds-server-framework-0.5.0-SNAPSHOT.jar:/home/user/.m2/repository/org/apache/hadoop/hadoop-hdds-container-service/0.5.0-SNAPSHOT/hadoop-hdds-container-service-0.5.0-SNAPSHOT.jar:/home/user/.m2/repository/org/apache/hadoop/hadoop-hdds-client/0.5.0-SNAPSHOT/hadoop-hdds-client-0.5.0-SNAPSHOT.jar:/home/user/.m2/repository/org/apache/hadoop/hadoop-hdds-tools/0.5.0-SNAPSHOT/hadoop-hdds-tools-0.5.0-SNAPSHOT.jar:/home/user/.m2/repository/org/apache/hadoop/hadoop-hdds-server-scm/0.5.0-SNAPSHOT/hadoop-hdds-server-scm-0.5.0-SNAPSHOT.jar:/home/user/.m2/repository/org/apache/hadoop/hadoop-hdds-docs/0.5.0-SNAPSHOT/hadoop-hdds-docs-0.5.0-SNAPSHOT.jar:/home/user/.m2/repository/io/dropwizard/metrics/metrics-core/3.2.4/metrics-core-3.2.4.jar:/home/user/.m2/repository/org/hamcrest/hamcrest-all/1.3/hamcrest-all-1.3.jar:/home/user/.m2/repository/org/bouncycastle/bcprov-jdk15on/1.60/bcprov-jdk15on-1.60.jar:/home/user/.m2/repository/info/picocli/picocli/3.9.6/picocli-3.9.6.jar:/home/user/.m2/repository/com/google/protobuf/protobuf-java/2.5.0/protobuf-java-2.5.0.jar:/home/user/.m2/repository/com/google/guava/guava/11.0.2/guava-11.0.2.jar:/home/user/.m2/repository/org/apache/hadoop/hadoop-ozone-ozone-manager/0.5.0-SNAPSHOT/hadoop-ozone-ozone-manager-0.5.0-SNAPSHOT.jar:/home/user/.m2/repository/org/apache/hadoop/hadoop-minikdc/3.2.0/hadoop-minikdc-3.2.0.jar:/home/user/.m2/repository/commons-io/commons-io/2.5/commons-io-2.5.jar:/home/user/.m2/repository/org/apache/kerby/kerb-simplekdc/1.0.1/kerb-simplekdc-1.0.1.jar:/home/user/.m2/repository/org/apache/kerby/kerb-client/1.0.1/kerb-client-1.0.1.jar:/home/user/.m2/repository/org/apache/kerby/kerby-config/1.0.1/kerby-config-1.0.1.jar:/home/user/.m2/repository/org/apache/kerby/kerb-core/1.0.1/kerb-core-1.0.1.jar:/home/user/.m2/repository/org/apache/kerby/kerby-pkix/1.0.1/kerby-pkix-1.0.1.jar:/home/user/.m2/repository/org/apache/kerby/kerby-asn1/1.0.1/kerby-asn1-1.0.1.jar:/home/user/.m2/repository/org/apache/kerby/kerby-util/1.0.1/kerby-util-1.0.1.jar:/home/user/.m2/repository/org/apache/kerby/kerb-common/1.0.1/kerb-common-1.0.1.jar:/home/user/.m2/repository/org/apache/kerby/kerb-crypto/1.0.1/kerb-crypto-1.0.1.jar:/home/user/.m2/repository/org/apache/kerby/kerb-util/1.0.1/kerb-util-1.0.1.jar:/home/user/.m2/repository/org/apache/kerby/token-provider/1.0.1/token-provider-1.0.1.jar:/home/user/.m2/repository/org/apache/kerby/kerb-admin/1.0.1/kerb-admin-1.0.1.jar:/home/user/.m2/repository/org/apache/kerby/kerb-server/1.0.1/kerb-server-1.0.1.jar:/home/user/.m2/repository/org/apache/kerby/kerb-identity/1.0.1/kerb-identity-1.0.1.jar:/home/user/.m2/repository/org/apache/kerby/kerby-xdr/1.0.1/kerby-xdr-1.0.1.jar:/home/user/.m2/repository/org/slf4j/slf4j-log4j12/1.7.25/slf4j-log4j12-1.7.25.jar:/home/user/.m2/repository/org/apache/hadoop/hadoop-ozone-s3gateway/0.5.0-SNAPSHOT/hadoop-ozone-s3gateway-0.5.0-SNAPSHOT.jar:/home/user/.m2/repository/org/jboss/weld/servlet/weld-servlet/2.4.7.Final/weld-servlet-2.4.7.Final.jar:/home/user/.m2/repository/org/glassfish/jersey/containers/jersey-container-servlet-core/2.27/jersey-container-servlet-core-2.27.jar:/home/user/.m2/repository/org/glassfish/hk2/external/javax.inject/2.5.0-b42/javax.inject-2.5.0-b42.jar:/home/user/.m2/repository/org/glassfish/jersey/core/jersey-common/2.27/jersey-common-2.27.jar:/home/user/.m2/repository/org/glassfish/hk2/osgi-resource-locator/1.0.1/osgi-resource-locator-1.0.1.jar:/home/user/.m2/repository/javax/ws/rs/javax.ws.rs-api/2.1/javax.ws.rs-api-2.1.jar:/home/user/.m2/repository/org/glassfish/jersey/ext/cdi/jersey-cdi1x/2.27/jersey-cdi1x-2.27.jar:/home/user/.m2/repository/org/glassfish/jersey/inject/jersey-hk2/2.27/jersey-hk2-2.27.jar:/home/user/.m2/repository/org/glassfish/hk2/hk2-locator/2.5.0-b42/hk2-locator-2.5.0-b42.jar:/home/user/.m2/repository/org/javassist/javassist/3.22.0-CR2/javassist-3.22.0-CR2.jar:/home/user/.m2/repository/org/glassfish/hk2/hk2-api/2.5.0/hk2-api-2.5.0.jar:/home/user/.m2/repository/org/glassfish/hk2/external/jakarta.inject/2.5.0/jakarta.inject-2.5.0.jar:/home/user/.m2/repository/org/glassfish/hk2/hk2-utils/2.5.0/hk2-utils-2.5.0.jar:/home/user/.m2/repository/jakarta/annotation/jakarta.annotation-api/1.3.4/jakarta.annotation-api-1.3.4.jar:/home/user/.m2/repository/org/glassfish/hk2/external/aopalliance-repackaged/2.5.0/aopalliance-repackaged-2.5.0.jar:/home/user/.m2/repository/com/fasterxml/jackson/dataformat/jackson-dataformat-xml/2.9.0/jackson-dataformat-xml-2.9.0.jar:/home/user/.m2/repository/com/fasterxml/jackson/core/jackson-core/2.9.9/jackson-core-2.9.9.jar:/home/user/.m2/repository/com/fasterxml/jackson/module/jackson-module-jaxb-annotations/2.9.9/jackson-module-jaxb-annotations-2.9.9.jar:/home/user/.m2/repository/javax/enterprise/cdi-api/1.2/cdi-api-1.2.jar:/home/user/.m2/repository/javax/el/javax.el-api/3.0.0/javax.el-api-3.0.0.jar:/home/user/.m2/repository/javax/interceptor/javax.interceptor-api/1.2/javax.interceptor-api-1.2.jar:/home/user/.m2/repository/javax/inject/javax.inject/1/javax.inject-1.jar:/home/user/.m2/repository/com/sun/xml/bind/jaxb-impl/2.3.0.1/jaxb-impl-2.3.0.1.jar:/home/user/.m2/repository/com/sun/xml/bind/jaxb-core/2.3.0.1/jaxb-core-2.3.0.1.jar:/home/user/.m2/repository/javax/xml/bind/jaxb-api/2.3.0/jaxb-api-2.3.0.jar:/home/user/.m2/repository/javax/activation/activation/1.1.1/activation-1.1.1.jar:/home/user/.m2/repository/org/apache/hadoop/hadoop-ozone-csi/0.5.0-SNAPSHOT/hadoop-ozone-csi-0.5.0-SNAPSHOT.jar:/home/user/.m2/repository/com/google/protobuf/protobuf-java-util/3.5.1/protobuf-java-util-3.5.1.jar:/home/user/.m2/repository/org/apache/hadoop/hadoop-hdds-config/0.5.0-SNAPSHOT/hadoop-hdds-config-0.5.0-SNAPSHOT.jar:/home/user/.m2/repository/io/grpc/grpc-netty/1.17.1/grpc-netty-1.17.1.jar:/home/user/.m2/repository/io/grpc/grpc-core/1.17.1/grpc-core-1.17.1.jar:/home/user/.m2/repository/io/grpc/grpc-context/1.17.1/grpc-context-1.17.1.jar:/home/user/.m2/repository/com/google/errorprone/error_prone_annotations/2.2.0/error_prone_annotations-2.2.0.jar:/home/user/.m2/repository/org/codehaus/mojo/animal-sniffer-annotations/1.17/animal-sniffer-annotations-1.17.jar:/home/user/.m2/repository/io/opencensus/opencensus-api/0.17.0/opencensus-api-0.17.0.jar:/home/user/.m2/repository/io/opencensus/opencensus-contrib-grpc-metrics/0.17.0/opencensus-contrib-grpc-metrics-0.17.0.jar:/home/user/.m2/repository/io/netty/netty-codec-http2/4.1.30.Final/netty-codec-http2-4.1.30.Final.jar:/home/user/.m2/repository/io/netty/netty-codec-http/4.1.30.Final/netty-codec-http-4.1.30.Final.jar:/home/user/.m2/repository/io/netty/netty-codec/4.1.30.Final/netty-codec-4.1.30.Final.jar:/home/user/.m2/repository/io/netty/netty-handler/4.1.30.Final/netty-handler-4.1.30.Final.jar:/home/user/.m2/repository/io/netty/netty-handler-proxy/4.1.30.Final/netty-handler-proxy-4.1.30.Final.jar:/home/user/.m2/repository/io/netty/netty-codec-socks/4.1.30.Final/netty-codec-socks-4.1.30.Final.jar:/home/user/.m2/repository/io/netty/netty-transport-native-epoll/4.1.30.Final/netty-transport-native-epoll-4.1.30.Final.jar:/home/user/.m2/repository/io/netty/netty-common/4.1.30.Final/netty-common-4.1.30.Final.jar:/home/user/.m2/repository/io/netty/netty-buffer/4.1.30.Final/netty-buffer-4.1.30.Final.jar:/home/user/.m2/repository/io/netty/netty-transport/4.1.30.Final/netty-transport-4.1.30.Final.jar:/home/user/.m2/repository/io/netty/netty-resolver/4.1.30.Final/netty-resolver-4.1.30.Final.jar:/home/user/.m2/repository/io/netty/netty-transport-native-unix-common/4.1.30.Final/netty-transport-native-unix-common-4.1.30.Final.jar:/home/user/.m2/repository/io/grpc/grpc-protobuf/1.17.1/grpc-protobuf-1.17.1.jar:/home/user/.m2/repository/com/google/api/grpc/proto-google-common-protos/1.0.0/proto-google-common-protos-1.0.0.jar:/home/user/.m2/repository/io/grpc/grpc-protobuf-lite/1.17.1/grpc-protobuf-lite-1.17.1.jar:/home/user/.m2/repository/io/grpc/grpc-stub/1.17.1/grpc-stub-1.17.1.jar:/home/user/.m2/repository/org/apache/hadoop/hadoop-ozone-recon/0.5.0-SNAPSHOT/hadoop-ozone-recon-0.5.0-SNAPSHOT.jar:/home/user/.m2/repository/org/apache/hadoop/hadoop-ozone-reconcodegen/0.5.0-SNAPSHOT/hadoop-ozone-reconcodegen-0.5.0-SNAPSHOT.jar:/home/user/.m2/repository/com/google/inject/extensions/guice-multibindings/4.0/guice-multibindings-4.0.jar:/home/user/.m2/repository/com/google/inject/guice/4.0/guice-4.0.jar:/home/user/.m2/repository/aopalliance/aopalliance/1.0/aopalliance-1.0.jar:/home/user/.m2/repository/com/google/inject/extensions/guice-servlet/4.0/guice-servlet-4.0.jar:/home/user/.m2/repository/org/glassfish/jersey/containers/jersey-container-servlet/2.27/jersey-container-servlet-2.27.jar:/home/user/.m2/repository/org/glassfish/hk2/guice-bridge/2.5.0/guice-bridge-2.5.0.jar:/home/user/.m2/repository/org/glassfish/jersey/core/jersey-server/2.27/jersey-server-2.27.jar:/home/user/.m2/repository/org/glassfish/jersey/core/jersey-client/2.27/jersey-client-2.27.jar:/home/user/.m2/repository/org/glassfish/jersey/media/jersey-media-jaxb/2.27/jersey-media-jaxb-2.27.jar:/home/user/.m2/repository/javax/validation/validation-api/1.1.0.Final/validation-api-1.1.0.Final.jar:/home/user/.m2/repository/org/glassfish/jersey/media/jersey-media-json-jackson/2.27/jersey-media-json-jackson-2.27.jar:/home/user/.m2/repository/org/glassfish/jersey/ext/jersey-entity-filtering/2.27/jersey-entity-filtering-2.27.jar:/home/user/.m2/repository/com/google/inject/extensions/guice-assistedinject/4.0/guice-assistedinject-4.0.jar:/home/user/.m2/repository/org/jooq/jooq/3.11.10/jooq-3.11.10.jar:/home/user/.m2/repository/org/jooq/jooq-meta/3.11.10/jooq-meta-3.11.10.jar:/home/user/.m2/repository/org/jooq/jooq-codegen/3.11.10/jooq-codegen-3.11.10.jar:/home/user/.m2/repository/com/jolbox/bonecp/0.8.0.RELEASE/bonecp-0.8.0.RELEASE.jar:/home/user/.m2/repository/org/xerial/sqlite-jdbc/3.25.2/sqlite-jdbc-3.25.2.jar:/home/user/.m2/repository/org/springframework/spring-jdbc/5.1.3.RELEASE/spring-jdbc-5.1.3.RELEASE.jar:/home/user/.m2/repository/org/springframework/spring-beans/5.1.3.RELEASE/spring-beans-5.1.3.RELEASE.jar:/home/user/.m2/repository/org/springframework/spring-core/5.1.3.RELEASE/spring-core-5.1.3.RELEASE.jar:/home/user/.m2/repository/org/springframework/spring-jcl/5.1.3.RELEASE/spring-jcl-5.1.3.RELEASE.jar:/home/user/.m2/repository/org/springframework/spring-tx/5.1.3.RELEASE/spring-tx-5.1.3.RELEASE.jar:/home/user/.m2/repository/org/apache/hadoop/hadoop-ozone-client/0.5.0-SNAPSHOT/hadoop-ozone-client-0.5.0-SNAPSHOT.jar:/home/user/.m2/repository/commons-lang/commons-lang/2.6/commons-lang-2.6.jar:/home/user/.m2/repository/org/apache/hadoop/hadoop-ozone-ozone-manager/0.5.0-SNAPSHOT/hadoop-ozone-ozone-manager-0.5.0-SNAPSHOT-tests.jar:/home/user/.m2/repository/junit/junit/4.11/junit-4.11.jar:/home/user/.m2/repository/org/hamcrest/hamcrest-core/1.3/hamcrest-core-1.3.jar:/home/user/.m2/repository/org/openjdk/jmh/jmh-core/1.19/jmh-core-1.19.jar:/home/user/.m2/repository/net/sf/jopt-simple/jopt-simple/4.6/jopt-simple-4.6.jar:/home/user/.m2/repository/org/apache/commons/commons-math3/3.1.1/commons-math3-3.1.1.jar:/home/user/.m2/repository/org/openjdk/jmh/jmh-generator-annprocess/1.19/jmh-generator-annprocess-1.19.jar:/home/user/.m2/repository/org/mockito/mockito-all/1.8.5/mockito-all-1.8.5.jar:/home/user/.m2/repository/org/apache/hadoop/hadoop-kms/3.2.0/hadoop-kms-3.2.0.jar:/home/user/.m2/repository/org/apache/hadoop/hadoop-auth/3.2.0/hadoop-auth-3.2.0.jar:/home/user/.m2/repository/com/nimbusds/nimbus-jose-jwt/4.41.1/nimbus-jose-jwt-4.41.1.jar:/home/user/.m2/repository/com/github/stephenc/jcip/jcip-annotations/1.0-1/jcip-annotations-1.0-1.jar:/home/user/.m2/repository/net/minidev/json-smart/2.3/json-smart-2.3.jar:/home/user/.m2/repository/net/minidev/accessors-smart/1.2/accessors-smart-1.2.jar:/home/user/.m2/repository/org/ow2/asm/asm/5.0.4/asm-5.0.4.jar:/home/user/.m2/repository/org/apache/curator/curator-framework/2.12.0/curator-framework-2.12.0.jar:/home/user/.m2/repository/com/sun/jersey/jersey-core/1.19/jersey-core-1.19.jar:/home/user/.m2/repository/javax/ws/rs/jsr311-api/1.1.1/jsr311-api-1.1.1.jar:/home/user/.m2/repository/com/sun/jersey/jersey-server/1.19/jersey-server-1.19.jar:/home/user/.m2/repository/javax/servlet/javax.servlet-api/3.1.0/javax.servlet-api-3.1.0.jar:/home/user/.m2/repository/org/eclipse/jetty/jetty-server/9.3.25.v20180904/jetty-server-9.3.25.v20180904.jar:/home/user/.m2/repository/org/eclipse/jetty/jetty-http/9.3.25.v20180904/jetty-http-9.3.25.v20180904.jar:/home/user/.m2/repository/org/eclipse/jetty/jetty-io/9.3.25.v20180904/jetty-io-9.3.25.v20180904.jar:/home/user/.m2/repository/org/eclipse/jetty/jetty-webapp/9.3.25.v20180904/jetty-webapp-9.3.25.v20180904.jar:/home/user/.m2/repository/org/eclipse/jetty/jetty-xml/9.3.25.v20180904/jetty-xml-9.3.25.v20180904.jar:/home/user/.m2/repository/log4j/log4j/1.2.17/log4j-1.2.17.jar:/home/user/.m2/repository/org/slf4j/slf4j-api/1.7.25/slf4j-api-1.7.25.jar:/home/user/.m2/repository/org/slf4j/jul-to-slf4j/1.7.25/jul-to-slf4j-1.7.25.jar:/home/user/.m2/repository/org/eclipse/jetty/jetty-util/9.3.25.v20180904/jetty-util-9.3.25.v20180904.jar:/home/user/.m2/repository/com/fasterxml/jackson/core/jackson-databind/2.9.9/jackson-databind-2.9.9.jar:/home/user/.m2/repository/org/apache/hadoop/hadoop-kms/3.2.0/hadoop-kms-3.2.0-tests.jar:/home/user/.m2/repository/org/apache/hadoop/hadoop-hdds-server-scm/0.5.0-SNAPSHOT/hadoop-hdds-server-scm-0.5.0-SNAPSHOT-tests.jar:/home/user/.m2/repository/org/apache/hadoop/hadoop-hdds-container-service/0.5.0-SNAPSHOT/hadoop-hdds-container-service-0.5.0-SNAPSHOT-tests.jar:/home/user/.m2/repository/org/yaml/snakeyaml/1.16/snakeyaml-1.16.jar:/home/user/.m2/repository/org/apache/hadoop/hadoop-common/3.2.0/hadoop-common-3.2.0-tests.jar:/home/user/.m2/repository/org/apache/hadoop/hadoop-annotations/3.2.0/hadoop-annotations-3.2.0.jar:/usr/lib/jvm/java-1.8-openjdk/jre/../lib/tools.jar:/home/user/.m2/repository/commons-cli/commons-cli/1.2/commons-cli-1.2.jar:/home/user/.m2/repository/org/apache/httpcomponents/httpclient/4.5.2/httpclient-4.5.2.jar:/home/user/.m2/repository/org/apache/httpcomponents/httpcore/4.4.4/httpcore-4.4.4.jar:/home/user/.m2/repository/commons-codec/commons-codec/1.11/commons-codec-1.11.jar:/home/user/.m2/repository/commons-net/commons-net/3.6/commons-net-3.6.jar:/home/user/.m2/repository/commons-collections/commons-collections/3.2.2/commons-collections-3.2.2.jar:/home/user/.m2/repository/org/eclipse/jetty/jetty-servlet/9.3.25.v20180904/jetty-servlet-9.3.25.v20180904.jar:/home/user/.m2/repository/org/eclipse/jetty/jetty-security/9.3.25.v20180904/jetty-security-9.3.25.v20180904.jar:/home/user/.m2/repository/javax/servlet/jsp/jsp-api/2.1/jsp-api-2.1.jar:/home/user/.m2/repository/com/sun/jersey/jersey-servlet/1.19/jersey-servlet-1.19.jar:/home/user/.m2/repository/com/sun/jersey/jersey-json/1.19/jersey-json-1.19.jar:/home/user/.m2/repository/org/codehaus/jettison/jettison/1.1/jettison-1.1.jar:/home/user/.m2/repository/org/codehaus/jackson/jackson-core-asl/1.9.13/jackson-core-asl-1.9.13.jar:/home/user/.m2/repository/org/codehaus/jackson/jackson-mapper-asl/1.9.13/jackson-mapper-asl-1.9.13.jar:/home/user/.m2/repository/org/codehaus/jackson/jackson-jaxrs/1.9.13/jackson-jaxrs-1.9.13.jar:/home/user/.m2/repository/org/codehaus/jackson/jackson-xc/1.9.13/jackson-xc-1.9.13.jar:/home/user/.m2/repository/commons-logging/commons-logging/1.1.3/commons-logging-1.1.3.jar:/home/user/.m2/repository/commons-beanutils/commons-beanutils/1.9.4/commons-beanutils-1.9.4.jar:/home/user/.m2/repository/org/apache/commons/commons-configuration2/2.1.1/commons-configuration2-2.1.1.jar:/home/user/.m2/repository/org/apache/commons/commons-lang3/3.7/commons-lang3-3.7.jar:/home/user/.m2/repository/org/apache/commons/commons-text/1.4/commons-text-1.4.jar:/home/user/.m2/repository/org/apache/avro/avro/1.7.7/avro-1.7.7.jar:/home/user/.m2/repository/com/thoughtworks/paranamer/paranamer/2.3/paranamer-2.3.jar:/home/user/.m2/repository/org/xerial/snappy/snappy-java/1.0.5/snappy-java-1.0.5.jar:/home/user/.m2/repository/com/google/re2j/re2j/1.1/re2j-1.1.jar:/home/user/.m2/repository/com/google/code/gson/gson/2.2.4/gson-2.2.4.jar:/home/user/.m2/repository/com/jcraft/jsch/0.1.54/jsch-0.1.54.jar:/home/user/.m2/repository/org/apache/curator/curator-client/2.12.0/curator-client-2.12.0.jar:/home/user/.m2/repository/org/apache/curator/curator-recipes/2.12.0/curator-recipes-2.12.0.jar:/home/user/.m2/repository/com/google/code/findbugs/jsr305/3.0.0/jsr305-3.0.0.jar:/home/user/.m2/repository/org/apache/htrace/htrace-core4/4.1.0-incubating/htrace-core4-4.1.0-incubating.jar:/home/user/.m2/repository/org/apache/zookeeper/zookeeper/3.4.13/zookeeper-3.4.13.jar:/home/user/.m2/repository/jline/jline/0.9.94/jline-0.9.94.jar:/home/user/.m2/repository/org/apache/yetus/audience-annotations/0.5.0/audience-annotations-0.5.0.jar:/home/user/.m2/repository/org/codehaus/woodstox/stax2-api/3.1.4/stax2-api-3.1.4.jar:/home/user/.m2/repository/com/fasterxml/woodstox/woodstox-core/5.0.3/woodstox-core-5.0.3.jar:/home/user/.m2/repository/dnsjava/dnsjava/2.1.7/dnsjava-2.1.7.jar:/home/user/.m2/repository/org/apache/hadoop/hadoop-hdfs/3.2.0/hadoop-hdfs-3.2.0-tests.jar:/home/user/.m2/repository/org/eclipse/jetty/jetty-util-ajax/9.3.25.v20180904/jetty-util-ajax-9.3.25.v20180904.jar:/home/user/.m2/repository/commons-daemon/commons-daemon/1.0.13/commons-daemon-1.0.13.jar:/home/user/.m2/repository/io/netty/netty/3.10.5.Final/netty-3.10.5.Final.jar:/home/user/.m2/repository/io/netty/netty-all/4.0.52.Final/netty-all-4.0.52.Final.jar:/home/user/.m2/repository/org/fusesource/leveldbjni/leveldbjni-all/1.8/leveldbjni-all-1.8.jar:"/>
    <property name="java.vm.vendor" value="IcedTea"/>
    <property name="sun.arch.data.model" value="64"/>
    <property name="test.build.dir" value="/workdir/hadoop-ozone/integration-test/target/test-dir"/>
    <property name="test.cache.data" value=""/>
    <property name="java.vendor.url" value="https://icedtea.classpath.org"/>
    <property name="user.timezone" value=""/>
    <property name="java.vm.specification.version" value="1.8"/>
    <property name="os.name" value="Linux"/>
    <property name="test.build.data" value="/workdir/hadoop-ozone/integration-test/target/test-dir"/>
    <property name="user.country" value="US"/>
    <property name="sun.java.launcher" value="SUN_STANDARD"/>
    <property name="sun.boot.library.path" value="/usr/lib/jvm/java-1.8-openjdk/jre/lib/amd64"/>
    <property name="sun.java.command" value="/workdir/hadoop-ozone/integration-test/target/surefire/surefirebooter4978661924188858100.jar /workdir/hadoop-ozone/integration-test/target/surefire 2019-10-01T20-06-36_896-jvmRun1 surefire8044902278457132821tmp surefire_688812594546031392458tmp"/>
    <property name="test" value="!TestMiniChaosOzoneCluster"/>
    <property name="surefire.test.class.path" value="/workdir/hadoop-ozone/integration-test/target/test-classes:/workdir/hadoop-ozone/integration-test/target/classes:/home/user/.m2/repository/org/apache/hadoop/hadoop-ozone-common/0.5.0-SNAPSHOT/hadoop-ozone-common-0.5.0-SNAPSHOT.jar:/home/user/.m2/repository/org/apache/commons/commons-compress/1.4.1/commons-compress-1.4.1.jar:/home/user/.m2/repository/org/tukaani/xz/1.0/xz-1.0.jar:/home/user/.m2/repository/org/apache/hadoop/hadoop-common/3.2.0/hadoop-common-3.2.0.jar:/home/user/.m2/repository/org/apache/hadoop/hadoop-hdfs/3.2.0/hadoop-hdfs-3.2.0.jar:/home/user/.m2/repository/org/apache/hadoop/hadoop-hdfs-client/3.2.0/hadoop-hdfs-client-3.2.0.jar:/home/user/.m2/repository/com/fasterxml/jackson/core/jackson-annotations/2.9.9/jackson-annotations-2.9.9.jar:/home/user/.m2/repository/org/apache/hadoop/hadoop-hdds-common/0.5.0-SNAPSHOT/hadoop-hdds-common-0.5.0-SNAPSHOT.jar:/home/user/.m2/repository/javax/annotation/javax.annotation-api/1.2/javax.annotation-api-1.2.jar:/home/user/.m2/repository/org/apache/ratis/ratis-server/0.4.0/ratis-server-0.4.0.jar:/home/user/.m2/repository/org/apache/ratis/ratis-thirdparty-misc/0.2.0/ratis-thirdparty-misc-0.2.0.jar:/home/user/.m2/repository/org/apache/ratis/ratis-proto/0.4.0/ratis-proto-0.4.0.jar:/home/user/.m2/repository/org/apache/ratis/ratis-common/0.4.0/ratis-common-0.4.0.jar:/home/user/.m2/repository/org/apache/ratis/ratis-client/0.4.0/ratis-client-0.4.0.jar:/home/user/.m2/repository/org/apache/ratis/ratis-metrics/0.4.0/ratis-metrics-0.4.0.jar:/home/user/.m2/repository/com/github/joshelser/dropwizard-metrics-hadoop-metrics2-reporter/0.1.2/dropwizard-metrics-hadoop-metrics2-reporter-0.1.2.jar:/home/user/.m2/repository/io/dropwizard/metrics/metrics-jvm/3.2.5/metrics-jvm-3.2.5.jar:/home/user/.m2/repository/io/dropwizard/metrics/metrics-ganglia/3.2.5/metrics-ganglia-3.2.5.jar:/home/user/.m2/repository/info/ganglia/gmetric4j/gmetric4j/1.0.7/gmetric4j-1.0.7.jar:/home/user/.m2/repository/org/apache/ratis/ratis-netty/0.4.0/ratis-netty-0.4.0.jar:/home/user/.m2/repository/org/apache/ratis/ratis-grpc/0.4.0/ratis-grpc-0.4.0.jar:/home/user/.m2/repository/org/rocksdb/rocksdbjni/6.0.1/rocksdbjni-6.0.1.jar:/home/user/.m2/repository/org/apache/logging/log4j/log4j-api/2.11.0/log4j-api-2.11.0.jar:/home/user/.m2/repository/org/apache/logging/log4j/log4j-core/2.11.0/log4j-core-2.11.0.jar:/home/user/.m2/repository/com/lmax/disruptor/3.4.2/disruptor-3.4.2.jar:/home/user/.m2/repository/org/apache/commons/commons-pool2/2.6.0/commons-pool2-2.6.0.jar:/home/user/.m2/repository/org/bouncycastle/bcpkix-jdk15on/1.60/bcpkix-jdk15on-1.60.jar:/home/user/.m2/repository/commons-validator/commons-validator/1.6/commons-validator-1.6.jar:/home/user/.m2/repository/commons-digester/commons-digester/1.8.1/commons-digester-1.8.1.jar:/home/user/.m2/repository/io/jaegertracing/jaeger-client/0.34.0/jaeger-client-0.34.0.jar:/home/user/.m2/repository/io/jaegertracing/jaeger-thrift/0.34.0/jaeger-thrift-0.34.0.jar:/home/user/.m2/repository/org/apache/thrift/libthrift/0.12.0/libthrift-0.12.0.jar:/home/user/.m2/repository/com/squareup/okhttp3/okhttp/3.9.0/okhttp-3.9.0.jar:/home/user/.m2/repository/com/squareup/okio/okio/1.13.0/okio-1.13.0.jar:/home/user/.m2/repository/io/jaegertracing/jaeger-core/0.34.0/jaeger-core-0.34.0.jar:/home/user/.m2/repository/io/jaegertracing/jaeger-tracerresolver/0.34.0/jaeger-tracerresolver-0.34.0.jar:/home/user/.m2/repository/io/opentracing/contrib/opentracing-tracerresolver/0.1.5/opentracing-tracerresolver-0.1.5.jar:/home/user/.m2/repository/io/opentracing/opentracing-util/0.31.0/opentracing-util-0.31.0.jar:/home/user/.m2/repository/io/opentracing/opentracing-api/0.31.0/opentracing-api-0.31.0.jar:/home/user/.m2/repository/io/opentracing/opentracing-noop/0.31.0/opentracing-noop-0.31.0.jar:/home/user/.m2/repository/org/apache/hadoop/hadoop-hdds-server-framework/0.5.0-SNAPSHOT/hadoop-hdds-server-framework-0.5.0-SNAPSHOT.jar:/home/user/.m2/repository/org/apache/hadoop/hadoop-hdds-container-service/0.5.0-SNAPSHOT/hadoop-hdds-container-service-0.5.0-SNAPSHOT.jar:/home/user/.m2/repository/org/apache/hadoop/hadoop-hdds-client/0.5.0-SNAPSHOT/hadoop-hdds-client-0.5.0-SNAPSHOT.jar:/home/user/.m2/repository/org/apache/hadoop/hadoop-hdds-tools/0.5.0-SNAPSHOT/hadoop-hdds-tools-0.5.0-SNAPSHOT.jar:/home/user/.m2/repository/org/apache/hadoop/hadoop-hdds-server-scm/0.5.0-SNAPSHOT/hadoop-hdds-server-scm-0.5.0-SNAPSHOT.jar:/home/user/.m2/repository/org/apache/hadoop/hadoop-hdds-docs/0.5.0-SNAPSHOT/hadoop-hdds-docs-0.5.0-SNAPSHOT.jar:/home/user/.m2/repository/io/dropwizard/metrics/metrics-core/3.2.4/metrics-core-3.2.4.jar:/home/user/.m2/repository/org/hamcrest/hamcrest-all/1.3/hamcrest-all-1.3.jar:/home/user/.m2/repository/org/bouncycastle/bcprov-jdk15on/1.60/bcprov-jdk15on-1.60.jar:/home/user/.m2/repository/info/picocli/picocli/3.9.6/picocli-3.9.6.jar:/home/user/.m2/repository/com/google/protobuf/protobuf-java/2.5.0/protobuf-java-2.5.0.jar:/home/user/.m2/repository/com/google/guava/guava/11.0.2/guava-11.0.2.jar:/home/user/.m2/repository/org/apache/hadoop/hadoop-ozone-ozone-manager/0.5.0-SNAPSHOT/hadoop-ozone-ozone-manager-0.5.0-SNAPSHOT.jar:/home/user/.m2/repository/org/apache/hadoop/hadoop-minikdc/3.2.0/hadoop-minikdc-3.2.0.jar:/home/user/.m2/repository/commons-io/commons-io/2.5/commons-io-2.5.jar:/home/user/.m2/repository/org/apache/kerby/kerb-simplekdc/1.0.1/kerb-simplekdc-1.0.1.jar:/home/user/.m2/repository/org/apache/kerby/kerb-client/1.0.1/kerb-client-1.0.1.jar:/home/user/.m2/repository/org/apache/kerby/kerby-config/1.0.1/kerby-config-1.0.1.jar:/home/user/.m2/repository/org/apache/kerby/kerb-core/1.0.1/kerb-core-1.0.1.jar:/home/user/.m2/repository/org/apache/kerby/kerby-pkix/1.0.1/kerby-pkix-1.0.1.jar:/home/user/.m2/repository/org/apache/kerby/kerby-asn1/1.0.1/kerby-asn1-1.0.1.jar:/home/user/.m2/repository/org/apache/kerby/kerby-util/1.0.1/kerby-util-1.0.1.jar:/home/user/.m2/repository/org/apache/kerby/kerb-common/1.0.1/kerb-common-1.0.1.jar:/home/user/.m2/repository/org/apache/kerby/kerb-crypto/1.0.1/kerb-crypto-1.0.1.jar:/home/user/.m2/repository/org/apache/kerby/kerb-util/1.0.1/kerb-util-1.0.1.jar:/home/user/.m2/repository/org/apache/kerby/token-provider/1.0.1/token-provider-1.0.1.jar:/home/user/.m2/repository/org/apache/kerby/kerb-admin/1.0.1/kerb-admin-1.0.1.jar:/home/user/.m2/repository/org/apache/kerby/kerb-server/1.0.1/kerb-server-1.0.1.jar:/home/user/.m2/repository/org/apache/kerby/kerb-identity/1.0.1/kerb-identity-1.0.1.jar:/home/user/.m2/repository/org/apache/kerby/kerby-xdr/1.0.1/kerby-xdr-1.0.1.jar:/home/user/.m2/repository/org/slf4j/slf4j-log4j12/1.7.25/slf4j-log4j12-1.7.25.jar:/home/user/.m2/repository/org/apache/hadoop/hadoop-ozone-s3gateway/0.5.0-SNAPSHOT/hadoop-ozone-s3gateway-0.5.0-SNAPSHOT.jar:/home/user/.m2/repository/org/jboss/weld/servlet/weld-servlet/2.4.7.Final/weld-servlet-2.4.7.Final.jar:/home/user/.m2/repository/org/glassfish/jersey/containers/jersey-container-servlet-core/2.27/jersey-container-servlet-core-2.27.jar:/home/user/.m2/repository/org/glassfish/hk2/external/javax.inject/2.5.0-b42/javax.inject-2.5.0-b42.jar:/home/user/.m2/repository/org/glassfish/jersey/core/jersey-common/2.27/jersey-common-2.27.jar:/home/user/.m2/repository/org/glassfish/hk2/osgi-resource-locator/1.0.1/osgi-resource-locator-1.0.1.jar:/home/user/.m2/repository/javax/ws/rs/javax.ws.rs-api/2.1/javax.ws.rs-api-2.1.jar:/home/user/.m2/repository/org/glassfish/jersey/ext/cdi/jersey-cdi1x/2.27/jersey-cdi1x-2.27.jar:/home/user/.m2/repository/org/glassfish/jersey/inject/jersey-hk2/2.27/jersey-hk2-2.27.jar:/home/user/.m2/repository/org/glassfish/hk2/hk2-locator/2.5.0-b42/hk2-locator-2.5.0-b42.jar:/home/user/.m2/repository/org/javassist/javassist/3.22.0-CR2/javassist-3.22.0-CR2.jar:/home/user/.m2/repository/org/glassfish/hk2/hk2-api/2.5.0/hk2-api-2.5.0.jar:/home/user/.m2/repository/org/glassfish/hk2/external/jakarta.inject/2.5.0/jakarta.inject-2.5.0.jar:/home/user/.m2/repository/org/glassfish/hk2/hk2-utils/2.5.0/hk2-utils-2.5.0.jar:/home/user/.m2/repository/jakarta/annotation/jakarta.annotation-api/1.3.4/jakarta.annotation-api-1.3.4.jar:/home/user/.m2/repository/org/glassfish/hk2/external/aopalliance-repackaged/2.5.0/aopalliance-repackaged-2.5.0.jar:/home/user/.m2/repository/com/fasterxml/jackson/dataformat/jackson-dataformat-xml/2.9.0/jackson-dataformat-xml-2.9.0.jar:/home/user/.m2/repository/com/fasterxml/jackson/core/jackson-core/2.9.9/jackson-core-2.9.9.jar:/home/user/.m2/repository/com/fasterxml/jackson/module/jackson-module-jaxb-annotations/2.9.9/jackson-module-jaxb-annotations-2.9.9.jar:/home/user/.m2/repository/javax/enterprise/cdi-api/1.2/cdi-api-1.2.jar:/home/user/.m2/repository/javax/el/javax.el-api/3.0.0/javax.el-api-3.0.0.jar:/home/user/.m2/repository/javax/interceptor/javax.interceptor-api/1.2/javax.interceptor-api-1.2.jar:/home/user/.m2/repository/javax/inject/javax.inject/1/javax.inject-1.jar:/home/user/.m2/repository/com/sun/xml/bind/jaxb-impl/2.3.0.1/jaxb-impl-2.3.0.1.jar:/home/user/.m2/repository/com/sun/xml/bind/jaxb-core/2.3.0.1/jaxb-core-2.3.0.1.jar:/home/user/.m2/repository/javax/xml/bind/jaxb-api/2.3.0/jaxb-api-2.3.0.jar:/home/user/.m2/repository/javax/activation/activation/1.1.1/activation-1.1.1.jar:/home/user/.m2/repository/org/apache/hadoop/hadoop-ozone-csi/0.5.0-SNAPSHOT/hadoop-ozone-csi-0.5.0-SNAPSHOT.jar:/home/user/.m2/repository/com/google/protobuf/protobuf-java-util/3.5.1/protobuf-java-util-3.5.1.jar:/home/user/.m2/repository/org/apache/hadoop/hadoop-hdds-config/0.5.0-SNAPSHOT/hadoop-hdds-config-0.5.0-SNAPSHOT.jar:/home/user/.m2/repository/io/grpc/grpc-netty/1.17.1/grpc-netty-1.17.1.jar:/home/user/.m2/repository/io/grpc/grpc-core/1.17.1/grpc-core-1.17.1.jar:/home/user/.m2/repository/io/grpc/grpc-context/1.17.1/grpc-context-1.17.1.jar:/home/user/.m2/repository/com/google/errorprone/error_prone_annotations/2.2.0/error_prone_annotations-2.2.0.jar:/home/user/.m2/repository/org/codehaus/mojo/animal-sniffer-annotations/1.17/animal-sniffer-annotations-1.17.jar:/home/user/.m2/repository/io/opencensus/opencensus-api/0.17.0/opencensus-api-0.17.0.jar:/home/user/.m2/repository/io/opencensus/opencensus-contrib-grpc-metrics/0.17.0/opencensus-contrib-grpc-metrics-0.17.0.jar:/home/user/.m2/repository/io/netty/netty-codec-http2/4.1.30.Final/netty-codec-http2-4.1.30.Final.jar:/home/user/.m2/repository/io/netty/netty-codec-http/4.1.30.Final/netty-codec-http-4.1.30.Final.jar:/home/user/.m2/repository/io/netty/netty-codec/4.1.30.Final/netty-codec-4.1.30.Final.jar:/home/user/.m2/repository/io/netty/netty-handler/4.1.30.Final/netty-handler-4.1.30.Final.jar:/home/user/.m2/repository/io/netty/netty-handler-proxy/4.1.30.Final/netty-handler-proxy-4.1.30.Final.jar:/home/user/.m2/repository/io/netty/netty-codec-socks/4.1.30.Final/netty-codec-socks-4.1.30.Final.jar:/home/user/.m2/repository/io/netty/netty-transport-native-epoll/4.1.30.Final/netty-transport-native-epoll-4.1.30.Final.jar:/home/user/.m2/repository/io/netty/netty-common/4.1.30.Final/netty-common-4.1.30.Final.jar:/home/user/.m2/repository/io/netty/netty-buffer/4.1.30.Final/netty-buffer-4.1.30.Final.jar:/home/user/.m2/repository/io/netty/netty-transport/4.1.30.Final/netty-transport-4.1.30.Final.jar:/home/user/.m2/repository/io/netty/netty-resolver/4.1.30.Final/netty-resolver-4.1.30.Final.jar:/home/user/.m2/repository/io/netty/netty-transport-native-unix-common/4.1.30.Final/netty-transport-native-unix-common-4.1.30.Final.jar:/home/user/.m2/repository/io/grpc/grpc-protobuf/1.17.1/grpc-protobuf-1.17.1.jar:/home/user/.m2/repository/com/google/api/grpc/proto-google-common-protos/1.0.0/proto-google-common-protos-1.0.0.jar:/home/user/.m2/repository/io/grpc/grpc-protobuf-lite/1.17.1/grpc-protobuf-lite-1.17.1.jar:/home/user/.m2/repository/io/grpc/grpc-stub/1.17.1/grpc-stub-1.17.1.jar:/home/user/.m2/repository/org/apache/hadoop/hadoop-ozone-recon/0.5.0-SNAPSHOT/hadoop-ozone-recon-0.5.0-SNAPSHOT.jar:/home/user/.m2/repository/org/apache/hadoop/hadoop-ozone-reconcodegen/0.5.0-SNAPSHOT/hadoop-ozone-reconcodegen-0.5.0-SNAPSHOT.jar:/home/user/.m2/repository/com/google/inject/extensions/guice-multibindings/4.0/guice-multibindings-4.0.jar:/home/user/.m2/repository/com/google/inject/guice/4.0/guice-4.0.jar:/home/user/.m2/repository/aopalliance/aopalliance/1.0/aopalliance-1.0.jar:/home/user/.m2/repository/com/google/inject/extensions/guice-servlet/4.0/guice-servlet-4.0.jar:/home/user/.m2/repository/org/glassfish/jersey/containers/jersey-container-servlet/2.27/jersey-container-servlet-2.27.jar:/home/user/.m2/repository/org/glassfish/hk2/guice-bridge/2.5.0/guice-bridge-2.5.0.jar:/home/user/.m2/repository/org/glassfish/jersey/core/jersey-server/2.27/jersey-server-2.27.jar:/home/user/.m2/repository/org/glassfish/jersey/core/jersey-client/2.27/jersey-client-2.27.jar:/home/user/.m2/repository/org/glassfish/jersey/media/jersey-media-jaxb/2.27/jersey-media-jaxb-2.27.jar:/home/user/.m2/repository/javax/validation/validation-api/1.1.0.Final/validation-api-1.1.0.Final.jar:/home/user/.m2/repository/org/glassfish/jersey/media/jersey-media-json-jackson/2.27/jersey-media-json-jackson-2.27.jar:/home/user/.m2/repository/org/glassfish/jersey/ext/jersey-entity-filtering/2.27/jersey-entity-filtering-2.27.jar:/home/user/.m2/repository/com/google/inject/extensions/guice-assistedinject/4.0/guice-assistedinject-4.0.jar:/home/user/.m2/repository/org/jooq/jooq/3.11.10/jooq-3.11.10.jar:/home/user/.m2/repository/org/jooq/jooq-meta/3.11.10/jooq-meta-3.11.10.jar:/home/user/.m2/repository/org/jooq/jooq-codegen/3.11.10/jooq-codegen-3.11.10.jar:/home/user/.m2/repository/com/jolbox/bonecp/0.8.0.RELEASE/bonecp-0.8.0.RELEASE.jar:/home/user/.m2/repository/org/xerial/sqlite-jdbc/3.25.2/sqlite-jdbc-3.25.2.jar:/home/user/.m2/repository/org/springframework/spring-jdbc/5.1.3.RELEASE/spring-jdbc-5.1.3.RELEASE.jar:/home/user/.m2/repository/org/springframework/spring-beans/5.1.3.RELEASE/spring-beans-5.1.3.RELEASE.jar:/home/user/.m2/repository/org/springframework/spring-core/5.1.3.RELEASE/spring-core-5.1.3.RELEASE.jar:/home/user/.m2/repository/org/springframework/spring-jcl/5.1.3.RELEASE/spring-jcl-5.1.3.RELEASE.jar:/home/user/.m2/repository/org/springframework/spring-tx/5.1.3.RELEASE/spring-tx-5.1.3.RELEASE.jar:/home/user/.m2/repository/org/apache/hadoop/hadoop-ozone-client/0.5.0-SNAPSHOT/hadoop-ozone-client-0.5.0-SNAPSHOT.jar:/home/user/.m2/repository/commons-lang/commons-lang/2.6/commons-lang-2.6.jar:/home/user/.m2/repository/org/apache/hadoop/hadoop-ozone-ozone-manager/0.5.0-SNAPSHOT/hadoop-ozone-ozone-manager-0.5.0-SNAPSHOT-tests.jar:/home/user/.m2/repository/junit/junit/4.11/junit-4.11.jar:/home/user/.m2/repository/org/hamcrest/hamcrest-core/1.3/hamcrest-core-1.3.jar:/home/user/.m2/repository/org/openjdk/jmh/jmh-core/1.19/jmh-core-1.19.jar:/home/user/.m2/repository/net/sf/jopt-simple/jopt-simple/4.6/jopt-simple-4.6.jar:/home/user/.m2/repository/org/apache/commons/commons-math3/3.1.1/commons-math3-3.1.1.jar:/home/user/.m2/repository/org/openjdk/jmh/jmh-generator-annprocess/1.19/jmh-generator-annprocess-1.19.jar:/home/user/.m2/repository/org/mockito/mockito-all/1.8.5/mockito-all-1.8.5.jar:/home/user/.m2/repository/org/apache/hadoop/hadoop-kms/3.2.0/hadoop-kms-3.2.0.jar:/home/user/.m2/repository/org/apache/hadoop/hadoop-auth/3.2.0/hadoop-auth-3.2.0.jar:/home/user/.m2/repository/com/nimbusds/nimbus-jose-jwt/4.41.1/nimbus-jose-jwt-4.41.1.jar:/home/user/.m2/repository/com/github/stephenc/jcip/jcip-annotations/1.0-1/jcip-annotations-1.0-1.jar:/home/user/.m2/repository/net/minidev/json-smart/2.3/json-smart-2.3.jar:/home/user/.m2/repository/net/minidev/accessors-smart/1.2/accessors-smart-1.2.jar:/home/user/.m2/repository/org/ow2/asm/asm/5.0.4/asm-5.0.4.jar:/home/user/.m2/repository/org/apache/curator/curator-framework/2.12.0/curator-framework-2.12.0.jar:/home/user/.m2/repository/com/sun/jersey/jersey-core/1.19/jersey-core-1.19.jar:/home/user/.m2/repository/javax/ws/rs/jsr311-api/1.1.1/jsr311-api-1.1.1.jar:/home/user/.m2/repository/com/sun/jersey/jersey-server/1.19/jersey-server-1.19.jar:/home/user/.m2/repository/javax/servlet/javax.servlet-api/3.1.0/javax.servlet-api-3.1.0.jar:/home/user/.m2/repository/org/eclipse/jetty/jetty-server/9.3.25.v20180904/jetty-server-9.3.25.v20180904.jar:/home/user/.m2/repository/org/eclipse/jetty/jetty-http/9.3.25.v20180904/jetty-http-9.3.25.v20180904.jar:/home/user/.m2/repository/org/eclipse/jetty/jetty-io/9.3.25.v20180904/jetty-io-9.3.25.v20180904.jar:/home/user/.m2/repository/org/eclipse/jetty/jetty-webapp/9.3.25.v20180904/jetty-webapp-9.3.25.v20180904.jar:/home/user/.m2/repository/org/eclipse/jetty/jetty-xml/9.3.25.v20180904/jetty-xml-9.3.25.v20180904.jar:/home/user/.m2/repository/log4j/log4j/1.2.17/log4j-1.2.17.jar:/home/user/.m2/repository/org/slf4j/slf4j-api/1.7.25/slf4j-api-1.7.25.jar:/home/user/.m2/repository/org/slf4j/jul-to-slf4j/1.7.25/jul-to-slf4j-1.7.25.jar:/home/user/.m2/repository/org/eclipse/jetty/jetty-util/9.3.25.v20180904/jetty-util-9.3.25.v20180904.jar:/home/user/.m2/repository/com/fasterxml/jackson/core/jackson-databind/2.9.9/jackson-databind-2.9.9.jar:/home/user/.m2/repository/org/apache/hadoop/hadoop-kms/3.2.0/hadoop-kms-3.2.0-tests.jar:/home/user/.m2/repository/org/apache/hadoop/hadoop-hdds-server-scm/0.5.0-SNAPSHOT/hadoop-hdds-server-scm-0.5.0-SNAPSHOT-tests.jar:/home/user/.m2/repository/org/apache/hadoop/hadoop-hdds-container-service/0.5.0-SNAPSHOT/hadoop-hdds-container-service-0.5.0-SNAPSHOT-tests.jar:/home/user/.m2/repository/org/yaml/snakeyaml/1.16/snakeyaml-1.16.jar:/home/user/.m2/repository/org/apache/hadoop/hadoop-common/3.2.0/hadoop-common-3.2.0-tests.jar:/home/user/.m2/repository/org/apache/hadoop/hadoop-annotations/3.2.0/hadoop-annotations-3.2.0.jar:/usr/lib/jvm/java-1.8-openjdk/jre/../lib/tools.jar:/home/user/.m2/repository/commons-cli/commons-cli/1.2/commons-cli-1.2.jar:/home/user/.m2/repository/org/apache/httpcomponents/httpclient/4.5.2/httpclient-4.5.2.jar:/home/user/.m2/repository/org/apache/httpcomponents/httpcore/4.4.4/httpcore-4.4.4.jar:/home/user/.m2/repository/commons-codec/commons-codec/1.11/commons-codec-1.11.jar:/home/user/.m2/repository/commons-net/commons-net/3.6/commons-net-3.6.jar:/home/user/.m2/repository/commons-collections/commons-collections/3.2.2/commons-collections-3.2.2.jar:/home/user/.m2/repository/org/eclipse/jetty/jetty-servlet/9.3.25.v20180904/jetty-servlet-9.3.25.v20180904.jar:/home/user/.m2/repository/org/eclipse/jetty/jetty-security/9.3.25.v20180904/jetty-security-9.3.25.v20180904.jar:/home/user/.m2/repository/javax/servlet/jsp/jsp-api/2.1/jsp-api-2.1.jar:/home/user/.m2/repository/com/sun/jersey/jersey-servlet/1.19/jersey-servlet-1.19.jar:/home/user/.m2/repository/com/sun/jersey/jersey-json/1.19/jersey-json-1.19.jar:/home/user/.m2/repository/org/codehaus/jettison/jettison/1.1/jettison-1.1.jar:/home/user/.m2/repository/org/codehaus/jackson/jackson-core-asl/1.9.13/jackson-core-asl-1.9.13.jar:/home/user/.m2/repository/org/codehaus/jackson/jackson-mapper-asl/1.9.13/jackson-mapper-asl-1.9.13.jar:/home/user/.m2/repository/org/codehaus/jackson/jackson-jaxrs/1.9.13/jackson-jaxrs-1.9.13.jar:/home/user/.m2/repository/org/codehaus/jackson/jackson-xc/1.9.13/jackson-xc-1.9.13.jar:/home/user/.m2/repository/commons-logging/commons-logging/1.1.3/commons-logging-1.1.3.jar:/home/user/.m2/repository/commons-beanutils/commons-beanutils/1.9.4/commons-beanutils-1.9.4.jar:/home/user/.m2/repository/org/apache/commons/commons-configuration2/2.1.1/commons-configuration2-2.1.1.jar:/home/user/.m2/repository/org/apache/commons/commons-lang3/3.7/commons-lang3-3.7.jar:/home/user/.m2/repository/org/apache/commons/commons-text/1.4/commons-text-1.4.jar:/home/user/.m2/repository/org/apache/avro/avro/1.7.7/avro-1.7.7.jar:/home/user/.m2/repository/com/thoughtworks/paranamer/paranamer/2.3/paranamer-2.3.jar:/home/user/.m2/repository/org/xerial/snappy/snappy-java/1.0.5/snappy-java-1.0.5.jar:/home/user/.m2/repository/com/google/re2j/re2j/1.1/re2j-1.1.jar:/home/user/.m2/repository/com/google/code/gson/gson/2.2.4/gson-2.2.4.jar:/home/user/.m2/repository/com/jcraft/jsch/0.1.54/jsch-0.1.54.jar:/home/user/.m2/repository/org/apache/curator/curator-client/2.12.0/curator-client-2.12.0.jar:/home/user/.m2/repository/org/apache/curator/curator-recipes/2.12.0/curator-recipes-2.12.0.jar:/home/user/.m2/repository/com/google/code/findbugs/jsr305/3.0.0/jsr305-3.0.0.jar:/home/user/.m2/repository/org/apache/htrace/htrace-core4/4.1.0-incubating/htrace-core4-4.1.0-incubating.jar:/home/user/.m2/repository/org/apache/zookeeper/zookeeper/3.4.13/zookeeper-3.4.13.jar:/home/user/.m2/repository/jline/jline/0.9.94/jline-0.9.94.jar:/home/user/.m2/repository/org/apache/yetus/audience-annotations/0.5.0/audience-annotations-0.5.0.jar:/home/user/.m2/repository/org/codehaus/woodstox/stax2-api/3.1.4/stax2-api-3.1.4.jar:/home/user/.m2/repository/com/fasterxml/woodstox/woodstox-core/5.0.3/woodstox-core-5.0.3.jar:/home/user/.m2/repository/dnsjava/dnsjava/2.1.7/dnsjava-2.1.7.jar:/home/user/.m2/repository/org/apache/hadoop/hadoop-hdfs/3.2.0/hadoop-hdfs-3.2.0-tests.jar:/home/user/.m2/repository/org/eclipse/jetty/jetty-util-ajax/9.3.25.v20180904/jetty-util-ajax-9.3.25.v20180904.jar:/home/user/.m2/repository/commons-daemon/commons-daemon/1.0.13/commons-daemon-1.0.13.jar:/home/user/.m2/repository/io/netty/netty/3.10.5.Final/netty-3.10.5.Final.jar:/home/user/.m2/repository/io/netty/netty-all/4.0.52.Final/netty-all-4.0.52.Final.jar:/home/user/.m2/repository/org/fusesource/leveldbjni/leveldbjni-all/1.8/leveldbjni-all-1.8.jar:"/>
    <property name="sun.cpu.endian" value="little"/>
    <property name="user.home" value="/home/user"/>
    <property name="user.language" value="en"/>
    <property name="java.specification.vendor" value="Oracle Corporation"/>
    <property name="java.home" value="/usr/lib/jvm/java-1.8-openjdk/jre"/>
    <property name="java.security.krb5.conf" value="/workdir/hadoop-ozone/integration-test/target/test-classes/krb5.conf"/>
    <property name="basedir" value="/workdir/hadoop-ozone/integration-test"/>
    <property name="file.separator" value="/"/>
    <property name="line.separator" value="&#10;"/>
    <property name="java.vm.specification.vendor" value="Oracle Corporation"/>
    <property name="java.specification.name" value="Java Platform API Specification"/>
    <property name="java.awt.graphicsenv" value="sun.awt.X11GraphicsEnvironment"/>
    <property name="surefire.real.class.path" value="/workdir/hadoop-ozone/integration-test/target/surefire/surefirebooter4978661924188858100.jar"/>
    <property name="hadoop.log.dir" value="/workdir/hadoop-ozone/integration-test/target/log"/>
    <property name="sun.boot.class.path" value="/usr/lib/jvm/java-1.8-openjdk/jre/lib/resources.jar:/usr/lib/jvm/java-1.8-openjdk/jre/lib/rt.jar:/usr/lib/jvm/java-1.8-openjdk/jre/lib/sunrsasign.jar:/usr/lib/jvm/java-1.8-openjdk/jre/lib/jsse.jar:/usr/lib/jvm/java-1.8-openjdk/jre/lib/jce.jar:/usr/lib/jvm/java-1.8-openjdk/jre/lib/charsets.jar:/usr/lib/jvm/java-1.8-openjdk/jre/lib/jfr.jar:/usr/lib/jvm/java-1.8-openjdk/jre/classes"/>
    <property name="sun.management.compiler" value="HotSpot 64-Bit Tiered Compilers"/>
    <property name="java.runtime.version" value="1.8.0_212-b04"/>
    <property name="java.net.preferIPv4Stack" value="true"/>
    <property name="user.name" value="jenkins1000"/>
    <property name="path.separator" value=":"/>
    <property name="java.security.egd" value="file:///dev/urandom"/>
    <property name="os.version" value="3.10.0-957.12.2.el7.x86_64"/>
    <property name="java.endorsed.dirs" value="/usr/lib/jvm/java-1.8-openjdk/jre/lib/endorsed"/>
    <property name="java.runtime.name" value="OpenJDK Runtime Environment"/>
    <property name="file.encoding" value="UTF-8"/>
    <property name="java.vm.name" value="OpenJDK 64-Bit Server VM"/>
    <property name="test.build.webapps" value=""/>
    <property name="localRepository" value="/home/user/.m2/repository"/>
    <property name="java.vendor.url.bug" value="https://icedtea.classpath.org/bugzilla"/>
    <property name="java.io.tmpdir" value="/tmp"/>
    <property name="require.test.libhadoop" value=""/>
    <property name="java.version" value="1.8.0_212"/>
    <property name="user.dir" value="/workdir/hadoop-ozone/integration-test"/>
    <property name="os.arch" value="amd64"/>
    <property name="java.vm.specification.name" value="Java Virtual Machine Specification"/>
    <property name="test.build.classes" value="/workdir/hadoop-ozone/integration-test/target/test-classes"/>
    <property name="java.awt.printerjob" value="sun.print.PSPrinterJob"/>
    <property name="sun.os.patch.level" value="unknown"/>
    <property name="hadoop.tmp.dir" value="/workdir/hadoop-ozone/integration-test/target/tmp"/>
    <property name="java.library.path" value="/usr/lib/jvm/java-1.8-openjdk/jre/lib/amd64/server:/usr/lib/jvm/java-1.8-openjdk/jre/lib/amd64:/usr/lib/jvm/java-1.8-openjdk/jre/../lib/amd64:/workdir/hadoop-ozone/integration-test/target/native/target/usr/local/lib:/workdir/hadoop-ozone/integration-test/../../hadoop-common-project/hadoop-common/target/native/target/usr/local/lib:/usr/java/packages/lib/amd64:/usr/lib64:/lib64:/lib:/usr/lib"/>
    <property name="java.vm.info" value="mixed mode"/>
    <property name="java.vendor" value="IcedTea"/>
    <property name="java.vm.version" value="25.212-b04"/>
    <property name="java.ext.dirs" value="/usr/lib/jvm/java-1.8-openjdk/jre/lib/ext:/usr/java/packages/lib/ext"/>
    <property name="sun.io.unicode.encoding" value="UnicodeLittle"/>
    <property name="java.class.version" value="52.0"/>
  </properties>
  <testcase name="testGroupMismatchExceptionHandling" classname="org.apache.hadoop.ozone.client.rpc.TestOzoneClientRetriesOnException" time="43.18"/>
  <testcase name="testMaxRetriesByOzoneClient" classname="org.apache.hadoop.ozone.client.rpc.TestOzoneClientRetriesOnException" time="128.417">
    <error message="Failed to command cmdType: CreateContainer&#10;containerID: 1&#10;datanodeUuid: &quot;02e284fd-040a-4e6e-a977-f8bb7b31abf7&quot;&#10;createContainer {&#10;}&#10;" type="java.io.IOException">java.io.IOException: 
Failed to command cmdType: CreateContainer
containerID: 1
datanodeUuid: "02e284fd-040a-4e6e-a977-f8bb7b31abf7"
createContainer {
}

	at org.apache.hadoop.hdds.scm.XceiverClientSpi.sendCommand(XceiverClientSpi.java:113)
	at org.apache.hadoop.ozone.client.rpc.TestOzoneClientRetriesOnException.testMaxRetriesByOzoneClient(TestOzoneClientRetriesOnException.java:190)
	at sun.reflect.NativeMethodAccessorImpl.invoke0(Native Method)
	at sun.reflect.NativeMethodAccessorImpl.invoke(NativeMethodAccessorImpl.java:62)
	at sun.reflect.DelegatingMethodAccessorImpl.invoke(DelegatingMethodAccessorImpl.java:43)
	at java.lang.reflect.Method.invoke(Method.java:498)
	at org.junit.runners.model.FrameworkMethod$1.runReflectiveCall(FrameworkMethod.java:47)
	at org.junit.internal.runners.model.ReflectiveCallable.run(ReflectiveCallable.java:12)
	at org.junit.runners.model.FrameworkMethod.invokeExplosively(FrameworkMethod.java:44)
	at org.junit.internal.runners.statements.InvokeMethod.evaluate(InvokeMethod.java:17)
	at org.junit.internal.runners.statements.RunBefores.evaluate(RunBefores.java:26)
	at org.junit.internal.runners.statements.RunAfters.evaluate(RunAfters.java:27)
	at org.junit.runners.ParentRunner.runLeaf(ParentRunner.java:271)
	at org.junit.runners.BlockJUnit4ClassRunner.runChild(BlockJUnit4ClassRunner.java:70)
	at org.junit.runners.BlockJUnit4ClassRunner.runChild(BlockJUnit4ClassRunner.java:50)
	at org.junit.runners.ParentRunner$3.run(ParentRunner.java:238)
	at org.junit.runners.ParentRunner$1.schedule(ParentRunner.java:63)
	at org.junit.runners.ParentRunner.runChildren(ParentRunner.java:236)
	at org.junit.runners.ParentRunner.access$000(ParentRunner.java:53)
	at org.junit.runners.ParentRunner$2.evaluate(ParentRunner.java:229)
	at org.junit.runners.ParentRunner.run(ParentRunner.java:309)
	at org.apache.maven.surefire.junit4.JUnit4Provider.execute(JUnit4Provider.java:365)
	at org.apache.maven.surefire.junit4.JUnit4Provider.executeWithRerun(JUnit4Provider.java:273)
	at org.apache.maven.surefire.junit4.JUnit4Provider.executeTestSet(JUnit4Provider.java:238)
	at org.apache.maven.surefire.junit4.JUnit4Provider.invoke(JUnit4Provider.java:159)
	at org.apache.maven.surefire.booter.ForkedBooter.invokeProviderInSameClassLoader(ForkedBooter.java:384)
	at org.apache.maven.surefire.booter.ForkedBooter.runSuitesInProcess(ForkedBooter.java:345)
	at org.apache.maven.surefire.booter.ForkedBooter.execute(ForkedBooter.java:126)
	at org.apache.maven.surefire.booter.ForkedBooter.main(ForkedBooter.java:418)
Caused by: java.util.concurrent.ExecutionException: org.apache.ratis.protocol.RaftRetryFailureException: Failed RaftClientRequest:client-0F784BB865F9->7240ac6f-0c5d-4826-acb2-f29a34e53932@group-734A4A51BB22, cid=45, seq=3*, RW, org.apache.hadoop.hdds.scm.XceiverClientRatis$$Lambda$340/1036606347@5fc49d9 for 180 attempts with RetryLimited(maxAttempts=180, sleepTime=1000ms)
	at java.util.concurrent.CompletableFuture.reportGet(CompletableFuture.java:357)
	at java.util.concurrent.CompletableFuture.get(CompletableFuture.java:1895)
	at org.apache.hadoop.hdds.scm.XceiverClientSpi.sendCommand(XceiverClientSpi.java:110)
	... 28 more
Caused by: org.apache.ratis.protocol.RaftRetryFailureException: Failed RaftClientRequest:client-0F784BB865F9->7240ac6f-0c5d-4826-acb2-f29a34e53932@group-734A4A51BB22, cid=45, seq=3*, RW, org.apache.hadoop.hdds.scm.XceiverClientRatis$$Lambda$340/1036606347@5fc49d9 for 180 attempts with RetryLimited(maxAttempts=180, sleepTime=1000ms)
	at org.apache.ratis.client.impl.RaftClientImpl.noMoreRetries(RaftClientImpl.java:271)
	at org.apache.ratis.client.impl.OrderedAsync.handleAsyncRetryFailure(OrderedAsync.java:138)
	at org.apache.ratis.client.impl.OrderedAsync.lambda$sendRequest$10(OrderedAsync.java:230)
	at java.util.concurrent.CompletableFuture.uniExceptionally(CompletableFuture.java:870)
	at java.util.concurrent.CompletableFuture$UniExceptionally.tryFire(CompletableFuture.java:852)
	at java.util.concurrent.CompletableFuture.postComplete(CompletableFuture.java:474)
	at java.util.concurrent.CompletableFuture.completeExceptionally(CompletableFuture.java:1977)
	at org.apache.ratis.grpc.client.GrpcClientProtocolClient$AsyncStreamObservers.completeReplyExceptionally(GrpcClientProtocolClient.java:339)
	at org.apache.ratis.grpc.client.GrpcClientProtocolClient$AsyncStreamObservers.access$000(GrpcClientProtocolClient.java:255)
	at org.apache.ratis.grpc.client.GrpcClientProtocolClient$AsyncStreamObservers$1.onNext(GrpcClientProtocolClient.java:267)
	at org.apache.ratis.grpc.client.GrpcClientProtocolClient$AsyncStreamObservers$1.onNext(GrpcClientProtocolClient.java:258)
	at org.apache.ratis.thirdparty.io.grpc.stub.ClientCalls$StreamObserverToCallListenerAdapter.onMessage(ClientCalls.java:421)
	at org.apache.ratis.thirdparty.io.grpc.ForwardingClientCallListener.onMessage(ForwardingClientCallListener.java:33)
	at org.apache.ratis.thirdparty.io.grpc.ForwardingClientCallListener.onMessage(ForwardingClientCallListener.java:33)
	at org.apache.ratis.thirdparty.io.grpc.internal.ClientCallImpl$ClientStreamListenerImpl$1MessagesAvailable.runInContext(ClientCallImpl.java:519)
	at org.apache.ratis.thirdparty.io.grpc.internal.ContextRunnable.run(ContextRunnable.java:37)
	at org.apache.ratis.thirdparty.io.grpc.internal.SerializingExecutor.run(SerializingExecutor.java:123)
	at java.util.concurrent.ThreadPoolExecutor.runWorker(ThreadPoolExecutor.java:1149)
	at java.util.concurrent.ThreadPoolExecutor$Worker.run(ThreadPoolExecutor.java:624)
	at java.lang.Thread.run(Thread.java:748)
Caused by: org.apache.ratis.protocol.NotLeaderException: Server 7240ac6f-0c5d-4826-acb2-f29a34e53932@group-734A4A51BB22 is not the leader b2c9ba6a-9bd8-402b-8c7d-73b100db3170:192.168.151.69:42652
	at org.apache.ratis.client.impl.ClientProtoUtils.toRaftClientReply(ClientProtoUtils.java:243)
	at org.apache.ratis.grpc.client.GrpcClientProtocolClient$AsyncStreamObservers$1.onNext(GrpcClientProtocolClient.java:263)
	... 10 more
</error>
    <system-out><![CDATA[2019-10-01 21:20:15,100 [main] WARN  server.ServerUtils (ServerUtils.java:getScmDbDir(145)) - ozone.scm.db.dirs is not configured. We recommend adding this setting. Falling back to ozone.metadata.dirs instead.
2019-10-01 21:20:15,116 [main] WARN  server.ServerUtils (ServerUtils.java:getScmDbDir(145)) - ozone.scm.db.dirs is not configured. We recommend adding this setting. Falling back to ozone.metadata.dirs instead.
2019-10-01 21:20:15,116 [main] WARN  server.ServerUtils (ServerUtils.java:getScmDbDir(145)) - ozone.scm.db.dirs is not configured. We recommend adding this setting. Falling back to ozone.metadata.dirs instead.
2019-10-01 21:20:15,117 [main] INFO  db.DBStoreBuilder (DBStoreBuilder.java:addTable(110)) - using custom profile for table: deletedBlocks
2019-10-01 21:20:15,117 [main] INFO  db.DBStoreBuilder (DBStoreBuilder.java:processTables(161)) - Using default column profile:DBProfile.DISK for Table:deletedBlocks
2019-10-01 21:20:15,118 [main] INFO  db.DBStoreBuilder (DBStoreBuilder.java:addTable(110)) - using custom profile for table: validCerts
2019-10-01 21:20:15,118 [main] INFO  db.DBStoreBuilder (DBStoreBuilder.java:processTables(161)) - Using default column profile:DBProfile.DISK for Table:validCerts
2019-10-01 21:20:15,118 [main] INFO  db.DBStoreBuilder (DBStoreBuilder.java:addTable(110)) - using custom profile for table: revokedCerts
2019-10-01 21:20:15,118 [main] INFO  db.DBStoreBuilder (DBStoreBuilder.java:processTables(161)) - Using default column profile:DBProfile.DISK for Table:revokedCerts
2019-10-01 21:20:15,119 [main] INFO  db.DBStoreBuilder (DBStoreBuilder.java:addTable(110)) - using custom profile for table: default
2019-10-01 21:20:15,119 [main] INFO  db.DBStoreBuilder (DBStoreBuilder.java:processTables(167)) - Using default column profile:DBProfile.DISK for Table:default
2019-10-01 21:20:15,119 [main] INFO  db.DBStoreBuilder (DBStoreBuilder.java:getDbProfile(198)) - Using default options. DBProfile.DISK
2019-10-01 21:20:15,278 [main] INFO  net.NodeSchemaLoader (NodeSchemaLoader.java:loadSchemaFromFile(125)) - Loading file from sun.misc.CompoundEnumeration@688a2c09
2019-10-01 21:20:15,278 [main] INFO  net.NodeSchemaLoader (NodeSchemaLoader.java:loadSchema(171)) - Loading network topology layer schema file
2019-10-01 21:20:15,284 [main] WARN  server.ServerUtils (ServerUtils.java:sanitizeUserArgs(70)) - ozone.scm.stale.node.interval value = 300000 is larger than max = 100000 based on the key value of ozone.scm.heartbeat.thread.interval, reset to the max value 100000.
2019-10-01 21:20:15,284 [main] WARN  server.ServerUtils (ServerUtils.java:sanitizeUserArgs(70)) - ozone.scm.stale.node.interval value = 300000 is larger than max = 100000 based on the key value of ozone.scm.heartbeat.thread.interval, reset to the max value 100000.
2019-10-01 21:20:15,284 [main] INFO  node.SCMNodeManager (SCMNodeManager.java:<init>(114)) - Entering startup safe mode.
2019-10-01 21:20:15,285 [main] INFO  algorithms.ContainerPlacementPolicyFactory (ContainerPlacementPolicyFactory.java:getPolicy(57)) - Create container placement policy of type org.apache.hadoop.hdds.scm.container.placement.algorithms.SCMContainerPlacementRandom
2019-10-01 21:20:15,286 [main] WARN  server.ServerUtils (ServerUtils.java:getScmDbDir(145)) - ozone.scm.db.dirs is not configured. We recommend adding this setting. Falling back to ozone.metadata.dirs instead.
2019-10-01 21:20:15,333 [main] INFO  pipeline.SCMPipelineManager (SCMPipelineManager.java:initializePipelineState(132)) - No pipeline exists in current db
2019-10-01 21:20:15,334 [main] WARN  server.ServerUtils (ServerUtils.java:getScmDbDir(145)) - ozone.scm.db.dirs is not configured. We recommend adding this setting. Falling back to ozone.metadata.dirs instead.
2019-10-01 21:20:15,385 [main] WARN  events.EventQueue (EventQueue.java:fireEvent(183)) - No event handler registered for event TypedEvent{payloadType=SafeModeStatus, name='SafeModeStatus'}
2019-10-01 21:20:15,386 [main] INFO  ipc.CallQueueManager (CallQueueManager.java:<init>(84)) - Using callQueue: class java.util.concurrent.LinkedBlockingQueue, queueCapacity: 2000, scheduler: class org.apache.hadoop.ipc.DefaultRpcScheduler, ipcBackoff: false.
2019-10-01 21:20:15,387 [Socket Reader #1 for port 34742] INFO  ipc.Server (Server.java:run(1074)) - Starting Socket Reader #1 for port 34742
2019-10-01 21:20:15,388 [main] INFO  ipc.CallQueueManager (CallQueueManager.java:<init>(84)) - Using callQueue: class java.util.concurrent.LinkedBlockingQueue, queueCapacity: 2000, scheduler: class org.apache.hadoop.ipc.DefaultRpcScheduler, ipcBackoff: false.
2019-10-01 21:20:15,389 [Socket Reader #1 for port 36590] INFO  ipc.Server (Server.java:run(1074)) - Starting Socket Reader #1 for port 36590
2019-10-01 21:20:15,390 [main] INFO  ipc.CallQueueManager (CallQueueManager.java:<init>(84)) - Using callQueue: class java.util.concurrent.LinkedBlockingQueue, queueCapacity: 2000, scheduler: class org.apache.hadoop.ipc.DefaultRpcScheduler, ipcBackoff: false.
2019-10-01 21:20:15,391 [Socket Reader #1 for port 40578] INFO  ipc.Server (Server.java:run(1074)) - Starting Socket Reader #1 for port 40578
2019-10-01 21:20:15,392 [main] INFO  hdfs.DFSUtil (DFSUtil.java:httpServerTemplateForNNAndJN(1641)) - Starting Web-server for scm at: http://0.0.0.0:0
2019-10-01 21:20:15,394 [main] INFO  server.AuthenticationFilter (AuthenticationFilter.java:constructSecretProvider(240)) - Unable to initialize FileSignerSecretProvider, falling back to use random secrets.
2019-10-01 21:20:15,395 [main] WARN  http.HttpRequestLog (HttpRequestLog.java:getRequestLog(97)) - Jetty request log can only be enabled using Log4j
2019-10-01 21:20:15,396 [main] INFO  http.HttpServer2 (HttpServer2.java:addGlobalFilter(975)) - Added global filter 'safety' (class=org.apache.hadoop.http.HttpServer2$QuotingInputFilter)
2019-10-01 21:20:15,397 [main] INFO  http.HttpServer2 (HttpServer2.java:addFilter(948)) - Added filter static_user_filter (class=org.apache.hadoop.http.lib.StaticUserWebFilter$StaticUserFilter) to context scm
2019-10-01 21:20:15,397 [main] INFO  http.HttpServer2 (HttpServer2.java:addFilter(958)) - Added filter static_user_filter (class=org.apache.hadoop.http.lib.StaticUserWebFilter$StaticUserFilter) to context logs
2019-10-01 21:20:15,397 [main] INFO  http.HttpServer2 (HttpServer2.java:addFilter(958)) - Added filter static_user_filter (class=org.apache.hadoop.http.lib.StaticUserWebFilter$StaticUserFilter) to context static
2019-10-01 21:20:15,399 [main] INFO  server.StorageContainerManager (StorageContainerManager.java:start(770)) - StorageContainerLocationProtocol RPC server is listening at /0.0.0.0:40578
2019-10-01 21:20:15,400 [main] WARN  impl.MetricsConfig (MetricsConfig.java:loadFirst(134)) - Cannot locate configuration: tried hadoop-metrics2-storagecontainermanager.properties,hadoop-metrics2.properties
2019-10-01 21:20:15,401 [main] INFO  impl.MetricsSystemImpl (MetricsSystemImpl.java:startTimer(374)) - Scheduled Metric snapshot period at 10 second(s).
2019-10-01 21:20:15,401 [main] INFO  impl.MetricsSystemImpl (MetricsSystemImpl.java:start(191)) - StorageContainerManager metrics system started
2019-10-01 21:20:15,432 [main] WARN  impl.MetricsSystemImpl (MetricsSystemImpl.java:register(276)) - Sink prometheus already exists!
2019-10-01 21:20:15,437 [main] INFO  server.SCMClientProtocolServer (SCMClientProtocolServer.java:start(151)) - RPC server for Client  is listening at /0.0.0.0:40578
2019-10-01 21:20:15,438 [IPC Server listener on 40578] INFO  ipc.Server (Server.java:run(1153)) - IPC Server listener on 40578: starting
2019-10-01 21:20:15,438 [IPC Server Responder] INFO  ipc.Server (Server.java:run(1314)) - IPC Server Responder: starting
2019-10-01 21:20:15,441 [main] INFO  server.StorageContainerManager (StorageContainerManager.java:start(780)) - ScmBlockLocationProtocol RPC server is listening at /0.0.0.0:36590
2019-10-01 21:20:15,441 [main] INFO  server.SCMBlockProtocolServer (SCMBlockProtocolServer.java:start(146)) - RPC server for Block Protocol is listening at /0.0.0.0:36590
2019-10-01 21:20:15,441 [IPC Server Responder] INFO  ipc.Server (Server.java:run(1314)) - IPC Server Responder: starting
2019-10-01 21:20:15,441 [IPC Server listener on 36590] INFO  ipc.Server (Server.java:run(1153)) - IPC Server listener on 36590: starting
2019-10-01 21:20:15,445 [main] INFO  server.StorageContainerManager (StorageContainerManager.java:start(784)) - ScmDatanodeProtocl RPC server is listening at /0.0.0.0:34742
2019-10-01 21:20:15,445 [main] INFO  server.SCMDatanodeProtocolServer (SCMDatanodeProtocolServer.java:start(191)) - RPC server for DataNodes is listening at /0.0.0.0:34742
2019-10-01 21:20:15,446 [IPC Server Responder] INFO  ipc.Server (Server.java:run(1314)) - IPC Server Responder: starting
2019-10-01 21:20:15,446 [IPC Server listener on 34742] INFO  ipc.Server (Server.java:run(1153)) - IPC Server listener on 34742: starting
2019-10-01 21:20:15,449 [main] INFO  http.HttpServer2 (HttpServer2.java:bindListener(1191)) - Jetty bound to port 44395
2019-10-01 21:20:15,450 [main] INFO  server.Server (Server.java:doStart(351)) - jetty-9.3.25.v20180904, build timestamp: 2018-09-04T21:11:46Z, git hash: 3ce520221d0240229c862b122d2b06c12a625732
2019-10-01 21:20:15,451 [main] INFO  handler.ContextHandler (ContextHandler.java:doStart(781)) - Started o.e.j.s.ServletContextHandler@60bb7995{/logs,file:///workdir/hadoop-ozone/integration-test/target/log,AVAILABLE}
2019-10-01 21:20:15,452 [main] INFO  handler.ContextHandler (ContextHandler.java:doStart(781)) - Started o.e.j.s.ServletContextHandler@67774e29{/static,file:///workdir/hadoop-ozone/integration-test/target/test-classes/webapps/static,AVAILABLE}
2019-10-01 21:20:15,456 [main] INFO  handler.ContextHandler (ContextHandler.java:doStart(781)) - Started o.e.j.w.WebAppContext@2d85fb64{/,file:///workdir/hadoop-ozone/integration-test/target/test-classes/webapps/scm/,AVAILABLE}{/scm}
2019-10-01 21:20:15,456 [main] INFO  server.AbstractConnector (AbstractConnector.java:doStart(278)) - Started ServerConnector@56476c16{HTTP/1.1,[http/1.1]}{0.0.0.0:44395}
2019-10-01 21:20:15,457 [main] INFO  server.Server (Server.java:doStart(419)) - Started @44142ms
2019-10-01 21:20:15,457 [main] WARN  impl.MetricsSystemImpl (MetricsSystemImpl.java:register(276)) - Sink prometheus already exists!
2019-10-01 21:20:15,458 [main] INFO  server.BaseHttpServer (BaseHttpServer.java:updateConnectorAddress(215)) - HTTP server of SCM is listening at http://0.0.0.0:44395
2019-10-01 21:20:15,460 [main] WARN  server.ServerUtils (ServerUtils.java:getDBPath(222)) - ozone.om.db.dirs is not configured. We recommend adding this setting. Falling back to ozone.metadata.dirs instead.
2019-10-01 21:20:15,460 [org.apache.hadoop.util.JvmPauseMonitor$Monitor@39ffda4a] INFO  util.JvmPauseMonitor (JvmPauseMonitor.java:run(188)) - Starting JVM pause monitor
2019-10-01 21:20:15,473 [main] WARN  server.ServerUtils (ServerUtils.java:getDBPath(222)) - ozone.om.db.dirs is not configured. We recommend adding this setting. Falling back to ozone.metadata.dirs instead.
2019-10-01 21:20:15,474 [main] WARN  server.ServerUtils (ServerUtils.java:getDBPath(222)) - ozone.om.db.dirs is not configured. We recommend adding this setting. Falling back to ozone.metadata.dirs instead.
2019-10-01 21:20:15,474 [main] INFO  om.OzoneManager (OzoneManager.java:setOMNodeDetails(652)) - OM Service ID is not set. Setting it to the default ID: omServiceIdDefault
2019-10-01 21:20:15,474 [main] INFO  om.OzoneManager (OzoneManager.java:setOMNodeDetails(658)) - OM Node ID is not set. Setting it to the OmStorage's OmID: b4366716-113d-4825-8d12-3b108a892208
2019-10-01 21:20:15,475 [main] INFO  om.OzoneManager (OzoneManager.java:loadOMHAConfigs(609)) - Found matching OM address with OMServiceId: null, OMNodeId: null, RPC Address: localhost:0 and Ratis port: 9872
2019-10-01 21:20:15,487 [main] WARN  server.ServerUtils (ServerUtils.java:getDBPath(222)) - ozone.om.db.dirs is not configured. We recommend adding this setting. Falling back to ozone.metadata.dirs instead.
2019-10-01 21:20:15,488 [main] INFO  db.DBStoreBuilder (DBStoreBuilder.java:addTable(110)) - using custom profile for table: userTable
2019-10-01 21:20:15,488 [main] INFO  db.DBStoreBuilder (DBStoreBuilder.java:processTables(161)) - Using default column profile:DBProfile.DISK for Table:userTable
2019-10-01 21:20:15,488 [main] INFO  db.DBStoreBuilder (DBStoreBuilder.java:addTable(110)) - using custom profile for table: volumeTable
2019-10-01 21:20:15,489 [main] INFO  db.DBStoreBuilder (DBStoreBuilder.java:processTables(161)) - Using default column profile:DBProfile.DISK for Table:volumeTable
2019-10-01 21:20:15,489 [main] INFO  db.DBStoreBuilder (DBStoreBuilder.java:addTable(110)) - using custom profile for table: bucketTable
2019-10-01 21:20:15,489 [main] INFO  db.DBStoreBuilder (DBStoreBuilder.java:processTables(161)) - Using default column profile:DBProfile.DISK for Table:bucketTable
2019-10-01 21:20:15,490 [main] INFO  db.DBStoreBuilder (DBStoreBuilder.java:addTable(110)) - using custom profile for table: keyTable
2019-10-01 21:20:15,490 [main] INFO  db.DBStoreBuilder (DBStoreBuilder.java:processTables(161)) - Using default column profile:DBProfile.DISK for Table:keyTable
2019-10-01 21:20:15,490 [main] INFO  db.DBStoreBuilder (DBStoreBuilder.java:addTable(110)) - using custom profile for table: deletedTable
2019-10-01 21:20:15,490 [main] INFO  db.DBStoreBuilder (DBStoreBuilder.java:processTables(161)) - Using default column profile:DBProfile.DISK for Table:deletedTable
2019-10-01 21:20:15,491 [main] INFO  db.DBStoreBuilder (DBStoreBuilder.java:addTable(110)) - using custom profile for table: openKeyTable
2019-10-01 21:20:15,491 [main] INFO  db.DBStoreBuilder (DBStoreBuilder.java:processTables(161)) - Using default column profile:DBProfile.DISK for Table:openKeyTable
2019-10-01 21:20:15,491 [main] INFO  db.DBStoreBuilder (DBStoreBuilder.java:addTable(110)) - using custom profile for table: s3Table
2019-10-01 21:20:15,491 [main] INFO  db.DBStoreBuilder (DBStoreBuilder.java:processTables(161)) - Using default column profile:DBProfile.DISK for Table:s3Table
2019-10-01 21:20:15,492 [main] INFO  db.DBStoreBuilder (DBStoreBuilder.java:addTable(110)) - using custom profile for table: multipartInfoTable
2019-10-01 21:20:15,492 [main] INFO  db.DBStoreBuilder (DBStoreBuilder.java:processTables(161)) - Using default column profile:DBProfile.DISK for Table:multipartInfoTable
2019-10-01 21:20:15,492 [main] INFO  db.DBStoreBuilder (DBStoreBuilder.java:addTable(110)) - using custom profile for table: dTokenTable
2019-10-01 21:20:15,492 [main] INFO  db.DBStoreBuilder (DBStoreBuilder.java:processTables(161)) - Using default column profile:DBProfile.DISK for Table:dTokenTable
2019-10-01 21:20:15,493 [main] INFO  db.DBStoreBuilder (DBStoreBuilder.java:addTable(110)) - using custom profile for table: s3SecretTable
2019-10-01 21:20:15,493 [main] INFO  db.DBStoreBuilder (DBStoreBuilder.java:processTables(161)) - Using default column profile:DBProfile.DISK for Table:s3SecretTable
2019-10-01 21:20:15,493 [main] INFO  db.DBStoreBuilder (DBStoreBuilder.java:addTable(110)) - using custom profile for table: prefixTable
2019-10-01 21:20:15,493 [main] INFO  db.DBStoreBuilder (DBStoreBuilder.java:processTables(161)) - Using default column profile:DBProfile.DISK for Table:prefixTable
2019-10-01 21:20:15,494 [main] INFO  db.DBStoreBuilder (DBStoreBuilder.java:addTable(110)) - using custom profile for table: default
2019-10-01 21:20:15,494 [main] INFO  db.DBStoreBuilder (DBStoreBuilder.java:processTables(167)) - Using default column profile:DBProfile.DISK for Table:default
2019-10-01 21:20:15,494 [main] INFO  db.DBStoreBuilder (DBStoreBuilder.java:getDbProfile(198)) - Using default options. DBProfile.DISK
2019-10-01 21:20:15,911 [main] INFO  ipc.CallQueueManager (CallQueueManager.java:<init>(84)) - Using callQueue: class java.util.concurrent.LinkedBlockingQueue, queueCapacity: 2000, scheduler: class org.apache.hadoop.ipc.DefaultRpcScheduler, ipcBackoff: false.
2019-10-01 21:20:15,912 [Socket Reader #1 for port 42906] INFO  ipc.Server (Server.java:run(1074)) - Starting Socket Reader #1 for port 42906
2019-10-01 21:20:15,926 [main] INFO  om.OzoneManager (OzoneManager.java:start(1243)) - OzoneManager RPC server is listening at localhost/127.0.0.1:42906
2019-10-01 21:20:15,926 [main] INFO  impl.MetricsSystemImpl (MetricsSystemImpl.java:init(158)) - OzoneManager metrics system started (again)
2019-10-01 21:20:15,927 [IPC Server Responder] INFO  ipc.Server (Server.java:run(1314)) - IPC Server Responder: starting
2019-10-01 21:20:15,927 [IPC Server listener on 42906] INFO  ipc.Server (Server.java:run(1153)) - IPC Server listener on 42906: starting
2019-10-01 21:20:15,933 [main] INFO  hdfs.DFSUtil (DFSUtil.java:httpServerTemplateForNNAndJN(1641)) - Starting Web-server for ozoneManager at: http://0.0.0.0:0
2019-10-01 21:20:15,934 [main] INFO  server.AuthenticationFilter (AuthenticationFilter.java:constructSecretProvider(240)) - Unable to initialize FileSignerSecretProvider, falling back to use random secrets.
2019-10-01 21:20:15,935 [main] WARN  http.HttpRequestLog (HttpRequestLog.java:getRequestLog(97)) - Jetty request log can only be enabled using Log4j
2019-10-01 21:20:15,937 [main] INFO  http.HttpServer2 (HttpServer2.java:addGlobalFilter(975)) - Added global filter 'safety' (class=org.apache.hadoop.http.HttpServer2$QuotingInputFilter)
2019-10-01 21:20:15,937 [main] INFO  http.HttpServer2 (HttpServer2.java:addFilter(948)) - Added filter static_user_filter (class=org.apache.hadoop.http.lib.StaticUserWebFilter$StaticUserFilter) to context ozoneManager
2019-10-01 21:20:15,937 [main] INFO  http.HttpServer2 (HttpServer2.java:addFilter(958)) - Added filter static_user_filter (class=org.apache.hadoop.http.lib.StaticUserWebFilter$StaticUserFilter) to context logs
2019-10-01 21:20:15,937 [main] INFO  http.HttpServer2 (HttpServer2.java:addFilter(958)) - Added filter static_user_filter (class=org.apache.hadoop.http.lib.StaticUserWebFilter$StaticUserFilter) to context static
2019-10-01 21:20:15,938 [main] INFO  http.HttpServer2 (HttpServer2.java:bindListener(1191)) - Jetty bound to port 42066
2019-10-01 21:20:15,939 [main] INFO  server.Server (Server.java:doStart(351)) - jetty-9.3.25.v20180904, build timestamp: 2018-09-04T21:11:46Z, git hash: 3ce520221d0240229c862b122d2b06c12a625732
2019-10-01 21:20:15,940 [main] INFO  handler.ContextHandler (ContextHandler.java:doStart(781)) - Started o.e.j.s.ServletContextHandler@7affc159{/logs,file:///workdir/hadoop-ozone/integration-test/target/log,AVAILABLE}
2019-10-01 21:20:15,941 [main] INFO  handler.ContextHandler (ContextHandler.java:doStart(781)) - Started o.e.j.s.ServletContextHandler@3fd05b3e{/static,file:///workdir/hadoop-ozone/integration-test/target/test-classes/webapps/static,AVAILABLE}
2019-10-01 21:20:15,945 [main] INFO  handler.ContextHandler (ContextHandler.java:doStart(781)) - Started o.e.j.w.WebAppContext@1e977098{/,file:///workdir/hadoop-ozone/integration-test/target/test-classes/webapps/ozoneManager/,AVAILABLE}{/ozoneManager}
2019-10-01 21:20:15,946 [main] INFO  server.AbstractConnector (AbstractConnector.java:doStart(278)) - Started ServerConnector@630390b9{HTTP/1.1,[http/1.1]}{0.0.0.0:42066}
2019-10-01 21:20:15,947 [main] INFO  server.Server (Server.java:doStart(419)) - Started @44632ms
2019-10-01 21:20:15,947 [main] WARN  impl.MetricsSystemImpl (MetricsSystemImpl.java:register(276)) - Sink prometheus already exists!
2019-10-01 21:20:15,947 [main] INFO  server.BaseHttpServer (BaseHttpServer.java:updateConnectorAddress(215)) - HTTP server of OZONEMANAGER is listening at http://0.0.0.0:42066
2019-10-01 21:20:15,964 [main] INFO  impl.MetricsSystemImpl (MetricsSystemImpl.java:init(158)) - HddsDatanode metrics system started (again)
2019-10-01 21:20:15,966 [main] INFO  ozone.HddsDatanodeService (HddsDatanodeService.java:start(184)) - HddsDatanodeService host:pr-hdds-2019-f2v2n-172752401 ip:192.168.151.69
2019-10-01 21:20:15,972 [main] INFO  volume.HddsVolume (HddsVolume.java:<init>(176)) - Creating Volume: /workdir/hadoop-ozone/integration-test/target/test-dir/MiniOzoneClusterImpl-de3107aa-fdfe-498c-bc41-a98c7d3f2bf4/datanode-0/data/containers/hdds of  storage type : DISK and capacity : 1482555576320
2019-10-01 21:20:15,972 [main] INFO  volume.VolumeSet (VolumeSet.java:initializeVolumeSet(170)) - Added Volume : /workdir/hadoop-ozone/integration-test/target/test-dir/MiniOzoneClusterImpl-de3107aa-fdfe-498c-bc41-a98c7d3f2bf4/datanode-0/data/containers/hdds to VolumeSet
2019-10-01 21:20:15,973 [main] INFO  volume.ThrottledAsyncChecker (ThrottledAsyncChecker.java:schedule(139)) - Scheduling a check for org.apache.hadoop.ozone.container.common.volume.HddsVolume@3bb5ceb
2019-10-01 21:20:15,975 [main] INFO  volume.HddsVolumeChecker (HddsVolumeChecker.java:checkAllVolumes(202)) - Scheduled health check for volume org.apache.hadoop.ozone.container.common.volume.HddsVolume@3bb5ceb
2019-10-01 21:20:15,987 [main] INFO  impl.RaftServerProxy (ConfUtils.java:logGet(43)) - raft.rpc.type = GRPC (default)
2019-10-01 21:20:15,988 [main] INFO  grpc.GrpcFactory (GrpcFactory.java:checkPooledByteBufAllocatorUseCacheForAllThreads(45)) - PERFORMANCE WARNING: useCacheForAllThreads is true that may cause Netty to create a lot garbage objects and, as a result, trigger GC.
	It is recommended to disable useCacheForAllThreads by setting -Dorg.apache.ratis.thirdparty.io.netty.allocator.useCacheForAllThreads=false in command line.
2019-10-01 21:20:15,988 [main] INFO  grpc.GrpcConfigKeys$Server (ConfUtils.java:logGet(43)) - raft.grpc.server.port = 0 (default)
2019-10-01 21:20:15,988 [main] INFO  server.GrpcService (ConfUtils.java:logGet(43)) - raft.grpc.message.size.max = 33570816 (custom)
2019-10-01 21:20:15,988 [main] INFO  server.RaftServerConfigKeys (ConfUtils.java:logGet(43)) - raft.server.log.appender.buffer.byte-limit = 33554432 (custom)
2019-10-01 21:20:15,988 [main] INFO  server.GrpcService (ConfUtils.java:logGet(43)) - raft.grpc.flow.control.window = 1MB (=1048576) (default)
2019-10-01 21:20:15,989 [main] INFO  server.RaftServerConfigKeys (ConfUtils.java:logGet(43)) - raft.server.rpc.request.timeout = 3000ms (default)
2019-10-01 21:20:15,989 [main] INFO  server.RaftServerConfigKeys (ConfUtils.java:logGet(43)) - raft.server.storage.dir = [/workdir/hadoop-ozone/integration-test/target/test-dir/MiniOzoneClusterImpl-de3107aa-fdfe-498c-bc41-a98c7d3f2bf4/datanode-0/data/ratis] (custom)
2019-10-01 21:20:15,990 [main] INFO  hdfs.DFSUtil (DFSUtil.java:httpServerTemplateForNNAndJN(1641)) - Starting Web-server for hddsDatanode at: http://0.0.0.0:0
2019-10-01 21:20:15,992 [main] INFO  server.AuthenticationFilter (AuthenticationFilter.java:constructSecretProvider(240)) - Unable to initialize FileSignerSecretProvider, falling back to use random secrets.
2019-10-01 21:20:15,992 [main] WARN  http.HttpRequestLog (HttpRequestLog.java:getRequestLog(97)) - Jetty request log can only be enabled using Log4j
2019-10-01 21:20:15,993 [main] INFO  http.HttpServer2 (HttpServer2.java:addGlobalFilter(975)) - Added global filter 'safety' (class=org.apache.hadoop.http.HttpServer2$QuotingInputFilter)
2019-10-01 21:20:15,994 [main] INFO  http.HttpServer2 (HttpServer2.java:addFilter(948)) - Added filter static_user_filter (class=org.apache.hadoop.http.lib.StaticUserWebFilter$StaticUserFilter) to context hddsDatanode
2019-10-01 21:20:15,994 [main] INFO  http.HttpServer2 (HttpServer2.java:addFilter(958)) - Added filter static_user_filter (class=org.apache.hadoop.http.lib.StaticUserWebFilter$StaticUserFilter) to context static
2019-10-01 21:20:15,994 [main] INFO  http.HttpServer2 (HttpServer2.java:addFilter(958)) - Added filter static_user_filter (class=org.apache.hadoop.http.lib.StaticUserWebFilter$StaticUserFilter) to context logs
2019-10-01 21:20:15,995 [main] INFO  http.HttpServer2 (HttpServer2.java:bindListener(1191)) - Jetty bound to port 37712
2019-10-01 21:20:15,995 [main] INFO  server.Server (Server.java:doStart(351)) - jetty-9.3.25.v20180904, build timestamp: 2018-09-04T21:11:46Z, git hash: 3ce520221d0240229c862b122d2b06c12a625732
2019-10-01 21:20:15,997 [main] INFO  handler.ContextHandler (ContextHandler.java:doStart(781)) - Started o.e.j.s.ServletContextHandler@3234474{/logs,file:///workdir/hadoop-ozone/integration-test/target/log,AVAILABLE}
2019-10-01 21:20:15,997 [main] INFO  handler.ContextHandler (ContextHandler.java:doStart(781)) - Started o.e.j.s.ServletContextHandler@3d20e575{/static,jar:file:/home/user/.m2/repository/org/apache/hadoop/hadoop-hdds-container-service/0.5.0-SNAPSHOT/hadoop-hdds-container-service-0.5.0-SNAPSHOT.jar!/webapps/static,AVAILABLE}
2019-10-01 21:20:16,025 [main] INFO  handler.ContextHandler (ContextHandler.java:doStart(781)) - Started o.e.j.w.WebAppContext@d3f4505{/,file:///tmp/jetty-0.0.0.0-37712-hddsDatanode-_-any-7668968839751441922.dir/webapp/,AVAILABLE}{/hddsDatanode}
2019-10-01 21:20:16,026 [main] INFO  server.AbstractConnector (AbstractConnector.java:doStart(278)) - Started ServerConnector@3eb292cd{HTTP/1.1,[http/1.1]}{0.0.0.0:37712}
2019-10-01 21:20:16,027 [main] INFO  server.Server (Server.java:doStart(419)) - Started @44712ms
2019-10-01 21:20:16,027 [main] WARN  impl.MetricsSystemImpl (MetricsSystemImpl.java:register(276)) - Sink prometheus already exists!
2019-10-01 21:20:16,028 [main] INFO  server.BaseHttpServer (BaseHttpServer.java:updateConnectorAddress(215)) - HTTP server of HDDSDATANODE is listening at http://0.0.0.0:37712
2019-10-01 21:20:16,028 [main] INFO  impl.MetricsSystemImpl (MetricsSystemImpl.java:init(158)) - HddsDatanode metrics system started (again)
2019-10-01 21:20:16,032 [org.apache.hadoop.util.JvmPauseMonitor$Monitor@6a6c9c82] INFO  util.JvmPauseMonitor (JvmPauseMonitor.java:run(188)) - Starting JVM pause monitor
2019-10-01 21:20:16,032 [main] INFO  ozone.HddsDatanodeService (HddsDatanodeService.java:start(184)) - HddsDatanodeService host:pr-hdds-2019-f2v2n-172752401 ip:192.168.151.69
2019-10-01 21:20:16,035 [Datanode State Machine Thread - 0] INFO  datanode.InitDatanodeState (InitDatanodeState.java:persistContainerDatanodeDetails(140)) - DatanodeDetails is persisted to /workdir/hadoop-ozone/integration-test/target/test-dir/MiniOzoneClusterImpl-de3107aa-fdfe-498c-bc41-a98c7d3f2bf4/datanode-0/meta/datanode.id
2019-10-01 21:20:16,038 [main] INFO  volume.HddsVolume (HddsVolume.java:<init>(176)) - Creating Volume: /workdir/hadoop-ozone/integration-test/target/test-dir/MiniOzoneClusterImpl-de3107aa-fdfe-498c-bc41-a98c7d3f2bf4/datanode-1/data/containers/hdds of  storage type : DISK and capacity : 1482555576320
2019-10-01 21:20:16,039 [main] INFO  volume.VolumeSet (VolumeSet.java:initializeVolumeSet(170)) - Added Volume : /workdir/hadoop-ozone/integration-test/target/test-dir/MiniOzoneClusterImpl-de3107aa-fdfe-498c-bc41-a98c7d3f2bf4/datanode-1/data/containers/hdds to VolumeSet
2019-10-01 21:20:16,039 [main] INFO  volume.ThrottledAsyncChecker (ThrottledAsyncChecker.java:schedule(139)) - Scheduling a check for org.apache.hadoop.ozone.container.common.volume.HddsVolume@7a3b7122
2019-10-01 21:20:16,040 [main] INFO  volume.HddsVolumeChecker (HddsVolumeChecker.java:checkAllVolumes(202)) - Scheduled health check for volume org.apache.hadoop.ozone.container.common.volume.HddsVolume@7a3b7122
2019-10-01 21:20:16,061 [main] INFO  impl.RaftServerProxy (ConfUtils.java:logGet(43)) - raft.rpc.type = GRPC (default)
2019-10-01 21:20:16,061 [main] INFO  grpc.GrpcFactory (GrpcFactory.java:checkPooledByteBufAllocatorUseCacheForAllThreads(45)) - PERFORMANCE WARNING: useCacheForAllThreads is true that may cause Netty to create a lot garbage objects and, as a result, trigger GC.
	It is recommended to disable useCacheForAllThreads by setting -Dorg.apache.ratis.thirdparty.io.netty.allocator.useCacheForAllThreads=false in command line.
2019-10-01 21:20:16,061 [main] INFO  grpc.GrpcConfigKeys$Server (ConfUtils.java:logGet(43)) - raft.grpc.server.port = 0 (default)
2019-10-01 21:20:16,062 [main] INFO  server.GrpcService (ConfUtils.java:logGet(43)) - raft.grpc.message.size.max = 33570816 (custom)
2019-10-01 21:20:16,062 [main] INFO  server.RaftServerConfigKeys (ConfUtils.java:logGet(43)) - raft.server.log.appender.buffer.byte-limit = 33554432 (custom)
2019-10-01 21:20:16,062 [main] INFO  server.GrpcService (ConfUtils.java:logGet(43)) - raft.grpc.flow.control.window = 1MB (=1048576) (default)
2019-10-01 21:20:16,062 [main] INFO  server.RaftServerConfigKeys (ConfUtils.java:logGet(43)) - raft.server.rpc.request.timeout = 3000ms (default)
2019-10-01 21:20:16,063 [main] INFO  server.RaftServerConfigKeys (ConfUtils.java:logGet(43)) - raft.server.storage.dir = [/workdir/hadoop-ozone/integration-test/target/test-dir/MiniOzoneClusterImpl-de3107aa-fdfe-498c-bc41-a98c7d3f2bf4/datanode-1/data/ratis] (custom)
2019-10-01 21:20:16,065 [main] INFO  hdfs.DFSUtil (DFSUtil.java:httpServerTemplateForNNAndJN(1641)) - Starting Web-server for hddsDatanode at: http://0.0.0.0:0
2019-10-01 21:20:16,066 [main] INFO  server.AuthenticationFilter (AuthenticationFilter.java:constructSecretProvider(240)) - Unable to initialize FileSignerSecretProvider, falling back to use random secrets.
2019-10-01 21:20:16,067 [main] WARN  http.HttpRequestLog (HttpRequestLog.java:getRequestLog(97)) - Jetty request log can only be enabled using Log4j
2019-10-01 21:20:16,069 [main] INFO  http.HttpServer2 (HttpServer2.java:addGlobalFilter(975)) - Added global filter 'safety' (class=org.apache.hadoop.http.HttpServer2$QuotingInputFilter)
2019-10-01 21:20:16,069 [main] INFO  http.HttpServer2 (HttpServer2.java:addFilter(948)) - Added filter static_user_filter (class=org.apache.hadoop.http.lib.StaticUserWebFilter$StaticUserFilter) to context hddsDatanode
2019-10-01 21:20:16,070 [main] INFO  http.HttpServer2 (HttpServer2.java:addFilter(958)) - Added filter static_user_filter (class=org.apache.hadoop.http.lib.StaticUserWebFilter$StaticUserFilter) to context logs
2019-10-01 21:20:16,070 [main] INFO  http.HttpServer2 (HttpServer2.java:addFilter(958)) - Added filter static_user_filter (class=org.apache.hadoop.http.lib.StaticUserWebFilter$StaticUserFilter) to context static
2019-10-01 21:20:16,071 [main] INFO  http.HttpServer2 (HttpServer2.java:bindListener(1191)) - Jetty bound to port 42527
2019-10-01 21:20:16,071 [main] INFO  server.Server (Server.java:doStart(351)) - jetty-9.3.25.v20180904, build timestamp: 2018-09-04T21:11:46Z, git hash: 3ce520221d0240229c862b122d2b06c12a625732
2019-10-01 21:20:16,073 [main] INFO  handler.ContextHandler (ContextHandler.java:doStart(781)) - Started o.e.j.s.ServletContextHandler@650c405c{/logs,file:///workdir/hadoop-ozone/integration-test/target/log,AVAILABLE}
2019-10-01 21:20:16,073 [main] INFO  handler.ContextHandler (ContextHandler.java:doStart(781)) - Started o.e.j.s.ServletContextHandler@748ac6f3{/static,jar:file:/home/user/.m2/repository/org/apache/hadoop/hadoop-hdds-container-service/0.5.0-SNAPSHOT/hadoop-hdds-container-service-0.5.0-SNAPSHOT.jar!/webapps/static,AVAILABLE}
2019-10-01 21:20:16,109 [main] INFO  handler.ContextHandler (ContextHandler.java:doStart(781)) - Started o.e.j.w.WebAppContext@58253c57{/,file:///tmp/jetty-0.0.0.0-42527-hddsDatanode-_-any-6599558409841589869.dir/webapp/,AVAILABLE}{/hddsDatanode}
2019-10-01 21:20:16,110 [main] INFO  server.AbstractConnector (AbstractConnector.java:doStart(278)) - Started ServerConnector@b73433{HTTP/1.1,[http/1.1]}{0.0.0.0:42527}
2019-10-01 21:20:16,111 [main] INFO  server.Server (Server.java:doStart(419)) - Started @44797ms
2019-10-01 21:20:16,111 [main] WARN  impl.MetricsSystemImpl (MetricsSystemImpl.java:register(276)) - Sink prometheus already exists!
2019-10-01 21:20:16,112 [main] INFO  server.BaseHttpServer (BaseHttpServer.java:updateConnectorAddress(215)) - HTTP server of HDDSDATANODE is listening at http://0.0.0.0:42527
2019-10-01 21:20:16,112 [main] INFO  impl.MetricsSystemImpl (MetricsSystemImpl.java:init(158)) - HddsDatanode metrics system started (again)
2019-10-01 21:20:16,116 [org.apache.hadoop.util.JvmPauseMonitor$Monitor@7622d129] INFO  util.JvmPauseMonitor (JvmPauseMonitor.java:run(188)) - Starting JVM pause monitor
2019-10-01 21:20:16,116 [main] INFO  ozone.HddsDatanodeService (HddsDatanodeService.java:start(184)) - HddsDatanodeService host:pr-hdds-2019-f2v2n-172752401 ip:192.168.151.69
2019-10-01 21:20:16,118 [Datanode State Machine Thread - 0] INFO  datanode.InitDatanodeState (InitDatanodeState.java:persistContainerDatanodeDetails(140)) - DatanodeDetails is persisted to /workdir/hadoop-ozone/integration-test/target/test-dir/MiniOzoneClusterImpl-de3107aa-fdfe-498c-bc41-a98c7d3f2bf4/datanode-1/meta/datanode.id
2019-10-01 21:20:16,122 [main] INFO  volume.HddsVolume (HddsVolume.java:<init>(176)) - Creating Volume: /workdir/hadoop-ozone/integration-test/target/test-dir/MiniOzoneClusterImpl-de3107aa-fdfe-498c-bc41-a98c7d3f2bf4/datanode-2/data/containers/hdds of  storage type : DISK and capacity : 1482555576320
2019-10-01 21:20:16,122 [main] INFO  volume.VolumeSet (VolumeSet.java:initializeVolumeSet(170)) - Added Volume : /workdir/hadoop-ozone/integration-test/target/test-dir/MiniOzoneClusterImpl-de3107aa-fdfe-498c-bc41-a98c7d3f2bf4/datanode-2/data/containers/hdds to VolumeSet
2019-10-01 21:20:16,123 [main] INFO  volume.ThrottledAsyncChecker (ThrottledAsyncChecker.java:schedule(139)) - Scheduling a check for org.apache.hadoop.ozone.container.common.volume.HddsVolume@67536ae0
2019-10-01 21:20:16,123 [main] INFO  volume.HddsVolumeChecker (HddsVolumeChecker.java:checkAllVolumes(202)) - Scheduled health check for volume org.apache.hadoop.ozone.container.common.volume.HddsVolume@67536ae0
2019-10-01 21:20:16,137 [main] INFO  impl.RaftServerProxy (ConfUtils.java:logGet(43)) - raft.rpc.type = GRPC (default)
2019-10-01 21:20:16,137 [main] INFO  grpc.GrpcFactory (GrpcFactory.java:checkPooledByteBufAllocatorUseCacheForAllThreads(45)) - PERFORMANCE WARNING: useCacheForAllThreads is true that may cause Netty to create a lot garbage objects and, as a result, trigger GC.
	It is recommended to disable useCacheForAllThreads by setting -Dorg.apache.ratis.thirdparty.io.netty.allocator.useCacheForAllThreads=false in command line.
2019-10-01 21:20:16,137 [main] INFO  grpc.GrpcConfigKeys$Server (ConfUtils.java:logGet(43)) - raft.grpc.server.port = 0 (default)
2019-10-01 21:20:16,137 [main] INFO  server.GrpcService (ConfUtils.java:logGet(43)) - raft.grpc.message.size.max = 33570816 (custom)
2019-10-01 21:20:16,137 [main] INFO  server.RaftServerConfigKeys (ConfUtils.java:logGet(43)) - raft.server.log.appender.buffer.byte-limit = 33554432 (custom)
2019-10-01 21:20:16,138 [main] INFO  server.GrpcService (ConfUtils.java:logGet(43)) - raft.grpc.flow.control.window = 1MB (=1048576) (default)
2019-10-01 21:20:16,138 [main] INFO  server.RaftServerConfigKeys (ConfUtils.java:logGet(43)) - raft.server.rpc.request.timeout = 3000ms (default)
2019-10-01 21:20:16,138 [main] INFO  server.RaftServerConfigKeys (ConfUtils.java:logGet(43)) - raft.server.storage.dir = [/workdir/hadoop-ozone/integration-test/target/test-dir/MiniOzoneClusterImpl-de3107aa-fdfe-498c-bc41-a98c7d3f2bf4/datanode-2/data/ratis] (custom)
2019-10-01 21:20:16,140 [main] INFO  hdfs.DFSUtil (DFSUtil.java:httpServerTemplateForNNAndJN(1641)) - Starting Web-server for hddsDatanode at: http://0.0.0.0:0
2019-10-01 21:20:16,141 [main] INFO  server.AuthenticationFilter (AuthenticationFilter.java:constructSecretProvider(240)) - Unable to initialize FileSignerSecretProvider, falling back to use random secrets.
2019-10-01 21:20:16,141 [main] WARN  http.HttpRequestLog (HttpRequestLog.java:getRequestLog(97)) - Jetty request log can only be enabled using Log4j
2019-10-01 21:20:16,143 [main] INFO  http.HttpServer2 (HttpServer2.java:addGlobalFilter(975)) - Added global filter 'safety' (class=org.apache.hadoop.http.HttpServer2$QuotingInputFilter)
2019-10-01 21:20:16,144 [main] INFO  http.HttpServer2 (HttpServer2.java:addFilter(948)) - Added filter static_user_filter (class=org.apache.hadoop.http.lib.StaticUserWebFilter$StaticUserFilter) to context hddsDatanode
2019-10-01 21:20:16,144 [main] INFO  http.HttpServer2 (HttpServer2.java:addFilter(958)) - Added filter static_user_filter (class=org.apache.hadoop.http.lib.StaticUserWebFilter$StaticUserFilter) to context static
2019-10-01 21:20:16,144 [main] INFO  http.HttpServer2 (HttpServer2.java:addFilter(958)) - Added filter static_user_filter (class=org.apache.hadoop.http.lib.StaticUserWebFilter$StaticUserFilter) to context logs
2019-10-01 21:20:16,145 [main] INFO  http.HttpServer2 (HttpServer2.java:bindListener(1191)) - Jetty bound to port 35645
2019-10-01 21:20:16,145 [main] INFO  server.Server (Server.java:doStart(351)) - jetty-9.3.25.v20180904, build timestamp: 2018-09-04T21:11:46Z, git hash: 3ce520221d0240229c862b122d2b06c12a625732
2019-10-01 21:20:16,147 [main] INFO  handler.ContextHandler (ContextHandler.java:doStart(781)) - Started o.e.j.s.ServletContextHandler@6ff0b1cc{/logs,file:///workdir/hadoop-ozone/integration-test/target/log,AVAILABLE}
2019-10-01 21:20:16,147 [main] INFO  handler.ContextHandler (ContextHandler.java:doStart(781)) - Started o.e.j.s.ServletContextHandler@f3560d4{/static,jar:file:/home/user/.m2/repository/org/apache/hadoop/hadoop-hdds-container-service/0.5.0-SNAPSHOT/hadoop-hdds-container-service-0.5.0-SNAPSHOT.jar!/webapps/static,AVAILABLE}
2019-10-01 21:20:16,172 [main] INFO  handler.ContextHandler (ContextHandler.java:doStart(781)) - Started o.e.j.w.WebAppContext@3a7e365{/,file:///tmp/jetty-0.0.0.0-35645-hddsDatanode-_-any-8784653906982827286.dir/webapp/,AVAILABLE}{/hddsDatanode}
2019-10-01 21:20:16,172 [main] INFO  server.AbstractConnector (AbstractConnector.java:doStart(278)) - Started ServerConnector@2ceee4b6{HTTP/1.1,[http/1.1]}{0.0.0.0:35645}
2019-10-01 21:20:16,173 [main] INFO  server.Server (Server.java:doStart(419)) - Started @44859ms
2019-10-01 21:20:16,173 [main] WARN  impl.MetricsSystemImpl (MetricsSystemImpl.java:register(276)) - Sink prometheus already exists!
2019-10-01 21:20:16,174 [main] INFO  server.BaseHttpServer (BaseHttpServer.java:updateConnectorAddress(215)) - HTTP server of HDDSDATANODE is listening at http://0.0.0.0:35645
2019-10-01 21:20:16,174 [main] INFO  impl.MetricsSystemImpl (MetricsSystemImpl.java:init(158)) - HddsDatanode metrics system started (again)
2019-10-01 21:20:16,177 [main] INFO  ozone.HddsDatanodeService (HddsDatanodeService.java:start(184)) - HddsDatanodeService host:pr-hdds-2019-f2v2n-172752401 ip:192.168.151.69
2019-10-01 21:20:16,177 [org.apache.hadoop.util.JvmPauseMonitor$Monitor@7677d0cf] INFO  util.JvmPauseMonitor (JvmPauseMonitor.java:run(188)) - Starting JVM pause monitor
2019-10-01 21:20:16,179 [Datanode State Machine Thread - 0] INFO  datanode.InitDatanodeState (InitDatanodeState.java:persistContainerDatanodeDetails(140)) - DatanodeDetails is persisted to /workdir/hadoop-ozone/integration-test/target/test-dir/MiniOzoneClusterImpl-de3107aa-fdfe-498c-bc41-a98c7d3f2bf4/datanode-2/meta/datanode.id
2019-10-01 21:20:16,183 [main] INFO  volume.HddsVolume (HddsVolume.java:<init>(176)) - Creating Volume: /workdir/hadoop-ozone/integration-test/target/test-dir/MiniOzoneClusterImpl-de3107aa-fdfe-498c-bc41-a98c7d3f2bf4/datanode-3/data/containers/hdds of  storage type : DISK and capacity : 1482555576320
2019-10-01 21:20:16,183 [main] INFO  volume.VolumeSet (VolumeSet.java:initializeVolumeSet(170)) - Added Volume : /workdir/hadoop-ozone/integration-test/target/test-dir/MiniOzoneClusterImpl-de3107aa-fdfe-498c-bc41-a98c7d3f2bf4/datanode-3/data/containers/hdds to VolumeSet
2019-10-01 21:20:16,184 [main] INFO  volume.ThrottledAsyncChecker (ThrottledAsyncChecker.java:schedule(139)) - Scheduling a check for org.apache.hadoop.ozone.container.common.volume.HddsVolume@7cfac39f
2019-10-01 21:20:16,184 [main] INFO  volume.HddsVolumeChecker (HddsVolumeChecker.java:checkAllVolumes(202)) - Scheduled health check for volume org.apache.hadoop.ozone.container.common.volume.HddsVolume@7cfac39f
2019-10-01 21:20:16,195 [main] INFO  impl.RaftServerProxy (ConfUtils.java:logGet(43)) - raft.rpc.type = GRPC (default)
2019-10-01 21:20:16,196 [main] INFO  grpc.GrpcFactory (GrpcFactory.java:checkPooledByteBufAllocatorUseCacheForAllThreads(45)) - PERFORMANCE WARNING: useCacheForAllThreads is true that may cause Netty to create a lot garbage objects and, as a result, trigger GC.
	It is recommended to disable useCacheForAllThreads by setting -Dorg.apache.ratis.thirdparty.io.netty.allocator.useCacheForAllThreads=false in command line.
2019-10-01 21:20:16,196 [main] INFO  grpc.GrpcConfigKeys$Server (ConfUtils.java:logGet(43)) - raft.grpc.server.port = 0 (default)
2019-10-01 21:20:16,196 [main] INFO  server.GrpcService (ConfUtils.java:logGet(43)) - raft.grpc.message.size.max = 33570816 (custom)
2019-10-01 21:20:16,196 [main] INFO  server.RaftServerConfigKeys (ConfUtils.java:logGet(43)) - raft.server.log.appender.buffer.byte-limit = 33554432 (custom)
2019-10-01 21:20:16,196 [main] INFO  server.GrpcService (ConfUtils.java:logGet(43)) - raft.grpc.flow.control.window = 1MB (=1048576) (default)
2019-10-01 21:20:16,197 [main] INFO  server.RaftServerConfigKeys (ConfUtils.java:logGet(43)) - raft.server.rpc.request.timeout = 3000ms (default)
2019-10-01 21:20:16,197 [main] INFO  server.RaftServerConfigKeys (ConfUtils.java:logGet(43)) - raft.server.storage.dir = [/workdir/hadoop-ozone/integration-test/target/test-dir/MiniOzoneClusterImpl-de3107aa-fdfe-498c-bc41-a98c7d3f2bf4/datanode-3/data/ratis] (custom)
2019-10-01 21:20:16,198 [main] INFO  hdfs.DFSUtil (DFSUtil.java:httpServerTemplateForNNAndJN(1641)) - Starting Web-server for hddsDatanode at: http://0.0.0.0:0
2019-10-01 21:20:16,199 [main] INFO  server.AuthenticationFilter (AuthenticationFilter.java:constructSecretProvider(240)) - Unable to initialize FileSignerSecretProvider, falling back to use random secrets.
2019-10-01 21:20:16,199 [main] WARN  http.HttpRequestLog (HttpRequestLog.java:getRequestLog(97)) - Jetty request log can only be enabled using Log4j
2019-10-01 21:20:16,200 [main] INFO  http.HttpServer2 (HttpServer2.java:addGlobalFilter(975)) - Added global filter 'safety' (class=org.apache.hadoop.http.HttpServer2$QuotingInputFilter)
2019-10-01 21:20:16,201 [main] INFO  http.HttpServer2 (HttpServer2.java:addFilter(948)) - Added filter static_user_filter (class=org.apache.hadoop.http.lib.StaticUserWebFilter$StaticUserFilter) to context hddsDatanode
2019-10-01 21:20:16,201 [main] INFO  http.HttpServer2 (HttpServer2.java:addFilter(958)) - Added filter static_user_filter (class=org.apache.hadoop.http.lib.StaticUserWebFilter$StaticUserFilter) to context static
2019-10-01 21:20:16,201 [main] INFO  http.HttpServer2 (HttpServer2.java:addFilter(958)) - Added filter static_user_filter (class=org.apache.hadoop.http.lib.StaticUserWebFilter$StaticUserFilter) to context logs
2019-10-01 21:20:16,202 [main] INFO  http.HttpServer2 (HttpServer2.java:bindListener(1191)) - Jetty bound to port 33253
2019-10-01 21:20:16,202 [main] INFO  server.Server (Server.java:doStart(351)) - jetty-9.3.25.v20180904, build timestamp: 2018-09-04T21:11:46Z, git hash: 3ce520221d0240229c862b122d2b06c12a625732
2019-10-01 21:20:16,204 [main] INFO  handler.ContextHandler (ContextHandler.java:doStart(781)) - Started o.e.j.s.ServletContextHandler@6215366a{/logs,file:///workdir/hadoop-ozone/integration-test/target/log,AVAILABLE}
2019-10-01 21:20:16,204 [main] INFO  handler.ContextHandler (ContextHandler.java:doStart(781)) - Started o.e.j.s.ServletContextHandler@36e43829{/static,jar:file:/home/user/.m2/repository/org/apache/hadoop/hadoop-hdds-container-service/0.5.0-SNAPSHOT/hadoop-hdds-container-service-0.5.0-SNAPSHOT.jar!/webapps/static,AVAILABLE}
2019-10-01 21:20:16,229 [main] INFO  handler.ContextHandler (ContextHandler.java:doStart(781)) - Started o.e.j.w.WebAppContext@6870c3c2{/,file:///tmp/jetty-0.0.0.0-33253-hddsDatanode-_-any-4841640871045443670.dir/webapp/,AVAILABLE}{/hddsDatanode}
2019-10-01 21:20:16,230 [main] INFO  server.AbstractConnector (AbstractConnector.java:doStart(278)) - Started ServerConnector@fb0a08c{HTTP/1.1,[http/1.1]}{0.0.0.0:33253}
2019-10-01 21:20:16,231 [main] INFO  server.Server (Server.java:doStart(419)) - Started @44917ms
2019-10-01 21:20:16,231 [main] WARN  impl.MetricsSystemImpl (MetricsSystemImpl.java:register(276)) - Sink prometheus already exists!
2019-10-01 21:20:16,232 [main] INFO  server.BaseHttpServer (BaseHttpServer.java:updateConnectorAddress(215)) - HTTP server of HDDSDATANODE is listening at http://0.0.0.0:33253
2019-10-01 21:20:16,232 [main] INFO  impl.MetricsSystemImpl (MetricsSystemImpl.java:init(158)) - HddsDatanode metrics system started (again)
2019-10-01 21:20:16,236 [org.apache.hadoop.util.JvmPauseMonitor$Monitor@639b75e8] INFO  util.JvmPauseMonitor (JvmPauseMonitor.java:run(188)) - Starting JVM pause monitor
2019-10-01 21:20:16,236 [main] INFO  ozone.HddsDatanodeService (HddsDatanodeService.java:start(184)) - HddsDatanodeService host:pr-hdds-2019-f2v2n-172752401 ip:192.168.151.69
2019-10-01 21:20:16,237 [Datanode State Machine Thread - 0] INFO  datanode.InitDatanodeState (InitDatanodeState.java:persistContainerDatanodeDetails(140)) - DatanodeDetails is persisted to /workdir/hadoop-ozone/integration-test/target/test-dir/MiniOzoneClusterImpl-de3107aa-fdfe-498c-bc41-a98c7d3f2bf4/datanode-3/meta/datanode.id
2019-10-01 21:20:16,242 [main] INFO  volume.HddsVolume (HddsVolume.java:<init>(176)) - Creating Volume: /workdir/hadoop-ozone/integration-test/target/test-dir/MiniOzoneClusterImpl-de3107aa-fdfe-498c-bc41-a98c7d3f2bf4/datanode-4/data/containers/hdds of  storage type : DISK and capacity : 1482555576320
2019-10-01 21:20:16,242 [main] INFO  volume.VolumeSet (VolumeSet.java:initializeVolumeSet(170)) - Added Volume : /workdir/hadoop-ozone/integration-test/target/test-dir/MiniOzoneClusterImpl-de3107aa-fdfe-498c-bc41-a98c7d3f2bf4/datanode-4/data/containers/hdds to VolumeSet
2019-10-01 21:20:16,242 [main] INFO  volume.ThrottledAsyncChecker (ThrottledAsyncChecker.java:schedule(139)) - Scheduling a check for org.apache.hadoop.ozone.container.common.volume.HddsVolume@40c2ce52
2019-10-01 21:20:16,243 [main] INFO  volume.HddsVolumeChecker (HddsVolumeChecker.java:checkAllVolumes(202)) - Scheduled health check for volume org.apache.hadoop.ozone.container.common.volume.HddsVolume@40c2ce52
2019-10-01 21:20:16,257 [main] INFO  impl.RaftServerProxy (ConfUtils.java:logGet(43)) - raft.rpc.type = GRPC (default)
2019-10-01 21:20:16,257 [main] INFO  grpc.GrpcFactory (GrpcFactory.java:checkPooledByteBufAllocatorUseCacheForAllThreads(45)) - PERFORMANCE WARNING: useCacheForAllThreads is true that may cause Netty to create a lot garbage objects and, as a result, trigger GC.
	It is recommended to disable useCacheForAllThreads by setting -Dorg.apache.ratis.thirdparty.io.netty.allocator.useCacheForAllThreads=false in command line.
2019-10-01 21:20:16,257 [main] INFO  grpc.GrpcConfigKeys$Server (ConfUtils.java:logGet(43)) - raft.grpc.server.port = 0 (default)
2019-10-01 21:20:16,257 [main] INFO  server.GrpcService (ConfUtils.java:logGet(43)) - raft.grpc.message.size.max = 33570816 (custom)
2019-10-01 21:20:16,257 [main] INFO  server.RaftServerConfigKeys (ConfUtils.java:logGet(43)) - raft.server.log.appender.buffer.byte-limit = 33554432 (custom)
2019-10-01 21:20:16,258 [main] INFO  server.GrpcService (ConfUtils.java:logGet(43)) - raft.grpc.flow.control.window = 1MB (=1048576) (default)
2019-10-01 21:20:16,258 [main] INFO  server.RaftServerConfigKeys (ConfUtils.java:logGet(43)) - raft.server.rpc.request.timeout = 3000ms (default)
2019-10-01 21:20:16,258 [main] INFO  server.RaftServerConfigKeys (ConfUtils.java:logGet(43)) - raft.server.storage.dir = [/workdir/hadoop-ozone/integration-test/target/test-dir/MiniOzoneClusterImpl-de3107aa-fdfe-498c-bc41-a98c7d3f2bf4/datanode-4/data/ratis] (custom)
2019-10-01 21:20:16,259 [main] INFO  hdfs.DFSUtil (DFSUtil.java:httpServerTemplateForNNAndJN(1641)) - Starting Web-server for hddsDatanode at: http://0.0.0.0:0
2019-10-01 21:20:16,261 [main] INFO  server.AuthenticationFilter (AuthenticationFilter.java:constructSecretProvider(240)) - Unable to initialize FileSignerSecretProvider, falling back to use random secrets.
2019-10-01 21:20:16,261 [main] WARN  http.HttpRequestLog (HttpRequestLog.java:getRequestLog(97)) - Jetty request log can only be enabled using Log4j
2019-10-01 21:20:16,262 [main] INFO  http.HttpServer2 (HttpServer2.java:addGlobalFilter(975)) - Added global filter 'safety' (class=org.apache.hadoop.http.HttpServer2$QuotingInputFilter)
2019-10-01 21:20:16,263 [main] INFO  http.HttpServer2 (HttpServer2.java:addFilter(948)) - Added filter static_user_filter (class=org.apache.hadoop.http.lib.StaticUserWebFilter$StaticUserFilter) to context hddsDatanode
2019-10-01 21:20:16,263 [main] INFO  http.HttpServer2 (HttpServer2.java:addFilter(958)) - Added filter static_user_filter (class=org.apache.hadoop.http.lib.StaticUserWebFilter$StaticUserFilter) to context static
2019-10-01 21:20:16,263 [main] INFO  http.HttpServer2 (HttpServer2.java:addFilter(958)) - Added filter static_user_filter (class=org.apache.hadoop.http.lib.StaticUserWebFilter$StaticUserFilter) to context logs
2019-10-01 21:20:16,264 [main] INFO  http.HttpServer2 (HttpServer2.java:bindListener(1191)) - Jetty bound to port 33425
2019-10-01 21:20:16,264 [main] INFO  server.Server (Server.java:doStart(351)) - jetty-9.3.25.v20180904, build timestamp: 2018-09-04T21:11:46Z, git hash: 3ce520221d0240229c862b122d2b06c12a625732
2019-10-01 21:20:16,266 [main] INFO  handler.ContextHandler (ContextHandler.java:doStart(781)) - Started o.e.j.s.ServletContextHandler@4887de2b{/logs,file:///workdir/hadoop-ozone/integration-test/target/log,AVAILABLE}
2019-10-01 21:20:16,266 [main] INFO  handler.ContextHandler (ContextHandler.java:doStart(781)) - Started o.e.j.s.ServletContextHandler@40ac6b76{/static,jar:file:/home/user/.m2/repository/org/apache/hadoop/hadoop-hdds-container-service/0.5.0-SNAPSHOT/hadoop-hdds-container-service-0.5.0-SNAPSHOT.jar!/webapps/static,AVAILABLE}
2019-10-01 21:20:16,299 [main] INFO  handler.ContextHandler (ContextHandler.java:doStart(781)) - Started o.e.j.w.WebAppContext@9c73fff{/,file:///tmp/jetty-0.0.0.0-33425-hddsDatanode-_-any-4903556815121338606.dir/webapp/,AVAILABLE}{/hddsDatanode}
2019-10-01 21:20:16,300 [main] INFO  server.AbstractConnector (AbstractConnector.java:doStart(278)) - Started ServerConnector@71cea1b8{HTTP/1.1,[http/1.1]}{0.0.0.0:33425}
2019-10-01 21:20:16,301 [main] INFO  server.Server (Server.java:doStart(419)) - Started @44987ms
2019-10-01 21:20:16,301 [main] WARN  impl.MetricsSystemImpl (MetricsSystemImpl.java:register(276)) - Sink prometheus already exists!
2019-10-01 21:20:16,302 [main] INFO  server.BaseHttpServer (BaseHttpServer.java:updateConnectorAddress(215)) - HTTP server of HDDSDATANODE is listening at http://0.0.0.0:33425
2019-10-01 21:20:16,303 [main] INFO  impl.MetricsSystemImpl (MetricsSystemImpl.java:init(158)) - HddsDatanode metrics system started (again)
2019-10-01 21:20:16,307 [main] INFO  ozone.HddsDatanodeService (HddsDatanodeService.java:start(184)) - HddsDatanodeService host:pr-hdds-2019-f2v2n-172752401 ip:192.168.151.69
2019-10-01 21:20:16,308 [org.apache.hadoop.util.JvmPauseMonitor$Monitor@398f5a5] INFO  util.JvmPauseMonitor (JvmPauseMonitor.java:run(188)) - Starting JVM pause monitor
2019-10-01 21:20:16,309 [Datanode State Machine Thread - 0] INFO  datanode.InitDatanodeState (InitDatanodeState.java:persistContainerDatanodeDetails(140)) - DatanodeDetails is persisted to /workdir/hadoop-ozone/integration-test/target/test-dir/MiniOzoneClusterImpl-de3107aa-fdfe-498c-bc41-a98c7d3f2bf4/datanode-4/meta/datanode.id
2019-10-01 21:20:16,314 [main] INFO  volume.HddsVolume (HddsVolume.java:<init>(176)) - Creating Volume: /workdir/hadoop-ozone/integration-test/target/test-dir/MiniOzoneClusterImpl-de3107aa-fdfe-498c-bc41-a98c7d3f2bf4/datanode-5/data/containers/hdds of  storage type : DISK and capacity : 1482555576320
2019-10-01 21:20:16,314 [main] INFO  volume.VolumeSet (VolumeSet.java:initializeVolumeSet(170)) - Added Volume : /workdir/hadoop-ozone/integration-test/target/test-dir/MiniOzoneClusterImpl-de3107aa-fdfe-498c-bc41-a98c7d3f2bf4/datanode-5/data/containers/hdds to VolumeSet
2019-10-01 21:20:16,314 [main] INFO  volume.ThrottledAsyncChecker (ThrottledAsyncChecker.java:schedule(139)) - Scheduling a check for org.apache.hadoop.ozone.container.common.volume.HddsVolume@343e225a
2019-10-01 21:20:16,315 [main] INFO  volume.HddsVolumeChecker (HddsVolumeChecker.java:checkAllVolumes(202)) - Scheduled health check for volume org.apache.hadoop.ozone.container.common.volume.HddsVolume@343e225a
2019-10-01 21:20:16,326 [main] INFO  impl.RaftServerProxy (ConfUtils.java:logGet(43)) - raft.rpc.type = GRPC (default)
2019-10-01 21:20:16,327 [main] INFO  grpc.GrpcFactory (GrpcFactory.java:checkPooledByteBufAllocatorUseCacheForAllThreads(45)) - PERFORMANCE WARNING: useCacheForAllThreads is true that may cause Netty to create a lot garbage objects and, as a result, trigger GC.
	It is recommended to disable useCacheForAllThreads by setting -Dorg.apache.ratis.thirdparty.io.netty.allocator.useCacheForAllThreads=false in command line.
2019-10-01 21:20:16,327 [main] INFO  grpc.GrpcConfigKeys$Server (ConfUtils.java:logGet(43)) - raft.grpc.server.port = 0 (default)
2019-10-01 21:20:16,327 [main] INFO  server.GrpcService (ConfUtils.java:logGet(43)) - raft.grpc.message.size.max = 33570816 (custom)
2019-10-01 21:20:16,327 [main] INFO  server.RaftServerConfigKeys (ConfUtils.java:logGet(43)) - raft.server.log.appender.buffer.byte-limit = 33554432 (custom)
2019-10-01 21:20:16,327 [main] INFO  server.GrpcService (ConfUtils.java:logGet(43)) - raft.grpc.flow.control.window = 1MB (=1048576) (default)
2019-10-01 21:20:16,327 [main] INFO  server.RaftServerConfigKeys (ConfUtils.java:logGet(43)) - raft.server.rpc.request.timeout = 3000ms (default)
2019-10-01 21:20:16,328 [main] INFO  server.RaftServerConfigKeys (ConfUtils.java:logGet(43)) - raft.server.storage.dir = [/workdir/hadoop-ozone/integration-test/target/test-dir/MiniOzoneClusterImpl-de3107aa-fdfe-498c-bc41-a98c7d3f2bf4/datanode-5/data/ratis] (custom)
2019-10-01 21:20:16,329 [main] INFO  hdfs.DFSUtil (DFSUtil.java:httpServerTemplateForNNAndJN(1641)) - Starting Web-server for hddsDatanode at: http://0.0.0.0:0
2019-10-01 21:20:16,330 [main] INFO  server.AuthenticationFilter (AuthenticationFilter.java:constructSecretProvider(240)) - Unable to initialize FileSignerSecretProvider, falling back to use random secrets.
2019-10-01 21:20:16,330 [main] WARN  http.HttpRequestLog (HttpRequestLog.java:getRequestLog(97)) - Jetty request log can only be enabled using Log4j
2019-10-01 21:20:16,331 [main] INFO  http.HttpServer2 (HttpServer2.java:addGlobalFilter(975)) - Added global filter 'safety' (class=org.apache.hadoop.http.HttpServer2$QuotingInputFilter)
2019-10-01 21:20:16,332 [main] INFO  http.HttpServer2 (HttpServer2.java:addFilter(948)) - Added filter static_user_filter (class=org.apache.hadoop.http.lib.StaticUserWebFilter$StaticUserFilter) to context hddsDatanode
2019-10-01 21:20:16,332 [main] INFO  http.HttpServer2 (HttpServer2.java:addFilter(958)) - Added filter static_user_filter (class=org.apache.hadoop.http.lib.StaticUserWebFilter$StaticUserFilter) to context static
2019-10-01 21:20:16,332 [main] INFO  http.HttpServer2 (HttpServer2.java:addFilter(958)) - Added filter static_user_filter (class=org.apache.hadoop.http.lib.StaticUserWebFilter$StaticUserFilter) to context logs
2019-10-01 21:20:16,333 [main] INFO  http.HttpServer2 (HttpServer2.java:bindListener(1191)) - Jetty bound to port 46024
2019-10-01 21:20:16,333 [main] INFO  server.Server (Server.java:doStart(351)) - jetty-9.3.25.v20180904, build timestamp: 2018-09-04T21:11:46Z, git hash: 3ce520221d0240229c862b122d2b06c12a625732
2019-10-01 21:20:16,334 [main] INFO  handler.ContextHandler (ContextHandler.java:doStart(781)) - Started o.e.j.s.ServletContextHandler@65f40689{/logs,file:///workdir/hadoop-ozone/integration-test/target/log,AVAILABLE}
2019-10-01 21:20:16,335 [main] INFO  handler.ContextHandler (ContextHandler.java:doStart(781)) - Started o.e.j.s.ServletContextHandler@33eb6758{/static,jar:file:/home/user/.m2/repository/org/apache/hadoop/hadoop-hdds-container-service/0.5.0-SNAPSHOT/hadoop-hdds-container-service-0.5.0-SNAPSHOT.jar!/webapps/static,AVAILABLE}
2019-10-01 21:20:16,370 [main] INFO  handler.ContextHandler (ContextHandler.java:doStart(781)) - Started o.e.j.w.WebAppContext@75023c53{/,file:///tmp/jetty-0.0.0.0-46024-hddsDatanode-_-any-7947208055964267303.dir/webapp/,AVAILABLE}{/hddsDatanode}
2019-10-01 21:20:16,371 [main] INFO  server.AbstractConnector (AbstractConnector.java:doStart(278)) - Started ServerConnector@66813e6e{HTTP/1.1,[http/1.1]}{0.0.0.0:46024}
2019-10-01 21:20:16,372 [main] INFO  server.Server (Server.java:doStart(419)) - Started @45058ms
2019-10-01 21:20:16,373 [main] WARN  impl.MetricsSystemImpl (MetricsSystemImpl.java:register(276)) - Sink prometheus already exists!
2019-10-01 21:20:16,374 [main] INFO  server.BaseHttpServer (BaseHttpServer.java:updateConnectorAddress(215)) - HTTP server of HDDSDATANODE is listening at http://0.0.0.0:46024
2019-10-01 21:20:16,374 [main] INFO  impl.MetricsSystemImpl (MetricsSystemImpl.java:init(158)) - HddsDatanode metrics system started (again)
2019-10-01 21:20:16,378 [org.apache.hadoop.util.JvmPauseMonitor$Monitor@58bda674] INFO  util.JvmPauseMonitor (JvmPauseMonitor.java:run(188)) - Starting JVM pause monitor
2019-10-01 21:20:16,378 [main] INFO  ozone.HddsDatanodeService (HddsDatanodeService.java:start(184)) - HddsDatanodeService host:pr-hdds-2019-f2v2n-172752401 ip:192.168.151.69
2019-10-01 21:20:16,380 [Datanode State Machine Thread - 0] INFO  datanode.InitDatanodeState (InitDatanodeState.java:persistContainerDatanodeDetails(140)) - DatanodeDetails is persisted to /workdir/hadoop-ozone/integration-test/target/test-dir/MiniOzoneClusterImpl-de3107aa-fdfe-498c-bc41-a98c7d3f2bf4/datanode-5/meta/datanode.id
2019-10-01 21:20:16,384 [main] INFO  volume.HddsVolume (HddsVolume.java:<init>(176)) - Creating Volume: /workdir/hadoop-ozone/integration-test/target/test-dir/MiniOzoneClusterImpl-de3107aa-fdfe-498c-bc41-a98c7d3f2bf4/datanode-6/data/containers/hdds of  storage type : DISK and capacity : 1482555576320
2019-10-01 21:20:16,384 [main] INFO  volume.VolumeSet (VolumeSet.java:initializeVolumeSet(170)) - Added Volume : /workdir/hadoop-ozone/integration-test/target/test-dir/MiniOzoneClusterImpl-de3107aa-fdfe-498c-bc41-a98c7d3f2bf4/datanode-6/data/containers/hdds to VolumeSet
2019-10-01 21:20:16,385 [main] INFO  volume.ThrottledAsyncChecker (ThrottledAsyncChecker.java:schedule(139)) - Scheduling a check for org.apache.hadoop.ozone.container.common.volume.HddsVolume@3520963d
2019-10-01 21:20:16,385 [main] INFO  volume.HddsVolumeChecker (HddsVolumeChecker.java:checkAllVolumes(202)) - Scheduled health check for volume org.apache.hadoop.ozone.container.common.volume.HddsVolume@3520963d
2019-10-01 21:20:16,403 [main] INFO  impl.RaftServerProxy (ConfUtils.java:logGet(43)) - raft.rpc.type = GRPC (default)
2019-10-01 21:20:16,403 [main] INFO  grpc.GrpcFactory (GrpcFactory.java:checkPooledByteBufAllocatorUseCacheForAllThreads(45)) - PERFORMANCE WARNING: useCacheForAllThreads is true that may cause Netty to create a lot garbage objects and, as a result, trigger GC.
	It is recommended to disable useCacheForAllThreads by setting -Dorg.apache.ratis.thirdparty.io.netty.allocator.useCacheForAllThreads=false in command line.
2019-10-01 21:20:16,403 [main] INFO  grpc.GrpcConfigKeys$Server (ConfUtils.java:logGet(43)) - raft.grpc.server.port = 0 (default)
2019-10-01 21:20:16,404 [main] INFO  server.GrpcService (ConfUtils.java:logGet(43)) - raft.grpc.message.size.max = 33570816 (custom)
2019-10-01 21:20:16,404 [main] INFO  server.RaftServerConfigKeys (ConfUtils.java:logGet(43)) - raft.server.log.appender.buffer.byte-limit = 33554432 (custom)
2019-10-01 21:20:16,404 [main] INFO  server.GrpcService (ConfUtils.java:logGet(43)) - raft.grpc.flow.control.window = 1MB (=1048576) (default)
2019-10-01 21:20:16,404 [main] INFO  server.RaftServerConfigKeys (ConfUtils.java:logGet(43)) - raft.server.rpc.request.timeout = 3000ms (default)
2019-10-01 21:20:16,405 [main] INFO  server.RaftServerConfigKeys (ConfUtils.java:logGet(43)) - raft.server.storage.dir = [/workdir/hadoop-ozone/integration-test/target/test-dir/MiniOzoneClusterImpl-de3107aa-fdfe-498c-bc41-a98c7d3f2bf4/datanode-6/data/ratis] (custom)
2019-10-01 21:20:16,407 [main] INFO  hdfs.DFSUtil (DFSUtil.java:httpServerTemplateForNNAndJN(1641)) - Starting Web-server for hddsDatanode at: http://0.0.0.0:0
2019-10-01 21:20:16,408 [main] INFO  server.AuthenticationFilter (AuthenticationFilter.java:constructSecretProvider(240)) - Unable to initialize FileSignerSecretProvider, falling back to use random secrets.
2019-10-01 21:20:16,409 [main] WARN  http.HttpRequestLog (HttpRequestLog.java:getRequestLog(97)) - Jetty request log can only be enabled using Log4j
2019-10-01 21:20:16,410 [main] INFO  http.HttpServer2 (HttpServer2.java:addGlobalFilter(975)) - Added global filter 'safety' (class=org.apache.hadoop.http.HttpServer2$QuotingInputFilter)
2019-10-01 21:20:16,411 [main] INFO  http.HttpServer2 (HttpServer2.java:addFilter(948)) - Added filter static_user_filter (class=org.apache.hadoop.http.lib.StaticUserWebFilter$StaticUserFilter) to context hddsDatanode
2019-10-01 21:20:16,411 [main] INFO  http.HttpServer2 (HttpServer2.java:addFilter(958)) - Added filter static_user_filter (class=org.apache.hadoop.http.lib.StaticUserWebFilter$StaticUserFilter) to context logs
2019-10-01 21:20:16,411 [main] INFO  http.HttpServer2 (HttpServer2.java:addFilter(958)) - Added filter static_user_filter (class=org.apache.hadoop.http.lib.StaticUserWebFilter$StaticUserFilter) to context static
2019-10-01 21:20:16,412 [main] INFO  http.HttpServer2 (HttpServer2.java:bindListener(1191)) - Jetty bound to port 33825
2019-10-01 21:20:16,412 [main] INFO  server.Server (Server.java:doStart(351)) - jetty-9.3.25.v20180904, build timestamp: 2018-09-04T21:11:46Z, git hash: 3ce520221d0240229c862b122d2b06c12a625732
2019-10-01 21:20:16,414 [main] INFO  handler.ContextHandler (ContextHandler.java:doStart(781)) - Started o.e.j.s.ServletContextHandler@57ddd45b{/logs,file:///workdir/hadoop-ozone/integration-test/target/log,AVAILABLE}
2019-10-01 21:20:16,414 [main] INFO  handler.ContextHandler (ContextHandler.java:doStart(781)) - Started o.e.j.s.ServletContextHandler@2fb25f4c{/static,jar:file:/home/user/.m2/repository/org/apache/hadoop/hadoop-hdds-container-service/0.5.0-SNAPSHOT/hadoop-hdds-container-service-0.5.0-SNAPSHOT.jar!/webapps/static,AVAILABLE}
2019-10-01 21:20:16,448 [main] INFO  handler.ContextHandler (ContextHandler.java:doStart(781)) - Started o.e.j.w.WebAppContext@59c04bee{/,file:///tmp/jetty-0.0.0.0-33825-hddsDatanode-_-any-5312709416753361025.dir/webapp/,AVAILABLE}{/hddsDatanode}
2019-10-01 21:20:16,449 [main] INFO  server.AbstractConnector (AbstractConnector.java:doStart(278)) - Started ServerConnector@45900b64{HTTP/1.1,[http/1.1]}{0.0.0.0:33825}
2019-10-01 21:20:16,449 [main] INFO  server.Server (Server.java:doStart(419)) - Started @45135ms
2019-10-01 21:20:16,449 [main] WARN  impl.MetricsSystemImpl (MetricsSystemImpl.java:register(276)) - Sink prometheus already exists!
2019-10-01 21:20:16,450 [main] INFO  server.BaseHttpServer (BaseHttpServer.java:updateConnectorAddress(215)) - HTTP server of HDDSDATANODE is listening at http://0.0.0.0:33825
2019-10-01 21:20:16,451 [main] INFO  ozone.MiniOzoneClusterImpl (MiniOzoneClusterImpl.java:lambda$waitForClusterToBeReady$0(147)) - Waiting for cluster to be ready. Got 0 of 7 DN Heartbeats.
2019-10-01 21:20:16,454 [org.apache.hadoop.util.JvmPauseMonitor$Monitor@611c16a2] INFO  util.JvmPauseMonitor (JvmPauseMonitor.java:run(188)) - Starting JVM pause monitor
2019-10-01 21:20:16,455 [Datanode State Machine Thread - 0] INFO  datanode.InitDatanodeState (InitDatanodeState.java:persistContainerDatanodeDetails(140)) - DatanodeDetails is persisted to /workdir/hadoop-ozone/integration-test/target/test-dir/MiniOzoneClusterImpl-de3107aa-fdfe-498c-bc41-a98c7d3f2bf4/datanode-6/meta/datanode.id
2019-10-01 21:20:17,453 [main] INFO  ozone.MiniOzoneClusterImpl (MiniOzoneClusterImpl.java:lambda$waitForClusterToBeReady$0(147)) - Waiting for cluster to be ready. Got 0 of 7 DN Heartbeats.
2019-10-01 21:20:18,055 [Datanode State Machine Thread - 0] INFO  ozoneimpl.OzoneContainer (OzoneContainer.java:start(217)) - Attempting to start container services.
2019-10-01 21:20:18,058 [Datanode State Machine Thread - 0] INFO  ozoneimpl.OzoneContainer (OzoneContainer.java:startContainerScrub(179)) - Background container scanner has been disabled.
2019-10-01 21:20:18,058 [Datanode State Machine Thread - 0] INFO  ratis.XceiverServerRatis (XceiverServerRatis.java:start(411)) - Starting XceiverServerRatis 89fcfe45-dcaf-4b08-b5f3-b551067e5fd9 at port 0
2019-10-01 21:20:18,064 [Datanode State Machine Thread - 0] INFO  impl.RaftServerProxy (RaftServerProxy.java:lambda$start$3(299)) - 89fcfe45-dcaf-4b08-b5f3-b551067e5fd9: start RPC server
2019-10-01 21:20:18,066 [Datanode State Machine Thread - 0] INFO  server.GrpcService (GrpcService.java:startImpl(158)) - 89fcfe45-dcaf-4b08-b5f3-b551067e5fd9: GrpcService started, listening on 0.0.0.0/0.0.0.0:46466
2019-10-01 21:20:18,066 [Datanode State Machine Thread - 0] INFO  ratis.XceiverServerRatis (XceiverServerRatis.java:start(421)) - XceiverServerRatis 89fcfe45-dcaf-4b08-b5f3-b551067e5fd9 is started using port 46466
2019-10-01 21:20:18,067 [Datanode State Machine Thread - 0] INFO  server.XceiverServerGrpc (XceiverServerGrpc.java:start(149)) - XceiverServerGrpc 89fcfe45-dcaf-4b08-b5f3-b551067e5fd9 is started using port 35334
2019-10-01 21:20:18,132 [Datanode State Machine Thread - 0] INFO  ozoneimpl.OzoneContainer (OzoneContainer.java:start(217)) - Attempting to start container services.
2019-10-01 21:20:18,135 [Datanode State Machine Thread - 0] INFO  ozoneimpl.OzoneContainer (OzoneContainer.java:startContainerScrub(179)) - Background container scanner has been disabled.
2019-10-01 21:20:18,135 [Datanode State Machine Thread - 0] INFO  ratis.XceiverServerRatis (XceiverServerRatis.java:start(411)) - Starting XceiverServerRatis cbfa2b6e-20cc-4371-9247-0e10d1a91862 at port 0
2019-10-01 21:20:18,141 [Datanode State Machine Thread - 0] INFO  impl.RaftServerProxy (RaftServerProxy.java:lambda$start$3(299)) - cbfa2b6e-20cc-4371-9247-0e10d1a91862: start RPC server
2019-10-01 21:20:18,142 [Datanode State Machine Thread - 0] INFO  server.GrpcService (GrpcService.java:startImpl(158)) - cbfa2b6e-20cc-4371-9247-0e10d1a91862: GrpcService started, listening on 0.0.0.0/0.0.0.0:37800
2019-10-01 21:20:18,143 [Datanode State Machine Thread - 0] INFO  ratis.XceiverServerRatis (XceiverServerRatis.java:start(421)) - XceiverServerRatis cbfa2b6e-20cc-4371-9247-0e10d1a91862 is started using port 37800
2019-10-01 21:20:18,143 [Datanode State Machine Thread - 0] INFO  server.XceiverServerGrpc (XceiverServerGrpc.java:start(149)) - XceiverServerGrpc cbfa2b6e-20cc-4371-9247-0e10d1a91862 is started using port 35352
2019-10-01 21:20:18,192 [Datanode State Machine Thread - 0] INFO  ozoneimpl.OzoneContainer (OzoneContainer.java:start(217)) - Attempting to start container services.
2019-10-01 21:20:18,199 [Datanode State Machine Thread - 0] INFO  ozoneimpl.OzoneContainer (OzoneContainer.java:startContainerScrub(179)) - Background container scanner has been disabled.
2019-10-01 21:20:18,199 [Datanode State Machine Thread - 0] INFO  ratis.XceiverServerRatis (XceiverServerRatis.java:start(411)) - Starting XceiverServerRatis f9fd6070-3485-43a1-95a7-7a476b3e7642 at port 0
2019-10-01 21:20:18,205 [Datanode State Machine Thread - 0] INFO  impl.RaftServerProxy (RaftServerProxy.java:lambda$start$3(299)) - f9fd6070-3485-43a1-95a7-7a476b3e7642: start RPC server
2019-10-01 21:20:18,211 [Datanode State Machine Thread - 0] INFO  server.GrpcService (GrpcService.java:startImpl(158)) - f9fd6070-3485-43a1-95a7-7a476b3e7642: GrpcService started, listening on 0.0.0.0/0.0.0.0:33094
2019-10-01 21:20:18,211 [Datanode State Machine Thread - 0] INFO  ratis.XceiverServerRatis (XceiverServerRatis.java:start(421)) - XceiverServerRatis f9fd6070-3485-43a1-95a7-7a476b3e7642 is started using port 33094
2019-10-01 21:20:18,218 [Datanode State Machine Thread - 0] INFO  server.XceiverServerGrpc (XceiverServerGrpc.java:start(149)) - XceiverServerGrpc f9fd6070-3485-43a1-95a7-7a476b3e7642 is started using port 33277
2019-10-01 21:20:18,250 [Datanode State Machine Thread - 0] INFO  ozoneimpl.OzoneContainer (OzoneContainer.java:start(217)) - Attempting to start container services.
2019-10-01 21:20:18,250 [Datanode State Machine Thread - 0] INFO  ozoneimpl.OzoneContainer (OzoneContainer.java:startContainerScrub(179)) - Background container scanner has been disabled.
2019-10-01 21:20:18,250 [Datanode State Machine Thread - 0] INFO  ratis.XceiverServerRatis (XceiverServerRatis.java:start(411)) - Starting XceiverServerRatis d0df0752-8ca6-49d5-9bf2-5f9ebbca0165 at port 0
2019-10-01 21:20:18,256 [Datanode State Machine Thread - 0] INFO  impl.RaftServerProxy (RaftServerProxy.java:lambda$start$3(299)) - d0df0752-8ca6-49d5-9bf2-5f9ebbca0165: start RPC server
2019-10-01 21:20:18,258 [Datanode State Machine Thread - 0] INFO  server.GrpcService (GrpcService.java:startImpl(158)) - d0df0752-8ca6-49d5-9bf2-5f9ebbca0165: GrpcService started, listening on 0.0.0.0/0.0.0.0:44530
2019-10-01 21:20:18,259 [Datanode State Machine Thread - 0] INFO  ratis.XceiverServerRatis (XceiverServerRatis.java:start(421)) - XceiverServerRatis d0df0752-8ca6-49d5-9bf2-5f9ebbca0165 is started using port 44530
2019-10-01 21:20:18,261 [Datanode State Machine Thread - 0] INFO  server.XceiverServerGrpc (XceiverServerGrpc.java:start(149)) - XceiverServerGrpc d0df0752-8ca6-49d5-9bf2-5f9ebbca0165 is started using port 45155
2019-10-01 21:20:18,322 [Datanode State Machine Thread - 0] INFO  ozoneimpl.OzoneContainer (OzoneContainer.java:start(217)) - Attempting to start container services.
2019-10-01 21:20:18,322 [Datanode State Machine Thread - 0] INFO  ozoneimpl.OzoneContainer (OzoneContainer.java:startContainerScrub(179)) - Background container scanner has been disabled.
2019-10-01 21:20:18,322 [Datanode State Machine Thread - 0] INFO  ratis.XceiverServerRatis (XceiverServerRatis.java:start(411)) - Starting XceiverServerRatis b2c9ba6a-9bd8-402b-8c7d-73b100db3170 at port 0
2019-10-01 21:20:18,328 [Datanode State Machine Thread - 0] INFO  impl.RaftServerProxy (RaftServerProxy.java:lambda$start$3(299)) - b2c9ba6a-9bd8-402b-8c7d-73b100db3170: start RPC server
2019-10-01 21:20:18,329 [Datanode State Machine Thread - 0] INFO  server.GrpcService (GrpcService.java:startImpl(158)) - b2c9ba6a-9bd8-402b-8c7d-73b100db3170: GrpcService started, listening on 0.0.0.0/0.0.0.0:42652
2019-10-01 21:20:18,329 [Datanode State Machine Thread - 0] INFO  ratis.XceiverServerRatis (XceiverServerRatis.java:start(421)) - XceiverServerRatis b2c9ba6a-9bd8-402b-8c7d-73b100db3170 is started using port 42652
2019-10-01 21:20:18,330 [Datanode State Machine Thread - 0] INFO  server.XceiverServerGrpc (XceiverServerGrpc.java:start(149)) - XceiverServerGrpc b2c9ba6a-9bd8-402b-8c7d-73b100db3170 is started using port 40076
2019-10-01 21:20:18,392 [Datanode State Machine Thread - 0] INFO  ozoneimpl.OzoneContainer (OzoneContainer.java:start(217)) - Attempting to start container services.
2019-10-01 21:20:18,392 [Datanode State Machine Thread - 0] INFO  ozoneimpl.OzoneContainer (OzoneContainer.java:startContainerScrub(179)) - Background container scanner has been disabled.
2019-10-01 21:20:18,392 [Datanode State Machine Thread - 0] INFO  ratis.XceiverServerRatis (XceiverServerRatis.java:start(411)) - Starting XceiverServerRatis 02e284fd-040a-4e6e-a977-f8bb7b31abf7 at port 0
2019-10-01 21:20:18,398 [Datanode State Machine Thread - 0] INFO  impl.RaftServerProxy (RaftServerProxy.java:lambda$start$3(299)) - 02e284fd-040a-4e6e-a977-f8bb7b31abf7: start RPC server
2019-10-01 21:20:18,400 [Datanode State Machine Thread - 0] INFO  server.GrpcService (GrpcService.java:startImpl(158)) - 02e284fd-040a-4e6e-a977-f8bb7b31abf7: GrpcService started, listening on 0.0.0.0/0.0.0.0:39276
2019-10-01 21:20:18,401 [Datanode State Machine Thread - 0] INFO  ratis.XceiverServerRatis (XceiverServerRatis.java:start(421)) - XceiverServerRatis 02e284fd-040a-4e6e-a977-f8bb7b31abf7 is started using port 39276
2019-10-01 21:20:18,401 [Datanode State Machine Thread - 0] INFO  server.XceiverServerGrpc (XceiverServerGrpc.java:start(149)) - XceiverServerGrpc 02e284fd-040a-4e6e-a977-f8bb7b31abf7 is started using port 38051
2019-10-01 21:20:18,454 [main] INFO  ozone.MiniOzoneClusterImpl (MiniOzoneClusterImpl.java:lambda$waitForClusterToBeReady$0(147)) - Waiting for cluster to be ready. Got 0 of 7 DN Heartbeats.
2019-10-01 21:20:18,467 [Datanode State Machine Thread - 0] INFO  ozoneimpl.OzoneContainer (OzoneContainer.java:start(217)) - Attempting to start container services.
2019-10-01 21:20:18,467 [Datanode State Machine Thread - 0] INFO  ozoneimpl.OzoneContainer (OzoneContainer.java:startContainerScrub(179)) - Background container scanner has been disabled.
2019-10-01 21:20:18,467 [Datanode State Machine Thread - 0] INFO  ratis.XceiverServerRatis (XceiverServerRatis.java:start(411)) - Starting XceiverServerRatis 7240ac6f-0c5d-4826-acb2-f29a34e53932 at port 0
2019-10-01 21:20:18,471 [Datanode State Machine Thread - 0] INFO  impl.RaftServerProxy (RaftServerProxy.java:lambda$start$3(299)) - 7240ac6f-0c5d-4826-acb2-f29a34e53932: start RPC server
2019-10-01 21:20:18,472 [Datanode State Machine Thread - 0] INFO  server.GrpcService (GrpcService.java:startImpl(158)) - 7240ac6f-0c5d-4826-acb2-f29a34e53932: GrpcService started, listening on 0.0.0.0/0.0.0.0:34236
2019-10-01 21:20:18,472 [Datanode State Machine Thread - 0] INFO  ratis.XceiverServerRatis (XceiverServerRatis.java:start(421)) - XceiverServerRatis 7240ac6f-0c5d-4826-acb2-f29a34e53932 is started using port 34236
2019-10-01 21:20:18,473 [Datanode State Machine Thread - 0] INFO  server.XceiverServerGrpc (XceiverServerGrpc.java:start(149)) - XceiverServerGrpc 7240ac6f-0c5d-4826-acb2-f29a34e53932 is started using port 39529
2019-10-01 21:20:19,454 [main] INFO  ozone.MiniOzoneClusterImpl (MiniOzoneClusterImpl.java:lambda$waitForClusterToBeReady$0(147)) - Waiting for cluster to be ready. Got 0 of 7 DN Heartbeats.
2019-10-01 21:20:20,037 [IPC Server handler 2 on 34742] INFO  net.NetworkTopology (NetworkTopologyImpl.java:add(111)) - Added a new node: /default-rack/89fcfe45-dcaf-4b08-b5f3-b551067e5fd9
2019-10-01 21:20:20,039 [IPC Server handler 2 on 34742] INFO  node.SCMNodeManager (SCMNodeManager.java:register(266)) - Registered Data node : 89fcfe45-dcaf-4b08-b5f3-b551067e5fd9{ip: 192.168.151.69, host: pr-hdds-2019-f2v2n-172752401, networkLocation: /default-rack, certSerialId: null}
2019-10-01 21:20:20,041 [EventQueue-NodeRegistrationContainerReportForDataNodeSafeModeRule] INFO  safemode.SCMSafeModeManager (DataNodeSafeModeRule.java:process(71)) - SCM in safe mode. 1 DataNodes registered, 1 required.
2019-10-01 21:20:20,043 [EventQueue-NodeRegistrationContainerReportForDataNodeSafeModeRule] INFO  safemode.SCMSafeModeManager (SCMSafeModeManager.java:validateSafeModeExitRules(177)) - ScmSafeModeManager, all rules are successfully validated
2019-10-01 21:20:20,043 [EventQueue-NodeRegistrationContainerReportForDataNodeSafeModeRule] INFO  safemode.SCMSafeModeManager (SCMSafeModeManager.java:exitSafeMode(193)) - SCM exiting safe mode.
2019-10-01 21:20:20,058 [grpc-default-executor-1] INFO  impl.RaftServerProxy (RaftServerProxy.java:addNew(89)) - 89fcfe45-dcaf-4b08-b5f3-b551067e5fd9: addNew group-77ABC0FA8CAA:[89fcfe45-dcaf-4b08-b5f3-b551067e5fd9:192.168.151.69:46466] returns group-77ABC0FA8CAA:java.util.concurrent.CompletableFuture@5af88c70[Not completed]
2019-10-01 21:20:20,060 [pool-119-thread-1] INFO  impl.RaftServerImpl (RaftServerImpl.java:<init>(95)) - 89fcfe45-dcaf-4b08-b5f3-b551067e5fd9: new RaftServerImpl for group-77ABC0FA8CAA:[89fcfe45-dcaf-4b08-b5f3-b551067e5fd9:192.168.151.69:46466] with ContainerStateMachine:uninitialized
2019-10-01 21:20:20,060 [pool-119-thread-1] INFO  server.RaftServerConfigKeys (ConfUtils.java:logGet(43)) - raft.server.rpc.timeout.min = 5s (custom)
2019-10-01 21:20:20,060 [pool-119-thread-1] INFO  server.RaftServerConfigKeys (ConfUtils.java:logGet(43)) - raft.server.rpc.timeout.max = 5200ms (custom)
2019-10-01 21:20:20,061 [pool-119-thread-1] INFO  server.RaftServerConfigKeys (ConfUtils.java:logGet(43)) - raft.server.rpcslowness.timeout = 120s (custom)
2019-10-01 21:20:20,061 [pool-119-thread-1] INFO  server.RaftServerConfigKeys (ConfUtils.java:logGet(43)) - raft.server.sleep.deviation.threshold = 300 (default)
2019-10-01 21:20:20,061 [pool-119-thread-1] INFO  server.RaftServerConfigKeys (ConfUtils.java:logGet(43)) - raft.server.log.appender.install.snapshot.enabled = false (custom)
2019-10-01 21:20:20,061 [pool-119-thread-1] INFO  impl.RaftServerImpl (ServerState.java:<init>(103)) - 89fcfe45-dcaf-4b08-b5f3-b551067e5fd9@group-77ABC0FA8CAA: ConfigurationManager, init=-1: [89fcfe45-dcaf-4b08-b5f3-b551067e5fd9:192.168.151.69:46466], old=null, confs=<EMPTY_MAP>
2019-10-01 21:20:20,061 [pool-119-thread-1] INFO  server.RaftServerConfigKeys (ConfUtils.java:logGet(43)) - raft.server.storage.dir = [/workdir/hadoop-ozone/integration-test/target/test-dir/MiniOzoneClusterImpl-de3107aa-fdfe-498c-bc41-a98c7d3f2bf4/datanode-0/data/ratis] (custom)
2019-10-01 21:20:20,062 [pool-119-thread-1] INFO  storage.RaftStorageDirectory (RaftStorageDirectory.java:analyzeStorage(246)) - The storage directory /workdir/hadoop-ozone/integration-test/target/test-dir/MiniOzoneClusterImpl-de3107aa-fdfe-498c-bc41-a98c7d3f2bf4/datanode-0/data/ratis/8cbdd6b8-dc45-460c-843c-77abc0fa8caa does not exist. Creating ...
2019-10-01 21:20:20,075 [pool-119-thread-1] INFO  storage.RaftStorageDirectory (RaftStorageDirectory.java:tryLock(328)) - Lock on /workdir/hadoop-ozone/integration-test/target/test-dir/MiniOzoneClusterImpl-de3107aa-fdfe-498c-bc41-a98c7d3f2bf4/datanode-0/data/ratis/8cbdd6b8-dc45-460c-843c-77abc0fa8caa/in_use.lock acquired by nodename 9596@pr-hdds-2019-f2v2n-172752401
2019-10-01 21:20:20,088 [pool-119-thread-1] INFO  storage.RaftStorage (RaftStorage.java:format(72)) - Storage directory /workdir/hadoop-ozone/integration-test/target/test-dir/MiniOzoneClusterImpl-de3107aa-fdfe-498c-bc41-a98c7d3f2bf4/datanode-0/data/ratis/8cbdd6b8-dc45-460c-843c-77abc0fa8caa has been successfully formatted.
2019-10-01 21:20:20,088 [pool-119-thread-1] INFO  ratis.ContainerStateMachine (ContainerStateMachine.java:loadSnapshot(230)) - group-77ABC0FA8CAA: The snapshot info is null. Setting the last applied indexto:(t:0, i:~)
2019-10-01 21:20:20,089 [pool-119-thread-1] INFO  server.RaftServerConfigKeys (ConfUtils.java:logGet(43)) - raft.server.notification.no-leader.timeout = 120s (custom)
2019-10-01 21:20:20,089 [pool-119-thread-1] INFO  server.RaftServerConfigKeys (ConfUtils.java:logGet(43)) - raft.server.log.use.memory = false (default)
2019-10-01 21:20:20,089 [pool-119-thread-1] INFO  server.RaftServerConfigKeys (ConfUtils.java:logGet(43)) - raft.server.log.purge.gap = 1000000 (custom)
2019-10-01 21:20:20,089 [pool-119-thread-1] INFO  server.RaftServerConfigKeys (ConfUtils.java:logGet(43)) - raft.server.log.appender.buffer.byte-limit = 33554432 (custom)
2019-10-01 21:20:20,089 [pool-119-thread-1] INFO  server.RaftServerConfigKeys (ConfUtils.java:logGet(43)) - raft.server.log.segment.size.max = 1048576 (custom)
2019-10-01 21:20:20,090 [pool-119-thread-1] INFO  server.RaftServerConfigKeys (ConfUtils.java:logGet(43)) - raft.server.log.segment.cache.num.max = 2 (custom)
2019-10-01 21:20:20,090 [pool-119-thread-1] INFO  segmented.SegmentedRaftLogWorker (SegmentedRaftLogWorker.java:<init>(172)) - new 89fcfe45-dcaf-4b08-b5f3-b551067e5fd9@group-77ABC0FA8CAA-SegmentedRaftLogWorker for RaftStorage:Storage Directory /workdir/hadoop-ozone/integration-test/target/test-dir/MiniOzoneClusterImpl-de3107aa-fdfe-498c-bc41-a98c7d3f2bf4/datanode-0/data/ratis/8cbdd6b8-dc45-460c-843c-77abc0fa8caa
2019-10-01 21:20:20,093 [pool-119-thread-1] INFO  server.RaftServerConfigKeys (ConfUtils.java:logGet(43)) - raft.server.log.queue.byte-limit = 2147483647 (custom)
2019-10-01 21:20:20,094 [pool-119-thread-1] INFO  server.RaftServerConfigKeys (ConfUtils.java:logGet(43)) - raft.server.log.queue.element-limit = 1024 (custom)
2019-10-01 21:20:20,094 [pool-119-thread-1] INFO  server.RaftServerConfigKeys (ConfUtils.java:logGet(43)) - raft.server.log.segment.size.max = 1048576 (custom)
2019-10-01 21:20:20,094 [pool-119-thread-1] INFO  server.RaftServerConfigKeys (ConfUtils.java:logGet(43)) - raft.server.log.preallocated.size = 16384 (custom)
2019-10-01 21:20:20,094 [pool-119-thread-1] INFO  server.RaftServerConfigKeys (ConfUtils.java:logGet(43)) - raft.server.log.write.buffer.size = 33554432 (custom)
2019-10-01 21:20:20,095 [pool-119-thread-1] INFO  server.RaftServerConfigKeys (ConfUtils.java:logGet(43)) - raft.server.log.force.sync.num = 128 (default)
2019-10-01 21:20:20,095 [pool-119-thread-1] INFO  server.RaftServerConfigKeys (ConfUtils.java:logGet(43)) - raft.server.log.statemachine.data.sync = true (default)
2019-10-01 21:20:20,095 [pool-119-thread-1] INFO  server.RaftServerConfigKeys (ConfUtils.java:logGet(43)) - raft.server.log.statemachine.data.sync.timeout = 10s (default)
2019-10-01 21:20:20,095 [pool-119-thread-1] INFO  server.RaftServerConfigKeys (ConfUtils.java:logGet(43)) - raft.server.log.statemachine.data.sync.timeout.retry = -1 (default)
2019-10-01 21:20:20,096 [pool-119-thread-1] INFO  server.RaftServerConfigKeys (ConfUtils.java:logGet(43)) - raft.server.log.statemachine.data.caching.enabled = true (custom)
2019-10-01 21:20:20,096 [pool-119-thread-1] INFO  segmented.SegmentedRaftLogWorker (SegmentedRaftLogWorker.java:lambda$new$0(132)) - 89fcfe45-dcaf-4b08-b5f3-b551067e5fd9@group-77ABC0FA8CAA-SegmentedRaftLogWorker: flushIndex: setUnconditionally 0 -> -1
2019-10-01 21:20:20,097 [pool-119-thread-1] INFO  server.RaftServerConfigKeys (ConfUtils.java:logGet(43)) - raft.server.snapshot.auto.trigger.enabled = true (custom)
2019-10-01 21:20:20,097 [pool-119-thread-1] INFO  server.RaftServerConfigKeys (ConfUtils.java:logGet(43)) - raft.server.snapshot.auto.trigger.threshold = 10000 (custom)
2019-10-01 21:20:20,097 [pool-119-thread-1] INFO  server.RaftServerConfigKeys (ConfUtils.java:logGet(43)) - raft.server.snapshot.retention.num.files = 5 (custom)
2019-10-01 21:20:20,097 [pool-119-thread-1] INFO  server.RaftServerConfigKeys (ConfUtils.java:logGet(43)) - raft.server.retrycache.expirytime = 600000ms (custom)
2019-10-01 21:20:20,100 [pool-119-thread-1] INFO  impl.RaftServerImpl (RaftServerImpl.java:start(185)) - 89fcfe45-dcaf-4b08-b5f3-b551067e5fd9@group-77ABC0FA8CAA: start as a follower, conf=-1: [89fcfe45-dcaf-4b08-b5f3-b551067e5fd9:192.168.151.69:46466], old=null
2019-10-01 21:20:20,100 [pool-119-thread-1] INFO  impl.RaftServerImpl (RaftServerImpl.java:setRole(174)) - 89fcfe45-dcaf-4b08-b5f3-b551067e5fd9@group-77ABC0FA8CAA: changes role from      null to FOLLOWER at term 0 for startAsFollower
2019-10-01 21:20:20,101 [pool-119-thread-1] INFO  impl.RoleInfo (RoleInfo.java:updateAndGet(143)) - 89fcfe45-dcaf-4b08-b5f3-b551067e5fd9: start FollowerState
2019-10-01 21:20:20,101 [pool-119-thread-1] INFO  util.JmxRegister (JmxRegister.java:tryRegister(44)) - Successfully registered JMX Bean with object name Ratis:service=RaftServer,group=group-77ABC0FA8CAA,id=89fcfe45-dcaf-4b08-b5f3-b551067e5fd9
2019-10-01 21:20:20,104 [RatisPipelineUtilsThread] INFO  pipeline.PipelineStateManager (PipelineStateManager.java:addPipeline(56)) - Created pipeline Pipeline[ Id: 8cbdd6b8-dc45-460c-843c-77abc0fa8caa, Nodes: 89fcfe45-dcaf-4b08-b5f3-b551067e5fd9{ip: 192.168.151.69, host: pr-hdds-2019-f2v2n-172752401, networkLocation: /default-rack, certSerialId: null}, Type:RATIS, Factor:ONE, State:OPEN]
2019-10-01 21:20:20,118 [IPC Server handler 3 on 34742] INFO  net.NetworkTopology (NetworkTopologyImpl.java:add(111)) - Added a new node: /default-rack/cbfa2b6e-20cc-4371-9247-0e10d1a91862
2019-10-01 21:20:20,118 [IPC Server handler 3 on 34742] INFO  node.SCMNodeManager (SCMNodeManager.java:register(266)) - Registered Data node : cbfa2b6e-20cc-4371-9247-0e10d1a91862{ip: 192.168.151.69, host: pr-hdds-2019-f2v2n-172752401, networkLocation: /default-rack, certSerialId: null}
2019-10-01 21:20:20,126 [grpc-default-executor-1] INFO  impl.RaftServerProxy (RaftServerProxy.java:addNew(89)) - cbfa2b6e-20cc-4371-9247-0e10d1a91862: addNew group-B3A71ABDDB47:[cbfa2b6e-20cc-4371-9247-0e10d1a91862:192.168.151.69:37800] returns group-B3A71ABDDB47:java.util.concurrent.CompletableFuture@75e894c3[Not completed]
2019-10-01 21:20:20,128 [pool-129-thread-1] INFO  impl.RaftServerImpl (RaftServerImpl.java:<init>(95)) - cbfa2b6e-20cc-4371-9247-0e10d1a91862: new RaftServerImpl for group-B3A71ABDDB47:[cbfa2b6e-20cc-4371-9247-0e10d1a91862:192.168.151.69:37800] with ContainerStateMachine:uninitialized
2019-10-01 21:20:20,128 [pool-129-thread-1] INFO  server.RaftServerConfigKeys (ConfUtils.java:logGet(43)) - raft.server.rpc.timeout.min = 5s (custom)
2019-10-01 21:20:20,128 [pool-129-thread-1] INFO  server.RaftServerConfigKeys (ConfUtils.java:logGet(43)) - raft.server.rpc.timeout.max = 5200ms (custom)
2019-10-01 21:20:20,128 [pool-129-thread-1] INFO  server.RaftServerConfigKeys (ConfUtils.java:logGet(43)) - raft.server.rpcslowness.timeout = 120s (custom)
2019-10-01 21:20:20,128 [pool-129-thread-1] INFO  server.RaftServerConfigKeys (ConfUtils.java:logGet(43)) - raft.server.sleep.deviation.threshold = 300 (default)
2019-10-01 21:20:20,128 [pool-129-thread-1] INFO  server.RaftServerConfigKeys (ConfUtils.java:logGet(43)) - raft.server.log.appender.install.snapshot.enabled = false (custom)
2019-10-01 21:20:20,128 [pool-129-thread-1] INFO  impl.RaftServerImpl (ServerState.java:<init>(103)) - cbfa2b6e-20cc-4371-9247-0e10d1a91862@group-B3A71ABDDB47: ConfigurationManager, init=-1: [cbfa2b6e-20cc-4371-9247-0e10d1a91862:192.168.151.69:37800], old=null, confs=<EMPTY_MAP>
2019-10-01 21:20:20,129 [pool-129-thread-1] INFO  server.RaftServerConfigKeys (ConfUtils.java:logGet(43)) - raft.server.storage.dir = [/workdir/hadoop-ozone/integration-test/target/test-dir/MiniOzoneClusterImpl-de3107aa-fdfe-498c-bc41-a98c7d3f2bf4/datanode-1/data/ratis] (custom)
2019-10-01 21:20:20,129 [pool-129-thread-1] INFO  storage.RaftStorageDirectory (RaftStorageDirectory.java:analyzeStorage(246)) - The storage directory /workdir/hadoop-ozone/integration-test/target/test-dir/MiniOzoneClusterImpl-de3107aa-fdfe-498c-bc41-a98c7d3f2bf4/datanode-1/data/ratis/39e256b0-4c46-4bfa-af27-b3a71abddb47 does not exist. Creating ...
2019-10-01 21:20:20,142 [pool-129-thread-1] INFO  storage.RaftStorageDirectory (RaftStorageDirectory.java:tryLock(328)) - Lock on /workdir/hadoop-ozone/integration-test/target/test-dir/MiniOzoneClusterImpl-de3107aa-fdfe-498c-bc41-a98c7d3f2bf4/datanode-1/data/ratis/39e256b0-4c46-4bfa-af27-b3a71abddb47/in_use.lock acquired by nodename 9596@pr-hdds-2019-f2v2n-172752401
2019-10-01 21:20:20,164 [pool-129-thread-1] INFO  storage.RaftStorage (RaftStorage.java:format(72)) - Storage directory /workdir/hadoop-ozone/integration-test/target/test-dir/MiniOzoneClusterImpl-de3107aa-fdfe-498c-bc41-a98c7d3f2bf4/datanode-1/data/ratis/39e256b0-4c46-4bfa-af27-b3a71abddb47 has been successfully formatted.
2019-10-01 21:20:20,164 [pool-129-thread-1] INFO  ratis.ContainerStateMachine (ContainerStateMachine.java:loadSnapshot(230)) - group-B3A71ABDDB47: The snapshot info is null. Setting the last applied indexto:(t:0, i:~)
2019-10-01 21:20:20,164 [pool-129-thread-1] INFO  server.RaftServerConfigKeys (ConfUtils.java:logGet(43)) - raft.server.notification.no-leader.timeout = 120s (custom)
2019-10-01 21:20:20,164 [pool-129-thread-1] INFO  server.RaftServerConfigKeys (ConfUtils.java:logGet(43)) - raft.server.log.use.memory = false (default)
2019-10-01 21:20:20,165 [pool-129-thread-1] INFO  server.RaftServerConfigKeys (ConfUtils.java:logGet(43)) - raft.server.log.purge.gap = 1000000 (custom)
2019-10-01 21:20:20,165 [pool-129-thread-1] INFO  server.RaftServerConfigKeys (ConfUtils.java:logGet(43)) - raft.server.log.appender.buffer.byte-limit = 33554432 (custom)
2019-10-01 21:20:20,165 [pool-129-thread-1] INFO  server.RaftServerConfigKeys (ConfUtils.java:logGet(43)) - raft.server.log.segment.size.max = 1048576 (custom)
2019-10-01 21:20:20,165 [pool-129-thread-1] INFO  server.RaftServerConfigKeys (ConfUtils.java:logGet(43)) - raft.server.log.segment.cache.num.max = 2 (custom)
2019-10-01 21:20:20,165 [pool-129-thread-1] INFO  segmented.SegmentedRaftLogWorker (SegmentedRaftLogWorker.java:<init>(172)) - new cbfa2b6e-20cc-4371-9247-0e10d1a91862@group-B3A71ABDDB47-SegmentedRaftLogWorker for RaftStorage:Storage Directory /workdir/hadoop-ozone/integration-test/target/test-dir/MiniOzoneClusterImpl-de3107aa-fdfe-498c-bc41-a98c7d3f2bf4/datanode-1/data/ratis/39e256b0-4c46-4bfa-af27-b3a71abddb47
2019-10-01 21:20:20,169 [pool-129-thread-1] INFO  server.RaftServerConfigKeys (ConfUtils.java:logGet(43)) - raft.server.log.queue.byte-limit = 2147483647 (custom)
2019-10-01 21:20:20,169 [pool-129-thread-1] INFO  server.RaftServerConfigKeys (ConfUtils.java:logGet(43)) - raft.server.log.queue.element-limit = 1024 (custom)
2019-10-01 21:20:20,169 [pool-129-thread-1] INFO  server.RaftServerConfigKeys (ConfUtils.java:logGet(43)) - raft.server.log.segment.size.max = 1048576 (custom)
2019-10-01 21:20:20,170 [pool-129-thread-1] INFO  server.RaftServerConfigKeys (ConfUtils.java:logGet(43)) - raft.server.log.preallocated.size = 16384 (custom)
2019-10-01 21:20:20,170 [pool-129-thread-1] INFO  server.RaftServerConfigKeys (ConfUtils.java:logGet(43)) - raft.server.log.write.buffer.size = 33554432 (custom)
2019-10-01 21:20:20,170 [pool-129-thread-1] INFO  server.RaftServerConfigKeys (ConfUtils.java:logGet(43)) - raft.server.log.force.sync.num = 128 (default)
2019-10-01 21:20:20,170 [pool-129-thread-1] INFO  server.RaftServerConfigKeys (ConfUtils.java:logGet(43)) - raft.server.log.statemachine.data.sync = true (default)
2019-10-01 21:20:20,170 [pool-129-thread-1] INFO  server.RaftServerConfigKeys (ConfUtils.java:logGet(43)) - raft.server.log.statemachine.data.sync.timeout = 10s (default)
2019-10-01 21:20:20,171 [pool-129-thread-1] INFO  server.RaftServerConfigKeys (ConfUtils.java:logGet(43)) - raft.server.log.statemachine.data.sync.timeout.retry = -1 (default)
2019-10-01 21:20:20,171 [pool-129-thread-1] INFO  server.RaftServerConfigKeys (ConfUtils.java:logGet(43)) - raft.server.log.statemachine.data.caching.enabled = true (custom)
2019-10-01 21:20:20,171 [pool-129-thread-1] INFO  segmented.SegmentedRaftLogWorker (SegmentedRaftLogWorker.java:lambda$new$0(132)) - cbfa2b6e-20cc-4371-9247-0e10d1a91862@group-B3A71ABDDB47-SegmentedRaftLogWorker: flushIndex: setUnconditionally 0 -> -1
2019-10-01 21:20:20,172 [pool-129-thread-1] INFO  server.RaftServerConfigKeys (ConfUtils.java:logGet(43)) - raft.server.snapshot.auto.trigger.enabled = true (custom)
2019-10-01 21:20:20,172 [pool-129-thread-1] INFO  server.RaftServerConfigKeys (ConfUtils.java:logGet(43)) - raft.server.snapshot.auto.trigger.threshold = 10000 (custom)
2019-10-01 21:20:20,172 [pool-129-thread-1] INFO  server.RaftServerConfigKeys (ConfUtils.java:logGet(43)) - raft.server.snapshot.retention.num.files = 5 (custom)
2019-10-01 21:20:20,172 [pool-129-thread-1] INFO  server.RaftServerConfigKeys (ConfUtils.java:logGet(43)) - raft.server.retrycache.expirytime = 600000ms (custom)
2019-10-01 21:20:20,177 [pool-129-thread-1] INFO  impl.RaftServerImpl (RaftServerImpl.java:start(185)) - cbfa2b6e-20cc-4371-9247-0e10d1a91862@group-B3A71ABDDB47: start as a follower, conf=-1: [cbfa2b6e-20cc-4371-9247-0e10d1a91862:192.168.151.69:37800], old=null
2019-10-01 21:20:20,178 [pool-129-thread-1] INFO  impl.RaftServerImpl (RaftServerImpl.java:setRole(174)) - cbfa2b6e-20cc-4371-9247-0e10d1a91862@group-B3A71ABDDB47: changes role from      null to FOLLOWER at term 0 for startAsFollower
2019-10-01 21:20:20,178 [pool-129-thread-1] INFO  impl.RoleInfo (RoleInfo.java:updateAndGet(143)) - cbfa2b6e-20cc-4371-9247-0e10d1a91862: start FollowerState
2019-10-01 21:20:20,179 [pool-129-thread-1] INFO  util.JmxRegister (JmxRegister.java:tryRegister(44)) - Successfully registered JMX Bean with object name Ratis:service=RaftServer,group=group-B3A71ABDDB47,id=cbfa2b6e-20cc-4371-9247-0e10d1a91862
2019-10-01 21:20:20,179 [IPC Server handler 1 on 34742] INFO  net.NetworkTopology (NetworkTopologyImpl.java:add(111)) - Added a new node: /default-rack/f9fd6070-3485-43a1-95a7-7a476b3e7642
2019-10-01 21:20:20,179 [IPC Server handler 1 on 34742] INFO  node.SCMNodeManager (SCMNodeManager.java:register(266)) - Registered Data node : f9fd6070-3485-43a1-95a7-7a476b3e7642{ip: 192.168.151.69, host: pr-hdds-2019-f2v2n-172752401, networkLocation: /default-rack, certSerialId: null}
2019-10-01 21:20:20,182 [RatisPipelineUtilsThread] INFO  pipeline.PipelineStateManager (PipelineStateManager.java:addPipeline(56)) - Created pipeline Pipeline[ Id: 39e256b0-4c46-4bfa-af27-b3a71abddb47, Nodes: cbfa2b6e-20cc-4371-9247-0e10d1a91862{ip: 192.168.151.69, host: pr-hdds-2019-f2v2n-172752401, networkLocation: /default-rack, certSerialId: null}, Type:RATIS, Factor:ONE, State:OPEN]
2019-10-01 21:20:20,192 [grpc-default-executor-1] INFO  impl.RaftServerProxy (RaftServerProxy.java:addNew(89)) - f9fd6070-3485-43a1-95a7-7a476b3e7642: addNew group-7AC3167DCB6A:[f9fd6070-3485-43a1-95a7-7a476b3e7642:192.168.151.69:33094] returns group-7AC3167DCB6A:java.util.concurrent.CompletableFuture@3076d669[Not completed]
2019-10-01 21:20:20,197 [pool-139-thread-1] INFO  impl.RaftServerImpl (RaftServerImpl.java:<init>(95)) - f9fd6070-3485-43a1-95a7-7a476b3e7642: new RaftServerImpl for group-7AC3167DCB6A:[f9fd6070-3485-43a1-95a7-7a476b3e7642:192.168.151.69:33094] with ContainerStateMachine:uninitialized
2019-10-01 21:20:20,198 [pool-139-thread-1] INFO  server.RaftServerConfigKeys (ConfUtils.java:logGet(43)) - raft.server.rpc.timeout.min = 5s (custom)
2019-10-01 21:20:20,198 [pool-139-thread-1] INFO  server.RaftServerConfigKeys (ConfUtils.java:logGet(43)) - raft.server.rpc.timeout.max = 5200ms (custom)
2019-10-01 21:20:20,198 [pool-139-thread-1] INFO  server.RaftServerConfigKeys (ConfUtils.java:logGet(43)) - raft.server.rpcslowness.timeout = 120s (custom)
2019-10-01 21:20:20,198 [pool-139-thread-1] INFO  server.RaftServerConfigKeys (ConfUtils.java:logGet(43)) - raft.server.sleep.deviation.threshold = 300 (default)
2019-10-01 21:20:20,199 [pool-139-thread-1] INFO  server.RaftServerConfigKeys (ConfUtils.java:logGet(43)) - raft.server.log.appender.install.snapshot.enabled = false (custom)
2019-10-01 21:20:20,199 [pool-139-thread-1] INFO  impl.RaftServerImpl (ServerState.java:<init>(103)) - f9fd6070-3485-43a1-95a7-7a476b3e7642@group-7AC3167DCB6A: ConfigurationManager, init=-1: [f9fd6070-3485-43a1-95a7-7a476b3e7642:192.168.151.69:33094], old=null, confs=<EMPTY_MAP>
2019-10-01 21:20:20,199 [pool-139-thread-1] INFO  server.RaftServerConfigKeys (ConfUtils.java:logGet(43)) - raft.server.storage.dir = [/workdir/hadoop-ozone/integration-test/target/test-dir/MiniOzoneClusterImpl-de3107aa-fdfe-498c-bc41-a98c7d3f2bf4/datanode-2/data/ratis] (custom)
2019-10-01 21:20:20,199 [pool-139-thread-1] INFO  storage.RaftStorageDirectory (RaftStorageDirectory.java:analyzeStorage(246)) - The storage directory /workdir/hadoop-ozone/integration-test/target/test-dir/MiniOzoneClusterImpl-de3107aa-fdfe-498c-bc41-a98c7d3f2bf4/datanode-2/data/ratis/5b01d66f-6ff4-4689-bb3a-7ac3167dcb6a does not exist. Creating ...
2019-10-01 21:20:20,212 [pool-139-thread-1] INFO  storage.RaftStorageDirectory (RaftStorageDirectory.java:tryLock(328)) - Lock on /workdir/hadoop-ozone/integration-test/target/test-dir/MiniOzoneClusterImpl-de3107aa-fdfe-498c-bc41-a98c7d3f2bf4/datanode-2/data/ratis/5b01d66f-6ff4-4689-bb3a-7ac3167dcb6a/in_use.lock acquired by nodename 9596@pr-hdds-2019-f2v2n-172752401
2019-10-01 21:20:20,225 [pool-139-thread-1] INFO  storage.RaftStorage (RaftStorage.java:format(72)) - Storage directory /workdir/hadoop-ozone/integration-test/target/test-dir/MiniOzoneClusterImpl-de3107aa-fdfe-498c-bc41-a98c7d3f2bf4/datanode-2/data/ratis/5b01d66f-6ff4-4689-bb3a-7ac3167dcb6a has been successfully formatted.
2019-10-01 21:20:20,226 [pool-139-thread-1] INFO  ratis.ContainerStateMachine (ContainerStateMachine.java:loadSnapshot(230)) - group-7AC3167DCB6A: The snapshot info is null. Setting the last applied indexto:(t:0, i:~)
2019-10-01 21:20:20,226 [pool-139-thread-1] INFO  server.RaftServerConfigKeys (ConfUtils.java:logGet(43)) - raft.server.notification.no-leader.timeout = 120s (custom)
2019-10-01 21:20:20,226 [pool-139-thread-1] INFO  server.RaftServerConfigKeys (ConfUtils.java:logGet(43)) - raft.server.log.use.memory = false (default)
2019-10-01 21:20:20,226 [pool-139-thread-1] INFO  server.RaftServerConfigKeys (ConfUtils.java:logGet(43)) - raft.server.log.purge.gap = 1000000 (custom)
2019-10-01 21:20:20,226 [pool-139-thread-1] INFO  server.RaftServerConfigKeys (ConfUtils.java:logGet(43)) - raft.server.log.appender.buffer.byte-limit = 33554432 (custom)
2019-10-01 21:20:20,226 [pool-139-thread-1] INFO  server.RaftServerConfigKeys (ConfUtils.java:logGet(43)) - raft.server.log.segment.size.max = 1048576 (custom)
2019-10-01 21:20:20,227 [pool-139-thread-1] INFO  server.RaftServerConfigKeys (ConfUtils.java:logGet(43)) - raft.server.log.segment.cache.num.max = 2 (custom)
2019-10-01 21:20:20,227 [pool-139-thread-1] INFO  segmented.SegmentedRaftLogWorker (SegmentedRaftLogWorker.java:<init>(172)) - new f9fd6070-3485-43a1-95a7-7a476b3e7642@group-7AC3167DCB6A-SegmentedRaftLogWorker for RaftStorage:Storage Directory /workdir/hadoop-ozone/integration-test/target/test-dir/MiniOzoneClusterImpl-de3107aa-fdfe-498c-bc41-a98c7d3f2bf4/datanode-2/data/ratis/5b01d66f-6ff4-4689-bb3a-7ac3167dcb6a
2019-10-01 21:20:20,229 [pool-139-thread-1] INFO  server.RaftServerConfigKeys (ConfUtils.java:logGet(43)) - raft.server.log.queue.byte-limit = 2147483647 (custom)
2019-10-01 21:20:20,230 [pool-139-thread-1] INFO  server.RaftServerConfigKeys (ConfUtils.java:logGet(43)) - raft.server.log.queue.element-limit = 1024 (custom)
2019-10-01 21:20:20,230 [pool-139-thread-1] INFO  server.RaftServerConfigKeys (ConfUtils.java:logGet(43)) - raft.server.log.segment.size.max = 1048576 (custom)
2019-10-01 21:20:20,230 [pool-139-thread-1] INFO  server.RaftServerConfigKeys (ConfUtils.java:logGet(43)) - raft.server.log.preallocated.size = 16384 (custom)
2019-10-01 21:20:20,230 [pool-139-thread-1] INFO  server.RaftServerConfigKeys (ConfUtils.java:logGet(43)) - raft.server.log.write.buffer.size = 33554432 (custom)
2019-10-01 21:20:20,230 [pool-139-thread-1] INFO  server.RaftServerConfigKeys (ConfUtils.java:logGet(43)) - raft.server.log.force.sync.num = 128 (default)
2019-10-01 21:20:20,230 [pool-139-thread-1] INFO  server.RaftServerConfigKeys (ConfUtils.java:logGet(43)) - raft.server.log.statemachine.data.sync = true (default)
2019-10-01 21:20:20,230 [pool-139-thread-1] INFO  server.RaftServerConfigKeys (ConfUtils.java:logGet(43)) - raft.server.log.statemachine.data.sync.timeout = 10s (default)
2019-10-01 21:20:20,231 [pool-139-thread-1] INFO  server.RaftServerConfigKeys (ConfUtils.java:logGet(43)) - raft.server.log.statemachine.data.sync.timeout.retry = -1 (default)
2019-10-01 21:20:20,231 [pool-139-thread-1] INFO  server.RaftServerConfigKeys (ConfUtils.java:logGet(43)) - raft.server.log.statemachine.data.caching.enabled = true (custom)
2019-10-01 21:20:20,231 [pool-139-thread-1] INFO  segmented.SegmentedRaftLogWorker (SegmentedRaftLogWorker.java:lambda$new$0(132)) - f9fd6070-3485-43a1-95a7-7a476b3e7642@group-7AC3167DCB6A-SegmentedRaftLogWorker: flushIndex: setUnconditionally 0 -> -1
2019-10-01 21:20:20,231 [pool-139-thread-1] INFO  server.RaftServerConfigKeys (ConfUtils.java:logGet(43)) - raft.server.snapshot.auto.trigger.enabled = true (custom)
2019-10-01 21:20:20,232 [pool-139-thread-1] INFO  server.RaftServerConfigKeys (ConfUtils.java:logGet(43)) - raft.server.snapshot.auto.trigger.threshold = 10000 (custom)
2019-10-01 21:20:20,232 [pool-139-thread-1] INFO  server.RaftServerConfigKeys (ConfUtils.java:logGet(43)) - raft.server.snapshot.retention.num.files = 5 (custom)
2019-10-01 21:20:20,232 [pool-139-thread-1] INFO  server.RaftServerConfigKeys (ConfUtils.java:logGet(43)) - raft.server.retrycache.expirytime = 600000ms (custom)
2019-10-01 21:20:20,235 [pool-139-thread-1] INFO  impl.RaftServerImpl (RaftServerImpl.java:start(185)) - f9fd6070-3485-43a1-95a7-7a476b3e7642@group-7AC3167DCB6A: start as a follower, conf=-1: [f9fd6070-3485-43a1-95a7-7a476b3e7642:192.168.151.69:33094], old=null
2019-10-01 21:20:20,235 [pool-139-thread-1] INFO  impl.RaftServerImpl (RaftServerImpl.java:setRole(174)) - f9fd6070-3485-43a1-95a7-7a476b3e7642@group-7AC3167DCB6A: changes role from      null to FOLLOWER at term 0 for startAsFollower
2019-10-01 21:20:20,235 [pool-139-thread-1] INFO  impl.RoleInfo (RoleInfo.java:updateAndGet(143)) - f9fd6070-3485-43a1-95a7-7a476b3e7642: start FollowerState
2019-10-01 21:20:20,236 [pool-139-thread-1] INFO  util.JmxRegister (JmxRegister.java:tryRegister(44)) - Successfully registered JMX Bean with object name Ratis:service=RaftServer,group=group-7AC3167DCB6A,id=f9fd6070-3485-43a1-95a7-7a476b3e7642
2019-10-01 21:20:20,236 [IPC Server handler 10 on 34742] INFO  net.NetworkTopology (NetworkTopologyImpl.java:add(111)) - Added a new node: /default-rack/d0df0752-8ca6-49d5-9bf2-5f9ebbca0165
2019-10-01 21:20:20,236 [IPC Server handler 10 on 34742] INFO  node.SCMNodeManager (SCMNodeManager.java:register(266)) - Registered Data node : d0df0752-8ca6-49d5-9bf2-5f9ebbca0165{ip: 192.168.151.69, host: pr-hdds-2019-f2v2n-172752401, networkLocation: /default-rack, certSerialId: null}
2019-10-01 21:20:20,238 [RatisPipelineUtilsThread] INFO  pipeline.PipelineStateManager (PipelineStateManager.java:addPipeline(56)) - Created pipeline Pipeline[ Id: 5b01d66f-6ff4-4689-bb3a-7ac3167dcb6a, Nodes: f9fd6070-3485-43a1-95a7-7a476b3e7642{ip: 192.168.151.69, host: pr-hdds-2019-f2v2n-172752401, networkLocation: /default-rack, certSerialId: null}, Type:RATIS, Factor:ONE, State:OPEN]
2019-10-01 21:20:20,247 [grpc-default-executor-1] INFO  impl.RaftServerProxy (RaftServerProxy.java:addNew(89)) - d0df0752-8ca6-49d5-9bf2-5f9ebbca0165: addNew group-E816A53A0CDA:[d0df0752-8ca6-49d5-9bf2-5f9ebbca0165:192.168.151.69:44530] returns group-E816A53A0CDA:java.util.concurrent.CompletableFuture@291daecc[Not completed]
2019-10-01 21:20:20,252 [pool-149-thread-1] INFO  impl.RaftServerImpl (RaftServerImpl.java:<init>(95)) - d0df0752-8ca6-49d5-9bf2-5f9ebbca0165: new RaftServerImpl for group-E816A53A0CDA:[d0df0752-8ca6-49d5-9bf2-5f9ebbca0165:192.168.151.69:44530] with ContainerStateMachine:uninitialized
2019-10-01 21:20:20,252 [pool-149-thread-1] INFO  server.RaftServerConfigKeys (ConfUtils.java:logGet(43)) - raft.server.rpc.timeout.min = 5s (custom)
2019-10-01 21:20:20,253 [pool-149-thread-1] INFO  server.RaftServerConfigKeys (ConfUtils.java:logGet(43)) - raft.server.rpc.timeout.max = 5200ms (custom)
2019-10-01 21:20:20,253 [pool-149-thread-1] INFO  server.RaftServerConfigKeys (ConfUtils.java:logGet(43)) - raft.server.rpcslowness.timeout = 120s (custom)
2019-10-01 21:20:20,253 [pool-149-thread-1] INFO  server.RaftServerConfigKeys (ConfUtils.java:logGet(43)) - raft.server.sleep.deviation.threshold = 300 (default)
2019-10-01 21:20:20,253 [pool-149-thread-1] INFO  server.RaftServerConfigKeys (ConfUtils.java:logGet(43)) - raft.server.log.appender.install.snapshot.enabled = false (custom)
2019-10-01 21:20:20,253 [pool-149-thread-1] INFO  impl.RaftServerImpl (ServerState.java:<init>(103)) - d0df0752-8ca6-49d5-9bf2-5f9ebbca0165@group-E816A53A0CDA: ConfigurationManager, init=-1: [d0df0752-8ca6-49d5-9bf2-5f9ebbca0165:192.168.151.69:44530], old=null, confs=<EMPTY_MAP>
2019-10-01 21:20:20,253 [pool-149-thread-1] INFO  server.RaftServerConfigKeys (ConfUtils.java:logGet(43)) - raft.server.storage.dir = [/workdir/hadoop-ozone/integration-test/target/test-dir/MiniOzoneClusterImpl-de3107aa-fdfe-498c-bc41-a98c7d3f2bf4/datanode-3/data/ratis] (custom)
2019-10-01 21:20:20,254 [pool-149-thread-1] INFO  storage.RaftStorageDirectory (RaftStorageDirectory.java:analyzeStorage(246)) - The storage directory /workdir/hadoop-ozone/integration-test/target/test-dir/MiniOzoneClusterImpl-de3107aa-fdfe-498c-bc41-a98c7d3f2bf4/datanode-3/data/ratis/c68e9a21-c65d-4e42-840f-e816a53a0cda does not exist. Creating ...
2019-10-01 21:20:20,267 [pool-149-thread-1] INFO  storage.RaftStorageDirectory (RaftStorageDirectory.java:tryLock(328)) - Lock on /workdir/hadoop-ozone/integration-test/target/test-dir/MiniOzoneClusterImpl-de3107aa-fdfe-498c-bc41-a98c7d3f2bf4/datanode-3/data/ratis/c68e9a21-c65d-4e42-840f-e816a53a0cda/in_use.lock acquired by nodename 9596@pr-hdds-2019-f2v2n-172752401
2019-10-01 21:20:20,280 [pool-149-thread-1] INFO  storage.RaftStorage (RaftStorage.java:format(72)) - Storage directory /workdir/hadoop-ozone/integration-test/target/test-dir/MiniOzoneClusterImpl-de3107aa-fdfe-498c-bc41-a98c7d3f2bf4/datanode-3/data/ratis/c68e9a21-c65d-4e42-840f-e816a53a0cda has been successfully formatted.
2019-10-01 21:20:20,280 [pool-149-thread-1] INFO  ratis.ContainerStateMachine (ContainerStateMachine.java:loadSnapshot(230)) - group-E816A53A0CDA: The snapshot info is null. Setting the last applied indexto:(t:0, i:~)
2019-10-01 21:20:20,281 [pool-149-thread-1] INFO  server.RaftServerConfigKeys (ConfUtils.java:logGet(43)) - raft.server.notification.no-leader.timeout = 120s (custom)
2019-10-01 21:20:20,281 [pool-149-thread-1] INFO  server.RaftServerConfigKeys (ConfUtils.java:logGet(43)) - raft.server.log.use.memory = false (default)
2019-10-01 21:20:20,281 [pool-149-thread-1] INFO  server.RaftServerConfigKeys (ConfUtils.java:logGet(43)) - raft.server.log.purge.gap = 1000000 (custom)
2019-10-01 21:20:20,281 [pool-149-thread-1] INFO  server.RaftServerConfigKeys (ConfUtils.java:logGet(43)) - raft.server.log.appender.buffer.byte-limit = 33554432 (custom)
2019-10-01 21:20:20,281 [pool-149-thread-1] INFO  server.RaftServerConfigKeys (ConfUtils.java:logGet(43)) - raft.server.log.segment.size.max = 1048576 (custom)
2019-10-01 21:20:20,281 [pool-149-thread-1] INFO  server.RaftServerConfigKeys (ConfUtils.java:logGet(43)) - raft.server.log.segment.cache.num.max = 2 (custom)
2019-10-01 21:20:20,282 [pool-149-thread-1] INFO  segmented.SegmentedRaftLogWorker (SegmentedRaftLogWorker.java:<init>(172)) - new d0df0752-8ca6-49d5-9bf2-5f9ebbca0165@group-E816A53A0CDA-SegmentedRaftLogWorker for RaftStorage:Storage Directory /workdir/hadoop-ozone/integration-test/target/test-dir/MiniOzoneClusterImpl-de3107aa-fdfe-498c-bc41-a98c7d3f2bf4/datanode-3/data/ratis/c68e9a21-c65d-4e42-840f-e816a53a0cda
2019-10-01 21:20:20,284 [pool-149-thread-1] INFO  server.RaftServerConfigKeys (ConfUtils.java:logGet(43)) - raft.server.log.queue.byte-limit = 2147483647 (custom)
2019-10-01 21:20:20,284 [pool-149-thread-1] INFO  server.RaftServerConfigKeys (ConfUtils.java:logGet(43)) - raft.server.log.queue.element-limit = 1024 (custom)
2019-10-01 21:20:20,284 [pool-149-thread-1] INFO  server.RaftServerConfigKeys (ConfUtils.java:logGet(43)) - raft.server.log.segment.size.max = 1048576 (custom)
2019-10-01 21:20:20,284 [pool-149-thread-1] INFO  server.RaftServerConfigKeys (ConfUtils.java:logGet(43)) - raft.server.log.preallocated.size = 16384 (custom)
2019-10-01 21:20:20,285 [pool-149-thread-1] INFO  server.RaftServerConfigKeys (ConfUtils.java:logGet(43)) - raft.server.log.write.buffer.size = 33554432 (custom)
2019-10-01 21:20:20,285 [pool-149-thread-1] INFO  server.RaftServerConfigKeys (ConfUtils.java:logGet(43)) - raft.server.log.force.sync.num = 128 (default)
2019-10-01 21:20:20,285 [pool-149-thread-1] INFO  server.RaftServerConfigKeys (ConfUtils.java:logGet(43)) - raft.server.log.statemachine.data.sync = true (default)
2019-10-01 21:20:20,285 [pool-149-thread-1] INFO  server.RaftServerConfigKeys (ConfUtils.java:logGet(43)) - raft.server.log.statemachine.data.sync.timeout = 10s (default)
2019-10-01 21:20:20,285 [pool-149-thread-1] INFO  server.RaftServerConfigKeys (ConfUtils.java:logGet(43)) - raft.server.log.statemachine.data.sync.timeout.retry = -1 (default)
2019-10-01 21:20:20,285 [pool-149-thread-1] INFO  server.RaftServerConfigKeys (ConfUtils.java:logGet(43)) - raft.server.log.statemachine.data.caching.enabled = true (custom)
2019-10-01 21:20:20,286 [pool-149-thread-1] INFO  segmented.SegmentedRaftLogWorker (SegmentedRaftLogWorker.java:lambda$new$0(132)) - d0df0752-8ca6-49d5-9bf2-5f9ebbca0165@group-E816A53A0CDA-SegmentedRaftLogWorker: flushIndex: setUnconditionally 0 -> -1
2019-10-01 21:20:20,286 [pool-149-thread-1] INFO  server.RaftServerConfigKeys (ConfUtils.java:logGet(43)) - raft.server.snapshot.auto.trigger.enabled = true (custom)
2019-10-01 21:20:20,286 [pool-149-thread-1] INFO  server.RaftServerConfigKeys (ConfUtils.java:logGet(43)) - raft.server.snapshot.auto.trigger.threshold = 10000 (custom)
2019-10-01 21:20:20,286 [pool-149-thread-1] INFO  server.RaftServerConfigKeys (ConfUtils.java:logGet(43)) - raft.server.snapshot.retention.num.files = 5 (custom)
2019-10-01 21:20:20,287 [pool-149-thread-1] INFO  server.RaftServerConfigKeys (ConfUtils.java:logGet(43)) - raft.server.retrycache.expirytime = 600000ms (custom)
2019-10-01 21:20:20,289 [pool-149-thread-1] INFO  impl.RaftServerImpl (RaftServerImpl.java:start(185)) - d0df0752-8ca6-49d5-9bf2-5f9ebbca0165@group-E816A53A0CDA: start as a follower, conf=-1: [d0df0752-8ca6-49d5-9bf2-5f9ebbca0165:192.168.151.69:44530], old=null
2019-10-01 21:20:20,289 [pool-149-thread-1] INFO  impl.RaftServerImpl (RaftServerImpl.java:setRole(174)) - d0df0752-8ca6-49d5-9bf2-5f9ebbca0165@group-E816A53A0CDA: changes role from      null to FOLLOWER at term 0 for startAsFollower
2019-10-01 21:20:20,289 [pool-149-thread-1] INFO  impl.RoleInfo (RoleInfo.java:updateAndGet(143)) - d0df0752-8ca6-49d5-9bf2-5f9ebbca0165: start FollowerState
2019-10-01 21:20:20,299 [pool-149-thread-1] INFO  util.JmxRegister (JmxRegister.java:tryRegister(44)) - Successfully registered JMX Bean with object name Ratis:service=RaftServer,group=group-E816A53A0CDA,id=d0df0752-8ca6-49d5-9bf2-5f9ebbca0165
2019-10-01 21:20:20,307 [RatisPipelineUtilsThread] INFO  pipeline.PipelineStateManager (PipelineStateManager.java:addPipeline(56)) - Created pipeline Pipeline[ Id: c68e9a21-c65d-4e42-840f-e816a53a0cda, Nodes: d0df0752-8ca6-49d5-9bf2-5f9ebbca0165{ip: 192.168.151.69, host: pr-hdds-2019-f2v2n-172752401, networkLocation: /default-rack, certSerialId: null}, Type:RATIS, Factor:ONE, State:OPEN]
2019-10-01 21:20:20,308 [IPC Server handler 7 on 34742] INFO  net.NetworkTopology (NetworkTopologyImpl.java:add(111)) - Added a new node: /default-rack/b2c9ba6a-9bd8-402b-8c7d-73b100db3170
2019-10-01 21:20:20,308 [IPC Server handler 7 on 34742] INFO  node.SCMNodeManager (SCMNodeManager.java:register(266)) - Registered Data node : b2c9ba6a-9bd8-402b-8c7d-73b100db3170{ip: 192.168.151.69, host: pr-hdds-2019-f2v2n-172752401, networkLocation: /default-rack, certSerialId: null}
2019-10-01 21:20:20,319 [grpc-default-executor-4] INFO  impl.RaftServerProxy (RaftServerProxy.java:addNew(89)) - f9fd6070-3485-43a1-95a7-7a476b3e7642: addNew group-7D479441F0FD:[f9fd6070-3485-43a1-95a7-7a476b3e7642:192.168.151.69:33094, 89fcfe45-dcaf-4b08-b5f3-b551067e5fd9:192.168.151.69:46466, cbfa2b6e-20cc-4371-9247-0e10d1a91862:192.168.151.69:37800] returns group-7D479441F0FD:java.util.concurrent.CompletableFuture@75ea721d[Not completed]
2019-10-01 21:20:20,319 [grpc-default-executor-2] INFO  impl.RaftServerProxy (RaftServerProxy.java:addNew(89)) - 89fcfe45-dcaf-4b08-b5f3-b551067e5fd9: addNew group-7D479441F0FD:[f9fd6070-3485-43a1-95a7-7a476b3e7642:192.168.151.69:33094, 89fcfe45-dcaf-4b08-b5f3-b551067e5fd9:192.168.151.69:46466, cbfa2b6e-20cc-4371-9247-0e10d1a91862:192.168.151.69:37800] returns group-7D479441F0FD:java.util.concurrent.CompletableFuture@46293259[Not completed]
2019-10-01 21:20:20,319 [grpc-default-executor-1] INFO  impl.RaftServerProxy (RaftServerProxy.java:addNew(89)) - cbfa2b6e-20cc-4371-9247-0e10d1a91862: addNew group-7D479441F0FD:[f9fd6070-3485-43a1-95a7-7a476b3e7642:192.168.151.69:33094, 89fcfe45-dcaf-4b08-b5f3-b551067e5fd9:192.168.151.69:46466, cbfa2b6e-20cc-4371-9247-0e10d1a91862:192.168.151.69:37800] returns group-7D479441F0FD:java.util.concurrent.CompletableFuture@660faf89[Not completed]
2019-10-01 21:20:20,320 [pool-139-thread-1] INFO  impl.RaftServerImpl (RaftServerImpl.java:<init>(95)) - f9fd6070-3485-43a1-95a7-7a476b3e7642: new RaftServerImpl for group-7D479441F0FD:[f9fd6070-3485-43a1-95a7-7a476b3e7642:192.168.151.69:33094, 89fcfe45-dcaf-4b08-b5f3-b551067e5fd9:192.168.151.69:46466, cbfa2b6e-20cc-4371-9247-0e10d1a91862:192.168.151.69:37800] with ContainerStateMachine:uninitialized
2019-10-01 21:20:20,320 [pool-139-thread-1] INFO  server.RaftServerConfigKeys (ConfUtils.java:logGet(43)) - raft.server.rpc.timeout.min = 5s (custom)
2019-10-01 21:20:20,321 [pool-139-thread-1] INFO  server.RaftServerConfigKeys (ConfUtils.java:logGet(43)) - raft.server.rpc.timeout.max = 5200ms (custom)
2019-10-01 21:20:20,321 [pool-139-thread-1] INFO  server.RaftServerConfigKeys (ConfUtils.java:logGet(43)) - raft.server.rpcslowness.timeout = 120s (custom)
2019-10-01 21:20:20,321 [pool-139-thread-1] INFO  server.RaftServerConfigKeys (ConfUtils.java:logGet(43)) - raft.server.sleep.deviation.threshold = 300 (default)
2019-10-01 21:20:20,321 [pool-119-thread-1] INFO  impl.RaftServerImpl (RaftServerImpl.java:<init>(95)) - 89fcfe45-dcaf-4b08-b5f3-b551067e5fd9: new RaftServerImpl for group-7D479441F0FD:[f9fd6070-3485-43a1-95a7-7a476b3e7642:192.168.151.69:33094, 89fcfe45-dcaf-4b08-b5f3-b551067e5fd9:192.168.151.69:46466, cbfa2b6e-20cc-4371-9247-0e10d1a91862:192.168.151.69:37800] with ContainerStateMachine:uninitialized
2019-10-01 21:20:20,321 [pool-139-thread-1] INFO  server.RaftServerConfigKeys (ConfUtils.java:logGet(43)) - raft.server.log.appender.install.snapshot.enabled = false (custom)
2019-10-01 21:20:20,321 [pool-119-thread-1] INFO  server.RaftServerConfigKeys (ConfUtils.java:logGet(43)) - raft.server.rpc.timeout.min = 5s (custom)
2019-10-01 21:20:20,321 [pool-139-thread-1] INFO  impl.RaftServerImpl (ServerState.java:<init>(103)) - f9fd6070-3485-43a1-95a7-7a476b3e7642@group-7D479441F0FD: ConfigurationManager, init=-1: [f9fd6070-3485-43a1-95a7-7a476b3e7642:192.168.151.69:33094, 89fcfe45-dcaf-4b08-b5f3-b551067e5fd9:192.168.151.69:46466, cbfa2b6e-20cc-4371-9247-0e10d1a91862:192.168.151.69:37800], old=null, confs=<EMPTY_MAP>
2019-10-01 21:20:20,321 [pool-119-thread-1] INFO  server.RaftServerConfigKeys (ConfUtils.java:logGet(43)) - raft.server.rpc.timeout.max = 5200ms (custom)
2019-10-01 21:20:20,321 [pool-129-thread-1] INFO  impl.RaftServerImpl (RaftServerImpl.java:<init>(95)) - cbfa2b6e-20cc-4371-9247-0e10d1a91862: new RaftServerImpl for group-7D479441F0FD:[f9fd6070-3485-43a1-95a7-7a476b3e7642:192.168.151.69:33094, 89fcfe45-dcaf-4b08-b5f3-b551067e5fd9:192.168.151.69:46466, cbfa2b6e-20cc-4371-9247-0e10d1a91862:192.168.151.69:37800] with ContainerStateMachine:uninitialized
2019-10-01 21:20:20,322 [pool-119-thread-1] INFO  server.RaftServerConfigKeys (ConfUtils.java:logGet(43)) - raft.server.rpcslowness.timeout = 120s (custom)
2019-10-01 21:20:20,322 [pool-139-thread-1] INFO  server.RaftServerConfigKeys (ConfUtils.java:logGet(43)) - raft.server.storage.dir = [/workdir/hadoop-ozone/integration-test/target/test-dir/MiniOzoneClusterImpl-de3107aa-fdfe-498c-bc41-a98c7d3f2bf4/datanode-2/data/ratis] (custom)
2019-10-01 21:20:20,322 [pool-119-thread-1] INFO  server.RaftServerConfigKeys (ConfUtils.java:logGet(43)) - raft.server.sleep.deviation.threshold = 300 (default)
2019-10-01 21:20:20,322 [pool-129-thread-1] INFO  server.RaftServerConfigKeys (ConfUtils.java:logGet(43)) - raft.server.rpc.timeout.min = 5s (custom)
2019-10-01 21:20:20,322 [pool-119-thread-1] INFO  server.RaftServerConfigKeys (ConfUtils.java:logGet(43)) - raft.server.log.appender.install.snapshot.enabled = false (custom)
2019-10-01 21:20:20,322 [pool-139-thread-1] INFO  storage.RaftStorageDirectory (RaftStorageDirectory.java:analyzeStorage(246)) - The storage directory /workdir/hadoop-ozone/integration-test/target/test-dir/MiniOzoneClusterImpl-de3107aa-fdfe-498c-bc41-a98c7d3f2bf4/datanode-2/data/ratis/bff27a6d-5761-4edc-873a-7d479441f0fd does not exist. Creating ...
2019-10-01 21:20:20,322 [pool-129-thread-1] INFO  server.RaftServerConfigKeys (ConfUtils.java:logGet(43)) - raft.server.rpc.timeout.max = 5200ms (custom)
2019-10-01 21:20:20,322 [pool-119-thread-1] INFO  impl.RaftServerImpl (ServerState.java:<init>(103)) - 89fcfe45-dcaf-4b08-b5f3-b551067e5fd9@group-7D479441F0FD: ConfigurationManager, init=-1: [f9fd6070-3485-43a1-95a7-7a476b3e7642:192.168.151.69:33094, 89fcfe45-dcaf-4b08-b5f3-b551067e5fd9:192.168.151.69:46466, cbfa2b6e-20cc-4371-9247-0e10d1a91862:192.168.151.69:37800], old=null, confs=<EMPTY_MAP>
2019-10-01 21:20:20,323 [pool-129-thread-1] INFO  server.RaftServerConfigKeys (ConfUtils.java:logGet(43)) - raft.server.rpcslowness.timeout = 120s (custom)
2019-10-01 21:20:20,323 [pool-119-thread-1] INFO  server.RaftServerConfigKeys (ConfUtils.java:logGet(43)) - raft.server.storage.dir = [/workdir/hadoop-ozone/integration-test/target/test-dir/MiniOzoneClusterImpl-de3107aa-fdfe-498c-bc41-a98c7d3f2bf4/datanode-0/data/ratis] (custom)
2019-10-01 21:20:20,323 [pool-129-thread-1] INFO  server.RaftServerConfigKeys (ConfUtils.java:logGet(43)) - raft.server.sleep.deviation.threshold = 300 (default)
2019-10-01 21:20:20,323 [pool-129-thread-1] INFO  server.RaftServerConfigKeys (ConfUtils.java:logGet(43)) - raft.server.log.appender.install.snapshot.enabled = false (custom)
2019-10-01 21:20:20,323 [pool-129-thread-1] INFO  impl.RaftServerImpl (ServerState.java:<init>(103)) - cbfa2b6e-20cc-4371-9247-0e10d1a91862@group-7D479441F0FD: ConfigurationManager, init=-1: [f9fd6070-3485-43a1-95a7-7a476b3e7642:192.168.151.69:33094, 89fcfe45-dcaf-4b08-b5f3-b551067e5fd9:192.168.151.69:46466, cbfa2b6e-20cc-4371-9247-0e10d1a91862:192.168.151.69:37800], old=null, confs=<EMPTY_MAP>
2019-10-01 21:20:20,323 [pool-119-thread-1] INFO  storage.RaftStorageDirectory (RaftStorageDirectory.java:analyzeStorage(246)) - The storage directory /workdir/hadoop-ozone/integration-test/target/test-dir/MiniOzoneClusterImpl-de3107aa-fdfe-498c-bc41-a98c7d3f2bf4/datanode-0/data/ratis/bff27a6d-5761-4edc-873a-7d479441f0fd does not exist. Creating ...
2019-10-01 21:20:20,323 [pool-129-thread-1] INFO  server.RaftServerConfigKeys (ConfUtils.java:logGet(43)) - raft.server.storage.dir = [/workdir/hadoop-ozone/integration-test/target/test-dir/MiniOzoneClusterImpl-de3107aa-fdfe-498c-bc41-a98c7d3f2bf4/datanode-1/data/ratis] (custom)
2019-10-01 21:20:20,324 [pool-129-thread-1] INFO  storage.RaftStorageDirectory (RaftStorageDirectory.java:analyzeStorage(246)) - The storage directory /workdir/hadoop-ozone/integration-test/target/test-dir/MiniOzoneClusterImpl-de3107aa-fdfe-498c-bc41-a98c7d3f2bf4/datanode-1/data/ratis/bff27a6d-5761-4edc-873a-7d479441f0fd does not exist. Creating ...
2019-10-01 21:20:20,336 [pool-129-thread-1] INFO  storage.RaftStorageDirectory (RaftStorageDirectory.java:tryLock(328)) - Lock on /workdir/hadoop-ozone/integration-test/target/test-dir/MiniOzoneClusterImpl-de3107aa-fdfe-498c-bc41-a98c7d3f2bf4/datanode-1/data/ratis/bff27a6d-5761-4edc-873a-7d479441f0fd/in_use.lock acquired by nodename 9596@pr-hdds-2019-f2v2n-172752401
2019-10-01 21:20:20,336 [pool-139-thread-1] INFO  storage.RaftStorageDirectory (RaftStorageDirectory.java:tryLock(328)) - Lock on /workdir/hadoop-ozone/integration-test/target/test-dir/MiniOzoneClusterImpl-de3107aa-fdfe-498c-bc41-a98c7d3f2bf4/datanode-2/data/ratis/bff27a6d-5761-4edc-873a-7d479441f0fd/in_use.lock acquired by nodename 9596@pr-hdds-2019-f2v2n-172752401
2019-10-01 21:20:20,336 [pool-119-thread-1] INFO  storage.RaftStorageDirectory (RaftStorageDirectory.java:tryLock(328)) - Lock on /workdir/hadoop-ozone/integration-test/target/test-dir/MiniOzoneClusterImpl-de3107aa-fdfe-498c-bc41-a98c7d3f2bf4/datanode-0/data/ratis/bff27a6d-5761-4edc-873a-7d479441f0fd/in_use.lock acquired by nodename 9596@pr-hdds-2019-f2v2n-172752401
2019-10-01 21:20:20,349 [pool-139-thread-1] INFO  storage.RaftStorage (RaftStorage.java:format(72)) - Storage directory /workdir/hadoop-ozone/integration-test/target/test-dir/MiniOzoneClusterImpl-de3107aa-fdfe-498c-bc41-a98c7d3f2bf4/datanode-2/data/ratis/bff27a6d-5761-4edc-873a-7d479441f0fd has been successfully formatted.
2019-10-01 21:20:20,349 [pool-119-thread-1] INFO  storage.RaftStorage (RaftStorage.java:format(72)) - Storage directory /workdir/hadoop-ozone/integration-test/target/test-dir/MiniOzoneClusterImpl-de3107aa-fdfe-498c-bc41-a98c7d3f2bf4/datanode-0/data/ratis/bff27a6d-5761-4edc-873a-7d479441f0fd has been successfully formatted.
2019-10-01 21:20:20,349 [pool-129-thread-1] INFO  storage.RaftStorage (RaftStorage.java:format(72)) - Storage directory /workdir/hadoop-ozone/integration-test/target/test-dir/MiniOzoneClusterImpl-de3107aa-fdfe-498c-bc41-a98c7d3f2bf4/datanode-1/data/ratis/bff27a6d-5761-4edc-873a-7d479441f0fd has been successfully formatted.
2019-10-01 21:20:20,350 [pool-139-thread-1] INFO  ratis.ContainerStateMachine (ContainerStateMachine.java:loadSnapshot(230)) - group-7D479441F0FD: The snapshot info is null. Setting the last applied indexto:(t:0, i:~)
2019-10-01 21:20:20,350 [pool-119-thread-1] INFO  ratis.ContainerStateMachine (ContainerStateMachine.java:loadSnapshot(230)) - group-7D479441F0FD: The snapshot info is null. Setting the last applied indexto:(t:0, i:~)
2019-10-01 21:20:20,350 [pool-139-thread-1] INFO  server.RaftServerConfigKeys (ConfUtils.java:logGet(43)) - raft.server.notification.no-leader.timeout = 120s (custom)
2019-10-01 21:20:20,350 [pool-129-thread-1] INFO  ratis.ContainerStateMachine (ContainerStateMachine.java:loadSnapshot(230)) - group-7D479441F0FD: The snapshot info is null. Setting the last applied indexto:(t:0, i:~)
2019-10-01 21:20:20,350 [pool-139-thread-1] INFO  server.RaftServerConfigKeys (ConfUtils.java:logGet(43)) - raft.server.log.use.memory = false (default)
2019-10-01 21:20:20,350 [pool-119-thread-1] INFO  server.RaftServerConfigKeys (ConfUtils.java:logGet(43)) - raft.server.notification.no-leader.timeout = 120s (custom)
2019-10-01 21:20:20,350 [pool-139-thread-1] INFO  server.RaftServerConfigKeys (ConfUtils.java:logGet(43)) - raft.server.log.purge.gap = 1000000 (custom)
2019-10-01 21:20:20,350 [pool-129-thread-1] INFO  server.RaftServerConfigKeys (ConfUtils.java:logGet(43)) - raft.server.notification.no-leader.timeout = 120s (custom)
2019-10-01 21:20:20,351 [pool-139-thread-1] INFO  server.RaftServerConfigKeys (ConfUtils.java:logGet(43)) - raft.server.log.appender.buffer.byte-limit = 33554432 (custom)
2019-10-01 21:20:20,350 [pool-119-thread-1] INFO  server.RaftServerConfigKeys (ConfUtils.java:logGet(43)) - raft.server.log.use.memory = false (default)
2019-10-01 21:20:20,351 [pool-139-thread-1] INFO  server.RaftServerConfigKeys (ConfUtils.java:logGet(43)) - raft.server.log.segment.size.max = 1048576 (custom)
2019-10-01 21:20:20,351 [pool-129-thread-1] INFO  server.RaftServerConfigKeys (ConfUtils.java:logGet(43)) - raft.server.log.use.memory = false (default)
2019-10-01 21:20:20,351 [pool-139-thread-1] INFO  server.RaftServerConfigKeys (ConfUtils.java:logGet(43)) - raft.server.log.segment.cache.num.max = 2 (custom)
2019-10-01 21:20:20,351 [pool-119-thread-1] INFO  server.RaftServerConfigKeys (ConfUtils.java:logGet(43)) - raft.server.log.purge.gap = 1000000 (custom)
2019-10-01 21:20:20,351 [pool-139-thread-1] INFO  segmented.SegmentedRaftLogWorker (SegmentedRaftLogWorker.java:<init>(172)) - new f9fd6070-3485-43a1-95a7-7a476b3e7642@group-7D479441F0FD-SegmentedRaftLogWorker for RaftStorage:Storage Directory /workdir/hadoop-ozone/integration-test/target/test-dir/MiniOzoneClusterImpl-de3107aa-fdfe-498c-bc41-a98c7d3f2bf4/datanode-2/data/ratis/bff27a6d-5761-4edc-873a-7d479441f0fd
2019-10-01 21:20:20,351 [pool-129-thread-1] INFO  server.RaftServerConfigKeys (ConfUtils.java:logGet(43)) - raft.server.log.purge.gap = 1000000 (custom)
2019-10-01 21:20:20,351 [pool-139-thread-1] INFO  server.RaftServerConfigKeys (ConfUtils.java:logGet(43)) - raft.server.log.queue.byte-limit = 2147483647 (custom)
2019-10-01 21:20:20,351 [pool-119-thread-1] INFO  server.RaftServerConfigKeys (ConfUtils.java:logGet(43)) - raft.server.log.appender.buffer.byte-limit = 33554432 (custom)
2019-10-01 21:20:20,352 [pool-139-thread-1] INFO  server.RaftServerConfigKeys (ConfUtils.java:logGet(43)) - raft.server.log.queue.element-limit = 1024 (custom)
2019-10-01 21:20:20,352 [pool-129-thread-1] INFO  server.RaftServerConfigKeys (ConfUtils.java:logGet(43)) - raft.server.log.appender.buffer.byte-limit = 33554432 (custom)
2019-10-01 21:20:20,352 [pool-139-thread-1] INFO  server.RaftServerConfigKeys (ConfUtils.java:logGet(43)) - raft.server.log.segment.size.max = 1048576 (custom)
2019-10-01 21:20:20,352 [pool-119-thread-1] INFO  server.RaftServerConfigKeys (ConfUtils.java:logGet(43)) - raft.server.log.segment.size.max = 1048576 (custom)
2019-10-01 21:20:20,352 [pool-139-thread-1] INFO  server.RaftServerConfigKeys (ConfUtils.java:logGet(43)) - raft.server.log.preallocated.size = 16384 (custom)
2019-10-01 21:20:20,352 [pool-129-thread-1] INFO  server.RaftServerConfigKeys (ConfUtils.java:logGet(43)) - raft.server.log.segment.size.max = 1048576 (custom)
2019-10-01 21:20:20,352 [pool-139-thread-1] INFO  server.RaftServerConfigKeys (ConfUtils.java:logGet(43)) - raft.server.log.write.buffer.size = 33554432 (custom)
2019-10-01 21:20:20,352 [pool-119-thread-1] INFO  server.RaftServerConfigKeys (ConfUtils.java:logGet(43)) - raft.server.log.segment.cache.num.max = 2 (custom)
2019-10-01 21:20:20,352 [pool-139-thread-1] INFO  server.RaftServerConfigKeys (ConfUtils.java:logGet(43)) - raft.server.log.force.sync.num = 128 (default)
2019-10-01 21:20:20,352 [pool-129-thread-1] INFO  server.RaftServerConfigKeys (ConfUtils.java:logGet(43)) - raft.server.log.segment.cache.num.max = 2 (custom)
2019-10-01 21:20:20,353 [pool-139-thread-1] INFO  server.RaftServerConfigKeys (ConfUtils.java:logGet(43)) - raft.server.log.statemachine.data.sync = true (default)
2019-10-01 21:20:20,353 [pool-119-thread-1] INFO  segmented.SegmentedRaftLogWorker (SegmentedRaftLogWorker.java:<init>(172)) - new 89fcfe45-dcaf-4b08-b5f3-b551067e5fd9@group-7D479441F0FD-SegmentedRaftLogWorker for RaftStorage:Storage Directory /workdir/hadoop-ozone/integration-test/target/test-dir/MiniOzoneClusterImpl-de3107aa-fdfe-498c-bc41-a98c7d3f2bf4/datanode-0/data/ratis/bff27a6d-5761-4edc-873a-7d479441f0fd
2019-10-01 21:20:20,353 [pool-139-thread-1] INFO  server.RaftServerConfigKeys (ConfUtils.java:logGet(43)) - raft.server.log.statemachine.data.sync.timeout = 10s (default)
2019-10-01 21:20:20,353 [pool-129-thread-1] INFO  segmented.SegmentedRaftLogWorker (SegmentedRaftLogWorker.java:<init>(172)) - new cbfa2b6e-20cc-4371-9247-0e10d1a91862@group-7D479441F0FD-SegmentedRaftLogWorker for RaftStorage:Storage Directory /workdir/hadoop-ozone/integration-test/target/test-dir/MiniOzoneClusterImpl-de3107aa-fdfe-498c-bc41-a98c7d3f2bf4/datanode-1/data/ratis/bff27a6d-5761-4edc-873a-7d479441f0fd
2019-10-01 21:20:20,353 [pool-139-thread-1] INFO  server.RaftServerConfigKeys (ConfUtils.java:logGet(43)) - raft.server.log.statemachine.data.sync.timeout.retry = -1 (default)
2019-10-01 21:20:20,353 [pool-119-thread-1] INFO  server.RaftServerConfigKeys (ConfUtils.java:logGet(43)) - raft.server.log.queue.byte-limit = 2147483647 (custom)
2019-10-01 21:20:20,354 [pool-139-thread-1] INFO  server.RaftServerConfigKeys (ConfUtils.java:logGet(43)) - raft.server.log.statemachine.data.caching.enabled = true (custom)
2019-10-01 21:20:20,353 [pool-129-thread-1] INFO  server.RaftServerConfigKeys (ConfUtils.java:logGet(43)) - raft.server.log.queue.byte-limit = 2147483647 (custom)
2019-10-01 21:20:20,354 [pool-119-thread-1] INFO  server.RaftServerConfigKeys (ConfUtils.java:logGet(43)) - raft.server.log.queue.element-limit = 1024 (custom)
2019-10-01 21:20:20,354 [pool-129-thread-1] INFO  server.RaftServerConfigKeys (ConfUtils.java:logGet(43)) - raft.server.log.queue.element-limit = 1024 (custom)
2019-10-01 21:20:20,354 [pool-139-thread-1] INFO  segmented.SegmentedRaftLogWorker (SegmentedRaftLogWorker.java:lambda$new$0(132)) - f9fd6070-3485-43a1-95a7-7a476b3e7642@group-7D479441F0FD-SegmentedRaftLogWorker: flushIndex: setUnconditionally 0 -> -1
2019-10-01 21:20:20,354 [pool-129-thread-1] INFO  server.RaftServerConfigKeys (ConfUtils.java:logGet(43)) - raft.server.log.segment.size.max = 1048576 (custom)
2019-10-01 21:20:20,354 [pool-119-thread-1] INFO  server.RaftServerConfigKeys (ConfUtils.java:logGet(43)) - raft.server.log.segment.size.max = 1048576 (custom)
2019-10-01 21:20:20,354 [pool-129-thread-1] INFO  server.RaftServerConfigKeys (ConfUtils.java:logGet(43)) - raft.server.log.preallocated.size = 16384 (custom)
2019-10-01 21:20:20,354 [pool-139-thread-1] INFO  server.RaftServerConfigKeys (ConfUtils.java:logGet(43)) - raft.server.snapshot.auto.trigger.enabled = true (custom)
2019-10-01 21:20:20,355 [pool-129-thread-1] INFO  server.RaftServerConfigKeys (ConfUtils.java:logGet(43)) - raft.server.log.write.buffer.size = 33554432 (custom)
2019-10-01 21:20:20,355 [pool-119-thread-1] INFO  server.RaftServerConfigKeys (ConfUtils.java:logGet(43)) - raft.server.log.preallocated.size = 16384 (custom)
2019-10-01 21:20:20,355 [pool-129-thread-1] INFO  server.RaftServerConfigKeys (ConfUtils.java:logGet(43)) - raft.server.log.force.sync.num = 128 (default)
2019-10-01 21:20:20,355 [pool-139-thread-1] INFO  server.RaftServerConfigKeys (ConfUtils.java:logGet(43)) - raft.server.snapshot.auto.trigger.threshold = 10000 (custom)
2019-10-01 21:20:20,355 [pool-129-thread-1] INFO  server.RaftServerConfigKeys (ConfUtils.java:logGet(43)) - raft.server.log.statemachine.data.sync = true (default)
2019-10-01 21:20:20,355 [pool-119-thread-1] INFO  server.RaftServerConfigKeys (ConfUtils.java:logGet(43)) - raft.server.log.write.buffer.size = 33554432 (custom)
2019-10-01 21:20:20,355 [pool-129-thread-1] INFO  server.RaftServerConfigKeys (ConfUtils.java:logGet(43)) - raft.server.log.statemachine.data.sync.timeout = 10s (default)
2019-10-01 21:20:20,355 [pool-139-thread-1] INFO  server.RaftServerConfigKeys (ConfUtils.java:logGet(43)) - raft.server.snapshot.retention.num.files = 5 (custom)
2019-10-01 21:20:20,356 [pool-129-thread-1] INFO  server.RaftServerConfigKeys (ConfUtils.java:logGet(43)) - raft.server.log.statemachine.data.sync.timeout.retry = -1 (default)
2019-10-01 21:20:20,356 [pool-119-thread-1] INFO  server.RaftServerConfigKeys (ConfUtils.java:logGet(43)) - raft.server.log.force.sync.num = 128 (default)
2019-10-01 21:20:20,356 [pool-129-thread-1] INFO  server.RaftServerConfigKeys (ConfUtils.java:logGet(43)) - raft.server.log.statemachine.data.caching.enabled = true (custom)
2019-10-01 21:20:20,356 [pool-139-thread-1] INFO  server.RaftServerConfigKeys (ConfUtils.java:logGet(43)) - raft.server.retrycache.expirytime = 600000ms (custom)
2019-10-01 21:20:20,356 [pool-119-thread-1] INFO  server.RaftServerConfigKeys (ConfUtils.java:logGet(43)) - raft.server.log.statemachine.data.sync = true (default)
2019-10-01 21:20:20,356 [pool-129-thread-1] INFO  segmented.SegmentedRaftLogWorker (SegmentedRaftLogWorker.java:lambda$new$0(132)) - cbfa2b6e-20cc-4371-9247-0e10d1a91862@group-7D479441F0FD-SegmentedRaftLogWorker: flushIndex: setUnconditionally 0 -> -1
2019-10-01 21:20:20,356 [pool-119-thread-1] INFO  server.RaftServerConfigKeys (ConfUtils.java:logGet(43)) - raft.server.log.statemachine.data.sync.timeout = 10s (default)
2019-10-01 21:20:20,357 [pool-129-thread-1] INFO  server.RaftServerConfigKeys (ConfUtils.java:logGet(43)) - raft.server.snapshot.auto.trigger.enabled = true (custom)
2019-10-01 21:20:20,357 [pool-119-thread-1] INFO  server.RaftServerConfigKeys (ConfUtils.java:logGet(43)) - raft.server.log.statemachine.data.sync.timeout.retry = -1 (default)
2019-10-01 21:20:20,357 [pool-129-thread-1] INFO  server.RaftServerConfigKeys (ConfUtils.java:logGet(43)) - raft.server.snapshot.auto.trigger.threshold = 10000 (custom)
2019-10-01 21:20:20,357 [pool-119-thread-1] INFO  server.RaftServerConfigKeys (ConfUtils.java:logGet(43)) - raft.server.log.statemachine.data.caching.enabled = true (custom)
2019-10-01 21:20:20,357 [pool-129-thread-1] INFO  server.RaftServerConfigKeys (ConfUtils.java:logGet(43)) - raft.server.snapshot.retention.num.files = 5 (custom)
2019-10-01 21:20:20,357 [pool-119-thread-1] INFO  segmented.SegmentedRaftLogWorker (SegmentedRaftLogWorker.java:lambda$new$0(132)) - 89fcfe45-dcaf-4b08-b5f3-b551067e5fd9@group-7D479441F0FD-SegmentedRaftLogWorker: flushIndex: setUnconditionally 0 -> -1
2019-10-01 21:20:20,357 [pool-129-thread-1] INFO  server.RaftServerConfigKeys (ConfUtils.java:logGet(43)) - raft.server.retrycache.expirytime = 600000ms (custom)
2019-10-01 21:20:20,358 [pool-119-thread-1] INFO  server.RaftServerConfigKeys (ConfUtils.java:logGet(43)) - raft.server.snapshot.auto.trigger.enabled = true (custom)
2019-10-01 21:20:20,358 [pool-119-thread-1] INFO  server.RaftServerConfigKeys (ConfUtils.java:logGet(43)) - raft.server.snapshot.auto.trigger.threshold = 10000 (custom)
2019-10-01 21:20:20,358 [pool-119-thread-1] INFO  server.RaftServerConfigKeys (ConfUtils.java:logGet(43)) - raft.server.snapshot.retention.num.files = 5 (custom)
2019-10-01 21:20:20,358 [pool-119-thread-1] INFO  server.RaftServerConfigKeys (ConfUtils.java:logGet(43)) - raft.server.retrycache.expirytime = 600000ms (custom)
2019-10-01 21:20:20,359 [pool-139-thread-1] INFO  impl.RaftServerImpl (RaftServerImpl.java:start(185)) - f9fd6070-3485-43a1-95a7-7a476b3e7642@group-7D479441F0FD: start as a follower, conf=-1: [f9fd6070-3485-43a1-95a7-7a476b3e7642:192.168.151.69:33094, 89fcfe45-dcaf-4b08-b5f3-b551067e5fd9:192.168.151.69:46466, cbfa2b6e-20cc-4371-9247-0e10d1a91862:192.168.151.69:37800], old=null
2019-10-01 21:20:20,359 [pool-139-thread-1] INFO  impl.RaftServerImpl (RaftServerImpl.java:setRole(174)) - f9fd6070-3485-43a1-95a7-7a476b3e7642@group-7D479441F0FD: changes role from      null to FOLLOWER at term 0 for startAsFollower
2019-10-01 21:20:20,360 [pool-139-thread-1] INFO  impl.RoleInfo (RoleInfo.java:updateAndGet(143)) - f9fd6070-3485-43a1-95a7-7a476b3e7642: start FollowerState
2019-10-01 21:20:20,360 [pool-139-thread-1] INFO  util.JmxRegister (JmxRegister.java:tryRegister(44)) - Successfully registered JMX Bean with object name Ratis:service=RaftServer,group=group-7D479441F0FD,id=f9fd6070-3485-43a1-95a7-7a476b3e7642
2019-10-01 21:20:20,360 [pool-129-thread-1] INFO  impl.RaftServerImpl (RaftServerImpl.java:start(185)) - cbfa2b6e-20cc-4371-9247-0e10d1a91862@group-7D479441F0FD: start as a follower, conf=-1: [f9fd6070-3485-43a1-95a7-7a476b3e7642:192.168.151.69:33094, 89fcfe45-dcaf-4b08-b5f3-b551067e5fd9:192.168.151.69:46466, cbfa2b6e-20cc-4371-9247-0e10d1a91862:192.168.151.69:37800], old=null
2019-10-01 21:20:20,361 [pool-129-thread-1] INFO  impl.RaftServerImpl (RaftServerImpl.java:setRole(174)) - cbfa2b6e-20cc-4371-9247-0e10d1a91862@group-7D479441F0FD: changes role from      null to FOLLOWER at term 0 for startAsFollower
2019-10-01 21:20:20,361 [pool-129-thread-1] INFO  impl.RoleInfo (RoleInfo.java:updateAndGet(143)) - cbfa2b6e-20cc-4371-9247-0e10d1a91862: start FollowerState
2019-10-01 21:20:20,361 [pool-119-thread-1] INFO  impl.RaftServerImpl (RaftServerImpl.java:start(185)) - 89fcfe45-dcaf-4b08-b5f3-b551067e5fd9@group-7D479441F0FD: start as a follower, conf=-1: [f9fd6070-3485-43a1-95a7-7a476b3e7642:192.168.151.69:33094, 89fcfe45-dcaf-4b08-b5f3-b551067e5fd9:192.168.151.69:46466, cbfa2b6e-20cc-4371-9247-0e10d1a91862:192.168.151.69:37800], old=null
2019-10-01 21:20:20,361 [pool-129-thread-1] INFO  util.JmxRegister (JmxRegister.java:tryRegister(44)) - Successfully registered JMX Bean with object name Ratis:service=RaftServer,group=group-7D479441F0FD,id=cbfa2b6e-20cc-4371-9247-0e10d1a91862
2019-10-01 21:20:20,361 [pool-119-thread-1] INFO  impl.RaftServerImpl (RaftServerImpl.java:setRole(174)) - 89fcfe45-dcaf-4b08-b5f3-b551067e5fd9@group-7D479441F0FD: changes role from      null to FOLLOWER at term 0 for startAsFollower
2019-10-01 21:20:20,361 [pool-119-thread-1] INFO  impl.RoleInfo (RoleInfo.java:updateAndGet(143)) - 89fcfe45-dcaf-4b08-b5f3-b551067e5fd9: start FollowerState
2019-10-01 21:20:20,362 [pool-119-thread-1] INFO  util.JmxRegister (JmxRegister.java:tryRegister(44)) - Successfully registered JMX Bean with object name Ratis:service=RaftServer,group=group-7D479441F0FD,id=89fcfe45-dcaf-4b08-b5f3-b551067e5fd9
2019-10-01 21:20:20,364 [RatisPipelineUtilsThread] INFO  pipeline.PipelineStateManager (PipelineStateManager.java:addPipeline(56)) - Created pipeline Pipeline[ Id: bff27a6d-5761-4edc-873a-7d479441f0fd, Nodes: cbfa2b6e-20cc-4371-9247-0e10d1a91862{ip: 192.168.151.69, host: pr-hdds-2019-f2v2n-172752401, networkLocation: /default-rack, certSerialId: null}f9fd6070-3485-43a1-95a7-7a476b3e7642{ip: 192.168.151.69, host: pr-hdds-2019-f2v2n-172752401, networkLocation: /default-rack, certSerialId: null}89fcfe45-dcaf-4b08-b5f3-b551067e5fd9{ip: 192.168.151.69, host: pr-hdds-2019-f2v2n-172752401, networkLocation: /default-rack, certSerialId: null}, Type:RATIS, Factor:THREE, State:OPEN]
2019-10-01 21:20:20,380 [IPC Server handler 5 on 34742] INFO  net.NetworkTopology (NetworkTopologyImpl.java:add(111)) - Added a new node: /default-rack/02e284fd-040a-4e6e-a977-f8bb7b31abf7
2019-10-01 21:20:20,380 [IPC Server handler 5 on 34742] INFO  node.SCMNodeManager (SCMNodeManager.java:register(266)) - Registered Data node : 02e284fd-040a-4e6e-a977-f8bb7b31abf7{ip: 192.168.151.69, host: pr-hdds-2019-f2v2n-172752401, networkLocation: /default-rack, certSerialId: null}
2019-10-01 21:20:20,386 [grpc-default-executor-1] INFO  impl.RaftServerProxy (RaftServerProxy.java:addNew(89)) - 02e284fd-040a-4e6e-a977-f8bb7b31abf7: addNew group-5AFF17EDB454:[02e284fd-040a-4e6e-a977-f8bb7b31abf7:192.168.151.69:39276] returns group-5AFF17EDB454:java.util.concurrent.CompletableFuture@3155b[Not completed]
2019-10-01 21:20:20,391 [pool-169-thread-1] INFO  impl.RaftServerImpl (RaftServerImpl.java:<init>(95)) - 02e284fd-040a-4e6e-a977-f8bb7b31abf7: new RaftServerImpl for group-5AFF17EDB454:[02e284fd-040a-4e6e-a977-f8bb7b31abf7:192.168.151.69:39276] with ContainerStateMachine:uninitialized
2019-10-01 21:20:20,391 [pool-169-thread-1] INFO  server.RaftServerConfigKeys (ConfUtils.java:logGet(43)) - raft.server.rpc.timeout.min = 5s (custom)
2019-10-01 21:20:20,391 [pool-169-thread-1] INFO  server.RaftServerConfigKeys (ConfUtils.java:logGet(43)) - raft.server.rpc.timeout.max = 5200ms (custom)
2019-10-01 21:20:20,391 [pool-169-thread-1] INFO  server.RaftServerConfigKeys (ConfUtils.java:logGet(43)) - raft.server.rpcslowness.timeout = 120s (custom)
2019-10-01 21:20:20,391 [pool-169-thread-1] INFO  server.RaftServerConfigKeys (ConfUtils.java:logGet(43)) - raft.server.sleep.deviation.threshold = 300 (default)
2019-10-01 21:20:20,391 [pool-169-thread-1] INFO  server.RaftServerConfigKeys (ConfUtils.java:logGet(43)) - raft.server.log.appender.install.snapshot.enabled = false (custom)
2019-10-01 21:20:20,391 [pool-169-thread-1] INFO  impl.RaftServerImpl (ServerState.java:<init>(103)) - 02e284fd-040a-4e6e-a977-f8bb7b31abf7@group-5AFF17EDB454: ConfigurationManager, init=-1: [02e284fd-040a-4e6e-a977-f8bb7b31abf7:192.168.151.69:39276], old=null, confs=<EMPTY_MAP>
2019-10-01 21:20:20,392 [pool-169-thread-1] INFO  server.RaftServerConfigKeys (ConfUtils.java:logGet(43)) - raft.server.storage.dir = [/workdir/hadoop-ozone/integration-test/target/test-dir/MiniOzoneClusterImpl-de3107aa-fdfe-498c-bc41-a98c7d3f2bf4/datanode-5/data/ratis] (custom)
2019-10-01 21:20:20,392 [pool-169-thread-1] INFO  storage.RaftStorageDirectory (RaftStorageDirectory.java:analyzeStorage(246)) - The storage directory /workdir/hadoop-ozone/integration-test/target/test-dir/MiniOzoneClusterImpl-de3107aa-fdfe-498c-bc41-a98c7d3f2bf4/datanode-5/data/ratis/faae17bd-e4a7-46b2-94c5-5aff17edb454 does not exist. Creating ...
2019-10-01 21:20:20,404 [pool-169-thread-1] INFO  storage.RaftStorageDirectory (RaftStorageDirectory.java:tryLock(328)) - Lock on /workdir/hadoop-ozone/integration-test/target/test-dir/MiniOzoneClusterImpl-de3107aa-fdfe-498c-bc41-a98c7d3f2bf4/datanode-5/data/ratis/faae17bd-e4a7-46b2-94c5-5aff17edb454/in_use.lock acquired by nodename 9596@pr-hdds-2019-f2v2n-172752401
2019-10-01 21:20:20,417 [pool-169-thread-1] INFO  storage.RaftStorage (RaftStorage.java:format(72)) - Storage directory /workdir/hadoop-ozone/integration-test/target/test-dir/MiniOzoneClusterImpl-de3107aa-fdfe-498c-bc41-a98c7d3f2bf4/datanode-5/data/ratis/faae17bd-e4a7-46b2-94c5-5aff17edb454 has been successfully formatted.
2019-10-01 21:20:20,418 [pool-169-thread-1] INFO  ratis.ContainerStateMachine (ContainerStateMachine.java:loadSnapshot(230)) - group-5AFF17EDB454: The snapshot info is null. Setting the last applied indexto:(t:0, i:~)
2019-10-01 21:20:20,418 [pool-169-thread-1] INFO  server.RaftServerConfigKeys (ConfUtils.java:logGet(43)) - raft.server.notification.no-leader.timeout = 120s (custom)
2019-10-01 21:20:20,418 [pool-169-thread-1] INFO  server.RaftServerConfigKeys (ConfUtils.java:logGet(43)) - raft.server.log.use.memory = false (default)
2019-10-01 21:20:20,418 [pool-169-thread-1] INFO  server.RaftServerConfigKeys (ConfUtils.java:logGet(43)) - raft.server.log.purge.gap = 1000000 (custom)
2019-10-01 21:20:20,418 [pool-169-thread-1] INFO  server.RaftServerConfigKeys (ConfUtils.java:logGet(43)) - raft.server.log.appender.buffer.byte-limit = 33554432 (custom)
2019-10-01 21:20:20,418 [pool-169-thread-1] INFO  server.RaftServerConfigKeys (ConfUtils.java:logGet(43)) - raft.server.log.segment.size.max = 1048576 (custom)
2019-10-01 21:20:20,418 [pool-169-thread-1] INFO  server.RaftServerConfigKeys (ConfUtils.java:logGet(43)) - raft.server.log.segment.cache.num.max = 2 (custom)
2019-10-01 21:20:20,418 [pool-169-thread-1] INFO  segmented.SegmentedRaftLogWorker (SegmentedRaftLogWorker.java:<init>(172)) - new 02e284fd-040a-4e6e-a977-f8bb7b31abf7@group-5AFF17EDB454-SegmentedRaftLogWorker for RaftStorage:Storage Directory /workdir/hadoop-ozone/integration-test/target/test-dir/MiniOzoneClusterImpl-de3107aa-fdfe-498c-bc41-a98c7d3f2bf4/datanode-5/data/ratis/faae17bd-e4a7-46b2-94c5-5aff17edb454
2019-10-01 21:20:20,420 [pool-169-thread-1] INFO  server.RaftServerConfigKeys (ConfUtils.java:logGet(43)) - raft.server.log.queue.byte-limit = 2147483647 (custom)
2019-10-01 21:20:20,420 [pool-169-thread-1] INFO  server.RaftServerConfigKeys (ConfUtils.java:logGet(43)) - raft.server.log.queue.element-limit = 1024 (custom)
2019-10-01 21:20:20,420 [pool-169-thread-1] INFO  server.RaftServerConfigKeys (ConfUtils.java:logGet(43)) - raft.server.log.segment.size.max = 1048576 (custom)
2019-10-01 21:20:20,420 [pool-169-thread-1] INFO  server.RaftServerConfigKeys (ConfUtils.java:logGet(43)) - raft.server.log.preallocated.size = 16384 (custom)
2019-10-01 21:20:20,420 [pool-169-thread-1] INFO  server.RaftServerConfigKeys (ConfUtils.java:logGet(43)) - raft.server.log.write.buffer.size = 33554432 (custom)
2019-10-01 21:20:20,421 [pool-169-thread-1] INFO  server.RaftServerConfigKeys (ConfUtils.java:logGet(43)) - raft.server.log.force.sync.num = 128 (default)
2019-10-01 21:20:20,421 [pool-169-thread-1] INFO  server.RaftServerConfigKeys (ConfUtils.java:logGet(43)) - raft.server.log.statemachine.data.sync = true (default)
2019-10-01 21:20:20,421 [pool-169-thread-1] INFO  server.RaftServerConfigKeys (ConfUtils.java:logGet(43)) - raft.server.log.statemachine.data.sync.timeout = 10s (default)
2019-10-01 21:20:20,421 [pool-169-thread-1] INFO  server.RaftServerConfigKeys (ConfUtils.java:logGet(43)) - raft.server.log.statemachine.data.sync.timeout.retry = -1 (default)
2019-10-01 21:20:20,421 [pool-169-thread-1] INFO  server.RaftServerConfigKeys (ConfUtils.java:logGet(43)) - raft.server.log.statemachine.data.caching.enabled = true (custom)
2019-10-01 21:20:20,421 [pool-169-thread-1] INFO  segmented.SegmentedRaftLogWorker (SegmentedRaftLogWorker.java:lambda$new$0(132)) - 02e284fd-040a-4e6e-a977-f8bb7b31abf7@group-5AFF17EDB454-SegmentedRaftLogWorker: flushIndex: setUnconditionally 0 -> -1
2019-10-01 21:20:20,422 [pool-169-thread-1] INFO  server.RaftServerConfigKeys (ConfUtils.java:logGet(43)) - raft.server.snapshot.auto.trigger.enabled = true (custom)
2019-10-01 21:20:20,422 [pool-169-thread-1] INFO  server.RaftServerConfigKeys (ConfUtils.java:logGet(43)) - raft.server.snapshot.auto.trigger.threshold = 10000 (custom)
2019-10-01 21:20:20,422 [pool-169-thread-1] INFO  server.RaftServerConfigKeys (ConfUtils.java:logGet(43)) - raft.server.snapshot.retention.num.files = 5 (custom)
2019-10-01 21:20:20,422 [pool-169-thread-1] INFO  server.RaftServerConfigKeys (ConfUtils.java:logGet(43)) - raft.server.retrycache.expirytime = 600000ms (custom)
2019-10-01 21:20:20,423 [pool-169-thread-1] INFO  impl.RaftServerImpl (RaftServerImpl.java:start(185)) - 02e284fd-040a-4e6e-a977-f8bb7b31abf7@group-5AFF17EDB454: start as a follower, conf=-1: [02e284fd-040a-4e6e-a977-f8bb7b31abf7:192.168.151.69:39276], old=null
2019-10-01 21:20:20,424 [pool-169-thread-1] INFO  impl.RaftServerImpl (RaftServerImpl.java:setRole(174)) - 02e284fd-040a-4e6e-a977-f8bb7b31abf7@group-5AFF17EDB454: changes role from      null to FOLLOWER at term 0 for startAsFollower
2019-10-01 21:20:20,424 [pool-169-thread-1] INFO  impl.RoleInfo (RoleInfo.java:updateAndGet(143)) - 02e284fd-040a-4e6e-a977-f8bb7b31abf7: start FollowerState
2019-10-01 21:20:20,424 [pool-169-thread-1] INFO  util.JmxRegister (JmxRegister.java:tryRegister(44)) - Successfully registered JMX Bean with object name Ratis:service=RaftServer,group=group-5AFF17EDB454,id=02e284fd-040a-4e6e-a977-f8bb7b31abf7
2019-10-01 21:20:20,427 [RatisPipelineUtilsThread] INFO  pipeline.PipelineStateManager (PipelineStateManager.java:addPipeline(56)) - Created pipeline Pipeline[ Id: faae17bd-e4a7-46b2-94c5-5aff17edb454, Nodes: 02e284fd-040a-4e6e-a977-f8bb7b31abf7{ip: 192.168.151.69, host: pr-hdds-2019-f2v2n-172752401, networkLocation: /default-rack, certSerialId: null}, Type:RATIS, Factor:ONE, State:OPEN]
2019-10-01 21:20:20,435 [grpc-default-executor-1] INFO  impl.RaftServerProxy (RaftServerProxy.java:addNew(89)) - b2c9ba6a-9bd8-402b-8c7d-73b100db3170: addNew group-3642F8AF86ED:[b2c9ba6a-9bd8-402b-8c7d-73b100db3170:192.168.151.69:42652] returns group-3642F8AF86ED:java.util.concurrent.CompletableFuture@22c91d66[Not completed]
2019-10-01 21:20:20,440 [pool-159-thread-1] INFO  impl.RaftServerImpl (RaftServerImpl.java:<init>(95)) - b2c9ba6a-9bd8-402b-8c7d-73b100db3170: new RaftServerImpl for group-3642F8AF86ED:[b2c9ba6a-9bd8-402b-8c7d-73b100db3170:192.168.151.69:42652] with ContainerStateMachine:uninitialized
2019-10-01 21:20:20,440 [pool-159-thread-1] INFO  server.RaftServerConfigKeys (ConfUtils.java:logGet(43)) - raft.server.rpc.timeout.min = 5s (custom)
2019-10-01 21:20:20,440 [pool-159-thread-1] INFO  server.RaftServerConfigKeys (ConfUtils.java:logGet(43)) - raft.server.rpc.timeout.max = 5200ms (custom)
2019-10-01 21:20:20,441 [pool-159-thread-1] INFO  server.RaftServerConfigKeys (ConfUtils.java:logGet(43)) - raft.server.rpcslowness.timeout = 120s (custom)
2019-10-01 21:20:20,441 [pool-159-thread-1] INFO  server.RaftServerConfigKeys (ConfUtils.java:logGet(43)) - raft.server.sleep.deviation.threshold = 300 (default)
2019-10-01 21:20:20,441 [pool-159-thread-1] INFO  server.RaftServerConfigKeys (ConfUtils.java:logGet(43)) - raft.server.log.appender.install.snapshot.enabled = false (custom)
2019-10-01 21:20:20,441 [pool-159-thread-1] INFO  impl.RaftServerImpl (ServerState.java:<init>(103)) - b2c9ba6a-9bd8-402b-8c7d-73b100db3170@group-3642F8AF86ED: ConfigurationManager, init=-1: [b2c9ba6a-9bd8-402b-8c7d-73b100db3170:192.168.151.69:42652], old=null, confs=<EMPTY_MAP>
2019-10-01 21:20:20,441 [pool-159-thread-1] INFO  server.RaftServerConfigKeys (ConfUtils.java:logGet(43)) - raft.server.storage.dir = [/workdir/hadoop-ozone/integration-test/target/test-dir/MiniOzoneClusterImpl-de3107aa-fdfe-498c-bc41-a98c7d3f2bf4/datanode-4/data/ratis] (custom)
2019-10-01 21:20:20,441 [pool-159-thread-1] INFO  storage.RaftStorageDirectory (RaftStorageDirectory.java:analyzeStorage(246)) - The storage directory /workdir/hadoop-ozone/integration-test/target/test-dir/MiniOzoneClusterImpl-de3107aa-fdfe-498c-bc41-a98c7d3f2bf4/datanode-4/data/ratis/b1539111-9a74-4902-a166-3642f8af86ed does not exist. Creating ...
2019-10-01 21:20:20,452 [pool-159-thread-1] INFO  storage.RaftStorageDirectory (RaftStorageDirectory.java:tryLock(328)) - Lock on /workdir/hadoop-ozone/integration-test/target/test-dir/MiniOzoneClusterImpl-de3107aa-fdfe-498c-bc41-a98c7d3f2bf4/datanode-4/data/ratis/b1539111-9a74-4902-a166-3642f8af86ed/in_use.lock acquired by nodename 9596@pr-hdds-2019-f2v2n-172752401
2019-10-01 21:20:20,454 [IPC Server handler 0 on 34742] INFO  net.NetworkTopology (NetworkTopologyImpl.java:add(111)) - Added a new node: /default-rack/7240ac6f-0c5d-4826-acb2-f29a34e53932
2019-10-01 21:20:20,454 [IPC Server handler 0 on 34742] INFO  node.SCMNodeManager (SCMNodeManager.java:register(266)) - Registered Data node : 7240ac6f-0c5d-4826-acb2-f29a34e53932{ip: 192.168.151.69, host: pr-hdds-2019-f2v2n-172752401, networkLocation: /default-rack, certSerialId: null}
2019-10-01 21:20:20,455 [main] INFO  ozone.MiniOzoneClusterImpl (MiniOzoneClusterImpl.java:lambda$waitForClusterToBeReady$0(147)) - Cluster is ready. Got 7 of 7 DN Heartbeats.
2019-10-01 21:20:20,466 [pool-159-thread-1] INFO  storage.RaftStorage (RaftStorage.java:format(72)) - Storage directory /workdir/hadoop-ozone/integration-test/target/test-dir/MiniOzoneClusterImpl-de3107aa-fdfe-498c-bc41-a98c7d3f2bf4/datanode-4/data/ratis/b1539111-9a74-4902-a166-3642f8af86ed has been successfully formatted.
2019-10-01 21:20:20,468 [pool-159-thread-1] INFO  ratis.ContainerStateMachine (ContainerStateMachine.java:loadSnapshot(230)) - group-3642F8AF86ED: The snapshot info is null. Setting the last applied indexto:(t:0, i:~)
2019-10-01 21:20:20,474 [pool-159-thread-1] INFO  server.RaftServerConfigKeys (ConfUtils.java:logGet(43)) - raft.server.notification.no-leader.timeout = 120s (custom)
2019-10-01 21:20:20,474 [pool-159-thread-1] INFO  server.RaftServerConfigKeys (ConfUtils.java:logGet(43)) - raft.server.log.use.memory = false (default)
2019-10-01 21:20:20,474 [pool-159-thread-1] INFO  server.RaftServerConfigKeys (ConfUtils.java:logGet(43)) - raft.server.log.purge.gap = 1000000 (custom)
2019-10-01 21:20:20,474 [pool-159-thread-1] INFO  server.RaftServerConfigKeys (ConfUtils.java:logGet(43)) - raft.server.log.appender.buffer.byte-limit = 33554432 (custom)
2019-10-01 21:20:20,474 [pool-159-thread-1] INFO  server.RaftServerConfigKeys (ConfUtils.java:logGet(43)) - raft.server.log.segment.size.max = 1048576 (custom)
2019-10-01 21:20:20,474 [pool-159-thread-1] INFO  server.RaftServerConfigKeys (ConfUtils.java:logGet(43)) - raft.server.log.segment.cache.num.max = 2 (custom)
2019-10-01 21:20:20,474 [pool-159-thread-1] INFO  segmented.SegmentedRaftLogWorker (SegmentedRaftLogWorker.java:<init>(172)) - new b2c9ba6a-9bd8-402b-8c7d-73b100db3170@group-3642F8AF86ED-SegmentedRaftLogWorker for RaftStorage:Storage Directory /workdir/hadoop-ozone/integration-test/target/test-dir/MiniOzoneClusterImpl-de3107aa-fdfe-498c-bc41-a98c7d3f2bf4/datanode-4/data/ratis/b1539111-9a74-4902-a166-3642f8af86ed
2019-10-01 21:20:20,476 [pool-159-thread-1] INFO  server.RaftServerConfigKeys (ConfUtils.java:logGet(43)) - raft.server.log.queue.byte-limit = 2147483647 (custom)
2019-10-01 21:20:20,476 [pool-159-thread-1] INFO  server.RaftServerConfigKeys (ConfUtils.java:logGet(43)) - raft.server.log.queue.element-limit = 1024 (custom)
2019-10-01 21:20:20,476 [pool-159-thread-1] INFO  server.RaftServerConfigKeys (ConfUtils.java:logGet(43)) - raft.server.log.segment.size.max = 1048576 (custom)
2019-10-01 21:20:20,476 [pool-159-thread-1] INFO  server.RaftServerConfigKeys (ConfUtils.java:logGet(43)) - raft.server.log.preallocated.size = 16384 (custom)
2019-10-01 21:20:20,476 [pool-159-thread-1] INFO  server.RaftServerConfigKeys (ConfUtils.java:logGet(43)) - raft.server.log.write.buffer.size = 33554432 (custom)
2019-10-01 21:20:20,477 [pool-159-thread-1] INFO  server.RaftServerConfigKeys (ConfUtils.java:logGet(43)) - raft.server.log.force.sync.num = 128 (default)
2019-10-01 21:20:20,477 [pool-159-thread-1] INFO  server.RaftServerConfigKeys (ConfUtils.java:logGet(43)) - raft.server.log.statemachine.data.sync = true (default)
2019-10-01 21:20:20,477 [pool-159-thread-1] INFO  server.RaftServerConfigKeys (ConfUtils.java:logGet(43)) - raft.server.log.statemachine.data.sync.timeout = 10s (default)
2019-10-01 21:20:20,477 [pool-159-thread-1] INFO  server.RaftServerConfigKeys (ConfUtils.java:logGet(43)) - raft.server.log.statemachine.data.sync.timeout.retry = -1 (default)
2019-10-01 21:20:20,477 [pool-159-thread-1] INFO  server.RaftServerConfigKeys (ConfUtils.java:logGet(43)) - raft.server.log.statemachine.data.caching.enabled = true (custom)
2019-10-01 21:20:20,479 [pool-159-thread-1] INFO  segmented.SegmentedRaftLogWorker (SegmentedRaftLogWorker.java:lambda$new$0(132)) - b2c9ba6a-9bd8-402b-8c7d-73b100db3170@group-3642F8AF86ED-SegmentedRaftLogWorker: flushIndex: setUnconditionally 0 -> -1
2019-10-01 21:20:20,479 [pool-159-thread-1] INFO  server.RaftServerConfigKeys (ConfUtils.java:logGet(43)) - raft.server.snapshot.auto.trigger.enabled = true (custom)
2019-10-01 21:20:20,479 [pool-159-thread-1] INFO  server.RaftServerConfigKeys (ConfUtils.java:logGet(43)) - raft.server.snapshot.auto.trigger.threshold = 10000 (custom)
2019-10-01 21:20:20,479 [pool-159-thread-1] INFO  server.RaftServerConfigKeys (ConfUtils.java:logGet(43)) - raft.server.snapshot.retention.num.files = 5 (custom)
2019-10-01 21:20:20,479 [pool-159-thread-1] INFO  server.RaftServerConfigKeys (ConfUtils.java:logGet(43)) - raft.server.retrycache.expirytime = 600000ms (custom)
2019-10-01 21:20:20,481 [pool-159-thread-1] INFO  impl.RaftServerImpl (RaftServerImpl.java:start(185)) - b2c9ba6a-9bd8-402b-8c7d-73b100db3170@group-3642F8AF86ED: start as a follower, conf=-1: [b2c9ba6a-9bd8-402b-8c7d-73b100db3170:192.168.151.69:42652], old=null
2019-10-01 21:20:20,481 [main] INFO  rpc.RpcClient (RpcClient.java:createVolume(276)) - Creating Volume: testblockoutputstreamwithretries, with jenkins1000 as owner.
2019-10-01 21:20:20,481 [pool-159-thread-1] INFO  impl.RaftServerImpl (RaftServerImpl.java:setRole(174)) - b2c9ba6a-9bd8-402b-8c7d-73b100db3170@group-3642F8AF86ED: changes role from      null to FOLLOWER at term 0 for startAsFollower
2019-10-01 21:20:20,481 [pool-159-thread-1] INFO  impl.RoleInfo (RoleInfo.java:updateAndGet(143)) - b2c9ba6a-9bd8-402b-8c7d-73b100db3170: start FollowerState
2019-10-01 21:20:20,481 [pool-159-thread-1] INFO  util.JmxRegister (JmxRegister.java:tryRegister(44)) - Successfully registered JMX Bean with object name Ratis:service=RaftServer,group=group-3642F8AF86ED,id=b2c9ba6a-9bd8-402b-8c7d-73b100db3170
2019-10-01 21:20:20,484 [RatisPipelineUtilsThread] INFO  pipeline.PipelineStateManager (PipelineStateManager.java:addPipeline(56)) - Created pipeline Pipeline[ Id: b1539111-9a74-4902-a166-3642f8af86ed, Nodes: b2c9ba6a-9bd8-402b-8c7d-73b100db3170{ip: 192.168.151.69, host: pr-hdds-2019-f2v2n-172752401, networkLocation: /default-rack, certSerialId: null}, Type:RATIS, Factor:ONE, State:OPEN]
2019-10-01 21:20:20,484 [IPC Server handler 0 on 42906] INFO  volume.OMVolumeCreateRequest (OMVolumeCreateRequest.java:validateAndUpdateCache(194)) - created volume:testblockoutputstreamwithretries for user:jenkins1000
2019-10-01 21:20:20,495 [main] INFO  rpc.RpcClient (RpcClient.java:createBucket(415)) - Creating Bucket: testblockoutputstreamwithretries/testblockoutputstreamwithretries, with Versioning false and Storage Type set to DISK and Encryption set to false 
2019-10-01 21:20:20,497 [grpc-default-executor-1] INFO  impl.RaftServerProxy (RaftServerProxy.java:addNew(89)) - 7240ac6f-0c5d-4826-acb2-f29a34e53932: addNew group-24E8E7A4399B:[7240ac6f-0c5d-4826-acb2-f29a34e53932:192.168.151.69:34236] returns group-24E8E7A4399B:java.util.concurrent.CompletableFuture@6bbdf132[Not completed]
2019-10-01 21:20:20,501 [pool-179-thread-1] INFO  impl.RaftServerImpl (RaftServerImpl.java:<init>(95)) - 7240ac6f-0c5d-4826-acb2-f29a34e53932: new RaftServerImpl for group-24E8E7A4399B:[7240ac6f-0c5d-4826-acb2-f29a34e53932:192.168.151.69:34236] with ContainerStateMachine:uninitialized
2019-10-01 21:20:20,502 [pool-179-thread-1] INFO  server.RaftServerConfigKeys (ConfUtils.java:logGet(43)) - raft.server.rpc.timeout.min = 5s (custom)
2019-10-01 21:20:20,502 [pool-179-thread-1] INFO  server.RaftServerConfigKeys (ConfUtils.java:logGet(43)) - raft.server.rpc.timeout.max = 5200ms (custom)
2019-10-01 21:20:20,502 [pool-179-thread-1] INFO  server.RaftServerConfigKeys (ConfUtils.java:logGet(43)) - raft.server.rpcslowness.timeout = 120s (custom)
2019-10-01 21:20:20,502 [pool-179-thread-1] INFO  server.RaftServerConfigKeys (ConfUtils.java:logGet(43)) - raft.server.sleep.deviation.threshold = 300 (default)
2019-10-01 21:20:20,503 [pool-179-thread-1] INFO  server.RaftServerConfigKeys (ConfUtils.java:logGet(43)) - raft.server.log.appender.install.snapshot.enabled = false (custom)
2019-10-01 21:20:20,503 [pool-179-thread-1] INFO  impl.RaftServerImpl (ServerState.java:<init>(103)) - 7240ac6f-0c5d-4826-acb2-f29a34e53932@group-24E8E7A4399B: ConfigurationManager, init=-1: [7240ac6f-0c5d-4826-acb2-f29a34e53932:192.168.151.69:34236], old=null, confs=<EMPTY_MAP>
2019-10-01 21:20:20,503 [pool-179-thread-1] INFO  server.RaftServerConfigKeys (ConfUtils.java:logGet(43)) - raft.server.storage.dir = [/workdir/hadoop-ozone/integration-test/target/test-dir/MiniOzoneClusterImpl-de3107aa-fdfe-498c-bc41-a98c7d3f2bf4/datanode-6/data/ratis] (custom)
2019-10-01 21:20:20,503 [pool-179-thread-1] INFO  storage.RaftStorageDirectory (RaftStorageDirectory.java:analyzeStorage(246)) - The storage directory /workdir/hadoop-ozone/integration-test/target/test-dir/MiniOzoneClusterImpl-de3107aa-fdfe-498c-bc41-a98c7d3f2bf4/datanode-6/data/ratis/70c6a198-f1ce-4c5c-ad94-24e8e7a4399b does not exist. Creating ...
2019-10-01 21:20:20,516 [pool-179-thread-1] INFO  storage.RaftStorageDirectory (RaftStorageDirectory.java:tryLock(328)) - Lock on /workdir/hadoop-ozone/integration-test/target/test-dir/MiniOzoneClusterImpl-de3107aa-fdfe-498c-bc41-a98c7d3f2bf4/datanode-6/data/ratis/70c6a198-f1ce-4c5c-ad94-24e8e7a4399b/in_use.lock acquired by nodename 9596@pr-hdds-2019-f2v2n-172752401
2019-10-01 21:20:20,528 [pool-179-thread-1] INFO  storage.RaftStorage (RaftStorage.java:format(72)) - Storage directory /workdir/hadoop-ozone/integration-test/target/test-dir/MiniOzoneClusterImpl-de3107aa-fdfe-498c-bc41-a98c7d3f2bf4/datanode-6/data/ratis/70c6a198-f1ce-4c5c-ad94-24e8e7a4399b has been successfully formatted.
2019-10-01 21:20:20,529 [pool-179-thread-1] INFO  ratis.ContainerStateMachine (ContainerStateMachine.java:loadSnapshot(230)) - group-24E8E7A4399B: The snapshot info is null. Setting the last applied indexto:(t:0, i:~)
2019-10-01 21:20:20,529 [pool-179-thread-1] INFO  server.RaftServerConfigKeys (ConfUtils.java:logGet(43)) - raft.server.notification.no-leader.timeout = 120s (custom)
2019-10-01 21:20:20,529 [pool-179-thread-1] INFO  server.RaftServerConfigKeys (ConfUtils.java:logGet(43)) - raft.server.log.use.memory = false (default)
2019-10-01 21:20:20,529 [pool-179-thread-1] INFO  server.RaftServerConfigKeys (ConfUtils.java:logGet(43)) - raft.server.log.purge.gap = 1000000 (custom)
2019-10-01 21:20:20,529 [pool-179-thread-1] INFO  server.RaftServerConfigKeys (ConfUtils.java:logGet(43)) - raft.server.log.appender.buffer.byte-limit = 33554432 (custom)
2019-10-01 21:20:20,529 [pool-179-thread-1] INFO  server.RaftServerConfigKeys (ConfUtils.java:logGet(43)) - raft.server.log.segment.size.max = 1048576 (custom)
2019-10-01 21:20:20,529 [pool-179-thread-1] INFO  server.RaftServerConfigKeys (ConfUtils.java:logGet(43)) - raft.server.log.segment.cache.num.max = 2 (custom)
2019-10-01 21:20:20,529 [pool-179-thread-1] INFO  segmented.SegmentedRaftLogWorker (SegmentedRaftLogWorker.java:<init>(172)) - new 7240ac6f-0c5d-4826-acb2-f29a34e53932@group-24E8E7A4399B-SegmentedRaftLogWorker for RaftStorage:Storage Directory /workdir/hadoop-ozone/integration-test/target/test-dir/MiniOzoneClusterImpl-de3107aa-fdfe-498c-bc41-a98c7d3f2bf4/datanode-6/data/ratis/70c6a198-f1ce-4c5c-ad94-24e8e7a4399b
2019-10-01 21:20:20,531 [pool-179-thread-1] INFO  server.RaftServerConfigKeys (ConfUtils.java:logGet(43)) - raft.server.log.queue.byte-limit = 2147483647 (custom)
2019-10-01 21:20:20,531 [pool-179-thread-1] INFO  server.RaftServerConfigKeys (ConfUtils.java:logGet(43)) - raft.server.log.queue.element-limit = 1024 (custom)
2019-10-01 21:20:20,531 [pool-179-thread-1] INFO  server.RaftServerConfigKeys (ConfUtils.java:logGet(43)) - raft.server.log.segment.size.max = 1048576 (custom)
2019-10-01 21:20:20,531 [pool-179-thread-1] INFO  server.RaftServerConfigKeys (ConfUtils.java:logGet(43)) - raft.server.log.preallocated.size = 16384 (custom)
2019-10-01 21:20:20,531 [pool-179-thread-1] INFO  server.RaftServerConfigKeys (ConfUtils.java:logGet(43)) - raft.server.log.write.buffer.size = 33554432 (custom)
2019-10-01 21:20:20,531 [pool-179-thread-1] INFO  server.RaftServerConfigKeys (ConfUtils.java:logGet(43)) - raft.server.log.force.sync.num = 128 (default)
2019-10-01 21:20:20,531 [pool-179-thread-1] INFO  server.RaftServerConfigKeys (ConfUtils.java:logGet(43)) - raft.server.log.statemachine.data.sync = true (default)
2019-10-01 21:20:20,532 [pool-179-thread-1] INFO  server.RaftServerConfigKeys (ConfUtils.java:logGet(43)) - raft.server.log.statemachine.data.sync.timeout = 10s (default)
2019-10-01 21:20:20,532 [pool-179-thread-1] INFO  server.RaftServerConfigKeys (ConfUtils.java:logGet(43)) - raft.server.log.statemachine.data.sync.timeout.retry = -1 (default)
2019-10-01 21:20:20,532 [pool-179-thread-1] INFO  server.RaftServerConfigKeys (ConfUtils.java:logGet(43)) - raft.server.log.statemachine.data.caching.enabled = true (custom)
2019-10-01 21:20:20,532 [pool-179-thread-1] INFO  segmented.SegmentedRaftLogWorker (SegmentedRaftLogWorker.java:lambda$new$0(132)) - 7240ac6f-0c5d-4826-acb2-f29a34e53932@group-24E8E7A4399B-SegmentedRaftLogWorker: flushIndex: setUnconditionally 0 -> -1
2019-10-01 21:20:20,532 [pool-179-thread-1] INFO  server.RaftServerConfigKeys (ConfUtils.java:logGet(43)) - raft.server.snapshot.auto.trigger.enabled = true (custom)
2019-10-01 21:20:20,532 [pool-179-thread-1] INFO  server.RaftServerConfigKeys (ConfUtils.java:logGet(43)) - raft.server.snapshot.auto.trigger.threshold = 10000 (custom)
2019-10-01 21:20:20,533 [pool-179-thread-1] INFO  server.RaftServerConfigKeys (ConfUtils.java:logGet(43)) - raft.server.snapshot.retention.num.files = 5 (custom)
2019-10-01 21:20:20,533 [pool-179-thread-1] INFO  server.RaftServerConfigKeys (ConfUtils.java:logGet(43)) - raft.server.retrycache.expirytime = 600000ms (custom)
2019-10-01 21:20:20,534 [pool-179-thread-1] INFO  impl.RaftServerImpl (RaftServerImpl.java:start(185)) - 7240ac6f-0c5d-4826-acb2-f29a34e53932@group-24E8E7A4399B: start as a follower, conf=-1: [7240ac6f-0c5d-4826-acb2-f29a34e53932:192.168.151.69:34236], old=null
2019-10-01 21:20:20,534 [pool-179-thread-1] INFO  impl.RaftServerImpl (RaftServerImpl.java:setRole(174)) - 7240ac6f-0c5d-4826-acb2-f29a34e53932@group-24E8E7A4399B: changes role from      null to FOLLOWER at term 0 for startAsFollower
2019-10-01 21:20:20,534 [pool-179-thread-1] INFO  impl.RoleInfo (RoleInfo.java:updateAndGet(143)) - 7240ac6f-0c5d-4826-acb2-f29a34e53932: start FollowerState
2019-10-01 21:20:20,535 [pool-179-thread-1] INFO  util.JmxRegister (JmxRegister.java:tryRegister(44)) - Successfully registered JMX Bean with object name Ratis:service=RaftServer,group=group-24E8E7A4399B,id=7240ac6f-0c5d-4826-acb2-f29a34e53932
2019-10-01 21:20:20,537 [RatisPipelineUtilsThread] INFO  pipeline.PipelineStateManager (PipelineStateManager.java:addPipeline(56)) - Created pipeline Pipeline[ Id: 70c6a198-f1ce-4c5c-ad94-24e8e7a4399b, Nodes: 7240ac6f-0c5d-4826-acb2-f29a34e53932{ip: 192.168.151.69, host: pr-hdds-2019-f2v2n-172752401, networkLocation: /default-rack, certSerialId: null}, Type:RATIS, Factor:ONE, State:OPEN]
2019-10-01 21:20:20,558 [grpc-default-executor-2] INFO  impl.RaftServerProxy (RaftServerProxy.java:addNew(89)) - 02e284fd-040a-4e6e-a977-f8bb7b31abf7: addNew group-734A4A51BB22:[7240ac6f-0c5d-4826-acb2-f29a34e53932:192.168.151.69:34236, 02e284fd-040a-4e6e-a977-f8bb7b31abf7:192.168.151.69:39276, b2c9ba6a-9bd8-402b-8c7d-73b100db3170:192.168.151.69:42652] returns group-734A4A51BB22:java.util.concurrent.CompletableFuture@6c18ff5a[Not completed]
2019-10-01 21:20:20,558 [grpc-default-executor-4] INFO  impl.RaftServerProxy (RaftServerProxy.java:addNew(89)) - b2c9ba6a-9bd8-402b-8c7d-73b100db3170: addNew group-734A4A51BB22:[7240ac6f-0c5d-4826-acb2-f29a34e53932:192.168.151.69:34236, 02e284fd-040a-4e6e-a977-f8bb7b31abf7:192.168.151.69:39276, b2c9ba6a-9bd8-402b-8c7d-73b100db3170:192.168.151.69:42652] returns group-734A4A51BB22:java.util.concurrent.CompletableFuture@b478fdc[Not completed]
2019-10-01 21:20:20,559 [grpc-default-executor-1] INFO  impl.RaftServerProxy (RaftServerProxy.java:addNew(89)) - 7240ac6f-0c5d-4826-acb2-f29a34e53932: addNew group-734A4A51BB22:[7240ac6f-0c5d-4826-acb2-f29a34e53932:192.168.151.69:34236, 02e284fd-040a-4e6e-a977-f8bb7b31abf7:192.168.151.69:39276, b2c9ba6a-9bd8-402b-8c7d-73b100db3170:192.168.151.69:42652] returns group-734A4A51BB22:java.util.concurrent.CompletableFuture@781953ac[Not completed]
2019-10-01 21:20:20,559 [pool-159-thread-1] INFO  impl.RaftServerImpl (RaftServerImpl.java:<init>(95)) - b2c9ba6a-9bd8-402b-8c7d-73b100db3170: new RaftServerImpl for group-734A4A51BB22:[7240ac6f-0c5d-4826-acb2-f29a34e53932:192.168.151.69:34236, 02e284fd-040a-4e6e-a977-f8bb7b31abf7:192.168.151.69:39276, b2c9ba6a-9bd8-402b-8c7d-73b100db3170:192.168.151.69:42652] with ContainerStateMachine:uninitialized
2019-10-01 21:20:20,560 [pool-159-thread-1] INFO  server.RaftServerConfigKeys (ConfUtils.java:logGet(43)) - raft.server.rpc.timeout.min = 5s (custom)
2019-10-01 21:20:20,560 [pool-159-thread-1] INFO  server.RaftServerConfigKeys (ConfUtils.java:logGet(43)) - raft.server.rpc.timeout.max = 5200ms (custom)
2019-10-01 21:20:20,560 [pool-159-thread-1] INFO  server.RaftServerConfigKeys (ConfUtils.java:logGet(43)) - raft.server.rpcslowness.timeout = 120s (custom)
2019-10-01 21:20:20,560 [pool-159-thread-1] INFO  server.RaftServerConfigKeys (ConfUtils.java:logGet(43)) - raft.server.sleep.deviation.threshold = 300 (default)
2019-10-01 21:20:20,560 [pool-159-thread-1] INFO  server.RaftServerConfigKeys (ConfUtils.java:logGet(43)) - raft.server.log.appender.install.snapshot.enabled = false (custom)
2019-10-01 21:20:20,560 [pool-179-thread-1] INFO  impl.RaftServerImpl (RaftServerImpl.java:<init>(95)) - 7240ac6f-0c5d-4826-acb2-f29a34e53932: new RaftServerImpl for group-734A4A51BB22:[7240ac6f-0c5d-4826-acb2-f29a34e53932:192.168.151.69:34236, 02e284fd-040a-4e6e-a977-f8bb7b31abf7:192.168.151.69:39276, b2c9ba6a-9bd8-402b-8c7d-73b100db3170:192.168.151.69:42652] with ContainerStateMachine:uninitialized
2019-10-01 21:20:20,560 [pool-159-thread-1] INFO  impl.RaftServerImpl (ServerState.java:<init>(103)) - b2c9ba6a-9bd8-402b-8c7d-73b100db3170@group-734A4A51BB22: ConfigurationManager, init=-1: [7240ac6f-0c5d-4826-acb2-f29a34e53932:192.168.151.69:34236, 02e284fd-040a-4e6e-a977-f8bb7b31abf7:192.168.151.69:39276, b2c9ba6a-9bd8-402b-8c7d-73b100db3170:192.168.151.69:42652], old=null, confs=<EMPTY_MAP>
2019-10-01 21:20:20,560 [pool-179-thread-1] INFO  server.RaftServerConfigKeys (ConfUtils.java:logGet(43)) - raft.server.rpc.timeout.min = 5s (custom)
2019-10-01 21:20:20,561 [pool-159-thread-1] INFO  server.RaftServerConfigKeys (ConfUtils.java:logGet(43)) - raft.server.storage.dir = [/workdir/hadoop-ozone/integration-test/target/test-dir/MiniOzoneClusterImpl-de3107aa-fdfe-498c-bc41-a98c7d3f2bf4/datanode-4/data/ratis] (custom)
2019-10-01 21:20:20,561 [pool-179-thread-1] INFO  server.RaftServerConfigKeys (ConfUtils.java:logGet(43)) - raft.server.rpc.timeout.max = 5200ms (custom)
2019-10-01 21:20:20,561 [pool-169-thread-1] INFO  impl.RaftServerImpl (RaftServerImpl.java:<init>(95)) - 02e284fd-040a-4e6e-a977-f8bb7b31abf7: new RaftServerImpl for group-734A4A51BB22:[7240ac6f-0c5d-4826-acb2-f29a34e53932:192.168.151.69:34236, 02e284fd-040a-4e6e-a977-f8bb7b31abf7:192.168.151.69:39276, b2c9ba6a-9bd8-402b-8c7d-73b100db3170:192.168.151.69:42652] with ContainerStateMachine:uninitialized
2019-10-01 21:20:20,561 [pool-179-thread-1] INFO  server.RaftServerConfigKeys (ConfUtils.java:logGet(43)) - raft.server.rpcslowness.timeout = 120s (custom)
2019-10-01 21:20:20,561 [pool-159-thread-1] INFO  storage.RaftStorageDirectory (RaftStorageDirectory.java:analyzeStorage(246)) - The storage directory /workdir/hadoop-ozone/integration-test/target/test-dir/MiniOzoneClusterImpl-de3107aa-fdfe-498c-bc41-a98c7d3f2bf4/datanode-4/data/ratis/db0c5304-89db-41f3-849d-734a4a51bb22 does not exist. Creating ...
2019-10-01 21:20:20,561 [pool-169-thread-1] INFO  server.RaftServerConfigKeys (ConfUtils.java:logGet(43)) - raft.server.rpc.timeout.min = 5s (custom)
2019-10-01 21:20:20,561 [pool-179-thread-1] INFO  server.RaftServerConfigKeys (ConfUtils.java:logGet(43)) - raft.server.sleep.deviation.threshold = 300 (default)
2019-10-01 21:20:20,561 [pool-169-thread-1] INFO  server.RaftServerConfigKeys (ConfUtils.java:logGet(43)) - raft.server.rpc.timeout.max = 5200ms (custom)
2019-10-01 21:20:20,561 [pool-179-thread-1] INFO  server.RaftServerConfigKeys (ConfUtils.java:logGet(43)) - raft.server.log.appender.install.snapshot.enabled = false (custom)
2019-10-01 21:20:20,561 [pool-169-thread-1] INFO  server.RaftServerConfigKeys (ConfUtils.java:logGet(43)) - raft.server.rpcslowness.timeout = 120s (custom)
2019-10-01 21:20:20,562 [pool-179-thread-1] INFO  impl.RaftServerImpl (ServerState.java:<init>(103)) - 7240ac6f-0c5d-4826-acb2-f29a34e53932@group-734A4A51BB22: ConfigurationManager, init=-1: [7240ac6f-0c5d-4826-acb2-f29a34e53932:192.168.151.69:34236, 02e284fd-040a-4e6e-a977-f8bb7b31abf7:192.168.151.69:39276, b2c9ba6a-9bd8-402b-8c7d-73b100db3170:192.168.151.69:42652], old=null, confs=<EMPTY_MAP>
2019-10-01 21:20:20,562 [pool-169-thread-1] INFO  server.RaftServerConfigKeys (ConfUtils.java:logGet(43)) - raft.server.sleep.deviation.threshold = 300 (default)
2019-10-01 21:20:20,562 [pool-179-thread-1] INFO  server.RaftServerConfigKeys (ConfUtils.java:logGet(43)) - raft.server.storage.dir = [/workdir/hadoop-ozone/integration-test/target/test-dir/MiniOzoneClusterImpl-de3107aa-fdfe-498c-bc41-a98c7d3f2bf4/datanode-6/data/ratis] (custom)
2019-10-01 21:20:20,562 [pool-169-thread-1] INFO  server.RaftServerConfigKeys (ConfUtils.java:logGet(43)) - raft.server.log.appender.install.snapshot.enabled = false (custom)
2019-10-01 21:20:20,562 [pool-169-thread-1] INFO  impl.RaftServerImpl (ServerState.java:<init>(103)) - 02e284fd-040a-4e6e-a977-f8bb7b31abf7@group-734A4A51BB22: ConfigurationManager, init=-1: [7240ac6f-0c5d-4826-acb2-f29a34e53932:192.168.151.69:34236, 02e284fd-040a-4e6e-a977-f8bb7b31abf7:192.168.151.69:39276, b2c9ba6a-9bd8-402b-8c7d-73b100db3170:192.168.151.69:42652], old=null, confs=<EMPTY_MAP>
2019-10-01 21:20:20,562 [pool-169-thread-1] INFO  server.RaftServerConfigKeys (ConfUtils.java:logGet(43)) - raft.server.storage.dir = [/workdir/hadoop-ozone/integration-test/target/test-dir/MiniOzoneClusterImpl-de3107aa-fdfe-498c-bc41-a98c7d3f2bf4/datanode-5/data/ratis] (custom)
2019-10-01 21:20:20,562 [pool-179-thread-1] INFO  storage.RaftStorageDirectory (RaftStorageDirectory.java:analyzeStorage(246)) - The storage directory /workdir/hadoop-ozone/integration-test/target/test-dir/MiniOzoneClusterImpl-de3107aa-fdfe-498c-bc41-a98c7d3f2bf4/datanode-6/data/ratis/db0c5304-89db-41f3-849d-734a4a51bb22 does not exist. Creating ...
2019-10-01 21:20:20,562 [pool-169-thread-1] INFO  storage.RaftStorageDirectory (RaftStorageDirectory.java:analyzeStorage(246)) - The storage directory /workdir/hadoop-ozone/integration-test/target/test-dir/MiniOzoneClusterImpl-de3107aa-fdfe-498c-bc41-a98c7d3f2bf4/datanode-5/data/ratis/db0c5304-89db-41f3-849d-734a4a51bb22 does not exist. Creating ...
2019-10-01 21:20:20,574 [pool-169-thread-1] INFO  storage.RaftStorageDirectory (RaftStorageDirectory.java:tryLock(328)) - Lock on /workdir/hadoop-ozone/integration-test/target/test-dir/MiniOzoneClusterImpl-de3107aa-fdfe-498c-bc41-a98c7d3f2bf4/datanode-5/data/ratis/db0c5304-89db-41f3-849d-734a4a51bb22/in_use.lock acquired by nodename 9596@pr-hdds-2019-f2v2n-172752401
2019-10-01 21:20:20,574 [pool-179-thread-1] INFO  storage.RaftStorageDirectory (RaftStorageDirectory.java:tryLock(328)) - Lock on /workdir/hadoop-ozone/integration-test/target/test-dir/MiniOzoneClusterImpl-de3107aa-fdfe-498c-bc41-a98c7d3f2bf4/datanode-6/data/ratis/db0c5304-89db-41f3-849d-734a4a51bb22/in_use.lock acquired by nodename 9596@pr-hdds-2019-f2v2n-172752401
2019-10-01 21:20:20,574 [pool-159-thread-1] INFO  storage.RaftStorageDirectory (RaftStorageDirectory.java:tryLock(328)) - Lock on /workdir/hadoop-ozone/integration-test/target/test-dir/MiniOzoneClusterImpl-de3107aa-fdfe-498c-bc41-a98c7d3f2bf4/datanode-4/data/ratis/db0c5304-89db-41f3-849d-734a4a51bb22/in_use.lock acquired by nodename 9596@pr-hdds-2019-f2v2n-172752401
2019-10-01 21:20:20,588 [pool-179-thread-1] INFO  storage.RaftStorage (RaftStorage.java:format(72)) - Storage directory /workdir/hadoop-ozone/integration-test/target/test-dir/MiniOzoneClusterImpl-de3107aa-fdfe-498c-bc41-a98c7d3f2bf4/datanode-6/data/ratis/db0c5304-89db-41f3-849d-734a4a51bb22 has been successfully formatted.
2019-10-01 21:20:20,588 [pool-159-thread-1] INFO  storage.RaftStorage (RaftStorage.java:format(72)) - Storage directory /workdir/hadoop-ozone/integration-test/target/test-dir/MiniOzoneClusterImpl-de3107aa-fdfe-498c-bc41-a98c7d3f2bf4/datanode-4/data/ratis/db0c5304-89db-41f3-849d-734a4a51bb22 has been successfully formatted.
2019-10-01 21:20:20,588 [pool-169-thread-1] INFO  storage.RaftStorage (RaftStorage.java:format(72)) - Storage directory /workdir/hadoop-ozone/integration-test/target/test-dir/MiniOzoneClusterImpl-de3107aa-fdfe-498c-bc41-a98c7d3f2bf4/datanode-5/data/ratis/db0c5304-89db-41f3-849d-734a4a51bb22 has been successfully formatted.
2019-10-01 21:20:20,588 [pool-179-thread-1] INFO  ratis.ContainerStateMachine (ContainerStateMachine.java:loadSnapshot(230)) - group-734A4A51BB22: The snapshot info is null. Setting the last applied indexto:(t:0, i:~)
2019-10-01 21:20:20,588 [pool-159-thread-1] INFO  ratis.ContainerStateMachine (ContainerStateMachine.java:loadSnapshot(230)) - group-734A4A51BB22: The snapshot info is null. Setting the last applied indexto:(t:0, i:~)
2019-10-01 21:20:20,588 [pool-169-thread-1] INFO  ratis.ContainerStateMachine (ContainerStateMachine.java:loadSnapshot(230)) - group-734A4A51BB22: The snapshot info is null. Setting the last applied indexto:(t:0, i:~)
2019-10-01 21:20:20,588 [pool-179-thread-1] INFO  server.RaftServerConfigKeys (ConfUtils.java:logGet(43)) - raft.server.notification.no-leader.timeout = 120s (custom)
2019-10-01 21:20:20,589 [pool-169-thread-1] INFO  server.RaftServerConfigKeys (ConfUtils.java:logGet(43)) - raft.server.notification.no-leader.timeout = 120s (custom)
2019-10-01 21:20:20,588 [pool-159-thread-1] INFO  server.RaftServerConfigKeys (ConfUtils.java:logGet(43)) - raft.server.notification.no-leader.timeout = 120s (custom)
2019-10-01 21:20:20,589 [pool-169-thread-1] INFO  server.RaftServerConfigKeys (ConfUtils.java:logGet(43)) - raft.server.log.use.memory = false (default)
2019-10-01 21:20:20,589 [pool-179-thread-1] INFO  server.RaftServerConfigKeys (ConfUtils.java:logGet(43)) - raft.server.log.use.memory = false (default)
2019-10-01 21:20:20,589 [pool-169-thread-1] INFO  server.RaftServerConfigKeys (ConfUtils.java:logGet(43)) - raft.server.log.purge.gap = 1000000 (custom)
2019-10-01 21:20:20,589 [pool-159-thread-1] INFO  server.RaftServerConfigKeys (ConfUtils.java:logGet(43)) - raft.server.log.use.memory = false (default)
2019-10-01 21:20:20,589 [pool-169-thread-1] INFO  server.RaftServerConfigKeys (ConfUtils.java:logGet(43)) - raft.server.log.appender.buffer.byte-limit = 33554432 (custom)
2019-10-01 21:20:20,589 [pool-179-thread-1] INFO  server.RaftServerConfigKeys (ConfUtils.java:logGet(43)) - raft.server.log.purge.gap = 1000000 (custom)
2019-10-01 21:20:20,590 [pool-169-thread-1] INFO  server.RaftServerConfigKeys (ConfUtils.java:logGet(43)) - raft.server.log.segment.size.max = 1048576 (custom)
2019-10-01 21:20:20,590 [pool-159-thread-1] INFO  server.RaftServerConfigKeys (ConfUtils.java:logGet(43)) - raft.server.log.purge.gap = 1000000 (custom)
2019-10-01 21:20:20,590 [pool-169-thread-1] INFO  server.RaftServerConfigKeys (ConfUtils.java:logGet(43)) - raft.server.log.segment.cache.num.max = 2 (custom)
2019-10-01 21:20:20,590 [pool-179-thread-1] INFO  server.RaftServerConfigKeys (ConfUtils.java:logGet(43)) - raft.server.log.appender.buffer.byte-limit = 33554432 (custom)
2019-10-01 21:20:20,590 [pool-169-thread-1] INFO  segmented.SegmentedRaftLogWorker (SegmentedRaftLogWorker.java:<init>(172)) - new 02e284fd-040a-4e6e-a977-f8bb7b31abf7@group-734A4A51BB22-SegmentedRaftLogWorker for RaftStorage:Storage Directory /workdir/hadoop-ozone/integration-test/target/test-dir/MiniOzoneClusterImpl-de3107aa-fdfe-498c-bc41-a98c7d3f2bf4/datanode-5/data/ratis/db0c5304-89db-41f3-849d-734a4a51bb22
2019-10-01 21:20:20,590 [pool-159-thread-1] INFO  server.RaftServerConfigKeys (ConfUtils.java:logGet(43)) - raft.server.log.appender.buffer.byte-limit = 33554432 (custom)
2019-10-01 21:20:20,591 [pool-169-thread-1] INFO  server.RaftServerConfigKeys (ConfUtils.java:logGet(43)) - raft.server.log.queue.byte-limit = 2147483647 (custom)
2019-10-01 21:20:20,590 [pool-179-thread-1] INFO  server.RaftServerConfigKeys (ConfUtils.java:logGet(43)) - raft.server.log.segment.size.max = 1048576 (custom)
2019-10-01 21:20:20,594 [pool-169-thread-1] INFO  server.RaftServerConfigKeys (ConfUtils.java:logGet(43)) - raft.server.log.queue.element-limit = 1024 (custom)
2019-10-01 21:20:20,594 [pool-159-thread-1] INFO  server.RaftServerConfigKeys (ConfUtils.java:logGet(43)) - raft.server.log.segment.size.max = 1048576 (custom)
2019-10-01 21:20:20,594 [pool-169-thread-1] INFO  server.RaftServerConfigKeys (ConfUtils.java:logGet(43)) - raft.server.log.segment.size.max = 1048576 (custom)
2019-10-01 21:20:20,594 [pool-179-thread-1] INFO  server.RaftServerConfigKeys (ConfUtils.java:logGet(43)) - raft.server.log.segment.cache.num.max = 2 (custom)
2019-10-01 21:20:20,594 [pool-169-thread-1] INFO  server.RaftServerConfigKeys (ConfUtils.java:logGet(43)) - raft.server.log.preallocated.size = 16384 (custom)
2019-10-01 21:20:20,594 [pool-159-thread-1] INFO  server.RaftServerConfigKeys (ConfUtils.java:logGet(43)) - raft.server.log.segment.cache.num.max = 2 (custom)
2019-10-01 21:20:20,594 [pool-169-thread-1] INFO  server.RaftServerConfigKeys (ConfUtils.java:logGet(43)) - raft.server.log.write.buffer.size = 33554432 (custom)
2019-10-01 21:20:20,594 [pool-179-thread-1] INFO  segmented.SegmentedRaftLogWorker (SegmentedRaftLogWorker.java:<init>(172)) - new 7240ac6f-0c5d-4826-acb2-f29a34e53932@group-734A4A51BB22-SegmentedRaftLogWorker for RaftStorage:Storage Directory /workdir/hadoop-ozone/integration-test/target/test-dir/MiniOzoneClusterImpl-de3107aa-fdfe-498c-bc41-a98c7d3f2bf4/datanode-6/data/ratis/db0c5304-89db-41f3-849d-734a4a51bb22
2019-10-01 21:20:20,595 [pool-169-thread-1] INFO  server.RaftServerConfigKeys (ConfUtils.java:logGet(43)) - raft.server.log.force.sync.num = 128 (default)
2019-10-01 21:20:20,595 [pool-159-thread-1] INFO  segmented.SegmentedRaftLogWorker (SegmentedRaftLogWorker.java:<init>(172)) - new b2c9ba6a-9bd8-402b-8c7d-73b100db3170@group-734A4A51BB22-SegmentedRaftLogWorker for RaftStorage:Storage Directory /workdir/hadoop-ozone/integration-test/target/test-dir/MiniOzoneClusterImpl-de3107aa-fdfe-498c-bc41-a98c7d3f2bf4/datanode-4/data/ratis/db0c5304-89db-41f3-849d-734a4a51bb22
2019-10-01 21:20:20,595 [pool-169-thread-1] INFO  server.RaftServerConfigKeys (ConfUtils.java:logGet(43)) - raft.server.log.statemachine.data.sync = true (default)
2019-10-01 21:20:20,595 [pool-179-thread-1] INFO  server.RaftServerConfigKeys (ConfUtils.java:logGet(43)) - raft.server.log.queue.byte-limit = 2147483647 (custom)
2019-10-01 21:20:20,595 [pool-169-thread-1] INFO  server.RaftServerConfigKeys (ConfUtils.java:logGet(43)) - raft.server.log.statemachine.data.sync.timeout = 10s (default)
2019-10-01 21:20:20,595 [pool-159-thread-1] INFO  server.RaftServerConfigKeys (ConfUtils.java:logGet(43)) - raft.server.log.queue.byte-limit = 2147483647 (custom)
2019-10-01 21:20:20,595 [pool-169-thread-1] INFO  server.RaftServerConfigKeys (ConfUtils.java:logGet(43)) - raft.server.log.statemachine.data.sync.timeout.retry = -1 (default)
2019-10-01 21:20:20,595 [pool-179-thread-1] INFO  server.RaftServerConfigKeys (ConfUtils.java:logGet(43)) - raft.server.log.queue.element-limit = 1024 (custom)
2019-10-01 21:20:20,596 [pool-169-thread-1] INFO  server.RaftServerConfigKeys (ConfUtils.java:logGet(43)) - raft.server.log.statemachine.data.caching.enabled = true (custom)
2019-10-01 21:20:20,595 [pool-159-thread-1] INFO  server.RaftServerConfigKeys (ConfUtils.java:logGet(43)) - raft.server.log.queue.element-limit = 1024 (custom)
2019-10-01 21:20:20,596 [pool-179-thread-1] INFO  server.RaftServerConfigKeys (ConfUtils.java:logGet(43)) - raft.server.log.segment.size.max = 1048576 (custom)
2019-10-01 21:20:20,596 [pool-169-thread-1] INFO  segmented.SegmentedRaftLogWorker (SegmentedRaftLogWorker.java:lambda$new$0(132)) - 02e284fd-040a-4e6e-a977-f8bb7b31abf7@group-734A4A51BB22-SegmentedRaftLogWorker: flushIndex: setUnconditionally 0 -> -1
2019-10-01 21:20:20,596 [pool-159-thread-1] INFO  server.RaftServerConfigKeys (ConfUtils.java:logGet(43)) - raft.server.log.segment.size.max = 1048576 (custom)
2019-10-01 21:20:20,596 [pool-179-thread-1] INFO  server.RaftServerConfigKeys (ConfUtils.java:logGet(43)) - raft.server.log.preallocated.size = 16384 (custom)
2019-10-01 21:20:20,596 [pool-169-thread-1] INFO  server.RaftServerConfigKeys (ConfUtils.java:logGet(43)) - raft.server.snapshot.auto.trigger.enabled = true (custom)
2019-10-01 21:20:20,596 [pool-159-thread-1] INFO  server.RaftServerConfigKeys (ConfUtils.java:logGet(43)) - raft.server.log.preallocated.size = 16384 (custom)
2019-10-01 21:20:20,596 [pool-169-thread-1] INFO  server.RaftServerConfigKeys (ConfUtils.java:logGet(43)) - raft.server.snapshot.auto.trigger.threshold = 10000 (custom)
2019-10-01 21:20:20,596 [pool-179-thread-1] INFO  server.RaftServerConfigKeys (ConfUtils.java:logGet(43)) - raft.server.log.write.buffer.size = 33554432 (custom)
2019-10-01 21:20:20,597 [pool-169-thread-1] INFO  server.RaftServerConfigKeys (ConfUtils.java:logGet(43)) - raft.server.snapshot.retention.num.files = 5 (custom)
2019-10-01 21:20:20,596 [pool-159-thread-1] INFO  server.RaftServerConfigKeys (ConfUtils.java:logGet(43)) - raft.server.log.write.buffer.size = 33554432 (custom)
2019-10-01 21:20:20,597 [pool-169-thread-1] INFO  server.RaftServerConfigKeys (ConfUtils.java:logGet(43)) - raft.server.retrycache.expirytime = 600000ms (custom)
2019-10-01 21:20:20,597 [pool-179-thread-1] INFO  server.RaftServerConfigKeys (ConfUtils.java:logGet(43)) - raft.server.log.force.sync.num = 128 (default)
2019-10-01 21:20:20,597 [pool-159-thread-1] INFO  server.RaftServerConfigKeys (ConfUtils.java:logGet(43)) - raft.server.log.force.sync.num = 128 (default)
2019-10-01 21:20:20,597 [pool-179-thread-1] INFO  server.RaftServerConfigKeys (ConfUtils.java:logGet(43)) - raft.server.log.statemachine.data.sync = true (default)
2019-10-01 21:20:20,597 [pool-159-thread-1] INFO  server.RaftServerConfigKeys (ConfUtils.java:logGet(43)) - raft.server.log.statemachine.data.sync = true (default)
2019-10-01 21:20:20,597 [pool-179-thread-1] INFO  server.RaftServerConfigKeys (ConfUtils.java:logGet(43)) - raft.server.log.statemachine.data.sync.timeout = 10s (default)
2019-10-01 21:20:20,597 [pool-159-thread-1] INFO  server.RaftServerConfigKeys (ConfUtils.java:logGet(43)) - raft.server.log.statemachine.data.sync.timeout = 10s (default)
2019-10-01 21:20:20,597 [pool-179-thread-1] INFO  server.RaftServerConfigKeys (ConfUtils.java:logGet(43)) - raft.server.log.statemachine.data.sync.timeout.retry = -1 (default)
2019-10-01 21:20:20,598 [pool-159-thread-1] INFO  server.RaftServerConfigKeys (ConfUtils.java:logGet(43)) - raft.server.log.statemachine.data.sync.timeout.retry = -1 (default)
2019-10-01 21:20:20,598 [pool-179-thread-1] INFO  server.RaftServerConfigKeys (ConfUtils.java:logGet(43)) - raft.server.log.statemachine.data.caching.enabled = true (custom)
2019-10-01 21:20:20,598 [pool-159-thread-1] INFO  server.RaftServerConfigKeys (ConfUtils.java:logGet(43)) - raft.server.log.statemachine.data.caching.enabled = true (custom)
2019-10-01 21:20:20,598 [pool-179-thread-1] INFO  segmented.SegmentedRaftLogWorker (SegmentedRaftLogWorker.java:lambda$new$0(132)) - 7240ac6f-0c5d-4826-acb2-f29a34e53932@group-734A4A51BB22-SegmentedRaftLogWorker: flushIndex: setUnconditionally 0 -> -1
2019-10-01 21:20:20,600 [pool-179-thread-1] INFO  server.RaftServerConfigKeys (ConfUtils.java:logGet(43)) - raft.server.snapshot.auto.trigger.enabled = true (custom)
2019-10-01 21:20:20,600 [pool-159-thread-1] INFO  segmented.SegmentedRaftLogWorker (SegmentedRaftLogWorker.java:lambda$new$0(132)) - b2c9ba6a-9bd8-402b-8c7d-73b100db3170@group-734A4A51BB22-SegmentedRaftLogWorker: flushIndex: setUnconditionally 0 -> -1
2019-10-01 21:20:20,600 [pool-179-thread-1] INFO  server.RaftServerConfigKeys (ConfUtils.java:logGet(43)) - raft.server.snapshot.auto.trigger.threshold = 10000 (custom)
2019-10-01 21:20:20,601 [pool-179-thread-1] INFO  server.RaftServerConfigKeys (ConfUtils.java:logGet(43)) - raft.server.snapshot.retention.num.files = 5 (custom)
2019-10-01 21:20:20,601 [pool-159-thread-1] INFO  server.RaftServerConfigKeys (ConfUtils.java:logGet(43)) - raft.server.snapshot.auto.trigger.enabled = true (custom)
2019-10-01 21:20:20,601 [pool-169-thread-1] INFO  impl.RaftServerImpl (RaftServerImpl.java:start(185)) - 02e284fd-040a-4e6e-a977-f8bb7b31abf7@group-734A4A51BB22: start as a follower, conf=-1: [7240ac6f-0c5d-4826-acb2-f29a34e53932:192.168.151.69:34236, 02e284fd-040a-4e6e-a977-f8bb7b31abf7:192.168.151.69:39276, b2c9ba6a-9bd8-402b-8c7d-73b100db3170:192.168.151.69:42652], old=null
2019-10-01 21:20:20,601 [pool-159-thread-1] INFO  server.RaftServerConfigKeys (ConfUtils.java:logGet(43)) - raft.server.snapshot.auto.trigger.threshold = 10000 (custom)
2019-10-01 21:20:20,601 [pool-179-thread-1] INFO  server.RaftServerConfigKeys (ConfUtils.java:logGet(43)) - raft.server.retrycache.expirytime = 600000ms (custom)
2019-10-01 21:20:20,601 [pool-159-thread-1] INFO  server.RaftServerConfigKeys (ConfUtils.java:logGet(43)) - raft.server.snapshot.retention.num.files = 5 (custom)
2019-10-01 21:20:20,601 [pool-169-thread-1] INFO  impl.RaftServerImpl (RaftServerImpl.java:setRole(174)) - 02e284fd-040a-4e6e-a977-f8bb7b31abf7@group-734A4A51BB22: changes role from      null to FOLLOWER at term 0 for startAsFollower
2019-10-01 21:20:20,601 [pool-159-thread-1] INFO  server.RaftServerConfigKeys (ConfUtils.java:logGet(43)) - raft.server.retrycache.expirytime = 600000ms (custom)
2019-10-01 21:20:20,601 [pool-169-thread-1] INFO  impl.RoleInfo (RoleInfo.java:updateAndGet(143)) - 02e284fd-040a-4e6e-a977-f8bb7b31abf7: start FollowerState
2019-10-01 21:20:20,602 [pool-169-thread-1] INFO  util.JmxRegister (JmxRegister.java:tryRegister(44)) - Successfully registered JMX Bean with object name Ratis:service=RaftServer,group=group-734A4A51BB22,id=02e284fd-040a-4e6e-a977-f8bb7b31abf7
2019-10-01 21:20:20,604 [pool-179-thread-1] INFO  impl.RaftServerImpl (RaftServerImpl.java:start(185)) - 7240ac6f-0c5d-4826-acb2-f29a34e53932@group-734A4A51BB22: start as a follower, conf=-1: [7240ac6f-0c5d-4826-acb2-f29a34e53932:192.168.151.69:34236, 02e284fd-040a-4e6e-a977-f8bb7b31abf7:192.168.151.69:39276, b2c9ba6a-9bd8-402b-8c7d-73b100db3170:192.168.151.69:42652], old=null
2019-10-01 21:20:20,604 [pool-159-thread-1] INFO  impl.RaftServerImpl (RaftServerImpl.java:start(185)) - b2c9ba6a-9bd8-402b-8c7d-73b100db3170@group-734A4A51BB22: start as a follower, conf=-1: [7240ac6f-0c5d-4826-acb2-f29a34e53932:192.168.151.69:34236, 02e284fd-040a-4e6e-a977-f8bb7b31abf7:192.168.151.69:39276, b2c9ba6a-9bd8-402b-8c7d-73b100db3170:192.168.151.69:42652], old=null
2019-10-01 21:20:20,604 [pool-179-thread-1] INFO  impl.RaftServerImpl (RaftServerImpl.java:setRole(174)) - 7240ac6f-0c5d-4826-acb2-f29a34e53932@group-734A4A51BB22: changes role from      null to FOLLOWER at term 0 for startAsFollower
2019-10-01 21:20:20,604 [pool-159-thread-1] INFO  impl.RaftServerImpl (RaftServerImpl.java:setRole(174)) - b2c9ba6a-9bd8-402b-8c7d-73b100db3170@group-734A4A51BB22: changes role from      null to FOLLOWER at term 0 for startAsFollower
2019-10-01 21:20:20,604 [pool-179-thread-1] INFO  impl.RoleInfo (RoleInfo.java:updateAndGet(143)) - 7240ac6f-0c5d-4826-acb2-f29a34e53932: start FollowerState
2019-10-01 21:20:20,604 [pool-159-thread-1] INFO  impl.RoleInfo (RoleInfo.java:updateAndGet(143)) - b2c9ba6a-9bd8-402b-8c7d-73b100db3170: start FollowerState
2019-10-01 21:20:20,604 [pool-179-thread-1] INFO  util.JmxRegister (JmxRegister.java:tryRegister(44)) - Successfully registered JMX Bean with object name Ratis:service=RaftServer,group=group-734A4A51BB22,id=7240ac6f-0c5d-4826-acb2-f29a34e53932
2019-10-01 21:20:20,604 [pool-159-thread-1] INFO  util.JmxRegister (JmxRegister.java:tryRegister(44)) - Successfully registered JMX Bean with object name Ratis:service=RaftServer,group=group-734A4A51BB22,id=b2c9ba6a-9bd8-402b-8c7d-73b100db3170
2019-10-01 21:20:20,607 [RatisPipelineUtilsThread] INFO  pipeline.PipelineStateManager (PipelineStateManager.java:addPipeline(56)) - Created pipeline Pipeline[ Id: db0c5304-89db-41f3-849d-734a4a51bb22, Nodes: 02e284fd-040a-4e6e-a977-f8bb7b31abf7{ip: 192.168.151.69, host: pr-hdds-2019-f2v2n-172752401, networkLocation: /default-rack, certSerialId: null}b2c9ba6a-9bd8-402b-8c7d-73b100db3170{ip: 192.168.151.69, host: pr-hdds-2019-f2v2n-172752401, networkLocation: /default-rack, certSerialId: null}7240ac6f-0c5d-4826-acb2-f29a34e53932{ip: 192.168.151.69, host: pr-hdds-2019-f2v2n-172752401, networkLocation: /default-rack, certSerialId: null}, Type:RATIS, Factor:THREE, State:OPEN]
2019-10-01 21:20:23,049 [Thread-696] INFO  container.ReplicationManager (ReplicationManager.java:start(162)) - Starting Replication Monitor Thread.
2019-10-01 21:20:23,052 [ReplicationMonitor] INFO  container.ReplicationManager (ReplicationManager.java:run(225)) - Replication Monitor Thread took 0 milliseconds for processing 3 containers.
2019-10-01 21:20:25,156 [Thread-698] INFO  impl.FollowerState (FollowerState.java:run(106)) - 89fcfe45-dcaf-4b08-b5f3-b551067e5fd9:group-77ABC0FA8CAA changes to CANDIDATE, lastRpcTime:5055, electionTimeout:5055ms
2019-10-01 21:20:25,157 [Thread-698] INFO  impl.RoleInfo (RoleInfo.java:shutdownFollowerState(121)) - 89fcfe45-dcaf-4b08-b5f3-b551067e5fd9: shutdown FollowerState
2019-10-01 21:20:25,157 [Thread-698] INFO  impl.RaftServerImpl (RaftServerImpl.java:setRole(174)) - 89fcfe45-dcaf-4b08-b5f3-b551067e5fd9@group-77ABC0FA8CAA: changes role from  FOLLOWER to CANDIDATE at term 0 for changeToCandidate
2019-10-01 21:20:25,157 [Thread-698] INFO  impl.RoleInfo (RoleInfo.java:updateAndGet(143)) - 89fcfe45-dcaf-4b08-b5f3-b551067e5fd9: start LeaderElection
2019-10-01 21:20:25,190 [89fcfe45-dcaf-4b08-b5f3-b551067e5fd9@group-77ABC0FA8CAA:LeaderElection15] INFO  impl.LeaderElection (LeaderElection.java:askForVotes(182)) - 89fcfe45-dcaf-4b08-b5f3-b551067e5fd9@group-77ABC0FA8CAA:LeaderElection15: begin an election at term 1 for -1: [89fcfe45-dcaf-4b08-b5f3-b551067e5fd9:192.168.151.69:46466], old=null
2019-10-01 21:20:25,191 [89fcfe45-dcaf-4b08-b5f3-b551067e5fd9@group-77ABC0FA8CAA:LeaderElection15] INFO  impl.RoleInfo (RoleInfo.java:shutdownLeaderElection(134)) - 89fcfe45-dcaf-4b08-b5f3-b551067e5fd9: shutdown LeaderElection
2019-10-01 21:20:25,191 [89fcfe45-dcaf-4b08-b5f3-b551067e5fd9@group-77ABC0FA8CAA:LeaderElection15] INFO  impl.RaftServerImpl (RaftServerImpl.java:setRole(174)) - 89fcfe45-dcaf-4b08-b5f3-b551067e5fd9@group-77ABC0FA8CAA: changes role from CANDIDATE to LEADER at term 1 for changeToLeader
2019-10-01 21:20:25,191 [89fcfe45-dcaf-4b08-b5f3-b551067e5fd9@group-77ABC0FA8CAA:LeaderElection15] INFO  impl.RaftServerImpl (ServerState.java:setLeader(253)) - 89fcfe45-dcaf-4b08-b5f3-b551067e5fd9@group-77ABC0FA8CAA: change Leader from null to 89fcfe45-dcaf-4b08-b5f3-b551067e5fd9 at term 1 for becomeLeader, leader elected after 5102ms
2019-10-01 21:20:25,193 [89fcfe45-dcaf-4b08-b5f3-b551067e5fd9@group-77ABC0FA8CAA:LeaderElection15] INFO  server.RaftServerConfigKeys (ConfUtils.java:logGet(43)) - raft.server.staging.catchup.gap = 1000 (default)
2019-10-01 21:20:25,193 [89fcfe45-dcaf-4b08-b5f3-b551067e5fd9@group-77ABC0FA8CAA:LeaderElection15] INFO  server.RaftServerConfigKeys (ConfUtils.java:logGet(43)) - raft.server.rpc.sleep.time = 25ms (default)
2019-10-01 21:20:25,194 [89fcfe45-dcaf-4b08-b5f3-b551067e5fd9@group-77ABC0FA8CAA:LeaderElection15] INFO  server.RaftServerConfigKeys (ConfUtils.java:logGet(43)) - raft.server.write.element-limit = 4096 (default)
2019-10-01 21:20:25,194 [89fcfe45-dcaf-4b08-b5f3-b551067e5fd9@group-77ABC0FA8CAA:LeaderElection15] INFO  server.RaftServerConfigKeys (ConfUtils.java:logGet(43)) - raft.server.watch.timeout = 10s (default)
2019-10-01 21:20:25,194 [89fcfe45-dcaf-4b08-b5f3-b551067e5fd9@group-77ABC0FA8CAA:LeaderElection15] INFO  server.RaftServerConfigKeys (ConfUtils.java:logGet(43)) - raft.server.watch.timeout.denomination = 1s (default)
2019-10-01 21:20:25,194 [89fcfe45-dcaf-4b08-b5f3-b551067e5fd9@group-77ABC0FA8CAA:LeaderElection15] INFO  server.RaftServerConfigKeys (ConfUtils.java:logGet(43)) - raft.server.watch.element-limit = 65536 (default)
2019-10-01 21:20:25,197 [89fcfe45-dcaf-4b08-b5f3-b551067e5fd9@group-77ABC0FA8CAA:LeaderElection15] INFO  impl.RoleInfo (RoleInfo.java:updateAndGet(143)) - 89fcfe45-dcaf-4b08-b5f3-b551067e5fd9: start LeaderState
2019-10-01 21:20:25,197 [89fcfe45-dcaf-4b08-b5f3-b551067e5fd9@group-77ABC0FA8CAA:LeaderElection15] INFO  segmented.SegmentedRaftLogWorker (SegmentedRaftLogWorker.java:startLogSegment(380)) - 89fcfe45-dcaf-4b08-b5f3-b551067e5fd9@group-77ABC0FA8CAA-SegmentedRaftLogWorker: Starting segment from index:0
2019-10-01 21:20:25,197 [89fcfe45-dcaf-4b08-b5f3-b551067e5fd9@group-77ABC0FA8CAA:LeaderElection15] INFO  impl.RaftServerImpl (ServerState.java:setRaftConf(354)) - 89fcfe45-dcaf-4b08-b5f3-b551067e5fd9@group-77ABC0FA8CAA: set configuration 0: [89fcfe45-dcaf-4b08-b5f3-b551067e5fd9:192.168.151.69:46466], old=null at 0
2019-10-01 21:20:25,247 [89fcfe45-dcaf-4b08-b5f3-b551067e5fd9@group-77ABC0FA8CAA-SegmentedRaftLogWorker] INFO  segmented.SegmentedRaftLogWorker (SegmentedRaftLogWorker.java:execute(569)) - 89fcfe45-dcaf-4b08-b5f3-b551067e5fd9@group-77ABC0FA8CAA-SegmentedRaftLogWorker: created new log segment /workdir/hadoop-ozone/integration-test/target/test-dir/MiniOzoneClusterImpl-de3107aa-fdfe-498c-bc41-a98c7d3f2bf4/datanode-0/data/ratis/8cbdd6b8-dc45-460c-843c-77abc0fa8caa/current/log_inprogress_0
2019-10-01 21:20:25,312 [Thread-701] INFO  impl.FollowerState (FollowerState.java:run(106)) - cbfa2b6e-20cc-4371-9247-0e10d1a91862:group-B3A71ABDDB47 changes to CANDIDATE, lastRpcTime:5133, electionTimeout:5133ms
2019-10-01 21:20:25,312 [Thread-701] INFO  impl.RoleInfo (RoleInfo.java:shutdownFollowerState(121)) - cbfa2b6e-20cc-4371-9247-0e10d1a91862: shutdown FollowerState
2019-10-01 21:20:25,312 [Thread-701] INFO  impl.RaftServerImpl (RaftServerImpl.java:setRole(174)) - cbfa2b6e-20cc-4371-9247-0e10d1a91862@group-B3A71ABDDB47: changes role from  FOLLOWER to CANDIDATE at term 0 for changeToCandidate
2019-10-01 21:20:25,312 [Thread-701] INFO  impl.RoleInfo (RoleInfo.java:updateAndGet(143)) - cbfa2b6e-20cc-4371-9247-0e10d1a91862: start LeaderElection
2019-10-01 21:20:25,331 [cbfa2b6e-20cc-4371-9247-0e10d1a91862@group-B3A71ABDDB47:LeaderElection16] INFO  impl.LeaderElection (LeaderElection.java:askForVotes(182)) - cbfa2b6e-20cc-4371-9247-0e10d1a91862@group-B3A71ABDDB47:LeaderElection16: begin an election at term 1 for -1: [cbfa2b6e-20cc-4371-9247-0e10d1a91862:192.168.151.69:37800], old=null
2019-10-01 21:20:25,331 [cbfa2b6e-20cc-4371-9247-0e10d1a91862@group-B3A71ABDDB47:LeaderElection16] INFO  impl.RoleInfo (RoleInfo.java:shutdownLeaderElection(134)) - cbfa2b6e-20cc-4371-9247-0e10d1a91862: shutdown LeaderElection
2019-10-01 21:20:25,331 [cbfa2b6e-20cc-4371-9247-0e10d1a91862@group-B3A71ABDDB47:LeaderElection16] INFO  impl.RaftServerImpl (RaftServerImpl.java:setRole(174)) - cbfa2b6e-20cc-4371-9247-0e10d1a91862@group-B3A71ABDDB47: changes role from CANDIDATE to LEADER at term 1 for changeToLeader
2019-10-01 21:20:25,331 [cbfa2b6e-20cc-4371-9247-0e10d1a91862@group-B3A71ABDDB47:LeaderElection16] INFO  impl.RaftServerImpl (ServerState.java:setLeader(253)) - cbfa2b6e-20cc-4371-9247-0e10d1a91862@group-B3A71ABDDB47: change Leader from null to cbfa2b6e-20cc-4371-9247-0e10d1a91862 at term 1 for becomeLeader, leader elected after 5167ms
2019-10-01 21:20:25,334 [cbfa2b6e-20cc-4371-9247-0e10d1a91862@group-B3A71ABDDB47:LeaderElection16] INFO  server.RaftServerConfigKeys (ConfUtils.java:logGet(43)) - raft.server.staging.catchup.gap = 1000 (default)
2019-10-01 21:20:25,334 [cbfa2b6e-20cc-4371-9247-0e10d1a91862@group-B3A71ABDDB47:LeaderElection16] INFO  server.RaftServerConfigKeys (ConfUtils.java:logGet(43)) - raft.server.rpc.sleep.time = 25ms (default)
2019-10-01 21:20:25,334 [cbfa2b6e-20cc-4371-9247-0e10d1a91862@group-B3A71ABDDB47:LeaderElection16] INFO  server.RaftServerConfigKeys (ConfUtils.java:logGet(43)) - raft.server.write.element-limit = 4096 (default)
2019-10-01 21:20:25,335 [cbfa2b6e-20cc-4371-9247-0e10d1a91862@group-B3A71ABDDB47:LeaderElection16] INFO  server.RaftServerConfigKeys (ConfUtils.java:logGet(43)) - raft.server.watch.timeout = 10s (default)
2019-10-01 21:20:25,335 [cbfa2b6e-20cc-4371-9247-0e10d1a91862@group-B3A71ABDDB47:LeaderElection16] INFO  server.RaftServerConfigKeys (ConfUtils.java:logGet(43)) - raft.server.watch.timeout.denomination = 1s (default)
2019-10-01 21:20:25,335 [cbfa2b6e-20cc-4371-9247-0e10d1a91862@group-B3A71ABDDB47:LeaderElection16] INFO  server.RaftServerConfigKeys (ConfUtils.java:logGet(43)) - raft.server.watch.element-limit = 65536 (default)
2019-10-01 21:20:25,338 [cbfa2b6e-20cc-4371-9247-0e10d1a91862@group-B3A71ABDDB47:LeaderElection16] INFO  impl.RoleInfo (RoleInfo.java:updateAndGet(143)) - cbfa2b6e-20cc-4371-9247-0e10d1a91862: start LeaderState
2019-10-01 21:20:25,339 [cbfa2b6e-20cc-4371-9247-0e10d1a91862@group-B3A71ABDDB47:LeaderElection16] INFO  segmented.SegmentedRaftLogWorker (SegmentedRaftLogWorker.java:startLogSegment(380)) - cbfa2b6e-20cc-4371-9247-0e10d1a91862@group-B3A71ABDDB47-SegmentedRaftLogWorker: Starting segment from index:0
2019-10-01 21:20:25,339 [cbfa2b6e-20cc-4371-9247-0e10d1a91862@group-B3A71ABDDB47:LeaderElection16] INFO  impl.RaftServerImpl (ServerState.java:setRaftConf(354)) - cbfa2b6e-20cc-4371-9247-0e10d1a91862@group-B3A71ABDDB47: set configuration 0: [cbfa2b6e-20cc-4371-9247-0e10d1a91862:192.168.151.69:37800], old=null at 0
2019-10-01 21:20:25,374 [cbfa2b6e-20cc-4371-9247-0e10d1a91862@group-B3A71ABDDB47-SegmentedRaftLogWorker] INFO  segmented.SegmentedRaftLogWorker (SegmentedRaftLogWorker.java:execute(569)) - cbfa2b6e-20cc-4371-9247-0e10d1a91862@group-B3A71ABDDB47-SegmentedRaftLogWorker: created new log segment /workdir/hadoop-ozone/integration-test/target/test-dir/MiniOzoneClusterImpl-de3107aa-fdfe-498c-bc41-a98c7d3f2bf4/datanode-1/data/ratis/39e256b0-4c46-4bfa-af27-b3a71abddb47/current/log_inprogress_0
2019-10-01 21:20:25,417 [Thread-704] INFO  impl.FollowerState (FollowerState.java:run(106)) - f9fd6070-3485-43a1-95a7-7a476b3e7642:group-7AC3167DCB6A changes to CANDIDATE, lastRpcTime:5181, electionTimeout:5181ms
2019-10-01 21:20:25,417 [Thread-704] INFO  impl.RoleInfo (RoleInfo.java:shutdownFollowerState(121)) - f9fd6070-3485-43a1-95a7-7a476b3e7642: shutdown FollowerState
2019-10-01 21:20:25,417 [Thread-704] INFO  impl.RaftServerImpl (RaftServerImpl.java:setRole(174)) - f9fd6070-3485-43a1-95a7-7a476b3e7642@group-7AC3167DCB6A: changes role from  FOLLOWER to CANDIDATE at term 0 for changeToCandidate
2019-10-01 21:20:25,417 [Thread-704] INFO  impl.RoleInfo (RoleInfo.java:updateAndGet(143)) - f9fd6070-3485-43a1-95a7-7a476b3e7642: start LeaderElection
2019-10-01 21:20:25,421 [Thread-712] INFO  impl.FollowerState (FollowerState.java:run(106)) - f9fd6070-3485-43a1-95a7-7a476b3e7642:group-7D479441F0FD changes to CANDIDATE, lastRpcTime:5061, electionTimeout:5060ms
2019-10-01 21:20:25,424 [Thread-712] INFO  impl.RoleInfo (RoleInfo.java:shutdownFollowerState(121)) - f9fd6070-3485-43a1-95a7-7a476b3e7642: shutdown FollowerState
2019-10-01 21:20:25,424 [Thread-712] INFO  impl.RaftServerImpl (RaftServerImpl.java:setRole(174)) - f9fd6070-3485-43a1-95a7-7a476b3e7642@group-7D479441F0FD: changes role from  FOLLOWER to CANDIDATE at term 0 for changeToCandidate
2019-10-01 21:20:25,424 [Thread-712] INFO  impl.RoleInfo (RoleInfo.java:updateAndGet(143)) - f9fd6070-3485-43a1-95a7-7a476b3e7642: start LeaderElection
2019-10-01 21:20:25,440 [f9fd6070-3485-43a1-95a7-7a476b3e7642@group-7AC3167DCB6A:LeaderElection17] INFO  impl.LeaderElection (LeaderElection.java:askForVotes(182)) - f9fd6070-3485-43a1-95a7-7a476b3e7642@group-7AC3167DCB6A:LeaderElection17: begin an election at term 1 for -1: [f9fd6070-3485-43a1-95a7-7a476b3e7642:192.168.151.69:33094], old=null
2019-10-01 21:20:25,440 [f9fd6070-3485-43a1-95a7-7a476b3e7642@group-7AC3167DCB6A:LeaderElection17] INFO  impl.RoleInfo (RoleInfo.java:shutdownLeaderElection(134)) - f9fd6070-3485-43a1-95a7-7a476b3e7642: shutdown LeaderElection
2019-10-01 21:20:25,440 [f9fd6070-3485-43a1-95a7-7a476b3e7642@group-7AC3167DCB6A:LeaderElection17] INFO  impl.RaftServerImpl (RaftServerImpl.java:setRole(174)) - f9fd6070-3485-43a1-95a7-7a476b3e7642@group-7AC3167DCB6A: changes role from CANDIDATE to LEADER at term 1 for changeToLeader
2019-10-01 21:20:25,440 [f9fd6070-3485-43a1-95a7-7a476b3e7642@group-7AC3167DCB6A:LeaderElection17] INFO  impl.RaftServerImpl (ServerState.java:setLeader(253)) - f9fd6070-3485-43a1-95a7-7a476b3e7642@group-7AC3167DCB6A: change Leader from null to f9fd6070-3485-43a1-95a7-7a476b3e7642 at term 1 for becomeLeader, leader elected after 5214ms
2019-10-01 21:20:25,443 [f9fd6070-3485-43a1-95a7-7a476b3e7642@group-7AC3167DCB6A:LeaderElection17] INFO  server.RaftServerConfigKeys (ConfUtils.java:logGet(43)) - raft.server.staging.catchup.gap = 1000 (default)
2019-10-01 21:20:25,443 [Thread-715] INFO  impl.FollowerState (FollowerState.java:run(106)) - 89fcfe45-dcaf-4b08-b5f3-b551067e5fd9:group-7D479441F0FD changes to CANDIDATE, lastRpcTime:5081, electionTimeout:5080ms
2019-10-01 21:20:25,443 [f9fd6070-3485-43a1-95a7-7a476b3e7642@group-7AC3167DCB6A:LeaderElection17] INFO  server.RaftServerConfigKeys (ConfUtils.java:logGet(43)) - raft.server.rpc.sleep.time = 25ms (default)
2019-10-01 21:20:25,443 [Thread-715] INFO  impl.RoleInfo (RoleInfo.java:shutdownFollowerState(121)) - 89fcfe45-dcaf-4b08-b5f3-b551067e5fd9: shutdown FollowerState
2019-10-01 21:20:25,444 [f9fd6070-3485-43a1-95a7-7a476b3e7642@group-7AC3167DCB6A:LeaderElection17] INFO  server.RaftServerConfigKeys (ConfUtils.java:logGet(43)) - raft.server.write.element-limit = 4096 (default)
2019-10-01 21:20:25,444 [Thread-715] INFO  impl.RaftServerImpl (RaftServerImpl.java:setRole(174)) - 89fcfe45-dcaf-4b08-b5f3-b551067e5fd9@group-7D479441F0FD: changes role from  FOLLOWER to CANDIDATE at term 0 for changeToCandidate
2019-10-01 21:20:25,444 [f9fd6070-3485-43a1-95a7-7a476b3e7642@group-7AC3167DCB6A:LeaderElection17] INFO  server.RaftServerConfigKeys (ConfUtils.java:logGet(43)) - raft.server.watch.timeout = 10s (default)
2019-10-01 21:20:25,444 [Thread-715] INFO  impl.RoleInfo (RoleInfo.java:updateAndGet(143)) - 89fcfe45-dcaf-4b08-b5f3-b551067e5fd9: start LeaderElection
2019-10-01 21:20:25,444 [f9fd6070-3485-43a1-95a7-7a476b3e7642@group-7AC3167DCB6A:LeaderElection17] INFO  server.RaftServerConfigKeys (ConfUtils.java:logGet(43)) - raft.server.watch.timeout.denomination = 1s (default)
2019-10-01 21:20:25,444 [f9fd6070-3485-43a1-95a7-7a476b3e7642@group-7AC3167DCB6A:LeaderElection17] INFO  server.RaftServerConfigKeys (ConfUtils.java:logGet(43)) - raft.server.watch.element-limit = 65536 (default)
2019-10-01 21:20:25,450 [Thread-707] INFO  impl.FollowerState (FollowerState.java:run(106)) - d0df0752-8ca6-49d5-9bf2-5f9ebbca0165:group-E816A53A0CDA changes to CANDIDATE, lastRpcTime:5160, electionTimeout:5160ms
2019-10-01 21:20:25,450 [Thread-707] INFO  impl.RoleInfo (RoleInfo.java:shutdownFollowerState(121)) - d0df0752-8ca6-49d5-9bf2-5f9ebbca0165: shutdown FollowerState
2019-10-01 21:20:25,450 [Thread-707] INFO  impl.RaftServerImpl (RaftServerImpl.java:setRole(174)) - d0df0752-8ca6-49d5-9bf2-5f9ebbca0165@group-E816A53A0CDA: changes role from  FOLLOWER to CANDIDATE at term 0 for changeToCandidate
2019-10-01 21:20:25,450 [Thread-707] INFO  impl.RoleInfo (RoleInfo.java:updateAndGet(143)) - d0df0752-8ca6-49d5-9bf2-5f9ebbca0165: start LeaderElection
2019-10-01 21:20:25,455 [f9fd6070-3485-43a1-95a7-7a476b3e7642@group-7D479441F0FD:LeaderElection18] INFO  impl.LeaderElection (LeaderElection.java:askForVotes(182)) - f9fd6070-3485-43a1-95a7-7a476b3e7642@group-7D479441F0FD:LeaderElection18: begin an election at term 1 for -1: [f9fd6070-3485-43a1-95a7-7a476b3e7642:192.168.151.69:33094, 89fcfe45-dcaf-4b08-b5f3-b551067e5fd9:192.168.151.69:46466, cbfa2b6e-20cc-4371-9247-0e10d1a91862:192.168.151.69:37800], old=null
2019-10-01 21:20:25,455 [89fcfe45-dcaf-4b08-b5f3-b551067e5fd9@group-7D479441F0FD:LeaderElection19] INFO  impl.LeaderElection (LeaderElection.java:askForVotes(182)) - 89fcfe45-dcaf-4b08-b5f3-b551067e5fd9@group-7D479441F0FD:LeaderElection19: begin an election at term 1 for -1: [f9fd6070-3485-43a1-95a7-7a476b3e7642:192.168.151.69:33094, 89fcfe45-dcaf-4b08-b5f3-b551067e5fd9:192.168.151.69:46466, cbfa2b6e-20cc-4371-9247-0e10d1a91862:192.168.151.69:37800], old=null
2019-10-01 21:20:25,458 [f9fd6070-3485-43a1-95a7-7a476b3e7642@group-7AC3167DCB6A:LeaderElection17] INFO  impl.RoleInfo (RoleInfo.java:updateAndGet(143)) - f9fd6070-3485-43a1-95a7-7a476b3e7642: start LeaderState
2019-10-01 21:20:25,458 [f9fd6070-3485-43a1-95a7-7a476b3e7642@group-7AC3167DCB6A:LeaderElection17] INFO  segmented.SegmentedRaftLogWorker (SegmentedRaftLogWorker.java:startLogSegment(380)) - f9fd6070-3485-43a1-95a7-7a476b3e7642@group-7AC3167DCB6A-SegmentedRaftLogWorker: Starting segment from index:0
2019-10-01 21:20:25,460 [f9fd6070-3485-43a1-95a7-7a476b3e7642@group-7AC3167DCB6A:LeaderElection17] INFO  impl.RaftServerImpl (ServerState.java:setRaftConf(354)) - f9fd6070-3485-43a1-95a7-7a476b3e7642@group-7AC3167DCB6A: set configuration 0: [f9fd6070-3485-43a1-95a7-7a476b3e7642:192.168.151.69:33094], old=null at 0
2019-10-01 21:20:25,498 [Thread-724] INFO  impl.FollowerState (FollowerState.java:run(106)) - b2c9ba6a-9bd8-402b-8c7d-73b100db3170:group-3642F8AF86ED changes to CANDIDATE, lastRpcTime:5017, electionTimeout:5004ms
2019-10-01 21:20:25,499 [Thread-724] INFO  impl.RoleInfo (RoleInfo.java:shutdownFollowerState(121)) - b2c9ba6a-9bd8-402b-8c7d-73b100db3170: shutdown FollowerState
2019-10-01 21:20:25,499 [d0df0752-8ca6-49d5-9bf2-5f9ebbca0165@group-E816A53A0CDA:LeaderElection20] INFO  impl.LeaderElection (LeaderElection.java:askForVotes(182)) - d0df0752-8ca6-49d5-9bf2-5f9ebbca0165@group-E816A53A0CDA:LeaderElection20: begin an election at term 1 for -1: [d0df0752-8ca6-49d5-9bf2-5f9ebbca0165:192.168.151.69:44530], old=null
2019-10-01 21:20:25,499 [Thread-724] INFO  impl.RaftServerImpl (RaftServerImpl.java:setRole(174)) - b2c9ba6a-9bd8-402b-8c7d-73b100db3170@group-3642F8AF86ED: changes role from  FOLLOWER to CANDIDATE at term 0 for changeToCandidate
2019-10-01 21:20:25,499 [d0df0752-8ca6-49d5-9bf2-5f9ebbca0165@group-E816A53A0CDA:LeaderElection20] INFO  impl.RoleInfo (RoleInfo.java:shutdownLeaderElection(134)) - d0df0752-8ca6-49d5-9bf2-5f9ebbca0165: shutdown LeaderElection
2019-10-01 21:20:25,501 [grpc-default-executor-4] INFO  impl.RaftServerImpl (RaftServerImpl.java:setRole(174)) - cbfa2b6e-20cc-4371-9247-0e10d1a91862@group-7D479441F0FD: changes role from  FOLLOWER to FOLLOWER at term 1 for recognizeCandidate:f9fd6070-3485-43a1-95a7-7a476b3e7642
2019-10-01 21:20:25,504 [Thread-724] INFO  impl.RoleInfo (RoleInfo.java:updateAndGet(143)) - b2c9ba6a-9bd8-402b-8c7d-73b100db3170: start LeaderElection
2019-10-01 21:20:25,504 [grpc-default-executor-4] INFO  impl.RoleInfo (RoleInfo.java:shutdownFollowerState(121)) - cbfa2b6e-20cc-4371-9247-0e10d1a91862: shutdown FollowerState
2019-10-01 21:20:25,501 [d0df0752-8ca6-49d5-9bf2-5f9ebbca0165@group-E816A53A0CDA:LeaderElection20] INFO  impl.RaftServerImpl (RaftServerImpl.java:setRole(174)) - d0df0752-8ca6-49d5-9bf2-5f9ebbca0165@group-E816A53A0CDA: changes role from CANDIDATE to LEADER at term 1 for changeToLeader
2019-10-01 21:20:25,504 [Thread-714] INFO  impl.FollowerState (FollowerState.java:run(115)) - cbfa2b6e-20cc-4371-9247-0e10d1a91862: FollowerState was interrupted: java.lang.InterruptedException: sleep interrupted
2019-10-01 21:20:25,504 [grpc-default-executor-4] INFO  impl.RoleInfo (RoleInfo.java:updateAndGet(143)) - cbfa2b6e-20cc-4371-9247-0e10d1a91862: start FollowerState
2019-10-01 21:20:25,511 [f9fd6070-3485-43a1-95a7-7a476b3e7642@group-7AC3167DCB6A-SegmentedRaftLogWorker] INFO  segmented.SegmentedRaftLogWorker (SegmentedRaftLogWorker.java:execute(569)) - f9fd6070-3485-43a1-95a7-7a476b3e7642@group-7AC3167DCB6A-SegmentedRaftLogWorker: created new log segment /workdir/hadoop-ozone/integration-test/target/test-dir/MiniOzoneClusterImpl-de3107aa-fdfe-498c-bc41-a98c7d3f2bf4/datanode-2/data/ratis/5b01d66f-6ff4-4689-bb3a-7ac3167dcb6a/current/log_inprogress_0
2019-10-01 21:20:25,509 [d0df0752-8ca6-49d5-9bf2-5f9ebbca0165@group-E816A53A0CDA:LeaderElection20] INFO  impl.RaftServerImpl (ServerState.java:setLeader(253)) - d0df0752-8ca6-49d5-9bf2-5f9ebbca0165@group-E816A53A0CDA: change Leader from null to d0df0752-8ca6-49d5-9bf2-5f9ebbca0165 at term 1 for becomeLeader, leader elected after 5228ms
2019-10-01 21:20:25,514 [d0df0752-8ca6-49d5-9bf2-5f9ebbca0165@group-E816A53A0CDA:LeaderElection20] INFO  server.RaftServerConfigKeys (ConfUtils.java:logGet(43)) - raft.server.staging.catchup.gap = 1000 (default)
2019-10-01 21:20:25,515 [d0df0752-8ca6-49d5-9bf2-5f9ebbca0165@group-E816A53A0CDA:LeaderElection20] INFO  server.RaftServerConfigKeys (ConfUtils.java:logGet(43)) - raft.server.rpc.sleep.time = 25ms (default)
2019-10-01 21:20:25,515 [d0df0752-8ca6-49d5-9bf2-5f9ebbca0165@group-E816A53A0CDA:LeaderElection20] INFO  server.RaftServerConfigKeys (ConfUtils.java:logGet(43)) - raft.server.write.element-limit = 4096 (default)
2019-10-01 21:20:25,515 [d0df0752-8ca6-49d5-9bf2-5f9ebbca0165@group-E816A53A0CDA:LeaderElection20] INFO  server.RaftServerConfigKeys (ConfUtils.java:logGet(43)) - raft.server.watch.timeout = 10s (default)
2019-10-01 21:20:25,515 [d0df0752-8ca6-49d5-9bf2-5f9ebbca0165@group-E816A53A0CDA:LeaderElection20] INFO  server.RaftServerConfigKeys (ConfUtils.java:logGet(43)) - raft.server.watch.timeout.denomination = 1s (default)
2019-10-01 21:20:25,515 [d0df0752-8ca6-49d5-9bf2-5f9ebbca0165@group-E816A53A0CDA:LeaderElection20] INFO  server.RaftServerConfigKeys (ConfUtils.java:logGet(43)) - raft.server.watch.element-limit = 65536 (default)
2019-10-01 21:20:25,518 [d0df0752-8ca6-49d5-9bf2-5f9ebbca0165@group-E816A53A0CDA:LeaderElection20] INFO  impl.RoleInfo (RoleInfo.java:updateAndGet(143)) - d0df0752-8ca6-49d5-9bf2-5f9ebbca0165: start LeaderState
2019-10-01 21:20:25,519 [d0df0752-8ca6-49d5-9bf2-5f9ebbca0165@group-E816A53A0CDA:LeaderElection20] INFO  segmented.SegmentedRaftLogWorker (SegmentedRaftLogWorker.java:startLogSegment(380)) - d0df0752-8ca6-49d5-9bf2-5f9ebbca0165@group-E816A53A0CDA-SegmentedRaftLogWorker: Starting segment from index:0
2019-10-01 21:20:25,519 [d0df0752-8ca6-49d5-9bf2-5f9ebbca0165@group-E816A53A0CDA:LeaderElection20] INFO  impl.RaftServerImpl (ServerState.java:setRaftConf(354)) - d0df0752-8ca6-49d5-9bf2-5f9ebbca0165@group-E816A53A0CDA: set configuration 0: [d0df0752-8ca6-49d5-9bf2-5f9ebbca0165:192.168.151.69:44530], old=null at 0
2019-10-01 21:20:25,548 [b2c9ba6a-9bd8-402b-8c7d-73b100db3170@group-3642F8AF86ED:LeaderElection21] INFO  impl.LeaderElection (LeaderElection.java:askForVotes(182)) - b2c9ba6a-9bd8-402b-8c7d-73b100db3170@group-3642F8AF86ED:LeaderElection21: begin an election at term 1 for -1: [b2c9ba6a-9bd8-402b-8c7d-73b100db3170:192.168.151.69:42652], old=null
2019-10-01 21:20:25,551 [b2c9ba6a-9bd8-402b-8c7d-73b100db3170@group-3642F8AF86ED:LeaderElection21] INFO  impl.RoleInfo (RoleInfo.java:shutdownLeaderElection(134)) - b2c9ba6a-9bd8-402b-8c7d-73b100db3170: shutdown LeaderElection
2019-10-01 21:20:25,551 [b2c9ba6a-9bd8-402b-8c7d-73b100db3170@group-3642F8AF86ED:LeaderElection21] INFO  impl.RaftServerImpl (RaftServerImpl.java:setRole(174)) - b2c9ba6a-9bd8-402b-8c7d-73b100db3170@group-3642F8AF86ED: changes role from CANDIDATE to LEADER at term 1 for changeToLeader
2019-10-01 21:20:25,551 [b2c9ba6a-9bd8-402b-8c7d-73b100db3170@group-3642F8AF86ED:LeaderElection21] INFO  impl.RaftServerImpl (ServerState.java:setLeader(253)) - b2c9ba6a-9bd8-402b-8c7d-73b100db3170@group-3642F8AF86ED: change Leader from null to b2c9ba6a-9bd8-402b-8c7d-73b100db3170 at term 1 for becomeLeader, leader elected after 5077ms
2019-10-01 21:20:25,554 [b2c9ba6a-9bd8-402b-8c7d-73b100db3170@group-3642F8AF86ED:LeaderElection21] INFO  server.RaftServerConfigKeys (ConfUtils.java:logGet(43)) - raft.server.staging.catchup.gap = 1000 (default)
2019-10-01 21:20:25,554 [b2c9ba6a-9bd8-402b-8c7d-73b100db3170@group-3642F8AF86ED:LeaderElection21] INFO  server.RaftServerConfigKeys (ConfUtils.java:logGet(43)) - raft.server.rpc.sleep.time = 25ms (default)
2019-10-01 21:20:25,554 [b2c9ba6a-9bd8-402b-8c7d-73b100db3170@group-3642F8AF86ED:LeaderElection21] INFO  server.RaftServerConfigKeys (ConfUtils.java:logGet(43)) - raft.server.write.element-limit = 4096 (default)
2019-10-01 21:20:25,554 [f9fd6070-3485-43a1-95a7-7a476b3e7642@group-7D479441F0FD:LeaderElection18] INFO  impl.LeaderElection (LeaderElection.java:logAndReturn(56)) - f9fd6070-3485-43a1-95a7-7a476b3e7642@group-7D479441F0FD:LeaderElection18: Election PASSED; received 2 response(s) [f9fd6070-3485-43a1-95a7-7a476b3e7642<-89fcfe45-dcaf-4b08-b5f3-b551067e5fd9#0:FAIL-t1, f9fd6070-3485-43a1-95a7-7a476b3e7642<-cbfa2b6e-20cc-4371-9247-0e10d1a91862#0:OK-t1] and 0 exception(s); f9fd6070-3485-43a1-95a7-7a476b3e7642@group-7D479441F0FD:t1, leader=null, voted=f9fd6070-3485-43a1-95a7-7a476b3e7642, raftlog=f9fd6070-3485-43a1-95a7-7a476b3e7642@group-7D479441F0FD-SegmentedRaftLog:OPENED:c-1,f-1,i0, conf=-1: [f9fd6070-3485-43a1-95a7-7a476b3e7642:192.168.151.69:33094, 89fcfe45-dcaf-4b08-b5f3-b551067e5fd9:192.168.151.69:46466, cbfa2b6e-20cc-4371-9247-0e10d1a91862:192.168.151.69:37800], old=null
2019-10-01 21:20:25,554 [b2c9ba6a-9bd8-402b-8c7d-73b100db3170@group-3642F8AF86ED:LeaderElection21] INFO  server.RaftServerConfigKeys (ConfUtils.java:logGet(43)) - raft.server.watch.timeout = 10s (default)
2019-10-01 21:20:25,554 [89fcfe45-dcaf-4b08-b5f3-b551067e5fd9@group-7D479441F0FD:LeaderElection19] INFO  impl.LeaderElection (LeaderElection.java:logAndReturn(56)) - 89fcfe45-dcaf-4b08-b5f3-b551067e5fd9@group-7D479441F0FD:LeaderElection19: Election REJECTED; received 2 response(s) [89fcfe45-dcaf-4b08-b5f3-b551067e5fd9<-f9fd6070-3485-43a1-95a7-7a476b3e7642#0:FAIL-t1, 89fcfe45-dcaf-4b08-b5f3-b551067e5fd9<-cbfa2b6e-20cc-4371-9247-0e10d1a91862#0:FAIL-t1] and 0 exception(s); 89fcfe45-dcaf-4b08-b5f3-b551067e5fd9@group-7D479441F0FD:t1, leader=null, voted=89fcfe45-dcaf-4b08-b5f3-b551067e5fd9, raftlog=89fcfe45-dcaf-4b08-b5f3-b551067e5fd9@group-7D479441F0FD-SegmentedRaftLog:OPENED:c-1,f-1,i0, conf=-1: [f9fd6070-3485-43a1-95a7-7a476b3e7642:192.168.151.69:33094, 89fcfe45-dcaf-4b08-b5f3-b551067e5fd9:192.168.151.69:46466, cbfa2b6e-20cc-4371-9247-0e10d1a91862:192.168.151.69:37800], old=null
2019-10-01 21:20:25,555 [b2c9ba6a-9bd8-402b-8c7d-73b100db3170@group-3642F8AF86ED:LeaderElection21] INFO  server.RaftServerConfigKeys (ConfUtils.java:logGet(43)) - raft.server.watch.timeout.denomination = 1s (default)
2019-10-01 21:20:25,557 [b2c9ba6a-9bd8-402b-8c7d-73b100db3170@group-3642F8AF86ED:LeaderElection21] INFO  server.RaftServerConfigKeys (ConfUtils.java:logGet(43)) - raft.server.watch.element-limit = 65536 (default)
2019-10-01 21:20:25,555 [f9fd6070-3485-43a1-95a7-7a476b3e7642@group-7D479441F0FD:LeaderElection18] INFO  impl.RoleInfo (RoleInfo.java:shutdownLeaderElection(134)) - f9fd6070-3485-43a1-95a7-7a476b3e7642: shutdown LeaderElection
2019-10-01 21:20:25,568 [d0df0752-8ca6-49d5-9bf2-5f9ebbca0165@group-E816A53A0CDA-SegmentedRaftLogWorker] INFO  segmented.SegmentedRaftLogWorker (SegmentedRaftLogWorker.java:execute(569)) - d0df0752-8ca6-49d5-9bf2-5f9ebbca0165@group-E816A53A0CDA-SegmentedRaftLogWorker: created new log segment /workdir/hadoop-ozone/integration-test/target/test-dir/MiniOzoneClusterImpl-de3107aa-fdfe-498c-bc41-a98c7d3f2bf4/datanode-3/data/ratis/c68e9a21-c65d-4e42-840f-e816a53a0cda/current/log_inprogress_0
2019-10-01 21:20:25,557 [89fcfe45-dcaf-4b08-b5f3-b551067e5fd9@group-7D479441F0FD:LeaderElection19] INFO  impl.RaftServerImpl (RaftServerImpl.java:setRole(174)) - 89fcfe45-dcaf-4b08-b5f3-b551067e5fd9@group-7D479441F0FD: changes role from CANDIDATE to FOLLOWER at term 1 for DISCOVERED_A_NEW_TERM
2019-10-01 21:20:25,570 [f9fd6070-3485-43a1-95a7-7a476b3e7642@group-7D479441F0FD:LeaderElection18] INFO  impl.RaftServerImpl (RaftServerImpl.java:setRole(174)) - f9fd6070-3485-43a1-95a7-7a476b3e7642@group-7D479441F0FD: changes role from CANDIDATE to LEADER at term 1 for changeToLeader
2019-10-01 21:20:25,571 [89fcfe45-dcaf-4b08-b5f3-b551067e5fd9@group-7D479441F0FD:LeaderElection19] INFO  impl.RoleInfo (RoleInfo.java:shutdownLeaderElection(134)) - 89fcfe45-dcaf-4b08-b5f3-b551067e5fd9: shutdown LeaderElection
2019-10-01 21:20:25,571 [f9fd6070-3485-43a1-95a7-7a476b3e7642@group-7D479441F0FD:LeaderElection18] INFO  impl.RaftServerImpl (ServerState.java:setLeader(253)) - f9fd6070-3485-43a1-95a7-7a476b3e7642@group-7D479441F0FD: change Leader from null to f9fd6070-3485-43a1-95a7-7a476b3e7642 at term 1 for becomeLeader, leader elected after 5220ms
2019-10-01 21:20:25,571 [89fcfe45-dcaf-4b08-b5f3-b551067e5fd9@group-7D479441F0FD:LeaderElection19] INFO  impl.RoleInfo (RoleInfo.java:updateAndGet(143)) - 89fcfe45-dcaf-4b08-b5f3-b551067e5fd9: start FollowerState
2019-10-01 21:20:25,571 [f9fd6070-3485-43a1-95a7-7a476b3e7642@group-7D479441F0FD:LeaderElection18] INFO  server.RaftServerConfigKeys (ConfUtils.java:logGet(43)) - raft.server.staging.catchup.gap = 1000 (default)
2019-10-01 21:20:25,571 [f9fd6070-3485-43a1-95a7-7a476b3e7642@group-7D479441F0FD:LeaderElection18] INFO  server.RaftServerConfigKeys (ConfUtils.java:logGet(43)) - raft.server.rpc.sleep.time = 25ms (default)
2019-10-01 21:20:25,572 [f9fd6070-3485-43a1-95a7-7a476b3e7642@group-7D479441F0FD:LeaderElection18] INFO  server.RaftServerConfigKeys (ConfUtils.java:logGet(43)) - raft.server.write.element-limit = 4096 (default)
2019-10-01 21:20:25,572 [f9fd6070-3485-43a1-95a7-7a476b3e7642@group-7D479441F0FD:LeaderElection18] INFO  server.RaftServerConfigKeys (ConfUtils.java:logGet(43)) - raft.server.watch.timeout = 10s (default)
2019-10-01 21:20:25,572 [f9fd6070-3485-43a1-95a7-7a476b3e7642@group-7D479441F0FD:LeaderElection18] INFO  server.RaftServerConfigKeys (ConfUtils.java:logGet(43)) - raft.server.watch.timeout.denomination = 1s (default)
2019-10-01 21:20:25,572 [f9fd6070-3485-43a1-95a7-7a476b3e7642@group-7D479441F0FD:LeaderElection18] INFO  server.RaftServerConfigKeys (ConfUtils.java:logGet(43)) - raft.server.watch.element-limit = 65536 (default)
2019-10-01 21:20:25,574 [b2c9ba6a-9bd8-402b-8c7d-73b100db3170@group-3642F8AF86ED:LeaderElection21] INFO  impl.RoleInfo (RoleInfo.java:updateAndGet(143)) - b2c9ba6a-9bd8-402b-8c7d-73b100db3170: start LeaderState
2019-10-01 21:20:25,574 [b2c9ba6a-9bd8-402b-8c7d-73b100db3170@group-3642F8AF86ED:LeaderElection21] INFO  segmented.SegmentedRaftLogWorker (SegmentedRaftLogWorker.java:startLogSegment(380)) - b2c9ba6a-9bd8-402b-8c7d-73b100db3170@group-3642F8AF86ED-SegmentedRaftLogWorker: Starting segment from index:0
2019-10-01 21:20:25,575 [b2c9ba6a-9bd8-402b-8c7d-73b100db3170@group-3642F8AF86ED:LeaderElection21] INFO  impl.RaftServerImpl (ServerState.java:setRaftConf(354)) - b2c9ba6a-9bd8-402b-8c7d-73b100db3170@group-3642F8AF86ED: set configuration 0: [b2c9ba6a-9bd8-402b-8c7d-73b100db3170:192.168.151.69:42652], old=null at 0
2019-10-01 21:20:25,600 [f9fd6070-3485-43a1-95a7-7a476b3e7642@group-7D479441F0FD:LeaderElection18] INFO  server.RaftServerConfigKeys (ConfUtils.java:logGet(43)) - raft.server.log.appender.snapshot.chunk.size.max = 16MB (=16777216) (default)
2019-10-01 21:20:25,600 [f9fd6070-3485-43a1-95a7-7a476b3e7642@group-7D479441F0FD:LeaderElection18] INFO  server.RaftServerConfigKeys (ConfUtils.java:logGet(43)) - raft.server.log.appender.buffer.byte-limit = 33554432 (custom)
2019-10-01 21:20:25,600 [f9fd6070-3485-43a1-95a7-7a476b3e7642@group-7D479441F0FD:LeaderElection18] INFO  server.RaftServerConfigKeys (ConfUtils.java:logGet(43)) - raft.server.log.appender.buffer.element-limit = 1 (custom)
2019-10-01 21:20:25,600 [f9fd6070-3485-43a1-95a7-7a476b3e7642@group-7D479441F0FD:LeaderElection18] INFO  grpc.GrpcConfigKeys$Server (ConfUtils.java:logGet(43)) - raft.grpc.server.leader.outstanding.appends.max = 128 (default)
2019-10-01 21:20:25,601 [f9fd6070-3485-43a1-95a7-7a476b3e7642@group-7D479441F0FD:LeaderElection18] INFO  server.RaftServerConfigKeys (ConfUtils.java:logGet(43)) - raft.server.rpc.request.timeout = 3000ms (default)
2019-10-01 21:20:25,601 [f9fd6070-3485-43a1-95a7-7a476b3e7642@group-7D479441F0FD:LeaderElection18] INFO  server.RaftServerConfigKeys (ConfUtils.java:logGet(43)) - raft.server.log.appender.install.snapshot.enabled = false (custom)
2019-10-01 21:20:25,601 [f9fd6070-3485-43a1-95a7-7a476b3e7642@group-7D479441F0FD:LeaderElection18] INFO  server.RaftServerConfigKeys (ConfUtils.java:logGet(43)) - raft.server.log.appender.snapshot.chunk.size.max = 16MB (=16777216) (default)
2019-10-01 21:20:25,601 [f9fd6070-3485-43a1-95a7-7a476b3e7642@group-7D479441F0FD:LeaderElection18] INFO  server.RaftServerConfigKeys (ConfUtils.java:logGet(43)) - raft.server.log.appender.buffer.byte-limit = 33554432 (custom)
2019-10-01 21:20:25,601 [f9fd6070-3485-43a1-95a7-7a476b3e7642@group-7D479441F0FD:LeaderElection18] INFO  server.RaftServerConfigKeys (ConfUtils.java:logGet(43)) - raft.server.log.appender.buffer.element-limit = 1 (custom)
2019-10-01 21:20:25,602 [f9fd6070-3485-43a1-95a7-7a476b3e7642@group-7D479441F0FD:LeaderElection18] INFO  grpc.GrpcConfigKeys$Server (ConfUtils.java:logGet(43)) - raft.grpc.server.leader.outstanding.appends.max = 128 (default)
2019-10-01 21:20:25,602 [f9fd6070-3485-43a1-95a7-7a476b3e7642@group-7D479441F0FD:LeaderElection18] INFO  server.RaftServerConfigKeys (ConfUtils.java:logGet(43)) - raft.server.rpc.request.timeout = 3000ms (default)
2019-10-01 21:20:25,602 [f9fd6070-3485-43a1-95a7-7a476b3e7642@group-7D479441F0FD:LeaderElection18] INFO  server.RaftServerConfigKeys (ConfUtils.java:logGet(43)) - raft.server.log.appender.install.snapshot.enabled = false (custom)
2019-10-01 21:20:25,602 [f9fd6070-3485-43a1-95a7-7a476b3e7642@group-7D479441F0FD:LeaderElection18] INFO  impl.RoleInfo (RoleInfo.java:updateAndGet(143)) - f9fd6070-3485-43a1-95a7-7a476b3e7642: start LeaderState
2019-10-01 21:20:25,602 [f9fd6070-3485-43a1-95a7-7a476b3e7642@group-7D479441F0FD:LeaderElection18] INFO  segmented.SegmentedRaftLogWorker (SegmentedRaftLogWorker.java:startLogSegment(380)) - f9fd6070-3485-43a1-95a7-7a476b3e7642@group-7D479441F0FD-SegmentedRaftLogWorker: Starting segment from index:0
2019-10-01 21:20:25,603 [f9fd6070-3485-43a1-95a7-7a476b3e7642@group-7D479441F0FD:LeaderElection18] INFO  impl.RaftServerImpl (ServerState.java:setRaftConf(354)) - f9fd6070-3485-43a1-95a7-7a476b3e7642@group-7D479441F0FD: set configuration 0: [f9fd6070-3485-43a1-95a7-7a476b3e7642:192.168.151.69:33094, 89fcfe45-dcaf-4b08-b5f3-b551067e5fd9:192.168.151.69:46466, cbfa2b6e-20cc-4371-9247-0e10d1a91862:192.168.151.69:37800], old=null at 0
2019-10-01 21:20:25,605 [grpc-default-executor-1] INFO  impl.RaftServerImpl (ServerState.java:setLeader(253)) - cbfa2b6e-20cc-4371-9247-0e10d1a91862@group-7D479441F0FD: change Leader from null to f9fd6070-3485-43a1-95a7-7a476b3e7642 at term 1 for appendEntries, leader elected after 5254ms
2019-10-01 21:20:25,605 [grpc-default-executor-4] INFO  impl.RaftServerImpl (ServerState.java:setLeader(253)) - 89fcfe45-dcaf-4b08-b5f3-b551067e5fd9@group-7D479441F0FD: change Leader from null to f9fd6070-3485-43a1-95a7-7a476b3e7642 at term 1 for appendEntries, leader elected after 5254ms
2019-10-01 21:20:25,608 [grpc-default-executor-4] INFO  impl.RaftServerImpl (ServerState.java:setRaftConf(354)) - cbfa2b6e-20cc-4371-9247-0e10d1a91862@group-7D479441F0FD: set configuration 0: [f9fd6070-3485-43a1-95a7-7a476b3e7642:192.168.151.69:33094, 89fcfe45-dcaf-4b08-b5f3-b551067e5fd9:192.168.151.69:46466, cbfa2b6e-20cc-4371-9247-0e10d1a91862:192.168.151.69:37800], old=null at 0
2019-10-01 21:20:25,608 [grpc-default-executor-1] INFO  impl.RaftServerImpl (ServerState.java:setRaftConf(354)) - 89fcfe45-dcaf-4b08-b5f3-b551067e5fd9@group-7D479441F0FD: set configuration 0: [f9fd6070-3485-43a1-95a7-7a476b3e7642:192.168.151.69:33094, 89fcfe45-dcaf-4b08-b5f3-b551067e5fd9:192.168.151.69:46466, cbfa2b6e-20cc-4371-9247-0e10d1a91862:192.168.151.69:37800], old=null at 0
2019-10-01 21:20:25,608 [grpc-default-executor-4] INFO  segmented.SegmentedRaftLogWorker (SegmentedRaftLogWorker.java:startLogSegment(380)) - cbfa2b6e-20cc-4371-9247-0e10d1a91862@group-7D479441F0FD-SegmentedRaftLogWorker: Starting segment from index:0
2019-10-01 21:20:25,608 [grpc-default-executor-1] INFO  segmented.SegmentedRaftLogWorker (SegmentedRaftLogWorker.java:startLogSegment(380)) - 89fcfe45-dcaf-4b08-b5f3-b551067e5fd9@group-7D479441F0FD-SegmentedRaftLogWorker: Starting segment from index:0
2019-10-01 21:20:25,611 [Thread-719] INFO  impl.FollowerState (FollowerState.java:run(106)) - 02e284fd-040a-4e6e-a977-f8bb7b31abf7:group-5AFF17EDB454 changes to CANDIDATE, lastRpcTime:5187, electionTimeout:5187ms
2019-10-01 21:20:25,611 [Thread-719] INFO  impl.RoleInfo (RoleInfo.java:shutdownFollowerState(121)) - 02e284fd-040a-4e6e-a977-f8bb7b31abf7: shutdown FollowerState
2019-10-01 21:20:25,611 [Thread-719] INFO  impl.RaftServerImpl (RaftServerImpl.java:setRole(174)) - 02e284fd-040a-4e6e-a977-f8bb7b31abf7@group-5AFF17EDB454: changes role from  FOLLOWER to CANDIDATE at term 0 for changeToCandidate
2019-10-01 21:20:25,612 [Thread-719] INFO  impl.RoleInfo (RoleInfo.java:updateAndGet(143)) - 02e284fd-040a-4e6e-a977-f8bb7b31abf7: start LeaderElection
2019-10-01 21:20:25,649 [Thread-734] INFO  impl.FollowerState (FollowerState.java:run(106)) - 7240ac6f-0c5d-4826-acb2-f29a34e53932:group-734A4A51BB22 changes to CANDIDATE, lastRpcTime:5044, electionTimeout:5039ms
2019-10-01 21:20:25,649 [Thread-735] INFO  impl.FollowerState (FollowerState.java:run(106)) - b2c9ba6a-9bd8-402b-8c7d-73b100db3170:group-734A4A51BB22 changes to CANDIDATE, lastRpcTime:5044, electionTimeout:5009ms
2019-10-01 21:20:25,649 [b2c9ba6a-9bd8-402b-8c7d-73b100db3170@group-3642F8AF86ED-SegmentedRaftLogWorker] INFO  segmented.SegmentedRaftLogWorker (SegmentedRaftLogWorker.java:execute(569)) - b2c9ba6a-9bd8-402b-8c7d-73b100db3170@group-3642F8AF86ED-SegmentedRaftLogWorker: created new log segment /workdir/hadoop-ozone/integration-test/target/test-dir/MiniOzoneClusterImpl-de3107aa-fdfe-498c-bc41-a98c7d3f2bf4/datanode-4/data/ratis/b1539111-9a74-4902-a166-3642f8af86ed/current/log_inprogress_0
2019-10-01 21:20:25,652 [Thread-735] INFO  impl.RoleInfo (RoleInfo.java:shutdownFollowerState(121)) - b2c9ba6a-9bd8-402b-8c7d-73b100db3170: shutdown FollowerState
2019-10-01 21:20:25,651 [Thread-734] INFO  impl.RoleInfo (RoleInfo.java:shutdownFollowerState(121)) - 7240ac6f-0c5d-4826-acb2-f29a34e53932: shutdown FollowerState
2019-10-01 21:20:25,652 [Thread-735] INFO  impl.RaftServerImpl (RaftServerImpl.java:setRole(174)) - b2c9ba6a-9bd8-402b-8c7d-73b100db3170@group-734A4A51BB22: changes role from  FOLLOWER to CANDIDATE at term 0 for changeToCandidate
2019-10-01 21:20:25,652 [Thread-734] INFO  impl.RaftServerImpl (RaftServerImpl.java:setRole(174)) - 7240ac6f-0c5d-4826-acb2-f29a34e53932@group-734A4A51BB22: changes role from  FOLLOWER to CANDIDATE at term 0 for changeToCandidate
2019-10-01 21:20:25,652 [Thread-735] INFO  impl.RoleInfo (RoleInfo.java:updateAndGet(143)) - b2c9ba6a-9bd8-402b-8c7d-73b100db3170: start LeaderElection
2019-10-01 21:20:25,652 [Thread-734] INFO  impl.RoleInfo (RoleInfo.java:updateAndGet(143)) - 7240ac6f-0c5d-4826-acb2-f29a34e53932: start LeaderElection
2019-10-01 21:20:25,673 [89fcfe45-dcaf-4b08-b5f3-b551067e5fd9@group-7D479441F0FD-SegmentedRaftLogWorker] INFO  segmented.SegmentedRaftLogWorker (SegmentedRaftLogWorker.java:execute(569)) - 89fcfe45-dcaf-4b08-b5f3-b551067e5fd9@group-7D479441F0FD-SegmentedRaftLogWorker: created new log segment /workdir/hadoop-ozone/integration-test/target/test-dir/MiniOzoneClusterImpl-de3107aa-fdfe-498c-bc41-a98c7d3f2bf4/datanode-0/data/ratis/bff27a6d-5761-4edc-873a-7d479441f0fd/current/log_inprogress_0
2019-10-01 21:20:25,674 [02e284fd-040a-4e6e-a977-f8bb7b31abf7@group-5AFF17EDB454:LeaderElection22] INFO  impl.LeaderElection (LeaderElection.java:askForVotes(182)) - 02e284fd-040a-4e6e-a977-f8bb7b31abf7@group-5AFF17EDB454:LeaderElection22: begin an election at term 1 for -1: [02e284fd-040a-4e6e-a977-f8bb7b31abf7:192.168.151.69:39276], old=null
2019-10-01 21:20:25,673 [cbfa2b6e-20cc-4371-9247-0e10d1a91862@group-7D479441F0FD-SegmentedRaftLogWorker] INFO  segmented.SegmentedRaftLogWorker (SegmentedRaftLogWorker.java:execute(569)) - cbfa2b6e-20cc-4371-9247-0e10d1a91862@group-7D479441F0FD-SegmentedRaftLogWorker: created new log segment /workdir/hadoop-ozone/integration-test/target/test-dir/MiniOzoneClusterImpl-de3107aa-fdfe-498c-bc41-a98c7d3f2bf4/datanode-1/data/ratis/bff27a6d-5761-4edc-873a-7d479441f0fd/current/log_inprogress_0
2019-10-01 21:20:25,673 [f9fd6070-3485-43a1-95a7-7a476b3e7642@group-7D479441F0FD-SegmentedRaftLogWorker] INFO  segmented.SegmentedRaftLogWorker (SegmentedRaftLogWorker.java:execute(569)) - f9fd6070-3485-43a1-95a7-7a476b3e7642@group-7D479441F0FD-SegmentedRaftLogWorker: created new log segment /workdir/hadoop-ozone/integration-test/target/test-dir/MiniOzoneClusterImpl-de3107aa-fdfe-498c-bc41-a98c7d3f2bf4/datanode-2/data/ratis/bff27a6d-5761-4edc-873a-7d479441f0fd/current/log_inprogress_0
2019-10-01 21:20:25,674 [02e284fd-040a-4e6e-a977-f8bb7b31abf7@group-5AFF17EDB454:LeaderElection22] INFO  impl.RoleInfo (RoleInfo.java:shutdownLeaderElection(134)) - 02e284fd-040a-4e6e-a977-f8bb7b31abf7: shutdown LeaderElection
2019-10-01 21:20:25,674 [02e284fd-040a-4e6e-a977-f8bb7b31abf7@group-5AFF17EDB454:LeaderElection22] INFO  impl.RaftServerImpl (RaftServerImpl.java:setRole(174)) - 02e284fd-040a-4e6e-a977-f8bb7b31abf7@group-5AFF17EDB454: changes role from CANDIDATE to LEADER at term 1 for changeToLeader
2019-10-01 21:20:25,674 [02e284fd-040a-4e6e-a977-f8bb7b31abf7@group-5AFF17EDB454:LeaderElection22] INFO  impl.RaftServerImpl (ServerState.java:setLeader(253)) - 02e284fd-040a-4e6e-a977-f8bb7b31abf7@group-5AFF17EDB454: change Leader from null to 02e284fd-040a-4e6e-a977-f8bb7b31abf7 at term 1 for becomeLeader, leader elected after 5256ms
2019-10-01 21:20:25,676 [02e284fd-040a-4e6e-a977-f8bb7b31abf7@group-5AFF17EDB454:LeaderElection22] INFO  server.RaftServerConfigKeys (ConfUtils.java:logGet(43)) - raft.server.staging.catchup.gap = 1000 (default)
2019-10-01 21:20:25,676 [7240ac6f-0c5d-4826-acb2-f29a34e53932@group-734A4A51BB22:LeaderElection24] INFO  impl.LeaderElection (LeaderElection.java:askForVotes(182)) - 7240ac6f-0c5d-4826-acb2-f29a34e53932@group-734A4A51BB22:LeaderElection24: begin an election at term 1 for -1: [7240ac6f-0c5d-4826-acb2-f29a34e53932:192.168.151.69:34236, 02e284fd-040a-4e6e-a977-f8bb7b31abf7:192.168.151.69:39276, b2c9ba6a-9bd8-402b-8c7d-73b100db3170:192.168.151.69:42652], old=null
2019-10-01 21:20:25,676 [02e284fd-040a-4e6e-a977-f8bb7b31abf7@group-5AFF17EDB454:LeaderElection22] INFO  server.RaftServerConfigKeys (ConfUtils.java:logGet(43)) - raft.server.rpc.sleep.time = 25ms (default)
2019-10-01 21:20:25,676 [b2c9ba6a-9bd8-402b-8c7d-73b100db3170@group-734A4A51BB22:LeaderElection23] INFO  impl.LeaderElection (LeaderElection.java:askForVotes(182)) - b2c9ba6a-9bd8-402b-8c7d-73b100db3170@group-734A4A51BB22:LeaderElection23: begin an election at term 1 for -1: [7240ac6f-0c5d-4826-acb2-f29a34e53932:192.168.151.69:34236, 02e284fd-040a-4e6e-a977-f8bb7b31abf7:192.168.151.69:39276, b2c9ba6a-9bd8-402b-8c7d-73b100db3170:192.168.151.69:42652], old=null
2019-10-01 21:20:25,677 [02e284fd-040a-4e6e-a977-f8bb7b31abf7@group-5AFF17EDB454:LeaderElection22] INFO  server.RaftServerConfigKeys (ConfUtils.java:logGet(43)) - raft.server.write.element-limit = 4096 (default)
2019-10-01 21:20:25,677 [02e284fd-040a-4e6e-a977-f8bb7b31abf7@group-5AFF17EDB454:LeaderElection22] INFO  server.RaftServerConfigKeys (ConfUtils.java:logGet(43)) - raft.server.watch.timeout = 10s (default)
2019-10-01 21:20:25,677 [02e284fd-040a-4e6e-a977-f8bb7b31abf7@group-5AFF17EDB454:LeaderElection22] INFO  server.RaftServerConfigKeys (ConfUtils.java:logGet(43)) - raft.server.watch.timeout.denomination = 1s (default)
2019-10-01 21:20:25,677 [02e284fd-040a-4e6e-a977-f8bb7b31abf7@group-5AFF17EDB454:LeaderElection22] INFO  server.RaftServerConfigKeys (ConfUtils.java:logGet(43)) - raft.server.watch.element-limit = 65536 (default)
2019-10-01 21:20:25,680 [02e284fd-040a-4e6e-a977-f8bb7b31abf7@group-5AFF17EDB454:LeaderElection22] INFO  impl.RoleInfo (RoleInfo.java:updateAndGet(143)) - 02e284fd-040a-4e6e-a977-f8bb7b31abf7: start LeaderState
2019-10-01 21:20:25,680 [02e284fd-040a-4e6e-a977-f8bb7b31abf7@group-5AFF17EDB454:LeaderElection22] INFO  segmented.SegmentedRaftLogWorker (SegmentedRaftLogWorker.java:startLogSegment(380)) - 02e284fd-040a-4e6e-a977-f8bb7b31abf7@group-5AFF17EDB454-SegmentedRaftLogWorker: Starting segment from index:0
2019-10-01 21:20:25,680 [02e284fd-040a-4e6e-a977-f8bb7b31abf7@group-5AFF17EDB454:LeaderElection22] INFO  impl.RaftServerImpl (ServerState.java:setRaftConf(354)) - 02e284fd-040a-4e6e-a977-f8bb7b31abf7@group-5AFF17EDB454: set configuration 0: [02e284fd-040a-4e6e-a977-f8bb7b31abf7:192.168.151.69:39276], old=null at 0
2019-10-01 21:20:25,714 [Thread-727] INFO  impl.FollowerState (FollowerState.java:run(106)) - 7240ac6f-0c5d-4826-acb2-f29a34e53932:group-24E8E7A4399B changes to CANDIDATE, lastRpcTime:5179, electionTimeout:5173ms
2019-10-01 21:20:25,716 [Thread-732] INFO  impl.FollowerState (FollowerState.java:run(106)) - 02e284fd-040a-4e6e-a977-f8bb7b31abf7:group-734A4A51BB22 changes to CANDIDATE, lastRpcTime:5114, electionTimeout:5083ms
2019-10-01 21:20:25,716 [Thread-727] INFO  impl.RoleInfo (RoleInfo.java:shutdownFollowerState(121)) - 7240ac6f-0c5d-4826-acb2-f29a34e53932: shutdown FollowerState
2019-10-01 21:20:25,716 [Thread-732] INFO  impl.RoleInfo (RoleInfo.java:shutdownFollowerState(121)) - 02e284fd-040a-4e6e-a977-f8bb7b31abf7: shutdown FollowerState
2019-10-01 21:20:25,716 [Thread-727] INFO  impl.RaftServerImpl (RaftServerImpl.java:setRole(174)) - 7240ac6f-0c5d-4826-acb2-f29a34e53932@group-24E8E7A4399B: changes role from  FOLLOWER to CANDIDATE at term 0 for changeToCandidate
2019-10-01 21:20:25,717 [Thread-732] INFO  impl.RaftServerImpl (RaftServerImpl.java:setRole(174)) - 02e284fd-040a-4e6e-a977-f8bb7b31abf7@group-734A4A51BB22: changes role from  FOLLOWER to CANDIDATE at term 0 for changeToCandidate
2019-10-01 21:20:25,717 [Thread-727] INFO  impl.RoleInfo (RoleInfo.java:updateAndGet(143)) - 7240ac6f-0c5d-4826-acb2-f29a34e53932: start LeaderElection
2019-10-01 21:20:25,717 [Thread-732] INFO  impl.RoleInfo (RoleInfo.java:updateAndGet(143)) - 02e284fd-040a-4e6e-a977-f8bb7b31abf7: start LeaderElection
2019-10-01 21:20:25,738 [02e284fd-040a-4e6e-a977-f8bb7b31abf7@group-5AFF17EDB454-SegmentedRaftLogWorker] INFO  segmented.SegmentedRaftLogWorker (SegmentedRaftLogWorker.java:execute(569)) - 02e284fd-040a-4e6e-a977-f8bb7b31abf7@group-5AFF17EDB454-SegmentedRaftLogWorker: created new log segment /workdir/hadoop-ozone/integration-test/target/test-dir/MiniOzoneClusterImpl-de3107aa-fdfe-498c-bc41-a98c7d3f2bf4/datanode-5/data/ratis/faae17bd-e4a7-46b2-94c5-5aff17edb454/current/log_inprogress_0
2019-10-01 21:20:25,738 [7240ac6f-0c5d-4826-acb2-f29a34e53932@group-24E8E7A4399B:LeaderElection25] INFO  impl.LeaderElection (LeaderElection.java:askForVotes(182)) - 7240ac6f-0c5d-4826-acb2-f29a34e53932@group-24E8E7A4399B:LeaderElection25: begin an election at term 1 for -1: [7240ac6f-0c5d-4826-acb2-f29a34e53932:192.168.151.69:34236], old=null
2019-10-01 21:20:25,738 [02e284fd-040a-4e6e-a977-f8bb7b31abf7@group-734A4A51BB22:LeaderElection26] INFO  impl.LeaderElection (LeaderElection.java:askForVotes(182)) - 02e284fd-040a-4e6e-a977-f8bb7b31abf7@group-734A4A51BB22:LeaderElection26: begin an election at term 1 for -1: [7240ac6f-0c5d-4826-acb2-f29a34e53932:192.168.151.69:34236, 02e284fd-040a-4e6e-a977-f8bb7b31abf7:192.168.151.69:39276, b2c9ba6a-9bd8-402b-8c7d-73b100db3170:192.168.151.69:42652], old=null
2019-10-01 21:20:25,738 [7240ac6f-0c5d-4826-acb2-f29a34e53932@group-24E8E7A4399B:LeaderElection25] INFO  impl.RoleInfo (RoleInfo.java:shutdownLeaderElection(134)) - 7240ac6f-0c5d-4826-acb2-f29a34e53932: shutdown LeaderElection
2019-10-01 21:20:25,738 [7240ac6f-0c5d-4826-acb2-f29a34e53932@group-24E8E7A4399B:LeaderElection25] INFO  impl.RaftServerImpl (RaftServerImpl.java:setRole(174)) - 7240ac6f-0c5d-4826-acb2-f29a34e53932@group-24E8E7A4399B: changes role from CANDIDATE to LEADER at term 1 for changeToLeader
2019-10-01 21:20:25,738 [7240ac6f-0c5d-4826-acb2-f29a34e53932@group-24E8E7A4399B:LeaderElection25] INFO  impl.RaftServerImpl (ServerState.java:setLeader(253)) - 7240ac6f-0c5d-4826-acb2-f29a34e53932@group-24E8E7A4399B: change Leader from null to 7240ac6f-0c5d-4826-acb2-f29a34e53932 at term 1 for becomeLeader, leader elected after 5209ms
2019-10-01 21:20:25,749 [7240ac6f-0c5d-4826-acb2-f29a34e53932@group-24E8E7A4399B:LeaderElection25] INFO  server.RaftServerConfigKeys (ConfUtils.java:logGet(43)) - raft.server.staging.catchup.gap = 1000 (default)
2019-10-01 21:20:25,749 [7240ac6f-0c5d-4826-acb2-f29a34e53932@group-24E8E7A4399B:LeaderElection25] INFO  server.RaftServerConfigKeys (ConfUtils.java:logGet(43)) - raft.server.rpc.sleep.time = 25ms (default)
2019-10-01 21:20:25,749 [7240ac6f-0c5d-4826-acb2-f29a34e53932@group-24E8E7A4399B:LeaderElection25] INFO  server.RaftServerConfigKeys (ConfUtils.java:logGet(43)) - raft.server.write.element-limit = 4096 (default)
2019-10-01 21:20:25,749 [7240ac6f-0c5d-4826-acb2-f29a34e53932@group-734A4A51BB22:LeaderElection24] INFO  impl.LeaderElection (LeaderElection.java:logAndReturn(56)) - 7240ac6f-0c5d-4826-acb2-f29a34e53932@group-734A4A51BB22:LeaderElection24: Election REJECTED; received 2 response(s) [7240ac6f-0c5d-4826-acb2-f29a34e53932<-02e284fd-040a-4e6e-a977-f8bb7b31abf7#0:FAIL-t1, 7240ac6f-0c5d-4826-acb2-f29a34e53932<-b2c9ba6a-9bd8-402b-8c7d-73b100db3170#0:FAIL-t1] and 0 exception(s); 7240ac6f-0c5d-4826-acb2-f29a34e53932@group-734A4A51BB22:t1, leader=null, voted=7240ac6f-0c5d-4826-acb2-f29a34e53932, raftlog=7240ac6f-0c5d-4826-acb2-f29a34e53932@group-734A4A51BB22-SegmentedRaftLog:OPENED:c-1,f-1,i0, conf=-1: [7240ac6f-0c5d-4826-acb2-f29a34e53932:192.168.151.69:34236, 02e284fd-040a-4e6e-a977-f8bb7b31abf7:192.168.151.69:39276, b2c9ba6a-9bd8-402b-8c7d-73b100db3170:192.168.151.69:42652], old=null
2019-10-01 21:20:25,749 [7240ac6f-0c5d-4826-acb2-f29a34e53932@group-24E8E7A4399B:LeaderElection25] INFO  server.RaftServerConfigKeys (ConfUtils.java:logGet(43)) - raft.server.watch.timeout = 10s (default)
2019-10-01 21:20:25,749 [b2c9ba6a-9bd8-402b-8c7d-73b100db3170@group-734A4A51BB22:LeaderElection23] INFO  impl.LeaderElection (LeaderElection.java:logAndReturn(56)) - b2c9ba6a-9bd8-402b-8c7d-73b100db3170@group-734A4A51BB22:LeaderElection23: Election REJECTED; received 2 response(s) [b2c9ba6a-9bd8-402b-8c7d-73b100db3170<-7240ac6f-0c5d-4826-acb2-f29a34e53932#0:FAIL-t1, b2c9ba6a-9bd8-402b-8c7d-73b100db3170<-02e284fd-040a-4e6e-a977-f8bb7b31abf7#0:FAIL-t1] and 0 exception(s); b2c9ba6a-9bd8-402b-8c7d-73b100db3170@group-734A4A51BB22:t1, leader=null, voted=b2c9ba6a-9bd8-402b-8c7d-73b100db3170, raftlog=b2c9ba6a-9bd8-402b-8c7d-73b100db3170@group-734A4A51BB22-SegmentedRaftLog:OPENED:c-1,f-1,i0, conf=-1: [7240ac6f-0c5d-4826-acb2-f29a34e53932:192.168.151.69:34236, 02e284fd-040a-4e6e-a977-f8bb7b31abf7:192.168.151.69:39276, b2c9ba6a-9bd8-402b-8c7d-73b100db3170:192.168.151.69:42652], old=null
2019-10-01 21:20:25,750 [7240ac6f-0c5d-4826-acb2-f29a34e53932@group-24E8E7A4399B:LeaderElection25] INFO  server.RaftServerConfigKeys (ConfUtils.java:logGet(43)) - raft.server.watch.timeout.denomination = 1s (default)
2019-10-01 21:20:25,750 [7240ac6f-0c5d-4826-acb2-f29a34e53932@group-734A4A51BB22:LeaderElection24] INFO  impl.RaftServerImpl (RaftServerImpl.java:setRole(174)) - 7240ac6f-0c5d-4826-acb2-f29a34e53932@group-734A4A51BB22: changes role from CANDIDATE to FOLLOWER at term 1 for DISCOVERED_A_NEW_TERM
2019-10-01 21:20:25,770 [b2c9ba6a-9bd8-402b-8c7d-73b100db3170@group-734A4A51BB22:LeaderElection23] INFO  impl.RaftServerImpl (RaftServerImpl.java:setRole(174)) - b2c9ba6a-9bd8-402b-8c7d-73b100db3170@group-734A4A51BB22: changes role from CANDIDATE to FOLLOWER at term 1 for DISCOVERED_A_NEW_TERM
2019-10-01 21:20:25,775 [7240ac6f-0c5d-4826-acb2-f29a34e53932@group-24E8E7A4399B:LeaderElection25] INFO  server.RaftServerConfigKeys (ConfUtils.java:logGet(43)) - raft.server.watch.element-limit = 65536 (default)
2019-10-01 21:20:25,775 [7240ac6f-0c5d-4826-acb2-f29a34e53932@group-734A4A51BB22:LeaderElection24] INFO  impl.RoleInfo (RoleInfo.java:shutdownLeaderElection(134)) - 7240ac6f-0c5d-4826-acb2-f29a34e53932: shutdown LeaderElection
2019-10-01 21:20:25,775 [b2c9ba6a-9bd8-402b-8c7d-73b100db3170@group-734A4A51BB22:LeaderElection23] INFO  impl.RoleInfo (RoleInfo.java:shutdownLeaderElection(134)) - b2c9ba6a-9bd8-402b-8c7d-73b100db3170: shutdown LeaderElection
2019-10-01 21:20:25,775 [7240ac6f-0c5d-4826-acb2-f29a34e53932@group-734A4A51BB22:LeaderElection24] INFO  impl.RoleInfo (RoleInfo.java:updateAndGet(143)) - 7240ac6f-0c5d-4826-acb2-f29a34e53932: start FollowerState
2019-10-01 21:20:25,776 [b2c9ba6a-9bd8-402b-8c7d-73b100db3170@group-734A4A51BB22:LeaderElection23] INFO  impl.RoleInfo (RoleInfo.java:updateAndGet(143)) - b2c9ba6a-9bd8-402b-8c7d-73b100db3170: start FollowerState
2019-10-01 21:20:25,777 [7240ac6f-0c5d-4826-acb2-f29a34e53932@group-24E8E7A4399B:LeaderElection25] INFO  impl.RoleInfo (RoleInfo.java:updateAndGet(143)) - 7240ac6f-0c5d-4826-acb2-f29a34e53932: start LeaderState
2019-10-01 21:20:25,778 [7240ac6f-0c5d-4826-acb2-f29a34e53932@group-24E8E7A4399B:LeaderElection25] INFO  segmented.SegmentedRaftLogWorker (SegmentedRaftLogWorker.java:startLogSegment(380)) - 7240ac6f-0c5d-4826-acb2-f29a34e53932@group-24E8E7A4399B-SegmentedRaftLogWorker: Starting segment from index:0
2019-10-01 21:20:25,778 [7240ac6f-0c5d-4826-acb2-f29a34e53932@group-24E8E7A4399B:LeaderElection25] INFO  impl.RaftServerImpl (ServerState.java:setRaftConf(354)) - 7240ac6f-0c5d-4826-acb2-f29a34e53932@group-24E8E7A4399B: set configuration 0: [7240ac6f-0c5d-4826-acb2-f29a34e53932:192.168.151.69:34236], old=null at 0
2019-10-01 21:20:25,806 [02e284fd-040a-4e6e-a977-f8bb7b31abf7@group-734A4A51BB22:LeaderElection26] INFO  impl.LeaderElection (LeaderElection.java:logAndReturn(56)) - 02e284fd-040a-4e6e-a977-f8bb7b31abf7@group-734A4A51BB22:LeaderElection26: Election REJECTED; received 2 response(s) [02e284fd-040a-4e6e-a977-f8bb7b31abf7<-7240ac6f-0c5d-4826-acb2-f29a34e53932#0:FAIL-t1, 02e284fd-040a-4e6e-a977-f8bb7b31abf7<-b2c9ba6a-9bd8-402b-8c7d-73b100db3170#0:FAIL-t1] and 0 exception(s); 02e284fd-040a-4e6e-a977-f8bb7b31abf7@group-734A4A51BB22:t1, leader=null, voted=02e284fd-040a-4e6e-a977-f8bb7b31abf7, raftlog=02e284fd-040a-4e6e-a977-f8bb7b31abf7@group-734A4A51BB22-SegmentedRaftLog:OPENED:c-1,f-1,i0, conf=-1: [7240ac6f-0c5d-4826-acb2-f29a34e53932:192.168.151.69:34236, 02e284fd-040a-4e6e-a977-f8bb7b31abf7:192.168.151.69:39276, b2c9ba6a-9bd8-402b-8c7d-73b100db3170:192.168.151.69:42652], old=null
2019-10-01 21:20:25,807 [02e284fd-040a-4e6e-a977-f8bb7b31abf7@group-734A4A51BB22:LeaderElection26] INFO  impl.RaftServerImpl (RaftServerImpl.java:setRole(174)) - 02e284fd-040a-4e6e-a977-f8bb7b31abf7@group-734A4A51BB22: changes role from CANDIDATE to FOLLOWER at term 1 for DISCOVERED_A_NEW_TERM
2019-10-01 21:20:25,807 [02e284fd-040a-4e6e-a977-f8bb7b31abf7@group-734A4A51BB22:LeaderElection26] INFO  impl.RoleInfo (RoleInfo.java:shutdownLeaderElection(134)) - 02e284fd-040a-4e6e-a977-f8bb7b31abf7: shutdown LeaderElection
2019-10-01 21:20:25,807 [02e284fd-040a-4e6e-a977-f8bb7b31abf7@group-734A4A51BB22:LeaderElection26] INFO  impl.RoleInfo (RoleInfo.java:updateAndGet(143)) - 02e284fd-040a-4e6e-a977-f8bb7b31abf7: start FollowerState
2019-10-01 21:20:25,817 [7240ac6f-0c5d-4826-acb2-f29a34e53932@group-24E8E7A4399B-SegmentedRaftLogWorker] INFO  segmented.SegmentedRaftLogWorker (SegmentedRaftLogWorker.java:execute(569)) - 7240ac6f-0c5d-4826-acb2-f29a34e53932@group-24E8E7A4399B-SegmentedRaftLogWorker: created new log segment /workdir/hadoop-ozone/integration-test/target/test-dir/MiniOzoneClusterImpl-de3107aa-fdfe-498c-bc41-a98c7d3f2bf4/datanode-6/data/ratis/70c6a198-f1ce-4c5c-ad94-24e8e7a4399b/current/log_inprogress_0
2019-10-01 21:20:30,797 [Thread-793] INFO  impl.FollowerState (FollowerState.java:run(106)) - b2c9ba6a-9bd8-402b-8c7d-73b100db3170:group-734A4A51BB22 changes to CANDIDATE, lastRpcTime:5021, electionTimeout:5021ms
2019-10-01 21:20:30,798 [Thread-793] INFO  impl.RoleInfo (RoleInfo.java:shutdownFollowerState(121)) - b2c9ba6a-9bd8-402b-8c7d-73b100db3170: shutdown FollowerState
2019-10-01 21:20:30,798 [Thread-793] INFO  impl.RaftServerImpl (RaftServerImpl.java:setRole(174)) - b2c9ba6a-9bd8-402b-8c7d-73b100db3170@group-734A4A51BB22: changes role from  FOLLOWER to CANDIDATE at term 1 for changeToCandidate
2019-10-01 21:20:30,798 [Thread-793] INFO  impl.RoleInfo (RoleInfo.java:updateAndGet(143)) - b2c9ba6a-9bd8-402b-8c7d-73b100db3170: start LeaderElection
2019-10-01 21:20:30,816 [b2c9ba6a-9bd8-402b-8c7d-73b100db3170@group-734A4A51BB22:LeaderElection27] INFO  impl.LeaderElection (LeaderElection.java:askForVotes(182)) - b2c9ba6a-9bd8-402b-8c7d-73b100db3170@group-734A4A51BB22:LeaderElection27: begin an election at term 2 for -1: [7240ac6f-0c5d-4826-acb2-f29a34e53932:192.168.151.69:34236, 02e284fd-040a-4e6e-a977-f8bb7b31abf7:192.168.151.69:39276, b2c9ba6a-9bd8-402b-8c7d-73b100db3170:192.168.151.69:42652], old=null
2019-10-01 21:20:30,820 [grpc-default-executor-4] INFO  impl.RaftServerImpl (RaftServerImpl.java:setRole(174)) - 7240ac6f-0c5d-4826-acb2-f29a34e53932@group-734A4A51BB22: changes role from  FOLLOWER to FOLLOWER at term 2 for recognizeCandidate:b2c9ba6a-9bd8-402b-8c7d-73b100db3170
2019-10-01 21:20:30,820 [grpc-default-executor-4] INFO  impl.RoleInfo (RoleInfo.java:shutdownFollowerState(121)) - 7240ac6f-0c5d-4826-acb2-f29a34e53932: shutdown FollowerState
2019-10-01 21:20:30,820 [grpc-default-executor-5] INFO  impl.RaftServerImpl (RaftServerImpl.java:setRole(174)) - 02e284fd-040a-4e6e-a977-f8bb7b31abf7@group-734A4A51BB22: changes role from  FOLLOWER to FOLLOWER at term 2 for recognizeCandidate:b2c9ba6a-9bd8-402b-8c7d-73b100db3170
2019-10-01 21:20:30,820 [grpc-default-executor-4] INFO  impl.RoleInfo (RoleInfo.java:updateAndGet(143)) - 7240ac6f-0c5d-4826-acb2-f29a34e53932: start FollowerState
2019-10-01 21:20:30,821 [Thread-792] INFO  impl.FollowerState (FollowerState.java:run(115)) - 7240ac6f-0c5d-4826-acb2-f29a34e53932: FollowerState was interrupted: java.lang.InterruptedException: sleep interrupted
2019-10-01 21:20:30,821 [grpc-default-executor-5] INFO  impl.RoleInfo (RoleInfo.java:shutdownFollowerState(121)) - 02e284fd-040a-4e6e-a977-f8bb7b31abf7: shutdown FollowerState
2019-10-01 21:20:30,824 [grpc-default-executor-5] INFO  impl.RoleInfo (RoleInfo.java:updateAndGet(143)) - 02e284fd-040a-4e6e-a977-f8bb7b31abf7: start FollowerState
2019-10-01 21:20:30,824 [Thread-794] INFO  impl.FollowerState (FollowerState.java:run(115)) - 02e284fd-040a-4e6e-a977-f8bb7b31abf7: FollowerState was interrupted: java.lang.InterruptedException: sleep interrupted
2019-10-01 21:20:30,832 [b2c9ba6a-9bd8-402b-8c7d-73b100db3170@group-734A4A51BB22:LeaderElection27] INFO  impl.LeaderElection (LeaderElection.java:logAndReturn(56)) - b2c9ba6a-9bd8-402b-8c7d-73b100db3170@group-734A4A51BB22:LeaderElection27: Election PASSED; received 1 response(s) [b2c9ba6a-9bd8-402b-8c7d-73b100db3170<-7240ac6f-0c5d-4826-acb2-f29a34e53932#0:OK-t2] and 0 exception(s); b2c9ba6a-9bd8-402b-8c7d-73b100db3170@group-734A4A51BB22:t2, leader=null, voted=b2c9ba6a-9bd8-402b-8c7d-73b100db3170, raftlog=b2c9ba6a-9bd8-402b-8c7d-73b100db3170@group-734A4A51BB22-SegmentedRaftLog:OPENED:c-1,f-1,i0, conf=-1: [7240ac6f-0c5d-4826-acb2-f29a34e53932:192.168.151.69:34236, 02e284fd-040a-4e6e-a977-f8bb7b31abf7:192.168.151.69:39276, b2c9ba6a-9bd8-402b-8c7d-73b100db3170:192.168.151.69:42652], old=null
2019-10-01 21:20:30,832 [b2c9ba6a-9bd8-402b-8c7d-73b100db3170@group-734A4A51BB22:LeaderElection27] INFO  impl.RoleInfo (RoleInfo.java:shutdownLeaderElection(134)) - b2c9ba6a-9bd8-402b-8c7d-73b100db3170: shutdown LeaderElection
2019-10-01 21:20:30,832 [b2c9ba6a-9bd8-402b-8c7d-73b100db3170@group-734A4A51BB22:LeaderElection27] INFO  impl.RaftServerImpl (RaftServerImpl.java:setRole(174)) - b2c9ba6a-9bd8-402b-8c7d-73b100db3170@group-734A4A51BB22: changes role from CANDIDATE to LEADER at term 2 for changeToLeader
2019-10-01 21:20:30,832 [b2c9ba6a-9bd8-402b-8c7d-73b100db3170@group-734A4A51BB22:LeaderElection27] INFO  impl.RaftServerImpl (ServerState.java:setLeader(253)) - b2c9ba6a-9bd8-402b-8c7d-73b100db3170@group-734A4A51BB22: change Leader from null to b2c9ba6a-9bd8-402b-8c7d-73b100db3170 at term 2 for becomeLeader, leader elected after 10244ms
2019-10-01 21:20:30,833 [b2c9ba6a-9bd8-402b-8c7d-73b100db3170@group-734A4A51BB22:LeaderElection27] INFO  server.RaftServerConfigKeys (ConfUtils.java:logGet(43)) - raft.server.staging.catchup.gap = 1000 (default)
2019-10-01 21:20:30,833 [b2c9ba6a-9bd8-402b-8c7d-73b100db3170@group-734A4A51BB22:LeaderElection27] INFO  server.RaftServerConfigKeys (ConfUtils.java:logGet(43)) - raft.server.rpc.sleep.time = 25ms (default)
2019-10-01 21:20:30,833 [b2c9ba6a-9bd8-402b-8c7d-73b100db3170@group-734A4A51BB22:LeaderElection27] INFO  server.RaftServerConfigKeys (ConfUtils.java:logGet(43)) - raft.server.write.element-limit = 4096 (default)
2019-10-01 21:20:30,833 [b2c9ba6a-9bd8-402b-8c7d-73b100db3170@group-734A4A51BB22:LeaderElection27] INFO  server.RaftServerConfigKeys (ConfUtils.java:logGet(43)) - raft.server.watch.timeout = 10s (default)
2019-10-01 21:20:30,834 [b2c9ba6a-9bd8-402b-8c7d-73b100db3170@group-734A4A51BB22:LeaderElection27] INFO  server.RaftServerConfigKeys (ConfUtils.java:logGet(43)) - raft.server.watch.timeout.denomination = 1s (default)
2019-10-01 21:20:30,834 [b2c9ba6a-9bd8-402b-8c7d-73b100db3170@group-734A4A51BB22:LeaderElection27] INFO  server.RaftServerConfigKeys (ConfUtils.java:logGet(43)) - raft.server.watch.element-limit = 65536 (default)
2019-10-01 21:20:30,838 [b2c9ba6a-9bd8-402b-8c7d-73b100db3170@group-734A4A51BB22:LeaderElection27] INFO  server.RaftServerConfigKeys (ConfUtils.java:logGet(43)) - raft.server.log.appender.snapshot.chunk.size.max = 16MB (=16777216) (default)
2019-10-01 21:20:30,838 [b2c9ba6a-9bd8-402b-8c7d-73b100db3170@group-734A4A51BB22:LeaderElection27] INFO  server.RaftServerConfigKeys (ConfUtils.java:logGet(43)) - raft.server.log.appender.buffer.byte-limit = 33554432 (custom)
2019-10-01 21:20:30,839 [b2c9ba6a-9bd8-402b-8c7d-73b100db3170@group-734A4A51BB22:LeaderElection27] INFO  server.RaftServerConfigKeys (ConfUtils.java:logGet(43)) - raft.server.log.appender.buffer.element-limit = 1 (custom)
2019-10-01 21:20:30,839 [b2c9ba6a-9bd8-402b-8c7d-73b100db3170@group-734A4A51BB22:LeaderElection27] INFO  grpc.GrpcConfigKeys$Server (ConfUtils.java:logGet(43)) - raft.grpc.server.leader.outstanding.appends.max = 128 (default)
2019-10-01 21:20:30,839 [b2c9ba6a-9bd8-402b-8c7d-73b100db3170@group-734A4A51BB22:LeaderElection27] INFO  server.RaftServerConfigKeys (ConfUtils.java:logGet(43)) - raft.server.rpc.request.timeout = 3000ms (default)
2019-10-01 21:20:30,839 [b2c9ba6a-9bd8-402b-8c7d-73b100db3170@group-734A4A51BB22:LeaderElection27] INFO  server.RaftServerConfigKeys (ConfUtils.java:logGet(43)) - raft.server.log.appender.install.snapshot.enabled = false (custom)
2019-10-01 21:20:30,840 [b2c9ba6a-9bd8-402b-8c7d-73b100db3170@group-734A4A51BB22:LeaderElection27] INFO  server.RaftServerConfigKeys (ConfUtils.java:logGet(43)) - raft.server.log.appender.snapshot.chunk.size.max = 16MB (=16777216) (default)
2019-10-01 21:20:30,840 [b2c9ba6a-9bd8-402b-8c7d-73b100db3170@group-734A4A51BB22:LeaderElection27] INFO  server.RaftServerConfigKeys (ConfUtils.java:logGet(43)) - raft.server.log.appender.buffer.byte-limit = 33554432 (custom)
2019-10-01 21:20:30,840 [b2c9ba6a-9bd8-402b-8c7d-73b100db3170@group-734A4A51BB22:LeaderElection27] INFO  server.RaftServerConfigKeys (ConfUtils.java:logGet(43)) - raft.server.log.appender.buffer.element-limit = 1 (custom)
2019-10-01 21:20:30,840 [b2c9ba6a-9bd8-402b-8c7d-73b100db3170@group-734A4A51BB22:LeaderElection27] INFO  grpc.GrpcConfigKeys$Server (ConfUtils.java:logGet(43)) - raft.grpc.server.leader.outstanding.appends.max = 128 (default)
2019-10-01 21:20:30,841 [b2c9ba6a-9bd8-402b-8c7d-73b100db3170@group-734A4A51BB22:LeaderElection27] INFO  server.RaftServerConfigKeys (ConfUtils.java:logGet(43)) - raft.server.rpc.request.timeout = 3000ms (default)
2019-10-01 21:20:30,841 [b2c9ba6a-9bd8-402b-8c7d-73b100db3170@group-734A4A51BB22:LeaderElection27] INFO  server.RaftServerConfigKeys (ConfUtils.java:logGet(43)) - raft.server.log.appender.install.snapshot.enabled = false (custom)
2019-10-01 21:20:30,841 [b2c9ba6a-9bd8-402b-8c7d-73b100db3170@group-734A4A51BB22:LeaderElection27] INFO  impl.RoleInfo (RoleInfo.java:updateAndGet(143)) - b2c9ba6a-9bd8-402b-8c7d-73b100db3170: start LeaderState
2019-10-01 21:20:30,842 [b2c9ba6a-9bd8-402b-8c7d-73b100db3170@group-734A4A51BB22:LeaderElection27] INFO  segmented.SegmentedRaftLogWorker (SegmentedRaftLogWorker.java:startLogSegment(380)) - b2c9ba6a-9bd8-402b-8c7d-73b100db3170@group-734A4A51BB22-SegmentedRaftLogWorker: Starting segment from index:0
2019-10-01 21:20:30,843 [b2c9ba6a-9bd8-402b-8c7d-73b100db3170@group-734A4A51BB22:LeaderElection27] INFO  impl.RaftServerImpl (ServerState.java:setRaftConf(354)) - b2c9ba6a-9bd8-402b-8c7d-73b100db3170@group-734A4A51BB22: set configuration 0: [7240ac6f-0c5d-4826-acb2-f29a34e53932:192.168.151.69:34236, 02e284fd-040a-4e6e-a977-f8bb7b31abf7:192.168.151.69:39276, b2c9ba6a-9bd8-402b-8c7d-73b100db3170:192.168.151.69:42652], old=null at 0
2019-10-01 21:20:30,845 [grpc-default-executor-4] INFO  impl.RaftServerImpl (ServerState.java:setLeader(253)) - 7240ac6f-0c5d-4826-acb2-f29a34e53932@group-734A4A51BB22: change Leader from null to b2c9ba6a-9bd8-402b-8c7d-73b100db3170 at term 2 for appendEntries, leader elected after 10257ms
2019-10-01 21:20:30,879 [grpc-default-executor-4] INFO  impl.RaftServerImpl (ServerState.java:setLeader(253)) - 02e284fd-040a-4e6e-a977-f8bb7b31abf7@group-734A4A51BB22: change Leader from null to b2c9ba6a-9bd8-402b-8c7d-73b100db3170 at term 2 for appendEntries, leader elected after 10290ms
2019-10-01 21:20:30,881 [b2c9ba6a-9bd8-402b-8c7d-73b100db3170@group-734A4A51BB22-SegmentedRaftLogWorker] INFO  segmented.SegmentedRaftLogWorker (SegmentedRaftLogWorker.java:execute(569)) - b2c9ba6a-9bd8-402b-8c7d-73b100db3170@group-734A4A51BB22-SegmentedRaftLogWorker: created new log segment /workdir/hadoop-ozone/integration-test/target/test-dir/MiniOzoneClusterImpl-de3107aa-fdfe-498c-bc41-a98c7d3f2bf4/datanode-4/data/ratis/db0c5304-89db-41f3-849d-734a4a51bb22/current/log_inprogress_0
2019-10-01 21:20:30,882 [grpc-default-executor-4] INFO  impl.RaftServerImpl (ServerState.java:setRaftConf(354)) - 7240ac6f-0c5d-4826-acb2-f29a34e53932@group-734A4A51BB22: set configuration 0: [7240ac6f-0c5d-4826-acb2-f29a34e53932:192.168.151.69:34236, 02e284fd-040a-4e6e-a977-f8bb7b31abf7:192.168.151.69:39276, b2c9ba6a-9bd8-402b-8c7d-73b100db3170:192.168.151.69:42652], old=null at 0
2019-10-01 21:20:30,882 [grpc-default-executor-4] INFO  segmented.SegmentedRaftLogWorker (SegmentedRaftLogWorker.java:startLogSegment(380)) - 7240ac6f-0c5d-4826-acb2-f29a34e53932@group-734A4A51BB22-SegmentedRaftLogWorker: Starting segment from index:0
2019-10-01 21:20:30,882 [grpc-default-executor-2] INFO  impl.RaftServerImpl (ServerState.java:setRaftConf(354)) - 02e284fd-040a-4e6e-a977-f8bb7b31abf7@group-734A4A51BB22: set configuration 0: [7240ac6f-0c5d-4826-acb2-f29a34e53932:192.168.151.69:34236, 02e284fd-040a-4e6e-a977-f8bb7b31abf7:192.168.151.69:39276, b2c9ba6a-9bd8-402b-8c7d-73b100db3170:192.168.151.69:42652], old=null at 0
2019-10-01 21:20:30,882 [grpc-default-executor-2] INFO  segmented.SegmentedRaftLogWorker (SegmentedRaftLogWorker.java:startLogSegment(380)) - 02e284fd-040a-4e6e-a977-f8bb7b31abf7@group-734A4A51BB22-SegmentedRaftLogWorker: Starting segment from index:0
2019-10-01 21:20:30,923 [7240ac6f-0c5d-4826-acb2-f29a34e53932@group-734A4A51BB22-SegmentedRaftLogWorker] INFO  segmented.SegmentedRaftLogWorker (SegmentedRaftLogWorker.java:execute(569)) - 7240ac6f-0c5d-4826-acb2-f29a34e53932@group-734A4A51BB22-SegmentedRaftLogWorker: created new log segment /workdir/hadoop-ozone/integration-test/target/test-dir/MiniOzoneClusterImpl-de3107aa-fdfe-498c-bc41-a98c7d3f2bf4/datanode-6/data/ratis/db0c5304-89db-41f3-849d-734a4a51bb22/current/log_inprogress_0
2019-10-01 21:20:30,926 [02e284fd-040a-4e6e-a977-f8bb7b31abf7@group-734A4A51BB22-SegmentedRaftLogWorker] INFO  segmented.SegmentedRaftLogWorker (SegmentedRaftLogWorker.java:execute(569)) - 02e284fd-040a-4e6e-a977-f8bb7b31abf7@group-734A4A51BB22-SegmentedRaftLogWorker: created new log segment /workdir/hadoop-ozone/integration-test/target/test-dir/MiniOzoneClusterImpl-de3107aa-fdfe-498c-bc41-a98c7d3f2bf4/datanode-5/data/ratis/db0c5304-89db-41f3-849d-734a4a51bb22/current/log_inprogress_0
2019-10-01 21:20:31,178 [RatisApplyTransactionExecutor 1] ERROR ratis.ContainerStateMachine (ContainerStateMachine.java:lambda$applyTransaction$6(721)) - gid group-734A4A51BB22 : ApplyTransaction failed. cmd CreateContainer logIndex 7 exception {}
java.lang.IllegalArgumentException
	at com.google.common.base.Preconditions.checkArgument(Preconditions.java:72)
	at org.apache.hadoop.ozone.container.keyvalue.KeyValueHandler.handleCreateContainer(KeyValueHandler.java:215)
	at org.apache.hadoop.ozone.container.keyvalue.KeyValueHandler.handle(KeyValueHandler.java:152)
	at org.apache.hadoop.ozone.container.common.impl.HddsDispatcher.dispatchRequest(HddsDispatcher.java:275)
	at org.apache.hadoop.ozone.container.common.impl.HddsDispatcher.dispatch(HddsDispatcher.java:150)
	at org.apache.hadoop.ozone.container.common.transport.server.ratis.ContainerStateMachine.dispatchCommand(ContainerStateMachine.java:401)
	at org.apache.hadoop.ozone.container.common.transport.server.ratis.ContainerStateMachine.runCommand(ContainerStateMachine.java:409)
	at org.apache.hadoop.ozone.container.common.transport.server.ratis.ContainerStateMachine.lambda$applyTransaction$6(ContainerStateMachine.java:719)
	at java.util.concurrent.CompletableFuture$AsyncSupply.run(CompletableFuture.java:1590)
	at java.util.concurrent.ThreadPoolExecutor.runWorker(ThreadPoolExecutor.java:1149)
	at java.util.concurrent.ThreadPoolExecutor$Worker.run(ThreadPoolExecutor.java:624)
	at java.lang.Thread.run(Thread.java:748)
2019-10-01 21:20:31,179 [RatisApplyTransactionExecutor 1] ERROR ratis.ContainerStateMachine (ContainerStateMachine.java:lambda$applyTransaction$6(721)) - gid group-734A4A51BB22 : ApplyTransaction failed. cmd CreateContainer logIndex 7 exception {}
java.lang.IllegalArgumentException
	at com.google.common.base.Preconditions.checkArgument(Preconditions.java:72)
	at org.apache.hadoop.ozone.container.keyvalue.KeyValueHandler.handleCreateContainer(KeyValueHandler.java:215)
	at org.apache.hadoop.ozone.container.keyvalue.KeyValueHandler.handle(KeyValueHandler.java:152)
	at org.apache.hadoop.ozone.container.common.impl.HddsDispatcher.dispatchRequest(HddsDispatcher.java:275)
	at org.apache.hadoop.ozone.container.common.impl.HddsDispatcher.dispatch(HddsDispatcher.java:150)
	at org.apache.hadoop.ozone.container.common.transport.server.ratis.ContainerStateMachine.dispatchCommand(ContainerStateMachine.java:401)
	at org.apache.hadoop.ozone.container.common.transport.server.ratis.ContainerStateMachine.runCommand(ContainerStateMachine.java:409)
	at org.apache.hadoop.ozone.container.common.transport.server.ratis.ContainerStateMachine.lambda$applyTransaction$6(ContainerStateMachine.java:719)
	at java.util.concurrent.CompletableFuture$AsyncSupply.run(CompletableFuture.java:1590)
	at java.util.concurrent.ThreadPoolExecutor.runWorker(ThreadPoolExecutor.java:1149)
	at java.util.concurrent.ThreadPoolExecutor$Worker.run(ThreadPoolExecutor.java:624)
	at java.lang.Thread.run(Thread.java:748)
2019-10-01 21:20:31,180 [RatisApplyTransactionExecutor 1] ERROR ratis.ContainerStateMachine (ContainerStateMachine.java:lambda$applyTransaction$6(721)) - gid group-734A4A51BB22 : ApplyTransaction failed. cmd CreateContainer logIndex 7 exception {}
java.lang.IllegalArgumentException
	at com.google.common.base.Preconditions.checkArgument(Preconditions.java:72)
	at org.apache.hadoop.ozone.container.keyvalue.KeyValueHandler.handleCreateContainer(KeyValueHandler.java:215)
	at org.apache.hadoop.ozone.container.keyvalue.KeyValueHandler.handle(KeyValueHandler.java:152)
	at org.apache.hadoop.ozone.container.common.impl.HddsDispatcher.dispatchRequest(HddsDispatcher.java:275)
	at org.apache.hadoop.ozone.container.common.impl.HddsDispatcher.dispatch(HddsDispatcher.java:150)
	at org.apache.hadoop.ozone.container.common.transport.server.ratis.ContainerStateMachine.dispatchCommand(ContainerStateMachine.java:401)
	at org.apache.hadoop.ozone.container.common.transport.server.ratis.ContainerStateMachine.runCommand(ContainerStateMachine.java:409)
	at org.apache.hadoop.ozone.container.common.transport.server.ratis.ContainerStateMachine.lambda$applyTransaction$6(ContainerStateMachine.java:719)
	at java.util.concurrent.CompletableFuture$AsyncSupply.run(CompletableFuture.java:1590)
	at java.util.concurrent.ThreadPoolExecutor.runWorker(ThreadPoolExecutor.java:1149)
	at java.util.concurrent.ThreadPoolExecutor$Worker.run(ThreadPoolExecutor.java:624)
	at java.lang.Thread.run(Thread.java:748)
2019-10-01 21:22:02,990 [main] INFO  ozone.MiniOzoneClusterImpl (MiniOzoneClusterImpl.java:shutdown(314)) - Shutting down the Mini Ozone Cluster
2019-10-01 21:22:02,991 [main] INFO  ozone.MiniOzoneClusterImpl (MiniOzoneClusterImpl.java:stop(330)) - Stopping the Mini Ozone Cluster
2019-10-01 21:22:02,991 [main] INFO  ozone.MiniOzoneClusterImpl (MiniOzoneClusterImpl.java:stopOM(400)) - Stopping the OzoneManager
2019-10-01 21:22:02,991 [main] INFO  ipc.Server (Server.java:stop(3082)) - Stopping server on 42906
2019-10-01 21:22:03,011 [IPC Server listener on 42906] INFO  ipc.Server (Server.java:run(1185)) - Stopping IPC Server listener on 42906
2019-10-01 21:22:03,013 [main] INFO  ratis.OzoneManagerDoubleBuffer (OzoneManagerDoubleBuffer.java:stop(248)) - Stopping OMDoubleBuffer flush thread
2019-10-01 21:22:03,013 [IPC Server Responder] INFO  ipc.Server (Server.java:run(1319)) - Stopping IPC Server Responder
2019-10-01 21:22:03,021 [OMDoubleBufferFlushThread] INFO  ratis.OzoneManagerDoubleBuffer (OzoneManagerDoubleBuffer.java:flushTransactions(191)) - OMDoubleBuffer flush thread OMDoubleBufferFlushThread is interrupted and will exit. OMDoubleBufferFlushThread
2019-10-01 21:22:03,037 [main] INFO  utils.BackgroundService (BackgroundService.java:shutdown(148)) - Shutting down service KeyDeletingService
2019-10-01 21:22:03,039 [main] INFO  handler.ContextHandler (ContextHandler.java:doStop(910)) - Stopped o.e.j.w.WebAppContext@1e977098{/,null,UNAVAILABLE}{/ozoneManager}
2019-10-01 21:22:03,040 [main] INFO  server.AbstractConnector (AbstractConnector.java:doStop(318)) - Stopped ServerConnector@630390b9{HTTP/1.1,[http/1.1]}{0.0.0.0:0}
2019-10-01 21:22:03,040 [main] INFO  handler.ContextHandler (ContextHandler.java:doStop(910)) - Stopped o.e.j.s.ServletContextHandler@3fd05b3e{/static,file:///workdir/hadoop-ozone/integration-test/target/test-classes/webapps/static,UNAVAILABLE}
2019-10-01 21:22:03,041 [main] INFO  handler.ContextHandler (ContextHandler.java:doStop(910)) - Stopped o.e.j.s.ServletContextHandler@7affc159{/logs,file:///workdir/hadoop-ozone/integration-test/target/log,UNAVAILABLE}
2019-10-01 21:22:03,056 [main] INFO  ozone.MiniOzoneClusterImpl (MiniOzoneClusterImpl.java:stopDatanodes(377)) - Stopping the HddsDatanodes
2019-10-01 21:22:03,126 [Datanode State Machine Thread - 0] INFO  statemachine.DatanodeStateMachine (DatanodeStateMachine.java:lambda$startDaemon$0(350)) - Ozone container server started.
2019-10-01 21:22:03,166 [Datanode State Machine Thread - 0] INFO  statemachine.DatanodeStateMachine (DatanodeStateMachine.java:lambda$startDaemon$0(350)) - Ozone container server started.
2019-10-01 21:22:08,058 [ForkJoinPool.commonPool-worker-0] INFO  ozoneimpl.OzoneContainer (OzoneContainer.java:stop(231)) - Attempting to stop container services.
2019-10-01 21:22:08,058 [main] INFO  ozoneimpl.OzoneContainer (OzoneContainer.java:stop(231)) - Attempting to stop container services.
2019-10-01 21:22:08,059 [ForkJoinPool.commonPool-worker-0] INFO  impl.RaftServerProxy (RaftServerProxy.java:lambda$close$4(314)) - cbfa2b6e-20cc-4371-9247-0e10d1a91862: close
2019-10-01 21:22:08,059 [main] INFO  impl.RaftServerProxy (RaftServerProxy.java:lambda$close$4(314)) - b2c9ba6a-9bd8-402b-8c7d-73b100db3170: close
2019-10-01 21:22:08,059 [ForkJoinPool.commonPool-worker-0] INFO  impl.RaftServerImpl (RaftServerImpl.java:lambda$shutdown$3(251)) - cbfa2b6e-20cc-4371-9247-0e10d1a91862@group-7D479441F0FD: shutdown
2019-10-01 21:22:08,060 [main] INFO  impl.RaftServerImpl (RaftServerImpl.java:lambda$shutdown$3(251)) - b2c9ba6a-9bd8-402b-8c7d-73b100db3170@group-3642F8AF86ED: shutdown
2019-10-01 21:22:08,060 [ForkJoinPool.commonPool-worker-0] INFO  util.JmxRegister (JmxRegister.java:unregister(73)) - Successfully un-registered JMX Bean with object name Ratis:service=RaftServer,group=group-7D479441F0FD,id=cbfa2b6e-20cc-4371-9247-0e10d1a91862
2019-10-01 21:22:08,060 [main] INFO  util.JmxRegister (JmxRegister.java:unregister(73)) - Successfully un-registered JMX Bean with object name Ratis:service=RaftServer,group=group-3642F8AF86ED,id=b2c9ba6a-9bd8-402b-8c7d-73b100db3170
2019-10-01 21:22:08,061 [ForkJoinPool.commonPool-worker-0] INFO  impl.RoleInfo (RoleInfo.java:shutdownFollowerState(121)) - cbfa2b6e-20cc-4371-9247-0e10d1a91862: shutdown FollowerState
2019-10-01 21:22:08,061 [main] INFO  impl.RoleInfo (RoleInfo.java:shutdownLeaderState(104)) - b2c9ba6a-9bd8-402b-8c7d-73b100db3170: shutdown LeaderState
2019-10-01 21:22:08,061 [Thread-764] INFO  impl.FollowerState (FollowerState.java:run(115)) - cbfa2b6e-20cc-4371-9247-0e10d1a91862: FollowerState was interrupted: java.lang.InterruptedException: sleep interrupted
2019-10-01 21:22:08,061 [ForkJoinPool.commonPool-worker-0] INFO  impl.StateMachineUpdater (StateMachineUpdater.java:stopAndJoin(125)) - cbfa2b6e-20cc-4371-9247-0e10d1a91862@group-7D479441F0FD-StateMachineUpdater: set stopIndex = 0
2019-10-01 21:22:08,061 [main] INFO  impl.PendingRequests (PendingRequests.java:sendNotLeaderResponses(202)) - b2c9ba6a-9bd8-402b-8c7d-73b100db3170-PendingRequests: sendNotLeaderResponses
2019-10-01 21:22:08,064 [ForkJoinPool.commonPool-worker-0] INFO  impl.RaftServerImpl (ServerState.java:close(385)) - cbfa2b6e-20cc-4371-9247-0e10d1a91862@group-7D479441F0FD: closes. applyIndex: 0
2019-10-01 21:22:08,065 [main] INFO  impl.StateMachineUpdater (StateMachineUpdater.java:stopAndJoin(125)) - b2c9ba6a-9bd8-402b-8c7d-73b100db3170@group-3642F8AF86ED-StateMachineUpdater: set stopIndex = 0
2019-10-01 21:22:08,066 [cbfa2b6e-20cc-4371-9247-0e10d1a91862@group-7D479441F0FD-SegmentedRaftLogWorker] INFO  segmented.SegmentedRaftLogWorker (SegmentedRaftLogWorker.java:run(313)) - cbfa2b6e-20cc-4371-9247-0e10d1a91862@group-7D479441F0FD-SegmentedRaftLogWorker was interrupted, exiting. There are 0 tasks remaining in the queue.
2019-10-01 21:22:08,066 [main] INFO  impl.RaftServerImpl (ServerState.java:close(385)) - b2c9ba6a-9bd8-402b-8c7d-73b100db3170@group-3642F8AF86ED: closes. applyIndex: 0
2019-10-01 21:22:08,069 [ForkJoinPool.commonPool-worker-0] INFO  segmented.SegmentedRaftLogWorker (SegmentedRaftLogWorker.java:close(228)) - cbfa2b6e-20cc-4371-9247-0e10d1a91862@group-7D479441F0FD-SegmentedRaftLogWorker close()
2019-10-01 21:22:08,069 [b2c9ba6a-9bd8-402b-8c7d-73b100db3170@group-3642F8AF86ED-SegmentedRaftLogWorker] INFO  segmented.SegmentedRaftLogWorker (SegmentedRaftLogWorker.java:run(313)) - b2c9ba6a-9bd8-402b-8c7d-73b100db3170@group-3642F8AF86ED-SegmentedRaftLogWorker was interrupted, exiting. There are 0 tasks remaining in the queue.
2019-10-01 21:22:08,073 [ForkJoinPool.commonPool-worker-0] INFO  impl.RaftServerImpl (RaftServerImpl.java:lambda$shutdown$3(251)) - cbfa2b6e-20cc-4371-9247-0e10d1a91862@group-B3A71ABDDB47: shutdown
2019-10-01 21:22:08,076 [ForkJoinPool.commonPool-worker-0] INFO  util.JmxRegister (JmxRegister.java:unregister(73)) - Successfully un-registered JMX Bean with object name Ratis:service=RaftServer,group=group-B3A71ABDDB47,id=cbfa2b6e-20cc-4371-9247-0e10d1a91862
2019-10-01 21:22:08,076 [ForkJoinPool.commonPool-worker-0] INFO  impl.RoleInfo (RoleInfo.java:shutdownLeaderState(104)) - cbfa2b6e-20cc-4371-9247-0e10d1a91862: shutdown LeaderState
2019-10-01 21:22:08,076 [ForkJoinPool.commonPool-worker-0] INFO  impl.PendingRequests (PendingRequests.java:sendNotLeaderResponses(202)) - cbfa2b6e-20cc-4371-9247-0e10d1a91862-PendingRequests: sendNotLeaderResponses
2019-10-01 21:22:08,077 [ForkJoinPool.commonPool-worker-0] INFO  impl.StateMachineUpdater (StateMachineUpdater.java:stopAndJoin(125)) - cbfa2b6e-20cc-4371-9247-0e10d1a91862@group-B3A71ABDDB47-StateMachineUpdater: set stopIndex = 0
2019-10-01 21:22:08,077 [ForkJoinPool.commonPool-worker-0] INFO  impl.RaftServerImpl (ServerState.java:close(385)) - cbfa2b6e-20cc-4371-9247-0e10d1a91862@group-B3A71ABDDB47: closes. applyIndex: 0
2019-10-01 21:22:08,077 [cbfa2b6e-20cc-4371-9247-0e10d1a91862@group-B3A71ABDDB47-SegmentedRaftLogWorker] INFO  segmented.SegmentedRaftLogWorker (SegmentedRaftLogWorker.java:run(313)) - cbfa2b6e-20cc-4371-9247-0e10d1a91862@group-B3A71ABDDB47-SegmentedRaftLogWorker was interrupted, exiting. There are 0 tasks remaining in the queue.
2019-10-01 21:22:08,079 [ForkJoinPool.commonPool-worker-0] INFO  segmented.SegmentedRaftLogWorker (SegmentedRaftLogWorker.java:close(228)) - cbfa2b6e-20cc-4371-9247-0e10d1a91862@group-B3A71ABDDB47-SegmentedRaftLogWorker close()
2019-10-01 21:22:08,079 [main] INFO  segmented.SegmentedRaftLogWorker (SegmentedRaftLogWorker.java:close(228)) - b2c9ba6a-9bd8-402b-8c7d-73b100db3170@group-3642F8AF86ED-SegmentedRaftLogWorker close()
2019-10-01 21:22:08,084 [ForkJoinPool.commonPool-worker-0] INFO  server.GrpcService (GrpcService.java:closeImpl(164)) - cbfa2b6e-20cc-4371-9247-0e10d1a91862: shutdown server with port 37800 now
2019-10-01 21:22:08,088 [main] INFO  impl.RaftServerImpl (RaftServerImpl.java:lambda$shutdown$3(251)) - b2c9ba6a-9bd8-402b-8c7d-73b100db3170@group-734A4A51BB22: shutdown
2019-10-01 21:22:08,088 [main] INFO  util.JmxRegister (JmxRegister.java:unregister(73)) - Successfully un-registered JMX Bean with object name Ratis:service=RaftServer,group=group-734A4A51BB22,id=b2c9ba6a-9bd8-402b-8c7d-73b100db3170
2019-10-01 21:22:08,089 [main] INFO  impl.RoleInfo (RoleInfo.java:shutdownLeaderState(104)) - b2c9ba6a-9bd8-402b-8c7d-73b100db3170: shutdown LeaderState
2019-10-01 21:22:08,093 [main] INFO  impl.PendingRequests (PendingRequests.java:sendNotLeaderResponses(202)) - b2c9ba6a-9bd8-402b-8c7d-73b100db3170-PendingRequests: sendNotLeaderResponses
2019-10-01 21:22:08,093 [ForkJoinPool.commonPool-worker-0] INFO  server.GrpcService (GrpcService.java:closeImpl(172)) - cbfa2b6e-20cc-4371-9247-0e10d1a91862: shutdown server with port 37800 successfully
2019-10-01 21:22:08,097 [b2c9ba6a-9bd8-402b-8c7d-73b100db3170@group-734A4A51BB22-StateMachineUpdater] INFO  ratis.ContainerStateMachine (ContainerStateMachine.java:takeSnapshot(289)) - group-734A4A51BB22: Taking a snapshot at:(t:2, i:6) file /workdir/hadoop-ozone/integration-test/target/test-dir/MiniOzoneClusterImpl-de3107aa-fdfe-498c-bc41-a98c7d3f2bf4/datanode-4/data/ratis/db0c5304-89db-41f3-849d-734a4a51bb22/sm/snapshot.2_6
2019-10-01 21:22:08,097 [grpc-default-executor-4] WARN  server.GrpcLogAppender (LogUtils.java:warn(134)) - f9fd6070-3485-43a1-95a7-7a476b3e7642@group-7D479441F0FD->cbfa2b6e-20cc-4371-9247-0e10d1a91862-AppendLogResponseHandler: Failed appendEntries: org.apache.ratis.thirdparty.io.grpc.StatusRuntimeException: CANCELLED: HTTP/2 error code: CANCEL
Received Rst Stream
2019-10-01 21:22:08,097 [main] INFO  impl.StateMachineUpdater (StateMachineUpdater.java:stopAndJoin(125)) - b2c9ba6a-9bd8-402b-8c7d-73b100db3170@group-734A4A51BB22-StateMachineUpdater: set stopIndex = 8
2019-10-01 21:22:08,093 [grpc-default-executor-2] WARN  server.GrpcServerProtocolService (LogUtils.java:warn(134)) - cbfa2b6e-20cc-4371-9247-0e10d1a91862: installSnapshot onError, lastRequest: f9fd6070-3485-43a1-95a7-7a476b3e7642->cbfa2b6e-20cc-4371-9247-0e10d1a91862#41-t1, previous=(t:1, i:0), leaderCommit=0, initializing? false, entries: <empty>: org.apache.ratis.thirdparty.io.grpc.StatusRuntimeException: CANCELLED: cancelled before receiving half close
2019-10-01 21:22:08,093 [org.apache.ratis.server.impl.LogAppender$AppenderDaemon$$Lambda$484/802450792@215aa78b] WARN  server.GrpcLogAppender (GrpcLogAppender.java:mayWait(143)) - b2c9ba6a-9bd8-402b-8c7d-73b100db3170@group-734A4A51BB22->7240ac6f-0c5d-4826-acb2-f29a34e53932-GrpcLogAppender: Wait interrupted by java.lang.InterruptedException
2019-10-01 21:22:08,093 [org.apache.ratis.server.impl.LogAppender$AppenderDaemon$$Lambda$484/802450792@4d669d5a] WARN  server.GrpcLogAppender (GrpcLogAppender.java:mayWait(143)) - b2c9ba6a-9bd8-402b-8c7d-73b100db3170@group-734A4A51BB22->02e284fd-040a-4e6e-a977-f8bb7b31abf7-GrpcLogAppender: Wait interrupted by java.lang.InterruptedException
2019-10-01 21:22:08,098 [refreshUsed-/workdir/hadoop-ozone/integration-test/target/test-dir/MiniOzoneClusterImpl-de3107aa-fdfe-498c-bc41-a98c7d3f2bf4/datanode-1/data/containers] WARN  fs.CachingGetSpaceUsed (CachingGetSpaceUsed.java:run(183)) - Thread Interrupted waiting to refresh disk information: sleep interrupted
2019-10-01 21:22:08,098 [grpc-default-executor-4] INFO  impl.FollowerInfo (FollowerInfo.java:lambda$new$0(51)) - f9fd6070-3485-43a1-95a7-7a476b3e7642@group-7D479441F0FD->cbfa2b6e-20cc-4371-9247-0e10d1a91862: nextIndex: updateUnconditionally 1 -> 0
2019-10-01 21:22:08,099 [grpc-default-executor-4] INFO  server.GrpcServerProtocolService (GrpcServerProtocolService.java:onCompleted(113)) - 02e284fd-040a-4e6e-a977-f8bb7b31abf7: Completed APPEND_ENTRIES, lastRequest: b2c9ba6a-9bd8-402b-8c7d-73b100db3170->02e284fd-040a-4e6e-a977-f8bb7b31abf7#47-t2, previous=(t:2, i:8), leaderCommit=8, initializing? false, entries: <empty>
2019-10-01 21:22:08,099 [grpc-default-executor-5] INFO  server.GrpcServerProtocolService (GrpcServerProtocolService.java:onCompleted(113)) - 7240ac6f-0c5d-4826-acb2-f29a34e53932: Completed APPEND_ENTRIES, lastRequest: b2c9ba6a-9bd8-402b-8c7d-73b100db3170->7240ac6f-0c5d-4826-acb2-f29a34e53932#47-t2, previous=(t:2, i:8), leaderCommit=8, initializing? false, entries: <empty>
2019-10-01 21:22:08,100 [grpc-default-executor-4] INFO  server.GrpcLogAppender (GrpcLogAppender.java:onCompleted(293)) - b2c9ba6a-9bd8-402b-8c7d-73b100db3170@group-734A4A51BB22->02e284fd-040a-4e6e-a977-f8bb7b31abf7-AppendLogResponseHandler: follower responses appendEntries COMPLETED
2019-10-01 21:22:08,100 [grpc-default-executor-5] INFO  server.GrpcLogAppender (GrpcLogAppender.java:onCompleted(293)) - b2c9ba6a-9bd8-402b-8c7d-73b100db3170@group-734A4A51BB22->7240ac6f-0c5d-4826-acb2-f29a34e53932-AppendLogResponseHandler: follower responses appendEntries COMPLETED
2019-10-01 21:22:08,101 [grpc-default-executor-4] INFO  impl.FollowerInfo (FollowerInfo.java:lambda$new$0(51)) - b2c9ba6a-9bd8-402b-8c7d-73b100db3170@group-734A4A51BB22->02e284fd-040a-4e6e-a977-f8bb7b31abf7: nextIndex: updateUnconditionally 9 -> 8
2019-10-01 21:22:08,101 [grpc-default-executor-5] INFO  impl.FollowerInfo (FollowerInfo.java:lambda$new$0(51)) - b2c9ba6a-9bd8-402b-8c7d-73b100db3170@group-734A4A51BB22->7240ac6f-0c5d-4826-acb2-f29a34e53932: nextIndex: updateUnconditionally 9 -> 8
2019-10-01 21:22:08,111 [b2c9ba6a-9bd8-402b-8c7d-73b100db3170@group-734A4A51BB22-StateMachineUpdater] INFO  ratis.ContainerStateMachine (ContainerStateMachine.java:takeSnapshot(300)) - group-734A4A51BB22: Finished taking a snapshot at:(t:2, i:6) file:/workdir/hadoop-ozone/integration-test/target/test-dir/MiniOzoneClusterImpl-de3107aa-fdfe-498c-bc41-a98c7d3f2bf4/datanode-4/data/ratis/db0c5304-89db-41f3-849d-734a4a51bb22/sm/snapshot.2_6 time:14
2019-10-01 21:22:08,111 [b2c9ba6a-9bd8-402b-8c7d-73b100db3170@group-734A4A51BB22-StateMachineUpdater] INFO  impl.StateMachineUpdater (StateMachineUpdater.java:takeSnapshot(258)) - b2c9ba6a-9bd8-402b-8c7d-73b100db3170@group-734A4A51BB22-StateMachineUpdater: Took a snapshot at index 6
2019-10-01 21:22:08,111 [b2c9ba6a-9bd8-402b-8c7d-73b100db3170@group-734A4A51BB22-StateMachineUpdater] INFO  impl.StateMachineUpdater (StateMachineUpdater.java:lambda$new$0(83)) - b2c9ba6a-9bd8-402b-8c7d-73b100db3170@group-734A4A51BB22-StateMachineUpdater: snapshotIndex: updateIncreasingly -1 -> 6
2019-10-01 21:22:08,112 [b2c9ba6a-9bd8-402b-8c7d-73b100db3170@group-734A4A51BB22-StateMachineUpdater] INFO  ratis.ContainerStateMachine (ContainerStateMachine.java:takeSnapshot(289)) - group-734A4A51BB22: Taking a snapshot at:(t:2, i:6) file /workdir/hadoop-ozone/integration-test/target/test-dir/MiniOzoneClusterImpl-de3107aa-fdfe-498c-bc41-a98c7d3f2bf4/datanode-4/data/ratis/db0c5304-89db-41f3-849d-734a4a51bb22/sm/snapshot.2_6
2019-10-01 21:22:08,115 [ForkJoinPool.commonPool-worker-0] INFO  utils.BackgroundService (BackgroundService.java:shutdown(148)) - Shutting down service BlockDeletingService
2019-10-01 21:22:08,122 [ForkJoinPool.commonPool-worker-0] INFO  statemachine.DatanodeStateMachine (DatanodeStateMachine.java:stopDaemon(395)) - Ozone container server stopped.
2019-10-01 21:22:08,124 [b2c9ba6a-9bd8-402b-8c7d-73b100db3170@group-734A4A51BB22-StateMachineUpdater] INFO  ratis.ContainerStateMachine (ContainerStateMachine.java:takeSnapshot(300)) - group-734A4A51BB22: Finished taking a snapshot at:(t:2, i:6) file:/workdir/hadoop-ozone/integration-test/target/test-dir/MiniOzoneClusterImpl-de3107aa-fdfe-498c-bc41-a98c7d3f2bf4/datanode-4/data/ratis/db0c5304-89db-41f3-849d-734a4a51bb22/sm/snapshot.2_6 time:13
2019-10-01 21:22:08,124 [b2c9ba6a-9bd8-402b-8c7d-73b100db3170@group-734A4A51BB22-StateMachineUpdater] INFO  impl.StateMachineUpdater (StateMachineUpdater.java:takeSnapshot(258)) - b2c9ba6a-9bd8-402b-8c7d-73b100db3170@group-734A4A51BB22-StateMachineUpdater: Took a snapshot at index 6
2019-10-01 21:22:08,126 [b2c9ba6a-9bd8-402b-8c7d-73b100db3170@group-734A4A51BB22-StateMachineUpdater] INFO  impl.StateMachineUpdater (StateMachineUpdater.java:lambda$new$0(83)) - b2c9ba6a-9bd8-402b-8c7d-73b100db3170@group-734A4A51BB22-StateMachineUpdater: snapshotIndex: updateIncreasingly 6 -> 6
2019-10-01 21:22:08,126 [main] INFO  impl.RaftServerImpl (ServerState.java:close(385)) - b2c9ba6a-9bd8-402b-8c7d-73b100db3170@group-734A4A51BB22: closes. applyIndex: 8
2019-10-01 21:22:08,127 [b2c9ba6a-9bd8-402b-8c7d-73b100db3170@group-734A4A51BB22-SegmentedRaftLogWorker] INFO  segmented.SegmentedRaftLogWorker (SegmentedRaftLogWorker.java:run(313)) - b2c9ba6a-9bd8-402b-8c7d-73b100db3170@group-734A4A51BB22-SegmentedRaftLogWorker was interrupted, exiting. There are 0 tasks remaining in the queue.
2019-10-01 21:22:08,128 [main] INFO  segmented.SegmentedRaftLogWorker (SegmentedRaftLogWorker.java:close(228)) - b2c9ba6a-9bd8-402b-8c7d-73b100db3170@group-734A4A51BB22-SegmentedRaftLogWorker close()
2019-10-01 21:22:08,138 [main] INFO  server.GrpcService (GrpcService.java:closeImpl(164)) - b2c9ba6a-9bd8-402b-8c7d-73b100db3170: shutdown server with port 42652 now
2019-10-01 21:22:08,138 [ForkJoinPool.commonPool-worker-0] INFO  handler.ContextHandler (ContextHandler.java:doStop(910)) - Stopped o.e.j.w.WebAppContext@58253c57{/,null,UNAVAILABLE}{/hddsDatanode}
2019-10-01 21:22:08,139 [main] INFO  server.GrpcService (GrpcService.java:closeImpl(172)) - b2c9ba6a-9bd8-402b-8c7d-73b100db3170: shutdown server with port 42652 successfully
2019-10-01 21:22:08,140 [ForkJoinPool.commonPool-worker-0] INFO  server.AbstractConnector (AbstractConnector.java:doStop(318)) - Stopped ServerConnector@b73433{HTTP/1.1,[http/1.1]}{0.0.0.0:0}
2019-10-01 21:22:08,141 [ForkJoinPool.commonPool-worker-0] INFO  handler.ContextHandler (ContextHandler.java:doStop(910)) - Stopped o.e.j.s.ServletContextHandler@748ac6f3{/static,jar:file:/home/user/.m2/repository/org/apache/hadoop/hadoop-hdds-container-service/0.5.0-SNAPSHOT/hadoop-hdds-container-service-0.5.0-SNAPSHOT.jar!/webapps/static,UNAVAILABLE}
2019-10-01 21:22:08,143 [ForkJoinPool.commonPool-worker-0] INFO  handler.ContextHandler (ContextHandler.java:doStop(910)) - Stopped o.e.j.s.ServletContextHandler@650c405c{/logs,file:///workdir/hadoop-ozone/integration-test/target/log,UNAVAILABLE}
2019-10-01 21:22:08,143 [refreshUsed-/workdir/hadoop-ozone/integration-test/target/test-dir/MiniOzoneClusterImpl-de3107aa-fdfe-498c-bc41-a98c7d3f2bf4/datanode-4/data/containers] WARN  fs.CachingGetSpaceUsed (CachingGetSpaceUsed.java:run(183)) - Thread Interrupted waiting to refresh disk information: sleep interrupted
2019-10-01 21:22:08,154 [main] INFO  utils.BackgroundService (BackgroundService.java:shutdown(148)) - Shutting down service BlockDeletingService
2019-10-01 21:22:08,159 [main] INFO  statemachine.DatanodeStateMachine (DatanodeStateMachine.java:stopDaemon(395)) - Ozone container server stopped.
2019-10-01 21:22:08,159 [main] INFO  handler.ContextHandler (ContextHandler.java:doStop(910)) - Stopped o.e.j.w.WebAppContext@9c73fff{/,null,UNAVAILABLE}{/hddsDatanode}
2019-10-01 21:22:08,160 [main] INFO  server.AbstractConnector (AbstractConnector.java:doStop(318)) - Stopped ServerConnector@71cea1b8{HTTP/1.1,[http/1.1]}{0.0.0.0:0}
2019-10-01 21:22:08,160 [main] INFO  handler.ContextHandler (ContextHandler.java:doStop(910)) - Stopped o.e.j.s.ServletContextHandler@40ac6b76{/static,jar:file:/home/user/.m2/repository/org/apache/hadoop/hadoop-hdds-container-service/0.5.0-SNAPSHOT/hadoop-hdds-container-service-0.5.0-SNAPSHOT.jar!/webapps/static,UNAVAILABLE}
2019-10-01 21:22:08,161 [main] INFO  handler.ContextHandler (ContextHandler.java:doStop(910)) - Stopped o.e.j.s.ServletContextHandler@4887de2b{/logs,file:///workdir/hadoop-ozone/integration-test/target/log,UNAVAILABLE}
2019-10-01 21:22:08,184 [Datanode State Machine Thread - 0] INFO  statemachine.DatanodeStateMachine (DatanodeStateMachine.java:lambda$startDaemon$0(350)) - Ozone container server started.
2019-10-01 21:22:08,250 [Datanode State Machine Thread - 0] INFO  statemachine.DatanodeStateMachine (DatanodeStateMachine.java:lambda$startDaemon$0(350)) - Ozone container server started.
2019-10-01 21:22:08,380 [grpc-default-executor-2] WARN  server.GrpcLogAppender (LogUtils.java:warn(134)) - f9fd6070-3485-43a1-95a7-7a476b3e7642@group-7D479441F0FD->cbfa2b6e-20cc-4371-9247-0e10d1a91862-AppendLogResponseHandler: Failed appendEntries: org.apache.ratis.thirdparty.io.grpc.StatusRuntimeException: UNAVAILABLE: io exception
2019-10-01 21:22:08,381 [grpc-default-executor-2] INFO  impl.FollowerInfo (FollowerInfo.java:lambda$new$0(51)) - f9fd6070-3485-43a1-95a7-7a476b3e7642@group-7D479441F0FD->cbfa2b6e-20cc-4371-9247-0e10d1a91862: nextIndex: updateUnconditionally 0 -> 0
2019-10-01 21:22:10,883 [grpc-default-executor-4] WARN  server.GrpcLogAppender (LogUtils.java:warn(134)) - f9fd6070-3485-43a1-95a7-7a476b3e7642@group-7D479441F0FD->cbfa2b6e-20cc-4371-9247-0e10d1a91862-AppendLogResponseHandler: Failed appendEntries: org.apache.ratis.thirdparty.io.grpc.StatusRuntimeException: UNAVAILABLE: io exception
2019-10-01 21:22:10,884 [grpc-default-executor-4] INFO  impl.FollowerInfo (FollowerInfo.java:lambda$new$0(51)) - f9fd6070-3485-43a1-95a7-7a476b3e7642@group-7D479441F0FD->cbfa2b6e-20cc-4371-9247-0e10d1a91862: nextIndex: updateUnconditionally 0 -> 0
2019-10-01 21:22:12,657 [Thread-811] INFO  impl.FollowerState (FollowerState.java:run(106)) - 02e284fd-040a-4e6e-a977-f8bb7b31abf7:group-734A4A51BB22 changes to CANDIDATE, lastRpcTime:6369, electionTimeout:5155ms
2019-10-01 21:22:12,657 [Thread-811] INFO  impl.RoleInfo (RoleInfo.java:shutdownFollowerState(121)) - 02e284fd-040a-4e6e-a977-f8bb7b31abf7: shutdown FollowerState
2019-10-01 21:22:12,657 [Thread-811] INFO  impl.RaftServerImpl (RaftServerImpl.java:setRole(174)) - 02e284fd-040a-4e6e-a977-f8bb7b31abf7@group-734A4A51BB22: changes role from  FOLLOWER to CANDIDATE at term 2 for changeToCandidate
2019-10-01 21:22:12,658 [Thread-811] INFO  impl.RoleInfo (RoleInfo.java:updateAndGet(143)) - 02e284fd-040a-4e6e-a977-f8bb7b31abf7: start LeaderElection
2019-10-01 21:22:12,665 [02e284fd-040a-4e6e-a977-f8bb7b31abf7@group-734A4A51BB22:LeaderElection28] INFO  impl.RaftServerImpl (ServerState.java:setLeader(253)) - 02e284fd-040a-4e6e-a977-f8bb7b31abf7@group-734A4A51BB22: change Leader from b2c9ba6a-9bd8-402b-8c7d-73b100db3170 to null at term 2 for initElection
2019-10-01 21:22:12,680 [02e284fd-040a-4e6e-a977-f8bb7b31abf7@group-734A4A51BB22:LeaderElection28] INFO  impl.LeaderElection (LeaderElection.java:askForVotes(182)) - 02e284fd-040a-4e6e-a977-f8bb7b31abf7@group-734A4A51BB22:LeaderElection28: begin an election at term 3 for 0: [7240ac6f-0c5d-4826-acb2-f29a34e53932:192.168.151.69:34236, 02e284fd-040a-4e6e-a977-f8bb7b31abf7:192.168.151.69:39276, b2c9ba6a-9bd8-402b-8c7d-73b100db3170:192.168.151.69:42652], old=null
2019-10-01 21:22:12,686 [grpc-default-executor-4] INFO  impl.RaftServerImpl (ServerState.java:setLeader(253)) - 7240ac6f-0c5d-4826-acb2-f29a34e53932@group-734A4A51BB22: change Leader from b2c9ba6a-9bd8-402b-8c7d-73b100db3170 to null at term 3 for updateCurrentTerm
2019-10-01 21:22:12,686 [grpc-default-executor-4] INFO  impl.RaftServerImpl (RaftServerImpl.java:setRole(174)) - 7240ac6f-0c5d-4826-acb2-f29a34e53932@group-734A4A51BB22: changes role from  FOLLOWER to FOLLOWER at term 3 for recognizeCandidate:02e284fd-040a-4e6e-a977-f8bb7b31abf7
2019-10-01 21:22:12,686 [grpc-default-executor-4] INFO  impl.RoleInfo (RoleInfo.java:shutdownFollowerState(121)) - 7240ac6f-0c5d-4826-acb2-f29a34e53932: shutdown FollowerState
2019-10-01 21:22:12,687 [02e284fd-040a-4e6e-a977-f8bb7b31abf7@group-734A4A51BB22:LeaderElection28] INFO  impl.LeaderElection (LogUtils.java:infoOrTrace(149)) - 02e284fd-040a-4e6e-a977-f8bb7b31abf7@group-734A4A51BB22:LeaderElection28 got exception when requesting votes: {}
java.util.concurrent.ExecutionException: org.apache.ratis.thirdparty.io.grpc.StatusRuntimeException: UNAVAILABLE: io exception
	at java.util.concurrent.FutureTask.report(FutureTask.java:122)
	at java.util.concurrent.FutureTask.get(FutureTask.java:192)
	at org.apache.ratis.server.impl.LeaderElection.waitForResults(LeaderElection.java:263)
	at org.apache.ratis.server.impl.LeaderElection.askForVotes(LeaderElection.java:201)
	at org.apache.ratis.server.impl.LeaderElection.run(LeaderElection.java:133)
	at java.lang.Thread.run(Thread.java:748)
Caused by: org.apache.ratis.thirdparty.io.grpc.StatusRuntimeException: UNAVAILABLE: io exception
	at org.apache.ratis.thirdparty.io.grpc.stub.ClientCalls.toStatusRuntimeException(ClientCalls.java:233)
	at org.apache.ratis.thirdparty.io.grpc.stub.ClientCalls.getUnchecked(ClientCalls.java:214)
	at org.apache.ratis.thirdparty.io.grpc.stub.ClientCalls.blockingUnaryCall(ClientCalls.java:139)
	at org.apache.ratis.proto.grpc.RaftServerProtocolServiceGrpc$RaftServerProtocolServiceBlockingStub.requestVote(RaftServerProtocolServiceGrpc.java:265)
	at org.apache.ratis.grpc.server.GrpcServerProtocolClient.requestVote(GrpcServerProtocolClient.java:90)
	at org.apache.ratis.grpc.server.GrpcService.requestVote(GrpcService.java:204)
	at org.apache.ratis.server.impl.LeaderElection.lambda$submitRequests$1(LeaderElection.java:238)
	at java.util.concurrent.FutureTask.run(FutureTask.java:266)
	at java.util.concurrent.Executors$RunnableAdapter.call(Executors.java:511)
	at java.util.concurrent.FutureTask.run(FutureTask.java:266)
	at java.util.concurrent.ThreadPoolExecutor.runWorker(ThreadPoolExecutor.java:1149)
	at java.util.concurrent.ThreadPoolExecutor$Worker.run(ThreadPoolExecutor.java:624)
	... 1 more
Caused by: org.apache.ratis.thirdparty.io.netty.channel.AbstractChannel$AnnotatedConnectException: Connection refused: /192.168.151.69:42652
	at sun.nio.ch.SocketChannelImpl.checkConnect(Native Method)
	at sun.nio.ch.SocketChannelImpl.finishConnect(SocketChannelImpl.java:717)
	at org.apache.ratis.thirdparty.io.netty.channel.socket.nio.NioSocketChannel.doFinishConnect(NioSocketChannel.java:327)
	at org.apache.ratis.thirdparty.io.netty.channel.nio.AbstractNioChannel$AbstractNioUnsafe.finishConnect(AbstractNioChannel.java:340)
	at org.apache.ratis.thirdparty.io.netty.channel.nio.NioEventLoop.processSelectedKey(NioEventLoop.java:632)
	at org.apache.ratis.thirdparty.io.netty.channel.nio.NioEventLoop.processSelectedKeysOptimized(NioEventLoop.java:579)
	at org.apache.ratis.thirdparty.io.netty.channel.nio.NioEventLoop.processSelectedKeys(NioEventLoop.java:496)
	at org.apache.ratis.thirdparty.io.netty.channel.nio.NioEventLoop.run(NioEventLoop.java:458)
	at org.apache.ratis.thirdparty.io.netty.util.concurrent.SingleThreadEventExecutor$5.run(SingleThreadEventExecutor.java:897)
	at org.apache.ratis.thirdparty.io.netty.util.concurrent.FastThreadLocalRunnable.run(FastThreadLocalRunnable.java:30)
	... 1 more
Caused by: java.net.ConnectException: Connection refused
	... 11 more
2019-10-01 21:22:12,687 [Thread-810] INFO  impl.FollowerState (FollowerState.java:run(115)) - 7240ac6f-0c5d-4826-acb2-f29a34e53932: FollowerState was interrupted: java.lang.InterruptedException: sleep interrupted
2019-10-01 21:22:12,687 [grpc-default-executor-4] INFO  impl.RoleInfo (RoleInfo.java:updateAndGet(143)) - 7240ac6f-0c5d-4826-acb2-f29a34e53932: start FollowerState
2019-10-01 21:22:12,706 [02e284fd-040a-4e6e-a977-f8bb7b31abf7@group-734A4A51BB22:LeaderElection28] INFO  impl.LeaderElection (LeaderElection.java:logAndReturn(56)) - 02e284fd-040a-4e6e-a977-f8bb7b31abf7@group-734A4A51BB22:LeaderElection28: Election PASSED; received 1 response(s) [02e284fd-040a-4e6e-a977-f8bb7b31abf7<-7240ac6f-0c5d-4826-acb2-f29a34e53932#0:OK-t3] and 1 exception(s); 02e284fd-040a-4e6e-a977-f8bb7b31abf7@group-734A4A51BB22:t3, leader=null, voted=02e284fd-040a-4e6e-a977-f8bb7b31abf7, raftlog=02e284fd-040a-4e6e-a977-f8bb7b31abf7@group-734A4A51BB22-SegmentedRaftLog:OPENED:c8,f8,i8, conf=0: [7240ac6f-0c5d-4826-acb2-f29a34e53932:192.168.151.69:34236, 02e284fd-040a-4e6e-a977-f8bb7b31abf7:192.168.151.69:39276, b2c9ba6a-9bd8-402b-8c7d-73b100db3170:192.168.151.69:42652], old=null
2019-10-01 21:22:12,706 [02e284fd-040a-4e6e-a977-f8bb7b31abf7@group-734A4A51BB22:LeaderElection28] INFO  impl.LeaderElection (LogUtils.java:infoOrTrace(149)) -   Exception 0: {}
java.util.concurrent.ExecutionException: org.apache.ratis.thirdparty.io.grpc.StatusRuntimeException: UNAVAILABLE: io exception
	at java.util.concurrent.FutureTask.report(FutureTask.java:122)
	at java.util.concurrent.FutureTask.get(FutureTask.java:192)
	at org.apache.ratis.server.impl.LeaderElection.waitForResults(LeaderElection.java:263)
	at org.apache.ratis.server.impl.LeaderElection.askForVotes(LeaderElection.java:201)
	at org.apache.ratis.server.impl.LeaderElection.run(LeaderElection.java:133)
	at java.lang.Thread.run(Thread.java:748)
Caused by: org.apache.ratis.thirdparty.io.grpc.StatusRuntimeException: UNAVAILABLE: io exception
	at org.apache.ratis.thirdparty.io.grpc.stub.ClientCalls.toStatusRuntimeException(ClientCalls.java:233)
	at org.apache.ratis.thirdparty.io.grpc.stub.ClientCalls.getUnchecked(ClientCalls.java:214)
	at org.apache.ratis.thirdparty.io.grpc.stub.ClientCalls.blockingUnaryCall(ClientCalls.java:139)
	at org.apache.ratis.proto.grpc.RaftServerProtocolServiceGrpc$RaftServerProtocolServiceBlockingStub.requestVote(RaftServerProtocolServiceGrpc.java:265)
	at org.apache.ratis.grpc.server.GrpcServerProtocolClient.requestVote(GrpcServerProtocolClient.java:90)
	at org.apache.ratis.grpc.server.GrpcService.requestVote(GrpcService.java:204)
	at org.apache.ratis.server.impl.LeaderElection.lambda$submitRequests$1(LeaderElection.java:238)
	at java.util.concurrent.FutureTask.run(FutureTask.java:266)
	at java.util.concurrent.Executors$RunnableAdapter.call(Executors.java:511)
	at java.util.concurrent.FutureTask.run(FutureTask.java:266)
	at java.util.concurrent.ThreadPoolExecutor.runWorker(ThreadPoolExecutor.java:1149)
	at java.util.concurrent.ThreadPoolExecutor$Worker.run(ThreadPoolExecutor.java:624)
	... 1 more
Caused by: org.apache.ratis.thirdparty.io.netty.channel.AbstractChannel$AnnotatedConnectException: Connection refused: /192.168.151.69:42652
	at sun.nio.ch.SocketChannelImpl.checkConnect(Native Method)
	at sun.nio.ch.SocketChannelImpl.finishConnect(SocketChannelImpl.java:717)
	at org.apache.ratis.thirdparty.io.netty.channel.socket.nio.NioSocketChannel.doFinishConnect(NioSocketChannel.java:327)
	at org.apache.ratis.thirdparty.io.netty.channel.nio.AbstractNioChannel$AbstractNioUnsafe.finishConnect(AbstractNioChannel.java:340)
	at org.apache.ratis.thirdparty.io.netty.channel.nio.NioEventLoop.processSelectedKey(NioEventLoop.java:632)
	at org.apache.ratis.thirdparty.io.netty.channel.nio.NioEventLoop.processSelectedKeysOptimized(NioEventLoop.java:579)
	at org.apache.ratis.thirdparty.io.netty.channel.nio.NioEventLoop.processSelectedKeys(NioEventLoop.java:496)
	at org.apache.ratis.thirdparty.io.netty.channel.nio.NioEventLoop.run(NioEventLoop.java:458)
	at org.apache.ratis.thirdparty.io.netty.util.concurrent.SingleThreadEventExecutor$5.run(SingleThreadEventExecutor.java:897)
	at org.apache.ratis.thirdparty.io.netty.util.concurrent.FastThreadLocalRunnable.run(FastThreadLocalRunnable.java:30)
	... 1 more
Caused by: java.net.ConnectException: Connection refused
	... 11 more
2019-10-01 21:22:12,706 [02e284fd-040a-4e6e-a977-f8bb7b31abf7@group-734A4A51BB22:LeaderElection28] INFO  impl.RoleInfo (RoleInfo.java:shutdownLeaderElection(134)) - 02e284fd-040a-4e6e-a977-f8bb7b31abf7: shutdown LeaderElection
2019-10-01 21:22:12,707 [02e284fd-040a-4e6e-a977-f8bb7b31abf7@group-734A4A51BB22:LeaderElection28] INFO  impl.RaftServerImpl (RaftServerImpl.java:setRole(174)) - 02e284fd-040a-4e6e-a977-f8bb7b31abf7@group-734A4A51BB22: changes role from CANDIDATE to LEADER at term 3 for changeToLeader
2019-10-01 21:22:12,707 [02e284fd-040a-4e6e-a977-f8bb7b31abf7@group-734A4A51BB22:LeaderElection28] INFO  impl.RaftServerImpl (ServerState.java:setLeader(253)) - 02e284fd-040a-4e6e-a977-f8bb7b31abf7@group-734A4A51BB22: change Leader from null to 02e284fd-040a-4e6e-a977-f8bb7b31abf7 at term 3 for becomeLeader, leader elected after 42ms
2019-10-01 21:22:12,707 [02e284fd-040a-4e6e-a977-f8bb7b31abf7@group-734A4A51BB22:LeaderElection28] INFO  server.RaftServerConfigKeys (ConfUtils.java:logGet(43)) - raft.server.staging.catchup.gap = 1000 (default)
2019-10-01 21:22:12,707 [02e284fd-040a-4e6e-a977-f8bb7b31abf7@group-734A4A51BB22:LeaderElection28] INFO  server.RaftServerConfigKeys (ConfUtils.java:logGet(43)) - raft.server.rpc.sleep.time = 25ms (default)
2019-10-01 21:22:12,708 [02e284fd-040a-4e6e-a977-f8bb7b31abf7@group-734A4A51BB22:LeaderElection28] INFO  server.RaftServerConfigKeys (ConfUtils.java:logGet(43)) - raft.server.write.element-limit = 4096 (default)
2019-10-01 21:22:12,708 [02e284fd-040a-4e6e-a977-f8bb7b31abf7@group-734A4A51BB22:LeaderElection28] INFO  server.RaftServerConfigKeys (ConfUtils.java:logGet(43)) - raft.server.watch.timeout = 10s (default)
2019-10-01 21:22:12,708 [02e284fd-040a-4e6e-a977-f8bb7b31abf7@group-734A4A51BB22:LeaderElection28] INFO  server.RaftServerConfigKeys (ConfUtils.java:logGet(43)) - raft.server.watch.timeout.denomination = 1s (default)
2019-10-01 21:22:12,708 [02e284fd-040a-4e6e-a977-f8bb7b31abf7@group-734A4A51BB22:LeaderElection28] INFO  server.RaftServerConfigKeys (ConfUtils.java:logGet(43)) - raft.server.watch.element-limit = 65536 (default)
2019-10-01 21:22:12,713 [02e284fd-040a-4e6e-a977-f8bb7b31abf7@group-734A4A51BB22:LeaderElection28] INFO  server.RaftServerConfigKeys (ConfUtils.java:logGet(43)) - raft.server.log.appender.snapshot.chunk.size.max = 16MB (=16777216) (default)
2019-10-01 21:22:12,713 [02e284fd-040a-4e6e-a977-f8bb7b31abf7@group-734A4A51BB22:LeaderElection28] INFO  server.RaftServerConfigKeys (ConfUtils.java:logGet(43)) - raft.server.log.appender.buffer.byte-limit = 33554432 (custom)
2019-10-01 21:22:12,713 [02e284fd-040a-4e6e-a977-f8bb7b31abf7@group-734A4A51BB22:LeaderElection28] INFO  server.RaftServerConfigKeys (ConfUtils.java:logGet(43)) - raft.server.log.appender.buffer.element-limit = 1 (custom)
2019-10-01 21:22:12,714 [02e284fd-040a-4e6e-a977-f8bb7b31abf7@group-734A4A51BB22:LeaderElection28] INFO  grpc.GrpcConfigKeys$Server (ConfUtils.java:logGet(43)) - raft.grpc.server.leader.outstanding.appends.max = 128 (default)
2019-10-01 21:22:12,714 [02e284fd-040a-4e6e-a977-f8bb7b31abf7@group-734A4A51BB22:LeaderElection28] INFO  server.RaftServerConfigKeys (ConfUtils.java:logGet(43)) - raft.server.rpc.request.timeout = 3000ms (default)
2019-10-01 21:22:12,714 [02e284fd-040a-4e6e-a977-f8bb7b31abf7@group-734A4A51BB22:LeaderElection28] INFO  server.RaftServerConfigKeys (ConfUtils.java:logGet(43)) - raft.server.log.appender.install.snapshot.enabled = false (custom)
2019-10-01 21:22:12,714 [02e284fd-040a-4e6e-a977-f8bb7b31abf7@group-734A4A51BB22:LeaderElection28] INFO  server.RaftServerConfigKeys (ConfUtils.java:logGet(43)) - raft.server.log.appender.snapshot.chunk.size.max = 16MB (=16777216) (default)
2019-10-01 21:22:12,714 [02e284fd-040a-4e6e-a977-f8bb7b31abf7@group-734A4A51BB22:LeaderElection28] INFO  server.RaftServerConfigKeys (ConfUtils.java:logGet(43)) - raft.server.log.appender.buffer.byte-limit = 33554432 (custom)
2019-10-01 21:22:12,715 [02e284fd-040a-4e6e-a977-f8bb7b31abf7@group-734A4A51BB22:LeaderElection28] INFO  server.RaftServerConfigKeys (ConfUtils.java:logGet(43)) - raft.server.log.appender.buffer.element-limit = 1 (custom)
2019-10-01 21:22:12,715 [02e284fd-040a-4e6e-a977-f8bb7b31abf7@group-734A4A51BB22:LeaderElection28] INFO  grpc.GrpcConfigKeys$Server (ConfUtils.java:logGet(43)) - raft.grpc.server.leader.outstanding.appends.max = 128 (default)
2019-10-01 21:22:12,715 [02e284fd-040a-4e6e-a977-f8bb7b31abf7@group-734A4A51BB22:LeaderElection28] INFO  server.RaftServerConfigKeys (ConfUtils.java:logGet(43)) - raft.server.rpc.request.timeout = 3000ms (default)
2019-10-01 21:22:12,715 [02e284fd-040a-4e6e-a977-f8bb7b31abf7@group-734A4A51BB22:LeaderElection28] INFO  server.RaftServerConfigKeys (ConfUtils.java:logGet(43)) - raft.server.log.appender.install.snapshot.enabled = false (custom)
2019-10-01 21:22:12,715 [02e284fd-040a-4e6e-a977-f8bb7b31abf7@group-734A4A51BB22:LeaderElection28] INFO  impl.RoleInfo (RoleInfo.java:updateAndGet(143)) - 02e284fd-040a-4e6e-a977-f8bb7b31abf7: start LeaderState
2019-10-01 21:22:12,716 [02e284fd-040a-4e6e-a977-f8bb7b31abf7@group-734A4A51BB22:LeaderElection28] INFO  segmented.SegmentedRaftLogWorker (SegmentedRaftLogWorker.java:rollLogSegment(385)) - 02e284fd-040a-4e6e-a977-f8bb7b31abf7@group-734A4A51BB22-SegmentedRaftLogWorker: Rolling segment log-0_8 to index:8
2019-10-01 21:22:12,719 [02e284fd-040a-4e6e-a977-f8bb7b31abf7@group-734A4A51BB22-SegmentedRaftLogWorker] INFO  segmented.SegmentedRaftLogWorker (SegmentedRaftLogWorker.java:execute(526)) - 02e284fd-040a-4e6e-a977-f8bb7b31abf7@group-734A4A51BB22-SegmentedRaftLogWorker: Rolled log segment from /workdir/hadoop-ozone/integration-test/target/test-dir/MiniOzoneClusterImpl-de3107aa-fdfe-498c-bc41-a98c7d3f2bf4/datanode-5/data/ratis/db0c5304-89db-41f3-849d-734a4a51bb22/current/log_inprogress_0 to /workdir/hadoop-ozone/integration-test/target/test-dir/MiniOzoneClusterImpl-de3107aa-fdfe-498c-bc41-a98c7d3f2bf4/datanode-5/data/ratis/db0c5304-89db-41f3-849d-734a4a51bb22/current/log_0-8
2019-10-01 21:22:12,721 [02e284fd-040a-4e6e-a977-f8bb7b31abf7@group-734A4A51BB22:LeaderElection28] INFO  impl.RaftServerImpl (ServerState.java:setRaftConf(354)) - 02e284fd-040a-4e6e-a977-f8bb7b31abf7@group-734A4A51BB22: set configuration 9: [7240ac6f-0c5d-4826-acb2-f29a34e53932:192.168.151.69:34236, 02e284fd-040a-4e6e-a977-f8bb7b31abf7:192.168.151.69:39276, b2c9ba6a-9bd8-402b-8c7d-73b100db3170:192.168.151.69:42652], old=null at 9
2019-10-01 21:22:12,722 [grpc-default-executor-4] WARN  server.GrpcLogAppender (LogUtils.java:warn(134)) - 02e284fd-040a-4e6e-a977-f8bb7b31abf7@group-734A4A51BB22->b2c9ba6a-9bd8-402b-8c7d-73b100db3170-AppendLogResponseHandler: Failed appendEntries: org.apache.ratis.thirdparty.io.grpc.StatusRuntimeException: UNAVAILABLE: io exception
2019-10-01 21:22:12,758 [grpc-default-executor-4] INFO  impl.FollowerInfo (FollowerInfo.java:lambda$new$0(51)) - 02e284fd-040a-4e6e-a977-f8bb7b31abf7@group-734A4A51BB22->b2c9ba6a-9bd8-402b-8c7d-73b100db3170: nextIndex: updateUnconditionally 9 -> 1
2019-10-01 21:22:12,759 [grpc-default-executor-5] INFO  impl.RaftServerImpl (ServerState.java:setLeader(253)) - 7240ac6f-0c5d-4826-acb2-f29a34e53932@group-734A4A51BB22: change Leader from null to 02e284fd-040a-4e6e-a977-f8bb7b31abf7 at term 3 for appendEntries, leader elected after 72ms
2019-10-01 21:22:12,762 [grpc-default-executor-5] INFO  impl.RaftServerImpl (ServerState.java:setRaftConf(354)) - 7240ac6f-0c5d-4826-acb2-f29a34e53932@group-734A4A51BB22: set configuration 9: [7240ac6f-0c5d-4826-acb2-f29a34e53932:192.168.151.69:34236, 02e284fd-040a-4e6e-a977-f8bb7b31abf7:192.168.151.69:39276, b2c9ba6a-9bd8-402b-8c7d-73b100db3170:192.168.151.69:42652], old=null at 9
2019-10-01 21:22:12,762 [grpc-default-executor-5] INFO  segmented.SegmentedRaftLogWorker (SegmentedRaftLogWorker.java:rollLogSegment(385)) - 7240ac6f-0c5d-4826-acb2-f29a34e53932@group-734A4A51BB22-SegmentedRaftLogWorker: Rolling segment log-0_8 to index:8
2019-10-01 21:22:12,763 [7240ac6f-0c5d-4826-acb2-f29a34e53932@group-734A4A51BB22-SegmentedRaftLogWorker] INFO  segmented.SegmentedRaftLogWorker (SegmentedRaftLogWorker.java:execute(526)) - 7240ac6f-0c5d-4826-acb2-f29a34e53932@group-734A4A51BB22-SegmentedRaftLogWorker: Rolled log segment from /workdir/hadoop-ozone/integration-test/target/test-dir/MiniOzoneClusterImpl-de3107aa-fdfe-498c-bc41-a98c7d3f2bf4/datanode-6/data/ratis/db0c5304-89db-41f3-849d-734a4a51bb22/current/log_inprogress_0 to /workdir/hadoop-ozone/integration-test/target/test-dir/MiniOzoneClusterImpl-de3107aa-fdfe-498c-bc41-a98c7d3f2bf4/datanode-6/data/ratis/db0c5304-89db-41f3-849d-734a4a51bb22/current/log_0-8
2019-10-01 21:22:12,782 [02e284fd-040a-4e6e-a977-f8bb7b31abf7@group-734A4A51BB22-SegmentedRaftLogWorker] INFO  segmented.SegmentedRaftLogWorker (SegmentedRaftLogWorker.java:execute(569)) - 02e284fd-040a-4e6e-a977-f8bb7b31abf7@group-734A4A51BB22-SegmentedRaftLogWorker: created new log segment /workdir/hadoop-ozone/integration-test/target/test-dir/MiniOzoneClusterImpl-de3107aa-fdfe-498c-bc41-a98c7d3f2bf4/datanode-5/data/ratis/db0c5304-89db-41f3-849d-734a4a51bb22/current/log_inprogress_9
2019-10-01 21:22:12,807 [7240ac6f-0c5d-4826-acb2-f29a34e53932@group-734A4A51BB22-SegmentedRaftLogWorker] INFO  segmented.SegmentedRaftLogWorker (SegmentedRaftLogWorker.java:execute(569)) - 7240ac6f-0c5d-4826-acb2-f29a34e53932@group-734A4A51BB22-SegmentedRaftLogWorker: created new log segment /workdir/hadoop-ozone/integration-test/target/test-dir/MiniOzoneClusterImpl-de3107aa-fdfe-498c-bc41-a98c7d3f2bf4/datanode-6/data/ratis/db0c5304-89db-41f3-849d-734a4a51bb22/current/log_inprogress_9
2019-10-01 21:22:12,828 [grpc-default-executor-2] WARN  server.GrpcLogAppender (LogUtils.java:warn(134)) - 02e284fd-040a-4e6e-a977-f8bb7b31abf7@group-734A4A51BB22->b2c9ba6a-9bd8-402b-8c7d-73b100db3170-AppendLogResponseHandler: Failed appendEntries: org.apache.ratis.thirdparty.io.grpc.StatusRuntimeException: UNAVAILABLE: io exception
2019-10-01 21:22:12,828 [grpc-default-executor-2] INFO  impl.FollowerInfo (FollowerInfo.java:lambda$new$0(51)) - 02e284fd-040a-4e6e-a977-f8bb7b31abf7@group-734A4A51BB22->b2c9ba6a-9bd8-402b-8c7d-73b100db3170: nextIndex: updateUnconditionally 2 -> 1
2019-10-01 21:22:12,842 [grpc-default-executor-5] WARN  server.GrpcLogAppender (LogUtils.java:warn(134)) - 02e284fd-040a-4e6e-a977-f8bb7b31abf7@group-734A4A51BB22->b2c9ba6a-9bd8-402b-8c7d-73b100db3170-AppendLogResponseHandler: Failed appendEntries: org.apache.ratis.thirdparty.io.grpc.StatusRuntimeException: UNAVAILABLE: io exception
2019-10-01 21:22:12,842 [grpc-default-executor-5] INFO  impl.FollowerInfo (FollowerInfo.java:lambda$new$0(51)) - 02e284fd-040a-4e6e-a977-f8bb7b31abf7@group-734A4A51BB22->b2c9ba6a-9bd8-402b-8c7d-73b100db3170: nextIndex: updateUnconditionally 2 -> 1
2019-10-01 21:22:13,146 [ForkJoinPool.commonPool-worker-0] INFO  ozoneimpl.OzoneContainer (OzoneContainer.java:stop(231)) - Attempting to stop container services.
2019-10-01 21:22:13,146 [ForkJoinPool.commonPool-worker-0] INFO  impl.RaftServerProxy (RaftServerProxy.java:lambda$close$4(314)) - f9fd6070-3485-43a1-95a7-7a476b3e7642: close
2019-10-01 21:22:13,147 [ForkJoinPool.commonPool-worker-0] INFO  impl.RaftServerImpl (RaftServerImpl.java:lambda$shutdown$3(251)) - f9fd6070-3485-43a1-95a7-7a476b3e7642@group-7D479441F0FD: shutdown
2019-10-01 21:22:13,147 [ForkJoinPool.commonPool-worker-0] INFO  util.JmxRegister (JmxRegister.java:unregister(73)) - Successfully un-registered JMX Bean with object name Ratis:service=RaftServer,group=group-7D479441F0FD,id=f9fd6070-3485-43a1-95a7-7a476b3e7642
2019-10-01 21:22:13,147 [ForkJoinPool.commonPool-worker-0] INFO  impl.RoleInfo (RoleInfo.java:shutdownLeaderState(104)) - f9fd6070-3485-43a1-95a7-7a476b3e7642: shutdown LeaderState
2019-10-01 21:22:13,152 [org.apache.ratis.server.impl.LogAppender$AppenderDaemon$$Lambda$484/802450792@8bd46fc] WARN  server.GrpcLogAppender (GrpcLogAppender.java:mayWait(143)) - f9fd6070-3485-43a1-95a7-7a476b3e7642@group-7D479441F0FD->89fcfe45-dcaf-4b08-b5f3-b551067e5fd9-GrpcLogAppender: Wait interrupted by java.lang.InterruptedException
2019-10-01 21:22:13,152 [ForkJoinPool.commonPool-worker-0] INFO  impl.PendingRequests (PendingRequests.java:sendNotLeaderResponses(202)) - f9fd6070-3485-43a1-95a7-7a476b3e7642-PendingRequests: sendNotLeaderResponses
2019-10-01 21:22:13,152 [org.apache.ratis.server.impl.LogAppender$AppenderDaemon$$Lambda$484/802450792@725280f6] WARN  server.GrpcLogAppender (GrpcLogAppender.java:mayWait(143)) - f9fd6070-3485-43a1-95a7-7a476b3e7642@group-7D479441F0FD->cbfa2b6e-20cc-4371-9247-0e10d1a91862-GrpcLogAppender: Wait interrupted by java.lang.InterruptedException
2019-10-01 21:22:13,153 [ForkJoinPool.commonPool-worker-0] INFO  impl.StateMachineUpdater (StateMachineUpdater.java:stopAndJoin(125)) - f9fd6070-3485-43a1-95a7-7a476b3e7642@group-7D479441F0FD-StateMachineUpdater: set stopIndex = 0
2019-10-01 21:22:13,153 [ForkJoinPool.commonPool-worker-0] INFO  impl.RaftServerImpl (ServerState.java:close(385)) - f9fd6070-3485-43a1-95a7-7a476b3e7642@group-7D479441F0FD: closes. applyIndex: 0
2019-10-01 21:22:13,153 [f9fd6070-3485-43a1-95a7-7a476b3e7642@group-7D479441F0FD-SegmentedRaftLogWorker] INFO  segmented.SegmentedRaftLogWorker (SegmentedRaftLogWorker.java:run(313)) - f9fd6070-3485-43a1-95a7-7a476b3e7642@group-7D479441F0FD-SegmentedRaftLogWorker was interrupted, exiting. There are 0 tasks remaining in the queue.
2019-10-01 21:22:13,154 [grpc-default-executor-5] INFO  server.GrpcServerProtocolService (GrpcServerProtocolService.java:onCompleted(113)) - 89fcfe45-dcaf-4b08-b5f3-b551067e5fd9: Completed APPEND_ENTRIES, lastRequest: f9fd6070-3485-43a1-95a7-7a476b3e7642->89fcfe45-dcaf-4b08-b5f3-b551067e5fd9#43-t1, previous=(t:1, i:0), leaderCommit=0, initializing? false, entries: <empty>
2019-10-01 21:22:13,156 [ForkJoinPool.commonPool-worker-0] INFO  segmented.SegmentedRaftLogWorker (SegmentedRaftLogWorker.java:close(228)) - f9fd6070-3485-43a1-95a7-7a476b3e7642@group-7D479441F0FD-SegmentedRaftLogWorker close()
2019-10-01 21:22:13,158 [ForkJoinPool.commonPool-worker-0] INFO  impl.RaftServerImpl (RaftServerImpl.java:lambda$shutdown$3(251)) - f9fd6070-3485-43a1-95a7-7a476b3e7642@group-7AC3167DCB6A: shutdown
2019-10-01 21:22:13,159 [ForkJoinPool.commonPool-worker-0] INFO  util.JmxRegister (JmxRegister.java:unregister(73)) - Successfully un-registered JMX Bean with object name Ratis:service=RaftServer,group=group-7AC3167DCB6A,id=f9fd6070-3485-43a1-95a7-7a476b3e7642
2019-10-01 21:22:13,159 [ForkJoinPool.commonPool-worker-0] INFO  impl.RoleInfo (RoleInfo.java:shutdownLeaderState(104)) - f9fd6070-3485-43a1-95a7-7a476b3e7642: shutdown LeaderState
2019-10-01 21:22:13,159 [grpc-default-executor-5] INFO  server.GrpcLogAppender (GrpcLogAppender.java:onCompleted(293)) - f9fd6070-3485-43a1-95a7-7a476b3e7642@group-7D479441F0FD->89fcfe45-dcaf-4b08-b5f3-b551067e5fd9-AppendLogResponseHandler: follower responses appendEntries COMPLETED
2019-10-01 21:22:13,159 [ForkJoinPool.commonPool-worker-0] INFO  impl.PendingRequests (PendingRequests.java:sendNotLeaderResponses(202)) - f9fd6070-3485-43a1-95a7-7a476b3e7642-PendingRequests: sendNotLeaderResponses
2019-10-01 21:22:13,160 [ForkJoinPool.commonPool-worker-0] INFO  impl.StateMachineUpdater (StateMachineUpdater.java:stopAndJoin(125)) - f9fd6070-3485-43a1-95a7-7a476b3e7642@group-7AC3167DCB6A-StateMachineUpdater: set stopIndex = 0
2019-10-01 21:22:13,160 [grpc-default-executor-5] INFO  impl.FollowerInfo (FollowerInfo.java:lambda$new$0(51)) - f9fd6070-3485-43a1-95a7-7a476b3e7642@group-7D479441F0FD->89fcfe45-dcaf-4b08-b5f3-b551067e5fd9: nextIndex: updateUnconditionally 1 -> 0
2019-10-01 21:22:13,160 [ForkJoinPool.commonPool-worker-0] INFO  impl.RaftServerImpl (ServerState.java:close(385)) - f9fd6070-3485-43a1-95a7-7a476b3e7642@group-7AC3167DCB6A: closes. applyIndex: 0
2019-10-01 21:22:13,160 [f9fd6070-3485-43a1-95a7-7a476b3e7642@group-7AC3167DCB6A-SegmentedRaftLogWorker] INFO  segmented.SegmentedRaftLogWorker (SegmentedRaftLogWorker.java:run(313)) - f9fd6070-3485-43a1-95a7-7a476b3e7642@group-7AC3167DCB6A-SegmentedRaftLogWorker was interrupted, exiting. There are 0 tasks remaining in the queue.
2019-10-01 21:22:13,163 [ForkJoinPool.commonPool-worker-0] INFO  segmented.SegmentedRaftLogWorker (SegmentedRaftLogWorker.java:close(228)) - f9fd6070-3485-43a1-95a7-7a476b3e7642@group-7AC3167DCB6A-SegmentedRaftLogWorker close()
2019-10-01 21:22:13,165 [ForkJoinPool.commonPool-worker-0] INFO  server.GrpcService (GrpcService.java:closeImpl(164)) - f9fd6070-3485-43a1-95a7-7a476b3e7642: shutdown server with port 33094 now
2019-10-01 21:22:13,165 [main] INFO  ozoneimpl.OzoneContainer (OzoneContainer.java:stop(231)) - Attempting to stop container services.
2019-10-01 21:22:13,165 [ForkJoinPool.commonPool-worker-0] INFO  server.GrpcService (GrpcService.java:closeImpl(172)) - f9fd6070-3485-43a1-95a7-7a476b3e7642: shutdown server with port 33094 successfully
2019-10-01 21:22:13,166 [main] INFO  impl.RaftServerProxy (RaftServerProxy.java:lambda$close$4(314)) - d0df0752-8ca6-49d5-9bf2-5f9ebbca0165: close
2019-10-01 21:22:13,166 [main] INFO  impl.RaftServerImpl (RaftServerImpl.java:lambda$shutdown$3(251)) - d0df0752-8ca6-49d5-9bf2-5f9ebbca0165@group-E816A53A0CDA: shutdown
2019-10-01 21:22:13,167 [main] INFO  util.JmxRegister (JmxRegister.java:unregister(73)) - Successfully un-registered JMX Bean with object name Ratis:service=RaftServer,group=group-E816A53A0CDA,id=d0df0752-8ca6-49d5-9bf2-5f9ebbca0165
2019-10-01 21:22:13,167 [main] INFO  impl.RoleInfo (RoleInfo.java:shutdownLeaderState(104)) - d0df0752-8ca6-49d5-9bf2-5f9ebbca0165: shutdown LeaderState
2019-10-01 21:22:13,168 [refreshUsed-/workdir/hadoop-ozone/integration-test/target/test-dir/MiniOzoneClusterImpl-de3107aa-fdfe-498c-bc41-a98c7d3f2bf4/datanode-2/data/containers] WARN  fs.CachingGetSpaceUsed (CachingGetSpaceUsed.java:run(183)) - Thread Interrupted waiting to refresh disk information: sleep interrupted
2019-10-01 21:22:13,168 [main] INFO  impl.PendingRequests (PendingRequests.java:sendNotLeaderResponses(202)) - d0df0752-8ca6-49d5-9bf2-5f9ebbca0165-PendingRequests: sendNotLeaderResponses
2019-10-01 21:22:13,169 [main] INFO  impl.StateMachineUpdater (StateMachineUpdater.java:stopAndJoin(125)) - d0df0752-8ca6-49d5-9bf2-5f9ebbca0165@group-E816A53A0CDA-StateMachineUpdater: set stopIndex = 0
2019-10-01 21:22:13,172 [main] INFO  impl.RaftServerImpl (ServerState.java:close(385)) - d0df0752-8ca6-49d5-9bf2-5f9ebbca0165@group-E816A53A0CDA: closes. applyIndex: 0
2019-10-01 21:22:13,173 [d0df0752-8ca6-49d5-9bf2-5f9ebbca0165@group-E816A53A0CDA-SegmentedRaftLogWorker] INFO  segmented.SegmentedRaftLogWorker (SegmentedRaftLogWorker.java:run(313)) - d0df0752-8ca6-49d5-9bf2-5f9ebbca0165@group-E816A53A0CDA-SegmentedRaftLogWorker was interrupted, exiting. There are 0 tasks remaining in the queue.
2019-10-01 21:22:13,175 [main] INFO  segmented.SegmentedRaftLogWorker (SegmentedRaftLogWorker.java:close(228)) - d0df0752-8ca6-49d5-9bf2-5f9ebbca0165@group-E816A53A0CDA-SegmentedRaftLogWorker close()
2019-10-01 21:22:13,177 [main] INFO  server.GrpcService (GrpcService.java:closeImpl(164)) - d0df0752-8ca6-49d5-9bf2-5f9ebbca0165: shutdown server with port 44530 now
2019-10-01 21:22:13,179 [main] INFO  server.GrpcService (GrpcService.java:closeImpl(172)) - d0df0752-8ca6-49d5-9bf2-5f9ebbca0165: shutdown server with port 44530 successfully
2019-10-01 21:22:13,181 [refreshUsed-/workdir/hadoop-ozone/integration-test/target/test-dir/MiniOzoneClusterImpl-de3107aa-fdfe-498c-bc41-a98c7d3f2bf4/datanode-3/data/containers] WARN  fs.CachingGetSpaceUsed (CachingGetSpaceUsed.java:run(183)) - Thread Interrupted waiting to refresh disk information: sleep interrupted
2019-10-01 21:22:13,190 [ForkJoinPool.commonPool-worker-0] INFO  utils.BackgroundService (BackgroundService.java:shutdown(148)) - Shutting down service BlockDeletingService
2019-10-01 21:22:13,194 [ForkJoinPool.commonPool-worker-0] INFO  statemachine.DatanodeStateMachine (DatanodeStateMachine.java:stopDaemon(395)) - Ozone container server stopped.
2019-10-01 21:22:13,200 [ForkJoinPool.commonPool-worker-0] INFO  handler.ContextHandler (ContextHandler.java:doStop(910)) - Stopped o.e.j.w.WebAppContext@3a7e365{/,null,UNAVAILABLE}{/hddsDatanode}
2019-10-01 21:22:13,200 [ForkJoinPool.commonPool-worker-0] INFO  server.AbstractConnector (AbstractConnector.java:doStop(318)) - Stopped ServerConnector@2ceee4b6{HTTP/1.1,[http/1.1]}{0.0.0.0:0}
2019-10-01 21:22:13,202 [ForkJoinPool.commonPool-worker-0] INFO  handler.ContextHandler (ContextHandler.java:doStop(910)) - Stopped o.e.j.s.ServletContextHandler@f3560d4{/static,jar:file:/home/user/.m2/repository/org/apache/hadoop/hadoop-hdds-container-service/0.5.0-SNAPSHOT/hadoop-hdds-container-service-0.5.0-SNAPSHOT.jar!/webapps/static,UNAVAILABLE}
2019-10-01 21:22:13,204 [ForkJoinPool.commonPool-worker-0] INFO  handler.ContextHandler (ContextHandler.java:doStop(910)) - Stopped o.e.j.s.ServletContextHandler@6ff0b1cc{/logs,file:///workdir/hadoop-ozone/integration-test/target/log,UNAVAILABLE}
2019-10-01 21:22:13,210 [main] INFO  utils.BackgroundService (BackgroundService.java:shutdown(148)) - Shutting down service BlockDeletingService
2019-10-01 21:22:13,214 [main] INFO  statemachine.DatanodeStateMachine (DatanodeStateMachine.java:stopDaemon(395)) - Ozone container server stopped.
2019-10-01 21:22:13,215 [main] INFO  handler.ContextHandler (ContextHandler.java:doStop(910)) - Stopped o.e.j.w.WebAppContext@6870c3c2{/,null,UNAVAILABLE}{/hddsDatanode}
2019-10-01 21:22:13,216 [main] INFO  server.AbstractConnector (AbstractConnector.java:doStop(318)) - Stopped ServerConnector@fb0a08c{HTTP/1.1,[http/1.1]}{0.0.0.0:0}
2019-10-01 21:22:13,216 [main] INFO  handler.ContextHandler (ContextHandler.java:doStop(910)) - Stopped o.e.j.s.ServletContextHandler@36e43829{/static,jar:file:/home/user/.m2/repository/org/apache/hadoop/hadoop-hdds-container-service/0.5.0-SNAPSHOT/hadoop-hdds-container-service-0.5.0-SNAPSHOT.jar!/webapps/static,UNAVAILABLE}
2019-10-01 21:22:13,216 [main] INFO  handler.ContextHandler (ContextHandler.java:doStop(910)) - Stopped o.e.j.s.ServletContextHandler@6215366a{/logs,file:///workdir/hadoop-ozone/integration-test/target/log,UNAVAILABLE}
2019-10-01 21:22:14,053 [Datanode State Machine Thread - 0] INFO  statemachine.DatanodeStateMachine (DatanodeStateMachine.java:lambda$startDaemon$0(350)) - Ozone container server started.
2019-10-01 21:22:14,198 [Datanode State Machine Thread - 0] INFO  statemachine.DatanodeStateMachine (DatanodeStateMachine.java:lambda$startDaemon$0(350)) - Ozone container server started.
2019-10-01 21:22:15,344 [grpc-default-executor-4] WARN  server.GrpcLogAppender (LogUtils.java:warn(134)) - 02e284fd-040a-4e6e-a977-f8bb7b31abf7@group-734A4A51BB22->b2c9ba6a-9bd8-402b-8c7d-73b100db3170-AppendLogResponseHandler: Failed appendEntries: org.apache.ratis.thirdparty.io.grpc.StatusRuntimeException: UNAVAILABLE: io exception
2019-10-01 21:22:15,344 [grpc-default-executor-4] INFO  impl.FollowerInfo (FollowerInfo.java:lambda$new$0(51)) - 02e284fd-040a-4e6e-a977-f8bb7b31abf7@group-734A4A51BB22->b2c9ba6a-9bd8-402b-8c7d-73b100db3170: nextIndex: updateUnconditionally 1 -> 0
2019-10-01 21:22:17,844 [grpc-default-executor-2] WARN  server.GrpcLogAppender (LogUtils.java:warn(134)) - 02e284fd-040a-4e6e-a977-f8bb7b31abf7@group-734A4A51BB22->b2c9ba6a-9bd8-402b-8c7d-73b100db3170-AppendLogResponseHandler: Failed appendEntries: org.apache.ratis.thirdparty.io.grpc.StatusRuntimeException: UNAVAILABLE: io exception
2019-10-01 21:22:17,845 [grpc-default-executor-2] INFO  impl.FollowerInfo (FollowerInfo.java:lambda$new$0(51)) - 02e284fd-040a-4e6e-a977-f8bb7b31abf7@group-734A4A51BB22->b2c9ba6a-9bd8-402b-8c7d-73b100db3170: nextIndex: updateUnconditionally 0 -> 0
2019-10-01 21:22:18,102 [Thread-767] INFO  impl.FollowerState (FollowerState.java:run(106)) - 89fcfe45-dcaf-4b08-b5f3-b551067e5fd9:group-7D479441F0FD changes to CANDIDATE, lastRpcTime:7219, electionTimeout:5058ms
2019-10-01 21:22:18,102 [Thread-767] INFO  impl.RoleInfo (RoleInfo.java:shutdownFollowerState(121)) - 89fcfe45-dcaf-4b08-b5f3-b551067e5fd9: shutdown FollowerState
2019-10-01 21:22:18,102 [Thread-767] INFO  impl.RaftServerImpl (RaftServerImpl.java:setRole(174)) - 89fcfe45-dcaf-4b08-b5f3-b551067e5fd9@group-7D479441F0FD: changes role from  FOLLOWER to CANDIDATE at term 1 for changeToCandidate
2019-10-01 21:22:18,103 [Thread-767] INFO  impl.RoleInfo (RoleInfo.java:updateAndGet(143)) - 89fcfe45-dcaf-4b08-b5f3-b551067e5fd9: start LeaderElection
2019-10-01 21:22:18,110 [89fcfe45-dcaf-4b08-b5f3-b551067e5fd9@group-7D479441F0FD:LeaderElection29] INFO  impl.RaftServerImpl (ServerState.java:setLeader(253)) - 89fcfe45-dcaf-4b08-b5f3-b551067e5fd9@group-7D479441F0FD: change Leader from f9fd6070-3485-43a1-95a7-7a476b3e7642 to null at term 1 for initElection
2019-10-01 21:22:18,124 [89fcfe45-dcaf-4b08-b5f3-b551067e5fd9@group-7D479441F0FD:LeaderElection29] INFO  impl.LeaderElection (LeaderElection.java:askForVotes(182)) - 89fcfe45-dcaf-4b08-b5f3-b551067e5fd9@group-7D479441F0FD:LeaderElection29: begin an election at term 2 for 0: [f9fd6070-3485-43a1-95a7-7a476b3e7642:192.168.151.69:33094, 89fcfe45-dcaf-4b08-b5f3-b551067e5fd9:192.168.151.69:46466, cbfa2b6e-20cc-4371-9247-0e10d1a91862:192.168.151.69:37800], old=null
2019-10-01 21:22:18,126 [89fcfe45-dcaf-4b08-b5f3-b551067e5fd9@group-7D479441F0FD:LeaderElection29] INFO  impl.LeaderElection (LogUtils.java:infoOrTrace(149)) - 89fcfe45-dcaf-4b08-b5f3-b551067e5fd9@group-7D479441F0FD:LeaderElection29 got exception when requesting votes: {}
java.util.concurrent.ExecutionException: org.apache.ratis.thirdparty.io.grpc.StatusRuntimeException: UNAVAILABLE: io exception
	at java.util.concurrent.FutureTask.report(FutureTask.java:122)
	at java.util.concurrent.FutureTask.get(FutureTask.java:192)
	at org.apache.ratis.server.impl.LeaderElection.waitForResults(LeaderElection.java:263)
	at org.apache.ratis.server.impl.LeaderElection.askForVotes(LeaderElection.java:201)
	at org.apache.ratis.server.impl.LeaderElection.run(LeaderElection.java:133)
	at java.lang.Thread.run(Thread.java:748)
Caused by: org.apache.ratis.thirdparty.io.grpc.StatusRuntimeException: UNAVAILABLE: io exception
	at org.apache.ratis.thirdparty.io.grpc.stub.ClientCalls.toStatusRuntimeException(ClientCalls.java:233)
	at org.apache.ratis.thirdparty.io.grpc.stub.ClientCalls.getUnchecked(ClientCalls.java:214)
	at org.apache.ratis.thirdparty.io.grpc.stub.ClientCalls.blockingUnaryCall(ClientCalls.java:139)
	at org.apache.ratis.proto.grpc.RaftServerProtocolServiceGrpc$RaftServerProtocolServiceBlockingStub.requestVote(RaftServerProtocolServiceGrpc.java:265)
	at org.apache.ratis.grpc.server.GrpcServerProtocolClient.requestVote(GrpcServerProtocolClient.java:90)
	at org.apache.ratis.grpc.server.GrpcService.requestVote(GrpcService.java:204)
	at org.apache.ratis.server.impl.LeaderElection.lambda$submitRequests$1(LeaderElection.java:238)
	at java.util.concurrent.FutureTask.run(FutureTask.java:266)
	at java.util.concurrent.Executors$RunnableAdapter.call(Executors.java:511)
	at java.util.concurrent.FutureTask.run(FutureTask.java:266)
	at java.util.concurrent.ThreadPoolExecutor.runWorker(ThreadPoolExecutor.java:1149)
	at java.util.concurrent.ThreadPoolExecutor$Worker.run(ThreadPoolExecutor.java:624)
	... 1 more
Caused by: org.apache.ratis.thirdparty.io.netty.channel.AbstractChannel$AnnotatedConnectException: Connection refused: /192.168.151.69:33094
	at sun.nio.ch.SocketChannelImpl.checkConnect(Native Method)
	at sun.nio.ch.SocketChannelImpl.finishConnect(SocketChannelImpl.java:717)
	at org.apache.ratis.thirdparty.io.netty.channel.socket.nio.NioSocketChannel.doFinishConnect(NioSocketChannel.java:327)
	at org.apache.ratis.thirdparty.io.netty.channel.nio.AbstractNioChannel$AbstractNioUnsafe.finishConnect(AbstractNioChannel.java:340)
	at org.apache.ratis.thirdparty.io.netty.channel.nio.NioEventLoop.processSelectedKey(NioEventLoop.java:632)
	at org.apache.ratis.thirdparty.io.netty.channel.nio.NioEventLoop.processSelectedKeysOptimized(NioEventLoop.java:579)
	at org.apache.ratis.thirdparty.io.netty.channel.nio.NioEventLoop.processSelectedKeys(NioEventLoop.java:496)
	at org.apache.ratis.thirdparty.io.netty.channel.nio.NioEventLoop.run(NioEventLoop.java:458)
	at org.apache.ratis.thirdparty.io.netty.util.concurrent.SingleThreadEventExecutor$5.run(SingleThreadEventExecutor.java:897)
	at org.apache.ratis.thirdparty.io.netty.util.concurrent.FastThreadLocalRunnable.run(FastThreadLocalRunnable.java:30)
	... 1 more
Caused by: java.net.ConnectException: Connection refused
	... 11 more
2019-10-01 21:22:18,128 [89fcfe45-dcaf-4b08-b5f3-b551067e5fd9@group-7D479441F0FD:LeaderElection29] INFO  impl.LeaderElection (LogUtils.java:infoOrTrace(149)) - 89fcfe45-dcaf-4b08-b5f3-b551067e5fd9@group-7D479441F0FD:LeaderElection29 got exception when requesting votes: {}
java.util.concurrent.ExecutionException: org.apache.ratis.thirdparty.io.grpc.StatusRuntimeException: UNAVAILABLE: io exception
	at java.util.concurrent.FutureTask.report(FutureTask.java:122)
	at java.util.concurrent.FutureTask.get(FutureTask.java:192)
	at org.apache.ratis.server.impl.LeaderElection.waitForResults(LeaderElection.java:263)
	at org.apache.ratis.server.impl.LeaderElection.askForVotes(LeaderElection.java:201)
	at org.apache.ratis.server.impl.LeaderElection.run(LeaderElection.java:133)
	at java.lang.Thread.run(Thread.java:748)
Caused by: org.apache.ratis.thirdparty.io.grpc.StatusRuntimeException: UNAVAILABLE: io exception
	at org.apache.ratis.thirdparty.io.grpc.stub.ClientCalls.toStatusRuntimeException(ClientCalls.java:233)
	at org.apache.ratis.thirdparty.io.grpc.stub.ClientCalls.getUnchecked(ClientCalls.java:214)
	at org.apache.ratis.thirdparty.io.grpc.stub.ClientCalls.blockingUnaryCall(ClientCalls.java:139)
	at org.apache.ratis.proto.grpc.RaftServerProtocolServiceGrpc$RaftServerProtocolServiceBlockingStub.requestVote(RaftServerProtocolServiceGrpc.java:265)
	at org.apache.ratis.grpc.server.GrpcServerProtocolClient.requestVote(GrpcServerProtocolClient.java:90)
	at org.apache.ratis.grpc.server.GrpcService.requestVote(GrpcService.java:204)
	at org.apache.ratis.server.impl.LeaderElection.lambda$submitRequests$1(LeaderElection.java:238)
	at java.util.concurrent.FutureTask.run(FutureTask.java:266)
	at java.util.concurrent.Executors$RunnableAdapter.call(Executors.java:511)
	at java.util.concurrent.FutureTask.run(FutureTask.java:266)
	at java.util.concurrent.ThreadPoolExecutor.runWorker(ThreadPoolExecutor.java:1149)
	at java.util.concurrent.ThreadPoolExecutor$Worker.run(ThreadPoolExecutor.java:624)
	... 1 more
Caused by: org.apache.ratis.thirdparty.io.netty.channel.AbstractChannel$AnnotatedConnectException: Connection refused: /192.168.151.69:37800
	at sun.nio.ch.SocketChannelImpl.checkConnect(Native Method)
	at sun.nio.ch.SocketChannelImpl.finishConnect(SocketChannelImpl.java:717)
	at org.apache.ratis.thirdparty.io.netty.channel.socket.nio.NioSocketChannel.doFinishConnect(NioSocketChannel.java:327)
	at org.apache.ratis.thirdparty.io.netty.channel.nio.AbstractNioChannel$AbstractNioUnsafe.finishConnect(AbstractNioChannel.java:340)
	at org.apache.ratis.thirdparty.io.netty.channel.nio.NioEventLoop.processSelectedKey(NioEventLoop.java:632)
	at org.apache.ratis.thirdparty.io.netty.channel.nio.NioEventLoop.processSelectedKeysOptimized(NioEventLoop.java:579)
	at org.apache.ratis.thirdparty.io.netty.channel.nio.NioEventLoop.processSelectedKeys(NioEventLoop.java:496)
	at org.apache.ratis.thirdparty.io.netty.channel.nio.NioEventLoop.run(NioEventLoop.java:458)
	at org.apache.ratis.thirdparty.io.netty.util.concurrent.SingleThreadEventExecutor$5.run(SingleThreadEventExecutor.java:897)
	at org.apache.ratis.thirdparty.io.netty.util.concurrent.FastThreadLocalRunnable.run(FastThreadLocalRunnable.java:30)
	... 1 more
Caused by: java.net.ConnectException: Connection refused
	... 11 more
2019-10-01 21:22:18,130 [89fcfe45-dcaf-4b08-b5f3-b551067e5fd9@group-7D479441F0FD:LeaderElection29] INFO  impl.LeaderElection (LeaderElection.java:logAndReturn(56)) - 89fcfe45-dcaf-4b08-b5f3-b551067e5fd9@group-7D479441F0FD:LeaderElection29: Election REJECTED; received 0 response(s) [] and 2 exception(s); 89fcfe45-dcaf-4b08-b5f3-b551067e5fd9@group-7D479441F0FD:t2, leader=null, voted=89fcfe45-dcaf-4b08-b5f3-b551067e5fd9, raftlog=89fcfe45-dcaf-4b08-b5f3-b551067e5fd9@group-7D479441F0FD-SegmentedRaftLog:OPENED:c0,f0,i0, conf=0: [f9fd6070-3485-43a1-95a7-7a476b3e7642:192.168.151.69:33094, 89fcfe45-dcaf-4b08-b5f3-b551067e5fd9:192.168.151.69:46466, cbfa2b6e-20cc-4371-9247-0e10d1a91862:192.168.151.69:37800], old=null
2019-10-01 21:22:18,131 [89fcfe45-dcaf-4b08-b5f3-b551067e5fd9@group-7D479441F0FD:LeaderElection29] INFO  impl.LeaderElection (LogUtils.java:infoOrTrace(149)) -   Exception 0: {}
java.util.concurrent.ExecutionException: org.apache.ratis.thirdparty.io.grpc.StatusRuntimeException: UNAVAILABLE: io exception
	at java.util.concurrent.FutureTask.report(FutureTask.java:122)
	at java.util.concurrent.FutureTask.get(FutureTask.java:192)
	at org.apache.ratis.server.impl.LeaderElection.waitForResults(LeaderElection.java:263)
	at org.apache.ratis.server.impl.LeaderElection.askForVotes(LeaderElection.java:201)
	at org.apache.ratis.server.impl.LeaderElection.run(LeaderElection.java:133)
	at java.lang.Thread.run(Thread.java:748)
Caused by: org.apache.ratis.thirdparty.io.grpc.StatusRuntimeException: UNAVAILABLE: io exception
	at org.apache.ratis.thirdparty.io.grpc.stub.ClientCalls.toStatusRuntimeException(ClientCalls.java:233)
	at org.apache.ratis.thirdparty.io.grpc.stub.ClientCalls.getUnchecked(ClientCalls.java:214)
	at org.apache.ratis.thirdparty.io.grpc.stub.ClientCalls.blockingUnaryCall(ClientCalls.java:139)
	at org.apache.ratis.proto.grpc.RaftServerProtocolServiceGrpc$RaftServerProtocolServiceBlockingStub.requestVote(RaftServerProtocolServiceGrpc.java:265)
	at org.apache.ratis.grpc.server.GrpcServerProtocolClient.requestVote(GrpcServerProtocolClient.java:90)
	at org.apache.ratis.grpc.server.GrpcService.requestVote(GrpcService.java:204)
	at org.apache.ratis.server.impl.LeaderElection.lambda$submitRequests$1(LeaderElection.java:238)
	at java.util.concurrent.FutureTask.run(FutureTask.java:266)
	at java.util.concurrent.Executors$RunnableAdapter.call(Executors.java:511)
	at java.util.concurrent.FutureTask.run(FutureTask.java:266)
	at java.util.concurrent.ThreadPoolExecutor.runWorker(ThreadPoolExecutor.java:1149)
	at java.util.concurrent.ThreadPoolExecutor$Worker.run(ThreadPoolExecutor.java:624)
	... 1 more
Caused by: org.apache.ratis.thirdparty.io.netty.channel.AbstractChannel$AnnotatedConnectException: Connection refused: /192.168.151.69:33094
	at sun.nio.ch.SocketChannelImpl.checkConnect(Native Method)
	at sun.nio.ch.SocketChannelImpl.finishConnect(SocketChannelImpl.java:717)
	at org.apache.ratis.thirdparty.io.netty.channel.socket.nio.NioSocketChannel.doFinishConnect(NioSocketChannel.java:327)
	at org.apache.ratis.thirdparty.io.netty.channel.nio.AbstractNioChannel$AbstractNioUnsafe.finishConnect(AbstractNioChannel.java:340)
	at org.apache.ratis.thirdparty.io.netty.channel.nio.NioEventLoop.processSelectedKey(NioEventLoop.java:632)
	at org.apache.ratis.thirdparty.io.netty.channel.nio.NioEventLoop.processSelectedKeysOptimized(NioEventLoop.java:579)
	at org.apache.ratis.thirdparty.io.netty.channel.nio.NioEventLoop.processSelectedKeys(NioEventLoop.java:496)
	at org.apache.ratis.thirdparty.io.netty.channel.nio.NioEventLoop.run(NioEventLoop.java:458)
	at org.apache.ratis.thirdparty.io.netty.util.concurrent.SingleThreadEventExecutor$5.run(SingleThreadEventExecutor.java:897)
	at org.apache.ratis.thirdparty.io.netty.util.concurrent.FastThreadLocalRunnable.run(FastThreadLocalRunnable.java:30)
	... 1 more
Caused by: java.net.ConnectException: Connection refused
	... 11 more
2019-10-01 21:22:18,132 [89fcfe45-dcaf-4b08-b5f3-b551067e5fd9@group-7D479441F0FD:LeaderElection29] INFO  impl.LeaderElection (LogUtils.java:infoOrTrace(149)) -   Exception 1: {}
java.util.concurrent.ExecutionException: org.apache.ratis.thirdparty.io.grpc.StatusRuntimeException: UNAVAILABLE: io exception
	at java.util.concurrent.FutureTask.report(FutureTask.java:122)
	at java.util.concurrent.FutureTask.get(FutureTask.java:192)
	at org.apache.ratis.server.impl.LeaderElection.waitForResults(LeaderElection.java:263)
	at org.apache.ratis.server.impl.LeaderElection.askForVotes(LeaderElection.java:201)
	at org.apache.ratis.server.impl.LeaderElection.run(LeaderElection.java:133)
	at java.lang.Thread.run(Thread.java:748)
Caused by: org.apache.ratis.thirdparty.io.grpc.StatusRuntimeException: UNAVAILABLE: io exception
	at org.apache.ratis.thirdparty.io.grpc.stub.ClientCalls.toStatusRuntimeException(ClientCalls.java:233)
	at org.apache.ratis.thirdparty.io.grpc.stub.ClientCalls.getUnchecked(ClientCalls.java:214)
	at org.apache.ratis.thirdparty.io.grpc.stub.ClientCalls.blockingUnaryCall(ClientCalls.java:139)
	at org.apache.ratis.proto.grpc.RaftServerProtocolServiceGrpc$RaftServerProtocolServiceBlockingStub.requestVote(RaftServerProtocolServiceGrpc.java:265)
	at org.apache.ratis.grpc.server.GrpcServerProtocolClient.requestVote(GrpcServerProtocolClient.java:90)
	at org.apache.ratis.grpc.server.GrpcService.requestVote(GrpcService.java:204)
	at org.apache.ratis.server.impl.LeaderElection.lambda$submitRequests$1(LeaderElection.java:238)
	at java.util.concurrent.FutureTask.run(FutureTask.java:266)
	at java.util.concurrent.Executors$RunnableAdapter.call(Executors.java:511)
	at java.util.concurrent.FutureTask.run(FutureTask.java:266)
	at java.util.concurrent.ThreadPoolExecutor.runWorker(ThreadPoolExecutor.java:1149)
	at java.util.concurrent.ThreadPoolExecutor$Worker.run(ThreadPoolExecutor.java:624)
	... 1 more
Caused by: org.apache.ratis.thirdparty.io.netty.channel.AbstractChannel$AnnotatedConnectException: Connection refused: /192.168.151.69:37800
	at sun.nio.ch.SocketChannelImpl.checkConnect(Native Method)
	at sun.nio.ch.SocketChannelImpl.finishConnect(SocketChannelImpl.java:717)
	at org.apache.ratis.thirdparty.io.netty.channel.socket.nio.NioSocketChannel.doFinishConnect(NioSocketChannel.java:327)
	at org.apache.ratis.thirdparty.io.netty.channel.nio.AbstractNioChannel$AbstractNioUnsafe.finishConnect(AbstractNioChannel.java:340)
	at org.apache.ratis.thirdparty.io.netty.channel.nio.NioEventLoop.processSelectedKey(NioEventLoop.java:632)
	at org.apache.ratis.thirdparty.io.netty.channel.nio.NioEventLoop.processSelectedKeysOptimized(NioEventLoop.java:579)
	at org.apache.ratis.thirdparty.io.netty.channel.nio.NioEventLoop.processSelectedKeys(NioEventLoop.java:496)
	at org.apache.ratis.thirdparty.io.netty.channel.nio.NioEventLoop.run(NioEventLoop.java:458)
	at org.apache.ratis.thirdparty.io.netty.util.concurrent.SingleThreadEventExecutor$5.run(SingleThreadEventExecutor.java:897)
	at org.apache.ratis.thirdparty.io.netty.util.concurrent.FastThreadLocalRunnable.run(FastThreadLocalRunnable.java:30)
	... 1 more
Caused by: java.net.ConnectException: Connection refused
	... 11 more
2019-10-01 21:22:18,133 [89fcfe45-dcaf-4b08-b5f3-b551067e5fd9@group-7D479441F0FD:LeaderElection29] INFO  impl.RaftServerImpl (RaftServerImpl.java:setRole(174)) - 89fcfe45-dcaf-4b08-b5f3-b551067e5fd9@group-7D479441F0FD: changes role from CANDIDATE to FOLLOWER at term 2 for DISCOVERED_A_NEW_TERM
2019-10-01 21:22:18,133 [89fcfe45-dcaf-4b08-b5f3-b551067e5fd9@group-7D479441F0FD:LeaderElection29] INFO  impl.RoleInfo (RoleInfo.java:shutdownLeaderElection(134)) - 89fcfe45-dcaf-4b08-b5f3-b551067e5fd9: shutdown LeaderElection
2019-10-01 21:22:18,133 [89fcfe45-dcaf-4b08-b5f3-b551067e5fd9@group-7D479441F0FD:LeaderElection29] INFO  impl.RoleInfo (RoleInfo.java:updateAndGet(143)) - 89fcfe45-dcaf-4b08-b5f3-b551067e5fd9: start FollowerState
2019-10-01 21:22:18,205 [ForkJoinPool.commonPool-worker-0] INFO  ozoneimpl.OzoneContainer (OzoneContainer.java:stop(231)) - Attempting to stop container services.
2019-10-01 21:22:18,209 [ForkJoinPool.commonPool-worker-0] INFO  impl.RaftServerProxy (RaftServerProxy.java:lambda$close$4(314)) - 89fcfe45-dcaf-4b08-b5f3-b551067e5fd9: close
2019-10-01 21:22:18,210 [ForkJoinPool.commonPool-worker-0] INFO  impl.RaftServerImpl (RaftServerImpl.java:lambda$shutdown$3(251)) - 89fcfe45-dcaf-4b08-b5f3-b551067e5fd9@group-7D479441F0FD: shutdown
2019-10-01 21:22:18,210 [ForkJoinPool.commonPool-worker-0] INFO  util.JmxRegister (JmxRegister.java:unregister(73)) - Successfully un-registered JMX Bean with object name Ratis:service=RaftServer,group=group-7D479441F0FD,id=89fcfe45-dcaf-4b08-b5f3-b551067e5fd9
2019-10-01 21:22:18,210 [ForkJoinPool.commonPool-worker-0] INFO  impl.RoleInfo (RoleInfo.java:shutdownFollowerState(121)) - 89fcfe45-dcaf-4b08-b5f3-b551067e5fd9: shutdown FollowerState
2019-10-01 21:22:18,210 [ForkJoinPool.commonPool-worker-0] INFO  impl.StateMachineUpdater (StateMachineUpdater.java:stopAndJoin(125)) - 89fcfe45-dcaf-4b08-b5f3-b551067e5fd9@group-7D479441F0FD-StateMachineUpdater: set stopIndex = 0
2019-10-01 21:22:18,211 [Thread-1394] INFO  impl.FollowerState (FollowerState.java:run(115)) - 89fcfe45-dcaf-4b08-b5f3-b551067e5fd9: FollowerState was interrupted: java.lang.InterruptedException: sleep interrupted
2019-10-01 21:22:18,212 [ForkJoinPool.commonPool-worker-0] INFO  impl.RaftServerImpl (ServerState.java:close(385)) - 89fcfe45-dcaf-4b08-b5f3-b551067e5fd9@group-7D479441F0FD: closes. applyIndex: 0
2019-10-01 21:22:18,212 [89fcfe45-dcaf-4b08-b5f3-b551067e5fd9@group-7D479441F0FD-SegmentedRaftLogWorker] INFO  segmented.SegmentedRaftLogWorker (SegmentedRaftLogWorker.java:run(313)) - 89fcfe45-dcaf-4b08-b5f3-b551067e5fd9@group-7D479441F0FD-SegmentedRaftLogWorker was interrupted, exiting. There are 0 tasks remaining in the queue.
2019-10-01 21:22:18,214 [ForkJoinPool.commonPool-worker-0] INFO  segmented.SegmentedRaftLogWorker (SegmentedRaftLogWorker.java:close(228)) - 89fcfe45-dcaf-4b08-b5f3-b551067e5fd9@group-7D479441F0FD-SegmentedRaftLogWorker close()
2019-10-01 21:22:18,216 [ForkJoinPool.commonPool-worker-0] INFO  impl.RaftServerImpl (RaftServerImpl.java:lambda$shutdown$3(251)) - 89fcfe45-dcaf-4b08-b5f3-b551067e5fd9@group-77ABC0FA8CAA: shutdown
2019-10-01 21:22:18,216 [ForkJoinPool.commonPool-worker-0] INFO  util.JmxRegister (JmxRegister.java:unregister(73)) - Successfully un-registered JMX Bean with object name Ratis:service=RaftServer,group=group-77ABC0FA8CAA,id=89fcfe45-dcaf-4b08-b5f3-b551067e5fd9
2019-10-01 21:22:18,217 [ForkJoinPool.commonPool-worker-0] INFO  impl.RoleInfo (RoleInfo.java:shutdownLeaderState(104)) - 89fcfe45-dcaf-4b08-b5f3-b551067e5fd9: shutdown LeaderState
2019-10-01 21:22:18,217 [ForkJoinPool.commonPool-worker-0] INFO  impl.PendingRequests (PendingRequests.java:sendNotLeaderResponses(202)) - 89fcfe45-dcaf-4b08-b5f3-b551067e5fd9-PendingRequests: sendNotLeaderResponses
2019-10-01 21:22:18,217 [ForkJoinPool.commonPool-worker-0] INFO  impl.StateMachineUpdater (StateMachineUpdater.java:stopAndJoin(125)) - 89fcfe45-dcaf-4b08-b5f3-b551067e5fd9@group-77ABC0FA8CAA-StateMachineUpdater: set stopIndex = 0
2019-10-01 21:22:18,218 [ForkJoinPool.commonPool-worker-0] INFO  impl.RaftServerImpl (ServerState.java:close(385)) - 89fcfe45-dcaf-4b08-b5f3-b551067e5fd9@group-77ABC0FA8CAA: closes. applyIndex: 0
2019-10-01 21:22:18,218 [89fcfe45-dcaf-4b08-b5f3-b551067e5fd9@group-77ABC0FA8CAA-SegmentedRaftLogWorker] INFO  segmented.SegmentedRaftLogWorker (SegmentedRaftLogWorker.java:run(313)) - 89fcfe45-dcaf-4b08-b5f3-b551067e5fd9@group-77ABC0FA8CAA-SegmentedRaftLogWorker was interrupted, exiting. There are 0 tasks remaining in the queue.
2019-10-01 21:22:18,218 [main] INFO  ozoneimpl.OzoneContainer (OzoneContainer.java:stop(231)) - Attempting to stop container services.
2019-10-01 21:22:18,219 [ForkJoinPool.commonPool-worker-0] INFO  segmented.SegmentedRaftLogWorker (SegmentedRaftLogWorker.java:close(228)) - 89fcfe45-dcaf-4b08-b5f3-b551067e5fd9@group-77ABC0FA8CAA-SegmentedRaftLogWorker close()
2019-10-01 21:22:18,220 [main] INFO  impl.RaftServerProxy (RaftServerProxy.java:lambda$close$4(314)) - 7240ac6f-0c5d-4826-acb2-f29a34e53932: close
2019-10-01 21:22:18,222 [ForkJoinPool.commonPool-worker-0] INFO  server.GrpcService (GrpcService.java:closeImpl(164)) - 89fcfe45-dcaf-4b08-b5f3-b551067e5fd9: shutdown server with port 46466 now
2019-10-01 21:22:18,222 [main] INFO  impl.RaftServerImpl (RaftServerImpl.java:lambda$shutdown$3(251)) - 7240ac6f-0c5d-4826-acb2-f29a34e53932@group-734A4A51BB22: shutdown
2019-10-01 21:22:18,222 [ForkJoinPool.commonPool-worker-0] INFO  server.GrpcService (GrpcService.java:closeImpl(172)) - 89fcfe45-dcaf-4b08-b5f3-b551067e5fd9: shutdown server with port 46466 successfully
2019-10-01 21:22:18,223 [main] INFO  util.JmxRegister (JmxRegister.java:unregister(73)) - Successfully un-registered JMX Bean with object name Ratis:service=RaftServer,group=group-734A4A51BB22,id=7240ac6f-0c5d-4826-acb2-f29a34e53932
2019-10-01 21:22:18,223 [main] INFO  impl.RoleInfo (RoleInfo.java:shutdownFollowerState(121)) - 7240ac6f-0c5d-4826-acb2-f29a34e53932: shutdown FollowerState
2019-10-01 21:22:18,224 [main] INFO  impl.StateMachineUpdater (StateMachineUpdater.java:stopAndJoin(125)) - 7240ac6f-0c5d-4826-acb2-f29a34e53932@group-734A4A51BB22-StateMachineUpdater: set stopIndex = 10
2019-10-01 21:22:18,224 [Thread-1379] INFO  impl.FollowerState (FollowerState.java:run(115)) - 7240ac6f-0c5d-4826-acb2-f29a34e53932: FollowerState was interrupted: java.lang.InterruptedException: sleep interrupted
2019-10-01 21:22:18,224 [7240ac6f-0c5d-4826-acb2-f29a34e53932@group-734A4A51BB22-StateMachineUpdater] INFO  ratis.ContainerStateMachine (ContainerStateMachine.java:takeSnapshot(289)) - group-734A4A51BB22: Taking a snapshot at:(t:2, i:6) file /workdir/hadoop-ozone/integration-test/target/test-dir/MiniOzoneClusterImpl-de3107aa-fdfe-498c-bc41-a98c7d3f2bf4/datanode-6/data/ratis/db0c5304-89db-41f3-849d-734a4a51bb22/sm/snapshot.2_6
2019-10-01 21:22:18,224 [refreshUsed-/workdir/hadoop-ozone/integration-test/target/test-dir/MiniOzoneClusterImpl-de3107aa-fdfe-498c-bc41-a98c7d3f2bf4/datanode-0/data/containers] WARN  fs.CachingGetSpaceUsed (CachingGetSpaceUsed.java:run(183)) - Thread Interrupted waiting to refresh disk information: sleep interrupted
2019-10-01 21:22:18,237 [7240ac6f-0c5d-4826-acb2-f29a34e53932@group-734A4A51BB22-StateMachineUpdater] INFO  ratis.ContainerStateMachine (ContainerStateMachine.java:takeSnapshot(300)) - group-734A4A51BB22: Finished taking a snapshot at:(t:2, i:6) file:/workdir/hadoop-ozone/integration-test/target/test-dir/MiniOzoneClusterImpl-de3107aa-fdfe-498c-bc41-a98c7d3f2bf4/datanode-6/data/ratis/db0c5304-89db-41f3-849d-734a4a51bb22/sm/snapshot.2_6 time:14
2019-10-01 21:22:18,237 [7240ac6f-0c5d-4826-acb2-f29a34e53932@group-734A4A51BB22-StateMachineUpdater] INFO  impl.StateMachineUpdater (StateMachineUpdater.java:takeSnapshot(258)) - 7240ac6f-0c5d-4826-acb2-f29a34e53932@group-734A4A51BB22-StateMachineUpdater: Took a snapshot at index 6
2019-10-01 21:22:18,237 [7240ac6f-0c5d-4826-acb2-f29a34e53932@group-734A4A51BB22-StateMachineUpdater] INFO  impl.StateMachineUpdater (StateMachineUpdater.java:lambda$new$0(83)) - 7240ac6f-0c5d-4826-acb2-f29a34e53932@group-734A4A51BB22-StateMachineUpdater: snapshotIndex: updateIncreasingly -1 -> 6
2019-10-01 21:22:18,238 [7240ac6f-0c5d-4826-acb2-f29a34e53932@group-734A4A51BB22-StateMachineUpdater] INFO  ratis.ContainerStateMachine (ContainerStateMachine.java:takeSnapshot(289)) - group-734A4A51BB22: Taking a snapshot at:(t:2, i:6) file /workdir/hadoop-ozone/integration-test/target/test-dir/MiniOzoneClusterImpl-de3107aa-fdfe-498c-bc41-a98c7d3f2bf4/datanode-6/data/ratis/db0c5304-89db-41f3-849d-734a4a51bb22/sm/snapshot.2_6
2019-10-01 21:22:18,239 [ForkJoinPool.commonPool-worker-0] INFO  utils.BackgroundService (BackgroundService.java:shutdown(148)) - Shutting down service BlockDeletingService
2019-10-01 21:22:18,242 [7240ac6f-0c5d-4826-acb2-f29a34e53932@group-734A4A51BB22-StateMachineUpdater] INFO  ratis.ContainerStateMachine (ContainerStateMachine.java:takeSnapshot(300)) - group-734A4A51BB22: Finished taking a snapshot at:(t:2, i:6) file:/workdir/hadoop-ozone/integration-test/target/test-dir/MiniOzoneClusterImpl-de3107aa-fdfe-498c-bc41-a98c7d3f2bf4/datanode-6/data/ratis/db0c5304-89db-41f3-849d-734a4a51bb22/sm/snapshot.2_6 time:4
2019-10-01 21:22:18,243 [ForkJoinPool.commonPool-worker-0] INFO  statemachine.DatanodeStateMachine (DatanodeStateMachine.java:stopDaemon(395)) - Ozone container server stopped.
2019-10-01 21:22:18,243 [7240ac6f-0c5d-4826-acb2-f29a34e53932@group-734A4A51BB22-StateMachineUpdater] INFO  impl.StateMachineUpdater (StateMachineUpdater.java:takeSnapshot(258)) - 7240ac6f-0c5d-4826-acb2-f29a34e53932@group-734A4A51BB22-StateMachineUpdater: Took a snapshot at index 6
2019-10-01 21:22:18,244 [7240ac6f-0c5d-4826-acb2-f29a34e53932@group-734A4A51BB22-StateMachineUpdater] INFO  impl.StateMachineUpdater (StateMachineUpdater.java:lambda$new$0(83)) - 7240ac6f-0c5d-4826-acb2-f29a34e53932@group-734A4A51BB22-StateMachineUpdater: snapshotIndex: updateIncreasingly 6 -> 6
2019-10-01 21:22:18,246 [main] INFO  impl.RaftServerImpl (ServerState.java:close(385)) - 7240ac6f-0c5d-4826-acb2-f29a34e53932@group-734A4A51BB22: closes. applyIndex: 10
2019-10-01 21:22:18,248 [ForkJoinPool.commonPool-worker-0] INFO  handler.ContextHandler (ContextHandler.java:doStop(910)) - Stopped o.e.j.w.WebAppContext@d3f4505{/,null,UNAVAILABLE}{/hddsDatanode}
2019-10-01 21:22:18,248 [7240ac6f-0c5d-4826-acb2-f29a34e53932@group-734A4A51BB22-SegmentedRaftLogWorker] INFO  segmented.SegmentedRaftLogWorker (SegmentedRaftLogWorker.java:run(313)) - 7240ac6f-0c5d-4826-acb2-f29a34e53932@group-734A4A51BB22-SegmentedRaftLogWorker was interrupted, exiting. There are 0 tasks remaining in the queue.
2019-10-01 21:22:18,249 [main] INFO  segmented.SegmentedRaftLogWorker (SegmentedRaftLogWorker.java:close(228)) - 7240ac6f-0c5d-4826-acb2-f29a34e53932@group-734A4A51BB22-SegmentedRaftLogWorker close()
2019-10-01 21:22:18,250 [ForkJoinPool.commonPool-worker-0] INFO  server.AbstractConnector (AbstractConnector.java:doStop(318)) - Stopped ServerConnector@3eb292cd{HTTP/1.1,[http/1.1]}{0.0.0.0:0}
2019-10-01 21:22:18,257 [main] INFO  impl.RaftServerImpl (RaftServerImpl.java:lambda$shutdown$3(251)) - 7240ac6f-0c5d-4826-acb2-f29a34e53932@group-24E8E7A4399B: shutdown
2019-10-01 21:22:18,260 [ForkJoinPool.commonPool-worker-0] INFO  handler.ContextHandler (ContextHandler.java:doStop(910)) - Stopped o.e.j.s.ServletContextHandler@3d20e575{/static,jar:file:/home/user/.m2/repository/org/apache/hadoop/hadoop-hdds-container-service/0.5.0-SNAPSHOT/hadoop-hdds-container-service-0.5.0-SNAPSHOT.jar!/webapps/static,UNAVAILABLE}
2019-10-01 21:22:18,260 [main] INFO  util.JmxRegister (JmxRegister.java:unregister(73)) - Successfully un-registered JMX Bean with object name Ratis:service=RaftServer,group=group-24E8E7A4399B,id=7240ac6f-0c5d-4826-acb2-f29a34e53932
2019-10-01 21:22:18,260 [ForkJoinPool.commonPool-worker-0] INFO  handler.ContextHandler (ContextHandler.java:doStop(910)) - Stopped o.e.j.s.ServletContextHandler@3234474{/logs,file:///workdir/hadoop-ozone/integration-test/target/log,UNAVAILABLE}
2019-10-01 21:22:18,261 [main] INFO  impl.RoleInfo (RoleInfo.java:shutdownLeaderState(104)) - 7240ac6f-0c5d-4826-acb2-f29a34e53932: shutdown LeaderState
2019-10-01 21:22:18,262 [main] INFO  impl.PendingRequests (PendingRequests.java:sendNotLeaderResponses(202)) - 7240ac6f-0c5d-4826-acb2-f29a34e53932-PendingRequests: sendNotLeaderResponses
2019-10-01 21:22:18,262 [main] INFO  impl.StateMachineUpdater (StateMachineUpdater.java:stopAndJoin(125)) - 7240ac6f-0c5d-4826-acb2-f29a34e53932@group-24E8E7A4399B-StateMachineUpdater: set stopIndex = 0
2019-10-01 21:22:18,263 [main] INFO  impl.RaftServerImpl (ServerState.java:close(385)) - 7240ac6f-0c5d-4826-acb2-f29a34e53932@group-24E8E7A4399B: closes. applyIndex: 0
2019-10-01 21:22:18,263 [7240ac6f-0c5d-4826-acb2-f29a34e53932@group-24E8E7A4399B-SegmentedRaftLogWorker] INFO  segmented.SegmentedRaftLogWorker (SegmentedRaftLogWorker.java:run(313)) - 7240ac6f-0c5d-4826-acb2-f29a34e53932@group-24E8E7A4399B-SegmentedRaftLogWorker was interrupted, exiting. There are 0 tasks remaining in the queue.
2019-10-01 21:22:18,263 [main] INFO  segmented.SegmentedRaftLogWorker (SegmentedRaftLogWorker.java:close(228)) - 7240ac6f-0c5d-4826-acb2-f29a34e53932@group-24E8E7A4399B-SegmentedRaftLogWorker close()
2019-10-01 21:22:18,264 [main] INFO  server.GrpcService (GrpcService.java:closeImpl(164)) - 7240ac6f-0c5d-4826-acb2-f29a34e53932: shutdown server with port 34236 now
2019-10-01 21:22:18,265 [grpc-default-executor-5] WARN  server.GrpcServerProtocolService (LogUtils.java:warn(134)) - 7240ac6f-0c5d-4826-acb2-f29a34e53932: installSnapshot onError, lastRequest: 02e284fd-040a-4e6e-a977-f8bb7b31abf7->7240ac6f-0c5d-4826-acb2-f29a34e53932#4-t3, previous=(t:3, i:10), leaderCommit=10, initializing? false, entries: <empty>: org.apache.ratis.thirdparty.io.grpc.StatusRuntimeException: CANCELLED: cancelled before receiving half close
2019-10-01 21:22:18,265 [grpc-default-executor-4] WARN  server.GrpcLogAppender (LogUtils.java:warn(134)) - 02e284fd-040a-4e6e-a977-f8bb7b31abf7@group-734A4A51BB22->7240ac6f-0c5d-4826-acb2-f29a34e53932-AppendLogResponseHandler: Failed appendEntries: org.apache.ratis.thirdparty.io.grpc.StatusRuntimeException: CANCELLED: HTTP/2 error code: CANCEL
Received Rst Stream
2019-10-01 21:22:18,265 [main] INFO  server.GrpcService (GrpcService.java:closeImpl(172)) - 7240ac6f-0c5d-4826-acb2-f29a34e53932: shutdown server with port 34236 successfully
2019-10-01 21:22:18,265 [grpc-default-executor-4] INFO  impl.FollowerInfo (FollowerInfo.java:lambda$new$0(51)) - 02e284fd-040a-4e6e-a977-f8bb7b31abf7@group-734A4A51BB22->7240ac6f-0c5d-4826-acb2-f29a34e53932: nextIndex: updateUnconditionally 11 -> 10
2019-10-01 21:22:18,267 [grpc-default-executor-2] WARN  client.GrpcClientProtocolService (LogUtils.java:warn(134)) - 46-OrderedRequestStreamObserver46: onError: org.apache.ratis.thirdparty.io.grpc.StatusRuntimeException: CANCELLED: cancelled before receiving half close
2019-10-01 21:22:18,267 [refreshUsed-/workdir/hadoop-ozone/integration-test/target/test-dir/MiniOzoneClusterImpl-de3107aa-fdfe-498c-bc41-a98c7d3f2bf4/datanode-6/data/containers] WARN  fs.CachingGetSpaceUsed (CachingGetSpaceUsed.java:run(183)) - Thread Interrupted waiting to refresh disk information: sleep interrupted
2019-10-01 21:22:18,279 [main] INFO  utils.BackgroundService (BackgroundService.java:shutdown(148)) - Shutting down service BlockDeletingService
2019-10-01 21:22:18,282 [main] INFO  statemachine.DatanodeStateMachine (DatanodeStateMachine.java:stopDaemon(395)) - Ozone container server stopped.
2019-10-01 21:22:18,283 [main] INFO  handler.ContextHandler (ContextHandler.java:doStop(910)) - Stopped o.e.j.w.WebAppContext@59c04bee{/,null,UNAVAILABLE}{/hddsDatanode}
2019-10-01 21:22:18,283 [main] INFO  server.AbstractConnector (AbstractConnector.java:doStop(318)) - Stopped ServerConnector@45900b64{HTTP/1.1,[http/1.1]}{0.0.0.0:0}
2019-10-01 21:22:18,283 [main] INFO  handler.ContextHandler (ContextHandler.java:doStop(910)) - Stopped o.e.j.s.ServletContextHandler@2fb25f4c{/static,jar:file:/home/user/.m2/repository/org/apache/hadoop/hadoop-hdds-container-service/0.5.0-SNAPSHOT/hadoop-hdds-container-service-0.5.0-SNAPSHOT.jar!/webapps/static,UNAVAILABLE}
2019-10-01 21:22:18,284 [main] INFO  handler.ContextHandler (ContextHandler.java:doStop(910)) - Stopped o.e.j.s.ServletContextHandler@57ddd45b{/logs,file:///workdir/hadoop-ozone/integration-test/target/log,UNAVAILABLE}
2019-10-01 21:22:19,191 [Datanode State Machine Thread - 0] INFO  statemachine.DatanodeStateMachine (DatanodeStateMachine.java:lambda$startDaemon$0(350)) - Ozone container server started.
2019-10-01 21:22:20,351 [grpc-default-executor-7] WARN  server.GrpcLogAppender (LogUtils.java:warn(134)) - 02e284fd-040a-4e6e-a977-f8bb7b31abf7@group-734A4A51BB22->b2c9ba6a-9bd8-402b-8c7d-73b100db3170-AppendLogResponseHandler: Failed appendEntries: org.apache.ratis.thirdparty.io.grpc.StatusRuntimeException: UNAVAILABLE: io exception
2019-10-01 21:22:20,351 [grpc-default-executor-4] WARN  server.GrpcLogAppender (LogUtils.java:warn(134)) - 02e284fd-040a-4e6e-a977-f8bb7b31abf7@group-734A4A51BB22->7240ac6f-0c5d-4826-acb2-f29a34e53932-AppendLogResponseHandler: Failed appendEntries: org.apache.ratis.thirdparty.io.grpc.StatusRuntimeException: UNAVAILABLE: io exception
2019-10-01 21:22:20,351 [grpc-default-executor-7] INFO  impl.FollowerInfo (FollowerInfo.java:lambda$new$0(51)) - 02e284fd-040a-4e6e-a977-f8bb7b31abf7@group-734A4A51BB22->b2c9ba6a-9bd8-402b-8c7d-73b100db3170: nextIndex: updateUnconditionally 0 -> 0
2019-10-01 21:22:20,351 [grpc-default-executor-4] INFO  impl.FollowerInfo (FollowerInfo.java:lambda$new$0(51)) - 02e284fd-040a-4e6e-a977-f8bb7b31abf7@group-734A4A51BB22->7240ac6f-0c5d-4826-acb2-f29a34e53932: nextIndex: updateUnconditionally 10 -> 9
2019-10-01 21:22:22,852 [grpc-default-executor-7] WARN  server.GrpcLogAppender (LogUtils.java:warn(134)) - 02e284fd-040a-4e6e-a977-f8bb7b31abf7@group-734A4A51BB22->b2c9ba6a-9bd8-402b-8c7d-73b100db3170-AppendLogResponseHandler: Failed appendEntries: org.apache.ratis.thirdparty.io.grpc.StatusRuntimeException: UNAVAILABLE: io exception
2019-10-01 21:22:22,852 [grpc-default-executor-4] WARN  server.GrpcLogAppender (LogUtils.java:warn(134)) - 02e284fd-040a-4e6e-a977-f8bb7b31abf7@group-734A4A51BB22->7240ac6f-0c5d-4826-acb2-f29a34e53932-AppendLogResponseHandler: Failed appendEntries: org.apache.ratis.thirdparty.io.grpc.StatusRuntimeException: UNAVAILABLE: io exception
2019-10-01 21:22:22,853 [grpc-default-executor-7] INFO  impl.FollowerInfo (FollowerInfo.java:lambda$new$0(51)) - 02e284fd-040a-4e6e-a977-f8bb7b31abf7@group-734A4A51BB22->b2c9ba6a-9bd8-402b-8c7d-73b100db3170: nextIndex: updateUnconditionally 0 -> 0
2019-10-01 21:22:22,853 [grpc-default-executor-4] INFO  impl.FollowerInfo (FollowerInfo.java:lambda$new$0(51)) - 02e284fd-040a-4e6e-a977-f8bb7b31abf7@group-734A4A51BB22->7240ac6f-0c5d-4826-acb2-f29a34e53932: nextIndex: updateUnconditionally 9 -> 8
2019-10-01 21:22:23,263 [ForkJoinPool.commonPool-worker-0] INFO  ozoneimpl.OzoneContainer (OzoneContainer.java:stop(231)) - Attempting to stop container services.
2019-10-01 21:22:23,263 [ForkJoinPool.commonPool-worker-0] INFO  impl.RaftServerProxy (RaftServerProxy.java:lambda$close$4(314)) - 02e284fd-040a-4e6e-a977-f8bb7b31abf7: close
2019-10-01 21:22:23,264 [ForkJoinPool.commonPool-worker-0] INFO  impl.RaftServerImpl (RaftServerImpl.java:lambda$shutdown$3(251)) - 02e284fd-040a-4e6e-a977-f8bb7b31abf7@group-734A4A51BB22: shutdown
2019-10-01 21:22:23,264 [ForkJoinPool.commonPool-worker-0] INFO  util.JmxRegister (JmxRegister.java:unregister(73)) - Successfully un-registered JMX Bean with object name Ratis:service=RaftServer,group=group-734A4A51BB22,id=02e284fd-040a-4e6e-a977-f8bb7b31abf7
2019-10-01 21:22:23,264 [ForkJoinPool.commonPool-worker-0] INFO  impl.RoleInfo (RoleInfo.java:shutdownLeaderState(104)) - 02e284fd-040a-4e6e-a977-f8bb7b31abf7: shutdown LeaderState
2019-10-01 21:22:23,269 [org.apache.ratis.server.impl.LogAppender$AppenderDaemon$$Lambda$484/802450792@302e1fa6] WARN  server.GrpcLogAppender (GrpcLogAppender.java:mayWait(143)) - 02e284fd-040a-4e6e-a977-f8bb7b31abf7@group-734A4A51BB22->7240ac6f-0c5d-4826-acb2-f29a34e53932-GrpcLogAppender: Wait interrupted by java.lang.InterruptedException
2019-10-01 21:22:23,269 [org.apache.ratis.server.impl.LogAppender$AppenderDaemon$$Lambda$484/802450792@4864912f] WARN  server.GrpcLogAppender (GrpcLogAppender.java:mayWait(143)) - 02e284fd-040a-4e6e-a977-f8bb7b31abf7@group-734A4A51BB22->b2c9ba6a-9bd8-402b-8c7d-73b100db3170-GrpcLogAppender: Wait interrupted by java.lang.InterruptedException
2019-10-01 21:22:23,269 [ForkJoinPool.commonPool-worker-0] INFO  impl.PendingRequests (PendingRequests.java:sendNotLeaderResponses(202)) - 02e284fd-040a-4e6e-a977-f8bb7b31abf7-PendingRequests: sendNotLeaderResponses
2019-10-01 21:22:23,270 [ForkJoinPool.commonPool-worker-0] INFO  impl.StateMachineUpdater (StateMachineUpdater.java:stopAndJoin(125)) - 02e284fd-040a-4e6e-a977-f8bb7b31abf7@group-734A4A51BB22-StateMachineUpdater: set stopIndex = 10
2019-10-01 21:22:23,270 [02e284fd-040a-4e6e-a977-f8bb7b31abf7@group-734A4A51BB22-StateMachineUpdater] INFO  ratis.ContainerStateMachine (ContainerStateMachine.java:takeSnapshot(289)) - group-734A4A51BB22: Taking a snapshot at:(t:2, i:6) file /workdir/hadoop-ozone/integration-test/target/test-dir/MiniOzoneClusterImpl-de3107aa-fdfe-498c-bc41-a98c7d3f2bf4/datanode-5/data/ratis/db0c5304-89db-41f3-849d-734a4a51bb22/sm/snapshot.2_6
2019-10-01 21:22:23,284 [02e284fd-040a-4e6e-a977-f8bb7b31abf7@group-734A4A51BB22-StateMachineUpdater] INFO  ratis.ContainerStateMachine (ContainerStateMachine.java:takeSnapshot(300)) - group-734A4A51BB22: Finished taking a snapshot at:(t:2, i:6) file:/workdir/hadoop-ozone/integration-test/target/test-dir/MiniOzoneClusterImpl-de3107aa-fdfe-498c-bc41-a98c7d3f2bf4/datanode-5/data/ratis/db0c5304-89db-41f3-849d-734a4a51bb22/sm/snapshot.2_6 time:13
2019-10-01 21:22:23,284 [02e284fd-040a-4e6e-a977-f8bb7b31abf7@group-734A4A51BB22-StateMachineUpdater] INFO  impl.StateMachineUpdater (StateMachineUpdater.java:takeSnapshot(258)) - 02e284fd-040a-4e6e-a977-f8bb7b31abf7@group-734A4A51BB22-StateMachineUpdater: Took a snapshot at index 6
2019-10-01 21:22:23,284 [02e284fd-040a-4e6e-a977-f8bb7b31abf7@group-734A4A51BB22-StateMachineUpdater] INFO  impl.StateMachineUpdater (StateMachineUpdater.java:lambda$new$0(83)) - 02e284fd-040a-4e6e-a977-f8bb7b31abf7@group-734A4A51BB22-StateMachineUpdater: snapshotIndex: updateIncreasingly -1 -> 6
2019-10-01 21:22:23,285 [02e284fd-040a-4e6e-a977-f8bb7b31abf7@group-734A4A51BB22-StateMachineUpdater] INFO  ratis.ContainerStateMachine (ContainerStateMachine.java:takeSnapshot(289)) - group-734A4A51BB22: Taking a snapshot at:(t:2, i:6) file /workdir/hadoop-ozone/integration-test/target/test-dir/MiniOzoneClusterImpl-de3107aa-fdfe-498c-bc41-a98c7d3f2bf4/datanode-5/data/ratis/db0c5304-89db-41f3-849d-734a4a51bb22/sm/snapshot.2_6
2019-10-01 21:22:23,297 [02e284fd-040a-4e6e-a977-f8bb7b31abf7@group-734A4A51BB22-StateMachineUpdater] INFO  ratis.ContainerStateMachine (ContainerStateMachine.java:takeSnapshot(300)) - group-734A4A51BB22: Finished taking a snapshot at:(t:2, i:6) file:/workdir/hadoop-ozone/integration-test/target/test-dir/MiniOzoneClusterImpl-de3107aa-fdfe-498c-bc41-a98c7d3f2bf4/datanode-5/data/ratis/db0c5304-89db-41f3-849d-734a4a51bb22/sm/snapshot.2_6 time:13
2019-10-01 21:22:23,297 [02e284fd-040a-4e6e-a977-f8bb7b31abf7@group-734A4A51BB22-StateMachineUpdater] INFO  impl.StateMachineUpdater (StateMachineUpdater.java:takeSnapshot(258)) - 02e284fd-040a-4e6e-a977-f8bb7b31abf7@group-734A4A51BB22-StateMachineUpdater: Took a snapshot at index 6
2019-10-01 21:22:23,297 [02e284fd-040a-4e6e-a977-f8bb7b31abf7@group-734A4A51BB22-StateMachineUpdater] INFO  impl.StateMachineUpdater (StateMachineUpdater.java:lambda$new$0(83)) - 02e284fd-040a-4e6e-a977-f8bb7b31abf7@group-734A4A51BB22-StateMachineUpdater: snapshotIndex: updateIncreasingly 6 -> 6
2019-10-01 21:22:23,298 [ForkJoinPool.commonPool-worker-0] INFO  impl.RaftServerImpl (ServerState.java:close(385)) - 02e284fd-040a-4e6e-a977-f8bb7b31abf7@group-734A4A51BB22: closes. applyIndex: 10
2019-10-01 21:22:23,298 [02e284fd-040a-4e6e-a977-f8bb7b31abf7@group-734A4A51BB22-SegmentedRaftLogWorker] INFO  segmented.SegmentedRaftLogWorker (SegmentedRaftLogWorker.java:run(313)) - 02e284fd-040a-4e6e-a977-f8bb7b31abf7@group-734A4A51BB22-SegmentedRaftLogWorker was interrupted, exiting. There are 0 tasks remaining in the queue.
2019-10-01 21:22:23,299 [ForkJoinPool.commonPool-worker-0] INFO  segmented.SegmentedRaftLogWorker (SegmentedRaftLogWorker.java:close(228)) - 02e284fd-040a-4e6e-a977-f8bb7b31abf7@group-734A4A51BB22-SegmentedRaftLogWorker close()
2019-10-01 21:22:23,299 [ForkJoinPool.commonPool-worker-0] INFO  impl.RaftServerImpl (RaftServerImpl.java:lambda$shutdown$3(251)) - 02e284fd-040a-4e6e-a977-f8bb7b31abf7@group-5AFF17EDB454: shutdown
2019-10-01 21:22:23,299 [ForkJoinPool.commonPool-worker-0] INFO  util.JmxRegister (JmxRegister.java:unregister(73)) - Successfully un-registered JMX Bean with object name Ratis:service=RaftServer,group=group-5AFF17EDB454,id=02e284fd-040a-4e6e-a977-f8bb7b31abf7
2019-10-01 21:22:23,299 [ForkJoinPool.commonPool-worker-0] INFO  impl.RoleInfo (RoleInfo.java:shutdownLeaderState(104)) - 02e284fd-040a-4e6e-a977-f8bb7b31abf7: shutdown LeaderState
2019-10-01 21:22:23,300 [ForkJoinPool.commonPool-worker-0] INFO  impl.PendingRequests (PendingRequests.java:sendNotLeaderResponses(202)) - 02e284fd-040a-4e6e-a977-f8bb7b31abf7-PendingRequests: sendNotLeaderResponses
2019-10-01 21:22:23,300 [ForkJoinPool.commonPool-worker-0] INFO  impl.StateMachineUpdater (StateMachineUpdater.java:stopAndJoin(125)) - 02e284fd-040a-4e6e-a977-f8bb7b31abf7@group-5AFF17EDB454-StateMachineUpdater: set stopIndex = 0
2019-10-01 21:22:23,300 [ForkJoinPool.commonPool-worker-0] INFO  impl.RaftServerImpl (ServerState.java:close(385)) - 02e284fd-040a-4e6e-a977-f8bb7b31abf7@group-5AFF17EDB454: closes. applyIndex: 0
2019-10-01 21:22:23,301 [02e284fd-040a-4e6e-a977-f8bb7b31abf7@group-5AFF17EDB454-SegmentedRaftLogWorker] INFO  segmented.SegmentedRaftLogWorker (SegmentedRaftLogWorker.java:run(313)) - 02e284fd-040a-4e6e-a977-f8bb7b31abf7@group-5AFF17EDB454-SegmentedRaftLogWorker was interrupted, exiting. There are 0 tasks remaining in the queue.
2019-10-01 21:22:23,301 [ForkJoinPool.commonPool-worker-0] INFO  segmented.SegmentedRaftLogWorker (SegmentedRaftLogWorker.java:close(228)) - 02e284fd-040a-4e6e-a977-f8bb7b31abf7@group-5AFF17EDB454-SegmentedRaftLogWorker close()
2019-10-01 21:22:23,301 [ForkJoinPool.commonPool-worker-0] INFO  server.GrpcService (GrpcService.java:closeImpl(164)) - 02e284fd-040a-4e6e-a977-f8bb7b31abf7: shutdown server with port 39276 now
2019-10-01 21:22:23,302 [ForkJoinPool.commonPool-worker-0] INFO  server.GrpcService (GrpcService.java:closeImpl(172)) - 02e284fd-040a-4e6e-a977-f8bb7b31abf7: shutdown server with port 39276 successfully
2019-10-01 21:22:23,303 [refreshUsed-/workdir/hadoop-ozone/integration-test/target/test-dir/MiniOzoneClusterImpl-de3107aa-fdfe-498c-bc41-a98c7d3f2bf4/datanode-5/data/containers] WARN  fs.CachingGetSpaceUsed (CachingGetSpaceUsed.java:run(183)) - Thread Interrupted waiting to refresh disk information: sleep interrupted
2019-10-01 21:22:23,324 [ForkJoinPool.commonPool-worker-0] INFO  utils.BackgroundService (BackgroundService.java:shutdown(148)) - Shutting down service BlockDeletingService
2019-10-01 21:22:23,327 [ForkJoinPool.commonPool-worker-0] INFO  statemachine.DatanodeStateMachine (DatanodeStateMachine.java:stopDaemon(395)) - Ozone container server stopped.
2019-10-01 21:22:23,331 [ForkJoinPool.commonPool-worker-0] INFO  handler.ContextHandler (ContextHandler.java:doStop(910)) - Stopped o.e.j.w.WebAppContext@75023c53{/,null,UNAVAILABLE}{/hddsDatanode}
2019-10-01 21:22:23,332 [ForkJoinPool.commonPool-worker-0] INFO  server.AbstractConnector (AbstractConnector.java:doStop(318)) - Stopped ServerConnector@66813e6e{HTTP/1.1,[http/1.1]}{0.0.0.0:0}
2019-10-01 21:22:23,332 [ForkJoinPool.commonPool-worker-0] INFO  handler.ContextHandler (ContextHandler.java:doStop(910)) - Stopped o.e.j.s.ServletContextHandler@33eb6758{/static,jar:file:/home/user/.m2/repository/org/apache/hadoop/hadoop-hdds-container-service/0.5.0-SNAPSHOT/hadoop-hdds-container-service-0.5.0-SNAPSHOT.jar!/webapps/static,UNAVAILABLE}
2019-10-01 21:22:23,333 [ForkJoinPool.commonPool-worker-0] INFO  handler.ContextHandler (ContextHandler.java:doStop(910)) - Stopped o.e.j.s.ServletContextHandler@65f40689{/logs,file:///workdir/hadoop-ozone/integration-test/target/log,UNAVAILABLE}
2019-10-01 21:22:23,334 [main] INFO  ozone.MiniOzoneClusterImpl (MiniOzoneClusterImpl.java:stopSCM(392)) - Stopping the StorageContainerManager
2019-10-01 21:22:23,334 [main] INFO  server.StorageContainerManager (StorageContainerManager.java:stop(808)) - Stopping Replication Manager Service.
2019-10-01 21:22:23,334 [main] INFO  container.ReplicationManager (ReplicationManager.java:stop(203)) - Stopping Replication Monitor Thread.
2019-10-01 21:22:23,335 [main] INFO  server.StorageContainerManager (StorageContainerManager.java:stop(815)) - Stopping Lease Manager of the command watchers
2019-10-01 21:22:23,335 [main] INFO  server.StorageContainerManager (StorageContainerManager.java:stop(822)) - Stopping datanode service RPC server
2019-10-01 21:22:23,335 [main] INFO  server.SCMDatanodeProtocolServer (SCMDatanodeProtocolServer.java:stop(367)) - Stopping the RPC server for DataNodes
2019-10-01 21:22:23,335 [main] INFO  ipc.Server (Server.java:stop(3082)) - Stopping server on 34742
2019-10-01 21:22:23,338 [IPC Server listener on 34742] INFO  ipc.Server (Server.java:run(1185)) - Stopping IPC Server listener on 34742
2019-10-01 21:22:23,338 [IPC Server Responder] INFO  ipc.Server (Server.java:run(1319)) - Stopping IPC Server Responder
2019-10-01 21:22:23,410 [SCM Heartbeat Processing Thread - 0] WARN  node.NodeStateManager (NodeStateManager.java:scheduleNextHealthCheck(646)) - Current Thread is interrupted, shutting down HB processing thread for Node Manager.
2019-10-01 21:22:23,410 [main] INFO  server.StorageContainerManager (StorageContainerManager.java:stop(830)) - Stopping block service RPC server
2019-10-01 21:22:23,411 [main] INFO  server.SCMBlockProtocolServer (SCMBlockProtocolServer.java:stop(155)) - Stopping the RPC server for Block Protocol
2019-10-01 21:22:23,411 [main] INFO  ipc.Server (Server.java:stop(3082)) - Stopping server on 36590
2019-10-01 21:22:23,413 [IPC Server listener on 36590] INFO  ipc.Server (Server.java:run(1185)) - Stopping IPC Server listener on 36590
2019-10-01 21:22:23,413 [main] INFO  server.StorageContainerManager (StorageContainerManager.java:stop(837)) - Stopping the StorageContainerLocationProtocol RPC server
2019-10-01 21:22:23,413 [IPC Server Responder] INFO  ipc.Server (Server.java:run(1319)) - Stopping IPC Server Responder
2019-10-01 21:22:23,413 [main] INFO  server.SCMClientProtocolServer (SCMClientProtocolServer.java:stop(159)) - Stopping the RPC server for Client Protocol
2019-10-01 21:22:23,414 [main] INFO  ipc.Server (Server.java:stop(3082)) - Stopping server on 40578
2019-10-01 21:22:23,417 [IPC Server listener on 40578] INFO  ipc.Server (Server.java:run(1185)) - Stopping IPC Server listener on 40578
2019-10-01 21:22:23,417 [main] INFO  server.StorageContainerManager (StorageContainerManager.java:stop(844)) - Stopping Storage Container Manager HTTP server.
2019-10-01 21:22:23,417 [IPC Server Responder] INFO  ipc.Server (Server.java:run(1319)) - Stopping IPC Server Responder
2019-10-01 21:22:23,418 [main] INFO  handler.ContextHandler (ContextHandler.java:doStop(910)) - Stopped o.e.j.w.WebAppContext@2d85fb64{/,null,UNAVAILABLE}{/scm}
2019-10-01 21:22:23,419 [main] INFO  server.AbstractConnector (AbstractConnector.java:doStop(318)) - Stopped ServerConnector@56476c16{HTTP/1.1,[http/1.1]}{0.0.0.0:0}
2019-10-01 21:22:23,420 [main] INFO  handler.ContextHandler (ContextHandler.java:doStop(910)) - Stopped o.e.j.s.ServletContextHandler@67774e29{/static,file:///workdir/hadoop-ozone/integration-test/target/test-classes/webapps/static,UNAVAILABLE}
2019-10-01 21:22:23,421 [main] INFO  handler.ContextHandler (ContextHandler.java:doStop(910)) - Stopped o.e.j.s.ServletContextHandler@60bb7995{/logs,file:///workdir/hadoop-ozone/integration-test/target/log,UNAVAILABLE}
2019-10-01 21:22:23,422 [main] INFO  server.StorageContainerManager (StorageContainerManager.java:stop(855)) - Stopping Block Manager Service.
2019-10-01 21:22:23,422 [main] INFO  utils.BackgroundService (BackgroundService.java:shutdown(148)) - Shutting down service SCMBlockDeletingService
2019-10-01 21:22:23,422 [main] INFO  utils.BackgroundService (BackgroundService.java:shutdown(148)) - Shutting down service SCMBlockDeletingService
2019-10-01 21:22:23,423 [main] INFO  server.StorageContainerManager (StorageContainerManager.java:stop(877)) - Stopping SCM Event Queue.
2019-10-01 21:22:23,429 [main] INFO  impl.MetricsSystemImpl (MetricsSystemImpl.java:stop(210)) - Stopping HddsDatanode metrics system...
2019-10-01 21:22:23,445 [main] INFO  impl.MetricsSystemImpl (MetricsSystemImpl.java:stop(216)) - HddsDatanode metrics system stopped.
]]></system-out>
    <system-err><![CDATA[Oct 01, 2019 9:22:08 PM org.apache.ratis.thirdparty.io.grpc.internal.SerializingExecutor run
SEVERE: Exception while executing runnable org.apache.ratis.thirdparty.io.grpc.internal.ServerImpl$JumpToApplicationThreadServerStreamListener$1Closed@9f10d7
org.apache.ratis.thirdparty.io.grpc.StatusRuntimeException: CANCELLED: call already cancelled
	at org.apache.ratis.thirdparty.io.grpc.Status.asRuntimeException(Status.java:517)
	at org.apache.ratis.thirdparty.io.grpc.stub.ServerCalls$ServerCallStreamObserverImpl.onCompleted(ServerCalls.java:356)
	at org.apache.ratis.grpc.server.GrpcServerProtocolService$ServerRequestStreamObserver.onError(GrpcServerProtocolService.java:121)
	at org.apache.ratis.thirdparty.io.grpc.stub.ServerCalls$StreamingServerCallHandler$StreamingServerCallListener.onCancel(ServerCalls.java:269)
	at org.apache.ratis.thirdparty.io.grpc.internal.ServerCallImpl$ServerStreamListenerImpl.closed(ServerCallImpl.java:293)
	at org.apache.ratis.thirdparty.io.grpc.internal.ServerImpl$JumpToApplicationThreadServerStreamListener$1Closed.runInContext(ServerImpl.java:741)
	at org.apache.ratis.thirdparty.io.grpc.internal.ContextRunnable.run(ContextRunnable.java:37)
	at org.apache.ratis.thirdparty.io.grpc.internal.SerializingExecutor.run(SerializingExecutor.java:123)
	at java.util.concurrent.ThreadPoolExecutor.runWorker(ThreadPoolExecutor.java:1149)
	at java.util.concurrent.ThreadPoolExecutor$Worker.run(ThreadPoolExecutor.java:624)
	at java.lang.Thread.run(Thread.java:748)

Oct 01, 2019 9:22:18 PM org.apache.ratis.thirdparty.io.grpc.internal.SerializingExecutor run
SEVERE: Exception while executing runnable org.apache.ratis.thirdparty.io.grpc.internal.ServerImpl$JumpToApplicationThreadServerStreamListener$1Closed@3ae7006b
org.apache.ratis.thirdparty.io.grpc.StatusRuntimeException: CANCELLED: call already cancelled
	at org.apache.ratis.thirdparty.io.grpc.Status.asRuntimeException(Status.java:517)
	at org.apache.ratis.thirdparty.io.grpc.stub.ServerCalls$ServerCallStreamObserverImpl.onCompleted(ServerCalls.java:356)
	at org.apache.ratis.grpc.server.GrpcServerProtocolService$ServerRequestStreamObserver.onError(GrpcServerProtocolService.java:121)
	at org.apache.ratis.thirdparty.io.grpc.stub.ServerCalls$StreamingServerCallHandler$StreamingServerCallListener.onCancel(ServerCalls.java:269)
	at org.apache.ratis.thirdparty.io.grpc.internal.ServerCallImpl$ServerStreamListenerImpl.closed(ServerCallImpl.java:293)
	at org.apache.ratis.thirdparty.io.grpc.internal.ServerImpl$JumpToApplicationThreadServerStreamListener$1Closed.runInContext(ServerImpl.java:741)
	at org.apache.ratis.thirdparty.io.grpc.internal.ContextRunnable.run(ContextRunnable.java:37)
	at org.apache.ratis.thirdparty.io.grpc.internal.SerializingExecutor.run(SerializingExecutor.java:123)
	at java.util.concurrent.ThreadPoolExecutor.runWorker(ThreadPoolExecutor.java:1149)
	at java.util.concurrent.ThreadPoolExecutor$Worker.run(ThreadPoolExecutor.java:624)
	at java.lang.Thread.run(Thread.java:748)

]]></system-err>
  </testcase>
</testsuite>