<?xml version="1.0" encoding="UTF-8"?>
<testsuite xmlns:xsi="http://www.w3.org/2001/XMLSchema-instance" xsi:noNamespaceSchemaLocation="https://maven.apache.org/surefire/maven-surefire-plugin/xsd/surefire-test-report.xsd" name="org.apache.hadoop.ozone.client.rpc.TestBlockOutputStreamWithFailures" time="729.478" tests="8" errors="0" skipped="0" failures="1">
  <properties>
    <property name="awt.toolkit" value="sun.awt.X11.XToolkit"/>
    <property name="file.encoding.pkg" value="sun.io"/>
    <property name="java.specification.version" value="1.8"/>
    <property name="sun.cpu.isalist" value=""/>
    <property name="sun.jnu.encoding" value="UTF-8"/>
    <property name="java.class.path" value="/workdir/hadoop-ozone/integration-test/target/test-classes:/workdir/hadoop-ozone/integration-test/target/classes:/home/user/.m2/repository/org/apache/hadoop/hadoop-ozone-common/0.5.0-SNAPSHOT/hadoop-ozone-common-0.5.0-SNAPSHOT.jar:/home/user/.m2/repository/org/apache/commons/commons-compress/1.4.1/commons-compress-1.4.1.jar:/home/user/.m2/repository/org/tukaani/xz/1.0/xz-1.0.jar:/home/user/.m2/repository/org/apache/hadoop/hadoop-common/3.2.0/hadoop-common-3.2.0.jar:/home/user/.m2/repository/org/apache/hadoop/hadoop-hdfs/3.2.0/hadoop-hdfs-3.2.0.jar:/home/user/.m2/repository/org/apache/hadoop/hadoop-hdfs-client/3.2.0/hadoop-hdfs-client-3.2.0.jar:/home/user/.m2/repository/com/fasterxml/jackson/core/jackson-annotations/2.9.9/jackson-annotations-2.9.9.jar:/home/user/.m2/repository/org/apache/hadoop/hadoop-hdds-common/0.5.0-SNAPSHOT/hadoop-hdds-common-0.5.0-SNAPSHOT.jar:/home/user/.m2/repository/javax/annotation/javax.annotation-api/1.2/javax.annotation-api-1.2.jar:/home/user/.m2/repository/org/apache/ratis/ratis-server/0.5.0-201fc85-SNAPSHOT/ratis-server-0.5.0-201fc85-SNAPSHOT.jar:/home/user/.m2/repository/org/apache/ratis/ratis-thirdparty-misc/0.2.0/ratis-thirdparty-misc-0.2.0.jar:/home/user/.m2/repository/org/apache/ratis/ratis-proto/0.5.0-201fc85-SNAPSHOT/ratis-proto-0.5.0-201fc85-SNAPSHOT.jar:/home/user/.m2/repository/org/apache/ratis/ratis-common/0.5.0-201fc85-SNAPSHOT/ratis-common-0.5.0-201fc85-SNAPSHOT.jar:/home/user/.m2/repository/org/apache/ratis/ratis-client/0.5.0-201fc85-SNAPSHOT/ratis-client-0.5.0-201fc85-SNAPSHOT.jar:/home/user/.m2/repository/org/apache/ratis/ratis-metrics/0.5.0-201fc85-SNAPSHOT/ratis-metrics-0.5.0-201fc85-SNAPSHOT.jar:/home/user/.m2/repository/com/github/joshelser/dropwizard-metrics-hadoop-metrics2-reporter/0.1.2/dropwizard-metrics-hadoop-metrics2-reporter-0.1.2.jar:/home/user/.m2/repository/io/dropwizard/metrics/metrics-jvm/3.2.5/metrics-jvm-3.2.5.jar:/home/user/.m2/repository/io/dropwizard/metrics/metrics-ganglia/3.2.5/metrics-ganglia-3.2.5.jar:/home/user/.m2/repository/info/ganglia/gmetric4j/gmetric4j/1.0.7/gmetric4j-1.0.7.jar:/home/user/.m2/repository/org/apache/ratis/ratis-netty/0.5.0-201fc85-SNAPSHOT/ratis-netty-0.5.0-201fc85-SNAPSHOT.jar:/home/user/.m2/repository/org/apache/ratis/ratis-grpc/0.5.0-201fc85-SNAPSHOT/ratis-grpc-0.5.0-201fc85-SNAPSHOT.jar:/home/user/.m2/repository/org/rocksdb/rocksdbjni/6.0.1/rocksdbjni-6.0.1.jar:/home/user/.m2/repository/org/apache/logging/log4j/log4j-api/2.11.0/log4j-api-2.11.0.jar:/home/user/.m2/repository/org/apache/logging/log4j/log4j-core/2.11.0/log4j-core-2.11.0.jar:/home/user/.m2/repository/com/lmax/disruptor/3.4.2/disruptor-3.4.2.jar:/home/user/.m2/repository/org/apache/commons/commons-pool2/2.6.0/commons-pool2-2.6.0.jar:/home/user/.m2/repository/org/bouncycastle/bcpkix-jdk15on/1.60/bcpkix-jdk15on-1.60.jar:/home/user/.m2/repository/commons-validator/commons-validator/1.6/commons-validator-1.6.jar:/home/user/.m2/repository/commons-digester/commons-digester/1.8.1/commons-digester-1.8.1.jar:/home/user/.m2/repository/io/jaegertracing/jaeger-client/0.34.0/jaeger-client-0.34.0.jar:/home/user/.m2/repository/io/jaegertracing/jaeger-thrift/0.34.0/jaeger-thrift-0.34.0.jar:/home/user/.m2/repository/org/apache/thrift/libthrift/0.12.0/libthrift-0.12.0.jar:/home/user/.m2/repository/com/squareup/okhttp3/okhttp/3.9.0/okhttp-3.9.0.jar:/home/user/.m2/repository/com/squareup/okio/okio/1.13.0/okio-1.13.0.jar:/home/user/.m2/repository/io/jaegertracing/jaeger-core/0.34.0/jaeger-core-0.34.0.jar:/home/user/.m2/repository/io/jaegertracing/jaeger-tracerresolver/0.34.0/jaeger-tracerresolver-0.34.0.jar:/home/user/.m2/repository/io/opentracing/contrib/opentracing-tracerresolver/0.1.5/opentracing-tracerresolver-0.1.5.jar:/home/user/.m2/repository/io/opentracing/opentracing-util/0.31.0/opentracing-util-0.31.0.jar:/home/user/.m2/repository/io/opentracing/opentracing-api/0.31.0/opentracing-api-0.31.0.jar:/home/user/.m2/repository/io/opentracing/opentracing-noop/0.31.0/opentracing-noop-0.31.0.jar:/home/user/.m2/repository/org/apache/hadoop/hadoop-hdds-server-framework/0.5.0-SNAPSHOT/hadoop-hdds-server-framework-0.5.0-SNAPSHOT.jar:/home/user/.m2/repository/org/apache/hadoop/hadoop-hdds-container-service/0.5.0-SNAPSHOT/hadoop-hdds-container-service-0.5.0-SNAPSHOT.jar:/home/user/.m2/repository/org/apache/hadoop/hadoop-hdds-client/0.5.0-SNAPSHOT/hadoop-hdds-client-0.5.0-SNAPSHOT.jar:/home/user/.m2/repository/org/apache/hadoop/hadoop-hdds-tools/0.5.0-SNAPSHOT/hadoop-hdds-tools-0.5.0-SNAPSHOT.jar:/home/user/.m2/repository/org/apache/hadoop/hadoop-hdds-server-scm/0.5.0-SNAPSHOT/hadoop-hdds-server-scm-0.5.0-SNAPSHOT.jar:/home/user/.m2/repository/org/apache/hadoop/hadoop-hdds-docs/0.5.0-SNAPSHOT/hadoop-hdds-docs-0.5.0-SNAPSHOT.jar:/home/user/.m2/repository/io/dropwizard/metrics/metrics-core/3.2.4/metrics-core-3.2.4.jar:/home/user/.m2/repository/org/hamcrest/hamcrest-all/1.3/hamcrest-all-1.3.jar:/home/user/.m2/repository/org/bouncycastle/bcprov-jdk15on/1.60/bcprov-jdk15on-1.60.jar:/home/user/.m2/repository/info/picocli/picocli/3.9.6/picocli-3.9.6.jar:/home/user/.m2/repository/com/google/protobuf/protobuf-java/2.5.0/protobuf-java-2.5.0.jar:/home/user/.m2/repository/com/google/guava/guava/11.0.2/guava-11.0.2.jar:/home/user/.m2/repository/org/apache/hadoop/hadoop-ozone-ozone-manager/0.5.0-SNAPSHOT/hadoop-ozone-ozone-manager-0.5.0-SNAPSHOT.jar:/home/user/.m2/repository/org/apache/hadoop/hadoop-minikdc/3.2.0/hadoop-minikdc-3.2.0.jar:/home/user/.m2/repository/commons-io/commons-io/2.5/commons-io-2.5.jar:/home/user/.m2/repository/org/apache/kerby/kerb-simplekdc/1.0.1/kerb-simplekdc-1.0.1.jar:/home/user/.m2/repository/org/apache/kerby/kerb-client/1.0.1/kerb-client-1.0.1.jar:/home/user/.m2/repository/org/apache/kerby/kerby-config/1.0.1/kerby-config-1.0.1.jar:/home/user/.m2/repository/org/apache/kerby/kerb-core/1.0.1/kerb-core-1.0.1.jar:/home/user/.m2/repository/org/apache/kerby/kerby-pkix/1.0.1/kerby-pkix-1.0.1.jar:/home/user/.m2/repository/org/apache/kerby/kerby-asn1/1.0.1/kerby-asn1-1.0.1.jar:/home/user/.m2/repository/org/apache/kerby/kerby-util/1.0.1/kerby-util-1.0.1.jar:/home/user/.m2/repository/org/apache/kerby/kerb-common/1.0.1/kerb-common-1.0.1.jar:/home/user/.m2/repository/org/apache/kerby/kerb-crypto/1.0.1/kerb-crypto-1.0.1.jar:/home/user/.m2/repository/org/apache/kerby/kerb-util/1.0.1/kerb-util-1.0.1.jar:/home/user/.m2/repository/org/apache/kerby/token-provider/1.0.1/token-provider-1.0.1.jar:/home/user/.m2/repository/org/apache/kerby/kerb-admin/1.0.1/kerb-admin-1.0.1.jar:/home/user/.m2/repository/org/apache/kerby/kerb-server/1.0.1/kerb-server-1.0.1.jar:/home/user/.m2/repository/org/apache/kerby/kerb-identity/1.0.1/kerb-identity-1.0.1.jar:/home/user/.m2/repository/org/apache/kerby/kerby-xdr/1.0.1/kerby-xdr-1.0.1.jar:/home/user/.m2/repository/org/slf4j/slf4j-log4j12/1.7.25/slf4j-log4j12-1.7.25.jar:/home/user/.m2/repository/org/apache/hadoop/hadoop-ozone-s3gateway/0.5.0-SNAPSHOT/hadoop-ozone-s3gateway-0.5.0-SNAPSHOT.jar:/home/user/.m2/repository/org/jboss/weld/servlet/weld-servlet/2.4.7.Final/weld-servlet-2.4.7.Final.jar:/home/user/.m2/repository/org/glassfish/jersey/containers/jersey-container-servlet-core/2.27/jersey-container-servlet-core-2.27.jar:/home/user/.m2/repository/org/glassfish/hk2/external/javax.inject/2.5.0-b42/javax.inject-2.5.0-b42.jar:/home/user/.m2/repository/org/glassfish/jersey/core/jersey-common/2.27/jersey-common-2.27.jar:/home/user/.m2/repository/org/glassfish/hk2/osgi-resource-locator/1.0.1/osgi-resource-locator-1.0.1.jar:/home/user/.m2/repository/javax/ws/rs/javax.ws.rs-api/2.1/javax.ws.rs-api-2.1.jar:/home/user/.m2/repository/org/glassfish/jersey/ext/cdi/jersey-cdi1x/2.27/jersey-cdi1x-2.27.jar:/home/user/.m2/repository/org/glassfish/jersey/inject/jersey-hk2/2.27/jersey-hk2-2.27.jar:/home/user/.m2/repository/org/glassfish/hk2/hk2-locator/2.5.0-b42/hk2-locator-2.5.0-b42.jar:/home/user/.m2/repository/org/javassist/javassist/3.22.0-CR2/javassist-3.22.0-CR2.jar:/home/user/.m2/repository/org/glassfish/hk2/hk2-api/2.5.0/hk2-api-2.5.0.jar:/home/user/.m2/repository/org/glassfish/hk2/external/jakarta.inject/2.5.0/jakarta.inject-2.5.0.jar:/home/user/.m2/repository/org/glassfish/hk2/hk2-utils/2.5.0/hk2-utils-2.5.0.jar:/home/user/.m2/repository/jakarta/annotation/jakarta.annotation-api/1.3.4/jakarta.annotation-api-1.3.4.jar:/home/user/.m2/repository/org/glassfish/hk2/external/aopalliance-repackaged/2.5.0/aopalliance-repackaged-2.5.0.jar:/home/user/.m2/repository/com/fasterxml/jackson/dataformat/jackson-dataformat-xml/2.9.0/jackson-dataformat-xml-2.9.0.jar:/home/user/.m2/repository/com/fasterxml/jackson/core/jackson-core/2.9.9/jackson-core-2.9.9.jar:/home/user/.m2/repository/com/fasterxml/jackson/module/jackson-module-jaxb-annotations/2.9.9/jackson-module-jaxb-annotations-2.9.9.jar:/home/user/.m2/repository/javax/enterprise/cdi-api/1.2/cdi-api-1.2.jar:/home/user/.m2/repository/javax/el/javax.el-api/3.0.0/javax.el-api-3.0.0.jar:/home/user/.m2/repository/javax/interceptor/javax.interceptor-api/1.2/javax.interceptor-api-1.2.jar:/home/user/.m2/repository/javax/inject/javax.inject/1/javax.inject-1.jar:/home/user/.m2/repository/com/sun/xml/bind/jaxb-impl/2.3.0.1/jaxb-impl-2.3.0.1.jar:/home/user/.m2/repository/com/sun/xml/bind/jaxb-core/2.3.0.1/jaxb-core-2.3.0.1.jar:/home/user/.m2/repository/javax/xml/bind/jaxb-api/2.3.0/jaxb-api-2.3.0.jar:/home/user/.m2/repository/javax/activation/activation/1.1.1/activation-1.1.1.jar:/home/user/.m2/repository/org/apache/hadoop/hadoop-ozone-csi/0.5.0-SNAPSHOT/hadoop-ozone-csi-0.5.0-SNAPSHOT.jar:/home/user/.m2/repository/com/google/protobuf/protobuf-java-util/3.5.1/protobuf-java-util-3.5.1.jar:/home/user/.m2/repository/org/apache/hadoop/hadoop-hdds-config/0.5.0-SNAPSHOT/hadoop-hdds-config-0.5.0-SNAPSHOT.jar:/home/user/.m2/repository/io/grpc/grpc-netty/1.17.1/grpc-netty-1.17.1.jar:/home/user/.m2/repository/io/grpc/grpc-core/1.17.1/grpc-core-1.17.1.jar:/home/user/.m2/repository/io/grpc/grpc-context/1.17.1/grpc-context-1.17.1.jar:/home/user/.m2/repository/com/google/errorprone/error_prone_annotations/2.2.0/error_prone_annotations-2.2.0.jar:/home/user/.m2/repository/org/codehaus/mojo/animal-sniffer-annotations/1.17/animal-sniffer-annotations-1.17.jar:/home/user/.m2/repository/io/opencensus/opencensus-api/0.17.0/opencensus-api-0.17.0.jar:/home/user/.m2/repository/io/opencensus/opencensus-contrib-grpc-metrics/0.17.0/opencensus-contrib-grpc-metrics-0.17.0.jar:/home/user/.m2/repository/io/netty/netty-codec-http2/4.1.30.Final/netty-codec-http2-4.1.30.Final.jar:/home/user/.m2/repository/io/netty/netty-codec-http/4.1.30.Final/netty-codec-http-4.1.30.Final.jar:/home/user/.m2/repository/io/netty/netty-codec/4.1.30.Final/netty-codec-4.1.30.Final.jar:/home/user/.m2/repository/io/netty/netty-handler/4.1.30.Final/netty-handler-4.1.30.Final.jar:/home/user/.m2/repository/io/netty/netty-handler-proxy/4.1.30.Final/netty-handler-proxy-4.1.30.Final.jar:/home/user/.m2/repository/io/netty/netty-codec-socks/4.1.30.Final/netty-codec-socks-4.1.30.Final.jar:/home/user/.m2/repository/io/netty/netty-transport-native-epoll/4.1.30.Final/netty-transport-native-epoll-4.1.30.Final.jar:/home/user/.m2/repository/io/netty/netty-common/4.1.30.Final/netty-common-4.1.30.Final.jar:/home/user/.m2/repository/io/netty/netty-buffer/4.1.30.Final/netty-buffer-4.1.30.Final.jar:/home/user/.m2/repository/io/netty/netty-transport/4.1.30.Final/netty-transport-4.1.30.Final.jar:/home/user/.m2/repository/io/netty/netty-resolver/4.1.30.Final/netty-resolver-4.1.30.Final.jar:/home/user/.m2/repository/io/netty/netty-transport-native-unix-common/4.1.30.Final/netty-transport-native-unix-common-4.1.30.Final.jar:/home/user/.m2/repository/io/grpc/grpc-protobuf/1.17.1/grpc-protobuf-1.17.1.jar:/home/user/.m2/repository/com/google/api/grpc/proto-google-common-protos/1.0.0/proto-google-common-protos-1.0.0.jar:/home/user/.m2/repository/io/grpc/grpc-protobuf-lite/1.17.1/grpc-protobuf-lite-1.17.1.jar:/home/user/.m2/repository/io/grpc/grpc-stub/1.17.1/grpc-stub-1.17.1.jar:/home/user/.m2/repository/org/apache/hadoop/hadoop-ozone-recon/0.5.0-SNAPSHOT/hadoop-ozone-recon-0.5.0-SNAPSHOT.jar:/home/user/.m2/repository/org/apache/hadoop/hadoop-ozone-reconcodegen/0.5.0-SNAPSHOT/hadoop-ozone-reconcodegen-0.5.0-SNAPSHOT.jar:/home/user/.m2/repository/com/google/inject/extensions/guice-multibindings/4.0/guice-multibindings-4.0.jar:/home/user/.m2/repository/com/google/inject/guice/4.0/guice-4.0.jar:/home/user/.m2/repository/aopalliance/aopalliance/1.0/aopalliance-1.0.jar:/home/user/.m2/repository/com/google/inject/extensions/guice-servlet/4.0/guice-servlet-4.0.jar:/home/user/.m2/repository/org/glassfish/jersey/containers/jersey-container-servlet/2.27/jersey-container-servlet-2.27.jar:/home/user/.m2/repository/org/glassfish/hk2/guice-bridge/2.5.0/guice-bridge-2.5.0.jar:/home/user/.m2/repository/org/glassfish/jersey/core/jersey-server/2.27/jersey-server-2.27.jar:/home/user/.m2/repository/org/glassfish/jersey/core/jersey-client/2.27/jersey-client-2.27.jar:/home/user/.m2/repository/org/glassfish/jersey/media/jersey-media-jaxb/2.27/jersey-media-jaxb-2.27.jar:/home/user/.m2/repository/javax/validation/validation-api/1.1.0.Final/validation-api-1.1.0.Final.jar:/home/user/.m2/repository/org/glassfish/jersey/media/jersey-media-json-jackson/2.27/jersey-media-json-jackson-2.27.jar:/home/user/.m2/repository/org/glassfish/jersey/ext/jersey-entity-filtering/2.27/jersey-entity-filtering-2.27.jar:/home/user/.m2/repository/com/google/inject/extensions/guice-assistedinject/4.0/guice-assistedinject-4.0.jar:/home/user/.m2/repository/org/jooq/jooq/3.11.10/jooq-3.11.10.jar:/home/user/.m2/repository/org/jooq/jooq-meta/3.11.10/jooq-meta-3.11.10.jar:/home/user/.m2/repository/org/jooq/jooq-codegen/3.11.10/jooq-codegen-3.11.10.jar:/home/user/.m2/repository/com/jolbox/bonecp/0.8.0.RELEASE/bonecp-0.8.0.RELEASE.jar:/home/user/.m2/repository/org/xerial/sqlite-jdbc/3.25.2/sqlite-jdbc-3.25.2.jar:/home/user/.m2/repository/org/springframework/spring-jdbc/5.1.3.RELEASE/spring-jdbc-5.1.3.RELEASE.jar:/home/user/.m2/repository/org/springframework/spring-beans/5.1.3.RELEASE/spring-beans-5.1.3.RELEASE.jar:/home/user/.m2/repository/org/springframework/spring-core/5.1.3.RELEASE/spring-core-5.1.3.RELEASE.jar:/home/user/.m2/repository/org/springframework/spring-jcl/5.1.3.RELEASE/spring-jcl-5.1.3.RELEASE.jar:/home/user/.m2/repository/org/springframework/spring-tx/5.1.3.RELEASE/spring-tx-5.1.3.RELEASE.jar:/home/user/.m2/repository/org/apache/hadoop/hadoop-ozone-client/0.5.0-SNAPSHOT/hadoop-ozone-client-0.5.0-SNAPSHOT.jar:/home/user/.m2/repository/commons-lang/commons-lang/2.6/commons-lang-2.6.jar:/home/user/.m2/repository/org/apache/hadoop/hadoop-ozone-ozone-manager/0.5.0-SNAPSHOT/hadoop-ozone-ozone-manager-0.5.0-SNAPSHOT-tests.jar:/home/user/.m2/repository/junit/junit/4.11/junit-4.11.jar:/home/user/.m2/repository/org/hamcrest/hamcrest-core/1.3/hamcrest-core-1.3.jar:/home/user/.m2/repository/org/openjdk/jmh/jmh-core/1.19/jmh-core-1.19.jar:/home/user/.m2/repository/net/sf/jopt-simple/jopt-simple/4.6/jopt-simple-4.6.jar:/home/user/.m2/repository/org/apache/commons/commons-math3/3.1.1/commons-math3-3.1.1.jar:/home/user/.m2/repository/org/openjdk/jmh/jmh-generator-annprocess/1.19/jmh-generator-annprocess-1.19.jar:/home/user/.m2/repository/org/mockito/mockito-all/1.8.5/mockito-all-1.8.5.jar:/home/user/.m2/repository/org/apache/hadoop/hadoop-kms/3.2.0/hadoop-kms-3.2.0.jar:/home/user/.m2/repository/org/apache/hadoop/hadoop-auth/3.2.0/hadoop-auth-3.2.0.jar:/home/user/.m2/repository/com/nimbusds/nimbus-jose-jwt/4.41.1/nimbus-jose-jwt-4.41.1.jar:/home/user/.m2/repository/com/github/stephenc/jcip/jcip-annotations/1.0-1/jcip-annotations-1.0-1.jar:/home/user/.m2/repository/net/minidev/json-smart/2.3/json-smart-2.3.jar:/home/user/.m2/repository/net/minidev/accessors-smart/1.2/accessors-smart-1.2.jar:/home/user/.m2/repository/org/ow2/asm/asm/5.0.4/asm-5.0.4.jar:/home/user/.m2/repository/org/apache/curator/curator-framework/2.12.0/curator-framework-2.12.0.jar:/home/user/.m2/repository/com/sun/jersey/jersey-core/1.19/jersey-core-1.19.jar:/home/user/.m2/repository/javax/ws/rs/jsr311-api/1.1.1/jsr311-api-1.1.1.jar:/home/user/.m2/repository/com/sun/jersey/jersey-server/1.19/jersey-server-1.19.jar:/home/user/.m2/repository/javax/servlet/javax.servlet-api/3.1.0/javax.servlet-api-3.1.0.jar:/home/user/.m2/repository/org/eclipse/jetty/jetty-server/9.3.25.v20180904/jetty-server-9.3.25.v20180904.jar:/home/user/.m2/repository/org/eclipse/jetty/jetty-http/9.3.25.v20180904/jetty-http-9.3.25.v20180904.jar:/home/user/.m2/repository/org/eclipse/jetty/jetty-io/9.3.25.v20180904/jetty-io-9.3.25.v20180904.jar:/home/user/.m2/repository/org/eclipse/jetty/jetty-webapp/9.3.25.v20180904/jetty-webapp-9.3.25.v20180904.jar:/home/user/.m2/repository/org/eclipse/jetty/jetty-xml/9.3.25.v20180904/jetty-xml-9.3.25.v20180904.jar:/home/user/.m2/repository/log4j/log4j/1.2.17/log4j-1.2.17.jar:/home/user/.m2/repository/org/slf4j/slf4j-api/1.7.25/slf4j-api-1.7.25.jar:/home/user/.m2/repository/org/slf4j/jul-to-slf4j/1.7.25/jul-to-slf4j-1.7.25.jar:/home/user/.m2/repository/org/eclipse/jetty/jetty-util/9.3.25.v20180904/jetty-util-9.3.25.v20180904.jar:/home/user/.m2/repository/com/fasterxml/jackson/core/jackson-databind/2.9.9/jackson-databind-2.9.9.jar:/home/user/.m2/repository/org/apache/hadoop/hadoop-kms/3.2.0/hadoop-kms-3.2.0-tests.jar:/home/user/.m2/repository/org/apache/hadoop/hadoop-hdds-server-scm/0.5.0-SNAPSHOT/hadoop-hdds-server-scm-0.5.0-SNAPSHOT-tests.jar:/home/user/.m2/repository/org/apache/hadoop/hadoop-hdds-container-service/0.5.0-SNAPSHOT/hadoop-hdds-container-service-0.5.0-SNAPSHOT-tests.jar:/home/user/.m2/repository/org/yaml/snakeyaml/1.16/snakeyaml-1.16.jar:/home/user/.m2/repository/org/apache/hadoop/hadoop-common/3.2.0/hadoop-common-3.2.0-tests.jar:/home/user/.m2/repository/org/apache/hadoop/hadoop-annotations/3.2.0/hadoop-annotations-3.2.0.jar:/usr/lib/jvm/java-1.8-openjdk/jre/../lib/tools.jar:/home/user/.m2/repository/commons-cli/commons-cli/1.2/commons-cli-1.2.jar:/home/user/.m2/repository/org/apache/httpcomponents/httpclient/4.5.2/httpclient-4.5.2.jar:/home/user/.m2/repository/org/apache/httpcomponents/httpcore/4.4.4/httpcore-4.4.4.jar:/home/user/.m2/repository/commons-codec/commons-codec/1.11/commons-codec-1.11.jar:/home/user/.m2/repository/commons-net/commons-net/3.6/commons-net-3.6.jar:/home/user/.m2/repository/commons-collections/commons-collections/3.2.2/commons-collections-3.2.2.jar:/home/user/.m2/repository/org/eclipse/jetty/jetty-servlet/9.3.25.v20180904/jetty-servlet-9.3.25.v20180904.jar:/home/user/.m2/repository/org/eclipse/jetty/jetty-security/9.3.25.v20180904/jetty-security-9.3.25.v20180904.jar:/home/user/.m2/repository/javax/servlet/jsp/jsp-api/2.1/jsp-api-2.1.jar:/home/user/.m2/repository/com/sun/jersey/jersey-servlet/1.19/jersey-servlet-1.19.jar:/home/user/.m2/repository/com/sun/jersey/jersey-json/1.19/jersey-json-1.19.jar:/home/user/.m2/repository/org/codehaus/jettison/jettison/1.1/jettison-1.1.jar:/home/user/.m2/repository/org/codehaus/jackson/jackson-core-asl/1.9.13/jackson-core-asl-1.9.13.jar:/home/user/.m2/repository/org/codehaus/jackson/jackson-mapper-asl/1.9.13/jackson-mapper-asl-1.9.13.jar:/home/user/.m2/repository/org/codehaus/jackson/jackson-jaxrs/1.9.13/jackson-jaxrs-1.9.13.jar:/home/user/.m2/repository/org/codehaus/jackson/jackson-xc/1.9.13/jackson-xc-1.9.13.jar:/home/user/.m2/repository/commons-logging/commons-logging/1.1.3/commons-logging-1.1.3.jar:/home/user/.m2/repository/commons-beanutils/commons-beanutils/1.9.4/commons-beanutils-1.9.4.jar:/home/user/.m2/repository/org/apache/commons/commons-configuration2/2.1.1/commons-configuration2-2.1.1.jar:/home/user/.m2/repository/org/apache/commons/commons-lang3/3.7/commons-lang3-3.7.jar:/home/user/.m2/repository/org/apache/commons/commons-text/1.4/commons-text-1.4.jar:/home/user/.m2/repository/org/apache/avro/avro/1.7.7/avro-1.7.7.jar:/home/user/.m2/repository/com/thoughtworks/paranamer/paranamer/2.3/paranamer-2.3.jar:/home/user/.m2/repository/org/xerial/snappy/snappy-java/1.0.5/snappy-java-1.0.5.jar:/home/user/.m2/repository/com/google/re2j/re2j/1.1/re2j-1.1.jar:/home/user/.m2/repository/com/google/code/gson/gson/2.2.4/gson-2.2.4.jar:/home/user/.m2/repository/com/jcraft/jsch/0.1.54/jsch-0.1.54.jar:/home/user/.m2/repository/org/apache/curator/curator-client/2.12.0/curator-client-2.12.0.jar:/home/user/.m2/repository/org/apache/curator/curator-recipes/2.12.0/curator-recipes-2.12.0.jar:/home/user/.m2/repository/com/google/code/findbugs/jsr305/3.0.0/jsr305-3.0.0.jar:/home/user/.m2/repository/org/apache/htrace/htrace-core4/4.1.0-incubating/htrace-core4-4.1.0-incubating.jar:/home/user/.m2/repository/org/apache/zookeeper/zookeeper/3.4.13/zookeeper-3.4.13.jar:/home/user/.m2/repository/jline/jline/0.9.94/jline-0.9.94.jar:/home/user/.m2/repository/org/apache/yetus/audience-annotations/0.5.0/audience-annotations-0.5.0.jar:/home/user/.m2/repository/org/codehaus/woodstox/stax2-api/3.1.4/stax2-api-3.1.4.jar:/home/user/.m2/repository/com/fasterxml/woodstox/woodstox-core/5.0.3/woodstox-core-5.0.3.jar:/home/user/.m2/repository/dnsjava/dnsjava/2.1.7/dnsjava-2.1.7.jar:/home/user/.m2/repository/org/apache/hadoop/hadoop-hdfs/3.2.0/hadoop-hdfs-3.2.0-tests.jar:/home/user/.m2/repository/org/eclipse/jetty/jetty-util-ajax/9.3.25.v20180904/jetty-util-ajax-9.3.25.v20180904.jar:/home/user/.m2/repository/commons-daemon/commons-daemon/1.0.13/commons-daemon-1.0.13.jar:/home/user/.m2/repository/io/netty/netty/3.10.5.Final/netty-3.10.5.Final.jar:/home/user/.m2/repository/io/netty/netty-all/4.0.52.Final/netty-all-4.0.52.Final.jar:/home/user/.m2/repository/org/fusesource/leveldbjni/leveldbjni-all/1.8/leveldbjni-all-1.8.jar:"/>
    <property name="java.vm.vendor" value="IcedTea"/>
    <property name="sun.arch.data.model" value="64"/>
    <property name="test.build.dir" value="/workdir/hadoop-ozone/integration-test/target/test-dir"/>
    <property name="test.cache.data" value=""/>
    <property name="java.vendor.url" value="https://icedtea.classpath.org"/>
    <property name="user.timezone" value=""/>
    <property name="java.vm.specification.version" value="1.8"/>
    <property name="os.name" value="Linux"/>
    <property name="test.build.data" value="/workdir/hadoop-ozone/integration-test/target/test-dir"/>
    <property name="user.country" value="US"/>
    <property name="sun.java.launcher" value="SUN_STANDARD"/>
    <property name="sun.boot.library.path" value="/usr/lib/jvm/java-1.8-openjdk/jre/lib/amd64"/>
    <property name="sun.java.command" value="/workdir/hadoop-ozone/integration-test/target/surefire/surefirebooter6030116956080975085.jar /workdir/hadoop-ozone/integration-test/target/surefire 2019-10-06T11-20-29_766-jvmRun1 surefire4610042357498942022tmp surefire_565358115981475922760tmp"/>
    <property name="test" value="!TestMiniChaosOzoneCluster"/>
    <property name="surefire.test.class.path" value="/workdir/hadoop-ozone/integration-test/target/test-classes:/workdir/hadoop-ozone/integration-test/target/classes:/home/user/.m2/repository/org/apache/hadoop/hadoop-ozone-common/0.5.0-SNAPSHOT/hadoop-ozone-common-0.5.0-SNAPSHOT.jar:/home/user/.m2/repository/org/apache/commons/commons-compress/1.4.1/commons-compress-1.4.1.jar:/home/user/.m2/repository/org/tukaani/xz/1.0/xz-1.0.jar:/home/user/.m2/repository/org/apache/hadoop/hadoop-common/3.2.0/hadoop-common-3.2.0.jar:/home/user/.m2/repository/org/apache/hadoop/hadoop-hdfs/3.2.0/hadoop-hdfs-3.2.0.jar:/home/user/.m2/repository/org/apache/hadoop/hadoop-hdfs-client/3.2.0/hadoop-hdfs-client-3.2.0.jar:/home/user/.m2/repository/com/fasterxml/jackson/core/jackson-annotations/2.9.9/jackson-annotations-2.9.9.jar:/home/user/.m2/repository/org/apache/hadoop/hadoop-hdds-common/0.5.0-SNAPSHOT/hadoop-hdds-common-0.5.0-SNAPSHOT.jar:/home/user/.m2/repository/javax/annotation/javax.annotation-api/1.2/javax.annotation-api-1.2.jar:/home/user/.m2/repository/org/apache/ratis/ratis-server/0.5.0-201fc85-SNAPSHOT/ratis-server-0.5.0-201fc85-SNAPSHOT.jar:/home/user/.m2/repository/org/apache/ratis/ratis-thirdparty-misc/0.2.0/ratis-thirdparty-misc-0.2.0.jar:/home/user/.m2/repository/org/apache/ratis/ratis-proto/0.5.0-201fc85-SNAPSHOT/ratis-proto-0.5.0-201fc85-SNAPSHOT.jar:/home/user/.m2/repository/org/apache/ratis/ratis-common/0.5.0-201fc85-SNAPSHOT/ratis-common-0.5.0-201fc85-SNAPSHOT.jar:/home/user/.m2/repository/org/apache/ratis/ratis-client/0.5.0-201fc85-SNAPSHOT/ratis-client-0.5.0-201fc85-SNAPSHOT.jar:/home/user/.m2/repository/org/apache/ratis/ratis-metrics/0.5.0-201fc85-SNAPSHOT/ratis-metrics-0.5.0-201fc85-SNAPSHOT.jar:/home/user/.m2/repository/com/github/joshelser/dropwizard-metrics-hadoop-metrics2-reporter/0.1.2/dropwizard-metrics-hadoop-metrics2-reporter-0.1.2.jar:/home/user/.m2/repository/io/dropwizard/metrics/metrics-jvm/3.2.5/metrics-jvm-3.2.5.jar:/home/user/.m2/repository/io/dropwizard/metrics/metrics-ganglia/3.2.5/metrics-ganglia-3.2.5.jar:/home/user/.m2/repository/info/ganglia/gmetric4j/gmetric4j/1.0.7/gmetric4j-1.0.7.jar:/home/user/.m2/repository/org/apache/ratis/ratis-netty/0.5.0-201fc85-SNAPSHOT/ratis-netty-0.5.0-201fc85-SNAPSHOT.jar:/home/user/.m2/repository/org/apache/ratis/ratis-grpc/0.5.0-201fc85-SNAPSHOT/ratis-grpc-0.5.0-201fc85-SNAPSHOT.jar:/home/user/.m2/repository/org/rocksdb/rocksdbjni/6.0.1/rocksdbjni-6.0.1.jar:/home/user/.m2/repository/org/apache/logging/log4j/log4j-api/2.11.0/log4j-api-2.11.0.jar:/home/user/.m2/repository/org/apache/logging/log4j/log4j-core/2.11.0/log4j-core-2.11.0.jar:/home/user/.m2/repository/com/lmax/disruptor/3.4.2/disruptor-3.4.2.jar:/home/user/.m2/repository/org/apache/commons/commons-pool2/2.6.0/commons-pool2-2.6.0.jar:/home/user/.m2/repository/org/bouncycastle/bcpkix-jdk15on/1.60/bcpkix-jdk15on-1.60.jar:/home/user/.m2/repository/commons-validator/commons-validator/1.6/commons-validator-1.6.jar:/home/user/.m2/repository/commons-digester/commons-digester/1.8.1/commons-digester-1.8.1.jar:/home/user/.m2/repository/io/jaegertracing/jaeger-client/0.34.0/jaeger-client-0.34.0.jar:/home/user/.m2/repository/io/jaegertracing/jaeger-thrift/0.34.0/jaeger-thrift-0.34.0.jar:/home/user/.m2/repository/org/apache/thrift/libthrift/0.12.0/libthrift-0.12.0.jar:/home/user/.m2/repository/com/squareup/okhttp3/okhttp/3.9.0/okhttp-3.9.0.jar:/home/user/.m2/repository/com/squareup/okio/okio/1.13.0/okio-1.13.0.jar:/home/user/.m2/repository/io/jaegertracing/jaeger-core/0.34.0/jaeger-core-0.34.0.jar:/home/user/.m2/repository/io/jaegertracing/jaeger-tracerresolver/0.34.0/jaeger-tracerresolver-0.34.0.jar:/home/user/.m2/repository/io/opentracing/contrib/opentracing-tracerresolver/0.1.5/opentracing-tracerresolver-0.1.5.jar:/home/user/.m2/repository/io/opentracing/opentracing-util/0.31.0/opentracing-util-0.31.0.jar:/home/user/.m2/repository/io/opentracing/opentracing-api/0.31.0/opentracing-api-0.31.0.jar:/home/user/.m2/repository/io/opentracing/opentracing-noop/0.31.0/opentracing-noop-0.31.0.jar:/home/user/.m2/repository/org/apache/hadoop/hadoop-hdds-server-framework/0.5.0-SNAPSHOT/hadoop-hdds-server-framework-0.5.0-SNAPSHOT.jar:/home/user/.m2/repository/org/apache/hadoop/hadoop-hdds-container-service/0.5.0-SNAPSHOT/hadoop-hdds-container-service-0.5.0-SNAPSHOT.jar:/home/user/.m2/repository/org/apache/hadoop/hadoop-hdds-client/0.5.0-SNAPSHOT/hadoop-hdds-client-0.5.0-SNAPSHOT.jar:/home/user/.m2/repository/org/apache/hadoop/hadoop-hdds-tools/0.5.0-SNAPSHOT/hadoop-hdds-tools-0.5.0-SNAPSHOT.jar:/home/user/.m2/repository/org/apache/hadoop/hadoop-hdds-server-scm/0.5.0-SNAPSHOT/hadoop-hdds-server-scm-0.5.0-SNAPSHOT.jar:/home/user/.m2/repository/org/apache/hadoop/hadoop-hdds-docs/0.5.0-SNAPSHOT/hadoop-hdds-docs-0.5.0-SNAPSHOT.jar:/home/user/.m2/repository/io/dropwizard/metrics/metrics-core/3.2.4/metrics-core-3.2.4.jar:/home/user/.m2/repository/org/hamcrest/hamcrest-all/1.3/hamcrest-all-1.3.jar:/home/user/.m2/repository/org/bouncycastle/bcprov-jdk15on/1.60/bcprov-jdk15on-1.60.jar:/home/user/.m2/repository/info/picocli/picocli/3.9.6/picocli-3.9.6.jar:/home/user/.m2/repository/com/google/protobuf/protobuf-java/2.5.0/protobuf-java-2.5.0.jar:/home/user/.m2/repository/com/google/guava/guava/11.0.2/guava-11.0.2.jar:/home/user/.m2/repository/org/apache/hadoop/hadoop-ozone-ozone-manager/0.5.0-SNAPSHOT/hadoop-ozone-ozone-manager-0.5.0-SNAPSHOT.jar:/home/user/.m2/repository/org/apache/hadoop/hadoop-minikdc/3.2.0/hadoop-minikdc-3.2.0.jar:/home/user/.m2/repository/commons-io/commons-io/2.5/commons-io-2.5.jar:/home/user/.m2/repository/org/apache/kerby/kerb-simplekdc/1.0.1/kerb-simplekdc-1.0.1.jar:/home/user/.m2/repository/org/apache/kerby/kerb-client/1.0.1/kerb-client-1.0.1.jar:/home/user/.m2/repository/org/apache/kerby/kerby-config/1.0.1/kerby-config-1.0.1.jar:/home/user/.m2/repository/org/apache/kerby/kerb-core/1.0.1/kerb-core-1.0.1.jar:/home/user/.m2/repository/org/apache/kerby/kerby-pkix/1.0.1/kerby-pkix-1.0.1.jar:/home/user/.m2/repository/org/apache/kerby/kerby-asn1/1.0.1/kerby-asn1-1.0.1.jar:/home/user/.m2/repository/org/apache/kerby/kerby-util/1.0.1/kerby-util-1.0.1.jar:/home/user/.m2/repository/org/apache/kerby/kerb-common/1.0.1/kerb-common-1.0.1.jar:/home/user/.m2/repository/org/apache/kerby/kerb-crypto/1.0.1/kerb-crypto-1.0.1.jar:/home/user/.m2/repository/org/apache/kerby/kerb-util/1.0.1/kerb-util-1.0.1.jar:/home/user/.m2/repository/org/apache/kerby/token-provider/1.0.1/token-provider-1.0.1.jar:/home/user/.m2/repository/org/apache/kerby/kerb-admin/1.0.1/kerb-admin-1.0.1.jar:/home/user/.m2/repository/org/apache/kerby/kerb-server/1.0.1/kerb-server-1.0.1.jar:/home/user/.m2/repository/org/apache/kerby/kerb-identity/1.0.1/kerb-identity-1.0.1.jar:/home/user/.m2/repository/org/apache/kerby/kerby-xdr/1.0.1/kerby-xdr-1.0.1.jar:/home/user/.m2/repository/org/slf4j/slf4j-log4j12/1.7.25/slf4j-log4j12-1.7.25.jar:/home/user/.m2/repository/org/apache/hadoop/hadoop-ozone-s3gateway/0.5.0-SNAPSHOT/hadoop-ozone-s3gateway-0.5.0-SNAPSHOT.jar:/home/user/.m2/repository/org/jboss/weld/servlet/weld-servlet/2.4.7.Final/weld-servlet-2.4.7.Final.jar:/home/user/.m2/repository/org/glassfish/jersey/containers/jersey-container-servlet-core/2.27/jersey-container-servlet-core-2.27.jar:/home/user/.m2/repository/org/glassfish/hk2/external/javax.inject/2.5.0-b42/javax.inject-2.5.0-b42.jar:/home/user/.m2/repository/org/glassfish/jersey/core/jersey-common/2.27/jersey-common-2.27.jar:/home/user/.m2/repository/org/glassfish/hk2/osgi-resource-locator/1.0.1/osgi-resource-locator-1.0.1.jar:/home/user/.m2/repository/javax/ws/rs/javax.ws.rs-api/2.1/javax.ws.rs-api-2.1.jar:/home/user/.m2/repository/org/glassfish/jersey/ext/cdi/jersey-cdi1x/2.27/jersey-cdi1x-2.27.jar:/home/user/.m2/repository/org/glassfish/jersey/inject/jersey-hk2/2.27/jersey-hk2-2.27.jar:/home/user/.m2/repository/org/glassfish/hk2/hk2-locator/2.5.0-b42/hk2-locator-2.5.0-b42.jar:/home/user/.m2/repository/org/javassist/javassist/3.22.0-CR2/javassist-3.22.0-CR2.jar:/home/user/.m2/repository/org/glassfish/hk2/hk2-api/2.5.0/hk2-api-2.5.0.jar:/home/user/.m2/repository/org/glassfish/hk2/external/jakarta.inject/2.5.0/jakarta.inject-2.5.0.jar:/home/user/.m2/repository/org/glassfish/hk2/hk2-utils/2.5.0/hk2-utils-2.5.0.jar:/home/user/.m2/repository/jakarta/annotation/jakarta.annotation-api/1.3.4/jakarta.annotation-api-1.3.4.jar:/home/user/.m2/repository/org/glassfish/hk2/external/aopalliance-repackaged/2.5.0/aopalliance-repackaged-2.5.0.jar:/home/user/.m2/repository/com/fasterxml/jackson/dataformat/jackson-dataformat-xml/2.9.0/jackson-dataformat-xml-2.9.0.jar:/home/user/.m2/repository/com/fasterxml/jackson/core/jackson-core/2.9.9/jackson-core-2.9.9.jar:/home/user/.m2/repository/com/fasterxml/jackson/module/jackson-module-jaxb-annotations/2.9.9/jackson-module-jaxb-annotations-2.9.9.jar:/home/user/.m2/repository/javax/enterprise/cdi-api/1.2/cdi-api-1.2.jar:/home/user/.m2/repository/javax/el/javax.el-api/3.0.0/javax.el-api-3.0.0.jar:/home/user/.m2/repository/javax/interceptor/javax.interceptor-api/1.2/javax.interceptor-api-1.2.jar:/home/user/.m2/repository/javax/inject/javax.inject/1/javax.inject-1.jar:/home/user/.m2/repository/com/sun/xml/bind/jaxb-impl/2.3.0.1/jaxb-impl-2.3.0.1.jar:/home/user/.m2/repository/com/sun/xml/bind/jaxb-core/2.3.0.1/jaxb-core-2.3.0.1.jar:/home/user/.m2/repository/javax/xml/bind/jaxb-api/2.3.0/jaxb-api-2.3.0.jar:/home/user/.m2/repository/javax/activation/activation/1.1.1/activation-1.1.1.jar:/home/user/.m2/repository/org/apache/hadoop/hadoop-ozone-csi/0.5.0-SNAPSHOT/hadoop-ozone-csi-0.5.0-SNAPSHOT.jar:/home/user/.m2/repository/com/google/protobuf/protobuf-java-util/3.5.1/protobuf-java-util-3.5.1.jar:/home/user/.m2/repository/org/apache/hadoop/hadoop-hdds-config/0.5.0-SNAPSHOT/hadoop-hdds-config-0.5.0-SNAPSHOT.jar:/home/user/.m2/repository/io/grpc/grpc-netty/1.17.1/grpc-netty-1.17.1.jar:/home/user/.m2/repository/io/grpc/grpc-core/1.17.1/grpc-core-1.17.1.jar:/home/user/.m2/repository/io/grpc/grpc-context/1.17.1/grpc-context-1.17.1.jar:/home/user/.m2/repository/com/google/errorprone/error_prone_annotations/2.2.0/error_prone_annotations-2.2.0.jar:/home/user/.m2/repository/org/codehaus/mojo/animal-sniffer-annotations/1.17/animal-sniffer-annotations-1.17.jar:/home/user/.m2/repository/io/opencensus/opencensus-api/0.17.0/opencensus-api-0.17.0.jar:/home/user/.m2/repository/io/opencensus/opencensus-contrib-grpc-metrics/0.17.0/opencensus-contrib-grpc-metrics-0.17.0.jar:/home/user/.m2/repository/io/netty/netty-codec-http2/4.1.30.Final/netty-codec-http2-4.1.30.Final.jar:/home/user/.m2/repository/io/netty/netty-codec-http/4.1.30.Final/netty-codec-http-4.1.30.Final.jar:/home/user/.m2/repository/io/netty/netty-codec/4.1.30.Final/netty-codec-4.1.30.Final.jar:/home/user/.m2/repository/io/netty/netty-handler/4.1.30.Final/netty-handler-4.1.30.Final.jar:/home/user/.m2/repository/io/netty/netty-handler-proxy/4.1.30.Final/netty-handler-proxy-4.1.30.Final.jar:/home/user/.m2/repository/io/netty/netty-codec-socks/4.1.30.Final/netty-codec-socks-4.1.30.Final.jar:/home/user/.m2/repository/io/netty/netty-transport-native-epoll/4.1.30.Final/netty-transport-native-epoll-4.1.30.Final.jar:/home/user/.m2/repository/io/netty/netty-common/4.1.30.Final/netty-common-4.1.30.Final.jar:/home/user/.m2/repository/io/netty/netty-buffer/4.1.30.Final/netty-buffer-4.1.30.Final.jar:/home/user/.m2/repository/io/netty/netty-transport/4.1.30.Final/netty-transport-4.1.30.Final.jar:/home/user/.m2/repository/io/netty/netty-resolver/4.1.30.Final/netty-resolver-4.1.30.Final.jar:/home/user/.m2/repository/io/netty/netty-transport-native-unix-common/4.1.30.Final/netty-transport-native-unix-common-4.1.30.Final.jar:/home/user/.m2/repository/io/grpc/grpc-protobuf/1.17.1/grpc-protobuf-1.17.1.jar:/home/user/.m2/repository/com/google/api/grpc/proto-google-common-protos/1.0.0/proto-google-common-protos-1.0.0.jar:/home/user/.m2/repository/io/grpc/grpc-protobuf-lite/1.17.1/grpc-protobuf-lite-1.17.1.jar:/home/user/.m2/repository/io/grpc/grpc-stub/1.17.1/grpc-stub-1.17.1.jar:/home/user/.m2/repository/org/apache/hadoop/hadoop-ozone-recon/0.5.0-SNAPSHOT/hadoop-ozone-recon-0.5.0-SNAPSHOT.jar:/home/user/.m2/repository/org/apache/hadoop/hadoop-ozone-reconcodegen/0.5.0-SNAPSHOT/hadoop-ozone-reconcodegen-0.5.0-SNAPSHOT.jar:/home/user/.m2/repository/com/google/inject/extensions/guice-multibindings/4.0/guice-multibindings-4.0.jar:/home/user/.m2/repository/com/google/inject/guice/4.0/guice-4.0.jar:/home/user/.m2/repository/aopalliance/aopalliance/1.0/aopalliance-1.0.jar:/home/user/.m2/repository/com/google/inject/extensions/guice-servlet/4.0/guice-servlet-4.0.jar:/home/user/.m2/repository/org/glassfish/jersey/containers/jersey-container-servlet/2.27/jersey-container-servlet-2.27.jar:/home/user/.m2/repository/org/glassfish/hk2/guice-bridge/2.5.0/guice-bridge-2.5.0.jar:/home/user/.m2/repository/org/glassfish/jersey/core/jersey-server/2.27/jersey-server-2.27.jar:/home/user/.m2/repository/org/glassfish/jersey/core/jersey-client/2.27/jersey-client-2.27.jar:/home/user/.m2/repository/org/glassfish/jersey/media/jersey-media-jaxb/2.27/jersey-media-jaxb-2.27.jar:/home/user/.m2/repository/javax/validation/validation-api/1.1.0.Final/validation-api-1.1.0.Final.jar:/home/user/.m2/repository/org/glassfish/jersey/media/jersey-media-json-jackson/2.27/jersey-media-json-jackson-2.27.jar:/home/user/.m2/repository/org/glassfish/jersey/ext/jersey-entity-filtering/2.27/jersey-entity-filtering-2.27.jar:/home/user/.m2/repository/com/google/inject/extensions/guice-assistedinject/4.0/guice-assistedinject-4.0.jar:/home/user/.m2/repository/org/jooq/jooq/3.11.10/jooq-3.11.10.jar:/home/user/.m2/repository/org/jooq/jooq-meta/3.11.10/jooq-meta-3.11.10.jar:/home/user/.m2/repository/org/jooq/jooq-codegen/3.11.10/jooq-codegen-3.11.10.jar:/home/user/.m2/repository/com/jolbox/bonecp/0.8.0.RELEASE/bonecp-0.8.0.RELEASE.jar:/home/user/.m2/repository/org/xerial/sqlite-jdbc/3.25.2/sqlite-jdbc-3.25.2.jar:/home/user/.m2/repository/org/springframework/spring-jdbc/5.1.3.RELEASE/spring-jdbc-5.1.3.RELEASE.jar:/home/user/.m2/repository/org/springframework/spring-beans/5.1.3.RELEASE/spring-beans-5.1.3.RELEASE.jar:/home/user/.m2/repository/org/springframework/spring-core/5.1.3.RELEASE/spring-core-5.1.3.RELEASE.jar:/home/user/.m2/repository/org/springframework/spring-jcl/5.1.3.RELEASE/spring-jcl-5.1.3.RELEASE.jar:/home/user/.m2/repository/org/springframework/spring-tx/5.1.3.RELEASE/spring-tx-5.1.3.RELEASE.jar:/home/user/.m2/repository/org/apache/hadoop/hadoop-ozone-client/0.5.0-SNAPSHOT/hadoop-ozone-client-0.5.0-SNAPSHOT.jar:/home/user/.m2/repository/commons-lang/commons-lang/2.6/commons-lang-2.6.jar:/home/user/.m2/repository/org/apache/hadoop/hadoop-ozone-ozone-manager/0.5.0-SNAPSHOT/hadoop-ozone-ozone-manager-0.5.0-SNAPSHOT-tests.jar:/home/user/.m2/repository/junit/junit/4.11/junit-4.11.jar:/home/user/.m2/repository/org/hamcrest/hamcrest-core/1.3/hamcrest-core-1.3.jar:/home/user/.m2/repository/org/openjdk/jmh/jmh-core/1.19/jmh-core-1.19.jar:/home/user/.m2/repository/net/sf/jopt-simple/jopt-simple/4.6/jopt-simple-4.6.jar:/home/user/.m2/repository/org/apache/commons/commons-math3/3.1.1/commons-math3-3.1.1.jar:/home/user/.m2/repository/org/openjdk/jmh/jmh-generator-annprocess/1.19/jmh-generator-annprocess-1.19.jar:/home/user/.m2/repository/org/mockito/mockito-all/1.8.5/mockito-all-1.8.5.jar:/home/user/.m2/repository/org/apache/hadoop/hadoop-kms/3.2.0/hadoop-kms-3.2.0.jar:/home/user/.m2/repository/org/apache/hadoop/hadoop-auth/3.2.0/hadoop-auth-3.2.0.jar:/home/user/.m2/repository/com/nimbusds/nimbus-jose-jwt/4.41.1/nimbus-jose-jwt-4.41.1.jar:/home/user/.m2/repository/com/github/stephenc/jcip/jcip-annotations/1.0-1/jcip-annotations-1.0-1.jar:/home/user/.m2/repository/net/minidev/json-smart/2.3/json-smart-2.3.jar:/home/user/.m2/repository/net/minidev/accessors-smart/1.2/accessors-smart-1.2.jar:/home/user/.m2/repository/org/ow2/asm/asm/5.0.4/asm-5.0.4.jar:/home/user/.m2/repository/org/apache/curator/curator-framework/2.12.0/curator-framework-2.12.0.jar:/home/user/.m2/repository/com/sun/jersey/jersey-core/1.19/jersey-core-1.19.jar:/home/user/.m2/repository/javax/ws/rs/jsr311-api/1.1.1/jsr311-api-1.1.1.jar:/home/user/.m2/repository/com/sun/jersey/jersey-server/1.19/jersey-server-1.19.jar:/home/user/.m2/repository/javax/servlet/javax.servlet-api/3.1.0/javax.servlet-api-3.1.0.jar:/home/user/.m2/repository/org/eclipse/jetty/jetty-server/9.3.25.v20180904/jetty-server-9.3.25.v20180904.jar:/home/user/.m2/repository/org/eclipse/jetty/jetty-http/9.3.25.v20180904/jetty-http-9.3.25.v20180904.jar:/home/user/.m2/repository/org/eclipse/jetty/jetty-io/9.3.25.v20180904/jetty-io-9.3.25.v20180904.jar:/home/user/.m2/repository/org/eclipse/jetty/jetty-webapp/9.3.25.v20180904/jetty-webapp-9.3.25.v20180904.jar:/home/user/.m2/repository/org/eclipse/jetty/jetty-xml/9.3.25.v20180904/jetty-xml-9.3.25.v20180904.jar:/home/user/.m2/repository/log4j/log4j/1.2.17/log4j-1.2.17.jar:/home/user/.m2/repository/org/slf4j/slf4j-api/1.7.25/slf4j-api-1.7.25.jar:/home/user/.m2/repository/org/slf4j/jul-to-slf4j/1.7.25/jul-to-slf4j-1.7.25.jar:/home/user/.m2/repository/org/eclipse/jetty/jetty-util/9.3.25.v20180904/jetty-util-9.3.25.v20180904.jar:/home/user/.m2/repository/com/fasterxml/jackson/core/jackson-databind/2.9.9/jackson-databind-2.9.9.jar:/home/user/.m2/repository/org/apache/hadoop/hadoop-kms/3.2.0/hadoop-kms-3.2.0-tests.jar:/home/user/.m2/repository/org/apache/hadoop/hadoop-hdds-server-scm/0.5.0-SNAPSHOT/hadoop-hdds-server-scm-0.5.0-SNAPSHOT-tests.jar:/home/user/.m2/repository/org/apache/hadoop/hadoop-hdds-container-service/0.5.0-SNAPSHOT/hadoop-hdds-container-service-0.5.0-SNAPSHOT-tests.jar:/home/user/.m2/repository/org/yaml/snakeyaml/1.16/snakeyaml-1.16.jar:/home/user/.m2/repository/org/apache/hadoop/hadoop-common/3.2.0/hadoop-common-3.2.0-tests.jar:/home/user/.m2/repository/org/apache/hadoop/hadoop-annotations/3.2.0/hadoop-annotations-3.2.0.jar:/usr/lib/jvm/java-1.8-openjdk/jre/../lib/tools.jar:/home/user/.m2/repository/commons-cli/commons-cli/1.2/commons-cli-1.2.jar:/home/user/.m2/repository/org/apache/httpcomponents/httpclient/4.5.2/httpclient-4.5.2.jar:/home/user/.m2/repository/org/apache/httpcomponents/httpcore/4.4.4/httpcore-4.4.4.jar:/home/user/.m2/repository/commons-codec/commons-codec/1.11/commons-codec-1.11.jar:/home/user/.m2/repository/commons-net/commons-net/3.6/commons-net-3.6.jar:/home/user/.m2/repository/commons-collections/commons-collections/3.2.2/commons-collections-3.2.2.jar:/home/user/.m2/repository/org/eclipse/jetty/jetty-servlet/9.3.25.v20180904/jetty-servlet-9.3.25.v20180904.jar:/home/user/.m2/repository/org/eclipse/jetty/jetty-security/9.3.25.v20180904/jetty-security-9.3.25.v20180904.jar:/home/user/.m2/repository/javax/servlet/jsp/jsp-api/2.1/jsp-api-2.1.jar:/home/user/.m2/repository/com/sun/jersey/jersey-servlet/1.19/jersey-servlet-1.19.jar:/home/user/.m2/repository/com/sun/jersey/jersey-json/1.19/jersey-json-1.19.jar:/home/user/.m2/repository/org/codehaus/jettison/jettison/1.1/jettison-1.1.jar:/home/user/.m2/repository/org/codehaus/jackson/jackson-core-asl/1.9.13/jackson-core-asl-1.9.13.jar:/home/user/.m2/repository/org/codehaus/jackson/jackson-mapper-asl/1.9.13/jackson-mapper-asl-1.9.13.jar:/home/user/.m2/repository/org/codehaus/jackson/jackson-jaxrs/1.9.13/jackson-jaxrs-1.9.13.jar:/home/user/.m2/repository/org/codehaus/jackson/jackson-xc/1.9.13/jackson-xc-1.9.13.jar:/home/user/.m2/repository/commons-logging/commons-logging/1.1.3/commons-logging-1.1.3.jar:/home/user/.m2/repository/commons-beanutils/commons-beanutils/1.9.4/commons-beanutils-1.9.4.jar:/home/user/.m2/repository/org/apache/commons/commons-configuration2/2.1.1/commons-configuration2-2.1.1.jar:/home/user/.m2/repository/org/apache/commons/commons-lang3/3.7/commons-lang3-3.7.jar:/home/user/.m2/repository/org/apache/commons/commons-text/1.4/commons-text-1.4.jar:/home/user/.m2/repository/org/apache/avro/avro/1.7.7/avro-1.7.7.jar:/home/user/.m2/repository/com/thoughtworks/paranamer/paranamer/2.3/paranamer-2.3.jar:/home/user/.m2/repository/org/xerial/snappy/snappy-java/1.0.5/snappy-java-1.0.5.jar:/home/user/.m2/repository/com/google/re2j/re2j/1.1/re2j-1.1.jar:/home/user/.m2/repository/com/google/code/gson/gson/2.2.4/gson-2.2.4.jar:/home/user/.m2/repository/com/jcraft/jsch/0.1.54/jsch-0.1.54.jar:/home/user/.m2/repository/org/apache/curator/curator-client/2.12.0/curator-client-2.12.0.jar:/home/user/.m2/repository/org/apache/curator/curator-recipes/2.12.0/curator-recipes-2.12.0.jar:/home/user/.m2/repository/com/google/code/findbugs/jsr305/3.0.0/jsr305-3.0.0.jar:/home/user/.m2/repository/org/apache/htrace/htrace-core4/4.1.0-incubating/htrace-core4-4.1.0-incubating.jar:/home/user/.m2/repository/org/apache/zookeeper/zookeeper/3.4.13/zookeeper-3.4.13.jar:/home/user/.m2/repository/jline/jline/0.9.94/jline-0.9.94.jar:/home/user/.m2/repository/org/apache/yetus/audience-annotations/0.5.0/audience-annotations-0.5.0.jar:/home/user/.m2/repository/org/codehaus/woodstox/stax2-api/3.1.4/stax2-api-3.1.4.jar:/home/user/.m2/repository/com/fasterxml/woodstox/woodstox-core/5.0.3/woodstox-core-5.0.3.jar:/home/user/.m2/repository/dnsjava/dnsjava/2.1.7/dnsjava-2.1.7.jar:/home/user/.m2/repository/org/apache/hadoop/hadoop-hdfs/3.2.0/hadoop-hdfs-3.2.0-tests.jar:/home/user/.m2/repository/org/eclipse/jetty/jetty-util-ajax/9.3.25.v20180904/jetty-util-ajax-9.3.25.v20180904.jar:/home/user/.m2/repository/commons-daemon/commons-daemon/1.0.13/commons-daemon-1.0.13.jar:/home/user/.m2/repository/io/netty/netty/3.10.5.Final/netty-3.10.5.Final.jar:/home/user/.m2/repository/io/netty/netty-all/4.0.52.Final/netty-all-4.0.52.Final.jar:/home/user/.m2/repository/org/fusesource/leveldbjni/leveldbjni-all/1.8/leveldbjni-all-1.8.jar:"/>
    <property name="sun.cpu.endian" value="little"/>
    <property name="user.home" value="/home/user"/>
    <property name="user.language" value="en"/>
    <property name="java.specification.vendor" value="Oracle Corporation"/>
    <property name="java.home" value="/usr/lib/jvm/java-1.8-openjdk/jre"/>
    <property name="surefire.excludesFile" value="/tools/ozone-bad-unit-tests"/>
    <property name="java.security.krb5.conf" value="/workdir/hadoop-ozone/integration-test/target/test-classes/krb5.conf"/>
    <property name="basedir" value="/workdir/hadoop-ozone/integration-test"/>
    <property name="file.separator" value="/"/>
    <property name="line.separator" value="&#10;"/>
    <property name="java.vm.specification.vendor" value="Oracle Corporation"/>
    <property name="java.specification.name" value="Java Platform API Specification"/>
    <property name="java.awt.graphicsenv" value="sun.awt.X11GraphicsEnvironment"/>
    <property name="surefire.real.class.path" value="/workdir/hadoop-ozone/integration-test/target/surefire/surefirebooter6030116956080975085.jar"/>
    <property name="hadoop.log.dir" value="/workdir/hadoop-ozone/integration-test/target/log"/>
    <property name="sun.boot.class.path" value="/usr/lib/jvm/java-1.8-openjdk/jre/lib/resources.jar:/usr/lib/jvm/java-1.8-openjdk/jre/lib/rt.jar:/usr/lib/jvm/java-1.8-openjdk/jre/lib/sunrsasign.jar:/usr/lib/jvm/java-1.8-openjdk/jre/lib/jsse.jar:/usr/lib/jvm/java-1.8-openjdk/jre/lib/jce.jar:/usr/lib/jvm/java-1.8-openjdk/jre/lib/charsets.jar:/usr/lib/jvm/java-1.8-openjdk/jre/lib/jfr.jar:/usr/lib/jvm/java-1.8-openjdk/jre/classes"/>
    <property name="sun.management.compiler" value="HotSpot 64-Bit Tiered Compilers"/>
    <property name="java.runtime.version" value="1.8.0_212-b04"/>
    <property name="java.net.preferIPv4Stack" value="true"/>
    <property name="user.name" value="jenkins1000"/>
    <property name="path.separator" value=":"/>
    <property name="java.security.egd" value="file:///dev/urandom"/>
    <property name="os.version" value="3.10.0-957.12.2.el7.x86_64"/>
    <property name="java.endorsed.dirs" value="/usr/lib/jvm/java-1.8-openjdk/jre/lib/endorsed"/>
    <property name="java.runtime.name" value="OpenJDK Runtime Environment"/>
    <property name="file.encoding" value="UTF-8"/>
    <property name="java.vm.name" value="OpenJDK 64-Bit Server VM"/>
    <property name="test.build.webapps" value=""/>
    <property name="localRepository" value="/home/user/.m2/repository"/>
    <property name="java.vendor.url.bug" value="https://icedtea.classpath.org/bugzilla"/>
    <property name="java.io.tmpdir" value="/tmp"/>
    <property name="require.test.libhadoop" value=""/>
    <property name="java.version" value="1.8.0_212"/>
    <property name="user.dir" value="/workdir/hadoop-ozone/integration-test"/>
    <property name="os.arch" value="amd64"/>
    <property name="java.vm.specification.name" value="Java Virtual Machine Specification"/>
    <property name="test.build.classes" value="/workdir/hadoop-ozone/integration-test/target/test-classes"/>
    <property name="java.awt.printerjob" value="sun.print.PSPrinterJob"/>
    <property name="sun.os.patch.level" value="unknown"/>
    <property name="hadoop.tmp.dir" value="/workdir/hadoop-ozone/integration-test/target/tmp"/>
    <property name="java.library.path" value="/usr/lib/jvm/java-1.8-openjdk/jre/lib/amd64/server:/usr/lib/jvm/java-1.8-openjdk/jre/lib/amd64:/usr/lib/jvm/java-1.8-openjdk/jre/../lib/amd64:/workdir/hadoop-ozone/integration-test/target/native/target/usr/local/lib:/workdir/hadoop-ozone/integration-test/../../hadoop-common-project/hadoop-common/target/native/target/usr/local/lib:/usr/java/packages/lib/amd64:/usr/lib64:/lib64:/lib:/usr/lib"/>
    <property name="java.vm.info" value="mixed mode"/>
    <property name="java.vendor" value="IcedTea"/>
    <property name="java.vm.version" value="25.212-b04"/>
    <property name="java.ext.dirs" value="/usr/lib/jvm/java-1.8-openjdk/jre/lib/ext:/usr/java/packages/lib/ext"/>
    <property name="sun.io.unicode.encoding" value="UnicodeLittle"/>
    <property name="java.class.version" value="52.0"/>
  </properties>
  <testcase name="test2DatanodesFailure" classname="org.apache.hadoop.ozone.client.rpc.TestBlockOutputStreamWithFailures" time="105.601"/>
  <testcase name="testDatanodeFailureWithPreAllocation" classname="org.apache.hadoop.ozone.client.rpc.TestBlockOutputStreamWithFailures" time="223.216"/>
  <testcase name="testDatanodeFailureWithSingleNodeRatis" classname="org.apache.hadoop.ozone.client.rpc.TestBlockOutputStreamWithFailures" time="222.138"/>
  <testcase name="testWatchForCommitWithSingleNodeRatis" classname="org.apache.hadoop.ozone.client.rpc.TestBlockOutputStreamWithFailures" time="33.434"/>
  <testcase name="testWatchForCommitDatanodeFailure" classname="org.apache.hadoop.ozone.client.rpc.TestBlockOutputStreamWithFailures" time="38.433"/>
  <testcase name="testFailureWithPrimeSizedData" classname="org.apache.hadoop.ozone.client.rpc.TestBlockOutputStreamWithFailures" time="34.134"/>
  <testcase name="testWatchForCommitWithCloseContainerException" classname="org.apache.hadoop.ozone.client.rpc.TestBlockOutputStreamWithFailures" time="37.246"/>
  <testcase name="testExceptionDuringClose" classname="org.apache.hadoop.ozone.client.rpc.TestBlockOutputStreamWithFailures" time="35.035">
    <failure message="expected:&lt;88&gt; but was:&lt;90&gt;" type="java.lang.AssertionError"><![CDATA[java.lang.AssertionError: expected:<88> but was:<90>
	at org.junit.Assert.fail(Assert.java:88)
	at org.junit.Assert.failNotEquals(Assert.java:743)
	at org.junit.Assert.assertEquals(Assert.java:118)
	at org.junit.Assert.assertEquals(Assert.java:555)
	at org.junit.Assert.assertEquals(Assert.java:542)
	at org.apache.hadoop.ozone.client.rpc.TestBlockOutputStreamWithFailures.testExceptionDuringClose(TestBlockOutputStreamWithFailures.java:726)
	at sun.reflect.NativeMethodAccessorImpl.invoke0(Native Method)
	at sun.reflect.NativeMethodAccessorImpl.invoke(NativeMethodAccessorImpl.java:62)
	at sun.reflect.DelegatingMethodAccessorImpl.invoke(DelegatingMethodAccessorImpl.java:43)
	at java.lang.reflect.Method.invoke(Method.java:498)
	at org.junit.runners.model.FrameworkMethod$1.runReflectiveCall(FrameworkMethod.java:47)
	at org.junit.internal.runners.model.ReflectiveCallable.run(ReflectiveCallable.java:12)
	at org.junit.runners.model.FrameworkMethod.invokeExplosively(FrameworkMethod.java:44)
	at org.junit.internal.runners.statements.InvokeMethod.evaluate(InvokeMethod.java:17)
	at org.junit.internal.runners.statements.RunBefores.evaluate(RunBefores.java:26)
	at org.junit.internal.runners.statements.RunAfters.evaluate(RunAfters.java:27)
	at org.junit.runners.ParentRunner.runLeaf(ParentRunner.java:271)
	at org.junit.runners.BlockJUnit4ClassRunner.runChild(BlockJUnit4ClassRunner.java:70)
	at org.junit.runners.BlockJUnit4ClassRunner.runChild(BlockJUnit4ClassRunner.java:50)
	at org.junit.runners.ParentRunner$3.run(ParentRunner.java:238)
	at org.junit.runners.ParentRunner$1.schedule(ParentRunner.java:63)
	at org.junit.runners.ParentRunner.runChildren(ParentRunner.java:236)
	at org.junit.runners.ParentRunner.access$000(ParentRunner.java:53)
	at org.junit.runners.ParentRunner$2.evaluate(ParentRunner.java:229)
	at org.junit.runners.ParentRunner.run(ParentRunner.java:309)
	at org.apache.maven.surefire.junit4.JUnit4Provider.execute(JUnit4Provider.java:365)
	at org.apache.maven.surefire.junit4.JUnit4Provider.executeWithRerun(JUnit4Provider.java:273)
	at org.apache.maven.surefire.junit4.JUnit4Provider.executeTestSet(JUnit4Provider.java:238)
	at org.apache.maven.surefire.junit4.JUnit4Provider.invoke(JUnit4Provider.java:159)
	at org.apache.maven.surefire.booter.ForkedBooter.invokeProviderInSameClassLoader(ForkedBooter.java:384)
	at org.apache.maven.surefire.booter.ForkedBooter.runSuitesInProcess(ForkedBooter.java:345)
	at org.apache.maven.surefire.booter.ForkedBooter.execute(ForkedBooter.java:126)
	at org.apache.maven.surefire.booter.ForkedBooter.main(ForkedBooter.java:418)
]]></failure>
    <system-out><![CDATA[2019-10-06 12:19:20,114 [main] WARN  server.ServerUtils (ServerUtils.java:getScmDbDir(145)) - ozone.scm.db.dirs is not configured. We recommend adding this setting. Falling back to ozone.metadata.dirs instead.
2019-10-06 12:19:20,139 [main] WARN  server.ServerUtils (ServerUtils.java:getScmDbDir(145)) - ozone.scm.db.dirs is not configured. We recommend adding this setting. Falling back to ozone.metadata.dirs instead.
2019-10-06 12:19:20,139 [main] WARN  server.ServerUtils (ServerUtils.java:getScmDbDir(145)) - ozone.scm.db.dirs is not configured. We recommend adding this setting. Falling back to ozone.metadata.dirs instead.
2019-10-06 12:19:20,139 [main] INFO  db.DBStoreBuilder (DBStoreBuilder.java:addTable(117)) - using custom profile for table: deletedBlocks
2019-10-06 12:19:20,139 [main] INFO  db.DBStoreBuilder (DBStoreBuilder.java:processTables(168)) - Using default column profile:DBProfile.DISK for Table:deletedBlocks
2019-10-06 12:19:20,140 [main] INFO  db.DBStoreBuilder (DBStoreBuilder.java:addTable(117)) - using custom profile for table: validCerts
2019-10-06 12:19:20,140 [main] INFO  db.DBStoreBuilder (DBStoreBuilder.java:processTables(168)) - Using default column profile:DBProfile.DISK for Table:validCerts
2019-10-06 12:19:20,140 [main] INFO  db.DBStoreBuilder (DBStoreBuilder.java:addTable(117)) - using custom profile for table: revokedCerts
2019-10-06 12:19:20,140 [main] INFO  db.DBStoreBuilder (DBStoreBuilder.java:processTables(168)) - Using default column profile:DBProfile.DISK for Table:revokedCerts
2019-10-06 12:19:20,140 [main] INFO  db.DBStoreBuilder (DBStoreBuilder.java:addTable(117)) - using custom profile for table: default
2019-10-06 12:19:20,140 [main] INFO  db.DBStoreBuilder (DBStoreBuilder.java:processTables(174)) - Using default column profile:DBProfile.DISK for Table:default
2019-10-06 12:19:20,141 [main] INFO  db.DBStoreBuilder (DBStoreBuilder.java:getDbProfile(205)) - Using default options. DBProfile.DISK
2019-10-06 12:19:20,346 [main] INFO  net.NodeSchemaLoader (NodeSchemaLoader.java:loadSchemaFromFile(125)) - Loading file from sun.misc.CompoundEnumeration@6335f04a
2019-10-06 12:19:20,346 [main] INFO  net.NodeSchemaLoader (NodeSchemaLoader.java:loadSchema(171)) - Loading network topology layer schema file
2019-10-06 12:19:20,351 [main] INFO  node.SCMNodeManager (SCMNodeManager.java:<init>(116)) - Entering startup safe mode.
2019-10-06 12:19:20,352 [main] INFO  algorithms.ContainerPlacementPolicyFactory (ContainerPlacementPolicyFactory.java:getPolicy(57)) - Create container placement policy of type org.apache.hadoop.hdds.scm.container.placement.algorithms.SCMContainerPlacementRandom
2019-10-06 12:19:20,352 [main] WARN  server.ServerUtils (ServerUtils.java:getScmDbDir(145)) - ozone.scm.db.dirs is not configured. We recommend adding this setting. Falling back to ozone.metadata.dirs instead.
2019-10-06 12:19:20,448 [main] INFO  pipeline.SCMPipelineManager (SCMPipelineManager.java:initializePipelineState(132)) - No pipeline exists in current db
2019-10-06 12:19:20,449 [main] WARN  server.ServerUtils (ServerUtils.java:getScmDbDir(145)) - ozone.scm.db.dirs is not configured. We recommend adding this setting. Falling back to ozone.metadata.dirs instead.
2019-10-06 12:19:20,544 [main] WARN  events.EventQueue (EventQueue.java:fireEvent(183)) - No event handler registered for event TypedEvent{payloadType=SafeModeStatus, name='SafeModeStatus'}
2019-10-06 12:19:20,545 [main] INFO  ipc.CallQueueManager (CallQueueManager.java:<init>(84)) - Using callQueue: class java.util.concurrent.LinkedBlockingQueue, queueCapacity: 2000, scheduler: class org.apache.hadoop.ipc.DefaultRpcScheduler, ipcBackoff: false.
2019-10-06 12:19:20,546 [Socket Reader #1 for port 35201] INFO  ipc.Server (Server.java:run(1074)) - Starting Socket Reader #1 for port 35201
2019-10-06 12:19:20,553 [main] INFO  ipc.CallQueueManager (CallQueueManager.java:<init>(84)) - Using callQueue: class java.util.concurrent.LinkedBlockingQueue, queueCapacity: 2000, scheduler: class org.apache.hadoop.ipc.DefaultRpcScheduler, ipcBackoff: false.
2019-10-06 12:19:20,553 [Socket Reader #1 for port 34247] INFO  ipc.Server (Server.java:run(1074)) - Starting Socket Reader #1 for port 34247
2019-10-06 12:19:20,568 [main] INFO  ipc.CallQueueManager (CallQueueManager.java:<init>(84)) - Using callQueue: class java.util.concurrent.LinkedBlockingQueue, queueCapacity: 2000, scheduler: class org.apache.hadoop.ipc.DefaultRpcScheduler, ipcBackoff: false.
2019-10-06 12:19:20,569 [Socket Reader #1 for port 37420] INFO  ipc.Server (Server.java:run(1074)) - Starting Socket Reader #1 for port 37420
2019-10-06 12:19:20,572 [main] INFO  hdfs.DFSUtil (DFSUtil.java:httpServerTemplateForNNAndJN(1641)) - Starting Web-server for scm at: http://0.0.0.0:0
2019-10-06 12:19:20,574 [main] INFO  server.AuthenticationFilter (AuthenticationFilter.java:constructSecretProvider(240)) - Unable to initialize FileSignerSecretProvider, falling back to use random secrets.
2019-10-06 12:19:20,575 [main] WARN  http.HttpRequestLog (HttpRequestLog.java:getRequestLog(97)) - Jetty request log can only be enabled using Log4j
2019-10-06 12:19:20,576 [main] INFO  http.HttpServer2 (HttpServer2.java:addGlobalFilter(975)) - Added global filter 'safety' (class=org.apache.hadoop.http.HttpServer2$QuotingInputFilter)
2019-10-06 12:19:20,577 [main] INFO  http.HttpServer2 (HttpServer2.java:addFilter(948)) - Added filter static_user_filter (class=org.apache.hadoop.http.lib.StaticUserWebFilter$StaticUserFilter) to context scm
2019-10-06 12:19:20,577 [main] INFO  http.HttpServer2 (HttpServer2.java:addFilter(958)) - Added filter static_user_filter (class=org.apache.hadoop.http.lib.StaticUserWebFilter$StaticUserFilter) to context logs
2019-10-06 12:19:20,577 [main] INFO  http.HttpServer2 (HttpServer2.java:addFilter(958)) - Added filter static_user_filter (class=org.apache.hadoop.http.lib.StaticUserWebFilter$StaticUserFilter) to context static
2019-10-06 12:19:20,578 [main] INFO  server.StorageContainerManager (StorageContainerManager.java:start(770)) - StorageContainerLocationProtocol RPC server is listening at /0.0.0.0:37420
2019-10-06 12:19:20,580 [main] WARN  impl.MetricsConfig (MetricsConfig.java:loadFirst(134)) - Cannot locate configuration: tried hadoop-metrics2-storagecontainermanager.properties,hadoop-metrics2.properties
2019-10-06 12:19:20,581 [main] INFO  impl.MetricsSystemImpl (MetricsSystemImpl.java:startTimer(374)) - Scheduled Metric snapshot period at 10 second(s).
2019-10-06 12:19:20,581 [main] INFO  impl.MetricsSystemImpl (MetricsSystemImpl.java:start(191)) - StorageContainerManager metrics system started
2019-10-06 12:19:20,843 [main] WARN  impl.MetricsSystemImpl (MetricsSystemImpl.java:register(276)) - Sink prometheus already exists!
2019-10-06 12:19:20,949 [main] INFO  server.SCMClientProtocolServer (SCMClientProtocolServer.java:start(159)) - RPC server for Client  is listening at /0.0.0.0:37420
2019-10-06 12:19:20,949 [IPC Server Responder] INFO  ipc.Server (Server.java:run(1314)) - IPC Server Responder: starting
2019-10-06 12:19:20,950 [IPC Server listener on 37420] INFO  ipc.Server (Server.java:run(1153)) - IPC Server listener on 37420: starting
2019-10-06 12:19:20,956 [main] INFO  server.StorageContainerManager (StorageContainerManager.java:start(780)) - ScmBlockLocationProtocol RPC server is listening at /0.0.0.0:34247
2019-10-06 12:19:20,956 [main] INFO  server.SCMBlockProtocolServer (SCMBlockProtocolServer.java:start(146)) - RPC server for Block Protocol is listening at /0.0.0.0:34247
2019-10-06 12:19:20,957 [IPC Server Responder] INFO  ipc.Server (Server.java:run(1314)) - IPC Server Responder: starting
2019-10-06 12:19:20,959 [IPC Server listener on 34247] INFO  ipc.Server (Server.java:run(1153)) - IPC Server listener on 34247: starting
2019-10-06 12:19:20,962 [main] INFO  server.StorageContainerManager (StorageContainerManager.java:start(784)) - ScmDatanodeProtocl RPC server is listening at /0.0.0.0:35201
2019-10-06 12:19:20,962 [main] INFO  server.SCMDatanodeProtocolServer (SCMDatanodeProtocolServer.java:start(169)) - RPC server for DataNodes is listening at /0.0.0.0:35201
2019-10-06 12:19:20,963 [IPC Server Responder] INFO  ipc.Server (Server.java:run(1314)) - IPC Server Responder: starting
2019-10-06 12:19:20,963 [IPC Server listener on 35201] INFO  ipc.Server (Server.java:run(1153)) - IPC Server listener on 35201: starting
2019-10-06 12:19:20,968 [main] INFO  http.HttpServer2 (HttpServer2.java:bindListener(1191)) - Jetty bound to port 43621
2019-10-06 12:19:20,968 [main] INFO  server.Server (Server.java:doStart(351)) - jetty-9.3.25.v20180904, build timestamp: 2018-09-04T21:11:46Z, git hash: 3ce520221d0240229c862b122d2b06c12a625732
2019-10-06 12:19:20,970 [main] INFO  handler.ContextHandler (ContextHandler.java:doStart(781)) - Started o.e.j.s.ServletContextHandler@786ff0ea{/logs,file:///workdir/hadoop-ozone/integration-test/target/log,AVAILABLE}
2019-10-06 12:19:20,970 [main] INFO  handler.ContextHandler (ContextHandler.java:doStart(781)) - Started o.e.j.s.ServletContextHandler@745926c3{/static,file:///workdir/hadoop-ozone/integration-test/target/test-classes/webapps/static,AVAILABLE}
2019-10-06 12:19:20,974 [main] INFO  handler.ContextHandler (ContextHandler.java:doStart(781)) - Started o.e.j.w.WebAppContext@52d9d817{/,file:///workdir/hadoop-ozone/integration-test/target/test-classes/webapps/scm/,AVAILABLE}{/scm}
2019-10-06 12:19:20,975 [main] INFO  server.AbstractConnector (AbstractConnector.java:doStart(278)) - Started ServerConnector@131ba005{HTTP/1.1,[http/1.1]}{0.0.0.0:43621}
2019-10-06 12:19:20,979 [main] INFO  server.Server (Server.java:doStart(419)) - Started @695675ms
2019-10-06 12:19:20,979 [main] WARN  impl.MetricsSystemImpl (MetricsSystemImpl.java:register(276)) - Sink prometheus already exists!
2019-10-06 12:19:20,981 [main] INFO  server.BaseHttpServer (BaseHttpServer.java:updateConnectorAddress(215)) - HTTP server of SCM is listening at http://0.0.0.0:43621
2019-10-06 12:19:20,982 [main] WARN  server.ServerUtils (ServerUtils.java:getDBPath(222)) - ozone.om.db.dirs is not configured. We recommend adding this setting. Falling back to ozone.metadata.dirs instead.
2019-10-06 12:19:20,982 [org.apache.hadoop.util.JvmPauseMonitor$Monitor@1a84a8b2] INFO  util.JvmPauseMonitor (JvmPauseMonitor.java:run(188)) - Starting JVM pause monitor
2019-10-06 12:19:20,996 [main] INFO  ha.OMHANodeDetails (OMHANodeDetails.java:loadOMHAConfig(190)) - Configuration either no ozone.om.address set. Falling back to the default OM address /127.0.0.1:0
2019-10-06 12:19:20,997 [main] INFO  ha.OMHANodeDetails (OMHANodeDetails.java:getOMNodeDetails(220)) - OM Service ID is not set. Setting it to the default ID: omServiceIdDefault
2019-10-06 12:19:20,997 [main] WARN  server.ServerUtils (ServerUtils.java:getDBPath(222)) - ozone.om.db.dirs is not configured. We recommend adding this setting. Falling back to ozone.metadata.dirs instead.
2019-10-06 12:19:20,997 [main] WARN  server.ServerUtils (ServerUtils.java:getDBPath(222)) - ozone.om.db.dirs is not configured. We recommend adding this setting. Falling back to ozone.metadata.dirs instead.
2019-10-06 12:19:21,005 [main] WARN  server.ServerUtils (ServerUtils.java:getDBPath(222)) - ozone.om.db.dirs is not configured. We recommend adding this setting. Falling back to ozone.metadata.dirs instead.
2019-10-06 12:19:21,006 [main] INFO  db.DBStoreBuilder (DBStoreBuilder.java:addTable(117)) - using custom profile for table: userTable
2019-10-06 12:19:21,006 [main] INFO  db.DBStoreBuilder (DBStoreBuilder.java:processTables(168)) - Using default column profile:DBProfile.DISK for Table:userTable
2019-10-06 12:19:21,006 [main] INFO  db.DBStoreBuilder (DBStoreBuilder.java:addTable(117)) - using custom profile for table: volumeTable
2019-10-06 12:19:21,006 [main] INFO  db.DBStoreBuilder (DBStoreBuilder.java:processTables(168)) - Using default column profile:DBProfile.DISK for Table:volumeTable
2019-10-06 12:19:21,007 [main] INFO  db.DBStoreBuilder (DBStoreBuilder.java:addTable(117)) - using custom profile for table: bucketTable
2019-10-06 12:19:21,007 [main] INFO  db.DBStoreBuilder (DBStoreBuilder.java:processTables(168)) - Using default column profile:DBProfile.DISK for Table:bucketTable
2019-10-06 12:19:21,007 [main] INFO  db.DBStoreBuilder (DBStoreBuilder.java:addTable(117)) - using custom profile for table: keyTable
2019-10-06 12:19:21,007 [main] INFO  db.DBStoreBuilder (DBStoreBuilder.java:processTables(168)) - Using default column profile:DBProfile.DISK for Table:keyTable
2019-10-06 12:19:21,007 [main] INFO  db.DBStoreBuilder (DBStoreBuilder.java:addTable(117)) - using custom profile for table: deletedTable
2019-10-06 12:19:21,008 [main] INFO  db.DBStoreBuilder (DBStoreBuilder.java:processTables(168)) - Using default column profile:DBProfile.DISK for Table:deletedTable
2019-10-06 12:19:21,008 [main] INFO  db.DBStoreBuilder (DBStoreBuilder.java:addTable(117)) - using custom profile for table: openKeyTable
2019-10-06 12:19:21,008 [main] INFO  db.DBStoreBuilder (DBStoreBuilder.java:processTables(168)) - Using default column profile:DBProfile.DISK for Table:openKeyTable
2019-10-06 12:19:21,008 [main] INFO  db.DBStoreBuilder (DBStoreBuilder.java:addTable(117)) - using custom profile for table: s3Table
2019-10-06 12:19:21,008 [main] INFO  db.DBStoreBuilder (DBStoreBuilder.java:processTables(168)) - Using default column profile:DBProfile.DISK for Table:s3Table
2019-10-06 12:19:21,008 [main] INFO  db.DBStoreBuilder (DBStoreBuilder.java:addTable(117)) - using custom profile for table: multipartInfoTable
2019-10-06 12:19:21,009 [main] INFO  db.DBStoreBuilder (DBStoreBuilder.java:processTables(168)) - Using default column profile:DBProfile.DISK for Table:multipartInfoTable
2019-10-06 12:19:21,009 [main] INFO  db.DBStoreBuilder (DBStoreBuilder.java:addTable(117)) - using custom profile for table: dTokenTable
2019-10-06 12:19:21,009 [main] INFO  db.DBStoreBuilder (DBStoreBuilder.java:processTables(168)) - Using default column profile:DBProfile.DISK for Table:dTokenTable
2019-10-06 12:19:21,009 [main] INFO  db.DBStoreBuilder (DBStoreBuilder.java:addTable(117)) - using custom profile for table: s3SecretTable
2019-10-06 12:19:21,009 [main] INFO  db.DBStoreBuilder (DBStoreBuilder.java:processTables(168)) - Using default column profile:DBProfile.DISK for Table:s3SecretTable
2019-10-06 12:19:21,010 [main] INFO  db.DBStoreBuilder (DBStoreBuilder.java:addTable(117)) - using custom profile for table: prefixTable
2019-10-06 12:19:21,010 [main] INFO  db.DBStoreBuilder (DBStoreBuilder.java:processTables(168)) - Using default column profile:DBProfile.DISK for Table:prefixTable
2019-10-06 12:19:21,010 [main] INFO  db.DBStoreBuilder (DBStoreBuilder.java:addTable(117)) - using custom profile for table: default
2019-10-06 12:19:21,010 [main] INFO  db.DBStoreBuilder (DBStoreBuilder.java:processTables(174)) - Using default column profile:DBProfile.DISK for Table:default
2019-10-06 12:19:21,010 [main] INFO  db.DBStoreBuilder (DBStoreBuilder.java:getDbProfile(205)) - Using default options. DBProfile.DISK
2019-10-06 12:19:21,629 [main] INFO  ipc.CallQueueManager (CallQueueManager.java:<init>(84)) - Using callQueue: class java.util.concurrent.LinkedBlockingQueue, queueCapacity: 2000, scheduler: class org.apache.hadoop.ipc.DefaultRpcScheduler, ipcBackoff: false.
2019-10-06 12:19:21,630 [Socket Reader #1 for port 33353] INFO  ipc.Server (Server.java:run(1074)) - Starting Socket Reader #1 for port 33353
2019-10-06 12:19:21,643 [main] INFO  om.OzoneManager (OzoneManager.java:start(1069)) - OzoneManager RPC server is listening at localhost/127.0.0.1:33353
2019-10-06 12:19:21,644 [main] INFO  impl.MetricsSystemImpl (MetricsSystemImpl.java:init(158)) - OzoneManager metrics system started (again)
2019-10-06 12:19:21,646 [IPC Server Responder] INFO  ipc.Server (Server.java:run(1314)) - IPC Server Responder: starting
2019-10-06 12:19:21,646 [IPC Server listener on 33353] INFO  ipc.Server (Server.java:run(1153)) - IPC Server listener on 33353: starting
2019-10-06 12:19:21,654 [main] INFO  hdfs.DFSUtil (DFSUtil.java:httpServerTemplateForNNAndJN(1641)) - Starting Web-server for ozoneManager at: http://0.0.0.0:0
2019-10-06 12:19:21,656 [main] INFO  server.AuthenticationFilter (AuthenticationFilter.java:constructSecretProvider(240)) - Unable to initialize FileSignerSecretProvider, falling back to use random secrets.
2019-10-06 12:19:21,656 [main] WARN  http.HttpRequestLog (HttpRequestLog.java:getRequestLog(97)) - Jetty request log can only be enabled using Log4j
2019-10-06 12:19:21,658 [main] INFO  http.HttpServer2 (HttpServer2.java:addGlobalFilter(975)) - Added global filter 'safety' (class=org.apache.hadoop.http.HttpServer2$QuotingInputFilter)
2019-10-06 12:19:21,659 [main] INFO  http.HttpServer2 (HttpServer2.java:addFilter(948)) - Added filter static_user_filter (class=org.apache.hadoop.http.lib.StaticUserWebFilter$StaticUserFilter) to context ozoneManager
2019-10-06 12:19:21,659 [main] INFO  http.HttpServer2 (HttpServer2.java:addFilter(958)) - Added filter static_user_filter (class=org.apache.hadoop.http.lib.StaticUserWebFilter$StaticUserFilter) to context logs
2019-10-06 12:19:21,659 [main] INFO  http.HttpServer2 (HttpServer2.java:addFilter(958)) - Added filter static_user_filter (class=org.apache.hadoop.http.lib.StaticUserWebFilter$StaticUserFilter) to context static
2019-10-06 12:19:21,660 [main] INFO  http.HttpServer2 (HttpServer2.java:bindListener(1191)) - Jetty bound to port 40015
2019-10-06 12:19:21,660 [main] INFO  server.Server (Server.java:doStart(351)) - jetty-9.3.25.v20180904, build timestamp: 2018-09-04T21:11:46Z, git hash: 3ce520221d0240229c862b122d2b06c12a625732
2019-10-06 12:19:21,662 [main] INFO  handler.ContextHandler (ContextHandler.java:doStart(781)) - Started o.e.j.s.ServletContextHandler@2bfc8558{/logs,file:///workdir/hadoop-ozone/integration-test/target/log,AVAILABLE}
2019-10-06 12:19:21,662 [main] INFO  handler.ContextHandler (ContextHandler.java:doStart(781)) - Started o.e.j.s.ServletContextHandler@42576db9{/static,file:///workdir/hadoop-ozone/integration-test/target/test-classes/webapps/static,AVAILABLE}
2019-10-06 12:19:21,667 [main] INFO  handler.ContextHandler (ContextHandler.java:doStart(781)) - Started o.e.j.w.WebAppContext@41167ded{/,file:///workdir/hadoop-ozone/integration-test/target/test-classes/webapps/ozoneManager/,AVAILABLE}{/ozoneManager}
2019-10-06 12:19:21,668 [main] INFO  server.AbstractConnector (AbstractConnector.java:doStart(278)) - Started ServerConnector@13e1e816{HTTP/1.1,[http/1.1]}{0.0.0.0:40015}
2019-10-06 12:19:21,670 [main] INFO  server.Server (Server.java:doStart(419)) - Started @696365ms
2019-10-06 12:19:21,670 [main] WARN  impl.MetricsSystemImpl (MetricsSystemImpl.java:register(276)) - Sink prometheus already exists!
2019-10-06 12:19:21,670 [main] INFO  server.BaseHttpServer (BaseHttpServer.java:updateConnectorAddress(215)) - HTTP server of OZONEMANAGER is listening at http://0.0.0.0:40015
2019-10-06 12:19:21,689 [main] INFO  impl.MetricsSystemImpl (MetricsSystemImpl.java:init(158)) - HddsDatanode metrics system started (again)
2019-10-06 12:19:21,697 [main] INFO  ozone.HddsDatanodeService (HddsDatanodeService.java:start(184)) - HddsDatanodeService host:ozone-build-dev-sjjt9-54166716 ip:192.168.30.17
2019-10-06 12:19:21,704 [main] INFO  volume.HddsVolume (HddsVolume.java:<init>(176)) - Creating Volume: /workdir/hadoop-ozone/integration-test/target/test-dir/MiniOzoneClusterImpl-cc38ce88-594d-4b3c-9c11-37372e9ad5cb/datanode-0/data/containers/hdds of  storage type : DISK and capacity : 1482555576320
2019-10-06 12:19:21,704 [main] INFO  volume.VolumeSet (VolumeSet.java:initializeVolumeSet(170)) - Added Volume : /workdir/hadoop-ozone/integration-test/target/test-dir/MiniOzoneClusterImpl-cc38ce88-594d-4b3c-9c11-37372e9ad5cb/datanode-0/data/containers/hdds to VolumeSet
2019-10-06 12:19:21,705 [main] INFO  volume.ThrottledAsyncChecker (ThrottledAsyncChecker.java:schedule(139)) - Scheduling a check for org.apache.hadoop.ozone.container.common.volume.HddsVolume@134c38
2019-10-06 12:19:21,705 [main] INFO  volume.HddsVolumeChecker (HddsVolumeChecker.java:checkAllVolumes(202)) - Scheduled health check for volume org.apache.hadoop.ozone.container.common.volume.HddsVolume@134c38
2019-10-06 12:19:21,719 [main] INFO  impl.RaftServerProxy (ConfUtils.java:logGet(43)) - raft.rpc.type = GRPC (default)
2019-10-06 12:19:21,719 [main] INFO  grpc.GrpcFactory (GrpcFactory.java:checkPooledByteBufAllocatorUseCacheForAllThreads(45)) - PERFORMANCE WARNING: useCacheForAllThreads is true that may cause Netty to create a lot garbage objects and, as a result, trigger GC.
	It is recommended to disable useCacheForAllThreads by setting -Dorg.apache.ratis.thirdparty.io.netty.allocator.useCacheForAllThreads=false in command line.
2019-10-06 12:19:21,719 [main] INFO  grpc.GrpcConfigKeys$Server (ConfUtils.java:logGet(43)) - raft.grpc.server.port = 0 (default)
2019-10-06 12:19:21,719 [main] INFO  server.GrpcService (ConfUtils.java:logGet(43)) - raft.grpc.message.size.max = 33570816 (custom)
2019-10-06 12:19:21,719 [main] INFO  server.RaftServerConfigKeys (ConfUtils.java:logGet(43)) - raft.server.log.appender.buffer.byte-limit = 33554432 (custom)
2019-10-06 12:19:21,720 [main] INFO  server.GrpcService (ConfUtils.java:logGet(43)) - raft.grpc.flow.control.window = 1MB (=1048576) (default)
2019-10-06 12:19:21,720 [main] INFO  server.RaftServerConfigKeys (ConfUtils.java:logGet(43)) - raft.server.rpc.request.timeout = 3000ms (default)
2019-10-06 12:19:21,720 [main] INFO  server.RaftServerConfigKeys (ConfUtils.java:logGet(43)) - raft.server.storage.dir = [/workdir/hadoop-ozone/integration-test/target/test-dir/MiniOzoneClusterImpl-cc38ce88-594d-4b3c-9c11-37372e9ad5cb/datanode-0/data/ratis] (custom)
2019-10-06 12:19:21,722 [main] INFO  hdfs.DFSUtil (DFSUtil.java:httpServerTemplateForNNAndJN(1641)) - Starting Web-server for hddsDatanode at: http://0.0.0.0:0
2019-10-06 12:19:21,723 [main] INFO  server.AuthenticationFilter (AuthenticationFilter.java:constructSecretProvider(240)) - Unable to initialize FileSignerSecretProvider, falling back to use random secrets.
2019-10-06 12:19:21,723 [main] WARN  http.HttpRequestLog (HttpRequestLog.java:getRequestLog(97)) - Jetty request log can only be enabled using Log4j
2019-10-06 12:19:21,724 [main] INFO  http.HttpServer2 (HttpServer2.java:addGlobalFilter(975)) - Added global filter 'safety' (class=org.apache.hadoop.http.HttpServer2$QuotingInputFilter)
2019-10-06 12:19:21,725 [main] INFO  http.HttpServer2 (HttpServer2.java:addFilter(948)) - Added filter static_user_filter (class=org.apache.hadoop.http.lib.StaticUserWebFilter$StaticUserFilter) to context hddsDatanode
2019-10-06 12:19:21,725 [main] INFO  http.HttpServer2 (HttpServer2.java:addFilter(958)) - Added filter static_user_filter (class=org.apache.hadoop.http.lib.StaticUserWebFilter$StaticUserFilter) to context static
2019-10-06 12:19:21,725 [main] INFO  http.HttpServer2 (HttpServer2.java:addFilter(958)) - Added filter static_user_filter (class=org.apache.hadoop.http.lib.StaticUserWebFilter$StaticUserFilter) to context logs
2019-10-06 12:19:21,725 [main] INFO  http.HttpServer2 (HttpServer2.java:bindListener(1191)) - Jetty bound to port 37963
2019-10-06 12:19:21,726 [main] INFO  server.Server (Server.java:doStart(351)) - jetty-9.3.25.v20180904, build timestamp: 2018-09-04T21:11:46Z, git hash: 3ce520221d0240229c862b122d2b06c12a625732
2019-10-06 12:19:21,727 [main] INFO  handler.ContextHandler (ContextHandler.java:doStart(781)) - Started o.e.j.s.ServletContextHandler@67a0ff25{/logs,file:///workdir/hadoop-ozone/integration-test/target/log,AVAILABLE}
2019-10-06 12:19:21,727 [main] INFO  handler.ContextHandler (ContextHandler.java:doStart(781)) - Started o.e.j.s.ServletContextHandler@166e5a6d{/static,jar:file:/home/user/.m2/repository/org/apache/hadoop/hadoop-hdds-container-service/0.5.0-SNAPSHOT/hadoop-hdds-container-service-0.5.0-SNAPSHOT.jar!/webapps/static,AVAILABLE}
2019-10-06 12:19:21,755 [main] INFO  handler.ContextHandler (ContextHandler.java:doStart(781)) - Started o.e.j.w.WebAppContext@3d6778d5{/,file:///tmp/jetty-0.0.0.0-37963-hddsDatanode-_-any-2554804003094664684.dir/webapp/,AVAILABLE}{/hddsDatanode}
2019-10-06 12:19:21,756 [main] INFO  server.AbstractConnector (AbstractConnector.java:doStart(278)) - Started ServerConnector@a84338a{HTTP/1.1,[http/1.1]}{0.0.0.0:37963}
2019-10-06 12:19:21,758 [main] INFO  server.Server (Server.java:doStart(419)) - Started @696453ms
2019-10-06 12:19:21,758 [main] WARN  impl.MetricsSystemImpl (MetricsSystemImpl.java:register(276)) - Sink prometheus already exists!
2019-10-06 12:19:21,758 [main] INFO  server.BaseHttpServer (BaseHttpServer.java:updateConnectorAddress(215)) - HTTP server of HDDSDATANODE is listening at http://0.0.0.0:37963
2019-10-06 12:19:21,758 [main] INFO  impl.MetricsSystemImpl (MetricsSystemImpl.java:init(158)) - HddsDatanode metrics system started (again)
2019-10-06 12:19:21,765 [org.apache.hadoop.util.JvmPauseMonitor$Monitor@823fe5f] INFO  util.JvmPauseMonitor (JvmPauseMonitor.java:run(188)) - Starting JVM pause monitor
2019-10-06 12:19:21,765 [main] INFO  ozone.HddsDatanodeService (HddsDatanodeService.java:start(184)) - HddsDatanodeService host:ozone-build-dev-sjjt9-54166716 ip:192.168.30.17
2019-10-06 12:19:21,768 [Datanode State Machine Thread - 0] INFO  datanode.InitDatanodeState (InitDatanodeState.java:persistContainerDatanodeDetails(140)) - DatanodeDetails is persisted to /workdir/hadoop-ozone/integration-test/target/test-dir/MiniOzoneClusterImpl-cc38ce88-594d-4b3c-9c11-37372e9ad5cb/datanode-0/meta/datanode.id
2019-10-06 12:19:21,772 [main] INFO  volume.HddsVolume (HddsVolume.java:<init>(176)) - Creating Volume: /workdir/hadoop-ozone/integration-test/target/test-dir/MiniOzoneClusterImpl-cc38ce88-594d-4b3c-9c11-37372e9ad5cb/datanode-1/data/containers/hdds of  storage type : DISK and capacity : 1482555576320
2019-10-06 12:19:21,773 [main] INFO  volume.VolumeSet (VolumeSet.java:initializeVolumeSet(170)) - Added Volume : /workdir/hadoop-ozone/integration-test/target/test-dir/MiniOzoneClusterImpl-cc38ce88-594d-4b3c-9c11-37372e9ad5cb/datanode-1/data/containers/hdds to VolumeSet
2019-10-06 12:19:21,773 [main] INFO  volume.ThrottledAsyncChecker (ThrottledAsyncChecker.java:schedule(139)) - Scheduling a check for org.apache.hadoop.ozone.container.common.volume.HddsVolume@24a3d414
2019-10-06 12:19:21,773 [main] INFO  volume.HddsVolumeChecker (HddsVolumeChecker.java:checkAllVolumes(202)) - Scheduled health check for volume org.apache.hadoop.ozone.container.common.volume.HddsVolume@24a3d414
2019-10-06 12:19:21,785 [main] INFO  impl.RaftServerProxy (ConfUtils.java:logGet(43)) - raft.rpc.type = GRPC (default)
2019-10-06 12:19:21,786 [main] INFO  grpc.GrpcFactory (GrpcFactory.java:checkPooledByteBufAllocatorUseCacheForAllThreads(45)) - PERFORMANCE WARNING: useCacheForAllThreads is true that may cause Netty to create a lot garbage objects and, as a result, trigger GC.
	It is recommended to disable useCacheForAllThreads by setting -Dorg.apache.ratis.thirdparty.io.netty.allocator.useCacheForAllThreads=false in command line.
2019-10-06 12:19:21,786 [main] INFO  grpc.GrpcConfigKeys$Server (ConfUtils.java:logGet(43)) - raft.grpc.server.port = 0 (default)
2019-10-06 12:19:21,786 [main] INFO  server.GrpcService (ConfUtils.java:logGet(43)) - raft.grpc.message.size.max = 33570816 (custom)
2019-10-06 12:19:21,786 [main] INFO  server.RaftServerConfigKeys (ConfUtils.java:logGet(43)) - raft.server.log.appender.buffer.byte-limit = 33554432 (custom)
2019-10-06 12:19:21,786 [main] INFO  server.GrpcService (ConfUtils.java:logGet(43)) - raft.grpc.flow.control.window = 1MB (=1048576) (default)
2019-10-06 12:19:21,786 [main] INFO  server.RaftServerConfigKeys (ConfUtils.java:logGet(43)) - raft.server.rpc.request.timeout = 3000ms (default)
2019-10-06 12:19:21,787 [main] INFO  server.RaftServerConfigKeys (ConfUtils.java:logGet(43)) - raft.server.storage.dir = [/workdir/hadoop-ozone/integration-test/target/test-dir/MiniOzoneClusterImpl-cc38ce88-594d-4b3c-9c11-37372e9ad5cb/datanode-1/data/ratis] (custom)
2019-10-06 12:19:21,788 [main] INFO  hdfs.DFSUtil (DFSUtil.java:httpServerTemplateForNNAndJN(1641)) - Starting Web-server for hddsDatanode at: http://0.0.0.0:0
2019-10-06 12:19:21,789 [main] INFO  server.AuthenticationFilter (AuthenticationFilter.java:constructSecretProvider(240)) - Unable to initialize FileSignerSecretProvider, falling back to use random secrets.
2019-10-06 12:19:21,789 [main] WARN  http.HttpRequestLog (HttpRequestLog.java:getRequestLog(97)) - Jetty request log can only be enabled using Log4j
2019-10-06 12:19:21,790 [main] INFO  http.HttpServer2 (HttpServer2.java:addGlobalFilter(975)) - Added global filter 'safety' (class=org.apache.hadoop.http.HttpServer2$QuotingInputFilter)
2019-10-06 12:19:21,791 [main] INFO  http.HttpServer2 (HttpServer2.java:addFilter(948)) - Added filter static_user_filter (class=org.apache.hadoop.http.lib.StaticUserWebFilter$StaticUserFilter) to context hddsDatanode
2019-10-06 12:19:21,791 [main] INFO  http.HttpServer2 (HttpServer2.java:addFilter(958)) - Added filter static_user_filter (class=org.apache.hadoop.http.lib.StaticUserWebFilter$StaticUserFilter) to context logs
2019-10-06 12:19:21,791 [main] INFO  http.HttpServer2 (HttpServer2.java:addFilter(958)) - Added filter static_user_filter (class=org.apache.hadoop.http.lib.StaticUserWebFilter$StaticUserFilter) to context static
2019-10-06 12:19:21,791 [main] INFO  http.HttpServer2 (HttpServer2.java:bindListener(1191)) - Jetty bound to port 44822
2019-10-06 12:19:21,792 [main] INFO  server.Server (Server.java:doStart(351)) - jetty-9.3.25.v20180904, build timestamp: 2018-09-04T21:11:46Z, git hash: 3ce520221d0240229c862b122d2b06c12a625732
2019-10-06 12:19:21,793 [main] INFO  handler.ContextHandler (ContextHandler.java:doStart(781)) - Started o.e.j.s.ServletContextHandler@ff1f465{/logs,file:///workdir/hadoop-ozone/integration-test/target/log,AVAILABLE}
2019-10-06 12:19:21,793 [main] INFO  handler.ContextHandler (ContextHandler.java:doStart(781)) - Started o.e.j.s.ServletContextHandler@31f7eb8{/static,jar:file:/home/user/.m2/repository/org/apache/hadoop/hadoop-hdds-container-service/0.5.0-SNAPSHOT/hadoop-hdds-container-service-0.5.0-SNAPSHOT.jar!/webapps/static,AVAILABLE}
2019-10-06 12:19:21,818 [main] INFO  handler.ContextHandler (ContextHandler.java:doStart(781)) - Started o.e.j.w.WebAppContext@3d71e10b{/,file:///tmp/jetty-0.0.0.0-44822-hddsDatanode-_-any-5297175079902052366.dir/webapp/,AVAILABLE}{/hddsDatanode}
2019-10-06 12:19:21,819 [main] INFO  server.AbstractConnector (AbstractConnector.java:doStart(278)) - Started ServerConnector@71139e77{HTTP/1.1,[http/1.1]}{0.0.0.0:44822}
2019-10-06 12:19:21,821 [main] INFO  server.Server (Server.java:doStart(419)) - Started @696516ms
2019-10-06 12:19:21,821 [main] WARN  impl.MetricsSystemImpl (MetricsSystemImpl.java:register(276)) - Sink prometheus already exists!
2019-10-06 12:19:21,821 [main] INFO  server.BaseHttpServer (BaseHttpServer.java:updateConnectorAddress(215)) - HTTP server of HDDSDATANODE is listening at http://0.0.0.0:44822
2019-10-06 12:19:21,821 [main] INFO  impl.MetricsSystemImpl (MetricsSystemImpl.java:init(158)) - HddsDatanode metrics system started (again)
2019-10-06 12:19:21,828 [org.apache.hadoop.util.JvmPauseMonitor$Monitor@5def8a28] INFO  util.JvmPauseMonitor (JvmPauseMonitor.java:run(188)) - Starting JVM pause monitor
2019-10-06 12:19:21,829 [main] INFO  ozone.HddsDatanodeService (HddsDatanodeService.java:start(184)) - HddsDatanodeService host:ozone-build-dev-sjjt9-54166716 ip:192.168.30.17
2019-10-06 12:19:21,829 [Datanode State Machine Thread - 0] INFO  datanode.InitDatanodeState (InitDatanodeState.java:persistContainerDatanodeDetails(140)) - DatanodeDetails is persisted to /workdir/hadoop-ozone/integration-test/target/test-dir/MiniOzoneClusterImpl-cc38ce88-594d-4b3c-9c11-37372e9ad5cb/datanode-1/meta/datanode.id
2019-10-06 12:19:21,835 [main] INFO  volume.HddsVolume (HddsVolume.java:<init>(176)) - Creating Volume: /workdir/hadoop-ozone/integration-test/target/test-dir/MiniOzoneClusterImpl-cc38ce88-594d-4b3c-9c11-37372e9ad5cb/datanode-2/data/containers/hdds of  storage type : DISK and capacity : 1482555576320
2019-10-06 12:19:21,835 [main] INFO  volume.VolumeSet (VolumeSet.java:initializeVolumeSet(170)) - Added Volume : /workdir/hadoop-ozone/integration-test/target/test-dir/MiniOzoneClusterImpl-cc38ce88-594d-4b3c-9c11-37372e9ad5cb/datanode-2/data/containers/hdds to VolumeSet
2019-10-06 12:19:21,835 [main] INFO  volume.ThrottledAsyncChecker (ThrottledAsyncChecker.java:schedule(139)) - Scheduling a check for org.apache.hadoop.ozone.container.common.volume.HddsVolume@68d8eb4f
2019-10-06 12:19:21,836 [main] INFO  volume.HddsVolumeChecker (HddsVolumeChecker.java:checkAllVolumes(202)) - Scheduled health check for volume org.apache.hadoop.ozone.container.common.volume.HddsVolume@68d8eb4f
2019-10-06 12:19:21,847 [main] INFO  impl.RaftServerProxy (ConfUtils.java:logGet(43)) - raft.rpc.type = GRPC (default)
2019-10-06 12:19:21,847 [main] INFO  grpc.GrpcFactory (GrpcFactory.java:checkPooledByteBufAllocatorUseCacheForAllThreads(45)) - PERFORMANCE WARNING: useCacheForAllThreads is true that may cause Netty to create a lot garbage objects and, as a result, trigger GC.
	It is recommended to disable useCacheForAllThreads by setting -Dorg.apache.ratis.thirdparty.io.netty.allocator.useCacheForAllThreads=false in command line.
2019-10-06 12:19:21,847 [main] INFO  grpc.GrpcConfigKeys$Server (ConfUtils.java:logGet(43)) - raft.grpc.server.port = 0 (default)
2019-10-06 12:19:21,847 [main] INFO  server.GrpcService (ConfUtils.java:logGet(43)) - raft.grpc.message.size.max = 33570816 (custom)
2019-10-06 12:19:21,847 [main] INFO  server.RaftServerConfigKeys (ConfUtils.java:logGet(43)) - raft.server.log.appender.buffer.byte-limit = 33554432 (custom)
2019-10-06 12:19:21,848 [main] INFO  server.GrpcService (ConfUtils.java:logGet(43)) - raft.grpc.flow.control.window = 1MB (=1048576) (default)
2019-10-06 12:19:21,848 [main] INFO  server.RaftServerConfigKeys (ConfUtils.java:logGet(43)) - raft.server.rpc.request.timeout = 3000ms (default)
2019-10-06 12:19:21,848 [main] INFO  server.RaftServerConfigKeys (ConfUtils.java:logGet(43)) - raft.server.storage.dir = [/workdir/hadoop-ozone/integration-test/target/test-dir/MiniOzoneClusterImpl-cc38ce88-594d-4b3c-9c11-37372e9ad5cb/datanode-2/data/ratis] (custom)
2019-10-06 12:19:21,849 [main] INFO  hdfs.DFSUtil (DFSUtil.java:httpServerTemplateForNNAndJN(1641)) - Starting Web-server for hddsDatanode at: http://0.0.0.0:0
2019-10-06 12:19:21,850 [main] INFO  server.AuthenticationFilter (AuthenticationFilter.java:constructSecretProvider(240)) - Unable to initialize FileSignerSecretProvider, falling back to use random secrets.
2019-10-06 12:19:21,850 [main] WARN  http.HttpRequestLog (HttpRequestLog.java:getRequestLog(97)) - Jetty request log can only be enabled using Log4j
2019-10-06 12:19:21,851 [main] INFO  http.HttpServer2 (HttpServer2.java:addGlobalFilter(975)) - Added global filter 'safety' (class=org.apache.hadoop.http.HttpServer2$QuotingInputFilter)
2019-10-06 12:19:21,851 [main] INFO  http.HttpServer2 (HttpServer2.java:addFilter(948)) - Added filter static_user_filter (class=org.apache.hadoop.http.lib.StaticUserWebFilter$StaticUserFilter) to context hddsDatanode
2019-10-06 12:19:21,851 [main] INFO  http.HttpServer2 (HttpServer2.java:addFilter(958)) - Added filter static_user_filter (class=org.apache.hadoop.http.lib.StaticUserWebFilter$StaticUserFilter) to context static
2019-10-06 12:19:21,852 [main] INFO  http.HttpServer2 (HttpServer2.java:addFilter(958)) - Added filter static_user_filter (class=org.apache.hadoop.http.lib.StaticUserWebFilter$StaticUserFilter) to context logs
2019-10-06 12:19:21,852 [main] INFO  http.HttpServer2 (HttpServer2.java:bindListener(1191)) - Jetty bound to port 38367
2019-10-06 12:19:21,852 [main] INFO  server.Server (Server.java:doStart(351)) - jetty-9.3.25.v20180904, build timestamp: 2018-09-04T21:11:46Z, git hash: 3ce520221d0240229c862b122d2b06c12a625732
2019-10-06 12:19:21,854 [main] INFO  handler.ContextHandler (ContextHandler.java:doStart(781)) - Started o.e.j.s.ServletContextHandler@3d798e76{/logs,file:///workdir/hadoop-ozone/integration-test/target/log,AVAILABLE}
2019-10-06 12:19:21,854 [main] INFO  handler.ContextHandler (ContextHandler.java:doStart(781)) - Started o.e.j.s.ServletContextHandler@386e9fd8{/static,jar:file:/home/user/.m2/repository/org/apache/hadoop/hadoop-hdds-container-service/0.5.0-SNAPSHOT/hadoop-hdds-container-service-0.5.0-SNAPSHOT.jar!/webapps/static,AVAILABLE}
2019-10-06 12:19:21,878 [main] INFO  handler.ContextHandler (ContextHandler.java:doStart(781)) - Started o.e.j.w.WebAppContext@405d8a80{/,file:///tmp/jetty-0.0.0.0-38367-hddsDatanode-_-any-1976258750295582990.dir/webapp/,AVAILABLE}{/hddsDatanode}
2019-10-06 12:19:21,879 [main] INFO  server.AbstractConnector (AbstractConnector.java:doStart(278)) - Started ServerConnector@ac4e690{HTTP/1.1,[http/1.1]}{0.0.0.0:38367}
2019-10-06 12:19:21,880 [main] INFO  server.Server (Server.java:doStart(419)) - Started @696576ms
2019-10-06 12:19:21,881 [main] WARN  impl.MetricsSystemImpl (MetricsSystemImpl.java:register(276)) - Sink prometheus already exists!
2019-10-06 12:19:21,881 [main] INFO  server.BaseHttpServer (BaseHttpServer.java:updateConnectorAddress(215)) - HTTP server of HDDSDATANODE is listening at http://0.0.0.0:38367
2019-10-06 12:19:21,881 [main] INFO  impl.MetricsSystemImpl (MetricsSystemImpl.java:init(158)) - HddsDatanode metrics system started (again)
2019-10-06 12:19:21,888 [org.apache.hadoop.util.JvmPauseMonitor$Monitor@2df63f60] INFO  util.JvmPauseMonitor (JvmPauseMonitor.java:run(188)) - Starting JVM pause monitor
2019-10-06 12:19:21,889 [main] INFO  ozone.HddsDatanodeService (HddsDatanodeService.java:start(184)) - HddsDatanodeService host:ozone-build-dev-sjjt9-54166716 ip:192.168.30.17
2019-10-06 12:19:21,889 [Datanode State Machine Thread - 0] INFO  datanode.InitDatanodeState (InitDatanodeState.java:persistContainerDatanodeDetails(140)) - DatanodeDetails is persisted to /workdir/hadoop-ozone/integration-test/target/test-dir/MiniOzoneClusterImpl-cc38ce88-594d-4b3c-9c11-37372e9ad5cb/datanode-2/meta/datanode.id
2019-10-06 12:19:21,895 [main] INFO  volume.HddsVolume (HddsVolume.java:<init>(176)) - Creating Volume: /workdir/hadoop-ozone/integration-test/target/test-dir/MiniOzoneClusterImpl-cc38ce88-594d-4b3c-9c11-37372e9ad5cb/datanode-3/data/containers/hdds of  storage type : DISK and capacity : 1482555576320
2019-10-06 12:19:21,896 [main] INFO  volume.VolumeSet (VolumeSet.java:initializeVolumeSet(170)) - Added Volume : /workdir/hadoop-ozone/integration-test/target/test-dir/MiniOzoneClusterImpl-cc38ce88-594d-4b3c-9c11-37372e9ad5cb/datanode-3/data/containers/hdds to VolumeSet
2019-10-06 12:19:21,896 [main] INFO  volume.ThrottledAsyncChecker (ThrottledAsyncChecker.java:schedule(139)) - Scheduling a check for org.apache.hadoop.ozone.container.common.volume.HddsVolume@2729bb71
2019-10-06 12:19:21,896 [main] INFO  volume.HddsVolumeChecker (HddsVolumeChecker.java:checkAllVolumes(202)) - Scheduled health check for volume org.apache.hadoop.ozone.container.common.volume.HddsVolume@2729bb71
2019-10-06 12:19:21,908 [main] INFO  impl.RaftServerProxy (ConfUtils.java:logGet(43)) - raft.rpc.type = GRPC (default)
2019-10-06 12:19:21,908 [main] INFO  grpc.GrpcFactory (GrpcFactory.java:checkPooledByteBufAllocatorUseCacheForAllThreads(45)) - PERFORMANCE WARNING: useCacheForAllThreads is true that may cause Netty to create a lot garbage objects and, as a result, trigger GC.
	It is recommended to disable useCacheForAllThreads by setting -Dorg.apache.ratis.thirdparty.io.netty.allocator.useCacheForAllThreads=false in command line.
2019-10-06 12:19:21,908 [main] INFO  grpc.GrpcConfigKeys$Server (ConfUtils.java:logGet(43)) - raft.grpc.server.port = 0 (default)
2019-10-06 12:19:21,908 [main] INFO  server.GrpcService (ConfUtils.java:logGet(43)) - raft.grpc.message.size.max = 33570816 (custom)
2019-10-06 12:19:21,908 [main] INFO  server.RaftServerConfigKeys (ConfUtils.java:logGet(43)) - raft.server.log.appender.buffer.byte-limit = 33554432 (custom)
2019-10-06 12:19:21,909 [main] INFO  server.GrpcService (ConfUtils.java:logGet(43)) - raft.grpc.flow.control.window = 1MB (=1048576) (default)
2019-10-06 12:19:21,909 [main] INFO  server.RaftServerConfigKeys (ConfUtils.java:logGet(43)) - raft.server.rpc.request.timeout = 3000ms (default)
2019-10-06 12:19:21,909 [main] INFO  server.RaftServerConfigKeys (ConfUtils.java:logGet(43)) - raft.server.storage.dir = [/workdir/hadoop-ozone/integration-test/target/test-dir/MiniOzoneClusterImpl-cc38ce88-594d-4b3c-9c11-37372e9ad5cb/datanode-3/data/ratis] (custom)
2019-10-06 12:19:21,910 [main] INFO  hdfs.DFSUtil (DFSUtil.java:httpServerTemplateForNNAndJN(1641)) - Starting Web-server for hddsDatanode at: http://0.0.0.0:0
2019-10-06 12:19:21,911 [main] INFO  server.AuthenticationFilter (AuthenticationFilter.java:constructSecretProvider(240)) - Unable to initialize FileSignerSecretProvider, falling back to use random secrets.
2019-10-06 12:19:21,911 [main] WARN  http.HttpRequestLog (HttpRequestLog.java:getRequestLog(97)) - Jetty request log can only be enabled using Log4j
2019-10-06 12:19:21,914 [main] INFO  http.HttpServer2 (HttpServer2.java:addGlobalFilter(975)) - Added global filter 'safety' (class=org.apache.hadoop.http.HttpServer2$QuotingInputFilter)
2019-10-06 12:19:21,914 [main] INFO  http.HttpServer2 (HttpServer2.java:addFilter(948)) - Added filter static_user_filter (class=org.apache.hadoop.http.lib.StaticUserWebFilter$StaticUserFilter) to context hddsDatanode
2019-10-06 12:19:21,914 [main] INFO  http.HttpServer2 (HttpServer2.java:addFilter(958)) - Added filter static_user_filter (class=org.apache.hadoop.http.lib.StaticUserWebFilter$StaticUserFilter) to context static
2019-10-06 12:19:21,914 [main] INFO  http.HttpServer2 (HttpServer2.java:addFilter(958)) - Added filter static_user_filter (class=org.apache.hadoop.http.lib.StaticUserWebFilter$StaticUserFilter) to context logs
2019-10-06 12:19:21,915 [main] INFO  http.HttpServer2 (HttpServer2.java:bindListener(1191)) - Jetty bound to port 46305
2019-10-06 12:19:21,915 [main] INFO  server.Server (Server.java:doStart(351)) - jetty-9.3.25.v20180904, build timestamp: 2018-09-04T21:11:46Z, git hash: 3ce520221d0240229c862b122d2b06c12a625732
2019-10-06 12:19:21,916 [main] INFO  handler.ContextHandler (ContextHandler.java:doStart(781)) - Started o.e.j.s.ServletContextHandler@53ba7997{/logs,file:///workdir/hadoop-ozone/integration-test/target/log,AVAILABLE}
2019-10-06 12:19:21,916 [main] INFO  handler.ContextHandler (ContextHandler.java:doStart(781)) - Started o.e.j.s.ServletContextHandler@61dd1c3d{/static,jar:file:/home/user/.m2/repository/org/apache/hadoop/hadoop-hdds-container-service/0.5.0-SNAPSHOT/hadoop-hdds-container-service-0.5.0-SNAPSHOT.jar!/webapps/static,AVAILABLE}
2019-10-06 12:19:21,941 [main] INFO  handler.ContextHandler (ContextHandler.java:doStart(781)) - Started o.e.j.w.WebAppContext@1a7d0c9f{/,file:///tmp/jetty-0.0.0.0-46305-hddsDatanode-_-any-2346036967428460120.dir/webapp/,AVAILABLE}{/hddsDatanode}
2019-10-06 12:19:21,941 [main] INFO  server.AbstractConnector (AbstractConnector.java:doStart(278)) - Started ServerConnector@2b1a901d{HTTP/1.1,[http/1.1]}{0.0.0.0:46305}
2019-10-06 12:19:21,943 [main] INFO  server.Server (Server.java:doStart(419)) - Started @696639ms
2019-10-06 12:19:21,943 [main] WARN  impl.MetricsSystemImpl (MetricsSystemImpl.java:register(276)) - Sink prometheus already exists!
2019-10-06 12:19:21,944 [main] INFO  server.BaseHttpServer (BaseHttpServer.java:updateConnectorAddress(215)) - HTTP server of HDDSDATANODE is listening at http://0.0.0.0:46305
2019-10-06 12:19:21,944 [main] INFO  impl.MetricsSystemImpl (MetricsSystemImpl.java:init(158)) - HddsDatanode metrics system started (again)
2019-10-06 12:19:21,951 [org.apache.hadoop.util.JvmPauseMonitor$Monitor@7d6cc2d3] INFO  util.JvmPauseMonitor (JvmPauseMonitor.java:run(188)) - Starting JVM pause monitor
2019-10-06 12:19:21,952 [main] INFO  ozone.HddsDatanodeService (HddsDatanodeService.java:start(184)) - HddsDatanodeService host:ozone-build-dev-sjjt9-54166716 ip:192.168.30.17
2019-10-06 12:19:21,952 [Datanode State Machine Thread - 0] INFO  datanode.InitDatanodeState (InitDatanodeState.java:persistContainerDatanodeDetails(140)) - DatanodeDetails is persisted to /workdir/hadoop-ozone/integration-test/target/test-dir/MiniOzoneClusterImpl-cc38ce88-594d-4b3c-9c11-37372e9ad5cb/datanode-3/meta/datanode.id
2019-10-06 12:19:21,958 [main] INFO  volume.HddsVolume (HddsVolume.java:<init>(176)) - Creating Volume: /workdir/hadoop-ozone/integration-test/target/test-dir/MiniOzoneClusterImpl-cc38ce88-594d-4b3c-9c11-37372e9ad5cb/datanode-4/data/containers/hdds of  storage type : DISK and capacity : 1482555576320
2019-10-06 12:19:21,959 [main] INFO  volume.VolumeSet (VolumeSet.java:initializeVolumeSet(170)) - Added Volume : /workdir/hadoop-ozone/integration-test/target/test-dir/MiniOzoneClusterImpl-cc38ce88-594d-4b3c-9c11-37372e9ad5cb/datanode-4/data/containers/hdds to VolumeSet
2019-10-06 12:19:21,959 [main] INFO  volume.ThrottledAsyncChecker (ThrottledAsyncChecker.java:schedule(139)) - Scheduling a check for org.apache.hadoop.ozone.container.common.volume.HddsVolume@4269aad7
2019-10-06 12:19:21,959 [main] INFO  volume.HddsVolumeChecker (HddsVolumeChecker.java:checkAllVolumes(202)) - Scheduled health check for volume org.apache.hadoop.ozone.container.common.volume.HddsVolume@4269aad7
2019-10-06 12:19:21,971 [main] INFO  impl.RaftServerProxy (ConfUtils.java:logGet(43)) - raft.rpc.type = GRPC (default)
2019-10-06 12:19:21,971 [main] INFO  grpc.GrpcFactory (GrpcFactory.java:checkPooledByteBufAllocatorUseCacheForAllThreads(45)) - PERFORMANCE WARNING: useCacheForAllThreads is true that may cause Netty to create a lot garbage objects and, as a result, trigger GC.
	It is recommended to disable useCacheForAllThreads by setting -Dorg.apache.ratis.thirdparty.io.netty.allocator.useCacheForAllThreads=false in command line.
2019-10-06 12:19:21,971 [main] INFO  grpc.GrpcConfigKeys$Server (ConfUtils.java:logGet(43)) - raft.grpc.server.port = 0 (default)
2019-10-06 12:19:21,971 [main] INFO  server.GrpcService (ConfUtils.java:logGet(43)) - raft.grpc.message.size.max = 33570816 (custom)
2019-10-06 12:19:21,971 [main] INFO  server.RaftServerConfigKeys (ConfUtils.java:logGet(43)) - raft.server.log.appender.buffer.byte-limit = 33554432 (custom)
2019-10-06 12:19:21,972 [main] INFO  server.GrpcService (ConfUtils.java:logGet(43)) - raft.grpc.flow.control.window = 1MB (=1048576) (default)
2019-10-06 12:19:21,972 [main] INFO  server.RaftServerConfigKeys (ConfUtils.java:logGet(43)) - raft.server.rpc.request.timeout = 3000ms (default)
2019-10-06 12:19:21,972 [main] INFO  server.RaftServerConfigKeys (ConfUtils.java:logGet(43)) - raft.server.storage.dir = [/workdir/hadoop-ozone/integration-test/target/test-dir/MiniOzoneClusterImpl-cc38ce88-594d-4b3c-9c11-37372e9ad5cb/datanode-4/data/ratis] (custom)
2019-10-06 12:19:21,973 [main] INFO  hdfs.DFSUtil (DFSUtil.java:httpServerTemplateForNNAndJN(1641)) - Starting Web-server for hddsDatanode at: http://0.0.0.0:0
2019-10-06 12:19:21,974 [main] INFO  server.AuthenticationFilter (AuthenticationFilter.java:constructSecretProvider(240)) - Unable to initialize FileSignerSecretProvider, falling back to use random secrets.
2019-10-06 12:19:21,974 [main] WARN  http.HttpRequestLog (HttpRequestLog.java:getRequestLog(97)) - Jetty request log can only be enabled using Log4j
2019-10-06 12:19:21,975 [main] INFO  http.HttpServer2 (HttpServer2.java:addGlobalFilter(975)) - Added global filter 'safety' (class=org.apache.hadoop.http.HttpServer2$QuotingInputFilter)
2019-10-06 12:19:21,975 [main] INFO  http.HttpServer2 (HttpServer2.java:addFilter(948)) - Added filter static_user_filter (class=org.apache.hadoop.http.lib.StaticUserWebFilter$StaticUserFilter) to context hddsDatanode
2019-10-06 12:19:21,975 [main] INFO  http.HttpServer2 (HttpServer2.java:addFilter(958)) - Added filter static_user_filter (class=org.apache.hadoop.http.lib.StaticUserWebFilter$StaticUserFilter) to context logs
2019-10-06 12:19:21,975 [main] INFO  http.HttpServer2 (HttpServer2.java:addFilter(958)) - Added filter static_user_filter (class=org.apache.hadoop.http.lib.StaticUserWebFilter$StaticUserFilter) to context static
2019-10-06 12:19:21,976 [main] INFO  http.HttpServer2 (HttpServer2.java:bindListener(1191)) - Jetty bound to port 40101
2019-10-06 12:19:21,976 [main] INFO  server.Server (Server.java:doStart(351)) - jetty-9.3.25.v20180904, build timestamp: 2018-09-04T21:11:46Z, git hash: 3ce520221d0240229c862b122d2b06c12a625732
2019-10-06 12:19:21,977 [main] INFO  handler.ContextHandler (ContextHandler.java:doStart(781)) - Started o.e.j.s.ServletContextHandler@27db45f{/logs,file:///workdir/hadoop-ozone/integration-test/target/log,AVAILABLE}
2019-10-06 12:19:21,978 [main] INFO  handler.ContextHandler (ContextHandler.java:doStart(781)) - Started o.e.j.s.ServletContextHandler@1aeff8ca{/static,jar:file:/home/user/.m2/repository/org/apache/hadoop/hadoop-hdds-container-service/0.5.0-SNAPSHOT/hadoop-hdds-container-service-0.5.0-SNAPSHOT.jar!/webapps/static,AVAILABLE}
2019-10-06 12:19:22,002 [main] INFO  handler.ContextHandler (ContextHandler.java:doStart(781)) - Started o.e.j.w.WebAppContext@14590fe2{/,file:///tmp/jetty-0.0.0.0-40101-hddsDatanode-_-any-2493174805383790086.dir/webapp/,AVAILABLE}{/hddsDatanode}
2019-10-06 12:19:22,002 [main] INFO  server.AbstractConnector (AbstractConnector.java:doStart(278)) - Started ServerConnector@5922cff3{HTTP/1.1,[http/1.1]}{0.0.0.0:40101}
2019-10-06 12:19:22,002 [main] INFO  server.Server (Server.java:doStart(419)) - Started @696698ms
2019-10-06 12:19:22,004 [main] WARN  impl.MetricsSystemImpl (MetricsSystemImpl.java:register(276)) - Sink prometheus already exists!
2019-10-06 12:19:22,005 [main] INFO  server.BaseHttpServer (BaseHttpServer.java:updateConnectorAddress(215)) - HTTP server of HDDSDATANODE is listening at http://0.0.0.0:40101
2019-10-06 12:19:22,005 [main] INFO  impl.MetricsSystemImpl (MetricsSystemImpl.java:init(158)) - HddsDatanode metrics system started (again)
2019-10-06 12:19:22,013 [org.apache.hadoop.util.JvmPauseMonitor$Monitor@676236b1] INFO  util.JvmPauseMonitor (JvmPauseMonitor.java:run(188)) - Starting JVM pause monitor
2019-10-06 12:19:22,014 [main] INFO  ozone.HddsDatanodeService (HddsDatanodeService.java:start(184)) - HddsDatanodeService host:ozone-build-dev-sjjt9-54166716 ip:192.168.30.17
2019-10-06 12:19:22,014 [Datanode State Machine Thread - 0] INFO  datanode.InitDatanodeState (InitDatanodeState.java:persistContainerDatanodeDetails(140)) - DatanodeDetails is persisted to /workdir/hadoop-ozone/integration-test/target/test-dir/MiniOzoneClusterImpl-cc38ce88-594d-4b3c-9c11-37372e9ad5cb/datanode-4/meta/datanode.id
2019-10-06 12:19:22,020 [main] INFO  volume.HddsVolume (HddsVolume.java:<init>(176)) - Creating Volume: /workdir/hadoop-ozone/integration-test/target/test-dir/MiniOzoneClusterImpl-cc38ce88-594d-4b3c-9c11-37372e9ad5cb/datanode-5/data/containers/hdds of  storage type : DISK and capacity : 1482555576320
2019-10-06 12:19:22,021 [main] INFO  volume.VolumeSet (VolumeSet.java:initializeVolumeSet(170)) - Added Volume : /workdir/hadoop-ozone/integration-test/target/test-dir/MiniOzoneClusterImpl-cc38ce88-594d-4b3c-9c11-37372e9ad5cb/datanode-5/data/containers/hdds to VolumeSet
2019-10-06 12:19:22,021 [main] INFO  volume.ThrottledAsyncChecker (ThrottledAsyncChecker.java:schedule(139)) - Scheduling a check for org.apache.hadoop.ozone.container.common.volume.HddsVolume@6a1d1467
2019-10-06 12:19:22,021 [main] INFO  volume.HddsVolumeChecker (HddsVolumeChecker.java:checkAllVolumes(202)) - Scheduled health check for volume org.apache.hadoop.ozone.container.common.volume.HddsVolume@6a1d1467
2019-10-06 12:19:22,032 [main] INFO  impl.RaftServerProxy (ConfUtils.java:logGet(43)) - raft.rpc.type = GRPC (default)
2019-10-06 12:19:22,033 [main] INFO  grpc.GrpcFactory (GrpcFactory.java:checkPooledByteBufAllocatorUseCacheForAllThreads(45)) - PERFORMANCE WARNING: useCacheForAllThreads is true that may cause Netty to create a lot garbage objects and, as a result, trigger GC.
	It is recommended to disable useCacheForAllThreads by setting -Dorg.apache.ratis.thirdparty.io.netty.allocator.useCacheForAllThreads=false in command line.
2019-10-06 12:19:22,033 [main] INFO  grpc.GrpcConfigKeys$Server (ConfUtils.java:logGet(43)) - raft.grpc.server.port = 0 (default)
2019-10-06 12:19:22,033 [main] INFO  server.GrpcService (ConfUtils.java:logGet(43)) - raft.grpc.message.size.max = 33570816 (custom)
2019-10-06 12:19:22,033 [main] INFO  server.RaftServerConfigKeys (ConfUtils.java:logGet(43)) - raft.server.log.appender.buffer.byte-limit = 33554432 (custom)
2019-10-06 12:19:22,033 [main] INFO  server.GrpcService (ConfUtils.java:logGet(43)) - raft.grpc.flow.control.window = 1MB (=1048576) (default)
2019-10-06 12:19:22,033 [main] INFO  server.RaftServerConfigKeys (ConfUtils.java:logGet(43)) - raft.server.rpc.request.timeout = 3000ms (default)
2019-10-06 12:19:22,034 [main] INFO  server.RaftServerConfigKeys (ConfUtils.java:logGet(43)) - raft.server.storage.dir = [/workdir/hadoop-ozone/integration-test/target/test-dir/MiniOzoneClusterImpl-cc38ce88-594d-4b3c-9c11-37372e9ad5cb/datanode-5/data/ratis] (custom)
2019-10-06 12:19:22,035 [main] INFO  hdfs.DFSUtil (DFSUtil.java:httpServerTemplateForNNAndJN(1641)) - Starting Web-server for hddsDatanode at: http://0.0.0.0:0
2019-10-06 12:19:22,035 [main] INFO  server.AuthenticationFilter (AuthenticationFilter.java:constructSecretProvider(240)) - Unable to initialize FileSignerSecretProvider, falling back to use random secrets.
2019-10-06 12:19:22,036 [main] WARN  http.HttpRequestLog (HttpRequestLog.java:getRequestLog(97)) - Jetty request log can only be enabled using Log4j
2019-10-06 12:19:22,037 [main] INFO  http.HttpServer2 (HttpServer2.java:addGlobalFilter(975)) - Added global filter 'safety' (class=org.apache.hadoop.http.HttpServer2$QuotingInputFilter)
2019-10-06 12:19:22,037 [main] INFO  http.HttpServer2 (HttpServer2.java:addFilter(948)) - Added filter static_user_filter (class=org.apache.hadoop.http.lib.StaticUserWebFilter$StaticUserFilter) to context hddsDatanode
2019-10-06 12:19:22,037 [main] INFO  http.HttpServer2 (HttpServer2.java:addFilter(958)) - Added filter static_user_filter (class=org.apache.hadoop.http.lib.StaticUserWebFilter$StaticUserFilter) to context logs
2019-10-06 12:19:22,037 [main] INFO  http.HttpServer2 (HttpServer2.java:addFilter(958)) - Added filter static_user_filter (class=org.apache.hadoop.http.lib.StaticUserWebFilter$StaticUserFilter) to context static
2019-10-06 12:19:22,038 [main] INFO  http.HttpServer2 (HttpServer2.java:bindListener(1191)) - Jetty bound to port 36112
2019-10-06 12:19:22,038 [main] INFO  server.Server (Server.java:doStart(351)) - jetty-9.3.25.v20180904, build timestamp: 2018-09-04T21:11:46Z, git hash: 3ce520221d0240229c862b122d2b06c12a625732
2019-10-06 12:19:22,039 [main] INFO  handler.ContextHandler (ContextHandler.java:doStart(781)) - Started o.e.j.s.ServletContextHandler@52657d5f{/logs,file:///workdir/hadoop-ozone/integration-test/target/log,AVAILABLE}
2019-10-06 12:19:22,039 [main] INFO  handler.ContextHandler (ContextHandler.java:doStart(781)) - Started o.e.j.s.ServletContextHandler@2211b44f{/static,jar:file:/home/user/.m2/repository/org/apache/hadoop/hadoop-hdds-container-service/0.5.0-SNAPSHOT/hadoop-hdds-container-service-0.5.0-SNAPSHOT.jar!/webapps/static,AVAILABLE}
2019-10-06 12:19:22,065 [main] INFO  handler.ContextHandler (ContextHandler.java:doStart(781)) - Started o.e.j.w.WebAppContext@9dc782d{/,file:///tmp/jetty-0.0.0.0-36112-hddsDatanode-_-any-7086305464197221967.dir/webapp/,AVAILABLE}{/hddsDatanode}
2019-10-06 12:19:22,065 [main] INFO  server.AbstractConnector (AbstractConnector.java:doStart(278)) - Started ServerConnector@1ba35152{HTTP/1.1,[http/1.1]}{0.0.0.0:36112}
2019-10-06 12:19:22,065 [main] INFO  server.Server (Server.java:doStart(419)) - Started @696761ms
2019-10-06 12:19:22,068 [main] WARN  impl.MetricsSystemImpl (MetricsSystemImpl.java:register(276)) - Sink prometheus already exists!
2019-10-06 12:19:22,069 [main] INFO  server.BaseHttpServer (BaseHttpServer.java:updateConnectorAddress(215)) - HTTP server of HDDSDATANODE is listening at http://0.0.0.0:36112
2019-10-06 12:19:22,069 [main] INFO  impl.MetricsSystemImpl (MetricsSystemImpl.java:init(158)) - HddsDatanode metrics system started (again)
2019-10-06 12:19:22,077 [org.apache.hadoop.util.JvmPauseMonitor$Monitor@21de9c59] INFO  util.JvmPauseMonitor (JvmPauseMonitor.java:run(188)) - Starting JVM pause monitor
2019-10-06 12:19:22,078 [main] INFO  ozone.HddsDatanodeService (HddsDatanodeService.java:start(184)) - HddsDatanodeService host:ozone-build-dev-sjjt9-54166716 ip:192.168.30.17
2019-10-06 12:19:22,079 [Datanode State Machine Thread - 0] INFO  datanode.InitDatanodeState (InitDatanodeState.java:persistContainerDatanodeDetails(140)) - DatanodeDetails is persisted to /workdir/hadoop-ozone/integration-test/target/test-dir/MiniOzoneClusterImpl-cc38ce88-594d-4b3c-9c11-37372e9ad5cb/datanode-5/meta/datanode.id
2019-10-06 12:19:22,085 [main] INFO  volume.HddsVolume (HddsVolume.java:<init>(176)) - Creating Volume: /workdir/hadoop-ozone/integration-test/target/test-dir/MiniOzoneClusterImpl-cc38ce88-594d-4b3c-9c11-37372e9ad5cb/datanode-6/data/containers/hdds of  storage type : DISK and capacity : 1482555576320
2019-10-06 12:19:22,085 [main] INFO  volume.VolumeSet (VolumeSet.java:initializeVolumeSet(170)) - Added Volume : /workdir/hadoop-ozone/integration-test/target/test-dir/MiniOzoneClusterImpl-cc38ce88-594d-4b3c-9c11-37372e9ad5cb/datanode-6/data/containers/hdds to VolumeSet
2019-10-06 12:19:22,085 [main] INFO  volume.ThrottledAsyncChecker (ThrottledAsyncChecker.java:schedule(139)) - Scheduling a check for org.apache.hadoop.ozone.container.common.volume.HddsVolume@77ba583
2019-10-06 12:19:22,085 [main] INFO  volume.HddsVolumeChecker (HddsVolumeChecker.java:checkAllVolumes(202)) - Scheduled health check for volume org.apache.hadoop.ozone.container.common.volume.HddsVolume@77ba583
2019-10-06 12:19:22,097 [main] INFO  impl.RaftServerProxy (ConfUtils.java:logGet(43)) - raft.rpc.type = GRPC (default)
2019-10-06 12:19:22,097 [main] INFO  grpc.GrpcFactory (GrpcFactory.java:checkPooledByteBufAllocatorUseCacheForAllThreads(45)) - PERFORMANCE WARNING: useCacheForAllThreads is true that may cause Netty to create a lot garbage objects and, as a result, trigger GC.
	It is recommended to disable useCacheForAllThreads by setting -Dorg.apache.ratis.thirdparty.io.netty.allocator.useCacheForAllThreads=false in command line.
2019-10-06 12:19:22,097 [main] INFO  grpc.GrpcConfigKeys$Server (ConfUtils.java:logGet(43)) - raft.grpc.server.port = 0 (default)
2019-10-06 12:19:22,097 [main] INFO  server.GrpcService (ConfUtils.java:logGet(43)) - raft.grpc.message.size.max = 33570816 (custom)
2019-10-06 12:19:22,098 [main] INFO  server.RaftServerConfigKeys (ConfUtils.java:logGet(43)) - raft.server.log.appender.buffer.byte-limit = 33554432 (custom)
2019-10-06 12:19:22,098 [main] INFO  server.GrpcService (ConfUtils.java:logGet(43)) - raft.grpc.flow.control.window = 1MB (=1048576) (default)
2019-10-06 12:19:22,098 [main] INFO  server.RaftServerConfigKeys (ConfUtils.java:logGet(43)) - raft.server.rpc.request.timeout = 3000ms (default)
2019-10-06 12:19:22,098 [main] INFO  server.RaftServerConfigKeys (ConfUtils.java:logGet(43)) - raft.server.storage.dir = [/workdir/hadoop-ozone/integration-test/target/test-dir/MiniOzoneClusterImpl-cc38ce88-594d-4b3c-9c11-37372e9ad5cb/datanode-6/data/ratis] (custom)
2019-10-06 12:19:22,099 [main] INFO  hdfs.DFSUtil (DFSUtil.java:httpServerTemplateForNNAndJN(1641)) - Starting Web-server for hddsDatanode at: http://0.0.0.0:0
2019-10-06 12:19:22,100 [main] INFO  server.AuthenticationFilter (AuthenticationFilter.java:constructSecretProvider(240)) - Unable to initialize FileSignerSecretProvider, falling back to use random secrets.
2019-10-06 12:19:22,100 [main] WARN  http.HttpRequestLog (HttpRequestLog.java:getRequestLog(97)) - Jetty request log can only be enabled using Log4j
2019-10-06 12:19:22,101 [main] INFO  http.HttpServer2 (HttpServer2.java:addGlobalFilter(975)) - Added global filter 'safety' (class=org.apache.hadoop.http.HttpServer2$QuotingInputFilter)
2019-10-06 12:19:22,102 [main] INFO  http.HttpServer2 (HttpServer2.java:addFilter(948)) - Added filter static_user_filter (class=org.apache.hadoop.http.lib.StaticUserWebFilter$StaticUserFilter) to context hddsDatanode
2019-10-06 12:19:22,102 [main] INFO  http.HttpServer2 (HttpServer2.java:addFilter(958)) - Added filter static_user_filter (class=org.apache.hadoop.http.lib.StaticUserWebFilter$StaticUserFilter) to context static
2019-10-06 12:19:22,102 [main] INFO  http.HttpServer2 (HttpServer2.java:addFilter(958)) - Added filter static_user_filter (class=org.apache.hadoop.http.lib.StaticUserWebFilter$StaticUserFilter) to context logs
2019-10-06 12:19:22,102 [main] INFO  http.HttpServer2 (HttpServer2.java:bindListener(1191)) - Jetty bound to port 41518
2019-10-06 12:19:22,102 [main] INFO  server.Server (Server.java:doStart(351)) - jetty-9.3.25.v20180904, build timestamp: 2018-09-04T21:11:46Z, git hash: 3ce520221d0240229c862b122d2b06c12a625732
2019-10-06 12:19:22,104 [main] INFO  handler.ContextHandler (ContextHandler.java:doStart(781)) - Started o.e.j.s.ServletContextHandler@1c90029b{/logs,file:///workdir/hadoop-ozone/integration-test/target/log,AVAILABLE}
2019-10-06 12:19:22,104 [main] INFO  handler.ContextHandler (ContextHandler.java:doStart(781)) - Started o.e.j.s.ServletContextHandler@b0d3e7{/static,jar:file:/home/user/.m2/repository/org/apache/hadoop/hadoop-hdds-container-service/0.5.0-SNAPSHOT/hadoop-hdds-container-service-0.5.0-SNAPSHOT.jar!/webapps/static,AVAILABLE}
2019-10-06 12:19:22,130 [main] INFO  handler.ContextHandler (ContextHandler.java:doStart(781)) - Started o.e.j.w.WebAppContext@7440265c{/,file:///tmp/jetty-0.0.0.0-41518-hddsDatanode-_-any-4082183154115598099.dir/webapp/,AVAILABLE}{/hddsDatanode}
2019-10-06 12:19:22,130 [main] INFO  server.AbstractConnector (AbstractConnector.java:doStart(278)) - Started ServerConnector@1d8be7b9{HTTP/1.1,[http/1.1]}{0.0.0.0:41518}
2019-10-06 12:19:22,132 [main] INFO  server.Server (Server.java:doStart(419)) - Started @696828ms
2019-10-06 12:19:22,132 [main] WARN  impl.MetricsSystemImpl (MetricsSystemImpl.java:register(276)) - Sink prometheus already exists!
2019-10-06 12:19:22,133 [main] INFO  server.BaseHttpServer (BaseHttpServer.java:updateConnectorAddress(215)) - HTTP server of HDDSDATANODE is listening at http://0.0.0.0:41518
2019-10-06 12:19:22,133 [main] INFO  ozone.MiniOzoneClusterImpl (MiniOzoneClusterImpl.java:lambda$waitForClusterToBeReady$0(147)) - Waiting for cluster to be ready. Got 0 of 7 DN Heartbeats.
2019-10-06 12:19:22,134 [org.apache.hadoop.util.JvmPauseMonitor$Monitor@415b8144] INFO  util.JvmPauseMonitor (JvmPauseMonitor.java:run(188)) - Starting JVM pause monitor
2019-10-06 12:19:22,135 [Datanode State Machine Thread - 0] INFO  datanode.InitDatanodeState (InitDatanodeState.java:persistContainerDatanodeDetails(140)) - DatanodeDetails is persisted to /workdir/hadoop-ozone/integration-test/target/test-dir/MiniOzoneClusterImpl-cc38ce88-594d-4b3c-9c11-37372e9ad5cb/datanode-6/meta/datanode.id
2019-10-06 12:19:23,134 [main] INFO  ozone.MiniOzoneClusterImpl (MiniOzoneClusterImpl.java:lambda$waitForClusterToBeReady$0(147)) - Waiting for cluster to be ready. Got 0 of 7 DN Heartbeats.
2019-10-06 12:19:23,796 [Datanode State Machine Thread - 0] INFO  ozoneimpl.OzoneContainer (OzoneContainer.java:start(217)) - Attempting to start container services.
2019-10-06 12:19:23,798 [Datanode State Machine Thread - 0] INFO  ozoneimpl.OzoneContainer (OzoneContainer.java:startContainerScrub(179)) - Background container scanner has been disabled.
2019-10-06 12:19:23,798 [Datanode State Machine Thread - 0] INFO  ratis.XceiverServerRatis (XceiverServerRatis.java:start(417)) - Starting XceiverServerRatis a64da041-3938-438c-85b5-761f02538d2b at port 0
2019-10-06 12:19:23,806 [Datanode State Machine Thread - 0] INFO  impl.RaftServerProxy (RaftServerProxy.java:lambda$start$3(299)) - a64da041-3938-438c-85b5-761f02538d2b: start RPC server
2019-10-06 12:19:23,809 [Datanode State Machine Thread - 0] INFO  server.GrpcService (GrpcService.java:startImpl(158)) - a64da041-3938-438c-85b5-761f02538d2b: GrpcService started, listening on 0.0.0.0/0.0.0.0:32978
2019-10-06 12:19:23,809 [Datanode State Machine Thread - 0] INFO  ratis.XceiverServerRatis (XceiverServerRatis.java:start(427)) - XceiverServerRatis a64da041-3938-438c-85b5-761f02538d2b is started using port 32978
2019-10-06 12:19:23,810 [Datanode State Machine Thread - 0] INFO  server.XceiverServerGrpc (XceiverServerGrpc.java:start(149)) - XceiverServerGrpc a64da041-3938-438c-85b5-761f02538d2b is started using port 43428
2019-10-06 12:19:23,845 [Datanode State Machine Thread - 0] INFO  ozoneimpl.OzoneContainer (OzoneContainer.java:start(217)) - Attempting to start container services.
2019-10-06 12:19:23,845 [Datanode State Machine Thread - 0] INFO  ozoneimpl.OzoneContainer (OzoneContainer.java:startContainerScrub(179)) - Background container scanner has been disabled.
2019-10-06 12:19:23,845 [Datanode State Machine Thread - 0] INFO  ratis.XceiverServerRatis (XceiverServerRatis.java:start(417)) - Starting XceiverServerRatis aaa86d1a-07c5-4e1d-acb8-947f9ae7d533 at port 0
2019-10-06 12:19:23,851 [Datanode State Machine Thread - 0] INFO  impl.RaftServerProxy (RaftServerProxy.java:lambda$start$3(299)) - aaa86d1a-07c5-4e1d-acb8-947f9ae7d533: start RPC server
2019-10-06 12:19:23,852 [Datanode State Machine Thread - 0] INFO  server.GrpcService (GrpcService.java:startImpl(158)) - aaa86d1a-07c5-4e1d-acb8-947f9ae7d533: GrpcService started, listening on 0.0.0.0/0.0.0.0:36974
2019-10-06 12:19:23,852 [Datanode State Machine Thread - 0] INFO  ratis.XceiverServerRatis (XceiverServerRatis.java:start(427)) - XceiverServerRatis aaa86d1a-07c5-4e1d-acb8-947f9ae7d533 is started using port 36974
2019-10-06 12:19:23,854 [Datanode State Machine Thread - 0] INFO  server.XceiverServerGrpc (XceiverServerGrpc.java:start(149)) - XceiverServerGrpc aaa86d1a-07c5-4e1d-acb8-947f9ae7d533 is started using port 41845
2019-10-06 12:19:23,901 [Datanode State Machine Thread - 0] INFO  ozoneimpl.OzoneContainer (OzoneContainer.java:start(217)) - Attempting to start container services.
2019-10-06 12:19:23,901 [Datanode State Machine Thread - 0] INFO  ozoneimpl.OzoneContainer (OzoneContainer.java:startContainerScrub(179)) - Background container scanner has been disabled.
2019-10-06 12:19:23,901 [Datanode State Machine Thread - 0] INFO  ratis.XceiverServerRatis (XceiverServerRatis.java:start(417)) - Starting XceiverServerRatis f97a78fd-c270-4ae8-91a2-4c85a080f332 at port 0
2019-10-06 12:19:23,909 [Datanode State Machine Thread - 0] INFO  impl.RaftServerProxy (RaftServerProxy.java:lambda$start$3(299)) - f97a78fd-c270-4ae8-91a2-4c85a080f332: start RPC server
2019-10-06 12:19:23,928 [Datanode State Machine Thread - 0] INFO  server.GrpcService (GrpcService.java:startImpl(158)) - f97a78fd-c270-4ae8-91a2-4c85a080f332: GrpcService started, listening on 0.0.0.0/0.0.0.0:40658
2019-10-06 12:19:23,928 [Datanode State Machine Thread - 0] INFO  ratis.XceiverServerRatis (XceiverServerRatis.java:start(427)) - XceiverServerRatis f97a78fd-c270-4ae8-91a2-4c85a080f332 is started using port 40658
2019-10-06 12:19:23,938 [Datanode State Machine Thread - 0] INFO  server.XceiverServerGrpc (XceiverServerGrpc.java:start(149)) - XceiverServerGrpc f97a78fd-c270-4ae8-91a2-4c85a080f332 is started using port 43368
2019-10-06 12:19:23,965 [Datanode State Machine Thread - 0] INFO  ozoneimpl.OzoneContainer (OzoneContainer.java:start(217)) - Attempting to start container services.
2019-10-06 12:19:23,965 [Datanode State Machine Thread - 0] INFO  ozoneimpl.OzoneContainer (OzoneContainer.java:startContainerScrub(179)) - Background container scanner has been disabled.
2019-10-06 12:19:23,965 [Datanode State Machine Thread - 0] INFO  ratis.XceiverServerRatis (XceiverServerRatis.java:start(417)) - Starting XceiverServerRatis d1cf100d-d232-4575-b20f-f20364b572fb at port 0
2019-10-06 12:19:23,971 [Datanode State Machine Thread - 0] INFO  impl.RaftServerProxy (RaftServerProxy.java:lambda$start$3(299)) - d1cf100d-d232-4575-b20f-f20364b572fb: start RPC server
2019-10-06 12:19:23,971 [Datanode State Machine Thread - 0] INFO  server.GrpcService (GrpcService.java:startImpl(158)) - d1cf100d-d232-4575-b20f-f20364b572fb: GrpcService started, listening on 0.0.0.0/0.0.0.0:34496
2019-10-06 12:19:23,971 [Datanode State Machine Thread - 0] INFO  ratis.XceiverServerRatis (XceiverServerRatis.java:start(427)) - XceiverServerRatis d1cf100d-d232-4575-b20f-f20364b572fb is started using port 34496
2019-10-06 12:19:23,972 [Datanode State Machine Thread - 0] INFO  server.XceiverServerGrpc (XceiverServerGrpc.java:start(149)) - XceiverServerGrpc d1cf100d-d232-4575-b20f-f20364b572fb is started using port 35235
2019-10-06 12:19:24,028 [Datanode State Machine Thread - 0] INFO  ozoneimpl.OzoneContainer (OzoneContainer.java:start(217)) - Attempting to start container services.
2019-10-06 12:19:24,028 [Datanode State Machine Thread - 0] INFO  ozoneimpl.OzoneContainer (OzoneContainer.java:startContainerScrub(179)) - Background container scanner has been disabled.
2019-10-06 12:19:24,028 [Datanode State Machine Thread - 0] INFO  ratis.XceiverServerRatis (XceiverServerRatis.java:start(417)) - Starting XceiverServerRatis a03b9670-69e9-4494-8224-9b06463abc23 at port 0
2019-10-06 12:19:24,037 [Datanode State Machine Thread - 0] INFO  impl.RaftServerProxy (RaftServerProxy.java:lambda$start$3(299)) - a03b9670-69e9-4494-8224-9b06463abc23: start RPC server
2019-10-06 12:19:24,042 [Datanode State Machine Thread - 0] INFO  server.GrpcService (GrpcService.java:startImpl(158)) - a03b9670-69e9-4494-8224-9b06463abc23: GrpcService started, listening on 0.0.0.0/0.0.0.0:43258
2019-10-06 12:19:24,042 [Datanode State Machine Thread - 0] INFO  ratis.XceiverServerRatis (XceiverServerRatis.java:start(427)) - XceiverServerRatis a03b9670-69e9-4494-8224-9b06463abc23 is started using port 43258
2019-10-06 12:19:24,043 [Datanode State Machine Thread - 0] INFO  server.XceiverServerGrpc (XceiverServerGrpc.java:start(149)) - XceiverServerGrpc a03b9670-69e9-4494-8224-9b06463abc23 is started using port 40302
2019-10-06 12:19:24,093 [Datanode State Machine Thread - 0] INFO  ozoneimpl.OzoneContainer (OzoneContainer.java:start(217)) - Attempting to start container services.
2019-10-06 12:19:24,093 [Datanode State Machine Thread - 0] INFO  ozoneimpl.OzoneContainer (OzoneContainer.java:startContainerScrub(179)) - Background container scanner has been disabled.
2019-10-06 12:19:24,093 [Datanode State Machine Thread - 0] INFO  ratis.XceiverServerRatis (XceiverServerRatis.java:start(417)) - Starting XceiverServerRatis b013f667-9a6f-4b01-9f03-c88d83699582 at port 0
2019-10-06 12:19:24,101 [Datanode State Machine Thread - 0] INFO  impl.RaftServerProxy (RaftServerProxy.java:lambda$start$3(299)) - b013f667-9a6f-4b01-9f03-c88d83699582: start RPC server
2019-10-06 12:19:24,101 [Datanode State Machine Thread - 0] INFO  server.GrpcService (GrpcService.java:startImpl(158)) - b013f667-9a6f-4b01-9f03-c88d83699582: GrpcService started, listening on 0.0.0.0/0.0.0.0:34406
2019-10-06 12:19:24,101 [Datanode State Machine Thread - 0] INFO  ratis.XceiverServerRatis (XceiverServerRatis.java:start(427)) - XceiverServerRatis b013f667-9a6f-4b01-9f03-c88d83699582 is started using port 34406
2019-10-06 12:19:24,105 [Datanode State Machine Thread - 0] INFO  server.XceiverServerGrpc (XceiverServerGrpc.java:start(149)) - XceiverServerGrpc b013f667-9a6f-4b01-9f03-c88d83699582 is started using port 37964
2019-10-06 12:19:24,134 [main] INFO  ozone.MiniOzoneClusterImpl (MiniOzoneClusterImpl.java:lambda$waitForClusterToBeReady$0(147)) - Waiting for cluster to be ready. Got 0 of 7 DN Heartbeats.
2019-10-06 12:19:24,148 [Datanode State Machine Thread - 0] INFO  ozoneimpl.OzoneContainer (OzoneContainer.java:start(217)) - Attempting to start container services.
2019-10-06 12:19:24,148 [Datanode State Machine Thread - 0] INFO  ozoneimpl.OzoneContainer (OzoneContainer.java:startContainerScrub(179)) - Background container scanner has been disabled.
2019-10-06 12:19:24,148 [Datanode State Machine Thread - 0] INFO  ratis.XceiverServerRatis (XceiverServerRatis.java:start(417)) - Starting XceiverServerRatis b16739f0-2a40-4eaa-b1ff-69d23b3e636e at port 0
2019-10-06 12:19:24,156 [Datanode State Machine Thread - 0] INFO  impl.RaftServerProxy (RaftServerProxy.java:lambda$start$3(299)) - b16739f0-2a40-4eaa-b1ff-69d23b3e636e: start RPC server
2019-10-06 12:19:24,156 [Datanode State Machine Thread - 0] INFO  server.GrpcService (GrpcService.java:startImpl(158)) - b16739f0-2a40-4eaa-b1ff-69d23b3e636e: GrpcService started, listening on 0.0.0.0/0.0.0.0:42444
2019-10-06 12:19:24,156 [Datanode State Machine Thread - 0] INFO  ratis.XceiverServerRatis (XceiverServerRatis.java:start(427)) - XceiverServerRatis b16739f0-2a40-4eaa-b1ff-69d23b3e636e is started using port 42444
2019-10-06 12:19:24,157 [Datanode State Machine Thread - 0] INFO  server.XceiverServerGrpc (XceiverServerGrpc.java:start(149)) - XceiverServerGrpc b16739f0-2a40-4eaa-b1ff-69d23b3e636e is started using port 40395
2019-10-06 12:19:25,135 [main] INFO  ozone.MiniOzoneClusterImpl (MiniOzoneClusterImpl.java:lambda$waitForClusterToBeReady$0(147)) - Waiting for cluster to be ready. Got 0 of 7 DN Heartbeats.
2019-10-06 12:19:25,786 [IPC Server handler 5 on 35201] INFO  net.NetworkTopology (NetworkTopologyImpl.java:add(111)) - Added a new node: /default-rack/a64da041-3938-438c-85b5-761f02538d2b
2019-10-06 12:19:25,792 [IPC Server handler 5 on 35201] INFO  node.SCMNodeManager (SCMNodeManager.java:register(268)) - Registered Data node : a64da041-3938-438c-85b5-761f02538d2b{ip: 192.168.30.17, host: ozone-build-dev-sjjt9-54166716, networkLocation: /default-rack, certSerialId: null}
2019-10-06 12:19:25,793 [EventQueue-NodeRegistrationContainerReportForDataNodeSafeModeRule] INFO  safemode.SCMSafeModeManager (DataNodeSafeModeRule.java:process(71)) - SCM in safe mode. 1 DataNodes registered, 1 required.
2019-10-06 12:19:25,796 [EventQueue-NodeRegistrationContainerReportForDataNodeSafeModeRule] INFO  safemode.SCMSafeModeManager (SCMSafeModeManager.java:validateSafeModeExitRules(177)) - ScmSafeModeManager, all rules are successfully validated
2019-10-06 12:19:25,797 [EventQueue-NodeRegistrationContainerReportForDataNodeSafeModeRule] INFO  safemode.SCMSafeModeManager (SCMSafeModeManager.java:exitSafeMode(193)) - SCM exiting safe mode.
2019-10-06 12:19:25,808 [grpc-default-executor-5] INFO  impl.RaftServerProxy (RaftServerProxy.java:addNew(89)) - a64da041-3938-438c-85b5-761f02538d2b: addNew group-1443AFA29A45:[a64da041-3938-438c-85b5-761f02538d2b:192.168.30.17:32978] returns group-1443AFA29A45:java.util.concurrent.CompletableFuture@2d81828c[Not completed]
2019-10-06 12:19:25,811 [pool-679-thread-1] INFO  impl.RaftServerImpl (RaftServerImpl.java:<init>(95)) - a64da041-3938-438c-85b5-761f02538d2b: new RaftServerImpl for group-1443AFA29A45:[a64da041-3938-438c-85b5-761f02538d2b:192.168.30.17:32978] with ContainerStateMachine:uninitialized
2019-10-06 12:19:25,811 [pool-679-thread-1] INFO  server.RaftServerConfigKeys (ConfUtils.java:logGet(43)) - raft.server.rpc.timeout.min = 5s (custom)
2019-10-06 12:19:25,811 [pool-679-thread-1] INFO  server.RaftServerConfigKeys (ConfUtils.java:logGet(43)) - raft.server.rpc.timeout.max = 5200ms (custom)
2019-10-06 12:19:25,811 [pool-679-thread-1] INFO  server.RaftServerConfigKeys (ConfUtils.java:logGet(43)) - raft.server.rpcslowness.timeout = 120s (custom)
2019-10-06 12:19:25,811 [pool-679-thread-1] INFO  server.RaftServerConfigKeys (ConfUtils.java:logGet(43)) - raft.server.sleep.deviation.threshold = 300 (default)
2019-10-06 12:19:25,812 [pool-679-thread-1] INFO  server.RaftServerConfigKeys (ConfUtils.java:logGet(43)) - raft.server.log.appender.install.snapshot.enabled = false (custom)
2019-10-06 12:19:25,812 [pool-679-thread-1] INFO  impl.RaftServerImpl (ServerState.java:<init>(103)) - a64da041-3938-438c-85b5-761f02538d2b@group-1443AFA29A45: ConfigurationManager, init=-1: [a64da041-3938-438c-85b5-761f02538d2b:192.168.30.17:32978], old=null, confs=<EMPTY_MAP>
2019-10-06 12:19:25,812 [pool-679-thread-1] INFO  server.RaftServerConfigKeys (ConfUtils.java:logGet(43)) - raft.server.storage.dir = [/workdir/hadoop-ozone/integration-test/target/test-dir/MiniOzoneClusterImpl-cc38ce88-594d-4b3c-9c11-37372e9ad5cb/datanode-0/data/ratis] (custom)
2019-10-06 12:19:25,813 [pool-679-thread-1] INFO  server.RaftServerConfigKeys (ConfUtils.java:logGet(43)) - raft.server.log.corruption.policy = EXCEPTION (default)
2019-10-06 12:19:25,813 [pool-679-thread-1] INFO  storage.RaftStorageDirectory (RaftStorageDirectory.java:analyzeStorage(246)) - The storage directory /workdir/hadoop-ozone/integration-test/target/test-dir/MiniOzoneClusterImpl-cc38ce88-594d-4b3c-9c11-37372e9ad5cb/datanode-0/data/ratis/7f4344d4-f8e4-41da-bff2-1443afa29a45 does not exist. Creating ...
2019-10-06 12:19:25,826 [pool-679-thread-1] INFO  storage.RaftStorageDirectory (RaftStorageDirectory.java:tryLock(328)) - Lock on /workdir/hadoop-ozone/integration-test/target/test-dir/MiniOzoneClusterImpl-cc38ce88-594d-4b3c-9c11-37372e9ad5cb/datanode-0/data/ratis/7f4344d4-f8e4-41da-bff2-1443afa29a45/in_use.lock acquired by nodename 24262@ozone-build-dev-sjjt9-54166716
2019-10-06 12:19:25,829 [IPC Server handler 4 on 35201] INFO  net.NetworkTopology (NetworkTopologyImpl.java:add(111)) - Added a new node: /default-rack/aaa86d1a-07c5-4e1d-acb8-947f9ae7d533
2019-10-06 12:19:25,829 [IPC Server handler 4 on 35201] INFO  node.SCMNodeManager (SCMNodeManager.java:register(268)) - Registered Data node : aaa86d1a-07c5-4e1d-acb8-947f9ae7d533{ip: 192.168.30.17, host: ozone-build-dev-sjjt9-54166716, networkLocation: /default-rack, certSerialId: null}
2019-10-06 12:19:25,848 [pool-679-thread-1] INFO  storage.RaftStorage (RaftStorage.java:format(84)) - Storage directory /workdir/hadoop-ozone/integration-test/target/test-dir/MiniOzoneClusterImpl-cc38ce88-594d-4b3c-9c11-37372e9ad5cb/datanode-0/data/ratis/7f4344d4-f8e4-41da-bff2-1443afa29a45 has been successfully formatted.
2019-10-06 12:19:25,848 [pool-679-thread-1] INFO  ratis.ContainerStateMachine (ContainerStateMachine.java:loadSnapshot(230)) - group-1443AFA29A45: The snapshot info is null. Setting the last applied indexto:(t:0, i:~)
2019-10-06 12:19:25,848 [pool-679-thread-1] INFO  server.RaftServerConfigKeys (ConfUtils.java:logGet(43)) - raft.server.notification.no-leader.timeout = 120s (custom)
2019-10-06 12:19:25,849 [pool-679-thread-1] INFO  server.RaftServerConfigKeys (ConfUtils.java:logGet(43)) - raft.server.log.use.memory = false (default)
2019-10-06 12:19:25,849 [pool-679-thread-1] INFO  server.RaftServerConfigKeys (ConfUtils.java:logGet(43)) - raft.server.log.purge.gap = 1000000 (custom)
2019-10-06 12:19:25,849 [pool-679-thread-1] INFO  server.RaftServerConfigKeys (ConfUtils.java:logGet(43)) - raft.server.log.appender.buffer.byte-limit = 33554432 (custom)
2019-10-06 12:19:25,849 [pool-679-thread-1] INFO  server.RaftServerConfigKeys (ConfUtils.java:logGet(43)) - raft.server.log.segment.size.max = 1048576 (custom)
2019-10-06 12:19:25,851 [pool-679-thread-1] INFO  server.RaftServerConfigKeys (ConfUtils.java:logGet(43)) - raft.server.log.segment.cache.num.max = 2 (custom)
2019-10-06 12:19:25,851 [pool-679-thread-1] INFO  segmented.SegmentedRaftLogWorker (SegmentedRaftLogWorker.java:<init>(173)) - new a64da041-3938-438c-85b5-761f02538d2b@group-1443AFA29A45-SegmentedRaftLogWorker for RaftStorage:Storage Directory /workdir/hadoop-ozone/integration-test/target/test-dir/MiniOzoneClusterImpl-cc38ce88-594d-4b3c-9c11-37372e9ad5cb/datanode-0/data/ratis/7f4344d4-f8e4-41da-bff2-1443afa29a45
2019-10-06 12:19:25,852 [pool-679-thread-1] INFO  server.RaftServerConfigKeys (ConfUtils.java:logGet(43)) - raft.server.log.queue.byte-limit = 2147483647 (custom)
2019-10-06 12:19:25,852 [pool-679-thread-1] INFO  server.RaftServerConfigKeys (ConfUtils.java:logGet(43)) - raft.server.log.queue.element-limit = 1024 (custom)
2019-10-06 12:19:25,852 [pool-679-thread-1] INFO  server.RaftServerConfigKeys (ConfUtils.java:logGet(43)) - raft.server.log.segment.size.max = 1048576 (custom)
2019-10-06 12:19:25,852 [pool-679-thread-1] INFO  server.RaftServerConfigKeys (ConfUtils.java:logGet(43)) - raft.server.log.preallocated.size = 16384 (custom)
2019-10-06 12:19:25,852 [pool-679-thread-1] INFO  server.RaftServerConfigKeys (ConfUtils.java:logGet(43)) - raft.server.log.write.buffer.size = 33554432 (custom)
2019-10-06 12:19:25,852 [pool-679-thread-1] INFO  server.RaftServerConfigKeys (ConfUtils.java:logGet(43)) - raft.server.log.force.sync.num = 128 (default)
2019-10-06 12:19:25,852 [pool-679-thread-1] INFO  server.RaftServerConfigKeys (ConfUtils.java:logGet(43)) - raft.server.log.statemachine.data.sync = true (default)
2019-10-06 12:19:25,853 [pool-679-thread-1] INFO  server.RaftServerConfigKeys (ConfUtils.java:logGet(43)) - raft.server.log.statemachine.data.sync.timeout = 10s (default)
2019-10-06 12:19:25,853 [pool-679-thread-1] INFO  server.RaftServerConfigKeys (ConfUtils.java:logGet(43)) - raft.server.log.statemachine.data.sync.timeout.retry = -1 (default)
2019-10-06 12:19:25,853 [pool-679-thread-1] INFO  server.RaftServerConfigKeys (ConfUtils.java:logGet(43)) - raft.server.log.statemachine.data.caching.enabled = true (custom)
2019-10-06 12:19:25,854 [pool-679-thread-1] INFO  segmented.SegmentedRaftLogWorker (SegmentedRaftLogWorker.java:lambda$new$0(128)) - a64da041-3938-438c-85b5-761f02538d2b@group-1443AFA29A45-SegmentedRaftLogWorker: flushIndex: setUnconditionally 0 -> -1
2019-10-06 12:19:25,854 [pool-679-thread-1] INFO  server.RaftServerConfigKeys (ConfUtils.java:logGet(43)) - raft.server.snapshot.auto.trigger.enabled = true (custom)
2019-10-06 12:19:25,854 [pool-679-thread-1] INFO  server.RaftServerConfigKeys (ConfUtils.java:logGet(43)) - raft.server.snapshot.auto.trigger.threshold = 10000 (custom)
2019-10-06 12:19:25,854 [pool-679-thread-1] INFO  server.RaftServerConfigKeys (ConfUtils.java:logGet(43)) - raft.server.snapshot.retention.file.num = 5 (custom)
2019-10-06 12:19:25,854 [pool-679-thread-1] INFO  server.RaftServerConfigKeys (ConfUtils.java:logGet(43)) - raft.server.retrycache.expirytime = 600000ms (custom)
2019-10-06 12:19:25,856 [pool-679-thread-1] INFO  impl.RaftServerImpl (RaftServerImpl.java:start(181)) - a64da041-3938-438c-85b5-761f02538d2b@group-1443AFA29A45: start as a follower, conf=-1: [a64da041-3938-438c-85b5-761f02538d2b:192.168.30.17:32978], old=null
2019-10-06 12:19:25,856 [pool-679-thread-1] INFO  impl.RaftServerImpl (RaftServerImpl.java:setRole(170)) - a64da041-3938-438c-85b5-761f02538d2b@group-1443AFA29A45: changes role from      null to FOLLOWER at term 0 for startAsFollower
2019-10-06 12:19:25,857 [pool-679-thread-1] INFO  impl.RoleInfo (RoleInfo.java:updateAndGet(143)) - a64da041-3938-438c-85b5-761f02538d2b: start FollowerState
2019-10-06 12:19:25,857 [pool-679-thread-1] INFO  util.JmxRegister (JmxRegister.java:tryRegister(44)) - Successfully registered JMX Bean with object name Ratis:service=RaftServer,group=group-1443AFA29A45,id=a64da041-3938-438c-85b5-761f02538d2b
2019-10-06 12:19:25,861 [RatisPipelineUtilsThread] INFO  pipeline.PipelineStateManager (PipelineStateManager.java:addPipeline(56)) - Created pipeline Pipeline[ Id: 7f4344d4-f8e4-41da-bff2-1443afa29a45, Nodes: a64da041-3938-438c-85b5-761f02538d2b{ip: 192.168.30.17, host: ozone-build-dev-sjjt9-54166716, networkLocation: /default-rack, certSerialId: null}, Type:RATIS, Factor:ONE, State:OPEN]
2019-10-06 12:19:25,870 [grpc-default-executor-5] INFO  impl.RaftServerProxy (RaftServerProxy.java:addNew(89)) - aaa86d1a-07c5-4e1d-acb8-947f9ae7d533: addNew group-6105C41F2FBF:[aaa86d1a-07c5-4e1d-acb8-947f9ae7d533:192.168.30.17:36974] returns group-6105C41F2FBF:java.util.concurrent.CompletableFuture@44274363[Not completed]
2019-10-06 12:19:25,871 [pool-689-thread-1] INFO  impl.RaftServerImpl (RaftServerImpl.java:<init>(95)) - aaa86d1a-07c5-4e1d-acb8-947f9ae7d533: new RaftServerImpl for group-6105C41F2FBF:[aaa86d1a-07c5-4e1d-acb8-947f9ae7d533:192.168.30.17:36974] with ContainerStateMachine:uninitialized
2019-10-06 12:19:25,871 [pool-689-thread-1] INFO  server.RaftServerConfigKeys (ConfUtils.java:logGet(43)) - raft.server.rpc.timeout.min = 5s (custom)
2019-10-06 12:19:25,872 [pool-689-thread-1] INFO  server.RaftServerConfigKeys (ConfUtils.java:logGet(43)) - raft.server.rpc.timeout.max = 5200ms (custom)
2019-10-06 12:19:25,872 [pool-689-thread-1] INFO  server.RaftServerConfigKeys (ConfUtils.java:logGet(43)) - raft.server.rpcslowness.timeout = 120s (custom)
2019-10-06 12:19:25,872 [pool-689-thread-1] INFO  server.RaftServerConfigKeys (ConfUtils.java:logGet(43)) - raft.server.sleep.deviation.threshold = 300 (default)
2019-10-06 12:19:25,872 [pool-689-thread-1] INFO  server.RaftServerConfigKeys (ConfUtils.java:logGet(43)) - raft.server.log.appender.install.snapshot.enabled = false (custom)
2019-10-06 12:19:25,872 [pool-689-thread-1] INFO  impl.RaftServerImpl (ServerState.java:<init>(103)) - aaa86d1a-07c5-4e1d-acb8-947f9ae7d533@group-6105C41F2FBF: ConfigurationManager, init=-1: [aaa86d1a-07c5-4e1d-acb8-947f9ae7d533:192.168.30.17:36974], old=null, confs=<EMPTY_MAP>
2019-10-06 12:19:25,872 [pool-689-thread-1] INFO  server.RaftServerConfigKeys (ConfUtils.java:logGet(43)) - raft.server.storage.dir = [/workdir/hadoop-ozone/integration-test/target/test-dir/MiniOzoneClusterImpl-cc38ce88-594d-4b3c-9c11-37372e9ad5cb/datanode-1/data/ratis] (custom)
2019-10-06 12:19:25,873 [pool-689-thread-1] INFO  server.RaftServerConfigKeys (ConfUtils.java:logGet(43)) - raft.server.log.corruption.policy = EXCEPTION (default)
2019-10-06 12:19:25,873 [pool-689-thread-1] INFO  storage.RaftStorageDirectory (RaftStorageDirectory.java:analyzeStorage(246)) - The storage directory /workdir/hadoop-ozone/integration-test/target/test-dir/MiniOzoneClusterImpl-cc38ce88-594d-4b3c-9c11-37372e9ad5cb/datanode-1/data/ratis/961ae13a-cf3a-41c8-9bb4-6105c41f2fbf does not exist. Creating ...
2019-10-06 12:19:25,886 [pool-689-thread-1] INFO  storage.RaftStorageDirectory (RaftStorageDirectory.java:tryLock(328)) - Lock on /workdir/hadoop-ozone/integration-test/target/test-dir/MiniOzoneClusterImpl-cc38ce88-594d-4b3c-9c11-37372e9ad5cb/datanode-1/data/ratis/961ae13a-cf3a-41c8-9bb4-6105c41f2fbf/in_use.lock acquired by nodename 24262@ozone-build-dev-sjjt9-54166716
2019-10-06 12:19:25,889 [IPC Server handler 6 on 35201] INFO  net.NetworkTopology (NetworkTopologyImpl.java:add(111)) - Added a new node: /default-rack/f97a78fd-c270-4ae8-91a2-4c85a080f332
2019-10-06 12:19:25,889 [IPC Server handler 6 on 35201] INFO  node.SCMNodeManager (SCMNodeManager.java:register(268)) - Registered Data node : f97a78fd-c270-4ae8-91a2-4c85a080f332{ip: 192.168.30.17, host: ozone-build-dev-sjjt9-54166716, networkLocation: /default-rack, certSerialId: null}
2019-10-06 12:19:25,898 [pool-689-thread-1] INFO  storage.RaftStorage (RaftStorage.java:format(84)) - Storage directory /workdir/hadoop-ozone/integration-test/target/test-dir/MiniOzoneClusterImpl-cc38ce88-594d-4b3c-9c11-37372e9ad5cb/datanode-1/data/ratis/961ae13a-cf3a-41c8-9bb4-6105c41f2fbf has been successfully formatted.
2019-10-06 12:19:25,899 [pool-689-thread-1] INFO  ratis.ContainerStateMachine (ContainerStateMachine.java:loadSnapshot(230)) - group-6105C41F2FBF: The snapshot info is null. Setting the last applied indexto:(t:0, i:~)
2019-10-06 12:19:25,899 [pool-689-thread-1] INFO  server.RaftServerConfigKeys (ConfUtils.java:logGet(43)) - raft.server.notification.no-leader.timeout = 120s (custom)
2019-10-06 12:19:25,899 [pool-689-thread-1] INFO  server.RaftServerConfigKeys (ConfUtils.java:logGet(43)) - raft.server.log.use.memory = false (default)
2019-10-06 12:19:25,900 [pool-689-thread-1] INFO  server.RaftServerConfigKeys (ConfUtils.java:logGet(43)) - raft.server.log.purge.gap = 1000000 (custom)
2019-10-06 12:19:25,900 [pool-689-thread-1] INFO  server.RaftServerConfigKeys (ConfUtils.java:logGet(43)) - raft.server.log.appender.buffer.byte-limit = 33554432 (custom)
2019-10-06 12:19:25,900 [pool-689-thread-1] INFO  server.RaftServerConfigKeys (ConfUtils.java:logGet(43)) - raft.server.log.segment.size.max = 1048576 (custom)
2019-10-06 12:19:25,902 [pool-689-thread-1] INFO  server.RaftServerConfigKeys (ConfUtils.java:logGet(43)) - raft.server.log.segment.cache.num.max = 2 (custom)
2019-10-06 12:19:25,903 [pool-689-thread-1] INFO  segmented.SegmentedRaftLogWorker (SegmentedRaftLogWorker.java:<init>(173)) - new aaa86d1a-07c5-4e1d-acb8-947f9ae7d533@group-6105C41F2FBF-SegmentedRaftLogWorker for RaftStorage:Storage Directory /workdir/hadoop-ozone/integration-test/target/test-dir/MiniOzoneClusterImpl-cc38ce88-594d-4b3c-9c11-37372e9ad5cb/datanode-1/data/ratis/961ae13a-cf3a-41c8-9bb4-6105c41f2fbf
2019-10-06 12:19:25,903 [pool-689-thread-1] INFO  server.RaftServerConfigKeys (ConfUtils.java:logGet(43)) - raft.server.log.queue.byte-limit = 2147483647 (custom)
2019-10-06 12:19:25,903 [pool-689-thread-1] INFO  server.RaftServerConfigKeys (ConfUtils.java:logGet(43)) - raft.server.log.queue.element-limit = 1024 (custom)
2019-10-06 12:19:25,903 [pool-689-thread-1] INFO  server.RaftServerConfigKeys (ConfUtils.java:logGet(43)) - raft.server.log.segment.size.max = 1048576 (custom)
2019-10-06 12:19:25,903 [pool-689-thread-1] INFO  server.RaftServerConfigKeys (ConfUtils.java:logGet(43)) - raft.server.log.preallocated.size = 16384 (custom)
2019-10-06 12:19:25,904 [pool-689-thread-1] INFO  server.RaftServerConfigKeys (ConfUtils.java:logGet(43)) - raft.server.log.write.buffer.size = 33554432 (custom)
2019-10-06 12:19:25,904 [pool-689-thread-1] INFO  server.RaftServerConfigKeys (ConfUtils.java:logGet(43)) - raft.server.log.force.sync.num = 128 (default)
2019-10-06 12:19:25,904 [pool-689-thread-1] INFO  server.RaftServerConfigKeys (ConfUtils.java:logGet(43)) - raft.server.log.statemachine.data.sync = true (default)
2019-10-06 12:19:25,904 [pool-689-thread-1] INFO  server.RaftServerConfigKeys (ConfUtils.java:logGet(43)) - raft.server.log.statemachine.data.sync.timeout = 10s (default)
2019-10-06 12:19:25,905 [pool-689-thread-1] INFO  server.RaftServerConfigKeys (ConfUtils.java:logGet(43)) - raft.server.log.statemachine.data.sync.timeout.retry = -1 (default)
2019-10-06 12:19:25,905 [pool-689-thread-1] INFO  server.RaftServerConfigKeys (ConfUtils.java:logGet(43)) - raft.server.log.statemachine.data.caching.enabled = true (custom)
2019-10-06 12:19:25,905 [pool-689-thread-1] INFO  segmented.SegmentedRaftLogWorker (SegmentedRaftLogWorker.java:lambda$new$0(128)) - aaa86d1a-07c5-4e1d-acb8-947f9ae7d533@group-6105C41F2FBF-SegmentedRaftLogWorker: flushIndex: setUnconditionally 0 -> -1
2019-10-06 12:19:25,906 [pool-689-thread-1] INFO  server.RaftServerConfigKeys (ConfUtils.java:logGet(43)) - raft.server.snapshot.auto.trigger.enabled = true (custom)
2019-10-06 12:19:25,906 [pool-689-thread-1] INFO  server.RaftServerConfigKeys (ConfUtils.java:logGet(43)) - raft.server.snapshot.auto.trigger.threshold = 10000 (custom)
2019-10-06 12:19:25,906 [pool-689-thread-1] INFO  server.RaftServerConfigKeys (ConfUtils.java:logGet(43)) - raft.server.snapshot.retention.file.num = 5 (custom)
2019-10-06 12:19:25,906 [pool-689-thread-1] INFO  server.RaftServerConfigKeys (ConfUtils.java:logGet(43)) - raft.server.retrycache.expirytime = 600000ms (custom)
2019-10-06 12:19:25,909 [pool-689-thread-1] INFO  impl.RaftServerImpl (RaftServerImpl.java:start(181)) - aaa86d1a-07c5-4e1d-acb8-947f9ae7d533@group-6105C41F2FBF: start as a follower, conf=-1: [aaa86d1a-07c5-4e1d-acb8-947f9ae7d533:192.168.30.17:36974], old=null
2019-10-06 12:19:25,909 [pool-689-thread-1] INFO  impl.RaftServerImpl (RaftServerImpl.java:setRole(170)) - aaa86d1a-07c5-4e1d-acb8-947f9ae7d533@group-6105C41F2FBF: changes role from      null to FOLLOWER at term 0 for startAsFollower
2019-10-06 12:19:25,909 [pool-689-thread-1] INFO  impl.RoleInfo (RoleInfo.java:updateAndGet(143)) - aaa86d1a-07c5-4e1d-acb8-947f9ae7d533: start FollowerState
2019-10-06 12:19:25,910 [pool-689-thread-1] INFO  util.JmxRegister (JmxRegister.java:tryRegister(44)) - Successfully registered JMX Bean with object name Ratis:service=RaftServer,group=group-6105C41F2FBF,id=aaa86d1a-07c5-4e1d-acb8-947f9ae7d533
2019-10-06 12:19:25,914 [RatisPipelineUtilsThread] INFO  pipeline.PipelineStateManager (PipelineStateManager.java:addPipeline(56)) - Created pipeline Pipeline[ Id: 961ae13a-cf3a-41c8-9bb4-6105c41f2fbf, Nodes: aaa86d1a-07c5-4e1d-acb8-947f9ae7d533{ip: 192.168.30.17, host: ozone-build-dev-sjjt9-54166716, networkLocation: /default-rack, certSerialId: null}, Type:RATIS, Factor:ONE, State:OPEN]
2019-10-06 12:19:25,935 [grpc-default-executor-5] INFO  impl.RaftServerProxy (RaftServerProxy.java:addNew(89)) - f97a78fd-c270-4ae8-91a2-4c85a080f332: addNew group-D22CA8E51876:[f97a78fd-c270-4ae8-91a2-4c85a080f332:192.168.30.17:40658] returns group-D22CA8E51876:java.util.concurrent.CompletableFuture@7950c9c3[Not completed]
2019-10-06 12:19:25,937 [pool-699-thread-1] INFO  impl.RaftServerImpl (RaftServerImpl.java:<init>(95)) - f97a78fd-c270-4ae8-91a2-4c85a080f332: new RaftServerImpl for group-D22CA8E51876:[f97a78fd-c270-4ae8-91a2-4c85a080f332:192.168.30.17:40658] with ContainerStateMachine:uninitialized
2019-10-06 12:19:25,937 [pool-699-thread-1] INFO  server.RaftServerConfigKeys (ConfUtils.java:logGet(43)) - raft.server.rpc.timeout.min = 5s (custom)
2019-10-06 12:19:25,937 [pool-699-thread-1] INFO  server.RaftServerConfigKeys (ConfUtils.java:logGet(43)) - raft.server.rpc.timeout.max = 5200ms (custom)
2019-10-06 12:19:25,937 [pool-699-thread-1] INFO  server.RaftServerConfigKeys (ConfUtils.java:logGet(43)) - raft.server.rpcslowness.timeout = 120s (custom)
2019-10-06 12:19:25,937 [pool-699-thread-1] INFO  server.RaftServerConfigKeys (ConfUtils.java:logGet(43)) - raft.server.sleep.deviation.threshold = 300 (default)
2019-10-06 12:19:25,937 [pool-699-thread-1] INFO  server.RaftServerConfigKeys (ConfUtils.java:logGet(43)) - raft.server.log.appender.install.snapshot.enabled = false (custom)
2019-10-06 12:19:25,937 [pool-699-thread-1] INFO  impl.RaftServerImpl (ServerState.java:<init>(103)) - f97a78fd-c270-4ae8-91a2-4c85a080f332@group-D22CA8E51876: ConfigurationManager, init=-1: [f97a78fd-c270-4ae8-91a2-4c85a080f332:192.168.30.17:40658], old=null, confs=<EMPTY_MAP>
2019-10-06 12:19:25,937 [pool-699-thread-1] INFO  server.RaftServerConfigKeys (ConfUtils.java:logGet(43)) - raft.server.storage.dir = [/workdir/hadoop-ozone/integration-test/target/test-dir/MiniOzoneClusterImpl-cc38ce88-594d-4b3c-9c11-37372e9ad5cb/datanode-2/data/ratis] (custom)
2019-10-06 12:19:25,938 [pool-699-thread-1] INFO  server.RaftServerConfigKeys (ConfUtils.java:logGet(43)) - raft.server.log.corruption.policy = EXCEPTION (default)
2019-10-06 12:19:25,938 [pool-699-thread-1] INFO  storage.RaftStorageDirectory (RaftStorageDirectory.java:analyzeStorage(246)) - The storage directory /workdir/hadoop-ozone/integration-test/target/test-dir/MiniOzoneClusterImpl-cc38ce88-594d-4b3c-9c11-37372e9ad5cb/datanode-2/data/ratis/54d1c7a5-4ac2-4283-9625-d22ca8e51876 does not exist. Creating ...
2019-10-06 12:19:25,950 [pool-699-thread-1] INFO  storage.RaftStorageDirectory (RaftStorageDirectory.java:tryLock(328)) - Lock on /workdir/hadoop-ozone/integration-test/target/test-dir/MiniOzoneClusterImpl-cc38ce88-594d-4b3c-9c11-37372e9ad5cb/datanode-2/data/ratis/54d1c7a5-4ac2-4283-9625-d22ca8e51876/in_use.lock acquired by nodename 24262@ozone-build-dev-sjjt9-54166716
2019-10-06 12:19:25,952 [IPC Server handler 7 on 35201] INFO  net.NetworkTopology (NetworkTopologyImpl.java:add(111)) - Added a new node: /default-rack/d1cf100d-d232-4575-b20f-f20364b572fb
2019-10-06 12:19:25,952 [IPC Server handler 7 on 35201] INFO  node.SCMNodeManager (SCMNodeManager.java:register(268)) - Registered Data node : d1cf100d-d232-4575-b20f-f20364b572fb{ip: 192.168.30.17, host: ozone-build-dev-sjjt9-54166716, networkLocation: /default-rack, certSerialId: null}
2019-10-06 12:19:25,963 [pool-699-thread-1] INFO  storage.RaftStorage (RaftStorage.java:format(84)) - Storage directory /workdir/hadoop-ozone/integration-test/target/test-dir/MiniOzoneClusterImpl-cc38ce88-594d-4b3c-9c11-37372e9ad5cb/datanode-2/data/ratis/54d1c7a5-4ac2-4283-9625-d22ca8e51876 has been successfully formatted.
2019-10-06 12:19:25,963 [pool-699-thread-1] INFO  ratis.ContainerStateMachine (ContainerStateMachine.java:loadSnapshot(230)) - group-D22CA8E51876: The snapshot info is null. Setting the last applied indexto:(t:0, i:~)
2019-10-06 12:19:25,963 [pool-699-thread-1] INFO  server.RaftServerConfigKeys (ConfUtils.java:logGet(43)) - raft.server.notification.no-leader.timeout = 120s (custom)
2019-10-06 12:19:25,963 [pool-699-thread-1] INFO  server.RaftServerConfigKeys (ConfUtils.java:logGet(43)) - raft.server.log.use.memory = false (default)
2019-10-06 12:19:25,964 [pool-699-thread-1] INFO  server.RaftServerConfigKeys (ConfUtils.java:logGet(43)) - raft.server.log.purge.gap = 1000000 (custom)
2019-10-06 12:19:25,964 [pool-699-thread-1] INFO  server.RaftServerConfigKeys (ConfUtils.java:logGet(43)) - raft.server.log.appender.buffer.byte-limit = 33554432 (custom)
2019-10-06 12:19:25,964 [pool-699-thread-1] INFO  server.RaftServerConfigKeys (ConfUtils.java:logGet(43)) - raft.server.log.segment.size.max = 1048576 (custom)
2019-10-06 12:19:25,965 [pool-699-thread-1] INFO  server.RaftServerConfigKeys (ConfUtils.java:logGet(43)) - raft.server.log.segment.cache.num.max = 2 (custom)
2019-10-06 12:19:25,965 [pool-699-thread-1] INFO  segmented.SegmentedRaftLogWorker (SegmentedRaftLogWorker.java:<init>(173)) - new f97a78fd-c270-4ae8-91a2-4c85a080f332@group-D22CA8E51876-SegmentedRaftLogWorker for RaftStorage:Storage Directory /workdir/hadoop-ozone/integration-test/target/test-dir/MiniOzoneClusterImpl-cc38ce88-594d-4b3c-9c11-37372e9ad5cb/datanode-2/data/ratis/54d1c7a5-4ac2-4283-9625-d22ca8e51876
2019-10-06 12:19:25,965 [pool-699-thread-1] INFO  server.RaftServerConfigKeys (ConfUtils.java:logGet(43)) - raft.server.log.queue.byte-limit = 2147483647 (custom)
2019-10-06 12:19:25,965 [pool-699-thread-1] INFO  server.RaftServerConfigKeys (ConfUtils.java:logGet(43)) - raft.server.log.queue.element-limit = 1024 (custom)
2019-10-06 12:19:25,966 [pool-699-thread-1] INFO  server.RaftServerConfigKeys (ConfUtils.java:logGet(43)) - raft.server.log.segment.size.max = 1048576 (custom)
2019-10-06 12:19:25,966 [pool-699-thread-1] INFO  server.RaftServerConfigKeys (ConfUtils.java:logGet(43)) - raft.server.log.preallocated.size = 16384 (custom)
2019-10-06 12:19:25,966 [pool-699-thread-1] INFO  server.RaftServerConfigKeys (ConfUtils.java:logGet(43)) - raft.server.log.write.buffer.size = 33554432 (custom)
2019-10-06 12:19:25,966 [pool-699-thread-1] INFO  server.RaftServerConfigKeys (ConfUtils.java:logGet(43)) - raft.server.log.force.sync.num = 128 (default)
2019-10-06 12:19:25,966 [pool-699-thread-1] INFO  server.RaftServerConfigKeys (ConfUtils.java:logGet(43)) - raft.server.log.statemachine.data.sync = true (default)
2019-10-06 12:19:25,966 [pool-699-thread-1] INFO  server.RaftServerConfigKeys (ConfUtils.java:logGet(43)) - raft.server.log.statemachine.data.sync.timeout = 10s (default)
2019-10-06 12:19:25,966 [pool-699-thread-1] INFO  server.RaftServerConfigKeys (ConfUtils.java:logGet(43)) - raft.server.log.statemachine.data.sync.timeout.retry = -1 (default)
2019-10-06 12:19:25,966 [pool-699-thread-1] INFO  server.RaftServerConfigKeys (ConfUtils.java:logGet(43)) - raft.server.log.statemachine.data.caching.enabled = true (custom)
2019-10-06 12:19:25,967 [pool-699-thread-1] INFO  segmented.SegmentedRaftLogWorker (SegmentedRaftLogWorker.java:lambda$new$0(128)) - f97a78fd-c270-4ae8-91a2-4c85a080f332@group-D22CA8E51876-SegmentedRaftLogWorker: flushIndex: setUnconditionally 0 -> -1
2019-10-06 12:19:25,967 [pool-699-thread-1] INFO  server.RaftServerConfigKeys (ConfUtils.java:logGet(43)) - raft.server.snapshot.auto.trigger.enabled = true (custom)
2019-10-06 12:19:25,967 [pool-699-thread-1] INFO  server.RaftServerConfigKeys (ConfUtils.java:logGet(43)) - raft.server.snapshot.auto.trigger.threshold = 10000 (custom)
2019-10-06 12:19:25,967 [pool-699-thread-1] INFO  server.RaftServerConfigKeys (ConfUtils.java:logGet(43)) - raft.server.snapshot.retention.file.num = 5 (custom)
2019-10-06 12:19:25,967 [pool-699-thread-1] INFO  server.RaftServerConfigKeys (ConfUtils.java:logGet(43)) - raft.server.retrycache.expirytime = 600000ms (custom)
2019-10-06 12:19:25,968 [pool-699-thread-1] INFO  impl.RaftServerImpl (RaftServerImpl.java:start(181)) - f97a78fd-c270-4ae8-91a2-4c85a080f332@group-D22CA8E51876: start as a follower, conf=-1: [f97a78fd-c270-4ae8-91a2-4c85a080f332:192.168.30.17:40658], old=null
2019-10-06 12:19:25,968 [pool-699-thread-1] INFO  impl.RaftServerImpl (RaftServerImpl.java:setRole(170)) - f97a78fd-c270-4ae8-91a2-4c85a080f332@group-D22CA8E51876: changes role from      null to FOLLOWER at term 0 for startAsFollower
2019-10-06 12:19:25,969 [pool-699-thread-1] INFO  impl.RoleInfo (RoleInfo.java:updateAndGet(143)) - f97a78fd-c270-4ae8-91a2-4c85a080f332: start FollowerState
2019-10-06 12:19:25,969 [pool-699-thread-1] INFO  util.JmxRegister (JmxRegister.java:tryRegister(44)) - Successfully registered JMX Bean with object name Ratis:service=RaftServer,group=group-D22CA8E51876,id=f97a78fd-c270-4ae8-91a2-4c85a080f332
2019-10-06 12:19:25,972 [RatisPipelineUtilsThread] INFO  pipeline.PipelineStateManager (PipelineStateManager.java:addPipeline(56)) - Created pipeline Pipeline[ Id: 54d1c7a5-4ac2-4283-9625-d22ca8e51876, Nodes: f97a78fd-c270-4ae8-91a2-4c85a080f332{ip: 192.168.30.17, host: ozone-build-dev-sjjt9-54166716, networkLocation: /default-rack, certSerialId: null}, Type:RATIS, Factor:ONE, State:OPEN]
2019-10-06 12:19:25,979 [grpc-default-executor-5] INFO  impl.RaftServerProxy (RaftServerProxy.java:addNew(89)) - d1cf100d-d232-4575-b20f-f20364b572fb: addNew group-F7F3F6EAD91F:[d1cf100d-d232-4575-b20f-f20364b572fb:192.168.30.17:34496] returns group-F7F3F6EAD91F:java.util.concurrent.CompletableFuture@6f92521a[Not completed]
2019-10-06 12:19:25,980 [pool-709-thread-1] INFO  impl.RaftServerImpl (RaftServerImpl.java:<init>(95)) - d1cf100d-d232-4575-b20f-f20364b572fb: new RaftServerImpl for group-F7F3F6EAD91F:[d1cf100d-d232-4575-b20f-f20364b572fb:192.168.30.17:34496] with ContainerStateMachine:uninitialized
2019-10-06 12:19:25,980 [pool-709-thread-1] INFO  server.RaftServerConfigKeys (ConfUtils.java:logGet(43)) - raft.server.rpc.timeout.min = 5s (custom)
2019-10-06 12:19:25,980 [pool-709-thread-1] INFO  server.RaftServerConfigKeys (ConfUtils.java:logGet(43)) - raft.server.rpc.timeout.max = 5200ms (custom)
2019-10-06 12:19:25,980 [pool-709-thread-1] INFO  server.RaftServerConfigKeys (ConfUtils.java:logGet(43)) - raft.server.rpcslowness.timeout = 120s (custom)
2019-10-06 12:19:25,980 [pool-709-thread-1] INFO  server.RaftServerConfigKeys (ConfUtils.java:logGet(43)) - raft.server.sleep.deviation.threshold = 300 (default)
2019-10-06 12:19:25,980 [pool-709-thread-1] INFO  server.RaftServerConfigKeys (ConfUtils.java:logGet(43)) - raft.server.log.appender.install.snapshot.enabled = false (custom)
2019-10-06 12:19:25,981 [pool-709-thread-1] INFO  impl.RaftServerImpl (ServerState.java:<init>(103)) - d1cf100d-d232-4575-b20f-f20364b572fb@group-F7F3F6EAD91F: ConfigurationManager, init=-1: [d1cf100d-d232-4575-b20f-f20364b572fb:192.168.30.17:34496], old=null, confs=<EMPTY_MAP>
2019-10-06 12:19:25,981 [pool-709-thread-1] INFO  server.RaftServerConfigKeys (ConfUtils.java:logGet(43)) - raft.server.storage.dir = [/workdir/hadoop-ozone/integration-test/target/test-dir/MiniOzoneClusterImpl-cc38ce88-594d-4b3c-9c11-37372e9ad5cb/datanode-3/data/ratis] (custom)
2019-10-06 12:19:25,981 [pool-709-thread-1] INFO  server.RaftServerConfigKeys (ConfUtils.java:logGet(43)) - raft.server.log.corruption.policy = EXCEPTION (default)
2019-10-06 12:19:25,981 [pool-709-thread-1] INFO  storage.RaftStorageDirectory (RaftStorageDirectory.java:analyzeStorage(246)) - The storage directory /workdir/hadoop-ozone/integration-test/target/test-dir/MiniOzoneClusterImpl-cc38ce88-594d-4b3c-9c11-37372e9ad5cb/datanode-3/data/ratis/64ded7ea-79c3-4294-8cf9-f7f3f6ead91f does not exist. Creating ...
2019-10-06 12:19:25,994 [pool-709-thread-1] INFO  storage.RaftStorageDirectory (RaftStorageDirectory.java:tryLock(328)) - Lock on /workdir/hadoop-ozone/integration-test/target/test-dir/MiniOzoneClusterImpl-cc38ce88-594d-4b3c-9c11-37372e9ad5cb/datanode-3/data/ratis/64ded7ea-79c3-4294-8cf9-f7f3f6ead91f/in_use.lock acquired by nodename 24262@ozone-build-dev-sjjt9-54166716
2019-10-06 12:19:26,006 [pool-709-thread-1] INFO  storage.RaftStorage (RaftStorage.java:format(84)) - Storage directory /workdir/hadoop-ozone/integration-test/target/test-dir/MiniOzoneClusterImpl-cc38ce88-594d-4b3c-9c11-37372e9ad5cb/datanode-3/data/ratis/64ded7ea-79c3-4294-8cf9-f7f3f6ead91f has been successfully formatted.
2019-10-06 12:19:26,006 [pool-709-thread-1] INFO  ratis.ContainerStateMachine (ContainerStateMachine.java:loadSnapshot(230)) - group-F7F3F6EAD91F: The snapshot info is null. Setting the last applied indexto:(t:0, i:~)
2019-10-06 12:19:26,006 [pool-709-thread-1] INFO  server.RaftServerConfigKeys (ConfUtils.java:logGet(43)) - raft.server.notification.no-leader.timeout = 120s (custom)
2019-10-06 12:19:26,006 [pool-709-thread-1] INFO  server.RaftServerConfigKeys (ConfUtils.java:logGet(43)) - raft.server.log.use.memory = false (default)
2019-10-06 12:19:26,007 [pool-709-thread-1] INFO  server.RaftServerConfigKeys (ConfUtils.java:logGet(43)) - raft.server.log.purge.gap = 1000000 (custom)
2019-10-06 12:19:26,007 [pool-709-thread-1] INFO  server.RaftServerConfigKeys (ConfUtils.java:logGet(43)) - raft.server.log.appender.buffer.byte-limit = 33554432 (custom)
2019-10-06 12:19:26,007 [pool-709-thread-1] INFO  server.RaftServerConfigKeys (ConfUtils.java:logGet(43)) - raft.server.log.segment.size.max = 1048576 (custom)
2019-10-06 12:19:26,008 [pool-709-thread-1] INFO  server.RaftServerConfigKeys (ConfUtils.java:logGet(43)) - raft.server.log.segment.cache.num.max = 2 (custom)
2019-10-06 12:19:26,008 [pool-709-thread-1] INFO  segmented.SegmentedRaftLogWorker (SegmentedRaftLogWorker.java:<init>(173)) - new d1cf100d-d232-4575-b20f-f20364b572fb@group-F7F3F6EAD91F-SegmentedRaftLogWorker for RaftStorage:Storage Directory /workdir/hadoop-ozone/integration-test/target/test-dir/MiniOzoneClusterImpl-cc38ce88-594d-4b3c-9c11-37372e9ad5cb/datanode-3/data/ratis/64ded7ea-79c3-4294-8cf9-f7f3f6ead91f
2019-10-06 12:19:26,008 [pool-709-thread-1] INFO  server.RaftServerConfigKeys (ConfUtils.java:logGet(43)) - raft.server.log.queue.byte-limit = 2147483647 (custom)
2019-10-06 12:19:26,008 [pool-709-thread-1] INFO  server.RaftServerConfigKeys (ConfUtils.java:logGet(43)) - raft.server.log.queue.element-limit = 1024 (custom)
2019-10-06 12:19:26,008 [pool-709-thread-1] INFO  server.RaftServerConfigKeys (ConfUtils.java:logGet(43)) - raft.server.log.segment.size.max = 1048576 (custom)
2019-10-06 12:19:26,008 [pool-709-thread-1] INFO  server.RaftServerConfigKeys (ConfUtils.java:logGet(43)) - raft.server.log.preallocated.size = 16384 (custom)
2019-10-06 12:19:26,008 [pool-709-thread-1] INFO  server.RaftServerConfigKeys (ConfUtils.java:logGet(43)) - raft.server.log.write.buffer.size = 33554432 (custom)
2019-10-06 12:19:26,008 [pool-709-thread-1] INFO  server.RaftServerConfigKeys (ConfUtils.java:logGet(43)) - raft.server.log.force.sync.num = 128 (default)
2019-10-06 12:19:26,009 [pool-709-thread-1] INFO  server.RaftServerConfigKeys (ConfUtils.java:logGet(43)) - raft.server.log.statemachine.data.sync = true (default)
2019-10-06 12:19:26,009 [pool-709-thread-1] INFO  server.RaftServerConfigKeys (ConfUtils.java:logGet(43)) - raft.server.log.statemachine.data.sync.timeout = 10s (default)
2019-10-06 12:19:26,009 [pool-709-thread-1] INFO  server.RaftServerConfigKeys (ConfUtils.java:logGet(43)) - raft.server.log.statemachine.data.sync.timeout.retry = -1 (default)
2019-10-06 12:19:26,009 [pool-709-thread-1] INFO  server.RaftServerConfigKeys (ConfUtils.java:logGet(43)) - raft.server.log.statemachine.data.caching.enabled = true (custom)
2019-10-06 12:19:26,009 [pool-709-thread-1] INFO  segmented.SegmentedRaftLogWorker (SegmentedRaftLogWorker.java:lambda$new$0(128)) - d1cf100d-d232-4575-b20f-f20364b572fb@group-F7F3F6EAD91F-SegmentedRaftLogWorker: flushIndex: setUnconditionally 0 -> -1
2019-10-06 12:19:26,009 [pool-709-thread-1] INFO  server.RaftServerConfigKeys (ConfUtils.java:logGet(43)) - raft.server.snapshot.auto.trigger.enabled = true (custom)
2019-10-06 12:19:26,009 [pool-709-thread-1] INFO  server.RaftServerConfigKeys (ConfUtils.java:logGet(43)) - raft.server.snapshot.auto.trigger.threshold = 10000 (custom)
2019-10-06 12:19:26,010 [pool-709-thread-1] INFO  server.RaftServerConfigKeys (ConfUtils.java:logGet(43)) - raft.server.snapshot.retention.file.num = 5 (custom)
2019-10-06 12:19:26,010 [pool-709-thread-1] INFO  server.RaftServerConfigKeys (ConfUtils.java:logGet(43)) - raft.server.retrycache.expirytime = 600000ms (custom)
2019-10-06 12:19:26,011 [pool-709-thread-1] INFO  impl.RaftServerImpl (RaftServerImpl.java:start(181)) - d1cf100d-d232-4575-b20f-f20364b572fb@group-F7F3F6EAD91F: start as a follower, conf=-1: [d1cf100d-d232-4575-b20f-f20364b572fb:192.168.30.17:34496], old=null
2019-10-06 12:19:26,011 [pool-709-thread-1] INFO  impl.RaftServerImpl (RaftServerImpl.java:setRole(170)) - d1cf100d-d232-4575-b20f-f20364b572fb@group-F7F3F6EAD91F: changes role from      null to FOLLOWER at term 0 for startAsFollower
2019-10-06 12:19:26,011 [pool-709-thread-1] INFO  impl.RoleInfo (RoleInfo.java:updateAndGet(143)) - d1cf100d-d232-4575-b20f-f20364b572fb: start FollowerState
2019-10-06 12:19:26,011 [pool-709-thread-1] INFO  util.JmxRegister (JmxRegister.java:tryRegister(44)) - Successfully registered JMX Bean with object name Ratis:service=RaftServer,group=group-F7F3F6EAD91F,id=d1cf100d-d232-4575-b20f-f20364b572fb
2019-10-06 12:19:26,014 [RatisPipelineUtilsThread] INFO  pipeline.PipelineStateManager (PipelineStateManager.java:addPipeline(56)) - Created pipeline Pipeline[ Id: 64ded7ea-79c3-4294-8cf9-f7f3f6ead91f, Nodes: d1cf100d-d232-4575-b20f-f20364b572fb{ip: 192.168.30.17, host: ozone-build-dev-sjjt9-54166716, networkLocation: /default-rack, certSerialId: null}, Type:RATIS, Factor:ONE, State:OPEN]
2019-10-06 12:19:26,014 [IPC Server handler 0 on 35201] INFO  net.NetworkTopology (NetworkTopologyImpl.java:add(111)) - Added a new node: /default-rack/a03b9670-69e9-4494-8224-9b06463abc23
2019-10-06 12:19:26,015 [IPC Server handler 0 on 35201] INFO  node.SCMNodeManager (SCMNodeManager.java:register(268)) - Registered Data node : a03b9670-69e9-4494-8224-9b06463abc23{ip: 192.168.30.17, host: ozone-build-dev-sjjt9-54166716, networkLocation: /default-rack, certSerialId: null}
2019-10-06 12:19:26,034 [grpc-default-executor-12] INFO  impl.RaftServerProxy (RaftServerProxy.java:addNew(89)) - aaa86d1a-07c5-4e1d-acb8-947f9ae7d533: addNew group-D083DA16AB09:[d1cf100d-d232-4575-b20f-f20364b572fb:192.168.30.17:34496, aaa86d1a-07c5-4e1d-acb8-947f9ae7d533:192.168.30.17:36974, a64da041-3938-438c-85b5-761f02538d2b:192.168.30.17:32978] returns group-D083DA16AB09:java.util.concurrent.CompletableFuture@10994f97[Not completed]
2019-10-06 12:19:26,034 [grpc-default-executor-5] INFO  impl.RaftServerProxy (RaftServerProxy.java:addNew(89)) - a64da041-3938-438c-85b5-761f02538d2b: addNew group-D083DA16AB09:[d1cf100d-d232-4575-b20f-f20364b572fb:192.168.30.17:34496, aaa86d1a-07c5-4e1d-acb8-947f9ae7d533:192.168.30.17:36974, a64da041-3938-438c-85b5-761f02538d2b:192.168.30.17:32978] returns group-D083DA16AB09:java.util.concurrent.CompletableFuture@27d370c[Not completed]
2019-10-06 12:19:26,034 [grpc-default-executor-10] INFO  impl.RaftServerProxy (RaftServerProxy.java:addNew(89)) - d1cf100d-d232-4575-b20f-f20364b572fb: addNew group-D083DA16AB09:[d1cf100d-d232-4575-b20f-f20364b572fb:192.168.30.17:34496, aaa86d1a-07c5-4e1d-acb8-947f9ae7d533:192.168.30.17:36974, a64da041-3938-438c-85b5-761f02538d2b:192.168.30.17:32978] returns group-D083DA16AB09:java.util.concurrent.CompletableFuture@349b913f[Not completed]
2019-10-06 12:19:26,035 [pool-689-thread-1] INFO  impl.RaftServerImpl (RaftServerImpl.java:<init>(95)) - aaa86d1a-07c5-4e1d-acb8-947f9ae7d533: new RaftServerImpl for group-D083DA16AB09:[d1cf100d-d232-4575-b20f-f20364b572fb:192.168.30.17:34496, aaa86d1a-07c5-4e1d-acb8-947f9ae7d533:192.168.30.17:36974, a64da041-3938-438c-85b5-761f02538d2b:192.168.30.17:32978] with ContainerStateMachine:uninitialized
2019-10-06 12:19:26,035 [pool-689-thread-1] INFO  server.RaftServerConfigKeys (ConfUtils.java:logGet(43)) - raft.server.rpc.timeout.min = 5s (custom)
2019-10-06 12:19:26,036 [pool-689-thread-1] INFO  server.RaftServerConfigKeys (ConfUtils.java:logGet(43)) - raft.server.rpc.timeout.max = 5200ms (custom)
2019-10-06 12:19:26,036 [pool-689-thread-1] INFO  server.RaftServerConfigKeys (ConfUtils.java:logGet(43)) - raft.server.rpcslowness.timeout = 120s (custom)
2019-10-06 12:19:26,036 [pool-709-thread-1] INFO  impl.RaftServerImpl (RaftServerImpl.java:<init>(95)) - d1cf100d-d232-4575-b20f-f20364b572fb: new RaftServerImpl for group-D083DA16AB09:[d1cf100d-d232-4575-b20f-f20364b572fb:192.168.30.17:34496, aaa86d1a-07c5-4e1d-acb8-947f9ae7d533:192.168.30.17:36974, a64da041-3938-438c-85b5-761f02538d2b:192.168.30.17:32978] with ContainerStateMachine:uninitialized
2019-10-06 12:19:26,036 [pool-689-thread-1] INFO  server.RaftServerConfigKeys (ConfUtils.java:logGet(43)) - raft.server.sleep.deviation.threshold = 300 (default)
2019-10-06 12:19:26,036 [pool-709-thread-1] INFO  server.RaftServerConfigKeys (ConfUtils.java:logGet(43)) - raft.server.rpc.timeout.min = 5s (custom)
2019-10-06 12:19:26,036 [pool-689-thread-1] INFO  server.RaftServerConfigKeys (ConfUtils.java:logGet(43)) - raft.server.log.appender.install.snapshot.enabled = false (custom)
2019-10-06 12:19:26,036 [pool-679-thread-1] INFO  impl.RaftServerImpl (RaftServerImpl.java:<init>(95)) - a64da041-3938-438c-85b5-761f02538d2b: new RaftServerImpl for group-D083DA16AB09:[d1cf100d-d232-4575-b20f-f20364b572fb:192.168.30.17:34496, aaa86d1a-07c5-4e1d-acb8-947f9ae7d533:192.168.30.17:36974, a64da041-3938-438c-85b5-761f02538d2b:192.168.30.17:32978] with ContainerStateMachine:uninitialized
2019-10-06 12:19:26,036 [pool-709-thread-1] INFO  server.RaftServerConfigKeys (ConfUtils.java:logGet(43)) - raft.server.rpc.timeout.max = 5200ms (custom)
2019-10-06 12:19:26,037 [pool-679-thread-1] INFO  server.RaftServerConfigKeys (ConfUtils.java:logGet(43)) - raft.server.rpc.timeout.min = 5s (custom)
2019-10-06 12:19:26,036 [pool-689-thread-1] INFO  impl.RaftServerImpl (ServerState.java:<init>(103)) - aaa86d1a-07c5-4e1d-acb8-947f9ae7d533@group-D083DA16AB09: ConfigurationManager, init=-1: [d1cf100d-d232-4575-b20f-f20364b572fb:192.168.30.17:34496, aaa86d1a-07c5-4e1d-acb8-947f9ae7d533:192.168.30.17:36974, a64da041-3938-438c-85b5-761f02538d2b:192.168.30.17:32978], old=null, confs=<EMPTY_MAP>
2019-10-06 12:19:26,037 [pool-679-thread-1] INFO  server.RaftServerConfigKeys (ConfUtils.java:logGet(43)) - raft.server.rpc.timeout.max = 5200ms (custom)
2019-10-06 12:19:26,037 [pool-709-thread-1] INFO  server.RaftServerConfigKeys (ConfUtils.java:logGet(43)) - raft.server.rpcslowness.timeout = 120s (custom)
2019-10-06 12:19:26,037 [pool-679-thread-1] INFO  server.RaftServerConfigKeys (ConfUtils.java:logGet(43)) - raft.server.rpcslowness.timeout = 120s (custom)
2019-10-06 12:19:26,037 [pool-689-thread-1] INFO  server.RaftServerConfigKeys (ConfUtils.java:logGet(43)) - raft.server.storage.dir = [/workdir/hadoop-ozone/integration-test/target/test-dir/MiniOzoneClusterImpl-cc38ce88-594d-4b3c-9c11-37372e9ad5cb/datanode-1/data/ratis] (custom)
2019-10-06 12:19:26,037 [pool-679-thread-1] INFO  server.RaftServerConfigKeys (ConfUtils.java:logGet(43)) - raft.server.sleep.deviation.threshold = 300 (default)
2019-10-06 12:19:26,037 [pool-709-thread-1] INFO  server.RaftServerConfigKeys (ConfUtils.java:logGet(43)) - raft.server.sleep.deviation.threshold = 300 (default)
2019-10-06 12:19:26,037 [pool-689-thread-1] INFO  server.RaftServerConfigKeys (ConfUtils.java:logGet(43)) - raft.server.log.corruption.policy = EXCEPTION (default)
2019-10-06 12:19:26,037 [pool-679-thread-1] INFO  server.RaftServerConfigKeys (ConfUtils.java:logGet(43)) - raft.server.log.appender.install.snapshot.enabled = false (custom)
2019-10-06 12:19:26,038 [pool-689-thread-1] INFO  storage.RaftStorageDirectory (RaftStorageDirectory.java:analyzeStorage(246)) - The storage directory /workdir/hadoop-ozone/integration-test/target/test-dir/MiniOzoneClusterImpl-cc38ce88-594d-4b3c-9c11-37372e9ad5cb/datanode-1/data/ratis/f1d75d30-cb34-4e3e-8d25-d083da16ab09 does not exist. Creating ...
2019-10-06 12:19:26,038 [pool-709-thread-1] INFO  server.RaftServerConfigKeys (ConfUtils.java:logGet(43)) - raft.server.log.appender.install.snapshot.enabled = false (custom)
2019-10-06 12:19:26,038 [pool-679-thread-1] INFO  impl.RaftServerImpl (ServerState.java:<init>(103)) - a64da041-3938-438c-85b5-761f02538d2b@group-D083DA16AB09: ConfigurationManager, init=-1: [d1cf100d-d232-4575-b20f-f20364b572fb:192.168.30.17:34496, aaa86d1a-07c5-4e1d-acb8-947f9ae7d533:192.168.30.17:36974, a64da041-3938-438c-85b5-761f02538d2b:192.168.30.17:32978], old=null, confs=<EMPTY_MAP>
2019-10-06 12:19:26,038 [pool-709-thread-1] INFO  impl.RaftServerImpl (ServerState.java:<init>(103)) - d1cf100d-d232-4575-b20f-f20364b572fb@group-D083DA16AB09: ConfigurationManager, init=-1: [d1cf100d-d232-4575-b20f-f20364b572fb:192.168.30.17:34496, aaa86d1a-07c5-4e1d-acb8-947f9ae7d533:192.168.30.17:36974, a64da041-3938-438c-85b5-761f02538d2b:192.168.30.17:32978], old=null, confs=<EMPTY_MAP>
2019-10-06 12:19:26,038 [pool-679-thread-1] INFO  server.RaftServerConfigKeys (ConfUtils.java:logGet(43)) - raft.server.storage.dir = [/workdir/hadoop-ozone/integration-test/target/test-dir/MiniOzoneClusterImpl-cc38ce88-594d-4b3c-9c11-37372e9ad5cb/datanode-0/data/ratis] (custom)
2019-10-06 12:19:26,038 [pool-709-thread-1] INFO  server.RaftServerConfigKeys (ConfUtils.java:logGet(43)) - raft.server.storage.dir = [/workdir/hadoop-ozone/integration-test/target/test-dir/MiniOzoneClusterImpl-cc38ce88-594d-4b3c-9c11-37372e9ad5cb/datanode-3/data/ratis] (custom)
2019-10-06 12:19:26,039 [pool-679-thread-1] INFO  server.RaftServerConfigKeys (ConfUtils.java:logGet(43)) - raft.server.log.corruption.policy = EXCEPTION (default)
2019-10-06 12:19:26,039 [pool-709-thread-1] INFO  server.RaftServerConfigKeys (ConfUtils.java:logGet(43)) - raft.server.log.corruption.policy = EXCEPTION (default)
2019-10-06 12:19:26,039 [pool-679-thread-1] INFO  storage.RaftStorageDirectory (RaftStorageDirectory.java:analyzeStorage(246)) - The storage directory /workdir/hadoop-ozone/integration-test/target/test-dir/MiniOzoneClusterImpl-cc38ce88-594d-4b3c-9c11-37372e9ad5cb/datanode-0/data/ratis/f1d75d30-cb34-4e3e-8d25-d083da16ab09 does not exist. Creating ...
2019-10-06 12:19:26,039 [pool-709-thread-1] INFO  storage.RaftStorageDirectory (RaftStorageDirectory.java:analyzeStorage(246)) - The storage directory /workdir/hadoop-ozone/integration-test/target/test-dir/MiniOzoneClusterImpl-cc38ce88-594d-4b3c-9c11-37372e9ad5cb/datanode-3/data/ratis/f1d75d30-cb34-4e3e-8d25-d083da16ab09 does not exist. Creating ...
2019-10-06 12:19:26,062 [pool-679-thread-1] INFO  storage.RaftStorageDirectory (RaftStorageDirectory.java:tryLock(328)) - Lock on /workdir/hadoop-ozone/integration-test/target/test-dir/MiniOzoneClusterImpl-cc38ce88-594d-4b3c-9c11-37372e9ad5cb/datanode-0/data/ratis/f1d75d30-cb34-4e3e-8d25-d083da16ab09/in_use.lock acquired by nodename 24262@ozone-build-dev-sjjt9-54166716
2019-10-06 12:19:26,062 [pool-709-thread-1] INFO  storage.RaftStorageDirectory (RaftStorageDirectory.java:tryLock(328)) - Lock on /workdir/hadoop-ozone/integration-test/target/test-dir/MiniOzoneClusterImpl-cc38ce88-594d-4b3c-9c11-37372e9ad5cb/datanode-3/data/ratis/f1d75d30-cb34-4e3e-8d25-d083da16ab09/in_use.lock acquired by nodename 24262@ozone-build-dev-sjjt9-54166716
2019-10-06 12:19:26,062 [pool-689-thread-1] INFO  storage.RaftStorageDirectory (RaftStorageDirectory.java:tryLock(328)) - Lock on /workdir/hadoop-ozone/integration-test/target/test-dir/MiniOzoneClusterImpl-cc38ce88-594d-4b3c-9c11-37372e9ad5cb/datanode-1/data/ratis/f1d75d30-cb34-4e3e-8d25-d083da16ab09/in_use.lock acquired by nodename 24262@ozone-build-dev-sjjt9-54166716
2019-10-06 12:19:26,078 [IPC Server handler 2 on 35201] INFO  net.NetworkTopology (NetworkTopologyImpl.java:add(111)) - Added a new node: /default-rack/b013f667-9a6f-4b01-9f03-c88d83699582
2019-10-06 12:19:26,078 [pool-709-thread-1] INFO  storage.RaftStorage (RaftStorage.java:format(84)) - Storage directory /workdir/hadoop-ozone/integration-test/target/test-dir/MiniOzoneClusterImpl-cc38ce88-594d-4b3c-9c11-37372e9ad5cb/datanode-3/data/ratis/f1d75d30-cb34-4e3e-8d25-d083da16ab09 has been successfully formatted.
2019-10-06 12:19:26,078 [pool-679-thread-1] INFO  storage.RaftStorage (RaftStorage.java:format(84)) - Storage directory /workdir/hadoop-ozone/integration-test/target/test-dir/MiniOzoneClusterImpl-cc38ce88-594d-4b3c-9c11-37372e9ad5cb/datanode-0/data/ratis/f1d75d30-cb34-4e3e-8d25-d083da16ab09 has been successfully formatted.
2019-10-06 12:19:26,078 [pool-689-thread-1] INFO  storage.RaftStorage (RaftStorage.java:format(84)) - Storage directory /workdir/hadoop-ozone/integration-test/target/test-dir/MiniOzoneClusterImpl-cc38ce88-594d-4b3c-9c11-37372e9ad5cb/datanode-1/data/ratis/f1d75d30-cb34-4e3e-8d25-d083da16ab09 has been successfully formatted.
2019-10-06 12:19:26,079 [pool-709-thread-1] INFO  ratis.ContainerStateMachine (ContainerStateMachine.java:loadSnapshot(230)) - group-D083DA16AB09: The snapshot info is null. Setting the last applied indexto:(t:0, i:~)
2019-10-06 12:19:26,078 [IPC Server handler 2 on 35201] INFO  node.SCMNodeManager (SCMNodeManager.java:register(268)) - Registered Data node : b013f667-9a6f-4b01-9f03-c88d83699582{ip: 192.168.30.17, host: ozone-build-dev-sjjt9-54166716, networkLocation: /default-rack, certSerialId: null}
2019-10-06 12:19:26,079 [pool-709-thread-1] INFO  server.RaftServerConfigKeys (ConfUtils.java:logGet(43)) - raft.server.notification.no-leader.timeout = 120s (custom)
2019-10-06 12:19:26,079 [pool-689-thread-1] INFO  ratis.ContainerStateMachine (ContainerStateMachine.java:loadSnapshot(230)) - group-D083DA16AB09: The snapshot info is null. Setting the last applied indexto:(t:0, i:~)
2019-10-06 12:19:26,079 [pool-689-thread-1] INFO  server.RaftServerConfigKeys (ConfUtils.java:logGet(43)) - raft.server.notification.no-leader.timeout = 120s (custom)
2019-10-06 12:19:26,079 [pool-679-thread-1] INFO  ratis.ContainerStateMachine (ContainerStateMachine.java:loadSnapshot(230)) - group-D083DA16AB09: The snapshot info is null. Setting the last applied indexto:(t:0, i:~)
2019-10-06 12:19:26,079 [pool-689-thread-1] INFO  server.RaftServerConfigKeys (ConfUtils.java:logGet(43)) - raft.server.log.use.memory = false (default)
2019-10-06 12:19:26,079 [pool-709-thread-1] INFO  server.RaftServerConfigKeys (ConfUtils.java:logGet(43)) - raft.server.log.use.memory = false (default)
2019-10-06 12:19:26,080 [pool-689-thread-1] INFO  server.RaftServerConfigKeys (ConfUtils.java:logGet(43)) - raft.server.log.purge.gap = 1000000 (custom)
2019-10-06 12:19:26,080 [pool-679-thread-1] INFO  server.RaftServerConfigKeys (ConfUtils.java:logGet(43)) - raft.server.notification.no-leader.timeout = 120s (custom)
2019-10-06 12:19:26,080 [pool-689-thread-1] INFO  server.RaftServerConfigKeys (ConfUtils.java:logGet(43)) - raft.server.log.appender.buffer.byte-limit = 33554432 (custom)
2019-10-06 12:19:26,080 [pool-689-thread-1] INFO  server.RaftServerConfigKeys (ConfUtils.java:logGet(43)) - raft.server.log.segment.size.max = 1048576 (custom)
2019-10-06 12:19:26,080 [pool-709-thread-1] INFO  server.RaftServerConfigKeys (ConfUtils.java:logGet(43)) - raft.server.log.purge.gap = 1000000 (custom)
2019-10-06 12:19:26,080 [pool-689-thread-1] INFO  server.RaftServerConfigKeys (ConfUtils.java:logGet(43)) - raft.server.log.segment.cache.num.max = 2 (custom)
2019-10-06 12:19:26,081 [pool-689-thread-1] INFO  segmented.SegmentedRaftLogWorker (SegmentedRaftLogWorker.java:<init>(173)) - new aaa86d1a-07c5-4e1d-acb8-947f9ae7d533@group-D083DA16AB09-SegmentedRaftLogWorker for RaftStorage:Storage Directory /workdir/hadoop-ozone/integration-test/target/test-dir/MiniOzoneClusterImpl-cc38ce88-594d-4b3c-9c11-37372e9ad5cb/datanode-1/data/ratis/f1d75d30-cb34-4e3e-8d25-d083da16ab09
2019-10-06 12:19:26,080 [pool-679-thread-1] INFO  server.RaftServerConfigKeys (ConfUtils.java:logGet(43)) - raft.server.log.use.memory = false (default)
2019-10-06 12:19:26,081 [pool-689-thread-1] INFO  server.RaftServerConfigKeys (ConfUtils.java:logGet(43)) - raft.server.log.queue.byte-limit = 2147483647 (custom)
2019-10-06 12:19:26,080 [pool-709-thread-1] INFO  server.RaftServerConfigKeys (ConfUtils.java:logGet(43)) - raft.server.log.appender.buffer.byte-limit = 33554432 (custom)
2019-10-06 12:19:26,081 [pool-689-thread-1] INFO  server.RaftServerConfigKeys (ConfUtils.java:logGet(43)) - raft.server.log.queue.element-limit = 1024 (custom)
2019-10-06 12:19:26,081 [pool-679-thread-1] INFO  server.RaftServerConfigKeys (ConfUtils.java:logGet(43)) - raft.server.log.purge.gap = 1000000 (custom)
2019-10-06 12:19:26,081 [pool-689-thread-1] INFO  server.RaftServerConfigKeys (ConfUtils.java:logGet(43)) - raft.server.log.segment.size.max = 1048576 (custom)
2019-10-06 12:19:26,081 [pool-709-thread-1] INFO  server.RaftServerConfigKeys (ConfUtils.java:logGet(43)) - raft.server.log.segment.size.max = 1048576 (custom)
2019-10-06 12:19:26,081 [pool-689-thread-1] INFO  server.RaftServerConfigKeys (ConfUtils.java:logGet(43)) - raft.server.log.preallocated.size = 16384 (custom)
2019-10-06 12:19:26,082 [pool-689-thread-1] INFO  server.RaftServerConfigKeys (ConfUtils.java:logGet(43)) - raft.server.log.write.buffer.size = 33554432 (custom)
2019-10-06 12:19:26,081 [pool-679-thread-1] INFO  server.RaftServerConfigKeys (ConfUtils.java:logGet(43)) - raft.server.log.appender.buffer.byte-limit = 33554432 (custom)
2019-10-06 12:19:26,082 [pool-689-thread-1] INFO  server.RaftServerConfigKeys (ConfUtils.java:logGet(43)) - raft.server.log.force.sync.num = 128 (default)
2019-10-06 12:19:26,082 [pool-709-thread-1] INFO  server.RaftServerConfigKeys (ConfUtils.java:logGet(43)) - raft.server.log.segment.cache.num.max = 2 (custom)
2019-10-06 12:19:26,082 [pool-689-thread-1] INFO  server.RaftServerConfigKeys (ConfUtils.java:logGet(43)) - raft.server.log.statemachine.data.sync = true (default)
2019-10-06 12:19:26,082 [pool-679-thread-1] INFO  server.RaftServerConfigKeys (ConfUtils.java:logGet(43)) - raft.server.log.segment.size.max = 1048576 (custom)
2019-10-06 12:19:26,082 [pool-689-thread-1] INFO  server.RaftServerConfigKeys (ConfUtils.java:logGet(43)) - raft.server.log.statemachine.data.sync.timeout = 10s (default)
2019-10-06 12:19:26,082 [pool-709-thread-1] INFO  segmented.SegmentedRaftLogWorker (SegmentedRaftLogWorker.java:<init>(173)) - new d1cf100d-d232-4575-b20f-f20364b572fb@group-D083DA16AB09-SegmentedRaftLogWorker for RaftStorage:Storage Directory /workdir/hadoop-ozone/integration-test/target/test-dir/MiniOzoneClusterImpl-cc38ce88-594d-4b3c-9c11-37372e9ad5cb/datanode-3/data/ratis/f1d75d30-cb34-4e3e-8d25-d083da16ab09
2019-10-06 12:19:26,082 [pool-689-thread-1] INFO  server.RaftServerConfigKeys (ConfUtils.java:logGet(43)) - raft.server.log.statemachine.data.sync.timeout.retry = -1 (default)
2019-10-06 12:19:26,082 [pool-679-thread-1] INFO  server.RaftServerConfigKeys (ConfUtils.java:logGet(43)) - raft.server.log.segment.cache.num.max = 2 (custom)
2019-10-06 12:19:26,083 [pool-689-thread-1] INFO  server.RaftServerConfigKeys (ConfUtils.java:logGet(43)) - raft.server.log.statemachine.data.caching.enabled = true (custom)
2019-10-06 12:19:26,083 [pool-709-thread-1] INFO  server.RaftServerConfigKeys (ConfUtils.java:logGet(43)) - raft.server.log.queue.byte-limit = 2147483647 (custom)
2019-10-06 12:19:26,083 [pool-689-thread-1] INFO  segmented.SegmentedRaftLogWorker (SegmentedRaftLogWorker.java:lambda$new$0(128)) - aaa86d1a-07c5-4e1d-acb8-947f9ae7d533@group-D083DA16AB09-SegmentedRaftLogWorker: flushIndex: setUnconditionally 0 -> -1
2019-10-06 12:19:26,083 [pool-679-thread-1] INFO  segmented.SegmentedRaftLogWorker (SegmentedRaftLogWorker.java:<init>(173)) - new a64da041-3938-438c-85b5-761f02538d2b@group-D083DA16AB09-SegmentedRaftLogWorker for RaftStorage:Storage Directory /workdir/hadoop-ozone/integration-test/target/test-dir/MiniOzoneClusterImpl-cc38ce88-594d-4b3c-9c11-37372e9ad5cb/datanode-0/data/ratis/f1d75d30-cb34-4e3e-8d25-d083da16ab09
2019-10-06 12:19:26,083 [pool-689-thread-1] INFO  server.RaftServerConfigKeys (ConfUtils.java:logGet(43)) - raft.server.snapshot.auto.trigger.enabled = true (custom)
2019-10-06 12:19:26,083 [pool-709-thread-1] INFO  server.RaftServerConfigKeys (ConfUtils.java:logGet(43)) - raft.server.log.queue.element-limit = 1024 (custom)
2019-10-06 12:19:26,083 [pool-689-thread-1] INFO  server.RaftServerConfigKeys (ConfUtils.java:logGet(43)) - raft.server.snapshot.auto.trigger.threshold = 10000 (custom)
2019-10-06 12:19:26,084 [pool-689-thread-1] INFO  server.RaftServerConfigKeys (ConfUtils.java:logGet(43)) - raft.server.snapshot.retention.file.num = 5 (custom)
2019-10-06 12:19:26,083 [pool-679-thread-1] INFO  server.RaftServerConfigKeys (ConfUtils.java:logGet(43)) - raft.server.log.queue.byte-limit = 2147483647 (custom)
2019-10-06 12:19:26,084 [pool-689-thread-1] INFO  server.RaftServerConfigKeys (ConfUtils.java:logGet(43)) - raft.server.retrycache.expirytime = 600000ms (custom)
2019-10-06 12:19:26,084 [pool-709-thread-1] INFO  server.RaftServerConfigKeys (ConfUtils.java:logGet(43)) - raft.server.log.segment.size.max = 1048576 (custom)
2019-10-06 12:19:26,084 [pool-679-thread-1] INFO  server.RaftServerConfigKeys (ConfUtils.java:logGet(43)) - raft.server.log.queue.element-limit = 1024 (custom)
2019-10-06 12:19:26,084 [pool-709-thread-1] INFO  server.RaftServerConfigKeys (ConfUtils.java:logGet(43)) - raft.server.log.preallocated.size = 16384 (custom)
2019-10-06 12:19:26,084 [pool-679-thread-1] INFO  server.RaftServerConfigKeys (ConfUtils.java:logGet(43)) - raft.server.log.segment.size.max = 1048576 (custom)
2019-10-06 12:19:26,084 [pool-709-thread-1] INFO  server.RaftServerConfigKeys (ConfUtils.java:logGet(43)) - raft.server.log.write.buffer.size = 33554432 (custom)
2019-10-06 12:19:26,085 [pool-679-thread-1] INFO  server.RaftServerConfigKeys (ConfUtils.java:logGet(43)) - raft.server.log.preallocated.size = 16384 (custom)
2019-10-06 12:19:26,085 [pool-709-thread-1] INFO  server.RaftServerConfigKeys (ConfUtils.java:logGet(43)) - raft.server.log.force.sync.num = 128 (default)
2019-10-06 12:19:26,085 [pool-679-thread-1] INFO  server.RaftServerConfigKeys (ConfUtils.java:logGet(43)) - raft.server.log.write.buffer.size = 33554432 (custom)
2019-10-06 12:19:26,085 [pool-689-thread-1] INFO  impl.RaftServerImpl (RaftServerImpl.java:start(181)) - aaa86d1a-07c5-4e1d-acb8-947f9ae7d533@group-D083DA16AB09: start as a follower, conf=-1: [d1cf100d-d232-4575-b20f-f20364b572fb:192.168.30.17:34496, aaa86d1a-07c5-4e1d-acb8-947f9ae7d533:192.168.30.17:36974, a64da041-3938-438c-85b5-761f02538d2b:192.168.30.17:32978], old=null
2019-10-06 12:19:26,085 [pool-709-thread-1] INFO  server.RaftServerConfigKeys (ConfUtils.java:logGet(43)) - raft.server.log.statemachine.data.sync = true (default)
2019-10-06 12:19:26,085 [pool-689-thread-1] INFO  impl.RaftServerImpl (RaftServerImpl.java:setRole(170)) - aaa86d1a-07c5-4e1d-acb8-947f9ae7d533@group-D083DA16AB09: changes role from      null to FOLLOWER at term 0 for startAsFollower
2019-10-06 12:19:26,085 [pool-679-thread-1] INFO  server.RaftServerConfigKeys (ConfUtils.java:logGet(43)) - raft.server.log.force.sync.num = 128 (default)
2019-10-06 12:19:26,085 [pool-689-thread-1] INFO  impl.RoleInfo (RoleInfo.java:updateAndGet(143)) - aaa86d1a-07c5-4e1d-acb8-947f9ae7d533: start FollowerState
2019-10-06 12:19:26,085 [pool-709-thread-1] INFO  server.RaftServerConfigKeys (ConfUtils.java:logGet(43)) - raft.server.log.statemachine.data.sync.timeout = 10s (default)
2019-10-06 12:19:26,086 [pool-679-thread-1] INFO  server.RaftServerConfigKeys (ConfUtils.java:logGet(43)) - raft.server.log.statemachine.data.sync = true (default)
2019-10-06 12:19:26,086 [pool-689-thread-1] INFO  util.JmxRegister (JmxRegister.java:tryRegister(44)) - Successfully registered JMX Bean with object name Ratis:service=RaftServer,group=group-D083DA16AB09,id=aaa86d1a-07c5-4e1d-acb8-947f9ae7d533
2019-10-06 12:19:26,086 [pool-709-thread-1] INFO  server.RaftServerConfigKeys (ConfUtils.java:logGet(43)) - raft.server.log.statemachine.data.sync.timeout.retry = -1 (default)
2019-10-06 12:19:26,086 [pool-679-thread-1] INFO  server.RaftServerConfigKeys (ConfUtils.java:logGet(43)) - raft.server.log.statemachine.data.sync.timeout = 10s (default)
2019-10-06 12:19:26,086 [pool-709-thread-1] INFO  server.RaftServerConfigKeys (ConfUtils.java:logGet(43)) - raft.server.log.statemachine.data.caching.enabled = true (custom)
2019-10-06 12:19:26,086 [pool-679-thread-1] INFO  server.RaftServerConfigKeys (ConfUtils.java:logGet(43)) - raft.server.log.statemachine.data.sync.timeout.retry = -1 (default)
2019-10-06 12:19:26,087 [pool-709-thread-1] INFO  segmented.SegmentedRaftLogWorker (SegmentedRaftLogWorker.java:lambda$new$0(128)) - d1cf100d-d232-4575-b20f-f20364b572fb@group-D083DA16AB09-SegmentedRaftLogWorker: flushIndex: setUnconditionally 0 -> -1
2019-10-06 12:19:26,087 [pool-679-thread-1] INFO  server.RaftServerConfigKeys (ConfUtils.java:logGet(43)) - raft.server.log.statemachine.data.caching.enabled = true (custom)
2019-10-06 12:19:26,087 [pool-709-thread-1] INFO  server.RaftServerConfigKeys (ConfUtils.java:logGet(43)) - raft.server.snapshot.auto.trigger.enabled = true (custom)
2019-10-06 12:19:26,087 [pool-709-thread-1] INFO  server.RaftServerConfigKeys (ConfUtils.java:logGet(43)) - raft.server.snapshot.auto.trigger.threshold = 10000 (custom)
2019-10-06 12:19:26,087 [pool-679-thread-1] INFO  segmented.SegmentedRaftLogWorker (SegmentedRaftLogWorker.java:lambda$new$0(128)) - a64da041-3938-438c-85b5-761f02538d2b@group-D083DA16AB09-SegmentedRaftLogWorker: flushIndex: setUnconditionally 0 -> -1
2019-10-06 12:19:26,087 [pool-709-thread-1] INFO  server.RaftServerConfigKeys (ConfUtils.java:logGet(43)) - raft.server.snapshot.retention.file.num = 5 (custom)
2019-10-06 12:19:26,088 [pool-709-thread-1] INFO  server.RaftServerConfigKeys (ConfUtils.java:logGet(43)) - raft.server.retrycache.expirytime = 600000ms (custom)
2019-10-06 12:19:26,088 [pool-679-thread-1] INFO  server.RaftServerConfigKeys (ConfUtils.java:logGet(43)) - raft.server.snapshot.auto.trigger.enabled = true (custom)
2019-10-06 12:19:26,088 [pool-679-thread-1] INFO  server.RaftServerConfigKeys (ConfUtils.java:logGet(43)) - raft.server.snapshot.auto.trigger.threshold = 10000 (custom)
2019-10-06 12:19:26,088 [pool-679-thread-1] INFO  server.RaftServerConfigKeys (ConfUtils.java:logGet(43)) - raft.server.snapshot.retention.file.num = 5 (custom)
2019-10-06 12:19:26,088 [pool-679-thread-1] INFO  server.RaftServerConfigKeys (ConfUtils.java:logGet(43)) - raft.server.retrycache.expirytime = 600000ms (custom)
2019-10-06 12:19:26,090 [pool-709-thread-1] INFO  impl.RaftServerImpl (RaftServerImpl.java:start(181)) - d1cf100d-d232-4575-b20f-f20364b572fb@group-D083DA16AB09: start as a follower, conf=-1: [d1cf100d-d232-4575-b20f-f20364b572fb:192.168.30.17:34496, aaa86d1a-07c5-4e1d-acb8-947f9ae7d533:192.168.30.17:36974, a64da041-3938-438c-85b5-761f02538d2b:192.168.30.17:32978], old=null
2019-10-06 12:19:26,090 [pool-709-thread-1] INFO  impl.RaftServerImpl (RaftServerImpl.java:setRole(170)) - d1cf100d-d232-4575-b20f-f20364b572fb@group-D083DA16AB09: changes role from      null to FOLLOWER at term 0 for startAsFollower
2019-10-06 12:19:26,090 [pool-709-thread-1] INFO  impl.RoleInfo (RoleInfo.java:updateAndGet(143)) - d1cf100d-d232-4575-b20f-f20364b572fb: start FollowerState
2019-10-06 12:19:26,090 [pool-709-thread-1] INFO  util.JmxRegister (JmxRegister.java:tryRegister(44)) - Successfully registered JMX Bean with object name Ratis:service=RaftServer,group=group-D083DA16AB09,id=d1cf100d-d232-4575-b20f-f20364b572fb
2019-10-06 12:19:26,090 [pool-679-thread-1] INFO  impl.RaftServerImpl (RaftServerImpl.java:start(181)) - a64da041-3938-438c-85b5-761f02538d2b@group-D083DA16AB09: start as a follower, conf=-1: [d1cf100d-d232-4575-b20f-f20364b572fb:192.168.30.17:34496, aaa86d1a-07c5-4e1d-acb8-947f9ae7d533:192.168.30.17:36974, a64da041-3938-438c-85b5-761f02538d2b:192.168.30.17:32978], old=null
2019-10-06 12:19:26,091 [pool-679-thread-1] INFO  impl.RaftServerImpl (RaftServerImpl.java:setRole(170)) - a64da041-3938-438c-85b5-761f02538d2b@group-D083DA16AB09: changes role from      null to FOLLOWER at term 0 for startAsFollower
2019-10-06 12:19:26,091 [pool-679-thread-1] INFO  impl.RoleInfo (RoleInfo.java:updateAndGet(143)) - a64da041-3938-438c-85b5-761f02538d2b: start FollowerState
2019-10-06 12:19:26,091 [pool-679-thread-1] INFO  util.JmxRegister (JmxRegister.java:tryRegister(44)) - Successfully registered JMX Bean with object name Ratis:service=RaftServer,group=group-D083DA16AB09,id=a64da041-3938-438c-85b5-761f02538d2b
2019-10-06 12:19:26,095 [RatisPipelineUtilsThread] INFO  pipeline.PipelineStateManager (PipelineStateManager.java:addPipeline(56)) - Created pipeline Pipeline[ Id: f1d75d30-cb34-4e3e-8d25-d083da16ab09, Nodes: d1cf100d-d232-4575-b20f-f20364b572fb{ip: 192.168.30.17, host: ozone-build-dev-sjjt9-54166716, networkLocation: /default-rack, certSerialId: null}aaa86d1a-07c5-4e1d-acb8-947f9ae7d533{ip: 192.168.30.17, host: ozone-build-dev-sjjt9-54166716, networkLocation: /default-rack, certSerialId: null}a64da041-3938-438c-85b5-761f02538d2b{ip: 192.168.30.17, host: ozone-build-dev-sjjt9-54166716, networkLocation: /default-rack, certSerialId: null}, Type:RATIS, Factor:THREE, State:OPEN]
2019-10-06 12:19:26,102 [grpc-default-executor-5] INFO  impl.RaftServerProxy (RaftServerProxy.java:addNew(89)) - f97a78fd-c270-4ae8-91a2-4c85a080f332: addNew group-33D70C1D47B9:[a03b9670-69e9-4494-8224-9b06463abc23:192.168.30.17:43258, f97a78fd-c270-4ae8-91a2-4c85a080f332:192.168.30.17:40658, b013f667-9a6f-4b01-9f03-c88d83699582:192.168.30.17:34406] returns group-33D70C1D47B9:java.util.concurrent.CompletableFuture@4d3f6c5f[Not completed]
2019-10-06 12:19:26,106 [grpc-default-executor-10] INFO  impl.RaftServerProxy (RaftServerProxy.java:addNew(89)) - a03b9670-69e9-4494-8224-9b06463abc23: addNew group-33D70C1D47B9:[a03b9670-69e9-4494-8224-9b06463abc23:192.168.30.17:43258, f97a78fd-c270-4ae8-91a2-4c85a080f332:192.168.30.17:40658, b013f667-9a6f-4b01-9f03-c88d83699582:192.168.30.17:34406] returns group-33D70C1D47B9:java.util.concurrent.CompletableFuture@459dc754[Not completed]
2019-10-06 12:19:26,109 [grpc-default-executor-12] INFO  impl.RaftServerProxy (RaftServerProxy.java:addNew(89)) - b013f667-9a6f-4b01-9f03-c88d83699582: addNew group-33D70C1D47B9:[a03b9670-69e9-4494-8224-9b06463abc23:192.168.30.17:43258, f97a78fd-c270-4ae8-91a2-4c85a080f332:192.168.30.17:40658, b013f667-9a6f-4b01-9f03-c88d83699582:192.168.30.17:34406] returns group-33D70C1D47B9:java.util.concurrent.CompletableFuture@46a856d5[Not completed]
2019-10-06 12:19:26,110 [pool-699-thread-1] INFO  impl.RaftServerImpl (RaftServerImpl.java:<init>(95)) - f97a78fd-c270-4ae8-91a2-4c85a080f332: new RaftServerImpl for group-33D70C1D47B9:[a03b9670-69e9-4494-8224-9b06463abc23:192.168.30.17:43258, f97a78fd-c270-4ae8-91a2-4c85a080f332:192.168.30.17:40658, b013f667-9a6f-4b01-9f03-c88d83699582:192.168.30.17:34406] with ContainerStateMachine:uninitialized
2019-10-06 12:19:26,110 [pool-699-thread-1] INFO  server.RaftServerConfigKeys (ConfUtils.java:logGet(43)) - raft.server.rpc.timeout.min = 5s (custom)
2019-10-06 12:19:26,110 [pool-699-thread-1] INFO  server.RaftServerConfigKeys (ConfUtils.java:logGet(43)) - raft.server.rpc.timeout.max = 5200ms (custom)
2019-10-06 12:19:26,110 [pool-699-thread-1] INFO  server.RaftServerConfigKeys (ConfUtils.java:logGet(43)) - raft.server.rpcslowness.timeout = 120s (custom)
2019-10-06 12:19:26,110 [pool-729-thread-1] INFO  impl.RaftServerImpl (RaftServerImpl.java:<init>(95)) - b013f667-9a6f-4b01-9f03-c88d83699582: new RaftServerImpl for group-33D70C1D47B9:[a03b9670-69e9-4494-8224-9b06463abc23:192.168.30.17:43258, f97a78fd-c270-4ae8-91a2-4c85a080f332:192.168.30.17:40658, b013f667-9a6f-4b01-9f03-c88d83699582:192.168.30.17:34406] with ContainerStateMachine:uninitialized
2019-10-06 12:19:26,110 [pool-699-thread-1] INFO  server.RaftServerConfigKeys (ConfUtils.java:logGet(43)) - raft.server.sleep.deviation.threshold = 300 (default)
2019-10-06 12:19:26,111 [pool-729-thread-1] INFO  server.RaftServerConfigKeys (ConfUtils.java:logGet(43)) - raft.server.rpc.timeout.min = 5s (custom)
2019-10-06 12:19:26,111 [pool-719-thread-1] INFO  impl.RaftServerImpl (RaftServerImpl.java:<init>(95)) - a03b9670-69e9-4494-8224-9b06463abc23: new RaftServerImpl for group-33D70C1D47B9:[a03b9670-69e9-4494-8224-9b06463abc23:192.168.30.17:43258, f97a78fd-c270-4ae8-91a2-4c85a080f332:192.168.30.17:40658, b013f667-9a6f-4b01-9f03-c88d83699582:192.168.30.17:34406] with ContainerStateMachine:uninitialized
2019-10-06 12:19:26,111 [pool-699-thread-1] INFO  server.RaftServerConfigKeys (ConfUtils.java:logGet(43)) - raft.server.log.appender.install.snapshot.enabled = false (custom)
2019-10-06 12:19:26,111 [pool-719-thread-1] INFO  server.RaftServerConfigKeys (ConfUtils.java:logGet(43)) - raft.server.rpc.timeout.min = 5s (custom)
2019-10-06 12:19:26,111 [pool-729-thread-1] INFO  server.RaftServerConfigKeys (ConfUtils.java:logGet(43)) - raft.server.rpc.timeout.max = 5200ms (custom)
2019-10-06 12:19:26,111 [pool-719-thread-1] INFO  server.RaftServerConfigKeys (ConfUtils.java:logGet(43)) - raft.server.rpc.timeout.max = 5200ms (custom)
2019-10-06 12:19:26,111 [pool-719-thread-1] INFO  server.RaftServerConfigKeys (ConfUtils.java:logGet(43)) - raft.server.rpcslowness.timeout = 120s (custom)
2019-10-06 12:19:26,111 [pool-699-thread-1] INFO  impl.RaftServerImpl (ServerState.java:<init>(103)) - f97a78fd-c270-4ae8-91a2-4c85a080f332@group-33D70C1D47B9: ConfigurationManager, init=-1: [a03b9670-69e9-4494-8224-9b06463abc23:192.168.30.17:43258, f97a78fd-c270-4ae8-91a2-4c85a080f332:192.168.30.17:40658, b013f667-9a6f-4b01-9f03-c88d83699582:192.168.30.17:34406], old=null, confs=<EMPTY_MAP>
2019-10-06 12:19:26,111 [pool-719-thread-1] INFO  server.RaftServerConfigKeys (ConfUtils.java:logGet(43)) - raft.server.sleep.deviation.threshold = 300 (default)
2019-10-06 12:19:26,111 [pool-729-thread-1] INFO  server.RaftServerConfigKeys (ConfUtils.java:logGet(43)) - raft.server.rpcslowness.timeout = 120s (custom)
2019-10-06 12:19:26,112 [pool-719-thread-1] INFO  server.RaftServerConfigKeys (ConfUtils.java:logGet(43)) - raft.server.log.appender.install.snapshot.enabled = false (custom)
2019-10-06 12:19:26,112 [pool-699-thread-1] INFO  server.RaftServerConfigKeys (ConfUtils.java:logGet(43)) - raft.server.storage.dir = [/workdir/hadoop-ozone/integration-test/target/test-dir/MiniOzoneClusterImpl-cc38ce88-594d-4b3c-9c11-37372e9ad5cb/datanode-2/data/ratis] (custom)
2019-10-06 12:19:26,112 [pool-719-thread-1] INFO  impl.RaftServerImpl (ServerState.java:<init>(103)) - a03b9670-69e9-4494-8224-9b06463abc23@group-33D70C1D47B9: ConfigurationManager, init=-1: [a03b9670-69e9-4494-8224-9b06463abc23:192.168.30.17:43258, f97a78fd-c270-4ae8-91a2-4c85a080f332:192.168.30.17:40658, b013f667-9a6f-4b01-9f03-c88d83699582:192.168.30.17:34406], old=null, confs=<EMPTY_MAP>
2019-10-06 12:19:26,112 [pool-729-thread-1] INFO  server.RaftServerConfigKeys (ConfUtils.java:logGet(43)) - raft.server.sleep.deviation.threshold = 300 (default)
2019-10-06 12:19:26,112 [pool-699-thread-1] INFO  server.RaftServerConfigKeys (ConfUtils.java:logGet(43)) - raft.server.log.corruption.policy = EXCEPTION (default)
2019-10-06 12:19:26,112 [pool-719-thread-1] INFO  server.RaftServerConfigKeys (ConfUtils.java:logGet(43)) - raft.server.storage.dir = [/workdir/hadoop-ozone/integration-test/target/test-dir/MiniOzoneClusterImpl-cc38ce88-594d-4b3c-9c11-37372e9ad5cb/datanode-4/data/ratis] (custom)
2019-10-06 12:19:26,112 [pool-699-thread-1] INFO  storage.RaftStorageDirectory (RaftStorageDirectory.java:analyzeStorage(246)) - The storage directory /workdir/hadoop-ozone/integration-test/target/test-dir/MiniOzoneClusterImpl-cc38ce88-594d-4b3c-9c11-37372e9ad5cb/datanode-2/data/ratis/5a3f3eac-b613-4920-8bb6-33d70c1d47b9 does not exist. Creating ...
2019-10-06 12:19:26,112 [pool-729-thread-1] INFO  server.RaftServerConfigKeys (ConfUtils.java:logGet(43)) - raft.server.log.appender.install.snapshot.enabled = false (custom)
2019-10-06 12:19:26,112 [pool-719-thread-1] INFO  server.RaftServerConfigKeys (ConfUtils.java:logGet(43)) - raft.server.log.corruption.policy = EXCEPTION (default)
2019-10-06 12:19:26,113 [pool-729-thread-1] INFO  impl.RaftServerImpl (ServerState.java:<init>(103)) - b013f667-9a6f-4b01-9f03-c88d83699582@group-33D70C1D47B9: ConfigurationManager, init=-1: [a03b9670-69e9-4494-8224-9b06463abc23:192.168.30.17:43258, f97a78fd-c270-4ae8-91a2-4c85a080f332:192.168.30.17:40658, b013f667-9a6f-4b01-9f03-c88d83699582:192.168.30.17:34406], old=null, confs=<EMPTY_MAP>
2019-10-06 12:19:26,113 [pool-719-thread-1] INFO  storage.RaftStorageDirectory (RaftStorageDirectory.java:analyzeStorage(246)) - The storage directory /workdir/hadoop-ozone/integration-test/target/test-dir/MiniOzoneClusterImpl-cc38ce88-594d-4b3c-9c11-37372e9ad5cb/datanode-4/data/ratis/5a3f3eac-b613-4920-8bb6-33d70c1d47b9 does not exist. Creating ...
2019-10-06 12:19:26,113 [pool-729-thread-1] INFO  server.RaftServerConfigKeys (ConfUtils.java:logGet(43)) - raft.server.storage.dir = [/workdir/hadoop-ozone/integration-test/target/test-dir/MiniOzoneClusterImpl-cc38ce88-594d-4b3c-9c11-37372e9ad5cb/datanode-5/data/ratis] (custom)
2019-10-06 12:19:26,113 [pool-729-thread-1] INFO  server.RaftServerConfigKeys (ConfUtils.java:logGet(43)) - raft.server.log.corruption.policy = EXCEPTION (default)
2019-10-06 12:19:26,113 [pool-729-thread-1] INFO  storage.RaftStorageDirectory (RaftStorageDirectory.java:analyzeStorage(246)) - The storage directory /workdir/hadoop-ozone/integration-test/target/test-dir/MiniOzoneClusterImpl-cc38ce88-594d-4b3c-9c11-37372e9ad5cb/datanode-5/data/ratis/5a3f3eac-b613-4920-8bb6-33d70c1d47b9 does not exist. Creating ...
2019-10-06 12:19:26,126 [pool-699-thread-1] INFO  storage.RaftStorageDirectory (RaftStorageDirectory.java:tryLock(328)) - Lock on /workdir/hadoop-ozone/integration-test/target/test-dir/MiniOzoneClusterImpl-cc38ce88-594d-4b3c-9c11-37372e9ad5cb/datanode-2/data/ratis/5a3f3eac-b613-4920-8bb6-33d70c1d47b9/in_use.lock acquired by nodename 24262@ozone-build-dev-sjjt9-54166716
2019-10-06 12:19:26,126 [pool-729-thread-1] INFO  storage.RaftStorageDirectory (RaftStorageDirectory.java:tryLock(328)) - Lock on /workdir/hadoop-ozone/integration-test/target/test-dir/MiniOzoneClusterImpl-cc38ce88-594d-4b3c-9c11-37372e9ad5cb/datanode-5/data/ratis/5a3f3eac-b613-4920-8bb6-33d70c1d47b9/in_use.lock acquired by nodename 24262@ozone-build-dev-sjjt9-54166716
2019-10-06 12:19:26,126 [pool-719-thread-1] INFO  storage.RaftStorageDirectory (RaftStorageDirectory.java:tryLock(328)) - Lock on /workdir/hadoop-ozone/integration-test/target/test-dir/MiniOzoneClusterImpl-cc38ce88-594d-4b3c-9c11-37372e9ad5cb/datanode-4/data/ratis/5a3f3eac-b613-4920-8bb6-33d70c1d47b9/in_use.lock acquired by nodename 24262@ozone-build-dev-sjjt9-54166716
2019-10-06 12:19:26,135 [IPC Server handler 3 on 35201] INFO  net.NetworkTopology (NetworkTopologyImpl.java:add(111)) - Added a new node: /default-rack/b16739f0-2a40-4eaa-b1ff-69d23b3e636e
2019-10-06 12:19:26,135 [IPC Server handler 3 on 35201] INFO  node.SCMNodeManager (SCMNodeManager.java:register(268)) - Registered Data node : b16739f0-2a40-4eaa-b1ff-69d23b3e636e{ip: 192.168.30.17, host: ozone-build-dev-sjjt9-54166716, networkLocation: /default-rack, certSerialId: null}
2019-10-06 12:19:26,136 [main] INFO  ozone.MiniOzoneClusterImpl (MiniOzoneClusterImpl.java:lambda$waitForClusterToBeReady$0(147)) - Cluster is ready. Got 7 of 7 DN Heartbeats.
2019-10-06 12:19:26,140 [pool-719-thread-1] INFO  storage.RaftStorage (RaftStorage.java:format(84)) - Storage directory /workdir/hadoop-ozone/integration-test/target/test-dir/MiniOzoneClusterImpl-cc38ce88-594d-4b3c-9c11-37372e9ad5cb/datanode-4/data/ratis/5a3f3eac-b613-4920-8bb6-33d70c1d47b9 has been successfully formatted.
2019-10-06 12:19:26,140 [pool-729-thread-1] INFO  storage.RaftStorage (RaftStorage.java:format(84)) - Storage directory /workdir/hadoop-ozone/integration-test/target/test-dir/MiniOzoneClusterImpl-cc38ce88-594d-4b3c-9c11-37372e9ad5cb/datanode-5/data/ratis/5a3f3eac-b613-4920-8bb6-33d70c1d47b9 has been successfully formatted.
2019-10-06 12:19:26,140 [pool-699-thread-1] INFO  storage.RaftStorage (RaftStorage.java:format(84)) - Storage directory /workdir/hadoop-ozone/integration-test/target/test-dir/MiniOzoneClusterImpl-cc38ce88-594d-4b3c-9c11-37372e9ad5cb/datanode-2/data/ratis/5a3f3eac-b613-4920-8bb6-33d70c1d47b9 has been successfully formatted.
2019-10-06 12:19:26,140 [pool-719-thread-1] INFO  ratis.ContainerStateMachine (ContainerStateMachine.java:loadSnapshot(230)) - group-33D70C1D47B9: The snapshot info is null. Setting the last applied indexto:(t:0, i:~)
2019-10-06 12:19:26,151 [pool-699-thread-1] INFO  ratis.ContainerStateMachine (ContainerStateMachine.java:loadSnapshot(230)) - group-33D70C1D47B9: The snapshot info is null. Setting the last applied indexto:(t:0, i:~)
2019-10-06 12:19:26,151 [pool-729-thread-1] INFO  ratis.ContainerStateMachine (ContainerStateMachine.java:loadSnapshot(230)) - group-33D70C1D47B9: The snapshot info is null. Setting the last applied indexto:(t:0, i:~)
2019-10-06 12:19:26,151 [pool-699-thread-1] INFO  server.RaftServerConfigKeys (ConfUtils.java:logGet(43)) - raft.server.notification.no-leader.timeout = 120s (custom)
2019-10-06 12:19:26,151 [pool-699-thread-1] INFO  server.RaftServerConfigKeys (ConfUtils.java:logGet(43)) - raft.server.log.use.memory = false (default)
2019-10-06 12:19:26,151 [pool-719-thread-1] INFO  server.RaftServerConfigKeys (ConfUtils.java:logGet(43)) - raft.server.notification.no-leader.timeout = 120s (custom)
2019-10-06 12:19:26,151 [pool-699-thread-1] INFO  server.RaftServerConfigKeys (ConfUtils.java:logGet(43)) - raft.server.log.purge.gap = 1000000 (custom)
2019-10-06 12:19:26,151 [pool-729-thread-1] INFO  server.RaftServerConfigKeys (ConfUtils.java:logGet(43)) - raft.server.notification.no-leader.timeout = 120s (custom)
2019-10-06 12:19:26,152 [pool-699-thread-1] INFO  server.RaftServerConfigKeys (ConfUtils.java:logGet(43)) - raft.server.log.appender.buffer.byte-limit = 33554432 (custom)
2019-10-06 12:19:26,151 [pool-719-thread-1] INFO  server.RaftServerConfigKeys (ConfUtils.java:logGet(43)) - raft.server.log.use.memory = false (default)
2019-10-06 12:19:26,152 [pool-699-thread-1] INFO  server.RaftServerConfigKeys (ConfUtils.java:logGet(43)) - raft.server.log.segment.size.max = 1048576 (custom)
2019-10-06 12:19:26,152 [pool-729-thread-1] INFO  server.RaftServerConfigKeys (ConfUtils.java:logGet(43)) - raft.server.log.use.memory = false (default)
2019-10-06 12:19:26,152 [pool-699-thread-1] INFO  server.RaftServerConfigKeys (ConfUtils.java:logGet(43)) - raft.server.log.segment.cache.num.max = 2 (custom)
2019-10-06 12:19:26,152 [pool-719-thread-1] INFO  server.RaftServerConfigKeys (ConfUtils.java:logGet(43)) - raft.server.log.purge.gap = 1000000 (custom)
2019-10-06 12:19:26,168 [pool-699-thread-1] INFO  segmented.SegmentedRaftLogWorker (SegmentedRaftLogWorker.java:<init>(173)) - new f97a78fd-c270-4ae8-91a2-4c85a080f332@group-33D70C1D47B9-SegmentedRaftLogWorker for RaftStorage:Storage Directory /workdir/hadoop-ozone/integration-test/target/test-dir/MiniOzoneClusterImpl-cc38ce88-594d-4b3c-9c11-37372e9ad5cb/datanode-2/data/ratis/5a3f3eac-b613-4920-8bb6-33d70c1d47b9
2019-10-06 12:19:26,206 [pool-699-thread-1] INFO  server.RaftServerConfigKeys (ConfUtils.java:logGet(43)) - raft.server.log.queue.byte-limit = 2147483647 (custom)
2019-10-06 12:19:26,155 [pool-729-thread-1] INFO  server.RaftServerConfigKeys (ConfUtils.java:logGet(43)) - raft.server.log.purge.gap = 1000000 (custom)
2019-10-06 12:19:26,206 [pool-699-thread-1] INFO  server.RaftServerConfigKeys (ConfUtils.java:logGet(43)) - raft.server.log.queue.element-limit = 1024 (custom)
2019-10-06 12:19:26,168 [pool-719-thread-1] INFO  server.RaftServerConfigKeys (ConfUtils.java:logGet(43)) - raft.server.log.appender.buffer.byte-limit = 33554432 (custom)
2019-10-06 12:19:26,206 [pool-699-thread-1] INFO  server.RaftServerConfigKeys (ConfUtils.java:logGet(43)) - raft.server.log.segment.size.max = 1048576 (custom)
2019-10-06 12:19:26,206 [pool-729-thread-1] INFO  server.RaftServerConfigKeys (ConfUtils.java:logGet(43)) - raft.server.log.appender.buffer.byte-limit = 33554432 (custom)
2019-10-06 12:19:26,206 [pool-699-thread-1] INFO  server.RaftServerConfigKeys (ConfUtils.java:logGet(43)) - raft.server.log.preallocated.size = 16384 (custom)
2019-10-06 12:19:26,206 [pool-719-thread-1] INFO  server.RaftServerConfigKeys (ConfUtils.java:logGet(43)) - raft.server.log.segment.size.max = 1048576 (custom)
2019-10-06 12:19:26,207 [pool-699-thread-1] INFO  server.RaftServerConfigKeys (ConfUtils.java:logGet(43)) - raft.server.log.write.buffer.size = 33554432 (custom)
2019-10-06 12:19:26,207 [pool-699-thread-1] INFO  server.RaftServerConfigKeys (ConfUtils.java:logGet(43)) - raft.server.log.force.sync.num = 128 (default)
2019-10-06 12:19:26,207 [pool-729-thread-1] INFO  server.RaftServerConfigKeys (ConfUtils.java:logGet(43)) - raft.server.log.segment.size.max = 1048576 (custom)
2019-10-06 12:19:26,207 [pool-699-thread-1] INFO  server.RaftServerConfigKeys (ConfUtils.java:logGet(43)) - raft.server.log.statemachine.data.sync = true (default)
2019-10-06 12:19:26,208 [pool-699-thread-1] INFO  server.RaftServerConfigKeys (ConfUtils.java:logGet(43)) - raft.server.log.statemachine.data.sync.timeout = 10s (default)
2019-10-06 12:19:26,208 [pool-699-thread-1] INFO  server.RaftServerConfigKeys (ConfUtils.java:logGet(43)) - raft.server.log.statemachine.data.sync.timeout.retry = -1 (default)
2019-10-06 12:19:26,208 [pool-699-thread-1] INFO  server.RaftServerConfigKeys (ConfUtils.java:logGet(43)) - raft.server.log.statemachine.data.caching.enabled = true (custom)
2019-10-06 12:19:26,208 [pool-699-thread-1] INFO  segmented.SegmentedRaftLogWorker (SegmentedRaftLogWorker.java:lambda$new$0(128)) - f97a78fd-c270-4ae8-91a2-4c85a080f332@group-33D70C1D47B9-SegmentedRaftLogWorker: flushIndex: setUnconditionally 0 -> -1
2019-10-06 12:19:26,209 [pool-699-thread-1] INFO  server.RaftServerConfigKeys (ConfUtils.java:logGet(43)) - raft.server.snapshot.auto.trigger.enabled = true (custom)
2019-10-06 12:19:26,209 [pool-699-thread-1] INFO  server.RaftServerConfigKeys (ConfUtils.java:logGet(43)) - raft.server.snapshot.auto.trigger.threshold = 10000 (custom)
2019-10-06 12:19:26,209 [pool-699-thread-1] INFO  server.RaftServerConfigKeys (ConfUtils.java:logGet(43)) - raft.server.snapshot.retention.file.num = 5 (custom)
2019-10-06 12:19:26,209 [pool-699-thread-1] INFO  server.RaftServerConfigKeys (ConfUtils.java:logGet(43)) - raft.server.retrycache.expirytime = 600000ms (custom)
2019-10-06 12:19:26,212 [pool-719-thread-1] INFO  server.RaftServerConfigKeys (ConfUtils.java:logGet(43)) - raft.server.log.segment.cache.num.max = 2 (custom)
2019-10-06 12:19:26,212 [pool-719-thread-1] INFO  segmented.SegmentedRaftLogWorker (SegmentedRaftLogWorker.java:<init>(173)) - new a03b9670-69e9-4494-8224-9b06463abc23@group-33D70C1D47B9-SegmentedRaftLogWorker for RaftStorage:Storage Directory /workdir/hadoop-ozone/integration-test/target/test-dir/MiniOzoneClusterImpl-cc38ce88-594d-4b3c-9c11-37372e9ad5cb/datanode-4/data/ratis/5a3f3eac-b613-4920-8bb6-33d70c1d47b9
2019-10-06 12:19:26,212 [pool-719-thread-1] INFO  server.RaftServerConfigKeys (ConfUtils.java:logGet(43)) - raft.server.log.queue.byte-limit = 2147483647 (custom)
2019-10-06 12:19:26,212 [pool-719-thread-1] INFO  server.RaftServerConfigKeys (ConfUtils.java:logGet(43)) - raft.server.log.queue.element-limit = 1024 (custom)
2019-10-06 12:19:26,212 [pool-719-thread-1] INFO  server.RaftServerConfigKeys (ConfUtils.java:logGet(43)) - raft.server.log.segment.size.max = 1048576 (custom)
2019-10-06 12:19:26,215 [pool-719-thread-1] INFO  server.RaftServerConfigKeys (ConfUtils.java:logGet(43)) - raft.server.log.preallocated.size = 16384 (custom)
2019-10-06 12:19:26,215 [pool-719-thread-1] INFO  server.RaftServerConfigKeys (ConfUtils.java:logGet(43)) - raft.server.log.write.buffer.size = 33554432 (custom)
2019-10-06 12:19:26,215 [pool-729-thread-1] INFO  server.RaftServerConfigKeys (ConfUtils.java:logGet(43)) - raft.server.log.segment.cache.num.max = 2 (custom)
2019-10-06 12:19:26,215 [pool-719-thread-1] INFO  server.RaftServerConfigKeys (ConfUtils.java:logGet(43)) - raft.server.log.force.sync.num = 128 (default)
2019-10-06 12:19:26,215 [pool-729-thread-1] INFO  segmented.SegmentedRaftLogWorker (SegmentedRaftLogWorker.java:<init>(173)) - new b013f667-9a6f-4b01-9f03-c88d83699582@group-33D70C1D47B9-SegmentedRaftLogWorker for RaftStorage:Storage Directory /workdir/hadoop-ozone/integration-test/target/test-dir/MiniOzoneClusterImpl-cc38ce88-594d-4b3c-9c11-37372e9ad5cb/datanode-5/data/ratis/5a3f3eac-b613-4920-8bb6-33d70c1d47b9
2019-10-06 12:19:26,215 [pool-719-thread-1] INFO  server.RaftServerConfigKeys (ConfUtils.java:logGet(43)) - raft.server.log.statemachine.data.sync = true (default)
2019-10-06 12:19:26,216 [pool-729-thread-1] INFO  server.RaftServerConfigKeys (ConfUtils.java:logGet(43)) - raft.server.log.queue.byte-limit = 2147483647 (custom)
2019-10-06 12:19:26,216 [pool-699-thread-1] INFO  impl.RaftServerImpl (RaftServerImpl.java:start(181)) - f97a78fd-c270-4ae8-91a2-4c85a080f332@group-33D70C1D47B9: start as a follower, conf=-1: [a03b9670-69e9-4494-8224-9b06463abc23:192.168.30.17:43258, f97a78fd-c270-4ae8-91a2-4c85a080f332:192.168.30.17:40658, b013f667-9a6f-4b01-9f03-c88d83699582:192.168.30.17:34406], old=null
2019-10-06 12:19:26,216 [pool-719-thread-1] INFO  server.RaftServerConfigKeys (ConfUtils.java:logGet(43)) - raft.server.log.statemachine.data.sync.timeout = 10s (default)
2019-10-06 12:19:26,216 [pool-699-thread-1] INFO  impl.RaftServerImpl (RaftServerImpl.java:setRole(170)) - f97a78fd-c270-4ae8-91a2-4c85a080f332@group-33D70C1D47B9: changes role from      null to FOLLOWER at term 0 for startAsFollower
2019-10-06 12:19:26,216 [pool-729-thread-1] INFO  server.RaftServerConfigKeys (ConfUtils.java:logGet(43)) - raft.server.log.queue.element-limit = 1024 (custom)
2019-10-06 12:19:26,216 [pool-699-thread-1] INFO  impl.RoleInfo (RoleInfo.java:updateAndGet(143)) - f97a78fd-c270-4ae8-91a2-4c85a080f332: start FollowerState
2019-10-06 12:19:26,216 [pool-719-thread-1] INFO  server.RaftServerConfigKeys (ConfUtils.java:logGet(43)) - raft.server.log.statemachine.data.sync.timeout.retry = -1 (default)
2019-10-06 12:19:26,217 [pool-729-thread-1] INFO  server.RaftServerConfigKeys (ConfUtils.java:logGet(43)) - raft.server.log.segment.size.max = 1048576 (custom)
2019-10-06 12:19:26,217 [pool-699-thread-1] INFO  util.JmxRegister (JmxRegister.java:tryRegister(44)) - Successfully registered JMX Bean with object name Ratis:service=RaftServer,group=group-33D70C1D47B9,id=f97a78fd-c270-4ae8-91a2-4c85a080f332
2019-10-06 12:19:26,217 [pool-719-thread-1] INFO  server.RaftServerConfigKeys (ConfUtils.java:logGet(43)) - raft.server.log.statemachine.data.caching.enabled = true (custom)
2019-10-06 12:19:26,217 [pool-729-thread-1] INFO  server.RaftServerConfigKeys (ConfUtils.java:logGet(43)) - raft.server.log.preallocated.size = 16384 (custom)
2019-10-06 12:19:26,217 [main] INFO  rpc.RpcClient (RpcClient.java:createVolume(277)) - Creating Volume: testblockoutputstream, with jenkins1000 as owner.
2019-10-06 12:19:26,217 [pool-719-thread-1] INFO  segmented.SegmentedRaftLogWorker (SegmentedRaftLogWorker.java:lambda$new$0(128)) - a03b9670-69e9-4494-8224-9b06463abc23@group-33D70C1D47B9-SegmentedRaftLogWorker: flushIndex: setUnconditionally 0 -> -1
2019-10-06 12:19:26,217 [pool-729-thread-1] INFO  server.RaftServerConfigKeys (ConfUtils.java:logGet(43)) - raft.server.log.write.buffer.size = 33554432 (custom)
2019-10-06 12:19:26,218 [pool-729-thread-1] INFO  server.RaftServerConfigKeys (ConfUtils.java:logGet(43)) - raft.server.log.force.sync.num = 128 (default)
2019-10-06 12:19:26,218 [pool-719-thread-1] INFO  server.RaftServerConfigKeys (ConfUtils.java:logGet(43)) - raft.server.snapshot.auto.trigger.enabled = true (custom)
2019-10-06 12:19:26,218 [pool-729-thread-1] INFO  server.RaftServerConfigKeys (ConfUtils.java:logGet(43)) - raft.server.log.statemachine.data.sync = true (default)
2019-10-06 12:19:26,218 [pool-719-thread-1] INFO  server.RaftServerConfigKeys (ConfUtils.java:logGet(43)) - raft.server.snapshot.auto.trigger.threshold = 10000 (custom)
2019-10-06 12:19:26,219 [pool-729-thread-1] INFO  server.RaftServerConfigKeys (ConfUtils.java:logGet(43)) - raft.server.log.statemachine.data.sync.timeout = 10s (default)
2019-10-06 12:19:26,219 [pool-719-thread-1] INFO  server.RaftServerConfigKeys (ConfUtils.java:logGet(43)) - raft.server.snapshot.retention.file.num = 5 (custom)
2019-10-06 12:19:26,219 [pool-729-thread-1] INFO  server.RaftServerConfigKeys (ConfUtils.java:logGet(43)) - raft.server.log.statemachine.data.sync.timeout.retry = -1 (default)
2019-10-06 12:19:26,219 [pool-719-thread-1] INFO  server.RaftServerConfigKeys (ConfUtils.java:logGet(43)) - raft.server.retrycache.expirytime = 600000ms (custom)
2019-10-06 12:19:26,219 [pool-729-thread-1] INFO  server.RaftServerConfigKeys (ConfUtils.java:logGet(43)) - raft.server.log.statemachine.data.caching.enabled = true (custom)
2019-10-06 12:19:26,220 [pool-729-thread-1] INFO  segmented.SegmentedRaftLogWorker (SegmentedRaftLogWorker.java:lambda$new$0(128)) - b013f667-9a6f-4b01-9f03-c88d83699582@group-33D70C1D47B9-SegmentedRaftLogWorker: flushIndex: setUnconditionally 0 -> -1
2019-10-06 12:19:26,220 [pool-729-thread-1] INFO  server.RaftServerConfigKeys (ConfUtils.java:logGet(43)) - raft.server.snapshot.auto.trigger.enabled = true (custom)
2019-10-06 12:19:26,220 [pool-729-thread-1] INFO  server.RaftServerConfigKeys (ConfUtils.java:logGet(43)) - raft.server.snapshot.auto.trigger.threshold = 10000 (custom)
2019-10-06 12:19:26,220 [pool-729-thread-1] INFO  server.RaftServerConfigKeys (ConfUtils.java:logGet(43)) - raft.server.snapshot.retention.file.num = 5 (custom)
2019-10-06 12:19:26,220 [pool-729-thread-1] INFO  server.RaftServerConfigKeys (ConfUtils.java:logGet(43)) - raft.server.retrycache.expirytime = 600000ms (custom)
2019-10-06 12:19:26,221 [IPC Server handler 3 on 33353] INFO  volume.OMVolumeCreateRequest (OMVolumeCreateRequest.java:validateAndUpdateCache(193)) - created volume:testblockoutputstream for user:jenkins1000
2019-10-06 12:19:26,221 [pool-719-thread-1] INFO  impl.RaftServerImpl (RaftServerImpl.java:start(181)) - a03b9670-69e9-4494-8224-9b06463abc23@group-33D70C1D47B9: start as a follower, conf=-1: [a03b9670-69e9-4494-8224-9b06463abc23:192.168.30.17:43258, f97a78fd-c270-4ae8-91a2-4c85a080f332:192.168.30.17:40658, b013f667-9a6f-4b01-9f03-c88d83699582:192.168.30.17:34406], old=null
2019-10-06 12:19:26,221 [pool-719-thread-1] INFO  impl.RaftServerImpl (RaftServerImpl.java:setRole(170)) - a03b9670-69e9-4494-8224-9b06463abc23@group-33D70C1D47B9: changes role from      null to FOLLOWER at term 0 for startAsFollower
2019-10-06 12:19:26,221 [pool-719-thread-1] INFO  impl.RoleInfo (RoleInfo.java:updateAndGet(143)) - a03b9670-69e9-4494-8224-9b06463abc23: start FollowerState
2019-10-06 12:19:26,222 [pool-719-thread-1] INFO  util.JmxRegister (JmxRegister.java:tryRegister(44)) - Successfully registered JMX Bean with object name Ratis:service=RaftServer,group=group-33D70C1D47B9,id=a03b9670-69e9-4494-8224-9b06463abc23
2019-10-06 12:19:26,222 [pool-729-thread-1] INFO  impl.RaftServerImpl (RaftServerImpl.java:start(181)) - b013f667-9a6f-4b01-9f03-c88d83699582@group-33D70C1D47B9: start as a follower, conf=-1: [a03b9670-69e9-4494-8224-9b06463abc23:192.168.30.17:43258, f97a78fd-c270-4ae8-91a2-4c85a080f332:192.168.30.17:40658, b013f667-9a6f-4b01-9f03-c88d83699582:192.168.30.17:34406], old=null
2019-10-06 12:19:26,222 [pool-729-thread-1] INFO  impl.RaftServerImpl (RaftServerImpl.java:setRole(170)) - b013f667-9a6f-4b01-9f03-c88d83699582@group-33D70C1D47B9: changes role from      null to FOLLOWER at term 0 for startAsFollower
2019-10-06 12:19:26,222 [pool-729-thread-1] INFO  impl.RoleInfo (RoleInfo.java:updateAndGet(143)) - b013f667-9a6f-4b01-9f03-c88d83699582: start FollowerState
2019-10-06 12:19:26,223 [pool-729-thread-1] INFO  util.JmxRegister (JmxRegister.java:tryRegister(44)) - Successfully registered JMX Bean with object name Ratis:service=RaftServer,group=group-33D70C1D47B9,id=b013f667-9a6f-4b01-9f03-c88d83699582
2019-10-06 12:19:26,241 [main] INFO  rpc.RpcClient (RpcClient.java:createBucket(416)) - Creating Bucket: testblockoutputstream/testblockoutputstream, with Versioning false and Storage Type set to DISK and Encryption set to false 
2019-10-06 12:19:26,243 [RatisPipelineUtilsThread] INFO  pipeline.PipelineStateManager (PipelineStateManager.java:addPipeline(56)) - Created pipeline Pipeline[ Id: 5a3f3eac-b613-4920-8bb6-33d70c1d47b9, Nodes: f97a78fd-c270-4ae8-91a2-4c85a080f332{ip: 192.168.30.17, host: ozone-build-dev-sjjt9-54166716, networkLocation: /default-rack, certSerialId: null}a03b9670-69e9-4494-8224-9b06463abc23{ip: 192.168.30.17, host: ozone-build-dev-sjjt9-54166716, networkLocation: /default-rack, certSerialId: null}b013f667-9a6f-4b01-9f03-c88d83699582{ip: 192.168.30.17, host: ozone-build-dev-sjjt9-54166716, networkLocation: /default-rack, certSerialId: null}, Type:RATIS, Factor:THREE, State:OPEN]
2019-10-06 12:19:26,258 [grpc-default-executor-12] INFO  impl.RaftServerProxy (RaftServerProxy.java:addNew(89)) - b16739f0-2a40-4eaa-b1ff-69d23b3e636e: addNew group-825684D36467:[b16739f0-2a40-4eaa-b1ff-69d23b3e636e:192.168.30.17:42444] returns group-825684D36467:java.util.concurrent.CompletableFuture@6b8cee0a[Not completed]
2019-10-06 12:19:26,259 [pool-739-thread-1] INFO  impl.RaftServerImpl (RaftServerImpl.java:<init>(95)) - b16739f0-2a40-4eaa-b1ff-69d23b3e636e: new RaftServerImpl for group-825684D36467:[b16739f0-2a40-4eaa-b1ff-69d23b3e636e:192.168.30.17:42444] with ContainerStateMachine:uninitialized
2019-10-06 12:19:26,261 [pool-739-thread-1] INFO  server.RaftServerConfigKeys (ConfUtils.java:logGet(43)) - raft.server.rpc.timeout.min = 5s (custom)
2019-10-06 12:19:26,261 [pool-739-thread-1] INFO  server.RaftServerConfigKeys (ConfUtils.java:logGet(43)) - raft.server.rpc.timeout.max = 5200ms (custom)
2019-10-06 12:19:26,262 [pool-739-thread-1] INFO  server.RaftServerConfigKeys (ConfUtils.java:logGet(43)) - raft.server.rpcslowness.timeout = 120s (custom)
2019-10-06 12:19:26,262 [pool-739-thread-1] INFO  server.RaftServerConfigKeys (ConfUtils.java:logGet(43)) - raft.server.sleep.deviation.threshold = 300 (default)
2019-10-06 12:19:26,262 [pool-739-thread-1] INFO  server.RaftServerConfigKeys (ConfUtils.java:logGet(43)) - raft.server.log.appender.install.snapshot.enabled = false (custom)
2019-10-06 12:19:26,262 [pool-739-thread-1] INFO  impl.RaftServerImpl (ServerState.java:<init>(103)) - b16739f0-2a40-4eaa-b1ff-69d23b3e636e@group-825684D36467: ConfigurationManager, init=-1: [b16739f0-2a40-4eaa-b1ff-69d23b3e636e:192.168.30.17:42444], old=null, confs=<EMPTY_MAP>
2019-10-06 12:19:26,262 [pool-739-thread-1] INFO  server.RaftServerConfigKeys (ConfUtils.java:logGet(43)) - raft.server.storage.dir = [/workdir/hadoop-ozone/integration-test/target/test-dir/MiniOzoneClusterImpl-cc38ce88-594d-4b3c-9c11-37372e9ad5cb/datanode-6/data/ratis] (custom)
2019-10-06 12:19:26,262 [pool-739-thread-1] INFO  server.RaftServerConfigKeys (ConfUtils.java:logGet(43)) - raft.server.log.corruption.policy = EXCEPTION (default)
2019-10-06 12:19:26,262 [pool-739-thread-1] INFO  storage.RaftStorageDirectory (RaftStorageDirectory.java:analyzeStorage(246)) - The storage directory /workdir/hadoop-ozone/integration-test/target/test-dir/MiniOzoneClusterImpl-cc38ce88-594d-4b3c-9c11-37372e9ad5cb/datanode-6/data/ratis/f8666b4a-995b-4bee-bf85-825684d36467 does not exist. Creating ...
2019-10-06 12:19:26,275 [pool-739-thread-1] INFO  storage.RaftStorageDirectory (RaftStorageDirectory.java:tryLock(328)) - Lock on /workdir/hadoop-ozone/integration-test/target/test-dir/MiniOzoneClusterImpl-cc38ce88-594d-4b3c-9c11-37372e9ad5cb/datanode-6/data/ratis/f8666b4a-995b-4bee-bf85-825684d36467/in_use.lock acquired by nodename 24262@ozone-build-dev-sjjt9-54166716
2019-10-06 12:19:26,288 [pool-739-thread-1] INFO  storage.RaftStorage (RaftStorage.java:format(84)) - Storage directory /workdir/hadoop-ozone/integration-test/target/test-dir/MiniOzoneClusterImpl-cc38ce88-594d-4b3c-9c11-37372e9ad5cb/datanode-6/data/ratis/f8666b4a-995b-4bee-bf85-825684d36467 has been successfully formatted.
2019-10-06 12:19:26,288 [pool-739-thread-1] INFO  ratis.ContainerStateMachine (ContainerStateMachine.java:loadSnapshot(230)) - group-825684D36467: The snapshot info is null. Setting the last applied indexto:(t:0, i:~)
2019-10-06 12:19:26,288 [pool-739-thread-1] INFO  server.RaftServerConfigKeys (ConfUtils.java:logGet(43)) - raft.server.notification.no-leader.timeout = 120s (custom)
2019-10-06 12:19:26,288 [pool-739-thread-1] INFO  server.RaftServerConfigKeys (ConfUtils.java:logGet(43)) - raft.server.log.use.memory = false (default)
2019-10-06 12:19:26,288 [pool-739-thread-1] INFO  server.RaftServerConfigKeys (ConfUtils.java:logGet(43)) - raft.server.log.purge.gap = 1000000 (custom)
2019-10-06 12:19:26,288 [pool-739-thread-1] INFO  server.RaftServerConfigKeys (ConfUtils.java:logGet(43)) - raft.server.log.appender.buffer.byte-limit = 33554432 (custom)
2019-10-06 12:19:26,289 [pool-739-thread-1] INFO  server.RaftServerConfigKeys (ConfUtils.java:logGet(43)) - raft.server.log.segment.size.max = 1048576 (custom)
2019-10-06 12:19:26,290 [pool-739-thread-1] INFO  server.RaftServerConfigKeys (ConfUtils.java:logGet(43)) - raft.server.log.segment.cache.num.max = 2 (custom)
2019-10-06 12:19:26,290 [pool-739-thread-1] INFO  segmented.SegmentedRaftLogWorker (SegmentedRaftLogWorker.java:<init>(173)) - new b16739f0-2a40-4eaa-b1ff-69d23b3e636e@group-825684D36467-SegmentedRaftLogWorker for RaftStorage:Storage Directory /workdir/hadoop-ozone/integration-test/target/test-dir/MiniOzoneClusterImpl-cc38ce88-594d-4b3c-9c11-37372e9ad5cb/datanode-6/data/ratis/f8666b4a-995b-4bee-bf85-825684d36467
2019-10-06 12:19:26,290 [pool-739-thread-1] INFO  server.RaftServerConfigKeys (ConfUtils.java:logGet(43)) - raft.server.log.queue.byte-limit = 2147483647 (custom)
2019-10-06 12:19:26,290 [pool-739-thread-1] INFO  server.RaftServerConfigKeys (ConfUtils.java:logGet(43)) - raft.server.log.queue.element-limit = 1024 (custom)
2019-10-06 12:19:26,290 [pool-739-thread-1] INFO  server.RaftServerConfigKeys (ConfUtils.java:logGet(43)) - raft.server.log.segment.size.max = 1048576 (custom)
2019-10-06 12:19:26,290 [pool-739-thread-1] INFO  server.RaftServerConfigKeys (ConfUtils.java:logGet(43)) - raft.server.log.preallocated.size = 16384 (custom)
2019-10-06 12:19:26,291 [pool-739-thread-1] INFO  server.RaftServerConfigKeys (ConfUtils.java:logGet(43)) - raft.server.log.write.buffer.size = 33554432 (custom)
2019-10-06 12:19:26,291 [pool-739-thread-1] INFO  server.RaftServerConfigKeys (ConfUtils.java:logGet(43)) - raft.server.log.force.sync.num = 128 (default)
2019-10-06 12:19:26,291 [pool-739-thread-1] INFO  server.RaftServerConfigKeys (ConfUtils.java:logGet(43)) - raft.server.log.statemachine.data.sync = true (default)
2019-10-06 12:19:26,291 [pool-739-thread-1] INFO  server.RaftServerConfigKeys (ConfUtils.java:logGet(43)) - raft.server.log.statemachine.data.sync.timeout = 10s (default)
2019-10-06 12:19:26,291 [pool-739-thread-1] INFO  server.RaftServerConfigKeys (ConfUtils.java:logGet(43)) - raft.server.log.statemachine.data.sync.timeout.retry = -1 (default)
2019-10-06 12:19:26,291 [pool-739-thread-1] INFO  server.RaftServerConfigKeys (ConfUtils.java:logGet(43)) - raft.server.log.statemachine.data.caching.enabled = true (custom)
2019-10-06 12:19:26,291 [pool-739-thread-1] INFO  segmented.SegmentedRaftLogWorker (SegmentedRaftLogWorker.java:lambda$new$0(128)) - b16739f0-2a40-4eaa-b1ff-69d23b3e636e@group-825684D36467-SegmentedRaftLogWorker: flushIndex: setUnconditionally 0 -> -1
2019-10-06 12:19:26,292 [pool-739-thread-1] INFO  server.RaftServerConfigKeys (ConfUtils.java:logGet(43)) - raft.server.snapshot.auto.trigger.enabled = true (custom)
2019-10-06 12:19:26,292 [pool-739-thread-1] INFO  server.RaftServerConfigKeys (ConfUtils.java:logGet(43)) - raft.server.snapshot.auto.trigger.threshold = 10000 (custom)
2019-10-06 12:19:26,292 [pool-739-thread-1] INFO  server.RaftServerConfigKeys (ConfUtils.java:logGet(43)) - raft.server.snapshot.retention.file.num = 5 (custom)
2019-10-06 12:19:26,292 [pool-739-thread-1] INFO  server.RaftServerConfigKeys (ConfUtils.java:logGet(43)) - raft.server.retrycache.expirytime = 600000ms (custom)
2019-10-06 12:19:26,293 [pool-739-thread-1] INFO  impl.RaftServerImpl (RaftServerImpl.java:start(181)) - b16739f0-2a40-4eaa-b1ff-69d23b3e636e@group-825684D36467: start as a follower, conf=-1: [b16739f0-2a40-4eaa-b1ff-69d23b3e636e:192.168.30.17:42444], old=null
2019-10-06 12:19:26,294 [pool-739-thread-1] INFO  impl.RaftServerImpl (RaftServerImpl.java:setRole(170)) - b16739f0-2a40-4eaa-b1ff-69d23b3e636e@group-825684D36467: changes role from      null to FOLLOWER at term 0 for startAsFollower
2019-10-06 12:19:26,294 [pool-739-thread-1] INFO  impl.RoleInfo (RoleInfo.java:updateAndGet(143)) - b16739f0-2a40-4eaa-b1ff-69d23b3e636e: start FollowerState
2019-10-06 12:19:26,294 [pool-739-thread-1] INFO  util.JmxRegister (JmxRegister.java:tryRegister(44)) - Successfully registered JMX Bean with object name Ratis:service=RaftServer,group=group-825684D36467,id=b16739f0-2a40-4eaa-b1ff-69d23b3e636e
2019-10-06 12:19:26,297 [RatisPipelineUtilsThread] INFO  pipeline.PipelineStateManager (PipelineStateManager.java:addPipeline(56)) - Created pipeline Pipeline[ Id: f8666b4a-995b-4bee-bf85-825684d36467, Nodes: b16739f0-2a40-4eaa-b1ff-69d23b3e636e{ip: 192.168.30.17, host: ozone-build-dev-sjjt9-54166716, networkLocation: /default-rack, certSerialId: null}, Type:RATIS, Factor:ONE, State:OPEN]
2019-10-06 12:19:26,305 [grpc-default-executor-12] INFO  impl.RaftServerProxy (RaftServerProxy.java:addNew(89)) - a03b9670-69e9-4494-8224-9b06463abc23: addNew group-5964BDF7D213:[a03b9670-69e9-4494-8224-9b06463abc23:192.168.30.17:43258] returns group-5964BDF7D213:java.util.concurrent.CompletableFuture@4944368e[Not completed]
2019-10-06 12:19:26,306 [pool-719-thread-1] INFO  impl.RaftServerImpl (RaftServerImpl.java:<init>(95)) - a03b9670-69e9-4494-8224-9b06463abc23: new RaftServerImpl for group-5964BDF7D213:[a03b9670-69e9-4494-8224-9b06463abc23:192.168.30.17:43258] with ContainerStateMachine:uninitialized
2019-10-06 12:19:26,306 [pool-719-thread-1] INFO  server.RaftServerConfigKeys (ConfUtils.java:logGet(43)) - raft.server.rpc.timeout.min = 5s (custom)
2019-10-06 12:19:26,306 [pool-719-thread-1] INFO  server.RaftServerConfigKeys (ConfUtils.java:logGet(43)) - raft.server.rpc.timeout.max = 5200ms (custom)
2019-10-06 12:19:26,306 [pool-719-thread-1] INFO  server.RaftServerConfigKeys (ConfUtils.java:logGet(43)) - raft.server.rpcslowness.timeout = 120s (custom)
2019-10-06 12:19:26,307 [pool-719-thread-1] INFO  server.RaftServerConfigKeys (ConfUtils.java:logGet(43)) - raft.server.sleep.deviation.threshold = 300 (default)
2019-10-06 12:19:26,307 [pool-719-thread-1] INFO  server.RaftServerConfigKeys (ConfUtils.java:logGet(43)) - raft.server.log.appender.install.snapshot.enabled = false (custom)
2019-10-06 12:19:26,307 [pool-719-thread-1] INFO  impl.RaftServerImpl (ServerState.java:<init>(103)) - a03b9670-69e9-4494-8224-9b06463abc23@group-5964BDF7D213: ConfigurationManager, init=-1: [a03b9670-69e9-4494-8224-9b06463abc23:192.168.30.17:43258], old=null, confs=<EMPTY_MAP>
2019-10-06 12:19:26,307 [pool-719-thread-1] INFO  server.RaftServerConfigKeys (ConfUtils.java:logGet(43)) - raft.server.storage.dir = [/workdir/hadoop-ozone/integration-test/target/test-dir/MiniOzoneClusterImpl-cc38ce88-594d-4b3c-9c11-37372e9ad5cb/datanode-4/data/ratis] (custom)
2019-10-06 12:19:26,307 [pool-719-thread-1] INFO  server.RaftServerConfigKeys (ConfUtils.java:logGet(43)) - raft.server.log.corruption.policy = EXCEPTION (default)
2019-10-06 12:19:26,308 [pool-719-thread-1] INFO  storage.RaftStorageDirectory (RaftStorageDirectory.java:analyzeStorage(246)) - The storage directory /workdir/hadoop-ozone/integration-test/target/test-dir/MiniOzoneClusterImpl-cc38ce88-594d-4b3c-9c11-37372e9ad5cb/datanode-4/data/ratis/359a3c89-de56-4022-a181-5964bdf7d213 does not exist. Creating ...
2019-10-06 12:19:26,328 [pool-719-thread-1] INFO  storage.RaftStorageDirectory (RaftStorageDirectory.java:tryLock(328)) - Lock on /workdir/hadoop-ozone/integration-test/target/test-dir/MiniOzoneClusterImpl-cc38ce88-594d-4b3c-9c11-37372e9ad5cb/datanode-4/data/ratis/359a3c89-de56-4022-a181-5964bdf7d213/in_use.lock acquired by nodename 24262@ozone-build-dev-sjjt9-54166716
2019-10-06 12:19:26,343 [pool-719-thread-1] INFO  storage.RaftStorage (RaftStorage.java:format(84)) - Storage directory /workdir/hadoop-ozone/integration-test/target/test-dir/MiniOzoneClusterImpl-cc38ce88-594d-4b3c-9c11-37372e9ad5cb/datanode-4/data/ratis/359a3c89-de56-4022-a181-5964bdf7d213 has been successfully formatted.
2019-10-06 12:19:26,343 [pool-719-thread-1] INFO  ratis.ContainerStateMachine (ContainerStateMachine.java:loadSnapshot(230)) - group-5964BDF7D213: The snapshot info is null. Setting the last applied indexto:(t:0, i:~)
2019-10-06 12:19:26,343 [pool-719-thread-1] INFO  server.RaftServerConfigKeys (ConfUtils.java:logGet(43)) - raft.server.notification.no-leader.timeout = 120s (custom)
2019-10-06 12:19:26,343 [pool-719-thread-1] INFO  server.RaftServerConfigKeys (ConfUtils.java:logGet(43)) - raft.server.log.use.memory = false (default)
2019-10-06 12:19:26,344 [pool-719-thread-1] INFO  server.RaftServerConfigKeys (ConfUtils.java:logGet(43)) - raft.server.log.purge.gap = 1000000 (custom)
2019-10-06 12:19:26,344 [pool-719-thread-1] INFO  server.RaftServerConfigKeys (ConfUtils.java:logGet(43)) - raft.server.log.appender.buffer.byte-limit = 33554432 (custom)
2019-10-06 12:19:26,344 [pool-719-thread-1] INFO  server.RaftServerConfigKeys (ConfUtils.java:logGet(43)) - raft.server.log.segment.size.max = 1048576 (custom)
2019-10-06 12:19:26,344 [pool-719-thread-1] INFO  server.RaftServerConfigKeys (ConfUtils.java:logGet(43)) - raft.server.log.segment.cache.num.max = 2 (custom)
2019-10-06 12:19:26,344 [pool-719-thread-1] INFO  segmented.SegmentedRaftLogWorker (SegmentedRaftLogWorker.java:<init>(173)) - new a03b9670-69e9-4494-8224-9b06463abc23@group-5964BDF7D213-SegmentedRaftLogWorker for RaftStorage:Storage Directory /workdir/hadoop-ozone/integration-test/target/test-dir/MiniOzoneClusterImpl-cc38ce88-594d-4b3c-9c11-37372e9ad5cb/datanode-4/data/ratis/359a3c89-de56-4022-a181-5964bdf7d213
2019-10-06 12:19:26,344 [pool-719-thread-1] INFO  server.RaftServerConfigKeys (ConfUtils.java:logGet(43)) - raft.server.log.queue.byte-limit = 2147483647 (custom)
2019-10-06 12:19:26,344 [pool-719-thread-1] INFO  server.RaftServerConfigKeys (ConfUtils.java:logGet(43)) - raft.server.log.queue.element-limit = 1024 (custom)
2019-10-06 12:19:26,344 [pool-719-thread-1] INFO  server.RaftServerConfigKeys (ConfUtils.java:logGet(43)) - raft.server.log.segment.size.max = 1048576 (custom)
2019-10-06 12:19:26,345 [pool-719-thread-1] INFO  server.RaftServerConfigKeys (ConfUtils.java:logGet(43)) - raft.server.log.preallocated.size = 16384 (custom)
2019-10-06 12:19:26,345 [pool-719-thread-1] INFO  server.RaftServerConfigKeys (ConfUtils.java:logGet(43)) - raft.server.log.write.buffer.size = 33554432 (custom)
2019-10-06 12:19:26,345 [pool-719-thread-1] INFO  server.RaftServerConfigKeys (ConfUtils.java:logGet(43)) - raft.server.log.force.sync.num = 128 (default)
2019-10-06 12:19:26,345 [pool-719-thread-1] INFO  server.RaftServerConfigKeys (ConfUtils.java:logGet(43)) - raft.server.log.statemachine.data.sync = true (default)
2019-10-06 12:19:26,345 [pool-719-thread-1] INFO  server.RaftServerConfigKeys (ConfUtils.java:logGet(43)) - raft.server.log.statemachine.data.sync.timeout = 10s (default)
2019-10-06 12:19:26,345 [pool-719-thread-1] INFO  server.RaftServerConfigKeys (ConfUtils.java:logGet(43)) - raft.server.log.statemachine.data.sync.timeout.retry = -1 (default)
2019-10-06 12:19:26,345 [pool-719-thread-1] INFO  server.RaftServerConfigKeys (ConfUtils.java:logGet(43)) - raft.server.log.statemachine.data.caching.enabled = true (custom)
2019-10-06 12:19:26,346 [pool-719-thread-1] INFO  segmented.SegmentedRaftLogWorker (SegmentedRaftLogWorker.java:lambda$new$0(128)) - a03b9670-69e9-4494-8224-9b06463abc23@group-5964BDF7D213-SegmentedRaftLogWorker: flushIndex: setUnconditionally 0 -> -1
2019-10-06 12:19:26,346 [pool-719-thread-1] INFO  server.RaftServerConfigKeys (ConfUtils.java:logGet(43)) - raft.server.snapshot.auto.trigger.enabled = true (custom)
2019-10-06 12:19:26,346 [pool-719-thread-1] INFO  server.RaftServerConfigKeys (ConfUtils.java:logGet(43)) - raft.server.snapshot.auto.trigger.threshold = 10000 (custom)
2019-10-06 12:19:26,346 [pool-719-thread-1] INFO  server.RaftServerConfigKeys (ConfUtils.java:logGet(43)) - raft.server.snapshot.retention.file.num = 5 (custom)
2019-10-06 12:19:26,346 [pool-719-thread-1] INFO  server.RaftServerConfigKeys (ConfUtils.java:logGet(43)) - raft.server.retrycache.expirytime = 600000ms (custom)
2019-10-06 12:19:26,348 [pool-719-thread-1] INFO  impl.RaftServerImpl (RaftServerImpl.java:start(181)) - a03b9670-69e9-4494-8224-9b06463abc23@group-5964BDF7D213: start as a follower, conf=-1: [a03b9670-69e9-4494-8224-9b06463abc23:192.168.30.17:43258], old=null
2019-10-06 12:19:26,348 [pool-719-thread-1] INFO  impl.RaftServerImpl (RaftServerImpl.java:setRole(170)) - a03b9670-69e9-4494-8224-9b06463abc23@group-5964BDF7D213: changes role from      null to FOLLOWER at term 0 for startAsFollower
2019-10-06 12:19:26,348 [pool-719-thread-1] INFO  impl.RoleInfo (RoleInfo.java:updateAndGet(143)) - a03b9670-69e9-4494-8224-9b06463abc23: start FollowerState
2019-10-06 12:19:26,349 [pool-719-thread-1] INFO  util.JmxRegister (JmxRegister.java:tryRegister(44)) - Successfully registered JMX Bean with object name Ratis:service=RaftServer,group=group-5964BDF7D213,id=a03b9670-69e9-4494-8224-9b06463abc23
2019-10-06 12:19:26,352 [RatisPipelineUtilsThread] INFO  pipeline.PipelineStateManager (PipelineStateManager.java:addPipeline(56)) - Created pipeline Pipeline[ Id: 359a3c89-de56-4022-a181-5964bdf7d213, Nodes: a03b9670-69e9-4494-8224-9b06463abc23{ip: 192.168.30.17, host: ozone-build-dev-sjjt9-54166716, networkLocation: /default-rack, certSerialId: null}, Type:RATIS, Factor:ONE, State:OPEN]
2019-10-06 12:19:26,355 [grpc-default-executor-12] INFO  impl.RaftServerProxy (RaftServerProxy.java:addNew(89)) - b013f667-9a6f-4b01-9f03-c88d83699582: addNew group-A40D927D49E4:[b013f667-9a6f-4b01-9f03-c88d83699582:192.168.30.17:34406] returns group-A40D927D49E4:java.util.concurrent.CompletableFuture@4cbda0da[Not completed]
2019-10-06 12:19:26,356 [pool-729-thread-1] INFO  impl.RaftServerImpl (RaftServerImpl.java:<init>(95)) - b013f667-9a6f-4b01-9f03-c88d83699582: new RaftServerImpl for group-A40D927D49E4:[b013f667-9a6f-4b01-9f03-c88d83699582:192.168.30.17:34406] with ContainerStateMachine:uninitialized
2019-10-06 12:19:26,357 [pool-729-thread-1] INFO  server.RaftServerConfigKeys (ConfUtils.java:logGet(43)) - raft.server.rpc.timeout.min = 5s (custom)
2019-10-06 12:19:26,357 [pool-729-thread-1] INFO  server.RaftServerConfigKeys (ConfUtils.java:logGet(43)) - raft.server.rpc.timeout.max = 5200ms (custom)
2019-10-06 12:19:26,357 [pool-729-thread-1] INFO  server.RaftServerConfigKeys (ConfUtils.java:logGet(43)) - raft.server.rpcslowness.timeout = 120s (custom)
2019-10-06 12:19:26,357 [pool-729-thread-1] INFO  server.RaftServerConfigKeys (ConfUtils.java:logGet(43)) - raft.server.sleep.deviation.threshold = 300 (default)
2019-10-06 12:19:26,357 [pool-729-thread-1] INFO  server.RaftServerConfigKeys (ConfUtils.java:logGet(43)) - raft.server.log.appender.install.snapshot.enabled = false (custom)
2019-10-06 12:19:26,357 [pool-729-thread-1] INFO  impl.RaftServerImpl (ServerState.java:<init>(103)) - b013f667-9a6f-4b01-9f03-c88d83699582@group-A40D927D49E4: ConfigurationManager, init=-1: [b013f667-9a6f-4b01-9f03-c88d83699582:192.168.30.17:34406], old=null, confs=<EMPTY_MAP>
2019-10-06 12:19:26,358 [pool-729-thread-1] INFO  server.RaftServerConfigKeys (ConfUtils.java:logGet(43)) - raft.server.storage.dir = [/workdir/hadoop-ozone/integration-test/target/test-dir/MiniOzoneClusterImpl-cc38ce88-594d-4b3c-9c11-37372e9ad5cb/datanode-5/data/ratis] (custom)
2019-10-06 12:19:26,358 [pool-729-thread-1] INFO  server.RaftServerConfigKeys (ConfUtils.java:logGet(43)) - raft.server.log.corruption.policy = EXCEPTION (default)
2019-10-06 12:19:26,358 [pool-729-thread-1] INFO  storage.RaftStorageDirectory (RaftStorageDirectory.java:analyzeStorage(246)) - The storage directory /workdir/hadoop-ozone/integration-test/target/test-dir/MiniOzoneClusterImpl-cc38ce88-594d-4b3c-9c11-37372e9ad5cb/datanode-5/data/ratis/6bfc473b-cc18-4da1-b9f3-a40d927d49e4 does not exist. Creating ...
2019-10-06 12:19:26,385 [pool-729-thread-1] INFO  storage.RaftStorageDirectory (RaftStorageDirectory.java:tryLock(328)) - Lock on /workdir/hadoop-ozone/integration-test/target/test-dir/MiniOzoneClusterImpl-cc38ce88-594d-4b3c-9c11-37372e9ad5cb/datanode-5/data/ratis/6bfc473b-cc18-4da1-b9f3-a40d927d49e4/in_use.lock acquired by nodename 24262@ozone-build-dev-sjjt9-54166716
2019-10-06 12:19:26,398 [pool-729-thread-1] INFO  storage.RaftStorage (RaftStorage.java:format(84)) - Storage directory /workdir/hadoop-ozone/integration-test/target/test-dir/MiniOzoneClusterImpl-cc38ce88-594d-4b3c-9c11-37372e9ad5cb/datanode-5/data/ratis/6bfc473b-cc18-4da1-b9f3-a40d927d49e4 has been successfully formatted.
2019-10-06 12:19:26,398 [pool-729-thread-1] INFO  ratis.ContainerStateMachine (ContainerStateMachine.java:loadSnapshot(230)) - group-A40D927D49E4: The snapshot info is null. Setting the last applied indexto:(t:0, i:~)
2019-10-06 12:19:26,398 [pool-729-thread-1] INFO  server.RaftServerConfigKeys (ConfUtils.java:logGet(43)) - raft.server.notification.no-leader.timeout = 120s (custom)
2019-10-06 12:19:26,398 [pool-729-thread-1] INFO  server.RaftServerConfigKeys (ConfUtils.java:logGet(43)) - raft.server.log.use.memory = false (default)
2019-10-06 12:19:26,399 [pool-729-thread-1] INFO  server.RaftServerConfigKeys (ConfUtils.java:logGet(43)) - raft.server.log.purge.gap = 1000000 (custom)
2019-10-06 12:19:26,399 [pool-729-thread-1] INFO  server.RaftServerConfigKeys (ConfUtils.java:logGet(43)) - raft.server.log.appender.buffer.byte-limit = 33554432 (custom)
2019-10-06 12:19:26,399 [pool-729-thread-1] INFO  server.RaftServerConfigKeys (ConfUtils.java:logGet(43)) - raft.server.log.segment.size.max = 1048576 (custom)
2019-10-06 12:19:26,399 [pool-729-thread-1] INFO  server.RaftServerConfigKeys (ConfUtils.java:logGet(43)) - raft.server.log.segment.cache.num.max = 2 (custom)
2019-10-06 12:19:26,399 [pool-729-thread-1] INFO  segmented.SegmentedRaftLogWorker (SegmentedRaftLogWorker.java:<init>(173)) - new b013f667-9a6f-4b01-9f03-c88d83699582@group-A40D927D49E4-SegmentedRaftLogWorker for RaftStorage:Storage Directory /workdir/hadoop-ozone/integration-test/target/test-dir/MiniOzoneClusterImpl-cc38ce88-594d-4b3c-9c11-37372e9ad5cb/datanode-5/data/ratis/6bfc473b-cc18-4da1-b9f3-a40d927d49e4
2019-10-06 12:19:26,399 [pool-729-thread-1] INFO  server.RaftServerConfigKeys (ConfUtils.java:logGet(43)) - raft.server.log.queue.byte-limit = 2147483647 (custom)
2019-10-06 12:19:26,399 [pool-729-thread-1] INFO  server.RaftServerConfigKeys (ConfUtils.java:logGet(43)) - raft.server.log.queue.element-limit = 1024 (custom)
2019-10-06 12:19:26,400 [pool-729-thread-1] INFO  server.RaftServerConfigKeys (ConfUtils.java:logGet(43)) - raft.server.log.segment.size.max = 1048576 (custom)
2019-10-06 12:19:26,400 [pool-729-thread-1] INFO  server.RaftServerConfigKeys (ConfUtils.java:logGet(43)) - raft.server.log.preallocated.size = 16384 (custom)
2019-10-06 12:19:26,400 [pool-729-thread-1] INFO  server.RaftServerConfigKeys (ConfUtils.java:logGet(43)) - raft.server.log.write.buffer.size = 33554432 (custom)
2019-10-06 12:19:26,400 [pool-729-thread-1] INFO  server.RaftServerConfigKeys (ConfUtils.java:logGet(43)) - raft.server.log.force.sync.num = 128 (default)
2019-10-06 12:19:26,400 [pool-729-thread-1] INFO  server.RaftServerConfigKeys (ConfUtils.java:logGet(43)) - raft.server.log.statemachine.data.sync = true (default)
2019-10-06 12:19:26,400 [pool-729-thread-1] INFO  server.RaftServerConfigKeys (ConfUtils.java:logGet(43)) - raft.server.log.statemachine.data.sync.timeout = 10s (default)
2019-10-06 12:19:26,400 [pool-729-thread-1] INFO  server.RaftServerConfigKeys (ConfUtils.java:logGet(43)) - raft.server.log.statemachine.data.sync.timeout.retry = -1 (default)
2019-10-06 12:19:26,401 [pool-729-thread-1] INFO  server.RaftServerConfigKeys (ConfUtils.java:logGet(43)) - raft.server.log.statemachine.data.caching.enabled = true (custom)
2019-10-06 12:19:26,401 [pool-729-thread-1] INFO  segmented.SegmentedRaftLogWorker (SegmentedRaftLogWorker.java:lambda$new$0(128)) - b013f667-9a6f-4b01-9f03-c88d83699582@group-A40D927D49E4-SegmentedRaftLogWorker: flushIndex: setUnconditionally 0 -> -1
2019-10-06 12:19:26,401 [pool-729-thread-1] INFO  server.RaftServerConfigKeys (ConfUtils.java:logGet(43)) - raft.server.snapshot.auto.trigger.enabled = true (custom)
2019-10-06 12:19:26,401 [pool-729-thread-1] INFO  server.RaftServerConfigKeys (ConfUtils.java:logGet(43)) - raft.server.snapshot.auto.trigger.threshold = 10000 (custom)
2019-10-06 12:19:26,402 [pool-729-thread-1] INFO  server.RaftServerConfigKeys (ConfUtils.java:logGet(43)) - raft.server.snapshot.retention.file.num = 5 (custom)
2019-10-06 12:19:26,402 [pool-729-thread-1] INFO  server.RaftServerConfigKeys (ConfUtils.java:logGet(43)) - raft.server.retrycache.expirytime = 600000ms (custom)
2019-10-06 12:19:26,403 [pool-729-thread-1] INFO  impl.RaftServerImpl (RaftServerImpl.java:start(181)) - b013f667-9a6f-4b01-9f03-c88d83699582@group-A40D927D49E4: start as a follower, conf=-1: [b013f667-9a6f-4b01-9f03-c88d83699582:192.168.30.17:34406], old=null
2019-10-06 12:19:26,404 [pool-729-thread-1] INFO  impl.RaftServerImpl (RaftServerImpl.java:setRole(170)) - b013f667-9a6f-4b01-9f03-c88d83699582@group-A40D927D49E4: changes role from      null to FOLLOWER at term 0 for startAsFollower
2019-10-06 12:19:26,404 [pool-729-thread-1] INFO  impl.RoleInfo (RoleInfo.java:updateAndGet(143)) - b013f667-9a6f-4b01-9f03-c88d83699582: start FollowerState
2019-10-06 12:19:26,404 [pool-729-thread-1] INFO  util.JmxRegister (JmxRegister.java:tryRegister(44)) - Successfully registered JMX Bean with object name Ratis:service=RaftServer,group=group-A40D927D49E4,id=b013f667-9a6f-4b01-9f03-c88d83699582
2019-10-06 12:19:26,407 [RatisPipelineUtilsThread] INFO  pipeline.PipelineStateManager (PipelineStateManager.java:addPipeline(56)) - Created pipeline Pipeline[ Id: 6bfc473b-cc18-4da1-b9f3-a40d927d49e4, Nodes: b013f667-9a6f-4b01-9f03-c88d83699582{ip: 192.168.30.17, host: ozone-build-dev-sjjt9-54166716, networkLocation: /default-rack, certSerialId: null}, Type:RATIS, Factor:ONE, State:OPEN]
2019-10-06 12:19:28,798 [Thread-4570] INFO  container.ReplicationManager (ReplicationManager.java:start(162)) - Starting Replication Monitor Thread.
2019-10-06 12:19:28,805 [ReplicationMonitor] INFO  container.ReplicationManager (ReplicationManager.java:run(225)) - Replication Monitor Thread took 1 milliseconds for processing 1 containers.
2019-10-06 12:19:30,885 [Thread-4572] INFO  impl.FollowerState (FollowerState.java:run(108)) - a64da041-3938-438c-85b5-761f02538d2b@group-1443AFA29A45-FollowerState: change to CANDIDATE, lastRpcTime:5028ms, electionTimeout:5028ms
2019-10-06 12:19:30,886 [Thread-4572] INFO  impl.RoleInfo (RoleInfo.java:shutdownFollowerState(121)) - a64da041-3938-438c-85b5-761f02538d2b: shutdown FollowerState
2019-10-06 12:19:30,886 [Thread-4572] INFO  impl.RaftServerImpl (RaftServerImpl.java:setRole(170)) - a64da041-3938-438c-85b5-761f02538d2b@group-1443AFA29A45: changes role from  FOLLOWER to CANDIDATE at term 0 for changeToCandidate
2019-10-06 12:19:30,886 [Thread-4572] INFO  impl.RoleInfo (RoleInfo.java:updateAndGet(143)) - a64da041-3938-438c-85b5-761f02538d2b: start LeaderElection
2019-10-06 12:19:30,924 [a64da041-3938-438c-85b5-761f02538d2b@group-1443AFA29A45-LeaderElection98] INFO  impl.LeaderElection (LeaderElection.java:askForVotes(178)) - a64da041-3938-438c-85b5-761f02538d2b@group-1443AFA29A45-LeaderElection98: begin an election at term 1 for -1: [a64da041-3938-438c-85b5-761f02538d2b:192.168.30.17:32978], old=null
2019-10-06 12:19:30,925 [a64da041-3938-438c-85b5-761f02538d2b@group-1443AFA29A45-LeaderElection98] INFO  impl.RoleInfo (RoleInfo.java:shutdownLeaderElection(134)) - a64da041-3938-438c-85b5-761f02538d2b: shutdown LeaderElection
2019-10-06 12:19:30,925 [a64da041-3938-438c-85b5-761f02538d2b@group-1443AFA29A45-LeaderElection98] INFO  impl.RaftServerImpl (RaftServerImpl.java:setRole(170)) - a64da041-3938-438c-85b5-761f02538d2b@group-1443AFA29A45: changes role from CANDIDATE to LEADER at term 1 for changeToLeader
2019-10-06 12:19:30,925 [a64da041-3938-438c-85b5-761f02538d2b@group-1443AFA29A45-LeaderElection98] INFO  impl.RaftServerImpl (ServerState.java:setLeader(255)) - a64da041-3938-438c-85b5-761f02538d2b@group-1443AFA29A45: change Leader from null to a64da041-3938-438c-85b5-761f02538d2b at term 1 for becomeLeader, leader elected after 5076ms
2019-10-06 12:19:30,925 [a64da041-3938-438c-85b5-761f02538d2b@group-1443AFA29A45-LeaderElection98] INFO  server.RaftServerConfigKeys (ConfUtils.java:logGet(43)) - raft.server.staging.catchup.gap = 1000 (default)
2019-10-06 12:19:30,925 [a64da041-3938-438c-85b5-761f02538d2b@group-1443AFA29A45-LeaderElection98] INFO  server.RaftServerConfigKeys (ConfUtils.java:logGet(43)) - raft.server.rpc.sleep.time = 25ms (default)
2019-10-06 12:19:30,925 [a64da041-3938-438c-85b5-761f02538d2b@group-1443AFA29A45-LeaderElection98] INFO  server.RaftServerConfigKeys (ConfUtils.java:logGet(43)) - raft.server.write.element-limit = 4096 (default)
2019-10-06 12:19:30,926 [a64da041-3938-438c-85b5-761f02538d2b@group-1443AFA29A45-LeaderElection98] INFO  server.RaftServerConfigKeys (ConfUtils.java:logGet(43)) - raft.server.watch.timeout = 10s (default)
2019-10-06 12:19:30,926 [a64da041-3938-438c-85b5-761f02538d2b@group-1443AFA29A45-LeaderElection98] INFO  server.RaftServerConfigKeys (ConfUtils.java:logGet(43)) - raft.server.watch.timeout.denomination = 1s (default)
2019-10-06 12:19:30,926 [a64da041-3938-438c-85b5-761f02538d2b@group-1443AFA29A45-LeaderElection98] INFO  server.RaftServerConfigKeys (ConfUtils.java:logGet(43)) - raft.server.watch.element-limit = 65536 (default)
2019-10-06 12:19:30,928 [a64da041-3938-438c-85b5-761f02538d2b@group-1443AFA29A45-LeaderElection98] INFO  impl.RoleInfo (RoleInfo.java:updateAndGet(143)) - a64da041-3938-438c-85b5-761f02538d2b: start LeaderState
2019-10-06 12:19:30,928 [a64da041-3938-438c-85b5-761f02538d2b@group-1443AFA29A45-LeaderElection98] INFO  segmented.SegmentedRaftLogWorker (SegmentedRaftLogWorker.java:startLogSegment(385)) - a64da041-3938-438c-85b5-761f02538d2b@group-1443AFA29A45-SegmentedRaftLogWorker: Starting segment from index:0
2019-10-06 12:19:30,929 [a64da041-3938-438c-85b5-761f02538d2b@group-1443AFA29A45-LeaderElection98] INFO  impl.RaftServerImpl (ServerState.java:setRaftConf(356)) - a64da041-3938-438c-85b5-761f02538d2b@group-1443AFA29A45: set configuration 0: [a64da041-3938-438c-85b5-761f02538d2b:192.168.30.17:32978], old=null at 0
2019-10-06 12:19:30,966 [Thread-4575] INFO  impl.FollowerState (FollowerState.java:run(108)) - aaa86d1a-07c5-4e1d-acb8-947f9ae7d533@group-6105C41F2FBF-FollowerState: change to CANDIDATE, lastRpcTime:5056ms, electionTimeout:5056ms
2019-10-06 12:19:30,966 [Thread-4575] INFO  impl.RoleInfo (RoleInfo.java:shutdownFollowerState(121)) - aaa86d1a-07c5-4e1d-acb8-947f9ae7d533: shutdown FollowerState
2019-10-06 12:19:30,966 [Thread-4575] INFO  impl.RaftServerImpl (RaftServerImpl.java:setRole(170)) - aaa86d1a-07c5-4e1d-acb8-947f9ae7d533@group-6105C41F2FBF: changes role from  FOLLOWER to CANDIDATE at term 0 for changeToCandidate
2019-10-06 12:19:30,966 [Thread-4575] INFO  impl.RoleInfo (RoleInfo.java:updateAndGet(143)) - aaa86d1a-07c5-4e1d-acb8-947f9ae7d533: start LeaderElection
2019-10-06 12:19:30,976 [a64da041-3938-438c-85b5-761f02538d2b@group-1443AFA29A45-SegmentedRaftLogWorker] INFO  segmented.SegmentedRaftLogWorker (SegmentedRaftLogWorker.java:execute(574)) - a64da041-3938-438c-85b5-761f02538d2b@group-1443AFA29A45-SegmentedRaftLogWorker: created new log segment /workdir/hadoop-ozone/integration-test/target/test-dir/MiniOzoneClusterImpl-cc38ce88-594d-4b3c-9c11-37372e9ad5cb/datanode-0/data/ratis/7f4344d4-f8e4-41da-bff2-1443afa29a45/current/log_inprogress_0
2019-10-06 12:19:30,988 [Thread-4578] INFO  impl.FollowerState (FollowerState.java:run(108)) - f97a78fd-c270-4ae8-91a2-4c85a080f332@group-D22CA8E51876-FollowerState: change to CANDIDATE, lastRpcTime:5019ms, electionTimeout:5019ms
2019-10-06 12:19:30,988 [Thread-4578] INFO  impl.RoleInfo (RoleInfo.java:shutdownFollowerState(121)) - f97a78fd-c270-4ae8-91a2-4c85a080f332: shutdown FollowerState
2019-10-06 12:19:30,988 [Thread-4578] INFO  impl.RaftServerImpl (RaftServerImpl.java:setRole(170)) - f97a78fd-c270-4ae8-91a2-4c85a080f332@group-D22CA8E51876: changes role from  FOLLOWER to CANDIDATE at term 0 for changeToCandidate
2019-10-06 12:19:30,988 [Thread-4578] INFO  impl.RoleInfo (RoleInfo.java:updateAndGet(143)) - f97a78fd-c270-4ae8-91a2-4c85a080f332: start LeaderElection
2019-10-06 12:19:30,991 [aaa86d1a-07c5-4e1d-acb8-947f9ae7d533@group-6105C41F2FBF-LeaderElection99] INFO  impl.LeaderElection (LeaderElection.java:askForVotes(178)) - aaa86d1a-07c5-4e1d-acb8-947f9ae7d533@group-6105C41F2FBF-LeaderElection99: begin an election at term 1 for -1: [aaa86d1a-07c5-4e1d-acb8-947f9ae7d533:192.168.30.17:36974], old=null
2019-10-06 12:19:30,996 [aaa86d1a-07c5-4e1d-acb8-947f9ae7d533@group-6105C41F2FBF-LeaderElection99] INFO  impl.RoleInfo (RoleInfo.java:shutdownLeaderElection(134)) - aaa86d1a-07c5-4e1d-acb8-947f9ae7d533: shutdown LeaderElection
2019-10-06 12:19:30,997 [aaa86d1a-07c5-4e1d-acb8-947f9ae7d533@group-6105C41F2FBF-LeaderElection99] INFO  impl.RaftServerImpl (RaftServerImpl.java:setRole(170)) - aaa86d1a-07c5-4e1d-acb8-947f9ae7d533@group-6105C41F2FBF: changes role from CANDIDATE to LEADER at term 1 for changeToLeader
2019-10-06 12:19:30,997 [aaa86d1a-07c5-4e1d-acb8-947f9ae7d533@group-6105C41F2FBF-LeaderElection99] INFO  impl.RaftServerImpl (ServerState.java:setLeader(255)) - aaa86d1a-07c5-4e1d-acb8-947f9ae7d533@group-6105C41F2FBF: change Leader from null to aaa86d1a-07c5-4e1d-acb8-947f9ae7d533 at term 1 for becomeLeader, leader elected after 5097ms
2019-10-06 12:19:30,997 [aaa86d1a-07c5-4e1d-acb8-947f9ae7d533@group-6105C41F2FBF-LeaderElection99] INFO  server.RaftServerConfigKeys (ConfUtils.java:logGet(43)) - raft.server.staging.catchup.gap = 1000 (default)
2019-10-06 12:19:30,997 [aaa86d1a-07c5-4e1d-acb8-947f9ae7d533@group-6105C41F2FBF-LeaderElection99] INFO  server.RaftServerConfigKeys (ConfUtils.java:logGet(43)) - raft.server.rpc.sleep.time = 25ms (default)
2019-10-06 12:19:30,997 [aaa86d1a-07c5-4e1d-acb8-947f9ae7d533@group-6105C41F2FBF-LeaderElection99] INFO  server.RaftServerConfigKeys (ConfUtils.java:logGet(43)) - raft.server.write.element-limit = 4096 (default)
2019-10-06 12:19:30,997 [aaa86d1a-07c5-4e1d-acb8-947f9ae7d533@group-6105C41F2FBF-LeaderElection99] INFO  server.RaftServerConfigKeys (ConfUtils.java:logGet(43)) - raft.server.watch.timeout = 10s (default)
2019-10-06 12:19:30,997 [aaa86d1a-07c5-4e1d-acb8-947f9ae7d533@group-6105C41F2FBF-LeaderElection99] INFO  server.RaftServerConfigKeys (ConfUtils.java:logGet(43)) - raft.server.watch.timeout.denomination = 1s (default)
2019-10-06 12:19:30,998 [aaa86d1a-07c5-4e1d-acb8-947f9ae7d533@group-6105C41F2FBF-LeaderElection99] INFO  server.RaftServerConfigKeys (ConfUtils.java:logGet(43)) - raft.server.watch.element-limit = 65536 (default)
2019-10-06 12:19:30,999 [aaa86d1a-07c5-4e1d-acb8-947f9ae7d533@group-6105C41F2FBF-LeaderElection99] INFO  impl.RoleInfo (RoleInfo.java:updateAndGet(143)) - aaa86d1a-07c5-4e1d-acb8-947f9ae7d533: start LeaderState
2019-10-06 12:19:31,000 [aaa86d1a-07c5-4e1d-acb8-947f9ae7d533@group-6105C41F2FBF-LeaderElection99] INFO  segmented.SegmentedRaftLogWorker (SegmentedRaftLogWorker.java:startLogSegment(385)) - aaa86d1a-07c5-4e1d-acb8-947f9ae7d533@group-6105C41F2FBF-SegmentedRaftLogWorker: Starting segment from index:0
2019-10-06 12:19:31,000 [aaa86d1a-07c5-4e1d-acb8-947f9ae7d533@group-6105C41F2FBF-LeaderElection99] INFO  impl.RaftServerImpl (ServerState.java:setRaftConf(356)) - aaa86d1a-07c5-4e1d-acb8-947f9ae7d533@group-6105C41F2FBF: set configuration 0: [aaa86d1a-07c5-4e1d-acb8-947f9ae7d533:192.168.30.17:36974], old=null at 0
2019-10-06 12:19:31,009 [f97a78fd-c270-4ae8-91a2-4c85a080f332@group-D22CA8E51876-LeaderElection100] INFO  impl.LeaderElection (LeaderElection.java:askForVotes(178)) - f97a78fd-c270-4ae8-91a2-4c85a080f332@group-D22CA8E51876-LeaderElection100: begin an election at term 1 for -1: [f97a78fd-c270-4ae8-91a2-4c85a080f332:192.168.30.17:40658], old=null
2019-10-06 12:19:31,009 [f97a78fd-c270-4ae8-91a2-4c85a080f332@group-D22CA8E51876-LeaderElection100] INFO  impl.RoleInfo (RoleInfo.java:shutdownLeaderElection(134)) - f97a78fd-c270-4ae8-91a2-4c85a080f332: shutdown LeaderElection
2019-10-06 12:19:31,009 [f97a78fd-c270-4ae8-91a2-4c85a080f332@group-D22CA8E51876-LeaderElection100] INFO  impl.RaftServerImpl (RaftServerImpl.java:setRole(170)) - f97a78fd-c270-4ae8-91a2-4c85a080f332@group-D22CA8E51876: changes role from CANDIDATE to LEADER at term 1 for changeToLeader
2019-10-06 12:19:31,009 [f97a78fd-c270-4ae8-91a2-4c85a080f332@group-D22CA8E51876-LeaderElection100] INFO  impl.RaftServerImpl (ServerState.java:setLeader(255)) - f97a78fd-c270-4ae8-91a2-4c85a080f332@group-D22CA8E51876: change Leader from null to f97a78fd-c270-4ae8-91a2-4c85a080f332 at term 1 for becomeLeader, leader elected after 5046ms
2019-10-06 12:19:31,010 [f97a78fd-c270-4ae8-91a2-4c85a080f332@group-D22CA8E51876-LeaderElection100] INFO  server.RaftServerConfigKeys (ConfUtils.java:logGet(43)) - raft.server.staging.catchup.gap = 1000 (default)
2019-10-06 12:19:31,010 [f97a78fd-c270-4ae8-91a2-4c85a080f332@group-D22CA8E51876-LeaderElection100] INFO  server.RaftServerConfigKeys (ConfUtils.java:logGet(43)) - raft.server.rpc.sleep.time = 25ms (default)
2019-10-06 12:19:31,010 [f97a78fd-c270-4ae8-91a2-4c85a080f332@group-D22CA8E51876-LeaderElection100] INFO  server.RaftServerConfigKeys (ConfUtils.java:logGet(43)) - raft.server.write.element-limit = 4096 (default)
2019-10-06 12:19:31,010 [f97a78fd-c270-4ae8-91a2-4c85a080f332@group-D22CA8E51876-LeaderElection100] INFO  server.RaftServerConfigKeys (ConfUtils.java:logGet(43)) - raft.server.watch.timeout = 10s (default)
2019-10-06 12:19:31,010 [f97a78fd-c270-4ae8-91a2-4c85a080f332@group-D22CA8E51876-LeaderElection100] INFO  server.RaftServerConfigKeys (ConfUtils.java:logGet(43)) - raft.server.watch.timeout.denomination = 1s (default)
2019-10-06 12:19:31,010 [f97a78fd-c270-4ae8-91a2-4c85a080f332@group-D22CA8E51876-LeaderElection100] INFO  server.RaftServerConfigKeys (ConfUtils.java:logGet(43)) - raft.server.watch.element-limit = 65536 (default)
2019-10-06 12:19:31,012 [f97a78fd-c270-4ae8-91a2-4c85a080f332@group-D22CA8E51876-LeaderElection100] INFO  impl.RoleInfo (RoleInfo.java:updateAndGet(143)) - f97a78fd-c270-4ae8-91a2-4c85a080f332: start LeaderState
2019-10-06 12:19:31,013 [f97a78fd-c270-4ae8-91a2-4c85a080f332@group-D22CA8E51876-LeaderElection100] INFO  segmented.SegmentedRaftLogWorker (SegmentedRaftLogWorker.java:startLogSegment(385)) - f97a78fd-c270-4ae8-91a2-4c85a080f332@group-D22CA8E51876-SegmentedRaftLogWorker: Starting segment from index:0
2019-10-06 12:19:31,013 [f97a78fd-c270-4ae8-91a2-4c85a080f332@group-D22CA8E51876-LeaderElection100] INFO  impl.RaftServerImpl (ServerState.java:setRaftConf(356)) - f97a78fd-c270-4ae8-91a2-4c85a080f332@group-D22CA8E51876: set configuration 0: [f97a78fd-c270-4ae8-91a2-4c85a080f332:192.168.30.17:40658], old=null at 0
2019-10-06 12:19:31,044 [aaa86d1a-07c5-4e1d-acb8-947f9ae7d533@group-6105C41F2FBF-SegmentedRaftLogWorker] INFO  segmented.SegmentedRaftLogWorker (SegmentedRaftLogWorker.java:execute(574)) - aaa86d1a-07c5-4e1d-acb8-947f9ae7d533@group-6105C41F2FBF-SegmentedRaftLogWorker: created new log segment /workdir/hadoop-ozone/integration-test/target/test-dir/MiniOzoneClusterImpl-cc38ce88-594d-4b3c-9c11-37372e9ad5cb/datanode-1/data/ratis/961ae13a-cf3a-41c8-9bb4-6105c41f2fbf/current/log_inprogress_0
2019-10-06 12:19:31,044 [f97a78fd-c270-4ae8-91a2-4c85a080f332@group-D22CA8E51876-SegmentedRaftLogWorker] INFO  segmented.SegmentedRaftLogWorker (SegmentedRaftLogWorker.java:execute(574)) - f97a78fd-c270-4ae8-91a2-4c85a080f332@group-D22CA8E51876-SegmentedRaftLogWorker: created new log segment /workdir/hadoop-ozone/integration-test/target/test-dir/MiniOzoneClusterImpl-cc38ce88-594d-4b3c-9c11-37372e9ad5cb/datanode-2/data/ratis/54d1c7a5-4ac2-4283-9625-d22ca8e51876/current/log_inprogress_0
2019-10-06 12:19:31,152 [Thread-4589] INFO  impl.FollowerState (FollowerState.java:run(108)) - a64da041-3938-438c-85b5-761f02538d2b@group-D083DA16AB09-FollowerState: change to CANDIDATE, lastRpcTime:5061ms, electionTimeout:5061ms
2019-10-06 12:19:31,153 [Thread-4589] INFO  impl.RoleInfo (RoleInfo.java:shutdownFollowerState(121)) - a64da041-3938-438c-85b5-761f02538d2b: shutdown FollowerState
2019-10-06 12:19:31,153 [Thread-4589] INFO  impl.RaftServerImpl (RaftServerImpl.java:setRole(170)) - a64da041-3938-438c-85b5-761f02538d2b@group-D083DA16AB09: changes role from  FOLLOWER to CANDIDATE at term 0 for changeToCandidate
2019-10-06 12:19:31,153 [Thread-4589] INFO  impl.RoleInfo (RoleInfo.java:updateAndGet(143)) - a64da041-3938-438c-85b5-761f02538d2b: start LeaderElection
2019-10-06 12:19:31,174 [a64da041-3938-438c-85b5-761f02538d2b@group-D083DA16AB09-LeaderElection101] INFO  impl.LeaderElection (LeaderElection.java:askForVotes(178)) - a64da041-3938-438c-85b5-761f02538d2b@group-D083DA16AB09-LeaderElection101: begin an election at term 1 for -1: [d1cf100d-d232-4575-b20f-f20364b572fb:192.168.30.17:34496, aaa86d1a-07c5-4e1d-acb8-947f9ae7d533:192.168.30.17:36974, a64da041-3938-438c-85b5-761f02538d2b:192.168.30.17:32978], old=null
2019-10-06 12:19:31,185 [grpc-default-executor-10] INFO  impl.RaftServerImpl (RaftServerImpl.java:setRole(170)) - d1cf100d-d232-4575-b20f-f20364b572fb@group-D083DA16AB09: changes role from  FOLLOWER to FOLLOWER at term 1 for recognizeCandidate:a64da041-3938-438c-85b5-761f02538d2b
2019-10-06 12:19:31,185 [grpc-default-executor-10] INFO  impl.RoleInfo (RoleInfo.java:shutdownFollowerState(121)) - d1cf100d-d232-4575-b20f-f20364b572fb: shutdown FollowerState
2019-10-06 12:19:31,189 [grpc-default-executor-5] INFO  impl.RaftServerImpl (RaftServerImpl.java:setRole(170)) - aaa86d1a-07c5-4e1d-acb8-947f9ae7d533@group-D083DA16AB09: changes role from  FOLLOWER to FOLLOWER at term 1 for recognizeCandidate:a64da041-3938-438c-85b5-761f02538d2b
2019-10-06 12:19:31,189 [grpc-default-executor-5] INFO  impl.RoleInfo (RoleInfo.java:shutdownFollowerState(121)) - aaa86d1a-07c5-4e1d-acb8-947f9ae7d533: shutdown FollowerState
2019-10-06 12:19:31,189 [grpc-default-executor-10] INFO  impl.RoleInfo (RoleInfo.java:updateAndGet(143)) - d1cf100d-d232-4575-b20f-f20364b572fb: start FollowerState
2019-10-06 12:19:31,189 [grpc-default-executor-5] INFO  impl.RoleInfo (RoleInfo.java:updateAndGet(143)) - aaa86d1a-07c5-4e1d-acb8-947f9ae7d533: start FollowerState
2019-10-06 12:19:31,189 [Thread-4584] INFO  impl.FollowerState (FollowerState.java:run(117)) - aaa86d1a-07c5-4e1d-acb8-947f9ae7d533@group-D083DA16AB09-FollowerState was interrupted: java.lang.InterruptedException: sleep interrupted
2019-10-06 12:19:31,189 [Thread-4588] INFO  impl.FollowerState (FollowerState.java:run(117)) - d1cf100d-d232-4575-b20f-f20364b572fb@group-D083DA16AB09-FollowerState was interrupted: java.lang.InterruptedException: sleep interrupted
2019-10-06 12:19:31,189 [Thread-4581] INFO  impl.FollowerState (FollowerState.java:run(108)) - d1cf100d-d232-4575-b20f-f20364b572fb@group-F7F3F6EAD91F-FollowerState: change to CANDIDATE, lastRpcTime:5178ms, electionTimeout:5178ms
2019-10-06 12:19:31,196 [Thread-4581] INFO  impl.RoleInfo (RoleInfo.java:shutdownFollowerState(121)) - d1cf100d-d232-4575-b20f-f20364b572fb: shutdown FollowerState
2019-10-06 12:19:31,196 [Thread-4581] INFO  impl.RaftServerImpl (RaftServerImpl.java:setRole(170)) - d1cf100d-d232-4575-b20f-f20364b572fb@group-F7F3F6EAD91F: changes role from  FOLLOWER to CANDIDATE at term 0 for changeToCandidate
2019-10-06 12:19:31,196 [Thread-4581] INFO  impl.RoleInfo (RoleInfo.java:updateAndGet(143)) - d1cf100d-d232-4575-b20f-f20364b572fb: start LeaderElection
2019-10-06 12:19:31,209 [d1cf100d-d232-4575-b20f-f20364b572fb@group-F7F3F6EAD91F-LeaderElection102] INFO  impl.LeaderElection (LeaderElection.java:askForVotes(178)) - d1cf100d-d232-4575-b20f-f20364b572fb@group-F7F3F6EAD91F-LeaderElection102: begin an election at term 1 for -1: [d1cf100d-d232-4575-b20f-f20364b572fb:192.168.30.17:34496], old=null
2019-10-06 12:19:31,209 [d1cf100d-d232-4575-b20f-f20364b572fb@group-F7F3F6EAD91F-LeaderElection102] INFO  impl.RoleInfo (RoleInfo.java:shutdownLeaderElection(134)) - d1cf100d-d232-4575-b20f-f20364b572fb: shutdown LeaderElection
2019-10-06 12:19:31,210 [d1cf100d-d232-4575-b20f-f20364b572fb@group-F7F3F6EAD91F-LeaderElection102] INFO  impl.RaftServerImpl (RaftServerImpl.java:setRole(170)) - d1cf100d-d232-4575-b20f-f20364b572fb@group-F7F3F6EAD91F: changes role from CANDIDATE to LEADER at term 1 for changeToLeader
2019-10-06 12:19:31,210 [d1cf100d-d232-4575-b20f-f20364b572fb@group-F7F3F6EAD91F-LeaderElection102] INFO  impl.RaftServerImpl (ServerState.java:setLeader(255)) - d1cf100d-d232-4575-b20f-f20364b572fb@group-F7F3F6EAD91F: change Leader from null to d1cf100d-d232-4575-b20f-f20364b572fb at term 1 for becomeLeader, leader elected after 5203ms
2019-10-06 12:19:31,210 [d1cf100d-d232-4575-b20f-f20364b572fb@group-F7F3F6EAD91F-LeaderElection102] INFO  server.RaftServerConfigKeys (ConfUtils.java:logGet(43)) - raft.server.staging.catchup.gap = 1000 (default)
2019-10-06 12:19:31,210 [a64da041-3938-438c-85b5-761f02538d2b@group-D083DA16AB09-LeaderElection101] INFO  impl.LeaderElection (LeaderElection.java:logAndReturn(56)) - a64da041-3938-438c-85b5-761f02538d2b@group-D083DA16AB09-LeaderElection101: Election PASSED; received 1 response(s) [a64da041-3938-438c-85b5-761f02538d2b<-d1cf100d-d232-4575-b20f-f20364b572fb#0:OK-t1] and 0 exception(s); a64da041-3938-438c-85b5-761f02538d2b@group-D083DA16AB09:t1, leader=null, voted=a64da041-3938-438c-85b5-761f02538d2b, raftlog=a64da041-3938-438c-85b5-761f02538d2b@group-D083DA16AB09-SegmentedRaftLog:OPENED:c-1,f-1,i0, conf=-1: [d1cf100d-d232-4575-b20f-f20364b572fb:192.168.30.17:34496, aaa86d1a-07c5-4e1d-acb8-947f9ae7d533:192.168.30.17:36974, a64da041-3938-438c-85b5-761f02538d2b:192.168.30.17:32978], old=null
2019-10-06 12:19:31,210 [d1cf100d-d232-4575-b20f-f20364b572fb@group-F7F3F6EAD91F-LeaderElection102] INFO  server.RaftServerConfigKeys (ConfUtils.java:logGet(43)) - raft.server.rpc.sleep.time = 25ms (default)
2019-10-06 12:19:31,210 [a64da041-3938-438c-85b5-761f02538d2b@group-D083DA16AB09-LeaderElection101] INFO  impl.RoleInfo (RoleInfo.java:shutdownLeaderElection(134)) - a64da041-3938-438c-85b5-761f02538d2b: shutdown LeaderElection
2019-10-06 12:19:31,213 [a64da041-3938-438c-85b5-761f02538d2b@group-D083DA16AB09-LeaderElection101] INFO  impl.RaftServerImpl (RaftServerImpl.java:setRole(170)) - a64da041-3938-438c-85b5-761f02538d2b@group-D083DA16AB09: changes role from CANDIDATE to LEADER at term 1 for changeToLeader
2019-10-06 12:19:31,214 [d1cf100d-d232-4575-b20f-f20364b572fb@group-F7F3F6EAD91F-LeaderElection102] INFO  server.RaftServerConfigKeys (ConfUtils.java:logGet(43)) - raft.server.write.element-limit = 4096 (default)
2019-10-06 12:19:31,214 [a64da041-3938-438c-85b5-761f02538d2b@group-D083DA16AB09-LeaderElection101] INFO  impl.RaftServerImpl (ServerState.java:setLeader(255)) - a64da041-3938-438c-85b5-761f02538d2b@group-D083DA16AB09: change Leader from null to a64da041-3938-438c-85b5-761f02538d2b at term 1 for becomeLeader, leader elected after 5133ms
2019-10-06 12:19:31,214 [d1cf100d-d232-4575-b20f-f20364b572fb@group-F7F3F6EAD91F-LeaderElection102] INFO  server.RaftServerConfigKeys (ConfUtils.java:logGet(43)) - raft.server.watch.timeout = 10s (default)
2019-10-06 12:19:31,214 [a64da041-3938-438c-85b5-761f02538d2b@group-D083DA16AB09-LeaderElection101] INFO  server.RaftServerConfigKeys (ConfUtils.java:logGet(43)) - raft.server.staging.catchup.gap = 1000 (default)
2019-10-06 12:19:31,214 [d1cf100d-d232-4575-b20f-f20364b572fb@group-F7F3F6EAD91F-LeaderElection102] INFO  server.RaftServerConfigKeys (ConfUtils.java:logGet(43)) - raft.server.watch.timeout.denomination = 1s (default)
2019-10-06 12:19:31,214 [a64da041-3938-438c-85b5-761f02538d2b@group-D083DA16AB09-LeaderElection101] INFO  server.RaftServerConfigKeys (ConfUtils.java:logGet(43)) - raft.server.rpc.sleep.time = 25ms (default)
2019-10-06 12:19:31,214 [d1cf100d-d232-4575-b20f-f20364b572fb@group-F7F3F6EAD91F-LeaderElection102] INFO  server.RaftServerConfigKeys (ConfUtils.java:logGet(43)) - raft.server.watch.element-limit = 65536 (default)
2019-10-06 12:19:31,214 [a64da041-3938-438c-85b5-761f02538d2b@group-D083DA16AB09-LeaderElection101] INFO  server.RaftServerConfigKeys (ConfUtils.java:logGet(43)) - raft.server.write.element-limit = 4096 (default)
2019-10-06 12:19:31,215 [a64da041-3938-438c-85b5-761f02538d2b@group-D083DA16AB09-LeaderElection101] INFO  server.RaftServerConfigKeys (ConfUtils.java:logGet(43)) - raft.server.watch.timeout = 10s (default)
2019-10-06 12:19:31,215 [a64da041-3938-438c-85b5-761f02538d2b@group-D083DA16AB09-LeaderElection101] INFO  server.RaftServerConfigKeys (ConfUtils.java:logGet(43)) - raft.server.watch.timeout.denomination = 1s (default)
2019-10-06 12:19:31,215 [a64da041-3938-438c-85b5-761f02538d2b@group-D083DA16AB09-LeaderElection101] INFO  server.RaftServerConfigKeys (ConfUtils.java:logGet(43)) - raft.server.watch.element-limit = 65536 (default)
2019-10-06 12:19:31,218 [d1cf100d-d232-4575-b20f-f20364b572fb@group-F7F3F6EAD91F-LeaderElection102] INFO  impl.RoleInfo (RoleInfo.java:updateAndGet(143)) - d1cf100d-d232-4575-b20f-f20364b572fb: start LeaderState
2019-10-06 12:19:31,218 [a64da041-3938-438c-85b5-761f02538d2b@group-D083DA16AB09-LeaderElection101] INFO  server.RaftServerConfigKeys (ConfUtils.java:logGet(43)) - raft.server.log.appender.snapshot.chunk.size.max = 16MB (=16777216) (default)
2019-10-06 12:19:31,218 [d1cf100d-d232-4575-b20f-f20364b572fb@group-F7F3F6EAD91F-LeaderElection102] INFO  segmented.SegmentedRaftLogWorker (SegmentedRaftLogWorker.java:startLogSegment(385)) - d1cf100d-d232-4575-b20f-f20364b572fb@group-F7F3F6EAD91F-SegmentedRaftLogWorker: Starting segment from index:0
2019-10-06 12:19:31,218 [a64da041-3938-438c-85b5-761f02538d2b@group-D083DA16AB09-LeaderElection101] INFO  server.RaftServerConfigKeys (ConfUtils.java:logGet(43)) - raft.server.log.appender.buffer.byte-limit = 33554432 (custom)
2019-10-06 12:19:31,219 [a64da041-3938-438c-85b5-761f02538d2b@group-D083DA16AB09-LeaderElection101] INFO  server.RaftServerConfigKeys (ConfUtils.java:logGet(43)) - raft.server.log.appender.buffer.element-limit = 1 (custom)
2019-10-06 12:19:31,219 [d1cf100d-d232-4575-b20f-f20364b572fb@group-F7F3F6EAD91F-LeaderElection102] INFO  impl.RaftServerImpl (ServerState.java:setRaftConf(356)) - d1cf100d-d232-4575-b20f-f20364b572fb@group-F7F3F6EAD91F: set configuration 0: [d1cf100d-d232-4575-b20f-f20364b572fb:192.168.30.17:34496], old=null at 0
2019-10-06 12:19:31,219 [a64da041-3938-438c-85b5-761f02538d2b@group-D083DA16AB09-LeaderElection101] INFO  grpc.GrpcConfigKeys$Server (ConfUtils.java:logGet(43)) - raft.grpc.server.leader.outstanding.appends.max = 128 (default)
2019-10-06 12:19:31,219 [a64da041-3938-438c-85b5-761f02538d2b@group-D083DA16AB09-LeaderElection101] INFO  server.RaftServerConfigKeys (ConfUtils.java:logGet(43)) - raft.server.rpc.request.timeout = 3000ms (default)
2019-10-06 12:19:31,220 [a64da041-3938-438c-85b5-761f02538d2b@group-D083DA16AB09-LeaderElection101] INFO  server.RaftServerConfigKeys (ConfUtils.java:logGet(43)) - raft.server.log.appender.install.snapshot.enabled = false (custom)
2019-10-06 12:19:31,220 [a64da041-3938-438c-85b5-761f02538d2b@group-D083DA16AB09-LeaderElection101] INFO  server.RaftServerConfigKeys (ConfUtils.java:logGet(43)) - raft.server.log.appender.snapshot.chunk.size.max = 16MB (=16777216) (default)
2019-10-06 12:19:31,220 [a64da041-3938-438c-85b5-761f02538d2b@group-D083DA16AB09-LeaderElection101] INFO  server.RaftServerConfigKeys (ConfUtils.java:logGet(43)) - raft.server.log.appender.buffer.byte-limit = 33554432 (custom)
2019-10-06 12:19:31,220 [a64da041-3938-438c-85b5-761f02538d2b@group-D083DA16AB09-LeaderElection101] INFO  server.RaftServerConfigKeys (ConfUtils.java:logGet(43)) - raft.server.log.appender.buffer.element-limit = 1 (custom)
2019-10-06 12:19:31,220 [a64da041-3938-438c-85b5-761f02538d2b@group-D083DA16AB09-LeaderElection101] INFO  grpc.GrpcConfigKeys$Server (ConfUtils.java:logGet(43)) - raft.grpc.server.leader.outstanding.appends.max = 128 (default)
2019-10-06 12:19:31,221 [a64da041-3938-438c-85b5-761f02538d2b@group-D083DA16AB09-LeaderElection101] INFO  server.RaftServerConfigKeys (ConfUtils.java:logGet(43)) - raft.server.rpc.request.timeout = 3000ms (default)
2019-10-06 12:19:31,221 [a64da041-3938-438c-85b5-761f02538d2b@group-D083DA16AB09-LeaderElection101] INFO  server.RaftServerConfigKeys (ConfUtils.java:logGet(43)) - raft.server.log.appender.install.snapshot.enabled = false (custom)
2019-10-06 12:19:31,221 [a64da041-3938-438c-85b5-761f02538d2b@group-D083DA16AB09-LeaderElection101] INFO  impl.RoleInfo (RoleInfo.java:updateAndGet(143)) - a64da041-3938-438c-85b5-761f02538d2b: start LeaderState
2019-10-06 12:19:31,221 [a64da041-3938-438c-85b5-761f02538d2b@group-D083DA16AB09-LeaderElection101] INFO  segmented.SegmentedRaftLogWorker (SegmentedRaftLogWorker.java:startLogSegment(385)) - a64da041-3938-438c-85b5-761f02538d2b@group-D083DA16AB09-SegmentedRaftLogWorker: Starting segment from index:0
2019-10-06 12:19:31,222 [a64da041-3938-438c-85b5-761f02538d2b@group-D083DA16AB09-LeaderElection101] INFO  impl.RaftServerImpl (ServerState.java:setRaftConf(356)) - a64da041-3938-438c-85b5-761f02538d2b@group-D083DA16AB09: set configuration 0: [d1cf100d-d232-4575-b20f-f20364b572fb:192.168.30.17:34496, aaa86d1a-07c5-4e1d-acb8-947f9ae7d533:192.168.30.17:36974, a64da041-3938-438c-85b5-761f02538d2b:192.168.30.17:32978], old=null at 0
2019-10-06 12:19:31,224 [grpc-default-executor-10] INFO  impl.RaftServerImpl (ServerState.java:setLeader(255)) - d1cf100d-d232-4575-b20f-f20364b572fb@group-D083DA16AB09: change Leader from null to a64da041-3938-438c-85b5-761f02538d2b at term 1 for appendEntries, leader elected after 5144ms
2019-10-06 12:19:31,224 [grpc-default-executor-5] INFO  impl.RaftServerImpl (ServerState.java:setLeader(255)) - aaa86d1a-07c5-4e1d-acb8-947f9ae7d533@group-D083DA16AB09: change Leader from null to a64da041-3938-438c-85b5-761f02538d2b at term 1 for appendEntries, leader elected after 5144ms
2019-10-06 12:19:31,266 [d1cf100d-d232-4575-b20f-f20364b572fb@group-F7F3F6EAD91F-SegmentedRaftLogWorker] INFO  segmented.SegmentedRaftLogWorker (SegmentedRaftLogWorker.java:execute(574)) - d1cf100d-d232-4575-b20f-f20364b572fb@group-F7F3F6EAD91F-SegmentedRaftLogWorker: created new log segment /workdir/hadoop-ozone/integration-test/target/test-dir/MiniOzoneClusterImpl-cc38ce88-594d-4b3c-9c11-37372e9ad5cb/datanode-3/data/ratis/64ded7ea-79c3-4294-8cf9-f7f3f6ead91f/current/log_inprogress_0
2019-10-06 12:19:31,269 [grpc-default-executor-5] INFO  impl.RaftServerImpl (ServerState.java:setRaftConf(356)) - d1cf100d-d232-4575-b20f-f20364b572fb@group-D083DA16AB09: set configuration 0: [d1cf100d-d232-4575-b20f-f20364b572fb:192.168.30.17:34496, aaa86d1a-07c5-4e1d-acb8-947f9ae7d533:192.168.30.17:36974, a64da041-3938-438c-85b5-761f02538d2b:192.168.30.17:32978], old=null at 0
2019-10-06 12:19:31,266 [a64da041-3938-438c-85b5-761f02538d2b@group-D083DA16AB09-SegmentedRaftLogWorker] INFO  segmented.SegmentedRaftLogWorker (SegmentedRaftLogWorker.java:execute(574)) - a64da041-3938-438c-85b5-761f02538d2b@group-D083DA16AB09-SegmentedRaftLogWorker: created new log segment /workdir/hadoop-ozone/integration-test/target/test-dir/MiniOzoneClusterImpl-cc38ce88-594d-4b3c-9c11-37372e9ad5cb/datanode-0/data/ratis/f1d75d30-cb34-4e3e-8d25-d083da16ab09/current/log_inprogress_0
2019-10-06 12:19:31,269 [grpc-default-executor-5] INFO  segmented.SegmentedRaftLogWorker (SegmentedRaftLogWorker.java:startLogSegment(385)) - d1cf100d-d232-4575-b20f-f20364b572fb@group-D083DA16AB09-SegmentedRaftLogWorker: Starting segment from index:0
2019-10-06 12:19:31,269 [grpc-default-executor-10] INFO  impl.RaftServerImpl (ServerState.java:setRaftConf(356)) - aaa86d1a-07c5-4e1d-acb8-947f9ae7d533@group-D083DA16AB09: set configuration 0: [d1cf100d-d232-4575-b20f-f20364b572fb:192.168.30.17:34496, aaa86d1a-07c5-4e1d-acb8-947f9ae7d533:192.168.30.17:36974, a64da041-3938-438c-85b5-761f02538d2b:192.168.30.17:32978], old=null at 0
2019-10-06 12:19:31,270 [grpc-default-executor-10] INFO  segmented.SegmentedRaftLogWorker (SegmentedRaftLogWorker.java:startLogSegment(385)) - aaa86d1a-07c5-4e1d-acb8-947f9ae7d533@group-D083DA16AB09-SegmentedRaftLogWorker: Starting segment from index:0
2019-10-06 12:19:31,276 [Thread-4595] INFO  impl.FollowerState (FollowerState.java:run(108)) - f97a78fd-c270-4ae8-91a2-4c85a080f332@group-33D70C1D47B9-FollowerState: change to CANDIDATE, lastRpcTime:5059ms, electionTimeout:5059ms
2019-10-06 12:19:31,277 [Thread-4595] INFO  impl.RoleInfo (RoleInfo.java:shutdownFollowerState(121)) - f97a78fd-c270-4ae8-91a2-4c85a080f332: shutdown FollowerState
2019-10-06 12:19:31,277 [Thread-4595] INFO  impl.RaftServerImpl (RaftServerImpl.java:setRole(170)) - f97a78fd-c270-4ae8-91a2-4c85a080f332@group-33D70C1D47B9: changes role from  FOLLOWER to CANDIDATE at term 0 for changeToCandidate
2019-10-06 12:19:31,277 [Thread-4595] INFO  impl.RoleInfo (RoleInfo.java:updateAndGet(143)) - f97a78fd-c270-4ae8-91a2-4c85a080f332: start LeaderElection
2019-10-06 12:19:31,322 [aaa86d1a-07c5-4e1d-acb8-947f9ae7d533@group-D083DA16AB09-SegmentedRaftLogWorker] INFO  segmented.SegmentedRaftLogWorker (SegmentedRaftLogWorker.java:execute(574)) - aaa86d1a-07c5-4e1d-acb8-947f9ae7d533@group-D083DA16AB09-SegmentedRaftLogWorker: created new log segment /workdir/hadoop-ozone/integration-test/target/test-dir/MiniOzoneClusterImpl-cc38ce88-594d-4b3c-9c11-37372e9ad5cb/datanode-1/data/ratis/f1d75d30-cb34-4e3e-8d25-d083da16ab09/current/log_inprogress_0
2019-10-06 12:19:31,323 [f97a78fd-c270-4ae8-91a2-4c85a080f332@group-33D70C1D47B9-LeaderElection103] INFO  impl.LeaderElection (LeaderElection.java:askForVotes(178)) - f97a78fd-c270-4ae8-91a2-4c85a080f332@group-33D70C1D47B9-LeaderElection103: begin an election at term 1 for -1: [a03b9670-69e9-4494-8224-9b06463abc23:192.168.30.17:43258, f97a78fd-c270-4ae8-91a2-4c85a080f332:192.168.30.17:40658, b013f667-9a6f-4b01-9f03-c88d83699582:192.168.30.17:34406], old=null
2019-10-06 12:19:31,322 [d1cf100d-d232-4575-b20f-f20364b572fb@group-D083DA16AB09-SegmentedRaftLogWorker] INFO  segmented.SegmentedRaftLogWorker (SegmentedRaftLogWorker.java:execute(574)) - d1cf100d-d232-4575-b20f-f20364b572fb@group-D083DA16AB09-SegmentedRaftLogWorker: created new log segment /workdir/hadoop-ozone/integration-test/target/test-dir/MiniOzoneClusterImpl-cc38ce88-594d-4b3c-9c11-37372e9ad5cb/datanode-3/data/ratis/f1d75d30-cb34-4e3e-8d25-d083da16ab09/current/log_inprogress_0
2019-10-06 12:19:31,326 [grpc-default-executor-10] INFO  impl.RaftServerImpl (RaftServerImpl.java:setRole(170)) - a03b9670-69e9-4494-8224-9b06463abc23@group-33D70C1D47B9: changes role from  FOLLOWER to FOLLOWER at term 1 for recognizeCandidate:f97a78fd-c270-4ae8-91a2-4c85a080f332
2019-10-06 12:19:31,326 [grpc-default-executor-10] INFO  impl.RoleInfo (RoleInfo.java:shutdownFollowerState(121)) - a03b9670-69e9-4494-8224-9b06463abc23: shutdown FollowerState
2019-10-06 12:19:31,326 [grpc-default-executor-10] INFO  impl.RoleInfo (RoleInfo.java:updateAndGet(143)) - a03b9670-69e9-4494-8224-9b06463abc23: start FollowerState
2019-10-06 12:19:31,326 [grpc-default-executor-12] INFO  impl.RaftServerImpl (RaftServerImpl.java:setRole(170)) - b013f667-9a6f-4b01-9f03-c88d83699582@group-33D70C1D47B9: changes role from  FOLLOWER to FOLLOWER at term 1 for recognizeCandidate:f97a78fd-c270-4ae8-91a2-4c85a080f332
2019-10-06 12:19:31,326 [Thread-4599] INFO  impl.FollowerState (FollowerState.java:run(117)) - a03b9670-69e9-4494-8224-9b06463abc23@group-33D70C1D47B9-FollowerState was interrupted: java.lang.InterruptedException: sleep interrupted
2019-10-06 12:19:31,326 [grpc-default-executor-12] INFO  impl.RoleInfo (RoleInfo.java:shutdownFollowerState(121)) - b013f667-9a6f-4b01-9f03-c88d83699582: shutdown FollowerState
2019-10-06 12:19:31,331 [grpc-default-executor-12] INFO  impl.RoleInfo (RoleInfo.java:updateAndGet(143)) - b013f667-9a6f-4b01-9f03-c88d83699582: start FollowerState
2019-10-06 12:19:31,331 [Thread-4600] INFO  impl.FollowerState (FollowerState.java:run(117)) - b013f667-9a6f-4b01-9f03-c88d83699582@group-33D70C1D47B9-FollowerState was interrupted: java.lang.InterruptedException: sleep interrupted
2019-10-06 12:19:31,356 [f97a78fd-c270-4ae8-91a2-4c85a080f332@group-33D70C1D47B9-LeaderElection103] INFO  impl.LeaderElection (LeaderElection.java:logAndReturn(56)) - f97a78fd-c270-4ae8-91a2-4c85a080f332@group-33D70C1D47B9-LeaderElection103: Election PASSED; received 1 response(s) [f97a78fd-c270-4ae8-91a2-4c85a080f332<-a03b9670-69e9-4494-8224-9b06463abc23#0:OK-t1] and 0 exception(s); f97a78fd-c270-4ae8-91a2-4c85a080f332@group-33D70C1D47B9:t1, leader=null, voted=f97a78fd-c270-4ae8-91a2-4c85a080f332, raftlog=f97a78fd-c270-4ae8-91a2-4c85a080f332@group-33D70C1D47B9-SegmentedRaftLog:OPENED:c-1,f-1,i0, conf=-1: [a03b9670-69e9-4494-8224-9b06463abc23:192.168.30.17:43258, f97a78fd-c270-4ae8-91a2-4c85a080f332:192.168.30.17:40658, b013f667-9a6f-4b01-9f03-c88d83699582:192.168.30.17:34406], old=null
2019-10-06 12:19:31,356 [f97a78fd-c270-4ae8-91a2-4c85a080f332@group-33D70C1D47B9-LeaderElection103] INFO  impl.RoleInfo (RoleInfo.java:shutdownLeaderElection(134)) - f97a78fd-c270-4ae8-91a2-4c85a080f332: shutdown LeaderElection
2019-10-06 12:19:31,356 [f97a78fd-c270-4ae8-91a2-4c85a080f332@group-33D70C1D47B9-LeaderElection103] INFO  impl.RaftServerImpl (RaftServerImpl.java:setRole(170)) - f97a78fd-c270-4ae8-91a2-4c85a080f332@group-33D70C1D47B9: changes role from CANDIDATE to LEADER at term 1 for changeToLeader
2019-10-06 12:19:31,356 [f97a78fd-c270-4ae8-91a2-4c85a080f332@group-33D70C1D47B9-LeaderElection103] INFO  impl.RaftServerImpl (ServerState.java:setLeader(255)) - f97a78fd-c270-4ae8-91a2-4c85a080f332@group-33D70C1D47B9: change Leader from null to f97a78fd-c270-4ae8-91a2-4c85a080f332 at term 1 for becomeLeader, leader elected after 5205ms
2019-10-06 12:19:31,356 [f97a78fd-c270-4ae8-91a2-4c85a080f332@group-33D70C1D47B9-LeaderElection103] INFO  server.RaftServerConfigKeys (ConfUtils.java:logGet(43)) - raft.server.staging.catchup.gap = 1000 (default)
2019-10-06 12:19:31,357 [f97a78fd-c270-4ae8-91a2-4c85a080f332@group-33D70C1D47B9-LeaderElection103] INFO  server.RaftServerConfigKeys (ConfUtils.java:logGet(43)) - raft.server.rpc.sleep.time = 25ms (default)
2019-10-06 12:19:31,357 [f97a78fd-c270-4ae8-91a2-4c85a080f332@group-33D70C1D47B9-LeaderElection103] INFO  server.RaftServerConfigKeys (ConfUtils.java:logGet(43)) - raft.server.write.element-limit = 4096 (default)
2019-10-06 12:19:31,357 [f97a78fd-c270-4ae8-91a2-4c85a080f332@group-33D70C1D47B9-LeaderElection103] INFO  server.RaftServerConfigKeys (ConfUtils.java:logGet(43)) - raft.server.watch.timeout = 10s (default)
2019-10-06 12:19:31,357 [f97a78fd-c270-4ae8-91a2-4c85a080f332@group-33D70C1D47B9-LeaderElection103] INFO  server.RaftServerConfigKeys (ConfUtils.java:logGet(43)) - raft.server.watch.timeout.denomination = 1s (default)
2019-10-06 12:19:31,357 [f97a78fd-c270-4ae8-91a2-4c85a080f332@group-33D70C1D47B9-LeaderElection103] INFO  server.RaftServerConfigKeys (ConfUtils.java:logGet(43)) - raft.server.watch.element-limit = 65536 (default)
2019-10-06 12:19:31,359 [f97a78fd-c270-4ae8-91a2-4c85a080f332@group-33D70C1D47B9-LeaderElection103] INFO  server.RaftServerConfigKeys (ConfUtils.java:logGet(43)) - raft.server.log.appender.snapshot.chunk.size.max = 16MB (=16777216) (default)
2019-10-06 12:19:31,359 [f97a78fd-c270-4ae8-91a2-4c85a080f332@group-33D70C1D47B9-LeaderElection103] INFO  server.RaftServerConfigKeys (ConfUtils.java:logGet(43)) - raft.server.log.appender.buffer.byte-limit = 33554432 (custom)
2019-10-06 12:19:31,359 [f97a78fd-c270-4ae8-91a2-4c85a080f332@group-33D70C1D47B9-LeaderElection103] INFO  server.RaftServerConfigKeys (ConfUtils.java:logGet(43)) - raft.server.log.appender.buffer.element-limit = 1 (custom)
2019-10-06 12:19:31,360 [f97a78fd-c270-4ae8-91a2-4c85a080f332@group-33D70C1D47B9-LeaderElection103] INFO  grpc.GrpcConfigKeys$Server (ConfUtils.java:logGet(43)) - raft.grpc.server.leader.outstanding.appends.max = 128 (default)
2019-10-06 12:19:31,360 [f97a78fd-c270-4ae8-91a2-4c85a080f332@group-33D70C1D47B9-LeaderElection103] INFO  server.RaftServerConfigKeys (ConfUtils.java:logGet(43)) - raft.server.rpc.request.timeout = 3000ms (default)
2019-10-06 12:19:31,360 [f97a78fd-c270-4ae8-91a2-4c85a080f332@group-33D70C1D47B9-LeaderElection103] INFO  server.RaftServerConfigKeys (ConfUtils.java:logGet(43)) - raft.server.log.appender.install.snapshot.enabled = false (custom)
2019-10-06 12:19:31,360 [f97a78fd-c270-4ae8-91a2-4c85a080f332@group-33D70C1D47B9-LeaderElection103] INFO  server.RaftServerConfigKeys (ConfUtils.java:logGet(43)) - raft.server.log.appender.snapshot.chunk.size.max = 16MB (=16777216) (default)
2019-10-06 12:19:31,360 [f97a78fd-c270-4ae8-91a2-4c85a080f332@group-33D70C1D47B9-LeaderElection103] INFO  server.RaftServerConfigKeys (ConfUtils.java:logGet(43)) - raft.server.log.appender.buffer.byte-limit = 33554432 (custom)
2019-10-06 12:19:31,360 [f97a78fd-c270-4ae8-91a2-4c85a080f332@group-33D70C1D47B9-LeaderElection103] INFO  server.RaftServerConfigKeys (ConfUtils.java:logGet(43)) - raft.server.log.appender.buffer.element-limit = 1 (custom)
2019-10-06 12:19:31,361 [f97a78fd-c270-4ae8-91a2-4c85a080f332@group-33D70C1D47B9-LeaderElection103] INFO  grpc.GrpcConfigKeys$Server (ConfUtils.java:logGet(43)) - raft.grpc.server.leader.outstanding.appends.max = 128 (default)
2019-10-06 12:19:31,361 [f97a78fd-c270-4ae8-91a2-4c85a080f332@group-33D70C1D47B9-LeaderElection103] INFO  server.RaftServerConfigKeys (ConfUtils.java:logGet(43)) - raft.server.rpc.request.timeout = 3000ms (default)
2019-10-06 12:19:31,361 [f97a78fd-c270-4ae8-91a2-4c85a080f332@group-33D70C1D47B9-LeaderElection103] INFO  server.RaftServerConfigKeys (ConfUtils.java:logGet(43)) - raft.server.log.appender.install.snapshot.enabled = false (custom)
2019-10-06 12:19:31,361 [f97a78fd-c270-4ae8-91a2-4c85a080f332@group-33D70C1D47B9-LeaderElection103] INFO  impl.RoleInfo (RoleInfo.java:updateAndGet(143)) - f97a78fd-c270-4ae8-91a2-4c85a080f332: start LeaderState
2019-10-06 12:19:31,361 [f97a78fd-c270-4ae8-91a2-4c85a080f332@group-33D70C1D47B9-LeaderElection103] INFO  segmented.SegmentedRaftLogWorker (SegmentedRaftLogWorker.java:startLogSegment(385)) - f97a78fd-c270-4ae8-91a2-4c85a080f332@group-33D70C1D47B9-SegmentedRaftLogWorker: Starting segment from index:0
2019-10-06 12:19:31,362 [f97a78fd-c270-4ae8-91a2-4c85a080f332@group-33D70C1D47B9-LeaderElection103] INFO  impl.RaftServerImpl (ServerState.java:setRaftConf(356)) - f97a78fd-c270-4ae8-91a2-4c85a080f332@group-33D70C1D47B9: set configuration 0: [a03b9670-69e9-4494-8224-9b06463abc23:192.168.30.17:43258, f97a78fd-c270-4ae8-91a2-4c85a080f332:192.168.30.17:40658, b013f667-9a6f-4b01-9f03-c88d83699582:192.168.30.17:34406], old=null at 0
2019-10-06 12:19:31,389 [grpc-default-executor-12] INFO  impl.RaftServerImpl (ServerState.java:setLeader(255)) - a03b9670-69e9-4494-8224-9b06463abc23@group-33D70C1D47B9: change Leader from null to f97a78fd-c270-4ae8-91a2-4c85a080f332 at term 1 for appendEntries, leader elected after 5238ms
2019-10-06 12:19:31,393 [Thread-4607] INFO  impl.FollowerState (FollowerState.java:run(108)) - a03b9670-69e9-4494-8224-9b06463abc23@group-5964BDF7D213-FollowerState: change to CANDIDATE, lastRpcTime:5044ms, electionTimeout:5044ms
2019-10-06 12:19:31,393 [grpc-default-executor-12] INFO  impl.RaftServerImpl (ServerState.java:setLeader(255)) - b013f667-9a6f-4b01-9f03-c88d83699582@group-33D70C1D47B9: change Leader from null to f97a78fd-c270-4ae8-91a2-4c85a080f332 at term 1 for appendEntries, leader elected after 5241ms
2019-10-06 12:19:31,403 [f97a78fd-c270-4ae8-91a2-4c85a080f332@group-33D70C1D47B9-SegmentedRaftLogWorker] INFO  segmented.SegmentedRaftLogWorker (SegmentedRaftLogWorker.java:execute(574)) - f97a78fd-c270-4ae8-91a2-4c85a080f332@group-33D70C1D47B9-SegmentedRaftLogWorker: created new log segment /workdir/hadoop-ozone/integration-test/target/test-dir/MiniOzoneClusterImpl-cc38ce88-594d-4b3c-9c11-37372e9ad5cb/datanode-2/data/ratis/5a3f3eac-b613-4920-8bb6-33d70c1d47b9/current/log_inprogress_0
2019-10-06 12:19:31,404 [Thread-4607] INFO  impl.RoleInfo (RoleInfo.java:shutdownFollowerState(121)) - a03b9670-69e9-4494-8224-9b06463abc23: shutdown FollowerState
2019-10-06 12:19:31,404 [Thread-4607] INFO  impl.RaftServerImpl (RaftServerImpl.java:setRole(170)) - a03b9670-69e9-4494-8224-9b06463abc23@group-5964BDF7D213: changes role from  FOLLOWER to CANDIDATE at term 0 for changeToCandidate
2019-10-06 12:19:31,407 [Thread-4607] INFO  impl.RoleInfo (RoleInfo.java:updateAndGet(143)) - a03b9670-69e9-4494-8224-9b06463abc23: start LeaderElection
2019-10-06 12:19:31,414 [grpc-default-executor-12] INFO  impl.RaftServerImpl (ServerState.java:setRaftConf(356)) - a03b9670-69e9-4494-8224-9b06463abc23@group-33D70C1D47B9: set configuration 0: [a03b9670-69e9-4494-8224-9b06463abc23:192.168.30.17:43258, f97a78fd-c270-4ae8-91a2-4c85a080f332:192.168.30.17:40658, b013f667-9a6f-4b01-9f03-c88d83699582:192.168.30.17:34406], old=null at 0
2019-10-06 12:19:31,414 [Thread-4604] INFO  impl.FollowerState (FollowerState.java:run(108)) - b16739f0-2a40-4eaa-b1ff-69d23b3e636e@group-825684D36467-FollowerState: change to CANDIDATE, lastRpcTime:5119ms, electionTimeout:5119ms
2019-10-06 12:19:31,414 [Thread-4604] INFO  impl.RoleInfo (RoleInfo.java:shutdownFollowerState(121)) - b16739f0-2a40-4eaa-b1ff-69d23b3e636e: shutdown FollowerState
2019-10-06 12:19:31,414 [grpc-default-executor-12] INFO  segmented.SegmentedRaftLogWorker (SegmentedRaftLogWorker.java:startLogSegment(385)) - a03b9670-69e9-4494-8224-9b06463abc23@group-33D70C1D47B9-SegmentedRaftLogWorker: Starting segment from index:0
2019-10-06 12:19:31,414 [grpc-default-executor-10] INFO  impl.RaftServerImpl (ServerState.java:setRaftConf(356)) - b013f667-9a6f-4b01-9f03-c88d83699582@group-33D70C1D47B9: set configuration 0: [a03b9670-69e9-4494-8224-9b06463abc23:192.168.30.17:43258, f97a78fd-c270-4ae8-91a2-4c85a080f332:192.168.30.17:40658, b013f667-9a6f-4b01-9f03-c88d83699582:192.168.30.17:34406], old=null at 0
2019-10-06 12:19:31,414 [Thread-4604] INFO  impl.RaftServerImpl (RaftServerImpl.java:setRole(170)) - b16739f0-2a40-4eaa-b1ff-69d23b3e636e@group-825684D36467: changes role from  FOLLOWER to CANDIDATE at term 0 for changeToCandidate
2019-10-06 12:19:31,415 [grpc-default-executor-10] INFO  segmented.SegmentedRaftLogWorker (SegmentedRaftLogWorker.java:startLogSegment(385)) - b013f667-9a6f-4b01-9f03-c88d83699582@group-33D70C1D47B9-SegmentedRaftLogWorker: Starting segment from index:0
2019-10-06 12:19:31,415 [Thread-4604] INFO  impl.RoleInfo (RoleInfo.java:updateAndGet(143)) - b16739f0-2a40-4eaa-b1ff-69d23b3e636e: start LeaderElection
2019-10-06 12:19:31,459 [a03b9670-69e9-4494-8224-9b06463abc23@group-5964BDF7D213-LeaderElection104] INFO  impl.LeaderElection (LeaderElection.java:askForVotes(178)) - a03b9670-69e9-4494-8224-9b06463abc23@group-5964BDF7D213-LeaderElection104: begin an election at term 1 for -1: [a03b9670-69e9-4494-8224-9b06463abc23:192.168.30.17:43258], old=null
2019-10-06 12:19:31,459 [a03b9670-69e9-4494-8224-9b06463abc23@group-5964BDF7D213-LeaderElection104] INFO  impl.RoleInfo (RoleInfo.java:shutdownLeaderElection(134)) - a03b9670-69e9-4494-8224-9b06463abc23: shutdown LeaderElection
2019-10-06 12:19:31,459 [Thread-4610] INFO  impl.FollowerState (FollowerState.java:run(108)) - b013f667-9a6f-4b01-9f03-c88d83699582@group-A40D927D49E4-FollowerState: change to CANDIDATE, lastRpcTime:5055ms, electionTimeout:5054ms
2019-10-06 12:19:31,459 [a03b9670-69e9-4494-8224-9b06463abc23@group-5964BDF7D213-LeaderElection104] INFO  impl.RaftServerImpl (RaftServerImpl.java:setRole(170)) - a03b9670-69e9-4494-8224-9b06463abc23@group-5964BDF7D213: changes role from CANDIDATE to LEADER at term 1 for changeToLeader
2019-10-06 12:19:31,459 [Thread-4610] INFO  impl.RoleInfo (RoleInfo.java:shutdownFollowerState(121)) - b013f667-9a6f-4b01-9f03-c88d83699582: shutdown FollowerState
2019-10-06 12:19:31,459 [a03b9670-69e9-4494-8224-9b06463abc23@group-5964BDF7D213-LeaderElection104] INFO  impl.RaftServerImpl (ServerState.java:setLeader(255)) - a03b9670-69e9-4494-8224-9b06463abc23@group-5964BDF7D213: change Leader from null to a03b9670-69e9-4494-8224-9b06463abc23 at term 1 for becomeLeader, leader elected after 5115ms
2019-10-06 12:19:31,459 [Thread-4610] INFO  impl.RaftServerImpl (RaftServerImpl.java:setRole(170)) - b013f667-9a6f-4b01-9f03-c88d83699582@group-A40D927D49E4: changes role from  FOLLOWER to CANDIDATE at term 0 for changeToCandidate
2019-10-06 12:19:31,459 [a03b9670-69e9-4494-8224-9b06463abc23@group-5964BDF7D213-LeaderElection104] INFO  server.RaftServerConfigKeys (ConfUtils.java:logGet(43)) - raft.server.staging.catchup.gap = 1000 (default)
2019-10-06 12:19:31,459 [Thread-4610] INFO  impl.RoleInfo (RoleInfo.java:updateAndGet(143)) - b013f667-9a6f-4b01-9f03-c88d83699582: start LeaderElection
2019-10-06 12:19:31,460 [a03b9670-69e9-4494-8224-9b06463abc23@group-5964BDF7D213-LeaderElection104] INFO  server.RaftServerConfigKeys (ConfUtils.java:logGet(43)) - raft.server.rpc.sleep.time = 25ms (default)
2019-10-06 12:19:31,486 [a03b9670-69e9-4494-8224-9b06463abc23@group-33D70C1D47B9-SegmentedRaftLogWorker] INFO  segmented.SegmentedRaftLogWorker (SegmentedRaftLogWorker.java:execute(574)) - a03b9670-69e9-4494-8224-9b06463abc23@group-33D70C1D47B9-SegmentedRaftLogWorker: created new log segment /workdir/hadoop-ozone/integration-test/target/test-dir/MiniOzoneClusterImpl-cc38ce88-594d-4b3c-9c11-37372e9ad5cb/datanode-4/data/ratis/5a3f3eac-b613-4920-8bb6-33d70c1d47b9/current/log_inprogress_0
2019-10-06 12:19:31,486 [b16739f0-2a40-4eaa-b1ff-69d23b3e636e@group-825684D36467-LeaderElection105] INFO  impl.LeaderElection (LeaderElection.java:askForVotes(178)) - b16739f0-2a40-4eaa-b1ff-69d23b3e636e@group-825684D36467-LeaderElection105: begin an election at term 1 for -1: [b16739f0-2a40-4eaa-b1ff-69d23b3e636e:192.168.30.17:42444], old=null
2019-10-06 12:19:31,486 [a03b9670-69e9-4494-8224-9b06463abc23@group-5964BDF7D213-LeaderElection104] INFO  server.RaftServerConfigKeys (ConfUtils.java:logGet(43)) - raft.server.write.element-limit = 4096 (default)
2019-10-06 12:19:31,494 [b16739f0-2a40-4eaa-b1ff-69d23b3e636e@group-825684D36467-LeaderElection105] INFO  impl.RoleInfo (RoleInfo.java:shutdownLeaderElection(134)) - b16739f0-2a40-4eaa-b1ff-69d23b3e636e: shutdown LeaderElection
2019-10-06 12:19:31,494 [a03b9670-69e9-4494-8224-9b06463abc23@group-5964BDF7D213-LeaderElection104] INFO  server.RaftServerConfigKeys (ConfUtils.java:logGet(43)) - raft.server.watch.timeout = 10s (default)
2019-10-06 12:19:31,494 [b013f667-9a6f-4b01-9f03-c88d83699582@group-33D70C1D47B9-SegmentedRaftLogWorker] INFO  segmented.SegmentedRaftLogWorker (SegmentedRaftLogWorker.java:execute(574)) - b013f667-9a6f-4b01-9f03-c88d83699582@group-33D70C1D47B9-SegmentedRaftLogWorker: created new log segment /workdir/hadoop-ozone/integration-test/target/test-dir/MiniOzoneClusterImpl-cc38ce88-594d-4b3c-9c11-37372e9ad5cb/datanode-5/data/ratis/5a3f3eac-b613-4920-8bb6-33d70c1d47b9/current/log_inprogress_0
2019-10-06 12:19:31,494 [a03b9670-69e9-4494-8224-9b06463abc23@group-5964BDF7D213-LeaderElection104] INFO  server.RaftServerConfigKeys (ConfUtils.java:logGet(43)) - raft.server.watch.timeout.denomination = 1s (default)
2019-10-06 12:19:31,494 [b16739f0-2a40-4eaa-b1ff-69d23b3e636e@group-825684D36467-LeaderElection105] INFO  impl.RaftServerImpl (RaftServerImpl.java:setRole(170)) - b16739f0-2a40-4eaa-b1ff-69d23b3e636e@group-825684D36467: changes role from CANDIDATE to LEADER at term 1 for changeToLeader
2019-10-06 12:19:31,494 [a03b9670-69e9-4494-8224-9b06463abc23@group-5964BDF7D213-LeaderElection104] INFO  server.RaftServerConfigKeys (ConfUtils.java:logGet(43)) - raft.server.watch.element-limit = 65536 (default)
2019-10-06 12:19:31,494 [b16739f0-2a40-4eaa-b1ff-69d23b3e636e@group-825684D36467-LeaderElection105] INFO  impl.RaftServerImpl (ServerState.java:setLeader(255)) - b16739f0-2a40-4eaa-b1ff-69d23b3e636e@group-825684D36467: change Leader from null to b16739f0-2a40-4eaa-b1ff-69d23b3e636e at term 1 for becomeLeader, leader elected after 5206ms
2019-10-06 12:19:31,494 [b16739f0-2a40-4eaa-b1ff-69d23b3e636e@group-825684D36467-LeaderElection105] INFO  server.RaftServerConfigKeys (ConfUtils.java:logGet(43)) - raft.server.staging.catchup.gap = 1000 (default)
2019-10-06 12:19:31,495 [b16739f0-2a40-4eaa-b1ff-69d23b3e636e@group-825684D36467-LeaderElection105] INFO  server.RaftServerConfigKeys (ConfUtils.java:logGet(43)) - raft.server.rpc.sleep.time = 25ms (default)
2019-10-06 12:19:31,495 [b16739f0-2a40-4eaa-b1ff-69d23b3e636e@group-825684D36467-LeaderElection105] INFO  server.RaftServerConfigKeys (ConfUtils.java:logGet(43)) - raft.server.write.element-limit = 4096 (default)
2019-10-06 12:19:31,495 [b16739f0-2a40-4eaa-b1ff-69d23b3e636e@group-825684D36467-LeaderElection105] INFO  server.RaftServerConfigKeys (ConfUtils.java:logGet(43)) - raft.server.watch.timeout = 10s (default)
2019-10-06 12:19:31,495 [b16739f0-2a40-4eaa-b1ff-69d23b3e636e@group-825684D36467-LeaderElection105] INFO  server.RaftServerConfigKeys (ConfUtils.java:logGet(43)) - raft.server.watch.timeout.denomination = 1s (default)
2019-10-06 12:19:31,495 [b16739f0-2a40-4eaa-b1ff-69d23b3e636e@group-825684D36467-LeaderElection105] INFO  server.RaftServerConfigKeys (ConfUtils.java:logGet(43)) - raft.server.watch.element-limit = 65536 (default)
2019-10-06 12:19:31,496 [a03b9670-69e9-4494-8224-9b06463abc23@group-5964BDF7D213-LeaderElection104] INFO  impl.RoleInfo (RoleInfo.java:updateAndGet(143)) - a03b9670-69e9-4494-8224-9b06463abc23: start LeaderState
2019-10-06 12:19:31,496 [a03b9670-69e9-4494-8224-9b06463abc23@group-5964BDF7D213-LeaderElection104] INFO  segmented.SegmentedRaftLogWorker (SegmentedRaftLogWorker.java:startLogSegment(385)) - a03b9670-69e9-4494-8224-9b06463abc23@group-5964BDF7D213-SegmentedRaftLogWorker: Starting segment from index:0
2019-10-06 12:19:31,496 [a03b9670-69e9-4494-8224-9b06463abc23@group-5964BDF7D213-LeaderElection104] INFO  impl.RaftServerImpl (ServerState.java:setRaftConf(356)) - a03b9670-69e9-4494-8224-9b06463abc23@group-5964BDF7D213: set configuration 0: [a03b9670-69e9-4494-8224-9b06463abc23:192.168.30.17:43258], old=null at 0
2019-10-06 12:19:31,497 [b16739f0-2a40-4eaa-b1ff-69d23b3e636e@group-825684D36467-LeaderElection105] INFO  impl.RoleInfo (RoleInfo.java:updateAndGet(143)) - b16739f0-2a40-4eaa-b1ff-69d23b3e636e: start LeaderState
2019-10-06 12:19:31,497 [b16739f0-2a40-4eaa-b1ff-69d23b3e636e@group-825684D36467-LeaderElection105] INFO  segmented.SegmentedRaftLogWorker (SegmentedRaftLogWorker.java:startLogSegment(385)) - b16739f0-2a40-4eaa-b1ff-69d23b3e636e@group-825684D36467-SegmentedRaftLogWorker: Starting segment from index:0
2019-10-06 12:19:31,498 [b16739f0-2a40-4eaa-b1ff-69d23b3e636e@group-825684D36467-LeaderElection105] INFO  impl.RaftServerImpl (ServerState.java:setRaftConf(356)) - b16739f0-2a40-4eaa-b1ff-69d23b3e636e@group-825684D36467: set configuration 0: [b16739f0-2a40-4eaa-b1ff-69d23b3e636e:192.168.30.17:42444], old=null at 0
2019-10-06 12:19:31,734 [b013f667-9a6f-4b01-9f03-c88d83699582@group-A40D927D49E4-LeaderElection106] INFO  impl.LeaderElection (LeaderElection.java:askForVotes(178)) - b013f667-9a6f-4b01-9f03-c88d83699582@group-A40D927D49E4-LeaderElection106: begin an election at term 1 for -1: [b013f667-9a6f-4b01-9f03-c88d83699582:192.168.30.17:34406], old=null
2019-10-06 12:19:31,734 [b013f667-9a6f-4b01-9f03-c88d83699582@group-A40D927D49E4-LeaderElection106] INFO  impl.RoleInfo (RoleInfo.java:shutdownLeaderElection(134)) - b013f667-9a6f-4b01-9f03-c88d83699582: shutdown LeaderElection
2019-10-06 12:19:31,735 [b013f667-9a6f-4b01-9f03-c88d83699582@group-A40D927D49E4-LeaderElection106] INFO  impl.RaftServerImpl (RaftServerImpl.java:setRole(170)) - b013f667-9a6f-4b01-9f03-c88d83699582@group-A40D927D49E4: changes role from CANDIDATE to LEADER at term 1 for changeToLeader
2019-10-06 12:19:31,735 [a03b9670-69e9-4494-8224-9b06463abc23@group-5964BDF7D213-SegmentedRaftLogWorker] INFO  segmented.SegmentedRaftLogWorker (SegmentedRaftLogWorker.java:execute(574)) - a03b9670-69e9-4494-8224-9b06463abc23@group-5964BDF7D213-SegmentedRaftLogWorker: created new log segment /workdir/hadoop-ozone/integration-test/target/test-dir/MiniOzoneClusterImpl-cc38ce88-594d-4b3c-9c11-37372e9ad5cb/datanode-4/data/ratis/359a3c89-de56-4022-a181-5964bdf7d213/current/log_inprogress_0
2019-10-06 12:19:31,739 [b16739f0-2a40-4eaa-b1ff-69d23b3e636e@group-825684D36467-SegmentedRaftLogWorker] INFO  segmented.SegmentedRaftLogWorker (SegmentedRaftLogWorker.java:execute(574)) - b16739f0-2a40-4eaa-b1ff-69d23b3e636e@group-825684D36467-SegmentedRaftLogWorker: created new log segment /workdir/hadoop-ozone/integration-test/target/test-dir/MiniOzoneClusterImpl-cc38ce88-594d-4b3c-9c11-37372e9ad5cb/datanode-6/data/ratis/f8666b4a-995b-4bee-bf85-825684d36467/current/log_inprogress_0
2019-10-06 12:19:31,735 [b013f667-9a6f-4b01-9f03-c88d83699582@group-A40D927D49E4-LeaderElection106] INFO  impl.RaftServerImpl (ServerState.java:setLeader(255)) - b013f667-9a6f-4b01-9f03-c88d83699582@group-A40D927D49E4: change Leader from null to b013f667-9a6f-4b01-9f03-c88d83699582 at term 1 for becomeLeader, leader elected after 5336ms
2019-10-06 12:19:31,744 [b013f667-9a6f-4b01-9f03-c88d83699582@group-A40D927D49E4-LeaderElection106] INFO  server.RaftServerConfigKeys (ConfUtils.java:logGet(43)) - raft.server.staging.catchup.gap = 1000 (default)
2019-10-06 12:19:31,745 [b013f667-9a6f-4b01-9f03-c88d83699582@group-A40D927D49E4-LeaderElection106] INFO  server.RaftServerConfigKeys (ConfUtils.java:logGet(43)) - raft.server.rpc.sleep.time = 25ms (default)
2019-10-06 12:19:31,745 [b013f667-9a6f-4b01-9f03-c88d83699582@group-A40D927D49E4-LeaderElection106] INFO  server.RaftServerConfigKeys (ConfUtils.java:logGet(43)) - raft.server.write.element-limit = 4096 (default)
2019-10-06 12:19:31,745 [b013f667-9a6f-4b01-9f03-c88d83699582@group-A40D927D49E4-LeaderElection106] INFO  server.RaftServerConfigKeys (ConfUtils.java:logGet(43)) - raft.server.watch.timeout = 10s (default)
2019-10-06 12:19:31,745 [b013f667-9a6f-4b01-9f03-c88d83699582@group-A40D927D49E4-LeaderElection106] INFO  server.RaftServerConfigKeys (ConfUtils.java:logGet(43)) - raft.server.watch.timeout.denomination = 1s (default)
2019-10-06 12:19:31,749 [b013f667-9a6f-4b01-9f03-c88d83699582@group-A40D927D49E4-LeaderElection106] INFO  server.RaftServerConfigKeys (ConfUtils.java:logGet(43)) - raft.server.watch.element-limit = 65536 (default)
2019-10-06 12:19:31,802 [b013f667-9a6f-4b01-9f03-c88d83699582@group-A40D927D49E4-LeaderElection106] INFO  impl.RoleInfo (RoleInfo.java:updateAndGet(143)) - b013f667-9a6f-4b01-9f03-c88d83699582: start LeaderState
2019-10-06 12:19:31,807 [b013f667-9a6f-4b01-9f03-c88d83699582@group-A40D927D49E4-LeaderElection106] INFO  segmented.SegmentedRaftLogWorker (SegmentedRaftLogWorker.java:startLogSegment(385)) - b013f667-9a6f-4b01-9f03-c88d83699582@group-A40D927D49E4-SegmentedRaftLogWorker: Starting segment from index:0
2019-10-06 12:19:31,834 [b013f667-9a6f-4b01-9f03-c88d83699582@group-A40D927D49E4-LeaderElection106] INFO  impl.RaftServerImpl (ServerState.java:setRaftConf(356)) - b013f667-9a6f-4b01-9f03-c88d83699582@group-A40D927D49E4: set configuration 0: [b013f667-9a6f-4b01-9f03-c88d83699582:192.168.30.17:34406], old=null at 0
2019-10-06 12:19:31,934 [b013f667-9a6f-4b01-9f03-c88d83699582@group-A40D927D49E4-SegmentedRaftLogWorker] INFO  segmented.SegmentedRaftLogWorker (SegmentedRaftLogWorker.java:execute(574)) - b013f667-9a6f-4b01-9f03-c88d83699582@group-A40D927D49E4-SegmentedRaftLogWorker: created new log segment /workdir/hadoop-ozone/integration-test/target/test-dir/MiniOzoneClusterImpl-cc38ce88-594d-4b3c-9c11-37372e9ad5cb/datanode-5/data/ratis/6bfc473b-cc18-4da1-b9f3-a40d927d49e4/current/log_inprogress_0
2019-10-06 12:19:33,163 [main] WARN  scm.XceiverClientRatis (XceiverClientRatis.java:watchForCommit(292)) - 3 way commit failed on pipeline Pipeline[ Id: 5a3f3eac-b613-4920-8bb6-33d70c1d47b9, Nodes: f97a78fd-c270-4ae8-91a2-4c85a080f332{ip: 192.168.30.17, host: ozone-build-dev-sjjt9-54166716, networkLocation: /default-rack, certSerialId: null}a03b9670-69e9-4494-8224-9b06463abc23{ip: 192.168.30.17, host: ozone-build-dev-sjjt9-54166716, networkLocation: /default-rack, certSerialId: null}b013f667-9a6f-4b01-9f03-c88d83699582{ip: 192.168.30.17, host: ozone-build-dev-sjjt9-54166716, networkLocation: /default-rack, certSerialId: null}, Type:RATIS, Factor:THREE, State:OPEN]
java.util.concurrent.TimeoutException
	at java.util.concurrent.CompletableFuture.timedGet(CompletableFuture.java:1771)
	at java.util.concurrent.CompletableFuture.get(CompletableFuture.java:1915)
	at org.apache.hadoop.hdds.scm.XceiverClientRatis.watchForCommit(XceiverClientRatis.java:289)
	at org.apache.hadoop.hdds.scm.storage.CommitWatcher.watchForCommit(CommitWatcher.java:194)
	at org.apache.hadoop.hdds.scm.storage.CommitWatcher.watchOnLastIndex(CommitWatcher.java:157)
	at org.apache.hadoop.hdds.scm.storage.BlockOutputStream.watchForCommit(BlockOutputStream.java:347)
	at org.apache.hadoop.hdds.scm.storage.BlockOutputStream.handleFlush(BlockOutputStream.java:479)
	at org.apache.hadoop.hdds.scm.storage.BlockOutputStream.flush(BlockOutputStream.java:428)
	at org.apache.hadoop.ozone.client.io.BlockOutputStreamEntry.flush(BlockOutputStreamEntry.java:136)
	at org.apache.hadoop.ozone.client.io.KeyOutputStream.handleFlushOrClose(KeyOutputStream.java:443)
	at org.apache.hadoop.ozone.client.io.KeyOutputStream.flush(KeyOutputStream.java:397)
	at org.apache.hadoop.ozone.client.io.OzoneOutputStream.flush(OzoneOutputStream.java:54)
	at org.apache.hadoop.ozone.client.rpc.TestBlockOutputStreamWithFailures.testExceptionDuringClose(TestBlockOutputStreamWithFailures.java:720)
	at sun.reflect.NativeMethodAccessorImpl.invoke0(Native Method)
	at sun.reflect.NativeMethodAccessorImpl.invoke(NativeMethodAccessorImpl.java:62)
	at sun.reflect.DelegatingMethodAccessorImpl.invoke(DelegatingMethodAccessorImpl.java:43)
	at java.lang.reflect.Method.invoke(Method.java:498)
	at org.junit.runners.model.FrameworkMethod$1.runReflectiveCall(FrameworkMethod.java:47)
	at org.junit.internal.runners.model.ReflectiveCallable.run(ReflectiveCallable.java:12)
	at org.junit.runners.model.FrameworkMethod.invokeExplosively(FrameworkMethod.java:44)
	at org.junit.internal.runners.statements.InvokeMethod.evaluate(InvokeMethod.java:17)
	at org.junit.internal.runners.statements.RunBefores.evaluate(RunBefores.java:26)
	at org.junit.internal.runners.statements.RunAfters.evaluate(RunAfters.java:27)
	at org.junit.runners.ParentRunner.runLeaf(ParentRunner.java:271)
	at org.junit.runners.BlockJUnit4ClassRunner.runChild(BlockJUnit4ClassRunner.java:70)
	at org.junit.runners.BlockJUnit4ClassRunner.runChild(BlockJUnit4ClassRunner.java:50)
	at org.junit.runners.ParentRunner$3.run(ParentRunner.java:238)
	at org.junit.runners.ParentRunner$1.schedule(ParentRunner.java:63)
	at org.junit.runners.ParentRunner.runChildren(ParentRunner.java:236)
	at org.junit.runners.ParentRunner.access$000(ParentRunner.java:53)
	at org.junit.runners.ParentRunner$2.evaluate(ParentRunner.java:229)
	at org.junit.runners.ParentRunner.run(ParentRunner.java:309)
	at org.apache.maven.surefire.junit4.JUnit4Provider.execute(JUnit4Provider.java:365)
	at org.apache.maven.surefire.junit4.JUnit4Provider.executeWithRerun(JUnit4Provider.java:273)
	at org.apache.maven.surefire.junit4.JUnit4Provider.executeTestSet(JUnit4Provider.java:238)
	at org.apache.maven.surefire.junit4.JUnit4Provider.invoke(JUnit4Provider.java:159)
	at org.apache.maven.surefire.booter.ForkedBooter.invokeProviderInSameClassLoader(ForkedBooter.java:384)
	at org.apache.maven.surefire.booter.ForkedBooter.runSuitesInProcess(ForkedBooter.java:345)
	at org.apache.maven.surefire.booter.ForkedBooter.execute(ForkedBooter.java:126)
	at org.apache.maven.surefire.booter.ForkedBooter.main(ForkedBooter.java:418)
2019-10-06 12:19:34,173 [main] WARN  storage.CommitWatcher (CommitWatcher.java:watchForCommit(203)) - watchForCommit failed for index 4
java.util.concurrent.TimeoutException
	at java.util.concurrent.CompletableFuture.timedGet(CompletableFuture.java:1771)
	at java.util.concurrent.CompletableFuture.get(CompletableFuture.java:1915)
	at org.apache.hadoop.hdds.scm.XceiverClientRatis.watchForCommit(XceiverClientRatis.java:298)
	at org.apache.hadoop.hdds.scm.storage.CommitWatcher.watchForCommit(CommitWatcher.java:194)
	at org.apache.hadoop.hdds.scm.storage.CommitWatcher.watchOnLastIndex(CommitWatcher.java:157)
	at org.apache.hadoop.hdds.scm.storage.BlockOutputStream.watchForCommit(BlockOutputStream.java:347)
	at org.apache.hadoop.hdds.scm.storage.BlockOutputStream.handleFlush(BlockOutputStream.java:479)
	at org.apache.hadoop.hdds.scm.storage.BlockOutputStream.flush(BlockOutputStream.java:428)
	at org.apache.hadoop.ozone.client.io.BlockOutputStreamEntry.flush(BlockOutputStreamEntry.java:136)
	at org.apache.hadoop.ozone.client.io.KeyOutputStream.handleFlushOrClose(KeyOutputStream.java:443)
	at org.apache.hadoop.ozone.client.io.KeyOutputStream.flush(KeyOutputStream.java:397)
	at org.apache.hadoop.ozone.client.io.OzoneOutputStream.flush(OzoneOutputStream.java:54)
	at org.apache.hadoop.ozone.client.rpc.TestBlockOutputStreamWithFailures.testExceptionDuringClose(TestBlockOutputStreamWithFailures.java:720)
	at sun.reflect.NativeMethodAccessorImpl.invoke0(Native Method)
	at sun.reflect.NativeMethodAccessorImpl.invoke(NativeMethodAccessorImpl.java:62)
	at sun.reflect.DelegatingMethodAccessorImpl.invoke(DelegatingMethodAccessorImpl.java:43)
	at java.lang.reflect.Method.invoke(Method.java:498)
	at org.junit.runners.model.FrameworkMethod$1.runReflectiveCall(FrameworkMethod.java:47)
	at org.junit.internal.runners.model.ReflectiveCallable.run(ReflectiveCallable.java:12)
	at org.junit.runners.model.FrameworkMethod.invokeExplosively(FrameworkMethod.java:44)
	at org.junit.internal.runners.statements.InvokeMethod.evaluate(InvokeMethod.java:17)
	at org.junit.internal.runners.statements.RunBefores.evaluate(RunBefores.java:26)
	at org.junit.internal.runners.statements.RunAfters.evaluate(RunAfters.java:27)
	at org.junit.runners.ParentRunner.runLeaf(ParentRunner.java:271)
	at org.junit.runners.BlockJUnit4ClassRunner.runChild(BlockJUnit4ClassRunner.java:70)
	at org.junit.runners.BlockJUnit4ClassRunner.runChild(BlockJUnit4ClassRunner.java:50)
	at org.junit.runners.ParentRunner$3.run(ParentRunner.java:238)
	at org.junit.runners.ParentRunner$1.schedule(ParentRunner.java:63)
	at org.junit.runners.ParentRunner.runChildren(ParentRunner.java:236)
	at org.junit.runners.ParentRunner.access$000(ParentRunner.java:53)
	at org.junit.runners.ParentRunner$2.evaluate(ParentRunner.java:229)
	at org.junit.runners.ParentRunner.run(ParentRunner.java:309)
	at org.apache.maven.surefire.junit4.JUnit4Provider.execute(JUnit4Provider.java:365)
	at org.apache.maven.surefire.junit4.JUnit4Provider.executeWithRerun(JUnit4Provider.java:273)
	at org.apache.maven.surefire.junit4.JUnit4Provider.executeTestSet(JUnit4Provider.java:238)
	at org.apache.maven.surefire.junit4.JUnit4Provider.invoke(JUnit4Provider.java:159)
	at org.apache.maven.surefire.booter.ForkedBooter.invokeProviderInSameClassLoader(ForkedBooter.java:384)
	at org.apache.maven.surefire.booter.ForkedBooter.runSuitesInProcess(ForkedBooter.java:345)
	at org.apache.maven.surefire.booter.ForkedBooter.execute(ForkedBooter.java:126)
	at org.apache.maven.surefire.booter.ForkedBooter.main(ForkedBooter.java:418)
2019-10-06 12:19:34,175 [main] WARN  io.KeyOutputStream (KeyOutputStream.java:handleException(274)) - Encountered exception java.io.IOException: Unexpected Storage Container Exception: java.io.IOException: Unexpected Storage Container Exception: java.util.concurrent.TimeoutException on the pipeline Pipeline[ Id: 5a3f3eac-b613-4920-8bb6-33d70c1d47b9, Nodes: f97a78fd-c270-4ae8-91a2-4c85a080f332{ip: 192.168.30.17, host: ozone-build-dev-sjjt9-54166716, networkLocation: /default-rack, certSerialId: null}a03b9670-69e9-4494-8224-9b06463abc23{ip: 192.168.30.17, host: ozone-build-dev-sjjt9-54166716, networkLocation: /default-rack, certSerialId: null}b013f667-9a6f-4b01-9f03-c88d83699582{ip: 192.168.30.17, host: ozone-build-dev-sjjt9-54166716, networkLocation: /default-rack, certSerialId: null}, Type:RATIS, Factor:THREE, State:OPEN]. The last committed block length is 0, uncommitted data length is 167 retry count 0
2019-10-06 12:19:34,453 [main] INFO  ozone.MiniOzoneClusterImpl (MiniOzoneClusterImpl.java:shutdown(314)) - Shutting down the Mini Ozone Cluster
2019-10-06 12:19:34,454 [main] INFO  ozone.MiniOzoneClusterImpl (MiniOzoneClusterImpl.java:stop(330)) - Stopping the Mini Ozone Cluster
2019-10-06 12:19:34,454 [main] INFO  ozone.MiniOzoneClusterImpl (MiniOzoneClusterImpl.java:stopOM(400)) - Stopping the OzoneManager
2019-10-06 12:19:34,454 [main] INFO  ipc.Server (Server.java:stop(3082)) - Stopping server on 33353
2019-10-06 12:19:34,491 [IPC Server listener on 33353] INFO  ipc.Server (Server.java:run(1185)) - Stopping IPC Server listener on 33353
2019-10-06 12:19:34,494 [IPC Server Responder] INFO  ipc.Server (Server.java:run(1319)) - Stopping IPC Server Responder
2019-10-06 12:19:34,491 [main] INFO  ratis.OzoneManagerDoubleBuffer (OzoneManagerDoubleBuffer.java:stop(248)) - Stopping OMDoubleBuffer flush thread
2019-10-06 12:19:34,497 [OMDoubleBufferFlushThread] INFO  ratis.OzoneManagerDoubleBuffer (OzoneManagerDoubleBuffer.java:flushTransactions(191)) - OMDoubleBuffer flush thread OMDoubleBufferFlushThread is interrupted and will exit. OMDoubleBufferFlushThread
2019-10-06 12:19:34,497 [main] INFO  utils.BackgroundService (BackgroundService.java:shutdown(148)) - Shutting down service KeyDeletingService
2019-10-06 12:19:34,499 [main] INFO  handler.ContextHandler (ContextHandler.java:doStop(910)) - Stopped o.e.j.w.WebAppContext@41167ded{/,null,UNAVAILABLE}{/ozoneManager}
2019-10-06 12:19:34,500 [main] INFO  server.AbstractConnector (AbstractConnector.java:doStop(318)) - Stopped ServerConnector@13e1e816{HTTP/1.1,[http/1.1]}{0.0.0.0:0}
2019-10-06 12:19:34,500 [main] INFO  handler.ContextHandler (ContextHandler.java:doStop(910)) - Stopped o.e.j.s.ServletContextHandler@42576db9{/static,file:///workdir/hadoop-ozone/integration-test/target/test-classes/webapps/static,UNAVAILABLE}
2019-10-06 12:19:34,501 [main] INFO  handler.ContextHandler (ContextHandler.java:doStop(910)) - Stopped o.e.j.s.ServletContextHandler@2bfc8558{/logs,file:///workdir/hadoop-ozone/integration-test/target/log,UNAVAILABLE}
2019-10-06 12:19:34,504 [main] INFO  ozone.MiniOzoneClusterImpl (MiniOzoneClusterImpl.java:stopDatanodes(377)) - Stopping the HddsDatanodes
2019-10-06 12:19:35,053 [Datanode State Machine Thread - 0] INFO  statemachine.DatanodeStateMachine (DatanodeStateMachine.java:lambda$startDaemon$0(350)) - Ozone container server started.
2019-10-06 12:19:35,369 [Datanode State Machine Thread - 0] INFO  statemachine.DatanodeStateMachine (DatanodeStateMachine.java:lambda$startDaemon$0(350)) - Ozone container server started.
2019-10-06 12:19:39,097 [EventQueue-StaleNodeForStaleNodeHandler] INFO  node.StaleNodeHandler (StaleNodeHandler.java:onMessage(58)) - Datanode a03b9670-69e9-4494-8224-9b06463abc23{ip: 192.168.30.17, host: ozone-build-dev-sjjt9-54166716, networkLocation: /default-rack, certSerialId: null} moved to stale state. Finalizing its pipelines [PipelineID=5a3f3eac-b613-4920-8bb6-33d70c1d47b9, PipelineID=359a3c89-de56-4022-a181-5964bdf7d213]
2019-10-06 12:19:39,098 [EventQueue-StaleNodeForStaleNodeHandler] INFO  pipeline.SCMPipelineManager (SCMPipelineManager.java:finalizeAndDestroyPipeline(315)) - destroying pipeline:Pipeline[ Id: 5a3f3eac-b613-4920-8bb6-33d70c1d47b9, Nodes: f97a78fd-c270-4ae8-91a2-4c85a080f332{ip: 192.168.30.17, host: ozone-build-dev-sjjt9-54166716, networkLocation: /default-rack, certSerialId: null}a03b9670-69e9-4494-8224-9b06463abc23{ip: 192.168.30.17, host: ozone-build-dev-sjjt9-54166716, networkLocation: /default-rack, certSerialId: null}b013f667-9a6f-4b01-9f03-c88d83699582{ip: 192.168.30.17, host: ozone-build-dev-sjjt9-54166716, networkLocation: /default-rack, certSerialId: null}, Type:RATIS, Factor:THREE, State:OPEN]
2019-10-06 12:19:39,099 [EventQueue-StaleNodeForStaleNodeHandler] INFO  pipeline.PipelineStateManager (PipelineStateManager.java:finalizePipeline(123)) - Pipeline Pipeline[ Id: 5a3f3eac-b613-4920-8bb6-33d70c1d47b9, Nodes: f97a78fd-c270-4ae8-91a2-4c85a080f332{ip: 192.168.30.17, host: ozone-build-dev-sjjt9-54166716, networkLocation: /default-rack, certSerialId: null}a03b9670-69e9-4494-8224-9b06463abc23{ip: 192.168.30.17, host: ozone-build-dev-sjjt9-54166716, networkLocation: /default-rack, certSerialId: null}b013f667-9a6f-4b01-9f03-c88d83699582{ip: 192.168.30.17, host: ozone-build-dev-sjjt9-54166716, networkLocation: /default-rack, certSerialId: null}, Type:RATIS, Factor:THREE, State:CLOSED] moved to CLOSED state
2019-10-06 12:19:39,100 [EventQueue-CloseContainerForCloseContainerEventHandler] INFO  container.CloseContainerEventHandler (CloseContainerEventHandler.java:onMessage(61)) - Close container Event triggered for container : #1
2019-10-06 12:19:39,107 [EventQueue-StaleNodeForStaleNodeHandler] INFO  pipeline.SCMPipelineManager (SCMPipelineManager.java:finalizeAndDestroyPipeline(315)) - destroying pipeline:Pipeline[ Id: 359a3c89-de56-4022-a181-5964bdf7d213, Nodes: a03b9670-69e9-4494-8224-9b06463abc23{ip: 192.168.30.17, host: ozone-build-dev-sjjt9-54166716, networkLocation: /default-rack, certSerialId: null}, Type:RATIS, Factor:ONE, State:OPEN]
2019-10-06 12:19:39,111 [EventQueue-StaleNodeForStaleNodeHandler] INFO  pipeline.PipelineStateManager (PipelineStateManager.java:finalizePipeline(123)) - Pipeline Pipeline[ Id: 359a3c89-de56-4022-a181-5964bdf7d213, Nodes: a03b9670-69e9-4494-8224-9b06463abc23{ip: 192.168.30.17, host: ozone-build-dev-sjjt9-54166716, networkLocation: /default-rack, certSerialId: null}, Type:RATIS, Factor:ONE, State:CLOSED] moved to CLOSED state
2019-10-06 12:19:39,397 [EventQueue-StaleNodeForStaleNodeHandler] INFO  node.StaleNodeHandler (StaleNodeHandler.java:onMessage(58)) - Datanode aaa86d1a-07c5-4e1d-acb8-947f9ae7d533{ip: 192.168.30.17, host: ozone-build-dev-sjjt9-54166716, networkLocation: /default-rack, certSerialId: null} moved to stale state. Finalizing its pipelines [PipelineID=961ae13a-cf3a-41c8-9bb4-6105c41f2fbf, PipelineID=f1d75d30-cb34-4e3e-8d25-d083da16ab09]
2019-10-06 12:19:39,398 [EventQueue-StaleNodeForStaleNodeHandler] INFO  pipeline.SCMPipelineManager (SCMPipelineManager.java:finalizeAndDestroyPipeline(315)) - destroying pipeline:Pipeline[ Id: 961ae13a-cf3a-41c8-9bb4-6105c41f2fbf, Nodes: aaa86d1a-07c5-4e1d-acb8-947f9ae7d533{ip: 192.168.30.17, host: ozone-build-dev-sjjt9-54166716, networkLocation: /default-rack, certSerialId: null}, Type:RATIS, Factor:ONE, State:OPEN]
2019-10-06 12:19:39,398 [EventQueue-StaleNodeForStaleNodeHandler] INFO  pipeline.PipelineStateManager (PipelineStateManager.java:finalizePipeline(123)) - Pipeline Pipeline[ Id: 961ae13a-cf3a-41c8-9bb4-6105c41f2fbf, Nodes: aaa86d1a-07c5-4e1d-acb8-947f9ae7d533{ip: 192.168.30.17, host: ozone-build-dev-sjjt9-54166716, networkLocation: /default-rack, certSerialId: null}, Type:RATIS, Factor:ONE, State:CLOSED] moved to CLOSED state
2019-10-06 12:19:39,398 [EventQueue-StaleNodeForStaleNodeHandler] INFO  pipeline.SCMPipelineManager (SCMPipelineManager.java:finalizeAndDestroyPipeline(315)) - destroying pipeline:Pipeline[ Id: f1d75d30-cb34-4e3e-8d25-d083da16ab09, Nodes: d1cf100d-d232-4575-b20f-f20364b572fb{ip: 192.168.30.17, host: ozone-build-dev-sjjt9-54166716, networkLocation: /default-rack, certSerialId: null}aaa86d1a-07c5-4e1d-acb8-947f9ae7d533{ip: 192.168.30.17, host: ozone-build-dev-sjjt9-54166716, networkLocation: /default-rack, certSerialId: null}a64da041-3938-438c-85b5-761f02538d2b{ip: 192.168.30.17, host: ozone-build-dev-sjjt9-54166716, networkLocation: /default-rack, certSerialId: null}, Type:RATIS, Factor:THREE, State:OPEN]
2019-10-06 12:19:39,398 [EventQueue-StaleNodeForStaleNodeHandler] INFO  pipeline.PipelineStateManager (PipelineStateManager.java:finalizePipeline(123)) - Pipeline Pipeline[ Id: f1d75d30-cb34-4e3e-8d25-d083da16ab09, Nodes: d1cf100d-d232-4575-b20f-f20364b572fb{ip: 192.168.30.17, host: ozone-build-dev-sjjt9-54166716, networkLocation: /default-rack, certSerialId: null}aaa86d1a-07c5-4e1d-acb8-947f9ae7d533{ip: 192.168.30.17, host: ozone-build-dev-sjjt9-54166716, networkLocation: /default-rack, certSerialId: null}a64da041-3938-438c-85b5-761f02538d2b{ip: 192.168.30.17, host: ozone-build-dev-sjjt9-54166716, networkLocation: /default-rack, certSerialId: null}, Type:RATIS, Factor:THREE, State:CLOSED] moved to CLOSED state
2019-10-06 12:19:39,398 [EventQueue-CloseContainerForCloseContainerEventHandler] INFO  container.CloseContainerEventHandler (CloseContainerEventHandler.java:onMessage(61)) - Close container Event triggered for container : #2
2019-10-06 12:19:39,505 [main] INFO  ozoneimpl.OzoneContainer (OzoneContainer.java:stop(231)) - Attempting to stop container services.
2019-10-06 12:19:39,510 [ForkJoinPool.commonPool-worker-0] INFO  ozoneimpl.OzoneContainer (OzoneContainer.java:stop(231)) - Attempting to stop container services.
2019-10-06 12:19:39,511 [main] INFO  impl.RaftServerProxy (RaftServerProxy.java:lambda$close$4(314)) - a03b9670-69e9-4494-8224-9b06463abc23: close
2019-10-06 12:19:39,511 [ForkJoinPool.commonPool-worker-0] INFO  impl.RaftServerProxy (RaftServerProxy.java:lambda$close$4(314)) - aaa86d1a-07c5-4e1d-acb8-947f9ae7d533: close
2019-10-06 12:19:39,511 [main] INFO  impl.RaftServerImpl (RaftServerImpl.java:lambda$shutdown$3(247)) - a03b9670-69e9-4494-8224-9b06463abc23@group-33D70C1D47B9: shutdown
2019-10-06 12:19:39,511 [ForkJoinPool.commonPool-worker-0] INFO  impl.RaftServerImpl (RaftServerImpl.java:lambda$shutdown$3(247)) - aaa86d1a-07c5-4e1d-acb8-947f9ae7d533@group-6105C41F2FBF: shutdown
2019-10-06 12:19:39,512 [main] INFO  util.JmxRegister (JmxRegister.java:unregister(73)) - Successfully un-registered JMX Bean with object name Ratis:service=RaftServer,group=group-33D70C1D47B9,id=a03b9670-69e9-4494-8224-9b06463abc23
2019-10-06 12:19:39,512 [ForkJoinPool.commonPool-worker-0] INFO  util.JmxRegister (JmxRegister.java:unregister(73)) - Successfully un-registered JMX Bean with object name Ratis:service=RaftServer,group=group-6105C41F2FBF,id=aaa86d1a-07c5-4e1d-acb8-947f9ae7d533
2019-10-06 12:19:39,512 [main] INFO  impl.RoleInfo (RoleInfo.java:shutdownFollowerState(121)) - a03b9670-69e9-4494-8224-9b06463abc23: shutdown FollowerState
2019-10-06 12:19:39,512 [ForkJoinPool.commonPool-worker-0] INFO  impl.RoleInfo (RoleInfo.java:shutdownLeaderState(104)) - aaa86d1a-07c5-4e1d-acb8-947f9ae7d533: shutdown LeaderState
2019-10-06 12:19:39,513 [main] INFO  impl.StateMachineUpdater (StateMachineUpdater.java:stopAndJoin(136)) - a03b9670-69e9-4494-8224-9b06463abc23@group-33D70C1D47B9-StateMachineUpdater: set stopIndex = 6
2019-10-06 12:19:39,513 [ForkJoinPool.commonPool-worker-0] INFO  impl.PendingRequests (PendingRequests.java:sendNotLeaderResponses(202)) - aaa86d1a-07c5-4e1d-acb8-947f9ae7d533@group-6105C41F2FBF-PendingRequests: sendNotLeaderResponses
2019-10-06 12:19:39,513 [a03b9670-69e9-4494-8224-9b06463abc23@group-33D70C1D47B9-StateMachineUpdater] INFO  ratis.ContainerStateMachine (ContainerStateMachine.java:takeSnapshot(293)) - group-33D70C1D47B9: Taking a snapshot at:(t:1, i:6) file /workdir/hadoop-ozone/integration-test/target/test-dir/MiniOzoneClusterImpl-cc38ce88-594d-4b3c-9c11-37372e9ad5cb/datanode-4/data/ratis/5a3f3eac-b613-4920-8bb6-33d70c1d47b9/sm/snapshot.1_6
2019-10-06 12:19:39,513 [Thread-4659] INFO  impl.FollowerState (FollowerState.java:run(117)) - a03b9670-69e9-4494-8224-9b06463abc23@group-33D70C1D47B9-FollowerState was interrupted: java.lang.InterruptedException: sleep interrupted
2019-10-06 12:19:39,517 [ForkJoinPool.commonPool-worker-0] INFO  impl.StateMachineUpdater (StateMachineUpdater.java:stopAndJoin(136)) - aaa86d1a-07c5-4e1d-acb8-947f9ae7d533@group-6105C41F2FBF-StateMachineUpdater: set stopIndex = 0
2019-10-06 12:19:39,517 [ForkJoinPool.commonPool-worker-0] INFO  impl.RaftServerImpl (ServerState.java:close(387)) - aaa86d1a-07c5-4e1d-acb8-947f9ae7d533@group-6105C41F2FBF: closes. applyIndex: 0
2019-10-06 12:19:39,518 [aaa86d1a-07c5-4e1d-acb8-947f9ae7d533@group-6105C41F2FBF-SegmentedRaftLogWorker] INFO  segmented.SegmentedRaftLogWorker (SegmentedRaftLogWorker.java:run(316)) - aaa86d1a-07c5-4e1d-acb8-947f9ae7d533@group-6105C41F2FBF-SegmentedRaftLogWorker was interrupted, exiting. There are 0 tasks remaining in the queue.
2019-10-06 12:19:39,520 [ForkJoinPool.commonPool-worker-0] INFO  segmented.SegmentedRaftLogWorker (SegmentedRaftLogWorker.java:close(224)) - aaa86d1a-07c5-4e1d-acb8-947f9ae7d533@group-6105C41F2FBF-SegmentedRaftLogWorker close()
2019-10-06 12:19:39,524 [ForkJoinPool.commonPool-worker-0] INFO  impl.RaftServerImpl (RaftServerImpl.java:lambda$shutdown$3(247)) - aaa86d1a-07c5-4e1d-acb8-947f9ae7d533@group-D083DA16AB09: shutdown
2019-10-06 12:19:39,525 [ForkJoinPool.commonPool-worker-0] INFO  util.JmxRegister (JmxRegister.java:unregister(73)) - Successfully un-registered JMX Bean with object name Ratis:service=RaftServer,group=group-D083DA16AB09,id=aaa86d1a-07c5-4e1d-acb8-947f9ae7d533
2019-10-06 12:19:39,525 [ForkJoinPool.commonPool-worker-0] INFO  impl.RoleInfo (RoleInfo.java:shutdownFollowerState(121)) - aaa86d1a-07c5-4e1d-acb8-947f9ae7d533: shutdown FollowerState
2019-10-06 12:19:39,525 [ForkJoinPool.commonPool-worker-0] INFO  impl.StateMachineUpdater (StateMachineUpdater.java:stopAndJoin(136)) - aaa86d1a-07c5-4e1d-acb8-947f9ae7d533@group-D083DA16AB09-StateMachineUpdater: set stopIndex = 6
2019-10-06 12:19:39,525 [Thread-4644] INFO  impl.FollowerState (FollowerState.java:run(117)) - aaa86d1a-07c5-4e1d-acb8-947f9ae7d533@group-D083DA16AB09-FollowerState was interrupted: java.lang.InterruptedException: sleep interrupted
2019-10-06 12:19:39,525 [aaa86d1a-07c5-4e1d-acb8-947f9ae7d533@group-D083DA16AB09-StateMachineUpdater] INFO  ratis.ContainerStateMachine (ContainerStateMachine.java:takeSnapshot(293)) - group-D083DA16AB09: Taking a snapshot at:(t:1, i:4) file /workdir/hadoop-ozone/integration-test/target/test-dir/MiniOzoneClusterImpl-cc38ce88-594d-4b3c-9c11-37372e9ad5cb/datanode-1/data/ratis/f1d75d30-cb34-4e3e-8d25-d083da16ab09/sm/snapshot.1_4
2019-10-06 12:19:39,541 [a03b9670-69e9-4494-8224-9b06463abc23@group-33D70C1D47B9-StateMachineUpdater] INFO  ratis.ContainerStateMachine (ContainerStateMachine.java:takeSnapshot(304)) - group-33D70C1D47B9: Finished taking a snapshot at:(t:1, i:6) file:/workdir/hadoop-ozone/integration-test/target/test-dir/MiniOzoneClusterImpl-cc38ce88-594d-4b3c-9c11-37372e9ad5cb/datanode-4/data/ratis/5a3f3eac-b613-4920-8bb6-33d70c1d47b9/sm/snapshot.1_6 time:28
2019-10-06 12:19:39,541 [a03b9670-69e9-4494-8224-9b06463abc23@group-33D70C1D47B9-StateMachineUpdater] INFO  impl.StateMachineUpdater (StateMachineUpdater.java:takeSnapshot(269)) - a03b9670-69e9-4494-8224-9b06463abc23@group-33D70C1D47B9-StateMachineUpdater: Took a snapshot at index 6
2019-10-06 12:19:39,542 [a03b9670-69e9-4494-8224-9b06463abc23@group-33D70C1D47B9-StateMachineUpdater] INFO  impl.StateMachineUpdater (StateMachineUpdater.java:lambda$new$0(84)) - a03b9670-69e9-4494-8224-9b06463abc23@group-33D70C1D47B9-StateMachineUpdater: snapshotIndex: updateIncreasingly -1 -> 6
2019-10-06 12:19:39,542 [main] INFO  impl.RaftServerImpl (ServerState.java:close(387)) - a03b9670-69e9-4494-8224-9b06463abc23@group-33D70C1D47B9: closes. applyIndex: 6
2019-10-06 12:19:39,542 [aaa86d1a-07c5-4e1d-acb8-947f9ae7d533@group-D083DA16AB09-StateMachineUpdater] INFO  ratis.ContainerStateMachine (ContainerStateMachine.java:takeSnapshot(304)) - group-D083DA16AB09: Finished taking a snapshot at:(t:1, i:4) file:/workdir/hadoop-ozone/integration-test/target/test-dir/MiniOzoneClusterImpl-cc38ce88-594d-4b3c-9c11-37372e9ad5cb/datanode-1/data/ratis/f1d75d30-cb34-4e3e-8d25-d083da16ab09/sm/snapshot.1_4 time:17
2019-10-06 12:19:39,543 [a03b9670-69e9-4494-8224-9b06463abc23@group-33D70C1D47B9-SegmentedRaftLogWorker] INFO  segmented.SegmentedRaftLogWorker (SegmentedRaftLogWorker.java:run(316)) - a03b9670-69e9-4494-8224-9b06463abc23@group-33D70C1D47B9-SegmentedRaftLogWorker was interrupted, exiting. There are 0 tasks remaining in the queue.
2019-10-06 12:19:39,543 [aaa86d1a-07c5-4e1d-acb8-947f9ae7d533@group-D083DA16AB09-StateMachineUpdater] INFO  impl.StateMachineUpdater (StateMachineUpdater.java:takeSnapshot(269)) - aaa86d1a-07c5-4e1d-acb8-947f9ae7d533@group-D083DA16AB09-StateMachineUpdater: Took a snapshot at index 4
2019-10-06 12:19:39,544 [aaa86d1a-07c5-4e1d-acb8-947f9ae7d533@group-D083DA16AB09-StateMachineUpdater] INFO  impl.StateMachineUpdater (StateMachineUpdater.java:lambda$new$0(84)) - aaa86d1a-07c5-4e1d-acb8-947f9ae7d533@group-D083DA16AB09-StateMachineUpdater: snapshotIndex: updateIncreasingly -1 -> 4
2019-10-06 12:19:39,545 [main] INFO  segmented.SegmentedRaftLogWorker (SegmentedRaftLogWorker.java:close(224)) - a03b9670-69e9-4494-8224-9b06463abc23@group-33D70C1D47B9-SegmentedRaftLogWorker close()
2019-10-06 12:19:39,545 [aaa86d1a-07c5-4e1d-acb8-947f9ae7d533@group-D083DA16AB09-StateMachineUpdater] INFO  ratis.ContainerStateMachine (ContainerStateMachine.java:takeSnapshot(293)) - group-D083DA16AB09: Taking a snapshot at:(t:1, i:4) file /workdir/hadoop-ozone/integration-test/target/test-dir/MiniOzoneClusterImpl-cc38ce88-594d-4b3c-9c11-37372e9ad5cb/datanode-1/data/ratis/f1d75d30-cb34-4e3e-8d25-d083da16ab09/sm/snapshot.1_4
2019-10-06 12:19:39,548 [main] INFO  impl.RaftServerImpl (RaftServerImpl.java:lambda$shutdown$3(247)) - a03b9670-69e9-4494-8224-9b06463abc23@group-5964BDF7D213: shutdown
2019-10-06 12:19:39,548 [main] INFO  util.JmxRegister (JmxRegister.java:unregister(73)) - Successfully un-registered JMX Bean with object name Ratis:service=RaftServer,group=group-5964BDF7D213,id=a03b9670-69e9-4494-8224-9b06463abc23
2019-10-06 12:19:39,549 [main] INFO  impl.RoleInfo (RoleInfo.java:shutdownLeaderState(104)) - a03b9670-69e9-4494-8224-9b06463abc23: shutdown LeaderState
2019-10-06 12:19:39,549 [main] INFO  impl.PendingRequests (PendingRequests.java:sendNotLeaderResponses(202)) - a03b9670-69e9-4494-8224-9b06463abc23@group-5964BDF7D213-PendingRequests: sendNotLeaderResponses
2019-10-06 12:19:39,549 [main] INFO  impl.StateMachineUpdater (StateMachineUpdater.java:stopAndJoin(136)) - a03b9670-69e9-4494-8224-9b06463abc23@group-5964BDF7D213-StateMachineUpdater: set stopIndex = 0
2019-10-06 12:19:39,549 [main] INFO  impl.RaftServerImpl (ServerState.java:close(387)) - a03b9670-69e9-4494-8224-9b06463abc23@group-5964BDF7D213: closes. applyIndex: 0
2019-10-06 12:19:39,550 [a03b9670-69e9-4494-8224-9b06463abc23@group-5964BDF7D213-SegmentedRaftLogWorker] INFO  segmented.SegmentedRaftLogWorker (SegmentedRaftLogWorker.java:run(316)) - a03b9670-69e9-4494-8224-9b06463abc23@group-5964BDF7D213-SegmentedRaftLogWorker was interrupted, exiting. There are 0 tasks remaining in the queue.
2019-10-06 12:19:39,552 [main] INFO  segmented.SegmentedRaftLogWorker (SegmentedRaftLogWorker.java:close(224)) - a03b9670-69e9-4494-8224-9b06463abc23@group-5964BDF7D213-SegmentedRaftLogWorker close()
2019-10-06 12:19:39,555 [main] INFO  server.GrpcService (GrpcService.java:closeImpl(164)) - a03b9670-69e9-4494-8224-9b06463abc23: shutdown server with port 43258 now
2019-10-06 12:19:39,556 [grpc-default-executor-12] WARN  server.GrpcServerProtocolService (LogUtils.java:warn(134)) - a03b9670-69e9-4494-8224-9b06463abc23: installSnapshot onError, lastRequest: f97a78fd-c270-4ae8-91a2-4c85a080f332->a03b9670-69e9-4494-8224-9b06463abc23#9-t1, previous=(t:1, i:6), leaderCommit=6, initializing? false, entries: <empty>: org.apache.ratis.thirdparty.io.grpc.StatusRuntimeException: CANCELLED: cancelled before receiving half close
2019-10-06 12:19:39,556 [main] INFO  server.GrpcService (GrpcService.java:closeImpl(172)) - a03b9670-69e9-4494-8224-9b06463abc23: shutdown server with port 43258 successfully
2019-10-06 12:19:39,557 [grpc-default-executor-10] WARN  server.GrpcLogAppender (LogUtils.java:warn(134)) - f97a78fd-c270-4ae8-91a2-4c85a080f332@group-33D70C1D47B9->a03b9670-69e9-4494-8224-9b06463abc23-AppendLogResponseHandler: Failed appendEntries: org.apache.ratis.thirdparty.io.grpc.StatusRuntimeException: CANCELLED: HTTP/2 error code: CANCEL
Received Rst Stream
2019-10-06 12:19:39,557 [grpc-default-executor-10] INFO  impl.FollowerInfo (FollowerInfo.java:lambda$new$0(51)) - f97a78fd-c270-4ae8-91a2-4c85a080f332@group-33D70C1D47B9->a03b9670-69e9-4494-8224-9b06463abc23: nextIndex: updateUnconditionally 7 -> 6
2019-10-06 12:19:39,560 [refreshUsed-/workdir/hadoop-ozone/integration-test/target/test-dir/MiniOzoneClusterImpl-cc38ce88-594d-4b3c-9c11-37372e9ad5cb/datanode-4/data/containers] WARN  fs.CachingGetSpaceUsed (CachingGetSpaceUsed.java:run(183)) - Thread Interrupted waiting to refresh disk information: sleep interrupted
2019-10-06 12:19:39,562 [aaa86d1a-07c5-4e1d-acb8-947f9ae7d533@group-D083DA16AB09-StateMachineUpdater] INFO  ratis.ContainerStateMachine (ContainerStateMachine.java:takeSnapshot(304)) - group-D083DA16AB09: Finished taking a snapshot at:(t:1, i:4) file:/workdir/hadoop-ozone/integration-test/target/test-dir/MiniOzoneClusterImpl-cc38ce88-594d-4b3c-9c11-37372e9ad5cb/datanode-1/data/ratis/f1d75d30-cb34-4e3e-8d25-d083da16ab09/sm/snapshot.1_4 time:17
2019-10-06 12:19:39,562 [aaa86d1a-07c5-4e1d-acb8-947f9ae7d533@group-D083DA16AB09-StateMachineUpdater] INFO  impl.StateMachineUpdater (StateMachineUpdater.java:takeSnapshot(269)) - aaa86d1a-07c5-4e1d-acb8-947f9ae7d533@group-D083DA16AB09-StateMachineUpdater: Took a snapshot at index 4
2019-10-06 12:19:39,562 [aaa86d1a-07c5-4e1d-acb8-947f9ae7d533@group-D083DA16AB09-StateMachineUpdater] INFO  impl.StateMachineUpdater (StateMachineUpdater.java:lambda$new$0(84)) - aaa86d1a-07c5-4e1d-acb8-947f9ae7d533@group-D083DA16AB09-StateMachineUpdater: snapshotIndex: updateIncreasingly 4 -> 4
2019-10-06 12:19:39,563 [ForkJoinPool.commonPool-worker-0] INFO  impl.RaftServerImpl (ServerState.java:close(387)) - aaa86d1a-07c5-4e1d-acb8-947f9ae7d533@group-D083DA16AB09: closes. applyIndex: 6
2019-10-06 12:19:39,563 [aaa86d1a-07c5-4e1d-acb8-947f9ae7d533@group-D083DA16AB09-SegmentedRaftLogWorker] INFO  segmented.SegmentedRaftLogWorker (SegmentedRaftLogWorker.java:run(316)) - aaa86d1a-07c5-4e1d-acb8-947f9ae7d533@group-D083DA16AB09-SegmentedRaftLogWorker was interrupted, exiting. There are 0 tasks remaining in the queue.
2019-10-06 12:19:39,566 [ForkJoinPool.commonPool-worker-0] INFO  segmented.SegmentedRaftLogWorker (SegmentedRaftLogWorker.java:close(224)) - aaa86d1a-07c5-4e1d-acb8-947f9ae7d533@group-D083DA16AB09-SegmentedRaftLogWorker close()
2019-10-06 12:19:39,573 [ForkJoinPool.commonPool-worker-0] INFO  server.GrpcService (GrpcService.java:closeImpl(164)) - aaa86d1a-07c5-4e1d-acb8-947f9ae7d533: shutdown server with port 36974 now
2019-10-06 12:19:39,574 [ForkJoinPool.commonPool-worker-0] INFO  server.GrpcService (GrpcService.java:closeImpl(172)) - aaa86d1a-07c5-4e1d-acb8-947f9ae7d533: shutdown server with port 36974 successfully
2019-10-06 12:19:39,580 [grpc-default-executor-12] WARN  server.GrpcServerProtocolService (LogUtils.java:warn(134)) - aaa86d1a-07c5-4e1d-acb8-947f9ae7d533: installSnapshot onError, lastRequest: a64da041-3938-438c-85b5-761f02538d2b->aaa86d1a-07c5-4e1d-acb8-947f9ae7d533#10-t1, previous=(t:1, i:6), leaderCommit=6, initializing? false, entries: <empty>: org.apache.ratis.thirdparty.io.grpc.StatusRuntimeException: CANCELLED: cancelled before receiving half close
2019-10-06 12:19:39,581 [grpc-default-executor-10] WARN  server.GrpcLogAppender (LogUtils.java:warn(134)) - a64da041-3938-438c-85b5-761f02538d2b@group-D083DA16AB09->aaa86d1a-07c5-4e1d-acb8-947f9ae7d533-AppendLogResponseHandler: Failed appendEntries: org.apache.ratis.thirdparty.io.grpc.StatusRuntimeException: CANCELLED: HTTP/2 error code: CANCEL
Received Rst Stream
2019-10-06 12:19:39,582 [grpc-default-executor-10] INFO  impl.FollowerInfo (FollowerInfo.java:lambda$new$0(51)) - a64da041-3938-438c-85b5-761f02538d2b@group-D083DA16AB09->aaa86d1a-07c5-4e1d-acb8-947f9ae7d533: nextIndex: updateUnconditionally 7 -> 6
2019-10-06 12:19:39,584 [refreshUsed-/workdir/hadoop-ozone/integration-test/target/test-dir/MiniOzoneClusterImpl-cc38ce88-594d-4b3c-9c11-37372e9ad5cb/datanode-1/data/containers] WARN  fs.CachingGetSpaceUsed (CachingGetSpaceUsed.java:run(183)) - Thread Interrupted waiting to refresh disk information: sleep interrupted
2019-10-06 12:19:39,603 [ForkJoinPool.commonPool-worker-0] INFO  utils.BackgroundService (BackgroundService.java:shutdown(148)) - Shutting down service BlockDeletingService
2019-10-06 12:19:39,614 [ForkJoinPool.commonPool-worker-0] INFO  statemachine.DatanodeStateMachine (DatanodeStateMachine.java:stopDaemon(395)) - Ozone container server stopped.
2019-10-06 12:19:39,621 [ForkJoinPool.commonPool-worker-0] INFO  handler.ContextHandler (ContextHandler.java:doStop(910)) - Stopped o.e.j.w.WebAppContext@3d71e10b{/,null,UNAVAILABLE}{/hddsDatanode}
2019-10-06 12:19:39,622 [ForkJoinPool.commonPool-worker-0] INFO  server.AbstractConnector (AbstractConnector.java:doStop(318)) - Stopped ServerConnector@71139e77{HTTP/1.1,[http/1.1]}{0.0.0.0:0}
2019-10-06 12:19:39,624 [ForkJoinPool.commonPool-worker-0] INFO  handler.ContextHandler (ContextHandler.java:doStop(910)) - Stopped o.e.j.s.ServletContextHandler@31f7eb8{/static,jar:file:/home/user/.m2/repository/org/apache/hadoop/hadoop-hdds-container-service/0.5.0-SNAPSHOT/hadoop-hdds-container-service-0.5.0-SNAPSHOT.jar!/webapps/static,UNAVAILABLE}
2019-10-06 12:19:39,626 [ForkJoinPool.commonPool-worker-0] INFO  handler.ContextHandler (ContextHandler.java:doStop(910)) - Stopped o.e.j.s.ServletContextHandler@ff1f465{/logs,file:///workdir/hadoop-ozone/integration-test/target/log,UNAVAILABLE}
2019-10-06 12:19:39,628 [grpc-default-executor-12] WARN  server.GrpcLogAppender (LogUtils.java:warn(134)) - f97a78fd-c270-4ae8-91a2-4c85a080f332@group-33D70C1D47B9->a03b9670-69e9-4494-8224-9b06463abc23-AppendLogResponseHandler: Failed appendEntries: org.apache.ratis.thirdparty.io.grpc.StatusRuntimeException: UNAVAILABLE: io exception
2019-10-06 12:19:39,628 [grpc-default-executor-12] INFO  impl.FollowerInfo (FollowerInfo.java:lambda$new$0(51)) - f97a78fd-c270-4ae8-91a2-4c85a080f332@group-33D70C1D47B9->a03b9670-69e9-4494-8224-9b06463abc23: nextIndex: updateUnconditionally 6 -> 5
2019-10-06 12:19:39,629 [main] INFO  utils.BackgroundService (BackgroundService.java:shutdown(148)) - Shutting down service BlockDeletingService
2019-10-06 12:19:39,635 [main] INFO  statemachine.DatanodeStateMachine (DatanodeStateMachine.java:stopDaemon(395)) - Ozone container server stopped.
2019-10-06 12:19:39,636 [main] INFO  handler.ContextHandler (ContextHandler.java:doStop(910)) - Stopped o.e.j.w.WebAppContext@14590fe2{/,null,UNAVAILABLE}{/hddsDatanode}
2019-10-06 12:19:39,636 [main] INFO  server.AbstractConnector (AbstractConnector.java:doStop(318)) - Stopped ServerConnector@5922cff3{HTTP/1.1,[http/1.1]}{0.0.0.0:0}
2019-10-06 12:19:39,637 [main] INFO  handler.ContextHandler (ContextHandler.java:doStop(910)) - Stopped o.e.j.s.ServletContextHandler@1aeff8ca{/static,jar:file:/home/user/.m2/repository/org/apache/hadoop/hadoop-hdds-container-service/0.5.0-SNAPSHOT/hadoop-hdds-container-service-0.5.0-SNAPSHOT.jar!/webapps/static,UNAVAILABLE}
2019-10-06 12:19:39,637 [main] INFO  handler.ContextHandler (ContextHandler.java:doStop(910)) - Stopped o.e.j.s.ServletContextHandler@27db45f{/logs,file:///workdir/hadoop-ozone/integration-test/target/log,UNAVAILABLE}
2019-10-06 12:19:40,055 [Datanode State Machine Thread - 0] INFO  statemachine.DatanodeStateMachine (DatanodeStateMachine.java:lambda$startDaemon$0(350)) - Ozone container server started.
2019-10-06 12:19:40,371 [Datanode State Machine Thread - 0] INFO  statemachine.DatanodeStateMachine (DatanodeStateMachine.java:lambda$startDaemon$0(350)) - Ozone container server started.
2019-10-06 12:19:41,934 [grpc-default-executor-10] WARN  server.GrpcLogAppender (LogUtils.java:warn(134)) - a64da041-3938-438c-85b5-761f02538d2b@group-D083DA16AB09->aaa86d1a-07c5-4e1d-acb8-947f9ae7d533-AppendLogResponseHandler: Failed appendEntries: org.apache.ratis.thirdparty.io.grpc.StatusRuntimeException: UNAVAILABLE: io exception
2019-10-06 12:19:41,935 [grpc-default-executor-10] INFO  impl.FollowerInfo (FollowerInfo.java:lambda$new$0(51)) - a64da041-3938-438c-85b5-761f02538d2b@group-D083DA16AB09->aaa86d1a-07c5-4e1d-acb8-947f9ae7d533: nextIndex: updateUnconditionally 6 -> 5
2019-10-06 12:19:42,123 [grpc-default-executor-10] WARN  server.GrpcLogAppender (LogUtils.java:warn(134)) - f97a78fd-c270-4ae8-91a2-4c85a080f332@group-33D70C1D47B9->a03b9670-69e9-4494-8224-9b06463abc23-AppendLogResponseHandler: Failed appendEntries: org.apache.ratis.thirdparty.io.grpc.StatusRuntimeException: UNAVAILABLE: io exception
2019-10-06 12:19:42,124 [grpc-default-executor-10] INFO  impl.FollowerInfo (FollowerInfo.java:lambda$new$0(51)) - f97a78fd-c270-4ae8-91a2-4c85a080f332@group-33D70C1D47B9->a03b9670-69e9-4494-8224-9b06463abc23: nextIndex: updateUnconditionally 5 -> 4
2019-10-06 12:19:42,394 [grpc-default-executor-12] WARN  server.GrpcLogAppender (LogUtils.java:warn(134)) - a64da041-3938-438c-85b5-761f02538d2b@group-D083DA16AB09->aaa86d1a-07c5-4e1d-acb8-947f9ae7d533-AppendLogResponseHandler: Failed appendEntries: org.apache.ratis.thirdparty.io.grpc.StatusRuntimeException: UNAVAILABLE: io exception
2019-10-06 12:19:42,394 [grpc-default-executor-12] INFO  impl.FollowerInfo (FollowerInfo.java:lambda$new$0(51)) - a64da041-3938-438c-85b5-761f02538d2b@group-D083DA16AB09->aaa86d1a-07c5-4e1d-acb8-947f9ae7d533: nextIndex: updateUnconditionally 6 -> 5
2019-10-06 12:19:42,406 [grpc-default-executor-5] WARN  server.GrpcLogAppender (LogUtils.java:warn(134)) - a64da041-3938-438c-85b5-761f02538d2b@group-D083DA16AB09->aaa86d1a-07c5-4e1d-acb8-947f9ae7d533-AppendLogResponseHandler: Failed appendEntries: org.apache.ratis.thirdparty.io.grpc.StatusRuntimeException: UNAVAILABLE: io exception
2019-10-06 12:19:42,406 [grpc-default-executor-5] INFO  impl.FollowerInfo (FollowerInfo.java:lambda$new$0(51)) - a64da041-3938-438c-85b5-761f02538d2b@group-D083DA16AB09->aaa86d1a-07c5-4e1d-acb8-947f9ae7d533: nextIndex: updateUnconditionally 6 -> 5
2019-10-06 12:19:42,423 [grpc-default-executor-10] WARN  server.GrpcLogAppender (LogUtils.java:warn(134)) - a64da041-3938-438c-85b5-761f02538d2b@group-D083DA16AB09->aaa86d1a-07c5-4e1d-acb8-947f9ae7d533-AppendLogResponseHandler: Failed appendEntries: org.apache.ratis.thirdparty.io.grpc.StatusRuntimeException: UNAVAILABLE: io exception
2019-10-06 12:19:42,423 [grpc-default-executor-10] INFO  impl.FollowerInfo (FollowerInfo.java:lambda$new$0(51)) - a64da041-3938-438c-85b5-761f02538d2b@group-D083DA16AB09->aaa86d1a-07c5-4e1d-acb8-947f9ae7d533: nextIndex: updateUnconditionally 6 -> 5
2019-10-06 12:19:42,430 [RatisApplyTransactionExecutor 2] INFO  interfaces.Container (KeyValueContainer.java:flushAndSyncDB(386)) - Container 2 is synced with bcsId 4.
2019-10-06 12:19:42,430 [RatisApplyTransactionExecutor 2] INFO  interfaces.Container (KeyValueContainer.java:flushAndSyncDB(386)) - Container 2 is synced with bcsId 4.
2019-10-06 12:19:42,444 [RatisApplyTransactionExecutor 2] INFO  interfaces.Container (KeyValueContainer.java:close(335)) - Container 2 is closed with bcsId 4.
2019-10-06 12:19:42,445 [EventQueue-IncrementalContainerReportForIncrementalContainerReportHandler] INFO  container.IncrementalContainerReportHandler (AbstractContainerReportHandler.java:updateContainerState(176)) - Moving container #2 to CLOSED state, datanode a64da041-3938-438c-85b5-761f02538d2b{ip: 192.168.30.17, host: ozone-build-dev-sjjt9-54166716, networkLocation: /default-rack, certSerialId: null} reported CLOSED replica.
2019-10-06 12:19:42,467 [RatisApplyTransactionExecutor 2] INFO  interfaces.Container (KeyValueContainer.java:flushAndSyncDB(386)) - Container 2 is synced with bcsId 4.
2019-10-06 12:19:42,467 [RatisApplyTransactionExecutor 2] INFO  interfaces.Container (KeyValueContainer.java:flushAndSyncDB(386)) - Container 2 is synced with bcsId 4.
2019-10-06 12:19:42,480 [RatisApplyTransactionExecutor 2] INFO  interfaces.Container (KeyValueContainer.java:close(335)) - Container 2 is closed with bcsId 4.
2019-10-06 12:19:44,103 [EventQueue-StaleNodeForStaleNodeHandler] INFO  node.StaleNodeHandler (StaleNodeHandler.java:onMessage(58)) - Datanode f97a78fd-c270-4ae8-91a2-4c85a080f332{ip: 192.168.30.17, host: ozone-build-dev-sjjt9-54166716, networkLocation: /default-rack, certSerialId: null} moved to stale state. Finalizing its pipelines [PipelineID=5a3f3eac-b613-4920-8bb6-33d70c1d47b9, PipelineID=54d1c7a5-4ac2-4283-9625-d22ca8e51876]
2019-10-06 12:19:44,106 [EventQueue-StaleNodeForStaleNodeHandler] INFO  pipeline.SCMPipelineManager (SCMPipelineManager.java:finalizeAndDestroyPipeline(315)) - destroying pipeline:Pipeline[ Id: 5a3f3eac-b613-4920-8bb6-33d70c1d47b9, Nodes: f97a78fd-c270-4ae8-91a2-4c85a080f332{ip: 192.168.30.17, host: ozone-build-dev-sjjt9-54166716, networkLocation: /default-rack, certSerialId: null}a03b9670-69e9-4494-8224-9b06463abc23{ip: 192.168.30.17, host: ozone-build-dev-sjjt9-54166716, networkLocation: /default-rack, certSerialId: null}b013f667-9a6f-4b01-9f03-c88d83699582{ip: 192.168.30.17, host: ozone-build-dev-sjjt9-54166716, networkLocation: /default-rack, certSerialId: null}, Type:RATIS, Factor:THREE, State:CLOSED]
2019-10-06 12:19:44,107 [EventQueue-StaleNodeForStaleNodeHandler] INFO  pipeline.SCMPipelineManager (SCMPipelineManager.java:finalizeAndDestroyPipeline(315)) - destroying pipeline:Pipeline[ Id: 54d1c7a5-4ac2-4283-9625-d22ca8e51876, Nodes: f97a78fd-c270-4ae8-91a2-4c85a080f332{ip: 192.168.30.17, host: ozone-build-dev-sjjt9-54166716, networkLocation: /default-rack, certSerialId: null}, Type:RATIS, Factor:ONE, State:OPEN]
2019-10-06 12:19:44,107 [EventQueue-StaleNodeForStaleNodeHandler] INFO  pipeline.PipelineStateManager (PipelineStateManager.java:finalizePipeline(123)) - Pipeline Pipeline[ Id: 54d1c7a5-4ac2-4283-9625-d22ca8e51876, Nodes: f97a78fd-c270-4ae8-91a2-4c85a080f332{ip: 192.168.30.17, host: ozone-build-dev-sjjt9-54166716, networkLocation: /default-rack, certSerialId: null}, Type:RATIS, Factor:ONE, State:CLOSED] moved to CLOSED state
2019-10-06 12:19:44,403 [EventQueue-StaleNodeForStaleNodeHandler] INFO  node.StaleNodeHandler (StaleNodeHandler.java:onMessage(58)) - Datanode d1cf100d-d232-4575-b20f-f20364b572fb{ip: 192.168.30.17, host: ozone-build-dev-sjjt9-54166716, networkLocation: /default-rack, certSerialId: null} moved to stale state. Finalizing its pipelines [PipelineID=f1d75d30-cb34-4e3e-8d25-d083da16ab09, PipelineID=64ded7ea-79c3-4294-8cf9-f7f3f6ead91f]
2019-10-06 12:19:44,404 [EventQueue-StaleNodeForStaleNodeHandler] INFO  pipeline.SCMPipelineManager (SCMPipelineManager.java:finalizeAndDestroyPipeline(315)) - destroying pipeline:Pipeline[ Id: f1d75d30-cb34-4e3e-8d25-d083da16ab09, Nodes: d1cf100d-d232-4575-b20f-f20364b572fb{ip: 192.168.30.17, host: ozone-build-dev-sjjt9-54166716, networkLocation: /default-rack, certSerialId: null}aaa86d1a-07c5-4e1d-acb8-947f9ae7d533{ip: 192.168.30.17, host: ozone-build-dev-sjjt9-54166716, networkLocation: /default-rack, certSerialId: null}a64da041-3938-438c-85b5-761f02538d2b{ip: 192.168.30.17, host: ozone-build-dev-sjjt9-54166716, networkLocation: /default-rack, certSerialId: null}, Type:RATIS, Factor:THREE, State:CLOSED]
2019-10-06 12:19:44,404 [EventQueue-StaleNodeForStaleNodeHandler] INFO  pipeline.SCMPipelineManager (SCMPipelineManager.java:finalizeAndDestroyPipeline(315)) - destroying pipeline:Pipeline[ Id: 64ded7ea-79c3-4294-8cf9-f7f3f6ead91f, Nodes: d1cf100d-d232-4575-b20f-f20364b572fb{ip: 192.168.30.17, host: ozone-build-dev-sjjt9-54166716, networkLocation: /default-rack, certSerialId: null}, Type:RATIS, Factor:ONE, State:OPEN]
2019-10-06 12:19:44,404 [EventQueue-StaleNodeForStaleNodeHandler] INFO  pipeline.PipelineStateManager (PipelineStateManager.java:finalizePipeline(123)) - Pipeline Pipeline[ Id: 64ded7ea-79c3-4294-8cf9-f7f3f6ead91f, Nodes: d1cf100d-d232-4575-b20f-f20364b572fb{ip: 192.168.30.17, host: ozone-build-dev-sjjt9-54166716, networkLocation: /default-rack, certSerialId: null}, Type:RATIS, Factor:ONE, State:CLOSED] moved to CLOSED state
2019-10-06 12:19:44,625 [grpc-default-executor-10] WARN  server.GrpcLogAppender (LogUtils.java:warn(134)) - f97a78fd-c270-4ae8-91a2-4c85a080f332@group-33D70C1D47B9->a03b9670-69e9-4494-8224-9b06463abc23-AppendLogResponseHandler: Failed appendEntries: org.apache.ratis.thirdparty.io.grpc.StatusRuntimeException: UNAVAILABLE: io exception
2019-10-06 12:19:44,635 [grpc-default-executor-10] INFO  impl.FollowerInfo (FollowerInfo.java:lambda$new$0(51)) - f97a78fd-c270-4ae8-91a2-4c85a080f332@group-33D70C1D47B9->a03b9670-69e9-4494-8224-9b06463abc23: nextIndex: updateUnconditionally 4 -> 3
2019-10-06 12:19:44,635 [ForkJoinPool.commonPool-worker-0] INFO  ozoneimpl.OzoneContainer (OzoneContainer.java:stop(231)) - Attempting to stop container services.
2019-10-06 12:19:44,636 [ForkJoinPool.commonPool-worker-0] INFO  impl.RaftServerProxy (RaftServerProxy.java:lambda$close$4(314)) - f97a78fd-c270-4ae8-91a2-4c85a080f332: close
2019-10-06 12:19:44,637 [ForkJoinPool.commonPool-worker-0] INFO  impl.RaftServerImpl (RaftServerImpl.java:lambda$shutdown$3(247)) - f97a78fd-c270-4ae8-91a2-4c85a080f332@group-33D70C1D47B9: shutdown
2019-10-06 12:19:44,637 [ForkJoinPool.commonPool-worker-0] INFO  util.JmxRegister (JmxRegister.java:unregister(73)) - Successfully un-registered JMX Bean with object name Ratis:service=RaftServer,group=group-33D70C1D47B9,id=f97a78fd-c270-4ae8-91a2-4c85a080f332
2019-10-06 12:19:44,637 [ForkJoinPool.commonPool-worker-0] INFO  impl.RoleInfo (RoleInfo.java:shutdownLeaderState(104)) - f97a78fd-c270-4ae8-91a2-4c85a080f332: shutdown LeaderState
2019-10-06 12:19:44,643 [org.apache.ratis.server.impl.LogAppender$AppenderDaemon$$Lambda$515/103085567@5a7c8e8f] WARN  server.GrpcLogAppender (GrpcLogAppender.java:mayWait(143)) - f97a78fd-c270-4ae8-91a2-4c85a080f332@group-33D70C1D47B9->b013f667-9a6f-4b01-9f03-c88d83699582-GrpcLogAppender: Wait interrupted by java.lang.InterruptedException
2019-10-06 12:19:44,644 [ForkJoinPool.commonPool-worker-0] INFO  impl.PendingRequests (PendingRequests.java:sendNotLeaderResponses(202)) - f97a78fd-c270-4ae8-91a2-4c85a080f332@group-33D70C1D47B9-PendingRequests: sendNotLeaderResponses
2019-10-06 12:19:44,644 [org.apache.ratis.server.impl.LogAppender$AppenderDaemon$$Lambda$515/103085567@45885634] WARN  server.GrpcLogAppender (GrpcLogAppender.java:mayWait(143)) - f97a78fd-c270-4ae8-91a2-4c85a080f332@group-33D70C1D47B9->a03b9670-69e9-4494-8224-9b06463abc23-GrpcLogAppender: Wait interrupted by java.lang.InterruptedException
2019-10-06 12:19:44,644 [main] INFO  ozoneimpl.OzoneContainer (OzoneContainer.java:stop(231)) - Attempting to stop container services.
2019-10-06 12:19:44,651 [ForkJoinPool.commonPool-worker-0] INFO  impl.StateMachineUpdater (StateMachineUpdater.java:stopAndJoin(136)) - f97a78fd-c270-4ae8-91a2-4c85a080f332@group-33D70C1D47B9-StateMachineUpdater: set stopIndex = 6
2019-10-06 12:19:44,651 [main] INFO  impl.RaftServerProxy (RaftServerProxy.java:lambda$close$4(314)) - d1cf100d-d232-4575-b20f-f20364b572fb: close
2019-10-06 12:19:44,645 [grpc-default-executor-10] INFO  server.GrpcServerProtocolService (GrpcServerProtocolService.java:onCompleted(113)) - b013f667-9a6f-4b01-9f03-c88d83699582: Completed APPEND_ENTRIES, lastRequest: f97a78fd-c270-4ae8-91a2-4c85a080f332->b013f667-9a6f-4b01-9f03-c88d83699582#12-t1, previous=(t:1, i:6), leaderCommit=6, initializing? false, entries: <empty>
2019-10-06 12:19:44,651 [main] INFO  impl.RaftServerImpl (RaftServerImpl.java:lambda$shutdown$3(247)) - d1cf100d-d232-4575-b20f-f20364b572fb@group-D083DA16AB09: shutdown
2019-10-06 12:19:44,651 [f97a78fd-c270-4ae8-91a2-4c85a080f332@group-33D70C1D47B9-StateMachineUpdater] INFO  ratis.ContainerStateMachine (ContainerStateMachine.java:takeSnapshot(293)) - group-33D70C1D47B9: Taking a snapshot at:(t:1, i:6) file /workdir/hadoop-ozone/integration-test/target/test-dir/MiniOzoneClusterImpl-cc38ce88-594d-4b3c-9c11-37372e9ad5cb/datanode-2/data/ratis/5a3f3eac-b613-4920-8bb6-33d70c1d47b9/sm/snapshot.1_6
2019-10-06 12:19:44,652 [main] INFO  util.JmxRegister (JmxRegister.java:unregister(73)) - Successfully un-registered JMX Bean with object name Ratis:service=RaftServer,group=group-D083DA16AB09,id=d1cf100d-d232-4575-b20f-f20364b572fb
2019-10-06 12:19:44,653 [main] INFO  impl.RoleInfo (RoleInfo.java:shutdownFollowerState(121)) - d1cf100d-d232-4575-b20f-f20364b572fb: shutdown FollowerState
2019-10-06 12:19:44,652 [grpc-default-executor-5] INFO  server.GrpcLogAppender (GrpcLogAppender.java:onCompleted(293)) - f97a78fd-c270-4ae8-91a2-4c85a080f332@group-33D70C1D47B9->b013f667-9a6f-4b01-9f03-c88d83699582-AppendLogResponseHandler: follower responses appendEntries COMPLETED
2019-10-06 12:19:44,653 [Thread-4643] INFO  impl.FollowerState (FollowerState.java:run(117)) - d1cf100d-d232-4575-b20f-f20364b572fb@group-D083DA16AB09-FollowerState was interrupted: java.lang.InterruptedException: sleep interrupted
2019-10-06 12:19:44,653 [main] INFO  impl.StateMachineUpdater (StateMachineUpdater.java:stopAndJoin(136)) - d1cf100d-d232-4575-b20f-f20364b572fb@group-D083DA16AB09-StateMachineUpdater: set stopIndex = 7
2019-10-06 12:19:44,653 [d1cf100d-d232-4575-b20f-f20364b572fb@group-D083DA16AB09-StateMachineUpdater] INFO  ratis.ContainerStateMachine (ContainerStateMachine.java:takeSnapshot(293)) - group-D083DA16AB09: Taking a snapshot at:(t:1, i:7) file /workdir/hadoop-ozone/integration-test/target/test-dir/MiniOzoneClusterImpl-cc38ce88-594d-4b3c-9c11-37372e9ad5cb/datanode-3/data/ratis/f1d75d30-cb34-4e3e-8d25-d083da16ab09/sm/snapshot.1_7
2019-10-06 12:19:44,657 [grpc-default-executor-5] INFO  impl.FollowerInfo (FollowerInfo.java:lambda$new$0(51)) - f97a78fd-c270-4ae8-91a2-4c85a080f332@group-33D70C1D47B9->b013f667-9a6f-4b01-9f03-c88d83699582: nextIndex: updateUnconditionally 7 -> 6
2019-10-06 12:19:44,666 [d1cf100d-d232-4575-b20f-f20364b572fb@group-D083DA16AB09-StateMachineUpdater] INFO  ratis.ContainerStateMachine (ContainerStateMachine.java:takeSnapshot(304)) - group-D083DA16AB09: Finished taking a snapshot at:(t:1, i:7) file:/workdir/hadoop-ozone/integration-test/target/test-dir/MiniOzoneClusterImpl-cc38ce88-594d-4b3c-9c11-37372e9ad5cb/datanode-3/data/ratis/f1d75d30-cb34-4e3e-8d25-d083da16ab09/sm/snapshot.1_7 time:13
2019-10-06 12:19:44,666 [f97a78fd-c270-4ae8-91a2-4c85a080f332@group-33D70C1D47B9-StateMachineUpdater] INFO  ratis.ContainerStateMachine (ContainerStateMachine.java:takeSnapshot(304)) - group-33D70C1D47B9: Finished taking a snapshot at:(t:1, i:6) file:/workdir/hadoop-ozone/integration-test/target/test-dir/MiniOzoneClusterImpl-cc38ce88-594d-4b3c-9c11-37372e9ad5cb/datanode-2/data/ratis/5a3f3eac-b613-4920-8bb6-33d70c1d47b9/sm/snapshot.1_6 time:15
2019-10-06 12:19:44,667 [f97a78fd-c270-4ae8-91a2-4c85a080f332@group-33D70C1D47B9-StateMachineUpdater] INFO  impl.StateMachineUpdater (StateMachineUpdater.java:takeSnapshot(269)) - f97a78fd-c270-4ae8-91a2-4c85a080f332@group-33D70C1D47B9-StateMachineUpdater: Took a snapshot at index 6
2019-10-06 12:19:44,667 [d1cf100d-d232-4575-b20f-f20364b572fb@group-D083DA16AB09-StateMachineUpdater] INFO  impl.StateMachineUpdater (StateMachineUpdater.java:takeSnapshot(269)) - d1cf100d-d232-4575-b20f-f20364b572fb@group-D083DA16AB09-StateMachineUpdater: Took a snapshot at index 7
2019-10-06 12:19:44,667 [f97a78fd-c270-4ae8-91a2-4c85a080f332@group-33D70C1D47B9-StateMachineUpdater] INFO  impl.StateMachineUpdater (StateMachineUpdater.java:lambda$new$0(84)) - f97a78fd-c270-4ae8-91a2-4c85a080f332@group-33D70C1D47B9-StateMachineUpdater: snapshotIndex: updateIncreasingly -1 -> 6
2019-10-06 12:19:44,667 [d1cf100d-d232-4575-b20f-f20364b572fb@group-D083DA16AB09-StateMachineUpdater] INFO  impl.StateMachineUpdater (StateMachineUpdater.java:lambda$new$0(84)) - d1cf100d-d232-4575-b20f-f20364b572fb@group-D083DA16AB09-StateMachineUpdater: snapshotIndex: updateIncreasingly -1 -> 7
2019-10-06 12:19:44,668 [ForkJoinPool.commonPool-worker-0] INFO  impl.RaftServerImpl (ServerState.java:close(387)) - f97a78fd-c270-4ae8-91a2-4c85a080f332@group-33D70C1D47B9: closes. applyIndex: 6
2019-10-06 12:19:44,668 [main] INFO  impl.RaftServerImpl (ServerState.java:close(387)) - d1cf100d-d232-4575-b20f-f20364b572fb@group-D083DA16AB09: closes. applyIndex: 7
2019-10-06 12:19:44,668 [f97a78fd-c270-4ae8-91a2-4c85a080f332@group-33D70C1D47B9-SegmentedRaftLogWorker] INFO  segmented.SegmentedRaftLogWorker (SegmentedRaftLogWorker.java:run(316)) - f97a78fd-c270-4ae8-91a2-4c85a080f332@group-33D70C1D47B9-SegmentedRaftLogWorker was interrupted, exiting. There are 0 tasks remaining in the queue.
2019-10-06 12:19:44,669 [d1cf100d-d232-4575-b20f-f20364b572fb@group-D083DA16AB09-SegmentedRaftLogWorker] INFO  segmented.SegmentedRaftLogWorker (SegmentedRaftLogWorker.java:run(316)) - d1cf100d-d232-4575-b20f-f20364b572fb@group-D083DA16AB09-SegmentedRaftLogWorker was interrupted, exiting. There are 0 tasks remaining in the queue.
2019-10-06 12:19:44,672 [ForkJoinPool.commonPool-worker-0] INFO  segmented.SegmentedRaftLogWorker (SegmentedRaftLogWorker.java:close(224)) - f97a78fd-c270-4ae8-91a2-4c85a080f332@group-33D70C1D47B9-SegmentedRaftLogWorker close()
2019-10-06 12:19:44,672 [main] INFO  segmented.SegmentedRaftLogWorker (SegmentedRaftLogWorker.java:close(224)) - d1cf100d-d232-4575-b20f-f20364b572fb@group-D083DA16AB09-SegmentedRaftLogWorker close()
2019-10-06 12:19:44,678 [ForkJoinPool.commonPool-worker-0] INFO  impl.RaftServerImpl (RaftServerImpl.java:lambda$shutdown$3(247)) - f97a78fd-c270-4ae8-91a2-4c85a080f332@group-D22CA8E51876: shutdown
2019-10-06 12:19:44,684 [ForkJoinPool.commonPool-worker-0] INFO  util.JmxRegister (JmxRegister.java:unregister(73)) - Successfully un-registered JMX Bean with object name Ratis:service=RaftServer,group=group-D22CA8E51876,id=f97a78fd-c270-4ae8-91a2-4c85a080f332
2019-10-06 12:19:44,684 [ForkJoinPool.commonPool-worker-0] INFO  impl.RoleInfo (RoleInfo.java:shutdownLeaderState(104)) - f97a78fd-c270-4ae8-91a2-4c85a080f332: shutdown LeaderState
2019-10-06 12:19:44,683 [main] INFO  impl.RaftServerImpl (RaftServerImpl.java:lambda$shutdown$3(247)) - d1cf100d-d232-4575-b20f-f20364b572fb@group-F7F3F6EAD91F: shutdown
2019-10-06 12:19:44,684 [ForkJoinPool.commonPool-worker-0] INFO  impl.PendingRequests (PendingRequests.java:sendNotLeaderResponses(202)) - f97a78fd-c270-4ae8-91a2-4c85a080f332@group-D22CA8E51876-PendingRequests: sendNotLeaderResponses
2019-10-06 12:19:44,685 [main] INFO  util.JmxRegister (JmxRegister.java:unregister(73)) - Successfully un-registered JMX Bean with object name Ratis:service=RaftServer,group=group-F7F3F6EAD91F,id=d1cf100d-d232-4575-b20f-f20364b572fb
2019-10-06 12:19:44,685 [ForkJoinPool.commonPool-worker-0] INFO  impl.StateMachineUpdater (StateMachineUpdater.java:stopAndJoin(136)) - f97a78fd-c270-4ae8-91a2-4c85a080f332@group-D22CA8E51876-StateMachineUpdater: set stopIndex = 0
2019-10-06 12:19:44,686 [ForkJoinPool.commonPool-worker-0] INFO  impl.RaftServerImpl (ServerState.java:close(387)) - f97a78fd-c270-4ae8-91a2-4c85a080f332@group-D22CA8E51876: closes. applyIndex: 0
2019-10-06 12:19:44,685 [main] INFO  impl.RoleInfo (RoleInfo.java:shutdownLeaderState(104)) - d1cf100d-d232-4575-b20f-f20364b572fb: shutdown LeaderState
2019-10-06 12:19:44,686 [f97a78fd-c270-4ae8-91a2-4c85a080f332@group-D22CA8E51876-SegmentedRaftLogWorker] INFO  segmented.SegmentedRaftLogWorker (SegmentedRaftLogWorker.java:run(316)) - f97a78fd-c270-4ae8-91a2-4c85a080f332@group-D22CA8E51876-SegmentedRaftLogWorker was interrupted, exiting. There are 0 tasks remaining in the queue.
2019-10-06 12:19:44,686 [main] INFO  impl.PendingRequests (PendingRequests.java:sendNotLeaderResponses(202)) - d1cf100d-d232-4575-b20f-f20364b572fb@group-F7F3F6EAD91F-PendingRequests: sendNotLeaderResponses
2019-10-06 12:19:44,689 [ForkJoinPool.commonPool-worker-0] INFO  segmented.SegmentedRaftLogWorker (SegmentedRaftLogWorker.java:close(224)) - f97a78fd-c270-4ae8-91a2-4c85a080f332@group-D22CA8E51876-SegmentedRaftLogWorker close()
2019-10-06 12:19:44,690 [main] INFO  impl.StateMachineUpdater (StateMachineUpdater.java:stopAndJoin(136)) - d1cf100d-d232-4575-b20f-f20364b572fb@group-F7F3F6EAD91F-StateMachineUpdater: set stopIndex = 0
2019-10-06 12:19:44,709 [ForkJoinPool.commonPool-worker-0] INFO  server.GrpcService (GrpcService.java:closeImpl(164)) - f97a78fd-c270-4ae8-91a2-4c85a080f332: shutdown server with port 40658 now
2019-10-06 12:19:44,710 [main] INFO  impl.RaftServerImpl (ServerState.java:close(387)) - d1cf100d-d232-4575-b20f-f20364b572fb@group-F7F3F6EAD91F: closes. applyIndex: 0
2019-10-06 12:19:44,711 [d1cf100d-d232-4575-b20f-f20364b572fb@group-F7F3F6EAD91F-SegmentedRaftLogWorker] INFO  segmented.SegmentedRaftLogWorker (SegmentedRaftLogWorker.java:run(316)) - d1cf100d-d232-4575-b20f-f20364b572fb@group-F7F3F6EAD91F-SegmentedRaftLogWorker was interrupted, exiting. There are 0 tasks remaining in the queue.
2019-10-06 12:19:44,711 [grpc-default-executor-10] WARN  client.GrpcClientProtocolService (LogUtils.java:warn(134)) - 4-UnorderedRequestStreamObserver4: onError: org.apache.ratis.thirdparty.io.grpc.StatusRuntimeException: CANCELLED: cancelled before receiving half close
2019-10-06 12:19:44,714 [ForkJoinPool.commonPool-worker-0] INFO  server.GrpcService (GrpcService.java:closeImpl(172)) - f97a78fd-c270-4ae8-91a2-4c85a080f332: shutdown server with port 40658 successfully
2019-10-06 12:19:44,714 [main] INFO  segmented.SegmentedRaftLogWorker (SegmentedRaftLogWorker.java:close(224)) - d1cf100d-d232-4575-b20f-f20364b572fb@group-F7F3F6EAD91F-SegmentedRaftLogWorker close()
2019-10-06 12:19:44,718 [main] INFO  server.GrpcService (GrpcService.java:closeImpl(164)) - d1cf100d-d232-4575-b20f-f20364b572fb: shutdown server with port 34496 now
2019-10-06 12:19:44,720 [grpc-default-executor-5] WARN  server.GrpcServerProtocolService (LogUtils.java:warn(134)) - d1cf100d-d232-4575-b20f-f20364b572fb: installSnapshot onError, lastRequest: a64da041-3938-438c-85b5-761f02538d2b->d1cf100d-d232-4575-b20f-f20364b572fb#13-t1, previous=(t:1, i:7), leaderCommit=7, initializing? false, entries: size=1, first=(t:1, i:8), METADATAENTRY(c7): org.apache.ratis.thirdparty.io.grpc.StatusRuntimeException: CANCELLED: cancelled before receiving half close
2019-10-06 12:19:44,720 [main] INFO  server.GrpcService (GrpcService.java:closeImpl(172)) - d1cf100d-d232-4575-b20f-f20364b572fb: shutdown server with port 34496 successfully
2019-10-06 12:19:44,720 [grpc-default-executor-10] WARN  server.GrpcLogAppender (LogUtils.java:warn(134)) - a64da041-3938-438c-85b5-761f02538d2b@group-D083DA16AB09->d1cf100d-d232-4575-b20f-f20364b572fb-AppendLogResponseHandler: Failed appendEntries: org.apache.ratis.thirdparty.io.grpc.StatusRuntimeException: CANCELLED: HTTP/2 error code: CANCEL
Received Rst Stream
2019-10-06 12:19:44,720 [refreshUsed-/workdir/hadoop-ozone/integration-test/target/test-dir/MiniOzoneClusterImpl-cc38ce88-594d-4b3c-9c11-37372e9ad5cb/datanode-2/data/containers] WARN  fs.CachingGetSpaceUsed (CachingGetSpaceUsed.java:run(183)) - Thread Interrupted waiting to refresh disk information: sleep interrupted
2019-10-06 12:19:44,721 [grpc-default-executor-10] INFO  impl.FollowerInfo (FollowerInfo.java:lambda$new$0(51)) - a64da041-3938-438c-85b5-761f02538d2b@group-D083DA16AB09->d1cf100d-d232-4575-b20f-f20364b572fb: nextIndex: updateUnconditionally 9 -> 8
2019-10-06 12:19:44,724 [refreshUsed-/workdir/hadoop-ozone/integration-test/target/test-dir/MiniOzoneClusterImpl-cc38ce88-594d-4b3c-9c11-37372e9ad5cb/datanode-3/data/containers] WARN  fs.CachingGetSpaceUsed (CachingGetSpaceUsed.java:run(183)) - Thread Interrupted waiting to refresh disk information: sleep interrupted
2019-10-06 12:19:44,745 [main] INFO  utils.BackgroundService (BackgroundService.java:shutdown(148)) - Shutting down service BlockDeletingService
2019-10-06 12:19:44,745 [ForkJoinPool.commonPool-worker-0] INFO  utils.BackgroundService (BackgroundService.java:shutdown(148)) - Shutting down service BlockDeletingService
2019-10-06 12:19:44,753 [main] INFO  statemachine.DatanodeStateMachine (DatanodeStateMachine.java:stopDaemon(395)) - Ozone container server stopped.
2019-10-06 12:19:44,755 [ForkJoinPool.commonPool-worker-0] INFO  statemachine.DatanodeStateMachine (DatanodeStateMachine.java:stopDaemon(395)) - Ozone container server stopped.
2019-10-06 12:19:44,762 [ForkJoinPool.commonPool-worker-0] INFO  handler.ContextHandler (ContextHandler.java:doStop(910)) - Stopped o.e.j.w.WebAppContext@405d8a80{/,null,UNAVAILABLE}{/hddsDatanode}
2019-10-06 12:19:44,762 [main] INFO  handler.ContextHandler (ContextHandler.java:doStop(910)) - Stopped o.e.j.w.WebAppContext@1a7d0c9f{/,null,UNAVAILABLE}{/hddsDatanode}
2019-10-06 12:19:44,763 [main] INFO  server.AbstractConnector (AbstractConnector.java:doStop(318)) - Stopped ServerConnector@2b1a901d{HTTP/1.1,[http/1.1]}{0.0.0.0:0}
2019-10-06 12:19:44,763 [ForkJoinPool.commonPool-worker-0] INFO  server.AbstractConnector (AbstractConnector.java:doStop(318)) - Stopped ServerConnector@ac4e690{HTTP/1.1,[http/1.1]}{0.0.0.0:0}
2019-10-06 12:19:44,763 [main] INFO  handler.ContextHandler (ContextHandler.java:doStop(910)) - Stopped o.e.j.s.ServletContextHandler@61dd1c3d{/static,jar:file:/home/user/.m2/repository/org/apache/hadoop/hadoop-hdds-container-service/0.5.0-SNAPSHOT/hadoop-hdds-container-service-0.5.0-SNAPSHOT.jar!/webapps/static,UNAVAILABLE}
2019-10-06 12:19:44,765 [ForkJoinPool.commonPool-worker-0] INFO  handler.ContextHandler (ContextHandler.java:doStop(910)) - Stopped o.e.j.s.ServletContextHandler@386e9fd8{/static,jar:file:/home/user/.m2/repository/org/apache/hadoop/hadoop-hdds-container-service/0.5.0-SNAPSHOT/hadoop-hdds-container-service-0.5.0-SNAPSHOT.jar!/webapps/static,UNAVAILABLE}
2019-10-06 12:19:44,765 [main] INFO  handler.ContextHandler (ContextHandler.java:doStop(910)) - Stopped o.e.j.s.ServletContextHandler@53ba7997{/logs,file:///workdir/hadoop-ozone/integration-test/target/log,UNAVAILABLE}
2019-10-06 12:19:44,767 [ForkJoinPool.commonPool-worker-0] INFO  handler.ContextHandler (ContextHandler.java:doStop(910)) - Stopped o.e.j.s.ServletContextHandler@3d798e76{/logs,file:///workdir/hadoop-ozone/integration-test/target/log,UNAVAILABLE}
2019-10-06 12:19:44,919 [grpc-default-executor-10] WARN  server.GrpcLogAppender (LogUtils.java:warn(134)) - a64da041-3938-438c-85b5-761f02538d2b@group-D083DA16AB09->d1cf100d-d232-4575-b20f-f20364b572fb-AppendLogResponseHandler: Failed appendEntries: org.apache.ratis.thirdparty.io.grpc.StatusRuntimeException: UNAVAILABLE: io exception
2019-10-06 12:19:44,919 [grpc-default-executor-10] INFO  impl.FollowerInfo (FollowerInfo.java:lambda$new$0(51)) - a64da041-3938-438c-85b5-761f02538d2b@group-D083DA16AB09->d1cf100d-d232-4575-b20f-f20364b572fb: nextIndex: updateUnconditionally 8 -> 7
2019-10-06 12:19:44,923 [grpc-default-executor-5] WARN  server.GrpcLogAppender (LogUtils.java:warn(134)) - a64da041-3938-438c-85b5-761f02538d2b@group-D083DA16AB09->aaa86d1a-07c5-4e1d-acb8-947f9ae7d533-AppendLogResponseHandler: Failed appendEntries: org.apache.ratis.thirdparty.io.grpc.StatusRuntimeException: UNAVAILABLE: io exception
2019-10-06 12:19:44,923 [grpc-default-executor-5] INFO  impl.FollowerInfo (FollowerInfo.java:lambda$new$0(51)) - a64da041-3938-438c-85b5-761f02538d2b@group-D083DA16AB09->aaa86d1a-07c5-4e1d-acb8-947f9ae7d533: nextIndex: updateUnconditionally 5 -> 4
2019-10-06 12:19:45,136 [Datanode State Machine Thread - 0] INFO  statemachine.DatanodeStateMachine (DatanodeStateMachine.java:lambda$startDaemon$0(350)) - Ozone container server started.
2019-10-06 12:19:45,444 [Datanode State Machine Thread - 0] INFO  statemachine.DatanodeStateMachine (DatanodeStateMachine.java:lambda$startDaemon$0(350)) - Ozone container server started.
2019-10-06 12:19:47,420 [grpc-default-executor-10] WARN  server.GrpcLogAppender (LogUtils.java:warn(134)) - a64da041-3938-438c-85b5-761f02538d2b@group-D083DA16AB09->d1cf100d-d232-4575-b20f-f20364b572fb-AppendLogResponseHandler: Failed appendEntries: org.apache.ratis.thirdparty.io.grpc.StatusRuntimeException: UNAVAILABLE: io exception
2019-10-06 12:19:47,421 [grpc-default-executor-10] INFO  impl.FollowerInfo (FollowerInfo.java:lambda$new$0(51)) - a64da041-3938-438c-85b5-761f02538d2b@group-D083DA16AB09->d1cf100d-d232-4575-b20f-f20364b572fb: nextIndex: updateUnconditionally 7 -> 6
2019-10-06 12:19:47,423 [grpc-default-executor-5] WARN  server.GrpcLogAppender (LogUtils.java:warn(134)) - a64da041-3938-438c-85b5-761f02538d2b@group-D083DA16AB09->aaa86d1a-07c5-4e1d-acb8-947f9ae7d533-AppendLogResponseHandler: Failed appendEntries: org.apache.ratis.thirdparty.io.grpc.StatusRuntimeException: UNAVAILABLE: io exception
2019-10-06 12:19:47,424 [grpc-default-executor-5] INFO  impl.FollowerInfo (FollowerInfo.java:lambda$new$0(51)) - a64da041-3938-438c-85b5-761f02538d2b@group-D083DA16AB09->aaa86d1a-07c5-4e1d-acb8-947f9ae7d533: nextIndex: updateUnconditionally 4 -> 3
2019-10-06 12:19:49,216 [EventQueue-StaleNodeForStaleNodeHandler] INFO  node.StaleNodeHandler (StaleNodeHandler.java:onMessage(58)) - Datanode b16739f0-2a40-4eaa-b1ff-69d23b3e636e{ip: 192.168.30.17, host: ozone-build-dev-sjjt9-54166716, networkLocation: /default-rack, certSerialId: null} moved to stale state. Finalizing its pipelines [PipelineID=f8666b4a-995b-4bee-bf85-825684d36467]
2019-10-06 12:19:49,217 [EventQueue-StaleNodeForStaleNodeHandler] INFO  pipeline.SCMPipelineManager (SCMPipelineManager.java:finalizeAndDestroyPipeline(315)) - destroying pipeline:Pipeline[ Id: f8666b4a-995b-4bee-bf85-825684d36467, Nodes: b16739f0-2a40-4eaa-b1ff-69d23b3e636e{ip: 192.168.30.17, host: ozone-build-dev-sjjt9-54166716, networkLocation: /default-rack, certSerialId: null}, Type:RATIS, Factor:ONE, State:OPEN]
2019-10-06 12:19:49,218 [EventQueue-StaleNodeForStaleNodeHandler] INFO  pipeline.PipelineStateManager (PipelineStateManager.java:finalizePipeline(123)) - Pipeline Pipeline[ Id: f8666b4a-995b-4bee-bf85-825684d36467, Nodes: b16739f0-2a40-4eaa-b1ff-69d23b3e636e{ip: 192.168.30.17, host: ozone-build-dev-sjjt9-54166716, networkLocation: /default-rack, certSerialId: null}, Type:RATIS, Factor:ONE, State:CLOSED] moved to CLOSED state
2019-10-06 12:19:49,516 [EventQueue-StaleNodeForStaleNodeHandler] INFO  node.StaleNodeHandler (StaleNodeHandler.java:onMessage(58)) - Datanode a64da041-3938-438c-85b5-761f02538d2b{ip: 192.168.30.17, host: ozone-build-dev-sjjt9-54166716, networkLocation: /default-rack, certSerialId: null} moved to stale state. Finalizing its pipelines [PipelineID=f1d75d30-cb34-4e3e-8d25-d083da16ab09, PipelineID=7f4344d4-f8e4-41da-bff2-1443afa29a45]
2019-10-06 12:19:49,516 [EventQueue-StaleNodeForStaleNodeHandler] INFO  pipeline.SCMPipelineManager (SCMPipelineManager.java:finalizeAndDestroyPipeline(315)) - destroying pipeline:Pipeline[ Id: f1d75d30-cb34-4e3e-8d25-d083da16ab09, Nodes: d1cf100d-d232-4575-b20f-f20364b572fb{ip: 192.168.30.17, host: ozone-build-dev-sjjt9-54166716, networkLocation: /default-rack, certSerialId: null}aaa86d1a-07c5-4e1d-acb8-947f9ae7d533{ip: 192.168.30.17, host: ozone-build-dev-sjjt9-54166716, networkLocation: /default-rack, certSerialId: null}a64da041-3938-438c-85b5-761f02538d2b{ip: 192.168.30.17, host: ozone-build-dev-sjjt9-54166716, networkLocation: /default-rack, certSerialId: null}, Type:RATIS, Factor:THREE, State:CLOSED]
2019-10-06 12:19:49,516 [EventQueue-StaleNodeForStaleNodeHandler] INFO  pipeline.SCMPipelineManager (SCMPipelineManager.java:finalizeAndDestroyPipeline(315)) - destroying pipeline:Pipeline[ Id: 7f4344d4-f8e4-41da-bff2-1443afa29a45, Nodes: a64da041-3938-438c-85b5-761f02538d2b{ip: 192.168.30.17, host: ozone-build-dev-sjjt9-54166716, networkLocation: /default-rack, certSerialId: null}, Type:RATIS, Factor:ONE, State:OPEN]
2019-10-06 12:19:49,516 [EventQueue-StaleNodeForStaleNodeHandler] INFO  pipeline.PipelineStateManager (PipelineStateManager.java:finalizePipeline(123)) - Pipeline Pipeline[ Id: 7f4344d4-f8e4-41da-bff2-1443afa29a45, Nodes: a64da041-3938-438c-85b5-761f02538d2b{ip: 192.168.30.17, host: ozone-build-dev-sjjt9-54166716, networkLocation: /default-rack, certSerialId: null}, Type:RATIS, Factor:ONE, State:CLOSED] moved to CLOSED state
2019-10-06 12:19:49,771 [main] INFO  ozoneimpl.OzoneContainer (OzoneContainer.java:stop(231)) - Attempting to stop container services.
2019-10-06 12:19:49,771 [ForkJoinPool.commonPool-worker-0] INFO  ozoneimpl.OzoneContainer (OzoneContainer.java:stop(231)) - Attempting to stop container services.
2019-10-06 12:19:49,780 [main] INFO  impl.RaftServerProxy (RaftServerProxy.java:lambda$close$4(314)) - b16739f0-2a40-4eaa-b1ff-69d23b3e636e: close
2019-10-06 12:19:49,781 [ForkJoinPool.commonPool-worker-0] INFO  impl.RaftServerProxy (RaftServerProxy.java:lambda$close$4(314)) - a64da041-3938-438c-85b5-761f02538d2b: close
2019-10-06 12:19:49,781 [main] INFO  impl.RaftServerImpl (RaftServerImpl.java:lambda$shutdown$3(247)) - b16739f0-2a40-4eaa-b1ff-69d23b3e636e@group-825684D36467: shutdown
2019-10-06 12:19:49,781 [ForkJoinPool.commonPool-worker-0] INFO  impl.RaftServerImpl (RaftServerImpl.java:lambda$shutdown$3(247)) - a64da041-3938-438c-85b5-761f02538d2b@group-D083DA16AB09: shutdown
2019-10-06 12:19:49,781 [main] INFO  util.JmxRegister (JmxRegister.java:unregister(73)) - Successfully un-registered JMX Bean with object name Ratis:service=RaftServer,group=group-825684D36467,id=b16739f0-2a40-4eaa-b1ff-69d23b3e636e
2019-10-06 12:19:49,782 [ForkJoinPool.commonPool-worker-0] INFO  util.JmxRegister (JmxRegister.java:unregister(73)) - Successfully un-registered JMX Bean with object name Ratis:service=RaftServer,group=group-D083DA16AB09,id=a64da041-3938-438c-85b5-761f02538d2b
2019-10-06 12:19:49,782 [ForkJoinPool.commonPool-worker-0] INFO  impl.RoleInfo (RoleInfo.java:shutdownLeaderState(104)) - a64da041-3938-438c-85b5-761f02538d2b: shutdown LeaderState
2019-10-06 12:19:49,782 [main] INFO  impl.RoleInfo (RoleInfo.java:shutdownLeaderState(104)) - b16739f0-2a40-4eaa-b1ff-69d23b3e636e: shutdown LeaderState
2019-10-06 12:19:49,788 [org.apache.ratis.server.impl.LogAppender$AppenderDaemon$$Lambda$515/103085567@6082a24a] WARN  server.GrpcLogAppender (GrpcLogAppender.java:mayWait(143)) - a64da041-3938-438c-85b5-761f02538d2b@group-D083DA16AB09->aaa86d1a-07c5-4e1d-acb8-947f9ae7d533-GrpcLogAppender: Wait interrupted by java.lang.InterruptedException
2019-10-06 12:19:49,788 [main] INFO  impl.PendingRequests (PendingRequests.java:sendNotLeaderResponses(202)) - b16739f0-2a40-4eaa-b1ff-69d23b3e636e@group-825684D36467-PendingRequests: sendNotLeaderResponses
2019-10-06 12:19:49,788 [org.apache.ratis.server.impl.LogAppender$AppenderDaemon$$Lambda$515/103085567@2a9f1ea4] WARN  server.GrpcLogAppender (GrpcLogAppender.java:mayWait(143)) - a64da041-3938-438c-85b5-761f02538d2b@group-D083DA16AB09->d1cf100d-d232-4575-b20f-f20364b572fb-GrpcLogAppender: Wait interrupted by java.lang.InterruptedException
2019-10-06 12:19:49,788 [ForkJoinPool.commonPool-worker-0] INFO  impl.PendingRequests (PendingRequests.java:sendNotLeaderResponses(202)) - a64da041-3938-438c-85b5-761f02538d2b@group-D083DA16AB09-PendingRequests: sendNotLeaderResponses
2019-10-06 12:19:49,789 [main] INFO  impl.StateMachineUpdater (StateMachineUpdater.java:stopAndJoin(136)) - b16739f0-2a40-4eaa-b1ff-69d23b3e636e@group-825684D36467-StateMachineUpdater: set stopIndex = 0
2019-10-06 12:19:49,789 [main] INFO  impl.RaftServerImpl (ServerState.java:close(387)) - b16739f0-2a40-4eaa-b1ff-69d23b3e636e@group-825684D36467: closes. applyIndex: 0
2019-10-06 12:19:49,795 [b16739f0-2a40-4eaa-b1ff-69d23b3e636e@group-825684D36467-SegmentedRaftLogWorker] INFO  segmented.SegmentedRaftLogWorker (SegmentedRaftLogWorker.java:run(316)) - b16739f0-2a40-4eaa-b1ff-69d23b3e636e@group-825684D36467-SegmentedRaftLogWorker was interrupted, exiting. There are 0 tasks remaining in the queue.
2019-10-06 12:19:49,799 [main] INFO  segmented.SegmentedRaftLogWorker (SegmentedRaftLogWorker.java:close(224)) - b16739f0-2a40-4eaa-b1ff-69d23b3e636e@group-825684D36467-SegmentedRaftLogWorker close()
2019-10-06 12:19:49,802 [main] INFO  server.GrpcService (GrpcService.java:closeImpl(164)) - b16739f0-2a40-4eaa-b1ff-69d23b3e636e: shutdown server with port 42444 now
2019-10-06 12:19:49,802 [a64da041-3938-438c-85b5-761f02538d2b@group-D083DA16AB09-StateMachineUpdater] INFO  ratis.ContainerStateMachine (ContainerStateMachine.java:takeSnapshot(293)) - group-D083DA16AB09: Taking a snapshot at:(t:1, i:8) file /workdir/hadoop-ozone/integration-test/target/test-dir/MiniOzoneClusterImpl-cc38ce88-594d-4b3c-9c11-37372e9ad5cb/datanode-0/data/ratis/f1d75d30-cb34-4e3e-8d25-d083da16ab09/sm/snapshot.1_8
2019-10-06 12:19:49,802 [ForkJoinPool.commonPool-worker-0] INFO  impl.StateMachineUpdater (StateMachineUpdater.java:stopAndJoin(136)) - a64da041-3938-438c-85b5-761f02538d2b@group-D083DA16AB09-StateMachineUpdater: set stopIndex = 8
2019-10-06 12:19:49,805 [main] INFO  server.GrpcService (GrpcService.java:closeImpl(172)) - b16739f0-2a40-4eaa-b1ff-69d23b3e636e: shutdown server with port 42444 successfully
2019-10-06 12:19:49,810 [refreshUsed-/workdir/hadoop-ozone/integration-test/target/test-dir/MiniOzoneClusterImpl-cc38ce88-594d-4b3c-9c11-37372e9ad5cb/datanode-6/data/containers] WARN  fs.CachingGetSpaceUsed (CachingGetSpaceUsed.java:run(183)) - Thread Interrupted waiting to refresh disk information: sleep interrupted
2019-10-06 12:19:49,826 [a64da041-3938-438c-85b5-761f02538d2b@group-D083DA16AB09-StateMachineUpdater] INFO  ratis.ContainerStateMachine (ContainerStateMachine.java:takeSnapshot(304)) - group-D083DA16AB09: Finished taking a snapshot at:(t:1, i:8) file:/workdir/hadoop-ozone/integration-test/target/test-dir/MiniOzoneClusterImpl-cc38ce88-594d-4b3c-9c11-37372e9ad5cb/datanode-0/data/ratis/f1d75d30-cb34-4e3e-8d25-d083da16ab09/sm/snapshot.1_8 time:24
2019-10-06 12:19:49,826 [a64da041-3938-438c-85b5-761f02538d2b@group-D083DA16AB09-StateMachineUpdater] INFO  impl.StateMachineUpdater (StateMachineUpdater.java:takeSnapshot(269)) - a64da041-3938-438c-85b5-761f02538d2b@group-D083DA16AB09-StateMachineUpdater: Took a snapshot at index 8
2019-10-06 12:19:49,826 [a64da041-3938-438c-85b5-761f02538d2b@group-D083DA16AB09-StateMachineUpdater] INFO  impl.StateMachineUpdater (StateMachineUpdater.java:lambda$new$0(84)) - a64da041-3938-438c-85b5-761f02538d2b@group-D083DA16AB09-StateMachineUpdater: snapshotIndex: updateIncreasingly -1 -> 8
2019-10-06 12:19:49,827 [ForkJoinPool.commonPool-worker-0] INFO  impl.RaftServerImpl (ServerState.java:close(387)) - a64da041-3938-438c-85b5-761f02538d2b@group-D083DA16AB09: closes. applyIndex: 8
2019-10-06 12:19:49,827 [a64da041-3938-438c-85b5-761f02538d2b@group-D083DA16AB09-SegmentedRaftLogWorker] INFO  segmented.SegmentedRaftLogWorker (SegmentedRaftLogWorker.java:run(316)) - a64da041-3938-438c-85b5-761f02538d2b@group-D083DA16AB09-SegmentedRaftLogWorker was interrupted, exiting. There are 0 tasks remaining in the queue.
2019-10-06 12:19:49,829 [ForkJoinPool.commonPool-worker-0] INFO  segmented.SegmentedRaftLogWorker (SegmentedRaftLogWorker.java:close(224)) - a64da041-3938-438c-85b5-761f02538d2b@group-D083DA16AB09-SegmentedRaftLogWorker close()
2019-10-06 12:19:49,842 [ForkJoinPool.commonPool-worker-0] INFO  impl.RaftServerImpl (RaftServerImpl.java:lambda$shutdown$3(247)) - a64da041-3938-438c-85b5-761f02538d2b@group-1443AFA29A45: shutdown
2019-10-06 12:19:49,843 [ForkJoinPool.commonPool-worker-0] INFO  util.JmxRegister (JmxRegister.java:unregister(73)) - Successfully un-registered JMX Bean with object name Ratis:service=RaftServer,group=group-1443AFA29A45,id=a64da041-3938-438c-85b5-761f02538d2b
2019-10-06 12:19:49,843 [ForkJoinPool.commonPool-worker-0] INFO  impl.RoleInfo (RoleInfo.java:shutdownLeaderState(104)) - a64da041-3938-438c-85b5-761f02538d2b: shutdown LeaderState
2019-10-06 12:19:49,843 [ForkJoinPool.commonPool-worker-0] INFO  impl.PendingRequests (PendingRequests.java:sendNotLeaderResponses(202)) - a64da041-3938-438c-85b5-761f02538d2b@group-1443AFA29A45-PendingRequests: sendNotLeaderResponses
2019-10-06 12:19:49,843 [main] INFO  utils.BackgroundService (BackgroundService.java:shutdown(148)) - Shutting down service BlockDeletingService
2019-10-06 12:19:49,844 [ForkJoinPool.commonPool-worker-0] INFO  impl.StateMachineUpdater (StateMachineUpdater.java:stopAndJoin(136)) - a64da041-3938-438c-85b5-761f02538d2b@group-1443AFA29A45-StateMachineUpdater: set stopIndex = 0
2019-10-06 12:19:49,844 [ForkJoinPool.commonPool-worker-0] INFO  impl.RaftServerImpl (ServerState.java:close(387)) - a64da041-3938-438c-85b5-761f02538d2b@group-1443AFA29A45: closes. applyIndex: 0
2019-10-06 12:19:49,848 [a64da041-3938-438c-85b5-761f02538d2b@group-1443AFA29A45-SegmentedRaftLogWorker] INFO  segmented.SegmentedRaftLogWorker (SegmentedRaftLogWorker.java:run(316)) - a64da041-3938-438c-85b5-761f02538d2b@group-1443AFA29A45-SegmentedRaftLogWorker was interrupted, exiting. There are 0 tasks remaining in the queue.
2019-10-06 12:19:49,850 [main] INFO  statemachine.DatanodeStateMachine (DatanodeStateMachine.java:stopDaemon(395)) - Ozone container server stopped.
2019-10-06 12:19:49,850 [ForkJoinPool.commonPool-worker-0] INFO  segmented.SegmentedRaftLogWorker (SegmentedRaftLogWorker.java:close(224)) - a64da041-3938-438c-85b5-761f02538d2b@group-1443AFA29A45-SegmentedRaftLogWorker close()
2019-10-06 12:19:49,850 [ForkJoinPool.commonPool-worker-0] INFO  server.GrpcService (GrpcService.java:closeImpl(164)) - a64da041-3938-438c-85b5-761f02538d2b: shutdown server with port 32978 now
2019-10-06 12:19:49,853 [ForkJoinPool.commonPool-worker-0] INFO  server.GrpcService (GrpcService.java:closeImpl(172)) - a64da041-3938-438c-85b5-761f02538d2b: shutdown server with port 32978 successfully
2019-10-06 12:19:49,855 [main] INFO  handler.ContextHandler (ContextHandler.java:doStop(910)) - Stopped o.e.j.w.WebAppContext@7440265c{/,null,UNAVAILABLE}{/hddsDatanode}
2019-10-06 12:19:49,855 [refreshUsed-/workdir/hadoop-ozone/integration-test/target/test-dir/MiniOzoneClusterImpl-cc38ce88-594d-4b3c-9c11-37372e9ad5cb/datanode-0/data/containers] WARN  fs.CachingGetSpaceUsed (CachingGetSpaceUsed.java:run(183)) - Thread Interrupted waiting to refresh disk information: sleep interrupted
2019-10-06 12:19:49,857 [main] INFO  server.AbstractConnector (AbstractConnector.java:doStop(318)) - Stopped ServerConnector@1d8be7b9{HTTP/1.1,[http/1.1]}{0.0.0.0:0}
2019-10-06 12:19:49,857 [main] INFO  handler.ContextHandler (ContextHandler.java:doStop(910)) - Stopped o.e.j.s.ServletContextHandler@b0d3e7{/static,jar:file:/home/user/.m2/repository/org/apache/hadoop/hadoop-hdds-container-service/0.5.0-SNAPSHOT/hadoop-hdds-container-service-0.5.0-SNAPSHOT.jar!/webapps/static,UNAVAILABLE}
2019-10-06 12:19:49,860 [main] INFO  handler.ContextHandler (ContextHandler.java:doStop(910)) - Stopped o.e.j.s.ServletContextHandler@1c90029b{/logs,file:///workdir/hadoop-ozone/integration-test/target/log,UNAVAILABLE}
2019-10-06 12:19:49,869 [ForkJoinPool.commonPool-worker-0] INFO  utils.BackgroundService (BackgroundService.java:shutdown(148)) - Shutting down service BlockDeletingService
2019-10-06 12:19:49,874 [ForkJoinPool.commonPool-worker-0] INFO  statemachine.DatanodeStateMachine (DatanodeStateMachine.java:stopDaemon(395)) - Ozone container server stopped.
2019-10-06 12:19:49,879 [ForkJoinPool.commonPool-worker-0] INFO  handler.ContextHandler (ContextHandler.java:doStop(910)) - Stopped o.e.j.w.WebAppContext@3d6778d5{/,null,UNAVAILABLE}{/hddsDatanode}
2019-10-06 12:19:49,879 [ForkJoinPool.commonPool-worker-0] INFO  server.AbstractConnector (AbstractConnector.java:doStop(318)) - Stopped ServerConnector@a84338a{HTTP/1.1,[http/1.1]}{0.0.0.0:0}
2019-10-06 12:19:49,880 [ForkJoinPool.commonPool-worker-0] INFO  handler.ContextHandler (ContextHandler.java:doStop(910)) - Stopped o.e.j.s.ServletContextHandler@166e5a6d{/static,jar:file:/home/user/.m2/repository/org/apache/hadoop/hadoop-hdds-container-service/0.5.0-SNAPSHOT/hadoop-hdds-container-service-0.5.0-SNAPSHOT.jar!/webapps/static,UNAVAILABLE}
2019-10-06 12:19:49,882 [ForkJoinPool.commonPool-worker-0] INFO  handler.ContextHandler (ContextHandler.java:doStop(910)) - Stopped o.e.j.s.ServletContextHandler@67a0ff25{/logs,file:///workdir/hadoop-ozone/integration-test/target/log,UNAVAILABLE}
2019-10-06 12:19:50,084 [Datanode State Machine Thread - 0] INFO  statemachine.DatanodeStateMachine (DatanodeStateMachine.java:lambda$startDaemon$0(350)) - Ozone container server started.
2019-10-06 12:19:51,823 [Thread-4660] INFO  impl.FollowerState (FollowerState.java:run(108)) - b013f667-9a6f-4b01-9f03-c88d83699582@group-33D70C1D47B9-FollowerState: change to CANDIDATE, lastRpcTime:7186ms, electionTimeout:5063ms
2019-10-06 12:19:51,824 [Thread-4660] INFO  impl.RoleInfo (RoleInfo.java:shutdownFollowerState(121)) - b013f667-9a6f-4b01-9f03-c88d83699582: shutdown FollowerState
2019-10-06 12:19:51,824 [Thread-4660] INFO  impl.RaftServerImpl (RaftServerImpl.java:setRole(170)) - b013f667-9a6f-4b01-9f03-c88d83699582@group-33D70C1D47B9: changes role from  FOLLOWER to CANDIDATE at term 1 for changeToCandidate
2019-10-06 12:19:51,824 [Thread-4660] INFO  impl.RoleInfo (RoleInfo.java:updateAndGet(143)) - b013f667-9a6f-4b01-9f03-c88d83699582: start LeaderElection
2019-10-06 12:19:51,824 [b013f667-9a6f-4b01-9f03-c88d83699582@group-33D70C1D47B9-LeaderElection107] INFO  impl.RaftServerImpl (ServerState.java:setLeader(255)) - b013f667-9a6f-4b01-9f03-c88d83699582@group-33D70C1D47B9: change Leader from f97a78fd-c270-4ae8-91a2-4c85a080f332 to null at term 1 for initElection
2019-10-06 12:19:51,841 [b013f667-9a6f-4b01-9f03-c88d83699582@group-33D70C1D47B9-LeaderElection107] INFO  impl.LeaderElection (LeaderElection.java:askForVotes(178)) - b013f667-9a6f-4b01-9f03-c88d83699582@group-33D70C1D47B9-LeaderElection107: begin an election at term 2 for 0: [a03b9670-69e9-4494-8224-9b06463abc23:192.168.30.17:43258, f97a78fd-c270-4ae8-91a2-4c85a080f332:192.168.30.17:40658, b013f667-9a6f-4b01-9f03-c88d83699582:192.168.30.17:34406], old=null
2019-10-06 12:19:51,844 [b013f667-9a6f-4b01-9f03-c88d83699582@group-33D70C1D47B9-LeaderElection107] INFO  impl.LeaderElection (LogUtils.java:infoOrTrace(149)) - b013f667-9a6f-4b01-9f03-c88d83699582@group-33D70C1D47B9-LeaderElection107 got exception when requesting votes: {}
java.util.concurrent.ExecutionException: org.apache.ratis.thirdparty.io.grpc.StatusRuntimeException: UNAVAILABLE: io exception
	at java.util.concurrent.FutureTask.report(FutureTask.java:122)
	at java.util.concurrent.FutureTask.get(FutureTask.java:192)
	at org.apache.ratis.server.impl.LeaderElection.waitForResults(LeaderElection.java:259)
	at org.apache.ratis.server.impl.LeaderElection.askForVotes(LeaderElection.java:197)
	at org.apache.ratis.server.impl.LeaderElection.run(LeaderElection.java:133)
	at java.lang.Thread.run(Thread.java:748)
Caused by: org.apache.ratis.thirdparty.io.grpc.StatusRuntimeException: UNAVAILABLE: io exception
	at org.apache.ratis.thirdparty.io.grpc.stub.ClientCalls.toStatusRuntimeException(ClientCalls.java:233)
	at org.apache.ratis.thirdparty.io.grpc.stub.ClientCalls.getUnchecked(ClientCalls.java:214)
	at org.apache.ratis.thirdparty.io.grpc.stub.ClientCalls.blockingUnaryCall(ClientCalls.java:139)
	at org.apache.ratis.proto.grpc.RaftServerProtocolServiceGrpc$RaftServerProtocolServiceBlockingStub.requestVote(RaftServerProtocolServiceGrpc.java:265)
	at org.apache.ratis.grpc.server.GrpcServerProtocolClient.requestVote(GrpcServerProtocolClient.java:99)
	at org.apache.ratis.grpc.server.GrpcService.requestVote(GrpcService.java:204)
	at org.apache.ratis.server.impl.LeaderElection.lambda$submitRequests$1(LeaderElection.java:234)
	at java.util.concurrent.FutureTask.run(FutureTask.java:266)
	at java.util.concurrent.Executors$RunnableAdapter.call(Executors.java:511)
	at java.util.concurrent.FutureTask.run(FutureTask.java:266)
	at java.util.concurrent.ThreadPoolExecutor.runWorker(ThreadPoolExecutor.java:1149)
	at java.util.concurrent.ThreadPoolExecutor$Worker.run(ThreadPoolExecutor.java:624)
	... 1 more
Caused by: org.apache.ratis.thirdparty.io.netty.channel.AbstractChannel$AnnotatedConnectException: Connection refused: /192.168.30.17:40658
	at sun.nio.ch.SocketChannelImpl.checkConnect(Native Method)
	at sun.nio.ch.SocketChannelImpl.finishConnect(SocketChannelImpl.java:717)
	at org.apache.ratis.thirdparty.io.netty.channel.socket.nio.NioSocketChannel.doFinishConnect(NioSocketChannel.java:327)
	at org.apache.ratis.thirdparty.io.netty.channel.nio.AbstractNioChannel$AbstractNioUnsafe.finishConnect(AbstractNioChannel.java:340)
	at org.apache.ratis.thirdparty.io.netty.channel.nio.NioEventLoop.processSelectedKey(NioEventLoop.java:632)
	at org.apache.ratis.thirdparty.io.netty.channel.nio.NioEventLoop.processSelectedKeysOptimized(NioEventLoop.java:579)
	at org.apache.ratis.thirdparty.io.netty.channel.nio.NioEventLoop.processSelectedKeys(NioEventLoop.java:496)
	at org.apache.ratis.thirdparty.io.netty.channel.nio.NioEventLoop.run(NioEventLoop.java:458)
	at org.apache.ratis.thirdparty.io.netty.util.concurrent.SingleThreadEventExecutor$5.run(SingleThreadEventExecutor.java:897)
	at org.apache.ratis.thirdparty.io.netty.util.concurrent.FastThreadLocalRunnable.run(FastThreadLocalRunnable.java:30)
	... 1 more
Caused by: java.net.ConnectException: Connection refused
	... 11 more
2019-10-06 12:19:51,853 [b013f667-9a6f-4b01-9f03-c88d83699582@group-33D70C1D47B9-LeaderElection107] INFO  impl.LeaderElection (LogUtils.java:infoOrTrace(149)) - b013f667-9a6f-4b01-9f03-c88d83699582@group-33D70C1D47B9-LeaderElection107 got exception when requesting votes: {}
java.util.concurrent.ExecutionException: org.apache.ratis.thirdparty.io.grpc.StatusRuntimeException: UNAVAILABLE: io exception
	at java.util.concurrent.FutureTask.report(FutureTask.java:122)
	at java.util.concurrent.FutureTask.get(FutureTask.java:192)
	at org.apache.ratis.server.impl.LeaderElection.waitForResults(LeaderElection.java:259)
	at org.apache.ratis.server.impl.LeaderElection.askForVotes(LeaderElection.java:197)
	at org.apache.ratis.server.impl.LeaderElection.run(LeaderElection.java:133)
	at java.lang.Thread.run(Thread.java:748)
Caused by: org.apache.ratis.thirdparty.io.grpc.StatusRuntimeException: UNAVAILABLE: io exception
	at org.apache.ratis.thirdparty.io.grpc.stub.ClientCalls.toStatusRuntimeException(ClientCalls.java:233)
	at org.apache.ratis.thirdparty.io.grpc.stub.ClientCalls.getUnchecked(ClientCalls.java:214)
	at org.apache.ratis.thirdparty.io.grpc.stub.ClientCalls.blockingUnaryCall(ClientCalls.java:139)
	at org.apache.ratis.proto.grpc.RaftServerProtocolServiceGrpc$RaftServerProtocolServiceBlockingStub.requestVote(RaftServerProtocolServiceGrpc.java:265)
	at org.apache.ratis.grpc.server.GrpcServerProtocolClient.requestVote(GrpcServerProtocolClient.java:99)
	at org.apache.ratis.grpc.server.GrpcService.requestVote(GrpcService.java:204)
	at org.apache.ratis.server.impl.LeaderElection.lambda$submitRequests$1(LeaderElection.java:234)
	at java.util.concurrent.FutureTask.run(FutureTask.java:266)
	at java.util.concurrent.Executors$RunnableAdapter.call(Executors.java:511)
	at java.util.concurrent.FutureTask.run(FutureTask.java:266)
	at java.util.concurrent.ThreadPoolExecutor.runWorker(ThreadPoolExecutor.java:1149)
	at java.util.concurrent.ThreadPoolExecutor$Worker.run(ThreadPoolExecutor.java:624)
	... 1 more
Caused by: org.apache.ratis.thirdparty.io.netty.channel.AbstractChannel$AnnotatedConnectException: Connection refused: /192.168.30.17:43258
	at sun.nio.ch.SocketChannelImpl.checkConnect(Native Method)
	at sun.nio.ch.SocketChannelImpl.finishConnect(SocketChannelImpl.java:717)
	at org.apache.ratis.thirdparty.io.netty.channel.socket.nio.NioSocketChannel.doFinishConnect(NioSocketChannel.java:327)
	at org.apache.ratis.thirdparty.io.netty.channel.nio.AbstractNioChannel$AbstractNioUnsafe.finishConnect(AbstractNioChannel.java:340)
	at org.apache.ratis.thirdparty.io.netty.channel.nio.NioEventLoop.processSelectedKey(NioEventLoop.java:632)
	at org.apache.ratis.thirdparty.io.netty.channel.nio.NioEventLoop.processSelectedKeysOptimized(NioEventLoop.java:579)
	at org.apache.ratis.thirdparty.io.netty.channel.nio.NioEventLoop.processSelectedKeys(NioEventLoop.java:496)
	at org.apache.ratis.thirdparty.io.netty.channel.nio.NioEventLoop.run(NioEventLoop.java:458)
	at org.apache.ratis.thirdparty.io.netty.util.concurrent.SingleThreadEventExecutor$5.run(SingleThreadEventExecutor.java:897)
	at org.apache.ratis.thirdparty.io.netty.util.concurrent.FastThreadLocalRunnable.run(FastThreadLocalRunnable.java:30)
	... 1 more
Caused by: java.net.ConnectException: Connection refused
	... 11 more
2019-10-06 12:19:51,857 [b013f667-9a6f-4b01-9f03-c88d83699582@group-33D70C1D47B9-LeaderElection107] INFO  impl.LeaderElection (LeaderElection.java:logAndReturn(56)) - b013f667-9a6f-4b01-9f03-c88d83699582@group-33D70C1D47B9-LeaderElection107: Election REJECTED; received 0 response(s) [] and 2 exception(s); b013f667-9a6f-4b01-9f03-c88d83699582@group-33D70C1D47B9:t2, leader=null, voted=b013f667-9a6f-4b01-9f03-c88d83699582, raftlog=b013f667-9a6f-4b01-9f03-c88d83699582@group-33D70C1D47B9-SegmentedRaftLog:OPENED:c6,f6,i6, conf=0: [a03b9670-69e9-4494-8224-9b06463abc23:192.168.30.17:43258, f97a78fd-c270-4ae8-91a2-4c85a080f332:192.168.30.17:40658, b013f667-9a6f-4b01-9f03-c88d83699582:192.168.30.17:34406], old=null
2019-10-06 12:19:51,858 [b013f667-9a6f-4b01-9f03-c88d83699582@group-33D70C1D47B9-LeaderElection107] INFO  impl.LeaderElection (LogUtils.java:infoOrTrace(149)) -   Exception 0: {}
java.util.concurrent.ExecutionException: org.apache.ratis.thirdparty.io.grpc.StatusRuntimeException: UNAVAILABLE: io exception
	at java.util.concurrent.FutureTask.report(FutureTask.java:122)
	at java.util.concurrent.FutureTask.get(FutureTask.java:192)
	at org.apache.ratis.server.impl.LeaderElection.waitForResults(LeaderElection.java:259)
	at org.apache.ratis.server.impl.LeaderElection.askForVotes(LeaderElection.java:197)
	at org.apache.ratis.server.impl.LeaderElection.run(LeaderElection.java:133)
	at java.lang.Thread.run(Thread.java:748)
Caused by: org.apache.ratis.thirdparty.io.grpc.StatusRuntimeException: UNAVAILABLE: io exception
	at org.apache.ratis.thirdparty.io.grpc.stub.ClientCalls.toStatusRuntimeException(ClientCalls.java:233)
	at org.apache.ratis.thirdparty.io.grpc.stub.ClientCalls.getUnchecked(ClientCalls.java:214)
	at org.apache.ratis.thirdparty.io.grpc.stub.ClientCalls.blockingUnaryCall(ClientCalls.java:139)
	at org.apache.ratis.proto.grpc.RaftServerProtocolServiceGrpc$RaftServerProtocolServiceBlockingStub.requestVote(RaftServerProtocolServiceGrpc.java:265)
	at org.apache.ratis.grpc.server.GrpcServerProtocolClient.requestVote(GrpcServerProtocolClient.java:99)
	at org.apache.ratis.grpc.server.GrpcService.requestVote(GrpcService.java:204)
	at org.apache.ratis.server.impl.LeaderElection.lambda$submitRequests$1(LeaderElection.java:234)
	at java.util.concurrent.FutureTask.run(FutureTask.java:266)
	at java.util.concurrent.Executors$RunnableAdapter.call(Executors.java:511)
	at java.util.concurrent.FutureTask.run(FutureTask.java:266)
	at java.util.concurrent.ThreadPoolExecutor.runWorker(ThreadPoolExecutor.java:1149)
	at java.util.concurrent.ThreadPoolExecutor$Worker.run(ThreadPoolExecutor.java:624)
	... 1 more
Caused by: org.apache.ratis.thirdparty.io.netty.channel.AbstractChannel$AnnotatedConnectException: Connection refused: /192.168.30.17:40658
	at sun.nio.ch.SocketChannelImpl.checkConnect(Native Method)
	at sun.nio.ch.SocketChannelImpl.finishConnect(SocketChannelImpl.java:717)
	at org.apache.ratis.thirdparty.io.netty.channel.socket.nio.NioSocketChannel.doFinishConnect(NioSocketChannel.java:327)
	at org.apache.ratis.thirdparty.io.netty.channel.nio.AbstractNioChannel$AbstractNioUnsafe.finishConnect(AbstractNioChannel.java:340)
	at org.apache.ratis.thirdparty.io.netty.channel.nio.NioEventLoop.processSelectedKey(NioEventLoop.java:632)
	at org.apache.ratis.thirdparty.io.netty.channel.nio.NioEventLoop.processSelectedKeysOptimized(NioEventLoop.java:579)
	at org.apache.ratis.thirdparty.io.netty.channel.nio.NioEventLoop.processSelectedKeys(NioEventLoop.java:496)
	at org.apache.ratis.thirdparty.io.netty.channel.nio.NioEventLoop.run(NioEventLoop.java:458)
	at org.apache.ratis.thirdparty.io.netty.util.concurrent.SingleThreadEventExecutor$5.run(SingleThreadEventExecutor.java:897)
	at org.apache.ratis.thirdparty.io.netty.util.concurrent.FastThreadLocalRunnable.run(FastThreadLocalRunnable.java:30)
	... 1 more
Caused by: java.net.ConnectException: Connection refused
	... 11 more
2019-10-06 12:19:51,858 [b013f667-9a6f-4b01-9f03-c88d83699582@group-33D70C1D47B9-LeaderElection107] INFO  impl.LeaderElection (LogUtils.java:infoOrTrace(149)) -   Exception 1: {}
java.util.concurrent.ExecutionException: org.apache.ratis.thirdparty.io.grpc.StatusRuntimeException: UNAVAILABLE: io exception
	at java.util.concurrent.FutureTask.report(FutureTask.java:122)
	at java.util.concurrent.FutureTask.get(FutureTask.java:192)
	at org.apache.ratis.server.impl.LeaderElection.waitForResults(LeaderElection.java:259)
	at org.apache.ratis.server.impl.LeaderElection.askForVotes(LeaderElection.java:197)
	at org.apache.ratis.server.impl.LeaderElection.run(LeaderElection.java:133)
	at java.lang.Thread.run(Thread.java:748)
Caused by: org.apache.ratis.thirdparty.io.grpc.StatusRuntimeException: UNAVAILABLE: io exception
	at org.apache.ratis.thirdparty.io.grpc.stub.ClientCalls.toStatusRuntimeException(ClientCalls.java:233)
	at org.apache.ratis.thirdparty.io.grpc.stub.ClientCalls.getUnchecked(ClientCalls.java:214)
	at org.apache.ratis.thirdparty.io.grpc.stub.ClientCalls.blockingUnaryCall(ClientCalls.java:139)
	at org.apache.ratis.proto.grpc.RaftServerProtocolServiceGrpc$RaftServerProtocolServiceBlockingStub.requestVote(RaftServerProtocolServiceGrpc.java:265)
	at org.apache.ratis.grpc.server.GrpcServerProtocolClient.requestVote(GrpcServerProtocolClient.java:99)
	at org.apache.ratis.grpc.server.GrpcService.requestVote(GrpcService.java:204)
	at org.apache.ratis.server.impl.LeaderElection.lambda$submitRequests$1(LeaderElection.java:234)
	at java.util.concurrent.FutureTask.run(FutureTask.java:266)
	at java.util.concurrent.Executors$RunnableAdapter.call(Executors.java:511)
	at java.util.concurrent.FutureTask.run(FutureTask.java:266)
	at java.util.concurrent.ThreadPoolExecutor.runWorker(ThreadPoolExecutor.java:1149)
	at java.util.concurrent.ThreadPoolExecutor$Worker.run(ThreadPoolExecutor.java:624)
	... 1 more
Caused by: org.apache.ratis.thirdparty.io.netty.channel.AbstractChannel$AnnotatedConnectException: Connection refused: /192.168.30.17:43258
	at sun.nio.ch.SocketChannelImpl.checkConnect(Native Method)
	at sun.nio.ch.SocketChannelImpl.finishConnect(SocketChannelImpl.java:717)
	at org.apache.ratis.thirdparty.io.netty.channel.socket.nio.NioSocketChannel.doFinishConnect(NioSocketChannel.java:327)
	at org.apache.ratis.thirdparty.io.netty.channel.nio.AbstractNioChannel$AbstractNioUnsafe.finishConnect(AbstractNioChannel.java:340)
	at org.apache.ratis.thirdparty.io.netty.channel.nio.NioEventLoop.processSelectedKey(NioEventLoop.java:632)
	at org.apache.ratis.thirdparty.io.netty.channel.nio.NioEventLoop.processSelectedKeysOptimized(NioEventLoop.java:579)
	at org.apache.ratis.thirdparty.io.netty.channel.nio.NioEventLoop.processSelectedKeys(NioEventLoop.java:496)
	at org.apache.ratis.thirdparty.io.netty.channel.nio.NioEventLoop.run(NioEventLoop.java:458)
	at org.apache.ratis.thirdparty.io.netty.util.concurrent.SingleThreadEventExecutor$5.run(SingleThreadEventExecutor.java:897)
	at org.apache.ratis.thirdparty.io.netty.util.concurrent.FastThreadLocalRunnable.run(FastThreadLocalRunnable.java:30)
	... 1 more
Caused by: java.net.ConnectException: Connection refused
	... 11 more
2019-10-06 12:19:51,858 [b013f667-9a6f-4b01-9f03-c88d83699582@group-33D70C1D47B9-LeaderElection107] INFO  impl.RaftServerImpl (RaftServerImpl.java:setRole(170)) - b013f667-9a6f-4b01-9f03-c88d83699582@group-33D70C1D47B9: changes role from CANDIDATE to FOLLOWER at term 2 for DISCOVERED_A_NEW_TERM
2019-10-06 12:19:51,858 [b013f667-9a6f-4b01-9f03-c88d83699582@group-33D70C1D47B9-LeaderElection107] INFO  impl.RoleInfo (RoleInfo.java:shutdownLeaderElection(134)) - b013f667-9a6f-4b01-9f03-c88d83699582: shutdown LeaderElection
2019-10-06 12:19:51,859 [b013f667-9a6f-4b01-9f03-c88d83699582@group-33D70C1D47B9-LeaderElection107] INFO  impl.RoleInfo (RoleInfo.java:updateAndGet(143)) - b013f667-9a6f-4b01-9f03-c88d83699582: start FollowerState
2019-10-06 12:19:54,121 [EventQueue-StaleNodeForStaleNodeHandler] INFO  node.StaleNodeHandler (StaleNodeHandler.java:onMessage(58)) - Datanode b013f667-9a6f-4b01-9f03-c88d83699582{ip: 192.168.30.17, host: ozone-build-dev-sjjt9-54166716, networkLocation: /default-rack, certSerialId: null} moved to stale state. Finalizing its pipelines [PipelineID=5a3f3eac-b613-4920-8bb6-33d70c1d47b9, PipelineID=6bfc473b-cc18-4da1-b9f3-a40d927d49e4]
2019-10-06 12:19:54,127 [EventQueue-StaleNodeForStaleNodeHandler] INFO  pipeline.SCMPipelineManager (SCMPipelineManager.java:finalizeAndDestroyPipeline(315)) - destroying pipeline:Pipeline[ Id: 5a3f3eac-b613-4920-8bb6-33d70c1d47b9, Nodes: f97a78fd-c270-4ae8-91a2-4c85a080f332{ip: 192.168.30.17, host: ozone-build-dev-sjjt9-54166716, networkLocation: /default-rack, certSerialId: null}a03b9670-69e9-4494-8224-9b06463abc23{ip: 192.168.30.17, host: ozone-build-dev-sjjt9-54166716, networkLocation: /default-rack, certSerialId: null}b013f667-9a6f-4b01-9f03-c88d83699582{ip: 192.168.30.17, host: ozone-build-dev-sjjt9-54166716, networkLocation: /default-rack, certSerialId: null}, Type:RATIS, Factor:THREE, State:CLOSED]
2019-10-06 12:19:54,128 [EventQueue-StaleNodeForStaleNodeHandler] INFO  pipeline.SCMPipelineManager (SCMPipelineManager.java:finalizeAndDestroyPipeline(315)) - destroying pipeline:Pipeline[ Id: 6bfc473b-cc18-4da1-b9f3-a40d927d49e4, Nodes: b013f667-9a6f-4b01-9f03-c88d83699582{ip: 192.168.30.17, host: ozone-build-dev-sjjt9-54166716, networkLocation: /default-rack, certSerialId: null}, Type:RATIS, Factor:ONE, State:OPEN]
2019-10-06 12:19:54,128 [EventQueue-StaleNodeForStaleNodeHandler] INFO  pipeline.PipelineStateManager (PipelineStateManager.java:finalizePipeline(123)) - Pipeline Pipeline[ Id: 6bfc473b-cc18-4da1-b9f3-a40d927d49e4, Nodes: b013f667-9a6f-4b01-9f03-c88d83699582{ip: 192.168.30.17, host: ozone-build-dev-sjjt9-54166716, networkLocation: /default-rack, certSerialId: null}, Type:RATIS, Factor:ONE, State:CLOSED] moved to CLOSED state
2019-10-06 12:19:54,863 [main] INFO  ozoneimpl.OzoneContainer (OzoneContainer.java:stop(231)) - Attempting to stop container services.
2019-10-06 12:19:54,879 [main] INFO  impl.RaftServerProxy (RaftServerProxy.java:lambda$close$4(314)) - b013f667-9a6f-4b01-9f03-c88d83699582: close
2019-10-06 12:19:54,881 [main] INFO  impl.RaftServerImpl (RaftServerImpl.java:lambda$shutdown$3(247)) - b013f667-9a6f-4b01-9f03-c88d83699582@group-33D70C1D47B9: shutdown
2019-10-06 12:19:54,881 [ForkJoinPool.commonPool-worker-1] INFO  impl.RaftServerImpl (RaftServerImpl.java:lambda$shutdown$3(247)) - b013f667-9a6f-4b01-9f03-c88d83699582@group-A40D927D49E4: shutdown
2019-10-06 12:19:54,883 [main] INFO  util.JmxRegister (JmxRegister.java:unregister(73)) - Successfully un-registered JMX Bean with object name Ratis:service=RaftServer,group=group-33D70C1D47B9,id=b013f667-9a6f-4b01-9f03-c88d83699582
2019-10-06 12:19:54,883 [ForkJoinPool.commonPool-worker-1] INFO  util.JmxRegister (JmxRegister.java:unregister(73)) - Successfully un-registered JMX Bean with object name Ratis:service=RaftServer,group=group-A40D927D49E4,id=b013f667-9a6f-4b01-9f03-c88d83699582
2019-10-06 12:19:54,884 [main] INFO  impl.RoleInfo (RoleInfo.java:shutdownFollowerState(121)) - b013f667-9a6f-4b01-9f03-c88d83699582: shutdown FollowerState
2019-10-06 12:19:54,884 [ForkJoinPool.commonPool-worker-1] INFO  impl.RoleInfo (RoleInfo.java:shutdownLeaderState(104)) - b013f667-9a6f-4b01-9f03-c88d83699582: shutdown LeaderState
2019-10-06 12:19:54,884 [main] INFO  impl.StateMachineUpdater (StateMachineUpdater.java:stopAndJoin(136)) - b013f667-9a6f-4b01-9f03-c88d83699582@group-33D70C1D47B9-StateMachineUpdater: set stopIndex = 6
2019-10-06 12:19:54,885 [ForkJoinPool.commonPool-worker-1] INFO  impl.PendingRequests (PendingRequests.java:sendNotLeaderResponses(202)) - b013f667-9a6f-4b01-9f03-c88d83699582@group-A40D927D49E4-PendingRequests: sendNotLeaderResponses
2019-10-06 12:19:54,885 [b013f667-9a6f-4b01-9f03-c88d83699582@group-33D70C1D47B9-StateMachineUpdater] INFO  ratis.ContainerStateMachine (ContainerStateMachine.java:takeSnapshot(293)) - group-33D70C1D47B9: Taking a snapshot at:(t:1, i:6) file /workdir/hadoop-ozone/integration-test/target/test-dir/MiniOzoneClusterImpl-cc38ce88-594d-4b3c-9c11-37372e9ad5cb/datanode-5/data/ratis/5a3f3eac-b613-4920-8bb6-33d70c1d47b9/sm/snapshot.1_6
2019-10-06 12:19:54,885 [Thread-4787] INFO  impl.FollowerState (FollowerState.java:run(117)) - b013f667-9a6f-4b01-9f03-c88d83699582@group-33D70C1D47B9-FollowerState was interrupted: java.lang.InterruptedException: sleep interrupted
2019-10-06 12:19:54,885 [ForkJoinPool.commonPool-worker-1] INFO  impl.StateMachineUpdater (StateMachineUpdater.java:stopAndJoin(136)) - b013f667-9a6f-4b01-9f03-c88d83699582@group-A40D927D49E4-StateMachineUpdater: set stopIndex = 0
2019-10-06 12:19:54,888 [ForkJoinPool.commonPool-worker-1] INFO  impl.RaftServerImpl (ServerState.java:close(387)) - b013f667-9a6f-4b01-9f03-c88d83699582@group-A40D927D49E4: closes. applyIndex: 0
2019-10-06 12:19:54,888 [b013f667-9a6f-4b01-9f03-c88d83699582@group-A40D927D49E4-SegmentedRaftLogWorker] INFO  segmented.SegmentedRaftLogWorker (SegmentedRaftLogWorker.java:run(316)) - b013f667-9a6f-4b01-9f03-c88d83699582@group-A40D927D49E4-SegmentedRaftLogWorker was interrupted, exiting. There are 0 tasks remaining in the queue.
2019-10-06 12:19:54,888 [ForkJoinPool.commonPool-worker-1] INFO  segmented.SegmentedRaftLogWorker (SegmentedRaftLogWorker.java:close(224)) - b013f667-9a6f-4b01-9f03-c88d83699582@group-A40D927D49E4-SegmentedRaftLogWorker close()
2019-10-06 12:19:54,909 [b013f667-9a6f-4b01-9f03-c88d83699582@group-33D70C1D47B9-StateMachineUpdater] INFO  ratis.ContainerStateMachine (ContainerStateMachine.java:takeSnapshot(304)) - group-33D70C1D47B9: Finished taking a snapshot at:(t:1, i:6) file:/workdir/hadoop-ozone/integration-test/target/test-dir/MiniOzoneClusterImpl-cc38ce88-594d-4b3c-9c11-37372e9ad5cb/datanode-5/data/ratis/5a3f3eac-b613-4920-8bb6-33d70c1d47b9/sm/snapshot.1_6 time:25
2019-10-06 12:19:54,909 [b013f667-9a6f-4b01-9f03-c88d83699582@group-33D70C1D47B9-StateMachineUpdater] INFO  impl.StateMachineUpdater (StateMachineUpdater.java:takeSnapshot(269)) - b013f667-9a6f-4b01-9f03-c88d83699582@group-33D70C1D47B9-StateMachineUpdater: Took a snapshot at index 6
2019-10-06 12:19:54,909 [b013f667-9a6f-4b01-9f03-c88d83699582@group-33D70C1D47B9-StateMachineUpdater] INFO  impl.StateMachineUpdater (StateMachineUpdater.java:lambda$new$0(84)) - b013f667-9a6f-4b01-9f03-c88d83699582@group-33D70C1D47B9-StateMachineUpdater: snapshotIndex: updateIncreasingly -1 -> 6
2019-10-06 12:19:54,910 [main] INFO  impl.RaftServerImpl (ServerState.java:close(387)) - b013f667-9a6f-4b01-9f03-c88d83699582@group-33D70C1D47B9: closes. applyIndex: 6
2019-10-06 12:19:54,910 [b013f667-9a6f-4b01-9f03-c88d83699582@group-33D70C1D47B9-SegmentedRaftLogWorker] INFO  segmented.SegmentedRaftLogWorker (SegmentedRaftLogWorker.java:run(316)) - b013f667-9a6f-4b01-9f03-c88d83699582@group-33D70C1D47B9-SegmentedRaftLogWorker was interrupted, exiting. There are 0 tasks remaining in the queue.
2019-10-06 12:19:54,911 [main] INFO  segmented.SegmentedRaftLogWorker (SegmentedRaftLogWorker.java:close(224)) - b013f667-9a6f-4b01-9f03-c88d83699582@group-33D70C1D47B9-SegmentedRaftLogWorker close()
2019-10-06 12:19:54,911 [main] INFO  server.GrpcService (GrpcService.java:closeImpl(164)) - b013f667-9a6f-4b01-9f03-c88d83699582: shutdown server with port 34406 now
2019-10-06 12:19:54,912 [main] INFO  server.GrpcService (GrpcService.java:closeImpl(172)) - b013f667-9a6f-4b01-9f03-c88d83699582: shutdown server with port 34406 successfully
2019-10-06 12:19:54,916 [refreshUsed-/workdir/hadoop-ozone/integration-test/target/test-dir/MiniOzoneClusterImpl-cc38ce88-594d-4b3c-9c11-37372e9ad5cb/datanode-5/data/containers] WARN  fs.CachingGetSpaceUsed (CachingGetSpaceUsed.java:run(183)) - Thread Interrupted waiting to refresh disk information: sleep interrupted
2019-10-06 12:19:54,934 [main] INFO  utils.BackgroundService (BackgroundService.java:shutdown(148)) - Shutting down service BlockDeletingService
2019-10-06 12:19:54,940 [main] INFO  statemachine.DatanodeStateMachine (DatanodeStateMachine.java:stopDaemon(395)) - Ozone container server stopped.
2019-10-06 12:19:54,942 [main] INFO  handler.ContextHandler (ContextHandler.java:doStop(910)) - Stopped o.e.j.w.WebAppContext@9dc782d{/,null,UNAVAILABLE}{/hddsDatanode}
2019-10-06 12:19:54,943 [main] INFO  server.AbstractConnector (AbstractConnector.java:doStop(318)) - Stopped ServerConnector@1ba35152{HTTP/1.1,[http/1.1]}{0.0.0.0:0}
2019-10-06 12:19:54,944 [main] INFO  handler.ContextHandler (ContextHandler.java:doStop(910)) - Stopped o.e.j.s.ServletContextHandler@2211b44f{/static,jar:file:/home/user/.m2/repository/org/apache/hadoop/hadoop-hdds-container-service/0.5.0-SNAPSHOT/hadoop-hdds-container-service-0.5.0-SNAPSHOT.jar!/webapps/static,UNAVAILABLE}
2019-10-06 12:19:54,944 [main] INFO  handler.ContextHandler (ContextHandler.java:doStop(910)) - Stopped o.e.j.s.ServletContextHandler@52657d5f{/logs,file:///workdir/hadoop-ozone/integration-test/target/log,UNAVAILABLE}
2019-10-06 12:19:54,946 [main] INFO  ozone.MiniOzoneClusterImpl (MiniOzoneClusterImpl.java:stopSCM(392)) - Stopping the StorageContainerManager
2019-10-06 12:19:54,946 [main] INFO  server.StorageContainerManager (StorageContainerManager.java:stop(808)) - Stopping Replication Manager Service.
2019-10-06 12:19:54,946 [main] INFO  container.ReplicationManager (ReplicationManager.java:stop(203)) - Stopping Replication Monitor Thread.
2019-10-06 12:19:54,946 [main] INFO  server.StorageContainerManager (StorageContainerManager.java:stop(815)) - Stopping Lease Manager of the command watchers
2019-10-06 12:19:54,947 [main] INFO  server.StorageContainerManager (StorageContainerManager.java:stop(822)) - Stopping datanode service RPC server
2019-10-06 12:19:54,947 [main] INFO  server.SCMDatanodeProtocolServer (SCMDatanodeProtocolServer.java:stop(346)) - Stopping the RPC server for DataNodes
2019-10-06 12:19:54,947 [main] INFO  ipc.Server (Server.java:stop(3082)) - Stopping server on 35201
2019-10-06 12:19:54,950 [IPC Server listener on 35201] INFO  ipc.Server (Server.java:run(1185)) - Stopping IPC Server listener on 35201
2019-10-06 12:19:54,950 [IPC Server Responder] INFO  ipc.Server (Server.java:run(1319)) - Stopping IPC Server Responder
2019-10-06 12:19:55,021 [SCM Heartbeat Processing Thread - 0] WARN  node.NodeStateManager (NodeStateManager.java:scheduleNextHealthCheck(646)) - Current Thread is interrupted, shutting down HB processing thread for Node Manager.
2019-10-06 12:19:55,021 [main] INFO  server.StorageContainerManager (StorageContainerManager.java:stop(830)) - Stopping block service RPC server
2019-10-06 12:19:55,022 [main] INFO  server.SCMBlockProtocolServer (SCMBlockProtocolServer.java:stop(155)) - Stopping the RPC server for Block Protocol
2019-10-06 12:19:55,022 [main] INFO  ipc.Server (Server.java:stop(3082)) - Stopping server on 34247
2019-10-06 12:19:55,025 [main] INFO  server.StorageContainerManager (StorageContainerManager.java:stop(837)) - Stopping the StorageContainerLocationProtocol RPC server
2019-10-06 12:19:55,025 [IPC Server listener on 34247] INFO  ipc.Server (Server.java:run(1185)) - Stopping IPC Server listener on 34247
2019-10-06 12:19:55,025 [IPC Server Responder] INFO  ipc.Server (Server.java:run(1319)) - Stopping IPC Server Responder
2019-10-06 12:19:55,026 [main] INFO  server.SCMClientProtocolServer (SCMClientProtocolServer.java:stop(168)) - Stopping the RPC server for Client Protocol
2019-10-06 12:19:55,033 [main] INFO  ipc.Server (Server.java:stop(3082)) - Stopping server on 37420
2019-10-06 12:19:55,036 [IPC Server listener on 37420] INFO  ipc.Server (Server.java:run(1185)) - Stopping IPC Server listener on 37420
2019-10-06 12:19:55,036 [main] INFO  server.StorageContainerManager (StorageContainerManager.java:stop(844)) - Stopping Storage Container Manager HTTP server.
2019-10-06 12:19:55,036 [IPC Server Responder] INFO  ipc.Server (Server.java:run(1319)) - Stopping IPC Server Responder
2019-10-06 12:19:55,038 [main] INFO  handler.ContextHandler (ContextHandler.java:doStop(910)) - Stopped o.e.j.w.WebAppContext@52d9d817{/,null,UNAVAILABLE}{/scm}
2019-10-06 12:19:55,040 [main] INFO  server.AbstractConnector (AbstractConnector.java:doStop(318)) - Stopped ServerConnector@131ba005{HTTP/1.1,[http/1.1]}{0.0.0.0:0}
2019-10-06 12:19:55,040 [main] INFO  handler.ContextHandler (ContextHandler.java:doStop(910)) - Stopped o.e.j.s.ServletContextHandler@745926c3{/static,file:///workdir/hadoop-ozone/integration-test/target/test-classes/webapps/static,UNAVAILABLE}
2019-10-06 12:19:55,041 [main] INFO  handler.ContextHandler (ContextHandler.java:doStop(910)) - Stopped o.e.j.s.ServletContextHandler@786ff0ea{/logs,file:///workdir/hadoop-ozone/integration-test/target/log,UNAVAILABLE}
2019-10-06 12:19:55,042 [main] INFO  server.StorageContainerManager (StorageContainerManager.java:stop(855)) - Stopping Block Manager Service.
2019-10-06 12:19:55,042 [main] INFO  utils.BackgroundService (BackgroundService.java:shutdown(148)) - Shutting down service SCMBlockDeletingService
2019-10-06 12:19:55,042 [main] INFO  utils.BackgroundService (BackgroundService.java:shutdown(148)) - Shutting down service SCMBlockDeletingService
2019-10-06 12:19:55,043 [main] INFO  server.StorageContainerManager (StorageContainerManager.java:stop(877)) - Stopping SCM Event Queue.
2019-10-06 12:19:55,048 [main] INFO  impl.MetricsSystemImpl (MetricsSystemImpl.java:stop(210)) - Stopping HddsDatanode metrics system...
2019-10-06 12:19:55,089 [main] INFO  impl.MetricsSystemImpl (MetricsSystemImpl.java:stop(216)) - HddsDatanode metrics system stopped.
]]></system-out>
    <system-err><![CDATA[Oct 06, 2019 12:19:31 PM org.apache.ratis.thirdparty.io.grpc.internal.ManagedChannelOrphanWrapper$ManagedChannelReference cleanQueue
SEVERE: *~*~*~ Channel ManagedChannelImpl{logId=3793, target=192.168.30.17:40705} was not shutdown properly!!! ~*~*~*
    Make sure to call shutdown()/shutdownNow() and wait until awaitTermination() returns true.
java.lang.RuntimeException: ManagedChannel allocation site
	at org.apache.ratis.thirdparty.io.grpc.internal.ManagedChannelOrphanWrapper$ManagedChannelReference.<init>(ManagedChannelOrphanWrapper.java:103)
	at org.apache.ratis.thirdparty.io.grpc.internal.ManagedChannelOrphanWrapper.<init>(ManagedChannelOrphanWrapper.java:53)
	at org.apache.ratis.thirdparty.io.grpc.internal.ManagedChannelOrphanWrapper.<init>(ManagedChannelOrphanWrapper.java:44)
	at org.apache.ratis.thirdparty.io.grpc.internal.AbstractManagedChannelImplBuilder.build(AbstractManagedChannelImplBuilder.java:411)
	at org.apache.hadoop.hdds.scm.XceiverClientGrpc.connectToDatanode(XceiverClientGrpc.java:181)
	at org.apache.hadoop.hdds.scm.XceiverClientGrpc.reconnect(XceiverClientGrpc.java:429)
	at org.apache.hadoop.hdds.scm.XceiverClientGrpc.sendCommandAsync(XceiverClientGrpc.java:378)
	at org.apache.hadoop.hdds.scm.XceiverClientGrpc.sendCommandWithRetry(XceiverClientGrpc.java:291)
	at org.apache.hadoop.hdds.scm.XceiverClientGrpc.sendCommandWithTraceIDAndRetry(XceiverClientGrpc.java:257)
	at org.apache.hadoop.hdds.scm.XceiverClientGrpc.sendCommand(XceiverClientGrpc.java:240)
	at org.apache.hadoop.hdds.scm.storage.ContainerProtocolCalls.readChunk(ContainerProtocolCalls.java:245)
	at org.apache.hadoop.hdds.scm.storage.ChunkInputStream.readChunk(ChunkInputStream.java:335)
	at org.apache.hadoop.hdds.scm.storage.ChunkInputStream.readChunkFromContainer(ChunkInputStream.java:307)
	at org.apache.hadoop.hdds.scm.storage.ChunkInputStream.prepareRead(ChunkInputStream.java:259)
	at org.apache.hadoop.hdds.scm.storage.ChunkInputStream.read(ChunkInputStream.java:144)
	at org.apache.hadoop.hdds.scm.storage.BlockInputStream.read(BlockInputStream.java:239)
	at org.apache.hadoop.ozone.client.io.KeyInputStream.read(KeyInputStream.java:171)
	at org.apache.hadoop.ozone.client.io.OzoneInputStream.read(OzoneInputStream.java:47)
	at java.io.InputStream.read(InputStream.java:101)
	at org.apache.hadoop.ozone.container.ContainerTestHelper.validateData(ContainerTestHelper.java:714)
	at org.apache.hadoop.ozone.client.rpc.TestBlockOutputStreamWithFailures.validateData(TestBlockOutputStreamWithFailures.java:1216)
	at org.apache.hadoop.ozone.client.rpc.TestBlockOutputStreamWithFailures.testWatchForCommitWithCloseContainerException(TestBlockOutputStreamWithFailures.java:260)
	at sun.reflect.NativeMethodAccessorImpl.invoke0(Native Method)
	at sun.reflect.NativeMethodAccessorImpl.invoke(NativeMethodAccessorImpl.java:62)
	at sun.reflect.DelegatingMethodAccessorImpl.invoke(DelegatingMethodAccessorImpl.java:43)
	at java.lang.reflect.Method.invoke(Method.java:498)
	at org.junit.runners.model.FrameworkMethod$1.runReflectiveCall(FrameworkMethod.java:47)
	at org.junit.internal.runners.model.ReflectiveCallable.run(ReflectiveCallable.java:12)
	at org.junit.runners.model.FrameworkMethod.invokeExplosively(FrameworkMethod.java:44)
	at org.junit.internal.runners.statements.InvokeMethod.evaluate(InvokeMethod.java:17)
	at org.junit.internal.runners.statements.RunBefores.evaluate(RunBefores.java:26)
	at org.junit.internal.runners.statements.RunAfters.evaluate(RunAfters.java:27)
	at org.junit.runners.ParentRunner.runLeaf(ParentRunner.java:271)
	at org.junit.runners.BlockJUnit4ClassRunner.runChild(BlockJUnit4ClassRunner.java:70)
	at org.junit.runners.BlockJUnit4ClassRunner.runChild(BlockJUnit4ClassRunner.java:50)
	at org.junit.runners.ParentRunner$3.run(ParentRunner.java:238)
	at org.junit.runners.ParentRunner$1.schedule(ParentRunner.java:63)
	at org.junit.runners.ParentRunner.runChildren(ParentRunner.java:236)
	at org.junit.runners.ParentRunner.access$000(ParentRunner.java:53)
	at org.junit.runners.ParentRunner$2.evaluate(ParentRunner.java:229)
	at org.junit.runners.ParentRunner.run(ParentRunner.java:309)
	at org.apache.maven.surefire.junit4.JUnit4Provider.execute(JUnit4Provider.java:365)
	at org.apache.maven.surefire.junit4.JUnit4Provider.executeWithRerun(JUnit4Provider.java:273)
	at org.apache.maven.surefire.junit4.JUnit4Provider.executeTestSet(JUnit4Provider.java:238)
	at org.apache.maven.surefire.junit4.JUnit4Provider.invoke(JUnit4Provider.java:159)
	at org.apache.maven.surefire.booter.ForkedBooter.invokeProviderInSameClassLoader(ForkedBooter.java:384)
	at org.apache.maven.surefire.booter.ForkedBooter.runSuitesInProcess(ForkedBooter.java:345)
	at org.apache.maven.surefire.booter.ForkedBooter.execute(ForkedBooter.java:126)
	at org.apache.maven.surefire.booter.ForkedBooter.main(ForkedBooter.java:418)

Oct 06, 2019 12:19:31 PM org.apache.ratis.thirdparty.io.grpc.internal.ManagedChannelOrphanWrapper$ManagedChannelReference cleanQueue
SEVERE: *~*~*~ Channel ManagedChannelImpl{logId=3798, target=192.168.30.17:40400} was not shutdown properly!!! ~*~*~*
    Make sure to call shutdown()/shutdownNow() and wait until awaitTermination() returns true.
java.lang.RuntimeException: ManagedChannel allocation site
	at org.apache.ratis.thirdparty.io.grpc.internal.ManagedChannelOrphanWrapper$ManagedChannelReference.<init>(ManagedChannelOrphanWrapper.java:103)
	at org.apache.ratis.thirdparty.io.grpc.internal.ManagedChannelOrphanWrapper.<init>(ManagedChannelOrphanWrapper.java:53)
	at org.apache.ratis.thirdparty.io.grpc.internal.ManagedChannelOrphanWrapper.<init>(ManagedChannelOrphanWrapper.java:44)
	at org.apache.ratis.thirdparty.io.grpc.internal.AbstractManagedChannelImplBuilder.build(AbstractManagedChannelImplBuilder.java:411)
	at org.apache.hadoop.hdds.scm.XceiverClientGrpc.connectToDatanode(XceiverClientGrpc.java:181)
	at org.apache.hadoop.hdds.scm.XceiverClientGrpc.reconnect(XceiverClientGrpc.java:429)
	at org.apache.hadoop.hdds.scm.XceiverClientGrpc.sendCommandAsync(XceiverClientGrpc.java:378)
	at org.apache.hadoop.hdds.scm.XceiverClientGrpc.sendCommandWithRetry(XceiverClientGrpc.java:291)
	at org.apache.hadoop.hdds.scm.XceiverClientGrpc.sendCommandWithTraceIDAndRetry(XceiverClientGrpc.java:257)
	at org.apache.hadoop.hdds.scm.XceiverClientGrpc.sendCommand(XceiverClientGrpc.java:240)
	at org.apache.hadoop.hdds.scm.storage.ContainerProtocolCalls.readChunk(ContainerProtocolCalls.java:245)
	at org.apache.hadoop.hdds.scm.storage.ChunkInputStream.readChunk(ChunkInputStream.java:335)
	at org.apache.hadoop.hdds.scm.storage.ChunkInputStream.readChunkFromContainer(ChunkInputStream.java:307)
	at org.apache.hadoop.hdds.scm.storage.ChunkInputStream.prepareRead(ChunkInputStream.java:259)
	at org.apache.hadoop.hdds.scm.storage.ChunkInputStream.read(ChunkInputStream.java:144)
	at org.apache.hadoop.hdds.scm.storage.BlockInputStream.read(BlockInputStream.java:239)
	at org.apache.hadoop.ozone.client.io.KeyInputStream.read(KeyInputStream.java:171)
	at org.apache.hadoop.ozone.client.io.OzoneInputStream.read(OzoneInputStream.java:47)
	at java.io.InputStream.read(InputStream.java:101)
	at org.apache.hadoop.ozone.container.ContainerTestHelper.validateData(ContainerTestHelper.java:714)
	at org.apache.hadoop.ozone.client.rpc.TestBlockOutputStreamWithFailures.validateData(TestBlockOutputStreamWithFailures.java:1216)
	at org.apache.hadoop.ozone.client.rpc.TestBlockOutputStreamWithFailures.testWatchForCommitWithCloseContainerException(TestBlockOutputStreamWithFailures.java:260)
	at sun.reflect.NativeMethodAccessorImpl.invoke0(Native Method)
	at sun.reflect.NativeMethodAccessorImpl.invoke(NativeMethodAccessorImpl.java:62)
	at sun.reflect.DelegatingMethodAccessorImpl.invoke(DelegatingMethodAccessorImpl.java:43)
	at java.lang.reflect.Method.invoke(Method.java:498)
	at org.junit.runners.model.FrameworkMethod$1.runReflectiveCall(FrameworkMethod.java:47)
	at org.junit.internal.runners.model.ReflectiveCallable.run(ReflectiveCallable.java:12)
	at org.junit.runners.model.FrameworkMethod.invokeExplosively(FrameworkMethod.java:44)
	at org.junit.internal.runners.statements.InvokeMethod.evaluate(InvokeMethod.java:17)
	at org.junit.internal.runners.statements.RunBefores.evaluate(RunBefores.java:26)
	at org.junit.internal.runners.statements.RunAfters.evaluate(RunAfters.java:27)
	at org.junit.runners.ParentRunner.runLeaf(ParentRunner.java:271)
	at org.junit.runners.BlockJUnit4ClassRunner.runChild(BlockJUnit4ClassRunner.java:70)
	at org.junit.runners.BlockJUnit4ClassRunner.runChild(BlockJUnit4ClassRunner.java:50)
	at org.junit.runners.ParentRunner$3.run(ParentRunner.java:238)
	at org.junit.runners.ParentRunner$1.schedule(ParentRunner.java:63)
	at org.junit.runners.ParentRunner.runChildren(ParentRunner.java:236)
	at org.junit.runners.ParentRunner.access$000(ParentRunner.java:53)
	at org.junit.runners.ParentRunner$2.evaluate(ParentRunner.java:229)
	at org.junit.runners.ParentRunner.run(ParentRunner.java:309)
	at org.apache.maven.surefire.junit4.JUnit4Provider.execute(JUnit4Provider.java:365)
	at org.apache.maven.surefire.junit4.JUnit4Provider.executeWithRerun(JUnit4Provider.java:273)
	at org.apache.maven.surefire.junit4.JUnit4Provider.executeTestSet(JUnit4Provider.java:238)
	at org.apache.maven.surefire.junit4.JUnit4Provider.invoke(JUnit4Provider.java:159)
	at org.apache.maven.surefire.booter.ForkedBooter.invokeProviderInSameClassLoader(ForkedBooter.java:384)
	at org.apache.maven.surefire.booter.ForkedBooter.runSuitesInProcess(ForkedBooter.java:345)
	at org.apache.maven.surefire.booter.ForkedBooter.execute(ForkedBooter.java:126)
	at org.apache.maven.surefire.booter.ForkedBooter.main(ForkedBooter.java:418)

Oct 06, 2019 12:19:31 PM org.apache.ratis.thirdparty.io.grpc.internal.ManagedChannelOrphanWrapper$ManagedChannelReference cleanQueue
SEVERE: *~*~*~ Channel ManagedChannelImpl{logId=3808, target=192.168.30.17:35726} was not shutdown properly!!! ~*~*~*
    Make sure to call shutdown()/shutdownNow() and wait until awaitTermination() returns true.
java.lang.RuntimeException: ManagedChannel allocation site
	at org.apache.ratis.thirdparty.io.grpc.internal.ManagedChannelOrphanWrapper$ManagedChannelReference.<init>(ManagedChannelOrphanWrapper.java:103)
	at org.apache.ratis.thirdparty.io.grpc.internal.ManagedChannelOrphanWrapper.<init>(ManagedChannelOrphanWrapper.java:53)
	at org.apache.ratis.thirdparty.io.grpc.internal.ManagedChannelOrphanWrapper.<init>(ManagedChannelOrphanWrapper.java:44)
	at org.apache.ratis.thirdparty.io.grpc.internal.AbstractManagedChannelImplBuilder.build(AbstractManagedChannelImplBuilder.java:411)
	at org.apache.hadoop.hdds.scm.XceiverClientGrpc.connectToDatanode(XceiverClientGrpc.java:181)
	at org.apache.hadoop.hdds.scm.XceiverClientGrpc.reconnect(XceiverClientGrpc.java:429)
	at org.apache.hadoop.hdds.scm.XceiverClientGrpc.sendCommandAsync(XceiverClientGrpc.java:378)
	at org.apache.hadoop.hdds.scm.XceiverClientGrpc.sendCommandWithRetry(XceiverClientGrpc.java:291)
	at org.apache.hadoop.hdds.scm.XceiverClientGrpc.sendCommandWithTraceIDAndRetry(XceiverClientGrpc.java:257)
	at org.apache.hadoop.hdds.scm.XceiverClientGrpc.sendCommand(XceiverClientGrpc.java:240)
	at org.apache.hadoop.hdds.scm.storage.ContainerProtocolCalls.readChunk(ContainerProtocolCalls.java:245)
	at org.apache.hadoop.hdds.scm.storage.ChunkInputStream.readChunk(ChunkInputStream.java:335)
	at org.apache.hadoop.hdds.scm.storage.ChunkInputStream.readChunkFromContainer(ChunkInputStream.java:307)
	at org.apache.hadoop.hdds.scm.storage.ChunkInputStream.prepareRead(ChunkInputStream.java:259)
	at org.apache.hadoop.hdds.scm.storage.ChunkInputStream.read(ChunkInputStream.java:144)
	at org.apache.hadoop.hdds.scm.storage.BlockInputStream.read(BlockInputStream.java:239)
	at org.apache.hadoop.ozone.client.io.KeyInputStream.read(KeyInputStream.java:171)
	at org.apache.hadoop.ozone.client.io.OzoneInputStream.read(OzoneInputStream.java:47)
	at java.io.InputStream.read(InputStream.java:101)
	at org.apache.hadoop.ozone.container.ContainerTestHelper.validateData(ContainerTestHelper.java:714)
	at org.apache.hadoop.ozone.client.rpc.TestBlockOutputStreamWithFailures.validateData(TestBlockOutputStreamWithFailures.java:1216)
	at org.apache.hadoop.ozone.client.rpc.TestBlockOutputStreamWithFailures.testWatchForCommitWithCloseContainerException(TestBlockOutputStreamWithFailures.java:260)
	at sun.reflect.NativeMethodAccessorImpl.invoke0(Native Method)
	at sun.reflect.NativeMethodAccessorImpl.invoke(NativeMethodAccessorImpl.java:62)
	at sun.reflect.DelegatingMethodAccessorImpl.invoke(DelegatingMethodAccessorImpl.java:43)
	at java.lang.reflect.Method.invoke(Method.java:498)
	at org.junit.runners.model.FrameworkMethod$1.runReflectiveCall(FrameworkMethod.java:47)
	at org.junit.internal.runners.model.ReflectiveCallable.run(ReflectiveCallable.java:12)
	at org.junit.runners.model.FrameworkMethod.invokeExplosively(FrameworkMethod.java:44)
	at org.junit.internal.runners.statements.InvokeMethod.evaluate(InvokeMethod.java:17)
	at org.junit.internal.runners.statements.RunBefores.evaluate(RunBefores.java:26)
	at org.junit.internal.runners.statements.RunAfters.evaluate(RunAfters.java:27)
	at org.junit.runners.ParentRunner.runLeaf(ParentRunner.java:271)
	at org.junit.runners.BlockJUnit4ClassRunner.runChild(BlockJUnit4ClassRunner.java:70)
	at org.junit.runners.BlockJUnit4ClassRunner.runChild(BlockJUnit4ClassRunner.java:50)
	at org.junit.runners.ParentRunner$3.run(ParentRunner.java:238)
	at org.junit.runners.ParentRunner$1.schedule(ParentRunner.java:63)
	at org.junit.runners.ParentRunner.runChildren(ParentRunner.java:236)
	at org.junit.runners.ParentRunner.access$000(ParentRunner.java:53)
	at org.junit.runners.ParentRunner$2.evaluate(ParentRunner.java:229)
	at org.junit.runners.ParentRunner.run(ParentRunner.java:309)
	at org.apache.maven.surefire.junit4.JUnit4Provider.execute(JUnit4Provider.java:365)
	at org.apache.maven.surefire.junit4.JUnit4Provider.executeWithRerun(JUnit4Provider.java:273)
	at org.apache.maven.surefire.junit4.JUnit4Provider.executeTestSet(JUnit4Provider.java:238)
	at org.apache.maven.surefire.junit4.JUnit4Provider.invoke(JUnit4Provider.java:159)
	at org.apache.maven.surefire.booter.ForkedBooter.invokeProviderInSameClassLoader(ForkedBooter.java:384)
	at org.apache.maven.surefire.booter.ForkedBooter.runSuitesInProcess(ForkedBooter.java:345)
	at org.apache.maven.surefire.booter.ForkedBooter.execute(ForkedBooter.java:126)
	at org.apache.maven.surefire.booter.ForkedBooter.main(ForkedBooter.java:418)

Oct 06, 2019 12:19:31 PM org.apache.ratis.thirdparty.io.grpc.internal.ManagedChannelOrphanWrapper$ManagedChannelReference cleanQueue
SEVERE: *~*~*~ Channel ManagedChannelImpl{logId=3783, target=192.168.30.17:34108} was not shutdown properly!!! ~*~*~*
    Make sure to call shutdown()/shutdownNow() and wait until awaitTermination() returns true.
java.lang.RuntimeException: ManagedChannel allocation site
	at org.apache.ratis.thirdparty.io.grpc.internal.ManagedChannelOrphanWrapper$ManagedChannelReference.<init>(ManagedChannelOrphanWrapper.java:103)
	at org.apache.ratis.thirdparty.io.grpc.internal.ManagedChannelOrphanWrapper.<init>(ManagedChannelOrphanWrapper.java:53)
	at org.apache.ratis.thirdparty.io.grpc.internal.ManagedChannelOrphanWrapper.<init>(ManagedChannelOrphanWrapper.java:44)
	at org.apache.ratis.thirdparty.io.grpc.internal.AbstractManagedChannelImplBuilder.build(AbstractManagedChannelImplBuilder.java:411)
	at org.apache.ratis.grpc.client.GrpcClientProtocolClient.<init>(GrpcClientProtocolClient.java:128)
	at org.apache.ratis.grpc.client.GrpcClientRpc.lambda$new$0(GrpcClientRpc.java:55)
	at org.apache.ratis.util.PeerProxyMap$PeerAndProxy.lambda$getProxy$0(PeerProxyMap.java:61)
	at org.apache.ratis.util.LifeCycle.startAndTransition(LifeCycle.java:202)
	at org.apache.ratis.util.PeerProxyMap$PeerAndProxy.getProxy(PeerProxyMap.java:60)
	at org.apache.ratis.util.PeerProxyMap.getProxy(PeerProxyMap.java:108)
	at org.apache.ratis.grpc.client.GrpcClientRpc.sendRequestAsync(GrpcClientRpc.java:66)
	at org.apache.ratis.client.impl.OrderedAsync.sendRequest(OrderedAsync.java:208)
	at org.apache.ratis.client.impl.OrderedAsync.sendRequestWithRetry(OrderedAsync.java:169)
	at org.apache.ratis.util.SlidingWindow$Client.sendOrDelayRequest(SlidingWindow.java:278)
	at org.apache.ratis.util.SlidingWindow$Client.retry(SlidingWindow.java:294)
	at org.apache.ratis.client.impl.OrderedAsync.lambda$scheduleWithTimeout$7(OrderedAsync.java:195)
	at org.apache.ratis.util.TimeoutScheduler.lambda$onTimeout$0(TimeoutScheduler.java:113)
	at org.apache.ratis.util.TimeoutScheduler.lambda$onTimeout$1(TimeoutScheduler.java:133)
	at org.apache.ratis.util.LogUtils.runAndLog(LogUtils.java:50)
	at org.apache.ratis.util.LogUtils$1.run(LogUtils.java:91)
	at java.util.concurrent.Executors$RunnableAdapter.call(Executors.java:511)
	at java.util.concurrent.FutureTask.run(FutureTask.java:266)
	at java.util.concurrent.ScheduledThreadPoolExecutor$ScheduledFutureTask.access$201(ScheduledThreadPoolExecutor.java:180)
	at java.util.concurrent.ScheduledThreadPoolExecutor$ScheduledFutureTask.run(ScheduledThreadPoolExecutor.java:293)
	at java.util.concurrent.ThreadPoolExecutor.runWorker(ThreadPoolExecutor.java:1149)
	at java.util.concurrent.ThreadPoolExecutor$Worker.run(ThreadPoolExecutor.java:624)
	at java.lang.Thread.run(Thread.java:748)

Oct 06, 2019 12:19:31 PM org.apache.ratis.thirdparty.io.grpc.internal.ManagedChannelOrphanWrapper$ManagedChannelReference cleanQueue
SEVERE: *~*~*~ Channel ManagedChannelImpl{logId=3788, target=192.168.30.17:44215} was not shutdown properly!!! ~*~*~*
    Make sure to call shutdown()/shutdownNow() and wait until awaitTermination() returns true.
java.lang.RuntimeException: ManagedChannel allocation site
	at org.apache.ratis.thirdparty.io.grpc.internal.ManagedChannelOrphanWrapper$ManagedChannelReference.<init>(ManagedChannelOrphanWrapper.java:103)
	at org.apache.ratis.thirdparty.io.grpc.internal.ManagedChannelOrphanWrapper.<init>(ManagedChannelOrphanWrapper.java:53)
	at org.apache.ratis.thirdparty.io.grpc.internal.ManagedChannelOrphanWrapper.<init>(ManagedChannelOrphanWrapper.java:44)
	at org.apache.ratis.thirdparty.io.grpc.internal.AbstractManagedChannelImplBuilder.build(AbstractManagedChannelImplBuilder.java:411)
	at org.apache.hadoop.hdds.scm.XceiverClientGrpc.connectToDatanode(XceiverClientGrpc.java:181)
	at org.apache.hadoop.hdds.scm.XceiverClientGrpc.reconnect(XceiverClientGrpc.java:429)
	at org.apache.hadoop.hdds.scm.XceiverClientGrpc.sendCommandAsync(XceiverClientGrpc.java:378)
	at org.apache.hadoop.hdds.scm.XceiverClientGrpc.sendCommandWithRetry(XceiverClientGrpc.java:291)
	at org.apache.hadoop.hdds.scm.XceiverClientGrpc.sendCommandWithTraceIDAndRetry(XceiverClientGrpc.java:257)
	at org.apache.hadoop.hdds.scm.XceiverClientGrpc.sendCommand(XceiverClientGrpc.java:240)
	at org.apache.hadoop.hdds.scm.storage.ContainerProtocolCalls.getBlock(ContainerProtocolCalls.java:118)
	at org.apache.hadoop.hdds.scm.storage.BlockInputStream.getChunkInfos(BlockInputStream.java:167)
	at org.apache.hadoop.hdds.scm.storage.BlockInputStream.initialize(BlockInputStream.java:118)
	at org.apache.hadoop.hdds.scm.storage.BlockInputStream.read(BlockInputStream.java:222)
	at org.apache.hadoop.ozone.client.io.KeyInputStream.read(KeyInputStream.java:171)
	at org.apache.hadoop.ozone.client.io.OzoneInputStream.read(OzoneInputStream.java:47)
	at java.io.InputStream.read(InputStream.java:101)
	at org.apache.hadoop.ozone.container.ContainerTestHelper.validateData(ContainerTestHelper.java:714)
	at org.apache.hadoop.ozone.client.rpc.TestBlockOutputStreamWithFailures.validateData(TestBlockOutputStreamWithFailures.java:1216)
	at org.apache.hadoop.ozone.client.rpc.TestBlockOutputStreamWithFailures.testWatchForCommitWithCloseContainerException(TestBlockOutputStreamWithFailures.java:260)
	at sun.reflect.NativeMethodAccessorImpl.invoke0(Native Method)
	at sun.reflect.NativeMethodAccessorImpl.invoke(NativeMethodAccessorImpl.java:62)
	at sun.reflect.DelegatingMethodAccessorImpl.invoke(DelegatingMethodAccessorImpl.java:43)
	at java.lang.reflect.Method.invoke(Method.java:498)
	at org.junit.runners.model.FrameworkMethod$1.runReflectiveCall(FrameworkMethod.java:47)
	at org.junit.internal.runners.model.ReflectiveCallable.run(ReflectiveCallable.java:12)
	at org.junit.runners.model.FrameworkMethod.invokeExplosively(FrameworkMethod.java:44)
	at org.junit.internal.runners.statements.InvokeMethod.evaluate(InvokeMethod.java:17)
	at org.junit.internal.runners.statements.RunBefores.evaluate(RunBefores.java:26)
	at org.junit.internal.runners.statements.RunAfters.evaluate(RunAfters.java:27)
	at org.junit.runners.ParentRunner.runLeaf(ParentRunner.java:271)
	at org.junit.runners.BlockJUnit4ClassRunner.runChild(BlockJUnit4ClassRunner.java:70)
	at org.junit.runners.BlockJUnit4ClassRunner.runChild(BlockJUnit4ClassRunner.java:50)
	at org.junit.runners.ParentRunner$3.run(ParentRunner.java:238)
	at org.junit.runners.ParentRunner$1.schedule(ParentRunner.java:63)
	at org.junit.runners.ParentRunner.runChildren(ParentRunner.java:236)
	at org.junit.runners.ParentRunner.access$000(ParentRunner.java:53)
	at org.junit.runners.ParentRunner$2.evaluate(ParentRunner.java:229)
	at org.junit.runners.ParentRunner.run(ParentRunner.java:309)
	at org.apache.maven.surefire.junit4.JUnit4Provider.execute(JUnit4Provider.java:365)
	at org.apache.maven.surefire.junit4.JUnit4Provider.executeWithRerun(JUnit4Provider.java:273)
	at org.apache.maven.surefire.junit4.JUnit4Provider.executeTestSet(JUnit4Provider.java:238)
	at org.apache.maven.surefire.junit4.JUnit4Provider.invoke(JUnit4Provider.java:159)
	at org.apache.maven.surefire.booter.ForkedBooter.invokeProviderInSameClassLoader(ForkedBooter.java:384)
	at org.apache.maven.surefire.booter.ForkedBooter.runSuitesInProcess(ForkedBooter.java:345)
	at org.apache.maven.surefire.booter.ForkedBooter.execute(ForkedBooter.java:126)
	at org.apache.maven.surefire.booter.ForkedBooter.main(ForkedBooter.java:418)

Oct 06, 2019 12:19:31 PM org.apache.ratis.thirdparty.io.grpc.internal.ManagedChannelOrphanWrapper$ManagedChannelReference cleanQueue
SEVERE: *~*~*~ Channel ManagedChannelImpl{logId=3803, target=192.168.30.17:38984} was not shutdown properly!!! ~*~*~*
    Make sure to call shutdown()/shutdownNow() and wait until awaitTermination() returns true.
java.lang.RuntimeException: ManagedChannel allocation site
	at org.apache.ratis.thirdparty.io.grpc.internal.ManagedChannelOrphanWrapper$ManagedChannelReference.<init>(ManagedChannelOrphanWrapper.java:103)
	at org.apache.ratis.thirdparty.io.grpc.internal.ManagedChannelOrphanWrapper.<init>(ManagedChannelOrphanWrapper.java:53)
	at org.apache.ratis.thirdparty.io.grpc.internal.ManagedChannelOrphanWrapper.<init>(ManagedChannelOrphanWrapper.java:44)
	at org.apache.ratis.thirdparty.io.grpc.internal.AbstractManagedChannelImplBuilder.build(AbstractManagedChannelImplBuilder.java:411)
	at org.apache.hadoop.hdds.scm.XceiverClientGrpc.connectToDatanode(XceiverClientGrpc.java:181)
	at org.apache.hadoop.hdds.scm.XceiverClientGrpc.reconnect(XceiverClientGrpc.java:429)
	at org.apache.hadoop.hdds.scm.XceiverClientGrpc.sendCommandAsync(XceiverClientGrpc.java:378)
	at org.apache.hadoop.hdds.scm.XceiverClientGrpc.sendCommandWithRetry(XceiverClientGrpc.java:291)
	at org.apache.hadoop.hdds.scm.XceiverClientGrpc.sendCommandWithTraceIDAndRetry(XceiverClientGrpc.java:257)
	at org.apache.hadoop.hdds.scm.XceiverClientGrpc.sendCommand(XceiverClientGrpc.java:240)
	at org.apache.hadoop.hdds.scm.storage.ContainerProtocolCalls.getBlock(ContainerProtocolCalls.java:118)
	at org.apache.hadoop.hdds.scm.storage.BlockInputStream.getChunkInfos(BlockInputStream.java:167)
	at org.apache.hadoop.hdds.scm.storage.BlockInputStream.initialize(BlockInputStream.java:118)
	at org.apache.hadoop.hdds.scm.storage.BlockInputStream.read(BlockInputStream.java:222)
	at org.apache.hadoop.ozone.client.io.KeyInputStream.read(KeyInputStream.java:171)
	at org.apache.hadoop.ozone.client.io.OzoneInputStream.read(OzoneInputStream.java:47)
	at java.io.InputStream.read(InputStream.java:101)
	at org.apache.hadoop.ozone.container.ContainerTestHelper.validateData(ContainerTestHelper.java:714)
	at org.apache.hadoop.ozone.client.rpc.TestBlockOutputStreamWithFailures.validateData(TestBlockOutputStreamWithFailures.java:1216)
	at org.apache.hadoop.ozone.client.rpc.TestBlockOutputStreamWithFailures.testWatchForCommitWithCloseContainerException(TestBlockOutputStreamWithFailures.java:260)
	at sun.reflect.NativeMethodAccessorImpl.invoke0(Native Method)
	at sun.reflect.NativeMethodAccessorImpl.invoke(NativeMethodAccessorImpl.java:62)
	at sun.reflect.DelegatingMethodAccessorImpl.invoke(DelegatingMethodAccessorImpl.java:43)
	at java.lang.reflect.Method.invoke(Method.java:498)
	at org.junit.runners.model.FrameworkMethod$1.runReflectiveCall(FrameworkMethod.java:47)
	at org.junit.internal.runners.model.ReflectiveCallable.run(ReflectiveCallable.java:12)
	at org.junit.runners.model.FrameworkMethod.invokeExplosively(FrameworkMethod.java:44)
	at org.junit.internal.runners.statements.InvokeMethod.evaluate(InvokeMethod.java:17)
	at org.junit.internal.runners.statements.RunBefores.evaluate(RunBefores.java:26)
	at org.junit.internal.runners.statements.RunAfters.evaluate(RunAfters.java:27)
	at org.junit.runners.ParentRunner.runLeaf(ParentRunner.java:271)
	at org.junit.runners.BlockJUnit4ClassRunner.runChild(BlockJUnit4ClassRunner.java:70)
	at org.junit.runners.BlockJUnit4ClassRunner.runChild(BlockJUnit4ClassRunner.java:50)
	at org.junit.runners.ParentRunner$3.run(ParentRunner.java:238)
	at org.junit.runners.ParentRunner$1.schedule(ParentRunner.java:63)
	at org.junit.runners.ParentRunner.runChildren(ParentRunner.java:236)
	at org.junit.runners.ParentRunner.access$000(ParentRunner.java:53)
	at org.junit.runners.ParentRunner$2.evaluate(ParentRunner.java:229)
	at org.junit.runners.ParentRunner.run(ParentRunner.java:309)
	at org.apache.maven.surefire.junit4.JUnit4Provider.execute(JUnit4Provider.java:365)
	at org.apache.maven.surefire.junit4.JUnit4Provider.executeWithRerun(JUnit4Provider.java:273)
	at org.apache.maven.surefire.junit4.JUnit4Provider.executeTestSet(JUnit4Provider.java:238)
	at org.apache.maven.surefire.junit4.JUnit4Provider.invoke(JUnit4Provider.java:159)
	at org.apache.maven.surefire.booter.ForkedBooter.invokeProviderInSameClassLoader(ForkedBooter.java:384)
	at org.apache.maven.surefire.booter.ForkedBooter.runSuitesInProcess(ForkedBooter.java:345)
	at org.apache.maven.surefire.booter.ForkedBooter.execute(ForkedBooter.java:126)
	at org.apache.maven.surefire.booter.ForkedBooter.main(ForkedBooter.java:418)

Oct 06, 2019 12:19:31 PM org.apache.ratis.thirdparty.io.grpc.internal.ManagedChannelOrphanWrapper$ManagedChannelReference cleanQueue
SEVERE: *~*~*~ Channel ManagedChannelImpl{logId=3813, target=192.168.30.17:38633} was not shutdown properly!!! ~*~*~*
    Make sure to call shutdown()/shutdownNow() and wait until awaitTermination() returns true.
java.lang.RuntimeException: ManagedChannel allocation site
	at org.apache.ratis.thirdparty.io.grpc.internal.ManagedChannelOrphanWrapper$ManagedChannelReference.<init>(ManagedChannelOrphanWrapper.java:103)
	at org.apache.ratis.thirdparty.io.grpc.internal.ManagedChannelOrphanWrapper.<init>(ManagedChannelOrphanWrapper.java:53)
	at org.apache.ratis.thirdparty.io.grpc.internal.ManagedChannelOrphanWrapper.<init>(ManagedChannelOrphanWrapper.java:44)
	at org.apache.ratis.thirdparty.io.grpc.internal.AbstractManagedChannelImplBuilder.build(AbstractManagedChannelImplBuilder.java:411)
	at org.apache.hadoop.hdds.scm.XceiverClientGrpc.connectToDatanode(XceiverClientGrpc.java:181)
	at org.apache.hadoop.hdds.scm.XceiverClientGrpc.reconnect(XceiverClientGrpc.java:429)
	at org.apache.hadoop.hdds.scm.XceiverClientGrpc.sendCommandAsync(XceiverClientGrpc.java:378)
	at org.apache.hadoop.hdds.scm.XceiverClientGrpc.sendCommandWithRetry(XceiverClientGrpc.java:291)
	at org.apache.hadoop.hdds.scm.XceiverClientGrpc.sendCommandWithTraceIDAndRetry(XceiverClientGrpc.java:257)
	at org.apache.hadoop.hdds.scm.XceiverClientGrpc.sendCommand(XceiverClientGrpc.java:240)
	at org.apache.hadoop.hdds.scm.storage.ContainerProtocolCalls.readChunk(ContainerProtocolCalls.java:245)
	at org.apache.hadoop.hdds.scm.storage.ChunkInputStream.readChunk(ChunkInputStream.java:335)
	at org.apache.hadoop.hdds.scm.storage.ChunkInputStream.readChunkFromContainer(ChunkInputStream.java:307)
	at org.apache.hadoop.hdds.scm.storage.ChunkInputStream.prepareRead(ChunkInputStream.java:259)
	at org.apache.hadoop.hdds.scm.storage.ChunkInputStream.read(ChunkInputStream.java:144)
	at org.apache.hadoop.hdds.scm.storage.BlockInputStream.read(BlockInputStream.java:239)
	at org.apache.hadoop.ozone.client.io.KeyInputStream.read(KeyInputStream.java:171)
	at org.apache.hadoop.ozone.client.io.OzoneInputStream.read(OzoneInputStream.java:47)
	at java.io.InputStream.read(InputStream.java:101)
	at org.apache.hadoop.ozone.container.ContainerTestHelper.validateData(ContainerTestHelper.java:714)
	at org.apache.hadoop.ozone.client.rpc.TestBlockOutputStreamWithFailures.validateData(TestBlockOutputStreamWithFailures.java:1216)
	at org.apache.hadoop.ozone.client.rpc.TestBlockOutputStreamWithFailures.testWatchForCommitWithCloseContainerException(TestBlockOutputStreamWithFailures.java:260)
	at sun.reflect.NativeMethodAccessorImpl.invoke0(Native Method)
	at sun.reflect.NativeMethodAccessorImpl.invoke(NativeMethodAccessorImpl.java:62)
	at sun.reflect.DelegatingMethodAccessorImpl.invoke(DelegatingMethodAccessorImpl.java:43)
	at java.lang.reflect.Method.invoke(Method.java:498)
	at org.junit.runners.model.FrameworkMethod$1.runReflectiveCall(FrameworkMethod.java:47)
	at org.junit.internal.runners.model.ReflectiveCallable.run(ReflectiveCallable.java:12)
	at org.junit.runners.model.FrameworkMethod.invokeExplosively(FrameworkMethod.java:44)
	at org.junit.internal.runners.statements.InvokeMethod.evaluate(InvokeMethod.java:17)
	at org.junit.internal.runners.statements.RunBefores.evaluate(RunBefores.java:26)
	at org.junit.internal.runners.statements.RunAfters.evaluate(RunAfters.java:27)
	at org.junit.runners.ParentRunner.runLeaf(ParentRunner.java:271)
	at org.junit.runners.BlockJUnit4ClassRunner.runChild(BlockJUnit4ClassRunner.java:70)
	at org.junit.runners.BlockJUnit4ClassRunner.runChild(BlockJUnit4ClassRunner.java:50)
	at org.junit.runners.ParentRunner$3.run(ParentRunner.java:238)
	at org.junit.runners.ParentRunner$1.schedule(ParentRunner.java:63)
	at org.junit.runners.ParentRunner.runChildren(ParentRunner.java:236)
	at org.junit.runners.ParentRunner.access$000(ParentRunner.java:53)
	at org.junit.runners.ParentRunner$2.evaluate(ParentRunner.java:229)
	at org.junit.runners.ParentRunner.run(ParentRunner.java:309)
	at org.apache.maven.surefire.junit4.JUnit4Provider.execute(JUnit4Provider.java:365)
	at org.apache.maven.surefire.junit4.JUnit4Provider.executeWithRerun(JUnit4Provider.java:273)
	at org.apache.maven.surefire.junit4.JUnit4Provider.executeTestSet(JUnit4Provider.java:238)
	at org.apache.maven.surefire.junit4.JUnit4Provider.invoke(JUnit4Provider.java:159)
	at org.apache.maven.surefire.booter.ForkedBooter.invokeProviderInSameClassLoader(ForkedBooter.java:384)
	at org.apache.maven.surefire.booter.ForkedBooter.runSuitesInProcess(ForkedBooter.java:345)
	at org.apache.maven.surefire.booter.ForkedBooter.execute(ForkedBooter.java:126)
	at org.apache.maven.surefire.booter.ForkedBooter.main(ForkedBooter.java:418)

Oct 06, 2019 12:19:39 PM org.apache.ratis.thirdparty.io.grpc.internal.SerializingExecutor run
SEVERE: Exception while executing runnable org.apache.ratis.thirdparty.io.grpc.internal.ServerImpl$JumpToApplicationThreadServerStreamListener$1Closed@10a63982
org.apache.ratis.thirdparty.io.grpc.StatusRuntimeException: CANCELLED: call already cancelled
	at org.apache.ratis.thirdparty.io.grpc.Status.asRuntimeException(Status.java:517)
	at org.apache.ratis.thirdparty.io.grpc.stub.ServerCalls$ServerCallStreamObserverImpl.onCompleted(ServerCalls.java:356)
	at org.apache.ratis.grpc.server.GrpcServerProtocolService$ServerRequestStreamObserver.onError(GrpcServerProtocolService.java:121)
	at org.apache.ratis.thirdparty.io.grpc.stub.ServerCalls$StreamingServerCallHandler$StreamingServerCallListener.onCancel(ServerCalls.java:269)
	at org.apache.ratis.thirdparty.io.grpc.internal.ServerCallImpl$ServerStreamListenerImpl.closed(ServerCallImpl.java:293)
	at org.apache.ratis.thirdparty.io.grpc.internal.ServerImpl$JumpToApplicationThreadServerStreamListener$1Closed.runInContext(ServerImpl.java:741)
	at org.apache.ratis.thirdparty.io.grpc.internal.ContextRunnable.run(ContextRunnable.java:37)
	at org.apache.ratis.thirdparty.io.grpc.internal.SerializingExecutor.run(SerializingExecutor.java:123)
	at java.util.concurrent.ThreadPoolExecutor.runWorker(ThreadPoolExecutor.java:1149)
	at java.util.concurrent.ThreadPoolExecutor$Worker.run(ThreadPoolExecutor.java:624)
	at java.lang.Thread.run(Thread.java:748)

Oct 06, 2019 12:19:39 PM org.apache.ratis.thirdparty.io.grpc.internal.SerializingExecutor run
SEVERE: Exception while executing runnable org.apache.ratis.thirdparty.io.grpc.internal.ServerImpl$JumpToApplicationThreadServerStreamListener$1Closed@1c843f51
org.apache.ratis.thirdparty.io.grpc.StatusRuntimeException: CANCELLED: call already cancelled
	at org.apache.ratis.thirdparty.io.grpc.Status.asRuntimeException(Status.java:517)
	at org.apache.ratis.thirdparty.io.grpc.stub.ServerCalls$ServerCallStreamObserverImpl.onCompleted(ServerCalls.java:356)
	at org.apache.ratis.grpc.server.GrpcServerProtocolService$ServerRequestStreamObserver.onError(GrpcServerProtocolService.java:121)
	at org.apache.ratis.thirdparty.io.grpc.stub.ServerCalls$StreamingServerCallHandler$StreamingServerCallListener.onCancel(ServerCalls.java:269)
	at org.apache.ratis.thirdparty.io.grpc.internal.ServerCallImpl$ServerStreamListenerImpl.closed(ServerCallImpl.java:293)
	at org.apache.ratis.thirdparty.io.grpc.internal.ServerImpl$JumpToApplicationThreadServerStreamListener$1Closed.runInContext(ServerImpl.java:741)
	at org.apache.ratis.thirdparty.io.grpc.internal.ContextRunnable.run(ContextRunnable.java:37)
	at org.apache.ratis.thirdparty.io.grpc.internal.SerializingExecutor.run(SerializingExecutor.java:123)
	at java.util.concurrent.ThreadPoolExecutor.runWorker(ThreadPoolExecutor.java:1149)
	at java.util.concurrent.ThreadPoolExecutor$Worker.run(ThreadPoolExecutor.java:624)
	at java.lang.Thread.run(Thread.java:748)

Oct 06, 2019 12:19:44 PM org.apache.ratis.thirdparty.io.grpc.internal.SerializingExecutor run
SEVERE: Exception while executing runnable org.apache.ratis.thirdparty.io.grpc.internal.ServerImpl$JumpToApplicationThreadServerStreamListener$1Closed@5fc4fe1b
org.apache.ratis.thirdparty.io.grpc.StatusRuntimeException: CANCELLED: call already cancelled
	at org.apache.ratis.thirdparty.io.grpc.Status.asRuntimeException(Status.java:517)
	at org.apache.ratis.thirdparty.io.grpc.stub.ServerCalls$ServerCallStreamObserverImpl.onCompleted(ServerCalls.java:356)
	at org.apache.ratis.grpc.server.GrpcServerProtocolService$ServerRequestStreamObserver.onError(GrpcServerProtocolService.java:121)
	at org.apache.ratis.thirdparty.io.grpc.stub.ServerCalls$StreamingServerCallHandler$StreamingServerCallListener.onCancel(ServerCalls.java:269)
	at org.apache.ratis.thirdparty.io.grpc.internal.ServerCallImpl$ServerStreamListenerImpl.closed(ServerCallImpl.java:293)
	at org.apache.ratis.thirdparty.io.grpc.internal.ServerImpl$JumpToApplicationThreadServerStreamListener$1Closed.runInContext(ServerImpl.java:741)
	at org.apache.ratis.thirdparty.io.grpc.internal.ContextRunnable.run(ContextRunnable.java:37)
	at org.apache.ratis.thirdparty.io.grpc.internal.SerializingExecutor.run(SerializingExecutor.java:123)
	at java.util.concurrent.ThreadPoolExecutor.runWorker(ThreadPoolExecutor.java:1149)
	at java.util.concurrent.ThreadPoolExecutor$Worker.run(ThreadPoolExecutor.java:624)
	at java.lang.Thread.run(Thread.java:748)

]]></system-err>
  </testcase>
</testsuite>