<?xml version="1.0" encoding="UTF-8"?>
<testsuite xmlns:xsi="http://www.w3.org/2001/XMLSchema-instance" xsi:noNamespaceSchemaLocation="https://maven.apache.org/surefire/maven-surefire-plugin/xsd/surefire-test-report.xsd" name="org.apache.hadoop.ozone.client.rpc.TestWatchForCommit" time="221.108" tests="5" errors="1" skipped="0" failures="1">
  <properties>
    <property name="awt.toolkit" value="sun.awt.X11.XToolkit"/>
    <property name="file.encoding.pkg" value="sun.io"/>
    <property name="java.specification.version" value="1.8"/>
    <property name="sun.cpu.isalist" value=""/>
    <property name="sun.jnu.encoding" value="UTF-8"/>
    <property name="java.class.path" value="/workdir/hadoop-ozone/integration-test/target/test-classes:/workdir/hadoop-ozone/integration-test/target/classes:/home/user/.m2/repository/org/apache/hadoop/hadoop-ozone-common/0.5.0-SNAPSHOT/hadoop-ozone-common-0.5.0-SNAPSHOT.jar:/home/user/.m2/repository/org/apache/commons/commons-compress/1.4.1/commons-compress-1.4.1.jar:/home/user/.m2/repository/org/tukaani/xz/1.0/xz-1.0.jar:/home/user/.m2/repository/org/apache/hadoop/hadoop-common/3.2.0/hadoop-common-3.2.0.jar:/home/user/.m2/repository/org/apache/hadoop/hadoop-hdfs/3.2.0/hadoop-hdfs-3.2.0.jar:/home/user/.m2/repository/org/apache/hadoop/hadoop-hdfs-client/3.2.0/hadoop-hdfs-client-3.2.0.jar:/home/user/.m2/repository/com/fasterxml/jackson/core/jackson-annotations/2.9.9/jackson-annotations-2.9.9.jar:/home/user/.m2/repository/org/apache/hadoop/hadoop-hdds-common/0.5.0-SNAPSHOT/hadoop-hdds-common-0.5.0-SNAPSHOT.jar:/home/user/.m2/repository/javax/annotation/javax.annotation-api/1.2/javax.annotation-api-1.2.jar:/home/user/.m2/repository/org/apache/ratis/ratis-server/0.5.0-201fc85-SNAPSHOT/ratis-server-0.5.0-201fc85-SNAPSHOT.jar:/home/user/.m2/repository/org/apache/ratis/ratis-thirdparty-misc/0.2.0/ratis-thirdparty-misc-0.2.0.jar:/home/user/.m2/repository/org/apache/ratis/ratis-proto/0.5.0-201fc85-SNAPSHOT/ratis-proto-0.5.0-201fc85-SNAPSHOT.jar:/home/user/.m2/repository/org/apache/ratis/ratis-common/0.5.0-201fc85-SNAPSHOT/ratis-common-0.5.0-201fc85-SNAPSHOT.jar:/home/user/.m2/repository/org/apache/ratis/ratis-client/0.5.0-201fc85-SNAPSHOT/ratis-client-0.5.0-201fc85-SNAPSHOT.jar:/home/user/.m2/repository/org/apache/ratis/ratis-metrics/0.5.0-201fc85-SNAPSHOT/ratis-metrics-0.5.0-201fc85-SNAPSHOT.jar:/home/user/.m2/repository/com/github/joshelser/dropwizard-metrics-hadoop-metrics2-reporter/0.1.2/dropwizard-metrics-hadoop-metrics2-reporter-0.1.2.jar:/home/user/.m2/repository/io/dropwizard/metrics/metrics-jvm/3.2.5/metrics-jvm-3.2.5.jar:/home/user/.m2/repository/io/dropwizard/metrics/metrics-ganglia/3.2.5/metrics-ganglia-3.2.5.jar:/home/user/.m2/repository/info/ganglia/gmetric4j/gmetric4j/1.0.7/gmetric4j-1.0.7.jar:/home/user/.m2/repository/org/apache/ratis/ratis-netty/0.5.0-201fc85-SNAPSHOT/ratis-netty-0.5.0-201fc85-SNAPSHOT.jar:/home/user/.m2/repository/org/apache/ratis/ratis-grpc/0.5.0-201fc85-SNAPSHOT/ratis-grpc-0.5.0-201fc85-SNAPSHOT.jar:/home/user/.m2/repository/org/rocksdb/rocksdbjni/6.0.1/rocksdbjni-6.0.1.jar:/home/user/.m2/repository/org/apache/logging/log4j/log4j-api/2.11.0/log4j-api-2.11.0.jar:/home/user/.m2/repository/org/apache/logging/log4j/log4j-core/2.11.0/log4j-core-2.11.0.jar:/home/user/.m2/repository/com/lmax/disruptor/3.4.2/disruptor-3.4.2.jar:/home/user/.m2/repository/org/apache/commons/commons-pool2/2.6.0/commons-pool2-2.6.0.jar:/home/user/.m2/repository/org/bouncycastle/bcpkix-jdk15on/1.60/bcpkix-jdk15on-1.60.jar:/home/user/.m2/repository/commons-validator/commons-validator/1.6/commons-validator-1.6.jar:/home/user/.m2/repository/commons-digester/commons-digester/1.8.1/commons-digester-1.8.1.jar:/home/user/.m2/repository/io/jaegertracing/jaeger-client/0.34.0/jaeger-client-0.34.0.jar:/home/user/.m2/repository/io/jaegertracing/jaeger-thrift/0.34.0/jaeger-thrift-0.34.0.jar:/home/user/.m2/repository/org/apache/thrift/libthrift/0.12.0/libthrift-0.12.0.jar:/home/user/.m2/repository/com/squareup/okhttp3/okhttp/3.9.0/okhttp-3.9.0.jar:/home/user/.m2/repository/com/squareup/okio/okio/1.13.0/okio-1.13.0.jar:/home/user/.m2/repository/io/jaegertracing/jaeger-core/0.34.0/jaeger-core-0.34.0.jar:/home/user/.m2/repository/io/jaegertracing/jaeger-tracerresolver/0.34.0/jaeger-tracerresolver-0.34.0.jar:/home/user/.m2/repository/io/opentracing/contrib/opentracing-tracerresolver/0.1.5/opentracing-tracerresolver-0.1.5.jar:/home/user/.m2/repository/io/opentracing/opentracing-util/0.31.0/opentracing-util-0.31.0.jar:/home/user/.m2/repository/io/opentracing/opentracing-api/0.31.0/opentracing-api-0.31.0.jar:/home/user/.m2/repository/io/opentracing/opentracing-noop/0.31.0/opentracing-noop-0.31.0.jar:/home/user/.m2/repository/org/apache/hadoop/hadoop-hdds-server-framework/0.5.0-SNAPSHOT/hadoop-hdds-server-framework-0.5.0-SNAPSHOT.jar:/home/user/.m2/repository/org/apache/hadoop/hadoop-hdds-container-service/0.5.0-SNAPSHOT/hadoop-hdds-container-service-0.5.0-SNAPSHOT.jar:/home/user/.m2/repository/org/apache/hadoop/hadoop-hdds-client/0.5.0-SNAPSHOT/hadoop-hdds-client-0.5.0-SNAPSHOT.jar:/home/user/.m2/repository/org/apache/hadoop/hadoop-hdds-tools/0.5.0-SNAPSHOT/hadoop-hdds-tools-0.5.0-SNAPSHOT.jar:/home/user/.m2/repository/org/apache/hadoop/hadoop-hdds-server-scm/0.5.0-SNAPSHOT/hadoop-hdds-server-scm-0.5.0-SNAPSHOT.jar:/home/user/.m2/repository/org/apache/hadoop/hadoop-hdds-docs/0.5.0-SNAPSHOT/hadoop-hdds-docs-0.5.0-SNAPSHOT.jar:/home/user/.m2/repository/io/dropwizard/metrics/metrics-core/3.2.4/metrics-core-3.2.4.jar:/home/user/.m2/repository/org/hamcrest/hamcrest-all/1.3/hamcrest-all-1.3.jar:/home/user/.m2/repository/org/bouncycastle/bcprov-jdk15on/1.60/bcprov-jdk15on-1.60.jar:/home/user/.m2/repository/info/picocli/picocli/3.9.6/picocli-3.9.6.jar:/home/user/.m2/repository/com/google/protobuf/protobuf-java/2.5.0/protobuf-java-2.5.0.jar:/home/user/.m2/repository/com/google/guava/guava/11.0.2/guava-11.0.2.jar:/home/user/.m2/repository/org/apache/hadoop/hadoop-ozone-ozone-manager/0.5.0-SNAPSHOT/hadoop-ozone-ozone-manager-0.5.0-SNAPSHOT.jar:/home/user/.m2/repository/org/apache/hadoop/hadoop-minikdc/3.2.0/hadoop-minikdc-3.2.0.jar:/home/user/.m2/repository/commons-io/commons-io/2.5/commons-io-2.5.jar:/home/user/.m2/repository/org/apache/kerby/kerb-simplekdc/1.0.1/kerb-simplekdc-1.0.1.jar:/home/user/.m2/repository/org/apache/kerby/kerb-client/1.0.1/kerb-client-1.0.1.jar:/home/user/.m2/repository/org/apache/kerby/kerby-config/1.0.1/kerby-config-1.0.1.jar:/home/user/.m2/repository/org/apache/kerby/kerb-core/1.0.1/kerb-core-1.0.1.jar:/home/user/.m2/repository/org/apache/kerby/kerby-pkix/1.0.1/kerby-pkix-1.0.1.jar:/home/user/.m2/repository/org/apache/kerby/kerby-asn1/1.0.1/kerby-asn1-1.0.1.jar:/home/user/.m2/repository/org/apache/kerby/kerby-util/1.0.1/kerby-util-1.0.1.jar:/home/user/.m2/repository/org/apache/kerby/kerb-common/1.0.1/kerb-common-1.0.1.jar:/home/user/.m2/repository/org/apache/kerby/kerb-crypto/1.0.1/kerb-crypto-1.0.1.jar:/home/user/.m2/repository/org/apache/kerby/kerb-util/1.0.1/kerb-util-1.0.1.jar:/home/user/.m2/repository/org/apache/kerby/token-provider/1.0.1/token-provider-1.0.1.jar:/home/user/.m2/repository/org/apache/kerby/kerb-admin/1.0.1/kerb-admin-1.0.1.jar:/home/user/.m2/repository/org/apache/kerby/kerb-server/1.0.1/kerb-server-1.0.1.jar:/home/user/.m2/repository/org/apache/kerby/kerb-identity/1.0.1/kerb-identity-1.0.1.jar:/home/user/.m2/repository/org/apache/kerby/kerby-xdr/1.0.1/kerby-xdr-1.0.1.jar:/home/user/.m2/repository/org/slf4j/slf4j-log4j12/1.7.25/slf4j-log4j12-1.7.25.jar:/home/user/.m2/repository/org/apache/hadoop/hadoop-ozone-s3gateway/0.5.0-SNAPSHOT/hadoop-ozone-s3gateway-0.5.0-SNAPSHOT.jar:/home/user/.m2/repository/org/jboss/weld/servlet/weld-servlet/2.4.7.Final/weld-servlet-2.4.7.Final.jar:/home/user/.m2/repository/org/glassfish/jersey/containers/jersey-container-servlet-core/2.27/jersey-container-servlet-core-2.27.jar:/home/user/.m2/repository/org/glassfish/hk2/external/javax.inject/2.5.0-b42/javax.inject-2.5.0-b42.jar:/home/user/.m2/repository/org/glassfish/jersey/core/jersey-common/2.27/jersey-common-2.27.jar:/home/user/.m2/repository/org/glassfish/hk2/osgi-resource-locator/1.0.1/osgi-resource-locator-1.0.1.jar:/home/user/.m2/repository/javax/ws/rs/javax.ws.rs-api/2.1/javax.ws.rs-api-2.1.jar:/home/user/.m2/repository/org/glassfish/jersey/ext/cdi/jersey-cdi1x/2.27/jersey-cdi1x-2.27.jar:/home/user/.m2/repository/org/glassfish/jersey/inject/jersey-hk2/2.27/jersey-hk2-2.27.jar:/home/user/.m2/repository/org/glassfish/hk2/hk2-locator/2.5.0-b42/hk2-locator-2.5.0-b42.jar:/home/user/.m2/repository/org/javassist/javassist/3.22.0-CR2/javassist-3.22.0-CR2.jar:/home/user/.m2/repository/org/glassfish/hk2/hk2-api/2.5.0/hk2-api-2.5.0.jar:/home/user/.m2/repository/org/glassfish/hk2/external/jakarta.inject/2.5.0/jakarta.inject-2.5.0.jar:/home/user/.m2/repository/org/glassfish/hk2/hk2-utils/2.5.0/hk2-utils-2.5.0.jar:/home/user/.m2/repository/jakarta/annotation/jakarta.annotation-api/1.3.4/jakarta.annotation-api-1.3.4.jar:/home/user/.m2/repository/org/glassfish/hk2/external/aopalliance-repackaged/2.5.0/aopalliance-repackaged-2.5.0.jar:/home/user/.m2/repository/com/fasterxml/jackson/dataformat/jackson-dataformat-xml/2.9.0/jackson-dataformat-xml-2.9.0.jar:/home/user/.m2/repository/com/fasterxml/jackson/core/jackson-core/2.9.9/jackson-core-2.9.9.jar:/home/user/.m2/repository/com/fasterxml/jackson/module/jackson-module-jaxb-annotations/2.9.9/jackson-module-jaxb-annotations-2.9.9.jar:/home/user/.m2/repository/javax/enterprise/cdi-api/1.2/cdi-api-1.2.jar:/home/user/.m2/repository/javax/el/javax.el-api/3.0.0/javax.el-api-3.0.0.jar:/home/user/.m2/repository/javax/interceptor/javax.interceptor-api/1.2/javax.interceptor-api-1.2.jar:/home/user/.m2/repository/javax/inject/javax.inject/1/javax.inject-1.jar:/home/user/.m2/repository/com/sun/xml/bind/jaxb-impl/2.3.0.1/jaxb-impl-2.3.0.1.jar:/home/user/.m2/repository/com/sun/xml/bind/jaxb-core/2.3.0.1/jaxb-core-2.3.0.1.jar:/home/user/.m2/repository/javax/xml/bind/jaxb-api/2.3.0/jaxb-api-2.3.0.jar:/home/user/.m2/repository/javax/activation/activation/1.1.1/activation-1.1.1.jar:/home/user/.m2/repository/org/apache/hadoop/hadoop-ozone-csi/0.5.0-SNAPSHOT/hadoop-ozone-csi-0.5.0-SNAPSHOT.jar:/home/user/.m2/repository/com/google/protobuf/protobuf-java-util/3.5.1/protobuf-java-util-3.5.1.jar:/home/user/.m2/repository/org/apache/hadoop/hadoop-hdds-config/0.5.0-SNAPSHOT/hadoop-hdds-config-0.5.0-SNAPSHOT.jar:/home/user/.m2/repository/io/grpc/grpc-netty/1.17.1/grpc-netty-1.17.1.jar:/home/user/.m2/repository/io/grpc/grpc-core/1.17.1/grpc-core-1.17.1.jar:/home/user/.m2/repository/io/grpc/grpc-context/1.17.1/grpc-context-1.17.1.jar:/home/user/.m2/repository/com/google/errorprone/error_prone_annotations/2.2.0/error_prone_annotations-2.2.0.jar:/home/user/.m2/repository/org/codehaus/mojo/animal-sniffer-annotations/1.17/animal-sniffer-annotations-1.17.jar:/home/user/.m2/repository/io/opencensus/opencensus-api/0.17.0/opencensus-api-0.17.0.jar:/home/user/.m2/repository/io/opencensus/opencensus-contrib-grpc-metrics/0.17.0/opencensus-contrib-grpc-metrics-0.17.0.jar:/home/user/.m2/repository/io/netty/netty-codec-http2/4.1.30.Final/netty-codec-http2-4.1.30.Final.jar:/home/user/.m2/repository/io/netty/netty-codec-http/4.1.30.Final/netty-codec-http-4.1.30.Final.jar:/home/user/.m2/repository/io/netty/netty-codec/4.1.30.Final/netty-codec-4.1.30.Final.jar:/home/user/.m2/repository/io/netty/netty-handler/4.1.30.Final/netty-handler-4.1.30.Final.jar:/home/user/.m2/repository/io/netty/netty-handler-proxy/4.1.30.Final/netty-handler-proxy-4.1.30.Final.jar:/home/user/.m2/repository/io/netty/netty-codec-socks/4.1.30.Final/netty-codec-socks-4.1.30.Final.jar:/home/user/.m2/repository/io/netty/netty-transport-native-epoll/4.1.30.Final/netty-transport-native-epoll-4.1.30.Final.jar:/home/user/.m2/repository/io/netty/netty-common/4.1.30.Final/netty-common-4.1.30.Final.jar:/home/user/.m2/repository/io/netty/netty-buffer/4.1.30.Final/netty-buffer-4.1.30.Final.jar:/home/user/.m2/repository/io/netty/netty-transport/4.1.30.Final/netty-transport-4.1.30.Final.jar:/home/user/.m2/repository/io/netty/netty-resolver/4.1.30.Final/netty-resolver-4.1.30.Final.jar:/home/user/.m2/repository/io/netty/netty-transport-native-unix-common/4.1.30.Final/netty-transport-native-unix-common-4.1.30.Final.jar:/home/user/.m2/repository/io/grpc/grpc-protobuf/1.17.1/grpc-protobuf-1.17.1.jar:/home/user/.m2/repository/com/google/api/grpc/proto-google-common-protos/1.0.0/proto-google-common-protos-1.0.0.jar:/home/user/.m2/repository/io/grpc/grpc-protobuf-lite/1.17.1/grpc-protobuf-lite-1.17.1.jar:/home/user/.m2/repository/io/grpc/grpc-stub/1.17.1/grpc-stub-1.17.1.jar:/home/user/.m2/repository/org/apache/hadoop/hadoop-ozone-recon/0.5.0-SNAPSHOT/hadoop-ozone-recon-0.5.0-SNAPSHOT.jar:/home/user/.m2/repository/org/apache/hadoop/hadoop-ozone-reconcodegen/0.5.0-SNAPSHOT/hadoop-ozone-reconcodegen-0.5.0-SNAPSHOT.jar:/home/user/.m2/repository/com/google/inject/extensions/guice-multibindings/4.0/guice-multibindings-4.0.jar:/home/user/.m2/repository/com/google/inject/guice/4.0/guice-4.0.jar:/home/user/.m2/repository/aopalliance/aopalliance/1.0/aopalliance-1.0.jar:/home/user/.m2/repository/com/google/inject/extensions/guice-servlet/4.0/guice-servlet-4.0.jar:/home/user/.m2/repository/org/glassfish/jersey/containers/jersey-container-servlet/2.27/jersey-container-servlet-2.27.jar:/home/user/.m2/repository/org/glassfish/hk2/guice-bridge/2.5.0/guice-bridge-2.5.0.jar:/home/user/.m2/repository/org/glassfish/jersey/core/jersey-server/2.27/jersey-server-2.27.jar:/home/user/.m2/repository/org/glassfish/jersey/core/jersey-client/2.27/jersey-client-2.27.jar:/home/user/.m2/repository/org/glassfish/jersey/media/jersey-media-jaxb/2.27/jersey-media-jaxb-2.27.jar:/home/user/.m2/repository/javax/validation/validation-api/1.1.0.Final/validation-api-1.1.0.Final.jar:/home/user/.m2/repository/org/glassfish/jersey/media/jersey-media-json-jackson/2.27/jersey-media-json-jackson-2.27.jar:/home/user/.m2/repository/org/glassfish/jersey/ext/jersey-entity-filtering/2.27/jersey-entity-filtering-2.27.jar:/home/user/.m2/repository/com/google/inject/extensions/guice-assistedinject/4.0/guice-assistedinject-4.0.jar:/home/user/.m2/repository/org/jooq/jooq/3.11.10/jooq-3.11.10.jar:/home/user/.m2/repository/org/jooq/jooq-meta/3.11.10/jooq-meta-3.11.10.jar:/home/user/.m2/repository/org/jooq/jooq-codegen/3.11.10/jooq-codegen-3.11.10.jar:/home/user/.m2/repository/com/jolbox/bonecp/0.8.0.RELEASE/bonecp-0.8.0.RELEASE.jar:/home/user/.m2/repository/org/xerial/sqlite-jdbc/3.25.2/sqlite-jdbc-3.25.2.jar:/home/user/.m2/repository/org/springframework/spring-jdbc/5.1.3.RELEASE/spring-jdbc-5.1.3.RELEASE.jar:/home/user/.m2/repository/org/springframework/spring-beans/5.1.3.RELEASE/spring-beans-5.1.3.RELEASE.jar:/home/user/.m2/repository/org/springframework/spring-core/5.1.3.RELEASE/spring-core-5.1.3.RELEASE.jar:/home/user/.m2/repository/org/springframework/spring-jcl/5.1.3.RELEASE/spring-jcl-5.1.3.RELEASE.jar:/home/user/.m2/repository/org/springframework/spring-tx/5.1.3.RELEASE/spring-tx-5.1.3.RELEASE.jar:/home/user/.m2/repository/org/apache/hadoop/hadoop-ozone-client/0.5.0-SNAPSHOT/hadoop-ozone-client-0.5.0-SNAPSHOT.jar:/home/user/.m2/repository/commons-lang/commons-lang/2.6/commons-lang-2.6.jar:/home/user/.m2/repository/org/apache/hadoop/hadoop-ozone-ozone-manager/0.5.0-SNAPSHOT/hadoop-ozone-ozone-manager-0.5.0-SNAPSHOT-tests.jar:/home/user/.m2/repository/junit/junit/4.11/junit-4.11.jar:/home/user/.m2/repository/org/hamcrest/hamcrest-core/1.3/hamcrest-core-1.3.jar:/home/user/.m2/repository/org/openjdk/jmh/jmh-core/1.19/jmh-core-1.19.jar:/home/user/.m2/repository/net/sf/jopt-simple/jopt-simple/4.6/jopt-simple-4.6.jar:/home/user/.m2/repository/org/apache/commons/commons-math3/3.1.1/commons-math3-3.1.1.jar:/home/user/.m2/repository/org/openjdk/jmh/jmh-generator-annprocess/1.19/jmh-generator-annprocess-1.19.jar:/home/user/.m2/repository/org/mockito/mockito-all/1.8.5/mockito-all-1.8.5.jar:/home/user/.m2/repository/org/apache/hadoop/hadoop-kms/3.2.0/hadoop-kms-3.2.0.jar:/home/user/.m2/repository/org/apache/hadoop/hadoop-auth/3.2.0/hadoop-auth-3.2.0.jar:/home/user/.m2/repository/com/nimbusds/nimbus-jose-jwt/4.41.1/nimbus-jose-jwt-4.41.1.jar:/home/user/.m2/repository/com/github/stephenc/jcip/jcip-annotations/1.0-1/jcip-annotations-1.0-1.jar:/home/user/.m2/repository/net/minidev/json-smart/2.3/json-smart-2.3.jar:/home/user/.m2/repository/net/minidev/accessors-smart/1.2/accessors-smart-1.2.jar:/home/user/.m2/repository/org/ow2/asm/asm/5.0.4/asm-5.0.4.jar:/home/user/.m2/repository/org/apache/curator/curator-framework/2.12.0/curator-framework-2.12.0.jar:/home/user/.m2/repository/com/sun/jersey/jersey-core/1.19/jersey-core-1.19.jar:/home/user/.m2/repository/javax/ws/rs/jsr311-api/1.1.1/jsr311-api-1.1.1.jar:/home/user/.m2/repository/com/sun/jersey/jersey-server/1.19/jersey-server-1.19.jar:/home/user/.m2/repository/javax/servlet/javax.servlet-api/3.1.0/javax.servlet-api-3.1.0.jar:/home/user/.m2/repository/org/eclipse/jetty/jetty-server/9.3.25.v20180904/jetty-server-9.3.25.v20180904.jar:/home/user/.m2/repository/org/eclipse/jetty/jetty-http/9.3.25.v20180904/jetty-http-9.3.25.v20180904.jar:/home/user/.m2/repository/org/eclipse/jetty/jetty-io/9.3.25.v20180904/jetty-io-9.3.25.v20180904.jar:/home/user/.m2/repository/org/eclipse/jetty/jetty-webapp/9.3.25.v20180904/jetty-webapp-9.3.25.v20180904.jar:/home/user/.m2/repository/org/eclipse/jetty/jetty-xml/9.3.25.v20180904/jetty-xml-9.3.25.v20180904.jar:/home/user/.m2/repository/log4j/log4j/1.2.17/log4j-1.2.17.jar:/home/user/.m2/repository/org/slf4j/slf4j-api/1.7.25/slf4j-api-1.7.25.jar:/home/user/.m2/repository/org/slf4j/jul-to-slf4j/1.7.25/jul-to-slf4j-1.7.25.jar:/home/user/.m2/repository/org/eclipse/jetty/jetty-util/9.3.25.v20180904/jetty-util-9.3.25.v20180904.jar:/home/user/.m2/repository/com/fasterxml/jackson/core/jackson-databind/2.9.9/jackson-databind-2.9.9.jar:/home/user/.m2/repository/org/apache/hadoop/hadoop-kms/3.2.0/hadoop-kms-3.2.0-tests.jar:/home/user/.m2/repository/org/apache/hadoop/hadoop-hdds-server-scm/0.5.0-SNAPSHOT/hadoop-hdds-server-scm-0.5.0-SNAPSHOT-tests.jar:/home/user/.m2/repository/org/apache/hadoop/hadoop-hdds-container-service/0.5.0-SNAPSHOT/hadoop-hdds-container-service-0.5.0-SNAPSHOT-tests.jar:/home/user/.m2/repository/org/yaml/snakeyaml/1.16/snakeyaml-1.16.jar:/home/user/.m2/repository/org/apache/hadoop/hadoop-common/3.2.0/hadoop-common-3.2.0-tests.jar:/home/user/.m2/repository/org/apache/hadoop/hadoop-annotations/3.2.0/hadoop-annotations-3.2.0.jar:/usr/lib/jvm/java-1.8-openjdk/jre/../lib/tools.jar:/home/user/.m2/repository/commons-cli/commons-cli/1.2/commons-cli-1.2.jar:/home/user/.m2/repository/org/apache/httpcomponents/httpclient/4.5.2/httpclient-4.5.2.jar:/home/user/.m2/repository/org/apache/httpcomponents/httpcore/4.4.4/httpcore-4.4.4.jar:/home/user/.m2/repository/commons-codec/commons-codec/1.11/commons-codec-1.11.jar:/home/user/.m2/repository/commons-net/commons-net/3.6/commons-net-3.6.jar:/home/user/.m2/repository/commons-collections/commons-collections/3.2.2/commons-collections-3.2.2.jar:/home/user/.m2/repository/org/eclipse/jetty/jetty-servlet/9.3.25.v20180904/jetty-servlet-9.3.25.v20180904.jar:/home/user/.m2/repository/org/eclipse/jetty/jetty-security/9.3.25.v20180904/jetty-security-9.3.25.v20180904.jar:/home/user/.m2/repository/javax/servlet/jsp/jsp-api/2.1/jsp-api-2.1.jar:/home/user/.m2/repository/com/sun/jersey/jersey-servlet/1.19/jersey-servlet-1.19.jar:/home/user/.m2/repository/com/sun/jersey/jersey-json/1.19/jersey-json-1.19.jar:/home/user/.m2/repository/org/codehaus/jettison/jettison/1.1/jettison-1.1.jar:/home/user/.m2/repository/org/codehaus/jackson/jackson-core-asl/1.9.13/jackson-core-asl-1.9.13.jar:/home/user/.m2/repository/org/codehaus/jackson/jackson-mapper-asl/1.9.13/jackson-mapper-asl-1.9.13.jar:/home/user/.m2/repository/org/codehaus/jackson/jackson-jaxrs/1.9.13/jackson-jaxrs-1.9.13.jar:/home/user/.m2/repository/org/codehaus/jackson/jackson-xc/1.9.13/jackson-xc-1.9.13.jar:/home/user/.m2/repository/commons-logging/commons-logging/1.1.3/commons-logging-1.1.3.jar:/home/user/.m2/repository/commons-beanutils/commons-beanutils/1.9.4/commons-beanutils-1.9.4.jar:/home/user/.m2/repository/org/apache/commons/commons-configuration2/2.1.1/commons-configuration2-2.1.1.jar:/home/user/.m2/repository/org/apache/commons/commons-lang3/3.7/commons-lang3-3.7.jar:/home/user/.m2/repository/org/apache/commons/commons-text/1.4/commons-text-1.4.jar:/home/user/.m2/repository/org/apache/avro/avro/1.7.7/avro-1.7.7.jar:/home/user/.m2/repository/com/thoughtworks/paranamer/paranamer/2.3/paranamer-2.3.jar:/home/user/.m2/repository/org/xerial/snappy/snappy-java/1.0.5/snappy-java-1.0.5.jar:/home/user/.m2/repository/com/google/re2j/re2j/1.1/re2j-1.1.jar:/home/user/.m2/repository/com/google/code/gson/gson/2.2.4/gson-2.2.4.jar:/home/user/.m2/repository/com/jcraft/jsch/0.1.54/jsch-0.1.54.jar:/home/user/.m2/repository/org/apache/curator/curator-client/2.12.0/curator-client-2.12.0.jar:/home/user/.m2/repository/org/apache/curator/curator-recipes/2.12.0/curator-recipes-2.12.0.jar:/home/user/.m2/repository/com/google/code/findbugs/jsr305/3.0.0/jsr305-3.0.0.jar:/home/user/.m2/repository/org/apache/htrace/htrace-core4/4.1.0-incubating/htrace-core4-4.1.0-incubating.jar:/home/user/.m2/repository/org/apache/zookeeper/zookeeper/3.4.13/zookeeper-3.4.13.jar:/home/user/.m2/repository/jline/jline/0.9.94/jline-0.9.94.jar:/home/user/.m2/repository/org/apache/yetus/audience-annotations/0.5.0/audience-annotations-0.5.0.jar:/home/user/.m2/repository/org/codehaus/woodstox/stax2-api/3.1.4/stax2-api-3.1.4.jar:/home/user/.m2/repository/com/fasterxml/woodstox/woodstox-core/5.0.3/woodstox-core-5.0.3.jar:/home/user/.m2/repository/dnsjava/dnsjava/2.1.7/dnsjava-2.1.7.jar:/home/user/.m2/repository/org/apache/hadoop/hadoop-hdfs/3.2.0/hadoop-hdfs-3.2.0-tests.jar:/home/user/.m2/repository/org/eclipse/jetty/jetty-util-ajax/9.3.25.v20180904/jetty-util-ajax-9.3.25.v20180904.jar:/home/user/.m2/repository/commons-daemon/commons-daemon/1.0.13/commons-daemon-1.0.13.jar:/home/user/.m2/repository/io/netty/netty/3.10.5.Final/netty-3.10.5.Final.jar:/home/user/.m2/repository/io/netty/netty-all/4.0.52.Final/netty-all-4.0.52.Final.jar:/home/user/.m2/repository/org/fusesource/leveldbjni/leveldbjni-all/1.8/leveldbjni-all-1.8.jar:"/>
    <property name="java.vm.vendor" value="IcedTea"/>
    <property name="sun.arch.data.model" value="64"/>
    <property name="test.build.dir" value="/workdir/hadoop-ozone/integration-test/target/test-dir"/>
    <property name="test.cache.data" value=""/>
    <property name="java.vendor.url" value="https://icedtea.classpath.org"/>
    <property name="user.timezone" value=""/>
    <property name="java.vm.specification.version" value="1.8"/>
    <property name="os.name" value="Linux"/>
    <property name="test.build.data" value="/workdir/hadoop-ozone/integration-test/target/test-dir"/>
    <property name="user.country" value="US"/>
    <property name="sun.java.launcher" value="SUN_STANDARD"/>
    <property name="sun.boot.library.path" value="/usr/lib/jvm/java-1.8-openjdk/jre/lib/amd64"/>
    <property name="sun.java.command" value="/workdir/hadoop-ozone/integration-test/target/surefire/surefirebooter6950370178276354923.jar /workdir/hadoop-ozone/integration-test/target/surefire 2019-10-06T11-20-29_766-jvmRun1 surefire3574322318585327654tmp surefire_621787179988931152475tmp"/>
    <property name="test" value="!TestMiniChaosOzoneCluster"/>
    <property name="surefire.test.class.path" value="/workdir/hadoop-ozone/integration-test/target/test-classes:/workdir/hadoop-ozone/integration-test/target/classes:/home/user/.m2/repository/org/apache/hadoop/hadoop-ozone-common/0.5.0-SNAPSHOT/hadoop-ozone-common-0.5.0-SNAPSHOT.jar:/home/user/.m2/repository/org/apache/commons/commons-compress/1.4.1/commons-compress-1.4.1.jar:/home/user/.m2/repository/org/tukaani/xz/1.0/xz-1.0.jar:/home/user/.m2/repository/org/apache/hadoop/hadoop-common/3.2.0/hadoop-common-3.2.0.jar:/home/user/.m2/repository/org/apache/hadoop/hadoop-hdfs/3.2.0/hadoop-hdfs-3.2.0.jar:/home/user/.m2/repository/org/apache/hadoop/hadoop-hdfs-client/3.2.0/hadoop-hdfs-client-3.2.0.jar:/home/user/.m2/repository/com/fasterxml/jackson/core/jackson-annotations/2.9.9/jackson-annotations-2.9.9.jar:/home/user/.m2/repository/org/apache/hadoop/hadoop-hdds-common/0.5.0-SNAPSHOT/hadoop-hdds-common-0.5.0-SNAPSHOT.jar:/home/user/.m2/repository/javax/annotation/javax.annotation-api/1.2/javax.annotation-api-1.2.jar:/home/user/.m2/repository/org/apache/ratis/ratis-server/0.5.0-201fc85-SNAPSHOT/ratis-server-0.5.0-201fc85-SNAPSHOT.jar:/home/user/.m2/repository/org/apache/ratis/ratis-thirdparty-misc/0.2.0/ratis-thirdparty-misc-0.2.0.jar:/home/user/.m2/repository/org/apache/ratis/ratis-proto/0.5.0-201fc85-SNAPSHOT/ratis-proto-0.5.0-201fc85-SNAPSHOT.jar:/home/user/.m2/repository/org/apache/ratis/ratis-common/0.5.0-201fc85-SNAPSHOT/ratis-common-0.5.0-201fc85-SNAPSHOT.jar:/home/user/.m2/repository/org/apache/ratis/ratis-client/0.5.0-201fc85-SNAPSHOT/ratis-client-0.5.0-201fc85-SNAPSHOT.jar:/home/user/.m2/repository/org/apache/ratis/ratis-metrics/0.5.0-201fc85-SNAPSHOT/ratis-metrics-0.5.0-201fc85-SNAPSHOT.jar:/home/user/.m2/repository/com/github/joshelser/dropwizard-metrics-hadoop-metrics2-reporter/0.1.2/dropwizard-metrics-hadoop-metrics2-reporter-0.1.2.jar:/home/user/.m2/repository/io/dropwizard/metrics/metrics-jvm/3.2.5/metrics-jvm-3.2.5.jar:/home/user/.m2/repository/io/dropwizard/metrics/metrics-ganglia/3.2.5/metrics-ganglia-3.2.5.jar:/home/user/.m2/repository/info/ganglia/gmetric4j/gmetric4j/1.0.7/gmetric4j-1.0.7.jar:/home/user/.m2/repository/org/apache/ratis/ratis-netty/0.5.0-201fc85-SNAPSHOT/ratis-netty-0.5.0-201fc85-SNAPSHOT.jar:/home/user/.m2/repository/org/apache/ratis/ratis-grpc/0.5.0-201fc85-SNAPSHOT/ratis-grpc-0.5.0-201fc85-SNAPSHOT.jar:/home/user/.m2/repository/org/rocksdb/rocksdbjni/6.0.1/rocksdbjni-6.0.1.jar:/home/user/.m2/repository/org/apache/logging/log4j/log4j-api/2.11.0/log4j-api-2.11.0.jar:/home/user/.m2/repository/org/apache/logging/log4j/log4j-core/2.11.0/log4j-core-2.11.0.jar:/home/user/.m2/repository/com/lmax/disruptor/3.4.2/disruptor-3.4.2.jar:/home/user/.m2/repository/org/apache/commons/commons-pool2/2.6.0/commons-pool2-2.6.0.jar:/home/user/.m2/repository/org/bouncycastle/bcpkix-jdk15on/1.60/bcpkix-jdk15on-1.60.jar:/home/user/.m2/repository/commons-validator/commons-validator/1.6/commons-validator-1.6.jar:/home/user/.m2/repository/commons-digester/commons-digester/1.8.1/commons-digester-1.8.1.jar:/home/user/.m2/repository/io/jaegertracing/jaeger-client/0.34.0/jaeger-client-0.34.0.jar:/home/user/.m2/repository/io/jaegertracing/jaeger-thrift/0.34.0/jaeger-thrift-0.34.0.jar:/home/user/.m2/repository/org/apache/thrift/libthrift/0.12.0/libthrift-0.12.0.jar:/home/user/.m2/repository/com/squareup/okhttp3/okhttp/3.9.0/okhttp-3.9.0.jar:/home/user/.m2/repository/com/squareup/okio/okio/1.13.0/okio-1.13.0.jar:/home/user/.m2/repository/io/jaegertracing/jaeger-core/0.34.0/jaeger-core-0.34.0.jar:/home/user/.m2/repository/io/jaegertracing/jaeger-tracerresolver/0.34.0/jaeger-tracerresolver-0.34.0.jar:/home/user/.m2/repository/io/opentracing/contrib/opentracing-tracerresolver/0.1.5/opentracing-tracerresolver-0.1.5.jar:/home/user/.m2/repository/io/opentracing/opentracing-util/0.31.0/opentracing-util-0.31.0.jar:/home/user/.m2/repository/io/opentracing/opentracing-api/0.31.0/opentracing-api-0.31.0.jar:/home/user/.m2/repository/io/opentracing/opentracing-noop/0.31.0/opentracing-noop-0.31.0.jar:/home/user/.m2/repository/org/apache/hadoop/hadoop-hdds-server-framework/0.5.0-SNAPSHOT/hadoop-hdds-server-framework-0.5.0-SNAPSHOT.jar:/home/user/.m2/repository/org/apache/hadoop/hadoop-hdds-container-service/0.5.0-SNAPSHOT/hadoop-hdds-container-service-0.5.0-SNAPSHOT.jar:/home/user/.m2/repository/org/apache/hadoop/hadoop-hdds-client/0.5.0-SNAPSHOT/hadoop-hdds-client-0.5.0-SNAPSHOT.jar:/home/user/.m2/repository/org/apache/hadoop/hadoop-hdds-tools/0.5.0-SNAPSHOT/hadoop-hdds-tools-0.5.0-SNAPSHOT.jar:/home/user/.m2/repository/org/apache/hadoop/hadoop-hdds-server-scm/0.5.0-SNAPSHOT/hadoop-hdds-server-scm-0.5.0-SNAPSHOT.jar:/home/user/.m2/repository/org/apache/hadoop/hadoop-hdds-docs/0.5.0-SNAPSHOT/hadoop-hdds-docs-0.5.0-SNAPSHOT.jar:/home/user/.m2/repository/io/dropwizard/metrics/metrics-core/3.2.4/metrics-core-3.2.4.jar:/home/user/.m2/repository/org/hamcrest/hamcrest-all/1.3/hamcrest-all-1.3.jar:/home/user/.m2/repository/org/bouncycastle/bcprov-jdk15on/1.60/bcprov-jdk15on-1.60.jar:/home/user/.m2/repository/info/picocli/picocli/3.9.6/picocli-3.9.6.jar:/home/user/.m2/repository/com/google/protobuf/protobuf-java/2.5.0/protobuf-java-2.5.0.jar:/home/user/.m2/repository/com/google/guava/guava/11.0.2/guava-11.0.2.jar:/home/user/.m2/repository/org/apache/hadoop/hadoop-ozone-ozone-manager/0.5.0-SNAPSHOT/hadoop-ozone-ozone-manager-0.5.0-SNAPSHOT.jar:/home/user/.m2/repository/org/apache/hadoop/hadoop-minikdc/3.2.0/hadoop-minikdc-3.2.0.jar:/home/user/.m2/repository/commons-io/commons-io/2.5/commons-io-2.5.jar:/home/user/.m2/repository/org/apache/kerby/kerb-simplekdc/1.0.1/kerb-simplekdc-1.0.1.jar:/home/user/.m2/repository/org/apache/kerby/kerb-client/1.0.1/kerb-client-1.0.1.jar:/home/user/.m2/repository/org/apache/kerby/kerby-config/1.0.1/kerby-config-1.0.1.jar:/home/user/.m2/repository/org/apache/kerby/kerb-core/1.0.1/kerb-core-1.0.1.jar:/home/user/.m2/repository/org/apache/kerby/kerby-pkix/1.0.1/kerby-pkix-1.0.1.jar:/home/user/.m2/repository/org/apache/kerby/kerby-asn1/1.0.1/kerby-asn1-1.0.1.jar:/home/user/.m2/repository/org/apache/kerby/kerby-util/1.0.1/kerby-util-1.0.1.jar:/home/user/.m2/repository/org/apache/kerby/kerb-common/1.0.1/kerb-common-1.0.1.jar:/home/user/.m2/repository/org/apache/kerby/kerb-crypto/1.0.1/kerb-crypto-1.0.1.jar:/home/user/.m2/repository/org/apache/kerby/kerb-util/1.0.1/kerb-util-1.0.1.jar:/home/user/.m2/repository/org/apache/kerby/token-provider/1.0.1/token-provider-1.0.1.jar:/home/user/.m2/repository/org/apache/kerby/kerb-admin/1.0.1/kerb-admin-1.0.1.jar:/home/user/.m2/repository/org/apache/kerby/kerb-server/1.0.1/kerb-server-1.0.1.jar:/home/user/.m2/repository/org/apache/kerby/kerb-identity/1.0.1/kerb-identity-1.0.1.jar:/home/user/.m2/repository/org/apache/kerby/kerby-xdr/1.0.1/kerby-xdr-1.0.1.jar:/home/user/.m2/repository/org/slf4j/slf4j-log4j12/1.7.25/slf4j-log4j12-1.7.25.jar:/home/user/.m2/repository/org/apache/hadoop/hadoop-ozone-s3gateway/0.5.0-SNAPSHOT/hadoop-ozone-s3gateway-0.5.0-SNAPSHOT.jar:/home/user/.m2/repository/org/jboss/weld/servlet/weld-servlet/2.4.7.Final/weld-servlet-2.4.7.Final.jar:/home/user/.m2/repository/org/glassfish/jersey/containers/jersey-container-servlet-core/2.27/jersey-container-servlet-core-2.27.jar:/home/user/.m2/repository/org/glassfish/hk2/external/javax.inject/2.5.0-b42/javax.inject-2.5.0-b42.jar:/home/user/.m2/repository/org/glassfish/jersey/core/jersey-common/2.27/jersey-common-2.27.jar:/home/user/.m2/repository/org/glassfish/hk2/osgi-resource-locator/1.0.1/osgi-resource-locator-1.0.1.jar:/home/user/.m2/repository/javax/ws/rs/javax.ws.rs-api/2.1/javax.ws.rs-api-2.1.jar:/home/user/.m2/repository/org/glassfish/jersey/ext/cdi/jersey-cdi1x/2.27/jersey-cdi1x-2.27.jar:/home/user/.m2/repository/org/glassfish/jersey/inject/jersey-hk2/2.27/jersey-hk2-2.27.jar:/home/user/.m2/repository/org/glassfish/hk2/hk2-locator/2.5.0-b42/hk2-locator-2.5.0-b42.jar:/home/user/.m2/repository/org/javassist/javassist/3.22.0-CR2/javassist-3.22.0-CR2.jar:/home/user/.m2/repository/org/glassfish/hk2/hk2-api/2.5.0/hk2-api-2.5.0.jar:/home/user/.m2/repository/org/glassfish/hk2/external/jakarta.inject/2.5.0/jakarta.inject-2.5.0.jar:/home/user/.m2/repository/org/glassfish/hk2/hk2-utils/2.5.0/hk2-utils-2.5.0.jar:/home/user/.m2/repository/jakarta/annotation/jakarta.annotation-api/1.3.4/jakarta.annotation-api-1.3.4.jar:/home/user/.m2/repository/org/glassfish/hk2/external/aopalliance-repackaged/2.5.0/aopalliance-repackaged-2.5.0.jar:/home/user/.m2/repository/com/fasterxml/jackson/dataformat/jackson-dataformat-xml/2.9.0/jackson-dataformat-xml-2.9.0.jar:/home/user/.m2/repository/com/fasterxml/jackson/core/jackson-core/2.9.9/jackson-core-2.9.9.jar:/home/user/.m2/repository/com/fasterxml/jackson/module/jackson-module-jaxb-annotations/2.9.9/jackson-module-jaxb-annotations-2.9.9.jar:/home/user/.m2/repository/javax/enterprise/cdi-api/1.2/cdi-api-1.2.jar:/home/user/.m2/repository/javax/el/javax.el-api/3.0.0/javax.el-api-3.0.0.jar:/home/user/.m2/repository/javax/interceptor/javax.interceptor-api/1.2/javax.interceptor-api-1.2.jar:/home/user/.m2/repository/javax/inject/javax.inject/1/javax.inject-1.jar:/home/user/.m2/repository/com/sun/xml/bind/jaxb-impl/2.3.0.1/jaxb-impl-2.3.0.1.jar:/home/user/.m2/repository/com/sun/xml/bind/jaxb-core/2.3.0.1/jaxb-core-2.3.0.1.jar:/home/user/.m2/repository/javax/xml/bind/jaxb-api/2.3.0/jaxb-api-2.3.0.jar:/home/user/.m2/repository/javax/activation/activation/1.1.1/activation-1.1.1.jar:/home/user/.m2/repository/org/apache/hadoop/hadoop-ozone-csi/0.5.0-SNAPSHOT/hadoop-ozone-csi-0.5.0-SNAPSHOT.jar:/home/user/.m2/repository/com/google/protobuf/protobuf-java-util/3.5.1/protobuf-java-util-3.5.1.jar:/home/user/.m2/repository/org/apache/hadoop/hadoop-hdds-config/0.5.0-SNAPSHOT/hadoop-hdds-config-0.5.0-SNAPSHOT.jar:/home/user/.m2/repository/io/grpc/grpc-netty/1.17.1/grpc-netty-1.17.1.jar:/home/user/.m2/repository/io/grpc/grpc-core/1.17.1/grpc-core-1.17.1.jar:/home/user/.m2/repository/io/grpc/grpc-context/1.17.1/grpc-context-1.17.1.jar:/home/user/.m2/repository/com/google/errorprone/error_prone_annotations/2.2.0/error_prone_annotations-2.2.0.jar:/home/user/.m2/repository/org/codehaus/mojo/animal-sniffer-annotations/1.17/animal-sniffer-annotations-1.17.jar:/home/user/.m2/repository/io/opencensus/opencensus-api/0.17.0/opencensus-api-0.17.0.jar:/home/user/.m2/repository/io/opencensus/opencensus-contrib-grpc-metrics/0.17.0/opencensus-contrib-grpc-metrics-0.17.0.jar:/home/user/.m2/repository/io/netty/netty-codec-http2/4.1.30.Final/netty-codec-http2-4.1.30.Final.jar:/home/user/.m2/repository/io/netty/netty-codec-http/4.1.30.Final/netty-codec-http-4.1.30.Final.jar:/home/user/.m2/repository/io/netty/netty-codec/4.1.30.Final/netty-codec-4.1.30.Final.jar:/home/user/.m2/repository/io/netty/netty-handler/4.1.30.Final/netty-handler-4.1.30.Final.jar:/home/user/.m2/repository/io/netty/netty-handler-proxy/4.1.30.Final/netty-handler-proxy-4.1.30.Final.jar:/home/user/.m2/repository/io/netty/netty-codec-socks/4.1.30.Final/netty-codec-socks-4.1.30.Final.jar:/home/user/.m2/repository/io/netty/netty-transport-native-epoll/4.1.30.Final/netty-transport-native-epoll-4.1.30.Final.jar:/home/user/.m2/repository/io/netty/netty-common/4.1.30.Final/netty-common-4.1.30.Final.jar:/home/user/.m2/repository/io/netty/netty-buffer/4.1.30.Final/netty-buffer-4.1.30.Final.jar:/home/user/.m2/repository/io/netty/netty-transport/4.1.30.Final/netty-transport-4.1.30.Final.jar:/home/user/.m2/repository/io/netty/netty-resolver/4.1.30.Final/netty-resolver-4.1.30.Final.jar:/home/user/.m2/repository/io/netty/netty-transport-native-unix-common/4.1.30.Final/netty-transport-native-unix-common-4.1.30.Final.jar:/home/user/.m2/repository/io/grpc/grpc-protobuf/1.17.1/grpc-protobuf-1.17.1.jar:/home/user/.m2/repository/com/google/api/grpc/proto-google-common-protos/1.0.0/proto-google-common-protos-1.0.0.jar:/home/user/.m2/repository/io/grpc/grpc-protobuf-lite/1.17.1/grpc-protobuf-lite-1.17.1.jar:/home/user/.m2/repository/io/grpc/grpc-stub/1.17.1/grpc-stub-1.17.1.jar:/home/user/.m2/repository/org/apache/hadoop/hadoop-ozone-recon/0.5.0-SNAPSHOT/hadoop-ozone-recon-0.5.0-SNAPSHOT.jar:/home/user/.m2/repository/org/apache/hadoop/hadoop-ozone-reconcodegen/0.5.0-SNAPSHOT/hadoop-ozone-reconcodegen-0.5.0-SNAPSHOT.jar:/home/user/.m2/repository/com/google/inject/extensions/guice-multibindings/4.0/guice-multibindings-4.0.jar:/home/user/.m2/repository/com/google/inject/guice/4.0/guice-4.0.jar:/home/user/.m2/repository/aopalliance/aopalliance/1.0/aopalliance-1.0.jar:/home/user/.m2/repository/com/google/inject/extensions/guice-servlet/4.0/guice-servlet-4.0.jar:/home/user/.m2/repository/org/glassfish/jersey/containers/jersey-container-servlet/2.27/jersey-container-servlet-2.27.jar:/home/user/.m2/repository/org/glassfish/hk2/guice-bridge/2.5.0/guice-bridge-2.5.0.jar:/home/user/.m2/repository/org/glassfish/jersey/core/jersey-server/2.27/jersey-server-2.27.jar:/home/user/.m2/repository/org/glassfish/jersey/core/jersey-client/2.27/jersey-client-2.27.jar:/home/user/.m2/repository/org/glassfish/jersey/media/jersey-media-jaxb/2.27/jersey-media-jaxb-2.27.jar:/home/user/.m2/repository/javax/validation/validation-api/1.1.0.Final/validation-api-1.1.0.Final.jar:/home/user/.m2/repository/org/glassfish/jersey/media/jersey-media-json-jackson/2.27/jersey-media-json-jackson-2.27.jar:/home/user/.m2/repository/org/glassfish/jersey/ext/jersey-entity-filtering/2.27/jersey-entity-filtering-2.27.jar:/home/user/.m2/repository/com/google/inject/extensions/guice-assistedinject/4.0/guice-assistedinject-4.0.jar:/home/user/.m2/repository/org/jooq/jooq/3.11.10/jooq-3.11.10.jar:/home/user/.m2/repository/org/jooq/jooq-meta/3.11.10/jooq-meta-3.11.10.jar:/home/user/.m2/repository/org/jooq/jooq-codegen/3.11.10/jooq-codegen-3.11.10.jar:/home/user/.m2/repository/com/jolbox/bonecp/0.8.0.RELEASE/bonecp-0.8.0.RELEASE.jar:/home/user/.m2/repository/org/xerial/sqlite-jdbc/3.25.2/sqlite-jdbc-3.25.2.jar:/home/user/.m2/repository/org/springframework/spring-jdbc/5.1.3.RELEASE/spring-jdbc-5.1.3.RELEASE.jar:/home/user/.m2/repository/org/springframework/spring-beans/5.1.3.RELEASE/spring-beans-5.1.3.RELEASE.jar:/home/user/.m2/repository/org/springframework/spring-core/5.1.3.RELEASE/spring-core-5.1.3.RELEASE.jar:/home/user/.m2/repository/org/springframework/spring-jcl/5.1.3.RELEASE/spring-jcl-5.1.3.RELEASE.jar:/home/user/.m2/repository/org/springframework/spring-tx/5.1.3.RELEASE/spring-tx-5.1.3.RELEASE.jar:/home/user/.m2/repository/org/apache/hadoop/hadoop-ozone-client/0.5.0-SNAPSHOT/hadoop-ozone-client-0.5.0-SNAPSHOT.jar:/home/user/.m2/repository/commons-lang/commons-lang/2.6/commons-lang-2.6.jar:/home/user/.m2/repository/org/apache/hadoop/hadoop-ozone-ozone-manager/0.5.0-SNAPSHOT/hadoop-ozone-ozone-manager-0.5.0-SNAPSHOT-tests.jar:/home/user/.m2/repository/junit/junit/4.11/junit-4.11.jar:/home/user/.m2/repository/org/hamcrest/hamcrest-core/1.3/hamcrest-core-1.3.jar:/home/user/.m2/repository/org/openjdk/jmh/jmh-core/1.19/jmh-core-1.19.jar:/home/user/.m2/repository/net/sf/jopt-simple/jopt-simple/4.6/jopt-simple-4.6.jar:/home/user/.m2/repository/org/apache/commons/commons-math3/3.1.1/commons-math3-3.1.1.jar:/home/user/.m2/repository/org/openjdk/jmh/jmh-generator-annprocess/1.19/jmh-generator-annprocess-1.19.jar:/home/user/.m2/repository/org/mockito/mockito-all/1.8.5/mockito-all-1.8.5.jar:/home/user/.m2/repository/org/apache/hadoop/hadoop-kms/3.2.0/hadoop-kms-3.2.0.jar:/home/user/.m2/repository/org/apache/hadoop/hadoop-auth/3.2.0/hadoop-auth-3.2.0.jar:/home/user/.m2/repository/com/nimbusds/nimbus-jose-jwt/4.41.1/nimbus-jose-jwt-4.41.1.jar:/home/user/.m2/repository/com/github/stephenc/jcip/jcip-annotations/1.0-1/jcip-annotations-1.0-1.jar:/home/user/.m2/repository/net/minidev/json-smart/2.3/json-smart-2.3.jar:/home/user/.m2/repository/net/minidev/accessors-smart/1.2/accessors-smart-1.2.jar:/home/user/.m2/repository/org/ow2/asm/asm/5.0.4/asm-5.0.4.jar:/home/user/.m2/repository/org/apache/curator/curator-framework/2.12.0/curator-framework-2.12.0.jar:/home/user/.m2/repository/com/sun/jersey/jersey-core/1.19/jersey-core-1.19.jar:/home/user/.m2/repository/javax/ws/rs/jsr311-api/1.1.1/jsr311-api-1.1.1.jar:/home/user/.m2/repository/com/sun/jersey/jersey-server/1.19/jersey-server-1.19.jar:/home/user/.m2/repository/javax/servlet/javax.servlet-api/3.1.0/javax.servlet-api-3.1.0.jar:/home/user/.m2/repository/org/eclipse/jetty/jetty-server/9.3.25.v20180904/jetty-server-9.3.25.v20180904.jar:/home/user/.m2/repository/org/eclipse/jetty/jetty-http/9.3.25.v20180904/jetty-http-9.3.25.v20180904.jar:/home/user/.m2/repository/org/eclipse/jetty/jetty-io/9.3.25.v20180904/jetty-io-9.3.25.v20180904.jar:/home/user/.m2/repository/org/eclipse/jetty/jetty-webapp/9.3.25.v20180904/jetty-webapp-9.3.25.v20180904.jar:/home/user/.m2/repository/org/eclipse/jetty/jetty-xml/9.3.25.v20180904/jetty-xml-9.3.25.v20180904.jar:/home/user/.m2/repository/log4j/log4j/1.2.17/log4j-1.2.17.jar:/home/user/.m2/repository/org/slf4j/slf4j-api/1.7.25/slf4j-api-1.7.25.jar:/home/user/.m2/repository/org/slf4j/jul-to-slf4j/1.7.25/jul-to-slf4j-1.7.25.jar:/home/user/.m2/repository/org/eclipse/jetty/jetty-util/9.3.25.v20180904/jetty-util-9.3.25.v20180904.jar:/home/user/.m2/repository/com/fasterxml/jackson/core/jackson-databind/2.9.9/jackson-databind-2.9.9.jar:/home/user/.m2/repository/org/apache/hadoop/hadoop-kms/3.2.0/hadoop-kms-3.2.0-tests.jar:/home/user/.m2/repository/org/apache/hadoop/hadoop-hdds-server-scm/0.5.0-SNAPSHOT/hadoop-hdds-server-scm-0.5.0-SNAPSHOT-tests.jar:/home/user/.m2/repository/org/apache/hadoop/hadoop-hdds-container-service/0.5.0-SNAPSHOT/hadoop-hdds-container-service-0.5.0-SNAPSHOT-tests.jar:/home/user/.m2/repository/org/yaml/snakeyaml/1.16/snakeyaml-1.16.jar:/home/user/.m2/repository/org/apache/hadoop/hadoop-common/3.2.0/hadoop-common-3.2.0-tests.jar:/home/user/.m2/repository/org/apache/hadoop/hadoop-annotations/3.2.0/hadoop-annotations-3.2.0.jar:/usr/lib/jvm/java-1.8-openjdk/jre/../lib/tools.jar:/home/user/.m2/repository/commons-cli/commons-cli/1.2/commons-cli-1.2.jar:/home/user/.m2/repository/org/apache/httpcomponents/httpclient/4.5.2/httpclient-4.5.2.jar:/home/user/.m2/repository/org/apache/httpcomponents/httpcore/4.4.4/httpcore-4.4.4.jar:/home/user/.m2/repository/commons-codec/commons-codec/1.11/commons-codec-1.11.jar:/home/user/.m2/repository/commons-net/commons-net/3.6/commons-net-3.6.jar:/home/user/.m2/repository/commons-collections/commons-collections/3.2.2/commons-collections-3.2.2.jar:/home/user/.m2/repository/org/eclipse/jetty/jetty-servlet/9.3.25.v20180904/jetty-servlet-9.3.25.v20180904.jar:/home/user/.m2/repository/org/eclipse/jetty/jetty-security/9.3.25.v20180904/jetty-security-9.3.25.v20180904.jar:/home/user/.m2/repository/javax/servlet/jsp/jsp-api/2.1/jsp-api-2.1.jar:/home/user/.m2/repository/com/sun/jersey/jersey-servlet/1.19/jersey-servlet-1.19.jar:/home/user/.m2/repository/com/sun/jersey/jersey-json/1.19/jersey-json-1.19.jar:/home/user/.m2/repository/org/codehaus/jettison/jettison/1.1/jettison-1.1.jar:/home/user/.m2/repository/org/codehaus/jackson/jackson-core-asl/1.9.13/jackson-core-asl-1.9.13.jar:/home/user/.m2/repository/org/codehaus/jackson/jackson-mapper-asl/1.9.13/jackson-mapper-asl-1.9.13.jar:/home/user/.m2/repository/org/codehaus/jackson/jackson-jaxrs/1.9.13/jackson-jaxrs-1.9.13.jar:/home/user/.m2/repository/org/codehaus/jackson/jackson-xc/1.9.13/jackson-xc-1.9.13.jar:/home/user/.m2/repository/commons-logging/commons-logging/1.1.3/commons-logging-1.1.3.jar:/home/user/.m2/repository/commons-beanutils/commons-beanutils/1.9.4/commons-beanutils-1.9.4.jar:/home/user/.m2/repository/org/apache/commons/commons-configuration2/2.1.1/commons-configuration2-2.1.1.jar:/home/user/.m2/repository/org/apache/commons/commons-lang3/3.7/commons-lang3-3.7.jar:/home/user/.m2/repository/org/apache/commons/commons-text/1.4/commons-text-1.4.jar:/home/user/.m2/repository/org/apache/avro/avro/1.7.7/avro-1.7.7.jar:/home/user/.m2/repository/com/thoughtworks/paranamer/paranamer/2.3/paranamer-2.3.jar:/home/user/.m2/repository/org/xerial/snappy/snappy-java/1.0.5/snappy-java-1.0.5.jar:/home/user/.m2/repository/com/google/re2j/re2j/1.1/re2j-1.1.jar:/home/user/.m2/repository/com/google/code/gson/gson/2.2.4/gson-2.2.4.jar:/home/user/.m2/repository/com/jcraft/jsch/0.1.54/jsch-0.1.54.jar:/home/user/.m2/repository/org/apache/curator/curator-client/2.12.0/curator-client-2.12.0.jar:/home/user/.m2/repository/org/apache/curator/curator-recipes/2.12.0/curator-recipes-2.12.0.jar:/home/user/.m2/repository/com/google/code/findbugs/jsr305/3.0.0/jsr305-3.0.0.jar:/home/user/.m2/repository/org/apache/htrace/htrace-core4/4.1.0-incubating/htrace-core4-4.1.0-incubating.jar:/home/user/.m2/repository/org/apache/zookeeper/zookeeper/3.4.13/zookeeper-3.4.13.jar:/home/user/.m2/repository/jline/jline/0.9.94/jline-0.9.94.jar:/home/user/.m2/repository/org/apache/yetus/audience-annotations/0.5.0/audience-annotations-0.5.0.jar:/home/user/.m2/repository/org/codehaus/woodstox/stax2-api/3.1.4/stax2-api-3.1.4.jar:/home/user/.m2/repository/com/fasterxml/woodstox/woodstox-core/5.0.3/woodstox-core-5.0.3.jar:/home/user/.m2/repository/dnsjava/dnsjava/2.1.7/dnsjava-2.1.7.jar:/home/user/.m2/repository/org/apache/hadoop/hadoop-hdfs/3.2.0/hadoop-hdfs-3.2.0-tests.jar:/home/user/.m2/repository/org/eclipse/jetty/jetty-util-ajax/9.3.25.v20180904/jetty-util-ajax-9.3.25.v20180904.jar:/home/user/.m2/repository/commons-daemon/commons-daemon/1.0.13/commons-daemon-1.0.13.jar:/home/user/.m2/repository/io/netty/netty/3.10.5.Final/netty-3.10.5.Final.jar:/home/user/.m2/repository/io/netty/netty-all/4.0.52.Final/netty-all-4.0.52.Final.jar:/home/user/.m2/repository/org/fusesource/leveldbjni/leveldbjni-all/1.8/leveldbjni-all-1.8.jar:"/>
    <property name="sun.cpu.endian" value="little"/>
    <property name="user.home" value="/home/user"/>
    <property name="user.language" value="en"/>
    <property name="java.specification.vendor" value="Oracle Corporation"/>
    <property name="java.home" value="/usr/lib/jvm/java-1.8-openjdk/jre"/>
    <property name="surefire.excludesFile" value="/tools/ozone-bad-unit-tests"/>
    <property name="java.security.krb5.conf" value="/workdir/hadoop-ozone/integration-test/target/test-classes/krb5.conf"/>
    <property name="basedir" value="/workdir/hadoop-ozone/integration-test"/>
    <property name="file.separator" value="/"/>
    <property name="line.separator" value="&#10;"/>
    <property name="java.vm.specification.vendor" value="Oracle Corporation"/>
    <property name="java.specification.name" value="Java Platform API Specification"/>
    <property name="java.awt.graphicsenv" value="sun.awt.X11GraphicsEnvironment"/>
    <property name="surefire.real.class.path" value="/workdir/hadoop-ozone/integration-test/target/surefire/surefirebooter6950370178276354923.jar"/>
    <property name="hadoop.log.dir" value="/workdir/hadoop-ozone/integration-test/target/log"/>
    <property name="sun.boot.class.path" value="/usr/lib/jvm/java-1.8-openjdk/jre/lib/resources.jar:/usr/lib/jvm/java-1.8-openjdk/jre/lib/rt.jar:/usr/lib/jvm/java-1.8-openjdk/jre/lib/sunrsasign.jar:/usr/lib/jvm/java-1.8-openjdk/jre/lib/jsse.jar:/usr/lib/jvm/java-1.8-openjdk/jre/lib/jce.jar:/usr/lib/jvm/java-1.8-openjdk/jre/lib/charsets.jar:/usr/lib/jvm/java-1.8-openjdk/jre/lib/jfr.jar:/usr/lib/jvm/java-1.8-openjdk/jre/classes"/>
    <property name="sun.management.compiler" value="HotSpot 64-Bit Tiered Compilers"/>
    <property name="java.runtime.version" value="1.8.0_212-b04"/>
    <property name="java.net.preferIPv4Stack" value="true"/>
    <property name="user.name" value="jenkins1000"/>
    <property name="path.separator" value=":"/>
    <property name="java.security.egd" value="file:///dev/urandom"/>
    <property name="os.version" value="3.10.0-957.12.2.el7.x86_64"/>
    <property name="java.endorsed.dirs" value="/usr/lib/jvm/java-1.8-openjdk/jre/lib/endorsed"/>
    <property name="java.runtime.name" value="OpenJDK Runtime Environment"/>
    <property name="file.encoding" value="UTF-8"/>
    <property name="java.vm.name" value="OpenJDK 64-Bit Server VM"/>
    <property name="test.build.webapps" value=""/>
    <property name="localRepository" value="/home/user/.m2/repository"/>
    <property name="java.vendor.url.bug" value="https://icedtea.classpath.org/bugzilla"/>
    <property name="java.io.tmpdir" value="/tmp"/>
    <property name="require.test.libhadoop" value=""/>
    <property name="java.version" value="1.8.0_212"/>
    <property name="user.dir" value="/workdir/hadoop-ozone/integration-test"/>
    <property name="os.arch" value="amd64"/>
    <property name="java.vm.specification.name" value="Java Virtual Machine Specification"/>
    <property name="test.build.classes" value="/workdir/hadoop-ozone/integration-test/target/test-classes"/>
    <property name="java.awt.printerjob" value="sun.print.PSPrinterJob"/>
    <property name="sun.os.patch.level" value="unknown"/>
    <property name="hadoop.tmp.dir" value="/workdir/hadoop-ozone/integration-test/target/tmp"/>
    <property name="java.library.path" value="/usr/lib/jvm/java-1.8-openjdk/jre/lib/amd64/server:/usr/lib/jvm/java-1.8-openjdk/jre/lib/amd64:/usr/lib/jvm/java-1.8-openjdk/jre/../lib/amd64:/workdir/hadoop-ozone/integration-test/target/native/target/usr/local/lib:/workdir/hadoop-ozone/integration-test/../../hadoop-common-project/hadoop-common/target/native/target/usr/local/lib:/usr/java/packages/lib/amd64:/usr/lib64:/lib64:/lib:/usr/lib"/>
    <property name="java.vm.info" value="mixed mode"/>
    <property name="java.vendor" value="IcedTea"/>
    <property name="java.vm.version" value="25.212-b04"/>
    <property name="java.ext.dirs" value="/usr/lib/jvm/java-1.8-openjdk/jre/lib/ext:/usr/java/packages/lib/ext"/>
    <property name="sun.io.unicode.encoding" value="UnicodeLittle"/>
    <property name="java.class.version" value="52.0"/>
  </properties>
  <testcase name="testWatchForCommitWithKeyWrite" classname="org.apache.hadoop.ozone.client.rpc.TestWatchForCommit" time="60.113"/>
  <testcase name="testWatchForCommitWithSmallerTimeoutValue" classname="org.apache.hadoop.ozone.client.rpc.TestWatchForCommit" time="43.194"/>
  <testcase name="testWatchForCommitForRetryfailure" classname="org.apache.hadoop.ozone.client.rpc.TestWatchForCommit" time="61.542">
    <failure type="java.lang.AssertionError">java.lang.AssertionError
	at org.junit.Assert.fail(Assert.java:86)
	at org.junit.Assert.assertTrue(Assert.java:41)
	at org.junit.Assert.assertTrue(Assert.java:52)
	at org.apache.hadoop.ozone.client.rpc.TestWatchForCommit.testWatchForCommitForRetryfailure(TestWatchForCommit.java:348)
	at sun.reflect.NativeMethodAccessorImpl.invoke0(Native Method)
	at sun.reflect.NativeMethodAccessorImpl.invoke(NativeMethodAccessorImpl.java:62)
	at sun.reflect.DelegatingMethodAccessorImpl.invoke(DelegatingMethodAccessorImpl.java:43)
	at java.lang.reflect.Method.invoke(Method.java:498)
	at org.junit.runners.model.FrameworkMethod$1.runReflectiveCall(FrameworkMethod.java:47)
	at org.junit.internal.runners.model.ReflectiveCallable.run(ReflectiveCallable.java:12)
	at org.junit.runners.model.FrameworkMethod.invokeExplosively(FrameworkMethod.java:44)
	at org.junit.internal.runners.statements.InvokeMethod.evaluate(InvokeMethod.java:17)
	at org.junit.runners.ParentRunner.runLeaf(ParentRunner.java:271)
	at org.junit.runners.BlockJUnit4ClassRunner.runChild(BlockJUnit4ClassRunner.java:70)
	at org.junit.runners.BlockJUnit4ClassRunner.runChild(BlockJUnit4ClassRunner.java:50)
	at org.junit.runners.ParentRunner$3.run(ParentRunner.java:238)
	at org.junit.runners.ParentRunner$1.schedule(ParentRunner.java:63)
	at org.junit.runners.ParentRunner.runChildren(ParentRunner.java:236)
	at org.junit.runners.ParentRunner.access$000(ParentRunner.java:53)
	at org.junit.runners.ParentRunner$2.evaluate(ParentRunner.java:229)
	at org.junit.runners.ParentRunner.run(ParentRunner.java:309)
	at org.apache.maven.surefire.junit4.JUnit4Provider.execute(JUnit4Provider.java:365)
	at org.apache.maven.surefire.junit4.JUnit4Provider.executeWithRerun(JUnit4Provider.java:273)
	at org.apache.maven.surefire.junit4.JUnit4Provider.executeTestSet(JUnit4Provider.java:238)
	at org.apache.maven.surefire.junit4.JUnit4Provider.invoke(JUnit4Provider.java:159)
	at org.apache.maven.surefire.booter.ForkedBooter.invokeProviderInSameClassLoader(ForkedBooter.java:384)
	at org.apache.maven.surefire.booter.ForkedBooter.runSuitesInProcess(ForkedBooter.java:345)
	at org.apache.maven.surefire.booter.ForkedBooter.execute(ForkedBooter.java:126)
	at org.apache.maven.surefire.booter.ForkedBooter.main(ForkedBooter.java:418)
</failure>
    <system-out><![CDATA[2019-10-06 12:26:57,292 [main] WARN  server.ServerUtils (ServerUtils.java:getScmDbDir(145)) - ozone.scm.db.dirs is not configured. We recommend adding this setting. Falling back to ozone.metadata.dirs instead.
2019-10-06 12:26:57,308 [main] WARN  server.ServerUtils (ServerUtils.java:getScmDbDir(145)) - ozone.scm.db.dirs is not configured. We recommend adding this setting. Falling back to ozone.metadata.dirs instead.
2019-10-06 12:26:57,308 [main] WARN  server.ServerUtils (ServerUtils.java:getScmDbDir(145)) - ozone.scm.db.dirs is not configured. We recommend adding this setting. Falling back to ozone.metadata.dirs instead.
2019-10-06 12:26:57,309 [main] INFO  db.DBStoreBuilder (DBStoreBuilder.java:addTable(117)) - using custom profile for table: deletedBlocks
2019-10-06 12:26:57,309 [main] INFO  db.DBStoreBuilder (DBStoreBuilder.java:processTables(168)) - Using default column profile:DBProfile.DISK for Table:deletedBlocks
2019-10-06 12:26:57,309 [main] INFO  db.DBStoreBuilder (DBStoreBuilder.java:addTable(117)) - using custom profile for table: validCerts
2019-10-06 12:26:57,310 [main] INFO  db.DBStoreBuilder (DBStoreBuilder.java:processTables(168)) - Using default column profile:DBProfile.DISK for Table:validCerts
2019-10-06 12:26:57,310 [main] INFO  db.DBStoreBuilder (DBStoreBuilder.java:addTable(117)) - using custom profile for table: revokedCerts
2019-10-06 12:26:57,310 [main] INFO  db.DBStoreBuilder (DBStoreBuilder.java:processTables(168)) - Using default column profile:DBProfile.DISK for Table:revokedCerts
2019-10-06 12:26:57,310 [main] INFO  db.DBStoreBuilder (DBStoreBuilder.java:addTable(117)) - using custom profile for table: default
2019-10-06 12:26:57,311 [main] INFO  db.DBStoreBuilder (DBStoreBuilder.java:processTables(174)) - Using default column profile:DBProfile.DISK for Table:default
2019-10-06 12:26:57,311 [main] INFO  db.DBStoreBuilder (DBStoreBuilder.java:getDbProfile(205)) - Using default options. DBProfile.DISK
2019-10-06 12:26:57,521 [main] INFO  net.NodeSchemaLoader (NodeSchemaLoader.java:loadSchemaFromFile(125)) - Loading file from sun.misc.CompoundEnumeration@17229821
2019-10-06 12:26:57,522 [main] INFO  net.NodeSchemaLoader (NodeSchemaLoader.java:loadSchema(171)) - Loading network topology layer schema file
2019-10-06 12:26:57,528 [main] WARN  server.ServerUtils (ServerUtils.java:sanitizeUserArgs(70)) - ozone.scm.stale.node.interval value = 300000 is larger than max = 100000 based on the key value of ozone.scm.heartbeat.thread.interval, reset to the max value 100000.
2019-10-06 12:26:57,528 [main] WARN  server.ServerUtils (ServerUtils.java:sanitizeUserArgs(70)) - ozone.scm.stale.node.interval value = 300000 is larger than max = 100000 based on the key value of ozone.scm.heartbeat.thread.interval, reset to the max value 100000.
2019-10-06 12:26:57,528 [main] INFO  node.SCMNodeManager (SCMNodeManager.java:<init>(116)) - Entering startup safe mode.
2019-10-06 12:26:57,529 [main] INFO  algorithms.ContainerPlacementPolicyFactory (ContainerPlacementPolicyFactory.java:getPolicy(57)) - Create container placement policy of type org.apache.hadoop.hdds.scm.container.placement.algorithms.SCMContainerPlacementRandom
2019-10-06 12:26:57,530 [main] WARN  server.ServerUtils (ServerUtils.java:getScmDbDir(145)) - ozone.scm.db.dirs is not configured. We recommend adding this setting. Falling back to ozone.metadata.dirs instead.
2019-10-06 12:26:57,581 [main] INFO  pipeline.SCMPipelineManager (SCMPipelineManager.java:initializePipelineState(132)) - No pipeline exists in current db
2019-10-06 12:26:57,582 [main] WARN  server.ServerUtils (ServerUtils.java:getScmDbDir(145)) - ozone.scm.db.dirs is not configured. We recommend adding this setting. Falling back to ozone.metadata.dirs instead.
2019-10-06 12:26:57,663 [main] WARN  events.EventQueue (EventQueue.java:fireEvent(183)) - No event handler registered for event TypedEvent{payloadType=SafeModeStatus, name='SafeModeStatus'}
2019-10-06 12:26:57,664 [main] INFO  ipc.CallQueueManager (CallQueueManager.java:<init>(84)) - Using callQueue: class java.util.concurrent.LinkedBlockingQueue, queueCapacity: 2000, scheduler: class org.apache.hadoop.ipc.DefaultRpcScheduler, ipcBackoff: false.
2019-10-06 12:26:57,666 [Socket Reader #1 for port 36117] INFO  ipc.Server (Server.java:run(1074)) - Starting Socket Reader #1 for port 36117
2019-10-06 12:26:57,668 [main] INFO  ipc.CallQueueManager (CallQueueManager.java:<init>(84)) - Using callQueue: class java.util.concurrent.LinkedBlockingQueue, queueCapacity: 2000, scheduler: class org.apache.hadoop.ipc.DefaultRpcScheduler, ipcBackoff: false.
2019-10-06 12:26:57,669 [Socket Reader #1 for port 36823] INFO  ipc.Server (Server.java:run(1074)) - Starting Socket Reader #1 for port 36823
2019-10-06 12:26:57,671 [main] INFO  ipc.CallQueueManager (CallQueueManager.java:<init>(84)) - Using callQueue: class java.util.concurrent.LinkedBlockingQueue, queueCapacity: 2000, scheduler: class org.apache.hadoop.ipc.DefaultRpcScheduler, ipcBackoff: false.
2019-10-06 12:26:57,672 [Socket Reader #1 for port 41522] INFO  ipc.Server (Server.java:run(1074)) - Starting Socket Reader #1 for port 41522
2019-10-06 12:26:57,675 [main] INFO  hdfs.DFSUtil (DFSUtil.java:httpServerTemplateForNNAndJN(1641)) - Starting Web-server for scm at: http://0.0.0.0:0
2019-10-06 12:26:57,678 [main] INFO  server.AuthenticationFilter (AuthenticationFilter.java:constructSecretProvider(240)) - Unable to initialize FileSignerSecretProvider, falling back to use random secrets.
2019-10-06 12:26:57,679 [main] WARN  http.HttpRequestLog (HttpRequestLog.java:getRequestLog(97)) - Jetty request log can only be enabled using Log4j
2019-10-06 12:26:57,682 [main] INFO  http.HttpServer2 (HttpServer2.java:addGlobalFilter(975)) - Added global filter 'safety' (class=org.apache.hadoop.http.HttpServer2$QuotingInputFilter)
2019-10-06 12:26:57,683 [main] INFO  http.HttpServer2 (HttpServer2.java:addFilter(948)) - Added filter static_user_filter (class=org.apache.hadoop.http.lib.StaticUserWebFilter$StaticUserFilter) to context scm
2019-10-06 12:26:57,683 [main] INFO  http.HttpServer2 (HttpServer2.java:addFilter(958)) - Added filter static_user_filter (class=org.apache.hadoop.http.lib.StaticUserWebFilter$StaticUserFilter) to context logs
2019-10-06 12:26:57,683 [main] INFO  http.HttpServer2 (HttpServer2.java:addFilter(958)) - Added filter static_user_filter (class=org.apache.hadoop.http.lib.StaticUserWebFilter$StaticUserFilter) to context static
2019-10-06 12:26:57,686 [main] INFO  server.StorageContainerManager (StorageContainerManager.java:start(770)) - StorageContainerLocationProtocol RPC server is listening at /0.0.0.0:41522
2019-10-06 12:26:57,689 [main] WARN  impl.MetricsConfig (MetricsConfig.java:loadFirst(134)) - Cannot locate configuration: tried hadoop-metrics2-storagecontainermanager.properties,hadoop-metrics2.properties
2019-10-06 12:26:57,690 [main] INFO  impl.MetricsSystemImpl (MetricsSystemImpl.java:startTimer(374)) - Scheduled Metric snapshot period at 10 second(s).
2019-10-06 12:26:57,690 [main] INFO  impl.MetricsSystemImpl (MetricsSystemImpl.java:start(191)) - StorageContainerManager metrics system started
2019-10-06 12:26:57,763 [main] INFO  lib.Interns (Interns.java:removeEldestEntry(50)) - Metrics intern cache overflow at 2011 for MetricsSystem={MetricsSystem=MetricsInfoImpl{name=MetricsSystem, description=MetricsSystem}, MetricsSystem record=MetricsInfoImpl{name=MetricsSystem, description=MetricsSystem record}}
2019-10-06 12:26:57,783 [main] WARN  impl.MetricsSystemImpl (MetricsSystemImpl.java:register(276)) - Sink prometheus already exists!
2019-10-06 12:26:57,795 [main] INFO  server.SCMClientProtocolServer (SCMClientProtocolServer.java:start(159)) - RPC server for Client  is listening at /0.0.0.0:41522
2019-10-06 12:26:57,795 [IPC Server Responder] INFO  ipc.Server (Server.java:run(1314)) - IPC Server Responder: starting
2019-10-06 12:26:57,796 [IPC Server listener on 41522] INFO  ipc.Server (Server.java:run(1153)) - IPC Server listener on 41522: starting
2019-10-06 12:26:57,801 [main] INFO  server.StorageContainerManager (StorageContainerManager.java:start(780)) - ScmBlockLocationProtocol RPC server is listening at /0.0.0.0:36823
2019-10-06 12:26:57,801 [main] INFO  server.SCMBlockProtocolServer (SCMBlockProtocolServer.java:start(146)) - RPC server for Block Protocol is listening at /0.0.0.0:36823
2019-10-06 12:26:57,802 [IPC Server Responder] INFO  ipc.Server (Server.java:run(1314)) - IPC Server Responder: starting
2019-10-06 12:26:57,802 [IPC Server listener on 36823] INFO  ipc.Server (Server.java:run(1153)) - IPC Server listener on 36823: starting
2019-10-06 12:26:57,806 [main] INFO  server.StorageContainerManager (StorageContainerManager.java:start(784)) - ScmDatanodeProtocl RPC server is listening at /0.0.0.0:36117
2019-10-06 12:26:57,807 [main] INFO  server.SCMDatanodeProtocolServer (SCMDatanodeProtocolServer.java:start(169)) - RPC server for DataNodes is listening at /0.0.0.0:36117
2019-10-06 12:26:57,807 [IPC Server Responder] INFO  ipc.Server (Server.java:run(1314)) - IPC Server Responder: starting
2019-10-06 12:26:57,808 [IPC Server listener on 36117] INFO  ipc.Server (Server.java:run(1153)) - IPC Server listener on 36117: starting
2019-10-06 12:26:57,812 [main] INFO  http.HttpServer2 (HttpServer2.java:bindListener(1191)) - Jetty bound to port 46337
2019-10-06 12:26:57,813 [main] INFO  server.Server (Server.java:doStart(351)) - jetty-9.3.25.v20180904, build timestamp: 2018-09-04T21:11:46Z, git hash: 3ce520221d0240229c862b122d2b06c12a625732
2019-10-06 12:26:57,815 [main] INFO  handler.ContextHandler (ContextHandler.java:doStart(781)) - Started o.e.j.s.ServletContextHandler@a7cf42f{/logs,file:///workdir/hadoop-ozone/integration-test/target/log,AVAILABLE}
2019-10-06 12:26:57,815 [main] INFO  handler.ContextHandler (ContextHandler.java:doStart(781)) - Started o.e.j.s.ServletContextHandler@28e0e464{/static,file:///workdir/hadoop-ozone/integration-test/target/test-classes/webapps/static,AVAILABLE}
2019-10-06 12:26:57,820 [main] INFO  handler.ContextHandler (ContextHandler.java:doStart(781)) - Started o.e.j.w.WebAppContext@706ddbc8{/,file:///workdir/hadoop-ozone/integration-test/target/test-classes/webapps/scm/,AVAILABLE}{/scm}
2019-10-06 12:26:57,821 [main] INFO  server.AbstractConnector (AbstractConnector.java:doStart(278)) - Started ServerConnector@fd09e43{HTTP/1.1,[http/1.1]}{0.0.0.0:46337}
2019-10-06 12:26:57,822 [main] INFO  server.Server (Server.java:doStart(419)) - Started @104257ms
2019-10-06 12:26:57,822 [main] WARN  impl.MetricsSystemImpl (MetricsSystemImpl.java:register(276)) - Sink prometheus already exists!
2019-10-06 12:26:57,824 [main] INFO  server.BaseHttpServer (BaseHttpServer.java:updateConnectorAddress(215)) - HTTP server of SCM is listening at http://0.0.0.0:46337
2019-10-06 12:26:57,825 [main] WARN  server.ServerUtils (ServerUtils.java:getDBPath(222)) - ozone.om.db.dirs is not configured. We recommend adding this setting. Falling back to ozone.metadata.dirs instead.
2019-10-06 12:26:57,825 [org.apache.hadoop.util.JvmPauseMonitor$Monitor@7ebe2e47] INFO  util.JvmPauseMonitor (JvmPauseMonitor.java:run(188)) - Starting JVM pause monitor
2019-10-06 12:26:57,839 [main] INFO  ha.OMHANodeDetails (OMHANodeDetails.java:loadOMHAConfig(190)) - Configuration either no ozone.om.address set. Falling back to the default OM address /127.0.0.1:0
2019-10-06 12:26:57,839 [main] INFO  ha.OMHANodeDetails (OMHANodeDetails.java:getOMNodeDetails(220)) - OM Service ID is not set. Setting it to the default ID: omServiceIdDefault
2019-10-06 12:26:57,839 [main] WARN  server.ServerUtils (ServerUtils.java:getDBPath(222)) - ozone.om.db.dirs is not configured. We recommend adding this setting. Falling back to ozone.metadata.dirs instead.
2019-10-06 12:26:57,840 [main] WARN  server.ServerUtils (ServerUtils.java:getDBPath(222)) - ozone.om.db.dirs is not configured. We recommend adding this setting. Falling back to ozone.metadata.dirs instead.
2019-10-06 12:26:57,849 [main] WARN  server.ServerUtils (ServerUtils.java:getDBPath(222)) - ozone.om.db.dirs is not configured. We recommend adding this setting. Falling back to ozone.metadata.dirs instead.
2019-10-06 12:26:57,850 [main] INFO  db.DBStoreBuilder (DBStoreBuilder.java:addTable(117)) - using custom profile for table: userTable
2019-10-06 12:26:57,850 [main] INFO  db.DBStoreBuilder (DBStoreBuilder.java:processTables(168)) - Using default column profile:DBProfile.DISK for Table:userTable
2019-10-06 12:26:57,850 [main] INFO  db.DBStoreBuilder (DBStoreBuilder.java:addTable(117)) - using custom profile for table: volumeTable
2019-10-06 12:26:57,850 [main] INFO  db.DBStoreBuilder (DBStoreBuilder.java:processTables(168)) - Using default column profile:DBProfile.DISK for Table:volumeTable
2019-10-06 12:26:57,850 [main] INFO  db.DBStoreBuilder (DBStoreBuilder.java:addTable(117)) - using custom profile for table: bucketTable
2019-10-06 12:26:57,851 [main] INFO  db.DBStoreBuilder (DBStoreBuilder.java:processTables(168)) - Using default column profile:DBProfile.DISK for Table:bucketTable
2019-10-06 12:26:57,851 [main] INFO  db.DBStoreBuilder (DBStoreBuilder.java:addTable(117)) - using custom profile for table: keyTable
2019-10-06 12:26:57,851 [main] INFO  db.DBStoreBuilder (DBStoreBuilder.java:processTables(168)) - Using default column profile:DBProfile.DISK for Table:keyTable
2019-10-06 12:26:57,851 [main] INFO  db.DBStoreBuilder (DBStoreBuilder.java:addTable(117)) - using custom profile for table: deletedTable
2019-10-06 12:26:57,851 [main] INFO  db.DBStoreBuilder (DBStoreBuilder.java:processTables(168)) - Using default column profile:DBProfile.DISK for Table:deletedTable
2019-10-06 12:26:57,852 [main] INFO  db.DBStoreBuilder (DBStoreBuilder.java:addTable(117)) - using custom profile for table: openKeyTable
2019-10-06 12:26:57,852 [main] INFO  db.DBStoreBuilder (DBStoreBuilder.java:processTables(168)) - Using default column profile:DBProfile.DISK for Table:openKeyTable
2019-10-06 12:26:57,852 [main] INFO  db.DBStoreBuilder (DBStoreBuilder.java:addTable(117)) - using custom profile for table: s3Table
2019-10-06 12:26:57,852 [main] INFO  db.DBStoreBuilder (DBStoreBuilder.java:processTables(168)) - Using default column profile:DBProfile.DISK for Table:s3Table
2019-10-06 12:26:57,852 [main] INFO  db.DBStoreBuilder (DBStoreBuilder.java:addTable(117)) - using custom profile for table: multipartInfoTable
2019-10-06 12:26:57,853 [main] INFO  db.DBStoreBuilder (DBStoreBuilder.java:processTables(168)) - Using default column profile:DBProfile.DISK for Table:multipartInfoTable
2019-10-06 12:26:57,853 [main] INFO  db.DBStoreBuilder (DBStoreBuilder.java:addTable(117)) - using custom profile for table: dTokenTable
2019-10-06 12:26:57,853 [main] INFO  db.DBStoreBuilder (DBStoreBuilder.java:processTables(168)) - Using default column profile:DBProfile.DISK for Table:dTokenTable
2019-10-06 12:26:57,853 [main] INFO  db.DBStoreBuilder (DBStoreBuilder.java:addTable(117)) - using custom profile for table: s3SecretTable
2019-10-06 12:26:57,853 [main] INFO  db.DBStoreBuilder (DBStoreBuilder.java:processTables(168)) - Using default column profile:DBProfile.DISK for Table:s3SecretTable
2019-10-06 12:26:57,853 [main] INFO  db.DBStoreBuilder (DBStoreBuilder.java:addTable(117)) - using custom profile for table: prefixTable
2019-10-06 12:26:57,854 [main] INFO  db.DBStoreBuilder (DBStoreBuilder.java:processTables(168)) - Using default column profile:DBProfile.DISK for Table:prefixTable
2019-10-06 12:26:57,854 [main] INFO  db.DBStoreBuilder (DBStoreBuilder.java:addTable(117)) - using custom profile for table: default
2019-10-06 12:26:57,854 [main] INFO  db.DBStoreBuilder (DBStoreBuilder.java:processTables(174)) - Using default column profile:DBProfile.DISK for Table:default
2019-10-06 12:26:57,854 [main] INFO  db.DBStoreBuilder (DBStoreBuilder.java:getDbProfile(205)) - Using default options. DBProfile.DISK
2019-10-06 12:26:58,571 [main] INFO  ipc.CallQueueManager (CallQueueManager.java:<init>(84)) - Using callQueue: class java.util.concurrent.LinkedBlockingQueue, queueCapacity: 2000, scheduler: class org.apache.hadoop.ipc.DefaultRpcScheduler, ipcBackoff: false.
2019-10-06 12:26:58,572 [Socket Reader #1 for port 43254] INFO  ipc.Server (Server.java:run(1074)) - Starting Socket Reader #1 for port 43254
2019-10-06 12:26:58,593 [main] INFO  om.OzoneManager (OzoneManager.java:start(1069)) - OzoneManager RPC server is listening at localhost/127.0.0.1:43254
2019-10-06 12:26:58,593 [main] INFO  impl.MetricsSystemImpl (MetricsSystemImpl.java:init(158)) - OzoneManager metrics system started (again)
2019-10-06 12:26:58,594 [IPC Server Responder] INFO  ipc.Server (Server.java:run(1314)) - IPC Server Responder: starting
2019-10-06 12:26:58,596 [IPC Server listener on 43254] INFO  ipc.Server (Server.java:run(1153)) - IPC Server listener on 43254: starting
2019-10-06 12:26:58,601 [main] INFO  hdfs.DFSUtil (DFSUtil.java:httpServerTemplateForNNAndJN(1641)) - Starting Web-server for ozoneManager at: http://0.0.0.0:0
2019-10-06 12:26:58,603 [main] INFO  server.AuthenticationFilter (AuthenticationFilter.java:constructSecretProvider(240)) - Unable to initialize FileSignerSecretProvider, falling back to use random secrets.
2019-10-06 12:26:58,604 [main] WARN  http.HttpRequestLog (HttpRequestLog.java:getRequestLog(97)) - Jetty request log can only be enabled using Log4j
2019-10-06 12:26:58,606 [main] INFO  http.HttpServer2 (HttpServer2.java:addGlobalFilter(975)) - Added global filter 'safety' (class=org.apache.hadoop.http.HttpServer2$QuotingInputFilter)
2019-10-06 12:26:58,607 [main] INFO  http.HttpServer2 (HttpServer2.java:addFilter(948)) - Added filter static_user_filter (class=org.apache.hadoop.http.lib.StaticUserWebFilter$StaticUserFilter) to context ozoneManager
2019-10-06 12:26:58,607 [main] INFO  http.HttpServer2 (HttpServer2.java:addFilter(958)) - Added filter static_user_filter (class=org.apache.hadoop.http.lib.StaticUserWebFilter$StaticUserFilter) to context logs
2019-10-06 12:26:58,608 [main] INFO  http.HttpServer2 (HttpServer2.java:addFilter(958)) - Added filter static_user_filter (class=org.apache.hadoop.http.lib.StaticUserWebFilter$StaticUserFilter) to context static
2019-10-06 12:26:58,609 [main] INFO  http.HttpServer2 (HttpServer2.java:bindListener(1191)) - Jetty bound to port 39109
2019-10-06 12:26:58,609 [main] INFO  server.Server (Server.java:doStart(351)) - jetty-9.3.25.v20180904, build timestamp: 2018-09-04T21:11:46Z, git hash: 3ce520221d0240229c862b122d2b06c12a625732
2019-10-06 12:26:58,611 [main] INFO  handler.ContextHandler (ContextHandler.java:doStart(781)) - Started o.e.j.s.ServletContextHandler@3281dfc2{/logs,file:///workdir/hadoop-ozone/integration-test/target/log,AVAILABLE}
2019-10-06 12:26:58,612 [main] INFO  handler.ContextHandler (ContextHandler.java:doStart(781)) - Started o.e.j.s.ServletContextHandler@14422d9d{/static,file:///workdir/hadoop-ozone/integration-test/target/test-classes/webapps/static,AVAILABLE}
2019-10-06 12:26:58,618 [main] INFO  handler.ContextHandler (ContextHandler.java:doStart(781)) - Started o.e.j.w.WebAppContext@5eb5da12{/,file:///workdir/hadoop-ozone/integration-test/target/test-classes/webapps/ozoneManager/,AVAILABLE}{/ozoneManager}
2019-10-06 12:26:58,618 [main] INFO  server.AbstractConnector (AbstractConnector.java:doStart(278)) - Started ServerConnector@4a50d04a{HTTP/1.1,[http/1.1]}{0.0.0.0:39109}
2019-10-06 12:26:58,619 [main] INFO  server.Server (Server.java:doStart(419)) - Started @105055ms
2019-10-06 12:26:58,620 [main] WARN  impl.MetricsSystemImpl (MetricsSystemImpl.java:register(276)) - Sink prometheus already exists!
2019-10-06 12:26:58,620 [main] INFO  server.BaseHttpServer (BaseHttpServer.java:updateConnectorAddress(215)) - HTTP server of OZONEMANAGER is listening at http://0.0.0.0:39109
2019-10-06 12:26:58,642 [main] INFO  impl.MetricsSystemImpl (MetricsSystemImpl.java:init(158)) - HddsDatanode metrics system started (again)
2019-10-06 12:26:58,645 [main] INFO  ozone.HddsDatanodeService (HddsDatanodeService.java:start(184)) - HddsDatanodeService host:ozone-build-dev-sjjt9-54166716 ip:192.168.30.17
2019-10-06 12:26:58,652 [main] INFO  volume.HddsVolume (HddsVolume.java:<init>(176)) - Creating Volume: /workdir/hadoop-ozone/integration-test/target/test-dir/MiniOzoneClusterImpl-51f1cfec-5daa-43b9-aad7-055df16adecb/datanode-0/data/containers/hdds of  storage type : DISK and capacity : 1482555576320
2019-10-06 12:26:58,653 [main] INFO  volume.VolumeSet (VolumeSet.java:initializeVolumeSet(170)) - Added Volume : /workdir/hadoop-ozone/integration-test/target/test-dir/MiniOzoneClusterImpl-51f1cfec-5daa-43b9-aad7-055df16adecb/datanode-0/data/containers/hdds to VolumeSet
2019-10-06 12:26:58,653 [main] INFO  volume.ThrottledAsyncChecker (ThrottledAsyncChecker.java:schedule(139)) - Scheduling a check for org.apache.hadoop.ozone.container.common.volume.HddsVolume@6e829e50
2019-10-06 12:26:58,654 [main] INFO  volume.HddsVolumeChecker (HddsVolumeChecker.java:checkAllVolumes(202)) - Scheduled health check for volume org.apache.hadoop.ozone.container.common.volume.HddsVolume@6e829e50
2019-10-06 12:26:58,670 [main] INFO  impl.RaftServerProxy (ConfUtils.java:logGet(43)) - raft.rpc.type = GRPC (default)
2019-10-06 12:26:58,671 [main] INFO  grpc.GrpcFactory (GrpcFactory.java:checkPooledByteBufAllocatorUseCacheForAllThreads(45)) - PERFORMANCE WARNING: useCacheForAllThreads is true that may cause Netty to create a lot garbage objects and, as a result, trigger GC.
	It is recommended to disable useCacheForAllThreads by setting -Dorg.apache.ratis.thirdparty.io.netty.allocator.useCacheForAllThreads=false in command line.
2019-10-06 12:26:58,671 [main] INFO  grpc.GrpcConfigKeys$Server (ConfUtils.java:logGet(43)) - raft.grpc.server.port = 0 (default)
2019-10-06 12:26:58,671 [main] INFO  server.GrpcService (ConfUtils.java:logGet(43)) - raft.grpc.message.size.max = 33570816 (custom)
2019-10-06 12:26:58,671 [main] INFO  server.RaftServerConfigKeys (ConfUtils.java:logGet(43)) - raft.server.log.appender.buffer.byte-limit = 33554432 (custom)
2019-10-06 12:26:58,672 [main] INFO  server.GrpcService (ConfUtils.java:logGet(43)) - raft.grpc.flow.control.window = 1MB (=1048576) (default)
2019-10-06 12:26:58,672 [main] INFO  server.RaftServerConfigKeys (ConfUtils.java:logGet(43)) - raft.server.rpc.request.timeout = 3000ms (default)
2019-10-06 12:26:58,672 [main] INFO  server.RaftServerConfigKeys (ConfUtils.java:logGet(43)) - raft.server.storage.dir = [/workdir/hadoop-ozone/integration-test/target/test-dir/MiniOzoneClusterImpl-51f1cfec-5daa-43b9-aad7-055df16adecb/datanode-0/data/ratis] (custom)
2019-10-06 12:26:58,674 [main] INFO  hdfs.DFSUtil (DFSUtil.java:httpServerTemplateForNNAndJN(1641)) - Starting Web-server for hddsDatanode at: http://0.0.0.0:0
2019-10-06 12:26:58,678 [main] INFO  server.AuthenticationFilter (AuthenticationFilter.java:constructSecretProvider(240)) - Unable to initialize FileSignerSecretProvider, falling back to use random secrets.
2019-10-06 12:26:58,679 [main] WARN  http.HttpRequestLog (HttpRequestLog.java:getRequestLog(97)) - Jetty request log can only be enabled using Log4j
2019-10-06 12:26:58,680 [main] INFO  http.HttpServer2 (HttpServer2.java:addGlobalFilter(975)) - Added global filter 'safety' (class=org.apache.hadoop.http.HttpServer2$QuotingInputFilter)
2019-10-06 12:26:58,681 [main] INFO  http.HttpServer2 (HttpServer2.java:addFilter(948)) - Added filter static_user_filter (class=org.apache.hadoop.http.lib.StaticUserWebFilter$StaticUserFilter) to context hddsDatanode
2019-10-06 12:26:58,681 [main] INFO  http.HttpServer2 (HttpServer2.java:addFilter(958)) - Added filter static_user_filter (class=org.apache.hadoop.http.lib.StaticUserWebFilter$StaticUserFilter) to context static
2019-10-06 12:26:58,681 [main] INFO  http.HttpServer2 (HttpServer2.java:addFilter(958)) - Added filter static_user_filter (class=org.apache.hadoop.http.lib.StaticUserWebFilter$StaticUserFilter) to context logs
2019-10-06 12:26:58,682 [main] INFO  http.HttpServer2 (HttpServer2.java:bindListener(1191)) - Jetty bound to port 40905
2019-10-06 12:26:58,682 [main] INFO  server.Server (Server.java:doStart(351)) - jetty-9.3.25.v20180904, build timestamp: 2018-09-04T21:11:46Z, git hash: 3ce520221d0240229c862b122d2b06c12a625732
2019-10-06 12:26:58,684 [main] INFO  handler.ContextHandler (ContextHandler.java:doStart(781)) - Started o.e.j.s.ServletContextHandler@70029d2d{/logs,file:///workdir/hadoop-ozone/integration-test/target/log,AVAILABLE}
2019-10-06 12:26:58,684 [main] INFO  handler.ContextHandler (ContextHandler.java:doStart(781)) - Started o.e.j.s.ServletContextHandler@709f0202{/static,jar:file:/home/user/.m2/repository/org/apache/hadoop/hadoop-hdds-container-service/0.5.0-SNAPSHOT/hadoop-hdds-container-service-0.5.0-SNAPSHOT.jar!/webapps/static,AVAILABLE}
2019-10-06 12:26:58,717 [main] INFO  handler.ContextHandler (ContextHandler.java:doStart(781)) - Started o.e.j.w.WebAppContext@627ff1b8{/,file:///tmp/jetty-0.0.0.0-40905-hddsDatanode-_-any-8260348191391760301.dir/webapp/,AVAILABLE}{/hddsDatanode}
2019-10-06 12:26:58,718 [main] INFO  server.AbstractConnector (AbstractConnector.java:doStart(278)) - Started ServerConnector@62b57479{HTTP/1.1,[http/1.1]}{0.0.0.0:40905}
2019-10-06 12:26:58,721 [main] INFO  server.Server (Server.java:doStart(419)) - Started @105156ms
2019-10-06 12:26:58,721 [main] WARN  impl.MetricsSystemImpl (MetricsSystemImpl.java:register(276)) - Sink prometheus already exists!
2019-10-06 12:26:58,722 [main] INFO  server.BaseHttpServer (BaseHttpServer.java:updateConnectorAddress(215)) - HTTP server of HDDSDATANODE is listening at http://0.0.0.0:40905
2019-10-06 12:26:58,722 [main] INFO  impl.MetricsSystemImpl (MetricsSystemImpl.java:init(158)) - HddsDatanode metrics system started (again)
2019-10-06 12:26:58,727 [org.apache.hadoop.util.JvmPauseMonitor$Monitor@85aad37] INFO  util.JvmPauseMonitor (JvmPauseMonitor.java:run(188)) - Starting JVM pause monitor
2019-10-06 12:26:58,727 [main] INFO  ozone.HddsDatanodeService (HddsDatanodeService.java:start(184)) - HddsDatanodeService host:ozone-build-dev-sjjt9-54166716 ip:192.168.30.17
2019-10-06 12:26:58,729 [Datanode State Machine Thread - 0] INFO  datanode.InitDatanodeState (InitDatanodeState.java:persistContainerDatanodeDetails(140)) - DatanodeDetails is persisted to /workdir/hadoop-ozone/integration-test/target/test-dir/MiniOzoneClusterImpl-51f1cfec-5daa-43b9-aad7-055df16adecb/datanode-0/meta/datanode.id
2019-10-06 12:26:58,734 [main] INFO  volume.HddsVolume (HddsVolume.java:<init>(176)) - Creating Volume: /workdir/hadoop-ozone/integration-test/target/test-dir/MiniOzoneClusterImpl-51f1cfec-5daa-43b9-aad7-055df16adecb/datanode-1/data/containers/hdds of  storage type : DISK and capacity : 1482555576320
2019-10-06 12:26:58,734 [main] INFO  volume.VolumeSet (VolumeSet.java:initializeVolumeSet(170)) - Added Volume : /workdir/hadoop-ozone/integration-test/target/test-dir/MiniOzoneClusterImpl-51f1cfec-5daa-43b9-aad7-055df16adecb/datanode-1/data/containers/hdds to VolumeSet
2019-10-06 12:26:58,734 [main] INFO  volume.ThrottledAsyncChecker (ThrottledAsyncChecker.java:schedule(139)) - Scheduling a check for org.apache.hadoop.ozone.container.common.volume.HddsVolume@6436e181
2019-10-06 12:26:58,735 [main] INFO  volume.HddsVolumeChecker (HddsVolumeChecker.java:checkAllVolumes(202)) - Scheduled health check for volume org.apache.hadoop.ozone.container.common.volume.HddsVolume@6436e181
2019-10-06 12:26:58,755 [main] INFO  impl.RaftServerProxy (ConfUtils.java:logGet(43)) - raft.rpc.type = GRPC (default)
2019-10-06 12:26:58,756 [main] INFO  grpc.GrpcFactory (GrpcFactory.java:checkPooledByteBufAllocatorUseCacheForAllThreads(45)) - PERFORMANCE WARNING: useCacheForAllThreads is true that may cause Netty to create a lot garbage objects and, as a result, trigger GC.
	It is recommended to disable useCacheForAllThreads by setting -Dorg.apache.ratis.thirdparty.io.netty.allocator.useCacheForAllThreads=false in command line.
2019-10-06 12:26:58,756 [main] INFO  grpc.GrpcConfigKeys$Server (ConfUtils.java:logGet(43)) - raft.grpc.server.port = 0 (default)
2019-10-06 12:26:58,756 [main] INFO  server.GrpcService (ConfUtils.java:logGet(43)) - raft.grpc.message.size.max = 33570816 (custom)
2019-10-06 12:26:58,757 [main] INFO  server.RaftServerConfigKeys (ConfUtils.java:logGet(43)) - raft.server.log.appender.buffer.byte-limit = 33554432 (custom)
2019-10-06 12:26:58,757 [main] INFO  server.GrpcService (ConfUtils.java:logGet(43)) - raft.grpc.flow.control.window = 1MB (=1048576) (default)
2019-10-06 12:26:58,757 [main] INFO  server.RaftServerConfigKeys (ConfUtils.java:logGet(43)) - raft.server.rpc.request.timeout = 3000ms (default)
2019-10-06 12:26:58,758 [main] INFO  server.RaftServerConfigKeys (ConfUtils.java:logGet(43)) - raft.server.storage.dir = [/workdir/hadoop-ozone/integration-test/target/test-dir/MiniOzoneClusterImpl-51f1cfec-5daa-43b9-aad7-055df16adecb/datanode-1/data/ratis] (custom)
2019-10-06 12:26:58,761 [main] INFO  hdfs.DFSUtil (DFSUtil.java:httpServerTemplateForNNAndJN(1641)) - Starting Web-server for hddsDatanode at: http://0.0.0.0:0
2019-10-06 12:26:58,762 [main] INFO  server.AuthenticationFilter (AuthenticationFilter.java:constructSecretProvider(240)) - Unable to initialize FileSignerSecretProvider, falling back to use random secrets.
2019-10-06 12:26:58,763 [main] WARN  http.HttpRequestLog (HttpRequestLog.java:getRequestLog(97)) - Jetty request log can only be enabled using Log4j
2019-10-06 12:26:58,764 [main] INFO  http.HttpServer2 (HttpServer2.java:addGlobalFilter(975)) - Added global filter 'safety' (class=org.apache.hadoop.http.HttpServer2$QuotingInputFilter)
2019-10-06 12:26:58,765 [main] INFO  http.HttpServer2 (HttpServer2.java:addFilter(948)) - Added filter static_user_filter (class=org.apache.hadoop.http.lib.StaticUserWebFilter$StaticUserFilter) to context hddsDatanode
2019-10-06 12:26:58,765 [main] INFO  http.HttpServer2 (HttpServer2.java:addFilter(958)) - Added filter static_user_filter (class=org.apache.hadoop.http.lib.StaticUserWebFilter$StaticUserFilter) to context logs
2019-10-06 12:26:58,765 [main] INFO  http.HttpServer2 (HttpServer2.java:addFilter(958)) - Added filter static_user_filter (class=org.apache.hadoop.http.lib.StaticUserWebFilter$StaticUserFilter) to context static
2019-10-06 12:26:58,766 [main] INFO  http.HttpServer2 (HttpServer2.java:bindListener(1191)) - Jetty bound to port 36015
2019-10-06 12:26:58,766 [main] INFO  server.Server (Server.java:doStart(351)) - jetty-9.3.25.v20180904, build timestamp: 2018-09-04T21:11:46Z, git hash: 3ce520221d0240229c862b122d2b06c12a625732
2019-10-06 12:26:58,768 [main] INFO  handler.ContextHandler (ContextHandler.java:doStart(781)) - Started o.e.j.s.ServletContextHandler@78910096{/logs,file:///workdir/hadoop-ozone/integration-test/target/log,AVAILABLE}
2019-10-06 12:26:58,769 [main] INFO  handler.ContextHandler (ContextHandler.java:doStart(781)) - Started o.e.j.s.ServletContextHandler@4a1a256d{/static,jar:file:/home/user/.m2/repository/org/apache/hadoop/hadoop-hdds-container-service/0.5.0-SNAPSHOT/hadoop-hdds-container-service-0.5.0-SNAPSHOT.jar!/webapps/static,AVAILABLE}
2019-10-06 12:26:58,805 [main] INFO  handler.ContextHandler (ContextHandler.java:doStart(781)) - Started o.e.j.w.WebAppContext@5c134052{/,file:///tmp/jetty-0.0.0.0-36015-hddsDatanode-_-any-1789557914695836316.dir/webapp/,AVAILABLE}{/hddsDatanode}
2019-10-06 12:26:58,806 [main] INFO  server.AbstractConnector (AbstractConnector.java:doStart(278)) - Started ServerConnector@69de5bed{HTTP/1.1,[http/1.1]}{0.0.0.0:36015}
2019-10-06 12:26:58,807 [main] INFO  server.Server (Server.java:doStart(419)) - Started @105242ms
2019-10-06 12:26:58,807 [main] WARN  impl.MetricsSystemImpl (MetricsSystemImpl.java:register(276)) - Sink prometheus already exists!
2019-10-06 12:26:58,808 [main] INFO  server.BaseHttpServer (BaseHttpServer.java:updateConnectorAddress(215)) - HTTP server of HDDSDATANODE is listening at http://0.0.0.0:36015
2019-10-06 12:26:58,808 [main] INFO  impl.MetricsSystemImpl (MetricsSystemImpl.java:init(158)) - HddsDatanode metrics system started (again)
2019-10-06 12:26:58,813 [org.apache.hadoop.util.JvmPauseMonitor$Monitor@470e8048] INFO  util.JvmPauseMonitor (JvmPauseMonitor.java:run(188)) - Starting JVM pause monitor
2019-10-06 12:26:58,813 [main] INFO  ozone.HddsDatanodeService (HddsDatanodeService.java:start(184)) - HddsDatanodeService host:ozone-build-dev-sjjt9-54166716 ip:192.168.30.17
2019-10-06 12:26:58,816 [Datanode State Machine Thread - 0] INFO  datanode.InitDatanodeState (InitDatanodeState.java:persistContainerDatanodeDetails(140)) - DatanodeDetails is persisted to /workdir/hadoop-ozone/integration-test/target/test-dir/MiniOzoneClusterImpl-51f1cfec-5daa-43b9-aad7-055df16adecb/datanode-1/meta/datanode.id
2019-10-06 12:26:58,819 [main] INFO  volume.HddsVolume (HddsVolume.java:<init>(176)) - Creating Volume: /workdir/hadoop-ozone/integration-test/target/test-dir/MiniOzoneClusterImpl-51f1cfec-5daa-43b9-aad7-055df16adecb/datanode-2/data/containers/hdds of  storage type : DISK and capacity : 1482555576320
2019-10-06 12:26:58,820 [main] INFO  volume.VolumeSet (VolumeSet.java:initializeVolumeSet(170)) - Added Volume : /workdir/hadoop-ozone/integration-test/target/test-dir/MiniOzoneClusterImpl-51f1cfec-5daa-43b9-aad7-055df16adecb/datanode-2/data/containers/hdds to VolumeSet
2019-10-06 12:26:58,820 [main] INFO  volume.ThrottledAsyncChecker (ThrottledAsyncChecker.java:schedule(139)) - Scheduling a check for org.apache.hadoop.ozone.container.common.volume.HddsVolume@604d23fa
2019-10-06 12:26:58,820 [main] INFO  volume.HddsVolumeChecker (HddsVolumeChecker.java:checkAllVolumes(202)) - Scheduled health check for volume org.apache.hadoop.ozone.container.common.volume.HddsVolume@604d23fa
2019-10-06 12:26:58,836 [main] INFO  impl.RaftServerProxy (ConfUtils.java:logGet(43)) - raft.rpc.type = GRPC (default)
2019-10-06 12:26:58,836 [main] INFO  grpc.GrpcFactory (GrpcFactory.java:checkPooledByteBufAllocatorUseCacheForAllThreads(45)) - PERFORMANCE WARNING: useCacheForAllThreads is true that may cause Netty to create a lot garbage objects and, as a result, trigger GC.
	It is recommended to disable useCacheForAllThreads by setting -Dorg.apache.ratis.thirdparty.io.netty.allocator.useCacheForAllThreads=false in command line.
2019-10-06 12:26:58,836 [main] INFO  grpc.GrpcConfigKeys$Server (ConfUtils.java:logGet(43)) - raft.grpc.server.port = 0 (default)
2019-10-06 12:26:58,836 [main] INFO  server.GrpcService (ConfUtils.java:logGet(43)) - raft.grpc.message.size.max = 33570816 (custom)
2019-10-06 12:26:58,837 [main] INFO  server.RaftServerConfigKeys (ConfUtils.java:logGet(43)) - raft.server.log.appender.buffer.byte-limit = 33554432 (custom)
2019-10-06 12:26:58,837 [main] INFO  server.GrpcService (ConfUtils.java:logGet(43)) - raft.grpc.flow.control.window = 1MB (=1048576) (default)
2019-10-06 12:26:58,837 [main] INFO  server.RaftServerConfigKeys (ConfUtils.java:logGet(43)) - raft.server.rpc.request.timeout = 3000ms (default)
2019-10-06 12:26:58,837 [main] INFO  server.RaftServerConfigKeys (ConfUtils.java:logGet(43)) - raft.server.storage.dir = [/workdir/hadoop-ozone/integration-test/target/test-dir/MiniOzoneClusterImpl-51f1cfec-5daa-43b9-aad7-055df16adecb/datanode-2/data/ratis] (custom)
2019-10-06 12:26:58,839 [main] INFO  hdfs.DFSUtil (DFSUtil.java:httpServerTemplateForNNAndJN(1641)) - Starting Web-server for hddsDatanode at: http://0.0.0.0:0
2019-10-06 12:26:58,840 [main] INFO  server.AuthenticationFilter (AuthenticationFilter.java:constructSecretProvider(240)) - Unable to initialize FileSignerSecretProvider, falling back to use random secrets.
2019-10-06 12:26:58,840 [main] WARN  http.HttpRequestLog (HttpRequestLog.java:getRequestLog(97)) - Jetty request log can only be enabled using Log4j
2019-10-06 12:26:58,842 [main] INFO  http.HttpServer2 (HttpServer2.java:addGlobalFilter(975)) - Added global filter 'safety' (class=org.apache.hadoop.http.HttpServer2$QuotingInputFilter)
2019-10-06 12:26:58,842 [main] INFO  http.HttpServer2 (HttpServer2.java:addFilter(948)) - Added filter static_user_filter (class=org.apache.hadoop.http.lib.StaticUserWebFilter$StaticUserFilter) to context hddsDatanode
2019-10-06 12:26:58,842 [main] INFO  http.HttpServer2 (HttpServer2.java:addFilter(958)) - Added filter static_user_filter (class=org.apache.hadoop.http.lib.StaticUserWebFilter$StaticUserFilter) to context static
2019-10-06 12:26:58,843 [main] INFO  http.HttpServer2 (HttpServer2.java:addFilter(958)) - Added filter static_user_filter (class=org.apache.hadoop.http.lib.StaticUserWebFilter$StaticUserFilter) to context logs
2019-10-06 12:26:58,843 [main] INFO  http.HttpServer2 (HttpServer2.java:bindListener(1191)) - Jetty bound to port 42377
2019-10-06 12:26:58,843 [main] INFO  server.Server (Server.java:doStart(351)) - jetty-9.3.25.v20180904, build timestamp: 2018-09-04T21:11:46Z, git hash: 3ce520221d0240229c862b122d2b06c12a625732
2019-10-06 12:26:58,845 [main] INFO  handler.ContextHandler (ContextHandler.java:doStart(781)) - Started o.e.j.s.ServletContextHandler@4c302f38{/logs,file:///workdir/hadoop-ozone/integration-test/target/log,AVAILABLE}
2019-10-06 12:26:58,845 [main] INFO  handler.ContextHandler (ContextHandler.java:doStart(781)) - Started o.e.j.s.ServletContextHandler@2a47597{/static,jar:file:/home/user/.m2/repository/org/apache/hadoop/hadoop-hdds-container-service/0.5.0-SNAPSHOT/hadoop-hdds-container-service-0.5.0-SNAPSHOT.jar!/webapps/static,AVAILABLE}
2019-10-06 12:26:58,874 [main] INFO  handler.ContextHandler (ContextHandler.java:doStart(781)) - Started o.e.j.w.WebAppContext@3aed69dd{/,file:///tmp/jetty-0.0.0.0-42377-hddsDatanode-_-any-5070027561822279569.dir/webapp/,AVAILABLE}{/hddsDatanode}
2019-10-06 12:26:58,875 [main] INFO  server.AbstractConnector (AbstractConnector.java:doStart(278)) - Started ServerConnector@3f1a9a53{HTTP/1.1,[http/1.1]}{0.0.0.0:42377}
2019-10-06 12:26:58,876 [main] INFO  server.Server (Server.java:doStart(419)) - Started @105311ms
2019-10-06 12:26:58,876 [main] WARN  impl.MetricsSystemImpl (MetricsSystemImpl.java:register(276)) - Sink prometheus already exists!
2019-10-06 12:26:58,877 [main] INFO  server.BaseHttpServer (BaseHttpServer.java:updateConnectorAddress(215)) - HTTP server of HDDSDATANODE is listening at http://0.0.0.0:42377
2019-10-06 12:26:58,878 [main] INFO  impl.MetricsSystemImpl (MetricsSystemImpl.java:init(158)) - HddsDatanode metrics system started (again)
2019-10-06 12:26:58,884 [org.apache.hadoop.util.JvmPauseMonitor$Monitor@1a9e4280] INFO  util.JvmPauseMonitor (JvmPauseMonitor.java:run(188)) - Starting JVM pause monitor
2019-10-06 12:26:58,885 [main] INFO  ozone.HddsDatanodeService (HddsDatanodeService.java:start(184)) - HddsDatanodeService host:ozone-build-dev-sjjt9-54166716 ip:192.168.30.17
2019-10-06 12:26:58,886 [Datanode State Machine Thread - 0] INFO  datanode.InitDatanodeState (InitDatanodeState.java:persistContainerDatanodeDetails(140)) - DatanodeDetails is persisted to /workdir/hadoop-ozone/integration-test/target/test-dir/MiniOzoneClusterImpl-51f1cfec-5daa-43b9-aad7-055df16adecb/datanode-2/meta/datanode.id
2019-10-06 12:26:58,893 [main] INFO  volume.HddsVolume (HddsVolume.java:<init>(176)) - Creating Volume: /workdir/hadoop-ozone/integration-test/target/test-dir/MiniOzoneClusterImpl-51f1cfec-5daa-43b9-aad7-055df16adecb/datanode-3/data/containers/hdds of  storage type : DISK and capacity : 1482555576320
2019-10-06 12:26:58,893 [main] INFO  volume.VolumeSet (VolumeSet.java:initializeVolumeSet(170)) - Added Volume : /workdir/hadoop-ozone/integration-test/target/test-dir/MiniOzoneClusterImpl-51f1cfec-5daa-43b9-aad7-055df16adecb/datanode-3/data/containers/hdds to VolumeSet
2019-10-06 12:26:58,894 [main] INFO  volume.ThrottledAsyncChecker (ThrottledAsyncChecker.java:schedule(139)) - Scheduling a check for org.apache.hadoop.ozone.container.common.volume.HddsVolume@1980a3f
2019-10-06 12:26:58,894 [main] INFO  volume.HddsVolumeChecker (HddsVolumeChecker.java:checkAllVolumes(202)) - Scheduled health check for volume org.apache.hadoop.ozone.container.common.volume.HddsVolume@1980a3f
2019-10-06 12:26:58,915 [main] INFO  impl.RaftServerProxy (ConfUtils.java:logGet(43)) - raft.rpc.type = GRPC (default)
2019-10-06 12:26:58,915 [main] INFO  grpc.GrpcFactory (GrpcFactory.java:checkPooledByteBufAllocatorUseCacheForAllThreads(45)) - PERFORMANCE WARNING: useCacheForAllThreads is true that may cause Netty to create a lot garbage objects and, as a result, trigger GC.
	It is recommended to disable useCacheForAllThreads by setting -Dorg.apache.ratis.thirdparty.io.netty.allocator.useCacheForAllThreads=false in command line.
2019-10-06 12:26:58,916 [main] INFO  grpc.GrpcConfigKeys$Server (ConfUtils.java:logGet(43)) - raft.grpc.server.port = 0 (default)
2019-10-06 12:26:58,916 [main] INFO  server.GrpcService (ConfUtils.java:logGet(43)) - raft.grpc.message.size.max = 33570816 (custom)
2019-10-06 12:26:58,916 [main] INFO  server.RaftServerConfigKeys (ConfUtils.java:logGet(43)) - raft.server.log.appender.buffer.byte-limit = 33554432 (custom)
2019-10-06 12:26:58,916 [main] INFO  server.GrpcService (ConfUtils.java:logGet(43)) - raft.grpc.flow.control.window = 1MB (=1048576) (default)
2019-10-06 12:26:58,917 [main] INFO  server.RaftServerConfigKeys (ConfUtils.java:logGet(43)) - raft.server.rpc.request.timeout = 3000ms (default)
2019-10-06 12:26:58,917 [main] INFO  server.RaftServerConfigKeys (ConfUtils.java:logGet(43)) - raft.server.storage.dir = [/workdir/hadoop-ozone/integration-test/target/test-dir/MiniOzoneClusterImpl-51f1cfec-5daa-43b9-aad7-055df16adecb/datanode-3/data/ratis] (custom)
2019-10-06 12:26:58,919 [main] INFO  hdfs.DFSUtil (DFSUtil.java:httpServerTemplateForNNAndJN(1641)) - Starting Web-server for hddsDatanode at: http://0.0.0.0:0
2019-10-06 12:26:58,920 [main] INFO  server.AuthenticationFilter (AuthenticationFilter.java:constructSecretProvider(240)) - Unable to initialize FileSignerSecretProvider, falling back to use random secrets.
2019-10-06 12:26:58,921 [main] WARN  http.HttpRequestLog (HttpRequestLog.java:getRequestLog(97)) - Jetty request log can only be enabled using Log4j
2019-10-06 12:26:58,923 [main] INFO  http.HttpServer2 (HttpServer2.java:addGlobalFilter(975)) - Added global filter 'safety' (class=org.apache.hadoop.http.HttpServer2$QuotingInputFilter)
2019-10-06 12:26:58,924 [main] INFO  http.HttpServer2 (HttpServer2.java:addFilter(948)) - Added filter static_user_filter (class=org.apache.hadoop.http.lib.StaticUserWebFilter$StaticUserFilter) to context hddsDatanode
2019-10-06 12:26:58,924 [main] INFO  http.HttpServer2 (HttpServer2.java:addFilter(958)) - Added filter static_user_filter (class=org.apache.hadoop.http.lib.StaticUserWebFilter$StaticUserFilter) to context static
2019-10-06 12:26:58,924 [main] INFO  http.HttpServer2 (HttpServer2.java:addFilter(958)) - Added filter static_user_filter (class=org.apache.hadoop.http.lib.StaticUserWebFilter$StaticUserFilter) to context logs
2019-10-06 12:26:58,925 [main] INFO  http.HttpServer2 (HttpServer2.java:bindListener(1191)) - Jetty bound to port 37319
2019-10-06 12:26:58,925 [main] INFO  server.Server (Server.java:doStart(351)) - jetty-9.3.25.v20180904, build timestamp: 2018-09-04T21:11:46Z, git hash: 3ce520221d0240229c862b122d2b06c12a625732
2019-10-06 12:26:58,927 [main] INFO  handler.ContextHandler (ContextHandler.java:doStart(781)) - Started o.e.j.s.ServletContextHandler@49433c98{/logs,file:///workdir/hadoop-ozone/integration-test/target/log,AVAILABLE}
2019-10-06 12:26:58,928 [main] INFO  handler.ContextHandler (ContextHandler.java:doStart(781)) - Started o.e.j.s.ServletContextHandler@3bfae028{/static,jar:file:/home/user/.m2/repository/org/apache/hadoop/hadoop-hdds-container-service/0.5.0-SNAPSHOT/hadoop-hdds-container-service-0.5.0-SNAPSHOT.jar!/webapps/static,AVAILABLE}
2019-10-06 12:26:58,967 [main] INFO  handler.ContextHandler (ContextHandler.java:doStart(781)) - Started o.e.j.w.WebAppContext@64bebd55{/,file:///tmp/jetty-0.0.0.0-37319-hddsDatanode-_-any-3335548946073384702.dir/webapp/,AVAILABLE}{/hddsDatanode}
2019-10-06 12:26:58,967 [main] INFO  server.AbstractConnector (AbstractConnector.java:doStart(278)) - Started ServerConnector@7c1a8f0f{HTTP/1.1,[http/1.1]}{0.0.0.0:37319}
2019-10-06 12:26:58,969 [main] INFO  server.Server (Server.java:doStart(419)) - Started @105404ms
2019-10-06 12:26:58,969 [main] WARN  impl.MetricsSystemImpl (MetricsSystemImpl.java:register(276)) - Sink prometheus already exists!
2019-10-06 12:26:58,970 [main] INFO  server.BaseHttpServer (BaseHttpServer.java:updateConnectorAddress(215)) - HTTP server of HDDSDATANODE is listening at http://0.0.0.0:37319
2019-10-06 12:26:58,970 [main] INFO  impl.MetricsSystemImpl (MetricsSystemImpl.java:init(158)) - HddsDatanode metrics system started (again)
2019-10-06 12:26:58,976 [org.apache.hadoop.util.JvmPauseMonitor$Monitor@102097dc] INFO  util.JvmPauseMonitor (JvmPauseMonitor.java:run(188)) - Starting JVM pause monitor
2019-10-06 12:26:58,977 [main] INFO  ozone.HddsDatanodeService (HddsDatanodeService.java:start(184)) - HddsDatanodeService host:ozone-build-dev-sjjt9-54166716 ip:192.168.30.17
2019-10-06 12:26:58,978 [Datanode State Machine Thread - 0] INFO  datanode.InitDatanodeState (InitDatanodeState.java:persistContainerDatanodeDetails(140)) - DatanodeDetails is persisted to /workdir/hadoop-ozone/integration-test/target/test-dir/MiniOzoneClusterImpl-51f1cfec-5daa-43b9-aad7-055df16adecb/datanode-3/meta/datanode.id
2019-10-06 12:26:58,989 [main] INFO  volume.HddsVolume (HddsVolume.java:<init>(176)) - Creating Volume: /workdir/hadoop-ozone/integration-test/target/test-dir/MiniOzoneClusterImpl-51f1cfec-5daa-43b9-aad7-055df16adecb/datanode-4/data/containers/hdds of  storage type : DISK and capacity : 1482555576320
2019-10-06 12:26:58,990 [main] INFO  volume.VolumeSet (VolumeSet.java:initializeVolumeSet(170)) - Added Volume : /workdir/hadoop-ozone/integration-test/target/test-dir/MiniOzoneClusterImpl-51f1cfec-5daa-43b9-aad7-055df16adecb/datanode-4/data/containers/hdds to VolumeSet
2019-10-06 12:26:58,990 [main] INFO  volume.ThrottledAsyncChecker (ThrottledAsyncChecker.java:schedule(139)) - Scheduling a check for org.apache.hadoop.ozone.container.common.volume.HddsVolume@7b2bf745
2019-10-06 12:26:58,991 [main] INFO  volume.HddsVolumeChecker (HddsVolumeChecker.java:checkAllVolumes(202)) - Scheduled health check for volume org.apache.hadoop.ozone.container.common.volume.HddsVolume@7b2bf745
2019-10-06 12:26:59,012 [main] INFO  impl.RaftServerProxy (ConfUtils.java:logGet(43)) - raft.rpc.type = GRPC (default)
2019-10-06 12:26:59,012 [main] INFO  grpc.GrpcFactory (GrpcFactory.java:checkPooledByteBufAllocatorUseCacheForAllThreads(45)) - PERFORMANCE WARNING: useCacheForAllThreads is true that may cause Netty to create a lot garbage objects and, as a result, trigger GC.
	It is recommended to disable useCacheForAllThreads by setting -Dorg.apache.ratis.thirdparty.io.netty.allocator.useCacheForAllThreads=false in command line.
2019-10-06 12:26:59,012 [main] INFO  grpc.GrpcConfigKeys$Server (ConfUtils.java:logGet(43)) - raft.grpc.server.port = 0 (default)
2019-10-06 12:26:59,013 [main] INFO  server.GrpcService (ConfUtils.java:logGet(43)) - raft.grpc.message.size.max = 33570816 (custom)
2019-10-06 12:26:59,013 [main] INFO  server.RaftServerConfigKeys (ConfUtils.java:logGet(43)) - raft.server.log.appender.buffer.byte-limit = 33554432 (custom)
2019-10-06 12:26:59,013 [main] INFO  server.GrpcService (ConfUtils.java:logGet(43)) - raft.grpc.flow.control.window = 1MB (=1048576) (default)
2019-10-06 12:26:59,014 [main] INFO  server.RaftServerConfigKeys (ConfUtils.java:logGet(43)) - raft.server.rpc.request.timeout = 3000ms (default)
2019-10-06 12:26:59,014 [main] INFO  server.RaftServerConfigKeys (ConfUtils.java:logGet(43)) - raft.server.storage.dir = [/workdir/hadoop-ozone/integration-test/target/test-dir/MiniOzoneClusterImpl-51f1cfec-5daa-43b9-aad7-055df16adecb/datanode-4/data/ratis] (custom)
2019-10-06 12:26:59,016 [main] INFO  hdfs.DFSUtil (DFSUtil.java:httpServerTemplateForNNAndJN(1641)) - Starting Web-server for hddsDatanode at: http://0.0.0.0:0
2019-10-06 12:26:59,017 [main] INFO  server.AuthenticationFilter (AuthenticationFilter.java:constructSecretProvider(240)) - Unable to initialize FileSignerSecretProvider, falling back to use random secrets.
2019-10-06 12:26:59,018 [main] WARN  http.HttpRequestLog (HttpRequestLog.java:getRequestLog(97)) - Jetty request log can only be enabled using Log4j
2019-10-06 12:26:59,020 [main] INFO  http.HttpServer2 (HttpServer2.java:addGlobalFilter(975)) - Added global filter 'safety' (class=org.apache.hadoop.http.HttpServer2$QuotingInputFilter)
2019-10-06 12:26:59,020 [main] INFO  http.HttpServer2 (HttpServer2.java:addFilter(948)) - Added filter static_user_filter (class=org.apache.hadoop.http.lib.StaticUserWebFilter$StaticUserFilter) to context hddsDatanode
2019-10-06 12:26:59,021 [main] INFO  http.HttpServer2 (HttpServer2.java:addFilter(958)) - Added filter static_user_filter (class=org.apache.hadoop.http.lib.StaticUserWebFilter$StaticUserFilter) to context logs
2019-10-06 12:26:59,021 [main] INFO  http.HttpServer2 (HttpServer2.java:addFilter(958)) - Added filter static_user_filter (class=org.apache.hadoop.http.lib.StaticUserWebFilter$StaticUserFilter) to context static
2019-10-06 12:26:59,022 [main] INFO  http.HttpServer2 (HttpServer2.java:bindListener(1191)) - Jetty bound to port 37624
2019-10-06 12:26:59,022 [main] INFO  server.Server (Server.java:doStart(351)) - jetty-9.3.25.v20180904, build timestamp: 2018-09-04T21:11:46Z, git hash: 3ce520221d0240229c862b122d2b06c12a625732
2019-10-06 12:26:59,024 [main] INFO  handler.ContextHandler (ContextHandler.java:doStart(781)) - Started o.e.j.s.ServletContextHandler@157d3a45{/logs,file:///workdir/hadoop-ozone/integration-test/target/log,AVAILABLE}
2019-10-06 12:26:59,025 [main] INFO  handler.ContextHandler (ContextHandler.java:doStart(781)) - Started o.e.j.s.ServletContextHandler@5190010f{/static,jar:file:/home/user/.m2/repository/org/apache/hadoop/hadoop-hdds-container-service/0.5.0-SNAPSHOT/hadoop-hdds-container-service-0.5.0-SNAPSHOT.jar!/webapps/static,AVAILABLE}
2019-10-06 12:26:59,070 [main] INFO  handler.ContextHandler (ContextHandler.java:doStart(781)) - Started o.e.j.w.WebAppContext@3b24087d{/,file:///tmp/jetty-0.0.0.0-37624-hddsDatanode-_-any-1656670168634859625.dir/webapp/,AVAILABLE}{/hddsDatanode}
2019-10-06 12:26:59,071 [main] INFO  server.AbstractConnector (AbstractConnector.java:doStart(278)) - Started ServerConnector@75fe1619{HTTP/1.1,[http/1.1]}{0.0.0.0:37624}
2019-10-06 12:26:59,072 [main] INFO  server.Server (Server.java:doStart(419)) - Started @105507ms
2019-10-06 12:26:59,072 [main] WARN  impl.MetricsSystemImpl (MetricsSystemImpl.java:register(276)) - Sink prometheus already exists!
2019-10-06 12:26:59,073 [main] INFO  server.BaseHttpServer (BaseHttpServer.java:updateConnectorAddress(215)) - HTTP server of HDDSDATANODE is listening at http://0.0.0.0:37624
2019-10-06 12:26:59,073 [main] INFO  impl.MetricsSystemImpl (MetricsSystemImpl.java:init(158)) - HddsDatanode metrics system started (again)
2019-10-06 12:26:59,078 [org.apache.hadoop.util.JvmPauseMonitor$Monitor@47842b65] INFO  util.JvmPauseMonitor (JvmPauseMonitor.java:run(188)) - Starting JVM pause monitor
2019-10-06 12:26:59,079 [main] INFO  ozone.HddsDatanodeService (HddsDatanodeService.java:start(184)) - HddsDatanodeService host:ozone-build-dev-sjjt9-54166716 ip:192.168.30.17
2019-10-06 12:26:59,080 [Datanode State Machine Thread - 0] INFO  datanode.InitDatanodeState (InitDatanodeState.java:persistContainerDatanodeDetails(140)) - DatanodeDetails is persisted to /workdir/hadoop-ozone/integration-test/target/test-dir/MiniOzoneClusterImpl-51f1cfec-5daa-43b9-aad7-055df16adecb/datanode-4/meta/datanode.id
2019-10-06 12:26:59,085 [main] INFO  volume.HddsVolume (HddsVolume.java:<init>(176)) - Creating Volume: /workdir/hadoop-ozone/integration-test/target/test-dir/MiniOzoneClusterImpl-51f1cfec-5daa-43b9-aad7-055df16adecb/datanode-5/data/containers/hdds of  storage type : DISK and capacity : 1482555576320
2019-10-06 12:26:59,085 [main] INFO  volume.VolumeSet (VolumeSet.java:initializeVolumeSet(170)) - Added Volume : /workdir/hadoop-ozone/integration-test/target/test-dir/MiniOzoneClusterImpl-51f1cfec-5daa-43b9-aad7-055df16adecb/datanode-5/data/containers/hdds to VolumeSet
2019-10-06 12:26:59,085 [main] INFO  volume.ThrottledAsyncChecker (ThrottledAsyncChecker.java:schedule(139)) - Scheduling a check for org.apache.hadoop.ozone.container.common.volume.HddsVolume@422ab737
2019-10-06 12:26:59,086 [main] INFO  volume.HddsVolumeChecker (HddsVolumeChecker.java:checkAllVolumes(202)) - Scheduled health check for volume org.apache.hadoop.ozone.container.common.volume.HddsVolume@422ab737
2019-10-06 12:26:59,101 [main] INFO  impl.RaftServerProxy (ConfUtils.java:logGet(43)) - raft.rpc.type = GRPC (default)
2019-10-06 12:26:59,101 [main] INFO  grpc.GrpcFactory (GrpcFactory.java:checkPooledByteBufAllocatorUseCacheForAllThreads(45)) - PERFORMANCE WARNING: useCacheForAllThreads is true that may cause Netty to create a lot garbage objects and, as a result, trigger GC.
	It is recommended to disable useCacheForAllThreads by setting -Dorg.apache.ratis.thirdparty.io.netty.allocator.useCacheForAllThreads=false in command line.
2019-10-06 12:26:59,101 [main] INFO  grpc.GrpcConfigKeys$Server (ConfUtils.java:logGet(43)) - raft.grpc.server.port = 0 (default)
2019-10-06 12:26:59,101 [main] INFO  server.GrpcService (ConfUtils.java:logGet(43)) - raft.grpc.message.size.max = 33570816 (custom)
2019-10-06 12:26:59,102 [main] INFO  server.RaftServerConfigKeys (ConfUtils.java:logGet(43)) - raft.server.log.appender.buffer.byte-limit = 33554432 (custom)
2019-10-06 12:26:59,102 [main] INFO  server.GrpcService (ConfUtils.java:logGet(43)) - raft.grpc.flow.control.window = 1MB (=1048576) (default)
2019-10-06 12:26:59,102 [main] INFO  server.RaftServerConfigKeys (ConfUtils.java:logGet(43)) - raft.server.rpc.request.timeout = 3000ms (default)
2019-10-06 12:26:59,103 [main] INFO  server.RaftServerConfigKeys (ConfUtils.java:logGet(43)) - raft.server.storage.dir = [/workdir/hadoop-ozone/integration-test/target/test-dir/MiniOzoneClusterImpl-51f1cfec-5daa-43b9-aad7-055df16adecb/datanode-5/data/ratis] (custom)
2019-10-06 12:26:59,104 [main] INFO  hdfs.DFSUtil (DFSUtil.java:httpServerTemplateForNNAndJN(1641)) - Starting Web-server for hddsDatanode at: http://0.0.0.0:0
2019-10-06 12:26:59,105 [main] INFO  server.AuthenticationFilter (AuthenticationFilter.java:constructSecretProvider(240)) - Unable to initialize FileSignerSecretProvider, falling back to use random secrets.
2019-10-06 12:26:59,106 [main] WARN  http.HttpRequestLog (HttpRequestLog.java:getRequestLog(97)) - Jetty request log can only be enabled using Log4j
2019-10-06 12:26:59,107 [main] INFO  http.HttpServer2 (HttpServer2.java:addGlobalFilter(975)) - Added global filter 'safety' (class=org.apache.hadoop.http.HttpServer2$QuotingInputFilter)
2019-10-06 12:26:59,109 [main] INFO  http.HttpServer2 (HttpServer2.java:addFilter(948)) - Added filter static_user_filter (class=org.apache.hadoop.http.lib.StaticUserWebFilter$StaticUserFilter) to context hddsDatanode
2019-10-06 12:26:59,109 [main] INFO  http.HttpServer2 (HttpServer2.java:addFilter(958)) - Added filter static_user_filter (class=org.apache.hadoop.http.lib.StaticUserWebFilter$StaticUserFilter) to context static
2019-10-06 12:26:59,109 [main] INFO  http.HttpServer2 (HttpServer2.java:addFilter(958)) - Added filter static_user_filter (class=org.apache.hadoop.http.lib.StaticUserWebFilter$StaticUserFilter) to context logs
2019-10-06 12:26:59,110 [main] INFO  http.HttpServer2 (HttpServer2.java:bindListener(1191)) - Jetty bound to port 43166
2019-10-06 12:26:59,110 [main] INFO  server.Server (Server.java:doStart(351)) - jetty-9.3.25.v20180904, build timestamp: 2018-09-04T21:11:46Z, git hash: 3ce520221d0240229c862b122d2b06c12a625732
2019-10-06 12:26:59,112 [main] INFO  handler.ContextHandler (ContextHandler.java:doStart(781)) - Started o.e.j.s.ServletContextHandler@3d53e6f7{/logs,file:///workdir/hadoop-ozone/integration-test/target/log,AVAILABLE}
2019-10-06 12:26:59,112 [main] INFO  handler.ContextHandler (ContextHandler.java:doStart(781)) - Started o.e.j.s.ServletContextHandler@3ece79fe{/static,jar:file:/home/user/.m2/repository/org/apache/hadoop/hadoop-hdds-container-service/0.5.0-SNAPSHOT/hadoop-hdds-container-service-0.5.0-SNAPSHOT.jar!/webapps/static,AVAILABLE}
2019-10-06 12:26:59,143 [main] INFO  handler.ContextHandler (ContextHandler.java:doStart(781)) - Started o.e.j.w.WebAppContext@151ab2b9{/,file:///tmp/jetty-0.0.0.0-43166-hddsDatanode-_-any-5907096623860664477.dir/webapp/,AVAILABLE}{/hddsDatanode}
2019-10-06 12:26:59,143 [main] INFO  server.AbstractConnector (AbstractConnector.java:doStart(278)) - Started ServerConnector@13ed066e{HTTP/1.1,[http/1.1]}{0.0.0.0:43166}
2019-10-06 12:26:59,145 [main] INFO  server.Server (Server.java:doStart(419)) - Started @105580ms
2019-10-06 12:26:59,145 [main] WARN  impl.MetricsSystemImpl (MetricsSystemImpl.java:register(276)) - Sink prometheus already exists!
2019-10-06 12:26:59,146 [main] INFO  server.BaseHttpServer (BaseHttpServer.java:updateConnectorAddress(215)) - HTTP server of HDDSDATANODE is listening at http://0.0.0.0:43166
2019-10-06 12:26:59,146 [main] INFO  impl.MetricsSystemImpl (MetricsSystemImpl.java:init(158)) - HddsDatanode metrics system started (again)
2019-10-06 12:26:59,152 [org.apache.hadoop.util.JvmPauseMonitor$Monitor@1a34ac8c] INFO  util.JvmPauseMonitor (JvmPauseMonitor.java:run(188)) - Starting JVM pause monitor
2019-10-06 12:26:59,152 [main] INFO  ozone.HddsDatanodeService (HddsDatanodeService.java:start(184)) - HddsDatanodeService host:ozone-build-dev-sjjt9-54166716 ip:192.168.30.17
2019-10-06 12:26:59,153 [Datanode State Machine Thread - 0] INFO  datanode.InitDatanodeState (InitDatanodeState.java:persistContainerDatanodeDetails(140)) - DatanodeDetails is persisted to /workdir/hadoop-ozone/integration-test/target/test-dir/MiniOzoneClusterImpl-51f1cfec-5daa-43b9-aad7-055df16adecb/datanode-5/meta/datanode.id
2019-10-06 12:26:59,159 [main] INFO  volume.HddsVolume (HddsVolume.java:<init>(176)) - Creating Volume: /workdir/hadoop-ozone/integration-test/target/test-dir/MiniOzoneClusterImpl-51f1cfec-5daa-43b9-aad7-055df16adecb/datanode-6/data/containers/hdds of  storage type : DISK and capacity : 1482555576320
2019-10-06 12:26:59,160 [main] INFO  volume.VolumeSet (VolumeSet.java:initializeVolumeSet(170)) - Added Volume : /workdir/hadoop-ozone/integration-test/target/test-dir/MiniOzoneClusterImpl-51f1cfec-5daa-43b9-aad7-055df16adecb/datanode-6/data/containers/hdds to VolumeSet
2019-10-06 12:26:59,160 [main] INFO  volume.ThrottledAsyncChecker (ThrottledAsyncChecker.java:schedule(139)) - Scheduling a check for org.apache.hadoop.ozone.container.common.volume.HddsVolume@64763e49
2019-10-06 12:26:59,160 [main] INFO  volume.HddsVolumeChecker (HddsVolumeChecker.java:checkAllVolumes(202)) - Scheduled health check for volume org.apache.hadoop.ozone.container.common.volume.HddsVolume@64763e49
2019-10-06 12:26:59,175 [main] INFO  impl.RaftServerProxy (ConfUtils.java:logGet(43)) - raft.rpc.type = GRPC (default)
2019-10-06 12:26:59,175 [main] INFO  grpc.GrpcFactory (GrpcFactory.java:checkPooledByteBufAllocatorUseCacheForAllThreads(45)) - PERFORMANCE WARNING: useCacheForAllThreads is true that may cause Netty to create a lot garbage objects and, as a result, trigger GC.
	It is recommended to disable useCacheForAllThreads by setting -Dorg.apache.ratis.thirdparty.io.netty.allocator.useCacheForAllThreads=false in command line.
2019-10-06 12:26:59,175 [main] INFO  grpc.GrpcConfigKeys$Server (ConfUtils.java:logGet(43)) - raft.grpc.server.port = 0 (default)
2019-10-06 12:26:59,175 [main] INFO  server.GrpcService (ConfUtils.java:logGet(43)) - raft.grpc.message.size.max = 33570816 (custom)
2019-10-06 12:26:59,175 [main] INFO  server.RaftServerConfigKeys (ConfUtils.java:logGet(43)) - raft.server.log.appender.buffer.byte-limit = 33554432 (custom)
2019-10-06 12:26:59,176 [main] INFO  server.GrpcService (ConfUtils.java:logGet(43)) - raft.grpc.flow.control.window = 1MB (=1048576) (default)
2019-10-06 12:26:59,176 [main] INFO  server.RaftServerConfigKeys (ConfUtils.java:logGet(43)) - raft.server.rpc.request.timeout = 3000ms (default)
2019-10-06 12:26:59,176 [main] INFO  server.RaftServerConfigKeys (ConfUtils.java:logGet(43)) - raft.server.storage.dir = [/workdir/hadoop-ozone/integration-test/target/test-dir/MiniOzoneClusterImpl-51f1cfec-5daa-43b9-aad7-055df16adecb/datanode-6/data/ratis] (custom)
2019-10-06 12:26:59,177 [main] INFO  hdfs.DFSUtil (DFSUtil.java:httpServerTemplateForNNAndJN(1641)) - Starting Web-server for hddsDatanode at: http://0.0.0.0:0
2019-10-06 12:26:59,179 [main] INFO  server.AuthenticationFilter (AuthenticationFilter.java:constructSecretProvider(240)) - Unable to initialize FileSignerSecretProvider, falling back to use random secrets.
2019-10-06 12:26:59,179 [main] WARN  http.HttpRequestLog (HttpRequestLog.java:getRequestLog(97)) - Jetty request log can only be enabled using Log4j
2019-10-06 12:26:59,181 [main] INFO  http.HttpServer2 (HttpServer2.java:addGlobalFilter(975)) - Added global filter 'safety' (class=org.apache.hadoop.http.HttpServer2$QuotingInputFilter)
2019-10-06 12:26:59,181 [main] INFO  http.HttpServer2 (HttpServer2.java:addFilter(948)) - Added filter static_user_filter (class=org.apache.hadoop.http.lib.StaticUserWebFilter$StaticUserFilter) to context hddsDatanode
2019-10-06 12:26:59,182 [main] INFO  http.HttpServer2 (HttpServer2.java:addFilter(958)) - Added filter static_user_filter (class=org.apache.hadoop.http.lib.StaticUserWebFilter$StaticUserFilter) to context static
2019-10-06 12:26:59,182 [main] INFO  http.HttpServer2 (HttpServer2.java:addFilter(958)) - Added filter static_user_filter (class=org.apache.hadoop.http.lib.StaticUserWebFilter$StaticUserFilter) to context logs
2019-10-06 12:26:59,183 [main] INFO  http.HttpServer2 (HttpServer2.java:bindListener(1191)) - Jetty bound to port 36747
2019-10-06 12:26:59,183 [main] INFO  server.Server (Server.java:doStart(351)) - jetty-9.3.25.v20180904, build timestamp: 2018-09-04T21:11:46Z, git hash: 3ce520221d0240229c862b122d2b06c12a625732
2019-10-06 12:26:59,184 [main] INFO  handler.ContextHandler (ContextHandler.java:doStart(781)) - Started o.e.j.s.ServletContextHandler@52d3fafd{/logs,file:///workdir/hadoop-ozone/integration-test/target/log,AVAILABLE}
2019-10-06 12:26:59,185 [main] INFO  handler.ContextHandler (ContextHandler.java:doStart(781)) - Started o.e.j.s.ServletContextHandler@1376883{/static,jar:file:/home/user/.m2/repository/org/apache/hadoop/hadoop-hdds-container-service/0.5.0-SNAPSHOT/hadoop-hdds-container-service-0.5.0-SNAPSHOT.jar!/webapps/static,AVAILABLE}
2019-10-06 12:26:59,214 [main] INFO  handler.ContextHandler (ContextHandler.java:doStart(781)) - Started o.e.j.w.WebAppContext@50b93353{/,file:///tmp/jetty-0.0.0.0-36747-hddsDatanode-_-any-7829352865584276003.dir/webapp/,AVAILABLE}{/hddsDatanode}
2019-10-06 12:26:59,215 [main] INFO  server.AbstractConnector (AbstractConnector.java:doStart(278)) - Started ServerConnector@44286963{HTTP/1.1,[http/1.1]}{0.0.0.0:36747}
2019-10-06 12:26:59,216 [main] INFO  server.Server (Server.java:doStart(419)) - Started @105652ms
2019-10-06 12:26:59,217 [main] WARN  impl.MetricsSystemImpl (MetricsSystemImpl.java:register(276)) - Sink prometheus already exists!
2019-10-06 12:26:59,217 [main] INFO  server.BaseHttpServer (BaseHttpServer.java:updateConnectorAddress(215)) - HTTP server of HDDSDATANODE is listening at http://0.0.0.0:36747
2019-10-06 12:26:59,218 [main] INFO  ozone.MiniOzoneClusterImpl (MiniOzoneClusterImpl.java:lambda$waitForClusterToBeReady$0(147)) - Waiting for cluster to be ready. Got 0 of 7 DN Heartbeats.
2019-10-06 12:26:59,222 [org.apache.hadoop.util.JvmPauseMonitor$Monitor@40685599] INFO  util.JvmPauseMonitor (JvmPauseMonitor.java:run(188)) - Starting JVM pause monitor
2019-10-06 12:26:59,224 [Datanode State Machine Thread - 0] INFO  datanode.InitDatanodeState (InitDatanodeState.java:persistContainerDatanodeDetails(140)) - DatanodeDetails is persisted to /workdir/hadoop-ozone/integration-test/target/test-dir/MiniOzoneClusterImpl-51f1cfec-5daa-43b9-aad7-055df16adecb/datanode-6/meta/datanode.id
2019-10-06 12:27:00,218 [main] INFO  ozone.MiniOzoneClusterImpl (MiniOzoneClusterImpl.java:lambda$waitForClusterToBeReady$0(147)) - Waiting for cluster to be ready. Got 0 of 7 DN Heartbeats.
2019-10-06 12:27:00,747 [Datanode State Machine Thread - 0] INFO  ozoneimpl.OzoneContainer (OzoneContainer.java:start(217)) - Attempting to start container services.
2019-10-06 12:27:00,749 [Datanode State Machine Thread - 0] INFO  ozoneimpl.OzoneContainer (OzoneContainer.java:startContainerScrub(179)) - Background container scanner has been disabled.
2019-10-06 12:27:00,750 [Datanode State Machine Thread - 0] INFO  ratis.XceiverServerRatis (XceiverServerRatis.java:start(417)) - Starting XceiverServerRatis 82fffea1-b1ae-4141-a3f7-289714faad12 at port 0
2019-10-06 12:27:00,756 [Datanode State Machine Thread - 0] INFO  impl.RaftServerProxy (RaftServerProxy.java:lambda$start$3(299)) - 82fffea1-b1ae-4141-a3f7-289714faad12: start RPC server
2019-10-06 12:27:00,758 [Datanode State Machine Thread - 0] INFO  server.GrpcService (GrpcService.java:startImpl(158)) - 82fffea1-b1ae-4141-a3f7-289714faad12: GrpcService started, listening on 0.0.0.0/0.0.0.0:44306
2019-10-06 12:27:00,758 [Datanode State Machine Thread - 0] INFO  ratis.XceiverServerRatis (XceiverServerRatis.java:start(427)) - XceiverServerRatis 82fffea1-b1ae-4141-a3f7-289714faad12 is started using port 44306
2019-10-06 12:27:00,758 [Datanode State Machine Thread - 0] INFO  server.XceiverServerGrpc (XceiverServerGrpc.java:start(149)) - XceiverServerGrpc 82fffea1-b1ae-4141-a3f7-289714faad12 is started using port 33544
2019-10-06 12:27:00,829 [Datanode State Machine Thread - 0] INFO  ozoneimpl.OzoneContainer (OzoneContainer.java:start(217)) - Attempting to start container services.
2019-10-06 12:27:00,832 [Datanode State Machine Thread - 0] INFO  ozoneimpl.OzoneContainer (OzoneContainer.java:startContainerScrub(179)) - Background container scanner has been disabled.
2019-10-06 12:27:00,832 [Datanode State Machine Thread - 0] INFO  ratis.XceiverServerRatis (XceiverServerRatis.java:start(417)) - Starting XceiverServerRatis bc0dd1f5-e092-43fd-8479-76017d9815ee at port 0
2019-10-06 12:27:00,839 [Datanode State Machine Thread - 0] INFO  impl.RaftServerProxy (RaftServerProxy.java:lambda$start$3(299)) - bc0dd1f5-e092-43fd-8479-76017d9815ee: start RPC server
2019-10-06 12:27:00,841 [Datanode State Machine Thread - 0] INFO  server.GrpcService (GrpcService.java:startImpl(158)) - bc0dd1f5-e092-43fd-8479-76017d9815ee: GrpcService started, listening on 0.0.0.0/0.0.0.0:41285
2019-10-06 12:27:00,841 [Datanode State Machine Thread - 0] INFO  ratis.XceiverServerRatis (XceiverServerRatis.java:start(427)) - XceiverServerRatis bc0dd1f5-e092-43fd-8479-76017d9815ee is started using port 41285
2019-10-06 12:27:00,843 [Datanode State Machine Thread - 0] INFO  server.XceiverServerGrpc (XceiverServerGrpc.java:start(149)) - XceiverServerGrpc bc0dd1f5-e092-43fd-8479-76017d9815ee is started using port 44617
2019-10-06 12:27:00,900 [Datanode State Machine Thread - 0] INFO  ozoneimpl.OzoneContainer (OzoneContainer.java:start(217)) - Attempting to start container services.
2019-10-06 12:27:00,908 [Datanode State Machine Thread - 0] INFO  ozoneimpl.OzoneContainer (OzoneContainer.java:startContainerScrub(179)) - Background container scanner has been disabled.
2019-10-06 12:27:00,908 [Datanode State Machine Thread - 0] INFO  ratis.XceiverServerRatis (XceiverServerRatis.java:start(417)) - Starting XceiverServerRatis 405150d4-bd54-4511-ac91-84679afff3e5 at port 0
2019-10-06 12:27:00,913 [Datanode State Machine Thread - 0] INFO  impl.RaftServerProxy (RaftServerProxy.java:lambda$start$3(299)) - 405150d4-bd54-4511-ac91-84679afff3e5: start RPC server
2019-10-06 12:27:00,914 [Datanode State Machine Thread - 0] INFO  server.GrpcService (GrpcService.java:startImpl(158)) - 405150d4-bd54-4511-ac91-84679afff3e5: GrpcService started, listening on 0.0.0.0/0.0.0.0:45744
2019-10-06 12:27:00,914 [Datanode State Machine Thread - 0] INFO  ratis.XceiverServerRatis (XceiverServerRatis.java:start(427)) - XceiverServerRatis 405150d4-bd54-4511-ac91-84679afff3e5 is started using port 45744
2019-10-06 12:27:00,915 [Datanode State Machine Thread - 0] INFO  server.XceiverServerGrpc (XceiverServerGrpc.java:start(149)) - XceiverServerGrpc 405150d4-bd54-4511-ac91-84679afff3e5 is started using port 45686
2019-10-06 12:27:00,990 [Datanode State Machine Thread - 0] INFO  ozoneimpl.OzoneContainer (OzoneContainer.java:start(217)) - Attempting to start container services.
2019-10-06 12:27:00,991 [Datanode State Machine Thread - 0] INFO  ozoneimpl.OzoneContainer (OzoneContainer.java:startContainerScrub(179)) - Background container scanner has been disabled.
2019-10-06 12:27:00,991 [Datanode State Machine Thread - 0] INFO  ratis.XceiverServerRatis (XceiverServerRatis.java:start(417)) - Starting XceiverServerRatis fc32efa6-4617-442e-907c-ae973fbdfc27 at port 0
2019-10-06 12:27:01,001 [Datanode State Machine Thread - 0] INFO  impl.RaftServerProxy (RaftServerProxy.java:lambda$start$3(299)) - fc32efa6-4617-442e-907c-ae973fbdfc27: start RPC server
2019-10-06 12:27:01,002 [Datanode State Machine Thread - 0] INFO  server.GrpcService (GrpcService.java:startImpl(158)) - fc32efa6-4617-442e-907c-ae973fbdfc27: GrpcService started, listening on 0.0.0.0/0.0.0.0:39407
2019-10-06 12:27:01,002 [Datanode State Machine Thread - 0] INFO  ratis.XceiverServerRatis (XceiverServerRatis.java:start(427)) - XceiverServerRatis fc32efa6-4617-442e-907c-ae973fbdfc27 is started using port 39407
2019-10-06 12:27:01,005 [Datanode State Machine Thread - 0] INFO  server.XceiverServerGrpc (XceiverServerGrpc.java:start(149)) - XceiverServerGrpc fc32efa6-4617-442e-907c-ae973fbdfc27 is started using port 41253
2019-10-06 12:27:01,113 [Datanode State Machine Thread - 0] INFO  ozoneimpl.OzoneContainer (OzoneContainer.java:start(217)) - Attempting to start container services.
2019-10-06 12:27:01,113 [Datanode State Machine Thread - 0] INFO  ozoneimpl.OzoneContainer (OzoneContainer.java:startContainerScrub(179)) - Background container scanner has been disabled.
2019-10-06 12:27:01,113 [Datanode State Machine Thread - 0] INFO  ratis.XceiverServerRatis (XceiverServerRatis.java:start(417)) - Starting XceiverServerRatis e150981d-e5b4-44d7-950f-3c73c140d3ad at port 0
2019-10-06 12:27:01,120 [Datanode State Machine Thread - 0] INFO  impl.RaftServerProxy (RaftServerProxy.java:lambda$start$3(299)) - e150981d-e5b4-44d7-950f-3c73c140d3ad: start RPC server
2019-10-06 12:27:01,121 [Datanode State Machine Thread - 0] INFO  server.GrpcService (GrpcService.java:startImpl(158)) - e150981d-e5b4-44d7-950f-3c73c140d3ad: GrpcService started, listening on 0.0.0.0/0.0.0.0:42171
2019-10-06 12:27:01,121 [Datanode State Machine Thread - 0] INFO  ratis.XceiverServerRatis (XceiverServerRatis.java:start(427)) - XceiverServerRatis e150981d-e5b4-44d7-950f-3c73c140d3ad is started using port 42171
2019-10-06 12:27:01,122 [Datanode State Machine Thread - 0] INFO  server.XceiverServerGrpc (XceiverServerGrpc.java:start(149)) - XceiverServerGrpc e150981d-e5b4-44d7-950f-3c73c140d3ad is started using port 36940
2019-10-06 12:27:01,167 [Datanode State Machine Thread - 0] INFO  ozoneimpl.OzoneContainer (OzoneContainer.java:start(217)) - Attempting to start container services.
2019-10-06 12:27:01,167 [Datanode State Machine Thread - 0] INFO  ozoneimpl.OzoneContainer (OzoneContainer.java:startContainerScrub(179)) - Background container scanner has been disabled.
2019-10-06 12:27:01,167 [Datanode State Machine Thread - 0] INFO  ratis.XceiverServerRatis (XceiverServerRatis.java:start(417)) - Starting XceiverServerRatis 0a56aba4-9765-4b58-971e-a0d2bfb14c7e at port 0
2019-10-06 12:27:01,173 [Datanode State Machine Thread - 0] INFO  impl.RaftServerProxy (RaftServerProxy.java:lambda$start$3(299)) - 0a56aba4-9765-4b58-971e-a0d2bfb14c7e: start RPC server
2019-10-06 12:27:01,175 [Datanode State Machine Thread - 0] INFO  server.GrpcService (GrpcService.java:startImpl(158)) - 0a56aba4-9765-4b58-971e-a0d2bfb14c7e: GrpcService started, listening on 0.0.0.0/0.0.0.0:37798
2019-10-06 12:27:01,176 [Datanode State Machine Thread - 0] INFO  ratis.XceiverServerRatis (XceiverServerRatis.java:start(427)) - XceiverServerRatis 0a56aba4-9765-4b58-971e-a0d2bfb14c7e is started using port 37798
2019-10-06 12:27:01,176 [Datanode State Machine Thread - 0] INFO  server.XceiverServerGrpc (XceiverServerGrpc.java:start(149)) - XceiverServerGrpc 0a56aba4-9765-4b58-971e-a0d2bfb14c7e is started using port 38913
2019-10-06 12:27:01,219 [main] INFO  ozone.MiniOzoneClusterImpl (MiniOzoneClusterImpl.java:lambda$waitForClusterToBeReady$0(147)) - Waiting for cluster to be ready. Got 0 of 7 DN Heartbeats.
2019-10-06 12:27:01,236 [Datanode State Machine Thread - 0] INFO  ozoneimpl.OzoneContainer (OzoneContainer.java:start(217)) - Attempting to start container services.
2019-10-06 12:27:01,236 [Datanode State Machine Thread - 0] INFO  ozoneimpl.OzoneContainer (OzoneContainer.java:startContainerScrub(179)) - Background container scanner has been disabled.
2019-10-06 12:27:01,237 [Datanode State Machine Thread - 0] INFO  ratis.XceiverServerRatis (XceiverServerRatis.java:start(417)) - Starting XceiverServerRatis aef3ff6a-1d85-4b46-8877-0db60f1deee4 at port 0
2019-10-06 12:27:01,245 [Datanode State Machine Thread - 0] INFO  impl.RaftServerProxy (RaftServerProxy.java:lambda$start$3(299)) - aef3ff6a-1d85-4b46-8877-0db60f1deee4: start RPC server
2019-10-06 12:27:01,248 [Datanode State Machine Thread - 0] INFO  server.GrpcService (GrpcService.java:startImpl(158)) - aef3ff6a-1d85-4b46-8877-0db60f1deee4: GrpcService started, listening on 0.0.0.0/0.0.0.0:41436
2019-10-06 12:27:01,249 [Datanode State Machine Thread - 0] INFO  ratis.XceiverServerRatis (XceiverServerRatis.java:start(427)) - XceiverServerRatis aef3ff6a-1d85-4b46-8877-0db60f1deee4 is started using port 41436
2019-10-06 12:27:01,249 [Datanode State Machine Thread - 0] INFO  server.XceiverServerGrpc (XceiverServerGrpc.java:start(149)) - XceiverServerGrpc aef3ff6a-1d85-4b46-8877-0db60f1deee4 is started using port 43736
2019-10-06 12:27:02,219 [main] INFO  ozone.MiniOzoneClusterImpl (MiniOzoneClusterImpl.java:lambda$waitForClusterToBeReady$0(147)) - Waiting for cluster to be ready. Got 0 of 7 DN Heartbeats.
2019-10-06 12:27:02,735 [IPC Server handler 7 on 36117] INFO  net.NetworkTopology (NetworkTopologyImpl.java:add(111)) - Added a new node: /default-rack/82fffea1-b1ae-4141-a3f7-289714faad12
2019-10-06 12:27:02,738 [IPC Server handler 7 on 36117] INFO  node.SCMNodeManager (SCMNodeManager.java:register(268)) - Registered Data node : 82fffea1-b1ae-4141-a3f7-289714faad12{ip: 192.168.30.17, host: ozone-build-dev-sjjt9-54166716, networkLocation: /default-rack, certSerialId: null}
2019-10-06 12:27:02,740 [EventQueue-NodeRegistrationContainerReportForDataNodeSafeModeRule] INFO  safemode.SCMSafeModeManager (DataNodeSafeModeRule.java:process(71)) - SCM in safe mode. 1 DataNodes registered, 1 required.
2019-10-06 12:27:02,742 [EventQueue-NodeRegistrationContainerReportForDataNodeSafeModeRule] INFO  safemode.SCMSafeModeManager (SCMSafeModeManager.java:validateSafeModeExitRules(177)) - ScmSafeModeManager, all rules are successfully validated
2019-10-06 12:27:02,742 [EventQueue-NodeRegistrationContainerReportForDataNodeSafeModeRule] INFO  safemode.SCMSafeModeManager (SCMSafeModeManager.java:exitSafeMode(193)) - SCM exiting safe mode.
2019-10-06 12:27:02,759 [grpc-default-executor-4] INFO  impl.RaftServerProxy (RaftServerProxy.java:addNew(89)) - 82fffea1-b1ae-4141-a3f7-289714faad12: addNew group-D13855EB69AE:[82fffea1-b1ae-4141-a3f7-289714faad12:192.168.30.17:44306] returns group-D13855EB69AE:java.util.concurrent.CompletableFuture@78f0deb0[Not completed]
2019-10-06 12:27:02,762 [pool-207-thread-1] INFO  impl.RaftServerImpl (RaftServerImpl.java:<init>(95)) - 82fffea1-b1ae-4141-a3f7-289714faad12: new RaftServerImpl for group-D13855EB69AE:[82fffea1-b1ae-4141-a3f7-289714faad12:192.168.30.17:44306] with ContainerStateMachine:uninitialized
2019-10-06 12:27:02,763 [pool-207-thread-1] INFO  server.RaftServerConfigKeys (ConfUtils.java:logGet(43)) - raft.server.rpc.timeout.min = 5s (custom)
2019-10-06 12:27:02,763 [pool-207-thread-1] INFO  server.RaftServerConfigKeys (ConfUtils.java:logGet(43)) - raft.server.rpc.timeout.max = 5200ms (custom)
2019-10-06 12:27:02,763 [pool-207-thread-1] INFO  server.RaftServerConfigKeys (ConfUtils.java:logGet(43)) - raft.server.rpcslowness.timeout = 120s (custom)
2019-10-06 12:27:02,763 [pool-207-thread-1] INFO  server.RaftServerConfigKeys (ConfUtils.java:logGet(43)) - raft.server.sleep.deviation.threshold = 300 (default)
2019-10-06 12:27:02,764 [pool-207-thread-1] INFO  server.RaftServerConfigKeys (ConfUtils.java:logGet(43)) - raft.server.log.appender.install.snapshot.enabled = false (custom)
2019-10-06 12:27:02,764 [pool-207-thread-1] INFO  impl.RaftServerImpl (ServerState.java:<init>(103)) - 82fffea1-b1ae-4141-a3f7-289714faad12@group-D13855EB69AE: ConfigurationManager, init=-1: [82fffea1-b1ae-4141-a3f7-289714faad12:192.168.30.17:44306], old=null, confs=<EMPTY_MAP>
2019-10-06 12:27:02,764 [pool-207-thread-1] INFO  server.RaftServerConfigKeys (ConfUtils.java:logGet(43)) - raft.server.storage.dir = [/workdir/hadoop-ozone/integration-test/target/test-dir/MiniOzoneClusterImpl-51f1cfec-5daa-43b9-aad7-055df16adecb/datanode-0/data/ratis] (custom)
2019-10-06 12:27:02,764 [pool-207-thread-1] INFO  server.RaftServerConfigKeys (ConfUtils.java:logGet(43)) - raft.server.log.corruption.policy = EXCEPTION (default)
2019-10-06 12:27:02,765 [pool-207-thread-1] INFO  storage.RaftStorageDirectory (RaftStorageDirectory.java:analyzeStorage(246)) - The storage directory /workdir/hadoop-ozone/integration-test/target/test-dir/MiniOzoneClusterImpl-51f1cfec-5daa-43b9-aad7-055df16adecb/datanode-0/data/ratis/aa0e7778-617e-44e2-bcbd-d13855eb69ae does not exist. Creating ...
2019-10-06 12:27:02,798 [pool-207-thread-1] INFO  storage.RaftStorageDirectory (RaftStorageDirectory.java:tryLock(328)) - Lock on /workdir/hadoop-ozone/integration-test/target/test-dir/MiniOzoneClusterImpl-51f1cfec-5daa-43b9-aad7-055df16adecb/datanode-0/data/ratis/aa0e7778-617e-44e2-bcbd-d13855eb69ae/in_use.lock acquired by nodename 11948@ozone-build-dev-sjjt9-54166716
2019-10-06 12:27:02,812 [pool-207-thread-1] INFO  storage.RaftStorage (RaftStorage.java:format(84)) - Storage directory /workdir/hadoop-ozone/integration-test/target/test-dir/MiniOzoneClusterImpl-51f1cfec-5daa-43b9-aad7-055df16adecb/datanode-0/data/ratis/aa0e7778-617e-44e2-bcbd-d13855eb69ae has been successfully formatted.
2019-10-06 12:27:02,813 [pool-207-thread-1] INFO  ratis.ContainerStateMachine (ContainerStateMachine.java:loadSnapshot(230)) - group-D13855EB69AE: The snapshot info is null. Setting the last applied indexto:(t:0, i:~)
2019-10-06 12:27:02,813 [pool-207-thread-1] INFO  server.RaftServerConfigKeys (ConfUtils.java:logGet(43)) - raft.server.notification.no-leader.timeout = 120s (custom)
2019-10-06 12:27:02,813 [pool-207-thread-1] INFO  server.RaftServerConfigKeys (ConfUtils.java:logGet(43)) - raft.server.log.use.memory = false (default)
2019-10-06 12:27:02,813 [pool-207-thread-1] INFO  server.RaftServerConfigKeys (ConfUtils.java:logGet(43)) - raft.server.log.purge.gap = 1000000 (custom)
2019-10-06 12:27:02,814 [pool-207-thread-1] INFO  server.RaftServerConfigKeys (ConfUtils.java:logGet(43)) - raft.server.log.appender.buffer.byte-limit = 33554432 (custom)
2019-10-06 12:27:02,814 [pool-207-thread-1] INFO  server.RaftServerConfigKeys (ConfUtils.java:logGet(43)) - raft.server.log.segment.size.max = 1048576 (custom)
2019-10-06 12:27:02,815 [IPC Server handler 2 on 36117] INFO  net.NetworkTopology (NetworkTopologyImpl.java:add(111)) - Added a new node: /default-rack/bc0dd1f5-e092-43fd-8479-76017d9815ee
2019-10-06 12:27:02,815 [IPC Server handler 2 on 36117] INFO  node.SCMNodeManager (SCMNodeManager.java:register(268)) - Registered Data node : bc0dd1f5-e092-43fd-8479-76017d9815ee{ip: 192.168.30.17, host: ozone-build-dev-sjjt9-54166716, networkLocation: /default-rack, certSerialId: null}
2019-10-06 12:27:02,817 [pool-207-thread-1] INFO  server.RaftServerConfigKeys (ConfUtils.java:logGet(43)) - raft.server.log.segment.cache.num.max = 2 (custom)
2019-10-06 12:27:02,817 [pool-207-thread-1] INFO  segmented.SegmentedRaftLogWorker (SegmentedRaftLogWorker.java:<init>(173)) - new 82fffea1-b1ae-4141-a3f7-289714faad12@group-D13855EB69AE-SegmentedRaftLogWorker for RaftStorage:Storage Directory /workdir/hadoop-ozone/integration-test/target/test-dir/MiniOzoneClusterImpl-51f1cfec-5daa-43b9-aad7-055df16adecb/datanode-0/data/ratis/aa0e7778-617e-44e2-bcbd-d13855eb69ae
2019-10-06 12:27:02,817 [pool-207-thread-1] INFO  server.RaftServerConfigKeys (ConfUtils.java:logGet(43)) - raft.server.log.queue.byte-limit = 2147483647 (custom)
2019-10-06 12:27:02,817 [pool-207-thread-1] INFO  server.RaftServerConfigKeys (ConfUtils.java:logGet(43)) - raft.server.log.queue.element-limit = 1024 (custom)
2019-10-06 12:27:02,817 [pool-207-thread-1] INFO  server.RaftServerConfigKeys (ConfUtils.java:logGet(43)) - raft.server.log.segment.size.max = 1048576 (custom)
2019-10-06 12:27:02,818 [pool-207-thread-1] INFO  server.RaftServerConfigKeys (ConfUtils.java:logGet(43)) - raft.server.log.preallocated.size = 16384 (custom)
2019-10-06 12:27:02,818 [pool-207-thread-1] INFO  server.RaftServerConfigKeys (ConfUtils.java:logGet(43)) - raft.server.log.write.buffer.size = 33554432 (custom)
2019-10-06 12:27:02,818 [pool-207-thread-1] INFO  server.RaftServerConfigKeys (ConfUtils.java:logGet(43)) - raft.server.log.force.sync.num = 128 (default)
2019-10-06 12:27:02,818 [pool-207-thread-1] INFO  server.RaftServerConfigKeys (ConfUtils.java:logGet(43)) - raft.server.log.statemachine.data.sync = true (default)
2019-10-06 12:27:02,818 [pool-207-thread-1] INFO  server.RaftServerConfigKeys (ConfUtils.java:logGet(43)) - raft.server.log.statemachine.data.sync.timeout = 10s (default)
2019-10-06 12:27:02,818 [pool-207-thread-1] INFO  server.RaftServerConfigKeys (ConfUtils.java:logGet(43)) - raft.server.log.statemachine.data.sync.timeout.retry = -1 (default)
2019-10-06 12:27:02,819 [pool-207-thread-1] INFO  server.RaftServerConfigKeys (ConfUtils.java:logGet(43)) - raft.server.log.statemachine.data.caching.enabled = true (custom)
2019-10-06 12:27:02,819 [pool-207-thread-1] INFO  segmented.SegmentedRaftLogWorker (SegmentedRaftLogWorker.java:lambda$new$0(128)) - 82fffea1-b1ae-4141-a3f7-289714faad12@group-D13855EB69AE-SegmentedRaftLogWorker: flushIndex: setUnconditionally 0 -> -1
2019-10-06 12:27:02,820 [pool-207-thread-1] INFO  server.RaftServerConfigKeys (ConfUtils.java:logGet(43)) - raft.server.snapshot.auto.trigger.enabled = true (custom)
2019-10-06 12:27:02,820 [pool-207-thread-1] INFO  server.RaftServerConfigKeys (ConfUtils.java:logGet(43)) - raft.server.snapshot.auto.trigger.threshold = 10000 (custom)
2019-10-06 12:27:02,820 [pool-207-thread-1] INFO  server.RaftServerConfigKeys (ConfUtils.java:logGet(43)) - raft.server.snapshot.retention.file.num = 5 (custom)
2019-10-06 12:27:02,820 [pool-207-thread-1] INFO  server.RaftServerConfigKeys (ConfUtils.java:logGet(43)) - raft.server.retrycache.expirytime = 600000ms (custom)
2019-10-06 12:27:02,823 [pool-207-thread-1] INFO  impl.RaftServerImpl (RaftServerImpl.java:start(181)) - 82fffea1-b1ae-4141-a3f7-289714faad12@group-D13855EB69AE: start as a follower, conf=-1: [82fffea1-b1ae-4141-a3f7-289714faad12:192.168.30.17:44306], old=null
2019-10-06 12:27:02,823 [pool-207-thread-1] INFO  impl.RaftServerImpl (RaftServerImpl.java:setRole(170)) - 82fffea1-b1ae-4141-a3f7-289714faad12@group-D13855EB69AE: changes role from      null to FOLLOWER at term 0 for startAsFollower
2019-10-06 12:27:02,823 [pool-207-thread-1] INFO  impl.RoleInfo (RoleInfo.java:updateAndGet(143)) - 82fffea1-b1ae-4141-a3f7-289714faad12: start FollowerState
2019-10-06 12:27:02,824 [pool-207-thread-1] INFO  util.JmxRegister (JmxRegister.java:tryRegister(44)) - Successfully registered JMX Bean with object name Ratis:service=RaftServer,group=group-D13855EB69AE,id=82fffea1-b1ae-4141-a3f7-289714faad12
2019-10-06 12:27:02,832 [RatisPipelineUtilsThread] INFO  pipeline.PipelineStateManager (PipelineStateManager.java:addPipeline(56)) - Created pipeline Pipeline[ Id: aa0e7778-617e-44e2-bcbd-d13855eb69ae, Nodes: 82fffea1-b1ae-4141-a3f7-289714faad12{ip: 192.168.30.17, host: ozone-build-dev-sjjt9-54166716, networkLocation: /default-rack, certSerialId: null}, Type:RATIS, Factor:ONE, State:OPEN]
2019-10-06 12:27:02,843 [grpc-default-executor-4] INFO  impl.RaftServerProxy (RaftServerProxy.java:addNew(89)) - bc0dd1f5-e092-43fd-8479-76017d9815ee: addNew group-61C9D89190F0:[bc0dd1f5-e092-43fd-8479-76017d9815ee:192.168.30.17:41285] returns group-61C9D89190F0:java.util.concurrent.CompletableFuture@71721ee3[Not completed]
2019-10-06 12:27:02,845 [pool-217-thread-1] INFO  impl.RaftServerImpl (RaftServerImpl.java:<init>(95)) - bc0dd1f5-e092-43fd-8479-76017d9815ee: new RaftServerImpl for group-61C9D89190F0:[bc0dd1f5-e092-43fd-8479-76017d9815ee:192.168.30.17:41285] with ContainerStateMachine:uninitialized
2019-10-06 12:27:02,845 [pool-217-thread-1] INFO  server.RaftServerConfigKeys (ConfUtils.java:logGet(43)) - raft.server.rpc.timeout.min = 5s (custom)
2019-10-06 12:27:02,845 [pool-217-thread-1] INFO  server.RaftServerConfigKeys (ConfUtils.java:logGet(43)) - raft.server.rpc.timeout.max = 5200ms (custom)
2019-10-06 12:27:02,845 [pool-217-thread-1] INFO  server.RaftServerConfigKeys (ConfUtils.java:logGet(43)) - raft.server.rpcslowness.timeout = 120s (custom)
2019-10-06 12:27:02,846 [pool-217-thread-1] INFO  server.RaftServerConfigKeys (ConfUtils.java:logGet(43)) - raft.server.sleep.deviation.threshold = 300 (default)
2019-10-06 12:27:02,846 [pool-217-thread-1] INFO  server.RaftServerConfigKeys (ConfUtils.java:logGet(43)) - raft.server.log.appender.install.snapshot.enabled = false (custom)
2019-10-06 12:27:02,846 [pool-217-thread-1] INFO  impl.RaftServerImpl (ServerState.java:<init>(103)) - bc0dd1f5-e092-43fd-8479-76017d9815ee@group-61C9D89190F0: ConfigurationManager, init=-1: [bc0dd1f5-e092-43fd-8479-76017d9815ee:192.168.30.17:41285], old=null, confs=<EMPTY_MAP>
2019-10-06 12:27:02,846 [pool-217-thread-1] INFO  server.RaftServerConfigKeys (ConfUtils.java:logGet(43)) - raft.server.storage.dir = [/workdir/hadoop-ozone/integration-test/target/test-dir/MiniOzoneClusterImpl-51f1cfec-5daa-43b9-aad7-055df16adecb/datanode-1/data/ratis] (custom)
2019-10-06 12:27:02,846 [pool-217-thread-1] INFO  server.RaftServerConfigKeys (ConfUtils.java:logGet(43)) - raft.server.log.corruption.policy = EXCEPTION (default)
2019-10-06 12:27:02,847 [pool-217-thread-1] INFO  storage.RaftStorageDirectory (RaftStorageDirectory.java:analyzeStorage(246)) - The storage directory /workdir/hadoop-ozone/integration-test/target/test-dir/MiniOzoneClusterImpl-51f1cfec-5daa-43b9-aad7-055df16adecb/datanode-1/data/ratis/ac54dbb0-1765-47e7-86fb-61c9d89190f0 does not exist. Creating ...
2019-10-06 12:27:02,860 [pool-217-thread-1] INFO  storage.RaftStorageDirectory (RaftStorageDirectory.java:tryLock(328)) - Lock on /workdir/hadoop-ozone/integration-test/target/test-dir/MiniOzoneClusterImpl-51f1cfec-5daa-43b9-aad7-055df16adecb/datanode-1/data/ratis/ac54dbb0-1765-47e7-86fb-61c9d89190f0/in_use.lock acquired by nodename 11948@ozone-build-dev-sjjt9-54166716
2019-10-06 12:27:02,873 [pool-217-thread-1] INFO  storage.RaftStorage (RaftStorage.java:format(84)) - Storage directory /workdir/hadoop-ozone/integration-test/target/test-dir/MiniOzoneClusterImpl-51f1cfec-5daa-43b9-aad7-055df16adecb/datanode-1/data/ratis/ac54dbb0-1765-47e7-86fb-61c9d89190f0 has been successfully formatted.
2019-10-06 12:27:02,873 [pool-217-thread-1] INFO  ratis.ContainerStateMachine (ContainerStateMachine.java:loadSnapshot(230)) - group-61C9D89190F0: The snapshot info is null. Setting the last applied indexto:(t:0, i:~)
2019-10-06 12:27:02,874 [pool-217-thread-1] INFO  server.RaftServerConfigKeys (ConfUtils.java:logGet(43)) - raft.server.notification.no-leader.timeout = 120s (custom)
2019-10-06 12:27:02,874 [pool-217-thread-1] INFO  server.RaftServerConfigKeys (ConfUtils.java:logGet(43)) - raft.server.log.use.memory = false (default)
2019-10-06 12:27:02,874 [pool-217-thread-1] INFO  server.RaftServerConfigKeys (ConfUtils.java:logGet(43)) - raft.server.log.purge.gap = 1000000 (custom)
2019-10-06 12:27:02,874 [pool-217-thread-1] INFO  server.RaftServerConfigKeys (ConfUtils.java:logGet(43)) - raft.server.log.appender.buffer.byte-limit = 33554432 (custom)
2019-10-06 12:27:02,874 [pool-217-thread-1] INFO  server.RaftServerConfigKeys (ConfUtils.java:logGet(43)) - raft.server.log.segment.size.max = 1048576 (custom)
2019-10-06 12:27:02,877 [pool-217-thread-1] INFO  server.RaftServerConfigKeys (ConfUtils.java:logGet(43)) - raft.server.log.segment.cache.num.max = 2 (custom)
2019-10-06 12:27:02,877 [pool-217-thread-1] INFO  segmented.SegmentedRaftLogWorker (SegmentedRaftLogWorker.java:<init>(173)) - new bc0dd1f5-e092-43fd-8479-76017d9815ee@group-61C9D89190F0-SegmentedRaftLogWorker for RaftStorage:Storage Directory /workdir/hadoop-ozone/integration-test/target/test-dir/MiniOzoneClusterImpl-51f1cfec-5daa-43b9-aad7-055df16adecb/datanode-1/data/ratis/ac54dbb0-1765-47e7-86fb-61c9d89190f0
2019-10-06 12:27:02,878 [pool-217-thread-1] INFO  server.RaftServerConfigKeys (ConfUtils.java:logGet(43)) - raft.server.log.queue.byte-limit = 2147483647 (custom)
2019-10-06 12:27:02,878 [pool-217-thread-1] INFO  server.RaftServerConfigKeys (ConfUtils.java:logGet(43)) - raft.server.log.queue.element-limit = 1024 (custom)
2019-10-06 12:27:02,878 [pool-217-thread-1] INFO  server.RaftServerConfigKeys (ConfUtils.java:logGet(43)) - raft.server.log.segment.size.max = 1048576 (custom)
2019-10-06 12:27:02,878 [pool-217-thread-1] INFO  server.RaftServerConfigKeys (ConfUtils.java:logGet(43)) - raft.server.log.preallocated.size = 16384 (custom)
2019-10-06 12:27:02,878 [pool-217-thread-1] INFO  server.RaftServerConfigKeys (ConfUtils.java:logGet(43)) - raft.server.log.write.buffer.size = 33554432 (custom)
2019-10-06 12:27:02,878 [pool-217-thread-1] INFO  server.RaftServerConfigKeys (ConfUtils.java:logGet(43)) - raft.server.log.force.sync.num = 128 (default)
2019-10-06 12:27:02,879 [pool-217-thread-1] INFO  server.RaftServerConfigKeys (ConfUtils.java:logGet(43)) - raft.server.log.statemachine.data.sync = true (default)
2019-10-06 12:27:02,879 [pool-217-thread-1] INFO  server.RaftServerConfigKeys (ConfUtils.java:logGet(43)) - raft.server.log.statemachine.data.sync.timeout = 10s (default)
2019-10-06 12:27:02,879 [pool-217-thread-1] INFO  server.RaftServerConfigKeys (ConfUtils.java:logGet(43)) - raft.server.log.statemachine.data.sync.timeout.retry = -1 (default)
2019-10-06 12:27:02,880 [pool-217-thread-1] INFO  server.RaftServerConfigKeys (ConfUtils.java:logGet(43)) - raft.server.log.statemachine.data.caching.enabled = true (custom)
2019-10-06 12:27:02,880 [pool-217-thread-1] INFO  segmented.SegmentedRaftLogWorker (SegmentedRaftLogWorker.java:lambda$new$0(128)) - bc0dd1f5-e092-43fd-8479-76017d9815ee@group-61C9D89190F0-SegmentedRaftLogWorker: flushIndex: setUnconditionally 0 -> -1
2019-10-06 12:27:02,880 [pool-217-thread-1] INFO  server.RaftServerConfigKeys (ConfUtils.java:logGet(43)) - raft.server.snapshot.auto.trigger.enabled = true (custom)
2019-10-06 12:27:02,880 [pool-217-thread-1] INFO  server.RaftServerConfigKeys (ConfUtils.java:logGet(43)) - raft.server.snapshot.auto.trigger.threshold = 10000 (custom)
2019-10-06 12:27:02,881 [pool-217-thread-1] INFO  server.RaftServerConfigKeys (ConfUtils.java:logGet(43)) - raft.server.snapshot.retention.file.num = 5 (custom)
2019-10-06 12:27:02,881 [pool-217-thread-1] INFO  server.RaftServerConfigKeys (ConfUtils.java:logGet(43)) - raft.server.retrycache.expirytime = 600000ms (custom)
2019-10-06 12:27:02,884 [pool-217-thread-1] INFO  impl.RaftServerImpl (RaftServerImpl.java:start(181)) - bc0dd1f5-e092-43fd-8479-76017d9815ee@group-61C9D89190F0: start as a follower, conf=-1: [bc0dd1f5-e092-43fd-8479-76017d9815ee:192.168.30.17:41285], old=null
2019-10-06 12:27:02,884 [pool-217-thread-1] INFO  impl.RaftServerImpl (RaftServerImpl.java:setRole(170)) - bc0dd1f5-e092-43fd-8479-76017d9815ee@group-61C9D89190F0: changes role from      null to FOLLOWER at term 0 for startAsFollower
2019-10-06 12:27:02,884 [pool-217-thread-1] INFO  impl.RoleInfo (RoleInfo.java:updateAndGet(143)) - bc0dd1f5-e092-43fd-8479-76017d9815ee: start FollowerState
2019-10-06 12:27:02,885 [pool-217-thread-1] INFO  util.JmxRegister (JmxRegister.java:tryRegister(44)) - Successfully registered JMX Bean with object name Ratis:service=RaftServer,group=group-61C9D89190F0,id=bc0dd1f5-e092-43fd-8479-76017d9815ee
2019-10-06 12:27:02,886 [IPC Server handler 6 on 36117] INFO  net.NetworkTopology (NetworkTopologyImpl.java:add(111)) - Added a new node: /default-rack/405150d4-bd54-4511-ac91-84679afff3e5
2019-10-06 12:27:02,886 [IPC Server handler 6 on 36117] INFO  node.SCMNodeManager (SCMNodeManager.java:register(268)) - Registered Data node : 405150d4-bd54-4511-ac91-84679afff3e5{ip: 192.168.30.17, host: ozone-build-dev-sjjt9-54166716, networkLocation: /default-rack, certSerialId: null}
2019-10-06 12:27:02,894 [RatisPipelineUtilsThread] INFO  pipeline.PipelineStateManager (PipelineStateManager.java:addPipeline(56)) - Created pipeline Pipeline[ Id: ac54dbb0-1765-47e7-86fb-61c9d89190f0, Nodes: bc0dd1f5-e092-43fd-8479-76017d9815ee{ip: 192.168.30.17, host: ozone-build-dev-sjjt9-54166716, networkLocation: /default-rack, certSerialId: null}, Type:RATIS, Factor:ONE, State:OPEN]
2019-10-06 12:27:02,918 [grpc-default-executor-4] INFO  impl.RaftServerProxy (RaftServerProxy.java:addNew(89)) - 405150d4-bd54-4511-ac91-84679afff3e5: addNew group-EB357325E8CF:[405150d4-bd54-4511-ac91-84679afff3e5:192.168.30.17:45744] returns group-EB357325E8CF:java.util.concurrent.CompletableFuture@562bf3ce[Not completed]
2019-10-06 12:27:02,924 [pool-227-thread-1] INFO  impl.RaftServerImpl (RaftServerImpl.java:<init>(95)) - 405150d4-bd54-4511-ac91-84679afff3e5: new RaftServerImpl for group-EB357325E8CF:[405150d4-bd54-4511-ac91-84679afff3e5:192.168.30.17:45744] with ContainerStateMachine:uninitialized
2019-10-06 12:27:02,924 [pool-227-thread-1] INFO  server.RaftServerConfigKeys (ConfUtils.java:logGet(43)) - raft.server.rpc.timeout.min = 5s (custom)
2019-10-06 12:27:02,924 [pool-227-thread-1] INFO  server.RaftServerConfigKeys (ConfUtils.java:logGet(43)) - raft.server.rpc.timeout.max = 5200ms (custom)
2019-10-06 12:27:02,925 [pool-227-thread-1] INFO  server.RaftServerConfigKeys (ConfUtils.java:logGet(43)) - raft.server.rpcslowness.timeout = 120s (custom)
2019-10-06 12:27:02,925 [pool-227-thread-1] INFO  server.RaftServerConfigKeys (ConfUtils.java:logGet(43)) - raft.server.sleep.deviation.threshold = 300 (default)
2019-10-06 12:27:02,925 [pool-227-thread-1] INFO  server.RaftServerConfigKeys (ConfUtils.java:logGet(43)) - raft.server.log.appender.install.snapshot.enabled = false (custom)
2019-10-06 12:27:02,925 [pool-227-thread-1] INFO  impl.RaftServerImpl (ServerState.java:<init>(103)) - 405150d4-bd54-4511-ac91-84679afff3e5@group-EB357325E8CF: ConfigurationManager, init=-1: [405150d4-bd54-4511-ac91-84679afff3e5:192.168.30.17:45744], old=null, confs=<EMPTY_MAP>
2019-10-06 12:27:02,925 [pool-227-thread-1] INFO  server.RaftServerConfigKeys (ConfUtils.java:logGet(43)) - raft.server.storage.dir = [/workdir/hadoop-ozone/integration-test/target/test-dir/MiniOzoneClusterImpl-51f1cfec-5daa-43b9-aad7-055df16adecb/datanode-2/data/ratis] (custom)
2019-10-06 12:27:02,926 [pool-227-thread-1] INFO  server.RaftServerConfigKeys (ConfUtils.java:logGet(43)) - raft.server.log.corruption.policy = EXCEPTION (default)
2019-10-06 12:27:02,926 [pool-227-thread-1] INFO  storage.RaftStorageDirectory (RaftStorageDirectory.java:analyzeStorage(246)) - The storage directory /workdir/hadoop-ozone/integration-test/target/test-dir/MiniOzoneClusterImpl-51f1cfec-5daa-43b9-aad7-055df16adecb/datanode-2/data/ratis/fbfce1de-cdc0-4c9f-a33e-eb357325e8cf does not exist. Creating ...
2019-10-06 12:27:02,939 [pool-227-thread-1] INFO  storage.RaftStorageDirectory (RaftStorageDirectory.java:tryLock(328)) - Lock on /workdir/hadoop-ozone/integration-test/target/test-dir/MiniOzoneClusterImpl-51f1cfec-5daa-43b9-aad7-055df16adecb/datanode-2/data/ratis/fbfce1de-cdc0-4c9f-a33e-eb357325e8cf/in_use.lock acquired by nodename 11948@ozone-build-dev-sjjt9-54166716
2019-10-06 12:27:02,953 [pool-227-thread-1] INFO  storage.RaftStorage (RaftStorage.java:format(84)) - Storage directory /workdir/hadoop-ozone/integration-test/target/test-dir/MiniOzoneClusterImpl-51f1cfec-5daa-43b9-aad7-055df16adecb/datanode-2/data/ratis/fbfce1de-cdc0-4c9f-a33e-eb357325e8cf has been successfully formatted.
2019-10-06 12:27:02,953 [pool-227-thread-1] INFO  ratis.ContainerStateMachine (ContainerStateMachine.java:loadSnapshot(230)) - group-EB357325E8CF: The snapshot info is null. Setting the last applied indexto:(t:0, i:~)
2019-10-06 12:27:02,953 [pool-227-thread-1] INFO  server.RaftServerConfigKeys (ConfUtils.java:logGet(43)) - raft.server.notification.no-leader.timeout = 120s (custom)
2019-10-06 12:27:02,953 [pool-227-thread-1] INFO  server.RaftServerConfigKeys (ConfUtils.java:logGet(43)) - raft.server.log.use.memory = false (default)
2019-10-06 12:27:02,954 [pool-227-thread-1] INFO  server.RaftServerConfigKeys (ConfUtils.java:logGet(43)) - raft.server.log.purge.gap = 1000000 (custom)
2019-10-06 12:27:02,954 [pool-227-thread-1] INFO  server.RaftServerConfigKeys (ConfUtils.java:logGet(43)) - raft.server.log.appender.buffer.byte-limit = 33554432 (custom)
2019-10-06 12:27:02,954 [pool-227-thread-1] INFO  server.RaftServerConfigKeys (ConfUtils.java:logGet(43)) - raft.server.log.segment.size.max = 1048576 (custom)
2019-10-06 12:27:02,957 [pool-227-thread-1] INFO  server.RaftServerConfigKeys (ConfUtils.java:logGet(43)) - raft.server.log.segment.cache.num.max = 2 (custom)
2019-10-06 12:27:02,957 [pool-227-thread-1] INFO  segmented.SegmentedRaftLogWorker (SegmentedRaftLogWorker.java:<init>(173)) - new 405150d4-bd54-4511-ac91-84679afff3e5@group-EB357325E8CF-SegmentedRaftLogWorker for RaftStorage:Storage Directory /workdir/hadoop-ozone/integration-test/target/test-dir/MiniOzoneClusterImpl-51f1cfec-5daa-43b9-aad7-055df16adecb/datanode-2/data/ratis/fbfce1de-cdc0-4c9f-a33e-eb357325e8cf
2019-10-06 12:27:02,958 [pool-227-thread-1] INFO  server.RaftServerConfigKeys (ConfUtils.java:logGet(43)) - raft.server.log.queue.byte-limit = 2147483647 (custom)
2019-10-06 12:27:02,958 [pool-227-thread-1] INFO  server.RaftServerConfigKeys (ConfUtils.java:logGet(43)) - raft.server.log.queue.element-limit = 1024 (custom)
2019-10-06 12:27:02,958 [pool-227-thread-1] INFO  server.RaftServerConfigKeys (ConfUtils.java:logGet(43)) - raft.server.log.segment.size.max = 1048576 (custom)
2019-10-06 12:27:02,958 [pool-227-thread-1] INFO  server.RaftServerConfigKeys (ConfUtils.java:logGet(43)) - raft.server.log.preallocated.size = 16384 (custom)
2019-10-06 12:27:02,958 [pool-227-thread-1] INFO  server.RaftServerConfigKeys (ConfUtils.java:logGet(43)) - raft.server.log.write.buffer.size = 33554432 (custom)
2019-10-06 12:27:02,959 [pool-227-thread-1] INFO  server.RaftServerConfigKeys (ConfUtils.java:logGet(43)) - raft.server.log.force.sync.num = 128 (default)
2019-10-06 12:27:02,959 [pool-227-thread-1] INFO  server.RaftServerConfigKeys (ConfUtils.java:logGet(43)) - raft.server.log.statemachine.data.sync = true (default)
2019-10-06 12:27:02,959 [pool-227-thread-1] INFO  server.RaftServerConfigKeys (ConfUtils.java:logGet(43)) - raft.server.log.statemachine.data.sync.timeout = 10s (default)
2019-10-06 12:27:02,959 [pool-227-thread-1] INFO  server.RaftServerConfigKeys (ConfUtils.java:logGet(43)) - raft.server.log.statemachine.data.sync.timeout.retry = -1 (default)
2019-10-06 12:27:02,960 [pool-227-thread-1] INFO  server.RaftServerConfigKeys (ConfUtils.java:logGet(43)) - raft.server.log.statemachine.data.caching.enabled = true (custom)
2019-10-06 12:27:02,960 [pool-227-thread-1] INFO  segmented.SegmentedRaftLogWorker (SegmentedRaftLogWorker.java:lambda$new$0(128)) - 405150d4-bd54-4511-ac91-84679afff3e5@group-EB357325E8CF-SegmentedRaftLogWorker: flushIndex: setUnconditionally 0 -> -1
2019-10-06 12:27:02,961 [pool-227-thread-1] INFO  server.RaftServerConfigKeys (ConfUtils.java:logGet(43)) - raft.server.snapshot.auto.trigger.enabled = true (custom)
2019-10-06 12:27:02,961 [pool-227-thread-1] INFO  server.RaftServerConfigKeys (ConfUtils.java:logGet(43)) - raft.server.snapshot.auto.trigger.threshold = 10000 (custom)
2019-10-06 12:27:02,961 [pool-227-thread-1] INFO  server.RaftServerConfigKeys (ConfUtils.java:logGet(43)) - raft.server.snapshot.retention.file.num = 5 (custom)
2019-10-06 12:27:02,961 [pool-227-thread-1] INFO  server.RaftServerConfigKeys (ConfUtils.java:logGet(43)) - raft.server.retrycache.expirytime = 600000ms (custom)
2019-10-06 12:27:02,964 [pool-227-thread-1] INFO  impl.RaftServerImpl (RaftServerImpl.java:start(181)) - 405150d4-bd54-4511-ac91-84679afff3e5@group-EB357325E8CF: start as a follower, conf=-1: [405150d4-bd54-4511-ac91-84679afff3e5:192.168.30.17:45744], old=null
2019-10-06 12:27:02,964 [pool-227-thread-1] INFO  impl.RaftServerImpl (RaftServerImpl.java:setRole(170)) - 405150d4-bd54-4511-ac91-84679afff3e5@group-EB357325E8CF: changes role from      null to FOLLOWER at term 0 for startAsFollower
2019-10-06 12:27:02,965 [pool-227-thread-1] INFO  impl.RoleInfo (RoleInfo.java:updateAndGet(143)) - 405150d4-bd54-4511-ac91-84679afff3e5: start FollowerState
2019-10-06 12:27:02,965 [pool-227-thread-1] INFO  util.JmxRegister (JmxRegister.java:tryRegister(44)) - Successfully registered JMX Bean with object name Ratis:service=RaftServer,group=group-EB357325E8CF,id=405150d4-bd54-4511-ac91-84679afff3e5
2019-10-06 12:27:02,973 [RatisPipelineUtilsThread] INFO  pipeline.PipelineStateManager (PipelineStateManager.java:addPipeline(56)) - Created pipeline Pipeline[ Id: fbfce1de-cdc0-4c9f-a33e-eb357325e8cf, Nodes: 405150d4-bd54-4511-ac91-84679afff3e5{ip: 192.168.30.17, host: ozone-build-dev-sjjt9-54166716, networkLocation: /default-rack, certSerialId: null}, Type:RATIS, Factor:ONE, State:OPEN]
2019-10-06 12:27:02,978 [IPC Server handler 3 on 36117] INFO  net.NetworkTopology (NetworkTopologyImpl.java:add(111)) - Added a new node: /default-rack/fc32efa6-4617-442e-907c-ae973fbdfc27
2019-10-06 12:27:02,978 [IPC Server handler 3 on 36117] INFO  node.SCMNodeManager (SCMNodeManager.java:register(268)) - Registered Data node : fc32efa6-4617-442e-907c-ae973fbdfc27{ip: 192.168.30.17, host: ozone-build-dev-sjjt9-54166716, networkLocation: /default-rack, certSerialId: null}
2019-10-06 12:27:02,986 [grpc-default-executor-5] INFO  impl.RaftServerProxy (RaftServerProxy.java:addNew(89)) - bc0dd1f5-e092-43fd-8479-76017d9815ee: addNew group-0B6775E14A42:[82fffea1-b1ae-4141-a3f7-289714faad12:192.168.30.17:44306, bc0dd1f5-e092-43fd-8479-76017d9815ee:192.168.30.17:41285, 405150d4-bd54-4511-ac91-84679afff3e5:192.168.30.17:45744] returns group-0B6775E14A42:java.util.concurrent.CompletableFuture@4c30838[Not completed]
2019-10-06 12:27:02,986 [grpc-default-executor-4] INFO  impl.RaftServerProxy (RaftServerProxy.java:addNew(89)) - 82fffea1-b1ae-4141-a3f7-289714faad12: addNew group-0B6775E14A42:[82fffea1-b1ae-4141-a3f7-289714faad12:192.168.30.17:44306, bc0dd1f5-e092-43fd-8479-76017d9815ee:192.168.30.17:41285, 405150d4-bd54-4511-ac91-84679afff3e5:192.168.30.17:45744] returns group-0B6775E14A42:java.util.concurrent.CompletableFuture@725a6f77[Not completed]
2019-10-06 12:27:02,986 [grpc-default-executor-3] INFO  impl.RaftServerProxy (RaftServerProxy.java:addNew(89)) - 405150d4-bd54-4511-ac91-84679afff3e5: addNew group-0B6775E14A42:[82fffea1-b1ae-4141-a3f7-289714faad12:192.168.30.17:44306, bc0dd1f5-e092-43fd-8479-76017d9815ee:192.168.30.17:41285, 405150d4-bd54-4511-ac91-84679afff3e5:192.168.30.17:45744] returns group-0B6775E14A42:java.util.concurrent.CompletableFuture@94e7a81[Not completed]
2019-10-06 12:27:02,987 [pool-217-thread-1] INFO  impl.RaftServerImpl (RaftServerImpl.java:<init>(95)) - bc0dd1f5-e092-43fd-8479-76017d9815ee: new RaftServerImpl for group-0B6775E14A42:[82fffea1-b1ae-4141-a3f7-289714faad12:192.168.30.17:44306, bc0dd1f5-e092-43fd-8479-76017d9815ee:192.168.30.17:41285, 405150d4-bd54-4511-ac91-84679afff3e5:192.168.30.17:45744] with ContainerStateMachine:uninitialized
2019-10-06 12:27:02,987 [pool-217-thread-1] INFO  server.RaftServerConfigKeys (ConfUtils.java:logGet(43)) - raft.server.rpc.timeout.min = 5s (custom)
2019-10-06 12:27:02,987 [pool-217-thread-1] INFO  server.RaftServerConfigKeys (ConfUtils.java:logGet(43)) - raft.server.rpc.timeout.max = 5200ms (custom)
2019-10-06 12:27:02,988 [pool-217-thread-1] INFO  server.RaftServerConfigKeys (ConfUtils.java:logGet(43)) - raft.server.rpcslowness.timeout = 120s (custom)
2019-10-06 12:27:02,988 [pool-217-thread-1] INFO  server.RaftServerConfigKeys (ConfUtils.java:logGet(43)) - raft.server.sleep.deviation.threshold = 300 (default)
2019-10-06 12:27:02,988 [pool-217-thread-1] INFO  server.RaftServerConfigKeys (ConfUtils.java:logGet(43)) - raft.server.log.appender.install.snapshot.enabled = false (custom)
2019-10-06 12:27:02,988 [pool-227-thread-1] INFO  impl.RaftServerImpl (RaftServerImpl.java:<init>(95)) - 405150d4-bd54-4511-ac91-84679afff3e5: new RaftServerImpl for group-0B6775E14A42:[82fffea1-b1ae-4141-a3f7-289714faad12:192.168.30.17:44306, bc0dd1f5-e092-43fd-8479-76017d9815ee:192.168.30.17:41285, 405150d4-bd54-4511-ac91-84679afff3e5:192.168.30.17:45744] with ContainerStateMachine:uninitialized
2019-10-06 12:27:02,988 [pool-217-thread-1] INFO  impl.RaftServerImpl (ServerState.java:<init>(103)) - bc0dd1f5-e092-43fd-8479-76017d9815ee@group-0B6775E14A42: ConfigurationManager, init=-1: [82fffea1-b1ae-4141-a3f7-289714faad12:192.168.30.17:44306, bc0dd1f5-e092-43fd-8479-76017d9815ee:192.168.30.17:41285, 405150d4-bd54-4511-ac91-84679afff3e5:192.168.30.17:45744], old=null, confs=<EMPTY_MAP>
2019-10-06 12:27:02,988 [pool-227-thread-1] INFO  server.RaftServerConfigKeys (ConfUtils.java:logGet(43)) - raft.server.rpc.timeout.min = 5s (custom)
2019-10-06 12:27:02,988 [pool-217-thread-1] INFO  server.RaftServerConfigKeys (ConfUtils.java:logGet(43)) - raft.server.storage.dir = [/workdir/hadoop-ozone/integration-test/target/test-dir/MiniOzoneClusterImpl-51f1cfec-5daa-43b9-aad7-055df16adecb/datanode-1/data/ratis] (custom)
2019-10-06 12:27:02,988 [pool-227-thread-1] INFO  server.RaftServerConfigKeys (ConfUtils.java:logGet(43)) - raft.server.rpc.timeout.max = 5200ms (custom)
2019-10-06 12:27:02,989 [pool-207-thread-1] INFO  impl.RaftServerImpl (RaftServerImpl.java:<init>(95)) - 82fffea1-b1ae-4141-a3f7-289714faad12: new RaftServerImpl for group-0B6775E14A42:[82fffea1-b1ae-4141-a3f7-289714faad12:192.168.30.17:44306, bc0dd1f5-e092-43fd-8479-76017d9815ee:192.168.30.17:41285, 405150d4-bd54-4511-ac91-84679afff3e5:192.168.30.17:45744] with ContainerStateMachine:uninitialized
2019-10-06 12:27:02,989 [pool-217-thread-1] INFO  server.RaftServerConfigKeys (ConfUtils.java:logGet(43)) - raft.server.log.corruption.policy = EXCEPTION (default)
2019-10-06 12:27:02,989 [pool-227-thread-1] INFO  server.RaftServerConfigKeys (ConfUtils.java:logGet(43)) - raft.server.rpcslowness.timeout = 120s (custom)
2019-10-06 12:27:02,989 [pool-217-thread-1] INFO  storage.RaftStorageDirectory (RaftStorageDirectory.java:analyzeStorage(246)) - The storage directory /workdir/hadoop-ozone/integration-test/target/test-dir/MiniOzoneClusterImpl-51f1cfec-5daa-43b9-aad7-055df16adecb/datanode-1/data/ratis/a3df912a-ae95-4c93-98a1-0b6775e14a42 does not exist. Creating ...
2019-10-06 12:27:02,989 [pool-207-thread-1] INFO  server.RaftServerConfigKeys (ConfUtils.java:logGet(43)) - raft.server.rpc.timeout.min = 5s (custom)
2019-10-06 12:27:02,989 [pool-227-thread-1] INFO  server.RaftServerConfigKeys (ConfUtils.java:logGet(43)) - raft.server.sleep.deviation.threshold = 300 (default)
2019-10-06 12:27:02,989 [pool-207-thread-1] INFO  server.RaftServerConfigKeys (ConfUtils.java:logGet(43)) - raft.server.rpc.timeout.max = 5200ms (custom)
2019-10-06 12:27:02,990 [pool-227-thread-1] INFO  server.RaftServerConfigKeys (ConfUtils.java:logGet(43)) - raft.server.log.appender.install.snapshot.enabled = false (custom)
2019-10-06 12:27:02,990 [pool-207-thread-1] INFO  server.RaftServerConfigKeys (ConfUtils.java:logGet(43)) - raft.server.rpcslowness.timeout = 120s (custom)
2019-10-06 12:27:02,990 [pool-227-thread-1] INFO  impl.RaftServerImpl (ServerState.java:<init>(103)) - 405150d4-bd54-4511-ac91-84679afff3e5@group-0B6775E14A42: ConfigurationManager, init=-1: [82fffea1-b1ae-4141-a3f7-289714faad12:192.168.30.17:44306, bc0dd1f5-e092-43fd-8479-76017d9815ee:192.168.30.17:41285, 405150d4-bd54-4511-ac91-84679afff3e5:192.168.30.17:45744], old=null, confs=<EMPTY_MAP>
2019-10-06 12:27:02,990 [pool-207-thread-1] INFO  server.RaftServerConfigKeys (ConfUtils.java:logGet(43)) - raft.server.sleep.deviation.threshold = 300 (default)
2019-10-06 12:27:02,990 [pool-227-thread-1] INFO  server.RaftServerConfigKeys (ConfUtils.java:logGet(43)) - raft.server.storage.dir = [/workdir/hadoop-ozone/integration-test/target/test-dir/MiniOzoneClusterImpl-51f1cfec-5daa-43b9-aad7-055df16adecb/datanode-2/data/ratis] (custom)
2019-10-06 12:27:02,990 [pool-207-thread-1] INFO  server.RaftServerConfigKeys (ConfUtils.java:logGet(43)) - raft.server.log.appender.install.snapshot.enabled = false (custom)
2019-10-06 12:27:02,990 [pool-227-thread-1] INFO  server.RaftServerConfigKeys (ConfUtils.java:logGet(43)) - raft.server.log.corruption.policy = EXCEPTION (default)
2019-10-06 12:27:02,990 [pool-207-thread-1] INFO  impl.RaftServerImpl (ServerState.java:<init>(103)) - 82fffea1-b1ae-4141-a3f7-289714faad12@group-0B6775E14A42: ConfigurationManager, init=-1: [82fffea1-b1ae-4141-a3f7-289714faad12:192.168.30.17:44306, bc0dd1f5-e092-43fd-8479-76017d9815ee:192.168.30.17:41285, 405150d4-bd54-4511-ac91-84679afff3e5:192.168.30.17:45744], old=null, confs=<EMPTY_MAP>
2019-10-06 12:27:02,991 [pool-227-thread-1] INFO  storage.RaftStorageDirectory (RaftStorageDirectory.java:analyzeStorage(246)) - The storage directory /workdir/hadoop-ozone/integration-test/target/test-dir/MiniOzoneClusterImpl-51f1cfec-5daa-43b9-aad7-055df16adecb/datanode-2/data/ratis/a3df912a-ae95-4c93-98a1-0b6775e14a42 does not exist. Creating ...
2019-10-06 12:27:02,991 [pool-207-thread-1] INFO  server.RaftServerConfigKeys (ConfUtils.java:logGet(43)) - raft.server.storage.dir = [/workdir/hadoop-ozone/integration-test/target/test-dir/MiniOzoneClusterImpl-51f1cfec-5daa-43b9-aad7-055df16adecb/datanode-0/data/ratis] (custom)
2019-10-06 12:27:02,991 [pool-207-thread-1] INFO  server.RaftServerConfigKeys (ConfUtils.java:logGet(43)) - raft.server.log.corruption.policy = EXCEPTION (default)
2019-10-06 12:27:02,991 [pool-207-thread-1] INFO  storage.RaftStorageDirectory (RaftStorageDirectory.java:analyzeStorage(246)) - The storage directory /workdir/hadoop-ozone/integration-test/target/test-dir/MiniOzoneClusterImpl-51f1cfec-5daa-43b9-aad7-055df16adecb/datanode-0/data/ratis/a3df912a-ae95-4c93-98a1-0b6775e14a42 does not exist. Creating ...
2019-10-06 12:27:03,003 [pool-207-thread-1] INFO  storage.RaftStorageDirectory (RaftStorageDirectory.java:tryLock(328)) - Lock on /workdir/hadoop-ozone/integration-test/target/test-dir/MiniOzoneClusterImpl-51f1cfec-5daa-43b9-aad7-055df16adecb/datanode-0/data/ratis/a3df912a-ae95-4c93-98a1-0b6775e14a42/in_use.lock acquired by nodename 11948@ozone-build-dev-sjjt9-54166716
2019-10-06 12:27:03,003 [pool-217-thread-1] INFO  storage.RaftStorageDirectory (RaftStorageDirectory.java:tryLock(328)) - Lock on /workdir/hadoop-ozone/integration-test/target/test-dir/MiniOzoneClusterImpl-51f1cfec-5daa-43b9-aad7-055df16adecb/datanode-1/data/ratis/a3df912a-ae95-4c93-98a1-0b6775e14a42/in_use.lock acquired by nodename 11948@ozone-build-dev-sjjt9-54166716
2019-10-06 12:27:03,003 [pool-227-thread-1] INFO  storage.RaftStorageDirectory (RaftStorageDirectory.java:tryLock(328)) - Lock on /workdir/hadoop-ozone/integration-test/target/test-dir/MiniOzoneClusterImpl-51f1cfec-5daa-43b9-aad7-055df16adecb/datanode-2/data/ratis/a3df912a-ae95-4c93-98a1-0b6775e14a42/in_use.lock acquired by nodename 11948@ozone-build-dev-sjjt9-54166716
2019-10-06 12:27:03,017 [pool-227-thread-1] INFO  storage.RaftStorage (RaftStorage.java:format(84)) - Storage directory /workdir/hadoop-ozone/integration-test/target/test-dir/MiniOzoneClusterImpl-51f1cfec-5daa-43b9-aad7-055df16adecb/datanode-2/data/ratis/a3df912a-ae95-4c93-98a1-0b6775e14a42 has been successfully formatted.
2019-10-06 12:27:03,017 [pool-217-thread-1] INFO  storage.RaftStorage (RaftStorage.java:format(84)) - Storage directory /workdir/hadoop-ozone/integration-test/target/test-dir/MiniOzoneClusterImpl-51f1cfec-5daa-43b9-aad7-055df16adecb/datanode-1/data/ratis/a3df912a-ae95-4c93-98a1-0b6775e14a42 has been successfully formatted.
2019-10-06 12:27:03,017 [pool-207-thread-1] INFO  storage.RaftStorage (RaftStorage.java:format(84)) - Storage directory /workdir/hadoop-ozone/integration-test/target/test-dir/MiniOzoneClusterImpl-51f1cfec-5daa-43b9-aad7-055df16adecb/datanode-0/data/ratis/a3df912a-ae95-4c93-98a1-0b6775e14a42 has been successfully formatted.
2019-10-06 12:27:03,017 [pool-217-thread-1] INFO  ratis.ContainerStateMachine (ContainerStateMachine.java:loadSnapshot(230)) - group-0B6775E14A42: The snapshot info is null. Setting the last applied indexto:(t:0, i:~)
2019-10-06 12:27:03,017 [pool-227-thread-1] INFO  ratis.ContainerStateMachine (ContainerStateMachine.java:loadSnapshot(230)) - group-0B6775E14A42: The snapshot info is null. Setting the last applied indexto:(t:0, i:~)
2019-10-06 12:27:03,018 [pool-217-thread-1] INFO  server.RaftServerConfigKeys (ConfUtils.java:logGet(43)) - raft.server.notification.no-leader.timeout = 120s (custom)
2019-10-06 12:27:03,017 [pool-207-thread-1] INFO  ratis.ContainerStateMachine (ContainerStateMachine.java:loadSnapshot(230)) - group-0B6775E14A42: The snapshot info is null. Setting the last applied indexto:(t:0, i:~)
2019-10-06 12:27:03,018 [pool-217-thread-1] INFO  server.RaftServerConfigKeys (ConfUtils.java:logGet(43)) - raft.server.log.use.memory = false (default)
2019-10-06 12:27:03,018 [pool-227-thread-1] INFO  server.RaftServerConfigKeys (ConfUtils.java:logGet(43)) - raft.server.notification.no-leader.timeout = 120s (custom)
2019-10-06 12:27:03,018 [pool-217-thread-1] INFO  server.RaftServerConfigKeys (ConfUtils.java:logGet(43)) - raft.server.log.purge.gap = 1000000 (custom)
2019-10-06 12:27:03,018 [pool-207-thread-1] INFO  server.RaftServerConfigKeys (ConfUtils.java:logGet(43)) - raft.server.notification.no-leader.timeout = 120s (custom)
2019-10-06 12:27:03,018 [pool-217-thread-1] INFO  server.RaftServerConfigKeys (ConfUtils.java:logGet(43)) - raft.server.log.appender.buffer.byte-limit = 33554432 (custom)
2019-10-06 12:27:03,018 [pool-227-thread-1] INFO  server.RaftServerConfigKeys (ConfUtils.java:logGet(43)) - raft.server.log.use.memory = false (default)
2019-10-06 12:27:03,019 [pool-217-thread-1] INFO  server.RaftServerConfigKeys (ConfUtils.java:logGet(43)) - raft.server.log.segment.size.max = 1048576 (custom)
2019-10-06 12:27:03,019 [pool-207-thread-1] INFO  server.RaftServerConfigKeys (ConfUtils.java:logGet(43)) - raft.server.log.use.memory = false (default)
2019-10-06 12:27:03,019 [pool-217-thread-1] INFO  server.RaftServerConfigKeys (ConfUtils.java:logGet(43)) - raft.server.log.segment.cache.num.max = 2 (custom)
2019-10-06 12:27:03,019 [pool-227-thread-1] INFO  server.RaftServerConfigKeys (ConfUtils.java:logGet(43)) - raft.server.log.purge.gap = 1000000 (custom)
2019-10-06 12:27:03,019 [pool-217-thread-1] INFO  segmented.SegmentedRaftLogWorker (SegmentedRaftLogWorker.java:<init>(173)) - new bc0dd1f5-e092-43fd-8479-76017d9815ee@group-0B6775E14A42-SegmentedRaftLogWorker for RaftStorage:Storage Directory /workdir/hadoop-ozone/integration-test/target/test-dir/MiniOzoneClusterImpl-51f1cfec-5daa-43b9-aad7-055df16adecb/datanode-1/data/ratis/a3df912a-ae95-4c93-98a1-0b6775e14a42
2019-10-06 12:27:03,019 [pool-207-thread-1] INFO  server.RaftServerConfigKeys (ConfUtils.java:logGet(43)) - raft.server.log.purge.gap = 1000000 (custom)
2019-10-06 12:27:03,020 [pool-217-thread-1] INFO  server.RaftServerConfigKeys (ConfUtils.java:logGet(43)) - raft.server.log.queue.byte-limit = 2147483647 (custom)
2019-10-06 12:27:03,019 [pool-227-thread-1] INFO  server.RaftServerConfigKeys (ConfUtils.java:logGet(43)) - raft.server.log.appender.buffer.byte-limit = 33554432 (custom)
2019-10-06 12:27:03,020 [pool-217-thread-1] INFO  server.RaftServerConfigKeys (ConfUtils.java:logGet(43)) - raft.server.log.queue.element-limit = 1024 (custom)
2019-10-06 12:27:03,020 [pool-207-thread-1] INFO  server.RaftServerConfigKeys (ConfUtils.java:logGet(43)) - raft.server.log.appender.buffer.byte-limit = 33554432 (custom)
2019-10-06 12:27:03,020 [pool-217-thread-1] INFO  server.RaftServerConfigKeys (ConfUtils.java:logGet(43)) - raft.server.log.segment.size.max = 1048576 (custom)
2019-10-06 12:27:03,020 [pool-227-thread-1] INFO  server.RaftServerConfigKeys (ConfUtils.java:logGet(43)) - raft.server.log.segment.size.max = 1048576 (custom)
2019-10-06 12:27:03,020 [pool-217-thread-1] INFO  server.RaftServerConfigKeys (ConfUtils.java:logGet(43)) - raft.server.log.preallocated.size = 16384 (custom)
2019-10-06 12:27:03,020 [pool-207-thread-1] INFO  server.RaftServerConfigKeys (ConfUtils.java:logGet(43)) - raft.server.log.segment.size.max = 1048576 (custom)
2019-10-06 12:27:03,021 [pool-217-thread-1] INFO  server.RaftServerConfigKeys (ConfUtils.java:logGet(43)) - raft.server.log.write.buffer.size = 33554432 (custom)
2019-10-06 12:27:03,021 [pool-227-thread-1] INFO  server.RaftServerConfigKeys (ConfUtils.java:logGet(43)) - raft.server.log.segment.cache.num.max = 2 (custom)
2019-10-06 12:27:03,021 [pool-217-thread-1] INFO  server.RaftServerConfigKeys (ConfUtils.java:logGet(43)) - raft.server.log.force.sync.num = 128 (default)
2019-10-06 12:27:03,021 [pool-207-thread-1] INFO  server.RaftServerConfigKeys (ConfUtils.java:logGet(43)) - raft.server.log.segment.cache.num.max = 2 (custom)
2019-10-06 12:27:03,021 [pool-217-thread-1] INFO  server.RaftServerConfigKeys (ConfUtils.java:logGet(43)) - raft.server.log.statemachine.data.sync = true (default)
2019-10-06 12:27:03,021 [pool-227-thread-1] INFO  segmented.SegmentedRaftLogWorker (SegmentedRaftLogWorker.java:<init>(173)) - new 405150d4-bd54-4511-ac91-84679afff3e5@group-0B6775E14A42-SegmentedRaftLogWorker for RaftStorage:Storage Directory /workdir/hadoop-ozone/integration-test/target/test-dir/MiniOzoneClusterImpl-51f1cfec-5daa-43b9-aad7-055df16adecb/datanode-2/data/ratis/a3df912a-ae95-4c93-98a1-0b6775e14a42
2019-10-06 12:27:03,022 [pool-217-thread-1] INFO  server.RaftServerConfigKeys (ConfUtils.java:logGet(43)) - raft.server.log.statemachine.data.sync.timeout = 10s (default)
2019-10-06 12:27:03,021 [pool-207-thread-1] INFO  segmented.SegmentedRaftLogWorker (SegmentedRaftLogWorker.java:<init>(173)) - new 82fffea1-b1ae-4141-a3f7-289714faad12@group-0B6775E14A42-SegmentedRaftLogWorker for RaftStorage:Storage Directory /workdir/hadoop-ozone/integration-test/target/test-dir/MiniOzoneClusterImpl-51f1cfec-5daa-43b9-aad7-055df16adecb/datanode-0/data/ratis/a3df912a-ae95-4c93-98a1-0b6775e14a42
2019-10-06 12:27:03,022 [pool-217-thread-1] INFO  server.RaftServerConfigKeys (ConfUtils.java:logGet(43)) - raft.server.log.statemachine.data.sync.timeout.retry = -1 (default)
2019-10-06 12:27:03,022 [pool-227-thread-1] INFO  server.RaftServerConfigKeys (ConfUtils.java:logGet(43)) - raft.server.log.queue.byte-limit = 2147483647 (custom)
2019-10-06 12:27:03,022 [pool-217-thread-1] INFO  server.RaftServerConfigKeys (ConfUtils.java:logGet(43)) - raft.server.log.statemachine.data.caching.enabled = true (custom)
2019-10-06 12:27:03,022 [pool-207-thread-1] INFO  server.RaftServerConfigKeys (ConfUtils.java:logGet(43)) - raft.server.log.queue.byte-limit = 2147483647 (custom)
2019-10-06 12:27:03,022 [pool-227-thread-1] INFO  server.RaftServerConfigKeys (ConfUtils.java:logGet(43)) - raft.server.log.queue.element-limit = 1024 (custom)
2019-10-06 12:27:03,023 [pool-207-thread-1] INFO  server.RaftServerConfigKeys (ConfUtils.java:logGet(43)) - raft.server.log.queue.element-limit = 1024 (custom)
2019-10-06 12:27:03,023 [pool-227-thread-1] INFO  server.RaftServerConfigKeys (ConfUtils.java:logGet(43)) - raft.server.log.segment.size.max = 1048576 (custom)
2019-10-06 12:27:03,023 [pool-207-thread-1] INFO  server.RaftServerConfigKeys (ConfUtils.java:logGet(43)) - raft.server.log.segment.size.max = 1048576 (custom)
2019-10-06 12:27:03,023 [pool-227-thread-1] INFO  server.RaftServerConfigKeys (ConfUtils.java:logGet(43)) - raft.server.log.preallocated.size = 16384 (custom)
2019-10-06 12:27:03,023 [pool-217-thread-1] INFO  segmented.SegmentedRaftLogWorker (SegmentedRaftLogWorker.java:lambda$new$0(128)) - bc0dd1f5-e092-43fd-8479-76017d9815ee@group-0B6775E14A42-SegmentedRaftLogWorker: flushIndex: setUnconditionally 0 -> -1
2019-10-06 12:27:03,023 [pool-207-thread-1] INFO  server.RaftServerConfigKeys (ConfUtils.java:logGet(43)) - raft.server.log.preallocated.size = 16384 (custom)
2019-10-06 12:27:03,024 [pool-227-thread-1] INFO  server.RaftServerConfigKeys (ConfUtils.java:logGet(43)) - raft.server.log.write.buffer.size = 33554432 (custom)
2019-10-06 12:27:03,024 [pool-217-thread-1] INFO  server.RaftServerConfigKeys (ConfUtils.java:logGet(43)) - raft.server.snapshot.auto.trigger.enabled = true (custom)
2019-10-06 12:27:03,024 [pool-207-thread-1] INFO  server.RaftServerConfigKeys (ConfUtils.java:logGet(43)) - raft.server.log.write.buffer.size = 33554432 (custom)
2019-10-06 12:27:03,024 [pool-217-thread-1] INFO  server.RaftServerConfigKeys (ConfUtils.java:logGet(43)) - raft.server.snapshot.auto.trigger.threshold = 10000 (custom)
2019-10-06 12:27:03,024 [pool-227-thread-1] INFO  server.RaftServerConfigKeys (ConfUtils.java:logGet(43)) - raft.server.log.force.sync.num = 128 (default)
2019-10-06 12:27:03,024 [pool-217-thread-1] INFO  server.RaftServerConfigKeys (ConfUtils.java:logGet(43)) - raft.server.snapshot.retention.file.num = 5 (custom)
2019-10-06 12:27:03,024 [pool-207-thread-1] INFO  server.RaftServerConfigKeys (ConfUtils.java:logGet(43)) - raft.server.log.force.sync.num = 128 (default)
2019-10-06 12:27:03,025 [pool-217-thread-1] INFO  server.RaftServerConfigKeys (ConfUtils.java:logGet(43)) - raft.server.retrycache.expirytime = 600000ms (custom)
2019-10-06 12:27:03,025 [pool-227-thread-1] INFO  server.RaftServerConfigKeys (ConfUtils.java:logGet(43)) - raft.server.log.statemachine.data.sync = true (default)
2019-10-06 12:27:03,025 [pool-207-thread-1] INFO  server.RaftServerConfigKeys (ConfUtils.java:logGet(43)) - raft.server.log.statemachine.data.sync = true (default)
2019-10-06 12:27:03,025 [pool-227-thread-1] INFO  server.RaftServerConfigKeys (ConfUtils.java:logGet(43)) - raft.server.log.statemachine.data.sync.timeout = 10s (default)
2019-10-06 12:27:03,025 [pool-207-thread-1] INFO  server.RaftServerConfigKeys (ConfUtils.java:logGet(43)) - raft.server.log.statemachine.data.sync.timeout = 10s (default)
2019-10-06 12:27:03,025 [pool-227-thread-1] INFO  server.RaftServerConfigKeys (ConfUtils.java:logGet(43)) - raft.server.log.statemachine.data.sync.timeout.retry = -1 (default)
2019-10-06 12:27:03,026 [pool-207-thread-1] INFO  server.RaftServerConfigKeys (ConfUtils.java:logGet(43)) - raft.server.log.statemachine.data.sync.timeout.retry = -1 (default)
2019-10-06 12:27:03,026 [pool-227-thread-1] INFO  server.RaftServerConfigKeys (ConfUtils.java:logGet(43)) - raft.server.log.statemachine.data.caching.enabled = true (custom)
2019-10-06 12:27:03,026 [pool-207-thread-1] INFO  server.RaftServerConfigKeys (ConfUtils.java:logGet(43)) - raft.server.log.statemachine.data.caching.enabled = true (custom)
2019-10-06 12:27:03,026 [pool-227-thread-1] INFO  segmented.SegmentedRaftLogWorker (SegmentedRaftLogWorker.java:lambda$new$0(128)) - 405150d4-bd54-4511-ac91-84679afff3e5@group-0B6775E14A42-SegmentedRaftLogWorker: flushIndex: setUnconditionally 0 -> -1
2019-10-06 12:27:03,026 [pool-207-thread-1] INFO  segmented.SegmentedRaftLogWorker (SegmentedRaftLogWorker.java:lambda$new$0(128)) - 82fffea1-b1ae-4141-a3f7-289714faad12@group-0B6775E14A42-SegmentedRaftLogWorker: flushIndex: setUnconditionally 0 -> -1
2019-10-06 12:27:03,027 [pool-227-thread-1] INFO  server.RaftServerConfigKeys (ConfUtils.java:logGet(43)) - raft.server.snapshot.auto.trigger.enabled = true (custom)
2019-10-06 12:27:03,027 [pool-227-thread-1] INFO  server.RaftServerConfigKeys (ConfUtils.java:logGet(43)) - raft.server.snapshot.auto.trigger.threshold = 10000 (custom)
2019-10-06 12:27:03,027 [pool-207-thread-1] INFO  server.RaftServerConfigKeys (ConfUtils.java:logGet(43)) - raft.server.snapshot.auto.trigger.enabled = true (custom)
2019-10-06 12:27:03,027 [pool-227-thread-1] INFO  server.RaftServerConfigKeys (ConfUtils.java:logGet(43)) - raft.server.snapshot.retention.file.num = 5 (custom)
2019-10-06 12:27:03,027 [pool-207-thread-1] INFO  server.RaftServerConfigKeys (ConfUtils.java:logGet(43)) - raft.server.snapshot.auto.trigger.threshold = 10000 (custom)
2019-10-06 12:27:03,027 [pool-227-thread-1] INFO  server.RaftServerConfigKeys (ConfUtils.java:logGet(43)) - raft.server.retrycache.expirytime = 600000ms (custom)
2019-10-06 12:27:03,027 [pool-207-thread-1] INFO  server.RaftServerConfigKeys (ConfUtils.java:logGet(43)) - raft.server.snapshot.retention.file.num = 5 (custom)
2019-10-06 12:27:03,028 [pool-217-thread-1] INFO  impl.RaftServerImpl (RaftServerImpl.java:start(181)) - bc0dd1f5-e092-43fd-8479-76017d9815ee@group-0B6775E14A42: start as a follower, conf=-1: [82fffea1-b1ae-4141-a3f7-289714faad12:192.168.30.17:44306, bc0dd1f5-e092-43fd-8479-76017d9815ee:192.168.30.17:41285, 405150d4-bd54-4511-ac91-84679afff3e5:192.168.30.17:45744], old=null
2019-10-06 12:27:03,028 [pool-207-thread-1] INFO  server.RaftServerConfigKeys (ConfUtils.java:logGet(43)) - raft.server.retrycache.expirytime = 600000ms (custom)
2019-10-06 12:27:03,028 [pool-217-thread-1] INFO  impl.RaftServerImpl (RaftServerImpl.java:setRole(170)) - bc0dd1f5-e092-43fd-8479-76017d9815ee@group-0B6775E14A42: changes role from      null to FOLLOWER at term 0 for startAsFollower
2019-10-06 12:27:03,028 [pool-217-thread-1] INFO  impl.RoleInfo (RoleInfo.java:updateAndGet(143)) - bc0dd1f5-e092-43fd-8479-76017d9815ee: start FollowerState
2019-10-06 12:27:03,029 [pool-217-thread-1] INFO  util.JmxRegister (JmxRegister.java:tryRegister(44)) - Successfully registered JMX Bean with object name Ratis:service=RaftServer,group=group-0B6775E14A42,id=bc0dd1f5-e092-43fd-8479-76017d9815ee
2019-10-06 12:27:03,032 [pool-227-thread-1] INFO  impl.RaftServerImpl (RaftServerImpl.java:start(181)) - 405150d4-bd54-4511-ac91-84679afff3e5@group-0B6775E14A42: start as a follower, conf=-1: [82fffea1-b1ae-4141-a3f7-289714faad12:192.168.30.17:44306, bc0dd1f5-e092-43fd-8479-76017d9815ee:192.168.30.17:41285, 405150d4-bd54-4511-ac91-84679afff3e5:192.168.30.17:45744], old=null
2019-10-06 12:27:03,032 [pool-227-thread-1] INFO  impl.RaftServerImpl (RaftServerImpl.java:setRole(170)) - 405150d4-bd54-4511-ac91-84679afff3e5@group-0B6775E14A42: changes role from      null to FOLLOWER at term 0 for startAsFollower
2019-10-06 12:27:03,032 [pool-227-thread-1] INFO  impl.RoleInfo (RoleInfo.java:updateAndGet(143)) - 405150d4-bd54-4511-ac91-84679afff3e5: start FollowerState
2019-10-06 12:27:03,033 [pool-207-thread-1] INFO  impl.RaftServerImpl (RaftServerImpl.java:start(181)) - 82fffea1-b1ae-4141-a3f7-289714faad12@group-0B6775E14A42: start as a follower, conf=-1: [82fffea1-b1ae-4141-a3f7-289714faad12:192.168.30.17:44306, bc0dd1f5-e092-43fd-8479-76017d9815ee:192.168.30.17:41285, 405150d4-bd54-4511-ac91-84679afff3e5:192.168.30.17:45744], old=null
2019-10-06 12:27:03,033 [pool-227-thread-1] INFO  util.JmxRegister (JmxRegister.java:tryRegister(44)) - Successfully registered JMX Bean with object name Ratis:service=RaftServer,group=group-0B6775E14A42,id=405150d4-bd54-4511-ac91-84679afff3e5
2019-10-06 12:27:03,033 [pool-207-thread-1] INFO  impl.RaftServerImpl (RaftServerImpl.java:setRole(170)) - 82fffea1-b1ae-4141-a3f7-289714faad12@group-0B6775E14A42: changes role from      null to FOLLOWER at term 0 for startAsFollower
2019-10-06 12:27:03,033 [pool-207-thread-1] INFO  impl.RoleInfo (RoleInfo.java:updateAndGet(143)) - 82fffea1-b1ae-4141-a3f7-289714faad12: start FollowerState
2019-10-06 12:27:03,034 [pool-207-thread-1] INFO  util.JmxRegister (JmxRegister.java:tryRegister(44)) - Successfully registered JMX Bean with object name Ratis:service=RaftServer,group=group-0B6775E14A42,id=82fffea1-b1ae-4141-a3f7-289714faad12
2019-10-06 12:27:03,048 [RatisPipelineUtilsThread] INFO  pipeline.PipelineStateManager (PipelineStateManager.java:addPipeline(56)) - Created pipeline Pipeline[ Id: a3df912a-ae95-4c93-98a1-0b6775e14a42, Nodes: 82fffea1-b1ae-4141-a3f7-289714faad12{ip: 192.168.30.17, host: ozone-build-dev-sjjt9-54166716, networkLocation: /default-rack, certSerialId: null}bc0dd1f5-e092-43fd-8479-76017d9815ee{ip: 192.168.30.17, host: ozone-build-dev-sjjt9-54166716, networkLocation: /default-rack, certSerialId: null}405150d4-bd54-4511-ac91-84679afff3e5{ip: 192.168.30.17, host: ozone-build-dev-sjjt9-54166716, networkLocation: /default-rack, certSerialId: null}, Type:RATIS, Factor:THREE, State:OPEN]
2019-10-06 12:27:03,061 [grpc-default-executor-3] INFO  impl.RaftServerProxy (RaftServerProxy.java:addNew(89)) - fc32efa6-4617-442e-907c-ae973fbdfc27: addNew group-4B3EDDA2B01C:[fc32efa6-4617-442e-907c-ae973fbdfc27:192.168.30.17:39407] returns group-4B3EDDA2B01C:java.util.concurrent.CompletableFuture@50db60dd[Not completed]
2019-10-06 12:27:03,069 [pool-237-thread-1] INFO  impl.RaftServerImpl (RaftServerImpl.java:<init>(95)) - fc32efa6-4617-442e-907c-ae973fbdfc27: new RaftServerImpl for group-4B3EDDA2B01C:[fc32efa6-4617-442e-907c-ae973fbdfc27:192.168.30.17:39407] with ContainerStateMachine:uninitialized
2019-10-06 12:27:03,069 [pool-237-thread-1] INFO  server.RaftServerConfigKeys (ConfUtils.java:logGet(43)) - raft.server.rpc.timeout.min = 5s (custom)
2019-10-06 12:27:03,069 [pool-237-thread-1] INFO  server.RaftServerConfigKeys (ConfUtils.java:logGet(43)) - raft.server.rpc.timeout.max = 5200ms (custom)
2019-10-06 12:27:03,070 [pool-237-thread-1] INFO  server.RaftServerConfigKeys (ConfUtils.java:logGet(43)) - raft.server.rpcslowness.timeout = 120s (custom)
2019-10-06 12:27:03,070 [pool-237-thread-1] INFO  server.RaftServerConfigKeys (ConfUtils.java:logGet(43)) - raft.server.sleep.deviation.threshold = 300 (default)
2019-10-06 12:27:03,070 [pool-237-thread-1] INFO  server.RaftServerConfigKeys (ConfUtils.java:logGet(43)) - raft.server.log.appender.install.snapshot.enabled = false (custom)
2019-10-06 12:27:03,070 [pool-237-thread-1] INFO  impl.RaftServerImpl (ServerState.java:<init>(103)) - fc32efa6-4617-442e-907c-ae973fbdfc27@group-4B3EDDA2B01C: ConfigurationManager, init=-1: [fc32efa6-4617-442e-907c-ae973fbdfc27:192.168.30.17:39407], old=null, confs=<EMPTY_MAP>
2019-10-06 12:27:03,071 [pool-237-thread-1] INFO  server.RaftServerConfigKeys (ConfUtils.java:logGet(43)) - raft.server.storage.dir = [/workdir/hadoop-ozone/integration-test/target/test-dir/MiniOzoneClusterImpl-51f1cfec-5daa-43b9-aad7-055df16adecb/datanode-3/data/ratis] (custom)
2019-10-06 12:27:03,071 [pool-237-thread-1] INFO  server.RaftServerConfigKeys (ConfUtils.java:logGet(43)) - raft.server.log.corruption.policy = EXCEPTION (default)
2019-10-06 12:27:03,071 [pool-237-thread-1] INFO  storage.RaftStorageDirectory (RaftStorageDirectory.java:analyzeStorage(246)) - The storage directory /workdir/hadoop-ozone/integration-test/target/test-dir/MiniOzoneClusterImpl-51f1cfec-5daa-43b9-aad7-055df16adecb/datanode-3/data/ratis/6a8caffc-d30e-4e53-88bd-4b3edda2b01c does not exist. Creating ...
2019-10-06 12:27:03,082 [pool-237-thread-1] INFO  storage.RaftStorageDirectory (RaftStorageDirectory.java:tryLock(328)) - Lock on /workdir/hadoop-ozone/integration-test/target/test-dir/MiniOzoneClusterImpl-51f1cfec-5daa-43b9-aad7-055df16adecb/datanode-3/data/ratis/6a8caffc-d30e-4e53-88bd-4b3edda2b01c/in_use.lock acquired by nodename 11948@ozone-build-dev-sjjt9-54166716
2019-10-06 12:27:03,083 [IPC Server handler 4 on 36117] INFO  net.NetworkTopology (NetworkTopologyImpl.java:add(111)) - Added a new node: /default-rack/e150981d-e5b4-44d7-950f-3c73c140d3ad
2019-10-06 12:27:03,083 [IPC Server handler 4 on 36117] INFO  node.SCMNodeManager (SCMNodeManager.java:register(268)) - Registered Data node : e150981d-e5b4-44d7-950f-3c73c140d3ad{ip: 192.168.30.17, host: ozone-build-dev-sjjt9-54166716, networkLocation: /default-rack, certSerialId: null}
2019-10-06 12:27:03,096 [pool-237-thread-1] INFO  storage.RaftStorage (RaftStorage.java:format(84)) - Storage directory /workdir/hadoop-ozone/integration-test/target/test-dir/MiniOzoneClusterImpl-51f1cfec-5daa-43b9-aad7-055df16adecb/datanode-3/data/ratis/6a8caffc-d30e-4e53-88bd-4b3edda2b01c has been successfully formatted.
2019-10-06 12:27:03,096 [pool-237-thread-1] INFO  ratis.ContainerStateMachine (ContainerStateMachine.java:loadSnapshot(230)) - group-4B3EDDA2B01C: The snapshot info is null. Setting the last applied indexto:(t:0, i:~)
2019-10-06 12:27:03,096 [pool-237-thread-1] INFO  server.RaftServerConfigKeys (ConfUtils.java:logGet(43)) - raft.server.notification.no-leader.timeout = 120s (custom)
2019-10-06 12:27:03,097 [pool-237-thread-1] INFO  server.RaftServerConfigKeys (ConfUtils.java:logGet(43)) - raft.server.log.use.memory = false (default)
2019-10-06 12:27:03,097 [pool-237-thread-1] INFO  server.RaftServerConfigKeys (ConfUtils.java:logGet(43)) - raft.server.log.purge.gap = 1000000 (custom)
2019-10-06 12:27:03,097 [pool-237-thread-1] INFO  server.RaftServerConfigKeys (ConfUtils.java:logGet(43)) - raft.server.log.appender.buffer.byte-limit = 33554432 (custom)
2019-10-06 12:27:03,097 [pool-237-thread-1] INFO  server.RaftServerConfigKeys (ConfUtils.java:logGet(43)) - raft.server.log.segment.size.max = 1048576 (custom)
2019-10-06 12:27:03,100 [pool-237-thread-1] INFO  server.RaftServerConfigKeys (ConfUtils.java:logGet(43)) - raft.server.log.segment.cache.num.max = 2 (custom)
2019-10-06 12:27:03,100 [pool-237-thread-1] INFO  segmented.SegmentedRaftLogWorker (SegmentedRaftLogWorker.java:<init>(173)) - new fc32efa6-4617-442e-907c-ae973fbdfc27@group-4B3EDDA2B01C-SegmentedRaftLogWorker for RaftStorage:Storage Directory /workdir/hadoop-ozone/integration-test/target/test-dir/MiniOzoneClusterImpl-51f1cfec-5daa-43b9-aad7-055df16adecb/datanode-3/data/ratis/6a8caffc-d30e-4e53-88bd-4b3edda2b01c
2019-10-06 12:27:03,100 [pool-237-thread-1] INFO  server.RaftServerConfigKeys (ConfUtils.java:logGet(43)) - raft.server.log.queue.byte-limit = 2147483647 (custom)
2019-10-06 12:27:03,100 [pool-237-thread-1] INFO  server.RaftServerConfigKeys (ConfUtils.java:logGet(43)) - raft.server.log.queue.element-limit = 1024 (custom)
2019-10-06 12:27:03,100 [pool-237-thread-1] INFO  server.RaftServerConfigKeys (ConfUtils.java:logGet(43)) - raft.server.log.segment.size.max = 1048576 (custom)
2019-10-06 12:27:03,100 [pool-237-thread-1] INFO  server.RaftServerConfigKeys (ConfUtils.java:logGet(43)) - raft.server.log.preallocated.size = 16384 (custom)
2019-10-06 12:27:03,100 [pool-237-thread-1] INFO  server.RaftServerConfigKeys (ConfUtils.java:logGet(43)) - raft.server.log.write.buffer.size = 33554432 (custom)
2019-10-06 12:27:03,101 [pool-237-thread-1] INFO  server.RaftServerConfigKeys (ConfUtils.java:logGet(43)) - raft.server.log.force.sync.num = 128 (default)
2019-10-06 12:27:03,101 [pool-237-thread-1] INFO  server.RaftServerConfigKeys (ConfUtils.java:logGet(43)) - raft.server.log.statemachine.data.sync = true (default)
2019-10-06 12:27:03,101 [pool-237-thread-1] INFO  server.RaftServerConfigKeys (ConfUtils.java:logGet(43)) - raft.server.log.statemachine.data.sync.timeout = 10s (default)
2019-10-06 12:27:03,101 [pool-237-thread-1] INFO  server.RaftServerConfigKeys (ConfUtils.java:logGet(43)) - raft.server.log.statemachine.data.sync.timeout.retry = -1 (default)
2019-10-06 12:27:03,102 [pool-237-thread-1] INFO  server.RaftServerConfigKeys (ConfUtils.java:logGet(43)) - raft.server.log.statemachine.data.caching.enabled = true (custom)
2019-10-06 12:27:03,102 [pool-237-thread-1] INFO  segmented.SegmentedRaftLogWorker (SegmentedRaftLogWorker.java:lambda$new$0(128)) - fc32efa6-4617-442e-907c-ae973fbdfc27@group-4B3EDDA2B01C-SegmentedRaftLogWorker: flushIndex: setUnconditionally 0 -> -1
2019-10-06 12:27:03,103 [pool-237-thread-1] INFO  server.RaftServerConfigKeys (ConfUtils.java:logGet(43)) - raft.server.snapshot.auto.trigger.enabled = true (custom)
2019-10-06 12:27:03,103 [pool-237-thread-1] INFO  server.RaftServerConfigKeys (ConfUtils.java:logGet(43)) - raft.server.snapshot.auto.trigger.threshold = 10000 (custom)
2019-10-06 12:27:03,103 [pool-237-thread-1] INFO  server.RaftServerConfigKeys (ConfUtils.java:logGet(43)) - raft.server.snapshot.retention.file.num = 5 (custom)
2019-10-06 12:27:03,103 [pool-237-thread-1] INFO  server.RaftServerConfigKeys (ConfUtils.java:logGet(43)) - raft.server.retrycache.expirytime = 600000ms (custom)
2019-10-06 12:27:03,106 [pool-237-thread-1] INFO  impl.RaftServerImpl (RaftServerImpl.java:start(181)) - fc32efa6-4617-442e-907c-ae973fbdfc27@group-4B3EDDA2B01C: start as a follower, conf=-1: [fc32efa6-4617-442e-907c-ae973fbdfc27:192.168.30.17:39407], old=null
2019-10-06 12:27:03,106 [pool-237-thread-1] INFO  impl.RaftServerImpl (RaftServerImpl.java:setRole(170)) - fc32efa6-4617-442e-907c-ae973fbdfc27@group-4B3EDDA2B01C: changes role from      null to FOLLOWER at term 0 for startAsFollower
2019-10-06 12:27:03,106 [pool-237-thread-1] INFO  impl.RoleInfo (RoleInfo.java:updateAndGet(143)) - fc32efa6-4617-442e-907c-ae973fbdfc27: start FollowerState
2019-10-06 12:27:03,106 [pool-237-thread-1] INFO  util.JmxRegister (JmxRegister.java:tryRegister(44)) - Successfully registered JMX Bean with object name Ratis:service=RaftServer,group=group-4B3EDDA2B01C,id=fc32efa6-4617-442e-907c-ae973fbdfc27
2019-10-06 12:27:03,115 [RatisPipelineUtilsThread] INFO  pipeline.PipelineStateManager (PipelineStateManager.java:addPipeline(56)) - Created pipeline Pipeline[ Id: 6a8caffc-d30e-4e53-88bd-4b3edda2b01c, Nodes: fc32efa6-4617-442e-907c-ae973fbdfc27{ip: 192.168.30.17, host: ozone-build-dev-sjjt9-54166716, networkLocation: /default-rack, certSerialId: null}, Type:RATIS, Factor:ONE, State:OPEN]
2019-10-06 12:27:03,135 [grpc-default-executor-5] INFO  impl.RaftServerProxy (RaftServerProxy.java:addNew(89)) - e150981d-e5b4-44d7-950f-3c73c140d3ad: addNew group-1E75A23067FC:[e150981d-e5b4-44d7-950f-3c73c140d3ad:192.168.30.17:42171] returns group-1E75A23067FC:java.util.concurrent.CompletableFuture@5b488692[Not completed]
2019-10-06 12:27:03,140 [pool-247-thread-1] INFO  impl.RaftServerImpl (RaftServerImpl.java:<init>(95)) - e150981d-e5b4-44d7-950f-3c73c140d3ad: new RaftServerImpl for group-1E75A23067FC:[e150981d-e5b4-44d7-950f-3c73c140d3ad:192.168.30.17:42171] with ContainerStateMachine:uninitialized
2019-10-06 12:27:03,140 [pool-247-thread-1] INFO  server.RaftServerConfigKeys (ConfUtils.java:logGet(43)) - raft.server.rpc.timeout.min = 5s (custom)
2019-10-06 12:27:03,141 [pool-247-thread-1] INFO  server.RaftServerConfigKeys (ConfUtils.java:logGet(43)) - raft.server.rpc.timeout.max = 5200ms (custom)
2019-10-06 12:27:03,141 [pool-247-thread-1] INFO  server.RaftServerConfigKeys (ConfUtils.java:logGet(43)) - raft.server.rpcslowness.timeout = 120s (custom)
2019-10-06 12:27:03,141 [pool-247-thread-1] INFO  server.RaftServerConfigKeys (ConfUtils.java:logGet(43)) - raft.server.sleep.deviation.threshold = 300 (default)
2019-10-06 12:27:03,141 [pool-247-thread-1] INFO  server.RaftServerConfigKeys (ConfUtils.java:logGet(43)) - raft.server.log.appender.install.snapshot.enabled = false (custom)
2019-10-06 12:27:03,141 [pool-247-thread-1] INFO  impl.RaftServerImpl (ServerState.java:<init>(103)) - e150981d-e5b4-44d7-950f-3c73c140d3ad@group-1E75A23067FC: ConfigurationManager, init=-1: [e150981d-e5b4-44d7-950f-3c73c140d3ad:192.168.30.17:42171], old=null, confs=<EMPTY_MAP>
2019-10-06 12:27:03,141 [pool-247-thread-1] INFO  server.RaftServerConfigKeys (ConfUtils.java:logGet(43)) - raft.server.storage.dir = [/workdir/hadoop-ozone/integration-test/target/test-dir/MiniOzoneClusterImpl-51f1cfec-5daa-43b9-aad7-055df16adecb/datanode-4/data/ratis] (custom)
2019-10-06 12:27:03,142 [pool-247-thread-1] INFO  server.RaftServerConfigKeys (ConfUtils.java:logGet(43)) - raft.server.log.corruption.policy = EXCEPTION (default)
2019-10-06 12:27:03,142 [pool-247-thread-1] INFO  storage.RaftStorageDirectory (RaftStorageDirectory.java:analyzeStorage(246)) - The storage directory /workdir/hadoop-ozone/integration-test/target/test-dir/MiniOzoneClusterImpl-51f1cfec-5daa-43b9-aad7-055df16adecb/datanode-4/data/ratis/d05936e8-6c0a-4ab1-a293-1e75a23067fc does not exist. Creating ...
2019-10-06 12:27:03,154 [IPC Server handler 5 on 36117] INFO  net.NetworkTopology (NetworkTopologyImpl.java:add(111)) - Added a new node: /default-rack/0a56aba4-9765-4b58-971e-a0d2bfb14c7e
2019-10-06 12:27:03,154 [IPC Server handler 5 on 36117] INFO  node.SCMNodeManager (SCMNodeManager.java:register(268)) - Registered Data node : 0a56aba4-9765-4b58-971e-a0d2bfb14c7e{ip: 192.168.30.17, host: ozone-build-dev-sjjt9-54166716, networkLocation: /default-rack, certSerialId: null}
2019-10-06 12:27:03,155 [pool-247-thread-1] INFO  storage.RaftStorageDirectory (RaftStorageDirectory.java:tryLock(328)) - Lock on /workdir/hadoop-ozone/integration-test/target/test-dir/MiniOzoneClusterImpl-51f1cfec-5daa-43b9-aad7-055df16adecb/datanode-4/data/ratis/d05936e8-6c0a-4ab1-a293-1e75a23067fc/in_use.lock acquired by nodename 11948@ozone-build-dev-sjjt9-54166716
2019-10-06 12:27:03,168 [pool-247-thread-1] INFO  storage.RaftStorage (RaftStorage.java:format(84)) - Storage directory /workdir/hadoop-ozone/integration-test/target/test-dir/MiniOzoneClusterImpl-51f1cfec-5daa-43b9-aad7-055df16adecb/datanode-4/data/ratis/d05936e8-6c0a-4ab1-a293-1e75a23067fc has been successfully formatted.
2019-10-06 12:27:03,169 [pool-247-thread-1] INFO  ratis.ContainerStateMachine (ContainerStateMachine.java:loadSnapshot(230)) - group-1E75A23067FC: The snapshot info is null. Setting the last applied indexto:(t:0, i:~)
2019-10-06 12:27:03,169 [pool-247-thread-1] INFO  server.RaftServerConfigKeys (ConfUtils.java:logGet(43)) - raft.server.notification.no-leader.timeout = 120s (custom)
2019-10-06 12:27:03,169 [pool-247-thread-1] INFO  server.RaftServerConfigKeys (ConfUtils.java:logGet(43)) - raft.server.log.use.memory = false (default)
2019-10-06 12:27:03,169 [pool-247-thread-1] INFO  server.RaftServerConfigKeys (ConfUtils.java:logGet(43)) - raft.server.log.purge.gap = 1000000 (custom)
2019-10-06 12:27:03,169 [pool-247-thread-1] INFO  server.RaftServerConfigKeys (ConfUtils.java:logGet(43)) - raft.server.log.appender.buffer.byte-limit = 33554432 (custom)
2019-10-06 12:27:03,170 [pool-247-thread-1] INFO  server.RaftServerConfigKeys (ConfUtils.java:logGet(43)) - raft.server.log.segment.size.max = 1048576 (custom)
2019-10-06 12:27:03,172 [pool-247-thread-1] INFO  server.RaftServerConfigKeys (ConfUtils.java:logGet(43)) - raft.server.log.segment.cache.num.max = 2 (custom)
2019-10-06 12:27:03,172 [pool-247-thread-1] INFO  segmented.SegmentedRaftLogWorker (SegmentedRaftLogWorker.java:<init>(173)) - new e150981d-e5b4-44d7-950f-3c73c140d3ad@group-1E75A23067FC-SegmentedRaftLogWorker for RaftStorage:Storage Directory /workdir/hadoop-ozone/integration-test/target/test-dir/MiniOzoneClusterImpl-51f1cfec-5daa-43b9-aad7-055df16adecb/datanode-4/data/ratis/d05936e8-6c0a-4ab1-a293-1e75a23067fc
2019-10-06 12:27:03,172 [pool-247-thread-1] INFO  server.RaftServerConfigKeys (ConfUtils.java:logGet(43)) - raft.server.log.queue.byte-limit = 2147483647 (custom)
2019-10-06 12:27:03,173 [pool-247-thread-1] INFO  server.RaftServerConfigKeys (ConfUtils.java:logGet(43)) - raft.server.log.queue.element-limit = 1024 (custom)
2019-10-06 12:27:03,173 [pool-247-thread-1] INFO  server.RaftServerConfigKeys (ConfUtils.java:logGet(43)) - raft.server.log.segment.size.max = 1048576 (custom)
2019-10-06 12:27:03,173 [pool-247-thread-1] INFO  server.RaftServerConfigKeys (ConfUtils.java:logGet(43)) - raft.server.log.preallocated.size = 16384 (custom)
2019-10-06 12:27:03,173 [pool-247-thread-1] INFO  server.RaftServerConfigKeys (ConfUtils.java:logGet(43)) - raft.server.log.write.buffer.size = 33554432 (custom)
2019-10-06 12:27:03,173 [pool-247-thread-1] INFO  server.RaftServerConfigKeys (ConfUtils.java:logGet(43)) - raft.server.log.force.sync.num = 128 (default)
2019-10-06 12:27:03,173 [pool-247-thread-1] INFO  server.RaftServerConfigKeys (ConfUtils.java:logGet(43)) - raft.server.log.statemachine.data.sync = true (default)
2019-10-06 12:27:03,174 [pool-247-thread-1] INFO  server.RaftServerConfigKeys (ConfUtils.java:logGet(43)) - raft.server.log.statemachine.data.sync.timeout = 10s (default)
2019-10-06 12:27:03,174 [pool-247-thread-1] INFO  server.RaftServerConfigKeys (ConfUtils.java:logGet(43)) - raft.server.log.statemachine.data.sync.timeout.retry = -1 (default)
2019-10-06 12:27:03,174 [pool-247-thread-1] INFO  server.RaftServerConfigKeys (ConfUtils.java:logGet(43)) - raft.server.log.statemachine.data.caching.enabled = true (custom)
2019-10-06 12:27:03,175 [pool-247-thread-1] INFO  segmented.SegmentedRaftLogWorker (SegmentedRaftLogWorker.java:lambda$new$0(128)) - e150981d-e5b4-44d7-950f-3c73c140d3ad@group-1E75A23067FC-SegmentedRaftLogWorker: flushIndex: setUnconditionally 0 -> -1
2019-10-06 12:27:03,175 [pool-247-thread-1] INFO  server.RaftServerConfigKeys (ConfUtils.java:logGet(43)) - raft.server.snapshot.auto.trigger.enabled = true (custom)
2019-10-06 12:27:03,175 [pool-247-thread-1] INFO  server.RaftServerConfigKeys (ConfUtils.java:logGet(43)) - raft.server.snapshot.auto.trigger.threshold = 10000 (custom)
2019-10-06 12:27:03,175 [pool-247-thread-1] INFO  server.RaftServerConfigKeys (ConfUtils.java:logGet(43)) - raft.server.snapshot.retention.file.num = 5 (custom)
2019-10-06 12:27:03,176 [pool-247-thread-1] INFO  server.RaftServerConfigKeys (ConfUtils.java:logGet(43)) - raft.server.retrycache.expirytime = 600000ms (custom)
2019-10-06 12:27:03,178 [pool-247-thread-1] INFO  impl.RaftServerImpl (RaftServerImpl.java:start(181)) - e150981d-e5b4-44d7-950f-3c73c140d3ad@group-1E75A23067FC: start as a follower, conf=-1: [e150981d-e5b4-44d7-950f-3c73c140d3ad:192.168.30.17:42171], old=null
2019-10-06 12:27:03,178 [pool-247-thread-1] INFO  impl.RaftServerImpl (RaftServerImpl.java:setRole(170)) - e150981d-e5b4-44d7-950f-3c73c140d3ad@group-1E75A23067FC: changes role from      null to FOLLOWER at term 0 for startAsFollower
2019-10-06 12:27:03,178 [pool-247-thread-1] INFO  impl.RoleInfo (RoleInfo.java:updateAndGet(143)) - e150981d-e5b4-44d7-950f-3c73c140d3ad: start FollowerState
2019-10-06 12:27:03,179 [pool-247-thread-1] INFO  util.JmxRegister (JmxRegister.java:tryRegister(44)) - Successfully registered JMX Bean with object name Ratis:service=RaftServer,group=group-1E75A23067FC,id=e150981d-e5b4-44d7-950f-3c73c140d3ad
2019-10-06 12:27:03,186 [RatisPipelineUtilsThread] INFO  pipeline.PipelineStateManager (PipelineStateManager.java:addPipeline(56)) - Created pipeline Pipeline[ Id: d05936e8-6c0a-4ab1-a293-1e75a23067fc, Nodes: e150981d-e5b4-44d7-950f-3c73c140d3ad{ip: 192.168.30.17, host: ozone-build-dev-sjjt9-54166716, networkLocation: /default-rack, certSerialId: null}, Type:RATIS, Factor:ONE, State:OPEN]
2019-10-06 12:27:03,199 [grpc-default-executor-5] INFO  impl.RaftServerProxy (RaftServerProxy.java:addNew(89)) - 0a56aba4-9765-4b58-971e-a0d2bfb14c7e: addNew group-F3CBD21FBE7B:[0a56aba4-9765-4b58-971e-a0d2bfb14c7e:192.168.30.17:37798] returns group-F3CBD21FBE7B:java.util.concurrent.CompletableFuture@5dad1490[Not completed]
2019-10-06 12:27:03,205 [pool-257-thread-1] INFO  impl.RaftServerImpl (RaftServerImpl.java:<init>(95)) - 0a56aba4-9765-4b58-971e-a0d2bfb14c7e: new RaftServerImpl for group-F3CBD21FBE7B:[0a56aba4-9765-4b58-971e-a0d2bfb14c7e:192.168.30.17:37798] with ContainerStateMachine:uninitialized
2019-10-06 12:27:03,205 [pool-257-thread-1] INFO  server.RaftServerConfigKeys (ConfUtils.java:logGet(43)) - raft.server.rpc.timeout.min = 5s (custom)
2019-10-06 12:27:03,205 [pool-257-thread-1] INFO  server.RaftServerConfigKeys (ConfUtils.java:logGet(43)) - raft.server.rpc.timeout.max = 5200ms (custom)
2019-10-06 12:27:03,206 [pool-257-thread-1] INFO  server.RaftServerConfigKeys (ConfUtils.java:logGet(43)) - raft.server.rpcslowness.timeout = 120s (custom)
2019-10-06 12:27:03,206 [pool-257-thread-1] INFO  server.RaftServerConfigKeys (ConfUtils.java:logGet(43)) - raft.server.sleep.deviation.threshold = 300 (default)
2019-10-06 12:27:03,206 [pool-257-thread-1] INFO  server.RaftServerConfigKeys (ConfUtils.java:logGet(43)) - raft.server.log.appender.install.snapshot.enabled = false (custom)
2019-10-06 12:27:03,206 [pool-257-thread-1] INFO  impl.RaftServerImpl (ServerState.java:<init>(103)) - 0a56aba4-9765-4b58-971e-a0d2bfb14c7e@group-F3CBD21FBE7B: ConfigurationManager, init=-1: [0a56aba4-9765-4b58-971e-a0d2bfb14c7e:192.168.30.17:37798], old=null, confs=<EMPTY_MAP>
2019-10-06 12:27:03,206 [pool-257-thread-1] INFO  server.RaftServerConfigKeys (ConfUtils.java:logGet(43)) - raft.server.storage.dir = [/workdir/hadoop-ozone/integration-test/target/test-dir/MiniOzoneClusterImpl-51f1cfec-5daa-43b9-aad7-055df16adecb/datanode-5/data/ratis] (custom)
2019-10-06 12:27:03,207 [pool-257-thread-1] INFO  server.RaftServerConfigKeys (ConfUtils.java:logGet(43)) - raft.server.log.corruption.policy = EXCEPTION (default)
2019-10-06 12:27:03,207 [pool-257-thread-1] INFO  storage.RaftStorageDirectory (RaftStorageDirectory.java:analyzeStorage(246)) - The storage directory /workdir/hadoop-ozone/integration-test/target/test-dir/MiniOzoneClusterImpl-51f1cfec-5daa-43b9-aad7-055df16adecb/datanode-5/data/ratis/09f44a9d-91c0-40bf-b1bc-f3cbd21fbe7b does not exist. Creating ...
2019-10-06 12:27:03,220 [main] INFO  ozone.MiniOzoneClusterImpl (MiniOzoneClusterImpl.java:lambda$waitForClusterToBeReady$0(147)) - Waiting for cluster to be ready. Got 6 of 7 DN Heartbeats.
2019-10-06 12:27:03,220 [pool-257-thread-1] INFO  storage.RaftStorageDirectory (RaftStorageDirectory.java:tryLock(328)) - Lock on /workdir/hadoop-ozone/integration-test/target/test-dir/MiniOzoneClusterImpl-51f1cfec-5daa-43b9-aad7-055df16adecb/datanode-5/data/ratis/09f44a9d-91c0-40bf-b1bc-f3cbd21fbe7b/in_use.lock acquired by nodename 11948@ozone-build-dev-sjjt9-54166716
2019-10-06 12:27:03,223 [IPC Server handler 7 on 36117] INFO  net.NetworkTopology (NetworkTopologyImpl.java:add(111)) - Added a new node: /default-rack/aef3ff6a-1d85-4b46-8877-0db60f1deee4
2019-10-06 12:27:03,224 [IPC Server handler 7 on 36117] INFO  node.SCMNodeManager (SCMNodeManager.java:register(268)) - Registered Data node : aef3ff6a-1d85-4b46-8877-0db60f1deee4{ip: 192.168.30.17, host: ozone-build-dev-sjjt9-54166716, networkLocation: /default-rack, certSerialId: null}
2019-10-06 12:27:03,234 [pool-257-thread-1] INFO  storage.RaftStorage (RaftStorage.java:format(84)) - Storage directory /workdir/hadoop-ozone/integration-test/target/test-dir/MiniOzoneClusterImpl-51f1cfec-5daa-43b9-aad7-055df16adecb/datanode-5/data/ratis/09f44a9d-91c0-40bf-b1bc-f3cbd21fbe7b has been successfully formatted.
2019-10-06 12:27:03,234 [pool-257-thread-1] INFO  ratis.ContainerStateMachine (ContainerStateMachine.java:loadSnapshot(230)) - group-F3CBD21FBE7B: The snapshot info is null. Setting the last applied indexto:(t:0, i:~)
2019-10-06 12:27:03,235 [pool-257-thread-1] INFO  server.RaftServerConfigKeys (ConfUtils.java:logGet(43)) - raft.server.notification.no-leader.timeout = 120s (custom)
2019-10-06 12:27:03,235 [pool-257-thread-1] INFO  server.RaftServerConfigKeys (ConfUtils.java:logGet(43)) - raft.server.log.use.memory = false (default)
2019-10-06 12:27:03,235 [pool-257-thread-1] INFO  server.RaftServerConfigKeys (ConfUtils.java:logGet(43)) - raft.server.log.purge.gap = 1000000 (custom)
2019-10-06 12:27:03,235 [pool-257-thread-1] INFO  server.RaftServerConfigKeys (ConfUtils.java:logGet(43)) - raft.server.log.appender.buffer.byte-limit = 33554432 (custom)
2019-10-06 12:27:03,235 [pool-257-thread-1] INFO  server.RaftServerConfigKeys (ConfUtils.java:logGet(43)) - raft.server.log.segment.size.max = 1048576 (custom)
2019-10-06 12:27:03,238 [pool-257-thread-1] INFO  server.RaftServerConfigKeys (ConfUtils.java:logGet(43)) - raft.server.log.segment.cache.num.max = 2 (custom)
2019-10-06 12:27:03,238 [pool-257-thread-1] INFO  segmented.SegmentedRaftLogWorker (SegmentedRaftLogWorker.java:<init>(173)) - new 0a56aba4-9765-4b58-971e-a0d2bfb14c7e@group-F3CBD21FBE7B-SegmentedRaftLogWorker for RaftStorage:Storage Directory /workdir/hadoop-ozone/integration-test/target/test-dir/MiniOzoneClusterImpl-51f1cfec-5daa-43b9-aad7-055df16adecb/datanode-5/data/ratis/09f44a9d-91c0-40bf-b1bc-f3cbd21fbe7b
2019-10-06 12:27:03,238 [pool-257-thread-1] INFO  server.RaftServerConfigKeys (ConfUtils.java:logGet(43)) - raft.server.log.queue.byte-limit = 2147483647 (custom)
2019-10-06 12:27:03,238 [pool-257-thread-1] INFO  server.RaftServerConfigKeys (ConfUtils.java:logGet(43)) - raft.server.log.queue.element-limit = 1024 (custom)
2019-10-06 12:27:03,238 [pool-257-thread-1] INFO  server.RaftServerConfigKeys (ConfUtils.java:logGet(43)) - raft.server.log.segment.size.max = 1048576 (custom)
2019-10-06 12:27:03,238 [pool-257-thread-1] INFO  server.RaftServerConfigKeys (ConfUtils.java:logGet(43)) - raft.server.log.preallocated.size = 16384 (custom)
2019-10-06 12:27:03,239 [pool-257-thread-1] INFO  server.RaftServerConfigKeys (ConfUtils.java:logGet(43)) - raft.server.log.write.buffer.size = 33554432 (custom)
2019-10-06 12:27:03,239 [pool-257-thread-1] INFO  server.RaftServerConfigKeys (ConfUtils.java:logGet(43)) - raft.server.log.force.sync.num = 128 (default)
2019-10-06 12:27:03,239 [pool-257-thread-1] INFO  server.RaftServerConfigKeys (ConfUtils.java:logGet(43)) - raft.server.log.statemachine.data.sync = true (default)
2019-10-06 12:27:03,239 [pool-257-thread-1] INFO  server.RaftServerConfigKeys (ConfUtils.java:logGet(43)) - raft.server.log.statemachine.data.sync.timeout = 10s (default)
2019-10-06 12:27:03,239 [pool-257-thread-1] INFO  server.RaftServerConfigKeys (ConfUtils.java:logGet(43)) - raft.server.log.statemachine.data.sync.timeout.retry = -1 (default)
2019-10-06 12:27:03,240 [pool-257-thread-1] INFO  server.RaftServerConfigKeys (ConfUtils.java:logGet(43)) - raft.server.log.statemachine.data.caching.enabled = true (custom)
2019-10-06 12:27:03,240 [pool-257-thread-1] INFO  segmented.SegmentedRaftLogWorker (SegmentedRaftLogWorker.java:lambda$new$0(128)) - 0a56aba4-9765-4b58-971e-a0d2bfb14c7e@group-F3CBD21FBE7B-SegmentedRaftLogWorker: flushIndex: setUnconditionally 0 -> -1
2019-10-06 12:27:03,240 [pool-257-thread-1] INFO  server.RaftServerConfigKeys (ConfUtils.java:logGet(43)) - raft.server.snapshot.auto.trigger.enabled = true (custom)
2019-10-06 12:27:03,241 [pool-257-thread-1] INFO  server.RaftServerConfigKeys (ConfUtils.java:logGet(43)) - raft.server.snapshot.auto.trigger.threshold = 10000 (custom)
2019-10-06 12:27:03,241 [pool-257-thread-1] INFO  server.RaftServerConfigKeys (ConfUtils.java:logGet(43)) - raft.server.snapshot.retention.file.num = 5 (custom)
2019-10-06 12:27:03,241 [pool-257-thread-1] INFO  server.RaftServerConfigKeys (ConfUtils.java:logGet(43)) - raft.server.retrycache.expirytime = 600000ms (custom)
2019-10-06 12:27:03,243 [pool-257-thread-1] INFO  impl.RaftServerImpl (RaftServerImpl.java:start(181)) - 0a56aba4-9765-4b58-971e-a0d2bfb14c7e@group-F3CBD21FBE7B: start as a follower, conf=-1: [0a56aba4-9765-4b58-971e-a0d2bfb14c7e:192.168.30.17:37798], old=null
2019-10-06 12:27:03,243 [pool-257-thread-1] INFO  impl.RaftServerImpl (RaftServerImpl.java:setRole(170)) - 0a56aba4-9765-4b58-971e-a0d2bfb14c7e@group-F3CBD21FBE7B: changes role from      null to FOLLOWER at term 0 for startAsFollower
2019-10-06 12:27:03,243 [pool-257-thread-1] INFO  impl.RoleInfo (RoleInfo.java:updateAndGet(143)) - 0a56aba4-9765-4b58-971e-a0d2bfb14c7e: start FollowerState
2019-10-06 12:27:03,244 [pool-257-thread-1] INFO  util.JmxRegister (JmxRegister.java:tryRegister(44)) - Successfully registered JMX Bean with object name Ratis:service=RaftServer,group=group-F3CBD21FBE7B,id=0a56aba4-9765-4b58-971e-a0d2bfb14c7e
2019-10-06 12:27:03,252 [RatisPipelineUtilsThread] INFO  pipeline.PipelineStateManager (PipelineStateManager.java:addPipeline(56)) - Created pipeline Pipeline[ Id: 09f44a9d-91c0-40bf-b1bc-f3cbd21fbe7b, Nodes: 0a56aba4-9765-4b58-971e-a0d2bfb14c7e{ip: 192.168.30.17, host: ozone-build-dev-sjjt9-54166716, networkLocation: /default-rack, certSerialId: null}, Type:RATIS, Factor:ONE, State:OPEN]
2019-10-06 12:27:03,263 [grpc-default-executor-5] INFO  impl.RaftServerProxy (RaftServerProxy.java:addNew(89)) - aef3ff6a-1d85-4b46-8877-0db60f1deee4: addNew group-A4ABDF337A2E:[aef3ff6a-1d85-4b46-8877-0db60f1deee4:192.168.30.17:41436] returns group-A4ABDF337A2E:java.util.concurrent.CompletableFuture@41976d6d[Not completed]
2019-10-06 12:27:03,271 [pool-267-thread-1] INFO  impl.RaftServerImpl (RaftServerImpl.java:<init>(95)) - aef3ff6a-1d85-4b46-8877-0db60f1deee4: new RaftServerImpl for group-A4ABDF337A2E:[aef3ff6a-1d85-4b46-8877-0db60f1deee4:192.168.30.17:41436] with ContainerStateMachine:uninitialized
2019-10-06 12:27:03,271 [pool-267-thread-1] INFO  server.RaftServerConfigKeys (ConfUtils.java:logGet(43)) - raft.server.rpc.timeout.min = 5s (custom)
2019-10-06 12:27:03,271 [pool-267-thread-1] INFO  server.RaftServerConfigKeys (ConfUtils.java:logGet(43)) - raft.server.rpc.timeout.max = 5200ms (custom)
2019-10-06 12:27:03,272 [pool-267-thread-1] INFO  server.RaftServerConfigKeys (ConfUtils.java:logGet(43)) - raft.server.rpcslowness.timeout = 120s (custom)
2019-10-06 12:27:03,272 [pool-267-thread-1] INFO  server.RaftServerConfigKeys (ConfUtils.java:logGet(43)) - raft.server.sleep.deviation.threshold = 300 (default)
2019-10-06 12:27:03,272 [pool-267-thread-1] INFO  server.RaftServerConfigKeys (ConfUtils.java:logGet(43)) - raft.server.log.appender.install.snapshot.enabled = false (custom)
2019-10-06 12:27:03,272 [pool-267-thread-1] INFO  impl.RaftServerImpl (ServerState.java:<init>(103)) - aef3ff6a-1d85-4b46-8877-0db60f1deee4@group-A4ABDF337A2E: ConfigurationManager, init=-1: [aef3ff6a-1d85-4b46-8877-0db60f1deee4:192.168.30.17:41436], old=null, confs=<EMPTY_MAP>
2019-10-06 12:27:03,272 [pool-267-thread-1] INFO  server.RaftServerConfigKeys (ConfUtils.java:logGet(43)) - raft.server.storage.dir = [/workdir/hadoop-ozone/integration-test/target/test-dir/MiniOzoneClusterImpl-51f1cfec-5daa-43b9-aad7-055df16adecb/datanode-6/data/ratis] (custom)
2019-10-06 12:27:03,273 [pool-267-thread-1] INFO  server.RaftServerConfigKeys (ConfUtils.java:logGet(43)) - raft.server.log.corruption.policy = EXCEPTION (default)
2019-10-06 12:27:03,273 [pool-267-thread-1] INFO  storage.RaftStorageDirectory (RaftStorageDirectory.java:analyzeStorage(246)) - The storage directory /workdir/hadoop-ozone/integration-test/target/test-dir/MiniOzoneClusterImpl-51f1cfec-5daa-43b9-aad7-055df16adecb/datanode-6/data/ratis/bdb4c321-780d-4f63-b050-a4abdf337a2e does not exist. Creating ...
2019-10-06 12:27:03,286 [pool-267-thread-1] INFO  storage.RaftStorageDirectory (RaftStorageDirectory.java:tryLock(328)) - Lock on /workdir/hadoop-ozone/integration-test/target/test-dir/MiniOzoneClusterImpl-51f1cfec-5daa-43b9-aad7-055df16adecb/datanode-6/data/ratis/bdb4c321-780d-4f63-b050-a4abdf337a2e/in_use.lock acquired by nodename 11948@ozone-build-dev-sjjt9-54166716
2019-10-06 12:27:03,300 [pool-267-thread-1] INFO  storage.RaftStorage (RaftStorage.java:format(84)) - Storage directory /workdir/hadoop-ozone/integration-test/target/test-dir/MiniOzoneClusterImpl-51f1cfec-5daa-43b9-aad7-055df16adecb/datanode-6/data/ratis/bdb4c321-780d-4f63-b050-a4abdf337a2e has been successfully formatted.
2019-10-06 12:27:03,301 [pool-267-thread-1] INFO  ratis.ContainerStateMachine (ContainerStateMachine.java:loadSnapshot(230)) - group-A4ABDF337A2E: The snapshot info is null. Setting the last applied indexto:(t:0, i:~)
2019-10-06 12:27:03,301 [pool-267-thread-1] INFO  server.RaftServerConfigKeys (ConfUtils.java:logGet(43)) - raft.server.notification.no-leader.timeout = 120s (custom)
2019-10-06 12:27:03,301 [pool-267-thread-1] INFO  server.RaftServerConfigKeys (ConfUtils.java:logGet(43)) - raft.server.log.use.memory = false (default)
2019-10-06 12:27:03,301 [pool-267-thread-1] INFO  server.RaftServerConfigKeys (ConfUtils.java:logGet(43)) - raft.server.log.purge.gap = 1000000 (custom)
2019-10-06 12:27:03,301 [pool-267-thread-1] INFO  server.RaftServerConfigKeys (ConfUtils.java:logGet(43)) - raft.server.log.appender.buffer.byte-limit = 33554432 (custom)
2019-10-06 12:27:03,302 [pool-267-thread-1] INFO  server.RaftServerConfigKeys (ConfUtils.java:logGet(43)) - raft.server.log.segment.size.max = 1048576 (custom)
2019-10-06 12:27:03,304 [pool-267-thread-1] INFO  server.RaftServerConfigKeys (ConfUtils.java:logGet(43)) - raft.server.log.segment.cache.num.max = 2 (custom)
2019-10-06 12:27:03,304 [pool-267-thread-1] INFO  segmented.SegmentedRaftLogWorker (SegmentedRaftLogWorker.java:<init>(173)) - new aef3ff6a-1d85-4b46-8877-0db60f1deee4@group-A4ABDF337A2E-SegmentedRaftLogWorker for RaftStorage:Storage Directory /workdir/hadoop-ozone/integration-test/target/test-dir/MiniOzoneClusterImpl-51f1cfec-5daa-43b9-aad7-055df16adecb/datanode-6/data/ratis/bdb4c321-780d-4f63-b050-a4abdf337a2e
2019-10-06 12:27:03,304 [pool-267-thread-1] INFO  server.RaftServerConfigKeys (ConfUtils.java:logGet(43)) - raft.server.log.queue.byte-limit = 2147483647 (custom)
2019-10-06 12:27:03,304 [pool-267-thread-1] INFO  server.RaftServerConfigKeys (ConfUtils.java:logGet(43)) - raft.server.log.queue.element-limit = 1024 (custom)
2019-10-06 12:27:03,304 [pool-267-thread-1] INFO  server.RaftServerConfigKeys (ConfUtils.java:logGet(43)) - raft.server.log.segment.size.max = 1048576 (custom)
2019-10-06 12:27:03,304 [pool-267-thread-1] INFO  server.RaftServerConfigKeys (ConfUtils.java:logGet(43)) - raft.server.log.preallocated.size = 16384 (custom)
2019-10-06 12:27:03,305 [pool-267-thread-1] INFO  server.RaftServerConfigKeys (ConfUtils.java:logGet(43)) - raft.server.log.write.buffer.size = 33554432 (custom)
2019-10-06 12:27:03,305 [pool-267-thread-1] INFO  server.RaftServerConfigKeys (ConfUtils.java:logGet(43)) - raft.server.log.force.sync.num = 128 (default)
2019-10-06 12:27:03,305 [pool-267-thread-1] INFO  server.RaftServerConfigKeys (ConfUtils.java:logGet(43)) - raft.server.log.statemachine.data.sync = true (default)
2019-10-06 12:27:03,305 [pool-267-thread-1] INFO  server.RaftServerConfigKeys (ConfUtils.java:logGet(43)) - raft.server.log.statemachine.data.sync.timeout = 10s (default)
2019-10-06 12:27:03,305 [pool-267-thread-1] INFO  server.RaftServerConfigKeys (ConfUtils.java:logGet(43)) - raft.server.log.statemachine.data.sync.timeout.retry = -1 (default)
2019-10-06 12:27:03,306 [pool-267-thread-1] INFO  server.RaftServerConfigKeys (ConfUtils.java:logGet(43)) - raft.server.log.statemachine.data.caching.enabled = true (custom)
2019-10-06 12:27:03,306 [pool-267-thread-1] INFO  segmented.SegmentedRaftLogWorker (SegmentedRaftLogWorker.java:lambda$new$0(128)) - aef3ff6a-1d85-4b46-8877-0db60f1deee4@group-A4ABDF337A2E-SegmentedRaftLogWorker: flushIndex: setUnconditionally 0 -> -1
2019-10-06 12:27:03,306 [pool-267-thread-1] INFO  server.RaftServerConfigKeys (ConfUtils.java:logGet(43)) - raft.server.snapshot.auto.trigger.enabled = true (custom)
2019-10-06 12:27:03,306 [pool-267-thread-1] INFO  server.RaftServerConfigKeys (ConfUtils.java:logGet(43)) - raft.server.snapshot.auto.trigger.threshold = 10000 (custom)
2019-10-06 12:27:03,307 [pool-267-thread-1] INFO  server.RaftServerConfigKeys (ConfUtils.java:logGet(43)) - raft.server.snapshot.retention.file.num = 5 (custom)
2019-10-06 12:27:03,307 [pool-267-thread-1] INFO  server.RaftServerConfigKeys (ConfUtils.java:logGet(43)) - raft.server.retrycache.expirytime = 600000ms (custom)
2019-10-06 12:27:03,309 [pool-267-thread-1] INFO  impl.RaftServerImpl (RaftServerImpl.java:start(181)) - aef3ff6a-1d85-4b46-8877-0db60f1deee4@group-A4ABDF337A2E: start as a follower, conf=-1: [aef3ff6a-1d85-4b46-8877-0db60f1deee4:192.168.30.17:41436], old=null
2019-10-06 12:27:03,309 [pool-267-thread-1] INFO  impl.RaftServerImpl (RaftServerImpl.java:setRole(170)) - aef3ff6a-1d85-4b46-8877-0db60f1deee4@group-A4ABDF337A2E: changes role from      null to FOLLOWER at term 0 for startAsFollower
2019-10-06 12:27:03,309 [pool-267-thread-1] INFO  impl.RoleInfo (RoleInfo.java:updateAndGet(143)) - aef3ff6a-1d85-4b46-8877-0db60f1deee4: start FollowerState
2019-10-06 12:27:03,310 [pool-267-thread-1] INFO  util.JmxRegister (JmxRegister.java:tryRegister(44)) - Successfully registered JMX Bean with object name Ratis:service=RaftServer,group=group-A4ABDF337A2E,id=aef3ff6a-1d85-4b46-8877-0db60f1deee4
2019-10-06 12:27:03,317 [RatisPipelineUtilsThread] INFO  pipeline.PipelineStateManager (PipelineStateManager.java:addPipeline(56)) - Created pipeline Pipeline[ Id: bdb4c321-780d-4f63-b050-a4abdf337a2e, Nodes: aef3ff6a-1d85-4b46-8877-0db60f1deee4{ip: 192.168.30.17, host: ozone-build-dev-sjjt9-54166716, networkLocation: /default-rack, certSerialId: null}, Type:RATIS, Factor:ONE, State:OPEN]
2019-10-06 12:27:03,332 [grpc-default-executor-3] INFO  impl.RaftServerProxy (RaftServerProxy.java:addNew(89)) - fc32efa6-4617-442e-907c-ae973fbdfc27: addNew group-9A8BD0FA2D78:[fc32efa6-4617-442e-907c-ae973fbdfc27:192.168.30.17:39407, aef3ff6a-1d85-4b46-8877-0db60f1deee4:192.168.30.17:41436, 0a56aba4-9765-4b58-971e-a0d2bfb14c7e:192.168.30.17:37798] returns group-9A8BD0FA2D78:java.util.concurrent.CompletableFuture@417f5ea5[Not completed]
2019-10-06 12:27:03,335 [grpc-default-executor-4] INFO  impl.RaftServerProxy (RaftServerProxy.java:addNew(89)) - 0a56aba4-9765-4b58-971e-a0d2bfb14c7e: addNew group-9A8BD0FA2D78:[fc32efa6-4617-442e-907c-ae973fbdfc27:192.168.30.17:39407, aef3ff6a-1d85-4b46-8877-0db60f1deee4:192.168.30.17:41436, 0a56aba4-9765-4b58-971e-a0d2bfb14c7e:192.168.30.17:37798] returns group-9A8BD0FA2D78:java.util.concurrent.CompletableFuture@64a74a65[Not completed]
2019-10-06 12:27:03,332 [grpc-default-executor-5] INFO  impl.RaftServerProxy (RaftServerProxy.java:addNew(89)) - aef3ff6a-1d85-4b46-8877-0db60f1deee4: addNew group-9A8BD0FA2D78:[fc32efa6-4617-442e-907c-ae973fbdfc27:192.168.30.17:39407, aef3ff6a-1d85-4b46-8877-0db60f1deee4:192.168.30.17:41436, 0a56aba4-9765-4b58-971e-a0d2bfb14c7e:192.168.30.17:37798] returns group-9A8BD0FA2D78:java.util.concurrent.CompletableFuture@45f96812[Not completed]
2019-10-06 12:27:03,337 [pool-237-thread-1] INFO  impl.RaftServerImpl (RaftServerImpl.java:<init>(95)) - fc32efa6-4617-442e-907c-ae973fbdfc27: new RaftServerImpl for group-9A8BD0FA2D78:[fc32efa6-4617-442e-907c-ae973fbdfc27:192.168.30.17:39407, aef3ff6a-1d85-4b46-8877-0db60f1deee4:192.168.30.17:41436, 0a56aba4-9765-4b58-971e-a0d2bfb14c7e:192.168.30.17:37798] with ContainerStateMachine:uninitialized
2019-10-06 12:27:03,337 [pool-237-thread-1] INFO  server.RaftServerConfigKeys (ConfUtils.java:logGet(43)) - raft.server.rpc.timeout.min = 5s (custom)
2019-10-06 12:27:03,337 [pool-237-thread-1] INFO  server.RaftServerConfigKeys (ConfUtils.java:logGet(43)) - raft.server.rpc.timeout.max = 5200ms (custom)
2019-10-06 12:27:03,337 [pool-237-thread-1] INFO  server.RaftServerConfigKeys (ConfUtils.java:logGet(43)) - raft.server.rpcslowness.timeout = 120s (custom)
2019-10-06 12:27:03,337 [pool-237-thread-1] INFO  server.RaftServerConfigKeys (ConfUtils.java:logGet(43)) - raft.server.sleep.deviation.threshold = 300 (default)
2019-10-06 12:27:03,337 [pool-237-thread-1] INFO  server.RaftServerConfigKeys (ConfUtils.java:logGet(43)) - raft.server.log.appender.install.snapshot.enabled = false (custom)
2019-10-06 12:27:03,337 [pool-257-thread-1] INFO  impl.RaftServerImpl (RaftServerImpl.java:<init>(95)) - 0a56aba4-9765-4b58-971e-a0d2bfb14c7e: new RaftServerImpl for group-9A8BD0FA2D78:[fc32efa6-4617-442e-907c-ae973fbdfc27:192.168.30.17:39407, aef3ff6a-1d85-4b46-8877-0db60f1deee4:192.168.30.17:41436, 0a56aba4-9765-4b58-971e-a0d2bfb14c7e:192.168.30.17:37798] with ContainerStateMachine:uninitialized
2019-10-06 12:27:03,338 [pool-237-thread-1] INFO  impl.RaftServerImpl (ServerState.java:<init>(103)) - fc32efa6-4617-442e-907c-ae973fbdfc27@group-9A8BD0FA2D78: ConfigurationManager, init=-1: [fc32efa6-4617-442e-907c-ae973fbdfc27:192.168.30.17:39407, aef3ff6a-1d85-4b46-8877-0db60f1deee4:192.168.30.17:41436, 0a56aba4-9765-4b58-971e-a0d2bfb14c7e:192.168.30.17:37798], old=null, confs=<EMPTY_MAP>
2019-10-06 12:27:03,338 [pool-257-thread-1] INFO  server.RaftServerConfigKeys (ConfUtils.java:logGet(43)) - raft.server.rpc.timeout.min = 5s (custom)
2019-10-06 12:27:03,338 [pool-237-thread-1] INFO  server.RaftServerConfigKeys (ConfUtils.java:logGet(43)) - raft.server.storage.dir = [/workdir/hadoop-ozone/integration-test/target/test-dir/MiniOzoneClusterImpl-51f1cfec-5daa-43b9-aad7-055df16adecb/datanode-3/data/ratis] (custom)
2019-10-06 12:27:03,338 [pool-257-thread-1] INFO  server.RaftServerConfigKeys (ConfUtils.java:logGet(43)) - raft.server.rpc.timeout.max = 5200ms (custom)
2019-10-06 12:27:03,338 [pool-257-thread-1] INFO  server.RaftServerConfigKeys (ConfUtils.java:logGet(43)) - raft.server.rpcslowness.timeout = 120s (custom)
2019-10-06 12:27:03,338 [pool-237-thread-1] INFO  server.RaftServerConfigKeys (ConfUtils.java:logGet(43)) - raft.server.log.corruption.policy = EXCEPTION (default)
2019-10-06 12:27:03,339 [pool-257-thread-1] INFO  server.RaftServerConfigKeys (ConfUtils.java:logGet(43)) - raft.server.sleep.deviation.threshold = 300 (default)
2019-10-06 12:27:03,339 [pool-237-thread-1] INFO  storage.RaftStorageDirectory (RaftStorageDirectory.java:analyzeStorage(246)) - The storage directory /workdir/hadoop-ozone/integration-test/target/test-dir/MiniOzoneClusterImpl-51f1cfec-5daa-43b9-aad7-055df16adecb/datanode-3/data/ratis/89a2d24d-e898-49a0-80c6-9a8bd0fa2d78 does not exist. Creating ...
2019-10-06 12:27:03,339 [pool-267-thread-1] INFO  impl.RaftServerImpl (RaftServerImpl.java:<init>(95)) - aef3ff6a-1d85-4b46-8877-0db60f1deee4: new RaftServerImpl for group-9A8BD0FA2D78:[fc32efa6-4617-442e-907c-ae973fbdfc27:192.168.30.17:39407, aef3ff6a-1d85-4b46-8877-0db60f1deee4:192.168.30.17:41436, 0a56aba4-9765-4b58-971e-a0d2bfb14c7e:192.168.30.17:37798] with ContainerStateMachine:uninitialized
2019-10-06 12:27:03,339 [pool-257-thread-1] INFO  server.RaftServerConfigKeys (ConfUtils.java:logGet(43)) - raft.server.log.appender.install.snapshot.enabled = false (custom)
2019-10-06 12:27:03,339 [pool-267-thread-1] INFO  server.RaftServerConfigKeys (ConfUtils.java:logGet(43)) - raft.server.rpc.timeout.min = 5s (custom)
2019-10-06 12:27:03,339 [pool-257-thread-1] INFO  impl.RaftServerImpl (ServerState.java:<init>(103)) - 0a56aba4-9765-4b58-971e-a0d2bfb14c7e@group-9A8BD0FA2D78: ConfigurationManager, init=-1: [fc32efa6-4617-442e-907c-ae973fbdfc27:192.168.30.17:39407, aef3ff6a-1d85-4b46-8877-0db60f1deee4:192.168.30.17:41436, 0a56aba4-9765-4b58-971e-a0d2bfb14c7e:192.168.30.17:37798], old=null, confs=<EMPTY_MAP>
2019-10-06 12:27:03,340 [pool-267-thread-1] INFO  server.RaftServerConfigKeys (ConfUtils.java:logGet(43)) - raft.server.rpc.timeout.max = 5200ms (custom)
2019-10-06 12:27:03,340 [pool-257-thread-1] INFO  server.RaftServerConfigKeys (ConfUtils.java:logGet(43)) - raft.server.storage.dir = [/workdir/hadoop-ozone/integration-test/target/test-dir/MiniOzoneClusterImpl-51f1cfec-5daa-43b9-aad7-055df16adecb/datanode-5/data/ratis] (custom)
2019-10-06 12:27:03,340 [pool-267-thread-1] INFO  server.RaftServerConfigKeys (ConfUtils.java:logGet(43)) - raft.server.rpcslowness.timeout = 120s (custom)
2019-10-06 12:27:03,340 [pool-267-thread-1] INFO  server.RaftServerConfigKeys (ConfUtils.java:logGet(43)) - raft.server.sleep.deviation.threshold = 300 (default)
2019-10-06 12:27:03,340 [pool-257-thread-1] INFO  server.RaftServerConfigKeys (ConfUtils.java:logGet(43)) - raft.server.log.corruption.policy = EXCEPTION (default)
2019-10-06 12:27:03,340 [pool-267-thread-1] INFO  server.RaftServerConfigKeys (ConfUtils.java:logGet(43)) - raft.server.log.appender.install.snapshot.enabled = false (custom)
2019-10-06 12:27:03,341 [pool-257-thread-1] INFO  storage.RaftStorageDirectory (RaftStorageDirectory.java:analyzeStorage(246)) - The storage directory /workdir/hadoop-ozone/integration-test/target/test-dir/MiniOzoneClusterImpl-51f1cfec-5daa-43b9-aad7-055df16adecb/datanode-5/data/ratis/89a2d24d-e898-49a0-80c6-9a8bd0fa2d78 does not exist. Creating ...
2019-10-06 12:27:03,341 [pool-267-thread-1] INFO  impl.RaftServerImpl (ServerState.java:<init>(103)) - aef3ff6a-1d85-4b46-8877-0db60f1deee4@group-9A8BD0FA2D78: ConfigurationManager, init=-1: [fc32efa6-4617-442e-907c-ae973fbdfc27:192.168.30.17:39407, aef3ff6a-1d85-4b46-8877-0db60f1deee4:192.168.30.17:41436, 0a56aba4-9765-4b58-971e-a0d2bfb14c7e:192.168.30.17:37798], old=null, confs=<EMPTY_MAP>
2019-10-06 12:27:03,341 [pool-267-thread-1] INFO  server.RaftServerConfigKeys (ConfUtils.java:logGet(43)) - raft.server.storage.dir = [/workdir/hadoop-ozone/integration-test/target/test-dir/MiniOzoneClusterImpl-51f1cfec-5daa-43b9-aad7-055df16adecb/datanode-6/data/ratis] (custom)
2019-10-06 12:27:03,342 [pool-267-thread-1] INFO  server.RaftServerConfigKeys (ConfUtils.java:logGet(43)) - raft.server.log.corruption.policy = EXCEPTION (default)
2019-10-06 12:27:03,342 [pool-267-thread-1] INFO  storage.RaftStorageDirectory (RaftStorageDirectory.java:analyzeStorage(246)) - The storage directory /workdir/hadoop-ozone/integration-test/target/test-dir/MiniOzoneClusterImpl-51f1cfec-5daa-43b9-aad7-055df16adecb/datanode-6/data/ratis/89a2d24d-e898-49a0-80c6-9a8bd0fa2d78 does not exist. Creating ...
2019-10-06 12:27:03,352 [pool-237-thread-1] INFO  storage.RaftStorageDirectory (RaftStorageDirectory.java:tryLock(328)) - Lock on /workdir/hadoop-ozone/integration-test/target/test-dir/MiniOzoneClusterImpl-51f1cfec-5daa-43b9-aad7-055df16adecb/datanode-3/data/ratis/89a2d24d-e898-49a0-80c6-9a8bd0fa2d78/in_use.lock acquired by nodename 11948@ozone-build-dev-sjjt9-54166716
2019-10-06 12:27:03,352 [pool-257-thread-1] INFO  storage.RaftStorageDirectory (RaftStorageDirectory.java:tryLock(328)) - Lock on /workdir/hadoop-ozone/integration-test/target/test-dir/MiniOzoneClusterImpl-51f1cfec-5daa-43b9-aad7-055df16adecb/datanode-5/data/ratis/89a2d24d-e898-49a0-80c6-9a8bd0fa2d78/in_use.lock acquired by nodename 11948@ozone-build-dev-sjjt9-54166716
2019-10-06 12:27:03,352 [pool-267-thread-1] INFO  storage.RaftStorageDirectory (RaftStorageDirectory.java:tryLock(328)) - Lock on /workdir/hadoop-ozone/integration-test/target/test-dir/MiniOzoneClusterImpl-51f1cfec-5daa-43b9-aad7-055df16adecb/datanode-6/data/ratis/89a2d24d-e898-49a0-80c6-9a8bd0fa2d78/in_use.lock acquired by nodename 11948@ozone-build-dev-sjjt9-54166716
2019-10-06 12:27:03,372 [pool-257-thread-1] INFO  storage.RaftStorage (RaftStorage.java:format(84)) - Storage directory /workdir/hadoop-ozone/integration-test/target/test-dir/MiniOzoneClusterImpl-51f1cfec-5daa-43b9-aad7-055df16adecb/datanode-5/data/ratis/89a2d24d-e898-49a0-80c6-9a8bd0fa2d78 has been successfully formatted.
2019-10-06 12:27:03,372 [pool-237-thread-1] INFO  storage.RaftStorage (RaftStorage.java:format(84)) - Storage directory /workdir/hadoop-ozone/integration-test/target/test-dir/MiniOzoneClusterImpl-51f1cfec-5daa-43b9-aad7-055df16adecb/datanode-3/data/ratis/89a2d24d-e898-49a0-80c6-9a8bd0fa2d78 has been successfully formatted.
2019-10-06 12:27:03,372 [pool-267-thread-1] INFO  storage.RaftStorage (RaftStorage.java:format(84)) - Storage directory /workdir/hadoop-ozone/integration-test/target/test-dir/MiniOzoneClusterImpl-51f1cfec-5daa-43b9-aad7-055df16adecb/datanode-6/data/ratis/89a2d24d-e898-49a0-80c6-9a8bd0fa2d78 has been successfully formatted.
2019-10-06 12:27:03,373 [pool-237-thread-1] INFO  ratis.ContainerStateMachine (ContainerStateMachine.java:loadSnapshot(230)) - group-9A8BD0FA2D78: The snapshot info is null. Setting the last applied indexto:(t:0, i:~)
2019-10-06 12:27:03,373 [pool-257-thread-1] INFO  ratis.ContainerStateMachine (ContainerStateMachine.java:loadSnapshot(230)) - group-9A8BD0FA2D78: The snapshot info is null. Setting the last applied indexto:(t:0, i:~)
2019-10-06 12:27:03,373 [pool-267-thread-1] INFO  ratis.ContainerStateMachine (ContainerStateMachine.java:loadSnapshot(230)) - group-9A8BD0FA2D78: The snapshot info is null. Setting the last applied indexto:(t:0, i:~)
2019-10-06 12:27:03,373 [pool-237-thread-1] INFO  server.RaftServerConfigKeys (ConfUtils.java:logGet(43)) - raft.server.notification.no-leader.timeout = 120s (custom)
2019-10-06 12:27:03,373 [pool-267-thread-1] INFO  server.RaftServerConfigKeys (ConfUtils.java:logGet(43)) - raft.server.notification.no-leader.timeout = 120s (custom)
2019-10-06 12:27:03,373 [pool-257-thread-1] INFO  server.RaftServerConfigKeys (ConfUtils.java:logGet(43)) - raft.server.notification.no-leader.timeout = 120s (custom)
2019-10-06 12:27:03,373 [pool-267-thread-1] INFO  server.RaftServerConfigKeys (ConfUtils.java:logGet(43)) - raft.server.log.use.memory = false (default)
2019-10-06 12:27:03,373 [pool-237-thread-1] INFO  server.RaftServerConfigKeys (ConfUtils.java:logGet(43)) - raft.server.log.use.memory = false (default)
2019-10-06 12:27:03,373 [pool-257-thread-1] INFO  server.RaftServerConfigKeys (ConfUtils.java:logGet(43)) - raft.server.log.use.memory = false (default)
2019-10-06 12:27:03,374 [pool-237-thread-1] INFO  server.RaftServerConfigKeys (ConfUtils.java:logGet(43)) - raft.server.log.purge.gap = 1000000 (custom)
2019-10-06 12:27:03,374 [pool-267-thread-1] INFO  server.RaftServerConfigKeys (ConfUtils.java:logGet(43)) - raft.server.log.purge.gap = 1000000 (custom)
2019-10-06 12:27:03,374 [pool-237-thread-1] INFO  server.RaftServerConfigKeys (ConfUtils.java:logGet(43)) - raft.server.log.appender.buffer.byte-limit = 33554432 (custom)
2019-10-06 12:27:03,374 [pool-257-thread-1] INFO  server.RaftServerConfigKeys (ConfUtils.java:logGet(43)) - raft.server.log.purge.gap = 1000000 (custom)
2019-10-06 12:27:03,374 [pool-237-thread-1] INFO  server.RaftServerConfigKeys (ConfUtils.java:logGet(43)) - raft.server.log.segment.size.max = 1048576 (custom)
2019-10-06 12:27:03,374 [pool-267-thread-1] INFO  server.RaftServerConfigKeys (ConfUtils.java:logGet(43)) - raft.server.log.appender.buffer.byte-limit = 33554432 (custom)
2019-10-06 12:27:03,374 [pool-237-thread-1] INFO  server.RaftServerConfigKeys (ConfUtils.java:logGet(43)) - raft.server.log.segment.cache.num.max = 2 (custom)
2019-10-06 12:27:03,374 [pool-257-thread-1] INFO  server.RaftServerConfigKeys (ConfUtils.java:logGet(43)) - raft.server.log.appender.buffer.byte-limit = 33554432 (custom)
2019-10-06 12:27:03,375 [pool-237-thread-1] INFO  segmented.SegmentedRaftLogWorker (SegmentedRaftLogWorker.java:<init>(173)) - new fc32efa6-4617-442e-907c-ae973fbdfc27@group-9A8BD0FA2D78-SegmentedRaftLogWorker for RaftStorage:Storage Directory /workdir/hadoop-ozone/integration-test/target/test-dir/MiniOzoneClusterImpl-51f1cfec-5daa-43b9-aad7-055df16adecb/datanode-3/data/ratis/89a2d24d-e898-49a0-80c6-9a8bd0fa2d78
2019-10-06 12:27:03,374 [pool-267-thread-1] INFO  server.RaftServerConfigKeys (ConfUtils.java:logGet(43)) - raft.server.log.segment.size.max = 1048576 (custom)
2019-10-06 12:27:03,375 [pool-237-thread-1] INFO  server.RaftServerConfigKeys (ConfUtils.java:logGet(43)) - raft.server.log.queue.byte-limit = 2147483647 (custom)
2019-10-06 12:27:03,375 [pool-257-thread-1] INFO  server.RaftServerConfigKeys (ConfUtils.java:logGet(43)) - raft.server.log.segment.size.max = 1048576 (custom)
2019-10-06 12:27:03,375 [pool-237-thread-1] INFO  server.RaftServerConfigKeys (ConfUtils.java:logGet(43)) - raft.server.log.queue.element-limit = 1024 (custom)
2019-10-06 12:27:03,375 [pool-267-thread-1] INFO  server.RaftServerConfigKeys (ConfUtils.java:logGet(43)) - raft.server.log.segment.cache.num.max = 2 (custom)
2019-10-06 12:27:03,376 [pool-237-thread-1] INFO  server.RaftServerConfigKeys (ConfUtils.java:logGet(43)) - raft.server.log.segment.size.max = 1048576 (custom)
2019-10-06 12:27:03,376 [pool-237-thread-1] INFO  server.RaftServerConfigKeys (ConfUtils.java:logGet(43)) - raft.server.log.preallocated.size = 16384 (custom)
2019-10-06 12:27:03,375 [pool-257-thread-1] INFO  server.RaftServerConfigKeys (ConfUtils.java:logGet(43)) - raft.server.log.segment.cache.num.max = 2 (custom)
2019-10-06 12:27:03,376 [pool-237-thread-1] INFO  server.RaftServerConfigKeys (ConfUtils.java:logGet(43)) - raft.server.log.write.buffer.size = 33554432 (custom)
2019-10-06 12:27:03,376 [pool-267-thread-1] INFO  segmented.SegmentedRaftLogWorker (SegmentedRaftLogWorker.java:<init>(173)) - new aef3ff6a-1d85-4b46-8877-0db60f1deee4@group-9A8BD0FA2D78-SegmentedRaftLogWorker for RaftStorage:Storage Directory /workdir/hadoop-ozone/integration-test/target/test-dir/MiniOzoneClusterImpl-51f1cfec-5daa-43b9-aad7-055df16adecb/datanode-6/data/ratis/89a2d24d-e898-49a0-80c6-9a8bd0fa2d78
2019-10-06 12:27:03,376 [pool-237-thread-1] INFO  server.RaftServerConfigKeys (ConfUtils.java:logGet(43)) - raft.server.log.force.sync.num = 128 (default)
2019-10-06 12:27:03,376 [pool-257-thread-1] INFO  segmented.SegmentedRaftLogWorker (SegmentedRaftLogWorker.java:<init>(173)) - new 0a56aba4-9765-4b58-971e-a0d2bfb14c7e@group-9A8BD0FA2D78-SegmentedRaftLogWorker for RaftStorage:Storage Directory /workdir/hadoop-ozone/integration-test/target/test-dir/MiniOzoneClusterImpl-51f1cfec-5daa-43b9-aad7-055df16adecb/datanode-5/data/ratis/89a2d24d-e898-49a0-80c6-9a8bd0fa2d78
2019-10-06 12:27:03,376 [pool-237-thread-1] INFO  server.RaftServerConfigKeys (ConfUtils.java:logGet(43)) - raft.server.log.statemachine.data.sync = true (default)
2019-10-06 12:27:03,376 [pool-267-thread-1] INFO  server.RaftServerConfigKeys (ConfUtils.java:logGet(43)) - raft.server.log.queue.byte-limit = 2147483647 (custom)
2019-10-06 12:27:03,377 [pool-237-thread-1] INFO  server.RaftServerConfigKeys (ConfUtils.java:logGet(43)) - raft.server.log.statemachine.data.sync.timeout = 10s (default)
2019-10-06 12:27:03,377 [pool-257-thread-1] INFO  server.RaftServerConfigKeys (ConfUtils.java:logGet(43)) - raft.server.log.queue.byte-limit = 2147483647 (custom)
2019-10-06 12:27:03,377 [pool-237-thread-1] INFO  server.RaftServerConfigKeys (ConfUtils.java:logGet(43)) - raft.server.log.statemachine.data.sync.timeout.retry = -1 (default)
2019-10-06 12:27:03,377 [pool-267-thread-1] INFO  server.RaftServerConfigKeys (ConfUtils.java:logGet(43)) - raft.server.log.queue.element-limit = 1024 (custom)
2019-10-06 12:27:03,377 [pool-257-thread-1] INFO  server.RaftServerConfigKeys (ConfUtils.java:logGet(43)) - raft.server.log.queue.element-limit = 1024 (custom)
2019-10-06 12:27:03,378 [pool-237-thread-1] INFO  server.RaftServerConfigKeys (ConfUtils.java:logGet(43)) - raft.server.log.statemachine.data.caching.enabled = true (custom)
2019-10-06 12:27:03,378 [pool-267-thread-1] INFO  server.RaftServerConfigKeys (ConfUtils.java:logGet(43)) - raft.server.log.segment.size.max = 1048576 (custom)
2019-10-06 12:27:03,378 [pool-257-thread-1] INFO  server.RaftServerConfigKeys (ConfUtils.java:logGet(43)) - raft.server.log.segment.size.max = 1048576 (custom)
2019-10-06 12:27:03,378 [pool-267-thread-1] INFO  server.RaftServerConfigKeys (ConfUtils.java:logGet(43)) - raft.server.log.preallocated.size = 16384 (custom)
2019-10-06 12:27:03,378 [pool-237-thread-1] INFO  segmented.SegmentedRaftLogWorker (SegmentedRaftLogWorker.java:lambda$new$0(128)) - fc32efa6-4617-442e-907c-ae973fbdfc27@group-9A8BD0FA2D78-SegmentedRaftLogWorker: flushIndex: setUnconditionally 0 -> -1
2019-10-06 12:27:03,378 [pool-257-thread-1] INFO  server.RaftServerConfigKeys (ConfUtils.java:logGet(43)) - raft.server.log.preallocated.size = 16384 (custom)
2019-10-06 12:27:03,378 [pool-257-thread-1] INFO  server.RaftServerConfigKeys (ConfUtils.java:logGet(43)) - raft.server.log.write.buffer.size = 33554432 (custom)
2019-10-06 12:27:03,378 [pool-267-thread-1] INFO  server.RaftServerConfigKeys (ConfUtils.java:logGet(43)) - raft.server.log.write.buffer.size = 33554432 (custom)
2019-10-06 12:27:03,379 [pool-257-thread-1] INFO  server.RaftServerConfigKeys (ConfUtils.java:logGet(43)) - raft.server.log.force.sync.num = 128 (default)
2019-10-06 12:27:03,378 [pool-237-thread-1] INFO  server.RaftServerConfigKeys (ConfUtils.java:logGet(43)) - raft.server.snapshot.auto.trigger.enabled = true (custom)
2019-10-06 12:27:03,379 [pool-257-thread-1] INFO  server.RaftServerConfigKeys (ConfUtils.java:logGet(43)) - raft.server.log.statemachine.data.sync = true (default)
2019-10-06 12:27:03,379 [pool-267-thread-1] INFO  server.RaftServerConfigKeys (ConfUtils.java:logGet(43)) - raft.server.log.force.sync.num = 128 (default)
2019-10-06 12:27:03,379 [pool-257-thread-1] INFO  server.RaftServerConfigKeys (ConfUtils.java:logGet(43)) - raft.server.log.statemachine.data.sync.timeout = 10s (default)
2019-10-06 12:27:03,379 [pool-237-thread-1] INFO  server.RaftServerConfigKeys (ConfUtils.java:logGet(43)) - raft.server.snapshot.auto.trigger.threshold = 10000 (custom)
2019-10-06 12:27:03,380 [pool-257-thread-1] INFO  server.RaftServerConfigKeys (ConfUtils.java:logGet(43)) - raft.server.log.statemachine.data.sync.timeout.retry = -1 (default)
2019-10-06 12:27:03,379 [pool-267-thread-1] INFO  server.RaftServerConfigKeys (ConfUtils.java:logGet(43)) - raft.server.log.statemachine.data.sync = true (default)
2019-10-06 12:27:03,380 [pool-257-thread-1] INFO  server.RaftServerConfigKeys (ConfUtils.java:logGet(43)) - raft.server.log.statemachine.data.caching.enabled = true (custom)
2019-10-06 12:27:03,380 [pool-237-thread-1] INFO  server.RaftServerConfigKeys (ConfUtils.java:logGet(43)) - raft.server.snapshot.retention.file.num = 5 (custom)
2019-10-06 12:27:03,380 [pool-267-thread-1] INFO  server.RaftServerConfigKeys (ConfUtils.java:logGet(43)) - raft.server.log.statemachine.data.sync.timeout = 10s (default)
2019-10-06 12:27:03,380 [pool-257-thread-1] INFO  segmented.SegmentedRaftLogWorker (SegmentedRaftLogWorker.java:lambda$new$0(128)) - 0a56aba4-9765-4b58-971e-a0d2bfb14c7e@group-9A8BD0FA2D78-SegmentedRaftLogWorker: flushIndex: setUnconditionally 0 -> -1
2019-10-06 12:27:03,380 [pool-237-thread-1] INFO  server.RaftServerConfigKeys (ConfUtils.java:logGet(43)) - raft.server.retrycache.expirytime = 600000ms (custom)
2019-10-06 12:27:03,380 [pool-267-thread-1] INFO  server.RaftServerConfigKeys (ConfUtils.java:logGet(43)) - raft.server.log.statemachine.data.sync.timeout.retry = -1 (default)
2019-10-06 12:27:03,381 [pool-257-thread-1] INFO  server.RaftServerConfigKeys (ConfUtils.java:logGet(43)) - raft.server.snapshot.auto.trigger.enabled = true (custom)
2019-10-06 12:27:03,381 [pool-267-thread-1] INFO  server.RaftServerConfigKeys (ConfUtils.java:logGet(43)) - raft.server.log.statemachine.data.caching.enabled = true (custom)
2019-10-06 12:27:03,381 [pool-257-thread-1] INFO  server.RaftServerConfigKeys (ConfUtils.java:logGet(43)) - raft.server.snapshot.auto.trigger.threshold = 10000 (custom)
2019-10-06 12:27:03,381 [pool-257-thread-1] INFO  server.RaftServerConfigKeys (ConfUtils.java:logGet(43)) - raft.server.snapshot.retention.file.num = 5 (custom)
2019-10-06 12:27:03,381 [pool-267-thread-1] INFO  segmented.SegmentedRaftLogWorker (SegmentedRaftLogWorker.java:lambda$new$0(128)) - aef3ff6a-1d85-4b46-8877-0db60f1deee4@group-9A8BD0FA2D78-SegmentedRaftLogWorker: flushIndex: setUnconditionally 0 -> -1
2019-10-06 12:27:03,381 [pool-257-thread-1] INFO  server.RaftServerConfigKeys (ConfUtils.java:logGet(43)) - raft.server.retrycache.expirytime = 600000ms (custom)
2019-10-06 12:27:03,382 [pool-267-thread-1] INFO  server.RaftServerConfigKeys (ConfUtils.java:logGet(43)) - raft.server.snapshot.auto.trigger.enabled = true (custom)
2019-10-06 12:27:03,382 [pool-267-thread-1] INFO  server.RaftServerConfigKeys (ConfUtils.java:logGet(43)) - raft.server.snapshot.auto.trigger.threshold = 10000 (custom)
2019-10-06 12:27:03,382 [pool-267-thread-1] INFO  server.RaftServerConfigKeys (ConfUtils.java:logGet(43)) - raft.server.snapshot.retention.file.num = 5 (custom)
2019-10-06 12:27:03,382 [pool-267-thread-1] INFO  server.RaftServerConfigKeys (ConfUtils.java:logGet(43)) - raft.server.retrycache.expirytime = 600000ms (custom)
2019-10-06 12:27:03,387 [pool-237-thread-1] INFO  impl.RaftServerImpl (RaftServerImpl.java:start(181)) - fc32efa6-4617-442e-907c-ae973fbdfc27@group-9A8BD0FA2D78: start as a follower, conf=-1: [fc32efa6-4617-442e-907c-ae973fbdfc27:192.168.30.17:39407, aef3ff6a-1d85-4b46-8877-0db60f1deee4:192.168.30.17:41436, 0a56aba4-9765-4b58-971e-a0d2bfb14c7e:192.168.30.17:37798], old=null
2019-10-06 12:27:03,387 [pool-237-thread-1] INFO  impl.RaftServerImpl (RaftServerImpl.java:setRole(170)) - fc32efa6-4617-442e-907c-ae973fbdfc27@group-9A8BD0FA2D78: changes role from      null to FOLLOWER at term 0 for startAsFollower
2019-10-06 12:27:03,387 [pool-237-thread-1] INFO  impl.RoleInfo (RoleInfo.java:updateAndGet(143)) - fc32efa6-4617-442e-907c-ae973fbdfc27: start FollowerState
2019-10-06 12:27:03,387 [pool-257-thread-1] INFO  impl.RaftServerImpl (RaftServerImpl.java:start(181)) - 0a56aba4-9765-4b58-971e-a0d2bfb14c7e@group-9A8BD0FA2D78: start as a follower, conf=-1: [fc32efa6-4617-442e-907c-ae973fbdfc27:192.168.30.17:39407, aef3ff6a-1d85-4b46-8877-0db60f1deee4:192.168.30.17:41436, 0a56aba4-9765-4b58-971e-a0d2bfb14c7e:192.168.30.17:37798], old=null
2019-10-06 12:27:03,387 [pool-267-thread-1] INFO  impl.RaftServerImpl (RaftServerImpl.java:start(181)) - aef3ff6a-1d85-4b46-8877-0db60f1deee4@group-9A8BD0FA2D78: start as a follower, conf=-1: [fc32efa6-4617-442e-907c-ae973fbdfc27:192.168.30.17:39407, aef3ff6a-1d85-4b46-8877-0db60f1deee4:192.168.30.17:41436, 0a56aba4-9765-4b58-971e-a0d2bfb14c7e:192.168.30.17:37798], old=null
2019-10-06 12:27:03,387 [pool-237-thread-1] INFO  util.JmxRegister (JmxRegister.java:tryRegister(44)) - Successfully registered JMX Bean with object name Ratis:service=RaftServer,group=group-9A8BD0FA2D78,id=fc32efa6-4617-442e-907c-ae973fbdfc27
2019-10-06 12:27:03,387 [pool-257-thread-1] INFO  impl.RaftServerImpl (RaftServerImpl.java:setRole(170)) - 0a56aba4-9765-4b58-971e-a0d2bfb14c7e@group-9A8BD0FA2D78: changes role from      null to FOLLOWER at term 0 for startAsFollower
2019-10-06 12:27:03,388 [pool-267-thread-1] INFO  impl.RaftServerImpl (RaftServerImpl.java:setRole(170)) - aef3ff6a-1d85-4b46-8877-0db60f1deee4@group-9A8BD0FA2D78: changes role from      null to FOLLOWER at term 0 for startAsFollower
2019-10-06 12:27:03,388 [pool-257-thread-1] INFO  impl.RoleInfo (RoleInfo.java:updateAndGet(143)) - 0a56aba4-9765-4b58-971e-a0d2bfb14c7e: start FollowerState
2019-10-06 12:27:03,388 [pool-267-thread-1] INFO  impl.RoleInfo (RoleInfo.java:updateAndGet(143)) - aef3ff6a-1d85-4b46-8877-0db60f1deee4: start FollowerState
2019-10-06 12:27:03,388 [pool-257-thread-1] INFO  util.JmxRegister (JmxRegister.java:tryRegister(44)) - Successfully registered JMX Bean with object name Ratis:service=RaftServer,group=group-9A8BD0FA2D78,id=0a56aba4-9765-4b58-971e-a0d2bfb14c7e
2019-10-06 12:27:03,389 [pool-267-thread-1] INFO  util.JmxRegister (JmxRegister.java:tryRegister(44)) - Successfully registered JMX Bean with object name Ratis:service=RaftServer,group=group-9A8BD0FA2D78,id=aef3ff6a-1d85-4b46-8877-0db60f1deee4
2019-10-06 12:27:03,405 [RatisPipelineUtilsThread] INFO  pipeline.PipelineStateManager (PipelineStateManager.java:addPipeline(56)) - Created pipeline Pipeline[ Id: 89a2d24d-e898-49a0-80c6-9a8bd0fa2d78, Nodes: aef3ff6a-1d85-4b46-8877-0db60f1deee4{ip: 192.168.30.17, host: ozone-build-dev-sjjt9-54166716, networkLocation: /default-rack, certSerialId: null}fc32efa6-4617-442e-907c-ae973fbdfc27{ip: 192.168.30.17, host: ozone-build-dev-sjjt9-54166716, networkLocation: /default-rack, certSerialId: null}0a56aba4-9765-4b58-971e-a0d2bfb14c7e{ip: 192.168.30.17, host: ozone-build-dev-sjjt9-54166716, networkLocation: /default-rack, certSerialId: null}, Type:RATIS, Factor:THREE, State:OPEN]
2019-10-06 12:27:04,220 [main] INFO  ozone.MiniOzoneClusterImpl (MiniOzoneClusterImpl.java:lambda$waitForClusterToBeReady$0(147)) - Cluster is ready. Got 7 of 7 DN Heartbeats.
2019-10-06 12:27:04,264 [main] INFO  rpc.RpcClient (RpcClient.java:createVolume(277)) - Creating Volume: watchforcommithandlingtest, with jenkins1000 as owner.
2019-10-06 12:27:04,268 [IPC Server handler 2 on 43254] INFO  volume.OMVolumeCreateRequest (OMVolumeCreateRequest.java:validateAndUpdateCache(193)) - created volume:watchforcommithandlingtest for user:jenkins1000
2019-10-06 12:27:04,282 [main] INFO  rpc.RpcClient (RpcClient.java:createBucket(416)) - Creating Bucket: watchforcommithandlingtest/watchforcommithandlingtest, with Versioning false and Storage Type set to DISK and Encryption set to false 
2019-10-06 12:27:04,287 [main] INFO  ozone.MiniOzoneClusterImpl (MiniOzoneClusterImpl.java:getStorageContainerLocationClient(234)) - Creating StorageContainerLocationProtocol RPC client with address /0.0.0.0:41522
2019-10-06 12:27:05,749 [Thread-1426] INFO  container.ReplicationManager (ReplicationManager.java:start(162)) - Starting Replication Monitor Thread.
2019-10-06 12:27:05,755 [ReplicationMonitor] INFO  container.ReplicationManager (ReplicationManager.java:run(225)) - Replication Monitor Thread took 0 milliseconds for processing 1 containers.
2019-10-06 12:27:07,985 [Thread-1428] INFO  impl.FollowerState (FollowerState.java:run(108)) - 82fffea1-b1ae-4141-a3f7-289714faad12@group-D13855EB69AE-FollowerState: change to CANDIDATE, lastRpcTime:5161ms, electionTimeout:5161ms
2019-10-06 12:27:07,985 [Thread-1428] INFO  impl.RoleInfo (RoleInfo.java:shutdownFollowerState(121)) - 82fffea1-b1ae-4141-a3f7-289714faad12: shutdown FollowerState
2019-10-06 12:27:07,985 [Thread-1428] INFO  impl.RaftServerImpl (RaftServerImpl.java:setRole(170)) - 82fffea1-b1ae-4141-a3f7-289714faad12@group-D13855EB69AE: changes role from  FOLLOWER to CANDIDATE at term 0 for changeToCandidate
2019-10-06 12:27:07,985 [Thread-1428] INFO  impl.RoleInfo (RoleInfo.java:updateAndGet(143)) - 82fffea1-b1ae-4141-a3f7-289714faad12: start LeaderElection
2019-10-06 12:27:08,008 [82fffea1-b1ae-4141-a3f7-289714faad12@group-D13855EB69AE-LeaderElection60] INFO  impl.LeaderElection (LeaderElection.java:askForVotes(178)) - 82fffea1-b1ae-4141-a3f7-289714faad12@group-D13855EB69AE-LeaderElection60: begin an election at term 1 for -1: [82fffea1-b1ae-4141-a3f7-289714faad12:192.168.30.17:44306], old=null
2019-10-06 12:27:08,008 [82fffea1-b1ae-4141-a3f7-289714faad12@group-D13855EB69AE-LeaderElection60] INFO  impl.RoleInfo (RoleInfo.java:shutdownLeaderElection(134)) - 82fffea1-b1ae-4141-a3f7-289714faad12: shutdown LeaderElection
2019-10-06 12:27:08,008 [82fffea1-b1ae-4141-a3f7-289714faad12@group-D13855EB69AE-LeaderElection60] INFO  impl.RaftServerImpl (RaftServerImpl.java:setRole(170)) - 82fffea1-b1ae-4141-a3f7-289714faad12@group-D13855EB69AE: changes role from CANDIDATE to LEADER at term 1 for changeToLeader
2019-10-06 12:27:08,008 [82fffea1-b1ae-4141-a3f7-289714faad12@group-D13855EB69AE-LeaderElection60] INFO  impl.RaftServerImpl (ServerState.java:setLeader(255)) - 82fffea1-b1ae-4141-a3f7-289714faad12@group-D13855EB69AE: change Leader from null to 82fffea1-b1ae-4141-a3f7-289714faad12 at term 1 for becomeLeader, leader elected after 5195ms
2019-10-06 12:27:08,011 [82fffea1-b1ae-4141-a3f7-289714faad12@group-D13855EB69AE-LeaderElection60] INFO  server.RaftServerConfigKeys (ConfUtils.java:logGet(43)) - raft.server.staging.catchup.gap = 1000 (default)
2019-10-06 12:27:08,011 [82fffea1-b1ae-4141-a3f7-289714faad12@group-D13855EB69AE-LeaderElection60] INFO  server.RaftServerConfigKeys (ConfUtils.java:logGet(43)) - raft.server.rpc.sleep.time = 25ms (default)
2019-10-06 12:27:08,011 [82fffea1-b1ae-4141-a3f7-289714faad12@group-D13855EB69AE-LeaderElection60] INFO  server.RaftServerConfigKeys (ConfUtils.java:logGet(43)) - raft.server.write.element-limit = 4096 (default)
2019-10-06 12:27:08,011 [Thread-1434] INFO  impl.FollowerState (FollowerState.java:run(108)) - 405150d4-bd54-4511-ac91-84679afff3e5@group-EB357325E8CF-FollowerState: change to CANDIDATE, lastRpcTime:5046ms, electionTimeout:5046ms
2019-10-06 12:27:08,011 [82fffea1-b1ae-4141-a3f7-289714faad12@group-D13855EB69AE-LeaderElection60] INFO  server.RaftServerConfigKeys (ConfUtils.java:logGet(43)) - raft.server.watch.timeout = 10s (default)
2019-10-06 12:27:08,011 [Thread-1434] INFO  impl.RoleInfo (RoleInfo.java:shutdownFollowerState(121)) - 405150d4-bd54-4511-ac91-84679afff3e5: shutdown FollowerState
2019-10-06 12:27:08,012 [82fffea1-b1ae-4141-a3f7-289714faad12@group-D13855EB69AE-LeaderElection60] INFO  server.RaftServerConfigKeys (ConfUtils.java:logGet(43)) - raft.server.watch.timeout.denomination = 1s (default)
2019-10-06 12:27:08,012 [Thread-1434] INFO  impl.RaftServerImpl (RaftServerImpl.java:setRole(170)) - 405150d4-bd54-4511-ac91-84679afff3e5@group-EB357325E8CF: changes role from  FOLLOWER to CANDIDATE at term 0 for changeToCandidate
2019-10-06 12:27:08,012 [82fffea1-b1ae-4141-a3f7-289714faad12@group-D13855EB69AE-LeaderElection60] INFO  server.RaftServerConfigKeys (ConfUtils.java:logGet(43)) - raft.server.watch.element-limit = 65536 (default)
2019-10-06 12:27:08,012 [Thread-1434] INFO  impl.RoleInfo (RoleInfo.java:updateAndGet(143)) - 405150d4-bd54-4511-ac91-84679afff3e5: start LeaderElection
2019-10-06 12:27:08,021 [82fffea1-b1ae-4141-a3f7-289714faad12@group-D13855EB69AE-LeaderElection60] INFO  impl.RoleInfo (RoleInfo.java:updateAndGet(143)) - 82fffea1-b1ae-4141-a3f7-289714faad12: start LeaderState
2019-10-06 12:27:08,021 [82fffea1-b1ae-4141-a3f7-289714faad12@group-D13855EB69AE-LeaderElection60] INFO  segmented.SegmentedRaftLogWorker (SegmentedRaftLogWorker.java:startLogSegment(385)) - 82fffea1-b1ae-4141-a3f7-289714faad12@group-D13855EB69AE-SegmentedRaftLogWorker: Starting segment from index:0
2019-10-06 12:27:08,022 [Thread-1431] INFO  impl.FollowerState (FollowerState.java:run(108)) - bc0dd1f5-e092-43fd-8479-76017d9815ee@group-61C9D89190F0-FollowerState: change to CANDIDATE, lastRpcTime:5137ms, electionTimeout:5137ms
2019-10-06 12:27:08,022 [Thread-1431] INFO  impl.RoleInfo (RoleInfo.java:shutdownFollowerState(121)) - bc0dd1f5-e092-43fd-8479-76017d9815ee: shutdown FollowerState
2019-10-06 12:27:08,022 [Thread-1431] INFO  impl.RaftServerImpl (RaftServerImpl.java:setRole(170)) - bc0dd1f5-e092-43fd-8479-76017d9815ee@group-61C9D89190F0: changes role from  FOLLOWER to CANDIDATE at term 0 for changeToCandidate
2019-10-06 12:27:08,022 [Thread-1431] INFO  impl.RoleInfo (RoleInfo.java:updateAndGet(143)) - bc0dd1f5-e092-43fd-8479-76017d9815ee: start LeaderElection
2019-10-06 12:27:08,022 [82fffea1-b1ae-4141-a3f7-289714faad12@group-D13855EB69AE-LeaderElection60] INFO  impl.RaftServerImpl (ServerState.java:setRaftConf(356)) - 82fffea1-b1ae-4141-a3f7-289714faad12@group-D13855EB69AE: set configuration 0: [82fffea1-b1ae-4141-a3f7-289714faad12:192.168.30.17:44306], old=null at 0
2019-10-06 12:27:08,058 [405150d4-bd54-4511-ac91-84679afff3e5@group-EB357325E8CF-LeaderElection61] INFO  impl.LeaderElection (LeaderElection.java:askForVotes(178)) - 405150d4-bd54-4511-ac91-84679afff3e5@group-EB357325E8CF-LeaderElection61: begin an election at term 1 for -1: [405150d4-bd54-4511-ac91-84679afff3e5:192.168.30.17:45744], old=null
2019-10-06 12:27:08,058 [405150d4-bd54-4511-ac91-84679afff3e5@group-EB357325E8CF-LeaderElection61] INFO  impl.RoleInfo (RoleInfo.java:shutdownLeaderElection(134)) - 405150d4-bd54-4511-ac91-84679afff3e5: shutdown LeaderElection
2019-10-06 12:27:08,063 [405150d4-bd54-4511-ac91-84679afff3e5@group-EB357325E8CF-LeaderElection61] INFO  impl.RaftServerImpl (RaftServerImpl.java:setRole(170)) - 405150d4-bd54-4511-ac91-84679afff3e5@group-EB357325E8CF: changes role from CANDIDATE to LEADER at term 1 for changeToLeader
2019-10-06 12:27:08,063 [405150d4-bd54-4511-ac91-84679afff3e5@group-EB357325E8CF-LeaderElection61] INFO  impl.RaftServerImpl (ServerState.java:setLeader(255)) - 405150d4-bd54-4511-ac91-84679afff3e5@group-EB357325E8CF: change Leader from null to 405150d4-bd54-4511-ac91-84679afff3e5 at term 1 for becomeLeader, leader elected after 5109ms
2019-10-06 12:27:08,066 [405150d4-bd54-4511-ac91-84679afff3e5@group-EB357325E8CF-LeaderElection61] INFO  server.RaftServerConfigKeys (ConfUtils.java:logGet(43)) - raft.server.staging.catchup.gap = 1000 (default)
2019-10-06 12:27:08,066 [405150d4-bd54-4511-ac91-84679afff3e5@group-EB357325E8CF-LeaderElection61] INFO  server.RaftServerConfigKeys (ConfUtils.java:logGet(43)) - raft.server.rpc.sleep.time = 25ms (default)
2019-10-06 12:27:08,066 [405150d4-bd54-4511-ac91-84679afff3e5@group-EB357325E8CF-LeaderElection61] INFO  server.RaftServerConfigKeys (ConfUtils.java:logGet(43)) - raft.server.write.element-limit = 4096 (default)
2019-10-06 12:27:08,066 [405150d4-bd54-4511-ac91-84679afff3e5@group-EB357325E8CF-LeaderElection61] INFO  server.RaftServerConfigKeys (ConfUtils.java:logGet(43)) - raft.server.watch.timeout = 10s (default)
2019-10-06 12:27:08,067 [405150d4-bd54-4511-ac91-84679afff3e5@group-EB357325E8CF-LeaderElection61] INFO  server.RaftServerConfigKeys (ConfUtils.java:logGet(43)) - raft.server.watch.timeout.denomination = 1s (default)
2019-10-06 12:27:08,067 [405150d4-bd54-4511-ac91-84679afff3e5@group-EB357325E8CF-LeaderElection61] INFO  server.RaftServerConfigKeys (ConfUtils.java:logGet(43)) - raft.server.watch.element-limit = 65536 (default)
2019-10-06 12:27:08,069 [405150d4-bd54-4511-ac91-84679afff3e5@group-EB357325E8CF-LeaderElection61] INFO  impl.RoleInfo (RoleInfo.java:updateAndGet(143)) - 405150d4-bd54-4511-ac91-84679afff3e5: start LeaderState
2019-10-06 12:27:08,070 [405150d4-bd54-4511-ac91-84679afff3e5@group-EB357325E8CF-LeaderElection61] INFO  segmented.SegmentedRaftLogWorker (SegmentedRaftLogWorker.java:startLogSegment(385)) - 405150d4-bd54-4511-ac91-84679afff3e5@group-EB357325E8CF-SegmentedRaftLogWorker: Starting segment from index:0
2019-10-06 12:27:08,070 [405150d4-bd54-4511-ac91-84679afff3e5@group-EB357325E8CF-LeaderElection61] INFO  impl.RaftServerImpl (ServerState.java:setRaftConf(356)) - 405150d4-bd54-4511-ac91-84679afff3e5@group-EB357325E8CF: set configuration 0: [405150d4-bd54-4511-ac91-84679afff3e5:192.168.30.17:45744], old=null at 0
2019-10-06 12:27:08,070 [82fffea1-b1ae-4141-a3f7-289714faad12@group-D13855EB69AE-SegmentedRaftLogWorker] INFO  segmented.SegmentedRaftLogWorker (SegmentedRaftLogWorker.java:execute(574)) - 82fffea1-b1ae-4141-a3f7-289714faad12@group-D13855EB69AE-SegmentedRaftLogWorker: created new log segment /workdir/hadoop-ozone/integration-test/target/test-dir/MiniOzoneClusterImpl-51f1cfec-5daa-43b9-aad7-055df16adecb/datanode-0/data/ratis/aa0e7778-617e-44e2-bcbd-d13855eb69ae/current/log_inprogress_0
2019-10-06 12:27:08,070 [bc0dd1f5-e092-43fd-8479-76017d9815ee@group-61C9D89190F0-LeaderElection62] INFO  impl.LeaderElection (LeaderElection.java:askForVotes(178)) - bc0dd1f5-e092-43fd-8479-76017d9815ee@group-61C9D89190F0-LeaderElection62: begin an election at term 1 for -1: [bc0dd1f5-e092-43fd-8479-76017d9815ee:192.168.30.17:41285], old=null
2019-10-06 12:27:08,071 [bc0dd1f5-e092-43fd-8479-76017d9815ee@group-61C9D89190F0-LeaderElection62] INFO  impl.RoleInfo (RoleInfo.java:shutdownLeaderElection(134)) - bc0dd1f5-e092-43fd-8479-76017d9815ee: shutdown LeaderElection
2019-10-06 12:27:08,071 [bc0dd1f5-e092-43fd-8479-76017d9815ee@group-61C9D89190F0-LeaderElection62] INFO  impl.RaftServerImpl (RaftServerImpl.java:setRole(170)) - bc0dd1f5-e092-43fd-8479-76017d9815ee@group-61C9D89190F0: changes role from CANDIDATE to LEADER at term 1 for changeToLeader
2019-10-06 12:27:08,071 [bc0dd1f5-e092-43fd-8479-76017d9815ee@group-61C9D89190F0-LeaderElection62] INFO  impl.RaftServerImpl (ServerState.java:setLeader(255)) - bc0dd1f5-e092-43fd-8479-76017d9815ee@group-61C9D89190F0: change Leader from null to bc0dd1f5-e092-43fd-8479-76017d9815ee at term 1 for becomeLeader, leader elected after 5197ms
2019-10-06 12:27:08,108 [bc0dd1f5-e092-43fd-8479-76017d9815ee@group-61C9D89190F0-LeaderElection62] INFO  server.RaftServerConfigKeys (ConfUtils.java:logGet(43)) - raft.server.staging.catchup.gap = 1000 (default)
2019-10-06 12:27:08,108 [Thread-1440] INFO  impl.FollowerState (FollowerState.java:run(108)) - 405150d4-bd54-4511-ac91-84679afff3e5@group-0B6775E14A42-FollowerState: change to CANDIDATE, lastRpcTime:5075ms, electionTimeout:5072ms
2019-10-06 12:27:08,108 [bc0dd1f5-e092-43fd-8479-76017d9815ee@group-61C9D89190F0-LeaderElection62] INFO  server.RaftServerConfigKeys (ConfUtils.java:logGet(43)) - raft.server.rpc.sleep.time = 25ms (default)
2019-10-06 12:27:08,108 [Thread-1440] INFO  impl.RoleInfo (RoleInfo.java:shutdownFollowerState(121)) - 405150d4-bd54-4511-ac91-84679afff3e5: shutdown FollowerState
2019-10-06 12:27:08,108 [bc0dd1f5-e092-43fd-8479-76017d9815ee@group-61C9D89190F0-LeaderElection62] INFO  server.RaftServerConfigKeys (ConfUtils.java:logGet(43)) - raft.server.write.element-limit = 4096 (default)
2019-10-06 12:27:08,108 [Thread-1440] INFO  impl.RaftServerImpl (RaftServerImpl.java:setRole(170)) - 405150d4-bd54-4511-ac91-84679afff3e5@group-0B6775E14A42: changes role from  FOLLOWER to CANDIDATE at term 0 for changeToCandidate
2019-10-06 12:27:08,109 [bc0dd1f5-e092-43fd-8479-76017d9815ee@group-61C9D89190F0-LeaderElection62] INFO  server.RaftServerConfigKeys (ConfUtils.java:logGet(43)) - raft.server.watch.timeout = 10s (default)
2019-10-06 12:27:08,109 [Thread-1440] INFO  impl.RoleInfo (RoleInfo.java:updateAndGet(143)) - 405150d4-bd54-4511-ac91-84679afff3e5: start LeaderElection
2019-10-06 12:27:08,109 [bc0dd1f5-e092-43fd-8479-76017d9815ee@group-61C9D89190F0-LeaderElection62] INFO  server.RaftServerConfigKeys (ConfUtils.java:logGet(43)) - raft.server.watch.timeout.denomination = 1s (default)
2019-10-06 12:27:08,109 [bc0dd1f5-e092-43fd-8479-76017d9815ee@group-61C9D89190F0-LeaderElection62] INFO  server.RaftServerConfigKeys (ConfUtils.java:logGet(43)) - raft.server.watch.element-limit = 65536 (default)
2019-10-06 12:27:08,116 [bc0dd1f5-e092-43fd-8479-76017d9815ee@group-61C9D89190F0-LeaderElection62] INFO  impl.RoleInfo (RoleInfo.java:updateAndGet(143)) - bc0dd1f5-e092-43fd-8479-76017d9815ee: start LeaderState
2019-10-06 12:27:08,117 [bc0dd1f5-e092-43fd-8479-76017d9815ee@group-61C9D89190F0-LeaderElection62] INFO  segmented.SegmentedRaftLogWorker (SegmentedRaftLogWorker.java:startLogSegment(385)) - bc0dd1f5-e092-43fd-8479-76017d9815ee@group-61C9D89190F0-SegmentedRaftLogWorker: Starting segment from index:0
2019-10-06 12:27:08,117 [bc0dd1f5-e092-43fd-8479-76017d9815ee@group-61C9D89190F0-LeaderElection62] INFO  impl.RaftServerImpl (ServerState.java:setRaftConf(356)) - bc0dd1f5-e092-43fd-8479-76017d9815ee@group-61C9D89190F0: set configuration 0: [bc0dd1f5-e092-43fd-8479-76017d9815ee:192.168.30.17:41285], old=null at 0
2019-10-06 12:27:08,121 [405150d4-bd54-4511-ac91-84679afff3e5@group-EB357325E8CF-SegmentedRaftLogWorker] INFO  segmented.SegmentedRaftLogWorker (SegmentedRaftLogWorker.java:execute(574)) - 405150d4-bd54-4511-ac91-84679afff3e5@group-EB357325E8CF-SegmentedRaftLogWorker: created new log segment /workdir/hadoop-ozone/integration-test/target/test-dir/MiniOzoneClusterImpl-51f1cfec-5daa-43b9-aad7-055df16adecb/datanode-2/data/ratis/fbfce1de-cdc0-4c9f-a33e-eb357325e8cf/current/log_inprogress_0
2019-10-06 12:27:08,121 [405150d4-bd54-4511-ac91-84679afff3e5@group-0B6775E14A42-LeaderElection63] INFO  impl.LeaderElection (LeaderElection.java:askForVotes(178)) - 405150d4-bd54-4511-ac91-84679afff3e5@group-0B6775E14A42-LeaderElection63: begin an election at term 1 for -1: [82fffea1-b1ae-4141-a3f7-289714faad12:192.168.30.17:44306, bc0dd1f5-e092-43fd-8479-76017d9815ee:192.168.30.17:41285, 405150d4-bd54-4511-ac91-84679afff3e5:192.168.30.17:45744], old=null
2019-10-06 12:27:08,127 [grpc-default-executor-3] INFO  impl.RaftServerImpl (RaftServerImpl.java:setRole(170)) - bc0dd1f5-e092-43fd-8479-76017d9815ee@group-0B6775E14A42: changes role from  FOLLOWER to FOLLOWER at term 1 for recognizeCandidate:405150d4-bd54-4511-ac91-84679afff3e5
2019-10-06 12:27:08,127 [grpc-default-executor-4] INFO  impl.RaftServerImpl (RaftServerImpl.java:setRole(170)) - 82fffea1-b1ae-4141-a3f7-289714faad12@group-0B6775E14A42: changes role from  FOLLOWER to FOLLOWER at term 1 for recognizeCandidate:405150d4-bd54-4511-ac91-84679afff3e5
2019-10-06 12:27:08,127 [grpc-default-executor-3] INFO  impl.RoleInfo (RoleInfo.java:shutdownFollowerState(121)) - bc0dd1f5-e092-43fd-8479-76017d9815ee: shutdown FollowerState
2019-10-06 12:27:08,127 [grpc-default-executor-4] INFO  impl.RoleInfo (RoleInfo.java:shutdownFollowerState(121)) - 82fffea1-b1ae-4141-a3f7-289714faad12: shutdown FollowerState
2019-10-06 12:27:08,128 [Thread-1439] INFO  impl.FollowerState (FollowerState.java:run(117)) - bc0dd1f5-e092-43fd-8479-76017d9815ee@group-0B6775E14A42-FollowerState was interrupted: java.lang.InterruptedException: sleep interrupted
2019-10-06 12:27:08,128 [grpc-default-executor-3] INFO  impl.RoleInfo (RoleInfo.java:updateAndGet(143)) - bc0dd1f5-e092-43fd-8479-76017d9815ee: start FollowerState
2019-10-06 12:27:08,128 [Thread-1441] INFO  impl.FollowerState (FollowerState.java:run(117)) - 82fffea1-b1ae-4141-a3f7-289714faad12@group-0B6775E14A42-FollowerState was interrupted: java.lang.InterruptedException: sleep interrupted
2019-10-06 12:27:08,128 [grpc-default-executor-4] INFO  impl.RoleInfo (RoleInfo.java:updateAndGet(143)) - 82fffea1-b1ae-4141-a3f7-289714faad12: start FollowerState
2019-10-06 12:27:08,158 [bc0dd1f5-e092-43fd-8479-76017d9815ee@group-61C9D89190F0-SegmentedRaftLogWorker] INFO  segmented.SegmentedRaftLogWorker (SegmentedRaftLogWorker.java:execute(574)) - bc0dd1f5-e092-43fd-8479-76017d9815ee@group-61C9D89190F0-SegmentedRaftLogWorker: created new log segment /workdir/hadoop-ozone/integration-test/target/test-dir/MiniOzoneClusterImpl-51f1cfec-5daa-43b9-aad7-055df16adecb/datanode-1/data/ratis/ac54dbb0-1765-47e7-86fb-61c9d89190f0/current/log_inprogress_0
2019-10-06 12:27:08,156 [Thread-1446] INFO  impl.FollowerState (FollowerState.java:run(108)) - fc32efa6-4617-442e-907c-ae973fbdfc27@group-4B3EDDA2B01C-FollowerState: change to CANDIDATE, lastRpcTime:5049ms, electionTimeout:5049ms
2019-10-06 12:27:08,159 [Thread-1446] INFO  impl.RoleInfo (RoleInfo.java:shutdownFollowerState(121)) - fc32efa6-4617-442e-907c-ae973fbdfc27: shutdown FollowerState
2019-10-06 12:27:08,159 [Thread-1446] INFO  impl.RaftServerImpl (RaftServerImpl.java:setRole(170)) - fc32efa6-4617-442e-907c-ae973fbdfc27@group-4B3EDDA2B01C: changes role from  FOLLOWER to CANDIDATE at term 0 for changeToCandidate
2019-10-06 12:27:08,159 [Thread-1446] INFO  impl.RoleInfo (RoleInfo.java:updateAndGet(143)) - fc32efa6-4617-442e-907c-ae973fbdfc27: start LeaderElection
2019-10-06 12:27:08,167 [fc32efa6-4617-442e-907c-ae973fbdfc27@group-4B3EDDA2B01C-LeaderElection64] INFO  impl.LeaderElection (LeaderElection.java:askForVotes(178)) - fc32efa6-4617-442e-907c-ae973fbdfc27@group-4B3EDDA2B01C-LeaderElection64: begin an election at term 1 for -1: [fc32efa6-4617-442e-907c-ae973fbdfc27:192.168.30.17:39407], old=null
2019-10-06 12:27:08,167 [fc32efa6-4617-442e-907c-ae973fbdfc27@group-4B3EDDA2B01C-LeaderElection64] INFO  impl.RoleInfo (RoleInfo.java:shutdownLeaderElection(134)) - fc32efa6-4617-442e-907c-ae973fbdfc27: shutdown LeaderElection
2019-10-06 12:27:08,167 [fc32efa6-4617-442e-907c-ae973fbdfc27@group-4B3EDDA2B01C-LeaderElection64] INFO  impl.RaftServerImpl (RaftServerImpl.java:setRole(170)) - fc32efa6-4617-442e-907c-ae973fbdfc27@group-4B3EDDA2B01C: changes role from CANDIDATE to LEADER at term 1 for changeToLeader
2019-10-06 12:27:08,167 [fc32efa6-4617-442e-907c-ae973fbdfc27@group-4B3EDDA2B01C-LeaderElection64] INFO  impl.RaftServerImpl (ServerState.java:setLeader(255)) - fc32efa6-4617-442e-907c-ae973fbdfc27@group-4B3EDDA2B01C: change Leader from null to fc32efa6-4617-442e-907c-ae973fbdfc27 at term 1 for becomeLeader, leader elected after 5071ms
2019-10-06 12:27:08,168 [405150d4-bd54-4511-ac91-84679afff3e5@group-0B6775E14A42-LeaderElection63] INFO  impl.LeaderElection (LeaderElection.java:logAndReturn(56)) - 405150d4-bd54-4511-ac91-84679afff3e5@group-0B6775E14A42-LeaderElection63: Election PASSED; received 1 response(s) [405150d4-bd54-4511-ac91-84679afff3e5<-82fffea1-b1ae-4141-a3f7-289714faad12#0:OK-t1] and 0 exception(s); 405150d4-bd54-4511-ac91-84679afff3e5@group-0B6775E14A42:t1, leader=null, voted=405150d4-bd54-4511-ac91-84679afff3e5, raftlog=405150d4-bd54-4511-ac91-84679afff3e5@group-0B6775E14A42-SegmentedRaftLog:OPENED:c-1,f-1,i0, conf=-1: [82fffea1-b1ae-4141-a3f7-289714faad12:192.168.30.17:44306, bc0dd1f5-e092-43fd-8479-76017d9815ee:192.168.30.17:41285, 405150d4-bd54-4511-ac91-84679afff3e5:192.168.30.17:45744], old=null
2019-10-06 12:27:08,169 [fc32efa6-4617-442e-907c-ae973fbdfc27@group-4B3EDDA2B01C-LeaderElection64] INFO  server.RaftServerConfigKeys (ConfUtils.java:logGet(43)) - raft.server.staging.catchup.gap = 1000 (default)
2019-10-06 12:27:08,170 [405150d4-bd54-4511-ac91-84679afff3e5@group-0B6775E14A42-LeaderElection63] INFO  impl.RoleInfo (RoleInfo.java:shutdownLeaderElection(134)) - 405150d4-bd54-4511-ac91-84679afff3e5: shutdown LeaderElection
2019-10-06 12:27:08,170 [fc32efa6-4617-442e-907c-ae973fbdfc27@group-4B3EDDA2B01C-LeaderElection64] INFO  server.RaftServerConfigKeys (ConfUtils.java:logGet(43)) - raft.server.rpc.sleep.time = 25ms (default)
2019-10-06 12:27:08,170 [405150d4-bd54-4511-ac91-84679afff3e5@group-0B6775E14A42-LeaderElection63] INFO  impl.RaftServerImpl (RaftServerImpl.java:setRole(170)) - 405150d4-bd54-4511-ac91-84679afff3e5@group-0B6775E14A42: changes role from CANDIDATE to LEADER at term 1 for changeToLeader
2019-10-06 12:27:08,170 [fc32efa6-4617-442e-907c-ae973fbdfc27@group-4B3EDDA2B01C-LeaderElection64] INFO  server.RaftServerConfigKeys (ConfUtils.java:logGet(43)) - raft.server.write.element-limit = 4096 (default)
2019-10-06 12:27:08,170 [405150d4-bd54-4511-ac91-84679afff3e5@group-0B6775E14A42-LeaderElection63] INFO  impl.RaftServerImpl (ServerState.java:setLeader(255)) - 405150d4-bd54-4511-ac91-84679afff3e5@group-0B6775E14A42: change Leader from null to 405150d4-bd54-4511-ac91-84679afff3e5 at term 1 for becomeLeader, leader elected after 5152ms
2019-10-06 12:27:08,170 [fc32efa6-4617-442e-907c-ae973fbdfc27@group-4B3EDDA2B01C-LeaderElection64] INFO  server.RaftServerConfigKeys (ConfUtils.java:logGet(43)) - raft.server.watch.timeout = 10s (default)
2019-10-06 12:27:08,170 [405150d4-bd54-4511-ac91-84679afff3e5@group-0B6775E14A42-LeaderElection63] INFO  server.RaftServerConfigKeys (ConfUtils.java:logGet(43)) - raft.server.staging.catchup.gap = 1000 (default)
2019-10-06 12:27:08,170 [fc32efa6-4617-442e-907c-ae973fbdfc27@group-4B3EDDA2B01C-LeaderElection64] INFO  server.RaftServerConfigKeys (ConfUtils.java:logGet(43)) - raft.server.watch.timeout.denomination = 1s (default)
2019-10-06 12:27:08,171 [405150d4-bd54-4511-ac91-84679afff3e5@group-0B6775E14A42-LeaderElection63] INFO  server.RaftServerConfigKeys (ConfUtils.java:logGet(43)) - raft.server.rpc.sleep.time = 25ms (default)
2019-10-06 12:27:08,171 [fc32efa6-4617-442e-907c-ae973fbdfc27@group-4B3EDDA2B01C-LeaderElection64] INFO  server.RaftServerConfigKeys (ConfUtils.java:logGet(43)) - raft.server.watch.element-limit = 65536 (default)
2019-10-06 12:27:08,171 [405150d4-bd54-4511-ac91-84679afff3e5@group-0B6775E14A42-LeaderElection63] INFO  server.RaftServerConfigKeys (ConfUtils.java:logGet(43)) - raft.server.write.element-limit = 4096 (default)
2019-10-06 12:27:08,171 [405150d4-bd54-4511-ac91-84679afff3e5@group-0B6775E14A42-LeaderElection63] INFO  server.RaftServerConfigKeys (ConfUtils.java:logGet(43)) - raft.server.watch.timeout = 10s (default)
2019-10-06 12:27:08,171 [405150d4-bd54-4511-ac91-84679afff3e5@group-0B6775E14A42-LeaderElection63] INFO  server.RaftServerConfigKeys (ConfUtils.java:logGet(43)) - raft.server.watch.timeout.denomination = 1s (default)
2019-10-06 12:27:08,171 [405150d4-bd54-4511-ac91-84679afff3e5@group-0B6775E14A42-LeaderElection63] INFO  server.RaftServerConfigKeys (ConfUtils.java:logGet(43)) - raft.server.watch.element-limit = 65536 (default)
2019-10-06 12:27:08,173 [fc32efa6-4617-442e-907c-ae973fbdfc27@group-4B3EDDA2B01C-LeaderElection64] INFO  impl.RoleInfo (RoleInfo.java:updateAndGet(143)) - fc32efa6-4617-442e-907c-ae973fbdfc27: start LeaderState
2019-10-06 12:27:08,173 [fc32efa6-4617-442e-907c-ae973fbdfc27@group-4B3EDDA2B01C-LeaderElection64] INFO  segmented.SegmentedRaftLogWorker (SegmentedRaftLogWorker.java:startLogSegment(385)) - fc32efa6-4617-442e-907c-ae973fbdfc27@group-4B3EDDA2B01C-SegmentedRaftLogWorker: Starting segment from index:0
2019-10-06 12:27:08,174 [fc32efa6-4617-442e-907c-ae973fbdfc27@group-4B3EDDA2B01C-LeaderElection64] INFO  impl.RaftServerImpl (ServerState.java:setRaftConf(356)) - fc32efa6-4617-442e-907c-ae973fbdfc27@group-4B3EDDA2B01C: set configuration 0: [fc32efa6-4617-442e-907c-ae973fbdfc27:192.168.30.17:39407], old=null at 0
2019-10-06 12:27:08,174 [405150d4-bd54-4511-ac91-84679afff3e5@group-0B6775E14A42-LeaderElection63] INFO  server.RaftServerConfigKeys (ConfUtils.java:logGet(43)) - raft.server.log.appender.snapshot.chunk.size.max = 16MB (=16777216) (default)
2019-10-06 12:27:08,174 [405150d4-bd54-4511-ac91-84679afff3e5@group-0B6775E14A42-LeaderElection63] INFO  server.RaftServerConfigKeys (ConfUtils.java:logGet(43)) - raft.server.log.appender.buffer.byte-limit = 33554432 (custom)
2019-10-06 12:27:08,174 [405150d4-bd54-4511-ac91-84679afff3e5@group-0B6775E14A42-LeaderElection63] INFO  server.RaftServerConfigKeys (ConfUtils.java:logGet(43)) - raft.server.log.appender.buffer.element-limit = 1 (custom)
2019-10-06 12:27:08,175 [405150d4-bd54-4511-ac91-84679afff3e5@group-0B6775E14A42-LeaderElection63] INFO  grpc.GrpcConfigKeys$Server (ConfUtils.java:logGet(43)) - raft.grpc.server.leader.outstanding.appends.max = 128 (default)
2019-10-06 12:27:08,175 [405150d4-bd54-4511-ac91-84679afff3e5@group-0B6775E14A42-LeaderElection63] INFO  server.RaftServerConfigKeys (ConfUtils.java:logGet(43)) - raft.server.rpc.request.timeout = 3000ms (default)
2019-10-06 12:27:08,175 [405150d4-bd54-4511-ac91-84679afff3e5@group-0B6775E14A42-LeaderElection63] INFO  server.RaftServerConfigKeys (ConfUtils.java:logGet(43)) - raft.server.log.appender.install.snapshot.enabled = false (custom)
2019-10-06 12:27:08,175 [405150d4-bd54-4511-ac91-84679afff3e5@group-0B6775E14A42-LeaderElection63] INFO  server.RaftServerConfigKeys (ConfUtils.java:logGet(43)) - raft.server.log.appender.snapshot.chunk.size.max = 16MB (=16777216) (default)
2019-10-06 12:27:08,175 [405150d4-bd54-4511-ac91-84679afff3e5@group-0B6775E14A42-LeaderElection63] INFO  server.RaftServerConfigKeys (ConfUtils.java:logGet(43)) - raft.server.log.appender.buffer.byte-limit = 33554432 (custom)
2019-10-06 12:27:08,176 [405150d4-bd54-4511-ac91-84679afff3e5@group-0B6775E14A42-LeaderElection63] INFO  server.RaftServerConfigKeys (ConfUtils.java:logGet(43)) - raft.server.log.appender.buffer.element-limit = 1 (custom)
2019-10-06 12:27:08,176 [405150d4-bd54-4511-ac91-84679afff3e5@group-0B6775E14A42-LeaderElection63] INFO  grpc.GrpcConfigKeys$Server (ConfUtils.java:logGet(43)) - raft.grpc.server.leader.outstanding.appends.max = 128 (default)
2019-10-06 12:27:08,176 [405150d4-bd54-4511-ac91-84679afff3e5@group-0B6775E14A42-LeaderElection63] INFO  server.RaftServerConfigKeys (ConfUtils.java:logGet(43)) - raft.server.rpc.request.timeout = 3000ms (default)
2019-10-06 12:27:08,176 [405150d4-bd54-4511-ac91-84679afff3e5@group-0B6775E14A42-LeaderElection63] INFO  server.RaftServerConfigKeys (ConfUtils.java:logGet(43)) - raft.server.log.appender.install.snapshot.enabled = false (custom)
2019-10-06 12:27:08,177 [405150d4-bd54-4511-ac91-84679afff3e5@group-0B6775E14A42-LeaderElection63] INFO  impl.RoleInfo (RoleInfo.java:updateAndGet(143)) - 405150d4-bd54-4511-ac91-84679afff3e5: start LeaderState
2019-10-06 12:27:08,177 [405150d4-bd54-4511-ac91-84679afff3e5@group-0B6775E14A42-LeaderElection63] INFO  segmented.SegmentedRaftLogWorker (SegmentedRaftLogWorker.java:startLogSegment(385)) - 405150d4-bd54-4511-ac91-84679afff3e5@group-0B6775E14A42-SegmentedRaftLogWorker: Starting segment from index:0
2019-10-06 12:27:08,178 [405150d4-bd54-4511-ac91-84679afff3e5@group-0B6775E14A42-LeaderElection63] INFO  impl.RaftServerImpl (ServerState.java:setRaftConf(356)) - 405150d4-bd54-4511-ac91-84679afff3e5@group-0B6775E14A42: set configuration 0: [82fffea1-b1ae-4141-a3f7-289714faad12:192.168.30.17:44306, bc0dd1f5-e092-43fd-8479-76017d9815ee:192.168.30.17:41285, 405150d4-bd54-4511-ac91-84679afff3e5:192.168.30.17:45744], old=null at 0
2019-10-06 12:27:08,179 [grpc-default-executor-3] INFO  impl.RaftServerImpl (ServerState.java:setLeader(255)) - bc0dd1f5-e092-43fd-8479-76017d9815ee@group-0B6775E14A42: change Leader from null to 405150d4-bd54-4511-ac91-84679afff3e5 at term 1 for appendEntries, leader elected after 5161ms
2019-10-06 12:27:08,179 [grpc-default-executor-4] INFO  impl.RaftServerImpl (ServerState.java:setLeader(255)) - 82fffea1-b1ae-4141-a3f7-289714faad12@group-0B6775E14A42: change Leader from null to 405150d4-bd54-4511-ac91-84679afff3e5 at term 1 for appendEntries, leader elected after 5161ms
2019-10-06 12:27:08,212 [Thread-1452] INFO  impl.FollowerState (FollowerState.java:run(108)) - e150981d-e5b4-44d7-950f-3c73c140d3ad@group-1E75A23067FC-FollowerState: change to CANDIDATE, lastRpcTime:5033ms, electionTimeout:5017ms
2019-10-06 12:27:08,212 [Thread-1452] INFO  impl.RoleInfo (RoleInfo.java:shutdownFollowerState(121)) - e150981d-e5b4-44d7-950f-3c73c140d3ad: shutdown FollowerState
2019-10-06 12:27:08,212 [Thread-1452] INFO  impl.RaftServerImpl (RaftServerImpl.java:setRole(170)) - e150981d-e5b4-44d7-950f-3c73c140d3ad@group-1E75A23067FC: changes role from  FOLLOWER to CANDIDATE at term 0 for changeToCandidate
2019-10-06 12:27:08,215 [Thread-1452] INFO  impl.RoleInfo (RoleInfo.java:updateAndGet(143)) - e150981d-e5b4-44d7-950f-3c73c140d3ad: start LeaderElection
2019-10-06 12:27:08,224 [grpc-default-executor-3] INFO  impl.RaftServerImpl (ServerState.java:setRaftConf(356)) - bc0dd1f5-e092-43fd-8479-76017d9815ee@group-0B6775E14A42: set configuration 0: [82fffea1-b1ae-4141-a3f7-289714faad12:192.168.30.17:44306, bc0dd1f5-e092-43fd-8479-76017d9815ee:192.168.30.17:41285, 405150d4-bd54-4511-ac91-84679afff3e5:192.168.30.17:45744], old=null at 0
2019-10-06 12:27:08,224 [grpc-default-executor-4] INFO  impl.RaftServerImpl (ServerState.java:setRaftConf(356)) - 82fffea1-b1ae-4141-a3f7-289714faad12@group-0B6775E14A42: set configuration 0: [82fffea1-b1ae-4141-a3f7-289714faad12:192.168.30.17:44306, bc0dd1f5-e092-43fd-8479-76017d9815ee:192.168.30.17:41285, 405150d4-bd54-4511-ac91-84679afff3e5:192.168.30.17:45744], old=null at 0
2019-10-06 12:27:08,224 [grpc-default-executor-3] INFO  segmented.SegmentedRaftLogWorker (SegmentedRaftLogWorker.java:startLogSegment(385)) - bc0dd1f5-e092-43fd-8479-76017d9815ee@group-0B6775E14A42-SegmentedRaftLogWorker: Starting segment from index:0
2019-10-06 12:27:08,225 [grpc-default-executor-4] INFO  segmented.SegmentedRaftLogWorker (SegmentedRaftLogWorker.java:startLogSegment(385)) - 82fffea1-b1ae-4141-a3f7-289714faad12@group-0B6775E14A42-SegmentedRaftLogWorker: Starting segment from index:0
2019-10-06 12:27:08,225 [fc32efa6-4617-442e-907c-ae973fbdfc27@group-4B3EDDA2B01C-SegmentedRaftLogWorker] INFO  segmented.SegmentedRaftLogWorker (SegmentedRaftLogWorker.java:execute(574)) - fc32efa6-4617-442e-907c-ae973fbdfc27@group-4B3EDDA2B01C-SegmentedRaftLogWorker: created new log segment /workdir/hadoop-ozone/integration-test/target/test-dir/MiniOzoneClusterImpl-51f1cfec-5daa-43b9-aad7-055df16adecb/datanode-3/data/ratis/6a8caffc-d30e-4e53-88bd-4b3edda2b01c/current/log_inprogress_0
2019-10-06 12:27:08,225 [405150d4-bd54-4511-ac91-84679afff3e5@group-0B6775E14A42-SegmentedRaftLogWorker] INFO  segmented.SegmentedRaftLogWorker (SegmentedRaftLogWorker.java:execute(574)) - 405150d4-bd54-4511-ac91-84679afff3e5@group-0B6775E14A42-SegmentedRaftLogWorker: created new log segment /workdir/hadoop-ozone/integration-test/target/test-dir/MiniOzoneClusterImpl-51f1cfec-5daa-43b9-aad7-055df16adecb/datanode-2/data/ratis/a3df912a-ae95-4c93-98a1-0b6775e14a42/current/log_inprogress_0
2019-10-06 12:27:08,227 [e150981d-e5b4-44d7-950f-3c73c140d3ad@group-1E75A23067FC-LeaderElection65] INFO  impl.LeaderElection (LeaderElection.java:askForVotes(178)) - e150981d-e5b4-44d7-950f-3c73c140d3ad@group-1E75A23067FC-LeaderElection65: begin an election at term 1 for -1: [e150981d-e5b4-44d7-950f-3c73c140d3ad:192.168.30.17:42171], old=null
2019-10-06 12:27:08,227 [e150981d-e5b4-44d7-950f-3c73c140d3ad@group-1E75A23067FC-LeaderElection65] INFO  impl.RoleInfo (RoleInfo.java:shutdownLeaderElection(134)) - e150981d-e5b4-44d7-950f-3c73c140d3ad: shutdown LeaderElection
2019-10-06 12:27:08,227 [e150981d-e5b4-44d7-950f-3c73c140d3ad@group-1E75A23067FC-LeaderElection65] INFO  impl.RaftServerImpl (RaftServerImpl.java:setRole(170)) - e150981d-e5b4-44d7-950f-3c73c140d3ad@group-1E75A23067FC: changes role from CANDIDATE to LEADER at term 1 for changeToLeader
2019-10-06 12:27:08,227 [e150981d-e5b4-44d7-950f-3c73c140d3ad@group-1E75A23067FC-LeaderElection65] INFO  impl.RaftServerImpl (ServerState.java:setLeader(255)) - e150981d-e5b4-44d7-950f-3c73c140d3ad@group-1E75A23067FC: change Leader from null to e150981d-e5b4-44d7-950f-3c73c140d3ad at term 1 for becomeLeader, leader elected after 5058ms
2019-10-06 12:27:08,264 [e150981d-e5b4-44d7-950f-3c73c140d3ad@group-1E75A23067FC-LeaderElection65] INFO  server.RaftServerConfigKeys (ConfUtils.java:logGet(43)) - raft.server.staging.catchup.gap = 1000 (default)
2019-10-06 12:27:08,265 [Thread-1455] INFO  impl.FollowerState (FollowerState.java:run(108)) - 0a56aba4-9765-4b58-971e-a0d2bfb14c7e@group-F3CBD21FBE7B-FollowerState: change to CANDIDATE, lastRpcTime:5021ms, electionTimeout:5008ms
2019-10-06 12:27:08,265 [e150981d-e5b4-44d7-950f-3c73c140d3ad@group-1E75A23067FC-LeaderElection65] INFO  server.RaftServerConfigKeys (ConfUtils.java:logGet(43)) - raft.server.rpc.sleep.time = 25ms (default)
2019-10-06 12:27:08,265 [Thread-1455] INFO  impl.RoleInfo (RoleInfo.java:shutdownFollowerState(121)) - 0a56aba4-9765-4b58-971e-a0d2bfb14c7e: shutdown FollowerState
2019-10-06 12:27:08,265 [e150981d-e5b4-44d7-950f-3c73c140d3ad@group-1E75A23067FC-LeaderElection65] INFO  server.RaftServerConfigKeys (ConfUtils.java:logGet(43)) - raft.server.write.element-limit = 4096 (default)
2019-10-06 12:27:08,265 [Thread-1455] INFO  impl.RaftServerImpl (RaftServerImpl.java:setRole(170)) - 0a56aba4-9765-4b58-971e-a0d2bfb14c7e@group-F3CBD21FBE7B: changes role from  FOLLOWER to CANDIDATE at term 0 for changeToCandidate
2019-10-06 12:27:08,265 [e150981d-e5b4-44d7-950f-3c73c140d3ad@group-1E75A23067FC-LeaderElection65] INFO  server.RaftServerConfigKeys (ConfUtils.java:logGet(43)) - raft.server.watch.timeout = 10s (default)
2019-10-06 12:27:08,266 [Thread-1455] INFO  impl.RoleInfo (RoleInfo.java:updateAndGet(143)) - 0a56aba4-9765-4b58-971e-a0d2bfb14c7e: start LeaderElection
2019-10-06 12:27:08,266 [e150981d-e5b4-44d7-950f-3c73c140d3ad@group-1E75A23067FC-LeaderElection65] INFO  server.RaftServerConfigKeys (ConfUtils.java:logGet(43)) - raft.server.watch.timeout.denomination = 1s (default)
2019-10-06 12:27:08,266 [e150981d-e5b4-44d7-950f-3c73c140d3ad@group-1E75A23067FC-LeaderElection65] INFO  server.RaftServerConfigKeys (ConfUtils.java:logGet(43)) - raft.server.watch.element-limit = 65536 (default)
2019-10-06 12:27:08,274 [e150981d-e5b4-44d7-950f-3c73c140d3ad@group-1E75A23067FC-LeaderElection65] INFO  impl.RoleInfo (RoleInfo.java:updateAndGet(143)) - e150981d-e5b4-44d7-950f-3c73c140d3ad: start LeaderState
2019-10-06 12:27:08,274 [e150981d-e5b4-44d7-950f-3c73c140d3ad@group-1E75A23067FC-LeaderElection65] INFO  segmented.SegmentedRaftLogWorker (SegmentedRaftLogWorker.java:startLogSegment(385)) - e150981d-e5b4-44d7-950f-3c73c140d3ad@group-1E75A23067FC-SegmentedRaftLogWorker: Starting segment from index:0
2019-10-06 12:27:08,274 [e150981d-e5b4-44d7-950f-3c73c140d3ad@group-1E75A23067FC-LeaderElection65] INFO  impl.RaftServerImpl (ServerState.java:setRaftConf(356)) - e150981d-e5b4-44d7-950f-3c73c140d3ad@group-1E75A23067FC: set configuration 0: [e150981d-e5b4-44d7-950f-3c73c140d3ad:192.168.30.17:42171], old=null at 0
2019-10-06 12:27:08,283 [bc0dd1f5-e092-43fd-8479-76017d9815ee@group-0B6775E14A42-SegmentedRaftLogWorker] INFO  segmented.SegmentedRaftLogWorker (SegmentedRaftLogWorker.java:execute(574)) - bc0dd1f5-e092-43fd-8479-76017d9815ee@group-0B6775E14A42-SegmentedRaftLogWorker: created new log segment /workdir/hadoop-ozone/integration-test/target/test-dir/MiniOzoneClusterImpl-51f1cfec-5daa-43b9-aad7-055df16adecb/datanode-1/data/ratis/a3df912a-ae95-4c93-98a1-0b6775e14a42/current/log_inprogress_0
2019-10-06 12:27:08,283 [0a56aba4-9765-4b58-971e-a0d2bfb14c7e@group-F3CBD21FBE7B-LeaderElection66] INFO  impl.LeaderElection (LeaderElection.java:askForVotes(178)) - 0a56aba4-9765-4b58-971e-a0d2bfb14c7e@group-F3CBD21FBE7B-LeaderElection66: begin an election at term 1 for -1: [0a56aba4-9765-4b58-971e-a0d2bfb14c7e:192.168.30.17:37798], old=null
2019-10-06 12:27:08,283 [82fffea1-b1ae-4141-a3f7-289714faad12@group-0B6775E14A42-SegmentedRaftLogWorker] INFO  segmented.SegmentedRaftLogWorker (SegmentedRaftLogWorker.java:execute(574)) - 82fffea1-b1ae-4141-a3f7-289714faad12@group-0B6775E14A42-SegmentedRaftLogWorker: created new log segment /workdir/hadoop-ozone/integration-test/target/test-dir/MiniOzoneClusterImpl-51f1cfec-5daa-43b9-aad7-055df16adecb/datanode-0/data/ratis/a3df912a-ae95-4c93-98a1-0b6775e14a42/current/log_inprogress_0
2019-10-06 12:27:08,283 [0a56aba4-9765-4b58-971e-a0d2bfb14c7e@group-F3CBD21FBE7B-LeaderElection66] INFO  impl.RoleInfo (RoleInfo.java:shutdownLeaderElection(134)) - 0a56aba4-9765-4b58-971e-a0d2bfb14c7e: shutdown LeaderElection
2019-10-06 12:27:08,284 [0a56aba4-9765-4b58-971e-a0d2bfb14c7e@group-F3CBD21FBE7B-LeaderElection66] INFO  impl.RaftServerImpl (RaftServerImpl.java:setRole(170)) - 0a56aba4-9765-4b58-971e-a0d2bfb14c7e@group-F3CBD21FBE7B: changes role from CANDIDATE to LEADER at term 1 for changeToLeader
2019-10-06 12:27:08,284 [0a56aba4-9765-4b58-971e-a0d2bfb14c7e@group-F3CBD21FBE7B-LeaderElection66] INFO  impl.RaftServerImpl (ServerState.java:setLeader(255)) - 0a56aba4-9765-4b58-971e-a0d2bfb14c7e@group-F3CBD21FBE7B: change Leader from null to 0a56aba4-9765-4b58-971e-a0d2bfb14c7e at term 1 for becomeLeader, leader elected after 5049ms
2019-10-06 12:27:08,307 [0a56aba4-9765-4b58-971e-a0d2bfb14c7e@group-F3CBD21FBE7B-LeaderElection66] INFO  server.RaftServerConfigKeys (ConfUtils.java:logGet(43)) - raft.server.staging.catchup.gap = 1000 (default)
2019-10-06 12:27:08,308 [0a56aba4-9765-4b58-971e-a0d2bfb14c7e@group-F3CBD21FBE7B-LeaderElection66] INFO  server.RaftServerConfigKeys (ConfUtils.java:logGet(43)) - raft.server.rpc.sleep.time = 25ms (default)
2019-10-06 12:27:08,308 [0a56aba4-9765-4b58-971e-a0d2bfb14c7e@group-F3CBD21FBE7B-LeaderElection66] INFO  server.RaftServerConfigKeys (ConfUtils.java:logGet(43)) - raft.server.write.element-limit = 4096 (default)
2019-10-06 12:27:08,308 [0a56aba4-9765-4b58-971e-a0d2bfb14c7e@group-F3CBD21FBE7B-LeaderElection66] INFO  server.RaftServerConfigKeys (ConfUtils.java:logGet(43)) - raft.server.watch.timeout = 10s (default)
2019-10-06 12:27:08,308 [0a56aba4-9765-4b58-971e-a0d2bfb14c7e@group-F3CBD21FBE7B-LeaderElection66] INFO  server.RaftServerConfigKeys (ConfUtils.java:logGet(43)) - raft.server.watch.timeout.denomination = 1s (default)
2019-10-06 12:27:08,308 [0a56aba4-9765-4b58-971e-a0d2bfb14c7e@group-F3CBD21FBE7B-LeaderElection66] INFO  server.RaftServerConfigKeys (ConfUtils.java:logGet(43)) - raft.server.watch.element-limit = 65536 (default)
2019-10-06 12:27:08,310 [0a56aba4-9765-4b58-971e-a0d2bfb14c7e@group-F3CBD21FBE7B-LeaderElection66] INFO  impl.RoleInfo (RoleInfo.java:updateAndGet(143)) - 0a56aba4-9765-4b58-971e-a0d2bfb14c7e: start LeaderState
2019-10-06 12:27:08,310 [0a56aba4-9765-4b58-971e-a0d2bfb14c7e@group-F3CBD21FBE7B-LeaderElection66] INFO  segmented.SegmentedRaftLogWorker (SegmentedRaftLogWorker.java:startLogSegment(385)) - 0a56aba4-9765-4b58-971e-a0d2bfb14c7e@group-F3CBD21FBE7B-SegmentedRaftLogWorker: Starting segment from index:0
2019-10-06 12:27:08,311 [0a56aba4-9765-4b58-971e-a0d2bfb14c7e@group-F3CBD21FBE7B-LeaderElection66] INFO  impl.RaftServerImpl (ServerState.java:setRaftConf(356)) - 0a56aba4-9765-4b58-971e-a0d2bfb14c7e@group-F3CBD21FBE7B: set configuration 0: [0a56aba4-9765-4b58-971e-a0d2bfb14c7e:192.168.30.17:37798], old=null at 0
2019-10-06 12:27:08,320 [e150981d-e5b4-44d7-950f-3c73c140d3ad@group-1E75A23067FC-SegmentedRaftLogWorker] INFO  segmented.SegmentedRaftLogWorker (SegmentedRaftLogWorker.java:execute(574)) - e150981d-e5b4-44d7-950f-3c73c140d3ad@group-1E75A23067FC-SegmentedRaftLogWorker: created new log segment /workdir/hadoop-ozone/integration-test/target/test-dir/MiniOzoneClusterImpl-51f1cfec-5daa-43b9-aad7-055df16adecb/datanode-4/data/ratis/d05936e8-6c0a-4ab1-a293-1e75a23067fc/current/log_inprogress_0
2019-10-06 12:27:08,349 [0a56aba4-9765-4b58-971e-a0d2bfb14c7e@group-F3CBD21FBE7B-SegmentedRaftLogWorker] INFO  segmented.SegmentedRaftLogWorker (SegmentedRaftLogWorker.java:execute(574)) - 0a56aba4-9765-4b58-971e-a0d2bfb14c7e@group-F3CBD21FBE7B-SegmentedRaftLogWorker: created new log segment /workdir/hadoop-ozone/integration-test/target/test-dir/MiniOzoneClusterImpl-51f1cfec-5daa-43b9-aad7-055df16adecb/datanode-5/data/ratis/09f44a9d-91c0-40bf-b1bc-f3cbd21fbe7b/current/log_inprogress_0
2019-10-06 12:27:08,377 [Thread-1458] INFO  impl.FollowerState (FollowerState.java:run(108)) - aef3ff6a-1d85-4b46-8877-0db60f1deee4@group-A4ABDF337A2E-FollowerState: change to CANDIDATE, lastRpcTime:5067ms, electionTimeout:5067ms
2019-10-06 12:27:08,377 [Thread-1458] INFO  impl.RoleInfo (RoleInfo.java:shutdownFollowerState(121)) - aef3ff6a-1d85-4b46-8877-0db60f1deee4: shutdown FollowerState
2019-10-06 12:27:08,377 [Thread-1458] INFO  impl.RaftServerImpl (RaftServerImpl.java:setRole(170)) - aef3ff6a-1d85-4b46-8877-0db60f1deee4@group-A4ABDF337A2E: changes role from  FOLLOWER to CANDIDATE at term 0 for changeToCandidate
2019-10-06 12:27:08,378 [Thread-1458] INFO  impl.RoleInfo (RoleInfo.java:updateAndGet(143)) - aef3ff6a-1d85-4b46-8877-0db60f1deee4: start LeaderElection
2019-10-06 12:27:08,409 [aef3ff6a-1d85-4b46-8877-0db60f1deee4@group-A4ABDF337A2E-LeaderElection67] INFO  impl.LeaderElection (LeaderElection.java:askForVotes(178)) - aef3ff6a-1d85-4b46-8877-0db60f1deee4@group-A4ABDF337A2E-LeaderElection67: begin an election at term 1 for -1: [aef3ff6a-1d85-4b46-8877-0db60f1deee4:192.168.30.17:41436], old=null
2019-10-06 12:27:08,409 [aef3ff6a-1d85-4b46-8877-0db60f1deee4@group-A4ABDF337A2E-LeaderElection67] INFO  impl.RoleInfo (RoleInfo.java:shutdownLeaderElection(134)) - aef3ff6a-1d85-4b46-8877-0db60f1deee4: shutdown LeaderElection
2019-10-06 12:27:08,409 [aef3ff6a-1d85-4b46-8877-0db60f1deee4@group-A4ABDF337A2E-LeaderElection67] INFO  impl.RaftServerImpl (RaftServerImpl.java:setRole(170)) - aef3ff6a-1d85-4b46-8877-0db60f1deee4@group-A4ABDF337A2E: changes role from CANDIDATE to LEADER at term 1 for changeToLeader
2019-10-06 12:27:08,409 [aef3ff6a-1d85-4b46-8877-0db60f1deee4@group-A4ABDF337A2E-LeaderElection67] INFO  impl.RaftServerImpl (ServerState.java:setLeader(255)) - aef3ff6a-1d85-4b46-8877-0db60f1deee4@group-A4ABDF337A2E: change Leader from null to aef3ff6a-1d85-4b46-8877-0db60f1deee4 at term 1 for becomeLeader, leader elected after 5108ms
2019-10-06 12:27:08,419 [aef3ff6a-1d85-4b46-8877-0db60f1deee4@group-A4ABDF337A2E-LeaderElection67] INFO  server.RaftServerConfigKeys (ConfUtils.java:logGet(43)) - raft.server.staging.catchup.gap = 1000 (default)
2019-10-06 12:27:08,420 [aef3ff6a-1d85-4b46-8877-0db60f1deee4@group-A4ABDF337A2E-LeaderElection67] INFO  server.RaftServerConfigKeys (ConfUtils.java:logGet(43)) - raft.server.rpc.sleep.time = 25ms (default)
2019-10-06 12:27:08,420 [aef3ff6a-1d85-4b46-8877-0db60f1deee4@group-A4ABDF337A2E-LeaderElection67] INFO  server.RaftServerConfigKeys (ConfUtils.java:logGet(43)) - raft.server.write.element-limit = 4096 (default)
2019-10-06 12:27:08,420 [aef3ff6a-1d85-4b46-8877-0db60f1deee4@group-A4ABDF337A2E-LeaderElection67] INFO  server.RaftServerConfigKeys (ConfUtils.java:logGet(43)) - raft.server.watch.timeout = 10s (default)
2019-10-06 12:27:08,420 [aef3ff6a-1d85-4b46-8877-0db60f1deee4@group-A4ABDF337A2E-LeaderElection67] INFO  server.RaftServerConfigKeys (ConfUtils.java:logGet(43)) - raft.server.watch.timeout.denomination = 1s (default)
2019-10-06 12:27:08,420 [aef3ff6a-1d85-4b46-8877-0db60f1deee4@group-A4ABDF337A2E-LeaderElection67] INFO  server.RaftServerConfigKeys (ConfUtils.java:logGet(43)) - raft.server.watch.element-limit = 65536 (default)
2019-10-06 12:27:08,422 [Thread-1463] INFO  impl.FollowerState (FollowerState.java:run(108)) - fc32efa6-4617-442e-907c-ae973fbdfc27@group-9A8BD0FA2D78-FollowerState: change to CANDIDATE, lastRpcTime:5034ms, electionTimeout:5034ms
2019-10-06 12:27:08,422 [Thread-1463] INFO  impl.RoleInfo (RoleInfo.java:shutdownFollowerState(121)) - fc32efa6-4617-442e-907c-ae973fbdfc27: shutdown FollowerState
2019-10-06 12:27:08,422 [Thread-1463] INFO  impl.RaftServerImpl (RaftServerImpl.java:setRole(170)) - fc32efa6-4617-442e-907c-ae973fbdfc27@group-9A8BD0FA2D78: changes role from  FOLLOWER to CANDIDATE at term 0 for changeToCandidate
2019-10-06 12:27:08,422 [Thread-1463] INFO  impl.RoleInfo (RoleInfo.java:updateAndGet(143)) - fc32efa6-4617-442e-907c-ae973fbdfc27: start LeaderElection
2019-10-06 12:27:08,429 [aef3ff6a-1d85-4b46-8877-0db60f1deee4@group-A4ABDF337A2E-LeaderElection67] INFO  impl.RoleInfo (RoleInfo.java:updateAndGet(143)) - aef3ff6a-1d85-4b46-8877-0db60f1deee4: start LeaderState
2019-10-06 12:27:08,430 [aef3ff6a-1d85-4b46-8877-0db60f1deee4@group-A4ABDF337A2E-LeaderElection67] INFO  segmented.SegmentedRaftLogWorker (SegmentedRaftLogWorker.java:startLogSegment(385)) - aef3ff6a-1d85-4b46-8877-0db60f1deee4@group-A4ABDF337A2E-SegmentedRaftLogWorker: Starting segment from index:0
2019-10-06 12:27:08,430 [aef3ff6a-1d85-4b46-8877-0db60f1deee4@group-A4ABDF337A2E-LeaderElection67] INFO  impl.RaftServerImpl (ServerState.java:setRaftConf(356)) - aef3ff6a-1d85-4b46-8877-0db60f1deee4@group-A4ABDF337A2E: set configuration 0: [aef3ff6a-1d85-4b46-8877-0db60f1deee4:192.168.30.17:41436], old=null at 0
2019-10-06 12:27:08,442 [fc32efa6-4617-442e-907c-ae973fbdfc27@group-9A8BD0FA2D78-LeaderElection68] INFO  impl.LeaderElection (LeaderElection.java:askForVotes(178)) - fc32efa6-4617-442e-907c-ae973fbdfc27@group-9A8BD0FA2D78-LeaderElection68: begin an election at term 1 for -1: [fc32efa6-4617-442e-907c-ae973fbdfc27:192.168.30.17:39407, aef3ff6a-1d85-4b46-8877-0db60f1deee4:192.168.30.17:41436, 0a56aba4-9765-4b58-971e-a0d2bfb14c7e:192.168.30.17:37798], old=null
2019-10-06 12:27:08,471 [grpc-default-executor-4] INFO  impl.RaftServerImpl (RaftServerImpl.java:setRole(170)) - aef3ff6a-1d85-4b46-8877-0db60f1deee4@group-9A8BD0FA2D78: changes role from  FOLLOWER to FOLLOWER at term 1 for recognizeCandidate:fc32efa6-4617-442e-907c-ae973fbdfc27
2019-10-06 12:27:08,471 [grpc-default-executor-4] INFO  impl.RoleInfo (RoleInfo.java:shutdownFollowerState(121)) - aef3ff6a-1d85-4b46-8877-0db60f1deee4: shutdown FollowerState
2019-10-06 12:27:08,471 [grpc-default-executor-4] INFO  impl.RoleInfo (RoleInfo.java:updateAndGet(143)) - aef3ff6a-1d85-4b46-8877-0db60f1deee4: start FollowerState
2019-10-06 12:27:08,471 [Thread-1465] INFO  impl.FollowerState (FollowerState.java:run(117)) - aef3ff6a-1d85-4b46-8877-0db60f1deee4@group-9A8BD0FA2D78-FollowerState was interrupted: java.lang.InterruptedException: sleep interrupted
2019-10-06 12:27:08,473 [grpc-default-executor-3] INFO  impl.RaftServerImpl (RaftServerImpl.java:setRole(170)) - 0a56aba4-9765-4b58-971e-a0d2bfb14c7e@group-9A8BD0FA2D78: changes role from  FOLLOWER to FOLLOWER at term 1 for recognizeCandidate:fc32efa6-4617-442e-907c-ae973fbdfc27
2019-10-06 12:27:08,475 [grpc-default-executor-3] INFO  impl.RoleInfo (RoleInfo.java:shutdownFollowerState(121)) - 0a56aba4-9765-4b58-971e-a0d2bfb14c7e: shutdown FollowerState
2019-10-06 12:27:08,475 [grpc-default-executor-3] INFO  impl.RoleInfo (RoleInfo.java:updateAndGet(143)) - 0a56aba4-9765-4b58-971e-a0d2bfb14c7e: start FollowerState
2019-10-06 12:27:08,476 [Thread-1464] INFO  impl.FollowerState (FollowerState.java:run(117)) - 0a56aba4-9765-4b58-971e-a0d2bfb14c7e@group-9A8BD0FA2D78-FollowerState was interrupted: java.lang.InterruptedException: sleep interrupted
2019-10-06 12:27:08,489 [aef3ff6a-1d85-4b46-8877-0db60f1deee4@group-A4ABDF337A2E-SegmentedRaftLogWorker] INFO  segmented.SegmentedRaftLogWorker (SegmentedRaftLogWorker.java:execute(574)) - aef3ff6a-1d85-4b46-8877-0db60f1deee4@group-A4ABDF337A2E-SegmentedRaftLogWorker: created new log segment /workdir/hadoop-ozone/integration-test/target/test-dir/MiniOzoneClusterImpl-51f1cfec-5daa-43b9-aad7-055df16adecb/datanode-6/data/ratis/bdb4c321-780d-4f63-b050-a4abdf337a2e/current/log_inprogress_0
2019-10-06 12:27:08,500 [fc32efa6-4617-442e-907c-ae973fbdfc27@group-9A8BD0FA2D78-LeaderElection68] INFO  impl.LeaderElection (LeaderElection.java:logAndReturn(56)) - fc32efa6-4617-442e-907c-ae973fbdfc27@group-9A8BD0FA2D78-LeaderElection68: Election PASSED; received 1 response(s) [fc32efa6-4617-442e-907c-ae973fbdfc27<-0a56aba4-9765-4b58-971e-a0d2bfb14c7e#0:OK-t1] and 0 exception(s); fc32efa6-4617-442e-907c-ae973fbdfc27@group-9A8BD0FA2D78:t1, leader=null, voted=fc32efa6-4617-442e-907c-ae973fbdfc27, raftlog=fc32efa6-4617-442e-907c-ae973fbdfc27@group-9A8BD0FA2D78-SegmentedRaftLog:OPENED:c-1,f-1,i0, conf=-1: [fc32efa6-4617-442e-907c-ae973fbdfc27:192.168.30.17:39407, aef3ff6a-1d85-4b46-8877-0db60f1deee4:192.168.30.17:41436, 0a56aba4-9765-4b58-971e-a0d2bfb14c7e:192.168.30.17:37798], old=null
2019-10-06 12:27:08,500 [fc32efa6-4617-442e-907c-ae973fbdfc27@group-9A8BD0FA2D78-LeaderElection68] INFO  impl.RoleInfo (RoleInfo.java:shutdownLeaderElection(134)) - fc32efa6-4617-442e-907c-ae973fbdfc27: shutdown LeaderElection
2019-10-06 12:27:08,500 [fc32efa6-4617-442e-907c-ae973fbdfc27@group-9A8BD0FA2D78-LeaderElection68] INFO  impl.RaftServerImpl (RaftServerImpl.java:setRole(170)) - fc32efa6-4617-442e-907c-ae973fbdfc27@group-9A8BD0FA2D78: changes role from CANDIDATE to LEADER at term 1 for changeToLeader
2019-10-06 12:27:08,500 [fc32efa6-4617-442e-907c-ae973fbdfc27@group-9A8BD0FA2D78-LeaderElection68] INFO  impl.RaftServerImpl (ServerState.java:setLeader(255)) - fc32efa6-4617-442e-907c-ae973fbdfc27@group-9A8BD0FA2D78: change Leader from null to fc32efa6-4617-442e-907c-ae973fbdfc27 at term 1 for becomeLeader, leader elected after 5127ms
2019-10-06 12:27:08,501 [fc32efa6-4617-442e-907c-ae973fbdfc27@group-9A8BD0FA2D78-LeaderElection68] INFO  server.RaftServerConfigKeys (ConfUtils.java:logGet(43)) - raft.server.staging.catchup.gap = 1000 (default)
2019-10-06 12:27:08,501 [fc32efa6-4617-442e-907c-ae973fbdfc27@group-9A8BD0FA2D78-LeaderElection68] INFO  server.RaftServerConfigKeys (ConfUtils.java:logGet(43)) - raft.server.rpc.sleep.time = 25ms (default)
2019-10-06 12:27:08,501 [fc32efa6-4617-442e-907c-ae973fbdfc27@group-9A8BD0FA2D78-LeaderElection68] INFO  server.RaftServerConfigKeys (ConfUtils.java:logGet(43)) - raft.server.write.element-limit = 4096 (default)
2019-10-06 12:27:08,501 [fc32efa6-4617-442e-907c-ae973fbdfc27@group-9A8BD0FA2D78-LeaderElection68] INFO  server.RaftServerConfigKeys (ConfUtils.java:logGet(43)) - raft.server.watch.timeout = 10s (default)
2019-10-06 12:27:08,501 [fc32efa6-4617-442e-907c-ae973fbdfc27@group-9A8BD0FA2D78-LeaderElection68] INFO  server.RaftServerConfigKeys (ConfUtils.java:logGet(43)) - raft.server.watch.timeout.denomination = 1s (default)
2019-10-06 12:27:08,501 [fc32efa6-4617-442e-907c-ae973fbdfc27@group-9A8BD0FA2D78-LeaderElection68] INFO  server.RaftServerConfigKeys (ConfUtils.java:logGet(43)) - raft.server.watch.element-limit = 65536 (default)
2019-10-06 12:27:08,503 [fc32efa6-4617-442e-907c-ae973fbdfc27@group-9A8BD0FA2D78-LeaderElection68] INFO  server.RaftServerConfigKeys (ConfUtils.java:logGet(43)) - raft.server.log.appender.snapshot.chunk.size.max = 16MB (=16777216) (default)
2019-10-06 12:27:08,503 [fc32efa6-4617-442e-907c-ae973fbdfc27@group-9A8BD0FA2D78-LeaderElection68] INFO  server.RaftServerConfigKeys (ConfUtils.java:logGet(43)) - raft.server.log.appender.buffer.byte-limit = 33554432 (custom)
2019-10-06 12:27:08,504 [fc32efa6-4617-442e-907c-ae973fbdfc27@group-9A8BD0FA2D78-LeaderElection68] INFO  server.RaftServerConfigKeys (ConfUtils.java:logGet(43)) - raft.server.log.appender.buffer.element-limit = 1 (custom)
2019-10-06 12:27:08,504 [fc32efa6-4617-442e-907c-ae973fbdfc27@group-9A8BD0FA2D78-LeaderElection68] INFO  grpc.GrpcConfigKeys$Server (ConfUtils.java:logGet(43)) - raft.grpc.server.leader.outstanding.appends.max = 128 (default)
2019-10-06 12:27:08,504 [fc32efa6-4617-442e-907c-ae973fbdfc27@group-9A8BD0FA2D78-LeaderElection68] INFO  server.RaftServerConfigKeys (ConfUtils.java:logGet(43)) - raft.server.rpc.request.timeout = 3000ms (default)
2019-10-06 12:27:08,504 [fc32efa6-4617-442e-907c-ae973fbdfc27@group-9A8BD0FA2D78-LeaderElection68] INFO  server.RaftServerConfigKeys (ConfUtils.java:logGet(43)) - raft.server.log.appender.install.snapshot.enabled = false (custom)
2019-10-06 12:27:08,504 [fc32efa6-4617-442e-907c-ae973fbdfc27@group-9A8BD0FA2D78-LeaderElection68] INFO  server.RaftServerConfigKeys (ConfUtils.java:logGet(43)) - raft.server.log.appender.snapshot.chunk.size.max = 16MB (=16777216) (default)
2019-10-06 12:27:08,504 [fc32efa6-4617-442e-907c-ae973fbdfc27@group-9A8BD0FA2D78-LeaderElection68] INFO  server.RaftServerConfigKeys (ConfUtils.java:logGet(43)) - raft.server.log.appender.buffer.byte-limit = 33554432 (custom)
2019-10-06 12:27:08,505 [fc32efa6-4617-442e-907c-ae973fbdfc27@group-9A8BD0FA2D78-LeaderElection68] INFO  server.RaftServerConfigKeys (ConfUtils.java:logGet(43)) - raft.server.log.appender.buffer.element-limit = 1 (custom)
2019-10-06 12:27:08,505 [fc32efa6-4617-442e-907c-ae973fbdfc27@group-9A8BD0FA2D78-LeaderElection68] INFO  grpc.GrpcConfigKeys$Server (ConfUtils.java:logGet(43)) - raft.grpc.server.leader.outstanding.appends.max = 128 (default)
2019-10-06 12:27:08,505 [fc32efa6-4617-442e-907c-ae973fbdfc27@group-9A8BD0FA2D78-LeaderElection68] INFO  server.RaftServerConfigKeys (ConfUtils.java:logGet(43)) - raft.server.rpc.request.timeout = 3000ms (default)
2019-10-06 12:27:08,505 [fc32efa6-4617-442e-907c-ae973fbdfc27@group-9A8BD0FA2D78-LeaderElection68] INFO  server.RaftServerConfigKeys (ConfUtils.java:logGet(43)) - raft.server.log.appender.install.snapshot.enabled = false (custom)
2019-10-06 12:27:08,505 [fc32efa6-4617-442e-907c-ae973fbdfc27@group-9A8BD0FA2D78-LeaderElection68] INFO  impl.RoleInfo (RoleInfo.java:updateAndGet(143)) - fc32efa6-4617-442e-907c-ae973fbdfc27: start LeaderState
2019-10-06 12:27:08,505 [fc32efa6-4617-442e-907c-ae973fbdfc27@group-9A8BD0FA2D78-LeaderElection68] INFO  segmented.SegmentedRaftLogWorker (SegmentedRaftLogWorker.java:startLogSegment(385)) - fc32efa6-4617-442e-907c-ae973fbdfc27@group-9A8BD0FA2D78-SegmentedRaftLogWorker: Starting segment from index:0
2019-10-06 12:27:08,506 [fc32efa6-4617-442e-907c-ae973fbdfc27@group-9A8BD0FA2D78-LeaderElection68] INFO  impl.RaftServerImpl (ServerState.java:setRaftConf(356)) - fc32efa6-4617-442e-907c-ae973fbdfc27@group-9A8BD0FA2D78: set configuration 0: [fc32efa6-4617-442e-907c-ae973fbdfc27:192.168.30.17:39407, aef3ff6a-1d85-4b46-8877-0db60f1deee4:192.168.30.17:41436, 0a56aba4-9765-4b58-971e-a0d2bfb14c7e:192.168.30.17:37798], old=null at 0
2019-10-06 12:27:08,549 [grpc-default-executor-4] INFO  impl.RaftServerImpl (ServerState.java:setLeader(255)) - aef3ff6a-1d85-4b46-8877-0db60f1deee4@group-9A8BD0FA2D78: change Leader from null to fc32efa6-4617-442e-907c-ae973fbdfc27 at term 1 for appendEntries, leader elected after 5176ms
2019-10-06 12:27:08,550 [grpc-default-executor-3] INFO  impl.RaftServerImpl (ServerState.java:setLeader(255)) - 0a56aba4-9765-4b58-971e-a0d2bfb14c7e@group-9A8BD0FA2D78: change Leader from null to fc32efa6-4617-442e-907c-ae973fbdfc27 at term 1 for appendEntries, leader elected after 5176ms
2019-10-06 12:27:08,553 [fc32efa6-4617-442e-907c-ae973fbdfc27@group-9A8BD0FA2D78-SegmentedRaftLogWorker] INFO  segmented.SegmentedRaftLogWorker (SegmentedRaftLogWorker.java:execute(574)) - fc32efa6-4617-442e-907c-ae973fbdfc27@group-9A8BD0FA2D78-SegmentedRaftLogWorker: created new log segment /workdir/hadoop-ozone/integration-test/target/test-dir/MiniOzoneClusterImpl-51f1cfec-5daa-43b9-aad7-055df16adecb/datanode-3/data/ratis/89a2d24d-e898-49a0-80c6-9a8bd0fa2d78/current/log_inprogress_0
2019-10-06 12:27:08,557 [grpc-default-executor-3] INFO  impl.RaftServerImpl (ServerState.java:setRaftConf(356)) - aef3ff6a-1d85-4b46-8877-0db60f1deee4@group-9A8BD0FA2D78: set configuration 0: [fc32efa6-4617-442e-907c-ae973fbdfc27:192.168.30.17:39407, aef3ff6a-1d85-4b46-8877-0db60f1deee4:192.168.30.17:41436, 0a56aba4-9765-4b58-971e-a0d2bfb14c7e:192.168.30.17:37798], old=null at 0
2019-10-06 12:27:08,557 [grpc-default-executor-4] INFO  impl.RaftServerImpl (ServerState.java:setRaftConf(356)) - 0a56aba4-9765-4b58-971e-a0d2bfb14c7e@group-9A8BD0FA2D78: set configuration 0: [fc32efa6-4617-442e-907c-ae973fbdfc27:192.168.30.17:39407, aef3ff6a-1d85-4b46-8877-0db60f1deee4:192.168.30.17:41436, 0a56aba4-9765-4b58-971e-a0d2bfb14c7e:192.168.30.17:37798], old=null at 0
2019-10-06 12:27:08,557 [grpc-default-executor-3] INFO  segmented.SegmentedRaftLogWorker (SegmentedRaftLogWorker.java:startLogSegment(385)) - aef3ff6a-1d85-4b46-8877-0db60f1deee4@group-9A8BD0FA2D78-SegmentedRaftLogWorker: Starting segment from index:0
2019-10-06 12:27:08,558 [grpc-default-executor-4] INFO  segmented.SegmentedRaftLogWorker (SegmentedRaftLogWorker.java:startLogSegment(385)) - 0a56aba4-9765-4b58-971e-a0d2bfb14c7e@group-9A8BD0FA2D78-SegmentedRaftLogWorker: Starting segment from index:0
2019-10-06 12:27:08,615 [aef3ff6a-1d85-4b46-8877-0db60f1deee4@group-9A8BD0FA2D78-SegmentedRaftLogWorker] INFO  segmented.SegmentedRaftLogWorker (SegmentedRaftLogWorker.java:execute(574)) - aef3ff6a-1d85-4b46-8877-0db60f1deee4@group-9A8BD0FA2D78-SegmentedRaftLogWorker: created new log segment /workdir/hadoop-ozone/integration-test/target/test-dir/MiniOzoneClusterImpl-51f1cfec-5daa-43b9-aad7-055df16adecb/datanode-6/data/ratis/89a2d24d-e898-49a0-80c6-9a8bd0fa2d78/current/log_inprogress_0
2019-10-06 12:27:08,615 [0a56aba4-9765-4b58-971e-a0d2bfb14c7e@group-9A8BD0FA2D78-SegmentedRaftLogWorker] INFO  segmented.SegmentedRaftLogWorker (SegmentedRaftLogWorker.java:execute(574)) - 0a56aba4-9765-4b58-971e-a0d2bfb14c7e@group-9A8BD0FA2D78-SegmentedRaftLogWorker: created new log segment /workdir/hadoop-ozone/integration-test/target/test-dir/MiniOzoneClusterImpl-51f1cfec-5daa-43b9-aad7-055df16adecb/datanode-5/data/ratis/89a2d24d-e898-49a0-80c6-9a8bd0fa2d78/current/log_inprogress_0
2019-10-06 12:27:08,618 [Datanode State Machine Thread - 0] INFO  statemachine.DatanodeStateMachine (DatanodeStateMachine.java:lambda$startDaemon$0(350)) - Ozone container server started.
2019-10-06 12:27:13,608 [main] INFO  ozoneimpl.OzoneContainer (OzoneContainer.java:stop(231)) - Attempting to stop container services.
2019-10-06 12:27:13,609 [main] INFO  impl.RaftServerProxy (RaftServerProxy.java:lambda$close$4(314)) - 82fffea1-b1ae-4141-a3f7-289714faad12: close
2019-10-06 12:27:13,610 [main] INFO  impl.RaftServerImpl (RaftServerImpl.java:lambda$shutdown$3(247)) - 82fffea1-b1ae-4141-a3f7-289714faad12@group-0B6775E14A42: shutdown
2019-10-06 12:27:13,610 [ForkJoinPool.commonPool-worker-0] INFO  impl.RaftServerImpl (RaftServerImpl.java:lambda$shutdown$3(247)) - 82fffea1-b1ae-4141-a3f7-289714faad12@group-D13855EB69AE: shutdown
2019-10-06 12:27:13,610 [main] INFO  util.JmxRegister (JmxRegister.java:unregister(73)) - Successfully un-registered JMX Bean with object name Ratis:service=RaftServer,group=group-0B6775E14A42,id=82fffea1-b1ae-4141-a3f7-289714faad12
2019-10-06 12:27:13,611 [ForkJoinPool.commonPool-worker-0] INFO  util.JmxRegister (JmxRegister.java:unregister(73)) - Successfully un-registered JMX Bean with object name Ratis:service=RaftServer,group=group-D13855EB69AE,id=82fffea1-b1ae-4141-a3f7-289714faad12
2019-10-06 12:27:13,611 [main] INFO  impl.RoleInfo (RoleInfo.java:shutdownFollowerState(121)) - 82fffea1-b1ae-4141-a3f7-289714faad12: shutdown FollowerState
2019-10-06 12:27:13,611 [ForkJoinPool.commonPool-worker-0] INFO  impl.RoleInfo (RoleInfo.java:shutdownLeaderState(104)) - 82fffea1-b1ae-4141-a3f7-289714faad12: shutdown LeaderState
2019-10-06 12:27:13,612 [82fffea1-b1ae-4141-a3f7-289714faad12@group-0B6775E14A42-StateMachineUpdater] INFO  ratis.ContainerStateMachine (ContainerStateMachine.java:takeSnapshot(293)) - group-0B6775E14A42: Taking a snapshot at:(t:1, i:1) file /workdir/hadoop-ozone/integration-test/target/test-dir/MiniOzoneClusterImpl-51f1cfec-5daa-43b9-aad7-055df16adecb/datanode-0/data/ratis/a3df912a-ae95-4c93-98a1-0b6775e14a42/sm/snapshot.1_1
2019-10-06 12:27:13,612 [Thread-1497] INFO  impl.FollowerState (FollowerState.java:run(117)) - 82fffea1-b1ae-4141-a3f7-289714faad12@group-0B6775E14A42-FollowerState was interrupted: java.lang.InterruptedException: sleep interrupted
2019-10-06 12:27:13,612 [main] INFO  impl.StateMachineUpdater (StateMachineUpdater.java:stopAndJoin(136)) - 82fffea1-b1ae-4141-a3f7-289714faad12@group-0B6775E14A42-StateMachineUpdater: set stopIndex = 2
2019-10-06 12:27:13,612 [ForkJoinPool.commonPool-worker-0] INFO  impl.PendingRequests (PendingRequests.java:sendNotLeaderResponses(202)) - 82fffea1-b1ae-4141-a3f7-289714faad12@group-D13855EB69AE-PendingRequests: sendNotLeaderResponses
2019-10-06 12:27:13,621 [ForkJoinPool.commonPool-worker-0] INFO  impl.StateMachineUpdater (StateMachineUpdater.java:stopAndJoin(136)) - 82fffea1-b1ae-4141-a3f7-289714faad12@group-D13855EB69AE-StateMachineUpdater: set stopIndex = 0
2019-10-06 12:27:13,621 [ForkJoinPool.commonPool-worker-0] INFO  impl.RaftServerImpl (ServerState.java:close(387)) - 82fffea1-b1ae-4141-a3f7-289714faad12@group-D13855EB69AE: closes. applyIndex: 0
2019-10-06 12:27:13,622 [82fffea1-b1ae-4141-a3f7-289714faad12@group-D13855EB69AE-SegmentedRaftLogWorker] INFO  segmented.SegmentedRaftLogWorker (SegmentedRaftLogWorker.java:run(316)) - 82fffea1-b1ae-4141-a3f7-289714faad12@group-D13855EB69AE-SegmentedRaftLogWorker was interrupted, exiting. There are 0 tasks remaining in the queue.
2019-10-06 12:27:13,632 [ForkJoinPool.commonPool-worker-0] INFO  segmented.SegmentedRaftLogWorker (SegmentedRaftLogWorker.java:close(224)) - 82fffea1-b1ae-4141-a3f7-289714faad12@group-D13855EB69AE-SegmentedRaftLogWorker close()
2019-10-06 12:27:13,637 [82fffea1-b1ae-4141-a3f7-289714faad12@group-0B6775E14A42-StateMachineUpdater] INFO  ratis.ContainerStateMachine (ContainerStateMachine.java:takeSnapshot(304)) - group-0B6775E14A42: Finished taking a snapshot at:(t:1, i:1) file:/workdir/hadoop-ozone/integration-test/target/test-dir/MiniOzoneClusterImpl-51f1cfec-5daa-43b9-aad7-055df16adecb/datanode-0/data/ratis/a3df912a-ae95-4c93-98a1-0b6775e14a42/sm/snapshot.1_1 time:25
2019-10-06 12:27:13,638 [82fffea1-b1ae-4141-a3f7-289714faad12@group-0B6775E14A42-StateMachineUpdater] INFO  impl.StateMachineUpdater (StateMachineUpdater.java:takeSnapshot(269)) - 82fffea1-b1ae-4141-a3f7-289714faad12@group-0B6775E14A42-StateMachineUpdater: Took a snapshot at index 1
2019-10-06 12:27:13,638 [82fffea1-b1ae-4141-a3f7-289714faad12@group-0B6775E14A42-StateMachineUpdater] INFO  impl.StateMachineUpdater (StateMachineUpdater.java:lambda$new$0(84)) - 82fffea1-b1ae-4141-a3f7-289714faad12@group-0B6775E14A42-StateMachineUpdater: snapshotIndex: updateIncreasingly -1 -> 1
2019-10-06 12:27:13,638 [82fffea1-b1ae-4141-a3f7-289714faad12@group-0B6775E14A42-StateMachineUpdater] INFO  ratis.ContainerStateMachine (ContainerStateMachine.java:takeSnapshot(293)) - group-0B6775E14A42: Taking a snapshot at:(t:1, i:1) file /workdir/hadoop-ozone/integration-test/target/test-dir/MiniOzoneClusterImpl-51f1cfec-5daa-43b9-aad7-055df16adecb/datanode-0/data/ratis/a3df912a-ae95-4c93-98a1-0b6775e14a42/sm/snapshot.1_1
2019-10-06 12:27:13,663 [82fffea1-b1ae-4141-a3f7-289714faad12@group-0B6775E14A42-StateMachineUpdater] INFO  ratis.ContainerStateMachine (ContainerStateMachine.java:takeSnapshot(304)) - group-0B6775E14A42: Finished taking a snapshot at:(t:1, i:1) file:/workdir/hadoop-ozone/integration-test/target/test-dir/MiniOzoneClusterImpl-51f1cfec-5daa-43b9-aad7-055df16adecb/datanode-0/data/ratis/a3df912a-ae95-4c93-98a1-0b6775e14a42/sm/snapshot.1_1 time:25
2019-10-06 12:27:13,663 [82fffea1-b1ae-4141-a3f7-289714faad12@group-0B6775E14A42-StateMachineUpdater] INFO  impl.StateMachineUpdater (StateMachineUpdater.java:takeSnapshot(269)) - 82fffea1-b1ae-4141-a3f7-289714faad12@group-0B6775E14A42-StateMachineUpdater: Took a snapshot at index 1
2019-10-06 12:27:13,663 [82fffea1-b1ae-4141-a3f7-289714faad12@group-0B6775E14A42-StateMachineUpdater] INFO  impl.StateMachineUpdater (StateMachineUpdater.java:lambda$new$0(84)) - 82fffea1-b1ae-4141-a3f7-289714faad12@group-0B6775E14A42-StateMachineUpdater: snapshotIndex: updateIncreasingly 1 -> 1
2019-10-06 12:27:13,664 [main] INFO  impl.RaftServerImpl (ServerState.java:close(387)) - 82fffea1-b1ae-4141-a3f7-289714faad12@group-0B6775E14A42: closes. applyIndex: 2
2019-10-06 12:27:13,664 [82fffea1-b1ae-4141-a3f7-289714faad12@group-0B6775E14A42-SegmentedRaftLogWorker] INFO  segmented.SegmentedRaftLogWorker (SegmentedRaftLogWorker.java:run(316)) - 82fffea1-b1ae-4141-a3f7-289714faad12@group-0B6775E14A42-SegmentedRaftLogWorker was interrupted, exiting. There are 0 tasks remaining in the queue.
2019-10-06 12:27:13,667 [main] INFO  segmented.SegmentedRaftLogWorker (SegmentedRaftLogWorker.java:close(224)) - 82fffea1-b1ae-4141-a3f7-289714faad12@group-0B6775E14A42-SegmentedRaftLogWorker close()
2019-10-06 12:27:13,672 [main] INFO  server.GrpcService (GrpcService.java:closeImpl(164)) - 82fffea1-b1ae-4141-a3f7-289714faad12: shutdown server with port 44306 now
2019-10-06 12:27:13,673 [grpc-default-executor-4] WARN  server.GrpcServerProtocolService (LogUtils.java:warn(134)) - 82fffea1-b1ae-4141-a3f7-289714faad12: installSnapshot onError, lastRequest: 405150d4-bd54-4511-ac91-84679afff3e5->82fffea1-b1ae-4141-a3f7-289714faad12#5-t1, previous=(t:1, i:2), leaderCommit=2, initializing? false, entries: <empty>: org.apache.ratis.thirdparty.io.grpc.StatusRuntimeException: CANCELLED: cancelled before receiving half close
2019-10-06 12:27:13,673 [grpc-default-executor-3] WARN  server.GrpcLogAppender (LogUtils.java:warn(134)) - 405150d4-bd54-4511-ac91-84679afff3e5@group-0B6775E14A42->82fffea1-b1ae-4141-a3f7-289714faad12-AppendLogResponseHandler: Failed appendEntries: org.apache.ratis.thirdparty.io.grpc.StatusRuntimeException: CANCELLED: HTTP/2 error code: CANCEL
Received Rst Stream
2019-10-06 12:27:13,673 [main] INFO  server.GrpcService (GrpcService.java:closeImpl(172)) - 82fffea1-b1ae-4141-a3f7-289714faad12: shutdown server with port 44306 successfully
2019-10-06 12:27:13,673 [grpc-default-executor-3] INFO  impl.FollowerInfo (FollowerInfo.java:lambda$new$0(51)) - 405150d4-bd54-4511-ac91-84679afff3e5@group-0B6775E14A42->82fffea1-b1ae-4141-a3f7-289714faad12: nextIndex: updateUnconditionally 3 -> 2
2019-10-06 12:27:13,677 [refreshUsed-/workdir/hadoop-ozone/integration-test/target/test-dir/MiniOzoneClusterImpl-51f1cfec-5daa-43b9-aad7-055df16adecb/datanode-0/data/containers] WARN  fs.CachingGetSpaceUsed (CachingGetSpaceUsed.java:run(183)) - Thread Interrupted waiting to refresh disk information: sleep interrupted
2019-10-06 12:27:13,690 [main] INFO  utils.BackgroundService (BackgroundService.java:shutdown(148)) - Shutting down service BlockDeletingService
2019-10-06 12:27:13,697 [main] INFO  statemachine.DatanodeStateMachine (DatanodeStateMachine.java:stopDaemon(395)) - Ozone container server stopped.
2019-10-06 12:27:13,699 [main] INFO  handler.ContextHandler (ContextHandler.java:doStop(910)) - Stopped o.e.j.w.WebAppContext@627ff1b8{/,null,UNAVAILABLE}{/hddsDatanode}
2019-10-06 12:27:13,702 [main] INFO  server.AbstractConnector (AbstractConnector.java:doStop(318)) - Stopped ServerConnector@62b57479{HTTP/1.1,[http/1.1]}{0.0.0.0:0}
2019-10-06 12:27:13,702 [main] INFO  handler.ContextHandler (ContextHandler.java:doStop(910)) - Stopped o.e.j.s.ServletContextHandler@709f0202{/static,jar:file:/home/user/.m2/repository/org/apache/hadoop/hadoop-hdds-container-service/0.5.0-SNAPSHOT/hadoop-hdds-container-service-0.5.0-SNAPSHOT.jar!/webapps/static,UNAVAILABLE}
2019-10-06 12:27:13,703 [main] INFO  handler.ContextHandler (ContextHandler.java:doStop(910)) - Stopped o.e.j.s.ServletContextHandler@70029d2d{/logs,file:///workdir/hadoop-ozone/integration-test/target/log,UNAVAILABLE}
2019-10-06 12:27:14,621 [Datanode State Machine Thread - 0] INFO  statemachine.DatanodeStateMachine (DatanodeStateMachine.java:lambda$startDaemon$0(350)) - Ozone container server started.
2019-10-06 12:27:15,977 [grpc-default-executor-5] WARN  server.GrpcLogAppender (LogUtils.java:warn(134)) - 405150d4-bd54-4511-ac91-84679afff3e5@group-0B6775E14A42->82fffea1-b1ae-4141-a3f7-289714faad12-AppendLogResponseHandler: Failed appendEntries: org.apache.ratis.thirdparty.io.grpc.StatusRuntimeException: UNAVAILABLE: io exception
2019-10-06 12:27:15,977 [grpc-default-executor-5] INFO  impl.FollowerInfo (FollowerInfo.java:lambda$new$0(51)) - 405150d4-bd54-4511-ac91-84679afff3e5@group-0B6775E14A42->82fffea1-b1ae-4141-a3f7-289714faad12: nextIndex: updateUnconditionally 2 -> 1
2019-10-06 12:27:18,484 [grpc-default-executor-4] WARN  server.GrpcLogAppender (LogUtils.java:warn(134)) - 405150d4-bd54-4511-ac91-84679afff3e5@group-0B6775E14A42->82fffea1-b1ae-4141-a3f7-289714faad12-AppendLogResponseHandler: Failed appendEntries: org.apache.ratis.thirdparty.io.grpc.StatusRuntimeException: UNAVAILABLE: io exception
2019-10-06 12:27:18,485 [grpc-default-executor-4] INFO  impl.FollowerInfo (FollowerInfo.java:lambda$new$0(51)) - 405150d4-bd54-4511-ac91-84679afff3e5@group-0B6775E14A42->82fffea1-b1ae-4141-a3f7-289714faad12: nextIndex: updateUnconditionally 1 -> 0
2019-10-06 12:27:18,705 [main] INFO  ozoneimpl.OzoneContainer (OzoneContainer.java:stop(231)) - Attempting to stop container services.
2019-10-06 12:27:18,706 [main] INFO  impl.RaftServerProxy (RaftServerProxy.java:lambda$close$4(314)) - bc0dd1f5-e092-43fd-8479-76017d9815ee: close
2019-10-06 12:27:18,707 [main] INFO  impl.RaftServerImpl (RaftServerImpl.java:lambda$shutdown$3(247)) - bc0dd1f5-e092-43fd-8479-76017d9815ee@group-61C9D89190F0: shutdown
2019-10-06 12:27:18,708 [main] INFO  util.JmxRegister (JmxRegister.java:unregister(73)) - Successfully un-registered JMX Bean with object name Ratis:service=RaftServer,group=group-61C9D89190F0,id=bc0dd1f5-e092-43fd-8479-76017d9815ee
2019-10-06 12:27:18,708 [main] INFO  impl.RoleInfo (RoleInfo.java:shutdownLeaderState(104)) - bc0dd1f5-e092-43fd-8479-76017d9815ee: shutdown LeaderState
2019-10-06 12:27:18,709 [main] INFO  impl.PendingRequests (PendingRequests.java:sendNotLeaderResponses(202)) - bc0dd1f5-e092-43fd-8479-76017d9815ee@group-61C9D89190F0-PendingRequests: sendNotLeaderResponses
2019-10-06 12:27:18,710 [main] INFO  impl.StateMachineUpdater (StateMachineUpdater.java:stopAndJoin(136)) - bc0dd1f5-e092-43fd-8479-76017d9815ee@group-61C9D89190F0-StateMachineUpdater: set stopIndex = 0
2019-10-06 12:27:18,710 [main] INFO  impl.RaftServerImpl (ServerState.java:close(387)) - bc0dd1f5-e092-43fd-8479-76017d9815ee@group-61C9D89190F0: closes. applyIndex: 0
2019-10-06 12:27:18,711 [bc0dd1f5-e092-43fd-8479-76017d9815ee@group-61C9D89190F0-SegmentedRaftLogWorker] INFO  segmented.SegmentedRaftLogWorker (SegmentedRaftLogWorker.java:run(316)) - bc0dd1f5-e092-43fd-8479-76017d9815ee@group-61C9D89190F0-SegmentedRaftLogWorker was interrupted, exiting. There are 0 tasks remaining in the queue.
2019-10-06 12:27:18,715 [main] INFO  segmented.SegmentedRaftLogWorker (SegmentedRaftLogWorker.java:close(224)) - bc0dd1f5-e092-43fd-8479-76017d9815ee@group-61C9D89190F0-SegmentedRaftLogWorker close()
2019-10-06 12:27:18,720 [main] INFO  impl.RaftServerImpl (RaftServerImpl.java:lambda$shutdown$3(247)) - bc0dd1f5-e092-43fd-8479-76017d9815ee@group-0B6775E14A42: shutdown
2019-10-06 12:27:18,720 [main] INFO  util.JmxRegister (JmxRegister.java:unregister(73)) - Successfully un-registered JMX Bean with object name Ratis:service=RaftServer,group=group-0B6775E14A42,id=bc0dd1f5-e092-43fd-8479-76017d9815ee
2019-10-06 12:27:18,720 [main] INFO  impl.RoleInfo (RoleInfo.java:shutdownFollowerState(121)) - bc0dd1f5-e092-43fd-8479-76017d9815ee: shutdown FollowerState
2019-10-06 12:27:18,721 [main] INFO  impl.StateMachineUpdater (StateMachineUpdater.java:stopAndJoin(136)) - bc0dd1f5-e092-43fd-8479-76017d9815ee@group-0B6775E14A42-StateMachineUpdater: set stopIndex = 2
2019-10-06 12:27:18,721 [bc0dd1f5-e092-43fd-8479-76017d9815ee@group-0B6775E14A42-StateMachineUpdater] INFO  ratis.ContainerStateMachine (ContainerStateMachine.java:takeSnapshot(293)) - group-0B6775E14A42: Taking a snapshot at:(t:1, i:1) file /workdir/hadoop-ozone/integration-test/target/test-dir/MiniOzoneClusterImpl-51f1cfec-5daa-43b9-aad7-055df16adecb/datanode-1/data/ratis/a3df912a-ae95-4c93-98a1-0b6775e14a42/sm/snapshot.1_1
2019-10-06 12:27:18,721 [Thread-1496] INFO  impl.FollowerState (FollowerState.java:run(117)) - bc0dd1f5-e092-43fd-8479-76017d9815ee@group-0B6775E14A42-FollowerState was interrupted: java.lang.InterruptedException: sleep interrupted
2019-10-06 12:27:18,729 [bc0dd1f5-e092-43fd-8479-76017d9815ee@group-0B6775E14A42-StateMachineUpdater] INFO  ratis.ContainerStateMachine (ContainerStateMachine.java:takeSnapshot(304)) - group-0B6775E14A42: Finished taking a snapshot at:(t:1, i:1) file:/workdir/hadoop-ozone/integration-test/target/test-dir/MiniOzoneClusterImpl-51f1cfec-5daa-43b9-aad7-055df16adecb/datanode-1/data/ratis/a3df912a-ae95-4c93-98a1-0b6775e14a42/sm/snapshot.1_1 time:8
2019-10-06 12:27:18,730 [bc0dd1f5-e092-43fd-8479-76017d9815ee@group-0B6775E14A42-StateMachineUpdater] INFO  impl.StateMachineUpdater (StateMachineUpdater.java:takeSnapshot(269)) - bc0dd1f5-e092-43fd-8479-76017d9815ee@group-0B6775E14A42-StateMachineUpdater: Took a snapshot at index 1
2019-10-06 12:27:18,730 [bc0dd1f5-e092-43fd-8479-76017d9815ee@group-0B6775E14A42-StateMachineUpdater] INFO  impl.StateMachineUpdater (StateMachineUpdater.java:lambda$new$0(84)) - bc0dd1f5-e092-43fd-8479-76017d9815ee@group-0B6775E14A42-StateMachineUpdater: snapshotIndex: updateIncreasingly -1 -> 1
2019-10-06 12:27:18,730 [bc0dd1f5-e092-43fd-8479-76017d9815ee@group-0B6775E14A42-StateMachineUpdater] INFO  ratis.ContainerStateMachine (ContainerStateMachine.java:takeSnapshot(293)) - group-0B6775E14A42: Taking a snapshot at:(t:1, i:1) file /workdir/hadoop-ozone/integration-test/target/test-dir/MiniOzoneClusterImpl-51f1cfec-5daa-43b9-aad7-055df16adecb/datanode-1/data/ratis/a3df912a-ae95-4c93-98a1-0b6775e14a42/sm/snapshot.1_1
2019-10-06 12:27:18,743 [bc0dd1f5-e092-43fd-8479-76017d9815ee@group-0B6775E14A42-StateMachineUpdater] INFO  ratis.ContainerStateMachine (ContainerStateMachine.java:takeSnapshot(304)) - group-0B6775E14A42: Finished taking a snapshot at:(t:1, i:1) file:/workdir/hadoop-ozone/integration-test/target/test-dir/MiniOzoneClusterImpl-51f1cfec-5daa-43b9-aad7-055df16adecb/datanode-1/data/ratis/a3df912a-ae95-4c93-98a1-0b6775e14a42/sm/snapshot.1_1 time:13
2019-10-06 12:27:18,743 [bc0dd1f5-e092-43fd-8479-76017d9815ee@group-0B6775E14A42-StateMachineUpdater] INFO  impl.StateMachineUpdater (StateMachineUpdater.java:takeSnapshot(269)) - bc0dd1f5-e092-43fd-8479-76017d9815ee@group-0B6775E14A42-StateMachineUpdater: Took a snapshot at index 1
2019-10-06 12:27:18,743 [bc0dd1f5-e092-43fd-8479-76017d9815ee@group-0B6775E14A42-StateMachineUpdater] INFO  impl.StateMachineUpdater (StateMachineUpdater.java:lambda$new$0(84)) - bc0dd1f5-e092-43fd-8479-76017d9815ee@group-0B6775E14A42-StateMachineUpdater: snapshotIndex: updateIncreasingly 1 -> 1
2019-10-06 12:27:18,744 [main] INFO  impl.RaftServerImpl (ServerState.java:close(387)) - bc0dd1f5-e092-43fd-8479-76017d9815ee@group-0B6775E14A42: closes. applyIndex: 2
2019-10-06 12:27:18,744 [bc0dd1f5-e092-43fd-8479-76017d9815ee@group-0B6775E14A42-SegmentedRaftLogWorker] INFO  segmented.SegmentedRaftLogWorker (SegmentedRaftLogWorker.java:run(316)) - bc0dd1f5-e092-43fd-8479-76017d9815ee@group-0B6775E14A42-SegmentedRaftLogWorker was interrupted, exiting. There are 0 tasks remaining in the queue.
2019-10-06 12:27:18,747 [main] INFO  segmented.SegmentedRaftLogWorker (SegmentedRaftLogWorker.java:close(224)) - bc0dd1f5-e092-43fd-8479-76017d9815ee@group-0B6775E14A42-SegmentedRaftLogWorker close()
2019-10-06 12:27:18,751 [main] INFO  server.GrpcService (GrpcService.java:closeImpl(164)) - bc0dd1f5-e092-43fd-8479-76017d9815ee: shutdown server with port 41285 now
2019-10-06 12:27:18,753 [grpc-default-executor-5] WARN  server.GrpcServerProtocolService (LogUtils.java:warn(134)) - bc0dd1f5-e092-43fd-8479-76017d9815ee: installSnapshot onError, lastRequest: 405150d4-bd54-4511-ac91-84679afff3e5->bc0dd1f5-e092-43fd-8479-76017d9815ee#7-t1, previous=(t:1, i:2), leaderCommit=2, initializing? false, entries: <empty>: org.apache.ratis.thirdparty.io.grpc.StatusRuntimeException: CANCELLED: cancelled before receiving half close
2019-10-06 12:27:18,753 [grpc-default-executor-3] WARN  server.GrpcLogAppender (LogUtils.java:warn(134)) - 405150d4-bd54-4511-ac91-84679afff3e5@group-0B6775E14A42->bc0dd1f5-e092-43fd-8479-76017d9815ee-AppendLogResponseHandler: Failed appendEntries: org.apache.ratis.thirdparty.io.grpc.StatusRuntimeException: CANCELLED: HTTP/2 error code: CANCEL
Received Rst Stream
2019-10-06 12:27:18,753 [main] INFO  server.GrpcService (GrpcService.java:closeImpl(172)) - bc0dd1f5-e092-43fd-8479-76017d9815ee: shutdown server with port 41285 successfully
2019-10-06 12:27:18,753 [grpc-default-executor-3] INFO  impl.FollowerInfo (FollowerInfo.java:lambda$new$0(51)) - 405150d4-bd54-4511-ac91-84679afff3e5@group-0B6775E14A42->bc0dd1f5-e092-43fd-8479-76017d9815ee: nextIndex: updateUnconditionally 3 -> 2
2019-10-06 12:27:18,756 [refreshUsed-/workdir/hadoop-ozone/integration-test/target/test-dir/MiniOzoneClusterImpl-51f1cfec-5daa-43b9-aad7-055df16adecb/datanode-1/data/containers] WARN  fs.CachingGetSpaceUsed (CachingGetSpaceUsed.java:run(183)) - Thread Interrupted waiting to refresh disk information: sleep interrupted
2019-10-06 12:27:18,780 [main] INFO  utils.BackgroundService (BackgroundService.java:shutdown(148)) - Shutting down service BlockDeletingService
2019-10-06 12:27:18,787 [main] INFO  statemachine.DatanodeStateMachine (DatanodeStateMachine.java:stopDaemon(395)) - Ozone container server stopped.
2019-10-06 12:27:18,789 [main] INFO  handler.ContextHandler (ContextHandler.java:doStop(910)) - Stopped o.e.j.w.WebAppContext@5c134052{/,null,UNAVAILABLE}{/hddsDatanode}
2019-10-06 12:27:18,790 [main] INFO  server.AbstractConnector (AbstractConnector.java:doStop(318)) - Stopped ServerConnector@69de5bed{HTTP/1.1,[http/1.1]}{0.0.0.0:0}
2019-10-06 12:27:18,790 [main] INFO  handler.ContextHandler (ContextHandler.java:doStop(910)) - Stopped o.e.j.s.ServletContextHandler@4a1a256d{/static,jar:file:/home/user/.m2/repository/org/apache/hadoop/hadoop-hdds-container-service/0.5.0-SNAPSHOT/hadoop-hdds-container-service-0.5.0-SNAPSHOT.jar!/webapps/static,UNAVAILABLE}
2019-10-06 12:27:18,791 [main] INFO  handler.ContextHandler (ContextHandler.java:doStop(910)) - Stopped o.e.j.s.ServletContextHandler@78910096{/logs,file:///workdir/hadoop-ozone/integration-test/target/log,UNAVAILABLE}
2019-10-06 12:27:20,984 [grpc-default-executor-4] WARN  server.GrpcLogAppender (LogUtils.java:warn(134)) - 405150d4-bd54-4511-ac91-84679afff3e5@group-0B6775E14A42->82fffea1-b1ae-4141-a3f7-289714faad12-AppendLogResponseHandler: Failed appendEntries: org.apache.ratis.thirdparty.io.grpc.StatusRuntimeException: UNAVAILABLE: io exception
2019-10-06 12:27:20,984 [grpc-default-executor-4] INFO  impl.FollowerInfo (FollowerInfo.java:lambda$new$0(51)) - 405150d4-bd54-4511-ac91-84679afff3e5@group-0B6775E14A42->82fffea1-b1ae-4141-a3f7-289714faad12: nextIndex: updateUnconditionally 0 -> 0
2019-10-06 12:27:20,985 [grpc-default-executor-5] WARN  server.GrpcLogAppender (LogUtils.java:warn(134)) - 405150d4-bd54-4511-ac91-84679afff3e5@group-0B6775E14A42->bc0dd1f5-e092-43fd-8479-76017d9815ee-AppendLogResponseHandler: Failed appendEntries: org.apache.ratis.thirdparty.io.grpc.StatusRuntimeException: UNAVAILABLE: io exception
2019-10-06 12:27:20,986 [grpc-default-executor-5] INFO  impl.FollowerInfo (FollowerInfo.java:lambda$new$0(51)) - 405150d4-bd54-4511-ac91-84679afff3e5@group-0B6775E14A42->bc0dd1f5-e092-43fd-8479-76017d9815ee: nextIndex: updateUnconditionally 2 -> 1
2019-10-06 12:27:23,488 [grpc-default-executor-4] WARN  server.GrpcLogAppender (LogUtils.java:warn(134)) - 405150d4-bd54-4511-ac91-84679afff3e5@group-0B6775E14A42->bc0dd1f5-e092-43fd-8479-76017d9815ee-AppendLogResponseHandler: Failed appendEntries: org.apache.ratis.thirdparty.io.grpc.StatusRuntimeException: UNAVAILABLE: io exception
2019-10-06 12:27:23,489 [grpc-default-executor-6] WARN  server.GrpcLogAppender (LogUtils.java:warn(134)) - 405150d4-bd54-4511-ac91-84679afff3e5@group-0B6775E14A42->82fffea1-b1ae-4141-a3f7-289714faad12-AppendLogResponseHandler: Failed appendEntries: org.apache.ratis.thirdparty.io.grpc.StatusRuntimeException: UNAVAILABLE: io exception
2019-10-06 12:27:23,489 [grpc-default-executor-4] INFO  impl.FollowerInfo (FollowerInfo.java:lambda$new$0(51)) - 405150d4-bd54-4511-ac91-84679afff3e5@group-0B6775E14A42->bc0dd1f5-e092-43fd-8479-76017d9815ee: nextIndex: updateUnconditionally 1 -> 0
2019-10-06 12:27:23,489 [grpc-default-executor-6] INFO  impl.FollowerInfo (FollowerInfo.java:lambda$new$0(51)) - 405150d4-bd54-4511-ac91-84679afff3e5@group-0B6775E14A42->82fffea1-b1ae-4141-a3f7-289714faad12: nextIndex: updateUnconditionally 0 -> 0
2019-10-06 12:27:25,990 [grpc-default-executor-5] WARN  server.GrpcLogAppender (LogUtils.java:warn(134)) - 405150d4-bd54-4511-ac91-84679afff3e5@group-0B6775E14A42->82fffea1-b1ae-4141-a3f7-289714faad12-AppendLogResponseHandler: Failed appendEntries: org.apache.ratis.thirdparty.io.grpc.StatusRuntimeException: UNAVAILABLE: io exception
2019-10-06 12:27:25,990 [grpc-default-executor-4] WARN  server.GrpcLogAppender (LogUtils.java:warn(134)) - 405150d4-bd54-4511-ac91-84679afff3e5@group-0B6775E14A42->bc0dd1f5-e092-43fd-8479-76017d9815ee-AppendLogResponseHandler: Failed appendEntries: org.apache.ratis.thirdparty.io.grpc.StatusRuntimeException: UNAVAILABLE: io exception
2019-10-06 12:27:25,991 [grpc-default-executor-4] INFO  impl.FollowerInfo (FollowerInfo.java:lambda$new$0(51)) - 405150d4-bd54-4511-ac91-84679afff3e5@group-0B6775E14A42->bc0dd1f5-e092-43fd-8479-76017d9815ee: nextIndex: updateUnconditionally 0 -> 0
2019-10-06 12:27:25,991 [grpc-default-executor-5] INFO  impl.FollowerInfo (FollowerInfo.java:lambda$new$0(51)) - 405150d4-bd54-4511-ac91-84679afff3e5@group-0B6775E14A42->82fffea1-b1ae-4141-a3f7-289714faad12: nextIndex: updateUnconditionally 0 -> 0
2019-10-06 12:27:28,490 [grpc-default-executor-4] WARN  server.GrpcLogAppender (LogUtils.java:warn(134)) - 405150d4-bd54-4511-ac91-84679afff3e5@group-0B6775E14A42->bc0dd1f5-e092-43fd-8479-76017d9815ee-AppendLogResponseHandler: Failed appendEntries: org.apache.ratis.thirdparty.io.grpc.StatusRuntimeException: UNAVAILABLE: io exception
2019-10-06 12:27:28,490 [grpc-default-executor-3] WARN  server.GrpcLogAppender (LogUtils.java:warn(134)) - 405150d4-bd54-4511-ac91-84679afff3e5@group-0B6775E14A42->82fffea1-b1ae-4141-a3f7-289714faad12-AppendLogResponseHandler: Failed appendEntries: org.apache.ratis.thirdparty.io.grpc.StatusRuntimeException: UNAVAILABLE: io exception
2019-10-06 12:27:28,491 [grpc-default-executor-4] INFO  impl.FollowerInfo (FollowerInfo.java:lambda$new$0(51)) - 405150d4-bd54-4511-ac91-84679afff3e5@group-0B6775E14A42->bc0dd1f5-e092-43fd-8479-76017d9815ee: nextIndex: updateUnconditionally 0 -> 0
2019-10-06 12:27:28,494 [grpc-default-executor-3] INFO  impl.FollowerInfo (FollowerInfo.java:lambda$new$0(51)) - 405150d4-bd54-4511-ac91-84679afff3e5@group-0B6775E14A42->82fffea1-b1ae-4141-a3f7-289714faad12: nextIndex: updateUnconditionally 0 -> 0
2019-10-06 12:27:29,566 [Thread-1567] INFO  client.GrpcClientProtocolService (GrpcClientProtocolService.java:lambda$processClientRequest$0(278)) - Failed RaftClientRequest:client-BF808B6468C0->405150d4-bd54-4511-ac91-84679afff3e5@group-0B6775E14A42, cid=66, seq=0, Watch-ALL_COMMITTED(69), Message:<EMPTY>, reply=RaftClientReply:client-BF808B6468C0->405150d4-bd54-4511-ac91-84679afff3e5@group-0B6775E14A42, cid=66, FAILED org.apache.ratis.protocol.NotReplicatedException: Request with call Id 66 and log index 69 is not yet replicated to ALL_COMMITTED, logIndex=69, commits[405150d4-bd54-4511-ac91-84679afff3e5:c2, 82fffea1-b1ae-4141-a3f7-289714faad12:c2, bc0dd1f5-e092-43fd-8479-76017d9815ee:c2]
2019-10-06 12:27:30,991 [grpc-default-executor-0] WARN  server.GrpcLogAppender (LogUtils.java:warn(134)) - 405150d4-bd54-4511-ac91-84679afff3e5@group-0B6775E14A42->bc0dd1f5-e092-43fd-8479-76017d9815ee-AppendLogResponseHandler: Failed appendEntries: org.apache.ratis.thirdparty.io.grpc.StatusRuntimeException: UNAVAILABLE: io exception
2019-10-06 12:27:30,991 [grpc-default-executor-6] WARN  server.GrpcLogAppender (LogUtils.java:warn(134)) - 405150d4-bd54-4511-ac91-84679afff3e5@group-0B6775E14A42->82fffea1-b1ae-4141-a3f7-289714faad12-AppendLogResponseHandler: Failed appendEntries: org.apache.ratis.thirdparty.io.grpc.StatusRuntimeException: UNAVAILABLE: io exception
2019-10-06 12:27:30,991 [grpc-default-executor-0] INFO  impl.FollowerInfo (FollowerInfo.java:lambda$new$0(51)) - 405150d4-bd54-4511-ac91-84679afff3e5@group-0B6775E14A42->bc0dd1f5-e092-43fd-8479-76017d9815ee: nextIndex: updateUnconditionally 0 -> 0
2019-10-06 12:27:30,991 [grpc-default-executor-6] INFO  impl.FollowerInfo (FollowerInfo.java:lambda$new$0(51)) - 405150d4-bd54-4511-ac91-84679afff3e5@group-0B6775E14A42->82fffea1-b1ae-4141-a3f7-289714faad12: nextIndex: updateUnconditionally 0 -> 0
2019-10-06 12:27:33,496 [grpc-default-executor-6] WARN  server.GrpcLogAppender (LogUtils.java:warn(134)) - 405150d4-bd54-4511-ac91-84679afff3e5@group-0B6775E14A42->82fffea1-b1ae-4141-a3f7-289714faad12-AppendLogResponseHandler: Failed appendEntries: org.apache.ratis.thirdparty.io.grpc.StatusRuntimeException: UNAVAILABLE: io exception
2019-10-06 12:27:33,496 [grpc-default-executor-0] WARN  server.GrpcLogAppender (LogUtils.java:warn(134)) - 405150d4-bd54-4511-ac91-84679afff3e5@group-0B6775E14A42->bc0dd1f5-e092-43fd-8479-76017d9815ee-AppendLogResponseHandler: Failed appendEntries: org.apache.ratis.thirdparty.io.grpc.StatusRuntimeException: UNAVAILABLE: io exception
2019-10-06 12:27:33,497 [grpc-default-executor-6] INFO  impl.FollowerInfo (FollowerInfo.java:lambda$new$0(51)) - 405150d4-bd54-4511-ac91-84679afff3e5@group-0B6775E14A42->82fffea1-b1ae-4141-a3f7-289714faad12: nextIndex: updateUnconditionally 0 -> 0
2019-10-06 12:27:33,497 [grpc-default-executor-0] INFO  impl.FollowerInfo (FollowerInfo.java:lambda$new$0(51)) - 405150d4-bd54-4511-ac91-84679afff3e5@group-0B6775E14A42->bc0dd1f5-e092-43fd-8479-76017d9815ee: nextIndex: updateUnconditionally 0 -> 0
2019-10-06 12:27:36,000 [grpc-default-executor-0] WARN  server.GrpcLogAppender (LogUtils.java:warn(134)) - 405150d4-bd54-4511-ac91-84679afff3e5@group-0B6775E14A42->bc0dd1f5-e092-43fd-8479-76017d9815ee-AppendLogResponseHandler: Failed appendEntries: org.apache.ratis.thirdparty.io.grpc.StatusRuntimeException: UNAVAILABLE: io exception
2019-10-06 12:27:36,000 [grpc-default-executor-6] WARN  server.GrpcLogAppender (LogUtils.java:warn(134)) - 405150d4-bd54-4511-ac91-84679afff3e5@group-0B6775E14A42->82fffea1-b1ae-4141-a3f7-289714faad12-AppendLogResponseHandler: Failed appendEntries: org.apache.ratis.thirdparty.io.grpc.StatusRuntimeException: UNAVAILABLE: io exception
2019-10-06 12:27:36,002 [grpc-default-executor-0] INFO  impl.FollowerInfo (FollowerInfo.java:lambda$new$0(51)) - 405150d4-bd54-4511-ac91-84679afff3e5@group-0B6775E14A42->bc0dd1f5-e092-43fd-8479-76017d9815ee: nextIndex: updateUnconditionally 0 -> 0
2019-10-06 12:27:36,002 [grpc-default-executor-6] INFO  impl.FollowerInfo (FollowerInfo.java:lambda$new$0(51)) - 405150d4-bd54-4511-ac91-84679afff3e5@group-0B6775E14A42->82fffea1-b1ae-4141-a3f7-289714faad12: nextIndex: updateUnconditionally 0 -> 0
2019-10-06 12:27:38,504 [grpc-default-executor-0] WARN  server.GrpcLogAppender (LogUtils.java:warn(134)) - 405150d4-bd54-4511-ac91-84679afff3e5@group-0B6775E14A42->82fffea1-b1ae-4141-a3f7-289714faad12-AppendLogResponseHandler: Failed appendEntries: org.apache.ratis.thirdparty.io.grpc.StatusRuntimeException: UNAVAILABLE: io exception
2019-10-06 12:27:38,504 [grpc-default-executor-6] WARN  server.GrpcLogAppender (LogUtils.java:warn(134)) - 405150d4-bd54-4511-ac91-84679afff3e5@group-0B6775E14A42->bc0dd1f5-e092-43fd-8479-76017d9815ee-AppendLogResponseHandler: Failed appendEntries: org.apache.ratis.thirdparty.io.grpc.StatusRuntimeException: UNAVAILABLE: io exception
2019-10-06 12:27:38,505 [grpc-default-executor-0] INFO  impl.FollowerInfo (FollowerInfo.java:lambda$new$0(51)) - 405150d4-bd54-4511-ac91-84679afff3e5@group-0B6775E14A42->82fffea1-b1ae-4141-a3f7-289714faad12: nextIndex: updateUnconditionally 0 -> 0
2019-10-06 12:27:38,505 [grpc-default-executor-6] INFO  impl.FollowerInfo (FollowerInfo.java:lambda$new$0(51)) - 405150d4-bd54-4511-ac91-84679afff3e5@group-0B6775E14A42->bc0dd1f5-e092-43fd-8479-76017d9815ee: nextIndex: updateUnconditionally 0 -> 0
2019-10-06 12:27:38,796 [main] WARN  scm.XceiverClientRatis (XceiverClientRatis.java:watchForCommit(292)) - 3 way commit failed on pipeline Pipeline[ Id: a3df912a-ae95-4c93-98a1-0b6775e14a42, Nodes: 82fffea1-b1ae-4141-a3f7-289714faad12{ip: 192.168.30.17, host: ozone-build-dev-sjjt9-54166716, networkLocation: /default-rack, certSerialId: null}bc0dd1f5-e092-43fd-8479-76017d9815ee{ip: 192.168.30.17, host: ozone-build-dev-sjjt9-54166716, networkLocation: /default-rack, certSerialId: null}405150d4-bd54-4511-ac91-84679afff3e5{ip: 192.168.30.17, host: ozone-build-dev-sjjt9-54166716, networkLocation: /default-rack, certSerialId: null}, Type:RATIS, Factor:THREE, State:OPEN]
java.util.concurrent.TimeoutException
	at java.util.concurrent.CompletableFuture.timedGet(CompletableFuture.java:1771)
	at java.util.concurrent.CompletableFuture.get(CompletableFuture.java:1915)
	at org.apache.hadoop.hdds.scm.XceiverClientRatis.watchForCommit(XceiverClientRatis.java:289)
	at org.apache.hadoop.ozone.client.rpc.TestWatchForCommit.testWatchForCommitForRetryfailure(TestWatchForCommit.java:345)
	at sun.reflect.NativeMethodAccessorImpl.invoke0(Native Method)
	at sun.reflect.NativeMethodAccessorImpl.invoke(NativeMethodAccessorImpl.java:62)
	at sun.reflect.DelegatingMethodAccessorImpl.invoke(DelegatingMethodAccessorImpl.java:43)
	at java.lang.reflect.Method.invoke(Method.java:498)
	at org.junit.runners.model.FrameworkMethod$1.runReflectiveCall(FrameworkMethod.java:47)
	at org.junit.internal.runners.model.ReflectiveCallable.run(ReflectiveCallable.java:12)
	at org.junit.runners.model.FrameworkMethod.invokeExplosively(FrameworkMethod.java:44)
	at org.junit.internal.runners.statements.InvokeMethod.evaluate(InvokeMethod.java:17)
	at org.junit.runners.ParentRunner.runLeaf(ParentRunner.java:271)
	at org.junit.runners.BlockJUnit4ClassRunner.runChild(BlockJUnit4ClassRunner.java:70)
	at org.junit.runners.BlockJUnit4ClassRunner.runChild(BlockJUnit4ClassRunner.java:50)
	at org.junit.runners.ParentRunner$3.run(ParentRunner.java:238)
	at org.junit.runners.ParentRunner$1.schedule(ParentRunner.java:63)
	at org.junit.runners.ParentRunner.runChildren(ParentRunner.java:236)
	at org.junit.runners.ParentRunner.access$000(ParentRunner.java:53)
	at org.junit.runners.ParentRunner$2.evaluate(ParentRunner.java:229)
	at org.junit.runners.ParentRunner.run(ParentRunner.java:309)
	at org.apache.maven.surefire.junit4.JUnit4Provider.execute(JUnit4Provider.java:365)
	at org.apache.maven.surefire.junit4.JUnit4Provider.executeWithRerun(JUnit4Provider.java:273)
	at org.apache.maven.surefire.junit4.JUnit4Provider.executeTestSet(JUnit4Provider.java:238)
	at org.apache.maven.surefire.junit4.JUnit4Provider.invoke(JUnit4Provider.java:159)
	at org.apache.maven.surefire.booter.ForkedBooter.invokeProviderInSameClassLoader(ForkedBooter.java:384)
	at org.apache.maven.surefire.booter.ForkedBooter.runSuitesInProcess(ForkedBooter.java:345)
	at org.apache.maven.surefire.booter.ForkedBooter.execute(ForkedBooter.java:126)
	at org.apache.maven.surefire.booter.ForkedBooter.main(ForkedBooter.java:418)
2019-10-06 12:27:41,002 [grpc-default-executor-3] WARN  server.GrpcLogAppender (LogUtils.java:warn(134)) - 405150d4-bd54-4511-ac91-84679afff3e5@group-0B6775E14A42->82fffea1-b1ae-4141-a3f7-289714faad12-AppendLogResponseHandler: Failed appendEntries: org.apache.ratis.thirdparty.io.grpc.StatusRuntimeException: UNAVAILABLE: io exception
2019-10-06 12:27:41,002 [grpc-default-executor-6] WARN  server.GrpcLogAppender (LogUtils.java:warn(134)) - 405150d4-bd54-4511-ac91-84679afff3e5@group-0B6775E14A42->bc0dd1f5-e092-43fd-8479-76017d9815ee-AppendLogResponseHandler: Failed appendEntries: org.apache.ratis.thirdparty.io.grpc.StatusRuntimeException: UNAVAILABLE: io exception
2019-10-06 12:27:41,003 [grpc-default-executor-3] INFO  impl.FollowerInfo (FollowerInfo.java:lambda$new$0(51)) - 405150d4-bd54-4511-ac91-84679afff3e5@group-0B6775E14A42->82fffea1-b1ae-4141-a3f7-289714faad12: nextIndex: updateUnconditionally 0 -> 0
2019-10-06 12:27:41,003 [grpc-default-executor-6] INFO  impl.FollowerInfo (FollowerInfo.java:lambda$new$0(51)) - 405150d4-bd54-4511-ac91-84679afff3e5@group-0B6775E14A42->bc0dd1f5-e092-43fd-8479-76017d9815ee: nextIndex: updateUnconditionally 0 -> 0
2019-10-06 12:27:41,563 [Thread-1588] INFO  client.GrpcClientProtocolService (GrpcClientProtocolService.java:lambda$processClientRequest$0(278)) - Failed RaftClientRequest:client-BF808B6468C0->405150d4-bd54-4511-ac91-84679afff3e5@group-0B6775E14A42, cid=66, seq=0, Watch-ALL_COMMITTED(69), Message:<EMPTY>, reply=RaftClientReply:client-BF808B6468C0->405150d4-bd54-4511-ac91-84679afff3e5@group-0B6775E14A42, cid=66, FAILED org.apache.ratis.protocol.NotReplicatedException: Request with call Id 66 and log index 69 is not yet replicated to ALL_COMMITTED, logIndex=69, commits[405150d4-bd54-4511-ac91-84679afff3e5:c2, 82fffea1-b1ae-4141-a3f7-289714faad12:c2, bc0dd1f5-e092-43fd-8479-76017d9815ee:c2]
2019-10-06 12:27:43,508 [grpc-default-executor-3] WARN  server.GrpcLogAppender (LogUtils.java:warn(134)) - 405150d4-bd54-4511-ac91-84679afff3e5@group-0B6775E14A42->bc0dd1f5-e092-43fd-8479-76017d9815ee-AppendLogResponseHandler: Failed appendEntries: org.apache.ratis.thirdparty.io.grpc.StatusRuntimeException: UNAVAILABLE: io exception
2019-10-06 12:27:43,508 [grpc-default-executor-6] WARN  server.GrpcLogAppender (LogUtils.java:warn(134)) - 405150d4-bd54-4511-ac91-84679afff3e5@group-0B6775E14A42->82fffea1-b1ae-4141-a3f7-289714faad12-AppendLogResponseHandler: Failed appendEntries: org.apache.ratis.thirdparty.io.grpc.StatusRuntimeException: UNAVAILABLE: io exception
2019-10-06 12:27:43,509 [grpc-default-executor-3] INFO  impl.FollowerInfo (FollowerInfo.java:lambda$new$0(51)) - 405150d4-bd54-4511-ac91-84679afff3e5@group-0B6775E14A42->bc0dd1f5-e092-43fd-8479-76017d9815ee: nextIndex: updateUnconditionally 0 -> 0
2019-10-06 12:27:43,509 [grpc-default-executor-6] INFO  impl.FollowerInfo (FollowerInfo.java:lambda$new$0(51)) - 405150d4-bd54-4511-ac91-84679afff3e5@group-0B6775E14A42->82fffea1-b1ae-4141-a3f7-289714faad12: nextIndex: updateUnconditionally 0 -> 0
2019-10-06 12:27:46,010 [grpc-default-executor-3] WARN  server.GrpcLogAppender (LogUtils.java:warn(134)) - 405150d4-bd54-4511-ac91-84679afff3e5@group-0B6775E14A42->82fffea1-b1ae-4141-a3f7-289714faad12-AppendLogResponseHandler: Failed appendEntries: org.apache.ratis.thirdparty.io.grpc.StatusRuntimeException: UNAVAILABLE: io exception
2019-10-06 12:27:46,010 [grpc-default-executor-6] WARN  server.GrpcLogAppender (LogUtils.java:warn(134)) - 405150d4-bd54-4511-ac91-84679afff3e5@group-0B6775E14A42->bc0dd1f5-e092-43fd-8479-76017d9815ee-AppendLogResponseHandler: Failed appendEntries: org.apache.ratis.thirdparty.io.grpc.StatusRuntimeException: UNAVAILABLE: io exception
2019-10-06 12:27:46,011 [grpc-default-executor-3] INFO  impl.FollowerInfo (FollowerInfo.java:lambda$new$0(51)) - 405150d4-bd54-4511-ac91-84679afff3e5@group-0B6775E14A42->82fffea1-b1ae-4141-a3f7-289714faad12: nextIndex: updateUnconditionally 0 -> 0
2019-10-06 12:27:46,011 [grpc-default-executor-6] INFO  impl.FollowerInfo (FollowerInfo.java:lambda$new$0(51)) - 405150d4-bd54-4511-ac91-84679afff3e5@group-0B6775E14A42->bc0dd1f5-e092-43fd-8479-76017d9815ee: nextIndex: updateUnconditionally 0 -> 0
2019-10-06 12:27:48,510 [grpc-default-executor-3] WARN  server.GrpcLogAppender (LogUtils.java:warn(134)) - 405150d4-bd54-4511-ac91-84679afff3e5@group-0B6775E14A42->bc0dd1f5-e092-43fd-8479-76017d9815ee-AppendLogResponseHandler: Failed appendEntries: org.apache.ratis.thirdparty.io.grpc.StatusRuntimeException: UNAVAILABLE: io exception
2019-10-06 12:27:48,510 [grpc-default-executor-5] WARN  server.GrpcLogAppender (LogUtils.java:warn(134)) - 405150d4-bd54-4511-ac91-84679afff3e5@group-0B6775E14A42->82fffea1-b1ae-4141-a3f7-289714faad12-AppendLogResponseHandler: Failed appendEntries: org.apache.ratis.thirdparty.io.grpc.StatusRuntimeException: UNAVAILABLE: io exception
2019-10-06 12:27:48,511 [grpc-default-executor-3] INFO  impl.FollowerInfo (FollowerInfo.java:lambda$new$0(51)) - 405150d4-bd54-4511-ac91-84679afff3e5@group-0B6775E14A42->bc0dd1f5-e092-43fd-8479-76017d9815ee: nextIndex: updateUnconditionally 0 -> 0
2019-10-06 12:27:48,511 [grpc-default-executor-5] INFO  impl.FollowerInfo (FollowerInfo.java:lambda$new$0(51)) - 405150d4-bd54-4511-ac91-84679afff3e5@group-0B6775E14A42->82fffea1-b1ae-4141-a3f7-289714faad12: nextIndex: updateUnconditionally 0 -> 0
2019-10-06 12:27:51,011 [grpc-default-executor-4] WARN  server.GrpcLogAppender (LogUtils.java:warn(134)) - 405150d4-bd54-4511-ac91-84679afff3e5@group-0B6775E14A42->82fffea1-b1ae-4141-a3f7-289714faad12-AppendLogResponseHandler: Failed appendEntries: org.apache.ratis.thirdparty.io.grpc.StatusRuntimeException: UNAVAILABLE: io exception
2019-10-06 12:27:51,011 [grpc-default-executor-5] WARN  server.GrpcLogAppender (LogUtils.java:warn(134)) - 405150d4-bd54-4511-ac91-84679afff3e5@group-0B6775E14A42->bc0dd1f5-e092-43fd-8479-76017d9815ee-AppendLogResponseHandler: Failed appendEntries: org.apache.ratis.thirdparty.io.grpc.StatusRuntimeException: UNAVAILABLE: io exception
2019-10-06 12:27:51,012 [grpc-default-executor-4] INFO  impl.FollowerInfo (FollowerInfo.java:lambda$new$0(51)) - 405150d4-bd54-4511-ac91-84679afff3e5@group-0B6775E14A42->82fffea1-b1ae-4141-a3f7-289714faad12: nextIndex: updateUnconditionally 0 -> 0
2019-10-06 12:27:51,012 [grpc-default-executor-5] INFO  impl.FollowerInfo (FollowerInfo.java:lambda$new$0(51)) - 405150d4-bd54-4511-ac91-84679afff3e5@group-0B6775E14A42->bc0dd1f5-e092-43fd-8479-76017d9815ee: nextIndex: updateUnconditionally 0 -> 0
2019-10-06 12:27:51,563 [Thread-1605] INFO  client.GrpcClientProtocolService (GrpcClientProtocolService.java:lambda$processClientRequest$0(278)) - Failed RaftClientRequest:client-BF808B6468C0->405150d4-bd54-4511-ac91-84679afff3e5@group-0B6775E14A42, cid=66, seq=0, Watch-ALL_COMMITTED(69), Message:<EMPTY>, reply=RaftClientReply:client-BF808B6468C0->405150d4-bd54-4511-ac91-84679afff3e5@group-0B6775E14A42, cid=66, FAILED org.apache.ratis.protocol.NotReplicatedException: Request with call Id 66 and log index 69 is not yet replicated to ALL_COMMITTED, logIndex=69, commits[405150d4-bd54-4511-ac91-84679afff3e5:c2, 82fffea1-b1ae-4141-a3f7-289714faad12:c2, bc0dd1f5-e092-43fd-8479-76017d9815ee:c2]
2019-10-06 12:27:51,565 [Thread-1606] INFO  client.GrpcClientProtocolService (GrpcClientProtocolService.java:lambda$processClientRequest$0(278)) - Failed RaftClientRequest:client-BF808B6468C0->405150d4-bd54-4511-ac91-84679afff3e5@group-0B6775E14A42, cid=67, seq=0, Watch-MAJORITY_COMMITTED(69), Message:<EMPTY>, reply=RaftClientReply:client-BF808B6468C0->405150d4-bd54-4511-ac91-84679afff3e5@group-0B6775E14A42, cid=67, FAILED org.apache.ratis.protocol.NotReplicatedException: Request with call Id 67 and log index 69 is not yet replicated to MAJORITY_COMMITTED, logIndex=69, commits[405150d4-bd54-4511-ac91-84679afff3e5:c2, 82fffea1-b1ae-4141-a3f7-289714faad12:c2, bc0dd1f5-e092-43fd-8479-76017d9815ee:c2]
2019-10-06 12:27:53,513 [grpc-default-executor-5] WARN  server.GrpcLogAppender (LogUtils.java:warn(134)) - 405150d4-bd54-4511-ac91-84679afff3e5@group-0B6775E14A42->82fffea1-b1ae-4141-a3f7-289714faad12-AppendLogResponseHandler: Failed appendEntries: org.apache.ratis.thirdparty.io.grpc.StatusRuntimeException: UNAVAILABLE: io exception
2019-10-06 12:27:53,513 [grpc-default-executor-0] WARN  server.GrpcLogAppender (LogUtils.java:warn(134)) - 405150d4-bd54-4511-ac91-84679afff3e5@group-0B6775E14A42->bc0dd1f5-e092-43fd-8479-76017d9815ee-AppendLogResponseHandler: Failed appendEntries: org.apache.ratis.thirdparty.io.grpc.StatusRuntimeException: UNAVAILABLE: io exception
2019-10-06 12:27:53,514 [grpc-default-executor-5] INFO  impl.FollowerInfo (FollowerInfo.java:lambda$new$0(51)) - 405150d4-bd54-4511-ac91-84679afff3e5@group-0B6775E14A42->82fffea1-b1ae-4141-a3f7-289714faad12: nextIndex: updateUnconditionally 0 -> 0
2019-10-06 12:27:53,514 [grpc-default-executor-0] INFO  impl.FollowerInfo (FollowerInfo.java:lambda$new$0(51)) - 405150d4-bd54-4511-ac91-84679afff3e5@group-0B6775E14A42->bc0dd1f5-e092-43fd-8479-76017d9815ee: nextIndex: updateUnconditionally 0 -> 0
2019-10-06 12:27:56,018 [grpc-default-executor-3] WARN  server.GrpcLogAppender (LogUtils.java:warn(134)) - 405150d4-bd54-4511-ac91-84679afff3e5@group-0B6775E14A42->bc0dd1f5-e092-43fd-8479-76017d9815ee-AppendLogResponseHandler: Failed appendEntries: org.apache.ratis.thirdparty.io.grpc.StatusRuntimeException: UNAVAILABLE: io exception
2019-10-06 12:27:56,018 [grpc-default-executor-5] WARN  server.GrpcLogAppender (LogUtils.java:warn(134)) - 405150d4-bd54-4511-ac91-84679afff3e5@group-0B6775E14A42->82fffea1-b1ae-4141-a3f7-289714faad12-AppendLogResponseHandler: Failed appendEntries: org.apache.ratis.thirdparty.io.grpc.StatusRuntimeException: UNAVAILABLE: io exception
2019-10-06 12:27:56,020 [grpc-default-executor-3] INFO  impl.FollowerInfo (FollowerInfo.java:lambda$new$0(51)) - 405150d4-bd54-4511-ac91-84679afff3e5@group-0B6775E14A42->bc0dd1f5-e092-43fd-8479-76017d9815ee: nextIndex: updateUnconditionally 0 -> 0
2019-10-06 12:27:56,020 [grpc-default-executor-5] INFO  impl.FollowerInfo (FollowerInfo.java:lambda$new$0(51)) - 405150d4-bd54-4511-ac91-84679afff3e5@group-0B6775E14A42->82fffea1-b1ae-4141-a3f7-289714faad12: nextIndex: updateUnconditionally 0 -> 0
2019-10-06 12:27:58,518 [grpc-default-executor-3] WARN  server.GrpcLogAppender (LogUtils.java:warn(134)) - 405150d4-bd54-4511-ac91-84679afff3e5@group-0B6775E14A42->82fffea1-b1ae-4141-a3f7-289714faad12-AppendLogResponseHandler: Failed appendEntries: org.apache.ratis.thirdparty.io.grpc.StatusRuntimeException: UNAVAILABLE: io exception
2019-10-06 12:27:58,518 [grpc-default-executor-0] WARN  server.GrpcLogAppender (LogUtils.java:warn(134)) - 405150d4-bd54-4511-ac91-84679afff3e5@group-0B6775E14A42->bc0dd1f5-e092-43fd-8479-76017d9815ee-AppendLogResponseHandler: Failed appendEntries: org.apache.ratis.thirdparty.io.grpc.StatusRuntimeException: UNAVAILABLE: io exception
2019-10-06 12:27:58,519 [grpc-default-executor-3] INFO  impl.FollowerInfo (FollowerInfo.java:lambda$new$0(51)) - 405150d4-bd54-4511-ac91-84679afff3e5@group-0B6775E14A42->82fffea1-b1ae-4141-a3f7-289714faad12: nextIndex: updateUnconditionally 0 -> 0
2019-10-06 12:27:58,519 [grpc-default-executor-0] INFO  impl.FollowerInfo (FollowerInfo.java:lambda$new$0(51)) - 405150d4-bd54-4511-ac91-84679afff3e5@group-0B6775E14A42->bc0dd1f5-e092-43fd-8479-76017d9815ee: nextIndex: updateUnconditionally 0 -> 0
]]></system-out>
    <system-err><![CDATA[Oct 06, 2019 12:27:13 PM org.apache.ratis.thirdparty.io.grpc.internal.SerializingExecutor run
SEVERE: Exception while executing runnable org.apache.ratis.thirdparty.io.grpc.internal.ServerImpl$JumpToApplicationThreadServerStreamListener$1Closed@47c301bb
org.apache.ratis.thirdparty.io.grpc.StatusRuntimeException: CANCELLED: call already cancelled
	at org.apache.ratis.thirdparty.io.grpc.Status.asRuntimeException(Status.java:517)
	at org.apache.ratis.thirdparty.io.grpc.stub.ServerCalls$ServerCallStreamObserverImpl.onCompleted(ServerCalls.java:356)
	at org.apache.ratis.grpc.server.GrpcServerProtocolService$ServerRequestStreamObserver.onError(GrpcServerProtocolService.java:121)
	at org.apache.ratis.thirdparty.io.grpc.stub.ServerCalls$StreamingServerCallHandler$StreamingServerCallListener.onCancel(ServerCalls.java:269)
	at org.apache.ratis.thirdparty.io.grpc.internal.ServerCallImpl$ServerStreamListenerImpl.closed(ServerCallImpl.java:293)
	at org.apache.ratis.thirdparty.io.grpc.internal.ServerImpl$JumpToApplicationThreadServerStreamListener$1Closed.runInContext(ServerImpl.java:741)
	at org.apache.ratis.thirdparty.io.grpc.internal.ContextRunnable.run(ContextRunnable.java:37)
	at org.apache.ratis.thirdparty.io.grpc.internal.SerializingExecutor.run(SerializingExecutor.java:123)
	at java.util.concurrent.ThreadPoolExecutor.runWorker(ThreadPoolExecutor.java:1149)
	at java.util.concurrent.ThreadPoolExecutor$Worker.run(ThreadPoolExecutor.java:624)
	at java.lang.Thread.run(Thread.java:748)

Oct 06, 2019 12:27:18 PM org.apache.ratis.thirdparty.io.grpc.internal.SerializingExecutor run
SEVERE: Exception while executing runnable org.apache.ratis.thirdparty.io.grpc.internal.ServerImpl$JumpToApplicationThreadServerStreamListener$1Closed@2fb411fe
org.apache.ratis.thirdparty.io.grpc.StatusRuntimeException: CANCELLED: call already cancelled
	at org.apache.ratis.thirdparty.io.grpc.Status.asRuntimeException(Status.java:517)
	at org.apache.ratis.thirdparty.io.grpc.stub.ServerCalls$ServerCallStreamObserverImpl.onCompleted(ServerCalls.java:356)
	at org.apache.ratis.grpc.server.GrpcServerProtocolService$ServerRequestStreamObserver.onError(GrpcServerProtocolService.java:121)
	at org.apache.ratis.thirdparty.io.grpc.stub.ServerCalls$StreamingServerCallHandler$StreamingServerCallListener.onCancel(ServerCalls.java:269)
	at org.apache.ratis.thirdparty.io.grpc.internal.ServerCallImpl$ServerStreamListenerImpl.closed(ServerCallImpl.java:293)
	at org.apache.ratis.thirdparty.io.grpc.internal.ServerImpl$JumpToApplicationThreadServerStreamListener$1Closed.runInContext(ServerImpl.java:741)
	at org.apache.ratis.thirdparty.io.grpc.internal.ContextRunnable.run(ContextRunnable.java:37)
	at org.apache.ratis.thirdparty.io.grpc.internal.SerializingExecutor.run(SerializingExecutor.java:123)
	at java.util.concurrent.ThreadPoolExecutor.runWorker(ThreadPoolExecutor.java:1149)
	at java.util.concurrent.ThreadPoolExecutor$Worker.run(ThreadPoolExecutor.java:624)
	at java.lang.Thread.run(Thread.java:748)

]]></system-err>
  </testcase>
  <testcase name="testWatchForCommitForGroupMismatchException" classname="org.apache.hadoop.ozone.client.rpc.TestWatchForCommit" time="32.707"/>
  <testcase name="test2WayCommitForTimeoutException" classname="org.apache.hadoop.ozone.client.rpc.TestWatchForCommit" time="23.483">
    <error type="java.util.concurrent.TimeoutException">java.util.concurrent.TimeoutException
	at java.util.concurrent.CompletableFuture.timedGet(CompletableFuture.java:1771)
	at java.util.concurrent.CompletableFuture.get(CompletableFuture.java:1915)
	at org.apache.hadoop.hdds.scm.XceiverClientRatis.watchForCommit(XceiverClientRatis.java:298)
	at org.apache.hadoop.ozone.client.rpc.TestWatchForCommit.test2WayCommitForTimeoutException(TestWatchForCommit.java:391)
	at sun.reflect.NativeMethodAccessorImpl.invoke0(Native Method)
	at sun.reflect.NativeMethodAccessorImpl.invoke(NativeMethodAccessorImpl.java:62)
	at sun.reflect.DelegatingMethodAccessorImpl.invoke(DelegatingMethodAccessorImpl.java:43)
	at java.lang.reflect.Method.invoke(Method.java:498)
	at org.junit.runners.model.FrameworkMethod$1.runReflectiveCall(FrameworkMethod.java:47)
	at org.junit.internal.runners.model.ReflectiveCallable.run(ReflectiveCallable.java:12)
	at org.junit.runners.model.FrameworkMethod.invokeExplosively(FrameworkMethod.java:44)
	at org.junit.internal.runners.statements.InvokeMethod.evaluate(InvokeMethod.java:17)
	at org.junit.runners.ParentRunner.runLeaf(ParentRunner.java:271)
	at org.junit.runners.BlockJUnit4ClassRunner.runChild(BlockJUnit4ClassRunner.java:70)
	at org.junit.runners.BlockJUnit4ClassRunner.runChild(BlockJUnit4ClassRunner.java:50)
	at org.junit.runners.ParentRunner$3.run(ParentRunner.java:238)
	at org.junit.runners.ParentRunner$1.schedule(ParentRunner.java:63)
	at org.junit.runners.ParentRunner.runChildren(ParentRunner.java:236)
	at org.junit.runners.ParentRunner.access$000(ParentRunner.java:53)
	at org.junit.runners.ParentRunner$2.evaluate(ParentRunner.java:229)
	at org.junit.runners.ParentRunner.run(ParentRunner.java:309)
	at org.apache.maven.surefire.junit4.JUnit4Provider.execute(JUnit4Provider.java:365)
	at org.apache.maven.surefire.junit4.JUnit4Provider.executeWithRerun(JUnit4Provider.java:273)
	at org.apache.maven.surefire.junit4.JUnit4Provider.executeTestSet(JUnit4Provider.java:238)
	at org.apache.maven.surefire.junit4.JUnit4Provider.invoke(JUnit4Provider.java:159)
	at org.apache.maven.surefire.booter.ForkedBooter.invokeProviderInSameClassLoader(ForkedBooter.java:384)
	at org.apache.maven.surefire.booter.ForkedBooter.runSuitesInProcess(ForkedBooter.java:345)
	at org.apache.maven.surefire.booter.ForkedBooter.execute(ForkedBooter.java:126)
	at org.apache.maven.surefire.booter.ForkedBooter.main(ForkedBooter.java:418)
</error>
    <system-out><![CDATA[2019-10-06 12:28:31,543 [main] WARN  server.ServerUtils (ServerUtils.java:getScmDbDir(145)) - ozone.scm.db.dirs is not configured. We recommend adding this setting. Falling back to ozone.metadata.dirs instead.
2019-10-06 12:28:31,568 [main] WARN  server.ServerUtils (ServerUtils.java:getScmDbDir(145)) - ozone.scm.db.dirs is not configured. We recommend adding this setting. Falling back to ozone.metadata.dirs instead.
2019-10-06 12:28:31,569 [main] WARN  server.ServerUtils (ServerUtils.java:getScmDbDir(145)) - ozone.scm.db.dirs is not configured. We recommend adding this setting. Falling back to ozone.metadata.dirs instead.
2019-10-06 12:28:31,570 [main] INFO  db.DBStoreBuilder (DBStoreBuilder.java:addTable(117)) - using custom profile for table: deletedBlocks
2019-10-06 12:28:31,570 [main] INFO  db.DBStoreBuilder (DBStoreBuilder.java:processTables(168)) - Using default column profile:DBProfile.DISK for Table:deletedBlocks
2019-10-06 12:28:31,570 [main] INFO  db.DBStoreBuilder (DBStoreBuilder.java:addTable(117)) - using custom profile for table: validCerts
2019-10-06 12:28:31,570 [main] INFO  db.DBStoreBuilder (DBStoreBuilder.java:processTables(168)) - Using default column profile:DBProfile.DISK for Table:validCerts
2019-10-06 12:28:31,570 [main] INFO  db.DBStoreBuilder (DBStoreBuilder.java:addTable(117)) - using custom profile for table: revokedCerts
2019-10-06 12:28:31,571 [main] INFO  db.DBStoreBuilder (DBStoreBuilder.java:processTables(168)) - Using default column profile:DBProfile.DISK for Table:revokedCerts
2019-10-06 12:28:31,571 [main] INFO  db.DBStoreBuilder (DBStoreBuilder.java:addTable(117)) - using custom profile for table: default
2019-10-06 12:28:31,571 [main] INFO  db.DBStoreBuilder (DBStoreBuilder.java:processTables(174)) - Using default column profile:DBProfile.DISK for Table:default
2019-10-06 12:28:31,571 [main] INFO  db.DBStoreBuilder (DBStoreBuilder.java:getDbProfile(205)) - Using default options. DBProfile.DISK
2019-10-06 12:28:31,763 [main] INFO  net.NodeSchemaLoader (NodeSchemaLoader.java:loadSchemaFromFile(125)) - Loading file from sun.misc.CompoundEnumeration@bb3ecfe
2019-10-06 12:28:31,764 [main] INFO  net.NodeSchemaLoader (NodeSchemaLoader.java:loadSchema(171)) - Loading network topology layer schema file
2019-10-06 12:28:31,769 [main] WARN  server.ServerUtils (ServerUtils.java:sanitizeUserArgs(70)) - ozone.scm.stale.node.interval value = 300000 is larger than max = 100000 based on the key value of ozone.scm.heartbeat.thread.interval, reset to the max value 100000.
2019-10-06 12:28:31,769 [main] WARN  server.ServerUtils (ServerUtils.java:sanitizeUserArgs(70)) - ozone.scm.stale.node.interval value = 300000 is larger than max = 100000 based on the key value of ozone.scm.heartbeat.thread.interval, reset to the max value 100000.
2019-10-06 12:28:31,770 [main] INFO  node.SCMNodeManager (SCMNodeManager.java:<init>(116)) - Entering startup safe mode.
2019-10-06 12:28:31,771 [main] INFO  algorithms.ContainerPlacementPolicyFactory (ContainerPlacementPolicyFactory.java:getPolicy(57)) - Create container placement policy of type org.apache.hadoop.hdds.scm.container.placement.algorithms.SCMContainerPlacementRandom
2019-10-06 12:28:31,771 [main] WARN  server.ServerUtils (ServerUtils.java:getScmDbDir(145)) - ozone.scm.db.dirs is not configured. We recommend adding this setting. Falling back to ozone.metadata.dirs instead.
2019-10-06 12:28:31,861 [main] INFO  pipeline.SCMPipelineManager (SCMPipelineManager.java:initializePipelineState(132)) - No pipeline exists in current db
2019-10-06 12:28:31,861 [main] WARN  server.ServerUtils (ServerUtils.java:getScmDbDir(145)) - ozone.scm.db.dirs is not configured. We recommend adding this setting. Falling back to ozone.metadata.dirs instead.
2019-10-06 12:28:31,949 [main] WARN  events.EventQueue (EventQueue.java:fireEvent(183)) - No event handler registered for event TypedEvent{payloadType=SafeModeStatus, name='SafeModeStatus'}
2019-10-06 12:28:31,950 [main] INFO  ipc.CallQueueManager (CallQueueManager.java:<init>(84)) - Using callQueue: class java.util.concurrent.LinkedBlockingQueue, queueCapacity: 2000, scheduler: class org.apache.hadoop.ipc.DefaultRpcScheduler, ipcBackoff: false.
2019-10-06 12:28:31,951 [Socket Reader #1 for port 43973] INFO  ipc.Server (Server.java:run(1074)) - Starting Socket Reader #1 for port 43973
2019-10-06 12:28:31,956 [main] INFO  ipc.CallQueueManager (CallQueueManager.java:<init>(84)) - Using callQueue: class java.util.concurrent.LinkedBlockingQueue, queueCapacity: 2000, scheduler: class org.apache.hadoop.ipc.DefaultRpcScheduler, ipcBackoff: false.
2019-10-06 12:28:31,957 [Socket Reader #1 for port 45485] INFO  ipc.Server (Server.java:run(1074)) - Starting Socket Reader #1 for port 45485
2019-10-06 12:28:31,960 [main] INFO  ipc.CallQueueManager (CallQueueManager.java:<init>(84)) - Using callQueue: class java.util.concurrent.LinkedBlockingQueue, queueCapacity: 2000, scheduler: class org.apache.hadoop.ipc.DefaultRpcScheduler, ipcBackoff: false.
2019-10-06 12:28:31,961 [Socket Reader #1 for port 37955] INFO  ipc.Server (Server.java:run(1074)) - Starting Socket Reader #1 for port 37955
2019-10-06 12:28:31,966 [main] INFO  hdfs.DFSUtil (DFSUtil.java:httpServerTemplateForNNAndJN(1641)) - Starting Web-server for scm at: http://0.0.0.0:0
2019-10-06 12:28:31,969 [main] INFO  server.AuthenticationFilter (AuthenticationFilter.java:constructSecretProvider(240)) - Unable to initialize FileSignerSecretProvider, falling back to use random secrets.
2019-10-06 12:28:31,970 [main] WARN  http.HttpRequestLog (HttpRequestLog.java:getRequestLog(97)) - Jetty request log can only be enabled using Log4j
2019-10-06 12:28:31,972 [main] INFO  http.HttpServer2 (HttpServer2.java:addGlobalFilter(975)) - Added global filter 'safety' (class=org.apache.hadoop.http.HttpServer2$QuotingInputFilter)
2019-10-06 12:28:31,973 [main] INFO  http.HttpServer2 (HttpServer2.java:addFilter(948)) - Added filter static_user_filter (class=org.apache.hadoop.http.lib.StaticUserWebFilter$StaticUserFilter) to context scm
2019-10-06 12:28:31,973 [main] INFO  http.HttpServer2 (HttpServer2.java:addFilter(958)) - Added filter static_user_filter (class=org.apache.hadoop.http.lib.StaticUserWebFilter$StaticUserFilter) to context logs
2019-10-06 12:28:31,973 [main] INFO  http.HttpServer2 (HttpServer2.java:addFilter(958)) - Added filter static_user_filter (class=org.apache.hadoop.http.lib.StaticUserWebFilter$StaticUserFilter) to context static
2019-10-06 12:28:31,976 [main] INFO  server.StorageContainerManager (StorageContainerManager.java:start(770)) - StorageContainerLocationProtocol RPC server is listening at /0.0.0.0:37955
2019-10-06 12:28:31,979 [main] WARN  impl.MetricsConfig (MetricsConfig.java:loadFirst(134)) - Cannot locate configuration: tried hadoop-metrics2-storagecontainermanager.properties,hadoop-metrics2.properties
2019-10-06 12:28:31,980 [main] INFO  impl.MetricsSystemImpl (MetricsSystemImpl.java:startTimer(374)) - Scheduled Metric snapshot period at 10 second(s).
2019-10-06 12:28:31,980 [main] INFO  impl.MetricsSystemImpl (MetricsSystemImpl.java:start(191)) - StorageContainerManager metrics system started
2019-10-06 12:28:32,331 [main] WARN  impl.MetricsSystemImpl (MetricsSystemImpl.java:register(276)) - Sink prometheus already exists!
2019-10-06 12:28:32,616 [main] INFO  server.SCMClientProtocolServer (SCMClientProtocolServer.java:start(159)) - RPC server for Client  is listening at /0.0.0.0:37955
2019-10-06 12:28:32,616 [IPC Server Responder] INFO  ipc.Server (Server.java:run(1314)) - IPC Server Responder: starting
2019-10-06 12:28:32,616 [IPC Server listener on 37955] INFO  ipc.Server (Server.java:run(1153)) - IPC Server listener on 37955: starting
2019-10-06 12:28:32,624 [main] INFO  server.StorageContainerManager (StorageContainerManager.java:start(780)) - ScmBlockLocationProtocol RPC server is listening at /0.0.0.0:45485
2019-10-06 12:28:32,624 [main] INFO  server.SCMBlockProtocolServer (SCMBlockProtocolServer.java:start(146)) - RPC server for Block Protocol is listening at /0.0.0.0:45485
2019-10-06 12:28:32,625 [IPC Server Responder] INFO  ipc.Server (Server.java:run(1314)) - IPC Server Responder: starting
2019-10-06 12:28:32,625 [IPC Server listener on 45485] INFO  ipc.Server (Server.java:run(1153)) - IPC Server listener on 45485: starting
2019-10-06 12:28:32,634 [main] INFO  server.StorageContainerManager (StorageContainerManager.java:start(784)) - ScmDatanodeProtocl RPC server is listening at /0.0.0.0:43973
2019-10-06 12:28:32,634 [main] INFO  server.SCMDatanodeProtocolServer (SCMDatanodeProtocolServer.java:start(169)) - RPC server for DataNodes is listening at /0.0.0.0:43973
2019-10-06 12:28:32,634 [IPC Server Responder] INFO  ipc.Server (Server.java:run(1314)) - IPC Server Responder: starting
2019-10-06 12:28:32,634 [IPC Server listener on 43973] INFO  ipc.Server (Server.java:run(1153)) - IPC Server listener on 43973: starting
2019-10-06 12:28:32,642 [main] INFO  http.HttpServer2 (HttpServer2.java:bindListener(1191)) - Jetty bound to port 46191
2019-10-06 12:28:32,643 [main] INFO  server.Server (Server.java:doStart(351)) - jetty-9.3.25.v20180904, build timestamp: 2018-09-04T21:11:46Z, git hash: 3ce520221d0240229c862b122d2b06c12a625732
2019-10-06 12:28:32,644 [main] INFO  handler.ContextHandler (ContextHandler.java:doStart(781)) - Started o.e.j.s.ServletContextHandler@251d7fdd{/logs,file:///workdir/hadoop-ozone/integration-test/target/log,AVAILABLE}
2019-10-06 12:28:32,645 [main] INFO  handler.ContextHandler (ContextHandler.java:doStart(781)) - Started o.e.j.s.ServletContextHandler@391515c7{/static,file:///workdir/hadoop-ozone/integration-test/target/test-classes/webapps/static,AVAILABLE}
2019-10-06 12:28:32,649 [main] INFO  handler.ContextHandler (ContextHandler.java:doStart(781)) - Started o.e.j.w.WebAppContext@1ee5632d{/,file:///workdir/hadoop-ozone/integration-test/target/test-classes/webapps/scm/,AVAILABLE}{/scm}
2019-10-06 12:28:32,649 [main] INFO  server.AbstractConnector (AbstractConnector.java:doStart(278)) - Started ServerConnector@52a7928a{HTTP/1.1,[http/1.1]}{0.0.0.0:46191}
2019-10-06 12:28:32,651 [main] INFO  server.Server (Server.java:doStart(419)) - Started @199087ms
2019-10-06 12:28:32,651 [main] WARN  impl.MetricsSystemImpl (MetricsSystemImpl.java:register(276)) - Sink prometheus already exists!
2019-10-06 12:28:32,652 [main] INFO  server.BaseHttpServer (BaseHttpServer.java:updateConnectorAddress(215)) - HTTP server of SCM is listening at http://0.0.0.0:46191
2019-10-06 12:28:32,652 [main] WARN  server.ServerUtils (ServerUtils.java:getDBPath(222)) - ozone.om.db.dirs is not configured. We recommend adding this setting. Falling back to ozone.metadata.dirs instead.
2019-10-06 12:28:32,655 [org.apache.hadoop.util.JvmPauseMonitor$Monitor@72465eb2] INFO  util.JvmPauseMonitor (JvmPauseMonitor.java:run(188)) - Starting JVM pause monitor
2019-10-06 12:28:32,668 [main] INFO  ha.OMHANodeDetails (OMHANodeDetails.java:loadOMHAConfig(190)) - Configuration either no ozone.om.address set. Falling back to the default OM address /127.0.0.1:0
2019-10-06 12:28:32,669 [main] INFO  ha.OMHANodeDetails (OMHANodeDetails.java:getOMNodeDetails(220)) - OM Service ID is not set. Setting it to the default ID: omServiceIdDefault
2019-10-06 12:28:32,669 [main] WARN  server.ServerUtils (ServerUtils.java:getDBPath(222)) - ozone.om.db.dirs is not configured. We recommend adding this setting. Falling back to ozone.metadata.dirs instead.
2019-10-06 12:28:32,669 [main] WARN  server.ServerUtils (ServerUtils.java:getDBPath(222)) - ozone.om.db.dirs is not configured. We recommend adding this setting. Falling back to ozone.metadata.dirs instead.
2019-10-06 12:28:32,679 [main] WARN  server.ServerUtils (ServerUtils.java:getDBPath(222)) - ozone.om.db.dirs is not configured. We recommend adding this setting. Falling back to ozone.metadata.dirs instead.
2019-10-06 12:28:32,680 [main] INFO  db.DBStoreBuilder (DBStoreBuilder.java:addTable(117)) - using custom profile for table: userTable
2019-10-06 12:28:32,680 [main] INFO  db.DBStoreBuilder (DBStoreBuilder.java:processTables(168)) - Using default column profile:DBProfile.DISK for Table:userTable
2019-10-06 12:28:32,680 [main] INFO  db.DBStoreBuilder (DBStoreBuilder.java:addTable(117)) - using custom profile for table: volumeTable
2019-10-06 12:28:32,680 [main] INFO  db.DBStoreBuilder (DBStoreBuilder.java:processTables(168)) - Using default column profile:DBProfile.DISK for Table:volumeTable
2019-10-06 12:28:32,680 [main] INFO  db.DBStoreBuilder (DBStoreBuilder.java:addTable(117)) - using custom profile for table: bucketTable
2019-10-06 12:28:32,681 [main] INFO  db.DBStoreBuilder (DBStoreBuilder.java:processTables(168)) - Using default column profile:DBProfile.DISK for Table:bucketTable
2019-10-06 12:28:32,681 [main] INFO  db.DBStoreBuilder (DBStoreBuilder.java:addTable(117)) - using custom profile for table: keyTable
2019-10-06 12:28:32,681 [main] INFO  db.DBStoreBuilder (DBStoreBuilder.java:processTables(168)) - Using default column profile:DBProfile.DISK for Table:keyTable
2019-10-06 12:28:32,681 [main] INFO  db.DBStoreBuilder (DBStoreBuilder.java:addTable(117)) - using custom profile for table: deletedTable
2019-10-06 12:28:32,681 [main] INFO  db.DBStoreBuilder (DBStoreBuilder.java:processTables(168)) - Using default column profile:DBProfile.DISK for Table:deletedTable
2019-10-06 12:28:32,681 [main] INFO  db.DBStoreBuilder (DBStoreBuilder.java:addTable(117)) - using custom profile for table: openKeyTable
2019-10-06 12:28:32,681 [main] INFO  db.DBStoreBuilder (DBStoreBuilder.java:processTables(168)) - Using default column profile:DBProfile.DISK for Table:openKeyTable
2019-10-06 12:28:32,682 [main] INFO  db.DBStoreBuilder (DBStoreBuilder.java:addTable(117)) - using custom profile for table: s3Table
2019-10-06 12:28:32,682 [main] INFO  db.DBStoreBuilder (DBStoreBuilder.java:processTables(168)) - Using default column profile:DBProfile.DISK for Table:s3Table
2019-10-06 12:28:32,682 [main] INFO  db.DBStoreBuilder (DBStoreBuilder.java:addTable(117)) - using custom profile for table: multipartInfoTable
2019-10-06 12:28:32,682 [main] INFO  db.DBStoreBuilder (DBStoreBuilder.java:processTables(168)) - Using default column profile:DBProfile.DISK for Table:multipartInfoTable
2019-10-06 12:28:32,682 [main] INFO  db.DBStoreBuilder (DBStoreBuilder.java:addTable(117)) - using custom profile for table: dTokenTable
2019-10-06 12:28:32,682 [main] INFO  db.DBStoreBuilder (DBStoreBuilder.java:processTables(168)) - Using default column profile:DBProfile.DISK for Table:dTokenTable
2019-10-06 12:28:32,683 [main] INFO  db.DBStoreBuilder (DBStoreBuilder.java:addTable(117)) - using custom profile for table: s3SecretTable
2019-10-06 12:28:32,683 [main] INFO  db.DBStoreBuilder (DBStoreBuilder.java:processTables(168)) - Using default column profile:DBProfile.DISK for Table:s3SecretTable
2019-10-06 12:28:32,683 [main] INFO  db.DBStoreBuilder (DBStoreBuilder.java:addTable(117)) - using custom profile for table: prefixTable
2019-10-06 12:28:32,683 [main] INFO  db.DBStoreBuilder (DBStoreBuilder.java:processTables(168)) - Using default column profile:DBProfile.DISK for Table:prefixTable
2019-10-06 12:28:32,683 [main] INFO  db.DBStoreBuilder (DBStoreBuilder.java:addTable(117)) - using custom profile for table: default
2019-10-06 12:28:32,683 [main] INFO  db.DBStoreBuilder (DBStoreBuilder.java:processTables(174)) - Using default column profile:DBProfile.DISK for Table:default
2019-10-06 12:28:32,684 [main] INFO  db.DBStoreBuilder (DBStoreBuilder.java:getDbProfile(205)) - Using default options. DBProfile.DISK
2019-10-06 12:28:33,371 [main] INFO  ipc.CallQueueManager (CallQueueManager.java:<init>(84)) - Using callQueue: class java.util.concurrent.LinkedBlockingQueue, queueCapacity: 2000, scheduler: class org.apache.hadoop.ipc.DefaultRpcScheduler, ipcBackoff: false.
2019-10-06 12:28:33,372 [Socket Reader #1 for port 45029] INFO  ipc.Server (Server.java:run(1074)) - Starting Socket Reader #1 for port 45029
2019-10-06 12:28:33,386 [main] INFO  om.OzoneManager (OzoneManager.java:start(1069)) - OzoneManager RPC server is listening at localhost/127.0.0.1:45029
2019-10-06 12:28:33,386 [main] INFO  impl.MetricsSystemImpl (MetricsSystemImpl.java:init(158)) - OzoneManager metrics system started (again)
2019-10-06 12:28:33,387 [IPC Server Responder] INFO  ipc.Server (Server.java:run(1314)) - IPC Server Responder: starting
2019-10-06 12:28:33,390 [IPC Server listener on 45029] INFO  ipc.Server (Server.java:run(1153)) - IPC Server listener on 45029: starting
2019-10-06 12:28:33,396 [main] INFO  hdfs.DFSUtil (DFSUtil.java:httpServerTemplateForNNAndJN(1641)) - Starting Web-server for ozoneManager at: http://0.0.0.0:0
2019-10-06 12:28:33,397 [main] INFO  server.AuthenticationFilter (AuthenticationFilter.java:constructSecretProvider(240)) - Unable to initialize FileSignerSecretProvider, falling back to use random secrets.
2019-10-06 12:28:33,397 [main] WARN  http.HttpRequestLog (HttpRequestLog.java:getRequestLog(97)) - Jetty request log can only be enabled using Log4j
2019-10-06 12:28:33,399 [main] INFO  http.HttpServer2 (HttpServer2.java:addGlobalFilter(975)) - Added global filter 'safety' (class=org.apache.hadoop.http.HttpServer2$QuotingInputFilter)
2019-10-06 12:28:33,399 [main] INFO  http.HttpServer2 (HttpServer2.java:addFilter(948)) - Added filter static_user_filter (class=org.apache.hadoop.http.lib.StaticUserWebFilter$StaticUserFilter) to context ozoneManager
2019-10-06 12:28:33,399 [main] INFO  http.HttpServer2 (HttpServer2.java:addFilter(958)) - Added filter static_user_filter (class=org.apache.hadoop.http.lib.StaticUserWebFilter$StaticUserFilter) to context static
2019-10-06 12:28:33,399 [main] INFO  http.HttpServer2 (HttpServer2.java:addFilter(958)) - Added filter static_user_filter (class=org.apache.hadoop.http.lib.StaticUserWebFilter$StaticUserFilter) to context logs
2019-10-06 12:28:33,400 [main] INFO  http.HttpServer2 (HttpServer2.java:bindListener(1191)) - Jetty bound to port 38828
2019-10-06 12:28:33,400 [main] INFO  server.Server (Server.java:doStart(351)) - jetty-9.3.25.v20180904, build timestamp: 2018-09-04T21:11:46Z, git hash: 3ce520221d0240229c862b122d2b06c12a625732
2019-10-06 12:28:33,402 [main] INFO  handler.ContextHandler (ContextHandler.java:doStart(781)) - Started o.e.j.s.ServletContextHandler@4dc52559{/logs,file:///workdir/hadoop-ozone/integration-test/target/log,AVAILABLE}
2019-10-06 12:28:33,402 [main] INFO  handler.ContextHandler (ContextHandler.java:doStart(781)) - Started o.e.j.s.ServletContextHandler@119290b9{/static,file:///workdir/hadoop-ozone/integration-test/target/test-classes/webapps/static,AVAILABLE}
2019-10-06 12:28:33,405 [main] INFO  handler.ContextHandler (ContextHandler.java:doStart(781)) - Started o.e.j.w.WebAppContext@de77146{/,file:///workdir/hadoop-ozone/integration-test/target/test-classes/webapps/ozoneManager/,AVAILABLE}{/ozoneManager}
2019-10-06 12:28:33,406 [main] INFO  server.AbstractConnector (AbstractConnector.java:doStart(278)) - Started ServerConnector@691567ea{HTTP/1.1,[http/1.1]}{0.0.0.0:38828}
2019-10-06 12:28:33,408 [main] INFO  server.Server (Server.java:doStart(419)) - Started @199843ms
2019-10-06 12:28:33,408 [main] WARN  impl.MetricsSystemImpl (MetricsSystemImpl.java:register(276)) - Sink prometheus already exists!
2019-10-06 12:28:33,408 [main] INFO  server.BaseHttpServer (BaseHttpServer.java:updateConnectorAddress(215)) - HTTP server of OZONEMANAGER is listening at http://0.0.0.0:38828
2019-10-06 12:28:33,420 [main] INFO  impl.MetricsSystemImpl (MetricsSystemImpl.java:init(158)) - HddsDatanode metrics system started (again)
2019-10-06 12:28:33,437 [main] INFO  ozone.HddsDatanodeService (HddsDatanodeService.java:start(184)) - HddsDatanodeService host:ozone-build-dev-sjjt9-54166716 ip:192.168.30.17
2019-10-06 12:28:33,447 [main] INFO  volume.HddsVolume (HddsVolume.java:<init>(176)) - Creating Volume: /workdir/hadoop-ozone/integration-test/target/test-dir/MiniOzoneClusterImpl-e7816d2d-1792-413d-b8e2-b0f84706c98d/datanode-0/data/containers/hdds of  storage type : DISK and capacity : 1482555576320
2019-10-06 12:28:33,447 [main] INFO  volume.VolumeSet (VolumeSet.java:initializeVolumeSet(170)) - Added Volume : /workdir/hadoop-ozone/integration-test/target/test-dir/MiniOzoneClusterImpl-e7816d2d-1792-413d-b8e2-b0f84706c98d/datanode-0/data/containers/hdds to VolumeSet
2019-10-06 12:28:33,448 [main] INFO  volume.ThrottledAsyncChecker (ThrottledAsyncChecker.java:schedule(139)) - Scheduling a check for org.apache.hadoop.ozone.container.common.volume.HddsVolume@2dc39b53
2019-10-06 12:28:33,448 [main] INFO  volume.HddsVolumeChecker (HddsVolumeChecker.java:checkAllVolumes(202)) - Scheduled health check for volume org.apache.hadoop.ozone.container.common.volume.HddsVolume@2dc39b53
2019-10-06 12:28:33,465 [main] INFO  impl.RaftServerProxy (ConfUtils.java:logGet(43)) - raft.rpc.type = GRPC (default)
2019-10-06 12:28:33,465 [main] INFO  grpc.GrpcFactory (GrpcFactory.java:checkPooledByteBufAllocatorUseCacheForAllThreads(45)) - PERFORMANCE WARNING: useCacheForAllThreads is true that may cause Netty to create a lot garbage objects and, as a result, trigger GC.
	It is recommended to disable useCacheForAllThreads by setting -Dorg.apache.ratis.thirdparty.io.netty.allocator.useCacheForAllThreads=false in command line.
2019-10-06 12:28:33,465 [main] INFO  grpc.GrpcConfigKeys$Server (ConfUtils.java:logGet(43)) - raft.grpc.server.port = 0 (default)
2019-10-06 12:28:33,465 [main] INFO  server.GrpcService (ConfUtils.java:logGet(43)) - raft.grpc.message.size.max = 33570816 (custom)
2019-10-06 12:28:33,465 [main] INFO  server.RaftServerConfigKeys (ConfUtils.java:logGet(43)) - raft.server.log.appender.buffer.byte-limit = 33554432 (custom)
2019-10-06 12:28:33,466 [main] INFO  server.GrpcService (ConfUtils.java:logGet(43)) - raft.grpc.flow.control.window = 1MB (=1048576) (default)
2019-10-06 12:28:33,466 [main] INFO  server.RaftServerConfigKeys (ConfUtils.java:logGet(43)) - raft.server.rpc.request.timeout = 3000ms (default)
2019-10-06 12:28:33,466 [main] INFO  server.RaftServerConfigKeys (ConfUtils.java:logGet(43)) - raft.server.storage.dir = [/workdir/hadoop-ozone/integration-test/target/test-dir/MiniOzoneClusterImpl-e7816d2d-1792-413d-b8e2-b0f84706c98d/datanode-0/data/ratis] (custom)
2019-10-06 12:28:33,469 [main] INFO  hdfs.DFSUtil (DFSUtil.java:httpServerTemplateForNNAndJN(1641)) - Starting Web-server for hddsDatanode at: http://0.0.0.0:0
2019-10-06 12:28:33,470 [main] INFO  server.AuthenticationFilter (AuthenticationFilter.java:constructSecretProvider(240)) - Unable to initialize FileSignerSecretProvider, falling back to use random secrets.
2019-10-06 12:28:33,470 [main] WARN  http.HttpRequestLog (HttpRequestLog.java:getRequestLog(97)) - Jetty request log can only be enabled using Log4j
2019-10-06 12:28:33,472 [main] INFO  http.HttpServer2 (HttpServer2.java:addGlobalFilter(975)) - Added global filter 'safety' (class=org.apache.hadoop.http.HttpServer2$QuotingInputFilter)
2019-10-06 12:28:33,472 [main] INFO  http.HttpServer2 (HttpServer2.java:addFilter(948)) - Added filter static_user_filter (class=org.apache.hadoop.http.lib.StaticUserWebFilter$StaticUserFilter) to context hddsDatanode
2019-10-06 12:28:33,472 [main] INFO  http.HttpServer2 (HttpServer2.java:addFilter(958)) - Added filter static_user_filter (class=org.apache.hadoop.http.lib.StaticUserWebFilter$StaticUserFilter) to context static
2019-10-06 12:28:33,472 [main] INFO  http.HttpServer2 (HttpServer2.java:addFilter(958)) - Added filter static_user_filter (class=org.apache.hadoop.http.lib.StaticUserWebFilter$StaticUserFilter) to context logs
2019-10-06 12:28:33,473 [main] INFO  http.HttpServer2 (HttpServer2.java:bindListener(1191)) - Jetty bound to port 41588
2019-10-06 12:28:33,473 [main] INFO  server.Server (Server.java:doStart(351)) - jetty-9.3.25.v20180904, build timestamp: 2018-09-04T21:11:46Z, git hash: 3ce520221d0240229c862b122d2b06c12a625732
2019-10-06 12:28:33,475 [main] INFO  handler.ContextHandler (ContextHandler.java:doStart(781)) - Started o.e.j.s.ServletContextHandler@65cc5252{/logs,file:///workdir/hadoop-ozone/integration-test/target/log,AVAILABLE}
2019-10-06 12:28:33,476 [main] INFO  handler.ContextHandler (ContextHandler.java:doStart(781)) - Started o.e.j.s.ServletContextHandler@2dbfa972{/static,jar:file:/home/user/.m2/repository/org/apache/hadoop/hadoop-hdds-container-service/0.5.0-SNAPSHOT/hadoop-hdds-container-service-0.5.0-SNAPSHOT.jar!/webapps/static,AVAILABLE}
2019-10-06 12:28:33,516 [main] INFO  handler.ContextHandler (ContextHandler.java:doStart(781)) - Started o.e.j.w.WebAppContext@251c90f{/,file:///tmp/jetty-0.0.0.0-41588-hddsDatanode-_-any-8947687952270845684.dir/webapp/,AVAILABLE}{/hddsDatanode}
2019-10-06 12:28:33,517 [main] INFO  server.AbstractConnector (AbstractConnector.java:doStart(278)) - Started ServerConnector@6629643d{HTTP/1.1,[http/1.1]}{0.0.0.0:41588}
2019-10-06 12:28:33,520 [main] INFO  server.Server (Server.java:doStart(419)) - Started @199956ms
2019-10-06 12:28:33,520 [main] WARN  impl.MetricsSystemImpl (MetricsSystemImpl.java:register(276)) - Sink prometheus already exists!
2019-10-06 12:28:33,521 [main] INFO  server.BaseHttpServer (BaseHttpServer.java:updateConnectorAddress(215)) - HTTP server of HDDSDATANODE is listening at http://0.0.0.0:41588
2019-10-06 12:28:33,521 [main] INFO  impl.MetricsSystemImpl (MetricsSystemImpl.java:init(158)) - HddsDatanode metrics system started (again)
2019-10-06 12:28:33,538 [grpc-default-executor-3] WARN  server.GrpcLogAppender (LogUtils.java:warn(134)) - 405150d4-bd54-4511-ac91-84679afff3e5@group-0B6775E14A42->bc0dd1f5-e092-43fd-8479-76017d9815ee-AppendLogResponseHandler: Failed appendEntries: org.apache.ratis.thirdparty.io.grpc.StatusRuntimeException: UNAVAILABLE: io exception
2019-10-06 12:28:33,538 [grpc-default-executor-6] WARN  server.GrpcLogAppender (LogUtils.java:warn(134)) - 405150d4-bd54-4511-ac91-84679afff3e5@group-0B6775E14A42->82fffea1-b1ae-4141-a3f7-289714faad12-AppendLogResponseHandler: Failed appendEntries: org.apache.ratis.thirdparty.io.grpc.StatusRuntimeException: UNAVAILABLE: io exception
2019-10-06 12:28:33,539 [grpc-default-executor-3] INFO  impl.FollowerInfo (FollowerInfo.java:lambda$new$0(51)) - 405150d4-bd54-4511-ac91-84679afff3e5@group-0B6775E14A42->bc0dd1f5-e092-43fd-8479-76017d9815ee: nextIndex: updateUnconditionally 0 -> 0
2019-10-06 12:28:33,539 [grpc-default-executor-6] INFO  impl.FollowerInfo (FollowerInfo.java:lambda$new$0(51)) - 405150d4-bd54-4511-ac91-84679afff3e5@group-0B6775E14A42->82fffea1-b1ae-4141-a3f7-289714faad12: nextIndex: updateUnconditionally 0 -> 0
2019-10-06 12:28:33,540 [org.apache.hadoop.util.JvmPauseMonitor$Monitor@7a02e0a8] INFO  util.JvmPauseMonitor (JvmPauseMonitor.java:run(188)) - Starting JVM pause monitor
2019-10-06 12:28:33,541 [main] INFO  ozone.HddsDatanodeService (HddsDatanodeService.java:start(184)) - HddsDatanodeService host:ozone-build-dev-sjjt9-54166716 ip:192.168.30.17
2019-10-06 12:28:33,543 [Datanode State Machine Thread - 0] INFO  datanode.InitDatanodeState (InitDatanodeState.java:persistContainerDatanodeDetails(140)) - DatanodeDetails is persisted to /workdir/hadoop-ozone/integration-test/target/test-dir/MiniOzoneClusterImpl-e7816d2d-1792-413d-b8e2-b0f84706c98d/datanode-0/meta/datanode.id
2019-10-06 12:28:33,551 [main] INFO  volume.HddsVolume (HddsVolume.java:<init>(176)) - Creating Volume: /workdir/hadoop-ozone/integration-test/target/test-dir/MiniOzoneClusterImpl-e7816d2d-1792-413d-b8e2-b0f84706c98d/datanode-1/data/containers/hdds of  storage type : DISK and capacity : 1482555576320
2019-10-06 12:28:33,552 [main] INFO  volume.VolumeSet (VolumeSet.java:initializeVolumeSet(170)) - Added Volume : /workdir/hadoop-ozone/integration-test/target/test-dir/MiniOzoneClusterImpl-e7816d2d-1792-413d-b8e2-b0f84706c98d/datanode-1/data/containers/hdds to VolumeSet
2019-10-06 12:28:33,552 [main] INFO  volume.ThrottledAsyncChecker (ThrottledAsyncChecker.java:schedule(139)) - Scheduling a check for org.apache.hadoop.ozone.container.common.volume.HddsVolume@599f1b7
2019-10-06 12:28:33,552 [main] INFO  volume.HddsVolumeChecker (HddsVolumeChecker.java:checkAllVolumes(202)) - Scheduled health check for volume org.apache.hadoop.ozone.container.common.volume.HddsVolume@599f1b7
2019-10-06 12:28:33,570 [main] INFO  impl.RaftServerProxy (ConfUtils.java:logGet(43)) - raft.rpc.type = GRPC (default)
2019-10-06 12:28:33,570 [main] INFO  grpc.GrpcFactory (GrpcFactory.java:checkPooledByteBufAllocatorUseCacheForAllThreads(45)) - PERFORMANCE WARNING: useCacheForAllThreads is true that may cause Netty to create a lot garbage objects and, as a result, trigger GC.
	It is recommended to disable useCacheForAllThreads by setting -Dorg.apache.ratis.thirdparty.io.netty.allocator.useCacheForAllThreads=false in command line.
2019-10-06 12:28:33,570 [main] INFO  grpc.GrpcConfigKeys$Server (ConfUtils.java:logGet(43)) - raft.grpc.server.port = 0 (default)
2019-10-06 12:28:33,570 [main] INFO  server.GrpcService (ConfUtils.java:logGet(43)) - raft.grpc.message.size.max = 33570816 (custom)
2019-10-06 12:28:33,571 [main] INFO  server.RaftServerConfigKeys (ConfUtils.java:logGet(43)) - raft.server.log.appender.buffer.byte-limit = 33554432 (custom)
2019-10-06 12:28:33,571 [main] INFO  server.GrpcService (ConfUtils.java:logGet(43)) - raft.grpc.flow.control.window = 1MB (=1048576) (default)
2019-10-06 12:28:33,571 [main] INFO  server.RaftServerConfigKeys (ConfUtils.java:logGet(43)) - raft.server.rpc.request.timeout = 3000ms (default)
2019-10-06 12:28:33,571 [main] INFO  server.RaftServerConfigKeys (ConfUtils.java:logGet(43)) - raft.server.storage.dir = [/workdir/hadoop-ozone/integration-test/target/test-dir/MiniOzoneClusterImpl-e7816d2d-1792-413d-b8e2-b0f84706c98d/datanode-1/data/ratis] (custom)
2019-10-06 12:28:33,573 [main] INFO  hdfs.DFSUtil (DFSUtil.java:httpServerTemplateForNNAndJN(1641)) - Starting Web-server for hddsDatanode at: http://0.0.0.0:0
2019-10-06 12:28:33,574 [main] INFO  server.AuthenticationFilter (AuthenticationFilter.java:constructSecretProvider(240)) - Unable to initialize FileSignerSecretProvider, falling back to use random secrets.
2019-10-06 12:28:33,575 [main] WARN  http.HttpRequestLog (HttpRequestLog.java:getRequestLog(97)) - Jetty request log can only be enabled using Log4j
2019-10-06 12:28:33,576 [main] INFO  http.HttpServer2 (HttpServer2.java:addGlobalFilter(975)) - Added global filter 'safety' (class=org.apache.hadoop.http.HttpServer2$QuotingInputFilter)
2019-10-06 12:28:33,577 [main] INFO  http.HttpServer2 (HttpServer2.java:addFilter(948)) - Added filter static_user_filter (class=org.apache.hadoop.http.lib.StaticUserWebFilter$StaticUserFilter) to context hddsDatanode
2019-10-06 12:28:33,577 [main] INFO  http.HttpServer2 (HttpServer2.java:addFilter(958)) - Added filter static_user_filter (class=org.apache.hadoop.http.lib.StaticUserWebFilter$StaticUserFilter) to context logs
2019-10-06 12:28:33,577 [main] INFO  http.HttpServer2 (HttpServer2.java:addFilter(958)) - Added filter static_user_filter (class=org.apache.hadoop.http.lib.StaticUserWebFilter$StaticUserFilter) to context static
2019-10-06 12:28:33,578 [main] INFO  http.HttpServer2 (HttpServer2.java:bindListener(1191)) - Jetty bound to port 44515
2019-10-06 12:28:33,578 [main] INFO  server.Server (Server.java:doStart(351)) - jetty-9.3.25.v20180904, build timestamp: 2018-09-04T21:11:46Z, git hash: 3ce520221d0240229c862b122d2b06c12a625732
2019-10-06 12:28:33,579 [main] INFO  handler.ContextHandler (ContextHandler.java:doStart(781)) - Started o.e.j.s.ServletContextHandler@350323a0{/logs,file:///workdir/hadoop-ozone/integration-test/target/log,AVAILABLE}
2019-10-06 12:28:33,580 [main] INFO  handler.ContextHandler (ContextHandler.java:doStart(781)) - Started o.e.j.s.ServletContextHandler@5d7dd549{/static,jar:file:/home/user/.m2/repository/org/apache/hadoop/hadoop-hdds-container-service/0.5.0-SNAPSHOT/hadoop-hdds-container-service-0.5.0-SNAPSHOT.jar!/webapps/static,AVAILABLE}
2019-10-06 12:28:33,615 [main] INFO  handler.ContextHandler (ContextHandler.java:doStart(781)) - Started o.e.j.w.WebAppContext@7d59e968{/,file:///tmp/jetty-0.0.0.0-44515-hddsDatanode-_-any-6755037160456006040.dir/webapp/,AVAILABLE}{/hddsDatanode}
2019-10-06 12:28:33,616 [main] INFO  server.AbstractConnector (AbstractConnector.java:doStart(278)) - Started ServerConnector@55361f03{HTTP/1.1,[http/1.1]}{0.0.0.0:44515}
2019-10-06 12:28:33,619 [main] INFO  server.Server (Server.java:doStart(419)) - Started @200055ms
2019-10-06 12:28:33,620 [main] WARN  impl.MetricsSystemImpl (MetricsSystemImpl.java:register(276)) - Sink prometheus already exists!
2019-10-06 12:28:33,620 [main] INFO  server.BaseHttpServer (BaseHttpServer.java:updateConnectorAddress(215)) - HTTP server of HDDSDATANODE is listening at http://0.0.0.0:44515
2019-10-06 12:28:33,621 [main] INFO  impl.MetricsSystemImpl (MetricsSystemImpl.java:init(158)) - HddsDatanode metrics system started (again)
2019-10-06 12:28:33,638 [org.apache.hadoop.util.JvmPauseMonitor$Monitor@227920af] INFO  util.JvmPauseMonitor (JvmPauseMonitor.java:run(188)) - Starting JVM pause monitor
2019-10-06 12:28:33,641 [main] INFO  ozone.HddsDatanodeService (HddsDatanodeService.java:start(184)) - HddsDatanodeService host:ozone-build-dev-sjjt9-54166716 ip:192.168.30.17
2019-10-06 12:28:33,641 [Datanode State Machine Thread - 0] INFO  datanode.InitDatanodeState (InitDatanodeState.java:persistContainerDatanodeDetails(140)) - DatanodeDetails is persisted to /workdir/hadoop-ozone/integration-test/target/test-dir/MiniOzoneClusterImpl-e7816d2d-1792-413d-b8e2-b0f84706c98d/datanode-1/meta/datanode.id
2019-10-06 12:28:33,651 [main] INFO  volume.HddsVolume (HddsVolume.java:<init>(176)) - Creating Volume: /workdir/hadoop-ozone/integration-test/target/test-dir/MiniOzoneClusterImpl-e7816d2d-1792-413d-b8e2-b0f84706c98d/datanode-2/data/containers/hdds of  storage type : DISK and capacity : 1482555576320
2019-10-06 12:28:33,652 [main] INFO  volume.VolumeSet (VolumeSet.java:initializeVolumeSet(170)) - Added Volume : /workdir/hadoop-ozone/integration-test/target/test-dir/MiniOzoneClusterImpl-e7816d2d-1792-413d-b8e2-b0f84706c98d/datanode-2/data/containers/hdds to VolumeSet
2019-10-06 12:28:33,652 [main] INFO  volume.ThrottledAsyncChecker (ThrottledAsyncChecker.java:schedule(139)) - Scheduling a check for org.apache.hadoop.ozone.container.common.volume.HddsVolume@4584304
2019-10-06 12:28:33,653 [main] INFO  volume.HddsVolumeChecker (HddsVolumeChecker.java:checkAllVolumes(202)) - Scheduled health check for volume org.apache.hadoop.ozone.container.common.volume.HddsVolume@4584304
2019-10-06 12:28:33,671 [main] INFO  impl.RaftServerProxy (ConfUtils.java:logGet(43)) - raft.rpc.type = GRPC (default)
2019-10-06 12:28:33,671 [main] INFO  grpc.GrpcFactory (GrpcFactory.java:checkPooledByteBufAllocatorUseCacheForAllThreads(45)) - PERFORMANCE WARNING: useCacheForAllThreads is true that may cause Netty to create a lot garbage objects and, as a result, trigger GC.
	It is recommended to disable useCacheForAllThreads by setting -Dorg.apache.ratis.thirdparty.io.netty.allocator.useCacheForAllThreads=false in command line.
2019-10-06 12:28:33,671 [main] INFO  grpc.GrpcConfigKeys$Server (ConfUtils.java:logGet(43)) - raft.grpc.server.port = 0 (default)
2019-10-06 12:28:33,671 [main] INFO  server.GrpcService (ConfUtils.java:logGet(43)) - raft.grpc.message.size.max = 33570816 (custom)
2019-10-06 12:28:33,672 [main] INFO  server.RaftServerConfigKeys (ConfUtils.java:logGet(43)) - raft.server.log.appender.buffer.byte-limit = 33554432 (custom)
2019-10-06 12:28:33,672 [main] INFO  server.GrpcService (ConfUtils.java:logGet(43)) - raft.grpc.flow.control.window = 1MB (=1048576) (default)
2019-10-06 12:28:33,672 [main] INFO  server.RaftServerConfigKeys (ConfUtils.java:logGet(43)) - raft.server.rpc.request.timeout = 3000ms (default)
2019-10-06 12:28:33,673 [main] INFO  server.RaftServerConfigKeys (ConfUtils.java:logGet(43)) - raft.server.storage.dir = [/workdir/hadoop-ozone/integration-test/target/test-dir/MiniOzoneClusterImpl-e7816d2d-1792-413d-b8e2-b0f84706c98d/datanode-2/data/ratis] (custom)
2019-10-06 12:28:33,675 [main] INFO  hdfs.DFSUtil (DFSUtil.java:httpServerTemplateForNNAndJN(1641)) - Starting Web-server for hddsDatanode at: http://0.0.0.0:0
2019-10-06 12:28:33,676 [main] INFO  server.AuthenticationFilter (AuthenticationFilter.java:constructSecretProvider(240)) - Unable to initialize FileSignerSecretProvider, falling back to use random secrets.
2019-10-06 12:28:33,677 [main] WARN  http.HttpRequestLog (HttpRequestLog.java:getRequestLog(97)) - Jetty request log can only be enabled using Log4j
2019-10-06 12:28:33,679 [main] INFO  http.HttpServer2 (HttpServer2.java:addGlobalFilter(975)) - Added global filter 'safety' (class=org.apache.hadoop.http.HttpServer2$QuotingInputFilter)
2019-10-06 12:28:33,680 [main] INFO  http.HttpServer2 (HttpServer2.java:addFilter(948)) - Added filter static_user_filter (class=org.apache.hadoop.http.lib.StaticUserWebFilter$StaticUserFilter) to context hddsDatanode
2019-10-06 12:28:33,680 [main] INFO  http.HttpServer2 (HttpServer2.java:addFilter(958)) - Added filter static_user_filter (class=org.apache.hadoop.http.lib.StaticUserWebFilter$StaticUserFilter) to context logs
2019-10-06 12:28:33,681 [main] INFO  http.HttpServer2 (HttpServer2.java:addFilter(958)) - Added filter static_user_filter (class=org.apache.hadoop.http.lib.StaticUserWebFilter$StaticUserFilter) to context static
2019-10-06 12:28:33,681 [main] INFO  http.HttpServer2 (HttpServer2.java:bindListener(1191)) - Jetty bound to port 38016
2019-10-06 12:28:33,682 [main] INFO  server.Server (Server.java:doStart(351)) - jetty-9.3.25.v20180904, build timestamp: 2018-09-04T21:11:46Z, git hash: 3ce520221d0240229c862b122d2b06c12a625732
2019-10-06 12:28:33,684 [main] INFO  handler.ContextHandler (ContextHandler.java:doStart(781)) - Started o.e.j.s.ServletContextHandler@10d18696{/logs,file:///workdir/hadoop-ozone/integration-test/target/log,AVAILABLE}
2019-10-06 12:28:33,684 [main] INFO  handler.ContextHandler (ContextHandler.java:doStart(781)) - Started o.e.j.s.ServletContextHandler@7d37ee0c{/static,jar:file:/home/user/.m2/repository/org/apache/hadoop/hadoop-hdds-container-service/0.5.0-SNAPSHOT/hadoop-hdds-container-service-0.5.0-SNAPSHOT.jar!/webapps/static,AVAILABLE}
2019-10-06 12:28:33,727 [main] INFO  handler.ContextHandler (ContextHandler.java:doStart(781)) - Started o.e.j.w.WebAppContext@5b8853{/,file:///tmp/jetty-0.0.0.0-38016-hddsDatanode-_-any-2557332436282958007.dir/webapp/,AVAILABLE}{/hddsDatanode}
2019-10-06 12:28:33,728 [main] INFO  server.AbstractConnector (AbstractConnector.java:doStart(278)) - Started ServerConnector@1b8aaeab{HTTP/1.1,[http/1.1]}{0.0.0.0:38016}
2019-10-06 12:28:33,731 [main] INFO  server.Server (Server.java:doStart(419)) - Started @200166ms
2019-10-06 12:28:33,731 [main] WARN  impl.MetricsSystemImpl (MetricsSystemImpl.java:register(276)) - Sink prometheus already exists!
2019-10-06 12:28:33,732 [main] INFO  server.BaseHttpServer (BaseHttpServer.java:updateConnectorAddress(215)) - HTTP server of HDDSDATANODE is listening at http://0.0.0.0:38016
2019-10-06 12:28:33,732 [main] INFO  impl.MetricsSystemImpl (MetricsSystemImpl.java:init(158)) - HddsDatanode metrics system started (again)
2019-10-06 12:28:33,752 [org.apache.hadoop.util.JvmPauseMonitor$Monitor@5aa05f32] INFO  util.JvmPauseMonitor (JvmPauseMonitor.java:run(188)) - Starting JVM pause monitor
2019-10-06 12:28:33,754 [Datanode State Machine Thread - 0] INFO  datanode.InitDatanodeState (InitDatanodeState.java:persistContainerDatanodeDetails(140)) - DatanodeDetails is persisted to /workdir/hadoop-ozone/integration-test/target/test-dir/MiniOzoneClusterImpl-e7816d2d-1792-413d-b8e2-b0f84706c98d/datanode-2/meta/datanode.id
2019-10-06 12:28:33,754 [main] INFO  ozone.HddsDatanodeService (HddsDatanodeService.java:start(184)) - HddsDatanodeService host:ozone-build-dev-sjjt9-54166716 ip:192.168.30.17
2019-10-06 12:28:33,764 [main] INFO  volume.HddsVolume (HddsVolume.java:<init>(176)) - Creating Volume: /workdir/hadoop-ozone/integration-test/target/test-dir/MiniOzoneClusterImpl-e7816d2d-1792-413d-b8e2-b0f84706c98d/datanode-3/data/containers/hdds of  storage type : DISK and capacity : 1482555576320
2019-10-06 12:28:33,764 [main] INFO  volume.VolumeSet (VolumeSet.java:initializeVolumeSet(170)) - Added Volume : /workdir/hadoop-ozone/integration-test/target/test-dir/MiniOzoneClusterImpl-e7816d2d-1792-413d-b8e2-b0f84706c98d/datanode-3/data/containers/hdds to VolumeSet
2019-10-06 12:28:33,764 [main] INFO  volume.ThrottledAsyncChecker (ThrottledAsyncChecker.java:schedule(139)) - Scheduling a check for org.apache.hadoop.ozone.container.common.volume.HddsVolume@66e341e9
2019-10-06 12:28:33,765 [main] INFO  volume.HddsVolumeChecker (HddsVolumeChecker.java:checkAllVolumes(202)) - Scheduled health check for volume org.apache.hadoop.ozone.container.common.volume.HddsVolume@66e341e9
2019-10-06 12:28:33,781 [main] INFO  impl.RaftServerProxy (ConfUtils.java:logGet(43)) - raft.rpc.type = GRPC (default)
2019-10-06 12:28:33,781 [main] INFO  grpc.GrpcFactory (GrpcFactory.java:checkPooledByteBufAllocatorUseCacheForAllThreads(45)) - PERFORMANCE WARNING: useCacheForAllThreads is true that may cause Netty to create a lot garbage objects and, as a result, trigger GC.
	It is recommended to disable useCacheForAllThreads by setting -Dorg.apache.ratis.thirdparty.io.netty.allocator.useCacheForAllThreads=false in command line.
2019-10-06 12:28:33,782 [main] INFO  grpc.GrpcConfigKeys$Server (ConfUtils.java:logGet(43)) - raft.grpc.server.port = 0 (default)
2019-10-06 12:28:33,782 [main] INFO  server.GrpcService (ConfUtils.java:logGet(43)) - raft.grpc.message.size.max = 33570816 (custom)
2019-10-06 12:28:33,782 [main] INFO  server.RaftServerConfigKeys (ConfUtils.java:logGet(43)) - raft.server.log.appender.buffer.byte-limit = 33554432 (custom)
2019-10-06 12:28:33,782 [main] INFO  server.GrpcService (ConfUtils.java:logGet(43)) - raft.grpc.flow.control.window = 1MB (=1048576) (default)
2019-10-06 12:28:33,782 [main] INFO  server.RaftServerConfigKeys (ConfUtils.java:logGet(43)) - raft.server.rpc.request.timeout = 3000ms (default)
2019-10-06 12:28:33,783 [main] INFO  server.RaftServerConfigKeys (ConfUtils.java:logGet(43)) - raft.server.storage.dir = [/workdir/hadoop-ozone/integration-test/target/test-dir/MiniOzoneClusterImpl-e7816d2d-1792-413d-b8e2-b0f84706c98d/datanode-3/data/ratis] (custom)
2019-10-06 12:28:33,784 [main] INFO  hdfs.DFSUtil (DFSUtil.java:httpServerTemplateForNNAndJN(1641)) - Starting Web-server for hddsDatanode at: http://0.0.0.0:0
2019-10-06 12:28:33,785 [main] INFO  server.AuthenticationFilter (AuthenticationFilter.java:constructSecretProvider(240)) - Unable to initialize FileSignerSecretProvider, falling back to use random secrets.
2019-10-06 12:28:33,786 [main] WARN  http.HttpRequestLog (HttpRequestLog.java:getRequestLog(97)) - Jetty request log can only be enabled using Log4j
2019-10-06 12:28:33,787 [main] INFO  http.HttpServer2 (HttpServer2.java:addGlobalFilter(975)) - Added global filter 'safety' (class=org.apache.hadoop.http.HttpServer2$QuotingInputFilter)
2019-10-06 12:28:33,788 [main] INFO  http.HttpServer2 (HttpServer2.java:addFilter(948)) - Added filter static_user_filter (class=org.apache.hadoop.http.lib.StaticUserWebFilter$StaticUserFilter) to context hddsDatanode
2019-10-06 12:28:33,788 [main] INFO  http.HttpServer2 (HttpServer2.java:addFilter(958)) - Added filter static_user_filter (class=org.apache.hadoop.http.lib.StaticUserWebFilter$StaticUserFilter) to context static
2019-10-06 12:28:33,788 [main] INFO  http.HttpServer2 (HttpServer2.java:addFilter(958)) - Added filter static_user_filter (class=org.apache.hadoop.http.lib.StaticUserWebFilter$StaticUserFilter) to context logs
2019-10-06 12:28:33,789 [main] INFO  http.HttpServer2 (HttpServer2.java:bindListener(1191)) - Jetty bound to port 43402
2019-10-06 12:28:33,789 [main] INFO  server.Server (Server.java:doStart(351)) - jetty-9.3.25.v20180904, build timestamp: 2018-09-04T21:11:46Z, git hash: 3ce520221d0240229c862b122d2b06c12a625732
2019-10-06 12:28:33,791 [main] INFO  handler.ContextHandler (ContextHandler.java:doStart(781)) - Started o.e.j.s.ServletContextHandler@28768e25{/logs,file:///workdir/hadoop-ozone/integration-test/target/log,AVAILABLE}
2019-10-06 12:28:33,791 [main] INFO  handler.ContextHandler (ContextHandler.java:doStart(781)) - Started o.e.j.s.ServletContextHandler@143fefaf{/static,jar:file:/home/user/.m2/repository/org/apache/hadoop/hadoop-hdds-container-service/0.5.0-SNAPSHOT/hadoop-hdds-container-service-0.5.0-SNAPSHOT.jar!/webapps/static,AVAILABLE}
2019-10-06 12:28:33,819 [main] INFO  handler.ContextHandler (ContextHandler.java:doStart(781)) - Started o.e.j.w.WebAppContext@36478bce{/,file:///tmp/jetty-0.0.0.0-43402-hddsDatanode-_-any-3856067460303088577.dir/webapp/,AVAILABLE}{/hddsDatanode}
2019-10-06 12:28:33,820 [main] INFO  server.AbstractConnector (AbstractConnector.java:doStart(278)) - Started ServerConnector@c48b543{HTTP/1.1,[http/1.1]}{0.0.0.0:43402}
2019-10-06 12:28:33,823 [main] INFO  server.Server (Server.java:doStart(419)) - Started @200258ms
2019-10-06 12:28:33,823 [main] WARN  impl.MetricsSystemImpl (MetricsSystemImpl.java:register(276)) - Sink prometheus already exists!
2019-10-06 12:28:33,824 [main] INFO  server.BaseHttpServer (BaseHttpServer.java:updateConnectorAddress(215)) - HTTP server of HDDSDATANODE is listening at http://0.0.0.0:43402
2019-10-06 12:28:33,825 [main] INFO  impl.MetricsSystemImpl (MetricsSystemImpl.java:init(158)) - HddsDatanode metrics system started (again)
2019-10-06 12:28:33,843 [org.apache.hadoop.util.JvmPauseMonitor$Monitor@211d3177] INFO  util.JvmPauseMonitor (JvmPauseMonitor.java:run(188)) - Starting JVM pause monitor
2019-10-06 12:28:33,844 [main] INFO  ozone.HddsDatanodeService (HddsDatanodeService.java:start(184)) - HddsDatanodeService host:ozone-build-dev-sjjt9-54166716 ip:192.168.30.17
2019-10-06 12:28:33,844 [Datanode State Machine Thread - 0] INFO  datanode.InitDatanodeState (InitDatanodeState.java:persistContainerDatanodeDetails(140)) - DatanodeDetails is persisted to /workdir/hadoop-ozone/integration-test/target/test-dir/MiniOzoneClusterImpl-e7816d2d-1792-413d-b8e2-b0f84706c98d/datanode-3/meta/datanode.id
2019-10-06 12:28:33,854 [main] INFO  volume.HddsVolume (HddsVolume.java:<init>(176)) - Creating Volume: /workdir/hadoop-ozone/integration-test/target/test-dir/MiniOzoneClusterImpl-e7816d2d-1792-413d-b8e2-b0f84706c98d/datanode-4/data/containers/hdds of  storage type : DISK and capacity : 1482555576320
2019-10-06 12:28:33,854 [main] INFO  volume.VolumeSet (VolumeSet.java:initializeVolumeSet(170)) - Added Volume : /workdir/hadoop-ozone/integration-test/target/test-dir/MiniOzoneClusterImpl-e7816d2d-1792-413d-b8e2-b0f84706c98d/datanode-4/data/containers/hdds to VolumeSet
2019-10-06 12:28:33,855 [main] INFO  volume.ThrottledAsyncChecker (ThrottledAsyncChecker.java:schedule(139)) - Scheduling a check for org.apache.hadoop.ozone.container.common.volume.HddsVolume@743c3520
2019-10-06 12:28:33,855 [main] INFO  volume.HddsVolumeChecker (HddsVolumeChecker.java:checkAllVolumes(202)) - Scheduled health check for volume org.apache.hadoop.ozone.container.common.volume.HddsVolume@743c3520
2019-10-06 12:28:33,869 [main] INFO  impl.RaftServerProxy (ConfUtils.java:logGet(43)) - raft.rpc.type = GRPC (default)
2019-10-06 12:28:33,869 [main] INFO  grpc.GrpcFactory (GrpcFactory.java:checkPooledByteBufAllocatorUseCacheForAllThreads(45)) - PERFORMANCE WARNING: useCacheForAllThreads is true that may cause Netty to create a lot garbage objects and, as a result, trigger GC.
	It is recommended to disable useCacheForAllThreads by setting -Dorg.apache.ratis.thirdparty.io.netty.allocator.useCacheForAllThreads=false in command line.
2019-10-06 12:28:33,869 [main] INFO  grpc.GrpcConfigKeys$Server (ConfUtils.java:logGet(43)) - raft.grpc.server.port = 0 (default)
2019-10-06 12:28:33,869 [main] INFO  server.GrpcService (ConfUtils.java:logGet(43)) - raft.grpc.message.size.max = 33570816 (custom)
2019-10-06 12:28:33,870 [main] INFO  server.RaftServerConfigKeys (ConfUtils.java:logGet(43)) - raft.server.log.appender.buffer.byte-limit = 33554432 (custom)
2019-10-06 12:28:33,870 [main] INFO  server.GrpcService (ConfUtils.java:logGet(43)) - raft.grpc.flow.control.window = 1MB (=1048576) (default)
2019-10-06 12:28:33,870 [main] INFO  server.RaftServerConfigKeys (ConfUtils.java:logGet(43)) - raft.server.rpc.request.timeout = 3000ms (default)
2019-10-06 12:28:33,870 [main] INFO  server.RaftServerConfigKeys (ConfUtils.java:logGet(43)) - raft.server.storage.dir = [/workdir/hadoop-ozone/integration-test/target/test-dir/MiniOzoneClusterImpl-e7816d2d-1792-413d-b8e2-b0f84706c98d/datanode-4/data/ratis] (custom)
2019-10-06 12:28:33,871 [main] INFO  hdfs.DFSUtil (DFSUtil.java:httpServerTemplateForNNAndJN(1641)) - Starting Web-server for hddsDatanode at: http://0.0.0.0:0
2019-10-06 12:28:33,872 [main] INFO  server.AuthenticationFilter (AuthenticationFilter.java:constructSecretProvider(240)) - Unable to initialize FileSignerSecretProvider, falling back to use random secrets.
2019-10-06 12:28:33,873 [main] WARN  http.HttpRequestLog (HttpRequestLog.java:getRequestLog(97)) - Jetty request log can only be enabled using Log4j
2019-10-06 12:28:33,874 [main] INFO  http.HttpServer2 (HttpServer2.java:addGlobalFilter(975)) - Added global filter 'safety' (class=org.apache.hadoop.http.HttpServer2$QuotingInputFilter)
2019-10-06 12:28:33,874 [main] INFO  http.HttpServer2 (HttpServer2.java:addFilter(948)) - Added filter static_user_filter (class=org.apache.hadoop.http.lib.StaticUserWebFilter$StaticUserFilter) to context hddsDatanode
2019-10-06 12:28:33,874 [main] INFO  http.HttpServer2 (HttpServer2.java:addFilter(958)) - Added filter static_user_filter (class=org.apache.hadoop.http.lib.StaticUserWebFilter$StaticUserFilter) to context static
2019-10-06 12:28:33,875 [main] INFO  http.HttpServer2 (HttpServer2.java:addFilter(958)) - Added filter static_user_filter (class=org.apache.hadoop.http.lib.StaticUserWebFilter$StaticUserFilter) to context logs
2019-10-06 12:28:33,875 [main] INFO  http.HttpServer2 (HttpServer2.java:bindListener(1191)) - Jetty bound to port 33672
2019-10-06 12:28:33,875 [main] INFO  server.Server (Server.java:doStart(351)) - jetty-9.3.25.v20180904, build timestamp: 2018-09-04T21:11:46Z, git hash: 3ce520221d0240229c862b122d2b06c12a625732
2019-10-06 12:28:33,877 [main] INFO  handler.ContextHandler (ContextHandler.java:doStart(781)) - Started o.e.j.s.ServletContextHandler@497ed877{/logs,file:///workdir/hadoop-ozone/integration-test/target/log,AVAILABLE}
2019-10-06 12:28:33,877 [main] INFO  handler.ContextHandler (ContextHandler.java:doStart(781)) - Started o.e.j.s.ServletContextHandler@7b6141f0{/static,jar:file:/home/user/.m2/repository/org/apache/hadoop/hadoop-hdds-container-service/0.5.0-SNAPSHOT/hadoop-hdds-container-service-0.5.0-SNAPSHOT.jar!/webapps/static,AVAILABLE}
2019-10-06 12:28:33,905 [main] INFO  handler.ContextHandler (ContextHandler.java:doStart(781)) - Started o.e.j.w.WebAppContext@7f4a1cac{/,file:///tmp/jetty-0.0.0.0-33672-hddsDatanode-_-any-844669183667272231.dir/webapp/,AVAILABLE}{/hddsDatanode}
2019-10-06 12:28:33,905 [main] INFO  server.AbstractConnector (AbstractConnector.java:doStart(278)) - Started ServerConnector@4a1a412e{HTTP/1.1,[http/1.1]}{0.0.0.0:33672}
2019-10-06 12:28:33,908 [main] INFO  server.Server (Server.java:doStart(419)) - Started @200344ms
2019-10-06 12:28:33,909 [main] WARN  impl.MetricsSystemImpl (MetricsSystemImpl.java:register(276)) - Sink prometheus already exists!
2019-10-06 12:28:33,909 [main] INFO  server.BaseHttpServer (BaseHttpServer.java:updateConnectorAddress(215)) - HTTP server of HDDSDATANODE is listening at http://0.0.0.0:33672
2019-10-06 12:28:33,910 [main] INFO  impl.MetricsSystemImpl (MetricsSystemImpl.java:init(158)) - HddsDatanode metrics system started (again)
2019-10-06 12:28:33,929 [org.apache.hadoop.util.JvmPauseMonitor$Monitor@1775d07b] INFO  util.JvmPauseMonitor (JvmPauseMonitor.java:run(188)) - Starting JVM pause monitor
2019-10-06 12:28:33,930 [Datanode State Machine Thread - 0] INFO  datanode.InitDatanodeState (InitDatanodeState.java:persistContainerDatanodeDetails(140)) - DatanodeDetails is persisted to /workdir/hadoop-ozone/integration-test/target/test-dir/MiniOzoneClusterImpl-e7816d2d-1792-413d-b8e2-b0f84706c98d/datanode-4/meta/datanode.id
2019-10-06 12:28:33,931 [main] INFO  ozone.HddsDatanodeService (HddsDatanodeService.java:start(184)) - HddsDatanodeService host:ozone-build-dev-sjjt9-54166716 ip:192.168.30.17
2019-10-06 12:28:33,940 [main] INFO  volume.HddsVolume (HddsVolume.java:<init>(176)) - Creating Volume: /workdir/hadoop-ozone/integration-test/target/test-dir/MiniOzoneClusterImpl-e7816d2d-1792-413d-b8e2-b0f84706c98d/datanode-5/data/containers/hdds of  storage type : DISK and capacity : 1482555576320
2019-10-06 12:28:33,940 [main] INFO  volume.VolumeSet (VolumeSet.java:initializeVolumeSet(170)) - Added Volume : /workdir/hadoop-ozone/integration-test/target/test-dir/MiniOzoneClusterImpl-e7816d2d-1792-413d-b8e2-b0f84706c98d/datanode-5/data/containers/hdds to VolumeSet
2019-10-06 12:28:33,940 [main] INFO  volume.ThrottledAsyncChecker (ThrottledAsyncChecker.java:schedule(139)) - Scheduling a check for org.apache.hadoop.ozone.container.common.volume.HddsVolume@3ab595c8
2019-10-06 12:28:33,941 [main] INFO  volume.HddsVolumeChecker (HddsVolumeChecker.java:checkAllVolumes(202)) - Scheduled health check for volume org.apache.hadoop.ozone.container.common.volume.HddsVolume@3ab595c8
2019-10-06 12:28:33,954 [main] INFO  impl.RaftServerProxy (ConfUtils.java:logGet(43)) - raft.rpc.type = GRPC (default)
2019-10-06 12:28:33,955 [main] INFO  grpc.GrpcFactory (GrpcFactory.java:checkPooledByteBufAllocatorUseCacheForAllThreads(45)) - PERFORMANCE WARNING: useCacheForAllThreads is true that may cause Netty to create a lot garbage objects and, as a result, trigger GC.
	It is recommended to disable useCacheForAllThreads by setting -Dorg.apache.ratis.thirdparty.io.netty.allocator.useCacheForAllThreads=false in command line.
2019-10-06 12:28:33,955 [main] INFO  grpc.GrpcConfigKeys$Server (ConfUtils.java:logGet(43)) - raft.grpc.server.port = 0 (default)
2019-10-06 12:28:33,955 [main] INFO  server.GrpcService (ConfUtils.java:logGet(43)) - raft.grpc.message.size.max = 33570816 (custom)
2019-10-06 12:28:33,955 [main] INFO  server.RaftServerConfigKeys (ConfUtils.java:logGet(43)) - raft.server.log.appender.buffer.byte-limit = 33554432 (custom)
2019-10-06 12:28:33,955 [main] INFO  server.GrpcService (ConfUtils.java:logGet(43)) - raft.grpc.flow.control.window = 1MB (=1048576) (default)
2019-10-06 12:28:33,955 [main] INFO  server.RaftServerConfigKeys (ConfUtils.java:logGet(43)) - raft.server.rpc.request.timeout = 3000ms (default)
2019-10-06 12:28:33,956 [main] INFO  server.RaftServerConfigKeys (ConfUtils.java:logGet(43)) - raft.server.storage.dir = [/workdir/hadoop-ozone/integration-test/target/test-dir/MiniOzoneClusterImpl-e7816d2d-1792-413d-b8e2-b0f84706c98d/datanode-5/data/ratis] (custom)
2019-10-06 12:28:33,957 [main] INFO  hdfs.DFSUtil (DFSUtil.java:httpServerTemplateForNNAndJN(1641)) - Starting Web-server for hddsDatanode at: http://0.0.0.0:0
2019-10-06 12:28:33,958 [main] INFO  server.AuthenticationFilter (AuthenticationFilter.java:constructSecretProvider(240)) - Unable to initialize FileSignerSecretProvider, falling back to use random secrets.
2019-10-06 12:28:33,958 [main] WARN  http.HttpRequestLog (HttpRequestLog.java:getRequestLog(97)) - Jetty request log can only be enabled using Log4j
2019-10-06 12:28:33,959 [main] INFO  http.HttpServer2 (HttpServer2.java:addGlobalFilter(975)) - Added global filter 'safety' (class=org.apache.hadoop.http.HttpServer2$QuotingInputFilter)
2019-10-06 12:28:33,960 [main] INFO  http.HttpServer2 (HttpServer2.java:addFilter(948)) - Added filter static_user_filter (class=org.apache.hadoop.http.lib.StaticUserWebFilter$StaticUserFilter) to context hddsDatanode
2019-10-06 12:28:33,960 [main] INFO  http.HttpServer2 (HttpServer2.java:addFilter(958)) - Added filter static_user_filter (class=org.apache.hadoop.http.lib.StaticUserWebFilter$StaticUserFilter) to context logs
2019-10-06 12:28:33,960 [main] INFO  http.HttpServer2 (HttpServer2.java:addFilter(958)) - Added filter static_user_filter (class=org.apache.hadoop.http.lib.StaticUserWebFilter$StaticUserFilter) to context static
2019-10-06 12:28:33,961 [main] INFO  http.HttpServer2 (HttpServer2.java:bindListener(1191)) - Jetty bound to port 41104
2019-10-06 12:28:33,961 [main] INFO  server.Server (Server.java:doStart(351)) - jetty-9.3.25.v20180904, build timestamp: 2018-09-04T21:11:46Z, git hash: 3ce520221d0240229c862b122d2b06c12a625732
2019-10-06 12:28:33,962 [main] INFO  handler.ContextHandler (ContextHandler.java:doStart(781)) - Started o.e.j.s.ServletContextHandler@5ca4dce5{/logs,file:///workdir/hadoop-ozone/integration-test/target/log,AVAILABLE}
2019-10-06 12:28:33,963 [main] INFO  handler.ContextHandler (ContextHandler.java:doStart(781)) - Started o.e.j.s.ServletContextHandler@7d133fb7{/static,jar:file:/home/user/.m2/repository/org/apache/hadoop/hadoop-hdds-container-service/0.5.0-SNAPSHOT/hadoop-hdds-container-service-0.5.0-SNAPSHOT.jar!/webapps/static,AVAILABLE}
2019-10-06 12:28:33,991 [main] INFO  handler.ContextHandler (ContextHandler.java:doStart(781)) - Started o.e.j.w.WebAppContext@284990de{/,file:///tmp/jetty-0.0.0.0-41104-hddsDatanode-_-any-2822975029873874716.dir/webapp/,AVAILABLE}{/hddsDatanode}
2019-10-06 12:28:33,991 [main] INFO  server.AbstractConnector (AbstractConnector.java:doStart(278)) - Started ServerConnector@565d7d2f{HTTP/1.1,[http/1.1]}{0.0.0.0:41104}
2019-10-06 12:28:33,995 [main] INFO  server.Server (Server.java:doStart(419)) - Started @200430ms
2019-10-06 12:28:33,995 [main] WARN  impl.MetricsSystemImpl (MetricsSystemImpl.java:register(276)) - Sink prometheus already exists!
2019-10-06 12:28:33,996 [main] INFO  server.BaseHttpServer (BaseHttpServer.java:updateConnectorAddress(215)) - HTTP server of HDDSDATANODE is listening at http://0.0.0.0:41104
2019-10-06 12:28:33,996 [main] INFO  impl.MetricsSystemImpl (MetricsSystemImpl.java:init(158)) - HddsDatanode metrics system started (again)
2019-10-06 12:28:34,017 [org.apache.hadoop.util.JvmPauseMonitor$Monitor@4af22dce] INFO  util.JvmPauseMonitor (JvmPauseMonitor.java:run(188)) - Starting JVM pause monitor
2019-10-06 12:28:34,018 [main] INFO  ozone.HddsDatanodeService (HddsDatanodeService.java:start(184)) - HddsDatanodeService host:ozone-build-dev-sjjt9-54166716 ip:192.168.30.17
2019-10-06 12:28:34,018 [Datanode State Machine Thread - 0] INFO  datanode.InitDatanodeState (InitDatanodeState.java:persistContainerDatanodeDetails(140)) - DatanodeDetails is persisted to /workdir/hadoop-ozone/integration-test/target/test-dir/MiniOzoneClusterImpl-e7816d2d-1792-413d-b8e2-b0f84706c98d/datanode-5/meta/datanode.id
2019-10-06 12:28:34,027 [main] INFO  volume.HddsVolume (HddsVolume.java:<init>(176)) - Creating Volume: /workdir/hadoop-ozone/integration-test/target/test-dir/MiniOzoneClusterImpl-e7816d2d-1792-413d-b8e2-b0f84706c98d/datanode-6/data/containers/hdds of  storage type : DISK and capacity : 1482555576320
2019-10-06 12:28:34,028 [main] INFO  volume.VolumeSet (VolumeSet.java:initializeVolumeSet(170)) - Added Volume : /workdir/hadoop-ozone/integration-test/target/test-dir/MiniOzoneClusterImpl-e7816d2d-1792-413d-b8e2-b0f84706c98d/datanode-6/data/containers/hdds to VolumeSet
2019-10-06 12:28:34,028 [main] INFO  volume.ThrottledAsyncChecker (ThrottledAsyncChecker.java:schedule(139)) - Scheduling a check for org.apache.hadoop.ozone.container.common.volume.HddsVolume@1c84d80a
2019-10-06 12:28:34,028 [main] INFO  volume.HddsVolumeChecker (HddsVolumeChecker.java:checkAllVolumes(202)) - Scheduled health check for volume org.apache.hadoop.ozone.container.common.volume.HddsVolume@1c84d80a
2019-10-06 12:28:34,044 [main] INFO  impl.RaftServerProxy (ConfUtils.java:logGet(43)) - raft.rpc.type = GRPC (default)
2019-10-06 12:28:34,044 [main] INFO  grpc.GrpcFactory (GrpcFactory.java:checkPooledByteBufAllocatorUseCacheForAllThreads(45)) - PERFORMANCE WARNING: useCacheForAllThreads is true that may cause Netty to create a lot garbage objects and, as a result, trigger GC.
	It is recommended to disable useCacheForAllThreads by setting -Dorg.apache.ratis.thirdparty.io.netty.allocator.useCacheForAllThreads=false in command line.
2019-10-06 12:28:34,044 [main] INFO  grpc.GrpcConfigKeys$Server (ConfUtils.java:logGet(43)) - raft.grpc.server.port = 0 (default)
2019-10-06 12:28:34,045 [main] INFO  server.GrpcService (ConfUtils.java:logGet(43)) - raft.grpc.message.size.max = 33570816 (custom)
2019-10-06 12:28:34,045 [main] INFO  server.RaftServerConfigKeys (ConfUtils.java:logGet(43)) - raft.server.log.appender.buffer.byte-limit = 33554432 (custom)
2019-10-06 12:28:34,045 [main] INFO  server.GrpcService (ConfUtils.java:logGet(43)) - raft.grpc.flow.control.window = 1MB (=1048576) (default)
2019-10-06 12:28:34,045 [main] INFO  server.RaftServerConfigKeys (ConfUtils.java:logGet(43)) - raft.server.rpc.request.timeout = 3000ms (default)
2019-10-06 12:28:34,045 [main] INFO  server.RaftServerConfigKeys (ConfUtils.java:logGet(43)) - raft.server.storage.dir = [/workdir/hadoop-ozone/integration-test/target/test-dir/MiniOzoneClusterImpl-e7816d2d-1792-413d-b8e2-b0f84706c98d/datanode-6/data/ratis] (custom)
2019-10-06 12:28:34,047 [main] INFO  hdfs.DFSUtil (DFSUtil.java:httpServerTemplateForNNAndJN(1641)) - Starting Web-server for hddsDatanode at: http://0.0.0.0:0
2019-10-06 12:28:34,048 [main] INFO  server.AuthenticationFilter (AuthenticationFilter.java:constructSecretProvider(240)) - Unable to initialize FileSignerSecretProvider, falling back to use random secrets.
2019-10-06 12:28:34,048 [main] WARN  http.HttpRequestLog (HttpRequestLog.java:getRequestLog(97)) - Jetty request log can only be enabled using Log4j
2019-10-06 12:28:34,049 [main] INFO  http.HttpServer2 (HttpServer2.java:addGlobalFilter(975)) - Added global filter 'safety' (class=org.apache.hadoop.http.HttpServer2$QuotingInputFilter)
2019-10-06 12:28:34,049 [main] INFO  http.HttpServer2 (HttpServer2.java:addFilter(948)) - Added filter static_user_filter (class=org.apache.hadoop.http.lib.StaticUserWebFilter$StaticUserFilter) to context hddsDatanode
2019-10-06 12:28:34,050 [main] INFO  http.HttpServer2 (HttpServer2.java:addFilter(958)) - Added filter static_user_filter (class=org.apache.hadoop.http.lib.StaticUserWebFilter$StaticUserFilter) to context logs
2019-10-06 12:28:34,050 [main] INFO  http.HttpServer2 (HttpServer2.java:addFilter(958)) - Added filter static_user_filter (class=org.apache.hadoop.http.lib.StaticUserWebFilter$StaticUserFilter) to context static
2019-10-06 12:28:34,050 [main] INFO  http.HttpServer2 (HttpServer2.java:bindListener(1191)) - Jetty bound to port 41246
2019-10-06 12:28:34,050 [main] INFO  server.Server (Server.java:doStart(351)) - jetty-9.3.25.v20180904, build timestamp: 2018-09-04T21:11:46Z, git hash: 3ce520221d0240229c862b122d2b06c12a625732
2019-10-06 12:28:34,052 [main] INFO  handler.ContextHandler (ContextHandler.java:doStart(781)) - Started o.e.j.s.ServletContextHandler@55a0f011{/logs,file:///workdir/hadoop-ozone/integration-test/target/log,AVAILABLE}
2019-10-06 12:28:34,052 [main] INFO  handler.ContextHandler (ContextHandler.java:doStart(781)) - Started o.e.j.s.ServletContextHandler@39133244{/static,jar:file:/home/user/.m2/repository/org/apache/hadoop/hadoop-hdds-container-service/0.5.0-SNAPSHOT/hadoop-hdds-container-service-0.5.0-SNAPSHOT.jar!/webapps/static,AVAILABLE}
2019-10-06 12:28:34,080 [main] INFO  handler.ContextHandler (ContextHandler.java:doStart(781)) - Started o.e.j.w.WebAppContext@527937d0{/,file:///tmp/jetty-0.0.0.0-41246-hddsDatanode-_-any-1731057614941011844.dir/webapp/,AVAILABLE}{/hddsDatanode}
2019-10-06 12:28:34,080 [main] INFO  server.AbstractConnector (AbstractConnector.java:doStart(278)) - Started ServerConnector@36d582cb{HTTP/1.1,[http/1.1]}{0.0.0.0:41246}
2019-10-06 12:28:34,083 [main] INFO  server.Server (Server.java:doStart(419)) - Started @200518ms
2019-10-06 12:28:34,083 [main] WARN  impl.MetricsSystemImpl (MetricsSystemImpl.java:register(276)) - Sink prometheus already exists!
2019-10-06 12:28:34,084 [main] INFO  server.BaseHttpServer (BaseHttpServer.java:updateConnectorAddress(215)) - HTTP server of HDDSDATANODE is listening at http://0.0.0.0:41246
2019-10-06 12:28:34,084 [main] INFO  ozone.MiniOzoneClusterImpl (MiniOzoneClusterImpl.java:lambda$waitForClusterToBeReady$0(147)) - Waiting for cluster to be ready. Got 0 of 7 DN Heartbeats.
2019-10-06 12:28:34,085 [org.apache.hadoop.util.JvmPauseMonitor$Monitor@3cbb0e1d] INFO  util.JvmPauseMonitor (JvmPauseMonitor.java:run(188)) - Starting JVM pause monitor
2019-10-06 12:28:34,086 [Datanode State Machine Thread - 0] INFO  datanode.InitDatanodeState (InitDatanodeState.java:persistContainerDatanodeDetails(140)) - DatanodeDetails is persisted to /workdir/hadoop-ozone/integration-test/target/test-dir/MiniOzoneClusterImpl-e7816d2d-1792-413d-b8e2-b0f84706c98d/datanode-6/meta/datanode.id
2019-10-06 12:28:35,085 [main] INFO  ozone.MiniOzoneClusterImpl (MiniOzoneClusterImpl.java:lambda$waitForClusterToBeReady$0(147)) - Waiting for cluster to be ready. Got 0 of 7 DN Heartbeats.
2019-10-06 12:28:35,605 [Datanode State Machine Thread - 0] INFO  ozoneimpl.OzoneContainer (OzoneContainer.java:start(217)) - Attempting to start container services.
2019-10-06 12:28:35,605 [Datanode State Machine Thread - 0] INFO  ozoneimpl.OzoneContainer (OzoneContainer.java:startContainerScrub(179)) - Background container scanner has been disabled.
2019-10-06 12:28:35,605 [Datanode State Machine Thread - 0] INFO  ratis.XceiverServerRatis (XceiverServerRatis.java:start(417)) - Starting XceiverServerRatis b3aa2efe-c215-486c-85cb-46a7afc74637 at port 0
2019-10-06 12:28:35,613 [Datanode State Machine Thread - 0] INFO  impl.RaftServerProxy (RaftServerProxy.java:lambda$start$3(299)) - b3aa2efe-c215-486c-85cb-46a7afc74637: start RPC server
2019-10-06 12:28:35,614 [Datanode State Machine Thread - 0] INFO  server.GrpcService (GrpcService.java:startImpl(158)) - b3aa2efe-c215-486c-85cb-46a7afc74637: GrpcService started, listening on 0.0.0.0/0.0.0.0:38324
2019-10-06 12:28:35,615 [Datanode State Machine Thread - 0] INFO  ratis.XceiverServerRatis (XceiverServerRatis.java:start(427)) - XceiverServerRatis b3aa2efe-c215-486c-85cb-46a7afc74637 is started using port 38324
2019-10-06 12:28:35,615 [Datanode State Machine Thread - 0] INFO  server.XceiverServerGrpc (XceiverServerGrpc.java:start(149)) - XceiverServerGrpc b3aa2efe-c215-486c-85cb-46a7afc74637 is started using port 43314
2019-10-06 12:28:35,656 [Datanode State Machine Thread - 0] INFO  ozoneimpl.OzoneContainer (OzoneContainer.java:start(217)) - Attempting to start container services.
2019-10-06 12:28:35,656 [Datanode State Machine Thread - 0] INFO  ozoneimpl.OzoneContainer (OzoneContainer.java:startContainerScrub(179)) - Background container scanner has been disabled.
2019-10-06 12:28:35,656 [Datanode State Machine Thread - 0] INFO  ratis.XceiverServerRatis (XceiverServerRatis.java:start(417)) - Starting XceiverServerRatis a070c0c1-1714-4d75-902b-8f5ceeee5a66 at port 0
2019-10-06 12:28:35,663 [Datanode State Machine Thread - 0] INFO  impl.RaftServerProxy (RaftServerProxy.java:lambda$start$3(299)) - a070c0c1-1714-4d75-902b-8f5ceeee5a66: start RPC server
2019-10-06 12:28:35,666 [Datanode State Machine Thread - 0] INFO  server.GrpcService (GrpcService.java:startImpl(158)) - a070c0c1-1714-4d75-902b-8f5ceeee5a66: GrpcService started, listening on 0.0.0.0/0.0.0.0:35207
2019-10-06 12:28:35,666 [Datanode State Machine Thread - 0] INFO  ratis.XceiverServerRatis (XceiverServerRatis.java:start(427)) - XceiverServerRatis a070c0c1-1714-4d75-902b-8f5ceeee5a66 is started using port 35207
2019-10-06 12:28:35,667 [Datanode State Machine Thread - 0] INFO  server.XceiverServerGrpc (XceiverServerGrpc.java:start(149)) - XceiverServerGrpc a070c0c1-1714-4d75-902b-8f5ceeee5a66 is started using port 35745
2019-10-06 12:28:35,765 [Datanode State Machine Thread - 0] INFO  ozoneimpl.OzoneContainer (OzoneContainer.java:start(217)) - Attempting to start container services.
2019-10-06 12:28:35,765 [Datanode State Machine Thread - 0] INFO  ozoneimpl.OzoneContainer (OzoneContainer.java:startContainerScrub(179)) - Background container scanner has been disabled.
2019-10-06 12:28:35,765 [Datanode State Machine Thread - 0] INFO  ratis.XceiverServerRatis (XceiverServerRatis.java:start(417)) - Starting XceiverServerRatis 2ad9002a-c54c-4774-9ff5-f956718bcd7d at port 0
2019-10-06 12:28:35,771 [Datanode State Machine Thread - 0] INFO  impl.RaftServerProxy (RaftServerProxy.java:lambda$start$3(299)) - 2ad9002a-c54c-4774-9ff5-f956718bcd7d: start RPC server
2019-10-06 12:28:35,772 [Datanode State Machine Thread - 0] INFO  server.GrpcService (GrpcService.java:startImpl(158)) - 2ad9002a-c54c-4774-9ff5-f956718bcd7d: GrpcService started, listening on 0.0.0.0/0.0.0.0:46003
2019-10-06 12:28:35,772 [Datanode State Machine Thread - 0] INFO  ratis.XceiverServerRatis (XceiverServerRatis.java:start(427)) - XceiverServerRatis 2ad9002a-c54c-4774-9ff5-f956718bcd7d is started using port 46003
2019-10-06 12:28:35,772 [Datanode State Machine Thread - 0] INFO  server.XceiverServerGrpc (XceiverServerGrpc.java:start(149)) - XceiverServerGrpc 2ad9002a-c54c-4774-9ff5-f956718bcd7d is started using port 37735
2019-10-06 12:28:35,848 [Datanode State Machine Thread - 0] INFO  ozoneimpl.OzoneContainer (OzoneContainer.java:start(217)) - Attempting to start container services.
2019-10-06 12:28:35,848 [Datanode State Machine Thread - 0] INFO  ozoneimpl.OzoneContainer (OzoneContainer.java:startContainerScrub(179)) - Background container scanner has been disabled.
2019-10-06 12:28:35,848 [Datanode State Machine Thread - 0] INFO  ratis.XceiverServerRatis (XceiverServerRatis.java:start(417)) - Starting XceiverServerRatis 0e669c8c-9fd7-46ff-aa08-d0c72283c21b at port 0
2019-10-06 12:28:35,854 [Datanode State Machine Thread - 0] INFO  impl.RaftServerProxy (RaftServerProxy.java:lambda$start$3(299)) - 0e669c8c-9fd7-46ff-aa08-d0c72283c21b: start RPC server
2019-10-06 12:28:35,855 [Datanode State Machine Thread - 0] INFO  server.GrpcService (GrpcService.java:startImpl(158)) - 0e669c8c-9fd7-46ff-aa08-d0c72283c21b: GrpcService started, listening on 0.0.0.0/0.0.0.0:39200
2019-10-06 12:28:35,855 [Datanode State Machine Thread - 0] INFO  ratis.XceiverServerRatis (XceiverServerRatis.java:start(427)) - XceiverServerRatis 0e669c8c-9fd7-46ff-aa08-d0c72283c21b is started using port 39200
2019-10-06 12:28:35,855 [Datanode State Machine Thread - 0] INFO  server.XceiverServerGrpc (XceiverServerGrpc.java:start(149)) - XceiverServerGrpc 0e669c8c-9fd7-46ff-aa08-d0c72283c21b is started using port 33985
2019-10-06 12:28:35,945 [Datanode State Machine Thread - 0] INFO  ozoneimpl.OzoneContainer (OzoneContainer.java:start(217)) - Attempting to start container services.
2019-10-06 12:28:35,946 [Datanode State Machine Thread - 0] INFO  ozoneimpl.OzoneContainer (OzoneContainer.java:startContainerScrub(179)) - Background container scanner has been disabled.
2019-10-06 12:28:35,946 [Datanode State Machine Thread - 0] INFO  ratis.XceiverServerRatis (XceiverServerRatis.java:start(417)) - Starting XceiverServerRatis e6ae14e8-055a-4702-bf9f-ff1574fcf8fe at port 0
2019-10-06 12:28:35,953 [Datanode State Machine Thread - 0] INFO  impl.RaftServerProxy (RaftServerProxy.java:lambda$start$3(299)) - e6ae14e8-055a-4702-bf9f-ff1574fcf8fe: start RPC server
2019-10-06 12:28:35,958 [Datanode State Machine Thread - 0] INFO  server.GrpcService (GrpcService.java:startImpl(158)) - e6ae14e8-055a-4702-bf9f-ff1574fcf8fe: GrpcService started, listening on 0.0.0.0/0.0.0.0:33570
2019-10-06 12:28:35,959 [Datanode State Machine Thread - 0] INFO  ratis.XceiverServerRatis (XceiverServerRatis.java:start(427)) - XceiverServerRatis e6ae14e8-055a-4702-bf9f-ff1574fcf8fe is started using port 33570
2019-10-06 12:28:35,959 [Datanode State Machine Thread - 0] INFO  server.XceiverServerGrpc (XceiverServerGrpc.java:start(149)) - XceiverServerGrpc e6ae14e8-055a-4702-bf9f-ff1574fcf8fe is started using port 44443
2019-10-06 12:28:36,031 [Datanode State Machine Thread - 0] INFO  ozoneimpl.OzoneContainer (OzoneContainer.java:start(217)) - Attempting to start container services.
2019-10-06 12:28:36,032 [Datanode State Machine Thread - 0] INFO  ozoneimpl.OzoneContainer (OzoneContainer.java:startContainerScrub(179)) - Background container scanner has been disabled.
2019-10-06 12:28:36,032 [Datanode State Machine Thread - 0] INFO  ratis.XceiverServerRatis (XceiverServerRatis.java:start(417)) - Starting XceiverServerRatis 6e172b5d-6d4f-407b-b8e3-e24acb0f0ee2 at port 0
2019-10-06 12:28:36,039 [Datanode State Machine Thread - 0] INFO  impl.RaftServerProxy (RaftServerProxy.java:lambda$start$3(299)) - 6e172b5d-6d4f-407b-b8e3-e24acb0f0ee2: start RPC server
2019-10-06 12:28:36,045 [Datanode State Machine Thread - 0] INFO  server.GrpcService (GrpcService.java:startImpl(158)) - 6e172b5d-6d4f-407b-b8e3-e24acb0f0ee2: GrpcService started, listening on 0.0.0.0/0.0.0.0:37948
2019-10-06 12:28:36,045 [Datanode State Machine Thread - 0] INFO  ratis.XceiverServerRatis (XceiverServerRatis.java:start(427)) - XceiverServerRatis 6e172b5d-6d4f-407b-b8e3-e24acb0f0ee2 is started using port 37948
2019-10-06 12:28:36,046 [grpc-default-executor-5] WARN  server.GrpcLogAppender (LogUtils.java:warn(134)) - 405150d4-bd54-4511-ac91-84679afff3e5@group-0B6775E14A42->82fffea1-b1ae-4141-a3f7-289714faad12-AppendLogResponseHandler: Failed appendEntries: org.apache.ratis.thirdparty.io.grpc.StatusRuntimeException: UNAVAILABLE: io exception
2019-10-06 12:28:36,046 [Datanode State Machine Thread - 0] INFO  server.XceiverServerGrpc (XceiverServerGrpc.java:start(149)) - XceiverServerGrpc 6e172b5d-6d4f-407b-b8e3-e24acb0f0ee2 is started using port 42157
2019-10-06 12:28:36,046 [grpc-default-executor-5] INFO  impl.FollowerInfo (FollowerInfo.java:lambda$new$0(51)) - 405150d4-bd54-4511-ac91-84679afff3e5@group-0B6775E14A42->82fffea1-b1ae-4141-a3f7-289714faad12: nextIndex: updateUnconditionally 0 -> 0
2019-10-06 12:28:36,046 [grpc-default-executor-4] WARN  server.GrpcLogAppender (LogUtils.java:warn(134)) - 405150d4-bd54-4511-ac91-84679afff3e5@group-0B6775E14A42->bc0dd1f5-e092-43fd-8479-76017d9815ee-AppendLogResponseHandler: Failed appendEntries: org.apache.ratis.thirdparty.io.grpc.StatusRuntimeException: UNAVAILABLE: io exception
2019-10-06 12:28:36,051 [grpc-default-executor-4] INFO  impl.FollowerInfo (FollowerInfo.java:lambda$new$0(51)) - 405150d4-bd54-4511-ac91-84679afff3e5@group-0B6775E14A42->bc0dd1f5-e092-43fd-8479-76017d9815ee: nextIndex: updateUnconditionally 0 -> 0
2019-10-06 12:28:36,085 [main] INFO  ozone.MiniOzoneClusterImpl (MiniOzoneClusterImpl.java:lambda$waitForClusterToBeReady$0(147)) - Waiting for cluster to be ready. Got 0 of 7 DN Heartbeats.
2019-10-06 12:28:36,099 [Datanode State Machine Thread - 0] INFO  ozoneimpl.OzoneContainer (OzoneContainer.java:start(217)) - Attempting to start container services.
2019-10-06 12:28:36,099 [Datanode State Machine Thread - 0] INFO  ozoneimpl.OzoneContainer (OzoneContainer.java:startContainerScrub(179)) - Background container scanner has been disabled.
2019-10-06 12:28:36,100 [Datanode State Machine Thread - 0] INFO  ratis.XceiverServerRatis (XceiverServerRatis.java:start(417)) - Starting XceiverServerRatis aa0dc749-c5c6-42fe-9090-614dbc11ef72 at port 0
2019-10-06 12:28:36,107 [Datanode State Machine Thread - 0] INFO  impl.RaftServerProxy (RaftServerProxy.java:lambda$start$3(299)) - aa0dc749-c5c6-42fe-9090-614dbc11ef72: start RPC server
2019-10-06 12:28:36,107 [Datanode State Machine Thread - 0] INFO  server.GrpcService (GrpcService.java:startImpl(158)) - aa0dc749-c5c6-42fe-9090-614dbc11ef72: GrpcService started, listening on 0.0.0.0/0.0.0.0:38795
2019-10-06 12:28:36,108 [Datanode State Machine Thread - 0] INFO  ratis.XceiverServerRatis (XceiverServerRatis.java:start(427)) - XceiverServerRatis aa0dc749-c5c6-42fe-9090-614dbc11ef72 is started using port 38795
2019-10-06 12:28:36,108 [Datanode State Machine Thread - 0] INFO  server.XceiverServerGrpc (XceiverServerGrpc.java:start(149)) - XceiverServerGrpc aa0dc749-c5c6-42fe-9090-614dbc11ef72 is started using port 42811
2019-10-06 12:28:37,086 [main] INFO  ozone.MiniOzoneClusterImpl (MiniOzoneClusterImpl.java:lambda$waitForClusterToBeReady$0(147)) - Waiting for cluster to be ready. Got 0 of 7 DN Heartbeats.
2019-10-06 12:28:37,555 [IPC Server handler 1 on 43973] INFO  net.NetworkTopology (NetworkTopologyImpl.java:add(111)) - Added a new node: /default-rack/b3aa2efe-c215-486c-85cb-46a7afc74637
2019-10-06 12:28:37,563 [IPC Server handler 1 on 43973] INFO  node.SCMNodeManager (SCMNodeManager.java:register(268)) - Registered Data node : b3aa2efe-c215-486c-85cb-46a7afc74637{ip: 192.168.30.17, host: ozone-build-dev-sjjt9-54166716, networkLocation: /default-rack, certSerialId: null}
2019-10-06 12:28:37,564 [EventQueue-NodeRegistrationContainerReportForDataNodeSafeModeRule] INFO  safemode.SCMSafeModeManager (DataNodeSafeModeRule.java:process(71)) - SCM in safe mode. 1 DataNodes registered, 1 required.
2019-10-06 12:28:37,569 [EventQueue-NodeRegistrationContainerReportForDataNodeSafeModeRule] INFO  safemode.SCMSafeModeManager (SCMSafeModeManager.java:validateSafeModeExitRules(177)) - ScmSafeModeManager, all rules are successfully validated
2019-10-06 12:28:37,569 [EventQueue-NodeRegistrationContainerReportForDataNodeSafeModeRule] INFO  safemode.SCMSafeModeManager (SCMSafeModeManager.java:exitSafeMode(193)) - SCM exiting safe mode.
2019-10-06 12:28:37,580 [grpc-default-executor-5] INFO  impl.RaftServerProxy (RaftServerProxy.java:addNew(89)) - b3aa2efe-c215-486c-85cb-46a7afc74637: addNew group-E2F2BF5D83D6:[b3aa2efe-c215-486c-85cb-46a7afc74637:192.168.30.17:38324] returns group-E2F2BF5D83D6:java.util.concurrent.CompletableFuture@5246d989[Not completed]
2019-10-06 12:28:37,582 [pool-383-thread-1] INFO  impl.RaftServerImpl (RaftServerImpl.java:<init>(95)) - b3aa2efe-c215-486c-85cb-46a7afc74637: new RaftServerImpl for group-E2F2BF5D83D6:[b3aa2efe-c215-486c-85cb-46a7afc74637:192.168.30.17:38324] with ContainerStateMachine:uninitialized
2019-10-06 12:28:37,582 [pool-383-thread-1] INFO  server.RaftServerConfigKeys (ConfUtils.java:logGet(43)) - raft.server.rpc.timeout.min = 5s (custom)
2019-10-06 12:28:37,582 [pool-383-thread-1] INFO  server.RaftServerConfigKeys (ConfUtils.java:logGet(43)) - raft.server.rpc.timeout.max = 5200ms (custom)
2019-10-06 12:28:37,582 [pool-383-thread-1] INFO  server.RaftServerConfigKeys (ConfUtils.java:logGet(43)) - raft.server.rpcslowness.timeout = 120s (custom)
2019-10-06 12:28:37,582 [pool-383-thread-1] INFO  server.RaftServerConfigKeys (ConfUtils.java:logGet(43)) - raft.server.sleep.deviation.threshold = 300 (default)
2019-10-06 12:28:37,582 [pool-383-thread-1] INFO  server.RaftServerConfigKeys (ConfUtils.java:logGet(43)) - raft.server.log.appender.install.snapshot.enabled = false (custom)
2019-10-06 12:28:37,583 [pool-383-thread-1] INFO  impl.RaftServerImpl (ServerState.java:<init>(103)) - b3aa2efe-c215-486c-85cb-46a7afc74637@group-E2F2BF5D83D6: ConfigurationManager, init=-1: [b3aa2efe-c215-486c-85cb-46a7afc74637:192.168.30.17:38324], old=null, confs=<EMPTY_MAP>
2019-10-06 12:28:37,583 [pool-383-thread-1] INFO  server.RaftServerConfigKeys (ConfUtils.java:logGet(43)) - raft.server.storage.dir = [/workdir/hadoop-ozone/integration-test/target/test-dir/MiniOzoneClusterImpl-e7816d2d-1792-413d-b8e2-b0f84706c98d/datanode-0/data/ratis] (custom)
2019-10-06 12:28:37,583 [pool-383-thread-1] INFO  server.RaftServerConfigKeys (ConfUtils.java:logGet(43)) - raft.server.log.corruption.policy = EXCEPTION (default)
2019-10-06 12:28:37,583 [pool-383-thread-1] INFO  storage.RaftStorageDirectory (RaftStorageDirectory.java:analyzeStorage(246)) - The storage directory /workdir/hadoop-ozone/integration-test/target/test-dir/MiniOzoneClusterImpl-e7816d2d-1792-413d-b8e2-b0f84706c98d/datanode-0/data/ratis/f6fe99bd-9993-4555-8964-e2f2bf5d83d6 does not exist. Creating ...
2019-10-06 12:28:37,608 [pool-383-thread-1] INFO  storage.RaftStorageDirectory (RaftStorageDirectory.java:tryLock(328)) - Lock on /workdir/hadoop-ozone/integration-test/target/test-dir/MiniOzoneClusterImpl-e7816d2d-1792-413d-b8e2-b0f84706c98d/datanode-0/data/ratis/f6fe99bd-9993-4555-8964-e2f2bf5d83d6/in_use.lock acquired by nodename 11948@ozone-build-dev-sjjt9-54166716
2019-10-06 12:28:37,621 [pool-383-thread-1] INFO  storage.RaftStorage (RaftStorage.java:format(84)) - Storage directory /workdir/hadoop-ozone/integration-test/target/test-dir/MiniOzoneClusterImpl-e7816d2d-1792-413d-b8e2-b0f84706c98d/datanode-0/data/ratis/f6fe99bd-9993-4555-8964-e2f2bf5d83d6 has been successfully formatted.
2019-10-06 12:28:37,621 [pool-383-thread-1] INFO  ratis.ContainerStateMachine (ContainerStateMachine.java:loadSnapshot(230)) - group-E2F2BF5D83D6: The snapshot info is null. Setting the last applied indexto:(t:0, i:~)
2019-10-06 12:28:37,621 [pool-383-thread-1] INFO  server.RaftServerConfigKeys (ConfUtils.java:logGet(43)) - raft.server.notification.no-leader.timeout = 120s (custom)
2019-10-06 12:28:37,621 [pool-383-thread-1] INFO  server.RaftServerConfigKeys (ConfUtils.java:logGet(43)) - raft.server.log.use.memory = false (default)
2019-10-06 12:28:37,621 [pool-383-thread-1] INFO  server.RaftServerConfigKeys (ConfUtils.java:logGet(43)) - raft.server.log.purge.gap = 1000000 (custom)
2019-10-06 12:28:37,621 [pool-383-thread-1] INFO  server.RaftServerConfigKeys (ConfUtils.java:logGet(43)) - raft.server.log.appender.buffer.byte-limit = 33554432 (custom)
2019-10-06 12:28:37,622 [pool-383-thread-1] INFO  server.RaftServerConfigKeys (ConfUtils.java:logGet(43)) - raft.server.log.segment.size.max = 1048576 (custom)
2019-10-06 12:28:37,623 [pool-383-thread-1] INFO  server.RaftServerConfigKeys (ConfUtils.java:logGet(43)) - raft.server.log.segment.cache.num.max = 2 (custom)
2019-10-06 12:28:37,623 [pool-383-thread-1] INFO  segmented.SegmentedRaftLogWorker (SegmentedRaftLogWorker.java:<init>(173)) - new b3aa2efe-c215-486c-85cb-46a7afc74637@group-E2F2BF5D83D6-SegmentedRaftLogWorker for RaftStorage:Storage Directory /workdir/hadoop-ozone/integration-test/target/test-dir/MiniOzoneClusterImpl-e7816d2d-1792-413d-b8e2-b0f84706c98d/datanode-0/data/ratis/f6fe99bd-9993-4555-8964-e2f2bf5d83d6
2019-10-06 12:28:37,624 [pool-383-thread-1] INFO  server.RaftServerConfigKeys (ConfUtils.java:logGet(43)) - raft.server.log.queue.byte-limit = 2147483647 (custom)
2019-10-06 12:28:37,624 [pool-383-thread-1] INFO  server.RaftServerConfigKeys (ConfUtils.java:logGet(43)) - raft.server.log.queue.element-limit = 1024 (custom)
2019-10-06 12:28:37,624 [pool-383-thread-1] INFO  server.RaftServerConfigKeys (ConfUtils.java:logGet(43)) - raft.server.log.segment.size.max = 1048576 (custom)
2019-10-06 12:28:37,624 [pool-383-thread-1] INFO  server.RaftServerConfigKeys (ConfUtils.java:logGet(43)) - raft.server.log.preallocated.size = 16384 (custom)
2019-10-06 12:28:37,624 [pool-383-thread-1] INFO  server.RaftServerConfigKeys (ConfUtils.java:logGet(43)) - raft.server.log.write.buffer.size = 33554432 (custom)
2019-10-06 12:28:37,625 [pool-383-thread-1] INFO  server.RaftServerConfigKeys (ConfUtils.java:logGet(43)) - raft.server.log.force.sync.num = 128 (default)
2019-10-06 12:28:37,625 [pool-383-thread-1] INFO  server.RaftServerConfigKeys (ConfUtils.java:logGet(43)) - raft.server.log.statemachine.data.sync = true (default)
2019-10-06 12:28:37,625 [pool-383-thread-1] INFO  server.RaftServerConfigKeys (ConfUtils.java:logGet(43)) - raft.server.log.statemachine.data.sync.timeout = 10s (default)
2019-10-06 12:28:37,625 [pool-383-thread-1] INFO  server.RaftServerConfigKeys (ConfUtils.java:logGet(43)) - raft.server.log.statemachine.data.sync.timeout.retry = -1 (default)
2019-10-06 12:28:37,626 [pool-383-thread-1] INFO  server.RaftServerConfigKeys (ConfUtils.java:logGet(43)) - raft.server.log.statemachine.data.caching.enabled = true (custom)
2019-10-06 12:28:37,626 [pool-383-thread-1] INFO  segmented.SegmentedRaftLogWorker (SegmentedRaftLogWorker.java:lambda$new$0(128)) - b3aa2efe-c215-486c-85cb-46a7afc74637@group-E2F2BF5D83D6-SegmentedRaftLogWorker: flushIndex: setUnconditionally 0 -> -1
2019-10-06 12:28:37,626 [pool-383-thread-1] INFO  server.RaftServerConfigKeys (ConfUtils.java:logGet(43)) - raft.server.snapshot.auto.trigger.enabled = true (custom)
2019-10-06 12:28:37,627 [pool-383-thread-1] INFO  server.RaftServerConfigKeys (ConfUtils.java:logGet(43)) - raft.server.snapshot.auto.trigger.threshold = 10000 (custom)
2019-10-06 12:28:37,627 [pool-383-thread-1] INFO  server.RaftServerConfigKeys (ConfUtils.java:logGet(43)) - raft.server.snapshot.retention.file.num = 5 (custom)
2019-10-06 12:28:37,627 [pool-383-thread-1] INFO  server.RaftServerConfigKeys (ConfUtils.java:logGet(43)) - raft.server.retrycache.expirytime = 600000ms (custom)
2019-10-06 12:28:37,629 [pool-383-thread-1] INFO  impl.RaftServerImpl (RaftServerImpl.java:start(181)) - b3aa2efe-c215-486c-85cb-46a7afc74637@group-E2F2BF5D83D6: start as a follower, conf=-1: [b3aa2efe-c215-486c-85cb-46a7afc74637:192.168.30.17:38324], old=null
2019-10-06 12:28:37,629 [pool-383-thread-1] INFO  impl.RaftServerImpl (RaftServerImpl.java:setRole(170)) - b3aa2efe-c215-486c-85cb-46a7afc74637@group-E2F2BF5D83D6: changes role from      null to FOLLOWER at term 0 for startAsFollower
2019-10-06 12:28:37,629 [pool-383-thread-1] INFO  impl.RoleInfo (RoleInfo.java:updateAndGet(143)) - b3aa2efe-c215-486c-85cb-46a7afc74637: start FollowerState
2019-10-06 12:28:37,630 [pool-383-thread-1] INFO  util.JmxRegister (JmxRegister.java:tryRegister(44)) - Successfully registered JMX Bean with object name Ratis:service=RaftServer,group=group-E2F2BF5D83D6,id=b3aa2efe-c215-486c-85cb-46a7afc74637
2019-10-06 12:28:37,639 [IPC Server handler 19 on 43973] INFO  net.NetworkTopology (NetworkTopologyImpl.java:add(111)) - Added a new node: /default-rack/a070c0c1-1714-4d75-902b-8f5ceeee5a66
2019-10-06 12:28:37,639 [IPC Server handler 19 on 43973] INFO  node.SCMNodeManager (SCMNodeManager.java:register(268)) - Registered Data node : a070c0c1-1714-4d75-902b-8f5ceeee5a66{ip: 192.168.30.17, host: ozone-build-dev-sjjt9-54166716, networkLocation: /default-rack, certSerialId: null}
2019-10-06 12:28:37,640 [RatisPipelineUtilsThread] INFO  pipeline.PipelineStateManager (PipelineStateManager.java:addPipeline(56)) - Created pipeline Pipeline[ Id: f6fe99bd-9993-4555-8964-e2f2bf5d83d6, Nodes: b3aa2efe-c215-486c-85cb-46a7afc74637{ip: 192.168.30.17, host: ozone-build-dev-sjjt9-54166716, networkLocation: /default-rack, certSerialId: null}, Type:RATIS, Factor:ONE, State:OPEN]
2019-10-06 12:28:37,649 [grpc-default-executor-5] INFO  impl.RaftServerProxy (RaftServerProxy.java:addNew(89)) - a070c0c1-1714-4d75-902b-8f5ceeee5a66: addNew group-8F99E5E2B29B:[a070c0c1-1714-4d75-902b-8f5ceeee5a66:192.168.30.17:35207] returns group-8F99E5E2B29B:java.util.concurrent.CompletableFuture@202ed23d[Not completed]
2019-10-06 12:28:37,650 [pool-393-thread-1] INFO  impl.RaftServerImpl (RaftServerImpl.java:<init>(95)) - a070c0c1-1714-4d75-902b-8f5ceeee5a66: new RaftServerImpl for group-8F99E5E2B29B:[a070c0c1-1714-4d75-902b-8f5ceeee5a66:192.168.30.17:35207] with ContainerStateMachine:uninitialized
2019-10-06 12:28:37,650 [pool-393-thread-1] INFO  server.RaftServerConfigKeys (ConfUtils.java:logGet(43)) - raft.server.rpc.timeout.min = 5s (custom)
2019-10-06 12:28:37,650 [pool-393-thread-1] INFO  server.RaftServerConfigKeys (ConfUtils.java:logGet(43)) - raft.server.rpc.timeout.max = 5200ms (custom)
2019-10-06 12:28:37,650 [pool-393-thread-1] INFO  server.RaftServerConfigKeys (ConfUtils.java:logGet(43)) - raft.server.rpcslowness.timeout = 120s (custom)
2019-10-06 12:28:37,650 [pool-393-thread-1] INFO  server.RaftServerConfigKeys (ConfUtils.java:logGet(43)) - raft.server.sleep.deviation.threshold = 300 (default)
2019-10-06 12:28:37,651 [pool-393-thread-1] INFO  server.RaftServerConfigKeys (ConfUtils.java:logGet(43)) - raft.server.log.appender.install.snapshot.enabled = false (custom)
2019-10-06 12:28:37,651 [pool-393-thread-1] INFO  impl.RaftServerImpl (ServerState.java:<init>(103)) - a070c0c1-1714-4d75-902b-8f5ceeee5a66@group-8F99E5E2B29B: ConfigurationManager, init=-1: [a070c0c1-1714-4d75-902b-8f5ceeee5a66:192.168.30.17:35207], old=null, confs=<EMPTY_MAP>
2019-10-06 12:28:37,651 [pool-393-thread-1] INFO  server.RaftServerConfigKeys (ConfUtils.java:logGet(43)) - raft.server.storage.dir = [/workdir/hadoop-ozone/integration-test/target/test-dir/MiniOzoneClusterImpl-e7816d2d-1792-413d-b8e2-b0f84706c98d/datanode-1/data/ratis] (custom)
2019-10-06 12:28:37,651 [pool-393-thread-1] INFO  server.RaftServerConfigKeys (ConfUtils.java:logGet(43)) - raft.server.log.corruption.policy = EXCEPTION (default)
2019-10-06 12:28:37,651 [pool-393-thread-1] INFO  storage.RaftStorageDirectory (RaftStorageDirectory.java:analyzeStorage(246)) - The storage directory /workdir/hadoop-ozone/integration-test/target/test-dir/MiniOzoneClusterImpl-e7816d2d-1792-413d-b8e2-b0f84706c98d/datanode-1/data/ratis/52d48ba0-5b92-42da-8fdb-8f99e5e2b29b does not exist. Creating ...
2019-10-06 12:28:37,664 [pool-393-thread-1] INFO  storage.RaftStorageDirectory (RaftStorageDirectory.java:tryLock(328)) - Lock on /workdir/hadoop-ozone/integration-test/target/test-dir/MiniOzoneClusterImpl-e7816d2d-1792-413d-b8e2-b0f84706c98d/datanode-1/data/ratis/52d48ba0-5b92-42da-8fdb-8f99e5e2b29b/in_use.lock acquired by nodename 11948@ozone-build-dev-sjjt9-54166716
2019-10-06 12:28:37,677 [pool-393-thread-1] INFO  storage.RaftStorage (RaftStorage.java:format(84)) - Storage directory /workdir/hadoop-ozone/integration-test/target/test-dir/MiniOzoneClusterImpl-e7816d2d-1792-413d-b8e2-b0f84706c98d/datanode-1/data/ratis/52d48ba0-5b92-42da-8fdb-8f99e5e2b29b has been successfully formatted.
2019-10-06 12:28:37,677 [pool-393-thread-1] INFO  ratis.ContainerStateMachine (ContainerStateMachine.java:loadSnapshot(230)) - group-8F99E5E2B29B: The snapshot info is null. Setting the last applied indexto:(t:0, i:~)
2019-10-06 12:28:37,677 [pool-393-thread-1] INFO  server.RaftServerConfigKeys (ConfUtils.java:logGet(43)) - raft.server.notification.no-leader.timeout = 120s (custom)
2019-10-06 12:28:37,677 [pool-393-thread-1] INFO  server.RaftServerConfigKeys (ConfUtils.java:logGet(43)) - raft.server.log.use.memory = false (default)
2019-10-06 12:28:37,678 [pool-393-thread-1] INFO  server.RaftServerConfigKeys (ConfUtils.java:logGet(43)) - raft.server.log.purge.gap = 1000000 (custom)
2019-10-06 12:28:37,678 [pool-393-thread-1] INFO  server.RaftServerConfigKeys (ConfUtils.java:logGet(43)) - raft.server.log.appender.buffer.byte-limit = 33554432 (custom)
2019-10-06 12:28:37,678 [pool-393-thread-1] INFO  server.RaftServerConfigKeys (ConfUtils.java:logGet(43)) - raft.server.log.segment.size.max = 1048576 (custom)
2019-10-06 12:28:37,679 [pool-393-thread-1] INFO  server.RaftServerConfigKeys (ConfUtils.java:logGet(43)) - raft.server.log.segment.cache.num.max = 2 (custom)
2019-10-06 12:28:37,680 [pool-393-thread-1] INFO  segmented.SegmentedRaftLogWorker (SegmentedRaftLogWorker.java:<init>(173)) - new a070c0c1-1714-4d75-902b-8f5ceeee5a66@group-8F99E5E2B29B-SegmentedRaftLogWorker for RaftStorage:Storage Directory /workdir/hadoop-ozone/integration-test/target/test-dir/MiniOzoneClusterImpl-e7816d2d-1792-413d-b8e2-b0f84706c98d/datanode-1/data/ratis/52d48ba0-5b92-42da-8fdb-8f99e5e2b29b
2019-10-06 12:28:37,680 [pool-393-thread-1] INFO  server.RaftServerConfigKeys (ConfUtils.java:logGet(43)) - raft.server.log.queue.byte-limit = 2147483647 (custom)
2019-10-06 12:28:37,680 [pool-393-thread-1] INFO  server.RaftServerConfigKeys (ConfUtils.java:logGet(43)) - raft.server.log.queue.element-limit = 1024 (custom)
2019-10-06 12:28:37,680 [pool-393-thread-1] INFO  server.RaftServerConfigKeys (ConfUtils.java:logGet(43)) - raft.server.log.segment.size.max = 1048576 (custom)
2019-10-06 12:28:37,680 [pool-393-thread-1] INFO  server.RaftServerConfigKeys (ConfUtils.java:logGet(43)) - raft.server.log.preallocated.size = 16384 (custom)
2019-10-06 12:28:37,680 [pool-393-thread-1] INFO  server.RaftServerConfigKeys (ConfUtils.java:logGet(43)) - raft.server.log.write.buffer.size = 33554432 (custom)
2019-10-06 12:28:37,680 [pool-393-thread-1] INFO  server.RaftServerConfigKeys (ConfUtils.java:logGet(43)) - raft.server.log.force.sync.num = 128 (default)
2019-10-06 12:28:37,680 [pool-393-thread-1] INFO  server.RaftServerConfigKeys (ConfUtils.java:logGet(43)) - raft.server.log.statemachine.data.sync = true (default)
2019-10-06 12:28:37,680 [pool-393-thread-1] INFO  server.RaftServerConfigKeys (ConfUtils.java:logGet(43)) - raft.server.log.statemachine.data.sync.timeout = 10s (default)
2019-10-06 12:28:37,681 [pool-393-thread-1] INFO  server.RaftServerConfigKeys (ConfUtils.java:logGet(43)) - raft.server.log.statemachine.data.sync.timeout.retry = -1 (default)
2019-10-06 12:28:37,681 [pool-393-thread-1] INFO  server.RaftServerConfigKeys (ConfUtils.java:logGet(43)) - raft.server.log.statemachine.data.caching.enabled = true (custom)
2019-10-06 12:28:37,681 [pool-393-thread-1] INFO  segmented.SegmentedRaftLogWorker (SegmentedRaftLogWorker.java:lambda$new$0(128)) - a070c0c1-1714-4d75-902b-8f5ceeee5a66@group-8F99E5E2B29B-SegmentedRaftLogWorker: flushIndex: setUnconditionally 0 -> -1
2019-10-06 12:28:37,681 [pool-393-thread-1] INFO  server.RaftServerConfigKeys (ConfUtils.java:logGet(43)) - raft.server.snapshot.auto.trigger.enabled = true (custom)
2019-10-06 12:28:37,682 [pool-393-thread-1] INFO  server.RaftServerConfigKeys (ConfUtils.java:logGet(43)) - raft.server.snapshot.auto.trigger.threshold = 10000 (custom)
2019-10-06 12:28:37,682 [pool-393-thread-1] INFO  server.RaftServerConfigKeys (ConfUtils.java:logGet(43)) - raft.server.snapshot.retention.file.num = 5 (custom)
2019-10-06 12:28:37,682 [pool-393-thread-1] INFO  server.RaftServerConfigKeys (ConfUtils.java:logGet(43)) - raft.server.retrycache.expirytime = 600000ms (custom)
2019-10-06 12:28:37,684 [pool-393-thread-1] INFO  impl.RaftServerImpl (RaftServerImpl.java:start(181)) - a070c0c1-1714-4d75-902b-8f5ceeee5a66@group-8F99E5E2B29B: start as a follower, conf=-1: [a070c0c1-1714-4d75-902b-8f5ceeee5a66:192.168.30.17:35207], old=null
2019-10-06 12:28:37,684 [pool-393-thread-1] INFO  impl.RaftServerImpl (RaftServerImpl.java:setRole(170)) - a070c0c1-1714-4d75-902b-8f5ceeee5a66@group-8F99E5E2B29B: changes role from      null to FOLLOWER at term 0 for startAsFollower
2019-10-06 12:28:37,684 [pool-393-thread-1] INFO  impl.RoleInfo (RoleInfo.java:updateAndGet(143)) - a070c0c1-1714-4d75-902b-8f5ceeee5a66: start FollowerState
2019-10-06 12:28:37,684 [pool-393-thread-1] INFO  util.JmxRegister (JmxRegister.java:tryRegister(44)) - Successfully registered JMX Bean with object name Ratis:service=RaftServer,group=group-8F99E5E2B29B,id=a070c0c1-1714-4d75-902b-8f5ceeee5a66
2019-10-06 12:28:37,692 [RatisPipelineUtilsThread] INFO  pipeline.PipelineStateManager (PipelineStateManager.java:addPipeline(56)) - Created pipeline Pipeline[ Id: 52d48ba0-5b92-42da-8fdb-8f99e5e2b29b, Nodes: a070c0c1-1714-4d75-902b-8f5ceeee5a66{ip: 192.168.30.17, host: ozone-build-dev-sjjt9-54166716, networkLocation: /default-rack, certSerialId: null}, Type:RATIS, Factor:ONE, State:OPEN]
2019-10-06 12:28:37,753 [IPC Server handler 0 on 43973] INFO  net.NetworkTopology (NetworkTopologyImpl.java:add(111)) - Added a new node: /default-rack/2ad9002a-c54c-4774-9ff5-f956718bcd7d
2019-10-06 12:28:37,753 [IPC Server handler 0 on 43973] INFO  node.SCMNodeManager (SCMNodeManager.java:register(268)) - Registered Data node : 2ad9002a-c54c-4774-9ff5-f956718bcd7d{ip: 192.168.30.17, host: ozone-build-dev-sjjt9-54166716, networkLocation: /default-rack, certSerialId: null}
2019-10-06 12:28:37,765 [grpc-default-executor-5] INFO  impl.RaftServerProxy (RaftServerProxy.java:addNew(89)) - 2ad9002a-c54c-4774-9ff5-f956718bcd7d: addNew group-A84C0E2FB30F:[2ad9002a-c54c-4774-9ff5-f956718bcd7d:192.168.30.17:46003] returns group-A84C0E2FB30F:java.util.concurrent.CompletableFuture@2334daa3[Not completed]
2019-10-06 12:28:37,767 [pool-403-thread-1] INFO  impl.RaftServerImpl (RaftServerImpl.java:<init>(95)) - 2ad9002a-c54c-4774-9ff5-f956718bcd7d: new RaftServerImpl for group-A84C0E2FB30F:[2ad9002a-c54c-4774-9ff5-f956718bcd7d:192.168.30.17:46003] with ContainerStateMachine:uninitialized
2019-10-06 12:28:37,767 [pool-403-thread-1] INFO  server.RaftServerConfigKeys (ConfUtils.java:logGet(43)) - raft.server.rpc.timeout.min = 5s (custom)
2019-10-06 12:28:37,767 [pool-403-thread-1] INFO  server.RaftServerConfigKeys (ConfUtils.java:logGet(43)) - raft.server.rpc.timeout.max = 5200ms (custom)
2019-10-06 12:28:37,767 [pool-403-thread-1] INFO  server.RaftServerConfigKeys (ConfUtils.java:logGet(43)) - raft.server.rpcslowness.timeout = 120s (custom)
2019-10-06 12:28:37,767 [pool-403-thread-1] INFO  server.RaftServerConfigKeys (ConfUtils.java:logGet(43)) - raft.server.sleep.deviation.threshold = 300 (default)
2019-10-06 12:28:37,767 [pool-403-thread-1] INFO  server.RaftServerConfigKeys (ConfUtils.java:logGet(43)) - raft.server.log.appender.install.snapshot.enabled = false (custom)
2019-10-06 12:28:37,768 [pool-403-thread-1] INFO  impl.RaftServerImpl (ServerState.java:<init>(103)) - 2ad9002a-c54c-4774-9ff5-f956718bcd7d@group-A84C0E2FB30F: ConfigurationManager, init=-1: [2ad9002a-c54c-4774-9ff5-f956718bcd7d:192.168.30.17:46003], old=null, confs=<EMPTY_MAP>
2019-10-06 12:28:37,768 [pool-403-thread-1] INFO  server.RaftServerConfigKeys (ConfUtils.java:logGet(43)) - raft.server.storage.dir = [/workdir/hadoop-ozone/integration-test/target/test-dir/MiniOzoneClusterImpl-e7816d2d-1792-413d-b8e2-b0f84706c98d/datanode-2/data/ratis] (custom)
2019-10-06 12:28:37,768 [pool-403-thread-1] INFO  server.RaftServerConfigKeys (ConfUtils.java:logGet(43)) - raft.server.log.corruption.policy = EXCEPTION (default)
2019-10-06 12:28:37,768 [pool-403-thread-1] INFO  storage.RaftStorageDirectory (RaftStorageDirectory.java:analyzeStorage(246)) - The storage directory /workdir/hadoop-ozone/integration-test/target/test-dir/MiniOzoneClusterImpl-e7816d2d-1792-413d-b8e2-b0f84706c98d/datanode-2/data/ratis/1c697e66-c375-418d-aad0-a84c0e2fb30f does not exist. Creating ...
2019-10-06 12:28:37,781 [pool-403-thread-1] INFO  storage.RaftStorageDirectory (RaftStorageDirectory.java:tryLock(328)) - Lock on /workdir/hadoop-ozone/integration-test/target/test-dir/MiniOzoneClusterImpl-e7816d2d-1792-413d-b8e2-b0f84706c98d/datanode-2/data/ratis/1c697e66-c375-418d-aad0-a84c0e2fb30f/in_use.lock acquired by nodename 11948@ozone-build-dev-sjjt9-54166716
2019-10-06 12:28:37,793 [pool-403-thread-1] INFO  storage.RaftStorage (RaftStorage.java:format(84)) - Storage directory /workdir/hadoop-ozone/integration-test/target/test-dir/MiniOzoneClusterImpl-e7816d2d-1792-413d-b8e2-b0f84706c98d/datanode-2/data/ratis/1c697e66-c375-418d-aad0-a84c0e2fb30f has been successfully formatted.
2019-10-06 12:28:37,793 [pool-403-thread-1] INFO  ratis.ContainerStateMachine (ContainerStateMachine.java:loadSnapshot(230)) - group-A84C0E2FB30F: The snapshot info is null. Setting the last applied indexto:(t:0, i:~)
2019-10-06 12:28:37,794 [pool-403-thread-1] INFO  server.RaftServerConfigKeys (ConfUtils.java:logGet(43)) - raft.server.notification.no-leader.timeout = 120s (custom)
2019-10-06 12:28:37,794 [pool-403-thread-1] INFO  server.RaftServerConfigKeys (ConfUtils.java:logGet(43)) - raft.server.log.use.memory = false (default)
2019-10-06 12:28:37,794 [pool-403-thread-1] INFO  server.RaftServerConfigKeys (ConfUtils.java:logGet(43)) - raft.server.log.purge.gap = 1000000 (custom)
2019-10-06 12:28:37,794 [pool-403-thread-1] INFO  server.RaftServerConfigKeys (ConfUtils.java:logGet(43)) - raft.server.log.appender.buffer.byte-limit = 33554432 (custom)
2019-10-06 12:28:37,794 [pool-403-thread-1] INFO  server.RaftServerConfigKeys (ConfUtils.java:logGet(43)) - raft.server.log.segment.size.max = 1048576 (custom)
2019-10-06 12:28:37,796 [pool-403-thread-1] INFO  server.RaftServerConfigKeys (ConfUtils.java:logGet(43)) - raft.server.log.segment.cache.num.max = 2 (custom)
2019-10-06 12:28:37,796 [pool-403-thread-1] INFO  segmented.SegmentedRaftLogWorker (SegmentedRaftLogWorker.java:<init>(173)) - new 2ad9002a-c54c-4774-9ff5-f956718bcd7d@group-A84C0E2FB30F-SegmentedRaftLogWorker for RaftStorage:Storage Directory /workdir/hadoop-ozone/integration-test/target/test-dir/MiniOzoneClusterImpl-e7816d2d-1792-413d-b8e2-b0f84706c98d/datanode-2/data/ratis/1c697e66-c375-418d-aad0-a84c0e2fb30f
2019-10-06 12:28:37,796 [pool-403-thread-1] INFO  server.RaftServerConfigKeys (ConfUtils.java:logGet(43)) - raft.server.log.queue.byte-limit = 2147483647 (custom)
2019-10-06 12:28:37,796 [pool-403-thread-1] INFO  server.RaftServerConfigKeys (ConfUtils.java:logGet(43)) - raft.server.log.queue.element-limit = 1024 (custom)
2019-10-06 12:28:37,797 [pool-403-thread-1] INFO  server.RaftServerConfigKeys (ConfUtils.java:logGet(43)) - raft.server.log.segment.size.max = 1048576 (custom)
2019-10-06 12:28:37,797 [pool-403-thread-1] INFO  server.RaftServerConfigKeys (ConfUtils.java:logGet(43)) - raft.server.log.preallocated.size = 16384 (custom)
2019-10-06 12:28:37,797 [pool-403-thread-1] INFO  server.RaftServerConfigKeys (ConfUtils.java:logGet(43)) - raft.server.log.write.buffer.size = 33554432 (custom)
2019-10-06 12:28:37,797 [pool-403-thread-1] INFO  server.RaftServerConfigKeys (ConfUtils.java:logGet(43)) - raft.server.log.force.sync.num = 128 (default)
2019-10-06 12:28:37,797 [pool-403-thread-1] INFO  server.RaftServerConfigKeys (ConfUtils.java:logGet(43)) - raft.server.log.statemachine.data.sync = true (default)
2019-10-06 12:28:37,797 [pool-403-thread-1] INFO  server.RaftServerConfigKeys (ConfUtils.java:logGet(43)) - raft.server.log.statemachine.data.sync.timeout = 10s (default)
2019-10-06 12:28:37,797 [pool-403-thread-1] INFO  server.RaftServerConfigKeys (ConfUtils.java:logGet(43)) - raft.server.log.statemachine.data.sync.timeout.retry = -1 (default)
2019-10-06 12:28:37,798 [pool-403-thread-1] INFO  server.RaftServerConfigKeys (ConfUtils.java:logGet(43)) - raft.server.log.statemachine.data.caching.enabled = true (custom)
2019-10-06 12:28:37,798 [pool-403-thread-1] INFO  segmented.SegmentedRaftLogWorker (SegmentedRaftLogWorker.java:lambda$new$0(128)) - 2ad9002a-c54c-4774-9ff5-f956718bcd7d@group-A84C0E2FB30F-SegmentedRaftLogWorker: flushIndex: setUnconditionally 0 -> -1
2019-10-06 12:28:37,799 [pool-403-thread-1] INFO  server.RaftServerConfigKeys (ConfUtils.java:logGet(43)) - raft.server.snapshot.auto.trigger.enabled = true (custom)
2019-10-06 12:28:37,799 [pool-403-thread-1] INFO  server.RaftServerConfigKeys (ConfUtils.java:logGet(43)) - raft.server.snapshot.auto.trigger.threshold = 10000 (custom)
2019-10-06 12:28:37,799 [pool-403-thread-1] INFO  server.RaftServerConfigKeys (ConfUtils.java:logGet(43)) - raft.server.snapshot.retention.file.num = 5 (custom)
2019-10-06 12:28:37,799 [pool-403-thread-1] INFO  server.RaftServerConfigKeys (ConfUtils.java:logGet(43)) - raft.server.retrycache.expirytime = 600000ms (custom)
2019-10-06 12:28:37,801 [pool-403-thread-1] INFO  impl.RaftServerImpl (RaftServerImpl.java:start(181)) - 2ad9002a-c54c-4774-9ff5-f956718bcd7d@group-A84C0E2FB30F: start as a follower, conf=-1: [2ad9002a-c54c-4774-9ff5-f956718bcd7d:192.168.30.17:46003], old=null
2019-10-06 12:28:37,801 [pool-403-thread-1] INFO  impl.RaftServerImpl (RaftServerImpl.java:setRole(170)) - 2ad9002a-c54c-4774-9ff5-f956718bcd7d@group-A84C0E2FB30F: changes role from      null to FOLLOWER at term 0 for startAsFollower
2019-10-06 12:28:37,801 [pool-403-thread-1] INFO  impl.RoleInfo (RoleInfo.java:updateAndGet(143)) - 2ad9002a-c54c-4774-9ff5-f956718bcd7d: start FollowerState
2019-10-06 12:28:37,802 [pool-403-thread-1] INFO  util.JmxRegister (JmxRegister.java:tryRegister(44)) - Successfully registered JMX Bean with object name Ratis:service=RaftServer,group=group-A84C0E2FB30F,id=2ad9002a-c54c-4774-9ff5-f956718bcd7d
2019-10-06 12:28:37,810 [RatisPipelineUtilsThread] INFO  pipeline.PipelineStateManager (PipelineStateManager.java:addPipeline(56)) - Created pipeline Pipeline[ Id: 1c697e66-c375-418d-aad0-a84c0e2fb30f, Nodes: 2ad9002a-c54c-4774-9ff5-f956718bcd7d{ip: 192.168.30.17, host: ozone-build-dev-sjjt9-54166716, networkLocation: /default-rack, certSerialId: null}, Type:RATIS, Factor:ONE, State:OPEN]
2019-10-06 12:28:37,822 [grpc-default-executor-4] INFO  impl.RaftServerProxy (RaftServerProxy.java:addNew(89)) - 2ad9002a-c54c-4774-9ff5-f956718bcd7d: addNew group-65FBC4A74D7A:[2ad9002a-c54c-4774-9ff5-f956718bcd7d:192.168.30.17:46003, b3aa2efe-c215-486c-85cb-46a7afc74637:192.168.30.17:38324, a070c0c1-1714-4d75-902b-8f5ceeee5a66:192.168.30.17:35207] returns group-65FBC4A74D7A:java.util.concurrent.CompletableFuture@52804193[Not completed]
2019-10-06 12:28:37,822 [grpc-default-executor-3] INFO  impl.RaftServerProxy (RaftServerProxy.java:addNew(89)) - a070c0c1-1714-4d75-902b-8f5ceeee5a66: addNew group-65FBC4A74D7A:[2ad9002a-c54c-4774-9ff5-f956718bcd7d:192.168.30.17:46003, b3aa2efe-c215-486c-85cb-46a7afc74637:192.168.30.17:38324, a070c0c1-1714-4d75-902b-8f5ceeee5a66:192.168.30.17:35207] returns group-65FBC4A74D7A:java.util.concurrent.CompletableFuture@19d129fd[Not completed]
2019-10-06 12:28:37,823 [grpc-default-executor-3] INFO  impl.RaftServerProxy (RaftServerProxy.java:addNew(89)) - b3aa2efe-c215-486c-85cb-46a7afc74637: addNew group-65FBC4A74D7A:[2ad9002a-c54c-4774-9ff5-f956718bcd7d:192.168.30.17:46003, b3aa2efe-c215-486c-85cb-46a7afc74637:192.168.30.17:38324, a070c0c1-1714-4d75-902b-8f5ceeee5a66:192.168.30.17:35207] returns group-65FBC4A74D7A:java.util.concurrent.CompletableFuture@6b0238d0[Not completed]
2019-10-06 12:28:37,824 [pool-403-thread-1] INFO  impl.RaftServerImpl (RaftServerImpl.java:<init>(95)) - 2ad9002a-c54c-4774-9ff5-f956718bcd7d: new RaftServerImpl for group-65FBC4A74D7A:[2ad9002a-c54c-4774-9ff5-f956718bcd7d:192.168.30.17:46003, b3aa2efe-c215-486c-85cb-46a7afc74637:192.168.30.17:38324, a070c0c1-1714-4d75-902b-8f5ceeee5a66:192.168.30.17:35207] with ContainerStateMachine:uninitialized
2019-10-06 12:28:37,824 [pool-403-thread-1] INFO  server.RaftServerConfigKeys (ConfUtils.java:logGet(43)) - raft.server.rpc.timeout.min = 5s (custom)
2019-10-06 12:28:37,824 [pool-403-thread-1] INFO  server.RaftServerConfigKeys (ConfUtils.java:logGet(43)) - raft.server.rpc.timeout.max = 5200ms (custom)
2019-10-06 12:28:37,824 [pool-403-thread-1] INFO  server.RaftServerConfigKeys (ConfUtils.java:logGet(43)) - raft.server.rpcslowness.timeout = 120s (custom)
2019-10-06 12:28:37,825 [pool-403-thread-1] INFO  server.RaftServerConfigKeys (ConfUtils.java:logGet(43)) - raft.server.sleep.deviation.threshold = 300 (default)
2019-10-06 12:28:37,825 [pool-403-thread-1] INFO  server.RaftServerConfigKeys (ConfUtils.java:logGet(43)) - raft.server.log.appender.install.snapshot.enabled = false (custom)
2019-10-06 12:28:37,825 [pool-383-thread-1] INFO  impl.RaftServerImpl (RaftServerImpl.java:<init>(95)) - b3aa2efe-c215-486c-85cb-46a7afc74637: new RaftServerImpl for group-65FBC4A74D7A:[2ad9002a-c54c-4774-9ff5-f956718bcd7d:192.168.30.17:46003, b3aa2efe-c215-486c-85cb-46a7afc74637:192.168.30.17:38324, a070c0c1-1714-4d75-902b-8f5ceeee5a66:192.168.30.17:35207] with ContainerStateMachine:uninitialized
2019-10-06 12:28:37,825 [pool-403-thread-1] INFO  impl.RaftServerImpl (ServerState.java:<init>(103)) - 2ad9002a-c54c-4774-9ff5-f956718bcd7d@group-65FBC4A74D7A: ConfigurationManager, init=-1: [2ad9002a-c54c-4774-9ff5-f956718bcd7d:192.168.30.17:46003, b3aa2efe-c215-486c-85cb-46a7afc74637:192.168.30.17:38324, a070c0c1-1714-4d75-902b-8f5ceeee5a66:192.168.30.17:35207], old=null, confs=<EMPTY_MAP>
2019-10-06 12:28:37,825 [pool-383-thread-1] INFO  server.RaftServerConfigKeys (ConfUtils.java:logGet(43)) - raft.server.rpc.timeout.min = 5s (custom)
2019-10-06 12:28:37,825 [pool-403-thread-1] INFO  server.RaftServerConfigKeys (ConfUtils.java:logGet(43)) - raft.server.storage.dir = [/workdir/hadoop-ozone/integration-test/target/test-dir/MiniOzoneClusterImpl-e7816d2d-1792-413d-b8e2-b0f84706c98d/datanode-2/data/ratis] (custom)
2019-10-06 12:28:37,825 [pool-393-thread-1] INFO  impl.RaftServerImpl (RaftServerImpl.java:<init>(95)) - a070c0c1-1714-4d75-902b-8f5ceeee5a66: new RaftServerImpl for group-65FBC4A74D7A:[2ad9002a-c54c-4774-9ff5-f956718bcd7d:192.168.30.17:46003, b3aa2efe-c215-486c-85cb-46a7afc74637:192.168.30.17:38324, a070c0c1-1714-4d75-902b-8f5ceeee5a66:192.168.30.17:35207] with ContainerStateMachine:uninitialized
2019-10-06 12:28:37,825 [pool-383-thread-1] INFO  server.RaftServerConfigKeys (ConfUtils.java:logGet(43)) - raft.server.rpc.timeout.max = 5200ms (custom)
2019-10-06 12:28:37,825 [pool-403-thread-1] INFO  server.RaftServerConfigKeys (ConfUtils.java:logGet(43)) - raft.server.log.corruption.policy = EXCEPTION (default)
2019-10-06 12:28:37,825 [pool-393-thread-1] INFO  server.RaftServerConfigKeys (ConfUtils.java:logGet(43)) - raft.server.rpc.timeout.min = 5s (custom)
2019-10-06 12:28:37,826 [pool-403-thread-1] INFO  storage.RaftStorageDirectory (RaftStorageDirectory.java:analyzeStorage(246)) - The storage directory /workdir/hadoop-ozone/integration-test/target/test-dir/MiniOzoneClusterImpl-e7816d2d-1792-413d-b8e2-b0f84706c98d/datanode-2/data/ratis/8252435d-6e4d-4c6b-849b-65fbc4a74d7a does not exist. Creating ...
2019-10-06 12:28:37,826 [pool-383-thread-1] INFO  server.RaftServerConfigKeys (ConfUtils.java:logGet(43)) - raft.server.rpcslowness.timeout = 120s (custom)
2019-10-06 12:28:37,826 [pool-393-thread-1] INFO  server.RaftServerConfigKeys (ConfUtils.java:logGet(43)) - raft.server.rpc.timeout.max = 5200ms (custom)
2019-10-06 12:28:37,826 [pool-383-thread-1] INFO  server.RaftServerConfigKeys (ConfUtils.java:logGet(43)) - raft.server.sleep.deviation.threshold = 300 (default)
2019-10-06 12:28:37,826 [pool-393-thread-1] INFO  server.RaftServerConfigKeys (ConfUtils.java:logGet(43)) - raft.server.rpcslowness.timeout = 120s (custom)
2019-10-06 12:28:37,826 [pool-383-thread-1] INFO  server.RaftServerConfigKeys (ConfUtils.java:logGet(43)) - raft.server.log.appender.install.snapshot.enabled = false (custom)
2019-10-06 12:28:37,826 [pool-393-thread-1] INFO  server.RaftServerConfigKeys (ConfUtils.java:logGet(43)) - raft.server.sleep.deviation.threshold = 300 (default)
2019-10-06 12:28:37,827 [pool-383-thread-1] INFO  impl.RaftServerImpl (ServerState.java:<init>(103)) - b3aa2efe-c215-486c-85cb-46a7afc74637@group-65FBC4A74D7A: ConfigurationManager, init=-1: [2ad9002a-c54c-4774-9ff5-f956718bcd7d:192.168.30.17:46003, b3aa2efe-c215-486c-85cb-46a7afc74637:192.168.30.17:38324, a070c0c1-1714-4d75-902b-8f5ceeee5a66:192.168.30.17:35207], old=null, confs=<EMPTY_MAP>
2019-10-06 12:28:37,827 [pool-393-thread-1] INFO  server.RaftServerConfigKeys (ConfUtils.java:logGet(43)) - raft.server.log.appender.install.snapshot.enabled = false (custom)
2019-10-06 12:28:37,827 [pool-383-thread-1] INFO  server.RaftServerConfigKeys (ConfUtils.java:logGet(43)) - raft.server.storage.dir = [/workdir/hadoop-ozone/integration-test/target/test-dir/MiniOzoneClusterImpl-e7816d2d-1792-413d-b8e2-b0f84706c98d/datanode-0/data/ratis] (custom)
2019-10-06 12:28:37,827 [pool-393-thread-1] INFO  impl.RaftServerImpl (ServerState.java:<init>(103)) - a070c0c1-1714-4d75-902b-8f5ceeee5a66@group-65FBC4A74D7A: ConfigurationManager, init=-1: [2ad9002a-c54c-4774-9ff5-f956718bcd7d:192.168.30.17:46003, b3aa2efe-c215-486c-85cb-46a7afc74637:192.168.30.17:38324, a070c0c1-1714-4d75-902b-8f5ceeee5a66:192.168.30.17:35207], old=null, confs=<EMPTY_MAP>
2019-10-06 12:28:37,827 [pool-383-thread-1] INFO  server.RaftServerConfigKeys (ConfUtils.java:logGet(43)) - raft.server.log.corruption.policy = EXCEPTION (default)
2019-10-06 12:28:37,827 [pool-393-thread-1] INFO  server.RaftServerConfigKeys (ConfUtils.java:logGet(43)) - raft.server.storage.dir = [/workdir/hadoop-ozone/integration-test/target/test-dir/MiniOzoneClusterImpl-e7816d2d-1792-413d-b8e2-b0f84706c98d/datanode-1/data/ratis] (custom)
2019-10-06 12:28:37,828 [pool-383-thread-1] INFO  storage.RaftStorageDirectory (RaftStorageDirectory.java:analyzeStorage(246)) - The storage directory /workdir/hadoop-ozone/integration-test/target/test-dir/MiniOzoneClusterImpl-e7816d2d-1792-413d-b8e2-b0f84706c98d/datanode-0/data/ratis/8252435d-6e4d-4c6b-849b-65fbc4a74d7a does not exist. Creating ...
2019-10-06 12:28:37,828 [pool-393-thread-1] INFO  server.RaftServerConfigKeys (ConfUtils.java:logGet(43)) - raft.server.log.corruption.policy = EXCEPTION (default)
2019-10-06 12:28:37,828 [pool-393-thread-1] INFO  storage.RaftStorageDirectory (RaftStorageDirectory.java:analyzeStorage(246)) - The storage directory /workdir/hadoop-ozone/integration-test/target/test-dir/MiniOzoneClusterImpl-e7816d2d-1792-413d-b8e2-b0f84706c98d/datanode-1/data/ratis/8252435d-6e4d-4c6b-849b-65fbc4a74d7a does not exist. Creating ...
2019-10-06 12:28:37,839 [pool-403-thread-1] INFO  storage.RaftStorageDirectory (RaftStorageDirectory.java:tryLock(328)) - Lock on /workdir/hadoop-ozone/integration-test/target/test-dir/MiniOzoneClusterImpl-e7816d2d-1792-413d-b8e2-b0f84706c98d/datanode-2/data/ratis/8252435d-6e4d-4c6b-849b-65fbc4a74d7a/in_use.lock acquired by nodename 11948@ozone-build-dev-sjjt9-54166716
2019-10-06 12:28:37,839 [pool-393-thread-1] INFO  storage.RaftStorageDirectory (RaftStorageDirectory.java:tryLock(328)) - Lock on /workdir/hadoop-ozone/integration-test/target/test-dir/MiniOzoneClusterImpl-e7816d2d-1792-413d-b8e2-b0f84706c98d/datanode-1/data/ratis/8252435d-6e4d-4c6b-849b-65fbc4a74d7a/in_use.lock acquired by nodename 11948@ozone-build-dev-sjjt9-54166716
2019-10-06 12:28:37,839 [pool-383-thread-1] INFO  storage.RaftStorageDirectory (RaftStorageDirectory.java:tryLock(328)) - Lock on /workdir/hadoop-ozone/integration-test/target/test-dir/MiniOzoneClusterImpl-e7816d2d-1792-413d-b8e2-b0f84706c98d/datanode-0/data/ratis/8252435d-6e4d-4c6b-849b-65fbc4a74d7a/in_use.lock acquired by nodename 11948@ozone-build-dev-sjjt9-54166716
2019-10-06 12:28:37,844 [IPC Server handler 2 on 43973] INFO  net.NetworkTopology (NetworkTopologyImpl.java:add(111)) - Added a new node: /default-rack/0e669c8c-9fd7-46ff-aa08-d0c72283c21b
2019-10-06 12:28:37,844 [IPC Server handler 2 on 43973] INFO  node.SCMNodeManager (SCMNodeManager.java:register(268)) - Registered Data node : 0e669c8c-9fd7-46ff-aa08-d0c72283c21b{ip: 192.168.30.17, host: ozone-build-dev-sjjt9-54166716, networkLocation: /default-rack, certSerialId: null}
2019-10-06 12:28:37,853 [pool-403-thread-1] INFO  storage.RaftStorage (RaftStorage.java:format(84)) - Storage directory /workdir/hadoop-ozone/integration-test/target/test-dir/MiniOzoneClusterImpl-e7816d2d-1792-413d-b8e2-b0f84706c98d/datanode-2/data/ratis/8252435d-6e4d-4c6b-849b-65fbc4a74d7a has been successfully formatted.
2019-10-06 12:28:37,853 [pool-383-thread-1] INFO  storage.RaftStorage (RaftStorage.java:format(84)) - Storage directory /workdir/hadoop-ozone/integration-test/target/test-dir/MiniOzoneClusterImpl-e7816d2d-1792-413d-b8e2-b0f84706c98d/datanode-0/data/ratis/8252435d-6e4d-4c6b-849b-65fbc4a74d7a has been successfully formatted.
2019-10-06 12:28:37,853 [pool-393-thread-1] INFO  storage.RaftStorage (RaftStorage.java:format(84)) - Storage directory /workdir/hadoop-ozone/integration-test/target/test-dir/MiniOzoneClusterImpl-e7816d2d-1792-413d-b8e2-b0f84706c98d/datanode-1/data/ratis/8252435d-6e4d-4c6b-849b-65fbc4a74d7a has been successfully formatted.
2019-10-06 12:28:37,853 [pool-383-thread-1] INFO  ratis.ContainerStateMachine (ContainerStateMachine.java:loadSnapshot(230)) - group-65FBC4A74D7A: The snapshot info is null. Setting the last applied indexto:(t:0, i:~)
2019-10-06 12:28:37,853 [pool-403-thread-1] INFO  ratis.ContainerStateMachine (ContainerStateMachine.java:loadSnapshot(230)) - group-65FBC4A74D7A: The snapshot info is null. Setting the last applied indexto:(t:0, i:~)
2019-10-06 12:28:37,854 [pool-383-thread-1] INFO  server.RaftServerConfigKeys (ConfUtils.java:logGet(43)) - raft.server.notification.no-leader.timeout = 120s (custom)
2019-10-06 12:28:37,854 [pool-393-thread-1] INFO  ratis.ContainerStateMachine (ContainerStateMachine.java:loadSnapshot(230)) - group-65FBC4A74D7A: The snapshot info is null. Setting the last applied indexto:(t:0, i:~)
2019-10-06 12:28:37,854 [pool-383-thread-1] INFO  server.RaftServerConfigKeys (ConfUtils.java:logGet(43)) - raft.server.log.use.memory = false (default)
2019-10-06 12:28:37,854 [pool-403-thread-1] INFO  server.RaftServerConfigKeys (ConfUtils.java:logGet(43)) - raft.server.notification.no-leader.timeout = 120s (custom)
2019-10-06 12:28:37,854 [pool-383-thread-1] INFO  server.RaftServerConfigKeys (ConfUtils.java:logGet(43)) - raft.server.log.purge.gap = 1000000 (custom)
2019-10-06 12:28:37,854 [pool-393-thread-1] INFO  server.RaftServerConfigKeys (ConfUtils.java:logGet(43)) - raft.server.notification.no-leader.timeout = 120s (custom)
2019-10-06 12:28:37,854 [pool-383-thread-1] INFO  server.RaftServerConfigKeys (ConfUtils.java:logGet(43)) - raft.server.log.appender.buffer.byte-limit = 33554432 (custom)
2019-10-06 12:28:37,854 [pool-403-thread-1] INFO  server.RaftServerConfigKeys (ConfUtils.java:logGet(43)) - raft.server.log.use.memory = false (default)
2019-10-06 12:28:37,855 [pool-383-thread-1] INFO  server.RaftServerConfigKeys (ConfUtils.java:logGet(43)) - raft.server.log.segment.size.max = 1048576 (custom)
2019-10-06 12:28:37,855 [pool-393-thread-1] INFO  server.RaftServerConfigKeys (ConfUtils.java:logGet(43)) - raft.server.log.use.memory = false (default)
2019-10-06 12:28:37,855 [pool-383-thread-1] INFO  server.RaftServerConfigKeys (ConfUtils.java:logGet(43)) - raft.server.log.segment.cache.num.max = 2 (custom)
2019-10-06 12:28:37,855 [pool-403-thread-1] INFO  server.RaftServerConfigKeys (ConfUtils.java:logGet(43)) - raft.server.log.purge.gap = 1000000 (custom)
2019-10-06 12:28:37,855 [pool-383-thread-1] INFO  segmented.SegmentedRaftLogWorker (SegmentedRaftLogWorker.java:<init>(173)) - new b3aa2efe-c215-486c-85cb-46a7afc74637@group-65FBC4A74D7A-SegmentedRaftLogWorker for RaftStorage:Storage Directory /workdir/hadoop-ozone/integration-test/target/test-dir/MiniOzoneClusterImpl-e7816d2d-1792-413d-b8e2-b0f84706c98d/datanode-0/data/ratis/8252435d-6e4d-4c6b-849b-65fbc4a74d7a
2019-10-06 12:28:37,855 [pool-393-thread-1] INFO  server.RaftServerConfigKeys (ConfUtils.java:logGet(43)) - raft.server.log.purge.gap = 1000000 (custom)
2019-10-06 12:28:37,855 [pool-383-thread-1] INFO  server.RaftServerConfigKeys (ConfUtils.java:logGet(43)) - raft.server.log.queue.byte-limit = 2147483647 (custom)
2019-10-06 12:28:37,855 [pool-403-thread-1] INFO  server.RaftServerConfigKeys (ConfUtils.java:logGet(43)) - raft.server.log.appender.buffer.byte-limit = 33554432 (custom)
2019-10-06 12:28:37,856 [pool-383-thread-1] INFO  server.RaftServerConfigKeys (ConfUtils.java:logGet(43)) - raft.server.log.queue.element-limit = 1024 (custom)
2019-10-06 12:28:37,856 [pool-393-thread-1] INFO  server.RaftServerConfigKeys (ConfUtils.java:logGet(43)) - raft.server.log.appender.buffer.byte-limit = 33554432 (custom)
2019-10-06 12:28:37,856 [pool-383-thread-1] INFO  server.RaftServerConfigKeys (ConfUtils.java:logGet(43)) - raft.server.log.segment.size.max = 1048576 (custom)
2019-10-06 12:28:37,856 [pool-383-thread-1] INFO  server.RaftServerConfigKeys (ConfUtils.java:logGet(43)) - raft.server.log.preallocated.size = 16384 (custom)
2019-10-06 12:28:37,856 [pool-403-thread-1] INFO  server.RaftServerConfigKeys (ConfUtils.java:logGet(43)) - raft.server.log.segment.size.max = 1048576 (custom)
2019-10-06 12:28:37,856 [pool-383-thread-1] INFO  server.RaftServerConfigKeys (ConfUtils.java:logGet(43)) - raft.server.log.write.buffer.size = 33554432 (custom)
2019-10-06 12:28:37,856 [pool-393-thread-1] INFO  server.RaftServerConfigKeys (ConfUtils.java:logGet(43)) - raft.server.log.segment.size.max = 1048576 (custom)
2019-10-06 12:28:37,857 [pool-383-thread-1] INFO  server.RaftServerConfigKeys (ConfUtils.java:logGet(43)) - raft.server.log.force.sync.num = 128 (default)
2019-10-06 12:28:37,857 [pool-383-thread-1] INFO  server.RaftServerConfigKeys (ConfUtils.java:logGet(43)) - raft.server.log.statemachine.data.sync = true (default)
2019-10-06 12:28:37,856 [pool-403-thread-1] INFO  server.RaftServerConfigKeys (ConfUtils.java:logGet(43)) - raft.server.log.segment.cache.num.max = 2 (custom)
2019-10-06 12:28:37,857 [pool-383-thread-1] INFO  server.RaftServerConfigKeys (ConfUtils.java:logGet(43)) - raft.server.log.statemachine.data.sync.timeout = 10s (default)
2019-10-06 12:28:37,857 [pool-383-thread-1] INFO  server.RaftServerConfigKeys (ConfUtils.java:logGet(43)) - raft.server.log.statemachine.data.sync.timeout.retry = -1 (default)
2019-10-06 12:28:37,857 [pool-393-thread-1] INFO  server.RaftServerConfigKeys (ConfUtils.java:logGet(43)) - raft.server.log.segment.cache.num.max = 2 (custom)
2019-10-06 12:28:37,857 [pool-383-thread-1] INFO  server.RaftServerConfigKeys (ConfUtils.java:logGet(43)) - raft.server.log.statemachine.data.caching.enabled = true (custom)
2019-10-06 12:28:37,857 [pool-403-thread-1] INFO  segmented.SegmentedRaftLogWorker (SegmentedRaftLogWorker.java:<init>(173)) - new 2ad9002a-c54c-4774-9ff5-f956718bcd7d@group-65FBC4A74D7A-SegmentedRaftLogWorker for RaftStorage:Storage Directory /workdir/hadoop-ozone/integration-test/target/test-dir/MiniOzoneClusterImpl-e7816d2d-1792-413d-b8e2-b0f84706c98d/datanode-2/data/ratis/8252435d-6e4d-4c6b-849b-65fbc4a74d7a
2019-10-06 12:28:37,858 [pool-383-thread-1] INFO  segmented.SegmentedRaftLogWorker (SegmentedRaftLogWorker.java:lambda$new$0(128)) - b3aa2efe-c215-486c-85cb-46a7afc74637@group-65FBC4A74D7A-SegmentedRaftLogWorker: flushIndex: setUnconditionally 0 -> -1
2019-10-06 12:28:37,858 [pool-403-thread-1] INFO  server.RaftServerConfigKeys (ConfUtils.java:logGet(43)) - raft.server.log.queue.byte-limit = 2147483647 (custom)
2019-10-06 12:28:37,857 [pool-393-thread-1] INFO  segmented.SegmentedRaftLogWorker (SegmentedRaftLogWorker.java:<init>(173)) - new a070c0c1-1714-4d75-902b-8f5ceeee5a66@group-65FBC4A74D7A-SegmentedRaftLogWorker for RaftStorage:Storage Directory /workdir/hadoop-ozone/integration-test/target/test-dir/MiniOzoneClusterImpl-e7816d2d-1792-413d-b8e2-b0f84706c98d/datanode-1/data/ratis/8252435d-6e4d-4c6b-849b-65fbc4a74d7a
2019-10-06 12:28:37,858 [pool-383-thread-1] INFO  server.RaftServerConfigKeys (ConfUtils.java:logGet(43)) - raft.server.snapshot.auto.trigger.enabled = true (custom)
2019-10-06 12:28:37,858 [pool-403-thread-1] INFO  server.RaftServerConfigKeys (ConfUtils.java:logGet(43)) - raft.server.log.queue.element-limit = 1024 (custom)
2019-10-06 12:28:37,858 [pool-383-thread-1] INFO  server.RaftServerConfigKeys (ConfUtils.java:logGet(43)) - raft.server.snapshot.auto.trigger.threshold = 10000 (custom)
2019-10-06 12:28:37,858 [pool-393-thread-1] INFO  server.RaftServerConfigKeys (ConfUtils.java:logGet(43)) - raft.server.log.queue.byte-limit = 2147483647 (custom)
2019-10-06 12:28:37,859 [pool-383-thread-1] INFO  server.RaftServerConfigKeys (ConfUtils.java:logGet(43)) - raft.server.snapshot.retention.file.num = 5 (custom)
2019-10-06 12:28:37,858 [pool-403-thread-1] INFO  server.RaftServerConfigKeys (ConfUtils.java:logGet(43)) - raft.server.log.segment.size.max = 1048576 (custom)
2019-10-06 12:28:37,859 [pool-383-thread-1] INFO  server.RaftServerConfigKeys (ConfUtils.java:logGet(43)) - raft.server.retrycache.expirytime = 600000ms (custom)
2019-10-06 12:28:37,859 [pool-393-thread-1] INFO  server.RaftServerConfigKeys (ConfUtils.java:logGet(43)) - raft.server.log.queue.element-limit = 1024 (custom)
2019-10-06 12:28:37,859 [pool-403-thread-1] INFO  server.RaftServerConfigKeys (ConfUtils.java:logGet(43)) - raft.server.log.preallocated.size = 16384 (custom)
2019-10-06 12:28:37,859 [pool-393-thread-1] INFO  server.RaftServerConfigKeys (ConfUtils.java:logGet(43)) - raft.server.log.segment.size.max = 1048576 (custom)
2019-10-06 12:28:37,860 [pool-393-thread-1] INFO  server.RaftServerConfigKeys (ConfUtils.java:logGet(43)) - raft.server.log.preallocated.size = 16384 (custom)
2019-10-06 12:28:37,859 [pool-403-thread-1] INFO  server.RaftServerConfigKeys (ConfUtils.java:logGet(43)) - raft.server.log.write.buffer.size = 33554432 (custom)
2019-10-06 12:28:37,860 [pool-393-thread-1] INFO  server.RaftServerConfigKeys (ConfUtils.java:logGet(43)) - raft.server.log.write.buffer.size = 33554432 (custom)
2019-10-06 12:28:37,860 [pool-403-thread-1] INFO  server.RaftServerConfigKeys (ConfUtils.java:logGet(43)) - raft.server.log.force.sync.num = 128 (default)
2019-10-06 12:28:37,860 [pool-393-thread-1] INFO  server.RaftServerConfigKeys (ConfUtils.java:logGet(43)) - raft.server.log.force.sync.num = 128 (default)
2019-10-06 12:28:37,860 [pool-403-thread-1] INFO  server.RaftServerConfigKeys (ConfUtils.java:logGet(43)) - raft.server.log.statemachine.data.sync = true (default)
2019-10-06 12:28:37,860 [pool-383-thread-1] INFO  impl.RaftServerImpl (RaftServerImpl.java:start(181)) - b3aa2efe-c215-486c-85cb-46a7afc74637@group-65FBC4A74D7A: start as a follower, conf=-1: [2ad9002a-c54c-4774-9ff5-f956718bcd7d:192.168.30.17:46003, b3aa2efe-c215-486c-85cb-46a7afc74637:192.168.30.17:38324, a070c0c1-1714-4d75-902b-8f5ceeee5a66:192.168.30.17:35207], old=null
2019-10-06 12:28:37,860 [pool-393-thread-1] INFO  server.RaftServerConfigKeys (ConfUtils.java:logGet(43)) - raft.server.log.statemachine.data.sync = true (default)
2019-10-06 12:28:37,861 [pool-383-thread-1] INFO  impl.RaftServerImpl (RaftServerImpl.java:setRole(170)) - b3aa2efe-c215-486c-85cb-46a7afc74637@group-65FBC4A74D7A: changes role from      null to FOLLOWER at term 0 for startAsFollower
2019-10-06 12:28:37,861 [pool-403-thread-1] INFO  server.RaftServerConfigKeys (ConfUtils.java:logGet(43)) - raft.server.log.statemachine.data.sync.timeout = 10s (default)
2019-10-06 12:28:37,861 [pool-383-thread-1] INFO  impl.RoleInfo (RoleInfo.java:updateAndGet(143)) - b3aa2efe-c215-486c-85cb-46a7afc74637: start FollowerState
2019-10-06 12:28:37,861 [pool-393-thread-1] INFO  server.RaftServerConfigKeys (ConfUtils.java:logGet(43)) - raft.server.log.statemachine.data.sync.timeout = 10s (default)
2019-10-06 12:28:37,861 [pool-403-thread-1] INFO  server.RaftServerConfigKeys (ConfUtils.java:logGet(43)) - raft.server.log.statemachine.data.sync.timeout.retry = -1 (default)
2019-10-06 12:28:37,861 [pool-383-thread-1] INFO  util.JmxRegister (JmxRegister.java:tryRegister(44)) - Successfully registered JMX Bean with object name Ratis:service=RaftServer,group=group-65FBC4A74D7A,id=b3aa2efe-c215-486c-85cb-46a7afc74637
2019-10-06 12:28:37,861 [pool-393-thread-1] INFO  server.RaftServerConfigKeys (ConfUtils.java:logGet(43)) - raft.server.log.statemachine.data.sync.timeout.retry = -1 (default)
2019-10-06 12:28:37,862 [pool-403-thread-1] INFO  server.RaftServerConfigKeys (ConfUtils.java:logGet(43)) - raft.server.log.statemachine.data.caching.enabled = true (custom)
2019-10-06 12:28:37,862 [pool-393-thread-1] INFO  server.RaftServerConfigKeys (ConfUtils.java:logGet(43)) - raft.server.log.statemachine.data.caching.enabled = true (custom)
2019-10-06 12:28:37,862 [pool-403-thread-1] INFO  segmented.SegmentedRaftLogWorker (SegmentedRaftLogWorker.java:lambda$new$0(128)) - 2ad9002a-c54c-4774-9ff5-f956718bcd7d@group-65FBC4A74D7A-SegmentedRaftLogWorker: flushIndex: setUnconditionally 0 -> -1
2019-10-06 12:28:37,862 [pool-393-thread-1] INFO  segmented.SegmentedRaftLogWorker (SegmentedRaftLogWorker.java:lambda$new$0(128)) - a070c0c1-1714-4d75-902b-8f5ceeee5a66@group-65FBC4A74D7A-SegmentedRaftLogWorker: flushIndex: setUnconditionally 0 -> -1
2019-10-06 12:28:37,863 [pool-403-thread-1] INFO  server.RaftServerConfigKeys (ConfUtils.java:logGet(43)) - raft.server.snapshot.auto.trigger.enabled = true (custom)
2019-10-06 12:28:37,863 [pool-393-thread-1] INFO  server.RaftServerConfigKeys (ConfUtils.java:logGet(43)) - raft.server.snapshot.auto.trigger.enabled = true (custom)
2019-10-06 12:28:37,863 [pool-403-thread-1] INFO  server.RaftServerConfigKeys (ConfUtils.java:logGet(43)) - raft.server.snapshot.auto.trigger.threshold = 10000 (custom)
2019-10-06 12:28:37,863 [pool-393-thread-1] INFO  server.RaftServerConfigKeys (ConfUtils.java:logGet(43)) - raft.server.snapshot.auto.trigger.threshold = 10000 (custom)
2019-10-06 12:28:37,863 [pool-403-thread-1] INFO  server.RaftServerConfigKeys (ConfUtils.java:logGet(43)) - raft.server.snapshot.retention.file.num = 5 (custom)
2019-10-06 12:28:37,863 [pool-393-thread-1] INFO  server.RaftServerConfigKeys (ConfUtils.java:logGet(43)) - raft.server.snapshot.retention.file.num = 5 (custom)
2019-10-06 12:28:37,863 [pool-403-thread-1] INFO  server.RaftServerConfigKeys (ConfUtils.java:logGet(43)) - raft.server.retrycache.expirytime = 600000ms (custom)
2019-10-06 12:28:37,864 [pool-393-thread-1] INFO  server.RaftServerConfigKeys (ConfUtils.java:logGet(43)) - raft.server.retrycache.expirytime = 600000ms (custom)
2019-10-06 12:28:37,871 [pool-393-thread-1] INFO  impl.RaftServerImpl (RaftServerImpl.java:start(181)) - a070c0c1-1714-4d75-902b-8f5ceeee5a66@group-65FBC4A74D7A: start as a follower, conf=-1: [2ad9002a-c54c-4774-9ff5-f956718bcd7d:192.168.30.17:46003, b3aa2efe-c215-486c-85cb-46a7afc74637:192.168.30.17:38324, a070c0c1-1714-4d75-902b-8f5ceeee5a66:192.168.30.17:35207], old=null
2019-10-06 12:28:37,872 [pool-403-thread-1] INFO  impl.RaftServerImpl (RaftServerImpl.java:start(181)) - 2ad9002a-c54c-4774-9ff5-f956718bcd7d@group-65FBC4A74D7A: start as a follower, conf=-1: [2ad9002a-c54c-4774-9ff5-f956718bcd7d:192.168.30.17:46003, b3aa2efe-c215-486c-85cb-46a7afc74637:192.168.30.17:38324, a070c0c1-1714-4d75-902b-8f5ceeee5a66:192.168.30.17:35207], old=null
2019-10-06 12:28:37,872 [pool-393-thread-1] INFO  impl.RaftServerImpl (RaftServerImpl.java:setRole(170)) - a070c0c1-1714-4d75-902b-8f5ceeee5a66@group-65FBC4A74D7A: changes role from      null to FOLLOWER at term 0 for startAsFollower
2019-10-06 12:28:37,872 [pool-403-thread-1] INFO  impl.RaftServerImpl (RaftServerImpl.java:setRole(170)) - 2ad9002a-c54c-4774-9ff5-f956718bcd7d@group-65FBC4A74D7A: changes role from      null to FOLLOWER at term 0 for startAsFollower
2019-10-06 12:28:37,872 [pool-393-thread-1] INFO  impl.RoleInfo (RoleInfo.java:updateAndGet(143)) - a070c0c1-1714-4d75-902b-8f5ceeee5a66: start FollowerState
2019-10-06 12:28:37,872 [pool-403-thread-1] INFO  impl.RoleInfo (RoleInfo.java:updateAndGet(143)) - 2ad9002a-c54c-4774-9ff5-f956718bcd7d: start FollowerState
2019-10-06 12:28:37,872 [pool-393-thread-1] INFO  util.JmxRegister (JmxRegister.java:tryRegister(44)) - Successfully registered JMX Bean with object name Ratis:service=RaftServer,group=group-65FBC4A74D7A,id=a070c0c1-1714-4d75-902b-8f5ceeee5a66
2019-10-06 12:28:37,873 [pool-403-thread-1] INFO  util.JmxRegister (JmxRegister.java:tryRegister(44)) - Successfully registered JMX Bean with object name Ratis:service=RaftServer,group=group-65FBC4A74D7A,id=2ad9002a-c54c-4774-9ff5-f956718bcd7d
2019-10-06 12:28:37,885 [RatisPipelineUtilsThread] INFO  pipeline.PipelineStateManager (PipelineStateManager.java:addPipeline(56)) - Created pipeline Pipeline[ Id: 8252435d-6e4d-4c6b-849b-65fbc4a74d7a, Nodes: b3aa2efe-c215-486c-85cb-46a7afc74637{ip: 192.168.30.17, host: ozone-build-dev-sjjt9-54166716, networkLocation: /default-rack, certSerialId: null}2ad9002a-c54c-4774-9ff5-f956718bcd7d{ip: 192.168.30.17, host: ozone-build-dev-sjjt9-54166716, networkLocation: /default-rack, certSerialId: null}a070c0c1-1714-4d75-902b-8f5ceeee5a66{ip: 192.168.30.17, host: ozone-build-dev-sjjt9-54166716, networkLocation: /default-rack, certSerialId: null}, Type:RATIS, Factor:THREE, State:OPEN]
2019-10-06 12:28:37,931 [IPC Server handler 4 on 43973] INFO  net.NetworkTopology (NetworkTopologyImpl.java:add(111)) - Added a new node: /default-rack/e6ae14e8-055a-4702-bf9f-ff1574fcf8fe
2019-10-06 12:28:37,931 [IPC Server handler 4 on 43973] INFO  node.SCMNodeManager (SCMNodeManager.java:register(268)) - Registered Data node : e6ae14e8-055a-4702-bf9f-ff1574fcf8fe{ip: 192.168.30.17, host: ozone-build-dev-sjjt9-54166716, networkLocation: /default-rack, certSerialId: null}
2019-10-06 12:28:37,945 [grpc-default-executor-3] INFO  impl.RaftServerProxy (RaftServerProxy.java:addNew(89)) - 0e669c8c-9fd7-46ff-aa08-d0c72283c21b: addNew group-1660F1EAAE10:[0e669c8c-9fd7-46ff-aa08-d0c72283c21b:192.168.30.17:39200] returns group-1660F1EAAE10:java.util.concurrent.CompletableFuture@4f846582[Not completed]
2019-10-06 12:28:37,946 [pool-413-thread-1] INFO  impl.RaftServerImpl (RaftServerImpl.java:<init>(95)) - 0e669c8c-9fd7-46ff-aa08-d0c72283c21b: new RaftServerImpl for group-1660F1EAAE10:[0e669c8c-9fd7-46ff-aa08-d0c72283c21b:192.168.30.17:39200] with ContainerStateMachine:uninitialized
2019-10-06 12:28:37,946 [pool-413-thread-1] INFO  server.RaftServerConfigKeys (ConfUtils.java:logGet(43)) - raft.server.rpc.timeout.min = 5s (custom)
2019-10-06 12:28:37,946 [pool-413-thread-1] INFO  server.RaftServerConfigKeys (ConfUtils.java:logGet(43)) - raft.server.rpc.timeout.max = 5200ms (custom)
2019-10-06 12:28:37,946 [pool-413-thread-1] INFO  server.RaftServerConfigKeys (ConfUtils.java:logGet(43)) - raft.server.rpcslowness.timeout = 120s (custom)
2019-10-06 12:28:37,946 [pool-413-thread-1] INFO  server.RaftServerConfigKeys (ConfUtils.java:logGet(43)) - raft.server.sleep.deviation.threshold = 300 (default)
2019-10-06 12:28:37,946 [pool-413-thread-1] INFO  server.RaftServerConfigKeys (ConfUtils.java:logGet(43)) - raft.server.log.appender.install.snapshot.enabled = false (custom)
2019-10-06 12:28:37,946 [pool-413-thread-1] INFO  impl.RaftServerImpl (ServerState.java:<init>(103)) - 0e669c8c-9fd7-46ff-aa08-d0c72283c21b@group-1660F1EAAE10: ConfigurationManager, init=-1: [0e669c8c-9fd7-46ff-aa08-d0c72283c21b:192.168.30.17:39200], old=null, confs=<EMPTY_MAP>
2019-10-06 12:28:37,946 [pool-413-thread-1] INFO  server.RaftServerConfigKeys (ConfUtils.java:logGet(43)) - raft.server.storage.dir = [/workdir/hadoop-ozone/integration-test/target/test-dir/MiniOzoneClusterImpl-e7816d2d-1792-413d-b8e2-b0f84706c98d/datanode-3/data/ratis] (custom)
2019-10-06 12:28:37,947 [pool-413-thread-1] INFO  server.RaftServerConfigKeys (ConfUtils.java:logGet(43)) - raft.server.log.corruption.policy = EXCEPTION (default)
2019-10-06 12:28:37,947 [pool-413-thread-1] INFO  storage.RaftStorageDirectory (RaftStorageDirectory.java:analyzeStorage(246)) - The storage directory /workdir/hadoop-ozone/integration-test/target/test-dir/MiniOzoneClusterImpl-e7816d2d-1792-413d-b8e2-b0f84706c98d/datanode-3/data/ratis/55239615-f925-4b52-adec-1660f1eaae10 does not exist. Creating ...
2019-10-06 12:28:37,969 [pool-413-thread-1] INFO  storage.RaftStorageDirectory (RaftStorageDirectory.java:tryLock(328)) - Lock on /workdir/hadoop-ozone/integration-test/target/test-dir/MiniOzoneClusterImpl-e7816d2d-1792-413d-b8e2-b0f84706c98d/datanode-3/data/ratis/55239615-f925-4b52-adec-1660f1eaae10/in_use.lock acquired by nodename 11948@ozone-build-dev-sjjt9-54166716
2019-10-06 12:28:37,981 [pool-413-thread-1] INFO  storage.RaftStorage (RaftStorage.java:format(84)) - Storage directory /workdir/hadoop-ozone/integration-test/target/test-dir/MiniOzoneClusterImpl-e7816d2d-1792-413d-b8e2-b0f84706c98d/datanode-3/data/ratis/55239615-f925-4b52-adec-1660f1eaae10 has been successfully formatted.
2019-10-06 12:28:37,981 [pool-413-thread-1] INFO  ratis.ContainerStateMachine (ContainerStateMachine.java:loadSnapshot(230)) - group-1660F1EAAE10: The snapshot info is null. Setting the last applied indexto:(t:0, i:~)
2019-10-06 12:28:37,982 [pool-413-thread-1] INFO  server.RaftServerConfigKeys (ConfUtils.java:logGet(43)) - raft.server.notification.no-leader.timeout = 120s (custom)
2019-10-06 12:28:37,982 [pool-413-thread-1] INFO  server.RaftServerConfigKeys (ConfUtils.java:logGet(43)) - raft.server.log.use.memory = false (default)
2019-10-06 12:28:37,982 [pool-413-thread-1] INFO  server.RaftServerConfigKeys (ConfUtils.java:logGet(43)) - raft.server.log.purge.gap = 1000000 (custom)
2019-10-06 12:28:37,982 [pool-413-thread-1] INFO  server.RaftServerConfigKeys (ConfUtils.java:logGet(43)) - raft.server.log.appender.buffer.byte-limit = 33554432 (custom)
2019-10-06 12:28:37,982 [pool-413-thread-1] INFO  server.RaftServerConfigKeys (ConfUtils.java:logGet(43)) - raft.server.log.segment.size.max = 1048576 (custom)
2019-10-06 12:28:37,984 [pool-413-thread-1] INFO  server.RaftServerConfigKeys (ConfUtils.java:logGet(43)) - raft.server.log.segment.cache.num.max = 2 (custom)
2019-10-06 12:28:37,985 [pool-413-thread-1] INFO  segmented.SegmentedRaftLogWorker (SegmentedRaftLogWorker.java:<init>(173)) - new 0e669c8c-9fd7-46ff-aa08-d0c72283c21b@group-1660F1EAAE10-SegmentedRaftLogWorker for RaftStorage:Storage Directory /workdir/hadoop-ozone/integration-test/target/test-dir/MiniOzoneClusterImpl-e7816d2d-1792-413d-b8e2-b0f84706c98d/datanode-3/data/ratis/55239615-f925-4b52-adec-1660f1eaae10
2019-10-06 12:28:37,985 [pool-413-thread-1] INFO  server.RaftServerConfigKeys (ConfUtils.java:logGet(43)) - raft.server.log.queue.byte-limit = 2147483647 (custom)
2019-10-06 12:28:37,985 [pool-413-thread-1] INFO  server.RaftServerConfigKeys (ConfUtils.java:logGet(43)) - raft.server.log.queue.element-limit = 1024 (custom)
2019-10-06 12:28:37,985 [pool-413-thread-1] INFO  server.RaftServerConfigKeys (ConfUtils.java:logGet(43)) - raft.server.log.segment.size.max = 1048576 (custom)
2019-10-06 12:28:37,985 [pool-413-thread-1] INFO  server.RaftServerConfigKeys (ConfUtils.java:logGet(43)) - raft.server.log.preallocated.size = 16384 (custom)
2019-10-06 12:28:37,986 [pool-413-thread-1] INFO  server.RaftServerConfigKeys (ConfUtils.java:logGet(43)) - raft.server.log.write.buffer.size = 33554432 (custom)
2019-10-06 12:28:37,986 [pool-413-thread-1] INFO  server.RaftServerConfigKeys (ConfUtils.java:logGet(43)) - raft.server.log.force.sync.num = 128 (default)
2019-10-06 12:28:37,986 [pool-413-thread-1] INFO  server.RaftServerConfigKeys (ConfUtils.java:logGet(43)) - raft.server.log.statemachine.data.sync = true (default)
2019-10-06 12:28:37,986 [pool-413-thread-1] INFO  server.RaftServerConfigKeys (ConfUtils.java:logGet(43)) - raft.server.log.statemachine.data.sync.timeout = 10s (default)
2019-10-06 12:28:37,986 [pool-413-thread-1] INFO  server.RaftServerConfigKeys (ConfUtils.java:logGet(43)) - raft.server.log.statemachine.data.sync.timeout.retry = -1 (default)
2019-10-06 12:28:37,987 [pool-413-thread-1] INFO  server.RaftServerConfigKeys (ConfUtils.java:logGet(43)) - raft.server.log.statemachine.data.caching.enabled = true (custom)
2019-10-06 12:28:37,987 [pool-413-thread-1] INFO  segmented.SegmentedRaftLogWorker (SegmentedRaftLogWorker.java:lambda$new$0(128)) - 0e669c8c-9fd7-46ff-aa08-d0c72283c21b@group-1660F1EAAE10-SegmentedRaftLogWorker: flushIndex: setUnconditionally 0 -> -1
2019-10-06 12:28:37,988 [pool-413-thread-1] INFO  server.RaftServerConfigKeys (ConfUtils.java:logGet(43)) - raft.server.snapshot.auto.trigger.enabled = true (custom)
2019-10-06 12:28:37,988 [pool-413-thread-1] INFO  server.RaftServerConfigKeys (ConfUtils.java:logGet(43)) - raft.server.snapshot.auto.trigger.threshold = 10000 (custom)
2019-10-06 12:28:37,988 [pool-413-thread-1] INFO  server.RaftServerConfigKeys (ConfUtils.java:logGet(43)) - raft.server.snapshot.retention.file.num = 5 (custom)
2019-10-06 12:28:37,988 [pool-413-thread-1] INFO  server.RaftServerConfigKeys (ConfUtils.java:logGet(43)) - raft.server.retrycache.expirytime = 600000ms (custom)
2019-10-06 12:28:37,990 [pool-413-thread-1] INFO  impl.RaftServerImpl (RaftServerImpl.java:start(181)) - 0e669c8c-9fd7-46ff-aa08-d0c72283c21b@group-1660F1EAAE10: start as a follower, conf=-1: [0e669c8c-9fd7-46ff-aa08-d0c72283c21b:192.168.30.17:39200], old=null
2019-10-06 12:28:37,990 [pool-413-thread-1] INFO  impl.RaftServerImpl (RaftServerImpl.java:setRole(170)) - 0e669c8c-9fd7-46ff-aa08-d0c72283c21b@group-1660F1EAAE10: changes role from      null to FOLLOWER at term 0 for startAsFollower
2019-10-06 12:28:37,990 [pool-413-thread-1] INFO  impl.RoleInfo (RoleInfo.java:updateAndGet(143)) - 0e669c8c-9fd7-46ff-aa08-d0c72283c21b: start FollowerState
2019-10-06 12:28:37,991 [pool-413-thread-1] INFO  util.JmxRegister (JmxRegister.java:tryRegister(44)) - Successfully registered JMX Bean with object name Ratis:service=RaftServer,group=group-1660F1EAAE10,id=0e669c8c-9fd7-46ff-aa08-d0c72283c21b
2019-10-06 12:28:38,001 [RatisPipelineUtilsThread] INFO  pipeline.PipelineStateManager (PipelineStateManager.java:addPipeline(56)) - Created pipeline Pipeline[ Id: 55239615-f925-4b52-adec-1660f1eaae10, Nodes: 0e669c8c-9fd7-46ff-aa08-d0c72283c21b{ip: 192.168.30.17, host: ozone-build-dev-sjjt9-54166716, networkLocation: /default-rack, certSerialId: null}, Type:RATIS, Factor:ONE, State:OPEN]
2019-10-06 12:28:38,009 [grpc-default-executor-3] INFO  impl.RaftServerProxy (RaftServerProxy.java:addNew(89)) - e6ae14e8-055a-4702-bf9f-ff1574fcf8fe: addNew group-91154D098C71:[e6ae14e8-055a-4702-bf9f-ff1574fcf8fe:192.168.30.17:33570] returns group-91154D098C71:java.util.concurrent.CompletableFuture@cbf4b7c[Not completed]
2019-10-06 12:28:38,011 [pool-423-thread-1] INFO  impl.RaftServerImpl (RaftServerImpl.java:<init>(95)) - e6ae14e8-055a-4702-bf9f-ff1574fcf8fe: new RaftServerImpl for group-91154D098C71:[e6ae14e8-055a-4702-bf9f-ff1574fcf8fe:192.168.30.17:33570] with ContainerStateMachine:uninitialized
2019-10-06 12:28:38,011 [pool-423-thread-1] INFO  server.RaftServerConfigKeys (ConfUtils.java:logGet(43)) - raft.server.rpc.timeout.min = 5s (custom)
2019-10-06 12:28:38,011 [pool-423-thread-1] INFO  server.RaftServerConfigKeys (ConfUtils.java:logGet(43)) - raft.server.rpc.timeout.max = 5200ms (custom)
2019-10-06 12:28:38,011 [pool-423-thread-1] INFO  server.RaftServerConfigKeys (ConfUtils.java:logGet(43)) - raft.server.rpcslowness.timeout = 120s (custom)
2019-10-06 12:28:38,011 [pool-423-thread-1] INFO  server.RaftServerConfigKeys (ConfUtils.java:logGet(43)) - raft.server.sleep.deviation.threshold = 300 (default)
2019-10-06 12:28:38,011 [pool-423-thread-1] INFO  server.RaftServerConfigKeys (ConfUtils.java:logGet(43)) - raft.server.log.appender.install.snapshot.enabled = false (custom)
2019-10-06 12:28:38,012 [pool-423-thread-1] INFO  impl.RaftServerImpl (ServerState.java:<init>(103)) - e6ae14e8-055a-4702-bf9f-ff1574fcf8fe@group-91154D098C71: ConfigurationManager, init=-1: [e6ae14e8-055a-4702-bf9f-ff1574fcf8fe:192.168.30.17:33570], old=null, confs=<EMPTY_MAP>
2019-10-06 12:28:38,012 [pool-423-thread-1] INFO  server.RaftServerConfigKeys (ConfUtils.java:logGet(43)) - raft.server.storage.dir = [/workdir/hadoop-ozone/integration-test/target/test-dir/MiniOzoneClusterImpl-e7816d2d-1792-413d-b8e2-b0f84706c98d/datanode-4/data/ratis] (custom)
2019-10-06 12:28:38,012 [pool-423-thread-1] INFO  server.RaftServerConfigKeys (ConfUtils.java:logGet(43)) - raft.server.log.corruption.policy = EXCEPTION (default)
2019-10-06 12:28:38,012 [pool-423-thread-1] INFO  storage.RaftStorageDirectory (RaftStorageDirectory.java:analyzeStorage(246)) - The storage directory /workdir/hadoop-ozone/integration-test/target/test-dir/MiniOzoneClusterImpl-e7816d2d-1792-413d-b8e2-b0f84706c98d/datanode-4/data/ratis/67ee91bb-8efa-48df-aad8-91154d098c71 does not exist. Creating ...
2019-10-06 12:28:38,019 [IPC Server handler 5 on 43973] INFO  net.NetworkTopology (NetworkTopologyImpl.java:add(111)) - Added a new node: /default-rack/6e172b5d-6d4f-407b-b8e3-e24acb0f0ee2
2019-10-06 12:28:38,020 [IPC Server handler 5 on 43973] INFO  node.SCMNodeManager (SCMNodeManager.java:register(268)) - Registered Data node : 6e172b5d-6d4f-407b-b8e3-e24acb0f0ee2{ip: 192.168.30.17, host: ozone-build-dev-sjjt9-54166716, networkLocation: /default-rack, certSerialId: null}
2019-10-06 12:28:38,025 [pool-423-thread-1] INFO  storage.RaftStorageDirectory (RaftStorageDirectory.java:tryLock(328)) - Lock on /workdir/hadoop-ozone/integration-test/target/test-dir/MiniOzoneClusterImpl-e7816d2d-1792-413d-b8e2-b0f84706c98d/datanode-4/data/ratis/67ee91bb-8efa-48df-aad8-91154d098c71/in_use.lock acquired by nodename 11948@ozone-build-dev-sjjt9-54166716
2019-10-06 12:28:38,038 [pool-423-thread-1] INFO  storage.RaftStorage (RaftStorage.java:format(84)) - Storage directory /workdir/hadoop-ozone/integration-test/target/test-dir/MiniOzoneClusterImpl-e7816d2d-1792-413d-b8e2-b0f84706c98d/datanode-4/data/ratis/67ee91bb-8efa-48df-aad8-91154d098c71 has been successfully formatted.
2019-10-06 12:28:38,038 [pool-423-thread-1] INFO  ratis.ContainerStateMachine (ContainerStateMachine.java:loadSnapshot(230)) - group-91154D098C71: The snapshot info is null. Setting the last applied indexto:(t:0, i:~)
2019-10-06 12:28:38,038 [pool-423-thread-1] INFO  server.RaftServerConfigKeys (ConfUtils.java:logGet(43)) - raft.server.notification.no-leader.timeout = 120s (custom)
2019-10-06 12:28:38,038 [pool-423-thread-1] INFO  server.RaftServerConfigKeys (ConfUtils.java:logGet(43)) - raft.server.log.use.memory = false (default)
2019-10-06 12:28:38,038 [pool-423-thread-1] INFO  server.RaftServerConfigKeys (ConfUtils.java:logGet(43)) - raft.server.log.purge.gap = 1000000 (custom)
2019-10-06 12:28:38,039 [pool-423-thread-1] INFO  server.RaftServerConfigKeys (ConfUtils.java:logGet(43)) - raft.server.log.appender.buffer.byte-limit = 33554432 (custom)
2019-10-06 12:28:38,039 [pool-423-thread-1] INFO  server.RaftServerConfigKeys (ConfUtils.java:logGet(43)) - raft.server.log.segment.size.max = 1048576 (custom)
2019-10-06 12:28:38,041 [pool-423-thread-1] INFO  server.RaftServerConfigKeys (ConfUtils.java:logGet(43)) - raft.server.log.segment.cache.num.max = 2 (custom)
2019-10-06 12:28:38,041 [pool-423-thread-1] INFO  segmented.SegmentedRaftLogWorker (SegmentedRaftLogWorker.java:<init>(173)) - new e6ae14e8-055a-4702-bf9f-ff1574fcf8fe@group-91154D098C71-SegmentedRaftLogWorker for RaftStorage:Storage Directory /workdir/hadoop-ozone/integration-test/target/test-dir/MiniOzoneClusterImpl-e7816d2d-1792-413d-b8e2-b0f84706c98d/datanode-4/data/ratis/67ee91bb-8efa-48df-aad8-91154d098c71
2019-10-06 12:28:38,041 [pool-423-thread-1] INFO  server.RaftServerConfigKeys (ConfUtils.java:logGet(43)) - raft.server.log.queue.byte-limit = 2147483647 (custom)
2019-10-06 12:28:38,041 [pool-423-thread-1] INFO  server.RaftServerConfigKeys (ConfUtils.java:logGet(43)) - raft.server.log.queue.element-limit = 1024 (custom)
2019-10-06 12:28:38,041 [pool-423-thread-1] INFO  server.RaftServerConfigKeys (ConfUtils.java:logGet(43)) - raft.server.log.segment.size.max = 1048576 (custom)
2019-10-06 12:28:38,042 [pool-423-thread-1] INFO  server.RaftServerConfigKeys (ConfUtils.java:logGet(43)) - raft.server.log.preallocated.size = 16384 (custom)
2019-10-06 12:28:38,042 [pool-423-thread-1] INFO  server.RaftServerConfigKeys (ConfUtils.java:logGet(43)) - raft.server.log.write.buffer.size = 33554432 (custom)
2019-10-06 12:28:38,042 [pool-423-thread-1] INFO  server.RaftServerConfigKeys (ConfUtils.java:logGet(43)) - raft.server.log.force.sync.num = 128 (default)
2019-10-06 12:28:38,042 [pool-423-thread-1] INFO  server.RaftServerConfigKeys (ConfUtils.java:logGet(43)) - raft.server.log.statemachine.data.sync = true (default)
2019-10-06 12:28:38,042 [pool-423-thread-1] INFO  server.RaftServerConfigKeys (ConfUtils.java:logGet(43)) - raft.server.log.statemachine.data.sync.timeout = 10s (default)
2019-10-06 12:28:38,042 [pool-423-thread-1] INFO  server.RaftServerConfigKeys (ConfUtils.java:logGet(43)) - raft.server.log.statemachine.data.sync.timeout.retry = -1 (default)
2019-10-06 12:28:38,043 [pool-423-thread-1] INFO  server.RaftServerConfigKeys (ConfUtils.java:logGet(43)) - raft.server.log.statemachine.data.caching.enabled = true (custom)
2019-10-06 12:28:38,043 [pool-423-thread-1] INFO  segmented.SegmentedRaftLogWorker (SegmentedRaftLogWorker.java:lambda$new$0(128)) - e6ae14e8-055a-4702-bf9f-ff1574fcf8fe@group-91154D098C71-SegmentedRaftLogWorker: flushIndex: setUnconditionally 0 -> -1
2019-10-06 12:28:38,043 [pool-423-thread-1] INFO  server.RaftServerConfigKeys (ConfUtils.java:logGet(43)) - raft.server.snapshot.auto.trigger.enabled = true (custom)
2019-10-06 12:28:38,043 [pool-423-thread-1] INFO  server.RaftServerConfigKeys (ConfUtils.java:logGet(43)) - raft.server.snapshot.auto.trigger.threshold = 10000 (custom)
2019-10-06 12:28:38,043 [pool-423-thread-1] INFO  server.RaftServerConfigKeys (ConfUtils.java:logGet(43)) - raft.server.snapshot.retention.file.num = 5 (custom)
2019-10-06 12:28:38,044 [pool-423-thread-1] INFO  server.RaftServerConfigKeys (ConfUtils.java:logGet(43)) - raft.server.retrycache.expirytime = 600000ms (custom)
2019-10-06 12:28:38,045 [pool-423-thread-1] INFO  impl.RaftServerImpl (RaftServerImpl.java:start(181)) - e6ae14e8-055a-4702-bf9f-ff1574fcf8fe@group-91154D098C71: start as a follower, conf=-1: [e6ae14e8-055a-4702-bf9f-ff1574fcf8fe:192.168.30.17:33570], old=null
2019-10-06 12:28:38,045 [pool-423-thread-1] INFO  impl.RaftServerImpl (RaftServerImpl.java:setRole(170)) - e6ae14e8-055a-4702-bf9f-ff1574fcf8fe@group-91154D098C71: changes role from      null to FOLLOWER at term 0 for startAsFollower
2019-10-06 12:28:38,045 [pool-423-thread-1] INFO  impl.RoleInfo (RoleInfo.java:updateAndGet(143)) - e6ae14e8-055a-4702-bf9f-ff1574fcf8fe: start FollowerState
2019-10-06 12:28:38,046 [pool-423-thread-1] INFO  util.JmxRegister (JmxRegister.java:tryRegister(44)) - Successfully registered JMX Bean with object name Ratis:service=RaftServer,group=group-91154D098C71,id=e6ae14e8-055a-4702-bf9f-ff1574fcf8fe
2019-10-06 12:28:38,054 [RatisPipelineUtilsThread] INFO  pipeline.PipelineStateManager (PipelineStateManager.java:addPipeline(56)) - Created pipeline Pipeline[ Id: 67ee91bb-8efa-48df-aad8-91154d098c71, Nodes: e6ae14e8-055a-4702-bf9f-ff1574fcf8fe{ip: 192.168.30.17, host: ozone-build-dev-sjjt9-54166716, networkLocation: /default-rack, certSerialId: null}, Type:RATIS, Factor:ONE, State:OPEN]
2019-10-06 12:28:38,060 [grpc-default-executor-3] INFO  impl.RaftServerProxy (RaftServerProxy.java:addNew(89)) - 6e172b5d-6d4f-407b-b8e3-e24acb0f0ee2: addNew group-AF8E180BE4A2:[6e172b5d-6d4f-407b-b8e3-e24acb0f0ee2:192.168.30.17:37948] returns group-AF8E180BE4A2:java.util.concurrent.CompletableFuture@f8aa7b3[Not completed]
2019-10-06 12:28:38,062 [pool-433-thread-1] INFO  impl.RaftServerImpl (RaftServerImpl.java:<init>(95)) - 6e172b5d-6d4f-407b-b8e3-e24acb0f0ee2: new RaftServerImpl for group-AF8E180BE4A2:[6e172b5d-6d4f-407b-b8e3-e24acb0f0ee2:192.168.30.17:37948] with ContainerStateMachine:uninitialized
2019-10-06 12:28:38,062 [pool-433-thread-1] INFO  server.RaftServerConfigKeys (ConfUtils.java:logGet(43)) - raft.server.rpc.timeout.min = 5s (custom)
2019-10-06 12:28:38,062 [pool-433-thread-1] INFO  server.RaftServerConfigKeys (ConfUtils.java:logGet(43)) - raft.server.rpc.timeout.max = 5200ms (custom)
2019-10-06 12:28:38,062 [pool-433-thread-1] INFO  server.RaftServerConfigKeys (ConfUtils.java:logGet(43)) - raft.server.rpcslowness.timeout = 120s (custom)
2019-10-06 12:28:38,062 [pool-433-thread-1] INFO  server.RaftServerConfigKeys (ConfUtils.java:logGet(43)) - raft.server.sleep.deviation.threshold = 300 (default)
2019-10-06 12:28:38,062 [pool-433-thread-1] INFO  server.RaftServerConfigKeys (ConfUtils.java:logGet(43)) - raft.server.log.appender.install.snapshot.enabled = false (custom)
2019-10-06 12:28:38,062 [pool-433-thread-1] INFO  impl.RaftServerImpl (ServerState.java:<init>(103)) - 6e172b5d-6d4f-407b-b8e3-e24acb0f0ee2@group-AF8E180BE4A2: ConfigurationManager, init=-1: [6e172b5d-6d4f-407b-b8e3-e24acb0f0ee2:192.168.30.17:37948], old=null, confs=<EMPTY_MAP>
2019-10-06 12:28:38,063 [pool-433-thread-1] INFO  server.RaftServerConfigKeys (ConfUtils.java:logGet(43)) - raft.server.storage.dir = [/workdir/hadoop-ozone/integration-test/target/test-dir/MiniOzoneClusterImpl-e7816d2d-1792-413d-b8e2-b0f84706c98d/datanode-5/data/ratis] (custom)
2019-10-06 12:28:38,063 [pool-433-thread-1] INFO  server.RaftServerConfigKeys (ConfUtils.java:logGet(43)) - raft.server.log.corruption.policy = EXCEPTION (default)
2019-10-06 12:28:38,063 [pool-433-thread-1] INFO  storage.RaftStorageDirectory (RaftStorageDirectory.java:analyzeStorage(246)) - The storage directory /workdir/hadoop-ozone/integration-test/target/test-dir/MiniOzoneClusterImpl-e7816d2d-1792-413d-b8e2-b0f84706c98d/datanode-5/data/ratis/bd631661-8432-4522-b87c-af8e180be4a2 does not exist. Creating ...
2019-10-06 12:28:38,075 [pool-433-thread-1] INFO  storage.RaftStorageDirectory (RaftStorageDirectory.java:tryLock(328)) - Lock on /workdir/hadoop-ozone/integration-test/target/test-dir/MiniOzoneClusterImpl-e7816d2d-1792-413d-b8e2-b0f84706c98d/datanode-5/data/ratis/bd631661-8432-4522-b87c-af8e180be4a2/in_use.lock acquired by nodename 11948@ozone-build-dev-sjjt9-54166716
2019-10-06 12:28:38,087 [IPC Server handler 1 on 43973] INFO  net.NetworkTopology (NetworkTopologyImpl.java:add(111)) - Added a new node: /default-rack/aa0dc749-c5c6-42fe-9090-614dbc11ef72
2019-10-06 12:28:38,087 [main] INFO  ozone.MiniOzoneClusterImpl (MiniOzoneClusterImpl.java:lambda$waitForClusterToBeReady$0(147)) - Cluster is ready. Got 7 of 7 DN Heartbeats.
2019-10-06 12:28:38,087 [IPC Server handler 1 on 43973] INFO  node.SCMNodeManager (SCMNodeManager.java:register(268)) - Registered Data node : aa0dc749-c5c6-42fe-9090-614dbc11ef72{ip: 192.168.30.17, host: ozone-build-dev-sjjt9-54166716, networkLocation: /default-rack, certSerialId: null}
2019-10-06 12:28:38,088 [pool-433-thread-1] INFO  storage.RaftStorage (RaftStorage.java:format(84)) - Storage directory /workdir/hadoop-ozone/integration-test/target/test-dir/MiniOzoneClusterImpl-e7816d2d-1792-413d-b8e2-b0f84706c98d/datanode-5/data/ratis/bd631661-8432-4522-b87c-af8e180be4a2 has been successfully formatted.
2019-10-06 12:28:38,088 [pool-433-thread-1] INFO  ratis.ContainerStateMachine (ContainerStateMachine.java:loadSnapshot(230)) - group-AF8E180BE4A2: The snapshot info is null. Setting the last applied indexto:(t:0, i:~)
2019-10-06 12:28:38,088 [pool-433-thread-1] INFO  server.RaftServerConfigKeys (ConfUtils.java:logGet(43)) - raft.server.notification.no-leader.timeout = 120s (custom)
2019-10-06 12:28:38,092 [pool-433-thread-1] INFO  server.RaftServerConfigKeys (ConfUtils.java:logGet(43)) - raft.server.log.use.memory = false (default)
2019-10-06 12:28:38,092 [pool-433-thread-1] INFO  server.RaftServerConfigKeys (ConfUtils.java:logGet(43)) - raft.server.log.purge.gap = 1000000 (custom)
2019-10-06 12:28:38,092 [pool-433-thread-1] INFO  server.RaftServerConfigKeys (ConfUtils.java:logGet(43)) - raft.server.log.appender.buffer.byte-limit = 33554432 (custom)
2019-10-06 12:28:38,092 [pool-433-thread-1] INFO  server.RaftServerConfigKeys (ConfUtils.java:logGet(43)) - raft.server.log.segment.size.max = 1048576 (custom)
2019-10-06 12:28:38,107 [pool-433-thread-1] INFO  server.RaftServerConfigKeys (ConfUtils.java:logGet(43)) - raft.server.log.segment.cache.num.max = 2 (custom)
2019-10-06 12:28:38,107 [pool-433-thread-1] INFO  segmented.SegmentedRaftLogWorker (SegmentedRaftLogWorker.java:<init>(173)) - new 6e172b5d-6d4f-407b-b8e3-e24acb0f0ee2@group-AF8E180BE4A2-SegmentedRaftLogWorker for RaftStorage:Storage Directory /workdir/hadoop-ozone/integration-test/target/test-dir/MiniOzoneClusterImpl-e7816d2d-1792-413d-b8e2-b0f84706c98d/datanode-5/data/ratis/bd631661-8432-4522-b87c-af8e180be4a2
2019-10-06 12:28:38,107 [pool-433-thread-1] INFO  server.RaftServerConfigKeys (ConfUtils.java:logGet(43)) - raft.server.log.queue.byte-limit = 2147483647 (custom)
2019-10-06 12:28:38,107 [pool-433-thread-1] INFO  server.RaftServerConfigKeys (ConfUtils.java:logGet(43)) - raft.server.log.queue.element-limit = 1024 (custom)
2019-10-06 12:28:38,107 [pool-433-thread-1] INFO  server.RaftServerConfigKeys (ConfUtils.java:logGet(43)) - raft.server.log.segment.size.max = 1048576 (custom)
2019-10-06 12:28:38,107 [pool-433-thread-1] INFO  server.RaftServerConfigKeys (ConfUtils.java:logGet(43)) - raft.server.log.preallocated.size = 16384 (custom)
2019-10-06 12:28:38,108 [pool-433-thread-1] INFO  server.RaftServerConfigKeys (ConfUtils.java:logGet(43)) - raft.server.log.write.buffer.size = 33554432 (custom)
2019-10-06 12:28:38,108 [pool-433-thread-1] INFO  server.RaftServerConfigKeys (ConfUtils.java:logGet(43)) - raft.server.log.force.sync.num = 128 (default)
2019-10-06 12:28:38,108 [pool-433-thread-1] INFO  server.RaftServerConfigKeys (ConfUtils.java:logGet(43)) - raft.server.log.statemachine.data.sync = true (default)
2019-10-06 12:28:38,108 [pool-433-thread-1] INFO  server.RaftServerConfigKeys (ConfUtils.java:logGet(43)) - raft.server.log.statemachine.data.sync.timeout = 10s (default)
2019-10-06 12:28:38,108 [pool-433-thread-1] INFO  server.RaftServerConfigKeys (ConfUtils.java:logGet(43)) - raft.server.log.statemachine.data.sync.timeout.retry = -1 (default)
2019-10-06 12:28:38,108 [pool-433-thread-1] INFO  server.RaftServerConfigKeys (ConfUtils.java:logGet(43)) - raft.server.log.statemachine.data.caching.enabled = true (custom)
2019-10-06 12:28:38,109 [pool-433-thread-1] INFO  segmented.SegmentedRaftLogWorker (SegmentedRaftLogWorker.java:lambda$new$0(128)) - 6e172b5d-6d4f-407b-b8e3-e24acb0f0ee2@group-AF8E180BE4A2-SegmentedRaftLogWorker: flushIndex: setUnconditionally 0 -> -1
2019-10-06 12:28:38,109 [pool-433-thread-1] INFO  server.RaftServerConfigKeys (ConfUtils.java:logGet(43)) - raft.server.snapshot.auto.trigger.enabled = true (custom)
2019-10-06 12:28:38,109 [pool-433-thread-1] INFO  server.RaftServerConfigKeys (ConfUtils.java:logGet(43)) - raft.server.snapshot.auto.trigger.threshold = 10000 (custom)
2019-10-06 12:28:38,109 [pool-433-thread-1] INFO  server.RaftServerConfigKeys (ConfUtils.java:logGet(43)) - raft.server.snapshot.retention.file.num = 5 (custom)
2019-10-06 12:28:38,109 [pool-433-thread-1] INFO  server.RaftServerConfigKeys (ConfUtils.java:logGet(43)) - raft.server.retrycache.expirytime = 600000ms (custom)
2019-10-06 12:28:38,144 [pool-433-thread-1] INFO  impl.RaftServerImpl (RaftServerImpl.java:start(181)) - 6e172b5d-6d4f-407b-b8e3-e24acb0f0ee2@group-AF8E180BE4A2: start as a follower, conf=-1: [6e172b5d-6d4f-407b-b8e3-e24acb0f0ee2:192.168.30.17:37948], old=null
2019-10-06 12:28:38,144 [pool-433-thread-1] INFO  impl.RaftServerImpl (RaftServerImpl.java:setRole(170)) - 6e172b5d-6d4f-407b-b8e3-e24acb0f0ee2@group-AF8E180BE4A2: changes role from      null to FOLLOWER at term 0 for startAsFollower
2019-10-06 12:28:38,145 [pool-433-thread-1] INFO  impl.RoleInfo (RoleInfo.java:updateAndGet(143)) - 6e172b5d-6d4f-407b-b8e3-e24acb0f0ee2: start FollowerState
2019-10-06 12:28:38,145 [pool-433-thread-1] INFO  util.JmxRegister (JmxRegister.java:tryRegister(44)) - Successfully registered JMX Bean with object name Ratis:service=RaftServer,group=group-AF8E180BE4A2,id=6e172b5d-6d4f-407b-b8e3-e24acb0f0ee2
2019-10-06 12:28:38,172 [RatisPipelineUtilsThread] INFO  pipeline.PipelineStateManager (PipelineStateManager.java:addPipeline(56)) - Created pipeline Pipeline[ Id: bd631661-8432-4522-b87c-af8e180be4a2, Nodes: 6e172b5d-6d4f-407b-b8e3-e24acb0f0ee2{ip: 192.168.30.17, host: ozone-build-dev-sjjt9-54166716, networkLocation: /default-rack, certSerialId: null}, Type:RATIS, Factor:ONE, State:OPEN]
2019-10-06 12:28:38,173 [main] INFO  rpc.RpcClient (RpcClient.java:createVolume(277)) - Creating Volume: watchforcommithandlingtest, with jenkins1000 as owner.
2019-10-06 12:28:38,180 [grpc-default-executor-5] INFO  impl.RaftServerProxy (RaftServerProxy.java:addNew(89)) - aa0dc749-c5c6-42fe-9090-614dbc11ef72: addNew group-75A3C2F01D6F:[aa0dc749-c5c6-42fe-9090-614dbc11ef72:192.168.30.17:38795] returns group-75A3C2F01D6F:java.util.concurrent.CompletableFuture@2d157e89[Not completed]
2019-10-06 12:28:38,180 [IPC Server handler 1 on 45029] INFO  volume.OMVolumeCreateRequest (OMVolumeCreateRequest.java:validateAndUpdateCache(193)) - created volume:watchforcommithandlingtest for user:jenkins1000
2019-10-06 12:28:38,182 [pool-443-thread-1] INFO  impl.RaftServerImpl (RaftServerImpl.java:<init>(95)) - aa0dc749-c5c6-42fe-9090-614dbc11ef72: new RaftServerImpl for group-75A3C2F01D6F:[aa0dc749-c5c6-42fe-9090-614dbc11ef72:192.168.30.17:38795] with ContainerStateMachine:uninitialized
2019-10-06 12:28:38,182 [pool-443-thread-1] INFO  server.RaftServerConfigKeys (ConfUtils.java:logGet(43)) - raft.server.rpc.timeout.min = 5s (custom)
2019-10-06 12:28:38,182 [pool-443-thread-1] INFO  server.RaftServerConfigKeys (ConfUtils.java:logGet(43)) - raft.server.rpc.timeout.max = 5200ms (custom)
2019-10-06 12:28:38,182 [pool-443-thread-1] INFO  server.RaftServerConfigKeys (ConfUtils.java:logGet(43)) - raft.server.rpcslowness.timeout = 120s (custom)
2019-10-06 12:28:38,182 [pool-443-thread-1] INFO  server.RaftServerConfigKeys (ConfUtils.java:logGet(43)) - raft.server.sleep.deviation.threshold = 300 (default)
2019-10-06 12:28:38,186 [pool-443-thread-1] INFO  server.RaftServerConfigKeys (ConfUtils.java:logGet(43)) - raft.server.log.appender.install.snapshot.enabled = false (custom)
2019-10-06 12:28:38,186 [pool-443-thread-1] INFO  impl.RaftServerImpl (ServerState.java:<init>(103)) - aa0dc749-c5c6-42fe-9090-614dbc11ef72@group-75A3C2F01D6F: ConfigurationManager, init=-1: [aa0dc749-c5c6-42fe-9090-614dbc11ef72:192.168.30.17:38795], old=null, confs=<EMPTY_MAP>
2019-10-06 12:28:38,186 [pool-443-thread-1] INFO  server.RaftServerConfigKeys (ConfUtils.java:logGet(43)) - raft.server.storage.dir = [/workdir/hadoop-ozone/integration-test/target/test-dir/MiniOzoneClusterImpl-e7816d2d-1792-413d-b8e2-b0f84706c98d/datanode-6/data/ratis] (custom)
2019-10-06 12:28:38,186 [pool-443-thread-1] INFO  server.RaftServerConfigKeys (ConfUtils.java:logGet(43)) - raft.server.log.corruption.policy = EXCEPTION (default)
2019-10-06 12:28:38,186 [pool-443-thread-1] INFO  storage.RaftStorageDirectory (RaftStorageDirectory.java:analyzeStorage(246)) - The storage directory /workdir/hadoop-ozone/integration-test/target/test-dir/MiniOzoneClusterImpl-e7816d2d-1792-413d-b8e2-b0f84706c98d/datanode-6/data/ratis/74e84edd-2a4d-4529-a466-75a3c2f01d6f does not exist. Creating ...
2019-10-06 12:28:38,198 [main] INFO  rpc.RpcClient (RpcClient.java:createBucket(416)) - Creating Bucket: watchforcommithandlingtest/watchforcommithandlingtest, with Versioning false and Storage Type set to DISK and Encryption set to false 
2019-10-06 12:28:38,203 [main] INFO  ozone.MiniOzoneClusterImpl (MiniOzoneClusterImpl.java:getStorageContainerLocationClient(234)) - Creating StorageContainerLocationProtocol RPC client with address /0.0.0.0:37955
2019-10-06 12:28:38,211 [pool-443-thread-1] INFO  storage.RaftStorageDirectory (RaftStorageDirectory.java:tryLock(328)) - Lock on /workdir/hadoop-ozone/integration-test/target/test-dir/MiniOzoneClusterImpl-e7816d2d-1792-413d-b8e2-b0f84706c98d/datanode-6/data/ratis/74e84edd-2a4d-4529-a466-75a3c2f01d6f/in_use.lock acquired by nodename 11948@ozone-build-dev-sjjt9-54166716
2019-10-06 12:28:38,224 [pool-443-thread-1] INFO  storage.RaftStorage (RaftStorage.java:format(84)) - Storage directory /workdir/hadoop-ozone/integration-test/target/test-dir/MiniOzoneClusterImpl-e7816d2d-1792-413d-b8e2-b0f84706c98d/datanode-6/data/ratis/74e84edd-2a4d-4529-a466-75a3c2f01d6f has been successfully formatted.
2019-10-06 12:28:38,225 [pool-443-thread-1] INFO  ratis.ContainerStateMachine (ContainerStateMachine.java:loadSnapshot(230)) - group-75A3C2F01D6F: The snapshot info is null. Setting the last applied indexto:(t:0, i:~)
2019-10-06 12:28:38,225 [pool-443-thread-1] INFO  server.RaftServerConfigKeys (ConfUtils.java:logGet(43)) - raft.server.notification.no-leader.timeout = 120s (custom)
2019-10-06 12:28:38,225 [pool-443-thread-1] INFO  server.RaftServerConfigKeys (ConfUtils.java:logGet(43)) - raft.server.log.use.memory = false (default)
2019-10-06 12:28:38,225 [pool-443-thread-1] INFO  server.RaftServerConfigKeys (ConfUtils.java:logGet(43)) - raft.server.log.purge.gap = 1000000 (custom)
2019-10-06 12:28:38,226 [pool-443-thread-1] INFO  server.RaftServerConfigKeys (ConfUtils.java:logGet(43)) - raft.server.log.appender.buffer.byte-limit = 33554432 (custom)
2019-10-06 12:28:38,226 [pool-443-thread-1] INFO  server.RaftServerConfigKeys (ConfUtils.java:logGet(43)) - raft.server.log.segment.size.max = 1048576 (custom)
2019-10-06 12:28:38,228 [pool-443-thread-1] INFO  server.RaftServerConfigKeys (ConfUtils.java:logGet(43)) - raft.server.log.segment.cache.num.max = 2 (custom)
2019-10-06 12:28:38,228 [pool-443-thread-1] INFO  segmented.SegmentedRaftLogWorker (SegmentedRaftLogWorker.java:<init>(173)) - new aa0dc749-c5c6-42fe-9090-614dbc11ef72@group-75A3C2F01D6F-SegmentedRaftLogWorker for RaftStorage:Storage Directory /workdir/hadoop-ozone/integration-test/target/test-dir/MiniOzoneClusterImpl-e7816d2d-1792-413d-b8e2-b0f84706c98d/datanode-6/data/ratis/74e84edd-2a4d-4529-a466-75a3c2f01d6f
2019-10-06 12:28:38,228 [pool-443-thread-1] INFO  server.RaftServerConfigKeys (ConfUtils.java:logGet(43)) - raft.server.log.queue.byte-limit = 2147483647 (custom)
2019-10-06 12:28:38,229 [pool-443-thread-1] INFO  server.RaftServerConfigKeys (ConfUtils.java:logGet(43)) - raft.server.log.queue.element-limit = 1024 (custom)
2019-10-06 12:28:38,229 [pool-443-thread-1] INFO  server.RaftServerConfigKeys (ConfUtils.java:logGet(43)) - raft.server.log.segment.size.max = 1048576 (custom)
2019-10-06 12:28:38,229 [pool-443-thread-1] INFO  server.RaftServerConfigKeys (ConfUtils.java:logGet(43)) - raft.server.log.preallocated.size = 16384 (custom)
2019-10-06 12:28:38,229 [pool-443-thread-1] INFO  server.RaftServerConfigKeys (ConfUtils.java:logGet(43)) - raft.server.log.write.buffer.size = 33554432 (custom)
2019-10-06 12:28:38,229 [pool-443-thread-1] INFO  server.RaftServerConfigKeys (ConfUtils.java:logGet(43)) - raft.server.log.force.sync.num = 128 (default)
2019-10-06 12:28:38,229 [pool-443-thread-1] INFO  server.RaftServerConfigKeys (ConfUtils.java:logGet(43)) - raft.server.log.statemachine.data.sync = true (default)
2019-10-06 12:28:38,230 [pool-443-thread-1] INFO  server.RaftServerConfigKeys (ConfUtils.java:logGet(43)) - raft.server.log.statemachine.data.sync.timeout = 10s (default)
2019-10-06 12:28:38,230 [pool-443-thread-1] INFO  server.RaftServerConfigKeys (ConfUtils.java:logGet(43)) - raft.server.log.statemachine.data.sync.timeout.retry = -1 (default)
2019-10-06 12:28:38,230 [pool-443-thread-1] INFO  server.RaftServerConfigKeys (ConfUtils.java:logGet(43)) - raft.server.log.statemachine.data.caching.enabled = true (custom)
2019-10-06 12:28:38,231 [pool-443-thread-1] INFO  segmented.SegmentedRaftLogWorker (SegmentedRaftLogWorker.java:lambda$new$0(128)) - aa0dc749-c5c6-42fe-9090-614dbc11ef72@group-75A3C2F01D6F-SegmentedRaftLogWorker: flushIndex: setUnconditionally 0 -> -1
2019-10-06 12:28:38,231 [pool-443-thread-1] INFO  server.RaftServerConfigKeys (ConfUtils.java:logGet(43)) - raft.server.snapshot.auto.trigger.enabled = true (custom)
2019-10-06 12:28:38,231 [pool-443-thread-1] INFO  server.RaftServerConfigKeys (ConfUtils.java:logGet(43)) - raft.server.snapshot.auto.trigger.threshold = 10000 (custom)
2019-10-06 12:28:38,231 [pool-443-thread-1] INFO  server.RaftServerConfigKeys (ConfUtils.java:logGet(43)) - raft.server.snapshot.retention.file.num = 5 (custom)
2019-10-06 12:28:38,232 [pool-443-thread-1] INFO  server.RaftServerConfigKeys (ConfUtils.java:logGet(43)) - raft.server.retrycache.expirytime = 600000ms (custom)
2019-10-06 12:28:38,234 [pool-443-thread-1] INFO  impl.RaftServerImpl (RaftServerImpl.java:start(181)) - aa0dc749-c5c6-42fe-9090-614dbc11ef72@group-75A3C2F01D6F: start as a follower, conf=-1: [aa0dc749-c5c6-42fe-9090-614dbc11ef72:192.168.30.17:38795], old=null
2019-10-06 12:28:38,234 [pool-443-thread-1] INFO  impl.RaftServerImpl (RaftServerImpl.java:setRole(170)) - aa0dc749-c5c6-42fe-9090-614dbc11ef72@group-75A3C2F01D6F: changes role from      null to FOLLOWER at term 0 for startAsFollower
2019-10-06 12:28:38,234 [pool-443-thread-1] INFO  impl.RoleInfo (RoleInfo.java:updateAndGet(143)) - aa0dc749-c5c6-42fe-9090-614dbc11ef72: start FollowerState
2019-10-06 12:28:38,235 [pool-443-thread-1] INFO  util.JmxRegister (JmxRegister.java:tryRegister(44)) - Successfully registered JMX Bean with object name Ratis:service=RaftServer,group=group-75A3C2F01D6F,id=aa0dc749-c5c6-42fe-9090-614dbc11ef72
2019-10-06 12:28:38,245 [RatisPipelineUtilsThread] INFO  pipeline.PipelineStateManager (PipelineStateManager.java:addPipeline(56)) - Created pipeline Pipeline[ Id: 74e84edd-2a4d-4529-a466-75a3c2f01d6f, Nodes: aa0dc749-c5c6-42fe-9090-614dbc11ef72{ip: 192.168.30.17, host: ozone-build-dev-sjjt9-54166716, networkLocation: /default-rack, certSerialId: null}, Type:RATIS, Factor:ONE, State:OPEN]
2019-10-06 12:28:38,288 [grpc-default-executor-3] INFO  impl.RaftServerProxy (RaftServerProxy.java:addNew(89)) - e6ae14e8-055a-4702-bf9f-ff1574fcf8fe: addNew group-68079B848382:[aa0dc749-c5c6-42fe-9090-614dbc11ef72:192.168.30.17:38795, e6ae14e8-055a-4702-bf9f-ff1574fcf8fe:192.168.30.17:33570, 0e669c8c-9fd7-46ff-aa08-d0c72283c21b:192.168.30.17:39200] returns group-68079B848382:java.util.concurrent.CompletableFuture@63ebd981[Not completed]
2019-10-06 12:28:38,288 [grpc-default-executor-4] INFO  impl.RaftServerProxy (RaftServerProxy.java:addNew(89)) - 0e669c8c-9fd7-46ff-aa08-d0c72283c21b: addNew group-68079B848382:[aa0dc749-c5c6-42fe-9090-614dbc11ef72:192.168.30.17:38795, e6ae14e8-055a-4702-bf9f-ff1574fcf8fe:192.168.30.17:33570, 0e669c8c-9fd7-46ff-aa08-d0c72283c21b:192.168.30.17:39200] returns group-68079B848382:java.util.concurrent.CompletableFuture@5a134ec7[Not completed]
2019-10-06 12:28:38,288 [grpc-default-executor-5] INFO  impl.RaftServerProxy (RaftServerProxy.java:addNew(89)) - aa0dc749-c5c6-42fe-9090-614dbc11ef72: addNew group-68079B848382:[aa0dc749-c5c6-42fe-9090-614dbc11ef72:192.168.30.17:38795, e6ae14e8-055a-4702-bf9f-ff1574fcf8fe:192.168.30.17:33570, 0e669c8c-9fd7-46ff-aa08-d0c72283c21b:192.168.30.17:39200] returns group-68079B848382:java.util.concurrent.CompletableFuture@30b11e66[Not completed]
2019-10-06 12:28:38,289 [pool-443-thread-1] INFO  impl.RaftServerImpl (RaftServerImpl.java:<init>(95)) - aa0dc749-c5c6-42fe-9090-614dbc11ef72: new RaftServerImpl for group-68079B848382:[aa0dc749-c5c6-42fe-9090-614dbc11ef72:192.168.30.17:38795, e6ae14e8-055a-4702-bf9f-ff1574fcf8fe:192.168.30.17:33570, 0e669c8c-9fd7-46ff-aa08-d0c72283c21b:192.168.30.17:39200] with ContainerStateMachine:uninitialized
2019-10-06 12:28:38,290 [pool-443-thread-1] INFO  server.RaftServerConfigKeys (ConfUtils.java:logGet(43)) - raft.server.rpc.timeout.min = 5s (custom)
2019-10-06 12:28:38,290 [pool-443-thread-1] INFO  server.RaftServerConfigKeys (ConfUtils.java:logGet(43)) - raft.server.rpc.timeout.max = 5200ms (custom)
2019-10-06 12:28:38,290 [pool-443-thread-1] INFO  server.RaftServerConfigKeys (ConfUtils.java:logGet(43)) - raft.server.rpcslowness.timeout = 120s (custom)
2019-10-06 12:28:38,290 [pool-443-thread-1] INFO  server.RaftServerConfigKeys (ConfUtils.java:logGet(43)) - raft.server.sleep.deviation.threshold = 300 (default)
2019-10-06 12:28:38,290 [pool-443-thread-1] INFO  server.RaftServerConfigKeys (ConfUtils.java:logGet(43)) - raft.server.log.appender.install.snapshot.enabled = false (custom)
2019-10-06 12:28:38,290 [pool-443-thread-1] INFO  impl.RaftServerImpl (ServerState.java:<init>(103)) - aa0dc749-c5c6-42fe-9090-614dbc11ef72@group-68079B848382: ConfigurationManager, init=-1: [aa0dc749-c5c6-42fe-9090-614dbc11ef72:192.168.30.17:38795, e6ae14e8-055a-4702-bf9f-ff1574fcf8fe:192.168.30.17:33570, 0e669c8c-9fd7-46ff-aa08-d0c72283c21b:192.168.30.17:39200], old=null, confs=<EMPTY_MAP>
2019-10-06 12:28:38,290 [pool-413-thread-1] INFO  impl.RaftServerImpl (RaftServerImpl.java:<init>(95)) - 0e669c8c-9fd7-46ff-aa08-d0c72283c21b: new RaftServerImpl for group-68079B848382:[aa0dc749-c5c6-42fe-9090-614dbc11ef72:192.168.30.17:38795, e6ae14e8-055a-4702-bf9f-ff1574fcf8fe:192.168.30.17:33570, 0e669c8c-9fd7-46ff-aa08-d0c72283c21b:192.168.30.17:39200] with ContainerStateMachine:uninitialized
2019-10-06 12:28:38,290 [pool-443-thread-1] INFO  server.RaftServerConfigKeys (ConfUtils.java:logGet(43)) - raft.server.storage.dir = [/workdir/hadoop-ozone/integration-test/target/test-dir/MiniOzoneClusterImpl-e7816d2d-1792-413d-b8e2-b0f84706c98d/datanode-6/data/ratis] (custom)
2019-10-06 12:28:38,290 [pool-413-thread-1] INFO  server.RaftServerConfigKeys (ConfUtils.java:logGet(43)) - raft.server.rpc.timeout.min = 5s (custom)
2019-10-06 12:28:38,290 [pool-443-thread-1] INFO  server.RaftServerConfigKeys (ConfUtils.java:logGet(43)) - raft.server.log.corruption.policy = EXCEPTION (default)
2019-10-06 12:28:38,291 [pool-413-thread-1] INFO  server.RaftServerConfigKeys (ConfUtils.java:logGet(43)) - raft.server.rpc.timeout.max = 5200ms (custom)
2019-10-06 12:28:38,291 [pool-443-thread-1] INFO  storage.RaftStorageDirectory (RaftStorageDirectory.java:analyzeStorage(246)) - The storage directory /workdir/hadoop-ozone/integration-test/target/test-dir/MiniOzoneClusterImpl-e7816d2d-1792-413d-b8e2-b0f84706c98d/datanode-6/data/ratis/6aa2be92-eb43-437c-866f-68079b848382 does not exist. Creating ...
2019-10-06 12:28:38,291 [pool-413-thread-1] INFO  server.RaftServerConfigKeys (ConfUtils.java:logGet(43)) - raft.server.rpcslowness.timeout = 120s (custom)
2019-10-06 12:28:38,291 [pool-423-thread-1] INFO  impl.RaftServerImpl (RaftServerImpl.java:<init>(95)) - e6ae14e8-055a-4702-bf9f-ff1574fcf8fe: new RaftServerImpl for group-68079B848382:[aa0dc749-c5c6-42fe-9090-614dbc11ef72:192.168.30.17:38795, e6ae14e8-055a-4702-bf9f-ff1574fcf8fe:192.168.30.17:33570, 0e669c8c-9fd7-46ff-aa08-d0c72283c21b:192.168.30.17:39200] with ContainerStateMachine:uninitialized
2019-10-06 12:28:38,291 [pool-413-thread-1] INFO  server.RaftServerConfigKeys (ConfUtils.java:logGet(43)) - raft.server.sleep.deviation.threshold = 300 (default)
2019-10-06 12:28:38,291 [pool-423-thread-1] INFO  server.RaftServerConfigKeys (ConfUtils.java:logGet(43)) - raft.server.rpc.timeout.min = 5s (custom)
2019-10-06 12:28:38,291 [pool-413-thread-1] INFO  server.RaftServerConfigKeys (ConfUtils.java:logGet(43)) - raft.server.log.appender.install.snapshot.enabled = false (custom)
2019-10-06 12:28:38,291 [pool-423-thread-1] INFO  server.RaftServerConfigKeys (ConfUtils.java:logGet(43)) - raft.server.rpc.timeout.max = 5200ms (custom)
2019-10-06 12:28:38,292 [pool-413-thread-1] INFO  impl.RaftServerImpl (ServerState.java:<init>(103)) - 0e669c8c-9fd7-46ff-aa08-d0c72283c21b@group-68079B848382: ConfigurationManager, init=-1: [aa0dc749-c5c6-42fe-9090-614dbc11ef72:192.168.30.17:38795, e6ae14e8-055a-4702-bf9f-ff1574fcf8fe:192.168.30.17:33570, 0e669c8c-9fd7-46ff-aa08-d0c72283c21b:192.168.30.17:39200], old=null, confs=<EMPTY_MAP>
2019-10-06 12:28:38,292 [pool-423-thread-1] INFO  server.RaftServerConfigKeys (ConfUtils.java:logGet(43)) - raft.server.rpcslowness.timeout = 120s (custom)
2019-10-06 12:28:38,292 [pool-413-thread-1] INFO  server.RaftServerConfigKeys (ConfUtils.java:logGet(43)) - raft.server.storage.dir = [/workdir/hadoop-ozone/integration-test/target/test-dir/MiniOzoneClusterImpl-e7816d2d-1792-413d-b8e2-b0f84706c98d/datanode-3/data/ratis] (custom)
2019-10-06 12:28:38,292 [pool-423-thread-1] INFO  server.RaftServerConfigKeys (ConfUtils.java:logGet(43)) - raft.server.sleep.deviation.threshold = 300 (default)
2019-10-06 12:28:38,292 [pool-423-thread-1] INFO  server.RaftServerConfigKeys (ConfUtils.java:logGet(43)) - raft.server.log.appender.install.snapshot.enabled = false (custom)
2019-10-06 12:28:38,292 [pool-413-thread-1] INFO  server.RaftServerConfigKeys (ConfUtils.java:logGet(43)) - raft.server.log.corruption.policy = EXCEPTION (default)
2019-10-06 12:28:38,292 [pool-423-thread-1] INFO  impl.RaftServerImpl (ServerState.java:<init>(103)) - e6ae14e8-055a-4702-bf9f-ff1574fcf8fe@group-68079B848382: ConfigurationManager, init=-1: [aa0dc749-c5c6-42fe-9090-614dbc11ef72:192.168.30.17:38795, e6ae14e8-055a-4702-bf9f-ff1574fcf8fe:192.168.30.17:33570, 0e669c8c-9fd7-46ff-aa08-d0c72283c21b:192.168.30.17:39200], old=null, confs=<EMPTY_MAP>
2019-10-06 12:28:38,293 [pool-413-thread-1] INFO  storage.RaftStorageDirectory (RaftStorageDirectory.java:analyzeStorage(246)) - The storage directory /workdir/hadoop-ozone/integration-test/target/test-dir/MiniOzoneClusterImpl-e7816d2d-1792-413d-b8e2-b0f84706c98d/datanode-3/data/ratis/6aa2be92-eb43-437c-866f-68079b848382 does not exist. Creating ...
2019-10-06 12:28:38,293 [pool-423-thread-1] INFO  server.RaftServerConfigKeys (ConfUtils.java:logGet(43)) - raft.server.storage.dir = [/workdir/hadoop-ozone/integration-test/target/test-dir/MiniOzoneClusterImpl-e7816d2d-1792-413d-b8e2-b0f84706c98d/datanode-4/data/ratis] (custom)
2019-10-06 12:28:38,293 [pool-423-thread-1] INFO  server.RaftServerConfigKeys (ConfUtils.java:logGet(43)) - raft.server.log.corruption.policy = EXCEPTION (default)
2019-10-06 12:28:38,293 [pool-423-thread-1] INFO  storage.RaftStorageDirectory (RaftStorageDirectory.java:analyzeStorage(246)) - The storage directory /workdir/hadoop-ozone/integration-test/target/test-dir/MiniOzoneClusterImpl-e7816d2d-1792-413d-b8e2-b0f84706c98d/datanode-4/data/ratis/6aa2be92-eb43-437c-866f-68079b848382 does not exist. Creating ...
2019-10-06 12:28:38,304 [pool-423-thread-1] INFO  storage.RaftStorageDirectory (RaftStorageDirectory.java:tryLock(328)) - Lock on /workdir/hadoop-ozone/integration-test/target/test-dir/MiniOzoneClusterImpl-e7816d2d-1792-413d-b8e2-b0f84706c98d/datanode-4/data/ratis/6aa2be92-eb43-437c-866f-68079b848382/in_use.lock acquired by nodename 11948@ozone-build-dev-sjjt9-54166716
2019-10-06 12:28:38,304 [pool-443-thread-1] INFO  storage.RaftStorageDirectory (RaftStorageDirectory.java:tryLock(328)) - Lock on /workdir/hadoop-ozone/integration-test/target/test-dir/MiniOzoneClusterImpl-e7816d2d-1792-413d-b8e2-b0f84706c98d/datanode-6/data/ratis/6aa2be92-eb43-437c-866f-68079b848382/in_use.lock acquired by nodename 11948@ozone-build-dev-sjjt9-54166716
2019-10-06 12:28:38,304 [pool-413-thread-1] INFO  storage.RaftStorageDirectory (RaftStorageDirectory.java:tryLock(328)) - Lock on /workdir/hadoop-ozone/integration-test/target/test-dir/MiniOzoneClusterImpl-e7816d2d-1792-413d-b8e2-b0f84706c98d/datanode-3/data/ratis/6aa2be92-eb43-437c-866f-68079b848382/in_use.lock acquired by nodename 11948@ozone-build-dev-sjjt9-54166716
2019-10-06 12:28:38,318 [pool-443-thread-1] INFO  storage.RaftStorage (RaftStorage.java:format(84)) - Storage directory /workdir/hadoop-ozone/integration-test/target/test-dir/MiniOzoneClusterImpl-e7816d2d-1792-413d-b8e2-b0f84706c98d/datanode-6/data/ratis/6aa2be92-eb43-437c-866f-68079b848382 has been successfully formatted.
2019-10-06 12:28:38,318 [pool-413-thread-1] INFO  storage.RaftStorage (RaftStorage.java:format(84)) - Storage directory /workdir/hadoop-ozone/integration-test/target/test-dir/MiniOzoneClusterImpl-e7816d2d-1792-413d-b8e2-b0f84706c98d/datanode-3/data/ratis/6aa2be92-eb43-437c-866f-68079b848382 has been successfully formatted.
2019-10-06 12:28:38,318 [pool-443-thread-1] INFO  ratis.ContainerStateMachine (ContainerStateMachine.java:loadSnapshot(230)) - group-68079B848382: The snapshot info is null. Setting the last applied indexto:(t:0, i:~)
2019-10-06 12:28:38,318 [pool-423-thread-1] INFO  storage.RaftStorage (RaftStorage.java:format(84)) - Storage directory /workdir/hadoop-ozone/integration-test/target/test-dir/MiniOzoneClusterImpl-e7816d2d-1792-413d-b8e2-b0f84706c98d/datanode-4/data/ratis/6aa2be92-eb43-437c-866f-68079b848382 has been successfully formatted.
2019-10-06 12:28:38,318 [pool-443-thread-1] INFO  server.RaftServerConfigKeys (ConfUtils.java:logGet(43)) - raft.server.notification.no-leader.timeout = 120s (custom)
2019-10-06 12:28:38,318 [pool-423-thread-1] INFO  ratis.ContainerStateMachine (ContainerStateMachine.java:loadSnapshot(230)) - group-68079B848382: The snapshot info is null. Setting the last applied indexto:(t:0, i:~)
2019-10-06 12:28:38,318 [pool-443-thread-1] INFO  server.RaftServerConfigKeys (ConfUtils.java:logGet(43)) - raft.server.log.use.memory = false (default)
2019-10-06 12:28:38,318 [pool-423-thread-1] INFO  server.RaftServerConfigKeys (ConfUtils.java:logGet(43)) - raft.server.notification.no-leader.timeout = 120s (custom)
2019-10-06 12:28:38,318 [pool-443-thread-1] INFO  server.RaftServerConfigKeys (ConfUtils.java:logGet(43)) - raft.server.log.purge.gap = 1000000 (custom)
2019-10-06 12:28:38,319 [pool-423-thread-1] INFO  server.RaftServerConfigKeys (ConfUtils.java:logGet(43)) - raft.server.log.use.memory = false (default)
2019-10-06 12:28:38,319 [pool-443-thread-1] INFO  server.RaftServerConfigKeys (ConfUtils.java:logGet(43)) - raft.server.log.appender.buffer.byte-limit = 33554432 (custom)
2019-10-06 12:28:38,319 [pool-413-thread-1] INFO  ratis.ContainerStateMachine (ContainerStateMachine.java:loadSnapshot(230)) - group-68079B848382: The snapshot info is null. Setting the last applied indexto:(t:0, i:~)
2019-10-06 12:28:38,319 [pool-423-thread-1] INFO  server.RaftServerConfigKeys (ConfUtils.java:logGet(43)) - raft.server.log.purge.gap = 1000000 (custom)
2019-10-06 12:28:38,319 [pool-413-thread-1] INFO  server.RaftServerConfigKeys (ConfUtils.java:logGet(43)) - raft.server.notification.no-leader.timeout = 120s (custom)
2019-10-06 12:28:38,319 [pool-443-thread-1] INFO  server.RaftServerConfigKeys (ConfUtils.java:logGet(43)) - raft.server.log.segment.size.max = 1048576 (custom)
2019-10-06 12:28:38,319 [pool-413-thread-1] INFO  server.RaftServerConfigKeys (ConfUtils.java:logGet(43)) - raft.server.log.use.memory = false (default)
2019-10-06 12:28:38,319 [pool-423-thread-1] INFO  server.RaftServerConfigKeys (ConfUtils.java:logGet(43)) - raft.server.log.appender.buffer.byte-limit = 33554432 (custom)
2019-10-06 12:28:38,319 [pool-413-thread-1] INFO  server.RaftServerConfigKeys (ConfUtils.java:logGet(43)) - raft.server.log.purge.gap = 1000000 (custom)
2019-10-06 12:28:38,319 [pool-443-thread-1] INFO  server.RaftServerConfigKeys (ConfUtils.java:logGet(43)) - raft.server.log.segment.cache.num.max = 2 (custom)
2019-10-06 12:28:38,320 [pool-413-thread-1] INFO  server.RaftServerConfigKeys (ConfUtils.java:logGet(43)) - raft.server.log.appender.buffer.byte-limit = 33554432 (custom)
2019-10-06 12:28:38,319 [pool-423-thread-1] INFO  server.RaftServerConfigKeys (ConfUtils.java:logGet(43)) - raft.server.log.segment.size.max = 1048576 (custom)
2019-10-06 12:28:38,320 [pool-413-thread-1] INFO  server.RaftServerConfigKeys (ConfUtils.java:logGet(43)) - raft.server.log.segment.size.max = 1048576 (custom)
2019-10-06 12:28:38,320 [pool-443-thread-1] INFO  segmented.SegmentedRaftLogWorker (SegmentedRaftLogWorker.java:<init>(173)) - new aa0dc749-c5c6-42fe-9090-614dbc11ef72@group-68079B848382-SegmentedRaftLogWorker for RaftStorage:Storage Directory /workdir/hadoop-ozone/integration-test/target/test-dir/MiniOzoneClusterImpl-e7816d2d-1792-413d-b8e2-b0f84706c98d/datanode-6/data/ratis/6aa2be92-eb43-437c-866f-68079b848382
2019-10-06 12:28:38,320 [pool-413-thread-1] INFO  server.RaftServerConfigKeys (ConfUtils.java:logGet(43)) - raft.server.log.segment.cache.num.max = 2 (custom)
2019-10-06 12:28:38,320 [pool-423-thread-1] INFO  server.RaftServerConfigKeys (ConfUtils.java:logGet(43)) - raft.server.log.segment.cache.num.max = 2 (custom)
2019-10-06 12:28:38,320 [pool-413-thread-1] INFO  segmented.SegmentedRaftLogWorker (SegmentedRaftLogWorker.java:<init>(173)) - new 0e669c8c-9fd7-46ff-aa08-d0c72283c21b@group-68079B848382-SegmentedRaftLogWorker for RaftStorage:Storage Directory /workdir/hadoop-ozone/integration-test/target/test-dir/MiniOzoneClusterImpl-e7816d2d-1792-413d-b8e2-b0f84706c98d/datanode-3/data/ratis/6aa2be92-eb43-437c-866f-68079b848382
2019-10-06 12:28:38,320 [pool-443-thread-1] INFO  server.RaftServerConfigKeys (ConfUtils.java:logGet(43)) - raft.server.log.queue.byte-limit = 2147483647 (custom)
2019-10-06 12:28:38,321 [pool-413-thread-1] INFO  server.RaftServerConfigKeys (ConfUtils.java:logGet(43)) - raft.server.log.queue.byte-limit = 2147483647 (custom)
2019-10-06 12:28:38,321 [pool-423-thread-1] INFO  segmented.SegmentedRaftLogWorker (SegmentedRaftLogWorker.java:<init>(173)) - new e6ae14e8-055a-4702-bf9f-ff1574fcf8fe@group-68079B848382-SegmentedRaftLogWorker for RaftStorage:Storage Directory /workdir/hadoop-ozone/integration-test/target/test-dir/MiniOzoneClusterImpl-e7816d2d-1792-413d-b8e2-b0f84706c98d/datanode-4/data/ratis/6aa2be92-eb43-437c-866f-68079b848382
2019-10-06 12:28:38,321 [pool-413-thread-1] INFO  server.RaftServerConfigKeys (ConfUtils.java:logGet(43)) - raft.server.log.queue.element-limit = 1024 (custom)
2019-10-06 12:28:38,321 [pool-443-thread-1] INFO  server.RaftServerConfigKeys (ConfUtils.java:logGet(43)) - raft.server.log.queue.element-limit = 1024 (custom)
2019-10-06 12:28:38,321 [pool-413-thread-1] INFO  server.RaftServerConfigKeys (ConfUtils.java:logGet(43)) - raft.server.log.segment.size.max = 1048576 (custom)
2019-10-06 12:28:38,321 [pool-423-thread-1] INFO  server.RaftServerConfigKeys (ConfUtils.java:logGet(43)) - raft.server.log.queue.byte-limit = 2147483647 (custom)
2019-10-06 12:28:38,321 [pool-413-thread-1] INFO  server.RaftServerConfigKeys (ConfUtils.java:logGet(43)) - raft.server.log.preallocated.size = 16384 (custom)
2019-10-06 12:28:38,321 [pool-443-thread-1] INFO  server.RaftServerConfigKeys (ConfUtils.java:logGet(43)) - raft.server.log.segment.size.max = 1048576 (custom)
2019-10-06 12:28:38,322 [pool-413-thread-1] INFO  server.RaftServerConfigKeys (ConfUtils.java:logGet(43)) - raft.server.log.write.buffer.size = 33554432 (custom)
2019-10-06 12:28:38,322 [pool-413-thread-1] INFO  server.RaftServerConfigKeys (ConfUtils.java:logGet(43)) - raft.server.log.force.sync.num = 128 (default)
2019-10-06 12:28:38,321 [pool-423-thread-1] INFO  server.RaftServerConfigKeys (ConfUtils.java:logGet(43)) - raft.server.log.queue.element-limit = 1024 (custom)
2019-10-06 12:28:38,322 [pool-413-thread-1] INFO  server.RaftServerConfigKeys (ConfUtils.java:logGet(43)) - raft.server.log.statemachine.data.sync = true (default)
2019-10-06 12:28:38,322 [pool-413-thread-1] INFO  server.RaftServerConfigKeys (ConfUtils.java:logGet(43)) - raft.server.log.statemachine.data.sync.timeout = 10s (default)
2019-10-06 12:28:38,322 [pool-443-thread-1] INFO  server.RaftServerConfigKeys (ConfUtils.java:logGet(43)) - raft.server.log.preallocated.size = 16384 (custom)
2019-10-06 12:28:38,322 [pool-413-thread-1] INFO  server.RaftServerConfigKeys (ConfUtils.java:logGet(43)) - raft.server.log.statemachine.data.sync.timeout.retry = -1 (default)
2019-10-06 12:28:38,322 [pool-423-thread-1] INFO  server.RaftServerConfigKeys (ConfUtils.java:logGet(43)) - raft.server.log.segment.size.max = 1048576 (custom)
2019-10-06 12:28:38,323 [pool-413-thread-1] INFO  server.RaftServerConfigKeys (ConfUtils.java:logGet(43)) - raft.server.log.statemachine.data.caching.enabled = true (custom)
2019-10-06 12:28:38,322 [pool-443-thread-1] INFO  server.RaftServerConfigKeys (ConfUtils.java:logGet(43)) - raft.server.log.write.buffer.size = 33554432 (custom)
2019-10-06 12:28:38,323 [pool-423-thread-1] INFO  server.RaftServerConfigKeys (ConfUtils.java:logGet(43)) - raft.server.log.preallocated.size = 16384 (custom)
2019-10-06 12:28:38,323 [pool-413-thread-1] INFO  segmented.SegmentedRaftLogWorker (SegmentedRaftLogWorker.java:lambda$new$0(128)) - 0e669c8c-9fd7-46ff-aa08-d0c72283c21b@group-68079B848382-SegmentedRaftLogWorker: flushIndex: setUnconditionally 0 -> -1
2019-10-06 12:28:38,323 [pool-443-thread-1] INFO  server.RaftServerConfigKeys (ConfUtils.java:logGet(43)) - raft.server.log.force.sync.num = 128 (default)
2019-10-06 12:28:38,323 [pool-423-thread-1] INFO  server.RaftServerConfigKeys (ConfUtils.java:logGet(43)) - raft.server.log.write.buffer.size = 33554432 (custom)
2019-10-06 12:28:38,323 [pool-443-thread-1] INFO  server.RaftServerConfigKeys (ConfUtils.java:logGet(43)) - raft.server.log.statemachine.data.sync = true (default)
2019-10-06 12:28:38,323 [pool-413-thread-1] INFO  server.RaftServerConfigKeys (ConfUtils.java:logGet(43)) - raft.server.snapshot.auto.trigger.enabled = true (custom)
2019-10-06 12:28:38,323 [pool-443-thread-1] INFO  server.RaftServerConfigKeys (ConfUtils.java:logGet(43)) - raft.server.log.statemachine.data.sync.timeout = 10s (default)
2019-10-06 12:28:38,323 [pool-423-thread-1] INFO  server.RaftServerConfigKeys (ConfUtils.java:logGet(43)) - raft.server.log.force.sync.num = 128 (default)
2019-10-06 12:28:38,324 [pool-443-thread-1] INFO  server.RaftServerConfigKeys (ConfUtils.java:logGet(43)) - raft.server.log.statemachine.data.sync.timeout.retry = -1 (default)
2019-10-06 12:28:38,324 [pool-413-thread-1] INFO  server.RaftServerConfigKeys (ConfUtils.java:logGet(43)) - raft.server.snapshot.auto.trigger.threshold = 10000 (custom)
2019-10-06 12:28:38,324 [pool-443-thread-1] INFO  server.RaftServerConfigKeys (ConfUtils.java:logGet(43)) - raft.server.log.statemachine.data.caching.enabled = true (custom)
2019-10-06 12:28:38,324 [pool-423-thread-1] INFO  server.RaftServerConfigKeys (ConfUtils.java:logGet(43)) - raft.server.log.statemachine.data.sync = true (default)
2019-10-06 12:28:38,324 [pool-413-thread-1] INFO  server.RaftServerConfigKeys (ConfUtils.java:logGet(43)) - raft.server.snapshot.retention.file.num = 5 (custom)
2019-10-06 12:28:38,324 [pool-443-thread-1] INFO  segmented.SegmentedRaftLogWorker (SegmentedRaftLogWorker.java:lambda$new$0(128)) - aa0dc749-c5c6-42fe-9090-614dbc11ef72@group-68079B848382-SegmentedRaftLogWorker: flushIndex: setUnconditionally 0 -> -1
2019-10-06 12:28:38,324 [pool-423-thread-1] INFO  server.RaftServerConfigKeys (ConfUtils.java:logGet(43)) - raft.server.log.statemachine.data.sync.timeout = 10s (default)
2019-10-06 12:28:38,324 [pool-413-thread-1] INFO  server.RaftServerConfigKeys (ConfUtils.java:logGet(43)) - raft.server.retrycache.expirytime = 600000ms (custom)
2019-10-06 12:28:38,325 [pool-443-thread-1] INFO  server.RaftServerConfigKeys (ConfUtils.java:logGet(43)) - raft.server.snapshot.auto.trigger.enabled = true (custom)
2019-10-06 12:28:38,325 [pool-423-thread-1] INFO  server.RaftServerConfigKeys (ConfUtils.java:logGet(43)) - raft.server.log.statemachine.data.sync.timeout.retry = -1 (default)
2019-10-06 12:28:38,325 [pool-443-thread-1] INFO  server.RaftServerConfigKeys (ConfUtils.java:logGet(43)) - raft.server.snapshot.auto.trigger.threshold = 10000 (custom)
2019-10-06 12:28:38,325 [pool-423-thread-1] INFO  server.RaftServerConfigKeys (ConfUtils.java:logGet(43)) - raft.server.log.statemachine.data.caching.enabled = true (custom)
2019-10-06 12:28:38,325 [pool-443-thread-1] INFO  server.RaftServerConfigKeys (ConfUtils.java:logGet(43)) - raft.server.snapshot.retention.file.num = 5 (custom)
2019-10-06 12:28:38,325 [pool-423-thread-1] INFO  segmented.SegmentedRaftLogWorker (SegmentedRaftLogWorker.java:lambda$new$0(128)) - e6ae14e8-055a-4702-bf9f-ff1574fcf8fe@group-68079B848382-SegmentedRaftLogWorker: flushIndex: setUnconditionally 0 -> -1
2019-10-06 12:28:38,325 [pool-443-thread-1] INFO  server.RaftServerConfigKeys (ConfUtils.java:logGet(43)) - raft.server.retrycache.expirytime = 600000ms (custom)
2019-10-06 12:28:38,325 [pool-423-thread-1] INFO  server.RaftServerConfigKeys (ConfUtils.java:logGet(43)) - raft.server.snapshot.auto.trigger.enabled = true (custom)
2019-10-06 12:28:38,325 [pool-423-thread-1] INFO  server.RaftServerConfigKeys (ConfUtils.java:logGet(43)) - raft.server.snapshot.auto.trigger.threshold = 10000 (custom)
2019-10-06 12:28:38,326 [pool-423-thread-1] INFO  server.RaftServerConfigKeys (ConfUtils.java:logGet(43)) - raft.server.snapshot.retention.file.num = 5 (custom)
2019-10-06 12:28:38,326 [pool-423-thread-1] INFO  server.RaftServerConfigKeys (ConfUtils.java:logGet(43)) - raft.server.retrycache.expirytime = 600000ms (custom)
2019-10-06 12:28:38,326 [pool-413-thread-1] INFO  impl.RaftServerImpl (RaftServerImpl.java:start(181)) - 0e669c8c-9fd7-46ff-aa08-d0c72283c21b@group-68079B848382: start as a follower, conf=-1: [aa0dc749-c5c6-42fe-9090-614dbc11ef72:192.168.30.17:38795, e6ae14e8-055a-4702-bf9f-ff1574fcf8fe:192.168.30.17:33570, 0e669c8c-9fd7-46ff-aa08-d0c72283c21b:192.168.30.17:39200], old=null
2019-10-06 12:28:38,326 [pool-413-thread-1] INFO  impl.RaftServerImpl (RaftServerImpl.java:setRole(170)) - 0e669c8c-9fd7-46ff-aa08-d0c72283c21b@group-68079B848382: changes role from      null to FOLLOWER at term 0 for startAsFollower
2019-10-06 12:28:38,326 [pool-413-thread-1] INFO  impl.RoleInfo (RoleInfo.java:updateAndGet(143)) - 0e669c8c-9fd7-46ff-aa08-d0c72283c21b: start FollowerState
2019-10-06 12:28:38,327 [pool-413-thread-1] INFO  util.JmxRegister (JmxRegister.java:tryRegister(44)) - Successfully registered JMX Bean with object name Ratis:service=RaftServer,group=group-68079B848382,id=0e669c8c-9fd7-46ff-aa08-d0c72283c21b
2019-10-06 12:28:38,328 [pool-443-thread-1] INFO  impl.RaftServerImpl (RaftServerImpl.java:start(181)) - aa0dc749-c5c6-42fe-9090-614dbc11ef72@group-68079B848382: start as a follower, conf=-1: [aa0dc749-c5c6-42fe-9090-614dbc11ef72:192.168.30.17:38795, e6ae14e8-055a-4702-bf9f-ff1574fcf8fe:192.168.30.17:33570, 0e669c8c-9fd7-46ff-aa08-d0c72283c21b:192.168.30.17:39200], old=null
2019-10-06 12:28:38,328 [pool-443-thread-1] INFO  impl.RaftServerImpl (RaftServerImpl.java:setRole(170)) - aa0dc749-c5c6-42fe-9090-614dbc11ef72@group-68079B848382: changes role from      null to FOLLOWER at term 0 for startAsFollower
2019-10-06 12:28:38,328 [pool-423-thread-1] INFO  impl.RaftServerImpl (RaftServerImpl.java:start(181)) - e6ae14e8-055a-4702-bf9f-ff1574fcf8fe@group-68079B848382: start as a follower, conf=-1: [aa0dc749-c5c6-42fe-9090-614dbc11ef72:192.168.30.17:38795, e6ae14e8-055a-4702-bf9f-ff1574fcf8fe:192.168.30.17:33570, 0e669c8c-9fd7-46ff-aa08-d0c72283c21b:192.168.30.17:39200], old=null
2019-10-06 12:28:38,328 [pool-443-thread-1] INFO  impl.RoleInfo (RoleInfo.java:updateAndGet(143)) - aa0dc749-c5c6-42fe-9090-614dbc11ef72: start FollowerState
2019-10-06 12:28:38,329 [pool-423-thread-1] INFO  impl.RaftServerImpl (RaftServerImpl.java:setRole(170)) - e6ae14e8-055a-4702-bf9f-ff1574fcf8fe@group-68079B848382: changes role from      null to FOLLOWER at term 0 for startAsFollower
2019-10-06 12:28:38,329 [pool-423-thread-1] INFO  impl.RoleInfo (RoleInfo.java:updateAndGet(143)) - e6ae14e8-055a-4702-bf9f-ff1574fcf8fe: start FollowerState
2019-10-06 12:28:38,329 [pool-443-thread-1] INFO  util.JmxRegister (JmxRegister.java:tryRegister(44)) - Successfully registered JMX Bean with object name Ratis:service=RaftServer,group=group-68079B848382,id=aa0dc749-c5c6-42fe-9090-614dbc11ef72
2019-10-06 12:28:38,329 [pool-423-thread-1] INFO  util.JmxRegister (JmxRegister.java:tryRegister(44)) - Successfully registered JMX Bean with object name Ratis:service=RaftServer,group=group-68079B848382,id=e6ae14e8-055a-4702-bf9f-ff1574fcf8fe
2019-10-06 12:28:38,344 [RatisPipelineUtilsThread] INFO  pipeline.PipelineStateManager (PipelineStateManager.java:addPipeline(56)) - Created pipeline Pipeline[ Id: 6aa2be92-eb43-437c-866f-68079b848382, Nodes: aa0dc749-c5c6-42fe-9090-614dbc11ef72{ip: 192.168.30.17, host: ozone-build-dev-sjjt9-54166716, networkLocation: /default-rack, certSerialId: null}0e669c8c-9fd7-46ff-aa08-d0c72283c21b{ip: 192.168.30.17, host: ozone-build-dev-sjjt9-54166716, networkLocation: /default-rack, certSerialId: null}e6ae14e8-055a-4702-bf9f-ff1574fcf8fe{ip: 192.168.30.17, host: ozone-build-dev-sjjt9-54166716, networkLocation: /default-rack, certSerialId: null}, Type:RATIS, Factor:THREE, State:OPEN]
2019-10-06 12:28:38,540 [grpc-default-executor-5] WARN  server.GrpcLogAppender (LogUtils.java:warn(134)) - 405150d4-bd54-4511-ac91-84679afff3e5@group-0B6775E14A42->bc0dd1f5-e092-43fd-8479-76017d9815ee-AppendLogResponseHandler: Failed appendEntries: org.apache.ratis.thirdparty.io.grpc.StatusRuntimeException: UNAVAILABLE: io exception
2019-10-06 12:28:38,540 [grpc-default-executor-0] WARN  server.GrpcLogAppender (LogUtils.java:warn(134)) - 405150d4-bd54-4511-ac91-84679afff3e5@group-0B6775E14A42->82fffea1-b1ae-4141-a3f7-289714faad12-AppendLogResponseHandler: Failed appendEntries: org.apache.ratis.thirdparty.io.grpc.StatusRuntimeException: UNAVAILABLE: io exception
2019-10-06 12:28:38,540 [grpc-default-executor-5] INFO  impl.FollowerInfo (FollowerInfo.java:lambda$new$0(51)) - 405150d4-bd54-4511-ac91-84679afff3e5@group-0B6775E14A42->bc0dd1f5-e092-43fd-8479-76017d9815ee: nextIndex: updateUnconditionally 0 -> 0
2019-10-06 12:28:38,541 [grpc-default-executor-0] INFO  impl.FollowerInfo (FollowerInfo.java:lambda$new$0(51)) - 405150d4-bd54-4511-ac91-84679afff3e5@group-0B6775E14A42->82fffea1-b1ae-4141-a3f7-289714faad12: nextIndex: updateUnconditionally 0 -> 0
2019-10-06 12:28:39,563 [Thread-2361] INFO  client.GrpcClientProtocolService (GrpcClientProtocolService.java:lambda$processClientRequest$0(278)) - Failed RaftClientRequest:client-BF808B6468C0->405150d4-bd54-4511-ac91-84679afff3e5@group-0B6775E14A42, cid=67, seq=0, Watch-MAJORITY_COMMITTED(69), Message:<EMPTY>, reply=RaftClientReply:client-BF808B6468C0->405150d4-bd54-4511-ac91-84679afff3e5@group-0B6775E14A42, cid=67, FAILED org.apache.ratis.protocol.NotReplicatedException: Request with call Id 67 and log index 69 is not yet replicated to MAJORITY_COMMITTED, logIndex=69, commits[405150d4-bd54-4511-ac91-84679afff3e5:c2, 82fffea1-b1ae-4141-a3f7-289714faad12:c2, bc0dd1f5-e092-43fd-8479-76017d9815ee:c2]
2019-10-06 12:28:40,570 [Thread-2310] INFO  container.ReplicationManager (ReplicationManager.java:start(162)) - Starting Replication Monitor Thread.
2019-10-06 12:28:40,577 [ReplicationMonitor] INFO  container.ReplicationManager (ReplicationManager.java:run(225)) - Replication Monitor Thread took 0 milliseconds for processing 1 containers.
2019-10-06 12:28:41,041 [grpc-default-executor-3] WARN  server.GrpcLogAppender (LogUtils.java:warn(134)) - 405150d4-bd54-4511-ac91-84679afff3e5@group-0B6775E14A42->82fffea1-b1ae-4141-a3f7-289714faad12-AppendLogResponseHandler: Failed appendEntries: org.apache.ratis.thirdparty.io.grpc.StatusRuntimeException: UNAVAILABLE: io exception
2019-10-06 12:28:41,041 [grpc-default-executor-0] WARN  server.GrpcLogAppender (LogUtils.java:warn(134)) - 405150d4-bd54-4511-ac91-84679afff3e5@group-0B6775E14A42->bc0dd1f5-e092-43fd-8479-76017d9815ee-AppendLogResponseHandler: Failed appendEntries: org.apache.ratis.thirdparty.io.grpc.StatusRuntimeException: UNAVAILABLE: io exception
2019-10-06 12:28:41,042 [grpc-default-executor-3] INFO  impl.FollowerInfo (FollowerInfo.java:lambda$new$0(51)) - 405150d4-bd54-4511-ac91-84679afff3e5@group-0B6775E14A42->82fffea1-b1ae-4141-a3f7-289714faad12: nextIndex: updateUnconditionally 0 -> 0
2019-10-06 12:28:41,042 [grpc-default-executor-0] INFO  impl.FollowerInfo (FollowerInfo.java:lambda$new$0(51)) - 405150d4-bd54-4511-ac91-84679afff3e5@group-0B6775E14A42->bc0dd1f5-e092-43fd-8479-76017d9815ee: nextIndex: updateUnconditionally 0 -> 0
2019-10-06 12:28:42,713 [Thread-2312] INFO  impl.FollowerState (FollowerState.java:run(108)) - b3aa2efe-c215-486c-85cb-46a7afc74637@group-E2F2BF5D83D6-FollowerState: change to CANDIDATE, lastRpcTime:5083ms, electionTimeout:5083ms
2019-10-06 12:28:42,713 [Thread-2312] INFO  impl.RoleInfo (RoleInfo.java:shutdownFollowerState(121)) - b3aa2efe-c215-486c-85cb-46a7afc74637: shutdown FollowerState
2019-10-06 12:28:42,713 [Thread-2312] INFO  impl.RaftServerImpl (RaftServerImpl.java:setRole(170)) - b3aa2efe-c215-486c-85cb-46a7afc74637@group-E2F2BF5D83D6: changes role from  FOLLOWER to CANDIDATE at term 0 for changeToCandidate
2019-10-06 12:28:42,713 [Thread-2312] INFO  impl.RoleInfo (RoleInfo.java:updateAndGet(143)) - b3aa2efe-c215-486c-85cb-46a7afc74637: start LeaderElection
2019-10-06 12:28:42,728 [Thread-2315] INFO  impl.FollowerState (FollowerState.java:run(108)) - a070c0c1-1714-4d75-902b-8f5ceeee5a66@group-8F99E5E2B29B-FollowerState: change to CANDIDATE, lastRpcTime:5043ms, electionTimeout:5042ms
2019-10-06 12:28:42,728 [Thread-2315] INFO  impl.RoleInfo (RoleInfo.java:shutdownFollowerState(121)) - a070c0c1-1714-4d75-902b-8f5ceeee5a66: shutdown FollowerState
2019-10-06 12:28:42,728 [Thread-2315] INFO  impl.RaftServerImpl (RaftServerImpl.java:setRole(170)) - a070c0c1-1714-4d75-902b-8f5ceeee5a66@group-8F99E5E2B29B: changes role from  FOLLOWER to CANDIDATE at term 0 for changeToCandidate
2019-10-06 12:28:42,728 [Thread-2315] INFO  impl.RoleInfo (RoleInfo.java:updateAndGet(143)) - a070c0c1-1714-4d75-902b-8f5ceeee5a66: start LeaderElection
2019-10-06 12:28:42,758 [b3aa2efe-c215-486c-85cb-46a7afc74637@group-E2F2BF5D83D6-LeaderElection83] INFO  impl.LeaderElection (LeaderElection.java:askForVotes(178)) - b3aa2efe-c215-486c-85cb-46a7afc74637@group-E2F2BF5D83D6-LeaderElection83: begin an election at term 1 for -1: [b3aa2efe-c215-486c-85cb-46a7afc74637:192.168.30.17:38324], old=null
2019-10-06 12:28:42,758 [a070c0c1-1714-4d75-902b-8f5ceeee5a66@group-8F99E5E2B29B-LeaderElection84] INFO  impl.LeaderElection (LeaderElection.java:askForVotes(178)) - a070c0c1-1714-4d75-902b-8f5ceeee5a66@group-8F99E5E2B29B-LeaderElection84: begin an election at term 1 for -1: [a070c0c1-1714-4d75-902b-8f5ceeee5a66:192.168.30.17:35207], old=null
2019-10-06 12:28:42,758 [b3aa2efe-c215-486c-85cb-46a7afc74637@group-E2F2BF5D83D6-LeaderElection83] INFO  impl.RoleInfo (RoleInfo.java:shutdownLeaderElection(134)) - b3aa2efe-c215-486c-85cb-46a7afc74637: shutdown LeaderElection
2019-10-06 12:28:42,758 [a070c0c1-1714-4d75-902b-8f5ceeee5a66@group-8F99E5E2B29B-LeaderElection84] INFO  impl.RoleInfo (RoleInfo.java:shutdownLeaderElection(134)) - a070c0c1-1714-4d75-902b-8f5ceeee5a66: shutdown LeaderElection
2019-10-06 12:28:42,758 [b3aa2efe-c215-486c-85cb-46a7afc74637@group-E2F2BF5D83D6-LeaderElection83] INFO  impl.RaftServerImpl (RaftServerImpl.java:setRole(170)) - b3aa2efe-c215-486c-85cb-46a7afc74637@group-E2F2BF5D83D6: changes role from CANDIDATE to LEADER at term 1 for changeToLeader
2019-10-06 12:28:42,758 [a070c0c1-1714-4d75-902b-8f5ceeee5a66@group-8F99E5E2B29B-LeaderElection84] INFO  impl.RaftServerImpl (RaftServerImpl.java:setRole(170)) - a070c0c1-1714-4d75-902b-8f5ceeee5a66@group-8F99E5E2B29B: changes role from CANDIDATE to LEADER at term 1 for changeToLeader
2019-10-06 12:28:42,758 [b3aa2efe-c215-486c-85cb-46a7afc74637@group-E2F2BF5D83D6-LeaderElection83] INFO  impl.RaftServerImpl (ServerState.java:setLeader(255)) - b3aa2efe-c215-486c-85cb-46a7afc74637@group-E2F2BF5D83D6: change Leader from null to b3aa2efe-c215-486c-85cb-46a7afc74637 at term 1 for becomeLeader, leader elected after 5137ms
2019-10-06 12:28:42,758 [a070c0c1-1714-4d75-902b-8f5ceeee5a66@group-8F99E5E2B29B-LeaderElection84] INFO  impl.RaftServerImpl (ServerState.java:setLeader(255)) - a070c0c1-1714-4d75-902b-8f5ceeee5a66@group-8F99E5E2B29B: change Leader from null to a070c0c1-1714-4d75-902b-8f5ceeee5a66 at term 1 for becomeLeader, leader elected after 5080ms
2019-10-06 12:28:42,759 [b3aa2efe-c215-486c-85cb-46a7afc74637@group-E2F2BF5D83D6-LeaderElection83] INFO  server.RaftServerConfigKeys (ConfUtils.java:logGet(43)) - raft.server.staging.catchup.gap = 1000 (default)
2019-10-06 12:28:42,759 [a070c0c1-1714-4d75-902b-8f5ceeee5a66@group-8F99E5E2B29B-LeaderElection84] INFO  server.RaftServerConfigKeys (ConfUtils.java:logGet(43)) - raft.server.staging.catchup.gap = 1000 (default)
2019-10-06 12:28:42,759 [b3aa2efe-c215-486c-85cb-46a7afc74637@group-E2F2BF5D83D6-LeaderElection83] INFO  server.RaftServerConfigKeys (ConfUtils.java:logGet(43)) - raft.server.rpc.sleep.time = 25ms (default)
2019-10-06 12:28:42,759 [a070c0c1-1714-4d75-902b-8f5ceeee5a66@group-8F99E5E2B29B-LeaderElection84] INFO  server.RaftServerConfigKeys (ConfUtils.java:logGet(43)) - raft.server.rpc.sleep.time = 25ms (default)
2019-10-06 12:28:42,759 [b3aa2efe-c215-486c-85cb-46a7afc74637@group-E2F2BF5D83D6-LeaderElection83] INFO  server.RaftServerConfigKeys (ConfUtils.java:logGet(43)) - raft.server.write.element-limit = 4096 (default)
2019-10-06 12:28:42,759 [a070c0c1-1714-4d75-902b-8f5ceeee5a66@group-8F99E5E2B29B-LeaderElection84] INFO  server.RaftServerConfigKeys (ConfUtils.java:logGet(43)) - raft.server.write.element-limit = 4096 (default)
2019-10-06 12:28:42,759 [b3aa2efe-c215-486c-85cb-46a7afc74637@group-E2F2BF5D83D6-LeaderElection83] INFO  server.RaftServerConfigKeys (ConfUtils.java:logGet(43)) - raft.server.watch.timeout = 10s (default)
2019-10-06 12:28:42,760 [a070c0c1-1714-4d75-902b-8f5ceeee5a66@group-8F99E5E2B29B-LeaderElection84] INFO  server.RaftServerConfigKeys (ConfUtils.java:logGet(43)) - raft.server.watch.timeout = 10s (default)
2019-10-06 12:28:42,760 [b3aa2efe-c215-486c-85cb-46a7afc74637@group-E2F2BF5D83D6-LeaderElection83] INFO  server.RaftServerConfigKeys (ConfUtils.java:logGet(43)) - raft.server.watch.timeout.denomination = 1s (default)
2019-10-06 12:28:42,760 [a070c0c1-1714-4d75-902b-8f5ceeee5a66@group-8F99E5E2B29B-LeaderElection84] INFO  server.RaftServerConfigKeys (ConfUtils.java:logGet(43)) - raft.server.watch.timeout.denomination = 1s (default)
2019-10-06 12:28:42,760 [b3aa2efe-c215-486c-85cb-46a7afc74637@group-E2F2BF5D83D6-LeaderElection83] INFO  server.RaftServerConfigKeys (ConfUtils.java:logGet(43)) - raft.server.watch.element-limit = 65536 (default)
2019-10-06 12:28:42,760 [a070c0c1-1714-4d75-902b-8f5ceeee5a66@group-8F99E5E2B29B-LeaderElection84] INFO  server.RaftServerConfigKeys (ConfUtils.java:logGet(43)) - raft.server.watch.element-limit = 65536 (default)
2019-10-06 12:28:42,765 [b3aa2efe-c215-486c-85cb-46a7afc74637@group-E2F2BF5D83D6-LeaderElection83] INFO  impl.RoleInfo (RoleInfo.java:updateAndGet(143)) - b3aa2efe-c215-486c-85cb-46a7afc74637: start LeaderState
2019-10-06 12:28:42,765 [a070c0c1-1714-4d75-902b-8f5ceeee5a66@group-8F99E5E2B29B-LeaderElection84] INFO  impl.RoleInfo (RoleInfo.java:updateAndGet(143)) - a070c0c1-1714-4d75-902b-8f5ceeee5a66: start LeaderState
2019-10-06 12:28:42,765 [a070c0c1-1714-4d75-902b-8f5ceeee5a66@group-8F99E5E2B29B-LeaderElection84] INFO  segmented.SegmentedRaftLogWorker (SegmentedRaftLogWorker.java:startLogSegment(385)) - a070c0c1-1714-4d75-902b-8f5ceeee5a66@group-8F99E5E2B29B-SegmentedRaftLogWorker: Starting segment from index:0
2019-10-06 12:28:42,765 [b3aa2efe-c215-486c-85cb-46a7afc74637@group-E2F2BF5D83D6-LeaderElection83] INFO  segmented.SegmentedRaftLogWorker (SegmentedRaftLogWorker.java:startLogSegment(385)) - b3aa2efe-c215-486c-85cb-46a7afc74637@group-E2F2BF5D83D6-SegmentedRaftLogWorker: Starting segment from index:0
2019-10-06 12:28:42,767 [b3aa2efe-c215-486c-85cb-46a7afc74637@group-E2F2BF5D83D6-LeaderElection83] INFO  impl.RaftServerImpl (ServerState.java:setRaftConf(356)) - b3aa2efe-c215-486c-85cb-46a7afc74637@group-E2F2BF5D83D6: set configuration 0: [b3aa2efe-c215-486c-85cb-46a7afc74637:192.168.30.17:38324], old=null at 0
2019-10-06 12:28:42,767 [a070c0c1-1714-4d75-902b-8f5ceeee5a66@group-8F99E5E2B29B-LeaderElection84] INFO  impl.RaftServerImpl (ServerState.java:setRaftConf(356)) - a070c0c1-1714-4d75-902b-8f5ceeee5a66@group-8F99E5E2B29B: set configuration 0: [a070c0c1-1714-4d75-902b-8f5ceeee5a66:192.168.30.17:35207], old=null at 0
2019-10-06 12:28:42,809 [b3aa2efe-c215-486c-85cb-46a7afc74637@group-E2F2BF5D83D6-SegmentedRaftLogWorker] INFO  segmented.SegmentedRaftLogWorker (SegmentedRaftLogWorker.java:execute(574)) - b3aa2efe-c215-486c-85cb-46a7afc74637@group-E2F2BF5D83D6-SegmentedRaftLogWorker: created new log segment /workdir/hadoop-ozone/integration-test/target/test-dir/MiniOzoneClusterImpl-e7816d2d-1792-413d-b8e2-b0f84706c98d/datanode-0/data/ratis/f6fe99bd-9993-4555-8964-e2f2bf5d83d6/current/log_inprogress_0
2019-10-06 12:28:42,809 [a070c0c1-1714-4d75-902b-8f5ceeee5a66@group-8F99E5E2B29B-SegmentedRaftLogWorker] INFO  segmented.SegmentedRaftLogWorker (SegmentedRaftLogWorker.java:execute(574)) - a070c0c1-1714-4d75-902b-8f5ceeee5a66@group-8F99E5E2B29B-SegmentedRaftLogWorker: created new log segment /workdir/hadoop-ozone/integration-test/target/test-dir/MiniOzoneClusterImpl-e7816d2d-1792-413d-b8e2-b0f84706c98d/datanode-1/data/ratis/52d48ba0-5b92-42da-8fdb-8f99e5e2b29b/current/log_inprogress_0
2019-10-06 12:28:42,860 [Thread-2318] INFO  impl.FollowerState (FollowerState.java:run(108)) - 2ad9002a-c54c-4774-9ff5-f956718bcd7d@group-A84C0E2FB30F-FollowerState: change to CANDIDATE, lastRpcTime:5058ms, electionTimeout:5058ms
2019-10-06 12:28:42,860 [Thread-2318] INFO  impl.RoleInfo (RoleInfo.java:shutdownFollowerState(121)) - 2ad9002a-c54c-4774-9ff5-f956718bcd7d: shutdown FollowerState
2019-10-06 12:28:42,860 [Thread-2318] INFO  impl.RaftServerImpl (RaftServerImpl.java:setRole(170)) - 2ad9002a-c54c-4774-9ff5-f956718bcd7d@group-A84C0E2FB30F: changes role from  FOLLOWER to CANDIDATE at term 0 for changeToCandidate
2019-10-06 12:28:42,860 [Thread-2318] INFO  impl.RoleInfo (RoleInfo.java:updateAndGet(143)) - 2ad9002a-c54c-4774-9ff5-f956718bcd7d: start LeaderElection
2019-10-06 12:28:42,876 [2ad9002a-c54c-4774-9ff5-f956718bcd7d@group-A84C0E2FB30F-LeaderElection85] INFO  impl.LeaderElection (LeaderElection.java:askForVotes(178)) - 2ad9002a-c54c-4774-9ff5-f956718bcd7d@group-A84C0E2FB30F-LeaderElection85: begin an election at term 1 for -1: [2ad9002a-c54c-4774-9ff5-f956718bcd7d:192.168.30.17:46003], old=null
2019-10-06 12:28:42,876 [2ad9002a-c54c-4774-9ff5-f956718bcd7d@group-A84C0E2FB30F-LeaderElection85] INFO  impl.RoleInfo (RoleInfo.java:shutdownLeaderElection(134)) - 2ad9002a-c54c-4774-9ff5-f956718bcd7d: shutdown LeaderElection
2019-10-06 12:28:42,876 [2ad9002a-c54c-4774-9ff5-f956718bcd7d@group-A84C0E2FB30F-LeaderElection85] INFO  impl.RaftServerImpl (RaftServerImpl.java:setRole(170)) - 2ad9002a-c54c-4774-9ff5-f956718bcd7d@group-A84C0E2FB30F: changes role from CANDIDATE to LEADER at term 1 for changeToLeader
2019-10-06 12:28:42,876 [2ad9002a-c54c-4774-9ff5-f956718bcd7d@group-A84C0E2FB30F-LeaderElection85] INFO  impl.RaftServerImpl (ServerState.java:setLeader(255)) - 2ad9002a-c54c-4774-9ff5-f956718bcd7d@group-A84C0E2FB30F: change Leader from null to 2ad9002a-c54c-4774-9ff5-f956718bcd7d at term 1 for becomeLeader, leader elected after 5082ms
2019-10-06 12:28:42,876 [2ad9002a-c54c-4774-9ff5-f956718bcd7d@group-A84C0E2FB30F-LeaderElection85] INFO  server.RaftServerConfigKeys (ConfUtils.java:logGet(43)) - raft.server.staging.catchup.gap = 1000 (default)
2019-10-06 12:28:42,876 [2ad9002a-c54c-4774-9ff5-f956718bcd7d@group-A84C0E2FB30F-LeaderElection85] INFO  server.RaftServerConfigKeys (ConfUtils.java:logGet(43)) - raft.server.rpc.sleep.time = 25ms (default)
2019-10-06 12:28:42,877 [2ad9002a-c54c-4774-9ff5-f956718bcd7d@group-A84C0E2FB30F-LeaderElection85] INFO  server.RaftServerConfigKeys (ConfUtils.java:logGet(43)) - raft.server.write.element-limit = 4096 (default)
2019-10-06 12:28:42,877 [2ad9002a-c54c-4774-9ff5-f956718bcd7d@group-A84C0E2FB30F-LeaderElection85] INFO  server.RaftServerConfigKeys (ConfUtils.java:logGet(43)) - raft.server.watch.timeout = 10s (default)
2019-10-06 12:28:42,877 [2ad9002a-c54c-4774-9ff5-f956718bcd7d@group-A84C0E2FB30F-LeaderElection85] INFO  server.RaftServerConfigKeys (ConfUtils.java:logGet(43)) - raft.server.watch.timeout.denomination = 1s (default)
2019-10-06 12:28:42,877 [2ad9002a-c54c-4774-9ff5-f956718bcd7d@group-A84C0E2FB30F-LeaderElection85] INFO  server.RaftServerConfigKeys (ConfUtils.java:logGet(43)) - raft.server.watch.element-limit = 65536 (default)
2019-10-06 12:28:42,878 [2ad9002a-c54c-4774-9ff5-f956718bcd7d@group-A84C0E2FB30F-LeaderElection85] INFO  impl.RoleInfo (RoleInfo.java:updateAndGet(143)) - 2ad9002a-c54c-4774-9ff5-f956718bcd7d: start LeaderState
2019-10-06 12:28:42,878 [2ad9002a-c54c-4774-9ff5-f956718bcd7d@group-A84C0E2FB30F-LeaderElection85] INFO  segmented.SegmentedRaftLogWorker (SegmentedRaftLogWorker.java:startLogSegment(385)) - 2ad9002a-c54c-4774-9ff5-f956718bcd7d@group-A84C0E2FB30F-SegmentedRaftLogWorker: Starting segment from index:0
2019-10-06 12:28:42,879 [2ad9002a-c54c-4774-9ff5-f956718bcd7d@group-A84C0E2FB30F-LeaderElection85] INFO  impl.RaftServerImpl (ServerState.java:setRaftConf(356)) - 2ad9002a-c54c-4774-9ff5-f956718bcd7d@group-A84C0E2FB30F: set configuration 0: [2ad9002a-c54c-4774-9ff5-f956718bcd7d:192.168.30.17:46003], old=null at 0
2019-10-06 12:28:42,919 [2ad9002a-c54c-4774-9ff5-f956718bcd7d@group-A84C0E2FB30F-SegmentedRaftLogWorker] INFO  segmented.SegmentedRaftLogWorker (SegmentedRaftLogWorker.java:execute(574)) - 2ad9002a-c54c-4774-9ff5-f956718bcd7d@group-A84C0E2FB30F-SegmentedRaftLogWorker: created new log segment /workdir/hadoop-ozone/integration-test/target/test-dir/MiniOzoneClusterImpl-e7816d2d-1792-413d-b8e2-b0f84706c98d/datanode-2/data/ratis/1c697e66-c375-418d-aad0-a84c0e2fb30f/current/log_inprogress_0
2019-10-06 12:28:42,952 [Thread-2325] INFO  impl.FollowerState (FollowerState.java:run(108)) - a070c0c1-1714-4d75-902b-8f5ceeee5a66@group-65FBC4A74D7A-FollowerState: change to CANDIDATE, lastRpcTime:5079ms, electionTimeout:5079ms
2019-10-06 12:28:42,952 [Thread-2325] INFO  impl.RoleInfo (RoleInfo.java:shutdownFollowerState(121)) - a070c0c1-1714-4d75-902b-8f5ceeee5a66: shutdown FollowerState
2019-10-06 12:28:42,952 [Thread-2325] INFO  impl.RaftServerImpl (RaftServerImpl.java:setRole(170)) - a070c0c1-1714-4d75-902b-8f5ceeee5a66@group-65FBC4A74D7A: changes role from  FOLLOWER to CANDIDATE at term 0 for changeToCandidate
2019-10-06 12:28:42,952 [Thread-2325] INFO  impl.RoleInfo (RoleInfo.java:updateAndGet(143)) - a070c0c1-1714-4d75-902b-8f5ceeee5a66: start LeaderElection
2019-10-06 12:28:42,975 [a070c0c1-1714-4d75-902b-8f5ceeee5a66@group-65FBC4A74D7A-LeaderElection86] INFO  impl.LeaderElection (LeaderElection.java:askForVotes(178)) - a070c0c1-1714-4d75-902b-8f5ceeee5a66@group-65FBC4A74D7A-LeaderElection86: begin an election at term 1 for -1: [2ad9002a-c54c-4774-9ff5-f956718bcd7d:192.168.30.17:46003, b3aa2efe-c215-486c-85cb-46a7afc74637:192.168.30.17:38324, a070c0c1-1714-4d75-902b-8f5ceeee5a66:192.168.30.17:35207], old=null
2019-10-06 12:28:42,979 [grpc-default-executor-3] INFO  impl.RaftServerImpl (RaftServerImpl.java:setRole(170)) - b3aa2efe-c215-486c-85cb-46a7afc74637@group-65FBC4A74D7A: changes role from  FOLLOWER to FOLLOWER at term 1 for recognizeCandidate:a070c0c1-1714-4d75-902b-8f5ceeee5a66
2019-10-06 12:28:42,979 [grpc-default-executor-0] INFO  impl.RaftServerImpl (RaftServerImpl.java:setRole(170)) - 2ad9002a-c54c-4774-9ff5-f956718bcd7d@group-65FBC4A74D7A: changes role from  FOLLOWER to FOLLOWER at term 1 for recognizeCandidate:a070c0c1-1714-4d75-902b-8f5ceeee5a66
2019-10-06 12:28:42,979 [grpc-default-executor-3] INFO  impl.RoleInfo (RoleInfo.java:shutdownFollowerState(121)) - b3aa2efe-c215-486c-85cb-46a7afc74637: shutdown FollowerState
2019-10-06 12:28:42,980 [grpc-default-executor-0] INFO  impl.RoleInfo (RoleInfo.java:shutdownFollowerState(121)) - 2ad9002a-c54c-4774-9ff5-f956718bcd7d: shutdown FollowerState
2019-10-06 12:28:42,980 [grpc-default-executor-3] INFO  impl.RoleInfo (RoleInfo.java:updateAndGet(143)) - b3aa2efe-c215-486c-85cb-46a7afc74637: start FollowerState
2019-10-06 12:28:42,980 [grpc-default-executor-0] INFO  impl.RoleInfo (RoleInfo.java:updateAndGet(143)) - 2ad9002a-c54c-4774-9ff5-f956718bcd7d: start FollowerState
2019-10-06 12:28:42,980 [Thread-2321] INFO  impl.FollowerState (FollowerState.java:run(117)) - b3aa2efe-c215-486c-85cb-46a7afc74637@group-65FBC4A74D7A-FollowerState was interrupted: java.lang.InterruptedException: sleep interrupted
2019-10-06 12:28:42,980 [Thread-2326] INFO  impl.FollowerState (FollowerState.java:run(117)) - 2ad9002a-c54c-4774-9ff5-f956718bcd7d@group-65FBC4A74D7A-FollowerState was interrupted: java.lang.InterruptedException: sleep interrupted
2019-10-06 12:28:43,035 [a070c0c1-1714-4d75-902b-8f5ceeee5a66@group-65FBC4A74D7A-LeaderElection86] INFO  impl.LeaderElection (LeaderElection.java:logAndReturn(56)) - a070c0c1-1714-4d75-902b-8f5ceeee5a66@group-65FBC4A74D7A-LeaderElection86: Election PASSED; received 1 response(s) [a070c0c1-1714-4d75-902b-8f5ceeee5a66<-b3aa2efe-c215-486c-85cb-46a7afc74637#0:OK-t1] and 0 exception(s); a070c0c1-1714-4d75-902b-8f5ceeee5a66@group-65FBC4A74D7A:t1, leader=null, voted=a070c0c1-1714-4d75-902b-8f5ceeee5a66, raftlog=a070c0c1-1714-4d75-902b-8f5ceeee5a66@group-65FBC4A74D7A-SegmentedRaftLog:OPENED:c-1,f-1,i0, conf=-1: [2ad9002a-c54c-4774-9ff5-f956718bcd7d:192.168.30.17:46003, b3aa2efe-c215-486c-85cb-46a7afc74637:192.168.30.17:38324, a070c0c1-1714-4d75-902b-8f5ceeee5a66:192.168.30.17:35207], old=null
2019-10-06 12:28:43,036 [a070c0c1-1714-4d75-902b-8f5ceeee5a66@group-65FBC4A74D7A-LeaderElection86] INFO  impl.RoleInfo (RoleInfo.java:shutdownLeaderElection(134)) - a070c0c1-1714-4d75-902b-8f5ceeee5a66: shutdown LeaderElection
2019-10-06 12:28:43,036 [a070c0c1-1714-4d75-902b-8f5ceeee5a66@group-65FBC4A74D7A-LeaderElection86] INFO  impl.RaftServerImpl (RaftServerImpl.java:setRole(170)) - a070c0c1-1714-4d75-902b-8f5ceeee5a66@group-65FBC4A74D7A: changes role from CANDIDATE to LEADER at term 1 for changeToLeader
2019-10-06 12:28:43,036 [a070c0c1-1714-4d75-902b-8f5ceeee5a66@group-65FBC4A74D7A-LeaderElection86] INFO  impl.RaftServerImpl (ServerState.java:setLeader(255)) - a070c0c1-1714-4d75-902b-8f5ceeee5a66@group-65FBC4A74D7A: change Leader from null to a070c0c1-1714-4d75-902b-8f5ceeee5a66 at term 1 for becomeLeader, leader elected after 5182ms
2019-10-06 12:28:43,036 [a070c0c1-1714-4d75-902b-8f5ceeee5a66@group-65FBC4A74D7A-LeaderElection86] INFO  server.RaftServerConfigKeys (ConfUtils.java:logGet(43)) - raft.server.staging.catchup.gap = 1000 (default)
2019-10-06 12:28:43,036 [a070c0c1-1714-4d75-902b-8f5ceeee5a66@group-65FBC4A74D7A-LeaderElection86] INFO  server.RaftServerConfigKeys (ConfUtils.java:logGet(43)) - raft.server.rpc.sleep.time = 25ms (default)
2019-10-06 12:28:43,037 [a070c0c1-1714-4d75-902b-8f5ceeee5a66@group-65FBC4A74D7A-LeaderElection86] INFO  server.RaftServerConfigKeys (ConfUtils.java:logGet(43)) - raft.server.write.element-limit = 4096 (default)
2019-10-06 12:28:43,037 [a070c0c1-1714-4d75-902b-8f5ceeee5a66@group-65FBC4A74D7A-LeaderElection86] INFO  server.RaftServerConfigKeys (ConfUtils.java:logGet(43)) - raft.server.watch.timeout = 10s (default)
2019-10-06 12:28:43,037 [a070c0c1-1714-4d75-902b-8f5ceeee5a66@group-65FBC4A74D7A-LeaderElection86] INFO  server.RaftServerConfigKeys (ConfUtils.java:logGet(43)) - raft.server.watch.timeout.denomination = 1s (default)
2019-10-06 12:28:43,037 [a070c0c1-1714-4d75-902b-8f5ceeee5a66@group-65FBC4A74D7A-LeaderElection86] INFO  server.RaftServerConfigKeys (ConfUtils.java:logGet(43)) - raft.server.watch.element-limit = 65536 (default)
2019-10-06 12:28:43,040 [a070c0c1-1714-4d75-902b-8f5ceeee5a66@group-65FBC4A74D7A-LeaderElection86] INFO  server.RaftServerConfigKeys (ConfUtils.java:logGet(43)) - raft.server.log.appender.snapshot.chunk.size.max = 16MB (=16777216) (default)
2019-10-06 12:28:43,040 [a070c0c1-1714-4d75-902b-8f5ceeee5a66@group-65FBC4A74D7A-LeaderElection86] INFO  server.RaftServerConfigKeys (ConfUtils.java:logGet(43)) - raft.server.log.appender.buffer.byte-limit = 33554432 (custom)
2019-10-06 12:28:43,040 [a070c0c1-1714-4d75-902b-8f5ceeee5a66@group-65FBC4A74D7A-LeaderElection86] INFO  server.RaftServerConfigKeys (ConfUtils.java:logGet(43)) - raft.server.log.appender.buffer.element-limit = 1 (custom)
2019-10-06 12:28:43,040 [a070c0c1-1714-4d75-902b-8f5ceeee5a66@group-65FBC4A74D7A-LeaderElection86] INFO  grpc.GrpcConfigKeys$Server (ConfUtils.java:logGet(43)) - raft.grpc.server.leader.outstanding.appends.max = 128 (default)
2019-10-06 12:28:43,041 [a070c0c1-1714-4d75-902b-8f5ceeee5a66@group-65FBC4A74D7A-LeaderElection86] INFO  server.RaftServerConfigKeys (ConfUtils.java:logGet(43)) - raft.server.rpc.request.timeout = 3000ms (default)
2019-10-06 12:28:43,041 [a070c0c1-1714-4d75-902b-8f5ceeee5a66@group-65FBC4A74D7A-LeaderElection86] INFO  server.RaftServerConfigKeys (ConfUtils.java:logGet(43)) - raft.server.log.appender.install.snapshot.enabled = false (custom)
2019-10-06 12:28:43,041 [a070c0c1-1714-4d75-902b-8f5ceeee5a66@group-65FBC4A74D7A-LeaderElection86] INFO  server.RaftServerConfigKeys (ConfUtils.java:logGet(43)) - raft.server.log.appender.snapshot.chunk.size.max = 16MB (=16777216) (default)
2019-10-06 12:28:43,041 [a070c0c1-1714-4d75-902b-8f5ceeee5a66@group-65FBC4A74D7A-LeaderElection86] INFO  server.RaftServerConfigKeys (ConfUtils.java:logGet(43)) - raft.server.log.appender.buffer.byte-limit = 33554432 (custom)
2019-10-06 12:28:43,042 [a070c0c1-1714-4d75-902b-8f5ceeee5a66@group-65FBC4A74D7A-LeaderElection86] INFO  server.RaftServerConfigKeys (ConfUtils.java:logGet(43)) - raft.server.log.appender.buffer.element-limit = 1 (custom)
2019-10-06 12:28:43,042 [a070c0c1-1714-4d75-902b-8f5ceeee5a66@group-65FBC4A74D7A-LeaderElection86] INFO  grpc.GrpcConfigKeys$Server (ConfUtils.java:logGet(43)) - raft.grpc.server.leader.outstanding.appends.max = 128 (default)
2019-10-06 12:28:43,042 [a070c0c1-1714-4d75-902b-8f5ceeee5a66@group-65FBC4A74D7A-LeaderElection86] INFO  server.RaftServerConfigKeys (ConfUtils.java:logGet(43)) - raft.server.rpc.request.timeout = 3000ms (default)
2019-10-06 12:28:43,042 [a070c0c1-1714-4d75-902b-8f5ceeee5a66@group-65FBC4A74D7A-LeaderElection86] INFO  server.RaftServerConfigKeys (ConfUtils.java:logGet(43)) - raft.server.log.appender.install.snapshot.enabled = false (custom)
2019-10-06 12:28:43,043 [a070c0c1-1714-4d75-902b-8f5ceeee5a66@group-65FBC4A74D7A-LeaderElection86] INFO  impl.RoleInfo (RoleInfo.java:updateAndGet(143)) - a070c0c1-1714-4d75-902b-8f5ceeee5a66: start LeaderState
2019-10-06 12:28:43,043 [a070c0c1-1714-4d75-902b-8f5ceeee5a66@group-65FBC4A74D7A-LeaderElection86] INFO  segmented.SegmentedRaftLogWorker (SegmentedRaftLogWorker.java:startLogSegment(385)) - a070c0c1-1714-4d75-902b-8f5ceeee5a66@group-65FBC4A74D7A-SegmentedRaftLogWorker: Starting segment from index:0
2019-10-06 12:28:43,044 [a070c0c1-1714-4d75-902b-8f5ceeee5a66@group-65FBC4A74D7A-LeaderElection86] INFO  impl.RaftServerImpl (ServerState.java:setRaftConf(356)) - a070c0c1-1714-4d75-902b-8f5ceeee5a66@group-65FBC4A74D7A: set configuration 0: [2ad9002a-c54c-4774-9ff5-f956718bcd7d:192.168.30.17:46003, b3aa2efe-c215-486c-85cb-46a7afc74637:192.168.30.17:38324, a070c0c1-1714-4d75-902b-8f5ceeee5a66:192.168.30.17:35207], old=null at 0
2019-10-06 12:28:43,090 [a070c0c1-1714-4d75-902b-8f5ceeee5a66@group-65FBC4A74D7A-SegmentedRaftLogWorker] INFO  segmented.SegmentedRaftLogWorker (SegmentedRaftLogWorker.java:execute(574)) - a070c0c1-1714-4d75-902b-8f5ceeee5a66@group-65FBC4A74D7A-SegmentedRaftLogWorker: created new log segment /workdir/hadoop-ozone/integration-test/target/test-dir/MiniOzoneClusterImpl-e7816d2d-1792-413d-b8e2-b0f84706c98d/datanode-1/data/ratis/8252435d-6e4d-4c6b-849b-65fbc4a74d7a/current/log_inprogress_0
2019-10-06 12:28:43,096 [grpc-default-executor-3] INFO  impl.RaftServerImpl (ServerState.java:setLeader(255)) - 2ad9002a-c54c-4774-9ff5-f956718bcd7d@group-65FBC4A74D7A: change Leader from null to a070c0c1-1714-4d75-902b-8f5ceeee5a66 at term 1 for appendEntries, leader elected after 5242ms
2019-10-06 12:28:43,096 [grpc-default-executor-0] INFO  impl.RaftServerImpl (ServerState.java:setLeader(255)) - b3aa2efe-c215-486c-85cb-46a7afc74637@group-65FBC4A74D7A: change Leader from null to a070c0c1-1714-4d75-902b-8f5ceeee5a66 at term 1 for appendEntries, leader elected after 5242ms
2019-10-06 12:28:43,099 [grpc-default-executor-0] INFO  impl.RaftServerImpl (ServerState.java:setRaftConf(356)) - 2ad9002a-c54c-4774-9ff5-f956718bcd7d@group-65FBC4A74D7A: set configuration 0: [2ad9002a-c54c-4774-9ff5-f956718bcd7d:192.168.30.17:46003, b3aa2efe-c215-486c-85cb-46a7afc74637:192.168.30.17:38324, a070c0c1-1714-4d75-902b-8f5ceeee5a66:192.168.30.17:35207], old=null at 0
2019-10-06 12:28:43,099 [grpc-default-executor-3] INFO  impl.RaftServerImpl (ServerState.java:setRaftConf(356)) - b3aa2efe-c215-486c-85cb-46a7afc74637@group-65FBC4A74D7A: set configuration 0: [2ad9002a-c54c-4774-9ff5-f956718bcd7d:192.168.30.17:46003, b3aa2efe-c215-486c-85cb-46a7afc74637:192.168.30.17:38324, a070c0c1-1714-4d75-902b-8f5ceeee5a66:192.168.30.17:35207], old=null at 0
2019-10-06 12:28:43,100 [grpc-default-executor-0] INFO  segmented.SegmentedRaftLogWorker (SegmentedRaftLogWorker.java:startLogSegment(385)) - 2ad9002a-c54c-4774-9ff5-f956718bcd7d@group-65FBC4A74D7A-SegmentedRaftLogWorker: Starting segment from index:0
2019-10-06 12:28:43,100 [grpc-default-executor-3] INFO  segmented.SegmentedRaftLogWorker (SegmentedRaftLogWorker.java:startLogSegment(385)) - b3aa2efe-c215-486c-85cb-46a7afc74637@group-65FBC4A74D7A-SegmentedRaftLogWorker: Starting segment from index:0
2019-10-06 12:28:43,140 [Thread-2333] INFO  impl.FollowerState (FollowerState.java:run(108)) - e6ae14e8-055a-4702-bf9f-ff1574fcf8fe@group-91154D098C71-FollowerState: change to CANDIDATE, lastRpcTime:5094ms, electionTimeout:5094ms
2019-10-06 12:28:43,140 [Thread-2333] INFO  impl.RoleInfo (RoleInfo.java:shutdownFollowerState(121)) - e6ae14e8-055a-4702-bf9f-ff1574fcf8fe: shutdown FollowerState
2019-10-06 12:28:43,140 [Thread-2333] INFO  impl.RaftServerImpl (RaftServerImpl.java:setRole(170)) - e6ae14e8-055a-4702-bf9f-ff1574fcf8fe@group-91154D098C71: changes role from  FOLLOWER to CANDIDATE at term 0 for changeToCandidate
2019-10-06 12:28:43,141 [Thread-2333] INFO  impl.RoleInfo (RoleInfo.java:updateAndGet(143)) - e6ae14e8-055a-4702-bf9f-ff1574fcf8fe: start LeaderElection
2019-10-06 12:28:43,152 [2ad9002a-c54c-4774-9ff5-f956718bcd7d@group-65FBC4A74D7A-SegmentedRaftLogWorker] INFO  segmented.SegmentedRaftLogWorker (SegmentedRaftLogWorker.java:execute(574)) - 2ad9002a-c54c-4774-9ff5-f956718bcd7d@group-65FBC4A74D7A-SegmentedRaftLogWorker: created new log segment /workdir/hadoop-ozone/integration-test/target/test-dir/MiniOzoneClusterImpl-e7816d2d-1792-413d-b8e2-b0f84706c98d/datanode-2/data/ratis/8252435d-6e4d-4c6b-849b-65fbc4a74d7a/current/log_inprogress_0
2019-10-06 12:28:43,152 [b3aa2efe-c215-486c-85cb-46a7afc74637@group-65FBC4A74D7A-SegmentedRaftLogWorker] INFO  segmented.SegmentedRaftLogWorker (SegmentedRaftLogWorker.java:execute(574)) - b3aa2efe-c215-486c-85cb-46a7afc74637@group-65FBC4A74D7A-SegmentedRaftLogWorker: created new log segment /workdir/hadoop-ozone/integration-test/target/test-dir/MiniOzoneClusterImpl-e7816d2d-1792-413d-b8e2-b0f84706c98d/datanode-0/data/ratis/8252435d-6e4d-4c6b-849b-65fbc4a74d7a/current/log_inprogress_0
2019-10-06 12:28:43,161 [Thread-2330] INFO  impl.FollowerState (FollowerState.java:run(108)) - 0e669c8c-9fd7-46ff-aa08-d0c72283c21b@group-1660F1EAAE10-FollowerState: change to CANDIDATE, lastRpcTime:5170ms, electionTimeout:5170ms
2019-10-06 12:28:43,161 [Thread-2330] INFO  impl.RoleInfo (RoleInfo.java:shutdownFollowerState(121)) - 0e669c8c-9fd7-46ff-aa08-d0c72283c21b: shutdown FollowerState
2019-10-06 12:28:43,161 [Thread-2330] INFO  impl.RaftServerImpl (RaftServerImpl.java:setRole(170)) - 0e669c8c-9fd7-46ff-aa08-d0c72283c21b@group-1660F1EAAE10: changes role from  FOLLOWER to CANDIDATE at term 0 for changeToCandidate
2019-10-06 12:28:43,161 [Thread-2330] INFO  impl.RoleInfo (RoleInfo.java:updateAndGet(143)) - 0e669c8c-9fd7-46ff-aa08-d0c72283c21b: start LeaderElection
2019-10-06 12:28:43,170 [e6ae14e8-055a-4702-bf9f-ff1574fcf8fe@group-91154D098C71-LeaderElection87] INFO  impl.LeaderElection (LeaderElection.java:askForVotes(178)) - e6ae14e8-055a-4702-bf9f-ff1574fcf8fe@group-91154D098C71-LeaderElection87: begin an election at term 1 for -1: [e6ae14e8-055a-4702-bf9f-ff1574fcf8fe:192.168.30.17:33570], old=null
2019-10-06 12:28:43,170 [e6ae14e8-055a-4702-bf9f-ff1574fcf8fe@group-91154D098C71-LeaderElection87] INFO  impl.RoleInfo (RoleInfo.java:shutdownLeaderElection(134)) - e6ae14e8-055a-4702-bf9f-ff1574fcf8fe: shutdown LeaderElection
2019-10-06 12:28:43,170 [e6ae14e8-055a-4702-bf9f-ff1574fcf8fe@group-91154D098C71-LeaderElection87] INFO  impl.RaftServerImpl (RaftServerImpl.java:setRole(170)) - e6ae14e8-055a-4702-bf9f-ff1574fcf8fe@group-91154D098C71: changes role from CANDIDATE to LEADER at term 1 for changeToLeader
2019-10-06 12:28:43,170 [e6ae14e8-055a-4702-bf9f-ff1574fcf8fe@group-91154D098C71-LeaderElection87] INFO  impl.RaftServerImpl (ServerState.java:setLeader(255)) - e6ae14e8-055a-4702-bf9f-ff1574fcf8fe@group-91154D098C71: change Leader from null to e6ae14e8-055a-4702-bf9f-ff1574fcf8fe at term 1 for becomeLeader, leader elected after 5132ms
2019-10-06 12:28:43,170 [e6ae14e8-055a-4702-bf9f-ff1574fcf8fe@group-91154D098C71-LeaderElection87] INFO  server.RaftServerConfigKeys (ConfUtils.java:logGet(43)) - raft.server.staging.catchup.gap = 1000 (default)
2019-10-06 12:28:43,170 [e6ae14e8-055a-4702-bf9f-ff1574fcf8fe@group-91154D098C71-LeaderElection87] INFO  server.RaftServerConfigKeys (ConfUtils.java:logGet(43)) - raft.server.rpc.sleep.time = 25ms (default)
2019-10-06 12:28:43,171 [e6ae14e8-055a-4702-bf9f-ff1574fcf8fe@group-91154D098C71-LeaderElection87] INFO  server.RaftServerConfigKeys (ConfUtils.java:logGet(43)) - raft.server.write.element-limit = 4096 (default)
2019-10-06 12:28:43,171 [e6ae14e8-055a-4702-bf9f-ff1574fcf8fe@group-91154D098C71-LeaderElection87] INFO  server.RaftServerConfigKeys (ConfUtils.java:logGet(43)) - raft.server.watch.timeout = 10s (default)
2019-10-06 12:28:43,171 [e6ae14e8-055a-4702-bf9f-ff1574fcf8fe@group-91154D098C71-LeaderElection87] INFO  server.RaftServerConfigKeys (ConfUtils.java:logGet(43)) - raft.server.watch.timeout.denomination = 1s (default)
2019-10-06 12:28:43,171 [e6ae14e8-055a-4702-bf9f-ff1574fcf8fe@group-91154D098C71-LeaderElection87] INFO  server.RaftServerConfigKeys (ConfUtils.java:logGet(43)) - raft.server.watch.element-limit = 65536 (default)
2019-10-06 12:28:43,173 [e6ae14e8-055a-4702-bf9f-ff1574fcf8fe@group-91154D098C71-LeaderElection87] INFO  impl.RoleInfo (RoleInfo.java:updateAndGet(143)) - e6ae14e8-055a-4702-bf9f-ff1574fcf8fe: start LeaderState
2019-10-06 12:28:43,173 [e6ae14e8-055a-4702-bf9f-ff1574fcf8fe@group-91154D098C71-LeaderElection87] INFO  segmented.SegmentedRaftLogWorker (SegmentedRaftLogWorker.java:startLogSegment(385)) - e6ae14e8-055a-4702-bf9f-ff1574fcf8fe@group-91154D098C71-SegmentedRaftLogWorker: Starting segment from index:0
2019-10-06 12:28:43,174 [e6ae14e8-055a-4702-bf9f-ff1574fcf8fe@group-91154D098C71-LeaderElection87] INFO  impl.RaftServerImpl (ServerState.java:setRaftConf(356)) - e6ae14e8-055a-4702-bf9f-ff1574fcf8fe@group-91154D098C71: set configuration 0: [e6ae14e8-055a-4702-bf9f-ff1574fcf8fe:192.168.30.17:33570], old=null at 0
2019-10-06 12:28:43,182 [0e669c8c-9fd7-46ff-aa08-d0c72283c21b@group-1660F1EAAE10-LeaderElection88] INFO  impl.LeaderElection (LeaderElection.java:askForVotes(178)) - 0e669c8c-9fd7-46ff-aa08-d0c72283c21b@group-1660F1EAAE10-LeaderElection88: begin an election at term 1 for -1: [0e669c8c-9fd7-46ff-aa08-d0c72283c21b:192.168.30.17:39200], old=null
2019-10-06 12:28:43,182 [0e669c8c-9fd7-46ff-aa08-d0c72283c21b@group-1660F1EAAE10-LeaderElection88] INFO  impl.RoleInfo (RoleInfo.java:shutdownLeaderElection(134)) - 0e669c8c-9fd7-46ff-aa08-d0c72283c21b: shutdown LeaderElection
2019-10-06 12:28:43,182 [0e669c8c-9fd7-46ff-aa08-d0c72283c21b@group-1660F1EAAE10-LeaderElection88] INFO  impl.RaftServerImpl (RaftServerImpl.java:setRole(170)) - 0e669c8c-9fd7-46ff-aa08-d0c72283c21b@group-1660F1EAAE10: changes role from CANDIDATE to LEADER at term 1 for changeToLeader
2019-10-06 12:28:43,183 [0e669c8c-9fd7-46ff-aa08-d0c72283c21b@group-1660F1EAAE10-LeaderElection88] INFO  impl.RaftServerImpl (ServerState.java:setLeader(255)) - 0e669c8c-9fd7-46ff-aa08-d0c72283c21b@group-1660F1EAAE10: change Leader from null to 0e669c8c-9fd7-46ff-aa08-d0c72283c21b at term 1 for becomeLeader, leader elected after 5201ms
2019-10-06 12:28:43,183 [0e669c8c-9fd7-46ff-aa08-d0c72283c21b@group-1660F1EAAE10-LeaderElection88] INFO  server.RaftServerConfigKeys (ConfUtils.java:logGet(43)) - raft.server.staging.catchup.gap = 1000 (default)
2019-10-06 12:28:43,183 [0e669c8c-9fd7-46ff-aa08-d0c72283c21b@group-1660F1EAAE10-LeaderElection88] INFO  server.RaftServerConfigKeys (ConfUtils.java:logGet(43)) - raft.server.rpc.sleep.time = 25ms (default)
2019-10-06 12:28:43,183 [0e669c8c-9fd7-46ff-aa08-d0c72283c21b@group-1660F1EAAE10-LeaderElection88] INFO  server.RaftServerConfigKeys (ConfUtils.java:logGet(43)) - raft.server.write.element-limit = 4096 (default)
2019-10-06 12:28:43,184 [0e669c8c-9fd7-46ff-aa08-d0c72283c21b@group-1660F1EAAE10-LeaderElection88] INFO  server.RaftServerConfigKeys (ConfUtils.java:logGet(43)) - raft.server.watch.timeout = 10s (default)
2019-10-06 12:28:43,184 [0e669c8c-9fd7-46ff-aa08-d0c72283c21b@group-1660F1EAAE10-LeaderElection88] INFO  server.RaftServerConfigKeys (ConfUtils.java:logGet(43)) - raft.server.watch.timeout.denomination = 1s (default)
2019-10-06 12:28:43,184 [0e669c8c-9fd7-46ff-aa08-d0c72283c21b@group-1660F1EAAE10-LeaderElection88] INFO  server.RaftServerConfigKeys (ConfUtils.java:logGet(43)) - raft.server.watch.element-limit = 65536 (default)
2019-10-06 12:28:43,186 [0e669c8c-9fd7-46ff-aa08-d0c72283c21b@group-1660F1EAAE10-LeaderElection88] INFO  impl.RoleInfo (RoleInfo.java:updateAndGet(143)) - 0e669c8c-9fd7-46ff-aa08-d0c72283c21b: start LeaderState
2019-10-06 12:28:43,187 [0e669c8c-9fd7-46ff-aa08-d0c72283c21b@group-1660F1EAAE10-LeaderElection88] INFO  segmented.SegmentedRaftLogWorker (SegmentedRaftLogWorker.java:startLogSegment(385)) - 0e669c8c-9fd7-46ff-aa08-d0c72283c21b@group-1660F1EAAE10-SegmentedRaftLogWorker: Starting segment from index:0
2019-10-06 12:28:43,187 [0e669c8c-9fd7-46ff-aa08-d0c72283c21b@group-1660F1EAAE10-LeaderElection88] INFO  impl.RaftServerImpl (ServerState.java:setRaftConf(356)) - 0e669c8c-9fd7-46ff-aa08-d0c72283c21b@group-1660F1EAAE10: set configuration 0: [0e669c8c-9fd7-46ff-aa08-d0c72283c21b:192.168.30.17:39200], old=null at 0
2019-10-06 12:28:43,224 [e6ae14e8-055a-4702-bf9f-ff1574fcf8fe@group-91154D098C71-SegmentedRaftLogWorker] INFO  segmented.SegmentedRaftLogWorker (SegmentedRaftLogWorker.java:execute(574)) - e6ae14e8-055a-4702-bf9f-ff1574fcf8fe@group-91154D098C71-SegmentedRaftLogWorker: created new log segment /workdir/hadoop-ozone/integration-test/target/test-dir/MiniOzoneClusterImpl-e7816d2d-1792-413d-b8e2-b0f84706c98d/datanode-4/data/ratis/67ee91bb-8efa-48df-aad8-91154d098c71/current/log_inprogress_0
2019-10-06 12:28:43,224 [0e669c8c-9fd7-46ff-aa08-d0c72283c21b@group-1660F1EAAE10-SegmentedRaftLogWorker] INFO  segmented.SegmentedRaftLogWorker (SegmentedRaftLogWorker.java:execute(574)) - 0e669c8c-9fd7-46ff-aa08-d0c72283c21b@group-1660F1EAAE10-SegmentedRaftLogWorker: created new log segment /workdir/hadoop-ozone/integration-test/target/test-dir/MiniOzoneClusterImpl-e7816d2d-1792-413d-b8e2-b0f84706c98d/datanode-3/data/ratis/55239615-f925-4b52-adec-1660f1eaae10/current/log_inprogress_0
2019-10-06 12:28:43,241 [Thread-2340] INFO  impl.FollowerState (FollowerState.java:run(108)) - 6e172b5d-6d4f-407b-b8e3-e24acb0f0ee2@group-AF8E180BE4A2-FollowerState: change to CANDIDATE, lastRpcTime:5095ms, electionTimeout:5095ms
2019-10-06 12:28:43,241 [Thread-2340] INFO  impl.RoleInfo (RoleInfo.java:shutdownFollowerState(121)) - 6e172b5d-6d4f-407b-b8e3-e24acb0f0ee2: shutdown FollowerState
2019-10-06 12:28:43,241 [Thread-2340] INFO  impl.RaftServerImpl (RaftServerImpl.java:setRole(170)) - 6e172b5d-6d4f-407b-b8e3-e24acb0f0ee2@group-AF8E180BE4A2: changes role from  FOLLOWER to CANDIDATE at term 0 for changeToCandidate
2019-10-06 12:28:43,241 [Thread-2340] INFO  impl.RoleInfo (RoleInfo.java:updateAndGet(143)) - 6e172b5d-6d4f-407b-b8e3-e24acb0f0ee2: start LeaderElection
2019-10-06 12:28:43,266 [6e172b5d-6d4f-407b-b8e3-e24acb0f0ee2@group-AF8E180BE4A2-LeaderElection89] INFO  impl.LeaderElection (LeaderElection.java:askForVotes(178)) - 6e172b5d-6d4f-407b-b8e3-e24acb0f0ee2@group-AF8E180BE4A2-LeaderElection89: begin an election at term 1 for -1: [6e172b5d-6d4f-407b-b8e3-e24acb0f0ee2:192.168.30.17:37948], old=null
2019-10-06 12:28:43,266 [6e172b5d-6d4f-407b-b8e3-e24acb0f0ee2@group-AF8E180BE4A2-LeaderElection89] INFO  impl.RoleInfo (RoleInfo.java:shutdownLeaderElection(134)) - 6e172b5d-6d4f-407b-b8e3-e24acb0f0ee2: shutdown LeaderElection
2019-10-06 12:28:43,266 [6e172b5d-6d4f-407b-b8e3-e24acb0f0ee2@group-AF8E180BE4A2-LeaderElection89] INFO  impl.RaftServerImpl (RaftServerImpl.java:setRole(170)) - 6e172b5d-6d4f-407b-b8e3-e24acb0f0ee2@group-AF8E180BE4A2: changes role from CANDIDATE to LEADER at term 1 for changeToLeader
2019-10-06 12:28:43,266 [6e172b5d-6d4f-407b-b8e3-e24acb0f0ee2@group-AF8E180BE4A2-LeaderElection89] INFO  impl.RaftServerImpl (ServerState.java:setLeader(255)) - 6e172b5d-6d4f-407b-b8e3-e24acb0f0ee2@group-AF8E180BE4A2: change Leader from null to 6e172b5d-6d4f-407b-b8e3-e24acb0f0ee2 at term 1 for becomeLeader, leader elected after 5178ms
2019-10-06 12:28:43,267 [6e172b5d-6d4f-407b-b8e3-e24acb0f0ee2@group-AF8E180BE4A2-LeaderElection89] INFO  server.RaftServerConfigKeys (ConfUtils.java:logGet(43)) - raft.server.staging.catchup.gap = 1000 (default)
2019-10-06 12:28:43,267 [6e172b5d-6d4f-407b-b8e3-e24acb0f0ee2@group-AF8E180BE4A2-LeaderElection89] INFO  server.RaftServerConfigKeys (ConfUtils.java:logGet(43)) - raft.server.rpc.sleep.time = 25ms (default)
2019-10-06 12:28:43,267 [6e172b5d-6d4f-407b-b8e3-e24acb0f0ee2@group-AF8E180BE4A2-LeaderElection89] INFO  server.RaftServerConfigKeys (ConfUtils.java:logGet(43)) - raft.server.write.element-limit = 4096 (default)
2019-10-06 12:28:43,267 [6e172b5d-6d4f-407b-b8e3-e24acb0f0ee2@group-AF8E180BE4A2-LeaderElection89] INFO  server.RaftServerConfigKeys (ConfUtils.java:logGet(43)) - raft.server.watch.timeout = 10s (default)
2019-10-06 12:28:43,267 [6e172b5d-6d4f-407b-b8e3-e24acb0f0ee2@group-AF8E180BE4A2-LeaderElection89] INFO  server.RaftServerConfigKeys (ConfUtils.java:logGet(43)) - raft.server.watch.timeout.denomination = 1s (default)
2019-10-06 12:28:43,267 [6e172b5d-6d4f-407b-b8e3-e24acb0f0ee2@group-AF8E180BE4A2-LeaderElection89] INFO  server.RaftServerConfigKeys (ConfUtils.java:logGet(43)) - raft.server.watch.element-limit = 65536 (default)
2019-10-06 12:28:43,269 [6e172b5d-6d4f-407b-b8e3-e24acb0f0ee2@group-AF8E180BE4A2-LeaderElection89] INFO  impl.RoleInfo (RoleInfo.java:updateAndGet(143)) - 6e172b5d-6d4f-407b-b8e3-e24acb0f0ee2: start LeaderState
2019-10-06 12:28:43,269 [6e172b5d-6d4f-407b-b8e3-e24acb0f0ee2@group-AF8E180BE4A2-LeaderElection89] INFO  segmented.SegmentedRaftLogWorker (SegmentedRaftLogWorker.java:startLogSegment(385)) - 6e172b5d-6d4f-407b-b8e3-e24acb0f0ee2@group-AF8E180BE4A2-SegmentedRaftLogWorker: Starting segment from index:0
2019-10-06 12:28:43,270 [6e172b5d-6d4f-407b-b8e3-e24acb0f0ee2@group-AF8E180BE4A2-LeaderElection89] INFO  impl.RaftServerImpl (ServerState.java:setRaftConf(356)) - 6e172b5d-6d4f-407b-b8e3-e24acb0f0ee2@group-AF8E180BE4A2: set configuration 0: [6e172b5d-6d4f-407b-b8e3-e24acb0f0ee2:192.168.30.17:37948], old=null at 0
2019-10-06 12:28:43,317 [6e172b5d-6d4f-407b-b8e3-e24acb0f0ee2@group-AF8E180BE4A2-SegmentedRaftLogWorker] INFO  segmented.SegmentedRaftLogWorker (SegmentedRaftLogWorker.java:execute(574)) - 6e172b5d-6d4f-407b-b8e3-e24acb0f0ee2@group-AF8E180BE4A2-SegmentedRaftLogWorker: created new log segment /workdir/hadoop-ozone/integration-test/target/test-dir/MiniOzoneClusterImpl-e7816d2d-1792-413d-b8e2-b0f84706c98d/datanode-5/data/ratis/bd631661-8432-4522-b87c-af8e180be4a2/current/log_inprogress_0
2019-10-06 12:28:43,326 [Thread-2343] INFO  impl.FollowerState (FollowerState.java:run(108)) - aa0dc749-c5c6-42fe-9090-614dbc11ef72@group-75A3C2F01D6F-FollowerState: change to CANDIDATE, lastRpcTime:5091ms, electionTimeout:5091ms
2019-10-06 12:28:43,326 [Thread-2343] INFO  impl.RoleInfo (RoleInfo.java:shutdownFollowerState(121)) - aa0dc749-c5c6-42fe-9090-614dbc11ef72: shutdown FollowerState
2019-10-06 12:28:43,326 [Thread-2343] INFO  impl.RaftServerImpl (RaftServerImpl.java:setRole(170)) - aa0dc749-c5c6-42fe-9090-614dbc11ef72@group-75A3C2F01D6F: changes role from  FOLLOWER to CANDIDATE at term 0 for changeToCandidate
2019-10-06 12:28:43,327 [Thread-2343] INFO  impl.RoleInfo (RoleInfo.java:updateAndGet(143)) - aa0dc749-c5c6-42fe-9090-614dbc11ef72: start LeaderElection
2019-10-06 12:28:43,350 [aa0dc749-c5c6-42fe-9090-614dbc11ef72@group-75A3C2F01D6F-LeaderElection90] INFO  impl.LeaderElection (LeaderElection.java:askForVotes(178)) - aa0dc749-c5c6-42fe-9090-614dbc11ef72@group-75A3C2F01D6F-LeaderElection90: begin an election at term 1 for -1: [aa0dc749-c5c6-42fe-9090-614dbc11ef72:192.168.30.17:38795], old=null
2019-10-06 12:28:43,350 [aa0dc749-c5c6-42fe-9090-614dbc11ef72@group-75A3C2F01D6F-LeaderElection90] INFO  impl.RoleInfo (RoleInfo.java:shutdownLeaderElection(134)) - aa0dc749-c5c6-42fe-9090-614dbc11ef72: shutdown LeaderElection
2019-10-06 12:28:43,351 [aa0dc749-c5c6-42fe-9090-614dbc11ef72@group-75A3C2F01D6F-LeaderElection90] INFO  impl.RaftServerImpl (RaftServerImpl.java:setRole(170)) - aa0dc749-c5c6-42fe-9090-614dbc11ef72@group-75A3C2F01D6F: changes role from CANDIDATE to LEADER at term 1 for changeToLeader
2019-10-06 12:28:43,351 [aa0dc749-c5c6-42fe-9090-614dbc11ef72@group-75A3C2F01D6F-LeaderElection90] INFO  impl.RaftServerImpl (ServerState.java:setLeader(255)) - aa0dc749-c5c6-42fe-9090-614dbc11ef72@group-75A3C2F01D6F: change Leader from null to aa0dc749-c5c6-42fe-9090-614dbc11ef72 at term 1 for becomeLeader, leader elected after 5125ms
2019-10-06 12:28:43,351 [aa0dc749-c5c6-42fe-9090-614dbc11ef72@group-75A3C2F01D6F-LeaderElection90] INFO  server.RaftServerConfigKeys (ConfUtils.java:logGet(43)) - raft.server.staging.catchup.gap = 1000 (default)
2019-10-06 12:28:43,351 [aa0dc749-c5c6-42fe-9090-614dbc11ef72@group-75A3C2F01D6F-LeaderElection90] INFO  server.RaftServerConfigKeys (ConfUtils.java:logGet(43)) - raft.server.rpc.sleep.time = 25ms (default)
2019-10-06 12:28:43,352 [aa0dc749-c5c6-42fe-9090-614dbc11ef72@group-75A3C2F01D6F-LeaderElection90] INFO  server.RaftServerConfigKeys (ConfUtils.java:logGet(43)) - raft.server.write.element-limit = 4096 (default)
2019-10-06 12:28:43,352 [aa0dc749-c5c6-42fe-9090-614dbc11ef72@group-75A3C2F01D6F-LeaderElection90] INFO  server.RaftServerConfigKeys (ConfUtils.java:logGet(43)) - raft.server.watch.timeout = 10s (default)
2019-10-06 12:28:43,352 [aa0dc749-c5c6-42fe-9090-614dbc11ef72@group-75A3C2F01D6F-LeaderElection90] INFO  server.RaftServerConfigKeys (ConfUtils.java:logGet(43)) - raft.server.watch.timeout.denomination = 1s (default)
2019-10-06 12:28:43,352 [aa0dc749-c5c6-42fe-9090-614dbc11ef72@group-75A3C2F01D6F-LeaderElection90] INFO  server.RaftServerConfigKeys (ConfUtils.java:logGet(43)) - raft.server.watch.element-limit = 65536 (default)
2019-10-06 12:28:43,354 [aa0dc749-c5c6-42fe-9090-614dbc11ef72@group-75A3C2F01D6F-LeaderElection90] INFO  impl.RoleInfo (RoleInfo.java:updateAndGet(143)) - aa0dc749-c5c6-42fe-9090-614dbc11ef72: start LeaderState
2019-10-06 12:28:43,355 [aa0dc749-c5c6-42fe-9090-614dbc11ef72@group-75A3C2F01D6F-LeaderElection90] INFO  segmented.SegmentedRaftLogWorker (SegmentedRaftLogWorker.java:startLogSegment(385)) - aa0dc749-c5c6-42fe-9090-614dbc11ef72@group-75A3C2F01D6F-SegmentedRaftLogWorker: Starting segment from index:0
2019-10-06 12:28:43,355 [aa0dc749-c5c6-42fe-9090-614dbc11ef72@group-75A3C2F01D6F-LeaderElection90] INFO  impl.RaftServerImpl (ServerState.java:setRaftConf(356)) - aa0dc749-c5c6-42fe-9090-614dbc11ef72@group-75A3C2F01D6F: set configuration 0: [aa0dc749-c5c6-42fe-9090-614dbc11ef72:192.168.30.17:38795], old=null at 0
2019-10-06 12:28:43,393 [Thread-2350] INFO  impl.FollowerState (FollowerState.java:run(108)) - e6ae14e8-055a-4702-bf9f-ff1574fcf8fe@group-68079B848382-FollowerState: change to CANDIDATE, lastRpcTime:5064ms, electionTimeout:5064ms
2019-10-06 12:28:43,394 [Thread-2350] INFO  impl.RoleInfo (RoleInfo.java:shutdownFollowerState(121)) - e6ae14e8-055a-4702-bf9f-ff1574fcf8fe: shutdown FollowerState
2019-10-06 12:28:43,394 [Thread-2350] INFO  impl.RaftServerImpl (RaftServerImpl.java:setRole(170)) - e6ae14e8-055a-4702-bf9f-ff1574fcf8fe@group-68079B848382: changes role from  FOLLOWER to CANDIDATE at term 0 for changeToCandidate
2019-10-06 12:28:43,394 [Thread-2350] INFO  impl.RoleInfo (RoleInfo.java:updateAndGet(143)) - e6ae14e8-055a-4702-bf9f-ff1574fcf8fe: start LeaderElection
2019-10-06 12:28:43,400 [aa0dc749-c5c6-42fe-9090-614dbc11ef72@group-75A3C2F01D6F-SegmentedRaftLogWorker] INFO  segmented.SegmentedRaftLogWorker (SegmentedRaftLogWorker.java:execute(574)) - aa0dc749-c5c6-42fe-9090-614dbc11ef72@group-75A3C2F01D6F-SegmentedRaftLogWorker: created new log segment /workdir/hadoop-ozone/integration-test/target/test-dir/MiniOzoneClusterImpl-e7816d2d-1792-413d-b8e2-b0f84706c98d/datanode-6/data/ratis/74e84edd-2a4d-4529-a466-75a3c2f01d6f/current/log_inprogress_0
2019-10-06 12:28:43,413 [e6ae14e8-055a-4702-bf9f-ff1574fcf8fe@group-68079B848382-LeaderElection91] INFO  impl.LeaderElection (LeaderElection.java:askForVotes(178)) - e6ae14e8-055a-4702-bf9f-ff1574fcf8fe@group-68079B848382-LeaderElection91: begin an election at term 1 for -1: [aa0dc749-c5c6-42fe-9090-614dbc11ef72:192.168.30.17:38795, e6ae14e8-055a-4702-bf9f-ff1574fcf8fe:192.168.30.17:33570, 0e669c8c-9fd7-46ff-aa08-d0c72283c21b:192.168.30.17:39200], old=null
2019-10-06 12:28:43,415 [Thread-2348] INFO  impl.FollowerState (FollowerState.java:run(108)) - 0e669c8c-9fd7-46ff-aa08-d0c72283c21b@group-68079B848382-FollowerState: change to CANDIDATE, lastRpcTime:5088ms, electionTimeout:5088ms
2019-10-06 12:28:43,415 [Thread-2348] INFO  impl.RoleInfo (RoleInfo.java:shutdownFollowerState(121)) - 0e669c8c-9fd7-46ff-aa08-d0c72283c21b: shutdown FollowerState
2019-10-06 12:28:43,415 [Thread-2348] INFO  impl.RaftServerImpl (RaftServerImpl.java:setRole(170)) - 0e669c8c-9fd7-46ff-aa08-d0c72283c21b@group-68079B848382: changes role from  FOLLOWER to CANDIDATE at term 0 for changeToCandidate
2019-10-06 12:28:43,415 [Thread-2348] INFO  impl.RoleInfo (RoleInfo.java:updateAndGet(143)) - 0e669c8c-9fd7-46ff-aa08-d0c72283c21b: start LeaderElection
2019-10-06 12:28:43,431 [grpc-default-executor-3] INFO  impl.RaftServerImpl (RaftServerImpl.java:setRole(170)) - aa0dc749-c5c6-42fe-9090-614dbc11ef72@group-68079B848382: changes role from  FOLLOWER to FOLLOWER at term 1 for recognizeCandidate:e6ae14e8-055a-4702-bf9f-ff1574fcf8fe
2019-10-06 12:28:43,431 [grpc-default-executor-3] INFO  impl.RoleInfo (RoleInfo.java:shutdownFollowerState(121)) - aa0dc749-c5c6-42fe-9090-614dbc11ef72: shutdown FollowerState
2019-10-06 12:28:43,431 [grpc-default-executor-3] INFO  impl.RoleInfo (RoleInfo.java:updateAndGet(143)) - aa0dc749-c5c6-42fe-9090-614dbc11ef72: start FollowerState
2019-10-06 12:28:43,432 [Thread-2349] INFO  impl.FollowerState (FollowerState.java:run(117)) - aa0dc749-c5c6-42fe-9090-614dbc11ef72@group-68079B848382-FollowerState was interrupted: java.lang.InterruptedException: sleep interrupted
2019-10-06 12:28:43,439 [0e669c8c-9fd7-46ff-aa08-d0c72283c21b@group-68079B848382-LeaderElection92] INFO  impl.LeaderElection (LeaderElection.java:askForVotes(178)) - 0e669c8c-9fd7-46ff-aa08-d0c72283c21b@group-68079B848382-LeaderElection92: begin an election at term 1 for -1: [aa0dc749-c5c6-42fe-9090-614dbc11ef72:192.168.30.17:38795, e6ae14e8-055a-4702-bf9f-ff1574fcf8fe:192.168.30.17:33570, 0e669c8c-9fd7-46ff-aa08-d0c72283c21b:192.168.30.17:39200], old=null
2019-10-06 12:28:43,443 [e6ae14e8-055a-4702-bf9f-ff1574fcf8fe@group-68079B848382-LeaderElection91] INFO  impl.LeaderElection (LeaderElection.java:logAndReturn(56)) - e6ae14e8-055a-4702-bf9f-ff1574fcf8fe@group-68079B848382-LeaderElection91: Election PASSED; received 1 response(s) [e6ae14e8-055a-4702-bf9f-ff1574fcf8fe<-aa0dc749-c5c6-42fe-9090-614dbc11ef72#0:OK-t1] and 0 exception(s); e6ae14e8-055a-4702-bf9f-ff1574fcf8fe@group-68079B848382:t1, leader=null, voted=e6ae14e8-055a-4702-bf9f-ff1574fcf8fe, raftlog=e6ae14e8-055a-4702-bf9f-ff1574fcf8fe@group-68079B848382-SegmentedRaftLog:OPENED:c-1,f-1,i0, conf=-1: [aa0dc749-c5c6-42fe-9090-614dbc11ef72:192.168.30.17:38795, e6ae14e8-055a-4702-bf9f-ff1574fcf8fe:192.168.30.17:33570, 0e669c8c-9fd7-46ff-aa08-d0c72283c21b:192.168.30.17:39200], old=null
2019-10-06 12:28:43,443 [e6ae14e8-055a-4702-bf9f-ff1574fcf8fe@group-68079B848382-LeaderElection91] INFO  impl.RoleInfo (RoleInfo.java:shutdownLeaderElection(134)) - e6ae14e8-055a-4702-bf9f-ff1574fcf8fe: shutdown LeaderElection
2019-10-06 12:28:43,443 [e6ae14e8-055a-4702-bf9f-ff1574fcf8fe@group-68079B848382-LeaderElection91] INFO  impl.RaftServerImpl (RaftServerImpl.java:setRole(170)) - e6ae14e8-055a-4702-bf9f-ff1574fcf8fe@group-68079B848382: changes role from CANDIDATE to LEADER at term 1 for changeToLeader
2019-10-06 12:28:43,443 [e6ae14e8-055a-4702-bf9f-ff1574fcf8fe@group-68079B848382-LeaderElection91] INFO  impl.RaftServerImpl (ServerState.java:setLeader(255)) - e6ae14e8-055a-4702-bf9f-ff1574fcf8fe@group-68079B848382: change Leader from null to e6ae14e8-055a-4702-bf9f-ff1574fcf8fe at term 1 for becomeLeader, leader elected after 5124ms
2019-10-06 12:28:43,443 [e6ae14e8-055a-4702-bf9f-ff1574fcf8fe@group-68079B848382-LeaderElection91] INFO  server.RaftServerConfigKeys (ConfUtils.java:logGet(43)) - raft.server.staging.catchup.gap = 1000 (default)
2019-10-06 12:28:43,443 [e6ae14e8-055a-4702-bf9f-ff1574fcf8fe@group-68079B848382-LeaderElection91] INFO  server.RaftServerConfigKeys (ConfUtils.java:logGet(43)) - raft.server.rpc.sleep.time = 25ms (default)
2019-10-06 12:28:43,444 [e6ae14e8-055a-4702-bf9f-ff1574fcf8fe@group-68079B848382-LeaderElection91] INFO  server.RaftServerConfigKeys (ConfUtils.java:logGet(43)) - raft.server.write.element-limit = 4096 (default)
2019-10-06 12:28:43,444 [e6ae14e8-055a-4702-bf9f-ff1574fcf8fe@group-68079B848382-LeaderElection91] INFO  server.RaftServerConfigKeys (ConfUtils.java:logGet(43)) - raft.server.watch.timeout = 10s (default)
2019-10-06 12:28:43,444 [e6ae14e8-055a-4702-bf9f-ff1574fcf8fe@group-68079B848382-LeaderElection91] INFO  server.RaftServerConfigKeys (ConfUtils.java:logGet(43)) - raft.server.watch.timeout.denomination = 1s (default)
2019-10-06 12:28:43,444 [e6ae14e8-055a-4702-bf9f-ff1574fcf8fe@group-68079B848382-LeaderElection91] INFO  server.RaftServerConfigKeys (ConfUtils.java:logGet(43)) - raft.server.watch.element-limit = 65536 (default)
2019-10-06 12:28:43,452 [e6ae14e8-055a-4702-bf9f-ff1574fcf8fe@group-68079B848382-LeaderElection91] INFO  server.RaftServerConfigKeys (ConfUtils.java:logGet(43)) - raft.server.log.appender.snapshot.chunk.size.max = 16MB (=16777216) (default)
2019-10-06 12:28:43,452 [e6ae14e8-055a-4702-bf9f-ff1574fcf8fe@group-68079B848382-LeaderElection91] INFO  server.RaftServerConfigKeys (ConfUtils.java:logGet(43)) - raft.server.log.appender.buffer.byte-limit = 33554432 (custom)
2019-10-06 12:28:43,452 [e6ae14e8-055a-4702-bf9f-ff1574fcf8fe@group-68079B848382-LeaderElection91] INFO  server.RaftServerConfigKeys (ConfUtils.java:logGet(43)) - raft.server.log.appender.buffer.element-limit = 1 (custom)
2019-10-06 12:28:43,452 [e6ae14e8-055a-4702-bf9f-ff1574fcf8fe@group-68079B848382-LeaderElection91] INFO  grpc.GrpcConfigKeys$Server (ConfUtils.java:logGet(43)) - raft.grpc.server.leader.outstanding.appends.max = 128 (default)
2019-10-06 12:28:43,452 [e6ae14e8-055a-4702-bf9f-ff1574fcf8fe@group-68079B848382-LeaderElection91] INFO  server.RaftServerConfigKeys (ConfUtils.java:logGet(43)) - raft.server.rpc.request.timeout = 3000ms (default)
2019-10-06 12:28:43,452 [e6ae14e8-055a-4702-bf9f-ff1574fcf8fe@group-68079B848382-LeaderElection91] INFO  server.RaftServerConfigKeys (ConfUtils.java:logGet(43)) - raft.server.log.appender.install.snapshot.enabled = false (custom)
2019-10-06 12:28:43,453 [e6ae14e8-055a-4702-bf9f-ff1574fcf8fe@group-68079B848382-LeaderElection91] INFO  server.RaftServerConfigKeys (ConfUtils.java:logGet(43)) - raft.server.log.appender.snapshot.chunk.size.max = 16MB (=16777216) (default)
2019-10-06 12:28:43,453 [e6ae14e8-055a-4702-bf9f-ff1574fcf8fe@group-68079B848382-LeaderElection91] INFO  server.RaftServerConfigKeys (ConfUtils.java:logGet(43)) - raft.server.log.appender.buffer.byte-limit = 33554432 (custom)
2019-10-06 12:28:43,453 [e6ae14e8-055a-4702-bf9f-ff1574fcf8fe@group-68079B848382-LeaderElection91] INFO  server.RaftServerConfigKeys (ConfUtils.java:logGet(43)) - raft.server.log.appender.buffer.element-limit = 1 (custom)
2019-10-06 12:28:43,453 [e6ae14e8-055a-4702-bf9f-ff1574fcf8fe@group-68079B848382-LeaderElection91] INFO  grpc.GrpcConfigKeys$Server (ConfUtils.java:logGet(43)) - raft.grpc.server.leader.outstanding.appends.max = 128 (default)
2019-10-06 12:28:43,453 [e6ae14e8-055a-4702-bf9f-ff1574fcf8fe@group-68079B848382-LeaderElection91] INFO  server.RaftServerConfigKeys (ConfUtils.java:logGet(43)) - raft.server.rpc.request.timeout = 3000ms (default)
2019-10-06 12:28:43,453 [e6ae14e8-055a-4702-bf9f-ff1574fcf8fe@group-68079B848382-LeaderElection91] INFO  server.RaftServerConfigKeys (ConfUtils.java:logGet(43)) - raft.server.log.appender.install.snapshot.enabled = false (custom)
2019-10-06 12:28:43,454 [e6ae14e8-055a-4702-bf9f-ff1574fcf8fe@group-68079B848382-LeaderElection91] INFO  impl.RoleInfo (RoleInfo.java:updateAndGet(143)) - e6ae14e8-055a-4702-bf9f-ff1574fcf8fe: start LeaderState
2019-10-06 12:28:43,454 [e6ae14e8-055a-4702-bf9f-ff1574fcf8fe@group-68079B848382-LeaderElection91] INFO  segmented.SegmentedRaftLogWorker (SegmentedRaftLogWorker.java:startLogSegment(385)) - e6ae14e8-055a-4702-bf9f-ff1574fcf8fe@group-68079B848382-SegmentedRaftLogWorker: Starting segment from index:0
2019-10-06 12:28:43,455 [e6ae14e8-055a-4702-bf9f-ff1574fcf8fe@group-68079B848382-LeaderElection91] INFO  impl.RaftServerImpl (ServerState.java:setRaftConf(356)) - e6ae14e8-055a-4702-bf9f-ff1574fcf8fe@group-68079B848382: set configuration 0: [aa0dc749-c5c6-42fe-9090-614dbc11ef72:192.168.30.17:38795, e6ae14e8-055a-4702-bf9f-ff1574fcf8fe:192.168.30.17:33570, 0e669c8c-9fd7-46ff-aa08-d0c72283c21b:192.168.30.17:39200], old=null at 0
2019-10-06 12:28:43,455 [grpc-default-executor-0] INFO  impl.RaftServerImpl (RaftServerImpl.java:requestVote(754)) - e6ae14e8-055a-4702-bf9f-ff1574fcf8fe@group-68079B848382-   LEADER: Withhold vote from candidate 0e669c8c-9fd7-46ff-aa08-d0c72283c21b with term 1. State: leader=e6ae14e8-055a-4702-bf9f-ff1574fcf8fe, term=1, lastRpcElapsed=null
2019-10-06 12:28:43,493 [0e669c8c-9fd7-46ff-aa08-d0c72283c21b@group-68079B848382-LeaderElection92] INFO  impl.LeaderElection (LeaderElection.java:logAndReturn(56)) - 0e669c8c-9fd7-46ff-aa08-d0c72283c21b@group-68079B848382-LeaderElection92: Election REJECTED; received 2 response(s) [0e669c8c-9fd7-46ff-aa08-d0c72283c21b<-aa0dc749-c5c6-42fe-9090-614dbc11ef72#0:FAIL-t1, 0e669c8c-9fd7-46ff-aa08-d0c72283c21b<-e6ae14e8-055a-4702-bf9f-ff1574fcf8fe#0:FAIL-t1] and 0 exception(s); 0e669c8c-9fd7-46ff-aa08-d0c72283c21b@group-68079B848382:t1, leader=null, voted=0e669c8c-9fd7-46ff-aa08-d0c72283c21b, raftlog=0e669c8c-9fd7-46ff-aa08-d0c72283c21b@group-68079B848382-SegmentedRaftLog:OPENED:c-1,f-1,i0, conf=-1: [aa0dc749-c5c6-42fe-9090-614dbc11ef72:192.168.30.17:38795, e6ae14e8-055a-4702-bf9f-ff1574fcf8fe:192.168.30.17:33570, 0e669c8c-9fd7-46ff-aa08-d0c72283c21b:192.168.30.17:39200], old=null
2019-10-06 12:28:43,494 [0e669c8c-9fd7-46ff-aa08-d0c72283c21b@group-68079B848382-LeaderElection92] INFO  impl.RaftServerImpl (RaftServerImpl.java:setRole(170)) - 0e669c8c-9fd7-46ff-aa08-d0c72283c21b@group-68079B848382: changes role from CANDIDATE to FOLLOWER at term 1 for DISCOVERED_A_NEW_TERM
2019-10-06 12:28:43,494 [0e669c8c-9fd7-46ff-aa08-d0c72283c21b@group-68079B848382-LeaderElection92] INFO  impl.RoleInfo (RoleInfo.java:shutdownLeaderElection(134)) - 0e669c8c-9fd7-46ff-aa08-d0c72283c21b: shutdown LeaderElection
2019-10-06 12:28:43,494 [grpc-default-executor-3] INFO  impl.RaftServerImpl (ServerState.java:setLeader(255)) - aa0dc749-c5c6-42fe-9090-614dbc11ef72@group-68079B848382: change Leader from null to e6ae14e8-055a-4702-bf9f-ff1574fcf8fe at term 1 for appendEntries, leader elected after 5175ms
2019-10-06 12:28:43,494 [0e669c8c-9fd7-46ff-aa08-d0c72283c21b@group-68079B848382-LeaderElection92] INFO  impl.RoleInfo (RoleInfo.java:updateAndGet(143)) - 0e669c8c-9fd7-46ff-aa08-d0c72283c21b: start FollowerState
2019-10-06 12:28:43,495 [grpc-default-executor-0] INFO  impl.RaftServerImpl (ServerState.java:setLeader(255)) - 0e669c8c-9fd7-46ff-aa08-d0c72283c21b@group-68079B848382: change Leader from null to e6ae14e8-055a-4702-bf9f-ff1574fcf8fe at term 1 for appendEntries, leader elected after 5175ms
2019-10-06 12:28:43,496 [grpc-default-executor-3] INFO  impl.RaftServerImpl (ServerState.java:setRaftConf(356)) - aa0dc749-c5c6-42fe-9090-614dbc11ef72@group-68079B848382: set configuration 0: [aa0dc749-c5c6-42fe-9090-614dbc11ef72:192.168.30.17:38795, e6ae14e8-055a-4702-bf9f-ff1574fcf8fe:192.168.30.17:33570, 0e669c8c-9fd7-46ff-aa08-d0c72283c21b:192.168.30.17:39200], old=null at 0
2019-10-06 12:28:43,496 [grpc-default-executor-3] INFO  segmented.SegmentedRaftLogWorker (SegmentedRaftLogWorker.java:startLogSegment(385)) - aa0dc749-c5c6-42fe-9090-614dbc11ef72@group-68079B848382-SegmentedRaftLogWorker: Starting segment from index:0
2019-10-06 12:28:43,496 [grpc-default-executor-0] INFO  impl.RaftServerImpl (ServerState.java:setRaftConf(356)) - 0e669c8c-9fd7-46ff-aa08-d0c72283c21b@group-68079B848382: set configuration 0: [aa0dc749-c5c6-42fe-9090-614dbc11ef72:192.168.30.17:38795, e6ae14e8-055a-4702-bf9f-ff1574fcf8fe:192.168.30.17:33570, 0e669c8c-9fd7-46ff-aa08-d0c72283c21b:192.168.30.17:39200], old=null at 0
2019-10-06 12:28:43,497 [grpc-default-executor-0] INFO  segmented.SegmentedRaftLogWorker (SegmentedRaftLogWorker.java:startLogSegment(385)) - 0e669c8c-9fd7-46ff-aa08-d0c72283c21b@group-68079B848382-SegmentedRaftLogWorker: Starting segment from index:0
2019-10-06 12:28:43,513 [e6ae14e8-055a-4702-bf9f-ff1574fcf8fe@group-68079B848382-SegmentedRaftLogWorker] INFO  segmented.SegmentedRaftLogWorker (SegmentedRaftLogWorker.java:execute(574)) - e6ae14e8-055a-4702-bf9f-ff1574fcf8fe@group-68079B848382-SegmentedRaftLogWorker: created new log segment /workdir/hadoop-ozone/integration-test/target/test-dir/MiniOzoneClusterImpl-e7816d2d-1792-413d-b8e2-b0f84706c98d/datanode-4/data/ratis/6aa2be92-eb43-437c-866f-68079b848382/current/log_inprogress_0
2019-10-06 12:28:43,554 [0e669c8c-9fd7-46ff-aa08-d0c72283c21b@group-68079B848382-SegmentedRaftLogWorker] INFO  segmented.SegmentedRaftLogWorker (SegmentedRaftLogWorker.java:execute(574)) - 0e669c8c-9fd7-46ff-aa08-d0c72283c21b@group-68079B848382-SegmentedRaftLogWorker: created new log segment /workdir/hadoop-ozone/integration-test/target/test-dir/MiniOzoneClusterImpl-e7816d2d-1792-413d-b8e2-b0f84706c98d/datanode-3/data/ratis/6aa2be92-eb43-437c-866f-68079b848382/current/log_inprogress_0
2019-10-06 12:28:43,554 [aa0dc749-c5c6-42fe-9090-614dbc11ef72@group-68079B848382-SegmentedRaftLogWorker] INFO  segmented.SegmentedRaftLogWorker (SegmentedRaftLogWorker.java:execute(574)) - aa0dc749-c5c6-42fe-9090-614dbc11ef72@group-68079B848382-SegmentedRaftLogWorker: created new log segment /workdir/hadoop-ozone/integration-test/target/test-dir/MiniOzoneClusterImpl-e7816d2d-1792-413d-b8e2-b0f84706c98d/datanode-6/data/ratis/6aa2be92-eb43-437c-866f-68079b848382/current/log_inprogress_0
2019-10-06 12:28:43,559 [grpc-default-executor-5] WARN  server.GrpcLogAppender (LogUtils.java:warn(134)) - 405150d4-bd54-4511-ac91-84679afff3e5@group-0B6775E14A42->bc0dd1f5-e092-43fd-8479-76017d9815ee-AppendLogResponseHandler: Failed appendEntries: org.apache.ratis.thirdparty.io.grpc.StatusRuntimeException: UNAVAILABLE: io exception
2019-10-06 12:28:43,559 [grpc-default-executor-4] WARN  server.GrpcLogAppender (LogUtils.java:warn(134)) - 405150d4-bd54-4511-ac91-84679afff3e5@group-0B6775E14A42->82fffea1-b1ae-4141-a3f7-289714faad12-AppendLogResponseHandler: Failed appendEntries: org.apache.ratis.thirdparty.io.grpc.StatusRuntimeException: UNAVAILABLE: io exception
2019-10-06 12:28:43,559 [grpc-default-executor-5] INFO  impl.FollowerInfo (FollowerInfo.java:lambda$new$0(51)) - 405150d4-bd54-4511-ac91-84679afff3e5@group-0B6775E14A42->bc0dd1f5-e092-43fd-8479-76017d9815ee: nextIndex: updateUnconditionally 0 -> 0
2019-10-06 12:28:43,559 [grpc-default-executor-4] INFO  impl.FollowerInfo (FollowerInfo.java:lambda$new$0(51)) - 405150d4-bd54-4511-ac91-84679afff3e5@group-0B6775E14A42->82fffea1-b1ae-4141-a3f7-289714faad12: nextIndex: updateUnconditionally 0 -> 0
2019-10-06 12:28:44,709 [Datanode State Machine Thread - 0] INFO  statemachine.DatanodeStateMachine (DatanodeStateMachine.java:lambda$startDaemon$0(350)) - Ozone container server started.
2019-10-06 12:28:46,049 [grpc-default-executor-3] WARN  server.GrpcLogAppender (LogUtils.java:warn(134)) - 405150d4-bd54-4511-ac91-84679afff3e5@group-0B6775E14A42->bc0dd1f5-e092-43fd-8479-76017d9815ee-AppendLogResponseHandler: Failed appendEntries: org.apache.ratis.thirdparty.io.grpc.StatusRuntimeException: UNAVAILABLE: io exception
2019-10-06 12:28:46,049 [grpc-default-executor-7] WARN  server.GrpcLogAppender (LogUtils.java:warn(134)) - 405150d4-bd54-4511-ac91-84679afff3e5@group-0B6775E14A42->82fffea1-b1ae-4141-a3f7-289714faad12-AppendLogResponseHandler: Failed appendEntries: org.apache.ratis.thirdparty.io.grpc.StatusRuntimeException: UNAVAILABLE: io exception
2019-10-06 12:28:46,050 [grpc-default-executor-3] INFO  impl.FollowerInfo (FollowerInfo.java:lambda$new$0(51)) - 405150d4-bd54-4511-ac91-84679afff3e5@group-0B6775E14A42->bc0dd1f5-e092-43fd-8479-76017d9815ee: nextIndex: updateUnconditionally 0 -> 0
2019-10-06 12:28:46,050 [grpc-default-executor-7] INFO  impl.FollowerInfo (FollowerInfo.java:lambda$new$0(51)) - 405150d4-bd54-4511-ac91-84679afff3e5@group-0B6775E14A42->82fffea1-b1ae-4141-a3f7-289714faad12: nextIndex: updateUnconditionally 0 -> 0
2019-10-06 12:28:47,731 [EventQueue-StaleNodeForStaleNodeHandler] INFO  node.StaleNodeHandler (StaleNodeHandler.java:onMessage(58)) - Datanode 82fffea1-b1ae-4141-a3f7-289714faad12{ip: 192.168.30.17, host: ozone-build-dev-sjjt9-54166716, networkLocation: /default-rack, certSerialId: null} moved to stale state. Finalizing its pipelines [PipelineID=a3df912a-ae95-4c93-98a1-0b6775e14a42, PipelineID=aa0e7778-617e-44e2-bcbd-d13855eb69ae]
2019-10-06 12:28:47,732 [EventQueue-StaleNodeForStaleNodeHandler] INFO  pipeline.SCMPipelineManager (SCMPipelineManager.java:finalizeAndDestroyPipeline(315)) - destroying pipeline:Pipeline[ Id: a3df912a-ae95-4c93-98a1-0b6775e14a42, Nodes: 82fffea1-b1ae-4141-a3f7-289714faad12{ip: 192.168.30.17, host: ozone-build-dev-sjjt9-54166716, networkLocation: /default-rack, certSerialId: null}bc0dd1f5-e092-43fd-8479-76017d9815ee{ip: 192.168.30.17, host: ozone-build-dev-sjjt9-54166716, networkLocation: /default-rack, certSerialId: null}405150d4-bd54-4511-ac91-84679afff3e5{ip: 192.168.30.17, host: ozone-build-dev-sjjt9-54166716, networkLocation: /default-rack, certSerialId: null}, Type:RATIS, Factor:THREE, State:OPEN]
2019-10-06 12:28:47,732 [EventQueue-StaleNodeForStaleNodeHandler] INFO  pipeline.PipelineStateManager (PipelineStateManager.java:finalizePipeline(123)) - Pipeline Pipeline[ Id: a3df912a-ae95-4c93-98a1-0b6775e14a42, Nodes: 82fffea1-b1ae-4141-a3f7-289714faad12{ip: 192.168.30.17, host: ozone-build-dev-sjjt9-54166716, networkLocation: /default-rack, certSerialId: null}bc0dd1f5-e092-43fd-8479-76017d9815ee{ip: 192.168.30.17, host: ozone-build-dev-sjjt9-54166716, networkLocation: /default-rack, certSerialId: null}405150d4-bd54-4511-ac91-84679afff3e5{ip: 192.168.30.17, host: ozone-build-dev-sjjt9-54166716, networkLocation: /default-rack, certSerialId: null}, Type:RATIS, Factor:THREE, State:CLOSED] moved to CLOSED state
2019-10-06 12:28:47,733 [EventQueue-CloseContainerForCloseContainerEventHandler] INFO  container.CloseContainerEventHandler (CloseContainerEventHandler.java:onMessage(61)) - Close container Event triggered for container : #1
2019-10-06 12:28:47,733 [EventQueue-StaleNodeForStaleNodeHandler] INFO  pipeline.SCMPipelineManager (SCMPipelineManager.java:finalizeAndDestroyPipeline(315)) - destroying pipeline:Pipeline[ Id: aa0e7778-617e-44e2-bcbd-d13855eb69ae, Nodes: 82fffea1-b1ae-4141-a3f7-289714faad12{ip: 192.168.30.17, host: ozone-build-dev-sjjt9-54166716, networkLocation: /default-rack, certSerialId: null}, Type:RATIS, Factor:ONE, State:OPEN]
2019-10-06 12:28:47,733 [EventQueue-StaleNodeForStaleNodeHandler] INFO  pipeline.PipelineStateManager (PipelineStateManager.java:finalizePipeline(123)) - Pipeline Pipeline[ Id: aa0e7778-617e-44e2-bcbd-d13855eb69ae, Nodes: 82fffea1-b1ae-4141-a3f7-289714faad12{ip: 192.168.30.17, host: ozone-build-dev-sjjt9-54166716, networkLocation: /default-rack, certSerialId: null}, Type:RATIS, Factor:ONE, State:CLOSED] moved to CLOSED state
2019-10-06 12:28:48,550 [grpc-default-executor-4] WARN  server.GrpcLogAppender (LogUtils.java:warn(134)) - 405150d4-bd54-4511-ac91-84679afff3e5@group-0B6775E14A42->82fffea1-b1ae-4141-a3f7-289714faad12-AppendLogResponseHandler: Failed appendEntries: org.apache.ratis.thirdparty.io.grpc.StatusRuntimeException: UNAVAILABLE: io exception
2019-10-06 12:28:48,550 [grpc-default-executor-5] WARN  server.GrpcLogAppender (LogUtils.java:warn(134)) - 405150d4-bd54-4511-ac91-84679afff3e5@group-0B6775E14A42->bc0dd1f5-e092-43fd-8479-76017d9815ee-AppendLogResponseHandler: Failed appendEntries: org.apache.ratis.thirdparty.io.grpc.StatusRuntimeException: UNAVAILABLE: io exception
2019-10-06 12:28:48,550 [grpc-default-executor-4] INFO  impl.FollowerInfo (FollowerInfo.java:lambda$new$0(51)) - 405150d4-bd54-4511-ac91-84679afff3e5@group-0B6775E14A42->82fffea1-b1ae-4141-a3f7-289714faad12: nextIndex: updateUnconditionally 0 -> 0
2019-10-06 12:28:48,550 [grpc-default-executor-5] INFO  impl.FollowerInfo (FollowerInfo.java:lambda$new$0(51)) - 405150d4-bd54-4511-ac91-84679afff3e5@group-0B6775E14A42->bc0dd1f5-e092-43fd-8479-76017d9815ee: nextIndex: updateUnconditionally 0 -> 0
2019-10-06 12:28:48,721 [main] INFO  ozoneimpl.OzoneContainer (OzoneContainer.java:stop(231)) - Attempting to stop container services.
2019-10-06 12:28:48,721 [main] INFO  impl.RaftServerProxy (RaftServerProxy.java:lambda$close$4(314)) - b3aa2efe-c215-486c-85cb-46a7afc74637: close
2019-10-06 12:28:48,722 [main] INFO  impl.RaftServerImpl (RaftServerImpl.java:lambda$shutdown$3(247)) - b3aa2efe-c215-486c-85cb-46a7afc74637@group-65FBC4A74D7A: shutdown
2019-10-06 12:28:48,722 [ForkJoinPool.commonPool-worker-0] INFO  impl.RaftServerImpl (RaftServerImpl.java:lambda$shutdown$3(247)) - b3aa2efe-c215-486c-85cb-46a7afc74637@group-E2F2BF5D83D6: shutdown
2019-10-06 12:28:48,723 [main] INFO  util.JmxRegister (JmxRegister.java:unregister(73)) - Successfully un-registered JMX Bean with object name Ratis:service=RaftServer,group=group-65FBC4A74D7A,id=b3aa2efe-c215-486c-85cb-46a7afc74637
2019-10-06 12:28:48,723 [ForkJoinPool.commonPool-worker-0] INFO  util.JmxRegister (JmxRegister.java:unregister(73)) - Successfully un-registered JMX Bean with object name Ratis:service=RaftServer,group=group-E2F2BF5D83D6,id=b3aa2efe-c215-486c-85cb-46a7afc74637
2019-10-06 12:28:48,723 [main] INFO  impl.RoleInfo (RoleInfo.java:shutdownFollowerState(121)) - b3aa2efe-c215-486c-85cb-46a7afc74637: shutdown FollowerState
2019-10-06 12:28:48,724 [ForkJoinPool.commonPool-worker-0] INFO  impl.RoleInfo (RoleInfo.java:shutdownLeaderState(104)) - b3aa2efe-c215-486c-85cb-46a7afc74637: shutdown LeaderState
2019-10-06 12:28:48,724 [b3aa2efe-c215-486c-85cb-46a7afc74637@group-65FBC4A74D7A-StateMachineUpdater] INFO  ratis.ContainerStateMachine (ContainerStateMachine.java:takeSnapshot(293)) - group-65FBC4A74D7A: Taking a snapshot at:(t:1, i:1) file /workdir/hadoop-ozone/integration-test/target/test-dir/MiniOzoneClusterImpl-e7816d2d-1792-413d-b8e2-b0f84706c98d/datanode-0/data/ratis/8252435d-6e4d-4c6b-849b-65fbc4a74d7a/sm/snapshot.1_1
2019-10-06 12:28:48,724 [main] INFO  impl.StateMachineUpdater (StateMachineUpdater.java:stopAndJoin(136)) - b3aa2efe-c215-486c-85cb-46a7afc74637@group-65FBC4A74D7A-StateMachineUpdater: set stopIndex = 2
2019-10-06 12:28:48,724 [Thread-2380] INFO  impl.FollowerState (FollowerState.java:run(117)) - b3aa2efe-c215-486c-85cb-46a7afc74637@group-65FBC4A74D7A-FollowerState was interrupted: java.lang.InterruptedException: sleep interrupted
2019-10-06 12:28:48,724 [ForkJoinPool.commonPool-worker-0] INFO  impl.PendingRequests (PendingRequests.java:sendNotLeaderResponses(202)) - b3aa2efe-c215-486c-85cb-46a7afc74637@group-E2F2BF5D83D6-PendingRequests: sendNotLeaderResponses
2019-10-06 12:28:48,733 [ForkJoinPool.commonPool-worker-0] INFO  impl.StateMachineUpdater (StateMachineUpdater.java:stopAndJoin(136)) - b3aa2efe-c215-486c-85cb-46a7afc74637@group-E2F2BF5D83D6-StateMachineUpdater: set stopIndex = 0
2019-10-06 12:28:48,734 [ForkJoinPool.commonPool-worker-0] INFO  impl.RaftServerImpl (ServerState.java:close(387)) - b3aa2efe-c215-486c-85cb-46a7afc74637@group-E2F2BF5D83D6: closes. applyIndex: 0
2019-10-06 12:28:48,734 [b3aa2efe-c215-486c-85cb-46a7afc74637@group-E2F2BF5D83D6-SegmentedRaftLogWorker] INFO  segmented.SegmentedRaftLogWorker (SegmentedRaftLogWorker.java:run(316)) - b3aa2efe-c215-486c-85cb-46a7afc74637@group-E2F2BF5D83D6-SegmentedRaftLogWorker was interrupted, exiting. There are 0 tasks remaining in the queue.
2019-10-06 12:28:48,739 [ForkJoinPool.commonPool-worker-0] INFO  segmented.SegmentedRaftLogWorker (SegmentedRaftLogWorker.java:close(224)) - b3aa2efe-c215-486c-85cb-46a7afc74637@group-E2F2BF5D83D6-SegmentedRaftLogWorker close()
2019-10-06 12:28:48,749 [b3aa2efe-c215-486c-85cb-46a7afc74637@group-65FBC4A74D7A-StateMachineUpdater] INFO  ratis.ContainerStateMachine (ContainerStateMachine.java:takeSnapshot(304)) - group-65FBC4A74D7A: Finished taking a snapshot at:(t:1, i:1) file:/workdir/hadoop-ozone/integration-test/target/test-dir/MiniOzoneClusterImpl-e7816d2d-1792-413d-b8e2-b0f84706c98d/datanode-0/data/ratis/8252435d-6e4d-4c6b-849b-65fbc4a74d7a/sm/snapshot.1_1 time:25
2019-10-06 12:28:48,749 [b3aa2efe-c215-486c-85cb-46a7afc74637@group-65FBC4A74D7A-StateMachineUpdater] INFO  impl.StateMachineUpdater (StateMachineUpdater.java:takeSnapshot(269)) - b3aa2efe-c215-486c-85cb-46a7afc74637@group-65FBC4A74D7A-StateMachineUpdater: Took a snapshot at index 1
2019-10-06 12:28:48,749 [b3aa2efe-c215-486c-85cb-46a7afc74637@group-65FBC4A74D7A-StateMachineUpdater] INFO  impl.StateMachineUpdater (StateMachineUpdater.java:lambda$new$0(84)) - b3aa2efe-c215-486c-85cb-46a7afc74637@group-65FBC4A74D7A-StateMachineUpdater: snapshotIndex: updateIncreasingly -1 -> 1
2019-10-06 12:28:48,750 [b3aa2efe-c215-486c-85cb-46a7afc74637@group-65FBC4A74D7A-StateMachineUpdater] INFO  ratis.ContainerStateMachine (ContainerStateMachine.java:takeSnapshot(293)) - group-65FBC4A74D7A: Taking a snapshot at:(t:1, i:1) file /workdir/hadoop-ozone/integration-test/target/test-dir/MiniOzoneClusterImpl-e7816d2d-1792-413d-b8e2-b0f84706c98d/datanode-0/data/ratis/8252435d-6e4d-4c6b-849b-65fbc4a74d7a/sm/snapshot.1_1
2019-10-06 12:28:48,758 [b3aa2efe-c215-486c-85cb-46a7afc74637@group-65FBC4A74D7A-StateMachineUpdater] INFO  ratis.ContainerStateMachine (ContainerStateMachine.java:takeSnapshot(304)) - group-65FBC4A74D7A: Finished taking a snapshot at:(t:1, i:1) file:/workdir/hadoop-ozone/integration-test/target/test-dir/MiniOzoneClusterImpl-e7816d2d-1792-413d-b8e2-b0f84706c98d/datanode-0/data/ratis/8252435d-6e4d-4c6b-849b-65fbc4a74d7a/sm/snapshot.1_1 time:8
2019-10-06 12:28:48,759 [b3aa2efe-c215-486c-85cb-46a7afc74637@group-65FBC4A74D7A-StateMachineUpdater] INFO  impl.StateMachineUpdater (StateMachineUpdater.java:takeSnapshot(269)) - b3aa2efe-c215-486c-85cb-46a7afc74637@group-65FBC4A74D7A-StateMachineUpdater: Took a snapshot at index 1
2019-10-06 12:28:48,759 [b3aa2efe-c215-486c-85cb-46a7afc74637@group-65FBC4A74D7A-StateMachineUpdater] INFO  impl.StateMachineUpdater (StateMachineUpdater.java:lambda$new$0(84)) - b3aa2efe-c215-486c-85cb-46a7afc74637@group-65FBC4A74D7A-StateMachineUpdater: snapshotIndex: updateIncreasingly 1 -> 1
2019-10-06 12:28:48,759 [main] INFO  impl.RaftServerImpl (ServerState.java:close(387)) - b3aa2efe-c215-486c-85cb-46a7afc74637@group-65FBC4A74D7A: closes. applyIndex: 2
2019-10-06 12:28:48,760 [b3aa2efe-c215-486c-85cb-46a7afc74637@group-65FBC4A74D7A-SegmentedRaftLogWorker] INFO  segmented.SegmentedRaftLogWorker (SegmentedRaftLogWorker.java:run(316)) - b3aa2efe-c215-486c-85cb-46a7afc74637@group-65FBC4A74D7A-SegmentedRaftLogWorker was interrupted, exiting. There are 0 tasks remaining in the queue.
2019-10-06 12:28:48,767 [main] INFO  segmented.SegmentedRaftLogWorker (SegmentedRaftLogWorker.java:close(224)) - b3aa2efe-c215-486c-85cb-46a7afc74637@group-65FBC4A74D7A-SegmentedRaftLogWorker close()
2019-10-06 12:28:48,776 [main] INFO  server.GrpcService (GrpcService.java:closeImpl(164)) - b3aa2efe-c215-486c-85cb-46a7afc74637: shutdown server with port 38324 now
2019-10-06 12:28:48,777 [grpc-default-executor-5] WARN  server.GrpcServerProtocolService (LogUtils.java:warn(134)) - b3aa2efe-c215-486c-85cb-46a7afc74637: installSnapshot onError, lastRequest: a070c0c1-1714-4d75-902b-8f5ceeee5a66->b3aa2efe-c215-486c-85cb-46a7afc74637#5-t1, previous=(t:1, i:2), leaderCommit=2, initializing? false, entries: <empty>: org.apache.ratis.thirdparty.io.grpc.StatusRuntimeException: CANCELLED: cancelled before receiving half close
2019-10-06 12:28:48,777 [main] INFO  server.GrpcService (GrpcService.java:closeImpl(172)) - b3aa2efe-c215-486c-85cb-46a7afc74637: shutdown server with port 38324 successfully
2019-10-06 12:28:48,777 [grpc-default-executor-3] WARN  server.GrpcLogAppender (LogUtils.java:warn(134)) - a070c0c1-1714-4d75-902b-8f5ceeee5a66@group-65FBC4A74D7A->b3aa2efe-c215-486c-85cb-46a7afc74637-AppendLogResponseHandler: Failed appendEntries: org.apache.ratis.thirdparty.io.grpc.StatusRuntimeException: CANCELLED: HTTP/2 error code: CANCEL
Received Rst Stream
2019-10-06 12:28:48,778 [grpc-default-executor-3] INFO  impl.FollowerInfo (FollowerInfo.java:lambda$new$0(51)) - a070c0c1-1714-4d75-902b-8f5ceeee5a66@group-65FBC4A74D7A->b3aa2efe-c215-486c-85cb-46a7afc74637: nextIndex: updateUnconditionally 3 -> 2
2019-10-06 12:28:48,779 [refreshUsed-/workdir/hadoop-ozone/integration-test/target/test-dir/MiniOzoneClusterImpl-e7816d2d-1792-413d-b8e2-b0f84706c98d/datanode-0/data/containers] WARN  fs.CachingGetSpaceUsed (CachingGetSpaceUsed.java:run(183)) - Thread Interrupted waiting to refresh disk information: sleep interrupted
2019-10-06 12:28:48,804 [main] INFO  utils.BackgroundService (BackgroundService.java:shutdown(148)) - Shutting down service BlockDeletingService
2019-10-06 12:28:48,815 [main] INFO  statemachine.DatanodeStateMachine (DatanodeStateMachine.java:stopDaemon(395)) - Ozone container server stopped.
2019-10-06 12:28:48,816 [main] INFO  handler.ContextHandler (ContextHandler.java:doStop(910)) - Stopped o.e.j.w.WebAppContext@251c90f{/,null,UNAVAILABLE}{/hddsDatanode}
2019-10-06 12:28:48,817 [main] INFO  server.AbstractConnector (AbstractConnector.java:doStop(318)) - Stopped ServerConnector@6629643d{HTTP/1.1,[http/1.1]}{0.0.0.0:0}
2019-10-06 12:28:48,818 [main] INFO  handler.ContextHandler (ContextHandler.java:doStop(910)) - Stopped o.e.j.s.ServletContextHandler@2dbfa972{/static,jar:file:/home/user/.m2/repository/org/apache/hadoop/hadoop-hdds-container-service/0.5.0-SNAPSHOT/hadoop-hdds-container-service-0.5.0-SNAPSHOT.jar!/webapps/static,UNAVAILABLE}
2019-10-06 12:28:48,818 [main] INFO  handler.ContextHandler (ContextHandler.java:doStop(910)) - Stopped o.e.j.s.ServletContextHandler@65cc5252{/logs,file:///workdir/hadoop-ozone/integration-test/target/log,UNAVAILABLE}
2019-10-06 12:28:48,833 [grpc-default-executor-4] WARN  server.GrpcLogAppender (LogUtils.java:warn(134)) - a070c0c1-1714-4d75-902b-8f5ceeee5a66@group-65FBC4A74D7A->b3aa2efe-c215-486c-85cb-46a7afc74637-AppendLogResponseHandler: Failed appendEntries: org.apache.ratis.thirdparty.io.grpc.StatusRuntimeException: UNAVAILABLE: io exception
2019-10-06 12:28:48,833 [grpc-default-executor-4] INFO  impl.FollowerInfo (FollowerInfo.java:lambda$new$0(51)) - a070c0c1-1714-4d75-902b-8f5ceeee5a66@group-65FBC4A74D7A->b3aa2efe-c215-486c-85cb-46a7afc74637: nextIndex: updateUnconditionally 3 -> 2
2019-10-06 12:28:48,844 [grpc-default-executor-5] WARN  server.GrpcLogAppender (LogUtils.java:warn(134)) - a070c0c1-1714-4d75-902b-8f5ceeee5a66@group-65FBC4A74D7A->b3aa2efe-c215-486c-85cb-46a7afc74637-AppendLogResponseHandler: Failed appendEntries: org.apache.ratis.thirdparty.io.grpc.StatusRuntimeException: UNAVAILABLE: io exception
2019-10-06 12:28:48,844 [grpc-default-executor-5] INFO  impl.FollowerInfo (FollowerInfo.java:lambda$new$0(51)) - a070c0c1-1714-4d75-902b-8f5ceeee5a66@group-65FBC4A74D7A->b3aa2efe-c215-486c-85cb-46a7afc74637: nextIndex: updateUnconditionally 3 -> 2
2019-10-06 12:28:48,855 [grpc-default-executor-3] WARN  server.GrpcLogAppender (LogUtils.java:warn(134)) - a070c0c1-1714-4d75-902b-8f5ceeee5a66@group-65FBC4A74D7A->b3aa2efe-c215-486c-85cb-46a7afc74637-AppendLogResponseHandler: Failed appendEntries: org.apache.ratis.thirdparty.io.grpc.StatusRuntimeException: UNAVAILABLE: io exception
2019-10-06 12:28:48,856 [grpc-default-executor-3] INFO  impl.FollowerInfo (FollowerInfo.java:lambda$new$0(51)) - a070c0c1-1714-4d75-902b-8f5ceeee5a66@group-65FBC4A74D7A->b3aa2efe-c215-486c-85cb-46a7afc74637: nextIndex: updateUnconditionally 3 -> 2
2019-10-06 12:28:48,857 [EventQueue-IncrementalContainerReportForIncrementalContainerReportHandler] WARN  container.IncrementalContainerReportHandler (AbstractContainerReportHandler.java:updateContainerState(143)) - Container #1 is in OPEN state, but the datanode a070c0c1-1714-4d75-902b-8f5ceeee5a66{ip: 192.168.30.17, host: ozone-build-dev-sjjt9-54166716, networkLocation: /default-rack, certSerialId: null} reports an CLOSING replica.
2019-10-06 12:28:48,881 [EventQueue-IncrementalContainerReportForIncrementalContainerReportHandler] WARN  container.IncrementalContainerReportHandler (AbstractContainerReportHandler.java:updateContainerState(143)) - Container #1 is in OPEN state, but the datanode 2ad9002a-c54c-4774-9ff5-f956718bcd7d{ip: 192.168.30.17, host: ozone-build-dev-sjjt9-54166716, networkLocation: /default-rack, certSerialId: null} reports an CLOSING replica.
2019-10-06 12:28:48,912 [RatisApplyTransactionExecutor 1] INFO  interfaces.Container (KeyValueContainer.java:flushAndSyncDB(386)) - Container 1 is synced with bcsId 0.
2019-10-06 12:28:48,953 [RatisApplyTransactionExecutor 1] INFO  interfaces.Container (KeyValueContainer.java:flushAndSyncDB(386)) - Container 1 is synced with bcsId 0.
2019-10-06 12:28:48,964 [RatisApplyTransactionExecutor 1] INFO  interfaces.Container (KeyValueContainer.java:flushAndSyncDB(386)) - Container 1 is synced with bcsId 0.
2019-10-06 12:28:48,964 [RatisApplyTransactionExecutor 1] INFO  interfaces.Container (KeyValueContainer.java:flushAndSyncDB(386)) - Container 1 is synced with bcsId 0.
2019-10-06 12:28:48,977 [RatisApplyTransactionExecutor 1] INFO  interfaces.Container (KeyValueContainer.java:close(335)) - Container 1 is closed with bcsId 0.
2019-10-06 12:28:48,977 [RatisApplyTransactionExecutor 1] INFO  interfaces.Container (KeyValueContainer.java:close(335)) - Container 1 is closed with bcsId 0.
2019-10-06 12:28:48,978 [EventQueue-IncrementalContainerReportForIncrementalContainerReportHandler] WARN  container.IncrementalContainerReportHandler (AbstractContainerReportHandler.java:updateContainerState(143)) - Container #1 is in OPEN state, but the datanode a070c0c1-1714-4d75-902b-8f5ceeee5a66{ip: 192.168.30.17, host: ozone-build-dev-sjjt9-54166716, networkLocation: /default-rack, certSerialId: null} reports an CLOSED replica.
2019-10-06 12:28:48,981 [EventQueue-IncrementalContainerReportForIncrementalContainerReportHandler] WARN  container.IncrementalContainerReportHandler (AbstractContainerReportHandler.java:updateContainerState(143)) - Container #1 is in OPEN state, but the datanode 2ad9002a-c54c-4774-9ff5-f956718bcd7d{ip: 192.168.30.17, host: ozone-build-dev-sjjt9-54166716, networkLocation: /default-rack, certSerialId: null} reports an CLOSED replica.
2019-10-06 12:28:49,638 [grpc-default-executor-4] WARN  server.GrpcLogAppender (LogUtils.java:warn(134)) - 405150d4-bd54-4511-ac91-84679afff3e5@group-0B6775E14A42->82fffea1-b1ae-4141-a3f7-289714faad12-AppendLogResponseHandler: Failed appendEntries: org.apache.ratis.thirdparty.io.grpc.StatusRuntimeException: UNAVAILABLE: io exception
2019-10-06 12:28:49,638 [grpc-default-executor-7] WARN  server.GrpcLogAppender (LogUtils.java:warn(134)) - 405150d4-bd54-4511-ac91-84679afff3e5@group-0B6775E14A42->bc0dd1f5-e092-43fd-8479-76017d9815ee-AppendLogResponseHandler: Failed appendEntries: org.apache.ratis.thirdparty.io.grpc.StatusRuntimeException: UNAVAILABLE: io exception
2019-10-06 12:28:49,639 [grpc-default-executor-4] INFO  impl.FollowerInfo (FollowerInfo.java:lambda$new$0(51)) - 405150d4-bd54-4511-ac91-84679afff3e5@group-0B6775E14A42->82fffea1-b1ae-4141-a3f7-289714faad12: nextIndex: updateUnconditionally 1 -> 0
2019-10-06 12:28:49,639 [grpc-default-executor-7] INFO  impl.FollowerInfo (FollowerInfo.java:lambda$new$0(51)) - 405150d4-bd54-4511-ac91-84679afff3e5@group-0B6775E14A42->bc0dd1f5-e092-43fd-8479-76017d9815ee: nextIndex: updateUnconditionally 1 -> 0
2019-10-06 12:28:51,358 [grpc-default-executor-4] WARN  server.GrpcLogAppender (LogUtils.java:warn(134)) - a070c0c1-1714-4d75-902b-8f5ceeee5a66@group-65FBC4A74D7A->b3aa2efe-c215-486c-85cb-46a7afc74637-AppendLogResponseHandler: Failed appendEntries: org.apache.ratis.thirdparty.io.grpc.StatusRuntimeException: UNAVAILABLE: io exception
2019-10-06 12:28:51,358 [grpc-default-executor-4] INFO  impl.FollowerInfo (FollowerInfo.java:lambda$new$0(51)) - a070c0c1-1714-4d75-902b-8f5ceeee5a66@group-65FBC4A74D7A->b3aa2efe-c215-486c-85cb-46a7afc74637: nextIndex: updateUnconditionally 2 -> 1
2019-10-06 12:28:51,983 [main] WARN  scm.XceiverClientRatis (XceiverClientRatis.java:watchForCommit(292)) - 3 way commit failed on pipeline Pipeline[ Id: 8252435d-6e4d-4c6b-849b-65fbc4a74d7a, Nodes: b3aa2efe-c215-486c-85cb-46a7afc74637{ip: 192.168.30.17, host: ozone-build-dev-sjjt9-54166716, networkLocation: /default-rack, certSerialId: null}2ad9002a-c54c-4774-9ff5-f956718bcd7d{ip: 192.168.30.17, host: ozone-build-dev-sjjt9-54166716, networkLocation: /default-rack, certSerialId: null}a070c0c1-1714-4d75-902b-8f5ceeee5a66{ip: 192.168.30.17, host: ozone-build-dev-sjjt9-54166716, networkLocation: /default-rack, certSerialId: null}, Type:RATIS, Factor:THREE, State:OPEN]
java.util.concurrent.TimeoutException
	at java.util.concurrent.CompletableFuture.timedGet(CompletableFuture.java:1771)
	at java.util.concurrent.CompletableFuture.get(CompletableFuture.java:1915)
	at org.apache.hadoop.hdds.scm.XceiverClientRatis.watchForCommit(XceiverClientRatis.java:289)
	at org.apache.hadoop.ozone.client.rpc.TestWatchForCommit.test2WayCommitForTimeoutException(TestWatchForCommit.java:391)
	at sun.reflect.NativeMethodAccessorImpl.invoke0(Native Method)
	at sun.reflect.NativeMethodAccessorImpl.invoke(NativeMethodAccessorImpl.java:62)
	at sun.reflect.DelegatingMethodAccessorImpl.invoke(DelegatingMethodAccessorImpl.java:43)
	at java.lang.reflect.Method.invoke(Method.java:498)
	at org.junit.runners.model.FrameworkMethod$1.runReflectiveCall(FrameworkMethod.java:47)
	at org.junit.internal.runners.model.ReflectiveCallable.run(ReflectiveCallable.java:12)
	at org.junit.runners.model.FrameworkMethod.invokeExplosively(FrameworkMethod.java:44)
	at org.junit.internal.runners.statements.InvokeMethod.evaluate(InvokeMethod.java:17)
	at org.junit.runners.ParentRunner.runLeaf(ParentRunner.java:271)
	at org.junit.runners.BlockJUnit4ClassRunner.runChild(BlockJUnit4ClassRunner.java:70)
	at org.junit.runners.BlockJUnit4ClassRunner.runChild(BlockJUnit4ClassRunner.java:50)
	at org.junit.runners.ParentRunner$3.run(ParentRunner.java:238)
	at org.junit.runners.ParentRunner$1.schedule(ParentRunner.java:63)
	at org.junit.runners.ParentRunner.runChildren(ParentRunner.java:236)
	at org.junit.runners.ParentRunner.access$000(ParentRunner.java:53)
	at org.junit.runners.ParentRunner$2.evaluate(ParentRunner.java:229)
	at org.junit.runners.ParentRunner.run(ParentRunner.java:309)
	at org.apache.maven.surefire.junit4.JUnit4Provider.execute(JUnit4Provider.java:365)
	at org.apache.maven.surefire.junit4.JUnit4Provider.executeWithRerun(JUnit4Provider.java:273)
	at org.apache.maven.surefire.junit4.JUnit4Provider.executeTestSet(JUnit4Provider.java:238)
	at org.apache.maven.surefire.junit4.JUnit4Provider.invoke(JUnit4Provider.java:159)
	at org.apache.maven.surefire.booter.ForkedBooter.invokeProviderInSameClassLoader(ForkedBooter.java:384)
	at org.apache.maven.surefire.booter.ForkedBooter.runSuitesInProcess(ForkedBooter.java:345)
	at org.apache.maven.surefire.booter.ForkedBooter.execute(ForkedBooter.java:126)
	at org.apache.maven.surefire.booter.ForkedBooter.main(ForkedBooter.java:418)
2019-10-06 12:28:52,139 [grpc-default-executor-7] WARN  server.GrpcLogAppender (LogUtils.java:warn(134)) - 405150d4-bd54-4511-ac91-84679afff3e5@group-0B6775E14A42->bc0dd1f5-e092-43fd-8479-76017d9815ee-AppendLogResponseHandler: Failed appendEntries: org.apache.ratis.thirdparty.io.grpc.StatusRuntimeException: UNAVAILABLE: io exception
2019-10-06 12:28:52,139 [grpc-default-executor-4] WARN  server.GrpcLogAppender (LogUtils.java:warn(134)) - 405150d4-bd54-4511-ac91-84679afff3e5@group-0B6775E14A42->82fffea1-b1ae-4141-a3f7-289714faad12-AppendLogResponseHandler: Failed appendEntries: org.apache.ratis.thirdparty.io.grpc.StatusRuntimeException: UNAVAILABLE: io exception
2019-10-06 12:28:52,139 [grpc-default-executor-7] INFO  impl.FollowerInfo (FollowerInfo.java:lambda$new$0(51)) - 405150d4-bd54-4511-ac91-84679afff3e5@group-0B6775E14A42->bc0dd1f5-e092-43fd-8479-76017d9815ee: nextIndex: updateUnconditionally 0 -> 0
2019-10-06 12:28:52,139 [grpc-default-executor-4] INFO  impl.FollowerInfo (FollowerInfo.java:lambda$new$0(51)) - 405150d4-bd54-4511-ac91-84679afff3e5@group-0B6775E14A42->82fffea1-b1ae-4141-a3f7-289714faad12: nextIndex: updateUnconditionally 0 -> 0
2019-10-06 12:28:53,642 [EventQueue-StaleNodeForStaleNodeHandler] INFO  node.StaleNodeHandler (StaleNodeHandler.java:onMessage(58)) - Datanode bc0dd1f5-e092-43fd-8479-76017d9815ee{ip: 192.168.30.17, host: ozone-build-dev-sjjt9-54166716, networkLocation: /default-rack, certSerialId: null} moved to stale state. Finalizing its pipelines [PipelineID=ac54dbb0-1765-47e7-86fb-61c9d89190f0, PipelineID=a3df912a-ae95-4c93-98a1-0b6775e14a42]
2019-10-06 12:28:53,643 [EventQueue-StaleNodeForStaleNodeHandler] INFO  pipeline.SCMPipelineManager (SCMPipelineManager.java:finalizeAndDestroyPipeline(315)) - destroying pipeline:Pipeline[ Id: ac54dbb0-1765-47e7-86fb-61c9d89190f0, Nodes: bc0dd1f5-e092-43fd-8479-76017d9815ee{ip: 192.168.30.17, host: ozone-build-dev-sjjt9-54166716, networkLocation: /default-rack, certSerialId: null}, Type:RATIS, Factor:ONE, State:OPEN]
2019-10-06 12:28:53,643 [EventQueue-StaleNodeForStaleNodeHandler] INFO  pipeline.PipelineStateManager (PipelineStateManager.java:finalizePipeline(123)) - Pipeline Pipeline[ Id: ac54dbb0-1765-47e7-86fb-61c9d89190f0, Nodes: bc0dd1f5-e092-43fd-8479-76017d9815ee{ip: 192.168.30.17, host: ozone-build-dev-sjjt9-54166716, networkLocation: /default-rack, certSerialId: null}, Type:RATIS, Factor:ONE, State:CLOSED] moved to CLOSED state
2019-10-06 12:28:53,644 [EventQueue-StaleNodeForStaleNodeHandler] INFO  pipeline.SCMPipelineManager (SCMPipelineManager.java:finalizeAndDestroyPipeline(315)) - destroying pipeline:Pipeline[ Id: a3df912a-ae95-4c93-98a1-0b6775e14a42, Nodes: 82fffea1-b1ae-4141-a3f7-289714faad12{ip: 192.168.30.17, host: ozone-build-dev-sjjt9-54166716, networkLocation: /default-rack, certSerialId: null}bc0dd1f5-e092-43fd-8479-76017d9815ee{ip: 192.168.30.17, host: ozone-build-dev-sjjt9-54166716, networkLocation: /default-rack, certSerialId: null}405150d4-bd54-4511-ac91-84679afff3e5{ip: 192.168.30.17, host: ozone-build-dev-sjjt9-54166716, networkLocation: /default-rack, certSerialId: null}, Type:RATIS, Factor:THREE, State:CLOSED]
2019-10-06 12:28:53,860 [grpc-default-executor-3] WARN  server.GrpcLogAppender (LogUtils.java:warn(134)) - a070c0c1-1714-4d75-902b-8f5ceeee5a66@group-65FBC4A74D7A->b3aa2efe-c215-486c-85cb-46a7afc74637-AppendLogResponseHandler: Failed appendEntries: org.apache.ratis.thirdparty.io.grpc.StatusRuntimeException: UNAVAILABLE: io exception
2019-10-06 12:28:53,861 [grpc-default-executor-3] INFO  impl.FollowerInfo (FollowerInfo.java:lambda$new$0(51)) - a070c0c1-1714-4d75-902b-8f5ceeee5a66@group-65FBC4A74D7A->b3aa2efe-c215-486c-85cb-46a7afc74637: nextIndex: updateUnconditionally 1 -> 0
2019-10-06 12:28:54,640 [grpc-default-executor-3] WARN  server.GrpcLogAppender (LogUtils.java:warn(134)) - 405150d4-bd54-4511-ac91-84679afff3e5@group-0B6775E14A42->bc0dd1f5-e092-43fd-8479-76017d9815ee-AppendLogResponseHandler: Failed appendEntries: org.apache.ratis.thirdparty.io.grpc.StatusRuntimeException: UNAVAILABLE: io exception
2019-10-06 12:28:54,640 [grpc-default-executor-7] WARN  server.GrpcLogAppender (LogUtils.java:warn(134)) - 405150d4-bd54-4511-ac91-84679afff3e5@group-0B6775E14A42->82fffea1-b1ae-4141-a3f7-289714faad12-AppendLogResponseHandler: Failed appendEntries: org.apache.ratis.thirdparty.io.grpc.StatusRuntimeException: UNAVAILABLE: io exception
2019-10-06 12:28:54,641 [grpc-default-executor-3] INFO  impl.FollowerInfo (FollowerInfo.java:lambda$new$0(51)) - 405150d4-bd54-4511-ac91-84679afff3e5@group-0B6775E14A42->bc0dd1f5-e092-43fd-8479-76017d9815ee: nextIndex: updateUnconditionally 0 -> 0
2019-10-06 12:28:54,641 [grpc-default-executor-7] INFO  impl.FollowerInfo (FollowerInfo.java:lambda$new$0(51)) - 405150d4-bd54-4511-ac91-84679afff3e5@group-0B6775E14A42->82fffea1-b1ae-4141-a3f7-289714faad12: nextIndex: updateUnconditionally 0 -> 0
]]></system-out>
    <system-err><![CDATA[Oct 06, 2019 12:28:48 PM org.apache.ratis.thirdparty.io.grpc.internal.SerializingExecutor run
SEVERE: Exception while executing runnable org.apache.ratis.thirdparty.io.grpc.internal.ServerImpl$JumpToApplicationThreadServerStreamListener$1Closed@4aa8f54
org.apache.ratis.thirdparty.io.grpc.StatusRuntimeException: CANCELLED: call already cancelled
	at org.apache.ratis.thirdparty.io.grpc.Status.asRuntimeException(Status.java:517)
	at org.apache.ratis.thirdparty.io.grpc.stub.ServerCalls$ServerCallStreamObserverImpl.onCompleted(ServerCalls.java:356)
	at org.apache.ratis.grpc.server.GrpcServerProtocolService$ServerRequestStreamObserver.onError(GrpcServerProtocolService.java:121)
	at org.apache.ratis.thirdparty.io.grpc.stub.ServerCalls$StreamingServerCallHandler$StreamingServerCallListener.onCancel(ServerCalls.java:269)
	at org.apache.ratis.thirdparty.io.grpc.internal.ServerCallImpl$ServerStreamListenerImpl.closed(ServerCallImpl.java:293)
	at org.apache.ratis.thirdparty.io.grpc.internal.ServerImpl$JumpToApplicationThreadServerStreamListener$1Closed.runInContext(ServerImpl.java:741)
	at org.apache.ratis.thirdparty.io.grpc.internal.ContextRunnable.run(ContextRunnable.java:37)
	at org.apache.ratis.thirdparty.io.grpc.internal.SerializingExecutor.run(SerializingExecutor.java:123)
	at java.util.concurrent.ThreadPoolExecutor.runWorker(ThreadPoolExecutor.java:1149)
	at java.util.concurrent.ThreadPoolExecutor$Worker.run(ThreadPoolExecutor.java:624)
	at java.lang.Thread.run(Thread.java:748)

]]></system-err>
  </testcase>
</testsuite>