<?xml version="1.0" encoding="UTF-8"?>
<testsuite xmlns:xsi="http://www.w3.org/2001/XMLSchema-instance" xsi:noNamespaceSchemaLocation="https://maven.apache.org/surefire/maven-surefire-plugin/xsd/surefire-test-report.xsd" name="org.apache.hadoop.ozone.client.rpc.TestBlockOutputStreamWithFailures" time="749.809" tests="8" errors="0" skipped="0" failures="2">
  <properties>
    <property name="awt.toolkit" value="sun.awt.X11.XToolkit"/>
    <property name="file.encoding.pkg" value="sun.io"/>
    <property name="java.specification.version" value="1.8"/>
    <property name="sun.cpu.isalist" value=""/>
    <property name="sun.jnu.encoding" value="ANSI_X3.4-1968"/>
    <property name="java.class.path" value="/workdir/hadoop-ozone/integration-test/target/test-classes:/workdir/hadoop-ozone/integration-test/target/classes:/home/user/.m2/repository/org/apache/hadoop/hadoop-ozone-common/0.5.0-SNAPSHOT/hadoop-ozone-common-0.5.0-SNAPSHOT.jar:/home/user/.m2/repository/org/apache/commons/commons-compress/1.4.1/commons-compress-1.4.1.jar:/home/user/.m2/repository/org/tukaani/xz/1.0/xz-1.0.jar:/home/user/.m2/repository/org/apache/hadoop/hadoop-common/3.2.0/hadoop-common-3.2.0.jar:/home/user/.m2/repository/org/apache/hadoop/hadoop-hdfs/3.2.0/hadoop-hdfs-3.2.0.jar:/home/user/.m2/repository/org/apache/hadoop/hadoop-hdfs-client/3.2.0/hadoop-hdfs-client-3.2.0.jar:/home/user/.m2/repository/com/fasterxml/jackson/core/jackson-annotations/2.9.9/jackson-annotations-2.9.9.jar:/home/user/.m2/repository/org/apache/hadoop/hadoop-hdds-common/0.5.0-SNAPSHOT/hadoop-hdds-common-0.5.0-SNAPSHOT.jar:/home/user/.m2/repository/javax/annotation/javax.annotation-api/1.2/javax.annotation-api-1.2.jar:/home/user/.m2/repository/org/apache/ratis/ratis-server/0.5.0-201fc85-SNAPSHOT/ratis-server-0.5.0-201fc85-SNAPSHOT.jar:/home/user/.m2/repository/org/apache/ratis/ratis-thirdparty-misc/0.2.0/ratis-thirdparty-misc-0.2.0.jar:/home/user/.m2/repository/org/apache/ratis/ratis-proto/0.5.0-201fc85-SNAPSHOT/ratis-proto-0.5.0-201fc85-SNAPSHOT.jar:/home/user/.m2/repository/org/apache/ratis/ratis-common/0.5.0-201fc85-SNAPSHOT/ratis-common-0.5.0-201fc85-SNAPSHOT.jar:/home/user/.m2/repository/org/apache/ratis/ratis-client/0.5.0-201fc85-SNAPSHOT/ratis-client-0.5.0-201fc85-SNAPSHOT.jar:/home/user/.m2/repository/org/apache/ratis/ratis-metrics/0.5.0-201fc85-SNAPSHOT/ratis-metrics-0.5.0-201fc85-SNAPSHOT.jar:/home/user/.m2/repository/com/github/joshelser/dropwizard-metrics-hadoop-metrics2-reporter/0.1.2/dropwizard-metrics-hadoop-metrics2-reporter-0.1.2.jar:/home/user/.m2/repository/io/dropwizard/metrics/metrics-jvm/3.2.5/metrics-jvm-3.2.5.jar:/home/user/.m2/repository/io/dropwizard/metrics/metrics-ganglia/3.2.5/metrics-ganglia-3.2.5.jar:/home/user/.m2/repository/info/ganglia/gmetric4j/gmetric4j/1.0.7/gmetric4j-1.0.7.jar:/home/user/.m2/repository/org/apache/ratis/ratis-netty/0.5.0-201fc85-SNAPSHOT/ratis-netty-0.5.0-201fc85-SNAPSHOT.jar:/home/user/.m2/repository/org/apache/ratis/ratis-grpc/0.5.0-201fc85-SNAPSHOT/ratis-grpc-0.5.0-201fc85-SNAPSHOT.jar:/home/user/.m2/repository/org/rocksdb/rocksdbjni/6.0.1/rocksdbjni-6.0.1.jar:/home/user/.m2/repository/org/apache/logging/log4j/log4j-api/2.11.0/log4j-api-2.11.0.jar:/home/user/.m2/repository/org/apache/logging/log4j/log4j-core/2.11.0/log4j-core-2.11.0.jar:/home/user/.m2/repository/com/lmax/disruptor/3.4.2/disruptor-3.4.2.jar:/home/user/.m2/repository/org/apache/commons/commons-pool2/2.6.0/commons-pool2-2.6.0.jar:/home/user/.m2/repository/org/bouncycastle/bcpkix-jdk15on/1.60/bcpkix-jdk15on-1.60.jar:/home/user/.m2/repository/commons-validator/commons-validator/1.6/commons-validator-1.6.jar:/home/user/.m2/repository/commons-digester/commons-digester/1.8.1/commons-digester-1.8.1.jar:/home/user/.m2/repository/io/jaegertracing/jaeger-client/0.34.0/jaeger-client-0.34.0.jar:/home/user/.m2/repository/io/jaegertracing/jaeger-thrift/0.34.0/jaeger-thrift-0.34.0.jar:/home/user/.m2/repository/org/apache/thrift/libthrift/0.12.0/libthrift-0.12.0.jar:/home/user/.m2/repository/com/squareup/okhttp3/okhttp/3.9.0/okhttp-3.9.0.jar:/home/user/.m2/repository/com/squareup/okio/okio/1.13.0/okio-1.13.0.jar:/home/user/.m2/repository/io/jaegertracing/jaeger-core/0.34.0/jaeger-core-0.34.0.jar:/home/user/.m2/repository/io/jaegertracing/jaeger-tracerresolver/0.34.0/jaeger-tracerresolver-0.34.0.jar:/home/user/.m2/repository/io/opentracing/contrib/opentracing-tracerresolver/0.1.5/opentracing-tracerresolver-0.1.5.jar:/home/user/.m2/repository/io/opentracing/opentracing-util/0.31.0/opentracing-util-0.31.0.jar:/home/user/.m2/repository/io/opentracing/opentracing-api/0.31.0/opentracing-api-0.31.0.jar:/home/user/.m2/repository/io/opentracing/opentracing-noop/0.31.0/opentracing-noop-0.31.0.jar:/home/user/.m2/repository/org/apache/hadoop/hadoop-hdds-server-framework/0.5.0-SNAPSHOT/hadoop-hdds-server-framework-0.5.0-SNAPSHOT.jar:/home/user/.m2/repository/org/apache/hadoop/hadoop-hdds-container-service/0.5.0-SNAPSHOT/hadoop-hdds-container-service-0.5.0-SNAPSHOT.jar:/home/user/.m2/repository/org/apache/hadoop/hadoop-hdds-client/0.5.0-SNAPSHOT/hadoop-hdds-client-0.5.0-SNAPSHOT.jar:/home/user/.m2/repository/org/apache/hadoop/hadoop-hdds-tools/0.5.0-SNAPSHOT/hadoop-hdds-tools-0.5.0-SNAPSHOT.jar:/home/user/.m2/repository/org/apache/hadoop/hadoop-hdds-server-scm/0.5.0-SNAPSHOT/hadoop-hdds-server-scm-0.5.0-SNAPSHOT.jar:/home/user/.m2/repository/org/apache/hadoop/hadoop-hdds-docs/0.5.0-SNAPSHOT/hadoop-hdds-docs-0.5.0-SNAPSHOT.jar:/home/user/.m2/repository/io/dropwizard/metrics/metrics-core/3.2.4/metrics-core-3.2.4.jar:/home/user/.m2/repository/org/hamcrest/hamcrest-all/1.3/hamcrest-all-1.3.jar:/home/user/.m2/repository/org/bouncycastle/bcprov-jdk15on/1.60/bcprov-jdk15on-1.60.jar:/home/user/.m2/repository/info/picocli/picocli/3.9.6/picocli-3.9.6.jar:/home/user/.m2/repository/com/google/protobuf/protobuf-java/2.5.0/protobuf-java-2.5.0.jar:/home/user/.m2/repository/com/google/guava/guava/11.0.2/guava-11.0.2.jar:/home/user/.m2/repository/org/apache/hadoop/hadoop-ozone-ozone-manager/0.5.0-SNAPSHOT/hadoop-ozone-ozone-manager-0.5.0-SNAPSHOT.jar:/home/user/.m2/repository/org/apache/hadoop/hadoop-minikdc/3.2.0/hadoop-minikdc-3.2.0.jar:/home/user/.m2/repository/commons-io/commons-io/2.5/commons-io-2.5.jar:/home/user/.m2/repository/org/apache/kerby/kerb-simplekdc/1.0.1/kerb-simplekdc-1.0.1.jar:/home/user/.m2/repository/org/apache/kerby/kerb-client/1.0.1/kerb-client-1.0.1.jar:/home/user/.m2/repository/org/apache/kerby/kerby-config/1.0.1/kerby-config-1.0.1.jar:/home/user/.m2/repository/org/apache/kerby/kerb-core/1.0.1/kerb-core-1.0.1.jar:/home/user/.m2/repository/org/apache/kerby/kerby-pkix/1.0.1/kerby-pkix-1.0.1.jar:/home/user/.m2/repository/org/apache/kerby/kerby-asn1/1.0.1/kerby-asn1-1.0.1.jar:/home/user/.m2/repository/org/apache/kerby/kerby-util/1.0.1/kerby-util-1.0.1.jar:/home/user/.m2/repository/org/apache/kerby/kerb-common/1.0.1/kerb-common-1.0.1.jar:/home/user/.m2/repository/org/apache/kerby/kerb-crypto/1.0.1/kerb-crypto-1.0.1.jar:/home/user/.m2/repository/org/apache/kerby/kerb-util/1.0.1/kerb-util-1.0.1.jar:/home/user/.m2/repository/org/apache/kerby/token-provider/1.0.1/token-provider-1.0.1.jar:/home/user/.m2/repository/org/apache/kerby/kerb-admin/1.0.1/kerb-admin-1.0.1.jar:/home/user/.m2/repository/org/apache/kerby/kerb-server/1.0.1/kerb-server-1.0.1.jar:/home/user/.m2/repository/org/apache/kerby/kerb-identity/1.0.1/kerb-identity-1.0.1.jar:/home/user/.m2/repository/org/apache/kerby/kerby-xdr/1.0.1/kerby-xdr-1.0.1.jar:/home/user/.m2/repository/org/slf4j/slf4j-log4j12/1.7.25/slf4j-log4j12-1.7.25.jar:/home/user/.m2/repository/org/apache/hadoop/hadoop-ozone-s3gateway/0.5.0-SNAPSHOT/hadoop-ozone-s3gateway-0.5.0-SNAPSHOT.jar:/home/user/.m2/repository/org/jboss/weld/servlet/weld-servlet/2.4.7.Final/weld-servlet-2.4.7.Final.jar:/home/user/.m2/repository/org/glassfish/jersey/containers/jersey-container-servlet-core/2.27/jersey-container-servlet-core-2.27.jar:/home/user/.m2/repository/org/glassfish/hk2/external/javax.inject/2.5.0-b42/javax.inject-2.5.0-b42.jar:/home/user/.m2/repository/org/glassfish/jersey/core/jersey-common/2.27/jersey-common-2.27.jar:/home/user/.m2/repository/org/glassfish/hk2/osgi-resource-locator/1.0.1/osgi-resource-locator-1.0.1.jar:/home/user/.m2/repository/javax/ws/rs/javax.ws.rs-api/2.1/javax.ws.rs-api-2.1.jar:/home/user/.m2/repository/org/glassfish/jersey/ext/cdi/jersey-cdi1x/2.27/jersey-cdi1x-2.27.jar:/home/user/.m2/repository/org/glassfish/jersey/inject/jersey-hk2/2.27/jersey-hk2-2.27.jar:/home/user/.m2/repository/org/glassfish/hk2/hk2-locator/2.5.0-b42/hk2-locator-2.5.0-b42.jar:/home/user/.m2/repository/org/javassist/javassist/3.22.0-CR2/javassist-3.22.0-CR2.jar:/home/user/.m2/repository/org/glassfish/hk2/hk2-api/2.5.0/hk2-api-2.5.0.jar:/home/user/.m2/repository/org/glassfish/hk2/external/jakarta.inject/2.5.0/jakarta.inject-2.5.0.jar:/home/user/.m2/repository/org/glassfish/hk2/hk2-utils/2.5.0/hk2-utils-2.5.0.jar:/home/user/.m2/repository/jakarta/annotation/jakarta.annotation-api/1.3.4/jakarta.annotation-api-1.3.4.jar:/home/user/.m2/repository/org/glassfish/hk2/external/aopalliance-repackaged/2.5.0/aopalliance-repackaged-2.5.0.jar:/home/user/.m2/repository/com/fasterxml/jackson/dataformat/jackson-dataformat-xml/2.9.0/jackson-dataformat-xml-2.9.0.jar:/home/user/.m2/repository/com/fasterxml/jackson/core/jackson-core/2.9.9/jackson-core-2.9.9.jar:/home/user/.m2/repository/com/fasterxml/jackson/module/jackson-module-jaxb-annotations/2.9.9/jackson-module-jaxb-annotations-2.9.9.jar:/home/user/.m2/repository/javax/enterprise/cdi-api/1.2/cdi-api-1.2.jar:/home/user/.m2/repository/javax/el/javax.el-api/3.0.0/javax.el-api-3.0.0.jar:/home/user/.m2/repository/javax/interceptor/javax.interceptor-api/1.2/javax.interceptor-api-1.2.jar:/home/user/.m2/repository/javax/inject/javax.inject/1/javax.inject-1.jar:/home/user/.m2/repository/com/sun/xml/bind/jaxb-impl/2.3.0.1/jaxb-impl-2.3.0.1.jar:/home/user/.m2/repository/com/sun/xml/bind/jaxb-core/2.3.0.1/jaxb-core-2.3.0.1.jar:/home/user/.m2/repository/javax/xml/bind/jaxb-api/2.3.0/jaxb-api-2.3.0.jar:/home/user/.m2/repository/javax/activation/activation/1.1.1/activation-1.1.1.jar:/home/user/.m2/repository/org/apache/hadoop/hadoop-ozone-csi/0.5.0-SNAPSHOT/hadoop-ozone-csi-0.5.0-SNAPSHOT.jar:/home/user/.m2/repository/com/google/protobuf/protobuf-java-util/3.5.1/protobuf-java-util-3.5.1.jar:/home/user/.m2/repository/org/apache/hadoop/hadoop-hdds-config/0.5.0-SNAPSHOT/hadoop-hdds-config-0.5.0-SNAPSHOT.jar:/home/user/.m2/repository/io/grpc/grpc-netty/1.17.1/grpc-netty-1.17.1.jar:/home/user/.m2/repository/io/grpc/grpc-core/1.17.1/grpc-core-1.17.1.jar:/home/user/.m2/repository/io/grpc/grpc-context/1.17.1/grpc-context-1.17.1.jar:/home/user/.m2/repository/com/google/errorprone/error_prone_annotations/2.2.0/error_prone_annotations-2.2.0.jar:/home/user/.m2/repository/org/codehaus/mojo/animal-sniffer-annotations/1.17/animal-sniffer-annotations-1.17.jar:/home/user/.m2/repository/io/opencensus/opencensus-api/0.17.0/opencensus-api-0.17.0.jar:/home/user/.m2/repository/io/opencensus/opencensus-contrib-grpc-metrics/0.17.0/opencensus-contrib-grpc-metrics-0.17.0.jar:/home/user/.m2/repository/io/netty/netty-codec-http2/4.1.30.Final/netty-codec-http2-4.1.30.Final.jar:/home/user/.m2/repository/io/netty/netty-codec-http/4.1.30.Final/netty-codec-http-4.1.30.Final.jar:/home/user/.m2/repository/io/netty/netty-codec/4.1.30.Final/netty-codec-4.1.30.Final.jar:/home/user/.m2/repository/io/netty/netty-handler/4.1.30.Final/netty-handler-4.1.30.Final.jar:/home/user/.m2/repository/io/netty/netty-handler-proxy/4.1.30.Final/netty-handler-proxy-4.1.30.Final.jar:/home/user/.m2/repository/io/netty/netty-codec-socks/4.1.30.Final/netty-codec-socks-4.1.30.Final.jar:/home/user/.m2/repository/io/netty/netty-transport-native-epoll/4.1.30.Final/netty-transport-native-epoll-4.1.30.Final.jar:/home/user/.m2/repository/io/netty/netty-common/4.1.30.Final/netty-common-4.1.30.Final.jar:/home/user/.m2/repository/io/netty/netty-buffer/4.1.30.Final/netty-buffer-4.1.30.Final.jar:/home/user/.m2/repository/io/netty/netty-transport/4.1.30.Final/netty-transport-4.1.30.Final.jar:/home/user/.m2/repository/io/netty/netty-resolver/4.1.30.Final/netty-resolver-4.1.30.Final.jar:/home/user/.m2/repository/io/netty/netty-transport-native-unix-common/4.1.30.Final/netty-transport-native-unix-common-4.1.30.Final.jar:/home/user/.m2/repository/io/grpc/grpc-protobuf/1.17.1/grpc-protobuf-1.17.1.jar:/home/user/.m2/repository/com/google/api/grpc/proto-google-common-protos/1.0.0/proto-google-common-protos-1.0.0.jar:/home/user/.m2/repository/io/grpc/grpc-protobuf-lite/1.17.1/grpc-protobuf-lite-1.17.1.jar:/home/user/.m2/repository/io/grpc/grpc-stub/1.17.1/grpc-stub-1.17.1.jar:/home/user/.m2/repository/org/apache/hadoop/hadoop-ozone-recon/0.5.0-SNAPSHOT/hadoop-ozone-recon-0.5.0-SNAPSHOT.jar:/home/user/.m2/repository/org/apache/hadoop/hadoop-ozone-reconcodegen/0.5.0-SNAPSHOT/hadoop-ozone-reconcodegen-0.5.0-SNAPSHOT.jar:/home/user/.m2/repository/com/google/inject/extensions/guice-multibindings/4.0/guice-multibindings-4.0.jar:/home/user/.m2/repository/com/google/inject/guice/4.0/guice-4.0.jar:/home/user/.m2/repository/aopalliance/aopalliance/1.0/aopalliance-1.0.jar:/home/user/.m2/repository/com/google/inject/extensions/guice-servlet/4.0/guice-servlet-4.0.jar:/home/user/.m2/repository/org/glassfish/jersey/containers/jersey-container-servlet/2.27/jersey-container-servlet-2.27.jar:/home/user/.m2/repository/org/glassfish/hk2/guice-bridge/2.5.0/guice-bridge-2.5.0.jar:/home/user/.m2/repository/org/glassfish/jersey/core/jersey-server/2.27/jersey-server-2.27.jar:/home/user/.m2/repository/org/glassfish/jersey/core/jersey-client/2.27/jersey-client-2.27.jar:/home/user/.m2/repository/org/glassfish/jersey/media/jersey-media-jaxb/2.27/jersey-media-jaxb-2.27.jar:/home/user/.m2/repository/javax/validation/validation-api/1.1.0.Final/validation-api-1.1.0.Final.jar:/home/user/.m2/repository/org/glassfish/jersey/media/jersey-media-json-jackson/2.27/jersey-media-json-jackson-2.27.jar:/home/user/.m2/repository/org/glassfish/jersey/ext/jersey-entity-filtering/2.27/jersey-entity-filtering-2.27.jar:/home/user/.m2/repository/com/google/inject/extensions/guice-assistedinject/4.0/guice-assistedinject-4.0.jar:/home/user/.m2/repository/org/jooq/jooq/3.11.10/jooq-3.11.10.jar:/home/user/.m2/repository/org/jooq/jooq-meta/3.11.10/jooq-meta-3.11.10.jar:/home/user/.m2/repository/org/jooq/jooq-codegen/3.11.10/jooq-codegen-3.11.10.jar:/home/user/.m2/repository/com/jolbox/bonecp/0.8.0.RELEASE/bonecp-0.8.0.RELEASE.jar:/home/user/.m2/repository/org/xerial/sqlite-jdbc/3.25.2/sqlite-jdbc-3.25.2.jar:/home/user/.m2/repository/org/springframework/spring-jdbc/5.1.3.RELEASE/spring-jdbc-5.1.3.RELEASE.jar:/home/user/.m2/repository/org/springframework/spring-beans/5.1.3.RELEASE/spring-beans-5.1.3.RELEASE.jar:/home/user/.m2/repository/org/springframework/spring-core/5.1.3.RELEASE/spring-core-5.1.3.RELEASE.jar:/home/user/.m2/repository/org/springframework/spring-jcl/5.1.3.RELEASE/spring-jcl-5.1.3.RELEASE.jar:/home/user/.m2/repository/org/springframework/spring-tx/5.1.3.RELEASE/spring-tx-5.1.3.RELEASE.jar:/home/user/.m2/repository/org/apache/hadoop/hadoop-ozone-client/0.5.0-SNAPSHOT/hadoop-ozone-client-0.5.0-SNAPSHOT.jar:/home/user/.m2/repository/commons-lang/commons-lang/2.6/commons-lang-2.6.jar:/home/user/.m2/repository/org/apache/hadoop/hadoop-ozone-ozone-manager/0.5.0-SNAPSHOT/hadoop-ozone-ozone-manager-0.5.0-SNAPSHOT-tests.jar:/home/user/.m2/repository/junit/junit/4.11/junit-4.11.jar:/home/user/.m2/repository/org/hamcrest/hamcrest-core/1.3/hamcrest-core-1.3.jar:/home/user/.m2/repository/org/openjdk/jmh/jmh-core/1.19/jmh-core-1.19.jar:/home/user/.m2/repository/net/sf/jopt-simple/jopt-simple/4.6/jopt-simple-4.6.jar:/home/user/.m2/repository/org/apache/commons/commons-math3/3.1.1/commons-math3-3.1.1.jar:/home/user/.m2/repository/org/openjdk/jmh/jmh-generator-annprocess/1.19/jmh-generator-annprocess-1.19.jar:/home/user/.m2/repository/org/mockito/mockito-all/1.8.5/mockito-all-1.8.5.jar:/home/user/.m2/repository/org/apache/hadoop/hadoop-kms/3.2.0/hadoop-kms-3.2.0.jar:/home/user/.m2/repository/org/apache/hadoop/hadoop-auth/3.2.0/hadoop-auth-3.2.0.jar:/home/user/.m2/repository/com/nimbusds/nimbus-jose-jwt/4.41.1/nimbus-jose-jwt-4.41.1.jar:/home/user/.m2/repository/com/github/stephenc/jcip/jcip-annotations/1.0-1/jcip-annotations-1.0-1.jar:/home/user/.m2/repository/net/minidev/json-smart/2.3/json-smart-2.3.jar:/home/user/.m2/repository/net/minidev/accessors-smart/1.2/accessors-smart-1.2.jar:/home/user/.m2/repository/org/ow2/asm/asm/5.0.4/asm-5.0.4.jar:/home/user/.m2/repository/org/apache/curator/curator-framework/2.12.0/curator-framework-2.12.0.jar:/home/user/.m2/repository/com/sun/jersey/jersey-core/1.19/jersey-core-1.19.jar:/home/user/.m2/repository/javax/ws/rs/jsr311-api/1.1.1/jsr311-api-1.1.1.jar:/home/user/.m2/repository/com/sun/jersey/jersey-server/1.19/jersey-server-1.19.jar:/home/user/.m2/repository/javax/servlet/javax.servlet-api/3.1.0/javax.servlet-api-3.1.0.jar:/home/user/.m2/repository/org/eclipse/jetty/jetty-server/9.3.25.v20180904/jetty-server-9.3.25.v20180904.jar:/home/user/.m2/repository/org/eclipse/jetty/jetty-http/9.3.25.v20180904/jetty-http-9.3.25.v20180904.jar:/home/user/.m2/repository/org/eclipse/jetty/jetty-io/9.3.25.v20180904/jetty-io-9.3.25.v20180904.jar:/home/user/.m2/repository/org/eclipse/jetty/jetty-webapp/9.3.25.v20180904/jetty-webapp-9.3.25.v20180904.jar:/home/user/.m2/repository/org/eclipse/jetty/jetty-xml/9.3.25.v20180904/jetty-xml-9.3.25.v20180904.jar:/home/user/.m2/repository/log4j/log4j/1.2.17/log4j-1.2.17.jar:/home/user/.m2/repository/org/slf4j/slf4j-api/1.7.25/slf4j-api-1.7.25.jar:/home/user/.m2/repository/org/slf4j/jul-to-slf4j/1.7.25/jul-to-slf4j-1.7.25.jar:/home/user/.m2/repository/org/eclipse/jetty/jetty-util/9.3.25.v20180904/jetty-util-9.3.25.v20180904.jar:/home/user/.m2/repository/com/fasterxml/jackson/core/jackson-databind/2.9.9/jackson-databind-2.9.9.jar:/home/user/.m2/repository/org/apache/hadoop/hadoop-kms/3.2.0/hadoop-kms-3.2.0-tests.jar:/home/user/.m2/repository/org/apache/hadoop/hadoop-hdds-server-scm/0.5.0-SNAPSHOT/hadoop-hdds-server-scm-0.5.0-SNAPSHOT-tests.jar:/home/user/.m2/repository/org/apache/hadoop/hadoop-hdds-container-service/0.5.0-SNAPSHOT/hadoop-hdds-container-service-0.5.0-SNAPSHOT-tests.jar:/home/user/.m2/repository/org/yaml/snakeyaml/1.16/snakeyaml-1.16.jar:/home/user/.m2/repository/org/apache/hadoop/hadoop-common/3.2.0/hadoop-common-3.2.0-tests.jar:/home/user/.m2/repository/org/apache/hadoop/hadoop-annotations/3.2.0/hadoop-annotations-3.2.0.jar:/usr/lib/jvm/java-1.8.0-openjdk-1.8.0.222.b10-1.el7_7.x86_64/jre/../lib/tools.jar:/home/user/.m2/repository/commons-cli/commons-cli/1.2/commons-cli-1.2.jar:/home/user/.m2/repository/org/apache/httpcomponents/httpclient/4.5.2/httpclient-4.5.2.jar:/home/user/.m2/repository/org/apache/httpcomponents/httpcore/4.4.4/httpcore-4.4.4.jar:/home/user/.m2/repository/commons-codec/commons-codec/1.11/commons-codec-1.11.jar:/home/user/.m2/repository/commons-net/commons-net/3.6/commons-net-3.6.jar:/home/user/.m2/repository/commons-collections/commons-collections/3.2.2/commons-collections-3.2.2.jar:/home/user/.m2/repository/org/eclipse/jetty/jetty-servlet/9.3.25.v20180904/jetty-servlet-9.3.25.v20180904.jar:/home/user/.m2/repository/org/eclipse/jetty/jetty-security/9.3.25.v20180904/jetty-security-9.3.25.v20180904.jar:/home/user/.m2/repository/javax/servlet/jsp/jsp-api/2.1/jsp-api-2.1.jar:/home/user/.m2/repository/com/sun/jersey/jersey-servlet/1.19/jersey-servlet-1.19.jar:/home/user/.m2/repository/com/sun/jersey/jersey-json/1.19/jersey-json-1.19.jar:/home/user/.m2/repository/org/codehaus/jettison/jettison/1.1/jettison-1.1.jar:/home/user/.m2/repository/org/codehaus/jackson/jackson-core-asl/1.9.13/jackson-core-asl-1.9.13.jar:/home/user/.m2/repository/org/codehaus/jackson/jackson-mapper-asl/1.9.13/jackson-mapper-asl-1.9.13.jar:/home/user/.m2/repository/org/codehaus/jackson/jackson-jaxrs/1.9.13/jackson-jaxrs-1.9.13.jar:/home/user/.m2/repository/org/codehaus/jackson/jackson-xc/1.9.13/jackson-xc-1.9.13.jar:/home/user/.m2/repository/commons-logging/commons-logging/1.1.3/commons-logging-1.1.3.jar:/home/user/.m2/repository/commons-beanutils/commons-beanutils/1.9.4/commons-beanutils-1.9.4.jar:/home/user/.m2/repository/org/apache/commons/commons-configuration2/2.1.1/commons-configuration2-2.1.1.jar:/home/user/.m2/repository/org/apache/commons/commons-lang3/3.7/commons-lang3-3.7.jar:/home/user/.m2/repository/org/apache/commons/commons-text/1.4/commons-text-1.4.jar:/home/user/.m2/repository/org/apache/avro/avro/1.7.7/avro-1.7.7.jar:/home/user/.m2/repository/com/thoughtworks/paranamer/paranamer/2.3/paranamer-2.3.jar:/home/user/.m2/repository/org/xerial/snappy/snappy-java/1.0.5/snappy-java-1.0.5.jar:/home/user/.m2/repository/com/google/re2j/re2j/1.1/re2j-1.1.jar:/home/user/.m2/repository/com/google/code/gson/gson/2.2.4/gson-2.2.4.jar:/home/user/.m2/repository/com/jcraft/jsch/0.1.54/jsch-0.1.54.jar:/home/user/.m2/repository/org/apache/curator/curator-client/2.12.0/curator-client-2.12.0.jar:/home/user/.m2/repository/org/apache/curator/curator-recipes/2.12.0/curator-recipes-2.12.0.jar:/home/user/.m2/repository/com/google/code/findbugs/jsr305/3.0.0/jsr305-3.0.0.jar:/home/user/.m2/repository/org/apache/htrace/htrace-core4/4.1.0-incubating/htrace-core4-4.1.0-incubating.jar:/home/user/.m2/repository/org/apache/zookeeper/zookeeper/3.4.13/zookeeper-3.4.13.jar:/home/user/.m2/repository/jline/jline/0.9.94/jline-0.9.94.jar:/home/user/.m2/repository/org/apache/yetus/audience-annotations/0.5.0/audience-annotations-0.5.0.jar:/home/user/.m2/repository/org/codehaus/woodstox/stax2-api/3.1.4/stax2-api-3.1.4.jar:/home/user/.m2/repository/com/fasterxml/woodstox/woodstox-core/5.0.3/woodstox-core-5.0.3.jar:/home/user/.m2/repository/dnsjava/dnsjava/2.1.7/dnsjava-2.1.7.jar:/home/user/.m2/repository/org/apache/hadoop/hadoop-hdfs/3.2.0/hadoop-hdfs-3.2.0-tests.jar:/home/user/.m2/repository/org/eclipse/jetty/jetty-util-ajax/9.3.25.v20180904/jetty-util-ajax-9.3.25.v20180904.jar:/home/user/.m2/repository/commons-daemon/commons-daemon/1.0.13/commons-daemon-1.0.13.jar:/home/user/.m2/repository/io/netty/netty/3.10.5.Final/netty-3.10.5.Final.jar:/home/user/.m2/repository/io/netty/netty-all/4.0.52.Final/netty-all-4.0.52.Final.jar:/home/user/.m2/repository/org/fusesource/leveldbjni/leveldbjni-all/1.8/leveldbjni-all-1.8.jar:"/>
    <property name="java.vm.vendor" value="Oracle Corporation"/>
    <property name="sun.arch.data.model" value="64"/>
    <property name="test.build.dir" value="/workdir/hadoop-ozone/integration-test/target/test-dir"/>
    <property name="test.cache.data" value=""/>
    <property name="java.vendor.url" value="http://java.oracle.com/"/>
    <property name="user.timezone" value=""/>
    <property name="java.vm.specification.version" value="1.8"/>
    <property name="os.name" value="Linux"/>
    <property name="test.build.data" value="/workdir/hadoop-ozone/integration-test/target/test-dir"/>
    <property name="user.country" value="US"/>
    <property name="sun.java.launcher" value="SUN_STANDARD"/>
    <property name="sun.boot.library.path" value="/usr/lib/jvm/java-1.8.0-openjdk-1.8.0.222.b10-1.el7_7.x86_64/jre/lib/amd64"/>
    <property name="sun.java.command" value="/workdir/hadoop-ozone/integration-test/target/surefire/surefirebooter3263598415401298452.jar /workdir/hadoop-ozone/integration-test/target/surefire 2019-10-18T13-08-05_184-jvmRun1 surefire3829305283448426383tmp surefire_394173302681772927275tmp"/>
    <property name="test" value="!TestMiniChaosOzoneCluster"/>
    <property name="surefire.test.class.path" value="/workdir/hadoop-ozone/integration-test/target/test-classes:/workdir/hadoop-ozone/integration-test/target/classes:/home/user/.m2/repository/org/apache/hadoop/hadoop-ozone-common/0.5.0-SNAPSHOT/hadoop-ozone-common-0.5.0-SNAPSHOT.jar:/home/user/.m2/repository/org/apache/commons/commons-compress/1.4.1/commons-compress-1.4.1.jar:/home/user/.m2/repository/org/tukaani/xz/1.0/xz-1.0.jar:/home/user/.m2/repository/org/apache/hadoop/hadoop-common/3.2.0/hadoop-common-3.2.0.jar:/home/user/.m2/repository/org/apache/hadoop/hadoop-hdfs/3.2.0/hadoop-hdfs-3.2.0.jar:/home/user/.m2/repository/org/apache/hadoop/hadoop-hdfs-client/3.2.0/hadoop-hdfs-client-3.2.0.jar:/home/user/.m2/repository/com/fasterxml/jackson/core/jackson-annotations/2.9.9/jackson-annotations-2.9.9.jar:/home/user/.m2/repository/org/apache/hadoop/hadoop-hdds-common/0.5.0-SNAPSHOT/hadoop-hdds-common-0.5.0-SNAPSHOT.jar:/home/user/.m2/repository/javax/annotation/javax.annotation-api/1.2/javax.annotation-api-1.2.jar:/home/user/.m2/repository/org/apache/ratis/ratis-server/0.5.0-201fc85-SNAPSHOT/ratis-server-0.5.0-201fc85-SNAPSHOT.jar:/home/user/.m2/repository/org/apache/ratis/ratis-thirdparty-misc/0.2.0/ratis-thirdparty-misc-0.2.0.jar:/home/user/.m2/repository/org/apache/ratis/ratis-proto/0.5.0-201fc85-SNAPSHOT/ratis-proto-0.5.0-201fc85-SNAPSHOT.jar:/home/user/.m2/repository/org/apache/ratis/ratis-common/0.5.0-201fc85-SNAPSHOT/ratis-common-0.5.0-201fc85-SNAPSHOT.jar:/home/user/.m2/repository/org/apache/ratis/ratis-client/0.5.0-201fc85-SNAPSHOT/ratis-client-0.5.0-201fc85-SNAPSHOT.jar:/home/user/.m2/repository/org/apache/ratis/ratis-metrics/0.5.0-201fc85-SNAPSHOT/ratis-metrics-0.5.0-201fc85-SNAPSHOT.jar:/home/user/.m2/repository/com/github/joshelser/dropwizard-metrics-hadoop-metrics2-reporter/0.1.2/dropwizard-metrics-hadoop-metrics2-reporter-0.1.2.jar:/home/user/.m2/repository/io/dropwizard/metrics/metrics-jvm/3.2.5/metrics-jvm-3.2.5.jar:/home/user/.m2/repository/io/dropwizard/metrics/metrics-ganglia/3.2.5/metrics-ganglia-3.2.5.jar:/home/user/.m2/repository/info/ganglia/gmetric4j/gmetric4j/1.0.7/gmetric4j-1.0.7.jar:/home/user/.m2/repository/org/apache/ratis/ratis-netty/0.5.0-201fc85-SNAPSHOT/ratis-netty-0.5.0-201fc85-SNAPSHOT.jar:/home/user/.m2/repository/org/apache/ratis/ratis-grpc/0.5.0-201fc85-SNAPSHOT/ratis-grpc-0.5.0-201fc85-SNAPSHOT.jar:/home/user/.m2/repository/org/rocksdb/rocksdbjni/6.0.1/rocksdbjni-6.0.1.jar:/home/user/.m2/repository/org/apache/logging/log4j/log4j-api/2.11.0/log4j-api-2.11.0.jar:/home/user/.m2/repository/org/apache/logging/log4j/log4j-core/2.11.0/log4j-core-2.11.0.jar:/home/user/.m2/repository/com/lmax/disruptor/3.4.2/disruptor-3.4.2.jar:/home/user/.m2/repository/org/apache/commons/commons-pool2/2.6.0/commons-pool2-2.6.0.jar:/home/user/.m2/repository/org/bouncycastle/bcpkix-jdk15on/1.60/bcpkix-jdk15on-1.60.jar:/home/user/.m2/repository/commons-validator/commons-validator/1.6/commons-validator-1.6.jar:/home/user/.m2/repository/commons-digester/commons-digester/1.8.1/commons-digester-1.8.1.jar:/home/user/.m2/repository/io/jaegertracing/jaeger-client/0.34.0/jaeger-client-0.34.0.jar:/home/user/.m2/repository/io/jaegertracing/jaeger-thrift/0.34.0/jaeger-thrift-0.34.0.jar:/home/user/.m2/repository/org/apache/thrift/libthrift/0.12.0/libthrift-0.12.0.jar:/home/user/.m2/repository/com/squareup/okhttp3/okhttp/3.9.0/okhttp-3.9.0.jar:/home/user/.m2/repository/com/squareup/okio/okio/1.13.0/okio-1.13.0.jar:/home/user/.m2/repository/io/jaegertracing/jaeger-core/0.34.0/jaeger-core-0.34.0.jar:/home/user/.m2/repository/io/jaegertracing/jaeger-tracerresolver/0.34.0/jaeger-tracerresolver-0.34.0.jar:/home/user/.m2/repository/io/opentracing/contrib/opentracing-tracerresolver/0.1.5/opentracing-tracerresolver-0.1.5.jar:/home/user/.m2/repository/io/opentracing/opentracing-util/0.31.0/opentracing-util-0.31.0.jar:/home/user/.m2/repository/io/opentracing/opentracing-api/0.31.0/opentracing-api-0.31.0.jar:/home/user/.m2/repository/io/opentracing/opentracing-noop/0.31.0/opentracing-noop-0.31.0.jar:/home/user/.m2/repository/org/apache/hadoop/hadoop-hdds-server-framework/0.5.0-SNAPSHOT/hadoop-hdds-server-framework-0.5.0-SNAPSHOT.jar:/home/user/.m2/repository/org/apache/hadoop/hadoop-hdds-container-service/0.5.0-SNAPSHOT/hadoop-hdds-container-service-0.5.0-SNAPSHOT.jar:/home/user/.m2/repository/org/apache/hadoop/hadoop-hdds-client/0.5.0-SNAPSHOT/hadoop-hdds-client-0.5.0-SNAPSHOT.jar:/home/user/.m2/repository/org/apache/hadoop/hadoop-hdds-tools/0.5.0-SNAPSHOT/hadoop-hdds-tools-0.5.0-SNAPSHOT.jar:/home/user/.m2/repository/org/apache/hadoop/hadoop-hdds-server-scm/0.5.0-SNAPSHOT/hadoop-hdds-server-scm-0.5.0-SNAPSHOT.jar:/home/user/.m2/repository/org/apache/hadoop/hadoop-hdds-docs/0.5.0-SNAPSHOT/hadoop-hdds-docs-0.5.0-SNAPSHOT.jar:/home/user/.m2/repository/io/dropwizard/metrics/metrics-core/3.2.4/metrics-core-3.2.4.jar:/home/user/.m2/repository/org/hamcrest/hamcrest-all/1.3/hamcrest-all-1.3.jar:/home/user/.m2/repository/org/bouncycastle/bcprov-jdk15on/1.60/bcprov-jdk15on-1.60.jar:/home/user/.m2/repository/info/picocli/picocli/3.9.6/picocli-3.9.6.jar:/home/user/.m2/repository/com/google/protobuf/protobuf-java/2.5.0/protobuf-java-2.5.0.jar:/home/user/.m2/repository/com/google/guava/guava/11.0.2/guava-11.0.2.jar:/home/user/.m2/repository/org/apache/hadoop/hadoop-ozone-ozone-manager/0.5.0-SNAPSHOT/hadoop-ozone-ozone-manager-0.5.0-SNAPSHOT.jar:/home/user/.m2/repository/org/apache/hadoop/hadoop-minikdc/3.2.0/hadoop-minikdc-3.2.0.jar:/home/user/.m2/repository/commons-io/commons-io/2.5/commons-io-2.5.jar:/home/user/.m2/repository/org/apache/kerby/kerb-simplekdc/1.0.1/kerb-simplekdc-1.0.1.jar:/home/user/.m2/repository/org/apache/kerby/kerb-client/1.0.1/kerb-client-1.0.1.jar:/home/user/.m2/repository/org/apache/kerby/kerby-config/1.0.1/kerby-config-1.0.1.jar:/home/user/.m2/repository/org/apache/kerby/kerb-core/1.0.1/kerb-core-1.0.1.jar:/home/user/.m2/repository/org/apache/kerby/kerby-pkix/1.0.1/kerby-pkix-1.0.1.jar:/home/user/.m2/repository/org/apache/kerby/kerby-asn1/1.0.1/kerby-asn1-1.0.1.jar:/home/user/.m2/repository/org/apache/kerby/kerby-util/1.0.1/kerby-util-1.0.1.jar:/home/user/.m2/repository/org/apache/kerby/kerb-common/1.0.1/kerb-common-1.0.1.jar:/home/user/.m2/repository/org/apache/kerby/kerb-crypto/1.0.1/kerb-crypto-1.0.1.jar:/home/user/.m2/repository/org/apache/kerby/kerb-util/1.0.1/kerb-util-1.0.1.jar:/home/user/.m2/repository/org/apache/kerby/token-provider/1.0.1/token-provider-1.0.1.jar:/home/user/.m2/repository/org/apache/kerby/kerb-admin/1.0.1/kerb-admin-1.0.1.jar:/home/user/.m2/repository/org/apache/kerby/kerb-server/1.0.1/kerb-server-1.0.1.jar:/home/user/.m2/repository/org/apache/kerby/kerb-identity/1.0.1/kerb-identity-1.0.1.jar:/home/user/.m2/repository/org/apache/kerby/kerby-xdr/1.0.1/kerby-xdr-1.0.1.jar:/home/user/.m2/repository/org/slf4j/slf4j-log4j12/1.7.25/slf4j-log4j12-1.7.25.jar:/home/user/.m2/repository/org/apache/hadoop/hadoop-ozone-s3gateway/0.5.0-SNAPSHOT/hadoop-ozone-s3gateway-0.5.0-SNAPSHOT.jar:/home/user/.m2/repository/org/jboss/weld/servlet/weld-servlet/2.4.7.Final/weld-servlet-2.4.7.Final.jar:/home/user/.m2/repository/org/glassfish/jersey/containers/jersey-container-servlet-core/2.27/jersey-container-servlet-core-2.27.jar:/home/user/.m2/repository/org/glassfish/hk2/external/javax.inject/2.5.0-b42/javax.inject-2.5.0-b42.jar:/home/user/.m2/repository/org/glassfish/jersey/core/jersey-common/2.27/jersey-common-2.27.jar:/home/user/.m2/repository/org/glassfish/hk2/osgi-resource-locator/1.0.1/osgi-resource-locator-1.0.1.jar:/home/user/.m2/repository/javax/ws/rs/javax.ws.rs-api/2.1/javax.ws.rs-api-2.1.jar:/home/user/.m2/repository/org/glassfish/jersey/ext/cdi/jersey-cdi1x/2.27/jersey-cdi1x-2.27.jar:/home/user/.m2/repository/org/glassfish/jersey/inject/jersey-hk2/2.27/jersey-hk2-2.27.jar:/home/user/.m2/repository/org/glassfish/hk2/hk2-locator/2.5.0-b42/hk2-locator-2.5.0-b42.jar:/home/user/.m2/repository/org/javassist/javassist/3.22.0-CR2/javassist-3.22.0-CR2.jar:/home/user/.m2/repository/org/glassfish/hk2/hk2-api/2.5.0/hk2-api-2.5.0.jar:/home/user/.m2/repository/org/glassfish/hk2/external/jakarta.inject/2.5.0/jakarta.inject-2.5.0.jar:/home/user/.m2/repository/org/glassfish/hk2/hk2-utils/2.5.0/hk2-utils-2.5.0.jar:/home/user/.m2/repository/jakarta/annotation/jakarta.annotation-api/1.3.4/jakarta.annotation-api-1.3.4.jar:/home/user/.m2/repository/org/glassfish/hk2/external/aopalliance-repackaged/2.5.0/aopalliance-repackaged-2.5.0.jar:/home/user/.m2/repository/com/fasterxml/jackson/dataformat/jackson-dataformat-xml/2.9.0/jackson-dataformat-xml-2.9.0.jar:/home/user/.m2/repository/com/fasterxml/jackson/core/jackson-core/2.9.9/jackson-core-2.9.9.jar:/home/user/.m2/repository/com/fasterxml/jackson/module/jackson-module-jaxb-annotations/2.9.9/jackson-module-jaxb-annotations-2.9.9.jar:/home/user/.m2/repository/javax/enterprise/cdi-api/1.2/cdi-api-1.2.jar:/home/user/.m2/repository/javax/el/javax.el-api/3.0.0/javax.el-api-3.0.0.jar:/home/user/.m2/repository/javax/interceptor/javax.interceptor-api/1.2/javax.interceptor-api-1.2.jar:/home/user/.m2/repository/javax/inject/javax.inject/1/javax.inject-1.jar:/home/user/.m2/repository/com/sun/xml/bind/jaxb-impl/2.3.0.1/jaxb-impl-2.3.0.1.jar:/home/user/.m2/repository/com/sun/xml/bind/jaxb-core/2.3.0.1/jaxb-core-2.3.0.1.jar:/home/user/.m2/repository/javax/xml/bind/jaxb-api/2.3.0/jaxb-api-2.3.0.jar:/home/user/.m2/repository/javax/activation/activation/1.1.1/activation-1.1.1.jar:/home/user/.m2/repository/org/apache/hadoop/hadoop-ozone-csi/0.5.0-SNAPSHOT/hadoop-ozone-csi-0.5.0-SNAPSHOT.jar:/home/user/.m2/repository/com/google/protobuf/protobuf-java-util/3.5.1/protobuf-java-util-3.5.1.jar:/home/user/.m2/repository/org/apache/hadoop/hadoop-hdds-config/0.5.0-SNAPSHOT/hadoop-hdds-config-0.5.0-SNAPSHOT.jar:/home/user/.m2/repository/io/grpc/grpc-netty/1.17.1/grpc-netty-1.17.1.jar:/home/user/.m2/repository/io/grpc/grpc-core/1.17.1/grpc-core-1.17.1.jar:/home/user/.m2/repository/io/grpc/grpc-context/1.17.1/grpc-context-1.17.1.jar:/home/user/.m2/repository/com/google/errorprone/error_prone_annotations/2.2.0/error_prone_annotations-2.2.0.jar:/home/user/.m2/repository/org/codehaus/mojo/animal-sniffer-annotations/1.17/animal-sniffer-annotations-1.17.jar:/home/user/.m2/repository/io/opencensus/opencensus-api/0.17.0/opencensus-api-0.17.0.jar:/home/user/.m2/repository/io/opencensus/opencensus-contrib-grpc-metrics/0.17.0/opencensus-contrib-grpc-metrics-0.17.0.jar:/home/user/.m2/repository/io/netty/netty-codec-http2/4.1.30.Final/netty-codec-http2-4.1.30.Final.jar:/home/user/.m2/repository/io/netty/netty-codec-http/4.1.30.Final/netty-codec-http-4.1.30.Final.jar:/home/user/.m2/repository/io/netty/netty-codec/4.1.30.Final/netty-codec-4.1.30.Final.jar:/home/user/.m2/repository/io/netty/netty-handler/4.1.30.Final/netty-handler-4.1.30.Final.jar:/home/user/.m2/repository/io/netty/netty-handler-proxy/4.1.30.Final/netty-handler-proxy-4.1.30.Final.jar:/home/user/.m2/repository/io/netty/netty-codec-socks/4.1.30.Final/netty-codec-socks-4.1.30.Final.jar:/home/user/.m2/repository/io/netty/netty-transport-native-epoll/4.1.30.Final/netty-transport-native-epoll-4.1.30.Final.jar:/home/user/.m2/repository/io/netty/netty-common/4.1.30.Final/netty-common-4.1.30.Final.jar:/home/user/.m2/repository/io/netty/netty-buffer/4.1.30.Final/netty-buffer-4.1.30.Final.jar:/home/user/.m2/repository/io/netty/netty-transport/4.1.30.Final/netty-transport-4.1.30.Final.jar:/home/user/.m2/repository/io/netty/netty-resolver/4.1.30.Final/netty-resolver-4.1.30.Final.jar:/home/user/.m2/repository/io/netty/netty-transport-native-unix-common/4.1.30.Final/netty-transport-native-unix-common-4.1.30.Final.jar:/home/user/.m2/repository/io/grpc/grpc-protobuf/1.17.1/grpc-protobuf-1.17.1.jar:/home/user/.m2/repository/com/google/api/grpc/proto-google-common-protos/1.0.0/proto-google-common-protos-1.0.0.jar:/home/user/.m2/repository/io/grpc/grpc-protobuf-lite/1.17.1/grpc-protobuf-lite-1.17.1.jar:/home/user/.m2/repository/io/grpc/grpc-stub/1.17.1/grpc-stub-1.17.1.jar:/home/user/.m2/repository/org/apache/hadoop/hadoop-ozone-recon/0.5.0-SNAPSHOT/hadoop-ozone-recon-0.5.0-SNAPSHOT.jar:/home/user/.m2/repository/org/apache/hadoop/hadoop-ozone-reconcodegen/0.5.0-SNAPSHOT/hadoop-ozone-reconcodegen-0.5.0-SNAPSHOT.jar:/home/user/.m2/repository/com/google/inject/extensions/guice-multibindings/4.0/guice-multibindings-4.0.jar:/home/user/.m2/repository/com/google/inject/guice/4.0/guice-4.0.jar:/home/user/.m2/repository/aopalliance/aopalliance/1.0/aopalliance-1.0.jar:/home/user/.m2/repository/com/google/inject/extensions/guice-servlet/4.0/guice-servlet-4.0.jar:/home/user/.m2/repository/org/glassfish/jersey/containers/jersey-container-servlet/2.27/jersey-container-servlet-2.27.jar:/home/user/.m2/repository/org/glassfish/hk2/guice-bridge/2.5.0/guice-bridge-2.5.0.jar:/home/user/.m2/repository/org/glassfish/jersey/core/jersey-server/2.27/jersey-server-2.27.jar:/home/user/.m2/repository/org/glassfish/jersey/core/jersey-client/2.27/jersey-client-2.27.jar:/home/user/.m2/repository/org/glassfish/jersey/media/jersey-media-jaxb/2.27/jersey-media-jaxb-2.27.jar:/home/user/.m2/repository/javax/validation/validation-api/1.1.0.Final/validation-api-1.1.0.Final.jar:/home/user/.m2/repository/org/glassfish/jersey/media/jersey-media-json-jackson/2.27/jersey-media-json-jackson-2.27.jar:/home/user/.m2/repository/org/glassfish/jersey/ext/jersey-entity-filtering/2.27/jersey-entity-filtering-2.27.jar:/home/user/.m2/repository/com/google/inject/extensions/guice-assistedinject/4.0/guice-assistedinject-4.0.jar:/home/user/.m2/repository/org/jooq/jooq/3.11.10/jooq-3.11.10.jar:/home/user/.m2/repository/org/jooq/jooq-meta/3.11.10/jooq-meta-3.11.10.jar:/home/user/.m2/repository/org/jooq/jooq-codegen/3.11.10/jooq-codegen-3.11.10.jar:/home/user/.m2/repository/com/jolbox/bonecp/0.8.0.RELEASE/bonecp-0.8.0.RELEASE.jar:/home/user/.m2/repository/org/xerial/sqlite-jdbc/3.25.2/sqlite-jdbc-3.25.2.jar:/home/user/.m2/repository/org/springframework/spring-jdbc/5.1.3.RELEASE/spring-jdbc-5.1.3.RELEASE.jar:/home/user/.m2/repository/org/springframework/spring-beans/5.1.3.RELEASE/spring-beans-5.1.3.RELEASE.jar:/home/user/.m2/repository/org/springframework/spring-core/5.1.3.RELEASE/spring-core-5.1.3.RELEASE.jar:/home/user/.m2/repository/org/springframework/spring-jcl/5.1.3.RELEASE/spring-jcl-5.1.3.RELEASE.jar:/home/user/.m2/repository/org/springframework/spring-tx/5.1.3.RELEASE/spring-tx-5.1.3.RELEASE.jar:/home/user/.m2/repository/org/apache/hadoop/hadoop-ozone-client/0.5.0-SNAPSHOT/hadoop-ozone-client-0.5.0-SNAPSHOT.jar:/home/user/.m2/repository/commons-lang/commons-lang/2.6/commons-lang-2.6.jar:/home/user/.m2/repository/org/apache/hadoop/hadoop-ozone-ozone-manager/0.5.0-SNAPSHOT/hadoop-ozone-ozone-manager-0.5.0-SNAPSHOT-tests.jar:/home/user/.m2/repository/junit/junit/4.11/junit-4.11.jar:/home/user/.m2/repository/org/hamcrest/hamcrest-core/1.3/hamcrest-core-1.3.jar:/home/user/.m2/repository/org/openjdk/jmh/jmh-core/1.19/jmh-core-1.19.jar:/home/user/.m2/repository/net/sf/jopt-simple/jopt-simple/4.6/jopt-simple-4.6.jar:/home/user/.m2/repository/org/apache/commons/commons-math3/3.1.1/commons-math3-3.1.1.jar:/home/user/.m2/repository/org/openjdk/jmh/jmh-generator-annprocess/1.19/jmh-generator-annprocess-1.19.jar:/home/user/.m2/repository/org/mockito/mockito-all/1.8.5/mockito-all-1.8.5.jar:/home/user/.m2/repository/org/apache/hadoop/hadoop-kms/3.2.0/hadoop-kms-3.2.0.jar:/home/user/.m2/repository/org/apache/hadoop/hadoop-auth/3.2.0/hadoop-auth-3.2.0.jar:/home/user/.m2/repository/com/nimbusds/nimbus-jose-jwt/4.41.1/nimbus-jose-jwt-4.41.1.jar:/home/user/.m2/repository/com/github/stephenc/jcip/jcip-annotations/1.0-1/jcip-annotations-1.0-1.jar:/home/user/.m2/repository/net/minidev/json-smart/2.3/json-smart-2.3.jar:/home/user/.m2/repository/net/minidev/accessors-smart/1.2/accessors-smart-1.2.jar:/home/user/.m2/repository/org/ow2/asm/asm/5.0.4/asm-5.0.4.jar:/home/user/.m2/repository/org/apache/curator/curator-framework/2.12.0/curator-framework-2.12.0.jar:/home/user/.m2/repository/com/sun/jersey/jersey-core/1.19/jersey-core-1.19.jar:/home/user/.m2/repository/javax/ws/rs/jsr311-api/1.1.1/jsr311-api-1.1.1.jar:/home/user/.m2/repository/com/sun/jersey/jersey-server/1.19/jersey-server-1.19.jar:/home/user/.m2/repository/javax/servlet/javax.servlet-api/3.1.0/javax.servlet-api-3.1.0.jar:/home/user/.m2/repository/org/eclipse/jetty/jetty-server/9.3.25.v20180904/jetty-server-9.3.25.v20180904.jar:/home/user/.m2/repository/org/eclipse/jetty/jetty-http/9.3.25.v20180904/jetty-http-9.3.25.v20180904.jar:/home/user/.m2/repository/org/eclipse/jetty/jetty-io/9.3.25.v20180904/jetty-io-9.3.25.v20180904.jar:/home/user/.m2/repository/org/eclipse/jetty/jetty-webapp/9.3.25.v20180904/jetty-webapp-9.3.25.v20180904.jar:/home/user/.m2/repository/org/eclipse/jetty/jetty-xml/9.3.25.v20180904/jetty-xml-9.3.25.v20180904.jar:/home/user/.m2/repository/log4j/log4j/1.2.17/log4j-1.2.17.jar:/home/user/.m2/repository/org/slf4j/slf4j-api/1.7.25/slf4j-api-1.7.25.jar:/home/user/.m2/repository/org/slf4j/jul-to-slf4j/1.7.25/jul-to-slf4j-1.7.25.jar:/home/user/.m2/repository/org/eclipse/jetty/jetty-util/9.3.25.v20180904/jetty-util-9.3.25.v20180904.jar:/home/user/.m2/repository/com/fasterxml/jackson/core/jackson-databind/2.9.9/jackson-databind-2.9.9.jar:/home/user/.m2/repository/org/apache/hadoop/hadoop-kms/3.2.0/hadoop-kms-3.2.0-tests.jar:/home/user/.m2/repository/org/apache/hadoop/hadoop-hdds-server-scm/0.5.0-SNAPSHOT/hadoop-hdds-server-scm-0.5.0-SNAPSHOT-tests.jar:/home/user/.m2/repository/org/apache/hadoop/hadoop-hdds-container-service/0.5.0-SNAPSHOT/hadoop-hdds-container-service-0.5.0-SNAPSHOT-tests.jar:/home/user/.m2/repository/org/yaml/snakeyaml/1.16/snakeyaml-1.16.jar:/home/user/.m2/repository/org/apache/hadoop/hadoop-common/3.2.0/hadoop-common-3.2.0-tests.jar:/home/user/.m2/repository/org/apache/hadoop/hadoop-annotations/3.2.0/hadoop-annotations-3.2.0.jar:/usr/lib/jvm/java-1.8.0-openjdk-1.8.0.222.b10-1.el7_7.x86_64/jre/../lib/tools.jar:/home/user/.m2/repository/commons-cli/commons-cli/1.2/commons-cli-1.2.jar:/home/user/.m2/repository/org/apache/httpcomponents/httpclient/4.5.2/httpclient-4.5.2.jar:/home/user/.m2/repository/org/apache/httpcomponents/httpcore/4.4.4/httpcore-4.4.4.jar:/home/user/.m2/repository/commons-codec/commons-codec/1.11/commons-codec-1.11.jar:/home/user/.m2/repository/commons-net/commons-net/3.6/commons-net-3.6.jar:/home/user/.m2/repository/commons-collections/commons-collections/3.2.2/commons-collections-3.2.2.jar:/home/user/.m2/repository/org/eclipse/jetty/jetty-servlet/9.3.25.v20180904/jetty-servlet-9.3.25.v20180904.jar:/home/user/.m2/repository/org/eclipse/jetty/jetty-security/9.3.25.v20180904/jetty-security-9.3.25.v20180904.jar:/home/user/.m2/repository/javax/servlet/jsp/jsp-api/2.1/jsp-api-2.1.jar:/home/user/.m2/repository/com/sun/jersey/jersey-servlet/1.19/jersey-servlet-1.19.jar:/home/user/.m2/repository/com/sun/jersey/jersey-json/1.19/jersey-json-1.19.jar:/home/user/.m2/repository/org/codehaus/jettison/jettison/1.1/jettison-1.1.jar:/home/user/.m2/repository/org/codehaus/jackson/jackson-core-asl/1.9.13/jackson-core-asl-1.9.13.jar:/home/user/.m2/repository/org/codehaus/jackson/jackson-mapper-asl/1.9.13/jackson-mapper-asl-1.9.13.jar:/home/user/.m2/repository/org/codehaus/jackson/jackson-jaxrs/1.9.13/jackson-jaxrs-1.9.13.jar:/home/user/.m2/repository/org/codehaus/jackson/jackson-xc/1.9.13/jackson-xc-1.9.13.jar:/home/user/.m2/repository/commons-logging/commons-logging/1.1.3/commons-logging-1.1.3.jar:/home/user/.m2/repository/commons-beanutils/commons-beanutils/1.9.4/commons-beanutils-1.9.4.jar:/home/user/.m2/repository/org/apache/commons/commons-configuration2/2.1.1/commons-configuration2-2.1.1.jar:/home/user/.m2/repository/org/apache/commons/commons-lang3/3.7/commons-lang3-3.7.jar:/home/user/.m2/repository/org/apache/commons/commons-text/1.4/commons-text-1.4.jar:/home/user/.m2/repository/org/apache/avro/avro/1.7.7/avro-1.7.7.jar:/home/user/.m2/repository/com/thoughtworks/paranamer/paranamer/2.3/paranamer-2.3.jar:/home/user/.m2/repository/org/xerial/snappy/snappy-java/1.0.5/snappy-java-1.0.5.jar:/home/user/.m2/repository/com/google/re2j/re2j/1.1/re2j-1.1.jar:/home/user/.m2/repository/com/google/code/gson/gson/2.2.4/gson-2.2.4.jar:/home/user/.m2/repository/com/jcraft/jsch/0.1.54/jsch-0.1.54.jar:/home/user/.m2/repository/org/apache/curator/curator-client/2.12.0/curator-client-2.12.0.jar:/home/user/.m2/repository/org/apache/curator/curator-recipes/2.12.0/curator-recipes-2.12.0.jar:/home/user/.m2/repository/com/google/code/findbugs/jsr305/3.0.0/jsr305-3.0.0.jar:/home/user/.m2/repository/org/apache/htrace/htrace-core4/4.1.0-incubating/htrace-core4-4.1.0-incubating.jar:/home/user/.m2/repository/org/apache/zookeeper/zookeeper/3.4.13/zookeeper-3.4.13.jar:/home/user/.m2/repository/jline/jline/0.9.94/jline-0.9.94.jar:/home/user/.m2/repository/org/apache/yetus/audience-annotations/0.5.0/audience-annotations-0.5.0.jar:/home/user/.m2/repository/org/codehaus/woodstox/stax2-api/3.1.4/stax2-api-3.1.4.jar:/home/user/.m2/repository/com/fasterxml/woodstox/woodstox-core/5.0.3/woodstox-core-5.0.3.jar:/home/user/.m2/repository/dnsjava/dnsjava/2.1.7/dnsjava-2.1.7.jar:/home/user/.m2/repository/org/apache/hadoop/hadoop-hdfs/3.2.0/hadoop-hdfs-3.2.0-tests.jar:/home/user/.m2/repository/org/eclipse/jetty/jetty-util-ajax/9.3.25.v20180904/jetty-util-ajax-9.3.25.v20180904.jar:/home/user/.m2/repository/commons-daemon/commons-daemon/1.0.13/commons-daemon-1.0.13.jar:/home/user/.m2/repository/io/netty/netty/3.10.5.Final/netty-3.10.5.Final.jar:/home/user/.m2/repository/io/netty/netty-all/4.0.52.Final/netty-all-4.0.52.Final.jar:/home/user/.m2/repository/org/fusesource/leveldbjni/leveldbjni-all/1.8/leveldbjni-all-1.8.jar:"/>
    <property name="sun.cpu.endian" value="little"/>
    <property name="user.home" value="/home/user"/>
    <property name="user.language" value="en"/>
    <property name="java.specification.vendor" value="Oracle Corporation"/>
    <property name="java.home" value="/usr/lib/jvm/java-1.8.0-openjdk-1.8.0.222.b10-1.el7_7.x86_64/jre"/>
    <property name="surefire.excludesFile" value="/tools/ozone-bad-unit-tests"/>
    <property name="java.security.krb5.conf" value="/workdir/hadoop-ozone/integration-test/target/test-classes/krb5.conf"/>
    <property name="basedir" value="/workdir/hadoop-ozone/integration-test"/>
    <property name="file.separator" value="/"/>
    <property name="line.separator" value="&#10;"/>
    <property name="java.vm.specification.vendor" value="Oracle Corporation"/>
    <property name="java.specification.name" value="Java Platform API Specification"/>
    <property name="java.awt.graphicsenv" value="sun.awt.X11GraphicsEnvironment"/>
    <property name="surefire.real.class.path" value="/workdir/hadoop-ozone/integration-test/target/surefire/surefirebooter3263598415401298452.jar"/>
    <property name="hadoop.log.dir" value="/workdir/hadoop-ozone/integration-test/target/log"/>
    <property name="sun.boot.class.path" value="/usr/lib/jvm/java-1.8.0-openjdk-1.8.0.222.b10-1.el7_7.x86_64/jre/lib/resources.jar:/usr/lib/jvm/java-1.8.0-openjdk-1.8.0.222.b10-1.el7_7.x86_64/jre/lib/rt.jar:/usr/lib/jvm/java-1.8.0-openjdk-1.8.0.222.b10-1.el7_7.x86_64/jre/lib/sunrsasign.jar:/usr/lib/jvm/java-1.8.0-openjdk-1.8.0.222.b10-1.el7_7.x86_64/jre/lib/jsse.jar:/usr/lib/jvm/java-1.8.0-openjdk-1.8.0.222.b10-1.el7_7.x86_64/jre/lib/jce.jar:/usr/lib/jvm/java-1.8.0-openjdk-1.8.0.222.b10-1.el7_7.x86_64/jre/lib/charsets.jar:/usr/lib/jvm/java-1.8.0-openjdk-1.8.0.222.b10-1.el7_7.x86_64/jre/lib/jfr.jar:/usr/lib/jvm/java-1.8.0-openjdk-1.8.0.222.b10-1.el7_7.x86_64/jre/classes"/>
    <property name="sun.management.compiler" value="HotSpot 64-Bit Tiered Compilers"/>
    <property name="java.runtime.version" value="1.8.0_222-b10"/>
    <property name="java.net.preferIPv4Stack" value="true"/>
    <property name="user.name" value="jenkins1000"/>
    <property name="path.separator" value=":"/>
    <property name="java.security.egd" value="file:///dev/urandom"/>
    <property name="os.version" value="3.10.0-957.12.2.el7.x86_64"/>
    <property name="java.endorsed.dirs" value="/usr/lib/jvm/java-1.8.0-openjdk-1.8.0.222.b10-1.el7_7.x86_64/jre/lib/endorsed"/>
    <property name="java.runtime.name" value="OpenJDK Runtime Environment"/>
    <property name="file.encoding" value="ANSI_X3.4-1968"/>
    <property name="java.vm.name" value="OpenJDK 64-Bit Server VM"/>
    <property name="test.build.webapps" value=""/>
    <property name="localRepository" value="/home/user/.m2/repository"/>
    <property name="java.vendor.url.bug" value="http://bugreport.sun.com/bugreport/"/>
    <property name="java.io.tmpdir" value="/tmp"/>
    <property name="require.test.libhadoop" value=""/>
    <property name="java.version" value="1.8.0_222"/>
    <property name="user.dir" value="/workdir/hadoop-ozone/integration-test"/>
    <property name="os.arch" value="amd64"/>
    <property name="java.vm.specification.name" value="Java Virtual Machine Specification"/>
    <property name="test.build.classes" value="/workdir/hadoop-ozone/integration-test/target/test-classes"/>
    <property name="java.awt.printerjob" value="sun.print.PSPrinterJob"/>
    <property name="sun.os.patch.level" value="unknown"/>
    <property name="hadoop.tmp.dir" value="/workdir/hadoop-ozone/integration-test/target/tmp"/>
    <property name="java.library.path" value="/usr/lib:/workdir/hadoop-ozone/integration-test/target/native/target/usr/local/lib:/workdir/hadoop-ozone/integration-test/../../hadoop-common-project/hadoop-common/target/native/target/usr/local/lib:/usr/java/packages/lib/amd64:/usr/lib64:/lib64:/lib:/usr/lib"/>
    <property name="java.vm.info" value="mixed mode"/>
    <property name="java.vendor" value="Oracle Corporation"/>
    <property name="java.vm.version" value="25.222-b10"/>
    <property name="java.ext.dirs" value="/usr/lib/jvm/java-1.8.0-openjdk-1.8.0.222.b10-1.el7_7.x86_64/jre/lib/ext:/usr/java/packages/lib/ext"/>
    <property name="sun.io.unicode.encoding" value="UnicodeLittle"/>
    <property name="java.class.version" value="52.0"/>
  </properties>
  <testcase name="test2DatanodesFailure" classname="org.apache.hadoop.ozone.client.rpc.TestBlockOutputStreamWithFailures" time="113.505"/>
  <testcase name="testDatanodeFailureWithPreAllocation" classname="org.apache.hadoop.ozone.client.rpc.TestBlockOutputStreamWithFailures" time="222.799"/>
  <testcase name="testDatanodeFailureWithSingleNodeRatis" classname="org.apache.hadoop.ozone.client.rpc.TestBlockOutputStreamWithFailures" time="225.899"/>
  <testcase name="testWatchForCommitWithSingleNodeRatis" classname="org.apache.hadoop.ozone.client.rpc.TestBlockOutputStreamWithFailures" time="36.05"/>
  <testcase name="testWatchForCommitDatanodeFailure" classname="org.apache.hadoop.ozone.client.rpc.TestBlockOutputStreamWithFailures" time="38.624">
    <failure message="expected:&lt;2&gt; but was:&lt;3&gt;" type="java.lang.AssertionError"><![CDATA[java.lang.AssertionError: expected:<2> but was:<3>
	at org.junit.Assert.fail(Assert.java:88)
	at org.junit.Assert.failNotEquals(Assert.java:743)
	at org.junit.Assert.assertEquals(Assert.java:118)
	at org.junit.Assert.assertEquals(Assert.java:555)
	at org.junit.Assert.assertEquals(Assert.java:542)
	at org.apache.hadoop.ozone.client.rpc.TestBlockOutputStreamWithFailures.testWatchForCommitDatanodeFailure(TestBlockOutputStreamWithFailures.java:366)
	at sun.reflect.NativeMethodAccessorImpl.invoke0(Native Method)
	at sun.reflect.NativeMethodAccessorImpl.invoke(NativeMethodAccessorImpl.java:62)
	at sun.reflect.DelegatingMethodAccessorImpl.invoke(DelegatingMethodAccessorImpl.java:43)
	at java.lang.reflect.Method.invoke(Method.java:498)
	at org.junit.runners.model.FrameworkMethod$1.runReflectiveCall(FrameworkMethod.java:47)
	at org.junit.internal.runners.model.ReflectiveCallable.run(ReflectiveCallable.java:12)
	at org.junit.runners.model.FrameworkMethod.invokeExplosively(FrameworkMethod.java:44)
	at org.junit.internal.runners.statements.InvokeMethod.evaluate(InvokeMethod.java:17)
	at org.junit.internal.runners.statements.RunBefores.evaluate(RunBefores.java:26)
	at org.junit.internal.runners.statements.RunAfters.evaluate(RunAfters.java:27)
	at org.junit.runners.ParentRunner.runLeaf(ParentRunner.java:271)
	at org.junit.runners.BlockJUnit4ClassRunner.runChild(BlockJUnit4ClassRunner.java:70)
	at org.junit.runners.BlockJUnit4ClassRunner.runChild(BlockJUnit4ClassRunner.java:50)
	at org.junit.runners.ParentRunner$3.run(ParentRunner.java:238)
	at org.junit.runners.ParentRunner$1.schedule(ParentRunner.java:63)
	at org.junit.runners.ParentRunner.runChildren(ParentRunner.java:236)
	at org.junit.runners.ParentRunner.access$000(ParentRunner.java:53)
	at org.junit.runners.ParentRunner$2.evaluate(ParentRunner.java:229)
	at org.junit.runners.ParentRunner.run(ParentRunner.java:309)
	at org.apache.maven.surefire.junit4.JUnit4Provider.execute(JUnit4Provider.java:365)
	at org.apache.maven.surefire.junit4.JUnit4Provider.executeWithRerun(JUnit4Provider.java:273)
	at org.apache.maven.surefire.junit4.JUnit4Provider.executeTestSet(JUnit4Provider.java:238)
	at org.apache.maven.surefire.junit4.JUnit4Provider.invoke(JUnit4Provider.java:159)
	at org.apache.maven.surefire.booter.ForkedBooter.invokeProviderInSameClassLoader(ForkedBooter.java:384)
	at org.apache.maven.surefire.booter.ForkedBooter.runSuitesInProcess(ForkedBooter.java:345)
	at org.apache.maven.surefire.booter.ForkedBooter.execute(ForkedBooter.java:126)
	at org.apache.maven.surefire.booter.ForkedBooter.main(ForkedBooter.java:418)
]]></failure>
    <system-out><![CDATA[2019-10-18 13:52:39,690 [main] WARN  server.ServerUtils (ServerUtils.java:getScmDbDir(145)) - ozone.scm.db.dirs is not configured. We recommend adding this setting. Falling back to ozone.metadata.dirs instead.
2019-10-18 13:52:39,737 [main] WARN  server.ServerUtils (ServerUtils.java:getScmDbDir(145)) - ozone.scm.db.dirs is not configured. We recommend adding this setting. Falling back to ozone.metadata.dirs instead.
2019-10-18 13:52:39,737 [main] WARN  server.ServerUtils (ServerUtils.java:getScmDbDir(145)) - ozone.scm.db.dirs is not configured. We recommend adding this setting. Falling back to ozone.metadata.dirs instead.
2019-10-18 13:52:39,738 [main] INFO  db.DBStoreBuilder (DBStoreBuilder.java:addTable(117)) - using custom profile for table: deletedBlocks
2019-10-18 13:52:39,738 [main] INFO  db.DBStoreBuilder (DBStoreBuilder.java:processTables(168)) - Using default column profile:DBProfile.DISK for Table:deletedBlocks
2019-10-18 13:52:39,738 [main] INFO  db.DBStoreBuilder (DBStoreBuilder.java:addTable(117)) - using custom profile for table: validCerts
2019-10-18 13:52:39,738 [main] INFO  db.DBStoreBuilder (DBStoreBuilder.java:processTables(168)) - Using default column profile:DBProfile.DISK for Table:validCerts
2019-10-18 13:52:39,738 [main] INFO  db.DBStoreBuilder (DBStoreBuilder.java:addTable(117)) - using custom profile for table: revokedCerts
2019-10-18 13:52:39,738 [main] INFO  db.DBStoreBuilder (DBStoreBuilder.java:processTables(168)) - Using default column profile:DBProfile.DISK for Table:revokedCerts
2019-10-18 13:52:39,738 [main] INFO  db.DBStoreBuilder (DBStoreBuilder.java:addTable(117)) - using custom profile for table: default
2019-10-18 13:52:39,738 [main] INFO  db.DBStoreBuilder (DBStoreBuilder.java:processTables(174)) - Using default column profile:DBProfile.DISK for Table:default
2019-10-18 13:52:39,739 [main] INFO  db.DBStoreBuilder (DBStoreBuilder.java:getDbProfile(205)) - Using default options. DBProfile.DISK
2019-10-18 13:52:40,448 [main] INFO  net.NodeSchemaLoader (NodeSchemaLoader.java:loadSchemaFromFile(125)) - Loading file from sun.misc.CompoundEnumeration@570a62a5
2019-10-18 13:52:40,448 [main] INFO  net.NodeSchemaLoader (NodeSchemaLoader.java:loadSchema(171)) - Loading network topology layer schema file
2019-10-18 13:52:40,453 [main] INFO  node.SCMNodeManager (SCMNodeManager.java:<init>(116)) - Entering startup safe mode.
2019-10-18 13:52:40,453 [main] INFO  algorithms.ContainerPlacementPolicyFactory (ContainerPlacementPolicyFactory.java:getPolicy(57)) - Create container placement policy of type org.apache.hadoop.hdds.scm.container.placement.algorithms.SCMContainerPlacementRandom
2019-10-18 13:52:40,453 [main] WARN  server.ServerUtils (ServerUtils.java:getScmDbDir(145)) - ozone.scm.db.dirs is not configured. We recommend adding this setting. Falling back to ozone.metadata.dirs instead.
2019-10-18 13:52:40,748 [main] INFO  pipeline.SCMPipelineManager (SCMPipelineManager.java:initializePipelineState(132)) - No pipeline exists in current db
2019-10-18 13:52:40,748 [main] WARN  server.ServerUtils (ServerUtils.java:getScmDbDir(145)) - ozone.scm.db.dirs is not configured. We recommend adding this setting. Falling back to ozone.metadata.dirs instead.
2019-10-18 13:52:41,027 [main] WARN  events.EventQueue (EventQueue.java:fireEvent(183)) - No event handler registered for event TypedEvent{payloadType=SafeModeStatus, name='SafeModeStatus'}
2019-10-18 13:52:41,027 [main] INFO  ipc.CallQueueManager (CallQueueManager.java:<init>(84)) - Using callQueue: class java.util.concurrent.LinkedBlockingQueue, queueCapacity: 2000, scheduler: class org.apache.hadoop.ipc.DefaultRpcScheduler, ipcBackoff: false.
2019-10-18 13:52:41,028 [Socket Reader #1 for port 40376] INFO  ipc.Server (Server.java:run(1074)) - Starting Socket Reader #1 for port 40376
2019-10-18 13:52:41,030 [main] INFO  ipc.CallQueueManager (CallQueueManager.java:<init>(84)) - Using callQueue: class java.util.concurrent.LinkedBlockingQueue, queueCapacity: 2000, scheduler: class org.apache.hadoop.ipc.DefaultRpcScheduler, ipcBackoff: false.
2019-10-18 13:52:41,030 [Socket Reader #1 for port 43821] INFO  ipc.Server (Server.java:run(1074)) - Starting Socket Reader #1 for port 43821
2019-10-18 13:52:41,032 [main] INFO  ipc.CallQueueManager (CallQueueManager.java:<init>(84)) - Using callQueue: class java.util.concurrent.LinkedBlockingQueue, queueCapacity: 2000, scheduler: class org.apache.hadoop.ipc.DefaultRpcScheduler, ipcBackoff: false.
2019-10-18 13:52:41,032 [Socket Reader #1 for port 42878] INFO  ipc.Server (Server.java:run(1074)) - Starting Socket Reader #1 for port 42878
2019-10-18 13:52:41,034 [main] INFO  hdfs.DFSUtil (DFSUtil.java:httpServerTemplateForNNAndJN(1641)) - Starting Web-server for scm at: http://0.0.0.0:0
2019-10-18 13:52:41,035 [main] INFO  server.AuthenticationFilter (AuthenticationFilter.java:constructSecretProvider(240)) - Unable to initialize FileSignerSecretProvider, falling back to use random secrets.
2019-10-18 13:52:41,036 [main] WARN  http.HttpRequestLog (HttpRequestLog.java:getRequestLog(97)) - Jetty request log can only be enabled using Log4j
2019-10-18 13:52:41,037 [main] INFO  http.HttpServer2 (HttpServer2.java:addGlobalFilter(975)) - Added global filter 'safety' (class=org.apache.hadoop.http.HttpServer2$QuotingInputFilter)
2019-10-18 13:52:41,037 [main] INFO  http.HttpServer2 (HttpServer2.java:addFilter(948)) - Added filter static_user_filter (class=org.apache.hadoop.http.lib.StaticUserWebFilter$StaticUserFilter) to context scm
2019-10-18 13:52:41,038 [main] INFO  http.HttpServer2 (HttpServer2.java:addFilter(958)) - Added filter static_user_filter (class=org.apache.hadoop.http.lib.StaticUserWebFilter$StaticUserFilter) to context logs
2019-10-18 13:52:41,038 [main] INFO  http.HttpServer2 (HttpServer2.java:addFilter(958)) - Added filter static_user_filter (class=org.apache.hadoop.http.lib.StaticUserWebFilter$StaticUserFilter) to context static
2019-10-18 13:52:41,039 [main] INFO  server.StorageContainerManager (StorageContainerManager.java:start(772)) - StorageContainerLocationProtocol RPC server is listening at /0.0.0.0:42878
2019-10-18 13:52:41,041 [main] WARN  impl.MetricsConfig (MetricsConfig.java:loadFirst(134)) - Cannot locate configuration: tried hadoop-metrics2-storagecontainermanager.properties,hadoop-metrics2.properties
2019-10-18 13:52:41,041 [main] INFO  impl.MetricsSystemImpl (MetricsSystemImpl.java:startTimer(374)) - Scheduled Metric snapshot period at 10 second(s).
2019-10-18 13:52:41,041 [main] INFO  impl.MetricsSystemImpl (MetricsSystemImpl.java:start(191)) - StorageContainerManager metrics system started
2019-10-18 13:52:41,520 [main] WARN  impl.MetricsSystemImpl (MetricsSystemImpl.java:register(276)) - Sink prometheus already exists!
2019-10-18 13:52:41,569 [main] INFO  server.SCMClientProtocolServer (SCMClientProtocolServer.java:start(159)) - RPC server for Client  is listening at /0.0.0.0:42878
2019-10-18 13:52:41,570 [IPC Server Responder] INFO  ipc.Server (Server.java:run(1314)) - IPC Server Responder: starting
2019-10-18 13:52:41,570 [IPC Server listener on 42878] INFO  ipc.Server (Server.java:run(1153)) - IPC Server listener on 42878: starting
2019-10-18 13:52:41,573 [main] INFO  server.StorageContainerManager (StorageContainerManager.java:start(782)) - ScmBlockLocationProtocol RPC server is listening at /0.0.0.0:43821
2019-10-18 13:52:41,574 [main] INFO  server.SCMBlockProtocolServer (SCMBlockProtocolServer.java:start(146)) - RPC server for Block Protocol is listening at /0.0.0.0:43821
2019-10-18 13:52:41,574 [IPC Server Responder] INFO  ipc.Server (Server.java:run(1314)) - IPC Server Responder: starting
2019-10-18 13:52:41,574 [IPC Server listener on 43821] INFO  ipc.Server (Server.java:run(1153)) - IPC Server listener on 43821: starting
2019-10-18 13:52:41,577 [main] INFO  server.StorageContainerManager (StorageContainerManager.java:start(786)) - ScmDatanodeProtocl RPC server is listening at /0.0.0.0:40376
2019-10-18 13:52:41,577 [main] INFO  server.SCMDatanodeProtocolServer (SCMDatanodeProtocolServer.java:start(169)) - RPC server for DataNodes is listening at /0.0.0.0:40376
2019-10-18 13:52:41,577 [IPC Server Responder] INFO  ipc.Server (Server.java:run(1314)) - IPC Server Responder: starting
2019-10-18 13:52:41,578 [IPC Server listener on 40376] INFO  ipc.Server (Server.java:run(1153)) - IPC Server listener on 40376: starting
2019-10-18 13:52:41,580 [main] INFO  http.HttpServer2 (HttpServer2.java:bindListener(1191)) - Jetty bound to port 44386
2019-10-18 13:52:41,580 [main] INFO  server.Server (Server.java:doStart(351)) - jetty-9.3.25.v20180904, build timestamp: 2018-09-04T21:11:46Z, git hash: 3ce520221d0240229c862b122d2b06c12a625732
2019-10-18 13:52:41,582 [main] INFO  handler.ContextHandler (ContextHandler.java:doStart(781)) - Started o.e.j.s.ServletContextHandler@1118d539{/logs,file:///workdir/hadoop-ozone/integration-test/target/log,AVAILABLE}
2019-10-18 13:52:41,582 [main] INFO  handler.ContextHandler (ContextHandler.java:doStart(781)) - Started o.e.j.s.ServletContextHandler@76216830{/static,file:///workdir/hadoop-ozone/integration-test/target/test-classes/webapps/static,AVAILABLE}
2019-10-18 13:52:41,585 [main] INFO  handler.ContextHandler (ContextHandler.java:doStart(781)) - Started o.e.j.w.WebAppContext@6380e9e9{/,file:///workdir/hadoop-ozone/integration-test/target/test-classes/webapps/scm/,AVAILABLE}{/scm}
2019-10-18 13:52:41,585 [main] INFO  server.AbstractConnector (AbstractConnector.java:doStart(278)) - Started ServerConnector@350da119{HTTP/1.1,[http/1.1]}{0.0.0.0:44386}
2019-10-18 13:52:41,586 [main] INFO  server.Server (Server.java:doStart(419)) - Started @600735ms
2019-10-18 13:52:41,586 [main] WARN  impl.MetricsSystemImpl (MetricsSystemImpl.java:register(276)) - Sink prometheus already exists!
2019-10-18 13:52:41,587 [main] INFO  server.BaseHttpServer (BaseHttpServer.java:updateConnectorAddress(215)) - HTTP server of SCM is listening at http://0.0.0.0:44386
2019-10-18 13:52:41,588 [main] WARN  server.ServerUtils (ServerUtils.java:getDBPath(222)) - ozone.om.db.dirs is not configured. We recommend adding this setting. Falling back to ozone.metadata.dirs instead.
2019-10-18 13:52:41,588 [org.apache.hadoop.util.JvmPauseMonitor$Monitor@34c7232c] INFO  util.JvmPauseMonitor (JvmPauseMonitor.java:run(188)) - Starting JVM pause monitor
2019-10-18 13:52:41,612 [main] INFO  ha.OMHANodeDetails (OMHANodeDetails.java:loadOMHAConfig(190)) - Configuration either no ozone.om.address set. Falling back to the default OM address /127.0.0.1:0
2019-10-18 13:52:41,612 [main] INFO  ha.OMHANodeDetails (OMHANodeDetails.java:getOMNodeDetails(220)) - OM Service ID is not set. Setting it to the default ID: omServiceIdDefault
2019-10-18 13:52:41,612 [main] WARN  server.ServerUtils (ServerUtils.java:getDBPath(222)) - ozone.om.db.dirs is not configured. We recommend adding this setting. Falling back to ozone.metadata.dirs instead.
2019-10-18 13:52:41,613 [main] WARN  server.ServerUtils (ServerUtils.java:getDBPath(222)) - ozone.om.db.dirs is not configured. We recommend adding this setting. Falling back to ozone.metadata.dirs instead.
2019-10-18 13:52:41,620 [main] WARN  server.ServerUtils (ServerUtils.java:getDBPath(222)) - ozone.om.db.dirs is not configured. We recommend adding this setting. Falling back to ozone.metadata.dirs instead.
2019-10-18 13:52:41,620 [main] INFO  db.DBStoreBuilder (DBStoreBuilder.java:addTable(117)) - using custom profile for table: userTable
2019-10-18 13:52:41,620 [main] INFO  db.DBStoreBuilder (DBStoreBuilder.java:processTables(168)) - Using default column profile:DBProfile.DISK for Table:userTable
2019-10-18 13:52:41,621 [main] INFO  db.DBStoreBuilder (DBStoreBuilder.java:addTable(117)) - using custom profile for table: volumeTable
2019-10-18 13:52:41,621 [main] INFO  db.DBStoreBuilder (DBStoreBuilder.java:processTables(168)) - Using default column profile:DBProfile.DISK for Table:volumeTable
2019-10-18 13:52:41,621 [main] INFO  db.DBStoreBuilder (DBStoreBuilder.java:addTable(117)) - using custom profile for table: bucketTable
2019-10-18 13:52:41,621 [main] INFO  db.DBStoreBuilder (DBStoreBuilder.java:processTables(168)) - Using default column profile:DBProfile.DISK for Table:bucketTable
2019-10-18 13:52:41,621 [main] INFO  db.DBStoreBuilder (DBStoreBuilder.java:addTable(117)) - using custom profile for table: keyTable
2019-10-18 13:52:41,622 [main] INFO  db.DBStoreBuilder (DBStoreBuilder.java:processTables(168)) - Using default column profile:DBProfile.DISK for Table:keyTable
2019-10-18 13:52:41,622 [main] INFO  db.DBStoreBuilder (DBStoreBuilder.java:addTable(117)) - using custom profile for table: deletedTable
2019-10-18 13:52:41,622 [main] INFO  db.DBStoreBuilder (DBStoreBuilder.java:processTables(168)) - Using default column profile:DBProfile.DISK for Table:deletedTable
2019-10-18 13:52:41,622 [main] INFO  db.DBStoreBuilder (DBStoreBuilder.java:addTable(117)) - using custom profile for table: openKeyTable
2019-10-18 13:52:41,622 [main] INFO  db.DBStoreBuilder (DBStoreBuilder.java:processTables(168)) - Using default column profile:DBProfile.DISK for Table:openKeyTable
2019-10-18 13:52:41,622 [main] INFO  db.DBStoreBuilder (DBStoreBuilder.java:addTable(117)) - using custom profile for table: s3Table
2019-10-18 13:52:41,623 [main] INFO  db.DBStoreBuilder (DBStoreBuilder.java:processTables(168)) - Using default column profile:DBProfile.DISK for Table:s3Table
2019-10-18 13:52:41,623 [main] INFO  db.DBStoreBuilder (DBStoreBuilder.java:addTable(117)) - using custom profile for table: multipartInfoTable
2019-10-18 13:52:41,623 [main] INFO  db.DBStoreBuilder (DBStoreBuilder.java:processTables(168)) - Using default column profile:DBProfile.DISK for Table:multipartInfoTable
2019-10-18 13:52:41,623 [main] INFO  db.DBStoreBuilder (DBStoreBuilder.java:addTable(117)) - using custom profile for table: dTokenTable
2019-10-18 13:52:41,623 [main] INFO  db.DBStoreBuilder (DBStoreBuilder.java:processTables(168)) - Using default column profile:DBProfile.DISK for Table:dTokenTable
2019-10-18 13:52:41,624 [main] INFO  db.DBStoreBuilder (DBStoreBuilder.java:addTable(117)) - using custom profile for table: s3SecretTable
2019-10-18 13:52:41,624 [main] INFO  db.DBStoreBuilder (DBStoreBuilder.java:processTables(168)) - Using default column profile:DBProfile.DISK for Table:s3SecretTable
2019-10-18 13:52:41,624 [main] INFO  db.DBStoreBuilder (DBStoreBuilder.java:addTable(117)) - using custom profile for table: prefixTable
2019-10-18 13:52:41,624 [main] INFO  db.DBStoreBuilder (DBStoreBuilder.java:processTables(168)) - Using default column profile:DBProfile.DISK for Table:prefixTable
2019-10-18 13:52:41,624 [main] INFO  db.DBStoreBuilder (DBStoreBuilder.java:addTable(117)) - using custom profile for table: default
2019-10-18 13:52:41,624 [main] INFO  db.DBStoreBuilder (DBStoreBuilder.java:processTables(174)) - Using default column profile:DBProfile.DISK for Table:default
2019-10-18 13:52:41,625 [main] INFO  db.DBStoreBuilder (DBStoreBuilder.java:getDbProfile(205)) - Using default options. DBProfile.DISK
2019-10-18 13:52:42,830 [main] INFO  ipc.CallQueueManager (CallQueueManager.java:<init>(84)) - Using callQueue: class java.util.concurrent.LinkedBlockingQueue, queueCapacity: 2000, scheduler: class org.apache.hadoop.ipc.DefaultRpcScheduler, ipcBackoff: false.
2019-10-18 13:52:42,833 [Socket Reader #1 for port 34412] INFO  ipc.Server (Server.java:run(1074)) - Starting Socket Reader #1 for port 34412
2019-10-18 13:52:42,857 [main] INFO  om.OzoneManager (OzoneManager.java:start(1071)) - OzoneManager RPC server is listening at localhost/127.0.0.1:34412
2019-10-18 13:52:42,857 [main] INFO  impl.MetricsSystemImpl (MetricsSystemImpl.java:init(158)) - OzoneManager metrics system started (again)
2019-10-18 13:52:42,860 [IPC Server Responder] INFO  ipc.Server (Server.java:run(1314)) - IPC Server Responder: starting
2019-10-18 13:52:42,860 [IPC Server listener on 34412] INFO  ipc.Server (Server.java:run(1153)) - IPC Server listener on 34412: starting
2019-10-18 13:52:42,867 [main] INFO  hdfs.DFSUtil (DFSUtil.java:httpServerTemplateForNNAndJN(1641)) - Starting Web-server for ozoneManager at: http://0.0.0.0:0
2019-10-18 13:52:42,869 [main] INFO  server.AuthenticationFilter (AuthenticationFilter.java:constructSecretProvider(240)) - Unable to initialize FileSignerSecretProvider, falling back to use random secrets.
2019-10-18 13:52:42,870 [main] WARN  http.HttpRequestLog (HttpRequestLog.java:getRequestLog(97)) - Jetty request log can only be enabled using Log4j
2019-10-18 13:52:42,873 [main] INFO  http.HttpServer2 (HttpServer2.java:addGlobalFilter(975)) - Added global filter 'safety' (class=org.apache.hadoop.http.HttpServer2$QuotingInputFilter)
2019-10-18 13:52:42,873 [main] INFO  http.HttpServer2 (HttpServer2.java:addFilter(948)) - Added filter static_user_filter (class=org.apache.hadoop.http.lib.StaticUserWebFilter$StaticUserFilter) to context ozoneManager
2019-10-18 13:52:42,873 [main] INFO  http.HttpServer2 (HttpServer2.java:addFilter(958)) - Added filter static_user_filter (class=org.apache.hadoop.http.lib.StaticUserWebFilter$StaticUserFilter) to context logs
2019-10-18 13:52:42,874 [main] INFO  http.HttpServer2 (HttpServer2.java:addFilter(958)) - Added filter static_user_filter (class=org.apache.hadoop.http.lib.StaticUserWebFilter$StaticUserFilter) to context static
2019-10-18 13:52:42,875 [main] INFO  http.HttpServer2 (HttpServer2.java:bindListener(1191)) - Jetty bound to port 44934
2019-10-18 13:52:42,875 [main] INFO  server.Server (Server.java:doStart(351)) - jetty-9.3.25.v20180904, build timestamp: 2018-09-04T21:11:46Z, git hash: 3ce520221d0240229c862b122d2b06c12a625732
2019-10-18 13:52:42,878 [main] INFO  handler.ContextHandler (ContextHandler.java:doStart(781)) - Started o.e.j.s.ServletContextHandler@10b8b900{/logs,file:///workdir/hadoop-ozone/integration-test/target/log,AVAILABLE}
2019-10-18 13:52:42,878 [main] INFO  handler.ContextHandler (ContextHandler.java:doStart(781)) - Started o.e.j.s.ServletContextHandler@2801827a{/static,file:///workdir/hadoop-ozone/integration-test/target/test-classes/webapps/static,AVAILABLE}
2019-10-18 13:52:42,884 [main] INFO  handler.ContextHandler (ContextHandler.java:doStart(781)) - Started o.e.j.w.WebAppContext@6b1321b7{/,file:///workdir/hadoop-ozone/integration-test/target/test-classes/webapps/ozoneManager/,AVAILABLE}{/ozoneManager}
2019-10-18 13:52:42,885 [main] INFO  server.AbstractConnector (AbstractConnector.java:doStart(278)) - Started ServerConnector@342ee097{HTTP/1.1,[http/1.1]}{0.0.0.0:44934}
2019-10-18 13:52:42,886 [main] INFO  server.Server (Server.java:doStart(419)) - Started @602036ms
2019-10-18 13:52:42,886 [main] WARN  impl.MetricsSystemImpl (MetricsSystemImpl.java:register(276)) - Sink prometheus already exists!
2019-10-18 13:52:42,887 [main] INFO  server.BaseHttpServer (BaseHttpServer.java:updateConnectorAddress(215)) - HTTP server of OZONEMANAGER is listening at http://0.0.0.0:44934
2019-10-18 13:52:42,906 [main] INFO  impl.MetricsSystemImpl (MetricsSystemImpl.java:init(158)) - HddsDatanode metrics system started (again)
2019-10-18 13:52:42,912 [main] INFO  ozone.HddsDatanodeService (HddsDatanodeService.java:start(184)) - HddsDatanodeService host:pr-hdds-2280-982rn-3954796538 ip:192.168.34.61
2019-10-18 13:52:42,921 [main] INFO  volume.HddsVolume (HddsVolume.java:<init>(176)) - Creating Volume: /workdir/hadoop-ozone/integration-test/target/test-dir/MiniOzoneClusterImpl-6e28672b-ea3d-42bc-af55-882c331ed2d2/datanode-0/data/containers/hdds of  storage type : DISK and capacity : 1482555576320
2019-10-18 13:52:42,921 [main] INFO  volume.VolumeSet (VolumeSet.java:initializeVolumeSet(170)) - Added Volume : /workdir/hadoop-ozone/integration-test/target/test-dir/MiniOzoneClusterImpl-6e28672b-ea3d-42bc-af55-882c331ed2d2/datanode-0/data/containers/hdds to VolumeSet
2019-10-18 13:52:42,921 [main] INFO  volume.ThrottledAsyncChecker (ThrottledAsyncChecker.java:schedule(141)) - Scheduling a check for org.apache.hadoop.ozone.container.common.volume.HddsVolume@2b43f314
2019-10-18 13:52:42,922 [main] INFO  volume.HddsVolumeChecker (HddsVolumeChecker.java:checkAllVolumes(204)) - Scheduled health check for volume org.apache.hadoop.ozone.container.common.volume.HddsVolume@2b43f314
2019-10-18 13:52:42,944 [main] INFO  impl.RaftServerProxy (ConfUtils.java:logGet(43)) - raft.rpc.type = GRPC (default)
2019-10-18 13:52:42,944 [main] INFO  grpc.GrpcFactory (GrpcFactory.java:checkPooledByteBufAllocatorUseCacheForAllThreads(45)) - PERFORMANCE WARNING: useCacheForAllThreads is true that may cause Netty to create a lot garbage objects and, as a result, trigger GC.
	It is recommended to disable useCacheForAllThreads by setting -Dorg.apache.ratis.thirdparty.io.netty.allocator.useCacheForAllThreads=false in command line.
2019-10-18 13:52:42,944 [main] INFO  grpc.GrpcConfigKeys$Server (ConfUtils.java:logGet(43)) - raft.grpc.server.port = 0 (default)
2019-10-18 13:52:42,945 [main] INFO  server.GrpcService (ConfUtils.java:logGet(43)) - raft.grpc.message.size.max = 33570816 (custom)
2019-10-18 13:52:42,945 [main] INFO  server.RaftServerConfigKeys (ConfUtils.java:logGet(43)) - raft.server.log.appender.buffer.byte-limit = 33554432 (custom)
2019-10-18 13:52:42,945 [main] INFO  server.GrpcService (ConfUtils.java:logGet(43)) - raft.grpc.flow.control.window = 1MB (=1048576) (default)
2019-10-18 13:52:42,945 [main] INFO  server.RaftServerConfigKeys (ConfUtils.java:logGet(43)) - raft.server.rpc.request.timeout = 3000ms (default)
2019-10-18 13:52:42,946 [main] INFO  server.RaftServerConfigKeys (ConfUtils.java:logGet(43)) - raft.server.storage.dir = [/workdir/hadoop-ozone/integration-test/target/test-dir/MiniOzoneClusterImpl-6e28672b-ea3d-42bc-af55-882c331ed2d2/datanode-0/data/ratis] (custom)
2019-10-18 13:52:42,948 [main] INFO  hdfs.DFSUtil (DFSUtil.java:httpServerTemplateForNNAndJN(1641)) - Starting Web-server for hddsDatanode at: http://0.0.0.0:0
2019-10-18 13:52:42,951 [main] INFO  server.AuthenticationFilter (AuthenticationFilter.java:constructSecretProvider(240)) - Unable to initialize FileSignerSecretProvider, falling back to use random secrets.
2019-10-18 13:52:42,951 [main] WARN  http.HttpRequestLog (HttpRequestLog.java:getRequestLog(97)) - Jetty request log can only be enabled using Log4j
2019-10-18 13:52:42,953 [main] INFO  http.HttpServer2 (HttpServer2.java:addGlobalFilter(975)) - Added global filter 'safety' (class=org.apache.hadoop.http.HttpServer2$QuotingInputFilter)
2019-10-18 13:52:42,954 [main] INFO  http.HttpServer2 (HttpServer2.java:addFilter(948)) - Added filter static_user_filter (class=org.apache.hadoop.http.lib.StaticUserWebFilter$StaticUserFilter) to context hddsDatanode
2019-10-18 13:52:42,954 [main] INFO  http.HttpServer2 (HttpServer2.java:addFilter(958)) - Added filter static_user_filter (class=org.apache.hadoop.http.lib.StaticUserWebFilter$StaticUserFilter) to context logs
2019-10-18 13:52:42,954 [main] INFO  http.HttpServer2 (HttpServer2.java:addFilter(958)) - Added filter static_user_filter (class=org.apache.hadoop.http.lib.StaticUserWebFilter$StaticUserFilter) to context static
2019-10-18 13:52:42,955 [main] INFO  http.HttpServer2 (HttpServer2.java:bindListener(1191)) - Jetty bound to port 43302
2019-10-18 13:52:42,955 [main] INFO  server.Server (Server.java:doStart(351)) - jetty-9.3.25.v20180904, build timestamp: 2018-09-04T21:11:46Z, git hash: 3ce520221d0240229c862b122d2b06c12a625732
2019-10-18 13:52:42,957 [main] INFO  handler.ContextHandler (ContextHandler.java:doStart(781)) - Started o.e.j.s.ServletContextHandler@28b8f98a{/logs,file:///workdir/hadoop-ozone/integration-test/target/log,AVAILABLE}
2019-10-18 13:52:42,957 [main] INFO  handler.ContextHandler (ContextHandler.java:doStart(781)) - Started o.e.j.s.ServletContextHandler@22cb3d59{/static,jar:file:/home/user/.m2/repository/org/apache/hadoop/hadoop-hdds-container-service/0.5.0-SNAPSHOT/hadoop-hdds-container-service-0.5.0-SNAPSHOT.jar!/webapps/static,AVAILABLE}
2019-10-18 13:52:42,993 [main] INFO  handler.ContextHandler (ContextHandler.java:doStart(781)) - Started o.e.j.w.WebAppContext@76563ae7{/,file:///tmp/jetty-0.0.0.0-43302-hddsDatanode-_-any-5979632149244108455.dir/webapp/,AVAILABLE}{/hddsDatanode}
2019-10-18 13:52:42,993 [main] INFO  server.AbstractConnector (AbstractConnector.java:doStart(278)) - Started ServerConnector@4fd74223{HTTP/1.1,[http/1.1]}{0.0.0.0:43302}
2019-10-18 13:52:42,995 [main] INFO  server.Server (Server.java:doStart(419)) - Started @602145ms
2019-10-18 13:52:42,995 [main] WARN  impl.MetricsSystemImpl (MetricsSystemImpl.java:register(276)) - Sink prometheus already exists!
2019-10-18 13:52:42,996 [main] INFO  server.BaseHttpServer (BaseHttpServer.java:updateConnectorAddress(215)) - HTTP server of HDDSDATANODE is listening at http://0.0.0.0:43302
2019-10-18 13:52:42,996 [main] INFO  impl.MetricsSystemImpl (MetricsSystemImpl.java:init(158)) - HddsDatanode metrics system started (again)
2019-10-18 13:52:43,001 [org.apache.hadoop.util.JvmPauseMonitor$Monitor@6b591c95] INFO  util.JvmPauseMonitor (JvmPauseMonitor.java:run(188)) - Starting JVM pause monitor
2019-10-18 13:52:43,001 [main] INFO  ozone.HddsDatanodeService (HddsDatanodeService.java:start(184)) - HddsDatanodeService host:pr-hdds-2280-982rn-3954796538 ip:192.168.34.61
2019-10-18 13:52:43,003 [Datanode State Machine Thread - 0] INFO  datanode.InitDatanodeState (InitDatanodeState.java:persistContainerDatanodeDetails(140)) - DatanodeDetails is persisted to /workdir/hadoop-ozone/integration-test/target/test-dir/MiniOzoneClusterImpl-6e28672b-ea3d-42bc-af55-882c331ed2d2/datanode-0/meta/datanode.id
2019-10-18 13:52:43,008 [main] INFO  volume.HddsVolume (HddsVolume.java:<init>(176)) - Creating Volume: /workdir/hadoop-ozone/integration-test/target/test-dir/MiniOzoneClusterImpl-6e28672b-ea3d-42bc-af55-882c331ed2d2/datanode-1/data/containers/hdds of  storage type : DISK and capacity : 1482555576320
2019-10-18 13:52:43,008 [main] INFO  volume.VolumeSet (VolumeSet.java:initializeVolumeSet(170)) - Added Volume : /workdir/hadoop-ozone/integration-test/target/test-dir/MiniOzoneClusterImpl-6e28672b-ea3d-42bc-af55-882c331ed2d2/datanode-1/data/containers/hdds to VolumeSet
2019-10-18 13:52:43,008 [main] INFO  volume.ThrottledAsyncChecker (ThrottledAsyncChecker.java:schedule(141)) - Scheduling a check for org.apache.hadoop.ozone.container.common.volume.HddsVolume@682e422c
2019-10-18 13:52:43,009 [main] INFO  volume.HddsVolumeChecker (HddsVolumeChecker.java:checkAllVolumes(204)) - Scheduled health check for volume org.apache.hadoop.ozone.container.common.volume.HddsVolume@682e422c
2019-10-18 13:52:43,022 [main] INFO  impl.RaftServerProxy (ConfUtils.java:logGet(43)) - raft.rpc.type = GRPC (default)
2019-10-18 13:52:43,022 [main] INFO  grpc.GrpcFactory (GrpcFactory.java:checkPooledByteBufAllocatorUseCacheForAllThreads(45)) - PERFORMANCE WARNING: useCacheForAllThreads is true that may cause Netty to create a lot garbage objects and, as a result, trigger GC.
	It is recommended to disable useCacheForAllThreads by setting -Dorg.apache.ratis.thirdparty.io.netty.allocator.useCacheForAllThreads=false in command line.
2019-10-18 13:52:43,023 [main] INFO  grpc.GrpcConfigKeys$Server (ConfUtils.java:logGet(43)) - raft.grpc.server.port = 0 (default)
2019-10-18 13:52:43,023 [main] INFO  server.GrpcService (ConfUtils.java:logGet(43)) - raft.grpc.message.size.max = 33570816 (custom)
2019-10-18 13:52:43,023 [main] INFO  server.RaftServerConfigKeys (ConfUtils.java:logGet(43)) - raft.server.log.appender.buffer.byte-limit = 33554432 (custom)
2019-10-18 13:52:43,023 [main] INFO  server.GrpcService (ConfUtils.java:logGet(43)) - raft.grpc.flow.control.window = 1MB (=1048576) (default)
2019-10-18 13:52:43,023 [main] INFO  server.RaftServerConfigKeys (ConfUtils.java:logGet(43)) - raft.server.rpc.request.timeout = 3000ms (default)
2019-10-18 13:52:43,024 [main] INFO  server.RaftServerConfigKeys (ConfUtils.java:logGet(43)) - raft.server.storage.dir = [/workdir/hadoop-ozone/integration-test/target/test-dir/MiniOzoneClusterImpl-6e28672b-ea3d-42bc-af55-882c331ed2d2/datanode-1/data/ratis] (custom)
2019-10-18 13:52:43,025 [main] INFO  hdfs.DFSUtil (DFSUtil.java:httpServerTemplateForNNAndJN(1641)) - Starting Web-server for hddsDatanode at: http://0.0.0.0:0
2019-10-18 13:52:43,026 [main] INFO  server.AuthenticationFilter (AuthenticationFilter.java:constructSecretProvider(240)) - Unable to initialize FileSignerSecretProvider, falling back to use random secrets.
2019-10-18 13:52:43,027 [main] WARN  http.HttpRequestLog (HttpRequestLog.java:getRequestLog(97)) - Jetty request log can only be enabled using Log4j
2019-10-18 13:52:43,028 [main] INFO  http.HttpServer2 (HttpServer2.java:addGlobalFilter(975)) - Added global filter 'safety' (class=org.apache.hadoop.http.HttpServer2$QuotingInputFilter)
2019-10-18 13:52:43,028 [main] INFO  http.HttpServer2 (HttpServer2.java:addFilter(948)) - Added filter static_user_filter (class=org.apache.hadoop.http.lib.StaticUserWebFilter$StaticUserFilter) to context hddsDatanode
2019-10-18 13:52:43,028 [main] INFO  http.HttpServer2 (HttpServer2.java:addFilter(958)) - Added filter static_user_filter (class=org.apache.hadoop.http.lib.StaticUserWebFilter$StaticUserFilter) to context static
2019-10-18 13:52:43,029 [main] INFO  http.HttpServer2 (HttpServer2.java:addFilter(958)) - Added filter static_user_filter (class=org.apache.hadoop.http.lib.StaticUserWebFilter$StaticUserFilter) to context logs
2019-10-18 13:52:43,029 [main] INFO  http.HttpServer2 (HttpServer2.java:bindListener(1191)) - Jetty bound to port 34029
2019-10-18 13:52:43,029 [main] INFO  server.Server (Server.java:doStart(351)) - jetty-9.3.25.v20180904, build timestamp: 2018-09-04T21:11:46Z, git hash: 3ce520221d0240229c862b122d2b06c12a625732
2019-10-18 13:52:43,031 [main] INFO  handler.ContextHandler (ContextHandler.java:doStart(781)) - Started o.e.j.s.ServletContextHandler@3dec3f87{/logs,file:///workdir/hadoop-ozone/integration-test/target/log,AVAILABLE}
2019-10-18 13:52:43,031 [main] INFO  handler.ContextHandler (ContextHandler.java:doStart(781)) - Started o.e.j.s.ServletContextHandler@5dbab232{/static,jar:file:/home/user/.m2/repository/org/apache/hadoop/hadoop-hdds-container-service/0.5.0-SNAPSHOT/hadoop-hdds-container-service-0.5.0-SNAPSHOT.jar!/webapps/static,AVAILABLE}
2019-10-18 13:52:43,060 [main] INFO  handler.ContextHandler (ContextHandler.java:doStart(781)) - Started o.e.j.w.WebAppContext@681e913c{/,file:///tmp/jetty-0.0.0.0-34029-hddsDatanode-_-any-2654371912224793726.dir/webapp/,AVAILABLE}{/hddsDatanode}
2019-10-18 13:52:43,060 [main] INFO  server.AbstractConnector (AbstractConnector.java:doStart(278)) - Started ServerConnector@29d070c7{HTTP/1.1,[http/1.1]}{0.0.0.0:34029}
2019-10-18 13:52:43,061 [main] INFO  server.Server (Server.java:doStart(419)) - Started @602211ms
2019-10-18 13:52:43,062 [main] WARN  impl.MetricsSystemImpl (MetricsSystemImpl.java:register(276)) - Sink prometheus already exists!
2019-10-18 13:52:43,063 [main] INFO  server.BaseHttpServer (BaseHttpServer.java:updateConnectorAddress(215)) - HTTP server of HDDSDATANODE is listening at http://0.0.0.0:34029
2019-10-18 13:52:43,063 [main] INFO  impl.MetricsSystemImpl (MetricsSystemImpl.java:init(158)) - HddsDatanode metrics system started (again)
2019-10-18 13:52:43,067 [org.apache.hadoop.util.JvmPauseMonitor$Monitor@684ce8c4] INFO  util.JvmPauseMonitor (JvmPauseMonitor.java:run(188)) - Starting JVM pause monitor
2019-10-18 13:52:43,067 [main] INFO  ozone.HddsDatanodeService (HddsDatanodeService.java:start(184)) - HddsDatanodeService host:pr-hdds-2280-982rn-3954796538 ip:192.168.34.61
2019-10-18 13:52:43,068 [Datanode State Machine Thread - 0] INFO  datanode.InitDatanodeState (InitDatanodeState.java:persistContainerDatanodeDetails(140)) - DatanodeDetails is persisted to /workdir/hadoop-ozone/integration-test/target/test-dir/MiniOzoneClusterImpl-6e28672b-ea3d-42bc-af55-882c331ed2d2/datanode-1/meta/datanode.id
2019-10-18 13:52:43,075 [main] INFO  volume.HddsVolume (HddsVolume.java:<init>(176)) - Creating Volume: /workdir/hadoop-ozone/integration-test/target/test-dir/MiniOzoneClusterImpl-6e28672b-ea3d-42bc-af55-882c331ed2d2/datanode-2/data/containers/hdds of  storage type : DISK and capacity : 1482555576320
2019-10-18 13:52:43,075 [main] INFO  volume.VolumeSet (VolumeSet.java:initializeVolumeSet(170)) - Added Volume : /workdir/hadoop-ozone/integration-test/target/test-dir/MiniOzoneClusterImpl-6e28672b-ea3d-42bc-af55-882c331ed2d2/datanode-2/data/containers/hdds to VolumeSet
2019-10-18 13:52:43,075 [main] INFO  volume.ThrottledAsyncChecker (ThrottledAsyncChecker.java:schedule(141)) - Scheduling a check for org.apache.hadoop.ozone.container.common.volume.HddsVolume@6c4ce583
2019-10-18 13:52:43,075 [main] INFO  volume.HddsVolumeChecker (HddsVolumeChecker.java:checkAllVolumes(204)) - Scheduled health check for volume org.apache.hadoop.ozone.container.common.volume.HddsVolume@6c4ce583
2019-10-18 13:52:43,088 [main] INFO  impl.RaftServerProxy (ConfUtils.java:logGet(43)) - raft.rpc.type = GRPC (default)
2019-10-18 13:52:43,088 [main] INFO  grpc.GrpcFactory (GrpcFactory.java:checkPooledByteBufAllocatorUseCacheForAllThreads(45)) - PERFORMANCE WARNING: useCacheForAllThreads is true that may cause Netty to create a lot garbage objects and, as a result, trigger GC.
	It is recommended to disable useCacheForAllThreads by setting -Dorg.apache.ratis.thirdparty.io.netty.allocator.useCacheForAllThreads=false in command line.
2019-10-18 13:52:43,088 [main] INFO  grpc.GrpcConfigKeys$Server (ConfUtils.java:logGet(43)) - raft.grpc.server.port = 0 (default)
2019-10-18 13:52:43,088 [main] INFO  server.GrpcService (ConfUtils.java:logGet(43)) - raft.grpc.message.size.max = 33570816 (custom)
2019-10-18 13:52:43,089 [main] INFO  server.RaftServerConfigKeys (ConfUtils.java:logGet(43)) - raft.server.log.appender.buffer.byte-limit = 33554432 (custom)
2019-10-18 13:52:43,089 [main] INFO  server.GrpcService (ConfUtils.java:logGet(43)) - raft.grpc.flow.control.window = 1MB (=1048576) (default)
2019-10-18 13:52:43,089 [main] INFO  server.RaftServerConfigKeys (ConfUtils.java:logGet(43)) - raft.server.rpc.request.timeout = 3000ms (default)
2019-10-18 13:52:43,089 [main] INFO  server.RaftServerConfigKeys (ConfUtils.java:logGet(43)) - raft.server.storage.dir = [/workdir/hadoop-ozone/integration-test/target/test-dir/MiniOzoneClusterImpl-6e28672b-ea3d-42bc-af55-882c331ed2d2/datanode-2/data/ratis] (custom)
2019-10-18 13:52:43,091 [main] INFO  hdfs.DFSUtil (DFSUtil.java:httpServerTemplateForNNAndJN(1641)) - Starting Web-server for hddsDatanode at: http://0.0.0.0:0
2019-10-18 13:52:43,092 [main] INFO  server.AuthenticationFilter (AuthenticationFilter.java:constructSecretProvider(240)) - Unable to initialize FileSignerSecretProvider, falling back to use random secrets.
2019-10-18 13:52:43,092 [main] WARN  http.HttpRequestLog (HttpRequestLog.java:getRequestLog(97)) - Jetty request log can only be enabled using Log4j
2019-10-18 13:52:43,093 [main] INFO  http.HttpServer2 (HttpServer2.java:addGlobalFilter(975)) - Added global filter 'safety' (class=org.apache.hadoop.http.HttpServer2$QuotingInputFilter)
2019-10-18 13:52:43,094 [main] INFO  http.HttpServer2 (HttpServer2.java:addFilter(948)) - Added filter static_user_filter (class=org.apache.hadoop.http.lib.StaticUserWebFilter$StaticUserFilter) to context hddsDatanode
2019-10-18 13:52:43,094 [main] INFO  http.HttpServer2 (HttpServer2.java:addFilter(958)) - Added filter static_user_filter (class=org.apache.hadoop.http.lib.StaticUserWebFilter$StaticUserFilter) to context logs
2019-10-18 13:52:43,094 [main] INFO  http.HttpServer2 (HttpServer2.java:addFilter(958)) - Added filter static_user_filter (class=org.apache.hadoop.http.lib.StaticUserWebFilter$StaticUserFilter) to context static
2019-10-18 13:52:43,095 [main] INFO  http.HttpServer2 (HttpServer2.java:bindListener(1191)) - Jetty bound to port 35639
2019-10-18 13:52:43,095 [main] INFO  server.Server (Server.java:doStart(351)) - jetty-9.3.25.v20180904, build timestamp: 2018-09-04T21:11:46Z, git hash: 3ce520221d0240229c862b122d2b06c12a625732
2019-10-18 13:52:43,096 [main] INFO  handler.ContextHandler (ContextHandler.java:doStart(781)) - Started o.e.j.s.ServletContextHandler@3a788fe0{/logs,file:///workdir/hadoop-ozone/integration-test/target/log,AVAILABLE}
2019-10-18 13:52:43,097 [main] INFO  handler.ContextHandler (ContextHandler.java:doStart(781)) - Started o.e.j.s.ServletContextHandler@1373e3ee{/static,jar:file:/home/user/.m2/repository/org/apache/hadoop/hadoop-hdds-container-service/0.5.0-SNAPSHOT/hadoop-hdds-container-service-0.5.0-SNAPSHOT.jar!/webapps/static,AVAILABLE}
2019-10-18 13:52:43,124 [main] INFO  handler.ContextHandler (ContextHandler.java:doStart(781)) - Started o.e.j.w.WebAppContext@51e8d066{/,file:///tmp/jetty-0.0.0.0-35639-hddsDatanode-_-any-4990183103001903014.dir/webapp/,AVAILABLE}{/hddsDatanode}
2019-10-18 13:52:43,125 [main] INFO  server.AbstractConnector (AbstractConnector.java:doStart(278)) - Started ServerConnector@5333f08f{HTTP/1.1,[http/1.1]}{0.0.0.0:35639}
2019-10-18 13:52:43,126 [main] INFO  server.Server (Server.java:doStart(419)) - Started @602276ms
2019-10-18 13:52:43,127 [main] WARN  impl.MetricsSystemImpl (MetricsSystemImpl.java:register(276)) - Sink prometheus already exists!
2019-10-18 13:52:43,128 [main] INFO  server.BaseHttpServer (BaseHttpServer.java:updateConnectorAddress(215)) - HTTP server of HDDSDATANODE is listening at http://0.0.0.0:35639
2019-10-18 13:52:43,128 [main] INFO  impl.MetricsSystemImpl (MetricsSystemImpl.java:init(158)) - HddsDatanode metrics system started (again)
2019-10-18 13:52:43,133 [org.apache.hadoop.util.JvmPauseMonitor$Monitor@38e17c16] INFO  util.JvmPauseMonitor (JvmPauseMonitor.java:run(188)) - Starting JVM pause monitor
2019-10-18 13:52:43,133 [main] INFO  ozone.HddsDatanodeService (HddsDatanodeService.java:start(184)) - HddsDatanodeService host:pr-hdds-2280-982rn-3954796538 ip:192.168.34.61
2019-10-18 13:52:43,134 [Datanode State Machine Thread - 0] INFO  datanode.InitDatanodeState (InitDatanodeState.java:persistContainerDatanodeDetails(140)) - DatanodeDetails is persisted to /workdir/hadoop-ozone/integration-test/target/test-dir/MiniOzoneClusterImpl-6e28672b-ea3d-42bc-af55-882c331ed2d2/datanode-2/meta/datanode.id
2019-10-18 13:52:43,141 [main] INFO  volume.HddsVolume (HddsVolume.java:<init>(176)) - Creating Volume: /workdir/hadoop-ozone/integration-test/target/test-dir/MiniOzoneClusterImpl-6e28672b-ea3d-42bc-af55-882c331ed2d2/datanode-3/data/containers/hdds of  storage type : DISK and capacity : 1482555576320
2019-10-18 13:52:43,141 [main] INFO  volume.VolumeSet (VolumeSet.java:initializeVolumeSet(170)) - Added Volume : /workdir/hadoop-ozone/integration-test/target/test-dir/MiniOzoneClusterImpl-6e28672b-ea3d-42bc-af55-882c331ed2d2/datanode-3/data/containers/hdds to VolumeSet
2019-10-18 13:52:43,142 [main] INFO  volume.ThrottledAsyncChecker (ThrottledAsyncChecker.java:schedule(141)) - Scheduling a check for org.apache.hadoop.ozone.container.common.volume.HddsVolume@57cabdc3
2019-10-18 13:52:43,142 [main] INFO  volume.HddsVolumeChecker (HddsVolumeChecker.java:checkAllVolumes(204)) - Scheduled health check for volume org.apache.hadoop.ozone.container.common.volume.HddsVolume@57cabdc3
2019-10-18 13:52:43,156 [main] INFO  impl.RaftServerProxy (ConfUtils.java:logGet(43)) - raft.rpc.type = GRPC (default)
2019-10-18 13:52:43,156 [main] INFO  grpc.GrpcFactory (GrpcFactory.java:checkPooledByteBufAllocatorUseCacheForAllThreads(45)) - PERFORMANCE WARNING: useCacheForAllThreads is true that may cause Netty to create a lot garbage objects and, as a result, trigger GC.
	It is recommended to disable useCacheForAllThreads by setting -Dorg.apache.ratis.thirdparty.io.netty.allocator.useCacheForAllThreads=false in command line.
2019-10-18 13:52:43,156 [main] INFO  grpc.GrpcConfigKeys$Server (ConfUtils.java:logGet(43)) - raft.grpc.server.port = 0 (default)
2019-10-18 13:52:43,157 [main] INFO  server.GrpcService (ConfUtils.java:logGet(43)) - raft.grpc.message.size.max = 33570816 (custom)
2019-10-18 13:52:43,157 [main] INFO  server.RaftServerConfigKeys (ConfUtils.java:logGet(43)) - raft.server.log.appender.buffer.byte-limit = 33554432 (custom)
2019-10-18 13:52:43,157 [main] INFO  server.GrpcService (ConfUtils.java:logGet(43)) - raft.grpc.flow.control.window = 1MB (=1048576) (default)
2019-10-18 13:52:43,157 [main] INFO  server.RaftServerConfigKeys (ConfUtils.java:logGet(43)) - raft.server.rpc.request.timeout = 3000ms (default)
2019-10-18 13:52:43,157 [main] INFO  server.RaftServerConfigKeys (ConfUtils.java:logGet(43)) - raft.server.storage.dir = [/workdir/hadoop-ozone/integration-test/target/test-dir/MiniOzoneClusterImpl-6e28672b-ea3d-42bc-af55-882c331ed2d2/datanode-3/data/ratis] (custom)
2019-10-18 13:52:43,159 [main] INFO  hdfs.DFSUtil (DFSUtil.java:httpServerTemplateForNNAndJN(1641)) - Starting Web-server for hddsDatanode at: http://0.0.0.0:0
2019-10-18 13:52:43,160 [main] INFO  server.AuthenticationFilter (AuthenticationFilter.java:constructSecretProvider(240)) - Unable to initialize FileSignerSecretProvider, falling back to use random secrets.
2019-10-18 13:52:43,160 [main] WARN  http.HttpRequestLog (HttpRequestLog.java:getRequestLog(97)) - Jetty request log can only be enabled using Log4j
2019-10-18 13:52:43,161 [main] INFO  http.HttpServer2 (HttpServer2.java:addGlobalFilter(975)) - Added global filter 'safety' (class=org.apache.hadoop.http.HttpServer2$QuotingInputFilter)
2019-10-18 13:52:43,162 [main] INFO  http.HttpServer2 (HttpServer2.java:addFilter(948)) - Added filter static_user_filter (class=org.apache.hadoop.http.lib.StaticUserWebFilter$StaticUserFilter) to context hddsDatanode
2019-10-18 13:52:43,162 [main] INFO  http.HttpServer2 (HttpServer2.java:addFilter(958)) - Added filter static_user_filter (class=org.apache.hadoop.http.lib.StaticUserWebFilter$StaticUserFilter) to context logs
2019-10-18 13:52:43,162 [main] INFO  http.HttpServer2 (HttpServer2.java:addFilter(958)) - Added filter static_user_filter (class=org.apache.hadoop.http.lib.StaticUserWebFilter$StaticUserFilter) to context static
2019-10-18 13:52:43,163 [main] INFO  http.HttpServer2 (HttpServer2.java:bindListener(1191)) - Jetty bound to port 34661
2019-10-18 13:52:43,163 [main] INFO  server.Server (Server.java:doStart(351)) - jetty-9.3.25.v20180904, build timestamp: 2018-09-04T21:11:46Z, git hash: 3ce520221d0240229c862b122d2b06c12a625732
2019-10-18 13:52:43,164 [main] INFO  handler.ContextHandler (ContextHandler.java:doStart(781)) - Started o.e.j.s.ServletContextHandler@37d3e140{/logs,file:///workdir/hadoop-ozone/integration-test/target/log,AVAILABLE}
2019-10-18 13:52:43,165 [main] INFO  handler.ContextHandler (ContextHandler.java:doStart(781)) - Started o.e.j.s.ServletContextHandler@33eb0d4{/static,jar:file:/home/user/.m2/repository/org/apache/hadoop/hadoop-hdds-container-service/0.5.0-SNAPSHOT/hadoop-hdds-container-service-0.5.0-SNAPSHOT.jar!/webapps/static,AVAILABLE}
2019-10-18 13:52:43,193 [main] INFO  handler.ContextHandler (ContextHandler.java:doStart(781)) - Started o.e.j.w.WebAppContext@2d206a71{/,file:///tmp/jetty-0.0.0.0-34661-hddsDatanode-_-any-6258082245593175167.dir/webapp/,AVAILABLE}{/hddsDatanode}
2019-10-18 13:52:43,193 [main] INFO  server.AbstractConnector (AbstractConnector.java:doStart(278)) - Started ServerConnector@37e7c4cc{HTTP/1.1,[http/1.1]}{0.0.0.0:34661}
2019-10-18 13:52:43,195 [main] INFO  server.Server (Server.java:doStart(419)) - Started @602344ms
2019-10-18 13:52:43,195 [main] WARN  impl.MetricsSystemImpl (MetricsSystemImpl.java:register(276)) - Sink prometheus already exists!
2019-10-18 13:52:43,196 [main] INFO  server.BaseHttpServer (BaseHttpServer.java:updateConnectorAddress(215)) - HTTP server of HDDSDATANODE is listening at http://0.0.0.0:34661
2019-10-18 13:52:43,196 [main] INFO  impl.MetricsSystemImpl (MetricsSystemImpl.java:init(158)) - HddsDatanode metrics system started (again)
2019-10-18 13:52:43,205 [org.apache.hadoop.util.JvmPauseMonitor$Monitor@c097d0d] INFO  util.JvmPauseMonitor (JvmPauseMonitor.java:run(188)) - Starting JVM pause monitor
2019-10-18 13:52:43,205 [main] INFO  ozone.HddsDatanodeService (HddsDatanodeService.java:start(184)) - HddsDatanodeService host:pr-hdds-2280-982rn-3954796538 ip:192.168.34.61
2019-10-18 13:52:43,206 [Datanode State Machine Thread - 0] INFO  datanode.InitDatanodeState (InitDatanodeState.java:persistContainerDatanodeDetails(140)) - DatanodeDetails is persisted to /workdir/hadoop-ozone/integration-test/target/test-dir/MiniOzoneClusterImpl-6e28672b-ea3d-42bc-af55-882c331ed2d2/datanode-3/meta/datanode.id
2019-10-18 13:52:43,212 [main] INFO  volume.HddsVolume (HddsVolume.java:<init>(176)) - Creating Volume: /workdir/hadoop-ozone/integration-test/target/test-dir/MiniOzoneClusterImpl-6e28672b-ea3d-42bc-af55-882c331ed2d2/datanode-4/data/containers/hdds of  storage type : DISK and capacity : 1482555576320
2019-10-18 13:52:43,212 [main] INFO  volume.VolumeSet (VolumeSet.java:initializeVolumeSet(170)) - Added Volume : /workdir/hadoop-ozone/integration-test/target/test-dir/MiniOzoneClusterImpl-6e28672b-ea3d-42bc-af55-882c331ed2d2/datanode-4/data/containers/hdds to VolumeSet
2019-10-18 13:52:43,213 [main] INFO  volume.ThrottledAsyncChecker (ThrottledAsyncChecker.java:schedule(141)) - Scheduling a check for org.apache.hadoop.ozone.container.common.volume.HddsVolume@78c74647
2019-10-18 13:52:43,213 [main] INFO  volume.HddsVolumeChecker (HddsVolumeChecker.java:checkAllVolumes(204)) - Scheduled health check for volume org.apache.hadoop.ozone.container.common.volume.HddsVolume@78c74647
2019-10-18 13:52:43,227 [main] INFO  impl.RaftServerProxy (ConfUtils.java:logGet(43)) - raft.rpc.type = GRPC (default)
2019-10-18 13:52:43,227 [main] INFO  grpc.GrpcFactory (GrpcFactory.java:checkPooledByteBufAllocatorUseCacheForAllThreads(45)) - PERFORMANCE WARNING: useCacheForAllThreads is true that may cause Netty to create a lot garbage objects and, as a result, trigger GC.
	It is recommended to disable useCacheForAllThreads by setting -Dorg.apache.ratis.thirdparty.io.netty.allocator.useCacheForAllThreads=false in command line.
2019-10-18 13:52:43,228 [main] INFO  grpc.GrpcConfigKeys$Server (ConfUtils.java:logGet(43)) - raft.grpc.server.port = 0 (default)
2019-10-18 13:52:43,228 [main] INFO  server.GrpcService (ConfUtils.java:logGet(43)) - raft.grpc.message.size.max = 33570816 (custom)
2019-10-18 13:52:43,228 [main] INFO  server.RaftServerConfigKeys (ConfUtils.java:logGet(43)) - raft.server.log.appender.buffer.byte-limit = 33554432 (custom)
2019-10-18 13:52:43,228 [main] INFO  server.GrpcService (ConfUtils.java:logGet(43)) - raft.grpc.flow.control.window = 1MB (=1048576) (default)
2019-10-18 13:52:43,228 [main] INFO  server.RaftServerConfigKeys (ConfUtils.java:logGet(43)) - raft.server.rpc.request.timeout = 3000ms (default)
2019-10-18 13:52:43,229 [main] INFO  server.RaftServerConfigKeys (ConfUtils.java:logGet(43)) - raft.server.storage.dir = [/workdir/hadoop-ozone/integration-test/target/test-dir/MiniOzoneClusterImpl-6e28672b-ea3d-42bc-af55-882c331ed2d2/datanode-4/data/ratis] (custom)
2019-10-18 13:52:43,230 [main] INFO  hdfs.DFSUtil (DFSUtil.java:httpServerTemplateForNNAndJN(1641)) - Starting Web-server for hddsDatanode at: http://0.0.0.0:0
2019-10-18 13:52:43,231 [main] INFO  server.AuthenticationFilter (AuthenticationFilter.java:constructSecretProvider(240)) - Unable to initialize FileSignerSecretProvider, falling back to use random secrets.
2019-10-18 13:52:43,232 [main] WARN  http.HttpRequestLog (HttpRequestLog.java:getRequestLog(97)) - Jetty request log can only be enabled using Log4j
2019-10-18 13:52:43,233 [main] INFO  http.HttpServer2 (HttpServer2.java:addGlobalFilter(975)) - Added global filter 'safety' (class=org.apache.hadoop.http.HttpServer2$QuotingInputFilter)
2019-10-18 13:52:43,234 [main] INFO  http.HttpServer2 (HttpServer2.java:addFilter(948)) - Added filter static_user_filter (class=org.apache.hadoop.http.lib.StaticUserWebFilter$StaticUserFilter) to context hddsDatanode
2019-10-18 13:52:43,234 [main] INFO  http.HttpServer2 (HttpServer2.java:addFilter(958)) - Added filter static_user_filter (class=org.apache.hadoop.http.lib.StaticUserWebFilter$StaticUserFilter) to context static
2019-10-18 13:52:43,234 [main] INFO  http.HttpServer2 (HttpServer2.java:addFilter(958)) - Added filter static_user_filter (class=org.apache.hadoop.http.lib.StaticUserWebFilter$StaticUserFilter) to context logs
2019-10-18 13:52:43,235 [main] INFO  http.HttpServer2 (HttpServer2.java:bindListener(1191)) - Jetty bound to port 39020
2019-10-18 13:52:43,235 [main] INFO  server.Server (Server.java:doStart(351)) - jetty-9.3.25.v20180904, build timestamp: 2018-09-04T21:11:46Z, git hash: 3ce520221d0240229c862b122d2b06c12a625732
2019-10-18 13:52:43,237 [main] INFO  handler.ContextHandler (ContextHandler.java:doStart(781)) - Started o.e.j.s.ServletContextHandler@624b3544{/logs,file:///workdir/hadoop-ozone/integration-test/target/log,AVAILABLE}
2019-10-18 13:52:43,237 [main] INFO  handler.ContextHandler (ContextHandler.java:doStart(781)) - Started o.e.j.s.ServletContextHandler@2c9fdb64{/static,jar:file:/home/user/.m2/repository/org/apache/hadoop/hadoop-hdds-container-service/0.5.0-SNAPSHOT/hadoop-hdds-container-service-0.5.0-SNAPSHOT.jar!/webapps/static,AVAILABLE}
2019-10-18 13:52:43,267 [main] INFO  handler.ContextHandler (ContextHandler.java:doStart(781)) - Started o.e.j.w.WebAppContext@6238d5e0{/,file:///tmp/jetty-0.0.0.0-39020-hddsDatanode-_-any-4035266664811155072.dir/webapp/,AVAILABLE}{/hddsDatanode}
2019-10-18 13:52:43,267 [main] INFO  server.AbstractConnector (AbstractConnector.java:doStart(278)) - Started ServerConnector@336f49a1{HTTP/1.1,[http/1.1]}{0.0.0.0:39020}
2019-10-18 13:52:43,269 [main] INFO  server.Server (Server.java:doStart(419)) - Started @602419ms
2019-10-18 13:52:43,269 [main] WARN  impl.MetricsSystemImpl (MetricsSystemImpl.java:register(276)) - Sink prometheus already exists!
2019-10-18 13:52:43,270 [main] INFO  server.BaseHttpServer (BaseHttpServer.java:updateConnectorAddress(215)) - HTTP server of HDDSDATANODE is listening at http://0.0.0.0:39020
2019-10-18 13:52:43,270 [main] INFO  impl.MetricsSystemImpl (MetricsSystemImpl.java:init(158)) - HddsDatanode metrics system started (again)
2019-10-18 13:52:43,276 [org.apache.hadoop.util.JvmPauseMonitor$Monitor@1cab8c33] INFO  util.JvmPauseMonitor (JvmPauseMonitor.java:run(188)) - Starting JVM pause monitor
2019-10-18 13:52:43,277 [main] INFO  ozone.HddsDatanodeService (HddsDatanodeService.java:start(184)) - HddsDatanodeService host:pr-hdds-2280-982rn-3954796538 ip:192.168.34.61
2019-10-18 13:52:43,277 [Datanode State Machine Thread - 0] INFO  datanode.InitDatanodeState (InitDatanodeState.java:persistContainerDatanodeDetails(140)) - DatanodeDetails is persisted to /workdir/hadoop-ozone/integration-test/target/test-dir/MiniOzoneClusterImpl-6e28672b-ea3d-42bc-af55-882c331ed2d2/datanode-4/meta/datanode.id
2019-10-18 13:52:43,283 [main] INFO  volume.HddsVolume (HddsVolume.java:<init>(176)) - Creating Volume: /workdir/hadoop-ozone/integration-test/target/test-dir/MiniOzoneClusterImpl-6e28672b-ea3d-42bc-af55-882c331ed2d2/datanode-5/data/containers/hdds of  storage type : DISK and capacity : 1482555576320
2019-10-18 13:52:43,283 [main] INFO  volume.VolumeSet (VolumeSet.java:initializeVolumeSet(170)) - Added Volume : /workdir/hadoop-ozone/integration-test/target/test-dir/MiniOzoneClusterImpl-6e28672b-ea3d-42bc-af55-882c331ed2d2/datanode-5/data/containers/hdds to VolumeSet
2019-10-18 13:52:43,284 [main] INFO  volume.ThrottledAsyncChecker (ThrottledAsyncChecker.java:schedule(141)) - Scheduling a check for org.apache.hadoop.ozone.container.common.volume.HddsVolume@e3899fd
2019-10-18 13:52:43,284 [main] INFO  volume.HddsVolumeChecker (HddsVolumeChecker.java:checkAllVolumes(204)) - Scheduled health check for volume org.apache.hadoop.ozone.container.common.volume.HddsVolume@e3899fd
2019-10-18 13:52:43,299 [main] INFO  impl.RaftServerProxy (ConfUtils.java:logGet(43)) - raft.rpc.type = GRPC (default)
2019-10-18 13:52:43,299 [main] INFO  grpc.GrpcFactory (GrpcFactory.java:checkPooledByteBufAllocatorUseCacheForAllThreads(45)) - PERFORMANCE WARNING: useCacheForAllThreads is true that may cause Netty to create a lot garbage objects and, as a result, trigger GC.
	It is recommended to disable useCacheForAllThreads by setting -Dorg.apache.ratis.thirdparty.io.netty.allocator.useCacheForAllThreads=false in command line.
2019-10-18 13:52:43,299 [main] INFO  grpc.GrpcConfigKeys$Server (ConfUtils.java:logGet(43)) - raft.grpc.server.port = 0 (default)
2019-10-18 13:52:43,299 [main] INFO  server.GrpcService (ConfUtils.java:logGet(43)) - raft.grpc.message.size.max = 33570816 (custom)
2019-10-18 13:52:43,300 [main] INFO  server.RaftServerConfigKeys (ConfUtils.java:logGet(43)) - raft.server.log.appender.buffer.byte-limit = 33554432 (custom)
2019-10-18 13:52:43,300 [main] INFO  server.GrpcService (ConfUtils.java:logGet(43)) - raft.grpc.flow.control.window = 1MB (=1048576) (default)
2019-10-18 13:52:43,300 [main] INFO  server.RaftServerConfigKeys (ConfUtils.java:logGet(43)) - raft.server.rpc.request.timeout = 3000ms (default)
2019-10-18 13:52:43,300 [main] INFO  server.RaftServerConfigKeys (ConfUtils.java:logGet(43)) - raft.server.storage.dir = [/workdir/hadoop-ozone/integration-test/target/test-dir/MiniOzoneClusterImpl-6e28672b-ea3d-42bc-af55-882c331ed2d2/datanode-5/data/ratis] (custom)
2019-10-18 13:52:43,302 [main] INFO  hdfs.DFSUtil (DFSUtil.java:httpServerTemplateForNNAndJN(1641)) - Starting Web-server for hddsDatanode at: http://0.0.0.0:0
2019-10-18 13:52:43,303 [main] INFO  server.AuthenticationFilter (AuthenticationFilter.java:constructSecretProvider(240)) - Unable to initialize FileSignerSecretProvider, falling back to use random secrets.
2019-10-18 13:52:43,304 [main] WARN  http.HttpRequestLog (HttpRequestLog.java:getRequestLog(97)) - Jetty request log can only be enabled using Log4j
2019-10-18 13:52:43,306 [main] INFO  http.HttpServer2 (HttpServer2.java:addGlobalFilter(975)) - Added global filter 'safety' (class=org.apache.hadoop.http.HttpServer2$QuotingInputFilter)
2019-10-18 13:52:43,306 [main] INFO  http.HttpServer2 (HttpServer2.java:addFilter(948)) - Added filter static_user_filter (class=org.apache.hadoop.http.lib.StaticUserWebFilter$StaticUserFilter) to context hddsDatanode
2019-10-18 13:52:43,306 [main] INFO  http.HttpServer2 (HttpServer2.java:addFilter(958)) - Added filter static_user_filter (class=org.apache.hadoop.http.lib.StaticUserWebFilter$StaticUserFilter) to context logs
2019-10-18 13:52:43,307 [main] INFO  http.HttpServer2 (HttpServer2.java:addFilter(958)) - Added filter static_user_filter (class=org.apache.hadoop.http.lib.StaticUserWebFilter$StaticUserFilter) to context static
2019-10-18 13:52:43,307 [main] INFO  http.HttpServer2 (HttpServer2.java:bindListener(1191)) - Jetty bound to port 36169
2019-10-18 13:52:43,308 [main] INFO  server.Server (Server.java:doStart(351)) - jetty-9.3.25.v20180904, build timestamp: 2018-09-04T21:11:46Z, git hash: 3ce520221d0240229c862b122d2b06c12a625732
2019-10-18 13:52:43,309 [main] INFO  handler.ContextHandler (ContextHandler.java:doStart(781)) - Started o.e.j.s.ServletContextHandler@19a5b637{/logs,file:///workdir/hadoop-ozone/integration-test/target/log,AVAILABLE}
2019-10-18 13:52:43,310 [main] INFO  handler.ContextHandler (ContextHandler.java:doStart(781)) - Started o.e.j.s.ServletContextHandler@4b4969ea{/static,jar:file:/home/user/.m2/repository/org/apache/hadoop/hadoop-hdds-container-service/0.5.0-SNAPSHOT/hadoop-hdds-container-service-0.5.0-SNAPSHOT.jar!/webapps/static,AVAILABLE}
2019-10-18 13:52:43,342 [main] INFO  handler.ContextHandler (ContextHandler.java:doStart(781)) - Started o.e.j.w.WebAppContext@20cff21e{/,file:///tmp/jetty-0.0.0.0-36169-hddsDatanode-_-any-6079571416333060014.dir/webapp/,AVAILABLE}{/hddsDatanode}
2019-10-18 13:52:43,342 [main] INFO  server.AbstractConnector (AbstractConnector.java:doStart(278)) - Started ServerConnector@463045fb{HTTP/1.1,[http/1.1]}{0.0.0.0:36169}
2019-10-18 13:52:43,342 [main] INFO  server.Server (Server.java:doStart(419)) - Started @602492ms
2019-10-18 13:52:43,343 [main] WARN  impl.MetricsSystemImpl (MetricsSystemImpl.java:register(276)) - Sink prometheus already exists!
2019-10-18 13:52:43,344 [main] INFO  server.BaseHttpServer (BaseHttpServer.java:updateConnectorAddress(215)) - HTTP server of HDDSDATANODE is listening at http://0.0.0.0:36169
2019-10-18 13:52:43,345 [main] INFO  impl.MetricsSystemImpl (MetricsSystemImpl.java:init(158)) - HddsDatanode metrics system started (again)
2019-10-18 13:52:43,351 [org.apache.hadoop.util.JvmPauseMonitor$Monitor@15e18a6c] INFO  util.JvmPauseMonitor (JvmPauseMonitor.java:run(188)) - Starting JVM pause monitor
2019-10-18 13:52:43,352 [main] INFO  ozone.HddsDatanodeService (HddsDatanodeService.java:start(184)) - HddsDatanodeService host:pr-hdds-2280-982rn-3954796538 ip:192.168.34.61
2019-10-18 13:52:43,353 [Datanode State Machine Thread - 0] INFO  datanode.InitDatanodeState (InitDatanodeState.java:persistContainerDatanodeDetails(140)) - DatanodeDetails is persisted to /workdir/hadoop-ozone/integration-test/target/test-dir/MiniOzoneClusterImpl-6e28672b-ea3d-42bc-af55-882c331ed2d2/datanode-5/meta/datanode.id
2019-10-18 13:52:43,360 [main] INFO  volume.HddsVolume (HddsVolume.java:<init>(176)) - Creating Volume: /workdir/hadoop-ozone/integration-test/target/test-dir/MiniOzoneClusterImpl-6e28672b-ea3d-42bc-af55-882c331ed2d2/datanode-6/data/containers/hdds of  storage type : DISK and capacity : 1482555576320
2019-10-18 13:52:43,360 [main] INFO  volume.VolumeSet (VolumeSet.java:initializeVolumeSet(170)) - Added Volume : /workdir/hadoop-ozone/integration-test/target/test-dir/MiniOzoneClusterImpl-6e28672b-ea3d-42bc-af55-882c331ed2d2/datanode-6/data/containers/hdds to VolumeSet
2019-10-18 13:52:43,360 [main] INFO  volume.ThrottledAsyncChecker (ThrottledAsyncChecker.java:schedule(141)) - Scheduling a check for org.apache.hadoop.ozone.container.common.volume.HddsVolume@2f09e6b2
2019-10-18 13:52:43,361 [main] INFO  volume.HddsVolumeChecker (HddsVolumeChecker.java:checkAllVolumes(204)) - Scheduled health check for volume org.apache.hadoop.ozone.container.common.volume.HddsVolume@2f09e6b2
2019-10-18 13:52:43,379 [main] INFO  impl.RaftServerProxy (ConfUtils.java:logGet(43)) - raft.rpc.type = GRPC (default)
2019-10-18 13:52:43,379 [main] INFO  grpc.GrpcFactory (GrpcFactory.java:checkPooledByteBufAllocatorUseCacheForAllThreads(45)) - PERFORMANCE WARNING: useCacheForAllThreads is true that may cause Netty to create a lot garbage objects and, as a result, trigger GC.
	It is recommended to disable useCacheForAllThreads by setting -Dorg.apache.ratis.thirdparty.io.netty.allocator.useCacheForAllThreads=false in command line.
2019-10-18 13:52:43,380 [main] INFO  grpc.GrpcConfigKeys$Server (ConfUtils.java:logGet(43)) - raft.grpc.server.port = 0 (default)
2019-10-18 13:52:43,380 [main] INFO  server.GrpcService (ConfUtils.java:logGet(43)) - raft.grpc.message.size.max = 33570816 (custom)
2019-10-18 13:52:43,380 [main] INFO  server.RaftServerConfigKeys (ConfUtils.java:logGet(43)) - raft.server.log.appender.buffer.byte-limit = 33554432 (custom)
2019-10-18 13:52:43,380 [main] INFO  server.GrpcService (ConfUtils.java:logGet(43)) - raft.grpc.flow.control.window = 1MB (=1048576) (default)
2019-10-18 13:52:43,380 [main] INFO  server.RaftServerConfigKeys (ConfUtils.java:logGet(43)) - raft.server.rpc.request.timeout = 3000ms (default)
2019-10-18 13:52:43,381 [main] INFO  server.RaftServerConfigKeys (ConfUtils.java:logGet(43)) - raft.server.storage.dir = [/workdir/hadoop-ozone/integration-test/target/test-dir/MiniOzoneClusterImpl-6e28672b-ea3d-42bc-af55-882c331ed2d2/datanode-6/data/ratis] (custom)
2019-10-18 13:52:43,383 [main] INFO  hdfs.DFSUtil (DFSUtil.java:httpServerTemplateForNNAndJN(1641)) - Starting Web-server for hddsDatanode at: http://0.0.0.0:0
2019-10-18 13:52:43,385 [main] INFO  server.AuthenticationFilter (AuthenticationFilter.java:constructSecretProvider(240)) - Unable to initialize FileSignerSecretProvider, falling back to use random secrets.
2019-10-18 13:52:43,385 [main] WARN  http.HttpRequestLog (HttpRequestLog.java:getRequestLog(97)) - Jetty request log can only be enabled using Log4j
2019-10-18 13:52:43,388 [main] INFO  http.HttpServer2 (HttpServer2.java:addGlobalFilter(975)) - Added global filter 'safety' (class=org.apache.hadoop.http.HttpServer2$QuotingInputFilter)
2019-10-18 13:52:43,388 [main] INFO  http.HttpServer2 (HttpServer2.java:addFilter(948)) - Added filter static_user_filter (class=org.apache.hadoop.http.lib.StaticUserWebFilter$StaticUserFilter) to context hddsDatanode
2019-10-18 13:52:43,389 [main] INFO  http.HttpServer2 (HttpServer2.java:addFilter(958)) - Added filter static_user_filter (class=org.apache.hadoop.http.lib.StaticUserWebFilter$StaticUserFilter) to context logs
2019-10-18 13:52:43,389 [main] INFO  http.HttpServer2 (HttpServer2.java:addFilter(958)) - Added filter static_user_filter (class=org.apache.hadoop.http.lib.StaticUserWebFilter$StaticUserFilter) to context static
2019-10-18 13:52:43,390 [main] INFO  http.HttpServer2 (HttpServer2.java:bindListener(1191)) - Jetty bound to port 37636
2019-10-18 13:52:43,390 [main] INFO  server.Server (Server.java:doStart(351)) - jetty-9.3.25.v20180904, build timestamp: 2018-09-04T21:11:46Z, git hash: 3ce520221d0240229c862b122d2b06c12a625732
2019-10-18 13:52:43,392 [main] INFO  handler.ContextHandler (ContextHandler.java:doStart(781)) - Started o.e.j.s.ServletContextHandler@2c7c0e36{/logs,file:///workdir/hadoop-ozone/integration-test/target/log,AVAILABLE}
2019-10-18 13:52:43,393 [main] INFO  handler.ContextHandler (ContextHandler.java:doStart(781)) - Started o.e.j.s.ServletContextHandler@374ccb9{/static,jar:file:/home/user/.m2/repository/org/apache/hadoop/hadoop-hdds-container-service/0.5.0-SNAPSHOT/hadoop-hdds-container-service-0.5.0-SNAPSHOT.jar!/webapps/static,AVAILABLE}
2019-10-18 13:52:43,437 [main] INFO  handler.ContextHandler (ContextHandler.java:doStart(781)) - Started o.e.j.w.WebAppContext@47058864{/,file:///tmp/jetty-0.0.0.0-37636-hddsDatanode-_-any-4848906273322778140.dir/webapp/,AVAILABLE}{/hddsDatanode}
2019-10-18 13:52:43,437 [main] INFO  server.AbstractConnector (AbstractConnector.java:doStart(278)) - Started ServerConnector@ad3f70a{HTTP/1.1,[http/1.1]}{0.0.0.0:37636}
2019-10-18 13:52:43,443 [main] INFO  server.Server (Server.java:doStart(419)) - Started @602593ms
2019-10-18 13:52:43,443 [main] WARN  impl.MetricsSystemImpl (MetricsSystemImpl.java:register(276)) - Sink prometheus already exists!
2019-10-18 13:52:43,444 [main] INFO  server.BaseHttpServer (BaseHttpServer.java:updateConnectorAddress(215)) - HTTP server of HDDSDATANODE is listening at http://0.0.0.0:37636
2019-10-18 13:52:43,445 [main] INFO  ozone.MiniOzoneClusterImpl (MiniOzoneClusterImpl.java:lambda$waitForClusterToBeReady$0(147)) - Waiting for cluster to be ready. Got 0 of 7 DN Heartbeats.
2019-10-18 13:52:43,446 [org.apache.hadoop.util.JvmPauseMonitor$Monitor@1659f2be] INFO  util.JvmPauseMonitor (JvmPauseMonitor.java:run(188)) - Starting JVM pause monitor
2019-10-18 13:52:43,447 [Datanode State Machine Thread - 0] INFO  datanode.InitDatanodeState (InitDatanodeState.java:persistContainerDatanodeDetails(140)) - DatanodeDetails is persisted to /workdir/hadoop-ozone/integration-test/target/test-dir/MiniOzoneClusterImpl-6e28672b-ea3d-42bc-af55-882c331ed2d2/datanode-6/meta/datanode.id
2019-10-18 13:52:44,445 [main] INFO  ozone.MiniOzoneClusterImpl (MiniOzoneClusterImpl.java:lambda$waitForClusterToBeReady$0(147)) - Waiting for cluster to be ready. Got 0 of 7 DN Heartbeats.
2019-10-18 13:52:45,041 [Datanode State Machine Thread - 0] INFO  ozoneimpl.OzoneContainer (OzoneContainer.java:start(213)) - Attempting to start container services.
2019-10-18 13:52:45,043 [Datanode State Machine Thread - 0] INFO  ozoneimpl.OzoneContainer (OzoneContainer.java:startContainerScrub(177)) - Background container scanner has been disabled.
2019-10-18 13:52:45,043 [Datanode State Machine Thread - 0] INFO  ratis.XceiverServerRatis (XceiverServerRatis.java:start(418)) - Starting XceiverServerRatis cebffdd8-c119-4a21-bd71-c9ab06d21a65 at port 0
2019-10-18 13:52:45,050 [Datanode State Machine Thread - 0] INFO  impl.RaftServerProxy (RaftServerProxy.java:lambda$start$3(299)) - cebffdd8-c119-4a21-bd71-c9ab06d21a65: start RPC server
2019-10-18 13:52:45,054 [Datanode State Machine Thread - 0] INFO  server.GrpcService (GrpcService.java:startImpl(158)) - cebffdd8-c119-4a21-bd71-c9ab06d21a65: GrpcService started, listening on 0.0.0.0/0.0.0.0:41016
2019-10-18 13:52:45,054 [Datanode State Machine Thread - 0] INFO  ratis.XceiverServerRatis (XceiverServerRatis.java:start(428)) - XceiverServerRatis cebffdd8-c119-4a21-bd71-c9ab06d21a65 is started using port 41016
2019-10-18 13:52:45,054 [Datanode State Machine Thread - 0] INFO  server.XceiverServerGrpc (XceiverServerGrpc.java:start(149)) - XceiverServerGrpc cebffdd8-c119-4a21-bd71-c9ab06d21a65 is started using port 44719
2019-10-18 13:52:45,102 [Datanode State Machine Thread - 0] INFO  ozoneimpl.OzoneContainer (OzoneContainer.java:start(213)) - Attempting to start container services.
2019-10-18 13:52:45,102 [Datanode State Machine Thread - 0] INFO  ozoneimpl.OzoneContainer (OzoneContainer.java:startContainerScrub(177)) - Background container scanner has been disabled.
2019-10-18 13:52:45,102 [Datanode State Machine Thread - 0] INFO  ratis.XceiverServerRatis (XceiverServerRatis.java:start(418)) - Starting XceiverServerRatis c22dcba3-59d1-4fc8-9c25-9292db9117bd at port 0
2019-10-18 13:52:45,109 [Datanode State Machine Thread - 0] INFO  impl.RaftServerProxy (RaftServerProxy.java:lambda$start$3(299)) - c22dcba3-59d1-4fc8-9c25-9292db9117bd: start RPC server
2019-10-18 13:52:45,109 [Datanode State Machine Thread - 0] INFO  server.GrpcService (GrpcService.java:startImpl(158)) - c22dcba3-59d1-4fc8-9c25-9292db9117bd: GrpcService started, listening on 0.0.0.0/0.0.0.0:43563
2019-10-18 13:52:45,109 [Datanode State Machine Thread - 0] INFO  ratis.XceiverServerRatis (XceiverServerRatis.java:start(428)) - XceiverServerRatis c22dcba3-59d1-4fc8-9c25-9292db9117bd is started using port 43563
2019-10-18 13:52:45,110 [Datanode State Machine Thread - 0] INFO  server.XceiverServerGrpc (XceiverServerGrpc.java:start(149)) - XceiverServerGrpc c22dcba3-59d1-4fc8-9c25-9292db9117bd is started using port 46468
2019-10-18 13:52:45,179 [Datanode State Machine Thread - 0] INFO  ozoneimpl.OzoneContainer (OzoneContainer.java:start(213)) - Attempting to start container services.
2019-10-18 13:52:45,180 [Datanode State Machine Thread - 0] INFO  ozoneimpl.OzoneContainer (OzoneContainer.java:startContainerScrub(177)) - Background container scanner has been disabled.
2019-10-18 13:52:45,180 [Datanode State Machine Thread - 0] INFO  ratis.XceiverServerRatis (XceiverServerRatis.java:start(418)) - Starting XceiverServerRatis 9428a45a-07e9-49d7-b31a-f311eec9e72b at port 0
2019-10-18 13:52:45,186 [Datanode State Machine Thread - 0] INFO  impl.RaftServerProxy (RaftServerProxy.java:lambda$start$3(299)) - 9428a45a-07e9-49d7-b31a-f311eec9e72b: start RPC server
2019-10-18 13:52:45,186 [Datanode State Machine Thread - 0] INFO  server.GrpcService (GrpcService.java:startImpl(158)) - 9428a45a-07e9-49d7-b31a-f311eec9e72b: GrpcService started, listening on 0.0.0.0/0.0.0.0:37937
2019-10-18 13:52:45,186 [Datanode State Machine Thread - 0] INFO  ratis.XceiverServerRatis (XceiverServerRatis.java:start(428)) - XceiverServerRatis 9428a45a-07e9-49d7-b31a-f311eec9e72b is started using port 37937
2019-10-18 13:52:45,188 [Datanode State Machine Thread - 0] INFO  server.XceiverServerGrpc (XceiverServerGrpc.java:start(149)) - XceiverServerGrpc 9428a45a-07e9-49d7-b31a-f311eec9e72b is started using port 38632
2019-10-18 13:52:45,251 [Datanode State Machine Thread - 0] INFO  ozoneimpl.OzoneContainer (OzoneContainer.java:start(213)) - Attempting to start container services.
2019-10-18 13:52:45,252 [Datanode State Machine Thread - 0] INFO  ozoneimpl.OzoneContainer (OzoneContainer.java:startContainerScrub(177)) - Background container scanner has been disabled.
2019-10-18 13:52:45,252 [Datanode State Machine Thread - 0] INFO  ratis.XceiverServerRatis (XceiverServerRatis.java:start(418)) - Starting XceiverServerRatis 5e7383bb-fda8-40e7-8145-d7b46255a358 at port 0
2019-10-18 13:52:45,259 [Datanode State Machine Thread - 0] INFO  impl.RaftServerProxy (RaftServerProxy.java:lambda$start$3(299)) - 5e7383bb-fda8-40e7-8145-d7b46255a358: start RPC server
2019-10-18 13:52:45,260 [Datanode State Machine Thread - 0] INFO  server.GrpcService (GrpcService.java:startImpl(158)) - 5e7383bb-fda8-40e7-8145-d7b46255a358: GrpcService started, listening on 0.0.0.0/0.0.0.0:37118
2019-10-18 13:52:45,260 [Datanode State Machine Thread - 0] INFO  ratis.XceiverServerRatis (XceiverServerRatis.java:start(428)) - XceiverServerRatis 5e7383bb-fda8-40e7-8145-d7b46255a358 is started using port 37118
2019-10-18 13:52:45,261 [Datanode State Machine Thread - 0] INFO  server.XceiverServerGrpc (XceiverServerGrpc.java:start(149)) - XceiverServerGrpc 5e7383bb-fda8-40e7-8145-d7b46255a358 is started using port 35821
2019-10-18 13:52:45,300 [Datanode State Machine Thread - 0] INFO  ozoneimpl.OzoneContainer (OzoneContainer.java:start(213)) - Attempting to start container services.
2019-10-18 13:52:45,300 [Datanode State Machine Thread - 0] INFO  ozoneimpl.OzoneContainer (OzoneContainer.java:startContainerScrub(177)) - Background container scanner has been disabled.
2019-10-18 13:52:45,300 [Datanode State Machine Thread - 0] INFO  ratis.XceiverServerRatis (XceiverServerRatis.java:start(418)) - Starting XceiverServerRatis 4e558b94-7600-4ed0-a419-bb082f43a5e2 at port 0
2019-10-18 13:52:45,308 [Datanode State Machine Thread - 0] INFO  impl.RaftServerProxy (RaftServerProxy.java:lambda$start$3(299)) - 4e558b94-7600-4ed0-a419-bb082f43a5e2: start RPC server
2019-10-18 13:52:45,309 [Datanode State Machine Thread - 0] INFO  server.GrpcService (GrpcService.java:startImpl(158)) - 4e558b94-7600-4ed0-a419-bb082f43a5e2: GrpcService started, listening on 0.0.0.0/0.0.0.0:35313
2019-10-18 13:52:45,309 [Datanode State Machine Thread - 0] INFO  ratis.XceiverServerRatis (XceiverServerRatis.java:start(428)) - XceiverServerRatis 4e558b94-7600-4ed0-a419-bb082f43a5e2 is started using port 35313
2019-10-18 13:52:45,309 [Datanode State Machine Thread - 0] INFO  server.XceiverServerGrpc (XceiverServerGrpc.java:start(149)) - XceiverServerGrpc 4e558b94-7600-4ed0-a419-bb082f43a5e2 is started using port 40310
2019-10-18 13:52:45,426 [Datanode State Machine Thread - 0] INFO  ozoneimpl.OzoneContainer (OzoneContainer.java:start(213)) - Attempting to start container services.
2019-10-18 13:52:45,426 [Datanode State Machine Thread - 0] INFO  ozoneimpl.OzoneContainer (OzoneContainer.java:startContainerScrub(177)) - Background container scanner has been disabled.
2019-10-18 13:52:45,426 [Datanode State Machine Thread - 0] INFO  ratis.XceiverServerRatis (XceiverServerRatis.java:start(418)) - Starting XceiverServerRatis 6a9ecbe3-efc5-4382-a5d4-7a294f3e4515 at port 0
2019-10-18 13:52:45,434 [Datanode State Machine Thread - 0] INFO  impl.RaftServerProxy (RaftServerProxy.java:lambda$start$3(299)) - 6a9ecbe3-efc5-4382-a5d4-7a294f3e4515: start RPC server
2019-10-18 13:52:45,434 [Datanode State Machine Thread - 0] INFO  server.GrpcService (GrpcService.java:startImpl(158)) - 6a9ecbe3-efc5-4382-a5d4-7a294f3e4515: GrpcService started, listening on 0.0.0.0/0.0.0.0:43503
2019-10-18 13:52:45,434 [Datanode State Machine Thread - 0] INFO  ratis.XceiverServerRatis (XceiverServerRatis.java:start(428)) - XceiverServerRatis 6a9ecbe3-efc5-4382-a5d4-7a294f3e4515 is started using port 43503
2019-10-18 13:52:45,436 [Datanode State Machine Thread - 0] INFO  server.XceiverServerGrpc (XceiverServerGrpc.java:start(149)) - XceiverServerGrpc 6a9ecbe3-efc5-4382-a5d4-7a294f3e4515 is started using port 42761
2019-10-18 13:52:45,448 [main] INFO  ozone.MiniOzoneClusterImpl (MiniOzoneClusterImpl.java:lambda$waitForClusterToBeReady$0(147)) - Waiting for cluster to be ready. Got 0 of 7 DN Heartbeats.
2019-10-18 13:52:45,473 [Datanode State Machine Thread - 0] INFO  ozoneimpl.OzoneContainer (OzoneContainer.java:start(213)) - Attempting to start container services.
2019-10-18 13:52:45,473 [Datanode State Machine Thread - 0] INFO  ozoneimpl.OzoneContainer (OzoneContainer.java:startContainerScrub(177)) - Background container scanner has been disabled.
2019-10-18 13:52:45,473 [Datanode State Machine Thread - 0] INFO  ratis.XceiverServerRatis (XceiverServerRatis.java:start(418)) - Starting XceiverServerRatis 766a15ca-6d28-424b-ad9e-89b48d3f1885 at port 0
2019-10-18 13:52:45,480 [Datanode State Machine Thread - 0] INFO  impl.RaftServerProxy (RaftServerProxy.java:lambda$start$3(299)) - 766a15ca-6d28-424b-ad9e-89b48d3f1885: start RPC server
2019-10-18 13:52:45,482 [Datanode State Machine Thread - 0] INFO  server.GrpcService (GrpcService.java:startImpl(158)) - 766a15ca-6d28-424b-ad9e-89b48d3f1885: GrpcService started, listening on 0.0.0.0/0.0.0.0:36275
2019-10-18 13:52:45,482 [Datanode State Machine Thread - 0] INFO  ratis.XceiverServerRatis (XceiverServerRatis.java:start(428)) - XceiverServerRatis 766a15ca-6d28-424b-ad9e-89b48d3f1885 is started using port 36275
2019-10-18 13:52:45,483 [Datanode State Machine Thread - 0] INFO  server.XceiverServerGrpc (XceiverServerGrpc.java:start(149)) - XceiverServerGrpc 766a15ca-6d28-424b-ad9e-89b48d3f1885 is started using port 43198
2019-10-18 13:52:46,448 [main] INFO  ozone.MiniOzoneClusterImpl (MiniOzoneClusterImpl.java:lambda$waitForClusterToBeReady$0(147)) - Waiting for cluster to be ready. Got 0 of 7 DN Heartbeats.
2019-10-18 13:52:47,006 [IPC Server handler 0 on 40376] INFO  net.NetworkTopology (NetworkTopologyImpl.java:add(111)) - Added a new node: /default-rack/cebffdd8-c119-4a21-bd71-c9ab06d21a65
2019-10-18 13:52:47,008 [IPC Server handler 0 on 40376] INFO  node.SCMNodeManager (SCMNodeManager.java:register(268)) - Registered Data node : cebffdd8-c119-4a21-bd71-c9ab06d21a65{ip: 192.168.34.61, host: pr-hdds-2280-982rn-3954796538, networkLocation: /default-rack, certSerialId: null}
2019-10-18 13:52:47,009 [EventQueue-NodeRegistrationContainerReportForDataNodeSafeModeRule] INFO  safemode.SCMSafeModeManager (DataNodeSafeModeRule.java:process(71)) - SCM in safe mode. 1 DataNodes registered, 1 required.
2019-10-18 13:52:47,010 [EventQueue-NodeRegistrationContainerReportForDataNodeSafeModeRule] INFO  safemode.SCMSafeModeManager (SCMSafeModeManager.java:validateSafeModeExitRules(177)) - ScmSafeModeManager, all rules are successfully validated
2019-10-18 13:52:47,010 [EventQueue-NodeRegistrationContainerReportForDataNodeSafeModeRule] INFO  safemode.SCMSafeModeManager (SCMSafeModeManager.java:exitSafeMode(193)) - SCM exiting safe mode.
2019-10-18 13:52:47,039 [grpc-default-executor-4] INFO  impl.RaftServerProxy (RaftServerProxy.java:addNew(89)) - cebffdd8-c119-4a21-bd71-c9ab06d21a65: addNew group-ABE78698D389:[cebffdd8-c119-4a21-bd71-c9ab06d21a65:192.168.34.61:41016] returns group-ABE78698D389:java.util.concurrent.CompletableFuture@2561c631[Not completed]
2019-10-18 13:52:47,041 [pool-409-thread-1] INFO  impl.RaftServerImpl (RaftServerImpl.java:<init>(95)) - cebffdd8-c119-4a21-bd71-c9ab06d21a65: new RaftServerImpl for group-ABE78698D389:[cebffdd8-c119-4a21-bd71-c9ab06d21a65:192.168.34.61:41016] with ContainerStateMachine:uninitialized
2019-10-18 13:52:47,041 [pool-409-thread-1] INFO  server.RaftServerConfigKeys (ConfUtils.java:logGet(43)) - raft.server.rpc.timeout.min = 5s (custom)
2019-10-18 13:52:47,041 [pool-409-thread-1] INFO  server.RaftServerConfigKeys (ConfUtils.java:logGet(43)) - raft.server.rpc.timeout.max = 5200ms (custom)
2019-10-18 13:52:47,041 [pool-409-thread-1] INFO  server.RaftServerConfigKeys (ConfUtils.java:logGet(43)) - raft.server.rpcslowness.timeout = 120s (custom)
2019-10-18 13:52:47,042 [pool-409-thread-1] INFO  server.RaftServerConfigKeys (ConfUtils.java:logGet(43)) - raft.server.sleep.deviation.threshold = 300 (default)
2019-10-18 13:52:47,042 [pool-409-thread-1] INFO  server.RaftServerConfigKeys (ConfUtils.java:logGet(43)) - raft.server.log.appender.install.snapshot.enabled = false (custom)
2019-10-18 13:52:47,042 [pool-409-thread-1] INFO  impl.RaftServerImpl (ServerState.java:<init>(103)) - cebffdd8-c119-4a21-bd71-c9ab06d21a65@group-ABE78698D389: ConfigurationManager, init=-1: [cebffdd8-c119-4a21-bd71-c9ab06d21a65:192.168.34.61:41016], old=null, confs=<EMPTY_MAP>
2019-10-18 13:52:47,042 [pool-409-thread-1] INFO  server.RaftServerConfigKeys (ConfUtils.java:logGet(43)) - raft.server.storage.dir = [/workdir/hadoop-ozone/integration-test/target/test-dir/MiniOzoneClusterImpl-6e28672b-ea3d-42bc-af55-882c331ed2d2/datanode-0/data/ratis] (custom)
2019-10-18 13:52:47,042 [pool-409-thread-1] INFO  server.RaftServerConfigKeys (ConfUtils.java:logGet(43)) - raft.server.log.corruption.policy = EXCEPTION (default)
2019-10-18 13:52:47,042 [pool-409-thread-1] INFO  storage.RaftStorageDirectory (RaftStorageDirectory.java:analyzeStorage(246)) - The storage directory /workdir/hadoop-ozone/integration-test/target/test-dir/MiniOzoneClusterImpl-6e28672b-ea3d-42bc-af55-882c331ed2d2/datanode-0/data/ratis/50787fab-d8a2-45f0-840b-abe78698d389 does not exist. Creating ...
2019-10-18 13:52:47,068 [IPC Server handler 1 on 40376] INFO  net.NetworkTopology (NetworkTopologyImpl.java:add(111)) - Added a new node: /default-rack/c22dcba3-59d1-4fc8-9c25-9292db9117bd
2019-10-18 13:52:47,068 [IPC Server handler 1 on 40376] INFO  node.SCMNodeManager (SCMNodeManager.java:register(268)) - Registered Data node : c22dcba3-59d1-4fc8-9c25-9292db9117bd{ip: 192.168.34.61, host: pr-hdds-2280-982rn-3954796538, networkLocation: /default-rack, certSerialId: null}
2019-10-18 13:52:47,104 [pool-409-thread-1] INFO  storage.RaftStorageDirectory (RaftStorageDirectory.java:tryLock(328)) - Lock on /workdir/hadoop-ozone/integration-test/target/test-dir/MiniOzoneClusterImpl-6e28672b-ea3d-42bc-af55-882c331ed2d2/datanode-0/data/ratis/50787fab-d8a2-45f0-840b-abe78698d389/in_use.lock acquired by nodename 2894@pr-hdds-2280-982rn-3954796538
2019-10-18 13:52:47,134 [IPC Server handler 2 on 40376] INFO  net.NetworkTopology (NetworkTopologyImpl.java:add(111)) - Added a new node: /default-rack/9428a45a-07e9-49d7-b31a-f311eec9e72b
2019-10-18 13:52:47,134 [IPC Server handler 2 on 40376] INFO  node.SCMNodeManager (SCMNodeManager.java:register(268)) - Registered Data node : 9428a45a-07e9-49d7-b31a-f311eec9e72b{ip: 192.168.34.61, host: pr-hdds-2280-982rn-3954796538, networkLocation: /default-rack, certSerialId: null}
2019-10-18 13:52:47,164 [pool-409-thread-1] INFO  storage.RaftStorage (RaftStorage.java:format(84)) - Storage directory /workdir/hadoop-ozone/integration-test/target/test-dir/MiniOzoneClusterImpl-6e28672b-ea3d-42bc-af55-882c331ed2d2/datanode-0/data/ratis/50787fab-d8a2-45f0-840b-abe78698d389 has been successfully formatted.
2019-10-18 13:52:47,164 [pool-409-thread-1] INFO  ratis.ContainerStateMachine (ContainerStateMachine.java:loadSnapshot(231)) - group-ABE78698D389: The snapshot info is null. Setting the last applied indexto:(t:0, i:~)
2019-10-18 13:52:47,164 [pool-409-thread-1] INFO  server.RaftServerConfigKeys (ConfUtils.java:logGet(43)) - raft.server.notification.no-leader.timeout = 120s (custom)
2019-10-18 13:52:47,165 [pool-409-thread-1] INFO  server.RaftServerConfigKeys (ConfUtils.java:logGet(43)) - raft.server.log.use.memory = false (default)
2019-10-18 13:52:47,165 [pool-409-thread-1] INFO  server.RaftServerConfigKeys (ConfUtils.java:logGet(43)) - raft.server.log.purge.gap = 1000000 (custom)
2019-10-18 13:52:47,165 [pool-409-thread-1] INFO  server.RaftServerConfigKeys (ConfUtils.java:logGet(43)) - raft.server.log.appender.buffer.byte-limit = 33554432 (custom)
2019-10-18 13:52:47,165 [pool-409-thread-1] INFO  server.RaftServerConfigKeys (ConfUtils.java:logGet(43)) - raft.server.log.segment.size.max = 1048576 (custom)
2019-10-18 13:52:47,167 [pool-409-thread-1] INFO  server.RaftServerConfigKeys (ConfUtils.java:logGet(43)) - raft.server.log.segment.cache.num.max = 2 (custom)
2019-10-18 13:52:47,168 [pool-409-thread-1] INFO  segmented.SegmentedRaftLogWorker (SegmentedRaftLogWorker.java:<init>(173)) - new cebffdd8-c119-4a21-bd71-c9ab06d21a65@group-ABE78698D389-SegmentedRaftLogWorker for RaftStorage:Storage Directory /workdir/hadoop-ozone/integration-test/target/test-dir/MiniOzoneClusterImpl-6e28672b-ea3d-42bc-af55-882c331ed2d2/datanode-0/data/ratis/50787fab-d8a2-45f0-840b-abe78698d389
2019-10-18 13:52:47,168 [pool-409-thread-1] INFO  server.RaftServerConfigKeys (ConfUtils.java:logGet(43)) - raft.server.log.queue.byte-limit = 2147483647 (custom)
2019-10-18 13:52:47,168 [pool-409-thread-1] INFO  server.RaftServerConfigKeys (ConfUtils.java:logGet(43)) - raft.server.log.queue.element-limit = 1024 (custom)
2019-10-18 13:52:47,168 [pool-409-thread-1] INFO  server.RaftServerConfigKeys (ConfUtils.java:logGet(43)) - raft.server.log.segment.size.max = 1048576 (custom)
2019-10-18 13:52:47,168 [pool-409-thread-1] INFO  server.RaftServerConfigKeys (ConfUtils.java:logGet(43)) - raft.server.log.preallocated.size = 16384 (custom)
2019-10-18 13:52:47,168 [pool-409-thread-1] INFO  server.RaftServerConfigKeys (ConfUtils.java:logGet(43)) - raft.server.log.write.buffer.size = 33554432 (custom)
2019-10-18 13:52:47,168 [pool-409-thread-1] INFO  server.RaftServerConfigKeys (ConfUtils.java:logGet(43)) - raft.server.log.force.sync.num = 128 (default)
2019-10-18 13:52:47,169 [pool-409-thread-1] INFO  server.RaftServerConfigKeys (ConfUtils.java:logGet(43)) - raft.server.log.statemachine.data.sync = true (default)
2019-10-18 13:52:47,169 [pool-409-thread-1] INFO  server.RaftServerConfigKeys (ConfUtils.java:logGet(43)) - raft.server.log.statemachine.data.sync.timeout = 10s (default)
2019-10-18 13:52:47,169 [pool-409-thread-1] INFO  server.RaftServerConfigKeys (ConfUtils.java:logGet(43)) - raft.server.log.statemachine.data.sync.timeout.retry = -1 (default)
2019-10-18 13:52:47,169 [pool-409-thread-1] INFO  server.RaftServerConfigKeys (ConfUtils.java:logGet(43)) - raft.server.log.statemachine.data.caching.enabled = true (custom)
2019-10-18 13:52:47,170 [pool-409-thread-1] INFO  segmented.SegmentedRaftLogWorker (SegmentedRaftLogWorker.java:lambda$new$0(128)) - cebffdd8-c119-4a21-bd71-c9ab06d21a65@group-ABE78698D389-SegmentedRaftLogWorker: flushIndex: setUnconditionally 0 -> -1
2019-10-18 13:52:47,170 [pool-409-thread-1] INFO  server.RaftServerConfigKeys (ConfUtils.java:logGet(43)) - raft.server.snapshot.auto.trigger.enabled = true (custom)
2019-10-18 13:52:47,170 [pool-409-thread-1] INFO  server.RaftServerConfigKeys (ConfUtils.java:logGet(43)) - raft.server.snapshot.auto.trigger.threshold = 10000 (custom)
2019-10-18 13:52:47,171 [pool-409-thread-1] INFO  server.RaftServerConfigKeys (ConfUtils.java:logGet(43)) - raft.server.snapshot.retention.file.num = 5 (custom)
2019-10-18 13:52:47,171 [pool-409-thread-1] INFO  server.RaftServerConfigKeys (ConfUtils.java:logGet(43)) - raft.server.retrycache.expirytime = 600000ms (custom)
2019-10-18 13:52:47,173 [pool-409-thread-1] INFO  impl.RaftServerImpl (RaftServerImpl.java:start(181)) - cebffdd8-c119-4a21-bd71-c9ab06d21a65@group-ABE78698D389: start as a follower, conf=-1: [cebffdd8-c119-4a21-bd71-c9ab06d21a65:192.168.34.61:41016], old=null
2019-10-18 13:52:47,173 [pool-409-thread-1] INFO  impl.RaftServerImpl (RaftServerImpl.java:setRole(170)) - cebffdd8-c119-4a21-bd71-c9ab06d21a65@group-ABE78698D389: changes role from      null to FOLLOWER at term 0 for startAsFollower
2019-10-18 13:52:47,173 [pool-409-thread-1] INFO  impl.RoleInfo (RoleInfo.java:updateAndGet(143)) - cebffdd8-c119-4a21-bd71-c9ab06d21a65: start FollowerState
2019-10-18 13:52:47,174 [pool-409-thread-1] INFO  util.JmxRegister (JmxRegister.java:tryRegister(44)) - Successfully registered JMX Bean with object name Ratis:service=RaftServer,group=group-ABE78698D389,id=cebffdd8-c119-4a21-bd71-c9ab06d21a65
2019-10-18 13:52:47,184 [RatisPipelineUtilsThread] INFO  pipeline.PipelineStateManager (PipelineStateManager.java:addPipeline(56)) - Created pipeline Pipeline[ Id: 50787fab-d8a2-45f0-840b-abe78698d389, Nodes: cebffdd8-c119-4a21-bd71-c9ab06d21a65{ip: 192.168.34.61, host: pr-hdds-2280-982rn-3954796538, networkLocation: /default-rack, certSerialId: null}, Type:RATIS, Factor:ONE, State:OPEN]
2019-10-18 13:52:47,192 [grpc-default-executor-4] INFO  impl.RaftServerProxy (RaftServerProxy.java:addNew(89)) - 9428a45a-07e9-49d7-b31a-f311eec9e72b: addNew group-3834AA4C93BB:[9428a45a-07e9-49d7-b31a-f311eec9e72b:192.168.34.61:37937] returns group-3834AA4C93BB:java.util.concurrent.CompletableFuture@1e64377[Not completed]
2019-10-18 13:52:47,193 [pool-429-thread-1] INFO  impl.RaftServerImpl (RaftServerImpl.java:<init>(95)) - 9428a45a-07e9-49d7-b31a-f311eec9e72b: new RaftServerImpl for group-3834AA4C93BB:[9428a45a-07e9-49d7-b31a-f311eec9e72b:192.168.34.61:37937] with ContainerStateMachine:uninitialized
2019-10-18 13:52:47,193 [pool-429-thread-1] INFO  server.RaftServerConfigKeys (ConfUtils.java:logGet(43)) - raft.server.rpc.timeout.min = 5s (custom)
2019-10-18 13:52:47,193 [pool-429-thread-1] INFO  server.RaftServerConfigKeys (ConfUtils.java:logGet(43)) - raft.server.rpc.timeout.max = 5200ms (custom)
2019-10-18 13:52:47,193 [pool-429-thread-1] INFO  server.RaftServerConfigKeys (ConfUtils.java:logGet(43)) - raft.server.rpcslowness.timeout = 120s (custom)
2019-10-18 13:52:47,194 [pool-429-thread-1] INFO  server.RaftServerConfigKeys (ConfUtils.java:logGet(43)) - raft.server.sleep.deviation.threshold = 300 (default)
2019-10-18 13:52:47,194 [pool-429-thread-1] INFO  server.RaftServerConfigKeys (ConfUtils.java:logGet(43)) - raft.server.log.appender.install.snapshot.enabled = false (custom)
2019-10-18 13:52:47,194 [pool-429-thread-1] INFO  impl.RaftServerImpl (ServerState.java:<init>(103)) - 9428a45a-07e9-49d7-b31a-f311eec9e72b@group-3834AA4C93BB: ConfigurationManager, init=-1: [9428a45a-07e9-49d7-b31a-f311eec9e72b:192.168.34.61:37937], old=null, confs=<EMPTY_MAP>
2019-10-18 13:52:47,194 [pool-429-thread-1] INFO  server.RaftServerConfigKeys (ConfUtils.java:logGet(43)) - raft.server.storage.dir = [/workdir/hadoop-ozone/integration-test/target/test-dir/MiniOzoneClusterImpl-6e28672b-ea3d-42bc-af55-882c331ed2d2/datanode-2/data/ratis] (custom)
2019-10-18 13:52:47,194 [pool-429-thread-1] INFO  server.RaftServerConfigKeys (ConfUtils.java:logGet(43)) - raft.server.log.corruption.policy = EXCEPTION (default)
2019-10-18 13:52:47,194 [pool-429-thread-1] INFO  storage.RaftStorageDirectory (RaftStorageDirectory.java:analyzeStorage(246)) - The storage directory /workdir/hadoop-ozone/integration-test/target/test-dir/MiniOzoneClusterImpl-6e28672b-ea3d-42bc-af55-882c331ed2d2/datanode-2/data/ratis/91e1a349-82cc-48bd-99ba-3834aa4c93bb does not exist. Creating ...
2019-10-18 13:52:47,205 [IPC Server handler 3 on 40376] INFO  net.NetworkTopology (NetworkTopologyImpl.java:add(111)) - Added a new node: /default-rack/5e7383bb-fda8-40e7-8145-d7b46255a358
2019-10-18 13:52:47,205 [IPC Server handler 3 on 40376] INFO  node.SCMNodeManager (SCMNodeManager.java:register(268)) - Registered Data node : 5e7383bb-fda8-40e7-8145-d7b46255a358{ip: 192.168.34.61, host: pr-hdds-2280-982rn-3954796538, networkLocation: /default-rack, certSerialId: null}
2019-10-18 13:52:47,270 [pool-429-thread-1] INFO  storage.RaftStorageDirectory (RaftStorageDirectory.java:tryLock(328)) - Lock on /workdir/hadoop-ozone/integration-test/target/test-dir/MiniOzoneClusterImpl-6e28672b-ea3d-42bc-af55-882c331ed2d2/datanode-2/data/ratis/91e1a349-82cc-48bd-99ba-3834aa4c93bb/in_use.lock acquired by nodename 2894@pr-hdds-2280-982rn-3954796538
2019-10-18 13:52:47,277 [IPC Server handler 4 on 40376] INFO  net.NetworkTopology (NetworkTopologyImpl.java:add(111)) - Added a new node: /default-rack/4e558b94-7600-4ed0-a419-bb082f43a5e2
2019-10-18 13:52:47,277 [IPC Server handler 4 on 40376] INFO  node.SCMNodeManager (SCMNodeManager.java:register(268)) - Registered Data node : 4e558b94-7600-4ed0-a419-bb082f43a5e2{ip: 192.168.34.61, host: pr-hdds-2280-982rn-3954796538, networkLocation: /default-rack, certSerialId: null}
2019-10-18 13:52:47,334 [pool-429-thread-1] INFO  storage.RaftStorage (RaftStorage.java:format(84)) - Storage directory /workdir/hadoop-ozone/integration-test/target/test-dir/MiniOzoneClusterImpl-6e28672b-ea3d-42bc-af55-882c331ed2d2/datanode-2/data/ratis/91e1a349-82cc-48bd-99ba-3834aa4c93bb has been successfully formatted.
2019-10-18 13:52:47,334 [pool-429-thread-1] INFO  ratis.ContainerStateMachine (ContainerStateMachine.java:loadSnapshot(231)) - group-3834AA4C93BB: The snapshot info is null. Setting the last applied indexto:(t:0, i:~)
2019-10-18 13:52:47,334 [pool-429-thread-1] INFO  server.RaftServerConfigKeys (ConfUtils.java:logGet(43)) - raft.server.notification.no-leader.timeout = 120s (custom)
2019-10-18 13:52:47,334 [pool-429-thread-1] INFO  server.RaftServerConfigKeys (ConfUtils.java:logGet(43)) - raft.server.log.use.memory = false (default)
2019-10-18 13:52:47,334 [pool-429-thread-1] INFO  server.RaftServerConfigKeys (ConfUtils.java:logGet(43)) - raft.server.log.purge.gap = 1000000 (custom)
2019-10-18 13:52:47,334 [pool-429-thread-1] INFO  server.RaftServerConfigKeys (ConfUtils.java:logGet(43)) - raft.server.log.appender.buffer.byte-limit = 33554432 (custom)
2019-10-18 13:52:47,335 [pool-429-thread-1] INFO  server.RaftServerConfigKeys (ConfUtils.java:logGet(43)) - raft.server.log.segment.size.max = 1048576 (custom)
2019-10-18 13:52:47,336 [pool-429-thread-1] INFO  server.RaftServerConfigKeys (ConfUtils.java:logGet(43)) - raft.server.log.segment.cache.num.max = 2 (custom)
2019-10-18 13:52:47,336 [pool-429-thread-1] INFO  segmented.SegmentedRaftLogWorker (SegmentedRaftLogWorker.java:<init>(173)) - new 9428a45a-07e9-49d7-b31a-f311eec9e72b@group-3834AA4C93BB-SegmentedRaftLogWorker for RaftStorage:Storage Directory /workdir/hadoop-ozone/integration-test/target/test-dir/MiniOzoneClusterImpl-6e28672b-ea3d-42bc-af55-882c331ed2d2/datanode-2/data/ratis/91e1a349-82cc-48bd-99ba-3834aa4c93bb
2019-10-18 13:52:47,336 [pool-429-thread-1] INFO  server.RaftServerConfigKeys (ConfUtils.java:logGet(43)) - raft.server.log.queue.byte-limit = 2147483647 (custom)
2019-10-18 13:52:47,336 [pool-429-thread-1] INFO  server.RaftServerConfigKeys (ConfUtils.java:logGet(43)) - raft.server.log.queue.element-limit = 1024 (custom)
2019-10-18 13:52:47,336 [pool-429-thread-1] INFO  server.RaftServerConfigKeys (ConfUtils.java:logGet(43)) - raft.server.log.segment.size.max = 1048576 (custom)
2019-10-18 13:52:47,337 [pool-429-thread-1] INFO  server.RaftServerConfigKeys (ConfUtils.java:logGet(43)) - raft.server.log.preallocated.size = 16384 (custom)
2019-10-18 13:52:47,337 [pool-429-thread-1] INFO  server.RaftServerConfigKeys (ConfUtils.java:logGet(43)) - raft.server.log.write.buffer.size = 33554432 (custom)
2019-10-18 13:52:47,337 [pool-429-thread-1] INFO  server.RaftServerConfigKeys (ConfUtils.java:logGet(43)) - raft.server.log.force.sync.num = 128 (default)
2019-10-18 13:52:47,337 [pool-429-thread-1] INFO  server.RaftServerConfigKeys (ConfUtils.java:logGet(43)) - raft.server.log.statemachine.data.sync = true (default)
2019-10-18 13:52:47,337 [pool-429-thread-1] INFO  server.RaftServerConfigKeys (ConfUtils.java:logGet(43)) - raft.server.log.statemachine.data.sync.timeout = 10s (default)
2019-10-18 13:52:47,337 [pool-429-thread-1] INFO  server.RaftServerConfigKeys (ConfUtils.java:logGet(43)) - raft.server.log.statemachine.data.sync.timeout.retry = -1 (default)
2019-10-18 13:52:47,338 [pool-429-thread-1] INFO  server.RaftServerConfigKeys (ConfUtils.java:logGet(43)) - raft.server.log.statemachine.data.caching.enabled = true (custom)
2019-10-18 13:52:47,338 [pool-429-thread-1] INFO  segmented.SegmentedRaftLogWorker (SegmentedRaftLogWorker.java:lambda$new$0(128)) - 9428a45a-07e9-49d7-b31a-f311eec9e72b@group-3834AA4C93BB-SegmentedRaftLogWorker: flushIndex: setUnconditionally 0 -> -1
2019-10-18 13:52:47,338 [pool-429-thread-1] INFO  server.RaftServerConfigKeys (ConfUtils.java:logGet(43)) - raft.server.snapshot.auto.trigger.enabled = true (custom)
2019-10-18 13:52:47,338 [pool-429-thread-1] INFO  server.RaftServerConfigKeys (ConfUtils.java:logGet(43)) - raft.server.snapshot.auto.trigger.threshold = 10000 (custom)
2019-10-18 13:52:47,339 [pool-429-thread-1] INFO  server.RaftServerConfigKeys (ConfUtils.java:logGet(43)) - raft.server.snapshot.retention.file.num = 5 (custom)
2019-10-18 13:52:47,339 [pool-429-thread-1] INFO  server.RaftServerConfigKeys (ConfUtils.java:logGet(43)) - raft.server.retrycache.expirytime = 600000ms (custom)
2019-10-18 13:52:47,340 [pool-429-thread-1] INFO  impl.RaftServerImpl (RaftServerImpl.java:start(181)) - 9428a45a-07e9-49d7-b31a-f311eec9e72b@group-3834AA4C93BB: start as a follower, conf=-1: [9428a45a-07e9-49d7-b31a-f311eec9e72b:192.168.34.61:37937], old=null
2019-10-18 13:52:47,341 [pool-429-thread-1] INFO  impl.RaftServerImpl (RaftServerImpl.java:setRole(170)) - 9428a45a-07e9-49d7-b31a-f311eec9e72b@group-3834AA4C93BB: changes role from      null to FOLLOWER at term 0 for startAsFollower
2019-10-18 13:52:47,341 [pool-429-thread-1] INFO  impl.RoleInfo (RoleInfo.java:updateAndGet(143)) - 9428a45a-07e9-49d7-b31a-f311eec9e72b: start FollowerState
2019-10-18 13:52:47,341 [pool-429-thread-1] INFO  util.JmxRegister (JmxRegister.java:tryRegister(44)) - Successfully registered JMX Bean with object name Ratis:service=RaftServer,group=group-3834AA4C93BB,id=9428a45a-07e9-49d7-b31a-f311eec9e72b
2019-10-18 13:52:47,345 [RatisPipelineUtilsThread] INFO  pipeline.PipelineStateManager (PipelineStateManager.java:addPipeline(56)) - Created pipeline Pipeline[ Id: 91e1a349-82cc-48bd-99ba-3834aa4c93bb, Nodes: 9428a45a-07e9-49d7-b31a-f311eec9e72b{ip: 192.168.34.61, host: pr-hdds-2280-982rn-3954796538, networkLocation: /default-rack, certSerialId: null}, Type:RATIS, Factor:ONE, State:OPEN]
2019-10-18 13:52:47,355 [IPC Server handler 6 on 40376] INFO  net.NetworkTopology (NetworkTopologyImpl.java:add(111)) - Added a new node: /default-rack/6a9ecbe3-efc5-4382-a5d4-7a294f3e4515
2019-10-18 13:52:47,356 [IPC Server handler 6 on 40376] INFO  node.SCMNodeManager (SCMNodeManager.java:register(268)) - Registered Data node : 6a9ecbe3-efc5-4382-a5d4-7a294f3e4515{ip: 192.168.34.61, host: pr-hdds-2280-982rn-3954796538, networkLocation: /default-rack, certSerialId: null}
2019-10-18 13:52:47,361 [grpc-default-executor-4] INFO  impl.RaftServerProxy (RaftServerProxy.java:addNew(89)) - 4e558b94-7600-4ed0-a419-bb082f43a5e2: addNew group-68B6330062A9:[4e558b94-7600-4ed0-a419-bb082f43a5e2:192.168.34.61:35313] returns group-68B6330062A9:java.util.concurrent.CompletableFuture@51f89059[Not completed]
2019-10-18 13:52:47,362 [pool-449-thread-1] INFO  impl.RaftServerImpl (RaftServerImpl.java:<init>(95)) - 4e558b94-7600-4ed0-a419-bb082f43a5e2: new RaftServerImpl for group-68B6330062A9:[4e558b94-7600-4ed0-a419-bb082f43a5e2:192.168.34.61:35313] with ContainerStateMachine:uninitialized
2019-10-18 13:52:47,362 [pool-449-thread-1] INFO  server.RaftServerConfigKeys (ConfUtils.java:logGet(43)) - raft.server.rpc.timeout.min = 5s (custom)
2019-10-18 13:52:47,362 [pool-449-thread-1] INFO  server.RaftServerConfigKeys (ConfUtils.java:logGet(43)) - raft.server.rpc.timeout.max = 5200ms (custom)
2019-10-18 13:52:47,362 [pool-449-thread-1] INFO  server.RaftServerConfigKeys (ConfUtils.java:logGet(43)) - raft.server.rpcslowness.timeout = 120s (custom)
2019-10-18 13:52:47,362 [pool-449-thread-1] INFO  server.RaftServerConfigKeys (ConfUtils.java:logGet(43)) - raft.server.sleep.deviation.threshold = 300 (default)
2019-10-18 13:52:47,362 [pool-449-thread-1] INFO  server.RaftServerConfigKeys (ConfUtils.java:logGet(43)) - raft.server.log.appender.install.snapshot.enabled = false (custom)
2019-10-18 13:52:47,362 [pool-449-thread-1] INFO  impl.RaftServerImpl (ServerState.java:<init>(103)) - 4e558b94-7600-4ed0-a419-bb082f43a5e2@group-68B6330062A9: ConfigurationManager, init=-1: [4e558b94-7600-4ed0-a419-bb082f43a5e2:192.168.34.61:35313], old=null, confs=<EMPTY_MAP>
2019-10-18 13:52:47,362 [pool-449-thread-1] INFO  server.RaftServerConfigKeys (ConfUtils.java:logGet(43)) - raft.server.storage.dir = [/workdir/hadoop-ozone/integration-test/target/test-dir/MiniOzoneClusterImpl-6e28672b-ea3d-42bc-af55-882c331ed2d2/datanode-4/data/ratis] (custom)
2019-10-18 13:52:47,363 [pool-449-thread-1] INFO  server.RaftServerConfigKeys (ConfUtils.java:logGet(43)) - raft.server.log.corruption.policy = EXCEPTION (default)
2019-10-18 13:52:47,363 [pool-449-thread-1] INFO  storage.RaftStorageDirectory (RaftStorageDirectory.java:analyzeStorage(246)) - The storage directory /workdir/hadoop-ozone/integration-test/target/test-dir/MiniOzoneClusterImpl-6e28672b-ea3d-42bc-af55-882c331ed2d2/datanode-4/data/ratis/66200d63-2bdf-412b-beda-68b6330062a9 does not exist. Creating ...
2019-10-18 13:52:47,393 [pool-449-thread-1] INFO  storage.RaftStorageDirectory (RaftStorageDirectory.java:tryLock(328)) - Lock on /workdir/hadoop-ozone/integration-test/target/test-dir/MiniOzoneClusterImpl-6e28672b-ea3d-42bc-af55-882c331ed2d2/datanode-4/data/ratis/66200d63-2bdf-412b-beda-68b6330062a9/in_use.lock acquired by nodename 2894@pr-hdds-2280-982rn-3954796538
2019-10-18 13:52:47,421 [pool-449-thread-1] INFO  storage.RaftStorage (RaftStorage.java:format(84)) - Storage directory /workdir/hadoop-ozone/integration-test/target/test-dir/MiniOzoneClusterImpl-6e28672b-ea3d-42bc-af55-882c331ed2d2/datanode-4/data/ratis/66200d63-2bdf-412b-beda-68b6330062a9 has been successfully formatted.
2019-10-18 13:52:47,422 [pool-449-thread-1] INFO  ratis.ContainerStateMachine (ContainerStateMachine.java:loadSnapshot(231)) - group-68B6330062A9: The snapshot info is null. Setting the last applied indexto:(t:0, i:~)
2019-10-18 13:52:47,422 [pool-449-thread-1] INFO  server.RaftServerConfigKeys (ConfUtils.java:logGet(43)) - raft.server.notification.no-leader.timeout = 120s (custom)
2019-10-18 13:52:47,422 [pool-449-thread-1] INFO  server.RaftServerConfigKeys (ConfUtils.java:logGet(43)) - raft.server.log.use.memory = false (default)
2019-10-18 13:52:47,422 [pool-449-thread-1] INFO  server.RaftServerConfigKeys (ConfUtils.java:logGet(43)) - raft.server.log.purge.gap = 1000000 (custom)
2019-10-18 13:52:47,422 [pool-449-thread-1] INFO  server.RaftServerConfigKeys (ConfUtils.java:logGet(43)) - raft.server.log.appender.buffer.byte-limit = 33554432 (custom)
2019-10-18 13:52:47,422 [pool-449-thread-1] INFO  server.RaftServerConfigKeys (ConfUtils.java:logGet(43)) - raft.server.log.segment.size.max = 1048576 (custom)
2019-10-18 13:52:47,424 [pool-449-thread-1] INFO  server.RaftServerConfigKeys (ConfUtils.java:logGet(43)) - raft.server.log.segment.cache.num.max = 2 (custom)
2019-10-18 13:52:47,424 [pool-449-thread-1] INFO  segmented.SegmentedRaftLogWorker (SegmentedRaftLogWorker.java:<init>(173)) - new 4e558b94-7600-4ed0-a419-bb082f43a5e2@group-68B6330062A9-SegmentedRaftLogWorker for RaftStorage:Storage Directory /workdir/hadoop-ozone/integration-test/target/test-dir/MiniOzoneClusterImpl-6e28672b-ea3d-42bc-af55-882c331ed2d2/datanode-4/data/ratis/66200d63-2bdf-412b-beda-68b6330062a9
2019-10-18 13:52:47,424 [pool-449-thread-1] INFO  server.RaftServerConfigKeys (ConfUtils.java:logGet(43)) - raft.server.log.queue.byte-limit = 2147483647 (custom)
2019-10-18 13:52:47,424 [pool-449-thread-1] INFO  server.RaftServerConfigKeys (ConfUtils.java:logGet(43)) - raft.server.log.queue.element-limit = 1024 (custom)
2019-10-18 13:52:47,424 [pool-449-thread-1] INFO  server.RaftServerConfigKeys (ConfUtils.java:logGet(43)) - raft.server.log.segment.size.max = 1048576 (custom)
2019-10-18 13:52:47,424 [pool-449-thread-1] INFO  server.RaftServerConfigKeys (ConfUtils.java:logGet(43)) - raft.server.log.preallocated.size = 16384 (custom)
2019-10-18 13:52:47,425 [pool-449-thread-1] INFO  server.RaftServerConfigKeys (ConfUtils.java:logGet(43)) - raft.server.log.write.buffer.size = 33554432 (custom)
2019-10-18 13:52:47,425 [pool-449-thread-1] INFO  server.RaftServerConfigKeys (ConfUtils.java:logGet(43)) - raft.server.log.force.sync.num = 128 (default)
2019-10-18 13:52:47,425 [pool-449-thread-1] INFO  server.RaftServerConfigKeys (ConfUtils.java:logGet(43)) - raft.server.log.statemachine.data.sync = true (default)
2019-10-18 13:52:47,425 [pool-449-thread-1] INFO  server.RaftServerConfigKeys (ConfUtils.java:logGet(43)) - raft.server.log.statemachine.data.sync.timeout = 10s (default)
2019-10-18 13:52:47,425 [pool-449-thread-1] INFO  server.RaftServerConfigKeys (ConfUtils.java:logGet(43)) - raft.server.log.statemachine.data.sync.timeout.retry = -1 (default)
2019-10-18 13:52:47,425 [pool-449-thread-1] INFO  server.RaftServerConfigKeys (ConfUtils.java:logGet(43)) - raft.server.log.statemachine.data.caching.enabled = true (custom)
2019-10-18 13:52:47,426 [pool-449-thread-1] INFO  segmented.SegmentedRaftLogWorker (SegmentedRaftLogWorker.java:lambda$new$0(128)) - 4e558b94-7600-4ed0-a419-bb082f43a5e2@group-68B6330062A9-SegmentedRaftLogWorker: flushIndex: setUnconditionally 0 -> -1
2019-10-18 13:52:47,426 [pool-449-thread-1] INFO  server.RaftServerConfigKeys (ConfUtils.java:logGet(43)) - raft.server.snapshot.auto.trigger.enabled = true (custom)
2019-10-18 13:52:47,426 [pool-449-thread-1] INFO  server.RaftServerConfigKeys (ConfUtils.java:logGet(43)) - raft.server.snapshot.auto.trigger.threshold = 10000 (custom)
2019-10-18 13:52:47,426 [pool-449-thread-1] INFO  server.RaftServerConfigKeys (ConfUtils.java:logGet(43)) - raft.server.snapshot.retention.file.num = 5 (custom)
2019-10-18 13:52:47,426 [pool-449-thread-1] INFO  server.RaftServerConfigKeys (ConfUtils.java:logGet(43)) - raft.server.retrycache.expirytime = 600000ms (custom)
2019-10-18 13:52:47,428 [pool-449-thread-1] INFO  impl.RaftServerImpl (RaftServerImpl.java:start(181)) - 4e558b94-7600-4ed0-a419-bb082f43a5e2@group-68B6330062A9: start as a follower, conf=-1: [4e558b94-7600-4ed0-a419-bb082f43a5e2:192.168.34.61:35313], old=null
2019-10-18 13:52:47,428 [pool-449-thread-1] INFO  impl.RaftServerImpl (RaftServerImpl.java:setRole(170)) - 4e558b94-7600-4ed0-a419-bb082f43a5e2@group-68B6330062A9: changes role from      null to FOLLOWER at term 0 for startAsFollower
2019-10-18 13:52:47,428 [pool-449-thread-1] INFO  impl.RoleInfo (RoleInfo.java:updateAndGet(143)) - 4e558b94-7600-4ed0-a419-bb082f43a5e2: start FollowerState
2019-10-18 13:52:47,428 [pool-449-thread-1] INFO  util.JmxRegister (JmxRegister.java:tryRegister(44)) - Successfully registered JMX Bean with object name Ratis:service=RaftServer,group=group-68B6330062A9,id=4e558b94-7600-4ed0-a419-bb082f43a5e2
2019-10-18 13:52:47,432 [RatisPipelineUtilsThread] INFO  pipeline.PipelineStateManager (PipelineStateManager.java:addPipeline(56)) - Created pipeline Pipeline[ Id: 66200d63-2bdf-412b-beda-68b6330062a9, Nodes: 4e558b94-7600-4ed0-a419-bb082f43a5e2{ip: 192.168.34.61, host: pr-hdds-2280-982rn-3954796538, networkLocation: /default-rack, certSerialId: null}, Type:RATIS, Factor:ONE, State:OPEN]
2019-10-18 13:52:47,440 [grpc-default-executor-4] INFO  impl.RaftServerProxy (RaftServerProxy.java:addNew(89)) - 5e7383bb-fda8-40e7-8145-d7b46255a358: addNew group-3CBB7E8CC148:[5e7383bb-fda8-40e7-8145-d7b46255a358:192.168.34.61:37118] returns group-3CBB7E8CC148:java.util.concurrent.CompletableFuture@405f069e[Not completed]
2019-10-18 13:52:47,441 [pool-439-thread-1] INFO  impl.RaftServerImpl (RaftServerImpl.java:<init>(95)) - 5e7383bb-fda8-40e7-8145-d7b46255a358: new RaftServerImpl for group-3CBB7E8CC148:[5e7383bb-fda8-40e7-8145-d7b46255a358:192.168.34.61:37118] with ContainerStateMachine:uninitialized
2019-10-18 13:52:47,441 [pool-439-thread-1] INFO  server.RaftServerConfigKeys (ConfUtils.java:logGet(43)) - raft.server.rpc.timeout.min = 5s (custom)
2019-10-18 13:52:47,441 [pool-439-thread-1] INFO  server.RaftServerConfigKeys (ConfUtils.java:logGet(43)) - raft.server.rpc.timeout.max = 5200ms (custom)
2019-10-18 13:52:47,442 [pool-439-thread-1] INFO  server.RaftServerConfigKeys (ConfUtils.java:logGet(43)) - raft.server.rpcslowness.timeout = 120s (custom)
2019-10-18 13:52:47,442 [pool-439-thread-1] INFO  server.RaftServerConfigKeys (ConfUtils.java:logGet(43)) - raft.server.sleep.deviation.threshold = 300 (default)
2019-10-18 13:52:47,442 [pool-439-thread-1] INFO  server.RaftServerConfigKeys (ConfUtils.java:logGet(43)) - raft.server.log.appender.install.snapshot.enabled = false (custom)
2019-10-18 13:52:47,442 [pool-439-thread-1] INFO  impl.RaftServerImpl (ServerState.java:<init>(103)) - 5e7383bb-fda8-40e7-8145-d7b46255a358@group-3CBB7E8CC148: ConfigurationManager, init=-1: [5e7383bb-fda8-40e7-8145-d7b46255a358:192.168.34.61:37118], old=null, confs=<EMPTY_MAP>
2019-10-18 13:52:47,442 [pool-439-thread-1] INFO  server.RaftServerConfigKeys (ConfUtils.java:logGet(43)) - raft.server.storage.dir = [/workdir/hadoop-ozone/integration-test/target/test-dir/MiniOzoneClusterImpl-6e28672b-ea3d-42bc-af55-882c331ed2d2/datanode-3/data/ratis] (custom)
2019-10-18 13:52:47,442 [pool-439-thread-1] INFO  server.RaftServerConfigKeys (ConfUtils.java:logGet(43)) - raft.server.log.corruption.policy = EXCEPTION (default)
2019-10-18 13:52:47,442 [pool-439-thread-1] INFO  storage.RaftStorageDirectory (RaftStorageDirectory.java:analyzeStorage(246)) - The storage directory /workdir/hadoop-ozone/integration-test/target/test-dir/MiniOzoneClusterImpl-6e28672b-ea3d-42bc-af55-882c331ed2d2/datanode-3/data/ratis/f523abe9-c2c0-48b0-b864-3cbb7e8cc148 does not exist. Creating ...
2019-10-18 13:52:47,449 [main] INFO  ozone.MiniOzoneClusterImpl (MiniOzoneClusterImpl.java:lambda$waitForClusterToBeReady$0(147)) - Waiting for cluster to be ready. Got 6 of 7 DN Heartbeats.
2019-10-18 13:52:47,449 [IPC Server handler 7 on 40376] INFO  net.NetworkTopology (NetworkTopologyImpl.java:add(111)) - Added a new node: /default-rack/766a15ca-6d28-424b-ad9e-89b48d3f1885
2019-10-18 13:52:47,449 [IPC Server handler 7 on 40376] INFO  node.SCMNodeManager (SCMNodeManager.java:register(268)) - Registered Data node : 766a15ca-6d28-424b-ad9e-89b48d3f1885{ip: 192.168.34.61, host: pr-hdds-2280-982rn-3954796538, networkLocation: /default-rack, certSerialId: null}
2019-10-18 13:52:47,496 [pool-439-thread-1] INFO  storage.RaftStorageDirectory (RaftStorageDirectory.java:tryLock(328)) - Lock on /workdir/hadoop-ozone/integration-test/target/test-dir/MiniOzoneClusterImpl-6e28672b-ea3d-42bc-af55-882c331ed2d2/datanode-3/data/ratis/f523abe9-c2c0-48b0-b864-3cbb7e8cc148/in_use.lock acquired by nodename 2894@pr-hdds-2280-982rn-3954796538
2019-10-18 13:52:47,529 [pool-439-thread-1] INFO  storage.RaftStorage (RaftStorage.java:format(84)) - Storage directory /workdir/hadoop-ozone/integration-test/target/test-dir/MiniOzoneClusterImpl-6e28672b-ea3d-42bc-af55-882c331ed2d2/datanode-3/data/ratis/f523abe9-c2c0-48b0-b864-3cbb7e8cc148 has been successfully formatted.
2019-10-18 13:52:47,529 [pool-439-thread-1] INFO  ratis.ContainerStateMachine (ContainerStateMachine.java:loadSnapshot(231)) - group-3CBB7E8CC148: The snapshot info is null. Setting the last applied indexto:(t:0, i:~)
2019-10-18 13:52:47,529 [pool-439-thread-1] INFO  server.RaftServerConfigKeys (ConfUtils.java:logGet(43)) - raft.server.notification.no-leader.timeout = 120s (custom)
2019-10-18 13:52:47,529 [pool-439-thread-1] INFO  server.RaftServerConfigKeys (ConfUtils.java:logGet(43)) - raft.server.log.use.memory = false (default)
2019-10-18 13:52:47,529 [pool-439-thread-1] INFO  server.RaftServerConfigKeys (ConfUtils.java:logGet(43)) - raft.server.log.purge.gap = 1000000 (custom)
2019-10-18 13:52:47,529 [pool-439-thread-1] INFO  server.RaftServerConfigKeys (ConfUtils.java:logGet(43)) - raft.server.log.appender.buffer.byte-limit = 33554432 (custom)
2019-10-18 13:52:47,530 [pool-439-thread-1] INFO  server.RaftServerConfigKeys (ConfUtils.java:logGet(43)) - raft.server.log.segment.size.max = 1048576 (custom)
2019-10-18 13:52:47,531 [pool-439-thread-1] INFO  server.RaftServerConfigKeys (ConfUtils.java:logGet(43)) - raft.server.log.segment.cache.num.max = 2 (custom)
2019-10-18 13:52:47,531 [pool-439-thread-1] INFO  segmented.SegmentedRaftLogWorker (SegmentedRaftLogWorker.java:<init>(173)) - new 5e7383bb-fda8-40e7-8145-d7b46255a358@group-3CBB7E8CC148-SegmentedRaftLogWorker for RaftStorage:Storage Directory /workdir/hadoop-ozone/integration-test/target/test-dir/MiniOzoneClusterImpl-6e28672b-ea3d-42bc-af55-882c331ed2d2/datanode-3/data/ratis/f523abe9-c2c0-48b0-b864-3cbb7e8cc148
2019-10-18 13:52:47,531 [pool-439-thread-1] INFO  server.RaftServerConfigKeys (ConfUtils.java:logGet(43)) - raft.server.log.queue.byte-limit = 2147483647 (custom)
2019-10-18 13:52:47,531 [pool-439-thread-1] INFO  server.RaftServerConfigKeys (ConfUtils.java:logGet(43)) - raft.server.log.queue.element-limit = 1024 (custom)
2019-10-18 13:52:47,531 [pool-439-thread-1] INFO  server.RaftServerConfigKeys (ConfUtils.java:logGet(43)) - raft.server.log.segment.size.max = 1048576 (custom)
2019-10-18 13:52:47,531 [pool-439-thread-1] INFO  server.RaftServerConfigKeys (ConfUtils.java:logGet(43)) - raft.server.log.preallocated.size = 16384 (custom)
2019-10-18 13:52:47,531 [pool-439-thread-1] INFO  server.RaftServerConfigKeys (ConfUtils.java:logGet(43)) - raft.server.log.write.buffer.size = 33554432 (custom)
2019-10-18 13:52:47,532 [pool-439-thread-1] INFO  server.RaftServerConfigKeys (ConfUtils.java:logGet(43)) - raft.server.log.force.sync.num = 128 (default)
2019-10-18 13:52:47,532 [pool-439-thread-1] INFO  server.RaftServerConfigKeys (ConfUtils.java:logGet(43)) - raft.server.log.statemachine.data.sync = true (default)
2019-10-18 13:52:47,532 [pool-439-thread-1] INFO  server.RaftServerConfigKeys (ConfUtils.java:logGet(43)) - raft.server.log.statemachine.data.sync.timeout = 10s (default)
2019-10-18 13:52:47,532 [pool-439-thread-1] INFO  server.RaftServerConfigKeys (ConfUtils.java:logGet(43)) - raft.server.log.statemachine.data.sync.timeout.retry = -1 (default)
2019-10-18 13:52:47,532 [pool-439-thread-1] INFO  server.RaftServerConfigKeys (ConfUtils.java:logGet(43)) - raft.server.log.statemachine.data.caching.enabled = true (custom)
2019-10-18 13:52:47,532 [pool-439-thread-1] INFO  segmented.SegmentedRaftLogWorker (SegmentedRaftLogWorker.java:lambda$new$0(128)) - 5e7383bb-fda8-40e7-8145-d7b46255a358@group-3CBB7E8CC148-SegmentedRaftLogWorker: flushIndex: setUnconditionally 0 -> -1
2019-10-18 13:52:47,533 [pool-439-thread-1] INFO  server.RaftServerConfigKeys (ConfUtils.java:logGet(43)) - raft.server.snapshot.auto.trigger.enabled = true (custom)
2019-10-18 13:52:47,533 [pool-439-thread-1] INFO  server.RaftServerConfigKeys (ConfUtils.java:logGet(43)) - raft.server.snapshot.auto.trigger.threshold = 10000 (custom)
2019-10-18 13:52:47,533 [pool-439-thread-1] INFO  server.RaftServerConfigKeys (ConfUtils.java:logGet(43)) - raft.server.snapshot.retention.file.num = 5 (custom)
2019-10-18 13:52:47,533 [pool-439-thread-1] INFO  server.RaftServerConfigKeys (ConfUtils.java:logGet(43)) - raft.server.retrycache.expirytime = 600000ms (custom)
2019-10-18 13:52:47,534 [pool-439-thread-1] INFO  impl.RaftServerImpl (RaftServerImpl.java:start(181)) - 5e7383bb-fda8-40e7-8145-d7b46255a358@group-3CBB7E8CC148: start as a follower, conf=-1: [5e7383bb-fda8-40e7-8145-d7b46255a358:192.168.34.61:37118], old=null
2019-10-18 13:52:47,534 [pool-439-thread-1] INFO  impl.RaftServerImpl (RaftServerImpl.java:setRole(170)) - 5e7383bb-fda8-40e7-8145-d7b46255a358@group-3CBB7E8CC148: changes role from      null to FOLLOWER at term 0 for startAsFollower
2019-10-18 13:52:47,534 [pool-439-thread-1] INFO  impl.RoleInfo (RoleInfo.java:updateAndGet(143)) - 5e7383bb-fda8-40e7-8145-d7b46255a358: start FollowerState
2019-10-18 13:52:47,545 [pool-439-thread-1] INFO  util.JmxRegister (JmxRegister.java:tryRegister(44)) - Successfully registered JMX Bean with object name Ratis:service=RaftServer,group=group-3CBB7E8CC148,id=5e7383bb-fda8-40e7-8145-d7b46255a358
2019-10-18 13:52:47,556 [RatisPipelineUtilsThread] INFO  pipeline.PipelineStateManager (PipelineStateManager.java:addPipeline(56)) - Created pipeline Pipeline[ Id: f523abe9-c2c0-48b0-b864-3cbb7e8cc148, Nodes: 5e7383bb-fda8-40e7-8145-d7b46255a358{ip: 192.168.34.61, host: pr-hdds-2280-982rn-3954796538, networkLocation: /default-rack, certSerialId: null}, Type:RATIS, Factor:ONE, State:OPEN]
2019-10-18 13:52:47,565 [grpc-default-executor-4] INFO  impl.RaftServerProxy (RaftServerProxy.java:addNew(89)) - 766a15ca-6d28-424b-ad9e-89b48d3f1885: addNew group-C5A445DF5ACA:[766a15ca-6d28-424b-ad9e-89b48d3f1885:192.168.34.61:36275] returns group-C5A445DF5ACA:java.util.concurrent.CompletableFuture@35c8d3a6[Not completed]
2019-10-18 13:52:47,566 [pool-469-thread-1] INFO  impl.RaftServerImpl (RaftServerImpl.java:<init>(95)) - 766a15ca-6d28-424b-ad9e-89b48d3f1885: new RaftServerImpl for group-C5A445DF5ACA:[766a15ca-6d28-424b-ad9e-89b48d3f1885:192.168.34.61:36275] with ContainerStateMachine:uninitialized
2019-10-18 13:52:47,566 [pool-469-thread-1] INFO  server.RaftServerConfigKeys (ConfUtils.java:logGet(43)) - raft.server.rpc.timeout.min = 5s (custom)
2019-10-18 13:52:47,566 [pool-469-thread-1] INFO  server.RaftServerConfigKeys (ConfUtils.java:logGet(43)) - raft.server.rpc.timeout.max = 5200ms (custom)
2019-10-18 13:52:47,566 [pool-469-thread-1] INFO  server.RaftServerConfigKeys (ConfUtils.java:logGet(43)) - raft.server.rpcslowness.timeout = 120s (custom)
2019-10-18 13:52:47,566 [pool-469-thread-1] INFO  server.RaftServerConfigKeys (ConfUtils.java:logGet(43)) - raft.server.sleep.deviation.threshold = 300 (default)
2019-10-18 13:52:47,566 [pool-469-thread-1] INFO  server.RaftServerConfigKeys (ConfUtils.java:logGet(43)) - raft.server.log.appender.install.snapshot.enabled = false (custom)
2019-10-18 13:52:47,566 [pool-469-thread-1] INFO  impl.RaftServerImpl (ServerState.java:<init>(103)) - 766a15ca-6d28-424b-ad9e-89b48d3f1885@group-C5A445DF5ACA: ConfigurationManager, init=-1: [766a15ca-6d28-424b-ad9e-89b48d3f1885:192.168.34.61:36275], old=null, confs=<EMPTY_MAP>
2019-10-18 13:52:47,567 [pool-469-thread-1] INFO  server.RaftServerConfigKeys (ConfUtils.java:logGet(43)) - raft.server.storage.dir = [/workdir/hadoop-ozone/integration-test/target/test-dir/MiniOzoneClusterImpl-6e28672b-ea3d-42bc-af55-882c331ed2d2/datanode-6/data/ratis] (custom)
2019-10-18 13:52:47,567 [pool-469-thread-1] INFO  server.RaftServerConfigKeys (ConfUtils.java:logGet(43)) - raft.server.log.corruption.policy = EXCEPTION (default)
2019-10-18 13:52:47,567 [pool-469-thread-1] INFO  storage.RaftStorageDirectory (RaftStorageDirectory.java:analyzeStorage(246)) - The storage directory /workdir/hadoop-ozone/integration-test/target/test-dir/MiniOzoneClusterImpl-6e28672b-ea3d-42bc-af55-882c331ed2d2/datanode-6/data/ratis/2b3e5b6f-6d73-48a1-8c4c-c5a445df5aca does not exist. Creating ...
2019-10-18 13:52:47,640 [pool-469-thread-1] INFO  storage.RaftStorageDirectory (RaftStorageDirectory.java:tryLock(328)) - Lock on /workdir/hadoop-ozone/integration-test/target/test-dir/MiniOzoneClusterImpl-6e28672b-ea3d-42bc-af55-882c331ed2d2/datanode-6/data/ratis/2b3e5b6f-6d73-48a1-8c4c-c5a445df5aca/in_use.lock acquired by nodename 2894@pr-hdds-2280-982rn-3954796538
2019-10-18 13:52:47,714 [pool-469-thread-1] INFO  storage.RaftStorage (RaftStorage.java:format(84)) - Storage directory /workdir/hadoop-ozone/integration-test/target/test-dir/MiniOzoneClusterImpl-6e28672b-ea3d-42bc-af55-882c331ed2d2/datanode-6/data/ratis/2b3e5b6f-6d73-48a1-8c4c-c5a445df5aca has been successfully formatted.
2019-10-18 13:52:47,714 [pool-469-thread-1] INFO  ratis.ContainerStateMachine (ContainerStateMachine.java:loadSnapshot(231)) - group-C5A445DF5ACA: The snapshot info is null. Setting the last applied indexto:(t:0, i:~)
2019-10-18 13:52:47,715 [pool-469-thread-1] INFO  server.RaftServerConfigKeys (ConfUtils.java:logGet(43)) - raft.server.notification.no-leader.timeout = 120s (custom)
2019-10-18 13:52:47,715 [pool-469-thread-1] INFO  server.RaftServerConfigKeys (ConfUtils.java:logGet(43)) - raft.server.log.use.memory = false (default)
2019-10-18 13:52:47,715 [pool-469-thread-1] INFO  server.RaftServerConfigKeys (ConfUtils.java:logGet(43)) - raft.server.log.purge.gap = 1000000 (custom)
2019-10-18 13:52:47,715 [pool-469-thread-1] INFO  server.RaftServerConfigKeys (ConfUtils.java:logGet(43)) - raft.server.log.appender.buffer.byte-limit = 33554432 (custom)
2019-10-18 13:52:47,715 [pool-469-thread-1] INFO  server.RaftServerConfigKeys (ConfUtils.java:logGet(43)) - raft.server.log.segment.size.max = 1048576 (custom)
2019-10-18 13:52:47,717 [pool-469-thread-1] INFO  server.RaftServerConfigKeys (ConfUtils.java:logGet(43)) - raft.server.log.segment.cache.num.max = 2 (custom)
2019-10-18 13:52:47,717 [pool-469-thread-1] INFO  segmented.SegmentedRaftLogWorker (SegmentedRaftLogWorker.java:<init>(173)) - new 766a15ca-6d28-424b-ad9e-89b48d3f1885@group-C5A445DF5ACA-SegmentedRaftLogWorker for RaftStorage:Storage Directory /workdir/hadoop-ozone/integration-test/target/test-dir/MiniOzoneClusterImpl-6e28672b-ea3d-42bc-af55-882c331ed2d2/datanode-6/data/ratis/2b3e5b6f-6d73-48a1-8c4c-c5a445df5aca
2019-10-18 13:52:47,717 [pool-469-thread-1] INFO  server.RaftServerConfigKeys (ConfUtils.java:logGet(43)) - raft.server.log.queue.byte-limit = 2147483647 (custom)
2019-10-18 13:52:47,717 [pool-469-thread-1] INFO  server.RaftServerConfigKeys (ConfUtils.java:logGet(43)) - raft.server.log.queue.element-limit = 1024 (custom)
2019-10-18 13:52:47,717 [pool-469-thread-1] INFO  server.RaftServerConfigKeys (ConfUtils.java:logGet(43)) - raft.server.log.segment.size.max = 1048576 (custom)
2019-10-18 13:52:47,718 [pool-469-thread-1] INFO  server.RaftServerConfigKeys (ConfUtils.java:logGet(43)) - raft.server.log.preallocated.size = 16384 (custom)
2019-10-18 13:52:47,718 [pool-469-thread-1] INFO  server.RaftServerConfigKeys (ConfUtils.java:logGet(43)) - raft.server.log.write.buffer.size = 33554432 (custom)
2019-10-18 13:52:47,718 [pool-469-thread-1] INFO  server.RaftServerConfigKeys (ConfUtils.java:logGet(43)) - raft.server.log.force.sync.num = 128 (default)
2019-10-18 13:52:47,718 [pool-469-thread-1] INFO  server.RaftServerConfigKeys (ConfUtils.java:logGet(43)) - raft.server.log.statemachine.data.sync = true (default)
2019-10-18 13:52:47,718 [pool-469-thread-1] INFO  server.RaftServerConfigKeys (ConfUtils.java:logGet(43)) - raft.server.log.statemachine.data.sync.timeout = 10s (default)
2019-10-18 13:52:47,718 [pool-469-thread-1] INFO  server.RaftServerConfigKeys (ConfUtils.java:logGet(43)) - raft.server.log.statemachine.data.sync.timeout.retry = -1 (default)
2019-10-18 13:52:47,719 [pool-469-thread-1] INFO  server.RaftServerConfigKeys (ConfUtils.java:logGet(43)) - raft.server.log.statemachine.data.caching.enabled = true (custom)
2019-10-18 13:52:47,719 [pool-469-thread-1] INFO  segmented.SegmentedRaftLogWorker (SegmentedRaftLogWorker.java:lambda$new$0(128)) - 766a15ca-6d28-424b-ad9e-89b48d3f1885@group-C5A445DF5ACA-SegmentedRaftLogWorker: flushIndex: setUnconditionally 0 -> -1
2019-10-18 13:52:47,719 [pool-469-thread-1] INFO  server.RaftServerConfigKeys (ConfUtils.java:logGet(43)) - raft.server.snapshot.auto.trigger.enabled = true (custom)
2019-10-18 13:52:47,719 [pool-469-thread-1] INFO  server.RaftServerConfigKeys (ConfUtils.java:logGet(43)) - raft.server.snapshot.auto.trigger.threshold = 10000 (custom)
2019-10-18 13:52:47,720 [pool-469-thread-1] INFO  server.RaftServerConfigKeys (ConfUtils.java:logGet(43)) - raft.server.snapshot.retention.file.num = 5 (custom)
2019-10-18 13:52:47,720 [pool-469-thread-1] INFO  server.RaftServerConfigKeys (ConfUtils.java:logGet(43)) - raft.server.retrycache.expirytime = 600000ms (custom)
2019-10-18 13:52:47,721 [pool-469-thread-1] INFO  impl.RaftServerImpl (RaftServerImpl.java:start(181)) - 766a15ca-6d28-424b-ad9e-89b48d3f1885@group-C5A445DF5ACA: start as a follower, conf=-1: [766a15ca-6d28-424b-ad9e-89b48d3f1885:192.168.34.61:36275], old=null
2019-10-18 13:52:47,722 [pool-469-thread-1] INFO  impl.RaftServerImpl (RaftServerImpl.java:setRole(170)) - 766a15ca-6d28-424b-ad9e-89b48d3f1885@group-C5A445DF5ACA: changes role from      null to FOLLOWER at term 0 for startAsFollower
2019-10-18 13:52:47,722 [pool-469-thread-1] INFO  impl.RoleInfo (RoleInfo.java:updateAndGet(143)) - 766a15ca-6d28-424b-ad9e-89b48d3f1885: start FollowerState
2019-10-18 13:52:47,722 [pool-469-thread-1] INFO  util.JmxRegister (JmxRegister.java:tryRegister(44)) - Successfully registered JMX Bean with object name Ratis:service=RaftServer,group=group-C5A445DF5ACA,id=766a15ca-6d28-424b-ad9e-89b48d3f1885
2019-10-18 13:52:47,726 [RatisPipelineUtilsThread] INFO  pipeline.PipelineStateManager (PipelineStateManager.java:addPipeline(56)) - Created pipeline Pipeline[ Id: 2b3e5b6f-6d73-48a1-8c4c-c5a445df5aca, Nodes: 766a15ca-6d28-424b-ad9e-89b48d3f1885{ip: 192.168.34.61, host: pr-hdds-2280-982rn-3954796538, networkLocation: /default-rack, certSerialId: null}, Type:RATIS, Factor:ONE, State:OPEN]
2019-10-18 13:52:47,735 [grpc-default-executor-4] INFO  impl.RaftServerProxy (RaftServerProxy.java:addNew(89)) - c22dcba3-59d1-4fc8-9c25-9292db9117bd: addNew group-C823C2A1C895:[c22dcba3-59d1-4fc8-9c25-9292db9117bd:192.168.34.61:43563] returns group-C823C2A1C895:java.util.concurrent.CompletableFuture@63cefef0[Not completed]
2019-10-18 13:52:47,736 [pool-419-thread-1] INFO  impl.RaftServerImpl (RaftServerImpl.java:<init>(95)) - c22dcba3-59d1-4fc8-9c25-9292db9117bd: new RaftServerImpl for group-C823C2A1C895:[c22dcba3-59d1-4fc8-9c25-9292db9117bd:192.168.34.61:43563] with ContainerStateMachine:uninitialized
2019-10-18 13:52:47,736 [pool-419-thread-1] INFO  server.RaftServerConfigKeys (ConfUtils.java:logGet(43)) - raft.server.rpc.timeout.min = 5s (custom)
2019-10-18 13:52:47,736 [pool-419-thread-1] INFO  server.RaftServerConfigKeys (ConfUtils.java:logGet(43)) - raft.server.rpc.timeout.max = 5200ms (custom)
2019-10-18 13:52:47,736 [pool-419-thread-1] INFO  server.RaftServerConfigKeys (ConfUtils.java:logGet(43)) - raft.server.rpcslowness.timeout = 120s (custom)
2019-10-18 13:52:47,737 [pool-419-thread-1] INFO  server.RaftServerConfigKeys (ConfUtils.java:logGet(43)) - raft.server.sleep.deviation.threshold = 300 (default)
2019-10-18 13:52:47,737 [pool-419-thread-1] INFO  server.RaftServerConfigKeys (ConfUtils.java:logGet(43)) - raft.server.log.appender.install.snapshot.enabled = false (custom)
2019-10-18 13:52:47,737 [pool-419-thread-1] INFO  impl.RaftServerImpl (ServerState.java:<init>(103)) - c22dcba3-59d1-4fc8-9c25-9292db9117bd@group-C823C2A1C895: ConfigurationManager, init=-1: [c22dcba3-59d1-4fc8-9c25-9292db9117bd:192.168.34.61:43563], old=null, confs=<EMPTY_MAP>
2019-10-18 13:52:47,737 [pool-419-thread-1] INFO  server.RaftServerConfigKeys (ConfUtils.java:logGet(43)) - raft.server.storage.dir = [/workdir/hadoop-ozone/integration-test/target/test-dir/MiniOzoneClusterImpl-6e28672b-ea3d-42bc-af55-882c331ed2d2/datanode-1/data/ratis] (custom)
2019-10-18 13:52:47,737 [pool-419-thread-1] INFO  server.RaftServerConfigKeys (ConfUtils.java:logGet(43)) - raft.server.log.corruption.policy = EXCEPTION (default)
2019-10-18 13:52:47,738 [pool-419-thread-1] INFO  storage.RaftStorageDirectory (RaftStorageDirectory.java:analyzeStorage(246)) - The storage directory /workdir/hadoop-ozone/integration-test/target/test-dir/MiniOzoneClusterImpl-6e28672b-ea3d-42bc-af55-882c331ed2d2/datanode-1/data/ratis/e99ba1a3-ce87-45fe-b7ca-c823c2a1c895 does not exist. Creating ...
2019-10-18 13:52:47,813 [pool-419-thread-1] INFO  storage.RaftStorageDirectory (RaftStorageDirectory.java:tryLock(328)) - Lock on /workdir/hadoop-ozone/integration-test/target/test-dir/MiniOzoneClusterImpl-6e28672b-ea3d-42bc-af55-882c331ed2d2/datanode-1/data/ratis/e99ba1a3-ce87-45fe-b7ca-c823c2a1c895/in_use.lock acquired by nodename 2894@pr-hdds-2280-982rn-3954796538
2019-10-18 13:52:47,894 [pool-419-thread-1] INFO  storage.RaftStorage (RaftStorage.java:format(84)) - Storage directory /workdir/hadoop-ozone/integration-test/target/test-dir/MiniOzoneClusterImpl-6e28672b-ea3d-42bc-af55-882c331ed2d2/datanode-1/data/ratis/e99ba1a3-ce87-45fe-b7ca-c823c2a1c895 has been successfully formatted.
2019-10-18 13:52:47,895 [pool-419-thread-1] INFO  ratis.ContainerStateMachine (ContainerStateMachine.java:loadSnapshot(231)) - group-C823C2A1C895: The snapshot info is null. Setting the last applied indexto:(t:0, i:~)
2019-10-18 13:52:47,895 [pool-419-thread-1] INFO  server.RaftServerConfigKeys (ConfUtils.java:logGet(43)) - raft.server.notification.no-leader.timeout = 120s (custom)
2019-10-18 13:52:47,895 [pool-419-thread-1] INFO  server.RaftServerConfigKeys (ConfUtils.java:logGet(43)) - raft.server.log.use.memory = false (default)
2019-10-18 13:52:47,895 [pool-419-thread-1] INFO  server.RaftServerConfigKeys (ConfUtils.java:logGet(43)) - raft.server.log.purge.gap = 1000000 (custom)
2019-10-18 13:52:47,896 [pool-419-thread-1] INFO  server.RaftServerConfigKeys (ConfUtils.java:logGet(43)) - raft.server.log.appender.buffer.byte-limit = 33554432 (custom)
2019-10-18 13:52:47,896 [pool-419-thread-1] INFO  server.RaftServerConfigKeys (ConfUtils.java:logGet(43)) - raft.server.log.segment.size.max = 1048576 (custom)
2019-10-18 13:52:47,898 [pool-419-thread-1] INFO  server.RaftServerConfigKeys (ConfUtils.java:logGet(43)) - raft.server.log.segment.cache.num.max = 2 (custom)
2019-10-18 13:52:47,898 [pool-419-thread-1] INFO  segmented.SegmentedRaftLogWorker (SegmentedRaftLogWorker.java:<init>(173)) - new c22dcba3-59d1-4fc8-9c25-9292db9117bd@group-C823C2A1C895-SegmentedRaftLogWorker for RaftStorage:Storage Directory /workdir/hadoop-ozone/integration-test/target/test-dir/MiniOzoneClusterImpl-6e28672b-ea3d-42bc-af55-882c331ed2d2/datanode-1/data/ratis/e99ba1a3-ce87-45fe-b7ca-c823c2a1c895
2019-10-18 13:52:47,898 [pool-419-thread-1] INFO  server.RaftServerConfigKeys (ConfUtils.java:logGet(43)) - raft.server.log.queue.byte-limit = 2147483647 (custom)
2019-10-18 13:52:47,898 [pool-419-thread-1] INFO  server.RaftServerConfigKeys (ConfUtils.java:logGet(43)) - raft.server.log.queue.element-limit = 1024 (custom)
2019-10-18 13:52:47,898 [pool-419-thread-1] INFO  server.RaftServerConfigKeys (ConfUtils.java:logGet(43)) - raft.server.log.segment.size.max = 1048576 (custom)
2019-10-18 13:52:47,898 [pool-419-thread-1] INFO  server.RaftServerConfigKeys (ConfUtils.java:logGet(43)) - raft.server.log.preallocated.size = 16384 (custom)
2019-10-18 13:52:47,898 [pool-419-thread-1] INFO  server.RaftServerConfigKeys (ConfUtils.java:logGet(43)) - raft.server.log.write.buffer.size = 33554432 (custom)
2019-10-18 13:52:47,899 [pool-419-thread-1] INFO  server.RaftServerConfigKeys (ConfUtils.java:logGet(43)) - raft.server.log.force.sync.num = 128 (default)
2019-10-18 13:52:47,899 [pool-419-thread-1] INFO  server.RaftServerConfigKeys (ConfUtils.java:logGet(43)) - raft.server.log.statemachine.data.sync = true (default)
2019-10-18 13:52:47,899 [pool-419-thread-1] INFO  server.RaftServerConfigKeys (ConfUtils.java:logGet(43)) - raft.server.log.statemachine.data.sync.timeout = 10s (default)
2019-10-18 13:52:47,899 [pool-419-thread-1] INFO  server.RaftServerConfigKeys (ConfUtils.java:logGet(43)) - raft.server.log.statemachine.data.sync.timeout.retry = -1 (default)
2019-10-18 13:52:47,899 [pool-419-thread-1] INFO  server.RaftServerConfigKeys (ConfUtils.java:logGet(43)) - raft.server.log.statemachine.data.caching.enabled = true (custom)
2019-10-18 13:52:47,900 [pool-419-thread-1] INFO  segmented.SegmentedRaftLogWorker (SegmentedRaftLogWorker.java:lambda$new$0(128)) - c22dcba3-59d1-4fc8-9c25-9292db9117bd@group-C823C2A1C895-SegmentedRaftLogWorker: flushIndex: setUnconditionally 0 -> -1
2019-10-18 13:52:47,900 [pool-419-thread-1] INFO  server.RaftServerConfigKeys (ConfUtils.java:logGet(43)) - raft.server.snapshot.auto.trigger.enabled = true (custom)
2019-10-18 13:52:47,900 [pool-419-thread-1] INFO  server.RaftServerConfigKeys (ConfUtils.java:logGet(43)) - raft.server.snapshot.auto.trigger.threshold = 10000 (custom)
2019-10-18 13:52:47,900 [pool-419-thread-1] INFO  server.RaftServerConfigKeys (ConfUtils.java:logGet(43)) - raft.server.snapshot.retention.file.num = 5 (custom)
2019-10-18 13:52:47,900 [pool-419-thread-1] INFO  server.RaftServerConfigKeys (ConfUtils.java:logGet(43)) - raft.server.retrycache.expirytime = 600000ms (custom)
2019-10-18 13:52:47,902 [pool-419-thread-1] INFO  impl.RaftServerImpl (RaftServerImpl.java:start(181)) - c22dcba3-59d1-4fc8-9c25-9292db9117bd@group-C823C2A1C895: start as a follower, conf=-1: [c22dcba3-59d1-4fc8-9c25-9292db9117bd:192.168.34.61:43563], old=null
2019-10-18 13:52:47,902 [pool-419-thread-1] INFO  impl.RaftServerImpl (RaftServerImpl.java:setRole(170)) - c22dcba3-59d1-4fc8-9c25-9292db9117bd@group-C823C2A1C895: changes role from      null to FOLLOWER at term 0 for startAsFollower
2019-10-18 13:52:47,902 [pool-419-thread-1] INFO  impl.RoleInfo (RoleInfo.java:updateAndGet(143)) - c22dcba3-59d1-4fc8-9c25-9292db9117bd: start FollowerState
2019-10-18 13:52:47,903 [pool-419-thread-1] INFO  util.JmxRegister (JmxRegister.java:tryRegister(44)) - Successfully registered JMX Bean with object name Ratis:service=RaftServer,group=group-C823C2A1C895,id=c22dcba3-59d1-4fc8-9c25-9292db9117bd
2019-10-18 13:52:47,907 [RatisPipelineUtilsThread] INFO  pipeline.PipelineStateManager (PipelineStateManager.java:addPipeline(56)) - Created pipeline Pipeline[ Id: e99ba1a3-ce87-45fe-b7ca-c823c2a1c895, Nodes: c22dcba3-59d1-4fc8-9c25-9292db9117bd{ip: 192.168.34.61, host: pr-hdds-2280-982rn-3954796538, networkLocation: /default-rack, certSerialId: null}, Type:RATIS, Factor:ONE, State:OPEN]
2019-10-18 13:52:47,917 [grpc-default-executor-4] INFO  impl.RaftServerProxy (RaftServerProxy.java:addNew(89)) - 6a9ecbe3-efc5-4382-a5d4-7a294f3e4515: addNew group-BF20279129DE:[6a9ecbe3-efc5-4382-a5d4-7a294f3e4515:192.168.34.61:43503] returns group-BF20279129DE:java.util.concurrent.CompletableFuture@46731207[Not completed]
2019-10-18 13:52:47,919 [pool-459-thread-1] INFO  impl.RaftServerImpl (RaftServerImpl.java:<init>(95)) - 6a9ecbe3-efc5-4382-a5d4-7a294f3e4515: new RaftServerImpl for group-BF20279129DE:[6a9ecbe3-efc5-4382-a5d4-7a294f3e4515:192.168.34.61:43503] with ContainerStateMachine:uninitialized
2019-10-18 13:52:47,919 [pool-459-thread-1] INFO  server.RaftServerConfigKeys (ConfUtils.java:logGet(43)) - raft.server.rpc.timeout.min = 5s (custom)
2019-10-18 13:52:47,919 [pool-459-thread-1] INFO  server.RaftServerConfigKeys (ConfUtils.java:logGet(43)) - raft.server.rpc.timeout.max = 5200ms (custom)
2019-10-18 13:52:47,919 [pool-459-thread-1] INFO  server.RaftServerConfigKeys (ConfUtils.java:logGet(43)) - raft.server.rpcslowness.timeout = 120s (custom)
2019-10-18 13:52:47,919 [pool-459-thread-1] INFO  server.RaftServerConfigKeys (ConfUtils.java:logGet(43)) - raft.server.sleep.deviation.threshold = 300 (default)
2019-10-18 13:52:47,920 [pool-459-thread-1] INFO  server.RaftServerConfigKeys (ConfUtils.java:logGet(43)) - raft.server.log.appender.install.snapshot.enabled = false (custom)
2019-10-18 13:52:47,920 [pool-459-thread-1] INFO  impl.RaftServerImpl (ServerState.java:<init>(103)) - 6a9ecbe3-efc5-4382-a5d4-7a294f3e4515@group-BF20279129DE: ConfigurationManager, init=-1: [6a9ecbe3-efc5-4382-a5d4-7a294f3e4515:192.168.34.61:43503], old=null, confs=<EMPTY_MAP>
2019-10-18 13:52:47,920 [pool-459-thread-1] INFO  server.RaftServerConfigKeys (ConfUtils.java:logGet(43)) - raft.server.storage.dir = [/workdir/hadoop-ozone/integration-test/target/test-dir/MiniOzoneClusterImpl-6e28672b-ea3d-42bc-af55-882c331ed2d2/datanode-5/data/ratis] (custom)
2019-10-18 13:52:47,920 [pool-459-thread-1] INFO  server.RaftServerConfigKeys (ConfUtils.java:logGet(43)) - raft.server.log.corruption.policy = EXCEPTION (default)
2019-10-18 13:52:47,920 [pool-459-thread-1] INFO  storage.RaftStorageDirectory (RaftStorageDirectory.java:analyzeStorage(246)) - The storage directory /workdir/hadoop-ozone/integration-test/target/test-dir/MiniOzoneClusterImpl-6e28672b-ea3d-42bc-af55-882c331ed2d2/datanode-5/data/ratis/e6d91018-64d7-45b6-abb6-bf20279129de does not exist. Creating ...
2019-10-18 13:52:47,952 [pool-459-thread-1] INFO  storage.RaftStorageDirectory (RaftStorageDirectory.java:tryLock(328)) - Lock on /workdir/hadoop-ozone/integration-test/target/test-dir/MiniOzoneClusterImpl-6e28672b-ea3d-42bc-af55-882c331ed2d2/datanode-5/data/ratis/e6d91018-64d7-45b6-abb6-bf20279129de/in_use.lock acquired by nodename 2894@pr-hdds-2280-982rn-3954796538
2019-10-18 13:52:47,998 [pool-459-thread-1] INFO  storage.RaftStorage (RaftStorage.java:format(84)) - Storage directory /workdir/hadoop-ozone/integration-test/target/test-dir/MiniOzoneClusterImpl-6e28672b-ea3d-42bc-af55-882c331ed2d2/datanode-5/data/ratis/e6d91018-64d7-45b6-abb6-bf20279129de has been successfully formatted.
2019-10-18 13:52:47,998 [pool-459-thread-1] INFO  ratis.ContainerStateMachine (ContainerStateMachine.java:loadSnapshot(231)) - group-BF20279129DE: The snapshot info is null. Setting the last applied indexto:(t:0, i:~)
2019-10-18 13:52:47,998 [pool-459-thread-1] INFO  server.RaftServerConfigKeys (ConfUtils.java:logGet(43)) - raft.server.notification.no-leader.timeout = 120s (custom)
2019-10-18 13:52:47,999 [pool-459-thread-1] INFO  server.RaftServerConfigKeys (ConfUtils.java:logGet(43)) - raft.server.log.use.memory = false (default)
2019-10-18 13:52:47,999 [pool-459-thread-1] INFO  server.RaftServerConfigKeys (ConfUtils.java:logGet(43)) - raft.server.log.purge.gap = 1000000 (custom)
2019-10-18 13:52:47,999 [pool-459-thread-1] INFO  server.RaftServerConfigKeys (ConfUtils.java:logGet(43)) - raft.server.log.appender.buffer.byte-limit = 33554432 (custom)
2019-10-18 13:52:47,999 [pool-459-thread-1] INFO  server.RaftServerConfigKeys (ConfUtils.java:logGet(43)) - raft.server.log.segment.size.max = 1048576 (custom)
2019-10-18 13:52:48,001 [pool-459-thread-1] INFO  server.RaftServerConfigKeys (ConfUtils.java:logGet(43)) - raft.server.log.segment.cache.num.max = 2 (custom)
2019-10-18 13:52:48,001 [pool-459-thread-1] INFO  segmented.SegmentedRaftLogWorker (SegmentedRaftLogWorker.java:<init>(173)) - new 6a9ecbe3-efc5-4382-a5d4-7a294f3e4515@group-BF20279129DE-SegmentedRaftLogWorker for RaftStorage:Storage Directory /workdir/hadoop-ozone/integration-test/target/test-dir/MiniOzoneClusterImpl-6e28672b-ea3d-42bc-af55-882c331ed2d2/datanode-5/data/ratis/e6d91018-64d7-45b6-abb6-bf20279129de
2019-10-18 13:52:48,001 [pool-459-thread-1] INFO  server.RaftServerConfigKeys (ConfUtils.java:logGet(43)) - raft.server.log.queue.byte-limit = 2147483647 (custom)
2019-10-18 13:52:48,001 [pool-459-thread-1] INFO  server.RaftServerConfigKeys (ConfUtils.java:logGet(43)) - raft.server.log.queue.element-limit = 1024 (custom)
2019-10-18 13:52:48,001 [pool-459-thread-1] INFO  server.RaftServerConfigKeys (ConfUtils.java:logGet(43)) - raft.server.log.segment.size.max = 1048576 (custom)
2019-10-18 13:52:48,001 [pool-459-thread-1] INFO  server.RaftServerConfigKeys (ConfUtils.java:logGet(43)) - raft.server.log.preallocated.size = 16384 (custom)
2019-10-18 13:52:48,002 [pool-459-thread-1] INFO  server.RaftServerConfigKeys (ConfUtils.java:logGet(43)) - raft.server.log.write.buffer.size = 33554432 (custom)
2019-10-18 13:52:48,002 [pool-459-thread-1] INFO  server.RaftServerConfigKeys (ConfUtils.java:logGet(43)) - raft.server.log.force.sync.num = 128 (default)
2019-10-18 13:52:48,002 [pool-459-thread-1] INFO  server.RaftServerConfigKeys (ConfUtils.java:logGet(43)) - raft.server.log.statemachine.data.sync = true (default)
2019-10-18 13:52:48,002 [pool-459-thread-1] INFO  server.RaftServerConfigKeys (ConfUtils.java:logGet(43)) - raft.server.log.statemachine.data.sync.timeout = 10s (default)
2019-10-18 13:52:48,002 [pool-459-thread-1] INFO  server.RaftServerConfigKeys (ConfUtils.java:logGet(43)) - raft.server.log.statemachine.data.sync.timeout.retry = -1 (default)
2019-10-18 13:52:48,002 [pool-459-thread-1] INFO  server.RaftServerConfigKeys (ConfUtils.java:logGet(43)) - raft.server.log.statemachine.data.caching.enabled = true (custom)
2019-10-18 13:52:48,003 [pool-459-thread-1] INFO  segmented.SegmentedRaftLogWorker (SegmentedRaftLogWorker.java:lambda$new$0(128)) - 6a9ecbe3-efc5-4382-a5d4-7a294f3e4515@group-BF20279129DE-SegmentedRaftLogWorker: flushIndex: setUnconditionally 0 -> -1
2019-10-18 13:52:48,003 [pool-459-thread-1] INFO  server.RaftServerConfigKeys (ConfUtils.java:logGet(43)) - raft.server.snapshot.auto.trigger.enabled = true (custom)
2019-10-18 13:52:48,003 [pool-459-thread-1] INFO  server.RaftServerConfigKeys (ConfUtils.java:logGet(43)) - raft.server.snapshot.auto.trigger.threshold = 10000 (custom)
2019-10-18 13:52:48,003 [pool-459-thread-1] INFO  server.RaftServerConfigKeys (ConfUtils.java:logGet(43)) - raft.server.snapshot.retention.file.num = 5 (custom)
2019-10-18 13:52:48,003 [pool-459-thread-1] INFO  server.RaftServerConfigKeys (ConfUtils.java:logGet(43)) - raft.server.retrycache.expirytime = 600000ms (custom)
2019-10-18 13:52:48,005 [pool-459-thread-1] INFO  impl.RaftServerImpl (RaftServerImpl.java:start(181)) - 6a9ecbe3-efc5-4382-a5d4-7a294f3e4515@group-BF20279129DE: start as a follower, conf=-1: [6a9ecbe3-efc5-4382-a5d4-7a294f3e4515:192.168.34.61:43503], old=null
2019-10-18 13:52:48,005 [pool-459-thread-1] INFO  impl.RaftServerImpl (RaftServerImpl.java:setRole(170)) - 6a9ecbe3-efc5-4382-a5d4-7a294f3e4515@group-BF20279129DE: changes role from      null to FOLLOWER at term 0 for startAsFollower
2019-10-18 13:52:48,005 [pool-459-thread-1] INFO  impl.RoleInfo (RoleInfo.java:updateAndGet(143)) - 6a9ecbe3-efc5-4382-a5d4-7a294f3e4515: start FollowerState
2019-10-18 13:52:48,006 [pool-459-thread-1] INFO  util.JmxRegister (JmxRegister.java:tryRegister(44)) - Successfully registered JMX Bean with object name Ratis:service=RaftServer,group=group-BF20279129DE,id=6a9ecbe3-efc5-4382-a5d4-7a294f3e4515
2019-10-18 13:52:48,010 [RatisPipelineUtilsThread] INFO  pipeline.PipelineStateManager (PipelineStateManager.java:addPipeline(56)) - Created pipeline Pipeline[ Id: e6d91018-64d7-45b6-abb6-bf20279129de, Nodes: 6a9ecbe3-efc5-4382-a5d4-7a294f3e4515{ip: 192.168.34.61, host: pr-hdds-2280-982rn-3954796538, networkLocation: /default-rack, certSerialId: null}, Type:RATIS, Factor:ONE, State:OPEN]
2019-10-18 13:52:48,021 [grpc-default-executor-4] INFO  impl.RaftServerProxy (RaftServerProxy.java:addNew(89)) - cebffdd8-c119-4a21-bd71-c9ab06d21a65: addNew group-19A5B56A8BE2:[766a15ca-6d28-424b-ad9e-89b48d3f1885:192.168.34.61:36275, 4e558b94-7600-4ed0-a419-bb082f43a5e2:192.168.34.61:35313, cebffdd8-c119-4a21-bd71-c9ab06d21a65:192.168.34.61:41016] returns group-19A5B56A8BE2:java.util.concurrent.CompletableFuture@c2bde4[Not completed]
2019-10-18 13:52:48,021 [grpc-default-executor-7] INFO  impl.RaftServerProxy (RaftServerProxy.java:addNew(89)) - 766a15ca-6d28-424b-ad9e-89b48d3f1885: addNew group-19A5B56A8BE2:[766a15ca-6d28-424b-ad9e-89b48d3f1885:192.168.34.61:36275, 4e558b94-7600-4ed0-a419-bb082f43a5e2:192.168.34.61:35313, cebffdd8-c119-4a21-bd71-c9ab06d21a65:192.168.34.61:41016] returns group-19A5B56A8BE2:java.util.concurrent.CompletableFuture@679195cf[Not completed]
2019-10-18 13:52:48,021 [grpc-default-executor-5] INFO  impl.RaftServerProxy (RaftServerProxy.java:addNew(89)) - 4e558b94-7600-4ed0-a419-bb082f43a5e2: addNew group-19A5B56A8BE2:[766a15ca-6d28-424b-ad9e-89b48d3f1885:192.168.34.61:36275, 4e558b94-7600-4ed0-a419-bb082f43a5e2:192.168.34.61:35313, cebffdd8-c119-4a21-bd71-c9ab06d21a65:192.168.34.61:41016] returns group-19A5B56A8BE2:java.util.concurrent.CompletableFuture@5eb6ebfb[Not completed]
2019-10-18 13:52:48,022 [pool-409-thread-1] INFO  impl.RaftServerImpl (RaftServerImpl.java:<init>(95)) - cebffdd8-c119-4a21-bd71-c9ab06d21a65: new RaftServerImpl for group-19A5B56A8BE2:[766a15ca-6d28-424b-ad9e-89b48d3f1885:192.168.34.61:36275, 4e558b94-7600-4ed0-a419-bb082f43a5e2:192.168.34.61:35313, cebffdd8-c119-4a21-bd71-c9ab06d21a65:192.168.34.61:41016] with ContainerStateMachine:uninitialized
2019-10-18 13:52:48,022 [pool-409-thread-1] INFO  server.RaftServerConfigKeys (ConfUtils.java:logGet(43)) - raft.server.rpc.timeout.min = 5s (custom)
2019-10-18 13:52:48,022 [pool-409-thread-1] INFO  server.RaftServerConfigKeys (ConfUtils.java:logGet(43)) - raft.server.rpc.timeout.max = 5200ms (custom)
2019-10-18 13:52:48,022 [pool-409-thread-1] INFO  server.RaftServerConfigKeys (ConfUtils.java:logGet(43)) - raft.server.rpcslowness.timeout = 120s (custom)
2019-10-18 13:52:48,022 [pool-409-thread-1] INFO  server.RaftServerConfigKeys (ConfUtils.java:logGet(43)) - raft.server.sleep.deviation.threshold = 300 (default)
2019-10-18 13:52:48,022 [pool-409-thread-1] INFO  server.RaftServerConfigKeys (ConfUtils.java:logGet(43)) - raft.server.log.appender.install.snapshot.enabled = false (custom)
2019-10-18 13:52:48,023 [pool-449-thread-1] INFO  impl.RaftServerImpl (RaftServerImpl.java:<init>(95)) - 4e558b94-7600-4ed0-a419-bb082f43a5e2: new RaftServerImpl for group-19A5B56A8BE2:[766a15ca-6d28-424b-ad9e-89b48d3f1885:192.168.34.61:36275, 4e558b94-7600-4ed0-a419-bb082f43a5e2:192.168.34.61:35313, cebffdd8-c119-4a21-bd71-c9ab06d21a65:192.168.34.61:41016] with ContainerStateMachine:uninitialized
2019-10-18 13:52:48,023 [pool-409-thread-1] INFO  impl.RaftServerImpl (ServerState.java:<init>(103)) - cebffdd8-c119-4a21-bd71-c9ab06d21a65@group-19A5B56A8BE2: ConfigurationManager, init=-1: [766a15ca-6d28-424b-ad9e-89b48d3f1885:192.168.34.61:36275, 4e558b94-7600-4ed0-a419-bb082f43a5e2:192.168.34.61:35313, cebffdd8-c119-4a21-bd71-c9ab06d21a65:192.168.34.61:41016], old=null, confs=<EMPTY_MAP>
2019-10-18 13:52:48,023 [pool-449-thread-1] INFO  server.RaftServerConfigKeys (ConfUtils.java:logGet(43)) - raft.server.rpc.timeout.min = 5s (custom)
2019-10-18 13:52:48,023 [pool-409-thread-1] INFO  server.RaftServerConfigKeys (ConfUtils.java:logGet(43)) - raft.server.storage.dir = [/workdir/hadoop-ozone/integration-test/target/test-dir/MiniOzoneClusterImpl-6e28672b-ea3d-42bc-af55-882c331ed2d2/datanode-0/data/ratis] (custom)
2019-10-18 13:52:48,023 [pool-449-thread-1] INFO  server.RaftServerConfigKeys (ConfUtils.java:logGet(43)) - raft.server.rpc.timeout.max = 5200ms (custom)
2019-10-18 13:52:48,023 [pool-449-thread-1] INFO  server.RaftServerConfigKeys (ConfUtils.java:logGet(43)) - raft.server.rpcslowness.timeout = 120s (custom)
2019-10-18 13:52:48,023 [pool-409-thread-1] INFO  server.RaftServerConfigKeys (ConfUtils.java:logGet(43)) - raft.server.log.corruption.policy = EXCEPTION (default)
2019-10-18 13:52:48,023 [pool-469-thread-1] INFO  impl.RaftServerImpl (RaftServerImpl.java:<init>(95)) - 766a15ca-6d28-424b-ad9e-89b48d3f1885: new RaftServerImpl for group-19A5B56A8BE2:[766a15ca-6d28-424b-ad9e-89b48d3f1885:192.168.34.61:36275, 4e558b94-7600-4ed0-a419-bb082f43a5e2:192.168.34.61:35313, cebffdd8-c119-4a21-bd71-c9ab06d21a65:192.168.34.61:41016] with ContainerStateMachine:uninitialized
2019-10-18 13:52:48,023 [pool-409-thread-1] INFO  storage.RaftStorageDirectory (RaftStorageDirectory.java:analyzeStorage(246)) - The storage directory /workdir/hadoop-ozone/integration-test/target/test-dir/MiniOzoneClusterImpl-6e28672b-ea3d-42bc-af55-882c331ed2d2/datanode-0/data/ratis/850deb90-eb19-4444-87e3-19a5b56a8be2 does not exist. Creating ...
2019-10-18 13:52:48,023 [pool-449-thread-1] INFO  server.RaftServerConfigKeys (ConfUtils.java:logGet(43)) - raft.server.sleep.deviation.threshold = 300 (default)
2019-10-18 13:52:48,023 [pool-469-thread-1] INFO  server.RaftServerConfigKeys (ConfUtils.java:logGet(43)) - raft.server.rpc.timeout.min = 5s (custom)
2019-10-18 13:52:48,023 [pool-449-thread-1] INFO  server.RaftServerConfigKeys (ConfUtils.java:logGet(43)) - raft.server.log.appender.install.snapshot.enabled = false (custom)
2019-10-18 13:52:48,024 [pool-469-thread-1] INFO  server.RaftServerConfigKeys (ConfUtils.java:logGet(43)) - raft.server.rpc.timeout.max = 5200ms (custom)
2019-10-18 13:52:48,024 [pool-449-thread-1] INFO  impl.RaftServerImpl (ServerState.java:<init>(103)) - 4e558b94-7600-4ed0-a419-bb082f43a5e2@group-19A5B56A8BE2: ConfigurationManager, init=-1: [766a15ca-6d28-424b-ad9e-89b48d3f1885:192.168.34.61:36275, 4e558b94-7600-4ed0-a419-bb082f43a5e2:192.168.34.61:35313, cebffdd8-c119-4a21-bd71-c9ab06d21a65:192.168.34.61:41016], old=null, confs=<EMPTY_MAP>
2019-10-18 13:52:48,024 [pool-469-thread-1] INFO  server.RaftServerConfigKeys (ConfUtils.java:logGet(43)) - raft.server.rpcslowness.timeout = 120s (custom)
2019-10-18 13:52:48,024 [pool-449-thread-1] INFO  server.RaftServerConfigKeys (ConfUtils.java:logGet(43)) - raft.server.storage.dir = [/workdir/hadoop-ozone/integration-test/target/test-dir/MiniOzoneClusterImpl-6e28672b-ea3d-42bc-af55-882c331ed2d2/datanode-4/data/ratis] (custom)
2019-10-18 13:52:48,024 [pool-469-thread-1] INFO  server.RaftServerConfigKeys (ConfUtils.java:logGet(43)) - raft.server.sleep.deviation.threshold = 300 (default)
2019-10-18 13:52:48,024 [pool-469-thread-1] INFO  server.RaftServerConfigKeys (ConfUtils.java:logGet(43)) - raft.server.log.appender.install.snapshot.enabled = false (custom)
2019-10-18 13:52:48,024 [pool-449-thread-1] INFO  server.RaftServerConfigKeys (ConfUtils.java:logGet(43)) - raft.server.log.corruption.policy = EXCEPTION (default)
2019-10-18 13:52:48,024 [pool-469-thread-1] INFO  impl.RaftServerImpl (ServerState.java:<init>(103)) - 766a15ca-6d28-424b-ad9e-89b48d3f1885@group-19A5B56A8BE2: ConfigurationManager, init=-1: [766a15ca-6d28-424b-ad9e-89b48d3f1885:192.168.34.61:36275, 4e558b94-7600-4ed0-a419-bb082f43a5e2:192.168.34.61:35313, cebffdd8-c119-4a21-bd71-c9ab06d21a65:192.168.34.61:41016], old=null, confs=<EMPTY_MAP>
2019-10-18 13:52:48,024 [pool-449-thread-1] INFO  storage.RaftStorageDirectory (RaftStorageDirectory.java:analyzeStorage(246)) - The storage directory /workdir/hadoop-ozone/integration-test/target/test-dir/MiniOzoneClusterImpl-6e28672b-ea3d-42bc-af55-882c331ed2d2/datanode-4/data/ratis/850deb90-eb19-4444-87e3-19a5b56a8be2 does not exist. Creating ...
2019-10-18 13:52:48,024 [pool-469-thread-1] INFO  server.RaftServerConfigKeys (ConfUtils.java:logGet(43)) - raft.server.storage.dir = [/workdir/hadoop-ozone/integration-test/target/test-dir/MiniOzoneClusterImpl-6e28672b-ea3d-42bc-af55-882c331ed2d2/datanode-6/data/ratis] (custom)
2019-10-18 13:52:48,025 [pool-469-thread-1] INFO  server.RaftServerConfigKeys (ConfUtils.java:logGet(43)) - raft.server.log.corruption.policy = EXCEPTION (default)
2019-10-18 13:52:48,025 [pool-469-thread-1] INFO  storage.RaftStorageDirectory (RaftStorageDirectory.java:analyzeStorage(246)) - The storage directory /workdir/hadoop-ozone/integration-test/target/test-dir/MiniOzoneClusterImpl-6e28672b-ea3d-42bc-af55-882c331ed2d2/datanode-6/data/ratis/850deb90-eb19-4444-87e3-19a5b56a8be2 does not exist. Creating ...
2019-10-18 13:52:48,076 [pool-449-thread-1] INFO  storage.RaftStorageDirectory (RaftStorageDirectory.java:tryLock(328)) - Lock on /workdir/hadoop-ozone/integration-test/target/test-dir/MiniOzoneClusterImpl-6e28672b-ea3d-42bc-af55-882c331ed2d2/datanode-4/data/ratis/850deb90-eb19-4444-87e3-19a5b56a8be2/in_use.lock acquired by nodename 2894@pr-hdds-2280-982rn-3954796538
2019-10-18 13:52:48,076 [pool-409-thread-1] INFO  storage.RaftStorageDirectory (RaftStorageDirectory.java:tryLock(328)) - Lock on /workdir/hadoop-ozone/integration-test/target/test-dir/MiniOzoneClusterImpl-6e28672b-ea3d-42bc-af55-882c331ed2d2/datanode-0/data/ratis/850deb90-eb19-4444-87e3-19a5b56a8be2/in_use.lock acquired by nodename 2894@pr-hdds-2280-982rn-3954796538
2019-10-18 13:52:48,076 [pool-469-thread-1] INFO  storage.RaftStorageDirectory (RaftStorageDirectory.java:tryLock(328)) - Lock on /workdir/hadoop-ozone/integration-test/target/test-dir/MiniOzoneClusterImpl-6e28672b-ea3d-42bc-af55-882c331ed2d2/datanode-6/data/ratis/850deb90-eb19-4444-87e3-19a5b56a8be2/in_use.lock acquired by nodename 2894@pr-hdds-2280-982rn-3954796538
2019-10-18 13:52:48,116 [pool-449-thread-1] INFO  storage.RaftStorage (RaftStorage.java:format(84)) - Storage directory /workdir/hadoop-ozone/integration-test/target/test-dir/MiniOzoneClusterImpl-6e28672b-ea3d-42bc-af55-882c331ed2d2/datanode-4/data/ratis/850deb90-eb19-4444-87e3-19a5b56a8be2 has been successfully formatted.
2019-10-18 13:52:48,116 [pool-409-thread-1] INFO  storage.RaftStorage (RaftStorage.java:format(84)) - Storage directory /workdir/hadoop-ozone/integration-test/target/test-dir/MiniOzoneClusterImpl-6e28672b-ea3d-42bc-af55-882c331ed2d2/datanode-0/data/ratis/850deb90-eb19-4444-87e3-19a5b56a8be2 has been successfully formatted.
2019-10-18 13:52:48,117 [pool-449-thread-1] INFO  ratis.ContainerStateMachine (ContainerStateMachine.java:loadSnapshot(231)) - group-19A5B56A8BE2: The snapshot info is null. Setting the last applied indexto:(t:0, i:~)
2019-10-18 13:52:48,117 [pool-409-thread-1] INFO  ratis.ContainerStateMachine (ContainerStateMachine.java:loadSnapshot(231)) - group-19A5B56A8BE2: The snapshot info is null. Setting the last applied indexto:(t:0, i:~)
2019-10-18 13:52:48,116 [pool-469-thread-1] INFO  storage.RaftStorage (RaftStorage.java:format(84)) - Storage directory /workdir/hadoop-ozone/integration-test/target/test-dir/MiniOzoneClusterImpl-6e28672b-ea3d-42bc-af55-882c331ed2d2/datanode-6/data/ratis/850deb90-eb19-4444-87e3-19a5b56a8be2 has been successfully formatted.
2019-10-18 13:52:48,117 [pool-409-thread-1] INFO  server.RaftServerConfigKeys (ConfUtils.java:logGet(43)) - raft.server.notification.no-leader.timeout = 120s (custom)
2019-10-18 13:52:48,117 [pool-469-thread-1] INFO  ratis.ContainerStateMachine (ContainerStateMachine.java:loadSnapshot(231)) - group-19A5B56A8BE2: The snapshot info is null. Setting the last applied indexto:(t:0, i:~)
2019-10-18 13:52:48,117 [pool-449-thread-1] INFO  server.RaftServerConfigKeys (ConfUtils.java:logGet(43)) - raft.server.notification.no-leader.timeout = 120s (custom)
2019-10-18 13:52:48,117 [pool-469-thread-1] INFO  server.RaftServerConfigKeys (ConfUtils.java:logGet(43)) - raft.server.notification.no-leader.timeout = 120s (custom)
2019-10-18 13:52:48,117 [pool-409-thread-1] INFO  server.RaftServerConfigKeys (ConfUtils.java:logGet(43)) - raft.server.log.use.memory = false (default)
2019-10-18 13:52:48,117 [pool-469-thread-1] INFO  server.RaftServerConfigKeys (ConfUtils.java:logGet(43)) - raft.server.log.use.memory = false (default)
2019-10-18 13:52:48,117 [pool-449-thread-1] INFO  server.RaftServerConfigKeys (ConfUtils.java:logGet(43)) - raft.server.log.use.memory = false (default)
2019-10-18 13:52:48,118 [pool-469-thread-1] INFO  server.RaftServerConfigKeys (ConfUtils.java:logGet(43)) - raft.server.log.purge.gap = 1000000 (custom)
2019-10-18 13:52:48,117 [pool-409-thread-1] INFO  server.RaftServerConfigKeys (ConfUtils.java:logGet(43)) - raft.server.log.purge.gap = 1000000 (custom)
2019-10-18 13:52:48,118 [pool-469-thread-1] INFO  server.RaftServerConfigKeys (ConfUtils.java:logGet(43)) - raft.server.log.appender.buffer.byte-limit = 33554432 (custom)
2019-10-18 13:52:48,118 [pool-449-thread-1] INFO  server.RaftServerConfigKeys (ConfUtils.java:logGet(43)) - raft.server.log.purge.gap = 1000000 (custom)
2019-10-18 13:52:48,118 [pool-469-thread-1] INFO  server.RaftServerConfigKeys (ConfUtils.java:logGet(43)) - raft.server.log.segment.size.max = 1048576 (custom)
2019-10-18 13:52:48,118 [pool-409-thread-1] INFO  server.RaftServerConfigKeys (ConfUtils.java:logGet(43)) - raft.server.log.appender.buffer.byte-limit = 33554432 (custom)
2019-10-18 13:52:48,118 [pool-469-thread-1] INFO  server.RaftServerConfigKeys (ConfUtils.java:logGet(43)) - raft.server.log.segment.cache.num.max = 2 (custom)
2019-10-18 13:52:48,118 [pool-449-thread-1] INFO  server.RaftServerConfigKeys (ConfUtils.java:logGet(43)) - raft.server.log.appender.buffer.byte-limit = 33554432 (custom)
2019-10-18 13:52:48,118 [pool-469-thread-1] INFO  segmented.SegmentedRaftLogWorker (SegmentedRaftLogWorker.java:<init>(173)) - new 766a15ca-6d28-424b-ad9e-89b48d3f1885@group-19A5B56A8BE2-SegmentedRaftLogWorker for RaftStorage:Storage Directory /workdir/hadoop-ozone/integration-test/target/test-dir/MiniOzoneClusterImpl-6e28672b-ea3d-42bc-af55-882c331ed2d2/datanode-6/data/ratis/850deb90-eb19-4444-87e3-19a5b56a8be2
2019-10-18 13:52:48,119 [pool-469-thread-1] INFO  server.RaftServerConfigKeys (ConfUtils.java:logGet(43)) - raft.server.log.queue.byte-limit = 2147483647 (custom)
2019-10-18 13:52:48,118 [pool-409-thread-1] INFO  server.RaftServerConfigKeys (ConfUtils.java:logGet(43)) - raft.server.log.segment.size.max = 1048576 (custom)
2019-10-18 13:52:48,119 [pool-469-thread-1] INFO  server.RaftServerConfigKeys (ConfUtils.java:logGet(43)) - raft.server.log.queue.element-limit = 1024 (custom)
2019-10-18 13:52:48,118 [pool-449-thread-1] INFO  server.RaftServerConfigKeys (ConfUtils.java:logGet(43)) - raft.server.log.segment.size.max = 1048576 (custom)
2019-10-18 13:52:48,119 [pool-469-thread-1] INFO  server.RaftServerConfigKeys (ConfUtils.java:logGet(43)) - raft.server.log.segment.size.max = 1048576 (custom)
2019-10-18 13:52:48,119 [pool-409-thread-1] INFO  server.RaftServerConfigKeys (ConfUtils.java:logGet(43)) - raft.server.log.segment.cache.num.max = 2 (custom)
2019-10-18 13:52:48,119 [pool-469-thread-1] INFO  server.RaftServerConfigKeys (ConfUtils.java:logGet(43)) - raft.server.log.preallocated.size = 16384 (custom)
2019-10-18 13:52:48,119 [pool-449-thread-1] INFO  server.RaftServerConfigKeys (ConfUtils.java:logGet(43)) - raft.server.log.segment.cache.num.max = 2 (custom)
2019-10-18 13:52:48,119 [pool-469-thread-1] INFO  server.RaftServerConfigKeys (ConfUtils.java:logGet(43)) - raft.server.log.write.buffer.size = 33554432 (custom)
2019-10-18 13:52:48,120 [pool-469-thread-1] INFO  server.RaftServerConfigKeys (ConfUtils.java:logGet(43)) - raft.server.log.force.sync.num = 128 (default)
2019-10-18 13:52:48,119 [pool-409-thread-1] INFO  segmented.SegmentedRaftLogWorker (SegmentedRaftLogWorker.java:<init>(173)) - new cebffdd8-c119-4a21-bd71-c9ab06d21a65@group-19A5B56A8BE2-SegmentedRaftLogWorker for RaftStorage:Storage Directory /workdir/hadoop-ozone/integration-test/target/test-dir/MiniOzoneClusterImpl-6e28672b-ea3d-42bc-af55-882c331ed2d2/datanode-0/data/ratis/850deb90-eb19-4444-87e3-19a5b56a8be2
2019-10-18 13:52:48,120 [pool-469-thread-1] INFO  server.RaftServerConfigKeys (ConfUtils.java:logGet(43)) - raft.server.log.statemachine.data.sync = true (default)
2019-10-18 13:52:48,120 [pool-449-thread-1] INFO  segmented.SegmentedRaftLogWorker (SegmentedRaftLogWorker.java:<init>(173)) - new 4e558b94-7600-4ed0-a419-bb082f43a5e2@group-19A5B56A8BE2-SegmentedRaftLogWorker for RaftStorage:Storage Directory /workdir/hadoop-ozone/integration-test/target/test-dir/MiniOzoneClusterImpl-6e28672b-ea3d-42bc-af55-882c331ed2d2/datanode-4/data/ratis/850deb90-eb19-4444-87e3-19a5b56a8be2
2019-10-18 13:52:48,120 [pool-469-thread-1] INFO  server.RaftServerConfigKeys (ConfUtils.java:logGet(43)) - raft.server.log.statemachine.data.sync.timeout = 10s (default)
2019-10-18 13:52:48,120 [pool-409-thread-1] INFO  server.RaftServerConfigKeys (ConfUtils.java:logGet(43)) - raft.server.log.queue.byte-limit = 2147483647 (custom)
2019-10-18 13:52:48,120 [pool-469-thread-1] INFO  server.RaftServerConfigKeys (ConfUtils.java:logGet(43)) - raft.server.log.statemachine.data.sync.timeout.retry = -1 (default)
2019-10-18 13:52:48,120 [pool-449-thread-1] INFO  server.RaftServerConfigKeys (ConfUtils.java:logGet(43)) - raft.server.log.queue.byte-limit = 2147483647 (custom)
2019-10-18 13:52:48,120 [pool-409-thread-1] INFO  server.RaftServerConfigKeys (ConfUtils.java:logGet(43)) - raft.server.log.queue.element-limit = 1024 (custom)
2019-10-18 13:52:48,121 [pool-469-thread-1] INFO  server.RaftServerConfigKeys (ConfUtils.java:logGet(43)) - raft.server.log.statemachine.data.caching.enabled = true (custom)
2019-10-18 13:52:48,121 [pool-449-thread-1] INFO  server.RaftServerConfigKeys (ConfUtils.java:logGet(43)) - raft.server.log.queue.element-limit = 1024 (custom)
2019-10-18 13:52:48,121 [pool-409-thread-1] INFO  server.RaftServerConfigKeys (ConfUtils.java:logGet(43)) - raft.server.log.segment.size.max = 1048576 (custom)
2019-10-18 13:52:48,121 [pool-469-thread-1] INFO  segmented.SegmentedRaftLogWorker (SegmentedRaftLogWorker.java:lambda$new$0(128)) - 766a15ca-6d28-424b-ad9e-89b48d3f1885@group-19A5B56A8BE2-SegmentedRaftLogWorker: flushIndex: setUnconditionally 0 -> -1
2019-10-18 13:52:48,121 [pool-449-thread-1] INFO  server.RaftServerConfigKeys (ConfUtils.java:logGet(43)) - raft.server.log.segment.size.max = 1048576 (custom)
2019-10-18 13:52:48,121 [pool-409-thread-1] INFO  server.RaftServerConfigKeys (ConfUtils.java:logGet(43)) - raft.server.log.preallocated.size = 16384 (custom)
2019-10-18 13:52:48,121 [pool-449-thread-1] INFO  server.RaftServerConfigKeys (ConfUtils.java:logGet(43)) - raft.server.log.preallocated.size = 16384 (custom)
2019-10-18 13:52:48,121 [pool-469-thread-1] INFO  server.RaftServerConfigKeys (ConfUtils.java:logGet(43)) - raft.server.snapshot.auto.trigger.enabled = true (custom)
2019-10-18 13:52:48,121 [pool-409-thread-1] INFO  server.RaftServerConfigKeys (ConfUtils.java:logGet(43)) - raft.server.log.write.buffer.size = 33554432 (custom)
2019-10-18 13:52:48,122 [pool-469-thread-1] INFO  server.RaftServerConfigKeys (ConfUtils.java:logGet(43)) - raft.server.snapshot.auto.trigger.threshold = 10000 (custom)
2019-10-18 13:52:48,121 [pool-449-thread-1] INFO  server.RaftServerConfigKeys (ConfUtils.java:logGet(43)) - raft.server.log.write.buffer.size = 33554432 (custom)
2019-10-18 13:52:48,122 [pool-469-thread-1] INFO  server.RaftServerConfigKeys (ConfUtils.java:logGet(43)) - raft.server.snapshot.retention.file.num = 5 (custom)
2019-10-18 13:52:48,122 [pool-409-thread-1] INFO  server.RaftServerConfigKeys (ConfUtils.java:logGet(43)) - raft.server.log.force.sync.num = 128 (default)
2019-10-18 13:52:48,122 [pool-469-thread-1] INFO  server.RaftServerConfigKeys (ConfUtils.java:logGet(43)) - raft.server.retrycache.expirytime = 600000ms (custom)
2019-10-18 13:52:48,122 [pool-449-thread-1] INFO  server.RaftServerConfigKeys (ConfUtils.java:logGet(43)) - raft.server.log.force.sync.num = 128 (default)
2019-10-18 13:52:48,122 [pool-409-thread-1] INFO  server.RaftServerConfigKeys (ConfUtils.java:logGet(43)) - raft.server.log.statemachine.data.sync = true (default)
2019-10-18 13:52:48,122 [pool-449-thread-1] INFO  server.RaftServerConfigKeys (ConfUtils.java:logGet(43)) - raft.server.log.statemachine.data.sync = true (default)
2019-10-18 13:52:48,122 [pool-409-thread-1] INFO  server.RaftServerConfigKeys (ConfUtils.java:logGet(43)) - raft.server.log.statemachine.data.sync.timeout = 10s (default)
2019-10-18 13:52:48,123 [pool-449-thread-1] INFO  server.RaftServerConfigKeys (ConfUtils.java:logGet(43)) - raft.server.log.statemachine.data.sync.timeout = 10s (default)
2019-10-18 13:52:48,123 [pool-409-thread-1] INFO  server.RaftServerConfigKeys (ConfUtils.java:logGet(43)) - raft.server.log.statemachine.data.sync.timeout.retry = -1 (default)
2019-10-18 13:52:48,123 [pool-449-thread-1] INFO  server.RaftServerConfigKeys (ConfUtils.java:logGet(43)) - raft.server.log.statemachine.data.sync.timeout.retry = -1 (default)
2019-10-18 13:52:48,123 [pool-409-thread-1] INFO  server.RaftServerConfigKeys (ConfUtils.java:logGet(43)) - raft.server.log.statemachine.data.caching.enabled = true (custom)
2019-10-18 13:52:48,123 [pool-449-thread-1] INFO  server.RaftServerConfigKeys (ConfUtils.java:logGet(43)) - raft.server.log.statemachine.data.caching.enabled = true (custom)
2019-10-18 13:52:48,123 [pool-409-thread-1] INFO  segmented.SegmentedRaftLogWorker (SegmentedRaftLogWorker.java:lambda$new$0(128)) - cebffdd8-c119-4a21-bd71-c9ab06d21a65@group-19A5B56A8BE2-SegmentedRaftLogWorker: flushIndex: setUnconditionally 0 -> -1
2019-10-18 13:52:48,123 [pool-449-thread-1] INFO  segmented.SegmentedRaftLogWorker (SegmentedRaftLogWorker.java:lambda$new$0(128)) - 4e558b94-7600-4ed0-a419-bb082f43a5e2@group-19A5B56A8BE2-SegmentedRaftLogWorker: flushIndex: setUnconditionally 0 -> -1
2019-10-18 13:52:48,124 [pool-409-thread-1] INFO  server.RaftServerConfigKeys (ConfUtils.java:logGet(43)) - raft.server.snapshot.auto.trigger.enabled = true (custom)
2019-10-18 13:52:48,124 [pool-409-thread-1] INFO  server.RaftServerConfigKeys (ConfUtils.java:logGet(43)) - raft.server.snapshot.auto.trigger.threshold = 10000 (custom)
2019-10-18 13:52:48,124 [pool-449-thread-1] INFO  server.RaftServerConfigKeys (ConfUtils.java:logGet(43)) - raft.server.snapshot.auto.trigger.enabled = true (custom)
2019-10-18 13:52:48,124 [pool-409-thread-1] INFO  server.RaftServerConfigKeys (ConfUtils.java:logGet(43)) - raft.server.snapshot.retention.file.num = 5 (custom)
2019-10-18 13:52:48,124 [pool-449-thread-1] INFO  server.RaftServerConfigKeys (ConfUtils.java:logGet(43)) - raft.server.snapshot.auto.trigger.threshold = 10000 (custom)
2019-10-18 13:52:48,124 [pool-409-thread-1] INFO  server.RaftServerConfigKeys (ConfUtils.java:logGet(43)) - raft.server.retrycache.expirytime = 600000ms (custom)
2019-10-18 13:52:48,124 [pool-449-thread-1] INFO  server.RaftServerConfigKeys (ConfUtils.java:logGet(43)) - raft.server.snapshot.retention.file.num = 5 (custom)
2019-10-18 13:52:48,124 [pool-469-thread-1] INFO  impl.RaftServerImpl (RaftServerImpl.java:start(181)) - 766a15ca-6d28-424b-ad9e-89b48d3f1885@group-19A5B56A8BE2: start as a follower, conf=-1: [766a15ca-6d28-424b-ad9e-89b48d3f1885:192.168.34.61:36275, 4e558b94-7600-4ed0-a419-bb082f43a5e2:192.168.34.61:35313, cebffdd8-c119-4a21-bd71-c9ab06d21a65:192.168.34.61:41016], old=null
2019-10-18 13:52:48,124 [pool-449-thread-1] INFO  server.RaftServerConfigKeys (ConfUtils.java:logGet(43)) - raft.server.retrycache.expirytime = 600000ms (custom)
2019-10-18 13:52:48,124 [pool-469-thread-1] INFO  impl.RaftServerImpl (RaftServerImpl.java:setRole(170)) - 766a15ca-6d28-424b-ad9e-89b48d3f1885@group-19A5B56A8BE2: changes role from      null to FOLLOWER at term 0 for startAsFollower
2019-10-18 13:52:48,125 [pool-469-thread-1] INFO  impl.RoleInfo (RoleInfo.java:updateAndGet(143)) - 766a15ca-6d28-424b-ad9e-89b48d3f1885: start FollowerState
2019-10-18 13:52:48,125 [pool-469-thread-1] INFO  util.JmxRegister (JmxRegister.java:tryRegister(44)) - Successfully registered JMX Bean with object name Ratis:service=RaftServer,group=group-19A5B56A8BE2,id=766a15ca-6d28-424b-ad9e-89b48d3f1885
2019-10-18 13:52:48,128 [pool-409-thread-1] INFO  impl.RaftServerImpl (RaftServerImpl.java:start(181)) - cebffdd8-c119-4a21-bd71-c9ab06d21a65@group-19A5B56A8BE2: start as a follower, conf=-1: [766a15ca-6d28-424b-ad9e-89b48d3f1885:192.168.34.61:36275, 4e558b94-7600-4ed0-a419-bb082f43a5e2:192.168.34.61:35313, cebffdd8-c119-4a21-bd71-c9ab06d21a65:192.168.34.61:41016], old=null
2019-10-18 13:52:48,128 [pool-409-thread-1] INFO  impl.RaftServerImpl (RaftServerImpl.java:setRole(170)) - cebffdd8-c119-4a21-bd71-c9ab06d21a65@group-19A5B56A8BE2: changes role from      null to FOLLOWER at term 0 for startAsFollower
2019-10-18 13:52:48,128 [pool-449-thread-1] INFO  impl.RaftServerImpl (RaftServerImpl.java:start(181)) - 4e558b94-7600-4ed0-a419-bb082f43a5e2@group-19A5B56A8BE2: start as a follower, conf=-1: [766a15ca-6d28-424b-ad9e-89b48d3f1885:192.168.34.61:36275, 4e558b94-7600-4ed0-a419-bb082f43a5e2:192.168.34.61:35313, cebffdd8-c119-4a21-bd71-c9ab06d21a65:192.168.34.61:41016], old=null
2019-10-18 13:52:48,128 [pool-409-thread-1] INFO  impl.RoleInfo (RoleInfo.java:updateAndGet(143)) - cebffdd8-c119-4a21-bd71-c9ab06d21a65: start FollowerState
2019-10-18 13:52:48,128 [pool-449-thread-1] INFO  impl.RaftServerImpl (RaftServerImpl.java:setRole(170)) - 4e558b94-7600-4ed0-a419-bb082f43a5e2@group-19A5B56A8BE2: changes role from      null to FOLLOWER at term 0 for startAsFollower
2019-10-18 13:52:48,129 [pool-449-thread-1] INFO  impl.RoleInfo (RoleInfo.java:updateAndGet(143)) - 4e558b94-7600-4ed0-a419-bb082f43a5e2: start FollowerState
2019-10-18 13:52:48,129 [pool-409-thread-1] INFO  util.JmxRegister (JmxRegister.java:tryRegister(44)) - Successfully registered JMX Bean with object name Ratis:service=RaftServer,group=group-19A5B56A8BE2,id=cebffdd8-c119-4a21-bd71-c9ab06d21a65
2019-10-18 13:52:48,129 [pool-449-thread-1] INFO  util.JmxRegister (JmxRegister.java:tryRegister(44)) - Successfully registered JMX Bean with object name Ratis:service=RaftServer,group=group-19A5B56A8BE2,id=4e558b94-7600-4ed0-a419-bb082f43a5e2
2019-10-18 13:52:48,134 [RatisPipelineUtilsThread] INFO  pipeline.PipelineStateManager (PipelineStateManager.java:addPipeline(56)) - Created pipeline Pipeline[ Id: 850deb90-eb19-4444-87e3-19a5b56a8be2, Nodes: 4e558b94-7600-4ed0-a419-bb082f43a5e2{ip: 192.168.34.61, host: pr-hdds-2280-982rn-3954796538, networkLocation: /default-rack, certSerialId: null}cebffdd8-c119-4a21-bd71-c9ab06d21a65{ip: 192.168.34.61, host: pr-hdds-2280-982rn-3954796538, networkLocation: /default-rack, certSerialId: null}766a15ca-6d28-424b-ad9e-89b48d3f1885{ip: 192.168.34.61, host: pr-hdds-2280-982rn-3954796538, networkLocation: /default-rack, certSerialId: null}, Type:RATIS, Factor:THREE, State:OPEN]
2019-10-18 13:52:48,145 [grpc-default-executor-7] INFO  impl.RaftServerProxy (RaftServerProxy.java:addNew(89)) - 9428a45a-07e9-49d7-b31a-f311eec9e72b: addNew group-2CE223B428DB:[5e7383bb-fda8-40e7-8145-d7b46255a358:192.168.34.61:37118, 9428a45a-07e9-49d7-b31a-f311eec9e72b:192.168.34.61:37937, c22dcba3-59d1-4fc8-9c25-9292db9117bd:192.168.34.61:43563] returns group-2CE223B428DB:java.util.concurrent.CompletableFuture@7669eb68[Not completed]
2019-10-18 13:52:48,146 [grpc-default-executor-5] INFO  impl.RaftServerProxy (RaftServerProxy.java:addNew(89)) - c22dcba3-59d1-4fc8-9c25-9292db9117bd: addNew group-2CE223B428DB:[5e7383bb-fda8-40e7-8145-d7b46255a358:192.168.34.61:37118, 9428a45a-07e9-49d7-b31a-f311eec9e72b:192.168.34.61:37937, c22dcba3-59d1-4fc8-9c25-9292db9117bd:192.168.34.61:43563] returns group-2CE223B428DB:java.util.concurrent.CompletableFuture@3fa01bd3[Not completed]
2019-10-18 13:52:48,148 [grpc-default-executor-7] INFO  impl.RaftServerProxy (RaftServerProxy.java:addNew(89)) - 5e7383bb-fda8-40e7-8145-d7b46255a358: addNew group-2CE223B428DB:[5e7383bb-fda8-40e7-8145-d7b46255a358:192.168.34.61:37118, 9428a45a-07e9-49d7-b31a-f311eec9e72b:192.168.34.61:37937, c22dcba3-59d1-4fc8-9c25-9292db9117bd:192.168.34.61:43563] returns group-2CE223B428DB:java.util.concurrent.CompletableFuture@159bfac2[Not completed]
2019-10-18 13:52:48,149 [pool-429-thread-1] INFO  impl.RaftServerImpl (RaftServerImpl.java:<init>(95)) - 9428a45a-07e9-49d7-b31a-f311eec9e72b: new RaftServerImpl for group-2CE223B428DB:[5e7383bb-fda8-40e7-8145-d7b46255a358:192.168.34.61:37118, 9428a45a-07e9-49d7-b31a-f311eec9e72b:192.168.34.61:37937, c22dcba3-59d1-4fc8-9c25-9292db9117bd:192.168.34.61:43563] with ContainerStateMachine:uninitialized
2019-10-18 13:52:48,149 [pool-429-thread-1] INFO  server.RaftServerConfigKeys (ConfUtils.java:logGet(43)) - raft.server.rpc.timeout.min = 5s (custom)
2019-10-18 13:52:48,149 [pool-429-thread-1] INFO  server.RaftServerConfigKeys (ConfUtils.java:logGet(43)) - raft.server.rpc.timeout.max = 5200ms (custom)
2019-10-18 13:52:48,149 [pool-429-thread-1] INFO  server.RaftServerConfigKeys (ConfUtils.java:logGet(43)) - raft.server.rpcslowness.timeout = 120s (custom)
2019-10-18 13:52:48,150 [pool-439-thread-1] INFO  impl.RaftServerImpl (RaftServerImpl.java:<init>(95)) - 5e7383bb-fda8-40e7-8145-d7b46255a358: new RaftServerImpl for group-2CE223B428DB:[5e7383bb-fda8-40e7-8145-d7b46255a358:192.168.34.61:37118, 9428a45a-07e9-49d7-b31a-f311eec9e72b:192.168.34.61:37937, c22dcba3-59d1-4fc8-9c25-9292db9117bd:192.168.34.61:43563] with ContainerStateMachine:uninitialized
2019-10-18 13:52:48,150 [pool-429-thread-1] INFO  server.RaftServerConfigKeys (ConfUtils.java:logGet(43)) - raft.server.sleep.deviation.threshold = 300 (default)
2019-10-18 13:52:48,150 [pool-439-thread-1] INFO  server.RaftServerConfigKeys (ConfUtils.java:logGet(43)) - raft.server.rpc.timeout.min = 5s (custom)
2019-10-18 13:52:48,150 [pool-429-thread-1] INFO  server.RaftServerConfigKeys (ConfUtils.java:logGet(43)) - raft.server.log.appender.install.snapshot.enabled = false (custom)
2019-10-18 13:52:48,150 [pool-419-thread-1] INFO  impl.RaftServerImpl (RaftServerImpl.java:<init>(95)) - c22dcba3-59d1-4fc8-9c25-9292db9117bd: new RaftServerImpl for group-2CE223B428DB:[5e7383bb-fda8-40e7-8145-d7b46255a358:192.168.34.61:37118, 9428a45a-07e9-49d7-b31a-f311eec9e72b:192.168.34.61:37937, c22dcba3-59d1-4fc8-9c25-9292db9117bd:192.168.34.61:43563] with ContainerStateMachine:uninitialized
2019-10-18 13:52:48,150 [pool-439-thread-1] INFO  server.RaftServerConfigKeys (ConfUtils.java:logGet(43)) - raft.server.rpc.timeout.max = 5200ms (custom)
2019-10-18 13:52:48,150 [pool-419-thread-1] INFO  server.RaftServerConfigKeys (ConfUtils.java:logGet(43)) - raft.server.rpc.timeout.min = 5s (custom)
2019-10-18 13:52:48,150 [pool-429-thread-1] INFO  impl.RaftServerImpl (ServerState.java:<init>(103)) - 9428a45a-07e9-49d7-b31a-f311eec9e72b@group-2CE223B428DB: ConfigurationManager, init=-1: [5e7383bb-fda8-40e7-8145-d7b46255a358:192.168.34.61:37118, 9428a45a-07e9-49d7-b31a-f311eec9e72b:192.168.34.61:37937, c22dcba3-59d1-4fc8-9c25-9292db9117bd:192.168.34.61:43563], old=null, confs=<EMPTY_MAP>
2019-10-18 13:52:48,150 [pool-419-thread-1] INFO  server.RaftServerConfigKeys (ConfUtils.java:logGet(43)) - raft.server.rpc.timeout.max = 5200ms (custom)
2019-10-18 13:52:48,150 [pool-439-thread-1] INFO  server.RaftServerConfigKeys (ConfUtils.java:logGet(43)) - raft.server.rpcslowness.timeout = 120s (custom)
2019-10-18 13:52:48,151 [pool-419-thread-1] INFO  server.RaftServerConfigKeys (ConfUtils.java:logGet(43)) - raft.server.rpcslowness.timeout = 120s (custom)
2019-10-18 13:52:48,151 [pool-429-thread-1] INFO  server.RaftServerConfigKeys (ConfUtils.java:logGet(43)) - raft.server.storage.dir = [/workdir/hadoop-ozone/integration-test/target/test-dir/MiniOzoneClusterImpl-6e28672b-ea3d-42bc-af55-882c331ed2d2/datanode-2/data/ratis] (custom)
2019-10-18 13:52:48,151 [pool-419-thread-1] INFO  server.RaftServerConfigKeys (ConfUtils.java:logGet(43)) - raft.server.sleep.deviation.threshold = 300 (default)
2019-10-18 13:52:48,151 [pool-439-thread-1] INFO  server.RaftServerConfigKeys (ConfUtils.java:logGet(43)) - raft.server.sleep.deviation.threshold = 300 (default)
2019-10-18 13:52:48,151 [pool-419-thread-1] INFO  server.RaftServerConfigKeys (ConfUtils.java:logGet(43)) - raft.server.log.appender.install.snapshot.enabled = false (custom)
2019-10-18 13:52:48,151 [pool-439-thread-1] INFO  server.RaftServerConfigKeys (ConfUtils.java:logGet(43)) - raft.server.log.appender.install.snapshot.enabled = false (custom)
2019-10-18 13:52:48,151 [pool-429-thread-1] INFO  server.RaftServerConfigKeys (ConfUtils.java:logGet(43)) - raft.server.log.corruption.policy = EXCEPTION (default)
2019-10-18 13:52:48,151 [pool-439-thread-1] INFO  impl.RaftServerImpl (ServerState.java:<init>(103)) - 5e7383bb-fda8-40e7-8145-d7b46255a358@group-2CE223B428DB: ConfigurationManager, init=-1: [5e7383bb-fda8-40e7-8145-d7b46255a358:192.168.34.61:37118, 9428a45a-07e9-49d7-b31a-f311eec9e72b:192.168.34.61:37937, c22dcba3-59d1-4fc8-9c25-9292db9117bd:192.168.34.61:43563], old=null, confs=<EMPTY_MAP>
2019-10-18 13:52:48,151 [pool-419-thread-1] INFO  impl.RaftServerImpl (ServerState.java:<init>(103)) - c22dcba3-59d1-4fc8-9c25-9292db9117bd@group-2CE223B428DB: ConfigurationManager, init=-1: [5e7383bb-fda8-40e7-8145-d7b46255a358:192.168.34.61:37118, 9428a45a-07e9-49d7-b31a-f311eec9e72b:192.168.34.61:37937, c22dcba3-59d1-4fc8-9c25-9292db9117bd:192.168.34.61:43563], old=null, confs=<EMPTY_MAP>
2019-10-18 13:52:48,151 [pool-439-thread-1] INFO  server.RaftServerConfigKeys (ConfUtils.java:logGet(43)) - raft.server.storage.dir = [/workdir/hadoop-ozone/integration-test/target/test-dir/MiniOzoneClusterImpl-6e28672b-ea3d-42bc-af55-882c331ed2d2/datanode-3/data/ratis] (custom)
2019-10-18 13:52:48,151 [pool-429-thread-1] INFO  storage.RaftStorageDirectory (RaftStorageDirectory.java:analyzeStorage(246)) - The storage directory /workdir/hadoop-ozone/integration-test/target/test-dir/MiniOzoneClusterImpl-6e28672b-ea3d-42bc-af55-882c331ed2d2/datanode-2/data/ratis/8a98ae06-7dbd-4ca7-b8e0-2ce223b428db does not exist. Creating ...
2019-10-18 13:52:48,151 [pool-419-thread-1] INFO  server.RaftServerConfigKeys (ConfUtils.java:logGet(43)) - raft.server.storage.dir = [/workdir/hadoop-ozone/integration-test/target/test-dir/MiniOzoneClusterImpl-6e28672b-ea3d-42bc-af55-882c331ed2d2/datanode-1/data/ratis] (custom)
2019-10-18 13:52:48,152 [pool-439-thread-1] INFO  server.RaftServerConfigKeys (ConfUtils.java:logGet(43)) - raft.server.log.corruption.policy = EXCEPTION (default)
2019-10-18 13:52:48,152 [pool-419-thread-1] INFO  server.RaftServerConfigKeys (ConfUtils.java:logGet(43)) - raft.server.log.corruption.policy = EXCEPTION (default)
2019-10-18 13:52:48,152 [pool-439-thread-1] INFO  storage.RaftStorageDirectory (RaftStorageDirectory.java:analyzeStorage(246)) - The storage directory /workdir/hadoop-ozone/integration-test/target/test-dir/MiniOzoneClusterImpl-6e28672b-ea3d-42bc-af55-882c331ed2d2/datanode-3/data/ratis/8a98ae06-7dbd-4ca7-b8e0-2ce223b428db does not exist. Creating ...
2019-10-18 13:52:48,152 [pool-419-thread-1] INFO  storage.RaftStorageDirectory (RaftStorageDirectory.java:analyzeStorage(246)) - The storage directory /workdir/hadoop-ozone/integration-test/target/test-dir/MiniOzoneClusterImpl-6e28672b-ea3d-42bc-af55-882c331ed2d2/datanode-1/data/ratis/8a98ae06-7dbd-4ca7-b8e0-2ce223b428db does not exist. Creating ...
2019-10-18 13:52:48,227 [pool-429-thread-1] INFO  storage.RaftStorageDirectory (RaftStorageDirectory.java:tryLock(328)) - Lock on /workdir/hadoop-ozone/integration-test/target/test-dir/MiniOzoneClusterImpl-6e28672b-ea3d-42bc-af55-882c331ed2d2/datanode-2/data/ratis/8a98ae06-7dbd-4ca7-b8e0-2ce223b428db/in_use.lock acquired by nodename 2894@pr-hdds-2280-982rn-3954796538
2019-10-18 13:52:48,227 [pool-439-thread-1] INFO  storage.RaftStorageDirectory (RaftStorageDirectory.java:tryLock(328)) - Lock on /workdir/hadoop-ozone/integration-test/target/test-dir/MiniOzoneClusterImpl-6e28672b-ea3d-42bc-af55-882c331ed2d2/datanode-3/data/ratis/8a98ae06-7dbd-4ca7-b8e0-2ce223b428db/in_use.lock acquired by nodename 2894@pr-hdds-2280-982rn-3954796538
2019-10-18 13:52:48,227 [pool-419-thread-1] INFO  storage.RaftStorageDirectory (RaftStorageDirectory.java:tryLock(328)) - Lock on /workdir/hadoop-ozone/integration-test/target/test-dir/MiniOzoneClusterImpl-6e28672b-ea3d-42bc-af55-882c331ed2d2/datanode-1/data/ratis/8a98ae06-7dbd-4ca7-b8e0-2ce223b428db/in_use.lock acquired by nodename 2894@pr-hdds-2280-982rn-3954796538
2019-10-18 13:52:48,282 [pool-419-thread-1] INFO  storage.RaftStorage (RaftStorage.java:format(84)) - Storage directory /workdir/hadoop-ozone/integration-test/target/test-dir/MiniOzoneClusterImpl-6e28672b-ea3d-42bc-af55-882c331ed2d2/datanode-1/data/ratis/8a98ae06-7dbd-4ca7-b8e0-2ce223b428db has been successfully formatted.
2019-10-18 13:52:48,282 [pool-439-thread-1] INFO  storage.RaftStorage (RaftStorage.java:format(84)) - Storage directory /workdir/hadoop-ozone/integration-test/target/test-dir/MiniOzoneClusterImpl-6e28672b-ea3d-42bc-af55-882c331ed2d2/datanode-3/data/ratis/8a98ae06-7dbd-4ca7-b8e0-2ce223b428db has been successfully formatted.
2019-10-18 13:52:48,282 [pool-429-thread-1] INFO  storage.RaftStorage (RaftStorage.java:format(84)) - Storage directory /workdir/hadoop-ozone/integration-test/target/test-dir/MiniOzoneClusterImpl-6e28672b-ea3d-42bc-af55-882c331ed2d2/datanode-2/data/ratis/8a98ae06-7dbd-4ca7-b8e0-2ce223b428db has been successfully formatted.
2019-10-18 13:52:48,282 [pool-419-thread-1] INFO  ratis.ContainerStateMachine (ContainerStateMachine.java:loadSnapshot(231)) - group-2CE223B428DB: The snapshot info is null. Setting the last applied indexto:(t:0, i:~)
2019-10-18 13:52:48,283 [pool-429-thread-1] INFO  ratis.ContainerStateMachine (ContainerStateMachine.java:loadSnapshot(231)) - group-2CE223B428DB: The snapshot info is null. Setting the last applied indexto:(t:0, i:~)
2019-10-18 13:52:48,283 [pool-439-thread-1] INFO  ratis.ContainerStateMachine (ContainerStateMachine.java:loadSnapshot(231)) - group-2CE223B428DB: The snapshot info is null. Setting the last applied indexto:(t:0, i:~)
2019-10-18 13:52:48,283 [pool-429-thread-1] INFO  server.RaftServerConfigKeys (ConfUtils.java:logGet(43)) - raft.server.notification.no-leader.timeout = 120s (custom)
2019-10-18 13:52:48,283 [pool-419-thread-1] INFO  server.RaftServerConfigKeys (ConfUtils.java:logGet(43)) - raft.server.notification.no-leader.timeout = 120s (custom)
2019-10-18 13:52:48,283 [pool-429-thread-1] INFO  server.RaftServerConfigKeys (ConfUtils.java:logGet(43)) - raft.server.log.use.memory = false (default)
2019-10-18 13:52:48,283 [pool-439-thread-1] INFO  server.RaftServerConfigKeys (ConfUtils.java:logGet(43)) - raft.server.notification.no-leader.timeout = 120s (custom)
2019-10-18 13:52:48,283 [pool-429-thread-1] INFO  server.RaftServerConfigKeys (ConfUtils.java:logGet(43)) - raft.server.log.purge.gap = 1000000 (custom)
2019-10-18 13:52:48,283 [pool-419-thread-1] INFO  server.RaftServerConfigKeys (ConfUtils.java:logGet(43)) - raft.server.log.use.memory = false (default)
2019-10-18 13:52:48,284 [pool-429-thread-1] INFO  server.RaftServerConfigKeys (ConfUtils.java:logGet(43)) - raft.server.log.appender.buffer.byte-limit = 33554432 (custom)
2019-10-18 13:52:48,283 [pool-439-thread-1] INFO  server.RaftServerConfigKeys (ConfUtils.java:logGet(43)) - raft.server.log.use.memory = false (default)
2019-10-18 13:52:48,284 [pool-429-thread-1] INFO  server.RaftServerConfigKeys (ConfUtils.java:logGet(43)) - raft.server.log.segment.size.max = 1048576 (custom)
2019-10-18 13:52:48,284 [pool-419-thread-1] INFO  server.RaftServerConfigKeys (ConfUtils.java:logGet(43)) - raft.server.log.purge.gap = 1000000 (custom)
2019-10-18 13:52:48,284 [pool-429-thread-1] INFO  server.RaftServerConfigKeys (ConfUtils.java:logGet(43)) - raft.server.log.segment.cache.num.max = 2 (custom)
2019-10-18 13:52:48,284 [pool-439-thread-1] INFO  server.RaftServerConfigKeys (ConfUtils.java:logGet(43)) - raft.server.log.purge.gap = 1000000 (custom)
2019-10-18 13:52:48,284 [pool-429-thread-1] INFO  segmented.SegmentedRaftLogWorker (SegmentedRaftLogWorker.java:<init>(173)) - new 9428a45a-07e9-49d7-b31a-f311eec9e72b@group-2CE223B428DB-SegmentedRaftLogWorker for RaftStorage:Storage Directory /workdir/hadoop-ozone/integration-test/target/test-dir/MiniOzoneClusterImpl-6e28672b-ea3d-42bc-af55-882c331ed2d2/datanode-2/data/ratis/8a98ae06-7dbd-4ca7-b8e0-2ce223b428db
2019-10-18 13:52:48,284 [pool-419-thread-1] INFO  server.RaftServerConfigKeys (ConfUtils.java:logGet(43)) - raft.server.log.appender.buffer.byte-limit = 33554432 (custom)
2019-10-18 13:52:48,285 [pool-429-thread-1] INFO  server.RaftServerConfigKeys (ConfUtils.java:logGet(43)) - raft.server.log.queue.byte-limit = 2147483647 (custom)
2019-10-18 13:52:48,284 [pool-439-thread-1] INFO  server.RaftServerConfigKeys (ConfUtils.java:logGet(43)) - raft.server.log.appender.buffer.byte-limit = 33554432 (custom)
2019-10-18 13:52:48,285 [pool-429-thread-1] INFO  server.RaftServerConfigKeys (ConfUtils.java:logGet(43)) - raft.server.log.queue.element-limit = 1024 (custom)
2019-10-18 13:52:48,285 [pool-419-thread-1] INFO  server.RaftServerConfigKeys (ConfUtils.java:logGet(43)) - raft.server.log.segment.size.max = 1048576 (custom)
2019-10-18 13:52:48,285 [pool-429-thread-1] INFO  server.RaftServerConfigKeys (ConfUtils.java:logGet(43)) - raft.server.log.segment.size.max = 1048576 (custom)
2019-10-18 13:52:48,285 [pool-439-thread-1] INFO  server.RaftServerConfigKeys (ConfUtils.java:logGet(43)) - raft.server.log.segment.size.max = 1048576 (custom)
2019-10-18 13:52:48,285 [pool-429-thread-1] INFO  server.RaftServerConfigKeys (ConfUtils.java:logGet(43)) - raft.server.log.preallocated.size = 16384 (custom)
2019-10-18 13:52:48,285 [pool-419-thread-1] INFO  server.RaftServerConfigKeys (ConfUtils.java:logGet(43)) - raft.server.log.segment.cache.num.max = 2 (custom)
2019-10-18 13:52:48,286 [pool-429-thread-1] INFO  server.RaftServerConfigKeys (ConfUtils.java:logGet(43)) - raft.server.log.write.buffer.size = 33554432 (custom)
2019-10-18 13:52:48,285 [pool-439-thread-1] INFO  server.RaftServerConfigKeys (ConfUtils.java:logGet(43)) - raft.server.log.segment.cache.num.max = 2 (custom)
2019-10-18 13:52:48,286 [pool-429-thread-1] INFO  server.RaftServerConfigKeys (ConfUtils.java:logGet(43)) - raft.server.log.force.sync.num = 128 (default)
2019-10-18 13:52:48,286 [pool-419-thread-1] INFO  segmented.SegmentedRaftLogWorker (SegmentedRaftLogWorker.java:<init>(173)) - new c22dcba3-59d1-4fc8-9c25-9292db9117bd@group-2CE223B428DB-SegmentedRaftLogWorker for RaftStorage:Storage Directory /workdir/hadoop-ozone/integration-test/target/test-dir/MiniOzoneClusterImpl-6e28672b-ea3d-42bc-af55-882c331ed2d2/datanode-1/data/ratis/8a98ae06-7dbd-4ca7-b8e0-2ce223b428db
2019-10-18 13:52:48,286 [pool-429-thread-1] INFO  server.RaftServerConfigKeys (ConfUtils.java:logGet(43)) - raft.server.log.statemachine.data.sync = true (default)
2019-10-18 13:52:48,286 [pool-439-thread-1] INFO  segmented.SegmentedRaftLogWorker (SegmentedRaftLogWorker.java:<init>(173)) - new 5e7383bb-fda8-40e7-8145-d7b46255a358@group-2CE223B428DB-SegmentedRaftLogWorker for RaftStorage:Storage Directory /workdir/hadoop-ozone/integration-test/target/test-dir/MiniOzoneClusterImpl-6e28672b-ea3d-42bc-af55-882c331ed2d2/datanode-3/data/ratis/8a98ae06-7dbd-4ca7-b8e0-2ce223b428db
2019-10-18 13:52:48,286 [pool-429-thread-1] INFO  server.RaftServerConfigKeys (ConfUtils.java:logGet(43)) - raft.server.log.statemachine.data.sync.timeout = 10s (default)
2019-10-18 13:52:48,286 [pool-419-thread-1] INFO  server.RaftServerConfigKeys (ConfUtils.java:logGet(43)) - raft.server.log.queue.byte-limit = 2147483647 (custom)
2019-10-18 13:52:48,287 [pool-429-thread-1] INFO  server.RaftServerConfigKeys (ConfUtils.java:logGet(43)) - raft.server.log.statemachine.data.sync.timeout.retry = -1 (default)
2019-10-18 13:52:48,286 [pool-439-thread-1] INFO  server.RaftServerConfigKeys (ConfUtils.java:logGet(43)) - raft.server.log.queue.byte-limit = 2147483647 (custom)
2019-10-18 13:52:48,287 [pool-429-thread-1] INFO  server.RaftServerConfigKeys (ConfUtils.java:logGet(43)) - raft.server.log.statemachine.data.caching.enabled = true (custom)
2019-10-18 13:52:48,287 [pool-419-thread-1] INFO  server.RaftServerConfigKeys (ConfUtils.java:logGet(43)) - raft.server.log.queue.element-limit = 1024 (custom)
2019-10-18 13:52:48,287 [pool-439-thread-1] INFO  server.RaftServerConfigKeys (ConfUtils.java:logGet(43)) - raft.server.log.queue.element-limit = 1024 (custom)
2019-10-18 13:52:48,287 [pool-419-thread-1] INFO  server.RaftServerConfigKeys (ConfUtils.java:logGet(43)) - raft.server.log.segment.size.max = 1048576 (custom)
2019-10-18 13:52:48,287 [pool-439-thread-1] INFO  server.RaftServerConfigKeys (ConfUtils.java:logGet(43)) - raft.server.log.segment.size.max = 1048576 (custom)
2019-10-18 13:52:48,287 [pool-419-thread-1] INFO  server.RaftServerConfigKeys (ConfUtils.java:logGet(43)) - raft.server.log.preallocated.size = 16384 (custom)
2019-10-18 13:52:48,288 [pool-439-thread-1] INFO  server.RaftServerConfigKeys (ConfUtils.java:logGet(43)) - raft.server.log.preallocated.size = 16384 (custom)
2019-10-18 13:52:48,288 [pool-419-thread-1] INFO  server.RaftServerConfigKeys (ConfUtils.java:logGet(43)) - raft.server.log.write.buffer.size = 33554432 (custom)
2019-10-18 13:52:48,288 [pool-439-thread-1] INFO  server.RaftServerConfigKeys (ConfUtils.java:logGet(43)) - raft.server.log.write.buffer.size = 33554432 (custom)
2019-10-18 13:52:48,288 [pool-419-thread-1] INFO  server.RaftServerConfigKeys (ConfUtils.java:logGet(43)) - raft.server.log.force.sync.num = 128 (default)
2019-10-18 13:52:48,288 [pool-439-thread-1] INFO  server.RaftServerConfigKeys (ConfUtils.java:logGet(43)) - raft.server.log.force.sync.num = 128 (default)
2019-10-18 13:52:48,288 [pool-419-thread-1] INFO  server.RaftServerConfigKeys (ConfUtils.java:logGet(43)) - raft.server.log.statemachine.data.sync = true (default)
2019-10-18 13:52:48,288 [pool-439-thread-1] INFO  server.RaftServerConfigKeys (ConfUtils.java:logGet(43)) - raft.server.log.statemachine.data.sync = true (default)
2019-10-18 13:52:48,288 [pool-419-thread-1] INFO  server.RaftServerConfigKeys (ConfUtils.java:logGet(43)) - raft.server.log.statemachine.data.sync.timeout = 10s (default)
2019-10-18 13:52:48,289 [pool-439-thread-1] INFO  server.RaftServerConfigKeys (ConfUtils.java:logGet(43)) - raft.server.log.statemachine.data.sync.timeout = 10s (default)
2019-10-18 13:52:48,289 [pool-419-thread-1] INFO  server.RaftServerConfigKeys (ConfUtils.java:logGet(43)) - raft.server.log.statemachine.data.sync.timeout.retry = -1 (default)
2019-10-18 13:52:48,289 [pool-439-thread-1] INFO  server.RaftServerConfigKeys (ConfUtils.java:logGet(43)) - raft.server.log.statemachine.data.sync.timeout.retry = -1 (default)
2019-10-18 13:52:48,289 [pool-419-thread-1] INFO  server.RaftServerConfigKeys (ConfUtils.java:logGet(43)) - raft.server.log.statemachine.data.caching.enabled = true (custom)
2019-10-18 13:52:48,289 [pool-439-thread-1] INFO  server.RaftServerConfigKeys (ConfUtils.java:logGet(43)) - raft.server.log.statemachine.data.caching.enabled = true (custom)
2019-10-18 13:52:48,295 [pool-419-thread-1] INFO  segmented.SegmentedRaftLogWorker (SegmentedRaftLogWorker.java:lambda$new$0(128)) - c22dcba3-59d1-4fc8-9c25-9292db9117bd@group-2CE223B428DB-SegmentedRaftLogWorker: flushIndex: setUnconditionally 0 -> -1
2019-10-18 13:52:48,295 [pool-439-thread-1] INFO  segmented.SegmentedRaftLogWorker (SegmentedRaftLogWorker.java:lambda$new$0(128)) - 5e7383bb-fda8-40e7-8145-d7b46255a358@group-2CE223B428DB-SegmentedRaftLogWorker: flushIndex: setUnconditionally 0 -> -1
2019-10-18 13:52:48,295 [pool-419-thread-1] INFO  server.RaftServerConfigKeys (ConfUtils.java:logGet(43)) - raft.server.snapshot.auto.trigger.enabled = true (custom)
2019-10-18 13:52:48,295 [pool-429-thread-1] INFO  segmented.SegmentedRaftLogWorker (SegmentedRaftLogWorker.java:lambda$new$0(128)) - 9428a45a-07e9-49d7-b31a-f311eec9e72b@group-2CE223B428DB-SegmentedRaftLogWorker: flushIndex: setUnconditionally 0 -> -1
2019-10-18 13:52:48,295 [pool-419-thread-1] INFO  server.RaftServerConfigKeys (ConfUtils.java:logGet(43)) - raft.server.snapshot.auto.trigger.threshold = 10000 (custom)
2019-10-18 13:52:48,295 [pool-439-thread-1] INFO  server.RaftServerConfigKeys (ConfUtils.java:logGet(43)) - raft.server.snapshot.auto.trigger.enabled = true (custom)
2019-10-18 13:52:48,295 [pool-429-thread-1] INFO  server.RaftServerConfigKeys (ConfUtils.java:logGet(43)) - raft.server.snapshot.auto.trigger.enabled = true (custom)
2019-10-18 13:52:48,295 [pool-419-thread-1] INFO  server.RaftServerConfigKeys (ConfUtils.java:logGet(43)) - raft.server.snapshot.retention.file.num = 5 (custom)
2019-10-18 13:52:48,296 [pool-429-thread-1] INFO  server.RaftServerConfigKeys (ConfUtils.java:logGet(43)) - raft.server.snapshot.auto.trigger.threshold = 10000 (custom)
2019-10-18 13:52:48,296 [pool-439-thread-1] INFO  server.RaftServerConfigKeys (ConfUtils.java:logGet(43)) - raft.server.snapshot.auto.trigger.threshold = 10000 (custom)
2019-10-18 13:52:48,296 [pool-429-thread-1] INFO  server.RaftServerConfigKeys (ConfUtils.java:logGet(43)) - raft.server.snapshot.retention.file.num = 5 (custom)
2019-10-18 13:52:48,296 [pool-419-thread-1] INFO  server.RaftServerConfigKeys (ConfUtils.java:logGet(43)) - raft.server.retrycache.expirytime = 600000ms (custom)
2019-10-18 13:52:48,296 [pool-429-thread-1] INFO  server.RaftServerConfigKeys (ConfUtils.java:logGet(43)) - raft.server.retrycache.expirytime = 600000ms (custom)
2019-10-18 13:52:48,296 [pool-439-thread-1] INFO  server.RaftServerConfigKeys (ConfUtils.java:logGet(43)) - raft.server.snapshot.retention.file.num = 5 (custom)
2019-10-18 13:52:48,296 [pool-439-thread-1] INFO  server.RaftServerConfigKeys (ConfUtils.java:logGet(43)) - raft.server.retrycache.expirytime = 600000ms (custom)
2019-10-18 13:52:48,299 [pool-419-thread-1] INFO  impl.RaftServerImpl (RaftServerImpl.java:start(181)) - c22dcba3-59d1-4fc8-9c25-9292db9117bd@group-2CE223B428DB: start as a follower, conf=-1: [5e7383bb-fda8-40e7-8145-d7b46255a358:192.168.34.61:37118, 9428a45a-07e9-49d7-b31a-f311eec9e72b:192.168.34.61:37937, c22dcba3-59d1-4fc8-9c25-9292db9117bd:192.168.34.61:43563], old=null
2019-10-18 13:52:48,299 [pool-419-thread-1] INFO  impl.RaftServerImpl (RaftServerImpl.java:setRole(170)) - c22dcba3-59d1-4fc8-9c25-9292db9117bd@group-2CE223B428DB: changes role from      null to FOLLOWER at term 0 for startAsFollower
2019-10-18 13:52:48,299 [pool-419-thread-1] INFO  impl.RoleInfo (RoleInfo.java:updateAndGet(143)) - c22dcba3-59d1-4fc8-9c25-9292db9117bd: start FollowerState
2019-10-18 13:52:48,299 [pool-419-thread-1] INFO  util.JmxRegister (JmxRegister.java:tryRegister(44)) - Successfully registered JMX Bean with object name Ratis:service=RaftServer,group=group-2CE223B428DB,id=c22dcba3-59d1-4fc8-9c25-9292db9117bd
2019-10-18 13:52:48,300 [pool-429-thread-1] INFO  impl.RaftServerImpl (RaftServerImpl.java:start(181)) - 9428a45a-07e9-49d7-b31a-f311eec9e72b@group-2CE223B428DB: start as a follower, conf=-1: [5e7383bb-fda8-40e7-8145-d7b46255a358:192.168.34.61:37118, 9428a45a-07e9-49d7-b31a-f311eec9e72b:192.168.34.61:37937, c22dcba3-59d1-4fc8-9c25-9292db9117bd:192.168.34.61:43563], old=null
2019-10-18 13:52:48,300 [pool-429-thread-1] INFO  impl.RaftServerImpl (RaftServerImpl.java:setRole(170)) - 9428a45a-07e9-49d7-b31a-f311eec9e72b@group-2CE223B428DB: changes role from      null to FOLLOWER at term 0 for startAsFollower
2019-10-18 13:52:48,300 [pool-429-thread-1] INFO  impl.RoleInfo (RoleInfo.java:updateAndGet(143)) - 9428a45a-07e9-49d7-b31a-f311eec9e72b: start FollowerState
2019-10-18 13:52:48,300 [pool-429-thread-1] INFO  util.JmxRegister (JmxRegister.java:tryRegister(44)) - Successfully registered JMX Bean with object name Ratis:service=RaftServer,group=group-2CE223B428DB,id=9428a45a-07e9-49d7-b31a-f311eec9e72b
2019-10-18 13:52:48,300 [pool-439-thread-1] INFO  impl.RaftServerImpl (RaftServerImpl.java:start(181)) - 5e7383bb-fda8-40e7-8145-d7b46255a358@group-2CE223B428DB: start as a follower, conf=-1: [5e7383bb-fda8-40e7-8145-d7b46255a358:192.168.34.61:37118, 9428a45a-07e9-49d7-b31a-f311eec9e72b:192.168.34.61:37937, c22dcba3-59d1-4fc8-9c25-9292db9117bd:192.168.34.61:43563], old=null
2019-10-18 13:52:48,301 [pool-439-thread-1] INFO  impl.RaftServerImpl (RaftServerImpl.java:setRole(170)) - 5e7383bb-fda8-40e7-8145-d7b46255a358@group-2CE223B428DB: changes role from      null to FOLLOWER at term 0 for startAsFollower
2019-10-18 13:52:48,301 [pool-439-thread-1] INFO  impl.RoleInfo (RoleInfo.java:updateAndGet(143)) - 5e7383bb-fda8-40e7-8145-d7b46255a358: start FollowerState
2019-10-18 13:52:48,301 [pool-439-thread-1] INFO  util.JmxRegister (JmxRegister.java:tryRegister(44)) - Successfully registered JMX Bean with object name Ratis:service=RaftServer,group=group-2CE223B428DB,id=5e7383bb-fda8-40e7-8145-d7b46255a358
2019-10-18 13:52:48,305 [RatisPipelineUtilsThread] INFO  pipeline.PipelineStateManager (PipelineStateManager.java:addPipeline(56)) - Created pipeline Pipeline[ Id: 8a98ae06-7dbd-4ca7-b8e0-2ce223b428db, Nodes: 9428a45a-07e9-49d7-b31a-f311eec9e72b{ip: 192.168.34.61, host: pr-hdds-2280-982rn-3954796538, networkLocation: /default-rack, certSerialId: null}5e7383bb-fda8-40e7-8145-d7b46255a358{ip: 192.168.34.61, host: pr-hdds-2280-982rn-3954796538, networkLocation: /default-rack, certSerialId: null}c22dcba3-59d1-4fc8-9c25-9292db9117bd{ip: 192.168.34.61, host: pr-hdds-2280-982rn-3954796538, networkLocation: /default-rack, certSerialId: null}, Type:RATIS, Factor:THREE, State:OPEN]
2019-10-18 13:52:48,449 [main] INFO  ozone.MiniOzoneClusterImpl (MiniOzoneClusterImpl.java:lambda$waitForClusterToBeReady$0(147)) - Cluster is ready. Got 7 of 7 DN Heartbeats.
2019-10-18 13:52:48,483 [main] INFO  rpc.RpcClient (RpcClient.java:createVolume(272)) - Creating Volume: testblockoutputstream, with jenkins1000 as owner.
2019-10-18 13:52:48,486 [IPC Server handler 1 on 34412] INFO  volume.OMVolumeCreateRequest (OMVolumeCreateRequest.java:validateAndUpdateCache(193)) - created volume:testblockoutputstream for user:jenkins1000
2019-10-18 13:52:48,498 [main] INFO  rpc.RpcClient (RpcClient.java:createBucket(411)) - Creating Bucket: testblockoutputstream/testblockoutputstream, with Versioning false and Storage Type set to DISK and Encryption set to false 
2019-10-18 13:52:50,012 [Thread-3077] INFO  container.ReplicationManager (ReplicationManager.java:start(162)) - Starting Replication Monitor Thread.
2019-10-18 13:52:50,015 [ReplicationMonitor] INFO  container.ReplicationManager (ReplicationManager.java:run(225)) - Replication Monitor Thread took 0 milliseconds for processing 1 containers.
2019-10-18 13:52:52,185 [Thread-3079] INFO  impl.FollowerState (FollowerState.java:run(108)) - cebffdd8-c119-4a21-bd71-c9ab06d21a65@group-ABE78698D389-FollowerState: change to CANDIDATE, lastRpcTime:5011ms, electionTimeout:5011ms
2019-10-18 13:52:52,185 [Thread-3079] INFO  impl.RoleInfo (RoleInfo.java:shutdownFollowerState(121)) - cebffdd8-c119-4a21-bd71-c9ab06d21a65: shutdown FollowerState
2019-10-18 13:52:52,185 [Thread-3079] INFO  impl.RaftServerImpl (RaftServerImpl.java:setRole(170)) - cebffdd8-c119-4a21-bd71-c9ab06d21a65@group-ABE78698D389: changes role from  FOLLOWER to CANDIDATE at term 0 for changeToCandidate
2019-10-18 13:52:52,185 [Thread-3079] INFO  impl.RoleInfo (RoleInfo.java:updateAndGet(143)) - cebffdd8-c119-4a21-bd71-c9ab06d21a65: start LeaderElection
2019-10-18 13:52:52,217 [cebffdd8-c119-4a21-bd71-c9ab06d21a65@group-ABE78698D389-LeaderElection70] INFO  impl.LeaderElection (LeaderElection.java:askForVotes(178)) - cebffdd8-c119-4a21-bd71-c9ab06d21a65@group-ABE78698D389-LeaderElection70: begin an election at term 1 for -1: [cebffdd8-c119-4a21-bd71-c9ab06d21a65:192.168.34.61:41016], old=null
2019-10-18 13:52:52,218 [cebffdd8-c119-4a21-bd71-c9ab06d21a65@group-ABE78698D389-LeaderElection70] INFO  impl.RoleInfo (RoleInfo.java:shutdownLeaderElection(134)) - cebffdd8-c119-4a21-bd71-c9ab06d21a65: shutdown LeaderElection
2019-10-18 13:52:52,218 [cebffdd8-c119-4a21-bd71-c9ab06d21a65@group-ABE78698D389-LeaderElection70] INFO  impl.RaftServerImpl (RaftServerImpl.java:setRole(170)) - cebffdd8-c119-4a21-bd71-c9ab06d21a65@group-ABE78698D389: changes role from CANDIDATE to LEADER at term 1 for changeToLeader
2019-10-18 13:52:52,218 [cebffdd8-c119-4a21-bd71-c9ab06d21a65@group-ABE78698D389-LeaderElection70] INFO  impl.RaftServerImpl (ServerState.java:setLeader(255)) - cebffdd8-c119-4a21-bd71-c9ab06d21a65@group-ABE78698D389: change Leader from null to cebffdd8-c119-4a21-bd71-c9ab06d21a65 at term 1 for becomeLeader, leader elected after 5053ms
2019-10-18 13:52:52,218 [cebffdd8-c119-4a21-bd71-c9ab06d21a65@group-ABE78698D389-LeaderElection70] INFO  server.RaftServerConfigKeys (ConfUtils.java:logGet(43)) - raft.server.staging.catchup.gap = 1000 (default)
2019-10-18 13:52:52,218 [cebffdd8-c119-4a21-bd71-c9ab06d21a65@group-ABE78698D389-LeaderElection70] INFO  server.RaftServerConfigKeys (ConfUtils.java:logGet(43)) - raft.server.rpc.sleep.time = 25ms (default)
2019-10-18 13:52:52,218 [cebffdd8-c119-4a21-bd71-c9ab06d21a65@group-ABE78698D389-LeaderElection70] INFO  server.RaftServerConfigKeys (ConfUtils.java:logGet(43)) - raft.server.write.element-limit = 4096 (default)
2019-10-18 13:52:52,219 [cebffdd8-c119-4a21-bd71-c9ab06d21a65@group-ABE78698D389-LeaderElection70] INFO  server.RaftServerConfigKeys (ConfUtils.java:logGet(43)) - raft.server.watch.timeout = 10s (default)
2019-10-18 13:52:52,219 [cebffdd8-c119-4a21-bd71-c9ab06d21a65@group-ABE78698D389-LeaderElection70] INFO  server.RaftServerConfigKeys (ConfUtils.java:logGet(43)) - raft.server.watch.timeout.denomination = 1s (default)
2019-10-18 13:52:52,219 [cebffdd8-c119-4a21-bd71-c9ab06d21a65@group-ABE78698D389-LeaderElection70] INFO  server.RaftServerConfigKeys (ConfUtils.java:logGet(43)) - raft.server.watch.element-limit = 65536 (default)
2019-10-18 13:52:52,222 [cebffdd8-c119-4a21-bd71-c9ab06d21a65@group-ABE78698D389-LeaderElection70] INFO  impl.RoleInfo (RoleInfo.java:updateAndGet(143)) - cebffdd8-c119-4a21-bd71-c9ab06d21a65: start LeaderState
2019-10-18 13:52:52,223 [cebffdd8-c119-4a21-bd71-c9ab06d21a65@group-ABE78698D389-LeaderElection70] INFO  segmented.SegmentedRaftLogWorker (SegmentedRaftLogWorker.java:startLogSegment(385)) - cebffdd8-c119-4a21-bd71-c9ab06d21a65@group-ABE78698D389-SegmentedRaftLogWorker: Starting segment from index:0
2019-10-18 13:52:52,223 [cebffdd8-c119-4a21-bd71-c9ab06d21a65@group-ABE78698D389-LeaderElection70] INFO  impl.RaftServerImpl (ServerState.java:setRaftConf(356)) - cebffdd8-c119-4a21-bd71-c9ab06d21a65@group-ABE78698D389: set configuration 0: [cebffdd8-c119-4a21-bd71-c9ab06d21a65:192.168.34.61:41016], old=null at 0
2019-10-18 13:52:52,291 [cebffdd8-c119-4a21-bd71-c9ab06d21a65@group-ABE78698D389-SegmentedRaftLogWorker] INFO  segmented.SegmentedRaftLogWorker (SegmentedRaftLogWorker.java:execute(574)) - cebffdd8-c119-4a21-bd71-c9ab06d21a65@group-ABE78698D389-SegmentedRaftLogWorker: created new log segment /workdir/hadoop-ozone/integration-test/target/test-dir/MiniOzoneClusterImpl-6e28672b-ea3d-42bc-af55-882c331ed2d2/datanode-0/data/ratis/50787fab-d8a2-45f0-840b-abe78698d389/current/log_inprogress_0
2019-10-18 13:52:52,458 [Thread-3082] INFO  impl.FollowerState (FollowerState.java:run(108)) - 9428a45a-07e9-49d7-b31a-f311eec9e72b@group-3834AA4C93BB-FollowerState: change to CANDIDATE, lastRpcTime:5117ms, electionTimeout:5117ms
2019-10-18 13:52:52,458 [Thread-3082] INFO  impl.RoleInfo (RoleInfo.java:shutdownFollowerState(121)) - 9428a45a-07e9-49d7-b31a-f311eec9e72b: shutdown FollowerState
2019-10-18 13:52:52,459 [Thread-3082] INFO  impl.RaftServerImpl (RaftServerImpl.java:setRole(170)) - 9428a45a-07e9-49d7-b31a-f311eec9e72b@group-3834AA4C93BB: changes role from  FOLLOWER to CANDIDATE at term 0 for changeToCandidate
2019-10-18 13:52:52,459 [Thread-3082] INFO  impl.RoleInfo (RoleInfo.java:updateAndGet(143)) - 9428a45a-07e9-49d7-b31a-f311eec9e72b: start LeaderElection
2019-10-18 13:52:52,540 [9428a45a-07e9-49d7-b31a-f311eec9e72b@group-3834AA4C93BB-LeaderElection71] INFO  impl.LeaderElection (LeaderElection.java:askForVotes(178)) - 9428a45a-07e9-49d7-b31a-f311eec9e72b@group-3834AA4C93BB-LeaderElection71: begin an election at term 1 for -1: [9428a45a-07e9-49d7-b31a-f311eec9e72b:192.168.34.61:37937], old=null
2019-10-18 13:52:52,540 [9428a45a-07e9-49d7-b31a-f311eec9e72b@group-3834AA4C93BB-LeaderElection71] INFO  impl.RoleInfo (RoleInfo.java:shutdownLeaderElection(134)) - 9428a45a-07e9-49d7-b31a-f311eec9e72b: shutdown LeaderElection
2019-10-18 13:52:52,540 [9428a45a-07e9-49d7-b31a-f311eec9e72b@group-3834AA4C93BB-LeaderElection71] INFO  impl.RaftServerImpl (RaftServerImpl.java:setRole(170)) - 9428a45a-07e9-49d7-b31a-f311eec9e72b@group-3834AA4C93BB: changes role from CANDIDATE to LEADER at term 1 for changeToLeader
2019-10-18 13:52:52,540 [9428a45a-07e9-49d7-b31a-f311eec9e72b@group-3834AA4C93BB-LeaderElection71] INFO  impl.RaftServerImpl (ServerState.java:setLeader(255)) - 9428a45a-07e9-49d7-b31a-f311eec9e72b@group-3834AA4C93BB: change Leader from null to 9428a45a-07e9-49d7-b31a-f311eec9e72b at term 1 for becomeLeader, leader elected after 5206ms
2019-10-18 13:52:52,540 [9428a45a-07e9-49d7-b31a-f311eec9e72b@group-3834AA4C93BB-LeaderElection71] INFO  server.RaftServerConfigKeys (ConfUtils.java:logGet(43)) - raft.server.staging.catchup.gap = 1000 (default)
2019-10-18 13:52:52,541 [9428a45a-07e9-49d7-b31a-f311eec9e72b@group-3834AA4C93BB-LeaderElection71] INFO  server.RaftServerConfigKeys (ConfUtils.java:logGet(43)) - raft.server.rpc.sleep.time = 25ms (default)
2019-10-18 13:52:52,541 [9428a45a-07e9-49d7-b31a-f311eec9e72b@group-3834AA4C93BB-LeaderElection71] INFO  server.RaftServerConfigKeys (ConfUtils.java:logGet(43)) - raft.server.write.element-limit = 4096 (default)
2019-10-18 13:52:52,541 [9428a45a-07e9-49d7-b31a-f311eec9e72b@group-3834AA4C93BB-LeaderElection71] INFO  server.RaftServerConfigKeys (ConfUtils.java:logGet(43)) - raft.server.watch.timeout = 10s (default)
2019-10-18 13:52:52,541 [9428a45a-07e9-49d7-b31a-f311eec9e72b@group-3834AA4C93BB-LeaderElection71] INFO  server.RaftServerConfigKeys (ConfUtils.java:logGet(43)) - raft.server.watch.timeout.denomination = 1s (default)
2019-10-18 13:52:52,541 [9428a45a-07e9-49d7-b31a-f311eec9e72b@group-3834AA4C93BB-LeaderElection71] INFO  server.RaftServerConfigKeys (ConfUtils.java:logGet(43)) - raft.server.watch.element-limit = 65536 (default)
2019-10-18 13:52:52,543 [9428a45a-07e9-49d7-b31a-f311eec9e72b@group-3834AA4C93BB-LeaderElection71] INFO  impl.RoleInfo (RoleInfo.java:updateAndGet(143)) - 9428a45a-07e9-49d7-b31a-f311eec9e72b: start LeaderState
2019-10-18 13:52:52,543 [9428a45a-07e9-49d7-b31a-f311eec9e72b@group-3834AA4C93BB-LeaderElection71] INFO  segmented.SegmentedRaftLogWorker (SegmentedRaftLogWorker.java:startLogSegment(385)) - 9428a45a-07e9-49d7-b31a-f311eec9e72b@group-3834AA4C93BB-SegmentedRaftLogWorker: Starting segment from index:0
2019-10-18 13:52:52,544 [9428a45a-07e9-49d7-b31a-f311eec9e72b@group-3834AA4C93BB-LeaderElection71] INFO  impl.RaftServerImpl (ServerState.java:setRaftConf(356)) - 9428a45a-07e9-49d7-b31a-f311eec9e72b@group-3834AA4C93BB: set configuration 0: [9428a45a-07e9-49d7-b31a-f311eec9e72b:192.168.34.61:37937], old=null at 0
2019-10-18 13:52:52,584 [Thread-3088] INFO  impl.FollowerState (FollowerState.java:run(108)) - 5e7383bb-fda8-40e7-8145-d7b46255a358@group-3CBB7E8CC148-FollowerState: change to CANDIDATE, lastRpcTime:5049ms, electionTimeout:5039ms
2019-10-18 13:52:52,584 [Thread-3088] INFO  impl.RoleInfo (RoleInfo.java:shutdownFollowerState(121)) - 5e7383bb-fda8-40e7-8145-d7b46255a358: shutdown FollowerState
2019-10-18 13:52:52,584 [Thread-3088] INFO  impl.RaftServerImpl (RaftServerImpl.java:setRole(170)) - 5e7383bb-fda8-40e7-8145-d7b46255a358@group-3CBB7E8CC148: changes role from  FOLLOWER to CANDIDATE at term 0 for changeToCandidate
2019-10-18 13:52:52,584 [Thread-3088] INFO  impl.RoleInfo (RoleInfo.java:updateAndGet(143)) - 5e7383bb-fda8-40e7-8145-d7b46255a358: start LeaderElection
2019-10-18 13:52:52,590 [9428a45a-07e9-49d7-b31a-f311eec9e72b@group-3834AA4C93BB-SegmentedRaftLogWorker] INFO  segmented.SegmentedRaftLogWorker (SegmentedRaftLogWorker.java:execute(574)) - 9428a45a-07e9-49d7-b31a-f311eec9e72b@group-3834AA4C93BB-SegmentedRaftLogWorker: created new log segment /workdir/hadoop-ozone/integration-test/target/test-dir/MiniOzoneClusterImpl-6e28672b-ea3d-42bc-af55-882c331ed2d2/datanode-2/data/ratis/91e1a349-82cc-48bd-99ba-3834aa4c93bb/current/log_inprogress_0
2019-10-18 13:52:52,594 [Thread-3085] INFO  impl.FollowerState (FollowerState.java:run(108)) - 4e558b94-7600-4ed0-a419-bb082f43a5e2@group-68B6330062A9-FollowerState: change to CANDIDATE, lastRpcTime:5166ms, electionTimeout:5166ms
2019-10-18 13:52:52,594 [Thread-3085] INFO  impl.RoleInfo (RoleInfo.java:shutdownFollowerState(121)) - 4e558b94-7600-4ed0-a419-bb082f43a5e2: shutdown FollowerState
2019-10-18 13:52:52,594 [Thread-3085] INFO  impl.RaftServerImpl (RaftServerImpl.java:setRole(170)) - 4e558b94-7600-4ed0-a419-bb082f43a5e2@group-68B6330062A9: changes role from  FOLLOWER to CANDIDATE at term 0 for changeToCandidate
2019-10-18 13:52:52,595 [Thread-3085] INFO  impl.RoleInfo (RoleInfo.java:updateAndGet(143)) - 4e558b94-7600-4ed0-a419-bb082f43a5e2: start LeaderElection
2019-10-18 13:52:52,612 [5e7383bb-fda8-40e7-8145-d7b46255a358@group-3CBB7E8CC148-LeaderElection72] INFO  impl.LeaderElection (LeaderElection.java:askForVotes(178)) - 5e7383bb-fda8-40e7-8145-d7b46255a358@group-3CBB7E8CC148-LeaderElection72: begin an election at term 1 for -1: [5e7383bb-fda8-40e7-8145-d7b46255a358:192.168.34.61:37118], old=null
2019-10-18 13:52:52,612 [4e558b94-7600-4ed0-a419-bb082f43a5e2@group-68B6330062A9-LeaderElection73] INFO  impl.LeaderElection (LeaderElection.java:askForVotes(178)) - 4e558b94-7600-4ed0-a419-bb082f43a5e2@group-68B6330062A9-LeaderElection73: begin an election at term 1 for -1: [4e558b94-7600-4ed0-a419-bb082f43a5e2:192.168.34.61:35313], old=null
2019-10-18 13:52:52,613 [5e7383bb-fda8-40e7-8145-d7b46255a358@group-3CBB7E8CC148-LeaderElection72] INFO  impl.RoleInfo (RoleInfo.java:shutdownLeaderElection(134)) - 5e7383bb-fda8-40e7-8145-d7b46255a358: shutdown LeaderElection
2019-10-18 13:52:52,613 [4e558b94-7600-4ed0-a419-bb082f43a5e2@group-68B6330062A9-LeaderElection73] INFO  impl.RoleInfo (RoleInfo.java:shutdownLeaderElection(134)) - 4e558b94-7600-4ed0-a419-bb082f43a5e2: shutdown LeaderElection
2019-10-18 13:52:52,613 [5e7383bb-fda8-40e7-8145-d7b46255a358@group-3CBB7E8CC148-LeaderElection72] INFO  impl.RaftServerImpl (RaftServerImpl.java:setRole(170)) - 5e7383bb-fda8-40e7-8145-d7b46255a358@group-3CBB7E8CC148: changes role from CANDIDATE to LEADER at term 1 for changeToLeader
2019-10-18 13:52:52,613 [4e558b94-7600-4ed0-a419-bb082f43a5e2@group-68B6330062A9-LeaderElection73] INFO  impl.RaftServerImpl (RaftServerImpl.java:setRole(170)) - 4e558b94-7600-4ed0-a419-bb082f43a5e2@group-68B6330062A9: changes role from CANDIDATE to LEADER at term 1 for changeToLeader
2019-10-18 13:52:52,613 [5e7383bb-fda8-40e7-8145-d7b46255a358@group-3CBB7E8CC148-LeaderElection72] INFO  impl.RaftServerImpl (ServerState.java:setLeader(255)) - 5e7383bb-fda8-40e7-8145-d7b46255a358@group-3CBB7E8CC148: change Leader from null to 5e7383bb-fda8-40e7-8145-d7b46255a358 at term 1 for becomeLeader, leader elected after 5083ms
2019-10-18 13:52:52,613 [4e558b94-7600-4ed0-a419-bb082f43a5e2@group-68B6330062A9-LeaderElection73] INFO  impl.RaftServerImpl (ServerState.java:setLeader(255)) - 4e558b94-7600-4ed0-a419-bb082f43a5e2@group-68B6330062A9: change Leader from null to 4e558b94-7600-4ed0-a419-bb082f43a5e2 at term 1 for becomeLeader, leader elected after 5191ms
2019-10-18 13:52:52,613 [5e7383bb-fda8-40e7-8145-d7b46255a358@group-3CBB7E8CC148-LeaderElection72] INFO  server.RaftServerConfigKeys (ConfUtils.java:logGet(43)) - raft.server.staging.catchup.gap = 1000 (default)
2019-10-18 13:52:52,613 [4e558b94-7600-4ed0-a419-bb082f43a5e2@group-68B6330062A9-LeaderElection73] INFO  server.RaftServerConfigKeys (ConfUtils.java:logGet(43)) - raft.server.staging.catchup.gap = 1000 (default)
2019-10-18 13:52:52,613 [5e7383bb-fda8-40e7-8145-d7b46255a358@group-3CBB7E8CC148-LeaderElection72] INFO  server.RaftServerConfigKeys (ConfUtils.java:logGet(43)) - raft.server.rpc.sleep.time = 25ms (default)
2019-10-18 13:52:52,613 [4e558b94-7600-4ed0-a419-bb082f43a5e2@group-68B6330062A9-LeaderElection73] INFO  server.RaftServerConfigKeys (ConfUtils.java:logGet(43)) - raft.server.rpc.sleep.time = 25ms (default)
2019-10-18 13:52:52,613 [5e7383bb-fda8-40e7-8145-d7b46255a358@group-3CBB7E8CC148-LeaderElection72] INFO  server.RaftServerConfigKeys (ConfUtils.java:logGet(43)) - raft.server.write.element-limit = 4096 (default)
2019-10-18 13:52:52,613 [4e558b94-7600-4ed0-a419-bb082f43a5e2@group-68B6330062A9-LeaderElection73] INFO  server.RaftServerConfigKeys (ConfUtils.java:logGet(43)) - raft.server.write.element-limit = 4096 (default)
2019-10-18 13:52:52,614 [5e7383bb-fda8-40e7-8145-d7b46255a358@group-3CBB7E8CC148-LeaderElection72] INFO  server.RaftServerConfigKeys (ConfUtils.java:logGet(43)) - raft.server.watch.timeout = 10s (default)
2019-10-18 13:52:52,614 [4e558b94-7600-4ed0-a419-bb082f43a5e2@group-68B6330062A9-LeaderElection73] INFO  server.RaftServerConfigKeys (ConfUtils.java:logGet(43)) - raft.server.watch.timeout = 10s (default)
2019-10-18 13:52:52,614 [5e7383bb-fda8-40e7-8145-d7b46255a358@group-3CBB7E8CC148-LeaderElection72] INFO  server.RaftServerConfigKeys (ConfUtils.java:logGet(43)) - raft.server.watch.timeout.denomination = 1s (default)
2019-10-18 13:52:52,614 [4e558b94-7600-4ed0-a419-bb082f43a5e2@group-68B6330062A9-LeaderElection73] INFO  server.RaftServerConfigKeys (ConfUtils.java:logGet(43)) - raft.server.watch.timeout.denomination = 1s (default)
2019-10-18 13:52:52,614 [5e7383bb-fda8-40e7-8145-d7b46255a358@group-3CBB7E8CC148-LeaderElection72] INFO  server.RaftServerConfigKeys (ConfUtils.java:logGet(43)) - raft.server.watch.element-limit = 65536 (default)
2019-10-18 13:52:52,614 [4e558b94-7600-4ed0-a419-bb082f43a5e2@group-68B6330062A9-LeaderElection73] INFO  server.RaftServerConfigKeys (ConfUtils.java:logGet(43)) - raft.server.watch.element-limit = 65536 (default)
2019-10-18 13:52:52,616 [5e7383bb-fda8-40e7-8145-d7b46255a358@group-3CBB7E8CC148-LeaderElection72] INFO  impl.RoleInfo (RoleInfo.java:updateAndGet(143)) - 5e7383bb-fda8-40e7-8145-d7b46255a358: start LeaderState
2019-10-18 13:52:52,616 [4e558b94-7600-4ed0-a419-bb082f43a5e2@group-68B6330062A9-LeaderElection73] INFO  impl.RoleInfo (RoleInfo.java:updateAndGet(143)) - 4e558b94-7600-4ed0-a419-bb082f43a5e2: start LeaderState
2019-10-18 13:52:52,616 [5e7383bb-fda8-40e7-8145-d7b46255a358@group-3CBB7E8CC148-LeaderElection72] INFO  segmented.SegmentedRaftLogWorker (SegmentedRaftLogWorker.java:startLogSegment(385)) - 5e7383bb-fda8-40e7-8145-d7b46255a358@group-3CBB7E8CC148-SegmentedRaftLogWorker: Starting segment from index:0
2019-10-18 13:52:52,616 [4e558b94-7600-4ed0-a419-bb082f43a5e2@group-68B6330062A9-LeaderElection73] INFO  segmented.SegmentedRaftLogWorker (SegmentedRaftLogWorker.java:startLogSegment(385)) - 4e558b94-7600-4ed0-a419-bb082f43a5e2@group-68B6330062A9-SegmentedRaftLogWorker: Starting segment from index:0
2019-10-18 13:52:52,616 [5e7383bb-fda8-40e7-8145-d7b46255a358@group-3CBB7E8CC148-LeaderElection72] INFO  impl.RaftServerImpl (ServerState.java:setRaftConf(356)) - 5e7383bb-fda8-40e7-8145-d7b46255a358@group-3CBB7E8CC148: set configuration 0: [5e7383bb-fda8-40e7-8145-d7b46255a358:192.168.34.61:37118], old=null at 0
2019-10-18 13:52:52,640 [4e558b94-7600-4ed0-a419-bb082f43a5e2@group-68B6330062A9-LeaderElection73] INFO  impl.RaftServerImpl (ServerState.java:setRaftConf(356)) - 4e558b94-7600-4ed0-a419-bb082f43a5e2@group-68B6330062A9: set configuration 0: [4e558b94-7600-4ed0-a419-bb082f43a5e2:192.168.34.61:35313], old=null at 0
2019-10-18 13:52:52,690 [5e7383bb-fda8-40e7-8145-d7b46255a358@group-3CBB7E8CC148-SegmentedRaftLogWorker] INFO  segmented.SegmentedRaftLogWorker (SegmentedRaftLogWorker.java:execute(574)) - 5e7383bb-fda8-40e7-8145-d7b46255a358@group-3CBB7E8CC148-SegmentedRaftLogWorker: created new log segment /workdir/hadoop-ozone/integration-test/target/test-dir/MiniOzoneClusterImpl-6e28672b-ea3d-42bc-af55-882c331ed2d2/datanode-3/data/ratis/f523abe9-c2c0-48b0-b864-3cbb7e8cc148/current/log_inprogress_0
2019-10-18 13:52:52,730 [4e558b94-7600-4ed0-a419-bb082f43a5e2@group-68B6330062A9-SegmentedRaftLogWorker] INFO  segmented.SegmentedRaftLogWorker (SegmentedRaftLogWorker.java:execute(574)) - 4e558b94-7600-4ed0-a419-bb082f43a5e2@group-68B6330062A9-SegmentedRaftLogWorker: created new log segment /workdir/hadoop-ozone/integration-test/target/test-dir/MiniOzoneClusterImpl-6e28672b-ea3d-42bc-af55-882c331ed2d2/datanode-4/data/ratis/66200d63-2bdf-412b-beda-68b6330062a9/current/log_inprogress_0
2019-10-18 13:52:52,735 [Thread-3091] INFO  impl.FollowerState (FollowerState.java:run(108)) - 766a15ca-6d28-424b-ad9e-89b48d3f1885@group-C5A445DF5ACA-FollowerState: change to CANDIDATE, lastRpcTime:5013ms, electionTimeout:5013ms
2019-10-18 13:52:52,735 [Thread-3091] INFO  impl.RoleInfo (RoleInfo.java:shutdownFollowerState(121)) - 766a15ca-6d28-424b-ad9e-89b48d3f1885: shutdown FollowerState
2019-10-18 13:52:52,736 [Thread-3091] INFO  impl.RaftServerImpl (RaftServerImpl.java:setRole(170)) - 766a15ca-6d28-424b-ad9e-89b48d3f1885@group-C5A445DF5ACA: changes role from  FOLLOWER to CANDIDATE at term 0 for changeToCandidate
2019-10-18 13:52:52,736 [Thread-3091] INFO  impl.RoleInfo (RoleInfo.java:updateAndGet(143)) - 766a15ca-6d28-424b-ad9e-89b48d3f1885: start LeaderElection
2019-10-18 13:52:52,752 [766a15ca-6d28-424b-ad9e-89b48d3f1885@group-C5A445DF5ACA-LeaderElection74] INFO  impl.LeaderElection (LeaderElection.java:askForVotes(178)) - 766a15ca-6d28-424b-ad9e-89b48d3f1885@group-C5A445DF5ACA-LeaderElection74: begin an election at term 1 for -1: [766a15ca-6d28-424b-ad9e-89b48d3f1885:192.168.34.61:36275], old=null
2019-10-18 13:52:52,752 [766a15ca-6d28-424b-ad9e-89b48d3f1885@group-C5A445DF5ACA-LeaderElection74] INFO  impl.RoleInfo (RoleInfo.java:shutdownLeaderElection(134)) - 766a15ca-6d28-424b-ad9e-89b48d3f1885: shutdown LeaderElection
2019-10-18 13:52:52,752 [766a15ca-6d28-424b-ad9e-89b48d3f1885@group-C5A445DF5ACA-LeaderElection74] INFO  impl.RaftServerImpl (RaftServerImpl.java:setRole(170)) - 766a15ca-6d28-424b-ad9e-89b48d3f1885@group-C5A445DF5ACA: changes role from CANDIDATE to LEADER at term 1 for changeToLeader
2019-10-18 13:52:52,752 [766a15ca-6d28-424b-ad9e-89b48d3f1885@group-C5A445DF5ACA-LeaderElection74] INFO  impl.RaftServerImpl (ServerState.java:setLeader(255)) - 766a15ca-6d28-424b-ad9e-89b48d3f1885@group-C5A445DF5ACA: change Leader from null to 766a15ca-6d28-424b-ad9e-89b48d3f1885 at term 1 for becomeLeader, leader elected after 5037ms
2019-10-18 13:52:52,753 [766a15ca-6d28-424b-ad9e-89b48d3f1885@group-C5A445DF5ACA-LeaderElection74] INFO  server.RaftServerConfigKeys (ConfUtils.java:logGet(43)) - raft.server.staging.catchup.gap = 1000 (default)
2019-10-18 13:52:52,753 [766a15ca-6d28-424b-ad9e-89b48d3f1885@group-C5A445DF5ACA-LeaderElection74] INFO  server.RaftServerConfigKeys (ConfUtils.java:logGet(43)) - raft.server.rpc.sleep.time = 25ms (default)
2019-10-18 13:52:52,753 [766a15ca-6d28-424b-ad9e-89b48d3f1885@group-C5A445DF5ACA-LeaderElection74] INFO  server.RaftServerConfigKeys (ConfUtils.java:logGet(43)) - raft.server.write.element-limit = 4096 (default)
2019-10-18 13:52:52,753 [766a15ca-6d28-424b-ad9e-89b48d3f1885@group-C5A445DF5ACA-LeaderElection74] INFO  server.RaftServerConfigKeys (ConfUtils.java:logGet(43)) - raft.server.watch.timeout = 10s (default)
2019-10-18 13:52:52,753 [766a15ca-6d28-424b-ad9e-89b48d3f1885@group-C5A445DF5ACA-LeaderElection74] INFO  server.RaftServerConfigKeys (ConfUtils.java:logGet(43)) - raft.server.watch.timeout.denomination = 1s (default)
2019-10-18 13:52:52,753 [766a15ca-6d28-424b-ad9e-89b48d3f1885@group-C5A445DF5ACA-LeaderElection74] INFO  server.RaftServerConfigKeys (ConfUtils.java:logGet(43)) - raft.server.watch.element-limit = 65536 (default)
2019-10-18 13:52:52,754 [766a15ca-6d28-424b-ad9e-89b48d3f1885@group-C5A445DF5ACA-LeaderElection74] INFO  impl.RoleInfo (RoleInfo.java:updateAndGet(143)) - 766a15ca-6d28-424b-ad9e-89b48d3f1885: start LeaderState
2019-10-18 13:52:52,755 [766a15ca-6d28-424b-ad9e-89b48d3f1885@group-C5A445DF5ACA-LeaderElection74] INFO  segmented.SegmentedRaftLogWorker (SegmentedRaftLogWorker.java:startLogSegment(385)) - 766a15ca-6d28-424b-ad9e-89b48d3f1885@group-C5A445DF5ACA-SegmentedRaftLogWorker: Starting segment from index:0
2019-10-18 13:52:52,755 [766a15ca-6d28-424b-ad9e-89b48d3f1885@group-C5A445DF5ACA-LeaderElection74] INFO  impl.RaftServerImpl (ServerState.java:setRaftConf(356)) - 766a15ca-6d28-424b-ad9e-89b48d3f1885@group-C5A445DF5ACA: set configuration 0: [766a15ca-6d28-424b-ad9e-89b48d3f1885:192.168.34.61:36275], old=null at 0
2019-10-18 13:52:52,838 [766a15ca-6d28-424b-ad9e-89b48d3f1885@group-C5A445DF5ACA-SegmentedRaftLogWorker] INFO  segmented.SegmentedRaftLogWorker (SegmentedRaftLogWorker.java:execute(574)) - 766a15ca-6d28-424b-ad9e-89b48d3f1885@group-C5A445DF5ACA-SegmentedRaftLogWorker: created new log segment /workdir/hadoop-ozone/integration-test/target/test-dir/MiniOzoneClusterImpl-6e28672b-ea3d-42bc-af55-882c331ed2d2/datanode-6/data/ratis/2b3e5b6f-6d73-48a1-8c4c-c5a445df5aca/current/log_inprogress_0
2019-10-18 13:52:52,978 [Thread-3094] INFO  impl.FollowerState (FollowerState.java:run(108)) - c22dcba3-59d1-4fc8-9c25-9292db9117bd@group-C823C2A1C895-FollowerState: change to CANDIDATE, lastRpcTime:5075ms, electionTimeout:5075ms
2019-10-18 13:52:52,978 [Thread-3094] INFO  impl.RoleInfo (RoleInfo.java:shutdownFollowerState(121)) - c22dcba3-59d1-4fc8-9c25-9292db9117bd: shutdown FollowerState
2019-10-18 13:52:52,978 [Thread-3094] INFO  impl.RaftServerImpl (RaftServerImpl.java:setRole(170)) - c22dcba3-59d1-4fc8-9c25-9292db9117bd@group-C823C2A1C895: changes role from  FOLLOWER to CANDIDATE at term 0 for changeToCandidate
2019-10-18 13:52:52,979 [Thread-3094] INFO  impl.RoleInfo (RoleInfo.java:updateAndGet(143)) - c22dcba3-59d1-4fc8-9c25-9292db9117bd: start LeaderElection
2019-10-18 13:52:53,039 [c22dcba3-59d1-4fc8-9c25-9292db9117bd@group-C823C2A1C895-LeaderElection75] INFO  impl.LeaderElection (LeaderElection.java:askForVotes(178)) - c22dcba3-59d1-4fc8-9c25-9292db9117bd@group-C823C2A1C895-LeaderElection75: begin an election at term 1 for -1: [c22dcba3-59d1-4fc8-9c25-9292db9117bd:192.168.34.61:43563], old=null
2019-10-18 13:52:53,039 [c22dcba3-59d1-4fc8-9c25-9292db9117bd@group-C823C2A1C895-LeaderElection75] INFO  impl.RoleInfo (RoleInfo.java:shutdownLeaderElection(134)) - c22dcba3-59d1-4fc8-9c25-9292db9117bd: shutdown LeaderElection
2019-10-18 13:52:53,039 [c22dcba3-59d1-4fc8-9c25-9292db9117bd@group-C823C2A1C895-LeaderElection75] INFO  impl.RaftServerImpl (RaftServerImpl.java:setRole(170)) - c22dcba3-59d1-4fc8-9c25-9292db9117bd@group-C823C2A1C895: changes role from CANDIDATE to LEADER at term 1 for changeToLeader
2019-10-18 13:52:53,039 [c22dcba3-59d1-4fc8-9c25-9292db9117bd@group-C823C2A1C895-LeaderElection75] INFO  impl.RaftServerImpl (ServerState.java:setLeader(255)) - c22dcba3-59d1-4fc8-9c25-9292db9117bd@group-C823C2A1C895: change Leader from null to c22dcba3-59d1-4fc8-9c25-9292db9117bd at term 1 for becomeLeader, leader elected after 5144ms
2019-10-18 13:52:53,039 [c22dcba3-59d1-4fc8-9c25-9292db9117bd@group-C823C2A1C895-LeaderElection75] INFO  server.RaftServerConfigKeys (ConfUtils.java:logGet(43)) - raft.server.staging.catchup.gap = 1000 (default)
2019-10-18 13:52:53,039 [c22dcba3-59d1-4fc8-9c25-9292db9117bd@group-C823C2A1C895-LeaderElection75] INFO  server.RaftServerConfigKeys (ConfUtils.java:logGet(43)) - raft.server.rpc.sleep.time = 25ms (default)
2019-10-18 13:52:53,040 [c22dcba3-59d1-4fc8-9c25-9292db9117bd@group-C823C2A1C895-LeaderElection75] INFO  server.RaftServerConfigKeys (ConfUtils.java:logGet(43)) - raft.server.write.element-limit = 4096 (default)
2019-10-18 13:52:53,040 [c22dcba3-59d1-4fc8-9c25-9292db9117bd@group-C823C2A1C895-LeaderElection75] INFO  server.RaftServerConfigKeys (ConfUtils.java:logGet(43)) - raft.server.watch.timeout = 10s (default)
2019-10-18 13:52:53,040 [c22dcba3-59d1-4fc8-9c25-9292db9117bd@group-C823C2A1C895-LeaderElection75] INFO  server.RaftServerConfigKeys (ConfUtils.java:logGet(43)) - raft.server.watch.timeout.denomination = 1s (default)
2019-10-18 13:52:53,040 [c22dcba3-59d1-4fc8-9c25-9292db9117bd@group-C823C2A1C895-LeaderElection75] INFO  server.RaftServerConfigKeys (ConfUtils.java:logGet(43)) - raft.server.watch.element-limit = 65536 (default)
2019-10-18 13:52:53,042 [c22dcba3-59d1-4fc8-9c25-9292db9117bd@group-C823C2A1C895-LeaderElection75] INFO  impl.RoleInfo (RoleInfo.java:updateAndGet(143)) - c22dcba3-59d1-4fc8-9c25-9292db9117bd: start LeaderState
2019-10-18 13:52:53,042 [c22dcba3-59d1-4fc8-9c25-9292db9117bd@group-C823C2A1C895-LeaderElection75] INFO  segmented.SegmentedRaftLogWorker (SegmentedRaftLogWorker.java:startLogSegment(385)) - c22dcba3-59d1-4fc8-9c25-9292db9117bd@group-C823C2A1C895-SegmentedRaftLogWorker: Starting segment from index:0
2019-10-18 13:52:53,043 [c22dcba3-59d1-4fc8-9c25-9292db9117bd@group-C823C2A1C895-LeaderElection75] INFO  impl.RaftServerImpl (ServerState.java:setRaftConf(356)) - c22dcba3-59d1-4fc8-9c25-9292db9117bd@group-C823C2A1C895: set configuration 0: [c22dcba3-59d1-4fc8-9c25-9292db9117bd:192.168.34.61:43563], old=null at 0
2019-10-18 13:52:53,070 [Thread-3097] INFO  impl.FollowerState (FollowerState.java:run(108)) - 6a9ecbe3-efc5-4382-a5d4-7a294f3e4515@group-BF20279129DE-FollowerState: change to CANDIDATE, lastRpcTime:5064ms, electionTimeout:5064ms
2019-10-18 13:52:53,070 [Thread-3097] INFO  impl.RoleInfo (RoleInfo.java:shutdownFollowerState(121)) - 6a9ecbe3-efc5-4382-a5d4-7a294f3e4515: shutdown FollowerState
2019-10-18 13:52:53,070 [Thread-3097] INFO  impl.RaftServerImpl (RaftServerImpl.java:setRole(170)) - 6a9ecbe3-efc5-4382-a5d4-7a294f3e4515@group-BF20279129DE: changes role from  FOLLOWER to CANDIDATE at term 0 for changeToCandidate
2019-10-18 13:52:53,070 [Thread-3097] INFO  impl.RoleInfo (RoleInfo.java:updateAndGet(143)) - 6a9ecbe3-efc5-4382-a5d4-7a294f3e4515: start LeaderElection
2019-10-18 13:52:53,114 [c22dcba3-59d1-4fc8-9c25-9292db9117bd@group-C823C2A1C895-SegmentedRaftLogWorker] INFO  segmented.SegmentedRaftLogWorker (SegmentedRaftLogWorker.java:execute(574)) - c22dcba3-59d1-4fc8-9c25-9292db9117bd@group-C823C2A1C895-SegmentedRaftLogWorker: created new log segment /workdir/hadoop-ozone/integration-test/target/test-dir/MiniOzoneClusterImpl-6e28672b-ea3d-42bc-af55-882c331ed2d2/datanode-1/data/ratis/e99ba1a3-ce87-45fe-b7ca-c823c2a1c895/current/log_inprogress_0
2019-10-18 13:52:53,114 [6a9ecbe3-efc5-4382-a5d4-7a294f3e4515@group-BF20279129DE-LeaderElection76] INFO  impl.LeaderElection (LeaderElection.java:askForVotes(178)) - 6a9ecbe3-efc5-4382-a5d4-7a294f3e4515@group-BF20279129DE-LeaderElection76: begin an election at term 1 for -1: [6a9ecbe3-efc5-4382-a5d4-7a294f3e4515:192.168.34.61:43503], old=null
2019-10-18 13:52:53,114 [6a9ecbe3-efc5-4382-a5d4-7a294f3e4515@group-BF20279129DE-LeaderElection76] INFO  impl.RoleInfo (RoleInfo.java:shutdownLeaderElection(134)) - 6a9ecbe3-efc5-4382-a5d4-7a294f3e4515: shutdown LeaderElection
2019-10-18 13:52:53,115 [6a9ecbe3-efc5-4382-a5d4-7a294f3e4515@group-BF20279129DE-LeaderElection76] INFO  impl.RaftServerImpl (RaftServerImpl.java:setRole(170)) - 6a9ecbe3-efc5-4382-a5d4-7a294f3e4515@group-BF20279129DE: changes role from CANDIDATE to LEADER at term 1 for changeToLeader
2019-10-18 13:52:53,115 [6a9ecbe3-efc5-4382-a5d4-7a294f3e4515@group-BF20279129DE-LeaderElection76] INFO  impl.RaftServerImpl (ServerState.java:setLeader(255)) - 6a9ecbe3-efc5-4382-a5d4-7a294f3e4515@group-BF20279129DE: change Leader from null to 6a9ecbe3-efc5-4382-a5d4-7a294f3e4515 at term 1 for becomeLeader, leader elected after 5116ms
2019-10-18 13:52:53,115 [6a9ecbe3-efc5-4382-a5d4-7a294f3e4515@group-BF20279129DE-LeaderElection76] INFO  server.RaftServerConfigKeys (ConfUtils.java:logGet(43)) - raft.server.staging.catchup.gap = 1000 (default)
2019-10-18 13:52:53,115 [6a9ecbe3-efc5-4382-a5d4-7a294f3e4515@group-BF20279129DE-LeaderElection76] INFO  server.RaftServerConfigKeys (ConfUtils.java:logGet(43)) - raft.server.rpc.sleep.time = 25ms (default)
2019-10-18 13:52:53,115 [6a9ecbe3-efc5-4382-a5d4-7a294f3e4515@group-BF20279129DE-LeaderElection76] INFO  server.RaftServerConfigKeys (ConfUtils.java:logGet(43)) - raft.server.write.element-limit = 4096 (default)
2019-10-18 13:52:53,115 [6a9ecbe3-efc5-4382-a5d4-7a294f3e4515@group-BF20279129DE-LeaderElection76] INFO  server.RaftServerConfigKeys (ConfUtils.java:logGet(43)) - raft.server.watch.timeout = 10s (default)
2019-10-18 13:52:53,115 [6a9ecbe3-efc5-4382-a5d4-7a294f3e4515@group-BF20279129DE-LeaderElection76] INFO  server.RaftServerConfigKeys (ConfUtils.java:logGet(43)) - raft.server.watch.timeout.denomination = 1s (default)
2019-10-18 13:52:53,116 [6a9ecbe3-efc5-4382-a5d4-7a294f3e4515@group-BF20279129DE-LeaderElection76] INFO  server.RaftServerConfigKeys (ConfUtils.java:logGet(43)) - raft.server.watch.element-limit = 65536 (default)
2019-10-18 13:52:53,118 [6a9ecbe3-efc5-4382-a5d4-7a294f3e4515@group-BF20279129DE-LeaderElection76] INFO  impl.RoleInfo (RoleInfo.java:updateAndGet(143)) - 6a9ecbe3-efc5-4382-a5d4-7a294f3e4515: start LeaderState
2019-10-18 13:52:53,118 [6a9ecbe3-efc5-4382-a5d4-7a294f3e4515@group-BF20279129DE-LeaderElection76] INFO  segmented.SegmentedRaftLogWorker (SegmentedRaftLogWorker.java:startLogSegment(385)) - 6a9ecbe3-efc5-4382-a5d4-7a294f3e4515@group-BF20279129DE-SegmentedRaftLogWorker: Starting segment from index:0
2019-10-18 13:52:53,118 [6a9ecbe3-efc5-4382-a5d4-7a294f3e4515@group-BF20279129DE-LeaderElection76] INFO  impl.RaftServerImpl (ServerState.java:setRaftConf(356)) - 6a9ecbe3-efc5-4382-a5d4-7a294f3e4515@group-BF20279129DE: set configuration 0: [6a9ecbe3-efc5-4382-a5d4-7a294f3e4515:192.168.34.61:43503], old=null at 0
2019-10-18 13:52:53,139 [Thread-3102] INFO  impl.FollowerState (FollowerState.java:run(108)) - 766a15ca-6d28-424b-ad9e-89b48d3f1885@group-19A5B56A8BE2-FollowerState: change to CANDIDATE, lastRpcTime:5014ms, electionTimeout:5014ms
2019-10-18 13:52:53,139 [Thread-3102] INFO  impl.RoleInfo (RoleInfo.java:shutdownFollowerState(121)) - 766a15ca-6d28-424b-ad9e-89b48d3f1885: shutdown FollowerState
2019-10-18 13:52:53,140 [Thread-3102] INFO  impl.RaftServerImpl (RaftServerImpl.java:setRole(170)) - 766a15ca-6d28-424b-ad9e-89b48d3f1885@group-19A5B56A8BE2: changes role from  FOLLOWER to CANDIDATE at term 0 for changeToCandidate
2019-10-18 13:52:53,140 [Thread-3102] INFO  impl.RoleInfo (RoleInfo.java:updateAndGet(143)) - 766a15ca-6d28-424b-ad9e-89b48d3f1885: start LeaderElection
2019-10-18 13:52:53,198 [6a9ecbe3-efc5-4382-a5d4-7a294f3e4515@group-BF20279129DE-SegmentedRaftLogWorker] INFO  segmented.SegmentedRaftLogWorker (SegmentedRaftLogWorker.java:execute(574)) - 6a9ecbe3-efc5-4382-a5d4-7a294f3e4515@group-BF20279129DE-SegmentedRaftLogWorker: created new log segment /workdir/hadoop-ozone/integration-test/target/test-dir/MiniOzoneClusterImpl-6e28672b-ea3d-42bc-af55-882c331ed2d2/datanode-5/data/ratis/e6d91018-64d7-45b6-abb6-bf20279129de/current/log_inprogress_0
2019-10-18 13:52:53,198 [766a15ca-6d28-424b-ad9e-89b48d3f1885@group-19A5B56A8BE2-LeaderElection77] INFO  impl.LeaderElection (LeaderElection.java:askForVotes(178)) - 766a15ca-6d28-424b-ad9e-89b48d3f1885@group-19A5B56A8BE2-LeaderElection77: begin an election at term 1 for -1: [766a15ca-6d28-424b-ad9e-89b48d3f1885:192.168.34.61:36275, 4e558b94-7600-4ed0-a419-bb082f43a5e2:192.168.34.61:35313, cebffdd8-c119-4a21-bd71-c9ab06d21a65:192.168.34.61:41016], old=null
2019-10-18 13:52:53,204 [grpc-default-executor-5] INFO  impl.RaftServerImpl (RaftServerImpl.java:setRole(170)) - cebffdd8-c119-4a21-bd71-c9ab06d21a65@group-19A5B56A8BE2: changes role from  FOLLOWER to FOLLOWER at term 1 for recognizeCandidate:766a15ca-6d28-424b-ad9e-89b48d3f1885
2019-10-18 13:52:53,204 [grpc-default-executor-7] INFO  impl.RaftServerImpl (RaftServerImpl.java:setRole(170)) - 4e558b94-7600-4ed0-a419-bb082f43a5e2@group-19A5B56A8BE2: changes role from  FOLLOWER to FOLLOWER at term 1 for recognizeCandidate:766a15ca-6d28-424b-ad9e-89b48d3f1885
2019-10-18 13:52:53,204 [grpc-default-executor-5] INFO  impl.RoleInfo (RoleInfo.java:shutdownFollowerState(121)) - cebffdd8-c119-4a21-bd71-c9ab06d21a65: shutdown FollowerState
2019-10-18 13:52:53,204 [grpc-default-executor-7] INFO  impl.RoleInfo (RoleInfo.java:shutdownFollowerState(121)) - 4e558b94-7600-4ed0-a419-bb082f43a5e2: shutdown FollowerState
2019-10-18 13:52:53,204 [grpc-default-executor-5] INFO  impl.RoleInfo (RoleInfo.java:updateAndGet(143)) - cebffdd8-c119-4a21-bd71-c9ab06d21a65: start FollowerState
2019-10-18 13:52:53,204 [Thread-3104] INFO  impl.FollowerState (FollowerState.java:run(117)) - 4e558b94-7600-4ed0-a419-bb082f43a5e2@group-19A5B56A8BE2-FollowerState was interrupted: java.lang.InterruptedException: sleep interrupted
2019-10-18 13:52:53,204 [Thread-3103] INFO  impl.FollowerState (FollowerState.java:run(117)) - cebffdd8-c119-4a21-bd71-c9ab06d21a65@group-19A5B56A8BE2-FollowerState was interrupted: java.lang.InterruptedException: sleep interrupted
2019-10-18 13:52:53,204 [grpc-default-executor-7] INFO  impl.RoleInfo (RoleInfo.java:updateAndGet(143)) - 4e558b94-7600-4ed0-a419-bb082f43a5e2: start FollowerState
2019-10-18 13:52:53,282 [766a15ca-6d28-424b-ad9e-89b48d3f1885@group-19A5B56A8BE2-LeaderElection77] INFO  impl.LeaderElection (LeaderElection.java:logAndReturn(56)) - 766a15ca-6d28-424b-ad9e-89b48d3f1885@group-19A5B56A8BE2-LeaderElection77: Election PASSED; received 1 response(s) [766a15ca-6d28-424b-ad9e-89b48d3f1885<-cebffdd8-c119-4a21-bd71-c9ab06d21a65#0:OK-t1] and 0 exception(s); 766a15ca-6d28-424b-ad9e-89b48d3f1885@group-19A5B56A8BE2:t1, leader=null, voted=766a15ca-6d28-424b-ad9e-89b48d3f1885, raftlog=766a15ca-6d28-424b-ad9e-89b48d3f1885@group-19A5B56A8BE2-SegmentedRaftLog:OPENED:c-1,f-1,i0, conf=-1: [766a15ca-6d28-424b-ad9e-89b48d3f1885:192.168.34.61:36275, 4e558b94-7600-4ed0-a419-bb082f43a5e2:192.168.34.61:35313, cebffdd8-c119-4a21-bd71-c9ab06d21a65:192.168.34.61:41016], old=null
2019-10-18 13:52:53,282 [766a15ca-6d28-424b-ad9e-89b48d3f1885@group-19A5B56A8BE2-LeaderElection77] INFO  impl.RoleInfo (RoleInfo.java:shutdownLeaderElection(134)) - 766a15ca-6d28-424b-ad9e-89b48d3f1885: shutdown LeaderElection
2019-10-18 13:52:53,282 [766a15ca-6d28-424b-ad9e-89b48d3f1885@group-19A5B56A8BE2-LeaderElection77] INFO  impl.RaftServerImpl (RaftServerImpl.java:setRole(170)) - 766a15ca-6d28-424b-ad9e-89b48d3f1885@group-19A5B56A8BE2: changes role from CANDIDATE to LEADER at term 1 for changeToLeader
2019-10-18 13:52:53,282 [766a15ca-6d28-424b-ad9e-89b48d3f1885@group-19A5B56A8BE2-LeaderElection77] INFO  impl.RaftServerImpl (ServerState.java:setLeader(255)) - 766a15ca-6d28-424b-ad9e-89b48d3f1885@group-19A5B56A8BE2: change Leader from null to 766a15ca-6d28-424b-ad9e-89b48d3f1885 at term 1 for becomeLeader, leader elected after 5165ms
2019-10-18 13:52:53,283 [766a15ca-6d28-424b-ad9e-89b48d3f1885@group-19A5B56A8BE2-LeaderElection77] INFO  server.RaftServerConfigKeys (ConfUtils.java:logGet(43)) - raft.server.staging.catchup.gap = 1000 (default)
2019-10-18 13:52:53,283 [766a15ca-6d28-424b-ad9e-89b48d3f1885@group-19A5B56A8BE2-LeaderElection77] INFO  server.RaftServerConfigKeys (ConfUtils.java:logGet(43)) - raft.server.rpc.sleep.time = 25ms (default)
2019-10-18 13:52:53,283 [766a15ca-6d28-424b-ad9e-89b48d3f1885@group-19A5B56A8BE2-LeaderElection77] INFO  server.RaftServerConfigKeys (ConfUtils.java:logGet(43)) - raft.server.write.element-limit = 4096 (default)
2019-10-18 13:52:53,283 [766a15ca-6d28-424b-ad9e-89b48d3f1885@group-19A5B56A8BE2-LeaderElection77] INFO  server.RaftServerConfigKeys (ConfUtils.java:logGet(43)) - raft.server.watch.timeout = 10s (default)
2019-10-18 13:52:53,283 [766a15ca-6d28-424b-ad9e-89b48d3f1885@group-19A5B56A8BE2-LeaderElection77] INFO  server.RaftServerConfigKeys (ConfUtils.java:logGet(43)) - raft.server.watch.timeout.denomination = 1s (default)
2019-10-18 13:52:53,283 [766a15ca-6d28-424b-ad9e-89b48d3f1885@group-19A5B56A8BE2-LeaderElection77] INFO  server.RaftServerConfigKeys (ConfUtils.java:logGet(43)) - raft.server.watch.element-limit = 65536 (default)
2019-10-18 13:52:53,285 [766a15ca-6d28-424b-ad9e-89b48d3f1885@group-19A5B56A8BE2-LeaderElection77] INFO  server.RaftServerConfigKeys (ConfUtils.java:logGet(43)) - raft.server.log.appender.snapshot.chunk.size.max = 16MB (=16777216) (default)
2019-10-18 13:52:53,286 [766a15ca-6d28-424b-ad9e-89b48d3f1885@group-19A5B56A8BE2-LeaderElection77] INFO  server.RaftServerConfigKeys (ConfUtils.java:logGet(43)) - raft.server.log.appender.buffer.byte-limit = 33554432 (custom)
2019-10-18 13:52:53,286 [766a15ca-6d28-424b-ad9e-89b48d3f1885@group-19A5B56A8BE2-LeaderElection77] INFO  server.RaftServerConfigKeys (ConfUtils.java:logGet(43)) - raft.server.log.appender.buffer.element-limit = 1 (custom)
2019-10-18 13:52:53,286 [766a15ca-6d28-424b-ad9e-89b48d3f1885@group-19A5B56A8BE2-LeaderElection77] INFO  grpc.GrpcConfigKeys$Server (ConfUtils.java:logGet(43)) - raft.grpc.server.leader.outstanding.appends.max = 128 (default)
2019-10-18 13:52:53,287 [766a15ca-6d28-424b-ad9e-89b48d3f1885@group-19A5B56A8BE2-LeaderElection77] INFO  server.RaftServerConfigKeys (ConfUtils.java:logGet(43)) - raft.server.rpc.request.timeout = 3000ms (default)
2019-10-18 13:52:53,287 [766a15ca-6d28-424b-ad9e-89b48d3f1885@group-19A5B56A8BE2-LeaderElection77] INFO  server.RaftServerConfigKeys (ConfUtils.java:logGet(43)) - raft.server.log.appender.install.snapshot.enabled = false (custom)
2019-10-18 13:52:53,287 [766a15ca-6d28-424b-ad9e-89b48d3f1885@group-19A5B56A8BE2-LeaderElection77] INFO  server.RaftServerConfigKeys (ConfUtils.java:logGet(43)) - raft.server.log.appender.snapshot.chunk.size.max = 16MB (=16777216) (default)
2019-10-18 13:52:53,287 [766a15ca-6d28-424b-ad9e-89b48d3f1885@group-19A5B56A8BE2-LeaderElection77] INFO  server.RaftServerConfigKeys (ConfUtils.java:logGet(43)) - raft.server.log.appender.buffer.byte-limit = 33554432 (custom)
2019-10-18 13:52:53,287 [766a15ca-6d28-424b-ad9e-89b48d3f1885@group-19A5B56A8BE2-LeaderElection77] INFO  server.RaftServerConfigKeys (ConfUtils.java:logGet(43)) - raft.server.log.appender.buffer.element-limit = 1 (custom)
2019-10-18 13:52:53,287 [766a15ca-6d28-424b-ad9e-89b48d3f1885@group-19A5B56A8BE2-LeaderElection77] INFO  grpc.GrpcConfigKeys$Server (ConfUtils.java:logGet(43)) - raft.grpc.server.leader.outstanding.appends.max = 128 (default)
2019-10-18 13:52:53,288 [766a15ca-6d28-424b-ad9e-89b48d3f1885@group-19A5B56A8BE2-LeaderElection77] INFO  server.RaftServerConfigKeys (ConfUtils.java:logGet(43)) - raft.server.rpc.request.timeout = 3000ms (default)
2019-10-18 13:52:53,288 [766a15ca-6d28-424b-ad9e-89b48d3f1885@group-19A5B56A8BE2-LeaderElection77] INFO  server.RaftServerConfigKeys (ConfUtils.java:logGet(43)) - raft.server.log.appender.install.snapshot.enabled = false (custom)
2019-10-18 13:52:53,288 [766a15ca-6d28-424b-ad9e-89b48d3f1885@group-19A5B56A8BE2-LeaderElection77] INFO  impl.RoleInfo (RoleInfo.java:updateAndGet(143)) - 766a15ca-6d28-424b-ad9e-89b48d3f1885: start LeaderState
2019-10-18 13:52:53,288 [766a15ca-6d28-424b-ad9e-89b48d3f1885@group-19A5B56A8BE2-LeaderElection77] INFO  segmented.SegmentedRaftLogWorker (SegmentedRaftLogWorker.java:startLogSegment(385)) - 766a15ca-6d28-424b-ad9e-89b48d3f1885@group-19A5B56A8BE2-SegmentedRaftLogWorker: Starting segment from index:0
2019-10-18 13:52:53,289 [766a15ca-6d28-424b-ad9e-89b48d3f1885@group-19A5B56A8BE2-LeaderElection77] INFO  impl.RaftServerImpl (ServerState.java:setRaftConf(356)) - 766a15ca-6d28-424b-ad9e-89b48d3f1885@group-19A5B56A8BE2: set configuration 0: [766a15ca-6d28-424b-ad9e-89b48d3f1885:192.168.34.61:36275, 4e558b94-7600-4ed0-a419-bb082f43a5e2:192.168.34.61:35313, cebffdd8-c119-4a21-bd71-c9ab06d21a65:192.168.34.61:41016], old=null at 0
2019-10-18 13:52:53,328 [grpc-default-executor-5] INFO  impl.RaftServerImpl (ServerState.java:setLeader(255)) - 4e558b94-7600-4ed0-a419-bb082f43a5e2@group-19A5B56A8BE2: change Leader from null to 766a15ca-6d28-424b-ad9e-89b48d3f1885 at term 1 for appendEntries, leader elected after 5210ms
2019-10-18 13:52:53,333 [grpc-default-executor-7] INFO  impl.RaftServerImpl (ServerState.java:setLeader(255)) - cebffdd8-c119-4a21-bd71-c9ab06d21a65@group-19A5B56A8BE2: change Leader from null to 766a15ca-6d28-424b-ad9e-89b48d3f1885 at term 1 for appendEntries, leader elected after 5215ms
2019-10-18 13:52:53,336 [grpc-default-executor-7] INFO  impl.RaftServerImpl (ServerState.java:setRaftConf(356)) - cebffdd8-c119-4a21-bd71-c9ab06d21a65@group-19A5B56A8BE2: set configuration 0: [766a15ca-6d28-424b-ad9e-89b48d3f1885:192.168.34.61:36275, 4e558b94-7600-4ed0-a419-bb082f43a5e2:192.168.34.61:35313, cebffdd8-c119-4a21-bd71-c9ab06d21a65:192.168.34.61:41016], old=null at 0
2019-10-18 13:52:53,336 [grpc-default-executor-7] INFO  segmented.SegmentedRaftLogWorker (SegmentedRaftLogWorker.java:startLogSegment(385)) - cebffdd8-c119-4a21-bd71-c9ab06d21a65@group-19A5B56A8BE2-SegmentedRaftLogWorker: Starting segment from index:0
2019-10-18 13:52:53,336 [grpc-default-executor-5] INFO  impl.RaftServerImpl (ServerState.java:setRaftConf(356)) - 4e558b94-7600-4ed0-a419-bb082f43a5e2@group-19A5B56A8BE2: set configuration 0: [766a15ca-6d28-424b-ad9e-89b48d3f1885:192.168.34.61:36275, 4e558b94-7600-4ed0-a419-bb082f43a5e2:192.168.34.61:35313, cebffdd8-c119-4a21-bd71-c9ab06d21a65:192.168.34.61:41016], old=null at 0
2019-10-18 13:52:53,336 [grpc-default-executor-5] INFO  segmented.SegmentedRaftLogWorker (SegmentedRaftLogWorker.java:startLogSegment(385)) - 4e558b94-7600-4ed0-a419-bb082f43a5e2@group-19A5B56A8BE2-SegmentedRaftLogWorker: Starting segment from index:0
2019-10-18 13:52:53,347 [766a15ca-6d28-424b-ad9e-89b48d3f1885@group-19A5B56A8BE2-SegmentedRaftLogWorker] INFO  segmented.SegmentedRaftLogWorker (SegmentedRaftLogWorker.java:execute(574)) - 766a15ca-6d28-424b-ad9e-89b48d3f1885@group-19A5B56A8BE2-SegmentedRaftLogWorker: created new log segment /workdir/hadoop-ozone/integration-test/target/test-dir/MiniOzoneClusterImpl-6e28672b-ea3d-42bc-af55-882c331ed2d2/datanode-6/data/ratis/850deb90-eb19-4444-87e3-19a5b56a8be2/current/log_inprogress_0
2019-10-18 13:52:53,366 [Thread-3113] INFO  impl.FollowerState (FollowerState.java:run(108)) - 5e7383bb-fda8-40e7-8145-d7b46255a358@group-2CE223B428DB-FollowerState: change to CANDIDATE, lastRpcTime:5064ms, electionTimeout:5064ms
2019-10-18 13:52:53,366 [Thread-3113] INFO  impl.RoleInfo (RoleInfo.java:shutdownFollowerState(121)) - 5e7383bb-fda8-40e7-8145-d7b46255a358: shutdown FollowerState
2019-10-18 13:52:53,366 [Thread-3113] INFO  impl.RaftServerImpl (RaftServerImpl.java:setRole(170)) - 5e7383bb-fda8-40e7-8145-d7b46255a358@group-2CE223B428DB: changes role from  FOLLOWER to CANDIDATE at term 0 for changeToCandidate
2019-10-18 13:52:53,366 [Thread-3113] INFO  impl.RoleInfo (RoleInfo.java:updateAndGet(143)) - 5e7383bb-fda8-40e7-8145-d7b46255a358: start LeaderElection
2019-10-18 13:52:53,387 [Thread-3111] INFO  impl.FollowerState (FollowerState.java:run(108)) - c22dcba3-59d1-4fc8-9c25-9292db9117bd@group-2CE223B428DB-FollowerState: change to CANDIDATE, lastRpcTime:5087ms, electionTimeout:5079ms
2019-10-18 13:52:53,389 [Thread-3111] INFO  impl.RoleInfo (RoleInfo.java:shutdownFollowerState(121)) - c22dcba3-59d1-4fc8-9c25-9292db9117bd: shutdown FollowerState
2019-10-18 13:52:53,389 [Thread-3111] INFO  impl.RaftServerImpl (RaftServerImpl.java:setRole(170)) - c22dcba3-59d1-4fc8-9c25-9292db9117bd@group-2CE223B428DB: changes role from  FOLLOWER to CANDIDATE at term 0 for changeToCandidate
2019-10-18 13:52:53,389 [Thread-3111] INFO  impl.RoleInfo (RoleInfo.java:updateAndGet(143)) - c22dcba3-59d1-4fc8-9c25-9292db9117bd: start LeaderElection
2019-10-18 13:52:53,411 [4e558b94-7600-4ed0-a419-bb082f43a5e2@group-19A5B56A8BE2-SegmentedRaftLogWorker] INFO  segmented.SegmentedRaftLogWorker (SegmentedRaftLogWorker.java:execute(574)) - 4e558b94-7600-4ed0-a419-bb082f43a5e2@group-19A5B56A8BE2-SegmentedRaftLogWorker: created new log segment /workdir/hadoop-ozone/integration-test/target/test-dir/MiniOzoneClusterImpl-6e28672b-ea3d-42bc-af55-882c331ed2d2/datanode-4/data/ratis/850deb90-eb19-4444-87e3-19a5b56a8be2/current/log_inprogress_0
2019-10-18 13:52:53,411 [5e7383bb-fda8-40e7-8145-d7b46255a358@group-2CE223B428DB-LeaderElection78] INFO  impl.LeaderElection (LeaderElection.java:askForVotes(178)) - 5e7383bb-fda8-40e7-8145-d7b46255a358@group-2CE223B428DB-LeaderElection78: begin an election at term 1 for -1: [5e7383bb-fda8-40e7-8145-d7b46255a358:192.168.34.61:37118, 9428a45a-07e9-49d7-b31a-f311eec9e72b:192.168.34.61:37937, c22dcba3-59d1-4fc8-9c25-9292db9117bd:192.168.34.61:43563], old=null
2019-10-18 13:52:53,411 [c22dcba3-59d1-4fc8-9c25-9292db9117bd@group-2CE223B428DB-LeaderElection79] INFO  impl.LeaderElection (LeaderElection.java:askForVotes(178)) - c22dcba3-59d1-4fc8-9c25-9292db9117bd@group-2CE223B428DB-LeaderElection79: begin an election at term 1 for -1: [5e7383bb-fda8-40e7-8145-d7b46255a358:192.168.34.61:37118, 9428a45a-07e9-49d7-b31a-f311eec9e72b:192.168.34.61:37937, c22dcba3-59d1-4fc8-9c25-9292db9117bd:192.168.34.61:43563], old=null
2019-10-18 13:52:53,411 [cebffdd8-c119-4a21-bd71-c9ab06d21a65@group-19A5B56A8BE2-SegmentedRaftLogWorker] INFO  segmented.SegmentedRaftLogWorker (SegmentedRaftLogWorker.java:execute(574)) - cebffdd8-c119-4a21-bd71-c9ab06d21a65@group-19A5B56A8BE2-SegmentedRaftLogWorker: created new log segment /workdir/hadoop-ozone/integration-test/target/test-dir/MiniOzoneClusterImpl-6e28672b-ea3d-42bc-af55-882c331ed2d2/datanode-0/data/ratis/850deb90-eb19-4444-87e3-19a5b56a8be2/current/log_inprogress_0
2019-10-18 13:52:53,415 [grpc-default-executor-4] INFO  impl.RaftServerImpl (RaftServerImpl.java:setRole(170)) - 9428a45a-07e9-49d7-b31a-f311eec9e72b@group-2CE223B428DB: changes role from  FOLLOWER to FOLLOWER at term 1 for recognizeCandidate:c22dcba3-59d1-4fc8-9c25-9292db9117bd
2019-10-18 13:52:53,415 [grpc-default-executor-4] INFO  impl.RoleInfo (RoleInfo.java:shutdownFollowerState(121)) - 9428a45a-07e9-49d7-b31a-f311eec9e72b: shutdown FollowerState
2019-10-18 13:52:53,415 [grpc-default-executor-4] INFO  impl.RoleInfo (RoleInfo.java:updateAndGet(143)) - 9428a45a-07e9-49d7-b31a-f311eec9e72b: start FollowerState
2019-10-18 13:52:53,415 [Thread-3112] INFO  impl.FollowerState (FollowerState.java:run(117)) - 9428a45a-07e9-49d7-b31a-f311eec9e72b@group-2CE223B428DB-FollowerState was interrupted: java.lang.InterruptedException: sleep interrupted
2019-10-18 13:52:53,462 [c22dcba3-59d1-4fc8-9c25-9292db9117bd@group-2CE223B428DB-LeaderElection79] INFO  impl.LeaderElection (LeaderElection.java:logAndReturn(56)) - c22dcba3-59d1-4fc8-9c25-9292db9117bd@group-2CE223B428DB-LeaderElection79: Election PASSED; received 2 response(s) [c22dcba3-59d1-4fc8-9c25-9292db9117bd<-5e7383bb-fda8-40e7-8145-d7b46255a358#0:FAIL-t1, c22dcba3-59d1-4fc8-9c25-9292db9117bd<-9428a45a-07e9-49d7-b31a-f311eec9e72b#0:OK-t1] and 0 exception(s); c22dcba3-59d1-4fc8-9c25-9292db9117bd@group-2CE223B428DB:t1, leader=null, voted=c22dcba3-59d1-4fc8-9c25-9292db9117bd, raftlog=c22dcba3-59d1-4fc8-9c25-9292db9117bd@group-2CE223B428DB-SegmentedRaftLog:OPENED:c-1,f-1,i0, conf=-1: [5e7383bb-fda8-40e7-8145-d7b46255a358:192.168.34.61:37118, 9428a45a-07e9-49d7-b31a-f311eec9e72b:192.168.34.61:37937, c22dcba3-59d1-4fc8-9c25-9292db9117bd:192.168.34.61:43563], old=null
2019-10-18 13:52:53,462 [5e7383bb-fda8-40e7-8145-d7b46255a358@group-2CE223B428DB-LeaderElection78] INFO  impl.LeaderElection (LeaderElection.java:logAndReturn(56)) - 5e7383bb-fda8-40e7-8145-d7b46255a358@group-2CE223B428DB-LeaderElection78: Election REJECTED; received 2 response(s) [5e7383bb-fda8-40e7-8145-d7b46255a358<-9428a45a-07e9-49d7-b31a-f311eec9e72b#0:FAIL-t1, 5e7383bb-fda8-40e7-8145-d7b46255a358<-c22dcba3-59d1-4fc8-9c25-9292db9117bd#0:FAIL-t1] and 0 exception(s); 5e7383bb-fda8-40e7-8145-d7b46255a358@group-2CE223B428DB:t1, leader=null, voted=5e7383bb-fda8-40e7-8145-d7b46255a358, raftlog=5e7383bb-fda8-40e7-8145-d7b46255a358@group-2CE223B428DB-SegmentedRaftLog:OPENED:c-1,f-1,i0, conf=-1: [5e7383bb-fda8-40e7-8145-d7b46255a358:192.168.34.61:37118, 9428a45a-07e9-49d7-b31a-f311eec9e72b:192.168.34.61:37937, c22dcba3-59d1-4fc8-9c25-9292db9117bd:192.168.34.61:43563], old=null
2019-10-18 13:52:53,463 [c22dcba3-59d1-4fc8-9c25-9292db9117bd@group-2CE223B428DB-LeaderElection79] INFO  impl.RoleInfo (RoleInfo.java:shutdownLeaderElection(134)) - c22dcba3-59d1-4fc8-9c25-9292db9117bd: shutdown LeaderElection
2019-10-18 13:52:53,463 [5e7383bb-fda8-40e7-8145-d7b46255a358@group-2CE223B428DB-LeaderElection78] INFO  impl.RaftServerImpl (RaftServerImpl.java:setRole(170)) - 5e7383bb-fda8-40e7-8145-d7b46255a358@group-2CE223B428DB: changes role from CANDIDATE to FOLLOWER at term 1 for DISCOVERED_A_NEW_TERM
2019-10-18 13:52:53,466 [5e7383bb-fda8-40e7-8145-d7b46255a358@group-2CE223B428DB-LeaderElection78] INFO  impl.RoleInfo (RoleInfo.java:shutdownLeaderElection(134)) - 5e7383bb-fda8-40e7-8145-d7b46255a358: shutdown LeaderElection
2019-10-18 13:52:53,465 [c22dcba3-59d1-4fc8-9c25-9292db9117bd@group-2CE223B428DB-LeaderElection79] INFO  impl.RaftServerImpl (RaftServerImpl.java:setRole(170)) - c22dcba3-59d1-4fc8-9c25-9292db9117bd@group-2CE223B428DB: changes role from CANDIDATE to LEADER at term 1 for changeToLeader
2019-10-18 13:52:53,466 [5e7383bb-fda8-40e7-8145-d7b46255a358@group-2CE223B428DB-LeaderElection78] INFO  impl.RoleInfo (RoleInfo.java:updateAndGet(143)) - 5e7383bb-fda8-40e7-8145-d7b46255a358: start FollowerState
2019-10-18 13:52:53,466 [c22dcba3-59d1-4fc8-9c25-9292db9117bd@group-2CE223B428DB-LeaderElection79] INFO  impl.RaftServerImpl (ServerState.java:setLeader(255)) - c22dcba3-59d1-4fc8-9c25-9292db9117bd@group-2CE223B428DB: change Leader from null to c22dcba3-59d1-4fc8-9c25-9292db9117bd at term 1 for becomeLeader, leader elected after 5183ms
2019-10-18 13:52:53,467 [c22dcba3-59d1-4fc8-9c25-9292db9117bd@group-2CE223B428DB-LeaderElection79] INFO  server.RaftServerConfigKeys (ConfUtils.java:logGet(43)) - raft.server.staging.catchup.gap = 1000 (default)
2019-10-18 13:52:53,467 [c22dcba3-59d1-4fc8-9c25-9292db9117bd@group-2CE223B428DB-LeaderElection79] INFO  server.RaftServerConfigKeys (ConfUtils.java:logGet(43)) - raft.server.rpc.sleep.time = 25ms (default)
2019-10-18 13:52:53,467 [c22dcba3-59d1-4fc8-9c25-9292db9117bd@group-2CE223B428DB-LeaderElection79] INFO  server.RaftServerConfigKeys (ConfUtils.java:logGet(43)) - raft.server.write.element-limit = 4096 (default)
2019-10-18 13:52:53,467 [c22dcba3-59d1-4fc8-9c25-9292db9117bd@group-2CE223B428DB-LeaderElection79] INFO  server.RaftServerConfigKeys (ConfUtils.java:logGet(43)) - raft.server.watch.timeout = 10s (default)
2019-10-18 13:52:53,467 [c22dcba3-59d1-4fc8-9c25-9292db9117bd@group-2CE223B428DB-LeaderElection79] INFO  server.RaftServerConfigKeys (ConfUtils.java:logGet(43)) - raft.server.watch.timeout.denomination = 1s (default)
2019-10-18 13:52:53,468 [c22dcba3-59d1-4fc8-9c25-9292db9117bd@group-2CE223B428DB-LeaderElection79] INFO  server.RaftServerConfigKeys (ConfUtils.java:logGet(43)) - raft.server.watch.element-limit = 65536 (default)
2019-10-18 13:52:53,470 [c22dcba3-59d1-4fc8-9c25-9292db9117bd@group-2CE223B428DB-LeaderElection79] INFO  server.RaftServerConfigKeys (ConfUtils.java:logGet(43)) - raft.server.log.appender.snapshot.chunk.size.max = 16MB (=16777216) (default)
2019-10-18 13:52:53,470 [c22dcba3-59d1-4fc8-9c25-9292db9117bd@group-2CE223B428DB-LeaderElection79] INFO  server.RaftServerConfigKeys (ConfUtils.java:logGet(43)) - raft.server.log.appender.buffer.byte-limit = 33554432 (custom)
2019-10-18 13:52:53,470 [c22dcba3-59d1-4fc8-9c25-9292db9117bd@group-2CE223B428DB-LeaderElection79] INFO  server.RaftServerConfigKeys (ConfUtils.java:logGet(43)) - raft.server.log.appender.buffer.element-limit = 1 (custom)
2019-10-18 13:52:53,470 [c22dcba3-59d1-4fc8-9c25-9292db9117bd@group-2CE223B428DB-LeaderElection79] INFO  grpc.GrpcConfigKeys$Server (ConfUtils.java:logGet(43)) - raft.grpc.server.leader.outstanding.appends.max = 128 (default)
2019-10-18 13:52:53,470 [c22dcba3-59d1-4fc8-9c25-9292db9117bd@group-2CE223B428DB-LeaderElection79] INFO  server.RaftServerConfigKeys (ConfUtils.java:logGet(43)) - raft.server.rpc.request.timeout = 3000ms (default)
2019-10-18 13:52:53,471 [c22dcba3-59d1-4fc8-9c25-9292db9117bd@group-2CE223B428DB-LeaderElection79] INFO  server.RaftServerConfigKeys (ConfUtils.java:logGet(43)) - raft.server.log.appender.install.snapshot.enabled = false (custom)
2019-10-18 13:52:53,471 [c22dcba3-59d1-4fc8-9c25-9292db9117bd@group-2CE223B428DB-LeaderElection79] INFO  server.RaftServerConfigKeys (ConfUtils.java:logGet(43)) - raft.server.log.appender.snapshot.chunk.size.max = 16MB (=16777216) (default)
2019-10-18 13:52:53,471 [c22dcba3-59d1-4fc8-9c25-9292db9117bd@group-2CE223B428DB-LeaderElection79] INFO  server.RaftServerConfigKeys (ConfUtils.java:logGet(43)) - raft.server.log.appender.buffer.byte-limit = 33554432 (custom)
2019-10-18 13:52:53,471 [c22dcba3-59d1-4fc8-9c25-9292db9117bd@group-2CE223B428DB-LeaderElection79] INFO  server.RaftServerConfigKeys (ConfUtils.java:logGet(43)) - raft.server.log.appender.buffer.element-limit = 1 (custom)
2019-10-18 13:52:53,471 [c22dcba3-59d1-4fc8-9c25-9292db9117bd@group-2CE223B428DB-LeaderElection79] INFO  grpc.GrpcConfigKeys$Server (ConfUtils.java:logGet(43)) - raft.grpc.server.leader.outstanding.appends.max = 128 (default)
2019-10-18 13:52:53,472 [c22dcba3-59d1-4fc8-9c25-9292db9117bd@group-2CE223B428DB-LeaderElection79] INFO  server.RaftServerConfigKeys (ConfUtils.java:logGet(43)) - raft.server.rpc.request.timeout = 3000ms (default)
2019-10-18 13:52:53,472 [c22dcba3-59d1-4fc8-9c25-9292db9117bd@group-2CE223B428DB-LeaderElection79] INFO  server.RaftServerConfigKeys (ConfUtils.java:logGet(43)) - raft.server.log.appender.install.snapshot.enabled = false (custom)
2019-10-18 13:52:53,472 [c22dcba3-59d1-4fc8-9c25-9292db9117bd@group-2CE223B428DB-LeaderElection79] INFO  impl.RoleInfo (RoleInfo.java:updateAndGet(143)) - c22dcba3-59d1-4fc8-9c25-9292db9117bd: start LeaderState
2019-10-18 13:52:53,472 [c22dcba3-59d1-4fc8-9c25-9292db9117bd@group-2CE223B428DB-LeaderElection79] INFO  segmented.SegmentedRaftLogWorker (SegmentedRaftLogWorker.java:startLogSegment(385)) - c22dcba3-59d1-4fc8-9c25-9292db9117bd@group-2CE223B428DB-SegmentedRaftLogWorker: Starting segment from index:0
2019-10-18 13:52:53,473 [c22dcba3-59d1-4fc8-9c25-9292db9117bd@group-2CE223B428DB-LeaderElection79] INFO  impl.RaftServerImpl (ServerState.java:setRaftConf(356)) - c22dcba3-59d1-4fc8-9c25-9292db9117bd@group-2CE223B428DB: set configuration 0: [5e7383bb-fda8-40e7-8145-d7b46255a358:192.168.34.61:37118, 9428a45a-07e9-49d7-b31a-f311eec9e72b:192.168.34.61:37937, c22dcba3-59d1-4fc8-9c25-9292db9117bd:192.168.34.61:43563], old=null at 0
2019-10-18 13:52:53,474 [grpc-default-executor-5] INFO  impl.RaftServerImpl (ServerState.java:setLeader(255)) - 9428a45a-07e9-49d7-b31a-f311eec9e72b@group-2CE223B428DB: change Leader from null to c22dcba3-59d1-4fc8-9c25-9292db9117bd at term 1 for appendEntries, leader elected after 5191ms
2019-10-18 13:52:53,474 [grpc-default-executor-4] INFO  impl.RaftServerImpl (ServerState.java:setLeader(255)) - 5e7383bb-fda8-40e7-8145-d7b46255a358@group-2CE223B428DB: change Leader from null to c22dcba3-59d1-4fc8-9c25-9292db9117bd at term 1 for appendEntries, leader elected after 5191ms
2019-10-18 13:52:53,476 [grpc-default-executor-4] INFO  impl.RaftServerImpl (ServerState.java:setRaftConf(356)) - 9428a45a-07e9-49d7-b31a-f311eec9e72b@group-2CE223B428DB: set configuration 0: [5e7383bb-fda8-40e7-8145-d7b46255a358:192.168.34.61:37118, 9428a45a-07e9-49d7-b31a-f311eec9e72b:192.168.34.61:37937, c22dcba3-59d1-4fc8-9c25-9292db9117bd:192.168.34.61:43563], old=null at 0
2019-10-18 13:52:53,476 [grpc-default-executor-4] INFO  segmented.SegmentedRaftLogWorker (SegmentedRaftLogWorker.java:startLogSegment(385)) - 9428a45a-07e9-49d7-b31a-f311eec9e72b@group-2CE223B428DB-SegmentedRaftLogWorker: Starting segment from index:0
2019-10-18 13:52:53,476 [grpc-default-executor-5] INFO  impl.RaftServerImpl (ServerState.java:setRaftConf(356)) - 5e7383bb-fda8-40e7-8145-d7b46255a358@group-2CE223B428DB: set configuration 0: [5e7383bb-fda8-40e7-8145-d7b46255a358:192.168.34.61:37118, 9428a45a-07e9-49d7-b31a-f311eec9e72b:192.168.34.61:37937, c22dcba3-59d1-4fc8-9c25-9292db9117bd:192.168.34.61:43563], old=null at 0
2019-10-18 13:52:53,476 [grpc-default-executor-5] INFO  segmented.SegmentedRaftLogWorker (SegmentedRaftLogWorker.java:startLogSegment(385)) - 5e7383bb-fda8-40e7-8145-d7b46255a358@group-2CE223B428DB-SegmentedRaftLogWorker: Starting segment from index:0
2019-10-18 13:52:53,525 [5e7383bb-fda8-40e7-8145-d7b46255a358@group-2CE223B428DB-SegmentedRaftLogWorker] INFO  segmented.SegmentedRaftLogWorker (SegmentedRaftLogWorker.java:execute(574)) - 5e7383bb-fda8-40e7-8145-d7b46255a358@group-2CE223B428DB-SegmentedRaftLogWorker: created new log segment /workdir/hadoop-ozone/integration-test/target/test-dir/MiniOzoneClusterImpl-6e28672b-ea3d-42bc-af55-882c331ed2d2/datanode-3/data/ratis/8a98ae06-7dbd-4ca7-b8e0-2ce223b428db/current/log_inprogress_0
2019-10-18 13:52:53,525 [c22dcba3-59d1-4fc8-9c25-9292db9117bd@group-2CE223B428DB-SegmentedRaftLogWorker] INFO  segmented.SegmentedRaftLogWorker (SegmentedRaftLogWorker.java:execute(574)) - c22dcba3-59d1-4fc8-9c25-9292db9117bd@group-2CE223B428DB-SegmentedRaftLogWorker: created new log segment /workdir/hadoop-ozone/integration-test/target/test-dir/MiniOzoneClusterImpl-6e28672b-ea3d-42bc-af55-882c331ed2d2/datanode-1/data/ratis/8a98ae06-7dbd-4ca7-b8e0-2ce223b428db/current/log_inprogress_0
2019-10-18 13:52:53,525 [9428a45a-07e9-49d7-b31a-f311eec9e72b@group-2CE223B428DB-SegmentedRaftLogWorker] INFO  segmented.SegmentedRaftLogWorker (SegmentedRaftLogWorker.java:execute(574)) - 9428a45a-07e9-49d7-b31a-f311eec9e72b@group-2CE223B428DB-SegmentedRaftLogWorker: created new log segment /workdir/hadoop-ozone/integration-test/target/test-dir/MiniOzoneClusterImpl-6e28672b-ea3d-42bc-af55-882c331ed2d2/datanode-2/data/ratis/8a98ae06-7dbd-4ca7-b8e0-2ce223b428db/current/log_inprogress_0
2019-10-18 13:52:54,951 [Datanode State Machine Thread - 0] INFO  statemachine.DatanodeStateMachine (DatanodeStateMachine.java:lambda$startDaemon$0(350)) - Ozone container server started.
2019-10-18 13:52:58,993 [EventQueue-StaleNodeForStaleNodeHandler] INFO  node.StaleNodeHandler (StaleNodeHandler.java:onMessage(58)) - Datanode 9428a45a-07e9-49d7-b31a-f311eec9e72b{ip: 192.168.34.61, host: pr-hdds-2280-982rn-3954796538, networkLocation: /default-rack, certSerialId: null} moved to stale state. Finalizing its pipelines [PipelineID=91e1a349-82cc-48bd-99ba-3834aa4c93bb, PipelineID=8a98ae06-7dbd-4ca7-b8e0-2ce223b428db]
2019-10-18 13:52:58,993 [EventQueue-StaleNodeForStaleNodeHandler] INFO  pipeline.SCMPipelineManager (SCMPipelineManager.java:finalizeAndDestroyPipeline(315)) - destroying pipeline:Pipeline[ Id: 91e1a349-82cc-48bd-99ba-3834aa4c93bb, Nodes: 9428a45a-07e9-49d7-b31a-f311eec9e72b{ip: 192.168.34.61, host: pr-hdds-2280-982rn-3954796538, networkLocation: /default-rack, certSerialId: null}, Type:RATIS, Factor:ONE, State:OPEN]
2019-10-18 13:52:58,994 [EventQueue-StaleNodeForStaleNodeHandler] INFO  pipeline.PipelineStateManager (PipelineStateManager.java:finalizePipeline(123)) - Pipeline Pipeline[ Id: 91e1a349-82cc-48bd-99ba-3834aa4c93bb, Nodes: 9428a45a-07e9-49d7-b31a-f311eec9e72b{ip: 192.168.34.61, host: pr-hdds-2280-982rn-3954796538, networkLocation: /default-rack, certSerialId: null}, Type:RATIS, Factor:ONE, State:CLOSED] moved to CLOSED state
2019-10-18 13:52:58,994 [EventQueue-StaleNodeForStaleNodeHandler] INFO  pipeline.SCMPipelineManager (SCMPipelineManager.java:finalizeAndDestroyPipeline(315)) - destroying pipeline:Pipeline[ Id: 8a98ae06-7dbd-4ca7-b8e0-2ce223b428db, Nodes: 9428a45a-07e9-49d7-b31a-f311eec9e72b{ip: 192.168.34.61, host: pr-hdds-2280-982rn-3954796538, networkLocation: /default-rack, certSerialId: null}5e7383bb-fda8-40e7-8145-d7b46255a358{ip: 192.168.34.61, host: pr-hdds-2280-982rn-3954796538, networkLocation: /default-rack, certSerialId: null}c22dcba3-59d1-4fc8-9c25-9292db9117bd{ip: 192.168.34.61, host: pr-hdds-2280-982rn-3954796538, networkLocation: /default-rack, certSerialId: null}, Type:RATIS, Factor:THREE, State:OPEN]
2019-10-18 13:52:58,994 [EventQueue-StaleNodeForStaleNodeHandler] INFO  pipeline.PipelineStateManager (PipelineStateManager.java:finalizePipeline(123)) - Pipeline Pipeline[ Id: 8a98ae06-7dbd-4ca7-b8e0-2ce223b428db, Nodes: 9428a45a-07e9-49d7-b31a-f311eec9e72b{ip: 192.168.34.61, host: pr-hdds-2280-982rn-3954796538, networkLocation: /default-rack, certSerialId: null}5e7383bb-fda8-40e7-8145-d7b46255a358{ip: 192.168.34.61, host: pr-hdds-2280-982rn-3954796538, networkLocation: /default-rack, certSerialId: null}c22dcba3-59d1-4fc8-9c25-9292db9117bd{ip: 192.168.34.61, host: pr-hdds-2280-982rn-3954796538, networkLocation: /default-rack, certSerialId: null}, Type:RATIS, Factor:THREE, State:CLOSED] moved to CLOSED state
2019-10-18 13:52:58,995 [EventQueue-CloseContainerForCloseContainerEventHandler] INFO  container.CloseContainerEventHandler (CloseContainerEventHandler.java:onMessage(61)) - Close container Event triggered for container : #1
2019-10-18 13:52:59,552 [main] INFO  ozoneimpl.OzoneContainer (OzoneContainer.java:stop(227)) - Attempting to stop container services.
2019-10-18 13:52:59,555 [main] INFO  impl.RaftServerProxy (RaftServerProxy.java:lambda$close$4(314)) - 9428a45a-07e9-49d7-b31a-f311eec9e72b: close
2019-10-18 13:52:59,556 [main] INFO  impl.RaftServerImpl (RaftServerImpl.java:lambda$shutdown$3(247)) - 9428a45a-07e9-49d7-b31a-f311eec9e72b@group-3834AA4C93BB: shutdown
2019-10-18 13:52:59,556 [ForkJoinPool.commonPool-worker-1] INFO  impl.RaftServerImpl (RaftServerImpl.java:lambda$shutdown$3(247)) - 9428a45a-07e9-49d7-b31a-f311eec9e72b@group-2CE223B428DB: shutdown
2019-10-18 13:52:59,557 [main] INFO  util.JmxRegister (JmxRegister.java:unregister(73)) - Successfully un-registered JMX Bean with object name Ratis:service=RaftServer,group=group-3834AA4C93BB,id=9428a45a-07e9-49d7-b31a-f311eec9e72b
2019-10-18 13:52:59,557 [ForkJoinPool.commonPool-worker-1] INFO  util.JmxRegister (JmxRegister.java:unregister(73)) - Successfully un-registered JMX Bean with object name Ratis:service=RaftServer,group=group-2CE223B428DB,id=9428a45a-07e9-49d7-b31a-f311eec9e72b
2019-10-18 13:52:59,557 [main] INFO  impl.RoleInfo (RoleInfo.java:shutdownLeaderState(104)) - 9428a45a-07e9-49d7-b31a-f311eec9e72b: shutdown LeaderState
2019-10-18 13:52:59,557 [ForkJoinPool.commonPool-worker-1] INFO  impl.RoleInfo (RoleInfo.java:shutdownFollowerState(121)) - 9428a45a-07e9-49d7-b31a-f311eec9e72b: shutdown FollowerState
2019-10-18 13:52:59,557 [main] INFO  impl.PendingRequests (PendingRequests.java:sendNotLeaderResponses(202)) - 9428a45a-07e9-49d7-b31a-f311eec9e72b@group-3834AA4C93BB-PendingRequests: sendNotLeaderResponses
2019-10-18 13:52:59,558 [ForkJoinPool.commonPool-worker-1] INFO  impl.StateMachineUpdater (StateMachineUpdater.java:stopAndJoin(136)) - 9428a45a-07e9-49d7-b31a-f311eec9e72b@group-2CE223B428DB-StateMachineUpdater: set stopIndex = 15
2019-10-18 13:52:59,558 [main] INFO  impl.StateMachineUpdater (StateMachineUpdater.java:stopAndJoin(136)) - 9428a45a-07e9-49d7-b31a-f311eec9e72b@group-3834AA4C93BB-StateMachineUpdater: set stopIndex = 0
2019-10-18 13:52:59,558 [9428a45a-07e9-49d7-b31a-f311eec9e72b@group-2CE223B428DB-StateMachineUpdater] INFO  ratis.ContainerStateMachine (ContainerStateMachine.java:takeSnapshot(294)) - group-2CE223B428DB: Taking a snapshot at:(t:1, i:13) file /workdir/hadoop-ozone/integration-test/target/test-dir/MiniOzoneClusterImpl-6e28672b-ea3d-42bc-af55-882c331ed2d2/datanode-2/data/ratis/8a98ae06-7dbd-4ca7-b8e0-2ce223b428db/sm/snapshot.1_13
2019-10-18 13:52:59,558 [main] INFO  impl.RaftServerImpl (ServerState.java:close(387)) - 9428a45a-07e9-49d7-b31a-f311eec9e72b@group-3834AA4C93BB: closes. applyIndex: 0
2019-10-18 13:52:59,558 [Thread-3163] INFO  impl.FollowerState (FollowerState.java:run(117)) - 9428a45a-07e9-49d7-b31a-f311eec9e72b@group-2CE223B428DB-FollowerState was interrupted: java.lang.InterruptedException: sleep interrupted
2019-10-18 13:52:59,559 [9428a45a-07e9-49d7-b31a-f311eec9e72b@group-3834AA4C93BB-SegmentedRaftLogWorker] INFO  segmented.SegmentedRaftLogWorker (SegmentedRaftLogWorker.java:run(316)) - 9428a45a-07e9-49d7-b31a-f311eec9e72b@group-3834AA4C93BB-SegmentedRaftLogWorker was interrupted, exiting. There are 0 tasks remaining in the queue.
2019-10-18 13:52:59,563 [main] INFO  segmented.SegmentedRaftLogWorker (SegmentedRaftLogWorker.java:close(224)) - 9428a45a-07e9-49d7-b31a-f311eec9e72b@group-3834AA4C93BB-SegmentedRaftLogWorker close()
2019-10-18 13:52:59,618 [9428a45a-07e9-49d7-b31a-f311eec9e72b@group-2CE223B428DB-StateMachineUpdater] INFO  ratis.ContainerStateMachine (ContainerStateMachine.java:takeSnapshot(305)) - group-2CE223B428DB: Finished taking a snapshot at:(t:1, i:13) file:/workdir/hadoop-ozone/integration-test/target/test-dir/MiniOzoneClusterImpl-6e28672b-ea3d-42bc-af55-882c331ed2d2/datanode-2/data/ratis/8a98ae06-7dbd-4ca7-b8e0-2ce223b428db/sm/snapshot.1_13 time:60
2019-10-18 13:52:59,618 [9428a45a-07e9-49d7-b31a-f311eec9e72b@group-2CE223B428DB-StateMachineUpdater] INFO  impl.StateMachineUpdater (StateMachineUpdater.java:takeSnapshot(269)) - 9428a45a-07e9-49d7-b31a-f311eec9e72b@group-2CE223B428DB-StateMachineUpdater: Took a snapshot at index 13
2019-10-18 13:52:59,618 [9428a45a-07e9-49d7-b31a-f311eec9e72b@group-2CE223B428DB-StateMachineUpdater] INFO  impl.StateMachineUpdater (StateMachineUpdater.java:lambda$new$0(84)) - 9428a45a-07e9-49d7-b31a-f311eec9e72b@group-2CE223B428DB-StateMachineUpdater: snapshotIndex: updateIncreasingly -1 -> 13
2019-10-18 13:52:59,619 [9428a45a-07e9-49d7-b31a-f311eec9e72b@group-2CE223B428DB-StateMachineUpdater] INFO  ratis.ContainerStateMachine (ContainerStateMachine.java:takeSnapshot(294)) - group-2CE223B428DB: Taking a snapshot at:(t:1, i:13) file /workdir/hadoop-ozone/integration-test/target/test-dir/MiniOzoneClusterImpl-6e28672b-ea3d-42bc-af55-882c331ed2d2/datanode-2/data/ratis/8a98ae06-7dbd-4ca7-b8e0-2ce223b428db/sm/snapshot.1_13
2019-10-18 13:52:59,683 [9428a45a-07e9-49d7-b31a-f311eec9e72b@group-2CE223B428DB-StateMachineUpdater] INFO  ratis.ContainerStateMachine (ContainerStateMachine.java:takeSnapshot(305)) - group-2CE223B428DB: Finished taking a snapshot at:(t:1, i:13) file:/workdir/hadoop-ozone/integration-test/target/test-dir/MiniOzoneClusterImpl-6e28672b-ea3d-42bc-af55-882c331ed2d2/datanode-2/data/ratis/8a98ae06-7dbd-4ca7-b8e0-2ce223b428db/sm/snapshot.1_13 time:64
2019-10-18 13:52:59,683 [9428a45a-07e9-49d7-b31a-f311eec9e72b@group-2CE223B428DB-StateMachineUpdater] INFO  impl.StateMachineUpdater (StateMachineUpdater.java:takeSnapshot(269)) - 9428a45a-07e9-49d7-b31a-f311eec9e72b@group-2CE223B428DB-StateMachineUpdater: Took a snapshot at index 13
2019-10-18 13:52:59,683 [9428a45a-07e9-49d7-b31a-f311eec9e72b@group-2CE223B428DB-StateMachineUpdater] INFO  impl.StateMachineUpdater (StateMachineUpdater.java:lambda$new$0(84)) - 9428a45a-07e9-49d7-b31a-f311eec9e72b@group-2CE223B428DB-StateMachineUpdater: snapshotIndex: updateIncreasingly 13 -> 13
2019-10-18 13:52:59,683 [ForkJoinPool.commonPool-worker-1] INFO  impl.RaftServerImpl (ServerState.java:close(387)) - 9428a45a-07e9-49d7-b31a-f311eec9e72b@group-2CE223B428DB: closes. applyIndex: 15
2019-10-18 13:52:59,684 [9428a45a-07e9-49d7-b31a-f311eec9e72b@group-2CE223B428DB-SegmentedRaftLogWorker] INFO  segmented.SegmentedRaftLogWorker (SegmentedRaftLogWorker.java:run(316)) - 9428a45a-07e9-49d7-b31a-f311eec9e72b@group-2CE223B428DB-SegmentedRaftLogWorker was interrupted, exiting. There are 0 tasks remaining in the queue.
2019-10-18 13:52:59,686 [ForkJoinPool.commonPool-worker-1] INFO  segmented.SegmentedRaftLogWorker (SegmentedRaftLogWorker.java:close(224)) - 9428a45a-07e9-49d7-b31a-f311eec9e72b@group-2CE223B428DB-SegmentedRaftLogWorker close()
2019-10-18 13:52:59,690 [main] INFO  server.GrpcService (GrpcService.java:closeImpl(164)) - 9428a45a-07e9-49d7-b31a-f311eec9e72b: shutdown server with port 37937 now
2019-10-18 13:52:59,692 [grpc-default-executor-4] WARN  server.GrpcServerProtocolService (LogUtils.java:warn(134)) - 9428a45a-07e9-49d7-b31a-f311eec9e72b: installSnapshot onError, lastRequest: c22dcba3-59d1-4fc8-9c25-9292db9117bd->9428a45a-07e9-49d7-b31a-f311eec9e72b#18-t1, previous=(t:1, i:15), leaderCommit=15, initializing? false, entries: <empty>: org.apache.ratis.thirdparty.io.grpc.StatusRuntimeException: CANCELLED: cancelled before receiving half close
2019-10-18 13:52:59,692 [main] INFO  server.GrpcService (GrpcService.java:closeImpl(172)) - 9428a45a-07e9-49d7-b31a-f311eec9e72b: shutdown server with port 37937 successfully
2019-10-18 13:52:59,693 [grpc-default-executor-8] WARN  server.GrpcLogAppender (LogUtils.java:warn(134)) - c22dcba3-59d1-4fc8-9c25-9292db9117bd@group-2CE223B428DB->9428a45a-07e9-49d7-b31a-f311eec9e72b-AppendLogResponseHandler: Failed appendEntries: org.apache.ratis.thirdparty.io.grpc.StatusRuntimeException: CANCELLED: HTTP/2 error code: CANCEL
Received Rst Stream
2019-10-18 13:52:59,693 [grpc-default-executor-8] INFO  impl.FollowerInfo (FollowerInfo.java:lambda$new$0(51)) - c22dcba3-59d1-4fc8-9c25-9292db9117bd@group-2CE223B428DB->9428a45a-07e9-49d7-b31a-f311eec9e72b: nextIndex: updateUnconditionally 16 -> 15
2019-10-18 13:52:59,698 [refreshUsed-/workdir/hadoop-ozone/integration-test/target/test-dir/MiniOzoneClusterImpl-6e28672b-ea3d-42bc-af55-882c331ed2d2/datanode-2/data/containers] WARN  fs.CachingGetSpaceUsed (CachingGetSpaceUsed.java:run(183)) - Thread Interrupted waiting to refresh disk information: sleep interrupted
2019-10-18 13:52:59,715 [main] INFO  utils.BackgroundService (BackgroundService.java:shutdown(151)) - Shutting down service BlockDeletingService
2019-10-18 13:52:59,721 [main] INFO  statemachine.DatanodeStateMachine (DatanodeStateMachine.java:stopDaemon(395)) - Ozone container server stopped.
2019-10-18 13:52:59,722 [main] INFO  handler.ContextHandler (ContextHandler.java:doStop(910)) - Stopped o.e.j.w.WebAppContext@51e8d066{/,null,UNAVAILABLE}{/hddsDatanode}
2019-10-18 13:52:59,723 [main] INFO  server.AbstractConnector (AbstractConnector.java:doStop(318)) - Stopped ServerConnector@5333f08f{HTTP/1.1,[http/1.1]}{0.0.0.0:0}
2019-10-18 13:52:59,723 [main] INFO  handler.ContextHandler (ContextHandler.java:doStop(910)) - Stopped o.e.j.s.ServletContextHandler@1373e3ee{/static,jar:file:/home/user/.m2/repository/org/apache/hadoop/hadoop-hdds-container-service/0.5.0-SNAPSHOT/hadoop-hdds-container-service-0.5.0-SNAPSHOT.jar!/webapps/static,UNAVAILABLE}
2019-10-18 13:52:59,723 [main] INFO  handler.ContextHandler (ContextHandler.java:doStop(910)) - Stopped o.e.j.s.ServletContextHandler@3a788fe0{/logs,file:///workdir/hadoop-ozone/integration-test/target/log,UNAVAILABLE}
2019-10-18 13:52:59,733 [grpc-default-executor-5] WARN  server.GrpcLogAppender (LogUtils.java:warn(134)) - c22dcba3-59d1-4fc8-9c25-9292db9117bd@group-2CE223B428DB->9428a45a-07e9-49d7-b31a-f311eec9e72b-AppendLogResponseHandler: Failed appendEntries: org.apache.ratis.thirdparty.io.grpc.StatusRuntimeException: UNAVAILABLE: io exception
2019-10-18 13:52:59,733 [grpc-default-executor-5] INFO  impl.FollowerInfo (FollowerInfo.java:lambda$new$0(51)) - c22dcba3-59d1-4fc8-9c25-9292db9117bd@group-2CE223B428DB->9428a45a-07e9-49d7-b31a-f311eec9e72b: nextIndex: updateUnconditionally 16 -> 15
2019-10-18 13:52:59,735 [grpc-default-executor-8] WARN  server.GrpcLogAppender (LogUtils.java:warn(134)) - c22dcba3-59d1-4fc8-9c25-9292db9117bd@group-2CE223B428DB->9428a45a-07e9-49d7-b31a-f311eec9e72b-AppendLogResponseHandler: Failed appendEntries: org.apache.ratis.thirdparty.io.grpc.StatusRuntimeException: UNAVAILABLE: io exception
2019-10-18 13:52:59,736 [grpc-default-executor-8] INFO  impl.FollowerInfo (FollowerInfo.java:lambda$new$0(51)) - c22dcba3-59d1-4fc8-9c25-9292db9117bd@group-2CE223B428DB->9428a45a-07e9-49d7-b31a-f311eec9e72b: nextIndex: updateUnconditionally 16 -> 15
2019-10-18 13:52:59,744 [grpc-default-executor-5] WARN  server.GrpcLogAppender (LogUtils.java:warn(134)) - c22dcba3-59d1-4fc8-9c25-9292db9117bd@group-2CE223B428DB->9428a45a-07e9-49d7-b31a-f311eec9e72b-AppendLogResponseHandler: Failed appendEntries: org.apache.ratis.thirdparty.io.grpc.StatusRuntimeException: UNAVAILABLE: io exception
2019-10-18 13:52:59,744 [grpc-default-executor-5] INFO  impl.FollowerInfo (FollowerInfo.java:lambda$new$0(51)) - c22dcba3-59d1-4fc8-9c25-9292db9117bd@group-2CE223B428DB->9428a45a-07e9-49d7-b31a-f311eec9e72b: nextIndex: updateUnconditionally 16 -> 15
2019-10-18 13:52:59,762 [grpc-default-executor-5] WARN  server.GrpcLogAppender (LogUtils.java:warn(134)) - c22dcba3-59d1-4fc8-9c25-9292db9117bd@group-2CE223B428DB->9428a45a-07e9-49d7-b31a-f311eec9e72b-AppendLogResponseHandler: Failed appendEntries: org.apache.ratis.thirdparty.io.grpc.StatusRuntimeException: UNAVAILABLE: io exception
2019-10-18 13:52:59,763 [grpc-default-executor-5] INFO  impl.FollowerInfo (FollowerInfo.java:lambda$new$0(51)) - c22dcba3-59d1-4fc8-9c25-9292db9117bd@group-2CE223B428DB->9428a45a-07e9-49d7-b31a-f311eec9e72b: nextIndex: updateUnconditionally 16 -> 15
2019-10-18 13:52:59,766 [grpc-default-executor-7] WARN  server.GrpcLogAppender (LogUtils.java:warn(134)) - c22dcba3-59d1-4fc8-9c25-9292db9117bd@group-2CE223B428DB->9428a45a-07e9-49d7-b31a-f311eec9e72b-AppendLogResponseHandler: Failed appendEntries: org.apache.ratis.thirdparty.io.grpc.StatusRuntimeException: UNAVAILABLE: io exception
2019-10-18 13:52:59,766 [grpc-default-executor-7] INFO  impl.FollowerInfo (FollowerInfo.java:lambda$new$0(51)) - c22dcba3-59d1-4fc8-9c25-9292db9117bd@group-2CE223B428DB->9428a45a-07e9-49d7-b31a-f311eec9e72b: nextIndex: updateUnconditionally 16 -> 15
2019-10-18 13:53:00,768 [main] WARN  scm.XceiverClientRatis (XceiverClientRatis.java:watchForCommit(277)) - 3 way commit failed on pipeline Pipeline[ Id: 8a98ae06-7dbd-4ca7-b8e0-2ce223b428db, Nodes: 9428a45a-07e9-49d7-b31a-f311eec9e72b{ip: 192.168.34.61, host: pr-hdds-2280-982rn-3954796538, networkLocation: /default-rack, certSerialId: null}5e7383bb-fda8-40e7-8145-d7b46255a358{ip: 192.168.34.61, host: pr-hdds-2280-982rn-3954796538, networkLocation: /default-rack, certSerialId: null}c22dcba3-59d1-4fc8-9c25-9292db9117bd{ip: 192.168.34.61, host: pr-hdds-2280-982rn-3954796538, networkLocation: /default-rack, certSerialId: null}, Type:RATIS, Factor:THREE, State:OPEN]
java.util.concurrent.TimeoutException
	at java.util.concurrent.CompletableFuture.timedGet(CompletableFuture.java:1771)
	at java.util.concurrent.CompletableFuture.get(CompletableFuture.java:1915)
	at org.apache.hadoop.hdds.scm.XceiverClientRatis.watchForCommit(XceiverClientRatis.java:274)
	at org.apache.hadoop.hdds.scm.storage.CommitWatcher.watchForCommit(CommitWatcher.java:198)
	at org.apache.hadoop.hdds.scm.storage.CommitWatcher.watchOnLastIndex(CommitWatcher.java:161)
	at org.apache.hadoop.hdds.scm.storage.BlockOutputStream.watchForCommit(BlockOutputStream.java:346)
	at org.apache.hadoop.hdds.scm.storage.BlockOutputStream.handleFlush(BlockOutputStream.java:482)
	at org.apache.hadoop.hdds.scm.storage.BlockOutputStream.close(BlockOutputStream.java:496)
	at org.apache.hadoop.ozone.client.io.BlockOutputStreamEntry.close(BlockOutputStreamEntry.java:143)
	at org.apache.hadoop.ozone.client.io.KeyOutputStream.handleFlushOrClose(KeyOutputStream.java:439)
	at org.apache.hadoop.ozone.client.io.KeyOutputStream.handleWrite(KeyOutputStream.java:232)
	at org.apache.hadoop.ozone.client.io.KeyOutputStream.write(KeyOutputStream.java:190)
	at org.apache.hadoop.ozone.client.io.OzoneOutputStream.write(OzoneOutputStream.java:49)
	at java.io.OutputStream.write(OutputStream.java:75)
	at org.apache.hadoop.ozone.client.rpc.TestBlockOutputStreamWithFailures.testWatchForCommitDatanodeFailure(TestBlockOutputStreamWithFailures.java:363)
	at sun.reflect.NativeMethodAccessorImpl.invoke0(Native Method)
	at sun.reflect.NativeMethodAccessorImpl.invoke(NativeMethodAccessorImpl.java:62)
	at sun.reflect.DelegatingMethodAccessorImpl.invoke(DelegatingMethodAccessorImpl.java:43)
	at java.lang.reflect.Method.invoke(Method.java:498)
	at org.junit.runners.model.FrameworkMethod$1.runReflectiveCall(FrameworkMethod.java:47)
	at org.junit.internal.runners.model.ReflectiveCallable.run(ReflectiveCallable.java:12)
	at org.junit.runners.model.FrameworkMethod.invokeExplosively(FrameworkMethod.java:44)
	at org.junit.internal.runners.statements.InvokeMethod.evaluate(InvokeMethod.java:17)
	at org.junit.internal.runners.statements.RunBefores.evaluate(RunBefores.java:26)
	at org.junit.internal.runners.statements.RunAfters.evaluate(RunAfters.java:27)
	at org.junit.runners.ParentRunner.runLeaf(ParentRunner.java:271)
	at org.junit.runners.BlockJUnit4ClassRunner.runChild(BlockJUnit4ClassRunner.java:70)
	at org.junit.runners.BlockJUnit4ClassRunner.runChild(BlockJUnit4ClassRunner.java:50)
	at org.junit.runners.ParentRunner$3.run(ParentRunner.java:238)
	at org.junit.runners.ParentRunner$1.schedule(ParentRunner.java:63)
	at org.junit.runners.ParentRunner.runChildren(ParentRunner.java:236)
	at org.junit.runners.ParentRunner.access$000(ParentRunner.java:53)
	at org.junit.runners.ParentRunner$2.evaluate(ParentRunner.java:229)
	at org.junit.runners.ParentRunner.run(ParentRunner.java:309)
	at org.apache.maven.surefire.junit4.JUnit4Provider.execute(JUnit4Provider.java:365)
	at org.apache.maven.surefire.junit4.JUnit4Provider.executeWithRerun(JUnit4Provider.java:273)
	at org.apache.maven.surefire.junit4.JUnit4Provider.executeTestSet(JUnit4Provider.java:238)
	at org.apache.maven.surefire.junit4.JUnit4Provider.invoke(JUnit4Provider.java:159)
	at org.apache.maven.surefire.booter.ForkedBooter.invokeProviderInSameClassLoader(ForkedBooter.java:384)
	at org.apache.maven.surefire.booter.ForkedBooter.runSuitesInProcess(ForkedBooter.java:345)
	at org.apache.maven.surefire.booter.ForkedBooter.execute(ForkedBooter.java:126)
	at org.apache.maven.surefire.booter.ForkedBooter.main(ForkedBooter.java:418)
2019-10-18 13:53:01,770 [main] WARN  storage.CommitWatcher (CommitWatcher.java:watchForCommit(207)) - watchForCommit failed for index 21
java.util.concurrent.TimeoutException
	at java.util.concurrent.CompletableFuture.timedGet(CompletableFuture.java:1771)
	at java.util.concurrent.CompletableFuture.get(CompletableFuture.java:1915)
	at org.apache.hadoop.hdds.scm.XceiverClientRatis.watchForCommit(XceiverClientRatis.java:283)
	at org.apache.hadoop.hdds.scm.storage.CommitWatcher.watchForCommit(CommitWatcher.java:198)
	at org.apache.hadoop.hdds.scm.storage.CommitWatcher.watchOnLastIndex(CommitWatcher.java:161)
	at org.apache.hadoop.hdds.scm.storage.BlockOutputStream.watchForCommit(BlockOutputStream.java:346)
	at org.apache.hadoop.hdds.scm.storage.BlockOutputStream.handleFlush(BlockOutputStream.java:482)
	at org.apache.hadoop.hdds.scm.storage.BlockOutputStream.close(BlockOutputStream.java:496)
	at org.apache.hadoop.ozone.client.io.BlockOutputStreamEntry.close(BlockOutputStreamEntry.java:143)
	at org.apache.hadoop.ozone.client.io.KeyOutputStream.handleFlushOrClose(KeyOutputStream.java:439)
	at org.apache.hadoop.ozone.client.io.KeyOutputStream.handleWrite(KeyOutputStream.java:232)
	at org.apache.hadoop.ozone.client.io.KeyOutputStream.write(KeyOutputStream.java:190)
	at org.apache.hadoop.ozone.client.io.OzoneOutputStream.write(OzoneOutputStream.java:49)
	at java.io.OutputStream.write(OutputStream.java:75)
	at org.apache.hadoop.ozone.client.rpc.TestBlockOutputStreamWithFailures.testWatchForCommitDatanodeFailure(TestBlockOutputStreamWithFailures.java:363)
	at sun.reflect.NativeMethodAccessorImpl.invoke0(Native Method)
	at sun.reflect.NativeMethodAccessorImpl.invoke(NativeMethodAccessorImpl.java:62)
	at sun.reflect.DelegatingMethodAccessorImpl.invoke(DelegatingMethodAccessorImpl.java:43)
	at java.lang.reflect.Method.invoke(Method.java:498)
	at org.junit.runners.model.FrameworkMethod$1.runReflectiveCall(FrameworkMethod.java:47)
	at org.junit.internal.runners.model.ReflectiveCallable.run(ReflectiveCallable.java:12)
	at org.junit.runners.model.FrameworkMethod.invokeExplosively(FrameworkMethod.java:44)
	at org.junit.internal.runners.statements.InvokeMethod.evaluate(InvokeMethod.java:17)
	at org.junit.internal.runners.statements.RunBefores.evaluate(RunBefores.java:26)
	at org.junit.internal.runners.statements.RunAfters.evaluate(RunAfters.java:27)
	at org.junit.runners.ParentRunner.runLeaf(ParentRunner.java:271)
	at org.junit.runners.BlockJUnit4ClassRunner.runChild(BlockJUnit4ClassRunner.java:70)
	at org.junit.runners.BlockJUnit4ClassRunner.runChild(BlockJUnit4ClassRunner.java:50)
	at org.junit.runners.ParentRunner$3.run(ParentRunner.java:238)
	at org.junit.runners.ParentRunner$1.schedule(ParentRunner.java:63)
	at org.junit.runners.ParentRunner.runChildren(ParentRunner.java:236)
	at org.junit.runners.ParentRunner.access$000(ParentRunner.java:53)
	at org.junit.runners.ParentRunner$2.evaluate(ParentRunner.java:229)
	at org.junit.runners.ParentRunner.run(ParentRunner.java:309)
	at org.apache.maven.surefire.junit4.JUnit4Provider.execute(JUnit4Provider.java:365)
	at org.apache.maven.surefire.junit4.JUnit4Provider.executeWithRerun(JUnit4Provider.java:273)
	at org.apache.maven.surefire.junit4.JUnit4Provider.executeTestSet(JUnit4Provider.java:238)
	at org.apache.maven.surefire.junit4.JUnit4Provider.invoke(JUnit4Provider.java:159)
	at org.apache.maven.surefire.booter.ForkedBooter.invokeProviderInSameClassLoader(ForkedBooter.java:384)
	at org.apache.maven.surefire.booter.ForkedBooter.runSuitesInProcess(ForkedBooter.java:345)
	at org.apache.maven.surefire.booter.ForkedBooter.execute(ForkedBooter.java:126)
	at org.apache.maven.surefire.booter.ForkedBooter.main(ForkedBooter.java:418)
2019-10-18 13:53:01,771 [main] WARN  io.KeyOutputStream (KeyOutputStream.java:handleException(274)) - Encountered exception java.io.IOException: Unexpected Storage Container Exception: java.io.IOException: Unexpected Storage Container Exception: java.util.concurrent.TimeoutException on the pipeline Pipeline[ Id: 8a98ae06-7dbd-4ca7-b8e0-2ce223b428db, Nodes: 9428a45a-07e9-49d7-b31a-f311eec9e72b{ip: 192.168.34.61, host: pr-hdds-2280-982rn-3954796538, networkLocation: /default-rack, certSerialId: null}5e7383bb-fda8-40e7-8145-d7b46255a358{ip: 192.168.34.61, host: pr-hdds-2280-982rn-3954796538, networkLocation: /default-rack, certSerialId: null}c22dcba3-59d1-4fc8-9c25-9292db9117bd{ip: 192.168.34.61, host: pr-hdds-2280-982rn-3954796538, networkLocation: /default-rack, certSerialId: null}, Type:RATIS, Factor:THREE, State:OPEN]. The last committed block length is 450, uncommitted data length is 350 retry count 0
2019-10-18 13:53:02,031 [grpc-default-executor-5] WARN  server.GrpcLogAppender (LogUtils.java:warn(134)) - c22dcba3-59d1-4fc8-9c25-9292db9117bd@group-2CE223B428DB->9428a45a-07e9-49d7-b31a-f311eec9e72b-AppendLogResponseHandler: Failed appendEntries: org.apache.ratis.thirdparty.io.grpc.StatusRuntimeException: UNAVAILABLE: io exception
2019-10-18 13:53:02,034 [grpc-default-executor-5] INFO  impl.FollowerInfo (FollowerInfo.java:lambda$new$0(51)) - c22dcba3-59d1-4fc8-9c25-9292db9117bd@group-2CE223B428DB->9428a45a-07e9-49d7-b31a-f311eec9e72b: nextIndex: updateUnconditionally 16 -> 15
2019-10-18 13:53:02,045 [grpc-default-executor-5] WARN  server.GrpcLogAppender (LogUtils.java:warn(134)) - c22dcba3-59d1-4fc8-9c25-9292db9117bd@group-2CE223B428DB->9428a45a-07e9-49d7-b31a-f311eec9e72b-AppendLogResponseHandler: Failed appendEntries: org.apache.ratis.thirdparty.io.grpc.StatusRuntimeException: UNAVAILABLE: io exception
2019-10-18 13:53:02,045 [grpc-default-executor-5] INFO  impl.FollowerInfo (FollowerInfo.java:lambda$new$0(51)) - c22dcba3-59d1-4fc8-9c25-9292db9117bd@group-2CE223B428DB->9428a45a-07e9-49d7-b31a-f311eec9e72b: nextIndex: updateUnconditionally 16 -> 15
2019-10-18 13:53:02,059 [grpc-default-executor-7] WARN  server.GrpcLogAppender (LogUtils.java:warn(134)) - c22dcba3-59d1-4fc8-9c25-9292db9117bd@group-2CE223B428DB->9428a45a-07e9-49d7-b31a-f311eec9e72b-AppendLogResponseHandler: Failed appendEntries: org.apache.ratis.thirdparty.io.grpc.StatusRuntimeException: UNAVAILABLE: io exception
2019-10-18 13:53:02,060 [grpc-default-executor-7] INFO  impl.FollowerInfo (FollowerInfo.java:lambda$new$0(51)) - c22dcba3-59d1-4fc8-9c25-9292db9117bd@group-2CE223B428DB->9428a45a-07e9-49d7-b31a-f311eec9e72b: nextIndex: updateUnconditionally 16 -> 15
2019-10-18 13:53:02,090 [RatisApplyTransactionExecutor 1] INFO  interfaces.Container (KeyValueContainer.java:flushAndSyncDB(386)) - Container 1 is synced with bcsId 21.
2019-10-18 13:53:02,090 [RatisApplyTransactionExecutor 1] INFO  interfaces.Container (KeyValueContainer.java:flushAndSyncDB(386)) - Container 1 is synced with bcsId 21.
2019-10-18 13:53:02,121 [RatisApplyTransactionExecutor 1] INFO  interfaces.Container (KeyValueContainer.java:flushAndSyncDB(386)) - Container 1 is synced with bcsId 21.
2019-10-18 13:53:02,121 [RatisApplyTransactionExecutor 1] INFO  interfaces.Container (KeyValueContainer.java:flushAndSyncDB(386)) - Container 1 is synced with bcsId 21.
2019-10-18 13:53:02,181 [RatisApplyTransactionExecutor 1] INFO  interfaces.Container (KeyValueContainer.java:close(335)) - Container 1 is closed with bcsId 21.
2019-10-18 13:53:02,181 [RatisApplyTransactionExecutor 1] INFO  interfaces.Container (KeyValueContainer.java:close(335)) - Container 1 is closed with bcsId 21.
2019-10-18 13:53:02,183 [EventQueue-IncrementalContainerReportForIncrementalContainerReportHandler] INFO  container.IncrementalContainerReportHandler (AbstractContainerReportHandler.java:updateContainerState(178)) - Moving container #1 to CLOSED state, datanode 5e7383bb-fda8-40e7-8145-d7b46255a358{ip: 192.168.34.61, host: pr-hdds-2280-982rn-3954796538, networkLocation: /default-rack, certSerialId: null} reported CLOSED replica.
2019-10-18 13:53:02,737 [main] INFO  ozone.MiniOzoneClusterImpl (MiniOzoneClusterImpl.java:shutdown(314)) - Shutting down the Mini Ozone Cluster
2019-10-18 13:53:02,738 [main] INFO  ozone.MiniOzoneClusterImpl (MiniOzoneClusterImpl.java:stop(330)) - Stopping the Mini Ozone Cluster
2019-10-18 13:53:02,738 [main] INFO  ozone.MiniOzoneClusterImpl (MiniOzoneClusterImpl.java:stopOM(400)) - Stopping the OzoneManager
2019-10-18 13:53:02,738 [main] INFO  ipc.Server (Server.java:stop(3082)) - Stopping server on 34412
2019-10-18 13:53:02,747 [IPC Server listener on 34412] INFO  ipc.Server (Server.java:run(1185)) - Stopping IPC Server listener on 34412
2019-10-18 13:53:02,749 [main] INFO  ratis.OzoneManagerDoubleBuffer (OzoneManagerDoubleBuffer.java:stop(250)) - Stopping OMDoubleBuffer flush thread
2019-10-18 13:53:02,750 [IPC Server Responder] INFO  ipc.Server (Server.java:run(1319)) - Stopping IPC Server Responder
2019-10-18 13:53:02,752 [OMDoubleBufferFlushThread] INFO  ratis.OzoneManagerDoubleBuffer (OzoneManagerDoubleBuffer.java:flushTransactions(193)) - OMDoubleBuffer flush thread OMDoubleBufferFlushThread is interrupted and will exit. OMDoubleBufferFlushThread
2019-10-18 13:53:02,763 [main] INFO  utils.BackgroundService (BackgroundService.java:shutdown(151)) - Shutting down service KeyDeletingService
2019-10-18 13:53:02,764 [main] INFO  handler.ContextHandler (ContextHandler.java:doStop(910)) - Stopped o.e.j.w.WebAppContext@6b1321b7{/,null,UNAVAILABLE}{/ozoneManager}
2019-10-18 13:53:02,765 [main] INFO  server.AbstractConnector (AbstractConnector.java:doStop(318)) - Stopped ServerConnector@342ee097{HTTP/1.1,[http/1.1]}{0.0.0.0:0}
2019-10-18 13:53:02,765 [main] INFO  handler.ContextHandler (ContextHandler.java:doStop(910)) - Stopped o.e.j.s.ServletContextHandler@2801827a{/static,file:///workdir/hadoop-ozone/integration-test/target/test-classes/webapps/static,UNAVAILABLE}
2019-10-18 13:53:02,765 [main] INFO  handler.ContextHandler (ContextHandler.java:doStop(910)) - Stopped o.e.j.s.ServletContextHandler@10b8b900{/logs,file:///workdir/hadoop-ozone/integration-test/target/log,UNAVAILABLE}
2019-10-18 13:53:02,768 [main] INFO  ozone.MiniOzoneClusterImpl (MiniOzoneClusterImpl.java:stopDatanodes(377)) - Stopping the HddsDatanodes
2019-10-18 13:53:03,146 [Datanode State Machine Thread - 0] INFO  statemachine.DatanodeStateMachine (DatanodeStateMachine.java:lambda$startDaemon$0(350)) - Ozone container server started.
2019-10-18 13:53:03,183 [Datanode State Machine Thread - 0] INFO  statemachine.DatanodeStateMachine (DatanodeStateMachine.java:lambda$startDaemon$0(350)) - Ozone container server started.
2019-10-18 13:53:04,560 [grpc-default-executor-7] WARN  server.GrpcLogAppender (LogUtils.java:warn(134)) - c22dcba3-59d1-4fc8-9c25-9292db9117bd@group-2CE223B428DB->9428a45a-07e9-49d7-b31a-f311eec9e72b-AppendLogResponseHandler: Failed appendEntries: org.apache.ratis.thirdparty.io.grpc.StatusRuntimeException: UNAVAILABLE: io exception
2019-10-18 13:53:04,561 [grpc-default-executor-7] INFO  impl.FollowerInfo (FollowerInfo.java:lambda$new$0(51)) - c22dcba3-59d1-4fc8-9c25-9292db9117bd@group-2CE223B428DB->9428a45a-07e9-49d7-b31a-f311eec9e72b: nextIndex: updateUnconditionally 15 -> 14
2019-10-18 13:53:07,060 [grpc-default-executor-8] WARN  server.GrpcLogAppender (LogUtils.java:warn(134)) - c22dcba3-59d1-4fc8-9c25-9292db9117bd@group-2CE223B428DB->9428a45a-07e9-49d7-b31a-f311eec9e72b-AppendLogResponseHandler: Failed appendEntries: org.apache.ratis.thirdparty.io.grpc.StatusRuntimeException: UNAVAILABLE: io exception
2019-10-18 13:53:07,061 [grpc-default-executor-8] INFO  impl.FollowerInfo (FollowerInfo.java:lambda$new$0(51)) - c22dcba3-59d1-4fc8-9c25-9292db9117bd@group-2CE223B428DB->9428a45a-07e9-49d7-b31a-f311eec9e72b: nextIndex: updateUnconditionally 14 -> 13
2019-10-18 13:53:07,205 [EventQueue-StaleNodeForStaleNodeHandler] INFO  node.StaleNodeHandler (StaleNodeHandler.java:onMessage(58)) - Datanode 4e558b94-7600-4ed0-a419-bb082f43a5e2{ip: 192.168.34.61, host: pr-hdds-2280-982rn-3954796538, networkLocation: /default-rack, certSerialId: null} moved to stale state. Finalizing its pipelines [PipelineID=66200d63-2bdf-412b-beda-68b6330062a9, PipelineID=850deb90-eb19-4444-87e3-19a5b56a8be2]
2019-10-18 13:53:07,206 [EventQueue-StaleNodeForStaleNodeHandler] INFO  pipeline.SCMPipelineManager (SCMPipelineManager.java:finalizeAndDestroyPipeline(315)) - destroying pipeline:Pipeline[ Id: 66200d63-2bdf-412b-beda-68b6330062a9, Nodes: 4e558b94-7600-4ed0-a419-bb082f43a5e2{ip: 192.168.34.61, host: pr-hdds-2280-982rn-3954796538, networkLocation: /default-rack, certSerialId: null}, Type:RATIS, Factor:ONE, State:OPEN]
2019-10-18 13:53:07,206 [EventQueue-StaleNodeForStaleNodeHandler] INFO  pipeline.PipelineStateManager (PipelineStateManager.java:finalizePipeline(123)) - Pipeline Pipeline[ Id: 66200d63-2bdf-412b-beda-68b6330062a9, Nodes: 4e558b94-7600-4ed0-a419-bb082f43a5e2{ip: 192.168.34.61, host: pr-hdds-2280-982rn-3954796538, networkLocation: /default-rack, certSerialId: null}, Type:RATIS, Factor:ONE, State:CLOSED] moved to CLOSED state
2019-10-18 13:53:07,206 [EventQueue-StaleNodeForStaleNodeHandler] INFO  pipeline.SCMPipelineManager (SCMPipelineManager.java:finalizeAndDestroyPipeline(315)) - destroying pipeline:Pipeline[ Id: 850deb90-eb19-4444-87e3-19a5b56a8be2, Nodes: 4e558b94-7600-4ed0-a419-bb082f43a5e2{ip: 192.168.34.61, host: pr-hdds-2280-982rn-3954796538, networkLocation: /default-rack, certSerialId: null}cebffdd8-c119-4a21-bd71-c9ab06d21a65{ip: 192.168.34.61, host: pr-hdds-2280-982rn-3954796538, networkLocation: /default-rack, certSerialId: null}766a15ca-6d28-424b-ad9e-89b48d3f1885{ip: 192.168.34.61, host: pr-hdds-2280-982rn-3954796538, networkLocation: /default-rack, certSerialId: null}, Type:RATIS, Factor:THREE, State:OPEN]
2019-10-18 13:53:07,206 [EventQueue-StaleNodeForStaleNodeHandler] INFO  pipeline.PipelineStateManager (PipelineStateManager.java:finalizePipeline(123)) - Pipeline Pipeline[ Id: 850deb90-eb19-4444-87e3-19a5b56a8be2, Nodes: 4e558b94-7600-4ed0-a419-bb082f43a5e2{ip: 192.168.34.61, host: pr-hdds-2280-982rn-3954796538, networkLocation: /default-rack, certSerialId: null}cebffdd8-c119-4a21-bd71-c9ab06d21a65{ip: 192.168.34.61, host: pr-hdds-2280-982rn-3954796538, networkLocation: /default-rack, certSerialId: null}766a15ca-6d28-424b-ad9e-89b48d3f1885{ip: 192.168.34.61, host: pr-hdds-2280-982rn-3954796538, networkLocation: /default-rack, certSerialId: null}, Type:RATIS, Factor:THREE, State:CLOSED] moved to CLOSED state
2019-10-18 13:53:07,207 [EventQueue-CloseContainerForCloseContainerEventHandler] INFO  container.CloseContainerEventHandler (CloseContainerEventHandler.java:onMessage(61)) - Close container Event triggered for container : #2
2019-10-18 13:53:07,209 [EventQueue-StaleNodeForStaleNodeHandler] INFO  node.StaleNodeHandler (StaleNodeHandler.java:onMessage(58)) - Datanode c22dcba3-59d1-4fc8-9c25-9292db9117bd{ip: 192.168.34.61, host: pr-hdds-2280-982rn-3954796538, networkLocation: /default-rack, certSerialId: null} moved to stale state. Finalizing its pipelines [PipelineID=8a98ae06-7dbd-4ca7-b8e0-2ce223b428db, PipelineID=e99ba1a3-ce87-45fe-b7ca-c823c2a1c895]
2019-10-18 13:53:07,211 [EventQueue-StaleNodeForStaleNodeHandler] INFO  pipeline.SCMPipelineManager (SCMPipelineManager.java:finalizeAndDestroyPipeline(315)) - destroying pipeline:Pipeline[ Id: 8a98ae06-7dbd-4ca7-b8e0-2ce223b428db, Nodes: 9428a45a-07e9-49d7-b31a-f311eec9e72b{ip: 192.168.34.61, host: pr-hdds-2280-982rn-3954796538, networkLocation: /default-rack, certSerialId: null}5e7383bb-fda8-40e7-8145-d7b46255a358{ip: 192.168.34.61, host: pr-hdds-2280-982rn-3954796538, networkLocation: /default-rack, certSerialId: null}c22dcba3-59d1-4fc8-9c25-9292db9117bd{ip: 192.168.34.61, host: pr-hdds-2280-982rn-3954796538, networkLocation: /default-rack, certSerialId: null}, Type:RATIS, Factor:THREE, State:CLOSED]
2019-10-18 13:53:07,211 [EventQueue-StaleNodeForStaleNodeHandler] INFO  pipeline.SCMPipelineManager (SCMPipelineManager.java:finalizeAndDestroyPipeline(315)) - destroying pipeline:Pipeline[ Id: e99ba1a3-ce87-45fe-b7ca-c823c2a1c895, Nodes: c22dcba3-59d1-4fc8-9c25-9292db9117bd{ip: 192.168.34.61, host: pr-hdds-2280-982rn-3954796538, networkLocation: /default-rack, certSerialId: null}, Type:RATIS, Factor:ONE, State:OPEN]
2019-10-18 13:53:07,211 [EventQueue-StaleNodeForStaleNodeHandler] INFO  pipeline.PipelineStateManager (PipelineStateManager.java:finalizePipeline(123)) - Pipeline Pipeline[ Id: e99ba1a3-ce87-45fe-b7ca-c823c2a1c895, Nodes: c22dcba3-59d1-4fc8-9c25-9292db9117bd{ip: 192.168.34.61, host: pr-hdds-2280-982rn-3954796538, networkLocation: /default-rack, certSerialId: null}, Type:RATIS, Factor:ONE, State:CLOSED] moved to CLOSED state
2019-10-18 13:53:07,769 [main] INFO  ozoneimpl.OzoneContainer (OzoneContainer.java:stop(227)) - Attempting to stop container services.
2019-10-18 13:53:07,769 [ForkJoinPool.commonPool-worker-0] INFO  ozoneimpl.OzoneContainer (OzoneContainer.java:stop(227)) - Attempting to stop container services.
2019-10-18 13:53:07,772 [main] INFO  impl.RaftServerProxy (RaftServerProxy.java:lambda$close$4(314)) - 4e558b94-7600-4ed0-a419-bb082f43a5e2: close
2019-10-18 13:53:07,772 [ForkJoinPool.commonPool-worker-0] INFO  impl.RaftServerProxy (RaftServerProxy.java:lambda$close$4(314)) - c22dcba3-59d1-4fc8-9c25-9292db9117bd: close
2019-10-18 13:53:07,772 [main] INFO  impl.RaftServerImpl (RaftServerImpl.java:lambda$shutdown$3(247)) - 4e558b94-7600-4ed0-a419-bb082f43a5e2@group-68B6330062A9: shutdown
2019-10-18 13:53:07,773 [ForkJoinPool.commonPool-worker-0] INFO  impl.RaftServerImpl (RaftServerImpl.java:lambda$shutdown$3(247)) - c22dcba3-59d1-4fc8-9c25-9292db9117bd@group-2CE223B428DB: shutdown
2019-10-18 13:53:07,773 [main] INFO  util.JmxRegister (JmxRegister.java:unregister(73)) - Successfully un-registered JMX Bean with object name Ratis:service=RaftServer,group=group-68B6330062A9,id=4e558b94-7600-4ed0-a419-bb082f43a5e2
2019-10-18 13:53:07,773 [ForkJoinPool.commonPool-worker-0] INFO  util.JmxRegister (JmxRegister.java:unregister(73)) - Successfully un-registered JMX Bean with object name Ratis:service=RaftServer,group=group-2CE223B428DB,id=c22dcba3-59d1-4fc8-9c25-9292db9117bd
2019-10-18 13:53:07,773 [main] INFO  impl.RoleInfo (RoleInfo.java:shutdownLeaderState(104)) - 4e558b94-7600-4ed0-a419-bb082f43a5e2: shutdown LeaderState
2019-10-18 13:53:07,774 [ForkJoinPool.commonPool-worker-0] INFO  impl.RoleInfo (RoleInfo.java:shutdownLeaderState(104)) - c22dcba3-59d1-4fc8-9c25-9292db9117bd: shutdown LeaderState
2019-10-18 13:53:07,774 [main] INFO  impl.PendingRequests (PendingRequests.java:sendNotLeaderResponses(202)) - 4e558b94-7600-4ed0-a419-bb082f43a5e2@group-68B6330062A9-PendingRequests: sendNotLeaderResponses
2019-10-18 13:53:07,778 [org.apache.ratis.server.impl.LogAppender$AppenderDaemon$$Lambda$523/491808795@5022056] WARN  server.GrpcLogAppender (GrpcLogAppender.java:mayWait(143)) - c22dcba3-59d1-4fc8-9c25-9292db9117bd@group-2CE223B428DB->5e7383bb-fda8-40e7-8145-d7b46255a358-GrpcLogAppender: Wait interrupted by java.lang.InterruptedException
2019-10-18 13:53:07,777 [org.apache.ratis.server.impl.LogAppender$AppenderDaemon$$Lambda$523/491808795@99c6f69] WARN  server.GrpcLogAppender (GrpcLogAppender.java:mayWait(143)) - c22dcba3-59d1-4fc8-9c25-9292db9117bd@group-2CE223B428DB->9428a45a-07e9-49d7-b31a-f311eec9e72b-GrpcLogAppender: Wait interrupted by java.lang.InterruptedException
2019-10-18 13:53:07,777 [ForkJoinPool.commonPool-worker-0] INFO  impl.PendingRequests (PendingRequests.java:sendNotLeaderResponses(202)) - c22dcba3-59d1-4fc8-9c25-9292db9117bd@group-2CE223B428DB-PendingRequests: sendNotLeaderResponses
2019-10-18 13:53:07,778 [main] INFO  impl.StateMachineUpdater (StateMachineUpdater.java:stopAndJoin(136)) - 4e558b94-7600-4ed0-a419-bb082f43a5e2@group-68B6330062A9-StateMachineUpdater: set stopIndex = 0
2019-10-18 13:53:07,781 [main] INFO  impl.RaftServerImpl (ServerState.java:close(387)) - 4e558b94-7600-4ed0-a419-bb082f43a5e2@group-68B6330062A9: closes. applyIndex: 0
2019-10-18 13:53:07,778 [grpc-default-executor-5] INFO  server.GrpcServerProtocolService (GrpcServerProtocolService.java:onCompleted(113)) - 5e7383bb-fda8-40e7-8145-d7b46255a358: Completed APPEND_ENTRIES, lastRequest: c22dcba3-59d1-4fc8-9c25-9292db9117bd->5e7383bb-fda8-40e7-8145-d7b46255a358#32-t1, previous=(t:1, i:27), leaderCommit=27, initializing? false, entries: <empty>
2019-10-18 13:53:07,782 [4e558b94-7600-4ed0-a419-bb082f43a5e2@group-68B6330062A9-SegmentedRaftLogWorker] INFO  segmented.SegmentedRaftLogWorker (SegmentedRaftLogWorker.java:run(316)) - 4e558b94-7600-4ed0-a419-bb082f43a5e2@group-68B6330062A9-SegmentedRaftLogWorker was interrupted, exiting. There are 0 tasks remaining in the queue.
2019-10-18 13:53:07,782 [c22dcba3-59d1-4fc8-9c25-9292db9117bd@group-2CE223B428DB-StateMachineUpdater] INFO  ratis.ContainerStateMachine (ContainerStateMachine.java:takeSnapshot(294)) - group-2CE223B428DB: Taking a snapshot at:(t:1, i:27) file /workdir/hadoop-ozone/integration-test/target/test-dir/MiniOzoneClusterImpl-6e28672b-ea3d-42bc-af55-882c331ed2d2/datanode-1/data/ratis/8a98ae06-7dbd-4ca7-b8e0-2ce223b428db/sm/snapshot.1_27
2019-10-18 13:53:07,782 [ForkJoinPool.commonPool-worker-0] INFO  impl.StateMachineUpdater (StateMachineUpdater.java:stopAndJoin(136)) - c22dcba3-59d1-4fc8-9c25-9292db9117bd@group-2CE223B428DB-StateMachineUpdater: set stopIndex = 27
2019-10-18 13:53:07,784 [main] INFO  segmented.SegmentedRaftLogWorker (SegmentedRaftLogWorker.java:close(224)) - 4e558b94-7600-4ed0-a419-bb082f43a5e2@group-68B6330062A9-SegmentedRaftLogWorker close()
2019-10-18 13:53:07,784 [grpc-default-executor-5] INFO  server.GrpcLogAppender (GrpcLogAppender.java:onCompleted(293)) - c22dcba3-59d1-4fc8-9c25-9292db9117bd@group-2CE223B428DB->5e7383bb-fda8-40e7-8145-d7b46255a358-AppendLogResponseHandler: follower responses appendEntries COMPLETED
2019-10-18 13:53:07,787 [main] INFO  impl.RaftServerImpl (RaftServerImpl.java:lambda$shutdown$3(247)) - 4e558b94-7600-4ed0-a419-bb082f43a5e2@group-19A5B56A8BE2: shutdown
2019-10-18 13:53:07,789 [grpc-default-executor-5] INFO  impl.FollowerInfo (FollowerInfo.java:lambda$new$0(51)) - c22dcba3-59d1-4fc8-9c25-9292db9117bd@group-2CE223B428DB->5e7383bb-fda8-40e7-8145-d7b46255a358: nextIndex: updateUnconditionally 28 -> 27
2019-10-18 13:53:07,787 [Thread-3312] INFO  client.GrpcClientProtocolService (GrpcClientProtocolService.java:lambda$processClientRequest$0(278)) - Failed RaftClientRequest:client-F12F2C93EBAF->c22dcba3-59d1-4fc8-9c25-9292db9117bd@group-2CE223B428DB, cid=198, seq=0, Watch-ALL_COMMITTED(21), Message:<EMPTY>, reply=RaftClientReply:client-F12F2C93EBAF->c22dcba3-59d1-4fc8-9c25-9292db9117bd@group-2CE223B428DB, cid=198, FAILED org.apache.ratis.protocol.NotLeaderException: Server c22dcba3-59d1-4fc8-9c25-9292db9117bd@group-2CE223B428DB is not the leader, logIndex=0, commits[c22dcba3-59d1-4fc8-9c25-9292db9117bd:c27]
2019-10-18 13:53:07,789 [main] INFO  util.JmxRegister (JmxRegister.java:unregister(73)) - Successfully un-registered JMX Bean with object name Ratis:service=RaftServer,group=group-19A5B56A8BE2,id=4e558b94-7600-4ed0-a419-bb082f43a5e2
2019-10-18 13:53:07,791 [main] INFO  impl.RoleInfo (RoleInfo.java:shutdownFollowerState(121)) - 4e558b94-7600-4ed0-a419-bb082f43a5e2: shutdown FollowerState
2019-10-18 13:53:07,791 [main] INFO  impl.StateMachineUpdater (StateMachineUpdater.java:stopAndJoin(136)) - 4e558b94-7600-4ed0-a419-bb082f43a5e2@group-19A5B56A8BE2-StateMachineUpdater: set stopIndex = 14
2019-10-18 13:53:07,791 [Thread-3149] INFO  impl.FollowerState (FollowerState.java:run(117)) - 4e558b94-7600-4ed0-a419-bb082f43a5e2@group-19A5B56A8BE2-FollowerState was interrupted: java.lang.InterruptedException: sleep interrupted
2019-10-18 13:53:07,791 [4e558b94-7600-4ed0-a419-bb082f43a5e2@group-19A5B56A8BE2-StateMachineUpdater] INFO  ratis.ContainerStateMachine (ContainerStateMachine.java:takeSnapshot(294)) - group-19A5B56A8BE2: Taking a snapshot at:(t:1, i:12) file /workdir/hadoop-ozone/integration-test/target/test-dir/MiniOzoneClusterImpl-6e28672b-ea3d-42bc-af55-882c331ed2d2/datanode-4/data/ratis/850deb90-eb19-4444-87e3-19a5b56a8be2/sm/snapshot.1_12
2019-10-18 13:53:07,808 [4e558b94-7600-4ed0-a419-bb082f43a5e2@group-19A5B56A8BE2-StateMachineUpdater] INFO  ratis.ContainerStateMachine (ContainerStateMachine.java:takeSnapshot(305)) - group-19A5B56A8BE2: Finished taking a snapshot at:(t:1, i:12) file:/workdir/hadoop-ozone/integration-test/target/test-dir/MiniOzoneClusterImpl-6e28672b-ea3d-42bc-af55-882c331ed2d2/datanode-4/data/ratis/850deb90-eb19-4444-87e3-19a5b56a8be2/sm/snapshot.1_12 time:17
2019-10-18 13:53:07,808 [c22dcba3-59d1-4fc8-9c25-9292db9117bd@group-2CE223B428DB-StateMachineUpdater] INFO  ratis.ContainerStateMachine (ContainerStateMachine.java:takeSnapshot(305)) - group-2CE223B428DB: Finished taking a snapshot at:(t:1, i:27) file:/workdir/hadoop-ozone/integration-test/target/test-dir/MiniOzoneClusterImpl-6e28672b-ea3d-42bc-af55-882c331ed2d2/datanode-1/data/ratis/8a98ae06-7dbd-4ca7-b8e0-2ce223b428db/sm/snapshot.1_27 time:26
2019-10-18 13:53:07,808 [4e558b94-7600-4ed0-a419-bb082f43a5e2@group-19A5B56A8BE2-StateMachineUpdater] INFO  impl.StateMachineUpdater (StateMachineUpdater.java:takeSnapshot(269)) - 4e558b94-7600-4ed0-a419-bb082f43a5e2@group-19A5B56A8BE2-StateMachineUpdater: Took a snapshot at index 12
2019-10-18 13:53:07,808 [c22dcba3-59d1-4fc8-9c25-9292db9117bd@group-2CE223B428DB-StateMachineUpdater] INFO  impl.StateMachineUpdater (StateMachineUpdater.java:takeSnapshot(269)) - c22dcba3-59d1-4fc8-9c25-9292db9117bd@group-2CE223B428DB-StateMachineUpdater: Took a snapshot at index 27
2019-10-18 13:53:07,808 [4e558b94-7600-4ed0-a419-bb082f43a5e2@group-19A5B56A8BE2-StateMachineUpdater] INFO  impl.StateMachineUpdater (StateMachineUpdater.java:lambda$new$0(84)) - 4e558b94-7600-4ed0-a419-bb082f43a5e2@group-19A5B56A8BE2-StateMachineUpdater: snapshotIndex: updateIncreasingly -1 -> 12
2019-10-18 13:53:07,808 [c22dcba3-59d1-4fc8-9c25-9292db9117bd@group-2CE223B428DB-StateMachineUpdater] INFO  impl.StateMachineUpdater (StateMachineUpdater.java:lambda$new$0(84)) - c22dcba3-59d1-4fc8-9c25-9292db9117bd@group-2CE223B428DB-StateMachineUpdater: snapshotIndex: updateIncreasingly -1 -> 27
2019-10-18 13:53:07,809 [4e558b94-7600-4ed0-a419-bb082f43a5e2@group-19A5B56A8BE2-StateMachineUpdater] INFO  ratis.ContainerStateMachine (ContainerStateMachine.java:takeSnapshot(294)) - group-19A5B56A8BE2: Taking a snapshot at:(t:1, i:12) file /workdir/hadoop-ozone/integration-test/target/test-dir/MiniOzoneClusterImpl-6e28672b-ea3d-42bc-af55-882c331ed2d2/datanode-4/data/ratis/850deb90-eb19-4444-87e3-19a5b56a8be2/sm/snapshot.1_12
2019-10-18 13:53:07,809 [ForkJoinPool.commonPool-worker-0] INFO  impl.RaftServerImpl (ServerState.java:close(387)) - c22dcba3-59d1-4fc8-9c25-9292db9117bd@group-2CE223B428DB: closes. applyIndex: 27
2019-10-18 13:53:07,809 [c22dcba3-59d1-4fc8-9c25-9292db9117bd@group-2CE223B428DB-SegmentedRaftLogWorker] INFO  segmented.SegmentedRaftLogWorker (SegmentedRaftLogWorker.java:run(316)) - c22dcba3-59d1-4fc8-9c25-9292db9117bd@group-2CE223B428DB-SegmentedRaftLogWorker was interrupted, exiting. There are 0 tasks remaining in the queue.
2019-10-18 13:53:07,811 [ForkJoinPool.commonPool-worker-0] INFO  segmented.SegmentedRaftLogWorker (SegmentedRaftLogWorker.java:close(224)) - c22dcba3-59d1-4fc8-9c25-9292db9117bd@group-2CE223B428DB-SegmentedRaftLogWorker close()
2019-10-18 13:53:07,813 [ForkJoinPool.commonPool-worker-0] INFO  impl.RaftServerImpl (RaftServerImpl.java:lambda$shutdown$3(247)) - c22dcba3-59d1-4fc8-9c25-9292db9117bd@group-C823C2A1C895: shutdown
2019-10-18 13:53:07,813 [ForkJoinPool.commonPool-worker-0] INFO  util.JmxRegister (JmxRegister.java:unregister(73)) - Successfully un-registered JMX Bean with object name Ratis:service=RaftServer,group=group-C823C2A1C895,id=c22dcba3-59d1-4fc8-9c25-9292db9117bd
2019-10-18 13:53:07,813 [ForkJoinPool.commonPool-worker-0] INFO  impl.RoleInfo (RoleInfo.java:shutdownLeaderState(104)) - c22dcba3-59d1-4fc8-9c25-9292db9117bd: shutdown LeaderState
2019-10-18 13:53:07,814 [ForkJoinPool.commonPool-worker-0] INFO  impl.PendingRequests (PendingRequests.java:sendNotLeaderResponses(202)) - c22dcba3-59d1-4fc8-9c25-9292db9117bd@group-C823C2A1C895-PendingRequests: sendNotLeaderResponses
2019-10-18 13:53:07,814 [ForkJoinPool.commonPool-worker-0] INFO  impl.StateMachineUpdater (StateMachineUpdater.java:stopAndJoin(136)) - c22dcba3-59d1-4fc8-9c25-9292db9117bd@group-C823C2A1C895-StateMachineUpdater: set stopIndex = 0
2019-10-18 13:53:07,814 [ForkJoinPool.commonPool-worker-0] INFO  impl.RaftServerImpl (ServerState.java:close(387)) - c22dcba3-59d1-4fc8-9c25-9292db9117bd@group-C823C2A1C895: closes. applyIndex: 0
2019-10-18 13:53:07,815 [c22dcba3-59d1-4fc8-9c25-9292db9117bd@group-C823C2A1C895-SegmentedRaftLogWorker] INFO  segmented.SegmentedRaftLogWorker (SegmentedRaftLogWorker.java:run(316)) - c22dcba3-59d1-4fc8-9c25-9292db9117bd@group-C823C2A1C895-SegmentedRaftLogWorker was interrupted, exiting. There are 0 tasks remaining in the queue.
2019-10-18 13:53:07,816 [ForkJoinPool.commonPool-worker-0] INFO  segmented.SegmentedRaftLogWorker (SegmentedRaftLogWorker.java:close(224)) - c22dcba3-59d1-4fc8-9c25-9292db9117bd@group-C823C2A1C895-SegmentedRaftLogWorker close()
2019-10-18 13:53:07,818 [ForkJoinPool.commonPool-worker-0] INFO  server.GrpcService (GrpcService.java:closeImpl(164)) - c22dcba3-59d1-4fc8-9c25-9292db9117bd: shutdown server with port 43563 now
2019-10-18 13:53:07,818 [ForkJoinPool.commonPool-worker-0] INFO  server.GrpcService (GrpcService.java:closeImpl(172)) - c22dcba3-59d1-4fc8-9c25-9292db9117bd: shutdown server with port 43563 successfully
2019-10-18 13:53:07,842 [refreshUsed-/workdir/hadoop-ozone/integration-test/target/test-dir/MiniOzoneClusterImpl-6e28672b-ea3d-42bc-af55-882c331ed2d2/datanode-1/data/containers] WARN  fs.CachingGetSpaceUsed (CachingGetSpaceUsed.java:run(183)) - Thread Interrupted waiting to refresh disk information: sleep interrupted
2019-10-18 13:53:07,854 [ForkJoinPool.commonPool-worker-0] INFO  utils.BackgroundService (BackgroundService.java:shutdown(151)) - Shutting down service BlockDeletingService
2019-10-18 13:53:07,857 [ForkJoinPool.commonPool-worker-0] INFO  statemachine.DatanodeStateMachine (DatanodeStateMachine.java:stopDaemon(395)) - Ozone container server stopped.
2019-10-18 13:53:07,861 [ForkJoinPool.commonPool-worker-0] INFO  handler.ContextHandler (ContextHandler.java:doStop(910)) - Stopped o.e.j.w.WebAppContext@681e913c{/,null,UNAVAILABLE}{/hddsDatanode}
2019-10-18 13:53:07,861 [ForkJoinPool.commonPool-worker-0] INFO  server.AbstractConnector (AbstractConnector.java:doStop(318)) - Stopped ServerConnector@29d070c7{HTTP/1.1,[http/1.1]}{0.0.0.0:0}
2019-10-18 13:53:07,862 [ForkJoinPool.commonPool-worker-0] INFO  handler.ContextHandler (ContextHandler.java:doStop(910)) - Stopped o.e.j.s.ServletContextHandler@5dbab232{/static,jar:file:/home/user/.m2/repository/org/apache/hadoop/hadoop-hdds-container-service/0.5.0-SNAPSHOT/hadoop-hdds-container-service-0.5.0-SNAPSHOT.jar!/webapps/static,UNAVAILABLE}
2019-10-18 13:53:07,863 [ForkJoinPool.commonPool-worker-0] INFO  handler.ContextHandler (ContextHandler.java:doStop(910)) - Stopped o.e.j.s.ServletContextHandler@3dec3f87{/logs,file:///workdir/hadoop-ozone/integration-test/target/log,UNAVAILABLE}
2019-10-18 13:53:07,865 [4e558b94-7600-4ed0-a419-bb082f43a5e2@group-19A5B56A8BE2-StateMachineUpdater] INFO  ratis.ContainerStateMachine (ContainerStateMachine.java:takeSnapshot(305)) - group-19A5B56A8BE2: Finished taking a snapshot at:(t:1, i:12) file:/workdir/hadoop-ozone/integration-test/target/test-dir/MiniOzoneClusterImpl-6e28672b-ea3d-42bc-af55-882c331ed2d2/datanode-4/data/ratis/850deb90-eb19-4444-87e3-19a5b56a8be2/sm/snapshot.1_12 time:56
2019-10-18 13:53:07,865 [4e558b94-7600-4ed0-a419-bb082f43a5e2@group-19A5B56A8BE2-StateMachineUpdater] INFO  impl.StateMachineUpdater (StateMachineUpdater.java:takeSnapshot(269)) - 4e558b94-7600-4ed0-a419-bb082f43a5e2@group-19A5B56A8BE2-StateMachineUpdater: Took a snapshot at index 12
2019-10-18 13:53:07,865 [4e558b94-7600-4ed0-a419-bb082f43a5e2@group-19A5B56A8BE2-StateMachineUpdater] INFO  impl.StateMachineUpdater (StateMachineUpdater.java:lambda$new$0(84)) - 4e558b94-7600-4ed0-a419-bb082f43a5e2@group-19A5B56A8BE2-StateMachineUpdater: snapshotIndex: updateIncreasingly 12 -> 12
2019-10-18 13:53:07,866 [main] INFO  impl.RaftServerImpl (ServerState.java:close(387)) - 4e558b94-7600-4ed0-a419-bb082f43a5e2@group-19A5B56A8BE2: closes. applyIndex: 14
2019-10-18 13:53:07,866 [4e558b94-7600-4ed0-a419-bb082f43a5e2@group-19A5B56A8BE2-SegmentedRaftLogWorker] INFO  segmented.SegmentedRaftLogWorker (SegmentedRaftLogWorker.java:run(316)) - 4e558b94-7600-4ed0-a419-bb082f43a5e2@group-19A5B56A8BE2-SegmentedRaftLogWorker was interrupted, exiting. There are 0 tasks remaining in the queue.
2019-10-18 13:53:07,867 [main] INFO  segmented.SegmentedRaftLogWorker (SegmentedRaftLogWorker.java:close(224)) - 4e558b94-7600-4ed0-a419-bb082f43a5e2@group-19A5B56A8BE2-SegmentedRaftLogWorker close()
2019-10-18 13:53:07,869 [main] INFO  server.GrpcService (GrpcService.java:closeImpl(164)) - 4e558b94-7600-4ed0-a419-bb082f43a5e2: shutdown server with port 35313 now
2019-10-18 13:53:07,869 [grpc-default-executor-8] WARN  server.GrpcServerProtocolService (LogUtils.java:warn(134)) - 4e558b94-7600-4ed0-a419-bb082f43a5e2: installSnapshot onError, lastRequest: 766a15ca-6d28-424b-ad9e-89b48d3f1885->4e558b94-7600-4ed0-a419-bb082f43a5e2#20-t1, previous=(t:1, i:14), leaderCommit=14, initializing? false, entries: <empty>: org.apache.ratis.thirdparty.io.grpc.StatusRuntimeException: CANCELLED: cancelled before receiving half close
2019-10-18 13:53:07,870 [grpc-default-executor-5] WARN  server.GrpcLogAppender (LogUtils.java:warn(134)) - 766a15ca-6d28-424b-ad9e-89b48d3f1885@group-19A5B56A8BE2->4e558b94-7600-4ed0-a419-bb082f43a5e2-AppendLogResponseHandler: Failed appendEntries: org.apache.ratis.thirdparty.io.grpc.StatusRuntimeException: CANCELLED: HTTP/2 error code: CANCEL
Received Rst Stream
2019-10-18 13:53:07,870 [main] INFO  server.GrpcService (GrpcService.java:closeImpl(172)) - 4e558b94-7600-4ed0-a419-bb082f43a5e2: shutdown server with port 35313 successfully
2019-10-18 13:53:07,870 [grpc-default-executor-5] INFO  impl.FollowerInfo (FollowerInfo.java:lambda$new$0(51)) - 766a15ca-6d28-424b-ad9e-89b48d3f1885@group-19A5B56A8BE2->4e558b94-7600-4ed0-a419-bb082f43a5e2: nextIndex: updateUnconditionally 15 -> 14
2019-10-18 13:53:07,872 [refreshUsed-/workdir/hadoop-ozone/integration-test/target/test-dir/MiniOzoneClusterImpl-6e28672b-ea3d-42bc-af55-882c331ed2d2/datanode-4/data/containers] WARN  fs.CachingGetSpaceUsed (CachingGetSpaceUsed.java:run(183)) - Thread Interrupted waiting to refresh disk information: sleep interrupted
2019-10-18 13:53:07,882 [main] INFO  utils.BackgroundService (BackgroundService.java:shutdown(151)) - Shutting down service BlockDeletingService
2019-10-18 13:53:07,886 [main] INFO  statemachine.DatanodeStateMachine (DatanodeStateMachine.java:stopDaemon(395)) - Ozone container server stopped.
2019-10-18 13:53:07,886 [main] INFO  handler.ContextHandler (ContextHandler.java:doStop(910)) - Stopped o.e.j.w.WebAppContext@6238d5e0{/,null,UNAVAILABLE}{/hddsDatanode}
2019-10-18 13:53:07,887 [main] INFO  server.AbstractConnector (AbstractConnector.java:doStop(318)) - Stopped ServerConnector@336f49a1{HTTP/1.1,[http/1.1]}{0.0.0.0:0}
2019-10-18 13:53:07,887 [main] INFO  handler.ContextHandler (ContextHandler.java:doStop(910)) - Stopped o.e.j.s.ServletContextHandler@2c9fdb64{/static,jar:file:/home/user/.m2/repository/org/apache/hadoop/hadoop-hdds-container-service/0.5.0-SNAPSHOT/hadoop-hdds-container-service-0.5.0-SNAPSHOT.jar!/webapps/static,UNAVAILABLE}
2019-10-18 13:53:07,887 [main] INFO  handler.ContextHandler (ContextHandler.java:doStop(910)) - Stopped o.e.j.s.ServletContextHandler@624b3544{/logs,file:///workdir/hadoop-ozone/integration-test/target/log,UNAVAILABLE}
2019-10-18 13:53:08,057 [Datanode State Machine Thread - 0] INFO  statemachine.DatanodeStateMachine (DatanodeStateMachine.java:lambda$startDaemon$0(350)) - Ozone container server started.
2019-10-18 13:53:08,183 [Datanode State Machine Thread - 0] INFO  statemachine.DatanodeStateMachine (DatanodeStateMachine.java:lambda$startDaemon$0(350)) - Ozone container server started.
2019-10-18 13:53:08,776 [Thread-3314] INFO  client.GrpcClientProtocolService (GrpcClientProtocolService.java:lambda$processClientRequest$0(278)) - Failed RaftClientRequest:client-F12F2C93EBAF->5e7383bb-fda8-40e7-8145-d7b46255a358@group-2CE223B428DB, cid=198, seq=0, Watch-ALL_COMMITTED(21), Message:<EMPTY>, reply=RaftClientReply:client-F12F2C93EBAF->5e7383bb-fda8-40e7-8145-d7b46255a358@group-2CE223B428DB, cid=198, FAILED org.apache.ratis.protocol.NotLeaderException: Server 5e7383bb-fda8-40e7-8145-d7b46255a358@group-2CE223B428DB is not the leader c22dcba3-59d1-4fc8-9c25-9292db9117bd:192.168.34.61:43563, logIndex=0, commits[5e7383bb-fda8-40e7-8145-d7b46255a358:c27, 9428a45a-07e9-49d7-b31a-f311eec9e72b:c15, c22dcba3-59d1-4fc8-9c25-9292db9117bd:c27]
2019-10-18 13:53:09,785 [Thread-3319] INFO  client.GrpcClientProtocolService (GrpcClientProtocolService.java:lambda$processClientRequest$0(278)) - Failed RaftClientRequest:client-F12F2C93EBAF->5e7383bb-fda8-40e7-8145-d7b46255a358@group-2CE223B428DB, cid=198, seq=0, Watch-ALL_COMMITTED(21), Message:<EMPTY>, reply=RaftClientReply:client-F12F2C93EBAF->5e7383bb-fda8-40e7-8145-d7b46255a358@group-2CE223B428DB, cid=198, FAILED org.apache.ratis.protocol.NotLeaderException: Server 5e7383bb-fda8-40e7-8145-d7b46255a358@group-2CE223B428DB is not the leader c22dcba3-59d1-4fc8-9c25-9292db9117bd:192.168.34.61:43563, logIndex=0, commits[5e7383bb-fda8-40e7-8145-d7b46255a358:c27, 9428a45a-07e9-49d7-b31a-f311eec9e72b:c15, c22dcba3-59d1-4fc8-9c25-9292db9117bd:c27]
2019-10-18 13:53:10,205 [grpc-default-executor-7] WARN  server.GrpcLogAppender (LogUtils.java:warn(134)) - 766a15ca-6d28-424b-ad9e-89b48d3f1885@group-19A5B56A8BE2->4e558b94-7600-4ed0-a419-bb082f43a5e2-AppendLogResponseHandler: Failed appendEntries: org.apache.ratis.thirdparty.io.grpc.StatusRuntimeException: UNAVAILABLE: io exception
2019-10-18 13:53:10,207 [grpc-default-executor-7] INFO  impl.FollowerInfo (FollowerInfo.java:lambda$new$0(51)) - 766a15ca-6d28-424b-ad9e-89b48d3f1885@group-19A5B56A8BE2->4e558b94-7600-4ed0-a419-bb082f43a5e2: nextIndex: updateUnconditionally 15 -> 14
2019-10-18 13:53:10,217 [grpc-default-executor-8] WARN  server.GrpcLogAppender (LogUtils.java:warn(134)) - 766a15ca-6d28-424b-ad9e-89b48d3f1885@group-19A5B56A8BE2->4e558b94-7600-4ed0-a419-bb082f43a5e2-AppendLogResponseHandler: Failed appendEntries: org.apache.ratis.thirdparty.io.grpc.StatusRuntimeException: UNAVAILABLE: io exception
2019-10-18 13:53:10,219 [grpc-default-executor-8] INFO  impl.FollowerInfo (FollowerInfo.java:lambda$new$0(51)) - 766a15ca-6d28-424b-ad9e-89b48d3f1885@group-19A5B56A8BE2->4e558b94-7600-4ed0-a419-bb082f43a5e2: nextIndex: updateUnconditionally 15 -> 14
2019-10-18 13:53:10,230 [grpc-default-executor-8] WARN  server.GrpcLogAppender (LogUtils.java:warn(134)) - 766a15ca-6d28-424b-ad9e-89b48d3f1885@group-19A5B56A8BE2->4e558b94-7600-4ed0-a419-bb082f43a5e2-AppendLogResponseHandler: Failed appendEntries: org.apache.ratis.thirdparty.io.grpc.StatusRuntimeException: UNAVAILABLE: io exception
2019-10-18 13:53:10,230 [grpc-default-executor-8] INFO  impl.FollowerInfo (FollowerInfo.java:lambda$new$0(51)) - 766a15ca-6d28-424b-ad9e-89b48d3f1885@group-19A5B56A8BE2->4e558b94-7600-4ed0-a419-bb082f43a5e2: nextIndex: updateUnconditionally 15 -> 14
2019-10-18 13:53:10,316 [RatisApplyTransactionExecutor 2] INFO  interfaces.Container (KeyValueContainer.java:flushAndSyncDB(386)) - Container 2 is synced with bcsId 12.
2019-10-18 13:53:10,316 [RatisApplyTransactionExecutor 2] INFO  interfaces.Container (KeyValueContainer.java:flushAndSyncDB(386)) - Container 2 is synced with bcsId 12.
2019-10-18 13:53:10,370 [RatisApplyTransactionExecutor 2] INFO  interfaces.Container (KeyValueContainer.java:flushAndSyncDB(386)) - Container 2 is synced with bcsId 12.
2019-10-18 13:53:10,371 [RatisApplyTransactionExecutor 2] INFO  interfaces.Container (KeyValueContainer.java:flushAndSyncDB(386)) - Container 2 is synced with bcsId 12.
2019-10-18 13:53:10,371 [RatisApplyTransactionExecutor 2] INFO  interfaces.Container (KeyValueContainer.java:close(335)) - Container 2 is closed with bcsId 12.
2019-10-18 13:53:10,372 [EventQueue-IncrementalContainerReportForIncrementalContainerReportHandler] INFO  container.IncrementalContainerReportHandler (AbstractContainerReportHandler.java:updateContainerState(178)) - Moving container #2 to CLOSED state, datanode 766a15ca-6d28-424b-ad9e-89b48d3f1885{ip: 192.168.34.61, host: pr-hdds-2280-982rn-3954796538, networkLocation: /default-rack, certSerialId: null} reported CLOSED replica.
2019-10-18 13:53:10,417 [RatisApplyTransactionExecutor 2] INFO  interfaces.Container (KeyValueContainer.java:close(335)) - Container 2 is closed with bcsId 12.
2019-10-18 13:53:10,794 [Thread-3326] INFO  client.GrpcClientProtocolService (GrpcClientProtocolService.java:lambda$processClientRequest$0(278)) - Failed RaftClientRequest:client-F12F2C93EBAF->5e7383bb-fda8-40e7-8145-d7b46255a358@group-2CE223B428DB, cid=198, seq=0, Watch-ALL_COMMITTED(21), Message:<EMPTY>, reply=RaftClientReply:client-F12F2C93EBAF->5e7383bb-fda8-40e7-8145-d7b46255a358@group-2CE223B428DB, cid=198, FAILED org.apache.ratis.protocol.NotLeaderException: Server 5e7383bb-fda8-40e7-8145-d7b46255a358@group-2CE223B428DB is not the leader c22dcba3-59d1-4fc8-9c25-9292db9117bd:192.168.34.61:43563, logIndex=0, commits[5e7383bb-fda8-40e7-8145-d7b46255a358:c27, 9428a45a-07e9-49d7-b31a-f311eec9e72b:c15, c22dcba3-59d1-4fc8-9c25-9292db9117bd:c27]
2019-10-18 13:53:12,111 [EventQueue-StaleNodeForStaleNodeHandler] INFO  node.StaleNodeHandler (StaleNodeHandler.java:onMessage(58)) - Datanode cebffdd8-c119-4a21-bd71-c9ab06d21a65{ip: 192.168.34.61, host: pr-hdds-2280-982rn-3954796538, networkLocation: /default-rack, certSerialId: null} moved to stale state. Finalizing its pipelines [PipelineID=50787fab-d8a2-45f0-840b-abe78698d389, PipelineID=850deb90-eb19-4444-87e3-19a5b56a8be2]
2019-10-18 13:53:12,112 [EventQueue-StaleNodeForStaleNodeHandler] INFO  pipeline.SCMPipelineManager (SCMPipelineManager.java:finalizeAndDestroyPipeline(315)) - destroying pipeline:Pipeline[ Id: 50787fab-d8a2-45f0-840b-abe78698d389, Nodes: cebffdd8-c119-4a21-bd71-c9ab06d21a65{ip: 192.168.34.61, host: pr-hdds-2280-982rn-3954796538, networkLocation: /default-rack, certSerialId: null}, Type:RATIS, Factor:ONE, State:OPEN]
2019-10-18 13:53:12,112 [EventQueue-StaleNodeForStaleNodeHandler] INFO  pipeline.PipelineStateManager (PipelineStateManager.java:finalizePipeline(123)) - Pipeline Pipeline[ Id: 50787fab-d8a2-45f0-840b-abe78698d389, Nodes: cebffdd8-c119-4a21-bd71-c9ab06d21a65{ip: 192.168.34.61, host: pr-hdds-2280-982rn-3954796538, networkLocation: /default-rack, certSerialId: null}, Type:RATIS, Factor:ONE, State:CLOSED] moved to CLOSED state
2019-10-18 13:53:12,113 [EventQueue-StaleNodeForStaleNodeHandler] INFO  pipeline.SCMPipelineManager (SCMPipelineManager.java:finalizeAndDestroyPipeline(315)) - destroying pipeline:Pipeline[ Id: 850deb90-eb19-4444-87e3-19a5b56a8be2, Nodes: 4e558b94-7600-4ed0-a419-bb082f43a5e2{ip: 192.168.34.61, host: pr-hdds-2280-982rn-3954796538, networkLocation: /default-rack, certSerialId: null}cebffdd8-c119-4a21-bd71-c9ab06d21a65{ip: 192.168.34.61, host: pr-hdds-2280-982rn-3954796538, networkLocation: /default-rack, certSerialId: null}766a15ca-6d28-424b-ad9e-89b48d3f1885{ip: 192.168.34.61, host: pr-hdds-2280-982rn-3954796538, networkLocation: /default-rack, certSerialId: null}, Type:RATIS, Factor:THREE, State:CLOSED]
2019-10-18 13:53:12,211 [EventQueue-StaleNodeForStaleNodeHandler] INFO  node.StaleNodeHandler (StaleNodeHandler.java:onMessage(58)) - Datanode 5e7383bb-fda8-40e7-8145-d7b46255a358{ip: 192.168.34.61, host: pr-hdds-2280-982rn-3954796538, networkLocation: /default-rack, certSerialId: null} moved to stale state. Finalizing its pipelines [PipelineID=f523abe9-c2c0-48b0-b864-3cbb7e8cc148, PipelineID=8a98ae06-7dbd-4ca7-b8e0-2ce223b428db]
2019-10-18 13:53:12,211 [EventQueue-StaleNodeForStaleNodeHandler] INFO  pipeline.SCMPipelineManager (SCMPipelineManager.java:finalizeAndDestroyPipeline(315)) - destroying pipeline:Pipeline[ Id: f523abe9-c2c0-48b0-b864-3cbb7e8cc148, Nodes: 5e7383bb-fda8-40e7-8145-d7b46255a358{ip: 192.168.34.61, host: pr-hdds-2280-982rn-3954796538, networkLocation: /default-rack, certSerialId: null}, Type:RATIS, Factor:ONE, State:OPEN]
2019-10-18 13:53:12,211 [EventQueue-StaleNodeForStaleNodeHandler] INFO  pipeline.PipelineStateManager (PipelineStateManager.java:finalizePipeline(123)) - Pipeline Pipeline[ Id: f523abe9-c2c0-48b0-b864-3cbb7e8cc148, Nodes: 5e7383bb-fda8-40e7-8145-d7b46255a358{ip: 192.168.34.61, host: pr-hdds-2280-982rn-3954796538, networkLocation: /default-rack, certSerialId: null}, Type:RATIS, Factor:ONE, State:CLOSED] moved to CLOSED state
2019-10-18 13:53:12,211 [EventQueue-StaleNodeForStaleNodeHandler] INFO  pipeline.SCMPipelineManager (SCMPipelineManager.java:finalizeAndDestroyPipeline(315)) - destroying pipeline:Pipeline[ Id: 8a98ae06-7dbd-4ca7-b8e0-2ce223b428db, Nodes: 9428a45a-07e9-49d7-b31a-f311eec9e72b{ip: 192.168.34.61, host: pr-hdds-2280-982rn-3954796538, networkLocation: /default-rack, certSerialId: null}5e7383bb-fda8-40e7-8145-d7b46255a358{ip: 192.168.34.61, host: pr-hdds-2280-982rn-3954796538, networkLocation: /default-rack, certSerialId: null}c22dcba3-59d1-4fc8-9c25-9292db9117bd{ip: 192.168.34.61, host: pr-hdds-2280-982rn-3954796538, networkLocation: /default-rack, certSerialId: null}, Type:RATIS, Factor:THREE, State:CLOSED]
2019-10-18 13:53:12,731 [grpc-default-executor-5] WARN  server.GrpcLogAppender (LogUtils.java:warn(134)) - 766a15ca-6d28-424b-ad9e-89b48d3f1885@group-19A5B56A8BE2->4e558b94-7600-4ed0-a419-bb082f43a5e2-AppendLogResponseHandler: Failed appendEntries: org.apache.ratis.thirdparty.io.grpc.StatusRuntimeException: UNAVAILABLE: io exception
2019-10-18 13:53:12,735 [grpc-default-executor-5] INFO  impl.FollowerInfo (FollowerInfo.java:lambda$new$0(51)) - 766a15ca-6d28-424b-ad9e-89b48d3f1885@group-19A5B56A8BE2->4e558b94-7600-4ed0-a419-bb082f43a5e2: nextIndex: updateUnconditionally 14 -> 13
2019-10-18 13:53:12,865 [ForkJoinPool.commonPool-worker-0] INFO  ozoneimpl.OzoneContainer (OzoneContainer.java:stop(227)) - Attempting to stop container services.
2019-10-18 13:53:12,867 [ForkJoinPool.commonPool-worker-0] INFO  impl.RaftServerProxy (RaftServerProxy.java:lambda$close$4(314)) - cebffdd8-c119-4a21-bd71-c9ab06d21a65: close
2019-10-18 13:53:12,867 [ForkJoinPool.commonPool-worker-0] INFO  impl.RaftServerImpl (RaftServerImpl.java:lambda$shutdown$3(247)) - cebffdd8-c119-4a21-bd71-c9ab06d21a65@group-ABE78698D389: shutdown
2019-10-18 13:53:12,867 [ForkJoinPool.commonPool-worker-0] INFO  util.JmxRegister (JmxRegister.java:unregister(73)) - Successfully un-registered JMX Bean with object name Ratis:service=RaftServer,group=group-ABE78698D389,id=cebffdd8-c119-4a21-bd71-c9ab06d21a65
2019-10-18 13:53:12,868 [ForkJoinPool.commonPool-worker-0] INFO  impl.RoleInfo (RoleInfo.java:shutdownLeaderState(104)) - cebffdd8-c119-4a21-bd71-c9ab06d21a65: shutdown LeaderState
2019-10-18 13:53:12,868 [ForkJoinPool.commonPool-worker-0] INFO  impl.PendingRequests (PendingRequests.java:sendNotLeaderResponses(202)) - cebffdd8-c119-4a21-bd71-c9ab06d21a65@group-ABE78698D389-PendingRequests: sendNotLeaderResponses
2019-10-18 13:53:12,868 [ForkJoinPool.commonPool-worker-0] INFO  impl.StateMachineUpdater (StateMachineUpdater.java:stopAndJoin(136)) - cebffdd8-c119-4a21-bd71-c9ab06d21a65@group-ABE78698D389-StateMachineUpdater: set stopIndex = 0
2019-10-18 13:53:12,868 [ForkJoinPool.commonPool-worker-0] INFO  impl.RaftServerImpl (ServerState.java:close(387)) - cebffdd8-c119-4a21-bd71-c9ab06d21a65@group-ABE78698D389: closes. applyIndex: 0
2019-10-18 13:53:12,869 [cebffdd8-c119-4a21-bd71-c9ab06d21a65@group-ABE78698D389-SegmentedRaftLogWorker] INFO  segmented.SegmentedRaftLogWorker (SegmentedRaftLogWorker.java:run(316)) - cebffdd8-c119-4a21-bd71-c9ab06d21a65@group-ABE78698D389-SegmentedRaftLogWorker was interrupted, exiting. There are 0 tasks remaining in the queue.
2019-10-18 13:53:12,870 [ForkJoinPool.commonPool-worker-0] INFO  segmented.SegmentedRaftLogWorker (SegmentedRaftLogWorker.java:close(224)) - cebffdd8-c119-4a21-bd71-c9ab06d21a65@group-ABE78698D389-SegmentedRaftLogWorker close()
2019-10-18 13:53:12,872 [ForkJoinPool.commonPool-worker-0] INFO  impl.RaftServerImpl (RaftServerImpl.java:lambda$shutdown$3(247)) - cebffdd8-c119-4a21-bd71-c9ab06d21a65@group-19A5B56A8BE2: shutdown
2019-10-18 13:53:12,872 [ForkJoinPool.commonPool-worker-0] INFO  util.JmxRegister (JmxRegister.java:unregister(73)) - Successfully un-registered JMX Bean with object name Ratis:service=RaftServer,group=group-19A5B56A8BE2,id=cebffdd8-c119-4a21-bd71-c9ab06d21a65
2019-10-18 13:53:12,872 [ForkJoinPool.commonPool-worker-0] INFO  impl.RoleInfo (RoleInfo.java:shutdownFollowerState(121)) - cebffdd8-c119-4a21-bd71-c9ab06d21a65: shutdown FollowerState
2019-10-18 13:53:12,872 [ForkJoinPool.commonPool-worker-0] INFO  impl.StateMachineUpdater (StateMachineUpdater.java:stopAndJoin(136)) - cebffdd8-c119-4a21-bd71-c9ab06d21a65@group-19A5B56A8BE2-StateMachineUpdater: set stopIndex = 16
2019-10-18 13:53:12,873 [Thread-3148] INFO  impl.FollowerState (FollowerState.java:run(117)) - cebffdd8-c119-4a21-bd71-c9ab06d21a65@group-19A5B56A8BE2-FollowerState was interrupted: java.lang.InterruptedException: sleep interrupted
2019-10-18 13:53:12,874 [cebffdd8-c119-4a21-bd71-c9ab06d21a65@group-19A5B56A8BE2-StateMachineUpdater] INFO  ratis.ContainerStateMachine (ContainerStateMachine.java:takeSnapshot(294)) - group-19A5B56A8BE2: Taking a snapshot at:(t:1, i:15) file /workdir/hadoop-ozone/integration-test/target/test-dir/MiniOzoneClusterImpl-6e28672b-ea3d-42bc-af55-882c331ed2d2/datanode-0/data/ratis/850deb90-eb19-4444-87e3-19a5b56a8be2/sm/snapshot.1_15
2019-10-18 13:53:12,889 [main] INFO  ozoneimpl.OzoneContainer (OzoneContainer.java:stop(227)) - Attempting to stop container services.
2019-10-18 13:53:12,889 [main] INFO  impl.RaftServerProxy (RaftServerProxy.java:lambda$close$4(314)) - 5e7383bb-fda8-40e7-8145-d7b46255a358: close
2019-10-18 13:53:12,889 [main] INFO  impl.RaftServerImpl (RaftServerImpl.java:lambda$shutdown$3(247)) - 5e7383bb-fda8-40e7-8145-d7b46255a358@group-3CBB7E8CC148: shutdown
2019-10-18 13:53:12,890 [main] INFO  util.JmxRegister (JmxRegister.java:unregister(73)) - Successfully un-registered JMX Bean with object name Ratis:service=RaftServer,group=group-3CBB7E8CC148,id=5e7383bb-fda8-40e7-8145-d7b46255a358
2019-10-18 13:53:12,890 [main] INFO  impl.RoleInfo (RoleInfo.java:shutdownLeaderState(104)) - 5e7383bb-fda8-40e7-8145-d7b46255a358: shutdown LeaderState
2019-10-18 13:53:12,890 [main] INFO  impl.PendingRequests (PendingRequests.java:sendNotLeaderResponses(202)) - 5e7383bb-fda8-40e7-8145-d7b46255a358@group-3CBB7E8CC148-PendingRequests: sendNotLeaderResponses
2019-10-18 13:53:12,890 [main] INFO  impl.StateMachineUpdater (StateMachineUpdater.java:stopAndJoin(136)) - 5e7383bb-fda8-40e7-8145-d7b46255a358@group-3CBB7E8CC148-StateMachineUpdater: set stopIndex = 0
2019-10-18 13:53:12,891 [main] INFO  impl.RaftServerImpl (ServerState.java:close(387)) - 5e7383bb-fda8-40e7-8145-d7b46255a358@group-3CBB7E8CC148: closes. applyIndex: 0
2019-10-18 13:53:12,891 [5e7383bb-fda8-40e7-8145-d7b46255a358@group-3CBB7E8CC148-SegmentedRaftLogWorker] INFO  segmented.SegmentedRaftLogWorker (SegmentedRaftLogWorker.java:run(316)) - 5e7383bb-fda8-40e7-8145-d7b46255a358@group-3CBB7E8CC148-SegmentedRaftLogWorker was interrupted, exiting. There are 0 tasks remaining in the queue.
2019-10-18 13:53:12,896 [main] INFO  segmented.SegmentedRaftLogWorker (SegmentedRaftLogWorker.java:close(224)) - 5e7383bb-fda8-40e7-8145-d7b46255a358@group-3CBB7E8CC148-SegmentedRaftLogWorker close()
2019-10-18 13:53:12,898 [main] INFO  impl.RaftServerImpl (RaftServerImpl.java:lambda$shutdown$3(247)) - 5e7383bb-fda8-40e7-8145-d7b46255a358@group-2CE223B428DB: shutdown
2019-10-18 13:53:12,898 [main] INFO  util.JmxRegister (JmxRegister.java:unregister(73)) - Successfully un-registered JMX Bean with object name Ratis:service=RaftServer,group=group-2CE223B428DB,id=5e7383bb-fda8-40e7-8145-d7b46255a358
2019-10-18 13:53:12,898 [main] INFO  impl.RoleInfo (RoleInfo.java:shutdownFollowerState(121)) - 5e7383bb-fda8-40e7-8145-d7b46255a358: shutdown FollowerState
2019-10-18 13:53:12,899 [main] INFO  impl.StateMachineUpdater (StateMachineUpdater.java:stopAndJoin(136)) - 5e7383bb-fda8-40e7-8145-d7b46255a358@group-2CE223B428DB-StateMachineUpdater: set stopIndex = 27
2019-10-18 13:53:12,899 [5e7383bb-fda8-40e7-8145-d7b46255a358@group-2CE223B428DB-StateMachineUpdater] INFO  ratis.ContainerStateMachine (ContainerStateMachine.java:takeSnapshot(294)) - group-2CE223B428DB: Taking a snapshot at:(t:1, i:26) file /workdir/hadoop-ozone/integration-test/target/test-dir/MiniOzoneClusterImpl-6e28672b-ea3d-42bc-af55-882c331ed2d2/datanode-3/data/ratis/8a98ae06-7dbd-4ca7-b8e0-2ce223b428db/sm/snapshot.1_26
2019-10-18 13:53:12,899 [Thread-3166] INFO  impl.FollowerState (FollowerState.java:run(117)) - 5e7383bb-fda8-40e7-8145-d7b46255a358@group-2CE223B428DB-FollowerState was interrupted: java.lang.InterruptedException: sleep interrupted
2019-10-18 13:53:12,918 [cebffdd8-c119-4a21-bd71-c9ab06d21a65@group-19A5B56A8BE2-StateMachineUpdater] INFO  ratis.ContainerStateMachine (ContainerStateMachine.java:takeSnapshot(305)) - group-19A5B56A8BE2: Finished taking a snapshot at:(t:1, i:15) file:/workdir/hadoop-ozone/integration-test/target/test-dir/MiniOzoneClusterImpl-6e28672b-ea3d-42bc-af55-882c331ed2d2/datanode-0/data/ratis/850deb90-eb19-4444-87e3-19a5b56a8be2/sm/snapshot.1_15 time:44
2019-10-18 13:53:12,918 [cebffdd8-c119-4a21-bd71-c9ab06d21a65@group-19A5B56A8BE2-StateMachineUpdater] INFO  impl.StateMachineUpdater (StateMachineUpdater.java:takeSnapshot(269)) - cebffdd8-c119-4a21-bd71-c9ab06d21a65@group-19A5B56A8BE2-StateMachineUpdater: Took a snapshot at index 15
2019-10-18 13:53:12,918 [cebffdd8-c119-4a21-bd71-c9ab06d21a65@group-19A5B56A8BE2-StateMachineUpdater] INFO  impl.StateMachineUpdater (StateMachineUpdater.java:lambda$new$0(84)) - cebffdd8-c119-4a21-bd71-c9ab06d21a65@group-19A5B56A8BE2-StateMachineUpdater: snapshotIndex: updateIncreasingly -1 -> 15
2019-10-18 13:53:12,918 [cebffdd8-c119-4a21-bd71-c9ab06d21a65@group-19A5B56A8BE2-StateMachineUpdater] INFO  ratis.ContainerStateMachine (ContainerStateMachine.java:takeSnapshot(294)) - group-19A5B56A8BE2: Taking a snapshot at:(t:1, i:15) file /workdir/hadoop-ozone/integration-test/target/test-dir/MiniOzoneClusterImpl-6e28672b-ea3d-42bc-af55-882c331ed2d2/datanode-0/data/ratis/850deb90-eb19-4444-87e3-19a5b56a8be2/sm/snapshot.1_15
2019-10-18 13:53:12,955 [5e7383bb-fda8-40e7-8145-d7b46255a358@group-2CE223B428DB-StateMachineUpdater] INFO  ratis.ContainerStateMachine (ContainerStateMachine.java:takeSnapshot(305)) - group-2CE223B428DB: Finished taking a snapshot at:(t:1, i:26) file:/workdir/hadoop-ozone/integration-test/target/test-dir/MiniOzoneClusterImpl-6e28672b-ea3d-42bc-af55-882c331ed2d2/datanode-3/data/ratis/8a98ae06-7dbd-4ca7-b8e0-2ce223b428db/sm/snapshot.1_26 time:56
2019-10-18 13:53:12,955 [5e7383bb-fda8-40e7-8145-d7b46255a358@group-2CE223B428DB-StateMachineUpdater] INFO  impl.StateMachineUpdater (StateMachineUpdater.java:takeSnapshot(269)) - 5e7383bb-fda8-40e7-8145-d7b46255a358@group-2CE223B428DB-StateMachineUpdater: Took a snapshot at index 26
2019-10-18 13:53:12,955 [5e7383bb-fda8-40e7-8145-d7b46255a358@group-2CE223B428DB-StateMachineUpdater] INFO  impl.StateMachineUpdater (StateMachineUpdater.java:lambda$new$0(84)) - 5e7383bb-fda8-40e7-8145-d7b46255a358@group-2CE223B428DB-StateMachineUpdater: snapshotIndex: updateIncreasingly -1 -> 26
2019-10-18 13:53:12,956 [5e7383bb-fda8-40e7-8145-d7b46255a358@group-2CE223B428DB-StateMachineUpdater] INFO  ratis.ContainerStateMachine (ContainerStateMachine.java:takeSnapshot(294)) - group-2CE223B428DB: Taking a snapshot at:(t:1, i:26) file /workdir/hadoop-ozone/integration-test/target/test-dir/MiniOzoneClusterImpl-6e28672b-ea3d-42bc-af55-882c331ed2d2/datanode-3/data/ratis/8a98ae06-7dbd-4ca7-b8e0-2ce223b428db/sm/snapshot.1_26
2019-10-18 13:53:12,999 [cebffdd8-c119-4a21-bd71-c9ab06d21a65@group-19A5B56A8BE2-StateMachineUpdater] INFO  ratis.ContainerStateMachine (ContainerStateMachine.java:takeSnapshot(305)) - group-19A5B56A8BE2: Finished taking a snapshot at:(t:1, i:15) file:/workdir/hadoop-ozone/integration-test/target/test-dir/MiniOzoneClusterImpl-6e28672b-ea3d-42bc-af55-882c331ed2d2/datanode-0/data/ratis/850deb90-eb19-4444-87e3-19a5b56a8be2/sm/snapshot.1_15 time:80
2019-10-18 13:53:12,999 [cebffdd8-c119-4a21-bd71-c9ab06d21a65@group-19A5B56A8BE2-StateMachineUpdater] INFO  impl.StateMachineUpdater (StateMachineUpdater.java:takeSnapshot(269)) - cebffdd8-c119-4a21-bd71-c9ab06d21a65@group-19A5B56A8BE2-StateMachineUpdater: Took a snapshot at index 15
2019-10-18 13:53:12,999 [cebffdd8-c119-4a21-bd71-c9ab06d21a65@group-19A5B56A8BE2-StateMachineUpdater] INFO  impl.StateMachineUpdater (StateMachineUpdater.java:lambda$new$0(84)) - cebffdd8-c119-4a21-bd71-c9ab06d21a65@group-19A5B56A8BE2-StateMachineUpdater: snapshotIndex: updateIncreasingly 15 -> 15
2019-10-18 13:53:13,000 [ForkJoinPool.commonPool-worker-0] INFO  impl.RaftServerImpl (ServerState.java:close(387)) - cebffdd8-c119-4a21-bd71-c9ab06d21a65@group-19A5B56A8BE2: closes. applyIndex: 16
2019-10-18 13:53:13,000 [cebffdd8-c119-4a21-bd71-c9ab06d21a65@group-19A5B56A8BE2-SegmentedRaftLogWorker] INFO  segmented.SegmentedRaftLogWorker (SegmentedRaftLogWorker.java:run(316)) - cebffdd8-c119-4a21-bd71-c9ab06d21a65@group-19A5B56A8BE2-SegmentedRaftLogWorker was interrupted, exiting. There are 0 tasks remaining in the queue.
2019-10-18 13:53:13,018 [ForkJoinPool.commonPool-worker-0] INFO  segmented.SegmentedRaftLogWorker (SegmentedRaftLogWorker.java:close(224)) - cebffdd8-c119-4a21-bd71-c9ab06d21a65@group-19A5B56A8BE2-SegmentedRaftLogWorker close()
2019-10-18 13:53:13,022 [ForkJoinPool.commonPool-worker-0] INFO  server.GrpcService (GrpcService.java:closeImpl(164)) - cebffdd8-c119-4a21-bd71-c9ab06d21a65: shutdown server with port 41016 now
2019-10-18 13:53:13,023 [grpc-default-executor-5] WARN  server.GrpcServerProtocolService (LogUtils.java:warn(134)) - cebffdd8-c119-4a21-bd71-c9ab06d21a65: installSnapshot onError, lastRequest: 766a15ca-6d28-424b-ad9e-89b48d3f1885->cebffdd8-c119-4a21-bd71-c9ab06d21a65#23-t1, previous=(t:1, i:16), leaderCommit=16, initializing? false, entries: <empty>: org.apache.ratis.thirdparty.io.grpc.StatusRuntimeException: CANCELLED: cancelled before receiving half close
2019-10-18 13:53:13,023 [ForkJoinPool.commonPool-worker-0] INFO  server.GrpcService (GrpcService.java:closeImpl(172)) - cebffdd8-c119-4a21-bd71-c9ab06d21a65: shutdown server with port 41016 successfully
2019-10-18 13:53:13,023 [grpc-default-executor-7] WARN  server.GrpcLogAppender (LogUtils.java:warn(134)) - 766a15ca-6d28-424b-ad9e-89b48d3f1885@group-19A5B56A8BE2->cebffdd8-c119-4a21-bd71-c9ab06d21a65-AppendLogResponseHandler: Failed appendEntries: org.apache.ratis.thirdparty.io.grpc.StatusRuntimeException: CANCELLED: HTTP/2 error code: CANCEL
Received Rst Stream
2019-10-18 13:53:13,024 [grpc-default-executor-7] INFO  impl.FollowerInfo (FollowerInfo.java:lambda$new$0(51)) - 766a15ca-6d28-424b-ad9e-89b48d3f1885@group-19A5B56A8BE2->cebffdd8-c119-4a21-bd71-c9ab06d21a65: nextIndex: updateUnconditionally 17 -> 16
2019-10-18 13:53:13,026 [refreshUsed-/workdir/hadoop-ozone/integration-test/target/test-dir/MiniOzoneClusterImpl-6e28672b-ea3d-42bc-af55-882c331ed2d2/datanode-0/data/containers] WARN  fs.CachingGetSpaceUsed (CachingGetSpaceUsed.java:run(183)) - Thread Interrupted waiting to refresh disk information: sleep interrupted
2019-10-18 13:53:13,031 [5e7383bb-fda8-40e7-8145-d7b46255a358@group-2CE223B428DB-StateMachineUpdater] INFO  ratis.ContainerStateMachine (ContainerStateMachine.java:takeSnapshot(305)) - group-2CE223B428DB: Finished taking a snapshot at:(t:1, i:26) file:/workdir/hadoop-ozone/integration-test/target/test-dir/MiniOzoneClusterImpl-6e28672b-ea3d-42bc-af55-882c331ed2d2/datanode-3/data/ratis/8a98ae06-7dbd-4ca7-b8e0-2ce223b428db/sm/snapshot.1_26 time:76
2019-10-18 13:53:13,032 [5e7383bb-fda8-40e7-8145-d7b46255a358@group-2CE223B428DB-StateMachineUpdater] INFO  impl.StateMachineUpdater (StateMachineUpdater.java:takeSnapshot(269)) - 5e7383bb-fda8-40e7-8145-d7b46255a358@group-2CE223B428DB-StateMachineUpdater: Took a snapshot at index 26
2019-10-18 13:53:13,032 [5e7383bb-fda8-40e7-8145-d7b46255a358@group-2CE223B428DB-StateMachineUpdater] INFO  impl.StateMachineUpdater (StateMachineUpdater.java:lambda$new$0(84)) - 5e7383bb-fda8-40e7-8145-d7b46255a358@group-2CE223B428DB-StateMachineUpdater: snapshotIndex: updateIncreasingly 26 -> 26
2019-10-18 13:53:13,032 [main] INFO  impl.RaftServerImpl (ServerState.java:close(387)) - 5e7383bb-fda8-40e7-8145-d7b46255a358@group-2CE223B428DB: closes. applyIndex: 27
2019-10-18 13:53:13,033 [5e7383bb-fda8-40e7-8145-d7b46255a358@group-2CE223B428DB-SegmentedRaftLogWorker] INFO  segmented.SegmentedRaftLogWorker (SegmentedRaftLogWorker.java:run(316)) - 5e7383bb-fda8-40e7-8145-d7b46255a358@group-2CE223B428DB-SegmentedRaftLogWorker was interrupted, exiting. There are 0 tasks remaining in the queue.
2019-10-18 13:53:13,035 [main] INFO  segmented.SegmentedRaftLogWorker (SegmentedRaftLogWorker.java:close(224)) - 5e7383bb-fda8-40e7-8145-d7b46255a358@group-2CE223B428DB-SegmentedRaftLogWorker close()
2019-10-18 13:53:13,045 [main] INFO  server.GrpcService (GrpcService.java:closeImpl(164)) - 5e7383bb-fda8-40e7-8145-d7b46255a358: shutdown server with port 37118 now
2019-10-18 13:53:13,046 [main] INFO  server.GrpcService (GrpcService.java:closeImpl(172)) - 5e7383bb-fda8-40e7-8145-d7b46255a358: shutdown server with port 37118 successfully
2019-10-18 13:53:13,054 [refreshUsed-/workdir/hadoop-ozone/integration-test/target/test-dir/MiniOzoneClusterImpl-6e28672b-ea3d-42bc-af55-882c331ed2d2/datanode-3/data/containers] WARN  fs.CachingGetSpaceUsed (CachingGetSpaceUsed.java:run(183)) - Thread Interrupted waiting to refresh disk information: sleep interrupted
2019-10-18 13:53:13,060 [ForkJoinPool.commonPool-worker-0] INFO  utils.BackgroundService (BackgroundService.java:shutdown(151)) - Shutting down service BlockDeletingService
2019-10-18 13:53:13,069 [ForkJoinPool.commonPool-worker-0] INFO  statemachine.DatanodeStateMachine (DatanodeStateMachine.java:stopDaemon(395)) - Ozone container server stopped.
2019-10-18 13:53:13,071 [main] INFO  utils.BackgroundService (BackgroundService.java:shutdown(151)) - Shutting down service BlockDeletingService
2019-10-18 13:53:13,073 [ForkJoinPool.commonPool-worker-0] INFO  handler.ContextHandler (ContextHandler.java:doStop(910)) - Stopped o.e.j.w.WebAppContext@76563ae7{/,null,UNAVAILABLE}{/hddsDatanode}
2019-10-18 13:53:13,074 [main] INFO  statemachine.DatanodeStateMachine (DatanodeStateMachine.java:stopDaemon(395)) - Ozone container server stopped.
2019-10-18 13:53:13,075 [ForkJoinPool.commonPool-worker-0] INFO  server.AbstractConnector (AbstractConnector.java:doStop(318)) - Stopped ServerConnector@4fd74223{HTTP/1.1,[http/1.1]}{0.0.0.0:0}
2019-10-18 13:53:13,075 [main] INFO  handler.ContextHandler (ContextHandler.java:doStop(910)) - Stopped o.e.j.w.WebAppContext@2d206a71{/,null,UNAVAILABLE}{/hddsDatanode}
2019-10-18 13:53:13,078 [ForkJoinPool.commonPool-worker-0] INFO  handler.ContextHandler (ContextHandler.java:doStop(910)) - Stopped o.e.j.s.ServletContextHandler@22cb3d59{/static,jar:file:/home/user/.m2/repository/org/apache/hadoop/hadoop-hdds-container-service/0.5.0-SNAPSHOT/hadoop-hdds-container-service-0.5.0-SNAPSHOT.jar!/webapps/static,UNAVAILABLE}
2019-10-18 13:53:13,088 [ForkJoinPool.commonPool-worker-0] INFO  handler.ContextHandler (ContextHandler.java:doStop(910)) - Stopped o.e.j.s.ServletContextHandler@28b8f98a{/logs,file:///workdir/hadoop-ozone/integration-test/target/log,UNAVAILABLE}
2019-10-18 13:53:13,088 [main] INFO  server.AbstractConnector (AbstractConnector.java:doStop(318)) - Stopped ServerConnector@37e7c4cc{HTTP/1.1,[http/1.1]}{0.0.0.0:0}
2019-10-18 13:53:13,089 [main] INFO  handler.ContextHandler (ContextHandler.java:doStop(910)) - Stopped o.e.j.s.ServletContextHandler@33eb0d4{/static,jar:file:/home/user/.m2/repository/org/apache/hadoop/hadoop-hdds-container-service/0.5.0-SNAPSHOT/hadoop-hdds-container-service-0.5.0-SNAPSHOT.jar!/webapps/static,UNAVAILABLE}
2019-10-18 13:53:13,090 [main] INFO  handler.ContextHandler (ContextHandler.java:doStop(910)) - Stopped o.e.j.s.ServletContextHandler@37d3e140{/logs,file:///workdir/hadoop-ozone/integration-test/target/log,UNAVAILABLE}
2019-10-18 13:53:13,359 [Datanode State Machine Thread - 0] INFO  statemachine.DatanodeStateMachine (DatanodeStateMachine.java:lambda$startDaemon$0(350)) - Ozone container server started.
2019-10-18 13:53:13,371 [Datanode State Machine Thread - 0] INFO  statemachine.DatanodeStateMachine (DatanodeStateMachine.java:lambda$startDaemon$0(350)) - Ozone container server started.
2019-10-18 13:53:15,232 [grpc-default-executor-5] WARN  server.GrpcLogAppender (LogUtils.java:warn(134)) - 766a15ca-6d28-424b-ad9e-89b48d3f1885@group-19A5B56A8BE2->4e558b94-7600-4ed0-a419-bb082f43a5e2-AppendLogResponseHandler: Failed appendEntries: org.apache.ratis.thirdparty.io.grpc.StatusRuntimeException: UNAVAILABLE: io exception
2019-10-18 13:53:15,232 [grpc-default-executor-5] INFO  impl.FollowerInfo (FollowerInfo.java:lambda$new$0(51)) - 766a15ca-6d28-424b-ad9e-89b48d3f1885@group-19A5B56A8BE2->4e558b94-7600-4ed0-a419-bb082f43a5e2: nextIndex: updateUnconditionally 13 -> 12
2019-10-18 13:53:15,237 [grpc-default-executor-5] WARN  server.GrpcLogAppender (LogUtils.java:warn(134)) - 766a15ca-6d28-424b-ad9e-89b48d3f1885@group-19A5B56A8BE2->cebffdd8-c119-4a21-bd71-c9ab06d21a65-AppendLogResponseHandler: Failed appendEntries: org.apache.ratis.thirdparty.io.grpc.StatusRuntimeException: UNAVAILABLE: io exception
2019-10-18 13:53:15,237 [grpc-default-executor-5] INFO  impl.FollowerInfo (FollowerInfo.java:lambda$new$0(51)) - 766a15ca-6d28-424b-ad9e-89b48d3f1885@group-19A5B56A8BE2->cebffdd8-c119-4a21-bd71-c9ab06d21a65: nextIndex: updateUnconditionally 16 -> 15
2019-10-18 13:53:17,416 [EventQueue-StaleNodeForStaleNodeHandler] INFO  node.StaleNodeHandler (StaleNodeHandler.java:onMessage(58)) - Datanode 766a15ca-6d28-424b-ad9e-89b48d3f1885{ip: 192.168.34.61, host: pr-hdds-2280-982rn-3954796538, networkLocation: /default-rack, certSerialId: null} moved to stale state. Finalizing its pipelines [PipelineID=2b3e5b6f-6d73-48a1-8c4c-c5a445df5aca, PipelineID=850deb90-eb19-4444-87e3-19a5b56a8be2]
2019-10-18 13:53:17,417 [EventQueue-StaleNodeForStaleNodeHandler] INFO  pipeline.SCMPipelineManager (SCMPipelineManager.java:finalizeAndDestroyPipeline(315)) - destroying pipeline:Pipeline[ Id: 2b3e5b6f-6d73-48a1-8c4c-c5a445df5aca, Nodes: 766a15ca-6d28-424b-ad9e-89b48d3f1885{ip: 192.168.34.61, host: pr-hdds-2280-982rn-3954796538, networkLocation: /default-rack, certSerialId: null}, Type:RATIS, Factor:ONE, State:OPEN]
2019-10-18 13:53:17,417 [EventQueue-StaleNodeForStaleNodeHandler] INFO  pipeline.PipelineStateManager (PipelineStateManager.java:finalizePipeline(123)) - Pipeline Pipeline[ Id: 2b3e5b6f-6d73-48a1-8c4c-c5a445df5aca, Nodes: 766a15ca-6d28-424b-ad9e-89b48d3f1885{ip: 192.168.34.61, host: pr-hdds-2280-982rn-3954796538, networkLocation: /default-rack, certSerialId: null}, Type:RATIS, Factor:ONE, State:CLOSED] moved to CLOSED state
2019-10-18 13:53:17,418 [EventQueue-StaleNodeForStaleNodeHandler] INFO  pipeline.SCMPipelineManager (SCMPipelineManager.java:finalizeAndDestroyPipeline(315)) - destroying pipeline:Pipeline[ Id: 850deb90-eb19-4444-87e3-19a5b56a8be2, Nodes: 4e558b94-7600-4ed0-a419-bb082f43a5e2{ip: 192.168.34.61, host: pr-hdds-2280-982rn-3954796538, networkLocation: /default-rack, certSerialId: null}cebffdd8-c119-4a21-bd71-c9ab06d21a65{ip: 192.168.34.61, host: pr-hdds-2280-982rn-3954796538, networkLocation: /default-rack, certSerialId: null}766a15ca-6d28-424b-ad9e-89b48d3f1885{ip: 192.168.34.61, host: pr-hdds-2280-982rn-3954796538, networkLocation: /default-rack, certSerialId: null}, Type:RATIS, Factor:THREE, State:CLOSED]
2019-10-18 13:53:17,418 [EventQueue-StaleNodeForStaleNodeHandler] INFO  node.StaleNodeHandler (StaleNodeHandler.java:onMessage(58)) - Datanode 6a9ecbe3-efc5-4382-a5d4-7a294f3e4515{ip: 192.168.34.61, host: pr-hdds-2280-982rn-3954796538, networkLocation: /default-rack, certSerialId: null} moved to stale state. Finalizing its pipelines [PipelineID=e6d91018-64d7-45b6-abb6-bf20279129de]
2019-10-18 13:53:17,418 [EventQueue-StaleNodeForStaleNodeHandler] INFO  pipeline.SCMPipelineManager (SCMPipelineManager.java:finalizeAndDestroyPipeline(315)) - destroying pipeline:Pipeline[ Id: e6d91018-64d7-45b6-abb6-bf20279129de, Nodes: 6a9ecbe3-efc5-4382-a5d4-7a294f3e4515{ip: 192.168.34.61, host: pr-hdds-2280-982rn-3954796538, networkLocation: /default-rack, certSerialId: null}, Type:RATIS, Factor:ONE, State:OPEN]
2019-10-18 13:53:17,418 [EventQueue-StaleNodeForStaleNodeHandler] INFO  pipeline.PipelineStateManager (PipelineStateManager.java:finalizePipeline(123)) - Pipeline Pipeline[ Id: e6d91018-64d7-45b6-abb6-bf20279129de, Nodes: 6a9ecbe3-efc5-4382-a5d4-7a294f3e4515{ip: 192.168.34.61, host: pr-hdds-2280-982rn-3954796538, networkLocation: /default-rack, certSerialId: null}, Type:RATIS, Factor:ONE, State:CLOSED] moved to CLOSED state
2019-10-18 13:53:17,736 [grpc-default-executor-8] WARN  server.GrpcLogAppender (LogUtils.java:warn(134)) - 766a15ca-6d28-424b-ad9e-89b48d3f1885@group-19A5B56A8BE2->4e558b94-7600-4ed0-a419-bb082f43a5e2-AppendLogResponseHandler: Failed appendEntries: org.apache.ratis.thirdparty.io.grpc.StatusRuntimeException: UNAVAILABLE: io exception
2019-10-18 13:53:17,739 [grpc-default-executor-8] INFO  impl.FollowerInfo (FollowerInfo.java:lambda$new$0(51)) - 766a15ca-6d28-424b-ad9e-89b48d3f1885@group-19A5B56A8BE2->4e558b94-7600-4ed0-a419-bb082f43a5e2: nextIndex: updateUnconditionally 12 -> 11
2019-10-18 13:53:17,740 [grpc-default-executor-5] WARN  server.GrpcLogAppender (LogUtils.java:warn(134)) - 766a15ca-6d28-424b-ad9e-89b48d3f1885@group-19A5B56A8BE2->cebffdd8-c119-4a21-bd71-c9ab06d21a65-AppendLogResponseHandler: Failed appendEntries: org.apache.ratis.thirdparty.io.grpc.StatusRuntimeException: UNAVAILABLE: io exception
2019-10-18 13:53:17,740 [grpc-default-executor-5] INFO  impl.FollowerInfo (FollowerInfo.java:lambda$new$0(51)) - 766a15ca-6d28-424b-ad9e-89b48d3f1885@group-19A5B56A8BE2->cebffdd8-c119-4a21-bd71-c9ab06d21a65: nextIndex: updateUnconditionally 15 -> 14
2019-10-18 13:53:18,090 [ForkJoinPool.commonPool-worker-0] INFO  ozoneimpl.OzoneContainer (OzoneContainer.java:stop(227)) - Attempting to stop container services.
2019-10-18 13:53:18,091 [main] INFO  ozoneimpl.OzoneContainer (OzoneContainer.java:stop(227)) - Attempting to stop container services.
2019-10-18 13:53:18,091 [ForkJoinPool.commonPool-worker-0] INFO  impl.RaftServerProxy (RaftServerProxy.java:lambda$close$4(314)) - 766a15ca-6d28-424b-ad9e-89b48d3f1885: close
2019-10-18 13:53:18,092 [main] INFO  impl.RaftServerProxy (RaftServerProxy.java:lambda$close$4(314)) - 6a9ecbe3-efc5-4382-a5d4-7a294f3e4515: close
2019-10-18 13:53:18,092 [ForkJoinPool.commonPool-worker-0] INFO  impl.RaftServerImpl (RaftServerImpl.java:lambda$shutdown$3(247)) - 766a15ca-6d28-424b-ad9e-89b48d3f1885@group-C5A445DF5ACA: shutdown
2019-10-18 13:53:18,092 [main] INFO  impl.RaftServerImpl (RaftServerImpl.java:lambda$shutdown$3(247)) - 6a9ecbe3-efc5-4382-a5d4-7a294f3e4515@group-BF20279129DE: shutdown
2019-10-18 13:53:18,092 [ForkJoinPool.commonPool-worker-0] INFO  util.JmxRegister (JmxRegister.java:unregister(73)) - Successfully un-registered JMX Bean with object name Ratis:service=RaftServer,group=group-C5A445DF5ACA,id=766a15ca-6d28-424b-ad9e-89b48d3f1885
2019-10-18 13:53:18,092 [main] INFO  util.JmxRegister (JmxRegister.java:unregister(73)) - Successfully un-registered JMX Bean with object name Ratis:service=RaftServer,group=group-BF20279129DE,id=6a9ecbe3-efc5-4382-a5d4-7a294f3e4515
2019-10-18 13:53:18,093 [ForkJoinPool.commonPool-worker-0] INFO  impl.RoleInfo (RoleInfo.java:shutdownLeaderState(104)) - 766a15ca-6d28-424b-ad9e-89b48d3f1885: shutdown LeaderState
2019-10-18 13:53:18,093 [main] INFO  impl.RoleInfo (RoleInfo.java:shutdownLeaderState(104)) - 6a9ecbe3-efc5-4382-a5d4-7a294f3e4515: shutdown LeaderState
2019-10-18 13:53:18,093 [ForkJoinPool.commonPool-worker-0] INFO  impl.PendingRequests (PendingRequests.java:sendNotLeaderResponses(202)) - 766a15ca-6d28-424b-ad9e-89b48d3f1885@group-C5A445DF5ACA-PendingRequests: sendNotLeaderResponses
2019-10-18 13:53:18,093 [main] INFO  impl.PendingRequests (PendingRequests.java:sendNotLeaderResponses(202)) - 6a9ecbe3-efc5-4382-a5d4-7a294f3e4515@group-BF20279129DE-PendingRequests: sendNotLeaderResponses
2019-10-18 13:53:18,094 [ForkJoinPool.commonPool-worker-0] INFO  impl.StateMachineUpdater (StateMachineUpdater.java:stopAndJoin(136)) - 766a15ca-6d28-424b-ad9e-89b48d3f1885@group-C5A445DF5ACA-StateMachineUpdater: set stopIndex = 0
2019-10-18 13:53:18,094 [main] INFO  impl.StateMachineUpdater (StateMachineUpdater.java:stopAndJoin(136)) - 6a9ecbe3-efc5-4382-a5d4-7a294f3e4515@group-BF20279129DE-StateMachineUpdater: set stopIndex = 0
2019-10-18 13:53:18,094 [ForkJoinPool.commonPool-worker-0] INFO  impl.RaftServerImpl (ServerState.java:close(387)) - 766a15ca-6d28-424b-ad9e-89b48d3f1885@group-C5A445DF5ACA: closes. applyIndex: 0
2019-10-18 13:53:18,094 [main] INFO  impl.RaftServerImpl (ServerState.java:close(387)) - 6a9ecbe3-efc5-4382-a5d4-7a294f3e4515@group-BF20279129DE: closes. applyIndex: 0
2019-10-18 13:53:18,095 [766a15ca-6d28-424b-ad9e-89b48d3f1885@group-C5A445DF5ACA-SegmentedRaftLogWorker] INFO  segmented.SegmentedRaftLogWorker (SegmentedRaftLogWorker.java:run(316)) - 766a15ca-6d28-424b-ad9e-89b48d3f1885@group-C5A445DF5ACA-SegmentedRaftLogWorker was interrupted, exiting. There are 0 tasks remaining in the queue.
2019-10-18 13:53:18,095 [6a9ecbe3-efc5-4382-a5d4-7a294f3e4515@group-BF20279129DE-SegmentedRaftLogWorker] INFO  segmented.SegmentedRaftLogWorker (SegmentedRaftLogWorker.java:run(316)) - 6a9ecbe3-efc5-4382-a5d4-7a294f3e4515@group-BF20279129DE-SegmentedRaftLogWorker was interrupted, exiting. There are 0 tasks remaining in the queue.
2019-10-18 13:53:18,115 [ForkJoinPool.commonPool-worker-0] INFO  segmented.SegmentedRaftLogWorker (SegmentedRaftLogWorker.java:close(224)) - 766a15ca-6d28-424b-ad9e-89b48d3f1885@group-C5A445DF5ACA-SegmentedRaftLogWorker close()
2019-10-18 13:53:18,115 [main] INFO  segmented.SegmentedRaftLogWorker (SegmentedRaftLogWorker.java:close(224)) - 6a9ecbe3-efc5-4382-a5d4-7a294f3e4515@group-BF20279129DE-SegmentedRaftLogWorker close()
2019-10-18 13:53:18,117 [ForkJoinPool.commonPool-worker-0] INFO  impl.RaftServerImpl (RaftServerImpl.java:lambda$shutdown$3(247)) - 766a15ca-6d28-424b-ad9e-89b48d3f1885@group-19A5B56A8BE2: shutdown
2019-10-18 13:53:18,118 [main] INFO  server.GrpcService (GrpcService.java:closeImpl(164)) - 6a9ecbe3-efc5-4382-a5d4-7a294f3e4515: shutdown server with port 43503 now
2019-10-18 13:53:18,118 [ForkJoinPool.commonPool-worker-0] INFO  util.JmxRegister (JmxRegister.java:unregister(73)) - Successfully un-registered JMX Bean with object name Ratis:service=RaftServer,group=group-19A5B56A8BE2,id=766a15ca-6d28-424b-ad9e-89b48d3f1885
2019-10-18 13:53:18,118 [ForkJoinPool.commonPool-worker-0] INFO  impl.RoleInfo (RoleInfo.java:shutdownLeaderState(104)) - 766a15ca-6d28-424b-ad9e-89b48d3f1885: shutdown LeaderState
2019-10-18 13:53:18,124 [main] INFO  server.GrpcService (GrpcService.java:closeImpl(172)) - 6a9ecbe3-efc5-4382-a5d4-7a294f3e4515: shutdown server with port 43503 successfully
2019-10-18 13:53:18,126 [org.apache.ratis.server.impl.LogAppender$AppenderDaemon$$Lambda$523/491808795@20a5f0a2] WARN  server.GrpcLogAppender (GrpcLogAppender.java:mayWait(143)) - 766a15ca-6d28-424b-ad9e-89b48d3f1885@group-19A5B56A8BE2->4e558b94-7600-4ed0-a419-bb082f43a5e2-GrpcLogAppender: Wait interrupted by java.lang.InterruptedException
2019-10-18 13:53:18,126 [org.apache.ratis.server.impl.LogAppender$AppenderDaemon$$Lambda$523/491808795@3725eaad] WARN  server.GrpcLogAppender (GrpcLogAppender.java:mayWait(143)) - 766a15ca-6d28-424b-ad9e-89b48d3f1885@group-19A5B56A8BE2->cebffdd8-c119-4a21-bd71-c9ab06d21a65-GrpcLogAppender: Wait interrupted by java.lang.InterruptedException
2019-10-18 13:53:18,126 [ForkJoinPool.commonPool-worker-0] INFO  impl.PendingRequests (PendingRequests.java:sendNotLeaderResponses(202)) - 766a15ca-6d28-424b-ad9e-89b48d3f1885@group-19A5B56A8BE2-PendingRequests: sendNotLeaderResponses
2019-10-18 13:53:18,129 [ForkJoinPool.commonPool-worker-0] INFO  impl.StateMachineUpdater (StateMachineUpdater.java:stopAndJoin(136)) - 766a15ca-6d28-424b-ad9e-89b48d3f1885@group-19A5B56A8BE2-StateMachineUpdater: set stopIndex = 16
2019-10-18 13:53:18,130 [766a15ca-6d28-424b-ad9e-89b48d3f1885@group-19A5B56A8BE2-StateMachineUpdater] INFO  ratis.ContainerStateMachine (ContainerStateMachine.java:takeSnapshot(294)) - group-19A5B56A8BE2: Taking a snapshot at:(t:1, i:16) file /workdir/hadoop-ozone/integration-test/target/test-dir/MiniOzoneClusterImpl-6e28672b-ea3d-42bc-af55-882c331ed2d2/datanode-6/data/ratis/850deb90-eb19-4444-87e3-19a5b56a8be2/sm/snapshot.1_16
2019-10-18 13:53:18,131 [refreshUsed-/workdir/hadoop-ozone/integration-test/target/test-dir/MiniOzoneClusterImpl-6e28672b-ea3d-42bc-af55-882c331ed2d2/datanode-5/data/containers] WARN  fs.CachingGetSpaceUsed (CachingGetSpaceUsed.java:run(183)) - Thread Interrupted waiting to refresh disk information: sleep interrupted
2019-10-18 13:53:18,145 [main] INFO  utils.BackgroundService (BackgroundService.java:shutdown(151)) - Shutting down service BlockDeletingService
2019-10-18 13:53:18,148 [main] INFO  statemachine.DatanodeStateMachine (DatanodeStateMachine.java:stopDaemon(395)) - Ozone container server stopped.
2019-10-18 13:53:18,149 [main] INFO  handler.ContextHandler (ContextHandler.java:doStop(910)) - Stopped o.e.j.w.WebAppContext@20cff21e{/,null,UNAVAILABLE}{/hddsDatanode}
2019-10-18 13:53:18,150 [main] INFO  server.AbstractConnector (AbstractConnector.java:doStop(318)) - Stopped ServerConnector@463045fb{HTTP/1.1,[http/1.1]}{0.0.0.0:0}
2019-10-18 13:53:18,150 [main] INFO  handler.ContextHandler (ContextHandler.java:doStop(910)) - Stopped o.e.j.s.ServletContextHandler@4b4969ea{/static,jar:file:/home/user/.m2/repository/org/apache/hadoop/hadoop-hdds-container-service/0.5.0-SNAPSHOT/hadoop-hdds-container-service-0.5.0-SNAPSHOT.jar!/webapps/static,UNAVAILABLE}
2019-10-18 13:53:18,151 [main] INFO  handler.ContextHandler (ContextHandler.java:doStop(910)) - Stopped o.e.j.s.ServletContextHandler@19a5b637{/logs,file:///workdir/hadoop-ozone/integration-test/target/log,UNAVAILABLE}
2019-10-18 13:53:18,156 [766a15ca-6d28-424b-ad9e-89b48d3f1885@group-19A5B56A8BE2-StateMachineUpdater] INFO  ratis.ContainerStateMachine (ContainerStateMachine.java:takeSnapshot(305)) - group-19A5B56A8BE2: Finished taking a snapshot at:(t:1, i:16) file:/workdir/hadoop-ozone/integration-test/target/test-dir/MiniOzoneClusterImpl-6e28672b-ea3d-42bc-af55-882c331ed2d2/datanode-6/data/ratis/850deb90-eb19-4444-87e3-19a5b56a8be2/sm/snapshot.1_16 time:26
2019-10-18 13:53:18,156 [766a15ca-6d28-424b-ad9e-89b48d3f1885@group-19A5B56A8BE2-StateMachineUpdater] INFO  impl.StateMachineUpdater (StateMachineUpdater.java:takeSnapshot(269)) - 766a15ca-6d28-424b-ad9e-89b48d3f1885@group-19A5B56A8BE2-StateMachineUpdater: Took a snapshot at index 16
2019-10-18 13:53:18,156 [766a15ca-6d28-424b-ad9e-89b48d3f1885@group-19A5B56A8BE2-StateMachineUpdater] INFO  impl.StateMachineUpdater (StateMachineUpdater.java:lambda$new$0(84)) - 766a15ca-6d28-424b-ad9e-89b48d3f1885@group-19A5B56A8BE2-StateMachineUpdater: snapshotIndex: updateIncreasingly -1 -> 16
2019-10-18 13:53:18,157 [ForkJoinPool.commonPool-worker-0] INFO  impl.RaftServerImpl (ServerState.java:close(387)) - 766a15ca-6d28-424b-ad9e-89b48d3f1885@group-19A5B56A8BE2: closes. applyIndex: 16
2019-10-18 13:53:18,157 [766a15ca-6d28-424b-ad9e-89b48d3f1885@group-19A5B56A8BE2-SegmentedRaftLogWorker] INFO  segmented.SegmentedRaftLogWorker (SegmentedRaftLogWorker.java:run(316)) - 766a15ca-6d28-424b-ad9e-89b48d3f1885@group-19A5B56A8BE2-SegmentedRaftLogWorker was interrupted, exiting. There are 0 tasks remaining in the queue.
2019-10-18 13:53:18,157 [ForkJoinPool.commonPool-worker-0] INFO  segmented.SegmentedRaftLogWorker (SegmentedRaftLogWorker.java:close(224)) - 766a15ca-6d28-424b-ad9e-89b48d3f1885@group-19A5B56A8BE2-SegmentedRaftLogWorker close()
2019-10-18 13:53:18,158 [ForkJoinPool.commonPool-worker-0] INFO  server.GrpcService (GrpcService.java:closeImpl(164)) - 766a15ca-6d28-424b-ad9e-89b48d3f1885: shutdown server with port 36275 now
2019-10-18 13:53:18,159 [grpc-default-executor-5] WARN  client.GrpcClientProtocolService (LogUtils.java:warn(134)) - 1-UnorderedRequestStreamObserver1: onError: org.apache.ratis.thirdparty.io.grpc.StatusRuntimeException: CANCELLED: cancelled before receiving half close
2019-10-18 13:53:18,159 [ForkJoinPool.commonPool-worker-0] INFO  server.GrpcService (GrpcService.java:closeImpl(172)) - 766a15ca-6d28-424b-ad9e-89b48d3f1885: shutdown server with port 36275 successfully
2019-10-18 13:53:18,160 [refreshUsed-/workdir/hadoop-ozone/integration-test/target/test-dir/MiniOzoneClusterImpl-6e28672b-ea3d-42bc-af55-882c331ed2d2/datanode-6/data/containers] WARN  fs.CachingGetSpaceUsed (CachingGetSpaceUsed.java:run(183)) - Thread Interrupted waiting to refresh disk information: sleep interrupted
2019-10-18 13:53:18,172 [ForkJoinPool.commonPool-worker-0] INFO  utils.BackgroundService (BackgroundService.java:shutdown(151)) - Shutting down service BlockDeletingService
2019-10-18 13:53:18,174 [ForkJoinPool.commonPool-worker-0] INFO  statemachine.DatanodeStateMachine (DatanodeStateMachine.java:stopDaemon(395)) - Ozone container server stopped.
2019-10-18 13:53:18,177 [ForkJoinPool.commonPool-worker-0] INFO  handler.ContextHandler (ContextHandler.java:doStop(910)) - Stopped o.e.j.w.WebAppContext@47058864{/,null,UNAVAILABLE}{/hddsDatanode}
2019-10-18 13:53:18,178 [ForkJoinPool.commonPool-worker-0] INFO  server.AbstractConnector (AbstractConnector.java:doStop(318)) - Stopped ServerConnector@ad3f70a{HTTP/1.1,[http/1.1]}{0.0.0.0:0}
2019-10-18 13:53:18,178 [ForkJoinPool.commonPool-worker-0] INFO  handler.ContextHandler (ContextHandler.java:doStop(910)) - Stopped o.e.j.s.ServletContextHandler@374ccb9{/static,jar:file:/home/user/.m2/repository/org/apache/hadoop/hadoop-hdds-container-service/0.5.0-SNAPSHOT/hadoop-hdds-container-service-0.5.0-SNAPSHOT.jar!/webapps/static,UNAVAILABLE}
2019-10-18 13:53:18,179 [ForkJoinPool.commonPool-worker-0] INFO  handler.ContextHandler (ContextHandler.java:doStop(910)) - Stopped o.e.j.s.ServletContextHandler@2c7c0e36{/logs,file:///workdir/hadoop-ozone/integration-test/target/log,UNAVAILABLE}
2019-10-18 13:53:18,180 [main] INFO  ozone.MiniOzoneClusterImpl (MiniOzoneClusterImpl.java:stopSCM(392)) - Stopping the StorageContainerManager
2019-10-18 13:53:18,180 [main] INFO  server.StorageContainerManager (StorageContainerManager.java:stop(810)) - Stopping Replication Manager Service.
2019-10-18 13:53:18,180 [main] INFO  container.ReplicationManager (ReplicationManager.java:stop(203)) - Stopping Replication Monitor Thread.
2019-10-18 13:53:18,180 [main] INFO  server.StorageContainerManager (StorageContainerManager.java:stop(817)) - Stopping Lease Manager of the command watchers
2019-10-18 13:53:18,181 [main] INFO  server.StorageContainerManager (StorageContainerManager.java:stop(824)) - Stopping datanode service RPC server
2019-10-18 13:53:18,181 [main] INFO  server.SCMDatanodeProtocolServer (SCMDatanodeProtocolServer.java:stop(346)) - Stopping the RPC server for DataNodes
2019-10-18 13:53:18,181 [main] INFO  ipc.Server (Server.java:stop(3082)) - Stopping server on 40376
2019-10-18 13:53:18,182 [IPC Server listener on 40376] INFO  ipc.Server (Server.java:run(1185)) - Stopping IPC Server listener on 40376
2019-10-18 13:53:18,183 [IPC Server Responder] INFO  ipc.Server (Server.java:run(1319)) - Stopping IPC Server Responder
2019-10-18 13:53:18,217 [SCM Heartbeat Processing Thread - 0] WARN  node.NodeStateManager (NodeStateManager.java:scheduleNextHealthCheck(646)) - Current Thread is interrupted, shutting down HB processing thread for Node Manager.
2019-10-18 13:53:18,217 [main] INFO  server.StorageContainerManager (StorageContainerManager.java:stop(832)) - Stopping block service RPC server
2019-10-18 13:53:18,217 [main] INFO  server.SCMBlockProtocolServer (SCMBlockProtocolServer.java:stop(155)) - Stopping the RPC server for Block Protocol
2019-10-18 13:53:18,217 [main] INFO  ipc.Server (Server.java:stop(3082)) - Stopping server on 43821
2019-10-18 13:53:18,219 [IPC Server listener on 43821] INFO  ipc.Server (Server.java:run(1185)) - Stopping IPC Server listener on 43821
2019-10-18 13:53:18,219 [main] INFO  server.StorageContainerManager (StorageContainerManager.java:stop(839)) - Stopping the StorageContainerLocationProtocol RPC server
2019-10-18 13:53:18,219 [IPC Server Responder] INFO  ipc.Server (Server.java:run(1319)) - Stopping IPC Server Responder
2019-10-18 13:53:18,219 [main] INFO  server.SCMClientProtocolServer (SCMClientProtocolServer.java:stop(168)) - Stopping the RPC server for Client Protocol
2019-10-18 13:53:18,220 [main] INFO  ipc.Server (Server.java:stop(3082)) - Stopping server on 42878
2019-10-18 13:53:18,222 [IPC Server listener on 42878] INFO  ipc.Server (Server.java:run(1185)) - Stopping IPC Server listener on 42878
2019-10-18 13:53:18,222 [main] INFO  server.StorageContainerManager (StorageContainerManager.java:stop(846)) - Stopping Storage Container Manager HTTP server.
2019-10-18 13:53:18,222 [IPC Server Responder] INFO  ipc.Server (Server.java:run(1319)) - Stopping IPC Server Responder
2019-10-18 13:53:18,223 [main] INFO  handler.ContextHandler (ContextHandler.java:doStop(910)) - Stopped o.e.j.w.WebAppContext@6380e9e9{/,null,UNAVAILABLE}{/scm}
2019-10-18 13:53:18,224 [main] INFO  server.AbstractConnector (AbstractConnector.java:doStop(318)) - Stopped ServerConnector@350da119{HTTP/1.1,[http/1.1]}{0.0.0.0:0}
2019-10-18 13:53:18,224 [main] INFO  handler.ContextHandler (ContextHandler.java:doStop(910)) - Stopped o.e.j.s.ServletContextHandler@76216830{/static,file:///workdir/hadoop-ozone/integration-test/target/test-classes/webapps/static,UNAVAILABLE}
2019-10-18 13:53:18,224 [main] INFO  handler.ContextHandler (ContextHandler.java:doStop(910)) - Stopped o.e.j.s.ServletContextHandler@1118d539{/logs,file:///workdir/hadoop-ozone/integration-test/target/log,UNAVAILABLE}
2019-10-18 13:53:18,225 [main] INFO  server.StorageContainerManager (StorageContainerManager.java:stop(857)) - Stopping Block Manager Service.
2019-10-18 13:53:18,225 [main] INFO  utils.BackgroundService (BackgroundService.java:shutdown(151)) - Shutting down service SCMBlockDeletingService
2019-10-18 13:53:18,225 [main] INFO  utils.BackgroundService (BackgroundService.java:shutdown(151)) - Shutting down service SCMBlockDeletingService
2019-10-18 13:53:18,225 [main] INFO  server.StorageContainerManager (StorageContainerManager.java:stop(879)) - Stopping SCM Event Queue.
2019-10-18 13:53:18,229 [main] INFO  impl.MetricsSystemImpl (MetricsSystemImpl.java:stop(210)) - Stopping HddsDatanode metrics system...
2019-10-18 13:53:18,247 [main] INFO  impl.MetricsSystemImpl (MetricsSystemImpl.java:stop(216)) - HddsDatanode metrics system stopped.
]]></system-out>
    <system-err><![CDATA[Oct 18, 2019 1:52:47 PM org.apache.ratis.thirdparty.io.grpc.internal.ManagedChannelOrphanWrapper$ManagedChannelReference cleanQueue
SEVERE: *~*~*~ Channel ManagedChannelImpl{logId=2948, target=192.168.34.61:43428} was not shutdown properly!!! ~*~*~*
    Make sure to call shutdown()/shutdownNow() and wait until awaitTermination() returns true.
java.lang.RuntimeException: ManagedChannel allocation site
	at org.apache.ratis.thirdparty.io.grpc.internal.ManagedChannelOrphanWrapper$ManagedChannelReference.<init>(ManagedChannelOrphanWrapper.java:103)
	at org.apache.ratis.thirdparty.io.grpc.internal.ManagedChannelOrphanWrapper.<init>(ManagedChannelOrphanWrapper.java:53)
	at org.apache.ratis.thirdparty.io.grpc.internal.ManagedChannelOrphanWrapper.<init>(ManagedChannelOrphanWrapper.java:44)
	at org.apache.ratis.thirdparty.io.grpc.internal.AbstractManagedChannelImplBuilder.build(AbstractManagedChannelImplBuilder.java:411)
	at org.apache.ratis.grpc.client.GrpcClientProtocolClient.<init>(GrpcClientProtocolClient.java:128)
	at org.apache.ratis.grpc.client.GrpcClientRpc.lambda$new$0(GrpcClientRpc.java:55)
	at org.apache.ratis.util.PeerProxyMap$PeerAndProxy.lambda$getProxy$0(PeerProxyMap.java:61)
	at org.apache.ratis.util.LifeCycle.startAndTransition(LifeCycle.java:202)
	at org.apache.ratis.util.PeerProxyMap$PeerAndProxy.getProxy(PeerProxyMap.java:60)
	at org.apache.ratis.util.PeerProxyMap.getProxy(PeerProxyMap.java:108)
	at org.apache.ratis.grpc.client.GrpcClientRpc.sendRequestAsync(GrpcClientRpc.java:66)
	at org.apache.ratis.client.impl.OrderedAsync.sendRequest(OrderedAsync.java:208)
	at org.apache.ratis.client.impl.OrderedAsync.sendRequestWithRetry(OrderedAsync.java:169)
	at org.apache.ratis.util.SlidingWindow$Client.sendOrDelayRequest(SlidingWindow.java:278)
	at org.apache.ratis.util.SlidingWindow$Client.submitNewRequest(SlidingWindow.java:257)
	at org.apache.ratis.client.impl.OrderedAsync.send(OrderedAsync.java:155)
	at org.apache.ratis.client.impl.RaftClientImpl.sendAsync(RaftClientImpl.java:144)
	at org.apache.ratis.client.impl.RaftClientImpl.sendAsync(RaftClientImpl.java:124)
	at org.apache.hadoop.hdds.scm.XceiverClientRatis.sendRequestAsync(XceiverClientRatis.java:236)
	at org.apache.hadoop.hdds.scm.XceiverClientRatis.sendCommandAsync(XceiverClientRatis.java:317)
	at org.apache.hadoop.hdds.scm.storage.ContainerProtocolCalls.writeChunkAsync(ContainerProtocolCalls.java:310)
	at org.apache.hadoop.hdds.scm.storage.BlockOutputStream.writeChunkToContainer(BlockOutputStream.java:604)
	at org.apache.hadoop.hdds.scm.storage.BlockOutputStream.writeChunk(BlockOutputStream.java:462)
	at org.apache.hadoop.hdds.scm.storage.BlockOutputStream.writeOnRetry(BlockOutputStream.java:284)
	at org.apache.hadoop.ozone.client.io.BlockOutputStreamEntry.writeOnRetry(BlockOutputStreamEntry.java:200)
	at org.apache.hadoop.ozone.client.io.KeyOutputStream.handleWrite(KeyOutputStream.java:206)
	at org.apache.hadoop.ozone.client.io.KeyOutputStream.handleRetry(KeyOutputStream.java:375)
	at org.apache.hadoop.ozone.client.io.KeyOutputStream.handleException(KeyOutputStream.java:324)
	at org.apache.hadoop.ozone.client.io.KeyOutputStream.handleFlushOrClose(KeyOutputStream.java:449)
	at org.apache.hadoop.ozone.client.io.KeyOutputStream.handleWrite(KeyOutputStream.java:232)
	at org.apache.hadoop.ozone.client.io.KeyOutputStream.write(KeyOutputStream.java:190)
	at org.apache.hadoop.ozone.client.io.OzoneOutputStream.write(OzoneOutputStream.java:49)
	at java.io.OutputStream.write(OutputStream.java:75)
	at org.apache.hadoop.ozone.client.rpc.TestBlockOutputStreamWithFailures.testWatchForCommitWithSingleNodeRatis(TestBlockOutputStreamWithFailures.java:885)
	at sun.reflect.NativeMethodAccessorImpl.invoke0(Native Method)
	at sun.reflect.NativeMethodAccessorImpl.invoke(NativeMethodAccessorImpl.java:62)
	at sun.reflect.DelegatingMethodAccessorImpl.invoke(DelegatingMethodAccessorImpl.java:43)
	at java.lang.reflect.Method.invoke(Method.java:498)
	at org.junit.runners.model.FrameworkMethod$1.runReflectiveCall(FrameworkMethod.java:47)
	at org.junit.internal.runners.model.ReflectiveCallable.run(ReflectiveCallable.java:12)
	at org.junit.runners.model.FrameworkMethod.invokeExplosively(FrameworkMethod.java:44)
	at org.junit.internal.runners.statements.InvokeMethod.evaluate(InvokeMethod.java:17)
	at org.junit.internal.runners.statements.RunBefores.evaluate(RunBefores.java:26)
	at org.junit.internal.runners.statements.RunAfters.evaluate(RunAfters.java:27)
	at org.junit.runners.ParentRunner.runLeaf(ParentRunner.java:271)
	at org.junit.runners.BlockJUnit4ClassRunner.runChild(BlockJUnit4ClassRunner.java:70)
	at org.junit.runners.BlockJUnit4ClassRunner.runChild(BlockJUnit4ClassRunner.java:50)
	at org.junit.runners.ParentRunner$3.run(ParentRunner.java:238)
	at org.junit.runners.ParentRunner$1.schedule(ParentRunner.java:63)
	at org.junit.runners.ParentRunner.runChildren(ParentRunner.java:236)
	at org.junit.runners.ParentRunner.access$000(ParentRunner.java:53)
	at org.junit.runners.ParentRunner$2.evaluate(ParentRunner.java:229)
	at org.junit.runners.ParentRunner.run(ParentRunner.java:309)
	at org.apache.maven.surefire.junit4.JUnit4Provider.execute(JUnit4Provider.java:365)
	at org.apache.maven.surefire.junit4.JUnit4Provider.executeWithRerun(JUnit4Provider.java:273)
	at org.apache.maven.surefire.junit4.JUnit4Provider.executeTestSet(JUnit4Provider.java:238)
	at org.apache.maven.surefire.junit4.JUnit4Provider.invoke(JUnit4Provider.java:159)
	at org.apache.maven.surefire.booter.ForkedBooter.invokeProviderInSameClassLoader(ForkedBooter.java:384)
	at org.apache.maven.surefire.booter.ForkedBooter.runSuitesInProcess(ForkedBooter.java:345)
	at org.apache.maven.surefire.booter.ForkedBooter.execute(ForkedBooter.java:126)
	at org.apache.maven.surefire.booter.ForkedBooter.main(ForkedBooter.java:418)

Oct 18, 2019 1:52:47 PM org.apache.ratis.thirdparty.io.grpc.internal.ManagedChannelOrphanWrapper$ManagedChannelReference cleanQueue
SEVERE: *~*~*~ Channel ManagedChannelImpl{logId=2753, target=192.168.34.61:37838} was not shutdown properly!!! ~*~*~*
    Make sure to call shutdown()/shutdownNow() and wait until awaitTermination() returns true.
java.lang.RuntimeException: ManagedChannel allocation site
	at org.apache.ratis.thirdparty.io.grpc.internal.ManagedChannelOrphanWrapper$ManagedChannelReference.<init>(ManagedChannelOrphanWrapper.java:103)
	at org.apache.ratis.thirdparty.io.grpc.internal.ManagedChannelOrphanWrapper.<init>(ManagedChannelOrphanWrapper.java:53)
	at org.apache.ratis.thirdparty.io.grpc.internal.ManagedChannelOrphanWrapper.<init>(ManagedChannelOrphanWrapper.java:44)
	at org.apache.ratis.thirdparty.io.grpc.internal.AbstractManagedChannelImplBuilder.build(AbstractManagedChannelImplBuilder.java:411)
	at org.apache.hadoop.hdds.scm.XceiverClientGrpc.connectToDatanode(XceiverClientGrpc.java:183)
	at org.apache.hadoop.hdds.scm.XceiverClientGrpc.reconnect(XceiverClientGrpc.java:434)
	at org.apache.hadoop.hdds.scm.XceiverClientGrpc.sendCommandAsync(XceiverClientGrpc.java:382)
	at org.apache.hadoop.hdds.scm.XceiverClientGrpc.sendCommandWithRetry(XceiverClientGrpc.java:295)
	at org.apache.hadoop.hdds.scm.XceiverClientGrpc.sendCommandWithTraceIDAndRetry(XceiverClientGrpc.java:259)
	at org.apache.hadoop.hdds.scm.XceiverClientGrpc.sendCommand(XceiverClientGrpc.java:242)
	at org.apache.hadoop.hdds.scm.storage.ContainerProtocolCalls.getBlock(ContainerProtocolCalls.java:118)
	at org.apache.hadoop.hdds.scm.storage.BlockInputStream.getChunkInfos(BlockInputStream.java:169)
	at org.apache.hadoop.hdds.scm.storage.BlockInputStream.initialize(BlockInputStream.java:118)
	at org.apache.hadoop.hdds.scm.storage.BlockInputStream.read(BlockInputStream.java:224)
	at org.apache.hadoop.ozone.client.io.KeyInputStream.read(KeyInputStream.java:173)
	at org.apache.hadoop.ozone.client.io.OzoneInputStream.read(OzoneInputStream.java:47)
	at java.io.InputStream.read(InputStream.java:101)
	at org.apache.hadoop.ozone.container.ContainerTestHelper.validateData(ContainerTestHelper.java:715)
	at org.apache.hadoop.ozone.client.rpc.TestBlockOutputStreamWithFailures.validateData(TestBlockOutputStreamWithFailures.java:1216)
	at org.apache.hadoop.ozone.client.rpc.TestBlockOutputStreamWithFailures.testDatanodeFailureWithSingleNodeRatis(TestBlockOutputStreamWithFailures.java:1058)
	at sun.reflect.NativeMethodAccessorImpl.invoke0(Native Method)
	at sun.reflect.NativeMethodAccessorImpl.invoke(NativeMethodAccessorImpl.java:62)
	at sun.reflect.DelegatingMethodAccessorImpl.invoke(DelegatingMethodAccessorImpl.java:43)
	at java.lang.reflect.Method.invoke(Method.java:498)
	at org.junit.runners.model.FrameworkMethod$1.runReflectiveCall(FrameworkMethod.java:47)
	at org.junit.internal.runners.model.ReflectiveCallable.run(ReflectiveCallable.java:12)
	at org.junit.runners.model.FrameworkMethod.invokeExplosively(FrameworkMethod.java:44)
	at org.junit.internal.runners.statements.InvokeMethod.evaluate(InvokeMethod.java:17)
	at org.junit.internal.runners.statements.RunBefores.evaluate(RunBefores.java:26)
	at org.junit.internal.runners.statements.RunAfters.evaluate(RunAfters.java:27)
	at org.junit.runners.ParentRunner.runLeaf(ParentRunner.java:271)
	at org.junit.runners.BlockJUnit4ClassRunner.runChild(BlockJUnit4ClassRunner.java:70)
	at org.junit.runners.BlockJUnit4ClassRunner.runChild(BlockJUnit4ClassRunner.java:50)
	at org.junit.runners.ParentRunner$3.run(ParentRunner.java:238)
	at org.junit.runners.ParentRunner$1.schedule(ParentRunner.java:63)
	at org.junit.runners.ParentRunner.runChildren(ParentRunner.java:236)
	at org.junit.runners.ParentRunner.access$000(ParentRunner.java:53)
	at org.junit.runners.ParentRunner$2.evaluate(ParentRunner.java:229)
	at org.junit.runners.ParentRunner.run(ParentRunner.java:309)
	at org.apache.maven.surefire.junit4.JUnit4Provider.execute(JUnit4Provider.java:365)
	at org.apache.maven.surefire.junit4.JUnit4Provider.executeWithRerun(JUnit4Provider.java:273)
	at org.apache.maven.surefire.junit4.JUnit4Provider.executeTestSet(JUnit4Provider.java:238)
	at org.apache.maven.surefire.junit4.JUnit4Provider.invoke(JUnit4Provider.java:159)
	at org.apache.maven.surefire.booter.ForkedBooter.invokeProviderInSameClassLoader(ForkedBooter.java:384)
	at org.apache.maven.surefire.booter.ForkedBooter.runSuitesInProcess(ForkedBooter.java:345)
	at org.apache.maven.surefire.booter.ForkedBooter.execute(ForkedBooter.java:126)
	at org.apache.maven.surefire.booter.ForkedBooter.main(ForkedBooter.java:418)

Oct 18, 2019 1:52:47 PM org.apache.ratis.thirdparty.io.grpc.internal.ManagedChannelOrphanWrapper$ManagedChannelReference cleanQueue
SEVERE: *~*~*~ Channel ManagedChannelImpl{logId=2758, target=192.168.34.61:46159} was not shutdown properly!!! ~*~*~*
    Make sure to call shutdown()/shutdownNow() and wait until awaitTermination() returns true.
java.lang.RuntimeException: ManagedChannel allocation site
	at org.apache.ratis.thirdparty.io.grpc.internal.ManagedChannelOrphanWrapper$ManagedChannelReference.<init>(ManagedChannelOrphanWrapper.java:103)
	at org.apache.ratis.thirdparty.io.grpc.internal.ManagedChannelOrphanWrapper.<init>(ManagedChannelOrphanWrapper.java:53)
	at org.apache.ratis.thirdparty.io.grpc.internal.ManagedChannelOrphanWrapper.<init>(ManagedChannelOrphanWrapper.java:44)
	at org.apache.ratis.thirdparty.io.grpc.internal.AbstractManagedChannelImplBuilder.build(AbstractManagedChannelImplBuilder.java:411)
	at org.apache.hadoop.hdds.scm.XceiverClientGrpc.connectToDatanode(XceiverClientGrpc.java:183)
	at org.apache.hadoop.hdds.scm.XceiverClientGrpc.reconnect(XceiverClientGrpc.java:434)
	at org.apache.hadoop.hdds.scm.XceiverClientGrpc.sendCommandAsync(XceiverClientGrpc.java:382)
	at org.apache.hadoop.hdds.scm.XceiverClientGrpc.sendCommandWithRetry(XceiverClientGrpc.java:295)
	at org.apache.hadoop.hdds.scm.XceiverClientGrpc.sendCommandWithTraceIDAndRetry(XceiverClientGrpc.java:259)
	at org.apache.hadoop.hdds.scm.XceiverClientGrpc.sendCommand(XceiverClientGrpc.java:242)
	at org.apache.hadoop.hdds.scm.storage.ContainerProtocolCalls.getBlock(ContainerProtocolCalls.java:118)
	at org.apache.hadoop.hdds.scm.storage.BlockInputStream.getChunkInfos(BlockInputStream.java:169)
	at org.apache.hadoop.hdds.scm.storage.BlockInputStream.initialize(BlockInputStream.java:118)
	at org.apache.hadoop.hdds.scm.storage.BlockInputStream.read(BlockInputStream.java:224)
	at org.apache.hadoop.ozone.client.io.KeyInputStream.read(KeyInputStream.java:173)
	at org.apache.hadoop.ozone.client.io.OzoneInputStream.read(OzoneInputStream.java:47)
	at java.io.InputStream.read(InputStream.java:101)
	at org.apache.hadoop.ozone.container.ContainerTestHelper.validateData(ContainerTestHelper.java:715)
	at org.apache.hadoop.ozone.client.rpc.TestBlockOutputStreamWithFailures.validateData(TestBlockOutputStreamWithFailures.java:1216)
	at org.apache.hadoop.ozone.client.rpc.TestBlockOutputStreamWithFailures.testDatanodeFailureWithSingleNodeRatis(TestBlockOutputStreamWithFailures.java:1058)
	at sun.reflect.NativeMethodAccessorImpl.invoke0(Native Method)
	at sun.reflect.NativeMethodAccessorImpl.invoke(NativeMethodAccessorImpl.java:62)
	at sun.reflect.DelegatingMethodAccessorImpl.invoke(DelegatingMethodAccessorImpl.java:43)
	at java.lang.reflect.Method.invoke(Method.java:498)
	at org.junit.runners.model.FrameworkMethod$1.runReflectiveCall(FrameworkMethod.java:47)
	at org.junit.internal.runners.model.ReflectiveCallable.run(ReflectiveCallable.java:12)
	at org.junit.runners.model.FrameworkMethod.invokeExplosively(FrameworkMethod.java:44)
	at org.junit.internal.runners.statements.InvokeMethod.evaluate(InvokeMethod.java:17)
	at org.junit.internal.runners.statements.RunBefores.evaluate(RunBefores.java:26)
	at org.junit.internal.runners.statements.RunAfters.evaluate(RunAfters.java:27)
	at org.junit.runners.ParentRunner.runLeaf(ParentRunner.java:271)
	at org.junit.runners.BlockJUnit4ClassRunner.runChild(BlockJUnit4ClassRunner.java:70)
	at org.junit.runners.BlockJUnit4ClassRunner.runChild(BlockJUnit4ClassRunner.java:50)
	at org.junit.runners.ParentRunner$3.run(ParentRunner.java:238)
	at org.junit.runners.ParentRunner$1.schedule(ParentRunner.java:63)
	at org.junit.runners.ParentRunner.runChildren(ParentRunner.java:236)
	at org.junit.runners.ParentRunner.access$000(ParentRunner.java:53)
	at org.junit.runners.ParentRunner$2.evaluate(ParentRunner.java:229)
	at org.junit.runners.ParentRunner.run(ParentRunner.java:309)
	at org.apache.maven.surefire.junit4.JUnit4Provider.execute(JUnit4Provider.java:365)
	at org.apache.maven.surefire.junit4.JUnit4Provider.executeWithRerun(JUnit4Provider.java:273)
	at org.apache.maven.surefire.junit4.JUnit4Provider.executeTestSet(JUnit4Provider.java:238)
	at org.apache.maven.surefire.junit4.JUnit4Provider.invoke(JUnit4Provider.java:159)
	at org.apache.maven.surefire.booter.ForkedBooter.invokeProviderInSameClassLoader(ForkedBooter.java:384)
	at org.apache.maven.surefire.booter.ForkedBooter.runSuitesInProcess(ForkedBooter.java:345)
	at org.apache.maven.surefire.booter.ForkedBooter.execute(ForkedBooter.java:126)
	at org.apache.maven.surefire.booter.ForkedBooter.main(ForkedBooter.java:418)

Oct 18, 2019 1:52:47 PM org.apache.ratis.thirdparty.io.grpc.internal.ManagedChannelOrphanWrapper$ManagedChannelReference cleanQueue
SEVERE: *~*~*~ Channel ManagedChannelImpl{logId=2953, target=192.168.34.61:44946} was not shutdown properly!!! ~*~*~*
    Make sure to call shutdown()/shutdownNow() and wait until awaitTermination() returns true.
java.lang.RuntimeException: ManagedChannel allocation site
	at org.apache.ratis.thirdparty.io.grpc.internal.ManagedChannelOrphanWrapper$ManagedChannelReference.<init>(ManagedChannelOrphanWrapper.java:103)
	at org.apache.ratis.thirdparty.io.grpc.internal.ManagedChannelOrphanWrapper.<init>(ManagedChannelOrphanWrapper.java:53)
	at org.apache.ratis.thirdparty.io.grpc.internal.ManagedChannelOrphanWrapper.<init>(ManagedChannelOrphanWrapper.java:44)
	at org.apache.ratis.thirdparty.io.grpc.internal.AbstractManagedChannelImplBuilder.build(AbstractManagedChannelImplBuilder.java:411)
	at org.apache.hadoop.hdds.scm.XceiverClientGrpc.connectToDatanode(XceiverClientGrpc.java:183)
	at org.apache.hadoop.hdds.scm.XceiverClientGrpc.reconnect(XceiverClientGrpc.java:434)
	at org.apache.hadoop.hdds.scm.XceiverClientGrpc.sendCommandAsync(XceiverClientGrpc.java:382)
	at org.apache.hadoop.hdds.scm.XceiverClientGrpc.sendCommandWithRetry(XceiverClientGrpc.java:295)
	at org.apache.hadoop.hdds.scm.XceiverClientGrpc.sendCommandWithTraceIDAndRetry(XceiverClientGrpc.java:259)
	at org.apache.hadoop.hdds.scm.XceiverClientGrpc.sendCommand(XceiverClientGrpc.java:242)
	at org.apache.hadoop.hdds.scm.storage.ContainerProtocolCalls.getBlock(ContainerProtocolCalls.java:118)
	at org.apache.hadoop.hdds.scm.storage.BlockInputStream.getChunkInfos(BlockInputStream.java:169)
	at org.apache.hadoop.hdds.scm.storage.BlockInputStream.initialize(BlockInputStream.java:118)
	at org.apache.hadoop.hdds.scm.storage.BlockInputStream.read(BlockInputStream.java:224)
	at org.apache.hadoop.ozone.client.io.KeyInputStream.read(KeyInputStream.java:173)
	at org.apache.hadoop.ozone.client.io.OzoneInputStream.read(OzoneInputStream.java:47)
	at java.io.InputStream.read(InputStream.java:101)
	at org.apache.hadoop.ozone.container.ContainerTestHelper.validateData(ContainerTestHelper.java:715)
	at org.apache.hadoop.ozone.client.rpc.TestBlockOutputStreamWithFailures.validateData(TestBlockOutputStreamWithFailures.java:1216)
	at org.apache.hadoop.ozone.client.rpc.TestBlockOutputStreamWithFailures.testWatchForCommitWithSingleNodeRatis(TestBlockOutputStreamWithFailures.java:918)
	at sun.reflect.NativeMethodAccessorImpl.invoke0(Native Method)
	at sun.reflect.NativeMethodAccessorImpl.invoke(NativeMethodAccessorImpl.java:62)
	at sun.reflect.DelegatingMethodAccessorImpl.invoke(DelegatingMethodAccessorImpl.java:43)
	at java.lang.reflect.Method.invoke(Method.java:498)
	at org.junit.runners.model.FrameworkMethod$1.runReflectiveCall(FrameworkMethod.java:47)
	at org.junit.internal.runners.model.ReflectiveCallable.run(ReflectiveCallable.java:12)
	at org.junit.runners.model.FrameworkMethod.invokeExplosively(FrameworkMethod.java:44)
	at org.junit.internal.runners.statements.InvokeMethod.evaluate(InvokeMethod.java:17)
	at org.junit.internal.runners.statements.RunBefores.evaluate(RunBefores.java:26)
	at org.junit.internal.runners.statements.RunAfters.evaluate(RunAfters.java:27)
	at org.junit.runners.ParentRunner.runLeaf(ParentRunner.java:271)
	at org.junit.runners.BlockJUnit4ClassRunner.runChild(BlockJUnit4ClassRunner.java:70)
	at org.junit.runners.BlockJUnit4ClassRunner.runChild(BlockJUnit4ClassRunner.java:50)
	at org.junit.runners.ParentRunner$3.run(ParentRunner.java:238)
	at org.junit.runners.ParentRunner$1.schedule(ParentRunner.java:63)
	at org.junit.runners.ParentRunner.runChildren(ParentRunner.java:236)
	at org.junit.runners.ParentRunner.access$000(ParentRunner.java:53)
	at org.junit.runners.ParentRunner$2.evaluate(ParentRunner.java:229)
	at org.junit.runners.ParentRunner.run(ParentRunner.java:309)
	at org.apache.maven.surefire.junit4.JUnit4Provider.execute(JUnit4Provider.java:365)
	at org.apache.maven.surefire.junit4.JUnit4Provider.executeWithRerun(JUnit4Provider.java:273)
	at org.apache.maven.surefire.junit4.JUnit4Provider.executeTestSet(JUnit4Provider.java:238)
	at org.apache.maven.surefire.junit4.JUnit4Provider.invoke(JUnit4Provider.java:159)
	at org.apache.maven.surefire.booter.ForkedBooter.invokeProviderInSameClassLoader(ForkedBooter.java:384)
	at org.apache.maven.surefire.booter.ForkedBooter.runSuitesInProcess(ForkedBooter.java:345)
	at org.apache.maven.surefire.booter.ForkedBooter.execute(ForkedBooter.java:126)
	at org.apache.maven.surefire.booter.ForkedBooter.main(ForkedBooter.java:418)

Oct 18, 2019 1:52:47 PM org.apache.ratis.thirdparty.io.grpc.internal.ManagedChannelOrphanWrapper$ManagedChannelReference cleanQueue
SEVERE: *~*~*~ Channel ManagedChannelImpl{logId=2958, target=192.168.34.61:42525} was not shutdown properly!!! ~*~*~*
    Make sure to call shutdown()/shutdownNow() and wait until awaitTermination() returns true.
java.lang.RuntimeException: ManagedChannel allocation site
	at org.apache.ratis.thirdparty.io.grpc.internal.ManagedChannelOrphanWrapper$ManagedChannelReference.<init>(ManagedChannelOrphanWrapper.java:103)
	at org.apache.ratis.thirdparty.io.grpc.internal.ManagedChannelOrphanWrapper.<init>(ManagedChannelOrphanWrapper.java:53)
	at org.apache.ratis.thirdparty.io.grpc.internal.ManagedChannelOrphanWrapper.<init>(ManagedChannelOrphanWrapper.java:44)
	at org.apache.ratis.thirdparty.io.grpc.internal.AbstractManagedChannelImplBuilder.build(AbstractManagedChannelImplBuilder.java:411)
	at org.apache.hadoop.hdds.scm.XceiverClientGrpc.connectToDatanode(XceiverClientGrpc.java:183)
	at org.apache.hadoop.hdds.scm.XceiverClientGrpc.reconnect(XceiverClientGrpc.java:434)
	at org.apache.hadoop.hdds.scm.XceiverClientGrpc.sendCommandAsync(XceiverClientGrpc.java:382)
	at org.apache.hadoop.hdds.scm.XceiverClientGrpc.sendCommandWithRetry(XceiverClientGrpc.java:295)
	at org.apache.hadoop.hdds.scm.XceiverClientGrpc.sendCommandWithTraceIDAndRetry(XceiverClientGrpc.java:259)
	at org.apache.hadoop.hdds.scm.XceiverClientGrpc.sendCommand(XceiverClientGrpc.java:242)
	at org.apache.hadoop.hdds.scm.storage.ContainerProtocolCalls.getBlock(ContainerProtocolCalls.java:118)
	at org.apache.hadoop.hdds.scm.storage.BlockInputStream.getChunkInfos(BlockInputStream.java:169)
	at org.apache.hadoop.hdds.scm.storage.BlockInputStream.initialize(BlockInputStream.java:118)
	at org.apache.hadoop.hdds.scm.storage.BlockInputStream.read(BlockInputStream.java:224)
	at org.apache.hadoop.ozone.client.io.KeyInputStream.read(KeyInputStream.java:173)
	at org.apache.hadoop.ozone.client.io.OzoneInputStream.read(OzoneInputStream.java:47)
	at java.io.InputStream.read(InputStream.java:101)
	at org.apache.hadoop.ozone.container.ContainerTestHelper.validateData(ContainerTestHelper.java:715)
	at org.apache.hadoop.ozone.client.rpc.TestBlockOutputStreamWithFailures.validateData(TestBlockOutputStreamWithFailures.java:1216)
	at org.apache.hadoop.ozone.client.rpc.TestBlockOutputStreamWithFailures.testWatchForCommitWithSingleNodeRatis(TestBlockOutputStreamWithFailures.java:918)
	at sun.reflect.NativeMethodAccessorImpl.invoke0(Native Method)
	at sun.reflect.NativeMethodAccessorImpl.invoke(NativeMethodAccessorImpl.java:62)
	at sun.reflect.DelegatingMethodAccessorImpl.invoke(DelegatingMethodAccessorImpl.java:43)
	at java.lang.reflect.Method.invoke(Method.java:498)
	at org.junit.runners.model.FrameworkMethod$1.runReflectiveCall(FrameworkMethod.java:47)
	at org.junit.internal.runners.model.ReflectiveCallable.run(ReflectiveCallable.java:12)
	at org.junit.runners.model.FrameworkMethod.invokeExplosively(FrameworkMethod.java:44)
	at org.junit.internal.runners.statements.InvokeMethod.evaluate(InvokeMethod.java:17)
	at org.junit.internal.runners.statements.RunBefores.evaluate(RunBefores.java:26)
	at org.junit.internal.runners.statements.RunAfters.evaluate(RunAfters.java:27)
	at org.junit.runners.ParentRunner.runLeaf(ParentRunner.java:271)
	at org.junit.runners.BlockJUnit4ClassRunner.runChild(BlockJUnit4ClassRunner.java:70)
	at org.junit.runners.BlockJUnit4ClassRunner.runChild(BlockJUnit4ClassRunner.java:50)
	at org.junit.runners.ParentRunner$3.run(ParentRunner.java:238)
	at org.junit.runners.ParentRunner$1.schedule(ParentRunner.java:63)
	at org.junit.runners.ParentRunner.runChildren(ParentRunner.java:236)
	at org.junit.runners.ParentRunner.access$000(ParentRunner.java:53)
	at org.junit.runners.ParentRunner$2.evaluate(ParentRunner.java:229)
	at org.junit.runners.ParentRunner.run(ParentRunner.java:309)
	at org.apache.maven.surefire.junit4.JUnit4Provider.execute(JUnit4Provider.java:365)
	at org.apache.maven.surefire.junit4.JUnit4Provider.executeWithRerun(JUnit4Provider.java:273)
	at org.apache.maven.surefire.junit4.JUnit4Provider.executeTestSet(JUnit4Provider.java:238)
	at org.apache.maven.surefire.junit4.JUnit4Provider.invoke(JUnit4Provider.java:159)
	at org.apache.maven.surefire.booter.ForkedBooter.invokeProviderInSameClassLoader(ForkedBooter.java:384)
	at org.apache.maven.surefire.booter.ForkedBooter.runSuitesInProcess(ForkedBooter.java:345)
	at org.apache.maven.surefire.booter.ForkedBooter.execute(ForkedBooter.java:126)
	at org.apache.maven.surefire.booter.ForkedBooter.main(ForkedBooter.java:418)

Oct 18, 2019 1:52:47 PM org.apache.ratis.thirdparty.io.grpc.internal.ManagedChannelOrphanWrapper$ManagedChannelReference cleanQueue
SEVERE: *~*~*~ Channel ManagedChannelImpl{logId=2943, target=192.168.34.61:37732} was not shutdown properly!!! ~*~*~*
    Make sure to call shutdown()/shutdownNow() and wait until awaitTermination() returns true.
java.lang.RuntimeException: ManagedChannel allocation site
	at org.apache.ratis.thirdparty.io.grpc.internal.ManagedChannelOrphanWrapper$ManagedChannelReference.<init>(ManagedChannelOrphanWrapper.java:103)
	at org.apache.ratis.thirdparty.io.grpc.internal.ManagedChannelOrphanWrapper.<init>(ManagedChannelOrphanWrapper.java:53)
	at org.apache.ratis.thirdparty.io.grpc.internal.ManagedChannelOrphanWrapper.<init>(ManagedChannelOrphanWrapper.java:44)
	at org.apache.ratis.thirdparty.io.grpc.internal.AbstractManagedChannelImplBuilder.build(AbstractManagedChannelImplBuilder.java:411)
	at org.apache.ratis.grpc.client.GrpcClientProtocolClient.<init>(GrpcClientProtocolClient.java:128)
	at org.apache.ratis.grpc.client.GrpcClientRpc.lambda$new$0(GrpcClientRpc.java:55)
	at org.apache.ratis.util.PeerProxyMap$PeerAndProxy.lambda$getProxy$0(PeerProxyMap.java:61)
	at org.apache.ratis.util.LifeCycle.startAndTransition(LifeCycle.java:202)
	at org.apache.ratis.util.PeerProxyMap$PeerAndProxy.getProxy(PeerProxyMap.java:60)
	at org.apache.ratis.util.PeerProxyMap.getProxy(PeerProxyMap.java:108)
	at org.apache.ratis.grpc.client.GrpcClientRpc.sendRequestAsync(GrpcClientRpc.java:66)
	at org.apache.ratis.client.impl.OrderedAsync.sendRequest(OrderedAsync.java:208)
	at org.apache.ratis.client.impl.OrderedAsync.sendRequestWithRetry(OrderedAsync.java:169)
	at org.apache.ratis.util.SlidingWindow$Client.sendOrDelayRequest(SlidingWindow.java:278)
	at org.apache.ratis.util.SlidingWindow$Client.retry(SlidingWindow.java:294)
	at org.apache.ratis.client.impl.OrderedAsync.lambda$scheduleWithTimeout$7(OrderedAsync.java:195)
	at org.apache.ratis.util.TimeoutScheduler.lambda$onTimeout$0(TimeoutScheduler.java:113)
	at org.apache.ratis.util.TimeoutScheduler.lambda$onTimeout$1(TimeoutScheduler.java:133)
	at org.apache.ratis.util.LogUtils.runAndLog(LogUtils.java:50)
	at org.apache.ratis.util.LogUtils$1.run(LogUtils.java:91)
	at java.util.concurrent.Executors$RunnableAdapter.call(Executors.java:511)
	at java.util.concurrent.FutureTask.run(FutureTask.java:266)
	at java.util.concurrent.ScheduledThreadPoolExecutor$ScheduledFutureTask.access$201(ScheduledThreadPoolExecutor.java:180)
	at java.util.concurrent.ScheduledThreadPoolExecutor$ScheduledFutureTask.run(ScheduledThreadPoolExecutor.java:293)
	at java.util.concurrent.ThreadPoolExecutor.runWorker(ThreadPoolExecutor.java:1149)
	at java.util.concurrent.ThreadPoolExecutor$Worker.run(ThreadPoolExecutor.java:624)
	at java.lang.Thread.run(Thread.java:748)

Oct 18, 2019 1:52:47 PM org.apache.ratis.thirdparty.io.grpc.internal.ManagedChannelOrphanWrapper$ManagedChannelReference cleanQueue
SEVERE: *~*~*~ Channel ManagedChannelImpl{logId=2723, target=192.168.34.61:36129} was not shutdown properly!!! ~*~*~*
    Make sure to call shutdown()/shutdownNow() and wait until awaitTermination() returns true.
java.lang.RuntimeException: ManagedChannel allocation site
	at org.apache.ratis.thirdparty.io.grpc.internal.ManagedChannelOrphanWrapper$ManagedChannelReference.<init>(ManagedChannelOrphanWrapper.java:103)
	at org.apache.ratis.thirdparty.io.grpc.internal.ManagedChannelOrphanWrapper.<init>(ManagedChannelOrphanWrapper.java:53)
	at org.apache.ratis.thirdparty.io.grpc.internal.ManagedChannelOrphanWrapper.<init>(ManagedChannelOrphanWrapper.java:44)
	at org.apache.ratis.thirdparty.io.grpc.internal.AbstractManagedChannelImplBuilder.build(AbstractManagedChannelImplBuilder.java:411)
	at org.apache.ratis.grpc.client.GrpcClientProtocolClient.<init>(GrpcClientProtocolClient.java:128)
	at org.apache.ratis.grpc.client.GrpcClientRpc.lambda$new$0(GrpcClientRpc.java:55)
	at org.apache.ratis.util.PeerProxyMap$PeerAndProxy.lambda$getProxy$0(PeerProxyMap.java:61)
	at org.apache.ratis.util.LifeCycle.startAndTransition(LifeCycle.java:202)
	at org.apache.ratis.util.PeerProxyMap$PeerAndProxy.getProxy(PeerProxyMap.java:60)
	at org.apache.ratis.util.PeerProxyMap.getProxy(PeerProxyMap.java:108)
	at org.apache.ratis.grpc.client.GrpcClientRpc.sendRequestAsync(GrpcClientRpc.java:66)
	at org.apache.ratis.client.impl.OrderedAsync.sendRequest(OrderedAsync.java:208)
	at org.apache.ratis.client.impl.OrderedAsync.sendRequestWithRetry(OrderedAsync.java:169)
	at org.apache.ratis.util.SlidingWindow$Client.sendOrDelayRequest(SlidingWindow.java:278)
	at org.apache.ratis.util.SlidingWindow$Client.submitNewRequest(SlidingWindow.java:257)
	at org.apache.ratis.client.impl.OrderedAsync.send(OrderedAsync.java:155)
	at org.apache.ratis.client.impl.RaftClientImpl.sendAsync(RaftClientImpl.java:144)
	at org.apache.ratis.client.impl.RaftClientImpl.sendAsync(RaftClientImpl.java:124)
	at org.apache.hadoop.hdds.scm.XceiverClientRatis.sendRequestAsync(XceiverClientRatis.java:236)
	at org.apache.hadoop.hdds.scm.XceiverClientRatis.sendCommandAsync(XceiverClientRatis.java:317)
	at org.apache.hadoop.hdds.scm.storage.ContainerProtocolCalls.writeChunkAsync(ContainerProtocolCalls.java:310)
	at org.apache.hadoop.hdds.scm.storage.BlockOutputStream.writeChunkToContainer(BlockOutputStream.java:604)
	at org.apache.hadoop.hdds.scm.storage.BlockOutputStream.writeChunk(BlockOutputStream.java:462)
	at org.apache.hadoop.hdds.scm.storage.BlockOutputStream.writeOnRetry(BlockOutputStream.java:284)
	at org.apache.hadoop.ozone.client.io.BlockOutputStreamEntry.writeOnRetry(BlockOutputStreamEntry.java:200)
	at org.apache.hadoop.ozone.client.io.KeyOutputStream.handleWrite(KeyOutputStream.java:206)
	at org.apache.hadoop.ozone.client.io.KeyOutputStream.handleRetry(KeyOutputStream.java:375)
	at org.apache.hadoop.ozone.client.io.KeyOutputStream.handleException(KeyOutputStream.java:324)
	at org.apache.hadoop.ozone.client.io.KeyOutputStream.handleFlushOrClose(KeyOutputStream.java:449)
	at org.apache.hadoop.ozone.client.io.KeyOutputStream.handleWrite(KeyOutputStream.java:232)
	at org.apache.hadoop.ozone.client.io.KeyOutputStream.write(KeyOutputStream.java:190)
	at org.apache.hadoop.ozone.client.io.OzoneOutputStream.write(OzoneOutputStream.java:49)
	at java.io.OutputStream.write(OutputStream.java:75)
	at org.apache.hadoop.ozone.client.rpc.TestBlockOutputStreamWithFailures.testDatanodeFailureWithSingleNodeRatis(TestBlockOutputStreamWithFailures.java:1021)
	at sun.reflect.NativeMethodAccessorImpl.invoke0(Native Method)
	at sun.reflect.NativeMethodAccessorImpl.invoke(NativeMethodAccessorImpl.java:62)
	at sun.reflect.DelegatingMethodAccessorImpl.invoke(DelegatingMethodAccessorImpl.java:43)
	at java.lang.reflect.Method.invoke(Method.java:498)
	at org.junit.runners.model.FrameworkMethod$1.runReflectiveCall(FrameworkMethod.java:47)
	at org.junit.internal.runners.model.ReflectiveCallable.run(ReflectiveCallable.java:12)
	at org.junit.runners.model.FrameworkMethod.invokeExplosively(FrameworkMethod.java:44)
	at org.junit.internal.runners.statements.InvokeMethod.evaluate(InvokeMethod.java:17)
	at org.junit.internal.runners.statements.RunBefores.evaluate(RunBefores.java:26)
	at org.junit.internal.runners.statements.RunAfters.evaluate(RunAfters.java:27)
	at org.junit.runners.ParentRunner.runLeaf(ParentRunner.java:271)
	at org.junit.runners.BlockJUnit4ClassRunner.runChild(BlockJUnit4ClassRunner.java:70)
	at org.junit.runners.BlockJUnit4ClassRunner.runChild(BlockJUnit4ClassRunner.java:50)
	at org.junit.runners.ParentRunner$3.run(ParentRunner.java:238)
	at org.junit.runners.ParentRunner$1.schedule(ParentRunner.java:63)
	at org.junit.runners.ParentRunner.runChildren(ParentRunner.java:236)
	at org.junit.runners.ParentRunner.access$000(ParentRunner.java:53)
	at org.junit.runners.ParentRunner$2.evaluate(ParentRunner.java:229)
	at org.junit.runners.ParentRunner.run(ParentRunner.java:309)
	at org.apache.maven.surefire.junit4.JUnit4Provider.execute(JUnit4Provider.java:365)
	at org.apache.maven.surefire.junit4.JUnit4Provider.executeWithRerun(JUnit4Provider.java:273)
	at org.apache.maven.surefire.junit4.JUnit4Provider.executeTestSet(JUnit4Provider.java:238)
	at org.apache.maven.surefire.junit4.JUnit4Provider.invoke(JUnit4Provider.java:159)
	at org.apache.maven.surefire.booter.ForkedBooter.invokeProviderInSameClassLoader(ForkedBooter.java:384)
	at org.apache.maven.surefire.booter.ForkedBooter.runSuitesInProcess(ForkedBooter.java:345)
	at org.apache.maven.surefire.booter.ForkedBooter.execute(ForkedBooter.java:126)
	at org.apache.maven.surefire.booter.ForkedBooter.main(ForkedBooter.java:418)

Oct 18, 2019 1:52:59 PM org.apache.ratis.thirdparty.io.grpc.internal.SerializingExecutor run
SEVERE: Exception while executing runnable org.apache.ratis.thirdparty.io.grpc.internal.ServerImpl$JumpToApplicationThreadServerStreamListener$1Closed@736f8c2a
org.apache.ratis.thirdparty.io.grpc.StatusRuntimeException: CANCELLED: call already cancelled
	at org.apache.ratis.thirdparty.io.grpc.Status.asRuntimeException(Status.java:517)
	at org.apache.ratis.thirdparty.io.grpc.stub.ServerCalls$ServerCallStreamObserverImpl.onCompleted(ServerCalls.java:356)
	at org.apache.ratis.grpc.server.GrpcServerProtocolService$ServerRequestStreamObserver.onError(GrpcServerProtocolService.java:121)
	at org.apache.ratis.thirdparty.io.grpc.stub.ServerCalls$StreamingServerCallHandler$StreamingServerCallListener.onCancel(ServerCalls.java:269)
	at org.apache.ratis.thirdparty.io.grpc.internal.ServerCallImpl$ServerStreamListenerImpl.closed(ServerCallImpl.java:293)
	at org.apache.ratis.thirdparty.io.grpc.internal.ServerImpl$JumpToApplicationThreadServerStreamListener$1Closed.runInContext(ServerImpl.java:741)
	at org.apache.ratis.thirdparty.io.grpc.internal.ContextRunnable.run(ContextRunnable.java:37)
	at org.apache.ratis.thirdparty.io.grpc.internal.SerializingExecutor.run(SerializingExecutor.java:123)
	at java.util.concurrent.ThreadPoolExecutor.runWorker(ThreadPoolExecutor.java:1149)
	at java.util.concurrent.ThreadPoolExecutor$Worker.run(ThreadPoolExecutor.java:624)
	at java.lang.Thread.run(Thread.java:748)

Oct 18, 2019 1:53:07 PM org.apache.ratis.thirdparty.io.grpc.internal.SerializingExecutor run
SEVERE: Exception while executing runnable org.apache.ratis.thirdparty.io.grpc.internal.ServerImpl$JumpToApplicationThreadServerStreamListener$1Closed@1bbf4259
org.apache.ratis.thirdparty.io.grpc.StatusRuntimeException: CANCELLED: call already cancelled
	at org.apache.ratis.thirdparty.io.grpc.Status.asRuntimeException(Status.java:517)
	at org.apache.ratis.thirdparty.io.grpc.stub.ServerCalls$ServerCallStreamObserverImpl.onCompleted(ServerCalls.java:356)
	at org.apache.ratis.grpc.server.GrpcServerProtocolService$ServerRequestStreamObserver.onError(GrpcServerProtocolService.java:121)
	at org.apache.ratis.thirdparty.io.grpc.stub.ServerCalls$StreamingServerCallHandler$StreamingServerCallListener.onCancel(ServerCalls.java:269)
	at org.apache.ratis.thirdparty.io.grpc.internal.ServerCallImpl$ServerStreamListenerImpl.closed(ServerCallImpl.java:293)
	at org.apache.ratis.thirdparty.io.grpc.internal.ServerImpl$JumpToApplicationThreadServerStreamListener$1Closed.runInContext(ServerImpl.java:741)
	at org.apache.ratis.thirdparty.io.grpc.internal.ContextRunnable.run(ContextRunnable.java:37)
	at org.apache.ratis.thirdparty.io.grpc.internal.SerializingExecutor.run(SerializingExecutor.java:123)
	at java.util.concurrent.ThreadPoolExecutor.runWorker(ThreadPoolExecutor.java:1149)
	at java.util.concurrent.ThreadPoolExecutor$Worker.run(ThreadPoolExecutor.java:624)
	at java.lang.Thread.run(Thread.java:748)

Oct 18, 2019 1:53:13 PM org.apache.ratis.thirdparty.io.grpc.internal.SerializingExecutor run
SEVERE: Exception while executing runnable org.apache.ratis.thirdparty.io.grpc.internal.ServerImpl$JumpToApplicationThreadServerStreamListener$1Closed@750126b8
org.apache.ratis.thirdparty.io.grpc.StatusRuntimeException: CANCELLED: call already cancelled
	at org.apache.ratis.thirdparty.io.grpc.Status.asRuntimeException(Status.java:517)
	at org.apache.ratis.thirdparty.io.grpc.stub.ServerCalls$ServerCallStreamObserverImpl.onCompleted(ServerCalls.java:356)
	at org.apache.ratis.grpc.server.GrpcServerProtocolService$ServerRequestStreamObserver.onError(GrpcServerProtocolService.java:121)
	at org.apache.ratis.thirdparty.io.grpc.stub.ServerCalls$StreamingServerCallHandler$StreamingServerCallListener.onCancel(ServerCalls.java:269)
	at org.apache.ratis.thirdparty.io.grpc.internal.ServerCallImpl$ServerStreamListenerImpl.closed(ServerCallImpl.java:293)
	at org.apache.ratis.thirdparty.io.grpc.internal.ServerImpl$JumpToApplicationThreadServerStreamListener$1Closed.runInContext(ServerImpl.java:741)
	at org.apache.ratis.thirdparty.io.grpc.internal.ContextRunnable.run(ContextRunnable.java:37)
	at org.apache.ratis.thirdparty.io.grpc.internal.SerializingExecutor.run(SerializingExecutor.java:123)
	at java.util.concurrent.ThreadPoolExecutor.runWorker(ThreadPoolExecutor.java:1149)
	at java.util.concurrent.ThreadPoolExecutor$Worker.run(ThreadPoolExecutor.java:624)
	at java.lang.Thread.run(Thread.java:748)

]]></system-err>
  </testcase>
  <testcase name="testFailureWithPrimeSizedData" classname="org.apache.hadoop.ozone.client.rpc.TestBlockOutputStreamWithFailures" time="36.534"/>
  <testcase name="testWatchForCommitWithCloseContainerException" classname="org.apache.hadoop.ozone.client.rpc.TestBlockOutputStreamWithFailures" time="39.458">
    <failure message="expected:&lt;2&gt; but was:&lt;3&gt;" type="java.lang.AssertionError"><![CDATA[java.lang.AssertionError: expected:<2> but was:<3>
	at org.junit.Assert.fail(Assert.java:88)
	at org.junit.Assert.failNotEquals(Assert.java:743)
	at org.junit.Assert.assertEquals(Assert.java:118)
	at org.junit.Assert.assertEquals(Assert.java:555)
	at org.junit.Assert.assertEquals(Assert.java:542)
	at org.apache.hadoop.ozone.client.rpc.TestBlockOutputStreamWithFailures.testWatchForCommitWithCloseContainerException(TestBlockOutputStreamWithFailures.java:233)
	at sun.reflect.NativeMethodAccessorImpl.invoke0(Native Method)
	at sun.reflect.NativeMethodAccessorImpl.invoke(NativeMethodAccessorImpl.java:62)
	at sun.reflect.DelegatingMethodAccessorImpl.invoke(DelegatingMethodAccessorImpl.java:43)
	at java.lang.reflect.Method.invoke(Method.java:498)
	at org.junit.runners.model.FrameworkMethod$1.runReflectiveCall(FrameworkMethod.java:47)
	at org.junit.internal.runners.model.ReflectiveCallable.run(ReflectiveCallable.java:12)
	at org.junit.runners.model.FrameworkMethod.invokeExplosively(FrameworkMethod.java:44)
	at org.junit.internal.runners.statements.InvokeMethod.evaluate(InvokeMethod.java:17)
	at org.junit.internal.runners.statements.RunBefores.evaluate(RunBefores.java:26)
	at org.junit.internal.runners.statements.RunAfters.evaluate(RunAfters.java:27)
	at org.junit.runners.ParentRunner.runLeaf(ParentRunner.java:271)
	at org.junit.runners.BlockJUnit4ClassRunner.runChild(BlockJUnit4ClassRunner.java:70)
	at org.junit.runners.BlockJUnit4ClassRunner.runChild(BlockJUnit4ClassRunner.java:50)
	at org.junit.runners.ParentRunner$3.run(ParentRunner.java:238)
	at org.junit.runners.ParentRunner$1.schedule(ParentRunner.java:63)
	at org.junit.runners.ParentRunner.runChildren(ParentRunner.java:236)
	at org.junit.runners.ParentRunner.access$000(ParentRunner.java:53)
	at org.junit.runners.ParentRunner$2.evaluate(ParentRunner.java:229)
	at org.junit.runners.ParentRunner.run(ParentRunner.java:309)
	at org.apache.maven.surefire.junit4.JUnit4Provider.execute(JUnit4Provider.java:365)
	at org.apache.maven.surefire.junit4.JUnit4Provider.executeWithRerun(JUnit4Provider.java:273)
	at org.apache.maven.surefire.junit4.JUnit4Provider.executeTestSet(JUnit4Provider.java:238)
	at org.apache.maven.surefire.junit4.JUnit4Provider.invoke(JUnit4Provider.java:159)
	at org.apache.maven.surefire.booter.ForkedBooter.invokeProviderInSameClassLoader(ForkedBooter.java:384)
	at org.apache.maven.surefire.booter.ForkedBooter.runSuitesInProcess(ForkedBooter.java:345)
	at org.apache.maven.surefire.booter.ForkedBooter.execute(ForkedBooter.java:126)
	at org.apache.maven.surefire.booter.ForkedBooter.main(ForkedBooter.java:418)
]]></failure>
    <system-out><![CDATA[2019-10-18 13:53:54,852 [main] WARN  server.ServerUtils (ServerUtils.java:getScmDbDir(145)) - ozone.scm.db.dirs is not configured. We recommend adding this setting. Falling back to ozone.metadata.dirs instead.
2019-10-18 13:53:54,879 [main] WARN  server.ServerUtils (ServerUtils.java:getScmDbDir(145)) - ozone.scm.db.dirs is not configured. We recommend adding this setting. Falling back to ozone.metadata.dirs instead.
2019-10-18 13:53:54,880 [main] WARN  server.ServerUtils (ServerUtils.java:getScmDbDir(145)) - ozone.scm.db.dirs is not configured. We recommend adding this setting. Falling back to ozone.metadata.dirs instead.
2019-10-18 13:53:54,880 [main] INFO  db.DBStoreBuilder (DBStoreBuilder.java:addTable(117)) - using custom profile for table: deletedBlocks
2019-10-18 13:53:54,880 [main] INFO  db.DBStoreBuilder (DBStoreBuilder.java:processTables(168)) - Using default column profile:DBProfile.DISK for Table:deletedBlocks
2019-10-18 13:53:54,880 [main] INFO  db.DBStoreBuilder (DBStoreBuilder.java:addTable(117)) - using custom profile for table: validCerts
2019-10-18 13:53:54,881 [main] INFO  db.DBStoreBuilder (DBStoreBuilder.java:processTables(168)) - Using default column profile:DBProfile.DISK for Table:validCerts
2019-10-18 13:53:54,881 [main] INFO  db.DBStoreBuilder (DBStoreBuilder.java:addTable(117)) - using custom profile for table: revokedCerts
2019-10-18 13:53:54,881 [main] INFO  db.DBStoreBuilder (DBStoreBuilder.java:processTables(168)) - Using default column profile:DBProfile.DISK for Table:revokedCerts
2019-10-18 13:53:54,881 [main] INFO  db.DBStoreBuilder (DBStoreBuilder.java:addTable(117)) - using custom profile for table: default
2019-10-18 13:53:54,881 [main] INFO  db.DBStoreBuilder (DBStoreBuilder.java:processTables(174)) - Using default column profile:DBProfile.DISK for Table:default
2019-10-18 13:53:54,881 [main] INFO  db.DBStoreBuilder (DBStoreBuilder.java:getDbProfile(205)) - Using default options. DBProfile.DISK
2019-10-18 13:53:55,322 [main] INFO  net.NodeSchemaLoader (NodeSchemaLoader.java:loadSchemaFromFile(125)) - Loading file from sun.misc.CompoundEnumeration@77ea806f
2019-10-18 13:53:55,322 [main] INFO  net.NodeSchemaLoader (NodeSchemaLoader.java:loadSchema(171)) - Loading network topology layer schema file
2019-10-18 13:53:55,329 [main] INFO  node.SCMNodeManager (SCMNodeManager.java:<init>(116)) - Entering startup safe mode.
2019-10-18 13:53:55,330 [main] INFO  algorithms.ContainerPlacementPolicyFactory (ContainerPlacementPolicyFactory.java:getPolicy(57)) - Create container placement policy of type org.apache.hadoop.hdds.scm.container.placement.algorithms.SCMContainerPlacementRandom
2019-10-18 13:53:55,330 [main] WARN  server.ServerUtils (ServerUtils.java:getScmDbDir(145)) - ozone.scm.db.dirs is not configured. We recommend adding this setting. Falling back to ozone.metadata.dirs instead.
2019-10-18 13:53:55,464 [main] INFO  pipeline.SCMPipelineManager (SCMPipelineManager.java:initializePipelineState(132)) - No pipeline exists in current db
2019-10-18 13:53:55,464 [main] WARN  server.ServerUtils (ServerUtils.java:getScmDbDir(145)) - ozone.scm.db.dirs is not configured. We recommend adding this setting. Falling back to ozone.metadata.dirs instead.
2019-10-18 13:53:55,693 [main] WARN  events.EventQueue (EventQueue.java:fireEvent(183)) - No event handler registered for event TypedEvent{payloadType=SafeModeStatus, name='SafeModeStatus'}
2019-10-18 13:53:55,695 [main] INFO  ipc.CallQueueManager (CallQueueManager.java:<init>(84)) - Using callQueue: class java.util.concurrent.LinkedBlockingQueue, queueCapacity: 2000, scheduler: class org.apache.hadoop.ipc.DefaultRpcScheduler, ipcBackoff: false.
2019-10-18 13:53:55,696 [Socket Reader #1 for port 45328] INFO  ipc.Server (Server.java:run(1074)) - Starting Socket Reader #1 for port 45328
2019-10-18 13:53:55,698 [main] INFO  ipc.CallQueueManager (CallQueueManager.java:<init>(84)) - Using callQueue: class java.util.concurrent.LinkedBlockingQueue, queueCapacity: 2000, scheduler: class org.apache.hadoop.ipc.DefaultRpcScheduler, ipcBackoff: false.
2019-10-18 13:53:55,699 [Socket Reader #1 for port 39797] INFO  ipc.Server (Server.java:run(1074)) - Starting Socket Reader #1 for port 39797
2019-10-18 13:53:55,700 [main] INFO  ipc.CallQueueManager (CallQueueManager.java:<init>(84)) - Using callQueue: class java.util.concurrent.LinkedBlockingQueue, queueCapacity: 2000, scheduler: class org.apache.hadoop.ipc.DefaultRpcScheduler, ipcBackoff: false.
2019-10-18 13:53:55,701 [Socket Reader #1 for port 33205] INFO  ipc.Server (Server.java:run(1074)) - Starting Socket Reader #1 for port 33205
2019-10-18 13:53:55,703 [main] INFO  hdfs.DFSUtil (DFSUtil.java:httpServerTemplateForNNAndJN(1641)) - Starting Web-server for scm at: http://0.0.0.0:0
2019-10-18 13:53:55,704 [main] INFO  server.AuthenticationFilter (AuthenticationFilter.java:constructSecretProvider(240)) - Unable to initialize FileSignerSecretProvider, falling back to use random secrets.
2019-10-18 13:53:55,705 [main] WARN  http.HttpRequestLog (HttpRequestLog.java:getRequestLog(97)) - Jetty request log can only be enabled using Log4j
2019-10-18 13:53:55,706 [main] INFO  http.HttpServer2 (HttpServer2.java:addGlobalFilter(975)) - Added global filter 'safety' (class=org.apache.hadoop.http.HttpServer2$QuotingInputFilter)
2019-10-18 13:53:55,707 [main] INFO  http.HttpServer2 (HttpServer2.java:addFilter(948)) - Added filter static_user_filter (class=org.apache.hadoop.http.lib.StaticUserWebFilter$StaticUserFilter) to context scm
2019-10-18 13:53:55,707 [main] INFO  http.HttpServer2 (HttpServer2.java:addFilter(958)) - Added filter static_user_filter (class=org.apache.hadoop.http.lib.StaticUserWebFilter$StaticUserFilter) to context logs
2019-10-18 13:53:55,707 [main] INFO  http.HttpServer2 (HttpServer2.java:addFilter(958)) - Added filter static_user_filter (class=org.apache.hadoop.http.lib.StaticUserWebFilter$StaticUserFilter) to context static
2019-10-18 13:53:55,708 [main] INFO  server.StorageContainerManager (StorageContainerManager.java:start(772)) - StorageContainerLocationProtocol RPC server is listening at /0.0.0.0:33205
2019-10-18 13:53:55,709 [main] WARN  impl.MetricsConfig (MetricsConfig.java:loadFirst(134)) - Cannot locate configuration: tried hadoop-metrics2-storagecontainermanager.properties,hadoop-metrics2.properties
2019-10-18 13:53:55,710 [main] INFO  impl.MetricsSystemImpl (MetricsSystemImpl.java:startTimer(374)) - Scheduled Metric snapshot period at 10 second(s).
2019-10-18 13:53:55,710 [main] INFO  impl.MetricsSystemImpl (MetricsSystemImpl.java:start(191)) - StorageContainerManager metrics system started
2019-10-18 13:53:56,162 [main] WARN  impl.MetricsSystemImpl (MetricsSystemImpl.java:register(276)) - Sink prometheus already exists!
2019-10-18 13:53:56,245 [main] INFO  server.SCMClientProtocolServer (SCMClientProtocolServer.java:start(159)) - RPC server for Client  is listening at /0.0.0.0:33205
2019-10-18 13:53:56,245 [IPC Server Responder] INFO  ipc.Server (Server.java:run(1314)) - IPC Server Responder: starting
2019-10-18 13:53:56,245 [IPC Server listener on 33205] INFO  ipc.Server (Server.java:run(1153)) - IPC Server listener on 33205: starting
2019-10-18 13:53:56,249 [main] INFO  server.StorageContainerManager (StorageContainerManager.java:start(782)) - ScmBlockLocationProtocol RPC server is listening at /0.0.0.0:39797
2019-10-18 13:53:56,250 [main] INFO  server.SCMBlockProtocolServer (SCMBlockProtocolServer.java:start(146)) - RPC server for Block Protocol is listening at /0.0.0.0:39797
2019-10-18 13:53:56,250 [IPC Server Responder] INFO  ipc.Server (Server.java:run(1314)) - IPC Server Responder: starting
2019-10-18 13:53:56,250 [IPC Server listener on 39797] INFO  ipc.Server (Server.java:run(1153)) - IPC Server listener on 39797: starting
2019-10-18 13:53:56,255 [main] INFO  server.StorageContainerManager (StorageContainerManager.java:start(786)) - ScmDatanodeProtocl RPC server is listening at /0.0.0.0:45328
2019-10-18 13:53:56,255 [main] INFO  server.SCMDatanodeProtocolServer (SCMDatanodeProtocolServer.java:start(169)) - RPC server for DataNodes is listening at /0.0.0.0:45328
2019-10-18 13:53:56,255 [IPC Server Responder] INFO  ipc.Server (Server.java:run(1314)) - IPC Server Responder: starting
2019-10-18 13:53:56,255 [IPC Server listener on 45328] INFO  ipc.Server (Server.java:run(1153)) - IPC Server listener on 45328: starting
2019-10-18 13:53:56,261 [main] INFO  http.HttpServer2 (HttpServer2.java:bindListener(1191)) - Jetty bound to port 44296
2019-10-18 13:53:56,261 [main] INFO  server.Server (Server.java:doStart(351)) - jetty-9.3.25.v20180904, build timestamp: 2018-09-04T21:11:46Z, git hash: 3ce520221d0240229c862b122d2b06c12a625732
2019-10-18 13:53:56,263 [main] INFO  handler.ContextHandler (ContextHandler.java:doStart(781)) - Started o.e.j.s.ServletContextHandler@7ad889be{/logs,file:///workdir/hadoop-ozone/integration-test/target/log,AVAILABLE}
2019-10-18 13:53:56,263 [main] INFO  handler.ContextHandler (ContextHandler.java:doStart(781)) - Started o.e.j.s.ServletContextHandler@63de4fa{/static,file:///workdir/hadoop-ozone/integration-test/target/test-classes/webapps/static,AVAILABLE}
2019-10-18 13:53:56,266 [main] INFO  handler.ContextHandler (ContextHandler.java:doStart(781)) - Started o.e.j.w.WebAppContext@20a1b3ae{/,file:///workdir/hadoop-ozone/integration-test/target/test-classes/webapps/scm/,AVAILABLE}{/scm}
2019-10-18 13:53:56,267 [main] INFO  server.AbstractConnector (AbstractConnector.java:doStart(278)) - Started ServerConnector@377e8c60{HTTP/1.1,[http/1.1]}{0.0.0.0:44296}
2019-10-18 13:53:56,267 [main] INFO  server.Server (Server.java:doStart(419)) - Started @675417ms
2019-10-18 13:53:56,267 [main] WARN  impl.MetricsSystemImpl (MetricsSystemImpl.java:register(276)) - Sink prometheus already exists!
2019-10-18 13:53:56,268 [main] INFO  server.BaseHttpServer (BaseHttpServer.java:updateConnectorAddress(215)) - HTTP server of SCM is listening at http://0.0.0.0:44296
2019-10-18 13:53:56,269 [main] WARN  server.ServerUtils (ServerUtils.java:getDBPath(222)) - ozone.om.db.dirs is not configured. We recommend adding this setting. Falling back to ozone.metadata.dirs instead.
2019-10-18 13:53:56,270 [org.apache.hadoop.util.JvmPauseMonitor$Monitor@3a5e2525] INFO  util.JvmPauseMonitor (JvmPauseMonitor.java:run(188)) - Starting JVM pause monitor
2019-10-18 13:53:56,294 [main] INFO  ha.OMHANodeDetails (OMHANodeDetails.java:loadOMHAConfig(190)) - Configuration either no ozone.om.address set. Falling back to the default OM address /127.0.0.1:0
2019-10-18 13:53:56,294 [main] INFO  ha.OMHANodeDetails (OMHANodeDetails.java:getOMNodeDetails(220)) - OM Service ID is not set. Setting it to the default ID: omServiceIdDefault
2019-10-18 13:53:56,294 [main] WARN  server.ServerUtils (ServerUtils.java:getDBPath(222)) - ozone.om.db.dirs is not configured. We recommend adding this setting. Falling back to ozone.metadata.dirs instead.
2019-10-18 13:53:56,295 [main] WARN  server.ServerUtils (ServerUtils.java:getDBPath(222)) - ozone.om.db.dirs is not configured. We recommend adding this setting. Falling back to ozone.metadata.dirs instead.
2019-10-18 13:53:56,300 [main] WARN  server.ServerUtils (ServerUtils.java:getDBPath(222)) - ozone.om.db.dirs is not configured. We recommend adding this setting. Falling back to ozone.metadata.dirs instead.
2019-10-18 13:53:56,301 [main] INFO  db.DBStoreBuilder (DBStoreBuilder.java:addTable(117)) - using custom profile for table: userTable
2019-10-18 13:53:56,301 [main] INFO  db.DBStoreBuilder (DBStoreBuilder.java:processTables(168)) - Using default column profile:DBProfile.DISK for Table:userTable
2019-10-18 13:53:56,301 [main] INFO  db.DBStoreBuilder (DBStoreBuilder.java:addTable(117)) - using custom profile for table: volumeTable
2019-10-18 13:53:56,301 [main] INFO  db.DBStoreBuilder (DBStoreBuilder.java:processTables(168)) - Using default column profile:DBProfile.DISK for Table:volumeTable
2019-10-18 13:53:56,301 [main] INFO  db.DBStoreBuilder (DBStoreBuilder.java:addTable(117)) - using custom profile for table: bucketTable
2019-10-18 13:53:56,301 [main] INFO  db.DBStoreBuilder (DBStoreBuilder.java:processTables(168)) - Using default column profile:DBProfile.DISK for Table:bucketTable
2019-10-18 13:53:56,302 [main] INFO  db.DBStoreBuilder (DBStoreBuilder.java:addTable(117)) - using custom profile for table: keyTable
2019-10-18 13:53:56,302 [main] INFO  db.DBStoreBuilder (DBStoreBuilder.java:processTables(168)) - Using default column profile:DBProfile.DISK for Table:keyTable
2019-10-18 13:53:56,302 [main] INFO  db.DBStoreBuilder (DBStoreBuilder.java:addTable(117)) - using custom profile for table: deletedTable
2019-10-18 13:53:56,302 [main] INFO  db.DBStoreBuilder (DBStoreBuilder.java:processTables(168)) - Using default column profile:DBProfile.DISK for Table:deletedTable
2019-10-18 13:53:56,302 [main] INFO  db.DBStoreBuilder (DBStoreBuilder.java:addTable(117)) - using custom profile for table: openKeyTable
2019-10-18 13:53:56,302 [main] INFO  db.DBStoreBuilder (DBStoreBuilder.java:processTables(168)) - Using default column profile:DBProfile.DISK for Table:openKeyTable
2019-10-18 13:53:56,302 [main] INFO  db.DBStoreBuilder (DBStoreBuilder.java:addTable(117)) - using custom profile for table: s3Table
2019-10-18 13:53:56,302 [main] INFO  db.DBStoreBuilder (DBStoreBuilder.java:processTables(168)) - Using default column profile:DBProfile.DISK for Table:s3Table
2019-10-18 13:53:56,303 [main] INFO  db.DBStoreBuilder (DBStoreBuilder.java:addTable(117)) - using custom profile for table: multipartInfoTable
2019-10-18 13:53:56,303 [main] INFO  db.DBStoreBuilder (DBStoreBuilder.java:processTables(168)) - Using default column profile:DBProfile.DISK for Table:multipartInfoTable
2019-10-18 13:53:56,303 [main] INFO  db.DBStoreBuilder (DBStoreBuilder.java:addTable(117)) - using custom profile for table: dTokenTable
2019-10-18 13:53:56,303 [main] INFO  db.DBStoreBuilder (DBStoreBuilder.java:processTables(168)) - Using default column profile:DBProfile.DISK for Table:dTokenTable
2019-10-18 13:53:56,303 [main] INFO  db.DBStoreBuilder (DBStoreBuilder.java:addTable(117)) - using custom profile for table: s3SecretTable
2019-10-18 13:53:56,303 [main] INFO  db.DBStoreBuilder (DBStoreBuilder.java:processTables(168)) - Using default column profile:DBProfile.DISK for Table:s3SecretTable
2019-10-18 13:53:56,303 [main] INFO  db.DBStoreBuilder (DBStoreBuilder.java:addTable(117)) - using custom profile for table: prefixTable
2019-10-18 13:53:56,304 [main] INFO  db.DBStoreBuilder (DBStoreBuilder.java:processTables(168)) - Using default column profile:DBProfile.DISK for Table:prefixTable
2019-10-18 13:53:56,304 [main] INFO  db.DBStoreBuilder (DBStoreBuilder.java:addTable(117)) - using custom profile for table: default
2019-10-18 13:53:56,304 [main] INFO  db.DBStoreBuilder (DBStoreBuilder.java:processTables(174)) - Using default column profile:DBProfile.DISK for Table:default
2019-10-18 13:53:56,304 [main] INFO  db.DBStoreBuilder (DBStoreBuilder.java:getDbProfile(205)) - Using default options. DBProfile.DISK
2019-10-18 13:53:57,490 [main] INFO  ipc.CallQueueManager (CallQueueManager.java:<init>(84)) - Using callQueue: class java.util.concurrent.LinkedBlockingQueue, queueCapacity: 2000, scheduler: class org.apache.hadoop.ipc.DefaultRpcScheduler, ipcBackoff: false.
2019-10-18 13:53:57,491 [Socket Reader #1 for port 44265] INFO  ipc.Server (Server.java:run(1074)) - Starting Socket Reader #1 for port 44265
2019-10-18 13:53:57,509 [main] INFO  om.OzoneManager (OzoneManager.java:start(1071)) - OzoneManager RPC server is listening at localhost/127.0.0.1:44265
2019-10-18 13:53:57,509 [main] INFO  impl.MetricsSystemImpl (MetricsSystemImpl.java:init(158)) - OzoneManager metrics system started (again)
2019-10-18 13:53:57,510 [IPC Server Responder] INFO  ipc.Server (Server.java:run(1314)) - IPC Server Responder: starting
2019-10-18 13:53:57,512 [IPC Server listener on 44265] INFO  ipc.Server (Server.java:run(1153)) - IPC Server listener on 44265: starting
2019-10-18 13:53:57,517 [main] INFO  hdfs.DFSUtil (DFSUtil.java:httpServerTemplateForNNAndJN(1641)) - Starting Web-server for ozoneManager at: http://0.0.0.0:0
2019-10-18 13:53:57,518 [main] INFO  server.AuthenticationFilter (AuthenticationFilter.java:constructSecretProvider(240)) - Unable to initialize FileSignerSecretProvider, falling back to use random secrets.
2019-10-18 13:53:57,519 [main] WARN  http.HttpRequestLog (HttpRequestLog.java:getRequestLog(97)) - Jetty request log can only be enabled using Log4j
2019-10-18 13:53:57,520 [main] INFO  http.HttpServer2 (HttpServer2.java:addGlobalFilter(975)) - Added global filter 'safety' (class=org.apache.hadoop.http.HttpServer2$QuotingInputFilter)
2019-10-18 13:53:57,521 [main] INFO  http.HttpServer2 (HttpServer2.java:addFilter(948)) - Added filter static_user_filter (class=org.apache.hadoop.http.lib.StaticUserWebFilter$StaticUserFilter) to context ozoneManager
2019-10-18 13:53:57,521 [main] INFO  http.HttpServer2 (HttpServer2.java:addFilter(958)) - Added filter static_user_filter (class=org.apache.hadoop.http.lib.StaticUserWebFilter$StaticUserFilter) to context static
2019-10-18 13:53:57,521 [main] INFO  http.HttpServer2 (HttpServer2.java:addFilter(958)) - Added filter static_user_filter (class=org.apache.hadoop.http.lib.StaticUserWebFilter$StaticUserFilter) to context logs
2019-10-18 13:53:57,522 [main] INFO  http.HttpServer2 (HttpServer2.java:bindListener(1191)) - Jetty bound to port 42610
2019-10-18 13:53:57,522 [main] INFO  server.Server (Server.java:doStart(351)) - jetty-9.3.25.v20180904, build timestamp: 2018-09-04T21:11:46Z, git hash: 3ce520221d0240229c862b122d2b06c12a625732
2019-10-18 13:53:57,523 [main] INFO  handler.ContextHandler (ContextHandler.java:doStart(781)) - Started o.e.j.s.ServletContextHandler@3d0352{/logs,file:///workdir/hadoop-ozone/integration-test/target/log,AVAILABLE}
2019-10-18 13:53:57,524 [main] INFO  handler.ContextHandler (ContextHandler.java:doStart(781)) - Started o.e.j.s.ServletContextHandler@388f1258{/static,file:///workdir/hadoop-ozone/integration-test/target/test-classes/webapps/static,AVAILABLE}
2019-10-18 13:53:57,528 [main] INFO  handler.ContextHandler (ContextHandler.java:doStart(781)) - Started o.e.j.w.WebAppContext@16ac4d3d{/,file:///workdir/hadoop-ozone/integration-test/target/test-classes/webapps/ozoneManager/,AVAILABLE}{/ozoneManager}
2019-10-18 13:53:57,528 [main] INFO  server.AbstractConnector (AbstractConnector.java:doStart(278)) - Started ServerConnector@559d19c{HTTP/1.1,[http/1.1]}{0.0.0.0:42610}
2019-10-18 13:53:57,528 [main] INFO  server.Server (Server.java:doStart(419)) - Started @676678ms
2019-10-18 13:53:57,529 [main] WARN  impl.MetricsSystemImpl (MetricsSystemImpl.java:register(276)) - Sink prometheus already exists!
2019-10-18 13:53:57,530 [main] INFO  server.BaseHttpServer (BaseHttpServer.java:updateConnectorAddress(215)) - HTTP server of OZONEMANAGER is listening at http://0.0.0.0:42610
2019-10-18 13:53:57,544 [main] INFO  impl.MetricsSystemImpl (MetricsSystemImpl.java:init(158)) - HddsDatanode metrics system started (again)
2019-10-18 13:53:57,550 [main] INFO  ozone.HddsDatanodeService (HddsDatanodeService.java:start(184)) - HddsDatanodeService host:pr-hdds-2280-982rn-3954796538 ip:192.168.34.61
2019-10-18 13:53:57,557 [main] INFO  volume.HddsVolume (HddsVolume.java:<init>(176)) - Creating Volume: /workdir/hadoop-ozone/integration-test/target/test-dir/MiniOzoneClusterImpl-74b53c55-a47a-4ba0-940b-ff532fb51615/datanode-0/data/containers/hdds of  storage type : DISK and capacity : 1482555576320
2019-10-18 13:53:57,558 [main] INFO  volume.VolumeSet (VolumeSet.java:initializeVolumeSet(170)) - Added Volume : /workdir/hadoop-ozone/integration-test/target/test-dir/MiniOzoneClusterImpl-74b53c55-a47a-4ba0-940b-ff532fb51615/datanode-0/data/containers/hdds to VolumeSet
2019-10-18 13:53:57,558 [main] INFO  volume.ThrottledAsyncChecker (ThrottledAsyncChecker.java:schedule(141)) - Scheduling a check for org.apache.hadoop.ozone.container.common.volume.HddsVolume@19bf47fc
2019-10-18 13:53:57,558 [main] INFO  volume.HddsVolumeChecker (HddsVolumeChecker.java:checkAllVolumes(204)) - Scheduled health check for volume org.apache.hadoop.ozone.container.common.volume.HddsVolume@19bf47fc
2019-10-18 13:53:57,573 [main] INFO  impl.RaftServerProxy (ConfUtils.java:logGet(43)) - raft.rpc.type = GRPC (default)
2019-10-18 13:53:57,573 [main] INFO  grpc.GrpcFactory (GrpcFactory.java:checkPooledByteBufAllocatorUseCacheForAllThreads(45)) - PERFORMANCE WARNING: useCacheForAllThreads is true that may cause Netty to create a lot garbage objects and, as a result, trigger GC.
	It is recommended to disable useCacheForAllThreads by setting -Dorg.apache.ratis.thirdparty.io.netty.allocator.useCacheForAllThreads=false in command line.
2019-10-18 13:53:57,573 [main] INFO  grpc.GrpcConfigKeys$Server (ConfUtils.java:logGet(43)) - raft.grpc.server.port = 0 (default)
2019-10-18 13:53:57,573 [main] INFO  server.GrpcService (ConfUtils.java:logGet(43)) - raft.grpc.message.size.max = 33570816 (custom)
2019-10-18 13:53:57,574 [main] INFO  server.RaftServerConfigKeys (ConfUtils.java:logGet(43)) - raft.server.log.appender.buffer.byte-limit = 33554432 (custom)
2019-10-18 13:53:57,574 [main] INFO  server.GrpcService (ConfUtils.java:logGet(43)) - raft.grpc.flow.control.window = 1MB (=1048576) (default)
2019-10-18 13:53:57,574 [main] INFO  server.RaftServerConfigKeys (ConfUtils.java:logGet(43)) - raft.server.rpc.request.timeout = 3000ms (default)
2019-10-18 13:53:57,574 [main] INFO  server.RaftServerConfigKeys (ConfUtils.java:logGet(43)) - raft.server.storage.dir = [/workdir/hadoop-ozone/integration-test/target/test-dir/MiniOzoneClusterImpl-74b53c55-a47a-4ba0-940b-ff532fb51615/datanode-0/data/ratis] (custom)
2019-10-18 13:53:57,576 [main] INFO  hdfs.DFSUtil (DFSUtil.java:httpServerTemplateForNNAndJN(1641)) - Starting Web-server for hddsDatanode at: http://0.0.0.0:0
2019-10-18 13:53:57,577 [main] INFO  server.AuthenticationFilter (AuthenticationFilter.java:constructSecretProvider(240)) - Unable to initialize FileSignerSecretProvider, falling back to use random secrets.
2019-10-18 13:53:57,577 [main] WARN  http.HttpRequestLog (HttpRequestLog.java:getRequestLog(97)) - Jetty request log can only be enabled using Log4j
2019-10-18 13:53:57,579 [main] INFO  http.HttpServer2 (HttpServer2.java:addGlobalFilter(975)) - Added global filter 'safety' (class=org.apache.hadoop.http.HttpServer2$QuotingInputFilter)
2019-10-18 13:53:57,579 [main] INFO  http.HttpServer2 (HttpServer2.java:addFilter(948)) - Added filter static_user_filter (class=org.apache.hadoop.http.lib.StaticUserWebFilter$StaticUserFilter) to context hddsDatanode
2019-10-18 13:53:57,579 [main] INFO  http.HttpServer2 (HttpServer2.java:addFilter(958)) - Added filter static_user_filter (class=org.apache.hadoop.http.lib.StaticUserWebFilter$StaticUserFilter) to context logs
2019-10-18 13:53:57,579 [main] INFO  http.HttpServer2 (HttpServer2.java:addFilter(958)) - Added filter static_user_filter (class=org.apache.hadoop.http.lib.StaticUserWebFilter$StaticUserFilter) to context static
2019-10-18 13:53:57,580 [main] INFO  http.HttpServer2 (HttpServer2.java:bindListener(1191)) - Jetty bound to port 42983
2019-10-18 13:53:57,580 [main] INFO  server.Server (Server.java:doStart(351)) - jetty-9.3.25.v20180904, build timestamp: 2018-09-04T21:11:46Z, git hash: 3ce520221d0240229c862b122d2b06c12a625732
2019-10-18 13:53:57,581 [main] INFO  handler.ContextHandler (ContextHandler.java:doStart(781)) - Started o.e.j.s.ServletContextHandler@15586843{/logs,file:///workdir/hadoop-ozone/integration-test/target/log,AVAILABLE}
2019-10-18 13:53:57,582 [main] INFO  handler.ContextHandler (ContextHandler.java:doStart(781)) - Started o.e.j.s.ServletContextHandler@e2b3026{/static,jar:file:/home/user/.m2/repository/org/apache/hadoop/hadoop-hdds-container-service/0.5.0-SNAPSHOT/hadoop-hdds-container-service-0.5.0-SNAPSHOT.jar!/webapps/static,AVAILABLE}
2019-10-18 13:53:57,608 [main] INFO  handler.ContextHandler (ContextHandler.java:doStart(781)) - Started o.e.j.w.WebAppContext@14874a5d{/,file:///tmp/jetty-0.0.0.0-42983-hddsDatanode-_-any-4268055311349399223.dir/webapp/,AVAILABLE}{/hddsDatanode}
2019-10-18 13:53:57,608 [main] INFO  server.AbstractConnector (AbstractConnector.java:doStart(278)) - Started ServerConnector@49cb5030{HTTP/1.1,[http/1.1]}{0.0.0.0:42983}
2019-10-18 13:53:57,610 [main] INFO  server.Server (Server.java:doStart(419)) - Started @676759ms
2019-10-18 13:53:57,610 [main] WARN  impl.MetricsSystemImpl (MetricsSystemImpl.java:register(276)) - Sink prometheus already exists!
2019-10-18 13:53:57,610 [main] INFO  server.BaseHttpServer (BaseHttpServer.java:updateConnectorAddress(215)) - HTTP server of HDDSDATANODE is listening at http://0.0.0.0:42983
2019-10-18 13:53:57,611 [main] INFO  impl.MetricsSystemImpl (MetricsSystemImpl.java:init(158)) - HddsDatanode metrics system started (again)
2019-10-18 13:53:57,616 [org.apache.hadoop.util.JvmPauseMonitor$Monitor@7bf198c3] INFO  util.JvmPauseMonitor (JvmPauseMonitor.java:run(188)) - Starting JVM pause monitor
2019-10-18 13:53:57,616 [main] INFO  ozone.HddsDatanodeService (HddsDatanodeService.java:start(184)) - HddsDatanodeService host:pr-hdds-2280-982rn-3954796538 ip:192.168.34.61
2019-10-18 13:53:57,617 [Datanode State Machine Thread - 0] INFO  datanode.InitDatanodeState (InitDatanodeState.java:persistContainerDatanodeDetails(140)) - DatanodeDetails is persisted to /workdir/hadoop-ozone/integration-test/target/test-dir/MiniOzoneClusterImpl-74b53c55-a47a-4ba0-940b-ff532fb51615/datanode-0/meta/datanode.id
2019-10-18 13:53:57,623 [main] INFO  volume.HddsVolume (HddsVolume.java:<init>(176)) - Creating Volume: /workdir/hadoop-ozone/integration-test/target/test-dir/MiniOzoneClusterImpl-74b53c55-a47a-4ba0-940b-ff532fb51615/datanode-1/data/containers/hdds of  storage type : DISK and capacity : 1482555576320
2019-10-18 13:53:57,623 [main] INFO  volume.VolumeSet (VolumeSet.java:initializeVolumeSet(170)) - Added Volume : /workdir/hadoop-ozone/integration-test/target/test-dir/MiniOzoneClusterImpl-74b53c55-a47a-4ba0-940b-ff532fb51615/datanode-1/data/containers/hdds to VolumeSet
2019-10-18 13:53:57,623 [main] INFO  volume.ThrottledAsyncChecker (ThrottledAsyncChecker.java:schedule(141)) - Scheduling a check for org.apache.hadoop.ozone.container.common.volume.HddsVolume@7d88fa9c
2019-10-18 13:53:57,624 [main] INFO  volume.HddsVolumeChecker (HddsVolumeChecker.java:checkAllVolumes(204)) - Scheduled health check for volume org.apache.hadoop.ozone.container.common.volume.HddsVolume@7d88fa9c
2019-10-18 13:53:57,636 [main] INFO  impl.RaftServerProxy (ConfUtils.java:logGet(43)) - raft.rpc.type = GRPC (default)
2019-10-18 13:53:57,636 [main] INFO  grpc.GrpcFactory (GrpcFactory.java:checkPooledByteBufAllocatorUseCacheForAllThreads(45)) - PERFORMANCE WARNING: useCacheForAllThreads is true that may cause Netty to create a lot garbage objects and, as a result, trigger GC.
	It is recommended to disable useCacheForAllThreads by setting -Dorg.apache.ratis.thirdparty.io.netty.allocator.useCacheForAllThreads=false in command line.
2019-10-18 13:53:57,636 [main] INFO  grpc.GrpcConfigKeys$Server (ConfUtils.java:logGet(43)) - raft.grpc.server.port = 0 (default)
2019-10-18 13:53:57,636 [main] INFO  server.GrpcService (ConfUtils.java:logGet(43)) - raft.grpc.message.size.max = 33570816 (custom)
2019-10-18 13:53:57,637 [main] INFO  server.RaftServerConfigKeys (ConfUtils.java:logGet(43)) - raft.server.log.appender.buffer.byte-limit = 33554432 (custom)
2019-10-18 13:53:57,637 [main] INFO  server.GrpcService (ConfUtils.java:logGet(43)) - raft.grpc.flow.control.window = 1MB (=1048576) (default)
2019-10-18 13:53:57,637 [main] INFO  server.RaftServerConfigKeys (ConfUtils.java:logGet(43)) - raft.server.rpc.request.timeout = 3000ms (default)
2019-10-18 13:53:57,637 [main] INFO  server.RaftServerConfigKeys (ConfUtils.java:logGet(43)) - raft.server.storage.dir = [/workdir/hadoop-ozone/integration-test/target/test-dir/MiniOzoneClusterImpl-74b53c55-a47a-4ba0-940b-ff532fb51615/datanode-1/data/ratis] (custom)
2019-10-18 13:53:57,639 [main] INFO  hdfs.DFSUtil (DFSUtil.java:httpServerTemplateForNNAndJN(1641)) - Starting Web-server for hddsDatanode at: http://0.0.0.0:0
2019-10-18 13:53:57,640 [main] INFO  server.AuthenticationFilter (AuthenticationFilter.java:constructSecretProvider(240)) - Unable to initialize FileSignerSecretProvider, falling back to use random secrets.
2019-10-18 13:53:57,640 [main] WARN  http.HttpRequestLog (HttpRequestLog.java:getRequestLog(97)) - Jetty request log can only be enabled using Log4j
2019-10-18 13:53:57,641 [main] INFO  http.HttpServer2 (HttpServer2.java:addGlobalFilter(975)) - Added global filter 'safety' (class=org.apache.hadoop.http.HttpServer2$QuotingInputFilter)
2019-10-18 13:53:57,642 [main] INFO  http.HttpServer2 (HttpServer2.java:addFilter(948)) - Added filter static_user_filter (class=org.apache.hadoop.http.lib.StaticUserWebFilter$StaticUserFilter) to context hddsDatanode
2019-10-18 13:53:57,642 [main] INFO  http.HttpServer2 (HttpServer2.java:addFilter(958)) - Added filter static_user_filter (class=org.apache.hadoop.http.lib.StaticUserWebFilter$StaticUserFilter) to context static
2019-10-18 13:53:57,642 [main] INFO  http.HttpServer2 (HttpServer2.java:addFilter(958)) - Added filter static_user_filter (class=org.apache.hadoop.http.lib.StaticUserWebFilter$StaticUserFilter) to context logs
2019-10-18 13:53:57,643 [main] INFO  http.HttpServer2 (HttpServer2.java:bindListener(1191)) - Jetty bound to port 40776
2019-10-18 13:53:57,643 [main] INFO  server.Server (Server.java:doStart(351)) - jetty-9.3.25.v20180904, build timestamp: 2018-09-04T21:11:46Z, git hash: 3ce520221d0240229c862b122d2b06c12a625732
2019-10-18 13:53:57,644 [main] INFO  handler.ContextHandler (ContextHandler.java:doStart(781)) - Started o.e.j.s.ServletContextHandler@3375b118{/logs,file:///workdir/hadoop-ozone/integration-test/target/log,AVAILABLE}
2019-10-18 13:53:57,645 [main] INFO  handler.ContextHandler (ContextHandler.java:doStart(781)) - Started o.e.j.s.ServletContextHandler@184751f3{/static,jar:file:/home/user/.m2/repository/org/apache/hadoop/hadoop-hdds-container-service/0.5.0-SNAPSHOT/hadoop-hdds-container-service-0.5.0-SNAPSHOT.jar!/webapps/static,AVAILABLE}
2019-10-18 13:53:57,671 [main] INFO  handler.ContextHandler (ContextHandler.java:doStart(781)) - Started o.e.j.w.WebAppContext@4cd7d5e1{/,file:///tmp/jetty-0.0.0.0-40776-hddsDatanode-_-any-5806096313934436592.dir/webapp/,AVAILABLE}{/hddsDatanode}
2019-10-18 13:53:57,671 [main] INFO  server.AbstractConnector (AbstractConnector.java:doStart(278)) - Started ServerConnector@2ae3235e{HTTP/1.1,[http/1.1]}{0.0.0.0:40776}
2019-10-18 13:53:57,673 [main] INFO  server.Server (Server.java:doStart(419)) - Started @676822ms
2019-10-18 13:53:57,673 [main] WARN  impl.MetricsSystemImpl (MetricsSystemImpl.java:register(276)) - Sink prometheus already exists!
2019-10-18 13:53:57,674 [main] INFO  server.BaseHttpServer (BaseHttpServer.java:updateConnectorAddress(215)) - HTTP server of HDDSDATANODE is listening at http://0.0.0.0:40776
2019-10-18 13:53:57,674 [main] INFO  impl.MetricsSystemImpl (MetricsSystemImpl.java:init(158)) - HddsDatanode metrics system started (again)
2019-10-18 13:53:57,679 [org.apache.hadoop.util.JvmPauseMonitor$Monitor@226b6789] INFO  util.JvmPauseMonitor (JvmPauseMonitor.java:run(188)) - Starting JVM pause monitor
2019-10-18 13:53:57,680 [main] INFO  ozone.HddsDatanodeService (HddsDatanodeService.java:start(184)) - HddsDatanodeService host:pr-hdds-2280-982rn-3954796538 ip:192.168.34.61
2019-10-18 13:53:57,680 [Datanode State Machine Thread - 0] INFO  datanode.InitDatanodeState (InitDatanodeState.java:persistContainerDatanodeDetails(140)) - DatanodeDetails is persisted to /workdir/hadoop-ozone/integration-test/target/test-dir/MiniOzoneClusterImpl-74b53c55-a47a-4ba0-940b-ff532fb51615/datanode-1/meta/datanode.id
2019-10-18 13:53:57,686 [main] INFO  volume.HddsVolume (HddsVolume.java:<init>(176)) - Creating Volume: /workdir/hadoop-ozone/integration-test/target/test-dir/MiniOzoneClusterImpl-74b53c55-a47a-4ba0-940b-ff532fb51615/datanode-2/data/containers/hdds of  storage type : DISK and capacity : 1482555576320
2019-10-18 13:53:57,686 [main] INFO  volume.VolumeSet (VolumeSet.java:initializeVolumeSet(170)) - Added Volume : /workdir/hadoop-ozone/integration-test/target/test-dir/MiniOzoneClusterImpl-74b53c55-a47a-4ba0-940b-ff532fb51615/datanode-2/data/containers/hdds to VolumeSet
2019-10-18 13:53:57,686 [main] INFO  volume.ThrottledAsyncChecker (ThrottledAsyncChecker.java:schedule(141)) - Scheduling a check for org.apache.hadoop.ozone.container.common.volume.HddsVolume@794c5f5e
2019-10-18 13:53:57,687 [main] INFO  volume.HddsVolumeChecker (HddsVolumeChecker.java:checkAllVolumes(204)) - Scheduled health check for volume org.apache.hadoop.ozone.container.common.volume.HddsVolume@794c5f5e
2019-10-18 13:53:57,700 [main] INFO  impl.RaftServerProxy (ConfUtils.java:logGet(43)) - raft.rpc.type = GRPC (default)
2019-10-18 13:53:57,700 [main] INFO  grpc.GrpcFactory (GrpcFactory.java:checkPooledByteBufAllocatorUseCacheForAllThreads(45)) - PERFORMANCE WARNING: useCacheForAllThreads is true that may cause Netty to create a lot garbage objects and, as a result, trigger GC.
	It is recommended to disable useCacheForAllThreads by setting -Dorg.apache.ratis.thirdparty.io.netty.allocator.useCacheForAllThreads=false in command line.
2019-10-18 13:53:57,700 [main] INFO  grpc.GrpcConfigKeys$Server (ConfUtils.java:logGet(43)) - raft.grpc.server.port = 0 (default)
2019-10-18 13:53:57,700 [main] INFO  server.GrpcService (ConfUtils.java:logGet(43)) - raft.grpc.message.size.max = 33570816 (custom)
2019-10-18 13:53:57,700 [main] INFO  server.RaftServerConfigKeys (ConfUtils.java:logGet(43)) - raft.server.log.appender.buffer.byte-limit = 33554432 (custom)
2019-10-18 13:53:57,700 [main] INFO  server.GrpcService (ConfUtils.java:logGet(43)) - raft.grpc.flow.control.window = 1MB (=1048576) (default)
2019-10-18 13:53:57,701 [main] INFO  server.RaftServerConfigKeys (ConfUtils.java:logGet(43)) - raft.server.rpc.request.timeout = 3000ms (default)
2019-10-18 13:53:57,701 [main] INFO  server.RaftServerConfigKeys (ConfUtils.java:logGet(43)) - raft.server.storage.dir = [/workdir/hadoop-ozone/integration-test/target/test-dir/MiniOzoneClusterImpl-74b53c55-a47a-4ba0-940b-ff532fb51615/datanode-2/data/ratis] (custom)
2019-10-18 13:53:57,702 [main] INFO  hdfs.DFSUtil (DFSUtil.java:httpServerTemplateForNNAndJN(1641)) - Starting Web-server for hddsDatanode at: http://0.0.0.0:0
2019-10-18 13:53:57,704 [main] INFO  server.AuthenticationFilter (AuthenticationFilter.java:constructSecretProvider(240)) - Unable to initialize FileSignerSecretProvider, falling back to use random secrets.
2019-10-18 13:53:57,704 [main] WARN  http.HttpRequestLog (HttpRequestLog.java:getRequestLog(97)) - Jetty request log can only be enabled using Log4j
2019-10-18 13:53:57,705 [main] INFO  http.HttpServer2 (HttpServer2.java:addGlobalFilter(975)) - Added global filter 'safety' (class=org.apache.hadoop.http.HttpServer2$QuotingInputFilter)
2019-10-18 13:53:57,706 [main] INFO  http.HttpServer2 (HttpServer2.java:addFilter(948)) - Added filter static_user_filter (class=org.apache.hadoop.http.lib.StaticUserWebFilter$StaticUserFilter) to context hddsDatanode
2019-10-18 13:53:57,706 [main] INFO  http.HttpServer2 (HttpServer2.java:addFilter(958)) - Added filter static_user_filter (class=org.apache.hadoop.http.lib.StaticUserWebFilter$StaticUserFilter) to context static
2019-10-18 13:53:57,706 [main] INFO  http.HttpServer2 (HttpServer2.java:addFilter(958)) - Added filter static_user_filter (class=org.apache.hadoop.http.lib.StaticUserWebFilter$StaticUserFilter) to context logs
2019-10-18 13:53:57,707 [main] INFO  http.HttpServer2 (HttpServer2.java:bindListener(1191)) - Jetty bound to port 33652
2019-10-18 13:53:57,707 [main] INFO  server.Server (Server.java:doStart(351)) - jetty-9.3.25.v20180904, build timestamp: 2018-09-04T21:11:46Z, git hash: 3ce520221d0240229c862b122d2b06c12a625732
2019-10-18 13:53:57,708 [main] INFO  handler.ContextHandler (ContextHandler.java:doStart(781)) - Started o.e.j.s.ServletContextHandler@5908e6d6{/logs,file:///workdir/hadoop-ozone/integration-test/target/log,AVAILABLE}
2019-10-18 13:53:57,709 [main] INFO  handler.ContextHandler (ContextHandler.java:doStart(781)) - Started o.e.j.s.ServletContextHandler@2a6fb62f{/static,jar:file:/home/user/.m2/repository/org/apache/hadoop/hadoop-hdds-container-service/0.5.0-SNAPSHOT/hadoop-hdds-container-service-0.5.0-SNAPSHOT.jar!/webapps/static,AVAILABLE}
2019-10-18 13:53:57,737 [main] INFO  handler.ContextHandler (ContextHandler.java:doStart(781)) - Started o.e.j.w.WebAppContext@203765b2{/,file:///tmp/jetty-0.0.0.0-33652-hddsDatanode-_-any-792786954130602507.dir/webapp/,AVAILABLE}{/hddsDatanode}
2019-10-18 13:53:57,737 [main] INFO  server.AbstractConnector (AbstractConnector.java:doStart(278)) - Started ServerConnector@7e050be1{HTTP/1.1,[http/1.1]}{0.0.0.0:33652}
2019-10-18 13:53:57,739 [main] INFO  server.Server (Server.java:doStart(419)) - Started @676889ms
2019-10-18 13:53:57,739 [main] WARN  impl.MetricsSystemImpl (MetricsSystemImpl.java:register(276)) - Sink prometheus already exists!
2019-10-18 13:53:57,740 [main] INFO  server.BaseHttpServer (BaseHttpServer.java:updateConnectorAddress(215)) - HTTP server of HDDSDATANODE is listening at http://0.0.0.0:33652
2019-10-18 13:53:57,740 [main] INFO  impl.MetricsSystemImpl (MetricsSystemImpl.java:init(158)) - HddsDatanode metrics system started (again)
2019-10-18 13:53:57,748 [org.apache.hadoop.util.JvmPauseMonitor$Monitor@611b7789] INFO  util.JvmPauseMonitor (JvmPauseMonitor.java:run(188)) - Starting JVM pause monitor
2019-10-18 13:53:57,748 [main] INFO  ozone.HddsDatanodeService (HddsDatanodeService.java:start(184)) - HddsDatanodeService host:pr-hdds-2280-982rn-3954796538 ip:192.168.34.61
2019-10-18 13:53:57,749 [Datanode State Machine Thread - 0] INFO  datanode.InitDatanodeState (InitDatanodeState.java:persistContainerDatanodeDetails(140)) - DatanodeDetails is persisted to /workdir/hadoop-ozone/integration-test/target/test-dir/MiniOzoneClusterImpl-74b53c55-a47a-4ba0-940b-ff532fb51615/datanode-2/meta/datanode.id
2019-10-18 13:53:57,755 [main] INFO  volume.HddsVolume (HddsVolume.java:<init>(176)) - Creating Volume: /workdir/hadoop-ozone/integration-test/target/test-dir/MiniOzoneClusterImpl-74b53c55-a47a-4ba0-940b-ff532fb51615/datanode-3/data/containers/hdds of  storage type : DISK and capacity : 1482555576320
2019-10-18 13:53:57,756 [main] INFO  volume.VolumeSet (VolumeSet.java:initializeVolumeSet(170)) - Added Volume : /workdir/hadoop-ozone/integration-test/target/test-dir/MiniOzoneClusterImpl-74b53c55-a47a-4ba0-940b-ff532fb51615/datanode-3/data/containers/hdds to VolumeSet
2019-10-18 13:53:57,756 [main] INFO  volume.ThrottledAsyncChecker (ThrottledAsyncChecker.java:schedule(141)) - Scheduling a check for org.apache.hadoop.ozone.container.common.volume.HddsVolume@8432469
2019-10-18 13:53:57,756 [main] INFO  volume.HddsVolumeChecker (HddsVolumeChecker.java:checkAllVolumes(204)) - Scheduled health check for volume org.apache.hadoop.ozone.container.common.volume.HddsVolume@8432469
2019-10-18 13:53:57,772 [main] INFO  impl.RaftServerProxy (ConfUtils.java:logGet(43)) - raft.rpc.type = GRPC (default)
2019-10-18 13:53:57,772 [main] INFO  grpc.GrpcFactory (GrpcFactory.java:checkPooledByteBufAllocatorUseCacheForAllThreads(45)) - PERFORMANCE WARNING: useCacheForAllThreads is true that may cause Netty to create a lot garbage objects and, as a result, trigger GC.
	It is recommended to disable useCacheForAllThreads by setting -Dorg.apache.ratis.thirdparty.io.netty.allocator.useCacheForAllThreads=false in command line.
2019-10-18 13:53:57,772 [main] INFO  grpc.GrpcConfigKeys$Server (ConfUtils.java:logGet(43)) - raft.grpc.server.port = 0 (default)
2019-10-18 13:53:57,772 [main] INFO  server.GrpcService (ConfUtils.java:logGet(43)) - raft.grpc.message.size.max = 33570816 (custom)
2019-10-18 13:53:57,772 [main] INFO  server.RaftServerConfigKeys (ConfUtils.java:logGet(43)) - raft.server.log.appender.buffer.byte-limit = 33554432 (custom)
2019-10-18 13:53:57,773 [main] INFO  server.GrpcService (ConfUtils.java:logGet(43)) - raft.grpc.flow.control.window = 1MB (=1048576) (default)
2019-10-18 13:53:57,773 [main] INFO  server.RaftServerConfigKeys (ConfUtils.java:logGet(43)) - raft.server.rpc.request.timeout = 3000ms (default)
2019-10-18 13:53:57,773 [main] INFO  server.RaftServerConfigKeys (ConfUtils.java:logGet(43)) - raft.server.storage.dir = [/workdir/hadoop-ozone/integration-test/target/test-dir/MiniOzoneClusterImpl-74b53c55-a47a-4ba0-940b-ff532fb51615/datanode-3/data/ratis] (custom)
2019-10-18 13:53:57,775 [main] INFO  hdfs.DFSUtil (DFSUtil.java:httpServerTemplateForNNAndJN(1641)) - Starting Web-server for hddsDatanode at: http://0.0.0.0:0
2019-10-18 13:53:57,776 [main] INFO  server.AuthenticationFilter (AuthenticationFilter.java:constructSecretProvider(240)) - Unable to initialize FileSignerSecretProvider, falling back to use random secrets.
2019-10-18 13:53:57,776 [main] WARN  http.HttpRequestLog (HttpRequestLog.java:getRequestLog(97)) - Jetty request log can only be enabled using Log4j
2019-10-18 13:53:57,777 [main] INFO  http.HttpServer2 (HttpServer2.java:addGlobalFilter(975)) - Added global filter 'safety' (class=org.apache.hadoop.http.HttpServer2$QuotingInputFilter)
2019-10-18 13:53:57,778 [main] INFO  http.HttpServer2 (HttpServer2.java:addFilter(948)) - Added filter static_user_filter (class=org.apache.hadoop.http.lib.StaticUserWebFilter$StaticUserFilter) to context hddsDatanode
2019-10-18 13:53:57,778 [main] INFO  http.HttpServer2 (HttpServer2.java:addFilter(958)) - Added filter static_user_filter (class=org.apache.hadoop.http.lib.StaticUserWebFilter$StaticUserFilter) to context static
2019-10-18 13:53:57,778 [main] INFO  http.HttpServer2 (HttpServer2.java:addFilter(958)) - Added filter static_user_filter (class=org.apache.hadoop.http.lib.StaticUserWebFilter$StaticUserFilter) to context logs
2019-10-18 13:53:57,779 [main] INFO  http.HttpServer2 (HttpServer2.java:bindListener(1191)) - Jetty bound to port 45375
2019-10-18 13:53:57,779 [main] INFO  server.Server (Server.java:doStart(351)) - jetty-9.3.25.v20180904, build timestamp: 2018-09-04T21:11:46Z, git hash: 3ce520221d0240229c862b122d2b06c12a625732
2019-10-18 13:53:57,780 [main] INFO  handler.ContextHandler (ContextHandler.java:doStart(781)) - Started o.e.j.s.ServletContextHandler@39c7fb0b{/logs,file:///workdir/hadoop-ozone/integration-test/target/log,AVAILABLE}
2019-10-18 13:53:57,781 [main] INFO  handler.ContextHandler (ContextHandler.java:doStart(781)) - Started o.e.j.s.ServletContextHandler@48c5698{/static,jar:file:/home/user/.m2/repository/org/apache/hadoop/hadoop-hdds-container-service/0.5.0-SNAPSHOT/hadoop-hdds-container-service-0.5.0-SNAPSHOT.jar!/webapps/static,AVAILABLE}
2019-10-18 13:53:57,811 [main] INFO  handler.ContextHandler (ContextHandler.java:doStart(781)) - Started o.e.j.w.WebAppContext@39ace1a7{/,file:///tmp/jetty-0.0.0.0-45375-hddsDatanode-_-any-7864368414273308334.dir/webapp/,AVAILABLE}{/hddsDatanode}
2019-10-18 13:53:57,812 [main] INFO  server.AbstractConnector (AbstractConnector.java:doStart(278)) - Started ServerConnector@1930a804{HTTP/1.1,[http/1.1]}{0.0.0.0:45375}
2019-10-18 13:53:57,812 [main] INFO  server.Server (Server.java:doStart(419)) - Started @676962ms
2019-10-18 13:53:57,813 [main] WARN  impl.MetricsSystemImpl (MetricsSystemImpl.java:register(276)) - Sink prometheus already exists!
2019-10-18 13:53:57,814 [main] INFO  server.BaseHttpServer (BaseHttpServer.java:updateConnectorAddress(215)) - HTTP server of HDDSDATANODE is listening at http://0.0.0.0:45375
2019-10-18 13:53:57,814 [main] INFO  impl.MetricsSystemImpl (MetricsSystemImpl.java:init(158)) - HddsDatanode metrics system started (again)
2019-10-18 13:53:57,821 [org.apache.hadoop.util.JvmPauseMonitor$Monitor@70cb838b] INFO  util.JvmPauseMonitor (JvmPauseMonitor.java:run(188)) - Starting JVM pause monitor
2019-10-18 13:53:57,822 [main] INFO  ozone.HddsDatanodeService (HddsDatanodeService.java:start(184)) - HddsDatanodeService host:pr-hdds-2280-982rn-3954796538 ip:192.168.34.61
2019-10-18 13:53:57,823 [Datanode State Machine Thread - 0] INFO  datanode.InitDatanodeState (InitDatanodeState.java:persistContainerDatanodeDetails(140)) - DatanodeDetails is persisted to /workdir/hadoop-ozone/integration-test/target/test-dir/MiniOzoneClusterImpl-74b53c55-a47a-4ba0-940b-ff532fb51615/datanode-3/meta/datanode.id
2019-10-18 13:53:57,830 [main] INFO  volume.HddsVolume (HddsVolume.java:<init>(176)) - Creating Volume: /workdir/hadoop-ozone/integration-test/target/test-dir/MiniOzoneClusterImpl-74b53c55-a47a-4ba0-940b-ff532fb51615/datanode-4/data/containers/hdds of  storage type : DISK and capacity : 1482555576320
2019-10-18 13:53:57,831 [main] INFO  volume.VolumeSet (VolumeSet.java:initializeVolumeSet(170)) - Added Volume : /workdir/hadoop-ozone/integration-test/target/test-dir/MiniOzoneClusterImpl-74b53c55-a47a-4ba0-940b-ff532fb51615/datanode-4/data/containers/hdds to VolumeSet
2019-10-18 13:53:57,831 [main] INFO  volume.ThrottledAsyncChecker (ThrottledAsyncChecker.java:schedule(141)) - Scheduling a check for org.apache.hadoop.ozone.container.common.volume.HddsVolume@6e5f5478
2019-10-18 13:53:57,831 [main] INFO  volume.HddsVolumeChecker (HddsVolumeChecker.java:checkAllVolumes(204)) - Scheduled health check for volume org.apache.hadoop.ozone.container.common.volume.HddsVolume@6e5f5478
2019-10-18 13:53:57,845 [main] INFO  impl.RaftServerProxy (ConfUtils.java:logGet(43)) - raft.rpc.type = GRPC (default)
2019-10-18 13:53:57,845 [main] INFO  grpc.GrpcFactory (GrpcFactory.java:checkPooledByteBufAllocatorUseCacheForAllThreads(45)) - PERFORMANCE WARNING: useCacheForAllThreads is true that may cause Netty to create a lot garbage objects and, as a result, trigger GC.
	It is recommended to disable useCacheForAllThreads by setting -Dorg.apache.ratis.thirdparty.io.netty.allocator.useCacheForAllThreads=false in command line.
2019-10-18 13:53:57,845 [main] INFO  grpc.GrpcConfigKeys$Server (ConfUtils.java:logGet(43)) - raft.grpc.server.port = 0 (default)
2019-10-18 13:53:57,845 [main] INFO  server.GrpcService (ConfUtils.java:logGet(43)) - raft.grpc.message.size.max = 33570816 (custom)
2019-10-18 13:53:57,845 [main] INFO  server.RaftServerConfigKeys (ConfUtils.java:logGet(43)) - raft.server.log.appender.buffer.byte-limit = 33554432 (custom)
2019-10-18 13:53:57,845 [main] INFO  server.GrpcService (ConfUtils.java:logGet(43)) - raft.grpc.flow.control.window = 1MB (=1048576) (default)
2019-10-18 13:53:57,846 [main] INFO  server.RaftServerConfigKeys (ConfUtils.java:logGet(43)) - raft.server.rpc.request.timeout = 3000ms (default)
2019-10-18 13:53:57,846 [main] INFO  server.RaftServerConfigKeys (ConfUtils.java:logGet(43)) - raft.server.storage.dir = [/workdir/hadoop-ozone/integration-test/target/test-dir/MiniOzoneClusterImpl-74b53c55-a47a-4ba0-940b-ff532fb51615/datanode-4/data/ratis] (custom)
2019-10-18 13:53:57,859 [main] INFO  hdfs.DFSUtil (DFSUtil.java:httpServerTemplateForNNAndJN(1641)) - Starting Web-server for hddsDatanode at: http://0.0.0.0:0
2019-10-18 13:53:57,860 [main] INFO  server.AuthenticationFilter (AuthenticationFilter.java:constructSecretProvider(240)) - Unable to initialize FileSignerSecretProvider, falling back to use random secrets.
2019-10-18 13:53:57,860 [main] WARN  http.HttpRequestLog (HttpRequestLog.java:getRequestLog(97)) - Jetty request log can only be enabled using Log4j
2019-10-18 13:53:57,861 [main] INFO  http.HttpServer2 (HttpServer2.java:addGlobalFilter(975)) - Added global filter 'safety' (class=org.apache.hadoop.http.HttpServer2$QuotingInputFilter)
2019-10-18 13:53:57,862 [main] INFO  http.HttpServer2 (HttpServer2.java:addFilter(948)) - Added filter static_user_filter (class=org.apache.hadoop.http.lib.StaticUserWebFilter$StaticUserFilter) to context hddsDatanode
2019-10-18 13:53:57,862 [main] INFO  http.HttpServer2 (HttpServer2.java:addFilter(958)) - Added filter static_user_filter (class=org.apache.hadoop.http.lib.StaticUserWebFilter$StaticUserFilter) to context logs
2019-10-18 13:53:57,862 [main] INFO  http.HttpServer2 (HttpServer2.java:addFilter(958)) - Added filter static_user_filter (class=org.apache.hadoop.http.lib.StaticUserWebFilter$StaticUserFilter) to context static
2019-10-18 13:53:57,862 [main] INFO  http.HttpServer2 (HttpServer2.java:bindListener(1191)) - Jetty bound to port 46850
2019-10-18 13:53:57,863 [main] INFO  server.Server (Server.java:doStart(351)) - jetty-9.3.25.v20180904, build timestamp: 2018-09-04T21:11:46Z, git hash: 3ce520221d0240229c862b122d2b06c12a625732
2019-10-18 13:53:57,864 [main] INFO  handler.ContextHandler (ContextHandler.java:doStart(781)) - Started o.e.j.s.ServletContextHandler@27896d3b{/logs,file:///workdir/hadoop-ozone/integration-test/target/log,AVAILABLE}
2019-10-18 13:53:57,864 [main] INFO  handler.ContextHandler (ContextHandler.java:doStart(781)) - Started o.e.j.s.ServletContextHandler@6f3b13d0{/static,jar:file:/home/user/.m2/repository/org/apache/hadoop/hadoop-hdds-container-service/0.5.0-SNAPSHOT/hadoop-hdds-container-service-0.5.0-SNAPSHOT.jar!/webapps/static,AVAILABLE}
2019-10-18 13:53:57,892 [main] INFO  handler.ContextHandler (ContextHandler.java:doStart(781)) - Started o.e.j.w.WebAppContext@d1c5cf2{/,file:///tmp/jetty-0.0.0.0-46850-hddsDatanode-_-any-435875898068165044.dir/webapp/,AVAILABLE}{/hddsDatanode}
2019-10-18 13:53:57,892 [main] INFO  server.AbstractConnector (AbstractConnector.java:doStart(278)) - Started ServerConnector@7e0986c9{HTTP/1.1,[http/1.1]}{0.0.0.0:46850}
2019-10-18 13:53:57,894 [main] INFO  server.Server (Server.java:doStart(419)) - Started @677044ms
2019-10-18 13:53:57,894 [main] WARN  impl.MetricsSystemImpl (MetricsSystemImpl.java:register(276)) - Sink prometheus already exists!
2019-10-18 13:53:57,895 [main] INFO  server.BaseHttpServer (BaseHttpServer.java:updateConnectorAddress(215)) - HTTP server of HDDSDATANODE is listening at http://0.0.0.0:46850
2019-10-18 13:53:57,895 [main] INFO  impl.MetricsSystemImpl (MetricsSystemImpl.java:init(158)) - HddsDatanode metrics system started (again)
2019-10-18 13:53:57,903 [org.apache.hadoop.util.JvmPauseMonitor$Monitor@6e2350e2] INFO  util.JvmPauseMonitor (JvmPauseMonitor.java:run(188)) - Starting JVM pause monitor
2019-10-18 13:53:57,904 [main] INFO  ozone.HddsDatanodeService (HddsDatanodeService.java:start(184)) - HddsDatanodeService host:pr-hdds-2280-982rn-3954796538 ip:192.168.34.61
2019-10-18 13:53:57,904 [Datanode State Machine Thread - 0] INFO  datanode.InitDatanodeState (InitDatanodeState.java:persistContainerDatanodeDetails(140)) - DatanodeDetails is persisted to /workdir/hadoop-ozone/integration-test/target/test-dir/MiniOzoneClusterImpl-74b53c55-a47a-4ba0-940b-ff532fb51615/datanode-4/meta/datanode.id
2019-10-18 13:53:57,911 [main] INFO  volume.HddsVolume (HddsVolume.java:<init>(176)) - Creating Volume: /workdir/hadoop-ozone/integration-test/target/test-dir/MiniOzoneClusterImpl-74b53c55-a47a-4ba0-940b-ff532fb51615/datanode-5/data/containers/hdds of  storage type : DISK and capacity : 1482555576320
2019-10-18 13:53:57,911 [main] INFO  volume.VolumeSet (VolumeSet.java:initializeVolumeSet(170)) - Added Volume : /workdir/hadoop-ozone/integration-test/target/test-dir/MiniOzoneClusterImpl-74b53c55-a47a-4ba0-940b-ff532fb51615/datanode-5/data/containers/hdds to VolumeSet
2019-10-18 13:53:57,912 [main] INFO  volume.ThrottledAsyncChecker (ThrottledAsyncChecker.java:schedule(141)) - Scheduling a check for org.apache.hadoop.ozone.container.common.volume.HddsVolume@16ea0f22
2019-10-18 13:53:57,912 [main] INFO  volume.HddsVolumeChecker (HddsVolumeChecker.java:checkAllVolumes(204)) - Scheduled health check for volume org.apache.hadoop.ozone.container.common.volume.HddsVolume@16ea0f22
2019-10-18 13:53:57,925 [main] INFO  impl.RaftServerProxy (ConfUtils.java:logGet(43)) - raft.rpc.type = GRPC (default)
2019-10-18 13:53:57,925 [main] INFO  grpc.GrpcFactory (GrpcFactory.java:checkPooledByteBufAllocatorUseCacheForAllThreads(45)) - PERFORMANCE WARNING: useCacheForAllThreads is true that may cause Netty to create a lot garbage objects and, as a result, trigger GC.
	It is recommended to disable useCacheForAllThreads by setting -Dorg.apache.ratis.thirdparty.io.netty.allocator.useCacheForAllThreads=false in command line.
2019-10-18 13:53:57,925 [main] INFO  grpc.GrpcConfigKeys$Server (ConfUtils.java:logGet(43)) - raft.grpc.server.port = 0 (default)
2019-10-18 13:53:57,925 [main] INFO  server.GrpcService (ConfUtils.java:logGet(43)) - raft.grpc.message.size.max = 33570816 (custom)
2019-10-18 13:53:57,926 [main] INFO  server.RaftServerConfigKeys (ConfUtils.java:logGet(43)) - raft.server.log.appender.buffer.byte-limit = 33554432 (custom)
2019-10-18 13:53:57,926 [main] INFO  server.GrpcService (ConfUtils.java:logGet(43)) - raft.grpc.flow.control.window = 1MB (=1048576) (default)
2019-10-18 13:53:57,926 [main] INFO  server.RaftServerConfigKeys (ConfUtils.java:logGet(43)) - raft.server.rpc.request.timeout = 3000ms (default)
2019-10-18 13:53:57,926 [main] INFO  server.RaftServerConfigKeys (ConfUtils.java:logGet(43)) - raft.server.storage.dir = [/workdir/hadoop-ozone/integration-test/target/test-dir/MiniOzoneClusterImpl-74b53c55-a47a-4ba0-940b-ff532fb51615/datanode-5/data/ratis] (custom)
2019-10-18 13:53:57,928 [main] INFO  hdfs.DFSUtil (DFSUtil.java:httpServerTemplateForNNAndJN(1641)) - Starting Web-server for hddsDatanode at: http://0.0.0.0:0
2019-10-18 13:53:57,929 [main] INFO  server.AuthenticationFilter (AuthenticationFilter.java:constructSecretProvider(240)) - Unable to initialize FileSignerSecretProvider, falling back to use random secrets.
2019-10-18 13:53:57,929 [main] WARN  http.HttpRequestLog (HttpRequestLog.java:getRequestLog(97)) - Jetty request log can only be enabled using Log4j
2019-10-18 13:53:57,930 [main] INFO  http.HttpServer2 (HttpServer2.java:addGlobalFilter(975)) - Added global filter 'safety' (class=org.apache.hadoop.http.HttpServer2$QuotingInputFilter)
2019-10-18 13:53:57,931 [main] INFO  http.HttpServer2 (HttpServer2.java:addFilter(948)) - Added filter static_user_filter (class=org.apache.hadoop.http.lib.StaticUserWebFilter$StaticUserFilter) to context hddsDatanode
2019-10-18 13:53:57,931 [main] INFO  http.HttpServer2 (HttpServer2.java:addFilter(958)) - Added filter static_user_filter (class=org.apache.hadoop.http.lib.StaticUserWebFilter$StaticUserFilter) to context logs
2019-10-18 13:53:57,931 [main] INFO  http.HttpServer2 (HttpServer2.java:addFilter(958)) - Added filter static_user_filter (class=org.apache.hadoop.http.lib.StaticUserWebFilter$StaticUserFilter) to context static
2019-10-18 13:53:57,932 [main] INFO  http.HttpServer2 (HttpServer2.java:bindListener(1191)) - Jetty bound to port 45687
2019-10-18 13:53:57,932 [main] INFO  server.Server (Server.java:doStart(351)) - jetty-9.3.25.v20180904, build timestamp: 2018-09-04T21:11:46Z, git hash: 3ce520221d0240229c862b122d2b06c12a625732
2019-10-18 13:53:57,933 [main] INFO  handler.ContextHandler (ContextHandler.java:doStart(781)) - Started o.e.j.s.ServletContextHandler@62cd562d{/logs,file:///workdir/hadoop-ozone/integration-test/target/log,AVAILABLE}
2019-10-18 13:53:57,934 [main] INFO  handler.ContextHandler (ContextHandler.java:doStart(781)) - Started o.e.j.s.ServletContextHandler@4e7bc939{/static,jar:file:/home/user/.m2/repository/org/apache/hadoop/hadoop-hdds-container-service/0.5.0-SNAPSHOT/hadoop-hdds-container-service-0.5.0-SNAPSHOT.jar!/webapps/static,AVAILABLE}
2019-10-18 13:53:57,963 [main] INFO  handler.ContextHandler (ContextHandler.java:doStart(781)) - Started o.e.j.w.WebAppContext@6cceb281{/,file:///tmp/jetty-0.0.0.0-45687-hddsDatanode-_-any-5768357230915305178.dir/webapp/,AVAILABLE}{/hddsDatanode}
2019-10-18 13:53:57,963 [main] INFO  server.AbstractConnector (AbstractConnector.java:doStart(278)) - Started ServerConnector@7cca31fc{HTTP/1.1,[http/1.1]}{0.0.0.0:45687}
2019-10-18 13:53:57,965 [main] INFO  server.Server (Server.java:doStart(419)) - Started @677115ms
2019-10-18 13:53:57,965 [main] WARN  impl.MetricsSystemImpl (MetricsSystemImpl.java:register(276)) - Sink prometheus already exists!
2019-10-18 13:53:57,966 [main] INFO  server.BaseHttpServer (BaseHttpServer.java:updateConnectorAddress(215)) - HTTP server of HDDSDATANODE is listening at http://0.0.0.0:45687
2019-10-18 13:53:57,966 [main] INFO  impl.MetricsSystemImpl (MetricsSystemImpl.java:init(158)) - HddsDatanode metrics system started (again)
2019-10-18 13:53:57,974 [org.apache.hadoop.util.JvmPauseMonitor$Monitor@606576ba] INFO  util.JvmPauseMonitor (JvmPauseMonitor.java:run(188)) - Starting JVM pause monitor
2019-10-18 13:53:57,974 [main] INFO  ozone.HddsDatanodeService (HddsDatanodeService.java:start(184)) - HddsDatanodeService host:pr-hdds-2280-982rn-3954796538 ip:192.168.34.61
2019-10-18 13:53:57,975 [Datanode State Machine Thread - 0] INFO  datanode.InitDatanodeState (InitDatanodeState.java:persistContainerDatanodeDetails(140)) - DatanodeDetails is persisted to /workdir/hadoop-ozone/integration-test/target/test-dir/MiniOzoneClusterImpl-74b53c55-a47a-4ba0-940b-ff532fb51615/datanode-5/meta/datanode.id
2019-10-18 13:53:57,982 [main] INFO  volume.HddsVolume (HddsVolume.java:<init>(176)) - Creating Volume: /workdir/hadoop-ozone/integration-test/target/test-dir/MiniOzoneClusterImpl-74b53c55-a47a-4ba0-940b-ff532fb51615/datanode-6/data/containers/hdds of  storage type : DISK and capacity : 1482555576320
2019-10-18 13:53:57,982 [main] INFO  volume.VolumeSet (VolumeSet.java:initializeVolumeSet(170)) - Added Volume : /workdir/hadoop-ozone/integration-test/target/test-dir/MiniOzoneClusterImpl-74b53c55-a47a-4ba0-940b-ff532fb51615/datanode-6/data/containers/hdds to VolumeSet
2019-10-18 13:53:57,982 [main] INFO  volume.ThrottledAsyncChecker (ThrottledAsyncChecker.java:schedule(141)) - Scheduling a check for org.apache.hadoop.ozone.container.common.volume.HddsVolume@5df92089
2019-10-18 13:53:57,982 [main] INFO  volume.HddsVolumeChecker (HddsVolumeChecker.java:checkAllVolumes(204)) - Scheduled health check for volume org.apache.hadoop.ozone.container.common.volume.HddsVolume@5df92089
2019-10-18 13:53:57,993 [main] INFO  impl.RaftServerProxy (ConfUtils.java:logGet(43)) - raft.rpc.type = GRPC (default)
2019-10-18 13:53:57,993 [main] INFO  grpc.GrpcFactory (GrpcFactory.java:checkPooledByteBufAllocatorUseCacheForAllThreads(45)) - PERFORMANCE WARNING: useCacheForAllThreads is true that may cause Netty to create a lot garbage objects and, as a result, trigger GC.
	It is recommended to disable useCacheForAllThreads by setting -Dorg.apache.ratis.thirdparty.io.netty.allocator.useCacheForAllThreads=false in command line.
2019-10-18 13:53:57,993 [main] INFO  grpc.GrpcConfigKeys$Server (ConfUtils.java:logGet(43)) - raft.grpc.server.port = 0 (default)
2019-10-18 13:53:57,993 [main] INFO  server.GrpcService (ConfUtils.java:logGet(43)) - raft.grpc.message.size.max = 33570816 (custom)
2019-10-18 13:53:57,994 [main] INFO  server.RaftServerConfigKeys (ConfUtils.java:logGet(43)) - raft.server.log.appender.buffer.byte-limit = 33554432 (custom)
2019-10-18 13:53:57,994 [main] INFO  server.GrpcService (ConfUtils.java:logGet(43)) - raft.grpc.flow.control.window = 1MB (=1048576) (default)
2019-10-18 13:53:57,994 [main] INFO  server.RaftServerConfigKeys (ConfUtils.java:logGet(43)) - raft.server.rpc.request.timeout = 3000ms (default)
2019-10-18 13:53:57,994 [main] INFO  server.RaftServerConfigKeys (ConfUtils.java:logGet(43)) - raft.server.storage.dir = [/workdir/hadoop-ozone/integration-test/target/test-dir/MiniOzoneClusterImpl-74b53c55-a47a-4ba0-940b-ff532fb51615/datanode-6/data/ratis] (custom)
2019-10-18 13:53:57,995 [main] INFO  hdfs.DFSUtil (DFSUtil.java:httpServerTemplateForNNAndJN(1641)) - Starting Web-server for hddsDatanode at: http://0.0.0.0:0
2019-10-18 13:53:57,996 [main] INFO  server.AuthenticationFilter (AuthenticationFilter.java:constructSecretProvider(240)) - Unable to initialize FileSignerSecretProvider, falling back to use random secrets.
2019-10-18 13:53:57,997 [main] WARN  http.HttpRequestLog (HttpRequestLog.java:getRequestLog(97)) - Jetty request log can only be enabled using Log4j
2019-10-18 13:53:57,998 [main] INFO  http.HttpServer2 (HttpServer2.java:addGlobalFilter(975)) - Added global filter 'safety' (class=org.apache.hadoop.http.HttpServer2$QuotingInputFilter)
2019-10-18 13:53:57,998 [main] INFO  http.HttpServer2 (HttpServer2.java:addFilter(948)) - Added filter static_user_filter (class=org.apache.hadoop.http.lib.StaticUserWebFilter$StaticUserFilter) to context hddsDatanode
2019-10-18 13:53:57,998 [main] INFO  http.HttpServer2 (HttpServer2.java:addFilter(958)) - Added filter static_user_filter (class=org.apache.hadoop.http.lib.StaticUserWebFilter$StaticUserFilter) to context static
2019-10-18 13:53:57,998 [main] INFO  http.HttpServer2 (HttpServer2.java:addFilter(958)) - Added filter static_user_filter (class=org.apache.hadoop.http.lib.StaticUserWebFilter$StaticUserFilter) to context logs
2019-10-18 13:53:57,999 [main] INFO  http.HttpServer2 (HttpServer2.java:bindListener(1191)) - Jetty bound to port 46203
2019-10-18 13:53:57,999 [main] INFO  server.Server (Server.java:doStart(351)) - jetty-9.3.25.v20180904, build timestamp: 2018-09-04T21:11:46Z, git hash: 3ce520221d0240229c862b122d2b06c12a625732
2019-10-18 13:53:58,000 [main] INFO  handler.ContextHandler (ContextHandler.java:doStart(781)) - Started o.e.j.s.ServletContextHandler@2969a9a6{/logs,file:///workdir/hadoop-ozone/integration-test/target/log,AVAILABLE}
2019-10-18 13:53:58,000 [main] INFO  handler.ContextHandler (ContextHandler.java:doStart(781)) - Started o.e.j.s.ServletContextHandler@6182ffef{/static,jar:file:/home/user/.m2/repository/org/apache/hadoop/hadoop-hdds-container-service/0.5.0-SNAPSHOT/hadoop-hdds-container-service-0.5.0-SNAPSHOT.jar!/webapps/static,AVAILABLE}
2019-10-18 13:53:58,038 [main] INFO  handler.ContextHandler (ContextHandler.java:doStart(781)) - Started o.e.j.w.WebAppContext@1bfa5a13{/,file:///tmp/jetty-0.0.0.0-46203-hddsDatanode-_-any-1909051383869996874.dir/webapp/,AVAILABLE}{/hddsDatanode}
2019-10-18 13:53:58,039 [main] INFO  server.AbstractConnector (AbstractConnector.java:doStart(278)) - Started ServerConnector@1b1e1f02{HTTP/1.1,[http/1.1]}{0.0.0.0:46203}
2019-10-18 13:53:58,041 [main] INFO  server.Server (Server.java:doStart(419)) - Started @677191ms
2019-10-18 13:53:58,041 [main] WARN  impl.MetricsSystemImpl (MetricsSystemImpl.java:register(276)) - Sink prometheus already exists!
2019-10-18 13:53:58,042 [main] INFO  server.BaseHttpServer (BaseHttpServer.java:updateConnectorAddress(215)) - HTTP server of HDDSDATANODE is listening at http://0.0.0.0:46203
2019-10-18 13:53:58,042 [main] INFO  ozone.MiniOzoneClusterImpl (MiniOzoneClusterImpl.java:lambda$waitForClusterToBeReady$0(147)) - Waiting for cluster to be ready. Got 0 of 7 DN Heartbeats.
2019-10-18 13:53:58,043 [org.apache.hadoop.util.JvmPauseMonitor$Monitor@7bf89828] INFO  util.JvmPauseMonitor (JvmPauseMonitor.java:run(188)) - Starting JVM pause monitor
2019-10-18 13:53:58,044 [Datanode State Machine Thread - 0] INFO  datanode.InitDatanodeState (InitDatanodeState.java:persistContainerDatanodeDetails(140)) - DatanodeDetails is persisted to /workdir/hadoop-ozone/integration-test/target/test-dir/MiniOzoneClusterImpl-74b53c55-a47a-4ba0-940b-ff532fb51615/datanode-6/meta/datanode.id
2019-10-18 13:53:59,043 [main] INFO  ozone.MiniOzoneClusterImpl (MiniOzoneClusterImpl.java:lambda$waitForClusterToBeReady$0(147)) - Waiting for cluster to be ready. Got 0 of 7 DN Heartbeats.
2019-10-18 13:53:59,774 [Datanode State Machine Thread - 0] INFO  ozoneimpl.OzoneContainer (OzoneContainer.java:start(213)) - Attempting to start container services.
2019-10-18 13:53:59,774 [Datanode State Machine Thread - 0] INFO  ozoneimpl.OzoneContainer (OzoneContainer.java:start(213)) - Attempting to start container services.
2019-10-18 13:53:59,774 [Datanode State Machine Thread - 0] INFO  ozoneimpl.OzoneContainer (OzoneContainer.java:startContainerScrub(177)) - Background container scanner has been disabled.
2019-10-18 13:53:59,774 [Datanode State Machine Thread - 0] INFO  ozoneimpl.OzoneContainer (OzoneContainer.java:startContainerScrub(177)) - Background container scanner has been disabled.
2019-10-18 13:53:59,775 [Datanode State Machine Thread - 0] INFO  ratis.XceiverServerRatis (XceiverServerRatis.java:start(418)) - Starting XceiverServerRatis 14f3b2db-4e8c-4194-bb3f-405d0a3efd70 at port 0
2019-10-18 13:53:59,775 [Datanode State Machine Thread - 0] INFO  ratis.XceiverServerRatis (XceiverServerRatis.java:start(418)) - Starting XceiverServerRatis 0e2ca166-51cd-408c-96b2-af63247b3a52 at port 0
2019-10-18 13:53:59,786 [Datanode State Machine Thread - 0] INFO  impl.RaftServerProxy (RaftServerProxy.java:lambda$start$3(299)) - 0e2ca166-51cd-408c-96b2-af63247b3a52: start RPC server
2019-10-18 13:53:59,787 [Datanode State Machine Thread - 0] INFO  impl.RaftServerProxy (RaftServerProxy.java:lambda$start$3(299)) - 14f3b2db-4e8c-4194-bb3f-405d0a3efd70: start RPC server
2019-10-18 13:53:59,788 [Datanode State Machine Thread - 0] INFO  server.GrpcService (GrpcService.java:startImpl(158)) - 14f3b2db-4e8c-4194-bb3f-405d0a3efd70: GrpcService started, listening on 0.0.0.0/0.0.0.0:44930
2019-10-18 13:53:59,788 [Datanode State Machine Thread - 0] INFO  server.GrpcService (GrpcService.java:startImpl(158)) - 0e2ca166-51cd-408c-96b2-af63247b3a52: GrpcService started, listening on 0.0.0.0/0.0.0.0:45435
2019-10-18 13:53:59,788 [Datanode State Machine Thread - 0] INFO  ratis.XceiverServerRatis (XceiverServerRatis.java:start(428)) - XceiverServerRatis 14f3b2db-4e8c-4194-bb3f-405d0a3efd70 is started using port 44930
2019-10-18 13:53:59,788 [Datanode State Machine Thread - 0] INFO  ratis.XceiverServerRatis (XceiverServerRatis.java:start(428)) - XceiverServerRatis 0e2ca166-51cd-408c-96b2-af63247b3a52 is started using port 45435
2019-10-18 13:53:59,788 [Datanode State Machine Thread - 0] INFO  server.XceiverServerGrpc (XceiverServerGrpc.java:start(149)) - XceiverServerGrpc 14f3b2db-4e8c-4194-bb3f-405d0a3efd70 is started using port 44026
2019-10-18 13:53:59,788 [Datanode State Machine Thread - 0] INFO  server.XceiverServerGrpc (XceiverServerGrpc.java:start(149)) - XceiverServerGrpc 0e2ca166-51cd-408c-96b2-af63247b3a52 is started using port 34450
2019-10-18 13:53:59,811 [Datanode State Machine Thread - 0] INFO  ozoneimpl.OzoneContainer (OzoneContainer.java:start(213)) - Attempting to start container services.
2019-10-18 13:53:59,811 [Datanode State Machine Thread - 0] INFO  ozoneimpl.OzoneContainer (OzoneContainer.java:startContainerScrub(177)) - Background container scanner has been disabled.
2019-10-18 13:53:59,811 [Datanode State Machine Thread - 0] INFO  ratis.XceiverServerRatis (XceiverServerRatis.java:start(418)) - Starting XceiverServerRatis 70eeaf7e-3c12-423d-bbdb-6f2629d9397d at port 0
2019-10-18 13:53:59,817 [Datanode State Machine Thread - 0] INFO  impl.RaftServerProxy (RaftServerProxy.java:lambda$start$3(299)) - 70eeaf7e-3c12-423d-bbdb-6f2629d9397d: start RPC server
2019-10-18 13:53:59,817 [Datanode State Machine Thread - 0] INFO  server.GrpcService (GrpcService.java:startImpl(158)) - 70eeaf7e-3c12-423d-bbdb-6f2629d9397d: GrpcService started, listening on 0.0.0.0/0.0.0.0:34725
2019-10-18 13:53:59,817 [Datanode State Machine Thread - 0] INFO  ratis.XceiverServerRatis (XceiverServerRatis.java:start(428)) - XceiverServerRatis 70eeaf7e-3c12-423d-bbdb-6f2629d9397d is started using port 34725
2019-10-18 13:53:59,825 [Datanode State Machine Thread - 0] INFO  server.XceiverServerGrpc (XceiverServerGrpc.java:start(149)) - XceiverServerGrpc 70eeaf7e-3c12-423d-bbdb-6f2629d9397d is started using port 39853
2019-10-18 13:53:59,905 [Datanode State Machine Thread - 0] INFO  ozoneimpl.OzoneContainer (OzoneContainer.java:start(213)) - Attempting to start container services.
2019-10-18 13:53:59,906 [Datanode State Machine Thread - 0] INFO  ozoneimpl.OzoneContainer (OzoneContainer.java:startContainerScrub(177)) - Background container scanner has been disabled.
2019-10-18 13:53:59,906 [Datanode State Machine Thread - 0] INFO  ratis.XceiverServerRatis (XceiverServerRatis.java:start(418)) - Starting XceiverServerRatis fb6f87a4-8408-4a98-9903-4c6215d108ba at port 0
2019-10-18 13:53:59,911 [Datanode State Machine Thread - 0] INFO  impl.RaftServerProxy (RaftServerProxy.java:lambda$start$3(299)) - fb6f87a4-8408-4a98-9903-4c6215d108ba: start RPC server
2019-10-18 13:53:59,912 [Datanode State Machine Thread - 0] INFO  server.GrpcService (GrpcService.java:startImpl(158)) - fb6f87a4-8408-4a98-9903-4c6215d108ba: GrpcService started, listening on 0.0.0.0/0.0.0.0:45994
2019-10-18 13:53:59,912 [Datanode State Machine Thread - 0] INFO  ratis.XceiverServerRatis (XceiverServerRatis.java:start(428)) - XceiverServerRatis fb6f87a4-8408-4a98-9903-4c6215d108ba is started using port 45994
2019-10-18 13:53:59,913 [Datanode State Machine Thread - 0] INFO  server.XceiverServerGrpc (XceiverServerGrpc.java:start(149)) - XceiverServerGrpc fb6f87a4-8408-4a98-9903-4c6215d108ba is started using port 40570
2019-10-18 13:53:59,956 [Datanode State Machine Thread - 0] INFO  ozoneimpl.OzoneContainer (OzoneContainer.java:start(213)) - Attempting to start container services.
2019-10-18 13:53:59,957 [Datanode State Machine Thread - 0] INFO  ozoneimpl.OzoneContainer (OzoneContainer.java:startContainerScrub(177)) - Background container scanner has been disabled.
2019-10-18 13:53:59,957 [Datanode State Machine Thread - 0] INFO  ratis.XceiverServerRatis (XceiverServerRatis.java:start(418)) - Starting XceiverServerRatis d2333deb-71a5-40db-87e6-3e3e7a789f80 at port 0
2019-10-18 13:53:59,962 [Datanode State Machine Thread - 0] INFO  impl.RaftServerProxy (RaftServerProxy.java:lambda$start$3(299)) - d2333deb-71a5-40db-87e6-3e3e7a789f80: start RPC server
2019-10-18 13:53:59,962 [Datanode State Machine Thread - 0] INFO  server.GrpcService (GrpcService.java:startImpl(158)) - d2333deb-71a5-40db-87e6-3e3e7a789f80: GrpcService started, listening on 0.0.0.0/0.0.0.0:36163
2019-10-18 13:53:59,962 [Datanode State Machine Thread - 0] INFO  ratis.XceiverServerRatis (XceiverServerRatis.java:start(428)) - XceiverServerRatis d2333deb-71a5-40db-87e6-3e3e7a789f80 is started using port 36163
2019-10-18 13:53:59,963 [Datanode State Machine Thread - 0] INFO  server.XceiverServerGrpc (XceiverServerGrpc.java:start(149)) - XceiverServerGrpc d2333deb-71a5-40db-87e6-3e3e7a789f80 is started using port 42956
2019-10-18 13:53:59,998 [Datanode State Machine Thread - 0] INFO  ozoneimpl.OzoneContainer (OzoneContainer.java:start(213)) - Attempting to start container services.
2019-10-18 13:53:59,998 [Datanode State Machine Thread - 0] INFO  ozoneimpl.OzoneContainer (OzoneContainer.java:startContainerScrub(177)) - Background container scanner has been disabled.
2019-10-18 13:53:59,998 [Datanode State Machine Thread - 0] INFO  ratis.XceiverServerRatis (XceiverServerRatis.java:start(418)) - Starting XceiverServerRatis cbf4fc70-08db-417d-ad43-548bd376729e at port 0
2019-10-18 13:54:00,003 [Datanode State Machine Thread - 0] INFO  impl.RaftServerProxy (RaftServerProxy.java:lambda$start$3(299)) - cbf4fc70-08db-417d-ad43-548bd376729e: start RPC server
2019-10-18 13:54:00,004 [Datanode State Machine Thread - 0] INFO  server.GrpcService (GrpcService.java:startImpl(158)) - cbf4fc70-08db-417d-ad43-548bd376729e: GrpcService started, listening on 0.0.0.0/0.0.0.0:44436
2019-10-18 13:54:00,004 [Datanode State Machine Thread - 0] INFO  ratis.XceiverServerRatis (XceiverServerRatis.java:start(428)) - XceiverServerRatis cbf4fc70-08db-417d-ad43-548bd376729e is started using port 44436
2019-10-18 13:54:00,004 [Datanode State Machine Thread - 0] INFO  server.XceiverServerGrpc (XceiverServerGrpc.java:start(149)) - XceiverServerGrpc cbf4fc70-08db-417d-ad43-548bd376729e is started using port 42510
2019-10-18 13:54:00,043 [main] INFO  ozone.MiniOzoneClusterImpl (MiniOzoneClusterImpl.java:lambda$waitForClusterToBeReady$0(147)) - Waiting for cluster to be ready. Got 0 of 7 DN Heartbeats.
2019-10-18 13:54:00,068 [Datanode State Machine Thread - 0] INFO  ozoneimpl.OzoneContainer (OzoneContainer.java:start(213)) - Attempting to start container services.
2019-10-18 13:54:00,068 [Datanode State Machine Thread - 0] INFO  ozoneimpl.OzoneContainer (OzoneContainer.java:startContainerScrub(177)) - Background container scanner has been disabled.
2019-10-18 13:54:00,068 [Datanode State Machine Thread - 0] INFO  ratis.XceiverServerRatis (XceiverServerRatis.java:start(418)) - Starting XceiverServerRatis 93caec60-0fcc-4b2b-9d7f-7eb17bf04289 at port 0
2019-10-18 13:54:00,073 [Datanode State Machine Thread - 0] INFO  impl.RaftServerProxy (RaftServerProxy.java:lambda$start$3(299)) - 93caec60-0fcc-4b2b-9d7f-7eb17bf04289: start RPC server
2019-10-18 13:54:00,073 [Datanode State Machine Thread - 0] INFO  server.GrpcService (GrpcService.java:startImpl(158)) - 93caec60-0fcc-4b2b-9d7f-7eb17bf04289: GrpcService started, listening on 0.0.0.0/0.0.0.0:37339
2019-10-18 13:54:00,074 [Datanode State Machine Thread - 0] INFO  ratis.XceiverServerRatis (XceiverServerRatis.java:start(428)) - XceiverServerRatis 93caec60-0fcc-4b2b-9d7f-7eb17bf04289 is started using port 37339
2019-10-18 13:54:00,074 [Datanode State Machine Thread - 0] INFO  server.XceiverServerGrpc (XceiverServerGrpc.java:start(149)) - XceiverServerGrpc 93caec60-0fcc-4b2b-9d7f-7eb17bf04289 is started using port 43719
2019-10-18 13:54:01,043 [main] INFO  ozone.MiniOzoneClusterImpl (MiniOzoneClusterImpl.java:lambda$waitForClusterToBeReady$0(147)) - Waiting for cluster to be ready. Got 0 of 7 DN Heartbeats.
2019-10-18 13:54:01,619 [IPC Server handler 0 on 45328] INFO  net.NetworkTopology (NetworkTopologyImpl.java:add(111)) - Added a new node: /default-rack/14f3b2db-4e8c-4194-bb3f-405d0a3efd70
2019-10-18 13:54:01,621 [IPC Server handler 0 on 45328] INFO  node.SCMNodeManager (SCMNodeManager.java:register(268)) - Registered Data node : 14f3b2db-4e8c-4194-bb3f-405d0a3efd70{ip: 192.168.34.61, host: pr-hdds-2280-982rn-3954796538, networkLocation: /default-rack, certSerialId: null}
2019-10-18 13:54:01,621 [EventQueue-NodeRegistrationContainerReportForDataNodeSafeModeRule] INFO  safemode.SCMSafeModeManager (DataNodeSafeModeRule.java:process(71)) - SCM in safe mode. 1 DataNodes registered, 1 required.
2019-10-18 13:54:01,623 [EventQueue-NodeRegistrationContainerReportForContainerSafeModeRule] INFO  safemode.SCMSafeModeManager (SCMSafeModeManager.java:validateSafeModeExitRules(177)) - ScmSafeModeManager, all rules are successfully validated
2019-10-18 13:54:01,623 [EventQueue-NodeRegistrationContainerReportForContainerSafeModeRule] INFO  safemode.SCMSafeModeManager (SCMSafeModeManager.java:exitSafeMode(193)) - SCM exiting safe mode.
2019-10-18 13:54:01,629 [grpc-default-executor-4] INFO  impl.RaftServerProxy (RaftServerProxy.java:addNew(89)) - 14f3b2db-4e8c-4194-bb3f-405d0a3efd70: addNew group-4C3BA87013A9:[14f3b2db-4e8c-4194-bb3f-405d0a3efd70:192.168.34.61:44930] returns group-4C3BA87013A9:java.util.concurrent.CompletableFuture@2e07485b[Not completed]
2019-10-18 13:54:01,631 [pool-589-thread-1] INFO  impl.RaftServerImpl (RaftServerImpl.java:<init>(95)) - 14f3b2db-4e8c-4194-bb3f-405d0a3efd70: new RaftServerImpl for group-4C3BA87013A9:[14f3b2db-4e8c-4194-bb3f-405d0a3efd70:192.168.34.61:44930] with ContainerStateMachine:uninitialized
2019-10-18 13:54:01,631 [pool-589-thread-1] INFO  server.RaftServerConfigKeys (ConfUtils.java:logGet(43)) - raft.server.rpc.timeout.min = 5s (custom)
2019-10-18 13:54:01,631 [pool-589-thread-1] INFO  server.RaftServerConfigKeys (ConfUtils.java:logGet(43)) - raft.server.rpc.timeout.max = 5200ms (custom)
2019-10-18 13:54:01,631 [pool-589-thread-1] INFO  server.RaftServerConfigKeys (ConfUtils.java:logGet(43)) - raft.server.rpcslowness.timeout = 120s (custom)
2019-10-18 13:54:01,632 [pool-589-thread-1] INFO  server.RaftServerConfigKeys (ConfUtils.java:logGet(43)) - raft.server.sleep.deviation.threshold = 300 (default)
2019-10-18 13:54:01,632 [pool-589-thread-1] INFO  server.RaftServerConfigKeys (ConfUtils.java:logGet(43)) - raft.server.log.appender.install.snapshot.enabled = false (custom)
2019-10-18 13:54:01,632 [pool-589-thread-1] INFO  impl.RaftServerImpl (ServerState.java:<init>(103)) - 14f3b2db-4e8c-4194-bb3f-405d0a3efd70@group-4C3BA87013A9: ConfigurationManager, init=-1: [14f3b2db-4e8c-4194-bb3f-405d0a3efd70:192.168.34.61:44930], old=null, confs=<EMPTY_MAP>
2019-10-18 13:54:01,632 [pool-589-thread-1] INFO  server.RaftServerConfigKeys (ConfUtils.java:logGet(43)) - raft.server.storage.dir = [/workdir/hadoop-ozone/integration-test/target/test-dir/MiniOzoneClusterImpl-74b53c55-a47a-4ba0-940b-ff532fb51615/datanode-0/data/ratis] (custom)
2019-10-18 13:54:01,632 [pool-589-thread-1] INFO  server.RaftServerConfigKeys (ConfUtils.java:logGet(43)) - raft.server.log.corruption.policy = EXCEPTION (default)
2019-10-18 13:54:01,633 [pool-589-thread-1] INFO  storage.RaftStorageDirectory (RaftStorageDirectory.java:analyzeStorage(246)) - The storage directory /workdir/hadoop-ozone/integration-test/target/test-dir/MiniOzoneClusterImpl-74b53c55-a47a-4ba0-940b-ff532fb51615/datanode-0/data/ratis/be7b9b05-724c-4aef-b662-4c3ba87013a9 does not exist. Creating ...
2019-10-18 13:54:01,656 [pool-589-thread-1] INFO  storage.RaftStorageDirectory (RaftStorageDirectory.java:tryLock(328)) - Lock on /workdir/hadoop-ozone/integration-test/target/test-dir/MiniOzoneClusterImpl-74b53c55-a47a-4ba0-940b-ff532fb51615/datanode-0/data/ratis/be7b9b05-724c-4aef-b662-4c3ba87013a9/in_use.lock acquired by nodename 2894@pr-hdds-2280-982rn-3954796538
2019-10-18 13:54:01,680 [IPC Server handler 1 on 45328] INFO  net.NetworkTopology (NetworkTopologyImpl.java:add(111)) - Added a new node: /default-rack/0e2ca166-51cd-408c-96b2-af63247b3a52
2019-10-18 13:54:01,680 [IPC Server handler 1 on 45328] INFO  node.SCMNodeManager (SCMNodeManager.java:register(268)) - Registered Data node : 0e2ca166-51cd-408c-96b2-af63247b3a52{ip: 192.168.34.61, host: pr-hdds-2280-982rn-3954796538, networkLocation: /default-rack, certSerialId: null}
2019-10-18 13:54:01,684 [pool-589-thread-1] INFO  storage.RaftStorage (RaftStorage.java:format(84)) - Storage directory /workdir/hadoop-ozone/integration-test/target/test-dir/MiniOzoneClusterImpl-74b53c55-a47a-4ba0-940b-ff532fb51615/datanode-0/data/ratis/be7b9b05-724c-4aef-b662-4c3ba87013a9 has been successfully formatted.
2019-10-18 13:54:01,684 [pool-589-thread-1] INFO  ratis.ContainerStateMachine (ContainerStateMachine.java:loadSnapshot(231)) - group-4C3BA87013A9: The snapshot info is null. Setting the last applied indexto:(t:0, i:~)
2019-10-18 13:54:01,684 [pool-589-thread-1] INFO  server.RaftServerConfigKeys (ConfUtils.java:logGet(43)) - raft.server.notification.no-leader.timeout = 120s (custom)
2019-10-18 13:54:01,684 [pool-589-thread-1] INFO  server.RaftServerConfigKeys (ConfUtils.java:logGet(43)) - raft.server.log.use.memory = false (default)
2019-10-18 13:54:01,684 [pool-589-thread-1] INFO  server.RaftServerConfigKeys (ConfUtils.java:logGet(43)) - raft.server.log.purge.gap = 1000000 (custom)
2019-10-18 13:54:01,684 [pool-589-thread-1] INFO  server.RaftServerConfigKeys (ConfUtils.java:logGet(43)) - raft.server.log.appender.buffer.byte-limit = 33554432 (custom)
2019-10-18 13:54:01,684 [pool-589-thread-1] INFO  server.RaftServerConfigKeys (ConfUtils.java:logGet(43)) - raft.server.log.segment.size.max = 1048576 (custom)
2019-10-18 13:54:01,685 [pool-589-thread-1] INFO  server.RaftServerConfigKeys (ConfUtils.java:logGet(43)) - raft.server.log.segment.cache.num.max = 2 (custom)
2019-10-18 13:54:01,685 [pool-589-thread-1] INFO  segmented.SegmentedRaftLogWorker (SegmentedRaftLogWorker.java:<init>(173)) - new 14f3b2db-4e8c-4194-bb3f-405d0a3efd70@group-4C3BA87013A9-SegmentedRaftLogWorker for RaftStorage:Storage Directory /workdir/hadoop-ozone/integration-test/target/test-dir/MiniOzoneClusterImpl-74b53c55-a47a-4ba0-940b-ff532fb51615/datanode-0/data/ratis/be7b9b05-724c-4aef-b662-4c3ba87013a9
2019-10-18 13:54:01,685 [pool-589-thread-1] INFO  server.RaftServerConfigKeys (ConfUtils.java:logGet(43)) - raft.server.log.queue.byte-limit = 2147483647 (custom)
2019-10-18 13:54:01,685 [pool-589-thread-1] INFO  server.RaftServerConfigKeys (ConfUtils.java:logGet(43)) - raft.server.log.queue.element-limit = 1024 (custom)
2019-10-18 13:54:01,685 [pool-589-thread-1] INFO  server.RaftServerConfigKeys (ConfUtils.java:logGet(43)) - raft.server.log.segment.size.max = 1048576 (custom)
2019-10-18 13:54:01,685 [pool-589-thread-1] INFO  server.RaftServerConfigKeys (ConfUtils.java:logGet(43)) - raft.server.log.preallocated.size = 16384 (custom)
2019-10-18 13:54:01,686 [pool-589-thread-1] INFO  server.RaftServerConfigKeys (ConfUtils.java:logGet(43)) - raft.server.log.write.buffer.size = 33554432 (custom)
2019-10-18 13:54:01,686 [pool-589-thread-1] INFO  server.RaftServerConfigKeys (ConfUtils.java:logGet(43)) - raft.server.log.force.sync.num = 128 (default)
2019-10-18 13:54:01,686 [pool-589-thread-1] INFO  server.RaftServerConfigKeys (ConfUtils.java:logGet(43)) - raft.server.log.statemachine.data.sync = true (default)
2019-10-18 13:54:01,686 [pool-589-thread-1] INFO  server.RaftServerConfigKeys (ConfUtils.java:logGet(43)) - raft.server.log.statemachine.data.sync.timeout = 10s (default)
2019-10-18 13:54:01,686 [pool-589-thread-1] INFO  server.RaftServerConfigKeys (ConfUtils.java:logGet(43)) - raft.server.log.statemachine.data.sync.timeout.retry = -1 (default)
2019-10-18 13:54:01,686 [pool-589-thread-1] INFO  server.RaftServerConfigKeys (ConfUtils.java:logGet(43)) - raft.server.log.statemachine.data.caching.enabled = true (custom)
2019-10-18 13:54:01,686 [pool-589-thread-1] INFO  segmented.SegmentedRaftLogWorker (SegmentedRaftLogWorker.java:lambda$new$0(128)) - 14f3b2db-4e8c-4194-bb3f-405d0a3efd70@group-4C3BA87013A9-SegmentedRaftLogWorker: flushIndex: setUnconditionally 0 -> -1
2019-10-18 13:54:01,686 [pool-589-thread-1] INFO  server.RaftServerConfigKeys (ConfUtils.java:logGet(43)) - raft.server.snapshot.auto.trigger.enabled = true (custom)
2019-10-18 13:54:01,687 [pool-589-thread-1] INFO  server.RaftServerConfigKeys (ConfUtils.java:logGet(43)) - raft.server.snapshot.auto.trigger.threshold = 10000 (custom)
2019-10-18 13:54:01,687 [pool-589-thread-1] INFO  server.RaftServerConfigKeys (ConfUtils.java:logGet(43)) - raft.server.snapshot.retention.file.num = 5 (custom)
2019-10-18 13:54:01,687 [pool-589-thread-1] INFO  server.RaftServerConfigKeys (ConfUtils.java:logGet(43)) - raft.server.retrycache.expirytime = 600000ms (custom)
2019-10-18 13:54:01,688 [pool-589-thread-1] INFO  impl.RaftServerImpl (RaftServerImpl.java:start(181)) - 14f3b2db-4e8c-4194-bb3f-405d0a3efd70@group-4C3BA87013A9: start as a follower, conf=-1: [14f3b2db-4e8c-4194-bb3f-405d0a3efd70:192.168.34.61:44930], old=null
2019-10-18 13:54:01,688 [pool-589-thread-1] INFO  impl.RaftServerImpl (RaftServerImpl.java:setRole(170)) - 14f3b2db-4e8c-4194-bb3f-405d0a3efd70@group-4C3BA87013A9: changes role from      null to FOLLOWER at term 0 for startAsFollower
2019-10-18 13:54:01,688 [pool-589-thread-1] INFO  impl.RoleInfo (RoleInfo.java:updateAndGet(143)) - 14f3b2db-4e8c-4194-bb3f-405d0a3efd70: start FollowerState
2019-10-18 13:54:01,688 [pool-589-thread-1] INFO  util.JmxRegister (JmxRegister.java:tryRegister(44)) - Successfully registered JMX Bean with object name Ratis:service=RaftServer,group=group-4C3BA87013A9,id=14f3b2db-4e8c-4194-bb3f-405d0a3efd70
2019-10-18 13:54:01,691 [RatisPipelineUtilsThread] INFO  pipeline.PipelineStateManager (PipelineStateManager.java:addPipeline(56)) - Created pipeline Pipeline[ Id: be7b9b05-724c-4aef-b662-4c3ba87013a9, Nodes: 14f3b2db-4e8c-4194-bb3f-405d0a3efd70{ip: 192.168.34.61, host: pr-hdds-2280-982rn-3954796538, networkLocation: /default-rack, certSerialId: null}, Type:RATIS, Factor:ONE, State:OPEN]
2019-10-18 13:54:01,705 [grpc-default-executor-4] INFO  impl.RaftServerProxy (RaftServerProxy.java:addNew(89)) - 0e2ca166-51cd-408c-96b2-af63247b3a52: addNew group-6FD57C2DFBE6:[0e2ca166-51cd-408c-96b2-af63247b3a52:192.168.34.61:45435] returns group-6FD57C2DFBE6:java.util.concurrent.CompletableFuture@cbe1d6f[Not completed]
2019-10-18 13:54:01,705 [pool-599-thread-1] INFO  impl.RaftServerImpl (RaftServerImpl.java:<init>(95)) - 0e2ca166-51cd-408c-96b2-af63247b3a52: new RaftServerImpl for group-6FD57C2DFBE6:[0e2ca166-51cd-408c-96b2-af63247b3a52:192.168.34.61:45435] with ContainerStateMachine:uninitialized
2019-10-18 13:54:01,705 [pool-599-thread-1] INFO  server.RaftServerConfigKeys (ConfUtils.java:logGet(43)) - raft.server.rpc.timeout.min = 5s (custom)
2019-10-18 13:54:01,706 [pool-599-thread-1] INFO  server.RaftServerConfigKeys (ConfUtils.java:logGet(43)) - raft.server.rpc.timeout.max = 5200ms (custom)
2019-10-18 13:54:01,706 [pool-599-thread-1] INFO  server.RaftServerConfigKeys (ConfUtils.java:logGet(43)) - raft.server.rpcslowness.timeout = 120s (custom)
2019-10-18 13:54:01,706 [pool-599-thread-1] INFO  server.RaftServerConfigKeys (ConfUtils.java:logGet(43)) - raft.server.sleep.deviation.threshold = 300 (default)
2019-10-18 13:54:01,706 [pool-599-thread-1] INFO  server.RaftServerConfigKeys (ConfUtils.java:logGet(43)) - raft.server.log.appender.install.snapshot.enabled = false (custom)
2019-10-18 13:54:01,706 [pool-599-thread-1] INFO  impl.RaftServerImpl (ServerState.java:<init>(103)) - 0e2ca166-51cd-408c-96b2-af63247b3a52@group-6FD57C2DFBE6: ConfigurationManager, init=-1: [0e2ca166-51cd-408c-96b2-af63247b3a52:192.168.34.61:45435], old=null, confs=<EMPTY_MAP>
2019-10-18 13:54:01,706 [pool-599-thread-1] INFO  server.RaftServerConfigKeys (ConfUtils.java:logGet(43)) - raft.server.storage.dir = [/workdir/hadoop-ozone/integration-test/target/test-dir/MiniOzoneClusterImpl-74b53c55-a47a-4ba0-940b-ff532fb51615/datanode-1/data/ratis] (custom)
2019-10-18 13:54:01,706 [pool-599-thread-1] INFO  server.RaftServerConfigKeys (ConfUtils.java:logGet(43)) - raft.server.log.corruption.policy = EXCEPTION (default)
2019-10-18 13:54:01,706 [pool-599-thread-1] INFO  storage.RaftStorageDirectory (RaftStorageDirectory.java:analyzeStorage(246)) - The storage directory /workdir/hadoop-ozone/integration-test/target/test-dir/MiniOzoneClusterImpl-74b53c55-a47a-4ba0-940b-ff532fb51615/datanode-1/data/ratis/86d96d33-5c6d-4a10-8e5f-6fd57c2dfbe6 does not exist. Creating ...
2019-10-18 13:54:01,730 [pool-599-thread-1] INFO  storage.RaftStorageDirectory (RaftStorageDirectory.java:tryLock(328)) - Lock on /workdir/hadoop-ozone/integration-test/target/test-dir/MiniOzoneClusterImpl-74b53c55-a47a-4ba0-940b-ff532fb51615/datanode-1/data/ratis/86d96d33-5c6d-4a10-8e5f-6fd57c2dfbe6/in_use.lock acquired by nodename 2894@pr-hdds-2280-982rn-3954796538
2019-10-18 13:54:01,748 [pool-599-thread-1] INFO  storage.RaftStorage (RaftStorage.java:format(84)) - Storage directory /workdir/hadoop-ozone/integration-test/target/test-dir/MiniOzoneClusterImpl-74b53c55-a47a-4ba0-940b-ff532fb51615/datanode-1/data/ratis/86d96d33-5c6d-4a10-8e5f-6fd57c2dfbe6 has been successfully formatted.
2019-10-18 13:54:01,748 [IPC Server handler 2 on 45328] INFO  net.NetworkTopology (NetworkTopologyImpl.java:add(111)) - Added a new node: /default-rack/70eeaf7e-3c12-423d-bbdb-6f2629d9397d
2019-10-18 13:54:01,748 [pool-599-thread-1] INFO  ratis.ContainerStateMachine (ContainerStateMachine.java:loadSnapshot(231)) - group-6FD57C2DFBE6: The snapshot info is null. Setting the last applied indexto:(t:0, i:~)
2019-10-18 13:54:01,748 [IPC Server handler 2 on 45328] INFO  node.SCMNodeManager (SCMNodeManager.java:register(268)) - Registered Data node : 70eeaf7e-3c12-423d-bbdb-6f2629d9397d{ip: 192.168.34.61, host: pr-hdds-2280-982rn-3954796538, networkLocation: /default-rack, certSerialId: null}
2019-10-18 13:54:01,748 [pool-599-thread-1] INFO  server.RaftServerConfigKeys (ConfUtils.java:logGet(43)) - raft.server.notification.no-leader.timeout = 120s (custom)
2019-10-18 13:54:01,749 [pool-599-thread-1] INFO  server.RaftServerConfigKeys (ConfUtils.java:logGet(43)) - raft.server.log.use.memory = false (default)
2019-10-18 13:54:01,749 [pool-599-thread-1] INFO  server.RaftServerConfigKeys (ConfUtils.java:logGet(43)) - raft.server.log.purge.gap = 1000000 (custom)
2019-10-18 13:54:01,749 [pool-599-thread-1] INFO  server.RaftServerConfigKeys (ConfUtils.java:logGet(43)) - raft.server.log.appender.buffer.byte-limit = 33554432 (custom)
2019-10-18 13:54:01,749 [pool-599-thread-1] INFO  server.RaftServerConfigKeys (ConfUtils.java:logGet(43)) - raft.server.log.segment.size.max = 1048576 (custom)
2019-10-18 13:54:01,750 [pool-599-thread-1] INFO  server.RaftServerConfigKeys (ConfUtils.java:logGet(43)) - raft.server.log.segment.cache.num.max = 2 (custom)
2019-10-18 13:54:01,750 [pool-599-thread-1] INFO  segmented.SegmentedRaftLogWorker (SegmentedRaftLogWorker.java:<init>(173)) - new 0e2ca166-51cd-408c-96b2-af63247b3a52@group-6FD57C2DFBE6-SegmentedRaftLogWorker for RaftStorage:Storage Directory /workdir/hadoop-ozone/integration-test/target/test-dir/MiniOzoneClusterImpl-74b53c55-a47a-4ba0-940b-ff532fb51615/datanode-1/data/ratis/86d96d33-5c6d-4a10-8e5f-6fd57c2dfbe6
2019-10-18 13:54:01,750 [pool-599-thread-1] INFO  server.RaftServerConfigKeys (ConfUtils.java:logGet(43)) - raft.server.log.queue.byte-limit = 2147483647 (custom)
2019-10-18 13:54:01,750 [pool-599-thread-1] INFO  server.RaftServerConfigKeys (ConfUtils.java:logGet(43)) - raft.server.log.queue.element-limit = 1024 (custom)
2019-10-18 13:54:01,750 [pool-599-thread-1] INFO  server.RaftServerConfigKeys (ConfUtils.java:logGet(43)) - raft.server.log.segment.size.max = 1048576 (custom)
2019-10-18 13:54:01,750 [pool-599-thread-1] INFO  server.RaftServerConfigKeys (ConfUtils.java:logGet(43)) - raft.server.log.preallocated.size = 16384 (custom)
2019-10-18 13:54:01,750 [pool-599-thread-1] INFO  server.RaftServerConfigKeys (ConfUtils.java:logGet(43)) - raft.server.log.write.buffer.size = 33554432 (custom)
2019-10-18 13:54:01,751 [pool-599-thread-1] INFO  server.RaftServerConfigKeys (ConfUtils.java:logGet(43)) - raft.server.log.force.sync.num = 128 (default)
2019-10-18 13:54:01,751 [pool-599-thread-1] INFO  server.RaftServerConfigKeys (ConfUtils.java:logGet(43)) - raft.server.log.statemachine.data.sync = true (default)
2019-10-18 13:54:01,751 [pool-599-thread-1] INFO  server.RaftServerConfigKeys (ConfUtils.java:logGet(43)) - raft.server.log.statemachine.data.sync.timeout = 10s (default)
2019-10-18 13:54:01,751 [pool-599-thread-1] INFO  server.RaftServerConfigKeys (ConfUtils.java:logGet(43)) - raft.server.log.statemachine.data.sync.timeout.retry = -1 (default)
2019-10-18 13:54:01,751 [pool-599-thread-1] INFO  server.RaftServerConfigKeys (ConfUtils.java:logGet(43)) - raft.server.log.statemachine.data.caching.enabled = true (custom)
2019-10-18 13:54:01,751 [pool-599-thread-1] INFO  segmented.SegmentedRaftLogWorker (SegmentedRaftLogWorker.java:lambda$new$0(128)) - 0e2ca166-51cd-408c-96b2-af63247b3a52@group-6FD57C2DFBE6-SegmentedRaftLogWorker: flushIndex: setUnconditionally 0 -> -1
2019-10-18 13:54:01,751 [pool-599-thread-1] INFO  server.RaftServerConfigKeys (ConfUtils.java:logGet(43)) - raft.server.snapshot.auto.trigger.enabled = true (custom)
2019-10-18 13:54:01,751 [pool-599-thread-1] INFO  server.RaftServerConfigKeys (ConfUtils.java:logGet(43)) - raft.server.snapshot.auto.trigger.threshold = 10000 (custom)
2019-10-18 13:54:01,752 [pool-599-thread-1] INFO  server.RaftServerConfigKeys (ConfUtils.java:logGet(43)) - raft.server.snapshot.retention.file.num = 5 (custom)
2019-10-18 13:54:01,752 [pool-599-thread-1] INFO  server.RaftServerConfigKeys (ConfUtils.java:logGet(43)) - raft.server.retrycache.expirytime = 600000ms (custom)
2019-10-18 13:54:01,752 [pool-599-thread-1] INFO  impl.RaftServerImpl (RaftServerImpl.java:start(181)) - 0e2ca166-51cd-408c-96b2-af63247b3a52@group-6FD57C2DFBE6: start as a follower, conf=-1: [0e2ca166-51cd-408c-96b2-af63247b3a52:192.168.34.61:45435], old=null
2019-10-18 13:54:01,753 [pool-599-thread-1] INFO  impl.RaftServerImpl (RaftServerImpl.java:setRole(170)) - 0e2ca166-51cd-408c-96b2-af63247b3a52@group-6FD57C2DFBE6: changes role from      null to FOLLOWER at term 0 for startAsFollower
2019-10-18 13:54:01,753 [pool-599-thread-1] INFO  impl.RoleInfo (RoleInfo.java:updateAndGet(143)) - 0e2ca166-51cd-408c-96b2-af63247b3a52: start FollowerState
2019-10-18 13:54:01,753 [pool-599-thread-1] INFO  util.JmxRegister (JmxRegister.java:tryRegister(44)) - Successfully registered JMX Bean with object name Ratis:service=RaftServer,group=group-6FD57C2DFBE6,id=0e2ca166-51cd-408c-96b2-af63247b3a52
2019-10-18 13:54:01,755 [RatisPipelineUtilsThread] INFO  pipeline.PipelineStateManager (PipelineStateManager.java:addPipeline(56)) - Created pipeline Pipeline[ Id: 86d96d33-5c6d-4a10-8e5f-6fd57c2dfbe6, Nodes: 0e2ca166-51cd-408c-96b2-af63247b3a52{ip: 192.168.34.61, host: pr-hdds-2280-982rn-3954796538, networkLocation: /default-rack, certSerialId: null}, Type:RATIS, Factor:ONE, State:OPEN]
2019-10-18 13:54:01,760 [grpc-default-executor-4] INFO  impl.RaftServerProxy (RaftServerProxy.java:addNew(89)) - 70eeaf7e-3c12-423d-bbdb-6f2629d9397d: addNew group-5D207EC10404:[70eeaf7e-3c12-423d-bbdb-6f2629d9397d:192.168.34.61:34725] returns group-5D207EC10404:java.util.concurrent.CompletableFuture@32bdd2cc[Not completed]
2019-10-18 13:54:01,761 [pool-609-thread-1] INFO  impl.RaftServerImpl (RaftServerImpl.java:<init>(95)) - 70eeaf7e-3c12-423d-bbdb-6f2629d9397d: new RaftServerImpl for group-5D207EC10404:[70eeaf7e-3c12-423d-bbdb-6f2629d9397d:192.168.34.61:34725] with ContainerStateMachine:uninitialized
2019-10-18 13:54:01,761 [pool-609-thread-1] INFO  server.RaftServerConfigKeys (ConfUtils.java:logGet(43)) - raft.server.rpc.timeout.min = 5s (custom)
2019-10-18 13:54:01,761 [pool-609-thread-1] INFO  server.RaftServerConfigKeys (ConfUtils.java:logGet(43)) - raft.server.rpc.timeout.max = 5200ms (custom)
2019-10-18 13:54:01,761 [pool-609-thread-1] INFO  server.RaftServerConfigKeys (ConfUtils.java:logGet(43)) - raft.server.rpcslowness.timeout = 120s (custom)
2019-10-18 13:54:01,761 [pool-609-thread-1] INFO  server.RaftServerConfigKeys (ConfUtils.java:logGet(43)) - raft.server.sleep.deviation.threshold = 300 (default)
2019-10-18 13:54:01,761 [pool-609-thread-1] INFO  server.RaftServerConfigKeys (ConfUtils.java:logGet(43)) - raft.server.log.appender.install.snapshot.enabled = false (custom)
2019-10-18 13:54:01,762 [pool-609-thread-1] INFO  impl.RaftServerImpl (ServerState.java:<init>(103)) - 70eeaf7e-3c12-423d-bbdb-6f2629d9397d@group-5D207EC10404: ConfigurationManager, init=-1: [70eeaf7e-3c12-423d-bbdb-6f2629d9397d:192.168.34.61:34725], old=null, confs=<EMPTY_MAP>
2019-10-18 13:54:01,762 [pool-609-thread-1] INFO  server.RaftServerConfigKeys (ConfUtils.java:logGet(43)) - raft.server.storage.dir = [/workdir/hadoop-ozone/integration-test/target/test-dir/MiniOzoneClusterImpl-74b53c55-a47a-4ba0-940b-ff532fb51615/datanode-2/data/ratis] (custom)
2019-10-18 13:54:01,762 [pool-609-thread-1] INFO  server.RaftServerConfigKeys (ConfUtils.java:logGet(43)) - raft.server.log.corruption.policy = EXCEPTION (default)
2019-10-18 13:54:01,762 [pool-609-thread-1] INFO  storage.RaftStorageDirectory (RaftStorageDirectory.java:analyzeStorage(246)) - The storage directory /workdir/hadoop-ozone/integration-test/target/test-dir/MiniOzoneClusterImpl-74b53c55-a47a-4ba0-940b-ff532fb51615/datanode-2/data/ratis/8d8b0310-d63c-40b0-b7d3-5d207ec10404 does not exist. Creating ...
2019-10-18 13:54:01,805 [pool-609-thread-1] INFO  storage.RaftStorageDirectory (RaftStorageDirectory.java:tryLock(328)) - Lock on /workdir/hadoop-ozone/integration-test/target/test-dir/MiniOzoneClusterImpl-74b53c55-a47a-4ba0-940b-ff532fb51615/datanode-2/data/ratis/8d8b0310-d63c-40b0-b7d3-5d207ec10404/in_use.lock acquired by nodename 2894@pr-hdds-2280-982rn-3954796538
2019-10-18 13:54:01,826 [IPC Server handler 3 on 45328] INFO  net.NetworkTopology (NetworkTopologyImpl.java:add(111)) - Added a new node: /default-rack/fb6f87a4-8408-4a98-9903-4c6215d108ba
2019-10-18 13:54:01,826 [IPC Server handler 3 on 45328] INFO  node.SCMNodeManager (SCMNodeManager.java:register(268)) - Registered Data node : fb6f87a4-8408-4a98-9903-4c6215d108ba{ip: 192.168.34.61, host: pr-hdds-2280-982rn-3954796538, networkLocation: /default-rack, certSerialId: null}
2019-10-18 13:54:01,843 [pool-609-thread-1] INFO  storage.RaftStorage (RaftStorage.java:format(84)) - Storage directory /workdir/hadoop-ozone/integration-test/target/test-dir/MiniOzoneClusterImpl-74b53c55-a47a-4ba0-940b-ff532fb51615/datanode-2/data/ratis/8d8b0310-d63c-40b0-b7d3-5d207ec10404 has been successfully formatted.
2019-10-18 13:54:01,843 [pool-609-thread-1] INFO  ratis.ContainerStateMachine (ContainerStateMachine.java:loadSnapshot(231)) - group-5D207EC10404: The snapshot info is null. Setting the last applied indexto:(t:0, i:~)
2019-10-18 13:54:01,844 [pool-609-thread-1] INFO  server.RaftServerConfigKeys (ConfUtils.java:logGet(43)) - raft.server.notification.no-leader.timeout = 120s (custom)
2019-10-18 13:54:01,844 [pool-609-thread-1] INFO  server.RaftServerConfigKeys (ConfUtils.java:logGet(43)) - raft.server.log.use.memory = false (default)
2019-10-18 13:54:01,844 [pool-609-thread-1] INFO  server.RaftServerConfigKeys (ConfUtils.java:logGet(43)) - raft.server.log.purge.gap = 1000000 (custom)
2019-10-18 13:54:01,844 [pool-609-thread-1] INFO  server.RaftServerConfigKeys (ConfUtils.java:logGet(43)) - raft.server.log.appender.buffer.byte-limit = 33554432 (custom)
2019-10-18 13:54:01,844 [pool-609-thread-1] INFO  server.RaftServerConfigKeys (ConfUtils.java:logGet(43)) - raft.server.log.segment.size.max = 1048576 (custom)
2019-10-18 13:54:01,846 [pool-609-thread-1] INFO  server.RaftServerConfigKeys (ConfUtils.java:logGet(43)) - raft.server.log.segment.cache.num.max = 2 (custom)
2019-10-18 13:54:01,846 [pool-609-thread-1] INFO  segmented.SegmentedRaftLogWorker (SegmentedRaftLogWorker.java:<init>(173)) - new 70eeaf7e-3c12-423d-bbdb-6f2629d9397d@group-5D207EC10404-SegmentedRaftLogWorker for RaftStorage:Storage Directory /workdir/hadoop-ozone/integration-test/target/test-dir/MiniOzoneClusterImpl-74b53c55-a47a-4ba0-940b-ff532fb51615/datanode-2/data/ratis/8d8b0310-d63c-40b0-b7d3-5d207ec10404
2019-10-18 13:54:01,846 [pool-609-thread-1] INFO  server.RaftServerConfigKeys (ConfUtils.java:logGet(43)) - raft.server.log.queue.byte-limit = 2147483647 (custom)
2019-10-18 13:54:01,846 [pool-609-thread-1] INFO  server.RaftServerConfigKeys (ConfUtils.java:logGet(43)) - raft.server.log.queue.element-limit = 1024 (custom)
2019-10-18 13:54:01,846 [pool-609-thread-1] INFO  server.RaftServerConfigKeys (ConfUtils.java:logGet(43)) - raft.server.log.segment.size.max = 1048576 (custom)
2019-10-18 13:54:01,847 [pool-609-thread-1] INFO  server.RaftServerConfigKeys (ConfUtils.java:logGet(43)) - raft.server.log.preallocated.size = 16384 (custom)
2019-10-18 13:54:01,847 [pool-609-thread-1] INFO  server.RaftServerConfigKeys (ConfUtils.java:logGet(43)) - raft.server.log.write.buffer.size = 33554432 (custom)
2019-10-18 13:54:01,847 [pool-609-thread-1] INFO  server.RaftServerConfigKeys (ConfUtils.java:logGet(43)) - raft.server.log.force.sync.num = 128 (default)
2019-10-18 13:54:01,847 [pool-609-thread-1] INFO  server.RaftServerConfigKeys (ConfUtils.java:logGet(43)) - raft.server.log.statemachine.data.sync = true (default)
2019-10-18 13:54:01,847 [pool-609-thread-1] INFO  server.RaftServerConfigKeys (ConfUtils.java:logGet(43)) - raft.server.log.statemachine.data.sync.timeout = 10s (default)
2019-10-18 13:54:01,847 [pool-609-thread-1] INFO  server.RaftServerConfigKeys (ConfUtils.java:logGet(43)) - raft.server.log.statemachine.data.sync.timeout.retry = -1 (default)
2019-10-18 13:54:01,847 [pool-609-thread-1] INFO  server.RaftServerConfigKeys (ConfUtils.java:logGet(43)) - raft.server.log.statemachine.data.caching.enabled = true (custom)
2019-10-18 13:54:01,848 [pool-609-thread-1] INFO  segmented.SegmentedRaftLogWorker (SegmentedRaftLogWorker.java:lambda$new$0(128)) - 70eeaf7e-3c12-423d-bbdb-6f2629d9397d@group-5D207EC10404-SegmentedRaftLogWorker: flushIndex: setUnconditionally 0 -> -1
2019-10-18 13:54:01,848 [pool-609-thread-1] INFO  server.RaftServerConfigKeys (ConfUtils.java:logGet(43)) - raft.server.snapshot.auto.trigger.enabled = true (custom)
2019-10-18 13:54:01,848 [pool-609-thread-1] INFO  server.RaftServerConfigKeys (ConfUtils.java:logGet(43)) - raft.server.snapshot.auto.trigger.threshold = 10000 (custom)
2019-10-18 13:54:01,848 [pool-609-thread-1] INFO  server.RaftServerConfigKeys (ConfUtils.java:logGet(43)) - raft.server.snapshot.retention.file.num = 5 (custom)
2019-10-18 13:54:01,849 [pool-609-thread-1] INFO  server.RaftServerConfigKeys (ConfUtils.java:logGet(43)) - raft.server.retrycache.expirytime = 600000ms (custom)
2019-10-18 13:54:01,850 [pool-609-thread-1] INFO  impl.RaftServerImpl (RaftServerImpl.java:start(181)) - 70eeaf7e-3c12-423d-bbdb-6f2629d9397d@group-5D207EC10404: start as a follower, conf=-1: [70eeaf7e-3c12-423d-bbdb-6f2629d9397d:192.168.34.61:34725], old=null
2019-10-18 13:54:01,850 [pool-609-thread-1] INFO  impl.RaftServerImpl (RaftServerImpl.java:setRole(170)) - 70eeaf7e-3c12-423d-bbdb-6f2629d9397d@group-5D207EC10404: changes role from      null to FOLLOWER at term 0 for startAsFollower
2019-10-18 13:54:01,850 [pool-609-thread-1] INFO  impl.RoleInfo (RoleInfo.java:updateAndGet(143)) - 70eeaf7e-3c12-423d-bbdb-6f2629d9397d: start FollowerState
2019-10-18 13:54:01,851 [pool-609-thread-1] INFO  util.JmxRegister (JmxRegister.java:tryRegister(44)) - Successfully registered JMX Bean with object name Ratis:service=RaftServer,group=group-5D207EC10404,id=70eeaf7e-3c12-423d-bbdb-6f2629d9397d
2019-10-18 13:54:01,854 [RatisPipelineUtilsThread] INFO  pipeline.PipelineStateManager (PipelineStateManager.java:addPipeline(56)) - Created pipeline Pipeline[ Id: 8d8b0310-d63c-40b0-b7d3-5d207ec10404, Nodes: 70eeaf7e-3c12-423d-bbdb-6f2629d9397d{ip: 192.168.34.61, host: pr-hdds-2280-982rn-3954796538, networkLocation: /default-rack, certSerialId: null}, Type:RATIS, Factor:ONE, State:OPEN]
2019-10-18 13:54:01,860 [grpc-default-executor-4] INFO  impl.RaftServerProxy (RaftServerProxy.java:addNew(89)) - fb6f87a4-8408-4a98-9903-4c6215d108ba: addNew group-AF0D2DF39A55:[fb6f87a4-8408-4a98-9903-4c6215d108ba:192.168.34.61:45994] returns group-AF0D2DF39A55:java.util.concurrent.CompletableFuture@51c01b3b[Not completed]
2019-10-18 13:54:01,862 [pool-619-thread-1] INFO  impl.RaftServerImpl (RaftServerImpl.java:<init>(95)) - fb6f87a4-8408-4a98-9903-4c6215d108ba: new RaftServerImpl for group-AF0D2DF39A55:[fb6f87a4-8408-4a98-9903-4c6215d108ba:192.168.34.61:45994] with ContainerStateMachine:uninitialized
2019-10-18 13:54:01,862 [pool-619-thread-1] INFO  server.RaftServerConfigKeys (ConfUtils.java:logGet(43)) - raft.server.rpc.timeout.min = 5s (custom)
2019-10-18 13:54:01,862 [pool-619-thread-1] INFO  server.RaftServerConfigKeys (ConfUtils.java:logGet(43)) - raft.server.rpc.timeout.max = 5200ms (custom)
2019-10-18 13:54:01,862 [pool-619-thread-1] INFO  server.RaftServerConfigKeys (ConfUtils.java:logGet(43)) - raft.server.rpcslowness.timeout = 120s (custom)
2019-10-18 13:54:01,862 [pool-619-thread-1] INFO  server.RaftServerConfigKeys (ConfUtils.java:logGet(43)) - raft.server.sleep.deviation.threshold = 300 (default)
2019-10-18 13:54:01,862 [pool-619-thread-1] INFO  server.RaftServerConfigKeys (ConfUtils.java:logGet(43)) - raft.server.log.appender.install.snapshot.enabled = false (custom)
2019-10-18 13:54:01,863 [pool-619-thread-1] INFO  impl.RaftServerImpl (ServerState.java:<init>(103)) - fb6f87a4-8408-4a98-9903-4c6215d108ba@group-AF0D2DF39A55: ConfigurationManager, init=-1: [fb6f87a4-8408-4a98-9903-4c6215d108ba:192.168.34.61:45994], old=null, confs=<EMPTY_MAP>
2019-10-18 13:54:01,863 [pool-619-thread-1] INFO  server.RaftServerConfigKeys (ConfUtils.java:logGet(43)) - raft.server.storage.dir = [/workdir/hadoop-ozone/integration-test/target/test-dir/MiniOzoneClusterImpl-74b53c55-a47a-4ba0-940b-ff532fb51615/datanode-3/data/ratis] (custom)
2019-10-18 13:54:01,863 [pool-619-thread-1] INFO  server.RaftServerConfigKeys (ConfUtils.java:logGet(43)) - raft.server.log.corruption.policy = EXCEPTION (default)
2019-10-18 13:54:01,863 [pool-619-thread-1] INFO  storage.RaftStorageDirectory (RaftStorageDirectory.java:analyzeStorage(246)) - The storage directory /workdir/hadoop-ozone/integration-test/target/test-dir/MiniOzoneClusterImpl-74b53c55-a47a-4ba0-940b-ff532fb51615/datanode-3/data/ratis/c99a9b9f-8eef-4722-bcf3-af0d2df39a55 does not exist. Creating ...
2019-10-18 13:54:01,905 [IPC Server handler 5 on 45328] INFO  net.NetworkTopology (NetworkTopologyImpl.java:add(111)) - Added a new node: /default-rack/d2333deb-71a5-40db-87e6-3e3e7a789f80
2019-10-18 13:54:01,905 [IPC Server handler 5 on 45328] INFO  node.SCMNodeManager (SCMNodeManager.java:register(268)) - Registered Data node : d2333deb-71a5-40db-87e6-3e3e7a789f80{ip: 192.168.34.61, host: pr-hdds-2280-982rn-3954796538, networkLocation: /default-rack, certSerialId: null}
2019-10-18 13:54:01,906 [pool-619-thread-1] INFO  storage.RaftStorageDirectory (RaftStorageDirectory.java:tryLock(328)) - Lock on /workdir/hadoop-ozone/integration-test/target/test-dir/MiniOzoneClusterImpl-74b53c55-a47a-4ba0-940b-ff532fb51615/datanode-3/data/ratis/c99a9b9f-8eef-4722-bcf3-af0d2df39a55/in_use.lock acquired by nodename 2894@pr-hdds-2280-982rn-3954796538
2019-10-18 13:54:01,931 [pool-619-thread-1] INFO  storage.RaftStorage (RaftStorage.java:format(84)) - Storage directory /workdir/hadoop-ozone/integration-test/target/test-dir/MiniOzoneClusterImpl-74b53c55-a47a-4ba0-940b-ff532fb51615/datanode-3/data/ratis/c99a9b9f-8eef-4722-bcf3-af0d2df39a55 has been successfully formatted.
2019-10-18 13:54:01,932 [pool-619-thread-1] INFO  ratis.ContainerStateMachine (ContainerStateMachine.java:loadSnapshot(231)) - group-AF0D2DF39A55: The snapshot info is null. Setting the last applied indexto:(t:0, i:~)
2019-10-18 13:54:01,932 [pool-619-thread-1] INFO  server.RaftServerConfigKeys (ConfUtils.java:logGet(43)) - raft.server.notification.no-leader.timeout = 120s (custom)
2019-10-18 13:54:01,932 [pool-619-thread-1] INFO  server.RaftServerConfigKeys (ConfUtils.java:logGet(43)) - raft.server.log.use.memory = false (default)
2019-10-18 13:54:01,932 [pool-619-thread-1] INFO  server.RaftServerConfigKeys (ConfUtils.java:logGet(43)) - raft.server.log.purge.gap = 1000000 (custom)
2019-10-18 13:54:01,932 [pool-619-thread-1] INFO  server.RaftServerConfigKeys (ConfUtils.java:logGet(43)) - raft.server.log.appender.buffer.byte-limit = 33554432 (custom)
2019-10-18 13:54:01,932 [pool-619-thread-1] INFO  server.RaftServerConfigKeys (ConfUtils.java:logGet(43)) - raft.server.log.segment.size.max = 1048576 (custom)
2019-10-18 13:54:01,933 [pool-619-thread-1] INFO  server.RaftServerConfigKeys (ConfUtils.java:logGet(43)) - raft.server.log.segment.cache.num.max = 2 (custom)
2019-10-18 13:54:01,933 [pool-619-thread-1] INFO  segmented.SegmentedRaftLogWorker (SegmentedRaftLogWorker.java:<init>(173)) - new fb6f87a4-8408-4a98-9903-4c6215d108ba@group-AF0D2DF39A55-SegmentedRaftLogWorker for RaftStorage:Storage Directory /workdir/hadoop-ozone/integration-test/target/test-dir/MiniOzoneClusterImpl-74b53c55-a47a-4ba0-940b-ff532fb51615/datanode-3/data/ratis/c99a9b9f-8eef-4722-bcf3-af0d2df39a55
2019-10-18 13:54:01,933 [pool-619-thread-1] INFO  server.RaftServerConfigKeys (ConfUtils.java:logGet(43)) - raft.server.log.queue.byte-limit = 2147483647 (custom)
2019-10-18 13:54:01,933 [pool-619-thread-1] INFO  server.RaftServerConfigKeys (ConfUtils.java:logGet(43)) - raft.server.log.queue.element-limit = 1024 (custom)
2019-10-18 13:54:01,933 [pool-619-thread-1] INFO  server.RaftServerConfigKeys (ConfUtils.java:logGet(43)) - raft.server.log.segment.size.max = 1048576 (custom)
2019-10-18 13:54:01,934 [pool-619-thread-1] INFO  server.RaftServerConfigKeys (ConfUtils.java:logGet(43)) - raft.server.log.preallocated.size = 16384 (custom)
2019-10-18 13:54:01,934 [pool-619-thread-1] INFO  server.RaftServerConfigKeys (ConfUtils.java:logGet(43)) - raft.server.log.write.buffer.size = 33554432 (custom)
2019-10-18 13:54:01,934 [pool-619-thread-1] INFO  server.RaftServerConfigKeys (ConfUtils.java:logGet(43)) - raft.server.log.force.sync.num = 128 (default)
2019-10-18 13:54:01,934 [pool-619-thread-1] INFO  server.RaftServerConfigKeys (ConfUtils.java:logGet(43)) - raft.server.log.statemachine.data.sync = true (default)
2019-10-18 13:54:01,934 [pool-619-thread-1] INFO  server.RaftServerConfigKeys (ConfUtils.java:logGet(43)) - raft.server.log.statemachine.data.sync.timeout = 10s (default)
2019-10-18 13:54:01,934 [pool-619-thread-1] INFO  server.RaftServerConfigKeys (ConfUtils.java:logGet(43)) - raft.server.log.statemachine.data.sync.timeout.retry = -1 (default)
2019-10-18 13:54:01,934 [pool-619-thread-1] INFO  server.RaftServerConfigKeys (ConfUtils.java:logGet(43)) - raft.server.log.statemachine.data.caching.enabled = true (custom)
2019-10-18 13:54:01,934 [pool-619-thread-1] INFO  segmented.SegmentedRaftLogWorker (SegmentedRaftLogWorker.java:lambda$new$0(128)) - fb6f87a4-8408-4a98-9903-4c6215d108ba@group-AF0D2DF39A55-SegmentedRaftLogWorker: flushIndex: setUnconditionally 0 -> -1
2019-10-18 13:54:01,934 [pool-619-thread-1] INFO  server.RaftServerConfigKeys (ConfUtils.java:logGet(43)) - raft.server.snapshot.auto.trigger.enabled = true (custom)
2019-10-18 13:54:01,935 [pool-619-thread-1] INFO  server.RaftServerConfigKeys (ConfUtils.java:logGet(43)) - raft.server.snapshot.auto.trigger.threshold = 10000 (custom)
2019-10-18 13:54:01,935 [pool-619-thread-1] INFO  server.RaftServerConfigKeys (ConfUtils.java:logGet(43)) - raft.server.snapshot.retention.file.num = 5 (custom)
2019-10-18 13:54:01,935 [pool-619-thread-1] INFO  server.RaftServerConfigKeys (ConfUtils.java:logGet(43)) - raft.server.retrycache.expirytime = 600000ms (custom)
2019-10-18 13:54:01,936 [pool-619-thread-1] INFO  impl.RaftServerImpl (RaftServerImpl.java:start(181)) - fb6f87a4-8408-4a98-9903-4c6215d108ba@group-AF0D2DF39A55: start as a follower, conf=-1: [fb6f87a4-8408-4a98-9903-4c6215d108ba:192.168.34.61:45994], old=null
2019-10-18 13:54:01,936 [pool-619-thread-1] INFO  impl.RaftServerImpl (RaftServerImpl.java:setRole(170)) - fb6f87a4-8408-4a98-9903-4c6215d108ba@group-AF0D2DF39A55: changes role from      null to FOLLOWER at term 0 for startAsFollower
2019-10-18 13:54:01,936 [pool-619-thread-1] INFO  impl.RoleInfo (RoleInfo.java:updateAndGet(143)) - fb6f87a4-8408-4a98-9903-4c6215d108ba: start FollowerState
2019-10-18 13:54:01,936 [pool-619-thread-1] INFO  util.JmxRegister (JmxRegister.java:tryRegister(44)) - Successfully registered JMX Bean with object name Ratis:service=RaftServer,group=group-AF0D2DF39A55,id=fb6f87a4-8408-4a98-9903-4c6215d108ba
2019-10-18 13:54:01,939 [RatisPipelineUtilsThread] INFO  pipeline.PipelineStateManager (PipelineStateManager.java:addPipeline(56)) - Created pipeline Pipeline[ Id: c99a9b9f-8eef-4722-bcf3-af0d2df39a55, Nodes: fb6f87a4-8408-4a98-9903-4c6215d108ba{ip: 192.168.34.61, host: pr-hdds-2280-982rn-3954796538, networkLocation: /default-rack, certSerialId: null}, Type:RATIS, Factor:ONE, State:OPEN]
2019-10-18 13:54:01,944 [grpc-default-executor-4] INFO  impl.RaftServerProxy (RaftServerProxy.java:addNew(89)) - d2333deb-71a5-40db-87e6-3e3e7a789f80: addNew group-31E201E3C39B:[d2333deb-71a5-40db-87e6-3e3e7a789f80:192.168.34.61:36163] returns group-31E201E3C39B:java.util.concurrent.CompletableFuture@6867ce88[Not completed]
2019-10-18 13:54:01,945 [pool-629-thread-1] INFO  impl.RaftServerImpl (RaftServerImpl.java:<init>(95)) - d2333deb-71a5-40db-87e6-3e3e7a789f80: new RaftServerImpl for group-31E201E3C39B:[d2333deb-71a5-40db-87e6-3e3e7a789f80:192.168.34.61:36163] with ContainerStateMachine:uninitialized
2019-10-18 13:54:01,945 [pool-629-thread-1] INFO  server.RaftServerConfigKeys (ConfUtils.java:logGet(43)) - raft.server.rpc.timeout.min = 5s (custom)
2019-10-18 13:54:01,946 [pool-629-thread-1] INFO  server.RaftServerConfigKeys (ConfUtils.java:logGet(43)) - raft.server.rpc.timeout.max = 5200ms (custom)
2019-10-18 13:54:01,946 [pool-629-thread-1] INFO  server.RaftServerConfigKeys (ConfUtils.java:logGet(43)) - raft.server.rpcslowness.timeout = 120s (custom)
2019-10-18 13:54:01,946 [pool-629-thread-1] INFO  server.RaftServerConfigKeys (ConfUtils.java:logGet(43)) - raft.server.sleep.deviation.threshold = 300 (default)
2019-10-18 13:54:01,946 [pool-629-thread-1] INFO  server.RaftServerConfigKeys (ConfUtils.java:logGet(43)) - raft.server.log.appender.install.snapshot.enabled = false (custom)
2019-10-18 13:54:01,946 [pool-629-thread-1] INFO  impl.RaftServerImpl (ServerState.java:<init>(103)) - d2333deb-71a5-40db-87e6-3e3e7a789f80@group-31E201E3C39B: ConfigurationManager, init=-1: [d2333deb-71a5-40db-87e6-3e3e7a789f80:192.168.34.61:36163], old=null, confs=<EMPTY_MAP>
2019-10-18 13:54:01,946 [pool-629-thread-1] INFO  server.RaftServerConfigKeys (ConfUtils.java:logGet(43)) - raft.server.storage.dir = [/workdir/hadoop-ozone/integration-test/target/test-dir/MiniOzoneClusterImpl-74b53c55-a47a-4ba0-940b-ff532fb51615/datanode-4/data/ratis] (custom)
2019-10-18 13:54:01,946 [pool-629-thread-1] INFO  server.RaftServerConfigKeys (ConfUtils.java:logGet(43)) - raft.server.log.corruption.policy = EXCEPTION (default)
2019-10-18 13:54:01,946 [pool-629-thread-1] INFO  storage.RaftStorageDirectory (RaftStorageDirectory.java:analyzeStorage(246)) - The storage directory /workdir/hadoop-ozone/integration-test/target/test-dir/MiniOzoneClusterImpl-74b53c55-a47a-4ba0-940b-ff532fb51615/datanode-4/data/ratis/a93fd252-9df6-41af-b515-31e201e3c39b does not exist. Creating ...
2019-10-18 13:54:01,971 [pool-629-thread-1] INFO  storage.RaftStorageDirectory (RaftStorageDirectory.java:tryLock(328)) - Lock on /workdir/hadoop-ozone/integration-test/target/test-dir/MiniOzoneClusterImpl-74b53c55-a47a-4ba0-940b-ff532fb51615/datanode-4/data/ratis/a93fd252-9df6-41af-b515-31e201e3c39b/in_use.lock acquired by nodename 2894@pr-hdds-2280-982rn-3954796538
2019-10-18 13:54:01,975 [IPC Server handler 6 on 45328] INFO  net.NetworkTopology (NetworkTopologyImpl.java:add(111)) - Added a new node: /default-rack/cbf4fc70-08db-417d-ad43-548bd376729e
2019-10-18 13:54:01,975 [IPC Server handler 6 on 45328] INFO  node.SCMNodeManager (SCMNodeManager.java:register(268)) - Registered Data node : cbf4fc70-08db-417d-ad43-548bd376729e{ip: 192.168.34.61, host: pr-hdds-2280-982rn-3954796538, networkLocation: /default-rack, certSerialId: null}
2019-10-18 13:54:01,986 [pool-629-thread-1] INFO  storage.RaftStorage (RaftStorage.java:format(84)) - Storage directory /workdir/hadoop-ozone/integration-test/target/test-dir/MiniOzoneClusterImpl-74b53c55-a47a-4ba0-940b-ff532fb51615/datanode-4/data/ratis/a93fd252-9df6-41af-b515-31e201e3c39b has been successfully formatted.
2019-10-18 13:54:01,987 [pool-629-thread-1] INFO  ratis.ContainerStateMachine (ContainerStateMachine.java:loadSnapshot(231)) - group-31E201E3C39B: The snapshot info is null. Setting the last applied indexto:(t:0, i:~)
2019-10-18 13:54:01,987 [pool-629-thread-1] INFO  server.RaftServerConfigKeys (ConfUtils.java:logGet(43)) - raft.server.notification.no-leader.timeout = 120s (custom)
2019-10-18 13:54:01,987 [pool-629-thread-1] INFO  server.RaftServerConfigKeys (ConfUtils.java:logGet(43)) - raft.server.log.use.memory = false (default)
2019-10-18 13:54:01,987 [pool-629-thread-1] INFO  server.RaftServerConfigKeys (ConfUtils.java:logGet(43)) - raft.server.log.purge.gap = 1000000 (custom)
2019-10-18 13:54:01,987 [pool-629-thread-1] INFO  server.RaftServerConfigKeys (ConfUtils.java:logGet(43)) - raft.server.log.appender.buffer.byte-limit = 33554432 (custom)
2019-10-18 13:54:01,987 [pool-629-thread-1] INFO  server.RaftServerConfigKeys (ConfUtils.java:logGet(43)) - raft.server.log.segment.size.max = 1048576 (custom)
2019-10-18 13:54:01,988 [pool-629-thread-1] INFO  server.RaftServerConfigKeys (ConfUtils.java:logGet(43)) - raft.server.log.segment.cache.num.max = 2 (custom)
2019-10-18 13:54:01,988 [pool-629-thread-1] INFO  segmented.SegmentedRaftLogWorker (SegmentedRaftLogWorker.java:<init>(173)) - new d2333deb-71a5-40db-87e6-3e3e7a789f80@group-31E201E3C39B-SegmentedRaftLogWorker for RaftStorage:Storage Directory /workdir/hadoop-ozone/integration-test/target/test-dir/MiniOzoneClusterImpl-74b53c55-a47a-4ba0-940b-ff532fb51615/datanode-4/data/ratis/a93fd252-9df6-41af-b515-31e201e3c39b
2019-10-18 13:54:01,988 [pool-629-thread-1] INFO  server.RaftServerConfigKeys (ConfUtils.java:logGet(43)) - raft.server.log.queue.byte-limit = 2147483647 (custom)
2019-10-18 13:54:01,988 [pool-629-thread-1] INFO  server.RaftServerConfigKeys (ConfUtils.java:logGet(43)) - raft.server.log.queue.element-limit = 1024 (custom)
2019-10-18 13:54:01,988 [pool-629-thread-1] INFO  server.RaftServerConfigKeys (ConfUtils.java:logGet(43)) - raft.server.log.segment.size.max = 1048576 (custom)
2019-10-18 13:54:01,988 [pool-629-thread-1] INFO  server.RaftServerConfigKeys (ConfUtils.java:logGet(43)) - raft.server.log.preallocated.size = 16384 (custom)
2019-10-18 13:54:01,988 [pool-629-thread-1] INFO  server.RaftServerConfigKeys (ConfUtils.java:logGet(43)) - raft.server.log.write.buffer.size = 33554432 (custom)
2019-10-18 13:54:01,988 [pool-629-thread-1] INFO  server.RaftServerConfigKeys (ConfUtils.java:logGet(43)) - raft.server.log.force.sync.num = 128 (default)
2019-10-18 13:54:01,989 [pool-629-thread-1] INFO  server.RaftServerConfigKeys (ConfUtils.java:logGet(43)) - raft.server.log.statemachine.data.sync = true (default)
2019-10-18 13:54:01,989 [pool-629-thread-1] INFO  server.RaftServerConfigKeys (ConfUtils.java:logGet(43)) - raft.server.log.statemachine.data.sync.timeout = 10s (default)
2019-10-18 13:54:01,989 [pool-629-thread-1] INFO  server.RaftServerConfigKeys (ConfUtils.java:logGet(43)) - raft.server.log.statemachine.data.sync.timeout.retry = -1 (default)
2019-10-18 13:54:01,989 [pool-629-thread-1] INFO  server.RaftServerConfigKeys (ConfUtils.java:logGet(43)) - raft.server.log.statemachine.data.caching.enabled = true (custom)
2019-10-18 13:54:01,989 [pool-629-thread-1] INFO  segmented.SegmentedRaftLogWorker (SegmentedRaftLogWorker.java:lambda$new$0(128)) - d2333deb-71a5-40db-87e6-3e3e7a789f80@group-31E201E3C39B-SegmentedRaftLogWorker: flushIndex: setUnconditionally 0 -> -1
2019-10-18 13:54:01,989 [pool-629-thread-1] INFO  server.RaftServerConfigKeys (ConfUtils.java:logGet(43)) - raft.server.snapshot.auto.trigger.enabled = true (custom)
2019-10-18 13:54:01,989 [pool-629-thread-1] INFO  server.RaftServerConfigKeys (ConfUtils.java:logGet(43)) - raft.server.snapshot.auto.trigger.threshold = 10000 (custom)
2019-10-18 13:54:01,989 [pool-629-thread-1] INFO  server.RaftServerConfigKeys (ConfUtils.java:logGet(43)) - raft.server.snapshot.retention.file.num = 5 (custom)
2019-10-18 13:54:01,990 [pool-629-thread-1] INFO  server.RaftServerConfigKeys (ConfUtils.java:logGet(43)) - raft.server.retrycache.expirytime = 600000ms (custom)
2019-10-18 13:54:01,990 [pool-629-thread-1] INFO  impl.RaftServerImpl (RaftServerImpl.java:start(181)) - d2333deb-71a5-40db-87e6-3e3e7a789f80@group-31E201E3C39B: start as a follower, conf=-1: [d2333deb-71a5-40db-87e6-3e3e7a789f80:192.168.34.61:36163], old=null
2019-10-18 13:54:01,991 [pool-629-thread-1] INFO  impl.RaftServerImpl (RaftServerImpl.java:setRole(170)) - d2333deb-71a5-40db-87e6-3e3e7a789f80@group-31E201E3C39B: changes role from      null to FOLLOWER at term 0 for startAsFollower
2019-10-18 13:54:01,991 [pool-629-thread-1] INFO  impl.RoleInfo (RoleInfo.java:updateAndGet(143)) - d2333deb-71a5-40db-87e6-3e3e7a789f80: start FollowerState
2019-10-18 13:54:01,991 [pool-629-thread-1] INFO  util.JmxRegister (JmxRegister.java:tryRegister(44)) - Successfully registered JMX Bean with object name Ratis:service=RaftServer,group=group-31E201E3C39B,id=d2333deb-71a5-40db-87e6-3e3e7a789f80
2019-10-18 13:54:01,993 [RatisPipelineUtilsThread] INFO  pipeline.PipelineStateManager (PipelineStateManager.java:addPipeline(56)) - Created pipeline Pipeline[ Id: a93fd252-9df6-41af-b515-31e201e3c39b, Nodes: d2333deb-71a5-40db-87e6-3e3e7a789f80{ip: 192.168.34.61, host: pr-hdds-2280-982rn-3954796538, networkLocation: /default-rack, certSerialId: null}, Type:RATIS, Factor:ONE, State:OPEN]
2019-10-18 13:54:01,999 [grpc-default-executor-4] INFO  impl.RaftServerProxy (RaftServerProxy.java:addNew(89)) - cbf4fc70-08db-417d-ad43-548bd376729e: addNew group-D5C785136AE9:[cbf4fc70-08db-417d-ad43-548bd376729e:192.168.34.61:44436] returns group-D5C785136AE9:java.util.concurrent.CompletableFuture@1abfb99a[Not completed]
2019-10-18 13:54:01,999 [pool-639-thread-1] INFO  impl.RaftServerImpl (RaftServerImpl.java:<init>(95)) - cbf4fc70-08db-417d-ad43-548bd376729e: new RaftServerImpl for group-D5C785136AE9:[cbf4fc70-08db-417d-ad43-548bd376729e:192.168.34.61:44436] with ContainerStateMachine:uninitialized
2019-10-18 13:54:02,000 [pool-639-thread-1] INFO  server.RaftServerConfigKeys (ConfUtils.java:logGet(43)) - raft.server.rpc.timeout.min = 5s (custom)
2019-10-18 13:54:02,000 [pool-639-thread-1] INFO  server.RaftServerConfigKeys (ConfUtils.java:logGet(43)) - raft.server.rpc.timeout.max = 5200ms (custom)
2019-10-18 13:54:02,000 [pool-639-thread-1] INFO  server.RaftServerConfigKeys (ConfUtils.java:logGet(43)) - raft.server.rpcslowness.timeout = 120s (custom)
2019-10-18 13:54:02,000 [pool-639-thread-1] INFO  server.RaftServerConfigKeys (ConfUtils.java:logGet(43)) - raft.server.sleep.deviation.threshold = 300 (default)
2019-10-18 13:54:02,000 [pool-639-thread-1] INFO  server.RaftServerConfigKeys (ConfUtils.java:logGet(43)) - raft.server.log.appender.install.snapshot.enabled = false (custom)
2019-10-18 13:54:02,000 [pool-639-thread-1] INFO  impl.RaftServerImpl (ServerState.java:<init>(103)) - cbf4fc70-08db-417d-ad43-548bd376729e@group-D5C785136AE9: ConfigurationManager, init=-1: [cbf4fc70-08db-417d-ad43-548bd376729e:192.168.34.61:44436], old=null, confs=<EMPTY_MAP>
2019-10-18 13:54:02,000 [pool-639-thread-1] INFO  server.RaftServerConfigKeys (ConfUtils.java:logGet(43)) - raft.server.storage.dir = [/workdir/hadoop-ozone/integration-test/target/test-dir/MiniOzoneClusterImpl-74b53c55-a47a-4ba0-940b-ff532fb51615/datanode-5/data/ratis] (custom)
2019-10-18 13:54:02,000 [pool-639-thread-1] INFO  server.RaftServerConfigKeys (ConfUtils.java:logGet(43)) - raft.server.log.corruption.policy = EXCEPTION (default)
2019-10-18 13:54:02,000 [pool-639-thread-1] INFO  storage.RaftStorageDirectory (RaftStorageDirectory.java:analyzeStorage(246)) - The storage directory /workdir/hadoop-ozone/integration-test/target/test-dir/MiniOzoneClusterImpl-74b53c55-a47a-4ba0-940b-ff532fb51615/datanode-5/data/ratis/57ea699c-bda1-412e-9c2c-d5c785136ae9 does not exist. Creating ...
2019-10-18 13:54:02,044 [main] INFO  ozone.MiniOzoneClusterImpl (MiniOzoneClusterImpl.java:lambda$waitForClusterToBeReady$0(147)) - Waiting for cluster to be ready. Got 6 of 7 DN Heartbeats.
2019-10-18 13:54:02,044 [IPC Server handler 7 on 45328] INFO  net.NetworkTopology (NetworkTopologyImpl.java:add(111)) - Added a new node: /default-rack/93caec60-0fcc-4b2b-9d7f-7eb17bf04289
2019-10-18 13:54:02,044 [IPC Server handler 7 on 45328] INFO  node.SCMNodeManager (SCMNodeManager.java:register(268)) - Registered Data node : 93caec60-0fcc-4b2b-9d7f-7eb17bf04289{ip: 192.168.34.61, host: pr-hdds-2280-982rn-3954796538, networkLocation: /default-rack, certSerialId: null}
2019-10-18 13:54:02,067 [pool-639-thread-1] INFO  storage.RaftStorageDirectory (RaftStorageDirectory.java:tryLock(328)) - Lock on /workdir/hadoop-ozone/integration-test/target/test-dir/MiniOzoneClusterImpl-74b53c55-a47a-4ba0-940b-ff532fb51615/datanode-5/data/ratis/57ea699c-bda1-412e-9c2c-d5c785136ae9/in_use.lock acquired by nodename 2894@pr-hdds-2280-982rn-3954796538
2019-10-18 13:54:02,148 [pool-639-thread-1] INFO  storage.RaftStorage (RaftStorage.java:format(84)) - Storage directory /workdir/hadoop-ozone/integration-test/target/test-dir/MiniOzoneClusterImpl-74b53c55-a47a-4ba0-940b-ff532fb51615/datanode-5/data/ratis/57ea699c-bda1-412e-9c2c-d5c785136ae9 has been successfully formatted.
2019-10-18 13:54:02,151 [pool-639-thread-1] INFO  ratis.ContainerStateMachine (ContainerStateMachine.java:loadSnapshot(231)) - group-D5C785136AE9: The snapshot info is null. Setting the last applied indexto:(t:0, i:~)
2019-10-18 13:54:02,151 [pool-639-thread-1] INFO  server.RaftServerConfigKeys (ConfUtils.java:logGet(43)) - raft.server.notification.no-leader.timeout = 120s (custom)
2019-10-18 13:54:02,151 [pool-639-thread-1] INFO  server.RaftServerConfigKeys (ConfUtils.java:logGet(43)) - raft.server.log.use.memory = false (default)
2019-10-18 13:54:02,151 [pool-639-thread-1] INFO  server.RaftServerConfigKeys (ConfUtils.java:logGet(43)) - raft.server.log.purge.gap = 1000000 (custom)
2019-10-18 13:54:02,152 [pool-639-thread-1] INFO  server.RaftServerConfigKeys (ConfUtils.java:logGet(43)) - raft.server.log.appender.buffer.byte-limit = 33554432 (custom)
2019-10-18 13:54:02,152 [pool-639-thread-1] INFO  server.RaftServerConfigKeys (ConfUtils.java:logGet(43)) - raft.server.log.segment.size.max = 1048576 (custom)
2019-10-18 13:54:02,154 [pool-639-thread-1] INFO  server.RaftServerConfigKeys (ConfUtils.java:logGet(43)) - raft.server.log.segment.cache.num.max = 2 (custom)
2019-10-18 13:54:02,154 [pool-639-thread-1] INFO  segmented.SegmentedRaftLogWorker (SegmentedRaftLogWorker.java:<init>(173)) - new cbf4fc70-08db-417d-ad43-548bd376729e@group-D5C785136AE9-SegmentedRaftLogWorker for RaftStorage:Storage Directory /workdir/hadoop-ozone/integration-test/target/test-dir/MiniOzoneClusterImpl-74b53c55-a47a-4ba0-940b-ff532fb51615/datanode-5/data/ratis/57ea699c-bda1-412e-9c2c-d5c785136ae9
2019-10-18 13:54:02,154 [pool-639-thread-1] INFO  server.RaftServerConfigKeys (ConfUtils.java:logGet(43)) - raft.server.log.queue.byte-limit = 2147483647 (custom)
2019-10-18 13:54:02,155 [pool-639-thread-1] INFO  server.RaftServerConfigKeys (ConfUtils.java:logGet(43)) - raft.server.log.queue.element-limit = 1024 (custom)
2019-10-18 13:54:02,155 [pool-639-thread-1] INFO  server.RaftServerConfigKeys (ConfUtils.java:logGet(43)) - raft.server.log.segment.size.max = 1048576 (custom)
2019-10-18 13:54:02,155 [pool-639-thread-1] INFO  server.RaftServerConfigKeys (ConfUtils.java:logGet(43)) - raft.server.log.preallocated.size = 16384 (custom)
2019-10-18 13:54:02,155 [pool-639-thread-1] INFO  server.RaftServerConfigKeys (ConfUtils.java:logGet(43)) - raft.server.log.write.buffer.size = 33554432 (custom)
2019-10-18 13:54:02,155 [pool-639-thread-1] INFO  server.RaftServerConfigKeys (ConfUtils.java:logGet(43)) - raft.server.log.force.sync.num = 128 (default)
2019-10-18 13:54:02,155 [pool-639-thread-1] INFO  server.RaftServerConfigKeys (ConfUtils.java:logGet(43)) - raft.server.log.statemachine.data.sync = true (default)
2019-10-18 13:54:02,155 [pool-639-thread-1] INFO  server.RaftServerConfigKeys (ConfUtils.java:logGet(43)) - raft.server.log.statemachine.data.sync.timeout = 10s (default)
2019-10-18 13:54:02,155 [pool-639-thread-1] INFO  server.RaftServerConfigKeys (ConfUtils.java:logGet(43)) - raft.server.log.statemachine.data.sync.timeout.retry = -1 (default)
2019-10-18 13:54:02,156 [pool-639-thread-1] INFO  server.RaftServerConfigKeys (ConfUtils.java:logGet(43)) - raft.server.log.statemachine.data.caching.enabled = true (custom)
2019-10-18 13:54:02,156 [pool-639-thread-1] INFO  segmented.SegmentedRaftLogWorker (SegmentedRaftLogWorker.java:lambda$new$0(128)) - cbf4fc70-08db-417d-ad43-548bd376729e@group-D5C785136AE9-SegmentedRaftLogWorker: flushIndex: setUnconditionally 0 -> -1
2019-10-18 13:54:02,156 [pool-639-thread-1] INFO  server.RaftServerConfigKeys (ConfUtils.java:logGet(43)) - raft.server.snapshot.auto.trigger.enabled = true (custom)
2019-10-18 13:54:02,157 [pool-639-thread-1] INFO  server.RaftServerConfigKeys (ConfUtils.java:logGet(43)) - raft.server.snapshot.auto.trigger.threshold = 10000 (custom)
2019-10-18 13:54:02,157 [pool-639-thread-1] INFO  server.RaftServerConfigKeys (ConfUtils.java:logGet(43)) - raft.server.snapshot.retention.file.num = 5 (custom)
2019-10-18 13:54:02,157 [pool-639-thread-1] INFO  server.RaftServerConfigKeys (ConfUtils.java:logGet(43)) - raft.server.retrycache.expirytime = 600000ms (custom)
2019-10-18 13:54:02,159 [pool-639-thread-1] INFO  impl.RaftServerImpl (RaftServerImpl.java:start(181)) - cbf4fc70-08db-417d-ad43-548bd376729e@group-D5C785136AE9: start as a follower, conf=-1: [cbf4fc70-08db-417d-ad43-548bd376729e:192.168.34.61:44436], old=null
2019-10-18 13:54:02,159 [pool-639-thread-1] INFO  impl.RaftServerImpl (RaftServerImpl.java:setRole(170)) - cbf4fc70-08db-417d-ad43-548bd376729e@group-D5C785136AE9: changes role from      null to FOLLOWER at term 0 for startAsFollower
2019-10-18 13:54:02,160 [pool-639-thread-1] INFO  impl.RoleInfo (RoleInfo.java:updateAndGet(143)) - cbf4fc70-08db-417d-ad43-548bd376729e: start FollowerState
2019-10-18 13:54:02,160 [pool-639-thread-1] INFO  util.JmxRegister (JmxRegister.java:tryRegister(44)) - Successfully registered JMX Bean with object name Ratis:service=RaftServer,group=group-D5C785136AE9,id=cbf4fc70-08db-417d-ad43-548bd376729e
2019-10-18 13:54:02,165 [RatisPipelineUtilsThread] INFO  pipeline.PipelineStateManager (PipelineStateManager.java:addPipeline(56)) - Created pipeline Pipeline[ Id: 57ea699c-bda1-412e-9c2c-d5c785136ae9, Nodes: cbf4fc70-08db-417d-ad43-548bd376729e{ip: 192.168.34.61, host: pr-hdds-2280-982rn-3954796538, networkLocation: /default-rack, certSerialId: null}, Type:RATIS, Factor:ONE, State:OPEN]
2019-10-18 13:54:02,171 [grpc-default-executor-4] INFO  impl.RaftServerProxy (RaftServerProxy.java:addNew(89)) - 93caec60-0fcc-4b2b-9d7f-7eb17bf04289: addNew group-FD76AB4D2FBB:[93caec60-0fcc-4b2b-9d7f-7eb17bf04289:192.168.34.61:37339] returns group-FD76AB4D2FBB:java.util.concurrent.CompletableFuture@362f3040[Not completed]
2019-10-18 13:54:02,172 [pool-649-thread-1] INFO  impl.RaftServerImpl (RaftServerImpl.java:<init>(95)) - 93caec60-0fcc-4b2b-9d7f-7eb17bf04289: new RaftServerImpl for group-FD76AB4D2FBB:[93caec60-0fcc-4b2b-9d7f-7eb17bf04289:192.168.34.61:37339] with ContainerStateMachine:uninitialized
2019-10-18 13:54:02,172 [pool-649-thread-1] INFO  server.RaftServerConfigKeys (ConfUtils.java:logGet(43)) - raft.server.rpc.timeout.min = 5s (custom)
2019-10-18 13:54:02,172 [pool-649-thread-1] INFO  server.RaftServerConfigKeys (ConfUtils.java:logGet(43)) - raft.server.rpc.timeout.max = 5200ms (custom)
2019-10-18 13:54:02,172 [pool-649-thread-1] INFO  server.RaftServerConfigKeys (ConfUtils.java:logGet(43)) - raft.server.rpcslowness.timeout = 120s (custom)
2019-10-18 13:54:02,173 [pool-649-thread-1] INFO  server.RaftServerConfigKeys (ConfUtils.java:logGet(43)) - raft.server.sleep.deviation.threshold = 300 (default)
2019-10-18 13:54:02,173 [pool-649-thread-1] INFO  server.RaftServerConfigKeys (ConfUtils.java:logGet(43)) - raft.server.log.appender.install.snapshot.enabled = false (custom)
2019-10-18 13:54:02,173 [pool-649-thread-1] INFO  impl.RaftServerImpl (ServerState.java:<init>(103)) - 93caec60-0fcc-4b2b-9d7f-7eb17bf04289@group-FD76AB4D2FBB: ConfigurationManager, init=-1: [93caec60-0fcc-4b2b-9d7f-7eb17bf04289:192.168.34.61:37339], old=null, confs=<EMPTY_MAP>
2019-10-18 13:54:02,173 [pool-649-thread-1] INFO  server.RaftServerConfigKeys (ConfUtils.java:logGet(43)) - raft.server.storage.dir = [/workdir/hadoop-ozone/integration-test/target/test-dir/MiniOzoneClusterImpl-74b53c55-a47a-4ba0-940b-ff532fb51615/datanode-6/data/ratis] (custom)
2019-10-18 13:54:02,173 [pool-649-thread-1] INFO  server.RaftServerConfigKeys (ConfUtils.java:logGet(43)) - raft.server.log.corruption.policy = EXCEPTION (default)
2019-10-18 13:54:02,174 [pool-649-thread-1] INFO  storage.RaftStorageDirectory (RaftStorageDirectory.java:analyzeStorage(246)) - The storage directory /workdir/hadoop-ozone/integration-test/target/test-dir/MiniOzoneClusterImpl-74b53c55-a47a-4ba0-940b-ff532fb51615/datanode-6/data/ratis/b4df037b-bf73-47f9-8819-fd76ab4d2fbb does not exist. Creating ...
2019-10-18 13:54:02,203 [pool-649-thread-1] INFO  storage.RaftStorageDirectory (RaftStorageDirectory.java:tryLock(328)) - Lock on /workdir/hadoop-ozone/integration-test/target/test-dir/MiniOzoneClusterImpl-74b53c55-a47a-4ba0-940b-ff532fb51615/datanode-6/data/ratis/b4df037b-bf73-47f9-8819-fd76ab4d2fbb/in_use.lock acquired by nodename 2894@pr-hdds-2280-982rn-3954796538
2019-10-18 13:54:02,224 [pool-649-thread-1] INFO  storage.RaftStorage (RaftStorage.java:format(84)) - Storage directory /workdir/hadoop-ozone/integration-test/target/test-dir/MiniOzoneClusterImpl-74b53c55-a47a-4ba0-940b-ff532fb51615/datanode-6/data/ratis/b4df037b-bf73-47f9-8819-fd76ab4d2fbb has been successfully formatted.
2019-10-18 13:54:02,224 [pool-649-thread-1] INFO  ratis.ContainerStateMachine (ContainerStateMachine.java:loadSnapshot(231)) - group-FD76AB4D2FBB: The snapshot info is null. Setting the last applied indexto:(t:0, i:~)
2019-10-18 13:54:02,224 [pool-649-thread-1] INFO  server.RaftServerConfigKeys (ConfUtils.java:logGet(43)) - raft.server.notification.no-leader.timeout = 120s (custom)
2019-10-18 13:54:02,225 [pool-649-thread-1] INFO  server.RaftServerConfigKeys (ConfUtils.java:logGet(43)) - raft.server.log.use.memory = false (default)
2019-10-18 13:54:02,225 [pool-649-thread-1] INFO  server.RaftServerConfigKeys (ConfUtils.java:logGet(43)) - raft.server.log.purge.gap = 1000000 (custom)
2019-10-18 13:54:02,225 [pool-649-thread-1] INFO  server.RaftServerConfigKeys (ConfUtils.java:logGet(43)) - raft.server.log.appender.buffer.byte-limit = 33554432 (custom)
2019-10-18 13:54:02,225 [pool-649-thread-1] INFO  server.RaftServerConfigKeys (ConfUtils.java:logGet(43)) - raft.server.log.segment.size.max = 1048576 (custom)
2019-10-18 13:54:02,226 [pool-649-thread-1] INFO  server.RaftServerConfigKeys (ConfUtils.java:logGet(43)) - raft.server.log.segment.cache.num.max = 2 (custom)
2019-10-18 13:54:02,226 [pool-649-thread-1] INFO  segmented.SegmentedRaftLogWorker (SegmentedRaftLogWorker.java:<init>(173)) - new 93caec60-0fcc-4b2b-9d7f-7eb17bf04289@group-FD76AB4D2FBB-SegmentedRaftLogWorker for RaftStorage:Storage Directory /workdir/hadoop-ozone/integration-test/target/test-dir/MiniOzoneClusterImpl-74b53c55-a47a-4ba0-940b-ff532fb51615/datanode-6/data/ratis/b4df037b-bf73-47f9-8819-fd76ab4d2fbb
2019-10-18 13:54:02,227 [pool-649-thread-1] INFO  server.RaftServerConfigKeys (ConfUtils.java:logGet(43)) - raft.server.log.queue.byte-limit = 2147483647 (custom)
2019-10-18 13:54:02,227 [pool-649-thread-1] INFO  server.RaftServerConfigKeys (ConfUtils.java:logGet(43)) - raft.server.log.queue.element-limit = 1024 (custom)
2019-10-18 13:54:02,227 [pool-649-thread-1] INFO  server.RaftServerConfigKeys (ConfUtils.java:logGet(43)) - raft.server.log.segment.size.max = 1048576 (custom)
2019-10-18 13:54:02,227 [pool-649-thread-1] INFO  server.RaftServerConfigKeys (ConfUtils.java:logGet(43)) - raft.server.log.preallocated.size = 16384 (custom)
2019-10-18 13:54:02,227 [pool-649-thread-1] INFO  server.RaftServerConfigKeys (ConfUtils.java:logGet(43)) - raft.server.log.write.buffer.size = 33554432 (custom)
2019-10-18 13:54:02,227 [pool-649-thread-1] INFO  server.RaftServerConfigKeys (ConfUtils.java:logGet(43)) - raft.server.log.force.sync.num = 128 (default)
2019-10-18 13:54:02,227 [pool-649-thread-1] INFO  server.RaftServerConfigKeys (ConfUtils.java:logGet(43)) - raft.server.log.statemachine.data.sync = true (default)
2019-10-18 13:54:02,227 [pool-649-thread-1] INFO  server.RaftServerConfigKeys (ConfUtils.java:logGet(43)) - raft.server.log.statemachine.data.sync.timeout = 10s (default)
2019-10-18 13:54:02,228 [pool-649-thread-1] INFO  server.RaftServerConfigKeys (ConfUtils.java:logGet(43)) - raft.server.log.statemachine.data.sync.timeout.retry = -1 (default)
2019-10-18 13:54:02,228 [pool-649-thread-1] INFO  server.RaftServerConfigKeys (ConfUtils.java:logGet(43)) - raft.server.log.statemachine.data.caching.enabled = true (custom)
2019-10-18 13:54:02,228 [pool-649-thread-1] INFO  segmented.SegmentedRaftLogWorker (SegmentedRaftLogWorker.java:lambda$new$0(128)) - 93caec60-0fcc-4b2b-9d7f-7eb17bf04289@group-FD76AB4D2FBB-SegmentedRaftLogWorker: flushIndex: setUnconditionally 0 -> -1
2019-10-18 13:54:02,228 [pool-649-thread-1] INFO  server.RaftServerConfigKeys (ConfUtils.java:logGet(43)) - raft.server.snapshot.auto.trigger.enabled = true (custom)
2019-10-18 13:54:02,229 [pool-649-thread-1] INFO  server.RaftServerConfigKeys (ConfUtils.java:logGet(43)) - raft.server.snapshot.auto.trigger.threshold = 10000 (custom)
2019-10-18 13:54:02,229 [pool-649-thread-1] INFO  server.RaftServerConfigKeys (ConfUtils.java:logGet(43)) - raft.server.snapshot.retention.file.num = 5 (custom)
2019-10-18 13:54:02,229 [pool-649-thread-1] INFO  server.RaftServerConfigKeys (ConfUtils.java:logGet(43)) - raft.server.retrycache.expirytime = 600000ms (custom)
2019-10-18 13:54:02,230 [pool-649-thread-1] INFO  impl.RaftServerImpl (RaftServerImpl.java:start(181)) - 93caec60-0fcc-4b2b-9d7f-7eb17bf04289@group-FD76AB4D2FBB: start as a follower, conf=-1: [93caec60-0fcc-4b2b-9d7f-7eb17bf04289:192.168.34.61:37339], old=null
2019-10-18 13:54:02,230 [pool-649-thread-1] INFO  impl.RaftServerImpl (RaftServerImpl.java:setRole(170)) - 93caec60-0fcc-4b2b-9d7f-7eb17bf04289@group-FD76AB4D2FBB: changes role from      null to FOLLOWER at term 0 for startAsFollower
2019-10-18 13:54:02,230 [pool-649-thread-1] INFO  impl.RoleInfo (RoleInfo.java:updateAndGet(143)) - 93caec60-0fcc-4b2b-9d7f-7eb17bf04289: start FollowerState
2019-10-18 13:54:02,240 [pool-649-thread-1] INFO  util.JmxRegister (JmxRegister.java:tryRegister(44)) - Successfully registered JMX Bean with object name Ratis:service=RaftServer,group=group-FD76AB4D2FBB,id=93caec60-0fcc-4b2b-9d7f-7eb17bf04289
2019-10-18 13:54:02,253 [RatisPipelineUtilsThread] INFO  pipeline.PipelineStateManager (PipelineStateManager.java:addPipeline(56)) - Created pipeline Pipeline[ Id: b4df037b-bf73-47f9-8819-fd76ab4d2fbb, Nodes: 93caec60-0fcc-4b2b-9d7f-7eb17bf04289{ip: 192.168.34.61, host: pr-hdds-2280-982rn-3954796538, networkLocation: /default-rack, certSerialId: null}, Type:RATIS, Factor:ONE, State:OPEN]
2019-10-18 13:54:02,273 [grpc-default-executor-5] INFO  impl.RaftServerProxy (RaftServerProxy.java:addNew(89)) - 0e2ca166-51cd-408c-96b2-af63247b3a52: addNew group-1B8221C9843F:[fb6f87a4-8408-4a98-9903-4c6215d108ba:192.168.34.61:45994, 0e2ca166-51cd-408c-96b2-af63247b3a52:192.168.34.61:45435, cbf4fc70-08db-417d-ad43-548bd376729e:192.168.34.61:44436] returns group-1B8221C9843F:java.util.concurrent.CompletableFuture@6340fb77[Not completed]
2019-10-18 13:54:02,273 [grpc-default-executor-4] INFO  impl.RaftServerProxy (RaftServerProxy.java:addNew(89)) - cbf4fc70-08db-417d-ad43-548bd376729e: addNew group-1B8221C9843F:[fb6f87a4-8408-4a98-9903-4c6215d108ba:192.168.34.61:45994, 0e2ca166-51cd-408c-96b2-af63247b3a52:192.168.34.61:45435, cbf4fc70-08db-417d-ad43-548bd376729e:192.168.34.61:44436] returns group-1B8221C9843F:java.util.concurrent.CompletableFuture@5bc772b5[Not completed]
2019-10-18 13:54:02,273 [grpc-default-executor-8] INFO  impl.RaftServerProxy (RaftServerProxy.java:addNew(89)) - fb6f87a4-8408-4a98-9903-4c6215d108ba: addNew group-1B8221C9843F:[fb6f87a4-8408-4a98-9903-4c6215d108ba:192.168.34.61:45994, 0e2ca166-51cd-408c-96b2-af63247b3a52:192.168.34.61:45435, cbf4fc70-08db-417d-ad43-548bd376729e:192.168.34.61:44436] returns group-1B8221C9843F:java.util.concurrent.CompletableFuture@1ed6d26f[Not completed]
2019-10-18 13:54:02,274 [pool-599-thread-1] INFO  impl.RaftServerImpl (RaftServerImpl.java:<init>(95)) - 0e2ca166-51cd-408c-96b2-af63247b3a52: new RaftServerImpl for group-1B8221C9843F:[fb6f87a4-8408-4a98-9903-4c6215d108ba:192.168.34.61:45994, 0e2ca166-51cd-408c-96b2-af63247b3a52:192.168.34.61:45435, cbf4fc70-08db-417d-ad43-548bd376729e:192.168.34.61:44436] with ContainerStateMachine:uninitialized
2019-10-18 13:54:02,274 [pool-599-thread-1] INFO  server.RaftServerConfigKeys (ConfUtils.java:logGet(43)) - raft.server.rpc.timeout.min = 5s (custom)
2019-10-18 13:54:02,274 [pool-599-thread-1] INFO  server.RaftServerConfigKeys (ConfUtils.java:logGet(43)) - raft.server.rpc.timeout.max = 5200ms (custom)
2019-10-18 13:54:02,274 [pool-599-thread-1] INFO  server.RaftServerConfigKeys (ConfUtils.java:logGet(43)) - raft.server.rpcslowness.timeout = 120s (custom)
2019-10-18 13:54:02,274 [pool-599-thread-1] INFO  server.RaftServerConfigKeys (ConfUtils.java:logGet(43)) - raft.server.sleep.deviation.threshold = 300 (default)
2019-10-18 13:54:02,274 [pool-599-thread-1] INFO  server.RaftServerConfigKeys (ConfUtils.java:logGet(43)) - raft.server.log.appender.install.snapshot.enabled = false (custom)
2019-10-18 13:54:02,274 [pool-599-thread-1] INFO  impl.RaftServerImpl (ServerState.java:<init>(103)) - 0e2ca166-51cd-408c-96b2-af63247b3a52@group-1B8221C9843F: ConfigurationManager, init=-1: [fb6f87a4-8408-4a98-9903-4c6215d108ba:192.168.34.61:45994, 0e2ca166-51cd-408c-96b2-af63247b3a52:192.168.34.61:45435, cbf4fc70-08db-417d-ad43-548bd376729e:192.168.34.61:44436], old=null, confs=<EMPTY_MAP>
2019-10-18 13:54:02,274 [pool-599-thread-1] INFO  server.RaftServerConfigKeys (ConfUtils.java:logGet(43)) - raft.server.storage.dir = [/workdir/hadoop-ozone/integration-test/target/test-dir/MiniOzoneClusterImpl-74b53c55-a47a-4ba0-940b-ff532fb51615/datanode-1/data/ratis] (custom)
2019-10-18 13:54:02,274 [pool-639-thread-1] INFO  impl.RaftServerImpl (RaftServerImpl.java:<init>(95)) - cbf4fc70-08db-417d-ad43-548bd376729e: new RaftServerImpl for group-1B8221C9843F:[fb6f87a4-8408-4a98-9903-4c6215d108ba:192.168.34.61:45994, 0e2ca166-51cd-408c-96b2-af63247b3a52:192.168.34.61:45435, cbf4fc70-08db-417d-ad43-548bd376729e:192.168.34.61:44436] with ContainerStateMachine:uninitialized
2019-10-18 13:54:02,274 [pool-639-thread-1] INFO  server.RaftServerConfigKeys (ConfUtils.java:logGet(43)) - raft.server.rpc.timeout.min = 5s (custom)
2019-10-18 13:54:02,274 [pool-599-thread-1] INFO  server.RaftServerConfigKeys (ConfUtils.java:logGet(43)) - raft.server.log.corruption.policy = EXCEPTION (default)
2019-10-18 13:54:02,274 [pool-639-thread-1] INFO  server.RaftServerConfigKeys (ConfUtils.java:logGet(43)) - raft.server.rpc.timeout.max = 5200ms (custom)
2019-10-18 13:54:02,274 [pool-599-thread-1] INFO  storage.RaftStorageDirectory (RaftStorageDirectory.java:analyzeStorage(246)) - The storage directory /workdir/hadoop-ozone/integration-test/target/test-dir/MiniOzoneClusterImpl-74b53c55-a47a-4ba0-940b-ff532fb51615/datanode-1/data/ratis/be44ede0-1005-4ea6-9043-1b8221c9843f does not exist. Creating ...
2019-10-18 13:54:02,274 [pool-619-thread-1] INFO  impl.RaftServerImpl (RaftServerImpl.java:<init>(95)) - fb6f87a4-8408-4a98-9903-4c6215d108ba: new RaftServerImpl for group-1B8221C9843F:[fb6f87a4-8408-4a98-9903-4c6215d108ba:192.168.34.61:45994, 0e2ca166-51cd-408c-96b2-af63247b3a52:192.168.34.61:45435, cbf4fc70-08db-417d-ad43-548bd376729e:192.168.34.61:44436] with ContainerStateMachine:uninitialized
2019-10-18 13:54:02,274 [pool-639-thread-1] INFO  server.RaftServerConfigKeys (ConfUtils.java:logGet(43)) - raft.server.rpcslowness.timeout = 120s (custom)
2019-10-18 13:54:02,275 [pool-619-thread-1] INFO  server.RaftServerConfigKeys (ConfUtils.java:logGet(43)) - raft.server.rpc.timeout.min = 5s (custom)
2019-10-18 13:54:02,275 [pool-639-thread-1] INFO  server.RaftServerConfigKeys (ConfUtils.java:logGet(43)) - raft.server.sleep.deviation.threshold = 300 (default)
2019-10-18 13:54:02,275 [pool-619-thread-1] INFO  server.RaftServerConfigKeys (ConfUtils.java:logGet(43)) - raft.server.rpc.timeout.max = 5200ms (custom)
2019-10-18 13:54:02,275 [pool-639-thread-1] INFO  server.RaftServerConfigKeys (ConfUtils.java:logGet(43)) - raft.server.log.appender.install.snapshot.enabled = false (custom)
2019-10-18 13:54:02,275 [pool-619-thread-1] INFO  server.RaftServerConfigKeys (ConfUtils.java:logGet(43)) - raft.server.rpcslowness.timeout = 120s (custom)
2019-10-18 13:54:02,275 [pool-639-thread-1] INFO  impl.RaftServerImpl (ServerState.java:<init>(103)) - cbf4fc70-08db-417d-ad43-548bd376729e@group-1B8221C9843F: ConfigurationManager, init=-1: [fb6f87a4-8408-4a98-9903-4c6215d108ba:192.168.34.61:45994, 0e2ca166-51cd-408c-96b2-af63247b3a52:192.168.34.61:45435, cbf4fc70-08db-417d-ad43-548bd376729e:192.168.34.61:44436], old=null, confs=<EMPTY_MAP>
2019-10-18 13:54:02,275 [pool-619-thread-1] INFO  server.RaftServerConfigKeys (ConfUtils.java:logGet(43)) - raft.server.sleep.deviation.threshold = 300 (default)
2019-10-18 13:54:02,275 [pool-619-thread-1] INFO  server.RaftServerConfigKeys (ConfUtils.java:logGet(43)) - raft.server.log.appender.install.snapshot.enabled = false (custom)
2019-10-18 13:54:02,275 [pool-639-thread-1] INFO  server.RaftServerConfigKeys (ConfUtils.java:logGet(43)) - raft.server.storage.dir = [/workdir/hadoop-ozone/integration-test/target/test-dir/MiniOzoneClusterImpl-74b53c55-a47a-4ba0-940b-ff532fb51615/datanode-5/data/ratis] (custom)
2019-10-18 13:54:02,275 [pool-619-thread-1] INFO  impl.RaftServerImpl (ServerState.java:<init>(103)) - fb6f87a4-8408-4a98-9903-4c6215d108ba@group-1B8221C9843F: ConfigurationManager, init=-1: [fb6f87a4-8408-4a98-9903-4c6215d108ba:192.168.34.61:45994, 0e2ca166-51cd-408c-96b2-af63247b3a52:192.168.34.61:45435, cbf4fc70-08db-417d-ad43-548bd376729e:192.168.34.61:44436], old=null, confs=<EMPTY_MAP>
2019-10-18 13:54:02,276 [pool-639-thread-1] INFO  server.RaftServerConfigKeys (ConfUtils.java:logGet(43)) - raft.server.log.corruption.policy = EXCEPTION (default)
2019-10-18 13:54:02,276 [pool-619-thread-1] INFO  server.RaftServerConfigKeys (ConfUtils.java:logGet(43)) - raft.server.storage.dir = [/workdir/hadoop-ozone/integration-test/target/test-dir/MiniOzoneClusterImpl-74b53c55-a47a-4ba0-940b-ff532fb51615/datanode-3/data/ratis] (custom)
2019-10-18 13:54:02,276 [pool-639-thread-1] INFO  storage.RaftStorageDirectory (RaftStorageDirectory.java:analyzeStorage(246)) - The storage directory /workdir/hadoop-ozone/integration-test/target/test-dir/MiniOzoneClusterImpl-74b53c55-a47a-4ba0-940b-ff532fb51615/datanode-5/data/ratis/be44ede0-1005-4ea6-9043-1b8221c9843f does not exist. Creating ...
2019-10-18 13:54:02,276 [pool-619-thread-1] INFO  server.RaftServerConfigKeys (ConfUtils.java:logGet(43)) - raft.server.log.corruption.policy = EXCEPTION (default)
2019-10-18 13:54:02,276 [pool-619-thread-1] INFO  storage.RaftStorageDirectory (RaftStorageDirectory.java:analyzeStorage(246)) - The storage directory /workdir/hadoop-ozone/integration-test/target/test-dir/MiniOzoneClusterImpl-74b53c55-a47a-4ba0-940b-ff532fb51615/datanode-3/data/ratis/be44ede0-1005-4ea6-9043-1b8221c9843f does not exist. Creating ...
2019-10-18 13:54:02,310 [pool-619-thread-1] INFO  storage.RaftStorageDirectory (RaftStorageDirectory.java:tryLock(328)) - Lock on /workdir/hadoop-ozone/integration-test/target/test-dir/MiniOzoneClusterImpl-74b53c55-a47a-4ba0-940b-ff532fb51615/datanode-3/data/ratis/be44ede0-1005-4ea6-9043-1b8221c9843f/in_use.lock acquired by nodename 2894@pr-hdds-2280-982rn-3954796538
2019-10-18 13:54:02,310 [pool-639-thread-1] INFO  storage.RaftStorageDirectory (RaftStorageDirectory.java:tryLock(328)) - Lock on /workdir/hadoop-ozone/integration-test/target/test-dir/MiniOzoneClusterImpl-74b53c55-a47a-4ba0-940b-ff532fb51615/datanode-5/data/ratis/be44ede0-1005-4ea6-9043-1b8221c9843f/in_use.lock acquired by nodename 2894@pr-hdds-2280-982rn-3954796538
2019-10-18 13:54:02,310 [pool-599-thread-1] INFO  storage.RaftStorageDirectory (RaftStorageDirectory.java:tryLock(328)) - Lock on /workdir/hadoop-ozone/integration-test/target/test-dir/MiniOzoneClusterImpl-74b53c55-a47a-4ba0-940b-ff532fb51615/datanode-1/data/ratis/be44ede0-1005-4ea6-9043-1b8221c9843f/in_use.lock acquired by nodename 2894@pr-hdds-2280-982rn-3954796538
2019-10-18 13:54:02,335 [pool-599-thread-1] INFO  storage.RaftStorage (RaftStorage.java:format(84)) - Storage directory /workdir/hadoop-ozone/integration-test/target/test-dir/MiniOzoneClusterImpl-74b53c55-a47a-4ba0-940b-ff532fb51615/datanode-1/data/ratis/be44ede0-1005-4ea6-9043-1b8221c9843f has been successfully formatted.
2019-10-18 13:54:02,335 [pool-639-thread-1] INFO  storage.RaftStorage (RaftStorage.java:format(84)) - Storage directory /workdir/hadoop-ozone/integration-test/target/test-dir/MiniOzoneClusterImpl-74b53c55-a47a-4ba0-940b-ff532fb51615/datanode-5/data/ratis/be44ede0-1005-4ea6-9043-1b8221c9843f has been successfully formatted.
2019-10-18 13:54:02,335 [pool-599-thread-1] INFO  ratis.ContainerStateMachine (ContainerStateMachine.java:loadSnapshot(231)) - group-1B8221C9843F: The snapshot info is null. Setting the last applied indexto:(t:0, i:~)
2019-10-18 13:54:02,335 [pool-619-thread-1] INFO  storage.RaftStorage (RaftStorage.java:format(84)) - Storage directory /workdir/hadoop-ozone/integration-test/target/test-dir/MiniOzoneClusterImpl-74b53c55-a47a-4ba0-940b-ff532fb51615/datanode-3/data/ratis/be44ede0-1005-4ea6-9043-1b8221c9843f has been successfully formatted.
2019-10-18 13:54:02,335 [pool-599-thread-1] INFO  server.RaftServerConfigKeys (ConfUtils.java:logGet(43)) - raft.server.notification.no-leader.timeout = 120s (custom)
2019-10-18 13:54:02,335 [pool-639-thread-1] INFO  ratis.ContainerStateMachine (ContainerStateMachine.java:loadSnapshot(231)) - group-1B8221C9843F: The snapshot info is null. Setting the last applied indexto:(t:0, i:~)
2019-10-18 13:54:02,335 [pool-619-thread-1] INFO  ratis.ContainerStateMachine (ContainerStateMachine.java:loadSnapshot(231)) - group-1B8221C9843F: The snapshot info is null. Setting the last applied indexto:(t:0, i:~)
2019-10-18 13:54:02,335 [pool-599-thread-1] INFO  server.RaftServerConfigKeys (ConfUtils.java:logGet(43)) - raft.server.log.use.memory = false (default)
2019-10-18 13:54:02,335 [pool-619-thread-1] INFO  server.RaftServerConfigKeys (ConfUtils.java:logGet(43)) - raft.server.notification.no-leader.timeout = 120s (custom)
2019-10-18 13:54:02,335 [pool-639-thread-1] INFO  server.RaftServerConfigKeys (ConfUtils.java:logGet(43)) - raft.server.notification.no-leader.timeout = 120s (custom)
2019-10-18 13:54:02,336 [pool-639-thread-1] INFO  server.RaftServerConfigKeys (ConfUtils.java:logGet(43)) - raft.server.log.use.memory = false (default)
2019-10-18 13:54:02,335 [pool-619-thread-1] INFO  server.RaftServerConfigKeys (ConfUtils.java:logGet(43)) - raft.server.log.use.memory = false (default)
2019-10-18 13:54:02,335 [pool-599-thread-1] INFO  server.RaftServerConfigKeys (ConfUtils.java:logGet(43)) - raft.server.log.purge.gap = 1000000 (custom)
2019-10-18 13:54:02,336 [pool-619-thread-1] INFO  server.RaftServerConfigKeys (ConfUtils.java:logGet(43)) - raft.server.log.purge.gap = 1000000 (custom)
2019-10-18 13:54:02,336 [pool-639-thread-1] INFO  server.RaftServerConfigKeys (ConfUtils.java:logGet(43)) - raft.server.log.purge.gap = 1000000 (custom)
2019-10-18 13:54:02,336 [pool-619-thread-1] INFO  server.RaftServerConfigKeys (ConfUtils.java:logGet(43)) - raft.server.log.appender.buffer.byte-limit = 33554432 (custom)
2019-10-18 13:54:02,336 [pool-599-thread-1] INFO  server.RaftServerConfigKeys (ConfUtils.java:logGet(43)) - raft.server.log.appender.buffer.byte-limit = 33554432 (custom)
2019-10-18 13:54:02,336 [pool-619-thread-1] INFO  server.RaftServerConfigKeys (ConfUtils.java:logGet(43)) - raft.server.log.segment.size.max = 1048576 (custom)
2019-10-18 13:54:02,336 [pool-639-thread-1] INFO  server.RaftServerConfigKeys (ConfUtils.java:logGet(43)) - raft.server.log.appender.buffer.byte-limit = 33554432 (custom)
2019-10-18 13:54:02,336 [pool-619-thread-1] INFO  server.RaftServerConfigKeys (ConfUtils.java:logGet(43)) - raft.server.log.segment.cache.num.max = 2 (custom)
2019-10-18 13:54:02,336 [pool-599-thread-1] INFO  server.RaftServerConfigKeys (ConfUtils.java:logGet(43)) - raft.server.log.segment.size.max = 1048576 (custom)
2019-10-18 13:54:02,337 [pool-619-thread-1] INFO  segmented.SegmentedRaftLogWorker (SegmentedRaftLogWorker.java:<init>(173)) - new fb6f87a4-8408-4a98-9903-4c6215d108ba@group-1B8221C9843F-SegmentedRaftLogWorker for RaftStorage:Storage Directory /workdir/hadoop-ozone/integration-test/target/test-dir/MiniOzoneClusterImpl-74b53c55-a47a-4ba0-940b-ff532fb51615/datanode-3/data/ratis/be44ede0-1005-4ea6-9043-1b8221c9843f
2019-10-18 13:54:02,336 [pool-639-thread-1] INFO  server.RaftServerConfigKeys (ConfUtils.java:logGet(43)) - raft.server.log.segment.size.max = 1048576 (custom)
2019-10-18 13:54:02,337 [pool-619-thread-1] INFO  server.RaftServerConfigKeys (ConfUtils.java:logGet(43)) - raft.server.log.queue.byte-limit = 2147483647 (custom)
2019-10-18 13:54:02,337 [pool-599-thread-1] INFO  server.RaftServerConfigKeys (ConfUtils.java:logGet(43)) - raft.server.log.segment.cache.num.max = 2 (custom)
2019-10-18 13:54:02,337 [pool-619-thread-1] INFO  server.RaftServerConfigKeys (ConfUtils.java:logGet(43)) - raft.server.log.queue.element-limit = 1024 (custom)
2019-10-18 13:54:02,337 [pool-639-thread-1] INFO  server.RaftServerConfigKeys (ConfUtils.java:logGet(43)) - raft.server.log.segment.cache.num.max = 2 (custom)
2019-10-18 13:54:02,337 [pool-619-thread-1] INFO  server.RaftServerConfigKeys (ConfUtils.java:logGet(43)) - raft.server.log.segment.size.max = 1048576 (custom)
2019-10-18 13:54:02,337 [pool-599-thread-1] INFO  segmented.SegmentedRaftLogWorker (SegmentedRaftLogWorker.java:<init>(173)) - new 0e2ca166-51cd-408c-96b2-af63247b3a52@group-1B8221C9843F-SegmentedRaftLogWorker for RaftStorage:Storage Directory /workdir/hadoop-ozone/integration-test/target/test-dir/MiniOzoneClusterImpl-74b53c55-a47a-4ba0-940b-ff532fb51615/datanode-1/data/ratis/be44ede0-1005-4ea6-9043-1b8221c9843f
2019-10-18 13:54:02,337 [pool-619-thread-1] INFO  server.RaftServerConfigKeys (ConfUtils.java:logGet(43)) - raft.server.log.preallocated.size = 16384 (custom)
2019-10-18 13:54:02,337 [pool-639-thread-1] INFO  segmented.SegmentedRaftLogWorker (SegmentedRaftLogWorker.java:<init>(173)) - new cbf4fc70-08db-417d-ad43-548bd376729e@group-1B8221C9843F-SegmentedRaftLogWorker for RaftStorage:Storage Directory /workdir/hadoop-ozone/integration-test/target/test-dir/MiniOzoneClusterImpl-74b53c55-a47a-4ba0-940b-ff532fb51615/datanode-5/data/ratis/be44ede0-1005-4ea6-9043-1b8221c9843f
2019-10-18 13:54:02,337 [pool-619-thread-1] INFO  server.RaftServerConfigKeys (ConfUtils.java:logGet(43)) - raft.server.log.write.buffer.size = 33554432 (custom)
2019-10-18 13:54:02,337 [pool-599-thread-1] INFO  server.RaftServerConfigKeys (ConfUtils.java:logGet(43)) - raft.server.log.queue.byte-limit = 2147483647 (custom)
2019-10-18 13:54:02,338 [pool-619-thread-1] INFO  server.RaftServerConfigKeys (ConfUtils.java:logGet(43)) - raft.server.log.force.sync.num = 128 (default)
2019-10-18 13:54:02,338 [pool-639-thread-1] INFO  server.RaftServerConfigKeys (ConfUtils.java:logGet(43)) - raft.server.log.queue.byte-limit = 2147483647 (custom)
2019-10-18 13:54:02,338 [pool-619-thread-1] INFO  server.RaftServerConfigKeys (ConfUtils.java:logGet(43)) - raft.server.log.statemachine.data.sync = true (default)
2019-10-18 13:54:02,338 [pool-599-thread-1] INFO  server.RaftServerConfigKeys (ConfUtils.java:logGet(43)) - raft.server.log.queue.element-limit = 1024 (custom)
2019-10-18 13:54:02,338 [pool-619-thread-1] INFO  server.RaftServerConfigKeys (ConfUtils.java:logGet(43)) - raft.server.log.statemachine.data.sync.timeout = 10s (default)
2019-10-18 13:54:02,338 [pool-639-thread-1] INFO  server.RaftServerConfigKeys (ConfUtils.java:logGet(43)) - raft.server.log.queue.element-limit = 1024 (custom)
2019-10-18 13:54:02,338 [pool-619-thread-1] INFO  server.RaftServerConfigKeys (ConfUtils.java:logGet(43)) - raft.server.log.statemachine.data.sync.timeout.retry = -1 (default)
2019-10-18 13:54:02,338 [pool-599-thread-1] INFO  server.RaftServerConfigKeys (ConfUtils.java:logGet(43)) - raft.server.log.segment.size.max = 1048576 (custom)
2019-10-18 13:54:02,338 [pool-619-thread-1] INFO  server.RaftServerConfigKeys (ConfUtils.java:logGet(43)) - raft.server.log.statemachine.data.caching.enabled = true (custom)
2019-10-18 13:54:02,338 [pool-639-thread-1] INFO  server.RaftServerConfigKeys (ConfUtils.java:logGet(43)) - raft.server.log.segment.size.max = 1048576 (custom)
2019-10-18 13:54:02,338 [pool-599-thread-1] INFO  server.RaftServerConfigKeys (ConfUtils.java:logGet(43)) - raft.server.log.preallocated.size = 16384 (custom)
2019-10-18 13:54:02,339 [pool-639-thread-1] INFO  server.RaftServerConfigKeys (ConfUtils.java:logGet(43)) - raft.server.log.preallocated.size = 16384 (custom)
2019-10-18 13:54:02,339 [pool-619-thread-1] INFO  segmented.SegmentedRaftLogWorker (SegmentedRaftLogWorker.java:lambda$new$0(128)) - fb6f87a4-8408-4a98-9903-4c6215d108ba@group-1B8221C9843F-SegmentedRaftLogWorker: flushIndex: setUnconditionally 0 -> -1
2019-10-18 13:54:02,339 [pool-599-thread-1] INFO  server.RaftServerConfigKeys (ConfUtils.java:logGet(43)) - raft.server.log.write.buffer.size = 33554432 (custom)
2019-10-18 13:54:02,339 [pool-639-thread-1] INFO  server.RaftServerConfigKeys (ConfUtils.java:logGet(43)) - raft.server.log.write.buffer.size = 33554432 (custom)
2019-10-18 13:54:02,339 [pool-599-thread-1] INFO  server.RaftServerConfigKeys (ConfUtils.java:logGet(43)) - raft.server.log.force.sync.num = 128 (default)
2019-10-18 13:54:02,339 [pool-639-thread-1] INFO  server.RaftServerConfigKeys (ConfUtils.java:logGet(43)) - raft.server.log.force.sync.num = 128 (default)
2019-10-18 13:54:02,339 [pool-619-thread-1] INFO  server.RaftServerConfigKeys (ConfUtils.java:logGet(43)) - raft.server.snapshot.auto.trigger.enabled = true (custom)
2019-10-18 13:54:02,339 [pool-599-thread-1] INFO  server.RaftServerConfigKeys (ConfUtils.java:logGet(43)) - raft.server.log.statemachine.data.sync = true (default)
2019-10-18 13:54:02,339 [pool-619-thread-1] INFO  server.RaftServerConfigKeys (ConfUtils.java:logGet(43)) - raft.server.snapshot.auto.trigger.threshold = 10000 (custom)
2019-10-18 13:54:02,339 [pool-639-thread-1] INFO  server.RaftServerConfigKeys (ConfUtils.java:logGet(43)) - raft.server.log.statemachine.data.sync = true (default)
2019-10-18 13:54:02,340 [pool-619-thread-1] INFO  server.RaftServerConfigKeys (ConfUtils.java:logGet(43)) - raft.server.snapshot.retention.file.num = 5 (custom)
2019-10-18 13:54:02,339 [pool-599-thread-1] INFO  server.RaftServerConfigKeys (ConfUtils.java:logGet(43)) - raft.server.log.statemachine.data.sync.timeout = 10s (default)
2019-10-18 13:54:02,340 [pool-619-thread-1] INFO  server.RaftServerConfigKeys (ConfUtils.java:logGet(43)) - raft.server.retrycache.expirytime = 600000ms (custom)
2019-10-18 13:54:02,340 [pool-639-thread-1] INFO  server.RaftServerConfigKeys (ConfUtils.java:logGet(43)) - raft.server.log.statemachine.data.sync.timeout = 10s (default)
2019-10-18 13:54:02,340 [pool-599-thread-1] INFO  server.RaftServerConfigKeys (ConfUtils.java:logGet(43)) - raft.server.log.statemachine.data.sync.timeout.retry = -1 (default)
2019-10-18 13:54:02,340 [pool-639-thread-1] INFO  server.RaftServerConfigKeys (ConfUtils.java:logGet(43)) - raft.server.log.statemachine.data.sync.timeout.retry = -1 (default)
2019-10-18 13:54:02,340 [pool-599-thread-1] INFO  server.RaftServerConfigKeys (ConfUtils.java:logGet(43)) - raft.server.log.statemachine.data.caching.enabled = true (custom)
2019-10-18 13:54:02,340 [pool-639-thread-1] INFO  server.RaftServerConfigKeys (ConfUtils.java:logGet(43)) - raft.server.log.statemachine.data.caching.enabled = true (custom)
2019-10-18 13:54:02,340 [pool-599-thread-1] INFO  segmented.SegmentedRaftLogWorker (SegmentedRaftLogWorker.java:lambda$new$0(128)) - 0e2ca166-51cd-408c-96b2-af63247b3a52@group-1B8221C9843F-SegmentedRaftLogWorker: flushIndex: setUnconditionally 0 -> -1
2019-10-18 13:54:02,340 [pool-639-thread-1] INFO  segmented.SegmentedRaftLogWorker (SegmentedRaftLogWorker.java:lambda$new$0(128)) - cbf4fc70-08db-417d-ad43-548bd376729e@group-1B8221C9843F-SegmentedRaftLogWorker: flushIndex: setUnconditionally 0 -> -1
2019-10-18 13:54:02,341 [pool-599-thread-1] INFO  server.RaftServerConfigKeys (ConfUtils.java:logGet(43)) - raft.server.snapshot.auto.trigger.enabled = true (custom)
2019-10-18 13:54:02,341 [pool-599-thread-1] INFO  server.RaftServerConfigKeys (ConfUtils.java:logGet(43)) - raft.server.snapshot.auto.trigger.threshold = 10000 (custom)
2019-10-18 13:54:02,341 [pool-639-thread-1] INFO  server.RaftServerConfigKeys (ConfUtils.java:logGet(43)) - raft.server.snapshot.auto.trigger.enabled = true (custom)
2019-10-18 13:54:02,341 [pool-599-thread-1] INFO  server.RaftServerConfigKeys (ConfUtils.java:logGet(43)) - raft.server.snapshot.retention.file.num = 5 (custom)
2019-10-18 13:54:02,341 [pool-639-thread-1] INFO  server.RaftServerConfigKeys (ConfUtils.java:logGet(43)) - raft.server.snapshot.auto.trigger.threshold = 10000 (custom)
2019-10-18 13:54:02,341 [pool-599-thread-1] INFO  server.RaftServerConfigKeys (ConfUtils.java:logGet(43)) - raft.server.retrycache.expirytime = 600000ms (custom)
2019-10-18 13:54:02,341 [pool-639-thread-1] INFO  server.RaftServerConfigKeys (ConfUtils.java:logGet(43)) - raft.server.snapshot.retention.file.num = 5 (custom)
2019-10-18 13:54:02,341 [pool-639-thread-1] INFO  server.RaftServerConfigKeys (ConfUtils.java:logGet(43)) - raft.server.retrycache.expirytime = 600000ms (custom)
2019-10-18 13:54:02,342 [pool-619-thread-1] INFO  impl.RaftServerImpl (RaftServerImpl.java:start(181)) - fb6f87a4-8408-4a98-9903-4c6215d108ba@group-1B8221C9843F: start as a follower, conf=-1: [fb6f87a4-8408-4a98-9903-4c6215d108ba:192.168.34.61:45994, 0e2ca166-51cd-408c-96b2-af63247b3a52:192.168.34.61:45435, cbf4fc70-08db-417d-ad43-548bd376729e:192.168.34.61:44436], old=null
2019-10-18 13:54:02,342 [pool-619-thread-1] INFO  impl.RaftServerImpl (RaftServerImpl.java:setRole(170)) - fb6f87a4-8408-4a98-9903-4c6215d108ba@group-1B8221C9843F: changes role from      null to FOLLOWER at term 0 for startAsFollower
2019-10-18 13:54:02,342 [pool-619-thread-1] INFO  impl.RoleInfo (RoleInfo.java:updateAndGet(143)) - fb6f87a4-8408-4a98-9903-4c6215d108ba: start FollowerState
2019-10-18 13:54:02,342 [pool-619-thread-1] INFO  util.JmxRegister (JmxRegister.java:tryRegister(44)) - Successfully registered JMX Bean with object name Ratis:service=RaftServer,group=group-1B8221C9843F,id=fb6f87a4-8408-4a98-9903-4c6215d108ba
2019-10-18 13:54:02,343 [pool-599-thread-1] INFO  impl.RaftServerImpl (RaftServerImpl.java:start(181)) - 0e2ca166-51cd-408c-96b2-af63247b3a52@group-1B8221C9843F: start as a follower, conf=-1: [fb6f87a4-8408-4a98-9903-4c6215d108ba:192.168.34.61:45994, 0e2ca166-51cd-408c-96b2-af63247b3a52:192.168.34.61:45435, cbf4fc70-08db-417d-ad43-548bd376729e:192.168.34.61:44436], old=null
2019-10-18 13:54:02,343 [pool-639-thread-1] INFO  impl.RaftServerImpl (RaftServerImpl.java:start(181)) - cbf4fc70-08db-417d-ad43-548bd376729e@group-1B8221C9843F: start as a follower, conf=-1: [fb6f87a4-8408-4a98-9903-4c6215d108ba:192.168.34.61:45994, 0e2ca166-51cd-408c-96b2-af63247b3a52:192.168.34.61:45435, cbf4fc70-08db-417d-ad43-548bd376729e:192.168.34.61:44436], old=null
2019-10-18 13:54:02,343 [pool-599-thread-1] INFO  impl.RaftServerImpl (RaftServerImpl.java:setRole(170)) - 0e2ca166-51cd-408c-96b2-af63247b3a52@group-1B8221C9843F: changes role from      null to FOLLOWER at term 0 for startAsFollower
2019-10-18 13:54:02,343 [pool-639-thread-1] INFO  impl.RaftServerImpl (RaftServerImpl.java:setRole(170)) - cbf4fc70-08db-417d-ad43-548bd376729e@group-1B8221C9843F: changes role from      null to FOLLOWER at term 0 for startAsFollower
2019-10-18 13:54:02,344 [pool-599-thread-1] INFO  impl.RoleInfo (RoleInfo.java:updateAndGet(143)) - 0e2ca166-51cd-408c-96b2-af63247b3a52: start FollowerState
2019-10-18 13:54:02,344 [pool-639-thread-1] INFO  impl.RoleInfo (RoleInfo.java:updateAndGet(143)) - cbf4fc70-08db-417d-ad43-548bd376729e: start FollowerState
2019-10-18 13:54:02,344 [pool-599-thread-1] INFO  util.JmxRegister (JmxRegister.java:tryRegister(44)) - Successfully registered JMX Bean with object name Ratis:service=RaftServer,group=group-1B8221C9843F,id=0e2ca166-51cd-408c-96b2-af63247b3a52
2019-10-18 13:54:02,344 [pool-639-thread-1] INFO  util.JmxRegister (JmxRegister.java:tryRegister(44)) - Successfully registered JMX Bean with object name Ratis:service=RaftServer,group=group-1B8221C9843F,id=cbf4fc70-08db-417d-ad43-548bd376729e
2019-10-18 13:54:02,348 [RatisPipelineUtilsThread] INFO  pipeline.PipelineStateManager (PipelineStateManager.java:addPipeline(56)) - Created pipeline Pipeline[ Id: be44ede0-1005-4ea6-9043-1b8221c9843f, Nodes: fb6f87a4-8408-4a98-9903-4c6215d108ba{ip: 192.168.34.61, host: pr-hdds-2280-982rn-3954796538, networkLocation: /default-rack, certSerialId: null}cbf4fc70-08db-417d-ad43-548bd376729e{ip: 192.168.34.61, host: pr-hdds-2280-982rn-3954796538, networkLocation: /default-rack, certSerialId: null}0e2ca166-51cd-408c-96b2-af63247b3a52{ip: 192.168.34.61, host: pr-hdds-2280-982rn-3954796538, networkLocation: /default-rack, certSerialId: null}, Type:RATIS, Factor:THREE, State:OPEN]
2019-10-18 13:54:02,358 [grpc-default-executor-4] INFO  impl.RaftServerProxy (RaftServerProxy.java:addNew(89)) - d2333deb-71a5-40db-87e6-3e3e7a789f80: addNew group-8407C10D568F:[93caec60-0fcc-4b2b-9d7f-7eb17bf04289:192.168.34.61:37339, d2333deb-71a5-40db-87e6-3e3e7a789f80:192.168.34.61:36163, 70eeaf7e-3c12-423d-bbdb-6f2629d9397d:192.168.34.61:34725] returns group-8407C10D568F:java.util.concurrent.CompletableFuture@1c924147[Not completed]
2019-10-18 13:54:02,359 [pool-629-thread-1] INFO  impl.RaftServerImpl (RaftServerImpl.java:<init>(95)) - d2333deb-71a5-40db-87e6-3e3e7a789f80: new RaftServerImpl for group-8407C10D568F:[93caec60-0fcc-4b2b-9d7f-7eb17bf04289:192.168.34.61:37339, d2333deb-71a5-40db-87e6-3e3e7a789f80:192.168.34.61:36163, 70eeaf7e-3c12-423d-bbdb-6f2629d9397d:192.168.34.61:34725] with ContainerStateMachine:uninitialized
2019-10-18 13:54:02,362 [pool-629-thread-1] INFO  server.RaftServerConfigKeys (ConfUtils.java:logGet(43)) - raft.server.rpc.timeout.min = 5s (custom)
2019-10-18 13:54:02,362 [pool-629-thread-1] INFO  server.RaftServerConfigKeys (ConfUtils.java:logGet(43)) - raft.server.rpc.timeout.max = 5200ms (custom)
2019-10-18 13:54:02,362 [pool-629-thread-1] INFO  server.RaftServerConfigKeys (ConfUtils.java:logGet(43)) - raft.server.rpcslowness.timeout = 120s (custom)
2019-10-18 13:54:02,362 [grpc-default-executor-4] INFO  impl.RaftServerProxy (RaftServerProxy.java:addNew(89)) - 93caec60-0fcc-4b2b-9d7f-7eb17bf04289: addNew group-8407C10D568F:[93caec60-0fcc-4b2b-9d7f-7eb17bf04289:192.168.34.61:37339, d2333deb-71a5-40db-87e6-3e3e7a789f80:192.168.34.61:36163, 70eeaf7e-3c12-423d-bbdb-6f2629d9397d:192.168.34.61:34725] returns group-8407C10D568F:java.util.concurrent.CompletableFuture@7164871[Not completed]
2019-10-18 13:54:02,362 [pool-629-thread-1] INFO  server.RaftServerConfigKeys (ConfUtils.java:logGet(43)) - raft.server.sleep.deviation.threshold = 300 (default)
2019-10-18 13:54:02,362 [grpc-default-executor-8] INFO  impl.RaftServerProxy (RaftServerProxy.java:addNew(89)) - 70eeaf7e-3c12-423d-bbdb-6f2629d9397d: addNew group-8407C10D568F:[93caec60-0fcc-4b2b-9d7f-7eb17bf04289:192.168.34.61:37339, d2333deb-71a5-40db-87e6-3e3e7a789f80:192.168.34.61:36163, 70eeaf7e-3c12-423d-bbdb-6f2629d9397d:192.168.34.61:34725] returns group-8407C10D568F:java.util.concurrent.CompletableFuture@10123776[Not completed]
2019-10-18 13:54:02,362 [pool-629-thread-1] INFO  server.RaftServerConfigKeys (ConfUtils.java:logGet(43)) - raft.server.log.appender.install.snapshot.enabled = false (custom)
2019-10-18 13:54:02,363 [pool-629-thread-1] INFO  impl.RaftServerImpl (ServerState.java:<init>(103)) - d2333deb-71a5-40db-87e6-3e3e7a789f80@group-8407C10D568F: ConfigurationManager, init=-1: [93caec60-0fcc-4b2b-9d7f-7eb17bf04289:192.168.34.61:37339, d2333deb-71a5-40db-87e6-3e3e7a789f80:192.168.34.61:36163, 70eeaf7e-3c12-423d-bbdb-6f2629d9397d:192.168.34.61:34725], old=null, confs=<EMPTY_MAP>
2019-10-18 13:54:02,363 [pool-629-thread-1] INFO  server.RaftServerConfigKeys (ConfUtils.java:logGet(43)) - raft.server.storage.dir = [/workdir/hadoop-ozone/integration-test/target/test-dir/MiniOzoneClusterImpl-74b53c55-a47a-4ba0-940b-ff532fb51615/datanode-4/data/ratis] (custom)
2019-10-18 13:54:02,363 [pool-629-thread-1] INFO  server.RaftServerConfigKeys (ConfUtils.java:logGet(43)) - raft.server.log.corruption.policy = EXCEPTION (default)
2019-10-18 13:54:02,363 [pool-629-thread-1] INFO  storage.RaftStorageDirectory (RaftStorageDirectory.java:analyzeStorage(246)) - The storage directory /workdir/hadoop-ozone/integration-test/target/test-dir/MiniOzoneClusterImpl-74b53c55-a47a-4ba0-940b-ff532fb51615/datanode-4/data/ratis/37e68ed1-a8b0-449f-8dfa-8407c10d568f does not exist. Creating ...
2019-10-18 13:54:02,363 [pool-649-thread-1] INFO  impl.RaftServerImpl (RaftServerImpl.java:<init>(95)) - 93caec60-0fcc-4b2b-9d7f-7eb17bf04289: new RaftServerImpl for group-8407C10D568F:[93caec60-0fcc-4b2b-9d7f-7eb17bf04289:192.168.34.61:37339, d2333deb-71a5-40db-87e6-3e3e7a789f80:192.168.34.61:36163, 70eeaf7e-3c12-423d-bbdb-6f2629d9397d:192.168.34.61:34725] with ContainerStateMachine:uninitialized
2019-10-18 13:54:02,364 [pool-649-thread-1] INFO  server.RaftServerConfigKeys (ConfUtils.java:logGet(43)) - raft.server.rpc.timeout.min = 5s (custom)
2019-10-18 13:54:02,364 [pool-649-thread-1] INFO  server.RaftServerConfigKeys (ConfUtils.java:logGet(43)) - raft.server.rpc.timeout.max = 5200ms (custom)
2019-10-18 13:54:02,364 [pool-649-thread-1] INFO  server.RaftServerConfigKeys (ConfUtils.java:logGet(43)) - raft.server.rpcslowness.timeout = 120s (custom)
2019-10-18 13:54:02,364 [pool-649-thread-1] INFO  server.RaftServerConfigKeys (ConfUtils.java:logGet(43)) - raft.server.sleep.deviation.threshold = 300 (default)
2019-10-18 13:54:02,364 [pool-649-thread-1] INFO  server.RaftServerConfigKeys (ConfUtils.java:logGet(43)) - raft.server.log.appender.install.snapshot.enabled = false (custom)
2019-10-18 13:54:02,364 [pool-609-thread-1] INFO  impl.RaftServerImpl (RaftServerImpl.java:<init>(95)) - 70eeaf7e-3c12-423d-bbdb-6f2629d9397d: new RaftServerImpl for group-8407C10D568F:[93caec60-0fcc-4b2b-9d7f-7eb17bf04289:192.168.34.61:37339, d2333deb-71a5-40db-87e6-3e3e7a789f80:192.168.34.61:36163, 70eeaf7e-3c12-423d-bbdb-6f2629d9397d:192.168.34.61:34725] with ContainerStateMachine:uninitialized
2019-10-18 13:54:02,364 [pool-649-thread-1] INFO  impl.RaftServerImpl (ServerState.java:<init>(103)) - 93caec60-0fcc-4b2b-9d7f-7eb17bf04289@group-8407C10D568F: ConfigurationManager, init=-1: [93caec60-0fcc-4b2b-9d7f-7eb17bf04289:192.168.34.61:37339, d2333deb-71a5-40db-87e6-3e3e7a789f80:192.168.34.61:36163, 70eeaf7e-3c12-423d-bbdb-6f2629d9397d:192.168.34.61:34725], old=null, confs=<EMPTY_MAP>
2019-10-18 13:54:02,364 [pool-609-thread-1] INFO  server.RaftServerConfigKeys (ConfUtils.java:logGet(43)) - raft.server.rpc.timeout.min = 5s (custom)
2019-10-18 13:54:02,364 [pool-649-thread-1] INFO  server.RaftServerConfigKeys (ConfUtils.java:logGet(43)) - raft.server.storage.dir = [/workdir/hadoop-ozone/integration-test/target/test-dir/MiniOzoneClusterImpl-74b53c55-a47a-4ba0-940b-ff532fb51615/datanode-6/data/ratis] (custom)
2019-10-18 13:54:02,364 [pool-609-thread-1] INFO  server.RaftServerConfigKeys (ConfUtils.java:logGet(43)) - raft.server.rpc.timeout.max = 5200ms (custom)
2019-10-18 13:54:02,365 [pool-609-thread-1] INFO  server.RaftServerConfigKeys (ConfUtils.java:logGet(43)) - raft.server.rpcslowness.timeout = 120s (custom)
2019-10-18 13:54:02,365 [pool-649-thread-1] INFO  server.RaftServerConfigKeys (ConfUtils.java:logGet(43)) - raft.server.log.corruption.policy = EXCEPTION (default)
2019-10-18 13:54:02,365 [pool-609-thread-1] INFO  server.RaftServerConfigKeys (ConfUtils.java:logGet(43)) - raft.server.sleep.deviation.threshold = 300 (default)
2019-10-18 13:54:02,365 [pool-609-thread-1] INFO  server.RaftServerConfigKeys (ConfUtils.java:logGet(43)) - raft.server.log.appender.install.snapshot.enabled = false (custom)
2019-10-18 13:54:02,365 [pool-649-thread-1] INFO  storage.RaftStorageDirectory (RaftStorageDirectory.java:analyzeStorage(246)) - The storage directory /workdir/hadoop-ozone/integration-test/target/test-dir/MiniOzoneClusterImpl-74b53c55-a47a-4ba0-940b-ff532fb51615/datanode-6/data/ratis/37e68ed1-a8b0-449f-8dfa-8407c10d568f does not exist. Creating ...
2019-10-18 13:54:02,365 [pool-609-thread-1] INFO  impl.RaftServerImpl (ServerState.java:<init>(103)) - 70eeaf7e-3c12-423d-bbdb-6f2629d9397d@group-8407C10D568F: ConfigurationManager, init=-1: [93caec60-0fcc-4b2b-9d7f-7eb17bf04289:192.168.34.61:37339, d2333deb-71a5-40db-87e6-3e3e7a789f80:192.168.34.61:36163, 70eeaf7e-3c12-423d-bbdb-6f2629d9397d:192.168.34.61:34725], old=null, confs=<EMPTY_MAP>
2019-10-18 13:54:02,365 [pool-609-thread-1] INFO  server.RaftServerConfigKeys (ConfUtils.java:logGet(43)) - raft.server.storage.dir = [/workdir/hadoop-ozone/integration-test/target/test-dir/MiniOzoneClusterImpl-74b53c55-a47a-4ba0-940b-ff532fb51615/datanode-2/data/ratis] (custom)
2019-10-18 13:54:02,366 [pool-609-thread-1] INFO  server.RaftServerConfigKeys (ConfUtils.java:logGet(43)) - raft.server.log.corruption.policy = EXCEPTION (default)
2019-10-18 13:54:02,366 [pool-609-thread-1] INFO  storage.RaftStorageDirectory (RaftStorageDirectory.java:analyzeStorage(246)) - The storage directory /workdir/hadoop-ozone/integration-test/target/test-dir/MiniOzoneClusterImpl-74b53c55-a47a-4ba0-940b-ff532fb51615/datanode-2/data/ratis/37e68ed1-a8b0-449f-8dfa-8407c10d568f does not exist. Creating ...
2019-10-18 13:54:02,386 [pool-629-thread-1] INFO  storage.RaftStorageDirectory (RaftStorageDirectory.java:tryLock(328)) - Lock on /workdir/hadoop-ozone/integration-test/target/test-dir/MiniOzoneClusterImpl-74b53c55-a47a-4ba0-940b-ff532fb51615/datanode-4/data/ratis/37e68ed1-a8b0-449f-8dfa-8407c10d568f/in_use.lock acquired by nodename 2894@pr-hdds-2280-982rn-3954796538
2019-10-18 13:54:02,386 [pool-609-thread-1] INFO  storage.RaftStorageDirectory (RaftStorageDirectory.java:tryLock(328)) - Lock on /workdir/hadoop-ozone/integration-test/target/test-dir/MiniOzoneClusterImpl-74b53c55-a47a-4ba0-940b-ff532fb51615/datanode-2/data/ratis/37e68ed1-a8b0-449f-8dfa-8407c10d568f/in_use.lock acquired by nodename 2894@pr-hdds-2280-982rn-3954796538
2019-10-18 13:54:02,386 [pool-649-thread-1] INFO  storage.RaftStorageDirectory (RaftStorageDirectory.java:tryLock(328)) - Lock on /workdir/hadoop-ozone/integration-test/target/test-dir/MiniOzoneClusterImpl-74b53c55-a47a-4ba0-940b-ff532fb51615/datanode-6/data/ratis/37e68ed1-a8b0-449f-8dfa-8407c10d568f/in_use.lock acquired by nodename 2894@pr-hdds-2280-982rn-3954796538
2019-10-18 13:54:02,409 [pool-649-thread-1] INFO  storage.RaftStorage (RaftStorage.java:format(84)) - Storage directory /workdir/hadoop-ozone/integration-test/target/test-dir/MiniOzoneClusterImpl-74b53c55-a47a-4ba0-940b-ff532fb51615/datanode-6/data/ratis/37e68ed1-a8b0-449f-8dfa-8407c10d568f has been successfully formatted.
2019-10-18 13:54:02,409 [pool-609-thread-1] INFO  storage.RaftStorage (RaftStorage.java:format(84)) - Storage directory /workdir/hadoop-ozone/integration-test/target/test-dir/MiniOzoneClusterImpl-74b53c55-a47a-4ba0-940b-ff532fb51615/datanode-2/data/ratis/37e68ed1-a8b0-449f-8dfa-8407c10d568f has been successfully formatted.
2019-10-18 13:54:02,409 [pool-629-thread-1] INFO  storage.RaftStorage (RaftStorage.java:format(84)) - Storage directory /workdir/hadoop-ozone/integration-test/target/test-dir/MiniOzoneClusterImpl-74b53c55-a47a-4ba0-940b-ff532fb51615/datanode-4/data/ratis/37e68ed1-a8b0-449f-8dfa-8407c10d568f has been successfully formatted.
2019-10-18 13:54:02,410 [pool-649-thread-1] INFO  ratis.ContainerStateMachine (ContainerStateMachine.java:loadSnapshot(231)) - group-8407C10D568F: The snapshot info is null. Setting the last applied indexto:(t:0, i:~)
2019-10-18 13:54:02,410 [pool-629-thread-1] INFO  ratis.ContainerStateMachine (ContainerStateMachine.java:loadSnapshot(231)) - group-8407C10D568F: The snapshot info is null. Setting the last applied indexto:(t:0, i:~)
2019-10-18 13:54:02,410 [pool-609-thread-1] INFO  ratis.ContainerStateMachine (ContainerStateMachine.java:loadSnapshot(231)) - group-8407C10D568F: The snapshot info is null. Setting the last applied indexto:(t:0, i:~)
2019-10-18 13:54:02,410 [pool-629-thread-1] INFO  server.RaftServerConfigKeys (ConfUtils.java:logGet(43)) - raft.server.notification.no-leader.timeout = 120s (custom)
2019-10-18 13:54:02,410 [pool-649-thread-1] INFO  server.RaftServerConfigKeys (ConfUtils.java:logGet(43)) - raft.server.notification.no-leader.timeout = 120s (custom)
2019-10-18 13:54:02,410 [pool-629-thread-1] INFO  server.RaftServerConfigKeys (ConfUtils.java:logGet(43)) - raft.server.log.use.memory = false (default)
2019-10-18 13:54:02,410 [pool-609-thread-1] INFO  server.RaftServerConfigKeys (ConfUtils.java:logGet(43)) - raft.server.notification.no-leader.timeout = 120s (custom)
2019-10-18 13:54:02,410 [pool-629-thread-1] INFO  server.RaftServerConfigKeys (ConfUtils.java:logGet(43)) - raft.server.log.purge.gap = 1000000 (custom)
2019-10-18 13:54:02,410 [pool-649-thread-1] INFO  server.RaftServerConfigKeys (ConfUtils.java:logGet(43)) - raft.server.log.use.memory = false (default)
2019-10-18 13:54:02,411 [pool-629-thread-1] INFO  server.RaftServerConfigKeys (ConfUtils.java:logGet(43)) - raft.server.log.appender.buffer.byte-limit = 33554432 (custom)
2019-10-18 13:54:02,411 [pool-609-thread-1] INFO  server.RaftServerConfigKeys (ConfUtils.java:logGet(43)) - raft.server.log.use.memory = false (default)
2019-10-18 13:54:02,411 [pool-629-thread-1] INFO  server.RaftServerConfigKeys (ConfUtils.java:logGet(43)) - raft.server.log.segment.size.max = 1048576 (custom)
2019-10-18 13:54:02,411 [pool-649-thread-1] INFO  server.RaftServerConfigKeys (ConfUtils.java:logGet(43)) - raft.server.log.purge.gap = 1000000 (custom)
2019-10-18 13:54:02,411 [pool-629-thread-1] INFO  server.RaftServerConfigKeys (ConfUtils.java:logGet(43)) - raft.server.log.segment.cache.num.max = 2 (custom)
2019-10-18 13:54:02,411 [pool-609-thread-1] INFO  server.RaftServerConfigKeys (ConfUtils.java:logGet(43)) - raft.server.log.purge.gap = 1000000 (custom)
2019-10-18 13:54:02,411 [pool-629-thread-1] INFO  segmented.SegmentedRaftLogWorker (SegmentedRaftLogWorker.java:<init>(173)) - new d2333deb-71a5-40db-87e6-3e3e7a789f80@group-8407C10D568F-SegmentedRaftLogWorker for RaftStorage:Storage Directory /workdir/hadoop-ozone/integration-test/target/test-dir/MiniOzoneClusterImpl-74b53c55-a47a-4ba0-940b-ff532fb51615/datanode-4/data/ratis/37e68ed1-a8b0-449f-8dfa-8407c10d568f
2019-10-18 13:54:02,411 [pool-649-thread-1] INFO  server.RaftServerConfigKeys (ConfUtils.java:logGet(43)) - raft.server.log.appender.buffer.byte-limit = 33554432 (custom)
2019-10-18 13:54:02,412 [pool-629-thread-1] INFO  server.RaftServerConfigKeys (ConfUtils.java:logGet(43)) - raft.server.log.queue.byte-limit = 2147483647 (custom)
2019-10-18 13:54:02,411 [pool-609-thread-1] INFO  server.RaftServerConfigKeys (ConfUtils.java:logGet(43)) - raft.server.log.appender.buffer.byte-limit = 33554432 (custom)
2019-10-18 13:54:02,412 [pool-629-thread-1] INFO  server.RaftServerConfigKeys (ConfUtils.java:logGet(43)) - raft.server.log.queue.element-limit = 1024 (custom)
2019-10-18 13:54:02,412 [pool-629-thread-1] INFO  server.RaftServerConfigKeys (ConfUtils.java:logGet(43)) - raft.server.log.segment.size.max = 1048576 (custom)
2019-10-18 13:54:02,412 [pool-629-thread-1] INFO  server.RaftServerConfigKeys (ConfUtils.java:logGet(43)) - raft.server.log.preallocated.size = 16384 (custom)
2019-10-18 13:54:02,412 [pool-649-thread-1] INFO  server.RaftServerConfigKeys (ConfUtils.java:logGet(43)) - raft.server.log.segment.size.max = 1048576 (custom)
2019-10-18 13:54:02,412 [pool-629-thread-1] INFO  server.RaftServerConfigKeys (ConfUtils.java:logGet(43)) - raft.server.log.write.buffer.size = 33554432 (custom)
2019-10-18 13:54:02,412 [pool-609-thread-1] INFO  server.RaftServerConfigKeys (ConfUtils.java:logGet(43)) - raft.server.log.segment.size.max = 1048576 (custom)
2019-10-18 13:54:02,412 [pool-629-thread-1] INFO  server.RaftServerConfigKeys (ConfUtils.java:logGet(43)) - raft.server.log.force.sync.num = 128 (default)
2019-10-18 13:54:02,413 [pool-629-thread-1] INFO  server.RaftServerConfigKeys (ConfUtils.java:logGet(43)) - raft.server.log.statemachine.data.sync = true (default)
2019-10-18 13:54:02,412 [pool-649-thread-1] INFO  server.RaftServerConfigKeys (ConfUtils.java:logGet(43)) - raft.server.log.segment.cache.num.max = 2 (custom)
2019-10-18 13:54:02,413 [pool-629-thread-1] INFO  server.RaftServerConfigKeys (ConfUtils.java:logGet(43)) - raft.server.log.statemachine.data.sync.timeout = 10s (default)
2019-10-18 13:54:02,412 [pool-609-thread-1] INFO  server.RaftServerConfigKeys (ConfUtils.java:logGet(43)) - raft.server.log.segment.cache.num.max = 2 (custom)
2019-10-18 13:54:02,413 [pool-629-thread-1] INFO  server.RaftServerConfigKeys (ConfUtils.java:logGet(43)) - raft.server.log.statemachine.data.sync.timeout.retry = -1 (default)
2019-10-18 13:54:02,413 [pool-649-thread-1] INFO  segmented.SegmentedRaftLogWorker (SegmentedRaftLogWorker.java:<init>(173)) - new 93caec60-0fcc-4b2b-9d7f-7eb17bf04289@group-8407C10D568F-SegmentedRaftLogWorker for RaftStorage:Storage Directory /workdir/hadoop-ozone/integration-test/target/test-dir/MiniOzoneClusterImpl-74b53c55-a47a-4ba0-940b-ff532fb51615/datanode-6/data/ratis/37e68ed1-a8b0-449f-8dfa-8407c10d568f
2019-10-18 13:54:02,413 [pool-629-thread-1] INFO  server.RaftServerConfigKeys (ConfUtils.java:logGet(43)) - raft.server.log.statemachine.data.caching.enabled = true (custom)
2019-10-18 13:54:02,413 [pool-609-thread-1] INFO  segmented.SegmentedRaftLogWorker (SegmentedRaftLogWorker.java:<init>(173)) - new 70eeaf7e-3c12-423d-bbdb-6f2629d9397d@group-8407C10D568F-SegmentedRaftLogWorker for RaftStorage:Storage Directory /workdir/hadoop-ozone/integration-test/target/test-dir/MiniOzoneClusterImpl-74b53c55-a47a-4ba0-940b-ff532fb51615/datanode-2/data/ratis/37e68ed1-a8b0-449f-8dfa-8407c10d568f
2019-10-18 13:54:02,413 [pool-649-thread-1] INFO  server.RaftServerConfigKeys (ConfUtils.java:logGet(43)) - raft.server.log.queue.byte-limit = 2147483647 (custom)
2019-10-18 13:54:02,413 [pool-629-thread-1] INFO  segmented.SegmentedRaftLogWorker (SegmentedRaftLogWorker.java:lambda$new$0(128)) - d2333deb-71a5-40db-87e6-3e3e7a789f80@group-8407C10D568F-SegmentedRaftLogWorker: flushIndex: setUnconditionally 0 -> -1
2019-10-18 13:54:02,413 [pool-609-thread-1] INFO  server.RaftServerConfigKeys (ConfUtils.java:logGet(43)) - raft.server.log.queue.byte-limit = 2147483647 (custom)
2019-10-18 13:54:02,414 [pool-649-thread-1] INFO  server.RaftServerConfigKeys (ConfUtils.java:logGet(43)) - raft.server.log.queue.element-limit = 1024 (custom)
2019-10-18 13:54:02,414 [pool-629-thread-1] INFO  server.RaftServerConfigKeys (ConfUtils.java:logGet(43)) - raft.server.snapshot.auto.trigger.enabled = true (custom)
2019-10-18 13:54:02,414 [pool-609-thread-1] INFO  server.RaftServerConfigKeys (ConfUtils.java:logGet(43)) - raft.server.log.queue.element-limit = 1024 (custom)
2019-10-18 13:54:02,414 [pool-629-thread-1] INFO  server.RaftServerConfigKeys (ConfUtils.java:logGet(43)) - raft.server.snapshot.auto.trigger.threshold = 10000 (custom)
2019-10-18 13:54:02,414 [pool-649-thread-1] INFO  server.RaftServerConfigKeys (ConfUtils.java:logGet(43)) - raft.server.log.segment.size.max = 1048576 (custom)
2019-10-18 13:54:02,414 [pool-629-thread-1] INFO  server.RaftServerConfigKeys (ConfUtils.java:logGet(43)) - raft.server.snapshot.retention.file.num = 5 (custom)
2019-10-18 13:54:02,414 [pool-609-thread-1] INFO  server.RaftServerConfigKeys (ConfUtils.java:logGet(43)) - raft.server.log.segment.size.max = 1048576 (custom)
2019-10-18 13:54:02,414 [pool-629-thread-1] INFO  server.RaftServerConfigKeys (ConfUtils.java:logGet(43)) - raft.server.retrycache.expirytime = 600000ms (custom)
2019-10-18 13:54:02,414 [pool-649-thread-1] INFO  server.RaftServerConfigKeys (ConfUtils.java:logGet(43)) - raft.server.log.preallocated.size = 16384 (custom)
2019-10-18 13:54:02,415 [pool-609-thread-1] INFO  server.RaftServerConfigKeys (ConfUtils.java:logGet(43)) - raft.server.log.preallocated.size = 16384 (custom)
2019-10-18 13:54:02,415 [pool-649-thread-1] INFO  server.RaftServerConfigKeys (ConfUtils.java:logGet(43)) - raft.server.log.write.buffer.size = 33554432 (custom)
2019-10-18 13:54:02,415 [pool-609-thread-1] INFO  server.RaftServerConfigKeys (ConfUtils.java:logGet(43)) - raft.server.log.write.buffer.size = 33554432 (custom)
2019-10-18 13:54:02,415 [pool-649-thread-1] INFO  server.RaftServerConfigKeys (ConfUtils.java:logGet(43)) - raft.server.log.force.sync.num = 128 (default)
2019-10-18 13:54:02,415 [pool-609-thread-1] INFO  server.RaftServerConfigKeys (ConfUtils.java:logGet(43)) - raft.server.log.force.sync.num = 128 (default)
2019-10-18 13:54:02,415 [pool-649-thread-1] INFO  server.RaftServerConfigKeys (ConfUtils.java:logGet(43)) - raft.server.log.statemachine.data.sync = true (default)
2019-10-18 13:54:02,415 [pool-609-thread-1] INFO  server.RaftServerConfigKeys (ConfUtils.java:logGet(43)) - raft.server.log.statemachine.data.sync = true (default)
2019-10-18 13:54:02,416 [pool-649-thread-1] INFO  server.RaftServerConfigKeys (ConfUtils.java:logGet(43)) - raft.server.log.statemachine.data.sync.timeout = 10s (default)
2019-10-18 13:54:02,416 [pool-609-thread-1] INFO  server.RaftServerConfigKeys (ConfUtils.java:logGet(43)) - raft.server.log.statemachine.data.sync.timeout = 10s (default)
2019-10-18 13:54:02,416 [pool-629-thread-1] INFO  impl.RaftServerImpl (RaftServerImpl.java:start(181)) - d2333deb-71a5-40db-87e6-3e3e7a789f80@group-8407C10D568F: start as a follower, conf=-1: [93caec60-0fcc-4b2b-9d7f-7eb17bf04289:192.168.34.61:37339, d2333deb-71a5-40db-87e6-3e3e7a789f80:192.168.34.61:36163, 70eeaf7e-3c12-423d-bbdb-6f2629d9397d:192.168.34.61:34725], old=null
2019-10-18 13:54:02,416 [pool-649-thread-1] INFO  server.RaftServerConfigKeys (ConfUtils.java:logGet(43)) - raft.server.log.statemachine.data.sync.timeout.retry = -1 (default)
2019-10-18 13:54:02,416 [pool-629-thread-1] INFO  impl.RaftServerImpl (RaftServerImpl.java:setRole(170)) - d2333deb-71a5-40db-87e6-3e3e7a789f80@group-8407C10D568F: changes role from      null to FOLLOWER at term 0 for startAsFollower
2019-10-18 13:54:02,416 [pool-609-thread-1] INFO  server.RaftServerConfigKeys (ConfUtils.java:logGet(43)) - raft.server.log.statemachine.data.sync.timeout.retry = -1 (default)
2019-10-18 13:54:02,416 [pool-629-thread-1] INFO  impl.RoleInfo (RoleInfo.java:updateAndGet(143)) - d2333deb-71a5-40db-87e6-3e3e7a789f80: start FollowerState
2019-10-18 13:54:02,416 [pool-649-thread-1] INFO  server.RaftServerConfigKeys (ConfUtils.java:logGet(43)) - raft.server.log.statemachine.data.caching.enabled = true (custom)
2019-10-18 13:54:02,416 [pool-609-thread-1] INFO  server.RaftServerConfigKeys (ConfUtils.java:logGet(43)) - raft.server.log.statemachine.data.caching.enabled = true (custom)
2019-10-18 13:54:02,417 [pool-629-thread-1] INFO  util.JmxRegister (JmxRegister.java:tryRegister(44)) - Successfully registered JMX Bean with object name Ratis:service=RaftServer,group=group-8407C10D568F,id=d2333deb-71a5-40db-87e6-3e3e7a789f80
2019-10-18 13:54:02,417 [pool-649-thread-1] INFO  segmented.SegmentedRaftLogWorker (SegmentedRaftLogWorker.java:lambda$new$0(128)) - 93caec60-0fcc-4b2b-9d7f-7eb17bf04289@group-8407C10D568F-SegmentedRaftLogWorker: flushIndex: setUnconditionally 0 -> -1
2019-10-18 13:54:02,417 [pool-609-thread-1] INFO  segmented.SegmentedRaftLogWorker (SegmentedRaftLogWorker.java:lambda$new$0(128)) - 70eeaf7e-3c12-423d-bbdb-6f2629d9397d@group-8407C10D568F-SegmentedRaftLogWorker: flushIndex: setUnconditionally 0 -> -1
2019-10-18 13:54:02,417 [pool-649-thread-1] INFO  server.RaftServerConfigKeys (ConfUtils.java:logGet(43)) - raft.server.snapshot.auto.trigger.enabled = true (custom)
2019-10-18 13:54:02,417 [pool-609-thread-1] INFO  server.RaftServerConfigKeys (ConfUtils.java:logGet(43)) - raft.server.snapshot.auto.trigger.enabled = true (custom)
2019-10-18 13:54:02,417 [pool-649-thread-1] INFO  server.RaftServerConfigKeys (ConfUtils.java:logGet(43)) - raft.server.snapshot.auto.trigger.threshold = 10000 (custom)
2019-10-18 13:54:02,417 [pool-609-thread-1] INFO  server.RaftServerConfigKeys (ConfUtils.java:logGet(43)) - raft.server.snapshot.auto.trigger.threshold = 10000 (custom)
2019-10-18 13:54:02,418 [pool-649-thread-1] INFO  server.RaftServerConfigKeys (ConfUtils.java:logGet(43)) - raft.server.snapshot.retention.file.num = 5 (custom)
2019-10-18 13:54:02,418 [pool-609-thread-1] INFO  server.RaftServerConfigKeys (ConfUtils.java:logGet(43)) - raft.server.snapshot.retention.file.num = 5 (custom)
2019-10-18 13:54:02,418 [pool-649-thread-1] INFO  server.RaftServerConfigKeys (ConfUtils.java:logGet(43)) - raft.server.retrycache.expirytime = 600000ms (custom)
2019-10-18 13:54:02,418 [pool-609-thread-1] INFO  server.RaftServerConfigKeys (ConfUtils.java:logGet(43)) - raft.server.retrycache.expirytime = 600000ms (custom)
2019-10-18 13:54:02,432 [pool-609-thread-1] INFO  impl.RaftServerImpl (RaftServerImpl.java:start(181)) - 70eeaf7e-3c12-423d-bbdb-6f2629d9397d@group-8407C10D568F: start as a follower, conf=-1: [93caec60-0fcc-4b2b-9d7f-7eb17bf04289:192.168.34.61:37339, d2333deb-71a5-40db-87e6-3e3e7a789f80:192.168.34.61:36163, 70eeaf7e-3c12-423d-bbdb-6f2629d9397d:192.168.34.61:34725], old=null
2019-10-18 13:54:02,432 [pool-649-thread-1] INFO  impl.RaftServerImpl (RaftServerImpl.java:start(181)) - 93caec60-0fcc-4b2b-9d7f-7eb17bf04289@group-8407C10D568F: start as a follower, conf=-1: [93caec60-0fcc-4b2b-9d7f-7eb17bf04289:192.168.34.61:37339, d2333deb-71a5-40db-87e6-3e3e7a789f80:192.168.34.61:36163, 70eeaf7e-3c12-423d-bbdb-6f2629d9397d:192.168.34.61:34725], old=null
2019-10-18 13:54:02,432 [pool-609-thread-1] INFO  impl.RaftServerImpl (RaftServerImpl.java:setRole(170)) - 70eeaf7e-3c12-423d-bbdb-6f2629d9397d@group-8407C10D568F: changes role from      null to FOLLOWER at term 0 for startAsFollower
2019-10-18 13:54:02,432 [pool-649-thread-1] INFO  impl.RaftServerImpl (RaftServerImpl.java:setRole(170)) - 93caec60-0fcc-4b2b-9d7f-7eb17bf04289@group-8407C10D568F: changes role from      null to FOLLOWER at term 0 for startAsFollower
2019-10-18 13:54:02,432 [pool-609-thread-1] INFO  impl.RoleInfo (RoleInfo.java:updateAndGet(143)) - 70eeaf7e-3c12-423d-bbdb-6f2629d9397d: start FollowerState
2019-10-18 13:54:02,433 [pool-649-thread-1] INFO  impl.RoleInfo (RoleInfo.java:updateAndGet(143)) - 93caec60-0fcc-4b2b-9d7f-7eb17bf04289: start FollowerState
2019-10-18 13:54:02,433 [pool-609-thread-1] INFO  util.JmxRegister (JmxRegister.java:tryRegister(44)) - Successfully registered JMX Bean with object name Ratis:service=RaftServer,group=group-8407C10D568F,id=70eeaf7e-3c12-423d-bbdb-6f2629d9397d
2019-10-18 13:54:02,433 [pool-649-thread-1] INFO  util.JmxRegister (JmxRegister.java:tryRegister(44)) - Successfully registered JMX Bean with object name Ratis:service=RaftServer,group=group-8407C10D568F,id=93caec60-0fcc-4b2b-9d7f-7eb17bf04289
2019-10-18 13:54:02,437 [RatisPipelineUtilsThread] INFO  pipeline.PipelineStateManager (PipelineStateManager.java:addPipeline(56)) - Created pipeline Pipeline[ Id: 37e68ed1-a8b0-449f-8dfa-8407c10d568f, Nodes: 70eeaf7e-3c12-423d-bbdb-6f2629d9397d{ip: 192.168.34.61, host: pr-hdds-2280-982rn-3954796538, networkLocation: /default-rack, certSerialId: null}d2333deb-71a5-40db-87e6-3e3e7a789f80{ip: 192.168.34.61, host: pr-hdds-2280-982rn-3954796538, networkLocation: /default-rack, certSerialId: null}93caec60-0fcc-4b2b-9d7f-7eb17bf04289{ip: 192.168.34.61, host: pr-hdds-2280-982rn-3954796538, networkLocation: /default-rack, certSerialId: null}, Type:RATIS, Factor:THREE, State:OPEN]
2019-10-18 13:54:03,044 [main] INFO  ozone.MiniOzoneClusterImpl (MiniOzoneClusterImpl.java:lambda$waitForClusterToBeReady$0(147)) - Cluster is ready. Got 7 of 7 DN Heartbeats.
2019-10-18 13:54:03,088 [main] INFO  rpc.RpcClient (RpcClient.java:createVolume(272)) - Creating Volume: testblockoutputstream, with jenkins1000 as owner.
2019-10-18 13:54:03,091 [IPC Server handler 1 on 44265] INFO  volume.OMVolumeCreateRequest (OMVolumeCreateRequest.java:validateAndUpdateCache(193)) - created volume:testblockoutputstream for user:jenkins1000
2019-10-18 13:54:03,106 [main] INFO  rpc.RpcClient (RpcClient.java:createBucket(411)) - Creating Bucket: testblockoutputstream/testblockoutputstream, with Versioning false and Storage Type set to DISK and Encryption set to false 
2019-10-18 13:54:04,625 [Thread-4067] INFO  container.ReplicationManager (ReplicationManager.java:start(162)) - Starting Replication Monitor Thread.
2019-10-18 13:54:04,628 [ReplicationMonitor] INFO  container.ReplicationManager (ReplicationManager.java:run(225)) - Replication Monitor Thread took 1 milliseconds for processing 1 containers.
2019-10-18 13:54:06,767 [Thread-4069] INFO  impl.FollowerState (FollowerState.java:run(108)) - 14f3b2db-4e8c-4194-bb3f-405d0a3efd70@group-4C3BA87013A9-FollowerState: change to CANDIDATE, lastRpcTime:5079ms, electionTimeout:5079ms
2019-10-18 13:54:06,768 [Thread-4069] INFO  impl.RoleInfo (RoleInfo.java:shutdownFollowerState(121)) - 14f3b2db-4e8c-4194-bb3f-405d0a3efd70: shutdown FollowerState
2019-10-18 13:54:06,768 [Thread-4069] INFO  impl.RaftServerImpl (RaftServerImpl.java:setRole(170)) - 14f3b2db-4e8c-4194-bb3f-405d0a3efd70@group-4C3BA87013A9: changes role from  FOLLOWER to CANDIDATE at term 0 for changeToCandidate
2019-10-18 13:54:06,768 [Thread-4069] INFO  impl.RoleInfo (RoleInfo.java:updateAndGet(143)) - 14f3b2db-4e8c-4194-bb3f-405d0a3efd70: start LeaderElection
2019-10-18 13:54:06,797 [14f3b2db-4e8c-4194-bb3f-405d0a3efd70@group-4C3BA87013A9-LeaderElection93] INFO  impl.LeaderElection (LeaderElection.java:askForVotes(178)) - 14f3b2db-4e8c-4194-bb3f-405d0a3efd70@group-4C3BA87013A9-LeaderElection93: begin an election at term 1 for -1: [14f3b2db-4e8c-4194-bb3f-405d0a3efd70:192.168.34.61:44930], old=null
2019-10-18 13:54:06,797 [14f3b2db-4e8c-4194-bb3f-405d0a3efd70@group-4C3BA87013A9-LeaderElection93] INFO  impl.RoleInfo (RoleInfo.java:shutdownLeaderElection(134)) - 14f3b2db-4e8c-4194-bb3f-405d0a3efd70: shutdown LeaderElection
2019-10-18 13:54:06,797 [14f3b2db-4e8c-4194-bb3f-405d0a3efd70@group-4C3BA87013A9-LeaderElection93] INFO  impl.RaftServerImpl (RaftServerImpl.java:setRole(170)) - 14f3b2db-4e8c-4194-bb3f-405d0a3efd70@group-4C3BA87013A9: changes role from CANDIDATE to LEADER at term 1 for changeToLeader
2019-10-18 13:54:06,798 [14f3b2db-4e8c-4194-bb3f-405d0a3efd70@group-4C3BA87013A9-LeaderElection93] INFO  impl.RaftServerImpl (ServerState.java:setLeader(255)) - 14f3b2db-4e8c-4194-bb3f-405d0a3efd70@group-4C3BA87013A9: change Leader from null to 14f3b2db-4e8c-4194-bb3f-405d0a3efd70 at term 1 for becomeLeader, leader elected after 5113ms
2019-10-18 13:54:06,798 [14f3b2db-4e8c-4194-bb3f-405d0a3efd70@group-4C3BA87013A9-LeaderElection93] INFO  server.RaftServerConfigKeys (ConfUtils.java:logGet(43)) - raft.server.staging.catchup.gap = 1000 (default)
2019-10-18 13:54:06,798 [14f3b2db-4e8c-4194-bb3f-405d0a3efd70@group-4C3BA87013A9-LeaderElection93] INFO  server.RaftServerConfigKeys (ConfUtils.java:logGet(43)) - raft.server.rpc.sleep.time = 25ms (default)
2019-10-18 13:54:06,798 [14f3b2db-4e8c-4194-bb3f-405d0a3efd70@group-4C3BA87013A9-LeaderElection93] INFO  server.RaftServerConfigKeys (ConfUtils.java:logGet(43)) - raft.server.write.element-limit = 4096 (default)
2019-10-18 13:54:06,799 [14f3b2db-4e8c-4194-bb3f-405d0a3efd70@group-4C3BA87013A9-LeaderElection93] INFO  server.RaftServerConfigKeys (ConfUtils.java:logGet(43)) - raft.server.watch.timeout = 10s (default)
2019-10-18 13:54:06,799 [14f3b2db-4e8c-4194-bb3f-405d0a3efd70@group-4C3BA87013A9-LeaderElection93] INFO  server.RaftServerConfigKeys (ConfUtils.java:logGet(43)) - raft.server.watch.timeout.denomination = 1s (default)
2019-10-18 13:54:06,799 [14f3b2db-4e8c-4194-bb3f-405d0a3efd70@group-4C3BA87013A9-LeaderElection93] INFO  server.RaftServerConfigKeys (ConfUtils.java:logGet(43)) - raft.server.watch.element-limit = 65536 (default)
2019-10-18 13:54:06,802 [14f3b2db-4e8c-4194-bb3f-405d0a3efd70@group-4C3BA87013A9-LeaderElection93] INFO  impl.RoleInfo (RoleInfo.java:updateAndGet(143)) - 14f3b2db-4e8c-4194-bb3f-405d0a3efd70: start LeaderState
2019-10-18 13:54:06,802 [14f3b2db-4e8c-4194-bb3f-405d0a3efd70@group-4C3BA87013A9-LeaderElection93] INFO  segmented.SegmentedRaftLogWorker (SegmentedRaftLogWorker.java:startLogSegment(385)) - 14f3b2db-4e8c-4194-bb3f-405d0a3efd70@group-4C3BA87013A9-SegmentedRaftLogWorker: Starting segment from index:0
2019-10-18 13:54:06,803 [14f3b2db-4e8c-4194-bb3f-405d0a3efd70@group-4C3BA87013A9-LeaderElection93] INFO  impl.RaftServerImpl (ServerState.java:setRaftConf(356)) - 14f3b2db-4e8c-4194-bb3f-405d0a3efd70@group-4C3BA87013A9: set configuration 0: [14f3b2db-4e8c-4194-bb3f-405d0a3efd70:192.168.34.61:44930], old=null at 0
2019-10-18 13:54:06,863 [14f3b2db-4e8c-4194-bb3f-405d0a3efd70@group-4C3BA87013A9-SegmentedRaftLogWorker] INFO  segmented.SegmentedRaftLogWorker (SegmentedRaftLogWorker.java:execute(574)) - 14f3b2db-4e8c-4194-bb3f-405d0a3efd70@group-4C3BA87013A9-SegmentedRaftLogWorker: created new log segment /workdir/hadoop-ozone/integration-test/target/test-dir/MiniOzoneClusterImpl-74b53c55-a47a-4ba0-940b-ff532fb51615/datanode-0/data/ratis/be7b9b05-724c-4aef-b662-4c3ba87013a9/current/log_inprogress_0
2019-10-18 13:54:06,894 [Thread-4075] INFO  impl.FollowerState (FollowerState.java:run(108)) - 70eeaf7e-3c12-423d-bbdb-6f2629d9397d@group-5D207EC10404-FollowerState: change to CANDIDATE, lastRpcTime:5043ms, electionTimeout:5043ms
2019-10-18 13:54:06,894 [Thread-4075] INFO  impl.RoleInfo (RoleInfo.java:shutdownFollowerState(121)) - 70eeaf7e-3c12-423d-bbdb-6f2629d9397d: shutdown FollowerState
2019-10-18 13:54:06,894 [Thread-4075] INFO  impl.RaftServerImpl (RaftServerImpl.java:setRole(170)) - 70eeaf7e-3c12-423d-bbdb-6f2629d9397d@group-5D207EC10404: changes role from  FOLLOWER to CANDIDATE at term 0 for changeToCandidate
2019-10-18 13:54:06,894 [Thread-4075] INFO  impl.RoleInfo (RoleInfo.java:updateAndGet(143)) - 70eeaf7e-3c12-423d-bbdb-6f2629d9397d: start LeaderElection
2019-10-18 13:54:06,922 [70eeaf7e-3c12-423d-bbdb-6f2629d9397d@group-5D207EC10404-LeaderElection94] INFO  impl.LeaderElection (LeaderElection.java:askForVotes(178)) - 70eeaf7e-3c12-423d-bbdb-6f2629d9397d@group-5D207EC10404-LeaderElection94: begin an election at term 1 for -1: [70eeaf7e-3c12-423d-bbdb-6f2629d9397d:192.168.34.61:34725], old=null
2019-10-18 13:54:06,923 [70eeaf7e-3c12-423d-bbdb-6f2629d9397d@group-5D207EC10404-LeaderElection94] INFO  impl.RoleInfo (RoleInfo.java:shutdownLeaderElection(134)) - 70eeaf7e-3c12-423d-bbdb-6f2629d9397d: shutdown LeaderElection
2019-10-18 13:54:06,923 [70eeaf7e-3c12-423d-bbdb-6f2629d9397d@group-5D207EC10404-LeaderElection94] INFO  impl.RaftServerImpl (RaftServerImpl.java:setRole(170)) - 70eeaf7e-3c12-423d-bbdb-6f2629d9397d@group-5D207EC10404: changes role from CANDIDATE to LEADER at term 1 for changeToLeader
2019-10-18 13:54:06,923 [70eeaf7e-3c12-423d-bbdb-6f2629d9397d@group-5D207EC10404-LeaderElection94] INFO  impl.RaftServerImpl (ServerState.java:setLeader(255)) - 70eeaf7e-3c12-423d-bbdb-6f2629d9397d@group-5D207EC10404: change Leader from null to 70eeaf7e-3c12-423d-bbdb-6f2629d9397d at term 1 for becomeLeader, leader elected after 5079ms
2019-10-18 13:54:06,923 [70eeaf7e-3c12-423d-bbdb-6f2629d9397d@group-5D207EC10404-LeaderElection94] INFO  server.RaftServerConfigKeys (ConfUtils.java:logGet(43)) - raft.server.staging.catchup.gap = 1000 (default)
2019-10-18 13:54:06,923 [70eeaf7e-3c12-423d-bbdb-6f2629d9397d@group-5D207EC10404-LeaderElection94] INFO  server.RaftServerConfigKeys (ConfUtils.java:logGet(43)) - raft.server.rpc.sleep.time = 25ms (default)
2019-10-18 13:54:06,923 [70eeaf7e-3c12-423d-bbdb-6f2629d9397d@group-5D207EC10404-LeaderElection94] INFO  server.RaftServerConfigKeys (ConfUtils.java:logGet(43)) - raft.server.write.element-limit = 4096 (default)
2019-10-18 13:54:06,923 [70eeaf7e-3c12-423d-bbdb-6f2629d9397d@group-5D207EC10404-LeaderElection94] INFO  server.RaftServerConfigKeys (ConfUtils.java:logGet(43)) - raft.server.watch.timeout = 10s (default)
2019-10-18 13:54:06,923 [70eeaf7e-3c12-423d-bbdb-6f2629d9397d@group-5D207EC10404-LeaderElection94] INFO  server.RaftServerConfigKeys (ConfUtils.java:logGet(43)) - raft.server.watch.timeout.denomination = 1s (default)
2019-10-18 13:54:06,923 [70eeaf7e-3c12-423d-bbdb-6f2629d9397d@group-5D207EC10404-LeaderElection94] INFO  server.RaftServerConfigKeys (ConfUtils.java:logGet(43)) - raft.server.watch.element-limit = 65536 (default)
2019-10-18 13:54:06,925 [70eeaf7e-3c12-423d-bbdb-6f2629d9397d@group-5D207EC10404-LeaderElection94] INFO  impl.RoleInfo (RoleInfo.java:updateAndGet(143)) - 70eeaf7e-3c12-423d-bbdb-6f2629d9397d: start LeaderState
2019-10-18 13:54:06,925 [70eeaf7e-3c12-423d-bbdb-6f2629d9397d@group-5D207EC10404-LeaderElection94] INFO  segmented.SegmentedRaftLogWorker (SegmentedRaftLogWorker.java:startLogSegment(385)) - 70eeaf7e-3c12-423d-bbdb-6f2629d9397d@group-5D207EC10404-SegmentedRaftLogWorker: Starting segment from index:0
2019-10-18 13:54:06,926 [70eeaf7e-3c12-423d-bbdb-6f2629d9397d@group-5D207EC10404-LeaderElection94] INFO  impl.RaftServerImpl (ServerState.java:setRaftConf(356)) - 70eeaf7e-3c12-423d-bbdb-6f2629d9397d@group-5D207EC10404: set configuration 0: [70eeaf7e-3c12-423d-bbdb-6f2629d9397d:192.168.34.61:34725], old=null at 0
2019-10-18 13:54:06,937 [Thread-4072] INFO  impl.FollowerState (FollowerState.java:run(108)) - 0e2ca166-51cd-408c-96b2-af63247b3a52@group-6FD57C2DFBE6-FollowerState: change to CANDIDATE, lastRpcTime:5184ms, electionTimeout:5184ms
2019-10-18 13:54:06,937 [Thread-4072] INFO  impl.RoleInfo (RoleInfo.java:shutdownFollowerState(121)) - 0e2ca166-51cd-408c-96b2-af63247b3a52: shutdown FollowerState
2019-10-18 13:54:06,937 [Thread-4072] INFO  impl.RaftServerImpl (RaftServerImpl.java:setRole(170)) - 0e2ca166-51cd-408c-96b2-af63247b3a52@group-6FD57C2DFBE6: changes role from  FOLLOWER to CANDIDATE at term 0 for changeToCandidate
2019-10-18 13:54:06,938 [Thread-4072] INFO  impl.RoleInfo (RoleInfo.java:updateAndGet(143)) - 0e2ca166-51cd-408c-96b2-af63247b3a52: start LeaderElection
2019-10-18 13:54:06,989 [70eeaf7e-3c12-423d-bbdb-6f2629d9397d@group-5D207EC10404-SegmentedRaftLogWorker] INFO  segmented.SegmentedRaftLogWorker (SegmentedRaftLogWorker.java:execute(574)) - 70eeaf7e-3c12-423d-bbdb-6f2629d9397d@group-5D207EC10404-SegmentedRaftLogWorker: created new log segment /workdir/hadoop-ozone/integration-test/target/test-dir/MiniOzoneClusterImpl-74b53c55-a47a-4ba0-940b-ff532fb51615/datanode-2/data/ratis/8d8b0310-d63c-40b0-b7d3-5d207ec10404/current/log_inprogress_0
2019-10-18 13:54:06,989 [0e2ca166-51cd-408c-96b2-af63247b3a52@group-6FD57C2DFBE6-LeaderElection95] INFO  impl.LeaderElection (LeaderElection.java:askForVotes(178)) - 0e2ca166-51cd-408c-96b2-af63247b3a52@group-6FD57C2DFBE6-LeaderElection95: begin an election at term 1 for -1: [0e2ca166-51cd-408c-96b2-af63247b3a52:192.168.34.61:45435], old=null
2019-10-18 13:54:06,989 [0e2ca166-51cd-408c-96b2-af63247b3a52@group-6FD57C2DFBE6-LeaderElection95] INFO  impl.RoleInfo (RoleInfo.java:shutdownLeaderElection(134)) - 0e2ca166-51cd-408c-96b2-af63247b3a52: shutdown LeaderElection
2019-10-18 13:54:06,990 [0e2ca166-51cd-408c-96b2-af63247b3a52@group-6FD57C2DFBE6-LeaderElection95] INFO  impl.RaftServerImpl (RaftServerImpl.java:setRole(170)) - 0e2ca166-51cd-408c-96b2-af63247b3a52@group-6FD57C2DFBE6: changes role from CANDIDATE to LEADER at term 1 for changeToLeader
2019-10-18 13:54:06,990 [0e2ca166-51cd-408c-96b2-af63247b3a52@group-6FD57C2DFBE6-LeaderElection95] INFO  impl.RaftServerImpl (ServerState.java:setLeader(255)) - 0e2ca166-51cd-408c-96b2-af63247b3a52@group-6FD57C2DFBE6: change Leader from null to 0e2ca166-51cd-408c-96b2-af63247b3a52 at term 1 for becomeLeader, leader elected after 5241ms
2019-10-18 13:54:06,990 [0e2ca166-51cd-408c-96b2-af63247b3a52@group-6FD57C2DFBE6-LeaderElection95] INFO  server.RaftServerConfigKeys (ConfUtils.java:logGet(43)) - raft.server.staging.catchup.gap = 1000 (default)
2019-10-18 13:54:06,990 [0e2ca166-51cd-408c-96b2-af63247b3a52@group-6FD57C2DFBE6-LeaderElection95] INFO  server.RaftServerConfigKeys (ConfUtils.java:logGet(43)) - raft.server.rpc.sleep.time = 25ms (default)
2019-10-18 13:54:06,990 [0e2ca166-51cd-408c-96b2-af63247b3a52@group-6FD57C2DFBE6-LeaderElection95] INFO  server.RaftServerConfigKeys (ConfUtils.java:logGet(43)) - raft.server.write.element-limit = 4096 (default)
2019-10-18 13:54:06,990 [0e2ca166-51cd-408c-96b2-af63247b3a52@group-6FD57C2DFBE6-LeaderElection95] INFO  server.RaftServerConfigKeys (ConfUtils.java:logGet(43)) - raft.server.watch.timeout = 10s (default)
2019-10-18 13:54:06,990 [0e2ca166-51cd-408c-96b2-af63247b3a52@group-6FD57C2DFBE6-LeaderElection95] INFO  server.RaftServerConfigKeys (ConfUtils.java:logGet(43)) - raft.server.watch.timeout.denomination = 1s (default)
2019-10-18 13:54:06,990 [0e2ca166-51cd-408c-96b2-af63247b3a52@group-6FD57C2DFBE6-LeaderElection95] INFO  server.RaftServerConfigKeys (ConfUtils.java:logGet(43)) - raft.server.watch.element-limit = 65536 (default)
2019-10-18 13:54:06,991 [0e2ca166-51cd-408c-96b2-af63247b3a52@group-6FD57C2DFBE6-LeaderElection95] INFO  impl.RoleInfo (RoleInfo.java:updateAndGet(143)) - 0e2ca166-51cd-408c-96b2-af63247b3a52: start LeaderState
2019-10-18 13:54:06,991 [0e2ca166-51cd-408c-96b2-af63247b3a52@group-6FD57C2DFBE6-LeaderElection95] INFO  segmented.SegmentedRaftLogWorker (SegmentedRaftLogWorker.java:startLogSegment(385)) - 0e2ca166-51cd-408c-96b2-af63247b3a52@group-6FD57C2DFBE6-SegmentedRaftLogWorker: Starting segment from index:0
2019-10-18 13:54:06,992 [0e2ca166-51cd-408c-96b2-af63247b3a52@group-6FD57C2DFBE6-LeaderElection95] INFO  impl.RaftServerImpl (ServerState.java:setRaftConf(356)) - 0e2ca166-51cd-408c-96b2-af63247b3a52@group-6FD57C2DFBE6: set configuration 0: [0e2ca166-51cd-408c-96b2-af63247b3a52:192.168.34.61:45435], old=null at 0
2019-10-18 13:54:06,995 [Thread-4081] INFO  impl.FollowerState (FollowerState.java:run(108)) - d2333deb-71a5-40db-87e6-3e3e7a789f80@group-31E201E3C39B-FollowerState: change to CANDIDATE, lastRpcTime:5004ms, electionTimeout:5004ms
2019-10-18 13:54:06,995 [Thread-4081] INFO  impl.RoleInfo (RoleInfo.java:shutdownFollowerState(121)) - d2333deb-71a5-40db-87e6-3e3e7a789f80: shutdown FollowerState
2019-10-18 13:54:06,995 [Thread-4081] INFO  impl.RaftServerImpl (RaftServerImpl.java:setRole(170)) - d2333deb-71a5-40db-87e6-3e3e7a789f80@group-31E201E3C39B: changes role from  FOLLOWER to CANDIDATE at term 0 for changeToCandidate
2019-10-18 13:54:06,995 [Thread-4081] INFO  impl.RoleInfo (RoleInfo.java:updateAndGet(143)) - d2333deb-71a5-40db-87e6-3e3e7a789f80: start LeaderElection
2019-10-18 13:54:07,042 [0e2ca166-51cd-408c-96b2-af63247b3a52@group-6FD57C2DFBE6-SegmentedRaftLogWorker] INFO  segmented.SegmentedRaftLogWorker (SegmentedRaftLogWorker.java:execute(574)) - 0e2ca166-51cd-408c-96b2-af63247b3a52@group-6FD57C2DFBE6-SegmentedRaftLogWorker: created new log segment /workdir/hadoop-ozone/integration-test/target/test-dir/MiniOzoneClusterImpl-74b53c55-a47a-4ba0-940b-ff532fb51615/datanode-1/data/ratis/86d96d33-5c6d-4a10-8e5f-6fd57c2dfbe6/current/log_inprogress_0
2019-10-18 13:54:07,042 [d2333deb-71a5-40db-87e6-3e3e7a789f80@group-31E201E3C39B-LeaderElection96] INFO  impl.LeaderElection (LeaderElection.java:askForVotes(178)) - d2333deb-71a5-40db-87e6-3e3e7a789f80@group-31E201E3C39B-LeaderElection96: begin an election at term 1 for -1: [d2333deb-71a5-40db-87e6-3e3e7a789f80:192.168.34.61:36163], old=null
2019-10-18 13:54:07,042 [d2333deb-71a5-40db-87e6-3e3e7a789f80@group-31E201E3C39B-LeaderElection96] INFO  impl.RoleInfo (RoleInfo.java:shutdownLeaderElection(134)) - d2333deb-71a5-40db-87e6-3e3e7a789f80: shutdown LeaderElection
2019-10-18 13:54:07,042 [d2333deb-71a5-40db-87e6-3e3e7a789f80@group-31E201E3C39B-LeaderElection96] INFO  impl.RaftServerImpl (RaftServerImpl.java:setRole(170)) - d2333deb-71a5-40db-87e6-3e3e7a789f80@group-31E201E3C39B: changes role from CANDIDATE to LEADER at term 1 for changeToLeader
2019-10-18 13:54:07,043 [d2333deb-71a5-40db-87e6-3e3e7a789f80@group-31E201E3C39B-LeaderElection96] INFO  impl.RaftServerImpl (ServerState.java:setLeader(255)) - d2333deb-71a5-40db-87e6-3e3e7a789f80@group-31E201E3C39B: change Leader from null to d2333deb-71a5-40db-87e6-3e3e7a789f80 at term 1 for becomeLeader, leader elected after 5055ms
2019-10-18 13:54:07,043 [d2333deb-71a5-40db-87e6-3e3e7a789f80@group-31E201E3C39B-LeaderElection96] INFO  server.RaftServerConfigKeys (ConfUtils.java:logGet(43)) - raft.server.staging.catchup.gap = 1000 (default)
2019-10-18 13:54:07,043 [d2333deb-71a5-40db-87e6-3e3e7a789f80@group-31E201E3C39B-LeaderElection96] INFO  server.RaftServerConfigKeys (ConfUtils.java:logGet(43)) - raft.server.rpc.sleep.time = 25ms (default)
2019-10-18 13:54:07,043 [d2333deb-71a5-40db-87e6-3e3e7a789f80@group-31E201E3C39B-LeaderElection96] INFO  server.RaftServerConfigKeys (ConfUtils.java:logGet(43)) - raft.server.write.element-limit = 4096 (default)
2019-10-18 13:54:07,043 [d2333deb-71a5-40db-87e6-3e3e7a789f80@group-31E201E3C39B-LeaderElection96] INFO  server.RaftServerConfigKeys (ConfUtils.java:logGet(43)) - raft.server.watch.timeout = 10s (default)
2019-10-18 13:54:07,043 [d2333deb-71a5-40db-87e6-3e3e7a789f80@group-31E201E3C39B-LeaderElection96] INFO  server.RaftServerConfigKeys (ConfUtils.java:logGet(43)) - raft.server.watch.timeout.denomination = 1s (default)
2019-10-18 13:54:07,043 [d2333deb-71a5-40db-87e6-3e3e7a789f80@group-31E201E3C39B-LeaderElection96] INFO  server.RaftServerConfigKeys (ConfUtils.java:logGet(43)) - raft.server.watch.element-limit = 65536 (default)
2019-10-18 13:54:07,044 [d2333deb-71a5-40db-87e6-3e3e7a789f80@group-31E201E3C39B-LeaderElection96] INFO  impl.RoleInfo (RoleInfo.java:updateAndGet(143)) - d2333deb-71a5-40db-87e6-3e3e7a789f80: start LeaderState
2019-10-18 13:54:07,045 [d2333deb-71a5-40db-87e6-3e3e7a789f80@group-31E201E3C39B-LeaderElection96] INFO  segmented.SegmentedRaftLogWorker (SegmentedRaftLogWorker.java:startLogSegment(385)) - d2333deb-71a5-40db-87e6-3e3e7a789f80@group-31E201E3C39B-SegmentedRaftLogWorker: Starting segment from index:0
2019-10-18 13:54:07,045 [d2333deb-71a5-40db-87e6-3e3e7a789f80@group-31E201E3C39B-LeaderElection96] INFO  impl.RaftServerImpl (ServerState.java:setRaftConf(356)) - d2333deb-71a5-40db-87e6-3e3e7a789f80@group-31E201E3C39B: set configuration 0: [d2333deb-71a5-40db-87e6-3e3e7a789f80:192.168.34.61:36163], old=null at 0
2019-10-18 13:54:07,053 [Thread-4078] INFO  impl.FollowerState (FollowerState.java:run(108)) - fb6f87a4-8408-4a98-9903-4c6215d108ba@group-AF0D2DF39A55-FollowerState: change to CANDIDATE, lastRpcTime:5116ms, electionTimeout:5116ms
2019-10-18 13:54:07,053 [Thread-4078] INFO  impl.RoleInfo (RoleInfo.java:shutdownFollowerState(121)) - fb6f87a4-8408-4a98-9903-4c6215d108ba: shutdown FollowerState
2019-10-18 13:54:07,053 [Thread-4078] INFO  impl.RaftServerImpl (RaftServerImpl.java:setRole(170)) - fb6f87a4-8408-4a98-9903-4c6215d108ba@group-AF0D2DF39A55: changes role from  FOLLOWER to CANDIDATE at term 0 for changeToCandidate
2019-10-18 13:54:07,053 [Thread-4078] INFO  impl.RoleInfo (RoleInfo.java:updateAndGet(143)) - fb6f87a4-8408-4a98-9903-4c6215d108ba: start LeaderElection
2019-10-18 13:54:07,087 [d2333deb-71a5-40db-87e6-3e3e7a789f80@group-31E201E3C39B-SegmentedRaftLogWorker] INFO  segmented.SegmentedRaftLogWorker (SegmentedRaftLogWorker.java:execute(574)) - d2333deb-71a5-40db-87e6-3e3e7a789f80@group-31E201E3C39B-SegmentedRaftLogWorker: created new log segment /workdir/hadoop-ozone/integration-test/target/test-dir/MiniOzoneClusterImpl-74b53c55-a47a-4ba0-940b-ff532fb51615/datanode-4/data/ratis/a93fd252-9df6-41af-b515-31e201e3c39b/current/log_inprogress_0
2019-10-18 13:54:07,109 [fb6f87a4-8408-4a98-9903-4c6215d108ba@group-AF0D2DF39A55-LeaderElection97] INFO  impl.LeaderElection (LeaderElection.java:askForVotes(178)) - fb6f87a4-8408-4a98-9903-4c6215d108ba@group-AF0D2DF39A55-LeaderElection97: begin an election at term 1 for -1: [fb6f87a4-8408-4a98-9903-4c6215d108ba:192.168.34.61:45994], old=null
2019-10-18 13:54:07,110 [fb6f87a4-8408-4a98-9903-4c6215d108ba@group-AF0D2DF39A55-LeaderElection97] INFO  impl.RoleInfo (RoleInfo.java:shutdownLeaderElection(134)) - fb6f87a4-8408-4a98-9903-4c6215d108ba: shutdown LeaderElection
2019-10-18 13:54:07,110 [fb6f87a4-8408-4a98-9903-4c6215d108ba@group-AF0D2DF39A55-LeaderElection97] INFO  impl.RaftServerImpl (RaftServerImpl.java:setRole(170)) - fb6f87a4-8408-4a98-9903-4c6215d108ba@group-AF0D2DF39A55: changes role from CANDIDATE to LEADER at term 1 for changeToLeader
2019-10-18 13:54:07,110 [fb6f87a4-8408-4a98-9903-4c6215d108ba@group-AF0D2DF39A55-LeaderElection97] INFO  impl.RaftServerImpl (ServerState.java:setLeader(255)) - fb6f87a4-8408-4a98-9903-4c6215d108ba@group-AF0D2DF39A55: change Leader from null to fb6f87a4-8408-4a98-9903-4c6215d108ba at term 1 for becomeLeader, leader elected after 5178ms
2019-10-18 13:54:07,110 [fb6f87a4-8408-4a98-9903-4c6215d108ba@group-AF0D2DF39A55-LeaderElection97] INFO  server.RaftServerConfigKeys (ConfUtils.java:logGet(43)) - raft.server.staging.catchup.gap = 1000 (default)
2019-10-18 13:54:07,110 [fb6f87a4-8408-4a98-9903-4c6215d108ba@group-AF0D2DF39A55-LeaderElection97] INFO  server.RaftServerConfigKeys (ConfUtils.java:logGet(43)) - raft.server.rpc.sleep.time = 25ms (default)
2019-10-18 13:54:07,110 [fb6f87a4-8408-4a98-9903-4c6215d108ba@group-AF0D2DF39A55-LeaderElection97] INFO  server.RaftServerConfigKeys (ConfUtils.java:logGet(43)) - raft.server.write.element-limit = 4096 (default)
2019-10-18 13:54:07,110 [fb6f87a4-8408-4a98-9903-4c6215d108ba@group-AF0D2DF39A55-LeaderElection97] INFO  server.RaftServerConfigKeys (ConfUtils.java:logGet(43)) - raft.server.watch.timeout = 10s (default)
2019-10-18 13:54:07,110 [fb6f87a4-8408-4a98-9903-4c6215d108ba@group-AF0D2DF39A55-LeaderElection97] INFO  server.RaftServerConfigKeys (ConfUtils.java:logGet(43)) - raft.server.watch.timeout.denomination = 1s (default)
2019-10-18 13:54:07,110 [fb6f87a4-8408-4a98-9903-4c6215d108ba@group-AF0D2DF39A55-LeaderElection97] INFO  server.RaftServerConfigKeys (ConfUtils.java:logGet(43)) - raft.server.watch.element-limit = 65536 (default)
2019-10-18 13:54:07,112 [fb6f87a4-8408-4a98-9903-4c6215d108ba@group-AF0D2DF39A55-LeaderElection97] INFO  impl.RoleInfo (RoleInfo.java:updateAndGet(143)) - fb6f87a4-8408-4a98-9903-4c6215d108ba: start LeaderState
2019-10-18 13:54:07,112 [fb6f87a4-8408-4a98-9903-4c6215d108ba@group-AF0D2DF39A55-LeaderElection97] INFO  segmented.SegmentedRaftLogWorker (SegmentedRaftLogWorker.java:startLogSegment(385)) - fb6f87a4-8408-4a98-9903-4c6215d108ba@group-AF0D2DF39A55-SegmentedRaftLogWorker: Starting segment from index:0
2019-10-18 13:54:07,112 [fb6f87a4-8408-4a98-9903-4c6215d108ba@group-AF0D2DF39A55-LeaderElection97] INFO  impl.RaftServerImpl (ServerState.java:setRaftConf(356)) - fb6f87a4-8408-4a98-9903-4c6215d108ba@group-AF0D2DF39A55: set configuration 0: [fb6f87a4-8408-4a98-9903-4c6215d108ba:192.168.34.61:45994], old=null at 0
2019-10-18 13:54:07,164 [fb6f87a4-8408-4a98-9903-4c6215d108ba@group-AF0D2DF39A55-SegmentedRaftLogWorker] INFO  segmented.SegmentedRaftLogWorker (SegmentedRaftLogWorker.java:execute(574)) - fb6f87a4-8408-4a98-9903-4c6215d108ba@group-AF0D2DF39A55-SegmentedRaftLogWorker: created new log segment /workdir/hadoop-ozone/integration-test/target/test-dir/MiniOzoneClusterImpl-74b53c55-a47a-4ba0-940b-ff532fb51615/datanode-3/data/ratis/c99a9b9f-8eef-4722-bcf3-af0d2df39a55/current/log_inprogress_0
2019-10-18 13:54:07,319 [Thread-4086] INFO  impl.FollowerState (FollowerState.java:run(108)) - cbf4fc70-08db-417d-ad43-548bd376729e@group-D5C785136AE9-FollowerState: change to CANDIDATE, lastRpcTime:5159ms, electionTimeout:5159ms
2019-10-18 13:54:07,319 [Thread-4086] INFO  impl.RoleInfo (RoleInfo.java:shutdownFollowerState(121)) - cbf4fc70-08db-417d-ad43-548bd376729e: shutdown FollowerState
2019-10-18 13:54:07,320 [Thread-4086] INFO  impl.RaftServerImpl (RaftServerImpl.java:setRole(170)) - cbf4fc70-08db-417d-ad43-548bd376729e@group-D5C785136AE9: changes role from  FOLLOWER to CANDIDATE at term 0 for changeToCandidate
2019-10-18 13:54:07,320 [Thread-4086] INFO  impl.RoleInfo (RoleInfo.java:updateAndGet(143)) - cbf4fc70-08db-417d-ad43-548bd376729e: start LeaderElection
2019-10-18 13:54:07,346 [cbf4fc70-08db-417d-ad43-548bd376729e@group-D5C785136AE9-LeaderElection98] INFO  impl.LeaderElection (LeaderElection.java:askForVotes(178)) - cbf4fc70-08db-417d-ad43-548bd376729e@group-D5C785136AE9-LeaderElection98: begin an election at term 1 for -1: [cbf4fc70-08db-417d-ad43-548bd376729e:192.168.34.61:44436], old=null
2019-10-18 13:54:07,347 [cbf4fc70-08db-417d-ad43-548bd376729e@group-D5C785136AE9-LeaderElection98] INFO  impl.RoleInfo (RoleInfo.java:shutdownLeaderElection(134)) - cbf4fc70-08db-417d-ad43-548bd376729e: shutdown LeaderElection
2019-10-18 13:54:07,347 [cbf4fc70-08db-417d-ad43-548bd376729e@group-D5C785136AE9-LeaderElection98] INFO  impl.RaftServerImpl (RaftServerImpl.java:setRole(170)) - cbf4fc70-08db-417d-ad43-548bd376729e@group-D5C785136AE9: changes role from CANDIDATE to LEADER at term 1 for changeToLeader
2019-10-18 13:54:07,347 [cbf4fc70-08db-417d-ad43-548bd376729e@group-D5C785136AE9-LeaderElection98] INFO  impl.RaftServerImpl (ServerState.java:setLeader(255)) - cbf4fc70-08db-417d-ad43-548bd376729e@group-D5C785136AE9: change Leader from null to cbf4fc70-08db-417d-ad43-548bd376729e at term 1 for becomeLeader, leader elected after 5195ms
2019-10-18 13:54:07,347 [cbf4fc70-08db-417d-ad43-548bd376729e@group-D5C785136AE9-LeaderElection98] INFO  server.RaftServerConfigKeys (ConfUtils.java:logGet(43)) - raft.server.staging.catchup.gap = 1000 (default)
2019-10-18 13:54:07,347 [cbf4fc70-08db-417d-ad43-548bd376729e@group-D5C785136AE9-LeaderElection98] INFO  server.RaftServerConfigKeys (ConfUtils.java:logGet(43)) - raft.server.rpc.sleep.time = 25ms (default)
2019-10-18 13:54:07,347 [cbf4fc70-08db-417d-ad43-548bd376729e@group-D5C785136AE9-LeaderElection98] INFO  server.RaftServerConfigKeys (ConfUtils.java:logGet(43)) - raft.server.write.element-limit = 4096 (default)
2019-10-18 13:54:07,347 [cbf4fc70-08db-417d-ad43-548bd376729e@group-D5C785136AE9-LeaderElection98] INFO  server.RaftServerConfigKeys (ConfUtils.java:logGet(43)) - raft.server.watch.timeout = 10s (default)
2019-10-18 13:54:07,347 [cbf4fc70-08db-417d-ad43-548bd376729e@group-D5C785136AE9-LeaderElection98] INFO  server.RaftServerConfigKeys (ConfUtils.java:logGet(43)) - raft.server.watch.timeout.denomination = 1s (default)
2019-10-18 13:54:07,348 [cbf4fc70-08db-417d-ad43-548bd376729e@group-D5C785136AE9-LeaderElection98] INFO  server.RaftServerConfigKeys (ConfUtils.java:logGet(43)) - raft.server.watch.element-limit = 65536 (default)
2019-10-18 13:54:07,349 [cbf4fc70-08db-417d-ad43-548bd376729e@group-D5C785136AE9-LeaderElection98] INFO  impl.RoleInfo (RoleInfo.java:updateAndGet(143)) - cbf4fc70-08db-417d-ad43-548bd376729e: start LeaderState
2019-10-18 13:54:07,349 [cbf4fc70-08db-417d-ad43-548bd376729e@group-D5C785136AE9-LeaderElection98] INFO  segmented.SegmentedRaftLogWorker (SegmentedRaftLogWorker.java:startLogSegment(385)) - cbf4fc70-08db-417d-ad43-548bd376729e@group-D5C785136AE9-SegmentedRaftLogWorker: Starting segment from index:0
2019-10-18 13:54:07,350 [cbf4fc70-08db-417d-ad43-548bd376729e@group-D5C785136AE9-LeaderElection98] INFO  impl.RaftServerImpl (ServerState.java:setRaftConf(356)) - cbf4fc70-08db-417d-ad43-548bd376729e@group-D5C785136AE9: set configuration 0: [cbf4fc70-08db-417d-ad43-548bd376729e:192.168.34.61:44436], old=null at 0
2019-10-18 13:54:07,378 [Thread-4094] INFO  impl.FollowerState (FollowerState.java:run(108)) - fb6f87a4-8408-4a98-9903-4c6215d108ba@group-1B8221C9843F-FollowerState: change to CANDIDATE, lastRpcTime:5035ms, electionTimeout:5015ms
2019-10-18 13:54:07,378 [Thread-4094] INFO  impl.RoleInfo (RoleInfo.java:shutdownFollowerState(121)) - fb6f87a4-8408-4a98-9903-4c6215d108ba: shutdown FollowerState
2019-10-18 13:54:07,378 [Thread-4094] INFO  impl.RaftServerImpl (RaftServerImpl.java:setRole(170)) - fb6f87a4-8408-4a98-9903-4c6215d108ba@group-1B8221C9843F: changes role from  FOLLOWER to CANDIDATE at term 0 for changeToCandidate
2019-10-18 13:54:07,378 [Thread-4094] INFO  impl.RoleInfo (RoleInfo.java:updateAndGet(143)) - fb6f87a4-8408-4a98-9903-4c6215d108ba: start LeaderElection
2019-10-18 13:54:07,400 [cbf4fc70-08db-417d-ad43-548bd376729e@group-D5C785136AE9-SegmentedRaftLogWorker] INFO  segmented.SegmentedRaftLogWorker (SegmentedRaftLogWorker.java:execute(574)) - cbf4fc70-08db-417d-ad43-548bd376729e@group-D5C785136AE9-SegmentedRaftLogWorker: created new log segment /workdir/hadoop-ozone/integration-test/target/test-dir/MiniOzoneClusterImpl-74b53c55-a47a-4ba0-940b-ff532fb51615/datanode-5/data/ratis/57ea699c-bda1-412e-9c2c-d5c785136ae9/current/log_inprogress_0
2019-10-18 13:54:07,415 [Thread-4089] INFO  impl.FollowerState (FollowerState.java:run(108)) - 93caec60-0fcc-4b2b-9d7f-7eb17bf04289@group-FD76AB4D2FBB-FollowerState: change to CANDIDATE, lastRpcTime:5184ms, electionTimeout:5184ms
2019-10-18 13:54:07,415 [Thread-4089] INFO  impl.RoleInfo (RoleInfo.java:shutdownFollowerState(121)) - 93caec60-0fcc-4b2b-9d7f-7eb17bf04289: shutdown FollowerState
2019-10-18 13:54:07,415 [Thread-4089] INFO  impl.RaftServerImpl (RaftServerImpl.java:setRole(170)) - 93caec60-0fcc-4b2b-9d7f-7eb17bf04289@group-FD76AB4D2FBB: changes role from  FOLLOWER to CANDIDATE at term 0 for changeToCandidate
2019-10-18 13:54:07,415 [Thread-4089] INFO  impl.RoleInfo (RoleInfo.java:updateAndGet(143)) - 93caec60-0fcc-4b2b-9d7f-7eb17bf04289: start LeaderElection
2019-10-18 13:54:07,421 [Thread-4095] INFO  impl.FollowerState (FollowerState.java:run(108)) - 0e2ca166-51cd-408c-96b2-af63247b3a52@group-1B8221C9843F-FollowerState: change to CANDIDATE, lastRpcTime:5077ms, electionTimeout:5077ms
2019-10-18 13:54:07,421 [Thread-4095] INFO  impl.RoleInfo (RoleInfo.java:shutdownFollowerState(121)) - 0e2ca166-51cd-408c-96b2-af63247b3a52: shutdown FollowerState
2019-10-18 13:54:07,421 [Thread-4095] INFO  impl.RaftServerImpl (RaftServerImpl.java:setRole(170)) - 0e2ca166-51cd-408c-96b2-af63247b3a52@group-1B8221C9843F: changes role from  FOLLOWER to CANDIDATE at term 0 for changeToCandidate
2019-10-18 13:54:07,422 [Thread-4095] INFO  impl.RoleInfo (RoleInfo.java:updateAndGet(143)) - 0e2ca166-51cd-408c-96b2-af63247b3a52: start LeaderElection
2019-10-18 13:54:07,424 [fb6f87a4-8408-4a98-9903-4c6215d108ba@group-1B8221C9843F-LeaderElection99] INFO  impl.LeaderElection (LeaderElection.java:askForVotes(178)) - fb6f87a4-8408-4a98-9903-4c6215d108ba@group-1B8221C9843F-LeaderElection99: begin an election at term 1 for -1: [fb6f87a4-8408-4a98-9903-4c6215d108ba:192.168.34.61:45994, 0e2ca166-51cd-408c-96b2-af63247b3a52:192.168.34.61:45435, cbf4fc70-08db-417d-ad43-548bd376729e:192.168.34.61:44436], old=null
2019-10-18 13:54:07,431 [grpc-default-executor-8] INFO  impl.RaftServerImpl (RaftServerImpl.java:setRole(170)) - cbf4fc70-08db-417d-ad43-548bd376729e@group-1B8221C9843F: changes role from  FOLLOWER to FOLLOWER at term 1 for recognizeCandidate:fb6f87a4-8408-4a98-9903-4c6215d108ba
2019-10-18 13:54:07,431 [grpc-default-executor-8] INFO  impl.RoleInfo (RoleInfo.java:shutdownFollowerState(121)) - cbf4fc70-08db-417d-ad43-548bd376729e: shutdown FollowerState
2019-10-18 13:54:07,431 [grpc-default-executor-8] INFO  impl.RoleInfo (RoleInfo.java:updateAndGet(143)) - cbf4fc70-08db-417d-ad43-548bd376729e: start FollowerState
2019-10-18 13:54:07,431 [Thread-4096] INFO  impl.FollowerState (FollowerState.java:run(117)) - cbf4fc70-08db-417d-ad43-548bd376729e@group-1B8221C9843F-FollowerState was interrupted: java.lang.InterruptedException: sleep interrupted
2019-10-18 13:54:07,450 [93caec60-0fcc-4b2b-9d7f-7eb17bf04289@group-FD76AB4D2FBB-LeaderElection100] INFO  impl.LeaderElection (LeaderElection.java:askForVotes(178)) - 93caec60-0fcc-4b2b-9d7f-7eb17bf04289@group-FD76AB4D2FBB-LeaderElection100: begin an election at term 1 for -1: [93caec60-0fcc-4b2b-9d7f-7eb17bf04289:192.168.34.61:37339], old=null
2019-10-18 13:54:07,450 [0e2ca166-51cd-408c-96b2-af63247b3a52@group-1B8221C9843F-LeaderElection101] INFO  impl.LeaderElection (LeaderElection.java:askForVotes(178)) - 0e2ca166-51cd-408c-96b2-af63247b3a52@group-1B8221C9843F-LeaderElection101: begin an election at term 1 for -1: [fb6f87a4-8408-4a98-9903-4c6215d108ba:192.168.34.61:45994, 0e2ca166-51cd-408c-96b2-af63247b3a52:192.168.34.61:45435, cbf4fc70-08db-417d-ad43-548bd376729e:192.168.34.61:44436], old=null
2019-10-18 13:54:07,450 [93caec60-0fcc-4b2b-9d7f-7eb17bf04289@group-FD76AB4D2FBB-LeaderElection100] INFO  impl.RoleInfo (RoleInfo.java:shutdownLeaderElection(134)) - 93caec60-0fcc-4b2b-9d7f-7eb17bf04289: shutdown LeaderElection
2019-10-18 13:54:07,451 [93caec60-0fcc-4b2b-9d7f-7eb17bf04289@group-FD76AB4D2FBB-LeaderElection100] INFO  impl.RaftServerImpl (RaftServerImpl.java:setRole(170)) - 93caec60-0fcc-4b2b-9d7f-7eb17bf04289@group-FD76AB4D2FBB: changes role from CANDIDATE to LEADER at term 1 for changeToLeader
2019-10-18 13:54:07,451 [93caec60-0fcc-4b2b-9d7f-7eb17bf04289@group-FD76AB4D2FBB-LeaderElection100] INFO  impl.RaftServerImpl (ServerState.java:setLeader(255)) - 93caec60-0fcc-4b2b-9d7f-7eb17bf04289@group-FD76AB4D2FBB: change Leader from null to 93caec60-0fcc-4b2b-9d7f-7eb17bf04289 at term 1 for becomeLeader, leader elected after 5226ms
2019-10-18 13:54:07,451 [fb6f87a4-8408-4a98-9903-4c6215d108ba@group-1B8221C9843F-LeaderElection99] INFO  impl.LeaderElection (LeaderElection.java:logAndReturn(56)) - fb6f87a4-8408-4a98-9903-4c6215d108ba@group-1B8221C9843F-LeaderElection99: Election PASSED; received 1 response(s) [fb6f87a4-8408-4a98-9903-4c6215d108ba<-cbf4fc70-08db-417d-ad43-548bd376729e#0:OK-t1] and 0 exception(s); fb6f87a4-8408-4a98-9903-4c6215d108ba@group-1B8221C9843F:t1, leader=null, voted=fb6f87a4-8408-4a98-9903-4c6215d108ba, raftlog=fb6f87a4-8408-4a98-9903-4c6215d108ba@group-1B8221C9843F-SegmentedRaftLog:OPENED:c-1,f-1,i0, conf=-1: [fb6f87a4-8408-4a98-9903-4c6215d108ba:192.168.34.61:45994, 0e2ca166-51cd-408c-96b2-af63247b3a52:192.168.34.61:45435, cbf4fc70-08db-417d-ad43-548bd376729e:192.168.34.61:44436], old=null
2019-10-18 13:54:07,451 [93caec60-0fcc-4b2b-9d7f-7eb17bf04289@group-FD76AB4D2FBB-LeaderElection100] INFO  server.RaftServerConfigKeys (ConfUtils.java:logGet(43)) - raft.server.staging.catchup.gap = 1000 (default)
2019-10-18 13:54:07,451 [fb6f87a4-8408-4a98-9903-4c6215d108ba@group-1B8221C9843F-LeaderElection99] INFO  impl.RoleInfo (RoleInfo.java:shutdownLeaderElection(134)) - fb6f87a4-8408-4a98-9903-4c6215d108ba: shutdown LeaderElection
2019-10-18 13:54:07,451 [93caec60-0fcc-4b2b-9d7f-7eb17bf04289@group-FD76AB4D2FBB-LeaderElection100] INFO  server.RaftServerConfigKeys (ConfUtils.java:logGet(43)) - raft.server.rpc.sleep.time = 25ms (default)
2019-10-18 13:54:07,453 [fb6f87a4-8408-4a98-9903-4c6215d108ba@group-1B8221C9843F-LeaderElection99] INFO  impl.RaftServerImpl (RaftServerImpl.java:setRole(170)) - fb6f87a4-8408-4a98-9903-4c6215d108ba@group-1B8221C9843F: changes role from CANDIDATE to LEADER at term 1 for changeToLeader
2019-10-18 13:54:07,453 [93caec60-0fcc-4b2b-9d7f-7eb17bf04289@group-FD76AB4D2FBB-LeaderElection100] INFO  server.RaftServerConfigKeys (ConfUtils.java:logGet(43)) - raft.server.write.element-limit = 4096 (default)
2019-10-18 13:54:07,453 [fb6f87a4-8408-4a98-9903-4c6215d108ba@group-1B8221C9843F-LeaderElection99] INFO  impl.RaftServerImpl (ServerState.java:setLeader(255)) - fb6f87a4-8408-4a98-9903-4c6215d108ba@group-1B8221C9843F: change Leader from null to fb6f87a4-8408-4a98-9903-4c6215d108ba at term 1 for becomeLeader, leader elected after 5118ms
2019-10-18 13:54:07,453 [93caec60-0fcc-4b2b-9d7f-7eb17bf04289@group-FD76AB4D2FBB-LeaderElection100] INFO  server.RaftServerConfigKeys (ConfUtils.java:logGet(43)) - raft.server.watch.timeout = 10s (default)
2019-10-18 13:54:07,453 [fb6f87a4-8408-4a98-9903-4c6215d108ba@group-1B8221C9843F-LeaderElection99] INFO  server.RaftServerConfigKeys (ConfUtils.java:logGet(43)) - raft.server.staging.catchup.gap = 1000 (default)
2019-10-18 13:54:07,454 [93caec60-0fcc-4b2b-9d7f-7eb17bf04289@group-FD76AB4D2FBB-LeaderElection100] INFO  server.RaftServerConfigKeys (ConfUtils.java:logGet(43)) - raft.server.watch.timeout.denomination = 1s (default)
2019-10-18 13:54:07,454 [fb6f87a4-8408-4a98-9903-4c6215d108ba@group-1B8221C9843F-LeaderElection99] INFO  server.RaftServerConfigKeys (ConfUtils.java:logGet(43)) - raft.server.rpc.sleep.time = 25ms (default)
2019-10-18 13:54:07,454 [93caec60-0fcc-4b2b-9d7f-7eb17bf04289@group-FD76AB4D2FBB-LeaderElection100] INFO  server.RaftServerConfigKeys (ConfUtils.java:logGet(43)) - raft.server.watch.element-limit = 65536 (default)
2019-10-18 13:54:07,454 [fb6f87a4-8408-4a98-9903-4c6215d108ba@group-1B8221C9843F-LeaderElection99] INFO  server.RaftServerConfigKeys (ConfUtils.java:logGet(43)) - raft.server.write.element-limit = 4096 (default)
2019-10-18 13:54:07,454 [fb6f87a4-8408-4a98-9903-4c6215d108ba@group-1B8221C9843F-LeaderElection99] INFO  server.RaftServerConfigKeys (ConfUtils.java:logGet(43)) - raft.server.watch.timeout = 10s (default)
2019-10-18 13:54:07,454 [fb6f87a4-8408-4a98-9903-4c6215d108ba@group-1B8221C9843F-LeaderElection99] INFO  server.RaftServerConfigKeys (ConfUtils.java:logGet(43)) - raft.server.watch.timeout.denomination = 1s (default)
2019-10-18 13:54:07,454 [fb6f87a4-8408-4a98-9903-4c6215d108ba@group-1B8221C9843F-LeaderElection99] INFO  server.RaftServerConfigKeys (ConfUtils.java:logGet(43)) - raft.server.watch.element-limit = 65536 (default)
2019-10-18 13:54:07,459 [93caec60-0fcc-4b2b-9d7f-7eb17bf04289@group-FD76AB4D2FBB-LeaderElection100] INFO  impl.RoleInfo (RoleInfo.java:updateAndGet(143)) - 93caec60-0fcc-4b2b-9d7f-7eb17bf04289: start LeaderState
2019-10-18 13:54:07,459 [93caec60-0fcc-4b2b-9d7f-7eb17bf04289@group-FD76AB4D2FBB-LeaderElection100] INFO  segmented.SegmentedRaftLogWorker (SegmentedRaftLogWorker.java:startLogSegment(385)) - 93caec60-0fcc-4b2b-9d7f-7eb17bf04289@group-FD76AB4D2FBB-SegmentedRaftLogWorker: Starting segment from index:0
2019-10-18 13:54:07,460 [fb6f87a4-8408-4a98-9903-4c6215d108ba@group-1B8221C9843F-LeaderElection99] INFO  server.RaftServerConfigKeys (ConfUtils.java:logGet(43)) - raft.server.log.appender.snapshot.chunk.size.max = 16MB (=16777216) (default)
2019-10-18 13:54:07,460 [93caec60-0fcc-4b2b-9d7f-7eb17bf04289@group-FD76AB4D2FBB-LeaderElection100] INFO  impl.RaftServerImpl (ServerState.java:setRaftConf(356)) - 93caec60-0fcc-4b2b-9d7f-7eb17bf04289@group-FD76AB4D2FBB: set configuration 0: [93caec60-0fcc-4b2b-9d7f-7eb17bf04289:192.168.34.61:37339], old=null at 0
2019-10-18 13:54:07,460 [fb6f87a4-8408-4a98-9903-4c6215d108ba@group-1B8221C9843F-LeaderElection99] INFO  server.RaftServerConfigKeys (ConfUtils.java:logGet(43)) - raft.server.log.appender.buffer.byte-limit = 33554432 (custom)
2019-10-18 13:54:07,462 [fb6f87a4-8408-4a98-9903-4c6215d108ba@group-1B8221C9843F-LeaderElection99] INFO  server.RaftServerConfigKeys (ConfUtils.java:logGet(43)) - raft.server.log.appender.buffer.element-limit = 1 (custom)
2019-10-18 13:54:07,462 [fb6f87a4-8408-4a98-9903-4c6215d108ba@group-1B8221C9843F-LeaderElection99] INFO  grpc.GrpcConfigKeys$Server (ConfUtils.java:logGet(43)) - raft.grpc.server.leader.outstanding.appends.max = 128 (default)
2019-10-18 13:54:07,462 [fb6f87a4-8408-4a98-9903-4c6215d108ba@group-1B8221C9843F-LeaderElection99] INFO  server.RaftServerConfigKeys (ConfUtils.java:logGet(43)) - raft.server.rpc.request.timeout = 3000ms (default)
2019-10-18 13:54:07,462 [fb6f87a4-8408-4a98-9903-4c6215d108ba@group-1B8221C9843F-LeaderElection99] INFO  server.RaftServerConfigKeys (ConfUtils.java:logGet(43)) - raft.server.log.appender.install.snapshot.enabled = false (custom)
2019-10-18 13:54:07,463 [fb6f87a4-8408-4a98-9903-4c6215d108ba@group-1B8221C9843F-LeaderElection99] INFO  server.RaftServerConfigKeys (ConfUtils.java:logGet(43)) - raft.server.log.appender.snapshot.chunk.size.max = 16MB (=16777216) (default)
2019-10-18 13:54:07,463 [fb6f87a4-8408-4a98-9903-4c6215d108ba@group-1B8221C9843F-LeaderElection99] INFO  server.RaftServerConfigKeys (ConfUtils.java:logGet(43)) - raft.server.log.appender.buffer.byte-limit = 33554432 (custom)
2019-10-18 13:54:07,463 [fb6f87a4-8408-4a98-9903-4c6215d108ba@group-1B8221C9843F-LeaderElection99] INFO  server.RaftServerConfigKeys (ConfUtils.java:logGet(43)) - raft.server.log.appender.buffer.element-limit = 1 (custom)
2019-10-18 13:54:07,463 [fb6f87a4-8408-4a98-9903-4c6215d108ba@group-1B8221C9843F-LeaderElection99] INFO  grpc.GrpcConfigKeys$Server (ConfUtils.java:logGet(43)) - raft.grpc.server.leader.outstanding.appends.max = 128 (default)
2019-10-18 13:54:07,463 [fb6f87a4-8408-4a98-9903-4c6215d108ba@group-1B8221C9843F-LeaderElection99] INFO  server.RaftServerConfigKeys (ConfUtils.java:logGet(43)) - raft.server.rpc.request.timeout = 3000ms (default)
2019-10-18 13:54:07,463 [fb6f87a4-8408-4a98-9903-4c6215d108ba@group-1B8221C9843F-LeaderElection99] INFO  server.RaftServerConfigKeys (ConfUtils.java:logGet(43)) - raft.server.log.appender.install.snapshot.enabled = false (custom)
2019-10-18 13:54:07,463 [fb6f87a4-8408-4a98-9903-4c6215d108ba@group-1B8221C9843F-LeaderElection99] INFO  impl.RoleInfo (RoleInfo.java:updateAndGet(143)) - fb6f87a4-8408-4a98-9903-4c6215d108ba: start LeaderState
2019-10-18 13:54:07,463 [fb6f87a4-8408-4a98-9903-4c6215d108ba@group-1B8221C9843F-LeaderElection99] INFO  segmented.SegmentedRaftLogWorker (SegmentedRaftLogWorker.java:startLogSegment(385)) - fb6f87a4-8408-4a98-9903-4c6215d108ba@group-1B8221C9843F-SegmentedRaftLogWorker: Starting segment from index:0
2019-10-18 13:54:07,464 [fb6f87a4-8408-4a98-9903-4c6215d108ba@group-1B8221C9843F-LeaderElection99] INFO  impl.RaftServerImpl (ServerState.java:setRaftConf(356)) - fb6f87a4-8408-4a98-9903-4c6215d108ba@group-1B8221C9843F: set configuration 0: [fb6f87a4-8408-4a98-9903-4c6215d108ba:192.168.34.61:45994, 0e2ca166-51cd-408c-96b2-af63247b3a52:192.168.34.61:45435, cbf4fc70-08db-417d-ad43-548bd376729e:192.168.34.61:44436], old=null at 0
2019-10-18 13:54:07,464 [grpc-default-executor-8] INFO  impl.RaftServerImpl (RaftServerImpl.java:requestVote(754)) - fb6f87a4-8408-4a98-9903-4c6215d108ba@group-1B8221C9843F-   LEADER: Withhold vote from candidate 0e2ca166-51cd-408c-96b2-af63247b3a52 with term 1. State: leader=fb6f87a4-8408-4a98-9903-4c6215d108ba, term=1, lastRpcElapsed=null
2019-10-18 13:54:07,499 [Thread-4101] INFO  impl.FollowerState (FollowerState.java:run(108)) - d2333deb-71a5-40db-87e6-3e3e7a789f80@group-8407C10D568F-FollowerState: change to CANDIDATE, lastRpcTime:5082ms, electionTimeout:5057ms
2019-10-18 13:54:07,500 [Thread-4101] INFO  impl.RoleInfo (RoleInfo.java:shutdownFollowerState(121)) - d2333deb-71a5-40db-87e6-3e3e7a789f80: shutdown FollowerState
2019-10-18 13:54:07,500 [Thread-4101] INFO  impl.RaftServerImpl (RaftServerImpl.java:setRole(170)) - d2333deb-71a5-40db-87e6-3e3e7a789f80@group-8407C10D568F: changes role from  FOLLOWER to CANDIDATE at term 0 for changeToCandidate
2019-10-18 13:54:07,500 [Thread-4101] INFO  impl.RoleInfo (RoleInfo.java:updateAndGet(143)) - d2333deb-71a5-40db-87e6-3e3e7a789f80: start LeaderElection
2019-10-18 13:54:07,500 [0e2ca166-51cd-408c-96b2-af63247b3a52@group-1B8221C9843F-LeaderElection101] INFO  impl.LeaderElection (LeaderElection.java:logAndReturn(56)) - 0e2ca166-51cd-408c-96b2-af63247b3a52@group-1B8221C9843F-LeaderElection101: Election REJECTED; received 2 response(s) [0e2ca166-51cd-408c-96b2-af63247b3a52<-fb6f87a4-8408-4a98-9903-4c6215d108ba#0:FAIL-t1, 0e2ca166-51cd-408c-96b2-af63247b3a52<-cbf4fc70-08db-417d-ad43-548bd376729e#0:FAIL-t1] and 0 exception(s); 0e2ca166-51cd-408c-96b2-af63247b3a52@group-1B8221C9843F:t1, leader=null, voted=0e2ca166-51cd-408c-96b2-af63247b3a52, raftlog=0e2ca166-51cd-408c-96b2-af63247b3a52@group-1B8221C9843F-SegmentedRaftLog:OPENED:c-1,f-1,i0, conf=-1: [fb6f87a4-8408-4a98-9903-4c6215d108ba:192.168.34.61:45994, 0e2ca166-51cd-408c-96b2-af63247b3a52:192.168.34.61:45435, cbf4fc70-08db-417d-ad43-548bd376729e:192.168.34.61:44436], old=null
2019-10-18 13:54:07,500 [grpc-default-executor-8] INFO  impl.RaftServerImpl (ServerState.java:setLeader(255)) - cbf4fc70-08db-417d-ad43-548bd376729e@group-1B8221C9843F: change Leader from null to fb6f87a4-8408-4a98-9903-4c6215d108ba at term 1 for appendEntries, leader elected after 5165ms
2019-10-18 13:54:07,500 [grpc-default-executor-5] INFO  impl.RaftServerImpl (RaftServerImpl.java:setRole(170)) - 0e2ca166-51cd-408c-96b2-af63247b3a52@group-1B8221C9843F: changes role from CANDIDATE to FOLLOWER at term 1 for appendEntries
2019-10-18 13:54:07,506 [grpc-default-executor-5] INFO  impl.RoleInfo (RoleInfo.java:shutdownLeaderElection(134)) - 0e2ca166-51cd-408c-96b2-af63247b3a52: shutdown LeaderElection
2019-10-18 13:54:07,506 [grpc-default-executor-5] INFO  impl.RoleInfo (RoleInfo.java:updateAndGet(143)) - 0e2ca166-51cd-408c-96b2-af63247b3a52: start FollowerState
2019-10-18 13:54:07,506 [grpc-default-executor-5] INFO  impl.RaftServerImpl (ServerState.java:setLeader(255)) - 0e2ca166-51cd-408c-96b2-af63247b3a52@group-1B8221C9843F: change Leader from null to fb6f87a4-8408-4a98-9903-4c6215d108ba at term 1 for appendEntries, leader elected after 5171ms
2019-10-18 13:54:07,508 [grpc-default-executor-5] INFO  impl.RaftServerImpl (ServerState.java:setRaftConf(356)) - cbf4fc70-08db-417d-ad43-548bd376729e@group-1B8221C9843F: set configuration 0: [fb6f87a4-8408-4a98-9903-4c6215d108ba:192.168.34.61:45994, 0e2ca166-51cd-408c-96b2-af63247b3a52:192.168.34.61:45435, cbf4fc70-08db-417d-ad43-548bd376729e:192.168.34.61:44436], old=null at 0
2019-10-18 13:54:07,508 [grpc-default-executor-8] INFO  impl.RaftServerImpl (ServerState.java:setRaftConf(356)) - 0e2ca166-51cd-408c-96b2-af63247b3a52@group-1B8221C9843F: set configuration 0: [fb6f87a4-8408-4a98-9903-4c6215d108ba:192.168.34.61:45994, 0e2ca166-51cd-408c-96b2-af63247b3a52:192.168.34.61:45435, cbf4fc70-08db-417d-ad43-548bd376729e:192.168.34.61:44436], old=null at 0
2019-10-18 13:54:07,508 [grpc-default-executor-5] INFO  segmented.SegmentedRaftLogWorker (SegmentedRaftLogWorker.java:startLogSegment(385)) - cbf4fc70-08db-417d-ad43-548bd376729e@group-1B8221C9843F-SegmentedRaftLogWorker: Starting segment from index:0
2019-10-18 13:54:07,508 [grpc-default-executor-8] INFO  segmented.SegmentedRaftLogWorker (SegmentedRaftLogWorker.java:startLogSegment(385)) - 0e2ca166-51cd-408c-96b2-af63247b3a52@group-1B8221C9843F-SegmentedRaftLogWorker: Starting segment from index:0
2019-10-18 13:54:07,521 [fb6f87a4-8408-4a98-9903-4c6215d108ba@group-1B8221C9843F-SegmentedRaftLogWorker] INFO  segmented.SegmentedRaftLogWorker (SegmentedRaftLogWorker.java:execute(574)) - fb6f87a4-8408-4a98-9903-4c6215d108ba@group-1B8221C9843F-SegmentedRaftLogWorker: created new log segment /workdir/hadoop-ozone/integration-test/target/test-dir/MiniOzoneClusterImpl-74b53c55-a47a-4ba0-940b-ff532fb51615/datanode-3/data/ratis/be44ede0-1005-4ea6-9043-1b8221c9843f/current/log_inprogress_0
2019-10-18 13:54:07,521 [d2333deb-71a5-40db-87e6-3e3e7a789f80@group-8407C10D568F-LeaderElection102] INFO  impl.LeaderElection (LeaderElection.java:askForVotes(178)) - d2333deb-71a5-40db-87e6-3e3e7a789f80@group-8407C10D568F-LeaderElection102: begin an election at term 1 for -1: [93caec60-0fcc-4b2b-9d7f-7eb17bf04289:192.168.34.61:37339, d2333deb-71a5-40db-87e6-3e3e7a789f80:192.168.34.61:36163, 70eeaf7e-3c12-423d-bbdb-6f2629d9397d:192.168.34.61:34725], old=null
2019-10-18 13:54:07,521 [93caec60-0fcc-4b2b-9d7f-7eb17bf04289@group-FD76AB4D2FBB-SegmentedRaftLogWorker] INFO  segmented.SegmentedRaftLogWorker (SegmentedRaftLogWorker.java:execute(574)) - 93caec60-0fcc-4b2b-9d7f-7eb17bf04289@group-FD76AB4D2FBB-SegmentedRaftLogWorker: created new log segment /workdir/hadoop-ozone/integration-test/target/test-dir/MiniOzoneClusterImpl-74b53c55-a47a-4ba0-940b-ff532fb51615/datanode-6/data/ratis/b4df037b-bf73-47f9-8819-fd76ab4d2fbb/current/log_inprogress_0
2019-10-18 13:54:07,524 [grpc-default-executor-5] INFO  impl.RaftServerImpl (RaftServerImpl.java:setRole(170)) - 93caec60-0fcc-4b2b-9d7f-7eb17bf04289@group-8407C10D568F: changes role from  FOLLOWER to FOLLOWER at term 1 for recognizeCandidate:d2333deb-71a5-40db-87e6-3e3e7a789f80
2019-10-18 13:54:07,524 [grpc-default-executor-5] INFO  impl.RoleInfo (RoleInfo.java:shutdownFollowerState(121)) - 93caec60-0fcc-4b2b-9d7f-7eb17bf04289: shutdown FollowerState
2019-10-18 13:54:07,524 [grpc-default-executor-5] INFO  impl.RoleInfo (RoleInfo.java:updateAndGet(143)) - 93caec60-0fcc-4b2b-9d7f-7eb17bf04289: start FollowerState
2019-10-18 13:54:07,524 [grpc-default-executor-8] INFO  impl.RaftServerImpl (RaftServerImpl.java:setRole(170)) - 70eeaf7e-3c12-423d-bbdb-6f2629d9397d@group-8407C10D568F: changes role from  FOLLOWER to FOLLOWER at term 1 for recognizeCandidate:d2333deb-71a5-40db-87e6-3e3e7a789f80
2019-10-18 13:54:07,524 [Thread-4106] INFO  impl.FollowerState (FollowerState.java:run(117)) - 93caec60-0fcc-4b2b-9d7f-7eb17bf04289@group-8407C10D568F-FollowerState was interrupted: java.lang.InterruptedException: sleep interrupted
2019-10-18 13:54:07,524 [grpc-default-executor-8] INFO  impl.RoleInfo (RoleInfo.java:shutdownFollowerState(121)) - 70eeaf7e-3c12-423d-bbdb-6f2629d9397d: shutdown FollowerState
2019-10-18 13:54:07,542 [grpc-default-executor-8] INFO  impl.RoleInfo (RoleInfo.java:updateAndGet(143)) - 70eeaf7e-3c12-423d-bbdb-6f2629d9397d: start FollowerState
2019-10-18 13:54:07,543 [Thread-4105] INFO  impl.FollowerState (FollowerState.java:run(117)) - 70eeaf7e-3c12-423d-bbdb-6f2629d9397d@group-8407C10D568F-FollowerState was interrupted: java.lang.InterruptedException: sleep interrupted
2019-10-18 13:54:07,564 [0e2ca166-51cd-408c-96b2-af63247b3a52@group-1B8221C9843F-SegmentedRaftLogWorker] INFO  segmented.SegmentedRaftLogWorker (SegmentedRaftLogWorker.java:execute(574)) - 0e2ca166-51cd-408c-96b2-af63247b3a52@group-1B8221C9843F-SegmentedRaftLogWorker: created new log segment /workdir/hadoop-ozone/integration-test/target/test-dir/MiniOzoneClusterImpl-74b53c55-a47a-4ba0-940b-ff532fb51615/datanode-1/data/ratis/be44ede0-1005-4ea6-9043-1b8221c9843f/current/log_inprogress_0
2019-10-18 13:54:07,564 [cbf4fc70-08db-417d-ad43-548bd376729e@group-1B8221C9843F-SegmentedRaftLogWorker] INFO  segmented.SegmentedRaftLogWorker (SegmentedRaftLogWorker.java:execute(574)) - cbf4fc70-08db-417d-ad43-548bd376729e@group-1B8221C9843F-SegmentedRaftLogWorker: created new log segment /workdir/hadoop-ozone/integration-test/target/test-dir/MiniOzoneClusterImpl-74b53c55-a47a-4ba0-940b-ff532fb51615/datanode-5/data/ratis/be44ede0-1005-4ea6-9043-1b8221c9843f/current/log_inprogress_0
2019-10-18 13:54:07,565 [d2333deb-71a5-40db-87e6-3e3e7a789f80@group-8407C10D568F-LeaderElection102] INFO  impl.LeaderElection (LeaderElection.java:logAndReturn(56)) - d2333deb-71a5-40db-87e6-3e3e7a789f80@group-8407C10D568F-LeaderElection102: Election PASSED; received 1 response(s) [d2333deb-71a5-40db-87e6-3e3e7a789f80<-93caec60-0fcc-4b2b-9d7f-7eb17bf04289#0:OK-t1] and 0 exception(s); d2333deb-71a5-40db-87e6-3e3e7a789f80@group-8407C10D568F:t1, leader=null, voted=d2333deb-71a5-40db-87e6-3e3e7a789f80, raftlog=d2333deb-71a5-40db-87e6-3e3e7a789f80@group-8407C10D568F-SegmentedRaftLog:OPENED:c-1,f-1,i0, conf=-1: [93caec60-0fcc-4b2b-9d7f-7eb17bf04289:192.168.34.61:37339, d2333deb-71a5-40db-87e6-3e3e7a789f80:192.168.34.61:36163, 70eeaf7e-3c12-423d-bbdb-6f2629d9397d:192.168.34.61:34725], old=null
2019-10-18 13:54:07,565 [d2333deb-71a5-40db-87e6-3e3e7a789f80@group-8407C10D568F-LeaderElection102] INFO  impl.RoleInfo (RoleInfo.java:shutdownLeaderElection(134)) - d2333deb-71a5-40db-87e6-3e3e7a789f80: shutdown LeaderElection
2019-10-18 13:54:07,565 [d2333deb-71a5-40db-87e6-3e3e7a789f80@group-8407C10D568F-LeaderElection102] INFO  impl.RaftServerImpl (RaftServerImpl.java:setRole(170)) - d2333deb-71a5-40db-87e6-3e3e7a789f80@group-8407C10D568F: changes role from CANDIDATE to LEADER at term 1 for changeToLeader
2019-10-18 13:54:07,565 [d2333deb-71a5-40db-87e6-3e3e7a789f80@group-8407C10D568F-LeaderElection102] INFO  impl.RaftServerImpl (ServerState.java:setLeader(255)) - d2333deb-71a5-40db-87e6-3e3e7a789f80@group-8407C10D568F: change Leader from null to d2333deb-71a5-40db-87e6-3e3e7a789f80 at term 1 for becomeLeader, leader elected after 5155ms
2019-10-18 13:54:07,565 [d2333deb-71a5-40db-87e6-3e3e7a789f80@group-8407C10D568F-LeaderElection102] INFO  server.RaftServerConfigKeys (ConfUtils.java:logGet(43)) - raft.server.staging.catchup.gap = 1000 (default)
2019-10-18 13:54:07,566 [d2333deb-71a5-40db-87e6-3e3e7a789f80@group-8407C10D568F-LeaderElection102] INFO  server.RaftServerConfigKeys (ConfUtils.java:logGet(43)) - raft.server.rpc.sleep.time = 25ms (default)
2019-10-18 13:54:07,566 [d2333deb-71a5-40db-87e6-3e3e7a789f80@group-8407C10D568F-LeaderElection102] INFO  server.RaftServerConfigKeys (ConfUtils.java:logGet(43)) - raft.server.write.element-limit = 4096 (default)
2019-10-18 13:54:07,566 [d2333deb-71a5-40db-87e6-3e3e7a789f80@group-8407C10D568F-LeaderElection102] INFO  server.RaftServerConfigKeys (ConfUtils.java:logGet(43)) - raft.server.watch.timeout = 10s (default)
2019-10-18 13:54:07,566 [d2333deb-71a5-40db-87e6-3e3e7a789f80@group-8407C10D568F-LeaderElection102] INFO  server.RaftServerConfigKeys (ConfUtils.java:logGet(43)) - raft.server.watch.timeout.denomination = 1s (default)
2019-10-18 13:54:07,566 [d2333deb-71a5-40db-87e6-3e3e7a789f80@group-8407C10D568F-LeaderElection102] INFO  server.RaftServerConfigKeys (ConfUtils.java:logGet(43)) - raft.server.watch.element-limit = 65536 (default)
2019-10-18 13:54:07,567 [d2333deb-71a5-40db-87e6-3e3e7a789f80@group-8407C10D568F-LeaderElection102] INFO  server.RaftServerConfigKeys (ConfUtils.java:logGet(43)) - raft.server.log.appender.snapshot.chunk.size.max = 16MB (=16777216) (default)
2019-10-18 13:54:07,567 [d2333deb-71a5-40db-87e6-3e3e7a789f80@group-8407C10D568F-LeaderElection102] INFO  server.RaftServerConfigKeys (ConfUtils.java:logGet(43)) - raft.server.log.appender.buffer.byte-limit = 33554432 (custom)
2019-10-18 13:54:07,568 [d2333deb-71a5-40db-87e6-3e3e7a789f80@group-8407C10D568F-LeaderElection102] INFO  server.RaftServerConfigKeys (ConfUtils.java:logGet(43)) - raft.server.log.appender.buffer.element-limit = 1 (custom)
2019-10-18 13:54:07,568 [d2333deb-71a5-40db-87e6-3e3e7a789f80@group-8407C10D568F-LeaderElection102] INFO  grpc.GrpcConfigKeys$Server (ConfUtils.java:logGet(43)) - raft.grpc.server.leader.outstanding.appends.max = 128 (default)
2019-10-18 13:54:07,568 [d2333deb-71a5-40db-87e6-3e3e7a789f80@group-8407C10D568F-LeaderElection102] INFO  server.RaftServerConfigKeys (ConfUtils.java:logGet(43)) - raft.server.rpc.request.timeout = 3000ms (default)
2019-10-18 13:54:07,568 [d2333deb-71a5-40db-87e6-3e3e7a789f80@group-8407C10D568F-LeaderElection102] INFO  server.RaftServerConfigKeys (ConfUtils.java:logGet(43)) - raft.server.log.appender.install.snapshot.enabled = false (custom)
2019-10-18 13:54:07,568 [d2333deb-71a5-40db-87e6-3e3e7a789f80@group-8407C10D568F-LeaderElection102] INFO  server.RaftServerConfigKeys (ConfUtils.java:logGet(43)) - raft.server.log.appender.snapshot.chunk.size.max = 16MB (=16777216) (default)
2019-10-18 13:54:07,568 [d2333deb-71a5-40db-87e6-3e3e7a789f80@group-8407C10D568F-LeaderElection102] INFO  server.RaftServerConfigKeys (ConfUtils.java:logGet(43)) - raft.server.log.appender.buffer.byte-limit = 33554432 (custom)
2019-10-18 13:54:07,568 [d2333deb-71a5-40db-87e6-3e3e7a789f80@group-8407C10D568F-LeaderElection102] INFO  server.RaftServerConfigKeys (ConfUtils.java:logGet(43)) - raft.server.log.appender.buffer.element-limit = 1 (custom)
2019-10-18 13:54:07,568 [d2333deb-71a5-40db-87e6-3e3e7a789f80@group-8407C10D568F-LeaderElection102] INFO  grpc.GrpcConfigKeys$Server (ConfUtils.java:logGet(43)) - raft.grpc.server.leader.outstanding.appends.max = 128 (default)
2019-10-18 13:54:07,569 [d2333deb-71a5-40db-87e6-3e3e7a789f80@group-8407C10D568F-LeaderElection102] INFO  server.RaftServerConfigKeys (ConfUtils.java:logGet(43)) - raft.server.rpc.request.timeout = 3000ms (default)
2019-10-18 13:54:07,569 [d2333deb-71a5-40db-87e6-3e3e7a789f80@group-8407C10D568F-LeaderElection102] INFO  server.RaftServerConfigKeys (ConfUtils.java:logGet(43)) - raft.server.log.appender.install.snapshot.enabled = false (custom)
2019-10-18 13:54:07,569 [d2333deb-71a5-40db-87e6-3e3e7a789f80@group-8407C10D568F-LeaderElection102] INFO  impl.RoleInfo (RoleInfo.java:updateAndGet(143)) - d2333deb-71a5-40db-87e6-3e3e7a789f80: start LeaderState
2019-10-18 13:54:07,569 [d2333deb-71a5-40db-87e6-3e3e7a789f80@group-8407C10D568F-LeaderElection102] INFO  segmented.SegmentedRaftLogWorker (SegmentedRaftLogWorker.java:startLogSegment(385)) - d2333deb-71a5-40db-87e6-3e3e7a789f80@group-8407C10D568F-SegmentedRaftLogWorker: Starting segment from index:0
2019-10-18 13:54:07,569 [d2333deb-71a5-40db-87e6-3e3e7a789f80@group-8407C10D568F-LeaderElection102] INFO  impl.RaftServerImpl (ServerState.java:setRaftConf(356)) - d2333deb-71a5-40db-87e6-3e3e7a789f80@group-8407C10D568F: set configuration 0: [93caec60-0fcc-4b2b-9d7f-7eb17bf04289:192.168.34.61:37339, d2333deb-71a5-40db-87e6-3e3e7a789f80:192.168.34.61:36163, 70eeaf7e-3c12-423d-bbdb-6f2629d9397d:192.168.34.61:34725], old=null at 0
2019-10-18 13:54:07,602 [grpc-default-executor-8] INFO  impl.RaftServerImpl (ServerState.java:setLeader(255)) - 93caec60-0fcc-4b2b-9d7f-7eb17bf04289@group-8407C10D568F: change Leader from null to d2333deb-71a5-40db-87e6-3e3e7a789f80 at term 1 for appendEntries, leader elected after 5191ms
2019-10-18 13:54:07,607 [grpc-default-executor-5] INFO  impl.RaftServerImpl (ServerState.java:setLeader(255)) - 70eeaf7e-3c12-423d-bbdb-6f2629d9397d@group-8407C10D568F: change Leader from null to d2333deb-71a5-40db-87e6-3e3e7a789f80 at term 1 for appendEntries, leader elected after 5195ms
2019-10-18 13:54:07,608 [grpc-default-executor-5] INFO  impl.RaftServerImpl (ServerState.java:setRaftConf(356)) - 93caec60-0fcc-4b2b-9d7f-7eb17bf04289@group-8407C10D568F: set configuration 0: [93caec60-0fcc-4b2b-9d7f-7eb17bf04289:192.168.34.61:37339, d2333deb-71a5-40db-87e6-3e3e7a789f80:192.168.34.61:36163, 70eeaf7e-3c12-423d-bbdb-6f2629d9397d:192.168.34.61:34725], old=null at 0
2019-10-18 13:54:07,609 [grpc-default-executor-8] INFO  impl.RaftServerImpl (ServerState.java:setRaftConf(356)) - 70eeaf7e-3c12-423d-bbdb-6f2629d9397d@group-8407C10D568F: set configuration 0: [93caec60-0fcc-4b2b-9d7f-7eb17bf04289:192.168.34.61:37339, d2333deb-71a5-40db-87e6-3e3e7a789f80:192.168.34.61:36163, 70eeaf7e-3c12-423d-bbdb-6f2629d9397d:192.168.34.61:34725], old=null at 0
2019-10-18 13:54:07,609 [grpc-default-executor-5] INFO  segmented.SegmentedRaftLogWorker (SegmentedRaftLogWorker.java:startLogSegment(385)) - 93caec60-0fcc-4b2b-9d7f-7eb17bf04289@group-8407C10D568F-SegmentedRaftLogWorker: Starting segment from index:0
2019-10-18 13:54:07,609 [grpc-default-executor-8] INFO  segmented.SegmentedRaftLogWorker (SegmentedRaftLogWorker.java:startLogSegment(385)) - 70eeaf7e-3c12-423d-bbdb-6f2629d9397d@group-8407C10D568F-SegmentedRaftLogWorker: Starting segment from index:0
2019-10-18 13:54:07,622 [d2333deb-71a5-40db-87e6-3e3e7a789f80@group-8407C10D568F-SegmentedRaftLogWorker] INFO  segmented.SegmentedRaftLogWorker (SegmentedRaftLogWorker.java:execute(574)) - d2333deb-71a5-40db-87e6-3e3e7a789f80@group-8407C10D568F-SegmentedRaftLogWorker: created new log segment /workdir/hadoop-ozone/integration-test/target/test-dir/MiniOzoneClusterImpl-74b53c55-a47a-4ba0-940b-ff532fb51615/datanode-4/data/ratis/37e68ed1-a8b0-449f-8dfa-8407c10d568f/current/log_inprogress_0
2019-10-18 13:54:07,675 [70eeaf7e-3c12-423d-bbdb-6f2629d9397d@group-8407C10D568F-SegmentedRaftLogWorker] INFO  segmented.SegmentedRaftLogWorker (SegmentedRaftLogWorker.java:execute(574)) - 70eeaf7e-3c12-423d-bbdb-6f2629d9397d@group-8407C10D568F-SegmentedRaftLogWorker: created new log segment /workdir/hadoop-ozone/integration-test/target/test-dir/MiniOzoneClusterImpl-74b53c55-a47a-4ba0-940b-ff532fb51615/datanode-2/data/ratis/37e68ed1-a8b0-449f-8dfa-8407c10d568f/current/log_inprogress_0
2019-10-18 13:54:07,675 [93caec60-0fcc-4b2b-9d7f-7eb17bf04289@group-8407C10D568F-SegmentedRaftLogWorker] INFO  segmented.SegmentedRaftLogWorker (SegmentedRaftLogWorker.java:execute(574)) - 93caec60-0fcc-4b2b-9d7f-7eb17bf04289@group-8407C10D568F-SegmentedRaftLogWorker: created new log segment /workdir/hadoop-ozone/integration-test/target/test-dir/MiniOzoneClusterImpl-74b53c55-a47a-4ba0-940b-ff532fb51615/datanode-6/data/ratis/37e68ed1-a8b0-449f-8dfa-8407c10d568f/current/log_inprogress_0
2019-10-18 13:54:08,772 [EventQueue-CloseContainerForCloseContainerEventHandler] INFO  container.CloseContainerEventHandler (CloseContainerEventHandler.java:onMessage(61)) - Close container Event triggered for container : #1
2019-10-18 13:54:08,772 [EventQueue-CloseContainerForCloseContainerEventHandler] INFO  container.CloseContainerEventHandler (CloseContainerEventHandler.java:onMessage(61)) - Close container Event triggered for container : #1
2019-10-18 13:54:08,772 [EventQueue-CloseContainerForCloseContainerEventHandler] INFO  container.CloseContainerEventHandler (CloseContainerEventHandler.java:onMessage(61)) - Close container Event triggered for container : #1
2019-10-18 13:54:10,430 [RatisApplyTransactionExecutor 1] INFO  interfaces.Container (KeyValueContainer.java:flushAndSyncDB(386)) - Container 1 is synced with bcsId 13.
2019-10-18 13:54:10,430 [RatisApplyTransactionExecutor 1] INFO  interfaces.Container (KeyValueContainer.java:flushAndSyncDB(386)) - Container 1 is synced with bcsId 13.
2019-10-18 13:54:10,442 [RatisApplyTransactionExecutor 1] INFO  interfaces.Container (KeyValueContainer.java:flushAndSyncDB(386)) - Container 1 is synced with bcsId 13.
2019-10-18 13:54:10,442 [RatisApplyTransactionExecutor 1] INFO  interfaces.Container (KeyValueContainer.java:flushAndSyncDB(386)) - Container 1 is synced with bcsId 13.
2019-10-18 13:54:10,442 [RatisApplyTransactionExecutor 1] INFO  interfaces.Container (KeyValueContainer.java:close(335)) - Container 1 is closed with bcsId 13.
2019-10-18 13:54:10,442 [RatisApplyTransactionExecutor 1] INFO  interfaces.Container (KeyValueContainer.java:flushAndSyncDB(386)) - Container 1 is synced with bcsId 13.
2019-10-18 13:54:10,442 [RatisApplyTransactionExecutor 1] INFO  interfaces.Container (KeyValueContainer.java:flushAndSyncDB(386)) - Container 1 is synced with bcsId 13.
2019-10-18 13:54:10,443 [EventQueue-IncrementalContainerReportForIncrementalContainerReportHandler] INFO  container.IncrementalContainerReportHandler (AbstractContainerReportHandler.java:updateContainerState(178)) - Moving container #1 to CLOSED state, datanode fb6f87a4-8408-4a98-9903-4c6215d108ba{ip: 192.168.34.61, host: pr-hdds-2280-982rn-3954796538, networkLocation: /default-rack, certSerialId: null} reported CLOSED replica.
2019-10-18 13:54:10,461 [RatisApplyTransactionExecutor 1] INFO  interfaces.Container (KeyValueContainer.java:close(335)) - Container 1 is closed with bcsId 13.
2019-10-18 13:54:10,461 [RatisApplyTransactionExecutor 1] INFO  interfaces.Container (KeyValueContainer.java:close(335)) - Container 1 is closed with bcsId 13.
13:54:10.775 [grpc-default-executor-5] ERROR DNAudit - user=null | ip=null | op=WRITE_CHUNK {blockData=conID: 1 locID: 102983718870515731 bcsId: 13} | ret=FAILURE
org.apache.hadoop.hdds.scm.container.common.helpers.ContainerNotOpenException: Container 1 in CLOSED state
	at org.apache.hadoop.ozone.container.common.impl.HddsDispatcher.validateContainerCommand(HddsDispatcher.java:436) ~[hadoop-hdds-container-service-0.5.0-SNAPSHOT.jar:?]
	at org.apache.hadoop.ozone.container.common.transport.server.ratis.ContainerStateMachine.startTransaction(ContainerStateMachine.java:320) ~[hadoop-hdds-container-service-0.5.0-SNAPSHOT.jar:?]
	at org.apache.ratis.server.impl.RaftServerImpl.submitClientRequestAsync(RaftServerImpl.java:569) ~[ratis-server-0.5.0-201fc85-SNAPSHOT.jar:0.5.0-201fc85-SNAPSHOT]
	at org.apache.ratis.server.impl.RaftServerProxy.lambda$submitClientRequestAsync$7(RaftServerProxy.java:333) ~[ratis-server-0.5.0-201fc85-SNAPSHOT.jar:0.5.0-201fc85-SNAPSHOT]
	at org.apache.ratis.server.impl.RaftServerProxy.lambda$null$5(RaftServerProxy.java:328) ~[ratis-server-0.5.0-201fc85-SNAPSHOT.jar:0.5.0-201fc85-SNAPSHOT]
	at org.apache.ratis.util.JavaUtils.callAsUnchecked(JavaUtils.java:109) ~[ratis-common-0.5.0-201fc85-SNAPSHOT.jar:0.5.0-201fc85-SNAPSHOT]
	at org.apache.ratis.server.impl.RaftServerProxy.lambda$submitRequest$6(RaftServerProxy.java:328) ~[ratis-server-0.5.0-201fc85-SNAPSHOT.jar:0.5.0-201fc85-SNAPSHOT]
	at java.util.concurrent.CompletableFuture.uniComposeStage(CompletableFuture.java:981) ~[?:1.8.0_222]
	at java.util.concurrent.CompletableFuture.thenCompose(CompletableFuture.java:2124) ~[?:1.8.0_222]
	at org.apache.ratis.server.impl.RaftServerProxy.submitRequest(RaftServerProxy.java:327) ~[ratis-server-0.5.0-201fc85-SNAPSHOT.jar:0.5.0-201fc85-SNAPSHOT]
	at org.apache.ratis.server.impl.RaftServerProxy.submitClientRequestAsync(RaftServerProxy.java:333) ~[ratis-server-0.5.0-201fc85-SNAPSHOT.jar:0.5.0-201fc85-SNAPSHOT]
	at org.apache.ratis.grpc.client.GrpcClientProtocolService$RequestStreamObserver.processClientRequest(GrpcClientProtocolService.java:220) ~[ratis-grpc-0.5.0-201fc85-SNAPSHOT.jar:0.5.0-201fc85-SNAPSHOT]
	at org.apache.ratis.grpc.client.GrpcClientProtocolService$OrderedRequestStreamObserver.processClientRequest(GrpcClientProtocolService.java:326) ~[ratis-grpc-0.5.0-201fc85-SNAPSHOT.jar:0.5.0-201fc85-SNAPSHOT]
	at org.apache.ratis.util.SlidingWindow$Server.processRequestsFromHead(SlidingWindow.java:429) [ratis-common-0.5.0-201fc85-SNAPSHOT.jar:0.5.0-201fc85-SNAPSHOT]
	at org.apache.ratis.util.SlidingWindow$Server.receivedRequest(SlidingWindow.java:421) [ratis-common-0.5.0-201fc85-SNAPSHOT.jar:0.5.0-201fc85-SNAPSHOT]
	at org.apache.ratis.grpc.client.GrpcClientProtocolService$OrderedRequestStreamObserver.processClientRequest(GrpcClientProtocolService.java:345) [ratis-grpc-0.5.0-201fc85-SNAPSHOT.jar:0.5.0-201fc85-SNAPSHOT]
	at org.apache.ratis.grpc.client.GrpcClientProtocolService$RequestStreamObserver.onNext(GrpcClientProtocolService.java:240) [ratis-grpc-0.5.0-201fc85-SNAPSHOT.jar:0.5.0-201fc85-SNAPSHOT]
	at org.apache.ratis.grpc.client.GrpcClientProtocolService$RequestStreamObserver.onNext(GrpcClientProtocolService.java:168) [ratis-grpc-0.5.0-201fc85-SNAPSHOT.jar:0.5.0-201fc85-SNAPSHOT]
	at org.apache.ratis.thirdparty.io.grpc.stub.ServerCalls$StreamingServerCallHandler$StreamingServerCallListener.onMessage(ServerCalls.java:248) [ratis-thirdparty-misc-0.2.0.jar:0.2.0]
	at org.apache.ratis.thirdparty.io.grpc.internal.ServerCallImpl$ServerStreamListenerImpl.messagesAvailable(ServerCallImpl.java:263) [ratis-thirdparty-misc-0.2.0.jar:0.2.0]
	at org.apache.ratis.thirdparty.io.grpc.internal.ServerImpl$JumpToApplicationThreadServerStreamListener$1MessagesAvailable.runInContext(ServerImpl.java:686) [ratis-thirdparty-misc-0.2.0.jar:0.2.0]
	at org.apache.ratis.thirdparty.io.grpc.internal.ContextRunnable.run(ContextRunnable.java:37) [ratis-thirdparty-misc-0.2.0.jar:0.2.0]
	at org.apache.ratis.thirdparty.io.grpc.internal.SerializingExecutor.run(SerializingExecutor.java:123) [ratis-thirdparty-misc-0.2.0.jar:0.2.0]
	at java.util.concurrent.ThreadPoolExecutor.runWorker(ThreadPoolExecutor.java:1149) [?:1.8.0_222]
	at java.util.concurrent.ThreadPoolExecutor$Worker.run(ThreadPoolExecutor.java:624) [?:1.8.0_222]
	at java.lang.Thread.run(Thread.java:748) [?:1.8.0_222]
13:54:10.776 [grpc-default-executor-5] ERROR DNAudit - user=null | ip=null | op=WRITE_CHUNK {blockData=conID: 1 locID: 102983718870515731 bcsId: 13} | ret=FAILURE
org.apache.hadoop.hdds.scm.container.common.helpers.ContainerNotOpenException: Container 1 in CLOSED state
	at org.apache.hadoop.ozone.container.common.impl.HddsDispatcher.validateContainerCommand(HddsDispatcher.java:436) ~[hadoop-hdds-container-service-0.5.0-SNAPSHOT.jar:?]
	at org.apache.hadoop.ozone.container.common.transport.server.ratis.ContainerStateMachine.startTransaction(ContainerStateMachine.java:320) ~[hadoop-hdds-container-service-0.5.0-SNAPSHOT.jar:?]
	at org.apache.ratis.server.impl.RaftServerImpl.submitClientRequestAsync(RaftServerImpl.java:569) ~[ratis-server-0.5.0-201fc85-SNAPSHOT.jar:0.5.0-201fc85-SNAPSHOT]
	at org.apache.ratis.server.impl.RaftServerProxy.lambda$submitClientRequestAsync$7(RaftServerProxy.java:333) ~[ratis-server-0.5.0-201fc85-SNAPSHOT.jar:0.5.0-201fc85-SNAPSHOT]
	at org.apache.ratis.server.impl.RaftServerProxy.lambda$null$5(RaftServerProxy.java:328) ~[ratis-server-0.5.0-201fc85-SNAPSHOT.jar:0.5.0-201fc85-SNAPSHOT]
	at org.apache.ratis.util.JavaUtils.callAsUnchecked(JavaUtils.java:109) ~[ratis-common-0.5.0-201fc85-SNAPSHOT.jar:0.5.0-201fc85-SNAPSHOT]
	at org.apache.ratis.server.impl.RaftServerProxy.lambda$submitRequest$6(RaftServerProxy.java:328) ~[ratis-server-0.5.0-201fc85-SNAPSHOT.jar:0.5.0-201fc85-SNAPSHOT]
	at java.util.concurrent.CompletableFuture.uniComposeStage(CompletableFuture.java:981) ~[?:1.8.0_222]
	at java.util.concurrent.CompletableFuture.thenCompose(CompletableFuture.java:2124) ~[?:1.8.0_222]
	at org.apache.ratis.server.impl.RaftServerProxy.submitRequest(RaftServerProxy.java:327) ~[ratis-server-0.5.0-201fc85-SNAPSHOT.jar:0.5.0-201fc85-SNAPSHOT]
	at org.apache.ratis.server.impl.RaftServerProxy.submitClientRequestAsync(RaftServerProxy.java:333) ~[ratis-server-0.5.0-201fc85-SNAPSHOT.jar:0.5.0-201fc85-SNAPSHOT]
	at org.apache.ratis.grpc.client.GrpcClientProtocolService$RequestStreamObserver.processClientRequest(GrpcClientProtocolService.java:220) ~[ratis-grpc-0.5.0-201fc85-SNAPSHOT.jar:0.5.0-201fc85-SNAPSHOT]
	at org.apache.ratis.grpc.client.GrpcClientProtocolService$OrderedRequestStreamObserver.processClientRequest(GrpcClientProtocolService.java:326) ~[ratis-grpc-0.5.0-201fc85-SNAPSHOT.jar:0.5.0-201fc85-SNAPSHOT]
	at org.apache.ratis.util.SlidingWindow$Server.processRequestsFromHead(SlidingWindow.java:429) [ratis-common-0.5.0-201fc85-SNAPSHOT.jar:0.5.0-201fc85-SNAPSHOT]
	at org.apache.ratis.util.SlidingWindow$Server.receivedRequest(SlidingWindow.java:421) [ratis-common-0.5.0-201fc85-SNAPSHOT.jar:0.5.0-201fc85-SNAPSHOT]
	at org.apache.ratis.grpc.client.GrpcClientProtocolService$OrderedRequestStreamObserver.processClientRequest(GrpcClientProtocolService.java:345) [ratis-grpc-0.5.0-201fc85-SNAPSHOT.jar:0.5.0-201fc85-SNAPSHOT]
	at org.apache.ratis.grpc.client.GrpcClientProtocolService$RequestStreamObserver.onNext(GrpcClientProtocolService.java:240) [ratis-grpc-0.5.0-201fc85-SNAPSHOT.jar:0.5.0-201fc85-SNAPSHOT]
	at org.apache.ratis.grpc.client.GrpcClientProtocolService$RequestStreamObserver.onNext(GrpcClientProtocolService.java:168) [ratis-grpc-0.5.0-201fc85-SNAPSHOT.jar:0.5.0-201fc85-SNAPSHOT]
	at org.apache.ratis.thirdparty.io.grpc.stub.ServerCalls$StreamingServerCallHandler$StreamingServerCallListener.onMessage(ServerCalls.java:248) [ratis-thirdparty-misc-0.2.0.jar:0.2.0]
	at org.apache.ratis.thirdparty.io.grpc.internal.ServerCallImpl$ServerStreamListenerImpl.messagesAvailable(ServerCallImpl.java:263) [ratis-thirdparty-misc-0.2.0.jar:0.2.0]
	at org.apache.ratis.thirdparty.io.grpc.internal.ServerImpl$JumpToApplicationThreadServerStreamListener$1MessagesAvailable.runInContext(ServerImpl.java:686) [ratis-thirdparty-misc-0.2.0.jar:0.2.0]
	at org.apache.ratis.thirdparty.io.grpc.internal.ContextRunnable.run(ContextRunnable.java:37) [ratis-thirdparty-misc-0.2.0.jar:0.2.0]
	at org.apache.ratis.thirdparty.io.grpc.internal.SerializingExecutor.run(SerializingExecutor.java:123) [ratis-thirdparty-misc-0.2.0.jar:0.2.0]
	at java.util.concurrent.ThreadPoolExecutor.runWorker(ThreadPoolExecutor.java:1149) [?:1.8.0_222]
	at java.util.concurrent.ThreadPoolExecutor$Worker.run(ThreadPoolExecutor.java:624) [?:1.8.0_222]
	at java.lang.Thread.run(Thread.java:748) [?:1.8.0_222]
13:54:10.783 [grpc-default-executor-5] ERROR DNAudit - user=null | ip=null | op=PUT_BLOCK {blockData=[blockId=conID: 1 locID: 102983718870515731 bcsId: 0,size=650]} | ret=FAILURE
org.apache.hadoop.hdds.scm.container.common.helpers.ContainerNotOpenException: Container 1 in CLOSED state
	at org.apache.hadoop.ozone.container.common.impl.HddsDispatcher.validateContainerCommand(HddsDispatcher.java:436) ~[hadoop-hdds-container-service-0.5.0-SNAPSHOT.jar:?]
	at org.apache.hadoop.ozone.container.common.transport.server.ratis.ContainerStateMachine.startTransaction(ContainerStateMachine.java:320) ~[hadoop-hdds-container-service-0.5.0-SNAPSHOT.jar:?]
	at org.apache.ratis.server.impl.RaftServerImpl.submitClientRequestAsync(RaftServerImpl.java:569) ~[ratis-server-0.5.0-201fc85-SNAPSHOT.jar:0.5.0-201fc85-SNAPSHOT]
	at org.apache.ratis.server.impl.RaftServerProxy.lambda$submitClientRequestAsync$7(RaftServerProxy.java:333) ~[ratis-server-0.5.0-201fc85-SNAPSHOT.jar:0.5.0-201fc85-SNAPSHOT]
	at org.apache.ratis.server.impl.RaftServerProxy.lambda$null$5(RaftServerProxy.java:328) ~[ratis-server-0.5.0-201fc85-SNAPSHOT.jar:0.5.0-201fc85-SNAPSHOT]
	at org.apache.ratis.util.JavaUtils.callAsUnchecked(JavaUtils.java:109) ~[ratis-common-0.5.0-201fc85-SNAPSHOT.jar:0.5.0-201fc85-SNAPSHOT]
	at org.apache.ratis.server.impl.RaftServerProxy.lambda$submitRequest$6(RaftServerProxy.java:328) ~[ratis-server-0.5.0-201fc85-SNAPSHOT.jar:0.5.0-201fc85-SNAPSHOT]
	at java.util.concurrent.CompletableFuture.uniComposeStage(CompletableFuture.java:981) ~[?:1.8.0_222]
	at java.util.concurrent.CompletableFuture.thenCompose(CompletableFuture.java:2124) ~[?:1.8.0_222]
	at org.apache.ratis.server.impl.RaftServerProxy.submitRequest(RaftServerProxy.java:327) ~[ratis-server-0.5.0-201fc85-SNAPSHOT.jar:0.5.0-201fc85-SNAPSHOT]
	at org.apache.ratis.server.impl.RaftServerProxy.submitClientRequestAsync(RaftServerProxy.java:333) ~[ratis-server-0.5.0-201fc85-SNAPSHOT.jar:0.5.0-201fc85-SNAPSHOT]
	at org.apache.ratis.grpc.client.GrpcClientProtocolService$RequestStreamObserver.processClientRequest(GrpcClientProtocolService.java:220) ~[ratis-grpc-0.5.0-201fc85-SNAPSHOT.jar:0.5.0-201fc85-SNAPSHOT]
	at org.apache.ratis.grpc.client.GrpcClientProtocolService$OrderedRequestStreamObserver.processClientRequest(GrpcClientProtocolService.java:326) ~[ratis-grpc-0.5.0-201fc85-SNAPSHOT.jar:0.5.0-201fc85-SNAPSHOT]
	at org.apache.ratis.util.SlidingWindow$Server.processRequestsFromHead(SlidingWindow.java:429) [ratis-common-0.5.0-201fc85-SNAPSHOT.jar:0.5.0-201fc85-SNAPSHOT]
	at org.apache.ratis.util.SlidingWindow$Server.receivedRequest(SlidingWindow.java:421) [ratis-common-0.5.0-201fc85-SNAPSHOT.jar:0.5.0-201fc85-SNAPSHOT]
	at org.apache.ratis.grpc.client.GrpcClientProtocolService$OrderedRequestStreamObserver.processClientRequest(GrpcClientProtocolService.java:345) [ratis-grpc-0.5.0-201fc85-SNAPSHOT.jar:0.5.0-201fc85-SNAPSHOT]
	at org.apache.ratis.grpc.client.GrpcClientProtocolService$RequestStreamObserver.onNext(GrpcClientProtocolService.java:240) [ratis-grpc-0.5.0-201fc85-SNAPSHOT.jar:0.5.0-201fc85-SNAPSHOT]
	at org.apache.ratis.grpc.client.GrpcClientProtocolService$RequestStreamObserver.onNext(GrpcClientProtocolService.java:168) [ratis-grpc-0.5.0-201fc85-SNAPSHOT.jar:0.5.0-201fc85-SNAPSHOT]
	at org.apache.ratis.thirdparty.io.grpc.stub.ServerCalls$StreamingServerCallHandler$StreamingServerCallListener.onMessage(ServerCalls.java:248) [ratis-thirdparty-misc-0.2.0.jar:0.2.0]
	at org.apache.ratis.thirdparty.io.grpc.internal.ServerCallImpl$ServerStreamListenerImpl.messagesAvailable(ServerCallImpl.java:263) [ratis-thirdparty-misc-0.2.0.jar:0.2.0]
	at org.apache.ratis.thirdparty.io.grpc.internal.ServerImpl$JumpToApplicationThreadServerStreamListener$1MessagesAvailable.runInContext(ServerImpl.java:686) [ratis-thirdparty-misc-0.2.0.jar:0.2.0]
	at org.apache.ratis.thirdparty.io.grpc.internal.ContextRunnable.run(ContextRunnable.java:37) [ratis-thirdparty-misc-0.2.0.jar:0.2.0]
	at org.apache.ratis.thirdparty.io.grpc.internal.SerializingExecutor.run(SerializingExecutor.java:123) [ratis-thirdparty-misc-0.2.0.jar:0.2.0]
	at java.util.concurrent.ThreadPoolExecutor.runWorker(ThreadPoolExecutor.java:1149) [?:1.8.0_222]
	at java.util.concurrent.ThreadPoolExecutor$Worker.run(ThreadPoolExecutor.java:624) [?:1.8.0_222]
	at java.lang.Thread.run(Thread.java:748) [?:1.8.0_222]
13:54:10.789 [grpc-default-executor-5] ERROR DNAudit - user=null | ip=null | op=WRITE_CHUNK {blockData=conID: 1 locID: 102983718870515731 bcsId: 13} | ret=FAILURE
org.apache.hadoop.hdds.scm.container.common.helpers.ContainerNotOpenException: Container 1 in CLOSED state
	at org.apache.hadoop.ozone.container.common.impl.HddsDispatcher.validateContainerCommand(HddsDispatcher.java:436) ~[hadoop-hdds-container-service-0.5.0-SNAPSHOT.jar:?]
	at org.apache.hadoop.ozone.container.common.transport.server.ratis.ContainerStateMachine.startTransaction(ContainerStateMachine.java:320) ~[hadoop-hdds-container-service-0.5.0-SNAPSHOT.jar:?]
	at org.apache.ratis.server.impl.RaftServerImpl.submitClientRequestAsync(RaftServerImpl.java:569) ~[ratis-server-0.5.0-201fc85-SNAPSHOT.jar:0.5.0-201fc85-SNAPSHOT]
	at org.apache.ratis.server.impl.RaftServerProxy.lambda$submitClientRequestAsync$7(RaftServerProxy.java:333) ~[ratis-server-0.5.0-201fc85-SNAPSHOT.jar:0.5.0-201fc85-SNAPSHOT]
	at org.apache.ratis.server.impl.RaftServerProxy.lambda$null$5(RaftServerProxy.java:328) ~[ratis-server-0.5.0-201fc85-SNAPSHOT.jar:0.5.0-201fc85-SNAPSHOT]
	at org.apache.ratis.util.JavaUtils.callAsUnchecked(JavaUtils.java:109) ~[ratis-common-0.5.0-201fc85-SNAPSHOT.jar:0.5.0-201fc85-SNAPSHOT]
	at org.apache.ratis.server.impl.RaftServerProxy.lambda$submitRequest$6(RaftServerProxy.java:328) ~[ratis-server-0.5.0-201fc85-SNAPSHOT.jar:0.5.0-201fc85-SNAPSHOT]
	at java.util.concurrent.CompletableFuture.uniComposeStage(CompletableFuture.java:981) ~[?:1.8.0_222]
	at java.util.concurrent.CompletableFuture.thenCompose(CompletableFuture.java:2124) ~[?:1.8.0_222]
	at org.apache.ratis.server.impl.RaftServerProxy.submitRequest(RaftServerProxy.java:327) ~[ratis-server-0.5.0-201fc85-SNAPSHOT.jar:0.5.0-201fc85-SNAPSHOT]
	at org.apache.ratis.server.impl.RaftServerProxy.submitClientRequestAsync(RaftServerProxy.java:333) ~[ratis-server-0.5.0-201fc85-SNAPSHOT.jar:0.5.0-201fc85-SNAPSHOT]
	at org.apache.ratis.grpc.client.GrpcClientProtocolService$RequestStreamObserver.processClientRequest(GrpcClientProtocolService.java:220) ~[ratis-grpc-0.5.0-201fc85-SNAPSHOT.jar:0.5.0-201fc85-SNAPSHOT]
	at org.apache.ratis.grpc.client.GrpcClientProtocolService$OrderedRequestStreamObserver.processClientRequest(GrpcClientProtocolService.java:326) ~[ratis-grpc-0.5.0-201fc85-SNAPSHOT.jar:0.5.0-201fc85-SNAPSHOT]
	at org.apache.ratis.util.SlidingWindow$Server.processRequestsFromHead(SlidingWindow.java:429) [ratis-common-0.5.0-201fc85-SNAPSHOT.jar:0.5.0-201fc85-SNAPSHOT]
	at org.apache.ratis.util.SlidingWindow$Server.receivedRequest(SlidingWindow.java:421) [ratis-common-0.5.0-201fc85-SNAPSHOT.jar:0.5.0-201fc85-SNAPSHOT]
	at org.apache.ratis.grpc.client.GrpcClientProtocolService$OrderedRequestStreamObserver.processClientRequest(GrpcClientProtocolService.java:345) [ratis-grpc-0.5.0-201fc85-SNAPSHOT.jar:0.5.0-201fc85-SNAPSHOT]
	at org.apache.ratis.grpc.client.GrpcClientProtocolService$RequestStreamObserver.onNext(GrpcClientProtocolService.java:240) [ratis-grpc-0.5.0-201fc85-SNAPSHOT.jar:0.5.0-201fc85-SNAPSHOT]
	at org.apache.ratis.grpc.client.GrpcClientProtocolService$RequestStreamObserver.onNext(GrpcClientProtocolService.java:168) [ratis-grpc-0.5.0-201fc85-SNAPSHOT.jar:0.5.0-201fc85-SNAPSHOT]
	at org.apache.ratis.thirdparty.io.grpc.stub.ServerCalls$StreamingServerCallHandler$StreamingServerCallListener.onMessage(ServerCalls.java:248) [ratis-thirdparty-misc-0.2.0.jar:0.2.0]
	at org.apache.ratis.thirdparty.io.grpc.internal.ServerCallImpl$ServerStreamListenerImpl.messagesAvailable(ServerCallImpl.java:263) [ratis-thirdparty-misc-0.2.0.jar:0.2.0]
	at org.apache.ratis.thirdparty.io.grpc.internal.ServerImpl$JumpToApplicationThreadServerStreamListener$1MessagesAvailable.runInContext(ServerImpl.java:686) [ratis-thirdparty-misc-0.2.0.jar:0.2.0]
	at org.apache.ratis.thirdparty.io.grpc.internal.ContextRunnable.run(ContextRunnable.java:37) [ratis-thirdparty-misc-0.2.0.jar:0.2.0]
	at org.apache.ratis.thirdparty.io.grpc.internal.SerializingExecutor.run(SerializingExecutor.java:123) [ratis-thirdparty-misc-0.2.0.jar:0.2.0]
	at java.util.concurrent.ThreadPoolExecutor.runWorker(ThreadPoolExecutor.java:1149) [?:1.8.0_222]
	at java.util.concurrent.ThreadPoolExecutor$Worker.run(ThreadPoolExecutor.java:624) [?:1.8.0_222]
	at java.lang.Thread.run(Thread.java:748) [?:1.8.0_222]
13:54:10.794 [grpc-default-executor-5] ERROR DNAudit - user=null | ip=null | op=WRITE_CHUNK {blockData=conID: 1 locID: 102983718870515731 bcsId: 13} | ret=FAILURE
org.apache.hadoop.hdds.scm.container.common.helpers.ContainerNotOpenException: Container 1 in CLOSED state
	at org.apache.hadoop.ozone.container.common.impl.HddsDispatcher.validateContainerCommand(HddsDispatcher.java:436) ~[hadoop-hdds-container-service-0.5.0-SNAPSHOT.jar:?]
	at org.apache.hadoop.ozone.container.common.transport.server.ratis.ContainerStateMachine.startTransaction(ContainerStateMachine.java:320) ~[hadoop-hdds-container-service-0.5.0-SNAPSHOT.jar:?]
	at org.apache.ratis.server.impl.RaftServerImpl.submitClientRequestAsync(RaftServerImpl.java:569) ~[ratis-server-0.5.0-201fc85-SNAPSHOT.jar:0.5.0-201fc85-SNAPSHOT]
	at org.apache.ratis.server.impl.RaftServerProxy.lambda$submitClientRequestAsync$7(RaftServerProxy.java:333) ~[ratis-server-0.5.0-201fc85-SNAPSHOT.jar:0.5.0-201fc85-SNAPSHOT]
	at org.apache.ratis.server.impl.RaftServerProxy.lambda$null$5(RaftServerProxy.java:328) ~[ratis-server-0.5.0-201fc85-SNAPSHOT.jar:0.5.0-201fc85-SNAPSHOT]
	at org.apache.ratis.util.JavaUtils.callAsUnchecked(JavaUtils.java:109) ~[ratis-common-0.5.0-201fc85-SNAPSHOT.jar:0.5.0-201fc85-SNAPSHOT]
	at org.apache.ratis.server.impl.RaftServerProxy.lambda$submitRequest$6(RaftServerProxy.java:328) ~[ratis-server-0.5.0-201fc85-SNAPSHOT.jar:0.5.0-201fc85-SNAPSHOT]
	at java.util.concurrent.CompletableFuture.uniComposeStage(CompletableFuture.java:981) ~[?:1.8.0_222]
	at java.util.concurrent.CompletableFuture.thenCompose(CompletableFuture.java:2124) ~[?:1.8.0_222]
	at org.apache.ratis.server.impl.RaftServerProxy.submitRequest(RaftServerProxy.java:327) ~[ratis-server-0.5.0-201fc85-SNAPSHOT.jar:0.5.0-201fc85-SNAPSHOT]
	at org.apache.ratis.server.impl.RaftServerProxy.submitClientRequestAsync(RaftServerProxy.java:333) ~[ratis-server-0.5.0-201fc85-SNAPSHOT.jar:0.5.0-201fc85-SNAPSHOT]
	at org.apache.ratis.grpc.client.GrpcClientProtocolService$RequestStreamObserver.processClientRequest(GrpcClientProtocolService.java:220) ~[ratis-grpc-0.5.0-201fc85-SNAPSHOT.jar:0.5.0-201fc85-SNAPSHOT]
	at org.apache.ratis.grpc.client.GrpcClientProtocolService$OrderedRequestStreamObserver.processClientRequest(GrpcClientProtocolService.java:326) ~[ratis-grpc-0.5.0-201fc85-SNAPSHOT.jar:0.5.0-201fc85-SNAPSHOT]
	at org.apache.ratis.util.SlidingWindow$Server.processRequestsFromHead(SlidingWindow.java:429) [ratis-common-0.5.0-201fc85-SNAPSHOT.jar:0.5.0-201fc85-SNAPSHOT]
	at org.apache.ratis.util.SlidingWindow$Server.receivedRequest(SlidingWindow.java:421) [ratis-common-0.5.0-201fc85-SNAPSHOT.jar:0.5.0-201fc85-SNAPSHOT]
	at org.apache.ratis.grpc.client.GrpcClientProtocolService$OrderedRequestStreamObserver.processClientRequest(GrpcClientProtocolService.java:345) [ratis-grpc-0.5.0-201fc85-SNAPSHOT.jar:0.5.0-201fc85-SNAPSHOT]
	at org.apache.ratis.grpc.client.GrpcClientProtocolService$RequestStreamObserver.onNext(GrpcClientProtocolService.java:240) [ratis-grpc-0.5.0-201fc85-SNAPSHOT.jar:0.5.0-201fc85-SNAPSHOT]
	at org.apache.ratis.grpc.client.GrpcClientProtocolService$RequestStreamObserver.onNext(GrpcClientProtocolService.java:168) [ratis-grpc-0.5.0-201fc85-SNAPSHOT.jar:0.5.0-201fc85-SNAPSHOT]
	at org.apache.ratis.thirdparty.io.grpc.stub.ServerCalls$StreamingServerCallHandler$StreamingServerCallListener.onMessage(ServerCalls.java:248) [ratis-thirdparty-misc-0.2.0.jar:0.2.0]
	at org.apache.ratis.thirdparty.io.grpc.internal.ServerCallImpl$ServerStreamListenerImpl.messagesAvailable(ServerCallImpl.java:263) [ratis-thirdparty-misc-0.2.0.jar:0.2.0]
	at org.apache.ratis.thirdparty.io.grpc.internal.ServerImpl$JumpToApplicationThreadServerStreamListener$1MessagesAvailable.runInContext(ServerImpl.java:686) [ratis-thirdparty-misc-0.2.0.jar:0.2.0]
	at org.apache.ratis.thirdparty.io.grpc.internal.ContextRunnable.run(ContextRunnable.java:37) [ratis-thirdparty-misc-0.2.0.jar:0.2.0]
	at org.apache.ratis.thirdparty.io.grpc.internal.SerializingExecutor.run(SerializingExecutor.java:123) [ratis-thirdparty-misc-0.2.0.jar:0.2.0]
	at java.util.concurrent.ThreadPoolExecutor.runWorker(ThreadPoolExecutor.java:1149) [?:1.8.0_222]
	at java.util.concurrent.ThreadPoolExecutor$Worker.run(ThreadPoolExecutor.java:624) [?:1.8.0_222]
	at java.lang.Thread.run(Thread.java:748) [?:1.8.0_222]
13:54:10.800 [grpc-default-executor-5] ERROR DNAudit - user=null | ip=null | op=PUT_BLOCK {blockData=[blockId=conID: 1 locID: 102983718870515731 bcsId: 0,size=800]} | ret=FAILURE
org.apache.hadoop.hdds.scm.container.common.helpers.ContainerNotOpenException: Container 1 in CLOSED state
	at org.apache.hadoop.ozone.container.common.impl.HddsDispatcher.validateContainerCommand(HddsDispatcher.java:436) ~[hadoop-hdds-container-service-0.5.0-SNAPSHOT.jar:?]
	at org.apache.hadoop.ozone.container.common.transport.server.ratis.ContainerStateMachine.startTransaction(ContainerStateMachine.java:320) ~[hadoop-hdds-container-service-0.5.0-SNAPSHOT.jar:?]
	at org.apache.ratis.server.impl.RaftServerImpl.submitClientRequestAsync(RaftServerImpl.java:569) ~[ratis-server-0.5.0-201fc85-SNAPSHOT.jar:0.5.0-201fc85-SNAPSHOT]
	at org.apache.ratis.server.impl.RaftServerProxy.lambda$submitClientRequestAsync$7(RaftServerProxy.java:333) ~[ratis-server-0.5.0-201fc85-SNAPSHOT.jar:0.5.0-201fc85-SNAPSHOT]
	at org.apache.ratis.server.impl.RaftServerProxy.lambda$null$5(RaftServerProxy.java:328) ~[ratis-server-0.5.0-201fc85-SNAPSHOT.jar:0.5.0-201fc85-SNAPSHOT]
	at org.apache.ratis.util.JavaUtils.callAsUnchecked(JavaUtils.java:109) ~[ratis-common-0.5.0-201fc85-SNAPSHOT.jar:0.5.0-201fc85-SNAPSHOT]
	at org.apache.ratis.server.impl.RaftServerProxy.lambda$submitRequest$6(RaftServerProxy.java:328) ~[ratis-server-0.5.0-201fc85-SNAPSHOT.jar:0.5.0-201fc85-SNAPSHOT]
	at java.util.concurrent.CompletableFuture.uniComposeStage(CompletableFuture.java:981) ~[?:1.8.0_222]
	at java.util.concurrent.CompletableFuture.thenCompose(CompletableFuture.java:2124) ~[?:1.8.0_222]
	at org.apache.ratis.server.impl.RaftServerProxy.submitRequest(RaftServerProxy.java:327) ~[ratis-server-0.5.0-201fc85-SNAPSHOT.jar:0.5.0-201fc85-SNAPSHOT]
	at org.apache.ratis.server.impl.RaftServerProxy.submitClientRequestAsync(RaftServerProxy.java:333) ~[ratis-server-0.5.0-201fc85-SNAPSHOT.jar:0.5.0-201fc85-SNAPSHOT]
	at org.apache.ratis.grpc.client.GrpcClientProtocolService$RequestStreamObserver.processClientRequest(GrpcClientProtocolService.java:220) ~[ratis-grpc-0.5.0-201fc85-SNAPSHOT.jar:0.5.0-201fc85-SNAPSHOT]
	at org.apache.ratis.grpc.client.GrpcClientProtocolService$OrderedRequestStreamObserver.processClientRequest(GrpcClientProtocolService.java:326) ~[ratis-grpc-0.5.0-201fc85-SNAPSHOT.jar:0.5.0-201fc85-SNAPSHOT]
	at org.apache.ratis.util.SlidingWindow$Server.processRequestsFromHead(SlidingWindow.java:429) [ratis-common-0.5.0-201fc85-SNAPSHOT.jar:0.5.0-201fc85-SNAPSHOT]
	at org.apache.ratis.util.SlidingWindow$Server.receivedRequest(SlidingWindow.java:421) [ratis-common-0.5.0-201fc85-SNAPSHOT.jar:0.5.0-201fc85-SNAPSHOT]
	at org.apache.ratis.grpc.client.GrpcClientProtocolService$OrderedRequestStreamObserver.processClientRequest(GrpcClientProtocolService.java:345) [ratis-grpc-0.5.0-201fc85-SNAPSHOT.jar:0.5.0-201fc85-SNAPSHOT]
	at org.apache.ratis.grpc.client.GrpcClientProtocolService$RequestStreamObserver.onNext(GrpcClientProtocolService.java:240) [ratis-grpc-0.5.0-201fc85-SNAPSHOT.jar:0.5.0-201fc85-SNAPSHOT]
	at org.apache.ratis.grpc.client.GrpcClientProtocolService$RequestStreamObserver.onNext(GrpcClientProtocolService.java:168) [ratis-grpc-0.5.0-201fc85-SNAPSHOT.jar:0.5.0-201fc85-SNAPSHOT]
	at org.apache.ratis.thirdparty.io.grpc.stub.ServerCalls$StreamingServerCallHandler$StreamingServerCallListener.onMessage(ServerCalls.java:248) [ratis-thirdparty-misc-0.2.0.jar:0.2.0]
	at org.apache.ratis.thirdparty.io.grpc.internal.ServerCallImpl$ServerStreamListenerImpl.messagesAvailable(ServerCallImpl.java:263) [ratis-thirdparty-misc-0.2.0.jar:0.2.0]
	at org.apache.ratis.thirdparty.io.grpc.internal.ServerImpl$JumpToApplicationThreadServerStreamListener$1MessagesAvailable.runInContext(ServerImpl.java:686) [ratis-thirdparty-misc-0.2.0.jar:0.2.0]
	at org.apache.ratis.thirdparty.io.grpc.internal.ContextRunnable.run(ContextRunnable.java:37) [ratis-thirdparty-misc-0.2.0.jar:0.2.0]
	at org.apache.ratis.thirdparty.io.grpc.internal.SerializingExecutor.run(SerializingExecutor.java:123) [ratis-thirdparty-misc-0.2.0.jar:0.2.0]
	at java.util.concurrent.ThreadPoolExecutor.runWorker(ThreadPoolExecutor.java:1149) [?:1.8.0_222]
	at java.util.concurrent.ThreadPoolExecutor$Worker.run(ThreadPoolExecutor.java:624) [?:1.8.0_222]
	at java.lang.Thread.run(Thread.java:748) [?:1.8.0_222]
2019-10-18 13:54:12,476 [main] WARN  scm.XceiverClientRatis (XceiverClientRatis.java:watchForCommit(277)) - 3 way commit failed on pipeline Pipeline[ Id: 37e68ed1-a8b0-449f-8dfa-8407c10d568f, Nodes: 70eeaf7e-3c12-423d-bbdb-6f2629d9397d{ip: 192.168.34.61, host: pr-hdds-2280-982rn-3954796538, networkLocation: /default-rack, certSerialId: null}d2333deb-71a5-40db-87e6-3e3e7a789f80{ip: 192.168.34.61, host: pr-hdds-2280-982rn-3954796538, networkLocation: /default-rack, certSerialId: null}93caec60-0fcc-4b2b-9d7f-7eb17bf04289{ip: 192.168.34.61, host: pr-hdds-2280-982rn-3954796538, networkLocation: /default-rack, certSerialId: null}, Type:RATIS, Factor:THREE, State:OPEN]
java.util.concurrent.TimeoutException
	at java.util.concurrent.CompletableFuture.timedGet(CompletableFuture.java:1771)
	at java.util.concurrent.CompletableFuture.get(CompletableFuture.java:1915)
	at org.apache.hadoop.hdds.scm.XceiverClientRatis.watchForCommit(XceiverClientRatis.java:274)
	at org.apache.hadoop.hdds.scm.storage.CommitWatcher.watchForCommit(CommitWatcher.java:198)
	at org.apache.hadoop.hdds.scm.storage.CommitWatcher.watchOnLastIndex(CommitWatcher.java:161)
	at org.apache.hadoop.hdds.scm.storage.BlockOutputStream.watchForCommit(BlockOutputStream.java:346)
	at org.apache.hadoop.hdds.scm.storage.BlockOutputStream.handleFlush(BlockOutputStream.java:482)
	at org.apache.hadoop.hdds.scm.storage.BlockOutputStream.flush(BlockOutputStream.java:431)
	at org.apache.hadoop.ozone.client.io.BlockOutputStreamEntry.flush(BlockOutputStreamEntry.java:136)
	at org.apache.hadoop.ozone.client.io.KeyOutputStream.handleFlushOrClose(KeyOutputStream.java:443)
	at org.apache.hadoop.ozone.client.io.KeyOutputStream.flush(KeyOutputStream.java:397)
	at org.apache.hadoop.ozone.client.io.OzoneOutputStream.flush(OzoneOutputStream.java:54)
	at org.apache.hadoop.ozone.client.rpc.TestBlockOutputStreamWithFailures.testWatchForCommitWithCloseContainerException(TestBlockOutputStreamWithFailures.java:232)
	at sun.reflect.NativeMethodAccessorImpl.invoke0(Native Method)
	at sun.reflect.NativeMethodAccessorImpl.invoke(NativeMethodAccessorImpl.java:62)
	at sun.reflect.DelegatingMethodAccessorImpl.invoke(DelegatingMethodAccessorImpl.java:43)
	at java.lang.reflect.Method.invoke(Method.java:498)
	at org.junit.runners.model.FrameworkMethod$1.runReflectiveCall(FrameworkMethod.java:47)
	at org.junit.internal.runners.model.ReflectiveCallable.run(ReflectiveCallable.java:12)
	at org.junit.runners.model.FrameworkMethod.invokeExplosively(FrameworkMethod.java:44)
	at org.junit.internal.runners.statements.InvokeMethod.evaluate(InvokeMethod.java:17)
	at org.junit.internal.runners.statements.RunBefores.evaluate(RunBefores.java:26)
	at org.junit.internal.runners.statements.RunAfters.evaluate(RunAfters.java:27)
	at org.junit.runners.ParentRunner.runLeaf(ParentRunner.java:271)
	at org.junit.runners.BlockJUnit4ClassRunner.runChild(BlockJUnit4ClassRunner.java:70)
	at org.junit.runners.BlockJUnit4ClassRunner.runChild(BlockJUnit4ClassRunner.java:50)
	at org.junit.runners.ParentRunner$3.run(ParentRunner.java:238)
	at org.junit.runners.ParentRunner$1.schedule(ParentRunner.java:63)
	at org.junit.runners.ParentRunner.runChildren(ParentRunner.java:236)
	at org.junit.runners.ParentRunner.access$000(ParentRunner.java:53)
	at org.junit.runners.ParentRunner$2.evaluate(ParentRunner.java:229)
	at org.junit.runners.ParentRunner.run(ParentRunner.java:309)
	at org.apache.maven.surefire.junit4.JUnit4Provider.execute(JUnit4Provider.java:365)
	at org.apache.maven.surefire.junit4.JUnit4Provider.executeWithRerun(JUnit4Provider.java:273)
	at org.apache.maven.surefire.junit4.JUnit4Provider.executeTestSet(JUnit4Provider.java:238)
	at org.apache.maven.surefire.junit4.JUnit4Provider.invoke(JUnit4Provider.java:159)
	at org.apache.maven.surefire.booter.ForkedBooter.invokeProviderInSameClassLoader(ForkedBooter.java:384)
	at org.apache.maven.surefire.booter.ForkedBooter.runSuitesInProcess(ForkedBooter.java:345)
	at org.apache.maven.surefire.booter.ForkedBooter.execute(ForkedBooter.java:126)
	at org.apache.maven.surefire.booter.ForkedBooter.main(ForkedBooter.java:418)
2019-10-18 13:54:13,477 [main] WARN  storage.CommitWatcher (CommitWatcher.java:watchForCommit(207)) - watchForCommit failed for index 14
java.util.concurrent.TimeoutException
	at java.util.concurrent.CompletableFuture.timedGet(CompletableFuture.java:1771)
	at java.util.concurrent.CompletableFuture.get(CompletableFuture.java:1915)
	at org.apache.hadoop.hdds.scm.XceiverClientRatis.watchForCommit(XceiverClientRatis.java:283)
	at org.apache.hadoop.hdds.scm.storage.CommitWatcher.watchForCommit(CommitWatcher.java:198)
	at org.apache.hadoop.hdds.scm.storage.CommitWatcher.watchOnLastIndex(CommitWatcher.java:161)
	at org.apache.hadoop.hdds.scm.storage.BlockOutputStream.watchForCommit(BlockOutputStream.java:346)
	at org.apache.hadoop.hdds.scm.storage.BlockOutputStream.handleFlush(BlockOutputStream.java:482)
	at org.apache.hadoop.hdds.scm.storage.BlockOutputStream.flush(BlockOutputStream.java:431)
	at org.apache.hadoop.ozone.client.io.BlockOutputStreamEntry.flush(BlockOutputStreamEntry.java:136)
	at org.apache.hadoop.ozone.client.io.KeyOutputStream.handleFlushOrClose(KeyOutputStream.java:443)
	at org.apache.hadoop.ozone.client.io.KeyOutputStream.flush(KeyOutputStream.java:397)
	at org.apache.hadoop.ozone.client.io.OzoneOutputStream.flush(OzoneOutputStream.java:54)
	at org.apache.hadoop.ozone.client.rpc.TestBlockOutputStreamWithFailures.testWatchForCommitWithCloseContainerException(TestBlockOutputStreamWithFailures.java:232)
	at sun.reflect.NativeMethodAccessorImpl.invoke0(Native Method)
	at sun.reflect.NativeMethodAccessorImpl.invoke(NativeMethodAccessorImpl.java:62)
	at sun.reflect.DelegatingMethodAccessorImpl.invoke(DelegatingMethodAccessorImpl.java:43)
	at java.lang.reflect.Method.invoke(Method.java:498)
	at org.junit.runners.model.FrameworkMethod$1.runReflectiveCall(FrameworkMethod.java:47)
	at org.junit.internal.runners.model.ReflectiveCallable.run(ReflectiveCallable.java:12)
	at org.junit.runners.model.FrameworkMethod.invokeExplosively(FrameworkMethod.java:44)
	at org.junit.internal.runners.statements.InvokeMethod.evaluate(InvokeMethod.java:17)
	at org.junit.internal.runners.statements.RunBefores.evaluate(RunBefores.java:26)
	at org.junit.internal.runners.statements.RunAfters.evaluate(RunAfters.java:27)
	at org.junit.runners.ParentRunner.runLeaf(ParentRunner.java:271)
	at org.junit.runners.BlockJUnit4ClassRunner.runChild(BlockJUnit4ClassRunner.java:70)
	at org.junit.runners.BlockJUnit4ClassRunner.runChild(BlockJUnit4ClassRunner.java:50)
	at org.junit.runners.ParentRunner$3.run(ParentRunner.java:238)
	at org.junit.runners.ParentRunner$1.schedule(ParentRunner.java:63)
	at org.junit.runners.ParentRunner.runChildren(ParentRunner.java:236)
	at org.junit.runners.ParentRunner.access$000(ParentRunner.java:53)
	at org.junit.runners.ParentRunner$2.evaluate(ParentRunner.java:229)
	at org.junit.runners.ParentRunner.run(ParentRunner.java:309)
	at org.apache.maven.surefire.junit4.JUnit4Provider.execute(JUnit4Provider.java:365)
	at org.apache.maven.surefire.junit4.JUnit4Provider.executeWithRerun(JUnit4Provider.java:273)
	at org.apache.maven.surefire.junit4.JUnit4Provider.executeTestSet(JUnit4Provider.java:238)
	at org.apache.maven.surefire.junit4.JUnit4Provider.invoke(JUnit4Provider.java:159)
	at org.apache.maven.surefire.booter.ForkedBooter.invokeProviderInSameClassLoader(ForkedBooter.java:384)
	at org.apache.maven.surefire.booter.ForkedBooter.runSuitesInProcess(ForkedBooter.java:345)
	at org.apache.maven.surefire.booter.ForkedBooter.execute(ForkedBooter.java:126)
	at org.apache.maven.surefire.booter.ForkedBooter.main(ForkedBooter.java:418)
2019-10-18 13:54:13,478 [main] WARN  io.KeyOutputStream (KeyOutputStream.java:handleException(274)) - Encountered exception java.io.IOException: Unexpected Storage Container Exception: java.io.IOException: Unexpected Storage Container Exception: java.util.concurrent.TimeoutException on the pipeline Pipeline[ Id: 37e68ed1-a8b0-449f-8dfa-8407c10d568f, Nodes: 70eeaf7e-3c12-423d-bbdb-6f2629d9397d{ip: 192.168.34.61, host: pr-hdds-2280-982rn-3954796538, networkLocation: /default-rack, certSerialId: null}d2333deb-71a5-40db-87e6-3e3e7a789f80{ip: 192.168.34.61, host: pr-hdds-2280-982rn-3954796538, networkLocation: /default-rack, certSerialId: null}93caec60-0fcc-4b2b-9d7f-7eb17bf04289{ip: 192.168.34.61, host: pr-hdds-2280-982rn-3954796538, networkLocation: /default-rack, certSerialId: null}, Type:RATIS, Factor:THREE, State:OPEN]. The last committed block length is 400, uncommitted data length is 50 retry count 0
2019-10-18 13:54:13,799 [main] INFO  ozone.MiniOzoneClusterImpl (MiniOzoneClusterImpl.java:shutdown(314)) - Shutting down the Mini Ozone Cluster
2019-10-18 13:54:13,800 [main] INFO  ozone.MiniOzoneClusterImpl (MiniOzoneClusterImpl.java:stop(330)) - Stopping the Mini Ozone Cluster
2019-10-18 13:54:13,800 [main] INFO  ozone.MiniOzoneClusterImpl (MiniOzoneClusterImpl.java:stopOM(400)) - Stopping the OzoneManager
2019-10-18 13:54:13,800 [main] INFO  ipc.Server (Server.java:stop(3082)) - Stopping server on 44265
2019-10-18 13:54:13,807 [IPC Server listener on 44265] INFO  ipc.Server (Server.java:run(1185)) - Stopping IPC Server listener on 44265
2019-10-18 13:54:13,807 [main] INFO  ratis.OzoneManagerDoubleBuffer (OzoneManagerDoubleBuffer.java:stop(250)) - Stopping OMDoubleBuffer flush thread
2019-10-18 13:54:13,810 [IPC Server Responder] INFO  ipc.Server (Server.java:run(1319)) - Stopping IPC Server Responder
2019-10-18 13:54:13,818 [OMDoubleBufferFlushThread] INFO  ratis.OzoneManagerDoubleBuffer (OzoneManagerDoubleBuffer.java:flushTransactions(193)) - OMDoubleBuffer flush thread OMDoubleBufferFlushThread is interrupted and will exit. OMDoubleBufferFlushThread
2019-10-18 13:54:13,820 [main] INFO  utils.BackgroundService (BackgroundService.java:shutdown(151)) - Shutting down service KeyDeletingService
2019-10-18 13:54:13,828 [main] INFO  handler.ContextHandler (ContextHandler.java:doStop(910)) - Stopped o.e.j.w.WebAppContext@16ac4d3d{/,null,UNAVAILABLE}{/ozoneManager}
2019-10-18 13:54:13,829 [main] INFO  server.AbstractConnector (AbstractConnector.java:doStop(318)) - Stopped ServerConnector@559d19c{HTTP/1.1,[http/1.1]}{0.0.0.0:0}
2019-10-18 13:54:13,829 [main] INFO  handler.ContextHandler (ContextHandler.java:doStop(910)) - Stopped o.e.j.s.ServletContextHandler@388f1258{/static,file:///workdir/hadoop-ozone/integration-test/target/test-classes/webapps/static,UNAVAILABLE}
2019-10-18 13:54:13,829 [main] INFO  handler.ContextHandler (ContextHandler.java:doStop(910)) - Stopped o.e.j.s.ServletContextHandler@3d0352{/logs,file:///workdir/hadoop-ozone/integration-test/target/log,UNAVAILABLE}
2019-10-18 13:54:13,831 [main] INFO  ozone.MiniOzoneClusterImpl (MiniOzoneClusterImpl.java:stopDatanodes(377)) - Stopping the HddsDatanodes
2019-10-18 13:54:14,078 [Datanode State Machine Thread - 0] INFO  statemachine.DatanodeStateMachine (DatanodeStateMachine.java:lambda$startDaemon$0(350)) - Ozone container server started.
2019-10-18 13:54:14,667 [Datanode State Machine Thread - 0] INFO  statemachine.DatanodeStateMachine (DatanodeStateMachine.java:lambda$startDaemon$0(350)) - Ozone container server started.
2019-10-18 13:54:18,115 [EventQueue-StaleNodeForStaleNodeHandler] INFO  node.StaleNodeHandler (StaleNodeHandler.java:onMessage(58)) - Datanode d2333deb-71a5-40db-87e6-3e3e7a789f80{ip: 192.168.34.61, host: pr-hdds-2280-982rn-3954796538, networkLocation: /default-rack, certSerialId: null} moved to stale state. Finalizing its pipelines [PipelineID=37e68ed1-a8b0-449f-8dfa-8407c10d568f, PipelineID=a93fd252-9df6-41af-b515-31e201e3c39b]
2019-10-18 13:54:18,116 [EventQueue-StaleNodeForStaleNodeHandler] INFO  pipeline.SCMPipelineManager (SCMPipelineManager.java:finalizeAndDestroyPipeline(315)) - destroying pipeline:Pipeline[ Id: 37e68ed1-a8b0-449f-8dfa-8407c10d568f, Nodes: 70eeaf7e-3c12-423d-bbdb-6f2629d9397d{ip: 192.168.34.61, host: pr-hdds-2280-982rn-3954796538, networkLocation: /default-rack, certSerialId: null}d2333deb-71a5-40db-87e6-3e3e7a789f80{ip: 192.168.34.61, host: pr-hdds-2280-982rn-3954796538, networkLocation: /default-rack, certSerialId: null}93caec60-0fcc-4b2b-9d7f-7eb17bf04289{ip: 192.168.34.61, host: pr-hdds-2280-982rn-3954796538, networkLocation: /default-rack, certSerialId: null}, Type:RATIS, Factor:THREE, State:OPEN]
2019-10-18 13:54:18,116 [EventQueue-StaleNodeForStaleNodeHandler] INFO  pipeline.PipelineStateManager (PipelineStateManager.java:finalizePipeline(123)) - Pipeline Pipeline[ Id: 37e68ed1-a8b0-449f-8dfa-8407c10d568f, Nodes: 70eeaf7e-3c12-423d-bbdb-6f2629d9397d{ip: 192.168.34.61, host: pr-hdds-2280-982rn-3954796538, networkLocation: /default-rack, certSerialId: null}d2333deb-71a5-40db-87e6-3e3e7a789f80{ip: 192.168.34.61, host: pr-hdds-2280-982rn-3954796538, networkLocation: /default-rack, certSerialId: null}93caec60-0fcc-4b2b-9d7f-7eb17bf04289{ip: 192.168.34.61, host: pr-hdds-2280-982rn-3954796538, networkLocation: /default-rack, certSerialId: null}, Type:RATIS, Factor:THREE, State:CLOSED] moved to CLOSED state
2019-10-18 13:54:18,117 [EventQueue-StaleNodeForStaleNodeHandler] INFO  pipeline.SCMPipelineManager (SCMPipelineManager.java:finalizeAndDestroyPipeline(315)) - destroying pipeline:Pipeline[ Id: a93fd252-9df6-41af-b515-31e201e3c39b, Nodes: d2333deb-71a5-40db-87e6-3e3e7a789f80{ip: 192.168.34.61, host: pr-hdds-2280-982rn-3954796538, networkLocation: /default-rack, certSerialId: null}, Type:RATIS, Factor:ONE, State:OPEN]
2019-10-18 13:54:18,117 [EventQueue-CloseContainerForCloseContainerEventHandler] INFO  container.CloseContainerEventHandler (CloseContainerEventHandler.java:onMessage(61)) - Close container Event triggered for container : #2
2019-10-18 13:54:18,124 [EventQueue-StaleNodeForStaleNodeHandler] INFO  pipeline.PipelineStateManager (PipelineStateManager.java:finalizePipeline(123)) - Pipeline Pipeline[ Id: a93fd252-9df6-41af-b515-31e201e3c39b, Nodes: d2333deb-71a5-40db-87e6-3e3e7a789f80{ip: 192.168.34.61, host: pr-hdds-2280-982rn-3954796538, networkLocation: /default-rack, certSerialId: null}, Type:RATIS, Factor:ONE, State:CLOSED] moved to CLOSED state
2019-10-18 13:54:18,716 [EventQueue-StaleNodeForStaleNodeHandler] INFO  node.StaleNodeHandler (StaleNodeHandler.java:onMessage(58)) - Datanode 0e2ca166-51cd-408c-96b2-af63247b3a52{ip: 192.168.34.61, host: pr-hdds-2280-982rn-3954796538, networkLocation: /default-rack, certSerialId: null} moved to stale state. Finalizing its pipelines [PipelineID=be44ede0-1005-4ea6-9043-1b8221c9843f, PipelineID=86d96d33-5c6d-4a10-8e5f-6fd57c2dfbe6]
2019-10-18 13:54:18,716 [EventQueue-StaleNodeForStaleNodeHandler] INFO  pipeline.SCMPipelineManager (SCMPipelineManager.java:finalizeAndDestroyPipeline(315)) - destroying pipeline:Pipeline[ Id: be44ede0-1005-4ea6-9043-1b8221c9843f, Nodes: fb6f87a4-8408-4a98-9903-4c6215d108ba{ip: 192.168.34.61, host: pr-hdds-2280-982rn-3954796538, networkLocation: /default-rack, certSerialId: null}cbf4fc70-08db-417d-ad43-548bd376729e{ip: 192.168.34.61, host: pr-hdds-2280-982rn-3954796538, networkLocation: /default-rack, certSerialId: null}0e2ca166-51cd-408c-96b2-af63247b3a52{ip: 192.168.34.61, host: pr-hdds-2280-982rn-3954796538, networkLocation: /default-rack, certSerialId: null}, Type:RATIS, Factor:THREE, State:OPEN]
2019-10-18 13:54:18,716 [EventQueue-StaleNodeForStaleNodeHandler] INFO  pipeline.PipelineStateManager (PipelineStateManager.java:finalizePipeline(123)) - Pipeline Pipeline[ Id: be44ede0-1005-4ea6-9043-1b8221c9843f, Nodes: fb6f87a4-8408-4a98-9903-4c6215d108ba{ip: 192.168.34.61, host: pr-hdds-2280-982rn-3954796538, networkLocation: /default-rack, certSerialId: null}cbf4fc70-08db-417d-ad43-548bd376729e{ip: 192.168.34.61, host: pr-hdds-2280-982rn-3954796538, networkLocation: /default-rack, certSerialId: null}0e2ca166-51cd-408c-96b2-af63247b3a52{ip: 192.168.34.61, host: pr-hdds-2280-982rn-3954796538, networkLocation: /default-rack, certSerialId: null}, Type:RATIS, Factor:THREE, State:CLOSED] moved to CLOSED state
2019-10-18 13:54:18,716 [EventQueue-CloseContainerForCloseContainerEventHandler] INFO  container.CloseContainerEventHandler (CloseContainerEventHandler.java:onMessage(61)) - Close container Event triggered for container : #3
2019-10-18 13:54:18,720 [EventQueue-StaleNodeForStaleNodeHandler] INFO  pipeline.SCMPipelineManager (SCMPipelineManager.java:finalizeAndDestroyPipeline(315)) - destroying pipeline:Pipeline[ Id: 86d96d33-5c6d-4a10-8e5f-6fd57c2dfbe6, Nodes: 0e2ca166-51cd-408c-96b2-af63247b3a52{ip: 192.168.34.61, host: pr-hdds-2280-982rn-3954796538, networkLocation: /default-rack, certSerialId: null}, Type:RATIS, Factor:ONE, State:OPEN]
2019-10-18 13:54:18,721 [EventQueue-StaleNodeForStaleNodeHandler] INFO  pipeline.PipelineStateManager (PipelineStateManager.java:finalizePipeline(123)) - Pipeline Pipeline[ Id: 86d96d33-5c6d-4a10-8e5f-6fd57c2dfbe6, Nodes: 0e2ca166-51cd-408c-96b2-af63247b3a52{ip: 192.168.34.61, host: pr-hdds-2280-982rn-3954796538, networkLocation: /default-rack, certSerialId: null}, Type:RATIS, Factor:ONE, State:CLOSED] moved to CLOSED state
2019-10-18 13:54:18,832 [ForkJoinPool.commonPool-worker-1] INFO  ozoneimpl.OzoneContainer (OzoneContainer.java:stop(227)) - Attempting to stop container services.
2019-10-18 13:54:18,832 [main] INFO  ozoneimpl.OzoneContainer (OzoneContainer.java:stop(227)) - Attempting to stop container services.
2019-10-18 13:54:18,833 [ForkJoinPool.commonPool-worker-1] INFO  impl.RaftServerProxy (RaftServerProxy.java:lambda$close$4(314)) - 0e2ca166-51cd-408c-96b2-af63247b3a52: close
2019-10-18 13:54:18,833 [main] INFO  impl.RaftServerProxy (RaftServerProxy.java:lambda$close$4(314)) - d2333deb-71a5-40db-87e6-3e3e7a789f80: close
2019-10-18 13:54:18,834 [ForkJoinPool.commonPool-worker-1] INFO  impl.RaftServerImpl (RaftServerImpl.java:lambda$shutdown$3(247)) - 0e2ca166-51cd-408c-96b2-af63247b3a52@group-1B8221C9843F: shutdown
2019-10-18 13:54:18,834 [main] INFO  impl.RaftServerImpl (RaftServerImpl.java:lambda$shutdown$3(247)) - d2333deb-71a5-40db-87e6-3e3e7a789f80@group-8407C10D568F: shutdown
2019-10-18 13:54:18,834 [ForkJoinPool.commonPool-worker-1] INFO  util.JmxRegister (JmxRegister.java:unregister(73)) - Successfully un-registered JMX Bean with object name Ratis:service=RaftServer,group=group-1B8221C9843F,id=0e2ca166-51cd-408c-96b2-af63247b3a52
2019-10-18 13:54:18,834 [ForkJoinPool.commonPool-worker-1] INFO  impl.RoleInfo (RoleInfo.java:shutdownFollowerState(121)) - 0e2ca166-51cd-408c-96b2-af63247b3a52: shutdown FollowerState
2019-10-18 13:54:18,834 [main] INFO  util.JmxRegister (JmxRegister.java:unregister(73)) - Successfully un-registered JMX Bean with object name Ratis:service=RaftServer,group=group-8407C10D568F,id=d2333deb-71a5-40db-87e6-3e3e7a789f80
2019-10-18 13:54:18,835 [Thread-4162] INFO  impl.FollowerState (FollowerState.java:run(117)) - 0e2ca166-51cd-408c-96b2-af63247b3a52@group-1B8221C9843F-FollowerState was interrupted: java.lang.InterruptedException: sleep interrupted
2019-10-18 13:54:18,834 [ForkJoinPool.commonPool-worker-1] INFO  impl.StateMachineUpdater (StateMachineUpdater.java:stopAndJoin(136)) - 0e2ca166-51cd-408c-96b2-af63247b3a52@group-1B8221C9843F-StateMachineUpdater: set stopIndex = 21
2019-10-18 13:54:18,837 [0e2ca166-51cd-408c-96b2-af63247b3a52@group-1B8221C9843F-StateMachineUpdater] INFO  ratis.ContainerStateMachine (ContainerStateMachine.java:takeSnapshot(294)) - group-1B8221C9843F: Taking a snapshot at:(t:1, i:20) file /workdir/hadoop-ozone/integration-test/target/test-dir/MiniOzoneClusterImpl-74b53c55-a47a-4ba0-940b-ff532fb51615/datanode-1/data/ratis/be44ede0-1005-4ea6-9043-1b8221c9843f/sm/snapshot.1_20
2019-10-18 13:54:18,835 [main] INFO  impl.RoleInfo (RoleInfo.java:shutdownLeaderState(104)) - d2333deb-71a5-40db-87e6-3e3e7a789f80: shutdown LeaderState
2019-10-18 13:54:18,840 [org.apache.ratis.server.impl.LogAppender$AppenderDaemon$$Lambda$523/491808795@20bcf3d] WARN  server.GrpcLogAppender (GrpcLogAppender.java:mayWait(143)) - d2333deb-71a5-40db-87e6-3e3e7a789f80@group-8407C10D568F->93caec60-0fcc-4b2b-9d7f-7eb17bf04289-GrpcLogAppender: Wait interrupted by java.lang.InterruptedException
2019-10-18 13:54:18,840 [main] INFO  impl.PendingRequests (PendingRequests.java:sendNotLeaderResponses(202)) - d2333deb-71a5-40db-87e6-3e3e7a789f80@group-8407C10D568F-PendingRequests: sendNotLeaderResponses
2019-10-18 13:54:18,840 [org.apache.ratis.server.impl.LogAppender$AppenderDaemon$$Lambda$523/491808795@46a84ad6] WARN  server.GrpcLogAppender (GrpcLogAppender.java:mayWait(143)) - d2333deb-71a5-40db-87e6-3e3e7a789f80@group-8407C10D568F->70eeaf7e-3c12-423d-bbdb-6f2629d9397d-GrpcLogAppender: Wait interrupted by java.lang.InterruptedException
2019-10-18 13:54:18,843 [grpc-default-executor-5] INFO  server.GrpcServerProtocolService (GrpcServerProtocolService.java:onCompleted(113)) - 93caec60-0fcc-4b2b-9d7f-7eb17bf04289: Completed APPEND_ENTRIES, lastRequest: d2333deb-71a5-40db-87e6-3e3e7a789f80->93caec60-0fcc-4b2b-9d7f-7eb17bf04289#20-t1, previous=(t:1, i:16), leaderCommit=16, initializing? false, entries: <empty>
2019-10-18 13:54:18,844 [main] INFO  impl.StateMachineUpdater (StateMachineUpdater.java:stopAndJoin(136)) - d2333deb-71a5-40db-87e6-3e3e7a789f80@group-8407C10D568F-StateMachineUpdater: set stopIndex = 16
2019-10-18 13:54:18,844 [d2333deb-71a5-40db-87e6-3e3e7a789f80@group-8407C10D568F-StateMachineUpdater] INFO  ratis.ContainerStateMachine (ContainerStateMachine.java:takeSnapshot(294)) - group-8407C10D568F: Taking a snapshot at:(t:1, i:14) file /workdir/hadoop-ozone/integration-test/target/test-dir/MiniOzoneClusterImpl-74b53c55-a47a-4ba0-940b-ff532fb51615/datanode-4/data/ratis/37e68ed1-a8b0-449f-8dfa-8407c10d568f/sm/snapshot.1_14
2019-10-18 13:54:18,844 [grpc-default-executor-4] INFO  server.GrpcServerProtocolService (GrpcServerProtocolService.java:onCompleted(113)) - 70eeaf7e-3c12-423d-bbdb-6f2629d9397d: Completed APPEND_ENTRIES, lastRequest: d2333deb-71a5-40db-87e6-3e3e7a789f80->70eeaf7e-3c12-423d-bbdb-6f2629d9397d#20-t1, previous=(t:1, i:16), leaderCommit=16, initializing? false, entries: <empty>
2019-10-18 13:54:18,844 [grpc-default-executor-8] INFO  server.GrpcLogAppender (GrpcLogAppender.java:onCompleted(293)) - d2333deb-71a5-40db-87e6-3e3e7a789f80@group-8407C10D568F->93caec60-0fcc-4b2b-9d7f-7eb17bf04289-AppendLogResponseHandler: follower responses appendEntries COMPLETED
2019-10-18 13:54:18,844 [grpc-default-executor-4] INFO  server.GrpcLogAppender (GrpcLogAppender.java:onCompleted(293)) - d2333deb-71a5-40db-87e6-3e3e7a789f80@group-8407C10D568F->70eeaf7e-3c12-423d-bbdb-6f2629d9397d-AppendLogResponseHandler: follower responses appendEntries COMPLETED
2019-10-18 13:54:18,845 [grpc-default-executor-8] INFO  impl.FollowerInfo (FollowerInfo.java:lambda$new$0(51)) - d2333deb-71a5-40db-87e6-3e3e7a789f80@group-8407C10D568F->93caec60-0fcc-4b2b-9d7f-7eb17bf04289: nextIndex: updateUnconditionally 17 -> 16
2019-10-18 13:54:18,845 [grpc-default-executor-4] INFO  impl.FollowerInfo (FollowerInfo.java:lambda$new$0(51)) - d2333deb-71a5-40db-87e6-3e3e7a789f80@group-8407C10D568F->70eeaf7e-3c12-423d-bbdb-6f2629d9397d: nextIndex: updateUnconditionally 17 -> 16
2019-10-18 13:54:18,858 [0e2ca166-51cd-408c-96b2-af63247b3a52@group-1B8221C9843F-StateMachineUpdater] INFO  ratis.ContainerStateMachine (ContainerStateMachine.java:takeSnapshot(305)) - group-1B8221C9843F: Finished taking a snapshot at:(t:1, i:20) file:/workdir/hadoop-ozone/integration-test/target/test-dir/MiniOzoneClusterImpl-74b53c55-a47a-4ba0-940b-ff532fb51615/datanode-1/data/ratis/be44ede0-1005-4ea6-9043-1b8221c9843f/sm/snapshot.1_20 time:24
2019-10-18 13:54:18,859 [0e2ca166-51cd-408c-96b2-af63247b3a52@group-1B8221C9843F-StateMachineUpdater] INFO  impl.StateMachineUpdater (StateMachineUpdater.java:takeSnapshot(269)) - 0e2ca166-51cd-408c-96b2-af63247b3a52@group-1B8221C9843F-StateMachineUpdater: Took a snapshot at index 20
2019-10-18 13:54:18,859 [0e2ca166-51cd-408c-96b2-af63247b3a52@group-1B8221C9843F-StateMachineUpdater] INFO  impl.StateMachineUpdater (StateMachineUpdater.java:lambda$new$0(84)) - 0e2ca166-51cd-408c-96b2-af63247b3a52@group-1B8221C9843F-StateMachineUpdater: snapshotIndex: updateIncreasingly -1 -> 20
2019-10-18 13:54:18,859 [0e2ca166-51cd-408c-96b2-af63247b3a52@group-1B8221C9843F-StateMachineUpdater] INFO  ratis.ContainerStateMachine (ContainerStateMachine.java:takeSnapshot(294)) - group-1B8221C9843F: Taking a snapshot at:(t:1, i:20) file /workdir/hadoop-ozone/integration-test/target/test-dir/MiniOzoneClusterImpl-74b53c55-a47a-4ba0-940b-ff532fb51615/datanode-1/data/ratis/be44ede0-1005-4ea6-9043-1b8221c9843f/sm/snapshot.1_20
2019-10-18 13:54:18,875 [d2333deb-71a5-40db-87e6-3e3e7a789f80@group-8407C10D568F-StateMachineUpdater] INFO  ratis.ContainerStateMachine (ContainerStateMachine.java:takeSnapshot(305)) - group-8407C10D568F: Finished taking a snapshot at:(t:1, i:14) file:/workdir/hadoop-ozone/integration-test/target/test-dir/MiniOzoneClusterImpl-74b53c55-a47a-4ba0-940b-ff532fb51615/datanode-4/data/ratis/37e68ed1-a8b0-449f-8dfa-8407c10d568f/sm/snapshot.1_14 time:32
2019-10-18 13:54:18,875 [d2333deb-71a5-40db-87e6-3e3e7a789f80@group-8407C10D568F-StateMachineUpdater] INFO  impl.StateMachineUpdater (StateMachineUpdater.java:takeSnapshot(269)) - d2333deb-71a5-40db-87e6-3e3e7a789f80@group-8407C10D568F-StateMachineUpdater: Took a snapshot at index 14
2019-10-18 13:54:18,876 [d2333deb-71a5-40db-87e6-3e3e7a789f80@group-8407C10D568F-StateMachineUpdater] INFO  impl.StateMachineUpdater (StateMachineUpdater.java:lambda$new$0(84)) - d2333deb-71a5-40db-87e6-3e3e7a789f80@group-8407C10D568F-StateMachineUpdater: snapshotIndex: updateIncreasingly -1 -> 14
2019-10-18 13:54:18,876 [d2333deb-71a5-40db-87e6-3e3e7a789f80@group-8407C10D568F-StateMachineUpdater] INFO  ratis.ContainerStateMachine (ContainerStateMachine.java:takeSnapshot(294)) - group-8407C10D568F: Taking a snapshot at:(t:1, i:14) file /workdir/hadoop-ozone/integration-test/target/test-dir/MiniOzoneClusterImpl-74b53c55-a47a-4ba0-940b-ff532fb51615/datanode-4/data/ratis/37e68ed1-a8b0-449f-8dfa-8407c10d568f/sm/snapshot.1_14
2019-10-18 13:54:18,892 [d2333deb-71a5-40db-87e6-3e3e7a789f80@group-8407C10D568F-StateMachineUpdater] INFO  ratis.ContainerStateMachine (ContainerStateMachine.java:takeSnapshot(305)) - group-8407C10D568F: Finished taking a snapshot at:(t:1, i:14) file:/workdir/hadoop-ozone/integration-test/target/test-dir/MiniOzoneClusterImpl-74b53c55-a47a-4ba0-940b-ff532fb51615/datanode-4/data/ratis/37e68ed1-a8b0-449f-8dfa-8407c10d568f/sm/snapshot.1_14 time:17
2019-10-18 13:54:18,892 [0e2ca166-51cd-408c-96b2-af63247b3a52@group-1B8221C9843F-StateMachineUpdater] INFO  ratis.ContainerStateMachine (ContainerStateMachine.java:takeSnapshot(305)) - group-1B8221C9843F: Finished taking a snapshot at:(t:1, i:20) file:/workdir/hadoop-ozone/integration-test/target/test-dir/MiniOzoneClusterImpl-74b53c55-a47a-4ba0-940b-ff532fb51615/datanode-1/data/ratis/be44ede0-1005-4ea6-9043-1b8221c9843f/sm/snapshot.1_20 time:33
2019-10-18 13:54:18,893 [d2333deb-71a5-40db-87e6-3e3e7a789f80@group-8407C10D568F-StateMachineUpdater] INFO  impl.StateMachineUpdater (StateMachineUpdater.java:takeSnapshot(269)) - d2333deb-71a5-40db-87e6-3e3e7a789f80@group-8407C10D568F-StateMachineUpdater: Took a snapshot at index 14
2019-10-18 13:54:18,893 [0e2ca166-51cd-408c-96b2-af63247b3a52@group-1B8221C9843F-StateMachineUpdater] INFO  impl.StateMachineUpdater (StateMachineUpdater.java:takeSnapshot(269)) - 0e2ca166-51cd-408c-96b2-af63247b3a52@group-1B8221C9843F-StateMachineUpdater: Took a snapshot at index 20
2019-10-18 13:54:18,893 [d2333deb-71a5-40db-87e6-3e3e7a789f80@group-8407C10D568F-StateMachineUpdater] INFO  impl.StateMachineUpdater (StateMachineUpdater.java:lambda$new$0(84)) - d2333deb-71a5-40db-87e6-3e3e7a789f80@group-8407C10D568F-StateMachineUpdater: snapshotIndex: updateIncreasingly 14 -> 14
2019-10-18 13:54:18,893 [0e2ca166-51cd-408c-96b2-af63247b3a52@group-1B8221C9843F-StateMachineUpdater] INFO  impl.StateMachineUpdater (StateMachineUpdater.java:lambda$new$0(84)) - 0e2ca166-51cd-408c-96b2-af63247b3a52@group-1B8221C9843F-StateMachineUpdater: snapshotIndex: updateIncreasingly 20 -> 20
2019-10-18 13:54:18,893 [main] INFO  impl.RaftServerImpl (ServerState.java:close(387)) - d2333deb-71a5-40db-87e6-3e3e7a789f80@group-8407C10D568F: closes. applyIndex: 16
2019-10-18 13:54:18,893 [ForkJoinPool.commonPool-worker-1] INFO  impl.RaftServerImpl (ServerState.java:close(387)) - 0e2ca166-51cd-408c-96b2-af63247b3a52@group-1B8221C9843F: closes. applyIndex: 21
2019-10-18 13:54:18,894 [d2333deb-71a5-40db-87e6-3e3e7a789f80@group-8407C10D568F-SegmentedRaftLogWorker] INFO  segmented.SegmentedRaftLogWorker (SegmentedRaftLogWorker.java:run(316)) - d2333deb-71a5-40db-87e6-3e3e7a789f80@group-8407C10D568F-SegmentedRaftLogWorker was interrupted, exiting. There are 0 tasks remaining in the queue.
2019-10-18 13:54:18,894 [0e2ca166-51cd-408c-96b2-af63247b3a52@group-1B8221C9843F-SegmentedRaftLogWorker] INFO  segmented.SegmentedRaftLogWorker (SegmentedRaftLogWorker.java:run(316)) - 0e2ca166-51cd-408c-96b2-af63247b3a52@group-1B8221C9843F-SegmentedRaftLogWorker was interrupted, exiting. There are 0 tasks remaining in the queue.
2019-10-18 13:54:18,897 [ForkJoinPool.commonPool-worker-1] INFO  segmented.SegmentedRaftLogWorker (SegmentedRaftLogWorker.java:close(224)) - 0e2ca166-51cd-408c-96b2-af63247b3a52@group-1B8221C9843F-SegmentedRaftLogWorker close()
2019-10-18 13:54:18,897 [main] INFO  segmented.SegmentedRaftLogWorker (SegmentedRaftLogWorker.java:close(224)) - d2333deb-71a5-40db-87e6-3e3e7a789f80@group-8407C10D568F-SegmentedRaftLogWorker close()
2019-10-18 13:54:18,900 [ForkJoinPool.commonPool-worker-1] INFO  impl.RaftServerImpl (RaftServerImpl.java:lambda$shutdown$3(247)) - 0e2ca166-51cd-408c-96b2-af63247b3a52@group-6FD57C2DFBE6: shutdown
2019-10-18 13:54:18,902 [main] INFO  impl.RaftServerImpl (RaftServerImpl.java:lambda$shutdown$3(247)) - d2333deb-71a5-40db-87e6-3e3e7a789f80@group-31E201E3C39B: shutdown
2019-10-18 13:54:18,902 [ForkJoinPool.commonPool-worker-1] INFO  util.JmxRegister (JmxRegister.java:unregister(73)) - Successfully un-registered JMX Bean with object name Ratis:service=RaftServer,group=group-6FD57C2DFBE6,id=0e2ca166-51cd-408c-96b2-af63247b3a52
2019-10-18 13:54:18,903 [main] INFO  util.JmxRegister (JmxRegister.java:unregister(73)) - Successfully un-registered JMX Bean with object name Ratis:service=RaftServer,group=group-31E201E3C39B,id=d2333deb-71a5-40db-87e6-3e3e7a789f80
2019-10-18 13:54:18,903 [ForkJoinPool.commonPool-worker-1] INFO  impl.RoleInfo (RoleInfo.java:shutdownLeaderState(104)) - 0e2ca166-51cd-408c-96b2-af63247b3a52: shutdown LeaderState
2019-10-18 13:54:18,903 [main] INFO  impl.RoleInfo (RoleInfo.java:shutdownLeaderState(104)) - d2333deb-71a5-40db-87e6-3e3e7a789f80: shutdown LeaderState
2019-10-18 13:54:18,903 [ForkJoinPool.commonPool-worker-1] INFO  impl.PendingRequests (PendingRequests.java:sendNotLeaderResponses(202)) - 0e2ca166-51cd-408c-96b2-af63247b3a52@group-6FD57C2DFBE6-PendingRequests: sendNotLeaderResponses
2019-10-18 13:54:18,903 [main] INFO  impl.PendingRequests (PendingRequests.java:sendNotLeaderResponses(202)) - d2333deb-71a5-40db-87e6-3e3e7a789f80@group-31E201E3C39B-PendingRequests: sendNotLeaderResponses
2019-10-18 13:54:18,904 [ForkJoinPool.commonPool-worker-1] INFO  impl.StateMachineUpdater (StateMachineUpdater.java:stopAndJoin(136)) - 0e2ca166-51cd-408c-96b2-af63247b3a52@group-6FD57C2DFBE6-StateMachineUpdater: set stopIndex = 0
2019-10-18 13:54:18,904 [main] INFO  impl.StateMachineUpdater (StateMachineUpdater.java:stopAndJoin(136)) - d2333deb-71a5-40db-87e6-3e3e7a789f80@group-31E201E3C39B-StateMachineUpdater: set stopIndex = 0
2019-10-18 13:54:18,904 [ForkJoinPool.commonPool-worker-1] INFO  impl.RaftServerImpl (ServerState.java:close(387)) - 0e2ca166-51cd-408c-96b2-af63247b3a52@group-6FD57C2DFBE6: closes. applyIndex: 0
2019-10-18 13:54:18,904 [main] INFO  impl.RaftServerImpl (ServerState.java:close(387)) - d2333deb-71a5-40db-87e6-3e3e7a789f80@group-31E201E3C39B: closes. applyIndex: 0
2019-10-18 13:54:18,904 [0e2ca166-51cd-408c-96b2-af63247b3a52@group-6FD57C2DFBE6-SegmentedRaftLogWorker] INFO  segmented.SegmentedRaftLogWorker (SegmentedRaftLogWorker.java:run(316)) - 0e2ca166-51cd-408c-96b2-af63247b3a52@group-6FD57C2DFBE6-SegmentedRaftLogWorker was interrupted, exiting. There are 0 tasks remaining in the queue.
2019-10-18 13:54:18,905 [d2333deb-71a5-40db-87e6-3e3e7a789f80@group-31E201E3C39B-SegmentedRaftLogWorker] INFO  segmented.SegmentedRaftLogWorker (SegmentedRaftLogWorker.java:run(316)) - d2333deb-71a5-40db-87e6-3e3e7a789f80@group-31E201E3C39B-SegmentedRaftLogWorker was interrupted, exiting. There are 0 tasks remaining in the queue.
2019-10-18 13:54:18,906 [ForkJoinPool.commonPool-worker-1] INFO  segmented.SegmentedRaftLogWorker (SegmentedRaftLogWorker.java:close(224)) - 0e2ca166-51cd-408c-96b2-af63247b3a52@group-6FD57C2DFBE6-SegmentedRaftLogWorker close()
2019-10-18 13:54:18,907 [main] INFO  segmented.SegmentedRaftLogWorker (SegmentedRaftLogWorker.java:close(224)) - d2333deb-71a5-40db-87e6-3e3e7a789f80@group-31E201E3C39B-SegmentedRaftLogWorker close()
2019-10-18 13:54:18,910 [ForkJoinPool.commonPool-worker-1] INFO  server.GrpcService (GrpcService.java:closeImpl(164)) - 0e2ca166-51cd-408c-96b2-af63247b3a52: shutdown server with port 45435 now
2019-10-18 13:54:18,912 [main] INFO  server.GrpcService (GrpcService.java:closeImpl(164)) - d2333deb-71a5-40db-87e6-3e3e7a789f80: shutdown server with port 36163 now
2019-10-18 13:54:18,913 [grpc-default-executor-8] WARN  client.GrpcClientProtocolService (LogUtils.java:warn(134)) - 1-UnorderedRequestStreamObserver1: onError: org.apache.ratis.thirdparty.io.grpc.StatusRuntimeException: CANCELLED: cancelled before receiving half close
2019-10-18 13:54:18,913 [main] INFO  server.GrpcService (GrpcService.java:closeImpl(172)) - d2333deb-71a5-40db-87e6-3e3e7a789f80: shutdown server with port 36163 successfully
2019-10-18 13:54:18,913 [ForkJoinPool.commonPool-worker-1] INFO  server.GrpcService (GrpcService.java:closeImpl(172)) - 0e2ca166-51cd-408c-96b2-af63247b3a52: shutdown server with port 45435 successfully
2019-10-18 13:54:18,914 [grpc-default-executor-5] WARN  server.GrpcServerProtocolService (LogUtils.java:warn(134)) - 0e2ca166-51cd-408c-96b2-af63247b3a52: installSnapshot onError, lastRequest: fb6f87a4-8408-4a98-9903-4c6215d108ba->0e2ca166-51cd-408c-96b2-af63247b3a52#25-t1, previous=(t:1, i:21), leaderCommit=21, initializing? false, entries: <empty>: org.apache.ratis.thirdparty.io.grpc.StatusRuntimeException: CANCELLED: cancelled before receiving half close
2019-10-18 13:54:18,914 [grpc-default-executor-9] WARN  server.GrpcLogAppender (LogUtils.java:warn(134)) - fb6f87a4-8408-4a98-9903-4c6215d108ba@group-1B8221C9843F->0e2ca166-51cd-408c-96b2-af63247b3a52-AppendLogResponseHandler: Failed appendEntries: org.apache.ratis.thirdparty.io.grpc.StatusRuntimeException: CANCELLED: HTTP/2 error code: CANCEL
Received Rst Stream
2019-10-18 13:54:18,914 [grpc-default-executor-9] INFO  impl.FollowerInfo (FollowerInfo.java:lambda$new$0(51)) - fb6f87a4-8408-4a98-9903-4c6215d108ba@group-1B8221C9843F->0e2ca166-51cd-408c-96b2-af63247b3a52: nextIndex: updateUnconditionally 22 -> 21
2019-10-18 13:54:18,919 [refreshUsed-/workdir/hadoop-ozone/integration-test/target/test-dir/MiniOzoneClusterImpl-74b53c55-a47a-4ba0-940b-ff532fb51615/datanode-4/data/containers] WARN  fs.CachingGetSpaceUsed (CachingGetSpaceUsed.java:run(183)) - Thread Interrupted waiting to refresh disk information: sleep interrupted
2019-10-18 13:54:18,921 [refreshUsed-/workdir/hadoop-ozone/integration-test/target/test-dir/MiniOzoneClusterImpl-74b53c55-a47a-4ba0-940b-ff532fb51615/datanode-1/data/containers] WARN  fs.CachingGetSpaceUsed (CachingGetSpaceUsed.java:run(183)) - Thread Interrupted waiting to refresh disk information: sleep interrupted
2019-10-18 13:54:18,939 [ForkJoinPool.commonPool-worker-1] INFO  utils.BackgroundService (BackgroundService.java:shutdown(151)) - Shutting down service BlockDeletingService
2019-10-18 13:54:18,945 [ForkJoinPool.commonPool-worker-1] INFO  statemachine.DatanodeStateMachine (DatanodeStateMachine.java:stopDaemon(395)) - Ozone container server stopped.
2019-10-18 13:54:18,951 [ForkJoinPool.commonPool-worker-1] INFO  handler.ContextHandler (ContextHandler.java:doStop(910)) - Stopped o.e.j.w.WebAppContext@4cd7d5e1{/,null,UNAVAILABLE}{/hddsDatanode}
2019-10-18 13:54:18,952 [ForkJoinPool.commonPool-worker-1] INFO  server.AbstractConnector (AbstractConnector.java:doStop(318)) - Stopped ServerConnector@2ae3235e{HTTP/1.1,[http/1.1]}{0.0.0.0:0}
2019-10-18 13:54:18,952 [main] INFO  utils.BackgroundService (BackgroundService.java:shutdown(151)) - Shutting down service BlockDeletingService
2019-10-18 13:54:18,954 [ForkJoinPool.commonPool-worker-1] INFO  handler.ContextHandler (ContextHandler.java:doStop(910)) - Stopped o.e.j.s.ServletContextHandler@184751f3{/static,jar:file:/home/user/.m2/repository/org/apache/hadoop/hadoop-hdds-container-service/0.5.0-SNAPSHOT/hadoop-hdds-container-service-0.5.0-SNAPSHOT.jar!/webapps/static,UNAVAILABLE}
2019-10-18 13:54:18,956 [ForkJoinPool.commonPool-worker-1] INFO  handler.ContextHandler (ContextHandler.java:doStop(910)) - Stopped o.e.j.s.ServletContextHandler@3375b118{/logs,file:///workdir/hadoop-ozone/integration-test/target/log,UNAVAILABLE}
2019-10-18 13:54:18,961 [main] INFO  statemachine.DatanodeStateMachine (DatanodeStateMachine.java:stopDaemon(395)) - Ozone container server stopped.
2019-10-18 13:54:18,964 [main] INFO  handler.ContextHandler (ContextHandler.java:doStop(910)) - Stopped o.e.j.w.WebAppContext@d1c5cf2{/,null,UNAVAILABLE}{/hddsDatanode}
2019-10-18 13:54:18,965 [main] INFO  server.AbstractConnector (AbstractConnector.java:doStop(318)) - Stopped ServerConnector@7e0986c9{HTTP/1.1,[http/1.1]}{0.0.0.0:0}
2019-10-18 13:54:18,966 [main] INFO  handler.ContextHandler (ContextHandler.java:doStop(910)) - Stopped o.e.j.s.ServletContextHandler@6f3b13d0{/static,jar:file:/home/user/.m2/repository/org/apache/hadoop/hadoop-hdds-container-service/0.5.0-SNAPSHOT/hadoop-hdds-container-service-0.5.0-SNAPSHOT.jar!/webapps/static,UNAVAILABLE}
2019-10-18 13:54:18,966 [main] INFO  handler.ContextHandler (ContextHandler.java:doStop(910)) - Stopped o.e.j.s.ServletContextHandler@27896d3b{/logs,file:///workdir/hadoop-ozone/integration-test/target/log,UNAVAILABLE}
2019-10-18 13:54:19,080 [Datanode State Machine Thread - 0] INFO  statemachine.DatanodeStateMachine (DatanodeStateMachine.java:lambda$startDaemon$0(350)) - Ozone container server started.
2019-10-18 13:54:19,667 [Datanode State Machine Thread - 0] INFO  statemachine.DatanodeStateMachine (DatanodeStateMachine.java:lambda$startDaemon$0(350)) - Ozone container server started.
2019-10-18 13:54:21,223 [grpc-default-executor-9] WARN  server.GrpcLogAppender (LogUtils.java:warn(134)) - fb6f87a4-8408-4a98-9903-4c6215d108ba@group-1B8221C9843F->0e2ca166-51cd-408c-96b2-af63247b3a52-AppendLogResponseHandler: Failed appendEntries: org.apache.ratis.thirdparty.io.grpc.StatusRuntimeException: UNAVAILABLE: io exception
2019-10-18 13:54:21,224 [grpc-default-executor-9] INFO  impl.FollowerInfo (FollowerInfo.java:lambda$new$0(51)) - fb6f87a4-8408-4a98-9903-4c6215d108ba@group-1B8221C9843F->0e2ca166-51cd-408c-96b2-af63247b3a52: nextIndex: updateUnconditionally 21 -> 20
2019-10-18 13:54:22,618 [Thread-4166] INFO  impl.FollowerState (FollowerState.java:run(108)) - 93caec60-0fcc-4b2b-9d7f-7eb17bf04289@group-8407C10D568F-FollowerState: change to CANDIDATE, lastRpcTime:6128ms, electionTimeout:5027ms
2019-10-18 13:54:22,618 [Thread-4166] INFO  impl.RoleInfo (RoleInfo.java:shutdownFollowerState(121)) - 93caec60-0fcc-4b2b-9d7f-7eb17bf04289: shutdown FollowerState
2019-10-18 13:54:22,618 [Thread-4166] INFO  impl.RaftServerImpl (RaftServerImpl.java:setRole(170)) - 93caec60-0fcc-4b2b-9d7f-7eb17bf04289@group-8407C10D568F: changes role from  FOLLOWER to CANDIDATE at term 1 for changeToCandidate
2019-10-18 13:54:22,619 [Thread-4166] INFO  impl.RoleInfo (RoleInfo.java:updateAndGet(143)) - 93caec60-0fcc-4b2b-9d7f-7eb17bf04289: start LeaderElection
2019-10-18 13:54:22,621 [93caec60-0fcc-4b2b-9d7f-7eb17bf04289@group-8407C10D568F-LeaderElection103] INFO  impl.RaftServerImpl (ServerState.java:setLeader(255)) - 93caec60-0fcc-4b2b-9d7f-7eb17bf04289@group-8407C10D568F: change Leader from d2333deb-71a5-40db-87e6-3e3e7a789f80 to null at term 1 for initElection
2019-10-18 13:54:22,647 [93caec60-0fcc-4b2b-9d7f-7eb17bf04289@group-8407C10D568F-LeaderElection103] INFO  impl.LeaderElection (LeaderElection.java:askForVotes(178)) - 93caec60-0fcc-4b2b-9d7f-7eb17bf04289@group-8407C10D568F-LeaderElection103: begin an election at term 2 for 0: [93caec60-0fcc-4b2b-9d7f-7eb17bf04289:192.168.34.61:37339, d2333deb-71a5-40db-87e6-3e3e7a789f80:192.168.34.61:36163, 70eeaf7e-3c12-423d-bbdb-6f2629d9397d:192.168.34.61:34725], old=null
2019-10-18 13:54:22,650 [93caec60-0fcc-4b2b-9d7f-7eb17bf04289@group-8407C10D568F-LeaderElection103] INFO  impl.LeaderElection (LogUtils.java:infoOrTrace(149)) - 93caec60-0fcc-4b2b-9d7f-7eb17bf04289@group-8407C10D568F-LeaderElection103 got exception when requesting votes: {}
java.util.concurrent.ExecutionException: org.apache.ratis.thirdparty.io.grpc.StatusRuntimeException: UNAVAILABLE: io exception
	at java.util.concurrent.FutureTask.report(FutureTask.java:122)
	at java.util.concurrent.FutureTask.get(FutureTask.java:192)
	at org.apache.ratis.server.impl.LeaderElection.waitForResults(LeaderElection.java:259)
	at org.apache.ratis.server.impl.LeaderElection.askForVotes(LeaderElection.java:197)
	at org.apache.ratis.server.impl.LeaderElection.run(LeaderElection.java:133)
	at java.lang.Thread.run(Thread.java:748)
Caused by: org.apache.ratis.thirdparty.io.grpc.StatusRuntimeException: UNAVAILABLE: io exception
	at org.apache.ratis.thirdparty.io.grpc.stub.ClientCalls.toStatusRuntimeException(ClientCalls.java:233)
	at org.apache.ratis.thirdparty.io.grpc.stub.ClientCalls.getUnchecked(ClientCalls.java:214)
	at org.apache.ratis.thirdparty.io.grpc.stub.ClientCalls.blockingUnaryCall(ClientCalls.java:139)
	at org.apache.ratis.proto.grpc.RaftServerProtocolServiceGrpc$RaftServerProtocolServiceBlockingStub.requestVote(RaftServerProtocolServiceGrpc.java:265)
	at org.apache.ratis.grpc.server.GrpcServerProtocolClient.requestVote(GrpcServerProtocolClient.java:99)
	at org.apache.ratis.grpc.server.GrpcService.requestVote(GrpcService.java:204)
	at org.apache.ratis.server.impl.LeaderElection.lambda$submitRequests$1(LeaderElection.java:234)
	at java.util.concurrent.FutureTask.run(FutureTask.java:266)
	at java.util.concurrent.Executors$RunnableAdapter.call(Executors.java:511)
	at java.util.concurrent.FutureTask.run(FutureTask.java:266)
	at java.util.concurrent.ThreadPoolExecutor.runWorker(ThreadPoolExecutor.java:1149)
	at java.util.concurrent.ThreadPoolExecutor$Worker.run(ThreadPoolExecutor.java:624)
	... 1 more
Caused by: org.apache.ratis.thirdparty.io.netty.channel.AbstractChannel$AnnotatedConnectException: Connection refused: /192.168.34.61:36163
	at sun.nio.ch.SocketChannelImpl.checkConnect(Native Method)
	at sun.nio.ch.SocketChannelImpl.finishConnect(SocketChannelImpl.java:717)
	at org.apache.ratis.thirdparty.io.netty.channel.socket.nio.NioSocketChannel.doFinishConnect(NioSocketChannel.java:327)
	at org.apache.ratis.thirdparty.io.netty.channel.nio.AbstractNioChannel$AbstractNioUnsafe.finishConnect(AbstractNioChannel.java:340)
	at org.apache.ratis.thirdparty.io.netty.channel.nio.NioEventLoop.processSelectedKey(NioEventLoop.java:632)
	at org.apache.ratis.thirdparty.io.netty.channel.nio.NioEventLoop.processSelectedKeysOptimized(NioEventLoop.java:579)
	at org.apache.ratis.thirdparty.io.netty.channel.nio.NioEventLoop.processSelectedKeys(NioEventLoop.java:496)
	at org.apache.ratis.thirdparty.io.netty.channel.nio.NioEventLoop.run(NioEventLoop.java:458)
	at org.apache.ratis.thirdparty.io.netty.util.concurrent.SingleThreadEventExecutor$5.run(SingleThreadEventExecutor.java:897)
	at org.apache.ratis.thirdparty.io.netty.util.concurrent.FastThreadLocalRunnable.run(FastThreadLocalRunnable.java:30)
	... 1 more
Caused by: java.net.ConnectException: Connection refused
	... 11 more
2019-10-18 13:54:22,656 [grpc-default-executor-9] INFO  impl.RaftServerImpl (ServerState.java:setLeader(255)) - 70eeaf7e-3c12-423d-bbdb-6f2629d9397d@group-8407C10D568F: change Leader from d2333deb-71a5-40db-87e6-3e3e7a789f80 to null at term 2 for updateCurrentTerm
2019-10-18 13:54:22,657 [grpc-default-executor-9] INFO  impl.RaftServerImpl (RaftServerImpl.java:setRole(170)) - 70eeaf7e-3c12-423d-bbdb-6f2629d9397d@group-8407C10D568F: changes role from  FOLLOWER to FOLLOWER at term 2 for recognizeCandidate:93caec60-0fcc-4b2b-9d7f-7eb17bf04289
2019-10-18 13:54:22,657 [grpc-default-executor-9] INFO  impl.RoleInfo (RoleInfo.java:shutdownFollowerState(121)) - 70eeaf7e-3c12-423d-bbdb-6f2629d9397d: shutdown FollowerState
2019-10-18 13:54:22,657 [grpc-default-executor-9] INFO  impl.RoleInfo (RoleInfo.java:updateAndGet(143)) - 70eeaf7e-3c12-423d-bbdb-6f2629d9397d: start FollowerState
2019-10-18 13:54:22,657 [Thread-4167] INFO  impl.FollowerState (FollowerState.java:run(117)) - 70eeaf7e-3c12-423d-bbdb-6f2629d9397d@group-8407C10D568F-FollowerState was interrupted: java.lang.InterruptedException: sleep interrupted
2019-10-18 13:54:22,682 [93caec60-0fcc-4b2b-9d7f-7eb17bf04289@group-8407C10D568F-LeaderElection103] INFO  impl.LeaderElection (LeaderElection.java:logAndReturn(56)) - 93caec60-0fcc-4b2b-9d7f-7eb17bf04289@group-8407C10D568F-LeaderElection103: Election PASSED; received 1 response(s) [93caec60-0fcc-4b2b-9d7f-7eb17bf04289<-70eeaf7e-3c12-423d-bbdb-6f2629d9397d#0:OK-t2] and 1 exception(s); 93caec60-0fcc-4b2b-9d7f-7eb17bf04289@group-8407C10D568F:t2, leader=null, voted=93caec60-0fcc-4b2b-9d7f-7eb17bf04289, raftlog=93caec60-0fcc-4b2b-9d7f-7eb17bf04289@group-8407C10D568F-SegmentedRaftLog:OPENED:c16,f16,i16, conf=0: [93caec60-0fcc-4b2b-9d7f-7eb17bf04289:192.168.34.61:37339, d2333deb-71a5-40db-87e6-3e3e7a789f80:192.168.34.61:36163, 70eeaf7e-3c12-423d-bbdb-6f2629d9397d:192.168.34.61:34725], old=null
2019-10-18 13:54:22,682 [93caec60-0fcc-4b2b-9d7f-7eb17bf04289@group-8407C10D568F-LeaderElection103] INFO  impl.LeaderElection (LogUtils.java:infoOrTrace(149)) -   Exception 0: {}
java.util.concurrent.ExecutionException: org.apache.ratis.thirdparty.io.grpc.StatusRuntimeException: UNAVAILABLE: io exception
	at java.util.concurrent.FutureTask.report(FutureTask.java:122)
	at java.util.concurrent.FutureTask.get(FutureTask.java:192)
	at org.apache.ratis.server.impl.LeaderElection.waitForResults(LeaderElection.java:259)
	at org.apache.ratis.server.impl.LeaderElection.askForVotes(LeaderElection.java:197)
	at org.apache.ratis.server.impl.LeaderElection.run(LeaderElection.java:133)
	at java.lang.Thread.run(Thread.java:748)
Caused by: org.apache.ratis.thirdparty.io.grpc.StatusRuntimeException: UNAVAILABLE: io exception
	at org.apache.ratis.thirdparty.io.grpc.stub.ClientCalls.toStatusRuntimeException(ClientCalls.java:233)
	at org.apache.ratis.thirdparty.io.grpc.stub.ClientCalls.getUnchecked(ClientCalls.java:214)
	at org.apache.ratis.thirdparty.io.grpc.stub.ClientCalls.blockingUnaryCall(ClientCalls.java:139)
	at org.apache.ratis.proto.grpc.RaftServerProtocolServiceGrpc$RaftServerProtocolServiceBlockingStub.requestVote(RaftServerProtocolServiceGrpc.java:265)
	at org.apache.ratis.grpc.server.GrpcServerProtocolClient.requestVote(GrpcServerProtocolClient.java:99)
	at org.apache.ratis.grpc.server.GrpcService.requestVote(GrpcService.java:204)
	at org.apache.ratis.server.impl.LeaderElection.lambda$submitRequests$1(LeaderElection.java:234)
	at java.util.concurrent.FutureTask.run(FutureTask.java:266)
	at java.util.concurrent.Executors$RunnableAdapter.call(Executors.java:511)
	at java.util.concurrent.FutureTask.run(FutureTask.java:266)
	at java.util.concurrent.ThreadPoolExecutor.runWorker(ThreadPoolExecutor.java:1149)
	at java.util.concurrent.ThreadPoolExecutor$Worker.run(ThreadPoolExecutor.java:624)
	... 1 more
Caused by: org.apache.ratis.thirdparty.io.netty.channel.AbstractChannel$AnnotatedConnectException: Connection refused: /192.168.34.61:36163
	at sun.nio.ch.SocketChannelImpl.checkConnect(Native Method)
	at sun.nio.ch.SocketChannelImpl.finishConnect(SocketChannelImpl.java:717)
	at org.apache.ratis.thirdparty.io.netty.channel.socket.nio.NioSocketChannel.doFinishConnect(NioSocketChannel.java:327)
	at org.apache.ratis.thirdparty.io.netty.channel.nio.AbstractNioChannel$AbstractNioUnsafe.finishConnect(AbstractNioChannel.java:340)
	at org.apache.ratis.thirdparty.io.netty.channel.nio.NioEventLoop.processSelectedKey(NioEventLoop.java:632)
	at org.apache.ratis.thirdparty.io.netty.channel.nio.NioEventLoop.processSelectedKeysOptimized(NioEventLoop.java:579)
	at org.apache.ratis.thirdparty.io.netty.channel.nio.NioEventLoop.processSelectedKeys(NioEventLoop.java:496)
	at org.apache.ratis.thirdparty.io.netty.channel.nio.NioEventLoop.run(NioEventLoop.java:458)
	at org.apache.ratis.thirdparty.io.netty.util.concurrent.SingleThreadEventExecutor$5.run(SingleThreadEventExecutor.java:897)
	at org.apache.ratis.thirdparty.io.netty.util.concurrent.FastThreadLocalRunnable.run(FastThreadLocalRunnable.java:30)
	... 1 more
Caused by: java.net.ConnectException: Connection refused
	... 11 more
2019-10-18 13:54:22,682 [93caec60-0fcc-4b2b-9d7f-7eb17bf04289@group-8407C10D568F-LeaderElection103] INFO  impl.RoleInfo (RoleInfo.java:shutdownLeaderElection(134)) - 93caec60-0fcc-4b2b-9d7f-7eb17bf04289: shutdown LeaderElection
2019-10-18 13:54:22,683 [93caec60-0fcc-4b2b-9d7f-7eb17bf04289@group-8407C10D568F-LeaderElection103] INFO  impl.RaftServerImpl (RaftServerImpl.java:setRole(170)) - 93caec60-0fcc-4b2b-9d7f-7eb17bf04289@group-8407C10D568F: changes role from CANDIDATE to LEADER at term 2 for changeToLeader
2019-10-18 13:54:22,683 [93caec60-0fcc-4b2b-9d7f-7eb17bf04289@group-8407C10D568F-LeaderElection103] INFO  impl.RaftServerImpl (ServerState.java:setLeader(255)) - 93caec60-0fcc-4b2b-9d7f-7eb17bf04289@group-8407C10D568F: change Leader from null to 93caec60-0fcc-4b2b-9d7f-7eb17bf04289 at term 2 for becomeLeader, leader elected after 61ms
2019-10-18 13:54:22,683 [93caec60-0fcc-4b2b-9d7f-7eb17bf04289@group-8407C10D568F-LeaderElection103] INFO  server.RaftServerConfigKeys (ConfUtils.java:logGet(43)) - raft.server.staging.catchup.gap = 1000 (default)
2019-10-18 13:54:22,683 [93caec60-0fcc-4b2b-9d7f-7eb17bf04289@group-8407C10D568F-LeaderElection103] INFO  server.RaftServerConfigKeys (ConfUtils.java:logGet(43)) - raft.server.rpc.sleep.time = 25ms (default)
2019-10-18 13:54:22,683 [93caec60-0fcc-4b2b-9d7f-7eb17bf04289@group-8407C10D568F-LeaderElection103] INFO  server.RaftServerConfigKeys (ConfUtils.java:logGet(43)) - raft.server.write.element-limit = 4096 (default)
2019-10-18 13:54:22,684 [93caec60-0fcc-4b2b-9d7f-7eb17bf04289@group-8407C10D568F-LeaderElection103] INFO  server.RaftServerConfigKeys (ConfUtils.java:logGet(43)) - raft.server.watch.timeout = 10s (default)
2019-10-18 13:54:22,684 [93caec60-0fcc-4b2b-9d7f-7eb17bf04289@group-8407C10D568F-LeaderElection103] INFO  server.RaftServerConfigKeys (ConfUtils.java:logGet(43)) - raft.server.watch.timeout.denomination = 1s (default)
2019-10-18 13:54:22,684 [93caec60-0fcc-4b2b-9d7f-7eb17bf04289@group-8407C10D568F-LeaderElection103] INFO  server.RaftServerConfigKeys (ConfUtils.java:logGet(43)) - raft.server.watch.element-limit = 65536 (default)
2019-10-18 13:54:22,686 [93caec60-0fcc-4b2b-9d7f-7eb17bf04289@group-8407C10D568F-LeaderElection103] INFO  server.RaftServerConfigKeys (ConfUtils.java:logGet(43)) - raft.server.log.appender.snapshot.chunk.size.max = 16MB (=16777216) (default)
2019-10-18 13:54:22,687 [93caec60-0fcc-4b2b-9d7f-7eb17bf04289@group-8407C10D568F-LeaderElection103] INFO  server.RaftServerConfigKeys (ConfUtils.java:logGet(43)) - raft.server.log.appender.buffer.byte-limit = 33554432 (custom)
2019-10-18 13:54:22,687 [93caec60-0fcc-4b2b-9d7f-7eb17bf04289@group-8407C10D568F-LeaderElection103] INFO  server.RaftServerConfigKeys (ConfUtils.java:logGet(43)) - raft.server.log.appender.buffer.element-limit = 1 (custom)
2019-10-18 13:54:22,687 [93caec60-0fcc-4b2b-9d7f-7eb17bf04289@group-8407C10D568F-LeaderElection103] INFO  grpc.GrpcConfigKeys$Server (ConfUtils.java:logGet(43)) - raft.grpc.server.leader.outstanding.appends.max = 128 (default)
2019-10-18 13:54:22,687 [93caec60-0fcc-4b2b-9d7f-7eb17bf04289@group-8407C10D568F-LeaderElection103] INFO  server.RaftServerConfigKeys (ConfUtils.java:logGet(43)) - raft.server.rpc.request.timeout = 3000ms (default)
2019-10-18 13:54:22,687 [93caec60-0fcc-4b2b-9d7f-7eb17bf04289@group-8407C10D568F-LeaderElection103] INFO  server.RaftServerConfigKeys (ConfUtils.java:logGet(43)) - raft.server.log.appender.install.snapshot.enabled = false (custom)
2019-10-18 13:54:22,688 [93caec60-0fcc-4b2b-9d7f-7eb17bf04289@group-8407C10D568F-LeaderElection103] INFO  server.RaftServerConfigKeys (ConfUtils.java:logGet(43)) - raft.server.log.appender.snapshot.chunk.size.max = 16MB (=16777216) (default)
2019-10-18 13:54:22,688 [93caec60-0fcc-4b2b-9d7f-7eb17bf04289@group-8407C10D568F-LeaderElection103] INFO  server.RaftServerConfigKeys (ConfUtils.java:logGet(43)) - raft.server.log.appender.buffer.byte-limit = 33554432 (custom)
2019-10-18 13:54:22,688 [93caec60-0fcc-4b2b-9d7f-7eb17bf04289@group-8407C10D568F-LeaderElection103] INFO  server.RaftServerConfigKeys (ConfUtils.java:logGet(43)) - raft.server.log.appender.buffer.element-limit = 1 (custom)
2019-10-18 13:54:22,688 [93caec60-0fcc-4b2b-9d7f-7eb17bf04289@group-8407C10D568F-LeaderElection103] INFO  grpc.GrpcConfigKeys$Server (ConfUtils.java:logGet(43)) - raft.grpc.server.leader.outstanding.appends.max = 128 (default)
2019-10-18 13:54:22,688 [93caec60-0fcc-4b2b-9d7f-7eb17bf04289@group-8407C10D568F-LeaderElection103] INFO  server.RaftServerConfigKeys (ConfUtils.java:logGet(43)) - raft.server.rpc.request.timeout = 3000ms (default)
2019-10-18 13:54:22,688 [93caec60-0fcc-4b2b-9d7f-7eb17bf04289@group-8407C10D568F-LeaderElection103] INFO  server.RaftServerConfigKeys (ConfUtils.java:logGet(43)) - raft.server.log.appender.install.snapshot.enabled = false (custom)
2019-10-18 13:54:22,689 [93caec60-0fcc-4b2b-9d7f-7eb17bf04289@group-8407C10D568F-LeaderElection103] INFO  impl.RoleInfo (RoleInfo.java:updateAndGet(143)) - 93caec60-0fcc-4b2b-9d7f-7eb17bf04289: start LeaderState
2019-10-18 13:54:22,689 [93caec60-0fcc-4b2b-9d7f-7eb17bf04289@group-8407C10D568F-LeaderElection103] INFO  segmented.SegmentedRaftLogWorker (SegmentedRaftLogWorker.java:rollLogSegment(390)) - 93caec60-0fcc-4b2b-9d7f-7eb17bf04289@group-8407C10D568F-SegmentedRaftLogWorker: Rolling segment log-0_16 to index:16
2019-10-18 13:54:22,690 [93caec60-0fcc-4b2b-9d7f-7eb17bf04289@group-8407C10D568F-LeaderElection103] INFO  impl.RaftServerImpl (ServerState.java:setRaftConf(356)) - 93caec60-0fcc-4b2b-9d7f-7eb17bf04289@group-8407C10D568F: set configuration 17: [93caec60-0fcc-4b2b-9d7f-7eb17bf04289:192.168.34.61:37339, d2333deb-71a5-40db-87e6-3e3e7a789f80:192.168.34.61:36163, 70eeaf7e-3c12-423d-bbdb-6f2629d9397d:192.168.34.61:34725], old=null at 17
2019-10-18 13:54:22,691 [grpc-default-executor-9] WARN  server.GrpcLogAppender (LogUtils.java:warn(134)) - 93caec60-0fcc-4b2b-9d7f-7eb17bf04289@group-8407C10D568F->d2333deb-71a5-40db-87e6-3e3e7a789f80-AppendLogResponseHandler: Failed appendEntries: org.apache.ratis.thirdparty.io.grpc.StatusRuntimeException: UNAVAILABLE: io exception
2019-10-18 13:54:22,693 [93caec60-0fcc-4b2b-9d7f-7eb17bf04289@group-8407C10D568F-SegmentedRaftLogWorker] INFO  segmented.SegmentedRaftLogWorker (SegmentedRaftLogWorker.java:execute(531)) - 93caec60-0fcc-4b2b-9d7f-7eb17bf04289@group-8407C10D568F-SegmentedRaftLogWorker: Rolled log segment from /workdir/hadoop-ozone/integration-test/target/test-dir/MiniOzoneClusterImpl-74b53c55-a47a-4ba0-940b-ff532fb51615/datanode-6/data/ratis/37e68ed1-a8b0-449f-8dfa-8407c10d568f/current/log_inprogress_0 to /workdir/hadoop-ozone/integration-test/target/test-dir/MiniOzoneClusterImpl-74b53c55-a47a-4ba0-940b-ff532fb51615/datanode-6/data/ratis/37e68ed1-a8b0-449f-8dfa-8407c10d568f/current/log_0-16
2019-10-18 13:54:22,693 [grpc-default-executor-9] INFO  impl.FollowerInfo (FollowerInfo.java:lambda$new$0(51)) - 93caec60-0fcc-4b2b-9d7f-7eb17bf04289@group-8407C10D568F->d2333deb-71a5-40db-87e6-3e3e7a789f80: nextIndex: updateUnconditionally 17 -> 1
2019-10-18 13:54:22,694 [grpc-default-executor-9] INFO  impl.RaftServerImpl (ServerState.java:setLeader(255)) - 70eeaf7e-3c12-423d-bbdb-6f2629d9397d@group-8407C10D568F: change Leader from null to 93caec60-0fcc-4b2b-9d7f-7eb17bf04289 at term 2 for appendEntries, leader elected after 37ms
2019-10-18 13:54:22,696 [grpc-default-executor-9] INFO  impl.RaftServerImpl (ServerState.java:setRaftConf(356)) - 70eeaf7e-3c12-423d-bbdb-6f2629d9397d@group-8407C10D568F: set configuration 17: [93caec60-0fcc-4b2b-9d7f-7eb17bf04289:192.168.34.61:37339, d2333deb-71a5-40db-87e6-3e3e7a789f80:192.168.34.61:36163, 70eeaf7e-3c12-423d-bbdb-6f2629d9397d:192.168.34.61:34725], old=null at 17
2019-10-18 13:54:22,697 [grpc-default-executor-9] INFO  segmented.SegmentedRaftLogWorker (SegmentedRaftLogWorker.java:rollLogSegment(390)) - 70eeaf7e-3c12-423d-bbdb-6f2629d9397d@group-8407C10D568F-SegmentedRaftLogWorker: Rolling segment log-0_16 to index:16
2019-10-18 13:54:22,697 [70eeaf7e-3c12-423d-bbdb-6f2629d9397d@group-8407C10D568F-SegmentedRaftLogWorker] INFO  segmented.SegmentedRaftLogWorker (SegmentedRaftLogWorker.java:execute(531)) - 70eeaf7e-3c12-423d-bbdb-6f2629d9397d@group-8407C10D568F-SegmentedRaftLogWorker: Rolled log segment from /workdir/hadoop-ozone/integration-test/target/test-dir/MiniOzoneClusterImpl-74b53c55-a47a-4ba0-940b-ff532fb51615/datanode-2/data/ratis/37e68ed1-a8b0-449f-8dfa-8407c10d568f/current/log_inprogress_0 to /workdir/hadoop-ozone/integration-test/target/test-dir/MiniOzoneClusterImpl-74b53c55-a47a-4ba0-940b-ff532fb51615/datanode-2/data/ratis/37e68ed1-a8b0-449f-8dfa-8407c10d568f/current/log_0-16
2019-10-18 13:54:22,751 [93caec60-0fcc-4b2b-9d7f-7eb17bf04289@group-8407C10D568F-SegmentedRaftLogWorker] INFO  segmented.SegmentedRaftLogWorker (SegmentedRaftLogWorker.java:execute(574)) - 93caec60-0fcc-4b2b-9d7f-7eb17bf04289@group-8407C10D568F-SegmentedRaftLogWorker: created new log segment /workdir/hadoop-ozone/integration-test/target/test-dir/MiniOzoneClusterImpl-74b53c55-a47a-4ba0-940b-ff532fb51615/datanode-6/data/ratis/37e68ed1-a8b0-449f-8dfa-8407c10d568f/current/log_inprogress_17
2019-10-18 13:54:22,773 [70eeaf7e-3c12-423d-bbdb-6f2629d9397d@group-8407C10D568F-SegmentedRaftLogWorker] INFO  segmented.SegmentedRaftLogWorker (SegmentedRaftLogWorker.java:execute(574)) - 70eeaf7e-3c12-423d-bbdb-6f2629d9397d@group-8407C10D568F-SegmentedRaftLogWorker: created new log segment /workdir/hadoop-ozone/integration-test/target/test-dir/MiniOzoneClusterImpl-74b53c55-a47a-4ba0-940b-ff532fb51615/datanode-2/data/ratis/37e68ed1-a8b0-449f-8dfa-8407c10d568f/current/log_inprogress_17
2019-10-18 13:54:22,793 [grpc-default-executor-5] WARN  server.GrpcLogAppender (LogUtils.java:warn(134)) - 93caec60-0fcc-4b2b-9d7f-7eb17bf04289@group-8407C10D568F->d2333deb-71a5-40db-87e6-3e3e7a789f80-AppendLogResponseHandler: Failed appendEntries: org.apache.ratis.thirdparty.io.grpc.StatusRuntimeException: UNAVAILABLE: io exception
2019-10-18 13:54:22,793 [grpc-default-executor-5] INFO  impl.FollowerInfo (FollowerInfo.java:lambda$new$0(51)) - 93caec60-0fcc-4b2b-9d7f-7eb17bf04289@group-8407C10D568F->d2333deb-71a5-40db-87e6-3e3e7a789f80: nextIndex: updateUnconditionally 2 -> 1
2019-10-18 13:54:22,803 [grpc-default-executor-7] WARN  server.GrpcLogAppender (LogUtils.java:warn(134)) - 93caec60-0fcc-4b2b-9d7f-7eb17bf04289@group-8407C10D568F->d2333deb-71a5-40db-87e6-3e3e7a789f80-AppendLogResponseHandler: Failed appendEntries: org.apache.ratis.thirdparty.io.grpc.StatusRuntimeException: UNAVAILABLE: io exception
2019-10-18 13:54:22,803 [grpc-default-executor-7] INFO  impl.FollowerInfo (FollowerInfo.java:lambda$new$0(51)) - 93caec60-0fcc-4b2b-9d7f-7eb17bf04289@group-8407C10D568F->d2333deb-71a5-40db-87e6-3e3e7a789f80: nextIndex: updateUnconditionally 2 -> 1
2019-10-18 13:54:23,126 [EventQueue-StaleNodeForStaleNodeHandler] INFO  node.StaleNodeHandler (StaleNodeHandler.java:onMessage(58)) - Datanode 70eeaf7e-3c12-423d-bbdb-6f2629d9397d{ip: 192.168.34.61, host: pr-hdds-2280-982rn-3954796538, networkLocation: /default-rack, certSerialId: null} moved to stale state. Finalizing its pipelines [PipelineID=8d8b0310-d63c-40b0-b7d3-5d207ec10404, PipelineID=37e68ed1-a8b0-449f-8dfa-8407c10d568f]
2019-10-18 13:54:23,126 [EventQueue-StaleNodeForStaleNodeHandler] INFO  pipeline.SCMPipelineManager (SCMPipelineManager.java:finalizeAndDestroyPipeline(315)) - destroying pipeline:Pipeline[ Id: 8d8b0310-d63c-40b0-b7d3-5d207ec10404, Nodes: 70eeaf7e-3c12-423d-bbdb-6f2629d9397d{ip: 192.168.34.61, host: pr-hdds-2280-982rn-3954796538, networkLocation: /default-rack, certSerialId: null}, Type:RATIS, Factor:ONE, State:OPEN]
2019-10-18 13:54:23,126 [EventQueue-StaleNodeForStaleNodeHandler] INFO  pipeline.PipelineStateManager (PipelineStateManager.java:finalizePipeline(123)) - Pipeline Pipeline[ Id: 8d8b0310-d63c-40b0-b7d3-5d207ec10404, Nodes: 70eeaf7e-3c12-423d-bbdb-6f2629d9397d{ip: 192.168.34.61, host: pr-hdds-2280-982rn-3954796538, networkLocation: /default-rack, certSerialId: null}, Type:RATIS, Factor:ONE, State:CLOSED] moved to CLOSED state
2019-10-18 13:54:23,126 [EventQueue-StaleNodeForStaleNodeHandler] INFO  pipeline.SCMPipelineManager (SCMPipelineManager.java:finalizeAndDestroyPipeline(315)) - destroying pipeline:Pipeline[ Id: 37e68ed1-a8b0-449f-8dfa-8407c10d568f, Nodes: 70eeaf7e-3c12-423d-bbdb-6f2629d9397d{ip: 192.168.34.61, host: pr-hdds-2280-982rn-3954796538, networkLocation: /default-rack, certSerialId: null}d2333deb-71a5-40db-87e6-3e3e7a789f80{ip: 192.168.34.61, host: pr-hdds-2280-982rn-3954796538, networkLocation: /default-rack, certSerialId: null}93caec60-0fcc-4b2b-9d7f-7eb17bf04289{ip: 192.168.34.61, host: pr-hdds-2280-982rn-3954796538, networkLocation: /default-rack, certSerialId: null}, Type:RATIS, Factor:THREE, State:CLOSED]
2019-10-18 13:54:23,726 [grpc-default-executor-7] WARN  server.GrpcLogAppender (LogUtils.java:warn(134)) - fb6f87a4-8408-4a98-9903-4c6215d108ba@group-1B8221C9843F->0e2ca166-51cd-408c-96b2-af63247b3a52-AppendLogResponseHandler: Failed appendEntries: org.apache.ratis.thirdparty.io.grpc.StatusRuntimeException: UNAVAILABLE: io exception
2019-10-18 13:54:23,726 [EventQueue-StaleNodeForStaleNodeHandler] INFO  node.StaleNodeHandler (StaleNodeHandler.java:onMessage(58)) - Datanode fb6f87a4-8408-4a98-9903-4c6215d108ba{ip: 192.168.34.61, host: pr-hdds-2280-982rn-3954796538, networkLocation: /default-rack, certSerialId: null} moved to stale state. Finalizing its pipelines [PipelineID=c99a9b9f-8eef-4722-bcf3-af0d2df39a55, PipelineID=be44ede0-1005-4ea6-9043-1b8221c9843f]
2019-10-18 13:54:23,730 [EventQueue-StaleNodeForStaleNodeHandler] INFO  pipeline.SCMPipelineManager (SCMPipelineManager.java:finalizeAndDestroyPipeline(315)) - destroying pipeline:Pipeline[ Id: c99a9b9f-8eef-4722-bcf3-af0d2df39a55, Nodes: fb6f87a4-8408-4a98-9903-4c6215d108ba{ip: 192.168.34.61, host: pr-hdds-2280-982rn-3954796538, networkLocation: /default-rack, certSerialId: null}, Type:RATIS, Factor:ONE, State:OPEN]
2019-10-18 13:54:23,730 [grpc-default-executor-7] INFO  impl.FollowerInfo (FollowerInfo.java:lambda$new$0(51)) - fb6f87a4-8408-4a98-9903-4c6215d108ba@group-1B8221C9843F->0e2ca166-51cd-408c-96b2-af63247b3a52: nextIndex: updateUnconditionally 20 -> 19
2019-10-18 13:54:23,730 [EventQueue-StaleNodeForStaleNodeHandler] INFO  pipeline.PipelineStateManager (PipelineStateManager.java:finalizePipeline(123)) - Pipeline Pipeline[ Id: c99a9b9f-8eef-4722-bcf3-af0d2df39a55, Nodes: fb6f87a4-8408-4a98-9903-4c6215d108ba{ip: 192.168.34.61, host: pr-hdds-2280-982rn-3954796538, networkLocation: /default-rack, certSerialId: null}, Type:RATIS, Factor:ONE, State:CLOSED] moved to CLOSED state
2019-10-18 13:54:23,730 [EventQueue-StaleNodeForStaleNodeHandler] INFO  pipeline.SCMPipelineManager (SCMPipelineManager.java:finalizeAndDestroyPipeline(315)) - destroying pipeline:Pipeline[ Id: be44ede0-1005-4ea6-9043-1b8221c9843f, Nodes: fb6f87a4-8408-4a98-9903-4c6215d108ba{ip: 192.168.34.61, host: pr-hdds-2280-982rn-3954796538, networkLocation: /default-rack, certSerialId: null}cbf4fc70-08db-417d-ad43-548bd376729e{ip: 192.168.34.61, host: pr-hdds-2280-982rn-3954796538, networkLocation: /default-rack, certSerialId: null}0e2ca166-51cd-408c-96b2-af63247b3a52{ip: 192.168.34.61, host: pr-hdds-2280-982rn-3954796538, networkLocation: /default-rack, certSerialId: null}, Type:RATIS, Factor:THREE, State:CLOSED]
2019-10-18 13:54:23,965 [ForkJoinPool.commonPool-worker-1] INFO  ozoneimpl.OzoneContainer (OzoneContainer.java:stop(227)) - Attempting to stop container services.
2019-10-18 13:54:23,966 [ForkJoinPool.commonPool-worker-1] INFO  impl.RaftServerProxy (RaftServerProxy.java:lambda$close$4(314)) - 70eeaf7e-3c12-423d-bbdb-6f2629d9397d: close
2019-10-18 13:54:23,966 [ForkJoinPool.commonPool-worker-1] INFO  impl.RaftServerImpl (RaftServerImpl.java:lambda$shutdown$3(247)) - 70eeaf7e-3c12-423d-bbdb-6f2629d9397d@group-5D207EC10404: shutdown
2019-10-18 13:54:23,966 [ForkJoinPool.commonPool-worker-1] INFO  util.JmxRegister (JmxRegister.java:unregister(73)) - Successfully un-registered JMX Bean with object name Ratis:service=RaftServer,group=group-5D207EC10404,id=70eeaf7e-3c12-423d-bbdb-6f2629d9397d
2019-10-18 13:54:23,966 [ForkJoinPool.commonPool-worker-1] INFO  impl.RoleInfo (RoleInfo.java:shutdownLeaderState(104)) - 70eeaf7e-3c12-423d-bbdb-6f2629d9397d: shutdown LeaderState
2019-10-18 13:54:23,967 [ForkJoinPool.commonPool-worker-1] INFO  impl.PendingRequests (PendingRequests.java:sendNotLeaderResponses(202)) - 70eeaf7e-3c12-423d-bbdb-6f2629d9397d@group-5D207EC10404-PendingRequests: sendNotLeaderResponses
2019-10-18 13:54:23,967 [ForkJoinPool.commonPool-worker-1] INFO  impl.StateMachineUpdater (StateMachineUpdater.java:stopAndJoin(136)) - 70eeaf7e-3c12-423d-bbdb-6f2629d9397d@group-5D207EC10404-StateMachineUpdater: set stopIndex = 0
2019-10-18 13:54:23,967 [ForkJoinPool.commonPool-worker-1] INFO  impl.RaftServerImpl (ServerState.java:close(387)) - 70eeaf7e-3c12-423d-bbdb-6f2629d9397d@group-5D207EC10404: closes. applyIndex: 0
2019-10-18 13:54:23,967 [main] INFO  ozoneimpl.OzoneContainer (OzoneContainer.java:stop(227)) - Attempting to stop container services.
2019-10-18 13:54:23,970 [70eeaf7e-3c12-423d-bbdb-6f2629d9397d@group-5D207EC10404-SegmentedRaftLogWorker] INFO  segmented.SegmentedRaftLogWorker (SegmentedRaftLogWorker.java:run(316)) - 70eeaf7e-3c12-423d-bbdb-6f2629d9397d@group-5D207EC10404-SegmentedRaftLogWorker was interrupted, exiting. There are 0 tasks remaining in the queue.
2019-10-18 13:54:23,970 [main] INFO  impl.RaftServerProxy (RaftServerProxy.java:lambda$close$4(314)) - fb6f87a4-8408-4a98-9903-4c6215d108ba: close
2019-10-18 13:54:23,972 [main] INFO  impl.RaftServerImpl (RaftServerImpl.java:lambda$shutdown$3(247)) - fb6f87a4-8408-4a98-9903-4c6215d108ba@group-AF0D2DF39A55: shutdown
2019-10-18 13:54:23,972 [ForkJoinPool.commonPool-worker-1] INFO  segmented.SegmentedRaftLogWorker (SegmentedRaftLogWorker.java:close(224)) - 70eeaf7e-3c12-423d-bbdb-6f2629d9397d@group-5D207EC10404-SegmentedRaftLogWorker close()
2019-10-18 13:54:23,972 [main] INFO  util.JmxRegister (JmxRegister.java:unregister(73)) - Successfully un-registered JMX Bean with object name Ratis:service=RaftServer,group=group-AF0D2DF39A55,id=fb6f87a4-8408-4a98-9903-4c6215d108ba
2019-10-18 13:54:23,974 [main] INFO  impl.RoleInfo (RoleInfo.java:shutdownLeaderState(104)) - fb6f87a4-8408-4a98-9903-4c6215d108ba: shutdown LeaderState
2019-10-18 13:54:23,975 [main] INFO  impl.PendingRequests (PendingRequests.java:sendNotLeaderResponses(202)) - fb6f87a4-8408-4a98-9903-4c6215d108ba@group-AF0D2DF39A55-PendingRequests: sendNotLeaderResponses
2019-10-18 13:54:23,975 [main] INFO  impl.StateMachineUpdater (StateMachineUpdater.java:stopAndJoin(136)) - fb6f87a4-8408-4a98-9903-4c6215d108ba@group-AF0D2DF39A55-StateMachineUpdater: set stopIndex = 0
2019-10-18 13:54:23,975 [main] INFO  impl.RaftServerImpl (ServerState.java:close(387)) - fb6f87a4-8408-4a98-9903-4c6215d108ba@group-AF0D2DF39A55: closes. applyIndex: 0
2019-10-18 13:54:23,974 [ForkJoinPool.commonPool-worker-1] INFO  impl.RaftServerImpl (RaftServerImpl.java:lambda$shutdown$3(247)) - 70eeaf7e-3c12-423d-bbdb-6f2629d9397d@group-8407C10D568F: shutdown
2019-10-18 13:54:23,976 [fb6f87a4-8408-4a98-9903-4c6215d108ba@group-AF0D2DF39A55-SegmentedRaftLogWorker] INFO  segmented.SegmentedRaftLogWorker (SegmentedRaftLogWorker.java:run(316)) - fb6f87a4-8408-4a98-9903-4c6215d108ba@group-AF0D2DF39A55-SegmentedRaftLogWorker was interrupted, exiting. There are 0 tasks remaining in the queue.
2019-10-18 13:54:23,976 [ForkJoinPool.commonPool-worker-1] INFO  util.JmxRegister (JmxRegister.java:unregister(73)) - Successfully un-registered JMX Bean with object name Ratis:service=RaftServer,group=group-8407C10D568F,id=70eeaf7e-3c12-423d-bbdb-6f2629d9397d
2019-10-18 13:54:23,978 [main] INFO  segmented.SegmentedRaftLogWorker (SegmentedRaftLogWorker.java:close(224)) - fb6f87a4-8408-4a98-9903-4c6215d108ba@group-AF0D2DF39A55-SegmentedRaftLogWorker close()
2019-10-18 13:54:23,978 [ForkJoinPool.commonPool-worker-1] INFO  impl.RoleInfo (RoleInfo.java:shutdownFollowerState(121)) - 70eeaf7e-3c12-423d-bbdb-6f2629d9397d: shutdown FollowerState
2019-10-18 13:54:23,981 [main] INFO  impl.RaftServerImpl (RaftServerImpl.java:lambda$shutdown$3(247)) - fb6f87a4-8408-4a98-9903-4c6215d108ba@group-1B8221C9843F: shutdown
2019-10-18 13:54:23,981 [Thread-4350] INFO  impl.FollowerState (FollowerState.java:run(117)) - 70eeaf7e-3c12-423d-bbdb-6f2629d9397d@group-8407C10D568F-FollowerState was interrupted: java.lang.InterruptedException: sleep interrupted
2019-10-18 13:54:23,981 [70eeaf7e-3c12-423d-bbdb-6f2629d9397d@group-8407C10D568F-StateMachineUpdater] INFO  ratis.ContainerStateMachine (ContainerStateMachine.java:takeSnapshot(294)) - group-8407C10D568F: Taking a snapshot at:(t:1, i:16) file /workdir/hadoop-ozone/integration-test/target/test-dir/MiniOzoneClusterImpl-74b53c55-a47a-4ba0-940b-ff532fb51615/datanode-2/data/ratis/37e68ed1-a8b0-449f-8dfa-8407c10d568f/sm/snapshot.1_16
2019-10-18 13:54:23,981 [ForkJoinPool.commonPool-worker-1] INFO  impl.StateMachineUpdater (StateMachineUpdater.java:stopAndJoin(136)) - 70eeaf7e-3c12-423d-bbdb-6f2629d9397d@group-8407C10D568F-StateMachineUpdater: set stopIndex = 17
2019-10-18 13:54:23,981 [main] INFO  util.JmxRegister (JmxRegister.java:unregister(73)) - Successfully un-registered JMX Bean with object name Ratis:service=RaftServer,group=group-1B8221C9843F,id=fb6f87a4-8408-4a98-9903-4c6215d108ba
2019-10-18 13:54:23,983 [main] INFO  impl.RoleInfo (RoleInfo.java:shutdownLeaderState(104)) - fb6f87a4-8408-4a98-9903-4c6215d108ba: shutdown LeaderState
2019-10-18 13:54:23,985 [org.apache.ratis.server.impl.LogAppender$AppenderDaemon$$Lambda$523/491808795@4d3e20ff] WARN  server.GrpcLogAppender (GrpcLogAppender.java:mayWait(143)) - fb6f87a4-8408-4a98-9903-4c6215d108ba@group-1B8221C9843F->cbf4fc70-08db-417d-ad43-548bd376729e-GrpcLogAppender: Wait interrupted by java.lang.InterruptedException
2019-10-18 13:54:23,985 [org.apache.ratis.server.impl.LogAppender$AppenderDaemon$$Lambda$523/491808795@54faac89] WARN  server.GrpcLogAppender (GrpcLogAppender.java:mayWait(143)) - fb6f87a4-8408-4a98-9903-4c6215d108ba@group-1B8221C9843F->0e2ca166-51cd-408c-96b2-af63247b3a52-GrpcLogAppender: Wait interrupted by java.lang.InterruptedException
2019-10-18 13:54:23,985 [main] INFO  impl.PendingRequests (PendingRequests.java:sendNotLeaderResponses(202)) - fb6f87a4-8408-4a98-9903-4c6215d108ba@group-1B8221C9843F-PendingRequests: sendNotLeaderResponses
2019-10-18 13:54:23,987 [grpc-default-executor-7] INFO  server.GrpcServerProtocolService (GrpcServerProtocolService.java:onCompleted(113)) - cbf4fc70-08db-417d-ad43-548bd376729e: Completed APPEND_ENTRIES, lastRequest: fb6f87a4-8408-4a98-9903-4c6215d108ba->cbf4fc70-08db-417d-ad43-548bd376729e#27-t1, previous=(t:1, i:21), leaderCommit=21, initializing? false, entries: <empty>
2019-10-18 13:54:23,987 [main] INFO  impl.StateMachineUpdater (StateMachineUpdater.java:stopAndJoin(136)) - fb6f87a4-8408-4a98-9903-4c6215d108ba@group-1B8221C9843F-StateMachineUpdater: set stopIndex = 21
2019-10-18 13:54:23,987 [fb6f87a4-8408-4a98-9903-4c6215d108ba@group-1B8221C9843F-StateMachineUpdater] INFO  ratis.ContainerStateMachine (ContainerStateMachine.java:takeSnapshot(294)) - group-1B8221C9843F: Taking a snapshot at:(t:1, i:21) file /workdir/hadoop-ozone/integration-test/target/test-dir/MiniOzoneClusterImpl-74b53c55-a47a-4ba0-940b-ff532fb51615/datanode-3/data/ratis/be44ede0-1005-4ea6-9043-1b8221c9843f/sm/snapshot.1_21
2019-10-18 13:54:23,988 [grpc-default-executor-5] INFO  server.GrpcLogAppender (GrpcLogAppender.java:onCompleted(293)) - fb6f87a4-8408-4a98-9903-4c6215d108ba@group-1B8221C9843F->cbf4fc70-08db-417d-ad43-548bd376729e-AppendLogResponseHandler: follower responses appendEntries COMPLETED
2019-10-18 13:54:23,989 [grpc-default-executor-5] INFO  impl.FollowerInfo (FollowerInfo.java:lambda$new$0(51)) - fb6f87a4-8408-4a98-9903-4c6215d108ba@group-1B8221C9843F->cbf4fc70-08db-417d-ad43-548bd376729e: nextIndex: updateUnconditionally 22 -> 21
2019-10-18 13:54:24,007 [70eeaf7e-3c12-423d-bbdb-6f2629d9397d@group-8407C10D568F-StateMachineUpdater] INFO  ratis.ContainerStateMachine (ContainerStateMachine.java:takeSnapshot(305)) - group-8407C10D568F: Finished taking a snapshot at:(t:1, i:16) file:/workdir/hadoop-ozone/integration-test/target/test-dir/MiniOzoneClusterImpl-74b53c55-a47a-4ba0-940b-ff532fb51615/datanode-2/data/ratis/37e68ed1-a8b0-449f-8dfa-8407c10d568f/sm/snapshot.1_16 time:26
2019-10-18 13:54:24,007 [fb6f87a4-8408-4a98-9903-4c6215d108ba@group-1B8221C9843F-StateMachineUpdater] INFO  ratis.ContainerStateMachine (ContainerStateMachine.java:takeSnapshot(305)) - group-1B8221C9843F: Finished taking a snapshot at:(t:1, i:21) file:/workdir/hadoop-ozone/integration-test/target/test-dir/MiniOzoneClusterImpl-74b53c55-a47a-4ba0-940b-ff532fb51615/datanode-3/data/ratis/be44ede0-1005-4ea6-9043-1b8221c9843f/sm/snapshot.1_21 time:19
2019-10-18 13:54:24,007 [fb6f87a4-8408-4a98-9903-4c6215d108ba@group-1B8221C9843F-StateMachineUpdater] INFO  impl.StateMachineUpdater (StateMachineUpdater.java:takeSnapshot(269)) - fb6f87a4-8408-4a98-9903-4c6215d108ba@group-1B8221C9843F-StateMachineUpdater: Took a snapshot at index 21
2019-10-18 13:54:24,007 [70eeaf7e-3c12-423d-bbdb-6f2629d9397d@group-8407C10D568F-StateMachineUpdater] INFO  impl.StateMachineUpdater (StateMachineUpdater.java:takeSnapshot(269)) - 70eeaf7e-3c12-423d-bbdb-6f2629d9397d@group-8407C10D568F-StateMachineUpdater: Took a snapshot at index 16
2019-10-18 13:54:24,007 [fb6f87a4-8408-4a98-9903-4c6215d108ba@group-1B8221C9843F-StateMachineUpdater] INFO  impl.StateMachineUpdater (StateMachineUpdater.java:lambda$new$0(84)) - fb6f87a4-8408-4a98-9903-4c6215d108ba@group-1B8221C9843F-StateMachineUpdater: snapshotIndex: updateIncreasingly -1 -> 21
2019-10-18 13:54:24,007 [70eeaf7e-3c12-423d-bbdb-6f2629d9397d@group-8407C10D568F-StateMachineUpdater] INFO  impl.StateMachineUpdater (StateMachineUpdater.java:lambda$new$0(84)) - 70eeaf7e-3c12-423d-bbdb-6f2629d9397d@group-8407C10D568F-StateMachineUpdater: snapshotIndex: updateIncreasingly -1 -> 16
2019-10-18 13:54:24,008 [70eeaf7e-3c12-423d-bbdb-6f2629d9397d@group-8407C10D568F-StateMachineUpdater] INFO  ratis.ContainerStateMachine (ContainerStateMachine.java:takeSnapshot(294)) - group-8407C10D568F: Taking a snapshot at:(t:1, i:16) file /workdir/hadoop-ozone/integration-test/target/test-dir/MiniOzoneClusterImpl-74b53c55-a47a-4ba0-940b-ff532fb51615/datanode-2/data/ratis/37e68ed1-a8b0-449f-8dfa-8407c10d568f/sm/snapshot.1_16
2019-10-18 13:54:24,008 [main] INFO  impl.RaftServerImpl (ServerState.java:close(387)) - fb6f87a4-8408-4a98-9903-4c6215d108ba@group-1B8221C9843F: closes. applyIndex: 21
2019-10-18 13:54:24,008 [fb6f87a4-8408-4a98-9903-4c6215d108ba@group-1B8221C9843F-SegmentedRaftLogWorker] INFO  segmented.SegmentedRaftLogWorker (SegmentedRaftLogWorker.java:run(316)) - fb6f87a4-8408-4a98-9903-4c6215d108ba@group-1B8221C9843F-SegmentedRaftLogWorker was interrupted, exiting. There are 0 tasks remaining in the queue.
2019-10-18 13:54:24,009 [main] INFO  segmented.SegmentedRaftLogWorker (SegmentedRaftLogWorker.java:close(224)) - fb6f87a4-8408-4a98-9903-4c6215d108ba@group-1B8221C9843F-SegmentedRaftLogWorker close()
2019-10-18 13:54:24,012 [main] INFO  server.GrpcService (GrpcService.java:closeImpl(164)) - fb6f87a4-8408-4a98-9903-4c6215d108ba: shutdown server with port 45994 now
2019-10-18 13:54:24,012 [main] INFO  server.GrpcService (GrpcService.java:closeImpl(172)) - fb6f87a4-8408-4a98-9903-4c6215d108ba: shutdown server with port 45994 successfully
2019-10-18 13:54:24,014 [refreshUsed-/workdir/hadoop-ozone/integration-test/target/test-dir/MiniOzoneClusterImpl-74b53c55-a47a-4ba0-940b-ff532fb51615/datanode-3/data/containers] WARN  fs.CachingGetSpaceUsed (CachingGetSpaceUsed.java:run(183)) - Thread Interrupted waiting to refresh disk information: sleep interrupted
2019-10-18 13:54:24,029 [main] INFO  utils.BackgroundService (BackgroundService.java:shutdown(151)) - Shutting down service BlockDeletingService
2019-10-18 13:54:24,033 [main] INFO  statemachine.DatanodeStateMachine (DatanodeStateMachine.java:stopDaemon(395)) - Ozone container server stopped.
2019-10-18 13:54:24,033 [70eeaf7e-3c12-423d-bbdb-6f2629d9397d@group-8407C10D568F-StateMachineUpdater] INFO  ratis.ContainerStateMachine (ContainerStateMachine.java:takeSnapshot(305)) - group-8407C10D568F: Finished taking a snapshot at:(t:1, i:16) file:/workdir/hadoop-ozone/integration-test/target/test-dir/MiniOzoneClusterImpl-74b53c55-a47a-4ba0-940b-ff532fb51615/datanode-2/data/ratis/37e68ed1-a8b0-449f-8dfa-8407c10d568f/sm/snapshot.1_16 time:26
2019-10-18 13:54:24,034 [70eeaf7e-3c12-423d-bbdb-6f2629d9397d@group-8407C10D568F-StateMachineUpdater] INFO  impl.StateMachineUpdater (StateMachineUpdater.java:takeSnapshot(269)) - 70eeaf7e-3c12-423d-bbdb-6f2629d9397d@group-8407C10D568F-StateMachineUpdater: Took a snapshot at index 16
2019-10-18 13:54:24,034 [70eeaf7e-3c12-423d-bbdb-6f2629d9397d@group-8407C10D568F-StateMachineUpdater] INFO  impl.StateMachineUpdater (StateMachineUpdater.java:lambda$new$0(84)) - 70eeaf7e-3c12-423d-bbdb-6f2629d9397d@group-8407C10D568F-StateMachineUpdater: snapshotIndex: updateIncreasingly 16 -> 16
2019-10-18 13:54:24,034 [ForkJoinPool.commonPool-worker-1] INFO  impl.RaftServerImpl (ServerState.java:close(387)) - 70eeaf7e-3c12-423d-bbdb-6f2629d9397d@group-8407C10D568F: closes. applyIndex: 17
2019-10-18 13:54:24,034 [70eeaf7e-3c12-423d-bbdb-6f2629d9397d@group-8407C10D568F-SegmentedRaftLogWorker] INFO  segmented.SegmentedRaftLogWorker (SegmentedRaftLogWorker.java:run(316)) - 70eeaf7e-3c12-423d-bbdb-6f2629d9397d@group-8407C10D568F-SegmentedRaftLogWorker was interrupted, exiting. There are 0 tasks remaining in the queue.
2019-10-18 13:54:24,035 [ForkJoinPool.commonPool-worker-1] INFO  segmented.SegmentedRaftLogWorker (SegmentedRaftLogWorker.java:close(224)) - 70eeaf7e-3c12-423d-bbdb-6f2629d9397d@group-8407C10D568F-SegmentedRaftLogWorker close()
2019-10-18 13:54:24,035 [main] INFO  handler.ContextHandler (ContextHandler.java:doStop(910)) - Stopped o.e.j.w.WebAppContext@39ace1a7{/,null,UNAVAILABLE}{/hddsDatanode}
2019-10-18 13:54:24,037 [ForkJoinPool.commonPool-worker-1] INFO  server.GrpcService (GrpcService.java:closeImpl(164)) - 70eeaf7e-3c12-423d-bbdb-6f2629d9397d: shutdown server with port 34725 now
2019-10-18 13:54:24,038 [main] INFO  server.AbstractConnector (AbstractConnector.java:doStop(318)) - Stopped ServerConnector@1930a804{HTTP/1.1,[http/1.1]}{0.0.0.0:0}
2019-10-18 13:54:24,038 [ForkJoinPool.commonPool-worker-1] INFO  server.GrpcService (GrpcService.java:closeImpl(172)) - 70eeaf7e-3c12-423d-bbdb-6f2629d9397d: shutdown server with port 34725 successfully
2019-10-18 13:54:24,038 [grpc-default-executor-7] WARN  server.GrpcServerProtocolService (LogUtils.java:warn(134)) - 70eeaf7e-3c12-423d-bbdb-6f2629d9397d: installSnapshot onError, lastRequest: 93caec60-0fcc-4b2b-9d7f-7eb17bf04289->70eeaf7e-3c12-423d-bbdb-6f2629d9397d#2-t2, previous=(t:2, i:17), leaderCommit=17, initializing? false, entries: size=1, first=(t:2, i:18), METADATAENTRY(c17): org.apache.ratis.thirdparty.io.grpc.StatusRuntimeException: CANCELLED: cancelled before receiving half close
2019-10-18 13:54:24,038 [main] INFO  handler.ContextHandler (ContextHandler.java:doStop(910)) - Stopped o.e.j.s.ServletContextHandler@48c5698{/static,jar:file:/home/user/.m2/repository/org/apache/hadoop/hadoop-hdds-container-service/0.5.0-SNAPSHOT/hadoop-hdds-container-service-0.5.0-SNAPSHOT.jar!/webapps/static,UNAVAILABLE}
2019-10-18 13:54:24,038 [grpc-default-executor-5] WARN  server.GrpcLogAppender (LogUtils.java:warn(134)) - 93caec60-0fcc-4b2b-9d7f-7eb17bf04289@group-8407C10D568F->70eeaf7e-3c12-423d-bbdb-6f2629d9397d-AppendLogResponseHandler: Failed appendEntries: org.apache.ratis.thirdparty.io.grpc.StatusRuntimeException: CANCELLED: HTTP/2 error code: CANCEL
Received Rst Stream
2019-10-18 13:54:24,039 [grpc-default-executor-5] INFO  impl.FollowerInfo (FollowerInfo.java:lambda$new$0(51)) - 93caec60-0fcc-4b2b-9d7f-7eb17bf04289@group-8407C10D568F->70eeaf7e-3c12-423d-bbdb-6f2629d9397d: nextIndex: updateUnconditionally 19 -> 18
2019-10-18 13:54:24,039 [main] INFO  handler.ContextHandler (ContextHandler.java:doStop(910)) - Stopped o.e.j.s.ServletContextHandler@39c7fb0b{/logs,file:///workdir/hadoop-ozone/integration-test/target/log,UNAVAILABLE}
2019-10-18 13:54:24,041 [refreshUsed-/workdir/hadoop-ozone/integration-test/target/test-dir/MiniOzoneClusterImpl-74b53c55-a47a-4ba0-940b-ff532fb51615/datanode-2/data/containers] WARN  fs.CachingGetSpaceUsed (CachingGetSpaceUsed.java:run(183)) - Thread Interrupted waiting to refresh disk information: sleep interrupted
2019-10-18 13:54:24,053 [ForkJoinPool.commonPool-worker-1] INFO  utils.BackgroundService (BackgroundService.java:shutdown(151)) - Shutting down service BlockDeletingService
2019-10-18 13:54:24,056 [ForkJoinPool.commonPool-worker-1] INFO  statemachine.DatanodeStateMachine (DatanodeStateMachine.java:stopDaemon(395)) - Ozone container server stopped.
2019-10-18 13:54:24,059 [ForkJoinPool.commonPool-worker-1] INFO  handler.ContextHandler (ContextHandler.java:doStop(910)) - Stopped o.e.j.w.WebAppContext@203765b2{/,null,UNAVAILABLE}{/hddsDatanode}
2019-10-18 13:54:24,060 [ForkJoinPool.commonPool-worker-1] INFO  server.AbstractConnector (AbstractConnector.java:doStop(318)) - Stopped ServerConnector@7e050be1{HTTP/1.1,[http/1.1]}{0.0.0.0:0}
2019-10-18 13:54:24,061 [ForkJoinPool.commonPool-worker-1] INFO  handler.ContextHandler (ContextHandler.java:doStop(910)) - Stopped o.e.j.s.ServletContextHandler@2a6fb62f{/static,jar:file:/home/user/.m2/repository/org/apache/hadoop/hadoop-hdds-container-service/0.5.0-SNAPSHOT/hadoop-hdds-container-service-0.5.0-SNAPSHOT.jar!/webapps/static,UNAVAILABLE}
2019-10-18 13:54:24,062 [ForkJoinPool.commonPool-worker-1] INFO  handler.ContextHandler (ContextHandler.java:doStop(910)) - Stopped o.e.j.s.ServletContextHandler@5908e6d6{/logs,file:///workdir/hadoop-ozone/integration-test/target/log,UNAVAILABLE}
2019-10-18 13:54:24,064 [Datanode State Machine Thread - 0] INFO  statemachine.DatanodeStateMachine (DatanodeStateMachine.java:lambda$startDaemon$0(350)) - Ozone container server started.
2019-10-18 13:54:24,615 [Datanode State Machine Thread - 0] INFO  statemachine.DatanodeStateMachine (DatanodeStateMachine.java:lambda$startDaemon$0(350)) - Ozone container server started.
2019-10-18 13:54:25,302 [grpc-default-executor-5] WARN  server.GrpcLogAppender (LogUtils.java:warn(134)) - 93caec60-0fcc-4b2b-9d7f-7eb17bf04289@group-8407C10D568F->70eeaf7e-3c12-423d-bbdb-6f2629d9397d-AppendLogResponseHandler: Failed appendEntries: org.apache.ratis.thirdparty.io.grpc.StatusRuntimeException: UNAVAILABLE: io exception
2019-10-18 13:54:25,303 [grpc-default-executor-5] INFO  impl.FollowerInfo (FollowerInfo.java:lambda$new$0(51)) - 93caec60-0fcc-4b2b-9d7f-7eb17bf04289@group-8407C10D568F->70eeaf7e-3c12-423d-bbdb-6f2629d9397d: nextIndex: updateUnconditionally 18 -> 17
2019-10-18 13:54:25,303 [grpc-default-executor-7] WARN  server.GrpcLogAppender (LogUtils.java:warn(134)) - 93caec60-0fcc-4b2b-9d7f-7eb17bf04289@group-8407C10D568F->d2333deb-71a5-40db-87e6-3e3e7a789f80-AppendLogResponseHandler: Failed appendEntries: org.apache.ratis.thirdparty.io.grpc.StatusRuntimeException: UNAVAILABLE: io exception
2019-10-18 13:54:25,303 [grpc-default-executor-7] INFO  impl.FollowerInfo (FollowerInfo.java:lambda$new$0(51)) - 93caec60-0fcc-4b2b-9d7f-7eb17bf04289@group-8407C10D568F->d2333deb-71a5-40db-87e6-3e3e7a789f80: nextIndex: updateUnconditionally 1 -> 0
2019-10-18 13:54:27,803 [grpc-default-executor-9] WARN  server.GrpcLogAppender (LogUtils.java:warn(134)) - 93caec60-0fcc-4b2b-9d7f-7eb17bf04289@group-8407C10D568F->70eeaf7e-3c12-423d-bbdb-6f2629d9397d-AppendLogResponseHandler: Failed appendEntries: org.apache.ratis.thirdparty.io.grpc.StatusRuntimeException: UNAVAILABLE: io exception
2019-10-18 13:54:27,803 [grpc-default-executor-9] INFO  impl.FollowerInfo (FollowerInfo.java:lambda$new$0(51)) - 93caec60-0fcc-4b2b-9d7f-7eb17bf04289@group-8407C10D568F->70eeaf7e-3c12-423d-bbdb-6f2629d9397d: nextIndex: updateUnconditionally 17 -> 16
2019-10-18 13:54:27,803 [grpc-default-executor-8] WARN  server.GrpcLogAppender (LogUtils.java:warn(134)) - 93caec60-0fcc-4b2b-9d7f-7eb17bf04289@group-8407C10D568F->d2333deb-71a5-40db-87e6-3e3e7a789f80-AppendLogResponseHandler: Failed appendEntries: org.apache.ratis.thirdparty.io.grpc.StatusRuntimeException: UNAVAILABLE: io exception
2019-10-18 13:54:27,803 [grpc-default-executor-8] INFO  impl.FollowerInfo (FollowerInfo.java:lambda$new$0(51)) - 93caec60-0fcc-4b2b-9d7f-7eb17bf04289@group-8407C10D568F->d2333deb-71a5-40db-87e6-3e3e7a789f80: nextIndex: updateUnconditionally 0 -> 0
2019-10-18 13:54:28,130 [EventQueue-StaleNodeForStaleNodeHandler] INFO  node.StaleNodeHandler (StaleNodeHandler.java:onMessage(58)) - Datanode 93caec60-0fcc-4b2b-9d7f-7eb17bf04289{ip: 192.168.34.61, host: pr-hdds-2280-982rn-3954796538, networkLocation: /default-rack, certSerialId: null} moved to stale state. Finalizing its pipelines [PipelineID=b4df037b-bf73-47f9-8819-fd76ab4d2fbb, PipelineID=37e68ed1-a8b0-449f-8dfa-8407c10d568f]
2019-10-18 13:54:28,131 [EventQueue-StaleNodeForStaleNodeHandler] INFO  pipeline.SCMPipelineManager (SCMPipelineManager.java:finalizeAndDestroyPipeline(315)) - destroying pipeline:Pipeline[ Id: b4df037b-bf73-47f9-8819-fd76ab4d2fbb, Nodes: 93caec60-0fcc-4b2b-9d7f-7eb17bf04289{ip: 192.168.34.61, host: pr-hdds-2280-982rn-3954796538, networkLocation: /default-rack, certSerialId: null}, Type:RATIS, Factor:ONE, State:OPEN]
2019-10-18 13:54:28,131 [EventQueue-StaleNodeForStaleNodeHandler] INFO  pipeline.PipelineStateManager (PipelineStateManager.java:finalizePipeline(123)) - Pipeline Pipeline[ Id: b4df037b-bf73-47f9-8819-fd76ab4d2fbb, Nodes: 93caec60-0fcc-4b2b-9d7f-7eb17bf04289{ip: 192.168.34.61, host: pr-hdds-2280-982rn-3954796538, networkLocation: /default-rack, certSerialId: null}, Type:RATIS, Factor:ONE, State:CLOSED] moved to CLOSED state
2019-10-18 13:54:28,131 [EventQueue-StaleNodeForStaleNodeHandler] INFO  pipeline.SCMPipelineManager (SCMPipelineManager.java:finalizeAndDestroyPipeline(315)) - destroying pipeline:Pipeline[ Id: 37e68ed1-a8b0-449f-8dfa-8407c10d568f, Nodes: 70eeaf7e-3c12-423d-bbdb-6f2629d9397d{ip: 192.168.34.61, host: pr-hdds-2280-982rn-3954796538, networkLocation: /default-rack, certSerialId: null}d2333deb-71a5-40db-87e6-3e3e7a789f80{ip: 192.168.34.61, host: pr-hdds-2280-982rn-3954796538, networkLocation: /default-rack, certSerialId: null}93caec60-0fcc-4b2b-9d7f-7eb17bf04289{ip: 192.168.34.61, host: pr-hdds-2280-982rn-3954796538, networkLocation: /default-rack, certSerialId: null}, Type:RATIS, Factor:THREE, State:CLOSED]
2019-10-18 13:54:28,631 [EventQueue-StaleNodeForStaleNodeHandler] INFO  node.StaleNodeHandler (StaleNodeHandler.java:onMessage(58)) - Datanode 14f3b2db-4e8c-4194-bb3f-405d0a3efd70{ip: 192.168.34.61, host: pr-hdds-2280-982rn-3954796538, networkLocation: /default-rack, certSerialId: null} moved to stale state. Finalizing its pipelines [PipelineID=be7b9b05-724c-4aef-b662-4c3ba87013a9]
2019-10-18 13:54:28,631 [EventQueue-StaleNodeForStaleNodeHandler] INFO  pipeline.SCMPipelineManager (SCMPipelineManager.java:finalizeAndDestroyPipeline(315)) - destroying pipeline:Pipeline[ Id: be7b9b05-724c-4aef-b662-4c3ba87013a9, Nodes: 14f3b2db-4e8c-4194-bb3f-405d0a3efd70{ip: 192.168.34.61, host: pr-hdds-2280-982rn-3954796538, networkLocation: /default-rack, certSerialId: null}, Type:RATIS, Factor:ONE, State:OPEN]
2019-10-18 13:54:28,631 [EventQueue-StaleNodeForStaleNodeHandler] INFO  pipeline.PipelineStateManager (PipelineStateManager.java:finalizePipeline(123)) - Pipeline Pipeline[ Id: be7b9b05-724c-4aef-b662-4c3ba87013a9, Nodes: 14f3b2db-4e8c-4194-bb3f-405d0a3efd70{ip: 192.168.34.61, host: pr-hdds-2280-982rn-3954796538, networkLocation: /default-rack, certSerialId: null}, Type:RATIS, Factor:ONE, State:CLOSED] moved to CLOSED state
2019-10-18 13:54:29,042 [main] INFO  ozoneimpl.OzoneContainer (OzoneContainer.java:stop(227)) - Attempting to stop container services.
2019-10-18 13:54:29,045 [main] INFO  impl.RaftServerProxy (RaftServerProxy.java:lambda$close$4(314)) - 93caec60-0fcc-4b2b-9d7f-7eb17bf04289: close
2019-10-18 13:54:29,045 [main] INFO  impl.RaftServerImpl (RaftServerImpl.java:lambda$shutdown$3(247)) - 93caec60-0fcc-4b2b-9d7f-7eb17bf04289@group-FD76AB4D2FBB: shutdown
2019-10-18 13:54:29,045 [main] INFO  util.JmxRegister (JmxRegister.java:unregister(73)) - Successfully un-registered JMX Bean with object name Ratis:service=RaftServer,group=group-FD76AB4D2FBB,id=93caec60-0fcc-4b2b-9d7f-7eb17bf04289
2019-10-18 13:54:29,046 [main] INFO  impl.RoleInfo (RoleInfo.java:shutdownLeaderState(104)) - 93caec60-0fcc-4b2b-9d7f-7eb17bf04289: shutdown LeaderState
2019-10-18 13:54:29,046 [main] INFO  impl.PendingRequests (PendingRequests.java:sendNotLeaderResponses(202)) - 93caec60-0fcc-4b2b-9d7f-7eb17bf04289@group-FD76AB4D2FBB-PendingRequests: sendNotLeaderResponses
2019-10-18 13:54:29,046 [main] INFO  impl.StateMachineUpdater (StateMachineUpdater.java:stopAndJoin(136)) - 93caec60-0fcc-4b2b-9d7f-7eb17bf04289@group-FD76AB4D2FBB-StateMachineUpdater: set stopIndex = 0
2019-10-18 13:54:29,047 [main] INFO  impl.RaftServerImpl (ServerState.java:close(387)) - 93caec60-0fcc-4b2b-9d7f-7eb17bf04289@group-FD76AB4D2FBB: closes. applyIndex: 0
2019-10-18 13:54:29,047 [93caec60-0fcc-4b2b-9d7f-7eb17bf04289@group-FD76AB4D2FBB-SegmentedRaftLogWorker] INFO  segmented.SegmentedRaftLogWorker (SegmentedRaftLogWorker.java:run(316)) - 93caec60-0fcc-4b2b-9d7f-7eb17bf04289@group-FD76AB4D2FBB-SegmentedRaftLogWorker was interrupted, exiting. There are 0 tasks remaining in the queue.
2019-10-18 13:54:29,048 [main] INFO  segmented.SegmentedRaftLogWorker (SegmentedRaftLogWorker.java:close(224)) - 93caec60-0fcc-4b2b-9d7f-7eb17bf04289@group-FD76AB4D2FBB-SegmentedRaftLogWorker close()
2019-10-18 13:54:29,050 [main] INFO  impl.RaftServerImpl (RaftServerImpl.java:lambda$shutdown$3(247)) - 93caec60-0fcc-4b2b-9d7f-7eb17bf04289@group-8407C10D568F: shutdown
2019-10-18 13:54:29,051 [main] INFO  util.JmxRegister (JmxRegister.java:unregister(73)) - Successfully un-registered JMX Bean with object name Ratis:service=RaftServer,group=group-8407C10D568F,id=93caec60-0fcc-4b2b-9d7f-7eb17bf04289
2019-10-18 13:54:29,051 [main] INFO  impl.RoleInfo (RoleInfo.java:shutdownLeaderState(104)) - 93caec60-0fcc-4b2b-9d7f-7eb17bf04289: shutdown LeaderState
2019-10-18 13:54:29,053 [main] INFO  impl.PendingRequests (PendingRequests.java:sendNotLeaderResponses(202)) - 93caec60-0fcc-4b2b-9d7f-7eb17bf04289@group-8407C10D568F-PendingRequests: sendNotLeaderResponses
2019-10-18 13:54:29,053 [org.apache.ratis.server.impl.LogAppender$AppenderDaemon$$Lambda$523/491808795@40d451d0] WARN  server.GrpcLogAppender (GrpcLogAppender.java:mayWait(143)) - 93caec60-0fcc-4b2b-9d7f-7eb17bf04289@group-8407C10D568F->d2333deb-71a5-40db-87e6-3e3e7a789f80-GrpcLogAppender: Wait interrupted by java.lang.InterruptedException
2019-10-18 13:54:29,053 [main] INFO  impl.StateMachineUpdater (StateMachineUpdater.java:stopAndJoin(136)) - 93caec60-0fcc-4b2b-9d7f-7eb17bf04289@group-8407C10D568F-StateMachineUpdater: set stopIndex = 18
2019-10-18 13:54:29,053 [org.apache.ratis.server.impl.LogAppender$AppenderDaemon$$Lambda$523/491808795@1d27c78b] WARN  server.GrpcLogAppender (GrpcLogAppender.java:mayWait(143)) - 93caec60-0fcc-4b2b-9d7f-7eb17bf04289@group-8407C10D568F->70eeaf7e-3c12-423d-bbdb-6f2629d9397d-GrpcLogAppender: Wait interrupted by java.lang.InterruptedException
2019-10-18 13:54:29,053 [93caec60-0fcc-4b2b-9d7f-7eb17bf04289@group-8407C10D568F-StateMachineUpdater] INFO  ratis.ContainerStateMachine (ContainerStateMachine.java:takeSnapshot(294)) - group-8407C10D568F: Taking a snapshot at:(t:1, i:16) file /workdir/hadoop-ozone/integration-test/target/test-dir/MiniOzoneClusterImpl-74b53c55-a47a-4ba0-940b-ff532fb51615/datanode-6/data/ratis/37e68ed1-a8b0-449f-8dfa-8407c10d568f/sm/snapshot.1_16
2019-10-18 13:54:29,064 [ForkJoinPool.commonPool-worker-1] INFO  ozoneimpl.OzoneContainer (OzoneContainer.java:stop(227)) - Attempting to stop container services.
2019-10-18 13:54:29,064 [ForkJoinPool.commonPool-worker-1] INFO  impl.RaftServerProxy (RaftServerProxy.java:lambda$close$4(314)) - 14f3b2db-4e8c-4194-bb3f-405d0a3efd70: close
2019-10-18 13:54:29,064 [ForkJoinPool.commonPool-worker-1] INFO  impl.RaftServerImpl (RaftServerImpl.java:lambda$shutdown$3(247)) - 14f3b2db-4e8c-4194-bb3f-405d0a3efd70@group-4C3BA87013A9: shutdown
2019-10-18 13:54:29,064 [ForkJoinPool.commonPool-worker-1] INFO  util.JmxRegister (JmxRegister.java:unregister(73)) - Successfully un-registered JMX Bean with object name Ratis:service=RaftServer,group=group-4C3BA87013A9,id=14f3b2db-4e8c-4194-bb3f-405d0a3efd70
2019-10-18 13:54:29,065 [ForkJoinPool.commonPool-worker-1] INFO  impl.RoleInfo (RoleInfo.java:shutdownLeaderState(104)) - 14f3b2db-4e8c-4194-bb3f-405d0a3efd70: shutdown LeaderState
2019-10-18 13:54:29,065 [ForkJoinPool.commonPool-worker-1] INFO  impl.PendingRequests (PendingRequests.java:sendNotLeaderResponses(202)) - 14f3b2db-4e8c-4194-bb3f-405d0a3efd70@group-4C3BA87013A9-PendingRequests: sendNotLeaderResponses
2019-10-18 13:54:29,065 [ForkJoinPool.commonPool-worker-1] INFO  impl.StateMachineUpdater (StateMachineUpdater.java:stopAndJoin(136)) - 14f3b2db-4e8c-4194-bb3f-405d0a3efd70@group-4C3BA87013A9-StateMachineUpdater: set stopIndex = 0
2019-10-18 13:54:29,065 [ForkJoinPool.commonPool-worker-1] INFO  impl.RaftServerImpl (ServerState.java:close(387)) - 14f3b2db-4e8c-4194-bb3f-405d0a3efd70@group-4C3BA87013A9: closes. applyIndex: 0
2019-10-18 13:54:29,066 [14f3b2db-4e8c-4194-bb3f-405d0a3efd70@group-4C3BA87013A9-SegmentedRaftLogWorker] INFO  segmented.SegmentedRaftLogWorker (SegmentedRaftLogWorker.java:run(316)) - 14f3b2db-4e8c-4194-bb3f-405d0a3efd70@group-4C3BA87013A9-SegmentedRaftLogWorker was interrupted, exiting. There are 0 tasks remaining in the queue.
2019-10-18 13:54:29,077 [ForkJoinPool.commonPool-worker-1] INFO  segmented.SegmentedRaftLogWorker (SegmentedRaftLogWorker.java:close(224)) - 14f3b2db-4e8c-4194-bb3f-405d0a3efd70@group-4C3BA87013A9-SegmentedRaftLogWorker close()
2019-10-18 13:54:29,086 [ForkJoinPool.commonPool-worker-1] INFO  server.GrpcService (GrpcService.java:closeImpl(164)) - 14f3b2db-4e8c-4194-bb3f-405d0a3efd70: shutdown server with port 44930 now
2019-10-18 13:54:29,088 [ForkJoinPool.commonPool-worker-1] INFO  server.GrpcService (GrpcService.java:closeImpl(172)) - 14f3b2db-4e8c-4194-bb3f-405d0a3efd70: shutdown server with port 44930 successfully
2019-10-18 13:54:29,096 [refreshUsed-/workdir/hadoop-ozone/integration-test/target/test-dir/MiniOzoneClusterImpl-74b53c55-a47a-4ba0-940b-ff532fb51615/datanode-0/data/containers] WARN  fs.CachingGetSpaceUsed (CachingGetSpaceUsed.java:run(183)) - Thread Interrupted waiting to refresh disk information: sleep interrupted
2019-10-18 13:54:29,106 [93caec60-0fcc-4b2b-9d7f-7eb17bf04289@group-8407C10D568F-StateMachineUpdater] INFO  ratis.ContainerStateMachine (ContainerStateMachine.java:takeSnapshot(305)) - group-8407C10D568F: Finished taking a snapshot at:(t:1, i:16) file:/workdir/hadoop-ozone/integration-test/target/test-dir/MiniOzoneClusterImpl-74b53c55-a47a-4ba0-940b-ff532fb51615/datanode-6/data/ratis/37e68ed1-a8b0-449f-8dfa-8407c10d568f/sm/snapshot.1_16 time:53
2019-10-18 13:54:29,107 [93caec60-0fcc-4b2b-9d7f-7eb17bf04289@group-8407C10D568F-StateMachineUpdater] INFO  impl.StateMachineUpdater (StateMachineUpdater.java:takeSnapshot(269)) - 93caec60-0fcc-4b2b-9d7f-7eb17bf04289@group-8407C10D568F-StateMachineUpdater: Took a snapshot at index 16
2019-10-18 13:54:29,107 [93caec60-0fcc-4b2b-9d7f-7eb17bf04289@group-8407C10D568F-StateMachineUpdater] INFO  impl.StateMachineUpdater (StateMachineUpdater.java:lambda$new$0(84)) - 93caec60-0fcc-4b2b-9d7f-7eb17bf04289@group-8407C10D568F-StateMachineUpdater: snapshotIndex: updateIncreasingly -1 -> 16
2019-10-18 13:54:29,107 [93caec60-0fcc-4b2b-9d7f-7eb17bf04289@group-8407C10D568F-StateMachineUpdater] INFO  ratis.ContainerStateMachine (ContainerStateMachine.java:takeSnapshot(294)) - group-8407C10D568F: Taking a snapshot at:(t:1, i:16) file /workdir/hadoop-ozone/integration-test/target/test-dir/MiniOzoneClusterImpl-74b53c55-a47a-4ba0-940b-ff532fb51615/datanode-6/data/ratis/37e68ed1-a8b0-449f-8dfa-8407c10d568f/sm/snapshot.1_16
2019-10-18 13:54:29,113 [ForkJoinPool.commonPool-worker-1] INFO  utils.BackgroundService (BackgroundService.java:shutdown(151)) - Shutting down service BlockDeletingService
2019-10-18 13:54:29,117 [ForkJoinPool.commonPool-worker-1] INFO  statemachine.DatanodeStateMachine (DatanodeStateMachine.java:stopDaemon(395)) - Ozone container server stopped.
2019-10-18 13:54:29,120 [ForkJoinPool.commonPool-worker-1] INFO  handler.ContextHandler (ContextHandler.java:doStop(910)) - Stopped o.e.j.w.WebAppContext@14874a5d{/,null,UNAVAILABLE}{/hddsDatanode}
2019-10-18 13:54:29,121 [ForkJoinPool.commonPool-worker-1] INFO  server.AbstractConnector (AbstractConnector.java:doStop(318)) - Stopped ServerConnector@49cb5030{HTTP/1.1,[http/1.1]}{0.0.0.0:0}
2019-10-18 13:54:29,122 [ForkJoinPool.commonPool-worker-1] INFO  handler.ContextHandler (ContextHandler.java:doStop(910)) - Stopped o.e.j.s.ServletContextHandler@e2b3026{/static,jar:file:/home/user/.m2/repository/org/apache/hadoop/hadoop-hdds-container-service/0.5.0-SNAPSHOT/hadoop-hdds-container-service-0.5.0-SNAPSHOT.jar!/webapps/static,UNAVAILABLE}
2019-10-18 13:54:29,123 [ForkJoinPool.commonPool-worker-1] INFO  handler.ContextHandler (ContextHandler.java:doStop(910)) - Stopped o.e.j.s.ServletContextHandler@15586843{/logs,file:///workdir/hadoop-ozone/integration-test/target/log,UNAVAILABLE}
2019-10-18 13:54:29,130 [93caec60-0fcc-4b2b-9d7f-7eb17bf04289@group-8407C10D568F-StateMachineUpdater] INFO  ratis.ContainerStateMachine (ContainerStateMachine.java:takeSnapshot(305)) - group-8407C10D568F: Finished taking a snapshot at:(t:1, i:16) file:/workdir/hadoop-ozone/integration-test/target/test-dir/MiniOzoneClusterImpl-74b53c55-a47a-4ba0-940b-ff532fb51615/datanode-6/data/ratis/37e68ed1-a8b0-449f-8dfa-8407c10d568f/sm/snapshot.1_16 time:23
2019-10-18 13:54:29,130 [93caec60-0fcc-4b2b-9d7f-7eb17bf04289@group-8407C10D568F-StateMachineUpdater] INFO  impl.StateMachineUpdater (StateMachineUpdater.java:takeSnapshot(269)) - 93caec60-0fcc-4b2b-9d7f-7eb17bf04289@group-8407C10D568F-StateMachineUpdater: Took a snapshot at index 16
2019-10-18 13:54:29,130 [93caec60-0fcc-4b2b-9d7f-7eb17bf04289@group-8407C10D568F-StateMachineUpdater] INFO  impl.StateMachineUpdater (StateMachineUpdater.java:lambda$new$0(84)) - 93caec60-0fcc-4b2b-9d7f-7eb17bf04289@group-8407C10D568F-StateMachineUpdater: snapshotIndex: updateIncreasingly 16 -> 16
2019-10-18 13:54:29,130 [main] INFO  impl.RaftServerImpl (ServerState.java:close(387)) - 93caec60-0fcc-4b2b-9d7f-7eb17bf04289@group-8407C10D568F: closes. applyIndex: 18
2019-10-18 13:54:29,131 [93caec60-0fcc-4b2b-9d7f-7eb17bf04289@group-8407C10D568F-SegmentedRaftLogWorker] INFO  segmented.SegmentedRaftLogWorker (SegmentedRaftLogWorker.java:run(316)) - 93caec60-0fcc-4b2b-9d7f-7eb17bf04289@group-8407C10D568F-SegmentedRaftLogWorker was interrupted, exiting. There are 0 tasks remaining in the queue.
2019-10-18 13:54:29,131 [main] INFO  segmented.SegmentedRaftLogWorker (SegmentedRaftLogWorker.java:close(224)) - 93caec60-0fcc-4b2b-9d7f-7eb17bf04289@group-8407C10D568F-SegmentedRaftLogWorker close()
2019-10-18 13:54:29,132 [main] INFO  server.GrpcService (GrpcService.java:closeImpl(164)) - 93caec60-0fcc-4b2b-9d7f-7eb17bf04289: shutdown server with port 37339 now
2019-10-18 13:54:29,132 [main] INFO  server.GrpcService (GrpcService.java:closeImpl(172)) - 93caec60-0fcc-4b2b-9d7f-7eb17bf04289: shutdown server with port 37339 successfully
2019-10-18 13:54:29,134 [refreshUsed-/workdir/hadoop-ozone/integration-test/target/test-dir/MiniOzoneClusterImpl-74b53c55-a47a-4ba0-940b-ff532fb51615/datanode-6/data/containers] WARN  fs.CachingGetSpaceUsed (CachingGetSpaceUsed.java:run(183)) - Thread Interrupted waiting to refresh disk information: sleep interrupted
2019-10-18 13:54:29,146 [main] INFO  utils.BackgroundService (BackgroundService.java:shutdown(151)) - Shutting down service BlockDeletingService
2019-10-18 13:54:29,150 [main] INFO  statemachine.DatanodeStateMachine (DatanodeStateMachine.java:stopDaemon(395)) - Ozone container server stopped.
2019-10-18 13:54:29,151 [main] INFO  handler.ContextHandler (ContextHandler.java:doStop(910)) - Stopped o.e.j.w.WebAppContext@1bfa5a13{/,null,UNAVAILABLE}{/hddsDatanode}
2019-10-18 13:54:29,151 [main] INFO  server.AbstractConnector (AbstractConnector.java:doStop(318)) - Stopped ServerConnector@1b1e1f02{HTTP/1.1,[http/1.1]}{0.0.0.0:0}
2019-10-18 13:54:29,152 [main] INFO  handler.ContextHandler (ContextHandler.java:doStop(910)) - Stopped o.e.j.s.ServletContextHandler@6182ffef{/static,jar:file:/home/user/.m2/repository/org/apache/hadoop/hadoop-hdds-container-service/0.5.0-SNAPSHOT/hadoop-hdds-container-service-0.5.0-SNAPSHOT.jar!/webapps/static,UNAVAILABLE}
2019-10-18 13:54:29,152 [main] INFO  handler.ContextHandler (ContextHandler.java:doStop(910)) - Stopped o.e.j.s.ServletContextHandler@2969a9a6{/logs,file:///workdir/hadoop-ozone/integration-test/target/log,UNAVAILABLE}
2019-10-18 13:54:29,724 [Datanode State Machine Thread - 0] INFO  statemachine.DatanodeStateMachine (DatanodeStateMachine.java:lambda$startDaemon$0(350)) - Ozone container server started.
2019-10-18 13:54:32,775 [Thread-4151] INFO  impl.FollowerState (FollowerState.java:run(108)) - cbf4fc70-08db-417d-ad43-548bd376729e@group-1B8221C9843F-FollowerState: change to CANDIDATE, lastRpcTime:9049ms, electionTimeout:5139ms
2019-10-18 13:54:32,776 [Thread-4151] INFO  impl.RoleInfo (RoleInfo.java:shutdownFollowerState(121)) - cbf4fc70-08db-417d-ad43-548bd376729e: shutdown FollowerState
2019-10-18 13:54:32,776 [Thread-4151] INFO  impl.RaftServerImpl (RaftServerImpl.java:setRole(170)) - cbf4fc70-08db-417d-ad43-548bd376729e@group-1B8221C9843F: changes role from  FOLLOWER to CANDIDATE at term 1 for changeToCandidate
2019-10-18 13:54:32,776 [Thread-4151] INFO  impl.RoleInfo (RoleInfo.java:updateAndGet(143)) - cbf4fc70-08db-417d-ad43-548bd376729e: start LeaderElection
2019-10-18 13:54:32,777 [cbf4fc70-08db-417d-ad43-548bd376729e@group-1B8221C9843F-LeaderElection104] INFO  impl.RaftServerImpl (ServerState.java:setLeader(255)) - cbf4fc70-08db-417d-ad43-548bd376729e@group-1B8221C9843F: change Leader from fb6f87a4-8408-4a98-9903-4c6215d108ba to null at term 1 for initElection
2019-10-18 13:54:32,801 [cbf4fc70-08db-417d-ad43-548bd376729e@group-1B8221C9843F-LeaderElection104] INFO  impl.LeaderElection (LeaderElection.java:askForVotes(178)) - cbf4fc70-08db-417d-ad43-548bd376729e@group-1B8221C9843F-LeaderElection104: begin an election at term 2 for 0: [fb6f87a4-8408-4a98-9903-4c6215d108ba:192.168.34.61:45994, 0e2ca166-51cd-408c-96b2-af63247b3a52:192.168.34.61:45435, cbf4fc70-08db-417d-ad43-548bd376729e:192.168.34.61:44436], old=null
2019-10-18 13:54:32,803 [cbf4fc70-08db-417d-ad43-548bd376729e@group-1B8221C9843F-LeaderElection104] INFO  impl.LeaderElection (LogUtils.java:infoOrTrace(149)) - cbf4fc70-08db-417d-ad43-548bd376729e@group-1B8221C9843F-LeaderElection104 got exception when requesting votes: {}
java.util.concurrent.ExecutionException: org.apache.ratis.thirdparty.io.grpc.StatusRuntimeException: UNAVAILABLE: io exception
	at java.util.concurrent.FutureTask.report(FutureTask.java:122)
	at java.util.concurrent.FutureTask.get(FutureTask.java:192)
	at org.apache.ratis.server.impl.LeaderElection.waitForResults(LeaderElection.java:259)
	at org.apache.ratis.server.impl.LeaderElection.askForVotes(LeaderElection.java:197)
	at org.apache.ratis.server.impl.LeaderElection.run(LeaderElection.java:133)
	at java.lang.Thread.run(Thread.java:748)
Caused by: org.apache.ratis.thirdparty.io.grpc.StatusRuntimeException: UNAVAILABLE: io exception
	at org.apache.ratis.thirdparty.io.grpc.stub.ClientCalls.toStatusRuntimeException(ClientCalls.java:233)
	at org.apache.ratis.thirdparty.io.grpc.stub.ClientCalls.getUnchecked(ClientCalls.java:214)
	at org.apache.ratis.thirdparty.io.grpc.stub.ClientCalls.blockingUnaryCall(ClientCalls.java:139)
	at org.apache.ratis.proto.grpc.RaftServerProtocolServiceGrpc$RaftServerProtocolServiceBlockingStub.requestVote(RaftServerProtocolServiceGrpc.java:265)
	at org.apache.ratis.grpc.server.GrpcServerProtocolClient.requestVote(GrpcServerProtocolClient.java:99)
	at org.apache.ratis.grpc.server.GrpcService.requestVote(GrpcService.java:204)
	at org.apache.ratis.server.impl.LeaderElection.lambda$submitRequests$1(LeaderElection.java:234)
	at java.util.concurrent.FutureTask.run(FutureTask.java:266)
	at java.util.concurrent.Executors$RunnableAdapter.call(Executors.java:511)
	at java.util.concurrent.FutureTask.run(FutureTask.java:266)
	at java.util.concurrent.ThreadPoolExecutor.runWorker(ThreadPoolExecutor.java:1149)
	at java.util.concurrent.ThreadPoolExecutor$Worker.run(ThreadPoolExecutor.java:624)
	... 1 more
Caused by: org.apache.ratis.thirdparty.io.netty.channel.AbstractChannel$AnnotatedConnectException: Connection refused: /192.168.34.61:45435
	at sun.nio.ch.SocketChannelImpl.checkConnect(Native Method)
	at sun.nio.ch.SocketChannelImpl.finishConnect(SocketChannelImpl.java:717)
	at org.apache.ratis.thirdparty.io.netty.channel.socket.nio.NioSocketChannel.doFinishConnect(NioSocketChannel.java:327)
	at org.apache.ratis.thirdparty.io.netty.channel.nio.AbstractNioChannel$AbstractNioUnsafe.finishConnect(AbstractNioChannel.java:340)
	at org.apache.ratis.thirdparty.io.netty.channel.nio.NioEventLoop.processSelectedKey(NioEventLoop.java:632)
	at org.apache.ratis.thirdparty.io.netty.channel.nio.NioEventLoop.processSelectedKeysOptimized(NioEventLoop.java:579)
	at org.apache.ratis.thirdparty.io.netty.channel.nio.NioEventLoop.processSelectedKeys(NioEventLoop.java:496)
	at org.apache.ratis.thirdparty.io.netty.channel.nio.NioEventLoop.run(NioEventLoop.java:458)
	at org.apache.ratis.thirdparty.io.netty.util.concurrent.SingleThreadEventExecutor$5.run(SingleThreadEventExecutor.java:897)
	at org.apache.ratis.thirdparty.io.netty.util.concurrent.FastThreadLocalRunnable.run(FastThreadLocalRunnable.java:30)
	... 1 more
Caused by: java.net.ConnectException: Connection refused
	... 11 more
2019-10-18 13:54:32,805 [cbf4fc70-08db-417d-ad43-548bd376729e@group-1B8221C9843F-LeaderElection104] INFO  impl.LeaderElection (LogUtils.java:infoOrTrace(149)) - cbf4fc70-08db-417d-ad43-548bd376729e@group-1B8221C9843F-LeaderElection104 got exception when requesting votes: {}
java.util.concurrent.ExecutionException: org.apache.ratis.thirdparty.io.grpc.StatusRuntimeException: UNAVAILABLE: io exception
	at java.util.concurrent.FutureTask.report(FutureTask.java:122)
	at java.util.concurrent.FutureTask.get(FutureTask.java:192)
	at org.apache.ratis.server.impl.LeaderElection.waitForResults(LeaderElection.java:259)
	at org.apache.ratis.server.impl.LeaderElection.askForVotes(LeaderElection.java:197)
	at org.apache.ratis.server.impl.LeaderElection.run(LeaderElection.java:133)
	at java.lang.Thread.run(Thread.java:748)
Caused by: org.apache.ratis.thirdparty.io.grpc.StatusRuntimeException: UNAVAILABLE: io exception
	at org.apache.ratis.thirdparty.io.grpc.stub.ClientCalls.toStatusRuntimeException(ClientCalls.java:233)
	at org.apache.ratis.thirdparty.io.grpc.stub.ClientCalls.getUnchecked(ClientCalls.java:214)
	at org.apache.ratis.thirdparty.io.grpc.stub.ClientCalls.blockingUnaryCall(ClientCalls.java:139)
	at org.apache.ratis.proto.grpc.RaftServerProtocolServiceGrpc$RaftServerProtocolServiceBlockingStub.requestVote(RaftServerProtocolServiceGrpc.java:265)
	at org.apache.ratis.grpc.server.GrpcServerProtocolClient.requestVote(GrpcServerProtocolClient.java:99)
	at org.apache.ratis.grpc.server.GrpcService.requestVote(GrpcService.java:204)
	at org.apache.ratis.server.impl.LeaderElection.lambda$submitRequests$1(LeaderElection.java:234)
	at java.util.concurrent.FutureTask.run(FutureTask.java:266)
	at java.util.concurrent.Executors$RunnableAdapter.call(Executors.java:511)
	at java.util.concurrent.FutureTask.run(FutureTask.java:266)
	at java.util.concurrent.ThreadPoolExecutor.runWorker(ThreadPoolExecutor.java:1149)
	at java.util.concurrent.ThreadPoolExecutor$Worker.run(ThreadPoolExecutor.java:624)
	... 1 more
Caused by: org.apache.ratis.thirdparty.io.netty.channel.AbstractChannel$AnnotatedConnectException: Connection refused: /192.168.34.61:45994
	at sun.nio.ch.SocketChannelImpl.checkConnect(Native Method)
	at sun.nio.ch.SocketChannelImpl.finishConnect(SocketChannelImpl.java:717)
	at org.apache.ratis.thirdparty.io.netty.channel.socket.nio.NioSocketChannel.doFinishConnect(NioSocketChannel.java:327)
	at org.apache.ratis.thirdparty.io.netty.channel.nio.AbstractNioChannel$AbstractNioUnsafe.finishConnect(AbstractNioChannel.java:340)
	at org.apache.ratis.thirdparty.io.netty.channel.nio.NioEventLoop.processSelectedKey(NioEventLoop.java:632)
	at org.apache.ratis.thirdparty.io.netty.channel.nio.NioEventLoop.processSelectedKeysOptimized(NioEventLoop.java:579)
	at org.apache.ratis.thirdparty.io.netty.channel.nio.NioEventLoop.processSelectedKeys(NioEventLoop.java:496)
	at org.apache.ratis.thirdparty.io.netty.channel.nio.NioEventLoop.run(NioEventLoop.java:458)
	at org.apache.ratis.thirdparty.io.netty.util.concurrent.SingleThreadEventExecutor$5.run(SingleThreadEventExecutor.java:897)
	at org.apache.ratis.thirdparty.io.netty.util.concurrent.FastThreadLocalRunnable.run(FastThreadLocalRunnable.java:30)
	... 1 more
Caused by: java.net.ConnectException: Connection refused
	... 11 more
2019-10-18 13:54:32,806 [cbf4fc70-08db-417d-ad43-548bd376729e@group-1B8221C9843F-LeaderElection104] INFO  impl.LeaderElection (LeaderElection.java:logAndReturn(56)) - cbf4fc70-08db-417d-ad43-548bd376729e@group-1B8221C9843F-LeaderElection104: Election REJECTED; received 0 response(s) [] and 2 exception(s); cbf4fc70-08db-417d-ad43-548bd376729e@group-1B8221C9843F:t2, leader=null, voted=cbf4fc70-08db-417d-ad43-548bd376729e, raftlog=cbf4fc70-08db-417d-ad43-548bd376729e@group-1B8221C9843F-SegmentedRaftLog:OPENED:c21,f21,i21, conf=0: [fb6f87a4-8408-4a98-9903-4c6215d108ba:192.168.34.61:45994, 0e2ca166-51cd-408c-96b2-af63247b3a52:192.168.34.61:45435, cbf4fc70-08db-417d-ad43-548bd376729e:192.168.34.61:44436], old=null
2019-10-18 13:54:32,806 [cbf4fc70-08db-417d-ad43-548bd376729e@group-1B8221C9843F-LeaderElection104] INFO  impl.LeaderElection (LogUtils.java:infoOrTrace(149)) -   Exception 0: {}
java.util.concurrent.ExecutionException: org.apache.ratis.thirdparty.io.grpc.StatusRuntimeException: UNAVAILABLE: io exception
	at java.util.concurrent.FutureTask.report(FutureTask.java:122)
	at java.util.concurrent.FutureTask.get(FutureTask.java:192)
	at org.apache.ratis.server.impl.LeaderElection.waitForResults(LeaderElection.java:259)
	at org.apache.ratis.server.impl.LeaderElection.askForVotes(LeaderElection.java:197)
	at org.apache.ratis.server.impl.LeaderElection.run(LeaderElection.java:133)
	at java.lang.Thread.run(Thread.java:748)
Caused by: org.apache.ratis.thirdparty.io.grpc.StatusRuntimeException: UNAVAILABLE: io exception
	at org.apache.ratis.thirdparty.io.grpc.stub.ClientCalls.toStatusRuntimeException(ClientCalls.java:233)
	at org.apache.ratis.thirdparty.io.grpc.stub.ClientCalls.getUnchecked(ClientCalls.java:214)
	at org.apache.ratis.thirdparty.io.grpc.stub.ClientCalls.blockingUnaryCall(ClientCalls.java:139)
	at org.apache.ratis.proto.grpc.RaftServerProtocolServiceGrpc$RaftServerProtocolServiceBlockingStub.requestVote(RaftServerProtocolServiceGrpc.java:265)
	at org.apache.ratis.grpc.server.GrpcServerProtocolClient.requestVote(GrpcServerProtocolClient.java:99)
	at org.apache.ratis.grpc.server.GrpcService.requestVote(GrpcService.java:204)
	at org.apache.ratis.server.impl.LeaderElection.lambda$submitRequests$1(LeaderElection.java:234)
	at java.util.concurrent.FutureTask.run(FutureTask.java:266)
	at java.util.concurrent.Executors$RunnableAdapter.call(Executors.java:511)
	at java.util.concurrent.FutureTask.run(FutureTask.java:266)
	at java.util.concurrent.ThreadPoolExecutor.runWorker(ThreadPoolExecutor.java:1149)
	at java.util.concurrent.ThreadPoolExecutor$Worker.run(ThreadPoolExecutor.java:624)
	... 1 more
Caused by: org.apache.ratis.thirdparty.io.netty.channel.AbstractChannel$AnnotatedConnectException: Connection refused: /192.168.34.61:45435
	at sun.nio.ch.SocketChannelImpl.checkConnect(Native Method)
	at sun.nio.ch.SocketChannelImpl.finishConnect(SocketChannelImpl.java:717)
	at org.apache.ratis.thirdparty.io.netty.channel.socket.nio.NioSocketChannel.doFinishConnect(NioSocketChannel.java:327)
	at org.apache.ratis.thirdparty.io.netty.channel.nio.AbstractNioChannel$AbstractNioUnsafe.finishConnect(AbstractNioChannel.java:340)
	at org.apache.ratis.thirdparty.io.netty.channel.nio.NioEventLoop.processSelectedKey(NioEventLoop.java:632)
	at org.apache.ratis.thirdparty.io.netty.channel.nio.NioEventLoop.processSelectedKeysOptimized(NioEventLoop.java:579)
	at org.apache.ratis.thirdparty.io.netty.channel.nio.NioEventLoop.processSelectedKeys(NioEventLoop.java:496)
	at org.apache.ratis.thirdparty.io.netty.channel.nio.NioEventLoop.run(NioEventLoop.java:458)
	at org.apache.ratis.thirdparty.io.netty.util.concurrent.SingleThreadEventExecutor$5.run(SingleThreadEventExecutor.java:897)
	at org.apache.ratis.thirdparty.io.netty.util.concurrent.FastThreadLocalRunnable.run(FastThreadLocalRunnable.java:30)
	... 1 more
Caused by: java.net.ConnectException: Connection refused
	... 11 more
2019-10-18 13:54:32,807 [cbf4fc70-08db-417d-ad43-548bd376729e@group-1B8221C9843F-LeaderElection104] INFO  impl.LeaderElection (LogUtils.java:infoOrTrace(149)) -   Exception 1: {}
java.util.concurrent.ExecutionException: org.apache.ratis.thirdparty.io.grpc.StatusRuntimeException: UNAVAILABLE: io exception
	at java.util.concurrent.FutureTask.report(FutureTask.java:122)
	at java.util.concurrent.FutureTask.get(FutureTask.java:192)
	at org.apache.ratis.server.impl.LeaderElection.waitForResults(LeaderElection.java:259)
	at org.apache.ratis.server.impl.LeaderElection.askForVotes(LeaderElection.java:197)
	at org.apache.ratis.server.impl.LeaderElection.run(LeaderElection.java:133)
	at java.lang.Thread.run(Thread.java:748)
Caused by: org.apache.ratis.thirdparty.io.grpc.StatusRuntimeException: UNAVAILABLE: io exception
	at org.apache.ratis.thirdparty.io.grpc.stub.ClientCalls.toStatusRuntimeException(ClientCalls.java:233)
	at org.apache.ratis.thirdparty.io.grpc.stub.ClientCalls.getUnchecked(ClientCalls.java:214)
	at org.apache.ratis.thirdparty.io.grpc.stub.ClientCalls.blockingUnaryCall(ClientCalls.java:139)
	at org.apache.ratis.proto.grpc.RaftServerProtocolServiceGrpc$RaftServerProtocolServiceBlockingStub.requestVote(RaftServerProtocolServiceGrpc.java:265)
	at org.apache.ratis.grpc.server.GrpcServerProtocolClient.requestVote(GrpcServerProtocolClient.java:99)
	at org.apache.ratis.grpc.server.GrpcService.requestVote(GrpcService.java:204)
	at org.apache.ratis.server.impl.LeaderElection.lambda$submitRequests$1(LeaderElection.java:234)
	at java.util.concurrent.FutureTask.run(FutureTask.java:266)
	at java.util.concurrent.Executors$RunnableAdapter.call(Executors.java:511)
	at java.util.concurrent.FutureTask.run(FutureTask.java:266)
	at java.util.concurrent.ThreadPoolExecutor.runWorker(ThreadPoolExecutor.java:1149)
	at java.util.concurrent.ThreadPoolExecutor$Worker.run(ThreadPoolExecutor.java:624)
	... 1 more
Caused by: org.apache.ratis.thirdparty.io.netty.channel.AbstractChannel$AnnotatedConnectException: Connection refused: /192.168.34.61:45994
	at sun.nio.ch.SocketChannelImpl.checkConnect(Native Method)
	at sun.nio.ch.SocketChannelImpl.finishConnect(SocketChannelImpl.java:717)
	at org.apache.ratis.thirdparty.io.netty.channel.socket.nio.NioSocketChannel.doFinishConnect(NioSocketChannel.java:327)
	at org.apache.ratis.thirdparty.io.netty.channel.nio.AbstractNioChannel$AbstractNioUnsafe.finishConnect(AbstractNioChannel.java:340)
	at org.apache.ratis.thirdparty.io.netty.channel.nio.NioEventLoop.processSelectedKey(NioEventLoop.java:632)
	at org.apache.ratis.thirdparty.io.netty.channel.nio.NioEventLoop.processSelectedKeysOptimized(NioEventLoop.java:579)
	at org.apache.ratis.thirdparty.io.netty.channel.nio.NioEventLoop.processSelectedKeys(NioEventLoop.java:496)
	at org.apache.ratis.thirdparty.io.netty.channel.nio.NioEventLoop.run(NioEventLoop.java:458)
	at org.apache.ratis.thirdparty.io.netty.util.concurrent.SingleThreadEventExecutor$5.run(SingleThreadEventExecutor.java:897)
	at org.apache.ratis.thirdparty.io.netty.util.concurrent.FastThreadLocalRunnable.run(FastThreadLocalRunnable.java:30)
	... 1 more
Caused by: java.net.ConnectException: Connection refused
	... 11 more
2019-10-18 13:54:32,807 [cbf4fc70-08db-417d-ad43-548bd376729e@group-1B8221C9843F-LeaderElection104] INFO  impl.RaftServerImpl (RaftServerImpl.java:setRole(170)) - cbf4fc70-08db-417d-ad43-548bd376729e@group-1B8221C9843F: changes role from CANDIDATE to FOLLOWER at term 2 for DISCOVERED_A_NEW_TERM
2019-10-18 13:54:32,807 [cbf4fc70-08db-417d-ad43-548bd376729e@group-1B8221C9843F-LeaderElection104] INFO  impl.RoleInfo (RoleInfo.java:shutdownLeaderElection(134)) - cbf4fc70-08db-417d-ad43-548bd376729e: shutdown LeaderElection
2019-10-18 13:54:32,807 [cbf4fc70-08db-417d-ad43-548bd376729e@group-1B8221C9843F-LeaderElection104] INFO  impl.RoleInfo (RoleInfo.java:updateAndGet(143)) - cbf4fc70-08db-417d-ad43-548bd376729e: start FollowerState
2019-10-18 13:54:33,737 [EventQueue-StaleNodeForStaleNodeHandler] INFO  node.StaleNodeHandler (StaleNodeHandler.java:onMessage(58)) - Datanode cbf4fc70-08db-417d-ad43-548bd376729e{ip: 192.168.34.61, host: pr-hdds-2280-982rn-3954796538, networkLocation: /default-rack, certSerialId: null} moved to stale state. Finalizing its pipelines [PipelineID=be44ede0-1005-4ea6-9043-1b8221c9843f, PipelineID=57ea699c-bda1-412e-9c2c-d5c785136ae9]
2019-10-18 13:54:33,739 [EventQueue-StaleNodeForStaleNodeHandler] INFO  pipeline.SCMPipelineManager (SCMPipelineManager.java:finalizeAndDestroyPipeline(315)) - destroying pipeline:Pipeline[ Id: be44ede0-1005-4ea6-9043-1b8221c9843f, Nodes: fb6f87a4-8408-4a98-9903-4c6215d108ba{ip: 192.168.34.61, host: pr-hdds-2280-982rn-3954796538, networkLocation: /default-rack, certSerialId: null}cbf4fc70-08db-417d-ad43-548bd376729e{ip: 192.168.34.61, host: pr-hdds-2280-982rn-3954796538, networkLocation: /default-rack, certSerialId: null}0e2ca166-51cd-408c-96b2-af63247b3a52{ip: 192.168.34.61, host: pr-hdds-2280-982rn-3954796538, networkLocation: /default-rack, certSerialId: null}, Type:RATIS, Factor:THREE, State:CLOSED]
2019-10-18 13:54:33,740 [EventQueue-StaleNodeForStaleNodeHandler] INFO  pipeline.SCMPipelineManager (SCMPipelineManager.java:finalizeAndDestroyPipeline(315)) - destroying pipeline:Pipeline[ Id: 57ea699c-bda1-412e-9c2c-d5c785136ae9, Nodes: cbf4fc70-08db-417d-ad43-548bd376729e{ip: 192.168.34.61, host: pr-hdds-2280-982rn-3954796538, networkLocation: /default-rack, certSerialId: null}, Type:RATIS, Factor:ONE, State:OPEN]
2019-10-18 13:54:33,740 [EventQueue-StaleNodeForStaleNodeHandler] INFO  pipeline.PipelineStateManager (PipelineStateManager.java:finalizePipeline(123)) - Pipeline Pipeline[ Id: 57ea699c-bda1-412e-9c2c-d5c785136ae9, Nodes: cbf4fc70-08db-417d-ad43-548bd376729e{ip: 192.168.34.61, host: pr-hdds-2280-982rn-3954796538, networkLocation: /default-rack, certSerialId: null}, Type:RATIS, Factor:ONE, State:CLOSED] moved to CLOSED state
2019-10-18 13:54:34,125 [ForkJoinPool.commonPool-worker-1] INFO  ozoneimpl.OzoneContainer (OzoneContainer.java:stop(227)) - Attempting to stop container services.
2019-10-18 13:54:34,126 [ForkJoinPool.commonPool-worker-1] INFO  impl.RaftServerProxy (RaftServerProxy.java:lambda$close$4(314)) - cbf4fc70-08db-417d-ad43-548bd376729e: close
2019-10-18 13:54:34,127 [ForkJoinPool.commonPool-worker-1] INFO  impl.RaftServerImpl (RaftServerImpl.java:lambda$shutdown$3(247)) - cbf4fc70-08db-417d-ad43-548bd376729e@group-1B8221C9843F: shutdown
2019-10-18 13:54:34,127 [ForkJoinPool.commonPool-worker-1] INFO  util.JmxRegister (JmxRegister.java:unregister(73)) - Successfully un-registered JMX Bean with object name Ratis:service=RaftServer,group=group-1B8221C9843F,id=cbf4fc70-08db-417d-ad43-548bd376729e
2019-10-18 13:54:34,127 [ForkJoinPool.commonPool-worker-1] INFO  impl.RoleInfo (RoleInfo.java:shutdownFollowerState(121)) - cbf4fc70-08db-417d-ad43-548bd376729e: shutdown FollowerState
2019-10-18 13:54:34,127 [ForkJoinPool.commonPool-worker-1] INFO  impl.StateMachineUpdater (StateMachineUpdater.java:stopAndJoin(136)) - cbf4fc70-08db-417d-ad43-548bd376729e@group-1B8221C9843F-StateMachineUpdater: set stopIndex = 21
2019-10-18 13:54:34,127 [Thread-4383] INFO  impl.FollowerState (FollowerState.java:run(117)) - cbf4fc70-08db-417d-ad43-548bd376729e@group-1B8221C9843F-FollowerState was interrupted: java.lang.InterruptedException: sleep interrupted
2019-10-18 13:54:34,128 [cbf4fc70-08db-417d-ad43-548bd376729e@group-1B8221C9843F-StateMachineUpdater] INFO  ratis.ContainerStateMachine (ContainerStateMachine.java:takeSnapshot(294)) - group-1B8221C9843F: Taking a snapshot at:(t:1, i:20) file /workdir/hadoop-ozone/integration-test/target/test-dir/MiniOzoneClusterImpl-74b53c55-a47a-4ba0-940b-ff532fb51615/datanode-5/data/ratis/be44ede0-1005-4ea6-9043-1b8221c9843f/sm/snapshot.1_20
2019-10-18 13:54:34,152 [cbf4fc70-08db-417d-ad43-548bd376729e@group-1B8221C9843F-StateMachineUpdater] INFO  ratis.ContainerStateMachine (ContainerStateMachine.java:takeSnapshot(305)) - group-1B8221C9843F: Finished taking a snapshot at:(t:1, i:20) file:/workdir/hadoop-ozone/integration-test/target/test-dir/MiniOzoneClusterImpl-74b53c55-a47a-4ba0-940b-ff532fb51615/datanode-5/data/ratis/be44ede0-1005-4ea6-9043-1b8221c9843f/sm/snapshot.1_20 time:25
2019-10-18 13:54:34,153 [cbf4fc70-08db-417d-ad43-548bd376729e@group-1B8221C9843F-StateMachineUpdater] INFO  impl.StateMachineUpdater (StateMachineUpdater.java:takeSnapshot(269)) - cbf4fc70-08db-417d-ad43-548bd376729e@group-1B8221C9843F-StateMachineUpdater: Took a snapshot at index 20
2019-10-18 13:54:34,153 [cbf4fc70-08db-417d-ad43-548bd376729e@group-1B8221C9843F-StateMachineUpdater] INFO  impl.StateMachineUpdater (StateMachineUpdater.java:lambda$new$0(84)) - cbf4fc70-08db-417d-ad43-548bd376729e@group-1B8221C9843F-StateMachineUpdater: snapshotIndex: updateIncreasingly -1 -> 20
2019-10-18 13:54:34,153 [cbf4fc70-08db-417d-ad43-548bd376729e@group-1B8221C9843F-StateMachineUpdater] INFO  ratis.ContainerStateMachine (ContainerStateMachine.java:takeSnapshot(294)) - group-1B8221C9843F: Taking a snapshot at:(t:1, i:20) file /workdir/hadoop-ozone/integration-test/target/test-dir/MiniOzoneClusterImpl-74b53c55-a47a-4ba0-940b-ff532fb51615/datanode-5/data/ratis/be44ede0-1005-4ea6-9043-1b8221c9843f/sm/snapshot.1_20
2019-10-18 13:54:34,178 [cbf4fc70-08db-417d-ad43-548bd376729e@group-1B8221C9843F-StateMachineUpdater] INFO  ratis.ContainerStateMachine (ContainerStateMachine.java:takeSnapshot(305)) - group-1B8221C9843F: Finished taking a snapshot at:(t:1, i:20) file:/workdir/hadoop-ozone/integration-test/target/test-dir/MiniOzoneClusterImpl-74b53c55-a47a-4ba0-940b-ff532fb51615/datanode-5/data/ratis/be44ede0-1005-4ea6-9043-1b8221c9843f/sm/snapshot.1_20 time:24
2019-10-18 13:54:34,178 [cbf4fc70-08db-417d-ad43-548bd376729e@group-1B8221C9843F-StateMachineUpdater] INFO  impl.StateMachineUpdater (StateMachineUpdater.java:takeSnapshot(269)) - cbf4fc70-08db-417d-ad43-548bd376729e@group-1B8221C9843F-StateMachineUpdater: Took a snapshot at index 20
2019-10-18 13:54:34,178 [cbf4fc70-08db-417d-ad43-548bd376729e@group-1B8221C9843F-StateMachineUpdater] INFO  impl.StateMachineUpdater (StateMachineUpdater.java:lambda$new$0(84)) - cbf4fc70-08db-417d-ad43-548bd376729e@group-1B8221C9843F-StateMachineUpdater: snapshotIndex: updateIncreasingly 20 -> 20
2019-10-18 13:54:34,178 [ForkJoinPool.commonPool-worker-1] INFO  impl.RaftServerImpl (ServerState.java:close(387)) - cbf4fc70-08db-417d-ad43-548bd376729e@group-1B8221C9843F: closes. applyIndex: 21
2019-10-18 13:54:34,179 [cbf4fc70-08db-417d-ad43-548bd376729e@group-1B8221C9843F-SegmentedRaftLogWorker] INFO  segmented.SegmentedRaftLogWorker (SegmentedRaftLogWorker.java:run(316)) - cbf4fc70-08db-417d-ad43-548bd376729e@group-1B8221C9843F-SegmentedRaftLogWorker was interrupted, exiting. There are 0 tasks remaining in the queue.
2019-10-18 13:54:34,179 [ForkJoinPool.commonPool-worker-1] INFO  segmented.SegmentedRaftLogWorker (SegmentedRaftLogWorker.java:close(224)) - cbf4fc70-08db-417d-ad43-548bd376729e@group-1B8221C9843F-SegmentedRaftLogWorker close()
2019-10-18 13:54:34,181 [ForkJoinPool.commonPool-worker-1] INFO  impl.RaftServerImpl (RaftServerImpl.java:lambda$shutdown$3(247)) - cbf4fc70-08db-417d-ad43-548bd376729e@group-D5C785136AE9: shutdown
2019-10-18 13:54:34,181 [ForkJoinPool.commonPool-worker-1] INFO  util.JmxRegister (JmxRegister.java:unregister(73)) - Successfully un-registered JMX Bean with object name Ratis:service=RaftServer,group=group-D5C785136AE9,id=cbf4fc70-08db-417d-ad43-548bd376729e
2019-10-18 13:54:34,181 [ForkJoinPool.commonPool-worker-1] INFO  impl.RoleInfo (RoleInfo.java:shutdownLeaderState(104)) - cbf4fc70-08db-417d-ad43-548bd376729e: shutdown LeaderState
2019-10-18 13:54:34,181 [ForkJoinPool.commonPool-worker-1] INFO  impl.PendingRequests (PendingRequests.java:sendNotLeaderResponses(202)) - cbf4fc70-08db-417d-ad43-548bd376729e@group-D5C785136AE9-PendingRequests: sendNotLeaderResponses
2019-10-18 13:54:34,182 [ForkJoinPool.commonPool-worker-1] INFO  impl.StateMachineUpdater (StateMachineUpdater.java:stopAndJoin(136)) - cbf4fc70-08db-417d-ad43-548bd376729e@group-D5C785136AE9-StateMachineUpdater: set stopIndex = 0
2019-10-18 13:54:34,182 [ForkJoinPool.commonPool-worker-1] INFO  impl.RaftServerImpl (ServerState.java:close(387)) - cbf4fc70-08db-417d-ad43-548bd376729e@group-D5C785136AE9: closes. applyIndex: 0
2019-10-18 13:54:34,182 [cbf4fc70-08db-417d-ad43-548bd376729e@group-D5C785136AE9-SegmentedRaftLogWorker] INFO  segmented.SegmentedRaftLogWorker (SegmentedRaftLogWorker.java:run(316)) - cbf4fc70-08db-417d-ad43-548bd376729e@group-D5C785136AE9-SegmentedRaftLogWorker was interrupted, exiting. There are 0 tasks remaining in the queue.
2019-10-18 13:54:34,182 [ForkJoinPool.commonPool-worker-1] INFO  segmented.SegmentedRaftLogWorker (SegmentedRaftLogWorker.java:close(224)) - cbf4fc70-08db-417d-ad43-548bd376729e@group-D5C785136AE9-SegmentedRaftLogWorker close()
2019-10-18 13:54:34,183 [ForkJoinPool.commonPool-worker-1] INFO  server.GrpcService (GrpcService.java:closeImpl(164)) - cbf4fc70-08db-417d-ad43-548bd376729e: shutdown server with port 44436 now
2019-10-18 13:54:34,184 [ForkJoinPool.commonPool-worker-1] INFO  server.GrpcService (GrpcService.java:closeImpl(172)) - cbf4fc70-08db-417d-ad43-548bd376729e: shutdown server with port 44436 successfully
2019-10-18 13:54:34,188 [refreshUsed-/workdir/hadoop-ozone/integration-test/target/test-dir/MiniOzoneClusterImpl-74b53c55-a47a-4ba0-940b-ff532fb51615/datanode-5/data/containers] WARN  fs.CachingGetSpaceUsed (CachingGetSpaceUsed.java:run(183)) - Thread Interrupted waiting to refresh disk information: sleep interrupted
2019-10-18 13:54:34,201 [ForkJoinPool.commonPool-worker-1] INFO  utils.BackgroundService (BackgroundService.java:shutdown(151)) - Shutting down service BlockDeletingService
2019-10-18 13:54:34,204 [ForkJoinPool.commonPool-worker-1] INFO  statemachine.DatanodeStateMachine (DatanodeStateMachine.java:stopDaemon(395)) - Ozone container server stopped.
2019-10-18 13:54:34,207 [ForkJoinPool.commonPool-worker-1] INFO  handler.ContextHandler (ContextHandler.java:doStop(910)) - Stopped o.e.j.w.WebAppContext@6cceb281{/,null,UNAVAILABLE}{/hddsDatanode}
2019-10-18 13:54:34,208 [ForkJoinPool.commonPool-worker-1] INFO  server.AbstractConnector (AbstractConnector.java:doStop(318)) - Stopped ServerConnector@7cca31fc{HTTP/1.1,[http/1.1]}{0.0.0.0:0}
2019-10-18 13:54:34,208 [ForkJoinPool.commonPool-worker-1] INFO  handler.ContextHandler (ContextHandler.java:doStop(910)) - Stopped o.e.j.s.ServletContextHandler@4e7bc939{/static,jar:file:/home/user/.m2/repository/org/apache/hadoop/hadoop-hdds-container-service/0.5.0-SNAPSHOT/hadoop-hdds-container-service-0.5.0-SNAPSHOT.jar!/webapps/static,UNAVAILABLE}
2019-10-18 13:54:34,209 [ForkJoinPool.commonPool-worker-1] INFO  handler.ContextHandler (ContextHandler.java:doStop(910)) - Stopped o.e.j.s.ServletContextHandler@62cd562d{/logs,file:///workdir/hadoop-ozone/integration-test/target/log,UNAVAILABLE}
2019-10-18 13:54:34,210 [main] INFO  ozone.MiniOzoneClusterImpl (MiniOzoneClusterImpl.java:stopSCM(392)) - Stopping the StorageContainerManager
2019-10-18 13:54:34,211 [main] INFO  server.StorageContainerManager (StorageContainerManager.java:stop(810)) - Stopping Replication Manager Service.
2019-10-18 13:54:34,211 [main] INFO  container.ReplicationManager (ReplicationManager.java:stop(203)) - Stopping Replication Monitor Thread.
2019-10-18 13:54:34,211 [main] INFO  server.StorageContainerManager (StorageContainerManager.java:stop(817)) - Stopping Lease Manager of the command watchers
2019-10-18 13:54:34,211 [main] INFO  server.StorageContainerManager (StorageContainerManager.java:stop(824)) - Stopping datanode service RPC server
2019-10-18 13:54:34,211 [main] INFO  server.SCMDatanodeProtocolServer (SCMDatanodeProtocolServer.java:stop(346)) - Stopping the RPC server for DataNodes
2019-10-18 13:54:34,212 [main] INFO  ipc.Server (Server.java:stop(3082)) - Stopping server on 45328
2019-10-18 13:54:34,213 [IPC Server listener on 45328] INFO  ipc.Server (Server.java:run(1185)) - Stopping IPC Server listener on 45328
2019-10-18 13:54:34,213 [IPC Server Responder] INFO  ipc.Server (Server.java:run(1319)) - Stopping IPC Server Responder
2019-10-18 13:54:34,238 [SCM Heartbeat Processing Thread - 0] WARN  node.NodeStateManager (NodeStateManager.java:scheduleNextHealthCheck(646)) - Current Thread is interrupted, shutting down HB processing thread for Node Manager.
2019-10-18 13:54:34,238 [main] INFO  server.StorageContainerManager (StorageContainerManager.java:stop(832)) - Stopping block service RPC server
2019-10-18 13:54:34,238 [main] INFO  server.SCMBlockProtocolServer (SCMBlockProtocolServer.java:stop(155)) - Stopping the RPC server for Block Protocol
2019-10-18 13:54:34,238 [main] INFO  ipc.Server (Server.java:stop(3082)) - Stopping server on 39797
2019-10-18 13:54:34,240 [IPC Server listener on 39797] INFO  ipc.Server (Server.java:run(1185)) - Stopping IPC Server listener on 39797
2019-10-18 13:54:34,240 [IPC Server Responder] INFO  ipc.Server (Server.java:run(1319)) - Stopping IPC Server Responder
2019-10-18 13:54:34,240 [main] INFO  server.StorageContainerManager (StorageContainerManager.java:stop(839)) - Stopping the StorageContainerLocationProtocol RPC server
2019-10-18 13:54:34,240 [main] INFO  server.SCMClientProtocolServer (SCMClientProtocolServer.java:stop(168)) - Stopping the RPC server for Client Protocol
2019-10-18 13:54:34,240 [main] INFO  ipc.Server (Server.java:stop(3082)) - Stopping server on 33205
2019-10-18 13:54:34,243 [IPC Server listener on 33205] INFO  ipc.Server (Server.java:run(1185)) - Stopping IPC Server listener on 33205
2019-10-18 13:54:34,243 [main] INFO  server.StorageContainerManager (StorageContainerManager.java:stop(846)) - Stopping Storage Container Manager HTTP server.
2019-10-18 13:54:34,243 [IPC Server Responder] INFO  ipc.Server (Server.java:run(1319)) - Stopping IPC Server Responder
2019-10-18 13:54:34,245 [main] INFO  handler.ContextHandler (ContextHandler.java:doStop(910)) - Stopped o.e.j.w.WebAppContext@20a1b3ae{/,null,UNAVAILABLE}{/scm}
2019-10-18 13:54:34,245 [main] INFO  server.AbstractConnector (AbstractConnector.java:doStop(318)) - Stopped ServerConnector@377e8c60{HTTP/1.1,[http/1.1]}{0.0.0.0:0}
2019-10-18 13:54:34,245 [main] INFO  handler.ContextHandler (ContextHandler.java:doStop(910)) - Stopped o.e.j.s.ServletContextHandler@63de4fa{/static,file:///workdir/hadoop-ozone/integration-test/target/test-classes/webapps/static,UNAVAILABLE}
2019-10-18 13:54:34,245 [main] INFO  handler.ContextHandler (ContextHandler.java:doStop(910)) - Stopped o.e.j.s.ServletContextHandler@7ad889be{/logs,file:///workdir/hadoop-ozone/integration-test/target/log,UNAVAILABLE}
2019-10-18 13:54:34,246 [main] INFO  server.StorageContainerManager (StorageContainerManager.java:stop(857)) - Stopping Block Manager Service.
2019-10-18 13:54:34,246 [main] INFO  utils.BackgroundService (BackgroundService.java:shutdown(151)) - Shutting down service SCMBlockDeletingService
2019-10-18 13:54:34,246 [main] INFO  utils.BackgroundService (BackgroundService.java:shutdown(151)) - Shutting down service SCMBlockDeletingService
2019-10-18 13:54:34,246 [main] INFO  server.StorageContainerManager (StorageContainerManager.java:stop(879)) - Stopping SCM Event Queue.
2019-10-18 13:54:34,250 [main] INFO  impl.MetricsSystemImpl (MetricsSystemImpl.java:stop(210)) - Stopping HddsDatanode metrics system...
2019-10-18 13:54:34,272 [main] INFO  impl.MetricsSystemImpl (MetricsSystemImpl.java:stop(216)) - HddsDatanode metrics system stopped.
]]></system-out>
    <system-err><![CDATA[Oct 18, 2019 1:53:56 PM org.apache.ratis.thirdparty.io.grpc.internal.ManagedChannelOrphanWrapper$ManagedChannelReference cleanQueue
SEVERE: *~*~*~ Channel ManagedChannelImpl{logId=3577, target=192.168.34.61:41181} was not shutdown properly!!! ~*~*~*
    Make sure to call shutdown()/shutdownNow() and wait until awaitTermination() returns true.
java.lang.RuntimeException: ManagedChannel allocation site
	at org.apache.ratis.thirdparty.io.grpc.internal.ManagedChannelOrphanWrapper$ManagedChannelReference.<init>(ManagedChannelOrphanWrapper.java:103)
	at org.apache.ratis.thirdparty.io.grpc.internal.ManagedChannelOrphanWrapper.<init>(ManagedChannelOrphanWrapper.java:53)
	at org.apache.ratis.thirdparty.io.grpc.internal.ManagedChannelOrphanWrapper.<init>(ManagedChannelOrphanWrapper.java:44)
	at org.apache.ratis.thirdparty.io.grpc.internal.AbstractManagedChannelImplBuilder.build(AbstractManagedChannelImplBuilder.java:411)
	at org.apache.hadoop.hdds.scm.XceiverClientGrpc.connectToDatanode(XceiverClientGrpc.java:183)
	at org.apache.hadoop.hdds.scm.XceiverClientGrpc.reconnect(XceiverClientGrpc.java:434)
	at org.apache.hadoop.hdds.scm.XceiverClientGrpc.sendCommandAsync(XceiverClientGrpc.java:382)
	at org.apache.hadoop.hdds.scm.XceiverClientGrpc.sendCommandWithRetry(XceiverClientGrpc.java:295)
	at org.apache.hadoop.hdds.scm.XceiverClientGrpc.sendCommandWithTraceIDAndRetry(XceiverClientGrpc.java:259)
	at org.apache.hadoop.hdds.scm.XceiverClientGrpc.sendCommand(XceiverClientGrpc.java:242)
	at org.apache.hadoop.hdds.scm.storage.ContainerProtocolCalls.getBlock(ContainerProtocolCalls.java:118)
	at org.apache.hadoop.hdds.scm.storage.BlockInputStream.getChunkInfos(BlockInputStream.java:169)
	at org.apache.hadoop.hdds.scm.storage.BlockInputStream.initialize(BlockInputStream.java:118)
	at org.apache.hadoop.hdds.scm.storage.BlockInputStream.read(BlockInputStream.java:224)
	at org.apache.hadoop.ozone.client.io.KeyInputStream.read(KeyInputStream.java:173)
	at org.apache.hadoop.ozone.client.io.OzoneInputStream.read(OzoneInputStream.java:47)
	at java.io.InputStream.read(InputStream.java:101)
	at org.apache.hadoop.ozone.container.ContainerTestHelper.validateData(ContainerTestHelper.java:715)
	at org.apache.hadoop.ozone.client.rpc.TestBlockOutputStreamWithFailures.validateData(TestBlockOutputStreamWithFailures.java:1216)
	at org.apache.hadoop.ozone.client.rpc.TestBlockOutputStreamWithFailures.testFailureWithPrimeSizedData(TestBlockOutputStreamWithFailures.java:662)
	at sun.reflect.NativeMethodAccessorImpl.invoke0(Native Method)
	at sun.reflect.NativeMethodAccessorImpl.invoke(NativeMethodAccessorImpl.java:62)
	at sun.reflect.DelegatingMethodAccessorImpl.invoke(DelegatingMethodAccessorImpl.java:43)
	at java.lang.reflect.Method.invoke(Method.java:498)
	at org.junit.runners.model.FrameworkMethod$1.runReflectiveCall(FrameworkMethod.java:47)
	at org.junit.internal.runners.model.ReflectiveCallable.run(ReflectiveCallable.java:12)
	at org.junit.runners.model.FrameworkMethod.invokeExplosively(FrameworkMethod.java:44)
	at org.junit.internal.runners.statements.InvokeMethod.evaluate(InvokeMethod.java:17)
	at org.junit.internal.runners.statements.RunBefores.evaluate(RunBefores.java:26)
	at org.junit.internal.runners.statements.RunAfters.evaluate(RunAfters.java:27)
	at org.junit.runners.ParentRunner.runLeaf(ParentRunner.java:271)
	at org.junit.runners.BlockJUnit4ClassRunner.runChild(BlockJUnit4ClassRunner.java:70)
	at org.junit.runners.BlockJUnit4ClassRunner.runChild(BlockJUnit4ClassRunner.java:50)
	at org.junit.runners.ParentRunner$3.run(ParentRunner.java:238)
	at org.junit.runners.ParentRunner$1.schedule(ParentRunner.java:63)
	at org.junit.runners.ParentRunner.runChildren(ParentRunner.java:236)
	at org.junit.runners.ParentRunner.access$000(ParentRunner.java:53)
	at org.junit.runners.ParentRunner$2.evaluate(ParentRunner.java:229)
	at org.junit.runners.ParentRunner.run(ParentRunner.java:309)
	at org.apache.maven.surefire.junit4.JUnit4Provider.execute(JUnit4Provider.java:365)
	at org.apache.maven.surefire.junit4.JUnit4Provider.executeWithRerun(JUnit4Provider.java:273)
	at org.apache.maven.surefire.junit4.JUnit4Provider.executeTestSet(JUnit4Provider.java:238)
	at org.apache.maven.surefire.junit4.JUnit4Provider.invoke(JUnit4Provider.java:159)
	at org.apache.maven.surefire.booter.ForkedBooter.invokeProviderInSameClassLoader(ForkedBooter.java:384)
	at org.apache.maven.surefire.booter.ForkedBooter.runSuitesInProcess(ForkedBooter.java:345)
	at org.apache.maven.surefire.booter.ForkedBooter.execute(ForkedBooter.java:126)
	at org.apache.maven.surefire.booter.ForkedBooter.main(ForkedBooter.java:418)

Oct 18, 2019 1:53:56 PM org.apache.ratis.thirdparty.io.grpc.internal.ManagedChannelOrphanWrapper$ManagedChannelReference cleanQueue
SEVERE: *~*~*~ Channel ManagedChannelImpl{logId=3530, target=192.168.34.61:43681} was not shutdown properly!!! ~*~*~*
    Make sure to call shutdown()/shutdownNow() and wait until awaitTermination() returns true.
java.lang.RuntimeException: ManagedChannel allocation site
	at org.apache.ratis.thirdparty.io.grpc.internal.ManagedChannelOrphanWrapper$ManagedChannelReference.<init>(ManagedChannelOrphanWrapper.java:103)
	at org.apache.ratis.thirdparty.io.grpc.internal.ManagedChannelOrphanWrapper.<init>(ManagedChannelOrphanWrapper.java:53)
	at org.apache.ratis.thirdparty.io.grpc.internal.ManagedChannelOrphanWrapper.<init>(ManagedChannelOrphanWrapper.java:44)
	at org.apache.ratis.thirdparty.io.grpc.internal.AbstractManagedChannelImplBuilder.build(AbstractManagedChannelImplBuilder.java:411)
	at org.apache.ratis.grpc.client.GrpcClientProtocolClient.<init>(GrpcClientProtocolClient.java:128)
	at org.apache.ratis.grpc.client.GrpcClientRpc.lambda$new$0(GrpcClientRpc.java:55)
	at org.apache.ratis.util.PeerProxyMap$PeerAndProxy.lambda$getProxy$0(PeerProxyMap.java:61)
	at org.apache.ratis.util.LifeCycle.startAndTransition(LifeCycle.java:202)
	at org.apache.ratis.util.PeerProxyMap$PeerAndProxy.getProxy(PeerProxyMap.java:60)
	at org.apache.ratis.util.PeerProxyMap.getProxy(PeerProxyMap.java:108)
	at org.apache.ratis.grpc.client.GrpcClientRpc.sendRequestAsync(GrpcClientRpc.java:66)
	at org.apache.ratis.client.impl.OrderedAsync.sendRequest(OrderedAsync.java:208)
	at org.apache.ratis.client.impl.OrderedAsync.sendRequestWithRetry(OrderedAsync.java:169)
	at org.apache.ratis.util.SlidingWindow$Client.sendOrDelayRequest(SlidingWindow.java:278)
	at org.apache.ratis.util.SlidingWindow$Client.retry(SlidingWindow.java:294)
	at org.apache.ratis.client.impl.OrderedAsync.lambda$scheduleWithTimeout$7(OrderedAsync.java:195)
	at org.apache.ratis.util.TimeoutScheduler.lambda$onTimeout$0(TimeoutScheduler.java:113)
	at org.apache.ratis.util.TimeoutScheduler.lambda$onTimeout$1(TimeoutScheduler.java:133)
	at org.apache.ratis.util.LogUtils.runAndLog(LogUtils.java:50)
	at org.apache.ratis.util.LogUtils$1.run(LogUtils.java:91)
	at java.util.concurrent.Executors$RunnableAdapter.call(Executors.java:511)
	at java.util.concurrent.FutureTask.run(FutureTask.java:266)
	at java.util.concurrent.ScheduledThreadPoolExecutor$ScheduledFutureTask.access$201(ScheduledThreadPoolExecutor.java:180)
	at java.util.concurrent.ScheduledThreadPoolExecutor$ScheduledFutureTask.run(ScheduledThreadPoolExecutor.java:293)
	at java.util.concurrent.ThreadPoolExecutor.runWorker(ThreadPoolExecutor.java:1149)
	at java.util.concurrent.ThreadPoolExecutor$Worker.run(ThreadPoolExecutor.java:624)
	at java.lang.Thread.run(Thread.java:748)

Oct 18, 2019 1:53:56 PM org.apache.ratis.thirdparty.io.grpc.internal.ManagedChannelOrphanWrapper$ManagedChannelReference cleanQueue
SEVERE: *~*~*~ Channel ManagedChannelImpl{logId=3208, target=192.168.34.61:36275} was not shutdown properly!!! ~*~*~*
    Make sure to call shutdown()/shutdownNow() and wait until awaitTermination() returns true.
java.lang.RuntimeException: ManagedChannel allocation site
	at org.apache.ratis.thirdparty.io.grpc.internal.ManagedChannelOrphanWrapper$ManagedChannelReference.<init>(ManagedChannelOrphanWrapper.java:103)
	at org.apache.ratis.thirdparty.io.grpc.internal.ManagedChannelOrphanWrapper.<init>(ManagedChannelOrphanWrapper.java:53)
	at org.apache.ratis.thirdparty.io.grpc.internal.ManagedChannelOrphanWrapper.<init>(ManagedChannelOrphanWrapper.java:44)
	at org.apache.ratis.thirdparty.io.grpc.internal.AbstractManagedChannelImplBuilder.build(AbstractManagedChannelImplBuilder.java:411)
	at org.apache.ratis.grpc.client.GrpcClientProtocolClient.<init>(GrpcClientProtocolClient.java:128)
	at org.apache.ratis.grpc.client.GrpcClientRpc.lambda$new$0(GrpcClientRpc.java:55)
	at org.apache.ratis.util.PeerProxyMap$PeerAndProxy.lambda$getProxy$0(PeerProxyMap.java:61)
	at org.apache.ratis.util.LifeCycle.startAndTransition(LifeCycle.java:202)
	at org.apache.ratis.util.PeerProxyMap$PeerAndProxy.getProxy(PeerProxyMap.java:60)
	at org.apache.ratis.util.PeerProxyMap.getProxy(PeerProxyMap.java:108)
	at org.apache.ratis.grpc.client.GrpcClientRpc.sendRequestAsync(GrpcClientRpc.java:66)
	at org.apache.ratis.client.impl.OrderedAsync.sendRequest(OrderedAsync.java:208)
	at org.apache.ratis.client.impl.OrderedAsync.sendRequestWithRetry(OrderedAsync.java:169)
	at org.apache.ratis.util.SlidingWindow$Client.sendOrDelayRequest(SlidingWindow.java:278)
	at org.apache.ratis.util.SlidingWindow$Client.retry(SlidingWindow.java:294)
	at org.apache.ratis.client.impl.OrderedAsync.lambda$scheduleWithTimeout$7(OrderedAsync.java:195)
	at org.apache.ratis.util.TimeoutScheduler.lambda$onTimeout$0(TimeoutScheduler.java:113)
	at org.apache.ratis.util.TimeoutScheduler.lambda$onTimeout$1(TimeoutScheduler.java:133)
	at org.apache.ratis.util.LogUtils.runAndLog(LogUtils.java:50)
	at org.apache.ratis.util.LogUtils$1.run(LogUtils.java:91)
	at java.util.concurrent.Executors$RunnableAdapter.call(Executors.java:511)
	at java.util.concurrent.FutureTask.run(FutureTask.java:266)
	at java.util.concurrent.ScheduledThreadPoolExecutor$ScheduledFutureTask.access$201(ScheduledThreadPoolExecutor.java:180)
	at java.util.concurrent.ScheduledThreadPoolExecutor$ScheduledFutureTask.run(ScheduledThreadPoolExecutor.java:293)
	at java.util.concurrent.ThreadPoolExecutor.runWorker(ThreadPoolExecutor.java:1149)
	at java.util.concurrent.ThreadPoolExecutor$Worker.run(ThreadPoolExecutor.java:624)
	at java.lang.Thread.run(Thread.java:748)

Oct 18, 2019 1:53:56 PM org.apache.ratis.thirdparty.io.grpc.internal.ManagedChannelOrphanWrapper$ManagedChannelReference cleanQueue
SEVERE: *~*~*~ Channel ManagedChannelImpl{logId=3572, target=192.168.34.61:41181} was not shutdown properly!!! ~*~*~*
    Make sure to call shutdown()/shutdownNow() and wait until awaitTermination() returns true.
java.lang.RuntimeException: ManagedChannel allocation site
	at org.apache.ratis.thirdparty.io.grpc.internal.ManagedChannelOrphanWrapper$ManagedChannelReference.<init>(ManagedChannelOrphanWrapper.java:103)
	at org.apache.ratis.thirdparty.io.grpc.internal.ManagedChannelOrphanWrapper.<init>(ManagedChannelOrphanWrapper.java:53)
	at org.apache.ratis.thirdparty.io.grpc.internal.ManagedChannelOrphanWrapper.<init>(ManagedChannelOrphanWrapper.java:44)
	at org.apache.ratis.thirdparty.io.grpc.internal.AbstractManagedChannelImplBuilder.build(AbstractManagedChannelImplBuilder.java:411)
	at org.apache.hadoop.hdds.scm.XceiverClientGrpc.connectToDatanode(XceiverClientGrpc.java:183)
	at org.apache.hadoop.hdds.scm.XceiverClientGrpc.reconnect(XceiverClientGrpc.java:434)
	at org.apache.hadoop.hdds.scm.XceiverClientGrpc.sendCommandAsync(XceiverClientGrpc.java:382)
	at org.apache.hadoop.hdds.scm.XceiverClientGrpc.sendCommandWithRetry(XceiverClientGrpc.java:295)
	at org.apache.hadoop.hdds.scm.XceiverClientGrpc.sendCommandWithTraceIDAndRetry(XceiverClientGrpc.java:259)
	at org.apache.hadoop.hdds.scm.XceiverClientGrpc.sendCommand(XceiverClientGrpc.java:242)
	at org.apache.hadoop.hdds.scm.storage.ContainerProtocolCalls.readChunk(ContainerProtocolCalls.java:245)
	at org.apache.hadoop.hdds.scm.storage.ChunkInputStream.readChunk(ChunkInputStream.java:335)
	at org.apache.hadoop.hdds.scm.storage.ChunkInputStream.readChunkFromContainer(ChunkInputStream.java:307)
	at org.apache.hadoop.hdds.scm.storage.ChunkInputStream.prepareRead(ChunkInputStream.java:259)
	at org.apache.hadoop.hdds.scm.storage.ChunkInputStream.read(ChunkInputStream.java:144)
	at org.apache.hadoop.hdds.scm.storage.BlockInputStream.read(BlockInputStream.java:241)
	at org.apache.hadoop.ozone.client.io.KeyInputStream.read(KeyInputStream.java:173)
	at org.apache.hadoop.ozone.client.io.OzoneInputStream.read(OzoneInputStream.java:47)
	at java.io.InputStream.read(InputStream.java:101)
	at org.apache.hadoop.ozone.container.ContainerTestHelper.validateData(ContainerTestHelper.java:715)
	at org.apache.hadoop.ozone.client.rpc.TestBlockOutputStreamWithFailures.validateData(TestBlockOutputStreamWithFailures.java:1216)
	at org.apache.hadoop.ozone.client.rpc.TestBlockOutputStreamWithFailures.testFailureWithPrimeSizedData(TestBlockOutputStreamWithFailures.java:662)
	at sun.reflect.NativeMethodAccessorImpl.invoke0(Native Method)
	at sun.reflect.NativeMethodAccessorImpl.invoke(NativeMethodAccessorImpl.java:62)
	at sun.reflect.DelegatingMethodAccessorImpl.invoke(DelegatingMethodAccessorImpl.java:43)
	at java.lang.reflect.Method.invoke(Method.java:498)
	at org.junit.runners.model.FrameworkMethod$1.runReflectiveCall(FrameworkMethod.java:47)
	at org.junit.internal.runners.model.ReflectiveCallable.run(ReflectiveCallable.java:12)
	at org.junit.runners.model.FrameworkMethod.invokeExplosively(FrameworkMethod.java:44)
	at org.junit.internal.runners.statements.InvokeMethod.evaluate(InvokeMethod.java:17)
	at org.junit.internal.runners.statements.RunBefores.evaluate(RunBefores.java:26)
	at org.junit.internal.runners.statements.RunAfters.evaluate(RunAfters.java:27)
	at org.junit.runners.ParentRunner.runLeaf(ParentRunner.java:271)
	at org.junit.runners.BlockJUnit4ClassRunner.runChild(BlockJUnit4ClassRunner.java:70)
	at org.junit.runners.BlockJUnit4ClassRunner.runChild(BlockJUnit4ClassRunner.java:50)
	at org.junit.runners.ParentRunner$3.run(ParentRunner.java:238)
	at org.junit.runners.ParentRunner$1.schedule(ParentRunner.java:63)
	at org.junit.runners.ParentRunner.runChildren(ParentRunner.java:236)
	at org.junit.runners.ParentRunner.access$000(ParentRunner.java:53)
	at org.junit.runners.ParentRunner$2.evaluate(ParentRunner.java:229)
	at org.junit.runners.ParentRunner.run(ParentRunner.java:309)
	at org.apache.maven.surefire.junit4.JUnit4Provider.execute(JUnit4Provider.java:365)
	at org.apache.maven.surefire.junit4.JUnit4Provider.executeWithRerun(JUnit4Provider.java:273)
	at org.apache.maven.surefire.junit4.JUnit4Provider.executeTestSet(JUnit4Provider.java:238)
	at org.apache.maven.surefire.junit4.JUnit4Provider.invoke(JUnit4Provider.java:159)
	at org.apache.maven.surefire.booter.ForkedBooter.invokeProviderInSameClassLoader(ForkedBooter.java:384)
	at org.apache.maven.surefire.booter.ForkedBooter.runSuitesInProcess(ForkedBooter.java:345)
	at org.apache.maven.surefire.booter.ForkedBooter.execute(ForkedBooter.java:126)
	at org.apache.maven.surefire.booter.ForkedBooter.main(ForkedBooter.java:418)

Oct 18, 2019 1:53:56 PM org.apache.ratis.thirdparty.io.grpc.internal.ManagedChannelOrphanWrapper$ManagedChannelReference cleanQueue
SEVERE: *~*~*~ Channel ManagedChannelImpl{logId=3567, target=192.168.34.61:43815} was not shutdown properly!!! ~*~*~*
    Make sure to call shutdown()/shutdownNow() and wait until awaitTermination() returns true.
java.lang.RuntimeException: ManagedChannel allocation site
	at org.apache.ratis.thirdparty.io.grpc.internal.ManagedChannelOrphanWrapper$ManagedChannelReference.<init>(ManagedChannelOrphanWrapper.java:103)
	at org.apache.ratis.thirdparty.io.grpc.internal.ManagedChannelOrphanWrapper.<init>(ManagedChannelOrphanWrapper.java:53)
	at org.apache.ratis.thirdparty.io.grpc.internal.ManagedChannelOrphanWrapper.<init>(ManagedChannelOrphanWrapper.java:44)
	at org.apache.ratis.thirdparty.io.grpc.internal.AbstractManagedChannelImplBuilder.build(AbstractManagedChannelImplBuilder.java:411)
	at org.apache.hadoop.hdds.scm.XceiverClientGrpc.connectToDatanode(XceiverClientGrpc.java:183)
	at org.apache.hadoop.hdds.scm.XceiverClientGrpc.reconnect(XceiverClientGrpc.java:434)
	at org.apache.hadoop.hdds.scm.XceiverClientGrpc.sendCommandAsync(XceiverClientGrpc.java:382)
	at org.apache.hadoop.hdds.scm.XceiverClientGrpc.sendCommandWithRetry(XceiverClientGrpc.java:295)
	at org.apache.hadoop.hdds.scm.XceiverClientGrpc.sendCommandWithTraceIDAndRetry(XceiverClientGrpc.java:259)
	at org.apache.hadoop.hdds.scm.XceiverClientGrpc.sendCommand(XceiverClientGrpc.java:242)
	at org.apache.hadoop.hdds.scm.storage.ContainerProtocolCalls.getBlock(ContainerProtocolCalls.java:118)
	at org.apache.hadoop.hdds.scm.storage.BlockInputStream.getChunkInfos(BlockInputStream.java:169)
	at org.apache.hadoop.hdds.scm.storage.BlockInputStream.initialize(BlockInputStream.java:118)
	at org.apache.hadoop.hdds.scm.storage.BlockInputStream.read(BlockInputStream.java:224)
	at org.apache.hadoop.ozone.client.io.KeyInputStream.read(KeyInputStream.java:173)
	at org.apache.hadoop.ozone.client.io.OzoneInputStream.read(OzoneInputStream.java:47)
	at java.io.InputStream.read(InputStream.java:101)
	at org.apache.hadoop.ozone.container.ContainerTestHelper.validateData(ContainerTestHelper.java:715)
	at org.apache.hadoop.ozone.client.rpc.TestBlockOutputStreamWithFailures.validateData(TestBlockOutputStreamWithFailures.java:1216)
	at org.apache.hadoop.ozone.client.rpc.TestBlockOutputStreamWithFailures.testFailureWithPrimeSizedData(TestBlockOutputStreamWithFailures.java:662)
	at sun.reflect.NativeMethodAccessorImpl.invoke0(Native Method)
	at sun.reflect.NativeMethodAccessorImpl.invoke(NativeMethodAccessorImpl.java:62)
	at sun.reflect.DelegatingMethodAccessorImpl.invoke(DelegatingMethodAccessorImpl.java:43)
	at java.lang.reflect.Method.invoke(Method.java:498)
	at org.junit.runners.model.FrameworkMethod$1.runReflectiveCall(FrameworkMethod.java:47)
	at org.junit.internal.runners.model.ReflectiveCallable.run(ReflectiveCallable.java:12)
	at org.junit.runners.model.FrameworkMethod.invokeExplosively(FrameworkMethod.java:44)
	at org.junit.internal.runners.statements.InvokeMethod.evaluate(InvokeMethod.java:17)
	at org.junit.internal.runners.statements.RunBefores.evaluate(RunBefores.java:26)
	at org.junit.internal.runners.statements.RunAfters.evaluate(RunAfters.java:27)
	at org.junit.runners.ParentRunner.runLeaf(ParentRunner.java:271)
	at org.junit.runners.BlockJUnit4ClassRunner.runChild(BlockJUnit4ClassRunner.java:70)
	at org.junit.runners.BlockJUnit4ClassRunner.runChild(BlockJUnit4ClassRunner.java:50)
	at org.junit.runners.ParentRunner$3.run(ParentRunner.java:238)
	at org.junit.runners.ParentRunner$1.schedule(ParentRunner.java:63)
	at org.junit.runners.ParentRunner.runChildren(ParentRunner.java:236)
	at org.junit.runners.ParentRunner.access$000(ParentRunner.java:53)
	at org.junit.runners.ParentRunner$2.evaluate(ParentRunner.java:229)
	at org.junit.runners.ParentRunner.run(ParentRunner.java:309)
	at org.apache.maven.surefire.junit4.JUnit4Provider.execute(JUnit4Provider.java:365)
	at org.apache.maven.surefire.junit4.JUnit4Provider.executeWithRerun(JUnit4Provider.java:273)
	at org.apache.maven.surefire.junit4.JUnit4Provider.executeTestSet(JUnit4Provider.java:238)
	at org.apache.maven.surefire.junit4.JUnit4Provider.invoke(JUnit4Provider.java:159)
	at org.apache.maven.surefire.booter.ForkedBooter.invokeProviderInSameClassLoader(ForkedBooter.java:384)
	at org.apache.maven.surefire.booter.ForkedBooter.runSuitesInProcess(ForkedBooter.java:345)
	at org.apache.maven.surefire.booter.ForkedBooter.execute(ForkedBooter.java:126)
	at org.apache.maven.surefire.booter.ForkedBooter.main(ForkedBooter.java:418)

Oct 18, 2019 1:53:56 PM org.apache.ratis.thirdparty.io.grpc.internal.ManagedChannelOrphanWrapper$ManagedChannelReference cleanQueue
SEVERE: *~*~*~ Channel ManagedChannelImpl{logId=3582, target=192.168.34.61:45564} was not shutdown properly!!! ~*~*~*
    Make sure to call shutdown()/shutdownNow() and wait until awaitTermination() returns true.
java.lang.RuntimeException: ManagedChannel allocation site
	at org.apache.ratis.thirdparty.io.grpc.internal.ManagedChannelOrphanWrapper$ManagedChannelReference.<init>(ManagedChannelOrphanWrapper.java:103)
	at org.apache.ratis.thirdparty.io.grpc.internal.ManagedChannelOrphanWrapper.<init>(ManagedChannelOrphanWrapper.java:53)
	at org.apache.ratis.thirdparty.io.grpc.internal.ManagedChannelOrphanWrapper.<init>(ManagedChannelOrphanWrapper.java:44)
	at org.apache.ratis.thirdparty.io.grpc.internal.AbstractManagedChannelImplBuilder.build(AbstractManagedChannelImplBuilder.java:411)
	at org.apache.hadoop.hdds.scm.XceiverClientGrpc.connectToDatanode(XceiverClientGrpc.java:183)
	at org.apache.hadoop.hdds.scm.XceiverClientGrpc.reconnect(XceiverClientGrpc.java:434)
	at org.apache.hadoop.hdds.scm.XceiverClientGrpc.sendCommandAsync(XceiverClientGrpc.java:382)
	at org.apache.hadoop.hdds.scm.XceiverClientGrpc.sendCommandWithRetry(XceiverClientGrpc.java:295)
	at org.apache.hadoop.hdds.scm.XceiverClientGrpc.sendCommandWithTraceIDAndRetry(XceiverClientGrpc.java:259)
	at org.apache.hadoop.hdds.scm.XceiverClientGrpc.sendCommand(XceiverClientGrpc.java:242)
	at org.apache.hadoop.hdds.scm.storage.ContainerProtocolCalls.readChunk(ContainerProtocolCalls.java:245)
	at org.apache.hadoop.hdds.scm.storage.ChunkInputStream.readChunk(ChunkInputStream.java:335)
	at org.apache.hadoop.hdds.scm.storage.ChunkInputStream.readChunkFromContainer(ChunkInputStream.java:307)
	at org.apache.hadoop.hdds.scm.storage.ChunkInputStream.prepareRead(ChunkInputStream.java:259)
	at org.apache.hadoop.hdds.scm.storage.ChunkInputStream.read(ChunkInputStream.java:144)
	at org.apache.hadoop.hdds.scm.storage.BlockInputStream.read(BlockInputStream.java:241)
	at org.apache.hadoop.ozone.client.io.KeyInputStream.read(KeyInputStream.java:173)
	at org.apache.hadoop.ozone.client.io.OzoneInputStream.read(OzoneInputStream.java:47)
	at java.io.InputStream.read(InputStream.java:101)
	at org.apache.hadoop.ozone.container.ContainerTestHelper.validateData(ContainerTestHelper.java:715)
	at org.apache.hadoop.ozone.client.rpc.TestBlockOutputStreamWithFailures.validateData(TestBlockOutputStreamWithFailures.java:1216)
	at org.apache.hadoop.ozone.client.rpc.TestBlockOutputStreamWithFailures.testFailureWithPrimeSizedData(TestBlockOutputStreamWithFailures.java:662)
	at sun.reflect.NativeMethodAccessorImpl.invoke0(Native Method)
	at sun.reflect.NativeMethodAccessorImpl.invoke(NativeMethodAccessorImpl.java:62)
	at sun.reflect.DelegatingMethodAccessorImpl.invoke(DelegatingMethodAccessorImpl.java:43)
	at java.lang.reflect.Method.invoke(Method.java:498)
	at org.junit.runners.model.FrameworkMethod$1.runReflectiveCall(FrameworkMethod.java:47)
	at org.junit.internal.runners.model.ReflectiveCallable.run(ReflectiveCallable.java:12)
	at org.junit.runners.model.FrameworkMethod.invokeExplosively(FrameworkMethod.java:44)
	at org.junit.internal.runners.statements.InvokeMethod.evaluate(InvokeMethod.java:17)
	at org.junit.internal.runners.statements.RunBefores.evaluate(RunBefores.java:26)
	at org.junit.internal.runners.statements.RunAfters.evaluate(RunAfters.java:27)
	at org.junit.runners.ParentRunner.runLeaf(ParentRunner.java:271)
	at org.junit.runners.BlockJUnit4ClassRunner.runChild(BlockJUnit4ClassRunner.java:70)
	at org.junit.runners.BlockJUnit4ClassRunner.runChild(BlockJUnit4ClassRunner.java:50)
	at org.junit.runners.ParentRunner$3.run(ParentRunner.java:238)
	at org.junit.runners.ParentRunner$1.schedule(ParentRunner.java:63)
	at org.junit.runners.ParentRunner.runChildren(ParentRunner.java:236)
	at org.junit.runners.ParentRunner.access$000(ParentRunner.java:53)
	at org.junit.runners.ParentRunner$2.evaluate(ParentRunner.java:229)
	at org.junit.runners.ParentRunner.run(ParentRunner.java:309)
	at org.apache.maven.surefire.junit4.JUnit4Provider.execute(JUnit4Provider.java:365)
	at org.apache.maven.surefire.junit4.JUnit4Provider.executeWithRerun(JUnit4Provider.java:273)
	at org.apache.maven.surefire.junit4.JUnit4Provider.executeTestSet(JUnit4Provider.java:238)
	at org.apache.maven.surefire.junit4.JUnit4Provider.invoke(JUnit4Provider.java:159)
	at org.apache.maven.surefire.booter.ForkedBooter.invokeProviderInSameClassLoader(ForkedBooter.java:384)
	at org.apache.maven.surefire.booter.ForkedBooter.runSuitesInProcess(ForkedBooter.java:345)
	at org.apache.maven.surefire.booter.ForkedBooter.execute(ForkedBooter.java:126)
	at org.apache.maven.surefire.booter.ForkedBooter.main(ForkedBooter.java:418)

Oct 18, 2019 1:54:18 PM org.apache.ratis.thirdparty.io.grpc.internal.SerializingExecutor run
SEVERE: Exception while executing runnable org.apache.ratis.thirdparty.io.grpc.internal.ServerImpl$JumpToApplicationThreadServerStreamListener$1Closed@56b39c60
org.apache.ratis.thirdparty.io.grpc.StatusRuntimeException: CANCELLED: call already cancelled
	at org.apache.ratis.thirdparty.io.grpc.Status.asRuntimeException(Status.java:517)
	at org.apache.ratis.thirdparty.io.grpc.stub.ServerCalls$ServerCallStreamObserverImpl.onCompleted(ServerCalls.java:356)
	at org.apache.ratis.grpc.server.GrpcServerProtocolService$ServerRequestStreamObserver.onError(GrpcServerProtocolService.java:121)
	at org.apache.ratis.thirdparty.io.grpc.stub.ServerCalls$StreamingServerCallHandler$StreamingServerCallListener.onCancel(ServerCalls.java:269)
	at org.apache.ratis.thirdparty.io.grpc.internal.ServerCallImpl$ServerStreamListenerImpl.closed(ServerCallImpl.java:293)
	at org.apache.ratis.thirdparty.io.grpc.internal.ServerImpl$JumpToApplicationThreadServerStreamListener$1Closed.runInContext(ServerImpl.java:741)
	at org.apache.ratis.thirdparty.io.grpc.internal.ContextRunnable.run(ContextRunnable.java:37)
	at org.apache.ratis.thirdparty.io.grpc.internal.SerializingExecutor.run(SerializingExecutor.java:123)
	at java.util.concurrent.ThreadPoolExecutor.runWorker(ThreadPoolExecutor.java:1149)
	at java.util.concurrent.ThreadPoolExecutor$Worker.run(ThreadPoolExecutor.java:624)
	at java.lang.Thread.run(Thread.java:748)

Oct 18, 2019 1:54:24 PM org.apache.ratis.thirdparty.io.grpc.internal.SerializingExecutor run
SEVERE: Exception while executing runnable org.apache.ratis.thirdparty.io.grpc.internal.ServerImpl$JumpToApplicationThreadServerStreamListener$1Closed@5e8d05ae
org.apache.ratis.thirdparty.io.grpc.StatusRuntimeException: CANCELLED: call already cancelled
	at org.apache.ratis.thirdparty.io.grpc.Status.asRuntimeException(Status.java:517)
	at org.apache.ratis.thirdparty.io.grpc.stub.ServerCalls$ServerCallStreamObserverImpl.onCompleted(ServerCalls.java:356)
	at org.apache.ratis.grpc.server.GrpcServerProtocolService$ServerRequestStreamObserver.onError(GrpcServerProtocolService.java:121)
	at org.apache.ratis.thirdparty.io.grpc.stub.ServerCalls$StreamingServerCallHandler$StreamingServerCallListener.onCancel(ServerCalls.java:269)
	at org.apache.ratis.thirdparty.io.grpc.internal.ServerCallImpl$ServerStreamListenerImpl.closed(ServerCallImpl.java:293)
	at org.apache.ratis.thirdparty.io.grpc.internal.ServerImpl$JumpToApplicationThreadServerStreamListener$1Closed.runInContext(ServerImpl.java:741)
	at org.apache.ratis.thirdparty.io.grpc.internal.ContextRunnable.run(ContextRunnable.java:37)
	at org.apache.ratis.thirdparty.io.grpc.internal.SerializingExecutor.run(SerializingExecutor.java:123)
	at java.util.concurrent.ThreadPoolExecutor.runWorker(ThreadPoolExecutor.java:1149)
	at java.util.concurrent.ThreadPoolExecutor$Worker.run(ThreadPoolExecutor.java:624)
	at java.lang.Thread.run(Thread.java:748)

]]></system-err>
  </testcase>
  <testcase name="testExceptionDuringClose" classname="org.apache.hadoop.ozone.client.rpc.TestBlockOutputStreamWithFailures" time="36.711"/>
</testsuite>