<?xml version="1.0" encoding="UTF-8"?>
<testsuite xmlns:xsi="http://www.w3.org/2001/XMLSchema-instance" xsi:noNamespaceSchemaLocation="https://maven.apache.org/surefire/maven-surefire-plugin/xsd/surefire-test-report.xsd" name="org.apache.hadoop.ozone.client.rpc.TestWatchForCommit" time="272.761" tests="5" errors="1" skipped="0" failures="0">
  <properties>
    <property name="awt.toolkit" value="sun.awt.X11.XToolkit"/>
    <property name="file.encoding.pkg" value="sun.io"/>
    <property name="java.specification.version" value="1.8"/>
    <property name="sun.cpu.isalist" value=""/>
    <property name="sun.jnu.encoding" value="ANSI_X3.4-1968"/>
    <property name="java.class.path" value="/workdir/hadoop-ozone/integration-test/target/test-classes:/workdir/hadoop-ozone/integration-test/target/classes:/home/user/.m2/repository/org/apache/hadoop/hadoop-ozone-common/0.5.0-SNAPSHOT/hadoop-ozone-common-0.5.0-SNAPSHOT.jar:/home/user/.m2/repository/org/apache/commons/commons-compress/1.4.1/commons-compress-1.4.1.jar:/home/user/.m2/repository/org/tukaani/xz/1.0/xz-1.0.jar:/home/user/.m2/repository/org/apache/hadoop/hadoop-common/3.2.0/hadoop-common-3.2.0.jar:/home/user/.m2/repository/org/apache/hadoop/hadoop-hdfs/3.2.0/hadoop-hdfs-3.2.0.jar:/home/user/.m2/repository/org/apache/hadoop/hadoop-hdfs-client/3.2.0/hadoop-hdfs-client-3.2.0.jar:/home/user/.m2/repository/com/fasterxml/jackson/core/jackson-annotations/2.9.9/jackson-annotations-2.9.9.jar:/home/user/.m2/repository/org/apache/hadoop/hadoop-hdds-common/0.5.0-SNAPSHOT/hadoop-hdds-common-0.5.0-SNAPSHOT.jar:/home/user/.m2/repository/javax/annotation/javax.annotation-api/1.2/javax.annotation-api-1.2.jar:/home/user/.m2/repository/org/apache/ratis/ratis-server/0.5.0-201fc85-SNAPSHOT/ratis-server-0.5.0-201fc85-SNAPSHOT.jar:/home/user/.m2/repository/org/apache/ratis/ratis-thirdparty-misc/0.2.0/ratis-thirdparty-misc-0.2.0.jar:/home/user/.m2/repository/org/apache/ratis/ratis-proto/0.5.0-201fc85-SNAPSHOT/ratis-proto-0.5.0-201fc85-SNAPSHOT.jar:/home/user/.m2/repository/org/apache/ratis/ratis-common/0.5.0-201fc85-SNAPSHOT/ratis-common-0.5.0-201fc85-SNAPSHOT.jar:/home/user/.m2/repository/org/apache/ratis/ratis-client/0.5.0-201fc85-SNAPSHOT/ratis-client-0.5.0-201fc85-SNAPSHOT.jar:/home/user/.m2/repository/org/apache/ratis/ratis-metrics/0.5.0-201fc85-SNAPSHOT/ratis-metrics-0.5.0-201fc85-SNAPSHOT.jar:/home/user/.m2/repository/com/github/joshelser/dropwizard-metrics-hadoop-metrics2-reporter/0.1.2/dropwizard-metrics-hadoop-metrics2-reporter-0.1.2.jar:/home/user/.m2/repository/io/dropwizard/metrics/metrics-jvm/3.2.5/metrics-jvm-3.2.5.jar:/home/user/.m2/repository/io/dropwizard/metrics/metrics-ganglia/3.2.5/metrics-ganglia-3.2.5.jar:/home/user/.m2/repository/info/ganglia/gmetric4j/gmetric4j/1.0.7/gmetric4j-1.0.7.jar:/home/user/.m2/repository/org/apache/ratis/ratis-netty/0.5.0-201fc85-SNAPSHOT/ratis-netty-0.5.0-201fc85-SNAPSHOT.jar:/home/user/.m2/repository/org/apache/ratis/ratis-grpc/0.5.0-201fc85-SNAPSHOT/ratis-grpc-0.5.0-201fc85-SNAPSHOT.jar:/home/user/.m2/repository/org/rocksdb/rocksdbjni/6.0.1/rocksdbjni-6.0.1.jar:/home/user/.m2/repository/org/apache/logging/log4j/log4j-api/2.11.0/log4j-api-2.11.0.jar:/home/user/.m2/repository/org/apache/logging/log4j/log4j-core/2.11.0/log4j-core-2.11.0.jar:/home/user/.m2/repository/com/lmax/disruptor/3.4.2/disruptor-3.4.2.jar:/home/user/.m2/repository/org/apache/commons/commons-pool2/2.6.0/commons-pool2-2.6.0.jar:/home/user/.m2/repository/org/bouncycastle/bcpkix-jdk15on/1.60/bcpkix-jdk15on-1.60.jar:/home/user/.m2/repository/commons-validator/commons-validator/1.6/commons-validator-1.6.jar:/home/user/.m2/repository/commons-digester/commons-digester/1.8.1/commons-digester-1.8.1.jar:/home/user/.m2/repository/io/jaegertracing/jaeger-client/0.34.0/jaeger-client-0.34.0.jar:/home/user/.m2/repository/io/jaegertracing/jaeger-thrift/0.34.0/jaeger-thrift-0.34.0.jar:/home/user/.m2/repository/org/apache/thrift/libthrift/0.12.0/libthrift-0.12.0.jar:/home/user/.m2/repository/com/squareup/okhttp3/okhttp/3.9.0/okhttp-3.9.0.jar:/home/user/.m2/repository/com/squareup/okio/okio/1.13.0/okio-1.13.0.jar:/home/user/.m2/repository/io/jaegertracing/jaeger-core/0.34.0/jaeger-core-0.34.0.jar:/home/user/.m2/repository/io/jaegertracing/jaeger-tracerresolver/0.34.0/jaeger-tracerresolver-0.34.0.jar:/home/user/.m2/repository/io/opentracing/contrib/opentracing-tracerresolver/0.1.5/opentracing-tracerresolver-0.1.5.jar:/home/user/.m2/repository/io/opentracing/opentracing-util/0.31.0/opentracing-util-0.31.0.jar:/home/user/.m2/repository/io/opentracing/opentracing-api/0.31.0/opentracing-api-0.31.0.jar:/home/user/.m2/repository/io/opentracing/opentracing-noop/0.31.0/opentracing-noop-0.31.0.jar:/home/user/.m2/repository/org/apache/hadoop/hadoop-hdds-server-framework/0.5.0-SNAPSHOT/hadoop-hdds-server-framework-0.5.0-SNAPSHOT.jar:/home/user/.m2/repository/org/apache/hadoop/hadoop-hdds-container-service/0.5.0-SNAPSHOT/hadoop-hdds-container-service-0.5.0-SNAPSHOT.jar:/home/user/.m2/repository/org/apache/hadoop/hadoop-hdds-client/0.5.0-SNAPSHOT/hadoop-hdds-client-0.5.0-SNAPSHOT.jar:/home/user/.m2/repository/org/apache/hadoop/hadoop-hdds-tools/0.5.0-SNAPSHOT/hadoop-hdds-tools-0.5.0-SNAPSHOT.jar:/home/user/.m2/repository/org/apache/hadoop/hadoop-hdds-server-scm/0.5.0-SNAPSHOT/hadoop-hdds-server-scm-0.5.0-SNAPSHOT.jar:/home/user/.m2/repository/org/apache/hadoop/hadoop-hdds-docs/0.5.0-SNAPSHOT/hadoop-hdds-docs-0.5.0-SNAPSHOT.jar:/home/user/.m2/repository/io/dropwizard/metrics/metrics-core/3.2.4/metrics-core-3.2.4.jar:/home/user/.m2/repository/org/hamcrest/hamcrest-all/1.3/hamcrest-all-1.3.jar:/home/user/.m2/repository/org/bouncycastle/bcprov-jdk15on/1.60/bcprov-jdk15on-1.60.jar:/home/user/.m2/repository/info/picocli/picocli/3.9.6/picocli-3.9.6.jar:/home/user/.m2/repository/com/google/protobuf/protobuf-java/2.5.0/protobuf-java-2.5.0.jar:/home/user/.m2/repository/com/google/guava/guava/11.0.2/guava-11.0.2.jar:/home/user/.m2/repository/org/apache/hadoop/hadoop-ozone-ozone-manager/0.5.0-SNAPSHOT/hadoop-ozone-ozone-manager-0.5.0-SNAPSHOT.jar:/home/user/.m2/repository/org/apache/hadoop/hadoop-minikdc/3.2.0/hadoop-minikdc-3.2.0.jar:/home/user/.m2/repository/commons-io/commons-io/2.5/commons-io-2.5.jar:/home/user/.m2/repository/org/apache/kerby/kerb-simplekdc/1.0.1/kerb-simplekdc-1.0.1.jar:/home/user/.m2/repository/org/apache/kerby/kerb-client/1.0.1/kerb-client-1.0.1.jar:/home/user/.m2/repository/org/apache/kerby/kerby-config/1.0.1/kerby-config-1.0.1.jar:/home/user/.m2/repository/org/apache/kerby/kerb-core/1.0.1/kerb-core-1.0.1.jar:/home/user/.m2/repository/org/apache/kerby/kerby-pkix/1.0.1/kerby-pkix-1.0.1.jar:/home/user/.m2/repository/org/apache/kerby/kerby-asn1/1.0.1/kerby-asn1-1.0.1.jar:/home/user/.m2/repository/org/apache/kerby/kerby-util/1.0.1/kerby-util-1.0.1.jar:/home/user/.m2/repository/org/apache/kerby/kerb-common/1.0.1/kerb-common-1.0.1.jar:/home/user/.m2/repository/org/apache/kerby/kerb-crypto/1.0.1/kerb-crypto-1.0.1.jar:/home/user/.m2/repository/org/apache/kerby/kerb-util/1.0.1/kerb-util-1.0.1.jar:/home/user/.m2/repository/org/apache/kerby/token-provider/1.0.1/token-provider-1.0.1.jar:/home/user/.m2/repository/org/apache/kerby/kerb-admin/1.0.1/kerb-admin-1.0.1.jar:/home/user/.m2/repository/org/apache/kerby/kerb-server/1.0.1/kerb-server-1.0.1.jar:/home/user/.m2/repository/org/apache/kerby/kerb-identity/1.0.1/kerb-identity-1.0.1.jar:/home/user/.m2/repository/org/apache/kerby/kerby-xdr/1.0.1/kerby-xdr-1.0.1.jar:/home/user/.m2/repository/org/slf4j/slf4j-log4j12/1.7.25/slf4j-log4j12-1.7.25.jar:/home/user/.m2/repository/org/apache/hadoop/hadoop-ozone-s3gateway/0.5.0-SNAPSHOT/hadoop-ozone-s3gateway-0.5.0-SNAPSHOT.jar:/home/user/.m2/repository/org/jboss/weld/servlet/weld-servlet/2.4.7.Final/weld-servlet-2.4.7.Final.jar:/home/user/.m2/repository/org/glassfish/jersey/containers/jersey-container-servlet-core/2.27/jersey-container-servlet-core-2.27.jar:/home/user/.m2/repository/org/glassfish/hk2/external/javax.inject/2.5.0-b42/javax.inject-2.5.0-b42.jar:/home/user/.m2/repository/org/glassfish/jersey/core/jersey-common/2.27/jersey-common-2.27.jar:/home/user/.m2/repository/org/glassfish/hk2/osgi-resource-locator/1.0.1/osgi-resource-locator-1.0.1.jar:/home/user/.m2/repository/javax/ws/rs/javax.ws.rs-api/2.1/javax.ws.rs-api-2.1.jar:/home/user/.m2/repository/org/glassfish/jersey/ext/cdi/jersey-cdi1x/2.27/jersey-cdi1x-2.27.jar:/home/user/.m2/repository/org/glassfish/jersey/inject/jersey-hk2/2.27/jersey-hk2-2.27.jar:/home/user/.m2/repository/org/glassfish/hk2/hk2-locator/2.5.0-b42/hk2-locator-2.5.0-b42.jar:/home/user/.m2/repository/org/javassist/javassist/3.22.0-CR2/javassist-3.22.0-CR2.jar:/home/user/.m2/repository/org/glassfish/hk2/hk2-api/2.5.0/hk2-api-2.5.0.jar:/home/user/.m2/repository/org/glassfish/hk2/external/jakarta.inject/2.5.0/jakarta.inject-2.5.0.jar:/home/user/.m2/repository/org/glassfish/hk2/hk2-utils/2.5.0/hk2-utils-2.5.0.jar:/home/user/.m2/repository/jakarta/annotation/jakarta.annotation-api/1.3.4/jakarta.annotation-api-1.3.4.jar:/home/user/.m2/repository/org/glassfish/hk2/external/aopalliance-repackaged/2.5.0/aopalliance-repackaged-2.5.0.jar:/home/user/.m2/repository/com/fasterxml/jackson/dataformat/jackson-dataformat-xml/2.9.0/jackson-dataformat-xml-2.9.0.jar:/home/user/.m2/repository/com/fasterxml/jackson/core/jackson-core/2.9.9/jackson-core-2.9.9.jar:/home/user/.m2/repository/com/fasterxml/jackson/module/jackson-module-jaxb-annotations/2.9.9/jackson-module-jaxb-annotations-2.9.9.jar:/home/user/.m2/repository/javax/enterprise/cdi-api/1.2/cdi-api-1.2.jar:/home/user/.m2/repository/javax/el/javax.el-api/3.0.0/javax.el-api-3.0.0.jar:/home/user/.m2/repository/javax/interceptor/javax.interceptor-api/1.2/javax.interceptor-api-1.2.jar:/home/user/.m2/repository/javax/inject/javax.inject/1/javax.inject-1.jar:/home/user/.m2/repository/com/sun/xml/bind/jaxb-impl/2.3.0.1/jaxb-impl-2.3.0.1.jar:/home/user/.m2/repository/com/sun/xml/bind/jaxb-core/2.3.0.1/jaxb-core-2.3.0.1.jar:/home/user/.m2/repository/javax/xml/bind/jaxb-api/2.3.0/jaxb-api-2.3.0.jar:/home/user/.m2/repository/javax/activation/activation/1.1.1/activation-1.1.1.jar:/home/user/.m2/repository/org/apache/hadoop/hadoop-ozone-csi/0.5.0-SNAPSHOT/hadoop-ozone-csi-0.5.0-SNAPSHOT.jar:/home/user/.m2/repository/com/google/protobuf/protobuf-java-util/3.5.1/protobuf-java-util-3.5.1.jar:/home/user/.m2/repository/org/apache/hadoop/hadoop-hdds-config/0.5.0-SNAPSHOT/hadoop-hdds-config-0.5.0-SNAPSHOT.jar:/home/user/.m2/repository/io/grpc/grpc-netty/1.17.1/grpc-netty-1.17.1.jar:/home/user/.m2/repository/io/grpc/grpc-core/1.17.1/grpc-core-1.17.1.jar:/home/user/.m2/repository/io/grpc/grpc-context/1.17.1/grpc-context-1.17.1.jar:/home/user/.m2/repository/com/google/errorprone/error_prone_annotations/2.2.0/error_prone_annotations-2.2.0.jar:/home/user/.m2/repository/org/codehaus/mojo/animal-sniffer-annotations/1.17/animal-sniffer-annotations-1.17.jar:/home/user/.m2/repository/io/opencensus/opencensus-api/0.17.0/opencensus-api-0.17.0.jar:/home/user/.m2/repository/io/opencensus/opencensus-contrib-grpc-metrics/0.17.0/opencensus-contrib-grpc-metrics-0.17.0.jar:/home/user/.m2/repository/io/netty/netty-codec-http2/4.1.30.Final/netty-codec-http2-4.1.30.Final.jar:/home/user/.m2/repository/io/netty/netty-codec-http/4.1.30.Final/netty-codec-http-4.1.30.Final.jar:/home/user/.m2/repository/io/netty/netty-codec/4.1.30.Final/netty-codec-4.1.30.Final.jar:/home/user/.m2/repository/io/netty/netty-handler/4.1.30.Final/netty-handler-4.1.30.Final.jar:/home/user/.m2/repository/io/netty/netty-handler-proxy/4.1.30.Final/netty-handler-proxy-4.1.30.Final.jar:/home/user/.m2/repository/io/netty/netty-codec-socks/4.1.30.Final/netty-codec-socks-4.1.30.Final.jar:/home/user/.m2/repository/io/netty/netty-transport-native-epoll/4.1.30.Final/netty-transport-native-epoll-4.1.30.Final.jar:/home/user/.m2/repository/io/netty/netty-common/4.1.30.Final/netty-common-4.1.30.Final.jar:/home/user/.m2/repository/io/netty/netty-buffer/4.1.30.Final/netty-buffer-4.1.30.Final.jar:/home/user/.m2/repository/io/netty/netty-transport/4.1.30.Final/netty-transport-4.1.30.Final.jar:/home/user/.m2/repository/io/netty/netty-resolver/4.1.30.Final/netty-resolver-4.1.30.Final.jar:/home/user/.m2/repository/io/netty/netty-transport-native-unix-common/4.1.30.Final/netty-transport-native-unix-common-4.1.30.Final.jar:/home/user/.m2/repository/io/grpc/grpc-protobuf/1.17.1/grpc-protobuf-1.17.1.jar:/home/user/.m2/repository/com/google/api/grpc/proto-google-common-protos/1.0.0/proto-google-common-protos-1.0.0.jar:/home/user/.m2/repository/io/grpc/grpc-protobuf-lite/1.17.1/grpc-protobuf-lite-1.17.1.jar:/home/user/.m2/repository/io/grpc/grpc-stub/1.17.1/grpc-stub-1.17.1.jar:/home/user/.m2/repository/org/apache/hadoop/hadoop-ozone-recon/0.5.0-SNAPSHOT/hadoop-ozone-recon-0.5.0-SNAPSHOT.jar:/home/user/.m2/repository/org/apache/hadoop/hadoop-ozone-reconcodegen/0.5.0-SNAPSHOT/hadoop-ozone-reconcodegen-0.5.0-SNAPSHOT.jar:/home/user/.m2/repository/com/google/inject/extensions/guice-multibindings/4.0/guice-multibindings-4.0.jar:/home/user/.m2/repository/com/google/inject/guice/4.0/guice-4.0.jar:/home/user/.m2/repository/aopalliance/aopalliance/1.0/aopalliance-1.0.jar:/home/user/.m2/repository/com/google/inject/extensions/guice-servlet/4.0/guice-servlet-4.0.jar:/home/user/.m2/repository/org/glassfish/jersey/containers/jersey-container-servlet/2.27/jersey-container-servlet-2.27.jar:/home/user/.m2/repository/org/glassfish/hk2/guice-bridge/2.5.0/guice-bridge-2.5.0.jar:/home/user/.m2/repository/org/glassfish/jersey/core/jersey-server/2.27/jersey-server-2.27.jar:/home/user/.m2/repository/org/glassfish/jersey/core/jersey-client/2.27/jersey-client-2.27.jar:/home/user/.m2/repository/org/glassfish/jersey/media/jersey-media-jaxb/2.27/jersey-media-jaxb-2.27.jar:/home/user/.m2/repository/javax/validation/validation-api/1.1.0.Final/validation-api-1.1.0.Final.jar:/home/user/.m2/repository/org/glassfish/jersey/media/jersey-media-json-jackson/2.27/jersey-media-json-jackson-2.27.jar:/home/user/.m2/repository/org/glassfish/jersey/ext/jersey-entity-filtering/2.27/jersey-entity-filtering-2.27.jar:/home/user/.m2/repository/com/google/inject/extensions/guice-assistedinject/4.0/guice-assistedinject-4.0.jar:/home/user/.m2/repository/org/jooq/jooq/3.11.10/jooq-3.11.10.jar:/home/user/.m2/repository/org/jooq/jooq-meta/3.11.10/jooq-meta-3.11.10.jar:/home/user/.m2/repository/org/jooq/jooq-codegen/3.11.10/jooq-codegen-3.11.10.jar:/home/user/.m2/repository/com/jolbox/bonecp/0.8.0.RELEASE/bonecp-0.8.0.RELEASE.jar:/home/user/.m2/repository/org/xerial/sqlite-jdbc/3.25.2/sqlite-jdbc-3.25.2.jar:/home/user/.m2/repository/org/springframework/spring-jdbc/5.1.3.RELEASE/spring-jdbc-5.1.3.RELEASE.jar:/home/user/.m2/repository/org/springframework/spring-beans/5.1.3.RELEASE/spring-beans-5.1.3.RELEASE.jar:/home/user/.m2/repository/org/springframework/spring-core/5.1.3.RELEASE/spring-core-5.1.3.RELEASE.jar:/home/user/.m2/repository/org/springframework/spring-jcl/5.1.3.RELEASE/spring-jcl-5.1.3.RELEASE.jar:/home/user/.m2/repository/org/springframework/spring-tx/5.1.3.RELEASE/spring-tx-5.1.3.RELEASE.jar:/home/user/.m2/repository/org/apache/hadoop/hadoop-ozone-client/0.5.0-SNAPSHOT/hadoop-ozone-client-0.5.0-SNAPSHOT.jar:/home/user/.m2/repository/commons-lang/commons-lang/2.6/commons-lang-2.6.jar:/home/user/.m2/repository/org/apache/hadoop/hadoop-ozone-ozone-manager/0.5.0-SNAPSHOT/hadoop-ozone-ozone-manager-0.5.0-SNAPSHOT-tests.jar:/home/user/.m2/repository/junit/junit/4.11/junit-4.11.jar:/home/user/.m2/repository/org/hamcrest/hamcrest-core/1.3/hamcrest-core-1.3.jar:/home/user/.m2/repository/org/openjdk/jmh/jmh-core/1.19/jmh-core-1.19.jar:/home/user/.m2/repository/net/sf/jopt-simple/jopt-simple/4.6/jopt-simple-4.6.jar:/home/user/.m2/repository/org/apache/commons/commons-math3/3.1.1/commons-math3-3.1.1.jar:/home/user/.m2/repository/org/openjdk/jmh/jmh-generator-annprocess/1.19/jmh-generator-annprocess-1.19.jar:/home/user/.m2/repository/org/mockito/mockito-all/1.8.5/mockito-all-1.8.5.jar:/home/user/.m2/repository/org/apache/hadoop/hadoop-kms/3.2.0/hadoop-kms-3.2.0.jar:/home/user/.m2/repository/org/apache/hadoop/hadoop-auth/3.2.0/hadoop-auth-3.2.0.jar:/home/user/.m2/repository/com/nimbusds/nimbus-jose-jwt/4.41.1/nimbus-jose-jwt-4.41.1.jar:/home/user/.m2/repository/com/github/stephenc/jcip/jcip-annotations/1.0-1/jcip-annotations-1.0-1.jar:/home/user/.m2/repository/net/minidev/json-smart/2.3/json-smart-2.3.jar:/home/user/.m2/repository/net/minidev/accessors-smart/1.2/accessors-smart-1.2.jar:/home/user/.m2/repository/org/ow2/asm/asm/5.0.4/asm-5.0.4.jar:/home/user/.m2/repository/org/apache/curator/curator-framework/2.12.0/curator-framework-2.12.0.jar:/home/user/.m2/repository/com/sun/jersey/jersey-core/1.19/jersey-core-1.19.jar:/home/user/.m2/repository/javax/ws/rs/jsr311-api/1.1.1/jsr311-api-1.1.1.jar:/home/user/.m2/repository/com/sun/jersey/jersey-server/1.19/jersey-server-1.19.jar:/home/user/.m2/repository/javax/servlet/javax.servlet-api/3.1.0/javax.servlet-api-3.1.0.jar:/home/user/.m2/repository/org/eclipse/jetty/jetty-server/9.3.25.v20180904/jetty-server-9.3.25.v20180904.jar:/home/user/.m2/repository/org/eclipse/jetty/jetty-http/9.3.25.v20180904/jetty-http-9.3.25.v20180904.jar:/home/user/.m2/repository/org/eclipse/jetty/jetty-io/9.3.25.v20180904/jetty-io-9.3.25.v20180904.jar:/home/user/.m2/repository/org/eclipse/jetty/jetty-webapp/9.3.25.v20180904/jetty-webapp-9.3.25.v20180904.jar:/home/user/.m2/repository/org/eclipse/jetty/jetty-xml/9.3.25.v20180904/jetty-xml-9.3.25.v20180904.jar:/home/user/.m2/repository/log4j/log4j/1.2.17/log4j-1.2.17.jar:/home/user/.m2/repository/org/slf4j/slf4j-api/1.7.25/slf4j-api-1.7.25.jar:/home/user/.m2/repository/org/slf4j/jul-to-slf4j/1.7.25/jul-to-slf4j-1.7.25.jar:/home/user/.m2/repository/org/eclipse/jetty/jetty-util/9.3.25.v20180904/jetty-util-9.3.25.v20180904.jar:/home/user/.m2/repository/com/fasterxml/jackson/core/jackson-databind/2.9.9/jackson-databind-2.9.9.jar:/home/user/.m2/repository/org/apache/hadoop/hadoop-kms/3.2.0/hadoop-kms-3.2.0-tests.jar:/home/user/.m2/repository/org/apache/hadoop/hadoop-hdds-server-scm/0.5.0-SNAPSHOT/hadoop-hdds-server-scm-0.5.0-SNAPSHOT-tests.jar:/home/user/.m2/repository/org/apache/hadoop/hadoop-hdds-container-service/0.5.0-SNAPSHOT/hadoop-hdds-container-service-0.5.0-SNAPSHOT-tests.jar:/home/user/.m2/repository/org/yaml/snakeyaml/1.16/snakeyaml-1.16.jar:/home/user/.m2/repository/org/apache/hadoop/hadoop-common/3.2.0/hadoop-common-3.2.0-tests.jar:/home/user/.m2/repository/org/apache/hadoop/hadoop-annotations/3.2.0/hadoop-annotations-3.2.0.jar:/usr/lib/jvm/java-1.8.0-openjdk-1.8.0.222.b10-1.el7_7.x86_64/jre/../lib/tools.jar:/home/user/.m2/repository/commons-cli/commons-cli/1.2/commons-cli-1.2.jar:/home/user/.m2/repository/org/apache/httpcomponents/httpclient/4.5.2/httpclient-4.5.2.jar:/home/user/.m2/repository/org/apache/httpcomponents/httpcore/4.4.4/httpcore-4.4.4.jar:/home/user/.m2/repository/commons-codec/commons-codec/1.11/commons-codec-1.11.jar:/home/user/.m2/repository/commons-net/commons-net/3.6/commons-net-3.6.jar:/home/user/.m2/repository/commons-collections/commons-collections/3.2.2/commons-collections-3.2.2.jar:/home/user/.m2/repository/org/eclipse/jetty/jetty-servlet/9.3.25.v20180904/jetty-servlet-9.3.25.v20180904.jar:/home/user/.m2/repository/org/eclipse/jetty/jetty-security/9.3.25.v20180904/jetty-security-9.3.25.v20180904.jar:/home/user/.m2/repository/javax/servlet/jsp/jsp-api/2.1/jsp-api-2.1.jar:/home/user/.m2/repository/com/sun/jersey/jersey-servlet/1.19/jersey-servlet-1.19.jar:/home/user/.m2/repository/com/sun/jersey/jersey-json/1.19/jersey-json-1.19.jar:/home/user/.m2/repository/org/codehaus/jettison/jettison/1.1/jettison-1.1.jar:/home/user/.m2/repository/org/codehaus/jackson/jackson-core-asl/1.9.13/jackson-core-asl-1.9.13.jar:/home/user/.m2/repository/org/codehaus/jackson/jackson-mapper-asl/1.9.13/jackson-mapper-asl-1.9.13.jar:/home/user/.m2/repository/org/codehaus/jackson/jackson-jaxrs/1.9.13/jackson-jaxrs-1.9.13.jar:/home/user/.m2/repository/org/codehaus/jackson/jackson-xc/1.9.13/jackson-xc-1.9.13.jar:/home/user/.m2/repository/commons-logging/commons-logging/1.1.3/commons-logging-1.1.3.jar:/home/user/.m2/repository/commons-beanutils/commons-beanutils/1.9.4/commons-beanutils-1.9.4.jar:/home/user/.m2/repository/org/apache/commons/commons-configuration2/2.1.1/commons-configuration2-2.1.1.jar:/home/user/.m2/repository/org/apache/commons/commons-lang3/3.7/commons-lang3-3.7.jar:/home/user/.m2/repository/org/apache/commons/commons-text/1.4/commons-text-1.4.jar:/home/user/.m2/repository/org/apache/avro/avro/1.7.7/avro-1.7.7.jar:/home/user/.m2/repository/com/thoughtworks/paranamer/paranamer/2.3/paranamer-2.3.jar:/home/user/.m2/repository/org/xerial/snappy/snappy-java/1.0.5/snappy-java-1.0.5.jar:/home/user/.m2/repository/com/google/re2j/re2j/1.1/re2j-1.1.jar:/home/user/.m2/repository/com/google/code/gson/gson/2.2.4/gson-2.2.4.jar:/home/user/.m2/repository/com/jcraft/jsch/0.1.54/jsch-0.1.54.jar:/home/user/.m2/repository/org/apache/curator/curator-client/2.12.0/curator-client-2.12.0.jar:/home/user/.m2/repository/org/apache/curator/curator-recipes/2.12.0/curator-recipes-2.12.0.jar:/home/user/.m2/repository/com/google/code/findbugs/jsr305/3.0.0/jsr305-3.0.0.jar:/home/user/.m2/repository/org/apache/htrace/htrace-core4/4.1.0-incubating/htrace-core4-4.1.0-incubating.jar:/home/user/.m2/repository/org/apache/zookeeper/zookeeper/3.4.13/zookeeper-3.4.13.jar:/home/user/.m2/repository/jline/jline/0.9.94/jline-0.9.94.jar:/home/user/.m2/repository/org/apache/yetus/audience-annotations/0.5.0/audience-annotations-0.5.0.jar:/home/user/.m2/repository/org/codehaus/woodstox/stax2-api/3.1.4/stax2-api-3.1.4.jar:/home/user/.m2/repository/com/fasterxml/woodstox/woodstox-core/5.0.3/woodstox-core-5.0.3.jar:/home/user/.m2/repository/dnsjava/dnsjava/2.1.7/dnsjava-2.1.7.jar:/home/user/.m2/repository/org/apache/hadoop/hadoop-hdfs/3.2.0/hadoop-hdfs-3.2.0-tests.jar:/home/user/.m2/repository/org/eclipse/jetty/jetty-util-ajax/9.3.25.v20180904/jetty-util-ajax-9.3.25.v20180904.jar:/home/user/.m2/repository/commons-daemon/commons-daemon/1.0.13/commons-daemon-1.0.13.jar:/home/user/.m2/repository/io/netty/netty/3.10.5.Final/netty-3.10.5.Final.jar:/home/user/.m2/repository/io/netty/netty-all/4.0.52.Final/netty-all-4.0.52.Final.jar:/home/user/.m2/repository/org/fusesource/leveldbjni/leveldbjni-all/1.8/leveldbjni-all-1.8.jar:"/>
    <property name="java.vm.vendor" value="Oracle Corporation"/>
    <property name="sun.arch.data.model" value="64"/>
    <property name="test.build.dir" value="/workdir/hadoop-ozone/integration-test/target/test-dir"/>
    <property name="test.cache.data" value=""/>
    <property name="java.vendor.url" value="http://java.oracle.com/"/>
    <property name="user.timezone" value=""/>
    <property name="java.vm.specification.version" value="1.8"/>
    <property name="os.name" value="Linux"/>
    <property name="test.build.data" value="/workdir/hadoop-ozone/integration-test/target/test-dir"/>
    <property name="user.country" value="US"/>
    <property name="sun.java.launcher" value="SUN_STANDARD"/>
    <property name="sun.boot.library.path" value="/usr/lib/jvm/java-1.8.0-openjdk-1.8.0.222.b10-1.el7_7.x86_64/jre/lib/amd64"/>
    <property name="sun.java.command" value="/workdir/hadoop-ozone/integration-test/target/surefire/surefirebooter1634873277506982505.jar /workdir/hadoop-ozone/integration-test/target/surefire 2019-10-18T13-08-05_184-jvmRun1 surefire8418005422414256185tmp surefire_538763234965022031562tmp"/>
    <property name="test" value="!TestMiniChaosOzoneCluster"/>
    <property name="surefire.test.class.path" value="/workdir/hadoop-ozone/integration-test/target/test-classes:/workdir/hadoop-ozone/integration-test/target/classes:/home/user/.m2/repository/org/apache/hadoop/hadoop-ozone-common/0.5.0-SNAPSHOT/hadoop-ozone-common-0.5.0-SNAPSHOT.jar:/home/user/.m2/repository/org/apache/commons/commons-compress/1.4.1/commons-compress-1.4.1.jar:/home/user/.m2/repository/org/tukaani/xz/1.0/xz-1.0.jar:/home/user/.m2/repository/org/apache/hadoop/hadoop-common/3.2.0/hadoop-common-3.2.0.jar:/home/user/.m2/repository/org/apache/hadoop/hadoop-hdfs/3.2.0/hadoop-hdfs-3.2.0.jar:/home/user/.m2/repository/org/apache/hadoop/hadoop-hdfs-client/3.2.0/hadoop-hdfs-client-3.2.0.jar:/home/user/.m2/repository/com/fasterxml/jackson/core/jackson-annotations/2.9.9/jackson-annotations-2.9.9.jar:/home/user/.m2/repository/org/apache/hadoop/hadoop-hdds-common/0.5.0-SNAPSHOT/hadoop-hdds-common-0.5.0-SNAPSHOT.jar:/home/user/.m2/repository/javax/annotation/javax.annotation-api/1.2/javax.annotation-api-1.2.jar:/home/user/.m2/repository/org/apache/ratis/ratis-server/0.5.0-201fc85-SNAPSHOT/ratis-server-0.5.0-201fc85-SNAPSHOT.jar:/home/user/.m2/repository/org/apache/ratis/ratis-thirdparty-misc/0.2.0/ratis-thirdparty-misc-0.2.0.jar:/home/user/.m2/repository/org/apache/ratis/ratis-proto/0.5.0-201fc85-SNAPSHOT/ratis-proto-0.5.0-201fc85-SNAPSHOT.jar:/home/user/.m2/repository/org/apache/ratis/ratis-common/0.5.0-201fc85-SNAPSHOT/ratis-common-0.5.0-201fc85-SNAPSHOT.jar:/home/user/.m2/repository/org/apache/ratis/ratis-client/0.5.0-201fc85-SNAPSHOT/ratis-client-0.5.0-201fc85-SNAPSHOT.jar:/home/user/.m2/repository/org/apache/ratis/ratis-metrics/0.5.0-201fc85-SNAPSHOT/ratis-metrics-0.5.0-201fc85-SNAPSHOT.jar:/home/user/.m2/repository/com/github/joshelser/dropwizard-metrics-hadoop-metrics2-reporter/0.1.2/dropwizard-metrics-hadoop-metrics2-reporter-0.1.2.jar:/home/user/.m2/repository/io/dropwizard/metrics/metrics-jvm/3.2.5/metrics-jvm-3.2.5.jar:/home/user/.m2/repository/io/dropwizard/metrics/metrics-ganglia/3.2.5/metrics-ganglia-3.2.5.jar:/home/user/.m2/repository/info/ganglia/gmetric4j/gmetric4j/1.0.7/gmetric4j-1.0.7.jar:/home/user/.m2/repository/org/apache/ratis/ratis-netty/0.5.0-201fc85-SNAPSHOT/ratis-netty-0.5.0-201fc85-SNAPSHOT.jar:/home/user/.m2/repository/org/apache/ratis/ratis-grpc/0.5.0-201fc85-SNAPSHOT/ratis-grpc-0.5.0-201fc85-SNAPSHOT.jar:/home/user/.m2/repository/org/rocksdb/rocksdbjni/6.0.1/rocksdbjni-6.0.1.jar:/home/user/.m2/repository/org/apache/logging/log4j/log4j-api/2.11.0/log4j-api-2.11.0.jar:/home/user/.m2/repository/org/apache/logging/log4j/log4j-core/2.11.0/log4j-core-2.11.0.jar:/home/user/.m2/repository/com/lmax/disruptor/3.4.2/disruptor-3.4.2.jar:/home/user/.m2/repository/org/apache/commons/commons-pool2/2.6.0/commons-pool2-2.6.0.jar:/home/user/.m2/repository/org/bouncycastle/bcpkix-jdk15on/1.60/bcpkix-jdk15on-1.60.jar:/home/user/.m2/repository/commons-validator/commons-validator/1.6/commons-validator-1.6.jar:/home/user/.m2/repository/commons-digester/commons-digester/1.8.1/commons-digester-1.8.1.jar:/home/user/.m2/repository/io/jaegertracing/jaeger-client/0.34.0/jaeger-client-0.34.0.jar:/home/user/.m2/repository/io/jaegertracing/jaeger-thrift/0.34.0/jaeger-thrift-0.34.0.jar:/home/user/.m2/repository/org/apache/thrift/libthrift/0.12.0/libthrift-0.12.0.jar:/home/user/.m2/repository/com/squareup/okhttp3/okhttp/3.9.0/okhttp-3.9.0.jar:/home/user/.m2/repository/com/squareup/okio/okio/1.13.0/okio-1.13.0.jar:/home/user/.m2/repository/io/jaegertracing/jaeger-core/0.34.0/jaeger-core-0.34.0.jar:/home/user/.m2/repository/io/jaegertracing/jaeger-tracerresolver/0.34.0/jaeger-tracerresolver-0.34.0.jar:/home/user/.m2/repository/io/opentracing/contrib/opentracing-tracerresolver/0.1.5/opentracing-tracerresolver-0.1.5.jar:/home/user/.m2/repository/io/opentracing/opentracing-util/0.31.0/opentracing-util-0.31.0.jar:/home/user/.m2/repository/io/opentracing/opentracing-api/0.31.0/opentracing-api-0.31.0.jar:/home/user/.m2/repository/io/opentracing/opentracing-noop/0.31.0/opentracing-noop-0.31.0.jar:/home/user/.m2/repository/org/apache/hadoop/hadoop-hdds-server-framework/0.5.0-SNAPSHOT/hadoop-hdds-server-framework-0.5.0-SNAPSHOT.jar:/home/user/.m2/repository/org/apache/hadoop/hadoop-hdds-container-service/0.5.0-SNAPSHOT/hadoop-hdds-container-service-0.5.0-SNAPSHOT.jar:/home/user/.m2/repository/org/apache/hadoop/hadoop-hdds-client/0.5.0-SNAPSHOT/hadoop-hdds-client-0.5.0-SNAPSHOT.jar:/home/user/.m2/repository/org/apache/hadoop/hadoop-hdds-tools/0.5.0-SNAPSHOT/hadoop-hdds-tools-0.5.0-SNAPSHOT.jar:/home/user/.m2/repository/org/apache/hadoop/hadoop-hdds-server-scm/0.5.0-SNAPSHOT/hadoop-hdds-server-scm-0.5.0-SNAPSHOT.jar:/home/user/.m2/repository/org/apache/hadoop/hadoop-hdds-docs/0.5.0-SNAPSHOT/hadoop-hdds-docs-0.5.0-SNAPSHOT.jar:/home/user/.m2/repository/io/dropwizard/metrics/metrics-core/3.2.4/metrics-core-3.2.4.jar:/home/user/.m2/repository/org/hamcrest/hamcrest-all/1.3/hamcrest-all-1.3.jar:/home/user/.m2/repository/org/bouncycastle/bcprov-jdk15on/1.60/bcprov-jdk15on-1.60.jar:/home/user/.m2/repository/info/picocli/picocli/3.9.6/picocli-3.9.6.jar:/home/user/.m2/repository/com/google/protobuf/protobuf-java/2.5.0/protobuf-java-2.5.0.jar:/home/user/.m2/repository/com/google/guava/guava/11.0.2/guava-11.0.2.jar:/home/user/.m2/repository/org/apache/hadoop/hadoop-ozone-ozone-manager/0.5.0-SNAPSHOT/hadoop-ozone-ozone-manager-0.5.0-SNAPSHOT.jar:/home/user/.m2/repository/org/apache/hadoop/hadoop-minikdc/3.2.0/hadoop-minikdc-3.2.0.jar:/home/user/.m2/repository/commons-io/commons-io/2.5/commons-io-2.5.jar:/home/user/.m2/repository/org/apache/kerby/kerb-simplekdc/1.0.1/kerb-simplekdc-1.0.1.jar:/home/user/.m2/repository/org/apache/kerby/kerb-client/1.0.1/kerb-client-1.0.1.jar:/home/user/.m2/repository/org/apache/kerby/kerby-config/1.0.1/kerby-config-1.0.1.jar:/home/user/.m2/repository/org/apache/kerby/kerb-core/1.0.1/kerb-core-1.0.1.jar:/home/user/.m2/repository/org/apache/kerby/kerby-pkix/1.0.1/kerby-pkix-1.0.1.jar:/home/user/.m2/repository/org/apache/kerby/kerby-asn1/1.0.1/kerby-asn1-1.0.1.jar:/home/user/.m2/repository/org/apache/kerby/kerby-util/1.0.1/kerby-util-1.0.1.jar:/home/user/.m2/repository/org/apache/kerby/kerb-common/1.0.1/kerb-common-1.0.1.jar:/home/user/.m2/repository/org/apache/kerby/kerb-crypto/1.0.1/kerb-crypto-1.0.1.jar:/home/user/.m2/repository/org/apache/kerby/kerb-util/1.0.1/kerb-util-1.0.1.jar:/home/user/.m2/repository/org/apache/kerby/token-provider/1.0.1/token-provider-1.0.1.jar:/home/user/.m2/repository/org/apache/kerby/kerb-admin/1.0.1/kerb-admin-1.0.1.jar:/home/user/.m2/repository/org/apache/kerby/kerb-server/1.0.1/kerb-server-1.0.1.jar:/home/user/.m2/repository/org/apache/kerby/kerb-identity/1.0.1/kerb-identity-1.0.1.jar:/home/user/.m2/repository/org/apache/kerby/kerby-xdr/1.0.1/kerby-xdr-1.0.1.jar:/home/user/.m2/repository/org/slf4j/slf4j-log4j12/1.7.25/slf4j-log4j12-1.7.25.jar:/home/user/.m2/repository/org/apache/hadoop/hadoop-ozone-s3gateway/0.5.0-SNAPSHOT/hadoop-ozone-s3gateway-0.5.0-SNAPSHOT.jar:/home/user/.m2/repository/org/jboss/weld/servlet/weld-servlet/2.4.7.Final/weld-servlet-2.4.7.Final.jar:/home/user/.m2/repository/org/glassfish/jersey/containers/jersey-container-servlet-core/2.27/jersey-container-servlet-core-2.27.jar:/home/user/.m2/repository/org/glassfish/hk2/external/javax.inject/2.5.0-b42/javax.inject-2.5.0-b42.jar:/home/user/.m2/repository/org/glassfish/jersey/core/jersey-common/2.27/jersey-common-2.27.jar:/home/user/.m2/repository/org/glassfish/hk2/osgi-resource-locator/1.0.1/osgi-resource-locator-1.0.1.jar:/home/user/.m2/repository/javax/ws/rs/javax.ws.rs-api/2.1/javax.ws.rs-api-2.1.jar:/home/user/.m2/repository/org/glassfish/jersey/ext/cdi/jersey-cdi1x/2.27/jersey-cdi1x-2.27.jar:/home/user/.m2/repository/org/glassfish/jersey/inject/jersey-hk2/2.27/jersey-hk2-2.27.jar:/home/user/.m2/repository/org/glassfish/hk2/hk2-locator/2.5.0-b42/hk2-locator-2.5.0-b42.jar:/home/user/.m2/repository/org/javassist/javassist/3.22.0-CR2/javassist-3.22.0-CR2.jar:/home/user/.m2/repository/org/glassfish/hk2/hk2-api/2.5.0/hk2-api-2.5.0.jar:/home/user/.m2/repository/org/glassfish/hk2/external/jakarta.inject/2.5.0/jakarta.inject-2.5.0.jar:/home/user/.m2/repository/org/glassfish/hk2/hk2-utils/2.5.0/hk2-utils-2.5.0.jar:/home/user/.m2/repository/jakarta/annotation/jakarta.annotation-api/1.3.4/jakarta.annotation-api-1.3.4.jar:/home/user/.m2/repository/org/glassfish/hk2/external/aopalliance-repackaged/2.5.0/aopalliance-repackaged-2.5.0.jar:/home/user/.m2/repository/com/fasterxml/jackson/dataformat/jackson-dataformat-xml/2.9.0/jackson-dataformat-xml-2.9.0.jar:/home/user/.m2/repository/com/fasterxml/jackson/core/jackson-core/2.9.9/jackson-core-2.9.9.jar:/home/user/.m2/repository/com/fasterxml/jackson/module/jackson-module-jaxb-annotations/2.9.9/jackson-module-jaxb-annotations-2.9.9.jar:/home/user/.m2/repository/javax/enterprise/cdi-api/1.2/cdi-api-1.2.jar:/home/user/.m2/repository/javax/el/javax.el-api/3.0.0/javax.el-api-3.0.0.jar:/home/user/.m2/repository/javax/interceptor/javax.interceptor-api/1.2/javax.interceptor-api-1.2.jar:/home/user/.m2/repository/javax/inject/javax.inject/1/javax.inject-1.jar:/home/user/.m2/repository/com/sun/xml/bind/jaxb-impl/2.3.0.1/jaxb-impl-2.3.0.1.jar:/home/user/.m2/repository/com/sun/xml/bind/jaxb-core/2.3.0.1/jaxb-core-2.3.0.1.jar:/home/user/.m2/repository/javax/xml/bind/jaxb-api/2.3.0/jaxb-api-2.3.0.jar:/home/user/.m2/repository/javax/activation/activation/1.1.1/activation-1.1.1.jar:/home/user/.m2/repository/org/apache/hadoop/hadoop-ozone-csi/0.5.0-SNAPSHOT/hadoop-ozone-csi-0.5.0-SNAPSHOT.jar:/home/user/.m2/repository/com/google/protobuf/protobuf-java-util/3.5.1/protobuf-java-util-3.5.1.jar:/home/user/.m2/repository/org/apache/hadoop/hadoop-hdds-config/0.5.0-SNAPSHOT/hadoop-hdds-config-0.5.0-SNAPSHOT.jar:/home/user/.m2/repository/io/grpc/grpc-netty/1.17.1/grpc-netty-1.17.1.jar:/home/user/.m2/repository/io/grpc/grpc-core/1.17.1/grpc-core-1.17.1.jar:/home/user/.m2/repository/io/grpc/grpc-context/1.17.1/grpc-context-1.17.1.jar:/home/user/.m2/repository/com/google/errorprone/error_prone_annotations/2.2.0/error_prone_annotations-2.2.0.jar:/home/user/.m2/repository/org/codehaus/mojo/animal-sniffer-annotations/1.17/animal-sniffer-annotations-1.17.jar:/home/user/.m2/repository/io/opencensus/opencensus-api/0.17.0/opencensus-api-0.17.0.jar:/home/user/.m2/repository/io/opencensus/opencensus-contrib-grpc-metrics/0.17.0/opencensus-contrib-grpc-metrics-0.17.0.jar:/home/user/.m2/repository/io/netty/netty-codec-http2/4.1.30.Final/netty-codec-http2-4.1.30.Final.jar:/home/user/.m2/repository/io/netty/netty-codec-http/4.1.30.Final/netty-codec-http-4.1.30.Final.jar:/home/user/.m2/repository/io/netty/netty-codec/4.1.30.Final/netty-codec-4.1.30.Final.jar:/home/user/.m2/repository/io/netty/netty-handler/4.1.30.Final/netty-handler-4.1.30.Final.jar:/home/user/.m2/repository/io/netty/netty-handler-proxy/4.1.30.Final/netty-handler-proxy-4.1.30.Final.jar:/home/user/.m2/repository/io/netty/netty-codec-socks/4.1.30.Final/netty-codec-socks-4.1.30.Final.jar:/home/user/.m2/repository/io/netty/netty-transport-native-epoll/4.1.30.Final/netty-transport-native-epoll-4.1.30.Final.jar:/home/user/.m2/repository/io/netty/netty-common/4.1.30.Final/netty-common-4.1.30.Final.jar:/home/user/.m2/repository/io/netty/netty-buffer/4.1.30.Final/netty-buffer-4.1.30.Final.jar:/home/user/.m2/repository/io/netty/netty-transport/4.1.30.Final/netty-transport-4.1.30.Final.jar:/home/user/.m2/repository/io/netty/netty-resolver/4.1.30.Final/netty-resolver-4.1.30.Final.jar:/home/user/.m2/repository/io/netty/netty-transport-native-unix-common/4.1.30.Final/netty-transport-native-unix-common-4.1.30.Final.jar:/home/user/.m2/repository/io/grpc/grpc-protobuf/1.17.1/grpc-protobuf-1.17.1.jar:/home/user/.m2/repository/com/google/api/grpc/proto-google-common-protos/1.0.0/proto-google-common-protos-1.0.0.jar:/home/user/.m2/repository/io/grpc/grpc-protobuf-lite/1.17.1/grpc-protobuf-lite-1.17.1.jar:/home/user/.m2/repository/io/grpc/grpc-stub/1.17.1/grpc-stub-1.17.1.jar:/home/user/.m2/repository/org/apache/hadoop/hadoop-ozone-recon/0.5.0-SNAPSHOT/hadoop-ozone-recon-0.5.0-SNAPSHOT.jar:/home/user/.m2/repository/org/apache/hadoop/hadoop-ozone-reconcodegen/0.5.0-SNAPSHOT/hadoop-ozone-reconcodegen-0.5.0-SNAPSHOT.jar:/home/user/.m2/repository/com/google/inject/extensions/guice-multibindings/4.0/guice-multibindings-4.0.jar:/home/user/.m2/repository/com/google/inject/guice/4.0/guice-4.0.jar:/home/user/.m2/repository/aopalliance/aopalliance/1.0/aopalliance-1.0.jar:/home/user/.m2/repository/com/google/inject/extensions/guice-servlet/4.0/guice-servlet-4.0.jar:/home/user/.m2/repository/org/glassfish/jersey/containers/jersey-container-servlet/2.27/jersey-container-servlet-2.27.jar:/home/user/.m2/repository/org/glassfish/hk2/guice-bridge/2.5.0/guice-bridge-2.5.0.jar:/home/user/.m2/repository/org/glassfish/jersey/core/jersey-server/2.27/jersey-server-2.27.jar:/home/user/.m2/repository/org/glassfish/jersey/core/jersey-client/2.27/jersey-client-2.27.jar:/home/user/.m2/repository/org/glassfish/jersey/media/jersey-media-jaxb/2.27/jersey-media-jaxb-2.27.jar:/home/user/.m2/repository/javax/validation/validation-api/1.1.0.Final/validation-api-1.1.0.Final.jar:/home/user/.m2/repository/org/glassfish/jersey/media/jersey-media-json-jackson/2.27/jersey-media-json-jackson-2.27.jar:/home/user/.m2/repository/org/glassfish/jersey/ext/jersey-entity-filtering/2.27/jersey-entity-filtering-2.27.jar:/home/user/.m2/repository/com/google/inject/extensions/guice-assistedinject/4.0/guice-assistedinject-4.0.jar:/home/user/.m2/repository/org/jooq/jooq/3.11.10/jooq-3.11.10.jar:/home/user/.m2/repository/org/jooq/jooq-meta/3.11.10/jooq-meta-3.11.10.jar:/home/user/.m2/repository/org/jooq/jooq-codegen/3.11.10/jooq-codegen-3.11.10.jar:/home/user/.m2/repository/com/jolbox/bonecp/0.8.0.RELEASE/bonecp-0.8.0.RELEASE.jar:/home/user/.m2/repository/org/xerial/sqlite-jdbc/3.25.2/sqlite-jdbc-3.25.2.jar:/home/user/.m2/repository/org/springframework/spring-jdbc/5.1.3.RELEASE/spring-jdbc-5.1.3.RELEASE.jar:/home/user/.m2/repository/org/springframework/spring-beans/5.1.3.RELEASE/spring-beans-5.1.3.RELEASE.jar:/home/user/.m2/repository/org/springframework/spring-core/5.1.3.RELEASE/spring-core-5.1.3.RELEASE.jar:/home/user/.m2/repository/org/springframework/spring-jcl/5.1.3.RELEASE/spring-jcl-5.1.3.RELEASE.jar:/home/user/.m2/repository/org/springframework/spring-tx/5.1.3.RELEASE/spring-tx-5.1.3.RELEASE.jar:/home/user/.m2/repository/org/apache/hadoop/hadoop-ozone-client/0.5.0-SNAPSHOT/hadoop-ozone-client-0.5.0-SNAPSHOT.jar:/home/user/.m2/repository/commons-lang/commons-lang/2.6/commons-lang-2.6.jar:/home/user/.m2/repository/org/apache/hadoop/hadoop-ozone-ozone-manager/0.5.0-SNAPSHOT/hadoop-ozone-ozone-manager-0.5.0-SNAPSHOT-tests.jar:/home/user/.m2/repository/junit/junit/4.11/junit-4.11.jar:/home/user/.m2/repository/org/hamcrest/hamcrest-core/1.3/hamcrest-core-1.3.jar:/home/user/.m2/repository/org/openjdk/jmh/jmh-core/1.19/jmh-core-1.19.jar:/home/user/.m2/repository/net/sf/jopt-simple/jopt-simple/4.6/jopt-simple-4.6.jar:/home/user/.m2/repository/org/apache/commons/commons-math3/3.1.1/commons-math3-3.1.1.jar:/home/user/.m2/repository/org/openjdk/jmh/jmh-generator-annprocess/1.19/jmh-generator-annprocess-1.19.jar:/home/user/.m2/repository/org/mockito/mockito-all/1.8.5/mockito-all-1.8.5.jar:/home/user/.m2/repository/org/apache/hadoop/hadoop-kms/3.2.0/hadoop-kms-3.2.0.jar:/home/user/.m2/repository/org/apache/hadoop/hadoop-auth/3.2.0/hadoop-auth-3.2.0.jar:/home/user/.m2/repository/com/nimbusds/nimbus-jose-jwt/4.41.1/nimbus-jose-jwt-4.41.1.jar:/home/user/.m2/repository/com/github/stephenc/jcip/jcip-annotations/1.0-1/jcip-annotations-1.0-1.jar:/home/user/.m2/repository/net/minidev/json-smart/2.3/json-smart-2.3.jar:/home/user/.m2/repository/net/minidev/accessors-smart/1.2/accessors-smart-1.2.jar:/home/user/.m2/repository/org/ow2/asm/asm/5.0.4/asm-5.0.4.jar:/home/user/.m2/repository/org/apache/curator/curator-framework/2.12.0/curator-framework-2.12.0.jar:/home/user/.m2/repository/com/sun/jersey/jersey-core/1.19/jersey-core-1.19.jar:/home/user/.m2/repository/javax/ws/rs/jsr311-api/1.1.1/jsr311-api-1.1.1.jar:/home/user/.m2/repository/com/sun/jersey/jersey-server/1.19/jersey-server-1.19.jar:/home/user/.m2/repository/javax/servlet/javax.servlet-api/3.1.0/javax.servlet-api-3.1.0.jar:/home/user/.m2/repository/org/eclipse/jetty/jetty-server/9.3.25.v20180904/jetty-server-9.3.25.v20180904.jar:/home/user/.m2/repository/org/eclipse/jetty/jetty-http/9.3.25.v20180904/jetty-http-9.3.25.v20180904.jar:/home/user/.m2/repository/org/eclipse/jetty/jetty-io/9.3.25.v20180904/jetty-io-9.3.25.v20180904.jar:/home/user/.m2/repository/org/eclipse/jetty/jetty-webapp/9.3.25.v20180904/jetty-webapp-9.3.25.v20180904.jar:/home/user/.m2/repository/org/eclipse/jetty/jetty-xml/9.3.25.v20180904/jetty-xml-9.3.25.v20180904.jar:/home/user/.m2/repository/log4j/log4j/1.2.17/log4j-1.2.17.jar:/home/user/.m2/repository/org/slf4j/slf4j-api/1.7.25/slf4j-api-1.7.25.jar:/home/user/.m2/repository/org/slf4j/jul-to-slf4j/1.7.25/jul-to-slf4j-1.7.25.jar:/home/user/.m2/repository/org/eclipse/jetty/jetty-util/9.3.25.v20180904/jetty-util-9.3.25.v20180904.jar:/home/user/.m2/repository/com/fasterxml/jackson/core/jackson-databind/2.9.9/jackson-databind-2.9.9.jar:/home/user/.m2/repository/org/apache/hadoop/hadoop-kms/3.2.0/hadoop-kms-3.2.0-tests.jar:/home/user/.m2/repository/org/apache/hadoop/hadoop-hdds-server-scm/0.5.0-SNAPSHOT/hadoop-hdds-server-scm-0.5.0-SNAPSHOT-tests.jar:/home/user/.m2/repository/org/apache/hadoop/hadoop-hdds-container-service/0.5.0-SNAPSHOT/hadoop-hdds-container-service-0.5.0-SNAPSHOT-tests.jar:/home/user/.m2/repository/org/yaml/snakeyaml/1.16/snakeyaml-1.16.jar:/home/user/.m2/repository/org/apache/hadoop/hadoop-common/3.2.0/hadoop-common-3.2.0-tests.jar:/home/user/.m2/repository/org/apache/hadoop/hadoop-annotations/3.2.0/hadoop-annotations-3.2.0.jar:/usr/lib/jvm/java-1.8.0-openjdk-1.8.0.222.b10-1.el7_7.x86_64/jre/../lib/tools.jar:/home/user/.m2/repository/commons-cli/commons-cli/1.2/commons-cli-1.2.jar:/home/user/.m2/repository/org/apache/httpcomponents/httpclient/4.5.2/httpclient-4.5.2.jar:/home/user/.m2/repository/org/apache/httpcomponents/httpcore/4.4.4/httpcore-4.4.4.jar:/home/user/.m2/repository/commons-codec/commons-codec/1.11/commons-codec-1.11.jar:/home/user/.m2/repository/commons-net/commons-net/3.6/commons-net-3.6.jar:/home/user/.m2/repository/commons-collections/commons-collections/3.2.2/commons-collections-3.2.2.jar:/home/user/.m2/repository/org/eclipse/jetty/jetty-servlet/9.3.25.v20180904/jetty-servlet-9.3.25.v20180904.jar:/home/user/.m2/repository/org/eclipse/jetty/jetty-security/9.3.25.v20180904/jetty-security-9.3.25.v20180904.jar:/home/user/.m2/repository/javax/servlet/jsp/jsp-api/2.1/jsp-api-2.1.jar:/home/user/.m2/repository/com/sun/jersey/jersey-servlet/1.19/jersey-servlet-1.19.jar:/home/user/.m2/repository/com/sun/jersey/jersey-json/1.19/jersey-json-1.19.jar:/home/user/.m2/repository/org/codehaus/jettison/jettison/1.1/jettison-1.1.jar:/home/user/.m2/repository/org/codehaus/jackson/jackson-core-asl/1.9.13/jackson-core-asl-1.9.13.jar:/home/user/.m2/repository/org/codehaus/jackson/jackson-mapper-asl/1.9.13/jackson-mapper-asl-1.9.13.jar:/home/user/.m2/repository/org/codehaus/jackson/jackson-jaxrs/1.9.13/jackson-jaxrs-1.9.13.jar:/home/user/.m2/repository/org/codehaus/jackson/jackson-xc/1.9.13/jackson-xc-1.9.13.jar:/home/user/.m2/repository/commons-logging/commons-logging/1.1.3/commons-logging-1.1.3.jar:/home/user/.m2/repository/commons-beanutils/commons-beanutils/1.9.4/commons-beanutils-1.9.4.jar:/home/user/.m2/repository/org/apache/commons/commons-configuration2/2.1.1/commons-configuration2-2.1.1.jar:/home/user/.m2/repository/org/apache/commons/commons-lang3/3.7/commons-lang3-3.7.jar:/home/user/.m2/repository/org/apache/commons/commons-text/1.4/commons-text-1.4.jar:/home/user/.m2/repository/org/apache/avro/avro/1.7.7/avro-1.7.7.jar:/home/user/.m2/repository/com/thoughtworks/paranamer/paranamer/2.3/paranamer-2.3.jar:/home/user/.m2/repository/org/xerial/snappy/snappy-java/1.0.5/snappy-java-1.0.5.jar:/home/user/.m2/repository/com/google/re2j/re2j/1.1/re2j-1.1.jar:/home/user/.m2/repository/com/google/code/gson/gson/2.2.4/gson-2.2.4.jar:/home/user/.m2/repository/com/jcraft/jsch/0.1.54/jsch-0.1.54.jar:/home/user/.m2/repository/org/apache/curator/curator-client/2.12.0/curator-client-2.12.0.jar:/home/user/.m2/repository/org/apache/curator/curator-recipes/2.12.0/curator-recipes-2.12.0.jar:/home/user/.m2/repository/com/google/code/findbugs/jsr305/3.0.0/jsr305-3.0.0.jar:/home/user/.m2/repository/org/apache/htrace/htrace-core4/4.1.0-incubating/htrace-core4-4.1.0-incubating.jar:/home/user/.m2/repository/org/apache/zookeeper/zookeeper/3.4.13/zookeeper-3.4.13.jar:/home/user/.m2/repository/jline/jline/0.9.94/jline-0.9.94.jar:/home/user/.m2/repository/org/apache/yetus/audience-annotations/0.5.0/audience-annotations-0.5.0.jar:/home/user/.m2/repository/org/codehaus/woodstox/stax2-api/3.1.4/stax2-api-3.1.4.jar:/home/user/.m2/repository/com/fasterxml/woodstox/woodstox-core/5.0.3/woodstox-core-5.0.3.jar:/home/user/.m2/repository/dnsjava/dnsjava/2.1.7/dnsjava-2.1.7.jar:/home/user/.m2/repository/org/apache/hadoop/hadoop-hdfs/3.2.0/hadoop-hdfs-3.2.0-tests.jar:/home/user/.m2/repository/org/eclipse/jetty/jetty-util-ajax/9.3.25.v20180904/jetty-util-ajax-9.3.25.v20180904.jar:/home/user/.m2/repository/commons-daemon/commons-daemon/1.0.13/commons-daemon-1.0.13.jar:/home/user/.m2/repository/io/netty/netty/3.10.5.Final/netty-3.10.5.Final.jar:/home/user/.m2/repository/io/netty/netty-all/4.0.52.Final/netty-all-4.0.52.Final.jar:/home/user/.m2/repository/org/fusesource/leveldbjni/leveldbjni-all/1.8/leveldbjni-all-1.8.jar:"/>
    <property name="sun.cpu.endian" value="little"/>
    <property name="user.home" value="/home/user"/>
    <property name="user.language" value="en"/>
    <property name="java.specification.vendor" value="Oracle Corporation"/>
    <property name="java.home" value="/usr/lib/jvm/java-1.8.0-openjdk-1.8.0.222.b10-1.el7_7.x86_64/jre"/>
    <property name="surefire.excludesFile" value="/tools/ozone-bad-unit-tests"/>
    <property name="java.security.krb5.conf" value="/workdir/hadoop-ozone/integration-test/target/test-classes/krb5.conf"/>
    <property name="basedir" value="/workdir/hadoop-ozone/integration-test"/>
    <property name="file.separator" value="/"/>
    <property name="line.separator" value="&#10;"/>
    <property name="java.vm.specification.vendor" value="Oracle Corporation"/>
    <property name="java.specification.name" value="Java Platform API Specification"/>
    <property name="java.awt.graphicsenv" value="sun.awt.X11GraphicsEnvironment"/>
    <property name="surefire.real.class.path" value="/workdir/hadoop-ozone/integration-test/target/surefire/surefirebooter1634873277506982505.jar"/>
    <property name="hadoop.log.dir" value="/workdir/hadoop-ozone/integration-test/target/log"/>
    <property name="sun.boot.class.path" value="/usr/lib/jvm/java-1.8.0-openjdk-1.8.0.222.b10-1.el7_7.x86_64/jre/lib/resources.jar:/usr/lib/jvm/java-1.8.0-openjdk-1.8.0.222.b10-1.el7_7.x86_64/jre/lib/rt.jar:/usr/lib/jvm/java-1.8.0-openjdk-1.8.0.222.b10-1.el7_7.x86_64/jre/lib/sunrsasign.jar:/usr/lib/jvm/java-1.8.0-openjdk-1.8.0.222.b10-1.el7_7.x86_64/jre/lib/jsse.jar:/usr/lib/jvm/java-1.8.0-openjdk-1.8.0.222.b10-1.el7_7.x86_64/jre/lib/jce.jar:/usr/lib/jvm/java-1.8.0-openjdk-1.8.0.222.b10-1.el7_7.x86_64/jre/lib/charsets.jar:/usr/lib/jvm/java-1.8.0-openjdk-1.8.0.222.b10-1.el7_7.x86_64/jre/lib/jfr.jar:/usr/lib/jvm/java-1.8.0-openjdk-1.8.0.222.b10-1.el7_7.x86_64/jre/classes"/>
    <property name="sun.management.compiler" value="HotSpot 64-Bit Tiered Compilers"/>
    <property name="java.runtime.version" value="1.8.0_222-b10"/>
    <property name="java.net.preferIPv4Stack" value="true"/>
    <property name="user.name" value="jenkins1000"/>
    <property name="path.separator" value=":"/>
    <property name="java.security.egd" value="file:///dev/urandom"/>
    <property name="os.version" value="3.10.0-957.12.2.el7.x86_64"/>
    <property name="java.endorsed.dirs" value="/usr/lib/jvm/java-1.8.0-openjdk-1.8.0.222.b10-1.el7_7.x86_64/jre/lib/endorsed"/>
    <property name="java.runtime.name" value="OpenJDK Runtime Environment"/>
    <property name="file.encoding" value="ANSI_X3.4-1968"/>
    <property name="java.vm.name" value="OpenJDK 64-Bit Server VM"/>
    <property name="test.build.webapps" value=""/>
    <property name="localRepository" value="/home/user/.m2/repository"/>
    <property name="java.vendor.url.bug" value="http://bugreport.sun.com/bugreport/"/>
    <property name="java.io.tmpdir" value="/tmp"/>
    <property name="require.test.libhadoop" value=""/>
    <property name="java.version" value="1.8.0_222"/>
    <property name="user.dir" value="/workdir/hadoop-ozone/integration-test"/>
    <property name="os.arch" value="amd64"/>
    <property name="java.vm.specification.name" value="Java Virtual Machine Specification"/>
    <property name="test.build.classes" value="/workdir/hadoop-ozone/integration-test/target/test-classes"/>
    <property name="java.awt.printerjob" value="sun.print.PSPrinterJob"/>
    <property name="sun.os.patch.level" value="unknown"/>
    <property name="hadoop.tmp.dir" value="/workdir/hadoop-ozone/integration-test/target/tmp"/>
    <property name="java.library.path" value="/usr/lib:/workdir/hadoop-ozone/integration-test/target/native/target/usr/local/lib:/workdir/hadoop-ozone/integration-test/../../hadoop-common-project/hadoop-common/target/native/target/usr/local/lib:/usr/java/packages/lib/amd64:/usr/lib64:/lib64:/lib:/usr/lib"/>
    <property name="java.vm.info" value="mixed mode"/>
    <property name="java.vendor" value="Oracle Corporation"/>
    <property name="java.vm.version" value="25.222-b10"/>
    <property name="java.ext.dirs" value="/usr/lib/jvm/java-1.8.0-openjdk-1.8.0.222.b10-1.el7_7.x86_64/jre/lib/ext:/usr/java/packages/lib/ext"/>
    <property name="sun.io.unicode.encoding" value="UnicodeLittle"/>
    <property name="java.class.version" value="52.0"/>
  </properties>
  <testcase name="testWatchForCommitWithKeyWrite" classname="org.apache.hadoop.ozone.client.rpc.TestWatchForCommit" time="75.651"/>
  <testcase name="testWatchForCommitWithSmallerTimeoutValue" classname="org.apache.hadoop.ozone.client.rpc.TestWatchForCommit" time="49.396"/>
  <testcase name="testWatchForCommitForRetryfailure" classname="org.apache.hadoop.ozone.client.rpc.TestWatchForCommit" time="85.946"/>
  <testcase name="testWatchForCommitForGroupMismatchException" classname="org.apache.hadoop.ozone.client.rpc.TestWatchForCommit" time="33.717"/>
  <testcase name="test2WayCommitForTimeoutException" classname="org.apache.hadoop.ozone.client.rpc.TestWatchForCommit" time="27.992">
    <error message="org.apache.ratis.protocol.RaftRetryFailureException: Failed RaftClientRequest:client-65DA3BEB0E80-&gt;d67d7a8a-48fc-4760-af70-d9214651956a@group-198FEFAAAD3B, cid=104, seq=2*, RW, cmdType: CloseContainer&#10;traceID: &quot;1be3721ea15dcb0:1be3721ea15dcb0:0:0&quot;&#10;containerID: 1&#10;datanodeUuid: &quot;b9378c2d-a253-4d60-8cf2-00dacb35e775&quot;&#10;closeContainer {&#10;}&#10;, data.size=0 for 20 attempts with RetryLimited(maxAttempts=20, sleepTime=1000ms)" type="java.util.concurrent.ExecutionException">java.util.concurrent.ExecutionException: 
org.apache.ratis.protocol.RaftRetryFailureException: Failed RaftClientRequest:client-65DA3BEB0E80->d67d7a8a-48fc-4760-af70-d9214651956a@group-198FEFAAAD3B, cid=104, seq=2*, RW, cmdType: CloseContainer
traceID: "1be3721ea15dcb0:1be3721ea15dcb0:0:0"
containerID: 1
datanodeUuid: "b9378c2d-a253-4d60-8cf2-00dacb35e775"
closeContainer {
}
, data.size=0 for 20 attempts with RetryLimited(maxAttempts=20, sleepTime=1000ms)
	at java.util.concurrent.CompletableFuture.reportGet(CompletableFuture.java:357)
	at java.util.concurrent.CompletableFuture.get(CompletableFuture.java:1895)
	at org.apache.hadoop.ozone.client.rpc.TestWatchForCommit.test2WayCommitForTimeoutException(TestWatchForCommit.java:390)
	at sun.reflect.NativeMethodAccessorImpl.invoke0(Native Method)
	at sun.reflect.NativeMethodAccessorImpl.invoke(NativeMethodAccessorImpl.java:62)
	at sun.reflect.DelegatingMethodAccessorImpl.invoke(DelegatingMethodAccessorImpl.java:43)
	at java.lang.reflect.Method.invoke(Method.java:498)
	at org.junit.runners.model.FrameworkMethod$1.runReflectiveCall(FrameworkMethod.java:47)
	at org.junit.internal.runners.model.ReflectiveCallable.run(ReflectiveCallable.java:12)
	at org.junit.runners.model.FrameworkMethod.invokeExplosively(FrameworkMethod.java:44)
	at org.junit.internal.runners.statements.InvokeMethod.evaluate(InvokeMethod.java:17)
	at org.junit.runners.ParentRunner.runLeaf(ParentRunner.java:271)
	at org.junit.runners.BlockJUnit4ClassRunner.runChild(BlockJUnit4ClassRunner.java:70)
	at org.junit.runners.BlockJUnit4ClassRunner.runChild(BlockJUnit4ClassRunner.java:50)
	at org.junit.runners.ParentRunner$3.run(ParentRunner.java:238)
	at org.junit.runners.ParentRunner$1.schedule(ParentRunner.java:63)
	at org.junit.runners.ParentRunner.runChildren(ParentRunner.java:236)
	at org.junit.runners.ParentRunner.access$000(ParentRunner.java:53)
	at org.junit.runners.ParentRunner$2.evaluate(ParentRunner.java:229)
	at org.junit.runners.ParentRunner.run(ParentRunner.java:309)
	at org.apache.maven.surefire.junit4.JUnit4Provider.execute(JUnit4Provider.java:365)
	at org.apache.maven.surefire.junit4.JUnit4Provider.executeWithRerun(JUnit4Provider.java:273)
	at org.apache.maven.surefire.junit4.JUnit4Provider.executeTestSet(JUnit4Provider.java:238)
	at org.apache.maven.surefire.junit4.JUnit4Provider.invoke(JUnit4Provider.java:159)
	at org.apache.maven.surefire.booter.ForkedBooter.invokeProviderInSameClassLoader(ForkedBooter.java:384)
	at org.apache.maven.surefire.booter.ForkedBooter.runSuitesInProcess(ForkedBooter.java:345)
	at org.apache.maven.surefire.booter.ForkedBooter.execute(ForkedBooter.java:126)
	at org.apache.maven.surefire.booter.ForkedBooter.main(ForkedBooter.java:418)
Caused by: org.apache.ratis.protocol.RaftRetryFailureException: Failed RaftClientRequest:client-65DA3BEB0E80->d67d7a8a-48fc-4760-af70-d9214651956a@group-198FEFAAAD3B, cid=104, seq=2*, RW, cmdType: CloseContainer
traceID: "1be3721ea15dcb0:1be3721ea15dcb0:0:0"
containerID: 1
datanodeUuid: "b9378c2d-a253-4d60-8cf2-00dacb35e775"
closeContainer {
}
, data.size=0 for 20 attempts with RetryLimited(maxAttempts=20, sleepTime=1000ms)
	at org.apache.ratis.client.impl.RaftClientImpl.noMoreRetries(RaftClientImpl.java:271)
	at org.apache.ratis.client.impl.OrderedAsync.handleAsyncRetryFailure(OrderedAsync.java:138)
	at org.apache.ratis.client.impl.OrderedAsync.lambda$sendRequest$10(OrderedAsync.java:230)
	at java.util.concurrent.CompletableFuture.uniExceptionally(CompletableFuture.java:870)
	at java.util.concurrent.CompletableFuture$UniExceptionally.tryFire(CompletableFuture.java:852)
	at java.util.concurrent.CompletableFuture.postComplete(CompletableFuture.java:474)
	at java.util.concurrent.CompletableFuture.completeExceptionally(CompletableFuture.java:1977)
	at org.apache.ratis.grpc.client.GrpcClientProtocolClient$AsyncStreamObservers.completeReplyExceptionally(GrpcClientProtocolClient.java:345)
	at org.apache.ratis.grpc.client.GrpcClientProtocolClient$AsyncStreamObservers.access$000(GrpcClientProtocolClient.java:261)
	at org.apache.ratis.grpc.client.GrpcClientProtocolClient$AsyncStreamObservers$1.onNext(GrpcClientProtocolClient.java:273)
	at org.apache.ratis.grpc.client.GrpcClientProtocolClient$AsyncStreamObservers$1.onNext(GrpcClientProtocolClient.java:264)
	at org.apache.ratis.thirdparty.io.grpc.stub.ClientCalls$StreamObserverToCallListenerAdapter.onMessage(ClientCalls.java:421)
	at org.apache.ratis.thirdparty.io.grpc.ForwardingClientCallListener.onMessage(ForwardingClientCallListener.java:33)
	at org.apache.ratis.thirdparty.io.grpc.ForwardingClientCallListener.onMessage(ForwardingClientCallListener.java:33)
	at org.apache.ratis.thirdparty.io.grpc.internal.ClientCallImpl$ClientStreamListenerImpl$1MessagesAvailable.runInContext(ClientCallImpl.java:519)
	at org.apache.ratis.thirdparty.io.grpc.internal.ContextRunnable.run(ContextRunnable.java:37)
	at org.apache.ratis.thirdparty.io.grpc.internal.SerializingExecutor.run(SerializingExecutor.java:123)
	at java.util.concurrent.ThreadPoolExecutor.runWorker(ThreadPoolExecutor.java:1149)
	at java.util.concurrent.ThreadPoolExecutor$Worker.run(ThreadPoolExecutor.java:624)
	at java.lang.Thread.run(Thread.java:748)
Caused by: org.apache.ratis.protocol.NotLeaderException: Server d67d7a8a-48fc-4760-af70-d9214651956a@group-198FEFAAAD3B is not the leader bfc21bf7-2b4f-46f8-acca-4e109eff9825:192.168.34.61:35859
	at org.apache.ratis.client.impl.ClientProtoUtils.toRaftClientReply(ClientProtoUtils.java:243)
	at org.apache.ratis.grpc.client.GrpcClientProtocolClient$AsyncStreamObservers$1.onNext(GrpcClientProtocolClient.java:269)
	... 10 more
</error>
    <system-out><![CDATA[2019-10-18 14:12:09,266 [main] WARN  server.ServerUtils (ServerUtils.java:getScmDbDir(145)) - ozone.scm.db.dirs is not configured. We recommend adding this setting. Falling back to ozone.metadata.dirs instead.
2019-10-18 14:12:09,290 [main] WARN  server.ServerUtils (ServerUtils.java:getScmDbDir(145)) - ozone.scm.db.dirs is not configured. We recommend adding this setting. Falling back to ozone.metadata.dirs instead.
2019-10-18 14:12:09,290 [main] WARN  server.ServerUtils (ServerUtils.java:getScmDbDir(145)) - ozone.scm.db.dirs is not configured. We recommend adding this setting. Falling back to ozone.metadata.dirs instead.
2019-10-18 14:12:09,291 [main] INFO  db.DBStoreBuilder (DBStoreBuilder.java:addTable(117)) - using custom profile for table: deletedBlocks
2019-10-18 14:12:09,291 [main] INFO  db.DBStoreBuilder (DBStoreBuilder.java:processTables(168)) - Using default column profile:DBProfile.DISK for Table:deletedBlocks
2019-10-18 14:12:09,291 [main] INFO  db.DBStoreBuilder (DBStoreBuilder.java:addTable(117)) - using custom profile for table: validCerts
2019-10-18 14:12:09,291 [main] INFO  db.DBStoreBuilder (DBStoreBuilder.java:processTables(168)) - Using default column profile:DBProfile.DISK for Table:validCerts
2019-10-18 14:12:09,292 [main] INFO  db.DBStoreBuilder (DBStoreBuilder.java:addTable(117)) - using custom profile for table: revokedCerts
2019-10-18 14:12:09,292 [main] INFO  db.DBStoreBuilder (DBStoreBuilder.java:processTables(168)) - Using default column profile:DBProfile.DISK for Table:revokedCerts
2019-10-18 14:12:09,292 [main] INFO  db.DBStoreBuilder (DBStoreBuilder.java:addTable(117)) - using custom profile for table: default
2019-10-18 14:12:09,292 [main] INFO  db.DBStoreBuilder (DBStoreBuilder.java:processTables(174)) - Using default column profile:DBProfile.DISK for Table:default
2019-10-18 14:12:09,292 [main] INFO  db.DBStoreBuilder (DBStoreBuilder.java:getDbProfile(205)) - Using default options. DBProfile.DISK
2019-10-18 14:12:09,632 [main] INFO  net.NodeSchemaLoader (NodeSchemaLoader.java:loadSchemaFromFile(125)) - Loading file from sun.misc.CompoundEnumeration@6e24ce51
2019-10-18 14:12:09,633 [main] INFO  net.NodeSchemaLoader (NodeSchemaLoader.java:loadSchema(171)) - Loading network topology layer schema file
2019-10-18 14:12:09,640 [main] WARN  server.ServerUtils (ServerUtils.java:sanitizeUserArgs(70)) - ozone.scm.stale.node.interval value = 300000 is larger than max = 100000 based on the key value of ozone.scm.heartbeat.thread.interval, reset to the max value 100000.
2019-10-18 14:12:09,640 [main] WARN  server.ServerUtils (ServerUtils.java:sanitizeUserArgs(70)) - ozone.scm.stale.node.interval value = 300000 is larger than max = 100000 based on the key value of ozone.scm.heartbeat.thread.interval, reset to the max value 100000.
2019-10-18 14:12:09,640 [main] INFO  node.SCMNodeManager (SCMNodeManager.java:<init>(116)) - Entering startup safe mode.
2019-10-18 14:12:09,641 [main] INFO  algorithms.ContainerPlacementPolicyFactory (ContainerPlacementPolicyFactory.java:getPolicy(57)) - Create container placement policy of type org.apache.hadoop.hdds.scm.container.placement.algorithms.SCMContainerPlacementRandom
2019-10-18 14:12:09,641 [main] WARN  server.ServerUtils (ServerUtils.java:getScmDbDir(145)) - ozone.scm.db.dirs is not configured. We recommend adding this setting. Falling back to ozone.metadata.dirs instead.
2019-10-18 14:12:09,817 [main] INFO  pipeline.SCMPipelineManager (SCMPipelineManager.java:initializePipelineState(132)) - No pipeline exists in current db
2019-10-18 14:12:09,817 [main] WARN  server.ServerUtils (ServerUtils.java:getScmDbDir(145)) - ozone.scm.db.dirs is not configured. We recommend adding this setting. Falling back to ozone.metadata.dirs instead.
2019-10-18 14:12:09,964 [main] WARN  events.EventQueue (EventQueue.java:fireEvent(183)) - No event handler registered for event TypedEvent{payloadType=SafeModeStatus, name='SafeModeStatus'}
2019-10-18 14:12:09,966 [main] INFO  ipc.CallQueueManager (CallQueueManager.java:<init>(84)) - Using callQueue: class java.util.concurrent.LinkedBlockingQueue, queueCapacity: 2000, scheduler: class org.apache.hadoop.ipc.DefaultRpcScheduler, ipcBackoff: false.
2019-10-18 14:12:09,967 [Socket Reader #1 for port 33474] INFO  ipc.Server (Server.java:run(1074)) - Starting Socket Reader #1 for port 33474
2019-10-18 14:12:09,970 [main] INFO  ipc.CallQueueManager (CallQueueManager.java:<init>(84)) - Using callQueue: class java.util.concurrent.LinkedBlockingQueue, queueCapacity: 2000, scheduler: class org.apache.hadoop.ipc.DefaultRpcScheduler, ipcBackoff: false.
2019-10-18 14:12:09,971 [Socket Reader #1 for port 44732] INFO  ipc.Server (Server.java:run(1074)) - Starting Socket Reader #1 for port 44732
2019-10-18 14:12:09,973 [main] INFO  ipc.CallQueueManager (CallQueueManager.java:<init>(84)) - Using callQueue: class java.util.concurrent.LinkedBlockingQueue, queueCapacity: 2000, scheduler: class org.apache.hadoop.ipc.DefaultRpcScheduler, ipcBackoff: false.
2019-10-18 14:12:09,974 [Socket Reader #1 for port 33093] INFO  ipc.Server (Server.java:run(1074)) - Starting Socket Reader #1 for port 33093
2019-10-18 14:12:09,976 [main] INFO  hdfs.DFSUtil (DFSUtil.java:httpServerTemplateForNNAndJN(1641)) - Starting Web-server for scm at: http://0.0.0.0:0
2019-10-18 14:12:09,979 [main] INFO  server.AuthenticationFilter (AuthenticationFilter.java:constructSecretProvider(240)) - Unable to initialize FileSignerSecretProvider, falling back to use random secrets.
2019-10-18 14:12:09,980 [main] WARN  http.HttpRequestLog (HttpRequestLog.java:getRequestLog(97)) - Jetty request log can only be enabled using Log4j
2019-10-18 14:12:09,982 [main] INFO  http.HttpServer2 (HttpServer2.java:addGlobalFilter(975)) - Added global filter 'safety' (class=org.apache.hadoop.http.HttpServer2$QuotingInputFilter)
2019-10-18 14:12:09,983 [main] INFO  http.HttpServer2 (HttpServer2.java:addFilter(948)) - Added filter static_user_filter (class=org.apache.hadoop.http.lib.StaticUserWebFilter$StaticUserFilter) to context scm
2019-10-18 14:12:09,983 [main] INFO  http.HttpServer2 (HttpServer2.java:addFilter(958)) - Added filter static_user_filter (class=org.apache.hadoop.http.lib.StaticUserWebFilter$StaticUserFilter) to context static
2019-10-18 14:12:09,984 [main] INFO  http.HttpServer2 (HttpServer2.java:addFilter(958)) - Added filter static_user_filter (class=org.apache.hadoop.http.lib.StaticUserWebFilter$StaticUserFilter) to context logs
2019-10-18 14:12:09,986 [main] INFO  server.StorageContainerManager (StorageContainerManager.java:start(772)) - StorageContainerLocationProtocol RPC server is listening at /0.0.0.0:33093
2019-10-18 14:12:09,989 [main] WARN  impl.MetricsConfig (MetricsConfig.java:loadFirst(134)) - Cannot locate configuration: tried hadoop-metrics2-storagecontainermanager.properties,hadoop-metrics2.properties
2019-10-18 14:12:09,990 [main] INFO  impl.MetricsSystemImpl (MetricsSystemImpl.java:startTimer(374)) - Scheduled Metric snapshot period at 10 second(s).
2019-10-18 14:12:09,990 [main] INFO  impl.MetricsSystemImpl (MetricsSystemImpl.java:start(191)) - StorageContainerManager metrics system started
2019-10-18 14:12:10,059 [main] WARN  impl.MetricsSystemImpl (MetricsSystemImpl.java:register(276)) - Sink prometheus already exists!
2019-10-18 14:12:10,158 [main] INFO  server.SCMClientProtocolServer (SCMClientProtocolServer.java:start(159)) - RPC server for Client  is listening at /0.0.0.0:33093
2019-10-18 14:12:10,158 [IPC Server Responder] INFO  ipc.Server (Server.java:run(1314)) - IPC Server Responder: starting
2019-10-18 14:12:10,158 [IPC Server listener on 33093] INFO  ipc.Server (Server.java:run(1153)) - IPC Server listener on 33093: starting
2019-10-18 14:12:10,163 [main] INFO  server.StorageContainerManager (StorageContainerManager.java:start(782)) - ScmBlockLocationProtocol RPC server is listening at /0.0.0.0:44732
2019-10-18 14:12:10,164 [main] INFO  server.SCMBlockProtocolServer (SCMBlockProtocolServer.java:start(146)) - RPC server for Block Protocol is listening at /0.0.0.0:44732
2019-10-18 14:12:10,164 [IPC Server Responder] INFO  ipc.Server (Server.java:run(1314)) - IPC Server Responder: starting
2019-10-18 14:12:10,164 [IPC Server listener on 44732] INFO  ipc.Server (Server.java:run(1153)) - IPC Server listener on 44732: starting
2019-10-18 14:12:10,166 [main] INFO  server.StorageContainerManager (StorageContainerManager.java:start(786)) - ScmDatanodeProtocl RPC server is listening at /0.0.0.0:33474
2019-10-18 14:12:10,167 [main] INFO  server.SCMDatanodeProtocolServer (SCMDatanodeProtocolServer.java:start(169)) - RPC server for DataNodes is listening at /0.0.0.0:33474
2019-10-18 14:12:10,167 [IPC Server Responder] INFO  ipc.Server (Server.java:run(1314)) - IPC Server Responder: starting
2019-10-18 14:12:10,168 [IPC Server listener on 33474] INFO  ipc.Server (Server.java:run(1153)) - IPC Server listener on 33474: starting
2019-10-18 14:12:10,170 [main] INFO  http.HttpServer2 (HttpServer2.java:bindListener(1191)) - Jetty bound to port 37662
2019-10-18 14:12:10,170 [main] INFO  server.Server (Server.java:doStart(351)) - jetty-9.3.25.v20180904, build timestamp: 2018-09-04T21:11:46Z, git hash: 3ce520221d0240229c862b122d2b06c12a625732
2019-10-18 14:12:10,172 [main] INFO  handler.ContextHandler (ContextHandler.java:doStart(781)) - Started o.e.j.s.ServletContextHandler@443cdaa4{/logs,file:///workdir/hadoop-ozone/integration-test/target/log,AVAILABLE}
2019-10-18 14:12:10,173 [main] INFO  handler.ContextHandler (ContextHandler.java:doStart(781)) - Started o.e.j.s.ServletContextHandler@619c93ca{/static,file:///workdir/hadoop-ozone/integration-test/target/test-classes/webapps/static,AVAILABLE}
2019-10-18 14:12:10,177 [main] INFO  handler.ContextHandler (ContextHandler.java:doStart(781)) - Started o.e.j.w.WebAppContext@339f3a55{/,file:///workdir/hadoop-ozone/integration-test/target/test-classes/webapps/scm/,AVAILABLE}{/scm}
2019-10-18 14:12:10,178 [main] INFO  server.AbstractConnector (AbstractConnector.java:doStart(278)) - Started ServerConnector@2dd63e3{HTTP/1.1,[http/1.1]}{0.0.0.0:37662}
2019-10-18 14:12:10,178 [main] INFO  server.Server (Server.java:doStart(419)) - Started @245996ms
2019-10-18 14:12:10,178 [main] WARN  impl.MetricsSystemImpl (MetricsSystemImpl.java:register(276)) - Sink prometheus already exists!
2019-10-18 14:12:10,179 [main] INFO  server.BaseHttpServer (BaseHttpServer.java:updateConnectorAddress(215)) - HTTP server of SCM is listening at http://0.0.0.0:37662
2019-10-18 14:12:10,180 [main] WARN  server.ServerUtils (ServerUtils.java:getDBPath(222)) - ozone.om.db.dirs is not configured. We recommend adding this setting. Falling back to ozone.metadata.dirs instead.
2019-10-18 14:12:10,180 [org.apache.hadoop.util.JvmPauseMonitor$Monitor@209f3887] INFO  util.JvmPauseMonitor (JvmPauseMonitor.java:run(188)) - Starting JVM pause monitor
2019-10-18 14:12:10,221 [main] INFO  ha.OMHANodeDetails (OMHANodeDetails.java:loadOMHAConfig(190)) - Configuration either no ozone.om.address set. Falling back to the default OM address /127.0.0.1:0
2019-10-18 14:12:10,221 [main] INFO  ha.OMHANodeDetails (OMHANodeDetails.java:getOMNodeDetails(220)) - OM Service ID is not set. Setting it to the default ID: omServiceIdDefault
2019-10-18 14:12:10,222 [main] WARN  server.ServerUtils (ServerUtils.java:getDBPath(222)) - ozone.om.db.dirs is not configured. We recommend adding this setting. Falling back to ozone.metadata.dirs instead.
2019-10-18 14:12:10,222 [main] WARN  server.ServerUtils (ServerUtils.java:getDBPath(222)) - ozone.om.db.dirs is not configured. We recommend adding this setting. Falling back to ozone.metadata.dirs instead.
2019-10-18 14:12:10,230 [main] WARN  server.ServerUtils (ServerUtils.java:getDBPath(222)) - ozone.om.db.dirs is not configured. We recommend adding this setting. Falling back to ozone.metadata.dirs instead.
2019-10-18 14:12:10,230 [main] INFO  db.DBStoreBuilder (DBStoreBuilder.java:addTable(117)) - using custom profile for table: userTable
2019-10-18 14:12:10,230 [main] INFO  db.DBStoreBuilder (DBStoreBuilder.java:processTables(168)) - Using default column profile:DBProfile.DISK for Table:userTable
2019-10-18 14:12:10,230 [main] INFO  db.DBStoreBuilder (DBStoreBuilder.java:addTable(117)) - using custom profile for table: volumeTable
2019-10-18 14:12:10,230 [main] INFO  db.DBStoreBuilder (DBStoreBuilder.java:processTables(168)) - Using default column profile:DBProfile.DISK for Table:volumeTable
2019-10-18 14:12:10,231 [main] INFO  db.DBStoreBuilder (DBStoreBuilder.java:addTable(117)) - using custom profile for table: bucketTable
2019-10-18 14:12:10,231 [main] INFO  db.DBStoreBuilder (DBStoreBuilder.java:processTables(168)) - Using default column profile:DBProfile.DISK for Table:bucketTable
2019-10-18 14:12:10,231 [main] INFO  db.DBStoreBuilder (DBStoreBuilder.java:addTable(117)) - using custom profile for table: keyTable
2019-10-18 14:12:10,231 [main] INFO  db.DBStoreBuilder (DBStoreBuilder.java:processTables(168)) - Using default column profile:DBProfile.DISK for Table:keyTable
2019-10-18 14:12:10,231 [main] INFO  db.DBStoreBuilder (DBStoreBuilder.java:addTable(117)) - using custom profile for table: deletedTable
2019-10-18 14:12:10,232 [main] INFO  db.DBStoreBuilder (DBStoreBuilder.java:processTables(168)) - Using default column profile:DBProfile.DISK for Table:deletedTable
2019-10-18 14:12:10,232 [main] INFO  db.DBStoreBuilder (DBStoreBuilder.java:addTable(117)) - using custom profile for table: openKeyTable
2019-10-18 14:12:10,232 [main] INFO  db.DBStoreBuilder (DBStoreBuilder.java:processTables(168)) - Using default column profile:DBProfile.DISK for Table:openKeyTable
2019-10-18 14:12:10,232 [main] INFO  db.DBStoreBuilder (DBStoreBuilder.java:addTable(117)) - using custom profile for table: s3Table
2019-10-18 14:12:10,232 [main] INFO  db.DBStoreBuilder (DBStoreBuilder.java:processTables(168)) - Using default column profile:DBProfile.DISK for Table:s3Table
2019-10-18 14:12:10,232 [main] INFO  db.DBStoreBuilder (DBStoreBuilder.java:addTable(117)) - using custom profile for table: multipartInfoTable
2019-10-18 14:12:10,232 [main] INFO  db.DBStoreBuilder (DBStoreBuilder.java:processTables(168)) - Using default column profile:DBProfile.DISK for Table:multipartInfoTable
2019-10-18 14:12:10,233 [main] INFO  db.DBStoreBuilder (DBStoreBuilder.java:addTable(117)) - using custom profile for table: dTokenTable
2019-10-18 14:12:10,233 [main] INFO  db.DBStoreBuilder (DBStoreBuilder.java:processTables(168)) - Using default column profile:DBProfile.DISK for Table:dTokenTable
2019-10-18 14:12:10,233 [main] INFO  db.DBStoreBuilder (DBStoreBuilder.java:addTable(117)) - using custom profile for table: s3SecretTable
2019-10-18 14:12:10,233 [main] INFO  db.DBStoreBuilder (DBStoreBuilder.java:processTables(168)) - Using default column profile:DBProfile.DISK for Table:s3SecretTable
2019-10-18 14:12:10,233 [main] INFO  db.DBStoreBuilder (DBStoreBuilder.java:addTable(117)) - using custom profile for table: prefixTable
2019-10-18 14:12:10,233 [main] INFO  db.DBStoreBuilder (DBStoreBuilder.java:processTables(168)) - Using default column profile:DBProfile.DISK for Table:prefixTable
2019-10-18 14:12:10,234 [main] INFO  db.DBStoreBuilder (DBStoreBuilder.java:addTable(117)) - using custom profile for table: default
2019-10-18 14:12:10,234 [main] INFO  db.DBStoreBuilder (DBStoreBuilder.java:processTables(174)) - Using default column profile:DBProfile.DISK for Table:default
2019-10-18 14:12:10,234 [main] INFO  db.DBStoreBuilder (DBStoreBuilder.java:getDbProfile(205)) - Using default options. DBProfile.DISK
2019-10-18 14:12:11,032 [main] INFO  ipc.CallQueueManager (CallQueueManager.java:<init>(84)) - Using callQueue: class java.util.concurrent.LinkedBlockingQueue, queueCapacity: 2000, scheduler: class org.apache.hadoop.ipc.DefaultRpcScheduler, ipcBackoff: false.
2019-10-18 14:12:11,033 [Socket Reader #1 for port 43259] INFO  ipc.Server (Server.java:run(1074)) - Starting Socket Reader #1 for port 43259
2019-10-18 14:12:11,047 [main] INFO  om.OzoneManager (OzoneManager.java:start(1071)) - OzoneManager RPC server is listening at localhost/127.0.0.1:43259
2019-10-18 14:12:11,047 [main] INFO  impl.MetricsSystemImpl (MetricsSystemImpl.java:init(158)) - OzoneManager metrics system started (again)
2019-10-18 14:12:11,049 [IPC Server Responder] INFO  ipc.Server (Server.java:run(1314)) - IPC Server Responder: starting
2019-10-18 14:12:11,050 [IPC Server listener on 43259] INFO  ipc.Server (Server.java:run(1153)) - IPC Server listener on 43259: starting
2019-10-18 14:12:11,053 [main] INFO  hdfs.DFSUtil (DFSUtil.java:httpServerTemplateForNNAndJN(1641)) - Starting Web-server for ozoneManager at: http://0.0.0.0:0
2019-10-18 14:12:11,054 [main] INFO  server.AuthenticationFilter (AuthenticationFilter.java:constructSecretProvider(240)) - Unable to initialize FileSignerSecretProvider, falling back to use random secrets.
2019-10-18 14:12:11,054 [main] WARN  http.HttpRequestLog (HttpRequestLog.java:getRequestLog(97)) - Jetty request log can only be enabled using Log4j
2019-10-18 14:12:11,056 [main] INFO  http.HttpServer2 (HttpServer2.java:addGlobalFilter(975)) - Added global filter 'safety' (class=org.apache.hadoop.http.HttpServer2$QuotingInputFilter)
2019-10-18 14:12:11,056 [main] INFO  http.HttpServer2 (HttpServer2.java:addFilter(948)) - Added filter static_user_filter (class=org.apache.hadoop.http.lib.StaticUserWebFilter$StaticUserFilter) to context ozoneManager
2019-10-18 14:12:11,056 [main] INFO  http.HttpServer2 (HttpServer2.java:addFilter(958)) - Added filter static_user_filter (class=org.apache.hadoop.http.lib.StaticUserWebFilter$StaticUserFilter) to context logs
2019-10-18 14:12:11,056 [main] INFO  http.HttpServer2 (HttpServer2.java:addFilter(958)) - Added filter static_user_filter (class=org.apache.hadoop.http.lib.StaticUserWebFilter$StaticUserFilter) to context static
2019-10-18 14:12:11,057 [main] INFO  http.HttpServer2 (HttpServer2.java:bindListener(1191)) - Jetty bound to port 39851
2019-10-18 14:12:11,057 [main] INFO  server.Server (Server.java:doStart(351)) - jetty-9.3.25.v20180904, build timestamp: 2018-09-04T21:11:46Z, git hash: 3ce520221d0240229c862b122d2b06c12a625732
2019-10-18 14:12:11,058 [main] INFO  handler.ContextHandler (ContextHandler.java:doStart(781)) - Started o.e.j.s.ServletContextHandler@3c28e5b6{/logs,file:///workdir/hadoop-ozone/integration-test/target/log,AVAILABLE}
2019-10-18 14:12:11,058 [main] INFO  handler.ContextHandler (ContextHandler.java:doStart(781)) - Started o.e.j.s.ServletContextHandler@3a296107{/static,file:///workdir/hadoop-ozone/integration-test/target/test-classes/webapps/static,AVAILABLE}
2019-10-18 14:12:11,061 [main] INFO  handler.ContextHandler (ContextHandler.java:doStart(781)) - Started o.e.j.w.WebAppContext@6ef2f7ad{/,file:///workdir/hadoop-ozone/integration-test/target/test-classes/webapps/ozoneManager/,AVAILABLE}{/ozoneManager}
2019-10-18 14:12:11,061 [main] INFO  server.AbstractConnector (AbstractConnector.java:doStart(278)) - Started ServerConnector@22d477c2{HTTP/1.1,[http/1.1]}{0.0.0.0:39851}
2019-10-18 14:12:11,063 [main] INFO  server.Server (Server.java:doStart(419)) - Started @246881ms
2019-10-18 14:12:11,063 [main] WARN  impl.MetricsSystemImpl (MetricsSystemImpl.java:register(276)) - Sink prometheus already exists!
2019-10-18 14:12:11,064 [main] INFO  server.BaseHttpServer (BaseHttpServer.java:updateConnectorAddress(215)) - HTTP server of OZONEMANAGER is listening at http://0.0.0.0:39851
2019-10-18 14:12:11,075 [main] INFO  impl.MetricsSystemImpl (MetricsSystemImpl.java:init(158)) - HddsDatanode metrics system started (again)
2019-10-18 14:12:11,078 [main] INFO  ozone.HddsDatanodeService (HddsDatanodeService.java:start(184)) - HddsDatanodeService host:pr-hdds-2280-982rn-3954796538 ip:192.168.34.61
2019-10-18 14:12:11,084 [main] INFO  volume.HddsVolume (HddsVolume.java:<init>(176)) - Creating Volume: /workdir/hadoop-ozone/integration-test/target/test-dir/MiniOzoneClusterImpl-1b3b65e9-0d6f-42e9-b73e-0ac44ea75486/datanode-0/data/containers/hdds of  storage type : DISK and capacity : 1482555576320
2019-10-18 14:12:11,084 [main] INFO  volume.VolumeSet (VolumeSet.java:initializeVolumeSet(170)) - Added Volume : /workdir/hadoop-ozone/integration-test/target/test-dir/MiniOzoneClusterImpl-1b3b65e9-0d6f-42e9-b73e-0ac44ea75486/datanode-0/data/containers/hdds to VolumeSet
2019-10-18 14:12:11,084 [main] INFO  volume.ThrottledAsyncChecker (ThrottledAsyncChecker.java:schedule(141)) - Scheduling a check for org.apache.hadoop.ozone.container.common.volume.HddsVolume@44d7e24
2019-10-18 14:12:11,085 [main] INFO  volume.HddsVolumeChecker (HddsVolumeChecker.java:checkAllVolumes(204)) - Scheduled health check for volume org.apache.hadoop.ozone.container.common.volume.HddsVolume@44d7e24
2019-10-18 14:12:11,096 [main] INFO  impl.RaftServerProxy (ConfUtils.java:logGet(43)) - raft.rpc.type = GRPC (default)
2019-10-18 14:12:11,096 [main] INFO  grpc.GrpcFactory (GrpcFactory.java:checkPooledByteBufAllocatorUseCacheForAllThreads(45)) - PERFORMANCE WARNING: useCacheForAllThreads is true that may cause Netty to create a lot garbage objects and, as a result, trigger GC.
	It is recommended to disable useCacheForAllThreads by setting -Dorg.apache.ratis.thirdparty.io.netty.allocator.useCacheForAllThreads=false in command line.
2019-10-18 14:12:11,096 [main] INFO  grpc.GrpcConfigKeys$Server (ConfUtils.java:logGet(43)) - raft.grpc.server.port = 0 (default)
2019-10-18 14:12:11,096 [main] INFO  server.GrpcService (ConfUtils.java:logGet(43)) - raft.grpc.message.size.max = 33570816 (custom)
2019-10-18 14:12:11,097 [main] INFO  server.RaftServerConfigKeys (ConfUtils.java:logGet(43)) - raft.server.log.appender.buffer.byte-limit = 33554432 (custom)
2019-10-18 14:12:11,097 [main] INFO  server.GrpcService (ConfUtils.java:logGet(43)) - raft.grpc.flow.control.window = 1MB (=1048576) (default)
2019-10-18 14:12:11,097 [main] INFO  server.RaftServerConfigKeys (ConfUtils.java:logGet(43)) - raft.server.rpc.request.timeout = 3000ms (default)
2019-10-18 14:12:11,097 [main] INFO  server.RaftServerConfigKeys (ConfUtils.java:logGet(43)) - raft.server.storage.dir = [/workdir/hadoop-ozone/integration-test/target/test-dir/MiniOzoneClusterImpl-1b3b65e9-0d6f-42e9-b73e-0ac44ea75486/datanode-0/data/ratis] (custom)
2019-10-18 14:12:11,099 [main] INFO  hdfs.DFSUtil (DFSUtil.java:httpServerTemplateForNNAndJN(1641)) - Starting Web-server for hddsDatanode at: http://0.0.0.0:0
2019-10-18 14:12:11,100 [main] INFO  server.AuthenticationFilter (AuthenticationFilter.java:constructSecretProvider(240)) - Unable to initialize FileSignerSecretProvider, falling back to use random secrets.
2019-10-18 14:12:11,100 [main] WARN  http.HttpRequestLog (HttpRequestLog.java:getRequestLog(97)) - Jetty request log can only be enabled using Log4j
2019-10-18 14:12:11,101 [main] INFO  http.HttpServer2 (HttpServer2.java:addGlobalFilter(975)) - Added global filter 'safety' (class=org.apache.hadoop.http.HttpServer2$QuotingInputFilter)
2019-10-18 14:12:11,102 [main] INFO  http.HttpServer2 (HttpServer2.java:addFilter(948)) - Added filter static_user_filter (class=org.apache.hadoop.http.lib.StaticUserWebFilter$StaticUserFilter) to context hddsDatanode
2019-10-18 14:12:11,102 [main] INFO  http.HttpServer2 (HttpServer2.java:addFilter(958)) - Added filter static_user_filter (class=org.apache.hadoop.http.lib.StaticUserWebFilter$StaticUserFilter) to context logs
2019-10-18 14:12:11,102 [main] INFO  http.HttpServer2 (HttpServer2.java:addFilter(958)) - Added filter static_user_filter (class=org.apache.hadoop.http.lib.StaticUserWebFilter$StaticUserFilter) to context static
2019-10-18 14:12:11,103 [main] INFO  http.HttpServer2 (HttpServer2.java:bindListener(1191)) - Jetty bound to port 38986
2019-10-18 14:12:11,103 [main] INFO  server.Server (Server.java:doStart(351)) - jetty-9.3.25.v20180904, build timestamp: 2018-09-04T21:11:46Z, git hash: 3ce520221d0240229c862b122d2b06c12a625732
2019-10-18 14:12:11,104 [main] INFO  handler.ContextHandler (ContextHandler.java:doStart(781)) - Started o.e.j.s.ServletContextHandler@3b11620a{/logs,file:///workdir/hadoop-ozone/integration-test/target/log,AVAILABLE}
2019-10-18 14:12:11,105 [main] INFO  handler.ContextHandler (ContextHandler.java:doStart(781)) - Started o.e.j.s.ServletContextHandler@357f6391{/static,jar:file:/home/user/.m2/repository/org/apache/hadoop/hadoop-hdds-container-service/0.5.0-SNAPSHOT/hadoop-hdds-container-service-0.5.0-SNAPSHOT.jar!/webapps/static,AVAILABLE}
2019-10-18 14:12:11,133 [main] INFO  handler.ContextHandler (ContextHandler.java:doStart(781)) - Started o.e.j.w.WebAppContext@5c4cc644{/,file:///tmp/jetty-0.0.0.0-38986-hddsDatanode-_-any-6662567010405938608.dir/webapp/,AVAILABLE}{/hddsDatanode}
2019-10-18 14:12:11,133 [main] INFO  server.AbstractConnector (AbstractConnector.java:doStart(278)) - Started ServerConnector@21f7e537{HTTP/1.1,[http/1.1]}{0.0.0.0:38986}
2019-10-18 14:12:11,134 [main] INFO  server.Server (Server.java:doStart(419)) - Started @246952ms
2019-10-18 14:12:11,134 [main] WARN  impl.MetricsSystemImpl (MetricsSystemImpl.java:register(276)) - Sink prometheus already exists!
2019-10-18 14:12:11,135 [main] INFO  server.BaseHttpServer (BaseHttpServer.java:updateConnectorAddress(215)) - HTTP server of HDDSDATANODE is listening at http://0.0.0.0:38986
2019-10-18 14:12:11,135 [main] INFO  impl.MetricsSystemImpl (MetricsSystemImpl.java:init(158)) - HddsDatanode metrics system started (again)
2019-10-18 14:12:11,138 [org.apache.hadoop.util.JvmPauseMonitor$Monitor@3f02668d] INFO  util.JvmPauseMonitor (JvmPauseMonitor.java:run(188)) - Starting JVM pause monitor
2019-10-18 14:12:11,139 [main] INFO  ozone.HddsDatanodeService (HddsDatanodeService.java:start(184)) - HddsDatanodeService host:pr-hdds-2280-982rn-3954796538 ip:192.168.34.61
2019-10-18 14:12:11,140 [Datanode State Machine Thread - 0] INFO  datanode.InitDatanodeState (InitDatanodeState.java:persistContainerDatanodeDetails(140)) - DatanodeDetails is persisted to /workdir/hadoop-ozone/integration-test/target/test-dir/MiniOzoneClusterImpl-1b3b65e9-0d6f-42e9-b73e-0ac44ea75486/datanode-0/meta/datanode.id
2019-10-18 14:12:11,144 [main] INFO  volume.HddsVolume (HddsVolume.java:<init>(176)) - Creating Volume: /workdir/hadoop-ozone/integration-test/target/test-dir/MiniOzoneClusterImpl-1b3b65e9-0d6f-42e9-b73e-0ac44ea75486/datanode-1/data/containers/hdds of  storage type : DISK and capacity : 1482555576320
2019-10-18 14:12:11,152 [main] INFO  volume.VolumeSet (VolumeSet.java:initializeVolumeSet(170)) - Added Volume : /workdir/hadoop-ozone/integration-test/target/test-dir/MiniOzoneClusterImpl-1b3b65e9-0d6f-42e9-b73e-0ac44ea75486/datanode-1/data/containers/hdds to VolumeSet
2019-10-18 14:12:11,153 [main] INFO  volume.ThrottledAsyncChecker (ThrottledAsyncChecker.java:schedule(141)) - Scheduling a check for org.apache.hadoop.ozone.container.common.volume.HddsVolume@58b311ba
2019-10-18 14:12:11,153 [main] INFO  volume.HddsVolumeChecker (HddsVolumeChecker.java:checkAllVolumes(204)) - Scheduled health check for volume org.apache.hadoop.ozone.container.common.volume.HddsVolume@58b311ba
2019-10-18 14:12:11,165 [main] INFO  impl.RaftServerProxy (ConfUtils.java:logGet(43)) - raft.rpc.type = GRPC (default)
2019-10-18 14:12:11,165 [main] INFO  grpc.GrpcFactory (GrpcFactory.java:checkPooledByteBufAllocatorUseCacheForAllThreads(45)) - PERFORMANCE WARNING: useCacheForAllThreads is true that may cause Netty to create a lot garbage objects and, as a result, trigger GC.
	It is recommended to disable useCacheForAllThreads by setting -Dorg.apache.ratis.thirdparty.io.netty.allocator.useCacheForAllThreads=false in command line.
2019-10-18 14:12:11,166 [main] INFO  grpc.GrpcConfigKeys$Server (ConfUtils.java:logGet(43)) - raft.grpc.server.port = 0 (default)
2019-10-18 14:12:11,166 [main] INFO  server.GrpcService (ConfUtils.java:logGet(43)) - raft.grpc.message.size.max = 33570816 (custom)
2019-10-18 14:12:11,166 [main] INFO  server.RaftServerConfigKeys (ConfUtils.java:logGet(43)) - raft.server.log.appender.buffer.byte-limit = 33554432 (custom)
2019-10-18 14:12:11,166 [main] INFO  server.GrpcService (ConfUtils.java:logGet(43)) - raft.grpc.flow.control.window = 1MB (=1048576) (default)
2019-10-18 14:12:11,167 [main] INFO  server.RaftServerConfigKeys (ConfUtils.java:logGet(43)) - raft.server.rpc.request.timeout = 3000ms (default)
2019-10-18 14:12:11,167 [main] INFO  server.RaftServerConfigKeys (ConfUtils.java:logGet(43)) - raft.server.storage.dir = [/workdir/hadoop-ozone/integration-test/target/test-dir/MiniOzoneClusterImpl-1b3b65e9-0d6f-42e9-b73e-0ac44ea75486/datanode-1/data/ratis] (custom)
2019-10-18 14:12:11,169 [main] INFO  hdfs.DFSUtil (DFSUtil.java:httpServerTemplateForNNAndJN(1641)) - Starting Web-server for hddsDatanode at: http://0.0.0.0:0
2019-10-18 14:12:11,170 [main] INFO  server.AuthenticationFilter (AuthenticationFilter.java:constructSecretProvider(240)) - Unable to initialize FileSignerSecretProvider, falling back to use random secrets.
2019-10-18 14:12:11,170 [main] WARN  http.HttpRequestLog (HttpRequestLog.java:getRequestLog(97)) - Jetty request log can only be enabled using Log4j
2019-10-18 14:12:11,172 [main] INFO  http.HttpServer2 (HttpServer2.java:addGlobalFilter(975)) - Added global filter 'safety' (class=org.apache.hadoop.http.HttpServer2$QuotingInputFilter)
2019-10-18 14:12:11,172 [main] INFO  http.HttpServer2 (HttpServer2.java:addFilter(948)) - Added filter static_user_filter (class=org.apache.hadoop.http.lib.StaticUserWebFilter$StaticUserFilter) to context hddsDatanode
2019-10-18 14:12:11,172 [main] INFO  http.HttpServer2 (HttpServer2.java:addFilter(958)) - Added filter static_user_filter (class=org.apache.hadoop.http.lib.StaticUserWebFilter$StaticUserFilter) to context static
2019-10-18 14:12:11,172 [main] INFO  http.HttpServer2 (HttpServer2.java:addFilter(958)) - Added filter static_user_filter (class=org.apache.hadoop.http.lib.StaticUserWebFilter$StaticUserFilter) to context logs
2019-10-18 14:12:11,173 [main] INFO  http.HttpServer2 (HttpServer2.java:bindListener(1191)) - Jetty bound to port 34494
2019-10-18 14:12:11,173 [main] INFO  server.Server (Server.java:doStart(351)) - jetty-9.3.25.v20180904, build timestamp: 2018-09-04T21:11:46Z, git hash: 3ce520221d0240229c862b122d2b06c12a625732
2019-10-18 14:12:11,174 [main] INFO  handler.ContextHandler (ContextHandler.java:doStart(781)) - Started o.e.j.s.ServletContextHandler@41e9f86{/logs,file:///workdir/hadoop-ozone/integration-test/target/log,AVAILABLE}
2019-10-18 14:12:11,175 [main] INFO  handler.ContextHandler (ContextHandler.java:doStart(781)) - Started o.e.j.s.ServletContextHandler@233f52f8{/static,jar:file:/home/user/.m2/repository/org/apache/hadoop/hadoop-hdds-container-service/0.5.0-SNAPSHOT/hadoop-hdds-container-service-0.5.0-SNAPSHOT.jar!/webapps/static,AVAILABLE}
2019-10-18 14:12:11,200 [main] INFO  handler.ContextHandler (ContextHandler.java:doStart(781)) - Started o.e.j.w.WebAppContext@7f3c0399{/,file:///tmp/jetty-0.0.0.0-34494-hddsDatanode-_-any-4055479309501878028.dir/webapp/,AVAILABLE}{/hddsDatanode}
2019-10-18 14:12:11,200 [main] INFO  server.AbstractConnector (AbstractConnector.java:doStart(278)) - Started ServerConnector@183fc2fa{HTTP/1.1,[http/1.1]}{0.0.0.0:34494}
2019-10-18 14:12:11,201 [main] INFO  server.Server (Server.java:doStart(419)) - Started @247020ms
2019-10-18 14:12:11,202 [main] WARN  impl.MetricsSystemImpl (MetricsSystemImpl.java:register(276)) - Sink prometheus already exists!
2019-10-18 14:12:11,202 [main] INFO  server.BaseHttpServer (BaseHttpServer.java:updateConnectorAddress(215)) - HTTP server of HDDSDATANODE is listening at http://0.0.0.0:34494
2019-10-18 14:12:11,202 [main] INFO  impl.MetricsSystemImpl (MetricsSystemImpl.java:init(158)) - HddsDatanode metrics system started (again)
2019-10-18 14:12:11,206 [org.apache.hadoop.util.JvmPauseMonitor$Monitor@59f11403] INFO  util.JvmPauseMonitor (JvmPauseMonitor.java:run(188)) - Starting JVM pause monitor
2019-10-18 14:12:11,206 [main] INFO  ozone.HddsDatanodeService (HddsDatanodeService.java:start(184)) - HddsDatanodeService host:pr-hdds-2280-982rn-3954796538 ip:192.168.34.61
2019-10-18 14:12:11,207 [Datanode State Machine Thread - 0] INFO  datanode.InitDatanodeState (InitDatanodeState.java:persistContainerDatanodeDetails(140)) - DatanodeDetails is persisted to /workdir/hadoop-ozone/integration-test/target/test-dir/MiniOzoneClusterImpl-1b3b65e9-0d6f-42e9-b73e-0ac44ea75486/datanode-1/meta/datanode.id
2019-10-18 14:12:11,211 [main] INFO  volume.HddsVolume (HddsVolume.java:<init>(176)) - Creating Volume: /workdir/hadoop-ozone/integration-test/target/test-dir/MiniOzoneClusterImpl-1b3b65e9-0d6f-42e9-b73e-0ac44ea75486/datanode-2/data/containers/hdds of  storage type : DISK and capacity : 1482555576320
2019-10-18 14:12:11,212 [main] INFO  volume.VolumeSet (VolumeSet.java:initializeVolumeSet(170)) - Added Volume : /workdir/hadoop-ozone/integration-test/target/test-dir/MiniOzoneClusterImpl-1b3b65e9-0d6f-42e9-b73e-0ac44ea75486/datanode-2/data/containers/hdds to VolumeSet
2019-10-18 14:12:11,212 [main] INFO  volume.ThrottledAsyncChecker (ThrottledAsyncChecker.java:schedule(141)) - Scheduling a check for org.apache.hadoop.ozone.container.common.volume.HddsVolume@666618d6
2019-10-18 14:12:11,212 [main] INFO  volume.HddsVolumeChecker (HddsVolumeChecker.java:checkAllVolumes(204)) - Scheduled health check for volume org.apache.hadoop.ozone.container.common.volume.HddsVolume@666618d6
2019-10-18 14:12:11,222 [main] INFO  impl.RaftServerProxy (ConfUtils.java:logGet(43)) - raft.rpc.type = GRPC (default)
2019-10-18 14:12:11,222 [main] INFO  grpc.GrpcFactory (GrpcFactory.java:checkPooledByteBufAllocatorUseCacheForAllThreads(45)) - PERFORMANCE WARNING: useCacheForAllThreads is true that may cause Netty to create a lot garbage objects and, as a result, trigger GC.
	It is recommended to disable useCacheForAllThreads by setting -Dorg.apache.ratis.thirdparty.io.netty.allocator.useCacheForAllThreads=false in command line.
2019-10-18 14:12:11,223 [main] INFO  grpc.GrpcConfigKeys$Server (ConfUtils.java:logGet(43)) - raft.grpc.server.port = 0 (default)
2019-10-18 14:12:11,223 [main] INFO  server.GrpcService (ConfUtils.java:logGet(43)) - raft.grpc.message.size.max = 33570816 (custom)
2019-10-18 14:12:11,223 [main] INFO  server.RaftServerConfigKeys (ConfUtils.java:logGet(43)) - raft.server.log.appender.buffer.byte-limit = 33554432 (custom)
2019-10-18 14:12:11,223 [main] INFO  server.GrpcService (ConfUtils.java:logGet(43)) - raft.grpc.flow.control.window = 1MB (=1048576) (default)
2019-10-18 14:12:11,223 [main] INFO  server.RaftServerConfigKeys (ConfUtils.java:logGet(43)) - raft.server.rpc.request.timeout = 3000ms (default)
2019-10-18 14:12:11,223 [main] INFO  server.RaftServerConfigKeys (ConfUtils.java:logGet(43)) - raft.server.storage.dir = [/workdir/hadoop-ozone/integration-test/target/test-dir/MiniOzoneClusterImpl-1b3b65e9-0d6f-42e9-b73e-0ac44ea75486/datanode-2/data/ratis] (custom)
2019-10-18 14:12:11,224 [main] INFO  hdfs.DFSUtil (DFSUtil.java:httpServerTemplateForNNAndJN(1641)) - Starting Web-server for hddsDatanode at: http://0.0.0.0:0
2019-10-18 14:12:11,225 [main] INFO  server.AuthenticationFilter (AuthenticationFilter.java:constructSecretProvider(240)) - Unable to initialize FileSignerSecretProvider, falling back to use random secrets.
2019-10-18 14:12:11,226 [main] WARN  http.HttpRequestLog (HttpRequestLog.java:getRequestLog(97)) - Jetty request log can only be enabled using Log4j
2019-10-18 14:12:11,227 [main] INFO  http.HttpServer2 (HttpServer2.java:addGlobalFilter(975)) - Added global filter 'safety' (class=org.apache.hadoop.http.HttpServer2$QuotingInputFilter)
2019-10-18 14:12:11,227 [main] INFO  http.HttpServer2 (HttpServer2.java:addFilter(948)) - Added filter static_user_filter (class=org.apache.hadoop.http.lib.StaticUserWebFilter$StaticUserFilter) to context hddsDatanode
2019-10-18 14:12:11,227 [main] INFO  http.HttpServer2 (HttpServer2.java:addFilter(958)) - Added filter static_user_filter (class=org.apache.hadoop.http.lib.StaticUserWebFilter$StaticUserFilter) to context static
2019-10-18 14:12:11,227 [main] INFO  http.HttpServer2 (HttpServer2.java:addFilter(958)) - Added filter static_user_filter (class=org.apache.hadoop.http.lib.StaticUserWebFilter$StaticUserFilter) to context logs
2019-10-18 14:12:11,228 [main] INFO  http.HttpServer2 (HttpServer2.java:bindListener(1191)) - Jetty bound to port 43431
2019-10-18 14:12:11,228 [main] INFO  server.Server (Server.java:doStart(351)) - jetty-9.3.25.v20180904, build timestamp: 2018-09-04T21:11:46Z, git hash: 3ce520221d0240229c862b122d2b06c12a625732
2019-10-18 14:12:11,229 [main] INFO  handler.ContextHandler (ContextHandler.java:doStart(781)) - Started o.e.j.s.ServletContextHandler@7e49ded{/logs,file:///workdir/hadoop-ozone/integration-test/target/log,AVAILABLE}
2019-10-18 14:12:11,230 [main] INFO  handler.ContextHandler (ContextHandler.java:doStart(781)) - Started o.e.j.s.ServletContextHandler@2478b629{/static,jar:file:/home/user/.m2/repository/org/apache/hadoop/hadoop-hdds-container-service/0.5.0-SNAPSHOT/hadoop-hdds-container-service-0.5.0-SNAPSHOT.jar!/webapps/static,AVAILABLE}
2019-10-18 14:12:11,255 [main] INFO  handler.ContextHandler (ContextHandler.java:doStart(781)) - Started o.e.j.w.WebAppContext@57186526{/,file:///tmp/jetty-0.0.0.0-43431-hddsDatanode-_-any-6209799269690865257.dir/webapp/,AVAILABLE}{/hddsDatanode}
2019-10-18 14:12:11,256 [main] INFO  server.AbstractConnector (AbstractConnector.java:doStart(278)) - Started ServerConnector@391d1e33{HTTP/1.1,[http/1.1]}{0.0.0.0:43431}
2019-10-18 14:12:11,257 [main] INFO  server.Server (Server.java:doStart(419)) - Started @247075ms
2019-10-18 14:12:11,257 [main] WARN  impl.MetricsSystemImpl (MetricsSystemImpl.java:register(276)) - Sink prometheus already exists!
2019-10-18 14:12:11,258 [main] INFO  server.BaseHttpServer (BaseHttpServer.java:updateConnectorAddress(215)) - HTTP server of HDDSDATANODE is listening at http://0.0.0.0:43431
2019-10-18 14:12:11,258 [main] INFO  impl.MetricsSystemImpl (MetricsSystemImpl.java:init(158)) - HddsDatanode metrics system started (again)
2019-10-18 14:12:11,262 [org.apache.hadoop.util.JvmPauseMonitor$Monitor@737e95fa] INFO  util.JvmPauseMonitor (JvmPauseMonitor.java:run(188)) - Starting JVM pause monitor
2019-10-18 14:12:11,262 [main] INFO  ozone.HddsDatanodeService (HddsDatanodeService.java:start(184)) - HddsDatanodeService host:pr-hdds-2280-982rn-3954796538 ip:192.168.34.61
2019-10-18 14:12:11,263 [Datanode State Machine Thread - 0] INFO  datanode.InitDatanodeState (InitDatanodeState.java:persistContainerDatanodeDetails(140)) - DatanodeDetails is persisted to /workdir/hadoop-ozone/integration-test/target/test-dir/MiniOzoneClusterImpl-1b3b65e9-0d6f-42e9-b73e-0ac44ea75486/datanode-2/meta/datanode.id
2019-10-18 14:12:11,268 [main] INFO  volume.HddsVolume (HddsVolume.java:<init>(176)) - Creating Volume: /workdir/hadoop-ozone/integration-test/target/test-dir/MiniOzoneClusterImpl-1b3b65e9-0d6f-42e9-b73e-0ac44ea75486/datanode-3/data/containers/hdds of  storage type : DISK and capacity : 1482555576320
2019-10-18 14:12:11,268 [main] INFO  volume.VolumeSet (VolumeSet.java:initializeVolumeSet(170)) - Added Volume : /workdir/hadoop-ozone/integration-test/target/test-dir/MiniOzoneClusterImpl-1b3b65e9-0d6f-42e9-b73e-0ac44ea75486/datanode-3/data/containers/hdds to VolumeSet
2019-10-18 14:12:11,269 [main] INFO  volume.ThrottledAsyncChecker (ThrottledAsyncChecker.java:schedule(141)) - Scheduling a check for org.apache.hadoop.ozone.container.common.volume.HddsVolume@2322e56f
2019-10-18 14:12:11,269 [main] INFO  volume.HddsVolumeChecker (HddsVolumeChecker.java:checkAllVolumes(204)) - Scheduled health check for volume org.apache.hadoop.ozone.container.common.volume.HddsVolume@2322e56f
2019-10-18 14:12:11,286 [main] INFO  impl.RaftServerProxy (ConfUtils.java:logGet(43)) - raft.rpc.type = GRPC (default)
2019-10-18 14:12:11,286 [main] INFO  grpc.GrpcFactory (GrpcFactory.java:checkPooledByteBufAllocatorUseCacheForAllThreads(45)) - PERFORMANCE WARNING: useCacheForAllThreads is true that may cause Netty to create a lot garbage objects and, as a result, trigger GC.
	It is recommended to disable useCacheForAllThreads by setting -Dorg.apache.ratis.thirdparty.io.netty.allocator.useCacheForAllThreads=false in command line.
2019-10-18 14:12:11,286 [main] INFO  grpc.GrpcConfigKeys$Server (ConfUtils.java:logGet(43)) - raft.grpc.server.port = 0 (default)
2019-10-18 14:12:11,287 [main] INFO  server.GrpcService (ConfUtils.java:logGet(43)) - raft.grpc.message.size.max = 33570816 (custom)
2019-10-18 14:12:11,287 [main] INFO  server.RaftServerConfigKeys (ConfUtils.java:logGet(43)) - raft.server.log.appender.buffer.byte-limit = 33554432 (custom)
2019-10-18 14:12:11,287 [main] INFO  server.GrpcService (ConfUtils.java:logGet(43)) - raft.grpc.flow.control.window = 1MB (=1048576) (default)
2019-10-18 14:12:11,287 [main] INFO  server.RaftServerConfigKeys (ConfUtils.java:logGet(43)) - raft.server.rpc.request.timeout = 3000ms (default)
2019-10-18 14:12:11,288 [main] INFO  server.RaftServerConfigKeys (ConfUtils.java:logGet(43)) - raft.server.storage.dir = [/workdir/hadoop-ozone/integration-test/target/test-dir/MiniOzoneClusterImpl-1b3b65e9-0d6f-42e9-b73e-0ac44ea75486/datanode-3/data/ratis] (custom)
2019-10-18 14:12:11,289 [main] INFO  hdfs.DFSUtil (DFSUtil.java:httpServerTemplateForNNAndJN(1641)) - Starting Web-server for hddsDatanode at: http://0.0.0.0:0
2019-10-18 14:12:11,291 [main] INFO  server.AuthenticationFilter (AuthenticationFilter.java:constructSecretProvider(240)) - Unable to initialize FileSignerSecretProvider, falling back to use random secrets.
2019-10-18 14:12:11,292 [main] WARN  http.HttpRequestLog (HttpRequestLog.java:getRequestLog(97)) - Jetty request log can only be enabled using Log4j
2019-10-18 14:12:11,293 [main] INFO  http.HttpServer2 (HttpServer2.java:addGlobalFilter(975)) - Added global filter 'safety' (class=org.apache.hadoop.http.HttpServer2$QuotingInputFilter)
2019-10-18 14:12:11,294 [main] INFO  http.HttpServer2 (HttpServer2.java:addFilter(948)) - Added filter static_user_filter (class=org.apache.hadoop.http.lib.StaticUserWebFilter$StaticUserFilter) to context hddsDatanode
2019-10-18 14:12:11,294 [main] INFO  http.HttpServer2 (HttpServer2.java:addFilter(958)) - Added filter static_user_filter (class=org.apache.hadoop.http.lib.StaticUserWebFilter$StaticUserFilter) to context static
2019-10-18 14:12:11,294 [main] INFO  http.HttpServer2 (HttpServer2.java:addFilter(958)) - Added filter static_user_filter (class=org.apache.hadoop.http.lib.StaticUserWebFilter$StaticUserFilter) to context logs
2019-10-18 14:12:11,295 [main] INFO  http.HttpServer2 (HttpServer2.java:bindListener(1191)) - Jetty bound to port 40277
2019-10-18 14:12:11,295 [main] INFO  server.Server (Server.java:doStart(351)) - jetty-9.3.25.v20180904, build timestamp: 2018-09-04T21:11:46Z, git hash: 3ce520221d0240229c862b122d2b06c12a625732
2019-10-18 14:12:11,297 [main] INFO  handler.ContextHandler (ContextHandler.java:doStart(781)) - Started o.e.j.s.ServletContextHandler@752b69e3{/logs,file:///workdir/hadoop-ozone/integration-test/target/log,AVAILABLE}
2019-10-18 14:12:11,297 [main] INFO  handler.ContextHandler (ContextHandler.java:doStart(781)) - Started o.e.j.s.ServletContextHandler@1fb2eec{/static,jar:file:/home/user/.m2/repository/org/apache/hadoop/hadoop-hdds-container-service/0.5.0-SNAPSHOT/hadoop-hdds-container-service-0.5.0-SNAPSHOT.jar!/webapps/static,AVAILABLE}
2019-10-18 14:12:11,332 [main] INFO  handler.ContextHandler (ContextHandler.java:doStart(781)) - Started o.e.j.w.WebAppContext@515ab3f2{/,file:///tmp/jetty-0.0.0.0-40277-hddsDatanode-_-any-7273166889170057377.dir/webapp/,AVAILABLE}{/hddsDatanode}
2019-10-18 14:12:11,332 [main] INFO  server.AbstractConnector (AbstractConnector.java:doStart(278)) - Started ServerConnector@6d0e45a5{HTTP/1.1,[http/1.1]}{0.0.0.0:40277}
2019-10-18 14:12:11,333 [main] INFO  server.Server (Server.java:doStart(419)) - Started @247152ms
2019-10-18 14:12:11,334 [main] WARN  impl.MetricsSystemImpl (MetricsSystemImpl.java:register(276)) - Sink prometheus already exists!
2019-10-18 14:12:11,334 [main] INFO  server.BaseHttpServer (BaseHttpServer.java:updateConnectorAddress(215)) - HTTP server of HDDSDATANODE is listening at http://0.0.0.0:40277
2019-10-18 14:12:11,335 [main] INFO  impl.MetricsSystemImpl (MetricsSystemImpl.java:init(158)) - HddsDatanode metrics system started (again)
2019-10-18 14:12:11,339 [org.apache.hadoop.util.JvmPauseMonitor$Monitor@3a020e10] INFO  util.JvmPauseMonitor (JvmPauseMonitor.java:run(188)) - Starting JVM pause monitor
2019-10-18 14:12:11,339 [main] INFO  ozone.HddsDatanodeService (HddsDatanodeService.java:start(184)) - HddsDatanodeService host:pr-hdds-2280-982rn-3954796538 ip:192.168.34.61
2019-10-18 14:12:11,340 [Datanode State Machine Thread - 0] INFO  datanode.InitDatanodeState (InitDatanodeState.java:persistContainerDatanodeDetails(140)) - DatanodeDetails is persisted to /workdir/hadoop-ozone/integration-test/target/test-dir/MiniOzoneClusterImpl-1b3b65e9-0d6f-42e9-b73e-0ac44ea75486/datanode-3/meta/datanode.id
2019-10-18 14:12:11,345 [main] INFO  volume.HddsVolume (HddsVolume.java:<init>(176)) - Creating Volume: /workdir/hadoop-ozone/integration-test/target/test-dir/MiniOzoneClusterImpl-1b3b65e9-0d6f-42e9-b73e-0ac44ea75486/datanode-4/data/containers/hdds of  storage type : DISK and capacity : 1482555576320
2019-10-18 14:12:11,345 [main] INFO  volume.VolumeSet (VolumeSet.java:initializeVolumeSet(170)) - Added Volume : /workdir/hadoop-ozone/integration-test/target/test-dir/MiniOzoneClusterImpl-1b3b65e9-0d6f-42e9-b73e-0ac44ea75486/datanode-4/data/containers/hdds to VolumeSet
2019-10-18 14:12:11,345 [main] INFO  volume.ThrottledAsyncChecker (ThrottledAsyncChecker.java:schedule(141)) - Scheduling a check for org.apache.hadoop.ozone.container.common.volume.HddsVolume@1cd2ff5b
2019-10-18 14:12:11,345 [main] INFO  volume.HddsVolumeChecker (HddsVolumeChecker.java:checkAllVolumes(204)) - Scheduled health check for volume org.apache.hadoop.ozone.container.common.volume.HddsVolume@1cd2ff5b
2019-10-18 14:12:11,356 [main] INFO  impl.RaftServerProxy (ConfUtils.java:logGet(43)) - raft.rpc.type = GRPC (default)
2019-10-18 14:12:11,356 [main] INFO  grpc.GrpcFactory (GrpcFactory.java:checkPooledByteBufAllocatorUseCacheForAllThreads(45)) - PERFORMANCE WARNING: useCacheForAllThreads is true that may cause Netty to create a lot garbage objects and, as a result, trigger GC.
	It is recommended to disable useCacheForAllThreads by setting -Dorg.apache.ratis.thirdparty.io.netty.allocator.useCacheForAllThreads=false in command line.
2019-10-18 14:12:11,356 [main] INFO  grpc.GrpcConfigKeys$Server (ConfUtils.java:logGet(43)) - raft.grpc.server.port = 0 (default)
2019-10-18 14:12:11,357 [main] INFO  server.GrpcService (ConfUtils.java:logGet(43)) - raft.grpc.message.size.max = 33570816 (custom)
2019-10-18 14:12:11,357 [main] INFO  server.RaftServerConfigKeys (ConfUtils.java:logGet(43)) - raft.server.log.appender.buffer.byte-limit = 33554432 (custom)
2019-10-18 14:12:11,357 [main] INFO  server.GrpcService (ConfUtils.java:logGet(43)) - raft.grpc.flow.control.window = 1MB (=1048576) (default)
2019-10-18 14:12:11,357 [main] INFO  server.RaftServerConfigKeys (ConfUtils.java:logGet(43)) - raft.server.rpc.request.timeout = 3000ms (default)
2019-10-18 14:12:11,357 [main] INFO  server.RaftServerConfigKeys (ConfUtils.java:logGet(43)) - raft.server.storage.dir = [/workdir/hadoop-ozone/integration-test/target/test-dir/MiniOzoneClusterImpl-1b3b65e9-0d6f-42e9-b73e-0ac44ea75486/datanode-4/data/ratis] (custom)
2019-10-18 14:12:11,359 [main] INFO  hdfs.DFSUtil (DFSUtil.java:httpServerTemplateForNNAndJN(1641)) - Starting Web-server for hddsDatanode at: http://0.0.0.0:0
2019-10-18 14:12:11,360 [main] INFO  server.AuthenticationFilter (AuthenticationFilter.java:constructSecretProvider(240)) - Unable to initialize FileSignerSecretProvider, falling back to use random secrets.
2019-10-18 14:12:11,360 [main] WARN  http.HttpRequestLog (HttpRequestLog.java:getRequestLog(97)) - Jetty request log can only be enabled using Log4j
2019-10-18 14:12:11,361 [main] INFO  http.HttpServer2 (HttpServer2.java:addGlobalFilter(975)) - Added global filter 'safety' (class=org.apache.hadoop.http.HttpServer2$QuotingInputFilter)
2019-10-18 14:12:11,362 [main] INFO  http.HttpServer2 (HttpServer2.java:addFilter(948)) - Added filter static_user_filter (class=org.apache.hadoop.http.lib.StaticUserWebFilter$StaticUserFilter) to context hddsDatanode
2019-10-18 14:12:11,362 [main] INFO  http.HttpServer2 (HttpServer2.java:addFilter(958)) - Added filter static_user_filter (class=org.apache.hadoop.http.lib.StaticUserWebFilter$StaticUserFilter) to context static
2019-10-18 14:12:11,362 [main] INFO  http.HttpServer2 (HttpServer2.java:addFilter(958)) - Added filter static_user_filter (class=org.apache.hadoop.http.lib.StaticUserWebFilter$StaticUserFilter) to context logs
2019-10-18 14:12:11,362 [main] INFO  http.HttpServer2 (HttpServer2.java:bindListener(1191)) - Jetty bound to port 39112
2019-10-18 14:12:11,363 [main] INFO  server.Server (Server.java:doStart(351)) - jetty-9.3.25.v20180904, build timestamp: 2018-09-04T21:11:46Z, git hash: 3ce520221d0240229c862b122d2b06c12a625732
2019-10-18 14:12:11,364 [main] INFO  handler.ContextHandler (ContextHandler.java:doStart(781)) - Started o.e.j.s.ServletContextHandler@4ce25e47{/logs,file:///workdir/hadoop-ozone/integration-test/target/log,AVAILABLE}
2019-10-18 14:12:11,364 [main] INFO  handler.ContextHandler (ContextHandler.java:doStart(781)) - Started o.e.j.s.ServletContextHandler@350da119{/static,jar:file:/home/user/.m2/repository/org/apache/hadoop/hadoop-hdds-container-service/0.5.0-SNAPSHOT/hadoop-hdds-container-service-0.5.0-SNAPSHOT.jar!/webapps/static,AVAILABLE}
2019-10-18 14:12:11,393 [main] INFO  handler.ContextHandler (ContextHandler.java:doStart(781)) - Started o.e.j.w.WebAppContext@216372b7{/,file:///tmp/jetty-0.0.0.0-39112-hddsDatanode-_-any-1153918553017039085.dir/webapp/,AVAILABLE}{/hddsDatanode}
2019-10-18 14:12:11,394 [main] INFO  server.AbstractConnector (AbstractConnector.java:doStart(278)) - Started ServerConnector@14b4340c{HTTP/1.1,[http/1.1]}{0.0.0.0:39112}
2019-10-18 14:12:11,395 [main] INFO  server.Server (Server.java:doStart(419)) - Started @247213ms
2019-10-18 14:12:11,395 [main] WARN  impl.MetricsSystemImpl (MetricsSystemImpl.java:register(276)) - Sink prometheus already exists!
2019-10-18 14:12:11,397 [main] INFO  server.BaseHttpServer (BaseHttpServer.java:updateConnectorAddress(215)) - HTTP server of HDDSDATANODE is listening at http://0.0.0.0:39112
2019-10-18 14:12:11,397 [main] INFO  impl.MetricsSystemImpl (MetricsSystemImpl.java:init(158)) - HddsDatanode metrics system started (again)
2019-10-18 14:12:11,402 [org.apache.hadoop.util.JvmPauseMonitor$Monitor@27a53bd8] INFO  util.JvmPauseMonitor (JvmPauseMonitor.java:run(188)) - Starting JVM pause monitor
2019-10-18 14:12:11,402 [main] INFO  ozone.HddsDatanodeService (HddsDatanodeService.java:start(184)) - HddsDatanodeService host:pr-hdds-2280-982rn-3954796538 ip:192.168.34.61
2019-10-18 14:12:11,403 [Datanode State Machine Thread - 0] INFO  datanode.InitDatanodeState (InitDatanodeState.java:persistContainerDatanodeDetails(140)) - DatanodeDetails is persisted to /workdir/hadoop-ozone/integration-test/target/test-dir/MiniOzoneClusterImpl-1b3b65e9-0d6f-42e9-b73e-0ac44ea75486/datanode-4/meta/datanode.id
2019-10-18 14:12:11,409 [main] INFO  volume.HddsVolume (HddsVolume.java:<init>(176)) - Creating Volume: /workdir/hadoop-ozone/integration-test/target/test-dir/MiniOzoneClusterImpl-1b3b65e9-0d6f-42e9-b73e-0ac44ea75486/datanode-5/data/containers/hdds of  storage type : DISK and capacity : 1482555576320
2019-10-18 14:12:11,413 [main] INFO  volume.VolumeSet (VolumeSet.java:initializeVolumeSet(170)) - Added Volume : /workdir/hadoop-ozone/integration-test/target/test-dir/MiniOzoneClusterImpl-1b3b65e9-0d6f-42e9-b73e-0ac44ea75486/datanode-5/data/containers/hdds to VolumeSet
2019-10-18 14:12:11,413 [main] INFO  volume.ThrottledAsyncChecker (ThrottledAsyncChecker.java:schedule(141)) - Scheduling a check for org.apache.hadoop.ozone.container.common.volume.HddsVolume@afde064
2019-10-18 14:12:11,413 [main] INFO  volume.HddsVolumeChecker (HddsVolumeChecker.java:checkAllVolumes(204)) - Scheduled health check for volume org.apache.hadoop.ozone.container.common.volume.HddsVolume@afde064
2019-10-18 14:12:11,425 [main] INFO  impl.RaftServerProxy (ConfUtils.java:logGet(43)) - raft.rpc.type = GRPC (default)
2019-10-18 14:12:11,425 [main] INFO  grpc.GrpcFactory (GrpcFactory.java:checkPooledByteBufAllocatorUseCacheForAllThreads(45)) - PERFORMANCE WARNING: useCacheForAllThreads is true that may cause Netty to create a lot garbage objects and, as a result, trigger GC.
	It is recommended to disable useCacheForAllThreads by setting -Dorg.apache.ratis.thirdparty.io.netty.allocator.useCacheForAllThreads=false in command line.
2019-10-18 14:12:11,425 [main] INFO  grpc.GrpcConfigKeys$Server (ConfUtils.java:logGet(43)) - raft.grpc.server.port = 0 (default)
2019-10-18 14:12:11,425 [main] INFO  server.GrpcService (ConfUtils.java:logGet(43)) - raft.grpc.message.size.max = 33570816 (custom)
2019-10-18 14:12:11,425 [main] INFO  server.RaftServerConfigKeys (ConfUtils.java:logGet(43)) - raft.server.log.appender.buffer.byte-limit = 33554432 (custom)
2019-10-18 14:12:11,426 [main] INFO  server.GrpcService (ConfUtils.java:logGet(43)) - raft.grpc.flow.control.window = 1MB (=1048576) (default)
2019-10-18 14:12:11,426 [main] INFO  server.RaftServerConfigKeys (ConfUtils.java:logGet(43)) - raft.server.rpc.request.timeout = 3000ms (default)
2019-10-18 14:12:11,426 [main] INFO  server.RaftServerConfigKeys (ConfUtils.java:logGet(43)) - raft.server.storage.dir = [/workdir/hadoop-ozone/integration-test/target/test-dir/MiniOzoneClusterImpl-1b3b65e9-0d6f-42e9-b73e-0ac44ea75486/datanode-5/data/ratis] (custom)
2019-10-18 14:12:11,427 [main] INFO  hdfs.DFSUtil (DFSUtil.java:httpServerTemplateForNNAndJN(1641)) - Starting Web-server for hddsDatanode at: http://0.0.0.0:0
2019-10-18 14:12:11,428 [main] INFO  server.AuthenticationFilter (AuthenticationFilter.java:constructSecretProvider(240)) - Unable to initialize FileSignerSecretProvider, falling back to use random secrets.
2019-10-18 14:12:11,429 [main] WARN  http.HttpRequestLog (HttpRequestLog.java:getRequestLog(97)) - Jetty request log can only be enabled using Log4j
2019-10-18 14:12:11,430 [main] INFO  http.HttpServer2 (HttpServer2.java:addGlobalFilter(975)) - Added global filter 'safety' (class=org.apache.hadoop.http.HttpServer2$QuotingInputFilter)
2019-10-18 14:12:11,430 [main] INFO  http.HttpServer2 (HttpServer2.java:addFilter(948)) - Added filter static_user_filter (class=org.apache.hadoop.http.lib.StaticUserWebFilter$StaticUserFilter) to context hddsDatanode
2019-10-18 14:12:11,430 [main] INFO  http.HttpServer2 (HttpServer2.java:addFilter(958)) - Added filter static_user_filter (class=org.apache.hadoop.http.lib.StaticUserWebFilter$StaticUserFilter) to context static
2019-10-18 14:12:11,430 [main] INFO  http.HttpServer2 (HttpServer2.java:addFilter(958)) - Added filter static_user_filter (class=org.apache.hadoop.http.lib.StaticUserWebFilter$StaticUserFilter) to context logs
2019-10-18 14:12:11,431 [main] INFO  http.HttpServer2 (HttpServer2.java:bindListener(1191)) - Jetty bound to port 36160
2019-10-18 14:12:11,431 [main] INFO  server.Server (Server.java:doStart(351)) - jetty-9.3.25.v20180904, build timestamp: 2018-09-04T21:11:46Z, git hash: 3ce520221d0240229c862b122d2b06c12a625732
2019-10-18 14:12:11,432 [main] INFO  handler.ContextHandler (ContextHandler.java:doStart(781)) - Started o.e.j.s.ServletContextHandler@6d7ad0f5{/logs,file:///workdir/hadoop-ozone/integration-test/target/log,AVAILABLE}
2019-10-18 14:12:11,433 [main] INFO  handler.ContextHandler (ContextHandler.java:doStart(781)) - Started o.e.j.s.ServletContextHandler@49a38b1{/static,jar:file:/home/user/.m2/repository/org/apache/hadoop/hadoop-hdds-container-service/0.5.0-SNAPSHOT/hadoop-hdds-container-service-0.5.0-SNAPSHOT.jar!/webapps/static,AVAILABLE}
2019-10-18 14:12:11,459 [main] INFO  handler.ContextHandler (ContextHandler.java:doStart(781)) - Started o.e.j.w.WebAppContext@62a6674f{/,file:///tmp/jetty-0.0.0.0-36160-hddsDatanode-_-any-6254690546484397645.dir/webapp/,AVAILABLE}{/hddsDatanode}
2019-10-18 14:12:11,459 [main] INFO  server.AbstractConnector (AbstractConnector.java:doStart(278)) - Started ServerConnector@70881123{HTTP/1.1,[http/1.1]}{0.0.0.0:36160}
2019-10-18 14:12:11,461 [main] INFO  server.Server (Server.java:doStart(419)) - Started @247279ms
2019-10-18 14:12:11,461 [main] WARN  impl.MetricsSystemImpl (MetricsSystemImpl.java:register(276)) - Sink prometheus already exists!
2019-10-18 14:12:11,462 [main] INFO  server.BaseHttpServer (BaseHttpServer.java:updateConnectorAddress(215)) - HTTP server of HDDSDATANODE is listening at http://0.0.0.0:36160
2019-10-18 14:12:11,462 [main] INFO  impl.MetricsSystemImpl (MetricsSystemImpl.java:init(158)) - HddsDatanode metrics system started (again)
2019-10-18 14:12:11,467 [org.apache.hadoop.util.JvmPauseMonitor$Monitor@5cd364d9] INFO  util.JvmPauseMonitor (JvmPauseMonitor.java:run(188)) - Starting JVM pause monitor
2019-10-18 14:12:11,467 [main] INFO  ozone.HddsDatanodeService (HddsDatanodeService.java:start(184)) - HddsDatanodeService host:pr-hdds-2280-982rn-3954796538 ip:192.168.34.61
2019-10-18 14:12:11,467 [Datanode State Machine Thread - 0] INFO  datanode.InitDatanodeState (InitDatanodeState.java:persistContainerDatanodeDetails(140)) - DatanodeDetails is persisted to /workdir/hadoop-ozone/integration-test/target/test-dir/MiniOzoneClusterImpl-1b3b65e9-0d6f-42e9-b73e-0ac44ea75486/datanode-5/meta/datanode.id
2019-10-18 14:12:11,472 [main] INFO  volume.HddsVolume (HddsVolume.java:<init>(176)) - Creating Volume: /workdir/hadoop-ozone/integration-test/target/test-dir/MiniOzoneClusterImpl-1b3b65e9-0d6f-42e9-b73e-0ac44ea75486/datanode-6/data/containers/hdds of  storage type : DISK and capacity : 1482555576320
2019-10-18 14:12:11,473 [main] INFO  volume.VolumeSet (VolumeSet.java:initializeVolumeSet(170)) - Added Volume : /workdir/hadoop-ozone/integration-test/target/test-dir/MiniOzoneClusterImpl-1b3b65e9-0d6f-42e9-b73e-0ac44ea75486/datanode-6/data/containers/hdds to VolumeSet
2019-10-18 14:12:11,473 [main] INFO  volume.ThrottledAsyncChecker (ThrottledAsyncChecker.java:schedule(141)) - Scheduling a check for org.apache.hadoop.ozone.container.common.volume.HddsVolume@476fde05
2019-10-18 14:12:11,473 [main] INFO  volume.HddsVolumeChecker (HddsVolumeChecker.java:checkAllVolumes(204)) - Scheduled health check for volume org.apache.hadoop.ozone.container.common.volume.HddsVolume@476fde05
2019-10-18 14:12:11,487 [main] INFO  impl.RaftServerProxy (ConfUtils.java:logGet(43)) - raft.rpc.type = GRPC (default)
2019-10-18 14:12:11,487 [main] INFO  grpc.GrpcFactory (GrpcFactory.java:checkPooledByteBufAllocatorUseCacheForAllThreads(45)) - PERFORMANCE WARNING: useCacheForAllThreads is true that may cause Netty to create a lot garbage objects and, as a result, trigger GC.
	It is recommended to disable useCacheForAllThreads by setting -Dorg.apache.ratis.thirdparty.io.netty.allocator.useCacheForAllThreads=false in command line.
2019-10-18 14:12:11,487 [main] INFO  grpc.GrpcConfigKeys$Server (ConfUtils.java:logGet(43)) - raft.grpc.server.port = 0 (default)
2019-10-18 14:12:11,487 [main] INFO  server.GrpcService (ConfUtils.java:logGet(43)) - raft.grpc.message.size.max = 33570816 (custom)
2019-10-18 14:12:11,487 [main] INFO  server.RaftServerConfigKeys (ConfUtils.java:logGet(43)) - raft.server.log.appender.buffer.byte-limit = 33554432 (custom)
2019-10-18 14:12:11,488 [main] INFO  server.GrpcService (ConfUtils.java:logGet(43)) - raft.grpc.flow.control.window = 1MB (=1048576) (default)
2019-10-18 14:12:11,488 [main] INFO  server.RaftServerConfigKeys (ConfUtils.java:logGet(43)) - raft.server.rpc.request.timeout = 3000ms (default)
2019-10-18 14:12:11,488 [main] INFO  server.RaftServerConfigKeys (ConfUtils.java:logGet(43)) - raft.server.storage.dir = [/workdir/hadoop-ozone/integration-test/target/test-dir/MiniOzoneClusterImpl-1b3b65e9-0d6f-42e9-b73e-0ac44ea75486/datanode-6/data/ratis] (custom)
2019-10-18 14:12:11,489 [main] INFO  hdfs.DFSUtil (DFSUtil.java:httpServerTemplateForNNAndJN(1641)) - Starting Web-server for hddsDatanode at: http://0.0.0.0:0
2019-10-18 14:12:11,490 [main] INFO  server.AuthenticationFilter (AuthenticationFilter.java:constructSecretProvider(240)) - Unable to initialize FileSignerSecretProvider, falling back to use random secrets.
2019-10-18 14:12:11,491 [main] WARN  http.HttpRequestLog (HttpRequestLog.java:getRequestLog(97)) - Jetty request log can only be enabled using Log4j
2019-10-18 14:12:11,492 [main] INFO  http.HttpServer2 (HttpServer2.java:addGlobalFilter(975)) - Added global filter 'safety' (class=org.apache.hadoop.http.HttpServer2$QuotingInputFilter)
2019-10-18 14:12:11,492 [main] INFO  http.HttpServer2 (HttpServer2.java:addFilter(948)) - Added filter static_user_filter (class=org.apache.hadoop.http.lib.StaticUserWebFilter$StaticUserFilter) to context hddsDatanode
2019-10-18 14:12:11,492 [main] INFO  http.HttpServer2 (HttpServer2.java:addFilter(958)) - Added filter static_user_filter (class=org.apache.hadoop.http.lib.StaticUserWebFilter$StaticUserFilter) to context static
2019-10-18 14:12:11,493 [main] INFO  http.HttpServer2 (HttpServer2.java:addFilter(958)) - Added filter static_user_filter (class=org.apache.hadoop.http.lib.StaticUserWebFilter$StaticUserFilter) to context logs
2019-10-18 14:12:11,493 [main] INFO  http.HttpServer2 (HttpServer2.java:bindListener(1191)) - Jetty bound to port 39711
2019-10-18 14:12:11,493 [main] INFO  server.Server (Server.java:doStart(351)) - jetty-9.3.25.v20180904, build timestamp: 2018-09-04T21:11:46Z, git hash: 3ce520221d0240229c862b122d2b06c12a625732
2019-10-18 14:12:11,495 [main] INFO  handler.ContextHandler (ContextHandler.java:doStart(781)) - Started o.e.j.s.ServletContextHandler@130cfc47{/logs,file:///workdir/hadoop-ozone/integration-test/target/log,AVAILABLE}
2019-10-18 14:12:11,495 [main] INFO  handler.ContextHandler (ContextHandler.java:doStart(781)) - Started o.e.j.s.ServletContextHandler@2b6fb197{/static,jar:file:/home/user/.m2/repository/org/apache/hadoop/hadoop-hdds-container-service/0.5.0-SNAPSHOT/hadoop-hdds-container-service-0.5.0-SNAPSHOT.jar!/webapps/static,AVAILABLE}
2019-10-18 14:12:11,523 [main] INFO  handler.ContextHandler (ContextHandler.java:doStart(781)) - Started o.e.j.w.WebAppContext@6889f56f{/,file:///tmp/jetty-0.0.0.0-39711-hddsDatanode-_-any-4088709193732729307.dir/webapp/,AVAILABLE}{/hddsDatanode}
2019-10-18 14:12:11,523 [main] INFO  server.AbstractConnector (AbstractConnector.java:doStart(278)) - Started ServerConnector@231b35fb{HTTP/1.1,[http/1.1]}{0.0.0.0:39711}
2019-10-18 14:12:11,525 [main] INFO  server.Server (Server.java:doStart(419)) - Started @247343ms
2019-10-18 14:12:11,525 [main] WARN  impl.MetricsSystemImpl (MetricsSystemImpl.java:register(276)) - Sink prometheus already exists!
2019-10-18 14:12:11,526 [main] INFO  server.BaseHttpServer (BaseHttpServer.java:updateConnectorAddress(215)) - HTTP server of HDDSDATANODE is listening at http://0.0.0.0:39711
2019-10-18 14:12:11,526 [main] INFO  ozone.MiniOzoneClusterImpl (MiniOzoneClusterImpl.java:lambda$waitForClusterToBeReady$0(147)) - Waiting for cluster to be ready. Got 0 of 7 DN Heartbeats.
2019-10-18 14:12:11,527 [org.apache.hadoop.util.JvmPauseMonitor$Monitor@7a7600f9] INFO  util.JvmPauseMonitor (JvmPauseMonitor.java:run(188)) - Starting JVM pause monitor
2019-10-18 14:12:11,531 [Datanode State Machine Thread - 0] INFO  datanode.InitDatanodeState (InitDatanodeState.java:persistContainerDatanodeDetails(140)) - DatanodeDetails is persisted to /workdir/hadoop-ozone/integration-test/target/test-dir/MiniOzoneClusterImpl-1b3b65e9-0d6f-42e9-b73e-0ac44ea75486/datanode-6/meta/datanode.id
2019-10-18 14:12:12,526 [main] INFO  ozone.MiniOzoneClusterImpl (MiniOzoneClusterImpl.java:lambda$waitForClusterToBeReady$0(147)) - Waiting for cluster to be ready. Got 0 of 7 DN Heartbeats.
2019-10-18 14:12:13,174 [Datanode State Machine Thread - 0] INFO  ozoneimpl.OzoneContainer (OzoneContainer.java:start(213)) - Attempting to start container services.
2019-10-18 14:12:13,175 [Datanode State Machine Thread - 0] INFO  ozoneimpl.OzoneContainer (OzoneContainer.java:startContainerScrub(177)) - Background container scanner has been disabled.
2019-10-18 14:12:13,175 [Datanode State Machine Thread - 0] INFO  ratis.XceiverServerRatis (XceiverServerRatis.java:start(418)) - Starting XceiverServerRatis 9882a72d-dff7-4857-8847-5242fbaedf7b at port 0
2019-10-18 14:12:13,180 [Datanode State Machine Thread - 0] INFO  impl.RaftServerProxy (RaftServerProxy.java:lambda$start$3(299)) - 9882a72d-dff7-4857-8847-5242fbaedf7b: start RPC server
2019-10-18 14:12:13,182 [Datanode State Machine Thread - 0] INFO  server.GrpcService (GrpcService.java:startImpl(158)) - 9882a72d-dff7-4857-8847-5242fbaedf7b: GrpcService started, listening on 0.0.0.0/0.0.0.0:39116
2019-10-18 14:12:13,182 [Datanode State Machine Thread - 0] INFO  ratis.XceiverServerRatis (XceiverServerRatis.java:start(428)) - XceiverServerRatis 9882a72d-dff7-4857-8847-5242fbaedf7b is started using port 39116
2019-10-18 14:12:13,182 [Datanode State Machine Thread - 0] INFO  server.XceiverServerGrpc (XceiverServerGrpc.java:start(149)) - XceiverServerGrpc 9882a72d-dff7-4857-8847-5242fbaedf7b is started using port 45381
2019-10-18 14:12:13,234 [Datanode State Machine Thread - 0] INFO  ozoneimpl.OzoneContainer (OzoneContainer.java:start(213)) - Attempting to start container services.
2019-10-18 14:12:13,234 [Datanode State Machine Thread - 0] INFO  ozoneimpl.OzoneContainer (OzoneContainer.java:startContainerScrub(177)) - Background container scanner has been disabled.
2019-10-18 14:12:13,234 [Datanode State Machine Thread - 0] INFO  ratis.XceiverServerRatis (XceiverServerRatis.java:start(418)) - Starting XceiverServerRatis bfc21bf7-2b4f-46f8-acca-4e109eff9825 at port 0
2019-10-18 14:12:13,241 [Datanode State Machine Thread - 0] INFO  impl.RaftServerProxy (RaftServerProxy.java:lambda$start$3(299)) - bfc21bf7-2b4f-46f8-acca-4e109eff9825: start RPC server
2019-10-18 14:12:13,241 [Datanode State Machine Thread - 0] INFO  server.GrpcService (GrpcService.java:startImpl(158)) - bfc21bf7-2b4f-46f8-acca-4e109eff9825: GrpcService started, listening on 0.0.0.0/0.0.0.0:35859
2019-10-18 14:12:13,241 [Datanode State Machine Thread - 0] INFO  ratis.XceiverServerRatis (XceiverServerRatis.java:start(428)) - XceiverServerRatis bfc21bf7-2b4f-46f8-acca-4e109eff9825 is started using port 35859
2019-10-18 14:12:13,242 [Datanode State Machine Thread - 0] INFO  server.XceiverServerGrpc (XceiverServerGrpc.java:start(149)) - XceiverServerGrpc bfc21bf7-2b4f-46f8-acca-4e109eff9825 is started using port 41629
2019-10-18 14:12:13,292 [Datanode State Machine Thread - 0] INFO  ozoneimpl.OzoneContainer (OzoneContainer.java:start(213)) - Attempting to start container services.
2019-10-18 14:12:13,293 [Datanode State Machine Thread - 0] INFO  ozoneimpl.OzoneContainer (OzoneContainer.java:startContainerScrub(177)) - Background container scanner has been disabled.
2019-10-18 14:12:13,293 [Datanode State Machine Thread - 0] INFO  ratis.XceiverServerRatis (XceiverServerRatis.java:start(418)) - Starting XceiverServerRatis b327581a-11bf-47b7-ad89-db9698439853 at port 0
2019-10-18 14:12:13,299 [Datanode State Machine Thread - 0] INFO  impl.RaftServerProxy (RaftServerProxy.java:lambda$start$3(299)) - b327581a-11bf-47b7-ad89-db9698439853: start RPC server
2019-10-18 14:12:13,299 [Datanode State Machine Thread - 0] INFO  server.GrpcService (GrpcService.java:startImpl(158)) - b327581a-11bf-47b7-ad89-db9698439853: GrpcService started, listening on 0.0.0.0/0.0.0.0:44678
2019-10-18 14:12:13,299 [Datanode State Machine Thread - 0] INFO  ratis.XceiverServerRatis (XceiverServerRatis.java:start(428)) - XceiverServerRatis b327581a-11bf-47b7-ad89-db9698439853 is started using port 44678
2019-10-18 14:12:13,300 [Datanode State Machine Thread - 0] INFO  server.XceiverServerGrpc (XceiverServerGrpc.java:start(149)) - XceiverServerGrpc b327581a-11bf-47b7-ad89-db9698439853 is started using port 32845
2019-10-18 14:12:13,368 [Datanode State Machine Thread - 0] INFO  ozoneimpl.OzoneContainer (OzoneContainer.java:start(213)) - Attempting to start container services.
2019-10-18 14:12:13,368 [Datanode State Machine Thread - 0] INFO  ozoneimpl.OzoneContainer (OzoneContainer.java:startContainerScrub(177)) - Background container scanner has been disabled.
2019-10-18 14:12:13,368 [Datanode State Machine Thread - 0] INFO  ratis.XceiverServerRatis (XceiverServerRatis.java:start(418)) - Starting XceiverServerRatis a32a8728-bc1a-4e0e-a06f-c1ac404caa5a at port 0
2019-10-18 14:12:13,374 [Datanode State Machine Thread - 0] INFO  impl.RaftServerProxy (RaftServerProxy.java:lambda$start$3(299)) - a32a8728-bc1a-4e0e-a06f-c1ac404caa5a: start RPC server
2019-10-18 14:12:13,375 [Datanode State Machine Thread - 0] INFO  server.GrpcService (GrpcService.java:startImpl(158)) - a32a8728-bc1a-4e0e-a06f-c1ac404caa5a: GrpcService started, listening on 0.0.0.0/0.0.0.0:43269
2019-10-18 14:12:13,375 [Datanode State Machine Thread - 0] INFO  ratis.XceiverServerRatis (XceiverServerRatis.java:start(428)) - XceiverServerRatis a32a8728-bc1a-4e0e-a06f-c1ac404caa5a is started using port 43269
2019-10-18 14:12:13,377 [Datanode State Machine Thread - 0] INFO  server.XceiverServerGrpc (XceiverServerGrpc.java:start(149)) - XceiverServerGrpc a32a8728-bc1a-4e0e-a06f-c1ac404caa5a is started using port 44303
2019-10-18 14:12:13,419 [Datanode State Machine Thread - 0] INFO  ozoneimpl.OzoneContainer (OzoneContainer.java:start(213)) - Attempting to start container services.
2019-10-18 14:12:13,419 [Datanode State Machine Thread - 0] INFO  ozoneimpl.OzoneContainer (OzoneContainer.java:startContainerScrub(177)) - Background container scanner has been disabled.
2019-10-18 14:12:13,419 [Datanode State Machine Thread - 0] INFO  ratis.XceiverServerRatis (XceiverServerRatis.java:start(418)) - Starting XceiverServerRatis b9378c2d-a253-4d60-8cf2-00dacb35e775 at port 0
2019-10-18 14:12:13,424 [Datanode State Machine Thread - 0] INFO  impl.RaftServerProxy (RaftServerProxy.java:lambda$start$3(299)) - b9378c2d-a253-4d60-8cf2-00dacb35e775: start RPC server
2019-10-18 14:12:13,426 [Datanode State Machine Thread - 0] INFO  server.GrpcService (GrpcService.java:startImpl(158)) - b9378c2d-a253-4d60-8cf2-00dacb35e775: GrpcService started, listening on 0.0.0.0/0.0.0.0:46010
2019-10-18 14:12:13,426 [Datanode State Machine Thread - 0] INFO  ratis.XceiverServerRatis (XceiverServerRatis.java:start(428)) - XceiverServerRatis b9378c2d-a253-4d60-8cf2-00dacb35e775 is started using port 46010
2019-10-18 14:12:13,426 [Datanode State Machine Thread - 0] INFO  server.XceiverServerGrpc (XceiverServerGrpc.java:start(149)) - XceiverServerGrpc b9378c2d-a253-4d60-8cf2-00dacb35e775 is started using port 45504
2019-10-18 14:12:13,494 [Datanode State Machine Thread - 0] INFO  ozoneimpl.OzoneContainer (OzoneContainer.java:start(213)) - Attempting to start container services.
2019-10-18 14:12:13,495 [Datanode State Machine Thread - 0] INFO  ozoneimpl.OzoneContainer (OzoneContainer.java:startContainerScrub(177)) - Background container scanner has been disabled.
2019-10-18 14:12:13,495 [Datanode State Machine Thread - 0] INFO  ratis.XceiverServerRatis (XceiverServerRatis.java:start(418)) - Starting XceiverServerRatis 365e37ca-e893-4d15-87ab-c9b5f02d0ccc at port 0
2019-10-18 14:12:13,500 [Datanode State Machine Thread - 0] INFO  impl.RaftServerProxy (RaftServerProxy.java:lambda$start$3(299)) - 365e37ca-e893-4d15-87ab-c9b5f02d0ccc: start RPC server
2019-10-18 14:12:13,501 [Datanode State Machine Thread - 0] INFO  server.GrpcService (GrpcService.java:startImpl(158)) - 365e37ca-e893-4d15-87ab-c9b5f02d0ccc: GrpcService started, listening on 0.0.0.0/0.0.0.0:41812
2019-10-18 14:12:13,501 [Datanode State Machine Thread - 0] INFO  ratis.XceiverServerRatis (XceiverServerRatis.java:start(428)) - XceiverServerRatis 365e37ca-e893-4d15-87ab-c9b5f02d0ccc is started using port 41812
2019-10-18 14:12:13,501 [Datanode State Machine Thread - 0] INFO  server.XceiverServerGrpc (XceiverServerGrpc.java:start(149)) - XceiverServerGrpc 365e37ca-e893-4d15-87ab-c9b5f02d0ccc is started using port 34928
2019-10-18 14:12:13,527 [main] INFO  ozone.MiniOzoneClusterImpl (MiniOzoneClusterImpl.java:lambda$waitForClusterToBeReady$0(147)) - Waiting for cluster to be ready. Got 0 of 7 DN Heartbeats.
2019-10-18 14:12:13,579 [Datanode State Machine Thread - 0] INFO  ozoneimpl.OzoneContainer (OzoneContainer.java:start(213)) - Attempting to start container services.
2019-10-18 14:12:13,580 [Datanode State Machine Thread - 0] INFO  ozoneimpl.OzoneContainer (OzoneContainer.java:startContainerScrub(177)) - Background container scanner has been disabled.
2019-10-18 14:12:13,580 [Datanode State Machine Thread - 0] INFO  ratis.XceiverServerRatis (XceiverServerRatis.java:start(418)) - Starting XceiverServerRatis d67d7a8a-48fc-4760-af70-d9214651956a at port 0
2019-10-18 14:12:13,588 [Datanode State Machine Thread - 0] INFO  impl.RaftServerProxy (RaftServerProxy.java:lambda$start$3(299)) - d67d7a8a-48fc-4760-af70-d9214651956a: start RPC server
2019-10-18 14:12:13,589 [Datanode State Machine Thread - 0] INFO  server.GrpcService (GrpcService.java:startImpl(158)) - d67d7a8a-48fc-4760-af70-d9214651956a: GrpcService started, listening on 0.0.0.0/0.0.0.0:44353
2019-10-18 14:12:13,589 [Datanode State Machine Thread - 0] INFO  ratis.XceiverServerRatis (XceiverServerRatis.java:start(428)) - XceiverServerRatis d67d7a8a-48fc-4760-af70-d9214651956a is started using port 44353
2019-10-18 14:12:13,589 [Datanode State Machine Thread - 0] INFO  server.XceiverServerGrpc (XceiverServerGrpc.java:start(149)) - XceiverServerGrpc d67d7a8a-48fc-4760-af70-d9214651956a is started using port 46352
2019-10-18 14:12:14,527 [main] INFO  ozone.MiniOzoneClusterImpl (MiniOzoneClusterImpl.java:lambda$waitForClusterToBeReady$0(147)) - Waiting for cluster to be ready. Got 0 of 7 DN Heartbeats.
2019-10-18 14:12:15,144 [IPC Server handler 5 on 33474] INFO  net.NetworkTopology (NetworkTopologyImpl.java:add(111)) - Added a new node: /default-rack/9882a72d-dff7-4857-8847-5242fbaedf7b
2019-10-18 14:12:15,146 [IPC Server handler 5 on 33474] INFO  node.SCMNodeManager (SCMNodeManager.java:register(268)) - Registered Data node : 9882a72d-dff7-4857-8847-5242fbaedf7b{ip: 192.168.34.61, host: pr-hdds-2280-982rn-3954796538, networkLocation: /default-rack, certSerialId: null}
2019-10-18 14:12:15,147 [EventQueue-NodeRegistrationContainerReportForDataNodeSafeModeRule] INFO  safemode.SCMSafeModeManager (DataNodeSafeModeRule.java:process(71)) - SCM in safe mode. 1 DataNodes registered, 1 required.
2019-10-18 14:12:15,150 [EventQueue-NodeRegistrationContainerReportForDataNodeSafeModeRule] INFO  safemode.SCMSafeModeManager (SCMSafeModeManager.java:validateSafeModeExitRules(177)) - ScmSafeModeManager, all rules are successfully validated
2019-10-18 14:12:15,150 [EventQueue-NodeRegistrationContainerReportForDataNodeSafeModeRule] INFO  safemode.SCMSafeModeManager (SCMSafeModeManager.java:exitSafeMode(193)) - SCM exiting safe mode.
2019-10-18 14:12:15,158 [grpc-default-executor-5] INFO  impl.RaftServerProxy (RaftServerProxy.java:addNew(89)) - 9882a72d-dff7-4857-8847-5242fbaedf7b: addNew group-250E725A1924:[9882a72d-dff7-4857-8847-5242fbaedf7b:192.168.34.61:39116] returns group-250E725A1924:java.util.concurrent.CompletableFuture@18b92f7d[Not completed]
2019-10-18 14:12:15,165 [pool-383-thread-1] INFO  impl.RaftServerImpl (RaftServerImpl.java:<init>(95)) - 9882a72d-dff7-4857-8847-5242fbaedf7b: new RaftServerImpl for group-250E725A1924:[9882a72d-dff7-4857-8847-5242fbaedf7b:192.168.34.61:39116] with ContainerStateMachine:uninitialized
2019-10-18 14:12:15,165 [pool-383-thread-1] INFO  server.RaftServerConfigKeys (ConfUtils.java:logGet(43)) - raft.server.rpc.timeout.min = 5s (custom)
2019-10-18 14:12:15,165 [pool-383-thread-1] INFO  server.RaftServerConfigKeys (ConfUtils.java:logGet(43)) - raft.server.rpc.timeout.max = 5200ms (custom)
2019-10-18 14:12:15,165 [pool-383-thread-1] INFO  server.RaftServerConfigKeys (ConfUtils.java:logGet(43)) - raft.server.rpcslowness.timeout = 120s (custom)
2019-10-18 14:12:15,165 [pool-383-thread-1] INFO  server.RaftServerConfigKeys (ConfUtils.java:logGet(43)) - raft.server.sleep.deviation.threshold = 300 (default)
2019-10-18 14:12:15,165 [pool-383-thread-1] INFO  server.RaftServerConfigKeys (ConfUtils.java:logGet(43)) - raft.server.log.appender.install.snapshot.enabled = false (custom)
2019-10-18 14:12:15,166 [pool-383-thread-1] INFO  impl.RaftServerImpl (ServerState.java:<init>(103)) - 9882a72d-dff7-4857-8847-5242fbaedf7b@group-250E725A1924: ConfigurationManager, init=-1: [9882a72d-dff7-4857-8847-5242fbaedf7b:192.168.34.61:39116], old=null, confs=<EMPTY_MAP>
2019-10-18 14:12:15,166 [pool-383-thread-1] INFO  server.RaftServerConfigKeys (ConfUtils.java:logGet(43)) - raft.server.storage.dir = [/workdir/hadoop-ozone/integration-test/target/test-dir/MiniOzoneClusterImpl-1b3b65e9-0d6f-42e9-b73e-0ac44ea75486/datanode-0/data/ratis] (custom)
2019-10-18 14:12:15,166 [pool-383-thread-1] INFO  server.RaftServerConfigKeys (ConfUtils.java:logGet(43)) - raft.server.log.corruption.policy = EXCEPTION (default)
2019-10-18 14:12:15,167 [pool-383-thread-1] INFO  storage.RaftStorageDirectory (RaftStorageDirectory.java:analyzeStorage(246)) - The storage directory /workdir/hadoop-ozone/integration-test/target/test-dir/MiniOzoneClusterImpl-1b3b65e9-0d6f-42e9-b73e-0ac44ea75486/datanode-0/data/ratis/395ec51b-3d76-4cef-a113-250e725a1924 does not exist. Creating ...
2019-10-18 14:12:15,181 [pool-383-thread-1] INFO  storage.RaftStorageDirectory (RaftStorageDirectory.java:tryLock(328)) - Lock on /workdir/hadoop-ozone/integration-test/target/test-dir/MiniOzoneClusterImpl-1b3b65e9-0d6f-42e9-b73e-0ac44ea75486/datanode-0/data/ratis/395ec51b-3d76-4cef-a113-250e725a1924/in_use.lock acquired by nodename 5493@pr-hdds-2280-982rn-3954796538
2019-10-18 14:12:15,207 [pool-383-thread-1] INFO  storage.RaftStorage (RaftStorage.java:format(84)) - Storage directory /workdir/hadoop-ozone/integration-test/target/test-dir/MiniOzoneClusterImpl-1b3b65e9-0d6f-42e9-b73e-0ac44ea75486/datanode-0/data/ratis/395ec51b-3d76-4cef-a113-250e725a1924 has been successfully formatted.
2019-10-18 14:12:15,207 [IPC Server handler 1 on 33474] INFO  net.NetworkTopology (NetworkTopologyImpl.java:add(111)) - Added a new node: /default-rack/bfc21bf7-2b4f-46f8-acca-4e109eff9825
2019-10-18 14:12:15,207 [IPC Server handler 1 on 33474] INFO  node.SCMNodeManager (SCMNodeManager.java:register(268)) - Registered Data node : bfc21bf7-2b4f-46f8-acca-4e109eff9825{ip: 192.168.34.61, host: pr-hdds-2280-982rn-3954796538, networkLocation: /default-rack, certSerialId: null}
2019-10-18 14:12:15,207 [pool-383-thread-1] INFO  ratis.ContainerStateMachine (ContainerStateMachine.java:loadSnapshot(231)) - group-250E725A1924: The snapshot info is null. Setting the last applied indexto:(t:0, i:~)
2019-10-18 14:12:15,208 [pool-383-thread-1] INFO  server.RaftServerConfigKeys (ConfUtils.java:logGet(43)) - raft.server.notification.no-leader.timeout = 120s (custom)
2019-10-18 14:12:15,208 [pool-383-thread-1] INFO  server.RaftServerConfigKeys (ConfUtils.java:logGet(43)) - raft.server.log.use.memory = false (default)
2019-10-18 14:12:15,208 [pool-383-thread-1] INFO  server.RaftServerConfigKeys (ConfUtils.java:logGet(43)) - raft.server.log.purge.gap = 1000000 (custom)
2019-10-18 14:12:15,208 [pool-383-thread-1] INFO  server.RaftServerConfigKeys (ConfUtils.java:logGet(43)) - raft.server.log.appender.buffer.byte-limit = 33554432 (custom)
2019-10-18 14:12:15,208 [pool-383-thread-1] INFO  server.RaftServerConfigKeys (ConfUtils.java:logGet(43)) - raft.server.log.segment.size.max = 1048576 (custom)
2019-10-18 14:12:15,211 [pool-383-thread-1] INFO  server.RaftServerConfigKeys (ConfUtils.java:logGet(43)) - raft.server.log.segment.cache.num.max = 2 (custom)
2019-10-18 14:12:15,211 [pool-383-thread-1] INFO  segmented.SegmentedRaftLogWorker (SegmentedRaftLogWorker.java:<init>(173)) - new 9882a72d-dff7-4857-8847-5242fbaedf7b@group-250E725A1924-SegmentedRaftLogWorker for RaftStorage:Storage Directory /workdir/hadoop-ozone/integration-test/target/test-dir/MiniOzoneClusterImpl-1b3b65e9-0d6f-42e9-b73e-0ac44ea75486/datanode-0/data/ratis/395ec51b-3d76-4cef-a113-250e725a1924
2019-10-18 14:12:15,211 [pool-383-thread-1] INFO  server.RaftServerConfigKeys (ConfUtils.java:logGet(43)) - raft.server.log.queue.byte-limit = 2147483647 (custom)
2019-10-18 14:12:15,211 [pool-383-thread-1] INFO  server.RaftServerConfigKeys (ConfUtils.java:logGet(43)) - raft.server.log.queue.element-limit = 1024 (custom)
2019-10-18 14:12:15,211 [pool-383-thread-1] INFO  server.RaftServerConfigKeys (ConfUtils.java:logGet(43)) - raft.server.log.segment.size.max = 1048576 (custom)
2019-10-18 14:12:15,211 [pool-383-thread-1] INFO  server.RaftServerConfigKeys (ConfUtils.java:logGet(43)) - raft.server.log.preallocated.size = 16384 (custom)
2019-10-18 14:12:15,212 [pool-383-thread-1] INFO  server.RaftServerConfigKeys (ConfUtils.java:logGet(43)) - raft.server.log.write.buffer.size = 33554432 (custom)
2019-10-18 14:12:15,212 [pool-383-thread-1] INFO  server.RaftServerConfigKeys (ConfUtils.java:logGet(43)) - raft.server.log.force.sync.num = 128 (default)
2019-10-18 14:12:15,212 [pool-383-thread-1] INFO  server.RaftServerConfigKeys (ConfUtils.java:logGet(43)) - raft.server.log.statemachine.data.sync = true (default)
2019-10-18 14:12:15,212 [pool-383-thread-1] INFO  server.RaftServerConfigKeys (ConfUtils.java:logGet(43)) - raft.server.log.statemachine.data.sync.timeout = 10s (default)
2019-10-18 14:12:15,212 [pool-383-thread-1] INFO  server.RaftServerConfigKeys (ConfUtils.java:logGet(43)) - raft.server.log.statemachine.data.sync.timeout.retry = -1 (default)
2019-10-18 14:12:15,213 [pool-383-thread-1] INFO  server.RaftServerConfigKeys (ConfUtils.java:logGet(43)) - raft.server.log.statemachine.data.caching.enabled = true (custom)
2019-10-18 14:12:15,213 [pool-383-thread-1] INFO  segmented.SegmentedRaftLogWorker (SegmentedRaftLogWorker.java:lambda$new$0(128)) - 9882a72d-dff7-4857-8847-5242fbaedf7b@group-250E725A1924-SegmentedRaftLogWorker: flushIndex: setUnconditionally 0 -> -1
2019-10-18 14:12:15,213 [pool-383-thread-1] INFO  server.RaftServerConfigKeys (ConfUtils.java:logGet(43)) - raft.server.snapshot.auto.trigger.enabled = true (custom)
2019-10-18 14:12:15,214 [pool-383-thread-1] INFO  server.RaftServerConfigKeys (ConfUtils.java:logGet(43)) - raft.server.snapshot.auto.trigger.threshold = 10000 (custom)
2019-10-18 14:12:15,214 [pool-383-thread-1] INFO  server.RaftServerConfigKeys (ConfUtils.java:logGet(43)) - raft.server.snapshot.retention.file.num = 5 (custom)
2019-10-18 14:12:15,214 [pool-383-thread-1] INFO  server.RaftServerConfigKeys (ConfUtils.java:logGet(43)) - raft.server.retrycache.expirytime = 600000ms (custom)
2019-10-18 14:12:15,215 [pool-383-thread-1] INFO  impl.RaftServerImpl (RaftServerImpl.java:start(181)) - 9882a72d-dff7-4857-8847-5242fbaedf7b@group-250E725A1924: start as a follower, conf=-1: [9882a72d-dff7-4857-8847-5242fbaedf7b:192.168.34.61:39116], old=null
2019-10-18 14:12:15,216 [pool-383-thread-1] INFO  impl.RaftServerImpl (RaftServerImpl.java:setRole(170)) - 9882a72d-dff7-4857-8847-5242fbaedf7b@group-250E725A1924: changes role from      null to FOLLOWER at term 0 for startAsFollower
2019-10-18 14:12:15,216 [pool-383-thread-1] INFO  impl.RoleInfo (RoleInfo.java:updateAndGet(143)) - 9882a72d-dff7-4857-8847-5242fbaedf7b: start FollowerState
2019-10-18 14:12:15,216 [pool-383-thread-1] INFO  util.JmxRegister (JmxRegister.java:tryRegister(44)) - Successfully registered JMX Bean with object name Ratis:service=RaftServer,group=group-250E725A1924,id=9882a72d-dff7-4857-8847-5242fbaedf7b
2019-10-18 14:12:15,220 [RatisPipelineUtilsThread] INFO  pipeline.PipelineStateManager (PipelineStateManager.java:addPipeline(56)) - Created pipeline Pipeline[ Id: 395ec51b-3d76-4cef-a113-250e725a1924, Nodes: 9882a72d-dff7-4857-8847-5242fbaedf7b{ip: 192.168.34.61, host: pr-hdds-2280-982rn-3954796538, networkLocation: /default-rack, certSerialId: null}, Type:RATIS, Factor:ONE, State:OPEN]
2019-10-18 14:12:15,228 [grpc-default-executor-5] INFO  impl.RaftServerProxy (RaftServerProxy.java:addNew(89)) - bfc21bf7-2b4f-46f8-acca-4e109eff9825: addNew group-25E29D0AAB19:[bfc21bf7-2b4f-46f8-acca-4e109eff9825:192.168.34.61:35859] returns group-25E29D0AAB19:java.util.concurrent.CompletableFuture@f6aa8d5[Not completed]
2019-10-18 14:12:15,229 [pool-393-thread-1] INFO  impl.RaftServerImpl (RaftServerImpl.java:<init>(95)) - bfc21bf7-2b4f-46f8-acca-4e109eff9825: new RaftServerImpl for group-25E29D0AAB19:[bfc21bf7-2b4f-46f8-acca-4e109eff9825:192.168.34.61:35859] with ContainerStateMachine:uninitialized
2019-10-18 14:12:15,229 [pool-393-thread-1] INFO  server.RaftServerConfigKeys (ConfUtils.java:logGet(43)) - raft.server.rpc.timeout.min = 5s (custom)
2019-10-18 14:12:15,229 [pool-393-thread-1] INFO  server.RaftServerConfigKeys (ConfUtils.java:logGet(43)) - raft.server.rpc.timeout.max = 5200ms (custom)
2019-10-18 14:12:15,229 [pool-393-thread-1] INFO  server.RaftServerConfigKeys (ConfUtils.java:logGet(43)) - raft.server.rpcslowness.timeout = 120s (custom)
2019-10-18 14:12:15,229 [pool-393-thread-1] INFO  server.RaftServerConfigKeys (ConfUtils.java:logGet(43)) - raft.server.sleep.deviation.threshold = 300 (default)
2019-10-18 14:12:15,229 [pool-393-thread-1] INFO  server.RaftServerConfigKeys (ConfUtils.java:logGet(43)) - raft.server.log.appender.install.snapshot.enabled = false (custom)
2019-10-18 14:12:15,229 [pool-393-thread-1] INFO  impl.RaftServerImpl (ServerState.java:<init>(103)) - bfc21bf7-2b4f-46f8-acca-4e109eff9825@group-25E29D0AAB19: ConfigurationManager, init=-1: [bfc21bf7-2b4f-46f8-acca-4e109eff9825:192.168.34.61:35859], old=null, confs=<EMPTY_MAP>
2019-10-18 14:12:15,229 [pool-393-thread-1] INFO  server.RaftServerConfigKeys (ConfUtils.java:logGet(43)) - raft.server.storage.dir = [/workdir/hadoop-ozone/integration-test/target/test-dir/MiniOzoneClusterImpl-1b3b65e9-0d6f-42e9-b73e-0ac44ea75486/datanode-1/data/ratis] (custom)
2019-10-18 14:12:15,230 [pool-393-thread-1] INFO  server.RaftServerConfigKeys (ConfUtils.java:logGet(43)) - raft.server.log.corruption.policy = EXCEPTION (default)
2019-10-18 14:12:15,230 [pool-393-thread-1] INFO  storage.RaftStorageDirectory (RaftStorageDirectory.java:analyzeStorage(246)) - The storage directory /workdir/hadoop-ozone/integration-test/target/test-dir/MiniOzoneClusterImpl-1b3b65e9-0d6f-42e9-b73e-0ac44ea75486/datanode-1/data/ratis/5de5d326-63dd-4513-9dfc-25e29d0aab19 does not exist. Creating ...
2019-10-18 14:12:15,258 [pool-393-thread-1] INFO  storage.RaftStorageDirectory (RaftStorageDirectory.java:tryLock(328)) - Lock on /workdir/hadoop-ozone/integration-test/target/test-dir/MiniOzoneClusterImpl-1b3b65e9-0d6f-42e9-b73e-0ac44ea75486/datanode-1/data/ratis/5de5d326-63dd-4513-9dfc-25e29d0aab19/in_use.lock acquired by nodename 5493@pr-hdds-2280-982rn-3954796538
2019-10-18 14:12:15,263 [IPC Server handler 2 on 33474] INFO  net.NetworkTopology (NetworkTopologyImpl.java:add(111)) - Added a new node: /default-rack/b327581a-11bf-47b7-ad89-db9698439853
2019-10-18 14:12:15,263 [IPC Server handler 2 on 33474] INFO  node.SCMNodeManager (SCMNodeManager.java:register(268)) - Registered Data node : b327581a-11bf-47b7-ad89-db9698439853{ip: 192.168.34.61, host: pr-hdds-2280-982rn-3954796538, networkLocation: /default-rack, certSerialId: null}
2019-10-18 14:12:15,284 [pool-393-thread-1] INFO  storage.RaftStorage (RaftStorage.java:format(84)) - Storage directory /workdir/hadoop-ozone/integration-test/target/test-dir/MiniOzoneClusterImpl-1b3b65e9-0d6f-42e9-b73e-0ac44ea75486/datanode-1/data/ratis/5de5d326-63dd-4513-9dfc-25e29d0aab19 has been successfully formatted.
2019-10-18 14:12:15,284 [pool-393-thread-1] INFO  ratis.ContainerStateMachine (ContainerStateMachine.java:loadSnapshot(231)) - group-25E29D0AAB19: The snapshot info is null. Setting the last applied indexto:(t:0, i:~)
2019-10-18 14:12:15,284 [pool-393-thread-1] INFO  server.RaftServerConfigKeys (ConfUtils.java:logGet(43)) - raft.server.notification.no-leader.timeout = 120s (custom)
2019-10-18 14:12:15,284 [pool-393-thread-1] INFO  server.RaftServerConfigKeys (ConfUtils.java:logGet(43)) - raft.server.log.use.memory = false (default)
2019-10-18 14:12:15,284 [pool-393-thread-1] INFO  server.RaftServerConfigKeys (ConfUtils.java:logGet(43)) - raft.server.log.purge.gap = 1000000 (custom)
2019-10-18 14:12:15,284 [pool-393-thread-1] INFO  server.RaftServerConfigKeys (ConfUtils.java:logGet(43)) - raft.server.log.appender.buffer.byte-limit = 33554432 (custom)
2019-10-18 14:12:15,284 [pool-393-thread-1] INFO  server.RaftServerConfigKeys (ConfUtils.java:logGet(43)) - raft.server.log.segment.size.max = 1048576 (custom)
2019-10-18 14:12:15,286 [pool-393-thread-1] INFO  server.RaftServerConfigKeys (ConfUtils.java:logGet(43)) - raft.server.log.segment.cache.num.max = 2 (custom)
2019-10-18 14:12:15,286 [pool-393-thread-1] INFO  segmented.SegmentedRaftLogWorker (SegmentedRaftLogWorker.java:<init>(173)) - new bfc21bf7-2b4f-46f8-acca-4e109eff9825@group-25E29D0AAB19-SegmentedRaftLogWorker for RaftStorage:Storage Directory /workdir/hadoop-ozone/integration-test/target/test-dir/MiniOzoneClusterImpl-1b3b65e9-0d6f-42e9-b73e-0ac44ea75486/datanode-1/data/ratis/5de5d326-63dd-4513-9dfc-25e29d0aab19
2019-10-18 14:12:15,286 [pool-393-thread-1] INFO  server.RaftServerConfigKeys (ConfUtils.java:logGet(43)) - raft.server.log.queue.byte-limit = 2147483647 (custom)
2019-10-18 14:12:15,286 [pool-393-thread-1] INFO  server.RaftServerConfigKeys (ConfUtils.java:logGet(43)) - raft.server.log.queue.element-limit = 1024 (custom)
2019-10-18 14:12:15,286 [pool-393-thread-1] INFO  server.RaftServerConfigKeys (ConfUtils.java:logGet(43)) - raft.server.log.segment.size.max = 1048576 (custom)
2019-10-18 14:12:15,286 [pool-393-thread-1] INFO  server.RaftServerConfigKeys (ConfUtils.java:logGet(43)) - raft.server.log.preallocated.size = 16384 (custom)
2019-10-18 14:12:15,287 [pool-393-thread-1] INFO  server.RaftServerConfigKeys (ConfUtils.java:logGet(43)) - raft.server.log.write.buffer.size = 33554432 (custom)
2019-10-18 14:12:15,287 [pool-393-thread-1] INFO  server.RaftServerConfigKeys (ConfUtils.java:logGet(43)) - raft.server.log.force.sync.num = 128 (default)
2019-10-18 14:12:15,287 [pool-393-thread-1] INFO  server.RaftServerConfigKeys (ConfUtils.java:logGet(43)) - raft.server.log.statemachine.data.sync = true (default)
2019-10-18 14:12:15,287 [pool-393-thread-1] INFO  server.RaftServerConfigKeys (ConfUtils.java:logGet(43)) - raft.server.log.statemachine.data.sync.timeout = 10s (default)
2019-10-18 14:12:15,287 [pool-393-thread-1] INFO  server.RaftServerConfigKeys (ConfUtils.java:logGet(43)) - raft.server.log.statemachine.data.sync.timeout.retry = -1 (default)
2019-10-18 14:12:15,287 [pool-393-thread-1] INFO  server.RaftServerConfigKeys (ConfUtils.java:logGet(43)) - raft.server.log.statemachine.data.caching.enabled = true (custom)
2019-10-18 14:12:15,287 [pool-393-thread-1] INFO  segmented.SegmentedRaftLogWorker (SegmentedRaftLogWorker.java:lambda$new$0(128)) - bfc21bf7-2b4f-46f8-acca-4e109eff9825@group-25E29D0AAB19-SegmentedRaftLogWorker: flushIndex: setUnconditionally 0 -> -1
2019-10-18 14:12:15,288 [pool-393-thread-1] INFO  server.RaftServerConfigKeys (ConfUtils.java:logGet(43)) - raft.server.snapshot.auto.trigger.enabled = true (custom)
2019-10-18 14:12:15,288 [pool-393-thread-1] INFO  server.RaftServerConfigKeys (ConfUtils.java:logGet(43)) - raft.server.snapshot.auto.trigger.threshold = 10000 (custom)
2019-10-18 14:12:15,288 [pool-393-thread-1] INFO  server.RaftServerConfigKeys (ConfUtils.java:logGet(43)) - raft.server.snapshot.retention.file.num = 5 (custom)
2019-10-18 14:12:15,288 [pool-393-thread-1] INFO  server.RaftServerConfigKeys (ConfUtils.java:logGet(43)) - raft.server.retrycache.expirytime = 600000ms (custom)
2019-10-18 14:12:15,289 [pool-393-thread-1] INFO  impl.RaftServerImpl (RaftServerImpl.java:start(181)) - bfc21bf7-2b4f-46f8-acca-4e109eff9825@group-25E29D0AAB19: start as a follower, conf=-1: [bfc21bf7-2b4f-46f8-acca-4e109eff9825:192.168.34.61:35859], old=null
2019-10-18 14:12:15,289 [pool-393-thread-1] INFO  impl.RaftServerImpl (RaftServerImpl.java:setRole(170)) - bfc21bf7-2b4f-46f8-acca-4e109eff9825@group-25E29D0AAB19: changes role from      null to FOLLOWER at term 0 for startAsFollower
2019-10-18 14:12:15,289 [pool-393-thread-1] INFO  impl.RoleInfo (RoleInfo.java:updateAndGet(143)) - bfc21bf7-2b4f-46f8-acca-4e109eff9825: start FollowerState
2019-10-18 14:12:15,290 [pool-393-thread-1] INFO  util.JmxRegister (JmxRegister.java:tryRegister(44)) - Successfully registered JMX Bean with object name Ratis:service=RaftServer,group=group-25E29D0AAB19,id=bfc21bf7-2b4f-46f8-acca-4e109eff9825
2019-10-18 14:12:15,293 [RatisPipelineUtilsThread] INFO  pipeline.PipelineStateManager (PipelineStateManager.java:addPipeline(56)) - Created pipeline Pipeline[ Id: 5de5d326-63dd-4513-9dfc-25e29d0aab19, Nodes: bfc21bf7-2b4f-46f8-acca-4e109eff9825{ip: 192.168.34.61, host: pr-hdds-2280-982rn-3954796538, networkLocation: /default-rack, certSerialId: null}, Type:RATIS, Factor:ONE, State:OPEN]
2019-10-18 14:12:15,298 [grpc-default-executor-5] INFO  impl.RaftServerProxy (RaftServerProxy.java:addNew(89)) - b327581a-11bf-47b7-ad89-db9698439853: addNew group-38837913871D:[b327581a-11bf-47b7-ad89-db9698439853:192.168.34.61:44678] returns group-38837913871D:java.util.concurrent.CompletableFuture@69d74994[Not completed]
2019-10-18 14:12:15,299 [pool-403-thread-1] INFO  impl.RaftServerImpl (RaftServerImpl.java:<init>(95)) - b327581a-11bf-47b7-ad89-db9698439853: new RaftServerImpl for group-38837913871D:[b327581a-11bf-47b7-ad89-db9698439853:192.168.34.61:44678] with ContainerStateMachine:uninitialized
2019-10-18 14:12:15,300 [pool-403-thread-1] INFO  server.RaftServerConfigKeys (ConfUtils.java:logGet(43)) - raft.server.rpc.timeout.min = 5s (custom)
2019-10-18 14:12:15,300 [pool-403-thread-1] INFO  server.RaftServerConfigKeys (ConfUtils.java:logGet(43)) - raft.server.rpc.timeout.max = 5200ms (custom)
2019-10-18 14:12:15,300 [pool-403-thread-1] INFO  server.RaftServerConfigKeys (ConfUtils.java:logGet(43)) - raft.server.rpcslowness.timeout = 120s (custom)
2019-10-18 14:12:15,300 [pool-403-thread-1] INFO  server.RaftServerConfigKeys (ConfUtils.java:logGet(43)) - raft.server.sleep.deviation.threshold = 300 (default)
2019-10-18 14:12:15,300 [pool-403-thread-1] INFO  server.RaftServerConfigKeys (ConfUtils.java:logGet(43)) - raft.server.log.appender.install.snapshot.enabled = false (custom)
2019-10-18 14:12:15,300 [pool-403-thread-1] INFO  impl.RaftServerImpl (ServerState.java:<init>(103)) - b327581a-11bf-47b7-ad89-db9698439853@group-38837913871D: ConfigurationManager, init=-1: [b327581a-11bf-47b7-ad89-db9698439853:192.168.34.61:44678], old=null, confs=<EMPTY_MAP>
2019-10-18 14:12:15,300 [pool-403-thread-1] INFO  server.RaftServerConfigKeys (ConfUtils.java:logGet(43)) - raft.server.storage.dir = [/workdir/hadoop-ozone/integration-test/target/test-dir/MiniOzoneClusterImpl-1b3b65e9-0d6f-42e9-b73e-0ac44ea75486/datanode-2/data/ratis] (custom)
2019-10-18 14:12:15,300 [pool-403-thread-1] INFO  server.RaftServerConfigKeys (ConfUtils.java:logGet(43)) - raft.server.log.corruption.policy = EXCEPTION (default)
2019-10-18 14:12:15,301 [pool-403-thread-1] INFO  storage.RaftStorageDirectory (RaftStorageDirectory.java:analyzeStorage(246)) - The storage directory /workdir/hadoop-ozone/integration-test/target/test-dir/MiniOzoneClusterImpl-1b3b65e9-0d6f-42e9-b73e-0ac44ea75486/datanode-2/data/ratis/49080fe0-11e9-4b14-b18d-38837913871d does not exist. Creating ...
2019-10-18 14:12:15,326 [pool-403-thread-1] INFO  storage.RaftStorageDirectory (RaftStorageDirectory.java:tryLock(328)) - Lock on /workdir/hadoop-ozone/integration-test/target/test-dir/MiniOzoneClusterImpl-1b3b65e9-0d6f-42e9-b73e-0ac44ea75486/datanode-2/data/ratis/49080fe0-11e9-4b14-b18d-38837913871d/in_use.lock acquired by nodename 5493@pr-hdds-2280-982rn-3954796538
2019-10-18 14:12:15,339 [IPC Server handler 3 on 33474] INFO  net.NetworkTopology (NetworkTopologyImpl.java:add(111)) - Added a new node: /default-rack/a32a8728-bc1a-4e0e-a06f-c1ac404caa5a
2019-10-18 14:12:15,340 [IPC Server handler 3 on 33474] INFO  node.SCMNodeManager (SCMNodeManager.java:register(268)) - Registered Data node : a32a8728-bc1a-4e0e-a06f-c1ac404caa5a{ip: 192.168.34.61, host: pr-hdds-2280-982rn-3954796538, networkLocation: /default-rack, certSerialId: null}
2019-10-18 14:12:15,351 [pool-403-thread-1] INFO  storage.RaftStorage (RaftStorage.java:format(84)) - Storage directory /workdir/hadoop-ozone/integration-test/target/test-dir/MiniOzoneClusterImpl-1b3b65e9-0d6f-42e9-b73e-0ac44ea75486/datanode-2/data/ratis/49080fe0-11e9-4b14-b18d-38837913871d has been successfully formatted.
2019-10-18 14:12:15,351 [pool-403-thread-1] INFO  ratis.ContainerStateMachine (ContainerStateMachine.java:loadSnapshot(231)) - group-38837913871D: The snapshot info is null. Setting the last applied indexto:(t:0, i:~)
2019-10-18 14:12:15,351 [pool-403-thread-1] INFO  server.RaftServerConfigKeys (ConfUtils.java:logGet(43)) - raft.server.notification.no-leader.timeout = 120s (custom)
2019-10-18 14:12:15,351 [pool-403-thread-1] INFO  server.RaftServerConfigKeys (ConfUtils.java:logGet(43)) - raft.server.log.use.memory = false (default)
2019-10-18 14:12:15,352 [pool-403-thread-1] INFO  server.RaftServerConfigKeys (ConfUtils.java:logGet(43)) - raft.server.log.purge.gap = 1000000 (custom)
2019-10-18 14:12:15,352 [pool-403-thread-1] INFO  server.RaftServerConfigKeys (ConfUtils.java:logGet(43)) - raft.server.log.appender.buffer.byte-limit = 33554432 (custom)
2019-10-18 14:12:15,352 [pool-403-thread-1] INFO  server.RaftServerConfigKeys (ConfUtils.java:logGet(43)) - raft.server.log.segment.size.max = 1048576 (custom)
2019-10-18 14:12:15,353 [pool-403-thread-1] INFO  server.RaftServerConfigKeys (ConfUtils.java:logGet(43)) - raft.server.log.segment.cache.num.max = 2 (custom)
2019-10-18 14:12:15,353 [pool-403-thread-1] INFO  segmented.SegmentedRaftLogWorker (SegmentedRaftLogWorker.java:<init>(173)) - new b327581a-11bf-47b7-ad89-db9698439853@group-38837913871D-SegmentedRaftLogWorker for RaftStorage:Storage Directory /workdir/hadoop-ozone/integration-test/target/test-dir/MiniOzoneClusterImpl-1b3b65e9-0d6f-42e9-b73e-0ac44ea75486/datanode-2/data/ratis/49080fe0-11e9-4b14-b18d-38837913871d
2019-10-18 14:12:15,353 [pool-403-thread-1] INFO  server.RaftServerConfigKeys (ConfUtils.java:logGet(43)) - raft.server.log.queue.byte-limit = 2147483647 (custom)
2019-10-18 14:12:15,353 [pool-403-thread-1] INFO  server.RaftServerConfigKeys (ConfUtils.java:logGet(43)) - raft.server.log.queue.element-limit = 1024 (custom)
2019-10-18 14:12:15,353 [pool-403-thread-1] INFO  server.RaftServerConfigKeys (ConfUtils.java:logGet(43)) - raft.server.log.segment.size.max = 1048576 (custom)
2019-10-18 14:12:15,353 [pool-403-thread-1] INFO  server.RaftServerConfigKeys (ConfUtils.java:logGet(43)) - raft.server.log.preallocated.size = 16384 (custom)
2019-10-18 14:12:15,353 [pool-403-thread-1] INFO  server.RaftServerConfigKeys (ConfUtils.java:logGet(43)) - raft.server.log.write.buffer.size = 33554432 (custom)
2019-10-18 14:12:15,354 [pool-403-thread-1] INFO  server.RaftServerConfigKeys (ConfUtils.java:logGet(43)) - raft.server.log.force.sync.num = 128 (default)
2019-10-18 14:12:15,354 [pool-403-thread-1] INFO  server.RaftServerConfigKeys (ConfUtils.java:logGet(43)) - raft.server.log.statemachine.data.sync = true (default)
2019-10-18 14:12:15,354 [pool-403-thread-1] INFO  server.RaftServerConfigKeys (ConfUtils.java:logGet(43)) - raft.server.log.statemachine.data.sync.timeout = 10s (default)
2019-10-18 14:12:15,354 [pool-403-thread-1] INFO  server.RaftServerConfigKeys (ConfUtils.java:logGet(43)) - raft.server.log.statemachine.data.sync.timeout.retry = -1 (default)
2019-10-18 14:12:15,354 [pool-403-thread-1] INFO  server.RaftServerConfigKeys (ConfUtils.java:logGet(43)) - raft.server.log.statemachine.data.caching.enabled = true (custom)
2019-10-18 14:12:15,354 [pool-403-thread-1] INFO  segmented.SegmentedRaftLogWorker (SegmentedRaftLogWorker.java:lambda$new$0(128)) - b327581a-11bf-47b7-ad89-db9698439853@group-38837913871D-SegmentedRaftLogWorker: flushIndex: setUnconditionally 0 -> -1
2019-10-18 14:12:15,355 [pool-403-thread-1] INFO  server.RaftServerConfigKeys (ConfUtils.java:logGet(43)) - raft.server.snapshot.auto.trigger.enabled = true (custom)
2019-10-18 14:12:15,355 [pool-403-thread-1] INFO  server.RaftServerConfigKeys (ConfUtils.java:logGet(43)) - raft.server.snapshot.auto.trigger.threshold = 10000 (custom)
2019-10-18 14:12:15,355 [pool-403-thread-1] INFO  server.RaftServerConfigKeys (ConfUtils.java:logGet(43)) - raft.server.snapshot.retention.file.num = 5 (custom)
2019-10-18 14:12:15,355 [pool-403-thread-1] INFO  server.RaftServerConfigKeys (ConfUtils.java:logGet(43)) - raft.server.retrycache.expirytime = 600000ms (custom)
2019-10-18 14:12:15,356 [pool-403-thread-1] INFO  impl.RaftServerImpl (RaftServerImpl.java:start(181)) - b327581a-11bf-47b7-ad89-db9698439853@group-38837913871D: start as a follower, conf=-1: [b327581a-11bf-47b7-ad89-db9698439853:192.168.34.61:44678], old=null
2019-10-18 14:12:15,356 [pool-403-thread-1] INFO  impl.RaftServerImpl (RaftServerImpl.java:setRole(170)) - b327581a-11bf-47b7-ad89-db9698439853@group-38837913871D: changes role from      null to FOLLOWER at term 0 for startAsFollower
2019-10-18 14:12:15,356 [pool-403-thread-1] INFO  impl.RoleInfo (RoleInfo.java:updateAndGet(143)) - b327581a-11bf-47b7-ad89-db9698439853: start FollowerState
2019-10-18 14:12:15,356 [pool-403-thread-1] INFO  util.JmxRegister (JmxRegister.java:tryRegister(44)) - Successfully registered JMX Bean with object name Ratis:service=RaftServer,group=group-38837913871D,id=b327581a-11bf-47b7-ad89-db9698439853
2019-10-18 14:12:15,360 [RatisPipelineUtilsThread] INFO  pipeline.PipelineStateManager (PipelineStateManager.java:addPipeline(56)) - Created pipeline Pipeline[ Id: 49080fe0-11e9-4b14-b18d-38837913871d, Nodes: b327581a-11bf-47b7-ad89-db9698439853{ip: 192.168.34.61, host: pr-hdds-2280-982rn-3954796538, networkLocation: /default-rack, certSerialId: null}, Type:RATIS, Factor:ONE, State:OPEN]
2019-10-18 14:12:15,366 [grpc-default-executor-5] INFO  impl.RaftServerProxy (RaftServerProxy.java:addNew(89)) - a32a8728-bc1a-4e0e-a06f-c1ac404caa5a: addNew group-535892F24F18:[a32a8728-bc1a-4e0e-a06f-c1ac404caa5a:192.168.34.61:43269] returns group-535892F24F18:java.util.concurrent.CompletableFuture@78789ad9[Not completed]
2019-10-18 14:12:15,368 [pool-413-thread-1] INFO  impl.RaftServerImpl (RaftServerImpl.java:<init>(95)) - a32a8728-bc1a-4e0e-a06f-c1ac404caa5a: new RaftServerImpl for group-535892F24F18:[a32a8728-bc1a-4e0e-a06f-c1ac404caa5a:192.168.34.61:43269] with ContainerStateMachine:uninitialized
2019-10-18 14:12:15,368 [pool-413-thread-1] INFO  server.RaftServerConfigKeys (ConfUtils.java:logGet(43)) - raft.server.rpc.timeout.min = 5s (custom)
2019-10-18 14:12:15,368 [pool-413-thread-1] INFO  server.RaftServerConfigKeys (ConfUtils.java:logGet(43)) - raft.server.rpc.timeout.max = 5200ms (custom)
2019-10-18 14:12:15,368 [pool-413-thread-1] INFO  server.RaftServerConfigKeys (ConfUtils.java:logGet(43)) - raft.server.rpcslowness.timeout = 120s (custom)
2019-10-18 14:12:15,368 [pool-413-thread-1] INFO  server.RaftServerConfigKeys (ConfUtils.java:logGet(43)) - raft.server.sleep.deviation.threshold = 300 (default)
2019-10-18 14:12:15,369 [pool-413-thread-1] INFO  server.RaftServerConfigKeys (ConfUtils.java:logGet(43)) - raft.server.log.appender.install.snapshot.enabled = false (custom)
2019-10-18 14:12:15,369 [pool-413-thread-1] INFO  impl.RaftServerImpl (ServerState.java:<init>(103)) - a32a8728-bc1a-4e0e-a06f-c1ac404caa5a@group-535892F24F18: ConfigurationManager, init=-1: [a32a8728-bc1a-4e0e-a06f-c1ac404caa5a:192.168.34.61:43269], old=null, confs=<EMPTY_MAP>
2019-10-18 14:12:15,369 [pool-413-thread-1] INFO  server.RaftServerConfigKeys (ConfUtils.java:logGet(43)) - raft.server.storage.dir = [/workdir/hadoop-ozone/integration-test/target/test-dir/MiniOzoneClusterImpl-1b3b65e9-0d6f-42e9-b73e-0ac44ea75486/datanode-3/data/ratis] (custom)
2019-10-18 14:12:15,369 [pool-413-thread-1] INFO  server.RaftServerConfigKeys (ConfUtils.java:logGet(43)) - raft.server.log.corruption.policy = EXCEPTION (default)
2019-10-18 14:12:15,370 [pool-413-thread-1] INFO  storage.RaftStorageDirectory (RaftStorageDirectory.java:analyzeStorage(246)) - The storage directory /workdir/hadoop-ozone/integration-test/target/test-dir/MiniOzoneClusterImpl-1b3b65e9-0d6f-42e9-b73e-0ac44ea75486/datanode-3/data/ratis/57ccef74-4afb-421d-addb-535892f24f18 does not exist. Creating ...
2019-10-18 14:12:15,393 [pool-413-thread-1] INFO  storage.RaftStorageDirectory (RaftStorageDirectory.java:tryLock(328)) - Lock on /workdir/hadoop-ozone/integration-test/target/test-dir/MiniOzoneClusterImpl-1b3b65e9-0d6f-42e9-b73e-0ac44ea75486/datanode-3/data/ratis/57ccef74-4afb-421d-addb-535892f24f18/in_use.lock acquired by nodename 5493@pr-hdds-2280-982rn-3954796538
2019-10-18 14:12:15,403 [IPC Server handler 0 on 33474] INFO  net.NetworkTopology (NetworkTopologyImpl.java:add(111)) - Added a new node: /default-rack/b9378c2d-a253-4d60-8cf2-00dacb35e775
2019-10-18 14:12:15,403 [IPC Server handler 0 on 33474] INFO  node.SCMNodeManager (SCMNodeManager.java:register(268)) - Registered Data node : b9378c2d-a253-4d60-8cf2-00dacb35e775{ip: 192.168.34.61, host: pr-hdds-2280-982rn-3954796538, networkLocation: /default-rack, certSerialId: null}
2019-10-18 14:12:15,418 [pool-413-thread-1] INFO  storage.RaftStorage (RaftStorage.java:format(84)) - Storage directory /workdir/hadoop-ozone/integration-test/target/test-dir/MiniOzoneClusterImpl-1b3b65e9-0d6f-42e9-b73e-0ac44ea75486/datanode-3/data/ratis/57ccef74-4afb-421d-addb-535892f24f18 has been successfully formatted.
2019-10-18 14:12:15,419 [pool-413-thread-1] INFO  ratis.ContainerStateMachine (ContainerStateMachine.java:loadSnapshot(231)) - group-535892F24F18: The snapshot info is null. Setting the last applied indexto:(t:0, i:~)
2019-10-18 14:12:15,419 [pool-413-thread-1] INFO  server.RaftServerConfigKeys (ConfUtils.java:logGet(43)) - raft.server.notification.no-leader.timeout = 120s (custom)
2019-10-18 14:12:15,419 [pool-413-thread-1] INFO  server.RaftServerConfigKeys (ConfUtils.java:logGet(43)) - raft.server.log.use.memory = false (default)
2019-10-18 14:12:15,419 [pool-413-thread-1] INFO  server.RaftServerConfigKeys (ConfUtils.java:logGet(43)) - raft.server.log.purge.gap = 1000000 (custom)
2019-10-18 14:12:15,419 [pool-413-thread-1] INFO  server.RaftServerConfigKeys (ConfUtils.java:logGet(43)) - raft.server.log.appender.buffer.byte-limit = 33554432 (custom)
2019-10-18 14:12:15,419 [pool-413-thread-1] INFO  server.RaftServerConfigKeys (ConfUtils.java:logGet(43)) - raft.server.log.segment.size.max = 1048576 (custom)
2019-10-18 14:12:15,421 [pool-413-thread-1] INFO  server.RaftServerConfigKeys (ConfUtils.java:logGet(43)) - raft.server.log.segment.cache.num.max = 2 (custom)
2019-10-18 14:12:15,421 [pool-413-thread-1] INFO  segmented.SegmentedRaftLogWorker (SegmentedRaftLogWorker.java:<init>(173)) - new a32a8728-bc1a-4e0e-a06f-c1ac404caa5a@group-535892F24F18-SegmentedRaftLogWorker for RaftStorage:Storage Directory /workdir/hadoop-ozone/integration-test/target/test-dir/MiniOzoneClusterImpl-1b3b65e9-0d6f-42e9-b73e-0ac44ea75486/datanode-3/data/ratis/57ccef74-4afb-421d-addb-535892f24f18
2019-10-18 14:12:15,421 [pool-413-thread-1] INFO  server.RaftServerConfigKeys (ConfUtils.java:logGet(43)) - raft.server.log.queue.byte-limit = 2147483647 (custom)
2019-10-18 14:12:15,421 [pool-413-thread-1] INFO  server.RaftServerConfigKeys (ConfUtils.java:logGet(43)) - raft.server.log.queue.element-limit = 1024 (custom)
2019-10-18 14:12:15,421 [pool-413-thread-1] INFO  server.RaftServerConfigKeys (ConfUtils.java:logGet(43)) - raft.server.log.segment.size.max = 1048576 (custom)
2019-10-18 14:12:15,421 [pool-413-thread-1] INFO  server.RaftServerConfigKeys (ConfUtils.java:logGet(43)) - raft.server.log.preallocated.size = 16384 (custom)
2019-10-18 14:12:15,421 [pool-413-thread-1] INFO  server.RaftServerConfigKeys (ConfUtils.java:logGet(43)) - raft.server.log.write.buffer.size = 33554432 (custom)
2019-10-18 14:12:15,421 [pool-413-thread-1] INFO  server.RaftServerConfigKeys (ConfUtils.java:logGet(43)) - raft.server.log.force.sync.num = 128 (default)
2019-10-18 14:12:15,421 [pool-413-thread-1] INFO  server.RaftServerConfigKeys (ConfUtils.java:logGet(43)) - raft.server.log.statemachine.data.sync = true (default)
2019-10-18 14:12:15,422 [pool-413-thread-1] INFO  server.RaftServerConfigKeys (ConfUtils.java:logGet(43)) - raft.server.log.statemachine.data.sync.timeout = 10s (default)
2019-10-18 14:12:15,422 [pool-413-thread-1] INFO  server.RaftServerConfigKeys (ConfUtils.java:logGet(43)) - raft.server.log.statemachine.data.sync.timeout.retry = -1 (default)
2019-10-18 14:12:15,422 [pool-413-thread-1] INFO  server.RaftServerConfigKeys (ConfUtils.java:logGet(43)) - raft.server.log.statemachine.data.caching.enabled = true (custom)
2019-10-18 14:12:15,422 [pool-413-thread-1] INFO  segmented.SegmentedRaftLogWorker (SegmentedRaftLogWorker.java:lambda$new$0(128)) - a32a8728-bc1a-4e0e-a06f-c1ac404caa5a@group-535892F24F18-SegmentedRaftLogWorker: flushIndex: setUnconditionally 0 -> -1
2019-10-18 14:12:15,422 [pool-413-thread-1] INFO  server.RaftServerConfigKeys (ConfUtils.java:logGet(43)) - raft.server.snapshot.auto.trigger.enabled = true (custom)
2019-10-18 14:12:15,422 [pool-413-thread-1] INFO  server.RaftServerConfigKeys (ConfUtils.java:logGet(43)) - raft.server.snapshot.auto.trigger.threshold = 10000 (custom)
2019-10-18 14:12:15,423 [pool-413-thread-1] INFO  server.RaftServerConfigKeys (ConfUtils.java:logGet(43)) - raft.server.snapshot.retention.file.num = 5 (custom)
2019-10-18 14:12:15,423 [pool-413-thread-1] INFO  server.RaftServerConfigKeys (ConfUtils.java:logGet(43)) - raft.server.retrycache.expirytime = 600000ms (custom)
2019-10-18 14:12:15,424 [pool-413-thread-1] INFO  impl.RaftServerImpl (RaftServerImpl.java:start(181)) - a32a8728-bc1a-4e0e-a06f-c1ac404caa5a@group-535892F24F18: start as a follower, conf=-1: [a32a8728-bc1a-4e0e-a06f-c1ac404caa5a:192.168.34.61:43269], old=null
2019-10-18 14:12:15,424 [pool-413-thread-1] INFO  impl.RaftServerImpl (RaftServerImpl.java:setRole(170)) - a32a8728-bc1a-4e0e-a06f-c1ac404caa5a@group-535892F24F18: changes role from      null to FOLLOWER at term 0 for startAsFollower
2019-10-18 14:12:15,424 [pool-413-thread-1] INFO  impl.RoleInfo (RoleInfo.java:updateAndGet(143)) - a32a8728-bc1a-4e0e-a06f-c1ac404caa5a: start FollowerState
2019-10-18 14:12:15,424 [pool-413-thread-1] INFO  util.JmxRegister (JmxRegister.java:tryRegister(44)) - Successfully registered JMX Bean with object name Ratis:service=RaftServer,group=group-535892F24F18,id=a32a8728-bc1a-4e0e-a06f-c1ac404caa5a
2019-10-18 14:12:15,428 [RatisPipelineUtilsThread] INFO  pipeline.PipelineStateManager (PipelineStateManager.java:addPipeline(56)) - Created pipeline Pipeline[ Id: 57ccef74-4afb-421d-addb-535892f24f18, Nodes: a32a8728-bc1a-4e0e-a06f-c1ac404caa5a{ip: 192.168.34.61, host: pr-hdds-2280-982rn-3954796538, networkLocation: /default-rack, certSerialId: null}, Type:RATIS, Factor:ONE, State:OPEN]
2019-10-18 14:12:15,436 [grpc-default-executor-5] INFO  impl.RaftServerProxy (RaftServerProxy.java:addNew(89)) - b9378c2d-a253-4d60-8cf2-00dacb35e775: addNew group-0E4A913EC60D:[b9378c2d-a253-4d60-8cf2-00dacb35e775:192.168.34.61:46010] returns group-0E4A913EC60D:java.util.concurrent.CompletableFuture@49e6b38d[Not completed]
2019-10-18 14:12:15,437 [pool-423-thread-1] INFO  impl.RaftServerImpl (RaftServerImpl.java:<init>(95)) - b9378c2d-a253-4d60-8cf2-00dacb35e775: new RaftServerImpl for group-0E4A913EC60D:[b9378c2d-a253-4d60-8cf2-00dacb35e775:192.168.34.61:46010] with ContainerStateMachine:uninitialized
2019-10-18 14:12:15,437 [pool-423-thread-1] INFO  server.RaftServerConfigKeys (ConfUtils.java:logGet(43)) - raft.server.rpc.timeout.min = 5s (custom)
2019-10-18 14:12:15,437 [pool-423-thread-1] INFO  server.RaftServerConfigKeys (ConfUtils.java:logGet(43)) - raft.server.rpc.timeout.max = 5200ms (custom)
2019-10-18 14:12:15,437 [pool-423-thread-1] INFO  server.RaftServerConfigKeys (ConfUtils.java:logGet(43)) - raft.server.rpcslowness.timeout = 120s (custom)
2019-10-18 14:12:15,437 [pool-423-thread-1] INFO  server.RaftServerConfigKeys (ConfUtils.java:logGet(43)) - raft.server.sleep.deviation.threshold = 300 (default)
2019-10-18 14:12:15,437 [pool-423-thread-1] INFO  server.RaftServerConfigKeys (ConfUtils.java:logGet(43)) - raft.server.log.appender.install.snapshot.enabled = false (custom)
2019-10-18 14:12:15,437 [pool-423-thread-1] INFO  impl.RaftServerImpl (ServerState.java:<init>(103)) - b9378c2d-a253-4d60-8cf2-00dacb35e775@group-0E4A913EC60D: ConfigurationManager, init=-1: [b9378c2d-a253-4d60-8cf2-00dacb35e775:192.168.34.61:46010], old=null, confs=<EMPTY_MAP>
2019-10-18 14:12:15,437 [pool-423-thread-1] INFO  server.RaftServerConfigKeys (ConfUtils.java:logGet(43)) - raft.server.storage.dir = [/workdir/hadoop-ozone/integration-test/target/test-dir/MiniOzoneClusterImpl-1b3b65e9-0d6f-42e9-b73e-0ac44ea75486/datanode-4/data/ratis] (custom)
2019-10-18 14:12:15,438 [pool-423-thread-1] INFO  server.RaftServerConfigKeys (ConfUtils.java:logGet(43)) - raft.server.log.corruption.policy = EXCEPTION (default)
2019-10-18 14:12:15,438 [pool-423-thread-1] INFO  storage.RaftStorageDirectory (RaftStorageDirectory.java:analyzeStorage(246)) - The storage directory /workdir/hadoop-ozone/integration-test/target/test-dir/MiniOzoneClusterImpl-1b3b65e9-0d6f-42e9-b73e-0ac44ea75486/datanode-4/data/ratis/0efcd987-ebd7-4fd1-afea-0e4a913ec60d does not exist. Creating ...
2019-10-18 14:12:15,468 [IPC Server handler 6 on 33474] INFO  net.NetworkTopology (NetworkTopologyImpl.java:add(111)) - Added a new node: /default-rack/365e37ca-e893-4d15-87ab-c9b5f02d0ccc
2019-10-18 14:12:15,468 [IPC Server handler 6 on 33474] INFO  node.SCMNodeManager (SCMNodeManager.java:register(268)) - Registered Data node : 365e37ca-e893-4d15-87ab-c9b5f02d0ccc{ip: 192.168.34.61, host: pr-hdds-2280-982rn-3954796538, networkLocation: /default-rack, certSerialId: null}
2019-10-18 14:12:15,469 [pool-423-thread-1] INFO  storage.RaftStorageDirectory (RaftStorageDirectory.java:tryLock(328)) - Lock on /workdir/hadoop-ozone/integration-test/target/test-dir/MiniOzoneClusterImpl-1b3b65e9-0d6f-42e9-b73e-0ac44ea75486/datanode-4/data/ratis/0efcd987-ebd7-4fd1-afea-0e4a913ec60d/in_use.lock acquired by nodename 5493@pr-hdds-2280-982rn-3954796538
2019-10-18 14:12:15,495 [pool-423-thread-1] INFO  storage.RaftStorage (RaftStorage.java:format(84)) - Storage directory /workdir/hadoop-ozone/integration-test/target/test-dir/MiniOzoneClusterImpl-1b3b65e9-0d6f-42e9-b73e-0ac44ea75486/datanode-4/data/ratis/0efcd987-ebd7-4fd1-afea-0e4a913ec60d has been successfully formatted.
2019-10-18 14:12:15,495 [pool-423-thread-1] INFO  ratis.ContainerStateMachine (ContainerStateMachine.java:loadSnapshot(231)) - group-0E4A913EC60D: The snapshot info is null. Setting the last applied indexto:(t:0, i:~)
2019-10-18 14:12:15,495 [pool-423-thread-1] INFO  server.RaftServerConfigKeys (ConfUtils.java:logGet(43)) - raft.server.notification.no-leader.timeout = 120s (custom)
2019-10-18 14:12:15,495 [pool-423-thread-1] INFO  server.RaftServerConfigKeys (ConfUtils.java:logGet(43)) - raft.server.log.use.memory = false (default)
2019-10-18 14:12:15,495 [pool-423-thread-1] INFO  server.RaftServerConfigKeys (ConfUtils.java:logGet(43)) - raft.server.log.purge.gap = 1000000 (custom)
2019-10-18 14:12:15,495 [pool-423-thread-1] INFO  server.RaftServerConfigKeys (ConfUtils.java:logGet(43)) - raft.server.log.appender.buffer.byte-limit = 33554432 (custom)
2019-10-18 14:12:15,496 [pool-423-thread-1] INFO  server.RaftServerConfigKeys (ConfUtils.java:logGet(43)) - raft.server.log.segment.size.max = 1048576 (custom)
2019-10-18 14:12:15,497 [pool-423-thread-1] INFO  server.RaftServerConfigKeys (ConfUtils.java:logGet(43)) - raft.server.log.segment.cache.num.max = 2 (custom)
2019-10-18 14:12:15,497 [pool-423-thread-1] INFO  segmented.SegmentedRaftLogWorker (SegmentedRaftLogWorker.java:<init>(173)) - new b9378c2d-a253-4d60-8cf2-00dacb35e775@group-0E4A913EC60D-SegmentedRaftLogWorker for RaftStorage:Storage Directory /workdir/hadoop-ozone/integration-test/target/test-dir/MiniOzoneClusterImpl-1b3b65e9-0d6f-42e9-b73e-0ac44ea75486/datanode-4/data/ratis/0efcd987-ebd7-4fd1-afea-0e4a913ec60d
2019-10-18 14:12:15,498 [pool-423-thread-1] INFO  server.RaftServerConfigKeys (ConfUtils.java:logGet(43)) - raft.server.log.queue.byte-limit = 2147483647 (custom)
2019-10-18 14:12:15,498 [pool-423-thread-1] INFO  server.RaftServerConfigKeys (ConfUtils.java:logGet(43)) - raft.server.log.queue.element-limit = 1024 (custom)
2019-10-18 14:12:15,498 [pool-423-thread-1] INFO  server.RaftServerConfigKeys (ConfUtils.java:logGet(43)) - raft.server.log.segment.size.max = 1048576 (custom)
2019-10-18 14:12:15,498 [pool-423-thread-1] INFO  server.RaftServerConfigKeys (ConfUtils.java:logGet(43)) - raft.server.log.preallocated.size = 16384 (custom)
2019-10-18 14:12:15,498 [pool-423-thread-1] INFO  server.RaftServerConfigKeys (ConfUtils.java:logGet(43)) - raft.server.log.write.buffer.size = 33554432 (custom)
2019-10-18 14:12:15,498 [pool-423-thread-1] INFO  server.RaftServerConfigKeys (ConfUtils.java:logGet(43)) - raft.server.log.force.sync.num = 128 (default)
2019-10-18 14:12:15,498 [pool-423-thread-1] INFO  server.RaftServerConfigKeys (ConfUtils.java:logGet(43)) - raft.server.log.statemachine.data.sync = true (default)
2019-10-18 14:12:15,498 [pool-423-thread-1] INFO  server.RaftServerConfigKeys (ConfUtils.java:logGet(43)) - raft.server.log.statemachine.data.sync.timeout = 10s (default)
2019-10-18 14:12:15,498 [pool-423-thread-1] INFO  server.RaftServerConfigKeys (ConfUtils.java:logGet(43)) - raft.server.log.statemachine.data.sync.timeout.retry = -1 (default)
2019-10-18 14:12:15,499 [pool-423-thread-1] INFO  server.RaftServerConfigKeys (ConfUtils.java:logGet(43)) - raft.server.log.statemachine.data.caching.enabled = true (custom)
2019-10-18 14:12:15,499 [pool-423-thread-1] INFO  segmented.SegmentedRaftLogWorker (SegmentedRaftLogWorker.java:lambda$new$0(128)) - b9378c2d-a253-4d60-8cf2-00dacb35e775@group-0E4A913EC60D-SegmentedRaftLogWorker: flushIndex: setUnconditionally 0 -> -1
2019-10-18 14:12:15,499 [pool-423-thread-1] INFO  server.RaftServerConfigKeys (ConfUtils.java:logGet(43)) - raft.server.snapshot.auto.trigger.enabled = true (custom)
2019-10-18 14:12:15,500 [pool-423-thread-1] INFO  server.RaftServerConfigKeys (ConfUtils.java:logGet(43)) - raft.server.snapshot.auto.trigger.threshold = 10000 (custom)
2019-10-18 14:12:15,500 [pool-423-thread-1] INFO  server.RaftServerConfigKeys (ConfUtils.java:logGet(43)) - raft.server.snapshot.retention.file.num = 5 (custom)
2019-10-18 14:12:15,500 [pool-423-thread-1] INFO  server.RaftServerConfigKeys (ConfUtils.java:logGet(43)) - raft.server.retrycache.expirytime = 600000ms (custom)
2019-10-18 14:12:15,502 [pool-423-thread-1] INFO  impl.RaftServerImpl (RaftServerImpl.java:start(181)) - b9378c2d-a253-4d60-8cf2-00dacb35e775@group-0E4A913EC60D: start as a follower, conf=-1: [b9378c2d-a253-4d60-8cf2-00dacb35e775:192.168.34.61:46010], old=null
2019-10-18 14:12:15,502 [pool-423-thread-1] INFO  impl.RaftServerImpl (RaftServerImpl.java:setRole(170)) - b9378c2d-a253-4d60-8cf2-00dacb35e775@group-0E4A913EC60D: changes role from      null to FOLLOWER at term 0 for startAsFollower
2019-10-18 14:12:15,502 [pool-423-thread-1] INFO  impl.RoleInfo (RoleInfo.java:updateAndGet(143)) - b9378c2d-a253-4d60-8cf2-00dacb35e775: start FollowerState
2019-10-18 14:12:15,502 [pool-423-thread-1] INFO  util.JmxRegister (JmxRegister.java:tryRegister(44)) - Successfully registered JMX Bean with object name Ratis:service=RaftServer,group=group-0E4A913EC60D,id=b9378c2d-a253-4d60-8cf2-00dacb35e775
2019-10-18 14:12:15,506 [RatisPipelineUtilsThread] INFO  pipeline.PipelineStateManager (PipelineStateManager.java:addPipeline(56)) - Created pipeline Pipeline[ Id: 0efcd987-ebd7-4fd1-afea-0e4a913ec60d, Nodes: b9378c2d-a253-4d60-8cf2-00dacb35e775{ip: 192.168.34.61, host: pr-hdds-2280-982rn-3954796538, networkLocation: /default-rack, certSerialId: null}, Type:RATIS, Factor:ONE, State:OPEN]
2019-10-18 14:12:15,513 [grpc-default-executor-5] INFO  impl.RaftServerProxy (RaftServerProxy.java:addNew(89)) - 365e37ca-e893-4d15-87ab-c9b5f02d0ccc: addNew group-1D8498A3B05F:[365e37ca-e893-4d15-87ab-c9b5f02d0ccc:192.168.34.61:41812] returns group-1D8498A3B05F:java.util.concurrent.CompletableFuture@1b7d0bbc[Not completed]
2019-10-18 14:12:15,514 [pool-433-thread-1] INFO  impl.RaftServerImpl (RaftServerImpl.java:<init>(95)) - 365e37ca-e893-4d15-87ab-c9b5f02d0ccc: new RaftServerImpl for group-1D8498A3B05F:[365e37ca-e893-4d15-87ab-c9b5f02d0ccc:192.168.34.61:41812] with ContainerStateMachine:uninitialized
2019-10-18 14:12:15,514 [pool-433-thread-1] INFO  server.RaftServerConfigKeys (ConfUtils.java:logGet(43)) - raft.server.rpc.timeout.min = 5s (custom)
2019-10-18 14:12:15,514 [pool-433-thread-1] INFO  server.RaftServerConfigKeys (ConfUtils.java:logGet(43)) - raft.server.rpc.timeout.max = 5200ms (custom)
2019-10-18 14:12:15,515 [pool-433-thread-1] INFO  server.RaftServerConfigKeys (ConfUtils.java:logGet(43)) - raft.server.rpcslowness.timeout = 120s (custom)
2019-10-18 14:12:15,515 [pool-433-thread-1] INFO  server.RaftServerConfigKeys (ConfUtils.java:logGet(43)) - raft.server.sleep.deviation.threshold = 300 (default)
2019-10-18 14:12:15,515 [pool-433-thread-1] INFO  server.RaftServerConfigKeys (ConfUtils.java:logGet(43)) - raft.server.log.appender.install.snapshot.enabled = false (custom)
2019-10-18 14:12:15,515 [pool-433-thread-1] INFO  impl.RaftServerImpl (ServerState.java:<init>(103)) - 365e37ca-e893-4d15-87ab-c9b5f02d0ccc@group-1D8498A3B05F: ConfigurationManager, init=-1: [365e37ca-e893-4d15-87ab-c9b5f02d0ccc:192.168.34.61:41812], old=null, confs=<EMPTY_MAP>
2019-10-18 14:12:15,515 [pool-433-thread-1] INFO  server.RaftServerConfigKeys (ConfUtils.java:logGet(43)) - raft.server.storage.dir = [/workdir/hadoop-ozone/integration-test/target/test-dir/MiniOzoneClusterImpl-1b3b65e9-0d6f-42e9-b73e-0ac44ea75486/datanode-5/data/ratis] (custom)
2019-10-18 14:12:15,515 [pool-433-thread-1] INFO  server.RaftServerConfigKeys (ConfUtils.java:logGet(43)) - raft.server.log.corruption.policy = EXCEPTION (default)
2019-10-18 14:12:15,515 [pool-433-thread-1] INFO  storage.RaftStorageDirectory (RaftStorageDirectory.java:analyzeStorage(246)) - The storage directory /workdir/hadoop-ozone/integration-test/target/test-dir/MiniOzoneClusterImpl-1b3b65e9-0d6f-42e9-b73e-0ac44ea75486/datanode-5/data/ratis/aae3a711-c371-4dec-b720-1d8498a3b05f does not exist. Creating ...
2019-10-18 14:12:15,528 [main] INFO  ozone.MiniOzoneClusterImpl (MiniOzoneClusterImpl.java:lambda$waitForClusterToBeReady$0(147)) - Waiting for cluster to be ready. Got 6 of 7 DN Heartbeats.
2019-10-18 14:12:15,528 [IPC Server handler 5 on 33474] INFO  net.NetworkTopology (NetworkTopologyImpl.java:add(111)) - Added a new node: /default-rack/d67d7a8a-48fc-4760-af70-d9214651956a
2019-10-18 14:12:15,528 [IPC Server handler 5 on 33474] INFO  node.SCMNodeManager (SCMNodeManager.java:register(268)) - Registered Data node : d67d7a8a-48fc-4760-af70-d9214651956a{ip: 192.168.34.61, host: pr-hdds-2280-982rn-3954796538, networkLocation: /default-rack, certSerialId: null}
2019-10-18 14:12:15,545 [pool-433-thread-1] INFO  storage.RaftStorageDirectory (RaftStorageDirectory.java:tryLock(328)) - Lock on /workdir/hadoop-ozone/integration-test/target/test-dir/MiniOzoneClusterImpl-1b3b65e9-0d6f-42e9-b73e-0ac44ea75486/datanode-5/data/ratis/aae3a711-c371-4dec-b720-1d8498a3b05f/in_use.lock acquired by nodename 5493@pr-hdds-2280-982rn-3954796538
2019-10-18 14:12:15,571 [pool-433-thread-1] INFO  storage.RaftStorage (RaftStorage.java:format(84)) - Storage directory /workdir/hadoop-ozone/integration-test/target/test-dir/MiniOzoneClusterImpl-1b3b65e9-0d6f-42e9-b73e-0ac44ea75486/datanode-5/data/ratis/aae3a711-c371-4dec-b720-1d8498a3b05f has been successfully formatted.
2019-10-18 14:12:15,571 [pool-433-thread-1] INFO  ratis.ContainerStateMachine (ContainerStateMachine.java:loadSnapshot(231)) - group-1D8498A3B05F: The snapshot info is null. Setting the last applied indexto:(t:0, i:~)
2019-10-18 14:12:15,571 [pool-433-thread-1] INFO  server.RaftServerConfigKeys (ConfUtils.java:logGet(43)) - raft.server.notification.no-leader.timeout = 120s (custom)
2019-10-18 14:12:15,571 [pool-433-thread-1] INFO  server.RaftServerConfigKeys (ConfUtils.java:logGet(43)) - raft.server.log.use.memory = false (default)
2019-10-18 14:12:15,571 [pool-433-thread-1] INFO  server.RaftServerConfigKeys (ConfUtils.java:logGet(43)) - raft.server.log.purge.gap = 1000000 (custom)
2019-10-18 14:12:15,571 [pool-433-thread-1] INFO  server.RaftServerConfigKeys (ConfUtils.java:logGet(43)) - raft.server.log.appender.buffer.byte-limit = 33554432 (custom)
2019-10-18 14:12:15,571 [pool-433-thread-1] INFO  server.RaftServerConfigKeys (ConfUtils.java:logGet(43)) - raft.server.log.segment.size.max = 1048576 (custom)
2019-10-18 14:12:15,573 [pool-433-thread-1] INFO  server.RaftServerConfigKeys (ConfUtils.java:logGet(43)) - raft.server.log.segment.cache.num.max = 2 (custom)
2019-10-18 14:12:15,573 [pool-433-thread-1] INFO  segmented.SegmentedRaftLogWorker (SegmentedRaftLogWorker.java:<init>(173)) - new 365e37ca-e893-4d15-87ab-c9b5f02d0ccc@group-1D8498A3B05F-SegmentedRaftLogWorker for RaftStorage:Storage Directory /workdir/hadoop-ozone/integration-test/target/test-dir/MiniOzoneClusterImpl-1b3b65e9-0d6f-42e9-b73e-0ac44ea75486/datanode-5/data/ratis/aae3a711-c371-4dec-b720-1d8498a3b05f
2019-10-18 14:12:15,573 [pool-433-thread-1] INFO  server.RaftServerConfigKeys (ConfUtils.java:logGet(43)) - raft.server.log.queue.byte-limit = 2147483647 (custom)
2019-10-18 14:12:15,573 [pool-433-thread-1] INFO  server.RaftServerConfigKeys (ConfUtils.java:logGet(43)) - raft.server.log.queue.element-limit = 1024 (custom)
2019-10-18 14:12:15,573 [pool-433-thread-1] INFO  server.RaftServerConfigKeys (ConfUtils.java:logGet(43)) - raft.server.log.segment.size.max = 1048576 (custom)
2019-10-18 14:12:15,573 [pool-433-thread-1] INFO  server.RaftServerConfigKeys (ConfUtils.java:logGet(43)) - raft.server.log.preallocated.size = 16384 (custom)
2019-10-18 14:12:15,573 [pool-433-thread-1] INFO  server.RaftServerConfigKeys (ConfUtils.java:logGet(43)) - raft.server.log.write.buffer.size = 33554432 (custom)
2019-10-18 14:12:15,573 [pool-433-thread-1] INFO  server.RaftServerConfigKeys (ConfUtils.java:logGet(43)) - raft.server.log.force.sync.num = 128 (default)
2019-10-18 14:12:15,573 [pool-433-thread-1] INFO  server.RaftServerConfigKeys (ConfUtils.java:logGet(43)) - raft.server.log.statemachine.data.sync = true (default)
2019-10-18 14:12:15,573 [pool-433-thread-1] INFO  server.RaftServerConfigKeys (ConfUtils.java:logGet(43)) - raft.server.log.statemachine.data.sync.timeout = 10s (default)
2019-10-18 14:12:15,573 [pool-433-thread-1] INFO  server.RaftServerConfigKeys (ConfUtils.java:logGet(43)) - raft.server.log.statemachine.data.sync.timeout.retry = -1 (default)
2019-10-18 14:12:15,574 [pool-433-thread-1] INFO  server.RaftServerConfigKeys (ConfUtils.java:logGet(43)) - raft.server.log.statemachine.data.caching.enabled = true (custom)
2019-10-18 14:12:15,574 [pool-433-thread-1] INFO  segmented.SegmentedRaftLogWorker (SegmentedRaftLogWorker.java:lambda$new$0(128)) - 365e37ca-e893-4d15-87ab-c9b5f02d0ccc@group-1D8498A3B05F-SegmentedRaftLogWorker: flushIndex: setUnconditionally 0 -> -1
2019-10-18 14:12:15,574 [pool-433-thread-1] INFO  server.RaftServerConfigKeys (ConfUtils.java:logGet(43)) - raft.server.snapshot.auto.trigger.enabled = true (custom)
2019-10-18 14:12:15,574 [pool-433-thread-1] INFO  server.RaftServerConfigKeys (ConfUtils.java:logGet(43)) - raft.server.snapshot.auto.trigger.threshold = 10000 (custom)
2019-10-18 14:12:15,574 [pool-433-thread-1] INFO  server.RaftServerConfigKeys (ConfUtils.java:logGet(43)) - raft.server.snapshot.retention.file.num = 5 (custom)
2019-10-18 14:12:15,574 [pool-433-thread-1] INFO  server.RaftServerConfigKeys (ConfUtils.java:logGet(43)) - raft.server.retrycache.expirytime = 600000ms (custom)
2019-10-18 14:12:15,576 [pool-433-thread-1] INFO  impl.RaftServerImpl (RaftServerImpl.java:start(181)) - 365e37ca-e893-4d15-87ab-c9b5f02d0ccc@group-1D8498A3B05F: start as a follower, conf=-1: [365e37ca-e893-4d15-87ab-c9b5f02d0ccc:192.168.34.61:41812], old=null
2019-10-18 14:12:15,576 [pool-433-thread-1] INFO  impl.RaftServerImpl (RaftServerImpl.java:setRole(170)) - 365e37ca-e893-4d15-87ab-c9b5f02d0ccc@group-1D8498A3B05F: changes role from      null to FOLLOWER at term 0 for startAsFollower
2019-10-18 14:12:15,576 [pool-433-thread-1] INFO  impl.RoleInfo (RoleInfo.java:updateAndGet(143)) - 365e37ca-e893-4d15-87ab-c9b5f02d0ccc: start FollowerState
2019-10-18 14:12:15,576 [pool-433-thread-1] INFO  util.JmxRegister (JmxRegister.java:tryRegister(44)) - Successfully registered JMX Bean with object name Ratis:service=RaftServer,group=group-1D8498A3B05F,id=365e37ca-e893-4d15-87ab-c9b5f02d0ccc
2019-10-18 14:12:15,579 [RatisPipelineUtilsThread] INFO  pipeline.PipelineStateManager (PipelineStateManager.java:addPipeline(56)) - Created pipeline Pipeline[ Id: aae3a711-c371-4dec-b720-1d8498a3b05f, Nodes: 365e37ca-e893-4d15-87ab-c9b5f02d0ccc{ip: 192.168.34.61, host: pr-hdds-2280-982rn-3954796538, networkLocation: /default-rack, certSerialId: null}, Type:RATIS, Factor:ONE, State:OPEN]
2019-10-18 14:12:15,586 [grpc-default-executor-5] INFO  impl.RaftServerProxy (RaftServerProxy.java:addNew(89)) - d67d7a8a-48fc-4760-af70-d9214651956a: addNew group-6B46B5962739:[d67d7a8a-48fc-4760-af70-d9214651956a:192.168.34.61:44353] returns group-6B46B5962739:java.util.concurrent.CompletableFuture@461e0b21[Not completed]
2019-10-18 14:12:15,587 [pool-443-thread-1] INFO  impl.RaftServerImpl (RaftServerImpl.java:<init>(95)) - d67d7a8a-48fc-4760-af70-d9214651956a: new RaftServerImpl for group-6B46B5962739:[d67d7a8a-48fc-4760-af70-d9214651956a:192.168.34.61:44353] with ContainerStateMachine:uninitialized
2019-10-18 14:12:15,587 [pool-443-thread-1] INFO  server.RaftServerConfigKeys (ConfUtils.java:logGet(43)) - raft.server.rpc.timeout.min = 5s (custom)
2019-10-18 14:12:15,587 [pool-443-thread-1] INFO  server.RaftServerConfigKeys (ConfUtils.java:logGet(43)) - raft.server.rpc.timeout.max = 5200ms (custom)
2019-10-18 14:12:15,587 [pool-443-thread-1] INFO  server.RaftServerConfigKeys (ConfUtils.java:logGet(43)) - raft.server.rpcslowness.timeout = 120s (custom)
2019-10-18 14:12:15,587 [pool-443-thread-1] INFO  server.RaftServerConfigKeys (ConfUtils.java:logGet(43)) - raft.server.sleep.deviation.threshold = 300 (default)
2019-10-18 14:12:15,587 [pool-443-thread-1] INFO  server.RaftServerConfigKeys (ConfUtils.java:logGet(43)) - raft.server.log.appender.install.snapshot.enabled = false (custom)
2019-10-18 14:12:15,587 [pool-443-thread-1] INFO  impl.RaftServerImpl (ServerState.java:<init>(103)) - d67d7a8a-48fc-4760-af70-d9214651956a@group-6B46B5962739: ConfigurationManager, init=-1: [d67d7a8a-48fc-4760-af70-d9214651956a:192.168.34.61:44353], old=null, confs=<EMPTY_MAP>
2019-10-18 14:12:15,587 [pool-443-thread-1] INFO  server.RaftServerConfigKeys (ConfUtils.java:logGet(43)) - raft.server.storage.dir = [/workdir/hadoop-ozone/integration-test/target/test-dir/MiniOzoneClusterImpl-1b3b65e9-0d6f-42e9-b73e-0ac44ea75486/datanode-6/data/ratis] (custom)
2019-10-18 14:12:15,588 [pool-443-thread-1] INFO  server.RaftServerConfigKeys (ConfUtils.java:logGet(43)) - raft.server.log.corruption.policy = EXCEPTION (default)
2019-10-18 14:12:15,588 [pool-443-thread-1] INFO  storage.RaftStorageDirectory (RaftStorageDirectory.java:analyzeStorage(246)) - The storage directory /workdir/hadoop-ozone/integration-test/target/test-dir/MiniOzoneClusterImpl-1b3b65e9-0d6f-42e9-b73e-0ac44ea75486/datanode-6/data/ratis/a032cc74-fd9a-467a-9e47-6b46b5962739 does not exist. Creating ...
2019-10-18 14:12:15,604 [pool-443-thread-1] INFO  storage.RaftStorageDirectory (RaftStorageDirectory.java:tryLock(328)) - Lock on /workdir/hadoop-ozone/integration-test/target/test-dir/MiniOzoneClusterImpl-1b3b65e9-0d6f-42e9-b73e-0ac44ea75486/datanode-6/data/ratis/a032cc74-fd9a-467a-9e47-6b46b5962739/in_use.lock acquired by nodename 5493@pr-hdds-2280-982rn-3954796538
2019-10-18 14:12:15,631 [pool-443-thread-1] INFO  storage.RaftStorage (RaftStorage.java:format(84)) - Storage directory /workdir/hadoop-ozone/integration-test/target/test-dir/MiniOzoneClusterImpl-1b3b65e9-0d6f-42e9-b73e-0ac44ea75486/datanode-6/data/ratis/a032cc74-fd9a-467a-9e47-6b46b5962739 has been successfully formatted.
2019-10-18 14:12:15,631 [pool-443-thread-1] INFO  ratis.ContainerStateMachine (ContainerStateMachine.java:loadSnapshot(231)) - group-6B46B5962739: The snapshot info is null. Setting the last applied indexto:(t:0, i:~)
2019-10-18 14:12:15,632 [pool-443-thread-1] INFO  server.RaftServerConfigKeys (ConfUtils.java:logGet(43)) - raft.server.notification.no-leader.timeout = 120s (custom)
2019-10-18 14:12:15,632 [pool-443-thread-1] INFO  server.RaftServerConfigKeys (ConfUtils.java:logGet(43)) - raft.server.log.use.memory = false (default)
2019-10-18 14:12:15,632 [pool-443-thread-1] INFO  server.RaftServerConfigKeys (ConfUtils.java:logGet(43)) - raft.server.log.purge.gap = 1000000 (custom)
2019-10-18 14:12:15,632 [pool-443-thread-1] INFO  server.RaftServerConfigKeys (ConfUtils.java:logGet(43)) - raft.server.log.appender.buffer.byte-limit = 33554432 (custom)
2019-10-18 14:12:15,632 [pool-443-thread-1] INFO  server.RaftServerConfigKeys (ConfUtils.java:logGet(43)) - raft.server.log.segment.size.max = 1048576 (custom)
2019-10-18 14:12:15,633 [pool-443-thread-1] INFO  server.RaftServerConfigKeys (ConfUtils.java:logGet(43)) - raft.server.log.segment.cache.num.max = 2 (custom)
2019-10-18 14:12:15,633 [pool-443-thread-1] INFO  segmented.SegmentedRaftLogWorker (SegmentedRaftLogWorker.java:<init>(173)) - new d67d7a8a-48fc-4760-af70-d9214651956a@group-6B46B5962739-SegmentedRaftLogWorker for RaftStorage:Storage Directory /workdir/hadoop-ozone/integration-test/target/test-dir/MiniOzoneClusterImpl-1b3b65e9-0d6f-42e9-b73e-0ac44ea75486/datanode-6/data/ratis/a032cc74-fd9a-467a-9e47-6b46b5962739
2019-10-18 14:12:15,633 [pool-443-thread-1] INFO  server.RaftServerConfigKeys (ConfUtils.java:logGet(43)) - raft.server.log.queue.byte-limit = 2147483647 (custom)
2019-10-18 14:12:15,634 [pool-443-thread-1] INFO  server.RaftServerConfigKeys (ConfUtils.java:logGet(43)) - raft.server.log.queue.element-limit = 1024 (custom)
2019-10-18 14:12:15,634 [pool-443-thread-1] INFO  server.RaftServerConfigKeys (ConfUtils.java:logGet(43)) - raft.server.log.segment.size.max = 1048576 (custom)
2019-10-18 14:12:15,634 [pool-443-thread-1] INFO  server.RaftServerConfigKeys (ConfUtils.java:logGet(43)) - raft.server.log.preallocated.size = 16384 (custom)
2019-10-18 14:12:15,634 [pool-443-thread-1] INFO  server.RaftServerConfigKeys (ConfUtils.java:logGet(43)) - raft.server.log.write.buffer.size = 33554432 (custom)
2019-10-18 14:12:15,634 [pool-443-thread-1] INFO  server.RaftServerConfigKeys (ConfUtils.java:logGet(43)) - raft.server.log.force.sync.num = 128 (default)
2019-10-18 14:12:15,634 [pool-443-thread-1] INFO  server.RaftServerConfigKeys (ConfUtils.java:logGet(43)) - raft.server.log.statemachine.data.sync = true (default)
2019-10-18 14:12:15,634 [pool-443-thread-1] INFO  server.RaftServerConfigKeys (ConfUtils.java:logGet(43)) - raft.server.log.statemachine.data.sync.timeout = 10s (default)
2019-10-18 14:12:15,634 [pool-443-thread-1] INFO  server.RaftServerConfigKeys (ConfUtils.java:logGet(43)) - raft.server.log.statemachine.data.sync.timeout.retry = -1 (default)
2019-10-18 14:12:15,635 [pool-443-thread-1] INFO  server.RaftServerConfigKeys (ConfUtils.java:logGet(43)) - raft.server.log.statemachine.data.caching.enabled = true (custom)
2019-10-18 14:12:15,635 [pool-443-thread-1] INFO  segmented.SegmentedRaftLogWorker (SegmentedRaftLogWorker.java:lambda$new$0(128)) - d67d7a8a-48fc-4760-af70-d9214651956a@group-6B46B5962739-SegmentedRaftLogWorker: flushIndex: setUnconditionally 0 -> -1
2019-10-18 14:12:15,635 [pool-443-thread-1] INFO  server.RaftServerConfigKeys (ConfUtils.java:logGet(43)) - raft.server.snapshot.auto.trigger.enabled = true (custom)
2019-10-18 14:12:15,635 [pool-443-thread-1] INFO  server.RaftServerConfigKeys (ConfUtils.java:logGet(43)) - raft.server.snapshot.auto.trigger.threshold = 10000 (custom)
2019-10-18 14:12:15,635 [pool-443-thread-1] INFO  server.RaftServerConfigKeys (ConfUtils.java:logGet(43)) - raft.server.snapshot.retention.file.num = 5 (custom)
2019-10-18 14:12:15,635 [pool-443-thread-1] INFO  server.RaftServerConfigKeys (ConfUtils.java:logGet(43)) - raft.server.retrycache.expirytime = 600000ms (custom)
2019-10-18 14:12:15,637 [pool-443-thread-1] INFO  impl.RaftServerImpl (RaftServerImpl.java:start(181)) - d67d7a8a-48fc-4760-af70-d9214651956a@group-6B46B5962739: start as a follower, conf=-1: [d67d7a8a-48fc-4760-af70-d9214651956a:192.168.34.61:44353], old=null
2019-10-18 14:12:15,637 [pool-443-thread-1] INFO  impl.RaftServerImpl (RaftServerImpl.java:setRole(170)) - d67d7a8a-48fc-4760-af70-d9214651956a@group-6B46B5962739: changes role from      null to FOLLOWER at term 0 for startAsFollower
2019-10-18 14:12:15,637 [pool-443-thread-1] INFO  impl.RoleInfo (RoleInfo.java:updateAndGet(143)) - d67d7a8a-48fc-4760-af70-d9214651956a: start FollowerState
2019-10-18 14:12:15,637 [pool-443-thread-1] INFO  util.JmxRegister (JmxRegister.java:tryRegister(44)) - Successfully registered JMX Bean with object name Ratis:service=RaftServer,group=group-6B46B5962739,id=d67d7a8a-48fc-4760-af70-d9214651956a
2019-10-18 14:12:15,640 [RatisPipelineUtilsThread] INFO  pipeline.PipelineStateManager (PipelineStateManager.java:addPipeline(56)) - Created pipeline Pipeline[ Id: a032cc74-fd9a-467a-9e47-6b46b5962739, Nodes: d67d7a8a-48fc-4760-af70-d9214651956a{ip: 192.168.34.61, host: pr-hdds-2280-982rn-3954796538, networkLocation: /default-rack, certSerialId: null}, Type:RATIS, Factor:ONE, State:OPEN]
2019-10-18 14:12:15,660 [grpc-default-executor-6] INFO  impl.RaftServerProxy (RaftServerProxy.java:addNew(89)) - d67d7a8a-48fc-4760-af70-d9214651956a: addNew group-198FEFAAAD3B:[d67d7a8a-48fc-4760-af70-d9214651956a:192.168.34.61:44353, bfc21bf7-2b4f-46f8-acca-4e109eff9825:192.168.34.61:35859, b9378c2d-a253-4d60-8cf2-00dacb35e775:192.168.34.61:46010] returns group-198FEFAAAD3B:java.util.concurrent.CompletableFuture@66d432cf[Not completed]
2019-10-18 14:12:15,660 [grpc-default-executor-0] INFO  impl.RaftServerProxy (RaftServerProxy.java:addNew(89)) - b9378c2d-a253-4d60-8cf2-00dacb35e775: addNew group-198FEFAAAD3B:[d67d7a8a-48fc-4760-af70-d9214651956a:192.168.34.61:44353, bfc21bf7-2b4f-46f8-acca-4e109eff9825:192.168.34.61:35859, b9378c2d-a253-4d60-8cf2-00dacb35e775:192.168.34.61:46010] returns group-198FEFAAAD3B:java.util.concurrent.CompletableFuture@5a46dfb7[Not completed]
2019-10-18 14:12:15,661 [grpc-default-executor-0] INFO  impl.RaftServerProxy (RaftServerProxy.java:addNew(89)) - bfc21bf7-2b4f-46f8-acca-4e109eff9825: addNew group-198FEFAAAD3B:[d67d7a8a-48fc-4760-af70-d9214651956a:192.168.34.61:44353, bfc21bf7-2b4f-46f8-acca-4e109eff9825:192.168.34.61:35859, b9378c2d-a253-4d60-8cf2-00dacb35e775:192.168.34.61:46010] returns group-198FEFAAAD3B:java.util.concurrent.CompletableFuture@5106f1c3[Not completed]
2019-10-18 14:12:15,661 [pool-423-thread-1] INFO  impl.RaftServerImpl (RaftServerImpl.java:<init>(95)) - b9378c2d-a253-4d60-8cf2-00dacb35e775: new RaftServerImpl for group-198FEFAAAD3B:[d67d7a8a-48fc-4760-af70-d9214651956a:192.168.34.61:44353, bfc21bf7-2b4f-46f8-acca-4e109eff9825:192.168.34.61:35859, b9378c2d-a253-4d60-8cf2-00dacb35e775:192.168.34.61:46010] with ContainerStateMachine:uninitialized
2019-10-18 14:12:15,661 [pool-423-thread-1] INFO  server.RaftServerConfigKeys (ConfUtils.java:logGet(43)) - raft.server.rpc.timeout.min = 5s (custom)
2019-10-18 14:12:15,661 [pool-423-thread-1] INFO  server.RaftServerConfigKeys (ConfUtils.java:logGet(43)) - raft.server.rpc.timeout.max = 5200ms (custom)
2019-10-18 14:12:15,662 [pool-423-thread-1] INFO  server.RaftServerConfigKeys (ConfUtils.java:logGet(43)) - raft.server.rpcslowness.timeout = 120s (custom)
2019-10-18 14:12:15,662 [pool-423-thread-1] INFO  server.RaftServerConfigKeys (ConfUtils.java:logGet(43)) - raft.server.sleep.deviation.threshold = 300 (default)
2019-10-18 14:12:15,662 [pool-393-thread-1] INFO  impl.RaftServerImpl (RaftServerImpl.java:<init>(95)) - bfc21bf7-2b4f-46f8-acca-4e109eff9825: new RaftServerImpl for group-198FEFAAAD3B:[d67d7a8a-48fc-4760-af70-d9214651956a:192.168.34.61:44353, bfc21bf7-2b4f-46f8-acca-4e109eff9825:192.168.34.61:35859, b9378c2d-a253-4d60-8cf2-00dacb35e775:192.168.34.61:46010] with ContainerStateMachine:uninitialized
2019-10-18 14:12:15,662 [pool-423-thread-1] INFO  server.RaftServerConfigKeys (ConfUtils.java:logGet(43)) - raft.server.log.appender.install.snapshot.enabled = false (custom)
2019-10-18 14:12:15,662 [pool-393-thread-1] INFO  server.RaftServerConfigKeys (ConfUtils.java:logGet(43)) - raft.server.rpc.timeout.min = 5s (custom)
2019-10-18 14:12:15,662 [pool-423-thread-1] INFO  impl.RaftServerImpl (ServerState.java:<init>(103)) - b9378c2d-a253-4d60-8cf2-00dacb35e775@group-198FEFAAAD3B: ConfigurationManager, init=-1: [d67d7a8a-48fc-4760-af70-d9214651956a:192.168.34.61:44353, bfc21bf7-2b4f-46f8-acca-4e109eff9825:192.168.34.61:35859, b9378c2d-a253-4d60-8cf2-00dacb35e775:192.168.34.61:46010], old=null, confs=<EMPTY_MAP>
2019-10-18 14:12:15,662 [pool-393-thread-1] INFO  server.RaftServerConfigKeys (ConfUtils.java:logGet(43)) - raft.server.rpc.timeout.max = 5200ms (custom)
2019-10-18 14:12:15,662 [pool-423-thread-1] INFO  server.RaftServerConfigKeys (ConfUtils.java:logGet(43)) - raft.server.storage.dir = [/workdir/hadoop-ozone/integration-test/target/test-dir/MiniOzoneClusterImpl-1b3b65e9-0d6f-42e9-b73e-0ac44ea75486/datanode-4/data/ratis] (custom)
2019-10-18 14:12:15,662 [pool-443-thread-1] INFO  impl.RaftServerImpl (RaftServerImpl.java:<init>(95)) - d67d7a8a-48fc-4760-af70-d9214651956a: new RaftServerImpl for group-198FEFAAAD3B:[d67d7a8a-48fc-4760-af70-d9214651956a:192.168.34.61:44353, bfc21bf7-2b4f-46f8-acca-4e109eff9825:192.168.34.61:35859, b9378c2d-a253-4d60-8cf2-00dacb35e775:192.168.34.61:46010] with ContainerStateMachine:uninitialized
2019-10-18 14:12:15,662 [pool-393-thread-1] INFO  server.RaftServerConfigKeys (ConfUtils.java:logGet(43)) - raft.server.rpcslowness.timeout = 120s (custom)
2019-10-18 14:12:15,663 [pool-423-thread-1] INFO  server.RaftServerConfigKeys (ConfUtils.java:logGet(43)) - raft.server.log.corruption.policy = EXCEPTION (default)
2019-10-18 14:12:15,662 [pool-443-thread-1] INFO  server.RaftServerConfigKeys (ConfUtils.java:logGet(43)) - raft.server.rpc.timeout.min = 5s (custom)
2019-10-18 14:12:15,663 [pool-393-thread-1] INFO  server.RaftServerConfigKeys (ConfUtils.java:logGet(43)) - raft.server.sleep.deviation.threshold = 300 (default)
2019-10-18 14:12:15,663 [pool-443-thread-1] INFO  server.RaftServerConfigKeys (ConfUtils.java:logGet(43)) - raft.server.rpc.timeout.max = 5200ms (custom)
2019-10-18 14:12:15,663 [pool-423-thread-1] INFO  storage.RaftStorageDirectory (RaftStorageDirectory.java:analyzeStorage(246)) - The storage directory /workdir/hadoop-ozone/integration-test/target/test-dir/MiniOzoneClusterImpl-1b3b65e9-0d6f-42e9-b73e-0ac44ea75486/datanode-4/data/ratis/74e33ef0-8344-40e7-88b9-198fefaaad3b does not exist. Creating ...
2019-10-18 14:12:15,663 [pool-443-thread-1] INFO  server.RaftServerConfigKeys (ConfUtils.java:logGet(43)) - raft.server.rpcslowness.timeout = 120s (custom)
2019-10-18 14:12:15,663 [pool-393-thread-1] INFO  server.RaftServerConfigKeys (ConfUtils.java:logGet(43)) - raft.server.log.appender.install.snapshot.enabled = false (custom)
2019-10-18 14:12:15,663 [pool-443-thread-1] INFO  server.RaftServerConfigKeys (ConfUtils.java:logGet(43)) - raft.server.sleep.deviation.threshold = 300 (default)
2019-10-18 14:12:15,663 [pool-393-thread-1] INFO  impl.RaftServerImpl (ServerState.java:<init>(103)) - bfc21bf7-2b4f-46f8-acca-4e109eff9825@group-198FEFAAAD3B: ConfigurationManager, init=-1: [d67d7a8a-48fc-4760-af70-d9214651956a:192.168.34.61:44353, bfc21bf7-2b4f-46f8-acca-4e109eff9825:192.168.34.61:35859, b9378c2d-a253-4d60-8cf2-00dacb35e775:192.168.34.61:46010], old=null, confs=<EMPTY_MAP>
2019-10-18 14:12:15,663 [pool-443-thread-1] INFO  server.RaftServerConfigKeys (ConfUtils.java:logGet(43)) - raft.server.log.appender.install.snapshot.enabled = false (custom)
2019-10-18 14:12:15,663 [pool-393-thread-1] INFO  server.RaftServerConfigKeys (ConfUtils.java:logGet(43)) - raft.server.storage.dir = [/workdir/hadoop-ozone/integration-test/target/test-dir/MiniOzoneClusterImpl-1b3b65e9-0d6f-42e9-b73e-0ac44ea75486/datanode-1/data/ratis] (custom)
2019-10-18 14:12:15,663 [pool-443-thread-1] INFO  impl.RaftServerImpl (ServerState.java:<init>(103)) - d67d7a8a-48fc-4760-af70-d9214651956a@group-198FEFAAAD3B: ConfigurationManager, init=-1: [d67d7a8a-48fc-4760-af70-d9214651956a:192.168.34.61:44353, bfc21bf7-2b4f-46f8-acca-4e109eff9825:192.168.34.61:35859, b9378c2d-a253-4d60-8cf2-00dacb35e775:192.168.34.61:46010], old=null, confs=<EMPTY_MAP>
2019-10-18 14:12:15,664 [pool-393-thread-1] INFO  server.RaftServerConfigKeys (ConfUtils.java:logGet(43)) - raft.server.log.corruption.policy = EXCEPTION (default)
2019-10-18 14:12:15,664 [pool-443-thread-1] INFO  server.RaftServerConfigKeys (ConfUtils.java:logGet(43)) - raft.server.storage.dir = [/workdir/hadoop-ozone/integration-test/target/test-dir/MiniOzoneClusterImpl-1b3b65e9-0d6f-42e9-b73e-0ac44ea75486/datanode-6/data/ratis] (custom)
2019-10-18 14:12:15,664 [pool-393-thread-1] INFO  storage.RaftStorageDirectory (RaftStorageDirectory.java:analyzeStorage(246)) - The storage directory /workdir/hadoop-ozone/integration-test/target/test-dir/MiniOzoneClusterImpl-1b3b65e9-0d6f-42e9-b73e-0ac44ea75486/datanode-1/data/ratis/74e33ef0-8344-40e7-88b9-198fefaaad3b does not exist. Creating ...
2019-10-18 14:12:15,664 [pool-443-thread-1] INFO  server.RaftServerConfigKeys (ConfUtils.java:logGet(43)) - raft.server.log.corruption.policy = EXCEPTION (default)
2019-10-18 14:12:15,664 [pool-443-thread-1] INFO  storage.RaftStorageDirectory (RaftStorageDirectory.java:analyzeStorage(246)) - The storage directory /workdir/hadoop-ozone/integration-test/target/test-dir/MiniOzoneClusterImpl-1b3b65e9-0d6f-42e9-b73e-0ac44ea75486/datanode-6/data/ratis/74e33ef0-8344-40e7-88b9-198fefaaad3b does not exist. Creating ...
2019-10-18 14:12:15,699 [pool-393-thread-1] INFO  storage.RaftStorageDirectory (RaftStorageDirectory.java:tryLock(328)) - Lock on /workdir/hadoop-ozone/integration-test/target/test-dir/MiniOzoneClusterImpl-1b3b65e9-0d6f-42e9-b73e-0ac44ea75486/datanode-1/data/ratis/74e33ef0-8344-40e7-88b9-198fefaaad3b/in_use.lock acquired by nodename 5493@pr-hdds-2280-982rn-3954796538
2019-10-18 14:12:15,699 [pool-443-thread-1] INFO  storage.RaftStorageDirectory (RaftStorageDirectory.java:tryLock(328)) - Lock on /workdir/hadoop-ozone/integration-test/target/test-dir/MiniOzoneClusterImpl-1b3b65e9-0d6f-42e9-b73e-0ac44ea75486/datanode-6/data/ratis/74e33ef0-8344-40e7-88b9-198fefaaad3b/in_use.lock acquired by nodename 5493@pr-hdds-2280-982rn-3954796538
2019-10-18 14:12:15,699 [pool-423-thread-1] INFO  storage.RaftStorageDirectory (RaftStorageDirectory.java:tryLock(328)) - Lock on /workdir/hadoop-ozone/integration-test/target/test-dir/MiniOzoneClusterImpl-1b3b65e9-0d6f-42e9-b73e-0ac44ea75486/datanode-4/data/ratis/74e33ef0-8344-40e7-88b9-198fefaaad3b/in_use.lock acquired by nodename 5493@pr-hdds-2280-982rn-3954796538
2019-10-18 14:12:15,724 [pool-423-thread-1] INFO  storage.RaftStorage (RaftStorage.java:format(84)) - Storage directory /workdir/hadoop-ozone/integration-test/target/test-dir/MiniOzoneClusterImpl-1b3b65e9-0d6f-42e9-b73e-0ac44ea75486/datanode-4/data/ratis/74e33ef0-8344-40e7-88b9-198fefaaad3b has been successfully formatted.
2019-10-18 14:12:15,724 [pool-443-thread-1] INFO  storage.RaftStorage (RaftStorage.java:format(84)) - Storage directory /workdir/hadoop-ozone/integration-test/target/test-dir/MiniOzoneClusterImpl-1b3b65e9-0d6f-42e9-b73e-0ac44ea75486/datanode-6/data/ratis/74e33ef0-8344-40e7-88b9-198fefaaad3b has been successfully formatted.
2019-10-18 14:12:15,724 [pool-423-thread-1] INFO  ratis.ContainerStateMachine (ContainerStateMachine.java:loadSnapshot(231)) - group-198FEFAAAD3B: The snapshot info is null. Setting the last applied indexto:(t:0, i:~)
2019-10-18 14:12:15,724 [pool-393-thread-1] INFO  storage.RaftStorage (RaftStorage.java:format(84)) - Storage directory /workdir/hadoop-ozone/integration-test/target/test-dir/MiniOzoneClusterImpl-1b3b65e9-0d6f-42e9-b73e-0ac44ea75486/datanode-1/data/ratis/74e33ef0-8344-40e7-88b9-198fefaaad3b has been successfully formatted.
2019-10-18 14:12:15,725 [pool-423-thread-1] INFO  server.RaftServerConfigKeys (ConfUtils.java:logGet(43)) - raft.server.notification.no-leader.timeout = 120s (custom)
2019-10-18 14:12:15,724 [pool-443-thread-1] INFO  ratis.ContainerStateMachine (ContainerStateMachine.java:loadSnapshot(231)) - group-198FEFAAAD3B: The snapshot info is null. Setting the last applied indexto:(t:0, i:~)
2019-10-18 14:12:15,725 [pool-423-thread-1] INFO  server.RaftServerConfigKeys (ConfUtils.java:logGet(43)) - raft.server.log.use.memory = false (default)
2019-10-18 14:12:15,725 [pool-393-thread-1] INFO  ratis.ContainerStateMachine (ContainerStateMachine.java:loadSnapshot(231)) - group-198FEFAAAD3B: The snapshot info is null. Setting the last applied indexto:(t:0, i:~)
2019-10-18 14:12:15,725 [pool-423-thread-1] INFO  server.RaftServerConfigKeys (ConfUtils.java:logGet(43)) - raft.server.log.purge.gap = 1000000 (custom)
2019-10-18 14:12:15,725 [pool-443-thread-1] INFO  server.RaftServerConfigKeys (ConfUtils.java:logGet(43)) - raft.server.notification.no-leader.timeout = 120s (custom)
2019-10-18 14:12:15,725 [pool-423-thread-1] INFO  server.RaftServerConfigKeys (ConfUtils.java:logGet(43)) - raft.server.log.appender.buffer.byte-limit = 33554432 (custom)
2019-10-18 14:12:15,725 [pool-393-thread-1] INFO  server.RaftServerConfigKeys (ConfUtils.java:logGet(43)) - raft.server.notification.no-leader.timeout = 120s (custom)
2019-10-18 14:12:15,725 [pool-423-thread-1] INFO  server.RaftServerConfigKeys (ConfUtils.java:logGet(43)) - raft.server.log.segment.size.max = 1048576 (custom)
2019-10-18 14:12:15,725 [pool-443-thread-1] INFO  server.RaftServerConfigKeys (ConfUtils.java:logGet(43)) - raft.server.log.use.memory = false (default)
2019-10-18 14:12:15,726 [pool-423-thread-1] INFO  server.RaftServerConfigKeys (ConfUtils.java:logGet(43)) - raft.server.log.segment.cache.num.max = 2 (custom)
2019-10-18 14:12:15,726 [pool-393-thread-1] INFO  server.RaftServerConfigKeys (ConfUtils.java:logGet(43)) - raft.server.log.use.memory = false (default)
2019-10-18 14:12:15,726 [pool-423-thread-1] INFO  segmented.SegmentedRaftLogWorker (SegmentedRaftLogWorker.java:<init>(173)) - new b9378c2d-a253-4d60-8cf2-00dacb35e775@group-198FEFAAAD3B-SegmentedRaftLogWorker for RaftStorage:Storage Directory /workdir/hadoop-ozone/integration-test/target/test-dir/MiniOzoneClusterImpl-1b3b65e9-0d6f-42e9-b73e-0ac44ea75486/datanode-4/data/ratis/74e33ef0-8344-40e7-88b9-198fefaaad3b
2019-10-18 14:12:15,726 [pool-443-thread-1] INFO  server.RaftServerConfigKeys (ConfUtils.java:logGet(43)) - raft.server.log.purge.gap = 1000000 (custom)
2019-10-18 14:12:15,726 [pool-423-thread-1] INFO  server.RaftServerConfigKeys (ConfUtils.java:logGet(43)) - raft.server.log.queue.byte-limit = 2147483647 (custom)
2019-10-18 14:12:15,726 [pool-393-thread-1] INFO  server.RaftServerConfigKeys (ConfUtils.java:logGet(43)) - raft.server.log.purge.gap = 1000000 (custom)
2019-10-18 14:12:15,726 [pool-423-thread-1] INFO  server.RaftServerConfigKeys (ConfUtils.java:logGet(43)) - raft.server.log.queue.element-limit = 1024 (custom)
2019-10-18 14:12:15,726 [pool-443-thread-1] INFO  server.RaftServerConfigKeys (ConfUtils.java:logGet(43)) - raft.server.log.appender.buffer.byte-limit = 33554432 (custom)
2019-10-18 14:12:15,727 [pool-423-thread-1] INFO  server.RaftServerConfigKeys (ConfUtils.java:logGet(43)) - raft.server.log.segment.size.max = 1048576 (custom)
2019-10-18 14:12:15,727 [pool-393-thread-1] INFO  server.RaftServerConfigKeys (ConfUtils.java:logGet(43)) - raft.server.log.appender.buffer.byte-limit = 33554432 (custom)
2019-10-18 14:12:15,727 [pool-423-thread-1] INFO  server.RaftServerConfigKeys (ConfUtils.java:logGet(43)) - raft.server.log.preallocated.size = 16384 (custom)
2019-10-18 14:12:15,727 [pool-443-thread-1] INFO  server.RaftServerConfigKeys (ConfUtils.java:logGet(43)) - raft.server.log.segment.size.max = 1048576 (custom)
2019-10-18 14:12:15,727 [pool-423-thread-1] INFO  server.RaftServerConfigKeys (ConfUtils.java:logGet(43)) - raft.server.log.write.buffer.size = 33554432 (custom)
2019-10-18 14:12:15,727 [pool-393-thread-1] INFO  server.RaftServerConfigKeys (ConfUtils.java:logGet(43)) - raft.server.log.segment.size.max = 1048576 (custom)
2019-10-18 14:12:15,727 [pool-423-thread-1] INFO  server.RaftServerConfigKeys (ConfUtils.java:logGet(43)) - raft.server.log.force.sync.num = 128 (default)
2019-10-18 14:12:15,727 [pool-443-thread-1] INFO  server.RaftServerConfigKeys (ConfUtils.java:logGet(43)) - raft.server.log.segment.cache.num.max = 2 (custom)
2019-10-18 14:12:15,728 [pool-423-thread-1] INFO  server.RaftServerConfigKeys (ConfUtils.java:logGet(43)) - raft.server.log.statemachine.data.sync = true (default)
2019-10-18 14:12:15,728 [pool-393-thread-1] INFO  server.RaftServerConfigKeys (ConfUtils.java:logGet(43)) - raft.server.log.segment.cache.num.max = 2 (custom)
2019-10-18 14:12:15,728 [pool-423-thread-1] INFO  server.RaftServerConfigKeys (ConfUtils.java:logGet(43)) - raft.server.log.statemachine.data.sync.timeout = 10s (default)
2019-10-18 14:12:15,728 [pool-443-thread-1] INFO  segmented.SegmentedRaftLogWorker (SegmentedRaftLogWorker.java:<init>(173)) - new d67d7a8a-48fc-4760-af70-d9214651956a@group-198FEFAAAD3B-SegmentedRaftLogWorker for RaftStorage:Storage Directory /workdir/hadoop-ozone/integration-test/target/test-dir/MiniOzoneClusterImpl-1b3b65e9-0d6f-42e9-b73e-0ac44ea75486/datanode-6/data/ratis/74e33ef0-8344-40e7-88b9-198fefaaad3b
2019-10-18 14:12:15,728 [pool-423-thread-1] INFO  server.RaftServerConfigKeys (ConfUtils.java:logGet(43)) - raft.server.log.statemachine.data.sync.timeout.retry = -1 (default)
2019-10-18 14:12:15,728 [pool-393-thread-1] INFO  segmented.SegmentedRaftLogWorker (SegmentedRaftLogWorker.java:<init>(173)) - new bfc21bf7-2b4f-46f8-acca-4e109eff9825@group-198FEFAAAD3B-SegmentedRaftLogWorker for RaftStorage:Storage Directory /workdir/hadoop-ozone/integration-test/target/test-dir/MiniOzoneClusterImpl-1b3b65e9-0d6f-42e9-b73e-0ac44ea75486/datanode-1/data/ratis/74e33ef0-8344-40e7-88b9-198fefaaad3b
2019-10-18 14:12:15,729 [pool-423-thread-1] INFO  server.RaftServerConfigKeys (ConfUtils.java:logGet(43)) - raft.server.log.statemachine.data.caching.enabled = true (custom)
2019-10-18 14:12:15,728 [pool-443-thread-1] INFO  server.RaftServerConfigKeys (ConfUtils.java:logGet(43)) - raft.server.log.queue.byte-limit = 2147483647 (custom)
2019-10-18 14:12:15,729 [pool-393-thread-1] INFO  server.RaftServerConfigKeys (ConfUtils.java:logGet(43)) - raft.server.log.queue.byte-limit = 2147483647 (custom)
2019-10-18 14:12:15,729 [pool-423-thread-1] INFO  segmented.SegmentedRaftLogWorker (SegmentedRaftLogWorker.java:lambda$new$0(128)) - b9378c2d-a253-4d60-8cf2-00dacb35e775@group-198FEFAAAD3B-SegmentedRaftLogWorker: flushIndex: setUnconditionally 0 -> -1
2019-10-18 14:12:15,729 [pool-443-thread-1] INFO  server.RaftServerConfigKeys (ConfUtils.java:logGet(43)) - raft.server.log.queue.element-limit = 1024 (custom)
2019-10-18 14:12:15,729 [pool-393-thread-1] INFO  server.RaftServerConfigKeys (ConfUtils.java:logGet(43)) - raft.server.log.queue.element-limit = 1024 (custom)
2019-10-18 14:12:15,729 [pool-423-thread-1] INFO  server.RaftServerConfigKeys (ConfUtils.java:logGet(43)) - raft.server.snapshot.auto.trigger.enabled = true (custom)
2019-10-18 14:12:15,729 [pool-393-thread-1] INFO  server.RaftServerConfigKeys (ConfUtils.java:logGet(43)) - raft.server.log.segment.size.max = 1048576 (custom)
2019-10-18 14:12:15,729 [pool-443-thread-1] INFO  server.RaftServerConfigKeys (ConfUtils.java:logGet(43)) - raft.server.log.segment.size.max = 1048576 (custom)
2019-10-18 14:12:15,730 [pool-393-thread-1] INFO  server.RaftServerConfigKeys (ConfUtils.java:logGet(43)) - raft.server.log.preallocated.size = 16384 (custom)
2019-10-18 14:12:15,729 [pool-423-thread-1] INFO  server.RaftServerConfigKeys (ConfUtils.java:logGet(43)) - raft.server.snapshot.auto.trigger.threshold = 10000 (custom)
2019-10-18 14:12:15,730 [pool-393-thread-1] INFO  server.RaftServerConfigKeys (ConfUtils.java:logGet(43)) - raft.server.log.write.buffer.size = 33554432 (custom)
2019-10-18 14:12:15,730 [pool-443-thread-1] INFO  server.RaftServerConfigKeys (ConfUtils.java:logGet(43)) - raft.server.log.preallocated.size = 16384 (custom)
2019-10-18 14:12:15,730 [pool-393-thread-1] INFO  server.RaftServerConfigKeys (ConfUtils.java:logGet(43)) - raft.server.log.force.sync.num = 128 (default)
2019-10-18 14:12:15,730 [pool-423-thread-1] INFO  server.RaftServerConfigKeys (ConfUtils.java:logGet(43)) - raft.server.snapshot.retention.file.num = 5 (custom)
2019-10-18 14:12:15,730 [pool-393-thread-1] INFO  server.RaftServerConfigKeys (ConfUtils.java:logGet(43)) - raft.server.log.statemachine.data.sync = true (default)
2019-10-18 14:12:15,730 [pool-443-thread-1] INFO  server.RaftServerConfigKeys (ConfUtils.java:logGet(43)) - raft.server.log.write.buffer.size = 33554432 (custom)
2019-10-18 14:12:15,731 [pool-393-thread-1] INFO  server.RaftServerConfigKeys (ConfUtils.java:logGet(43)) - raft.server.log.statemachine.data.sync.timeout = 10s (default)
2019-10-18 14:12:15,730 [pool-423-thread-1] INFO  server.RaftServerConfigKeys (ConfUtils.java:logGet(43)) - raft.server.retrycache.expirytime = 600000ms (custom)
2019-10-18 14:12:15,731 [pool-393-thread-1] INFO  server.RaftServerConfigKeys (ConfUtils.java:logGet(43)) - raft.server.log.statemachine.data.sync.timeout.retry = -1 (default)
2019-10-18 14:12:15,731 [pool-443-thread-1] INFO  server.RaftServerConfigKeys (ConfUtils.java:logGet(43)) - raft.server.log.force.sync.num = 128 (default)
2019-10-18 14:12:15,731 [pool-393-thread-1] INFO  server.RaftServerConfigKeys (ConfUtils.java:logGet(43)) - raft.server.log.statemachine.data.caching.enabled = true (custom)
2019-10-18 14:12:15,731 [pool-443-thread-1] INFO  server.RaftServerConfigKeys (ConfUtils.java:logGet(43)) - raft.server.log.statemachine.data.sync = true (default)
2019-10-18 14:12:15,731 [pool-393-thread-1] INFO  segmented.SegmentedRaftLogWorker (SegmentedRaftLogWorker.java:lambda$new$0(128)) - bfc21bf7-2b4f-46f8-acca-4e109eff9825@group-198FEFAAAD3B-SegmentedRaftLogWorker: flushIndex: setUnconditionally 0 -> -1
2019-10-18 14:12:15,731 [pool-443-thread-1] INFO  server.RaftServerConfigKeys (ConfUtils.java:logGet(43)) - raft.server.log.statemachine.data.sync.timeout = 10s (default)
2019-10-18 14:12:15,732 [pool-443-thread-1] INFO  server.RaftServerConfigKeys (ConfUtils.java:logGet(43)) - raft.server.log.statemachine.data.sync.timeout.retry = -1 (default)
2019-10-18 14:12:15,732 [pool-393-thread-1] INFO  server.RaftServerConfigKeys (ConfUtils.java:logGet(43)) - raft.server.snapshot.auto.trigger.enabled = true (custom)
2019-10-18 14:12:15,732 [pool-443-thread-1] INFO  server.RaftServerConfigKeys (ConfUtils.java:logGet(43)) - raft.server.log.statemachine.data.caching.enabled = true (custom)
2019-10-18 14:12:15,732 [pool-393-thread-1] INFO  server.RaftServerConfigKeys (ConfUtils.java:logGet(43)) - raft.server.snapshot.auto.trigger.threshold = 10000 (custom)
2019-10-18 14:12:15,732 [pool-393-thread-1] INFO  server.RaftServerConfigKeys (ConfUtils.java:logGet(43)) - raft.server.snapshot.retention.file.num = 5 (custom)
2019-10-18 14:12:15,732 [pool-443-thread-1] INFO  segmented.SegmentedRaftLogWorker (SegmentedRaftLogWorker.java:lambda$new$0(128)) - d67d7a8a-48fc-4760-af70-d9214651956a@group-198FEFAAAD3B-SegmentedRaftLogWorker: flushIndex: setUnconditionally 0 -> -1
2019-10-18 14:12:15,732 [pool-393-thread-1] INFO  server.RaftServerConfigKeys (ConfUtils.java:logGet(43)) - raft.server.retrycache.expirytime = 600000ms (custom)
2019-10-18 14:12:15,732 [pool-423-thread-1] INFO  impl.RaftServerImpl (RaftServerImpl.java:start(181)) - b9378c2d-a253-4d60-8cf2-00dacb35e775@group-198FEFAAAD3B: start as a follower, conf=-1: [d67d7a8a-48fc-4760-af70-d9214651956a:192.168.34.61:44353, bfc21bf7-2b4f-46f8-acca-4e109eff9825:192.168.34.61:35859, b9378c2d-a253-4d60-8cf2-00dacb35e775:192.168.34.61:46010], old=null
2019-10-18 14:12:15,733 [pool-443-thread-1] INFO  server.RaftServerConfigKeys (ConfUtils.java:logGet(43)) - raft.server.snapshot.auto.trigger.enabled = true (custom)
2019-10-18 14:12:15,733 [pool-423-thread-1] INFO  impl.RaftServerImpl (RaftServerImpl.java:setRole(170)) - b9378c2d-a253-4d60-8cf2-00dacb35e775@group-198FEFAAAD3B: changes role from      null to FOLLOWER at term 0 for startAsFollower
2019-10-18 14:12:15,733 [pool-443-thread-1] INFO  server.RaftServerConfigKeys (ConfUtils.java:logGet(43)) - raft.server.snapshot.auto.trigger.threshold = 10000 (custom)
2019-10-18 14:12:15,733 [pool-443-thread-1] INFO  server.RaftServerConfigKeys (ConfUtils.java:logGet(43)) - raft.server.snapshot.retention.file.num = 5 (custom)
2019-10-18 14:12:15,733 [pool-423-thread-1] INFO  impl.RoleInfo (RoleInfo.java:updateAndGet(143)) - b9378c2d-a253-4d60-8cf2-00dacb35e775: start FollowerState
2019-10-18 14:12:15,733 [pool-443-thread-1] INFO  server.RaftServerConfigKeys (ConfUtils.java:logGet(43)) - raft.server.retrycache.expirytime = 600000ms (custom)
2019-10-18 14:12:15,733 [pool-423-thread-1] INFO  util.JmxRegister (JmxRegister.java:tryRegister(44)) - Successfully registered JMX Bean with object name Ratis:service=RaftServer,group=group-198FEFAAAD3B,id=b9378c2d-a253-4d60-8cf2-00dacb35e775
2019-10-18 14:12:15,735 [pool-393-thread-1] INFO  impl.RaftServerImpl (RaftServerImpl.java:start(181)) - bfc21bf7-2b4f-46f8-acca-4e109eff9825@group-198FEFAAAD3B: start as a follower, conf=-1: [d67d7a8a-48fc-4760-af70-d9214651956a:192.168.34.61:44353, bfc21bf7-2b4f-46f8-acca-4e109eff9825:192.168.34.61:35859, b9378c2d-a253-4d60-8cf2-00dacb35e775:192.168.34.61:46010], old=null
2019-10-18 14:12:15,735 [pool-393-thread-1] INFO  impl.RaftServerImpl (RaftServerImpl.java:setRole(170)) - bfc21bf7-2b4f-46f8-acca-4e109eff9825@group-198FEFAAAD3B: changes role from      null to FOLLOWER at term 0 for startAsFollower
2019-10-18 14:12:15,736 [pool-393-thread-1] INFO  impl.RoleInfo (RoleInfo.java:updateAndGet(143)) - bfc21bf7-2b4f-46f8-acca-4e109eff9825: start FollowerState
2019-10-18 14:12:15,736 [pool-393-thread-1] INFO  util.JmxRegister (JmxRegister.java:tryRegister(44)) - Successfully registered JMX Bean with object name Ratis:service=RaftServer,group=group-198FEFAAAD3B,id=bfc21bf7-2b4f-46f8-acca-4e109eff9825
2019-10-18 14:12:15,736 [pool-443-thread-1] INFO  impl.RaftServerImpl (RaftServerImpl.java:start(181)) - d67d7a8a-48fc-4760-af70-d9214651956a@group-198FEFAAAD3B: start as a follower, conf=-1: [d67d7a8a-48fc-4760-af70-d9214651956a:192.168.34.61:44353, bfc21bf7-2b4f-46f8-acca-4e109eff9825:192.168.34.61:35859, b9378c2d-a253-4d60-8cf2-00dacb35e775:192.168.34.61:46010], old=null
2019-10-18 14:12:15,736 [pool-443-thread-1] INFO  impl.RaftServerImpl (RaftServerImpl.java:setRole(170)) - d67d7a8a-48fc-4760-af70-d9214651956a@group-198FEFAAAD3B: changes role from      null to FOLLOWER at term 0 for startAsFollower
2019-10-18 14:12:15,737 [pool-443-thread-1] INFO  impl.RoleInfo (RoleInfo.java:updateAndGet(143)) - d67d7a8a-48fc-4760-af70-d9214651956a: start FollowerState
2019-10-18 14:12:15,737 [pool-443-thread-1] INFO  util.JmxRegister (JmxRegister.java:tryRegister(44)) - Successfully registered JMX Bean with object name Ratis:service=RaftServer,group=group-198FEFAAAD3B,id=d67d7a8a-48fc-4760-af70-d9214651956a
2019-10-18 14:12:15,742 [RatisPipelineUtilsThread] INFO  pipeline.PipelineStateManager (PipelineStateManager.java:addPipeline(56)) - Created pipeline Pipeline[ Id: 74e33ef0-8344-40e7-88b9-198fefaaad3b, Nodes: b9378c2d-a253-4d60-8cf2-00dacb35e775{ip: 192.168.34.61, host: pr-hdds-2280-982rn-3954796538, networkLocation: /default-rack, certSerialId: null}d67d7a8a-48fc-4760-af70-d9214651956a{ip: 192.168.34.61, host: pr-hdds-2280-982rn-3954796538, networkLocation: /default-rack, certSerialId: null}bfc21bf7-2b4f-46f8-acca-4e109eff9825{ip: 192.168.34.61, host: pr-hdds-2280-982rn-3954796538, networkLocation: /default-rack, certSerialId: null}, Type:RATIS, Factor:THREE, State:OPEN]
2019-10-18 14:12:15,752 [grpc-default-executor-5] INFO  impl.RaftServerProxy (RaftServerProxy.java:addNew(89)) - b327581a-11bf-47b7-ad89-db9698439853: addNew group-0E15B5F858CC:[b327581a-11bf-47b7-ad89-db9698439853:192.168.34.61:44678, 365e37ca-e893-4d15-87ab-c9b5f02d0ccc:192.168.34.61:41812, a32a8728-bc1a-4e0e-a06f-c1ac404caa5a:192.168.34.61:43269] returns group-0E15B5F858CC:java.util.concurrent.CompletableFuture@706060f0[Not completed]
2019-10-18 14:12:15,753 [grpc-default-executor-5] INFO  impl.RaftServerProxy (RaftServerProxy.java:addNew(89)) - 365e37ca-e893-4d15-87ab-c9b5f02d0ccc: addNew group-0E15B5F858CC:[b327581a-11bf-47b7-ad89-db9698439853:192.168.34.61:44678, 365e37ca-e893-4d15-87ab-c9b5f02d0ccc:192.168.34.61:41812, a32a8728-bc1a-4e0e-a06f-c1ac404caa5a:192.168.34.61:43269] returns group-0E15B5F858CC:java.util.concurrent.CompletableFuture@46112ade[Not completed]
2019-10-18 14:12:15,754 [pool-403-thread-1] INFO  impl.RaftServerImpl (RaftServerImpl.java:<init>(95)) - b327581a-11bf-47b7-ad89-db9698439853: new RaftServerImpl for group-0E15B5F858CC:[b327581a-11bf-47b7-ad89-db9698439853:192.168.34.61:44678, 365e37ca-e893-4d15-87ab-c9b5f02d0ccc:192.168.34.61:41812, a32a8728-bc1a-4e0e-a06f-c1ac404caa5a:192.168.34.61:43269] with ContainerStateMachine:uninitialized
2019-10-18 14:12:15,755 [pool-403-thread-1] INFO  server.RaftServerConfigKeys (ConfUtils.java:logGet(43)) - raft.server.rpc.timeout.min = 5s (custom)
2019-10-18 14:12:15,755 [pool-403-thread-1] INFO  server.RaftServerConfigKeys (ConfUtils.java:logGet(43)) - raft.server.rpc.timeout.max = 5200ms (custom)
2019-10-18 14:12:15,755 [pool-403-thread-1] INFO  server.RaftServerConfigKeys (ConfUtils.java:logGet(43)) - raft.server.rpcslowness.timeout = 120s (custom)
2019-10-18 14:12:15,755 [pool-403-thread-1] INFO  server.RaftServerConfigKeys (ConfUtils.java:logGet(43)) - raft.server.sleep.deviation.threshold = 300 (default)
2019-10-18 14:12:15,755 [pool-403-thread-1] INFO  server.RaftServerConfigKeys (ConfUtils.java:logGet(43)) - raft.server.log.appender.install.snapshot.enabled = false (custom)
2019-10-18 14:12:15,755 [grpc-default-executor-5] INFO  impl.RaftServerProxy (RaftServerProxy.java:addNew(89)) - a32a8728-bc1a-4e0e-a06f-c1ac404caa5a: addNew group-0E15B5F858CC:[b327581a-11bf-47b7-ad89-db9698439853:192.168.34.61:44678, 365e37ca-e893-4d15-87ab-c9b5f02d0ccc:192.168.34.61:41812, a32a8728-bc1a-4e0e-a06f-c1ac404caa5a:192.168.34.61:43269] returns group-0E15B5F858CC:java.util.concurrent.CompletableFuture@1d42dad9[Not completed]
2019-10-18 14:12:15,756 [pool-403-thread-1] INFO  impl.RaftServerImpl (ServerState.java:<init>(103)) - b327581a-11bf-47b7-ad89-db9698439853@group-0E15B5F858CC: ConfigurationManager, init=-1: [b327581a-11bf-47b7-ad89-db9698439853:192.168.34.61:44678, 365e37ca-e893-4d15-87ab-c9b5f02d0ccc:192.168.34.61:41812, a32a8728-bc1a-4e0e-a06f-c1ac404caa5a:192.168.34.61:43269], old=null, confs=<EMPTY_MAP>
2019-10-18 14:12:15,756 [pool-433-thread-1] INFO  impl.RaftServerImpl (RaftServerImpl.java:<init>(95)) - 365e37ca-e893-4d15-87ab-c9b5f02d0ccc: new RaftServerImpl for group-0E15B5F858CC:[b327581a-11bf-47b7-ad89-db9698439853:192.168.34.61:44678, 365e37ca-e893-4d15-87ab-c9b5f02d0ccc:192.168.34.61:41812, a32a8728-bc1a-4e0e-a06f-c1ac404caa5a:192.168.34.61:43269] with ContainerStateMachine:uninitialized
2019-10-18 14:12:15,756 [pool-403-thread-1] INFO  server.RaftServerConfigKeys (ConfUtils.java:logGet(43)) - raft.server.storage.dir = [/workdir/hadoop-ozone/integration-test/target/test-dir/MiniOzoneClusterImpl-1b3b65e9-0d6f-42e9-b73e-0ac44ea75486/datanode-2/data/ratis] (custom)
2019-10-18 14:12:15,756 [pool-433-thread-1] INFO  server.RaftServerConfigKeys (ConfUtils.java:logGet(43)) - raft.server.rpc.timeout.min = 5s (custom)
2019-10-18 14:12:15,756 [pool-433-thread-1] INFO  server.RaftServerConfigKeys (ConfUtils.java:logGet(43)) - raft.server.rpc.timeout.max = 5200ms (custom)
2019-10-18 14:12:15,756 [pool-403-thread-1] INFO  server.RaftServerConfigKeys (ConfUtils.java:logGet(43)) - raft.server.log.corruption.policy = EXCEPTION (default)
2019-10-18 14:12:15,756 [pool-433-thread-1] INFO  server.RaftServerConfigKeys (ConfUtils.java:logGet(43)) - raft.server.rpcslowness.timeout = 120s (custom)
2019-10-18 14:12:15,756 [pool-403-thread-1] INFO  storage.RaftStorageDirectory (RaftStorageDirectory.java:analyzeStorage(246)) - The storage directory /workdir/hadoop-ozone/integration-test/target/test-dir/MiniOzoneClusterImpl-1b3b65e9-0d6f-42e9-b73e-0ac44ea75486/datanode-2/data/ratis/004c73f7-c840-42b5-9109-0e15b5f858cc does not exist. Creating ...
2019-10-18 14:12:15,756 [pool-413-thread-1] INFO  impl.RaftServerImpl (RaftServerImpl.java:<init>(95)) - a32a8728-bc1a-4e0e-a06f-c1ac404caa5a: new RaftServerImpl for group-0E15B5F858CC:[b327581a-11bf-47b7-ad89-db9698439853:192.168.34.61:44678, 365e37ca-e893-4d15-87ab-c9b5f02d0ccc:192.168.34.61:41812, a32a8728-bc1a-4e0e-a06f-c1ac404caa5a:192.168.34.61:43269] with ContainerStateMachine:uninitialized
2019-10-18 14:12:15,756 [pool-433-thread-1] INFO  server.RaftServerConfigKeys (ConfUtils.java:logGet(43)) - raft.server.sleep.deviation.threshold = 300 (default)
2019-10-18 14:12:15,756 [pool-413-thread-1] INFO  server.RaftServerConfigKeys (ConfUtils.java:logGet(43)) - raft.server.rpc.timeout.min = 5s (custom)
2019-10-18 14:12:15,757 [pool-433-thread-1] INFO  server.RaftServerConfigKeys (ConfUtils.java:logGet(43)) - raft.server.log.appender.install.snapshot.enabled = false (custom)
2019-10-18 14:12:15,757 [pool-413-thread-1] INFO  server.RaftServerConfigKeys (ConfUtils.java:logGet(43)) - raft.server.rpc.timeout.max = 5200ms (custom)
2019-10-18 14:12:15,757 [pool-433-thread-1] INFO  impl.RaftServerImpl (ServerState.java:<init>(103)) - 365e37ca-e893-4d15-87ab-c9b5f02d0ccc@group-0E15B5F858CC: ConfigurationManager, init=-1: [b327581a-11bf-47b7-ad89-db9698439853:192.168.34.61:44678, 365e37ca-e893-4d15-87ab-c9b5f02d0ccc:192.168.34.61:41812, a32a8728-bc1a-4e0e-a06f-c1ac404caa5a:192.168.34.61:43269], old=null, confs=<EMPTY_MAP>
2019-10-18 14:12:15,757 [pool-413-thread-1] INFO  server.RaftServerConfigKeys (ConfUtils.java:logGet(43)) - raft.server.rpcslowness.timeout = 120s (custom)
2019-10-18 14:12:15,757 [pool-433-thread-1] INFO  server.RaftServerConfigKeys (ConfUtils.java:logGet(43)) - raft.server.storage.dir = [/workdir/hadoop-ozone/integration-test/target/test-dir/MiniOzoneClusterImpl-1b3b65e9-0d6f-42e9-b73e-0ac44ea75486/datanode-5/data/ratis] (custom)
2019-10-18 14:12:15,757 [pool-413-thread-1] INFO  server.RaftServerConfigKeys (ConfUtils.java:logGet(43)) - raft.server.sleep.deviation.threshold = 300 (default)
2019-10-18 14:12:15,757 [pool-413-thread-1] INFO  server.RaftServerConfigKeys (ConfUtils.java:logGet(43)) - raft.server.log.appender.install.snapshot.enabled = false (custom)
2019-10-18 14:12:15,757 [pool-433-thread-1] INFO  server.RaftServerConfigKeys (ConfUtils.java:logGet(43)) - raft.server.log.corruption.policy = EXCEPTION (default)
2019-10-18 14:12:15,757 [pool-413-thread-1] INFO  impl.RaftServerImpl (ServerState.java:<init>(103)) - a32a8728-bc1a-4e0e-a06f-c1ac404caa5a@group-0E15B5F858CC: ConfigurationManager, init=-1: [b327581a-11bf-47b7-ad89-db9698439853:192.168.34.61:44678, 365e37ca-e893-4d15-87ab-c9b5f02d0ccc:192.168.34.61:41812, a32a8728-bc1a-4e0e-a06f-c1ac404caa5a:192.168.34.61:43269], old=null, confs=<EMPTY_MAP>
2019-10-18 14:12:15,758 [pool-433-thread-1] INFO  storage.RaftStorageDirectory (RaftStorageDirectory.java:analyzeStorage(246)) - The storage directory /workdir/hadoop-ozone/integration-test/target/test-dir/MiniOzoneClusterImpl-1b3b65e9-0d6f-42e9-b73e-0ac44ea75486/datanode-5/data/ratis/004c73f7-c840-42b5-9109-0e15b5f858cc does not exist. Creating ...
2019-10-18 14:12:15,758 [pool-413-thread-1] INFO  server.RaftServerConfigKeys (ConfUtils.java:logGet(43)) - raft.server.storage.dir = [/workdir/hadoop-ozone/integration-test/target/test-dir/MiniOzoneClusterImpl-1b3b65e9-0d6f-42e9-b73e-0ac44ea75486/datanode-3/data/ratis] (custom)
2019-10-18 14:12:15,758 [pool-413-thread-1] INFO  server.RaftServerConfigKeys (ConfUtils.java:logGet(43)) - raft.server.log.corruption.policy = EXCEPTION (default)
2019-10-18 14:12:15,758 [pool-413-thread-1] INFO  storage.RaftStorageDirectory (RaftStorageDirectory.java:analyzeStorage(246)) - The storage directory /workdir/hadoop-ozone/integration-test/target/test-dir/MiniOzoneClusterImpl-1b3b65e9-0d6f-42e9-b73e-0ac44ea75486/datanode-3/data/ratis/004c73f7-c840-42b5-9109-0e15b5f858cc does not exist. Creating ...
2019-10-18 14:12:15,784 [pool-413-thread-1] INFO  storage.RaftStorageDirectory (RaftStorageDirectory.java:tryLock(328)) - Lock on /workdir/hadoop-ozone/integration-test/target/test-dir/MiniOzoneClusterImpl-1b3b65e9-0d6f-42e9-b73e-0ac44ea75486/datanode-3/data/ratis/004c73f7-c840-42b5-9109-0e15b5f858cc/in_use.lock acquired by nodename 5493@pr-hdds-2280-982rn-3954796538
2019-10-18 14:12:15,784 [pool-403-thread-1] INFO  storage.RaftStorageDirectory (RaftStorageDirectory.java:tryLock(328)) - Lock on /workdir/hadoop-ozone/integration-test/target/test-dir/MiniOzoneClusterImpl-1b3b65e9-0d6f-42e9-b73e-0ac44ea75486/datanode-2/data/ratis/004c73f7-c840-42b5-9109-0e15b5f858cc/in_use.lock acquired by nodename 5493@pr-hdds-2280-982rn-3954796538
2019-10-18 14:12:15,784 [pool-433-thread-1] INFO  storage.RaftStorageDirectory (RaftStorageDirectory.java:tryLock(328)) - Lock on /workdir/hadoop-ozone/integration-test/target/test-dir/MiniOzoneClusterImpl-1b3b65e9-0d6f-42e9-b73e-0ac44ea75486/datanode-5/data/ratis/004c73f7-c840-42b5-9109-0e15b5f858cc/in_use.lock acquired by nodename 5493@pr-hdds-2280-982rn-3954796538
2019-10-18 14:12:15,809 [pool-413-thread-1] INFO  storage.RaftStorage (RaftStorage.java:format(84)) - Storage directory /workdir/hadoop-ozone/integration-test/target/test-dir/MiniOzoneClusterImpl-1b3b65e9-0d6f-42e9-b73e-0ac44ea75486/datanode-3/data/ratis/004c73f7-c840-42b5-9109-0e15b5f858cc has been successfully formatted.
2019-10-18 14:12:15,810 [pool-433-thread-1] INFO  storage.RaftStorage (RaftStorage.java:format(84)) - Storage directory /workdir/hadoop-ozone/integration-test/target/test-dir/MiniOzoneClusterImpl-1b3b65e9-0d6f-42e9-b73e-0ac44ea75486/datanode-5/data/ratis/004c73f7-c840-42b5-9109-0e15b5f858cc has been successfully formatted.
2019-10-18 14:12:15,809 [pool-403-thread-1] INFO  storage.RaftStorage (RaftStorage.java:format(84)) - Storage directory /workdir/hadoop-ozone/integration-test/target/test-dir/MiniOzoneClusterImpl-1b3b65e9-0d6f-42e9-b73e-0ac44ea75486/datanode-2/data/ratis/004c73f7-c840-42b5-9109-0e15b5f858cc has been successfully formatted.
2019-10-18 14:12:15,810 [pool-433-thread-1] INFO  ratis.ContainerStateMachine (ContainerStateMachine.java:loadSnapshot(231)) - group-0E15B5F858CC: The snapshot info is null. Setting the last applied indexto:(t:0, i:~)
2019-10-18 14:12:15,810 [pool-413-thread-1] INFO  ratis.ContainerStateMachine (ContainerStateMachine.java:loadSnapshot(231)) - group-0E15B5F858CC: The snapshot info is null. Setting the last applied indexto:(t:0, i:~)
2019-10-18 14:12:15,810 [pool-433-thread-1] INFO  server.RaftServerConfigKeys (ConfUtils.java:logGet(43)) - raft.server.notification.no-leader.timeout = 120s (custom)
2019-10-18 14:12:15,810 [pool-403-thread-1] INFO  ratis.ContainerStateMachine (ContainerStateMachine.java:loadSnapshot(231)) - group-0E15B5F858CC: The snapshot info is null. Setting the last applied indexto:(t:0, i:~)
2019-10-18 14:12:15,810 [pool-433-thread-1] INFO  server.RaftServerConfigKeys (ConfUtils.java:logGet(43)) - raft.server.log.use.memory = false (default)
2019-10-18 14:12:15,810 [pool-413-thread-1] INFO  server.RaftServerConfigKeys (ConfUtils.java:logGet(43)) - raft.server.notification.no-leader.timeout = 120s (custom)
2019-10-18 14:12:15,810 [pool-433-thread-1] INFO  server.RaftServerConfigKeys (ConfUtils.java:logGet(43)) - raft.server.log.purge.gap = 1000000 (custom)
2019-10-18 14:12:15,810 [pool-403-thread-1] INFO  server.RaftServerConfigKeys (ConfUtils.java:logGet(43)) - raft.server.notification.no-leader.timeout = 120s (custom)
2019-10-18 14:12:15,811 [pool-433-thread-1] INFO  server.RaftServerConfigKeys (ConfUtils.java:logGet(43)) - raft.server.log.appender.buffer.byte-limit = 33554432 (custom)
2019-10-18 14:12:15,810 [pool-413-thread-1] INFO  server.RaftServerConfigKeys (ConfUtils.java:logGet(43)) - raft.server.log.use.memory = false (default)
2019-10-18 14:12:15,811 [pool-433-thread-1] INFO  server.RaftServerConfigKeys (ConfUtils.java:logGet(43)) - raft.server.log.segment.size.max = 1048576 (custom)
2019-10-18 14:12:15,811 [pool-403-thread-1] INFO  server.RaftServerConfigKeys (ConfUtils.java:logGet(43)) - raft.server.log.use.memory = false (default)
2019-10-18 14:12:15,811 [pool-433-thread-1] INFO  server.RaftServerConfigKeys (ConfUtils.java:logGet(43)) - raft.server.log.segment.cache.num.max = 2 (custom)
2019-10-18 14:12:15,811 [pool-413-thread-1] INFO  server.RaftServerConfigKeys (ConfUtils.java:logGet(43)) - raft.server.log.purge.gap = 1000000 (custom)
2019-10-18 14:12:15,811 [pool-433-thread-1] INFO  segmented.SegmentedRaftLogWorker (SegmentedRaftLogWorker.java:<init>(173)) - new 365e37ca-e893-4d15-87ab-c9b5f02d0ccc@group-0E15B5F858CC-SegmentedRaftLogWorker for RaftStorage:Storage Directory /workdir/hadoop-ozone/integration-test/target/test-dir/MiniOzoneClusterImpl-1b3b65e9-0d6f-42e9-b73e-0ac44ea75486/datanode-5/data/ratis/004c73f7-c840-42b5-9109-0e15b5f858cc
2019-10-18 14:12:15,811 [pool-403-thread-1] INFO  server.RaftServerConfigKeys (ConfUtils.java:logGet(43)) - raft.server.log.purge.gap = 1000000 (custom)
2019-10-18 14:12:15,811 [pool-433-thread-1] INFO  server.RaftServerConfigKeys (ConfUtils.java:logGet(43)) - raft.server.log.queue.byte-limit = 2147483647 (custom)
2019-10-18 14:12:15,811 [pool-413-thread-1] INFO  server.RaftServerConfigKeys (ConfUtils.java:logGet(43)) - raft.server.log.appender.buffer.byte-limit = 33554432 (custom)
2019-10-18 14:12:15,812 [pool-433-thread-1] INFO  server.RaftServerConfigKeys (ConfUtils.java:logGet(43)) - raft.server.log.queue.element-limit = 1024 (custom)
2019-10-18 14:12:15,811 [pool-403-thread-1] INFO  server.RaftServerConfigKeys (ConfUtils.java:logGet(43)) - raft.server.log.appender.buffer.byte-limit = 33554432 (custom)
2019-10-18 14:12:15,812 [pool-433-thread-1] INFO  server.RaftServerConfigKeys (ConfUtils.java:logGet(43)) - raft.server.log.segment.size.max = 1048576 (custom)
2019-10-18 14:12:15,812 [pool-413-thread-1] INFO  server.RaftServerConfigKeys (ConfUtils.java:logGet(43)) - raft.server.log.segment.size.max = 1048576 (custom)
2019-10-18 14:12:15,812 [pool-433-thread-1] INFO  server.RaftServerConfigKeys (ConfUtils.java:logGet(43)) - raft.server.log.preallocated.size = 16384 (custom)
2019-10-18 14:12:15,812 [pool-403-thread-1] INFO  server.RaftServerConfigKeys (ConfUtils.java:logGet(43)) - raft.server.log.segment.size.max = 1048576 (custom)
2019-10-18 14:12:15,812 [pool-433-thread-1] INFO  server.RaftServerConfigKeys (ConfUtils.java:logGet(43)) - raft.server.log.write.buffer.size = 33554432 (custom)
2019-10-18 14:12:15,812 [pool-413-thread-1] INFO  server.RaftServerConfigKeys (ConfUtils.java:logGet(43)) - raft.server.log.segment.cache.num.max = 2 (custom)
2019-10-18 14:12:15,812 [pool-433-thread-1] INFO  server.RaftServerConfigKeys (ConfUtils.java:logGet(43)) - raft.server.log.force.sync.num = 128 (default)
2019-10-18 14:12:15,812 [pool-403-thread-1] INFO  server.RaftServerConfigKeys (ConfUtils.java:logGet(43)) - raft.server.log.segment.cache.num.max = 2 (custom)
2019-10-18 14:12:15,813 [pool-433-thread-1] INFO  server.RaftServerConfigKeys (ConfUtils.java:logGet(43)) - raft.server.log.statemachine.data.sync = true (default)
2019-10-18 14:12:15,812 [pool-413-thread-1] INFO  segmented.SegmentedRaftLogWorker (SegmentedRaftLogWorker.java:<init>(173)) - new a32a8728-bc1a-4e0e-a06f-c1ac404caa5a@group-0E15B5F858CC-SegmentedRaftLogWorker for RaftStorage:Storage Directory /workdir/hadoop-ozone/integration-test/target/test-dir/MiniOzoneClusterImpl-1b3b65e9-0d6f-42e9-b73e-0ac44ea75486/datanode-3/data/ratis/004c73f7-c840-42b5-9109-0e15b5f858cc
2019-10-18 14:12:15,813 [pool-433-thread-1] INFO  server.RaftServerConfigKeys (ConfUtils.java:logGet(43)) - raft.server.log.statemachine.data.sync.timeout = 10s (default)
2019-10-18 14:12:15,813 [pool-403-thread-1] INFO  segmented.SegmentedRaftLogWorker (SegmentedRaftLogWorker.java:<init>(173)) - new b327581a-11bf-47b7-ad89-db9698439853@group-0E15B5F858CC-SegmentedRaftLogWorker for RaftStorage:Storage Directory /workdir/hadoop-ozone/integration-test/target/test-dir/MiniOzoneClusterImpl-1b3b65e9-0d6f-42e9-b73e-0ac44ea75486/datanode-2/data/ratis/004c73f7-c840-42b5-9109-0e15b5f858cc
2019-10-18 14:12:15,813 [pool-433-thread-1] INFO  server.RaftServerConfigKeys (ConfUtils.java:logGet(43)) - raft.server.log.statemachine.data.sync.timeout.retry = -1 (default)
2019-10-18 14:12:15,813 [pool-413-thread-1] INFO  server.RaftServerConfigKeys (ConfUtils.java:logGet(43)) - raft.server.log.queue.byte-limit = 2147483647 (custom)
2019-10-18 14:12:15,813 [pool-433-thread-1] INFO  server.RaftServerConfigKeys (ConfUtils.java:logGet(43)) - raft.server.log.statemachine.data.caching.enabled = true (custom)
2019-10-18 14:12:15,813 [pool-403-thread-1] INFO  server.RaftServerConfigKeys (ConfUtils.java:logGet(43)) - raft.server.log.queue.byte-limit = 2147483647 (custom)
2019-10-18 14:12:15,813 [pool-413-thread-1] INFO  server.RaftServerConfigKeys (ConfUtils.java:logGet(43)) - raft.server.log.queue.element-limit = 1024 (custom)
2019-10-18 14:12:15,813 [pool-433-thread-1] INFO  segmented.SegmentedRaftLogWorker (SegmentedRaftLogWorker.java:lambda$new$0(128)) - 365e37ca-e893-4d15-87ab-c9b5f02d0ccc@group-0E15B5F858CC-SegmentedRaftLogWorker: flushIndex: setUnconditionally 0 -> -1
2019-10-18 14:12:15,813 [pool-403-thread-1] INFO  server.RaftServerConfigKeys (ConfUtils.java:logGet(43)) - raft.server.log.queue.element-limit = 1024 (custom)
2019-10-18 14:12:15,814 [pool-413-thread-1] INFO  server.RaftServerConfigKeys (ConfUtils.java:logGet(43)) - raft.server.log.segment.size.max = 1048576 (custom)
2019-10-18 14:12:15,814 [pool-433-thread-1] INFO  server.RaftServerConfigKeys (ConfUtils.java:logGet(43)) - raft.server.snapshot.auto.trigger.enabled = true (custom)
2019-10-18 14:12:15,814 [pool-403-thread-1] INFO  server.RaftServerConfigKeys (ConfUtils.java:logGet(43)) - raft.server.log.segment.size.max = 1048576 (custom)
2019-10-18 14:12:15,814 [pool-433-thread-1] INFO  server.RaftServerConfigKeys (ConfUtils.java:logGet(43)) - raft.server.snapshot.auto.trigger.threshold = 10000 (custom)
2019-10-18 14:12:15,814 [pool-413-thread-1] INFO  server.RaftServerConfigKeys (ConfUtils.java:logGet(43)) - raft.server.log.preallocated.size = 16384 (custom)
2019-10-18 14:12:15,814 [pool-433-thread-1] INFO  server.RaftServerConfigKeys (ConfUtils.java:logGet(43)) - raft.server.snapshot.retention.file.num = 5 (custom)
2019-10-18 14:12:15,814 [pool-403-thread-1] INFO  server.RaftServerConfigKeys (ConfUtils.java:logGet(43)) - raft.server.log.preallocated.size = 16384 (custom)
2019-10-18 14:12:15,814 [pool-433-thread-1] INFO  server.RaftServerConfigKeys (ConfUtils.java:logGet(43)) - raft.server.retrycache.expirytime = 600000ms (custom)
2019-10-18 14:12:15,814 [pool-413-thread-1] INFO  server.RaftServerConfigKeys (ConfUtils.java:logGet(43)) - raft.server.log.write.buffer.size = 33554432 (custom)
2019-10-18 14:12:15,815 [pool-403-thread-1] INFO  server.RaftServerConfigKeys (ConfUtils.java:logGet(43)) - raft.server.log.write.buffer.size = 33554432 (custom)
2019-10-18 14:12:15,815 [pool-413-thread-1] INFO  server.RaftServerConfigKeys (ConfUtils.java:logGet(43)) - raft.server.log.force.sync.num = 128 (default)
2019-10-18 14:12:15,815 [pool-403-thread-1] INFO  server.RaftServerConfigKeys (ConfUtils.java:logGet(43)) - raft.server.log.force.sync.num = 128 (default)
2019-10-18 14:12:15,815 [pool-413-thread-1] INFO  server.RaftServerConfigKeys (ConfUtils.java:logGet(43)) - raft.server.log.statemachine.data.sync = true (default)
2019-10-18 14:12:15,815 [pool-403-thread-1] INFO  server.RaftServerConfigKeys (ConfUtils.java:logGet(43)) - raft.server.log.statemachine.data.sync = true (default)
2019-10-18 14:12:15,815 [pool-413-thread-1] INFO  server.RaftServerConfigKeys (ConfUtils.java:logGet(43)) - raft.server.log.statemachine.data.sync.timeout = 10s (default)
2019-10-18 14:12:15,816 [pool-403-thread-1] INFO  server.RaftServerConfigKeys (ConfUtils.java:logGet(43)) - raft.server.log.statemachine.data.sync.timeout = 10s (default)
2019-10-18 14:12:15,816 [pool-413-thread-1] INFO  server.RaftServerConfigKeys (ConfUtils.java:logGet(43)) - raft.server.log.statemachine.data.sync.timeout.retry = -1 (default)
2019-10-18 14:12:15,816 [pool-403-thread-1] INFO  server.RaftServerConfigKeys (ConfUtils.java:logGet(43)) - raft.server.log.statemachine.data.sync.timeout.retry = -1 (default)
2019-10-18 14:12:15,816 [pool-413-thread-1] INFO  server.RaftServerConfigKeys (ConfUtils.java:logGet(43)) - raft.server.log.statemachine.data.caching.enabled = true (custom)
2019-10-18 14:12:15,816 [pool-403-thread-1] INFO  server.RaftServerConfigKeys (ConfUtils.java:logGet(43)) - raft.server.log.statemachine.data.caching.enabled = true (custom)
2019-10-18 14:12:15,816 [pool-413-thread-1] INFO  segmented.SegmentedRaftLogWorker (SegmentedRaftLogWorker.java:lambda$new$0(128)) - a32a8728-bc1a-4e0e-a06f-c1ac404caa5a@group-0E15B5F858CC-SegmentedRaftLogWorker: flushIndex: setUnconditionally 0 -> -1
2019-10-18 14:12:15,816 [pool-433-thread-1] INFO  impl.RaftServerImpl (RaftServerImpl.java:start(181)) - 365e37ca-e893-4d15-87ab-c9b5f02d0ccc@group-0E15B5F858CC: start as a follower, conf=-1: [b327581a-11bf-47b7-ad89-db9698439853:192.168.34.61:44678, 365e37ca-e893-4d15-87ab-c9b5f02d0ccc:192.168.34.61:41812, a32a8728-bc1a-4e0e-a06f-c1ac404caa5a:192.168.34.61:43269], old=null
2019-10-18 14:12:15,817 [pool-403-thread-1] INFO  segmented.SegmentedRaftLogWorker (SegmentedRaftLogWorker.java:lambda$new$0(128)) - b327581a-11bf-47b7-ad89-db9698439853@group-0E15B5F858CC-SegmentedRaftLogWorker: flushIndex: setUnconditionally 0 -> -1
2019-10-18 14:12:15,817 [pool-413-thread-1] INFO  server.RaftServerConfigKeys (ConfUtils.java:logGet(43)) - raft.server.snapshot.auto.trigger.enabled = true (custom)
2019-10-18 14:12:15,817 [pool-433-thread-1] INFO  impl.RaftServerImpl (RaftServerImpl.java:setRole(170)) - 365e37ca-e893-4d15-87ab-c9b5f02d0ccc@group-0E15B5F858CC: changes role from      null to FOLLOWER at term 0 for startAsFollower
2019-10-18 14:12:15,817 [pool-403-thread-1] INFO  server.RaftServerConfigKeys (ConfUtils.java:logGet(43)) - raft.server.snapshot.auto.trigger.enabled = true (custom)
2019-10-18 14:12:15,817 [pool-413-thread-1] INFO  server.RaftServerConfigKeys (ConfUtils.java:logGet(43)) - raft.server.snapshot.auto.trigger.threshold = 10000 (custom)
2019-10-18 14:12:15,817 [pool-403-thread-1] INFO  server.RaftServerConfigKeys (ConfUtils.java:logGet(43)) - raft.server.snapshot.auto.trigger.threshold = 10000 (custom)
2019-10-18 14:12:15,817 [pool-433-thread-1] INFO  impl.RoleInfo (RoleInfo.java:updateAndGet(143)) - 365e37ca-e893-4d15-87ab-c9b5f02d0ccc: start FollowerState
2019-10-18 14:12:15,817 [pool-403-thread-1] INFO  server.RaftServerConfigKeys (ConfUtils.java:logGet(43)) - raft.server.snapshot.retention.file.num = 5 (custom)
2019-10-18 14:12:15,817 [pool-413-thread-1] INFO  server.RaftServerConfigKeys (ConfUtils.java:logGet(43)) - raft.server.snapshot.retention.file.num = 5 (custom)
2019-10-18 14:12:15,818 [pool-403-thread-1] INFO  server.RaftServerConfigKeys (ConfUtils.java:logGet(43)) - raft.server.retrycache.expirytime = 600000ms (custom)
2019-10-18 14:12:15,818 [pool-413-thread-1] INFO  server.RaftServerConfigKeys (ConfUtils.java:logGet(43)) - raft.server.retrycache.expirytime = 600000ms (custom)
2019-10-18 14:12:15,818 [pool-433-thread-1] INFO  util.JmxRegister (JmxRegister.java:tryRegister(44)) - Successfully registered JMX Bean with object name Ratis:service=RaftServer,group=group-0E15B5F858CC,id=365e37ca-e893-4d15-87ab-c9b5f02d0ccc
2019-10-18 14:12:15,822 [pool-403-thread-1] INFO  impl.RaftServerImpl (RaftServerImpl.java:start(181)) - b327581a-11bf-47b7-ad89-db9698439853@group-0E15B5F858CC: start as a follower, conf=-1: [b327581a-11bf-47b7-ad89-db9698439853:192.168.34.61:44678, 365e37ca-e893-4d15-87ab-c9b5f02d0ccc:192.168.34.61:41812, a32a8728-bc1a-4e0e-a06f-c1ac404caa5a:192.168.34.61:43269], old=null
2019-10-18 14:12:15,822 [pool-413-thread-1] INFO  impl.RaftServerImpl (RaftServerImpl.java:start(181)) - a32a8728-bc1a-4e0e-a06f-c1ac404caa5a@group-0E15B5F858CC: start as a follower, conf=-1: [b327581a-11bf-47b7-ad89-db9698439853:192.168.34.61:44678, 365e37ca-e893-4d15-87ab-c9b5f02d0ccc:192.168.34.61:41812, a32a8728-bc1a-4e0e-a06f-c1ac404caa5a:192.168.34.61:43269], old=null
2019-10-18 14:12:15,822 [pool-403-thread-1] INFO  impl.RaftServerImpl (RaftServerImpl.java:setRole(170)) - b327581a-11bf-47b7-ad89-db9698439853@group-0E15B5F858CC: changes role from      null to FOLLOWER at term 0 for startAsFollower
2019-10-18 14:12:15,822 [pool-413-thread-1] INFO  impl.RaftServerImpl (RaftServerImpl.java:setRole(170)) - a32a8728-bc1a-4e0e-a06f-c1ac404caa5a@group-0E15B5F858CC: changes role from      null to FOLLOWER at term 0 for startAsFollower
2019-10-18 14:12:15,822 [pool-403-thread-1] INFO  impl.RoleInfo (RoleInfo.java:updateAndGet(143)) - b327581a-11bf-47b7-ad89-db9698439853: start FollowerState
2019-10-18 14:12:15,823 [pool-413-thread-1] INFO  impl.RoleInfo (RoleInfo.java:updateAndGet(143)) - a32a8728-bc1a-4e0e-a06f-c1ac404caa5a: start FollowerState
2019-10-18 14:12:15,823 [pool-403-thread-1] INFO  util.JmxRegister (JmxRegister.java:tryRegister(44)) - Successfully registered JMX Bean with object name Ratis:service=RaftServer,group=group-0E15B5F858CC,id=b327581a-11bf-47b7-ad89-db9698439853
2019-10-18 14:12:15,823 [pool-413-thread-1] INFO  util.JmxRegister (JmxRegister.java:tryRegister(44)) - Successfully registered JMX Bean with object name Ratis:service=RaftServer,group=group-0E15B5F858CC,id=a32a8728-bc1a-4e0e-a06f-c1ac404caa5a
2019-10-18 14:12:15,830 [RatisPipelineUtilsThread] INFO  pipeline.PipelineStateManager (PipelineStateManager.java:addPipeline(56)) - Created pipeline Pipeline[ Id: 004c73f7-c840-42b5-9109-0e15b5f858cc, Nodes: a32a8728-bc1a-4e0e-a06f-c1ac404caa5a{ip: 192.168.34.61, host: pr-hdds-2280-982rn-3954796538, networkLocation: /default-rack, certSerialId: null}b327581a-11bf-47b7-ad89-db9698439853{ip: 192.168.34.61, host: pr-hdds-2280-982rn-3954796538, networkLocation: /default-rack, certSerialId: null}365e37ca-e893-4d15-87ab-c9b5f02d0ccc{ip: 192.168.34.61, host: pr-hdds-2280-982rn-3954796538, networkLocation: /default-rack, certSerialId: null}, Type:RATIS, Factor:THREE, State:OPEN]
2019-10-18 14:12:16,528 [main] INFO  ozone.MiniOzoneClusterImpl (MiniOzoneClusterImpl.java:lambda$waitForClusterToBeReady$0(147)) - Cluster is ready. Got 7 of 7 DN Heartbeats.
2019-10-18 14:12:16,575 [main] INFO  rpc.RpcClient (RpcClient.java:createVolume(272)) - Creating Volume: watchforcommithandlingtest, with jenkins1000 as owner.
2019-10-18 14:12:16,579 [IPC Server handler 2 on 43259] INFO  volume.OMVolumeCreateRequest (OMVolumeCreateRequest.java:validateAndUpdateCache(193)) - created volume:watchforcommithandlingtest for user:jenkins1000
2019-10-18 14:12:16,596 [main] INFO  rpc.RpcClient (RpcClient.java:createBucket(411)) - Creating Bucket: watchforcommithandlingtest/watchforcommithandlingtest, with Versioning false and Storage Type set to DISK and Encryption set to false 
2019-10-18 14:12:16,602 [main] INFO  ozone.MiniOzoneClusterImpl (MiniOzoneClusterImpl.java:getStorageContainerLocationClient(234)) - Creating StorageContainerLocationProtocol RPC client with address /0.0.0.0:33093
2019-10-18 14:12:18,151 [Thread-2432] INFO  container.ReplicationManager (ReplicationManager.java:start(162)) - Starting Replication Monitor Thread.
2019-10-18 14:12:18,155 [ReplicationMonitor] INFO  container.ReplicationManager (ReplicationManager.java:run(225)) - Replication Monitor Thread took 0 milliseconds for processing 1 containers.
2019-10-18 14:12:20,360 [Thread-2440] INFO  impl.FollowerState (FollowerState.java:run(108)) - b327581a-11bf-47b7-ad89-db9698439853@group-38837913871D-FollowerState: change to CANDIDATE, lastRpcTime:5003ms, electionTimeout:5003ms
2019-10-18 14:12:20,360 [Thread-2440] INFO  impl.RoleInfo (RoleInfo.java:shutdownFollowerState(121)) - b327581a-11bf-47b7-ad89-db9698439853: shutdown FollowerState
2019-10-18 14:12:20,360 [Thread-2440] INFO  impl.RaftServerImpl (RaftServerImpl.java:setRole(170)) - b327581a-11bf-47b7-ad89-db9698439853@group-38837913871D: changes role from  FOLLOWER to CANDIDATE at term 0 for changeToCandidate
2019-10-18 14:12:20,360 [Thread-2440] INFO  impl.RoleInfo (RoleInfo.java:updateAndGet(143)) - b327581a-11bf-47b7-ad89-db9698439853: start LeaderElection
2019-10-18 14:12:20,396 [b327581a-11bf-47b7-ad89-db9698439853@group-38837913871D-LeaderElection81] INFO  impl.LeaderElection (LeaderElection.java:askForVotes(178)) - b327581a-11bf-47b7-ad89-db9698439853@group-38837913871D-LeaderElection81: begin an election at term 1 for -1: [b327581a-11bf-47b7-ad89-db9698439853:192.168.34.61:44678], old=null
2019-10-18 14:12:20,396 [b327581a-11bf-47b7-ad89-db9698439853@group-38837913871D-LeaderElection81] INFO  impl.RoleInfo (RoleInfo.java:shutdownLeaderElection(134)) - b327581a-11bf-47b7-ad89-db9698439853: shutdown LeaderElection
2019-10-18 14:12:20,396 [b327581a-11bf-47b7-ad89-db9698439853@group-38837913871D-LeaderElection81] INFO  impl.RaftServerImpl (RaftServerImpl.java:setRole(170)) - b327581a-11bf-47b7-ad89-db9698439853@group-38837913871D: changes role from CANDIDATE to LEADER at term 1 for changeToLeader
2019-10-18 14:12:20,396 [b327581a-11bf-47b7-ad89-db9698439853@group-38837913871D-LeaderElection81] INFO  impl.RaftServerImpl (ServerState.java:setLeader(255)) - b327581a-11bf-47b7-ad89-db9698439853@group-38837913871D: change Leader from null to b327581a-11bf-47b7-ad89-db9698439853 at term 1 for becomeLeader, leader elected after 5044ms
2019-10-18 14:12:20,397 [b327581a-11bf-47b7-ad89-db9698439853@group-38837913871D-LeaderElection81] INFO  server.RaftServerConfigKeys (ConfUtils.java:logGet(43)) - raft.server.staging.catchup.gap = 1000 (default)
2019-10-18 14:12:20,397 [b327581a-11bf-47b7-ad89-db9698439853@group-38837913871D-LeaderElection81] INFO  server.RaftServerConfigKeys (ConfUtils.java:logGet(43)) - raft.server.rpc.sleep.time = 25ms (default)
2019-10-18 14:12:20,397 [b327581a-11bf-47b7-ad89-db9698439853@group-38837913871D-LeaderElection81] INFO  server.RaftServerConfigKeys (ConfUtils.java:logGet(43)) - raft.server.write.element-limit = 4096 (default)
2019-10-18 14:12:20,397 [b327581a-11bf-47b7-ad89-db9698439853@group-38837913871D-LeaderElection81] INFO  server.RaftServerConfigKeys (ConfUtils.java:logGet(43)) - raft.server.watch.timeout = 10s (default)
2019-10-18 14:12:20,397 [b327581a-11bf-47b7-ad89-db9698439853@group-38837913871D-LeaderElection81] INFO  server.RaftServerConfigKeys (ConfUtils.java:logGet(43)) - raft.server.watch.timeout.denomination = 1s (default)
2019-10-18 14:12:20,398 [b327581a-11bf-47b7-ad89-db9698439853@group-38837913871D-LeaderElection81] INFO  server.RaftServerConfigKeys (ConfUtils.java:logGet(43)) - raft.server.watch.element-limit = 65536 (default)
2019-10-18 14:12:20,399 [b327581a-11bf-47b7-ad89-db9698439853@group-38837913871D-LeaderElection81] INFO  impl.RoleInfo (RoleInfo.java:updateAndGet(143)) - b327581a-11bf-47b7-ad89-db9698439853: start LeaderState
2019-10-18 14:12:20,400 [b327581a-11bf-47b7-ad89-db9698439853@group-38837913871D-LeaderElection81] INFO  segmented.SegmentedRaftLogWorker (SegmentedRaftLogWorker.java:startLogSegment(385)) - b327581a-11bf-47b7-ad89-db9698439853@group-38837913871D-SegmentedRaftLogWorker: Starting segment from index:0
2019-10-18 14:12:20,401 [b327581a-11bf-47b7-ad89-db9698439853@group-38837913871D-LeaderElection81] INFO  impl.RaftServerImpl (ServerState.java:setRaftConf(356)) - b327581a-11bf-47b7-ad89-db9698439853@group-38837913871D: set configuration 0: [b327581a-11bf-47b7-ad89-db9698439853:192.168.34.61:44678], old=null at 0
2019-10-18 14:12:20,406 [Thread-2434] INFO  impl.FollowerState (FollowerState.java:run(108)) - 9882a72d-dff7-4857-8847-5242fbaedf7b@group-250E725A1924-FollowerState: change to CANDIDATE, lastRpcTime:5190ms, electionTimeout:5190ms
2019-10-18 14:12:20,406 [Thread-2434] INFO  impl.RoleInfo (RoleInfo.java:shutdownFollowerState(121)) - 9882a72d-dff7-4857-8847-5242fbaedf7b: shutdown FollowerState
2019-10-18 14:12:20,406 [Thread-2434] INFO  impl.RaftServerImpl (RaftServerImpl.java:setRole(170)) - 9882a72d-dff7-4857-8847-5242fbaedf7b@group-250E725A1924: changes role from  FOLLOWER to CANDIDATE at term 0 for changeToCandidate
2019-10-18 14:12:20,407 [Thread-2434] INFO  impl.RoleInfo (RoleInfo.java:updateAndGet(143)) - 9882a72d-dff7-4857-8847-5242fbaedf7b: start LeaderElection
2019-10-18 14:12:20,454 [b327581a-11bf-47b7-ad89-db9698439853@group-38837913871D-SegmentedRaftLogWorker] INFO  segmented.SegmentedRaftLogWorker (SegmentedRaftLogWorker.java:execute(574)) - b327581a-11bf-47b7-ad89-db9698439853@group-38837913871D-SegmentedRaftLogWorker: created new log segment /workdir/hadoop-ozone/integration-test/target/test-dir/MiniOzoneClusterImpl-1b3b65e9-0d6f-42e9-b73e-0ac44ea75486/datanode-2/data/ratis/49080fe0-11e9-4b14-b18d-38837913871d/current/log_inprogress_0
2019-10-18 14:12:20,455 [9882a72d-dff7-4857-8847-5242fbaedf7b@group-250E725A1924-LeaderElection82] INFO  impl.LeaderElection (LeaderElection.java:askForVotes(178)) - 9882a72d-dff7-4857-8847-5242fbaedf7b@group-250E725A1924-LeaderElection82: begin an election at term 1 for -1: [9882a72d-dff7-4857-8847-5242fbaedf7b:192.168.34.61:39116], old=null
2019-10-18 14:12:20,455 [9882a72d-dff7-4857-8847-5242fbaedf7b@group-250E725A1924-LeaderElection82] INFO  impl.RoleInfo (RoleInfo.java:shutdownLeaderElection(134)) - 9882a72d-dff7-4857-8847-5242fbaedf7b: shutdown LeaderElection
2019-10-18 14:12:20,455 [9882a72d-dff7-4857-8847-5242fbaedf7b@group-250E725A1924-LeaderElection82] INFO  impl.RaftServerImpl (RaftServerImpl.java:setRole(170)) - 9882a72d-dff7-4857-8847-5242fbaedf7b@group-250E725A1924: changes role from CANDIDATE to LEADER at term 1 for changeToLeader
2019-10-18 14:12:20,455 [9882a72d-dff7-4857-8847-5242fbaedf7b@group-250E725A1924-LeaderElection82] INFO  impl.RaftServerImpl (ServerState.java:setLeader(255)) - 9882a72d-dff7-4857-8847-5242fbaedf7b@group-250E725A1924: change Leader from null to 9882a72d-dff7-4857-8847-5242fbaedf7b at term 1 for becomeLeader, leader elected after 5247ms
2019-10-18 14:12:20,455 [9882a72d-dff7-4857-8847-5242fbaedf7b@group-250E725A1924-LeaderElection82] INFO  server.RaftServerConfigKeys (ConfUtils.java:logGet(43)) - raft.server.staging.catchup.gap = 1000 (default)
2019-10-18 14:12:20,455 [9882a72d-dff7-4857-8847-5242fbaedf7b@group-250E725A1924-LeaderElection82] INFO  server.RaftServerConfigKeys (ConfUtils.java:logGet(43)) - raft.server.rpc.sleep.time = 25ms (default)
2019-10-18 14:12:20,455 [9882a72d-dff7-4857-8847-5242fbaedf7b@group-250E725A1924-LeaderElection82] INFO  server.RaftServerConfigKeys (ConfUtils.java:logGet(43)) - raft.server.write.element-limit = 4096 (default)
2019-10-18 14:12:20,456 [9882a72d-dff7-4857-8847-5242fbaedf7b@group-250E725A1924-LeaderElection82] INFO  server.RaftServerConfigKeys (ConfUtils.java:logGet(43)) - raft.server.watch.timeout = 10s (default)
2019-10-18 14:12:20,456 [9882a72d-dff7-4857-8847-5242fbaedf7b@group-250E725A1924-LeaderElection82] INFO  server.RaftServerConfigKeys (ConfUtils.java:logGet(43)) - raft.server.watch.timeout.denomination = 1s (default)
2019-10-18 14:12:20,456 [9882a72d-dff7-4857-8847-5242fbaedf7b@group-250E725A1924-LeaderElection82] INFO  server.RaftServerConfigKeys (ConfUtils.java:logGet(43)) - raft.server.watch.element-limit = 65536 (default)
2019-10-18 14:12:20,458 [9882a72d-dff7-4857-8847-5242fbaedf7b@group-250E725A1924-LeaderElection82] INFO  impl.RoleInfo (RoleInfo.java:updateAndGet(143)) - 9882a72d-dff7-4857-8847-5242fbaedf7b: start LeaderState
2019-10-18 14:12:20,458 [9882a72d-dff7-4857-8847-5242fbaedf7b@group-250E725A1924-LeaderElection82] INFO  segmented.SegmentedRaftLogWorker (SegmentedRaftLogWorker.java:startLogSegment(385)) - 9882a72d-dff7-4857-8847-5242fbaedf7b@group-250E725A1924-SegmentedRaftLogWorker: Starting segment from index:0
2019-10-18 14:12:20,458 [9882a72d-dff7-4857-8847-5242fbaedf7b@group-250E725A1924-LeaderElection82] INFO  impl.RaftServerImpl (ServerState.java:setRaftConf(356)) - 9882a72d-dff7-4857-8847-5242fbaedf7b@group-250E725A1924: set configuration 0: [9882a72d-dff7-4857-8847-5242fbaedf7b:192.168.34.61:39116], old=null at 0
2019-10-18 14:12:20,462 [Thread-2437] INFO  impl.FollowerState (FollowerState.java:run(108)) - bfc21bf7-2b4f-46f8-acca-4e109eff9825@group-25E29D0AAB19-FollowerState: change to CANDIDATE, lastRpcTime:5172ms, electionTimeout:5172ms
2019-10-18 14:12:20,462 [Thread-2437] INFO  impl.RoleInfo (RoleInfo.java:shutdownFollowerState(121)) - bfc21bf7-2b4f-46f8-acca-4e109eff9825: shutdown FollowerState
2019-10-18 14:12:20,462 [Thread-2437] INFO  impl.RaftServerImpl (RaftServerImpl.java:setRole(170)) - bfc21bf7-2b4f-46f8-acca-4e109eff9825@group-25E29D0AAB19: changes role from  FOLLOWER to CANDIDATE at term 0 for changeToCandidate
2019-10-18 14:12:20,462 [Thread-2437] INFO  impl.RoleInfo (RoleInfo.java:updateAndGet(143)) - bfc21bf7-2b4f-46f8-acca-4e109eff9825: start LeaderElection
2019-10-18 14:12:20,513 [9882a72d-dff7-4857-8847-5242fbaedf7b@group-250E725A1924-SegmentedRaftLogWorker] INFO  segmented.SegmentedRaftLogWorker (SegmentedRaftLogWorker.java:execute(574)) - 9882a72d-dff7-4857-8847-5242fbaedf7b@group-250E725A1924-SegmentedRaftLogWorker: created new log segment /workdir/hadoop-ozone/integration-test/target/test-dir/MiniOzoneClusterImpl-1b3b65e9-0d6f-42e9-b73e-0ac44ea75486/datanode-0/data/ratis/395ec51b-3d76-4cef-a113-250e725a1924/current/log_inprogress_0
2019-10-18 14:12:20,513 [bfc21bf7-2b4f-46f8-acca-4e109eff9825@group-25E29D0AAB19-LeaderElection83] INFO  impl.LeaderElection (LeaderElection.java:askForVotes(178)) - bfc21bf7-2b4f-46f8-acca-4e109eff9825@group-25E29D0AAB19-LeaderElection83: begin an election at term 1 for -1: [bfc21bf7-2b4f-46f8-acca-4e109eff9825:192.168.34.61:35859], old=null
2019-10-18 14:12:20,513 [bfc21bf7-2b4f-46f8-acca-4e109eff9825@group-25E29D0AAB19-LeaderElection83] INFO  impl.RoleInfo (RoleInfo.java:shutdownLeaderElection(134)) - bfc21bf7-2b4f-46f8-acca-4e109eff9825: shutdown LeaderElection
2019-10-18 14:12:20,514 [bfc21bf7-2b4f-46f8-acca-4e109eff9825@group-25E29D0AAB19-LeaderElection83] INFO  impl.RaftServerImpl (RaftServerImpl.java:setRole(170)) - bfc21bf7-2b4f-46f8-acca-4e109eff9825@group-25E29D0AAB19: changes role from CANDIDATE to LEADER at term 1 for changeToLeader
2019-10-18 14:12:20,514 [bfc21bf7-2b4f-46f8-acca-4e109eff9825@group-25E29D0AAB19-LeaderElection83] INFO  impl.RaftServerImpl (ServerState.java:setLeader(255)) - bfc21bf7-2b4f-46f8-acca-4e109eff9825@group-25E29D0AAB19: change Leader from null to bfc21bf7-2b4f-46f8-acca-4e109eff9825 at term 1 for becomeLeader, leader elected after 5229ms
2019-10-18 14:12:20,514 [bfc21bf7-2b4f-46f8-acca-4e109eff9825@group-25E29D0AAB19-LeaderElection83] INFO  server.RaftServerConfigKeys (ConfUtils.java:logGet(43)) - raft.server.staging.catchup.gap = 1000 (default)
2019-10-18 14:12:20,514 [bfc21bf7-2b4f-46f8-acca-4e109eff9825@group-25E29D0AAB19-LeaderElection83] INFO  server.RaftServerConfigKeys (ConfUtils.java:logGet(43)) - raft.server.rpc.sleep.time = 25ms (default)
2019-10-18 14:12:20,514 [bfc21bf7-2b4f-46f8-acca-4e109eff9825@group-25E29D0AAB19-LeaderElection83] INFO  server.RaftServerConfigKeys (ConfUtils.java:logGet(43)) - raft.server.write.element-limit = 4096 (default)
2019-10-18 14:12:20,514 [bfc21bf7-2b4f-46f8-acca-4e109eff9825@group-25E29D0AAB19-LeaderElection83] INFO  server.RaftServerConfigKeys (ConfUtils.java:logGet(43)) - raft.server.watch.timeout = 10s (default)
2019-10-18 14:12:20,514 [bfc21bf7-2b4f-46f8-acca-4e109eff9825@group-25E29D0AAB19-LeaderElection83] INFO  server.RaftServerConfigKeys (ConfUtils.java:logGet(43)) - raft.server.watch.timeout.denomination = 1s (default)
2019-10-18 14:12:20,514 [bfc21bf7-2b4f-46f8-acca-4e109eff9825@group-25E29D0AAB19-LeaderElection83] INFO  server.RaftServerConfigKeys (ConfUtils.java:logGet(43)) - raft.server.watch.element-limit = 65536 (default)
2019-10-18 14:12:20,516 [bfc21bf7-2b4f-46f8-acca-4e109eff9825@group-25E29D0AAB19-LeaderElection83] INFO  impl.RoleInfo (RoleInfo.java:updateAndGet(143)) - bfc21bf7-2b4f-46f8-acca-4e109eff9825: start LeaderState
2019-10-18 14:12:20,516 [bfc21bf7-2b4f-46f8-acca-4e109eff9825@group-25E29D0AAB19-LeaderElection83] INFO  segmented.SegmentedRaftLogWorker (SegmentedRaftLogWorker.java:startLogSegment(385)) - bfc21bf7-2b4f-46f8-acca-4e109eff9825@group-25E29D0AAB19-SegmentedRaftLogWorker: Starting segment from index:0
2019-10-18 14:12:20,517 [bfc21bf7-2b4f-46f8-acca-4e109eff9825@group-25E29D0AAB19-LeaderElection83] INFO  impl.RaftServerImpl (ServerState.java:setRaftConf(356)) - bfc21bf7-2b4f-46f8-acca-4e109eff9825@group-25E29D0AAB19: set configuration 0: [bfc21bf7-2b4f-46f8-acca-4e109eff9825:192.168.34.61:35859], old=null at 0
2019-10-18 14:12:20,564 [bfc21bf7-2b4f-46f8-acca-4e109eff9825@group-25E29D0AAB19-SegmentedRaftLogWorker] INFO  segmented.SegmentedRaftLogWorker (SegmentedRaftLogWorker.java:execute(574)) - bfc21bf7-2b4f-46f8-acca-4e109eff9825@group-25E29D0AAB19-SegmentedRaftLogWorker: created new log segment /workdir/hadoop-ozone/integration-test/target/test-dir/MiniOzoneClusterImpl-1b3b65e9-0d6f-42e9-b73e-0ac44ea75486/datanode-1/data/ratis/5de5d326-63dd-4513-9dfc-25e29d0aab19/current/log_inprogress_0
2019-10-18 14:12:20,604 [Thread-2449] INFO  impl.FollowerState (FollowerState.java:run(108)) - 365e37ca-e893-4d15-87ab-c9b5f02d0ccc@group-1D8498A3B05F-FollowerState: change to CANDIDATE, lastRpcTime:5028ms, electionTimeout:5028ms
2019-10-18 14:12:20,604 [Thread-2449] INFO  impl.RoleInfo (RoleInfo.java:shutdownFollowerState(121)) - 365e37ca-e893-4d15-87ab-c9b5f02d0ccc: shutdown FollowerState
2019-10-18 14:12:20,605 [Thread-2449] INFO  impl.RaftServerImpl (RaftServerImpl.java:setRole(170)) - 365e37ca-e893-4d15-87ab-c9b5f02d0ccc@group-1D8498A3B05F: changes role from  FOLLOWER to CANDIDATE at term 0 for changeToCandidate
2019-10-18 14:12:20,605 [Thread-2449] INFO  impl.RoleInfo (RoleInfo.java:updateAndGet(143)) - 365e37ca-e893-4d15-87ab-c9b5f02d0ccc: start LeaderElection
2019-10-18 14:12:20,609 [Thread-2443] INFO  impl.FollowerState (FollowerState.java:run(108)) - a32a8728-bc1a-4e0e-a06f-c1ac404caa5a@group-535892F24F18-FollowerState: change to CANDIDATE, lastRpcTime:5185ms, electionTimeout:5184ms
2019-10-18 14:12:20,610 [Thread-2443] INFO  impl.RoleInfo (RoleInfo.java:shutdownFollowerState(121)) - a32a8728-bc1a-4e0e-a06f-c1ac404caa5a: shutdown FollowerState
2019-10-18 14:12:20,610 [Thread-2443] INFO  impl.RaftServerImpl (RaftServerImpl.java:setRole(170)) - a32a8728-bc1a-4e0e-a06f-c1ac404caa5a@group-535892F24F18: changes role from  FOLLOWER to CANDIDATE at term 0 for changeToCandidate
2019-10-18 14:12:20,610 [Thread-2443] INFO  impl.RoleInfo (RoleInfo.java:updateAndGet(143)) - a32a8728-bc1a-4e0e-a06f-c1ac404caa5a: start LeaderElection
2019-10-18 14:12:20,632 [a32a8728-bc1a-4e0e-a06f-c1ac404caa5a@group-535892F24F18-LeaderElection85] INFO  impl.LeaderElection (LeaderElection.java:askForVotes(178)) - a32a8728-bc1a-4e0e-a06f-c1ac404caa5a@group-535892F24F18-LeaderElection85: begin an election at term 1 for -1: [a32a8728-bc1a-4e0e-a06f-c1ac404caa5a:192.168.34.61:43269], old=null
2019-10-18 14:12:20,632 [a32a8728-bc1a-4e0e-a06f-c1ac404caa5a@group-535892F24F18-LeaderElection85] INFO  impl.RoleInfo (RoleInfo.java:shutdownLeaderElection(134)) - a32a8728-bc1a-4e0e-a06f-c1ac404caa5a: shutdown LeaderElection
2019-10-18 14:12:20,632 [a32a8728-bc1a-4e0e-a06f-c1ac404caa5a@group-535892F24F18-LeaderElection85] INFO  impl.RaftServerImpl (RaftServerImpl.java:setRole(170)) - a32a8728-bc1a-4e0e-a06f-c1ac404caa5a@group-535892F24F18: changes role from CANDIDATE to LEADER at term 1 for changeToLeader
2019-10-18 14:12:20,632 [a32a8728-bc1a-4e0e-a06f-c1ac404caa5a@group-535892F24F18-LeaderElection85] INFO  impl.RaftServerImpl (ServerState.java:setLeader(255)) - a32a8728-bc1a-4e0e-a06f-c1ac404caa5a@group-535892F24F18: change Leader from null to a32a8728-bc1a-4e0e-a06f-c1ac404caa5a at term 1 for becomeLeader, leader elected after 5213ms
2019-10-18 14:12:20,632 [a32a8728-bc1a-4e0e-a06f-c1ac404caa5a@group-535892F24F18-LeaderElection85] INFO  server.RaftServerConfigKeys (ConfUtils.java:logGet(43)) - raft.server.staging.catchup.gap = 1000 (default)
2019-10-18 14:12:20,632 [a32a8728-bc1a-4e0e-a06f-c1ac404caa5a@group-535892F24F18-LeaderElection85] INFO  server.RaftServerConfigKeys (ConfUtils.java:logGet(43)) - raft.server.rpc.sleep.time = 25ms (default)
2019-10-18 14:12:20,633 [a32a8728-bc1a-4e0e-a06f-c1ac404caa5a@group-535892F24F18-LeaderElection85] INFO  server.RaftServerConfigKeys (ConfUtils.java:logGet(43)) - raft.server.write.element-limit = 4096 (default)
2019-10-18 14:12:20,633 [a32a8728-bc1a-4e0e-a06f-c1ac404caa5a@group-535892F24F18-LeaderElection85] INFO  server.RaftServerConfigKeys (ConfUtils.java:logGet(43)) - raft.server.watch.timeout = 10s (default)
2019-10-18 14:12:20,633 [a32a8728-bc1a-4e0e-a06f-c1ac404caa5a@group-535892F24F18-LeaderElection85] INFO  server.RaftServerConfigKeys (ConfUtils.java:logGet(43)) - raft.server.watch.timeout.denomination = 1s (default)
2019-10-18 14:12:20,633 [a32a8728-bc1a-4e0e-a06f-c1ac404caa5a@group-535892F24F18-LeaderElection85] INFO  server.RaftServerConfigKeys (ConfUtils.java:logGet(43)) - raft.server.watch.element-limit = 65536 (default)
2019-10-18 14:12:20,635 [a32a8728-bc1a-4e0e-a06f-c1ac404caa5a@group-535892F24F18-LeaderElection85] INFO  impl.RoleInfo (RoleInfo.java:updateAndGet(143)) - a32a8728-bc1a-4e0e-a06f-c1ac404caa5a: start LeaderState
2019-10-18 14:12:20,635 [a32a8728-bc1a-4e0e-a06f-c1ac404caa5a@group-535892F24F18-LeaderElection85] INFO  segmented.SegmentedRaftLogWorker (SegmentedRaftLogWorker.java:startLogSegment(385)) - a32a8728-bc1a-4e0e-a06f-c1ac404caa5a@group-535892F24F18-SegmentedRaftLogWorker: Starting segment from index:0
2019-10-18 14:12:20,636 [a32a8728-bc1a-4e0e-a06f-c1ac404caa5a@group-535892F24F18-LeaderElection85] INFO  impl.RaftServerImpl (ServerState.java:setRaftConf(356)) - a32a8728-bc1a-4e0e-a06f-c1ac404caa5a@group-535892F24F18: set configuration 0: [a32a8728-bc1a-4e0e-a06f-c1ac404caa5a:192.168.34.61:43269], old=null at 0
2019-10-18 14:12:20,650 [Thread-2446] INFO  impl.FollowerState (FollowerState.java:run(108)) - b9378c2d-a253-4d60-8cf2-00dacb35e775@group-0E4A913EC60D-FollowerState: change to CANDIDATE, lastRpcTime:5148ms, electionTimeout:5148ms
2019-10-18 14:12:20,650 [Thread-2446] INFO  impl.RoleInfo (RoleInfo.java:shutdownFollowerState(121)) - b9378c2d-a253-4d60-8cf2-00dacb35e775: shutdown FollowerState
2019-10-18 14:12:20,650 [Thread-2446] INFO  impl.RaftServerImpl (RaftServerImpl.java:setRole(170)) - b9378c2d-a253-4d60-8cf2-00dacb35e775@group-0E4A913EC60D: changes role from  FOLLOWER to CANDIDATE at term 0 for changeToCandidate
2019-10-18 14:12:20,650 [365e37ca-e893-4d15-87ab-c9b5f02d0ccc@group-1D8498A3B05F-LeaderElection84] INFO  impl.LeaderElection (LeaderElection.java:askForVotes(178)) - 365e37ca-e893-4d15-87ab-c9b5f02d0ccc@group-1D8498A3B05F-LeaderElection84: begin an election at term 1 for -1: [365e37ca-e893-4d15-87ab-c9b5f02d0ccc:192.168.34.61:41812], old=null
2019-10-18 14:12:20,650 [Thread-2446] INFO  impl.RoleInfo (RoleInfo.java:updateAndGet(143)) - b9378c2d-a253-4d60-8cf2-00dacb35e775: start LeaderElection
2019-10-18 14:12:20,651 [365e37ca-e893-4d15-87ab-c9b5f02d0ccc@group-1D8498A3B05F-LeaderElection84] INFO  impl.RoleInfo (RoleInfo.java:shutdownLeaderElection(134)) - 365e37ca-e893-4d15-87ab-c9b5f02d0ccc: shutdown LeaderElection
2019-10-18 14:12:20,651 [365e37ca-e893-4d15-87ab-c9b5f02d0ccc@group-1D8498A3B05F-LeaderElection84] INFO  impl.RaftServerImpl (RaftServerImpl.java:setRole(170)) - 365e37ca-e893-4d15-87ab-c9b5f02d0ccc@group-1D8498A3B05F: changes role from CANDIDATE to LEADER at term 1 for changeToLeader
2019-10-18 14:12:20,651 [365e37ca-e893-4d15-87ab-c9b5f02d0ccc@group-1D8498A3B05F-LeaderElection84] INFO  impl.RaftServerImpl (ServerState.java:setLeader(255)) - 365e37ca-e893-4d15-87ab-c9b5f02d0ccc@group-1D8498A3B05F: change Leader from null to 365e37ca-e893-4d15-87ab-c9b5f02d0ccc at term 1 for becomeLeader, leader elected after 5079ms
2019-10-18 14:12:20,672 [365e37ca-e893-4d15-87ab-c9b5f02d0ccc@group-1D8498A3B05F-LeaderElection84] INFO  server.RaftServerConfigKeys (ConfUtils.java:logGet(43)) - raft.server.staging.catchup.gap = 1000 (default)
2019-10-18 14:12:20,674 [365e37ca-e893-4d15-87ab-c9b5f02d0ccc@group-1D8498A3B05F-LeaderElection84] INFO  server.RaftServerConfigKeys (ConfUtils.java:logGet(43)) - raft.server.rpc.sleep.time = 25ms (default)
2019-10-18 14:12:20,674 [365e37ca-e893-4d15-87ab-c9b5f02d0ccc@group-1D8498A3B05F-LeaderElection84] INFO  server.RaftServerConfigKeys (ConfUtils.java:logGet(43)) - raft.server.write.element-limit = 4096 (default)
2019-10-18 14:12:20,674 [365e37ca-e893-4d15-87ab-c9b5f02d0ccc@group-1D8498A3B05F-LeaderElection84] INFO  server.RaftServerConfigKeys (ConfUtils.java:logGet(43)) - raft.server.watch.timeout = 10s (default)
2019-10-18 14:12:20,675 [365e37ca-e893-4d15-87ab-c9b5f02d0ccc@group-1D8498A3B05F-LeaderElection84] INFO  server.RaftServerConfigKeys (ConfUtils.java:logGet(43)) - raft.server.watch.timeout.denomination = 1s (default)
2019-10-18 14:12:20,675 [365e37ca-e893-4d15-87ab-c9b5f02d0ccc@group-1D8498A3B05F-LeaderElection84] INFO  server.RaftServerConfigKeys (ConfUtils.java:logGet(43)) - raft.server.watch.element-limit = 65536 (default)
2019-10-18 14:12:20,676 [365e37ca-e893-4d15-87ab-c9b5f02d0ccc@group-1D8498A3B05F-LeaderElection84] INFO  impl.RoleInfo (RoleInfo.java:updateAndGet(143)) - 365e37ca-e893-4d15-87ab-c9b5f02d0ccc: start LeaderState
2019-10-18 14:12:20,676 [365e37ca-e893-4d15-87ab-c9b5f02d0ccc@group-1D8498A3B05F-LeaderElection84] INFO  segmented.SegmentedRaftLogWorker (SegmentedRaftLogWorker.java:startLogSegment(385)) - 365e37ca-e893-4d15-87ab-c9b5f02d0ccc@group-1D8498A3B05F-SegmentedRaftLogWorker: Starting segment from index:0
2019-10-18 14:12:20,677 [365e37ca-e893-4d15-87ab-c9b5f02d0ccc@group-1D8498A3B05F-LeaderElection84] INFO  impl.RaftServerImpl (ServerState.java:setRaftConf(356)) - 365e37ca-e893-4d15-87ab-c9b5f02d0ccc@group-1D8498A3B05F: set configuration 0: [365e37ca-e893-4d15-87ab-c9b5f02d0ccc:192.168.34.61:41812], old=null at 0
2019-10-18 14:12:20,713 [a32a8728-bc1a-4e0e-a06f-c1ac404caa5a@group-535892F24F18-SegmentedRaftLogWorker] INFO  segmented.SegmentedRaftLogWorker (SegmentedRaftLogWorker.java:execute(574)) - a32a8728-bc1a-4e0e-a06f-c1ac404caa5a@group-535892F24F18-SegmentedRaftLogWorker: created new log segment /workdir/hadoop-ozone/integration-test/target/test-dir/MiniOzoneClusterImpl-1b3b65e9-0d6f-42e9-b73e-0ac44ea75486/datanode-3/data/ratis/57ccef74-4afb-421d-addb-535892f24f18/current/log_inprogress_0
2019-10-18 14:12:20,713 [b9378c2d-a253-4d60-8cf2-00dacb35e775@group-0E4A913EC60D-LeaderElection86] INFO  impl.LeaderElection (LeaderElection.java:askForVotes(178)) - b9378c2d-a253-4d60-8cf2-00dacb35e775@group-0E4A913EC60D-LeaderElection86: begin an election at term 1 for -1: [b9378c2d-a253-4d60-8cf2-00dacb35e775:192.168.34.61:46010], old=null
2019-10-18 14:12:20,713 [b9378c2d-a253-4d60-8cf2-00dacb35e775@group-0E4A913EC60D-LeaderElection86] INFO  impl.RoleInfo (RoleInfo.java:shutdownLeaderElection(134)) - b9378c2d-a253-4d60-8cf2-00dacb35e775: shutdown LeaderElection
2019-10-18 14:12:20,713 [b9378c2d-a253-4d60-8cf2-00dacb35e775@group-0E4A913EC60D-LeaderElection86] INFO  impl.RaftServerImpl (RaftServerImpl.java:setRole(170)) - b9378c2d-a253-4d60-8cf2-00dacb35e775@group-0E4A913EC60D: changes role from CANDIDATE to LEADER at term 1 for changeToLeader
2019-10-18 14:12:20,713 [b9378c2d-a253-4d60-8cf2-00dacb35e775@group-0E4A913EC60D-LeaderElection86] INFO  impl.RaftServerImpl (ServerState.java:setLeader(255)) - b9378c2d-a253-4d60-8cf2-00dacb35e775@group-0E4A913EC60D: change Leader from null to b9378c2d-a253-4d60-8cf2-00dacb35e775 at term 1 for becomeLeader, leader elected after 5218ms
2019-10-18 14:12:20,714 [b9378c2d-a253-4d60-8cf2-00dacb35e775@group-0E4A913EC60D-LeaderElection86] INFO  server.RaftServerConfigKeys (ConfUtils.java:logGet(43)) - raft.server.staging.catchup.gap = 1000 (default)
2019-10-18 14:12:20,714 [b9378c2d-a253-4d60-8cf2-00dacb35e775@group-0E4A913EC60D-LeaderElection86] INFO  server.RaftServerConfigKeys (ConfUtils.java:logGet(43)) - raft.server.rpc.sleep.time = 25ms (default)
2019-10-18 14:12:20,714 [b9378c2d-a253-4d60-8cf2-00dacb35e775@group-0E4A913EC60D-LeaderElection86] INFO  server.RaftServerConfigKeys (ConfUtils.java:logGet(43)) - raft.server.write.element-limit = 4096 (default)
2019-10-18 14:12:20,714 [b9378c2d-a253-4d60-8cf2-00dacb35e775@group-0E4A913EC60D-LeaderElection86] INFO  server.RaftServerConfigKeys (ConfUtils.java:logGet(43)) - raft.server.watch.timeout = 10s (default)
2019-10-18 14:12:20,714 [b9378c2d-a253-4d60-8cf2-00dacb35e775@group-0E4A913EC60D-LeaderElection86] INFO  server.RaftServerConfigKeys (ConfUtils.java:logGet(43)) - raft.server.watch.timeout.denomination = 1s (default)
2019-10-18 14:12:20,714 [b9378c2d-a253-4d60-8cf2-00dacb35e775@group-0E4A913EC60D-LeaderElection86] INFO  server.RaftServerConfigKeys (ConfUtils.java:logGet(43)) - raft.server.watch.element-limit = 65536 (default)
2019-10-18 14:12:20,718 [b9378c2d-a253-4d60-8cf2-00dacb35e775@group-0E4A913EC60D-LeaderElection86] INFO  impl.RoleInfo (RoleInfo.java:updateAndGet(143)) - b9378c2d-a253-4d60-8cf2-00dacb35e775: start LeaderState
2019-10-18 14:12:20,719 [b9378c2d-a253-4d60-8cf2-00dacb35e775@group-0E4A913EC60D-LeaderElection86] INFO  segmented.SegmentedRaftLogWorker (SegmentedRaftLogWorker.java:startLogSegment(385)) - b9378c2d-a253-4d60-8cf2-00dacb35e775@group-0E4A913EC60D-SegmentedRaftLogWorker: Starting segment from index:0
2019-10-18 14:12:20,719 [b9378c2d-a253-4d60-8cf2-00dacb35e775@group-0E4A913EC60D-LeaderElection86] INFO  impl.RaftServerImpl (ServerState.java:setRaftConf(356)) - b9378c2d-a253-4d60-8cf2-00dacb35e775@group-0E4A913EC60D: set configuration 0: [b9378c2d-a253-4d60-8cf2-00dacb35e775:192.168.34.61:46010], old=null at 0
2019-10-18 14:12:20,726 [365e37ca-e893-4d15-87ab-c9b5f02d0ccc@group-1D8498A3B05F-SegmentedRaftLogWorker] INFO  segmented.SegmentedRaftLogWorker (SegmentedRaftLogWorker.java:execute(574)) - 365e37ca-e893-4d15-87ab-c9b5f02d0ccc@group-1D8498A3B05F-SegmentedRaftLogWorker: created new log segment /workdir/hadoop-ozone/integration-test/target/test-dir/MiniOzoneClusterImpl-1b3b65e9-0d6f-42e9-b73e-0ac44ea75486/datanode-5/data/ratis/aae3a711-c371-4dec-b720-1d8498a3b05f/current/log_inprogress_0
2019-10-18 14:12:20,727 [Thread-2452] INFO  impl.FollowerState (FollowerState.java:run(108)) - d67d7a8a-48fc-4760-af70-d9214651956a@group-6B46B5962739-FollowerState: change to CANDIDATE, lastRpcTime:5090ms, electionTimeout:5090ms
2019-10-18 14:12:20,727 [Thread-2452] INFO  impl.RoleInfo (RoleInfo.java:shutdownFollowerState(121)) - d67d7a8a-48fc-4760-af70-d9214651956a: shutdown FollowerState
2019-10-18 14:12:20,727 [Thread-2452] INFO  impl.RaftServerImpl (RaftServerImpl.java:setRole(170)) - d67d7a8a-48fc-4760-af70-d9214651956a@group-6B46B5962739: changes role from  FOLLOWER to CANDIDATE at term 0 for changeToCandidate
2019-10-18 14:12:20,728 [Thread-2452] INFO  impl.RoleInfo (RoleInfo.java:updateAndGet(143)) - d67d7a8a-48fc-4760-af70-d9214651956a: start LeaderElection
2019-10-18 14:12:20,774 [b9378c2d-a253-4d60-8cf2-00dacb35e775@group-0E4A913EC60D-SegmentedRaftLogWorker] INFO  segmented.SegmentedRaftLogWorker (SegmentedRaftLogWorker.java:execute(574)) - b9378c2d-a253-4d60-8cf2-00dacb35e775@group-0E4A913EC60D-SegmentedRaftLogWorker: created new log segment /workdir/hadoop-ozone/integration-test/target/test-dir/MiniOzoneClusterImpl-1b3b65e9-0d6f-42e9-b73e-0ac44ea75486/datanode-4/data/ratis/0efcd987-ebd7-4fd1-afea-0e4a913ec60d/current/log_inprogress_0
2019-10-18 14:12:20,775 [d67d7a8a-48fc-4760-af70-d9214651956a@group-6B46B5962739-LeaderElection87] INFO  impl.LeaderElection (LeaderElection.java:askForVotes(178)) - d67d7a8a-48fc-4760-af70-d9214651956a@group-6B46B5962739-LeaderElection87: begin an election at term 1 for -1: [d67d7a8a-48fc-4760-af70-d9214651956a:192.168.34.61:44353], old=null
2019-10-18 14:12:20,775 [d67d7a8a-48fc-4760-af70-d9214651956a@group-6B46B5962739-LeaderElection87] INFO  impl.RoleInfo (RoleInfo.java:shutdownLeaderElection(134)) - d67d7a8a-48fc-4760-af70-d9214651956a: shutdown LeaderElection
2019-10-18 14:12:20,775 [d67d7a8a-48fc-4760-af70-d9214651956a@group-6B46B5962739-LeaderElection87] INFO  impl.RaftServerImpl (RaftServerImpl.java:setRole(170)) - d67d7a8a-48fc-4760-af70-d9214651956a@group-6B46B5962739: changes role from CANDIDATE to LEADER at term 1 for changeToLeader
2019-10-18 14:12:20,775 [d67d7a8a-48fc-4760-af70-d9214651956a@group-6B46B5962739-LeaderElection87] INFO  impl.RaftServerImpl (ServerState.java:setLeader(255)) - d67d7a8a-48fc-4760-af70-d9214651956a@group-6B46B5962739: change Leader from null to d67d7a8a-48fc-4760-af70-d9214651956a at term 1 for becomeLeader, leader elected after 5143ms
2019-10-18 14:12:20,775 [d67d7a8a-48fc-4760-af70-d9214651956a@group-6B46B5962739-LeaderElection87] INFO  server.RaftServerConfigKeys (ConfUtils.java:logGet(43)) - raft.server.staging.catchup.gap = 1000 (default)
2019-10-18 14:12:20,775 [d67d7a8a-48fc-4760-af70-d9214651956a@group-6B46B5962739-LeaderElection87] INFO  server.RaftServerConfigKeys (ConfUtils.java:logGet(43)) - raft.server.rpc.sleep.time = 25ms (default)
2019-10-18 14:12:20,775 [d67d7a8a-48fc-4760-af70-d9214651956a@group-6B46B5962739-LeaderElection87] INFO  server.RaftServerConfigKeys (ConfUtils.java:logGet(43)) - raft.server.write.element-limit = 4096 (default)
2019-10-18 14:12:20,776 [d67d7a8a-48fc-4760-af70-d9214651956a@group-6B46B5962739-LeaderElection87] INFO  server.RaftServerConfigKeys (ConfUtils.java:logGet(43)) - raft.server.watch.timeout = 10s (default)
2019-10-18 14:12:20,776 [d67d7a8a-48fc-4760-af70-d9214651956a@group-6B46B5962739-LeaderElection87] INFO  server.RaftServerConfigKeys (ConfUtils.java:logGet(43)) - raft.server.watch.timeout.denomination = 1s (default)
2019-10-18 14:12:20,776 [d67d7a8a-48fc-4760-af70-d9214651956a@group-6B46B5962739-LeaderElection87] INFO  server.RaftServerConfigKeys (ConfUtils.java:logGet(43)) - raft.server.watch.element-limit = 65536 (default)
2019-10-18 14:12:20,777 [d67d7a8a-48fc-4760-af70-d9214651956a@group-6B46B5962739-LeaderElection87] INFO  impl.RoleInfo (RoleInfo.java:updateAndGet(143)) - d67d7a8a-48fc-4760-af70-d9214651956a: start LeaderState
2019-10-18 14:12:20,778 [d67d7a8a-48fc-4760-af70-d9214651956a@group-6B46B5962739-LeaderElection87] INFO  segmented.SegmentedRaftLogWorker (SegmentedRaftLogWorker.java:startLogSegment(385)) - d67d7a8a-48fc-4760-af70-d9214651956a@group-6B46B5962739-SegmentedRaftLogWorker: Starting segment from index:0
2019-10-18 14:12:20,778 [d67d7a8a-48fc-4760-af70-d9214651956a@group-6B46B5962739-LeaderElection87] INFO  impl.RaftServerImpl (ServerState.java:setRaftConf(356)) - d67d7a8a-48fc-4760-af70-d9214651956a@group-6B46B5962739: set configuration 0: [d67d7a8a-48fc-4760-af70-d9214651956a:192.168.34.61:44353], old=null at 0
2019-10-18 14:12:20,819 [d67d7a8a-48fc-4760-af70-d9214651956a@group-6B46B5962739-SegmentedRaftLogWorker] INFO  segmented.SegmentedRaftLogWorker (SegmentedRaftLogWorker.java:execute(574)) - d67d7a8a-48fc-4760-af70-d9214651956a@group-6B46B5962739-SegmentedRaftLogWorker: created new log segment /workdir/hadoop-ozone/integration-test/target/test-dir/MiniOzoneClusterImpl-1b3b65e9-0d6f-42e9-b73e-0ac44ea75486/datanode-6/data/ratis/a032cc74-fd9a-467a-9e47-6b46b5962739/current/log_inprogress_0
2019-10-18 14:12:20,827 [Thread-2468] INFO  impl.FollowerState (FollowerState.java:run(108)) - b327581a-11bf-47b7-ad89-db9698439853@group-0E15B5F858CC-FollowerState: change to CANDIDATE, lastRpcTime:5004ms, electionTimeout:5004ms
2019-10-18 14:12:20,827 [Thread-2468] INFO  impl.RoleInfo (RoleInfo.java:shutdownFollowerState(121)) - b327581a-11bf-47b7-ad89-db9698439853: shutdown FollowerState
2019-10-18 14:12:20,827 [Thread-2468] INFO  impl.RaftServerImpl (RaftServerImpl.java:setRole(170)) - b327581a-11bf-47b7-ad89-db9698439853@group-0E15B5F858CC: changes role from  FOLLOWER to CANDIDATE at term 0 for changeToCandidate
2019-10-18 14:12:20,827 [Thread-2468] INFO  impl.RoleInfo (RoleInfo.java:updateAndGet(143)) - b327581a-11bf-47b7-ad89-db9698439853: start LeaderElection
2019-10-18 14:12:20,847 [Thread-2460] INFO  impl.FollowerState (FollowerState.java:run(108)) - d67d7a8a-48fc-4760-af70-d9214651956a@group-198FEFAAAD3B-FollowerState: change to CANDIDATE, lastRpcTime:5110ms, electionTimeout:5110ms
2019-10-18 14:12:20,847 [Thread-2460] INFO  impl.RoleInfo (RoleInfo.java:shutdownFollowerState(121)) - d67d7a8a-48fc-4760-af70-d9214651956a: shutdown FollowerState
2019-10-18 14:12:20,847 [Thread-2460] INFO  impl.RaftServerImpl (RaftServerImpl.java:setRole(170)) - d67d7a8a-48fc-4760-af70-d9214651956a@group-198FEFAAAD3B: changes role from  FOLLOWER to CANDIDATE at term 0 for changeToCandidate
2019-10-18 14:12:20,847 [Thread-2460] INFO  impl.RoleInfo (RoleInfo.java:updateAndGet(143)) - d67d7a8a-48fc-4760-af70-d9214651956a: start LeaderElection
2019-10-18 14:12:20,857 [Thread-2456] INFO  impl.FollowerState (FollowerState.java:run(108)) - b9378c2d-a253-4d60-8cf2-00dacb35e775@group-198FEFAAAD3B-FollowerState: change to CANDIDATE, lastRpcTime:5124ms, electionTimeout:5124ms
2019-10-18 14:12:20,858 [Thread-2456] INFO  impl.RoleInfo (RoleInfo.java:shutdownFollowerState(121)) - b9378c2d-a253-4d60-8cf2-00dacb35e775: shutdown FollowerState
2019-10-18 14:12:20,858 [Thread-2456] INFO  impl.RaftServerImpl (RaftServerImpl.java:setRole(170)) - b9378c2d-a253-4d60-8cf2-00dacb35e775@group-198FEFAAAD3B: changes role from  FOLLOWER to CANDIDATE at term 0 for changeToCandidate
2019-10-18 14:12:20,858 [b327581a-11bf-47b7-ad89-db9698439853@group-0E15B5F858CC-LeaderElection88] INFO  impl.LeaderElection (LeaderElection.java:askForVotes(178)) - b327581a-11bf-47b7-ad89-db9698439853@group-0E15B5F858CC-LeaderElection88: begin an election at term 1 for -1: [b327581a-11bf-47b7-ad89-db9698439853:192.168.34.61:44678, 365e37ca-e893-4d15-87ab-c9b5f02d0ccc:192.168.34.61:41812, a32a8728-bc1a-4e0e-a06f-c1ac404caa5a:192.168.34.61:43269], old=null
2019-10-18 14:12:20,858 [Thread-2456] INFO  impl.RoleInfo (RoleInfo.java:updateAndGet(143)) - b9378c2d-a253-4d60-8cf2-00dacb35e775: start LeaderElection
2019-10-18 14:12:20,866 [grpc-default-executor-5] INFO  impl.RaftServerImpl (RaftServerImpl.java:setRole(170)) - a32a8728-bc1a-4e0e-a06f-c1ac404caa5a@group-0E15B5F858CC: changes role from  FOLLOWER to FOLLOWER at term 1 for recognizeCandidate:b327581a-11bf-47b7-ad89-db9698439853
2019-10-18 14:12:20,866 [grpc-default-executor-0] INFO  impl.RaftServerImpl (RaftServerImpl.java:setRole(170)) - 365e37ca-e893-4d15-87ab-c9b5f02d0ccc@group-0E15B5F858CC: changes role from  FOLLOWER to FOLLOWER at term 1 for recognizeCandidate:b327581a-11bf-47b7-ad89-db9698439853
2019-10-18 14:12:20,866 [grpc-default-executor-5] INFO  impl.RoleInfo (RoleInfo.java:shutdownFollowerState(121)) - a32a8728-bc1a-4e0e-a06f-c1ac404caa5a: shutdown FollowerState
2019-10-18 14:12:20,867 [grpc-default-executor-0] INFO  impl.RoleInfo (RoleInfo.java:shutdownFollowerState(121)) - 365e37ca-e893-4d15-87ab-c9b5f02d0ccc: shutdown FollowerState
2019-10-18 14:12:20,867 [Thread-2469] INFO  impl.FollowerState (FollowerState.java:run(117)) - a32a8728-bc1a-4e0e-a06f-c1ac404caa5a@group-0E15B5F858CC-FollowerState was interrupted: java.lang.InterruptedException: sleep interrupted
2019-10-18 14:12:20,867 [grpc-default-executor-5] INFO  impl.RoleInfo (RoleInfo.java:updateAndGet(143)) - a32a8728-bc1a-4e0e-a06f-c1ac404caa5a: start FollowerState
2019-10-18 14:12:20,867 [Thread-2464] INFO  impl.FollowerState (FollowerState.java:run(117)) - 365e37ca-e893-4d15-87ab-c9b5f02d0ccc@group-0E15B5F858CC-FollowerState was interrupted: java.lang.InterruptedException: sleep interrupted
2019-10-18 14:12:20,867 [grpc-default-executor-0] INFO  impl.RoleInfo (RoleInfo.java:updateAndGet(143)) - 365e37ca-e893-4d15-87ab-c9b5f02d0ccc: start FollowerState
2019-10-18 14:12:20,903 [b9378c2d-a253-4d60-8cf2-00dacb35e775@group-198FEFAAAD3B-LeaderElection90] INFO  impl.LeaderElection (LeaderElection.java:askForVotes(178)) - b9378c2d-a253-4d60-8cf2-00dacb35e775@group-198FEFAAAD3B-LeaderElection90: begin an election at term 1 for -1: [d67d7a8a-48fc-4760-af70-d9214651956a:192.168.34.61:44353, bfc21bf7-2b4f-46f8-acca-4e109eff9825:192.168.34.61:35859, b9378c2d-a253-4d60-8cf2-00dacb35e775:192.168.34.61:46010], old=null
2019-10-18 14:12:20,903 [d67d7a8a-48fc-4760-af70-d9214651956a@group-198FEFAAAD3B-LeaderElection89] INFO  impl.LeaderElection (LeaderElection.java:askForVotes(178)) - d67d7a8a-48fc-4760-af70-d9214651956a@group-198FEFAAAD3B-LeaderElection89: begin an election at term 1 for -1: [d67d7a8a-48fc-4760-af70-d9214651956a:192.168.34.61:44353, bfc21bf7-2b4f-46f8-acca-4e109eff9825:192.168.34.61:35859, b9378c2d-a253-4d60-8cf2-00dacb35e775:192.168.34.61:46010], old=null
2019-10-18 14:12:20,907 [grpc-default-executor-6] INFO  impl.RaftServerImpl (RaftServerImpl.java:setRole(170)) - bfc21bf7-2b4f-46f8-acca-4e109eff9825@group-198FEFAAAD3B: changes role from  FOLLOWER to FOLLOWER at term 1 for recognizeCandidate:b9378c2d-a253-4d60-8cf2-00dacb35e775
2019-10-18 14:12:20,908 [grpc-default-executor-6] INFO  impl.RoleInfo (RoleInfo.java:shutdownFollowerState(121)) - bfc21bf7-2b4f-46f8-acca-4e109eff9825: shutdown FollowerState
2019-10-18 14:12:20,908 [grpc-default-executor-6] INFO  impl.RoleInfo (RoleInfo.java:updateAndGet(143)) - bfc21bf7-2b4f-46f8-acca-4e109eff9825: start FollowerState
2019-10-18 14:12:20,908 [Thread-2458] INFO  impl.FollowerState (FollowerState.java:run(117)) - bfc21bf7-2b4f-46f8-acca-4e109eff9825@group-198FEFAAAD3B-FollowerState was interrupted: java.lang.InterruptedException: sleep interrupted
2019-10-18 14:12:20,913 [b327581a-11bf-47b7-ad89-db9698439853@group-0E15B5F858CC-LeaderElection88] INFO  impl.LeaderElection (LeaderElection.java:logAndReturn(56)) - b327581a-11bf-47b7-ad89-db9698439853@group-0E15B5F858CC-LeaderElection88: Election PASSED; received 1 response(s) [b327581a-11bf-47b7-ad89-db9698439853<-a32a8728-bc1a-4e0e-a06f-c1ac404caa5a#0:OK-t1] and 0 exception(s); b327581a-11bf-47b7-ad89-db9698439853@group-0E15B5F858CC:t1, leader=null, voted=b327581a-11bf-47b7-ad89-db9698439853, raftlog=b327581a-11bf-47b7-ad89-db9698439853@group-0E15B5F858CC-SegmentedRaftLog:OPENED:c-1,f-1,i0, conf=-1: [b327581a-11bf-47b7-ad89-db9698439853:192.168.34.61:44678, 365e37ca-e893-4d15-87ab-c9b5f02d0ccc:192.168.34.61:41812, a32a8728-bc1a-4e0e-a06f-c1ac404caa5a:192.168.34.61:43269], old=null
2019-10-18 14:12:20,913 [b327581a-11bf-47b7-ad89-db9698439853@group-0E15B5F858CC-LeaderElection88] INFO  impl.RoleInfo (RoleInfo.java:shutdownLeaderElection(134)) - b327581a-11bf-47b7-ad89-db9698439853: shutdown LeaderElection
2019-10-18 14:12:20,913 [b327581a-11bf-47b7-ad89-db9698439853@group-0E15B5F858CC-LeaderElection88] INFO  impl.RaftServerImpl (RaftServerImpl.java:setRole(170)) - b327581a-11bf-47b7-ad89-db9698439853@group-0E15B5F858CC: changes role from CANDIDATE to LEADER at term 1 for changeToLeader
2019-10-18 14:12:20,914 [b327581a-11bf-47b7-ad89-db9698439853@group-0E15B5F858CC-LeaderElection88] INFO  impl.RaftServerImpl (ServerState.java:setLeader(255)) - b327581a-11bf-47b7-ad89-db9698439853@group-0E15B5F858CC: change Leader from null to b327581a-11bf-47b7-ad89-db9698439853 at term 1 for becomeLeader, leader elected after 5103ms
2019-10-18 14:12:20,914 [b327581a-11bf-47b7-ad89-db9698439853@group-0E15B5F858CC-LeaderElection88] INFO  server.RaftServerConfigKeys (ConfUtils.java:logGet(43)) - raft.server.staging.catchup.gap = 1000 (default)
2019-10-18 14:12:20,914 [b327581a-11bf-47b7-ad89-db9698439853@group-0E15B5F858CC-LeaderElection88] INFO  server.RaftServerConfigKeys (ConfUtils.java:logGet(43)) - raft.server.rpc.sleep.time = 25ms (default)
2019-10-18 14:12:20,914 [b327581a-11bf-47b7-ad89-db9698439853@group-0E15B5F858CC-LeaderElection88] INFO  server.RaftServerConfigKeys (ConfUtils.java:logGet(43)) - raft.server.write.element-limit = 4096 (default)
2019-10-18 14:12:20,914 [b327581a-11bf-47b7-ad89-db9698439853@group-0E15B5F858CC-LeaderElection88] INFO  server.RaftServerConfigKeys (ConfUtils.java:logGet(43)) - raft.server.watch.timeout = 10s (default)
2019-10-18 14:12:20,914 [b327581a-11bf-47b7-ad89-db9698439853@group-0E15B5F858CC-LeaderElection88] INFO  server.RaftServerConfigKeys (ConfUtils.java:logGet(43)) - raft.server.watch.timeout.denomination = 1s (default)
2019-10-18 14:12:20,914 [b327581a-11bf-47b7-ad89-db9698439853@group-0E15B5F858CC-LeaderElection88] INFO  server.RaftServerConfigKeys (ConfUtils.java:logGet(43)) - raft.server.watch.element-limit = 65536 (default)
2019-10-18 14:12:20,916 [b327581a-11bf-47b7-ad89-db9698439853@group-0E15B5F858CC-LeaderElection88] INFO  server.RaftServerConfigKeys (ConfUtils.java:logGet(43)) - raft.server.log.appender.snapshot.chunk.size.max = 16MB (=16777216) (default)
2019-10-18 14:12:20,916 [b327581a-11bf-47b7-ad89-db9698439853@group-0E15B5F858CC-LeaderElection88] INFO  server.RaftServerConfigKeys (ConfUtils.java:logGet(43)) - raft.server.log.appender.buffer.byte-limit = 33554432 (custom)
2019-10-18 14:12:20,916 [b327581a-11bf-47b7-ad89-db9698439853@group-0E15B5F858CC-LeaderElection88] INFO  server.RaftServerConfigKeys (ConfUtils.java:logGet(43)) - raft.server.log.appender.buffer.element-limit = 1 (custom)
2019-10-18 14:12:20,916 [b327581a-11bf-47b7-ad89-db9698439853@group-0E15B5F858CC-LeaderElection88] INFO  grpc.GrpcConfigKeys$Server (ConfUtils.java:logGet(43)) - raft.grpc.server.leader.outstanding.appends.max = 128 (default)
2019-10-18 14:12:20,917 [b327581a-11bf-47b7-ad89-db9698439853@group-0E15B5F858CC-LeaderElection88] INFO  server.RaftServerConfigKeys (ConfUtils.java:logGet(43)) - raft.server.rpc.request.timeout = 3000ms (default)
2019-10-18 14:12:20,917 [b327581a-11bf-47b7-ad89-db9698439853@group-0E15B5F858CC-LeaderElection88] INFO  server.RaftServerConfigKeys (ConfUtils.java:logGet(43)) - raft.server.log.appender.install.snapshot.enabled = false (custom)
2019-10-18 14:12:20,917 [b327581a-11bf-47b7-ad89-db9698439853@group-0E15B5F858CC-LeaderElection88] INFO  server.RaftServerConfigKeys (ConfUtils.java:logGet(43)) - raft.server.log.appender.snapshot.chunk.size.max = 16MB (=16777216) (default)
2019-10-18 14:12:20,917 [b327581a-11bf-47b7-ad89-db9698439853@group-0E15B5F858CC-LeaderElection88] INFO  server.RaftServerConfigKeys (ConfUtils.java:logGet(43)) - raft.server.log.appender.buffer.byte-limit = 33554432 (custom)
2019-10-18 14:12:20,917 [b327581a-11bf-47b7-ad89-db9698439853@group-0E15B5F858CC-LeaderElection88] INFO  server.RaftServerConfigKeys (ConfUtils.java:logGet(43)) - raft.server.log.appender.buffer.element-limit = 1 (custom)
2019-10-18 14:12:20,917 [b327581a-11bf-47b7-ad89-db9698439853@group-0E15B5F858CC-LeaderElection88] INFO  grpc.GrpcConfigKeys$Server (ConfUtils.java:logGet(43)) - raft.grpc.server.leader.outstanding.appends.max = 128 (default)
2019-10-18 14:12:20,917 [b327581a-11bf-47b7-ad89-db9698439853@group-0E15B5F858CC-LeaderElection88] INFO  server.RaftServerConfigKeys (ConfUtils.java:logGet(43)) - raft.server.rpc.request.timeout = 3000ms (default)
2019-10-18 14:12:20,918 [b327581a-11bf-47b7-ad89-db9698439853@group-0E15B5F858CC-LeaderElection88] INFO  server.RaftServerConfigKeys (ConfUtils.java:logGet(43)) - raft.server.log.appender.install.snapshot.enabled = false (custom)
2019-10-18 14:12:20,918 [b327581a-11bf-47b7-ad89-db9698439853@group-0E15B5F858CC-LeaderElection88] INFO  impl.RoleInfo (RoleInfo.java:updateAndGet(143)) - b327581a-11bf-47b7-ad89-db9698439853: start LeaderState
2019-10-18 14:12:20,918 [b327581a-11bf-47b7-ad89-db9698439853@group-0E15B5F858CC-LeaderElection88] INFO  segmented.SegmentedRaftLogWorker (SegmentedRaftLogWorker.java:startLogSegment(385)) - b327581a-11bf-47b7-ad89-db9698439853@group-0E15B5F858CC-SegmentedRaftLogWorker: Starting segment from index:0
2019-10-18 14:12:20,918 [b327581a-11bf-47b7-ad89-db9698439853@group-0E15B5F858CC-LeaderElection88] INFO  impl.RaftServerImpl (ServerState.java:setRaftConf(356)) - b327581a-11bf-47b7-ad89-db9698439853@group-0E15B5F858CC: set configuration 0: [b327581a-11bf-47b7-ad89-db9698439853:192.168.34.61:44678, 365e37ca-e893-4d15-87ab-c9b5f02d0ccc:192.168.34.61:41812, a32a8728-bc1a-4e0e-a06f-c1ac404caa5a:192.168.34.61:43269], old=null at 0
2019-10-18 14:12:20,920 [grpc-default-executor-0] INFO  impl.RaftServerImpl (ServerState.java:setLeader(255)) - 365e37ca-e893-4d15-87ab-c9b5f02d0ccc@group-0E15B5F858CC: change Leader from null to b327581a-11bf-47b7-ad89-db9698439853 at term 1 for appendEntries, leader elected after 5109ms
2019-10-18 14:12:20,927 [grpc-default-executor-5] INFO  impl.RaftServerImpl (ServerState.java:setLeader(255)) - a32a8728-bc1a-4e0e-a06f-c1ac404caa5a@group-0E15B5F858CC: change Leader from null to b327581a-11bf-47b7-ad89-db9698439853 at term 1 for appendEntries, leader elected after 5109ms
2019-10-18 14:12:20,960 [grpc-default-executor-0] INFO  impl.RaftServerImpl (ServerState.java:setRaftConf(356)) - 365e37ca-e893-4d15-87ab-c9b5f02d0ccc@group-0E15B5F858CC: set configuration 0: [b327581a-11bf-47b7-ad89-db9698439853:192.168.34.61:44678, 365e37ca-e893-4d15-87ab-c9b5f02d0ccc:192.168.34.61:41812, a32a8728-bc1a-4e0e-a06f-c1ac404caa5a:192.168.34.61:43269], old=null at 0
2019-10-18 14:12:20,960 [grpc-default-executor-0] INFO  segmented.SegmentedRaftLogWorker (SegmentedRaftLogWorker.java:startLogSegment(385)) - 365e37ca-e893-4d15-87ab-c9b5f02d0ccc@group-0E15B5F858CC-SegmentedRaftLogWorker: Starting segment from index:0
2019-10-18 14:12:20,989 [d67d7a8a-48fc-4760-af70-d9214651956a@group-198FEFAAAD3B-LeaderElection89] INFO  impl.LeaderElection (LeaderElection.java:logAndReturn(56)) - d67d7a8a-48fc-4760-af70-d9214651956a@group-198FEFAAAD3B-LeaderElection89: Election REJECTED; received 2 response(s) [d67d7a8a-48fc-4760-af70-d9214651956a<-bfc21bf7-2b4f-46f8-acca-4e109eff9825#0:FAIL-t1, d67d7a8a-48fc-4760-af70-d9214651956a<-b9378c2d-a253-4d60-8cf2-00dacb35e775#0:FAIL-t1] and 0 exception(s); d67d7a8a-48fc-4760-af70-d9214651956a@group-198FEFAAAD3B:t1, leader=null, voted=d67d7a8a-48fc-4760-af70-d9214651956a, raftlog=d67d7a8a-48fc-4760-af70-d9214651956a@group-198FEFAAAD3B-SegmentedRaftLog:OPENED:c-1,f-1,i0, conf=-1: [d67d7a8a-48fc-4760-af70-d9214651956a:192.168.34.61:44353, bfc21bf7-2b4f-46f8-acca-4e109eff9825:192.168.34.61:35859, b9378c2d-a253-4d60-8cf2-00dacb35e775:192.168.34.61:46010], old=null
2019-10-18 14:12:20,989 [b9378c2d-a253-4d60-8cf2-00dacb35e775@group-198FEFAAAD3B-LeaderElection90] INFO  impl.LeaderElection (LeaderElection.java:logAndReturn(56)) - b9378c2d-a253-4d60-8cf2-00dacb35e775@group-198FEFAAAD3B-LeaderElection90: Election PASSED; received 2 response(s) [b9378c2d-a253-4d60-8cf2-00dacb35e775<-d67d7a8a-48fc-4760-af70-d9214651956a#0:FAIL-t1, b9378c2d-a253-4d60-8cf2-00dacb35e775<-bfc21bf7-2b4f-46f8-acca-4e109eff9825#0:OK-t1] and 0 exception(s); b9378c2d-a253-4d60-8cf2-00dacb35e775@group-198FEFAAAD3B:t1, leader=null, voted=b9378c2d-a253-4d60-8cf2-00dacb35e775, raftlog=b9378c2d-a253-4d60-8cf2-00dacb35e775@group-198FEFAAAD3B-SegmentedRaftLog:OPENED:c-1,f-1,i0, conf=-1: [d67d7a8a-48fc-4760-af70-d9214651956a:192.168.34.61:44353, bfc21bf7-2b4f-46f8-acca-4e109eff9825:192.168.34.61:35859, b9378c2d-a253-4d60-8cf2-00dacb35e775:192.168.34.61:46010], old=null
2019-10-18 14:12:20,989 [d67d7a8a-48fc-4760-af70-d9214651956a@group-198FEFAAAD3B-LeaderElection89] INFO  impl.RaftServerImpl (RaftServerImpl.java:setRole(170)) - d67d7a8a-48fc-4760-af70-d9214651956a@group-198FEFAAAD3B: changes role from CANDIDATE to FOLLOWER at term 1 for DISCOVERED_A_NEW_TERM
2019-10-18 14:12:20,991 [d67d7a8a-48fc-4760-af70-d9214651956a@group-198FEFAAAD3B-LeaderElection89] INFO  impl.RoleInfo (RoleInfo.java:shutdownLeaderElection(134)) - d67d7a8a-48fc-4760-af70-d9214651956a: shutdown LeaderElection
2019-10-18 14:12:20,991 [d67d7a8a-48fc-4760-af70-d9214651956a@group-198FEFAAAD3B-LeaderElection89] INFO  impl.RoleInfo (RoleInfo.java:updateAndGet(143)) - d67d7a8a-48fc-4760-af70-d9214651956a: start FollowerState
2019-10-18 14:12:20,991 [b9378c2d-a253-4d60-8cf2-00dacb35e775@group-198FEFAAAD3B-LeaderElection90] INFO  impl.RoleInfo (RoleInfo.java:shutdownLeaderElection(134)) - b9378c2d-a253-4d60-8cf2-00dacb35e775: shutdown LeaderElection
2019-10-18 14:12:20,992 [b9378c2d-a253-4d60-8cf2-00dacb35e775@group-198FEFAAAD3B-LeaderElection90] INFO  impl.RaftServerImpl (RaftServerImpl.java:setRole(170)) - b9378c2d-a253-4d60-8cf2-00dacb35e775@group-198FEFAAAD3B: changes role from CANDIDATE to LEADER at term 1 for changeToLeader
2019-10-18 14:12:20,992 [b9378c2d-a253-4d60-8cf2-00dacb35e775@group-198FEFAAAD3B-LeaderElection90] INFO  impl.RaftServerImpl (ServerState.java:setLeader(255)) - b9378c2d-a253-4d60-8cf2-00dacb35e775@group-198FEFAAAD3B: change Leader from null to b9378c2d-a253-4d60-8cf2-00dacb35e775 at term 1 for becomeLeader, leader elected after 5267ms
2019-10-18 14:12:20,992 [b9378c2d-a253-4d60-8cf2-00dacb35e775@group-198FEFAAAD3B-LeaderElection90] INFO  server.RaftServerConfigKeys (ConfUtils.java:logGet(43)) - raft.server.staging.catchup.gap = 1000 (default)
2019-10-18 14:12:20,993 [b9378c2d-a253-4d60-8cf2-00dacb35e775@group-198FEFAAAD3B-LeaderElection90] INFO  server.RaftServerConfigKeys (ConfUtils.java:logGet(43)) - raft.server.rpc.sleep.time = 25ms (default)
2019-10-18 14:12:20,993 [b9378c2d-a253-4d60-8cf2-00dacb35e775@group-198FEFAAAD3B-LeaderElection90] INFO  server.RaftServerConfigKeys (ConfUtils.java:logGet(43)) - raft.server.write.element-limit = 4096 (default)
2019-10-18 14:12:20,993 [grpc-default-executor-6] INFO  impl.RaftServerImpl (ServerState.java:setRaftConf(356)) - a32a8728-bc1a-4e0e-a06f-c1ac404caa5a@group-0E15B5F858CC: set configuration 0: [b327581a-11bf-47b7-ad89-db9698439853:192.168.34.61:44678, 365e37ca-e893-4d15-87ab-c9b5f02d0ccc:192.168.34.61:41812, a32a8728-bc1a-4e0e-a06f-c1ac404caa5a:192.168.34.61:43269], old=null at 0
2019-10-18 14:12:20,993 [b9378c2d-a253-4d60-8cf2-00dacb35e775@group-198FEFAAAD3B-LeaderElection90] INFO  server.RaftServerConfigKeys (ConfUtils.java:logGet(43)) - raft.server.watch.timeout = 10s (default)
2019-10-18 14:12:20,993 [grpc-default-executor-6] INFO  segmented.SegmentedRaftLogWorker (SegmentedRaftLogWorker.java:startLogSegment(385)) - a32a8728-bc1a-4e0e-a06f-c1ac404caa5a@group-0E15B5F858CC-SegmentedRaftLogWorker: Starting segment from index:0
2019-10-18 14:12:20,993 [b9378c2d-a253-4d60-8cf2-00dacb35e775@group-198FEFAAAD3B-LeaderElection90] INFO  server.RaftServerConfigKeys (ConfUtils.java:logGet(43)) - raft.server.watch.timeout.denomination = 1s (default)
2019-10-18 14:12:20,993 [b9378c2d-a253-4d60-8cf2-00dacb35e775@group-198FEFAAAD3B-LeaderElection90] INFO  server.RaftServerConfigKeys (ConfUtils.java:logGet(43)) - raft.server.watch.element-limit = 65536 (default)
2019-10-18 14:12:20,994 [b9378c2d-a253-4d60-8cf2-00dacb35e775@group-198FEFAAAD3B-LeaderElection90] INFO  server.RaftServerConfigKeys (ConfUtils.java:logGet(43)) - raft.server.log.appender.snapshot.chunk.size.max = 16MB (=16777216) (default)
2019-10-18 14:12:20,995 [b9378c2d-a253-4d60-8cf2-00dacb35e775@group-198FEFAAAD3B-LeaderElection90] INFO  server.RaftServerConfigKeys (ConfUtils.java:logGet(43)) - raft.server.log.appender.buffer.byte-limit = 33554432 (custom)
2019-10-18 14:12:20,995 [b9378c2d-a253-4d60-8cf2-00dacb35e775@group-198FEFAAAD3B-LeaderElection90] INFO  server.RaftServerConfigKeys (ConfUtils.java:logGet(43)) - raft.server.log.appender.buffer.element-limit = 1 (custom)
2019-10-18 14:12:20,995 [b9378c2d-a253-4d60-8cf2-00dacb35e775@group-198FEFAAAD3B-LeaderElection90] INFO  grpc.GrpcConfigKeys$Server (ConfUtils.java:logGet(43)) - raft.grpc.server.leader.outstanding.appends.max = 128 (default)
2019-10-18 14:12:20,995 [b9378c2d-a253-4d60-8cf2-00dacb35e775@group-198FEFAAAD3B-LeaderElection90] INFO  server.RaftServerConfigKeys (ConfUtils.java:logGet(43)) - raft.server.rpc.request.timeout = 3000ms (default)
2019-10-18 14:12:20,995 [b9378c2d-a253-4d60-8cf2-00dacb35e775@group-198FEFAAAD3B-LeaderElection90] INFO  server.RaftServerConfigKeys (ConfUtils.java:logGet(43)) - raft.server.log.appender.install.snapshot.enabled = false (custom)
2019-10-18 14:12:20,995 [b9378c2d-a253-4d60-8cf2-00dacb35e775@group-198FEFAAAD3B-LeaderElection90] INFO  server.RaftServerConfigKeys (ConfUtils.java:logGet(43)) - raft.server.log.appender.snapshot.chunk.size.max = 16MB (=16777216) (default)
2019-10-18 14:12:20,995 [b9378c2d-a253-4d60-8cf2-00dacb35e775@group-198FEFAAAD3B-LeaderElection90] INFO  server.RaftServerConfigKeys (ConfUtils.java:logGet(43)) - raft.server.log.appender.buffer.byte-limit = 33554432 (custom)
2019-10-18 14:12:20,995 [b9378c2d-a253-4d60-8cf2-00dacb35e775@group-198FEFAAAD3B-LeaderElection90] INFO  server.RaftServerConfigKeys (ConfUtils.java:logGet(43)) - raft.server.log.appender.buffer.element-limit = 1 (custom)
2019-10-18 14:12:20,995 [b9378c2d-a253-4d60-8cf2-00dacb35e775@group-198FEFAAAD3B-LeaderElection90] INFO  grpc.GrpcConfigKeys$Server (ConfUtils.java:logGet(43)) - raft.grpc.server.leader.outstanding.appends.max = 128 (default)
2019-10-18 14:12:20,995 [b9378c2d-a253-4d60-8cf2-00dacb35e775@group-198FEFAAAD3B-LeaderElection90] INFO  server.RaftServerConfigKeys (ConfUtils.java:logGet(43)) - raft.server.rpc.request.timeout = 3000ms (default)
2019-10-18 14:12:20,996 [b9378c2d-a253-4d60-8cf2-00dacb35e775@group-198FEFAAAD3B-LeaderElection90] INFO  server.RaftServerConfigKeys (ConfUtils.java:logGet(43)) - raft.server.log.appender.install.snapshot.enabled = false (custom)
2019-10-18 14:12:20,996 [b9378c2d-a253-4d60-8cf2-00dacb35e775@group-198FEFAAAD3B-LeaderElection90] INFO  impl.RoleInfo (RoleInfo.java:updateAndGet(143)) - b9378c2d-a253-4d60-8cf2-00dacb35e775: start LeaderState
2019-10-18 14:12:20,996 [b9378c2d-a253-4d60-8cf2-00dacb35e775@group-198FEFAAAD3B-LeaderElection90] INFO  segmented.SegmentedRaftLogWorker (SegmentedRaftLogWorker.java:startLogSegment(385)) - b9378c2d-a253-4d60-8cf2-00dacb35e775@group-198FEFAAAD3B-SegmentedRaftLogWorker: Starting segment from index:0
2019-10-18 14:12:20,996 [b9378c2d-a253-4d60-8cf2-00dacb35e775@group-198FEFAAAD3B-LeaderElection90] INFO  impl.RaftServerImpl (ServerState.java:setRaftConf(356)) - b9378c2d-a253-4d60-8cf2-00dacb35e775@group-198FEFAAAD3B: set configuration 0: [d67d7a8a-48fc-4760-af70-d9214651956a:192.168.34.61:44353, bfc21bf7-2b4f-46f8-acca-4e109eff9825:192.168.34.61:35859, b9378c2d-a253-4d60-8cf2-00dacb35e775:192.168.34.61:46010], old=null at 0
2019-10-18 14:12:20,996 [b327581a-11bf-47b7-ad89-db9698439853@group-0E15B5F858CC-SegmentedRaftLogWorker] INFO  segmented.SegmentedRaftLogWorker (SegmentedRaftLogWorker.java:execute(574)) - b327581a-11bf-47b7-ad89-db9698439853@group-0E15B5F858CC-SegmentedRaftLogWorker: created new log segment /workdir/hadoop-ozone/integration-test/target/test-dir/MiniOzoneClusterImpl-1b3b65e9-0d6f-42e9-b73e-0ac44ea75486/datanode-2/data/ratis/004c73f7-c840-42b5-9109-0e15b5f858cc/current/log_inprogress_0
2019-10-18 14:12:21,032 [365e37ca-e893-4d15-87ab-c9b5f02d0ccc@group-0E15B5F858CC-SegmentedRaftLogWorker] INFO  segmented.SegmentedRaftLogWorker (SegmentedRaftLogWorker.java:execute(574)) - 365e37ca-e893-4d15-87ab-c9b5f02d0ccc@group-0E15B5F858CC-SegmentedRaftLogWorker: created new log segment /workdir/hadoop-ozone/integration-test/target/test-dir/MiniOzoneClusterImpl-1b3b65e9-0d6f-42e9-b73e-0ac44ea75486/datanode-5/data/ratis/004c73f7-c840-42b5-9109-0e15b5f858cc/current/log_inprogress_0
2019-10-18 14:12:21,032 [grpc-default-executor-6] INFO  impl.RaftServerImpl (ServerState.java:setLeader(255)) - d67d7a8a-48fc-4760-af70-d9214651956a@group-198FEFAAAD3B: change Leader from null to b9378c2d-a253-4d60-8cf2-00dacb35e775 at term 1 for appendEntries, leader elected after 5307ms
2019-10-18 14:12:21,033 [grpc-default-executor-6] INFO  impl.RaftServerImpl (ServerState.java:setLeader(255)) - bfc21bf7-2b4f-46f8-acca-4e109eff9825@group-198FEFAAAD3B: change Leader from null to b9378c2d-a253-4d60-8cf2-00dacb35e775 at term 1 for appendEntries, leader elected after 5308ms
2019-10-18 14:12:21,034 [grpc-default-executor-5] INFO  impl.RaftServerImpl (ServerState.java:setRaftConf(356)) - d67d7a8a-48fc-4760-af70-d9214651956a@group-198FEFAAAD3B: set configuration 0: [d67d7a8a-48fc-4760-af70-d9214651956a:192.168.34.61:44353, bfc21bf7-2b4f-46f8-acca-4e109eff9825:192.168.34.61:35859, b9378c2d-a253-4d60-8cf2-00dacb35e775:192.168.34.61:46010], old=null at 0
2019-10-18 14:12:21,035 [grpc-default-executor-6] INFO  impl.RaftServerImpl (ServerState.java:setRaftConf(356)) - bfc21bf7-2b4f-46f8-acca-4e109eff9825@group-198FEFAAAD3B: set configuration 0: [d67d7a8a-48fc-4760-af70-d9214651956a:192.168.34.61:44353, bfc21bf7-2b4f-46f8-acca-4e109eff9825:192.168.34.61:35859, b9378c2d-a253-4d60-8cf2-00dacb35e775:192.168.34.61:46010], old=null at 0
2019-10-18 14:12:21,035 [grpc-default-executor-5] INFO  segmented.SegmentedRaftLogWorker (SegmentedRaftLogWorker.java:startLogSegment(385)) - d67d7a8a-48fc-4760-af70-d9214651956a@group-198FEFAAAD3B-SegmentedRaftLogWorker: Starting segment from index:0
2019-10-18 14:12:21,035 [grpc-default-executor-6] INFO  segmented.SegmentedRaftLogWorker (SegmentedRaftLogWorker.java:startLogSegment(385)) - bfc21bf7-2b4f-46f8-acca-4e109eff9825@group-198FEFAAAD3B-SegmentedRaftLogWorker: Starting segment from index:0
2019-10-18 14:12:21,055 [a32a8728-bc1a-4e0e-a06f-c1ac404caa5a@group-0E15B5F858CC-SegmentedRaftLogWorker] INFO  segmented.SegmentedRaftLogWorker (SegmentedRaftLogWorker.java:execute(574)) - a32a8728-bc1a-4e0e-a06f-c1ac404caa5a@group-0E15B5F858CC-SegmentedRaftLogWorker: created new log segment /workdir/hadoop-ozone/integration-test/target/test-dir/MiniOzoneClusterImpl-1b3b65e9-0d6f-42e9-b73e-0ac44ea75486/datanode-3/data/ratis/004c73f7-c840-42b5-9109-0e15b5f858cc/current/log_inprogress_0
2019-10-18 14:12:21,055 [b9378c2d-a253-4d60-8cf2-00dacb35e775@group-198FEFAAAD3B-SegmentedRaftLogWorker] INFO  segmented.SegmentedRaftLogWorker (SegmentedRaftLogWorker.java:execute(574)) - b9378c2d-a253-4d60-8cf2-00dacb35e775@group-198FEFAAAD3B-SegmentedRaftLogWorker: created new log segment /workdir/hadoop-ozone/integration-test/target/test-dir/MiniOzoneClusterImpl-1b3b65e9-0d6f-42e9-b73e-0ac44ea75486/datanode-4/data/ratis/74e33ef0-8344-40e7-88b9-198fefaaad3b/current/log_inprogress_0
2019-10-18 14:12:21,081 [bfc21bf7-2b4f-46f8-acca-4e109eff9825@group-198FEFAAAD3B-SegmentedRaftLogWorker] INFO  segmented.SegmentedRaftLogWorker (SegmentedRaftLogWorker.java:execute(574)) - bfc21bf7-2b4f-46f8-acca-4e109eff9825@group-198FEFAAAD3B-SegmentedRaftLogWorker: created new log segment /workdir/hadoop-ozone/integration-test/target/test-dir/MiniOzoneClusterImpl-1b3b65e9-0d6f-42e9-b73e-0ac44ea75486/datanode-1/data/ratis/74e33ef0-8344-40e7-88b9-198fefaaad3b/current/log_inprogress_0
2019-10-18 14:12:21,081 [d67d7a8a-48fc-4760-af70-d9214651956a@group-198FEFAAAD3B-SegmentedRaftLogWorker] INFO  segmented.SegmentedRaftLogWorker (SegmentedRaftLogWorker.java:execute(574)) - d67d7a8a-48fc-4760-af70-d9214651956a@group-198FEFAAAD3B-SegmentedRaftLogWorker: created new log segment /workdir/hadoop-ozone/integration-test/target/test-dir/MiniOzoneClusterImpl-1b3b65e9-0d6f-42e9-b73e-0ac44ea75486/datanode-6/data/ratis/74e33ef0-8344-40e7-88b9-198fefaaad3b/current/log_inprogress_0
2019-10-18 14:12:22,941 [Datanode State Machine Thread - 0] INFO  statemachine.DatanodeStateMachine (DatanodeStateMachine.java:lambda$startDaemon$0(350)) - Ozone container server started.
2019-10-18 14:12:26,955 [main] INFO  ozoneimpl.OzoneContainer (OzoneContainer.java:stop(227)) - Attempting to stop container services.
2019-10-18 14:12:26,956 [main] INFO  impl.RaftServerProxy (RaftServerProxy.java:lambda$close$4(314)) - b9378c2d-a253-4d60-8cf2-00dacb35e775: close
2019-10-18 14:12:26,957 [main] INFO  impl.RaftServerImpl (RaftServerImpl.java:lambda$shutdown$3(247)) - b9378c2d-a253-4d60-8cf2-00dacb35e775@group-198FEFAAAD3B: shutdown
2019-10-18 14:12:26,957 [ForkJoinPool.commonPool-worker-1] INFO  impl.RaftServerImpl (RaftServerImpl.java:lambda$shutdown$3(247)) - b9378c2d-a253-4d60-8cf2-00dacb35e775@group-0E4A913EC60D: shutdown
2019-10-18 14:12:26,957 [main] INFO  util.JmxRegister (JmxRegister.java:unregister(73)) - Successfully un-registered JMX Bean with object name Ratis:service=RaftServer,group=group-198FEFAAAD3B,id=b9378c2d-a253-4d60-8cf2-00dacb35e775
2019-10-18 14:12:26,958 [ForkJoinPool.commonPool-worker-1] INFO  util.JmxRegister (JmxRegister.java:unregister(73)) - Successfully un-registered JMX Bean with object name Ratis:service=RaftServer,group=group-0E4A913EC60D,id=b9378c2d-a253-4d60-8cf2-00dacb35e775
2019-10-18 14:12:26,958 [main] INFO  impl.RoleInfo (RoleInfo.java:shutdownLeaderState(104)) - b9378c2d-a253-4d60-8cf2-00dacb35e775: shutdown LeaderState
2019-10-18 14:12:26,958 [ForkJoinPool.commonPool-worker-1] INFO  impl.RoleInfo (RoleInfo.java:shutdownLeaderState(104)) - b9378c2d-a253-4d60-8cf2-00dacb35e775: shutdown LeaderState
2019-10-18 14:12:26,966 [org.apache.ratis.server.impl.LogAppender$AppenderDaemon$$Lambda$534/416224328@b08501] WARN  server.GrpcLogAppender (GrpcLogAppender.java:mayWait(143)) - b9378c2d-a253-4d60-8cf2-00dacb35e775@group-198FEFAAAD3B->d67d7a8a-48fc-4760-af70-d9214651956a-GrpcLogAppender: Wait interrupted by java.lang.InterruptedException
2019-10-18 14:12:26,966 [main] INFO  impl.PendingRequests (PendingRequests.java:sendNotLeaderResponses(202)) - b9378c2d-a253-4d60-8cf2-00dacb35e775@group-198FEFAAAD3B-PendingRequests: sendNotLeaderResponses
2019-10-18 14:12:26,966 [org.apache.ratis.server.impl.LogAppender$AppenderDaemon$$Lambda$534/416224328@1c23fac4] WARN  server.GrpcLogAppender (GrpcLogAppender.java:mayWait(143)) - b9378c2d-a253-4d60-8cf2-00dacb35e775@group-198FEFAAAD3B->bfc21bf7-2b4f-46f8-acca-4e109eff9825-GrpcLogAppender: Wait interrupted by java.lang.InterruptedException
2019-10-18 14:12:26,966 [ForkJoinPool.commonPool-worker-1] INFO  impl.PendingRequests (PendingRequests.java:sendNotLeaderResponses(202)) - b9378c2d-a253-4d60-8cf2-00dacb35e775@group-0E4A913EC60D-PendingRequests: sendNotLeaderResponses
2019-10-18 14:12:26,979 [ForkJoinPool.commonPool-worker-1] INFO  impl.StateMachineUpdater (StateMachineUpdater.java:stopAndJoin(136)) - b9378c2d-a253-4d60-8cf2-00dacb35e775@group-0E4A913EC60D-StateMachineUpdater: set stopIndex = 0
2019-10-18 14:12:26,979 [main] INFO  impl.StateMachineUpdater (StateMachineUpdater.java:stopAndJoin(136)) - b9378c2d-a253-4d60-8cf2-00dacb35e775@group-198FEFAAAD3B-StateMachineUpdater: set stopIndex = 2
2019-10-18 14:12:26,979 [b9378c2d-a253-4d60-8cf2-00dacb35e775@group-198FEFAAAD3B-StateMachineUpdater] INFO  ratis.ContainerStateMachine (ContainerStateMachine.java:takeSnapshot(294)) - group-198FEFAAAD3B: Taking a snapshot at:(t:1, i:2) file /workdir/hadoop-ozone/integration-test/target/test-dir/MiniOzoneClusterImpl-1b3b65e9-0d6f-42e9-b73e-0ac44ea75486/datanode-4/data/ratis/74e33ef0-8344-40e7-88b9-198fefaaad3b/sm/snapshot.1_2
2019-10-18 14:12:26,979 [grpc-default-executor-5] INFO  server.GrpcServerProtocolService (GrpcServerProtocolService.java:onCompleted(113)) - bfc21bf7-2b4f-46f8-acca-4e109eff9825: Completed APPEND_ENTRIES, lastRequest: b9378c2d-a253-4d60-8cf2-00dacb35e775->bfc21bf7-2b4f-46f8-acca-4e109eff9825#5-t1, previous=(t:1, i:2), leaderCommit=2, initializing? false, entries: <empty>
2019-10-18 14:12:26,979 [grpc-default-executor-6] INFO  server.GrpcServerProtocolService (GrpcServerProtocolService.java:onCompleted(113)) - d67d7a8a-48fc-4760-af70-d9214651956a: Completed APPEND_ENTRIES, lastRequest: b9378c2d-a253-4d60-8cf2-00dacb35e775->d67d7a8a-48fc-4760-af70-d9214651956a#5-t1, previous=(t:1, i:2), leaderCommit=2, initializing? false, entries: <empty>
2019-10-18 14:12:26,980 [ForkJoinPool.commonPool-worker-1] INFO  impl.RaftServerImpl (ServerState.java:close(387)) - b9378c2d-a253-4d60-8cf2-00dacb35e775@group-0E4A913EC60D: closes. applyIndex: 0
2019-10-18 14:12:26,981 [b9378c2d-a253-4d60-8cf2-00dacb35e775@group-0E4A913EC60D-SegmentedRaftLogWorker] INFO  segmented.SegmentedRaftLogWorker (SegmentedRaftLogWorker.java:run(316)) - b9378c2d-a253-4d60-8cf2-00dacb35e775@group-0E4A913EC60D-SegmentedRaftLogWorker was interrupted, exiting. There are 0 tasks remaining in the queue.
2019-10-18 14:12:26,983 [ForkJoinPool.commonPool-worker-1] INFO  segmented.SegmentedRaftLogWorker (SegmentedRaftLogWorker.java:close(224)) - b9378c2d-a253-4d60-8cf2-00dacb35e775@group-0E4A913EC60D-SegmentedRaftLogWorker close()
2019-10-18 14:12:26,983 [grpc-default-executor-6] INFO  server.GrpcLogAppender (GrpcLogAppender.java:onCompleted(293)) - b9378c2d-a253-4d60-8cf2-00dacb35e775@group-198FEFAAAD3B->bfc21bf7-2b4f-46f8-acca-4e109eff9825-AppendLogResponseHandler: follower responses appendEntries COMPLETED
2019-10-18 14:12:26,983 [grpc-default-executor-5] INFO  server.GrpcLogAppender (GrpcLogAppender.java:onCompleted(293)) - b9378c2d-a253-4d60-8cf2-00dacb35e775@group-198FEFAAAD3B->d67d7a8a-48fc-4760-af70-d9214651956a-AppendLogResponseHandler: follower responses appendEntries COMPLETED
2019-10-18 14:12:27,005 [grpc-default-executor-6] INFO  impl.FollowerInfo (FollowerInfo.java:lambda$new$0(51)) - b9378c2d-a253-4d60-8cf2-00dacb35e775@group-198FEFAAAD3B->bfc21bf7-2b4f-46f8-acca-4e109eff9825: nextIndex: updateUnconditionally 3 -> 2
2019-10-18 14:12:27,006 [grpc-default-executor-5] INFO  impl.FollowerInfo (FollowerInfo.java:lambda$new$0(51)) - b9378c2d-a253-4d60-8cf2-00dacb35e775@group-198FEFAAAD3B->d67d7a8a-48fc-4760-af70-d9214651956a: nextIndex: updateUnconditionally 3 -> 2
2019-10-18 14:12:27,010 [b9378c2d-a253-4d60-8cf2-00dacb35e775@group-198FEFAAAD3B-StateMachineUpdater] INFO  ratis.ContainerStateMachine (ContainerStateMachine.java:takeSnapshot(305)) - group-198FEFAAAD3B: Finished taking a snapshot at:(t:1, i:2) file:/workdir/hadoop-ozone/integration-test/target/test-dir/MiniOzoneClusterImpl-1b3b65e9-0d6f-42e9-b73e-0ac44ea75486/datanode-4/data/ratis/74e33ef0-8344-40e7-88b9-198fefaaad3b/sm/snapshot.1_2 time:31
2019-10-18 14:12:27,011 [b9378c2d-a253-4d60-8cf2-00dacb35e775@group-198FEFAAAD3B-StateMachineUpdater] INFO  impl.StateMachineUpdater (StateMachineUpdater.java:takeSnapshot(269)) - b9378c2d-a253-4d60-8cf2-00dacb35e775@group-198FEFAAAD3B-StateMachineUpdater: Took a snapshot at index 2
2019-10-18 14:12:27,011 [b9378c2d-a253-4d60-8cf2-00dacb35e775@group-198FEFAAAD3B-StateMachineUpdater] INFO  impl.StateMachineUpdater (StateMachineUpdater.java:lambda$new$0(84)) - b9378c2d-a253-4d60-8cf2-00dacb35e775@group-198FEFAAAD3B-StateMachineUpdater: snapshotIndex: updateIncreasingly -1 -> 2
2019-10-18 14:12:27,011 [main] INFO  impl.RaftServerImpl (ServerState.java:close(387)) - b9378c2d-a253-4d60-8cf2-00dacb35e775@group-198FEFAAAD3B: closes. applyIndex: 2
2019-10-18 14:12:27,012 [b9378c2d-a253-4d60-8cf2-00dacb35e775@group-198FEFAAAD3B-SegmentedRaftLogWorker] INFO  segmented.SegmentedRaftLogWorker (SegmentedRaftLogWorker.java:run(316)) - b9378c2d-a253-4d60-8cf2-00dacb35e775@group-198FEFAAAD3B-SegmentedRaftLogWorker was interrupted, exiting. There are 0 tasks remaining in the queue.
2019-10-18 14:12:27,019 [main] INFO  segmented.SegmentedRaftLogWorker (SegmentedRaftLogWorker.java:close(224)) - b9378c2d-a253-4d60-8cf2-00dacb35e775@group-198FEFAAAD3B-SegmentedRaftLogWorker close()
2019-10-18 14:12:27,022 [main] INFO  server.GrpcService (GrpcService.java:closeImpl(164)) - b9378c2d-a253-4d60-8cf2-00dacb35e775: shutdown server with port 46010 now
2019-10-18 14:12:27,023 [main] INFO  server.GrpcService (GrpcService.java:closeImpl(172)) - b9378c2d-a253-4d60-8cf2-00dacb35e775: shutdown server with port 46010 successfully
2019-10-18 14:12:27,026 [refreshUsed-/workdir/hadoop-ozone/integration-test/target/test-dir/MiniOzoneClusterImpl-1b3b65e9-0d6f-42e9-b73e-0ac44ea75486/datanode-4/data/containers] WARN  fs.CachingGetSpaceUsed (CachingGetSpaceUsed.java:run(183)) - Thread Interrupted waiting to refresh disk information: sleep interrupted
2019-10-18 14:12:27,040 [main] INFO  utils.BackgroundService (BackgroundService.java:shutdown(151)) - Shutting down service BlockDeletingService
2019-10-18 14:12:27,046 [main] INFO  statemachine.DatanodeStateMachine (DatanodeStateMachine.java:stopDaemon(395)) - Ozone container server stopped.
2019-10-18 14:12:27,048 [main] INFO  handler.ContextHandler (ContextHandler.java:doStop(910)) - Stopped o.e.j.w.WebAppContext@216372b7{/,null,UNAVAILABLE}{/hddsDatanode}
2019-10-18 14:12:27,048 [main] INFO  server.AbstractConnector (AbstractConnector.java:doStop(318)) - Stopped ServerConnector@14b4340c{HTTP/1.1,[http/1.1]}{0.0.0.0:0}
2019-10-18 14:12:27,048 [main] INFO  handler.ContextHandler (ContextHandler.java:doStop(910)) - Stopped o.e.j.s.ServletContextHandler@350da119{/static,jar:file:/home/user/.m2/repository/org/apache/hadoop/hadoop-hdds-container-service/0.5.0-SNAPSHOT/hadoop-hdds-container-service-0.5.0-SNAPSHOT.jar!/webapps/static,UNAVAILABLE}
2019-10-18 14:12:27,049 [main] INFO  handler.ContextHandler (ContextHandler.java:doStop(910)) - Stopped o.e.j.s.ServletContextHandler@4ce25e47{/logs,file:///workdir/hadoop-ozone/integration-test/target/log,UNAVAILABLE}
2019-10-18 14:12:36,201 [Thread-2511] INFO  impl.FollowerState (FollowerState.java:run(108)) - bfc21bf7-2b4f-46f8-acca-4e109eff9825@group-198FEFAAAD3B-FollowerState: change to CANDIDATE, lastRpcTime:9439ms, electionTimeout:5054ms
2019-10-18 14:12:36,202 [Thread-2511] INFO  impl.RoleInfo (RoleInfo.java:shutdownFollowerState(121)) - bfc21bf7-2b4f-46f8-acca-4e109eff9825: shutdown FollowerState
2019-10-18 14:12:36,202 [Thread-2511] INFO  impl.RaftServerImpl (RaftServerImpl.java:setRole(170)) - bfc21bf7-2b4f-46f8-acca-4e109eff9825@group-198FEFAAAD3B: changes role from  FOLLOWER to CANDIDATE at term 1 for changeToCandidate
2019-10-18 14:12:36,202 [Thread-2511] INFO  impl.RoleInfo (RoleInfo.java:updateAndGet(143)) - bfc21bf7-2b4f-46f8-acca-4e109eff9825: start LeaderElection
2019-10-18 14:12:36,205 [bfc21bf7-2b4f-46f8-acca-4e109eff9825@group-198FEFAAAD3B-LeaderElection91] INFO  impl.RaftServerImpl (ServerState.java:setLeader(255)) - bfc21bf7-2b4f-46f8-acca-4e109eff9825@group-198FEFAAAD3B: change Leader from b9378c2d-a253-4d60-8cf2-00dacb35e775 to null at term 1 for initElection
2019-10-18 14:12:36,229 [bfc21bf7-2b4f-46f8-acca-4e109eff9825@group-198FEFAAAD3B-LeaderElection91] INFO  impl.LeaderElection (LeaderElection.java:askForVotes(178)) - bfc21bf7-2b4f-46f8-acca-4e109eff9825@group-198FEFAAAD3B-LeaderElection91: begin an election at term 2 for 0: [d67d7a8a-48fc-4760-af70-d9214651956a:192.168.34.61:44353, bfc21bf7-2b4f-46f8-acca-4e109eff9825:192.168.34.61:35859, b9378c2d-a253-4d60-8cf2-00dacb35e775:192.168.34.61:46010], old=null
2019-10-18 14:12:36,231 [bfc21bf7-2b4f-46f8-acca-4e109eff9825@group-198FEFAAAD3B-LeaderElection91] INFO  impl.LeaderElection (LogUtils.java:infoOrTrace(149)) - bfc21bf7-2b4f-46f8-acca-4e109eff9825@group-198FEFAAAD3B-LeaderElection91 got exception when requesting votes: {}
java.util.concurrent.ExecutionException: org.apache.ratis.thirdparty.io.grpc.StatusRuntimeException: UNAVAILABLE: io exception
	at java.util.concurrent.FutureTask.report(FutureTask.java:122)
	at java.util.concurrent.FutureTask.get(FutureTask.java:192)
	at org.apache.ratis.server.impl.LeaderElection.waitForResults(LeaderElection.java:259)
	at org.apache.ratis.server.impl.LeaderElection.askForVotes(LeaderElection.java:197)
	at org.apache.ratis.server.impl.LeaderElection.run(LeaderElection.java:133)
	at java.lang.Thread.run(Thread.java:748)
Caused by: org.apache.ratis.thirdparty.io.grpc.StatusRuntimeException: UNAVAILABLE: io exception
	at org.apache.ratis.thirdparty.io.grpc.stub.ClientCalls.toStatusRuntimeException(ClientCalls.java:233)
	at org.apache.ratis.thirdparty.io.grpc.stub.ClientCalls.getUnchecked(ClientCalls.java:214)
	at org.apache.ratis.thirdparty.io.grpc.stub.ClientCalls.blockingUnaryCall(ClientCalls.java:139)
	at org.apache.ratis.proto.grpc.RaftServerProtocolServiceGrpc$RaftServerProtocolServiceBlockingStub.requestVote(RaftServerProtocolServiceGrpc.java:265)
	at org.apache.ratis.grpc.server.GrpcServerProtocolClient.requestVote(GrpcServerProtocolClient.java:99)
	at org.apache.ratis.grpc.server.GrpcService.requestVote(GrpcService.java:204)
	at org.apache.ratis.server.impl.LeaderElection.lambda$submitRequests$1(LeaderElection.java:234)
	at java.util.concurrent.FutureTask.run(FutureTask.java:266)
	at java.util.concurrent.Executors$RunnableAdapter.call(Executors.java:511)
	at java.util.concurrent.FutureTask.run(FutureTask.java:266)
	at java.util.concurrent.ThreadPoolExecutor.runWorker(ThreadPoolExecutor.java:1149)
	at java.util.concurrent.ThreadPoolExecutor$Worker.run(ThreadPoolExecutor.java:624)
	... 1 more
Caused by: org.apache.ratis.thirdparty.io.netty.channel.AbstractChannel$AnnotatedConnectException: Connection refused: /192.168.34.61:46010
	at sun.nio.ch.SocketChannelImpl.checkConnect(Native Method)
	at sun.nio.ch.SocketChannelImpl.finishConnect(SocketChannelImpl.java:717)
	at org.apache.ratis.thirdparty.io.netty.channel.socket.nio.NioSocketChannel.doFinishConnect(NioSocketChannel.java:327)
	at org.apache.ratis.thirdparty.io.netty.channel.nio.AbstractNioChannel$AbstractNioUnsafe.finishConnect(AbstractNioChannel.java:340)
	at org.apache.ratis.thirdparty.io.netty.channel.nio.NioEventLoop.processSelectedKey(NioEventLoop.java:632)
	at org.apache.ratis.thirdparty.io.netty.channel.nio.NioEventLoop.processSelectedKeysOptimized(NioEventLoop.java:579)
	at org.apache.ratis.thirdparty.io.netty.channel.nio.NioEventLoop.processSelectedKeys(NioEventLoop.java:496)
	at org.apache.ratis.thirdparty.io.netty.channel.nio.NioEventLoop.run(NioEventLoop.java:458)
	at org.apache.ratis.thirdparty.io.netty.util.concurrent.SingleThreadEventExecutor$5.run(SingleThreadEventExecutor.java:897)
	at org.apache.ratis.thirdparty.io.netty.util.concurrent.FastThreadLocalRunnable.run(FastThreadLocalRunnable.java:30)
	... 1 more
Caused by: java.net.ConnectException: Connection refused
	... 11 more
2019-10-18 14:12:36,234 [grpc-default-executor-3] INFO  impl.RaftServerImpl (ServerState.java:setLeader(255)) - d67d7a8a-48fc-4760-af70-d9214651956a@group-198FEFAAAD3B: change Leader from b9378c2d-a253-4d60-8cf2-00dacb35e775 to null at term 2 for updateCurrentTerm
2019-10-18 14:12:36,235 [grpc-default-executor-3] INFO  impl.RaftServerImpl (RaftServerImpl.java:setRole(170)) - d67d7a8a-48fc-4760-af70-d9214651956a@group-198FEFAAAD3B: changes role from  FOLLOWER to FOLLOWER at term 2 for recognizeCandidate:bfc21bf7-2b4f-46f8-acca-4e109eff9825
2019-10-18 14:12:36,235 [grpc-default-executor-3] INFO  impl.RoleInfo (RoleInfo.java:shutdownFollowerState(121)) - d67d7a8a-48fc-4760-af70-d9214651956a: shutdown FollowerState
2019-10-18 14:12:36,235 [grpc-default-executor-3] INFO  impl.RoleInfo (RoleInfo.java:updateAndGet(143)) - d67d7a8a-48fc-4760-af70-d9214651956a: start FollowerState
2019-10-18 14:12:36,235 [Thread-2519] INFO  impl.FollowerState (FollowerState.java:run(117)) - d67d7a8a-48fc-4760-af70-d9214651956a@group-198FEFAAAD3B-FollowerState was interrupted: java.lang.InterruptedException: sleep interrupted
2019-10-18 14:12:36,264 [bfc21bf7-2b4f-46f8-acca-4e109eff9825@group-198FEFAAAD3B-LeaderElection91] INFO  impl.LeaderElection (LeaderElection.java:logAndReturn(56)) - bfc21bf7-2b4f-46f8-acca-4e109eff9825@group-198FEFAAAD3B-LeaderElection91: Election PASSED; received 1 response(s) [bfc21bf7-2b4f-46f8-acca-4e109eff9825<-d67d7a8a-48fc-4760-af70-d9214651956a#0:OK-t2] and 1 exception(s); bfc21bf7-2b4f-46f8-acca-4e109eff9825@group-198FEFAAAD3B:t2, leader=null, voted=bfc21bf7-2b4f-46f8-acca-4e109eff9825, raftlog=bfc21bf7-2b4f-46f8-acca-4e109eff9825@group-198FEFAAAD3B-SegmentedRaftLog:OPENED:c2,f2,i2, conf=0: [d67d7a8a-48fc-4760-af70-d9214651956a:192.168.34.61:44353, bfc21bf7-2b4f-46f8-acca-4e109eff9825:192.168.34.61:35859, b9378c2d-a253-4d60-8cf2-00dacb35e775:192.168.34.61:46010], old=null
2019-10-18 14:12:36,264 [bfc21bf7-2b4f-46f8-acca-4e109eff9825@group-198FEFAAAD3B-LeaderElection91] INFO  impl.LeaderElection (LogUtils.java:infoOrTrace(149)) -   Exception 0: {}
java.util.concurrent.ExecutionException: org.apache.ratis.thirdparty.io.grpc.StatusRuntimeException: UNAVAILABLE: io exception
	at java.util.concurrent.FutureTask.report(FutureTask.java:122)
	at java.util.concurrent.FutureTask.get(FutureTask.java:192)
	at org.apache.ratis.server.impl.LeaderElection.waitForResults(LeaderElection.java:259)
	at org.apache.ratis.server.impl.LeaderElection.askForVotes(LeaderElection.java:197)
	at org.apache.ratis.server.impl.LeaderElection.run(LeaderElection.java:133)
	at java.lang.Thread.run(Thread.java:748)
Caused by: org.apache.ratis.thirdparty.io.grpc.StatusRuntimeException: UNAVAILABLE: io exception
	at org.apache.ratis.thirdparty.io.grpc.stub.ClientCalls.toStatusRuntimeException(ClientCalls.java:233)
	at org.apache.ratis.thirdparty.io.grpc.stub.ClientCalls.getUnchecked(ClientCalls.java:214)
	at org.apache.ratis.thirdparty.io.grpc.stub.ClientCalls.blockingUnaryCall(ClientCalls.java:139)
	at org.apache.ratis.proto.grpc.RaftServerProtocolServiceGrpc$RaftServerProtocolServiceBlockingStub.requestVote(RaftServerProtocolServiceGrpc.java:265)
	at org.apache.ratis.grpc.server.GrpcServerProtocolClient.requestVote(GrpcServerProtocolClient.java:99)
	at org.apache.ratis.grpc.server.GrpcService.requestVote(GrpcService.java:204)
	at org.apache.ratis.server.impl.LeaderElection.lambda$submitRequests$1(LeaderElection.java:234)
	at java.util.concurrent.FutureTask.run(FutureTask.java:266)
	at java.util.concurrent.Executors$RunnableAdapter.call(Executors.java:511)
	at java.util.concurrent.FutureTask.run(FutureTask.java:266)
	at java.util.concurrent.ThreadPoolExecutor.runWorker(ThreadPoolExecutor.java:1149)
	at java.util.concurrent.ThreadPoolExecutor$Worker.run(ThreadPoolExecutor.java:624)
	... 1 more
Caused by: org.apache.ratis.thirdparty.io.netty.channel.AbstractChannel$AnnotatedConnectException: Connection refused: /192.168.34.61:46010
	at sun.nio.ch.SocketChannelImpl.checkConnect(Native Method)
	at sun.nio.ch.SocketChannelImpl.finishConnect(SocketChannelImpl.java:717)
	at org.apache.ratis.thirdparty.io.netty.channel.socket.nio.NioSocketChannel.doFinishConnect(NioSocketChannel.java:327)
	at org.apache.ratis.thirdparty.io.netty.channel.nio.AbstractNioChannel$AbstractNioUnsafe.finishConnect(AbstractNioChannel.java:340)
	at org.apache.ratis.thirdparty.io.netty.channel.nio.NioEventLoop.processSelectedKey(NioEventLoop.java:632)
	at org.apache.ratis.thirdparty.io.netty.channel.nio.NioEventLoop.processSelectedKeysOptimized(NioEventLoop.java:579)
	at org.apache.ratis.thirdparty.io.netty.channel.nio.NioEventLoop.processSelectedKeys(NioEventLoop.java:496)
	at org.apache.ratis.thirdparty.io.netty.channel.nio.NioEventLoop.run(NioEventLoop.java:458)
	at org.apache.ratis.thirdparty.io.netty.util.concurrent.SingleThreadEventExecutor$5.run(SingleThreadEventExecutor.java:897)
	at org.apache.ratis.thirdparty.io.netty.util.concurrent.FastThreadLocalRunnable.run(FastThreadLocalRunnable.java:30)
	... 1 more
Caused by: java.net.ConnectException: Connection refused
	... 11 more
2019-10-18 14:12:36,264 [bfc21bf7-2b4f-46f8-acca-4e109eff9825@group-198FEFAAAD3B-LeaderElection91] INFO  impl.RoleInfo (RoleInfo.java:shutdownLeaderElection(134)) - bfc21bf7-2b4f-46f8-acca-4e109eff9825: shutdown LeaderElection
2019-10-18 14:12:36,264 [bfc21bf7-2b4f-46f8-acca-4e109eff9825@group-198FEFAAAD3B-LeaderElection91] INFO  impl.RaftServerImpl (RaftServerImpl.java:setRole(170)) - bfc21bf7-2b4f-46f8-acca-4e109eff9825@group-198FEFAAAD3B: changes role from CANDIDATE to LEADER at term 2 for changeToLeader
2019-10-18 14:12:36,264 [bfc21bf7-2b4f-46f8-acca-4e109eff9825@group-198FEFAAAD3B-LeaderElection91] INFO  impl.RaftServerImpl (ServerState.java:setLeader(255)) - bfc21bf7-2b4f-46f8-acca-4e109eff9825@group-198FEFAAAD3B: change Leader from null to bfc21bf7-2b4f-46f8-acca-4e109eff9825 at term 2 for becomeLeader, leader elected after 58ms
2019-10-18 14:12:36,264 [bfc21bf7-2b4f-46f8-acca-4e109eff9825@group-198FEFAAAD3B-LeaderElection91] INFO  server.RaftServerConfigKeys (ConfUtils.java:logGet(43)) - raft.server.staging.catchup.gap = 1000 (default)
2019-10-18 14:12:36,265 [bfc21bf7-2b4f-46f8-acca-4e109eff9825@group-198FEFAAAD3B-LeaderElection91] INFO  server.RaftServerConfigKeys (ConfUtils.java:logGet(43)) - raft.server.rpc.sleep.time = 25ms (default)
2019-10-18 14:12:36,265 [bfc21bf7-2b4f-46f8-acca-4e109eff9825@group-198FEFAAAD3B-LeaderElection91] INFO  server.RaftServerConfigKeys (ConfUtils.java:logGet(43)) - raft.server.write.element-limit = 4096 (default)
2019-10-18 14:12:36,265 [bfc21bf7-2b4f-46f8-acca-4e109eff9825@group-198FEFAAAD3B-LeaderElection91] INFO  server.RaftServerConfigKeys (ConfUtils.java:logGet(43)) - raft.server.watch.timeout = 10s (default)
2019-10-18 14:12:36,265 [bfc21bf7-2b4f-46f8-acca-4e109eff9825@group-198FEFAAAD3B-LeaderElection91] INFO  server.RaftServerConfigKeys (ConfUtils.java:logGet(43)) - raft.server.watch.timeout.denomination = 1s (default)
2019-10-18 14:12:36,265 [bfc21bf7-2b4f-46f8-acca-4e109eff9825@group-198FEFAAAD3B-LeaderElection91] INFO  server.RaftServerConfigKeys (ConfUtils.java:logGet(43)) - raft.server.watch.element-limit = 65536 (default)
2019-10-18 14:12:36,267 [bfc21bf7-2b4f-46f8-acca-4e109eff9825@group-198FEFAAAD3B-LeaderElection91] INFO  server.RaftServerConfigKeys (ConfUtils.java:logGet(43)) - raft.server.log.appender.snapshot.chunk.size.max = 16MB (=16777216) (default)
2019-10-18 14:12:36,267 [bfc21bf7-2b4f-46f8-acca-4e109eff9825@group-198FEFAAAD3B-LeaderElection91] INFO  server.RaftServerConfigKeys (ConfUtils.java:logGet(43)) - raft.server.log.appender.buffer.byte-limit = 33554432 (custom)
2019-10-18 14:12:36,267 [bfc21bf7-2b4f-46f8-acca-4e109eff9825@group-198FEFAAAD3B-LeaderElection91] INFO  server.RaftServerConfigKeys (ConfUtils.java:logGet(43)) - raft.server.log.appender.buffer.element-limit = 1 (custom)
2019-10-18 14:12:36,267 [bfc21bf7-2b4f-46f8-acca-4e109eff9825@group-198FEFAAAD3B-LeaderElection91] INFO  grpc.GrpcConfigKeys$Server (ConfUtils.java:logGet(43)) - raft.grpc.server.leader.outstanding.appends.max = 128 (default)
2019-10-18 14:12:36,267 [bfc21bf7-2b4f-46f8-acca-4e109eff9825@group-198FEFAAAD3B-LeaderElection91] INFO  server.RaftServerConfigKeys (ConfUtils.java:logGet(43)) - raft.server.rpc.request.timeout = 3000ms (default)
2019-10-18 14:12:36,267 [bfc21bf7-2b4f-46f8-acca-4e109eff9825@group-198FEFAAAD3B-LeaderElection91] INFO  server.RaftServerConfigKeys (ConfUtils.java:logGet(43)) - raft.server.log.appender.install.snapshot.enabled = false (custom)
2019-10-18 14:12:36,268 [bfc21bf7-2b4f-46f8-acca-4e109eff9825@group-198FEFAAAD3B-LeaderElection91] INFO  server.RaftServerConfigKeys (ConfUtils.java:logGet(43)) - raft.server.log.appender.snapshot.chunk.size.max = 16MB (=16777216) (default)
2019-10-18 14:12:36,268 [bfc21bf7-2b4f-46f8-acca-4e109eff9825@group-198FEFAAAD3B-LeaderElection91] INFO  server.RaftServerConfigKeys (ConfUtils.java:logGet(43)) - raft.server.log.appender.buffer.byte-limit = 33554432 (custom)
2019-10-18 14:12:36,268 [bfc21bf7-2b4f-46f8-acca-4e109eff9825@group-198FEFAAAD3B-LeaderElection91] INFO  server.RaftServerConfigKeys (ConfUtils.java:logGet(43)) - raft.server.log.appender.buffer.element-limit = 1 (custom)
2019-10-18 14:12:36,268 [bfc21bf7-2b4f-46f8-acca-4e109eff9825@group-198FEFAAAD3B-LeaderElection91] INFO  grpc.GrpcConfigKeys$Server (ConfUtils.java:logGet(43)) - raft.grpc.server.leader.outstanding.appends.max = 128 (default)
2019-10-18 14:12:36,268 [bfc21bf7-2b4f-46f8-acca-4e109eff9825@group-198FEFAAAD3B-LeaderElection91] INFO  server.RaftServerConfigKeys (ConfUtils.java:logGet(43)) - raft.server.rpc.request.timeout = 3000ms (default)
2019-10-18 14:12:36,268 [bfc21bf7-2b4f-46f8-acca-4e109eff9825@group-198FEFAAAD3B-LeaderElection91] INFO  server.RaftServerConfigKeys (ConfUtils.java:logGet(43)) - raft.server.log.appender.install.snapshot.enabled = false (custom)
2019-10-18 14:12:36,268 [bfc21bf7-2b4f-46f8-acca-4e109eff9825@group-198FEFAAAD3B-LeaderElection91] INFO  impl.RoleInfo (RoleInfo.java:updateAndGet(143)) - bfc21bf7-2b4f-46f8-acca-4e109eff9825: start LeaderState
2019-10-18 14:12:36,269 [bfc21bf7-2b4f-46f8-acca-4e109eff9825@group-198FEFAAAD3B-LeaderElection91] INFO  segmented.SegmentedRaftLogWorker (SegmentedRaftLogWorker.java:rollLogSegment(390)) - bfc21bf7-2b4f-46f8-acca-4e109eff9825@group-198FEFAAAD3B-SegmentedRaftLogWorker: Rolling segment log-0_2 to index:2
2019-10-18 14:12:36,270 [bfc21bf7-2b4f-46f8-acca-4e109eff9825@group-198FEFAAAD3B-LeaderElection91] INFO  impl.RaftServerImpl (ServerState.java:setRaftConf(356)) - bfc21bf7-2b4f-46f8-acca-4e109eff9825@group-198FEFAAAD3B: set configuration 3: [d67d7a8a-48fc-4760-af70-d9214651956a:192.168.34.61:44353, bfc21bf7-2b4f-46f8-acca-4e109eff9825:192.168.34.61:35859, b9378c2d-a253-4d60-8cf2-00dacb35e775:192.168.34.61:46010], old=null at 3
2019-10-18 14:12:36,270 [grpc-default-executor-3] WARN  server.GrpcLogAppender (LogUtils.java:warn(134)) - bfc21bf7-2b4f-46f8-acca-4e109eff9825@group-198FEFAAAD3B->b9378c2d-a253-4d60-8cf2-00dacb35e775-AppendLogResponseHandler: Failed appendEntries: org.apache.ratis.thirdparty.io.grpc.StatusRuntimeException: UNAVAILABLE: io exception
2019-10-18 14:12:36,272 [bfc21bf7-2b4f-46f8-acca-4e109eff9825@group-198FEFAAAD3B-SegmentedRaftLogWorker] INFO  segmented.SegmentedRaftLogWorker (SegmentedRaftLogWorker.java:execute(531)) - bfc21bf7-2b4f-46f8-acca-4e109eff9825@group-198FEFAAAD3B-SegmentedRaftLogWorker: Rolled log segment from /workdir/hadoop-ozone/integration-test/target/test-dir/MiniOzoneClusterImpl-1b3b65e9-0d6f-42e9-b73e-0ac44ea75486/datanode-1/data/ratis/74e33ef0-8344-40e7-88b9-198fefaaad3b/current/log_inprogress_0 to /workdir/hadoop-ozone/integration-test/target/test-dir/MiniOzoneClusterImpl-1b3b65e9-0d6f-42e9-b73e-0ac44ea75486/datanode-1/data/ratis/74e33ef0-8344-40e7-88b9-198fefaaad3b/current/log_0-2
2019-10-18 14:12:36,272 [grpc-default-executor-3] INFO  impl.FollowerInfo (FollowerInfo.java:lambda$new$0(51)) - bfc21bf7-2b4f-46f8-acca-4e109eff9825@group-198FEFAAAD3B->b9378c2d-a253-4d60-8cf2-00dacb35e775: nextIndex: updateUnconditionally 3 -> 1
2019-10-18 14:12:36,272 [grpc-default-executor-6] INFO  impl.RaftServerImpl (ServerState.java:setLeader(255)) - d67d7a8a-48fc-4760-af70-d9214651956a@group-198FEFAAAD3B: change Leader from null to bfc21bf7-2b4f-46f8-acca-4e109eff9825 at term 2 for appendEntries, leader elected after 37ms
2019-10-18 14:12:36,276 [grpc-default-executor-6] INFO  impl.RaftServerImpl (ServerState.java:setRaftConf(356)) - d67d7a8a-48fc-4760-af70-d9214651956a@group-198FEFAAAD3B: set configuration 3: [d67d7a8a-48fc-4760-af70-d9214651956a:192.168.34.61:44353, bfc21bf7-2b4f-46f8-acca-4e109eff9825:192.168.34.61:35859, b9378c2d-a253-4d60-8cf2-00dacb35e775:192.168.34.61:46010], old=null at 3
2019-10-18 14:12:36,276 [grpc-default-executor-6] INFO  segmented.SegmentedRaftLogWorker (SegmentedRaftLogWorker.java:rollLogSegment(390)) - d67d7a8a-48fc-4760-af70-d9214651956a@group-198FEFAAAD3B-SegmentedRaftLogWorker: Rolling segment log-0_2 to index:2
2019-10-18 14:12:36,277 [d67d7a8a-48fc-4760-af70-d9214651956a@group-198FEFAAAD3B-SegmentedRaftLogWorker] INFO  segmented.SegmentedRaftLogWorker (SegmentedRaftLogWorker.java:execute(531)) - d67d7a8a-48fc-4760-af70-d9214651956a@group-198FEFAAAD3B-SegmentedRaftLogWorker: Rolled log segment from /workdir/hadoop-ozone/integration-test/target/test-dir/MiniOzoneClusterImpl-1b3b65e9-0d6f-42e9-b73e-0ac44ea75486/datanode-6/data/ratis/74e33ef0-8344-40e7-88b9-198fefaaad3b/current/log_inprogress_0 to /workdir/hadoop-ozone/integration-test/target/test-dir/MiniOzoneClusterImpl-1b3b65e9-0d6f-42e9-b73e-0ac44ea75486/datanode-6/data/ratis/74e33ef0-8344-40e7-88b9-198fefaaad3b/current/log_0-2
2019-10-18 14:12:36,330 [bfc21bf7-2b4f-46f8-acca-4e109eff9825@group-198FEFAAAD3B-SegmentedRaftLogWorker] INFO  segmented.SegmentedRaftLogWorker (SegmentedRaftLogWorker.java:execute(574)) - bfc21bf7-2b4f-46f8-acca-4e109eff9825@group-198FEFAAAD3B-SegmentedRaftLogWorker: created new log segment /workdir/hadoop-ozone/integration-test/target/test-dir/MiniOzoneClusterImpl-1b3b65e9-0d6f-42e9-b73e-0ac44ea75486/datanode-1/data/ratis/74e33ef0-8344-40e7-88b9-198fefaaad3b/current/log_inprogress_3
2019-10-18 14:12:36,330 [d67d7a8a-48fc-4760-af70-d9214651956a@group-198FEFAAAD3B-SegmentedRaftLogWorker] INFO  segmented.SegmentedRaftLogWorker (SegmentedRaftLogWorker.java:execute(574)) - d67d7a8a-48fc-4760-af70-d9214651956a@group-198FEFAAAD3B-SegmentedRaftLogWorker: created new log segment /workdir/hadoop-ozone/integration-test/target/test-dir/MiniOzoneClusterImpl-1b3b65e9-0d6f-42e9-b73e-0ac44ea75486/datanode-6/data/ratis/74e33ef0-8344-40e7-88b9-198fefaaad3b/current/log_inprogress_3
2019-10-18 14:12:36,348 [grpc-default-executor-3] WARN  server.GrpcLogAppender (LogUtils.java:warn(134)) - bfc21bf7-2b4f-46f8-acca-4e109eff9825@group-198FEFAAAD3B->b9378c2d-a253-4d60-8cf2-00dacb35e775-AppendLogResponseHandler: Failed appendEntries: org.apache.ratis.thirdparty.io.grpc.StatusRuntimeException: UNAVAILABLE: io exception
2019-10-18 14:12:36,349 [grpc-default-executor-3] INFO  impl.FollowerInfo (FollowerInfo.java:lambda$new$0(51)) - bfc21bf7-2b4f-46f8-acca-4e109eff9825@group-198FEFAAAD3B->b9378c2d-a253-4d60-8cf2-00dacb35e775: nextIndex: updateUnconditionally 2 -> 1
2019-10-18 14:12:36,363 [grpc-default-executor-5] WARN  server.GrpcLogAppender (LogUtils.java:warn(134)) - bfc21bf7-2b4f-46f8-acca-4e109eff9825@group-198FEFAAAD3B->b9378c2d-a253-4d60-8cf2-00dacb35e775-AppendLogResponseHandler: Failed appendEntries: org.apache.ratis.thirdparty.io.grpc.StatusRuntimeException: UNAVAILABLE: io exception
2019-10-18 14:12:36,363 [grpc-default-executor-5] INFO  impl.FollowerInfo (FollowerInfo.java:lambda$new$0(51)) - bfc21bf7-2b4f-46f8-acca-4e109eff9825@group-198FEFAAAD3B->b9378c2d-a253-4d60-8cf2-00dacb35e775: nextIndex: updateUnconditionally 2 -> 1
]]></system-out>
  </testcase>
</testsuite>