<?xml version="1.0" encoding="UTF-8"?>
<testsuite xmlns:xsi="http://www.w3.org/2001/XMLSchema-instance" xsi:noNamespaceSchemaLocation="https://maven.apache.org/surefire/maven-surefire-plugin/xsd/surefire-test-report.xsd" name="org.apache.hadoop.ozone.client.rpc.TestDeleteWithSlowFollower" time="133.851" tests="1" errors="0" skipped="0" failures="1">
  <properties>
    <property name="awt.toolkit" value="sun.awt.X11.XToolkit"/>
    <property name="file.encoding.pkg" value="sun.io"/>
    <property name="java.specification.version" value="1.8"/>
    <property name="sun.cpu.isalist" value=""/>
    <property name="sun.jnu.encoding" value="ANSI_X3.4-1968"/>
    <property name="java.class.path" value="/workdir/hadoop-ozone/integration-test/target/test-classes:/workdir/hadoop-ozone/integration-test/target/classes:/home/user/.m2/repository/org/apache/hadoop/hadoop-ozone-common/0.5.0-SNAPSHOT/hadoop-ozone-common-0.5.0-SNAPSHOT.jar:/home/user/.m2/repository/org/apache/commons/commons-compress/1.4.1/commons-compress-1.4.1.jar:/home/user/.m2/repository/org/tukaani/xz/1.0/xz-1.0.jar:/home/user/.m2/repository/org/apache/hadoop/hadoop-common/3.2.0/hadoop-common-3.2.0.jar:/home/user/.m2/repository/org/apache/hadoop/hadoop-hdfs/3.2.0/hadoop-hdfs-3.2.0.jar:/home/user/.m2/repository/org/apache/hadoop/hadoop-hdfs-client/3.2.0/hadoop-hdfs-client-3.2.0.jar:/home/user/.m2/repository/com/fasterxml/jackson/core/jackson-annotations/2.9.9/jackson-annotations-2.9.9.jar:/home/user/.m2/repository/org/apache/hadoop/hadoop-hdds-common/0.5.0-SNAPSHOT/hadoop-hdds-common-0.5.0-SNAPSHOT.jar:/home/user/.m2/repository/javax/annotation/javax.annotation-api/1.2/javax.annotation-api-1.2.jar:/home/user/.m2/repository/org/apache/ratis/ratis-server/0.5.0-3f446aa-SNAPSHOT/ratis-server-0.5.0-3f446aa-SNAPSHOT.jar:/home/user/.m2/repository/org/apache/ratis/ratis-thirdparty-misc/0.2.0/ratis-thirdparty-misc-0.2.0.jar:/home/user/.m2/repository/org/apache/ratis/ratis-proto/0.5.0-3f446aa-SNAPSHOT/ratis-proto-0.5.0-3f446aa-SNAPSHOT.jar:/home/user/.m2/repository/org/apache/ratis/ratis-common/0.5.0-3f446aa-SNAPSHOT/ratis-common-0.5.0-3f446aa-SNAPSHOT.jar:/home/user/.m2/repository/org/apache/ratis/ratis-client/0.5.0-3f446aa-SNAPSHOT/ratis-client-0.5.0-3f446aa-SNAPSHOT.jar:/home/user/.m2/repository/org/apache/ratis/ratis-metrics/0.5.0-3f446aa-SNAPSHOT/ratis-metrics-0.5.0-3f446aa-SNAPSHOT.jar:/home/user/.m2/repository/com/github/joshelser/dropwizard-metrics-hadoop-metrics2-reporter/0.1.2/dropwizard-metrics-hadoop-metrics2-reporter-0.1.2.jar:/home/user/.m2/repository/io/dropwizard/metrics/metrics-jvm/3.2.5/metrics-jvm-3.2.5.jar:/home/user/.m2/repository/io/dropwizard/metrics/metrics-ganglia/3.2.5/metrics-ganglia-3.2.5.jar:/home/user/.m2/repository/info/ganglia/gmetric4j/gmetric4j/1.0.7/gmetric4j-1.0.7.jar:/home/user/.m2/repository/org/apache/ratis/ratis-netty/0.5.0-3f446aa-SNAPSHOT/ratis-netty-0.5.0-3f446aa-SNAPSHOT.jar:/home/user/.m2/repository/org/apache/ratis/ratis-grpc/0.5.0-3f446aa-SNAPSHOT/ratis-grpc-0.5.0-3f446aa-SNAPSHOT.jar:/home/user/.m2/repository/org/rocksdb/rocksdbjni/6.0.1/rocksdbjni-6.0.1.jar:/home/user/.m2/repository/org/apache/logging/log4j/log4j-api/2.11.0/log4j-api-2.11.0.jar:/home/user/.m2/repository/org/apache/logging/log4j/log4j-core/2.11.0/log4j-core-2.11.0.jar:/home/user/.m2/repository/com/lmax/disruptor/3.4.2/disruptor-3.4.2.jar:/home/user/.m2/repository/org/apache/commons/commons-pool2/2.6.0/commons-pool2-2.6.0.jar:/home/user/.m2/repository/org/bouncycastle/bcpkix-jdk15on/1.60/bcpkix-jdk15on-1.60.jar:/home/user/.m2/repository/commons-validator/commons-validator/1.6/commons-validator-1.6.jar:/home/user/.m2/repository/commons-digester/commons-digester/1.8.1/commons-digester-1.8.1.jar:/home/user/.m2/repository/io/jaegertracing/jaeger-client/0.34.0/jaeger-client-0.34.0.jar:/home/user/.m2/repository/io/jaegertracing/jaeger-thrift/0.34.0/jaeger-thrift-0.34.0.jar:/home/user/.m2/repository/org/apache/thrift/libthrift/0.12.0/libthrift-0.12.0.jar:/home/user/.m2/repository/com/squareup/okhttp3/okhttp/3.9.0/okhttp-3.9.0.jar:/home/user/.m2/repository/com/squareup/okio/okio/1.13.0/okio-1.13.0.jar:/home/user/.m2/repository/io/jaegertracing/jaeger-core/0.34.0/jaeger-core-0.34.0.jar:/home/user/.m2/repository/io/jaegertracing/jaeger-tracerresolver/0.34.0/jaeger-tracerresolver-0.34.0.jar:/home/user/.m2/repository/io/opentracing/contrib/opentracing-tracerresolver/0.1.5/opentracing-tracerresolver-0.1.5.jar:/home/user/.m2/repository/io/opentracing/opentracing-util/0.31.0/opentracing-util-0.31.0.jar:/home/user/.m2/repository/io/opentracing/opentracing-api/0.31.0/opentracing-api-0.31.0.jar:/home/user/.m2/repository/io/opentracing/opentracing-noop/0.31.0/opentracing-noop-0.31.0.jar:/home/user/.m2/repository/org/apache/hadoop/hadoop-hdds-server-framework/0.5.0-SNAPSHOT/hadoop-hdds-server-framework-0.5.0-SNAPSHOT.jar:/home/user/.m2/repository/org/apache/hadoop/hadoop-hdds-container-service/0.5.0-SNAPSHOT/hadoop-hdds-container-service-0.5.0-SNAPSHOT.jar:/home/user/.m2/repository/org/apache/hadoop/hadoop-hdds-client/0.5.0-SNAPSHOT/hadoop-hdds-client-0.5.0-SNAPSHOT.jar:/home/user/.m2/repository/org/apache/hadoop/hadoop-hdds-tools/0.5.0-SNAPSHOT/hadoop-hdds-tools-0.5.0-SNAPSHOT.jar:/home/user/.m2/repository/org/apache/hadoop/hadoop-hdds-server-scm/0.5.0-SNAPSHOT/hadoop-hdds-server-scm-0.5.0-SNAPSHOT.jar:/home/user/.m2/repository/org/apache/hadoop/hadoop-hdds-docs/0.5.0-SNAPSHOT/hadoop-hdds-docs-0.5.0-SNAPSHOT.jar:/home/user/.m2/repository/io/dropwizard/metrics/metrics-core/3.2.4/metrics-core-3.2.4.jar:/home/user/.m2/repository/org/hamcrest/hamcrest-all/1.3/hamcrest-all-1.3.jar:/home/user/.m2/repository/org/bouncycastle/bcprov-jdk15on/1.60/bcprov-jdk15on-1.60.jar:/home/user/.m2/repository/info/picocli/picocli/3.9.6/picocli-3.9.6.jar:/home/user/.m2/repository/com/google/protobuf/protobuf-java/2.5.0/protobuf-java-2.5.0.jar:/home/user/.m2/repository/com/google/guava/guava/11.0.2/guava-11.0.2.jar:/home/user/.m2/repository/org/apache/hadoop/hadoop-ozone-ozone-manager/0.5.0-SNAPSHOT/hadoop-ozone-ozone-manager-0.5.0-SNAPSHOT.jar:/home/user/.m2/repository/org/apache/hadoop/hadoop-minikdc/3.2.0/hadoop-minikdc-3.2.0.jar:/home/user/.m2/repository/commons-io/commons-io/2.5/commons-io-2.5.jar:/home/user/.m2/repository/org/apache/kerby/kerb-simplekdc/1.0.1/kerb-simplekdc-1.0.1.jar:/home/user/.m2/repository/org/apache/kerby/kerb-client/1.0.1/kerb-client-1.0.1.jar:/home/user/.m2/repository/org/apache/kerby/kerby-config/1.0.1/kerby-config-1.0.1.jar:/home/user/.m2/repository/org/apache/kerby/kerb-core/1.0.1/kerb-core-1.0.1.jar:/home/user/.m2/repository/org/apache/kerby/kerby-pkix/1.0.1/kerby-pkix-1.0.1.jar:/home/user/.m2/repository/org/apache/kerby/kerby-asn1/1.0.1/kerby-asn1-1.0.1.jar:/home/user/.m2/repository/org/apache/kerby/kerby-util/1.0.1/kerby-util-1.0.1.jar:/home/user/.m2/repository/org/apache/kerby/kerb-common/1.0.1/kerb-common-1.0.1.jar:/home/user/.m2/repository/org/apache/kerby/kerb-crypto/1.0.1/kerb-crypto-1.0.1.jar:/home/user/.m2/repository/org/apache/kerby/kerb-util/1.0.1/kerb-util-1.0.1.jar:/home/user/.m2/repository/org/apache/kerby/token-provider/1.0.1/token-provider-1.0.1.jar:/home/user/.m2/repository/org/apache/kerby/kerb-admin/1.0.1/kerb-admin-1.0.1.jar:/home/user/.m2/repository/org/apache/kerby/kerb-server/1.0.1/kerb-server-1.0.1.jar:/home/user/.m2/repository/org/apache/kerby/kerb-identity/1.0.1/kerb-identity-1.0.1.jar:/home/user/.m2/repository/org/apache/kerby/kerby-xdr/1.0.1/kerby-xdr-1.0.1.jar:/home/user/.m2/repository/org/slf4j/slf4j-log4j12/1.7.25/slf4j-log4j12-1.7.25.jar:/home/user/.m2/repository/org/apache/hadoop/hadoop-ozone-s3gateway/0.5.0-SNAPSHOT/hadoop-ozone-s3gateway-0.5.0-SNAPSHOT.jar:/home/user/.m2/repository/org/jboss/weld/servlet/weld-servlet/2.4.7.Final/weld-servlet-2.4.7.Final.jar:/home/user/.m2/repository/org/glassfish/jersey/containers/jersey-container-servlet-core/2.27/jersey-container-servlet-core-2.27.jar:/home/user/.m2/repository/org/glassfish/hk2/external/javax.inject/2.5.0-b42/javax.inject-2.5.0-b42.jar:/home/user/.m2/repository/org/glassfish/jersey/core/jersey-common/2.27/jersey-common-2.27.jar:/home/user/.m2/repository/org/glassfish/hk2/osgi-resource-locator/1.0.1/osgi-resource-locator-1.0.1.jar:/home/user/.m2/repository/javax/ws/rs/javax.ws.rs-api/2.1/javax.ws.rs-api-2.1.jar:/home/user/.m2/repository/org/glassfish/jersey/ext/cdi/jersey-cdi1x/2.27/jersey-cdi1x-2.27.jar:/home/user/.m2/repository/org/glassfish/jersey/inject/jersey-hk2/2.27/jersey-hk2-2.27.jar:/home/user/.m2/repository/org/glassfish/hk2/hk2-locator/2.5.0-b42/hk2-locator-2.5.0-b42.jar:/home/user/.m2/repository/org/javassist/javassist/3.22.0-CR2/javassist-3.22.0-CR2.jar:/home/user/.m2/repository/org/glassfish/hk2/hk2-api/2.5.0/hk2-api-2.5.0.jar:/home/user/.m2/repository/org/glassfish/hk2/external/jakarta.inject/2.5.0/jakarta.inject-2.5.0.jar:/home/user/.m2/repository/org/glassfish/hk2/hk2-utils/2.5.0/hk2-utils-2.5.0.jar:/home/user/.m2/repository/jakarta/annotation/jakarta.annotation-api/1.3.4/jakarta.annotation-api-1.3.4.jar:/home/user/.m2/repository/org/glassfish/hk2/external/aopalliance-repackaged/2.5.0/aopalliance-repackaged-2.5.0.jar:/home/user/.m2/repository/com/fasterxml/jackson/dataformat/jackson-dataformat-xml/2.9.0/jackson-dataformat-xml-2.9.0.jar:/home/user/.m2/repository/com/fasterxml/jackson/core/jackson-core/2.9.9/jackson-core-2.9.9.jar:/home/user/.m2/repository/com/fasterxml/jackson/module/jackson-module-jaxb-annotations/2.9.9/jackson-module-jaxb-annotations-2.9.9.jar:/home/user/.m2/repository/javax/enterprise/cdi-api/1.2/cdi-api-1.2.jar:/home/user/.m2/repository/javax/el/javax.el-api/3.0.0/javax.el-api-3.0.0.jar:/home/user/.m2/repository/javax/interceptor/javax.interceptor-api/1.2/javax.interceptor-api-1.2.jar:/home/user/.m2/repository/javax/inject/javax.inject/1/javax.inject-1.jar:/home/user/.m2/repository/com/sun/xml/bind/jaxb-impl/2.3.0.1/jaxb-impl-2.3.0.1.jar:/home/user/.m2/repository/com/sun/xml/bind/jaxb-core/2.3.0.1/jaxb-core-2.3.0.1.jar:/home/user/.m2/repository/javax/xml/bind/jaxb-api/2.3.0/jaxb-api-2.3.0.jar:/home/user/.m2/repository/javax/activation/activation/1.1.1/activation-1.1.1.jar:/home/user/.m2/repository/org/apache/hadoop/hadoop-ozone-csi/0.5.0-SNAPSHOT/hadoop-ozone-csi-0.5.0-SNAPSHOT.jar:/home/user/.m2/repository/com/google/protobuf/protobuf-java-util/3.5.1/protobuf-java-util-3.5.1.jar:/home/user/.m2/repository/org/apache/hadoop/hadoop-hdds-config/0.5.0-SNAPSHOT/hadoop-hdds-config-0.5.0-SNAPSHOT.jar:/home/user/.m2/repository/io/grpc/grpc-netty/1.17.1/grpc-netty-1.17.1.jar:/home/user/.m2/repository/io/grpc/grpc-core/1.17.1/grpc-core-1.17.1.jar:/home/user/.m2/repository/io/grpc/grpc-context/1.17.1/grpc-context-1.17.1.jar:/home/user/.m2/repository/com/google/errorprone/error_prone_annotations/2.2.0/error_prone_annotations-2.2.0.jar:/home/user/.m2/repository/org/codehaus/mojo/animal-sniffer-annotations/1.17/animal-sniffer-annotations-1.17.jar:/home/user/.m2/repository/io/opencensus/opencensus-api/0.17.0/opencensus-api-0.17.0.jar:/home/user/.m2/repository/io/opencensus/opencensus-contrib-grpc-metrics/0.17.0/opencensus-contrib-grpc-metrics-0.17.0.jar:/home/user/.m2/repository/io/netty/netty-codec-http2/4.1.30.Final/netty-codec-http2-4.1.30.Final.jar:/home/user/.m2/repository/io/netty/netty-codec-http/4.1.30.Final/netty-codec-http-4.1.30.Final.jar:/home/user/.m2/repository/io/netty/netty-codec/4.1.30.Final/netty-codec-4.1.30.Final.jar:/home/user/.m2/repository/io/netty/netty-handler/4.1.30.Final/netty-handler-4.1.30.Final.jar:/home/user/.m2/repository/io/netty/netty-handler-proxy/4.1.30.Final/netty-handler-proxy-4.1.30.Final.jar:/home/user/.m2/repository/io/netty/netty-codec-socks/4.1.30.Final/netty-codec-socks-4.1.30.Final.jar:/home/user/.m2/repository/io/netty/netty-transport-native-epoll/4.1.30.Final/netty-transport-native-epoll-4.1.30.Final.jar:/home/user/.m2/repository/io/netty/netty-common/4.1.30.Final/netty-common-4.1.30.Final.jar:/home/user/.m2/repository/io/netty/netty-buffer/4.1.30.Final/netty-buffer-4.1.30.Final.jar:/home/user/.m2/repository/io/netty/netty-transport/4.1.30.Final/netty-transport-4.1.30.Final.jar:/home/user/.m2/repository/io/netty/netty-resolver/4.1.30.Final/netty-resolver-4.1.30.Final.jar:/home/user/.m2/repository/io/netty/netty-transport-native-unix-common/4.1.30.Final/netty-transport-native-unix-common-4.1.30.Final.jar:/home/user/.m2/repository/io/grpc/grpc-protobuf/1.17.1/grpc-protobuf-1.17.1.jar:/home/user/.m2/repository/com/google/api/grpc/proto-google-common-protos/1.0.0/proto-google-common-protos-1.0.0.jar:/home/user/.m2/repository/io/grpc/grpc-protobuf-lite/1.17.1/grpc-protobuf-lite-1.17.1.jar:/home/user/.m2/repository/io/grpc/grpc-stub/1.17.1/grpc-stub-1.17.1.jar:/home/user/.m2/repository/org/apache/hadoop/hadoop-ozone-recon/0.5.0-SNAPSHOT/hadoop-ozone-recon-0.5.0-SNAPSHOT.jar:/home/user/.m2/repository/org/apache/hadoop/hadoop-ozone-reconcodegen/0.5.0-SNAPSHOT/hadoop-ozone-reconcodegen-0.5.0-SNAPSHOT.jar:/home/user/.m2/repository/com/google/inject/extensions/guice-multibindings/4.0/guice-multibindings-4.0.jar:/home/user/.m2/repository/com/google/inject/guice/4.0/guice-4.0.jar:/home/user/.m2/repository/aopalliance/aopalliance/1.0/aopalliance-1.0.jar:/home/user/.m2/repository/com/google/inject/extensions/guice-servlet/4.0/guice-servlet-4.0.jar:/home/user/.m2/repository/org/glassfish/jersey/containers/jersey-container-servlet/2.27/jersey-container-servlet-2.27.jar:/home/user/.m2/repository/org/glassfish/hk2/guice-bridge/2.5.0/guice-bridge-2.5.0.jar:/home/user/.m2/repository/org/glassfish/jersey/core/jersey-server/2.27/jersey-server-2.27.jar:/home/user/.m2/repository/org/glassfish/jersey/core/jersey-client/2.27/jersey-client-2.27.jar:/home/user/.m2/repository/org/glassfish/jersey/media/jersey-media-jaxb/2.27/jersey-media-jaxb-2.27.jar:/home/user/.m2/repository/javax/validation/validation-api/1.1.0.Final/validation-api-1.1.0.Final.jar:/home/user/.m2/repository/org/glassfish/jersey/media/jersey-media-json-jackson/2.27/jersey-media-json-jackson-2.27.jar:/home/user/.m2/repository/org/glassfish/jersey/ext/jersey-entity-filtering/2.27/jersey-entity-filtering-2.27.jar:/home/user/.m2/repository/com/google/inject/extensions/guice-assistedinject/4.0/guice-assistedinject-4.0.jar:/home/user/.m2/repository/org/jooq/jooq/3.11.10/jooq-3.11.10.jar:/home/user/.m2/repository/org/jooq/jooq-meta/3.11.10/jooq-meta-3.11.10.jar:/home/user/.m2/repository/org/jooq/jooq-codegen/3.11.10/jooq-codegen-3.11.10.jar:/home/user/.m2/repository/com/jolbox/bonecp/0.8.0.RELEASE/bonecp-0.8.0.RELEASE.jar:/home/user/.m2/repository/org/xerial/sqlite-jdbc/3.25.2/sqlite-jdbc-3.25.2.jar:/home/user/.m2/repository/org/springframework/spring-jdbc/5.1.3.RELEASE/spring-jdbc-5.1.3.RELEASE.jar:/home/user/.m2/repository/org/springframework/spring-beans/5.1.3.RELEASE/spring-beans-5.1.3.RELEASE.jar:/home/user/.m2/repository/org/springframework/spring-core/5.1.3.RELEASE/spring-core-5.1.3.RELEASE.jar:/home/user/.m2/repository/org/springframework/spring-jcl/5.1.3.RELEASE/spring-jcl-5.1.3.RELEASE.jar:/home/user/.m2/repository/org/springframework/spring-tx/5.1.3.RELEASE/spring-tx-5.1.3.RELEASE.jar:/home/user/.m2/repository/org/apache/hadoop/hadoop-ozone-client/0.5.0-SNAPSHOT/hadoop-ozone-client-0.5.0-SNAPSHOT.jar:/home/user/.m2/repository/commons-lang/commons-lang/2.6/commons-lang-2.6.jar:/home/user/.m2/repository/org/apache/hadoop/hadoop-ozone-ozone-manager/0.5.0-SNAPSHOT/hadoop-ozone-ozone-manager-0.5.0-SNAPSHOT-tests.jar:/home/user/.m2/repository/junit/junit/4.11/junit-4.11.jar:/home/user/.m2/repository/org/hamcrest/hamcrest-core/1.3/hamcrest-core-1.3.jar:/home/user/.m2/repository/org/openjdk/jmh/jmh-core/1.19/jmh-core-1.19.jar:/home/user/.m2/repository/net/sf/jopt-simple/jopt-simple/4.6/jopt-simple-4.6.jar:/home/user/.m2/repository/org/apache/commons/commons-math3/3.1.1/commons-math3-3.1.1.jar:/home/user/.m2/repository/org/openjdk/jmh/jmh-generator-annprocess/1.19/jmh-generator-annprocess-1.19.jar:/home/user/.m2/repository/org/mockito/mockito-all/1.8.5/mockito-all-1.8.5.jar:/home/user/.m2/repository/org/apache/hadoop/hadoop-kms/3.2.0/hadoop-kms-3.2.0.jar:/home/user/.m2/repository/org/apache/hadoop/hadoop-auth/3.2.0/hadoop-auth-3.2.0.jar:/home/user/.m2/repository/com/nimbusds/nimbus-jose-jwt/4.41.1/nimbus-jose-jwt-4.41.1.jar:/home/user/.m2/repository/com/github/stephenc/jcip/jcip-annotations/1.0-1/jcip-annotations-1.0-1.jar:/home/user/.m2/repository/net/minidev/json-smart/2.3/json-smart-2.3.jar:/home/user/.m2/repository/net/minidev/accessors-smart/1.2/accessors-smart-1.2.jar:/home/user/.m2/repository/org/ow2/asm/asm/5.0.4/asm-5.0.4.jar:/home/user/.m2/repository/org/apache/curator/curator-framework/2.12.0/curator-framework-2.12.0.jar:/home/user/.m2/repository/com/sun/jersey/jersey-core/1.19/jersey-core-1.19.jar:/home/user/.m2/repository/javax/ws/rs/jsr311-api/1.1.1/jsr311-api-1.1.1.jar:/home/user/.m2/repository/com/sun/jersey/jersey-server/1.19/jersey-server-1.19.jar:/home/user/.m2/repository/javax/servlet/javax.servlet-api/3.1.0/javax.servlet-api-3.1.0.jar:/home/user/.m2/repository/org/eclipse/jetty/jetty-server/9.3.25.v20180904/jetty-server-9.3.25.v20180904.jar:/home/user/.m2/repository/org/eclipse/jetty/jetty-http/9.3.25.v20180904/jetty-http-9.3.25.v20180904.jar:/home/user/.m2/repository/org/eclipse/jetty/jetty-io/9.3.25.v20180904/jetty-io-9.3.25.v20180904.jar:/home/user/.m2/repository/org/eclipse/jetty/jetty-webapp/9.3.25.v20180904/jetty-webapp-9.3.25.v20180904.jar:/home/user/.m2/repository/org/eclipse/jetty/jetty-xml/9.3.25.v20180904/jetty-xml-9.3.25.v20180904.jar:/home/user/.m2/repository/log4j/log4j/1.2.17/log4j-1.2.17.jar:/home/user/.m2/repository/org/slf4j/slf4j-api/1.7.25/slf4j-api-1.7.25.jar:/home/user/.m2/repository/org/slf4j/jul-to-slf4j/1.7.25/jul-to-slf4j-1.7.25.jar:/home/user/.m2/repository/org/eclipse/jetty/jetty-util/9.3.25.v20180904/jetty-util-9.3.25.v20180904.jar:/home/user/.m2/repository/com/fasterxml/jackson/core/jackson-databind/2.9.9/jackson-databind-2.9.9.jar:/home/user/.m2/repository/org/apache/hadoop/hadoop-kms/3.2.0/hadoop-kms-3.2.0-tests.jar:/home/user/.m2/repository/org/apache/hadoop/hadoop-hdds-server-scm/0.5.0-SNAPSHOT/hadoop-hdds-server-scm-0.5.0-SNAPSHOT-tests.jar:/home/user/.m2/repository/org/apache/hadoop/hadoop-hdds-container-service/0.5.0-SNAPSHOT/hadoop-hdds-container-service-0.5.0-SNAPSHOT-tests.jar:/home/user/.m2/repository/org/yaml/snakeyaml/1.16/snakeyaml-1.16.jar:/home/user/.m2/repository/org/apache/hadoop/hadoop-common/3.2.0/hadoop-common-3.2.0-tests.jar:/home/user/.m2/repository/org/apache/hadoop/hadoop-annotations/3.2.0/hadoop-annotations-3.2.0.jar:/usr/lib/jvm/java-1.8.0-openjdk-1.8.0.222.b10-1.el7_7.x86_64/jre/../lib/tools.jar:/home/user/.m2/repository/commons-cli/commons-cli/1.2/commons-cli-1.2.jar:/home/user/.m2/repository/org/apache/httpcomponents/httpclient/4.5.2/httpclient-4.5.2.jar:/home/user/.m2/repository/org/apache/httpcomponents/httpcore/4.4.4/httpcore-4.4.4.jar:/home/user/.m2/repository/commons-codec/commons-codec/1.11/commons-codec-1.11.jar:/home/user/.m2/repository/commons-net/commons-net/3.6/commons-net-3.6.jar:/home/user/.m2/repository/commons-collections/commons-collections/3.2.2/commons-collections-3.2.2.jar:/home/user/.m2/repository/org/eclipse/jetty/jetty-servlet/9.3.25.v20180904/jetty-servlet-9.3.25.v20180904.jar:/home/user/.m2/repository/org/eclipse/jetty/jetty-security/9.3.25.v20180904/jetty-security-9.3.25.v20180904.jar:/home/user/.m2/repository/javax/servlet/jsp/jsp-api/2.1/jsp-api-2.1.jar:/home/user/.m2/repository/com/sun/jersey/jersey-servlet/1.19/jersey-servlet-1.19.jar:/home/user/.m2/repository/com/sun/jersey/jersey-json/1.19/jersey-json-1.19.jar:/home/user/.m2/repository/org/codehaus/jettison/jettison/1.1/jettison-1.1.jar:/home/user/.m2/repository/org/codehaus/jackson/jackson-core-asl/1.9.13/jackson-core-asl-1.9.13.jar:/home/user/.m2/repository/org/codehaus/jackson/jackson-mapper-asl/1.9.13/jackson-mapper-asl-1.9.13.jar:/home/user/.m2/repository/org/codehaus/jackson/jackson-jaxrs/1.9.13/jackson-jaxrs-1.9.13.jar:/home/user/.m2/repository/org/codehaus/jackson/jackson-xc/1.9.13/jackson-xc-1.9.13.jar:/home/user/.m2/repository/commons-logging/commons-logging/1.1.3/commons-logging-1.1.3.jar:/home/user/.m2/repository/commons-beanutils/commons-beanutils/1.9.4/commons-beanutils-1.9.4.jar:/home/user/.m2/repository/org/apache/commons/commons-configuration2/2.1.1/commons-configuration2-2.1.1.jar:/home/user/.m2/repository/org/apache/commons/commons-lang3/3.7/commons-lang3-3.7.jar:/home/user/.m2/repository/org/apache/commons/commons-text/1.4/commons-text-1.4.jar:/home/user/.m2/repository/org/apache/avro/avro/1.7.7/avro-1.7.7.jar:/home/user/.m2/repository/com/thoughtworks/paranamer/paranamer/2.3/paranamer-2.3.jar:/home/user/.m2/repository/org/xerial/snappy/snappy-java/1.0.5/snappy-java-1.0.5.jar:/home/user/.m2/repository/com/google/re2j/re2j/1.1/re2j-1.1.jar:/home/user/.m2/repository/com/google/code/gson/gson/2.2.4/gson-2.2.4.jar:/home/user/.m2/repository/com/jcraft/jsch/0.1.54/jsch-0.1.54.jar:/home/user/.m2/repository/org/apache/curator/curator-client/2.12.0/curator-client-2.12.0.jar:/home/user/.m2/repository/org/apache/curator/curator-recipes/2.12.0/curator-recipes-2.12.0.jar:/home/user/.m2/repository/com/google/code/findbugs/jsr305/3.0.0/jsr305-3.0.0.jar:/home/user/.m2/repository/org/apache/htrace/htrace-core4/4.1.0-incubating/htrace-core4-4.1.0-incubating.jar:/home/user/.m2/repository/org/apache/zookeeper/zookeeper/3.4.13/zookeeper-3.4.13.jar:/home/user/.m2/repository/jline/jline/0.9.94/jline-0.9.94.jar:/home/user/.m2/repository/org/apache/yetus/audience-annotations/0.5.0/audience-annotations-0.5.0.jar:/home/user/.m2/repository/org/codehaus/woodstox/stax2-api/3.1.4/stax2-api-3.1.4.jar:/home/user/.m2/repository/com/fasterxml/woodstox/woodstox-core/5.0.3/woodstox-core-5.0.3.jar:/home/user/.m2/repository/dnsjava/dnsjava/2.1.7/dnsjava-2.1.7.jar:/home/user/.m2/repository/org/apache/hadoop/hadoop-hdfs/3.2.0/hadoop-hdfs-3.2.0-tests.jar:/home/user/.m2/repository/org/eclipse/jetty/jetty-util-ajax/9.3.25.v20180904/jetty-util-ajax-9.3.25.v20180904.jar:/home/user/.m2/repository/commons-daemon/commons-daemon/1.0.13/commons-daemon-1.0.13.jar:/home/user/.m2/repository/io/netty/netty/3.10.5.Final/netty-3.10.5.Final.jar:/home/user/.m2/repository/io/netty/netty-all/4.0.52.Final/netty-all-4.0.52.Final.jar:/home/user/.m2/repository/org/fusesource/leveldbjni/leveldbjni-all/1.8/leveldbjni-all-1.8.jar:"/>
    <property name="java.vm.vendor" value="Oracle Corporation"/>
    <property name="sun.arch.data.model" value="64"/>
    <property name="test.build.dir" value="/workdir/hadoop-ozone/integration-test/target/test-dir"/>
    <property name="test.cache.data" value=""/>
    <property name="java.vendor.url" value="http://java.oracle.com/"/>
    <property name="user.timezone" value=""/>
    <property name="java.vm.specification.version" value="1.8"/>
    <property name="os.name" value="Linux"/>
    <property name="test.build.data" value="/workdir/hadoop-ozone/integration-test/target/test-dir"/>
    <property name="user.country" value="US"/>
    <property name="sun.java.launcher" value="SUN_STANDARD"/>
    <property name="sun.boot.library.path" value="/usr/lib/jvm/java-1.8.0-openjdk-1.8.0.222.b10-1.el7_7.x86_64/jre/lib/amd64"/>
    <property name="sun.java.command" value="/workdir/hadoop-ozone/integration-test/target/surefire/surefirebooter4551193508163803328.jar /workdir/hadoop-ozone/integration-test/target/surefire 2019-10-20T17-45-11_730-jvmRun1 surefire2412643288574295999tmp surefire_487122785597851985764tmp"/>
    <property name="surefire.test.class.path" value="/workdir/hadoop-ozone/integration-test/target/test-classes:/workdir/hadoop-ozone/integration-test/target/classes:/home/user/.m2/repository/org/apache/hadoop/hadoop-ozone-common/0.5.0-SNAPSHOT/hadoop-ozone-common-0.5.0-SNAPSHOT.jar:/home/user/.m2/repository/org/apache/commons/commons-compress/1.4.1/commons-compress-1.4.1.jar:/home/user/.m2/repository/org/tukaani/xz/1.0/xz-1.0.jar:/home/user/.m2/repository/org/apache/hadoop/hadoop-common/3.2.0/hadoop-common-3.2.0.jar:/home/user/.m2/repository/org/apache/hadoop/hadoop-hdfs/3.2.0/hadoop-hdfs-3.2.0.jar:/home/user/.m2/repository/org/apache/hadoop/hadoop-hdfs-client/3.2.0/hadoop-hdfs-client-3.2.0.jar:/home/user/.m2/repository/com/fasterxml/jackson/core/jackson-annotations/2.9.9/jackson-annotations-2.9.9.jar:/home/user/.m2/repository/org/apache/hadoop/hadoop-hdds-common/0.5.0-SNAPSHOT/hadoop-hdds-common-0.5.0-SNAPSHOT.jar:/home/user/.m2/repository/javax/annotation/javax.annotation-api/1.2/javax.annotation-api-1.2.jar:/home/user/.m2/repository/org/apache/ratis/ratis-server/0.5.0-3f446aa-SNAPSHOT/ratis-server-0.5.0-3f446aa-SNAPSHOT.jar:/home/user/.m2/repository/org/apache/ratis/ratis-thirdparty-misc/0.2.0/ratis-thirdparty-misc-0.2.0.jar:/home/user/.m2/repository/org/apache/ratis/ratis-proto/0.5.0-3f446aa-SNAPSHOT/ratis-proto-0.5.0-3f446aa-SNAPSHOT.jar:/home/user/.m2/repository/org/apache/ratis/ratis-common/0.5.0-3f446aa-SNAPSHOT/ratis-common-0.5.0-3f446aa-SNAPSHOT.jar:/home/user/.m2/repository/org/apache/ratis/ratis-client/0.5.0-3f446aa-SNAPSHOT/ratis-client-0.5.0-3f446aa-SNAPSHOT.jar:/home/user/.m2/repository/org/apache/ratis/ratis-metrics/0.5.0-3f446aa-SNAPSHOT/ratis-metrics-0.5.0-3f446aa-SNAPSHOT.jar:/home/user/.m2/repository/com/github/joshelser/dropwizard-metrics-hadoop-metrics2-reporter/0.1.2/dropwizard-metrics-hadoop-metrics2-reporter-0.1.2.jar:/home/user/.m2/repository/io/dropwizard/metrics/metrics-jvm/3.2.5/metrics-jvm-3.2.5.jar:/home/user/.m2/repository/io/dropwizard/metrics/metrics-ganglia/3.2.5/metrics-ganglia-3.2.5.jar:/home/user/.m2/repository/info/ganglia/gmetric4j/gmetric4j/1.0.7/gmetric4j-1.0.7.jar:/home/user/.m2/repository/org/apache/ratis/ratis-netty/0.5.0-3f446aa-SNAPSHOT/ratis-netty-0.5.0-3f446aa-SNAPSHOT.jar:/home/user/.m2/repository/org/apache/ratis/ratis-grpc/0.5.0-3f446aa-SNAPSHOT/ratis-grpc-0.5.0-3f446aa-SNAPSHOT.jar:/home/user/.m2/repository/org/rocksdb/rocksdbjni/6.0.1/rocksdbjni-6.0.1.jar:/home/user/.m2/repository/org/apache/logging/log4j/log4j-api/2.11.0/log4j-api-2.11.0.jar:/home/user/.m2/repository/org/apache/logging/log4j/log4j-core/2.11.0/log4j-core-2.11.0.jar:/home/user/.m2/repository/com/lmax/disruptor/3.4.2/disruptor-3.4.2.jar:/home/user/.m2/repository/org/apache/commons/commons-pool2/2.6.0/commons-pool2-2.6.0.jar:/home/user/.m2/repository/org/bouncycastle/bcpkix-jdk15on/1.60/bcpkix-jdk15on-1.60.jar:/home/user/.m2/repository/commons-validator/commons-validator/1.6/commons-validator-1.6.jar:/home/user/.m2/repository/commons-digester/commons-digester/1.8.1/commons-digester-1.8.1.jar:/home/user/.m2/repository/io/jaegertracing/jaeger-client/0.34.0/jaeger-client-0.34.0.jar:/home/user/.m2/repository/io/jaegertracing/jaeger-thrift/0.34.0/jaeger-thrift-0.34.0.jar:/home/user/.m2/repository/org/apache/thrift/libthrift/0.12.0/libthrift-0.12.0.jar:/home/user/.m2/repository/com/squareup/okhttp3/okhttp/3.9.0/okhttp-3.9.0.jar:/home/user/.m2/repository/com/squareup/okio/okio/1.13.0/okio-1.13.0.jar:/home/user/.m2/repository/io/jaegertracing/jaeger-core/0.34.0/jaeger-core-0.34.0.jar:/home/user/.m2/repository/io/jaegertracing/jaeger-tracerresolver/0.34.0/jaeger-tracerresolver-0.34.0.jar:/home/user/.m2/repository/io/opentracing/contrib/opentracing-tracerresolver/0.1.5/opentracing-tracerresolver-0.1.5.jar:/home/user/.m2/repository/io/opentracing/opentracing-util/0.31.0/opentracing-util-0.31.0.jar:/home/user/.m2/repository/io/opentracing/opentracing-api/0.31.0/opentracing-api-0.31.0.jar:/home/user/.m2/repository/io/opentracing/opentracing-noop/0.31.0/opentracing-noop-0.31.0.jar:/home/user/.m2/repository/org/apache/hadoop/hadoop-hdds-server-framework/0.5.0-SNAPSHOT/hadoop-hdds-server-framework-0.5.0-SNAPSHOT.jar:/home/user/.m2/repository/org/apache/hadoop/hadoop-hdds-container-service/0.5.0-SNAPSHOT/hadoop-hdds-container-service-0.5.0-SNAPSHOT.jar:/home/user/.m2/repository/org/apache/hadoop/hadoop-hdds-client/0.5.0-SNAPSHOT/hadoop-hdds-client-0.5.0-SNAPSHOT.jar:/home/user/.m2/repository/org/apache/hadoop/hadoop-hdds-tools/0.5.0-SNAPSHOT/hadoop-hdds-tools-0.5.0-SNAPSHOT.jar:/home/user/.m2/repository/org/apache/hadoop/hadoop-hdds-server-scm/0.5.0-SNAPSHOT/hadoop-hdds-server-scm-0.5.0-SNAPSHOT.jar:/home/user/.m2/repository/org/apache/hadoop/hadoop-hdds-docs/0.5.0-SNAPSHOT/hadoop-hdds-docs-0.5.0-SNAPSHOT.jar:/home/user/.m2/repository/io/dropwizard/metrics/metrics-core/3.2.4/metrics-core-3.2.4.jar:/home/user/.m2/repository/org/hamcrest/hamcrest-all/1.3/hamcrest-all-1.3.jar:/home/user/.m2/repository/org/bouncycastle/bcprov-jdk15on/1.60/bcprov-jdk15on-1.60.jar:/home/user/.m2/repository/info/picocli/picocli/3.9.6/picocli-3.9.6.jar:/home/user/.m2/repository/com/google/protobuf/protobuf-java/2.5.0/protobuf-java-2.5.0.jar:/home/user/.m2/repository/com/google/guava/guava/11.0.2/guava-11.0.2.jar:/home/user/.m2/repository/org/apache/hadoop/hadoop-ozone-ozone-manager/0.5.0-SNAPSHOT/hadoop-ozone-ozone-manager-0.5.0-SNAPSHOT.jar:/home/user/.m2/repository/org/apache/hadoop/hadoop-minikdc/3.2.0/hadoop-minikdc-3.2.0.jar:/home/user/.m2/repository/commons-io/commons-io/2.5/commons-io-2.5.jar:/home/user/.m2/repository/org/apache/kerby/kerb-simplekdc/1.0.1/kerb-simplekdc-1.0.1.jar:/home/user/.m2/repository/org/apache/kerby/kerb-client/1.0.1/kerb-client-1.0.1.jar:/home/user/.m2/repository/org/apache/kerby/kerby-config/1.0.1/kerby-config-1.0.1.jar:/home/user/.m2/repository/org/apache/kerby/kerb-core/1.0.1/kerb-core-1.0.1.jar:/home/user/.m2/repository/org/apache/kerby/kerby-pkix/1.0.1/kerby-pkix-1.0.1.jar:/home/user/.m2/repository/org/apache/kerby/kerby-asn1/1.0.1/kerby-asn1-1.0.1.jar:/home/user/.m2/repository/org/apache/kerby/kerby-util/1.0.1/kerby-util-1.0.1.jar:/home/user/.m2/repository/org/apache/kerby/kerb-common/1.0.1/kerb-common-1.0.1.jar:/home/user/.m2/repository/org/apache/kerby/kerb-crypto/1.0.1/kerb-crypto-1.0.1.jar:/home/user/.m2/repository/org/apache/kerby/kerb-util/1.0.1/kerb-util-1.0.1.jar:/home/user/.m2/repository/org/apache/kerby/token-provider/1.0.1/token-provider-1.0.1.jar:/home/user/.m2/repository/org/apache/kerby/kerb-admin/1.0.1/kerb-admin-1.0.1.jar:/home/user/.m2/repository/org/apache/kerby/kerb-server/1.0.1/kerb-server-1.0.1.jar:/home/user/.m2/repository/org/apache/kerby/kerb-identity/1.0.1/kerb-identity-1.0.1.jar:/home/user/.m2/repository/org/apache/kerby/kerby-xdr/1.0.1/kerby-xdr-1.0.1.jar:/home/user/.m2/repository/org/slf4j/slf4j-log4j12/1.7.25/slf4j-log4j12-1.7.25.jar:/home/user/.m2/repository/org/apache/hadoop/hadoop-ozone-s3gateway/0.5.0-SNAPSHOT/hadoop-ozone-s3gateway-0.5.0-SNAPSHOT.jar:/home/user/.m2/repository/org/jboss/weld/servlet/weld-servlet/2.4.7.Final/weld-servlet-2.4.7.Final.jar:/home/user/.m2/repository/org/glassfish/jersey/containers/jersey-container-servlet-core/2.27/jersey-container-servlet-core-2.27.jar:/home/user/.m2/repository/org/glassfish/hk2/external/javax.inject/2.5.0-b42/javax.inject-2.5.0-b42.jar:/home/user/.m2/repository/org/glassfish/jersey/core/jersey-common/2.27/jersey-common-2.27.jar:/home/user/.m2/repository/org/glassfish/hk2/osgi-resource-locator/1.0.1/osgi-resource-locator-1.0.1.jar:/home/user/.m2/repository/javax/ws/rs/javax.ws.rs-api/2.1/javax.ws.rs-api-2.1.jar:/home/user/.m2/repository/org/glassfish/jersey/ext/cdi/jersey-cdi1x/2.27/jersey-cdi1x-2.27.jar:/home/user/.m2/repository/org/glassfish/jersey/inject/jersey-hk2/2.27/jersey-hk2-2.27.jar:/home/user/.m2/repository/org/glassfish/hk2/hk2-locator/2.5.0-b42/hk2-locator-2.5.0-b42.jar:/home/user/.m2/repository/org/javassist/javassist/3.22.0-CR2/javassist-3.22.0-CR2.jar:/home/user/.m2/repository/org/glassfish/hk2/hk2-api/2.5.0/hk2-api-2.5.0.jar:/home/user/.m2/repository/org/glassfish/hk2/external/jakarta.inject/2.5.0/jakarta.inject-2.5.0.jar:/home/user/.m2/repository/org/glassfish/hk2/hk2-utils/2.5.0/hk2-utils-2.5.0.jar:/home/user/.m2/repository/jakarta/annotation/jakarta.annotation-api/1.3.4/jakarta.annotation-api-1.3.4.jar:/home/user/.m2/repository/org/glassfish/hk2/external/aopalliance-repackaged/2.5.0/aopalliance-repackaged-2.5.0.jar:/home/user/.m2/repository/com/fasterxml/jackson/dataformat/jackson-dataformat-xml/2.9.0/jackson-dataformat-xml-2.9.0.jar:/home/user/.m2/repository/com/fasterxml/jackson/core/jackson-core/2.9.9/jackson-core-2.9.9.jar:/home/user/.m2/repository/com/fasterxml/jackson/module/jackson-module-jaxb-annotations/2.9.9/jackson-module-jaxb-annotations-2.9.9.jar:/home/user/.m2/repository/javax/enterprise/cdi-api/1.2/cdi-api-1.2.jar:/home/user/.m2/repository/javax/el/javax.el-api/3.0.0/javax.el-api-3.0.0.jar:/home/user/.m2/repository/javax/interceptor/javax.interceptor-api/1.2/javax.interceptor-api-1.2.jar:/home/user/.m2/repository/javax/inject/javax.inject/1/javax.inject-1.jar:/home/user/.m2/repository/com/sun/xml/bind/jaxb-impl/2.3.0.1/jaxb-impl-2.3.0.1.jar:/home/user/.m2/repository/com/sun/xml/bind/jaxb-core/2.3.0.1/jaxb-core-2.3.0.1.jar:/home/user/.m2/repository/javax/xml/bind/jaxb-api/2.3.0/jaxb-api-2.3.0.jar:/home/user/.m2/repository/javax/activation/activation/1.1.1/activation-1.1.1.jar:/home/user/.m2/repository/org/apache/hadoop/hadoop-ozone-csi/0.5.0-SNAPSHOT/hadoop-ozone-csi-0.5.0-SNAPSHOT.jar:/home/user/.m2/repository/com/google/protobuf/protobuf-java-util/3.5.1/protobuf-java-util-3.5.1.jar:/home/user/.m2/repository/org/apache/hadoop/hadoop-hdds-config/0.5.0-SNAPSHOT/hadoop-hdds-config-0.5.0-SNAPSHOT.jar:/home/user/.m2/repository/io/grpc/grpc-netty/1.17.1/grpc-netty-1.17.1.jar:/home/user/.m2/repository/io/grpc/grpc-core/1.17.1/grpc-core-1.17.1.jar:/home/user/.m2/repository/io/grpc/grpc-context/1.17.1/grpc-context-1.17.1.jar:/home/user/.m2/repository/com/google/errorprone/error_prone_annotations/2.2.0/error_prone_annotations-2.2.0.jar:/home/user/.m2/repository/org/codehaus/mojo/animal-sniffer-annotations/1.17/animal-sniffer-annotations-1.17.jar:/home/user/.m2/repository/io/opencensus/opencensus-api/0.17.0/opencensus-api-0.17.0.jar:/home/user/.m2/repository/io/opencensus/opencensus-contrib-grpc-metrics/0.17.0/opencensus-contrib-grpc-metrics-0.17.0.jar:/home/user/.m2/repository/io/netty/netty-codec-http2/4.1.30.Final/netty-codec-http2-4.1.30.Final.jar:/home/user/.m2/repository/io/netty/netty-codec-http/4.1.30.Final/netty-codec-http-4.1.30.Final.jar:/home/user/.m2/repository/io/netty/netty-codec/4.1.30.Final/netty-codec-4.1.30.Final.jar:/home/user/.m2/repository/io/netty/netty-handler/4.1.30.Final/netty-handler-4.1.30.Final.jar:/home/user/.m2/repository/io/netty/netty-handler-proxy/4.1.30.Final/netty-handler-proxy-4.1.30.Final.jar:/home/user/.m2/repository/io/netty/netty-codec-socks/4.1.30.Final/netty-codec-socks-4.1.30.Final.jar:/home/user/.m2/repository/io/netty/netty-transport-native-epoll/4.1.30.Final/netty-transport-native-epoll-4.1.30.Final.jar:/home/user/.m2/repository/io/netty/netty-common/4.1.30.Final/netty-common-4.1.30.Final.jar:/home/user/.m2/repository/io/netty/netty-buffer/4.1.30.Final/netty-buffer-4.1.30.Final.jar:/home/user/.m2/repository/io/netty/netty-transport/4.1.30.Final/netty-transport-4.1.30.Final.jar:/home/user/.m2/repository/io/netty/netty-resolver/4.1.30.Final/netty-resolver-4.1.30.Final.jar:/home/user/.m2/repository/io/netty/netty-transport-native-unix-common/4.1.30.Final/netty-transport-native-unix-common-4.1.30.Final.jar:/home/user/.m2/repository/io/grpc/grpc-protobuf/1.17.1/grpc-protobuf-1.17.1.jar:/home/user/.m2/repository/com/google/api/grpc/proto-google-common-protos/1.0.0/proto-google-common-protos-1.0.0.jar:/home/user/.m2/repository/io/grpc/grpc-protobuf-lite/1.17.1/grpc-protobuf-lite-1.17.1.jar:/home/user/.m2/repository/io/grpc/grpc-stub/1.17.1/grpc-stub-1.17.1.jar:/home/user/.m2/repository/org/apache/hadoop/hadoop-ozone-recon/0.5.0-SNAPSHOT/hadoop-ozone-recon-0.5.0-SNAPSHOT.jar:/home/user/.m2/repository/org/apache/hadoop/hadoop-ozone-reconcodegen/0.5.0-SNAPSHOT/hadoop-ozone-reconcodegen-0.5.0-SNAPSHOT.jar:/home/user/.m2/repository/com/google/inject/extensions/guice-multibindings/4.0/guice-multibindings-4.0.jar:/home/user/.m2/repository/com/google/inject/guice/4.0/guice-4.0.jar:/home/user/.m2/repository/aopalliance/aopalliance/1.0/aopalliance-1.0.jar:/home/user/.m2/repository/com/google/inject/extensions/guice-servlet/4.0/guice-servlet-4.0.jar:/home/user/.m2/repository/org/glassfish/jersey/containers/jersey-container-servlet/2.27/jersey-container-servlet-2.27.jar:/home/user/.m2/repository/org/glassfish/hk2/guice-bridge/2.5.0/guice-bridge-2.5.0.jar:/home/user/.m2/repository/org/glassfish/jersey/core/jersey-server/2.27/jersey-server-2.27.jar:/home/user/.m2/repository/org/glassfish/jersey/core/jersey-client/2.27/jersey-client-2.27.jar:/home/user/.m2/repository/org/glassfish/jersey/media/jersey-media-jaxb/2.27/jersey-media-jaxb-2.27.jar:/home/user/.m2/repository/javax/validation/validation-api/1.1.0.Final/validation-api-1.1.0.Final.jar:/home/user/.m2/repository/org/glassfish/jersey/media/jersey-media-json-jackson/2.27/jersey-media-json-jackson-2.27.jar:/home/user/.m2/repository/org/glassfish/jersey/ext/jersey-entity-filtering/2.27/jersey-entity-filtering-2.27.jar:/home/user/.m2/repository/com/google/inject/extensions/guice-assistedinject/4.0/guice-assistedinject-4.0.jar:/home/user/.m2/repository/org/jooq/jooq/3.11.10/jooq-3.11.10.jar:/home/user/.m2/repository/org/jooq/jooq-meta/3.11.10/jooq-meta-3.11.10.jar:/home/user/.m2/repository/org/jooq/jooq-codegen/3.11.10/jooq-codegen-3.11.10.jar:/home/user/.m2/repository/com/jolbox/bonecp/0.8.0.RELEASE/bonecp-0.8.0.RELEASE.jar:/home/user/.m2/repository/org/xerial/sqlite-jdbc/3.25.2/sqlite-jdbc-3.25.2.jar:/home/user/.m2/repository/org/springframework/spring-jdbc/5.1.3.RELEASE/spring-jdbc-5.1.3.RELEASE.jar:/home/user/.m2/repository/org/springframework/spring-beans/5.1.3.RELEASE/spring-beans-5.1.3.RELEASE.jar:/home/user/.m2/repository/org/springframework/spring-core/5.1.3.RELEASE/spring-core-5.1.3.RELEASE.jar:/home/user/.m2/repository/org/springframework/spring-jcl/5.1.3.RELEASE/spring-jcl-5.1.3.RELEASE.jar:/home/user/.m2/repository/org/springframework/spring-tx/5.1.3.RELEASE/spring-tx-5.1.3.RELEASE.jar:/home/user/.m2/repository/org/apache/hadoop/hadoop-ozone-client/0.5.0-SNAPSHOT/hadoop-ozone-client-0.5.0-SNAPSHOT.jar:/home/user/.m2/repository/commons-lang/commons-lang/2.6/commons-lang-2.6.jar:/home/user/.m2/repository/org/apache/hadoop/hadoop-ozone-ozone-manager/0.5.0-SNAPSHOT/hadoop-ozone-ozone-manager-0.5.0-SNAPSHOT-tests.jar:/home/user/.m2/repository/junit/junit/4.11/junit-4.11.jar:/home/user/.m2/repository/org/hamcrest/hamcrest-core/1.3/hamcrest-core-1.3.jar:/home/user/.m2/repository/org/openjdk/jmh/jmh-core/1.19/jmh-core-1.19.jar:/home/user/.m2/repository/net/sf/jopt-simple/jopt-simple/4.6/jopt-simple-4.6.jar:/home/user/.m2/repository/org/apache/commons/commons-math3/3.1.1/commons-math3-3.1.1.jar:/home/user/.m2/repository/org/openjdk/jmh/jmh-generator-annprocess/1.19/jmh-generator-annprocess-1.19.jar:/home/user/.m2/repository/org/mockito/mockito-all/1.8.5/mockito-all-1.8.5.jar:/home/user/.m2/repository/org/apache/hadoop/hadoop-kms/3.2.0/hadoop-kms-3.2.0.jar:/home/user/.m2/repository/org/apache/hadoop/hadoop-auth/3.2.0/hadoop-auth-3.2.0.jar:/home/user/.m2/repository/com/nimbusds/nimbus-jose-jwt/4.41.1/nimbus-jose-jwt-4.41.1.jar:/home/user/.m2/repository/com/github/stephenc/jcip/jcip-annotations/1.0-1/jcip-annotations-1.0-1.jar:/home/user/.m2/repository/net/minidev/json-smart/2.3/json-smart-2.3.jar:/home/user/.m2/repository/net/minidev/accessors-smart/1.2/accessors-smart-1.2.jar:/home/user/.m2/repository/org/ow2/asm/asm/5.0.4/asm-5.0.4.jar:/home/user/.m2/repository/org/apache/curator/curator-framework/2.12.0/curator-framework-2.12.0.jar:/home/user/.m2/repository/com/sun/jersey/jersey-core/1.19/jersey-core-1.19.jar:/home/user/.m2/repository/javax/ws/rs/jsr311-api/1.1.1/jsr311-api-1.1.1.jar:/home/user/.m2/repository/com/sun/jersey/jersey-server/1.19/jersey-server-1.19.jar:/home/user/.m2/repository/javax/servlet/javax.servlet-api/3.1.0/javax.servlet-api-3.1.0.jar:/home/user/.m2/repository/org/eclipse/jetty/jetty-server/9.3.25.v20180904/jetty-server-9.3.25.v20180904.jar:/home/user/.m2/repository/org/eclipse/jetty/jetty-http/9.3.25.v20180904/jetty-http-9.3.25.v20180904.jar:/home/user/.m2/repository/org/eclipse/jetty/jetty-io/9.3.25.v20180904/jetty-io-9.3.25.v20180904.jar:/home/user/.m2/repository/org/eclipse/jetty/jetty-webapp/9.3.25.v20180904/jetty-webapp-9.3.25.v20180904.jar:/home/user/.m2/repository/org/eclipse/jetty/jetty-xml/9.3.25.v20180904/jetty-xml-9.3.25.v20180904.jar:/home/user/.m2/repository/log4j/log4j/1.2.17/log4j-1.2.17.jar:/home/user/.m2/repository/org/slf4j/slf4j-api/1.7.25/slf4j-api-1.7.25.jar:/home/user/.m2/repository/org/slf4j/jul-to-slf4j/1.7.25/jul-to-slf4j-1.7.25.jar:/home/user/.m2/repository/org/eclipse/jetty/jetty-util/9.3.25.v20180904/jetty-util-9.3.25.v20180904.jar:/home/user/.m2/repository/com/fasterxml/jackson/core/jackson-databind/2.9.9/jackson-databind-2.9.9.jar:/home/user/.m2/repository/org/apache/hadoop/hadoop-kms/3.2.0/hadoop-kms-3.2.0-tests.jar:/home/user/.m2/repository/org/apache/hadoop/hadoop-hdds-server-scm/0.5.0-SNAPSHOT/hadoop-hdds-server-scm-0.5.0-SNAPSHOT-tests.jar:/home/user/.m2/repository/org/apache/hadoop/hadoop-hdds-container-service/0.5.0-SNAPSHOT/hadoop-hdds-container-service-0.5.0-SNAPSHOT-tests.jar:/home/user/.m2/repository/org/yaml/snakeyaml/1.16/snakeyaml-1.16.jar:/home/user/.m2/repository/org/apache/hadoop/hadoop-common/3.2.0/hadoop-common-3.2.0-tests.jar:/home/user/.m2/repository/org/apache/hadoop/hadoop-annotations/3.2.0/hadoop-annotations-3.2.0.jar:/usr/lib/jvm/java-1.8.0-openjdk-1.8.0.222.b10-1.el7_7.x86_64/jre/../lib/tools.jar:/home/user/.m2/repository/commons-cli/commons-cli/1.2/commons-cli-1.2.jar:/home/user/.m2/repository/org/apache/httpcomponents/httpclient/4.5.2/httpclient-4.5.2.jar:/home/user/.m2/repository/org/apache/httpcomponents/httpcore/4.4.4/httpcore-4.4.4.jar:/home/user/.m2/repository/commons-codec/commons-codec/1.11/commons-codec-1.11.jar:/home/user/.m2/repository/commons-net/commons-net/3.6/commons-net-3.6.jar:/home/user/.m2/repository/commons-collections/commons-collections/3.2.2/commons-collections-3.2.2.jar:/home/user/.m2/repository/org/eclipse/jetty/jetty-servlet/9.3.25.v20180904/jetty-servlet-9.3.25.v20180904.jar:/home/user/.m2/repository/org/eclipse/jetty/jetty-security/9.3.25.v20180904/jetty-security-9.3.25.v20180904.jar:/home/user/.m2/repository/javax/servlet/jsp/jsp-api/2.1/jsp-api-2.1.jar:/home/user/.m2/repository/com/sun/jersey/jersey-servlet/1.19/jersey-servlet-1.19.jar:/home/user/.m2/repository/com/sun/jersey/jersey-json/1.19/jersey-json-1.19.jar:/home/user/.m2/repository/org/codehaus/jettison/jettison/1.1/jettison-1.1.jar:/home/user/.m2/repository/org/codehaus/jackson/jackson-core-asl/1.9.13/jackson-core-asl-1.9.13.jar:/home/user/.m2/repository/org/codehaus/jackson/jackson-mapper-asl/1.9.13/jackson-mapper-asl-1.9.13.jar:/home/user/.m2/repository/org/codehaus/jackson/jackson-jaxrs/1.9.13/jackson-jaxrs-1.9.13.jar:/home/user/.m2/repository/org/codehaus/jackson/jackson-xc/1.9.13/jackson-xc-1.9.13.jar:/home/user/.m2/repository/commons-logging/commons-logging/1.1.3/commons-logging-1.1.3.jar:/home/user/.m2/repository/commons-beanutils/commons-beanutils/1.9.4/commons-beanutils-1.9.4.jar:/home/user/.m2/repository/org/apache/commons/commons-configuration2/2.1.1/commons-configuration2-2.1.1.jar:/home/user/.m2/repository/org/apache/commons/commons-lang3/3.7/commons-lang3-3.7.jar:/home/user/.m2/repository/org/apache/commons/commons-text/1.4/commons-text-1.4.jar:/home/user/.m2/repository/org/apache/avro/avro/1.7.7/avro-1.7.7.jar:/home/user/.m2/repository/com/thoughtworks/paranamer/paranamer/2.3/paranamer-2.3.jar:/home/user/.m2/repository/org/xerial/snappy/snappy-java/1.0.5/snappy-java-1.0.5.jar:/home/user/.m2/repository/com/google/re2j/re2j/1.1/re2j-1.1.jar:/home/user/.m2/repository/com/google/code/gson/gson/2.2.4/gson-2.2.4.jar:/home/user/.m2/repository/com/jcraft/jsch/0.1.54/jsch-0.1.54.jar:/home/user/.m2/repository/org/apache/curator/curator-client/2.12.0/curator-client-2.12.0.jar:/home/user/.m2/repository/org/apache/curator/curator-recipes/2.12.0/curator-recipes-2.12.0.jar:/home/user/.m2/repository/com/google/code/findbugs/jsr305/3.0.0/jsr305-3.0.0.jar:/home/user/.m2/repository/org/apache/htrace/htrace-core4/4.1.0-incubating/htrace-core4-4.1.0-incubating.jar:/home/user/.m2/repository/org/apache/zookeeper/zookeeper/3.4.13/zookeeper-3.4.13.jar:/home/user/.m2/repository/jline/jline/0.9.94/jline-0.9.94.jar:/home/user/.m2/repository/org/apache/yetus/audience-annotations/0.5.0/audience-annotations-0.5.0.jar:/home/user/.m2/repository/org/codehaus/woodstox/stax2-api/3.1.4/stax2-api-3.1.4.jar:/home/user/.m2/repository/com/fasterxml/woodstox/woodstox-core/5.0.3/woodstox-core-5.0.3.jar:/home/user/.m2/repository/dnsjava/dnsjava/2.1.7/dnsjava-2.1.7.jar:/home/user/.m2/repository/org/apache/hadoop/hadoop-hdfs/3.2.0/hadoop-hdfs-3.2.0-tests.jar:/home/user/.m2/repository/org/eclipse/jetty/jetty-util-ajax/9.3.25.v20180904/jetty-util-ajax-9.3.25.v20180904.jar:/home/user/.m2/repository/commons-daemon/commons-daemon/1.0.13/commons-daemon-1.0.13.jar:/home/user/.m2/repository/io/netty/netty/3.10.5.Final/netty-3.10.5.Final.jar:/home/user/.m2/repository/io/netty/netty-all/4.0.52.Final/netty-all-4.0.52.Final.jar:/home/user/.m2/repository/org/fusesource/leveldbjni/leveldbjni-all/1.8/leveldbjni-all-1.8.jar:"/>
    <property name="sun.cpu.endian" value="little"/>
    <property name="user.home" value="/home/user"/>
    <property name="user.language" value="en"/>
    <property name="java.specification.vendor" value="Oracle Corporation"/>
    <property name="java.home" value="/usr/lib/jvm/java-1.8.0-openjdk-1.8.0.222.b10-1.el7_7.x86_64/jre"/>
    <property name="surefire.excludesFile" value="/tools/ozone-bad-unit-tests"/>
    <property name="java.security.krb5.conf" value="/workdir/hadoop-ozone/integration-test/target/test-classes/krb5.conf"/>
    <property name="basedir" value="/workdir/hadoop-ozone/integration-test"/>
    <property name="file.separator" value="/"/>
    <property name="line.separator" value="&#10;"/>
    <property name="java.vm.specification.vendor" value="Oracle Corporation"/>
    <property name="java.specification.name" value="Java Platform API Specification"/>
    <property name="java.awt.graphicsenv" value="sun.awt.X11GraphicsEnvironment"/>
    <property name="surefire.real.class.path" value="/workdir/hadoop-ozone/integration-test/target/surefire/surefirebooter4551193508163803328.jar"/>
    <property name="hadoop.log.dir" value="/workdir/hadoop-ozone/integration-test/target/log"/>
    <property name="sun.boot.class.path" value="/usr/lib/jvm/java-1.8.0-openjdk-1.8.0.222.b10-1.el7_7.x86_64/jre/lib/resources.jar:/usr/lib/jvm/java-1.8.0-openjdk-1.8.0.222.b10-1.el7_7.x86_64/jre/lib/rt.jar:/usr/lib/jvm/java-1.8.0-openjdk-1.8.0.222.b10-1.el7_7.x86_64/jre/lib/sunrsasign.jar:/usr/lib/jvm/java-1.8.0-openjdk-1.8.0.222.b10-1.el7_7.x86_64/jre/lib/jsse.jar:/usr/lib/jvm/java-1.8.0-openjdk-1.8.0.222.b10-1.el7_7.x86_64/jre/lib/jce.jar:/usr/lib/jvm/java-1.8.0-openjdk-1.8.0.222.b10-1.el7_7.x86_64/jre/lib/charsets.jar:/usr/lib/jvm/java-1.8.0-openjdk-1.8.0.222.b10-1.el7_7.x86_64/jre/lib/jfr.jar:/usr/lib/jvm/java-1.8.0-openjdk-1.8.0.222.b10-1.el7_7.x86_64/jre/classes"/>
    <property name="sun.management.compiler" value="HotSpot 64-Bit Tiered Compilers"/>
    <property name="java.runtime.version" value="1.8.0_222-b10"/>
    <property name="java.net.preferIPv4Stack" value="true"/>
    <property name="user.name" value="jenkins1000"/>
    <property name="path.separator" value=":"/>
    <property name="java.security.egd" value="file:///dev/urandom"/>
    <property name="os.version" value="3.10.0-957.12.2.el7.x86_64"/>
    <property name="java.endorsed.dirs" value="/usr/lib/jvm/java-1.8.0-openjdk-1.8.0.222.b10-1.el7_7.x86_64/jre/lib/endorsed"/>
    <property name="java.runtime.name" value="OpenJDK Runtime Environment"/>
    <property name="file.encoding" value="ANSI_X3.4-1968"/>
    <property name="java.vm.name" value="OpenJDK 64-Bit Server VM"/>
    <property name="test.build.webapps" value=""/>
    <property name="localRepository" value="/home/user/.m2/repository"/>
    <property name="java.vendor.url.bug" value="http://bugreport.sun.com/bugreport/"/>
    <property name="java.io.tmpdir" value="/tmp"/>
    <property name="require.test.libhadoop" value=""/>
    <property name="java.version" value="1.8.0_222"/>
    <property name="user.dir" value="/workdir/hadoop-ozone/integration-test"/>
    <property name="os.arch" value="amd64"/>
    <property name="java.vm.specification.name" value="Java Virtual Machine Specification"/>
    <property name="test.build.classes" value="/workdir/hadoop-ozone/integration-test/target/test-classes"/>
    <property name="java.awt.printerjob" value="sun.print.PSPrinterJob"/>
    <property name="sun.os.patch.level" value="unknown"/>
    <property name="hadoop.tmp.dir" value="/workdir/hadoop-ozone/integration-test/target/tmp"/>
    <property name="java.library.path" value="/usr/lib:/workdir/hadoop-ozone/integration-test/target/native/target/usr/local/lib:/workdir/hadoop-ozone/integration-test/../../hadoop-common-project/hadoop-common/target/native/target/usr/local/lib:/usr/java/packages/lib/amd64:/usr/lib64:/lib64:/lib:/usr/lib"/>
    <property name="java.vm.info" value="mixed mode"/>
    <property name="java.vendor" value="Oracle Corporation"/>
    <property name="java.vm.version" value="25.222-b10"/>
    <property name="java.ext.dirs" value="/usr/lib/jvm/java-1.8.0-openjdk-1.8.0.222.b10-1.el7_7.x86_64/jre/lib/ext:/usr/java/packages/lib/ext"/>
    <property name="sun.io.unicode.encoding" value="UnicodeLittle"/>
    <property name="java.class.version" value="52.0"/>
  </properties>
  <testcase name="testDeleteKeyWithSlowFollower" classname="org.apache.hadoop.ozone.client.rpc.TestDeleteWithSlowFollower" time="111.834">
    <failure type="java.lang.AssertionError">java.lang.AssertionError
	at org.junit.Assert.fail(Assert.java:86)
	at org.junit.Assert.assertTrue(Assert.java:41)
	at org.junit.Assert.assertTrue(Assert.java:52)
	at org.apache.hadoop.ozone.client.rpc.TestDeleteWithSlowFollower.testDeleteKeyWithSlowFollower(TestDeleteWithSlowFollower.java:265)
	at sun.reflect.NativeMethodAccessorImpl.invoke0(Native Method)
	at sun.reflect.NativeMethodAccessorImpl.invoke(NativeMethodAccessorImpl.java:62)
	at sun.reflect.DelegatingMethodAccessorImpl.invoke(DelegatingMethodAccessorImpl.java:43)
	at java.lang.reflect.Method.invoke(Method.java:498)
	at org.junit.runners.model.FrameworkMethod$1.runReflectiveCall(FrameworkMethod.java:47)
	at org.junit.internal.runners.model.ReflectiveCallable.run(ReflectiveCallable.java:12)
	at org.junit.runners.model.FrameworkMethod.invokeExplosively(FrameworkMethod.java:44)
	at org.junit.internal.runners.statements.InvokeMethod.evaluate(InvokeMethod.java:17)
	at org.junit.runners.ParentRunner.runLeaf(ParentRunner.java:271)
	at org.junit.runners.BlockJUnit4ClassRunner.runChild(BlockJUnit4ClassRunner.java:70)
	at org.junit.runners.BlockJUnit4ClassRunner.runChild(BlockJUnit4ClassRunner.java:50)
	at org.junit.runners.ParentRunner$3.run(ParentRunner.java:238)
	at org.junit.runners.ParentRunner$1.schedule(ParentRunner.java:63)
	at org.junit.runners.ParentRunner.runChildren(ParentRunner.java:236)
	at org.junit.runners.ParentRunner.access$000(ParentRunner.java:53)
	at org.junit.runners.ParentRunner$2.evaluate(ParentRunner.java:229)
	at org.junit.internal.runners.statements.RunBefores.evaluate(RunBefores.java:26)
	at org.junit.internal.runners.statements.RunAfters.evaluate(RunAfters.java:27)
	at org.junit.runners.ParentRunner.run(ParentRunner.java:309)
	at org.apache.maven.surefire.junit4.JUnit4Provider.execute(JUnit4Provider.java:365)
	at org.apache.maven.surefire.junit4.JUnit4Provider.executeWithRerun(JUnit4Provider.java:273)
	at org.apache.maven.surefire.junit4.JUnit4Provider.executeTestSet(JUnit4Provider.java:238)
	at org.apache.maven.surefire.junit4.JUnit4Provider.invoke(JUnit4Provider.java:159)
	at org.apache.maven.surefire.booter.ForkedBooter.invokeProviderInSameClassLoader(ForkedBooter.java:384)
	at org.apache.maven.surefire.booter.ForkedBooter.runSuitesInProcess(ForkedBooter.java:345)
	at org.apache.maven.surefire.booter.ForkedBooter.execute(ForkedBooter.java:126)
	at org.apache.maven.surefire.booter.ForkedBooter.main(ForkedBooter.java:418)
</failure>
    <system-out><![CDATA[2019-10-20 18:37:36,597 [main] WARN  server.ServerUtils (ServerUtils.java:getScmDbDir(145)) - ozone.scm.db.dirs is not configured. We recommend adding this setting. Falling back to ozone.metadata.dirs instead.
2019-10-20 18:37:36,733 [main] WARN  server.ServerUtils (ServerUtils.java:getScmDbDir(145)) - ozone.scm.db.dirs is not configured. We recommend adding this setting. Falling back to ozone.metadata.dirs instead.
2019-10-20 18:37:36,737 [main] WARN  server.ServerUtils (ServerUtils.java:getScmDbDir(145)) - ozone.scm.db.dirs is not configured. We recommend adding this setting. Falling back to ozone.metadata.dirs instead.
2019-10-20 18:37:36,765 [main] INFO  util.log (Log.java:initialized(192)) - Logging initialized @839ms
2019-10-20 18:37:36,882 [main] INFO  db.DBStoreBuilder (DBStoreBuilder.java:addTable(117)) - using custom profile for table: deletedBlocks
2019-10-20 18:37:36,882 [main] INFO  db.DBStoreBuilder (DBStoreBuilder.java:processTables(168)) - Using default column profile:DBProfile.DISK for Table:deletedBlocks
2019-10-20 18:37:36,882 [main] INFO  db.DBStoreBuilder (DBStoreBuilder.java:addTable(117)) - using custom profile for table: validCerts
2019-10-20 18:37:36,883 [main] INFO  db.DBStoreBuilder (DBStoreBuilder.java:processTables(168)) - Using default column profile:DBProfile.DISK for Table:validCerts
2019-10-20 18:37:36,883 [main] INFO  db.DBStoreBuilder (DBStoreBuilder.java:addTable(117)) - using custom profile for table: revokedCerts
2019-10-20 18:37:36,883 [main] INFO  db.DBStoreBuilder (DBStoreBuilder.java:processTables(168)) - Using default column profile:DBProfile.DISK for Table:revokedCerts
2019-10-20 18:37:36,895 [main] INFO  db.DBStoreBuilder (DBStoreBuilder.java:addTable(117)) - using custom profile for table: default
2019-10-20 18:37:36,895 [main] INFO  db.DBStoreBuilder (DBStoreBuilder.java:processTables(174)) - Using default column profile:DBProfile.DISK for Table:default
2019-10-20 18:37:36,897 [main] INFO  db.DBStoreBuilder (DBStoreBuilder.java:getDbProfile(205)) - Using default options. DBProfile.DISK
2019-10-20 18:37:37,321 [main] INFO  net.NodeSchemaLoader (NodeSchemaLoader.java:loadSchemaFromFile(125)) - Loading file from sun.misc.CompoundEnumeration@74235045
2019-10-20 18:37:37,323 [main] INFO  net.NodeSchemaLoader (NodeSchemaLoader.java:loadSchema(171)) - Loading network topology layer schema file
2019-10-20 18:37:37,379 [main] WARN  server.ServerUtils (ServerUtils.java:sanitizeUserArgs(70)) - ozone.scm.stale.node.interval value = 1000000 is larger than max = 100000 based on the key value of ozone.scm.heartbeat.thread.interval, reset to the max value 100000.
2019-10-20 18:37:37,381 [main] WARN  server.ServerUtils (ServerUtils.java:sanitizeUserArgs(70)) - ozone.scm.stale.node.interval value = 1000000 is larger than max = 100000 based on the key value of ozone.scm.heartbeat.thread.interval, reset to the max value 100000.
2019-10-20 18:37:37,383 [main] INFO  node.SCMNodeManager (SCMNodeManager.java:<init>(116)) - Entering startup safe mode.
2019-10-20 18:37:37,444 [main] INFO  algorithms.ContainerPlacementPolicyFactory (ContainerPlacementPolicyFactory.java:getPolicy(57)) - Create container placement policy of type org.apache.hadoop.hdds.scm.container.placement.algorithms.SCMContainerPlacementRandom
2019-10-20 18:37:37,456 [main] WARN  server.ServerUtils (ServerUtils.java:getScmDbDir(145)) - ozone.scm.db.dirs is not configured. We recommend adding this setting. Falling back to ozone.metadata.dirs instead.
2019-10-20 18:37:37,645 [main] INFO  pipeline.SCMPipelineManager (SCMPipelineManager.java:initializePipelineState(132)) - No pipeline exists in current db
2019-10-20 18:37:37,648 [main] WARN  server.ServerUtils (ServerUtils.java:getScmDbDir(145)) - ozone.scm.db.dirs is not configured. We recommend adding this setting. Falling back to ozone.metadata.dirs instead.
2019-10-20 18:37:37,838 [main] WARN  events.EventQueue (EventQueue.java:fireEvent(183)) - No event handler registered for event TypedEvent{payloadType=SafeModeStatus, name='SafeModeStatus'}
2019-10-20 18:37:38,187 [main] INFO  ipc.CallQueueManager (CallQueueManager.java:<init>(84)) - Using callQueue: class java.util.concurrent.LinkedBlockingQueue, queueCapacity: 2000, scheduler: class org.apache.hadoop.ipc.DefaultRpcScheduler, ipcBackoff: false.
2019-10-20 18:37:38,293 [Socket Reader #1 for port 40811] INFO  ipc.Server (Server.java:run(1074)) - Starting Socket Reader #1 for port 40811
2019-10-20 18:37:38,318 [main] INFO  ipc.CallQueueManager (CallQueueManager.java:<init>(84)) - Using callQueue: class java.util.concurrent.LinkedBlockingQueue, queueCapacity: 2000, scheduler: class org.apache.hadoop.ipc.DefaultRpcScheduler, ipcBackoff: false.
2019-10-20 18:37:38,319 [Socket Reader #1 for port 35622] INFO  ipc.Server (Server.java:run(1074)) - Starting Socket Reader #1 for port 35622
2019-10-20 18:37:38,329 [main] INFO  ipc.CallQueueManager (CallQueueManager.java:<init>(84)) - Using callQueue: class java.util.concurrent.LinkedBlockingQueue, queueCapacity: 2000, scheduler: class org.apache.hadoop.ipc.DefaultRpcScheduler, ipcBackoff: false.
2019-10-20 18:37:38,330 [Socket Reader #1 for port 33103] INFO  ipc.Server (Server.java:run(1074)) - Starting Socket Reader #1 for port 33103
2019-10-20 18:37:38,358 [main] INFO  hdfs.DFSUtil (DFSUtil.java:httpServerTemplateForNNAndJN(1641)) - Starting Web-server for scm at: http://0.0.0.0:0
2019-10-20 18:37:38,506 [main] INFO  server.AuthenticationFilter (AuthenticationFilter.java:constructSecretProvider(240)) - Unable to initialize FileSignerSecretProvider, falling back to use random secrets.
2019-10-20 18:37:38,516 [main] WARN  http.HttpRequestLog (HttpRequestLog.java:getRequestLog(97)) - Jetty request log can only be enabled using Log4j
2019-10-20 18:37:38,523 [main] INFO  http.HttpServer2 (HttpServer2.java:addGlobalFilter(975)) - Added global filter 'safety' (class=org.apache.hadoop.http.HttpServer2$QuotingInputFilter)
2019-10-20 18:37:38,526 [main] INFO  http.HttpServer2 (HttpServer2.java:addFilter(948)) - Added filter static_user_filter (class=org.apache.hadoop.http.lib.StaticUserWebFilter$StaticUserFilter) to context scm
2019-10-20 18:37:38,526 [main] INFO  http.HttpServer2 (HttpServer2.java:addFilter(958)) - Added filter static_user_filter (class=org.apache.hadoop.http.lib.StaticUserWebFilter$StaticUserFilter) to context static
2019-10-20 18:37:38,527 [main] INFO  http.HttpServer2 (HttpServer2.java:addFilter(958)) - Added filter static_user_filter (class=org.apache.hadoop.http.lib.StaticUserWebFilter$StaticUserFilter) to context logs
2019-10-20 18:37:38,561 [main] INFO  server.StorageContainerManager (StorageContainerManager.java:start(772)) - StorageContainerLocationProtocol RPC server is listening at /0.0.0.0:33103
2019-10-20 18:37:38,620 [main] WARN  impl.MetricsConfig (MetricsConfig.java:loadFirst(134)) - Cannot locate configuration: tried hadoop-metrics2-storagecontainermanager.properties,hadoop-metrics2.properties
2019-10-20 18:37:38,632 [main] INFO  impl.MetricsSystemImpl (MetricsSystemImpl.java:startTimer(374)) - Scheduled Metric snapshot period at 10 second(s).
2019-10-20 18:37:38,633 [main] INFO  impl.MetricsSystemImpl (MetricsSystemImpl.java:start(191)) - StorageContainerManager metrics system started
2019-10-20 18:37:38,859 [main] INFO  server.SCMClientProtocolServer (SCMClientProtocolServer.java:start(159)) - RPC server for Client  is listening at /0.0.0.0:33103
2019-10-20 18:37:38,860 [IPC Server Responder] INFO  ipc.Server (Server.java:run(1314)) - IPC Server Responder: starting
2019-10-20 18:37:38,860 [IPC Server listener on 33103] INFO  ipc.Server (Server.java:run(1153)) - IPC Server listener on 33103: starting
2019-10-20 18:37:38,863 [main] INFO  server.StorageContainerManager (StorageContainerManager.java:start(782)) - ScmBlockLocationProtocol RPC server is listening at /0.0.0.0:35622
2019-10-20 18:37:38,863 [main] INFO  server.SCMBlockProtocolServer (SCMBlockProtocolServer.java:start(146)) - RPC server for Block Protocol is listening at /0.0.0.0:35622
2019-10-20 18:37:38,864 [IPC Server Responder] INFO  ipc.Server (Server.java:run(1314)) - IPC Server Responder: starting
2019-10-20 18:37:38,864 [IPC Server listener on 35622] INFO  ipc.Server (Server.java:run(1153)) - IPC Server listener on 35622: starting
2019-10-20 18:37:38,866 [main] INFO  server.StorageContainerManager (StorageContainerManager.java:start(786)) - ScmDatanodeProtocl RPC server is listening at /0.0.0.0:40811
2019-10-20 18:37:38,866 [main] INFO  server.SCMDatanodeProtocolServer (SCMDatanodeProtocolServer.java:start(169)) - RPC server for DataNodes is listening at /0.0.0.0:40811
2019-10-20 18:37:38,867 [IPC Server Responder] INFO  ipc.Server (Server.java:run(1314)) - IPC Server Responder: starting
2019-10-20 18:37:38,867 [IPC Server listener on 40811] INFO  ipc.Server (Server.java:run(1153)) - IPC Server listener on 40811: starting
2019-10-20 18:37:38,871 [main] INFO  http.HttpServer2 (HttpServer2.java:bindListener(1191)) - Jetty bound to port 44450
2019-10-20 18:37:38,872 [main] INFO  server.Server (Server.java:doStart(351)) - jetty-9.3.25.v20180904, build timestamp: 2018-09-04T21:11:46Z, git hash: 3ce520221d0240229c862b122d2b06c12a625732
2019-10-20 18:37:38,909 [main] INFO  handler.ContextHandler (ContextHandler.java:doStart(781)) - Started o.e.j.s.ServletContextHandler@65fe9e33{/logs,file:///workdir/hadoop-ozone/integration-test/target/log,AVAILABLE}
2019-10-20 18:37:38,910 [main] INFO  handler.ContextHandler (ContextHandler.java:doStart(781)) - Started o.e.j.s.ServletContextHandler@42f8285e{/static,file:///workdir/hadoop-ozone/integration-test/target/test-classes/webapps/static,AVAILABLE}
2019-10-20 18:37:38,941 [main] INFO  handler.ContextHandler (ContextHandler.java:doStart(781)) - Started o.e.j.w.WebAppContext@3d6300e8{/,file:///workdir/hadoop-ozone/integration-test/target/test-classes/webapps/scm/,AVAILABLE}{/scm}
2019-10-20 18:37:38,947 [main] INFO  server.AbstractConnector (AbstractConnector.java:doStart(278)) - Started ServerConnector@3af4e0bf{HTTP/1.1,[http/1.1]}{0.0.0.0:44450}
2019-10-20 18:37:38,947 [main] INFO  server.Server (Server.java:doStart(419)) - Started @3022ms
2019-10-20 18:37:38,949 [main] INFO  impl.MetricsSinkAdapter (MetricsSinkAdapter.java:start(204)) - Sink prometheus started
2019-10-20 18:37:38,950 [main] INFO  impl.MetricsSystemImpl (MetricsSystemImpl.java:registerSink(301)) - Registered sink prometheus
2019-10-20 18:37:38,951 [main] INFO  server.BaseHttpServer (BaseHttpServer.java:updateConnectorAddress(215)) - HTTP server of SCM is listening at http://0.0.0.0:44450
2019-10-20 18:37:38,959 [org.apache.hadoop.util.JvmPauseMonitor$Monitor@1a2e2935] INFO  util.JvmPauseMonitor (JvmPauseMonitor.java:run(188)) - Starting JVM pause monitor
2019-10-20 18:37:38,965 [main] WARN  server.ServerUtils (ServerUtils.java:getDBPath(222)) - ozone.om.db.dirs is not configured. We recommend adding this setting. Falling back to ozone.metadata.dirs instead.
2019-10-20 18:37:39,110 [main] INFO  ha.OMHANodeDetails (OMHANodeDetails.java:loadOMHAConfig(190)) - Configuration either no ozone.om.address set. Falling back to the default OM address /127.0.0.1:0
2019-10-20 18:37:39,110 [main] INFO  ha.OMHANodeDetails (OMHANodeDetails.java:getOMNodeDetails(220)) - OM Service ID is not set. Setting it to the default ID: omServiceIdDefault
2019-10-20 18:37:39,112 [main] WARN  server.ServerUtils (ServerUtils.java:getDBPath(222)) - ozone.om.db.dirs is not configured. We recommend adding this setting. Falling back to ozone.metadata.dirs instead.
2019-10-20 18:37:39,113 [main] WARN  server.ServerUtils (ServerUtils.java:getDBPath(222)) - ozone.om.db.dirs is not configured. We recommend adding this setting. Falling back to ozone.metadata.dirs instead.
2019-10-20 18:37:39,743 [main] WARN  server.ServerUtils (ServerUtils.java:getDBPath(222)) - ozone.om.db.dirs is not configured. We recommend adding this setting. Falling back to ozone.metadata.dirs instead.
2019-10-20 18:37:39,751 [main] INFO  db.DBStoreBuilder (DBStoreBuilder.java:addTable(117)) - using custom profile for table: userTable
2019-10-20 18:37:39,751 [main] INFO  db.DBStoreBuilder (DBStoreBuilder.java:processTables(168)) - Using default column profile:DBProfile.DISK for Table:userTable
2019-10-20 18:37:39,751 [main] INFO  db.DBStoreBuilder (DBStoreBuilder.java:addTable(117)) - using custom profile for table: volumeTable
2019-10-20 18:37:39,752 [main] INFO  db.DBStoreBuilder (DBStoreBuilder.java:processTables(168)) - Using default column profile:DBProfile.DISK for Table:volumeTable
2019-10-20 18:37:39,752 [main] INFO  db.DBStoreBuilder (DBStoreBuilder.java:addTable(117)) - using custom profile for table: bucketTable
2019-10-20 18:37:39,752 [main] INFO  db.DBStoreBuilder (DBStoreBuilder.java:processTables(168)) - Using default column profile:DBProfile.DISK for Table:bucketTable
2019-10-20 18:37:39,752 [main] INFO  db.DBStoreBuilder (DBStoreBuilder.java:addTable(117)) - using custom profile for table: keyTable
2019-10-20 18:37:39,752 [main] INFO  db.DBStoreBuilder (DBStoreBuilder.java:processTables(168)) - Using default column profile:DBProfile.DISK for Table:keyTable
2019-10-20 18:37:39,753 [main] INFO  db.DBStoreBuilder (DBStoreBuilder.java:addTable(117)) - using custom profile for table: deletedTable
2019-10-20 18:37:39,753 [main] INFO  db.DBStoreBuilder (DBStoreBuilder.java:processTables(168)) - Using default column profile:DBProfile.DISK for Table:deletedTable
2019-10-20 18:37:39,753 [main] INFO  db.DBStoreBuilder (DBStoreBuilder.java:addTable(117)) - using custom profile for table: openKeyTable
2019-10-20 18:37:39,753 [main] INFO  db.DBStoreBuilder (DBStoreBuilder.java:processTables(168)) - Using default column profile:DBProfile.DISK for Table:openKeyTable
2019-10-20 18:37:39,754 [main] INFO  db.DBStoreBuilder (DBStoreBuilder.java:addTable(117)) - using custom profile for table: s3Table
2019-10-20 18:37:39,754 [main] INFO  db.DBStoreBuilder (DBStoreBuilder.java:processTables(168)) - Using default column profile:DBProfile.DISK for Table:s3Table
2019-10-20 18:37:39,754 [main] INFO  db.DBStoreBuilder (DBStoreBuilder.java:addTable(117)) - using custom profile for table: multipartInfoTable
2019-10-20 18:37:39,754 [main] INFO  db.DBStoreBuilder (DBStoreBuilder.java:processTables(168)) - Using default column profile:DBProfile.DISK for Table:multipartInfoTable
2019-10-20 18:37:39,754 [main] INFO  db.DBStoreBuilder (DBStoreBuilder.java:addTable(117)) - using custom profile for table: dTokenTable
2019-10-20 18:37:39,755 [main] INFO  db.DBStoreBuilder (DBStoreBuilder.java:processTables(168)) - Using default column profile:DBProfile.DISK for Table:dTokenTable
2019-10-20 18:37:39,755 [main] INFO  db.DBStoreBuilder (DBStoreBuilder.java:addTable(117)) - using custom profile for table: s3SecretTable
2019-10-20 18:37:39,755 [main] INFO  db.DBStoreBuilder (DBStoreBuilder.java:processTables(168)) - Using default column profile:DBProfile.DISK for Table:s3SecretTable
2019-10-20 18:37:39,755 [main] INFO  db.DBStoreBuilder (DBStoreBuilder.java:addTable(117)) - using custom profile for table: prefixTable
2019-10-20 18:37:39,756 [main] INFO  db.DBStoreBuilder (DBStoreBuilder.java:processTables(168)) - Using default column profile:DBProfile.DISK for Table:prefixTable
2019-10-20 18:37:39,756 [main] INFO  db.DBStoreBuilder (DBStoreBuilder.java:addTable(117)) - using custom profile for table: default
2019-10-20 18:37:39,756 [main] INFO  db.DBStoreBuilder (DBStoreBuilder.java:processTables(174)) - Using default column profile:DBProfile.DISK for Table:default
2019-10-20 18:37:39,756 [main] INFO  db.DBStoreBuilder (DBStoreBuilder.java:getDbProfile(205)) - Using default options. DBProfile.DISK
2019-10-20 18:37:40,699 [main] INFO  ipc.CallQueueManager (CallQueueManager.java:<init>(84)) - Using callQueue: class java.util.concurrent.LinkedBlockingQueue, queueCapacity: 2000, scheduler: class org.apache.hadoop.ipc.DefaultRpcScheduler, ipcBackoff: false.
2019-10-20 18:37:40,701 [Socket Reader #1 for port 32808] INFO  ipc.Server (Server.java:run(1074)) - Starting Socket Reader #1 for port 32808
2019-10-20 18:37:40,722 [main] INFO  om.OzoneManager (OzoneManager.java:start(1074)) - OzoneManager RPC server is listening at localhost/127.0.0.1:32808
2019-10-20 18:37:40,722 [main] INFO  impl.MetricsSystemImpl (MetricsSystemImpl.java:init(158)) - OzoneManager metrics system started (again)
2019-10-20 18:37:40,730 [IPC Server listener on 32808] INFO  ipc.Server (Server.java:run(1153)) - IPC Server listener on 32808: starting
2019-10-20 18:37:40,730 [IPC Server Responder] INFO  ipc.Server (Server.java:run(1314)) - IPC Server Responder: starting
2019-10-20 18:37:40,736 [main] INFO  hdfs.DFSUtil (DFSUtil.java:httpServerTemplateForNNAndJN(1641)) - Starting Web-server for ozoneManager at: http://0.0.0.0:0
2019-10-20 18:37:40,737 [main] INFO  server.AuthenticationFilter (AuthenticationFilter.java:constructSecretProvider(240)) - Unable to initialize FileSignerSecretProvider, falling back to use random secrets.
2019-10-20 18:37:40,738 [main] WARN  http.HttpRequestLog (HttpRequestLog.java:getRequestLog(97)) - Jetty request log can only be enabled using Log4j
2019-10-20 18:37:40,740 [main] INFO  http.HttpServer2 (HttpServer2.java:addGlobalFilter(975)) - Added global filter 'safety' (class=org.apache.hadoop.http.HttpServer2$QuotingInputFilter)
2019-10-20 18:37:40,740 [main] INFO  http.HttpServer2 (HttpServer2.java:addFilter(948)) - Added filter static_user_filter (class=org.apache.hadoop.http.lib.StaticUserWebFilter$StaticUserFilter) to context ozoneManager
2019-10-20 18:37:40,741 [main] INFO  http.HttpServer2 (HttpServer2.java:addFilter(958)) - Added filter static_user_filter (class=org.apache.hadoop.http.lib.StaticUserWebFilter$StaticUserFilter) to context static
2019-10-20 18:37:40,741 [main] INFO  http.HttpServer2 (HttpServer2.java:addFilter(958)) - Added filter static_user_filter (class=org.apache.hadoop.http.lib.StaticUserWebFilter$StaticUserFilter) to context logs
2019-10-20 18:37:40,743 [main] INFO  http.HttpServer2 (HttpServer2.java:bindListener(1191)) - Jetty bound to port 39241
2019-10-20 18:37:40,743 [main] INFO  server.Server (Server.java:doStart(351)) - jetty-9.3.25.v20180904, build timestamp: 2018-09-04T21:11:46Z, git hash: 3ce520221d0240229c862b122d2b06c12a625732
2019-10-20 18:37:40,745 [main] INFO  handler.ContextHandler (ContextHandler.java:doStart(781)) - Started o.e.j.s.ServletContextHandler@368d5c00{/logs,file:///workdir/hadoop-ozone/integration-test/target/log,AVAILABLE}
2019-10-20 18:37:40,746 [main] INFO  handler.ContextHandler (ContextHandler.java:doStart(781)) - Started o.e.j.s.ServletContextHandler@aa10649{/static,file:///workdir/hadoop-ozone/integration-test/target/test-classes/webapps/static,AVAILABLE}
2019-10-20 18:37:40,754 [main] INFO  handler.ContextHandler (ContextHandler.java:doStart(781)) - Started o.e.j.w.WebAppContext@41aaedaa{/,file:///workdir/hadoop-ozone/integration-test/target/test-classes/webapps/ozoneManager/,AVAILABLE}{/ozoneManager}
2019-10-20 18:37:40,755 [main] INFO  server.AbstractConnector (AbstractConnector.java:doStart(278)) - Started ServerConnector@303a5119{HTTP/1.1,[http/1.1]}{0.0.0.0:39241}
2019-10-20 18:37:40,756 [main] INFO  server.Server (Server.java:doStart(419)) - Started @4830ms
2019-10-20 18:37:40,756 [main] WARN  impl.MetricsSystemImpl (MetricsSystemImpl.java:register(276)) - Sink prometheus already exists!
2019-10-20 18:37:40,757 [main] INFO  server.BaseHttpServer (BaseHttpServer.java:updateConnectorAddress(215)) - HTTP server of OZONEMANAGER is listening at http://0.0.0.0:39241
2019-10-20 18:37:41,080 [main] INFO  impl.MetricsSystemImpl (MetricsSystemImpl.java:init(158)) - HddsDatanode metrics system started (again)
2019-10-20 18:37:41,128 [main] INFO  ozone.HddsDatanodeService (HddsDatanodeService.java:start(184)) - HddsDatanodeService host:pr-hdds-2334-tv6s7-2530448917 ip:192.168.164.253
2019-10-20 18:37:41,165 [main] INFO  volume.HddsVolume (HddsVolume.java:<init>(176)) - Creating Volume: /workdir/hadoop-ozone/integration-test/target/test-dir/MiniOzoneClusterImpl-bb5c499c-1fef-4eeb-ae34-687819fae390/datanode-0/data/containers/hdds of  storage type : DISK and capacity : 1482555576320
2019-10-20 18:37:41,167 [main] INFO  volume.VolumeSet (VolumeSet.java:initializeVolumeSet(170)) - Added Volume : /workdir/hadoop-ozone/integration-test/target/test-dir/MiniOzoneClusterImpl-bb5c499c-1fef-4eeb-ae34-687819fae390/datanode-0/data/containers/hdds to VolumeSet
2019-10-20 18:37:41,170 [main] INFO  volume.ThrottledAsyncChecker (ThrottledAsyncChecker.java:schedule(141)) - Scheduling a check for /workdir/hadoop-ozone/integration-test/target/test-dir/MiniOzoneClusterImpl-bb5c499c-1fef-4eeb-ae34-687819fae390/datanode-0/data/containers/hdds
2019-10-20 18:37:41,187 [main] INFO  volume.HddsVolumeChecker (HddsVolumeChecker.java:checkAllVolumes(204)) - Scheduled health check for volume /workdir/hadoop-ozone/integration-test/target/test-dir/MiniOzoneClusterImpl-bb5c499c-1fef-4eeb-ae34-687819fae390/datanode-0/data/containers/hdds
2019-10-20 18:37:41,303 [main] INFO  impl.RaftServerProxy (ConfUtils.java:logGet(43)) - raft.rpc.type = GRPC (default)
2019-10-20 18:37:41,369 [main] INFO  grpc.GrpcFactory (GrpcFactory.java:checkPooledByteBufAllocatorUseCacheForAllThreads(45)) - PERFORMANCE WARNING: useCacheForAllThreads is true that may cause Netty to create a lot garbage objects and, as a result, trigger GC.
	It is recommended to disable useCacheForAllThreads by setting -Dorg.apache.ratis.thirdparty.io.netty.allocator.useCacheForAllThreads=false in command line.
2019-10-20 18:37:41,374 [main] INFO  grpc.GrpcConfigKeys$Server (ConfUtils.java:logGet(43)) - raft.grpc.server.port = 0 (default)
2019-10-20 18:37:41,375 [main] INFO  server.GrpcService (ConfUtils.java:logGet(43)) - raft.grpc.message.size.max = 33570816 (custom)
2019-10-20 18:37:41,376 [main] INFO  server.RaftServerConfigKeys (ConfUtils.java:logGet(43)) - raft.server.log.appender.buffer.byte-limit = 33554432 (custom)
2019-10-20 18:37:41,377 [main] INFO  server.GrpcService (ConfUtils.java:logGet(43)) - raft.grpc.flow.control.window = 1MB (=1048576) (default)
2019-10-20 18:37:41,378 [main] INFO  server.RaftServerConfigKeys (ConfUtils.java:logGet(43)) - raft.server.rpc.request.timeout = 3000ms (default)
2019-10-20 18:37:41,546 [main] INFO  server.RaftServerConfigKeys (ConfUtils.java:logGet(43)) - raft.server.storage.dir = [/workdir/hadoop-ozone/integration-test/target/test-dir/MiniOzoneClusterImpl-bb5c499c-1fef-4eeb-ae34-687819fae390/datanode-0/data/ratis] (custom)
2019-10-20 18:37:41,612 [main] INFO  hdfs.DFSUtil (DFSUtil.java:httpServerTemplateForNNAndJN(1641)) - Starting Web-server for hddsDatanode at: http://0.0.0.0:0
2019-10-20 18:37:41,614 [main] INFO  server.AuthenticationFilter (AuthenticationFilter.java:constructSecretProvider(240)) - Unable to initialize FileSignerSecretProvider, falling back to use random secrets.
2019-10-20 18:37:41,616 [main] WARN  http.HttpRequestLog (HttpRequestLog.java:getRequestLog(97)) - Jetty request log can only be enabled using Log4j
2019-10-20 18:37:41,619 [main] INFO  http.HttpServer2 (HttpServer2.java:addGlobalFilter(975)) - Added global filter 'safety' (class=org.apache.hadoop.http.HttpServer2$QuotingInputFilter)
2019-10-20 18:37:41,620 [main] INFO  http.HttpServer2 (HttpServer2.java:addFilter(948)) - Added filter static_user_filter (class=org.apache.hadoop.http.lib.StaticUserWebFilter$StaticUserFilter) to context hddsDatanode
2019-10-20 18:37:41,620 [main] INFO  http.HttpServer2 (HttpServer2.java:addFilter(958)) - Added filter static_user_filter (class=org.apache.hadoop.http.lib.StaticUserWebFilter$StaticUserFilter) to context static
2019-10-20 18:37:41,620 [main] INFO  http.HttpServer2 (HttpServer2.java:addFilter(958)) - Added filter static_user_filter (class=org.apache.hadoop.http.lib.StaticUserWebFilter$StaticUserFilter) to context logs
2019-10-20 18:37:41,622 [main] INFO  http.HttpServer2 (HttpServer2.java:bindListener(1191)) - Jetty bound to port 34058
2019-10-20 18:37:41,622 [main] INFO  server.Server (Server.java:doStart(351)) - jetty-9.3.25.v20180904, build timestamp: 2018-09-04T21:11:46Z, git hash: 3ce520221d0240229c862b122d2b06c12a625732
2019-10-20 18:37:41,626 [main] INFO  handler.ContextHandler (ContextHandler.java:doStart(781)) - Started o.e.j.s.ServletContextHandler@46185a1b{/logs,file:///workdir/hadoop-ozone/integration-test/target/log,AVAILABLE}
2019-10-20 18:37:41,627 [main] INFO  handler.ContextHandler (ContextHandler.java:doStart(781)) - Started o.e.j.s.ServletContextHandler@60cf62ad{/static,jar:file:/home/user/.m2/repository/org/apache/hadoop/hadoop-hdds-container-service/0.5.0-SNAPSHOT/hadoop-hdds-container-service-0.5.0-SNAPSHOT.jar!/webapps/static,AVAILABLE}
2019-10-20 18:37:41,677 [main] INFO  handler.ContextHandler (ContextHandler.java:doStart(781)) - Started o.e.j.w.WebAppContext@1aabf50d{/,file:///tmp/jetty-0.0.0.0-34058-hddsDatanode-_-any-914802434442547909.dir/webapp/,AVAILABLE}{/hddsDatanode}
2019-10-20 18:37:41,678 [main] INFO  server.AbstractConnector (AbstractConnector.java:doStart(278)) - Started ServerConnector@73c9e8e8{HTTP/1.1,[http/1.1]}{0.0.0.0:34058}
2019-10-20 18:37:41,678 [main] INFO  server.Server (Server.java:doStart(419)) - Started @5753ms
2019-10-20 18:37:41,678 [main] WARN  impl.MetricsSystemImpl (MetricsSystemImpl.java:register(276)) - Sink prometheus already exists!
2019-10-20 18:37:41,680 [main] INFO  server.BaseHttpServer (BaseHttpServer.java:updateConnectorAddress(215)) - HTTP server of HDDSDATANODE is listening at http://0.0.0.0:34058
2019-10-20 18:37:41,682 [main] INFO  impl.MetricsSystemImpl (MetricsSystemImpl.java:init(158)) - HddsDatanode metrics system started (again)
2019-10-20 18:37:41,686 [main] INFO  ozone.HddsDatanodeService (HddsDatanodeService.java:start(184)) - HddsDatanodeService host:pr-hdds-2334-tv6s7-2530448917 ip:192.168.164.253
2019-10-20 18:37:41,688 [org.apache.hadoop.util.JvmPauseMonitor$Monitor@18e50fb2] INFO  util.JvmPauseMonitor (JvmPauseMonitor.java:run(188)) - Starting JVM pause monitor
2019-10-20 18:37:41,697 [main] INFO  volume.HddsVolume (HddsVolume.java:<init>(176)) - Creating Volume: /workdir/hadoop-ozone/integration-test/target/test-dir/MiniOzoneClusterImpl-bb5c499c-1fef-4eeb-ae34-687819fae390/datanode-1/data/containers/hdds of  storage type : DISK and capacity : 1482555576320
2019-10-20 18:37:41,698 [main] INFO  volume.VolumeSet (VolumeSet.java:initializeVolumeSet(170)) - Added Volume : /workdir/hadoop-ozone/integration-test/target/test-dir/MiniOzoneClusterImpl-bb5c499c-1fef-4eeb-ae34-687819fae390/datanode-1/data/containers/hdds to VolumeSet
2019-10-20 18:37:41,698 [main] INFO  volume.ThrottledAsyncChecker (ThrottledAsyncChecker.java:schedule(141)) - Scheduling a check for /workdir/hadoop-ozone/integration-test/target/test-dir/MiniOzoneClusterImpl-bb5c499c-1fef-4eeb-ae34-687819fae390/datanode-1/data/containers/hdds
2019-10-20 18:37:41,699 [main] INFO  volume.HddsVolumeChecker (HddsVolumeChecker.java:checkAllVolumes(204)) - Scheduled health check for volume /workdir/hadoop-ozone/integration-test/target/test-dir/MiniOzoneClusterImpl-bb5c499c-1fef-4eeb-ae34-687819fae390/datanode-1/data/containers/hdds
2019-10-20 18:37:41,720 [main] INFO  impl.RaftServerProxy (ConfUtils.java:logGet(43)) - raft.rpc.type = GRPC (default)
2019-10-20 18:37:41,721 [main] INFO  grpc.GrpcFactory (GrpcFactory.java:checkPooledByteBufAllocatorUseCacheForAllThreads(45)) - PERFORMANCE WARNING: useCacheForAllThreads is true that may cause Netty to create a lot garbage objects and, as a result, trigger GC.
	It is recommended to disable useCacheForAllThreads by setting -Dorg.apache.ratis.thirdparty.io.netty.allocator.useCacheForAllThreads=false in command line.
2019-10-20 18:37:41,721 [main] INFO  grpc.GrpcConfigKeys$Server (ConfUtils.java:logGet(43)) - raft.grpc.server.port = 0 (default)
2019-10-20 18:37:41,722 [main] INFO  server.GrpcService (ConfUtils.java:logGet(43)) - raft.grpc.message.size.max = 33570816 (custom)
2019-10-20 18:37:41,722 [main] INFO  server.RaftServerConfigKeys (ConfUtils.java:logGet(43)) - raft.server.log.appender.buffer.byte-limit = 33554432 (custom)
2019-10-20 18:37:41,722 [main] INFO  server.GrpcService (ConfUtils.java:logGet(43)) - raft.grpc.flow.control.window = 1MB (=1048576) (default)
2019-10-20 18:37:41,723 [main] INFO  server.RaftServerConfigKeys (ConfUtils.java:logGet(43)) - raft.server.rpc.request.timeout = 3000ms (default)
2019-10-20 18:37:41,723 [main] INFO  server.RaftServerConfigKeys (ConfUtils.java:logGet(43)) - raft.server.storage.dir = [/workdir/hadoop-ozone/integration-test/target/test-dir/MiniOzoneClusterImpl-bb5c499c-1fef-4eeb-ae34-687819fae390/datanode-1/data/ratis] (custom)
2019-10-20 18:37:41,726 [main] INFO  hdfs.DFSUtil (DFSUtil.java:httpServerTemplateForNNAndJN(1641)) - Starting Web-server for hddsDatanode at: http://0.0.0.0:0
2019-10-20 18:37:41,728 [main] INFO  server.AuthenticationFilter (AuthenticationFilter.java:constructSecretProvider(240)) - Unable to initialize FileSignerSecretProvider, falling back to use random secrets.
2019-10-20 18:37:41,729 [main] WARN  http.HttpRequestLog (HttpRequestLog.java:getRequestLog(97)) - Jetty request log can only be enabled using Log4j
2019-10-20 18:37:41,732 [main] INFO  http.HttpServer2 (HttpServer2.java:addGlobalFilter(975)) - Added global filter 'safety' (class=org.apache.hadoop.http.HttpServer2$QuotingInputFilter)
2019-10-20 18:37:41,733 [main] INFO  http.HttpServer2 (HttpServer2.java:addFilter(948)) - Added filter static_user_filter (class=org.apache.hadoop.http.lib.StaticUserWebFilter$StaticUserFilter) to context hddsDatanode
2019-10-20 18:37:41,733 [main] INFO  http.HttpServer2 (HttpServer2.java:addFilter(958)) - Added filter static_user_filter (class=org.apache.hadoop.http.lib.StaticUserWebFilter$StaticUserFilter) to context logs
2019-10-20 18:37:41,734 [main] INFO  http.HttpServer2 (HttpServer2.java:addFilter(958)) - Added filter static_user_filter (class=org.apache.hadoop.http.lib.StaticUserWebFilter$StaticUserFilter) to context static
2019-10-20 18:37:41,735 [main] INFO  http.HttpServer2 (HttpServer2.java:bindListener(1191)) - Jetty bound to port 44559
2019-10-20 18:37:41,736 [main] INFO  server.Server (Server.java:doStart(351)) - jetty-9.3.25.v20180904, build timestamp: 2018-09-04T21:11:46Z, git hash: 3ce520221d0240229c862b122d2b06c12a625732
2019-10-20 18:37:41,740 [main] INFO  handler.ContextHandler (ContextHandler.java:doStart(781)) - Started o.e.j.s.ServletContextHandler@6a472566{/logs,file:///workdir/hadoop-ozone/integration-test/target/log,AVAILABLE}
2019-10-20 18:37:41,741 [main] INFO  handler.ContextHandler (ContextHandler.java:doStart(781)) - Started o.e.j.s.ServletContextHandler@5e65afb6{/static,jar:file:/home/user/.m2/repository/org/apache/hadoop/hadoop-hdds-container-service/0.5.0-SNAPSHOT/hadoop-hdds-container-service-0.5.0-SNAPSHOT.jar!/webapps/static,AVAILABLE}
2019-10-20 18:37:41,787 [main] INFO  handler.ContextHandler (ContextHandler.java:doStart(781)) - Started o.e.j.w.WebAppContext@5c77ba8f{/,file:///tmp/jetty-0.0.0.0-44559-hddsDatanode-_-any-8395200047786657905.dir/webapp/,AVAILABLE}{/hddsDatanode}
2019-10-20 18:37:41,789 [main] INFO  server.AbstractConnector (AbstractConnector.java:doStart(278)) - Started ServerConnector@660f0c{HTTP/1.1,[http/1.1]}{0.0.0.0:44559}
2019-10-20 18:37:41,790 [main] INFO  server.Server (Server.java:doStart(419)) - Started @5864ms
2019-10-20 18:37:41,790 [main] WARN  impl.MetricsSystemImpl (MetricsSystemImpl.java:register(276)) - Sink prometheus already exists!
2019-10-20 18:37:41,791 [main] INFO  server.BaseHttpServer (BaseHttpServer.java:updateConnectorAddress(215)) - HTTP server of HDDSDATANODE is listening at http://0.0.0.0:44559
2019-10-20 18:37:41,792 [main] INFO  impl.MetricsSystemImpl (MetricsSystemImpl.java:init(158)) - HddsDatanode metrics system started (again)
2019-10-20 18:37:41,794 [org.apache.hadoop.util.JvmPauseMonitor$Monitor@5f51db7a] INFO  util.JvmPauseMonitor (JvmPauseMonitor.java:run(188)) - Starting JVM pause monitor
2019-10-20 18:37:41,795 [main] INFO  ozone.HddsDatanodeService (HddsDatanodeService.java:start(184)) - HddsDatanodeService host:pr-hdds-2334-tv6s7-2530448917 ip:192.168.164.253
2019-10-20 18:37:41,804 [Datanode State Machine Thread - 0] INFO  datanode.InitDatanodeState (InitDatanodeState.java:persistContainerDatanodeDetails(140)) - DatanodeDetails is persisted to /workdir/hadoop-ozone/integration-test/target/test-dir/MiniOzoneClusterImpl-bb5c499c-1fef-4eeb-ae34-687819fae390/datanode-0/meta/datanode.id
2019-10-20 18:37:41,804 [main] INFO  volume.HddsVolume (HddsVolume.java:<init>(176)) - Creating Volume: /workdir/hadoop-ozone/integration-test/target/test-dir/MiniOzoneClusterImpl-bb5c499c-1fef-4eeb-ae34-687819fae390/datanode-2/data/containers/hdds of  storage type : DISK and capacity : 1482555576320
2019-10-20 18:37:41,805 [main] INFO  volume.VolumeSet (VolumeSet.java:initializeVolumeSet(170)) - Added Volume : /workdir/hadoop-ozone/integration-test/target/test-dir/MiniOzoneClusterImpl-bb5c499c-1fef-4eeb-ae34-687819fae390/datanode-2/data/containers/hdds to VolumeSet
2019-10-20 18:37:41,806 [main] INFO  volume.ThrottledAsyncChecker (ThrottledAsyncChecker.java:schedule(141)) - Scheduling a check for /workdir/hadoop-ozone/integration-test/target/test-dir/MiniOzoneClusterImpl-bb5c499c-1fef-4eeb-ae34-687819fae390/datanode-2/data/containers/hdds
2019-10-20 18:37:41,807 [main] INFO  volume.HddsVolumeChecker (HddsVolumeChecker.java:checkAllVolumes(204)) - Scheduled health check for volume /workdir/hadoop-ozone/integration-test/target/test-dir/MiniOzoneClusterImpl-bb5c499c-1fef-4eeb-ae34-687819fae390/datanode-2/data/containers/hdds
2019-10-20 18:37:41,809 [Datanode State Machine Thread - 0] INFO  datanode.InitDatanodeState (InitDatanodeState.java:persistContainerDatanodeDetails(140)) - DatanodeDetails is persisted to /workdir/hadoop-ozone/integration-test/target/test-dir/MiniOzoneClusterImpl-bb5c499c-1fef-4eeb-ae34-687819fae390/datanode-1/meta/datanode.id
2019-10-20 18:37:41,824 [main] INFO  impl.RaftServerProxy (ConfUtils.java:logGet(43)) - raft.rpc.type = GRPC (default)
2019-10-20 18:37:41,825 [main] INFO  grpc.GrpcFactory (GrpcFactory.java:checkPooledByteBufAllocatorUseCacheForAllThreads(45)) - PERFORMANCE WARNING: useCacheForAllThreads is true that may cause Netty to create a lot garbage objects and, as a result, trigger GC.
	It is recommended to disable useCacheForAllThreads by setting -Dorg.apache.ratis.thirdparty.io.netty.allocator.useCacheForAllThreads=false in command line.
2019-10-20 18:37:41,825 [main] INFO  grpc.GrpcConfigKeys$Server (ConfUtils.java:logGet(43)) - raft.grpc.server.port = 0 (default)
2019-10-20 18:37:41,825 [main] INFO  server.GrpcService (ConfUtils.java:logGet(43)) - raft.grpc.message.size.max = 33570816 (custom)
2019-10-20 18:37:41,825 [main] INFO  server.RaftServerConfigKeys (ConfUtils.java:logGet(43)) - raft.server.log.appender.buffer.byte-limit = 33554432 (custom)
2019-10-20 18:37:41,826 [main] INFO  server.GrpcService (ConfUtils.java:logGet(43)) - raft.grpc.flow.control.window = 1MB (=1048576) (default)
2019-10-20 18:37:41,826 [main] INFO  server.RaftServerConfigKeys (ConfUtils.java:logGet(43)) - raft.server.rpc.request.timeout = 3000ms (default)
2019-10-20 18:37:41,827 [main] INFO  server.RaftServerConfigKeys (ConfUtils.java:logGet(43)) - raft.server.storage.dir = [/workdir/hadoop-ozone/integration-test/target/test-dir/MiniOzoneClusterImpl-bb5c499c-1fef-4eeb-ae34-687819fae390/datanode-2/data/ratis] (custom)
2019-10-20 18:37:41,829 [main] INFO  hdfs.DFSUtil (DFSUtil.java:httpServerTemplateForNNAndJN(1641)) - Starting Web-server for hddsDatanode at: http://0.0.0.0:0
2019-10-20 18:37:41,830 [main] INFO  server.AuthenticationFilter (AuthenticationFilter.java:constructSecretProvider(240)) - Unable to initialize FileSignerSecretProvider, falling back to use random secrets.
2019-10-20 18:37:41,831 [main] WARN  http.HttpRequestLog (HttpRequestLog.java:getRequestLog(97)) - Jetty request log can only be enabled using Log4j
2019-10-20 18:37:41,833 [main] INFO  http.HttpServer2 (HttpServer2.java:addGlobalFilter(975)) - Added global filter 'safety' (class=org.apache.hadoop.http.HttpServer2$QuotingInputFilter)
2019-10-20 18:37:41,833 [main] INFO  http.HttpServer2 (HttpServer2.java:addFilter(948)) - Added filter static_user_filter (class=org.apache.hadoop.http.lib.StaticUserWebFilter$StaticUserFilter) to context hddsDatanode
2019-10-20 18:37:41,834 [main] INFO  http.HttpServer2 (HttpServer2.java:addFilter(958)) - Added filter static_user_filter (class=org.apache.hadoop.http.lib.StaticUserWebFilter$StaticUserFilter) to context static
2019-10-20 18:37:41,834 [main] INFO  http.HttpServer2 (HttpServer2.java:addFilter(958)) - Added filter static_user_filter (class=org.apache.hadoop.http.lib.StaticUserWebFilter$StaticUserFilter) to context logs
2019-10-20 18:37:41,835 [main] INFO  http.HttpServer2 (HttpServer2.java:bindListener(1191)) - Jetty bound to port 34512
2019-10-20 18:37:41,835 [main] INFO  server.Server (Server.java:doStart(351)) - jetty-9.3.25.v20180904, build timestamp: 2018-09-04T21:11:46Z, git hash: 3ce520221d0240229c862b122d2b06c12a625732
2019-10-20 18:37:41,837 [main] INFO  handler.ContextHandler (ContextHandler.java:doStart(781)) - Started o.e.j.s.ServletContextHandler@6920614{/logs,file:///workdir/hadoop-ozone/integration-test/target/log,AVAILABLE}
2019-10-20 18:37:41,837 [main] INFO  handler.ContextHandler (ContextHandler.java:doStart(781)) - Started o.e.j.s.ServletContextHandler@5fa23c{/static,jar:file:/home/user/.m2/repository/org/apache/hadoop/hadoop-hdds-container-service/0.5.0-SNAPSHOT/hadoop-hdds-container-service-0.5.0-SNAPSHOT.jar!/webapps/static,AVAILABLE}
2019-10-20 18:37:41,867 [main] INFO  handler.ContextHandler (ContextHandler.java:doStart(781)) - Started o.e.j.w.WebAppContext@7a0e7ecd{/,file:///tmp/jetty-0.0.0.0-34512-hddsDatanode-_-any-6919429449156200028.dir/webapp/,AVAILABLE}{/hddsDatanode}
2019-10-20 18:37:41,867 [main] INFO  server.AbstractConnector (AbstractConnector.java:doStart(278)) - Started ServerConnector@54e3658c{HTTP/1.1,[http/1.1]}{0.0.0.0:34512}
2019-10-20 18:37:41,868 [main] INFO  server.Server (Server.java:doStart(419)) - Started @5942ms
2019-10-20 18:37:41,868 [main] WARN  impl.MetricsSystemImpl (MetricsSystemImpl.java:register(276)) - Sink prometheus already exists!
2019-10-20 18:37:41,870 [main] INFO  server.BaseHttpServer (BaseHttpServer.java:updateConnectorAddress(215)) - HTTP server of HDDSDATANODE is listening at http://0.0.0.0:34512
2019-10-20 18:37:41,871 [main] INFO  ozone.MiniOzoneClusterImpl (MiniOzoneClusterImpl.java:lambda$waitForClusterToBeReady$0(147)) - Waiting for cluster to be ready. Got 0 of 3 DN Heartbeats.
2019-10-20 18:37:41,873 [org.apache.hadoop.util.JvmPauseMonitor$Monitor@40fa2e4a] INFO  util.JvmPauseMonitor (JvmPauseMonitor.java:run(188)) - Starting JVM pause monitor
2019-10-20 18:37:41,877 [Datanode State Machine Thread - 0] INFO  datanode.InitDatanodeState (InitDatanodeState.java:persistContainerDatanodeDetails(140)) - DatanodeDetails is persisted to /workdir/hadoop-ozone/integration-test/target/test-dir/MiniOzoneClusterImpl-bb5c499c-1fef-4eeb-ae34-687819fae390/datanode-2/meta/datanode.id
2019-10-20 18:37:42,872 [main] INFO  ozone.MiniOzoneClusterImpl (MiniOzoneClusterImpl.java:lambda$waitForClusterToBeReady$0(147)) - Waiting for cluster to be ready. Got 0 of 3 DN Heartbeats.
2019-10-20 18:37:43,773 [Datanode State Machine Thread - 0] INFO  ozoneimpl.OzoneContainer (OzoneContainer.java:start(213)) - Attempting to start container services.
2019-10-20 18:37:43,775 [Datanode State Machine Thread - 0] INFO  ozoneimpl.OzoneContainer (OzoneContainer.java:startContainerScrub(177)) - Background container scanner has been disabled.
2019-10-20 18:37:43,776 [Datanode State Machine Thread - 0] INFO  ratis.XceiverServerRatis (XceiverServerRatis.java:start(418)) - Starting XceiverServerRatis c90420fb-507e-4f39-9d1e-d32950a26e2a at port 0
2019-10-20 18:37:43,796 [Datanode State Machine Thread - 0] INFO  impl.RaftServerProxy (RaftServerProxy.java:lambda$start$3(299)) - c90420fb-507e-4f39-9d1e-d32950a26e2a: start RPC server
2019-10-20 18:37:43,824 [Datanode State Machine Thread - 0] INFO  ozoneimpl.OzoneContainer (OzoneContainer.java:start(213)) - Attempting to start container services.
2019-10-20 18:37:43,829 [Datanode State Machine Thread - 0] INFO  ozoneimpl.OzoneContainer (OzoneContainer.java:startContainerScrub(177)) - Background container scanner has been disabled.
2019-10-20 18:37:43,829 [Datanode State Machine Thread - 0] INFO  ratis.XceiverServerRatis (XceiverServerRatis.java:start(418)) - Starting XceiverServerRatis 7e7122d9-53dc-47a8-b6b6-c87fac616c81 at port 0
2019-10-20 18:37:43,837 [Datanode State Machine Thread - 0] INFO  impl.RaftServerProxy (RaftServerProxy.java:lambda$start$3(299)) - 7e7122d9-53dc-47a8-b6b6-c87fac616c81: start RPC server
2019-10-20 18:37:43,872 [main] INFO  ozone.MiniOzoneClusterImpl (MiniOzoneClusterImpl.java:lambda$waitForClusterToBeReady$0(147)) - Waiting for cluster to be ready. Got 0 of 3 DN Heartbeats.
2019-10-20 18:37:43,909 [Datanode State Machine Thread - 0] INFO  ozoneimpl.OzoneContainer (OzoneContainer.java:start(213)) - Attempting to start container services.
2019-10-20 18:37:43,910 [Datanode State Machine Thread - 0] INFO  ozoneimpl.OzoneContainer (OzoneContainer.java:startContainerScrub(177)) - Background container scanner has been disabled.
2019-10-20 18:37:43,910 [Datanode State Machine Thread - 0] INFO  ratis.XceiverServerRatis (XceiverServerRatis.java:start(418)) - Starting XceiverServerRatis 5459e257-ccbc-435a-9427-c3c16be66685 at port 0
2019-10-20 18:37:43,920 [Datanode State Machine Thread - 0] INFO  impl.RaftServerProxy (RaftServerProxy.java:lambda$start$3(299)) - 5459e257-ccbc-435a-9427-c3c16be66685: start RPC server
2019-10-20 18:37:43,922 [Datanode State Machine Thread - 0] INFO  server.GrpcService (GrpcService.java:startImpl(158)) - c90420fb-507e-4f39-9d1e-d32950a26e2a: GrpcService started, listening on 0.0.0.0/0.0.0.0:35682
2019-10-20 18:37:43,922 [Datanode State Machine Thread - 0] INFO  server.GrpcService (GrpcService.java:startImpl(158)) - 7e7122d9-53dc-47a8-b6b6-c87fac616c81: GrpcService started, listening on 0.0.0.0/0.0.0.0:46735
2019-10-20 18:37:43,922 [Datanode State Machine Thread - 0] INFO  ratis.XceiverServerRatis (XceiverServerRatis.java:start(428)) - XceiverServerRatis c90420fb-507e-4f39-9d1e-d32950a26e2a is started using port 35682
2019-10-20 18:37:43,922 [Datanode State Machine Thread - 0] INFO  server.GrpcService (GrpcService.java:startImpl(158)) - 5459e257-ccbc-435a-9427-c3c16be66685: GrpcService started, listening on 0.0.0.0/0.0.0.0:45469
2019-10-20 18:37:43,922 [Datanode State Machine Thread - 0] INFO  ratis.XceiverServerRatis (XceiverServerRatis.java:start(428)) - XceiverServerRatis 7e7122d9-53dc-47a8-b6b6-c87fac616c81 is started using port 46735
2019-10-20 18:37:43,922 [Datanode State Machine Thread - 0] INFO  ratis.XceiverServerRatis (XceiverServerRatis.java:start(428)) - XceiverServerRatis 5459e257-ccbc-435a-9427-c3c16be66685 is started using port 45469
2019-10-20 18:37:43,926 [Datanode State Machine Thread - 0] INFO  server.XceiverServerGrpc (XceiverServerGrpc.java:start(149)) - XceiverServerGrpc 5459e257-ccbc-435a-9427-c3c16be66685 is started using port 46528
2019-10-20 18:37:43,926 [Datanode State Machine Thread - 0] INFO  server.XceiverServerGrpc (XceiverServerGrpc.java:start(149)) - XceiverServerGrpc c90420fb-507e-4f39-9d1e-d32950a26e2a is started using port 36713
2019-10-20 18:37:43,926 [Datanode State Machine Thread - 0] INFO  server.XceiverServerGrpc (XceiverServerGrpc.java:start(149)) - XceiverServerGrpc 7e7122d9-53dc-47a8-b6b6-c87fac616c81 is started using port 46050
2019-10-20 18:37:44,873 [main] INFO  ozone.MiniOzoneClusterImpl (MiniOzoneClusterImpl.java:lambda$waitForClusterToBeReady$0(147)) - Waiting for cluster to be ready. Got 0 of 3 DN Heartbeats.
2019-10-20 18:37:45,723 [IPC Server handler 18 on 40811] INFO  net.NetworkTopology (NetworkTopologyImpl.java:add(111)) - Added a new node: /default-rack/c90420fb-507e-4f39-9d1e-d32950a26e2a
2019-10-20 18:37:45,724 [IPC Server handler 18 on 40811] INFO  node.SCMNodeManager (SCMNodeManager.java:register(268)) - Registered Data node : c90420fb-507e-4f39-9d1e-d32950a26e2a{ip: 192.168.164.253, host: pr-hdds-2334-tv6s7-2530448917, networkLocation: /default-rack, certSerialId: null}
2019-10-20 18:37:45,727 [EventQueue-NodeRegistrationContainerReportForDataNodeSafeModeRule] INFO  safemode.SCMSafeModeManager (DataNodeSafeModeRule.java:process(71)) - SCM in safe mode. 1 DataNodes registered, 1 required.
2019-10-20 18:37:45,727 [EventQueue-NodeRegistrationContainerReportForDataNodeSafeModeRule] INFO  safemode.SCMSafeModeManager (SCMSafeModeManager.java:validateSafeModeExitRules(177)) - ScmSafeModeManager, all rules are successfully validated
2019-10-20 18:37:45,728 [EventQueue-NodeRegistrationContainerReportForDataNodeSafeModeRule] INFO  safemode.SCMSafeModeManager (SCMSafeModeManager.java:exitSafeMode(193)) - SCM exiting safe mode.
2019-10-20 18:37:45,796 [IPC Server handler 19 on 40811] INFO  net.NetworkTopology (NetworkTopologyImpl.java:add(111)) - Added a new node: /default-rack/7e7122d9-53dc-47a8-b6b6-c87fac616c81
2019-10-20 18:37:45,797 [IPC Server handler 19 on 40811] INFO  node.SCMNodeManager (SCMNodeManager.java:register(268)) - Registered Data node : 7e7122d9-53dc-47a8-b6b6-c87fac616c81{ip: 192.168.164.253, host: pr-hdds-2334-tv6s7-2530448917, networkLocation: /default-rack, certSerialId: null}
2019-10-20 18:37:45,874 [main] INFO  ozone.MiniOzoneClusterImpl (MiniOzoneClusterImpl.java:lambda$waitForClusterToBeReady$0(147)) - Waiting for cluster to be ready. Got 2 of 3 DN Heartbeats.
2019-10-20 18:37:45,876 [IPC Server handler 15 on 40811] INFO  net.NetworkTopology (NetworkTopologyImpl.java:add(111)) - Added a new node: /default-rack/5459e257-ccbc-435a-9427-c3c16be66685
2019-10-20 18:37:45,877 [IPC Server handler 15 on 40811] INFO  node.SCMNodeManager (SCMNodeManager.java:register(268)) - Registered Data node : 5459e257-ccbc-435a-9427-c3c16be66685{ip: 192.168.164.253, host: pr-hdds-2334-tv6s7-2530448917, networkLocation: /default-rack, certSerialId: null}
2019-10-20 18:37:46,204 [grpc-default-executor-0] INFO  impl.RaftServerProxy (RaftServerProxy.java:addNew(89)) - c90420fb-507e-4f39-9d1e-d32950a26e2a: addNew group-99214B61A4ED:[c90420fb-507e-4f39-9d1e-d32950a26e2a:192.168.164.253:35682] returns group-99214B61A4ED:java.util.concurrent.CompletableFuture@4d278d8d[Not completed]
2019-10-20 18:37:46,220 [pool-27-thread-1] INFO  impl.RaftServerImpl (RaftServerImpl.java:<init>(104)) - c90420fb-507e-4f39-9d1e-d32950a26e2a: new RaftServerImpl for group-99214B61A4ED:[c90420fb-507e-4f39-9d1e-d32950a26e2a:192.168.164.253:35682] with ContainerStateMachine:uninitialized
2019-10-20 18:37:46,226 [pool-27-thread-1] INFO  server.RaftServerConfigKeys (ConfUtils.java:logGet(43)) - raft.server.rpc.timeout.min = 5s (custom)
2019-10-20 18:37:46,226 [pool-27-thread-1] INFO  server.RaftServerConfigKeys (ConfUtils.java:logGet(43)) - raft.server.rpc.timeout.max = 5200ms (custom)
2019-10-20 18:37:46,227 [pool-27-thread-1] INFO  server.RaftServerConfigKeys (ConfUtils.java:logGet(43)) - raft.server.rpcslowness.timeout = 1000s (custom)
2019-10-20 18:37:46,227 [pool-27-thread-1] INFO  server.RaftServerConfigKeys (ConfUtils.java:logGet(43)) - raft.server.sleep.deviation.threshold = 300 (default)
2019-10-20 18:37:46,228 [pool-27-thread-1] INFO  server.RaftServerConfigKeys (ConfUtils.java:logGet(43)) - raft.server.log.appender.install.snapshot.enabled = false (custom)
2019-10-20 18:37:46,237 [pool-27-thread-1] INFO  impl.RaftServerImpl (ServerState.java:<init>(103)) - c90420fb-507e-4f39-9d1e-d32950a26e2a@group-99214B61A4ED: ConfigurationManager, init=-1: [c90420fb-507e-4f39-9d1e-d32950a26e2a:192.168.164.253:35682], old=null, confs=<EMPTY_MAP>
2019-10-20 18:37:46,237 [pool-27-thread-1] INFO  server.RaftServerConfigKeys (ConfUtils.java:logGet(43)) - raft.server.storage.dir = [/workdir/hadoop-ozone/integration-test/target/test-dir/MiniOzoneClusterImpl-bb5c499c-1fef-4eeb-ae34-687819fae390/datanode-0/data/ratis] (custom)
2019-10-20 18:37:46,244 [pool-27-thread-1] INFO  server.RaftServerConfigKeys (ConfUtils.java:logGet(43)) - raft.server.log.corruption.policy = EXCEPTION (default)
2019-10-20 18:37:46,246 [pool-27-thread-1] INFO  storage.RaftStorageDirectory (RaftStorageDirectory.java:analyzeStorage(246)) - The storage directory /workdir/hadoop-ozone/integration-test/target/test-dir/MiniOzoneClusterImpl-bb5c499c-1fef-4eeb-ae34-687819fae390/datanode-0/data/ratis/ece3b61d-4d9a-4a89-9154-99214b61a4ed does not exist. Creating ...
2019-10-20 18:37:46,265 [pool-27-thread-1] INFO  storage.RaftStorageDirectory (RaftStorageDirectory.java:tryLock(328)) - Lock on /workdir/hadoop-ozone/integration-test/target/test-dir/MiniOzoneClusterImpl-bb5c499c-1fef-4eeb-ae34-687819fae390/datanode-0/data/ratis/ece3b61d-4d9a-4a89-9154-99214b61a4ed/in_use.lock acquired by nodename 8637@pr-hdds-2334-tv6s7-2530448917
2019-10-20 18:37:46,291 [pool-27-thread-1] INFO  storage.RaftStorage (RaftStorage.java:format(84)) - Storage directory /workdir/hadoop-ozone/integration-test/target/test-dir/MiniOzoneClusterImpl-bb5c499c-1fef-4eeb-ae34-687819fae390/datanode-0/data/ratis/ece3b61d-4d9a-4a89-9154-99214b61a4ed has been successfully formatted.
2019-10-20 18:37:46,294 [pool-27-thread-1] INFO  ratis.ContainerStateMachine (ContainerStateMachine.java:loadSnapshot(231)) - group-99214B61A4ED: The snapshot info is null. Setting the last applied indexto:(t:0, i:~)
2019-10-20 18:37:46,294 [pool-27-thread-1] INFO  server.RaftServerConfigKeys (ConfUtils.java:logGet(43)) - raft.server.notification.no-leader.timeout = 1000s (custom)
2019-10-20 18:37:46,296 [pool-27-thread-1] INFO  server.RaftServerConfigKeys (ConfUtils.java:logGet(43)) - raft.server.log.use.memory = false (default)
2019-10-20 18:37:46,301 [pool-27-thread-1] INFO  server.RaftServerConfigKeys (ConfUtils.java:logGet(43)) - raft.server.log.purge.gap = 1000000 (custom)
2019-10-20 18:37:46,301 [pool-27-thread-1] INFO  server.RaftServerConfigKeys (ConfUtils.java:logGet(43)) - raft.server.log.appender.buffer.byte-limit = 33554432 (custom)
2019-10-20 18:37:46,303 [pool-27-thread-1] INFO  server.RaftServerConfigKeys (ConfUtils.java:logGet(43)) - raft.server.log.segment.size.max = 1048576 (custom)
2019-10-20 18:37:46,305 [pool-27-thread-1] INFO  impl.MetricsSystemImpl (MetricsSystemImpl.java:init(158)) - ratis metrics system started (again)
2019-10-20 18:37:46,309 [pool-27-thread-1] INFO  metrics.MetricRegistries (MetricRegistriesLoader.java:load(64)) - Loaded MetricRegistries class org.apache.ratis.metrics.impl.MetricRegistriesImpl
2019-10-20 18:37:46,343 [pool-27-thread-1] INFO  server.RaftServerConfigKeys (ConfUtils.java:logGet(43)) - raft.server.log.segment.cache.num.max = 2 (custom)
2019-10-20 18:37:46,348 [pool-27-thread-1] INFO  segmented.SegmentedRaftLogWorker (SegmentedRaftLogWorker.java:<init>(173)) - new c90420fb-507e-4f39-9d1e-d32950a26e2a@group-99214B61A4ED-SegmentedRaftLogWorker for RaftStorage:Storage Directory /workdir/hadoop-ozone/integration-test/target/test-dir/MiniOzoneClusterImpl-bb5c499c-1fef-4eeb-ae34-687819fae390/datanode-0/data/ratis/ece3b61d-4d9a-4a89-9154-99214b61a4ed
2019-10-20 18:37:46,348 [pool-27-thread-1] INFO  server.RaftServerConfigKeys (ConfUtils.java:logGet(43)) - raft.server.log.queue.byte-limit = 2147483647 (custom)
2019-10-20 18:37:46,349 [pool-27-thread-1] INFO  server.RaftServerConfigKeys (ConfUtils.java:logGet(43)) - raft.server.log.queue.element-limit = 1024 (custom)
2019-10-20 18:37:46,350 [pool-27-thread-1] INFO  server.RaftServerConfigKeys (ConfUtils.java:logGet(43)) - raft.server.log.segment.size.max = 1048576 (custom)
2019-10-20 18:37:46,350 [pool-27-thread-1] INFO  server.RaftServerConfigKeys (ConfUtils.java:logGet(43)) - raft.server.log.preallocated.size = 16384 (custom)
2019-10-20 18:37:46,351 [pool-27-thread-1] INFO  server.RaftServerConfigKeys (ConfUtils.java:logGet(43)) - raft.server.log.write.buffer.size = 33554432 (custom)
2019-10-20 18:37:46,351 [pool-27-thread-1] INFO  server.RaftServerConfigKeys (ConfUtils.java:logGet(43)) - raft.server.log.force.sync.num = 128 (default)
2019-10-20 18:37:46,352 [pool-27-thread-1] INFO  server.RaftServerConfigKeys (ConfUtils.java:logGet(43)) - raft.server.log.statemachine.data.sync = true (default)
2019-10-20 18:37:46,352 [pool-27-thread-1] INFO  server.RaftServerConfigKeys (ConfUtils.java:logGet(43)) - raft.server.log.statemachine.data.sync.timeout = 10s (default)
2019-10-20 18:37:46,353 [pool-27-thread-1] INFO  server.RaftServerConfigKeys (ConfUtils.java:logGet(43)) - raft.server.log.statemachine.data.sync.timeout.retry = -1 (default)
2019-10-20 18:37:46,363 [pool-27-thread-1] INFO  server.RaftServerConfigKeys (ConfUtils.java:logGet(43)) - raft.server.log.statemachine.data.caching.enabled = true (custom)
2019-10-20 18:37:46,368 [pool-27-thread-1] INFO  segmented.SegmentedRaftLogWorker (SegmentedRaftLogWorker.java:lambda$new$0(128)) - c90420fb-507e-4f39-9d1e-d32950a26e2a@group-99214B61A4ED-SegmentedRaftLogWorker: flushIndex: setUnconditionally 0 -> -1
2019-10-20 18:37:46,371 [pool-27-thread-1] INFO  server.RaftServerConfigKeys (ConfUtils.java:logGet(43)) - raft.server.snapshot.auto.trigger.enabled = true (custom)
2019-10-20 18:37:46,372 [pool-27-thread-1] INFO  server.RaftServerConfigKeys (ConfUtils.java:logGet(43)) - raft.server.snapshot.auto.trigger.threshold = 10000 (custom)
2019-10-20 18:37:46,373 [pool-27-thread-1] INFO  server.RaftServerConfigKeys (ConfUtils.java:logGet(43)) - raft.server.snapshot.retention.file.num = 5 (custom)
2019-10-20 18:37:46,373 [pool-27-thread-1] INFO  server.RaftServerConfigKeys (ConfUtils.java:logGet(43)) - raft.server.retrycache.expirytime = 600000ms (custom)
2019-10-20 18:37:46,401 [pool-27-thread-1] INFO  impl.RaftServerImpl (RaftServerImpl.java:start(195)) - c90420fb-507e-4f39-9d1e-d32950a26e2a@group-99214B61A4ED: start as a follower, conf=-1: [c90420fb-507e-4f39-9d1e-d32950a26e2a:192.168.164.253:35682], old=null
2019-10-20 18:37:46,402 [pool-27-thread-1] INFO  impl.RaftServerImpl (RaftServerImpl.java:setRole(184)) - c90420fb-507e-4f39-9d1e-d32950a26e2a@group-99214B61A4ED: changes role from      null to FOLLOWER at term 0 for startAsFollower
2019-10-20 18:37:46,403 [pool-27-thread-1] INFO  impl.RoleInfo (RoleInfo.java:updateAndGet(143)) - c90420fb-507e-4f39-9d1e-d32950a26e2a: start FollowerState
2019-10-20 18:37:46,404 [pool-27-thread-1] INFO  util.JmxRegister (JmxRegister.java:tryRegister(44)) - Successfully registered JMX Bean with object name Ratis:service=RaftServer,group=group-99214B61A4ED,id=c90420fb-507e-4f39-9d1e-d32950a26e2a
2019-10-20 18:37:46,472 [RatisPipelineUtilsThread] INFO  pipeline.PipelineStateManager (PipelineStateManager.java:addPipeline(56)) - Created pipeline Pipeline[ Id: ece3b61d-4d9a-4a89-9154-99214b61a4ed, Nodes: c90420fb-507e-4f39-9d1e-d32950a26e2a{ip: 192.168.164.253, host: pr-hdds-2334-tv6s7-2530448917, networkLocation: /default-rack, certSerialId: null}, Type:RATIS, Factor:ONE, State:OPEN]
2019-10-20 18:37:46,490 [grpc-default-executor-0] INFO  impl.RaftServerProxy (RaftServerProxy.java:addNew(89)) - 7e7122d9-53dc-47a8-b6b6-c87fac616c81: addNew group-4D7E28B49252:[7e7122d9-53dc-47a8-b6b6-c87fac616c81:192.168.164.253:46735] returns group-4D7E28B49252:java.util.concurrent.CompletableFuture@218735d2[Not completed]
2019-10-20 18:37:46,514 [pool-37-thread-1] INFO  impl.RaftServerImpl (RaftServerImpl.java:<init>(104)) - 7e7122d9-53dc-47a8-b6b6-c87fac616c81: new RaftServerImpl for group-4D7E28B49252:[7e7122d9-53dc-47a8-b6b6-c87fac616c81:192.168.164.253:46735] with ContainerStateMachine:uninitialized
2019-10-20 18:37:46,516 [pool-37-thread-1] INFO  server.RaftServerConfigKeys (ConfUtils.java:logGet(43)) - raft.server.rpc.timeout.min = 5s (custom)
2019-10-20 18:37:46,516 [pool-37-thread-1] INFO  server.RaftServerConfigKeys (ConfUtils.java:logGet(43)) - raft.server.rpc.timeout.max = 5200ms (custom)
2019-10-20 18:37:46,516 [pool-37-thread-1] INFO  server.RaftServerConfigKeys (ConfUtils.java:logGet(43)) - raft.server.rpcslowness.timeout = 1000s (custom)
2019-10-20 18:37:46,516 [pool-37-thread-1] INFO  server.RaftServerConfigKeys (ConfUtils.java:logGet(43)) - raft.server.sleep.deviation.threshold = 300 (default)
2019-10-20 18:37:46,516 [pool-37-thread-1] INFO  server.RaftServerConfigKeys (ConfUtils.java:logGet(43)) - raft.server.log.appender.install.snapshot.enabled = false (custom)
2019-10-20 18:37:46,517 [pool-37-thread-1] INFO  impl.RaftServerImpl (ServerState.java:<init>(103)) - 7e7122d9-53dc-47a8-b6b6-c87fac616c81@group-4D7E28B49252: ConfigurationManager, init=-1: [7e7122d9-53dc-47a8-b6b6-c87fac616c81:192.168.164.253:46735], old=null, confs=<EMPTY_MAP>
2019-10-20 18:37:46,517 [pool-37-thread-1] INFO  server.RaftServerConfigKeys (ConfUtils.java:logGet(43)) - raft.server.storage.dir = [/workdir/hadoop-ozone/integration-test/target/test-dir/MiniOzoneClusterImpl-bb5c499c-1fef-4eeb-ae34-687819fae390/datanode-1/data/ratis] (custom)
2019-10-20 18:37:46,517 [pool-37-thread-1] INFO  server.RaftServerConfigKeys (ConfUtils.java:logGet(43)) - raft.server.log.corruption.policy = EXCEPTION (default)
2019-10-20 18:37:46,518 [pool-37-thread-1] INFO  storage.RaftStorageDirectory (RaftStorageDirectory.java:analyzeStorage(246)) - The storage directory /workdir/hadoop-ozone/integration-test/target/test-dir/MiniOzoneClusterImpl-bb5c499c-1fef-4eeb-ae34-687819fae390/datanode-1/data/ratis/2817875b-f138-438c-9942-4d7e28b49252 does not exist. Creating ...
2019-10-20 18:37:46,538 [Thread-186] INFO  impl.FollowerState (FollowerState.java:run(108)) - c90420fb-507e-4f39-9d1e-d32950a26e2a@group-99214B61A4ED-FollowerState: change to CANDIDATE, lastRpcTime:135ms, electionTimeout:134ms
2019-10-20 18:37:46,540 [Thread-186] INFO  impl.RoleInfo (RoleInfo.java:shutdownFollowerState(121)) - c90420fb-507e-4f39-9d1e-d32950a26e2a: shutdown FollowerState
2019-10-20 18:37:46,541 [Thread-186] INFO  impl.RaftServerImpl (RaftServerImpl.java:setRole(184)) - c90420fb-507e-4f39-9d1e-d32950a26e2a@group-99214B61A4ED: changes role from  FOLLOWER to CANDIDATE at term 0 for changeToCandidate
2019-10-20 18:37:46,543 [pool-37-thread-1] INFO  storage.RaftStorageDirectory (RaftStorageDirectory.java:tryLock(328)) - Lock on /workdir/hadoop-ozone/integration-test/target/test-dir/MiniOzoneClusterImpl-bb5c499c-1fef-4eeb-ae34-687819fae390/datanode-1/data/ratis/2817875b-f138-438c-9942-4d7e28b49252/in_use.lock acquired by nodename 8637@pr-hdds-2334-tv6s7-2530448917
2019-10-20 18:37:46,545 [Thread-186] INFO  impl.RoleInfo (RoleInfo.java:updateAndGet(143)) - c90420fb-507e-4f39-9d1e-d32950a26e2a: start LeaderElection
2019-10-20 18:37:46,568 [pool-37-thread-1] INFO  storage.RaftStorage (RaftStorage.java:format(84)) - Storage directory /workdir/hadoop-ozone/integration-test/target/test-dir/MiniOzoneClusterImpl-bb5c499c-1fef-4eeb-ae34-687819fae390/datanode-1/data/ratis/2817875b-f138-438c-9942-4d7e28b49252 has been successfully formatted.
2019-10-20 18:37:46,569 [c90420fb-507e-4f39-9d1e-d32950a26e2a@group-99214B61A4ED-LeaderElection1] INFO  impl.LeaderElection (LeaderElection.java:askForVotes(178)) - c90420fb-507e-4f39-9d1e-d32950a26e2a@group-99214B61A4ED-LeaderElection1: begin an election at term 1 for -1: [c90420fb-507e-4f39-9d1e-d32950a26e2a:192.168.164.253:35682], old=null
2019-10-20 18:37:46,569 [pool-37-thread-1] INFO  ratis.ContainerStateMachine (ContainerStateMachine.java:loadSnapshot(231)) - group-4D7E28B49252: The snapshot info is null. Setting the last applied indexto:(t:0, i:~)
2019-10-20 18:37:46,570 [pool-37-thread-1] INFO  server.RaftServerConfigKeys (ConfUtils.java:logGet(43)) - raft.server.notification.no-leader.timeout = 1000s (custom)
2019-10-20 18:37:46,571 [pool-37-thread-1] INFO  server.RaftServerConfigKeys (ConfUtils.java:logGet(43)) - raft.server.log.use.memory = false (default)
2019-10-20 18:37:46,571 [pool-37-thread-1] INFO  server.RaftServerConfigKeys (ConfUtils.java:logGet(43)) - raft.server.log.purge.gap = 1000000 (custom)
2019-10-20 18:37:46,571 [pool-37-thread-1] INFO  server.RaftServerConfigKeys (ConfUtils.java:logGet(43)) - raft.server.log.appender.buffer.byte-limit = 33554432 (custom)
2019-10-20 18:37:46,571 [pool-37-thread-1] INFO  server.RaftServerConfigKeys (ConfUtils.java:logGet(43)) - raft.server.log.segment.size.max = 1048576 (custom)
2019-10-20 18:37:46,572 [c90420fb-507e-4f39-9d1e-d32950a26e2a@group-99214B61A4ED-LeaderElection1] INFO  impl.RoleInfo (RoleInfo.java:shutdownLeaderElection(134)) - c90420fb-507e-4f39-9d1e-d32950a26e2a: shutdown LeaderElection
2019-10-20 18:37:46,573 [c90420fb-507e-4f39-9d1e-d32950a26e2a@group-99214B61A4ED-LeaderElection1] INFO  impl.RaftServerImpl (RaftServerImpl.java:setRole(184)) - c90420fb-507e-4f39-9d1e-d32950a26e2a@group-99214B61A4ED: changes role from CANDIDATE to LEADER at term 1 for changeToLeader
2019-10-20 18:37:46,573 [c90420fb-507e-4f39-9d1e-d32950a26e2a@group-99214B61A4ED-LeaderElection1] INFO  impl.RaftServerImpl (ServerState.java:setLeader(256)) - c90420fb-507e-4f39-9d1e-d32950a26e2a@group-99214B61A4ED: change Leader from null to c90420fb-507e-4f39-9d1e-d32950a26e2a at term 1 for becomeLeader, leader elected after 278ms
2019-10-20 18:37:46,575 [pool-37-thread-1] INFO  server.RaftServerConfigKeys (ConfUtils.java:logGet(43)) - raft.server.log.segment.cache.num.max = 2 (custom)
2019-10-20 18:37:46,576 [pool-37-thread-1] INFO  segmented.SegmentedRaftLogWorker (SegmentedRaftLogWorker.java:<init>(173)) - new 7e7122d9-53dc-47a8-b6b6-c87fac616c81@group-4D7E28B49252-SegmentedRaftLogWorker for RaftStorage:Storage Directory /workdir/hadoop-ozone/integration-test/target/test-dir/MiniOzoneClusterImpl-bb5c499c-1fef-4eeb-ae34-687819fae390/datanode-1/data/ratis/2817875b-f138-438c-9942-4d7e28b49252
2019-10-20 18:37:46,578 [pool-37-thread-1] INFO  server.RaftServerConfigKeys (ConfUtils.java:logGet(43)) - raft.server.log.queue.byte-limit = 2147483647 (custom)
2019-10-20 18:37:46,578 [pool-37-thread-1] INFO  server.RaftServerConfigKeys (ConfUtils.java:logGet(43)) - raft.server.log.queue.element-limit = 1024 (custom)
2019-10-20 18:37:46,578 [pool-37-thread-1] INFO  server.RaftServerConfigKeys (ConfUtils.java:logGet(43)) - raft.server.log.segment.size.max = 1048576 (custom)
2019-10-20 18:37:46,578 [pool-37-thread-1] INFO  server.RaftServerConfigKeys (ConfUtils.java:logGet(43)) - raft.server.log.preallocated.size = 16384 (custom)
2019-10-20 18:37:46,578 [pool-37-thread-1] INFO  server.RaftServerConfigKeys (ConfUtils.java:logGet(43)) - raft.server.log.write.buffer.size = 33554432 (custom)
2019-10-20 18:37:46,578 [pool-37-thread-1] INFO  server.RaftServerConfigKeys (ConfUtils.java:logGet(43)) - raft.server.log.force.sync.num = 128 (default)
2019-10-20 18:37:46,578 [pool-37-thread-1] INFO  server.RaftServerConfigKeys (ConfUtils.java:logGet(43)) - raft.server.log.statemachine.data.sync = true (default)
2019-10-20 18:37:46,579 [pool-37-thread-1] INFO  server.RaftServerConfigKeys (ConfUtils.java:logGet(43)) - raft.server.log.statemachine.data.sync.timeout = 10s (default)
2019-10-20 18:37:46,579 [pool-37-thread-1] INFO  server.RaftServerConfigKeys (ConfUtils.java:logGet(43)) - raft.server.log.statemachine.data.sync.timeout.retry = -1 (default)
2019-10-20 18:37:46,580 [pool-37-thread-1] INFO  server.RaftServerConfigKeys (ConfUtils.java:logGet(43)) - raft.server.log.statemachine.data.caching.enabled = true (custom)
2019-10-20 18:37:46,580 [c90420fb-507e-4f39-9d1e-d32950a26e2a@group-99214B61A4ED-LeaderElection1] INFO  server.RaftServerConfigKeys (ConfUtils.java:logGet(43)) - raft.server.staging.catchup.gap = 1000 (default)
2019-10-20 18:37:46,580 [c90420fb-507e-4f39-9d1e-d32950a26e2a@group-99214B61A4ED-LeaderElection1] INFO  server.RaftServerConfigKeys (ConfUtils.java:logGet(43)) - raft.server.rpc.sleep.time = 25ms (default)
2019-10-20 18:37:46,580 [pool-37-thread-1] INFO  segmented.SegmentedRaftLogWorker (SegmentedRaftLogWorker.java:lambda$new$0(128)) - 7e7122d9-53dc-47a8-b6b6-c87fac616c81@group-4D7E28B49252-SegmentedRaftLogWorker: flushIndex: setUnconditionally 0 -> -1
2019-10-20 18:37:46,580 [pool-37-thread-1] INFO  server.RaftServerConfigKeys (ConfUtils.java:logGet(43)) - raft.server.snapshot.auto.trigger.enabled = true (custom)
2019-10-20 18:37:46,581 [pool-37-thread-1] INFO  server.RaftServerConfigKeys (ConfUtils.java:logGet(43)) - raft.server.snapshot.auto.trigger.threshold = 10000 (custom)
2019-10-20 18:37:46,581 [pool-37-thread-1] INFO  server.RaftServerConfigKeys (ConfUtils.java:logGet(43)) - raft.server.snapshot.retention.file.num = 5 (custom)
2019-10-20 18:37:46,581 [pool-37-thread-1] INFO  server.RaftServerConfigKeys (ConfUtils.java:logGet(43)) - raft.server.retrycache.expirytime = 600000ms (custom)
2019-10-20 18:37:46,585 [c90420fb-507e-4f39-9d1e-d32950a26e2a@group-99214B61A4ED-LeaderElection1] INFO  server.RaftServerConfigKeys (ConfUtils.java:logGet(43)) - raft.server.write.element-limit = 4096 (default)
2019-10-20 18:37:46,588 [c90420fb-507e-4f39-9d1e-d32950a26e2a@group-99214B61A4ED-LeaderElection1] INFO  server.RaftServerConfigKeys (ConfUtils.java:logGet(43)) - raft.server.watch.timeout = 10s (default)
2019-10-20 18:37:46,588 [c90420fb-507e-4f39-9d1e-d32950a26e2a@group-99214B61A4ED-LeaderElection1] INFO  server.RaftServerConfigKeys (ConfUtils.java:logGet(43)) - raft.server.watch.timeout.denomination = 1s (default)
2019-10-20 18:37:46,589 [c90420fb-507e-4f39-9d1e-d32950a26e2a@group-99214B61A4ED-LeaderElection1] INFO  server.RaftServerConfigKeys (ConfUtils.java:logGet(43)) - raft.server.watch.element-limit = 65536 (default)
2019-10-20 18:37:46,591 [pool-37-thread-1] INFO  impl.RaftServerImpl (RaftServerImpl.java:start(195)) - 7e7122d9-53dc-47a8-b6b6-c87fac616c81@group-4D7E28B49252: start as a follower, conf=-1: [7e7122d9-53dc-47a8-b6b6-c87fac616c81:192.168.164.253:46735], old=null
2019-10-20 18:37:46,591 [pool-37-thread-1] INFO  impl.RaftServerImpl (RaftServerImpl.java:setRole(184)) - 7e7122d9-53dc-47a8-b6b6-c87fac616c81@group-4D7E28B49252: changes role from      null to FOLLOWER at term 0 for startAsFollower
2019-10-20 18:37:46,591 [pool-37-thread-1] INFO  impl.RoleInfo (RoleInfo.java:updateAndGet(143)) - 7e7122d9-53dc-47a8-b6b6-c87fac616c81: start FollowerState
2019-10-20 18:37:46,592 [pool-37-thread-1] INFO  util.JmxRegister (JmxRegister.java:tryRegister(44)) - Successfully registered JMX Bean with object name Ratis:service=RaftServer,group=group-4D7E28B49252,id=7e7122d9-53dc-47a8-b6b6-c87fac616c81
2019-10-20 18:37:46,631 [RatisPipelineUtilsThread] INFO  pipeline.PipelineStateManager (PipelineStateManager.java:addPipeline(56)) - Created pipeline Pipeline[ Id: 2817875b-f138-438c-9942-4d7e28b49252, Nodes: 7e7122d9-53dc-47a8-b6b6-c87fac616c81{ip: 192.168.164.253, host: pr-hdds-2334-tv6s7-2530448917, networkLocation: /default-rack, certSerialId: null}, Type:RATIS, Factor:ONE, State:OPEN]
2019-10-20 18:37:46,633 [c90420fb-507e-4f39-9d1e-d32950a26e2a@group-99214B61A4ED-LeaderElection1] INFO  impl.RoleInfo (RoleInfo.java:updateAndGet(143)) - c90420fb-507e-4f39-9d1e-d32950a26e2a: start LeaderState
2019-10-20 18:37:46,647 [grpc-default-executor-0] INFO  impl.RaftServerProxy (RaftServerProxy.java:addNew(89)) - 5459e257-ccbc-435a-9427-c3c16be66685: addNew group-1E311EDCCE27:[5459e257-ccbc-435a-9427-c3c16be66685:192.168.164.253:45469] returns group-1E311EDCCE27:java.util.concurrent.CompletableFuture@40bf9a71[Not completed]
2019-10-20 18:37:46,648 [pool-47-thread-1] INFO  impl.RaftServerImpl (RaftServerImpl.java:<init>(104)) - 5459e257-ccbc-435a-9427-c3c16be66685: new RaftServerImpl for group-1E311EDCCE27:[5459e257-ccbc-435a-9427-c3c16be66685:192.168.164.253:45469] with ContainerStateMachine:uninitialized
2019-10-20 18:37:46,649 [pool-47-thread-1] INFO  server.RaftServerConfigKeys (ConfUtils.java:logGet(43)) - raft.server.rpc.timeout.min = 5s (custom)
2019-10-20 18:37:46,649 [pool-47-thread-1] INFO  server.RaftServerConfigKeys (ConfUtils.java:logGet(43)) - raft.server.rpc.timeout.max = 5200ms (custom)
2019-10-20 18:37:46,649 [pool-47-thread-1] INFO  server.RaftServerConfigKeys (ConfUtils.java:logGet(43)) - raft.server.rpcslowness.timeout = 1000s (custom)
2019-10-20 18:37:46,649 [pool-47-thread-1] INFO  server.RaftServerConfigKeys (ConfUtils.java:logGet(43)) - raft.server.sleep.deviation.threshold = 300 (default)
2019-10-20 18:37:46,649 [pool-47-thread-1] INFO  server.RaftServerConfigKeys (ConfUtils.java:logGet(43)) - raft.server.log.appender.install.snapshot.enabled = false (custom)
2019-10-20 18:37:46,650 [pool-47-thread-1] INFO  impl.RaftServerImpl (ServerState.java:<init>(103)) - 5459e257-ccbc-435a-9427-c3c16be66685@group-1E311EDCCE27: ConfigurationManager, init=-1: [5459e257-ccbc-435a-9427-c3c16be66685:192.168.164.253:45469], old=null, confs=<EMPTY_MAP>
2019-10-20 18:37:46,650 [pool-47-thread-1] INFO  server.RaftServerConfigKeys (ConfUtils.java:logGet(43)) - raft.server.storage.dir = [/workdir/hadoop-ozone/integration-test/target/test-dir/MiniOzoneClusterImpl-bb5c499c-1fef-4eeb-ae34-687819fae390/datanode-2/data/ratis] (custom)
2019-10-20 18:37:46,650 [pool-47-thread-1] INFO  server.RaftServerConfigKeys (ConfUtils.java:logGet(43)) - raft.server.log.corruption.policy = EXCEPTION (default)
2019-10-20 18:37:46,651 [pool-47-thread-1] INFO  storage.RaftStorageDirectory (RaftStorageDirectory.java:analyzeStorage(246)) - The storage directory /workdir/hadoop-ozone/integration-test/target/test-dir/MiniOzoneClusterImpl-bb5c499c-1fef-4eeb-ae34-687819fae390/datanode-2/data/ratis/e2c71821-6bb0-4ad2-8230-1e311edcce27 does not exist. Creating ...
2019-10-20 18:37:46,662 [c90420fb-507e-4f39-9d1e-d32950a26e2a@group-99214B61A4ED-LeaderElection1] INFO  segmented.SegmentedRaftLogWorker (SegmentedRaftLogWorker.java:startLogSegment(385)) - c90420fb-507e-4f39-9d1e-d32950a26e2a@group-99214B61A4ED-SegmentedRaftLogWorker: Starting segment from index:0
2019-10-20 18:37:46,669 [pool-47-thread-1] INFO  storage.RaftStorageDirectory (RaftStorageDirectory.java:tryLock(328)) - Lock on /workdir/hadoop-ozone/integration-test/target/test-dir/MiniOzoneClusterImpl-bb5c499c-1fef-4eeb-ae34-687819fae390/datanode-2/data/ratis/e2c71821-6bb0-4ad2-8230-1e311edcce27/in_use.lock acquired by nodename 8637@pr-hdds-2334-tv6s7-2530448917
2019-10-20 18:37:46,674 [c90420fb-507e-4f39-9d1e-d32950a26e2a@group-99214B61A4ED-LeaderElection1] INFO  impl.RaftServerImpl (ServerState.java:setRaftConf(357)) - c90420fb-507e-4f39-9d1e-d32950a26e2a@group-99214B61A4ED: set configuration 0: [c90420fb-507e-4f39-9d1e-d32950a26e2a:192.168.164.253:35682], old=null at 0
2019-10-20 18:37:46,696 [pool-47-thread-1] INFO  storage.RaftStorage (RaftStorage.java:format(84)) - Storage directory /workdir/hadoop-ozone/integration-test/target/test-dir/MiniOzoneClusterImpl-bb5c499c-1fef-4eeb-ae34-687819fae390/datanode-2/data/ratis/e2c71821-6bb0-4ad2-8230-1e311edcce27 has been successfully formatted.
2019-10-20 18:37:46,696 [pool-47-thread-1] INFO  ratis.ContainerStateMachine (ContainerStateMachine.java:loadSnapshot(231)) - group-1E311EDCCE27: The snapshot info is null. Setting the last applied indexto:(t:0, i:~)
2019-10-20 18:37:46,696 [pool-47-thread-1] INFO  server.RaftServerConfigKeys (ConfUtils.java:logGet(43)) - raft.server.notification.no-leader.timeout = 1000s (custom)
2019-10-20 18:37:46,696 [pool-47-thread-1] INFO  server.RaftServerConfigKeys (ConfUtils.java:logGet(43)) - raft.server.log.use.memory = false (default)
2019-10-20 18:37:46,696 [pool-47-thread-1] INFO  server.RaftServerConfigKeys (ConfUtils.java:logGet(43)) - raft.server.log.purge.gap = 1000000 (custom)
2019-10-20 18:37:46,697 [pool-47-thread-1] INFO  server.RaftServerConfigKeys (ConfUtils.java:logGet(43)) - raft.server.log.appender.buffer.byte-limit = 33554432 (custom)
2019-10-20 18:37:46,697 [pool-47-thread-1] INFO  server.RaftServerConfigKeys (ConfUtils.java:logGet(43)) - raft.server.log.segment.size.max = 1048576 (custom)
2019-10-20 18:37:46,700 [pool-47-thread-1] INFO  server.RaftServerConfigKeys (ConfUtils.java:logGet(43)) - raft.server.log.segment.cache.num.max = 2 (custom)
2019-10-20 18:37:46,700 [pool-47-thread-1] INFO  segmented.SegmentedRaftLogWorker (SegmentedRaftLogWorker.java:<init>(173)) - new 5459e257-ccbc-435a-9427-c3c16be66685@group-1E311EDCCE27-SegmentedRaftLogWorker for RaftStorage:Storage Directory /workdir/hadoop-ozone/integration-test/target/test-dir/MiniOzoneClusterImpl-bb5c499c-1fef-4eeb-ae34-687819fae390/datanode-2/data/ratis/e2c71821-6bb0-4ad2-8230-1e311edcce27
2019-10-20 18:37:46,700 [pool-47-thread-1] INFO  server.RaftServerConfigKeys (ConfUtils.java:logGet(43)) - raft.server.log.queue.byte-limit = 2147483647 (custom)
2019-10-20 18:37:46,700 [pool-47-thread-1] INFO  server.RaftServerConfigKeys (ConfUtils.java:logGet(43)) - raft.server.log.queue.element-limit = 1024 (custom)
2019-10-20 18:37:46,700 [pool-47-thread-1] INFO  server.RaftServerConfigKeys (ConfUtils.java:logGet(43)) - raft.server.log.segment.size.max = 1048576 (custom)
2019-10-20 18:37:46,701 [pool-47-thread-1] INFO  server.RaftServerConfigKeys (ConfUtils.java:logGet(43)) - raft.server.log.preallocated.size = 16384 (custom)
2019-10-20 18:37:46,701 [pool-47-thread-1] INFO  server.RaftServerConfigKeys (ConfUtils.java:logGet(43)) - raft.server.log.write.buffer.size = 33554432 (custom)
2019-10-20 18:37:46,701 [pool-47-thread-1] INFO  server.RaftServerConfigKeys (ConfUtils.java:logGet(43)) - raft.server.log.force.sync.num = 128 (default)
2019-10-20 18:37:46,701 [pool-47-thread-1] INFO  server.RaftServerConfigKeys (ConfUtils.java:logGet(43)) - raft.server.log.statemachine.data.sync = true (default)
2019-10-20 18:37:46,701 [pool-47-thread-1] INFO  server.RaftServerConfigKeys (ConfUtils.java:logGet(43)) - raft.server.log.statemachine.data.sync.timeout = 10s (default)
2019-10-20 18:37:46,701 [pool-47-thread-1] INFO  server.RaftServerConfigKeys (ConfUtils.java:logGet(43)) - raft.server.log.statemachine.data.sync.timeout.retry = -1 (default)
2019-10-20 18:37:46,702 [pool-47-thread-1] INFO  server.RaftServerConfigKeys (ConfUtils.java:logGet(43)) - raft.server.log.statemachine.data.caching.enabled = true (custom)
2019-10-20 18:37:46,702 [pool-47-thread-1] INFO  segmented.SegmentedRaftLogWorker (SegmentedRaftLogWorker.java:lambda$new$0(128)) - 5459e257-ccbc-435a-9427-c3c16be66685@group-1E311EDCCE27-SegmentedRaftLogWorker: flushIndex: setUnconditionally 0 -> -1
2019-10-20 18:37:46,702 [pool-47-thread-1] INFO  server.RaftServerConfigKeys (ConfUtils.java:logGet(43)) - raft.server.snapshot.auto.trigger.enabled = true (custom)
2019-10-20 18:37:46,703 [pool-47-thread-1] INFO  server.RaftServerConfigKeys (ConfUtils.java:logGet(43)) - raft.server.snapshot.auto.trigger.threshold = 10000 (custom)
2019-10-20 18:37:46,703 [pool-47-thread-1] INFO  server.RaftServerConfigKeys (ConfUtils.java:logGet(43)) - raft.server.snapshot.retention.file.num = 5 (custom)
2019-10-20 18:37:46,703 [pool-47-thread-1] INFO  server.RaftServerConfigKeys (ConfUtils.java:logGet(43)) - raft.server.retrycache.expirytime = 600000ms (custom)
2019-10-20 18:37:46,708 [pool-47-thread-1] INFO  impl.RaftServerImpl (RaftServerImpl.java:start(195)) - 5459e257-ccbc-435a-9427-c3c16be66685@group-1E311EDCCE27: start as a follower, conf=-1: [5459e257-ccbc-435a-9427-c3c16be66685:192.168.164.253:45469], old=null
2019-10-20 18:37:46,708 [pool-47-thread-1] INFO  impl.RaftServerImpl (RaftServerImpl.java:setRole(184)) - 5459e257-ccbc-435a-9427-c3c16be66685@group-1E311EDCCE27: changes role from      null to FOLLOWER at term 0 for startAsFollower
2019-10-20 18:37:46,708 [pool-47-thread-1] INFO  impl.RoleInfo (RoleInfo.java:updateAndGet(143)) - 5459e257-ccbc-435a-9427-c3c16be66685: start FollowerState
2019-10-20 18:37:46,709 [pool-47-thread-1] INFO  util.JmxRegister (JmxRegister.java:tryRegister(44)) - Successfully registered JMX Bean with object name Ratis:service=RaftServer,group=group-1E311EDCCE27,id=5459e257-ccbc-435a-9427-c3c16be66685
2019-10-20 18:37:46,721 [RatisPipelineUtilsThread] INFO  pipeline.PipelineStateManager (PipelineStateManager.java:addPipeline(56)) - Created pipeline Pipeline[ Id: e2c71821-6bb0-4ad2-8230-1e311edcce27, Nodes: 5459e257-ccbc-435a-9427-c3c16be66685{ip: 192.168.164.253, host: pr-hdds-2334-tv6s7-2530448917, networkLocation: /default-rack, certSerialId: null}, Type:RATIS, Factor:ONE, State:OPEN]
2019-10-20 18:37:46,749 [grpc-default-executor-1] INFO  impl.RaftServerProxy (RaftServerProxy.java:addNew(89)) - c90420fb-507e-4f39-9d1e-d32950a26e2a: addNew group-8B8FE5B4B5B0:[7e7122d9-53dc-47a8-b6b6-c87fac616c81:192.168.164.253:46735, c90420fb-507e-4f39-9d1e-d32950a26e2a:192.168.164.253:35682, 5459e257-ccbc-435a-9427-c3c16be66685:192.168.164.253:45469] returns group-8B8FE5B4B5B0:java.util.concurrent.CompletableFuture@5dd3ef4c[Not completed]
2019-10-20 18:37:46,750 [grpc-default-executor-2] INFO  impl.RaftServerProxy (RaftServerProxy.java:addNew(89)) - 7e7122d9-53dc-47a8-b6b6-c87fac616c81: addNew group-8B8FE5B4B5B0:[7e7122d9-53dc-47a8-b6b6-c87fac616c81:192.168.164.253:46735, c90420fb-507e-4f39-9d1e-d32950a26e2a:192.168.164.253:35682, 5459e257-ccbc-435a-9427-c3c16be66685:192.168.164.253:45469] returns group-8B8FE5B4B5B0:java.util.concurrent.CompletableFuture@21b2ef36[Not completed]
2019-10-20 18:37:46,751 [grpc-default-executor-0] INFO  impl.RaftServerProxy (RaftServerProxy.java:addNew(89)) - 5459e257-ccbc-435a-9427-c3c16be66685: addNew group-8B8FE5B4B5B0:[7e7122d9-53dc-47a8-b6b6-c87fac616c81:192.168.164.253:46735, c90420fb-507e-4f39-9d1e-d32950a26e2a:192.168.164.253:35682, 5459e257-ccbc-435a-9427-c3c16be66685:192.168.164.253:45469] returns group-8B8FE5B4B5B0:java.util.concurrent.CompletableFuture@578bb15f[Not completed]
2019-10-20 18:37:46,751 [pool-27-thread-1] INFO  impl.RaftServerImpl (RaftServerImpl.java:<init>(104)) - c90420fb-507e-4f39-9d1e-d32950a26e2a: new RaftServerImpl for group-8B8FE5B4B5B0:[7e7122d9-53dc-47a8-b6b6-c87fac616c81:192.168.164.253:46735, c90420fb-507e-4f39-9d1e-d32950a26e2a:192.168.164.253:35682, 5459e257-ccbc-435a-9427-c3c16be66685:192.168.164.253:45469] with ContainerStateMachine:uninitialized
2019-10-20 18:37:46,751 [pool-27-thread-1] INFO  server.RaftServerConfigKeys (ConfUtils.java:logGet(43)) - raft.server.rpc.timeout.min = 5s (custom)
2019-10-20 18:37:46,751 [pool-27-thread-1] INFO  server.RaftServerConfigKeys (ConfUtils.java:logGet(43)) - raft.server.rpc.timeout.max = 5200ms (custom)
2019-10-20 18:37:46,752 [pool-27-thread-1] INFO  server.RaftServerConfigKeys (ConfUtils.java:logGet(43)) - raft.server.rpcslowness.timeout = 1000s (custom)
2019-10-20 18:37:46,752 [pool-27-thread-1] INFO  server.RaftServerConfigKeys (ConfUtils.java:logGet(43)) - raft.server.sleep.deviation.threshold = 300 (default)
2019-10-20 18:37:46,752 [pool-27-thread-1] INFO  server.RaftServerConfigKeys (ConfUtils.java:logGet(43)) - raft.server.log.appender.install.snapshot.enabled = false (custom)
2019-10-20 18:37:46,752 [pool-27-thread-1] INFO  impl.RaftServerImpl (ServerState.java:<init>(103)) - c90420fb-507e-4f39-9d1e-d32950a26e2a@group-8B8FE5B4B5B0: ConfigurationManager, init=-1: [7e7122d9-53dc-47a8-b6b6-c87fac616c81:192.168.164.253:46735, c90420fb-507e-4f39-9d1e-d32950a26e2a:192.168.164.253:35682, 5459e257-ccbc-435a-9427-c3c16be66685:192.168.164.253:45469], old=null, confs=<EMPTY_MAP>
2019-10-20 18:37:46,752 [pool-47-thread-1] INFO  impl.RaftServerImpl (RaftServerImpl.java:<init>(104)) - 5459e257-ccbc-435a-9427-c3c16be66685: new RaftServerImpl for group-8B8FE5B4B5B0:[7e7122d9-53dc-47a8-b6b6-c87fac616c81:192.168.164.253:46735, c90420fb-507e-4f39-9d1e-d32950a26e2a:192.168.164.253:35682, 5459e257-ccbc-435a-9427-c3c16be66685:192.168.164.253:45469] with ContainerStateMachine:uninitialized
2019-10-20 18:37:46,752 [pool-27-thread-1] INFO  server.RaftServerConfigKeys (ConfUtils.java:logGet(43)) - raft.server.storage.dir = [/workdir/hadoop-ozone/integration-test/target/test-dir/MiniOzoneClusterImpl-bb5c499c-1fef-4eeb-ae34-687819fae390/datanode-0/data/ratis] (custom)
2019-10-20 18:37:46,752 [pool-47-thread-1] INFO  server.RaftServerConfigKeys (ConfUtils.java:logGet(43)) - raft.server.rpc.timeout.min = 5s (custom)
2019-10-20 18:37:46,752 [pool-47-thread-1] INFO  server.RaftServerConfigKeys (ConfUtils.java:logGet(43)) - raft.server.rpc.timeout.max = 5200ms (custom)
2019-10-20 18:37:46,752 [pool-27-thread-1] INFO  server.RaftServerConfigKeys (ConfUtils.java:logGet(43)) - raft.server.log.corruption.policy = EXCEPTION (default)
2019-10-20 18:37:46,752 [pool-47-thread-1] INFO  server.RaftServerConfigKeys (ConfUtils.java:logGet(43)) - raft.server.rpcslowness.timeout = 1000s (custom)
2019-10-20 18:37:46,752 [pool-27-thread-1] INFO  storage.RaftStorageDirectory (RaftStorageDirectory.java:analyzeStorage(246)) - The storage directory /workdir/hadoop-ozone/integration-test/target/test-dir/MiniOzoneClusterImpl-bb5c499c-1fef-4eeb-ae34-687819fae390/datanode-0/data/ratis/e053cdee-5b19-4be2-866a-8b8fe5b4b5b0 does not exist. Creating ...
2019-10-20 18:37:46,753 [pool-47-thread-1] INFO  server.RaftServerConfigKeys (ConfUtils.java:logGet(43)) - raft.server.sleep.deviation.threshold = 300 (default)
2019-10-20 18:37:46,753 [pool-47-thread-1] INFO  server.RaftServerConfigKeys (ConfUtils.java:logGet(43)) - raft.server.log.appender.install.snapshot.enabled = false (custom)
2019-10-20 18:37:46,753 [pool-47-thread-1] INFO  impl.RaftServerImpl (ServerState.java:<init>(103)) - 5459e257-ccbc-435a-9427-c3c16be66685@group-8B8FE5B4B5B0: ConfigurationManager, init=-1: [7e7122d9-53dc-47a8-b6b6-c87fac616c81:192.168.164.253:46735, c90420fb-507e-4f39-9d1e-d32950a26e2a:192.168.164.253:35682, 5459e257-ccbc-435a-9427-c3c16be66685:192.168.164.253:45469], old=null, confs=<EMPTY_MAP>
2019-10-20 18:37:46,753 [pool-47-thread-1] INFO  server.RaftServerConfigKeys (ConfUtils.java:logGet(43)) - raft.server.storage.dir = [/workdir/hadoop-ozone/integration-test/target/test-dir/MiniOzoneClusterImpl-bb5c499c-1fef-4eeb-ae34-687819fae390/datanode-2/data/ratis] (custom)
2019-10-20 18:37:46,753 [pool-37-thread-1] INFO  impl.RaftServerImpl (RaftServerImpl.java:<init>(104)) - 7e7122d9-53dc-47a8-b6b6-c87fac616c81: new RaftServerImpl for group-8B8FE5B4B5B0:[7e7122d9-53dc-47a8-b6b6-c87fac616c81:192.168.164.253:46735, c90420fb-507e-4f39-9d1e-d32950a26e2a:192.168.164.253:35682, 5459e257-ccbc-435a-9427-c3c16be66685:192.168.164.253:45469] with ContainerStateMachine:uninitialized
2019-10-20 18:37:46,753 [pool-47-thread-1] INFO  server.RaftServerConfigKeys (ConfUtils.java:logGet(43)) - raft.server.log.corruption.policy = EXCEPTION (default)
2019-10-20 18:37:46,753 [pool-37-thread-1] INFO  server.RaftServerConfigKeys (ConfUtils.java:logGet(43)) - raft.server.rpc.timeout.min = 5s (custom)
2019-10-20 18:37:46,753 [pool-47-thread-1] INFO  storage.RaftStorageDirectory (RaftStorageDirectory.java:analyzeStorage(246)) - The storage directory /workdir/hadoop-ozone/integration-test/target/test-dir/MiniOzoneClusterImpl-bb5c499c-1fef-4eeb-ae34-687819fae390/datanode-2/data/ratis/e053cdee-5b19-4be2-866a-8b8fe5b4b5b0 does not exist. Creating ...
2019-10-20 18:37:46,753 [pool-37-thread-1] INFO  server.RaftServerConfigKeys (ConfUtils.java:logGet(43)) - raft.server.rpc.timeout.max = 5200ms (custom)
2019-10-20 18:37:46,754 [pool-37-thread-1] INFO  server.RaftServerConfigKeys (ConfUtils.java:logGet(43)) - raft.server.rpcslowness.timeout = 1000s (custom)
2019-10-20 18:37:46,754 [pool-37-thread-1] INFO  server.RaftServerConfigKeys (ConfUtils.java:logGet(43)) - raft.server.sleep.deviation.threshold = 300 (default)
2019-10-20 18:37:46,754 [pool-37-thread-1] INFO  server.RaftServerConfigKeys (ConfUtils.java:logGet(43)) - raft.server.log.appender.install.snapshot.enabled = false (custom)
2019-10-20 18:37:46,754 [pool-37-thread-1] INFO  impl.RaftServerImpl (ServerState.java:<init>(103)) - 7e7122d9-53dc-47a8-b6b6-c87fac616c81@group-8B8FE5B4B5B0: ConfigurationManager, init=-1: [7e7122d9-53dc-47a8-b6b6-c87fac616c81:192.168.164.253:46735, c90420fb-507e-4f39-9d1e-d32950a26e2a:192.168.164.253:35682, 5459e257-ccbc-435a-9427-c3c16be66685:192.168.164.253:45469], old=null, confs=<EMPTY_MAP>
2019-10-20 18:37:46,754 [pool-37-thread-1] INFO  server.RaftServerConfigKeys (ConfUtils.java:logGet(43)) - raft.server.storage.dir = [/workdir/hadoop-ozone/integration-test/target/test-dir/MiniOzoneClusterImpl-bb5c499c-1fef-4eeb-ae34-687819fae390/datanode-1/data/ratis] (custom)
2019-10-20 18:37:46,755 [pool-37-thread-1] INFO  server.RaftServerConfigKeys (ConfUtils.java:logGet(43)) - raft.server.log.corruption.policy = EXCEPTION (default)
2019-10-20 18:37:46,755 [pool-37-thread-1] INFO  storage.RaftStorageDirectory (RaftStorageDirectory.java:analyzeStorage(246)) - The storage directory /workdir/hadoop-ozone/integration-test/target/test-dir/MiniOzoneClusterImpl-bb5c499c-1fef-4eeb-ae34-687819fae390/datanode-1/data/ratis/e053cdee-5b19-4be2-866a-8b8fe5b4b5b0 does not exist. Creating ...
2019-10-20 18:37:46,779 [Thread-191] INFO  impl.FollowerState (FollowerState.java:run(108)) - 7e7122d9-53dc-47a8-b6b6-c87fac616c81@group-4D7E28B49252-FollowerState: change to CANDIDATE, lastRpcTime:187ms, electionTimeout:187ms
2019-10-20 18:37:46,779 [Thread-191] INFO  impl.RoleInfo (RoleInfo.java:shutdownFollowerState(121)) - 7e7122d9-53dc-47a8-b6b6-c87fac616c81: shutdown FollowerState
2019-10-20 18:37:46,780 [Thread-191] INFO  impl.RaftServerImpl (RaftServerImpl.java:setRole(184)) - 7e7122d9-53dc-47a8-b6b6-c87fac616c81@group-4D7E28B49252: changes role from  FOLLOWER to CANDIDATE at term 0 for changeToCandidate
2019-10-20 18:37:46,780 [Thread-191] INFO  impl.RoleInfo (RoleInfo.java:updateAndGet(143)) - 7e7122d9-53dc-47a8-b6b6-c87fac616c81: start LeaderElection
2019-10-20 18:37:46,780 [pool-47-thread-1] INFO  storage.RaftStorageDirectory (RaftStorageDirectory.java:tryLock(328)) - Lock on /workdir/hadoop-ozone/integration-test/target/test-dir/MiniOzoneClusterImpl-bb5c499c-1fef-4eeb-ae34-687819fae390/datanode-2/data/ratis/e053cdee-5b19-4be2-866a-8b8fe5b4b5b0/in_use.lock acquired by nodename 8637@pr-hdds-2334-tv6s7-2530448917
2019-10-20 18:37:46,780 [pool-37-thread-1] INFO  storage.RaftStorageDirectory (RaftStorageDirectory.java:tryLock(328)) - Lock on /workdir/hadoop-ozone/integration-test/target/test-dir/MiniOzoneClusterImpl-bb5c499c-1fef-4eeb-ae34-687819fae390/datanode-1/data/ratis/e053cdee-5b19-4be2-866a-8b8fe5b4b5b0/in_use.lock acquired by nodename 8637@pr-hdds-2334-tv6s7-2530448917
2019-10-20 18:37:46,780 [pool-27-thread-1] INFO  storage.RaftStorageDirectory (RaftStorageDirectory.java:tryLock(328)) - Lock on /workdir/hadoop-ozone/integration-test/target/test-dir/MiniOzoneClusterImpl-bb5c499c-1fef-4eeb-ae34-687819fae390/datanode-0/data/ratis/e053cdee-5b19-4be2-866a-8b8fe5b4b5b0/in_use.lock acquired by nodename 8637@pr-hdds-2334-tv6s7-2530448917
2019-10-20 18:37:46,806 [pool-27-thread-1] INFO  storage.RaftStorage (RaftStorage.java:format(84)) - Storage directory /workdir/hadoop-ozone/integration-test/target/test-dir/MiniOzoneClusterImpl-bb5c499c-1fef-4eeb-ae34-687819fae390/datanode-0/data/ratis/e053cdee-5b19-4be2-866a-8b8fe5b4b5b0 has been successfully formatted.
2019-10-20 18:37:46,806 [pool-47-thread-1] INFO  storage.RaftStorage (RaftStorage.java:format(84)) - Storage directory /workdir/hadoop-ozone/integration-test/target/test-dir/MiniOzoneClusterImpl-bb5c499c-1fef-4eeb-ae34-687819fae390/datanode-2/data/ratis/e053cdee-5b19-4be2-866a-8b8fe5b4b5b0 has been successfully formatted.
2019-10-20 18:37:46,806 [7e7122d9-53dc-47a8-b6b6-c87fac616c81@group-4D7E28B49252-LeaderElection2] INFO  impl.LeaderElection (LeaderElection.java:askForVotes(178)) - 7e7122d9-53dc-47a8-b6b6-c87fac616c81@group-4D7E28B49252-LeaderElection2: begin an election at term 1 for -1: [7e7122d9-53dc-47a8-b6b6-c87fac616c81:192.168.164.253:46735], old=null
2019-10-20 18:37:46,806 [pool-37-thread-1] INFO  storage.RaftStorage (RaftStorage.java:format(84)) - Storage directory /workdir/hadoop-ozone/integration-test/target/test-dir/MiniOzoneClusterImpl-bb5c499c-1fef-4eeb-ae34-687819fae390/datanode-1/data/ratis/e053cdee-5b19-4be2-866a-8b8fe5b4b5b0 has been successfully formatted.
2019-10-20 18:37:46,807 [7e7122d9-53dc-47a8-b6b6-c87fac616c81@group-4D7E28B49252-LeaderElection2] INFO  impl.RoleInfo (RoleInfo.java:shutdownLeaderElection(134)) - 7e7122d9-53dc-47a8-b6b6-c87fac616c81: shutdown LeaderElection
2019-10-20 18:37:46,807 [pool-27-thread-1] INFO  ratis.ContainerStateMachine (ContainerStateMachine.java:loadSnapshot(231)) - group-8B8FE5B4B5B0: The snapshot info is null. Setting the last applied indexto:(t:0, i:~)
2019-10-20 18:37:46,807 [7e7122d9-53dc-47a8-b6b6-c87fac616c81@group-4D7E28B49252-LeaderElection2] INFO  impl.RaftServerImpl (RaftServerImpl.java:setRole(184)) - 7e7122d9-53dc-47a8-b6b6-c87fac616c81@group-4D7E28B49252: changes role from CANDIDATE to LEADER at term 1 for changeToLeader
2019-10-20 18:37:46,807 [pool-47-thread-1] INFO  ratis.ContainerStateMachine (ContainerStateMachine.java:loadSnapshot(231)) - group-8B8FE5B4B5B0: The snapshot info is null. Setting the last applied indexto:(t:0, i:~)
2019-10-20 18:37:46,808 [7e7122d9-53dc-47a8-b6b6-c87fac616c81@group-4D7E28B49252-LeaderElection2] INFO  impl.RaftServerImpl (ServerState.java:setLeader(256)) - 7e7122d9-53dc-47a8-b6b6-c87fac616c81@group-4D7E28B49252: change Leader from null to 7e7122d9-53dc-47a8-b6b6-c87fac616c81 at term 1 for becomeLeader, leader elected after 237ms
2019-10-20 18:37:46,808 [pool-47-thread-1] INFO  server.RaftServerConfigKeys (ConfUtils.java:logGet(43)) - raft.server.notification.no-leader.timeout = 1000s (custom)
2019-10-20 18:37:46,808 [pool-27-thread-1] INFO  server.RaftServerConfigKeys (ConfUtils.java:logGet(43)) - raft.server.notification.no-leader.timeout = 1000s (custom)
2019-10-20 18:37:46,808 [pool-37-thread-1] INFO  ratis.ContainerStateMachine (ContainerStateMachine.java:loadSnapshot(231)) - group-8B8FE5B4B5B0: The snapshot info is null. Setting the last applied indexto:(t:0, i:~)
2019-10-20 18:37:46,808 [pool-27-thread-1] INFO  server.RaftServerConfigKeys (ConfUtils.java:logGet(43)) - raft.server.log.use.memory = false (default)
2019-10-20 18:37:46,808 [pool-47-thread-1] INFO  server.RaftServerConfigKeys (ConfUtils.java:logGet(43)) - raft.server.log.use.memory = false (default)
2019-10-20 18:37:46,808 [7e7122d9-53dc-47a8-b6b6-c87fac616c81@group-4D7E28B49252-LeaderElection2] INFO  server.RaftServerConfigKeys (ConfUtils.java:logGet(43)) - raft.server.staging.catchup.gap = 1000 (default)
2019-10-20 18:37:46,808 [pool-47-thread-1] INFO  server.RaftServerConfigKeys (ConfUtils.java:logGet(43)) - raft.server.log.purge.gap = 1000000 (custom)
2019-10-20 18:37:46,808 [pool-27-thread-1] INFO  server.RaftServerConfigKeys (ConfUtils.java:logGet(43)) - raft.server.log.purge.gap = 1000000 (custom)
2019-10-20 18:37:46,808 [pool-37-thread-1] INFO  server.RaftServerConfigKeys (ConfUtils.java:logGet(43)) - raft.server.notification.no-leader.timeout = 1000s (custom)
2019-10-20 18:37:46,809 [pool-27-thread-1] INFO  server.RaftServerConfigKeys (ConfUtils.java:logGet(43)) - raft.server.log.appender.buffer.byte-limit = 33554432 (custom)
2019-10-20 18:37:46,809 [pool-47-thread-1] INFO  server.RaftServerConfigKeys (ConfUtils.java:logGet(43)) - raft.server.log.appender.buffer.byte-limit = 33554432 (custom)
2019-10-20 18:37:46,809 [7e7122d9-53dc-47a8-b6b6-c87fac616c81@group-4D7E28B49252-LeaderElection2] INFO  server.RaftServerConfigKeys (ConfUtils.java:logGet(43)) - raft.server.rpc.sleep.time = 25ms (default)
2019-10-20 18:37:46,809 [pool-47-thread-1] INFO  server.RaftServerConfigKeys (ConfUtils.java:logGet(43)) - raft.server.log.segment.size.max = 1048576 (custom)
2019-10-20 18:37:46,809 [pool-27-thread-1] INFO  server.RaftServerConfigKeys (ConfUtils.java:logGet(43)) - raft.server.log.segment.size.max = 1048576 (custom)
2019-10-20 18:37:46,809 [pool-37-thread-1] INFO  server.RaftServerConfigKeys (ConfUtils.java:logGet(43)) - raft.server.log.use.memory = false (default)
2019-10-20 18:37:46,809 [pool-27-thread-1] INFO  server.RaftServerConfigKeys (ConfUtils.java:logGet(43)) - raft.server.log.segment.cache.num.max = 2 (custom)
2019-10-20 18:37:46,809 [pool-47-thread-1] INFO  server.RaftServerConfigKeys (ConfUtils.java:logGet(43)) - raft.server.log.segment.cache.num.max = 2 (custom)
2019-10-20 18:37:46,809 [7e7122d9-53dc-47a8-b6b6-c87fac616c81@group-4D7E28B49252-LeaderElection2] INFO  server.RaftServerConfigKeys (ConfUtils.java:logGet(43)) - raft.server.write.element-limit = 4096 (default)
2019-10-20 18:37:46,810 [pool-47-thread-1] INFO  segmented.SegmentedRaftLogWorker (SegmentedRaftLogWorker.java:<init>(173)) - new 5459e257-ccbc-435a-9427-c3c16be66685@group-8B8FE5B4B5B0-SegmentedRaftLogWorker for RaftStorage:Storage Directory /workdir/hadoop-ozone/integration-test/target/test-dir/MiniOzoneClusterImpl-bb5c499c-1fef-4eeb-ae34-687819fae390/datanode-2/data/ratis/e053cdee-5b19-4be2-866a-8b8fe5b4b5b0
2019-10-20 18:37:46,809 [pool-27-thread-1] INFO  segmented.SegmentedRaftLogWorker (SegmentedRaftLogWorker.java:<init>(173)) - new c90420fb-507e-4f39-9d1e-d32950a26e2a@group-8B8FE5B4B5B0-SegmentedRaftLogWorker for RaftStorage:Storage Directory /workdir/hadoop-ozone/integration-test/target/test-dir/MiniOzoneClusterImpl-bb5c499c-1fef-4eeb-ae34-687819fae390/datanode-0/data/ratis/e053cdee-5b19-4be2-866a-8b8fe5b4b5b0
2019-10-20 18:37:46,809 [pool-37-thread-1] INFO  server.RaftServerConfigKeys (ConfUtils.java:logGet(43)) - raft.server.log.purge.gap = 1000000 (custom)
2019-10-20 18:37:46,810 [pool-27-thread-1] INFO  server.RaftServerConfigKeys (ConfUtils.java:logGet(43)) - raft.server.log.queue.byte-limit = 2147483647 (custom)
2019-10-20 18:37:46,810 [pool-47-thread-1] INFO  server.RaftServerConfigKeys (ConfUtils.java:logGet(43)) - raft.server.log.queue.byte-limit = 2147483647 (custom)
2019-10-20 18:37:46,810 [7e7122d9-53dc-47a8-b6b6-c87fac616c81@group-4D7E28B49252-LeaderElection2] INFO  server.RaftServerConfigKeys (ConfUtils.java:logGet(43)) - raft.server.watch.timeout = 10s (default)
2019-10-20 18:37:46,810 [pool-47-thread-1] INFO  server.RaftServerConfigKeys (ConfUtils.java:logGet(43)) - raft.server.log.queue.element-limit = 1024 (custom)
2019-10-20 18:37:46,810 [pool-27-thread-1] INFO  server.RaftServerConfigKeys (ConfUtils.java:logGet(43)) - raft.server.log.queue.element-limit = 1024 (custom)
2019-10-20 18:37:46,810 [pool-37-thread-1] INFO  server.RaftServerConfigKeys (ConfUtils.java:logGet(43)) - raft.server.log.appender.buffer.byte-limit = 33554432 (custom)
2019-10-20 18:37:46,811 [pool-27-thread-1] INFO  server.RaftServerConfigKeys (ConfUtils.java:logGet(43)) - raft.server.log.segment.size.max = 1048576 (custom)
2019-10-20 18:37:46,811 [pool-47-thread-1] INFO  server.RaftServerConfigKeys (ConfUtils.java:logGet(43)) - raft.server.log.segment.size.max = 1048576 (custom)
2019-10-20 18:37:46,810 [7e7122d9-53dc-47a8-b6b6-c87fac616c81@group-4D7E28B49252-LeaderElection2] INFO  server.RaftServerConfigKeys (ConfUtils.java:logGet(43)) - raft.server.watch.timeout.denomination = 1s (default)
2019-10-20 18:37:46,811 [pool-47-thread-1] INFO  server.RaftServerConfigKeys (ConfUtils.java:logGet(43)) - raft.server.log.preallocated.size = 16384 (custom)
2019-10-20 18:37:46,811 [pool-27-thread-1] INFO  server.RaftServerConfigKeys (ConfUtils.java:logGet(43)) - raft.server.log.preallocated.size = 16384 (custom)
2019-10-20 18:37:46,811 [pool-37-thread-1] INFO  server.RaftServerConfigKeys (ConfUtils.java:logGet(43)) - raft.server.log.segment.size.max = 1048576 (custom)
2019-10-20 18:37:46,811 [pool-27-thread-1] INFO  server.RaftServerConfigKeys (ConfUtils.java:logGet(43)) - raft.server.log.write.buffer.size = 33554432 (custom)
2019-10-20 18:37:46,811 [pool-47-thread-1] INFO  server.RaftServerConfigKeys (ConfUtils.java:logGet(43)) - raft.server.log.write.buffer.size = 33554432 (custom)
2019-10-20 18:37:46,811 [7e7122d9-53dc-47a8-b6b6-c87fac616c81@group-4D7E28B49252-LeaderElection2] INFO  server.RaftServerConfigKeys (ConfUtils.java:logGet(43)) - raft.server.watch.element-limit = 65536 (default)
2019-10-20 18:37:46,812 [pool-47-thread-1] INFO  server.RaftServerConfigKeys (ConfUtils.java:logGet(43)) - raft.server.log.force.sync.num = 128 (default)
2019-10-20 18:37:46,811 [pool-27-thread-1] INFO  server.RaftServerConfigKeys (ConfUtils.java:logGet(43)) - raft.server.log.force.sync.num = 128 (default)
2019-10-20 18:37:46,811 [pool-37-thread-1] INFO  server.RaftServerConfigKeys (ConfUtils.java:logGet(43)) - raft.server.log.segment.cache.num.max = 2 (custom)
2019-10-20 18:37:46,812 [pool-27-thread-1] INFO  server.RaftServerConfigKeys (ConfUtils.java:logGet(43)) - raft.server.log.statemachine.data.sync = true (default)
2019-10-20 18:37:46,812 [pool-47-thread-1] INFO  server.RaftServerConfigKeys (ConfUtils.java:logGet(43)) - raft.server.log.statemachine.data.sync = true (default)
2019-10-20 18:37:46,812 [pool-27-thread-1] INFO  server.RaftServerConfigKeys (ConfUtils.java:logGet(43)) - raft.server.log.statemachine.data.sync.timeout = 10s (default)
2019-10-20 18:37:46,812 [pool-37-thread-1] INFO  segmented.SegmentedRaftLogWorker (SegmentedRaftLogWorker.java:<init>(173)) - new 7e7122d9-53dc-47a8-b6b6-c87fac616c81@group-8B8FE5B4B5B0-SegmentedRaftLogWorker for RaftStorage:Storage Directory /workdir/hadoop-ozone/integration-test/target/test-dir/MiniOzoneClusterImpl-bb5c499c-1fef-4eeb-ae34-687819fae390/datanode-1/data/ratis/e053cdee-5b19-4be2-866a-8b8fe5b4b5b0
2019-10-20 18:37:46,812 [pool-47-thread-1] INFO  server.RaftServerConfigKeys (ConfUtils.java:logGet(43)) - raft.server.log.statemachine.data.sync.timeout = 10s (default)
2019-10-20 18:37:46,813 [pool-37-thread-1] INFO  server.RaftServerConfigKeys (ConfUtils.java:logGet(43)) - raft.server.log.queue.byte-limit = 2147483647 (custom)
2019-10-20 18:37:46,812 [pool-27-thread-1] INFO  server.RaftServerConfigKeys (ConfUtils.java:logGet(43)) - raft.server.log.statemachine.data.sync.timeout.retry = -1 (default)
2019-10-20 18:37:46,813 [pool-37-thread-1] INFO  server.RaftServerConfigKeys (ConfUtils.java:logGet(43)) - raft.server.log.queue.element-limit = 1024 (custom)
2019-10-20 18:37:46,813 [pool-47-thread-1] INFO  server.RaftServerConfigKeys (ConfUtils.java:logGet(43)) - raft.server.log.statemachine.data.sync.timeout.retry = -1 (default)
2019-10-20 18:37:46,813 [pool-37-thread-1] INFO  server.RaftServerConfigKeys (ConfUtils.java:logGet(43)) - raft.server.log.segment.size.max = 1048576 (custom)
2019-10-20 18:37:46,813 [pool-27-thread-1] INFO  server.RaftServerConfigKeys (ConfUtils.java:logGet(43)) - raft.server.log.statemachine.data.caching.enabled = true (custom)
2019-10-20 18:37:46,813 [pool-47-thread-1] INFO  server.RaftServerConfigKeys (ConfUtils.java:logGet(43)) - raft.server.log.statemachine.data.caching.enabled = true (custom)
2019-10-20 18:37:46,813 [pool-37-thread-1] INFO  server.RaftServerConfigKeys (ConfUtils.java:logGet(43)) - raft.server.log.preallocated.size = 16384 (custom)
2019-10-20 18:37:46,813 [pool-27-thread-1] INFO  segmented.SegmentedRaftLogWorker (SegmentedRaftLogWorker.java:lambda$new$0(128)) - c90420fb-507e-4f39-9d1e-d32950a26e2a@group-8B8FE5B4B5B0-SegmentedRaftLogWorker: flushIndex: setUnconditionally 0 -> -1
2019-10-20 18:37:46,814 [pool-37-thread-1] INFO  server.RaftServerConfigKeys (ConfUtils.java:logGet(43)) - raft.server.log.write.buffer.size = 33554432 (custom)
2019-10-20 18:37:46,814 [pool-47-thread-1] INFO  segmented.SegmentedRaftLogWorker (SegmentedRaftLogWorker.java:lambda$new$0(128)) - 5459e257-ccbc-435a-9427-c3c16be66685@group-8B8FE5B4B5B0-SegmentedRaftLogWorker: flushIndex: setUnconditionally 0 -> -1
2019-10-20 18:37:46,814 [pool-27-thread-1] INFO  server.RaftServerConfigKeys (ConfUtils.java:logGet(43)) - raft.server.snapshot.auto.trigger.enabled = true (custom)
2019-10-20 18:37:46,814 [pool-37-thread-1] INFO  server.RaftServerConfigKeys (ConfUtils.java:logGet(43)) - raft.server.log.force.sync.num = 128 (default)
2019-10-20 18:37:46,814 [pool-47-thread-1] INFO  server.RaftServerConfigKeys (ConfUtils.java:logGet(43)) - raft.server.snapshot.auto.trigger.enabled = true (custom)
2019-10-20 18:37:46,814 [pool-27-thread-1] INFO  server.RaftServerConfigKeys (ConfUtils.java:logGet(43)) - raft.server.snapshot.auto.trigger.threshold = 10000 (custom)
2019-10-20 18:37:46,814 [pool-47-thread-1] INFO  server.RaftServerConfigKeys (ConfUtils.java:logGet(43)) - raft.server.snapshot.auto.trigger.threshold = 10000 (custom)
2019-10-20 18:37:46,814 [pool-37-thread-1] INFO  server.RaftServerConfigKeys (ConfUtils.java:logGet(43)) - raft.server.log.statemachine.data.sync = true (default)
2019-10-20 18:37:46,815 [pool-47-thread-1] INFO  server.RaftServerConfigKeys (ConfUtils.java:logGet(43)) - raft.server.snapshot.retention.file.num = 5 (custom)
2019-10-20 18:37:46,814 [pool-27-thread-1] INFO  server.RaftServerConfigKeys (ConfUtils.java:logGet(43)) - raft.server.snapshot.retention.file.num = 5 (custom)
2019-10-20 18:37:46,815 [7e7122d9-53dc-47a8-b6b6-c87fac616c81@group-4D7E28B49252-LeaderElection2] INFO  impl.RoleInfo (RoleInfo.java:updateAndGet(143)) - 7e7122d9-53dc-47a8-b6b6-c87fac616c81: start LeaderState
2019-10-20 18:37:46,815 [pool-27-thread-1] INFO  server.RaftServerConfigKeys (ConfUtils.java:logGet(43)) - raft.server.retrycache.expirytime = 600000ms (custom)
2019-10-20 18:37:46,815 [pool-37-thread-1] INFO  server.RaftServerConfigKeys (ConfUtils.java:logGet(43)) - raft.server.log.statemachine.data.sync.timeout = 10s (default)
2019-10-20 18:37:46,815 [pool-47-thread-1] INFO  server.RaftServerConfigKeys (ConfUtils.java:logGet(43)) - raft.server.retrycache.expirytime = 600000ms (custom)
2019-10-20 18:37:46,815 [7e7122d9-53dc-47a8-b6b6-c87fac616c81@group-4D7E28B49252-LeaderElection2] INFO  segmented.SegmentedRaftLogWorker (SegmentedRaftLogWorker.java:startLogSegment(385)) - 7e7122d9-53dc-47a8-b6b6-c87fac616c81@group-4D7E28B49252-SegmentedRaftLogWorker: Starting segment from index:0
2019-10-20 18:37:46,815 [pool-37-thread-1] INFO  server.RaftServerConfigKeys (ConfUtils.java:logGet(43)) - raft.server.log.statemachine.data.sync.timeout.retry = -1 (default)
2019-10-20 18:37:46,816 [pool-37-thread-1] INFO  server.RaftServerConfigKeys (ConfUtils.java:logGet(43)) - raft.server.log.statemachine.data.caching.enabled = true (custom)
2019-10-20 18:37:46,816 [7e7122d9-53dc-47a8-b6b6-c87fac616c81@group-4D7E28B49252-LeaderElection2] INFO  impl.RaftServerImpl (ServerState.java:setRaftConf(357)) - 7e7122d9-53dc-47a8-b6b6-c87fac616c81@group-4D7E28B49252: set configuration 0: [7e7122d9-53dc-47a8-b6b6-c87fac616c81:192.168.164.253:46735], old=null at 0
2019-10-20 18:37:46,816 [pool-37-thread-1] INFO  segmented.SegmentedRaftLogWorker (SegmentedRaftLogWorker.java:lambda$new$0(128)) - 7e7122d9-53dc-47a8-b6b6-c87fac616c81@group-8B8FE5B4B5B0-SegmentedRaftLogWorker: flushIndex: setUnconditionally 0 -> -1
2019-10-20 18:37:46,851 [pool-37-thread-1] INFO  server.RaftServerConfigKeys (ConfUtils.java:logGet(43)) - raft.server.snapshot.auto.trigger.enabled = true (custom)
2019-10-20 18:37:46,851 [pool-37-thread-1] INFO  server.RaftServerConfigKeys (ConfUtils.java:logGet(43)) - raft.server.snapshot.auto.trigger.threshold = 10000 (custom)
2019-10-20 18:37:46,851 [pool-37-thread-1] INFO  server.RaftServerConfigKeys (ConfUtils.java:logGet(43)) - raft.server.snapshot.retention.file.num = 5 (custom)
2019-10-20 18:37:46,851 [pool-37-thread-1] INFO  server.RaftServerConfigKeys (ConfUtils.java:logGet(43)) - raft.server.retrycache.expirytime = 600000ms (custom)
2019-10-20 18:37:46,852 [pool-27-thread-1] INFO  impl.RaftServerImpl (RaftServerImpl.java:start(195)) - c90420fb-507e-4f39-9d1e-d32950a26e2a@group-8B8FE5B4B5B0: start as a follower, conf=-1: [7e7122d9-53dc-47a8-b6b6-c87fac616c81:192.168.164.253:46735, c90420fb-507e-4f39-9d1e-d32950a26e2a:192.168.164.253:35682, 5459e257-ccbc-435a-9427-c3c16be66685:192.168.164.253:45469], old=null
2019-10-20 18:37:46,852 [pool-27-thread-1] INFO  impl.RaftServerImpl (RaftServerImpl.java:setRole(184)) - c90420fb-507e-4f39-9d1e-d32950a26e2a@group-8B8FE5B4B5B0: changes role from      null to FOLLOWER at term 0 for startAsFollower
2019-10-20 18:37:46,852 [pool-27-thread-1] INFO  impl.RoleInfo (RoleInfo.java:updateAndGet(143)) - c90420fb-507e-4f39-9d1e-d32950a26e2a: start FollowerState
2019-10-20 18:37:46,853 [pool-47-thread-1] INFO  impl.RaftServerImpl (RaftServerImpl.java:start(195)) - 5459e257-ccbc-435a-9427-c3c16be66685@group-8B8FE5B4B5B0: start as a follower, conf=-1: [7e7122d9-53dc-47a8-b6b6-c87fac616c81:192.168.164.253:46735, c90420fb-507e-4f39-9d1e-d32950a26e2a:192.168.164.253:35682, 5459e257-ccbc-435a-9427-c3c16be66685:192.168.164.253:45469], old=null
2019-10-20 18:37:46,853 [pool-27-thread-1] INFO  util.JmxRegister (JmxRegister.java:tryRegister(44)) - Successfully registered JMX Bean with object name Ratis:service=RaftServer,group=group-8B8FE5B4B5B0,id=c90420fb-507e-4f39-9d1e-d32950a26e2a
2019-10-20 18:37:46,853 [pool-47-thread-1] INFO  impl.RaftServerImpl (RaftServerImpl.java:setRole(184)) - 5459e257-ccbc-435a-9427-c3c16be66685@group-8B8FE5B4B5B0: changes role from      null to FOLLOWER at term 0 for startAsFollower
2019-10-20 18:37:46,853 [pool-47-thread-1] INFO  impl.RoleInfo (RoleInfo.java:updateAndGet(143)) - 5459e257-ccbc-435a-9427-c3c16be66685: start FollowerState
2019-10-20 18:37:46,854 [pool-47-thread-1] INFO  util.JmxRegister (JmxRegister.java:tryRegister(44)) - Successfully registered JMX Bean with object name Ratis:service=RaftServer,group=group-8B8FE5B4B5B0,id=5459e257-ccbc-435a-9427-c3c16be66685
2019-10-20 18:37:46,854 [pool-37-thread-1] INFO  impl.RaftServerImpl (RaftServerImpl.java:start(195)) - 7e7122d9-53dc-47a8-b6b6-c87fac616c81@group-8B8FE5B4B5B0: start as a follower, conf=-1: [7e7122d9-53dc-47a8-b6b6-c87fac616c81:192.168.164.253:46735, c90420fb-507e-4f39-9d1e-d32950a26e2a:192.168.164.253:35682, 5459e257-ccbc-435a-9427-c3c16be66685:192.168.164.253:45469], old=null
2019-10-20 18:37:46,854 [pool-37-thread-1] INFO  impl.RaftServerImpl (RaftServerImpl.java:setRole(184)) - 7e7122d9-53dc-47a8-b6b6-c87fac616c81@group-8B8FE5B4B5B0: changes role from      null to FOLLOWER at term 0 for startAsFollower
2019-10-20 18:37:46,854 [pool-37-thread-1] INFO  impl.RoleInfo (RoleInfo.java:updateAndGet(143)) - 7e7122d9-53dc-47a8-b6b6-c87fac616c81: start FollowerState
2019-10-20 18:37:46,855 [pool-37-thread-1] INFO  util.JmxRegister (JmxRegister.java:tryRegister(44)) - Successfully registered JMX Bean with object name Ratis:service=RaftServer,group=group-8B8FE5B4B5B0,id=7e7122d9-53dc-47a8-b6b6-c87fac616c81
2019-10-20 18:37:46,856 [Thread-194] INFO  impl.FollowerState (FollowerState.java:run(108)) - 5459e257-ccbc-435a-9427-c3c16be66685@group-1E311EDCCE27-FollowerState: change to CANDIDATE, lastRpcTime:147ms, electionTimeout:147ms
2019-10-20 18:37:46,856 [Thread-194] INFO  impl.RoleInfo (RoleInfo.java:shutdownFollowerState(121)) - 5459e257-ccbc-435a-9427-c3c16be66685: shutdown FollowerState
2019-10-20 18:37:46,856 [Thread-194] INFO  impl.RaftServerImpl (RaftServerImpl.java:setRole(184)) - 5459e257-ccbc-435a-9427-c3c16be66685@group-1E311EDCCE27: changes role from  FOLLOWER to CANDIDATE at term 0 for changeToCandidate
2019-10-20 18:37:46,857 [Thread-194] INFO  impl.RoleInfo (RoleInfo.java:updateAndGet(143)) - 5459e257-ccbc-435a-9427-c3c16be66685: start LeaderElection
2019-10-20 18:37:46,874 [7e7122d9-53dc-47a8-b6b6-c87fac616c81@group-4D7E28B49252-SegmentedRaftLogWorker] INFO  segmented.SegmentedRaftLogWorker (SegmentedRaftLogWorker.java:execute(576)) - 7e7122d9-53dc-47a8-b6b6-c87fac616c81@group-4D7E28B49252-SegmentedRaftLogWorker: created new log segment /workdir/hadoop-ozone/integration-test/target/test-dir/MiniOzoneClusterImpl-bb5c499c-1fef-4eeb-ae34-687819fae390/datanode-1/data/ratis/2817875b-f138-438c-9942-4d7e28b49252/current/log_inprogress_0
2019-10-20 18:37:46,874 [c90420fb-507e-4f39-9d1e-d32950a26e2a@group-99214B61A4ED-SegmentedRaftLogWorker] INFO  segmented.SegmentedRaftLogWorker (SegmentedRaftLogWorker.java:execute(576)) - c90420fb-507e-4f39-9d1e-d32950a26e2a@group-99214B61A4ED-SegmentedRaftLogWorker: created new log segment /workdir/hadoop-ozone/integration-test/target/test-dir/MiniOzoneClusterImpl-bb5c499c-1fef-4eeb-ae34-687819fae390/datanode-0/data/ratis/ece3b61d-4d9a-4a89-9154-99214b61a4ed/current/log_inprogress_0
2019-10-20 18:37:46,875 [main] INFO  ozone.MiniOzoneClusterImpl (MiniOzoneClusterImpl.java:lambda$waitForClusterToBeReady$0(147)) - Cluster is ready. Got 3 of 3 DN Heartbeats.
2019-10-20 18:37:46,882 [RatisPipelineUtilsThread] INFO  pipeline.PipelineStateManager (PipelineStateManager.java:addPipeline(56)) - Created pipeline Pipeline[ Id: e053cdee-5b19-4be2-866a-8b8fe5b4b5b0, Nodes: 7e7122d9-53dc-47a8-b6b6-c87fac616c81{ip: 192.168.164.253, host: pr-hdds-2334-tv6s7-2530448917, networkLocation: /default-rack, certSerialId: null}c90420fb-507e-4f39-9d1e-d32950a26e2a{ip: 192.168.164.253, host: pr-hdds-2334-tv6s7-2530448917, networkLocation: /default-rack, certSerialId: null}5459e257-ccbc-435a-9427-c3c16be66685{ip: 192.168.164.253, host: pr-hdds-2334-tv6s7-2530448917, networkLocation: /default-rack, certSerialId: null}, Type:RATIS, Factor:THREE, State:OPEN]
2019-10-20 18:37:46,890 [5459e257-ccbc-435a-9427-c3c16be66685@group-1E311EDCCE27-LeaderElection3] INFO  impl.LeaderElection (LeaderElection.java:askForVotes(178)) - 5459e257-ccbc-435a-9427-c3c16be66685@group-1E311EDCCE27-LeaderElection3: begin an election at term 1 for -1: [5459e257-ccbc-435a-9427-c3c16be66685:192.168.164.253:45469], old=null
2019-10-20 18:37:46,890 [5459e257-ccbc-435a-9427-c3c16be66685@group-1E311EDCCE27-LeaderElection3] INFO  impl.RoleInfo (RoleInfo.java:shutdownLeaderElection(134)) - 5459e257-ccbc-435a-9427-c3c16be66685: shutdown LeaderElection
2019-10-20 18:37:46,891 [5459e257-ccbc-435a-9427-c3c16be66685@group-1E311EDCCE27-LeaderElection3] INFO  impl.RaftServerImpl (RaftServerImpl.java:setRole(184)) - 5459e257-ccbc-435a-9427-c3c16be66685@group-1E311EDCCE27: changes role from CANDIDATE to LEADER at term 1 for changeToLeader
2019-10-20 18:37:46,891 [5459e257-ccbc-435a-9427-c3c16be66685@group-1E311EDCCE27-LeaderElection3] INFO  impl.RaftServerImpl (ServerState.java:setLeader(256)) - 5459e257-ccbc-435a-9427-c3c16be66685@group-1E311EDCCE27: change Leader from null to 5459e257-ccbc-435a-9427-c3c16be66685 at term 1 for becomeLeader, leader elected after 194ms
2019-10-20 18:37:46,891 [5459e257-ccbc-435a-9427-c3c16be66685@group-1E311EDCCE27-LeaderElection3] INFO  server.RaftServerConfigKeys (ConfUtils.java:logGet(43)) - raft.server.staging.catchup.gap = 1000 (default)
2019-10-20 18:37:46,891 [5459e257-ccbc-435a-9427-c3c16be66685@group-1E311EDCCE27-LeaderElection3] INFO  server.RaftServerConfigKeys (ConfUtils.java:logGet(43)) - raft.server.rpc.sleep.time = 25ms (default)
2019-10-20 18:37:46,891 [5459e257-ccbc-435a-9427-c3c16be66685@group-1E311EDCCE27-LeaderElection3] INFO  server.RaftServerConfigKeys (ConfUtils.java:logGet(43)) - raft.server.write.element-limit = 4096 (default)
2019-10-20 18:37:46,891 [5459e257-ccbc-435a-9427-c3c16be66685@group-1E311EDCCE27-LeaderElection3] INFO  server.RaftServerConfigKeys (ConfUtils.java:logGet(43)) - raft.server.watch.timeout = 10s (default)
2019-10-20 18:37:46,891 [5459e257-ccbc-435a-9427-c3c16be66685@group-1E311EDCCE27-LeaderElection3] INFO  server.RaftServerConfigKeys (ConfUtils.java:logGet(43)) - raft.server.watch.timeout.denomination = 1s (default)
2019-10-20 18:37:46,891 [5459e257-ccbc-435a-9427-c3c16be66685@group-1E311EDCCE27-LeaderElection3] INFO  server.RaftServerConfigKeys (ConfUtils.java:logGet(43)) - raft.server.watch.element-limit = 65536 (default)
2019-10-20 18:37:46,894 [5459e257-ccbc-435a-9427-c3c16be66685@group-1E311EDCCE27-LeaderElection3] INFO  impl.RoleInfo (RoleInfo.java:updateAndGet(143)) - 5459e257-ccbc-435a-9427-c3c16be66685: start LeaderState
2019-10-20 18:37:46,894 [5459e257-ccbc-435a-9427-c3c16be66685@group-1E311EDCCE27-LeaderElection3] INFO  segmented.SegmentedRaftLogWorker (SegmentedRaftLogWorker.java:startLogSegment(385)) - 5459e257-ccbc-435a-9427-c3c16be66685@group-1E311EDCCE27-SegmentedRaftLogWorker: Starting segment from index:0
2019-10-20 18:37:46,895 [5459e257-ccbc-435a-9427-c3c16be66685@group-1E311EDCCE27-LeaderElection3] INFO  impl.RaftServerImpl (ServerState.java:setRaftConf(357)) - 5459e257-ccbc-435a-9427-c3c16be66685@group-1E311EDCCE27: set configuration 0: [5459e257-ccbc-435a-9427-c3c16be66685:192.168.164.253:45469], old=null at 0
2019-10-20 18:37:46,944 [Thread-203] INFO  impl.FollowerState (FollowerState.java:run(108)) - 7e7122d9-53dc-47a8-b6b6-c87fac616c81@group-8B8FE5B4B5B0-FollowerState: change to CANDIDATE, lastRpcTime:89ms, electionTimeout:89ms
2019-10-20 18:37:46,945 [Thread-203] INFO  impl.RoleInfo (RoleInfo.java:shutdownFollowerState(121)) - 7e7122d9-53dc-47a8-b6b6-c87fac616c81: shutdown FollowerState
2019-10-20 18:37:46,945 [Thread-203] INFO  impl.RaftServerImpl (RaftServerImpl.java:setRole(184)) - 7e7122d9-53dc-47a8-b6b6-c87fac616c81@group-8B8FE5B4B5B0: changes role from  FOLLOWER to CANDIDATE at term 0 for changeToCandidate
2019-10-20 18:37:46,946 [Thread-203] INFO  impl.RoleInfo (RoleInfo.java:updateAndGet(143)) - 7e7122d9-53dc-47a8-b6b6-c87fac616c81: start LeaderElection
2019-10-20 18:37:46,949 [5459e257-ccbc-435a-9427-c3c16be66685@group-1E311EDCCE27-SegmentedRaftLogWorker] INFO  segmented.SegmentedRaftLogWorker (SegmentedRaftLogWorker.java:execute(576)) - 5459e257-ccbc-435a-9427-c3c16be66685@group-1E311EDCCE27-SegmentedRaftLogWorker: created new log segment /workdir/hadoop-ozone/integration-test/target/test-dir/MiniOzoneClusterImpl-bb5c499c-1fef-4eeb-ae34-687819fae390/datanode-2/data/ratis/e2c71821-6bb0-4ad2-8230-1e311edcce27/current/log_inprogress_0
2019-10-20 18:37:46,975 [7e7122d9-53dc-47a8-b6b6-c87fac616c81@group-8B8FE5B4B5B0-LeaderElection4] INFO  impl.LeaderElection (LeaderElection.java:askForVotes(178)) - 7e7122d9-53dc-47a8-b6b6-c87fac616c81@group-8B8FE5B4B5B0-LeaderElection4: begin an election at term 1 for -1: [7e7122d9-53dc-47a8-b6b6-c87fac616c81:192.168.164.253:46735, c90420fb-507e-4f39-9d1e-d32950a26e2a:192.168.164.253:35682, 5459e257-ccbc-435a-9427-c3c16be66685:192.168.164.253:45469], old=null
2019-10-20 18:37:46,988 [Thread-201] INFO  impl.FollowerState (FollowerState.java:run(108)) - c90420fb-507e-4f39-9d1e-d32950a26e2a@group-8B8FE5B4B5B0-FollowerState: change to CANDIDATE, lastRpcTime:135ms, electionTimeout:133ms
2019-10-20 18:37:46,989 [Thread-201] INFO  impl.RoleInfo (RoleInfo.java:shutdownFollowerState(121)) - c90420fb-507e-4f39-9d1e-d32950a26e2a: shutdown FollowerState
2019-10-20 18:37:46,989 [Thread-201] INFO  impl.RaftServerImpl (RaftServerImpl.java:setRole(184)) - c90420fb-507e-4f39-9d1e-d32950a26e2a@group-8B8FE5B4B5B0: changes role from  FOLLOWER to CANDIDATE at term 0 for changeToCandidate
2019-10-20 18:37:46,992 [Thread-201] INFO  impl.RoleInfo (RoleInfo.java:updateAndGet(143)) - c90420fb-507e-4f39-9d1e-d32950a26e2a: start LeaderElection
2019-10-20 18:37:47,004 [7e7122d9-53dc-47a8-b6b6-c87fac616c81@group-8B8FE5B4B5B0-LeaderElection4] INFO  impl.LeaderElection (LeaderElection.java:logAndReturn(56)) - 7e7122d9-53dc-47a8-b6b6-c87fac616c81@group-8B8FE5B4B5B0-LeaderElection4: Election TIMEOUT; received 0 response(s) [] and 0 exception(s); 7e7122d9-53dc-47a8-b6b6-c87fac616c81@group-8B8FE5B4B5B0:t1, leader=null, voted=7e7122d9-53dc-47a8-b6b6-c87fac616c81, raftlog=7e7122d9-53dc-47a8-b6b6-c87fac616c81@group-8B8FE5B4B5B0-SegmentedRaftLog:OPENED:c-1,f-1,i0, conf=-1: [7e7122d9-53dc-47a8-b6b6-c87fac616c81:192.168.164.253:46735, c90420fb-507e-4f39-9d1e-d32950a26e2a:192.168.164.253:35682, 5459e257-ccbc-435a-9427-c3c16be66685:192.168.164.253:45469], old=null
2019-10-20 18:37:47,006 [grpc-default-executor-0] INFO  impl.RaftServerImpl (RaftServerImpl.java:setRole(184)) - 5459e257-ccbc-435a-9427-c3c16be66685@group-8B8FE5B4B5B0: changes role from  FOLLOWER to FOLLOWER at term 1 for recognizeCandidate:7e7122d9-53dc-47a8-b6b6-c87fac616c81
2019-10-20 18:37:47,006 [grpc-default-executor-0] INFO  impl.RoleInfo (RoleInfo.java:shutdownFollowerState(121)) - 5459e257-ccbc-435a-9427-c3c16be66685: shutdown FollowerState
2019-10-20 18:37:47,006 [Thread-202] INFO  impl.FollowerState (FollowerState.java:run(117)) - 5459e257-ccbc-435a-9427-c3c16be66685@group-8B8FE5B4B5B0-FollowerState was interrupted: java.lang.InterruptedException: sleep interrupted
2019-10-20 18:37:47,006 [grpc-default-executor-0] INFO  impl.RoleInfo (RoleInfo.java:updateAndGet(143)) - 5459e257-ccbc-435a-9427-c3c16be66685: start FollowerState
2019-10-20 18:37:47,025 [7e7122d9-53dc-47a8-b6b6-c87fac616c81@group-8B8FE5B4B5B0-LeaderElection4] INFO  impl.LeaderElection (LeaderElection.java:askForVotes(178)) - 7e7122d9-53dc-47a8-b6b6-c87fac616c81@group-8B8FE5B4B5B0-LeaderElection4: begin an election at term 2 for -1: [7e7122d9-53dc-47a8-b6b6-c87fac616c81:192.168.164.253:46735, c90420fb-507e-4f39-9d1e-d32950a26e2a:192.168.164.253:35682, 5459e257-ccbc-435a-9427-c3c16be66685:192.168.164.253:45469], old=null
2019-10-20 18:37:47,025 [c90420fb-507e-4f39-9d1e-d32950a26e2a@group-8B8FE5B4B5B0-LeaderElection5] INFO  impl.LeaderElection (LeaderElection.java:askForVotes(178)) - c90420fb-507e-4f39-9d1e-d32950a26e2a@group-8B8FE5B4B5B0-LeaderElection5: begin an election at term 1 for -1: [7e7122d9-53dc-47a8-b6b6-c87fac616c81:192.168.164.253:46735, c90420fb-507e-4f39-9d1e-d32950a26e2a:192.168.164.253:35682, 5459e257-ccbc-435a-9427-c3c16be66685:192.168.164.253:45469], old=null
2019-10-20 18:37:47,036 [7e7122d9-53dc-47a8-b6b6-c87fac616c81@group-8B8FE5B4B5B0-LeaderElection4] INFO  impl.LeaderElection (LeaderElection.java:logAndReturn(56)) - 7e7122d9-53dc-47a8-b6b6-c87fac616c81@group-8B8FE5B4B5B0-LeaderElection4: Election TIMEOUT; received 0 response(s) [] and 0 exception(s); 7e7122d9-53dc-47a8-b6b6-c87fac616c81@group-8B8FE5B4B5B0:t2, leader=null, voted=7e7122d9-53dc-47a8-b6b6-c87fac616c81, raftlog=7e7122d9-53dc-47a8-b6b6-c87fac616c81@group-8B8FE5B4B5B0-SegmentedRaftLog:OPENED:c-1,f-1,i0, conf=-1: [7e7122d9-53dc-47a8-b6b6-c87fac616c81:192.168.164.253:46735, c90420fb-507e-4f39-9d1e-d32950a26e2a:192.168.164.253:35682, 5459e257-ccbc-435a-9427-c3c16be66685:192.168.164.253:45469], old=null
2019-10-20 18:37:47,037 [grpc-default-executor-4] INFO  impl.RaftServerImpl (RaftServerImpl.java:setRole(184)) - c90420fb-507e-4f39-9d1e-d32950a26e2a@group-8B8FE5B4B5B0: changes role from CANDIDATE to FOLLOWER at term 2 for recognizeCandidate:7e7122d9-53dc-47a8-b6b6-c87fac616c81
2019-10-20 18:37:47,037 [grpc-default-executor-4] INFO  impl.RoleInfo (RoleInfo.java:shutdownLeaderElection(134)) - c90420fb-507e-4f39-9d1e-d32950a26e2a: shutdown LeaderElection
2019-10-20 18:37:47,037 [grpc-default-executor-4] INFO  impl.RoleInfo (RoleInfo.java:updateAndGet(143)) - c90420fb-507e-4f39-9d1e-d32950a26e2a: start FollowerState
2019-10-20 18:37:47,042 [grpc-default-executor-2] INFO  impl.RaftServerImpl (RaftServerImpl.java:setRole(184)) - 5459e257-ccbc-435a-9427-c3c16be66685@group-8B8FE5B4B5B0: changes role from  FOLLOWER to FOLLOWER at term 2 for recognizeCandidate:7e7122d9-53dc-47a8-b6b6-c87fac616c81
2019-10-20 18:37:47,043 [grpc-default-executor-2] INFO  impl.RoleInfo (RoleInfo.java:shutdownFollowerState(121)) - 5459e257-ccbc-435a-9427-c3c16be66685: shutdown FollowerState
2019-10-20 18:37:47,043 [Thread-216] INFO  impl.FollowerState (FollowerState.java:run(117)) - 5459e257-ccbc-435a-9427-c3c16be66685@group-8B8FE5B4B5B0-FollowerState was interrupted: java.lang.InterruptedException: sleep interrupted
2019-10-20 18:37:47,043 [grpc-default-executor-2] INFO  impl.RoleInfo (RoleInfo.java:updateAndGet(143)) - 5459e257-ccbc-435a-9427-c3c16be66685: start FollowerState
2019-10-20 18:37:47,059 [7e7122d9-53dc-47a8-b6b6-c87fac616c81@group-8B8FE5B4B5B0-LeaderElection4] INFO  impl.LeaderElection (LeaderElection.java:askForVotes(178)) - 7e7122d9-53dc-47a8-b6b6-c87fac616c81@group-8B8FE5B4B5B0-LeaderElection4: begin an election at term 3 for -1: [7e7122d9-53dc-47a8-b6b6-c87fac616c81:192.168.164.253:46735, c90420fb-507e-4f39-9d1e-d32950a26e2a:192.168.164.253:35682, 5459e257-ccbc-435a-9427-c3c16be66685:192.168.164.253:45469], old=null
2019-10-20 18:37:47,066 [c90420fb-507e-4f39-9d1e-d32950a26e2a@group-8B8FE5B4B5B0-LeaderElection5] INFO  impl.LeaderElection (LeaderElection.java:logAndReturn(56)) - c90420fb-507e-4f39-9d1e-d32950a26e2a@group-8B8FE5B4B5B0-LeaderElection5: Election DISCOVERED_A_NEW_TERM; received 1 response(s) [c90420fb-507e-4f39-9d1e-d32950a26e2a<-7e7122d9-53dc-47a8-b6b6-c87fac616c81#0:FAIL-t3] and 0 exception(s); c90420fb-507e-4f39-9d1e-d32950a26e2a@group-8B8FE5B4B5B0:t2, leader=null, voted=null, raftlog=c90420fb-507e-4f39-9d1e-d32950a26e2a@group-8B8FE5B4B5B0-SegmentedRaftLog:OPENED:c-1,f-1,i0, conf=-1: [7e7122d9-53dc-47a8-b6b6-c87fac616c81:192.168.164.253:46735, c90420fb-507e-4f39-9d1e-d32950a26e2a:192.168.164.253:35682, 5459e257-ccbc-435a-9427-c3c16be66685:192.168.164.253:45469], old=null
2019-10-20 18:37:47,068 [Thread-222] INFO  impl.FollowerState (FollowerState.java:run(108)) - 5459e257-ccbc-435a-9427-c3c16be66685@group-8B8FE5B4B5B0-FollowerState: change to CANDIDATE, lastRpcTime:24ms, electionTimeout:22ms
2019-10-20 18:37:47,070 [Thread-222] INFO  impl.RoleInfo (RoleInfo.java:shutdownFollowerState(121)) - 5459e257-ccbc-435a-9427-c3c16be66685: shutdown FollowerState
2019-10-20 18:37:47,073 [Thread-222] INFO  impl.RaftServerImpl (RaftServerImpl.java:setRole(184)) - 5459e257-ccbc-435a-9427-c3c16be66685@group-8B8FE5B4B5B0: changes role from  FOLLOWER to CANDIDATE at term 2 for changeToCandidate
2019-10-20 18:37:47,073 [Thread-222] INFO  impl.RoleInfo (RoleInfo.java:updateAndGet(143)) - 5459e257-ccbc-435a-9427-c3c16be66685: start LeaderElection
2019-10-20 18:37:47,076 [grpc-default-executor-4] INFO  impl.RaftServerImpl (RaftServerImpl.java:setRole(184)) - c90420fb-507e-4f39-9d1e-d32950a26e2a@group-8B8FE5B4B5B0: changes role from  FOLLOWER to FOLLOWER at term 3 for recognizeCandidate:7e7122d9-53dc-47a8-b6b6-c87fac616c81
2019-10-20 18:37:47,077 [grpc-default-executor-4] INFO  impl.RoleInfo (RoleInfo.java:shutdownFollowerState(121)) - c90420fb-507e-4f39-9d1e-d32950a26e2a: shutdown FollowerState
2019-10-20 18:37:47,077 [grpc-default-executor-4] INFO  impl.RoleInfo (RoleInfo.java:updateAndGet(143)) - c90420fb-507e-4f39-9d1e-d32950a26e2a: start FollowerState
2019-10-20 18:37:47,077 [Thread-221] INFO  impl.FollowerState (FollowerState.java:run(117)) - c90420fb-507e-4f39-9d1e-d32950a26e2a@group-8B8FE5B4B5B0-FollowerState was interrupted: java.lang.InterruptedException: sleep interrupted
2019-10-20 18:37:47,093 [5459e257-ccbc-435a-9427-c3c16be66685@group-8B8FE5B4B5B0-LeaderElection6] INFO  impl.LeaderElection (LeaderElection.java:askForVotes(178)) - 5459e257-ccbc-435a-9427-c3c16be66685@group-8B8FE5B4B5B0-LeaderElection6: begin an election at term 3 for -1: [7e7122d9-53dc-47a8-b6b6-c87fac616c81:192.168.164.253:46735, c90420fb-507e-4f39-9d1e-d32950a26e2a:192.168.164.253:35682, 5459e257-ccbc-435a-9427-c3c16be66685:192.168.164.253:45469], old=null
2019-10-20 18:37:47,101 [7e7122d9-53dc-47a8-b6b6-c87fac616c81@group-8B8FE5B4B5B0-LeaderElection4] INFO  impl.LeaderElection (LeaderElection.java:logAndReturn(56)) - 7e7122d9-53dc-47a8-b6b6-c87fac616c81@group-8B8FE5B4B5B0-LeaderElection4: Election TIMEOUT; received 1 response(s) [7e7122d9-53dc-47a8-b6b6-c87fac616c81<-5459e257-ccbc-435a-9427-c3c16be66685#0:FAIL-t3] and 0 exception(s); 7e7122d9-53dc-47a8-b6b6-c87fac616c81@group-8B8FE5B4B5B0:t3, leader=null, voted=7e7122d9-53dc-47a8-b6b6-c87fac616c81, raftlog=7e7122d9-53dc-47a8-b6b6-c87fac616c81@group-8B8FE5B4B5B0-SegmentedRaftLog:OPENED:c-1,f-1,i0, conf=-1: [7e7122d9-53dc-47a8-b6b6-c87fac616c81:192.168.164.253:46735, c90420fb-507e-4f39-9d1e-d32950a26e2a:192.168.164.253:35682, 5459e257-ccbc-435a-9427-c3c16be66685:192.168.164.253:45469], old=null
2019-10-20 18:37:47,127 [7e7122d9-53dc-47a8-b6b6-c87fac616c81@group-8B8FE5B4B5B0-LeaderElection4] INFO  impl.LeaderElection (LeaderElection.java:askForVotes(178)) - 7e7122d9-53dc-47a8-b6b6-c87fac616c81@group-8B8FE5B4B5B0-LeaderElection4: begin an election at term 4 for -1: [7e7122d9-53dc-47a8-b6b6-c87fac616c81:192.168.164.253:46735, c90420fb-507e-4f39-9d1e-d32950a26e2a:192.168.164.253:35682, 5459e257-ccbc-435a-9427-c3c16be66685:192.168.164.253:45469], old=null
2019-10-20 18:37:47,130 [5459e257-ccbc-435a-9427-c3c16be66685@group-8B8FE5B4B5B0-LeaderElection6] INFO  impl.LeaderElection (LeaderElection.java:logAndReturn(56)) - 5459e257-ccbc-435a-9427-c3c16be66685@group-8B8FE5B4B5B0-LeaderElection6: Election DISCOVERED_A_NEW_TERM; received 2 response(s) [5459e257-ccbc-435a-9427-c3c16be66685<-7e7122d9-53dc-47a8-b6b6-c87fac616c81#0:FAIL-t4, 5459e257-ccbc-435a-9427-c3c16be66685<-c90420fb-507e-4f39-9d1e-d32950a26e2a#0:FAIL-t3] and 0 exception(s); 5459e257-ccbc-435a-9427-c3c16be66685@group-8B8FE5B4B5B0:t3, leader=null, voted=5459e257-ccbc-435a-9427-c3c16be66685, raftlog=5459e257-ccbc-435a-9427-c3c16be66685@group-8B8FE5B4B5B0-SegmentedRaftLog:OPENED:c-1,f-1,i0, conf=-1: [7e7122d9-53dc-47a8-b6b6-c87fac616c81:192.168.164.253:46735, c90420fb-507e-4f39-9d1e-d32950a26e2a:192.168.164.253:35682, 5459e257-ccbc-435a-9427-c3c16be66685:192.168.164.253:45469], old=null
2019-10-20 18:37:47,131 [5459e257-ccbc-435a-9427-c3c16be66685@group-8B8FE5B4B5B0-LeaderElection6] INFO  impl.RaftServerImpl (RaftServerImpl.java:setRole(184)) - 5459e257-ccbc-435a-9427-c3c16be66685@group-8B8FE5B4B5B0: changes role from CANDIDATE to FOLLOWER at term 4 for DISCOVERED_A_NEW_TERM
2019-10-20 18:37:47,133 [5459e257-ccbc-435a-9427-c3c16be66685@group-8B8FE5B4B5B0-LeaderElection6] INFO  impl.RoleInfo (RoleInfo.java:shutdownLeaderElection(134)) - 5459e257-ccbc-435a-9427-c3c16be66685: shutdown LeaderElection
2019-10-20 18:37:47,133 [5459e257-ccbc-435a-9427-c3c16be66685@group-8B8FE5B4B5B0-LeaderElection6] INFO  impl.RoleInfo (RoleInfo.java:updateAndGet(143)) - 5459e257-ccbc-435a-9427-c3c16be66685: start FollowerState
2019-10-20 18:37:47,134 [grpc-default-executor-1] INFO  impl.RaftServerImpl (RaftServerImpl.java:setRole(184)) - c90420fb-507e-4f39-9d1e-d32950a26e2a@group-8B8FE5B4B5B0: changes role from  FOLLOWER to FOLLOWER at term 4 for recognizeCandidate:7e7122d9-53dc-47a8-b6b6-c87fac616c81
2019-10-20 18:37:47,135 [grpc-default-executor-1] INFO  impl.RoleInfo (RoleInfo.java:shutdownFollowerState(121)) - c90420fb-507e-4f39-9d1e-d32950a26e2a: shutdown FollowerState
2019-10-20 18:37:47,136 [grpc-default-executor-1] INFO  impl.RoleInfo (RoleInfo.java:updateAndGet(143)) - c90420fb-507e-4f39-9d1e-d32950a26e2a: start FollowerState
2019-10-20 18:37:47,136 [Thread-226] INFO  impl.FollowerState (FollowerState.java:run(117)) - c90420fb-507e-4f39-9d1e-d32950a26e2a@group-8B8FE5B4B5B0-FollowerState was interrupted: java.lang.InterruptedException: sleep interrupted
2019-10-20 18:37:47,161 [Thread-231] INFO  impl.FollowerState (FollowerState.java:run(108)) - 5459e257-ccbc-435a-9427-c3c16be66685@group-8B8FE5B4B5B0-FollowerState: change to CANDIDATE, lastRpcTime:28ms, electionTimeout:7ms
2019-10-20 18:37:47,162 [Thread-231] INFO  impl.RoleInfo (RoleInfo.java:shutdownFollowerState(121)) - 5459e257-ccbc-435a-9427-c3c16be66685: shutdown FollowerState
2019-10-20 18:37:47,162 [Thread-231] INFO  impl.RaftServerImpl (RaftServerImpl.java:setRole(184)) - 5459e257-ccbc-435a-9427-c3c16be66685@group-8B8FE5B4B5B0: changes role from  FOLLOWER to CANDIDATE at term 4 for changeToCandidate
2019-10-20 18:37:47,162 [Thread-231] INFO  impl.RoleInfo (RoleInfo.java:updateAndGet(143)) - 5459e257-ccbc-435a-9427-c3c16be66685: start LeaderElection
2019-10-20 18:37:47,163 [grpc-default-executor-0] INFO  impl.RaftServerImpl (RaftServerImpl.java:setRole(184)) - 5459e257-ccbc-435a-9427-c3c16be66685@group-8B8FE5B4B5B0: changes role from CANDIDATE to FOLLOWER at term 4 for recognizeCandidate:7e7122d9-53dc-47a8-b6b6-c87fac616c81
2019-10-20 18:37:47,163 [grpc-default-executor-0] INFO  impl.RoleInfo (RoleInfo.java:shutdownLeaderElection(134)) - 5459e257-ccbc-435a-9427-c3c16be66685: shutdown LeaderElection
2019-10-20 18:37:47,164 [grpc-default-executor-0] INFO  impl.RoleInfo (RoleInfo.java:updateAndGet(143)) - 5459e257-ccbc-435a-9427-c3c16be66685: start FollowerState
2019-10-20 18:37:47,167 [7e7122d9-53dc-47a8-b6b6-c87fac616c81@group-8B8FE5B4B5B0-LeaderElection4] INFO  impl.LeaderElection (LeaderElection.java:logAndReturn(56)) - 7e7122d9-53dc-47a8-b6b6-c87fac616c81@group-8B8FE5B4B5B0-LeaderElection4: Election PASSED; received 1 response(s) [7e7122d9-53dc-47a8-b6b6-c87fac616c81<-c90420fb-507e-4f39-9d1e-d32950a26e2a#0:OK-t4] and 0 exception(s); 7e7122d9-53dc-47a8-b6b6-c87fac616c81@group-8B8FE5B4B5B0:t4, leader=null, voted=7e7122d9-53dc-47a8-b6b6-c87fac616c81, raftlog=7e7122d9-53dc-47a8-b6b6-c87fac616c81@group-8B8FE5B4B5B0-SegmentedRaftLog:OPENED:c-1,f-1,i0, conf=-1: [7e7122d9-53dc-47a8-b6b6-c87fac616c81:192.168.164.253:46735, c90420fb-507e-4f39-9d1e-d32950a26e2a:192.168.164.253:35682, 5459e257-ccbc-435a-9427-c3c16be66685:192.168.164.253:45469], old=null
2019-10-20 18:37:47,168 [7e7122d9-53dc-47a8-b6b6-c87fac616c81@group-8B8FE5B4B5B0-LeaderElection4] INFO  impl.RoleInfo (RoleInfo.java:shutdownLeaderElection(134)) - 7e7122d9-53dc-47a8-b6b6-c87fac616c81: shutdown LeaderElection
2019-10-20 18:37:47,168 [7e7122d9-53dc-47a8-b6b6-c87fac616c81@group-8B8FE5B4B5B0-LeaderElection4] INFO  impl.RaftServerImpl (RaftServerImpl.java:setRole(184)) - 7e7122d9-53dc-47a8-b6b6-c87fac616c81@group-8B8FE5B4B5B0: changes role from CANDIDATE to LEADER at term 4 for changeToLeader
2019-10-20 18:37:47,168 [7e7122d9-53dc-47a8-b6b6-c87fac616c81@group-8B8FE5B4B5B0-LeaderElection4] INFO  impl.RaftServerImpl (ServerState.java:setLeader(256)) - 7e7122d9-53dc-47a8-b6b6-c87fac616c81@group-8B8FE5B4B5B0: change Leader from null to 7e7122d9-53dc-47a8-b6b6-c87fac616c81 at term 4 for becomeLeader, leader elected after 360ms
2019-10-20 18:37:47,168 [7e7122d9-53dc-47a8-b6b6-c87fac616c81@group-8B8FE5B4B5B0-LeaderElection4] INFO  server.RaftServerConfigKeys (ConfUtils.java:logGet(43)) - raft.server.staging.catchup.gap = 1000 (default)
2019-10-20 18:37:47,169 [7e7122d9-53dc-47a8-b6b6-c87fac616c81@group-8B8FE5B4B5B0-LeaderElection4] INFO  server.RaftServerConfigKeys (ConfUtils.java:logGet(43)) - raft.server.rpc.sleep.time = 25ms (default)
2019-10-20 18:37:47,169 [7e7122d9-53dc-47a8-b6b6-c87fac616c81@group-8B8FE5B4B5B0-LeaderElection4] INFO  server.RaftServerConfigKeys (ConfUtils.java:logGet(43)) - raft.server.write.element-limit = 4096 (default)
2019-10-20 18:37:47,169 [7e7122d9-53dc-47a8-b6b6-c87fac616c81@group-8B8FE5B4B5B0-LeaderElection4] INFO  server.RaftServerConfigKeys (ConfUtils.java:logGet(43)) - raft.server.watch.timeout = 10s (default)
2019-10-20 18:37:47,169 [7e7122d9-53dc-47a8-b6b6-c87fac616c81@group-8B8FE5B4B5B0-LeaderElection4] INFO  server.RaftServerConfigKeys (ConfUtils.java:logGet(43)) - raft.server.watch.timeout.denomination = 1s (default)
2019-10-20 18:37:47,170 [7e7122d9-53dc-47a8-b6b6-c87fac616c81@group-8B8FE5B4B5B0-LeaderElection4] INFO  server.RaftServerConfigKeys (ConfUtils.java:logGet(43)) - raft.server.watch.element-limit = 65536 (default)
2019-10-20 18:37:47,174 [7e7122d9-53dc-47a8-b6b6-c87fac616c81@group-8B8FE5B4B5B0-LeaderElection4] INFO  server.RaftServerConfigKeys (ConfUtils.java:logGet(43)) - raft.server.log.appender.snapshot.chunk.size.max = 16MB (=16777216) (default)
2019-10-20 18:37:47,174 [7e7122d9-53dc-47a8-b6b6-c87fac616c81@group-8B8FE5B4B5B0-LeaderElection4] INFO  server.RaftServerConfigKeys (ConfUtils.java:logGet(43)) - raft.server.log.appender.buffer.byte-limit = 33554432 (custom)
2019-10-20 18:37:47,175 [7e7122d9-53dc-47a8-b6b6-c87fac616c81@group-8B8FE5B4B5B0-LeaderElection4] INFO  server.RaftServerConfigKeys (ConfUtils.java:logGet(43)) - raft.server.log.appender.buffer.element-limit = 1 (custom)
2019-10-20 18:37:47,177 [7e7122d9-53dc-47a8-b6b6-c87fac616c81@group-8B8FE5B4B5B0-LeaderElection4] INFO  grpc.GrpcConfigKeys$Server (ConfUtils.java:logGet(43)) - raft.grpc.server.leader.outstanding.appends.max = 128 (default)
2019-10-20 18:37:47,178 [7e7122d9-53dc-47a8-b6b6-c87fac616c81@group-8B8FE5B4B5B0-LeaderElection4] INFO  server.RaftServerConfigKeys (ConfUtils.java:logGet(43)) - raft.server.rpc.request.timeout = 3000ms (default)
2019-10-20 18:37:47,178 [7e7122d9-53dc-47a8-b6b6-c87fac616c81@group-8B8FE5B4B5B0-LeaderElection4] INFO  server.RaftServerConfigKeys (ConfUtils.java:logGet(43)) - raft.server.log.appender.install.snapshot.enabled = false (custom)
2019-10-20 18:37:47,182 [7e7122d9-53dc-47a8-b6b6-c87fac616c81@group-8B8FE5B4B5B0-LeaderElection4] INFO  server.RaftServerConfigKeys (ConfUtils.java:logGet(43)) - raft.server.log.appender.snapshot.chunk.size.max = 16MB (=16777216) (default)
2019-10-20 18:37:47,182 [7e7122d9-53dc-47a8-b6b6-c87fac616c81@group-8B8FE5B4B5B0-LeaderElection4] INFO  server.RaftServerConfigKeys (ConfUtils.java:logGet(43)) - raft.server.log.appender.buffer.byte-limit = 33554432 (custom)
2019-10-20 18:37:47,182 [7e7122d9-53dc-47a8-b6b6-c87fac616c81@group-8B8FE5B4B5B0-LeaderElection4] INFO  server.RaftServerConfigKeys (ConfUtils.java:logGet(43)) - raft.server.log.appender.buffer.element-limit = 1 (custom)
2019-10-20 18:37:47,182 [7e7122d9-53dc-47a8-b6b6-c87fac616c81@group-8B8FE5B4B5B0-LeaderElection4] INFO  grpc.GrpcConfigKeys$Server (ConfUtils.java:logGet(43)) - raft.grpc.server.leader.outstanding.appends.max = 128 (default)
2019-10-20 18:37:47,182 [7e7122d9-53dc-47a8-b6b6-c87fac616c81@group-8B8FE5B4B5B0-LeaderElection4] INFO  server.RaftServerConfigKeys (ConfUtils.java:logGet(43)) - raft.server.rpc.request.timeout = 3000ms (default)
2019-10-20 18:37:47,182 [7e7122d9-53dc-47a8-b6b6-c87fac616c81@group-8B8FE5B4B5B0-LeaderElection4] INFO  server.RaftServerConfigKeys (ConfUtils.java:logGet(43)) - raft.server.log.appender.install.snapshot.enabled = false (custom)
2019-10-20 18:37:47,187 [5459e257-ccbc-435a-9427-c3c16be66685@group-8B8FE5B4B5B0-LeaderElection7] INFO  impl.LeaderElection (LeaderElection.java:askForVotes(178)) - 5459e257-ccbc-435a-9427-c3c16be66685@group-8B8FE5B4B5B0-LeaderElection7: begin an election at term 5 for -1: [7e7122d9-53dc-47a8-b6b6-c87fac616c81:192.168.164.253:46735, c90420fb-507e-4f39-9d1e-d32950a26e2a:192.168.164.253:35682, 5459e257-ccbc-435a-9427-c3c16be66685:192.168.164.253:45469], old=null
2019-10-20 18:37:47,187 [7e7122d9-53dc-47a8-b6b6-c87fac616c81@group-8B8FE5B4B5B0-LeaderElection4] INFO  impl.RoleInfo (RoleInfo.java:updateAndGet(143)) - 7e7122d9-53dc-47a8-b6b6-c87fac616c81: start LeaderState
2019-10-20 18:37:47,187 [7e7122d9-53dc-47a8-b6b6-c87fac616c81@group-8B8FE5B4B5B0-LeaderElection4] INFO  segmented.SegmentedRaftLogWorker (SegmentedRaftLogWorker.java:startLogSegment(385)) - 7e7122d9-53dc-47a8-b6b6-c87fac616c81@group-8B8FE5B4B5B0-SegmentedRaftLogWorker: Starting segment from index:0
2019-10-20 18:37:47,188 [5459e257-ccbc-435a-9427-c3c16be66685@group-8B8FE5B4B5B0-LeaderElection7] INFO  impl.LeaderElection (LeaderElection.java:logAndReturn(56)) - 5459e257-ccbc-435a-9427-c3c16be66685@group-8B8FE5B4B5B0-LeaderElection7: Election REJECTED; received 0 response(s) [] and 0 exception(s); 5459e257-ccbc-435a-9427-c3c16be66685@group-8B8FE5B4B5B0:t5, leader=null, voted=5459e257-ccbc-435a-9427-c3c16be66685, raftlog=5459e257-ccbc-435a-9427-c3c16be66685@group-8B8FE5B4B5B0-SegmentedRaftLog:OPENED:c-1,f-1,i0, conf=-1: [7e7122d9-53dc-47a8-b6b6-c87fac616c81:192.168.164.253:46735, c90420fb-507e-4f39-9d1e-d32950a26e2a:192.168.164.253:35682, 5459e257-ccbc-435a-9427-c3c16be66685:192.168.164.253:45469], old=null
2019-10-20 18:37:47,213 [Thread-235] INFO  impl.FollowerState (FollowerState.java:run(108)) - 5459e257-ccbc-435a-9427-c3c16be66685@group-8B8FE5B4B5B0-FollowerState: change to CANDIDATE, lastRpcTime:49ms, electionTimeout:45ms
2019-10-20 18:37:47,216 [Thread-235] INFO  impl.RoleInfo (RoleInfo.java:shutdownFollowerState(121)) - 5459e257-ccbc-435a-9427-c3c16be66685: shutdown FollowerState
2019-10-20 18:37:47,216 [7e7122d9-53dc-47a8-b6b6-c87fac616c81@group-8B8FE5B4B5B0-LeaderElection4] INFO  impl.RaftServerImpl (ServerState.java:setRaftConf(357)) - 7e7122d9-53dc-47a8-b6b6-c87fac616c81@group-8B8FE5B4B5B0: set configuration 0: [7e7122d9-53dc-47a8-b6b6-c87fac616c81:192.168.164.253:46735, c90420fb-507e-4f39-9d1e-d32950a26e2a:192.168.164.253:35682, 5459e257-ccbc-435a-9427-c3c16be66685:192.168.164.253:45469], old=null at 0
2019-10-20 18:37:47,217 [Thread-235] INFO  impl.RaftServerImpl (RaftServerImpl.java:setRole(184)) - 5459e257-ccbc-435a-9427-c3c16be66685@group-8B8FE5B4B5B0: changes role from  FOLLOWER to CANDIDATE at term 5 for changeToCandidate
2019-10-20 18:37:47,218 [Thread-235] INFO  impl.RoleInfo (RoleInfo.java:updateAndGet(143)) - 5459e257-ccbc-435a-9427-c3c16be66685: start LeaderElection
2019-10-20 18:37:47,225 [grpc-default-executor-1] INFO  impl.RaftServerImpl (RaftServerImpl.java:setRole(184)) - c90420fb-507e-4f39-9d1e-d32950a26e2a@group-8B8FE5B4B5B0: changes role from  FOLLOWER to FOLLOWER at term 5 for recognizeCandidate:5459e257-ccbc-435a-9427-c3c16be66685
2019-10-20 18:37:47,225 [grpc-default-executor-0] INFO  impl.RaftServerImpl (ServerState.java:setLeader(256)) - 7e7122d9-53dc-47a8-b6b6-c87fac616c81@group-8B8FE5B4B5B0: change Leader from 7e7122d9-53dc-47a8-b6b6-c87fac616c81 to null at term 5 for updateCurrentTerm
2019-10-20 18:37:47,225 [grpc-default-executor-1] INFO  impl.RoleInfo (RoleInfo.java:shutdownFollowerState(121)) - c90420fb-507e-4f39-9d1e-d32950a26e2a: shutdown FollowerState
2019-10-20 18:37:47,225 [grpc-default-executor-0] INFO  impl.RaftServerImpl (RaftServerImpl.java:setRole(184)) - 7e7122d9-53dc-47a8-b6b6-c87fac616c81@group-8B8FE5B4B5B0: changes role from    LEADER to FOLLOWER at term 5 for recognizeCandidate:5459e257-ccbc-435a-9427-c3c16be66685
2019-10-20 18:37:47,225 [grpc-default-executor-1] INFO  impl.RoleInfo (RoleInfo.java:updateAndGet(143)) - c90420fb-507e-4f39-9d1e-d32950a26e2a: start FollowerState
2019-10-20 18:37:47,225 [Thread-232] INFO  impl.FollowerState (FollowerState.java:run(117)) - c90420fb-507e-4f39-9d1e-d32950a26e2a@group-8B8FE5B4B5B0-FollowerState was interrupted: java.lang.InterruptedException: sleep interrupted
2019-10-20 18:37:47,225 [grpc-default-executor-0] INFO  impl.RoleInfo (RoleInfo.java:shutdownLeaderState(104)) - 7e7122d9-53dc-47a8-b6b6-c87fac616c81: shutdown LeaderState
2019-10-20 18:37:47,229 [grpc-default-executor-0] INFO  impl.PendingRequests (PendingRequests.java:sendNotLeaderResponses(202)) - 7e7122d9-53dc-47a8-b6b6-c87fac616c81@group-8B8FE5B4B5B0-PendingRequests: sendNotLeaderResponses
2019-10-20 18:37:47,231 [grpc-default-executor-0] INFO  impl.RoleInfo (RoleInfo.java:updateAndGet(143)) - 7e7122d9-53dc-47a8-b6b6-c87fac616c81: start FollowerState
2019-10-20 18:37:47,233 [org.apache.ratis.server.impl.LogAppender$AppenderDaemon$$Lambda$412/326926900@332423ea] WARN  server.GrpcLogAppender (GrpcLogAppender.java:mayWait(149)) - 7e7122d9-53dc-47a8-b6b6-c87fac616c81@group-8B8FE5B4B5B0->5459e257-ccbc-435a-9427-c3c16be66685-GrpcLogAppender: Wait interrupted by java.lang.InterruptedException
2019-10-20 18:37:47,238 [7e7122d9-53dc-47a8-b6b6-c87fac616c81@group-8B8FE5B4B5B0-SegmentedRaftLogWorker] INFO  segmented.SegmentedRaftLogWorker (SegmentedRaftLogWorker.java:execute(576)) - 7e7122d9-53dc-47a8-b6b6-c87fac616c81@group-8B8FE5B4B5B0-SegmentedRaftLogWorker: created new log segment /workdir/hadoop-ozone/integration-test/target/test-dir/MiniOzoneClusterImpl-bb5c499c-1fef-4eeb-ae34-687819fae390/datanode-1/data/ratis/e053cdee-5b19-4be2-866a-8b8fe5b4b5b0/current/log_inprogress_0
2019-10-20 18:37:47,238 [5459e257-ccbc-435a-9427-c3c16be66685@group-8B8FE5B4B5B0-LeaderElection8] INFO  impl.LeaderElection (LeaderElection.java:askForVotes(178)) - 5459e257-ccbc-435a-9427-c3c16be66685@group-8B8FE5B4B5B0-LeaderElection8: begin an election at term 6 for -1: [7e7122d9-53dc-47a8-b6b6-c87fac616c81:192.168.164.253:46735, c90420fb-507e-4f39-9d1e-d32950a26e2a:192.168.164.253:35682, 5459e257-ccbc-435a-9427-c3c16be66685:192.168.164.253:45469], old=null
2019-10-20 18:37:47,233 [org.apache.ratis.server.impl.LogAppender$AppenderDaemon$$Lambda$412/326926900@4f7d89e9] WARN  server.GrpcLogAppender (GrpcLogAppender.java:mayWait(149)) - 7e7122d9-53dc-47a8-b6b6-c87fac616c81@group-8B8FE5B4B5B0->c90420fb-507e-4f39-9d1e-d32950a26e2a-GrpcLogAppender: Wait interrupted by java.lang.InterruptedException
2019-10-20 18:37:47,246 [grpc-default-executor-2] INFO  server.GrpcServerProtocolService (GrpcServerProtocolService.java:onCompleted(113)) - 5459e257-ccbc-435a-9427-c3c16be66685: Completed APPEND_ENTRIES, lastRequest: null
2019-10-20 18:37:47,246 [grpc-default-executor-4] INFO  server.GrpcServerProtocolService (GrpcServerProtocolService.java:onCompleted(113)) - c90420fb-507e-4f39-9d1e-d32950a26e2a: Completed APPEND_ENTRIES, lastRequest: null
2019-10-20 18:37:47,248 [grpc-default-executor-2] INFO  server.GrpcLogAppender (GrpcLogAppender.java:onCompleted(308)) - 7e7122d9-53dc-47a8-b6b6-c87fac616c81@group-8B8FE5B4B5B0->5459e257-ccbc-435a-9427-c3c16be66685-AppendLogResponseHandler: follower responses appendEntries COMPLETED
2019-10-20 18:37:47,249 [grpc-default-executor-4] INFO  server.GrpcLogAppender (GrpcLogAppender.java:onCompleted(308)) - 7e7122d9-53dc-47a8-b6b6-c87fac616c81@group-8B8FE5B4B5B0->c90420fb-507e-4f39-9d1e-d32950a26e2a-AppendLogResponseHandler: follower responses appendEntries COMPLETED
2019-10-20 18:37:47,251 [grpc-default-executor-2] INFO  impl.FollowerInfo (FollowerInfo.java:lambda$new$0(51)) - 7e7122d9-53dc-47a8-b6b6-c87fac616c81@group-8B8FE5B4B5B0->5459e257-ccbc-435a-9427-c3c16be66685: nextIndex: updateUnconditionally 0 -> 0
2019-10-20 18:37:47,251 [grpc-default-executor-4] INFO  impl.FollowerInfo (FollowerInfo.java:lambda$new$0(51)) - 7e7122d9-53dc-47a8-b6b6-c87fac616c81@group-8B8FE5B4B5B0->c90420fb-507e-4f39-9d1e-d32950a26e2a: nextIndex: updateUnconditionally 0 -> 0
2019-10-20 18:37:47,255 [grpc-default-executor-3] INFO  impl.RaftServerImpl (RaftServerImpl.java:setRole(184)) - 7e7122d9-53dc-47a8-b6b6-c87fac616c81@group-8B8FE5B4B5B0: changes role from  FOLLOWER to FOLLOWER at term 6 for recognizeCandidate:5459e257-ccbc-435a-9427-c3c16be66685
2019-10-20 18:37:47,255 [grpc-default-executor-5] INFO  impl.RaftServerImpl (RaftServerImpl.java:setRole(184)) - c90420fb-507e-4f39-9d1e-d32950a26e2a@group-8B8FE5B4B5B0: changes role from  FOLLOWER to FOLLOWER at term 6 for recognizeCandidate:5459e257-ccbc-435a-9427-c3c16be66685
2019-10-20 18:37:47,255 [grpc-default-executor-3] INFO  impl.RoleInfo (RoleInfo.java:shutdownFollowerState(121)) - 7e7122d9-53dc-47a8-b6b6-c87fac616c81: shutdown FollowerState
2019-10-20 18:37:47,255 [grpc-default-executor-5] INFO  impl.RoleInfo (RoleInfo.java:shutdownFollowerState(121)) - c90420fb-507e-4f39-9d1e-d32950a26e2a: shutdown FollowerState
2019-10-20 18:37:47,256 [grpc-default-executor-3] INFO  impl.RoleInfo (RoleInfo.java:updateAndGet(143)) - 7e7122d9-53dc-47a8-b6b6-c87fac616c81: start FollowerState
2019-10-20 18:37:47,256 [Thread-243] INFO  impl.FollowerState (FollowerState.java:run(117)) - 7e7122d9-53dc-47a8-b6b6-c87fac616c81@group-8B8FE5B4B5B0-FollowerState was interrupted: java.lang.InterruptedException: sleep interrupted
2019-10-20 18:37:47,256 [Thread-242] INFO  impl.FollowerState (FollowerState.java:run(117)) - c90420fb-507e-4f39-9d1e-d32950a26e2a@group-8B8FE5B4B5B0-FollowerState was interrupted: java.lang.InterruptedException: sleep interrupted
2019-10-20 18:37:47,256 [grpc-default-executor-5] INFO  impl.RoleInfo (RoleInfo.java:updateAndGet(143)) - c90420fb-507e-4f39-9d1e-d32950a26e2a: start FollowerState
2019-10-20 18:37:47,282 [5459e257-ccbc-435a-9427-c3c16be66685@group-8B8FE5B4B5B0-LeaderElection8] INFO  impl.LeaderElection (LeaderElection.java:logAndReturn(56)) - 5459e257-ccbc-435a-9427-c3c16be66685@group-8B8FE5B4B5B0-LeaderElection8: Election PASSED; received 2 response(s) [5459e257-ccbc-435a-9427-c3c16be66685<-7e7122d9-53dc-47a8-b6b6-c87fac616c81#0:FAIL-t6, 5459e257-ccbc-435a-9427-c3c16be66685<-c90420fb-507e-4f39-9d1e-d32950a26e2a#0:OK-t6] and 0 exception(s); 5459e257-ccbc-435a-9427-c3c16be66685@group-8B8FE5B4B5B0:t6, leader=null, voted=5459e257-ccbc-435a-9427-c3c16be66685, raftlog=5459e257-ccbc-435a-9427-c3c16be66685@group-8B8FE5B4B5B0-SegmentedRaftLog:OPENED:c-1,f-1,i0, conf=-1: [7e7122d9-53dc-47a8-b6b6-c87fac616c81:192.168.164.253:46735, c90420fb-507e-4f39-9d1e-d32950a26e2a:192.168.164.253:35682, 5459e257-ccbc-435a-9427-c3c16be66685:192.168.164.253:45469], old=null
2019-10-20 18:37:47,282 [5459e257-ccbc-435a-9427-c3c16be66685@group-8B8FE5B4B5B0-LeaderElection8] INFO  impl.RoleInfo (RoleInfo.java:shutdownLeaderElection(134)) - 5459e257-ccbc-435a-9427-c3c16be66685: shutdown LeaderElection
2019-10-20 18:37:47,284 [5459e257-ccbc-435a-9427-c3c16be66685@group-8B8FE5B4B5B0-LeaderElection8] INFO  impl.RaftServerImpl (RaftServerImpl.java:setRole(184)) - 5459e257-ccbc-435a-9427-c3c16be66685@group-8B8FE5B4B5B0: changes role from CANDIDATE to LEADER at term 6 for changeToLeader
2019-10-20 18:37:47,284 [5459e257-ccbc-435a-9427-c3c16be66685@group-8B8FE5B4B5B0-LeaderElection8] INFO  impl.RaftServerImpl (ServerState.java:setLeader(256)) - 5459e257-ccbc-435a-9427-c3c16be66685@group-8B8FE5B4B5B0: change Leader from null to 5459e257-ccbc-435a-9427-c3c16be66685 at term 6 for becomeLeader, leader elected after 475ms
2019-10-20 18:37:47,284 [5459e257-ccbc-435a-9427-c3c16be66685@group-8B8FE5B4B5B0-LeaderElection8] INFO  server.RaftServerConfigKeys (ConfUtils.java:logGet(43)) - raft.server.staging.catchup.gap = 1000 (default)
2019-10-20 18:37:47,284 [5459e257-ccbc-435a-9427-c3c16be66685@group-8B8FE5B4B5B0-LeaderElection8] INFO  server.RaftServerConfigKeys (ConfUtils.java:logGet(43)) - raft.server.rpc.sleep.time = 25ms (default)
2019-10-20 18:37:47,284 [5459e257-ccbc-435a-9427-c3c16be66685@group-8B8FE5B4B5B0-LeaderElection8] INFO  server.RaftServerConfigKeys (ConfUtils.java:logGet(43)) - raft.server.write.element-limit = 4096 (default)
2019-10-20 18:37:47,284 [5459e257-ccbc-435a-9427-c3c16be66685@group-8B8FE5B4B5B0-LeaderElection8] INFO  server.RaftServerConfigKeys (ConfUtils.java:logGet(43)) - raft.server.watch.timeout = 10s (default)
2019-10-20 18:37:47,284 [5459e257-ccbc-435a-9427-c3c16be66685@group-8B8FE5B4B5B0-LeaderElection8] INFO  server.RaftServerConfigKeys (ConfUtils.java:logGet(43)) - raft.server.watch.timeout.denomination = 1s (default)
2019-10-20 18:37:47,284 [5459e257-ccbc-435a-9427-c3c16be66685@group-8B8FE5B4B5B0-LeaderElection8] INFO  server.RaftServerConfigKeys (ConfUtils.java:logGet(43)) - raft.server.watch.element-limit = 65536 (default)
2019-10-20 18:37:47,286 [5459e257-ccbc-435a-9427-c3c16be66685@group-8B8FE5B4B5B0-LeaderElection8] INFO  server.RaftServerConfigKeys (ConfUtils.java:logGet(43)) - raft.server.log.appender.snapshot.chunk.size.max = 16MB (=16777216) (default)
2019-10-20 18:37:47,286 [5459e257-ccbc-435a-9427-c3c16be66685@group-8B8FE5B4B5B0-LeaderElection8] INFO  server.RaftServerConfigKeys (ConfUtils.java:logGet(43)) - raft.server.log.appender.buffer.byte-limit = 33554432 (custom)
2019-10-20 18:37:47,287 [5459e257-ccbc-435a-9427-c3c16be66685@group-8B8FE5B4B5B0-LeaderElection8] INFO  server.RaftServerConfigKeys (ConfUtils.java:logGet(43)) - raft.server.log.appender.buffer.element-limit = 1 (custom)
2019-10-20 18:37:47,287 [5459e257-ccbc-435a-9427-c3c16be66685@group-8B8FE5B4B5B0-LeaderElection8] INFO  grpc.GrpcConfigKeys$Server (ConfUtils.java:logGet(43)) - raft.grpc.server.leader.outstanding.appends.max = 128 (default)
2019-10-20 18:37:47,287 [5459e257-ccbc-435a-9427-c3c16be66685@group-8B8FE5B4B5B0-LeaderElection8] INFO  server.RaftServerConfigKeys (ConfUtils.java:logGet(43)) - raft.server.rpc.request.timeout = 3000ms (default)
2019-10-20 18:37:47,287 [5459e257-ccbc-435a-9427-c3c16be66685@group-8B8FE5B4B5B0-LeaderElection8] INFO  server.RaftServerConfigKeys (ConfUtils.java:logGet(43)) - raft.server.log.appender.install.snapshot.enabled = false (custom)
2019-10-20 18:37:47,289 [5459e257-ccbc-435a-9427-c3c16be66685@group-8B8FE5B4B5B0-LeaderElection8] INFO  server.RaftServerConfigKeys (ConfUtils.java:logGet(43)) - raft.server.log.appender.snapshot.chunk.size.max = 16MB (=16777216) (default)
2019-10-20 18:37:47,289 [5459e257-ccbc-435a-9427-c3c16be66685@group-8B8FE5B4B5B0-LeaderElection8] INFO  server.RaftServerConfigKeys (ConfUtils.java:logGet(43)) - raft.server.log.appender.buffer.byte-limit = 33554432 (custom)
2019-10-20 18:37:47,289 [5459e257-ccbc-435a-9427-c3c16be66685@group-8B8FE5B4B5B0-LeaderElection8] INFO  server.RaftServerConfigKeys (ConfUtils.java:logGet(43)) - raft.server.log.appender.buffer.element-limit = 1 (custom)
2019-10-20 18:37:47,289 [5459e257-ccbc-435a-9427-c3c16be66685@group-8B8FE5B4B5B0-LeaderElection8] INFO  grpc.GrpcConfigKeys$Server (ConfUtils.java:logGet(43)) - raft.grpc.server.leader.outstanding.appends.max = 128 (default)
2019-10-20 18:37:47,289 [5459e257-ccbc-435a-9427-c3c16be66685@group-8B8FE5B4B5B0-LeaderElection8] INFO  server.RaftServerConfigKeys (ConfUtils.java:logGet(43)) - raft.server.rpc.request.timeout = 3000ms (default)
2019-10-20 18:37:47,289 [5459e257-ccbc-435a-9427-c3c16be66685@group-8B8FE5B4B5B0-LeaderElection8] INFO  server.RaftServerConfigKeys (ConfUtils.java:logGet(43)) - raft.server.log.appender.install.snapshot.enabled = false (custom)
2019-10-20 18:37:47,291 [5459e257-ccbc-435a-9427-c3c16be66685@group-8B8FE5B4B5B0-LeaderElection8] INFO  impl.RoleInfo (RoleInfo.java:updateAndGet(143)) - 5459e257-ccbc-435a-9427-c3c16be66685: start LeaderState
2019-10-20 18:37:47,291 [5459e257-ccbc-435a-9427-c3c16be66685@group-8B8FE5B4B5B0-LeaderElection8] INFO  segmented.SegmentedRaftLogWorker (SegmentedRaftLogWorker.java:startLogSegment(385)) - 5459e257-ccbc-435a-9427-c3c16be66685@group-8B8FE5B4B5B0-SegmentedRaftLogWorker: Starting segment from index:0
2019-10-20 18:37:47,292 [5459e257-ccbc-435a-9427-c3c16be66685@group-8B8FE5B4B5B0-LeaderElection8] INFO  impl.RaftServerImpl (ServerState.java:setRaftConf(357)) - 5459e257-ccbc-435a-9427-c3c16be66685@group-8B8FE5B4B5B0: set configuration 0: [7e7122d9-53dc-47a8-b6b6-c87fac616c81:192.168.164.253:46735, c90420fb-507e-4f39-9d1e-d32950a26e2a:192.168.164.253:35682, 5459e257-ccbc-435a-9427-c3c16be66685:192.168.164.253:45469], old=null at 0
2019-10-20 18:37:47,320 [grpc-default-executor-5] INFO  impl.RaftServerImpl (ServerState.java:setLeader(256)) - 7e7122d9-53dc-47a8-b6b6-c87fac616c81@group-8B8FE5B4B5B0: change Leader from null to 5459e257-ccbc-435a-9427-c3c16be66685 at term 6 for appendEntries, leader elected after 95ms
2019-10-20 18:37:47,320 [grpc-default-executor-3] INFO  impl.RaftServerImpl (ServerState.java:setLeader(256)) - c90420fb-507e-4f39-9d1e-d32950a26e2a@group-8B8FE5B4B5B0: change Leader from null to 5459e257-ccbc-435a-9427-c3c16be66685 at term 6 for appendEntries, leader elected after 512ms
2019-10-20 18:37:47,340 [5459e257-ccbc-435a-9427-c3c16be66685@group-8B8FE5B4B5B0-SegmentedRaftLogWorker] INFO  segmented.SegmentedRaftLogWorker (SegmentedRaftLogWorker.java:execute(576)) - 5459e257-ccbc-435a-9427-c3c16be66685@group-8B8FE5B4B5B0-SegmentedRaftLogWorker: created new log segment /workdir/hadoop-ozone/integration-test/target/test-dir/MiniOzoneClusterImpl-bb5c499c-1fef-4eeb-ae34-687819fae390/datanode-2/data/ratis/e053cdee-5b19-4be2-866a-8b8fe5b4b5b0/current/log_inprogress_0
2019-10-20 18:37:47,342 [grpc-default-executor-5] INFO  impl.RaftServerImpl (ServerState.java:setRaftConf(357)) - c90420fb-507e-4f39-9d1e-d32950a26e2a@group-8B8FE5B4B5B0: set configuration 0: [7e7122d9-53dc-47a8-b6b6-c87fac616c81:192.168.164.253:46735, c90420fb-507e-4f39-9d1e-d32950a26e2a:192.168.164.253:35682, 5459e257-ccbc-435a-9427-c3c16be66685:192.168.164.253:45469], old=null at 0
2019-10-20 18:37:47,342 [grpc-default-executor-3] INFO  impl.RaftServerImpl (ServerState.java:setRaftConf(357)) - 7e7122d9-53dc-47a8-b6b6-c87fac616c81@group-8B8FE5B4B5B0: set configuration 0: [7e7122d9-53dc-47a8-b6b6-c87fac616c81:192.168.164.253:46735, c90420fb-507e-4f39-9d1e-d32950a26e2a:192.168.164.253:35682, 5459e257-ccbc-435a-9427-c3c16be66685:192.168.164.253:45469], old=null at 0
2019-10-20 18:37:47,342 [grpc-default-executor-5] INFO  segmented.SegmentedRaftLogWorker (SegmentedRaftLogWorker.java:startLogSegment(385)) - c90420fb-507e-4f39-9d1e-d32950a26e2a@group-8B8FE5B4B5B0-SegmentedRaftLogWorker: Starting segment from index:0
2019-10-20 18:37:47,344 [grpc-default-executor-3] INFO  segmented.SegmentedRaftLogWorker (SegmentedRaftLogWorker.java:truncate(401)) - 7e7122d9-53dc-47a8-b6b6-c87fac616c81@group-8B8FE5B4B5B0-SegmentedRaftLogWorker: Truncating segments toTruncate: null
  toDelete: [(0, 0) isOpen? true, length=0, newEndIndex=-1], start index 0
2019-10-20 18:37:47,344 [grpc-default-executor-3] INFO  segmented.SegmentedRaftLogWorker (SegmentedRaftLogWorker.java:startLogSegment(385)) - 7e7122d9-53dc-47a8-b6b6-c87fac616c81@group-8B8FE5B4B5B0-SegmentedRaftLogWorker: Starting segment from index:0
2019-10-20 18:37:47,346 [7e7122d9-53dc-47a8-b6b6-c87fac616c81@group-8B8FE5B4B5B0-SegmentedRaftLogWorker] INFO  segmented.SegmentedRaftLogWorker (SegmentedRaftLogWorker.java:execute(640)) - 7e7122d9-53dc-47a8-b6b6-c87fac616c81@group-8B8FE5B4B5B0-SegmentedRaftLogWorker: Deleted log file /workdir/hadoop-ozone/integration-test/target/test-dir/MiniOzoneClusterImpl-bb5c499c-1fef-4eeb-ae34-687819fae390/datanode-1/data/ratis/e053cdee-5b19-4be2-866a-8b8fe5b4b5b0/current/log_inprogress_0
2019-10-20 18:37:47,347 [7e7122d9-53dc-47a8-b6b6-c87fac616c81@group-8B8FE5B4B5B0-SegmentedRaftLogWorker] INFO  segmented.SegmentedRaftLogWorker (SegmentedRaftLogWorker.java:lambda$new$0(128)) - 7e7122d9-53dc-47a8-b6b6-c87fac616c81@group-8B8FE5B4B5B0-SegmentedRaftLogWorker: flushIndex: setUnconditionally 0 -> -1
2019-10-20 18:37:47,424 [7e7122d9-53dc-47a8-b6b6-c87fac616c81@group-8B8FE5B4B5B0-SegmentedRaftLogWorker] INFO  segmented.SegmentedRaftLogWorker (SegmentedRaftLogWorker.java:execute(576)) - 7e7122d9-53dc-47a8-b6b6-c87fac616c81@group-8B8FE5B4B5B0-SegmentedRaftLogWorker: created new log segment /workdir/hadoop-ozone/integration-test/target/test-dir/MiniOzoneClusterImpl-bb5c499c-1fef-4eeb-ae34-687819fae390/datanode-1/data/ratis/e053cdee-5b19-4be2-866a-8b8fe5b4b5b0/current/log_inprogress_0
2019-10-20 18:37:47,424 [c90420fb-507e-4f39-9d1e-d32950a26e2a@group-8B8FE5B4B5B0-SegmentedRaftLogWorker] INFO  segmented.SegmentedRaftLogWorker (SegmentedRaftLogWorker.java:execute(576)) - c90420fb-507e-4f39-9d1e-d32950a26e2a@group-8B8FE5B4B5B0-SegmentedRaftLogWorker: created new log segment /workdir/hadoop-ozone/integration-test/target/test-dir/MiniOzoneClusterImpl-bb5c499c-1fef-4eeb-ae34-687819fae390/datanode-0/data/ratis/e053cdee-5b19-4be2-866a-8b8fe5b4b5b0/current/log_inprogress_0
2019-10-20 18:37:47,855 [main] INFO  rpc.RpcClient (RpcClient.java:createVolume(272)) - Creating Volume: testcontainerstatemachinefailures, with jenkins1000 as owner.
2019-10-20 18:37:47,938 [IPC Server handler 8 on 32808] INFO  volume.OMVolumeCreateRequest (OMVolumeCreateRequest.java:validateAndUpdateCache(193)) - created volume:testcontainerstatemachinefailures for user:jenkins1000
2019-10-20 18:37:47,956 [main] INFO  rpc.RpcClient (RpcClient.java:createBucket(411)) - Creating Bucket: testcontainerstatemachinefailures/testcontainerstatemachinefailures, with Versioning false and Storage Type set to DISK and Encryption set to false 
2019-10-20 18:37:48,008 [IPC Server handler 0 on 35622] INFO  server.SCMBlockProtocolServer (SCMBlockProtocolServer.java:allocateBlock(179)) - Allocating 1 blocks of size 4194304, with ExcludeList {datanodes = [], containerIds = [], pipelineIds = []}
2019-10-20 18:37:48,089 [main] INFO  impl.MetricsSystemImpl (MetricsSystemImpl.java:init(158)) - XceiverClientMetrics metrics system started (again)
2019-10-20 18:37:48,717 [Datanode State Machine Thread - 0] INFO  statemachine.DatanodeStateMachine (DatanodeStateMachine.java:lambda$startDaemon$0(350)) - Ozone container server started.
2019-10-20 18:37:48,736 [Thread-181] INFO  container.ReplicationManager (ReplicationManager.java:start(162)) - Starting Replication Monitor Thread.
2019-10-20 18:37:48,738 [ReplicationMonitor] INFO  container.ReplicationManager (ReplicationManager.java:run(225)) - Replication Monitor Thread took 1 milliseconds for processing 1 containers.
2019-10-20 18:37:53,645 [main] INFO  ozoneimpl.OzoneContainer (OzoneContainer.java:stop(227)) - Attempting to stop container services.
2019-10-20 18:37:53,646 [main] INFO  impl.RaftServerProxy (RaftServerProxy.java:lambda$close$4(314)) - 7e7122d9-53dc-47a8-b6b6-c87fac616c81: close
2019-10-20 18:37:53,647 [main] INFO  impl.RaftServerImpl (RaftServerImpl.java:lambda$shutdown$3(261)) - 7e7122d9-53dc-47a8-b6b6-c87fac616c81@group-4D7E28B49252: shutdown
2019-10-20 18:37:53,648 [main] INFO  util.JmxRegister (JmxRegister.java:unregister(73)) - Successfully un-registered JMX Bean with object name Ratis:service=RaftServer,group=group-4D7E28B49252,id=7e7122d9-53dc-47a8-b6b6-c87fac616c81
2019-10-20 18:37:53,648 [main] INFO  impl.RoleInfo (RoleInfo.java:shutdownLeaderState(104)) - 7e7122d9-53dc-47a8-b6b6-c87fac616c81: shutdown LeaderState
2019-10-20 18:37:53,648 [main] INFO  impl.PendingRequests (PendingRequests.java:sendNotLeaderResponses(202)) - 7e7122d9-53dc-47a8-b6b6-c87fac616c81@group-4D7E28B49252-PendingRequests: sendNotLeaderResponses
2019-10-20 18:37:53,649 [main] INFO  impl.StateMachineUpdater (StateMachineUpdater.java:stopAndJoin(136)) - 7e7122d9-53dc-47a8-b6b6-c87fac616c81@group-4D7E28B49252-StateMachineUpdater: set stopIndex = 0
2019-10-20 18:37:53,649 [main] INFO  impl.RaftServerImpl (ServerState.java:close(388)) - 7e7122d9-53dc-47a8-b6b6-c87fac616c81@group-4D7E28B49252: closes. applyIndex: 0
2019-10-20 18:37:53,651 [7e7122d9-53dc-47a8-b6b6-c87fac616c81@group-4D7E28B49252-SegmentedRaftLogWorker] INFO  segmented.SegmentedRaftLogWorker (SegmentedRaftLogWorker.java:run(316)) - 7e7122d9-53dc-47a8-b6b6-c87fac616c81@group-4D7E28B49252-SegmentedRaftLogWorker was interrupted, exiting. There are 0 tasks remaining in the queue.
2019-10-20 18:37:53,652 [main] INFO  segmented.SegmentedRaftLogWorker (SegmentedRaftLogWorker.java:close(224)) - 7e7122d9-53dc-47a8-b6b6-c87fac616c81@group-4D7E28B49252-SegmentedRaftLogWorker close()
2019-10-20 18:37:53,654 [main] INFO  impl.RaftServerImpl (RaftServerImpl.java:lambda$shutdown$3(261)) - 7e7122d9-53dc-47a8-b6b6-c87fac616c81@group-8B8FE5B4B5B0: shutdown
2019-10-20 18:37:53,655 [main] INFO  util.JmxRegister (JmxRegister.java:unregister(73)) - Successfully un-registered JMX Bean with object name Ratis:service=RaftServer,group=group-8B8FE5B4B5B0,id=7e7122d9-53dc-47a8-b6b6-c87fac616c81
2019-10-20 18:37:53,655 [main] INFO  impl.RoleInfo (RoleInfo.java:shutdownFollowerState(121)) - 7e7122d9-53dc-47a8-b6b6-c87fac616c81: shutdown FollowerState
2019-10-20 18:37:53,655 [main] INFO  impl.StateMachineUpdater (StateMachineUpdater.java:stopAndJoin(136)) - 7e7122d9-53dc-47a8-b6b6-c87fac616c81@group-8B8FE5B4B5B0-StateMachineUpdater: set stopIndex = 4
2019-10-20 18:37:53,655 [7e7122d9-53dc-47a8-b6b6-c87fac616c81@group-8B8FE5B4B5B0-StateMachineUpdater] INFO  ratis.ContainerStateMachine (ContainerStateMachine.java:takeSnapshot(294)) - group-8B8FE5B4B5B0: Taking a snapshot at:(t:6, i:3) file /workdir/hadoop-ozone/integration-test/target/test-dir/MiniOzoneClusterImpl-bb5c499c-1fef-4eeb-ae34-687819fae390/datanode-1/data/ratis/e053cdee-5b19-4be2-866a-8b8fe5b4b5b0/sm/snapshot.6_3
2019-10-20 18:37:53,655 [Thread-246] INFO  impl.FollowerState (FollowerState.java:run(117)) - 7e7122d9-53dc-47a8-b6b6-c87fac616c81@group-8B8FE5B4B5B0-FollowerState was interrupted: java.lang.InterruptedException: sleep interrupted
2019-10-20 18:37:53,772 [7e7122d9-53dc-47a8-b6b6-c87fac616c81@group-8B8FE5B4B5B0-StateMachineUpdater] INFO  ratis.ContainerStateMachine (ContainerStateMachine.java:takeSnapshot(305)) - group-8B8FE5B4B5B0: Finished taking a snapshot at:(t:6, i:3) file:/workdir/hadoop-ozone/integration-test/target/test-dir/MiniOzoneClusterImpl-bb5c499c-1fef-4eeb-ae34-687819fae390/datanode-1/data/ratis/e053cdee-5b19-4be2-866a-8b8fe5b4b5b0/sm/snapshot.6_3 time:117
2019-10-20 18:37:53,773 [7e7122d9-53dc-47a8-b6b6-c87fac616c81@group-8B8FE5B4B5B0-StateMachineUpdater] INFO  impl.StateMachineUpdater (StateMachineUpdater.java:takeSnapshot(269)) - 7e7122d9-53dc-47a8-b6b6-c87fac616c81@group-8B8FE5B4B5B0-StateMachineUpdater: Took a snapshot at index 3
2019-10-20 18:37:53,774 [7e7122d9-53dc-47a8-b6b6-c87fac616c81@group-8B8FE5B4B5B0-StateMachineUpdater] INFO  impl.StateMachineUpdater (StateMachineUpdater.java:lambda$new$0(84)) - 7e7122d9-53dc-47a8-b6b6-c87fac616c81@group-8B8FE5B4B5B0-StateMachineUpdater: snapshotIndex: updateIncreasingly -1 -> 3
2019-10-20 18:37:53,778 [7e7122d9-53dc-47a8-b6b6-c87fac616c81@group-8B8FE5B4B5B0-StateMachineUpdater] INFO  ratis.ContainerStateMachine (ContainerStateMachine.java:takeSnapshot(294)) - group-8B8FE5B4B5B0: Taking a snapshot at:(t:6, i:3) file /workdir/hadoop-ozone/integration-test/target/test-dir/MiniOzoneClusterImpl-bb5c499c-1fef-4eeb-ae34-687819fae390/datanode-1/data/ratis/e053cdee-5b19-4be2-866a-8b8fe5b4b5b0/sm/snapshot.6_3
2019-10-20 18:37:53,805 [7e7122d9-53dc-47a8-b6b6-c87fac616c81@group-8B8FE5B4B5B0-StateMachineUpdater] INFO  ratis.ContainerStateMachine (ContainerStateMachine.java:takeSnapshot(305)) - group-8B8FE5B4B5B0: Finished taking a snapshot at:(t:6, i:3) file:/workdir/hadoop-ozone/integration-test/target/test-dir/MiniOzoneClusterImpl-bb5c499c-1fef-4eeb-ae34-687819fae390/datanode-1/data/ratis/e053cdee-5b19-4be2-866a-8b8fe5b4b5b0/sm/snapshot.6_3 time:27
2019-10-20 18:37:53,806 [7e7122d9-53dc-47a8-b6b6-c87fac616c81@group-8B8FE5B4B5B0-StateMachineUpdater] INFO  impl.StateMachineUpdater (StateMachineUpdater.java:takeSnapshot(269)) - 7e7122d9-53dc-47a8-b6b6-c87fac616c81@group-8B8FE5B4B5B0-StateMachineUpdater: Took a snapshot at index 3
2019-10-20 18:37:53,806 [7e7122d9-53dc-47a8-b6b6-c87fac616c81@group-8B8FE5B4B5B0-StateMachineUpdater] INFO  impl.StateMachineUpdater (StateMachineUpdater.java:lambda$new$0(84)) - 7e7122d9-53dc-47a8-b6b6-c87fac616c81@group-8B8FE5B4B5B0-StateMachineUpdater: snapshotIndex: updateIncreasingly 3 -> 3
2019-10-20 18:37:53,806 [main] INFO  impl.RaftServerImpl (ServerState.java:close(388)) - 7e7122d9-53dc-47a8-b6b6-c87fac616c81@group-8B8FE5B4B5B0: closes. applyIndex: 4
2019-10-20 18:37:53,807 [7e7122d9-53dc-47a8-b6b6-c87fac616c81@group-8B8FE5B4B5B0-SegmentedRaftLogWorker] INFO  segmented.SegmentedRaftLogWorker (SegmentedRaftLogWorker.java:run(316)) - 7e7122d9-53dc-47a8-b6b6-c87fac616c81@group-8B8FE5B4B5B0-SegmentedRaftLogWorker was interrupted, exiting. There are 0 tasks remaining in the queue.
2019-10-20 18:37:53,808 [main] INFO  segmented.SegmentedRaftLogWorker (SegmentedRaftLogWorker.java:close(224)) - 7e7122d9-53dc-47a8-b6b6-c87fac616c81@group-8B8FE5B4B5B0-SegmentedRaftLogWorker close()
2019-10-20 18:37:53,811 [main] INFO  server.GrpcService (GrpcService.java:closeImpl(164)) - 7e7122d9-53dc-47a8-b6b6-c87fac616c81: shutdown server with port 46735 now
2019-10-20 18:37:53,819 [grpc-default-executor-5] WARN  server.GrpcServerProtocolService (LogUtils.java:warn(134)) - 7e7122d9-53dc-47a8-b6b6-c87fac616c81: installSnapshot onError, lastRequest: 5459e257-ccbc-435a-9427-c3c16be66685->7e7122d9-53dc-47a8-b6b6-c87fac616c81#7-t6, previous=(t:6, i:4), leaderCommit=4, initializing? false, entries: <empty>: org.apache.ratis.thirdparty.io.grpc.StatusRuntimeException: CANCELLED: cancelled before receiving half close
2019-10-20 18:37:53,819 [main] INFO  server.GrpcService (GrpcService.java:closeImpl(172)) - 7e7122d9-53dc-47a8-b6b6-c87fac616c81: shutdown server with port 46735 successfully
2019-10-20 18:37:53,820 [grpc-default-executor-1] WARN  server.GrpcLogAppender (LogUtils.java:warn(134)) - 5459e257-ccbc-435a-9427-c3c16be66685@group-8B8FE5B4B5B0->7e7122d9-53dc-47a8-b6b6-c87fac616c81-AppendLogResponseHandler: Failed appendEntries: org.apache.ratis.thirdparty.io.grpc.StatusRuntimeException: CANCELLED: HTTP/2 error code: CANCEL
Received Rst Stream
2019-10-20 18:37:53,822 [refreshUsed-/workdir/hadoop-ozone/integration-test/target/test-dir/MiniOzoneClusterImpl-bb5c499c-1fef-4eeb-ae34-687819fae390/datanode-1/data/containers] WARN  fs.CachingGetSpaceUsed (CachingGetSpaceUsed.java:run(183)) - Thread Interrupted waiting to refresh disk information: sleep interrupted
2019-10-20 18:37:53,841 [main] INFO  utils.BackgroundService (BackgroundService.java:shutdown(151)) - Shutting down service BlockDeletingService
2019-10-20 18:37:53,846 [main] INFO  statemachine.DatanodeStateMachine (DatanodeStateMachine.java:stopDaemon(395)) - Ozone container server stopped.
2019-10-20 18:37:53,849 [main] INFO  handler.ContextHandler (ContextHandler.java:doStop(910)) - Stopped o.e.j.w.WebAppContext@5c77ba8f{/,null,UNAVAILABLE}{/hddsDatanode}
2019-10-20 18:37:53,854 [main] INFO  server.AbstractConnector (AbstractConnector.java:doStop(318)) - Stopped ServerConnector@660f0c{HTTP/1.1,[http/1.1]}{0.0.0.0:0}
2019-10-20 18:37:53,855 [main] INFO  handler.ContextHandler (ContextHandler.java:doStop(910)) - Stopped o.e.j.s.ServletContextHandler@5e65afb6{/static,jar:file:/home/user/.m2/repository/org/apache/hadoop/hadoop-hdds-container-service/0.5.0-SNAPSHOT/hadoop-hdds-container-service-0.5.0-SNAPSHOT.jar!/webapps/static,UNAVAILABLE}
2019-10-20 18:37:53,855 [main] INFO  handler.ContextHandler (ContextHandler.java:doStop(910)) - Stopped o.e.j.s.ServletContextHandler@6a472566{/logs,file:///workdir/hadoop-ozone/integration-test/target/log,UNAVAILABLE}
2019-10-20 18:37:56,861 [java.util.concurrent.ThreadPoolExecutor$Worker@550c84d3[State = -1, empty queue]] WARN  server.GrpcLogAppender (GrpcLogAppender.java:timeoutAppendRequest(209)) - 5459e257-ccbc-435a-9427-c3c16be66685@group-8B8FE5B4B5B0->7e7122d9-53dc-47a8-b6b6-c87fac616c81-GrpcLogAppender: appendEntries Timeout, request=5459e257-ccbc-435a-9427-c3c16be66685->7e7122d9-53dc-47a8-b6b6-c87fac616c81#8-t6, previous=(t:6, i:4), leaderCommit=4, initializing? false, entries: size=1, first=(t:6, i:5), STATEMACHINELOGENTRY, client-33348DE3F0EA, cid=8
2019-10-20 18:37:56,861 [java.util.concurrent.ThreadPoolExecutor$Worker@550c84d3[State = -1, empty queue]] WARN  server.GrpcLogAppender (GrpcLogAppender.java:timeoutAppendRequest(209)) - 5459e257-ccbc-435a-9427-c3c16be66685@group-8B8FE5B4B5B0->7e7122d9-53dc-47a8-b6b6-c87fac616c81-GrpcLogAppender: appendEntries Timeout, request=5459e257-ccbc-435a-9427-c3c16be66685->7e7122d9-53dc-47a8-b6b6-c87fac616c81#9-t6, previous=(t:6, i:5), leaderCommit=4, initializing? false, entries: size=1, first=(t:6, i:6), STATEMACHINELOGENTRY, client-33348DE3F0EA, cid=9
2019-10-20 18:37:56,874 [java.util.concurrent.ThreadPoolExecutor$Worker@550c84d3[State = -1, empty queue]] WARN  server.GrpcLogAppender (GrpcLogAppender.java:timeoutAppendRequest(209)) - 5459e257-ccbc-435a-9427-c3c16be66685@group-8B8FE5B4B5B0->7e7122d9-53dc-47a8-b6b6-c87fac616c81-GrpcLogAppender: appendEntries Timeout, request=5459e257-ccbc-435a-9427-c3c16be66685->7e7122d9-53dc-47a8-b6b6-c87fac616c81#10-t6, previous=(t:6, i:6), leaderCommit=6, initializing? false, entries: size=1, first=(t:6, i:7), METADATAENTRY(c5)
2019-10-20 18:37:56,875 [java.util.concurrent.ThreadPoolExecutor$Worker@550c84d3[State = -1, empty queue]] WARN  server.GrpcLogAppender (GrpcLogAppender.java:timeoutAppendRequest(209)) - 5459e257-ccbc-435a-9427-c3c16be66685@group-8B8FE5B4B5B0->7e7122d9-53dc-47a8-b6b6-c87fac616c81-GrpcLogAppender: appendEntries Timeout, request=5459e257-ccbc-435a-9427-c3c16be66685->7e7122d9-53dc-47a8-b6b6-c87fac616c81#11-t6, previous=(t:6, i:7), leaderCommit=6, initializing? false, entries: size=1, first=(t:6, i:8), METADATAENTRY(c6)
2019-10-20 18:37:59,376 [java.util.concurrent.ThreadPoolExecutor$Worker@550c84d3[State = -1, empty queue]] WARN  server.GrpcLogAppender (GrpcLogAppender.java:timeoutAppendRequest(209)) - 5459e257-ccbc-435a-9427-c3c16be66685@group-8B8FE5B4B5B0->7e7122d9-53dc-47a8-b6b6-c87fac616c81-GrpcLogAppender: appendEntries Timeout, request=5459e257-ccbc-435a-9427-c3c16be66685->7e7122d9-53dc-47a8-b6b6-c87fac616c81#12-t6, previous=(t:6, i:8), leaderCommit=8, initializing? false, entries: <empty>
2019-10-20 18:38:01,877 [java.util.concurrent.ThreadPoolExecutor$Worker@550c84d3[State = -1, empty queue]] WARN  server.GrpcLogAppender (GrpcLogAppender.java:timeoutAppendRequest(209)) - 5459e257-ccbc-435a-9427-c3c16be66685@group-8B8FE5B4B5B0->7e7122d9-53dc-47a8-b6b6-c87fac616c81-GrpcLogAppender: appendEntries Timeout, request=5459e257-ccbc-435a-9427-c3c16be66685->7e7122d9-53dc-47a8-b6b6-c87fac616c81#13-t6, previous=(t:6, i:8), leaderCommit=8, initializing? false, entries: <empty>
2019-10-20 18:38:04,378 [java.util.concurrent.ThreadPoolExecutor$Worker@550c84d3[State = -1, empty queue]] WARN  server.GrpcLogAppender (GrpcLogAppender.java:timeoutAppendRequest(209)) - 5459e257-ccbc-435a-9427-c3c16be66685@group-8B8FE5B4B5B0->7e7122d9-53dc-47a8-b6b6-c87fac616c81-GrpcLogAppender: appendEntries Timeout, request=5459e257-ccbc-435a-9427-c3c16be66685->7e7122d9-53dc-47a8-b6b6-c87fac616c81#14-t6, previous=(t:6, i:8), leaderCommit=8, initializing? false, entries: <empty>
2019-10-20 18:38:04,686 [Thread-312] INFO  client.GrpcClientProtocolService (GrpcClientProtocolService.java:lambda$processClientRequest$0(278)) - Failed RaftClientRequest:client-33348DE3F0EA->5459e257-ccbc-435a-9427-c3c16be66685@group-8B8FE5B4B5B0, cid=10, seq=0, Watch-ALL_COMMITTED(6), Message:<EMPTY>, reply=RaftClientReply:client-33348DE3F0EA->5459e257-ccbc-435a-9427-c3c16be66685@group-8B8FE5B4B5B0, cid=10, FAILED org.apache.ratis.protocol.NotReplicatedException: Request with call Id 10 and log index 6 is not yet replicated to ALL_COMMITTED, logIndex=6, commits[5459e257-ccbc-435a-9427-c3c16be66685:c8, 7e7122d9-53dc-47a8-b6b6-c87fac616c81:c4, c90420fb-507e-4f39-9d1e-d32950a26e2a:c8]
2019-10-20 18:38:06,879 [java.util.concurrent.ThreadPoolExecutor$Worker@550c84d3[State = -1, empty queue]] WARN  server.GrpcLogAppender (GrpcLogAppender.java:timeoutAppendRequest(209)) - 5459e257-ccbc-435a-9427-c3c16be66685@group-8B8FE5B4B5B0->7e7122d9-53dc-47a8-b6b6-c87fac616c81-GrpcLogAppender: appendEntries Timeout, request=5459e257-ccbc-435a-9427-c3c16be66685->7e7122d9-53dc-47a8-b6b6-c87fac616c81#15-t6, previous=(t:6, i:8), leaderCommit=8, initializing? false, entries: <empty>
2019-10-20 18:38:09,383 [java.util.concurrent.ThreadPoolExecutor$Worker@550c84d3[State = -1, empty queue]] WARN  server.GrpcLogAppender (GrpcLogAppender.java:timeoutAppendRequest(209)) - 5459e257-ccbc-435a-9427-c3c16be66685@group-8B8FE5B4B5B0->7e7122d9-53dc-47a8-b6b6-c87fac616c81-GrpcLogAppender: appendEntries Timeout, request=5459e257-ccbc-435a-9427-c3c16be66685->7e7122d9-53dc-47a8-b6b6-c87fac616c81#16-t6, previous=(t:6, i:8), leaderCommit=8, initializing? false, entries: <empty>
2019-10-20 18:38:11,884 [java.util.concurrent.ThreadPoolExecutor$Worker@550c84d3[State = -1, empty queue]] WARN  server.GrpcLogAppender (GrpcLogAppender.java:timeoutAppendRequest(209)) - 5459e257-ccbc-435a-9427-c3c16be66685@group-8B8FE5B4B5B0->7e7122d9-53dc-47a8-b6b6-c87fac616c81-GrpcLogAppender: appendEntries Timeout, request=5459e257-ccbc-435a-9427-c3c16be66685->7e7122d9-53dc-47a8-b6b6-c87fac616c81#17-t6, previous=(t:6, i:8), leaderCommit=8, initializing? false, entries: <empty>
2019-10-20 18:38:12,930 [Thread-318] INFO  client.GrpcClientProtocolService (GrpcClientProtocolService.java:lambda$processClientRequest$0(278)) - Failed RaftClientRequest:client-33348DE3F0EA->c90420fb-507e-4f39-9d1e-d32950a26e2a@group-8B8FE5B4B5B0, cid=10, seq=0, Watch-ALL_COMMITTED(6), Message:<EMPTY>, reply=RaftClientReply:client-33348DE3F0EA->c90420fb-507e-4f39-9d1e-d32950a26e2a@group-8B8FE5B4B5B0, cid=10, FAILED org.apache.ratis.protocol.NotLeaderException: Server c90420fb-507e-4f39-9d1e-d32950a26e2a@group-8B8FE5B4B5B0 is not the leader 5459e257-ccbc-435a-9427-c3c16be66685:192.168.164.253:45469, logIndex=0, commits[c90420fb-507e-4f39-9d1e-d32950a26e2a:c8, 7e7122d9-53dc-47a8-b6b6-c87fac616c81:c4, 5459e257-ccbc-435a-9427-c3c16be66685:c8]
2019-10-20 18:38:14,385 [java.util.concurrent.ThreadPoolExecutor$Worker@550c84d3[State = -1, empty queue]] WARN  server.GrpcLogAppender (GrpcLogAppender.java:timeoutAppendRequest(209)) - 5459e257-ccbc-435a-9427-c3c16be66685@group-8B8FE5B4B5B0->7e7122d9-53dc-47a8-b6b6-c87fac616c81-GrpcLogAppender: appendEntries Timeout, request=5459e257-ccbc-435a-9427-c3c16be66685->7e7122d9-53dc-47a8-b6b6-c87fac616c81#18-t6, previous=(t:6, i:8), leaderCommit=8, initializing? false, entries: <empty>
2019-10-20 18:38:14,682 [Thread-322] INFO  client.GrpcClientProtocolService (GrpcClientProtocolService.java:lambda$processClientRequest$0(278)) - Failed RaftClientRequest:client-33348DE3F0EA->5459e257-ccbc-435a-9427-c3c16be66685@group-8B8FE5B4B5B0, cid=10, seq=0, Watch-ALL_COMMITTED(6), Message:<EMPTY>, reply=RaftClientReply:client-33348DE3F0EA->5459e257-ccbc-435a-9427-c3c16be66685@group-8B8FE5B4B5B0, cid=10, FAILED org.apache.ratis.protocol.NotReplicatedException: Request with call Id 10 and log index 6 is not yet replicated to ALL_COMMITTED, logIndex=6, commits[5459e257-ccbc-435a-9427-c3c16be66685:c8, 7e7122d9-53dc-47a8-b6b6-c87fac616c81:c4, c90420fb-507e-4f39-9d1e-d32950a26e2a:c8]
2019-10-20 18:38:16,886 [java.util.concurrent.ThreadPoolExecutor$Worker@550c84d3[State = -1, empty queue]] WARN  server.GrpcLogAppender (GrpcLogAppender.java:timeoutAppendRequest(209)) - 5459e257-ccbc-435a-9427-c3c16be66685@group-8B8FE5B4B5B0->7e7122d9-53dc-47a8-b6b6-c87fac616c81-GrpcLogAppender: appendEntries Timeout, request=5459e257-ccbc-435a-9427-c3c16be66685->7e7122d9-53dc-47a8-b6b6-c87fac616c81#19-t6, previous=(t:6, i:8), leaderCommit=8, initializing? false, entries: <empty>
2019-10-20 18:38:19,386 [java.util.concurrent.ThreadPoolExecutor$Worker@550c84d3[State = -1, empty queue]] WARN  server.GrpcLogAppender (GrpcLogAppender.java:timeoutAppendRequest(209)) - 5459e257-ccbc-435a-9427-c3c16be66685@group-8B8FE5B4B5B0->7e7122d9-53dc-47a8-b6b6-c87fac616c81-GrpcLogAppender: appendEntries Timeout, request=5459e257-ccbc-435a-9427-c3c16be66685->7e7122d9-53dc-47a8-b6b6-c87fac616c81#20-t6, previous=(t:6, i:8), leaderCommit=8, initializing? false, entries: <empty>
2019-10-20 18:38:21,890 [java.util.concurrent.ThreadPoolExecutor$Worker@550c84d3[State = -1, empty queue]] WARN  server.GrpcLogAppender (GrpcLogAppender.java:timeoutAppendRequest(209)) - 5459e257-ccbc-435a-9427-c3c16be66685@group-8B8FE5B4B5B0->7e7122d9-53dc-47a8-b6b6-c87fac616c81-GrpcLogAppender: appendEntries Timeout, request=5459e257-ccbc-435a-9427-c3c16be66685->7e7122d9-53dc-47a8-b6b6-c87fac616c81#21-t6, previous=(t:6, i:8), leaderCommit=8, initializing? false, entries: <empty>
2019-10-20 18:38:21,962 [Thread-328] INFO  client.GrpcClientProtocolService (GrpcClientProtocolService.java:lambda$processClientRequest$0(278)) - Failed RaftClientRequest:client-33348DE3F0EA->c90420fb-507e-4f39-9d1e-d32950a26e2a@group-8B8FE5B4B5B0, cid=10, seq=0, Watch-ALL_COMMITTED(6), Message:<EMPTY>, reply=RaftClientReply:client-33348DE3F0EA->c90420fb-507e-4f39-9d1e-d32950a26e2a@group-8B8FE5B4B5B0, cid=10, FAILED org.apache.ratis.protocol.NotLeaderException: Server c90420fb-507e-4f39-9d1e-d32950a26e2a@group-8B8FE5B4B5B0 is not the leader 5459e257-ccbc-435a-9427-c3c16be66685:192.168.164.253:45469, logIndex=0, commits[c90420fb-507e-4f39-9d1e-d32950a26e2a:c8, 7e7122d9-53dc-47a8-b6b6-c87fac616c81:c4, 5459e257-ccbc-435a-9427-c3c16be66685:c8]
2019-10-20 18:38:23,683 [Thread-331] INFO  client.GrpcClientProtocolService (GrpcClientProtocolService.java:lambda$processClientRequest$0(278)) - Failed RaftClientRequest:client-33348DE3F0EA->5459e257-ccbc-435a-9427-c3c16be66685@group-8B8FE5B4B5B0, cid=10, seq=0, Watch-ALL_COMMITTED(6), Message:<EMPTY>, reply=RaftClientReply:client-33348DE3F0EA->5459e257-ccbc-435a-9427-c3c16be66685@group-8B8FE5B4B5B0, cid=10, FAILED org.apache.ratis.protocol.NotReplicatedException: Request with call Id 10 and log index 6 is not yet replicated to ALL_COMMITTED, logIndex=6, commits[5459e257-ccbc-435a-9427-c3c16be66685:c8, 7e7122d9-53dc-47a8-b6b6-c87fac616c81:c4, c90420fb-507e-4f39-9d1e-d32950a26e2a:c8]
2019-10-20 18:38:23,889 [main] WARN  scm.XceiverClientRatis (XceiverClientRatis.java:watchForCommit(277)) - 3 way commit failed on pipeline Pipeline[ Id: e053cdee-5b19-4be2-866a-8b8fe5b4b5b0, Nodes: 7e7122d9-53dc-47a8-b6b6-c87fac616c81{ip: 192.168.164.253, host: pr-hdds-2334-tv6s7-2530448917, networkLocation: /default-rack, certSerialId: null}c90420fb-507e-4f39-9d1e-d32950a26e2a{ip: 192.168.164.253, host: pr-hdds-2334-tv6s7-2530448917, networkLocation: /default-rack, certSerialId: null}5459e257-ccbc-435a-9427-c3c16be66685{ip: 192.168.164.253, host: pr-hdds-2334-tv6s7-2530448917, networkLocation: /default-rack, certSerialId: null}, Type:RATIS, Factor:THREE, State:OPEN]
java.util.concurrent.TimeoutException
	at java.util.concurrent.CompletableFuture.timedGet(CompletableFuture.java:1771)
	at java.util.concurrent.CompletableFuture.get(CompletableFuture.java:1915)
	at org.apache.hadoop.hdds.scm.XceiverClientRatis.watchForCommit(XceiverClientRatis.java:274)
	at org.apache.hadoop.hdds.scm.storage.CommitWatcher.watchForCommit(CommitWatcher.java:198)
	at org.apache.hadoop.hdds.scm.storage.CommitWatcher.watchOnLastIndex(CommitWatcher.java:161)
	at org.apache.hadoop.hdds.scm.storage.BlockOutputStream.watchForCommit(BlockOutputStream.java:346)
	at org.apache.hadoop.hdds.scm.storage.BlockOutputStream.handleFlush(BlockOutputStream.java:482)
	at org.apache.hadoop.hdds.scm.storage.BlockOutputStream.close(BlockOutputStream.java:496)
	at org.apache.hadoop.ozone.client.io.BlockOutputStreamEntry.close(BlockOutputStreamEntry.java:143)
	at org.apache.hadoop.ozone.client.io.KeyOutputStream.handleFlushOrClose(KeyOutputStream.java:435)
	at org.apache.hadoop.ozone.client.io.KeyOutputStream.close(KeyOutputStream.java:473)
	at org.apache.hadoop.ozone.client.io.OzoneOutputStream.close(OzoneOutputStream.java:60)
	at org.apache.hadoop.ozone.client.rpc.TestDeleteWithSlowFollower.testDeleteKeyWithSlowFollower(TestDeleteWithSlowFollower.java:193)
	at sun.reflect.NativeMethodAccessorImpl.invoke0(Native Method)
	at sun.reflect.NativeMethodAccessorImpl.invoke(NativeMethodAccessorImpl.java:62)
	at sun.reflect.DelegatingMethodAccessorImpl.invoke(DelegatingMethodAccessorImpl.java:43)
	at java.lang.reflect.Method.invoke(Method.java:498)
	at org.junit.runners.model.FrameworkMethod$1.runReflectiveCall(FrameworkMethod.java:47)
	at org.junit.internal.runners.model.ReflectiveCallable.run(ReflectiveCallable.java:12)
	at org.junit.runners.model.FrameworkMethod.invokeExplosively(FrameworkMethod.java:44)
	at org.junit.internal.runners.statements.InvokeMethod.evaluate(InvokeMethod.java:17)
	at org.junit.runners.ParentRunner.runLeaf(ParentRunner.java:271)
	at org.junit.runners.BlockJUnit4ClassRunner.runChild(BlockJUnit4ClassRunner.java:70)
	at org.junit.runners.BlockJUnit4ClassRunner.runChild(BlockJUnit4ClassRunner.java:50)
	at org.junit.runners.ParentRunner$3.run(ParentRunner.java:238)
	at org.junit.runners.ParentRunner$1.schedule(ParentRunner.java:63)
	at org.junit.runners.ParentRunner.runChildren(ParentRunner.java:236)
	at org.junit.runners.ParentRunner.access$000(ParentRunner.java:53)
	at org.junit.runners.ParentRunner$2.evaluate(ParentRunner.java:229)
	at org.junit.internal.runners.statements.RunBefores.evaluate(RunBefores.java:26)
	at org.junit.internal.runners.statements.RunAfters.evaluate(RunAfters.java:27)
	at org.junit.runners.ParentRunner.run(ParentRunner.java:309)
	at org.apache.maven.surefire.junit4.JUnit4Provider.execute(JUnit4Provider.java:365)
	at org.apache.maven.surefire.junit4.JUnit4Provider.executeWithRerun(JUnit4Provider.java:273)
	at org.apache.maven.surefire.junit4.JUnit4Provider.executeTestSet(JUnit4Provider.java:238)
	at org.apache.maven.surefire.junit4.JUnit4Provider.invoke(JUnit4Provider.java:159)
	at org.apache.maven.surefire.booter.ForkedBooter.invokeProviderInSameClassLoader(ForkedBooter.java:384)
	at org.apache.maven.surefire.booter.ForkedBooter.runSuitesInProcess(ForkedBooter.java:345)
	at org.apache.maven.surefire.booter.ForkedBooter.execute(ForkedBooter.java:126)
	at org.apache.maven.surefire.booter.ForkedBooter.main(ForkedBooter.java:418)
2019-10-20 18:38:23,919 [main] INFO  scm.XceiverClientRatis (XceiverClientRatis.java:lambda$watchForCommit$5(295)) - Could not commit index 6 on pipeline Pipeline[ Id: e053cdee-5b19-4be2-866a-8b8fe5b4b5b0, Nodes: 7e7122d9-53dc-47a8-b6b6-c87fac616c81{ip: 192.168.164.253, host: pr-hdds-2334-tv6s7-2530448917, networkLocation: /default-rack, certSerialId: null}c90420fb-507e-4f39-9d1e-d32950a26e2a{ip: 192.168.164.253, host: pr-hdds-2334-tv6s7-2530448917, networkLocation: /default-rack, certSerialId: null}5459e257-ccbc-435a-9427-c3c16be66685{ip: 192.168.164.253, host: pr-hdds-2334-tv6s7-2530448917, networkLocation: /default-rack, certSerialId: null}, Type:RATIS, Factor:THREE, State:OPEN] to all the nodes. Server 7e7122d9-53dc-47a8-b6b6-c87fac616c81 has failed. Committed by majority.
2019-10-20 18:38:23,920 [main] WARN  storage.BlockOutputStream (BlockOutputStream.java:watchForCommit(352)) - Failed to commit BlockId conID: 1 locID: 102996159235162112 bcsId: 6 on Pipeline[ Id: e053cdee-5b19-4be2-866a-8b8fe5b4b5b0, Nodes: 7e7122d9-53dc-47a8-b6b6-c87fac616c81{ip: 192.168.164.253, host: pr-hdds-2334-tv6s7-2530448917, networkLocation: /default-rack, certSerialId: null}c90420fb-507e-4f39-9d1e-d32950a26e2a{ip: 192.168.164.253, host: pr-hdds-2334-tv6s7-2530448917, networkLocation: /default-rack, certSerialId: null}5459e257-ccbc-435a-9427-c3c16be66685{ip: 192.168.164.253, host: pr-hdds-2334-tv6s7-2530448917, networkLocation: /default-rack, certSerialId: null}, Type:RATIS, Factor:THREE, State:OPEN]. Failed nodes: [7e7122d9-53dc-47a8-b6b6-c87fac616c81{ip: null, host: null, networkLocation: /default-rack, certSerialId: null}]
2019-10-20 18:38:24,391 [java.util.concurrent.ThreadPoolExecutor$Worker@550c84d3[State = -1, empty queue]] WARN  server.GrpcLogAppender (GrpcLogAppender.java:timeoutAppendRequest(209)) - 5459e257-ccbc-435a-9427-c3c16be66685@group-8B8FE5B4B5B0->7e7122d9-53dc-47a8-b6b6-c87fac616c81-GrpcLogAppender: appendEntries Timeout, request=5459e257-ccbc-435a-9427-c3c16be66685->7e7122d9-53dc-47a8-b6b6-c87fac616c81#22-t6, previous=(t:6, i:8), leaderCommit=8, initializing? false, entries: <empty>
2019-10-20 18:38:25,013 [EventQueue-IncrementalContainerReportForIncrementalContainerReportHandler] WARN  container.IncrementalContainerReportHandler (AbstractContainerReportHandler.java:updateContainerState(145)) - Container #1 is in OPEN state, but the datanode 5459e257-ccbc-435a-9427-c3c16be66685{ip: 192.168.164.253, host: pr-hdds-2334-tv6s7-2530448917, networkLocation: /default-rack, certSerialId: null} reports an CLOSING replica.
2019-10-20 18:38:25,028 [RatisApplyTransactionExecutor 1] INFO  interfaces.Container (KeyValueContainer.java:flushAndSyncDB(386)) - Container 1 is synced with bcsId 6.
2019-10-20 18:38:25,029 [RatisApplyTransactionExecutor 1] INFO  interfaces.Container (KeyValueContainer.java:flushAndSyncDB(386)) - Container 1 is synced with bcsId 6.
2019-10-20 18:38:25,029 [EventQueue-IncrementalContainerReportForIncrementalContainerReportHandler] WARN  container.IncrementalContainerReportHandler (AbstractContainerReportHandler.java:updateContainerState(145)) - Container #1 is in OPEN state, but the datanode c90420fb-507e-4f39-9d1e-d32950a26e2a{ip: 192.168.164.253, host: pr-hdds-2334-tv6s7-2530448917, networkLocation: /default-rack, certSerialId: null} reports an CLOSING replica.
2019-10-20 18:38:25,045 [RatisApplyTransactionExecutor 1] INFO  interfaces.Container (KeyValueContainer.java:flushAndSyncDB(386)) - Container 1 is synced with bcsId 6.
2019-10-20 18:38:25,046 [RatisApplyTransactionExecutor 1] INFO  interfaces.Container (KeyValueContainer.java:flushAndSyncDB(386)) - Container 1 is synced with bcsId 6.
2019-10-20 18:38:25,064 [RatisApplyTransactionExecutor 1] INFO  interfaces.Container (KeyValueContainer.java:close(335)) - Container 1 is closed with bcsId 6.
2019-10-20 18:38:25,064 [RatisApplyTransactionExecutor 1] INFO  interfaces.Container (KeyValueContainer.java:close(335)) - Container 1 is closed with bcsId 6.
2019-10-20 18:38:25,067 [EventQueue-IncrementalContainerReportForIncrementalContainerReportHandler] WARN  container.IncrementalContainerReportHandler (AbstractContainerReportHandler.java:updateContainerState(145)) - Container #1 is in OPEN state, but the datanode 5459e257-ccbc-435a-9427-c3c16be66685{ip: 192.168.164.253, host: pr-hdds-2334-tv6s7-2530448917, networkLocation: /default-rack, certSerialId: null} reports an CLOSED replica.
2019-10-20 18:38:25,070 [EventQueue-IncrementalContainerReportForIncrementalContainerReportHandler] WARN  container.IncrementalContainerReportHandler (AbstractContainerReportHandler.java:updateContainerState(145)) - Container #1 is in OPEN state, but the datanode c90420fb-507e-4f39-9d1e-d32950a26e2a{ip: 192.168.164.253, host: pr-hdds-2334-tv6s7-2530448917, networkLocation: /default-rack, certSerialId: null} reports an CLOSED replica.
2019-10-20 18:38:25,165 [EventQueue-ContainerReportForContainerReportHandler] WARN  container.ContainerReportHandler (AbstractContainerReportHandler.java:updateContainerState(145)) - Container #1 is in OPEN state, but the datanode 5459e257-ccbc-435a-9427-c3c16be66685{ip: 192.168.164.253, host: pr-hdds-2334-tv6s7-2530448917, networkLocation: /default-rack, certSerialId: null} reports an CLOSED replica.
2019-10-20 18:38:25,265 [EventQueue-ContainerReportForContainerReportHandler] WARN  container.ContainerReportHandler (AbstractContainerReportHandler.java:updateContainerState(145)) - Container #1 is in OPEN state, but the datanode c90420fb-507e-4f39-9d1e-d32950a26e2a{ip: 192.168.164.253, host: pr-hdds-2334-tv6s7-2530448917, networkLocation: /default-rack, certSerialId: null} reports an CLOSED replica.
2019-10-20 18:38:25,366 [EventQueue-ContainerReportForContainerReportHandler] WARN  container.ContainerReportHandler (AbstractContainerReportHandler.java:updateContainerState(145)) - Container #1 is in OPEN state, but the datanode 5459e257-ccbc-435a-9427-c3c16be66685{ip: 192.168.164.253, host: pr-hdds-2334-tv6s7-2530448917, networkLocation: /default-rack, certSerialId: null} reports an CLOSED replica.
2019-10-20 18:38:25,566 [EventQueue-ContainerReportForContainerReportHandler] WARN  container.ContainerReportHandler (AbstractContainerReportHandler.java:updateContainerState(145)) - Container #1 is in OPEN state, but the datanode c90420fb-507e-4f39-9d1e-d32950a26e2a{ip: 192.168.164.253, host: pr-hdds-2334-tv6s7-2530448917, networkLocation: /default-rack, certSerialId: null} reports an CLOSED replica.
2019-10-20 18:38:25,767 [EventQueue-ContainerReportForContainerReportHandler] WARN  container.ContainerReportHandler (AbstractContainerReportHandler.java:updateContainerState(145)) - Container #1 is in OPEN state, but the datanode 5459e257-ccbc-435a-9427-c3c16be66685{ip: 192.168.164.253, host: pr-hdds-2334-tv6s7-2530448917, networkLocation: /default-rack, certSerialId: null} reports an CLOSED replica.
2019-10-20 18:38:25,784 [IPC Server handler 10 on 35622] INFO  server.SCMBlockProtocolServer (SCMBlockProtocolServer.java:deleteKeyBlocks(214)) - SCM is informed by OM to delete 1 blocks
2019-10-20 18:38:25,785 [IPC Server handler 10 on 35622] INFO  block.BlockManagerImpl (BlockManagerImpl.java:deleteBlocks(285)) - Deleting blocks conID: 1 locID: 102996159235162112 bcsId: 0
2019-10-20 18:38:25,867 [EventQueue-ContainerReportForContainerReportHandler] WARN  container.ContainerReportHandler (AbstractContainerReportHandler.java:updateContainerState(145)) - Container #1 is in OPEN state, but the datanode c90420fb-507e-4f39-9d1e-d32950a26e2a{ip: 192.168.164.253, host: pr-hdds-2334-tv6s7-2530448917, networkLocation: /default-rack, certSerialId: null} reports an CLOSED replica.
2019-10-20 18:38:25,963 [BlockDeletingService#2] WARN  background.BlockDeletingService (BlockDeletingService.java:isDeletionAllowed(187)) - Close Container log Index 6 is not replicated across allthe servers in the pipeline e053cdee-5b19-4be2-866a-8b8fe5b4b5b0 as the min replicated index is 4. Deletion is not allowed in this container yet.
2019-10-20 18:38:25,965 [BlockDeletingService#2] WARN  background.BlockDeletingService (BlockDeletingService.java:isDeletionAllowed(187)) - Close Container log Index 6 is not replicated across allthe servers in the pipeline e053cdee-5b19-4be2-866a-8b8fe5b4b5b0 as the min replicated index is 4. Deletion is not allowed in this container yet.
2019-10-20 18:38:26,167 [EventQueue-ContainerReportForContainerReportHandler] WARN  container.ContainerReportHandler (AbstractContainerReportHandler.java:updateContainerState(145)) - Container #1 is in OPEN state, but the datanode 5459e257-ccbc-435a-9427-c3c16be66685{ip: 192.168.164.253, host: pr-hdds-2334-tv6s7-2530448917, networkLocation: /default-rack, certSerialId: null} reports an CLOSED replica.
2019-10-20 18:38:26,267 [EventQueue-ContainerReportForContainerReportHandler] WARN  container.ContainerReportHandler (AbstractContainerReportHandler.java:updateContainerState(145)) - Container #1 is in OPEN state, but the datanode c90420fb-507e-4f39-9d1e-d32950a26e2a{ip: 192.168.164.253, host: pr-hdds-2334-tv6s7-2530448917, networkLocation: /default-rack, certSerialId: null} reports an CLOSED replica.
2019-10-20 18:38:26,367 [EventQueue-ContainerReportForContainerReportHandler] WARN  container.ContainerReportHandler (AbstractContainerReportHandler.java:updateContainerState(145)) - Container #1 is in OPEN state, but the datanode 5459e257-ccbc-435a-9427-c3c16be66685{ip: 192.168.164.253, host: pr-hdds-2334-tv6s7-2530448917, networkLocation: /default-rack, certSerialId: null} reports an CLOSED replica.
2019-10-20 18:38:26,467 [EventQueue-ContainerReportForContainerReportHandler] WARN  container.ContainerReportHandler (AbstractContainerReportHandler.java:updateContainerState(145)) - Container #1 is in OPEN state, but the datanode c90420fb-507e-4f39-9d1e-d32950a26e2a{ip: 192.168.164.253, host: pr-hdds-2334-tv6s7-2530448917, networkLocation: /default-rack, certSerialId: null} reports an CLOSED replica.
2019-10-20 18:38:26,767 [EventQueue-ContainerReportForContainerReportHandler] WARN  container.ContainerReportHandler (AbstractContainerReportHandler.java:updateContainerState(145)) - Container #1 is in OPEN state, but the datanode 5459e257-ccbc-435a-9427-c3c16be66685{ip: 192.168.164.253, host: pr-hdds-2334-tv6s7-2530448917, networkLocation: /default-rack, certSerialId: null} reports an CLOSED replica.
2019-10-20 18:38:26,767 [EventQueue-ContainerReportForContainerReportHandler] WARN  container.ContainerReportHandler (AbstractContainerReportHandler.java:updateContainerState(145)) - Container #1 is in OPEN state, but the datanode c90420fb-507e-4f39-9d1e-d32950a26e2a{ip: 192.168.164.253, host: pr-hdds-2334-tv6s7-2530448917, networkLocation: /default-rack, certSerialId: null} reports an CLOSED replica.
2019-10-20 18:38:26,893 [java.util.concurrent.ThreadPoolExecutor$Worker@550c84d3[State = -1, empty queue]] WARN  server.GrpcLogAppender (GrpcLogAppender.java:timeoutAppendRequest(209)) - 5459e257-ccbc-435a-9427-c3c16be66685@group-8B8FE5B4B5B0->7e7122d9-53dc-47a8-b6b6-c87fac616c81-GrpcLogAppender: appendEntries Timeout, request=5459e257-ccbc-435a-9427-c3c16be66685->7e7122d9-53dc-47a8-b6b6-c87fac616c81#23-t6, previous=(t:6, i:8), leaderCommit=8, initializing? false, entries: <empty>
2019-10-20 18:38:26,965 [BlockDeletingService#2] WARN  background.BlockDeletingService (BlockDeletingService.java:isDeletionAllowed(187)) - Close Container log Index 6 is not replicated across allthe servers in the pipeline e053cdee-5b19-4be2-866a-8b8fe5b4b5b0 as the min replicated index is 4. Deletion is not allowed in this container yet.
2019-10-20 18:38:26,967 [BlockDeletingService#2] WARN  background.BlockDeletingService (BlockDeletingService.java:isDeletionAllowed(187)) - Close Container log Index 6 is not replicated across allthe servers in the pipeline e053cdee-5b19-4be2-866a-8b8fe5b4b5b0 as the min replicated index is 4. Deletion is not allowed in this container yet.
2019-10-20 18:38:26,967 [EventQueue-ContainerReportForContainerReportHandler] WARN  container.ContainerReportHandler (AbstractContainerReportHandler.java:updateContainerState(145)) - Container #1 is in OPEN state, but the datanode 5459e257-ccbc-435a-9427-c3c16be66685{ip: 192.168.164.253, host: pr-hdds-2334-tv6s7-2530448917, networkLocation: /default-rack, certSerialId: null} reports an CLOSED replica.
2019-10-20 18:38:27,067 [EventQueue-ContainerReportForContainerReportHandler] WARN  container.ContainerReportHandler (AbstractContainerReportHandler.java:updateContainerState(145)) - Container #1 is in OPEN state, but the datanode c90420fb-507e-4f39-9d1e-d32950a26e2a{ip: 192.168.164.253, host: pr-hdds-2334-tv6s7-2530448917, networkLocation: /default-rack, certSerialId: null} reports an CLOSED replica.
2019-10-20 18:38:27,367 [EventQueue-ContainerReportForContainerReportHandler] WARN  container.ContainerReportHandler (AbstractContainerReportHandler.java:updateContainerState(145)) - Container #1 is in OPEN state, but the datanode c90420fb-507e-4f39-9d1e-d32950a26e2a{ip: 192.168.164.253, host: pr-hdds-2334-tv6s7-2530448917, networkLocation: /default-rack, certSerialId: null} reports an CLOSED replica.
2019-10-20 18:38:27,367 [EventQueue-ContainerReportForContainerReportHandler] WARN  container.ContainerReportHandler (AbstractContainerReportHandler.java:updateContainerState(145)) - Container #1 is in OPEN state, but the datanode 5459e257-ccbc-435a-9427-c3c16be66685{ip: 192.168.164.253, host: pr-hdds-2334-tv6s7-2530448917, networkLocation: /default-rack, certSerialId: null} reports an CLOSED replica.
2019-10-20 18:38:27,667 [EventQueue-ContainerReportForContainerReportHandler] WARN  container.ContainerReportHandler (AbstractContainerReportHandler.java:updateContainerState(145)) - Container #1 is in OPEN state, but the datanode c90420fb-507e-4f39-9d1e-d32950a26e2a{ip: 192.168.164.253, host: pr-hdds-2334-tv6s7-2530448917, networkLocation: /default-rack, certSerialId: null} reports an CLOSED replica.
2019-10-20 18:38:27,667 [EventQueue-ContainerReportForContainerReportHandler] WARN  container.ContainerReportHandler (AbstractContainerReportHandler.java:updateContainerState(145)) - Container #1 is in OPEN state, but the datanode 5459e257-ccbc-435a-9427-c3c16be66685{ip: 192.168.164.253, host: pr-hdds-2334-tv6s7-2530448917, networkLocation: /default-rack, certSerialId: null} reports an CLOSED replica.
2019-10-20 18:38:27,966 [BlockDeletingService#2] WARN  background.BlockDeletingService (BlockDeletingService.java:isDeletionAllowed(187)) - Close Container log Index 6 is not replicated across allthe servers in the pipeline e053cdee-5b19-4be2-866a-8b8fe5b4b5b0 as the min replicated index is 4. Deletion is not allowed in this container yet.
2019-10-20 18:38:27,968 [EventQueue-ContainerReportForContainerReportHandler] WARN  container.ContainerReportHandler (AbstractContainerReportHandler.java:updateContainerState(145)) - Container #1 is in OPEN state, but the datanode c90420fb-507e-4f39-9d1e-d32950a26e2a{ip: 192.168.164.253, host: pr-hdds-2334-tv6s7-2530448917, networkLocation: /default-rack, certSerialId: null} reports an CLOSED replica.
2019-10-20 18:38:27,968 [BlockDeletingService#2] WARN  background.BlockDeletingService (BlockDeletingService.java:isDeletionAllowed(187)) - Close Container log Index 6 is not replicated across allthe servers in the pipeline e053cdee-5b19-4be2-866a-8b8fe5b4b5b0 as the min replicated index is 4. Deletion is not allowed in this container yet.
2019-10-20 18:38:27,969 [EventQueue-ContainerReportForContainerReportHandler] WARN  container.ContainerReportHandler (AbstractContainerReportHandler.java:updateContainerState(145)) - Container #1 is in OPEN state, but the datanode 5459e257-ccbc-435a-9427-c3c16be66685{ip: 192.168.164.253, host: pr-hdds-2334-tv6s7-2530448917, networkLocation: /default-rack, certSerialId: null} reports an CLOSED replica.
2019-10-20 18:38:27,973 [java.util.concurrent.ThreadPoolExecutor$Worker@550c84d3[State = -1, empty queue]] WARN  server.GrpcLogAppender (GrpcLogAppender.java:timeoutAppendRequest(209)) - 5459e257-ccbc-435a-9427-c3c16be66685@group-8B8FE5B4B5B0->7e7122d9-53dc-47a8-b6b6-c87fac616c81-GrpcLogAppender: appendEntries Timeout, request=5459e257-ccbc-435a-9427-c3c16be66685->7e7122d9-53dc-47a8-b6b6-c87fac616c81#24-t6, previous=(t:6, i:8), leaderCommit=8, initializing? false, entries: size=1, first=(t:6, i:9), STATEMACHINELOGENTRY, client-A0BAA2980885, cid=12
2019-10-20 18:38:27,986 [java.util.concurrent.ThreadPoolExecutor$Worker@550c84d3[State = -1, empty queue]] WARN  server.GrpcLogAppender (GrpcLogAppender.java:timeoutAppendRequest(209)) - 5459e257-ccbc-435a-9427-c3c16be66685@group-8B8FE5B4B5B0->7e7122d9-53dc-47a8-b6b6-c87fac616c81-GrpcLogAppender: appendEntries Timeout, request=5459e257-ccbc-435a-9427-c3c16be66685->7e7122d9-53dc-47a8-b6b6-c87fac616c81#25-t6, previous=(t:6, i:9), leaderCommit=9, initializing? false, entries: size=1, first=(t:6, i:10), METADATAENTRY(c9)
2019-10-20 18:38:28,268 [EventQueue-ContainerReportForContainerReportHandler] WARN  container.ContainerReportHandler (AbstractContainerReportHandler.java:updateContainerState(145)) - Container #1 is in OPEN state, but the datanode c90420fb-507e-4f39-9d1e-d32950a26e2a{ip: 192.168.164.253, host: pr-hdds-2334-tv6s7-2530448917, networkLocation: /default-rack, certSerialId: null} reports an CLOSED replica.
2019-10-20 18:38:28,270 [EventQueue-ContainerReportForContainerReportHandler] WARN  container.ContainerReportHandler (AbstractContainerReportHandler.java:updateContainerState(145)) - Container #1 is in OPEN state, but the datanode 5459e257-ccbc-435a-9427-c3c16be66685{ip: 192.168.164.253, host: pr-hdds-2334-tv6s7-2530448917, networkLocation: /default-rack, certSerialId: null} reports an CLOSED replica.
2019-10-20 18:38:28,470 [EventQueue-ContainerReportForContainerReportHandler] WARN  container.ContainerReportHandler (AbstractContainerReportHandler.java:updateContainerState(145)) - Container #1 is in OPEN state, but the datanode c90420fb-507e-4f39-9d1e-d32950a26e2a{ip: 192.168.164.253, host: pr-hdds-2334-tv6s7-2530448917, networkLocation: /default-rack, certSerialId: null} reports an CLOSED replica.
2019-10-20 18:38:28,669 [EventQueue-ContainerReportForContainerReportHandler] WARN  container.ContainerReportHandler (AbstractContainerReportHandler.java:updateContainerState(145)) - Container #1 is in OPEN state, but the datanode c90420fb-507e-4f39-9d1e-d32950a26e2a{ip: 192.168.164.253, host: pr-hdds-2334-tv6s7-2530448917, networkLocation: /default-rack, certSerialId: null} reports an CLOSED replica.
2019-10-20 18:38:28,670 [EventQueue-ContainerReportForContainerReportHandler] WARN  container.ContainerReportHandler (AbstractContainerReportHandler.java:updateContainerState(145)) - Container #1 is in OPEN state, but the datanode 5459e257-ccbc-435a-9427-c3c16be66685{ip: 192.168.164.253, host: pr-hdds-2334-tv6s7-2530448917, networkLocation: /default-rack, certSerialId: null} reports an CLOSED replica.
2019-10-20 18:38:28,869 [EventQueue-ContainerReportForContainerReportHandler] WARN  container.ContainerReportHandler (AbstractContainerReportHandler.java:updateContainerState(145)) - Container #1 is in OPEN state, but the datanode c90420fb-507e-4f39-9d1e-d32950a26e2a{ip: 192.168.164.253, host: pr-hdds-2334-tv6s7-2530448917, networkLocation: /default-rack, certSerialId: null} reports an CLOSED replica.
2019-10-20 18:38:28,968 [BlockDeletingService#2] WARN  background.BlockDeletingService (BlockDeletingService.java:isDeletionAllowed(187)) - Close Container log Index 6 is not replicated across allthe servers in the pipeline e053cdee-5b19-4be2-866a-8b8fe5b4b5b0 as the min replicated index is 4. Deletion is not allowed in this container yet.
2019-10-20 18:38:28,971 [BlockDeletingService#2] WARN  background.BlockDeletingService (BlockDeletingService.java:isDeletionAllowed(187)) - Close Container log Index 6 is not replicated across allthe servers in the pipeline e053cdee-5b19-4be2-866a-8b8fe5b4b5b0 as the min replicated index is 4. Deletion is not allowed in this container yet.
2019-10-20 18:38:29,071 [EventQueue-ContainerReportForContainerReportHandler] WARN  container.ContainerReportHandler (AbstractContainerReportHandler.java:updateContainerState(145)) - Container #1 is in OPEN state, but the datanode 5459e257-ccbc-435a-9427-c3c16be66685{ip: 192.168.164.253, host: pr-hdds-2334-tv6s7-2530448917, networkLocation: /default-rack, certSerialId: null} reports an CLOSED replica.
2019-10-20 18:38:29,170 [EventQueue-ContainerReportForContainerReportHandler] WARN  container.ContainerReportHandler (AbstractContainerReportHandler.java:updateContainerState(145)) - Container #1 is in OPEN state, but the datanode c90420fb-507e-4f39-9d1e-d32950a26e2a{ip: 192.168.164.253, host: pr-hdds-2334-tv6s7-2530448917, networkLocation: /default-rack, certSerialId: null} reports an CLOSED replica.
2019-10-20 18:38:29,272 [EventQueue-ContainerReportForContainerReportHandler] WARN  container.ContainerReportHandler (AbstractContainerReportHandler.java:updateContainerState(145)) - Container #1 is in OPEN state, but the datanode 5459e257-ccbc-435a-9427-c3c16be66685{ip: 192.168.164.253, host: pr-hdds-2334-tv6s7-2530448917, networkLocation: /default-rack, certSerialId: null} reports an CLOSED replica.
2019-10-20 18:38:29,472 [EventQueue-ContainerReportForContainerReportHandler] WARN  container.ContainerReportHandler (AbstractContainerReportHandler.java:updateContainerState(145)) - Container #1 is in OPEN state, but the datanode c90420fb-507e-4f39-9d1e-d32950a26e2a{ip: 192.168.164.253, host: pr-hdds-2334-tv6s7-2530448917, networkLocation: /default-rack, certSerialId: null} reports an CLOSED replica.
2019-10-20 18:38:29,575 [EventQueue-ContainerReportForContainerReportHandler] WARN  container.ContainerReportHandler (AbstractContainerReportHandler.java:updateContainerState(145)) - Container #1 is in OPEN state, but the datanode 5459e257-ccbc-435a-9427-c3c16be66685{ip: 192.168.164.253, host: pr-hdds-2334-tv6s7-2530448917, networkLocation: /default-rack, certSerialId: null} reports an CLOSED replica.
2019-10-20 18:38:29,772 [EventQueue-ContainerReportForContainerReportHandler] WARN  container.ContainerReportHandler (AbstractContainerReportHandler.java:updateContainerState(145)) - Container #1 is in OPEN state, but the datanode c90420fb-507e-4f39-9d1e-d32950a26e2a{ip: 192.168.164.253, host: pr-hdds-2334-tv6s7-2530448917, networkLocation: /default-rack, certSerialId: null} reports an CLOSED replica.
2019-10-20 18:38:29,973 [EventQueue-ContainerReportForContainerReportHandler] WARN  container.ContainerReportHandler (AbstractContainerReportHandler.java:updateContainerState(145)) - Container #1 is in OPEN state, but the datanode 5459e257-ccbc-435a-9427-c3c16be66685{ip: 192.168.164.253, host: pr-hdds-2334-tv6s7-2530448917, networkLocation: /default-rack, certSerialId: null} reports an CLOSED replica.
2019-10-20 18:38:29,975 [BlockDeletingService#2] WARN  background.BlockDeletingService (BlockDeletingService.java:isDeletionAllowed(187)) - Close Container log Index 6 is not replicated across allthe servers in the pipeline e053cdee-5b19-4be2-866a-8b8fe5b4b5b0 as the min replicated index is 4. Deletion is not allowed in this container yet.
2019-10-20 18:38:29,975 [BlockDeletingService#2] WARN  background.BlockDeletingService (BlockDeletingService.java:isDeletionAllowed(187)) - Close Container log Index 6 is not replicated across allthe servers in the pipeline e053cdee-5b19-4be2-866a-8b8fe5b4b5b0 as the min replicated index is 4. Deletion is not allowed in this container yet.
2019-10-20 18:38:30,073 [EventQueue-ContainerReportForContainerReportHandler] WARN  container.ContainerReportHandler (AbstractContainerReportHandler.java:updateContainerState(145)) - Container #1 is in OPEN state, but the datanode c90420fb-507e-4f39-9d1e-d32950a26e2a{ip: 192.168.164.253, host: pr-hdds-2334-tv6s7-2530448917, networkLocation: /default-rack, certSerialId: null} reports an CLOSED replica.
2019-10-20 18:38:30,173 [EventQueue-ContainerReportForContainerReportHandler] WARN  container.ContainerReportHandler (AbstractContainerReportHandler.java:updateContainerState(145)) - Container #1 is in OPEN state, but the datanode 5459e257-ccbc-435a-9427-c3c16be66685{ip: 192.168.164.253, host: pr-hdds-2334-tv6s7-2530448917, networkLocation: /default-rack, certSerialId: null} reports an CLOSED replica.
2019-10-20 18:38:30,373 [EventQueue-ContainerReportForContainerReportHandler] WARN  container.ContainerReportHandler (AbstractContainerReportHandler.java:updateContainerState(145)) - Container #1 is in OPEN state, but the datanode c90420fb-507e-4f39-9d1e-d32950a26e2a{ip: 192.168.164.253, host: pr-hdds-2334-tv6s7-2530448917, networkLocation: /default-rack, certSerialId: null} reports an CLOSED replica.
2019-10-20 18:38:30,473 [EventQueue-ContainerReportForContainerReportHandler] WARN  container.ContainerReportHandler (AbstractContainerReportHandler.java:updateContainerState(145)) - Container #1 is in OPEN state, but the datanode 5459e257-ccbc-435a-9427-c3c16be66685{ip: 192.168.164.253, host: pr-hdds-2334-tv6s7-2530448917, networkLocation: /default-rack, certSerialId: null} reports an CLOSED replica.
2019-10-20 18:38:30,488 [java.util.concurrent.ThreadPoolExecutor$Worker@550c84d3[State = -1, empty queue]] WARN  server.GrpcLogAppender (GrpcLogAppender.java:timeoutAppendRequest(209)) - 5459e257-ccbc-435a-9427-c3c16be66685@group-8B8FE5B4B5B0->7e7122d9-53dc-47a8-b6b6-c87fac616c81-GrpcLogAppender: appendEntries Timeout, request=5459e257-ccbc-435a-9427-c3c16be66685->7e7122d9-53dc-47a8-b6b6-c87fac616c81#26-t6, previous=(t:6, i:10), leaderCommit=10, initializing? false, entries: <empty>
2019-10-20 18:38:30,573 [EventQueue-ContainerReportForContainerReportHandler] WARN  container.ContainerReportHandler (AbstractContainerReportHandler.java:updateContainerState(145)) - Container #1 is in OPEN state, but the datanode c90420fb-507e-4f39-9d1e-d32950a26e2a{ip: 192.168.164.253, host: pr-hdds-2334-tv6s7-2530448917, networkLocation: /default-rack, certSerialId: null} reports an CLOSED replica.
2019-10-20 18:38:30,673 [EventQueue-ContainerReportForContainerReportHandler] WARN  container.ContainerReportHandler (AbstractContainerReportHandler.java:updateContainerState(145)) - Container #1 is in OPEN state, but the datanode 5459e257-ccbc-435a-9427-c3c16be66685{ip: 192.168.164.253, host: pr-hdds-2334-tv6s7-2530448917, networkLocation: /default-rack, certSerialId: null} reports an CLOSED replica.
2019-10-20 18:38:30,873 [EventQueue-ContainerReportForContainerReportHandler] WARN  container.ContainerReportHandler (AbstractContainerReportHandler.java:updateContainerState(145)) - Container #1 is in OPEN state, but the datanode c90420fb-507e-4f39-9d1e-d32950a26e2a{ip: 192.168.164.253, host: pr-hdds-2334-tv6s7-2530448917, networkLocation: /default-rack, certSerialId: null} reports an CLOSED replica.
2019-10-20 18:38:30,979 [BlockDeletingService#2] WARN  background.BlockDeletingService (BlockDeletingService.java:isDeletionAllowed(187)) - Close Container log Index 6 is not replicated across allthe servers in the pipeline e053cdee-5b19-4be2-866a-8b8fe5b4b5b0 as the min replicated index is 4. Deletion is not allowed in this container yet.
2019-10-20 18:38:30,979 [BlockDeletingService#2] WARN  background.BlockDeletingService (BlockDeletingService.java:isDeletionAllowed(187)) - Close Container log Index 6 is not replicated across allthe servers in the pipeline e053cdee-5b19-4be2-866a-8b8fe5b4b5b0 as the min replicated index is 4. Deletion is not allowed in this container yet.
2019-10-20 18:38:31,074 [EventQueue-ContainerReportForContainerReportHandler] WARN  container.ContainerReportHandler (AbstractContainerReportHandler.java:updateContainerState(145)) - Container #1 is in OPEN state, but the datanode 5459e257-ccbc-435a-9427-c3c16be66685{ip: 192.168.164.253, host: pr-hdds-2334-tv6s7-2530448917, networkLocation: /default-rack, certSerialId: null} reports an CLOSED replica.
2019-10-20 18:38:31,174 [EventQueue-ContainerReportForContainerReportHandler] WARN  container.ContainerReportHandler (AbstractContainerReportHandler.java:updateContainerState(145)) - Container #1 is in OPEN state, but the datanode c90420fb-507e-4f39-9d1e-d32950a26e2a{ip: 192.168.164.253, host: pr-hdds-2334-tv6s7-2530448917, networkLocation: /default-rack, certSerialId: null} reports an CLOSED replica.
2019-10-20 18:38:31,474 [EventQueue-ContainerReportForContainerReportHandler] WARN  container.ContainerReportHandler (AbstractContainerReportHandler.java:updateContainerState(145)) - Container #1 is in OPEN state, but the datanode c90420fb-507e-4f39-9d1e-d32950a26e2a{ip: 192.168.164.253, host: pr-hdds-2334-tv6s7-2530448917, networkLocation: /default-rack, certSerialId: null} reports an CLOSED replica.
2019-10-20 18:38:31,475 [EventQueue-ContainerReportForContainerReportHandler] WARN  container.ContainerReportHandler (AbstractContainerReportHandler.java:updateContainerState(145)) - Container #1 is in OPEN state, but the datanode 5459e257-ccbc-435a-9427-c3c16be66685{ip: 192.168.164.253, host: pr-hdds-2334-tv6s7-2530448917, networkLocation: /default-rack, certSerialId: null} reports an CLOSED replica.
2019-10-20 18:38:31,675 [EventQueue-ContainerReportForContainerReportHandler] WARN  container.ContainerReportHandler (AbstractContainerReportHandler.java:updateContainerState(145)) - Container #1 is in OPEN state, but the datanode 5459e257-ccbc-435a-9427-c3c16be66685{ip: 192.168.164.253, host: pr-hdds-2334-tv6s7-2530448917, networkLocation: /default-rack, certSerialId: null} reports an CLOSED replica.
2019-10-20 18:38:31,873 [EventQueue-ContainerReportForContainerReportHandler] WARN  container.ContainerReportHandler (AbstractContainerReportHandler.java:updateContainerState(145)) - Container #1 is in OPEN state, but the datanode c90420fb-507e-4f39-9d1e-d32950a26e2a{ip: 192.168.164.253, host: pr-hdds-2334-tv6s7-2530448917, networkLocation: /default-rack, certSerialId: null} reports an CLOSED replica.
2019-10-20 18:38:31,975 [EventQueue-ContainerReportForContainerReportHandler] WARN  container.ContainerReportHandler (AbstractContainerReportHandler.java:updateContainerState(145)) - Container #1 is in OPEN state, but the datanode 5459e257-ccbc-435a-9427-c3c16be66685{ip: 192.168.164.253, host: pr-hdds-2334-tv6s7-2530448917, networkLocation: /default-rack, certSerialId: null} reports an CLOSED replica.
2019-10-20 18:38:31,981 [BlockDeletingService#2] WARN  background.BlockDeletingService (BlockDeletingService.java:isDeletionAllowed(187)) - Close Container log Index 6 is not replicated across allthe servers in the pipeline e053cdee-5b19-4be2-866a-8b8fe5b4b5b0 as the min replicated index is 4. Deletion is not allowed in this container yet.
2019-10-20 18:38:31,982 [BlockDeletingService#2] WARN  background.BlockDeletingService (BlockDeletingService.java:isDeletionAllowed(187)) - Close Container log Index 6 is not replicated across allthe servers in the pipeline e053cdee-5b19-4be2-866a-8b8fe5b4b5b0 as the min replicated index is 4. Deletion is not allowed in this container yet.
2019-10-20 18:38:32,002 [Thread-363] INFO  client.GrpcClientProtocolService (GrpcClientProtocolService.java:lambda$processClientRequest$0(278)) - Failed RaftClientRequest:client-33348DE3F0EA->c90420fb-507e-4f39-9d1e-d32950a26e2a@group-8B8FE5B4B5B0, cid=10, seq=0, Watch-ALL_COMMITTED(6), Message:<EMPTY>, reply=RaftClientReply:client-33348DE3F0EA->c90420fb-507e-4f39-9d1e-d32950a26e2a@group-8B8FE5B4B5B0, cid=10, FAILED org.apache.ratis.protocol.NotLeaderException: Server c90420fb-507e-4f39-9d1e-d32950a26e2a@group-8B8FE5B4B5B0 is not the leader 5459e257-ccbc-435a-9427-c3c16be66685:192.168.164.253:45469, logIndex=0, commits[c90420fb-507e-4f39-9d1e-d32950a26e2a:c10, 7e7122d9-53dc-47a8-b6b6-c87fac616c81:c4, 5459e257-ccbc-435a-9427-c3c16be66685:c10]
2019-10-20 18:38:32,174 [EventQueue-ContainerReportForContainerReportHandler] WARN  container.ContainerReportHandler (AbstractContainerReportHandler.java:updateContainerState(145)) - Container #1 is in OPEN state, but the datanode c90420fb-507e-4f39-9d1e-d32950a26e2a{ip: 192.168.164.253, host: pr-hdds-2334-tv6s7-2530448917, networkLocation: /default-rack, certSerialId: null} reports an CLOSED replica.
2019-10-20 18:38:32,275 [EventQueue-ContainerReportForContainerReportHandler] WARN  container.ContainerReportHandler (AbstractContainerReportHandler.java:updateContainerState(145)) - Container #1 is in OPEN state, but the datanode 5459e257-ccbc-435a-9427-c3c16be66685{ip: 192.168.164.253, host: pr-hdds-2334-tv6s7-2530448917, networkLocation: /default-rack, certSerialId: null} reports an CLOSED replica.
2019-10-20 18:38:32,474 [EventQueue-ContainerReportForContainerReportHandler] WARN  container.ContainerReportHandler (AbstractContainerReportHandler.java:updateContainerState(145)) - Container #1 is in OPEN state, but the datanode c90420fb-507e-4f39-9d1e-d32950a26e2a{ip: 192.168.164.253, host: pr-hdds-2334-tv6s7-2530448917, networkLocation: /default-rack, certSerialId: null} reports an CLOSED replica.
2019-10-20 18:38:32,476 [EventQueue-ContainerReportForContainerReportHandler] WARN  container.ContainerReportHandler (AbstractContainerReportHandler.java:updateContainerState(145)) - Container #1 is in OPEN state, but the datanode 5459e257-ccbc-435a-9427-c3c16be66685{ip: 192.168.164.253, host: pr-hdds-2334-tv6s7-2530448917, networkLocation: /default-rack, certSerialId: null} reports an CLOSED replica.
2019-10-20 18:38:32,683 [Thread-367] INFO  client.GrpcClientProtocolService (GrpcClientProtocolService.java:lambda$processClientRequest$0(278)) - Failed RaftClientRequest:client-33348DE3F0EA->5459e257-ccbc-435a-9427-c3c16be66685@group-8B8FE5B4B5B0, cid=10, seq=0, Watch-ALL_COMMITTED(6), Message:<EMPTY>, reply=RaftClientReply:client-33348DE3F0EA->5459e257-ccbc-435a-9427-c3c16be66685@group-8B8FE5B4B5B0, cid=10, FAILED org.apache.ratis.protocol.NotReplicatedException: Request with call Id 10 and log index 6 is not yet replicated to ALL_COMMITTED, logIndex=6, commits[5459e257-ccbc-435a-9427-c3c16be66685:c10, 7e7122d9-53dc-47a8-b6b6-c87fac616c81:c4, c90420fb-507e-4f39-9d1e-d32950a26e2a:c10]
2019-10-20 18:38:32,776 [EventQueue-ContainerReportForContainerReportHandler] WARN  container.ContainerReportHandler (AbstractContainerReportHandler.java:updateContainerState(145)) - Container #1 is in OPEN state, but the datanode c90420fb-507e-4f39-9d1e-d32950a26e2a{ip: 192.168.164.253, host: pr-hdds-2334-tv6s7-2530448917, networkLocation: /default-rack, certSerialId: null} reports an CLOSED replica.
2019-10-20 18:38:32,876 [EventQueue-ContainerReportForContainerReportHandler] WARN  container.ContainerReportHandler (AbstractContainerReportHandler.java:updateContainerState(145)) - Container #1 is in OPEN state, but the datanode 5459e257-ccbc-435a-9427-c3c16be66685{ip: 192.168.164.253, host: pr-hdds-2334-tv6s7-2530448917, networkLocation: /default-rack, certSerialId: null} reports an CLOSED replica.
2019-10-20 18:38:32,982 [BlockDeletingService#2] WARN  background.BlockDeletingService (BlockDeletingService.java:isDeletionAllowed(187)) - Close Container log Index 6 is not replicated across allthe servers in the pipeline e053cdee-5b19-4be2-866a-8b8fe5b4b5b0 as the min replicated index is 4. Deletion is not allowed in this container yet.
2019-10-20 18:38:32,987 [BlockDeletingService#2] WARN  background.BlockDeletingService (BlockDeletingService.java:isDeletionAllowed(187)) - Close Container log Index 6 is not replicated across allthe servers in the pipeline e053cdee-5b19-4be2-866a-8b8fe5b4b5b0 as the min replicated index is 4. Deletion is not allowed in this container yet.
2019-10-20 18:38:32,990 [java.util.concurrent.ThreadPoolExecutor$Worker@550c84d3[State = -1, empty queue]] WARN  server.GrpcLogAppender (GrpcLogAppender.java:timeoutAppendRequest(209)) - 5459e257-ccbc-435a-9427-c3c16be66685@group-8B8FE5B4B5B0->7e7122d9-53dc-47a8-b6b6-c87fac616c81-GrpcLogAppender: appendEntries Timeout, request=5459e257-ccbc-435a-9427-c3c16be66685->7e7122d9-53dc-47a8-b6b6-c87fac616c81#27-t6, previous=(t:6, i:10), leaderCommit=10, initializing? false, entries: <empty>
2019-10-20 18:38:33,074 [EventQueue-ContainerReportForContainerReportHandler] WARN  container.ContainerReportHandler (AbstractContainerReportHandler.java:updateContainerState(145)) - Container #1 is in OPEN state, but the datanode c90420fb-507e-4f39-9d1e-d32950a26e2a{ip: 192.168.164.253, host: pr-hdds-2334-tv6s7-2530448917, networkLocation: /default-rack, certSerialId: null} reports an CLOSED replica.
2019-10-20 18:38:33,276 [EventQueue-ContainerReportForContainerReportHandler] WARN  container.ContainerReportHandler (AbstractContainerReportHandler.java:updateContainerState(145)) - Container #1 is in OPEN state, but the datanode 5459e257-ccbc-435a-9427-c3c16be66685{ip: 192.168.164.253, host: pr-hdds-2334-tv6s7-2530448917, networkLocation: /default-rack, certSerialId: null} reports an CLOSED replica.
2019-10-20 18:38:33,374 [EventQueue-ContainerReportForContainerReportHandler] WARN  container.ContainerReportHandler (AbstractContainerReportHandler.java:updateContainerState(145)) - Container #1 is in OPEN state, but the datanode c90420fb-507e-4f39-9d1e-d32950a26e2a{ip: 192.168.164.253, host: pr-hdds-2334-tv6s7-2530448917, networkLocation: /default-rack, certSerialId: null} reports an CLOSED replica.
2019-10-20 18:38:33,476 [EventQueue-ContainerReportForContainerReportHandler] WARN  container.ContainerReportHandler (AbstractContainerReportHandler.java:updateContainerState(145)) - Container #1 is in OPEN state, but the datanode 5459e257-ccbc-435a-9427-c3c16be66685{ip: 192.168.164.253, host: pr-hdds-2334-tv6s7-2530448917, networkLocation: /default-rack, certSerialId: null} reports an CLOSED replica.
2019-10-20 18:38:33,575 [EventQueue-ContainerReportForContainerReportHandler] WARN  container.ContainerReportHandler (AbstractContainerReportHandler.java:updateContainerState(145)) - Container #1 is in OPEN state, but the datanode c90420fb-507e-4f39-9d1e-d32950a26e2a{ip: 192.168.164.253, host: pr-hdds-2334-tv6s7-2530448917, networkLocation: /default-rack, certSerialId: null} reports an CLOSED replica.
2019-10-20 18:38:33,776 [EventQueue-ContainerReportForContainerReportHandler] WARN  container.ContainerReportHandler (AbstractContainerReportHandler.java:updateContainerState(145)) - Container #1 is in OPEN state, but the datanode 5459e257-ccbc-435a-9427-c3c16be66685{ip: 192.168.164.253, host: pr-hdds-2334-tv6s7-2530448917, networkLocation: /default-rack, certSerialId: null} reports an CLOSED replica.
2019-10-20 18:38:33,875 [EventQueue-ContainerReportForContainerReportHandler] WARN  container.ContainerReportHandler (AbstractContainerReportHandler.java:updateContainerState(145)) - Container #1 is in OPEN state, but the datanode c90420fb-507e-4f39-9d1e-d32950a26e2a{ip: 192.168.164.253, host: pr-hdds-2334-tv6s7-2530448917, networkLocation: /default-rack, certSerialId: null} reports an CLOSED replica.
2019-10-20 18:38:33,990 [BlockDeletingService#2] WARN  background.BlockDeletingService (BlockDeletingService.java:isDeletionAllowed(187)) - Close Container log Index 6 is not replicated across allthe servers in the pipeline e053cdee-5b19-4be2-866a-8b8fe5b4b5b0 as the min replicated index is 4. Deletion is not allowed in this container yet.
2019-10-20 18:38:33,991 [BlockDeletingService#2] WARN  background.BlockDeletingService (BlockDeletingService.java:isDeletionAllowed(187)) - Close Container log Index 6 is not replicated across allthe servers in the pipeline e053cdee-5b19-4be2-866a-8b8fe5b4b5b0 as the min replicated index is 4. Deletion is not allowed in this container yet.
2019-10-20 18:38:34,075 [EventQueue-ContainerReportForContainerReportHandler] WARN  container.ContainerReportHandler (AbstractContainerReportHandler.java:updateContainerState(145)) - Container #1 is in OPEN state, but the datanode c90420fb-507e-4f39-9d1e-d32950a26e2a{ip: 192.168.164.253, host: pr-hdds-2334-tv6s7-2530448917, networkLocation: /default-rack, certSerialId: null} reports an CLOSED replica.
2019-10-20 18:38:34,075 [EventQueue-ContainerReportForContainerReportHandler] WARN  container.ContainerReportHandler (AbstractContainerReportHandler.java:updateContainerState(145)) - Container #1 is in OPEN state, but the datanode 5459e257-ccbc-435a-9427-c3c16be66685{ip: 192.168.164.253, host: pr-hdds-2334-tv6s7-2530448917, networkLocation: /default-rack, certSerialId: null} reports an CLOSED replica.
2019-10-20 18:38:34,376 [EventQueue-ContainerReportForContainerReportHandler] WARN  container.ContainerReportHandler (AbstractContainerReportHandler.java:updateContainerState(145)) - Container #1 is in OPEN state, but the datanode 5459e257-ccbc-435a-9427-c3c16be66685{ip: 192.168.164.253, host: pr-hdds-2334-tv6s7-2530448917, networkLocation: /default-rack, certSerialId: null} reports an CLOSED replica.
2019-10-20 18:38:34,474 [EventQueue-ContainerReportForContainerReportHandler] WARN  container.ContainerReportHandler (AbstractContainerReportHandler.java:updateContainerState(145)) - Container #1 is in OPEN state, but the datanode c90420fb-507e-4f39-9d1e-d32950a26e2a{ip: 192.168.164.253, host: pr-hdds-2334-tv6s7-2530448917, networkLocation: /default-rack, certSerialId: null} reports an CLOSED replica.
2019-10-20 18:38:34,575 [EventQueue-ContainerReportForContainerReportHandler] WARN  container.ContainerReportHandler (AbstractContainerReportHandler.java:updateContainerState(145)) - Container #1 is in OPEN state, but the datanode 5459e257-ccbc-435a-9427-c3c16be66685{ip: 192.168.164.253, host: pr-hdds-2334-tv6s7-2530448917, networkLocation: /default-rack, certSerialId: null} reports an CLOSED replica.
2019-10-20 18:38:34,775 [EventQueue-ContainerReportForContainerReportHandler] WARN  container.ContainerReportHandler (AbstractContainerReportHandler.java:updateContainerState(145)) - Container #1 is in OPEN state, but the datanode c90420fb-507e-4f39-9d1e-d32950a26e2a{ip: 192.168.164.253, host: pr-hdds-2334-tv6s7-2530448917, networkLocation: /default-rack, certSerialId: null} reports an CLOSED replica.
2019-10-20 18:38:34,876 [EventQueue-ContainerReportForContainerReportHandler] WARN  container.ContainerReportHandler (AbstractContainerReportHandler.java:updateContainerState(145)) - Container #1 is in OPEN state, but the datanode 5459e257-ccbc-435a-9427-c3c16be66685{ip: 192.168.164.253, host: pr-hdds-2334-tv6s7-2530448917, networkLocation: /default-rack, certSerialId: null} reports an CLOSED replica.
2019-10-20 18:38:34,975 [EventQueue-ContainerReportForContainerReportHandler] WARN  container.ContainerReportHandler (AbstractContainerReportHandler.java:updateContainerState(145)) - Container #1 is in OPEN state, but the datanode c90420fb-507e-4f39-9d1e-d32950a26e2a{ip: 192.168.164.253, host: pr-hdds-2334-tv6s7-2530448917, networkLocation: /default-rack, certSerialId: null} reports an CLOSED replica.
2019-10-20 18:38:34,992 [BlockDeletingService#2] WARN  background.BlockDeletingService (BlockDeletingService.java:isDeletionAllowed(187)) - Close Container log Index 6 is not replicated across allthe servers in the pipeline e053cdee-5b19-4be2-866a-8b8fe5b4b5b0 as the min replicated index is 4. Deletion is not allowed in this container yet.
2019-10-20 18:38:34,992 [BlockDeletingService#2] WARN  background.BlockDeletingService (BlockDeletingService.java:isDeletionAllowed(187)) - Close Container log Index 6 is not replicated across allthe servers in the pipeline e053cdee-5b19-4be2-866a-8b8fe5b4b5b0 as the min replicated index is 4. Deletion is not allowed in this container yet.
2019-10-20 18:38:35,176 [EventQueue-ContainerReportForContainerReportHandler] WARN  container.ContainerReportHandler (AbstractContainerReportHandler.java:updateContainerState(145)) - Container #1 is in OPEN state, but the datanode 5459e257-ccbc-435a-9427-c3c16be66685{ip: 192.168.164.253, host: pr-hdds-2334-tv6s7-2530448917, networkLocation: /default-rack, certSerialId: null} reports an CLOSED replica.
2019-10-20 18:38:35,276 [EventQueue-ContainerReportForContainerReportHandler] WARN  container.ContainerReportHandler (AbstractContainerReportHandler.java:updateContainerState(145)) - Container #1 is in OPEN state, but the datanode c90420fb-507e-4f39-9d1e-d32950a26e2a{ip: 192.168.164.253, host: pr-hdds-2334-tv6s7-2530448917, networkLocation: /default-rack, certSerialId: null} reports an CLOSED replica.
2019-10-20 18:38:35,491 [java.util.concurrent.ThreadPoolExecutor$Worker@550c84d3[State = -1, empty queue]] WARN  server.GrpcLogAppender (GrpcLogAppender.java:timeoutAppendRequest(209)) - 5459e257-ccbc-435a-9427-c3c16be66685@group-8B8FE5B4B5B0->7e7122d9-53dc-47a8-b6b6-c87fac616c81-GrpcLogAppender: appendEntries Timeout, request=5459e257-ccbc-435a-9427-c3c16be66685->7e7122d9-53dc-47a8-b6b6-c87fac616c81#28-t6, previous=(t:6, i:10), leaderCommit=10, initializing? false, entries: <empty>
2019-10-20 18:38:35,578 [EventQueue-ContainerReportForContainerReportHandler] WARN  container.ContainerReportHandler (AbstractContainerReportHandler.java:updateContainerState(145)) - Container #1 is in OPEN state, but the datanode 5459e257-ccbc-435a-9427-c3c16be66685{ip: 192.168.164.253, host: pr-hdds-2334-tv6s7-2530448917, networkLocation: /default-rack, certSerialId: null} reports an CLOSED replica.
2019-10-20 18:38:35,677 [EventQueue-ContainerReportForContainerReportHandler] WARN  container.ContainerReportHandler (AbstractContainerReportHandler.java:updateContainerState(145)) - Container #1 is in OPEN state, but the datanode c90420fb-507e-4f39-9d1e-d32950a26e2a{ip: 192.168.164.253, host: pr-hdds-2334-tv6s7-2530448917, networkLocation: /default-rack, certSerialId: null} reports an CLOSED replica.
2019-10-20 18:38:35,778 [EventQueue-ContainerReportForContainerReportHandler] WARN  container.ContainerReportHandler (AbstractContainerReportHandler.java:updateContainerState(145)) - Container #1 is in OPEN state, but the datanode 5459e257-ccbc-435a-9427-c3c16be66685{ip: 192.168.164.253, host: pr-hdds-2334-tv6s7-2530448917, networkLocation: /default-rack, certSerialId: null} reports an CLOSED replica.
2019-10-20 18:38:35,978 [EventQueue-ContainerReportForContainerReportHandler] WARN  container.ContainerReportHandler (AbstractContainerReportHandler.java:updateContainerState(145)) - Container #1 is in OPEN state, but the datanode c90420fb-507e-4f39-9d1e-d32950a26e2a{ip: 192.168.164.253, host: pr-hdds-2334-tv6s7-2530448917, networkLocation: /default-rack, certSerialId: null} reports an CLOSED replica.
2019-10-20 18:38:35,995 [BlockDeletingService#2] WARN  background.BlockDeletingService (BlockDeletingService.java:isDeletionAllowed(187)) - Close Container log Index 6 is not replicated across allthe servers in the pipeline e053cdee-5b19-4be2-866a-8b8fe5b4b5b0 as the min replicated index is 4. Deletion is not allowed in this container yet.
2019-10-20 18:38:35,995 [BlockDeletingService#2] WARN  background.BlockDeletingService (BlockDeletingService.java:isDeletionAllowed(187)) - Close Container log Index 6 is not replicated across allthe servers in the pipeline e053cdee-5b19-4be2-866a-8b8fe5b4b5b0 as the min replicated index is 4. Deletion is not allowed in this container yet.
2019-10-20 18:38:36,177 [EventQueue-ContainerReportForContainerReportHandler] WARN  container.ContainerReportHandler (AbstractContainerReportHandler.java:updateContainerState(145)) - Container #1 is in OPEN state, but the datanode 5459e257-ccbc-435a-9427-c3c16be66685{ip: 192.168.164.253, host: pr-hdds-2334-tv6s7-2530448917, networkLocation: /default-rack, certSerialId: null} reports an CLOSED replica.
2019-10-20 18:38:36,379 [EventQueue-ContainerReportForContainerReportHandler] WARN  container.ContainerReportHandler (AbstractContainerReportHandler.java:updateContainerState(145)) - Container #1 is in OPEN state, but the datanode c90420fb-507e-4f39-9d1e-d32950a26e2a{ip: 192.168.164.253, host: pr-hdds-2334-tv6s7-2530448917, networkLocation: /default-rack, certSerialId: null} reports an CLOSED replica.
2019-10-20 18:38:36,380 [EventQueue-ContainerReportForContainerReportHandler] WARN  container.ContainerReportHandler (AbstractContainerReportHandler.java:updateContainerState(145)) - Container #1 is in OPEN state, but the datanode 5459e257-ccbc-435a-9427-c3c16be66685{ip: 192.168.164.253, host: pr-hdds-2334-tv6s7-2530448917, networkLocation: /default-rack, certSerialId: null} reports an CLOSED replica.
2019-10-20 18:38:36,578 [EventQueue-ContainerReportForContainerReportHandler] WARN  container.ContainerReportHandler (AbstractContainerReportHandler.java:updateContainerState(145)) - Container #1 is in OPEN state, but the datanode c90420fb-507e-4f39-9d1e-d32950a26e2a{ip: 192.168.164.253, host: pr-hdds-2334-tv6s7-2530448917, networkLocation: /default-rack, certSerialId: null} reports an CLOSED replica.
2019-10-20 18:38:36,778 [EventQueue-ContainerReportForContainerReportHandler] WARN  container.ContainerReportHandler (AbstractContainerReportHandler.java:updateContainerState(145)) - Container #1 is in OPEN state, but the datanode 5459e257-ccbc-435a-9427-c3c16be66685{ip: 192.168.164.253, host: pr-hdds-2334-tv6s7-2530448917, networkLocation: /default-rack, certSerialId: null} reports an CLOSED replica.
2019-10-20 18:38:36,977 [EventQueue-ContainerReportForContainerReportHandler] WARN  container.ContainerReportHandler (AbstractContainerReportHandler.java:updateContainerState(145)) - Container #1 is in OPEN state, but the datanode c90420fb-507e-4f39-9d1e-d32950a26e2a{ip: 192.168.164.253, host: pr-hdds-2334-tv6s7-2530448917, networkLocation: /default-rack, certSerialId: null} reports an CLOSED replica.
2019-10-20 18:38:36,978 [EventQueue-ContainerReportForContainerReportHandler] WARN  container.ContainerReportHandler (AbstractContainerReportHandler.java:updateContainerState(145)) - Container #1 is in OPEN state, but the datanode 5459e257-ccbc-435a-9427-c3c16be66685{ip: 192.168.164.253, host: pr-hdds-2334-tv6s7-2530448917, networkLocation: /default-rack, certSerialId: null} reports an CLOSED replica.
2019-10-20 18:38:36,997 [BlockDeletingService#2] WARN  background.BlockDeletingService (BlockDeletingService.java:isDeletionAllowed(187)) - Close Container log Index 6 is not replicated across allthe servers in the pipeline e053cdee-5b19-4be2-866a-8b8fe5b4b5b0 as the min replicated index is 4. Deletion is not allowed in this container yet.
2019-10-20 18:38:36,997 [BlockDeletingService#2] WARN  background.BlockDeletingService (BlockDeletingService.java:isDeletionAllowed(187)) - Close Container log Index 6 is not replicated across allthe servers in the pipeline e053cdee-5b19-4be2-866a-8b8fe5b4b5b0 as the min replicated index is 4. Deletion is not allowed in this container yet.
2019-10-20 18:38:37,278 [EventQueue-ContainerReportForContainerReportHandler] WARN  container.ContainerReportHandler (AbstractContainerReportHandler.java:updateContainerState(145)) - Container #1 is in OPEN state, but the datanode c90420fb-507e-4f39-9d1e-d32950a26e2a{ip: 192.168.164.253, host: pr-hdds-2334-tv6s7-2530448917, networkLocation: /default-rack, certSerialId: null} reports an CLOSED replica.
2019-10-20 18:38:37,378 [EventQueue-ContainerReportForContainerReportHandler] WARN  container.ContainerReportHandler (AbstractContainerReportHandler.java:updateContainerState(145)) - Container #1 is in OPEN state, but the datanode 5459e257-ccbc-435a-9427-c3c16be66685{ip: 192.168.164.253, host: pr-hdds-2334-tv6s7-2530448917, networkLocation: /default-rack, certSerialId: null} reports an CLOSED replica.
2019-10-20 18:38:37,578 [EventQueue-ContainerReportForContainerReportHandler] WARN  container.ContainerReportHandler (AbstractContainerReportHandler.java:updateContainerState(145)) - Container #1 is in OPEN state, but the datanode c90420fb-507e-4f39-9d1e-d32950a26e2a{ip: 192.168.164.253, host: pr-hdds-2334-tv6s7-2530448917, networkLocation: /default-rack, certSerialId: null} reports an CLOSED replica.
2019-10-20 18:38:37,678 [EventQueue-ContainerReportForContainerReportHandler] WARN  container.ContainerReportHandler (AbstractContainerReportHandler.java:updateContainerState(145)) - Container #1 is in OPEN state, but the datanode 5459e257-ccbc-435a-9427-c3c16be66685{ip: 192.168.164.253, host: pr-hdds-2334-tv6s7-2530448917, networkLocation: /default-rack, certSerialId: null} reports an CLOSED replica.
2019-10-20 18:38:37,879 [EventQueue-ContainerReportForContainerReportHandler] WARN  container.ContainerReportHandler (AbstractContainerReportHandler.java:updateContainerState(145)) - Container #1 is in OPEN state, but the datanode 5459e257-ccbc-435a-9427-c3c16be66685{ip: 192.168.164.253, host: pr-hdds-2334-tv6s7-2530448917, networkLocation: /default-rack, certSerialId: null} reports an CLOSED replica.
2019-10-20 18:38:37,979 [EventQueue-ContainerReportForContainerReportHandler] WARN  container.ContainerReportHandler (AbstractContainerReportHandler.java:updateContainerState(145)) - Container #1 is in OPEN state, but the datanode c90420fb-507e-4f39-9d1e-d32950a26e2a{ip: 192.168.164.253, host: pr-hdds-2334-tv6s7-2530448917, networkLocation: /default-rack, certSerialId: null} reports an CLOSED replica.
2019-10-20 18:38:37,992 [java.util.concurrent.ThreadPoolExecutor$Worker@550c84d3[State = -1, empty queue]] WARN  server.GrpcLogAppender (GrpcLogAppender.java:timeoutAppendRequest(209)) - 5459e257-ccbc-435a-9427-c3c16be66685@group-8B8FE5B4B5B0->7e7122d9-53dc-47a8-b6b6-c87fac616c81-GrpcLogAppender: appendEntries Timeout, request=5459e257-ccbc-435a-9427-c3c16be66685->7e7122d9-53dc-47a8-b6b6-c87fac616c81#29-t6, previous=(t:6, i:10), leaderCommit=10, initializing? false, entries: <empty>
2019-10-20 18:38:37,999 [BlockDeletingService#2] WARN  background.BlockDeletingService (BlockDeletingService.java:isDeletionAllowed(187)) - Close Container log Index 6 is not replicated across allthe servers in the pipeline e053cdee-5b19-4be2-866a-8b8fe5b4b5b0 as the min replicated index is 4. Deletion is not allowed in this container yet.
2019-10-20 18:38:37,999 [BlockDeletingService#2] WARN  background.BlockDeletingService (BlockDeletingService.java:isDeletionAllowed(187)) - Close Container log Index 6 is not replicated across allthe servers in the pipeline e053cdee-5b19-4be2-866a-8b8fe5b4b5b0 as the min replicated index is 4. Deletion is not allowed in this container yet.
2019-10-20 18:38:38,179 [EventQueue-ContainerReportForContainerReportHandler] WARN  container.ContainerReportHandler (AbstractContainerReportHandler.java:updateContainerState(145)) - Container #1 is in OPEN state, but the datanode 5459e257-ccbc-435a-9427-c3c16be66685{ip: 192.168.164.253, host: pr-hdds-2334-tv6s7-2530448917, networkLocation: /default-rack, certSerialId: null} reports an CLOSED replica.
2019-10-20 18:38:38,279 [EventQueue-ContainerReportForContainerReportHandler] WARN  container.ContainerReportHandler (AbstractContainerReportHandler.java:updateContainerState(145)) - Container #1 is in OPEN state, but the datanode c90420fb-507e-4f39-9d1e-d32950a26e2a{ip: 192.168.164.253, host: pr-hdds-2334-tv6s7-2530448917, networkLocation: /default-rack, certSerialId: null} reports an CLOSED replica.
2019-10-20 18:38:38,479 [EventQueue-ContainerReportForContainerReportHandler] WARN  container.ContainerReportHandler (AbstractContainerReportHandler.java:updateContainerState(145)) - Container #1 is in OPEN state, but the datanode 5459e257-ccbc-435a-9427-c3c16be66685{ip: 192.168.164.253, host: pr-hdds-2334-tv6s7-2530448917, networkLocation: /default-rack, certSerialId: null} reports an CLOSED replica.
2019-10-20 18:38:38,579 [EventQueue-ContainerReportForContainerReportHandler] WARN  container.ContainerReportHandler (AbstractContainerReportHandler.java:updateContainerState(145)) - Container #1 is in OPEN state, but the datanode c90420fb-507e-4f39-9d1e-d32950a26e2a{ip: 192.168.164.253, host: pr-hdds-2334-tv6s7-2530448917, networkLocation: /default-rack, certSerialId: null} reports an CLOSED replica.
2019-10-20 18:38:38,778 [EventQueue-ContainerReportForContainerReportHandler] WARN  container.ContainerReportHandler (AbstractContainerReportHandler.java:updateContainerState(145)) - Container #1 is in OPEN state, but the datanode 5459e257-ccbc-435a-9427-c3c16be66685{ip: 192.168.164.253, host: pr-hdds-2334-tv6s7-2530448917, networkLocation: /default-rack, certSerialId: null} reports an CLOSED replica.
2019-10-20 18:38:38,879 [EventQueue-ContainerReportForContainerReportHandler] WARN  container.ContainerReportHandler (AbstractContainerReportHandler.java:updateContainerState(145)) - Container #1 is in OPEN state, but the datanode c90420fb-507e-4f39-9d1e-d32950a26e2a{ip: 192.168.164.253, host: pr-hdds-2334-tv6s7-2530448917, networkLocation: /default-rack, certSerialId: null} reports an CLOSED replica.
2019-10-20 18:38:39,001 [BlockDeletingService#2] WARN  background.BlockDeletingService (BlockDeletingService.java:isDeletionAllowed(187)) - Close Container log Index 6 is not replicated across allthe servers in the pipeline e053cdee-5b19-4be2-866a-8b8fe5b4b5b0 as the min replicated index is 4. Deletion is not allowed in this container yet.
2019-10-20 18:38:39,001 [BlockDeletingService#2] WARN  background.BlockDeletingService (BlockDeletingService.java:isDeletionAllowed(187)) - Close Container log Index 6 is not replicated across allthe servers in the pipeline e053cdee-5b19-4be2-866a-8b8fe5b4b5b0 as the min replicated index is 4. Deletion is not allowed in this container yet.
2019-10-20 18:38:39,081 [EventQueue-ContainerReportForContainerReportHandler] WARN  container.ContainerReportHandler (AbstractContainerReportHandler.java:updateContainerState(145)) - Container #1 is in OPEN state, but the datanode 5459e257-ccbc-435a-9427-c3c16be66685{ip: 192.168.164.253, host: pr-hdds-2334-tv6s7-2530448917, networkLocation: /default-rack, certSerialId: null} reports an CLOSED replica.
2019-10-20 18:38:39,281 [EventQueue-ContainerReportForContainerReportHandler] WARN  container.ContainerReportHandler (AbstractContainerReportHandler.java:updateContainerState(145)) - Container #1 is in OPEN state, but the datanode c90420fb-507e-4f39-9d1e-d32950a26e2a{ip: 192.168.164.253, host: pr-hdds-2334-tv6s7-2530448917, networkLocation: /default-rack, certSerialId: null} reports an CLOSED replica.
2019-10-20 18:38:39,381 [EventQueue-ContainerReportForContainerReportHandler] WARN  container.ContainerReportHandler (AbstractContainerReportHandler.java:updateContainerState(145)) - Container #1 is in OPEN state, but the datanode 5459e257-ccbc-435a-9427-c3c16be66685{ip: 192.168.164.253, host: pr-hdds-2334-tv6s7-2530448917, networkLocation: /default-rack, certSerialId: null} reports an CLOSED replica.
2019-10-20 18:38:39,481 [EventQueue-ContainerReportForContainerReportHandler] WARN  container.ContainerReportHandler (AbstractContainerReportHandler.java:updateContainerState(145)) - Container #1 is in OPEN state, but the datanode c90420fb-507e-4f39-9d1e-d32950a26e2a{ip: 192.168.164.253, host: pr-hdds-2334-tv6s7-2530448917, networkLocation: /default-rack, certSerialId: null} reports an CLOSED replica.
2019-10-20 18:38:39,581 [EventQueue-ContainerReportForContainerReportHandler] WARN  container.ContainerReportHandler (AbstractContainerReportHandler.java:updateContainerState(145)) - Container #1 is in OPEN state, but the datanode 5459e257-ccbc-435a-9427-c3c16be66685{ip: 192.168.164.253, host: pr-hdds-2334-tv6s7-2530448917, networkLocation: /default-rack, certSerialId: null} reports an CLOSED replica.
2019-10-20 18:38:39,781 [EventQueue-ContainerReportForContainerReportHandler] WARN  container.ContainerReportHandler (AbstractContainerReportHandler.java:updateContainerState(145)) - Container #1 is in OPEN state, but the datanode c90420fb-507e-4f39-9d1e-d32950a26e2a{ip: 192.168.164.253, host: pr-hdds-2334-tv6s7-2530448917, networkLocation: /default-rack, certSerialId: null} reports an CLOSED replica.
2019-10-20 18:38:39,882 [EventQueue-ContainerReportForContainerReportHandler] WARN  container.ContainerReportHandler (AbstractContainerReportHandler.java:updateContainerState(145)) - Container #1 is in OPEN state, but the datanode 5459e257-ccbc-435a-9427-c3c16be66685{ip: 192.168.164.253, host: pr-hdds-2334-tv6s7-2530448917, networkLocation: /default-rack, certSerialId: null} reports an CLOSED replica.
2019-10-20 18:38:40,002 [BlockDeletingService#2] WARN  background.BlockDeletingService (BlockDeletingService.java:isDeletionAllowed(187)) - Close Container log Index 6 is not replicated across allthe servers in the pipeline e053cdee-5b19-4be2-866a-8b8fe5b4b5b0 as the min replicated index is 4. Deletion is not allowed in this container yet.
2019-10-20 18:38:40,002 [BlockDeletingService#2] WARN  background.BlockDeletingService (BlockDeletingService.java:isDeletionAllowed(187)) - Close Container log Index 6 is not replicated across allthe servers in the pipeline e053cdee-5b19-4be2-866a-8b8fe5b4b5b0 as the min replicated index is 4. Deletion is not allowed in this container yet.
2019-10-20 18:38:40,081 [EventQueue-ContainerReportForContainerReportHandler] WARN  container.ContainerReportHandler (AbstractContainerReportHandler.java:updateContainerState(145)) - Container #1 is in OPEN state, but the datanode c90420fb-507e-4f39-9d1e-d32950a26e2a{ip: 192.168.164.253, host: pr-hdds-2334-tv6s7-2530448917, networkLocation: /default-rack, certSerialId: null} reports an CLOSED replica.
2019-10-20 18:38:40,182 [EventQueue-ContainerReportForContainerReportHandler] WARN  container.ContainerReportHandler (AbstractContainerReportHandler.java:updateContainerState(145)) - Container #1 is in OPEN state, but the datanode 5459e257-ccbc-435a-9427-c3c16be66685{ip: 192.168.164.253, host: pr-hdds-2334-tv6s7-2530448917, networkLocation: /default-rack, certSerialId: null} reports an CLOSED replica.
2019-10-20 18:38:40,382 [EventQueue-ContainerReportForContainerReportHandler] WARN  container.ContainerReportHandler (AbstractContainerReportHandler.java:updateContainerState(145)) - Container #1 is in OPEN state, but the datanode c90420fb-507e-4f39-9d1e-d32950a26e2a{ip: 192.168.164.253, host: pr-hdds-2334-tv6s7-2530448917, networkLocation: /default-rack, certSerialId: null} reports an CLOSED replica.
2019-10-20 18:38:40,382 [EventQueue-ContainerReportForContainerReportHandler] WARN  container.ContainerReportHandler (AbstractContainerReportHandler.java:updateContainerState(145)) - Container #1 is in OPEN state, but the datanode 5459e257-ccbc-435a-9427-c3c16be66685{ip: 192.168.164.253, host: pr-hdds-2334-tv6s7-2530448917, networkLocation: /default-rack, certSerialId: null} reports an CLOSED replica.
2019-10-20 18:38:40,495 [java.util.concurrent.ThreadPoolExecutor$Worker@550c84d3[State = -1, empty queue]] WARN  server.GrpcLogAppender (GrpcLogAppender.java:timeoutAppendRequest(209)) - 5459e257-ccbc-435a-9427-c3c16be66685@group-8B8FE5B4B5B0->7e7122d9-53dc-47a8-b6b6-c87fac616c81-GrpcLogAppender: appendEntries Timeout, request=5459e257-ccbc-435a-9427-c3c16be66685->7e7122d9-53dc-47a8-b6b6-c87fac616c81#30-t6, previous=(t:6, i:10), leaderCommit=10, initializing? false, entries: <empty>
2019-10-20 18:38:40,781 [EventQueue-ContainerReportForContainerReportHandler] WARN  container.ContainerReportHandler (AbstractContainerReportHandler.java:updateContainerState(145)) - Container #1 is in OPEN state, but the datanode 5459e257-ccbc-435a-9427-c3c16be66685{ip: 192.168.164.253, host: pr-hdds-2334-tv6s7-2530448917, networkLocation: /default-rack, certSerialId: null} reports an CLOSED replica.
2019-10-20 18:38:40,783 [EventQueue-ContainerReportForContainerReportHandler] WARN  container.ContainerReportHandler (AbstractContainerReportHandler.java:updateContainerState(145)) - Container #1 is in OPEN state, but the datanode c90420fb-507e-4f39-9d1e-d32950a26e2a{ip: 192.168.164.253, host: pr-hdds-2334-tv6s7-2530448917, networkLocation: /default-rack, certSerialId: null} reports an CLOSED replica.
2019-10-20 18:38:41,004 [BlockDeletingService#2] WARN  background.BlockDeletingService (BlockDeletingService.java:isDeletionAllowed(187)) - Close Container log Index 6 is not replicated across allthe servers in the pipeline e053cdee-5b19-4be2-866a-8b8fe5b4b5b0 as the min replicated index is 4. Deletion is not allowed in this container yet.
2019-10-20 18:38:41,004 [BlockDeletingService#2] WARN  background.BlockDeletingService (BlockDeletingService.java:isDeletionAllowed(187)) - Close Container log Index 6 is not replicated across allthe servers in the pipeline e053cdee-5b19-4be2-866a-8b8fe5b4b5b0 as the min replicated index is 4. Deletion is not allowed in this container yet.
2019-10-20 18:38:41,082 [EventQueue-ContainerReportForContainerReportHandler] WARN  container.ContainerReportHandler (AbstractContainerReportHandler.java:updateContainerState(145)) - Container #1 is in OPEN state, but the datanode c90420fb-507e-4f39-9d1e-d32950a26e2a{ip: 192.168.164.253, host: pr-hdds-2334-tv6s7-2530448917, networkLocation: /default-rack, certSerialId: null} reports an CLOSED replica.
2019-10-20 18:38:41,181 [EventQueue-ContainerReportForContainerReportHandler] WARN  container.ContainerReportHandler (AbstractContainerReportHandler.java:updateContainerState(145)) - Container #1 is in OPEN state, but the datanode 5459e257-ccbc-435a-9427-c3c16be66685{ip: 192.168.164.253, host: pr-hdds-2334-tv6s7-2530448917, networkLocation: /default-rack, certSerialId: null} reports an CLOSED replica.
2019-10-20 18:38:41,383 [EventQueue-ContainerReportForContainerReportHandler] WARN  container.ContainerReportHandler (AbstractContainerReportHandler.java:updateContainerState(145)) - Container #1 is in OPEN state, but the datanode c90420fb-507e-4f39-9d1e-d32950a26e2a{ip: 192.168.164.253, host: pr-hdds-2334-tv6s7-2530448917, networkLocation: /default-rack, certSerialId: null} reports an CLOSED replica.
2019-10-20 18:38:41,481 [EventQueue-ContainerReportForContainerReportHandler] WARN  container.ContainerReportHandler (AbstractContainerReportHandler.java:updateContainerState(145)) - Container #1 is in OPEN state, but the datanode 5459e257-ccbc-435a-9427-c3c16be66685{ip: 192.168.164.253, host: pr-hdds-2334-tv6s7-2530448917, networkLocation: /default-rack, certSerialId: null} reports an CLOSED replica.
2019-10-20 18:38:41,684 [EventQueue-ContainerReportForContainerReportHandler] WARN  container.ContainerReportHandler (AbstractContainerReportHandler.java:updateContainerState(145)) - Container #1 is in OPEN state, but the datanode c90420fb-507e-4f39-9d1e-d32950a26e2a{ip: 192.168.164.253, host: pr-hdds-2334-tv6s7-2530448917, networkLocation: /default-rack, certSerialId: null} reports an CLOSED replica.
2019-10-20 18:38:41,882 [EventQueue-ContainerReportForContainerReportHandler] WARN  container.ContainerReportHandler (AbstractContainerReportHandler.java:updateContainerState(145)) - Container #1 is in OPEN state, but the datanode 5459e257-ccbc-435a-9427-c3c16be66685{ip: 192.168.164.253, host: pr-hdds-2334-tv6s7-2530448917, networkLocation: /default-rack, certSerialId: null} reports an CLOSED replica.
2019-10-20 18:38:41,984 [EventQueue-ContainerReportForContainerReportHandler] WARN  container.ContainerReportHandler (AbstractContainerReportHandler.java:updateContainerState(145)) - Container #1 is in OPEN state, but the datanode c90420fb-507e-4f39-9d1e-d32950a26e2a{ip: 192.168.164.253, host: pr-hdds-2334-tv6s7-2530448917, networkLocation: /default-rack, certSerialId: null} reports an CLOSED replica.
2019-10-20 18:38:42,005 [BlockDeletingService#2] WARN  background.BlockDeletingService (BlockDeletingService.java:isDeletionAllowed(187)) - Close Container log Index 6 is not replicated across allthe servers in the pipeline e053cdee-5b19-4be2-866a-8b8fe5b4b5b0 as the min replicated index is 4. Deletion is not allowed in this container yet.
2019-10-20 18:38:42,005 [BlockDeletingService#2] WARN  background.BlockDeletingService (BlockDeletingService.java:isDeletionAllowed(187)) - Close Container log Index 6 is not replicated across allthe servers in the pipeline e053cdee-5b19-4be2-866a-8b8fe5b4b5b0 as the min replicated index is 4. Deletion is not allowed in this container yet.
2019-10-20 18:38:42,042 [Thread-396] INFO  client.GrpcClientProtocolService (GrpcClientProtocolService.java:lambda$processClientRequest$0(278)) - Failed RaftClientRequest:client-33348DE3F0EA->c90420fb-507e-4f39-9d1e-d32950a26e2a@group-8B8FE5B4B5B0, cid=10, seq=0, Watch-ALL_COMMITTED(6), Message:<EMPTY>, reply=RaftClientReply:client-33348DE3F0EA->c90420fb-507e-4f39-9d1e-d32950a26e2a@group-8B8FE5B4B5B0, cid=10, FAILED org.apache.ratis.protocol.NotLeaderException: Server c90420fb-507e-4f39-9d1e-d32950a26e2a@group-8B8FE5B4B5B0 is not the leader 5459e257-ccbc-435a-9427-c3c16be66685:192.168.164.253:45469, logIndex=0, commits[c90420fb-507e-4f39-9d1e-d32950a26e2a:c10, 7e7122d9-53dc-47a8-b6b6-c87fac616c81:c4, 5459e257-ccbc-435a-9427-c3c16be66685:c10]
2019-10-20 18:38:42,182 [EventQueue-ContainerReportForContainerReportHandler] WARN  container.ContainerReportHandler (AbstractContainerReportHandler.java:updateContainerState(145)) - Container #1 is in OPEN state, but the datanode 5459e257-ccbc-435a-9427-c3c16be66685{ip: 192.168.164.253, host: pr-hdds-2334-tv6s7-2530448917, networkLocation: /default-rack, certSerialId: null} reports an CLOSED replica.
2019-10-20 18:38:42,283 [EventQueue-ContainerReportForContainerReportHandler] WARN  container.ContainerReportHandler (AbstractContainerReportHandler.java:updateContainerState(145)) - Container #1 is in OPEN state, but the datanode c90420fb-507e-4f39-9d1e-d32950a26e2a{ip: 192.168.164.253, host: pr-hdds-2334-tv6s7-2530448917, networkLocation: /default-rack, certSerialId: null} reports an CLOSED replica.
2019-10-20 18:38:42,382 [EventQueue-ContainerReportForContainerReportHandler] WARN  container.ContainerReportHandler (AbstractContainerReportHandler.java:updateContainerState(145)) - Container #1 is in OPEN state, but the datanode 5459e257-ccbc-435a-9427-c3c16be66685{ip: 192.168.164.253, host: pr-hdds-2334-tv6s7-2530448917, networkLocation: /default-rack, certSerialId: null} reports an CLOSED replica.
2019-10-20 18:38:42,683 [Thread-400] INFO  client.GrpcClientProtocolService (GrpcClientProtocolService.java:lambda$processClientRequest$0(278)) - Failed RaftClientRequest:client-33348DE3F0EA->5459e257-ccbc-435a-9427-c3c16be66685@group-8B8FE5B4B5B0, cid=10, seq=0, Watch-ALL_COMMITTED(6), Message:<EMPTY>, reply=RaftClientReply:client-33348DE3F0EA->5459e257-ccbc-435a-9427-c3c16be66685@group-8B8FE5B4B5B0, cid=10, FAILED org.apache.ratis.protocol.NotReplicatedException: Request with call Id 10 and log index 6 is not yet replicated to ALL_COMMITTED, logIndex=6, commits[5459e257-ccbc-435a-9427-c3c16be66685:c10, 7e7122d9-53dc-47a8-b6b6-c87fac616c81:c4, c90420fb-507e-4f39-9d1e-d32950a26e2a:c10]
2019-10-20 18:38:42,686 [EventQueue-ContainerReportForContainerReportHandler] WARN  container.ContainerReportHandler (AbstractContainerReportHandler.java:updateContainerState(145)) - Container #1 is in OPEN state, but the datanode c90420fb-507e-4f39-9d1e-d32950a26e2a{ip: 192.168.164.253, host: pr-hdds-2334-tv6s7-2530448917, networkLocation: /default-rack, certSerialId: null} reports an CLOSED replica.
2019-10-20 18:38:42,782 [EventQueue-ContainerReportForContainerReportHandler] WARN  container.ContainerReportHandler (AbstractContainerReportHandler.java:updateContainerState(145)) - Container #1 is in OPEN state, but the datanode 5459e257-ccbc-435a-9427-c3c16be66685{ip: 192.168.164.253, host: pr-hdds-2334-tv6s7-2530448917, networkLocation: /default-rack, certSerialId: null} reports an CLOSED replica.
2019-10-20 18:38:42,986 [EventQueue-ContainerReportForContainerReportHandler] WARN  container.ContainerReportHandler (AbstractContainerReportHandler.java:updateContainerState(145)) - Container #1 is in OPEN state, but the datanode c90420fb-507e-4f39-9d1e-d32950a26e2a{ip: 192.168.164.253, host: pr-hdds-2334-tv6s7-2530448917, networkLocation: /default-rack, certSerialId: null} reports an CLOSED replica.
2019-10-20 18:38:42,995 [java.util.concurrent.ThreadPoolExecutor$Worker@550c84d3[State = -1, empty queue]] WARN  server.GrpcLogAppender (GrpcLogAppender.java:timeoutAppendRequest(209)) - 5459e257-ccbc-435a-9427-c3c16be66685@group-8B8FE5B4B5B0->7e7122d9-53dc-47a8-b6b6-c87fac616c81-GrpcLogAppender: appendEntries Timeout, request=5459e257-ccbc-435a-9427-c3c16be66685->7e7122d9-53dc-47a8-b6b6-c87fac616c81#31-t6, previous=(t:6, i:10), leaderCommit=10, initializing? false, entries: <empty>
2019-10-20 18:38:43,007 [BlockDeletingService#2] WARN  background.BlockDeletingService (BlockDeletingService.java:isDeletionAllowed(187)) - Close Container log Index 6 is not replicated across allthe servers in the pipeline e053cdee-5b19-4be2-866a-8b8fe5b4b5b0 as the min replicated index is 4. Deletion is not allowed in this container yet.
2019-10-20 18:38:43,007 [BlockDeletingService#2] WARN  background.BlockDeletingService (BlockDeletingService.java:isDeletionAllowed(187)) - Close Container log Index 6 is not replicated across allthe servers in the pipeline e053cdee-5b19-4be2-866a-8b8fe5b4b5b0 as the min replicated index is 4. Deletion is not allowed in this container yet.
2019-10-20 18:38:43,083 [EventQueue-ContainerReportForContainerReportHandler] WARN  container.ContainerReportHandler (AbstractContainerReportHandler.java:updateContainerState(145)) - Container #1 is in OPEN state, but the datanode 5459e257-ccbc-435a-9427-c3c16be66685{ip: 192.168.164.253, host: pr-hdds-2334-tv6s7-2530448917, networkLocation: /default-rack, certSerialId: null} reports an CLOSED replica.
2019-10-20 18:38:43,186 [EventQueue-ContainerReportForContainerReportHandler] WARN  container.ContainerReportHandler (AbstractContainerReportHandler.java:updateContainerState(145)) - Container #1 is in OPEN state, but the datanode c90420fb-507e-4f39-9d1e-d32950a26e2a{ip: 192.168.164.253, host: pr-hdds-2334-tv6s7-2530448917, networkLocation: /default-rack, certSerialId: null} reports an CLOSED replica.
2019-10-20 18:38:43,383 [EventQueue-ContainerReportForContainerReportHandler] WARN  container.ContainerReportHandler (AbstractContainerReportHandler.java:updateContainerState(145)) - Container #1 is in OPEN state, but the datanode 5459e257-ccbc-435a-9427-c3c16be66685{ip: 192.168.164.253, host: pr-hdds-2334-tv6s7-2530448917, networkLocation: /default-rack, certSerialId: null} reports an CLOSED replica.
2019-10-20 18:38:43,386 [EventQueue-ContainerReportForContainerReportHandler] WARN  container.ContainerReportHandler (AbstractContainerReportHandler.java:updateContainerState(145)) - Container #1 is in OPEN state, but the datanode c90420fb-507e-4f39-9d1e-d32950a26e2a{ip: 192.168.164.253, host: pr-hdds-2334-tv6s7-2530448917, networkLocation: /default-rack, certSerialId: null} reports an CLOSED replica.
2019-10-20 18:38:43,583 [EventQueue-ContainerReportForContainerReportHandler] WARN  container.ContainerReportHandler (AbstractContainerReportHandler.java:updateContainerState(145)) - Container #1 is in OPEN state, but the datanode 5459e257-ccbc-435a-9427-c3c16be66685{ip: 192.168.164.253, host: pr-hdds-2334-tv6s7-2530448917, networkLocation: /default-rack, certSerialId: null} reports an CLOSED replica.
2019-10-20 18:38:43,783 [EventQueue-ContainerReportForContainerReportHandler] WARN  container.ContainerReportHandler (AbstractContainerReportHandler.java:updateContainerState(145)) - Container #1 is in OPEN state, but the datanode 5459e257-ccbc-435a-9427-c3c16be66685{ip: 192.168.164.253, host: pr-hdds-2334-tv6s7-2530448917, networkLocation: /default-rack, certSerialId: null} reports an CLOSED replica.
2019-10-20 18:38:43,785 [EventQueue-ContainerReportForContainerReportHandler] WARN  container.ContainerReportHandler (AbstractContainerReportHandler.java:updateContainerState(145)) - Container #1 is in OPEN state, but the datanode c90420fb-507e-4f39-9d1e-d32950a26e2a{ip: 192.168.164.253, host: pr-hdds-2334-tv6s7-2530448917, networkLocation: /default-rack, certSerialId: null} reports an CLOSED replica.
2019-10-20 18:38:44,008 [BlockDeletingService#2] WARN  background.BlockDeletingService (BlockDeletingService.java:isDeletionAllowed(187)) - Close Container log Index 6 is not replicated across allthe servers in the pipeline e053cdee-5b19-4be2-866a-8b8fe5b4b5b0 as the min replicated index is 4. Deletion is not allowed in this container yet.
2019-10-20 18:38:44,008 [BlockDeletingService#2] WARN  background.BlockDeletingService (BlockDeletingService.java:isDeletionAllowed(187)) - Close Container log Index 6 is not replicated across allthe servers in the pipeline e053cdee-5b19-4be2-866a-8b8fe5b4b5b0 as the min replicated index is 4. Deletion is not allowed in this container yet.
2019-10-20 18:38:44,084 [EventQueue-ContainerReportForContainerReportHandler] WARN  container.ContainerReportHandler (AbstractContainerReportHandler.java:updateContainerState(145)) - Container #1 is in OPEN state, but the datanode 5459e257-ccbc-435a-9427-c3c16be66685{ip: 192.168.164.253, host: pr-hdds-2334-tv6s7-2530448917, networkLocation: /default-rack, certSerialId: null} reports an CLOSED replica.
2019-10-20 18:38:44,086 [EventQueue-ContainerReportForContainerReportHandler] WARN  container.ContainerReportHandler (AbstractContainerReportHandler.java:updateContainerState(145)) - Container #1 is in OPEN state, but the datanode c90420fb-507e-4f39-9d1e-d32950a26e2a{ip: 192.168.164.253, host: pr-hdds-2334-tv6s7-2530448917, networkLocation: /default-rack, certSerialId: null} reports an CLOSED replica.
2019-10-20 18:38:44,386 [EventQueue-ContainerReportForContainerReportHandler] WARN  container.ContainerReportHandler (AbstractContainerReportHandler.java:updateContainerState(145)) - Container #1 is in OPEN state, but the datanode c90420fb-507e-4f39-9d1e-d32950a26e2a{ip: 192.168.164.253, host: pr-hdds-2334-tv6s7-2530448917, networkLocation: /default-rack, certSerialId: null} reports an CLOSED replica.
2019-10-20 18:38:44,484 [EventQueue-ContainerReportForContainerReportHandler] WARN  container.ContainerReportHandler (AbstractContainerReportHandler.java:updateContainerState(145)) - Container #1 is in OPEN state, but the datanode 5459e257-ccbc-435a-9427-c3c16be66685{ip: 192.168.164.253, host: pr-hdds-2334-tv6s7-2530448917, networkLocation: /default-rack, certSerialId: null} reports an CLOSED replica.
2019-10-20 18:38:44,683 [EventQueue-ContainerReportForContainerReportHandler] WARN  container.ContainerReportHandler (AbstractContainerReportHandler.java:updateContainerState(145)) - Container #1 is in OPEN state, but the datanode 5459e257-ccbc-435a-9427-c3c16be66685{ip: 192.168.164.253, host: pr-hdds-2334-tv6s7-2530448917, networkLocation: /default-rack, certSerialId: null} reports an CLOSED replica.
2019-10-20 18:38:44,685 [EventQueue-ContainerReportForContainerReportHandler] WARN  container.ContainerReportHandler (AbstractContainerReportHandler.java:updateContainerState(145)) - Container #1 is in OPEN state, but the datanode c90420fb-507e-4f39-9d1e-d32950a26e2a{ip: 192.168.164.253, host: pr-hdds-2334-tv6s7-2530448917, networkLocation: /default-rack, certSerialId: null} reports an CLOSED replica.
2019-10-20 18:38:44,983 [EventQueue-ContainerReportForContainerReportHandler] WARN  container.ContainerReportHandler (AbstractContainerReportHandler.java:updateContainerState(145)) - Container #1 is in OPEN state, but the datanode 5459e257-ccbc-435a-9427-c3c16be66685{ip: 192.168.164.253, host: pr-hdds-2334-tv6s7-2530448917, networkLocation: /default-rack, certSerialId: null} reports an CLOSED replica.
2019-10-20 18:38:44,985 [EventQueue-ContainerReportForContainerReportHandler] WARN  container.ContainerReportHandler (AbstractContainerReportHandler.java:updateContainerState(145)) - Container #1 is in OPEN state, but the datanode c90420fb-507e-4f39-9d1e-d32950a26e2a{ip: 192.168.164.253, host: pr-hdds-2334-tv6s7-2530448917, networkLocation: /default-rack, certSerialId: null} reports an CLOSED replica.
2019-10-20 18:38:45,009 [BlockDeletingService#2] WARN  background.BlockDeletingService (BlockDeletingService.java:isDeletionAllowed(187)) - Close Container log Index 6 is not replicated across allthe servers in the pipeline e053cdee-5b19-4be2-866a-8b8fe5b4b5b0 as the min replicated index is 4. Deletion is not allowed in this container yet.
2019-10-20 18:38:45,009 [BlockDeletingService#2] WARN  background.BlockDeletingService (BlockDeletingService.java:isDeletionAllowed(187)) - Close Container log Index 6 is not replicated across allthe servers in the pipeline e053cdee-5b19-4be2-866a-8b8fe5b4b5b0 as the min replicated index is 4. Deletion is not allowed in this container yet.
2019-10-20 18:38:45,287 [EventQueue-ContainerReportForContainerReportHandler] WARN  container.ContainerReportHandler (AbstractContainerReportHandler.java:updateContainerState(145)) - Container #1 is in OPEN state, but the datanode c90420fb-507e-4f39-9d1e-d32950a26e2a{ip: 192.168.164.253, host: pr-hdds-2334-tv6s7-2530448917, networkLocation: /default-rack, certSerialId: null} reports an CLOSED replica.
2019-10-20 18:38:45,384 [EventQueue-ContainerReportForContainerReportHandler] WARN  container.ContainerReportHandler (AbstractContainerReportHandler.java:updateContainerState(145)) - Container #1 is in OPEN state, but the datanode 5459e257-ccbc-435a-9427-c3c16be66685{ip: 192.168.164.253, host: pr-hdds-2334-tv6s7-2530448917, networkLocation: /default-rack, certSerialId: null} reports an CLOSED replica.
2019-10-20 18:38:45,496 [java.util.concurrent.ThreadPoolExecutor$Worker@550c84d3[State = -1, empty queue]] WARN  server.GrpcLogAppender (GrpcLogAppender.java:timeoutAppendRequest(209)) - 5459e257-ccbc-435a-9427-c3c16be66685@group-8B8FE5B4B5B0->7e7122d9-53dc-47a8-b6b6-c87fac616c81-GrpcLogAppender: appendEntries Timeout, request=5459e257-ccbc-435a-9427-c3c16be66685->7e7122d9-53dc-47a8-b6b6-c87fac616c81#32-t6, previous=(t:6, i:10), leaderCommit=10, initializing? false, entries: <empty>
2019-10-20 18:38:45,587 [EventQueue-ContainerReportForContainerReportHandler] WARN  container.ContainerReportHandler (AbstractContainerReportHandler.java:updateContainerState(145)) - Container #1 is in OPEN state, but the datanode c90420fb-507e-4f39-9d1e-d32950a26e2a{ip: 192.168.164.253, host: pr-hdds-2334-tv6s7-2530448917, networkLocation: /default-rack, certSerialId: null} reports an CLOSED replica.
2019-10-20 18:38:45,684 [EventQueue-ContainerReportForContainerReportHandler] WARN  container.ContainerReportHandler (AbstractContainerReportHandler.java:updateContainerState(145)) - Container #1 is in OPEN state, but the datanode 5459e257-ccbc-435a-9427-c3c16be66685{ip: 192.168.164.253, host: pr-hdds-2334-tv6s7-2530448917, networkLocation: /default-rack, certSerialId: null} reports an CLOSED replica.
2019-10-20 18:38:45,886 [EventQueue-ContainerReportForContainerReportHandler] WARN  container.ContainerReportHandler (AbstractContainerReportHandler.java:updateContainerState(145)) - Container #1 is in OPEN state, but the datanode c90420fb-507e-4f39-9d1e-d32950a26e2a{ip: 192.168.164.253, host: pr-hdds-2334-tv6s7-2530448917, networkLocation: /default-rack, certSerialId: null} reports an CLOSED replica.
2019-10-20 18:38:45,984 [EventQueue-ContainerReportForContainerReportHandler] WARN  container.ContainerReportHandler (AbstractContainerReportHandler.java:updateContainerState(145)) - Container #1 is in OPEN state, but the datanode 5459e257-ccbc-435a-9427-c3c16be66685{ip: 192.168.164.253, host: pr-hdds-2334-tv6s7-2530448917, networkLocation: /default-rack, certSerialId: null} reports an CLOSED replica.
2019-10-20 18:38:46,011 [BlockDeletingService#2] WARN  background.BlockDeletingService (BlockDeletingService.java:isDeletionAllowed(187)) - Close Container log Index 6 is not replicated across allthe servers in the pipeline e053cdee-5b19-4be2-866a-8b8fe5b4b5b0 as the min replicated index is 4. Deletion is not allowed in this container yet.
2019-10-20 18:38:46,011 [BlockDeletingService#2] WARN  background.BlockDeletingService (BlockDeletingService.java:isDeletionAllowed(187)) - Close Container log Index 6 is not replicated across allthe servers in the pipeline e053cdee-5b19-4be2-866a-8b8fe5b4b5b0 as the min replicated index is 4. Deletion is not allowed in this container yet.
2019-10-20 18:38:46,188 [EventQueue-ContainerReportForContainerReportHandler] WARN  container.ContainerReportHandler (AbstractContainerReportHandler.java:updateContainerState(145)) - Container #1 is in OPEN state, but the datanode c90420fb-507e-4f39-9d1e-d32950a26e2a{ip: 192.168.164.253, host: pr-hdds-2334-tv6s7-2530448917, networkLocation: /default-rack, certSerialId: null} reports an CLOSED replica.
2019-10-20 18:38:46,385 [EventQueue-ContainerReportForContainerReportHandler] WARN  container.ContainerReportHandler (AbstractContainerReportHandler.java:updateContainerState(145)) - Container #1 is in OPEN state, but the datanode 5459e257-ccbc-435a-9427-c3c16be66685{ip: 192.168.164.253, host: pr-hdds-2334-tv6s7-2530448917, networkLocation: /default-rack, certSerialId: null} reports an CLOSED replica.
2019-10-20 18:38:46,592 [EventQueue-ContainerReportForContainerReportHandler] WARN  container.ContainerReportHandler (AbstractContainerReportHandler.java:updateContainerState(145)) - Container #1 is in OPEN state, but the datanode c90420fb-507e-4f39-9d1e-d32950a26e2a{ip: 192.168.164.253, host: pr-hdds-2334-tv6s7-2530448917, networkLocation: /default-rack, certSerialId: null} reports an CLOSED replica.
2019-10-20 18:38:46,785 [EventQueue-ContainerReportForContainerReportHandler] WARN  container.ContainerReportHandler (AbstractContainerReportHandler.java:updateContainerState(145)) - Container #1 is in OPEN state, but the datanode 5459e257-ccbc-435a-9427-c3c16be66685{ip: 192.168.164.253, host: pr-hdds-2334-tv6s7-2530448917, networkLocation: /default-rack, certSerialId: null} reports an CLOSED replica.
2019-10-20 18:38:46,887 [EventQueue-ContainerReportForContainerReportHandler] WARN  container.ContainerReportHandler (AbstractContainerReportHandler.java:updateContainerState(145)) - Container #1 is in OPEN state, but the datanode c90420fb-507e-4f39-9d1e-d32950a26e2a{ip: 192.168.164.253, host: pr-hdds-2334-tv6s7-2530448917, networkLocation: /default-rack, certSerialId: null} reports an CLOSED replica.
2019-10-20 18:38:47,013 [BlockDeletingService#2] WARN  background.BlockDeletingService (BlockDeletingService.java:isDeletionAllowed(187)) - Close Container log Index 6 is not replicated across allthe servers in the pipeline e053cdee-5b19-4be2-866a-8b8fe5b4b5b0 as the min replicated index is 4. Deletion is not allowed in this container yet.
2019-10-20 18:38:47,013 [BlockDeletingService#2] WARN  background.BlockDeletingService (BlockDeletingService.java:isDeletionAllowed(187)) - Close Container log Index 6 is not replicated across allthe servers in the pipeline e053cdee-5b19-4be2-866a-8b8fe5b4b5b0 as the min replicated index is 4. Deletion is not allowed in this container yet.
2019-10-20 18:38:47,089 [EventQueue-ContainerReportForContainerReportHandler] WARN  container.ContainerReportHandler (AbstractContainerReportHandler.java:updateContainerState(145)) - Container #1 is in OPEN state, but the datanode c90420fb-507e-4f39-9d1e-d32950a26e2a{ip: 192.168.164.253, host: pr-hdds-2334-tv6s7-2530448917, networkLocation: /default-rack, certSerialId: null} reports an CLOSED replica.
2019-10-20 18:38:47,186 [EventQueue-ContainerReportForContainerReportHandler] WARN  container.ContainerReportHandler (AbstractContainerReportHandler.java:updateContainerState(145)) - Container #1 is in OPEN state, but the datanode 5459e257-ccbc-435a-9427-c3c16be66685{ip: 192.168.164.253, host: pr-hdds-2334-tv6s7-2530448917, networkLocation: /default-rack, certSerialId: null} reports an CLOSED replica.
2019-10-20 18:38:47,388 [EventQueue-ContainerReportForContainerReportHandler] WARN  container.ContainerReportHandler (AbstractContainerReportHandler.java:updateContainerState(145)) - Container #1 is in OPEN state, but the datanode c90420fb-507e-4f39-9d1e-d32950a26e2a{ip: 192.168.164.253, host: pr-hdds-2334-tv6s7-2530448917, networkLocation: /default-rack, certSerialId: null} reports an CLOSED replica.
2019-10-20 18:38:47,586 [EventQueue-ContainerReportForContainerReportHandler] WARN  container.ContainerReportHandler (AbstractContainerReportHandler.java:updateContainerState(145)) - Container #1 is in OPEN state, but the datanode 5459e257-ccbc-435a-9427-c3c16be66685{ip: 192.168.164.253, host: pr-hdds-2334-tv6s7-2530448917, networkLocation: /default-rack, certSerialId: null} reports an CLOSED replica.
2019-10-20 18:38:47,690 [EventQueue-ContainerReportForContainerReportHandler] WARN  container.ContainerReportHandler (AbstractContainerReportHandler.java:updateContainerState(145)) - Container #1 is in OPEN state, but the datanode c90420fb-507e-4f39-9d1e-d32950a26e2a{ip: 192.168.164.253, host: pr-hdds-2334-tv6s7-2530448917, networkLocation: /default-rack, certSerialId: null} reports an CLOSED replica.
2019-10-20 18:38:47,787 [EventQueue-ContainerReportForContainerReportHandler] WARN  container.ContainerReportHandler (AbstractContainerReportHandler.java:updateContainerState(145)) - Container #1 is in OPEN state, but the datanode 5459e257-ccbc-435a-9427-c3c16be66685{ip: 192.168.164.253, host: pr-hdds-2334-tv6s7-2530448917, networkLocation: /default-rack, certSerialId: null} reports an CLOSED replica.
2019-10-20 18:38:47,986 [EventQueue-ContainerReportForContainerReportHandler] WARN  container.ContainerReportHandler (AbstractContainerReportHandler.java:updateContainerState(145)) - Container #1 is in OPEN state, but the datanode 5459e257-ccbc-435a-9427-c3c16be66685{ip: 192.168.164.253, host: pr-hdds-2334-tv6s7-2530448917, networkLocation: /default-rack, certSerialId: null} reports an CLOSED replica.
2019-10-20 18:38:47,990 [EventQueue-ContainerReportForContainerReportHandler] WARN  container.ContainerReportHandler (AbstractContainerReportHandler.java:updateContainerState(145)) - Container #1 is in OPEN state, but the datanode c90420fb-507e-4f39-9d1e-d32950a26e2a{ip: 192.168.164.253, host: pr-hdds-2334-tv6s7-2530448917, networkLocation: /default-rack, certSerialId: null} reports an CLOSED replica.
2019-10-20 18:38:47,997 [java.util.concurrent.ThreadPoolExecutor$Worker@550c84d3[State = -1, empty queue]] WARN  server.GrpcLogAppender (GrpcLogAppender.java:timeoutAppendRequest(209)) - 5459e257-ccbc-435a-9427-c3c16be66685@group-8B8FE5B4B5B0->7e7122d9-53dc-47a8-b6b6-c87fac616c81-GrpcLogAppender: appendEntries Timeout, request=5459e257-ccbc-435a-9427-c3c16be66685->7e7122d9-53dc-47a8-b6b6-c87fac616c81#33-t6, previous=(t:6, i:10), leaderCommit=10, initializing? false, entries: <empty>
2019-10-20 18:38:48,015 [BlockDeletingService#2] WARN  background.BlockDeletingService (BlockDeletingService.java:isDeletionAllowed(187)) - Close Container log Index 6 is not replicated across allthe servers in the pipeline e053cdee-5b19-4be2-866a-8b8fe5b4b5b0 as the min replicated index is 4. Deletion is not allowed in this container yet.
2019-10-20 18:38:48,015 [BlockDeletingService#2] WARN  background.BlockDeletingService (BlockDeletingService.java:isDeletionAllowed(187)) - Close Container log Index 6 is not replicated across allthe servers in the pipeline e053cdee-5b19-4be2-866a-8b8fe5b4b5b0 as the min replicated index is 4. Deletion is not allowed in this container yet.
2019-10-20 18:38:48,189 [EventQueue-ContainerReportForContainerReportHandler] WARN  container.ContainerReportHandler (AbstractContainerReportHandler.java:updateContainerState(145)) - Container #1 is in OPEN state, but the datanode c90420fb-507e-4f39-9d1e-d32950a26e2a{ip: 192.168.164.253, host: pr-hdds-2334-tv6s7-2530448917, networkLocation: /default-rack, certSerialId: null} reports an CLOSED replica.
2019-10-20 18:38:48,387 [EventQueue-ContainerReportForContainerReportHandler] WARN  container.ContainerReportHandler (AbstractContainerReportHandler.java:updateContainerState(145)) - Container #1 is in OPEN state, but the datanode 5459e257-ccbc-435a-9427-c3c16be66685{ip: 192.168.164.253, host: pr-hdds-2334-tv6s7-2530448917, networkLocation: /default-rack, certSerialId: null} reports an CLOSED replica.
2019-10-20 18:38:48,490 [EventQueue-ContainerReportForContainerReportHandler] WARN  container.ContainerReportHandler (AbstractContainerReportHandler.java:updateContainerState(145)) - Container #1 is in OPEN state, but the datanode c90420fb-507e-4f39-9d1e-d32950a26e2a{ip: 192.168.164.253, host: pr-hdds-2334-tv6s7-2530448917, networkLocation: /default-rack, certSerialId: null} reports an CLOSED replica.
2019-10-20 18:38:48,587 [EventQueue-ContainerReportForContainerReportHandler] WARN  container.ContainerReportHandler (AbstractContainerReportHandler.java:updateContainerState(145)) - Container #1 is in OPEN state, but the datanode 5459e257-ccbc-435a-9427-c3c16be66685{ip: 192.168.164.253, host: pr-hdds-2334-tv6s7-2530448917, networkLocation: /default-rack, certSerialId: null} reports an CLOSED replica.
2019-10-20 18:38:48,691 [EventQueue-ContainerReportForContainerReportHandler] WARN  container.ContainerReportHandler (AbstractContainerReportHandler.java:updateContainerState(145)) - Container #1 is in OPEN state, but the datanode c90420fb-507e-4f39-9d1e-d32950a26e2a{ip: 192.168.164.253, host: pr-hdds-2334-tv6s7-2530448917, networkLocation: /default-rack, certSerialId: null} reports an CLOSED replica.
2019-10-20 18:38:48,886 [EventQueue-ContainerReportForContainerReportHandler] WARN  container.ContainerReportHandler (AbstractContainerReportHandler.java:updateContainerState(145)) - Container #1 is in OPEN state, but the datanode 5459e257-ccbc-435a-9427-c3c16be66685{ip: 192.168.164.253, host: pr-hdds-2334-tv6s7-2530448917, networkLocation: /default-rack, certSerialId: null} reports an CLOSED replica.
2019-10-20 18:38:48,992 [EventQueue-ContainerReportForContainerReportHandler] WARN  container.ContainerReportHandler (AbstractContainerReportHandler.java:updateContainerState(145)) - Container #1 is in OPEN state, but the datanode c90420fb-507e-4f39-9d1e-d32950a26e2a{ip: 192.168.164.253, host: pr-hdds-2334-tv6s7-2530448917, networkLocation: /default-rack, certSerialId: null} reports an CLOSED replica.
2019-10-20 18:38:49,016 [BlockDeletingService#2] WARN  background.BlockDeletingService (BlockDeletingService.java:isDeletionAllowed(187)) - Close Container log Index 6 is not replicated across allthe servers in the pipeline e053cdee-5b19-4be2-866a-8b8fe5b4b5b0 as the min replicated index is 4. Deletion is not allowed in this container yet.
2019-10-20 18:38:49,016 [BlockDeletingService#2] WARN  background.BlockDeletingService (BlockDeletingService.java:isDeletionAllowed(187)) - Close Container log Index 6 is not replicated across allthe servers in the pipeline e053cdee-5b19-4be2-866a-8b8fe5b4b5b0 as the min replicated index is 4. Deletion is not allowed in this container yet.
2019-10-20 18:38:49,187 [EventQueue-ContainerReportForContainerReportHandler] WARN  container.ContainerReportHandler (AbstractContainerReportHandler.java:updateContainerState(145)) - Container #1 is in OPEN state, but the datanode 5459e257-ccbc-435a-9427-c3c16be66685{ip: 192.168.164.253, host: pr-hdds-2334-tv6s7-2530448917, networkLocation: /default-rack, certSerialId: null} reports an CLOSED replica.
2019-10-20 18:38:49,292 [EventQueue-ContainerReportForContainerReportHandler] WARN  container.ContainerReportHandler (AbstractContainerReportHandler.java:updateContainerState(145)) - Container #1 is in OPEN state, but the datanode c90420fb-507e-4f39-9d1e-d32950a26e2a{ip: 192.168.164.253, host: pr-hdds-2334-tv6s7-2530448917, networkLocation: /default-rack, certSerialId: null} reports an CLOSED replica.
2019-10-20 18:38:49,389 [EventQueue-ContainerReportForContainerReportHandler] WARN  container.ContainerReportHandler (AbstractContainerReportHandler.java:updateContainerState(145)) - Container #1 is in OPEN state, but the datanode 5459e257-ccbc-435a-9427-c3c16be66685{ip: 192.168.164.253, host: pr-hdds-2334-tv6s7-2530448917, networkLocation: /default-rack, certSerialId: null} reports an CLOSED replica.
2019-10-20 18:38:49,592 [EventQueue-ContainerReportForContainerReportHandler] WARN  container.ContainerReportHandler (AbstractContainerReportHandler.java:updateContainerState(145)) - Container #1 is in OPEN state, but the datanode c90420fb-507e-4f39-9d1e-d32950a26e2a{ip: 192.168.164.253, host: pr-hdds-2334-tv6s7-2530448917, networkLocation: /default-rack, certSerialId: null} reports an CLOSED replica.
2019-10-20 18:38:49,687 [EventQueue-ContainerReportForContainerReportHandler] WARN  container.ContainerReportHandler (AbstractContainerReportHandler.java:updateContainerState(145)) - Container #1 is in OPEN state, but the datanode 5459e257-ccbc-435a-9427-c3c16be66685{ip: 192.168.164.253, host: pr-hdds-2334-tv6s7-2530448917, networkLocation: /default-rack, certSerialId: null} reports an CLOSED replica.
2019-10-20 18:38:49,986 [EventQueue-ContainerReportForContainerReportHandler] WARN  container.ContainerReportHandler (AbstractContainerReportHandler.java:updateContainerState(145)) - Container #1 is in OPEN state, but the datanode 5459e257-ccbc-435a-9427-c3c16be66685{ip: 192.168.164.253, host: pr-hdds-2334-tv6s7-2530448917, networkLocation: /default-rack, certSerialId: null} reports an CLOSED replica.
2019-10-20 18:38:49,993 [EventQueue-ContainerReportForContainerReportHandler] WARN  container.ContainerReportHandler (AbstractContainerReportHandler.java:updateContainerState(145)) - Container #1 is in OPEN state, but the datanode c90420fb-507e-4f39-9d1e-d32950a26e2a{ip: 192.168.164.253, host: pr-hdds-2334-tv6s7-2530448917, networkLocation: /default-rack, certSerialId: null} reports an CLOSED replica.
2019-10-20 18:38:50,019 [BlockDeletingService#2] WARN  background.BlockDeletingService (BlockDeletingService.java:isDeletionAllowed(187)) - Close Container log Index 6 is not replicated across allthe servers in the pipeline e053cdee-5b19-4be2-866a-8b8fe5b4b5b0 as the min replicated index is 4. Deletion is not allowed in this container yet.
2019-10-20 18:38:50,019 [BlockDeletingService#2] WARN  background.BlockDeletingService (BlockDeletingService.java:isDeletionAllowed(187)) - Close Container log Index 6 is not replicated across allthe servers in the pipeline e053cdee-5b19-4be2-866a-8b8fe5b4b5b0 as the min replicated index is 4. Deletion is not allowed in this container yet.
2019-10-20 18:38:50,293 [EventQueue-ContainerReportForContainerReportHandler] WARN  container.ContainerReportHandler (AbstractContainerReportHandler.java:updateContainerState(145)) - Container #1 is in OPEN state, but the datanode c90420fb-507e-4f39-9d1e-d32950a26e2a{ip: 192.168.164.253, host: pr-hdds-2334-tv6s7-2530448917, networkLocation: /default-rack, certSerialId: null} reports an CLOSED replica.
2019-10-20 18:38:50,387 [EventQueue-ContainerReportForContainerReportHandler] WARN  container.ContainerReportHandler (AbstractContainerReportHandler.java:updateContainerState(145)) - Container #1 is in OPEN state, but the datanode 5459e257-ccbc-435a-9427-c3c16be66685{ip: 192.168.164.253, host: pr-hdds-2334-tv6s7-2530448917, networkLocation: /default-rack, certSerialId: null} reports an CLOSED replica.
2019-10-20 18:38:50,499 [java.util.concurrent.ThreadPoolExecutor$Worker@550c84d3[State = -1, empty queue]] WARN  server.GrpcLogAppender (GrpcLogAppender.java:timeoutAppendRequest(209)) - 5459e257-ccbc-435a-9427-c3c16be66685@group-8B8FE5B4B5B0->7e7122d9-53dc-47a8-b6b6-c87fac616c81-GrpcLogAppender: appendEntries Timeout, request=5459e257-ccbc-435a-9427-c3c16be66685->7e7122d9-53dc-47a8-b6b6-c87fac616c81#34-t6, previous=(t:6, i:10), leaderCommit=10, initializing? false, entries: <empty>
2019-10-20 18:38:50,689 [EventQueue-ContainerReportForContainerReportHandler] WARN  container.ContainerReportHandler (AbstractContainerReportHandler.java:updateContainerState(145)) - Container #1 is in OPEN state, but the datanode 5459e257-ccbc-435a-9427-c3c16be66685{ip: 192.168.164.253, host: pr-hdds-2334-tv6s7-2530448917, networkLocation: /default-rack, certSerialId: null} reports an CLOSED replica.
2019-10-20 18:38:50,692 [EventQueue-ContainerReportForContainerReportHandler] WARN  container.ContainerReportHandler (AbstractContainerReportHandler.java:updateContainerState(145)) - Container #1 is in OPEN state, but the datanode c90420fb-507e-4f39-9d1e-d32950a26e2a{ip: 192.168.164.253, host: pr-hdds-2334-tv6s7-2530448917, networkLocation: /default-rack, certSerialId: null} reports an CLOSED replica.
2019-10-20 18:38:50,993 [EventQueue-ContainerReportForContainerReportHandler] WARN  container.ContainerReportHandler (AbstractContainerReportHandler.java:updateContainerState(145)) - Container #1 is in OPEN state, but the datanode c90420fb-507e-4f39-9d1e-d32950a26e2a{ip: 192.168.164.253, host: pr-hdds-2334-tv6s7-2530448917, networkLocation: /default-rack, certSerialId: null} reports an CLOSED replica.
2019-10-20 18:38:51,021 [BlockDeletingService#2] WARN  background.BlockDeletingService (BlockDeletingService.java:isDeletionAllowed(187)) - Close Container log Index 6 is not replicated across allthe servers in the pipeline e053cdee-5b19-4be2-866a-8b8fe5b4b5b0 as the min replicated index is 4. Deletion is not allowed in this container yet.
2019-10-20 18:38:51,021 [BlockDeletingService#2] WARN  background.BlockDeletingService (BlockDeletingService.java:isDeletionAllowed(187)) - Close Container log Index 6 is not replicated across allthe servers in the pipeline e053cdee-5b19-4be2-866a-8b8fe5b4b5b0 as the min replicated index is 4. Deletion is not allowed in this container yet.
2019-10-20 18:38:51,074 [Thread-424] INFO  client.GrpcClientProtocolService (GrpcClientProtocolService.java:lambda$processClientRequest$0(278)) - Failed RaftClientRequest:client-33348DE3F0EA->c90420fb-507e-4f39-9d1e-d32950a26e2a@group-8B8FE5B4B5B0, cid=10, seq=0, Watch-ALL_COMMITTED(6), Message:<EMPTY>, reply=RaftClientReply:client-33348DE3F0EA->c90420fb-507e-4f39-9d1e-d32950a26e2a@group-8B8FE5B4B5B0, cid=10, FAILED org.apache.ratis.protocol.NotLeaderException: Server c90420fb-507e-4f39-9d1e-d32950a26e2a@group-8B8FE5B4B5B0 is not the leader 5459e257-ccbc-435a-9427-c3c16be66685:192.168.164.253:45469, logIndex=0, commits[c90420fb-507e-4f39-9d1e-d32950a26e2a:c10, 7e7122d9-53dc-47a8-b6b6-c87fac616c81:c4, 5459e257-ccbc-435a-9427-c3c16be66685:c10]
2019-10-20 18:38:51,089 [EventQueue-ContainerReportForContainerReportHandler] WARN  container.ContainerReportHandler (AbstractContainerReportHandler.java:updateContainerState(145)) - Container #1 is in OPEN state, but the datanode 5459e257-ccbc-435a-9427-c3c16be66685{ip: 192.168.164.253, host: pr-hdds-2334-tv6s7-2530448917, networkLocation: /default-rack, certSerialId: null} reports an CLOSED replica.
2019-10-20 18:38:51,288 [EventQueue-ContainerReportForContainerReportHandler] WARN  container.ContainerReportHandler (AbstractContainerReportHandler.java:updateContainerState(145)) - Container #1 is in OPEN state, but the datanode 5459e257-ccbc-435a-9427-c3c16be66685{ip: 192.168.164.253, host: pr-hdds-2334-tv6s7-2530448917, networkLocation: /default-rack, certSerialId: null} reports an CLOSED replica.
2019-10-20 18:38:51,293 [EventQueue-ContainerReportForContainerReportHandler] WARN  container.ContainerReportHandler (AbstractContainerReportHandler.java:updateContainerState(145)) - Container #1 is in OPEN state, but the datanode c90420fb-507e-4f39-9d1e-d32950a26e2a{ip: 192.168.164.253, host: pr-hdds-2334-tv6s7-2530448917, networkLocation: /default-rack, certSerialId: null} reports an CLOSED replica.
2019-10-20 18:38:51,589 [EventQueue-ContainerReportForContainerReportHandler] WARN  container.ContainerReportHandler (AbstractContainerReportHandler.java:updateContainerState(145)) - Container #1 is in OPEN state, but the datanode 5459e257-ccbc-435a-9427-c3c16be66685{ip: 192.168.164.253, host: pr-hdds-2334-tv6s7-2530448917, networkLocation: /default-rack, certSerialId: null} reports an CLOSED replica.
2019-10-20 18:38:51,693 [EventQueue-ContainerReportForContainerReportHandler] WARN  container.ContainerReportHandler (AbstractContainerReportHandler.java:updateContainerState(145)) - Container #1 is in OPEN state, but the datanode c90420fb-507e-4f39-9d1e-d32950a26e2a{ip: 192.168.164.253, host: pr-hdds-2334-tv6s7-2530448917, networkLocation: /default-rack, certSerialId: null} reports an CLOSED replica.
2019-10-20 18:38:51,889 [EventQueue-ContainerReportForContainerReportHandler] WARN  container.ContainerReportHandler (AbstractContainerReportHandler.java:updateContainerState(145)) - Container #1 is in OPEN state, but the datanode 5459e257-ccbc-435a-9427-c3c16be66685{ip: 192.168.164.253, host: pr-hdds-2334-tv6s7-2530448917, networkLocation: /default-rack, certSerialId: null} reports an CLOSED replica.
2019-10-20 18:38:51,894 [EventQueue-ContainerReportForContainerReportHandler] WARN  container.ContainerReportHandler (AbstractContainerReportHandler.java:updateContainerState(145)) - Container #1 is in OPEN state, but the datanode c90420fb-507e-4f39-9d1e-d32950a26e2a{ip: 192.168.164.253, host: pr-hdds-2334-tv6s7-2530448917, networkLocation: /default-rack, certSerialId: null} reports an CLOSED replica.
2019-10-20 18:38:52,022 [BlockDeletingService#2] WARN  background.BlockDeletingService (BlockDeletingService.java:isDeletionAllowed(187)) - Close Container log Index 6 is not replicated across allthe servers in the pipeline e053cdee-5b19-4be2-866a-8b8fe5b4b5b0 as the min replicated index is 4. Deletion is not allowed in this container yet.
2019-10-20 18:38:52,023 [BlockDeletingService#2] WARN  background.BlockDeletingService (BlockDeletingService.java:isDeletionAllowed(187)) - Close Container log Index 6 is not replicated across allthe servers in the pipeline e053cdee-5b19-4be2-866a-8b8fe5b4b5b0 as the min replicated index is 4. Deletion is not allowed in this container yet.
2019-10-20 18:38:52,189 [EventQueue-ContainerReportForContainerReportHandler] WARN  container.ContainerReportHandler (AbstractContainerReportHandler.java:updateContainerState(145)) - Container #1 is in OPEN state, but the datanode 5459e257-ccbc-435a-9427-c3c16be66685{ip: 192.168.164.253, host: pr-hdds-2334-tv6s7-2530448917, networkLocation: /default-rack, certSerialId: null} reports an CLOSED replica.
2019-10-20 18:38:52,194 [EventQueue-ContainerReportForContainerReportHandler] WARN  container.ContainerReportHandler (AbstractContainerReportHandler.java:updateContainerState(145)) - Container #1 is in OPEN state, but the datanode c90420fb-507e-4f39-9d1e-d32950a26e2a{ip: 192.168.164.253, host: pr-hdds-2334-tv6s7-2530448917, networkLocation: /default-rack, certSerialId: null} reports an CLOSED replica.
2019-10-20 18:38:52,591 [EventQueue-ContainerReportForContainerReportHandler] WARN  container.ContainerReportHandler (AbstractContainerReportHandler.java:updateContainerState(145)) - Container #1 is in OPEN state, but the datanode 5459e257-ccbc-435a-9427-c3c16be66685{ip: 192.168.164.253, host: pr-hdds-2334-tv6s7-2530448917, networkLocation: /default-rack, certSerialId: null} reports an CLOSED replica.
2019-10-20 18:38:52,593 [EventQueue-ContainerReportForContainerReportHandler] WARN  container.ContainerReportHandler (AbstractContainerReportHandler.java:updateContainerState(145)) - Container #1 is in OPEN state, but the datanode c90420fb-507e-4f39-9d1e-d32950a26e2a{ip: 192.168.164.253, host: pr-hdds-2334-tv6s7-2530448917, networkLocation: /default-rack, certSerialId: null} reports an CLOSED replica.
2019-10-20 18:38:52,683 [Thread-430] INFO  client.GrpcClientProtocolService (GrpcClientProtocolService.java:lambda$processClientRequest$0(278)) - Failed RaftClientRequest:client-33348DE3F0EA->5459e257-ccbc-435a-9427-c3c16be66685@group-8B8FE5B4B5B0, cid=10, seq=0, Watch-ALL_COMMITTED(6), Message:<EMPTY>, reply=RaftClientReply:client-33348DE3F0EA->5459e257-ccbc-435a-9427-c3c16be66685@group-8B8FE5B4B5B0, cid=10, FAILED org.apache.ratis.protocol.NotReplicatedException: Request with call Id 10 and log index 6 is not yet replicated to ALL_COMMITTED, logIndex=6, commits[5459e257-ccbc-435a-9427-c3c16be66685:c10, 7e7122d9-53dc-47a8-b6b6-c87fac616c81:c4, c90420fb-507e-4f39-9d1e-d32950a26e2a:c10]
2019-10-20 18:38:52,791 [EventQueue-ContainerReportForContainerReportHandler] WARN  container.ContainerReportHandler (AbstractContainerReportHandler.java:updateContainerState(145)) - Container #1 is in OPEN state, but the datanode 5459e257-ccbc-435a-9427-c3c16be66685{ip: 192.168.164.253, host: pr-hdds-2334-tv6s7-2530448917, networkLocation: /default-rack, certSerialId: null} reports an CLOSED replica.
2019-10-20 18:38:52,893 [EventQueue-ContainerReportForContainerReportHandler] WARN  container.ContainerReportHandler (AbstractContainerReportHandler.java:updateContainerState(145)) - Container #1 is in OPEN state, but the datanode c90420fb-507e-4f39-9d1e-d32950a26e2a{ip: 192.168.164.253, host: pr-hdds-2334-tv6s7-2530448917, networkLocation: /default-rack, certSerialId: null} reports an CLOSED replica.
2019-10-20 18:38:53,001 [java.util.concurrent.ThreadPoolExecutor$Worker@550c84d3[State = -1, empty queue]] WARN  server.GrpcLogAppender (GrpcLogAppender.java:timeoutAppendRequest(209)) - 5459e257-ccbc-435a-9427-c3c16be66685@group-8B8FE5B4B5B0->7e7122d9-53dc-47a8-b6b6-c87fac616c81-GrpcLogAppender: appendEntries Timeout, request=5459e257-ccbc-435a-9427-c3c16be66685->7e7122d9-53dc-47a8-b6b6-c87fac616c81#35-t6, previous=(t:6, i:10), leaderCommit=10, initializing? false, entries: <empty>
2019-10-20 18:38:53,025 [BlockDeletingService#2] WARN  background.BlockDeletingService (BlockDeletingService.java:isDeletionAllowed(187)) - Close Container log Index 6 is not replicated across allthe servers in the pipeline e053cdee-5b19-4be2-866a-8b8fe5b4b5b0 as the min replicated index is 4. Deletion is not allowed in this container yet.
2019-10-20 18:38:53,025 [BlockDeletingService#2] WARN  background.BlockDeletingService (BlockDeletingService.java:isDeletionAllowed(187)) - Close Container log Index 6 is not replicated across allthe servers in the pipeline e053cdee-5b19-4be2-866a-8b8fe5b4b5b0 as the min replicated index is 4. Deletion is not allowed in this container yet.
2019-10-20 18:38:53,092 [EventQueue-ContainerReportForContainerReportHandler] WARN  container.ContainerReportHandler (AbstractContainerReportHandler.java:updateContainerState(145)) - Container #1 is in OPEN state, but the datanode 5459e257-ccbc-435a-9427-c3c16be66685{ip: 192.168.164.253, host: pr-hdds-2334-tv6s7-2530448917, networkLocation: /default-rack, certSerialId: null} reports an CLOSED replica.
2019-10-20 18:38:53,193 [EventQueue-ContainerReportForContainerReportHandler] WARN  container.ContainerReportHandler (AbstractContainerReportHandler.java:updateContainerState(145)) - Container #1 is in OPEN state, but the datanode c90420fb-507e-4f39-9d1e-d32950a26e2a{ip: 192.168.164.253, host: pr-hdds-2334-tv6s7-2530448917, networkLocation: /default-rack, certSerialId: null} reports an CLOSED replica.
2019-10-20 18:38:53,492 [EventQueue-ContainerReportForContainerReportHandler] WARN  container.ContainerReportHandler (AbstractContainerReportHandler.java:updateContainerState(145)) - Container #1 is in OPEN state, but the datanode 5459e257-ccbc-435a-9427-c3c16be66685{ip: 192.168.164.253, host: pr-hdds-2334-tv6s7-2530448917, networkLocation: /default-rack, certSerialId: null} reports an CLOSED replica.
2019-10-20 18:38:53,494 [EventQueue-ContainerReportForContainerReportHandler] WARN  container.ContainerReportHandler (AbstractContainerReportHandler.java:updateContainerState(145)) - Container #1 is in OPEN state, but the datanode c90420fb-507e-4f39-9d1e-d32950a26e2a{ip: 192.168.164.253, host: pr-hdds-2334-tv6s7-2530448917, networkLocation: /default-rack, certSerialId: null} reports an CLOSED replica.
2019-10-20 18:38:53,692 [EventQueue-ContainerReportForContainerReportHandler] WARN  container.ContainerReportHandler (AbstractContainerReportHandler.java:updateContainerState(145)) - Container #1 is in OPEN state, but the datanode 5459e257-ccbc-435a-9427-c3c16be66685{ip: 192.168.164.253, host: pr-hdds-2334-tv6s7-2530448917, networkLocation: /default-rack, certSerialId: null} reports an CLOSED replica.
2019-10-20 18:38:53,793 [EventQueue-ContainerReportForContainerReportHandler] WARN  container.ContainerReportHandler (AbstractContainerReportHandler.java:updateContainerState(145)) - Container #1 is in OPEN state, but the datanode c90420fb-507e-4f39-9d1e-d32950a26e2a{ip: 192.168.164.253, host: pr-hdds-2334-tv6s7-2530448917, networkLocation: /default-rack, certSerialId: null} reports an CLOSED replica.
2019-10-20 18:38:53,992 [EventQueue-ContainerReportForContainerReportHandler] WARN  container.ContainerReportHandler (AbstractContainerReportHandler.java:updateContainerState(145)) - Container #1 is in OPEN state, but the datanode 5459e257-ccbc-435a-9427-c3c16be66685{ip: 192.168.164.253, host: pr-hdds-2334-tv6s7-2530448917, networkLocation: /default-rack, certSerialId: null} reports an CLOSED replica.
2019-10-20 18:38:53,993 [EventQueue-ContainerReportForContainerReportHandler] WARN  container.ContainerReportHandler (AbstractContainerReportHandler.java:updateContainerState(145)) - Container #1 is in OPEN state, but the datanode c90420fb-507e-4f39-9d1e-d32950a26e2a{ip: 192.168.164.253, host: pr-hdds-2334-tv6s7-2530448917, networkLocation: /default-rack, certSerialId: null} reports an CLOSED replica.
2019-10-20 18:38:54,027 [BlockDeletingService#2] WARN  background.BlockDeletingService (BlockDeletingService.java:isDeletionAllowed(187)) - Close Container log Index 6 is not replicated across allthe servers in the pipeline e053cdee-5b19-4be2-866a-8b8fe5b4b5b0 as the min replicated index is 4. Deletion is not allowed in this container yet.
2019-10-20 18:38:54,027 [BlockDeletingService#2] WARN  background.BlockDeletingService (BlockDeletingService.java:isDeletionAllowed(187)) - Close Container log Index 6 is not replicated across allthe servers in the pipeline e053cdee-5b19-4be2-866a-8b8fe5b4b5b0 as the min replicated index is 4. Deletion is not allowed in this container yet.
2019-10-20 18:38:54,193 [EventQueue-ContainerReportForContainerReportHandler] WARN  container.ContainerReportHandler (AbstractContainerReportHandler.java:updateContainerState(145)) - Container #1 is in OPEN state, but the datanode 5459e257-ccbc-435a-9427-c3c16be66685{ip: 192.168.164.253, host: pr-hdds-2334-tv6s7-2530448917, networkLocation: /default-rack, certSerialId: null} reports an CLOSED replica.
2019-10-20 18:38:54,293 [EventQueue-ContainerReportForContainerReportHandler] WARN  container.ContainerReportHandler (AbstractContainerReportHandler.java:updateContainerState(145)) - Container #1 is in OPEN state, but the datanode c90420fb-507e-4f39-9d1e-d32950a26e2a{ip: 192.168.164.253, host: pr-hdds-2334-tv6s7-2530448917, networkLocation: /default-rack, certSerialId: null} reports an CLOSED replica.
2019-10-20 18:38:54,493 [EventQueue-ContainerReportForContainerReportHandler] WARN  container.ContainerReportHandler (AbstractContainerReportHandler.java:updateContainerState(145)) - Container #1 is in OPEN state, but the datanode c90420fb-507e-4f39-9d1e-d32950a26e2a{ip: 192.168.164.253, host: pr-hdds-2334-tv6s7-2530448917, networkLocation: /default-rack, certSerialId: null} reports an CLOSED replica.
2019-10-20 18:38:54,593 [EventQueue-ContainerReportForContainerReportHandler] WARN  container.ContainerReportHandler (AbstractContainerReportHandler.java:updateContainerState(145)) - Container #1 is in OPEN state, but the datanode 5459e257-ccbc-435a-9427-c3c16be66685{ip: 192.168.164.253, host: pr-hdds-2334-tv6s7-2530448917, networkLocation: /default-rack, certSerialId: null} reports an CLOSED replica.
2019-10-20 18:38:54,894 [EventQueue-ContainerReportForContainerReportHandler] WARN  container.ContainerReportHandler (AbstractContainerReportHandler.java:updateContainerState(145)) - Container #1 is in OPEN state, but the datanode c90420fb-507e-4f39-9d1e-d32950a26e2a{ip: 192.168.164.253, host: pr-hdds-2334-tv6s7-2530448917, networkLocation: /default-rack, certSerialId: null} reports an CLOSED replica.
2019-10-20 18:38:54,896 [EventQueue-ContainerReportForContainerReportHandler] WARN  container.ContainerReportHandler (AbstractContainerReportHandler.java:updateContainerState(145)) - Container #1 is in OPEN state, but the datanode 5459e257-ccbc-435a-9427-c3c16be66685{ip: 192.168.164.253, host: pr-hdds-2334-tv6s7-2530448917, networkLocation: /default-rack, certSerialId: null} reports an CLOSED replica.
2019-10-20 18:38:55,030 [BlockDeletingService#2] WARN  background.BlockDeletingService (BlockDeletingService.java:isDeletionAllowed(187)) - Close Container log Index 6 is not replicated across allthe servers in the pipeline e053cdee-5b19-4be2-866a-8b8fe5b4b5b0 as the min replicated index is 4. Deletion is not allowed in this container yet.
2019-10-20 18:38:55,030 [BlockDeletingService#2] WARN  background.BlockDeletingService (BlockDeletingService.java:isDeletionAllowed(187)) - Close Container log Index 6 is not replicated across allthe servers in the pipeline e053cdee-5b19-4be2-866a-8b8fe5b4b5b0 as the min replicated index is 4. Deletion is not allowed in this container yet.
2019-10-20 18:38:55,193 [EventQueue-ContainerReportForContainerReportHandler] WARN  container.ContainerReportHandler (AbstractContainerReportHandler.java:updateContainerState(145)) - Container #1 is in OPEN state, but the datanode 5459e257-ccbc-435a-9427-c3c16be66685{ip: 192.168.164.253, host: pr-hdds-2334-tv6s7-2530448917, networkLocation: /default-rack, certSerialId: null} reports an CLOSED replica.
2019-10-20 18:38:55,293 [EventQueue-ContainerReportForContainerReportHandler] WARN  container.ContainerReportHandler (AbstractContainerReportHandler.java:updateContainerState(145)) - Container #1 is in OPEN state, but the datanode c90420fb-507e-4f39-9d1e-d32950a26e2a{ip: 192.168.164.253, host: pr-hdds-2334-tv6s7-2530448917, networkLocation: /default-rack, certSerialId: null} reports an CLOSED replica.
2019-10-20 18:38:55,494 [EventQueue-ContainerReportForContainerReportHandler] WARN  container.ContainerReportHandler (AbstractContainerReportHandler.java:updateContainerState(145)) - Container #1 is in OPEN state, but the datanode 5459e257-ccbc-435a-9427-c3c16be66685{ip: 192.168.164.253, host: pr-hdds-2334-tv6s7-2530448917, networkLocation: /default-rack, certSerialId: null} reports an CLOSED replica.
2019-10-20 18:38:55,503 [java.util.concurrent.ThreadPoolExecutor$Worker@550c84d3[State = -1, empty queue]] WARN  server.GrpcLogAppender (GrpcLogAppender.java:timeoutAppendRequest(209)) - 5459e257-ccbc-435a-9427-c3c16be66685@group-8B8FE5B4B5B0->7e7122d9-53dc-47a8-b6b6-c87fac616c81-GrpcLogAppender: appendEntries Timeout, request=5459e257-ccbc-435a-9427-c3c16be66685->7e7122d9-53dc-47a8-b6b6-c87fac616c81#36-t6, previous=(t:6, i:10), leaderCommit=10, initializing? false, entries: <empty>
2019-10-20 18:38:55,594 [EventQueue-ContainerReportForContainerReportHandler] WARN  container.ContainerReportHandler (AbstractContainerReportHandler.java:updateContainerState(145)) - Container #1 is in OPEN state, but the datanode c90420fb-507e-4f39-9d1e-d32950a26e2a{ip: 192.168.164.253, host: pr-hdds-2334-tv6s7-2530448917, networkLocation: /default-rack, certSerialId: null} reports an CLOSED replica.
2019-10-20 18:38:55,794 [EventQueue-ContainerReportForContainerReportHandler] WARN  container.ContainerReportHandler (AbstractContainerReportHandler.java:updateContainerState(145)) - Container #1 is in OPEN state, but the datanode 5459e257-ccbc-435a-9427-c3c16be66685{ip: 192.168.164.253, host: pr-hdds-2334-tv6s7-2530448917, networkLocation: /default-rack, certSerialId: null} reports an CLOSED replica.
2019-10-20 18:38:55,995 [EventQueue-ContainerReportForContainerReportHandler] WARN  container.ContainerReportHandler (AbstractContainerReportHandler.java:updateContainerState(145)) - Container #1 is in OPEN state, but the datanode c90420fb-507e-4f39-9d1e-d32950a26e2a{ip: 192.168.164.253, host: pr-hdds-2334-tv6s7-2530448917, networkLocation: /default-rack, certSerialId: null} reports an CLOSED replica.
2019-10-20 18:38:56,034 [BlockDeletingService#2] WARN  background.BlockDeletingService (BlockDeletingService.java:isDeletionAllowed(187)) - Close Container log Index 6 is not replicated across allthe servers in the pipeline e053cdee-5b19-4be2-866a-8b8fe5b4b5b0 as the min replicated index is 4. Deletion is not allowed in this container yet.
2019-10-20 18:38:56,034 [BlockDeletingService#2] WARN  background.BlockDeletingService (BlockDeletingService.java:isDeletionAllowed(187)) - Close Container log Index 6 is not replicated across allthe servers in the pipeline e053cdee-5b19-4be2-866a-8b8fe5b4b5b0 as the min replicated index is 4. Deletion is not allowed in this container yet.
2019-10-20 18:38:56,093 [EventQueue-ContainerReportForContainerReportHandler] WARN  container.ContainerReportHandler (AbstractContainerReportHandler.java:updateContainerState(145)) - Container #1 is in OPEN state, but the datanode 5459e257-ccbc-435a-9427-c3c16be66685{ip: 192.168.164.253, host: pr-hdds-2334-tv6s7-2530448917, networkLocation: /default-rack, certSerialId: null} reports an CLOSED replica.
2019-10-20 18:38:56,197 [EventQueue-ContainerReportForContainerReportHandler] WARN  container.ContainerReportHandler (AbstractContainerReportHandler.java:updateContainerState(145)) - Container #1 is in OPEN state, but the datanode c90420fb-507e-4f39-9d1e-d32950a26e2a{ip: 192.168.164.253, host: pr-hdds-2334-tv6s7-2530448917, networkLocation: /default-rack, certSerialId: null} reports an CLOSED replica.
2019-10-20 18:38:56,494 [EventQueue-ContainerReportForContainerReportHandler] WARN  container.ContainerReportHandler (AbstractContainerReportHandler.java:updateContainerState(145)) - Container #1 is in OPEN state, but the datanode 5459e257-ccbc-435a-9427-c3c16be66685{ip: 192.168.164.253, host: pr-hdds-2334-tv6s7-2530448917, networkLocation: /default-rack, certSerialId: null} reports an CLOSED replica.
2019-10-20 18:38:56,597 [EventQueue-ContainerReportForContainerReportHandler] WARN  container.ContainerReportHandler (AbstractContainerReportHandler.java:updateContainerState(145)) - Container #1 is in OPEN state, but the datanode c90420fb-507e-4f39-9d1e-d32950a26e2a{ip: 192.168.164.253, host: pr-hdds-2334-tv6s7-2530448917, networkLocation: /default-rack, certSerialId: null} reports an CLOSED replica.
2019-10-20 18:38:56,795 [EventQueue-ContainerReportForContainerReportHandler] WARN  container.ContainerReportHandler (AbstractContainerReportHandler.java:updateContainerState(145)) - Container #1 is in OPEN state, but the datanode 5459e257-ccbc-435a-9427-c3c16be66685{ip: 192.168.164.253, host: pr-hdds-2334-tv6s7-2530448917, networkLocation: /default-rack, certSerialId: null} reports an CLOSED replica.
2019-10-20 18:38:56,897 [EventQueue-ContainerReportForContainerReportHandler] WARN  container.ContainerReportHandler (AbstractContainerReportHandler.java:updateContainerState(145)) - Container #1 is in OPEN state, but the datanode c90420fb-507e-4f39-9d1e-d32950a26e2a{ip: 192.168.164.253, host: pr-hdds-2334-tv6s7-2530448917, networkLocation: /default-rack, certSerialId: null} reports an CLOSED replica.
2019-10-20 18:38:56,995 [EventQueue-ContainerReportForContainerReportHandler] WARN  container.ContainerReportHandler (AbstractContainerReportHandler.java:updateContainerState(145)) - Container #1 is in OPEN state, but the datanode 5459e257-ccbc-435a-9427-c3c16be66685{ip: 192.168.164.253, host: pr-hdds-2334-tv6s7-2530448917, networkLocation: /default-rack, certSerialId: null} reports an CLOSED replica.
2019-10-20 18:38:57,036 [BlockDeletingService#2] WARN  background.BlockDeletingService (BlockDeletingService.java:isDeletionAllowed(187)) - Close Container log Index 6 is not replicated across allthe servers in the pipeline e053cdee-5b19-4be2-866a-8b8fe5b4b5b0 as the min replicated index is 4. Deletion is not allowed in this container yet.
2019-10-20 18:38:57,036 [BlockDeletingService#2] WARN  background.BlockDeletingService (BlockDeletingService.java:isDeletionAllowed(187)) - Close Container log Index 6 is not replicated across allthe servers in the pipeline e053cdee-5b19-4be2-866a-8b8fe5b4b5b0 as the min replicated index is 4. Deletion is not allowed in this container yet.
2019-10-20 18:38:57,296 [EventQueue-ContainerReportForContainerReportHandler] WARN  container.ContainerReportHandler (AbstractContainerReportHandler.java:updateContainerState(145)) - Container #1 is in OPEN state, but the datanode 5459e257-ccbc-435a-9427-c3c16be66685{ip: 192.168.164.253, host: pr-hdds-2334-tv6s7-2530448917, networkLocation: /default-rack, certSerialId: null} reports an CLOSED replica.
2019-10-20 18:38:57,296 [EventQueue-ContainerReportForContainerReportHandler] WARN  container.ContainerReportHandler (AbstractContainerReportHandler.java:updateContainerState(145)) - Container #1 is in OPEN state, but the datanode c90420fb-507e-4f39-9d1e-d32950a26e2a{ip: 192.168.164.253, host: pr-hdds-2334-tv6s7-2530448917, networkLocation: /default-rack, certSerialId: null} reports an CLOSED replica.
2019-10-20 18:38:57,497 [EventQueue-ContainerReportForContainerReportHandler] WARN  container.ContainerReportHandler (AbstractContainerReportHandler.java:updateContainerState(145)) - Container #1 is in OPEN state, but the datanode c90420fb-507e-4f39-9d1e-d32950a26e2a{ip: 192.168.164.253, host: pr-hdds-2334-tv6s7-2530448917, networkLocation: /default-rack, certSerialId: null} reports an CLOSED replica.
2019-10-20 18:38:57,596 [EventQueue-ContainerReportForContainerReportHandler] WARN  container.ContainerReportHandler (AbstractContainerReportHandler.java:updateContainerState(145)) - Container #1 is in OPEN state, but the datanode 5459e257-ccbc-435a-9427-c3c16be66685{ip: 192.168.164.253, host: pr-hdds-2334-tv6s7-2530448917, networkLocation: /default-rack, certSerialId: null} reports an CLOSED replica.
2019-10-20 18:38:57,897 [EventQueue-ContainerReportForContainerReportHandler] WARN  container.ContainerReportHandler (AbstractContainerReportHandler.java:updateContainerState(145)) - Container #1 is in OPEN state, but the datanode c90420fb-507e-4f39-9d1e-d32950a26e2a{ip: 192.168.164.253, host: pr-hdds-2334-tv6s7-2530448917, networkLocation: /default-rack, certSerialId: null} reports an CLOSED replica.
2019-10-20 18:38:57,997 [EventQueue-ContainerReportForContainerReportHandler] WARN  container.ContainerReportHandler (AbstractContainerReportHandler.java:updateContainerState(145)) - Container #1 is in OPEN state, but the datanode 5459e257-ccbc-435a-9427-c3c16be66685{ip: 192.168.164.253, host: pr-hdds-2334-tv6s7-2530448917, networkLocation: /default-rack, certSerialId: null} reports an CLOSED replica.
2019-10-20 18:38:58,005 [java.util.concurrent.ThreadPoolExecutor$Worker@550c84d3[State = -1, empty queue]] WARN  server.GrpcLogAppender (GrpcLogAppender.java:timeoutAppendRequest(209)) - 5459e257-ccbc-435a-9427-c3c16be66685@group-8B8FE5B4B5B0->7e7122d9-53dc-47a8-b6b6-c87fac616c81-GrpcLogAppender: appendEntries Timeout, request=5459e257-ccbc-435a-9427-c3c16be66685->7e7122d9-53dc-47a8-b6b6-c87fac616c81#37-t6, previous=(t:6, i:10), leaderCommit=10, initializing? false, entries: <empty>
2019-10-20 18:38:58,039 [BlockDeletingService#2] WARN  background.BlockDeletingService (BlockDeletingService.java:isDeletionAllowed(187)) - Close Container log Index 6 is not replicated across allthe servers in the pipeline e053cdee-5b19-4be2-866a-8b8fe5b4b5b0 as the min replicated index is 4. Deletion is not allowed in this container yet.
2019-10-20 18:38:58,039 [BlockDeletingService#2] WARN  background.BlockDeletingService (BlockDeletingService.java:isDeletionAllowed(187)) - Close Container log Index 6 is not replicated across allthe servers in the pipeline e053cdee-5b19-4be2-866a-8b8fe5b4b5b0 as the min replicated index is 4. Deletion is not allowed in this container yet.
2019-10-20 18:38:58,198 [EventQueue-ContainerReportForContainerReportHandler] WARN  container.ContainerReportHandler (AbstractContainerReportHandler.java:updateContainerState(145)) - Container #1 is in OPEN state, but the datanode c90420fb-507e-4f39-9d1e-d32950a26e2a{ip: 192.168.164.253, host: pr-hdds-2334-tv6s7-2530448917, networkLocation: /default-rack, certSerialId: null} reports an CLOSED replica.
2019-10-20 18:38:58,297 [EventQueue-ContainerReportForContainerReportHandler] WARN  container.ContainerReportHandler (AbstractContainerReportHandler.java:updateContainerState(145)) - Container #1 is in OPEN state, but the datanode 5459e257-ccbc-435a-9427-c3c16be66685{ip: 192.168.164.253, host: pr-hdds-2334-tv6s7-2530448917, networkLocation: /default-rack, certSerialId: null} reports an CLOSED replica.
2019-10-20 18:38:58,596 [EventQueue-ContainerReportForContainerReportHandler] WARN  container.ContainerReportHandler (AbstractContainerReportHandler.java:updateContainerState(145)) - Container #1 is in OPEN state, but the datanode c90420fb-507e-4f39-9d1e-d32950a26e2a{ip: 192.168.164.253, host: pr-hdds-2334-tv6s7-2530448917, networkLocation: /default-rack, certSerialId: null} reports an CLOSED replica.
2019-10-20 18:38:58,597 [EventQueue-ContainerReportForContainerReportHandler] WARN  container.ContainerReportHandler (AbstractContainerReportHandler.java:updateContainerState(145)) - Container #1 is in OPEN state, but the datanode 5459e257-ccbc-435a-9427-c3c16be66685{ip: 192.168.164.253, host: pr-hdds-2334-tv6s7-2530448917, networkLocation: /default-rack, certSerialId: null} reports an CLOSED replica.
2019-10-20 18:38:58,797 [EventQueue-ContainerReportForContainerReportHandler] WARN  container.ContainerReportHandler (AbstractContainerReportHandler.java:updateContainerState(145)) - Container #1 is in OPEN state, but the datanode c90420fb-507e-4f39-9d1e-d32950a26e2a{ip: 192.168.164.253, host: pr-hdds-2334-tv6s7-2530448917, networkLocation: /default-rack, certSerialId: null} reports an CLOSED replica.
2019-10-20 18:38:58,797 [EventQueue-ContainerReportForContainerReportHandler] WARN  container.ContainerReportHandler (AbstractContainerReportHandler.java:updateContainerState(145)) - Container #1 is in OPEN state, but the datanode 5459e257-ccbc-435a-9427-c3c16be66685{ip: 192.168.164.253, host: pr-hdds-2334-tv6s7-2530448917, networkLocation: /default-rack, certSerialId: null} reports an CLOSED replica.
2019-10-20 18:38:59,041 [BlockDeletingService#2] WARN  background.BlockDeletingService (BlockDeletingService.java:isDeletionAllowed(187)) - Close Container log Index 6 is not replicated across allthe servers in the pipeline e053cdee-5b19-4be2-866a-8b8fe5b4b5b0 as the min replicated index is 4. Deletion is not allowed in this container yet.
2019-10-20 18:38:59,041 [BlockDeletingService#2] WARN  background.BlockDeletingService (BlockDeletingService.java:isDeletionAllowed(187)) - Close Container log Index 6 is not replicated across allthe servers in the pipeline e053cdee-5b19-4be2-866a-8b8fe5b4b5b0 as the min replicated index is 4. Deletion is not allowed in this container yet.
2019-10-20 18:38:59,197 [EventQueue-ContainerReportForContainerReportHandler] WARN  container.ContainerReportHandler (AbstractContainerReportHandler.java:updateContainerState(145)) - Container #1 is in OPEN state, but the datanode 5459e257-ccbc-435a-9427-c3c16be66685{ip: 192.168.164.253, host: pr-hdds-2334-tv6s7-2530448917, networkLocation: /default-rack, certSerialId: null} reports an CLOSED replica.
2019-10-20 18:38:59,197 [EventQueue-ContainerReportForContainerReportHandler] WARN  container.ContainerReportHandler (AbstractContainerReportHandler.java:updateContainerState(145)) - Container #1 is in OPEN state, but the datanode c90420fb-507e-4f39-9d1e-d32950a26e2a{ip: 192.168.164.253, host: pr-hdds-2334-tv6s7-2530448917, networkLocation: /default-rack, certSerialId: null} reports an CLOSED replica.
2019-10-20 18:38:59,397 [EventQueue-ContainerReportForContainerReportHandler] WARN  container.ContainerReportHandler (AbstractContainerReportHandler.java:updateContainerState(145)) - Container #1 is in OPEN state, but the datanode 5459e257-ccbc-435a-9427-c3c16be66685{ip: 192.168.164.253, host: pr-hdds-2334-tv6s7-2530448917, networkLocation: /default-rack, certSerialId: null} reports an CLOSED replica.
2019-10-20 18:38:59,497 [EventQueue-ContainerReportForContainerReportHandler] WARN  container.ContainerReportHandler (AbstractContainerReportHandler.java:updateContainerState(145)) - Container #1 is in OPEN state, but the datanode c90420fb-507e-4f39-9d1e-d32950a26e2a{ip: 192.168.164.253, host: pr-hdds-2334-tv6s7-2530448917, networkLocation: /default-rack, certSerialId: null} reports an CLOSED replica.
2019-10-20 18:38:59,698 [EventQueue-ContainerReportForContainerReportHandler] WARN  container.ContainerReportHandler (AbstractContainerReportHandler.java:updateContainerState(145)) - Container #1 is in OPEN state, but the datanode 5459e257-ccbc-435a-9427-c3c16be66685{ip: 192.168.164.253, host: pr-hdds-2334-tv6s7-2530448917, networkLocation: /default-rack, certSerialId: null} reports an CLOSED replica.
2019-10-20 18:38:59,797 [EventQueue-ContainerReportForContainerReportHandler] WARN  container.ContainerReportHandler (AbstractContainerReportHandler.java:updateContainerState(145)) - Container #1 is in OPEN state, but the datanode c90420fb-507e-4f39-9d1e-d32950a26e2a{ip: 192.168.164.253, host: pr-hdds-2334-tv6s7-2530448917, networkLocation: /default-rack, certSerialId: null} reports an CLOSED replica.
2019-10-20 18:38:59,997 [EventQueue-ContainerReportForContainerReportHandler] WARN  container.ContainerReportHandler (AbstractContainerReportHandler.java:updateContainerState(145)) - Container #1 is in OPEN state, but the datanode 5459e257-ccbc-435a-9427-c3c16be66685{ip: 192.168.164.253, host: pr-hdds-2334-tv6s7-2530448917, networkLocation: /default-rack, certSerialId: null} reports an CLOSED replica.
2019-10-20 18:39:00,043 [BlockDeletingService#2] WARN  background.BlockDeletingService (BlockDeletingService.java:isDeletionAllowed(187)) - Close Container log Index 6 is not replicated across allthe servers in the pipeline e053cdee-5b19-4be2-866a-8b8fe5b4b5b0 as the min replicated index is 4. Deletion is not allowed in this container yet.
2019-10-20 18:39:00,043 [BlockDeletingService#2] WARN  background.BlockDeletingService (BlockDeletingService.java:isDeletionAllowed(187)) - Close Container log Index 6 is not replicated across allthe servers in the pipeline e053cdee-5b19-4be2-866a-8b8fe5b4b5b0 as the min replicated index is 4. Deletion is not allowed in this container yet.
2019-10-20 18:39:00,097 [EventQueue-ContainerReportForContainerReportHandler] WARN  container.ContainerReportHandler (AbstractContainerReportHandler.java:updateContainerState(145)) - Container #1 is in OPEN state, but the datanode c90420fb-507e-4f39-9d1e-d32950a26e2a{ip: 192.168.164.253, host: pr-hdds-2334-tv6s7-2530448917, networkLocation: /default-rack, certSerialId: null} reports an CLOSED replica.
2019-10-20 18:39:00,103 [Thread-452] INFO  client.GrpcClientProtocolService (GrpcClientProtocolService.java:lambda$processClientRequest$0(278)) - Failed RaftClientRequest:client-33348DE3F0EA->c90420fb-507e-4f39-9d1e-d32950a26e2a@group-8B8FE5B4B5B0, cid=10, seq=0, Watch-ALL_COMMITTED(6), Message:<EMPTY>, reply=RaftClientReply:client-33348DE3F0EA->c90420fb-507e-4f39-9d1e-d32950a26e2a@group-8B8FE5B4B5B0, cid=10, FAILED org.apache.ratis.protocol.NotLeaderException: Server c90420fb-507e-4f39-9d1e-d32950a26e2a@group-8B8FE5B4B5B0 is not the leader 5459e257-ccbc-435a-9427-c3c16be66685:192.168.164.253:45469, logIndex=0, commits[c90420fb-507e-4f39-9d1e-d32950a26e2a:c10, 7e7122d9-53dc-47a8-b6b6-c87fac616c81:c4, 5459e257-ccbc-435a-9427-c3c16be66685:c10]
2019-10-20 18:39:00,300 [EventQueue-ContainerReportForContainerReportHandler] WARN  container.ContainerReportHandler (AbstractContainerReportHandler.java:updateContainerState(145)) - Container #1 is in OPEN state, but the datanode 5459e257-ccbc-435a-9427-c3c16be66685{ip: 192.168.164.253, host: pr-hdds-2334-tv6s7-2530448917, networkLocation: /default-rack, certSerialId: null} reports an CLOSED replica.
2019-10-20 18:39:00,397 [EventQueue-ContainerReportForContainerReportHandler] WARN  container.ContainerReportHandler (AbstractContainerReportHandler.java:updateContainerState(145)) - Container #1 is in OPEN state, but the datanode c90420fb-507e-4f39-9d1e-d32950a26e2a{ip: 192.168.164.253, host: pr-hdds-2334-tv6s7-2530448917, networkLocation: /default-rack, certSerialId: null} reports an CLOSED replica.
2019-10-20 18:39:00,507 [java.util.concurrent.ThreadPoolExecutor$Worker@550c84d3[State = -1, empty queue]] WARN  server.GrpcLogAppender (GrpcLogAppender.java:timeoutAppendRequest(209)) - 5459e257-ccbc-435a-9427-c3c16be66685@group-8B8FE5B4B5B0->7e7122d9-53dc-47a8-b6b6-c87fac616c81-GrpcLogAppender: appendEntries Timeout, request=5459e257-ccbc-435a-9427-c3c16be66685->7e7122d9-53dc-47a8-b6b6-c87fac616c81#38-t6, previous=(t:6, i:10), leaderCommit=10, initializing? false, entries: <empty>
2019-10-20 18:39:00,599 [EventQueue-ContainerReportForContainerReportHandler] WARN  container.ContainerReportHandler (AbstractContainerReportHandler.java:updateContainerState(145)) - Container #1 is in OPEN state, but the datanode 5459e257-ccbc-435a-9427-c3c16be66685{ip: 192.168.164.253, host: pr-hdds-2334-tv6s7-2530448917, networkLocation: /default-rack, certSerialId: null} reports an CLOSED replica.
2019-10-20 18:39:00,699 [EventQueue-ContainerReportForContainerReportHandler] WARN  container.ContainerReportHandler (AbstractContainerReportHandler.java:updateContainerState(145)) - Container #1 is in OPEN state, but the datanode c90420fb-507e-4f39-9d1e-d32950a26e2a{ip: 192.168.164.253, host: pr-hdds-2334-tv6s7-2530448917, networkLocation: /default-rack, certSerialId: null} reports an CLOSED replica.
2019-10-20 18:39:00,799 [EventQueue-ContainerReportForContainerReportHandler] WARN  container.ContainerReportHandler (AbstractContainerReportHandler.java:updateContainerState(145)) - Container #1 is in OPEN state, but the datanode 5459e257-ccbc-435a-9427-c3c16be66685{ip: 192.168.164.253, host: pr-hdds-2334-tv6s7-2530448917, networkLocation: /default-rack, certSerialId: null} reports an CLOSED replica.
2019-10-20 18:39:00,899 [EventQueue-ContainerReportForContainerReportHandler] WARN  container.ContainerReportHandler (AbstractContainerReportHandler.java:updateContainerState(145)) - Container #1 is in OPEN state, but the datanode c90420fb-507e-4f39-9d1e-d32950a26e2a{ip: 192.168.164.253, host: pr-hdds-2334-tv6s7-2530448917, networkLocation: /default-rack, certSerialId: null} reports an CLOSED replica.
2019-10-20 18:39:01,044 [BlockDeletingService#2] WARN  background.BlockDeletingService (BlockDeletingService.java:isDeletionAllowed(187)) - Close Container log Index 6 is not replicated across allthe servers in the pipeline e053cdee-5b19-4be2-866a-8b8fe5b4b5b0 as the min replicated index is 4. Deletion is not allowed in this container yet.
2019-10-20 18:39:01,044 [BlockDeletingService#2] WARN  background.BlockDeletingService (BlockDeletingService.java:isDeletionAllowed(187)) - Close Container log Index 6 is not replicated across allthe servers in the pipeline e053cdee-5b19-4be2-866a-8b8fe5b4b5b0 as the min replicated index is 4. Deletion is not allowed in this container yet.
2019-10-20 18:39:01,099 [EventQueue-ContainerReportForContainerReportHandler] WARN  container.ContainerReportHandler (AbstractContainerReportHandler.java:updateContainerState(145)) - Container #1 is in OPEN state, but the datanode c90420fb-507e-4f39-9d1e-d32950a26e2a{ip: 192.168.164.253, host: pr-hdds-2334-tv6s7-2530448917, networkLocation: /default-rack, certSerialId: null} reports an CLOSED replica.
2019-10-20 18:39:01,101 [EventQueue-ContainerReportForContainerReportHandler] WARN  container.ContainerReportHandler (AbstractContainerReportHandler.java:updateContainerState(145)) - Container #1 is in OPEN state, but the datanode 5459e257-ccbc-435a-9427-c3c16be66685{ip: 192.168.164.253, host: pr-hdds-2334-tv6s7-2530448917, networkLocation: /default-rack, certSerialId: null} reports an CLOSED replica.
2019-10-20 18:39:01,400 [EventQueue-ContainerReportForContainerReportHandler] WARN  container.ContainerReportHandler (AbstractContainerReportHandler.java:updateContainerState(145)) - Container #1 is in OPEN state, but the datanode c90420fb-507e-4f39-9d1e-d32950a26e2a{ip: 192.168.164.253, host: pr-hdds-2334-tv6s7-2530448917, networkLocation: /default-rack, certSerialId: null} reports an CLOSED replica.
2019-10-20 18:39:01,501 [EventQueue-ContainerReportForContainerReportHandler] WARN  container.ContainerReportHandler (AbstractContainerReportHandler.java:updateContainerState(145)) - Container #1 is in OPEN state, but the datanode 5459e257-ccbc-435a-9427-c3c16be66685{ip: 192.168.164.253, host: pr-hdds-2334-tv6s7-2530448917, networkLocation: /default-rack, certSerialId: null} reports an CLOSED replica.
2019-10-20 18:39:01,683 [Thread-457] INFO  client.GrpcClientProtocolService (GrpcClientProtocolService.java:lambda$processClientRequest$0(278)) - Failed RaftClientRequest:client-33348DE3F0EA->5459e257-ccbc-435a-9427-c3c16be66685@group-8B8FE5B4B5B0, cid=10, seq=0, Watch-ALL_COMMITTED(6), Message:<EMPTY>, reply=RaftClientReply:client-33348DE3F0EA->5459e257-ccbc-435a-9427-c3c16be66685@group-8B8FE5B4B5B0, cid=10, FAILED org.apache.ratis.protocol.NotReplicatedException: Request with call Id 10 and log index 6 is not yet replicated to ALL_COMMITTED, logIndex=6, commits[5459e257-ccbc-435a-9427-c3c16be66685:c10, 7e7122d9-53dc-47a8-b6b6-c87fac616c81:c4, c90420fb-507e-4f39-9d1e-d32950a26e2a:c10]
2019-10-20 18:39:01,703 [EventQueue-ContainerReportForContainerReportHandler] WARN  container.ContainerReportHandler (AbstractContainerReportHandler.java:updateContainerState(145)) - Container #1 is in OPEN state, but the datanode c90420fb-507e-4f39-9d1e-d32950a26e2a{ip: 192.168.164.253, host: pr-hdds-2334-tv6s7-2530448917, networkLocation: /default-rack, certSerialId: null} reports an CLOSED replica.
2019-10-20 18:39:01,803 [EventQueue-ContainerReportForContainerReportHandler] WARN  container.ContainerReportHandler (AbstractContainerReportHandler.java:updateContainerState(145)) - Container #1 is in OPEN state, but the datanode 5459e257-ccbc-435a-9427-c3c16be66685{ip: 192.168.164.253, host: pr-hdds-2334-tv6s7-2530448917, networkLocation: /default-rack, certSerialId: null} reports an CLOSED replica.
2019-10-20 18:39:02,002 [EventQueue-ContainerReportForContainerReportHandler] WARN  container.ContainerReportHandler (AbstractContainerReportHandler.java:updateContainerState(145)) - Container #1 is in OPEN state, but the datanode c90420fb-507e-4f39-9d1e-d32950a26e2a{ip: 192.168.164.253, host: pr-hdds-2334-tv6s7-2530448917, networkLocation: /default-rack, certSerialId: null} reports an CLOSED replica.
2019-10-20 18:39:02,046 [BlockDeletingService#2] WARN  background.BlockDeletingService (BlockDeletingService.java:isDeletionAllowed(187)) - Close Container log Index 6 is not replicated across allthe servers in the pipeline e053cdee-5b19-4be2-866a-8b8fe5b4b5b0 as the min replicated index is 4. Deletion is not allowed in this container yet.
2019-10-20 18:39:02,046 [BlockDeletingService#2] WARN  background.BlockDeletingService (BlockDeletingService.java:isDeletionAllowed(187)) - Close Container log Index 6 is not replicated across allthe servers in the pipeline e053cdee-5b19-4be2-866a-8b8fe5b4b5b0 as the min replicated index is 4. Deletion is not allowed in this container yet.
2019-10-20 18:39:02,102 [EventQueue-ContainerReportForContainerReportHandler] WARN  container.ContainerReportHandler (AbstractContainerReportHandler.java:updateContainerState(145)) - Container #1 is in OPEN state, but the datanode 5459e257-ccbc-435a-9427-c3c16be66685{ip: 192.168.164.253, host: pr-hdds-2334-tv6s7-2530448917, networkLocation: /default-rack, certSerialId: null} reports an CLOSED replica.
2019-10-20 18:39:02,302 [EventQueue-ContainerReportForContainerReportHandler] WARN  container.ContainerReportHandler (AbstractContainerReportHandler.java:updateContainerState(145)) - Container #1 is in OPEN state, but the datanode c90420fb-507e-4f39-9d1e-d32950a26e2a{ip: 192.168.164.253, host: pr-hdds-2334-tv6s7-2530448917, networkLocation: /default-rack, certSerialId: null} reports an CLOSED replica.
2019-10-20 18:39:02,403 [EventQueue-ContainerReportForContainerReportHandler] WARN  container.ContainerReportHandler (AbstractContainerReportHandler.java:updateContainerState(145)) - Container #1 is in OPEN state, but the datanode 5459e257-ccbc-435a-9427-c3c16be66685{ip: 192.168.164.253, host: pr-hdds-2334-tv6s7-2530448917, networkLocation: /default-rack, certSerialId: null} reports an CLOSED replica.
2019-10-20 18:39:02,602 [EventQueue-ContainerReportForContainerReportHandler] WARN  container.ContainerReportHandler (AbstractContainerReportHandler.java:updateContainerState(145)) - Container #1 is in OPEN state, but the datanode 5459e257-ccbc-435a-9427-c3c16be66685{ip: 192.168.164.253, host: pr-hdds-2334-tv6s7-2530448917, networkLocation: /default-rack, certSerialId: null} reports an CLOSED replica.
2019-10-20 18:39:02,704 [EventQueue-ContainerReportForContainerReportHandler] WARN  container.ContainerReportHandler (AbstractContainerReportHandler.java:updateContainerState(145)) - Container #1 is in OPEN state, but the datanode c90420fb-507e-4f39-9d1e-d32950a26e2a{ip: 192.168.164.253, host: pr-hdds-2334-tv6s7-2530448917, networkLocation: /default-rack, certSerialId: null} reports an CLOSED replica.
2019-10-20 18:39:02,902 [EventQueue-ContainerReportForContainerReportHandler] WARN  container.ContainerReportHandler (AbstractContainerReportHandler.java:updateContainerState(145)) - Container #1 is in OPEN state, but the datanode c90420fb-507e-4f39-9d1e-d32950a26e2a{ip: 192.168.164.253, host: pr-hdds-2334-tv6s7-2530448917, networkLocation: /default-rack, certSerialId: null} reports an CLOSED replica.
2019-10-20 18:39:03,003 [EventQueue-ContainerReportForContainerReportHandler] WARN  container.ContainerReportHandler (AbstractContainerReportHandler.java:updateContainerState(145)) - Container #1 is in OPEN state, but the datanode 5459e257-ccbc-435a-9427-c3c16be66685{ip: 192.168.164.253, host: pr-hdds-2334-tv6s7-2530448917, networkLocation: /default-rack, certSerialId: null} reports an CLOSED replica.
2019-10-20 18:39:03,008 [java.util.concurrent.ThreadPoolExecutor$Worker@550c84d3[State = -1, empty queue]] WARN  server.GrpcLogAppender (GrpcLogAppender.java:timeoutAppendRequest(209)) - 5459e257-ccbc-435a-9427-c3c16be66685@group-8B8FE5B4B5B0->7e7122d9-53dc-47a8-b6b6-c87fac616c81-GrpcLogAppender: appendEntries Timeout, request=5459e257-ccbc-435a-9427-c3c16be66685->7e7122d9-53dc-47a8-b6b6-c87fac616c81#39-t6, previous=(t:6, i:10), leaderCommit=10, initializing? false, entries: <empty>
2019-10-20 18:39:03,052 [BlockDeletingService#2] WARN  background.BlockDeletingService (BlockDeletingService.java:isDeletionAllowed(187)) - Close Container log Index 6 is not replicated across allthe servers in the pipeline e053cdee-5b19-4be2-866a-8b8fe5b4b5b0 as the min replicated index is 4. Deletion is not allowed in this container yet.
2019-10-20 18:39:03,052 [BlockDeletingService#2] WARN  background.BlockDeletingService (BlockDeletingService.java:isDeletionAllowed(187)) - Close Container log Index 6 is not replicated across allthe servers in the pipeline e053cdee-5b19-4be2-866a-8b8fe5b4b5b0 as the min replicated index is 4. Deletion is not allowed in this container yet.
2019-10-20 18:39:03,102 [EventQueue-ContainerReportForContainerReportHandler] WARN  container.ContainerReportHandler (AbstractContainerReportHandler.java:updateContainerState(145)) - Container #1 is in OPEN state, but the datanode c90420fb-507e-4f39-9d1e-d32950a26e2a{ip: 192.168.164.253, host: pr-hdds-2334-tv6s7-2530448917, networkLocation: /default-rack, certSerialId: null} reports an CLOSED replica.
2019-10-20 18:39:03,403 [EventQueue-ContainerReportForContainerReportHandler] WARN  container.ContainerReportHandler (AbstractContainerReportHandler.java:updateContainerState(145)) - Container #1 is in OPEN state, but the datanode 5459e257-ccbc-435a-9427-c3c16be66685{ip: 192.168.164.253, host: pr-hdds-2334-tv6s7-2530448917, networkLocation: /default-rack, certSerialId: null} reports an CLOSED replica.
2019-10-20 18:39:03,502 [EventQueue-ContainerReportForContainerReportHandler] WARN  container.ContainerReportHandler (AbstractContainerReportHandler.java:updateContainerState(145)) - Container #1 is in OPEN state, but the datanode c90420fb-507e-4f39-9d1e-d32950a26e2a{ip: 192.168.164.253, host: pr-hdds-2334-tv6s7-2530448917, networkLocation: /default-rack, certSerialId: null} reports an CLOSED replica.
2019-10-20 18:39:03,602 [EventQueue-ContainerReportForContainerReportHandler] WARN  container.ContainerReportHandler (AbstractContainerReportHandler.java:updateContainerState(145)) - Container #1 is in OPEN state, but the datanode 5459e257-ccbc-435a-9427-c3c16be66685{ip: 192.168.164.253, host: pr-hdds-2334-tv6s7-2530448917, networkLocation: /default-rack, certSerialId: null} reports an CLOSED replica.
2019-10-20 18:39:03,903 [EventQueue-ContainerReportForContainerReportHandler] WARN  container.ContainerReportHandler (AbstractContainerReportHandler.java:updateContainerState(145)) - Container #1 is in OPEN state, but the datanode c90420fb-507e-4f39-9d1e-d32950a26e2a{ip: 192.168.164.253, host: pr-hdds-2334-tv6s7-2530448917, networkLocation: /default-rack, certSerialId: null} reports an CLOSED replica.
2019-10-20 18:39:04,003 [EventQueue-ContainerReportForContainerReportHandler] WARN  container.ContainerReportHandler (AbstractContainerReportHandler.java:updateContainerState(145)) - Container #1 is in OPEN state, but the datanode 5459e257-ccbc-435a-9427-c3c16be66685{ip: 192.168.164.253, host: pr-hdds-2334-tv6s7-2530448917, networkLocation: /default-rack, certSerialId: null} reports an CLOSED replica.
2019-10-20 18:39:04,054 [BlockDeletingService#2] WARN  background.BlockDeletingService (BlockDeletingService.java:isDeletionAllowed(187)) - Close Container log Index 6 is not replicated across allthe servers in the pipeline e053cdee-5b19-4be2-866a-8b8fe5b4b5b0 as the min replicated index is 4. Deletion is not allowed in this container yet.
2019-10-20 18:39:04,054 [BlockDeletingService#2] WARN  background.BlockDeletingService (BlockDeletingService.java:isDeletionAllowed(187)) - Close Container log Index 6 is not replicated across allthe servers in the pipeline e053cdee-5b19-4be2-866a-8b8fe5b4b5b0 as the min replicated index is 4. Deletion is not allowed in this container yet.
2019-10-20 18:39:04,202 [EventQueue-ContainerReportForContainerReportHandler] WARN  container.ContainerReportHandler (AbstractContainerReportHandler.java:updateContainerState(145)) - Container #1 is in OPEN state, but the datanode c90420fb-507e-4f39-9d1e-d32950a26e2a{ip: 192.168.164.253, host: pr-hdds-2334-tv6s7-2530448917, networkLocation: /default-rack, certSerialId: null} reports an CLOSED replica.
2019-10-20 18:39:04,302 [EventQueue-ContainerReportForContainerReportHandler] WARN  container.ContainerReportHandler (AbstractContainerReportHandler.java:updateContainerState(145)) - Container #1 is in OPEN state, but the datanode 5459e257-ccbc-435a-9427-c3c16be66685{ip: 192.168.164.253, host: pr-hdds-2334-tv6s7-2530448917, networkLocation: /default-rack, certSerialId: null} reports an CLOSED replica.
2019-10-20 18:39:04,502 [EventQueue-ContainerReportForContainerReportHandler] WARN  container.ContainerReportHandler (AbstractContainerReportHandler.java:updateContainerState(145)) - Container #1 is in OPEN state, but the datanode c90420fb-507e-4f39-9d1e-d32950a26e2a{ip: 192.168.164.253, host: pr-hdds-2334-tv6s7-2530448917, networkLocation: /default-rack, certSerialId: null} reports an CLOSED replica.
2019-10-20 18:39:04,502 [EventQueue-ContainerReportForContainerReportHandler] WARN  container.ContainerReportHandler (AbstractContainerReportHandler.java:updateContainerState(145)) - Container #1 is in OPEN state, but the datanode 5459e257-ccbc-435a-9427-c3c16be66685{ip: 192.168.164.253, host: pr-hdds-2334-tv6s7-2530448917, networkLocation: /default-rack, certSerialId: null} reports an CLOSED replica.
2019-10-20 18:39:04,903 [EventQueue-ContainerReportForContainerReportHandler] WARN  container.ContainerReportHandler (AbstractContainerReportHandler.java:updateContainerState(145)) - Container #1 is in OPEN state, but the datanode c90420fb-507e-4f39-9d1e-d32950a26e2a{ip: 192.168.164.253, host: pr-hdds-2334-tv6s7-2530448917, networkLocation: /default-rack, certSerialId: null} reports an CLOSED replica.
2019-10-20 18:39:04,903 [EventQueue-ContainerReportForContainerReportHandler] WARN  container.ContainerReportHandler (AbstractContainerReportHandler.java:updateContainerState(145)) - Container #1 is in OPEN state, but the datanode 5459e257-ccbc-435a-9427-c3c16be66685{ip: 192.168.164.253, host: pr-hdds-2334-tv6s7-2530448917, networkLocation: /default-rack, certSerialId: null} reports an CLOSED replica.
2019-10-20 18:39:05,055 [BlockDeletingService#2] WARN  background.BlockDeletingService (BlockDeletingService.java:isDeletionAllowed(187)) - Close Container log Index 6 is not replicated across allthe servers in the pipeline e053cdee-5b19-4be2-866a-8b8fe5b4b5b0 as the min replicated index is 4. Deletion is not allowed in this container yet.
2019-10-20 18:39:05,055 [BlockDeletingService#2] WARN  background.BlockDeletingService (BlockDeletingService.java:isDeletionAllowed(187)) - Close Container log Index 6 is not replicated across allthe servers in the pipeline e053cdee-5b19-4be2-866a-8b8fe5b4b5b0 as the min replicated index is 4. Deletion is not allowed in this container yet.
2019-10-20 18:39:05,203 [EventQueue-ContainerReportForContainerReportHandler] WARN  container.ContainerReportHandler (AbstractContainerReportHandler.java:updateContainerState(145)) - Container #1 is in OPEN state, but the datanode 5459e257-ccbc-435a-9427-c3c16be66685{ip: 192.168.164.253, host: pr-hdds-2334-tv6s7-2530448917, networkLocation: /default-rack, certSerialId: null} reports an CLOSED replica.
2019-10-20 18:39:05,203 [EventQueue-ContainerReportForContainerReportHandler] WARN  container.ContainerReportHandler (AbstractContainerReportHandler.java:updateContainerState(145)) - Container #1 is in OPEN state, but the datanode c90420fb-507e-4f39-9d1e-d32950a26e2a{ip: 192.168.164.253, host: pr-hdds-2334-tv6s7-2530448917, networkLocation: /default-rack, certSerialId: null} reports an CLOSED replica.
2019-10-20 18:39:05,503 [EventQueue-ContainerReportForContainerReportHandler] WARN  container.ContainerReportHandler (AbstractContainerReportHandler.java:updateContainerState(145)) - Container #1 is in OPEN state, but the datanode c90420fb-507e-4f39-9d1e-d32950a26e2a{ip: 192.168.164.253, host: pr-hdds-2334-tv6s7-2530448917, networkLocation: /default-rack, certSerialId: null} reports an CLOSED replica.
2019-10-20 18:39:05,503 [EventQueue-ContainerReportForContainerReportHandler] WARN  container.ContainerReportHandler (AbstractContainerReportHandler.java:updateContainerState(145)) - Container #1 is in OPEN state, but the datanode 5459e257-ccbc-435a-9427-c3c16be66685{ip: 192.168.164.253, host: pr-hdds-2334-tv6s7-2530448917, networkLocation: /default-rack, certSerialId: null} reports an CLOSED replica.
2019-10-20 18:39:05,509 [java.util.concurrent.ThreadPoolExecutor$Worker@550c84d3[State = -1, empty queue]] WARN  server.GrpcLogAppender (GrpcLogAppender.java:timeoutAppendRequest(209)) - 5459e257-ccbc-435a-9427-c3c16be66685@group-8B8FE5B4B5B0->7e7122d9-53dc-47a8-b6b6-c87fac616c81-GrpcLogAppender: appendEntries Timeout, request=5459e257-ccbc-435a-9427-c3c16be66685->7e7122d9-53dc-47a8-b6b6-c87fac616c81#40-t6, previous=(t:6, i:10), leaderCommit=10, initializing? false, entries: <empty>
2019-10-20 18:39:05,703 [EventQueue-ContainerReportForContainerReportHandler] WARN  container.ContainerReportHandler (AbstractContainerReportHandler.java:updateContainerState(145)) - Container #1 is in OPEN state, but the datanode 5459e257-ccbc-435a-9427-c3c16be66685{ip: 192.168.164.253, host: pr-hdds-2334-tv6s7-2530448917, networkLocation: /default-rack, certSerialId: null} reports an CLOSED replica.
2019-10-20 18:39:05,903 [EventQueue-ContainerReportForContainerReportHandler] WARN  container.ContainerReportHandler (AbstractContainerReportHandler.java:updateContainerState(145)) - Container #1 is in OPEN state, but the datanode c90420fb-507e-4f39-9d1e-d32950a26e2a{ip: 192.168.164.253, host: pr-hdds-2334-tv6s7-2530448917, networkLocation: /default-rack, certSerialId: null} reports an CLOSED replica.
2019-10-20 18:39:06,004 [EventQueue-ContainerReportForContainerReportHandler] WARN  container.ContainerReportHandler (AbstractContainerReportHandler.java:updateContainerState(145)) - Container #1 is in OPEN state, but the datanode 5459e257-ccbc-435a-9427-c3c16be66685{ip: 192.168.164.253, host: pr-hdds-2334-tv6s7-2530448917, networkLocation: /default-rack, certSerialId: null} reports an CLOSED replica.
2019-10-20 18:39:06,057 [BlockDeletingService#2] WARN  background.BlockDeletingService (BlockDeletingService.java:isDeletionAllowed(187)) - Close Container log Index 6 is not replicated across allthe servers in the pipeline e053cdee-5b19-4be2-866a-8b8fe5b4b5b0 as the min replicated index is 4. Deletion is not allowed in this container yet.
2019-10-20 18:39:06,057 [BlockDeletingService#2] WARN  background.BlockDeletingService (BlockDeletingService.java:isDeletionAllowed(187)) - Close Container log Index 6 is not replicated across allthe servers in the pipeline e053cdee-5b19-4be2-866a-8b8fe5b4b5b0 as the min replicated index is 4. Deletion is not allowed in this container yet.
2019-10-20 18:39:06,303 [EventQueue-ContainerReportForContainerReportHandler] WARN  container.ContainerReportHandler (AbstractContainerReportHandler.java:updateContainerState(145)) - Container #1 is in OPEN state, but the datanode c90420fb-507e-4f39-9d1e-d32950a26e2a{ip: 192.168.164.253, host: pr-hdds-2334-tv6s7-2530448917, networkLocation: /default-rack, certSerialId: null} reports an CLOSED replica.
2019-10-20 18:39:06,303 [EventQueue-ContainerReportForContainerReportHandler] WARN  container.ContainerReportHandler (AbstractContainerReportHandler.java:updateContainerState(145)) - Container #1 is in OPEN state, but the datanode 5459e257-ccbc-435a-9427-c3c16be66685{ip: 192.168.164.253, host: pr-hdds-2334-tv6s7-2530448917, networkLocation: /default-rack, certSerialId: null} reports an CLOSED replica.
2019-10-20 18:39:06,502 [EventQueue-ContainerReportForContainerReportHandler] WARN  container.ContainerReportHandler (AbstractContainerReportHandler.java:updateContainerState(145)) - Container #1 is in OPEN state, but the datanode c90420fb-507e-4f39-9d1e-d32950a26e2a{ip: 192.168.164.253, host: pr-hdds-2334-tv6s7-2530448917, networkLocation: /default-rack, certSerialId: null} reports an CLOSED replica.
2019-10-20 18:39:06,602 [EventQueue-ContainerReportForContainerReportHandler] WARN  container.ContainerReportHandler (AbstractContainerReportHandler.java:updateContainerState(145)) - Container #1 is in OPEN state, but the datanode 5459e257-ccbc-435a-9427-c3c16be66685{ip: 192.168.164.253, host: pr-hdds-2334-tv6s7-2530448917, networkLocation: /default-rack, certSerialId: null} reports an CLOSED replica.
2019-10-20 18:39:06,803 [EventQueue-ContainerReportForContainerReportHandler] WARN  container.ContainerReportHandler (AbstractContainerReportHandler.java:updateContainerState(145)) - Container #1 is in OPEN state, but the datanode 5459e257-ccbc-435a-9427-c3c16be66685{ip: 192.168.164.253, host: pr-hdds-2334-tv6s7-2530448917, networkLocation: /default-rack, certSerialId: null} reports an CLOSED replica.
2019-10-20 18:39:06,903 [EventQueue-ContainerReportForContainerReportHandler] WARN  container.ContainerReportHandler (AbstractContainerReportHandler.java:updateContainerState(145)) - Container #1 is in OPEN state, but the datanode c90420fb-507e-4f39-9d1e-d32950a26e2a{ip: 192.168.164.253, host: pr-hdds-2334-tv6s7-2530448917, networkLocation: /default-rack, certSerialId: null} reports an CLOSED replica.
2019-10-20 18:39:07,058 [BlockDeletingService#2] WARN  background.BlockDeletingService (BlockDeletingService.java:isDeletionAllowed(187)) - Close Container log Index 6 is not replicated across allthe servers in the pipeline e053cdee-5b19-4be2-866a-8b8fe5b4b5b0 as the min replicated index is 4. Deletion is not allowed in this container yet.
2019-10-20 18:39:07,058 [BlockDeletingService#2] WARN  background.BlockDeletingService (BlockDeletingService.java:isDeletionAllowed(187)) - Close Container log Index 6 is not replicated across allthe servers in the pipeline e053cdee-5b19-4be2-866a-8b8fe5b4b5b0 as the min replicated index is 4. Deletion is not allowed in this container yet.
2019-10-20 18:39:07,204 [EventQueue-ContainerReportForContainerReportHandler] WARN  container.ContainerReportHandler (AbstractContainerReportHandler.java:updateContainerState(145)) - Container #1 is in OPEN state, but the datanode 5459e257-ccbc-435a-9427-c3c16be66685{ip: 192.168.164.253, host: pr-hdds-2334-tv6s7-2530448917, networkLocation: /default-rack, certSerialId: null} reports an CLOSED replica.
2019-10-20 18:39:07,305 [EventQueue-ContainerReportForContainerReportHandler] WARN  container.ContainerReportHandler (AbstractContainerReportHandler.java:updateContainerState(145)) - Container #1 is in OPEN state, but the datanode c90420fb-507e-4f39-9d1e-d32950a26e2a{ip: 192.168.164.253, host: pr-hdds-2334-tv6s7-2530448917, networkLocation: /default-rack, certSerialId: null} reports an CLOSED replica.
2019-10-20 18:39:07,503 [EventQueue-ContainerReportForContainerReportHandler] WARN  container.ContainerReportHandler (AbstractContainerReportHandler.java:updateContainerState(145)) - Container #1 is in OPEN state, but the datanode 5459e257-ccbc-435a-9427-c3c16be66685{ip: 192.168.164.253, host: pr-hdds-2334-tv6s7-2530448917, networkLocation: /default-rack, certSerialId: null} reports an CLOSED replica.
2019-10-20 18:39:07,705 [EventQueue-ContainerReportForContainerReportHandler] WARN  container.ContainerReportHandler (AbstractContainerReportHandler.java:updateContainerState(145)) - Container #1 is in OPEN state, but the datanode c90420fb-507e-4f39-9d1e-d32950a26e2a{ip: 192.168.164.253, host: pr-hdds-2334-tv6s7-2530448917, networkLocation: /default-rack, certSerialId: null} reports an CLOSED replica.
2019-10-20 18:39:07,804 [EventQueue-ContainerReportForContainerReportHandler] WARN  container.ContainerReportHandler (AbstractContainerReportHandler.java:updateContainerState(145)) - Container #1 is in OPEN state, but the datanode 5459e257-ccbc-435a-9427-c3c16be66685{ip: 192.168.164.253, host: pr-hdds-2334-tv6s7-2530448917, networkLocation: /default-rack, certSerialId: null} reports an CLOSED replica.
2019-10-20 18:39:07,905 [EventQueue-ContainerReportForContainerReportHandler] WARN  container.ContainerReportHandler (AbstractContainerReportHandler.java:updateContainerState(145)) - Container #1 is in OPEN state, but the datanode c90420fb-507e-4f39-9d1e-d32950a26e2a{ip: 192.168.164.253, host: pr-hdds-2334-tv6s7-2530448917, networkLocation: /default-rack, certSerialId: null} reports an CLOSED replica.
2019-10-20 18:39:08,010 [java.util.concurrent.ThreadPoolExecutor$Worker@550c84d3[State = -1, empty queue]] WARN  server.GrpcLogAppender (GrpcLogAppender.java:timeoutAppendRequest(209)) - 5459e257-ccbc-435a-9427-c3c16be66685@group-8B8FE5B4B5B0->7e7122d9-53dc-47a8-b6b6-c87fac616c81-GrpcLogAppender: appendEntries Timeout, request=5459e257-ccbc-435a-9427-c3c16be66685->7e7122d9-53dc-47a8-b6b6-c87fac616c81#41-t6, previous=(t:6, i:10), leaderCommit=10, initializing? false, entries: <empty>
2019-10-20 18:39:08,060 [BlockDeletingService#2] WARN  background.BlockDeletingService (BlockDeletingService.java:isDeletionAllowed(187)) - Close Container log Index 6 is not replicated across allthe servers in the pipeline e053cdee-5b19-4be2-866a-8b8fe5b4b5b0 as the min replicated index is 4. Deletion is not allowed in this container yet.
2019-10-20 18:39:08,060 [BlockDeletingService#2] WARN  background.BlockDeletingService (BlockDeletingService.java:isDeletionAllowed(187)) - Close Container log Index 6 is not replicated across allthe servers in the pipeline e053cdee-5b19-4be2-866a-8b8fe5b4b5b0 as the min replicated index is 4. Deletion is not allowed in this container yet.
2019-10-20 18:39:08,104 [EventQueue-ContainerReportForContainerReportHandler] WARN  container.ContainerReportHandler (AbstractContainerReportHandler.java:updateContainerState(145)) - Container #1 is in OPEN state, but the datanode 5459e257-ccbc-435a-9427-c3c16be66685{ip: 192.168.164.253, host: pr-hdds-2334-tv6s7-2530448917, networkLocation: /default-rack, certSerialId: null} reports an CLOSED replica.
2019-10-20 18:39:08,304 [EventQueue-ContainerReportForContainerReportHandler] WARN  container.ContainerReportHandler (AbstractContainerReportHandler.java:updateContainerState(145)) - Container #1 is in OPEN state, but the datanode c90420fb-507e-4f39-9d1e-d32950a26e2a{ip: 192.168.164.253, host: pr-hdds-2334-tv6s7-2530448917, networkLocation: /default-rack, certSerialId: null} reports an CLOSED replica.
2019-10-20 18:39:08,404 [EventQueue-ContainerReportForContainerReportHandler] WARN  container.ContainerReportHandler (AbstractContainerReportHandler.java:updateContainerState(145)) - Container #1 is in OPEN state, but the datanode 5459e257-ccbc-435a-9427-c3c16be66685{ip: 192.168.164.253, host: pr-hdds-2334-tv6s7-2530448917, networkLocation: /default-rack, certSerialId: null} reports an CLOSED replica.
2019-10-20 18:39:08,504 [EventQueue-ContainerReportForContainerReportHandler] WARN  container.ContainerReportHandler (AbstractContainerReportHandler.java:updateContainerState(145)) - Container #1 is in OPEN state, but the datanode c90420fb-507e-4f39-9d1e-d32950a26e2a{ip: 192.168.164.253, host: pr-hdds-2334-tv6s7-2530448917, networkLocation: /default-rack, certSerialId: null} reports an CLOSED replica.
2019-10-20 18:39:08,704 [EventQueue-ContainerReportForContainerReportHandler] WARN  container.ContainerReportHandler (AbstractContainerReportHandler.java:updateContainerState(145)) - Container #1 is in OPEN state, but the datanode 5459e257-ccbc-435a-9427-c3c16be66685{ip: 192.168.164.253, host: pr-hdds-2334-tv6s7-2530448917, networkLocation: /default-rack, certSerialId: null} reports an CLOSED replica.
2019-10-20 18:39:08,907 [EventQueue-ContainerReportForContainerReportHandler] WARN  container.ContainerReportHandler (AbstractContainerReportHandler.java:updateContainerState(145)) - Container #1 is in OPEN state, but the datanode c90420fb-507e-4f39-9d1e-d32950a26e2a{ip: 192.168.164.253, host: pr-hdds-2334-tv6s7-2530448917, networkLocation: /default-rack, certSerialId: null} reports an CLOSED replica.
2019-10-20 18:39:09,005 [EventQueue-ContainerReportForContainerReportHandler] WARN  container.ContainerReportHandler (AbstractContainerReportHandler.java:updateContainerState(145)) - Container #1 is in OPEN state, but the datanode 5459e257-ccbc-435a-9427-c3c16be66685{ip: 192.168.164.253, host: pr-hdds-2334-tv6s7-2530448917, networkLocation: /default-rack, certSerialId: null} reports an CLOSED replica.
2019-10-20 18:39:09,062 [BlockDeletingService#2] WARN  background.BlockDeletingService (BlockDeletingService.java:isDeletionAllowed(187)) - Close Container log Index 6 is not replicated across allthe servers in the pipeline e053cdee-5b19-4be2-866a-8b8fe5b4b5b0 as the min replicated index is 4. Deletion is not allowed in this container yet.
2019-10-20 18:39:09,062 [BlockDeletingService#2] WARN  background.BlockDeletingService (BlockDeletingService.java:isDeletionAllowed(187)) - Close Container log Index 6 is not replicated across allthe servers in the pipeline e053cdee-5b19-4be2-866a-8b8fe5b4b5b0 as the min replicated index is 4. Deletion is not allowed in this container yet.
2019-10-20 18:39:09,205 [EventQueue-ContainerReportForContainerReportHandler] WARN  container.ContainerReportHandler (AbstractContainerReportHandler.java:updateContainerState(145)) - Container #1 is in OPEN state, but the datanode 5459e257-ccbc-435a-9427-c3c16be66685{ip: 192.168.164.253, host: pr-hdds-2334-tv6s7-2530448917, networkLocation: /default-rack, certSerialId: null} reports an CLOSED replica.
2019-10-20 18:39:09,205 [EventQueue-ContainerReportForContainerReportHandler] WARN  container.ContainerReportHandler (AbstractContainerReportHandler.java:updateContainerState(145)) - Container #1 is in OPEN state, but the datanode c90420fb-507e-4f39-9d1e-d32950a26e2a{ip: 192.168.164.253, host: pr-hdds-2334-tv6s7-2530448917, networkLocation: /default-rack, certSerialId: null} reports an CLOSED replica.
2019-10-20 18:39:09,606 [EventQueue-ContainerReportForContainerReportHandler] WARN  container.ContainerReportHandler (AbstractContainerReportHandler.java:updateContainerState(145)) - Container #1 is in OPEN state, but the datanode 5459e257-ccbc-435a-9427-c3c16be66685{ip: 192.168.164.253, host: pr-hdds-2334-tv6s7-2530448917, networkLocation: /default-rack, certSerialId: null} reports an CLOSED replica.
2019-10-20 18:39:09,608 [EventQueue-ContainerReportForContainerReportHandler] WARN  container.ContainerReportHandler (AbstractContainerReportHandler.java:updateContainerState(145)) - Container #1 is in OPEN state, but the datanode c90420fb-507e-4f39-9d1e-d32950a26e2a{ip: 192.168.164.253, host: pr-hdds-2334-tv6s7-2530448917, networkLocation: /default-rack, certSerialId: null} reports an CLOSED replica.
2019-10-20 18:39:09,807 [EventQueue-ContainerReportForContainerReportHandler] WARN  container.ContainerReportHandler (AbstractContainerReportHandler.java:updateContainerState(145)) - Container #1 is in OPEN state, but the datanode 5459e257-ccbc-435a-9427-c3c16be66685{ip: 192.168.164.253, host: pr-hdds-2334-tv6s7-2530448917, networkLocation: /default-rack, certSerialId: null} reports an CLOSED replica.
2019-10-20 18:39:09,907 [EventQueue-ContainerReportForContainerReportHandler] WARN  container.ContainerReportHandler (AbstractContainerReportHandler.java:updateContainerState(145)) - Container #1 is in OPEN state, but the datanode c90420fb-507e-4f39-9d1e-d32950a26e2a{ip: 192.168.164.253, host: pr-hdds-2334-tv6s7-2530448917, networkLocation: /default-rack, certSerialId: null} reports an CLOSED replica.
2019-10-20 18:39:10,064 [BlockDeletingService#2] WARN  background.BlockDeletingService (BlockDeletingService.java:isDeletionAllowed(187)) - Close Container log Index 6 is not replicated across allthe servers in the pipeline e053cdee-5b19-4be2-866a-8b8fe5b4b5b0 as the min replicated index is 4. Deletion is not allowed in this container yet.
2019-10-20 18:39:10,064 [BlockDeletingService#2] WARN  background.BlockDeletingService (BlockDeletingService.java:isDeletionAllowed(187)) - Close Container log Index 6 is not replicated across allthe servers in the pipeline e053cdee-5b19-4be2-866a-8b8fe5b4b5b0 as the min replicated index is 4. Deletion is not allowed in this container yet.
2019-10-20 18:39:10,210 [EventQueue-ContainerReportForContainerReportHandler] WARN  container.ContainerReportHandler (AbstractContainerReportHandler.java:updateContainerState(145)) - Container #1 is in OPEN state, but the datanode 5459e257-ccbc-435a-9427-c3c16be66685{ip: 192.168.164.253, host: pr-hdds-2334-tv6s7-2530448917, networkLocation: /default-rack, certSerialId: null} reports an CLOSED replica.
2019-10-20 18:39:10,309 [EventQueue-ContainerReportForContainerReportHandler] WARN  container.ContainerReportHandler (AbstractContainerReportHandler.java:updateContainerState(145)) - Container #1 is in OPEN state, but the datanode c90420fb-507e-4f39-9d1e-d32950a26e2a{ip: 192.168.164.253, host: pr-hdds-2334-tv6s7-2530448917, networkLocation: /default-rack, certSerialId: null} reports an CLOSED replica.
2019-10-20 18:39:10,509 [EventQueue-ContainerReportForContainerReportHandler] WARN  container.ContainerReportHandler (AbstractContainerReportHandler.java:updateContainerState(145)) - Container #1 is in OPEN state, but the datanode 5459e257-ccbc-435a-9427-c3c16be66685{ip: 192.168.164.253, host: pr-hdds-2334-tv6s7-2530448917, networkLocation: /default-rack, certSerialId: null} reports an CLOSED replica.
2019-10-20 18:39:10,511 [java.util.concurrent.ThreadPoolExecutor$Worker@550c84d3[State = -1, empty queue]] WARN  server.GrpcLogAppender (GrpcLogAppender.java:timeoutAppendRequest(209)) - 5459e257-ccbc-435a-9427-c3c16be66685@group-8B8FE5B4B5B0->7e7122d9-53dc-47a8-b6b6-c87fac616c81-GrpcLogAppender: appendEntries Timeout, request=5459e257-ccbc-435a-9427-c3c16be66685->7e7122d9-53dc-47a8-b6b6-c87fac616c81#42-t6, previous=(t:6, i:10), leaderCommit=10, initializing? false, entries: <empty>
2019-10-20 18:39:10,683 [Thread-484] INFO  client.GrpcClientProtocolService (GrpcClientProtocolService.java:lambda$processClientRequest$0(278)) - Failed RaftClientRequest:client-33348DE3F0EA->5459e257-ccbc-435a-9427-c3c16be66685@group-8B8FE5B4B5B0, cid=10, seq=0, Watch-ALL_COMMITTED(6), Message:<EMPTY>, reply=RaftClientReply:client-33348DE3F0EA->5459e257-ccbc-435a-9427-c3c16be66685@group-8B8FE5B4B5B0, cid=10, FAILED org.apache.ratis.protocol.NotReplicatedException: Request with call Id 10 and log index 6 is not yet replicated to ALL_COMMITTED, logIndex=6, commits[5459e257-ccbc-435a-9427-c3c16be66685:c10, 7e7122d9-53dc-47a8-b6b6-c87fac616c81:c4, c90420fb-507e-4f39-9d1e-d32950a26e2a:c10]
2019-10-20 18:39:10,710 [EventQueue-ContainerReportForContainerReportHandler] WARN  container.ContainerReportHandler (AbstractContainerReportHandler.java:updateContainerState(145)) - Container #1 is in OPEN state, but the datanode c90420fb-507e-4f39-9d1e-d32950a26e2a{ip: 192.168.164.253, host: pr-hdds-2334-tv6s7-2530448917, networkLocation: /default-rack, certSerialId: null} reports an CLOSED replica.
2019-10-20 18:39:10,811 [EventQueue-ContainerReportForContainerReportHandler] WARN  container.ContainerReportHandler (AbstractContainerReportHandler.java:updateContainerState(145)) - Container #1 is in OPEN state, but the datanode 5459e257-ccbc-435a-9427-c3c16be66685{ip: 192.168.164.253, host: pr-hdds-2334-tv6s7-2530448917, networkLocation: /default-rack, certSerialId: null} reports an CLOSED replica.
2019-10-20 18:39:10,910 [EventQueue-ContainerReportForContainerReportHandler] WARN  container.ContainerReportHandler (AbstractContainerReportHandler.java:updateContainerState(145)) - Container #1 is in OPEN state, but the datanode c90420fb-507e-4f39-9d1e-d32950a26e2a{ip: 192.168.164.253, host: pr-hdds-2334-tv6s7-2530448917, networkLocation: /default-rack, certSerialId: null} reports an CLOSED replica.
2019-10-20 18:39:11,065 [BlockDeletingService#2] WARN  background.BlockDeletingService (BlockDeletingService.java:isDeletionAllowed(187)) - Close Container log Index 6 is not replicated across allthe servers in the pipeline e053cdee-5b19-4be2-866a-8b8fe5b4b5b0 as the min replicated index is 4. Deletion is not allowed in this container yet.
2019-10-20 18:39:11,065 [BlockDeletingService#2] WARN  background.BlockDeletingService (BlockDeletingService.java:isDeletionAllowed(187)) - Close Container log Index 6 is not replicated across allthe servers in the pipeline e053cdee-5b19-4be2-866a-8b8fe5b4b5b0 as the min replicated index is 4. Deletion is not allowed in this container yet.
2019-10-20 18:39:11,110 [EventQueue-ContainerReportForContainerReportHandler] WARN  container.ContainerReportHandler (AbstractContainerReportHandler.java:updateContainerState(145)) - Container #1 is in OPEN state, but the datanode 5459e257-ccbc-435a-9427-c3c16be66685{ip: 192.168.164.253, host: pr-hdds-2334-tv6s7-2530448917, networkLocation: /default-rack, certSerialId: null} reports an CLOSED replica.
2019-10-20 18:39:11,312 [EventQueue-ContainerReportForContainerReportHandler] WARN  container.ContainerReportHandler (AbstractContainerReportHandler.java:updateContainerState(145)) - Container #1 is in OPEN state, but the datanode c90420fb-507e-4f39-9d1e-d32950a26e2a{ip: 192.168.164.253, host: pr-hdds-2334-tv6s7-2530448917, networkLocation: /default-rack, certSerialId: null} reports an CLOSED replica.
2019-10-20 18:39:11,410 [EventQueue-ContainerReportForContainerReportHandler] WARN  container.ContainerReportHandler (AbstractContainerReportHandler.java:updateContainerState(145)) - Container #1 is in OPEN state, but the datanode 5459e257-ccbc-435a-9427-c3c16be66685{ip: 192.168.164.253, host: pr-hdds-2334-tv6s7-2530448917, networkLocation: /default-rack, certSerialId: null} reports an CLOSED replica.
2019-10-20 18:39:11,511 [EventQueue-ContainerReportForContainerReportHandler] WARN  container.ContainerReportHandler (AbstractContainerReportHandler.java:updateContainerState(145)) - Container #1 is in OPEN state, but the datanode c90420fb-507e-4f39-9d1e-d32950a26e2a{ip: 192.168.164.253, host: pr-hdds-2334-tv6s7-2530448917, networkLocation: /default-rack, certSerialId: null} reports an CLOSED replica.
2019-10-20 18:39:11,612 [EventQueue-ContainerReportForContainerReportHandler] WARN  container.ContainerReportHandler (AbstractContainerReportHandler.java:updateContainerState(145)) - Container #1 is in OPEN state, but the datanode 5459e257-ccbc-435a-9427-c3c16be66685{ip: 192.168.164.253, host: pr-hdds-2334-tv6s7-2530448917, networkLocation: /default-rack, certSerialId: null} reports an CLOSED replica.
2019-10-20 18:39:11,912 [EventQueue-ContainerReportForContainerReportHandler] WARN  container.ContainerReportHandler (AbstractContainerReportHandler.java:updateContainerState(145)) - Container #1 is in OPEN state, but the datanode c90420fb-507e-4f39-9d1e-d32950a26e2a{ip: 192.168.164.253, host: pr-hdds-2334-tv6s7-2530448917, networkLocation: /default-rack, certSerialId: null} reports an CLOSED replica.
2019-10-20 18:39:11,912 [EventQueue-ContainerReportForContainerReportHandler] WARN  container.ContainerReportHandler (AbstractContainerReportHandler.java:updateContainerState(145)) - Container #1 is in OPEN state, but the datanode 5459e257-ccbc-435a-9427-c3c16be66685{ip: 192.168.164.253, host: pr-hdds-2334-tv6s7-2530448917, networkLocation: /default-rack, certSerialId: null} reports an CLOSED replica.
2019-10-20 18:39:12,068 [BlockDeletingService#2] WARN  background.BlockDeletingService (BlockDeletingService.java:isDeletionAllowed(187)) - Close Container log Index 6 is not replicated across allthe servers in the pipeline e053cdee-5b19-4be2-866a-8b8fe5b4b5b0 as the min replicated index is 4. Deletion is not allowed in this container yet.
2019-10-20 18:39:12,068 [BlockDeletingService#2] WARN  background.BlockDeletingService (BlockDeletingService.java:isDeletionAllowed(187)) - Close Container log Index 6 is not replicated across allthe servers in the pipeline e053cdee-5b19-4be2-866a-8b8fe5b4b5b0 as the min replicated index is 4. Deletion is not allowed in this container yet.
2019-10-20 18:39:12,111 [EventQueue-ContainerReportForContainerReportHandler] WARN  container.ContainerReportHandler (AbstractContainerReportHandler.java:updateContainerState(145)) - Container #1 is in OPEN state, but the datanode c90420fb-507e-4f39-9d1e-d32950a26e2a{ip: 192.168.164.253, host: pr-hdds-2334-tv6s7-2530448917, networkLocation: /default-rack, certSerialId: null} reports an CLOSED replica.
2019-10-20 18:39:12,211 [EventQueue-ContainerReportForContainerReportHandler] WARN  container.ContainerReportHandler (AbstractContainerReportHandler.java:updateContainerState(145)) - Container #1 is in OPEN state, but the datanode 5459e257-ccbc-435a-9427-c3c16be66685{ip: 192.168.164.253, host: pr-hdds-2334-tv6s7-2530448917, networkLocation: /default-rack, certSerialId: null} reports an CLOSED replica.
2019-10-20 18:39:12,411 [EventQueue-ContainerReportForContainerReportHandler] WARN  container.ContainerReportHandler (AbstractContainerReportHandler.java:updateContainerState(145)) - Container #1 is in OPEN state, but the datanode c90420fb-507e-4f39-9d1e-d32950a26e2a{ip: 192.168.164.253, host: pr-hdds-2334-tv6s7-2530448917, networkLocation: /default-rack, certSerialId: null} reports an CLOSED replica.
2019-10-20 18:39:12,512 [EventQueue-ContainerReportForContainerReportHandler] WARN  container.ContainerReportHandler (AbstractContainerReportHandler.java:updateContainerState(145)) - Container #1 is in OPEN state, but the datanode 5459e257-ccbc-435a-9427-c3c16be66685{ip: 192.168.164.253, host: pr-hdds-2334-tv6s7-2530448917, networkLocation: /default-rack, certSerialId: null} reports an CLOSED replica.
2019-10-20 18:39:12,711 [EventQueue-ContainerReportForContainerReportHandler] WARN  container.ContainerReportHandler (AbstractContainerReportHandler.java:updateContainerState(145)) - Container #1 is in OPEN state, but the datanode 5459e257-ccbc-435a-9427-c3c16be66685{ip: 192.168.164.253, host: pr-hdds-2334-tv6s7-2530448917, networkLocation: /default-rack, certSerialId: null} reports an CLOSED replica.
2019-10-20 18:39:12,712 [EventQueue-ContainerReportForContainerReportHandler] WARN  container.ContainerReportHandler (AbstractContainerReportHandler.java:updateContainerState(145)) - Container #1 is in OPEN state, but the datanode c90420fb-507e-4f39-9d1e-d32950a26e2a{ip: 192.168.164.253, host: pr-hdds-2334-tv6s7-2530448917, networkLocation: /default-rack, certSerialId: null} reports an CLOSED replica.
2019-10-20 18:39:13,011 [EventQueue-ContainerReportForContainerReportHandler] WARN  container.ContainerReportHandler (AbstractContainerReportHandler.java:updateContainerState(145)) - Container #1 is in OPEN state, but the datanode 5459e257-ccbc-435a-9427-c3c16be66685{ip: 192.168.164.253, host: pr-hdds-2334-tv6s7-2530448917, networkLocation: /default-rack, certSerialId: null} reports an CLOSED replica.
2019-10-20 18:39:13,012 [EventQueue-ContainerReportForContainerReportHandler] WARN  container.ContainerReportHandler (AbstractContainerReportHandler.java:updateContainerState(145)) - Container #1 is in OPEN state, but the datanode c90420fb-507e-4f39-9d1e-d32950a26e2a{ip: 192.168.164.253, host: pr-hdds-2334-tv6s7-2530448917, networkLocation: /default-rack, certSerialId: null} reports an CLOSED replica.
2019-10-20 18:39:13,012 [java.util.concurrent.ThreadPoolExecutor$Worker@550c84d3[State = -1, empty queue]] WARN  server.GrpcLogAppender (GrpcLogAppender.java:timeoutAppendRequest(209)) - 5459e257-ccbc-435a-9427-c3c16be66685@group-8B8FE5B4B5B0->7e7122d9-53dc-47a8-b6b6-c87fac616c81-GrpcLogAppender: appendEntries Timeout, request=5459e257-ccbc-435a-9427-c3c16be66685->7e7122d9-53dc-47a8-b6b6-c87fac616c81#43-t6, previous=(t:6, i:10), leaderCommit=10, initializing? false, entries: <empty>
2019-10-20 18:39:13,069 [BlockDeletingService#2] WARN  background.BlockDeletingService (BlockDeletingService.java:isDeletionAllowed(187)) - Close Container log Index 6 is not replicated across allthe servers in the pipeline e053cdee-5b19-4be2-866a-8b8fe5b4b5b0 as the min replicated index is 4. Deletion is not allowed in this container yet.
2019-10-20 18:39:13,069 [BlockDeletingService#2] WARN  background.BlockDeletingService (BlockDeletingService.java:isDeletionAllowed(187)) - Close Container log Index 6 is not replicated across allthe servers in the pipeline e053cdee-5b19-4be2-866a-8b8fe5b4b5b0 as the min replicated index is 4. Deletion is not allowed in this container yet.
2019-10-20 18:39:13,212 [EventQueue-ContainerReportForContainerReportHandler] WARN  container.ContainerReportHandler (AbstractContainerReportHandler.java:updateContainerState(145)) - Container #1 is in OPEN state, but the datanode 5459e257-ccbc-435a-9427-c3c16be66685{ip: 192.168.164.253, host: pr-hdds-2334-tv6s7-2530448917, networkLocation: /default-rack, certSerialId: null} reports an CLOSED replica.
2019-10-20 18:39:13,412 [EventQueue-ContainerReportForContainerReportHandler] WARN  container.ContainerReportHandler (AbstractContainerReportHandler.java:updateContainerState(145)) - Container #1 is in OPEN state, but the datanode c90420fb-507e-4f39-9d1e-d32950a26e2a{ip: 192.168.164.253, host: pr-hdds-2334-tv6s7-2530448917, networkLocation: /default-rack, certSerialId: null} reports an CLOSED replica.
2019-10-20 18:39:13,513 [EventQueue-ContainerReportForContainerReportHandler] WARN  container.ContainerReportHandler (AbstractContainerReportHandler.java:updateContainerState(145)) - Container #1 is in OPEN state, but the datanode 5459e257-ccbc-435a-9427-c3c16be66685{ip: 192.168.164.253, host: pr-hdds-2334-tv6s7-2530448917, networkLocation: /default-rack, certSerialId: null} reports an CLOSED replica.
2019-10-20 18:39:13,714 [EventQueue-ContainerReportForContainerReportHandler] WARN  container.ContainerReportHandler (AbstractContainerReportHandler.java:updateContainerState(145)) - Container #1 is in OPEN state, but the datanode c90420fb-507e-4f39-9d1e-d32950a26e2a{ip: 192.168.164.253, host: pr-hdds-2334-tv6s7-2530448917, networkLocation: /default-rack, certSerialId: null} reports an CLOSED replica.
2019-10-20 18:39:13,814 [EventQueue-ContainerReportForContainerReportHandler] WARN  container.ContainerReportHandler (AbstractContainerReportHandler.java:updateContainerState(145)) - Container #1 is in OPEN state, but the datanode 5459e257-ccbc-435a-9427-c3c16be66685{ip: 192.168.164.253, host: pr-hdds-2334-tv6s7-2530448917, networkLocation: /default-rack, certSerialId: null} reports an CLOSED replica.
2019-10-20 18:39:14,013 [EventQueue-ContainerReportForContainerReportHandler] WARN  container.ContainerReportHandler (AbstractContainerReportHandler.java:updateContainerState(145)) - Container #1 is in OPEN state, but the datanode c90420fb-507e-4f39-9d1e-d32950a26e2a{ip: 192.168.164.253, host: pr-hdds-2334-tv6s7-2530448917, networkLocation: /default-rack, certSerialId: null} reports an CLOSED replica.
2019-10-20 18:39:14,070 [BlockDeletingService#2] WARN  background.BlockDeletingService (BlockDeletingService.java:isDeletionAllowed(187)) - Close Container log Index 6 is not replicated across allthe servers in the pipeline e053cdee-5b19-4be2-866a-8b8fe5b4b5b0 as the min replicated index is 4. Deletion is not allowed in this container yet.
2019-10-20 18:39:14,070 [BlockDeletingService#2] WARN  background.BlockDeletingService (BlockDeletingService.java:isDeletionAllowed(187)) - Close Container log Index 6 is not replicated across allthe servers in the pipeline e053cdee-5b19-4be2-866a-8b8fe5b4b5b0 as the min replicated index is 4. Deletion is not allowed in this container yet.
2019-10-20 18:39:14,214 [EventQueue-ContainerReportForContainerReportHandler] WARN  container.ContainerReportHandler (AbstractContainerReportHandler.java:updateContainerState(145)) - Container #1 is in OPEN state, but the datanode 5459e257-ccbc-435a-9427-c3c16be66685{ip: 192.168.164.253, host: pr-hdds-2334-tv6s7-2530448917, networkLocation: /default-rack, certSerialId: null} reports an CLOSED replica.
2019-10-20 18:39:14,314 [EventQueue-ContainerReportForContainerReportHandler] WARN  container.ContainerReportHandler (AbstractContainerReportHandler.java:updateContainerState(145)) - Container #1 is in OPEN state, but the datanode c90420fb-507e-4f39-9d1e-d32950a26e2a{ip: 192.168.164.253, host: pr-hdds-2334-tv6s7-2530448917, networkLocation: /default-rack, certSerialId: null} reports an CLOSED replica.
2019-10-20 18:39:14,516 [EventQueue-ContainerReportForContainerReportHandler] WARN  container.ContainerReportHandler (AbstractContainerReportHandler.java:updateContainerState(145)) - Container #1 is in OPEN state, but the datanode 5459e257-ccbc-435a-9427-c3c16be66685{ip: 192.168.164.253, host: pr-hdds-2334-tv6s7-2530448917, networkLocation: /default-rack, certSerialId: null} reports an CLOSED replica.
2019-10-20 18:39:14,716 [EventQueue-ContainerReportForContainerReportHandler] WARN  container.ContainerReportHandler (AbstractContainerReportHandler.java:updateContainerState(145)) - Container #1 is in OPEN state, but the datanode c90420fb-507e-4f39-9d1e-d32950a26e2a{ip: 192.168.164.253, host: pr-hdds-2334-tv6s7-2530448917, networkLocation: /default-rack, certSerialId: null} reports an CLOSED replica.
2019-10-20 18:39:14,915 [EventQueue-ContainerReportForContainerReportHandler] WARN  container.ContainerReportHandler (AbstractContainerReportHandler.java:updateContainerState(145)) - Container #1 is in OPEN state, but the datanode 5459e257-ccbc-435a-9427-c3c16be66685{ip: 192.168.164.253, host: pr-hdds-2334-tv6s7-2530448917, networkLocation: /default-rack, certSerialId: null} reports an CLOSED replica.
2019-10-20 18:39:14,916 [EventQueue-ContainerReportForContainerReportHandler] WARN  container.ContainerReportHandler (AbstractContainerReportHandler.java:updateContainerState(145)) - Container #1 is in OPEN state, but the datanode c90420fb-507e-4f39-9d1e-d32950a26e2a{ip: 192.168.164.253, host: pr-hdds-2334-tv6s7-2530448917, networkLocation: /default-rack, certSerialId: null} reports an CLOSED replica.
2019-10-20 18:39:15,071 [BlockDeletingService#2] WARN  background.BlockDeletingService (BlockDeletingService.java:isDeletionAllowed(187)) - Close Container log Index 6 is not replicated across allthe servers in the pipeline e053cdee-5b19-4be2-866a-8b8fe5b4b5b0 as the min replicated index is 4. Deletion is not allowed in this container yet.
2019-10-20 18:39:15,071 [BlockDeletingService#2] WARN  background.BlockDeletingService (BlockDeletingService.java:isDeletionAllowed(187)) - Close Container log Index 6 is not replicated across allthe servers in the pipeline e053cdee-5b19-4be2-866a-8b8fe5b4b5b0 as the min replicated index is 4. Deletion is not allowed in this container yet.
2019-10-20 18:39:15,115 [EventQueue-ContainerReportForContainerReportHandler] WARN  container.ContainerReportHandler (AbstractContainerReportHandler.java:updateContainerState(145)) - Container #1 is in OPEN state, but the datanode c90420fb-507e-4f39-9d1e-d32950a26e2a{ip: 192.168.164.253, host: pr-hdds-2334-tv6s7-2530448917, networkLocation: /default-rack, certSerialId: null} reports an CLOSED replica.
2019-10-20 18:39:15,216 [EventQueue-ContainerReportForContainerReportHandler] WARN  container.ContainerReportHandler (AbstractContainerReportHandler.java:updateContainerState(145)) - Container #1 is in OPEN state, but the datanode 5459e257-ccbc-435a-9427-c3c16be66685{ip: 192.168.164.253, host: pr-hdds-2334-tv6s7-2530448917, networkLocation: /default-rack, certSerialId: null} reports an CLOSED replica.
2019-10-20 18:39:15,316 [EventQueue-ContainerReportForContainerReportHandler] WARN  container.ContainerReportHandler (AbstractContainerReportHandler.java:updateContainerState(145)) - Container #1 is in OPEN state, but the datanode c90420fb-507e-4f39-9d1e-d32950a26e2a{ip: 192.168.164.253, host: pr-hdds-2334-tv6s7-2530448917, networkLocation: /default-rack, certSerialId: null} reports an CLOSED replica.
2019-10-20 18:39:15,415 [EventQueue-ContainerReportForContainerReportHandler] WARN  container.ContainerReportHandler (AbstractContainerReportHandler.java:updateContainerState(145)) - Container #1 is in OPEN state, but the datanode 5459e257-ccbc-435a-9427-c3c16be66685{ip: 192.168.164.253, host: pr-hdds-2334-tv6s7-2530448917, networkLocation: /default-rack, certSerialId: null} reports an CLOSED replica.
2019-10-20 18:39:15,513 [java.util.concurrent.ThreadPoolExecutor$Worker@550c84d3[State = -1, empty queue]] WARN  server.GrpcLogAppender (GrpcLogAppender.java:timeoutAppendRequest(209)) - 5459e257-ccbc-435a-9427-c3c16be66685@group-8B8FE5B4B5B0->7e7122d9-53dc-47a8-b6b6-c87fac616c81-GrpcLogAppender: appendEntries Timeout, request=5459e257-ccbc-435a-9427-c3c16be66685->7e7122d9-53dc-47a8-b6b6-c87fac616c81#44-t6, previous=(t:6, i:10), leaderCommit=10, initializing? false, entries: <empty>
2019-10-20 18:39:15,615 [EventQueue-ContainerReportForContainerReportHandler] WARN  container.ContainerReportHandler (AbstractContainerReportHandler.java:updateContainerState(145)) - Container #1 is in OPEN state, but the datanode c90420fb-507e-4f39-9d1e-d32950a26e2a{ip: 192.168.164.253, host: pr-hdds-2334-tv6s7-2530448917, networkLocation: /default-rack, certSerialId: null} reports an CLOSED replica.
2019-10-20 18:39:15,616 [EventQueue-ContainerReportForContainerReportHandler] WARN  container.ContainerReportHandler (AbstractContainerReportHandler.java:updateContainerState(145)) - Container #1 is in OPEN state, but the datanode 5459e257-ccbc-435a-9427-c3c16be66685{ip: 192.168.164.253, host: pr-hdds-2334-tv6s7-2530448917, networkLocation: /default-rack, certSerialId: null} reports an CLOSED replica.
2019-10-20 18:39:15,816 [EventQueue-ContainerReportForContainerReportHandler] WARN  container.ContainerReportHandler (AbstractContainerReportHandler.java:updateContainerState(145)) - Container #1 is in OPEN state, but the datanode c90420fb-507e-4f39-9d1e-d32950a26e2a{ip: 192.168.164.253, host: pr-hdds-2334-tv6s7-2530448917, networkLocation: /default-rack, certSerialId: null} reports an CLOSED replica.
2019-10-20 18:39:15,917 [EventQueue-ContainerReportForContainerReportHandler] WARN  container.ContainerReportHandler (AbstractContainerReportHandler.java:updateContainerState(145)) - Container #1 is in OPEN state, but the datanode 5459e257-ccbc-435a-9427-c3c16be66685{ip: 192.168.164.253, host: pr-hdds-2334-tv6s7-2530448917, networkLocation: /default-rack, certSerialId: null} reports an CLOSED replica.
2019-10-20 18:39:16,073 [BlockDeletingService#2] WARN  background.BlockDeletingService (BlockDeletingService.java:isDeletionAllowed(187)) - Close Container log Index 6 is not replicated across allthe servers in the pipeline e053cdee-5b19-4be2-866a-8b8fe5b4b5b0 as the min replicated index is 4. Deletion is not allowed in this container yet.
2019-10-20 18:39:16,073 [BlockDeletingService#2] WARN  background.BlockDeletingService (BlockDeletingService.java:isDeletionAllowed(187)) - Close Container log Index 6 is not replicated across allthe servers in the pipeline e053cdee-5b19-4be2-866a-8b8fe5b4b5b0 as the min replicated index is 4. Deletion is not allowed in this container yet.
2019-10-20 18:39:16,123 [EventQueue-ContainerReportForContainerReportHandler] WARN  container.ContainerReportHandler (AbstractContainerReportHandler.java:updateContainerState(145)) - Container #1 is in OPEN state, but the datanode c90420fb-507e-4f39-9d1e-d32950a26e2a{ip: 192.168.164.253, host: pr-hdds-2334-tv6s7-2530448917, networkLocation: /default-rack, certSerialId: null} reports an CLOSED replica.
2019-10-20 18:39:16,318 [EventQueue-ContainerReportForContainerReportHandler] WARN  container.ContainerReportHandler (AbstractContainerReportHandler.java:updateContainerState(145)) - Container #1 is in OPEN state, but the datanode 5459e257-ccbc-435a-9427-c3c16be66685{ip: 192.168.164.253, host: pr-hdds-2334-tv6s7-2530448917, networkLocation: /default-rack, certSerialId: null} reports an CLOSED replica.
2019-10-20 18:39:16,517 [EventQueue-ContainerReportForContainerReportHandler] WARN  container.ContainerReportHandler (AbstractContainerReportHandler.java:updateContainerState(145)) - Container #1 is in OPEN state, but the datanode 5459e257-ccbc-435a-9427-c3c16be66685{ip: 192.168.164.253, host: pr-hdds-2334-tv6s7-2530448917, networkLocation: /default-rack, certSerialId: null} reports an CLOSED replica.
2019-10-20 18:39:16,523 [EventQueue-ContainerReportForContainerReportHandler] WARN  container.ContainerReportHandler (AbstractContainerReportHandler.java:updateContainerState(145)) - Container #1 is in OPEN state, but the datanode c90420fb-507e-4f39-9d1e-d32950a26e2a{ip: 192.168.164.253, host: pr-hdds-2334-tv6s7-2530448917, networkLocation: /default-rack, certSerialId: null} reports an CLOSED replica.
2019-10-20 18:39:16,725 [EventQueue-ContainerReportForContainerReportHandler] WARN  container.ContainerReportHandler (AbstractContainerReportHandler.java:updateContainerState(145)) - Container #1 is in OPEN state, but the datanode c90420fb-507e-4f39-9d1e-d32950a26e2a{ip: 192.168.164.253, host: pr-hdds-2334-tv6s7-2530448917, networkLocation: /default-rack, certSerialId: null} reports an CLOSED replica.
2019-10-20 18:39:16,919 [EventQueue-ContainerReportForContainerReportHandler] WARN  container.ContainerReportHandler (AbstractContainerReportHandler.java:updateContainerState(145)) - Container #1 is in OPEN state, but the datanode 5459e257-ccbc-435a-9427-c3c16be66685{ip: 192.168.164.253, host: pr-hdds-2334-tv6s7-2530448917, networkLocation: /default-rack, certSerialId: null} reports an CLOSED replica.
2019-10-20 18:39:17,024 [EventQueue-ContainerReportForContainerReportHandler] WARN  container.ContainerReportHandler (AbstractContainerReportHandler.java:updateContainerState(145)) - Container #1 is in OPEN state, but the datanode c90420fb-507e-4f39-9d1e-d32950a26e2a{ip: 192.168.164.253, host: pr-hdds-2334-tv6s7-2530448917, networkLocation: /default-rack, certSerialId: null} reports an CLOSED replica.
2019-10-20 18:39:17,074 [BlockDeletingService#2] WARN  background.BlockDeletingService (BlockDeletingService.java:isDeletionAllowed(187)) - Close Container log Index 6 is not replicated across allthe servers in the pipeline e053cdee-5b19-4be2-866a-8b8fe5b4b5b0 as the min replicated index is 4. Deletion is not allowed in this container yet.
2019-10-20 18:39:17,074 [BlockDeletingService#2] WARN  background.BlockDeletingService (BlockDeletingService.java:isDeletionAllowed(187)) - Close Container log Index 6 is not replicated across allthe servers in the pipeline e053cdee-5b19-4be2-866a-8b8fe5b4b5b0 as the min replicated index is 4. Deletion is not allowed in this container yet.
2019-10-20 18:39:17,119 [EventQueue-ContainerReportForContainerReportHandler] WARN  container.ContainerReportHandler (AbstractContainerReportHandler.java:updateContainerState(145)) - Container #1 is in OPEN state, but the datanode 5459e257-ccbc-435a-9427-c3c16be66685{ip: 192.168.164.253, host: pr-hdds-2334-tv6s7-2530448917, networkLocation: /default-rack, certSerialId: null} reports an CLOSED replica.
2019-10-20 18:39:17,326 [EventQueue-ContainerReportForContainerReportHandler] WARN  container.ContainerReportHandler (AbstractContainerReportHandler.java:updateContainerState(145)) - Container #1 is in OPEN state, but the datanode c90420fb-507e-4f39-9d1e-d32950a26e2a{ip: 192.168.164.253, host: pr-hdds-2334-tv6s7-2530448917, networkLocation: /default-rack, certSerialId: null} reports an CLOSED replica.
2019-10-20 18:39:17,519 [EventQueue-ContainerReportForContainerReportHandler] WARN  container.ContainerReportHandler (AbstractContainerReportHandler.java:updateContainerState(145)) - Container #1 is in OPEN state, but the datanode 5459e257-ccbc-435a-9427-c3c16be66685{ip: 192.168.164.253, host: pr-hdds-2334-tv6s7-2530448917, networkLocation: /default-rack, certSerialId: null} reports an CLOSED replica.
2019-10-20 18:39:17,726 [EventQueue-ContainerReportForContainerReportHandler] WARN  container.ContainerReportHandler (AbstractContainerReportHandler.java:updateContainerState(145)) - Container #1 is in OPEN state, but the datanode c90420fb-507e-4f39-9d1e-d32950a26e2a{ip: 192.168.164.253, host: pr-hdds-2334-tv6s7-2530448917, networkLocation: /default-rack, certSerialId: null} reports an CLOSED replica.
2019-10-20 18:39:17,821 [EventQueue-ContainerReportForContainerReportHandler] WARN  container.ContainerReportHandler (AbstractContainerReportHandler.java:updateContainerState(145)) - Container #1 is in OPEN state, but the datanode 5459e257-ccbc-435a-9427-c3c16be66685{ip: 192.168.164.253, host: pr-hdds-2334-tv6s7-2530448917, networkLocation: /default-rack, certSerialId: null} reports an CLOSED replica.
2019-10-20 18:39:18,013 [java.util.concurrent.ThreadPoolExecutor$Worker@550c84d3[State = -1, empty queue]] WARN  server.GrpcLogAppender (GrpcLogAppender.java:timeoutAppendRequest(209)) - 5459e257-ccbc-435a-9427-c3c16be66685@group-8B8FE5B4B5B0->7e7122d9-53dc-47a8-b6b6-c87fac616c81-GrpcLogAppender: appendEntries Timeout, request=5459e257-ccbc-435a-9427-c3c16be66685->7e7122d9-53dc-47a8-b6b6-c87fac616c81#45-t6, previous=(t:6, i:10), leaderCommit=10, initializing? false, entries: <empty>
2019-10-20 18:39:18,026 [EventQueue-ContainerReportForContainerReportHandler] WARN  container.ContainerReportHandler (AbstractContainerReportHandler.java:updateContainerState(145)) - Container #1 is in OPEN state, but the datanode c90420fb-507e-4f39-9d1e-d32950a26e2a{ip: 192.168.164.253, host: pr-hdds-2334-tv6s7-2530448917, networkLocation: /default-rack, certSerialId: null} reports an CLOSED replica.
2019-10-20 18:39:18,075 [BlockDeletingService#2] WARN  background.BlockDeletingService (BlockDeletingService.java:isDeletionAllowed(187)) - Close Container log Index 6 is not replicated across allthe servers in the pipeline e053cdee-5b19-4be2-866a-8b8fe5b4b5b0 as the min replicated index is 4. Deletion is not allowed in this container yet.
2019-10-20 18:39:18,075 [BlockDeletingService#2] WARN  background.BlockDeletingService (BlockDeletingService.java:isDeletionAllowed(187)) - Close Container log Index 6 is not replicated across allthe servers in the pipeline e053cdee-5b19-4be2-866a-8b8fe5b4b5b0 as the min replicated index is 4. Deletion is not allowed in this container yet.
2019-10-20 18:39:18,121 [EventQueue-ContainerReportForContainerReportHandler] WARN  container.ContainerReportHandler (AbstractContainerReportHandler.java:updateContainerState(145)) - Container #1 is in OPEN state, but the datanode 5459e257-ccbc-435a-9427-c3c16be66685{ip: 192.168.164.253, host: pr-hdds-2334-tv6s7-2530448917, networkLocation: /default-rack, certSerialId: null} reports an CLOSED replica.
2019-10-20 18:39:18,326 [EventQueue-ContainerReportForContainerReportHandler] WARN  container.ContainerReportHandler (AbstractContainerReportHandler.java:updateContainerState(145)) - Container #1 is in OPEN state, but the datanode c90420fb-507e-4f39-9d1e-d32950a26e2a{ip: 192.168.164.253, host: pr-hdds-2334-tv6s7-2530448917, networkLocation: /default-rack, certSerialId: null} reports an CLOSED replica.
2019-10-20 18:39:18,420 [EventQueue-ContainerReportForContainerReportHandler] WARN  container.ContainerReportHandler (AbstractContainerReportHandler.java:updateContainerState(145)) - Container #1 is in OPEN state, but the datanode 5459e257-ccbc-435a-9427-c3c16be66685{ip: 192.168.164.253, host: pr-hdds-2334-tv6s7-2530448917, networkLocation: /default-rack, certSerialId: null} reports an CLOSED replica.
2019-10-20 18:39:18,721 [EventQueue-ContainerReportForContainerReportHandler] WARN  container.ContainerReportHandler (AbstractContainerReportHandler.java:updateContainerState(145)) - Container #1 is in OPEN state, but the datanode 5459e257-ccbc-435a-9427-c3c16be66685{ip: 192.168.164.253, host: pr-hdds-2334-tv6s7-2530448917, networkLocation: /default-rack, certSerialId: null} reports an CLOSED replica.
2019-10-20 18:39:18,727 [EventQueue-ContainerReportForContainerReportHandler] WARN  container.ContainerReportHandler (AbstractContainerReportHandler.java:updateContainerState(145)) - Container #1 is in OPEN state, but the datanode c90420fb-507e-4f39-9d1e-d32950a26e2a{ip: 192.168.164.253, host: pr-hdds-2334-tv6s7-2530448917, networkLocation: /default-rack, certSerialId: null} reports an CLOSED replica.
2019-10-20 18:39:19,077 [BlockDeletingService#2] WARN  background.BlockDeletingService (BlockDeletingService.java:isDeletionAllowed(187)) - Close Container log Index 6 is not replicated across allthe servers in the pipeline e053cdee-5b19-4be2-866a-8b8fe5b4b5b0 as the min replicated index is 4. Deletion is not allowed in this container yet.
2019-10-20 18:39:19,077 [BlockDeletingService#2] WARN  background.BlockDeletingService (BlockDeletingService.java:isDeletionAllowed(187)) - Close Container log Index 6 is not replicated across allthe servers in the pipeline e053cdee-5b19-4be2-866a-8b8fe5b4b5b0 as the min replicated index is 4. Deletion is not allowed in this container yet.
2019-10-20 18:39:19,121 [EventQueue-ContainerReportForContainerReportHandler] WARN  container.ContainerReportHandler (AbstractContainerReportHandler.java:updateContainerState(145)) - Container #1 is in OPEN state, but the datanode 5459e257-ccbc-435a-9427-c3c16be66685{ip: 192.168.164.253, host: pr-hdds-2334-tv6s7-2530448917, networkLocation: /default-rack, certSerialId: null} reports an CLOSED replica.
2019-10-20 18:39:19,128 [EventQueue-ContainerReportForContainerReportHandler] WARN  container.ContainerReportHandler (AbstractContainerReportHandler.java:updateContainerState(145)) - Container #1 is in OPEN state, but the datanode c90420fb-507e-4f39-9d1e-d32950a26e2a{ip: 192.168.164.253, host: pr-hdds-2334-tv6s7-2530448917, networkLocation: /default-rack, certSerialId: null} reports an CLOSED replica.
2019-10-20 18:39:19,320 [EventQueue-ContainerReportForContainerReportHandler] WARN  container.ContainerReportHandler (AbstractContainerReportHandler.java:updateContainerState(145)) - Container #1 is in OPEN state, but the datanode 5459e257-ccbc-435a-9427-c3c16be66685{ip: 192.168.164.253, host: pr-hdds-2334-tv6s7-2530448917, networkLocation: /default-rack, certSerialId: null} reports an CLOSED replica.
2019-10-20 18:39:19,429 [EventQueue-ContainerReportForContainerReportHandler] WARN  container.ContainerReportHandler (AbstractContainerReportHandler.java:updateContainerState(145)) - Container #1 is in OPEN state, but the datanode c90420fb-507e-4f39-9d1e-d32950a26e2a{ip: 192.168.164.253, host: pr-hdds-2334-tv6s7-2530448917, networkLocation: /default-rack, certSerialId: null} reports an CLOSED replica.
2019-10-20 18:39:19,628 [EventQueue-ContainerReportForContainerReportHandler] WARN  container.ContainerReportHandler (AbstractContainerReportHandler.java:updateContainerState(145)) - Container #1 is in OPEN state, but the datanode c90420fb-507e-4f39-9d1e-d32950a26e2a{ip: 192.168.164.253, host: pr-hdds-2334-tv6s7-2530448917, networkLocation: /default-rack, certSerialId: null} reports an CLOSED replica.
2019-10-20 18:39:19,721 [EventQueue-ContainerReportForContainerReportHandler] WARN  container.ContainerReportHandler (AbstractContainerReportHandler.java:updateContainerState(145)) - Container #1 is in OPEN state, but the datanode 5459e257-ccbc-435a-9427-c3c16be66685{ip: 192.168.164.253, host: pr-hdds-2334-tv6s7-2530448917, networkLocation: /default-rack, certSerialId: null} reports an CLOSED replica.
2019-10-20 18:39:19,928 [EventQueue-ContainerReportForContainerReportHandler] WARN  container.ContainerReportHandler (AbstractContainerReportHandler.java:updateContainerState(145)) - Container #1 is in OPEN state, but the datanode c90420fb-507e-4f39-9d1e-d32950a26e2a{ip: 192.168.164.253, host: pr-hdds-2334-tv6s7-2530448917, networkLocation: /default-rack, certSerialId: null} reports an CLOSED replica.
2019-10-20 18:39:20,021 [EventQueue-ContainerReportForContainerReportHandler] WARN  container.ContainerReportHandler (AbstractContainerReportHandler.java:updateContainerState(145)) - Container #1 is in OPEN state, but the datanode 5459e257-ccbc-435a-9427-c3c16be66685{ip: 192.168.164.253, host: pr-hdds-2334-tv6s7-2530448917, networkLocation: /default-rack, certSerialId: null} reports an CLOSED replica.
2019-10-20 18:39:20,078 [BlockDeletingService#2] WARN  background.BlockDeletingService (BlockDeletingService.java:isDeletionAllowed(187)) - Close Container log Index 6 is not replicated across allthe servers in the pipeline e053cdee-5b19-4be2-866a-8b8fe5b4b5b0 as the min replicated index is 4. Deletion is not allowed in this container yet.
2019-10-20 18:39:20,078 [BlockDeletingService#2] WARN  background.BlockDeletingService (BlockDeletingService.java:isDeletionAllowed(187)) - Close Container log Index 6 is not replicated across allthe servers in the pipeline e053cdee-5b19-4be2-866a-8b8fe5b4b5b0 as the min replicated index is 4. Deletion is not allowed in this container yet.
2019-10-20 18:39:20,166 [Thread-513] INFO  client.GrpcClientProtocolService (GrpcClientProtocolService.java:lambda$processClientRequest$0(278)) - Failed RaftClientRequest:client-33348DE3F0EA->c90420fb-507e-4f39-9d1e-d32950a26e2a@group-8B8FE5B4B5B0, cid=10, seq=0, Watch-ALL_COMMITTED(6), Message:<EMPTY>, reply=RaftClientReply:client-33348DE3F0EA->c90420fb-507e-4f39-9d1e-d32950a26e2a@group-8B8FE5B4B5B0, cid=10, FAILED org.apache.ratis.protocol.NotLeaderException: Server c90420fb-507e-4f39-9d1e-d32950a26e2a@group-8B8FE5B4B5B0 is not the leader 5459e257-ccbc-435a-9427-c3c16be66685:192.168.164.253:45469, logIndex=0, commits[c90420fb-507e-4f39-9d1e-d32950a26e2a:c10, 7e7122d9-53dc-47a8-b6b6-c87fac616c81:c4, 5459e257-ccbc-435a-9427-c3c16be66685:c10]
2019-10-20 18:39:20,221 [EventQueue-ContainerReportForContainerReportHandler] WARN  container.ContainerReportHandler (AbstractContainerReportHandler.java:updateContainerState(145)) - Container #1 is in OPEN state, but the datanode 5459e257-ccbc-435a-9427-c3c16be66685{ip: 192.168.164.253, host: pr-hdds-2334-tv6s7-2530448917, networkLocation: /default-rack, certSerialId: null} reports an CLOSED replica.
2019-10-20 18:39:20,230 [EventQueue-ContainerReportForContainerReportHandler] WARN  container.ContainerReportHandler (AbstractContainerReportHandler.java:updateContainerState(145)) - Container #1 is in OPEN state, but the datanode c90420fb-507e-4f39-9d1e-d32950a26e2a{ip: 192.168.164.253, host: pr-hdds-2334-tv6s7-2530448917, networkLocation: /default-rack, certSerialId: null} reports an CLOSED replica.
2019-10-20 18:39:20,514 [java.util.concurrent.ThreadPoolExecutor$Worker@550c84d3[State = -1, empty queue]] WARN  server.GrpcLogAppender (GrpcLogAppender.java:timeoutAppendRequest(209)) - 5459e257-ccbc-435a-9427-c3c16be66685@group-8B8FE5B4B5B0->7e7122d9-53dc-47a8-b6b6-c87fac616c81-GrpcLogAppender: appendEntries Timeout, request=5459e257-ccbc-435a-9427-c3c16be66685->7e7122d9-53dc-47a8-b6b6-c87fac616c81#46-t6, previous=(t:6, i:10), leaderCommit=10, initializing? false, entries: <empty>
2019-10-20 18:39:20,521 [EventQueue-ContainerReportForContainerReportHandler] WARN  container.ContainerReportHandler (AbstractContainerReportHandler.java:updateContainerState(145)) - Container #1 is in OPEN state, but the datanode 5459e257-ccbc-435a-9427-c3c16be66685{ip: 192.168.164.253, host: pr-hdds-2334-tv6s7-2530448917, networkLocation: /default-rack, certSerialId: null} reports an CLOSED replica.
2019-10-20 18:39:20,530 [EventQueue-ContainerReportForContainerReportHandler] WARN  container.ContainerReportHandler (AbstractContainerReportHandler.java:updateContainerState(145)) - Container #1 is in OPEN state, but the datanode c90420fb-507e-4f39-9d1e-d32950a26e2a{ip: 192.168.164.253, host: pr-hdds-2334-tv6s7-2530448917, networkLocation: /default-rack, certSerialId: null} reports an CLOSED replica.
2019-10-20 18:39:20,682 [Thread-516] INFO  client.GrpcClientProtocolService (GrpcClientProtocolService.java:lambda$processClientRequest$0(278)) - Failed RaftClientRequest:client-33348DE3F0EA->5459e257-ccbc-435a-9427-c3c16be66685@group-8B8FE5B4B5B0, cid=10, seq=0, Watch-ALL_COMMITTED(6), Message:<EMPTY>, reply=RaftClientReply:client-33348DE3F0EA->5459e257-ccbc-435a-9427-c3c16be66685@group-8B8FE5B4B5B0, cid=10, FAILED org.apache.ratis.protocol.NotReplicatedException: Request with call Id 10 and log index 6 is not yet replicated to ALL_COMMITTED, logIndex=6, commits[5459e257-ccbc-435a-9427-c3c16be66685:c10, 7e7122d9-53dc-47a8-b6b6-c87fac616c81:c4, c90420fb-507e-4f39-9d1e-d32950a26e2a:c10]
2019-10-20 18:39:20,721 [EventQueue-ContainerReportForContainerReportHandler] WARN  container.ContainerReportHandler (AbstractContainerReportHandler.java:updateContainerState(145)) - Container #1 is in OPEN state, but the datanode 5459e257-ccbc-435a-9427-c3c16be66685{ip: 192.168.164.253, host: pr-hdds-2334-tv6s7-2530448917, networkLocation: /default-rack, certSerialId: null} reports an CLOSED replica.
2019-10-20 18:39:20,831 [EventQueue-ContainerReportForContainerReportHandler] WARN  container.ContainerReportHandler (AbstractContainerReportHandler.java:updateContainerState(145)) - Container #1 is in OPEN state, but the datanode c90420fb-507e-4f39-9d1e-d32950a26e2a{ip: 192.168.164.253, host: pr-hdds-2334-tv6s7-2530448917, networkLocation: /default-rack, certSerialId: null} reports an CLOSED replica.
2019-10-20 18:39:21,021 [EventQueue-ContainerReportForContainerReportHandler] WARN  container.ContainerReportHandler (AbstractContainerReportHandler.java:updateContainerState(145)) - Container #1 is in OPEN state, but the datanode 5459e257-ccbc-435a-9427-c3c16be66685{ip: 192.168.164.253, host: pr-hdds-2334-tv6s7-2530448917, networkLocation: /default-rack, certSerialId: null} reports an CLOSED replica.
2019-10-20 18:39:21,080 [BlockDeletingService#2] WARN  background.BlockDeletingService (BlockDeletingService.java:isDeletionAllowed(187)) - Close Container log Index 6 is not replicated across allthe servers in the pipeline e053cdee-5b19-4be2-866a-8b8fe5b4b5b0 as the min replicated index is 4. Deletion is not allowed in this container yet.
2019-10-20 18:39:21,080 [BlockDeletingService#2] WARN  background.BlockDeletingService (BlockDeletingService.java:isDeletionAllowed(187)) - Close Container log Index 6 is not replicated across allthe servers in the pipeline e053cdee-5b19-4be2-866a-8b8fe5b4b5b0 as the min replicated index is 4. Deletion is not allowed in this container yet.
2019-10-20 18:39:21,230 [EventQueue-ContainerReportForContainerReportHandler] WARN  container.ContainerReportHandler (AbstractContainerReportHandler.java:updateContainerState(145)) - Container #1 is in OPEN state, but the datanode c90420fb-507e-4f39-9d1e-d32950a26e2a{ip: 192.168.164.253, host: pr-hdds-2334-tv6s7-2530448917, networkLocation: /default-rack, certSerialId: null} reports an CLOSED replica.
2019-10-20 18:39:21,320 [EventQueue-ContainerReportForContainerReportHandler] WARN  container.ContainerReportHandler (AbstractContainerReportHandler.java:updateContainerState(145)) - Container #1 is in OPEN state, but the datanode 5459e257-ccbc-435a-9427-c3c16be66685{ip: 192.168.164.253, host: pr-hdds-2334-tv6s7-2530448917, networkLocation: /default-rack, certSerialId: null} reports an CLOSED replica.
2019-10-20 18:39:21,432 [EventQueue-ContainerReportForContainerReportHandler] WARN  container.ContainerReportHandler (AbstractContainerReportHandler.java:updateContainerState(145)) - Container #1 is in OPEN state, but the datanode c90420fb-507e-4f39-9d1e-d32950a26e2a{ip: 192.168.164.253, host: pr-hdds-2334-tv6s7-2530448917, networkLocation: /default-rack, certSerialId: null} reports an CLOSED replica.
2019-10-20 18:39:21,720 [EventQueue-ContainerReportForContainerReportHandler] WARN  container.ContainerReportHandler (AbstractContainerReportHandler.java:updateContainerState(145)) - Container #1 is in OPEN state, but the datanode 5459e257-ccbc-435a-9427-c3c16be66685{ip: 192.168.164.253, host: pr-hdds-2334-tv6s7-2530448917, networkLocation: /default-rack, certSerialId: null} reports an CLOSED replica.
2019-10-20 18:39:21,831 [EventQueue-ContainerReportForContainerReportHandler] WARN  container.ContainerReportHandler (AbstractContainerReportHandler.java:updateContainerState(145)) - Container #1 is in OPEN state, but the datanode c90420fb-507e-4f39-9d1e-d32950a26e2a{ip: 192.168.164.253, host: pr-hdds-2334-tv6s7-2530448917, networkLocation: /default-rack, certSerialId: null} reports an CLOSED replica.
2019-10-20 18:39:21,921 [EventQueue-ContainerReportForContainerReportHandler] WARN  container.ContainerReportHandler (AbstractContainerReportHandler.java:updateContainerState(145)) - Container #1 is in OPEN state, but the datanode 5459e257-ccbc-435a-9427-c3c16be66685{ip: 192.168.164.253, host: pr-hdds-2334-tv6s7-2530448917, networkLocation: /default-rack, certSerialId: null} reports an CLOSED replica.
2019-10-20 18:39:22,082 [BlockDeletingService#2] WARN  background.BlockDeletingService (BlockDeletingService.java:isDeletionAllowed(187)) - Close Container log Index 6 is not replicated across allthe servers in the pipeline e053cdee-5b19-4be2-866a-8b8fe5b4b5b0 as the min replicated index is 4. Deletion is not allowed in this container yet.
2019-10-20 18:39:22,082 [BlockDeletingService#2] WARN  background.BlockDeletingService (BlockDeletingService.java:isDeletionAllowed(187)) - Close Container log Index 6 is not replicated across allthe servers in the pipeline e053cdee-5b19-4be2-866a-8b8fe5b4b5b0 as the min replicated index is 4. Deletion is not allowed in this container yet.
2019-10-20 18:39:22,221 [EventQueue-ContainerReportForContainerReportHandler] WARN  container.ContainerReportHandler (AbstractContainerReportHandler.java:updateContainerState(145)) - Container #1 is in OPEN state, but the datanode 5459e257-ccbc-435a-9427-c3c16be66685{ip: 192.168.164.253, host: pr-hdds-2334-tv6s7-2530448917, networkLocation: /default-rack, certSerialId: null} reports an CLOSED replica.
2019-10-20 18:39:22,233 [EventQueue-ContainerReportForContainerReportHandler] WARN  container.ContainerReportHandler (AbstractContainerReportHandler.java:updateContainerState(145)) - Container #1 is in OPEN state, but the datanode c90420fb-507e-4f39-9d1e-d32950a26e2a{ip: 192.168.164.253, host: pr-hdds-2334-tv6s7-2530448917, networkLocation: /default-rack, certSerialId: null} reports an CLOSED replica.
2019-10-20 18:39:22,521 [EventQueue-ContainerReportForContainerReportHandler] WARN  container.ContainerReportHandler (AbstractContainerReportHandler.java:updateContainerState(145)) - Container #1 is in OPEN state, but the datanode 5459e257-ccbc-435a-9427-c3c16be66685{ip: 192.168.164.253, host: pr-hdds-2334-tv6s7-2530448917, networkLocation: /default-rack, certSerialId: null} reports an CLOSED replica.
2019-10-20 18:39:22,534 [EventQueue-ContainerReportForContainerReportHandler] WARN  container.ContainerReportHandler (AbstractContainerReportHandler.java:updateContainerState(145)) - Container #1 is in OPEN state, but the datanode c90420fb-507e-4f39-9d1e-d32950a26e2a{ip: 192.168.164.253, host: pr-hdds-2334-tv6s7-2530448917, networkLocation: /default-rack, certSerialId: null} reports an CLOSED replica.
2019-10-20 18:39:22,733 [EventQueue-ContainerReportForContainerReportHandler] WARN  container.ContainerReportHandler (AbstractContainerReportHandler.java:updateContainerState(145)) - Container #1 is in OPEN state, but the datanode c90420fb-507e-4f39-9d1e-d32950a26e2a{ip: 192.168.164.253, host: pr-hdds-2334-tv6s7-2530448917, networkLocation: /default-rack, certSerialId: null} reports an CLOSED replica.
2019-10-20 18:39:22,921 [EventQueue-ContainerReportForContainerReportHandler] WARN  container.ContainerReportHandler (AbstractContainerReportHandler.java:updateContainerState(145)) - Container #1 is in OPEN state, but the datanode 5459e257-ccbc-435a-9427-c3c16be66685{ip: 192.168.164.253, host: pr-hdds-2334-tv6s7-2530448917, networkLocation: /default-rack, certSerialId: null} reports an CLOSED replica.
2019-10-20 18:39:23,015 [java.util.concurrent.ThreadPoolExecutor$Worker@550c84d3[State = -1, empty queue]] WARN  server.GrpcLogAppender (GrpcLogAppender.java:timeoutAppendRequest(209)) - 5459e257-ccbc-435a-9427-c3c16be66685@group-8B8FE5B4B5B0->7e7122d9-53dc-47a8-b6b6-c87fac616c81-GrpcLogAppender: appendEntries Timeout, request=5459e257-ccbc-435a-9427-c3c16be66685->7e7122d9-53dc-47a8-b6b6-c87fac616c81#47-t6, previous=(t:6, i:10), leaderCommit=10, initializing? false, entries: <empty>
2019-10-20 18:39:23,033 [EventQueue-ContainerReportForContainerReportHandler] WARN  container.ContainerReportHandler (AbstractContainerReportHandler.java:updateContainerState(145)) - Container #1 is in OPEN state, but the datanode c90420fb-507e-4f39-9d1e-d32950a26e2a{ip: 192.168.164.253, host: pr-hdds-2334-tv6s7-2530448917, networkLocation: /default-rack, certSerialId: null} reports an CLOSED replica.
2019-10-20 18:39:23,083 [BlockDeletingService#2] WARN  background.BlockDeletingService (BlockDeletingService.java:isDeletionAllowed(187)) - Close Container log Index 6 is not replicated across allthe servers in the pipeline e053cdee-5b19-4be2-866a-8b8fe5b4b5b0 as the min replicated index is 4. Deletion is not allowed in this container yet.
2019-10-20 18:39:23,083 [BlockDeletingService#2] WARN  background.BlockDeletingService (BlockDeletingService.java:isDeletionAllowed(187)) - Close Container log Index 6 is not replicated across allthe servers in the pipeline e053cdee-5b19-4be2-866a-8b8fe5b4b5b0 as the min replicated index is 4. Deletion is not allowed in this container yet.
2019-10-20 18:39:23,221 [EventQueue-ContainerReportForContainerReportHandler] WARN  container.ContainerReportHandler (AbstractContainerReportHandler.java:updateContainerState(145)) - Container #1 is in OPEN state, but the datanode 5459e257-ccbc-435a-9427-c3c16be66685{ip: 192.168.164.253, host: pr-hdds-2334-tv6s7-2530448917, networkLocation: /default-rack, certSerialId: null} reports an CLOSED replica.
2019-10-20 18:39:23,234 [EventQueue-ContainerReportForContainerReportHandler] WARN  container.ContainerReportHandler (AbstractContainerReportHandler.java:updateContainerState(145)) - Container #1 is in OPEN state, but the datanode c90420fb-507e-4f39-9d1e-d32950a26e2a{ip: 192.168.164.253, host: pr-hdds-2334-tv6s7-2530448917, networkLocation: /default-rack, certSerialId: null} reports an CLOSED replica.
2019-10-20 18:39:23,521 [EventQueue-ContainerReportForContainerReportHandler] WARN  container.ContainerReportHandler (AbstractContainerReportHandler.java:updateContainerState(145)) - Container #1 is in OPEN state, but the datanode 5459e257-ccbc-435a-9427-c3c16be66685{ip: 192.168.164.253, host: pr-hdds-2334-tv6s7-2530448917, networkLocation: /default-rack, certSerialId: null} reports an CLOSED replica.
2019-10-20 18:39:23,534 [EventQueue-ContainerReportForContainerReportHandler] WARN  container.ContainerReportHandler (AbstractContainerReportHandler.java:updateContainerState(145)) - Container #1 is in OPEN state, but the datanode c90420fb-507e-4f39-9d1e-d32950a26e2a{ip: 192.168.164.253, host: pr-hdds-2334-tv6s7-2530448917, networkLocation: /default-rack, certSerialId: null} reports an CLOSED replica.
2019-10-20 18:39:23,822 [EventQueue-ContainerReportForContainerReportHandler] WARN  container.ContainerReportHandler (AbstractContainerReportHandler.java:updateContainerState(145)) - Container #1 is in OPEN state, but the datanode 5459e257-ccbc-435a-9427-c3c16be66685{ip: 192.168.164.253, host: pr-hdds-2334-tv6s7-2530448917, networkLocation: /default-rack, certSerialId: null} reports an CLOSED replica.
2019-10-20 18:39:23,836 [EventQueue-ContainerReportForContainerReportHandler] WARN  container.ContainerReportHandler (AbstractContainerReportHandler.java:updateContainerState(145)) - Container #1 is in OPEN state, but the datanode c90420fb-507e-4f39-9d1e-d32950a26e2a{ip: 192.168.164.253, host: pr-hdds-2334-tv6s7-2530448917, networkLocation: /default-rack, certSerialId: null} reports an CLOSED replica.
2019-10-20 18:39:24,085 [BlockDeletingService#2] WARN  background.BlockDeletingService (BlockDeletingService.java:isDeletionAllowed(187)) - Close Container log Index 6 is not replicated across allthe servers in the pipeline e053cdee-5b19-4be2-866a-8b8fe5b4b5b0 as the min replicated index is 4. Deletion is not allowed in this container yet.
2019-10-20 18:39:24,085 [BlockDeletingService#2] WARN  background.BlockDeletingService (BlockDeletingService.java:isDeletionAllowed(187)) - Close Container log Index 6 is not replicated across allthe servers in the pipeline e053cdee-5b19-4be2-866a-8b8fe5b4b5b0 as the min replicated index is 4. Deletion is not allowed in this container yet.
2019-10-20 18:39:24,136 [EventQueue-ContainerReportForContainerReportHandler] WARN  container.ContainerReportHandler (AbstractContainerReportHandler.java:updateContainerState(145)) - Container #1 is in OPEN state, but the datanode c90420fb-507e-4f39-9d1e-d32950a26e2a{ip: 192.168.164.253, host: pr-hdds-2334-tv6s7-2530448917, networkLocation: /default-rack, certSerialId: null} reports an CLOSED replica.
2019-10-20 18:39:24,222 [EventQueue-ContainerReportForContainerReportHandler] WARN  container.ContainerReportHandler (AbstractContainerReportHandler.java:updateContainerState(145)) - Container #1 is in OPEN state, but the datanode 5459e257-ccbc-435a-9427-c3c16be66685{ip: 192.168.164.253, host: pr-hdds-2334-tv6s7-2530448917, networkLocation: /default-rack, certSerialId: null} reports an CLOSED replica.
2019-10-20 18:39:24,436 [EventQueue-ContainerReportForContainerReportHandler] WARN  container.ContainerReportHandler (AbstractContainerReportHandler.java:updateContainerState(145)) - Container #1 is in OPEN state, but the datanode c90420fb-507e-4f39-9d1e-d32950a26e2a{ip: 192.168.164.253, host: pr-hdds-2334-tv6s7-2530448917, networkLocation: /default-rack, certSerialId: null} reports an CLOSED replica.
2019-10-20 18:39:24,521 [EventQueue-ContainerReportForContainerReportHandler] WARN  container.ContainerReportHandler (AbstractContainerReportHandler.java:updateContainerState(145)) - Container #1 is in OPEN state, but the datanode 5459e257-ccbc-435a-9427-c3c16be66685{ip: 192.168.164.253, host: pr-hdds-2334-tv6s7-2530448917, networkLocation: /default-rack, certSerialId: null} reports an CLOSED replica.
2019-10-20 18:39:24,736 [EventQueue-ContainerReportForContainerReportHandler] WARN  container.ContainerReportHandler (AbstractContainerReportHandler.java:updateContainerState(145)) - Container #1 is in OPEN state, but the datanode c90420fb-507e-4f39-9d1e-d32950a26e2a{ip: 192.168.164.253, host: pr-hdds-2334-tv6s7-2530448917, networkLocation: /default-rack, certSerialId: null} reports an CLOSED replica.
2019-10-20 18:39:24,823 [EventQueue-ContainerReportForContainerReportHandler] WARN  container.ContainerReportHandler (AbstractContainerReportHandler.java:updateContainerState(145)) - Container #1 is in OPEN state, but the datanode 5459e257-ccbc-435a-9427-c3c16be66685{ip: 192.168.164.253, host: pr-hdds-2334-tv6s7-2530448917, networkLocation: /default-rack, certSerialId: null} reports an CLOSED replica.
2019-10-20 18:39:25,036 [EventQueue-ContainerReportForContainerReportHandler] WARN  container.ContainerReportHandler (AbstractContainerReportHandler.java:updateContainerState(145)) - Container #1 is in OPEN state, but the datanode c90420fb-507e-4f39-9d1e-d32950a26e2a{ip: 192.168.164.253, host: pr-hdds-2334-tv6s7-2530448917, networkLocation: /default-rack, certSerialId: null} reports an CLOSED replica.
2019-10-20 18:39:25,086 [BlockDeletingService#2] WARN  background.BlockDeletingService (BlockDeletingService.java:isDeletionAllowed(187)) - Close Container log Index 6 is not replicated across allthe servers in the pipeline e053cdee-5b19-4be2-866a-8b8fe5b4b5b0 as the min replicated index is 4. Deletion is not allowed in this container yet.
2019-10-20 18:39:25,086 [BlockDeletingService#2] WARN  background.BlockDeletingService (BlockDeletingService.java:isDeletionAllowed(187)) - Close Container log Index 6 is not replicated across allthe servers in the pipeline e053cdee-5b19-4be2-866a-8b8fe5b4b5b0 as the min replicated index is 4. Deletion is not allowed in this container yet.
2019-10-20 18:39:25,124 [EventQueue-ContainerReportForContainerReportHandler] WARN  container.ContainerReportHandler (AbstractContainerReportHandler.java:updateContainerState(145)) - Container #1 is in OPEN state, but the datanode 5459e257-ccbc-435a-9427-c3c16be66685{ip: 192.168.164.253, host: pr-hdds-2334-tv6s7-2530448917, networkLocation: /default-rack, certSerialId: null} reports an CLOSED replica.
2019-10-20 18:39:25,424 [EventQueue-ContainerReportForContainerReportHandler] WARN  container.ContainerReportHandler (AbstractContainerReportHandler.java:updateContainerState(145)) - Container #1 is in OPEN state, but the datanode 5459e257-ccbc-435a-9427-c3c16be66685{ip: 192.168.164.253, host: pr-hdds-2334-tv6s7-2530448917, networkLocation: /default-rack, certSerialId: null} reports an CLOSED replica.
2019-10-20 18:39:25,437 [EventQueue-ContainerReportForContainerReportHandler] WARN  container.ContainerReportHandler (AbstractContainerReportHandler.java:updateContainerState(145)) - Container #1 is in OPEN state, but the datanode c90420fb-507e-4f39-9d1e-d32950a26e2a{ip: 192.168.164.253, host: pr-hdds-2334-tv6s7-2530448917, networkLocation: /default-rack, certSerialId: null} reports an CLOSED replica.
2019-10-20 18:39:25,515 [java.util.concurrent.ThreadPoolExecutor$Worker@550c84d3[State = -1, empty queue]] WARN  server.GrpcLogAppender (GrpcLogAppender.java:timeoutAppendRequest(209)) - 5459e257-ccbc-435a-9427-c3c16be66685@group-8B8FE5B4B5B0->7e7122d9-53dc-47a8-b6b6-c87fac616c81-GrpcLogAppender: appendEntries Timeout, request=5459e257-ccbc-435a-9427-c3c16be66685->7e7122d9-53dc-47a8-b6b6-c87fac616c81#48-t6, previous=(t:6, i:10), leaderCommit=10, initializing? false, entries: <empty>
2019-10-20 18:39:25,723 [EventQueue-ContainerReportForContainerReportHandler] WARN  container.ContainerReportHandler (AbstractContainerReportHandler.java:updateContainerState(145)) - Container #1 is in OPEN state, but the datanode 5459e257-ccbc-435a-9427-c3c16be66685{ip: 192.168.164.253, host: pr-hdds-2334-tv6s7-2530448917, networkLocation: /default-rack, certSerialId: null} reports an CLOSED replica.
2019-10-20 18:39:25,738 [EventQueue-ContainerReportForContainerReportHandler] WARN  container.ContainerReportHandler (AbstractContainerReportHandler.java:updateContainerState(145)) - Container #1 is in OPEN state, but the datanode c90420fb-507e-4f39-9d1e-d32950a26e2a{ip: 192.168.164.253, host: pr-hdds-2334-tv6s7-2530448917, networkLocation: /default-rack, certSerialId: null} reports an CLOSED replica.
2019-10-20 18:39:25,937 [EventQueue-ContainerReportForContainerReportHandler] WARN  container.ContainerReportHandler (AbstractContainerReportHandler.java:updateContainerState(145)) - Container #1 is in OPEN state, but the datanode c90420fb-507e-4f39-9d1e-d32950a26e2a{ip: 192.168.164.253, host: pr-hdds-2334-tv6s7-2530448917, networkLocation: /default-rack, certSerialId: null} reports an CLOSED replica.
2019-10-20 18:39:26,025 [EventQueue-ContainerReportForContainerReportHandler] WARN  container.ContainerReportHandler (AbstractContainerReportHandler.java:updateContainerState(145)) - Container #1 is in OPEN state, but the datanode 5459e257-ccbc-435a-9427-c3c16be66685{ip: 192.168.164.253, host: pr-hdds-2334-tv6s7-2530448917, networkLocation: /default-rack, certSerialId: null} reports an CLOSED replica.
2019-10-20 18:39:26,088 [BlockDeletingService#2] WARN  background.BlockDeletingService (BlockDeletingService.java:isDeletionAllowed(187)) - Close Container log Index 6 is not replicated across allthe servers in the pipeline e053cdee-5b19-4be2-866a-8b8fe5b4b5b0 as the min replicated index is 4. Deletion is not allowed in this container yet.
2019-10-20 18:39:26,088 [BlockDeletingService#2] WARN  background.BlockDeletingService (BlockDeletingService.java:isDeletionAllowed(187)) - Close Container log Index 6 is not replicated across allthe servers in the pipeline e053cdee-5b19-4be2-866a-8b8fe5b4b5b0 as the min replicated index is 4. Deletion is not allowed in this container yet.
2019-10-20 18:39:26,327 [EventQueue-ContainerReportForContainerReportHandler] WARN  container.ContainerReportHandler (AbstractContainerReportHandler.java:updateContainerState(145)) - Container #1 is in OPEN state, but the datanode 5459e257-ccbc-435a-9427-c3c16be66685{ip: 192.168.164.253, host: pr-hdds-2334-tv6s7-2530448917, networkLocation: /default-rack, certSerialId: null} reports an CLOSED replica.
2019-10-20 18:39:26,339 [EventQueue-ContainerReportForContainerReportHandler] WARN  container.ContainerReportHandler (AbstractContainerReportHandler.java:updateContainerState(145)) - Container #1 is in OPEN state, but the datanode c90420fb-507e-4f39-9d1e-d32950a26e2a{ip: 192.168.164.253, host: pr-hdds-2334-tv6s7-2530448917, networkLocation: /default-rack, certSerialId: null} reports an CLOSED replica.
2019-10-20 18:39:26,638 [EventQueue-ContainerReportForContainerReportHandler] WARN  container.ContainerReportHandler (AbstractContainerReportHandler.java:updateContainerState(145)) - Container #1 is in OPEN state, but the datanode c90420fb-507e-4f39-9d1e-d32950a26e2a{ip: 192.168.164.253, host: pr-hdds-2334-tv6s7-2530448917, networkLocation: /default-rack, certSerialId: null} reports an CLOSED replica.
2019-10-20 18:39:26,724 [EventQueue-ContainerReportForContainerReportHandler] WARN  container.ContainerReportHandler (AbstractContainerReportHandler.java:updateContainerState(145)) - Container #1 is in OPEN state, but the datanode 5459e257-ccbc-435a-9427-c3c16be66685{ip: 192.168.164.253, host: pr-hdds-2334-tv6s7-2530448917, networkLocation: /default-rack, certSerialId: null} reports an CLOSED replica.
2019-10-20 18:39:26,924 [EventQueue-ContainerReportForContainerReportHandler] WARN  container.ContainerReportHandler (AbstractContainerReportHandler.java:updateContainerState(145)) - Container #1 is in OPEN state, but the datanode 5459e257-ccbc-435a-9427-c3c16be66685{ip: 192.168.164.253, host: pr-hdds-2334-tv6s7-2530448917, networkLocation: /default-rack, certSerialId: null} reports an CLOSED replica.
2019-10-20 18:39:26,940 [EventQueue-ContainerReportForContainerReportHandler] WARN  container.ContainerReportHandler (AbstractContainerReportHandler.java:updateContainerState(145)) - Container #1 is in OPEN state, but the datanode c90420fb-507e-4f39-9d1e-d32950a26e2a{ip: 192.168.164.253, host: pr-hdds-2334-tv6s7-2530448917, networkLocation: /default-rack, certSerialId: null} reports an CLOSED replica.
2019-10-20 18:39:27,091 [BlockDeletingService#2] WARN  background.BlockDeletingService (BlockDeletingService.java:isDeletionAllowed(187)) - Close Container log Index 6 is not replicated across allthe servers in the pipeline e053cdee-5b19-4be2-866a-8b8fe5b4b5b0 as the min replicated index is 4. Deletion is not allowed in this container yet.
2019-10-20 18:39:27,091 [BlockDeletingService#2] WARN  background.BlockDeletingService (BlockDeletingService.java:isDeletionAllowed(187)) - Close Container log Index 6 is not replicated across allthe servers in the pipeline e053cdee-5b19-4be2-866a-8b8fe5b4b5b0 as the min replicated index is 4. Deletion is not allowed in this container yet.
2019-10-20 18:39:27,141 [EventQueue-ContainerReportForContainerReportHandler] WARN  container.ContainerReportHandler (AbstractContainerReportHandler.java:updateContainerState(145)) - Container #1 is in OPEN state, but the datanode c90420fb-507e-4f39-9d1e-d32950a26e2a{ip: 192.168.164.253, host: pr-hdds-2334-tv6s7-2530448917, networkLocation: /default-rack, certSerialId: null} reports an CLOSED replica.
2019-10-20 18:39:27,225 [EventQueue-ContainerReportForContainerReportHandler] WARN  container.ContainerReportHandler (AbstractContainerReportHandler.java:updateContainerState(145)) - Container #1 is in OPEN state, but the datanode 5459e257-ccbc-435a-9427-c3c16be66685{ip: 192.168.164.253, host: pr-hdds-2334-tv6s7-2530448917, networkLocation: /default-rack, certSerialId: null} reports an CLOSED replica.
2019-10-20 18:39:27,440 [EventQueue-ContainerReportForContainerReportHandler] WARN  container.ContainerReportHandler (AbstractContainerReportHandler.java:updateContainerState(145)) - Container #1 is in OPEN state, but the datanode c90420fb-507e-4f39-9d1e-d32950a26e2a{ip: 192.168.164.253, host: pr-hdds-2334-tv6s7-2530448917, networkLocation: /default-rack, certSerialId: null} reports an CLOSED replica.
2019-10-20 18:39:27,625 [EventQueue-ContainerReportForContainerReportHandler] WARN  container.ContainerReportHandler (AbstractContainerReportHandler.java:updateContainerState(145)) - Container #1 is in OPEN state, but the datanode 5459e257-ccbc-435a-9427-c3c16be66685{ip: 192.168.164.253, host: pr-hdds-2334-tv6s7-2530448917, networkLocation: /default-rack, certSerialId: null} reports an CLOSED replica.
2019-10-20 18:39:27,842 [EventQueue-ContainerReportForContainerReportHandler] WARN  container.ContainerReportHandler (AbstractContainerReportHandler.java:updateContainerState(145)) - Container #1 is in OPEN state, but the datanode c90420fb-507e-4f39-9d1e-d32950a26e2a{ip: 192.168.164.253, host: pr-hdds-2334-tv6s7-2530448917, networkLocation: /default-rack, certSerialId: null} reports an CLOSED replica.
2019-10-20 18:39:27,925 [EventQueue-ContainerReportForContainerReportHandler] WARN  container.ContainerReportHandler (AbstractContainerReportHandler.java:updateContainerState(145)) - Container #1 is in OPEN state, but the datanode 5459e257-ccbc-435a-9427-c3c16be66685{ip: 192.168.164.253, host: pr-hdds-2334-tv6s7-2530448917, networkLocation: /default-rack, certSerialId: null} reports an CLOSED replica.
2019-10-20 18:39:28,016 [java.util.concurrent.ThreadPoolExecutor$Worker@550c84d3[State = -1, empty queue]] WARN  server.GrpcLogAppender (GrpcLogAppender.java:timeoutAppendRequest(209)) - 5459e257-ccbc-435a-9427-c3c16be66685@group-8B8FE5B4B5B0->7e7122d9-53dc-47a8-b6b6-c87fac616c81-GrpcLogAppender: appendEntries Timeout, request=5459e257-ccbc-435a-9427-c3c16be66685->7e7122d9-53dc-47a8-b6b6-c87fac616c81#49-t6, previous=(t:6, i:10), leaderCommit=10, initializing? false, entries: <empty>
2019-10-20 18:39:28,092 [BlockDeletingService#2] WARN  background.BlockDeletingService (BlockDeletingService.java:isDeletionAllowed(187)) - Close Container log Index 6 is not replicated across allthe servers in the pipeline e053cdee-5b19-4be2-866a-8b8fe5b4b5b0 as the min replicated index is 4. Deletion is not allowed in this container yet.
2019-10-20 18:39:28,092 [BlockDeletingService#2] WARN  background.BlockDeletingService (BlockDeletingService.java:isDeletionAllowed(187)) - Close Container log Index 6 is not replicated across allthe servers in the pipeline e053cdee-5b19-4be2-866a-8b8fe5b4b5b0 as the min replicated index is 4. Deletion is not allowed in this container yet.
2019-10-20 18:39:28,142 [EventQueue-ContainerReportForContainerReportHandler] WARN  container.ContainerReportHandler (AbstractContainerReportHandler.java:updateContainerState(145)) - Container #1 is in OPEN state, but the datanode c90420fb-507e-4f39-9d1e-d32950a26e2a{ip: 192.168.164.253, host: pr-hdds-2334-tv6s7-2530448917, networkLocation: /default-rack, certSerialId: null} reports an CLOSED replica.
2019-10-20 18:39:28,225 [EventQueue-ContainerReportForContainerReportHandler] WARN  container.ContainerReportHandler (AbstractContainerReportHandler.java:updateContainerState(145)) - Container #1 is in OPEN state, but the datanode 5459e257-ccbc-435a-9427-c3c16be66685{ip: 192.168.164.253, host: pr-hdds-2334-tv6s7-2530448917, networkLocation: /default-rack, certSerialId: null} reports an CLOSED replica.
2019-10-20 18:39:28,341 [EventQueue-ContainerReportForContainerReportHandler] WARN  container.ContainerReportHandler (AbstractContainerReportHandler.java:updateContainerState(145)) - Container #1 is in OPEN state, but the datanode c90420fb-507e-4f39-9d1e-d32950a26e2a{ip: 192.168.164.253, host: pr-hdds-2334-tv6s7-2530448917, networkLocation: /default-rack, certSerialId: null} reports an CLOSED replica.
2019-10-20 18:39:28,527 [EventQueue-ContainerReportForContainerReportHandler] WARN  container.ContainerReportHandler (AbstractContainerReportHandler.java:updateContainerState(145)) - Container #1 is in OPEN state, but the datanode 5459e257-ccbc-435a-9427-c3c16be66685{ip: 192.168.164.253, host: pr-hdds-2334-tv6s7-2530448917, networkLocation: /default-rack, certSerialId: null} reports an CLOSED replica.
2019-10-20 18:39:28,641 [EventQueue-ContainerReportForContainerReportHandler] WARN  container.ContainerReportHandler (AbstractContainerReportHandler.java:updateContainerState(145)) - Container #1 is in OPEN state, but the datanode c90420fb-507e-4f39-9d1e-d32950a26e2a{ip: 192.168.164.253, host: pr-hdds-2334-tv6s7-2530448917, networkLocation: /default-rack, certSerialId: null} reports an CLOSED replica.
2019-10-20 18:39:28,685 [EventQueue-StaleNodeForStaleNodeHandler] INFO  node.StaleNodeHandler (StaleNodeHandler.java:onMessage(58)) - Datanode 7e7122d9-53dc-47a8-b6b6-c87fac616c81{ip: 192.168.164.253, host: pr-hdds-2334-tv6s7-2530448917, networkLocation: /default-rack, certSerialId: null} moved to stale state. Finalizing its pipelines [PipelineID=2817875b-f138-438c-9942-4d7e28b49252, PipelineID=e053cdee-5b19-4be2-866a-8b8fe5b4b5b0]
2019-10-20 18:39:28,686 [EventQueue-StaleNodeForStaleNodeHandler] INFO  pipeline.SCMPipelineManager (SCMPipelineManager.java:finalizeAndDestroyPipeline(315)) - destroying pipeline:Pipeline[ Id: 2817875b-f138-438c-9942-4d7e28b49252, Nodes: 7e7122d9-53dc-47a8-b6b6-c87fac616c81{ip: 192.168.164.253, host: pr-hdds-2334-tv6s7-2530448917, networkLocation: /default-rack, certSerialId: null}, Type:RATIS, Factor:ONE, State:OPEN]
2019-10-20 18:39:28,689 [EventQueue-StaleNodeForStaleNodeHandler] INFO  pipeline.PipelineStateManager (PipelineStateManager.java:finalizePipeline(123)) - Pipeline Pipeline[ Id: 2817875b-f138-438c-9942-4d7e28b49252, Nodes: 7e7122d9-53dc-47a8-b6b6-c87fac616c81{ip: 192.168.164.253, host: pr-hdds-2334-tv6s7-2530448917, networkLocation: /default-rack, certSerialId: null}, Type:RATIS, Factor:ONE, State:CLOSED] moved to CLOSED state
2019-10-20 18:39:28,691 [EventQueue-StaleNodeForStaleNodeHandler] INFO  pipeline.SCMPipelineManager (SCMPipelineManager.java:finalizeAndDestroyPipeline(315)) - destroying pipeline:Pipeline[ Id: e053cdee-5b19-4be2-866a-8b8fe5b4b5b0, Nodes: 7e7122d9-53dc-47a8-b6b6-c87fac616c81{ip: 192.168.164.253, host: pr-hdds-2334-tv6s7-2530448917, networkLocation: /default-rack, certSerialId: null}c90420fb-507e-4f39-9d1e-d32950a26e2a{ip: 192.168.164.253, host: pr-hdds-2334-tv6s7-2530448917, networkLocation: /default-rack, certSerialId: null}5459e257-ccbc-435a-9427-c3c16be66685{ip: 192.168.164.253, host: pr-hdds-2334-tv6s7-2530448917, networkLocation: /default-rack, certSerialId: null}, Type:RATIS, Factor:THREE, State:OPEN]
2019-10-20 18:39:28,691 [EventQueue-StaleNodeForStaleNodeHandler] INFO  pipeline.PipelineStateManager (PipelineStateManager.java:finalizePipeline(123)) - Pipeline Pipeline[ Id: e053cdee-5b19-4be2-866a-8b8fe5b4b5b0, Nodes: 7e7122d9-53dc-47a8-b6b6-c87fac616c81{ip: 192.168.164.253, host: pr-hdds-2334-tv6s7-2530448917, networkLocation: /default-rack, certSerialId: null}c90420fb-507e-4f39-9d1e-d32950a26e2a{ip: 192.168.164.253, host: pr-hdds-2334-tv6s7-2530448917, networkLocation: /default-rack, certSerialId: null}5459e257-ccbc-435a-9427-c3c16be66685{ip: 192.168.164.253, host: pr-hdds-2334-tv6s7-2530448917, networkLocation: /default-rack, certSerialId: null}, Type:RATIS, Factor:THREE, State:CLOSED] moved to CLOSED state
2019-10-20 18:39:28,692 [EventQueue-CloseContainerForCloseContainerEventHandler] INFO  container.CloseContainerEventHandler (CloseContainerEventHandler.java:onMessage(61)) - Close container Event triggered for container : #1
2019-10-20 18:39:28,828 [EventQueue-ContainerReportForContainerReportHandler] INFO  container.ContainerReportHandler (AbstractContainerReportHandler.java:updateContainerState(178)) - Moving container #1 to CLOSED state, datanode 5459e257-ccbc-435a-9427-c3c16be66685{ip: 192.168.164.253, host: pr-hdds-2334-tv6s7-2530448917, networkLocation: /default-rack, certSerialId: null} reported CLOSED replica.
2019-10-20 18:39:29,027 [SCMBlockDeletingService#0] INFO  block.SCMBlockDeletingService (SCMBlockDeletingService.java:call(184)) - Totally added 3 delete blocks command for 3 datanodes, task elapsed time: 6ms
2019-10-20 18:39:29,043 [EventQueue-PendingDeleteStatusForPendingDeleteHandler] INFO  block.SCMBlockDeletingService (SCMBlockDeletingService.java:handlePendingDeletes(115)) - Block deletion txnID mismatch in datanode c90420fb-507e-4f39-9d1e-d32950a26e2a for containerID 1. Datanode delete txnID: 0, SCM txnID: 1
2019-10-20 18:39:29,094 [BlockDeletingService#2] WARN  background.BlockDeletingService (BlockDeletingService.java:isDeletionAllowed(187)) - Close Container log Index 6 is not replicated across allthe servers in the pipeline e053cdee-5b19-4be2-866a-8b8fe5b4b5b0 as the min replicated index is 4. Deletion is not allowed in this container yet.
2019-10-20 18:39:29,094 [BlockDeletingService#2] WARN  background.BlockDeletingService (BlockDeletingService.java:isDeletionAllowed(187)) - Close Container log Index 6 is not replicated across allthe servers in the pipeline e053cdee-5b19-4be2-866a-8b8fe5b4b5b0 as the min replicated index is 4. Deletion is not allowed in this container yet.
2019-10-20 18:39:29,127 [Command processor thread] INFO  commandhandler.DeleteBlocksCommandHandler (DeleteBlocksCommandHandler.java:handle(106)) - Start to delete container blocks, TXIDs=[1(0)], numOfContainers=1, numOfBlocks=1
2019-10-20 18:39:29,192 [Thread-546] INFO  client.GrpcClientProtocolService (GrpcClientProtocolService.java:lambda$processClientRequest$0(278)) - Failed RaftClientRequest:client-33348DE3F0EA->c90420fb-507e-4f39-9d1e-d32950a26e2a@group-8B8FE5B4B5B0, cid=10, seq=0, Watch-ALL_COMMITTED(6), Message:<EMPTY>, reply=RaftClientReply:client-33348DE3F0EA->c90420fb-507e-4f39-9d1e-d32950a26e2a@group-8B8FE5B4B5B0, cid=10, FAILED org.apache.ratis.protocol.NotLeaderException: Server c90420fb-507e-4f39-9d1e-d32950a26e2a@group-8B8FE5B4B5B0 is not the leader 5459e257-ccbc-435a-9427-c3c16be66685:192.168.164.253:45469, logIndex=0, commits[c90420fb-507e-4f39-9d1e-d32950a26e2a:c10, 7e7122d9-53dc-47a8-b6b6-c87fac616c81:c4, 5459e257-ccbc-435a-9427-c3c16be66685:c10]
2019-10-20 18:39:29,243 [EventQueue-PendingDeleteStatusForPendingDeleteHandler] INFO  block.SCMBlockDeletingService (SCMBlockDeletingService.java:handlePendingDeletes(115)) - Block deletion txnID mismatch in datanode c90420fb-507e-4f39-9d1e-d32950a26e2a for containerID 1. Datanode delete txnID: 0, SCM txnID: 1
2019-10-20 18:39:29,542 [EventQueue-PendingDeleteStatusForPendingDeleteHandler] INFO  block.SCMBlockDeletingService (SCMBlockDeletingService.java:handlePendingDeletes(115)) - Block deletion txnID mismatch in datanode c90420fb-507e-4f39-9d1e-d32950a26e2a for containerID 1. Datanode delete txnID: 0, SCM txnID: 1
2019-10-20 18:39:29,606 [main] INFO  impl.MetricsSystemImpl (MetricsSystemImpl.java:init(158)) - HddsDatanode metrics system started (again)
2019-10-20 18:39:29,648 [main] INFO  ozone.HddsDatanodeService (HddsDatanodeService.java:start(184)) - HddsDatanodeService host:pr-hdds-2334-tv6s7-2530448917 ip:192.168.164.253
2019-10-20 18:39:29,658 [main] INFO  volume.VolumeUsage (VolumeUsage.java:loadScmUsed(144)) - Cached ScmUsed found for /workdir/hadoop-ozone/integration-test/target/test-dir/MiniOzoneClusterImpl-bb5c499c-1fef-4eeb-ae34-687819fae390/datanode-1/data/containers : 4096 
2019-10-20 18:39:29,659 [main] INFO  volume.HddsVolume (HddsVolume.java:<init>(176)) - Creating Volume: /workdir/hadoop-ozone/integration-test/target/test-dir/MiniOzoneClusterImpl-bb5c499c-1fef-4eeb-ae34-687819fae390/datanode-1/data/containers/hdds of  storage type : DISK and capacity : 1482555576320
2019-10-20 18:39:29,659 [main] INFO  volume.VolumeSet (VolumeSet.java:initializeVolumeSet(170)) - Added Volume : /workdir/hadoop-ozone/integration-test/target/test-dir/MiniOzoneClusterImpl-bb5c499c-1fef-4eeb-ae34-687819fae390/datanode-1/data/containers/hdds to VolumeSet
2019-10-20 18:39:29,660 [main] INFO  volume.ThrottledAsyncChecker (ThrottledAsyncChecker.java:schedule(141)) - Scheduling a check for /workdir/hadoop-ozone/integration-test/target/test-dir/MiniOzoneClusterImpl-bb5c499c-1fef-4eeb-ae34-687819fae390/datanode-1/data/containers/hdds
2019-10-20 18:39:29,661 [main] INFO  volume.HddsVolumeChecker (HddsVolumeChecker.java:checkAllVolumes(204)) - Scheduled health check for volume /workdir/hadoop-ozone/integration-test/target/test-dir/MiniOzoneClusterImpl-bb5c499c-1fef-4eeb-ae34-687819fae390/datanode-1/data/containers/hdds
2019-10-20 18:39:29,719 [main] INFO  impl.RaftServerProxy (ConfUtils.java:logGet(43)) - raft.rpc.type = GRPC (default)
2019-10-20 18:39:29,719 [main] INFO  grpc.GrpcFactory (GrpcFactory.java:checkPooledByteBufAllocatorUseCacheForAllThreads(45)) - PERFORMANCE WARNING: useCacheForAllThreads is true that may cause Netty to create a lot garbage objects and, as a result, trigger GC.
	It is recommended to disable useCacheForAllThreads by setting -Dorg.apache.ratis.thirdparty.io.netty.allocator.useCacheForAllThreads=false in command line.
2019-10-20 18:39:29,719 [main] INFO  grpc.GrpcConfigKeys$Server (ConfUtils.java:logGet(43)) - raft.grpc.server.port = 46735 (custom)
2019-10-20 18:39:29,720 [main] INFO  server.GrpcService (ConfUtils.java:logGet(43)) - raft.grpc.message.size.max = 33570816 (custom)
2019-10-20 18:39:29,720 [main] INFO  server.RaftServerConfigKeys (ConfUtils.java:logGet(43)) - raft.server.log.appender.buffer.byte-limit = 33554432 (custom)
2019-10-20 18:39:29,720 [main] INFO  server.GrpcService (ConfUtils.java:logGet(43)) - raft.grpc.flow.control.window = 1MB (=1048576) (default)
2019-10-20 18:39:29,720 [main] INFO  server.RaftServerConfigKeys (ConfUtils.java:logGet(43)) - raft.server.rpc.request.timeout = 3000ms (default)
2019-10-20 18:39:29,721 [main] INFO  server.RaftServerConfigKeys (ConfUtils.java:logGet(43)) - raft.server.storage.dir = [/workdir/hadoop-ozone/integration-test/target/test-dir/MiniOzoneClusterImpl-bb5c499c-1fef-4eeb-ae34-687819fae390/datanode-1/data/ratis] (custom)
2019-10-20 18:39:29,721 [main] INFO  impl.RaftServerProxy (RaftServerProxy.java:lambda$null$0(191)) - 7e7122d9-53dc-47a8-b6b6-c87fac616c81: found a subdirectory /workdir/hadoop-ozone/integration-test/target/test-dir/MiniOzoneClusterImpl-bb5c499c-1fef-4eeb-ae34-687819fae390/datanode-1/data/ratis/e053cdee-5b19-4be2-866a-8b8fe5b4b5b0
2019-10-20 18:39:29,723 [main] INFO  impl.RaftServerProxy (RaftServerProxy.java:addNew(89)) - 7e7122d9-53dc-47a8-b6b6-c87fac616c81: addNew group-8B8FE5B4B5B0:[] returns group-8B8FE5B4B5B0:java.util.concurrent.CompletableFuture@66933239[Not completed]
2019-10-20 18:39:29,723 [main] INFO  impl.RaftServerProxy (RaftServerProxy.java:lambda$null$0(191)) - 7e7122d9-53dc-47a8-b6b6-c87fac616c81: found a subdirectory /workdir/hadoop-ozone/integration-test/target/test-dir/MiniOzoneClusterImpl-bb5c499c-1fef-4eeb-ae34-687819fae390/datanode-1/data/ratis/2817875b-f138-438c-9942-4d7e28b49252
2019-10-20 18:39:29,723 [main] INFO  impl.RaftServerProxy (RaftServerProxy.java:addNew(89)) - 7e7122d9-53dc-47a8-b6b6-c87fac616c81: addNew group-4D7E28B49252:[] returns group-4D7E28B49252:java.util.concurrent.CompletableFuture@2f7efd0b[Not completed]
2019-10-20 18:39:29,728 [pool-59-thread-1] INFO  impl.RaftServerImpl (RaftServerImpl.java:<init>(104)) - 7e7122d9-53dc-47a8-b6b6-c87fac616c81: new RaftServerImpl for group-8B8FE5B4B5B0:[] with ContainerStateMachine:uninitialized
2019-10-20 18:39:29,728 [main] INFO  hdfs.DFSUtil (DFSUtil.java:httpServerTemplateForNNAndJN(1641)) - Starting Web-server for hddsDatanode at: http://0.0.0.0:44559
2019-10-20 18:39:29,728 [pool-59-thread-1] INFO  server.RaftServerConfigKeys (ConfUtils.java:logGet(43)) - raft.server.rpc.timeout.min = 5s (custom)
2019-10-20 18:39:29,728 [pool-59-thread-1] INFO  server.RaftServerConfigKeys (ConfUtils.java:logGet(43)) - raft.server.rpc.timeout.max = 5200ms (custom)
2019-10-20 18:39:29,729 [pool-59-thread-1] INFO  server.RaftServerConfigKeys (ConfUtils.java:logGet(43)) - raft.server.rpcslowness.timeout = 1000s (custom)
2019-10-20 18:39:29,729 [pool-59-thread-1] INFO  server.RaftServerConfigKeys (ConfUtils.java:logGet(43)) - raft.server.sleep.deviation.threshold = 300 (default)
2019-10-20 18:39:29,729 [pool-59-thread-1] INFO  server.RaftServerConfigKeys (ConfUtils.java:logGet(43)) - raft.server.log.appender.install.snapshot.enabled = false (custom)
2019-10-20 18:39:29,729 [pool-59-thread-1] INFO  impl.RaftServerImpl (ServerState.java:<init>(103)) - 7e7122d9-53dc-47a8-b6b6-c87fac616c81@group-8B8FE5B4B5B0: ConfigurationManager, init=-1: [], old=null, confs=<EMPTY_MAP>
2019-10-20 18:39:29,729 [pool-59-thread-1] INFO  server.RaftServerConfigKeys (ConfUtils.java:logGet(43)) - raft.server.storage.dir = [/workdir/hadoop-ozone/integration-test/target/test-dir/MiniOzoneClusterImpl-bb5c499c-1fef-4eeb-ae34-687819fae390/datanode-1/data/ratis] (custom)
2019-10-20 18:39:29,730 [pool-59-thread-1] INFO  server.RaftServerConfigKeys (ConfUtils.java:logGet(43)) - raft.server.log.corruption.policy = EXCEPTION (default)
2019-10-20 18:39:29,731 [main] INFO  server.AuthenticationFilter (AuthenticationFilter.java:constructSecretProvider(240)) - Unable to initialize FileSignerSecretProvider, falling back to use random secrets.
2019-10-20 18:39:29,732 [main] WARN  http.HttpRequestLog (HttpRequestLog.java:getRequestLog(97)) - Jetty request log can only be enabled using Log4j
2019-10-20 18:39:29,735 [main] INFO  http.HttpServer2 (HttpServer2.java:addGlobalFilter(975)) - Added global filter 'safety' (class=org.apache.hadoop.http.HttpServer2$QuotingInputFilter)
2019-10-20 18:39:29,737 [main] INFO  http.HttpServer2 (HttpServer2.java:addFilter(948)) - Added filter static_user_filter (class=org.apache.hadoop.http.lib.StaticUserWebFilter$StaticUserFilter) to context hddsDatanode
2019-10-20 18:39:29,738 [main] INFO  http.HttpServer2 (HttpServer2.java:addFilter(958)) - Added filter static_user_filter (class=org.apache.hadoop.http.lib.StaticUserWebFilter$StaticUserFilter) to context logs
2019-10-20 18:39:29,738 [main] INFO  http.HttpServer2 (HttpServer2.java:addFilter(958)) - Added filter static_user_filter (class=org.apache.hadoop.http.lib.StaticUserWebFilter$StaticUserFilter) to context static
2019-10-20 18:39:29,740 [main] INFO  http.HttpServer2 (HttpServer2.java:bindListener(1191)) - Jetty bound to port 44559
2019-10-20 18:39:29,740 [main] INFO  server.Server (Server.java:doStart(351)) - jetty-9.3.25.v20180904, build timestamp: 2018-09-04T21:11:46Z, git hash: 3ce520221d0240229c862b122d2b06c12a625732
2019-10-20 18:39:29,743 [EventQueue-PendingDeleteStatusForPendingDeleteHandler] INFO  block.SCMBlockDeletingService (SCMBlockDeletingService.java:handlePendingDeletes(115)) - Block deletion txnID mismatch in datanode c90420fb-507e-4f39-9d1e-d32950a26e2a for containerID 1. Datanode delete txnID: 0, SCM txnID: 1
2019-10-20 18:39:29,743 [main] INFO  handler.ContextHandler (ContextHandler.java:doStart(781)) - Started o.e.j.s.ServletContextHandler@78a515e4{/logs,file:///workdir/hadoop-ozone/integration-test/target/log,AVAILABLE}
2019-10-20 18:39:29,744 [main] INFO  handler.ContextHandler (ContextHandler.java:doStart(781)) - Started o.e.j.s.ServletContextHandler@51c8f62c{/static,jar:file:/home/user/.m2/repository/org/apache/hadoop/hadoop-hdds-container-service/0.5.0-SNAPSHOT/hadoop-hdds-container-service-0.5.0-SNAPSHOT.jar!/webapps/static,AVAILABLE}
2019-10-20 18:39:29,752 [pool-59-thread-1] INFO  storage.RaftStorageDirectory (RaftStorageDirectory.java:tryLock(328)) - Lock on /workdir/hadoop-ozone/integration-test/target/test-dir/MiniOzoneClusterImpl-bb5c499c-1fef-4eeb-ae34-687819fae390/datanode-1/data/ratis/e053cdee-5b19-4be2-866a-8b8fe5b4b5b0/in_use.lock acquired by nodename 8637@pr-hdds-2334-tv6s7-2530448917
2019-10-20 18:39:29,754 [pool-59-thread-1] INFO  ratis.ContainerStateMachine (ContainerStateMachine.java:loadSnapshot(240)) - group-8B8FE5B4B5B0: Setting the last applied index to (t:6, i:3)
2019-10-20 18:39:29,760 [pool-59-thread-1] INFO  impl.RaftServerImpl (ServerState.java:setRaftConf(357)) - 7e7122d9-53dc-47a8-b6b6-c87fac616c81@group-8B8FE5B4B5B0: set configuration 0: [7e7122d9-53dc-47a8-b6b6-c87fac616c81:192.168.164.253:46735, c90420fb-507e-4f39-9d1e-d32950a26e2a:192.168.164.253:35682, 5459e257-ccbc-435a-9427-c3c16be66685:192.168.164.253:45469], old=null at 0
2019-10-20 18:39:29,760 [pool-59-thread-1] INFO  server.RaftServerConfigKeys (ConfUtils.java:logGet(43)) - raft.server.notification.no-leader.timeout = 1000s (custom)
2019-10-20 18:39:29,760 [pool-59-thread-1] INFO  server.RaftServerConfigKeys (ConfUtils.java:logGet(43)) - raft.server.log.use.memory = false (default)
2019-10-20 18:39:29,760 [pool-59-thread-1] INFO  server.RaftServerConfigKeys (ConfUtils.java:logGet(43)) - raft.server.log.purge.gap = 1000000 (custom)
2019-10-20 18:39:29,760 [pool-59-thread-1] INFO  server.RaftServerConfigKeys (ConfUtils.java:logGet(43)) - raft.server.log.appender.buffer.byte-limit = 33554432 (custom)
2019-10-20 18:39:29,760 [pool-59-thread-1] INFO  server.RaftServerConfigKeys (ConfUtils.java:logGet(43)) - raft.server.log.segment.size.max = 1048576 (custom)
2019-10-20 18:39:29,761 [pool-59-thread-1] INFO  server.RaftServerConfigKeys (ConfUtils.java:logGet(43)) - raft.server.log.segment.cache.num.max = 2 (custom)
2019-10-20 18:39:29,761 [pool-59-thread-1] INFO  segmented.SegmentedRaftLogWorker (SegmentedRaftLogWorker.java:<init>(173)) - new 7e7122d9-53dc-47a8-b6b6-c87fac616c81@group-8B8FE5B4B5B0-SegmentedRaftLogWorker for RaftStorage:Storage Directory /workdir/hadoop-ozone/integration-test/target/test-dir/MiniOzoneClusterImpl-bb5c499c-1fef-4eeb-ae34-687819fae390/datanode-1/data/ratis/e053cdee-5b19-4be2-866a-8b8fe5b4b5b0
2019-10-20 18:39:29,761 [pool-59-thread-1] INFO  server.RaftServerConfigKeys (ConfUtils.java:logGet(43)) - raft.server.log.queue.byte-limit = 2147483647 (custom)
2019-10-20 18:39:29,761 [pool-59-thread-1] INFO  server.RaftServerConfigKeys (ConfUtils.java:logGet(43)) - raft.server.log.queue.element-limit = 1024 (custom)
2019-10-20 18:39:29,761 [pool-59-thread-1] INFO  server.RaftServerConfigKeys (ConfUtils.java:logGet(43)) - raft.server.log.segment.size.max = 1048576 (custom)
2019-10-20 18:39:29,761 [pool-59-thread-1] INFO  server.RaftServerConfigKeys (ConfUtils.java:logGet(43)) - raft.server.log.preallocated.size = 16384 (custom)
2019-10-20 18:39:29,761 [pool-59-thread-1] INFO  server.RaftServerConfigKeys (ConfUtils.java:logGet(43)) - raft.server.log.write.buffer.size = 33554432 (custom)
2019-10-20 18:39:29,761 [pool-59-thread-1] INFO  server.RaftServerConfigKeys (ConfUtils.java:logGet(43)) - raft.server.log.force.sync.num = 128 (default)
2019-10-20 18:39:29,762 [pool-59-thread-1] INFO  server.RaftServerConfigKeys (ConfUtils.java:logGet(43)) - raft.server.log.statemachine.data.sync = true (default)
2019-10-20 18:39:29,762 [pool-59-thread-1] INFO  server.RaftServerConfigKeys (ConfUtils.java:logGet(43)) - raft.server.log.statemachine.data.sync.timeout = 10s (default)
2019-10-20 18:39:29,762 [pool-59-thread-1] INFO  server.RaftServerConfigKeys (ConfUtils.java:logGet(43)) - raft.server.log.statemachine.data.sync.timeout.retry = -1 (default)
2019-10-20 18:39:29,762 [pool-59-thread-1] INFO  server.RaftServerConfigKeys (ConfUtils.java:logGet(43)) - raft.server.log.statemachine.data.caching.enabled = true (custom)
2019-10-20 18:39:29,768 [pool-59-thread-1] INFO  impl.RaftServerImpl (ServerState.java:setRaftConf(357)) - 7e7122d9-53dc-47a8-b6b6-c87fac616c81@group-8B8FE5B4B5B0: set configuration 0: [7e7122d9-53dc-47a8-b6b6-c87fac616c81:192.168.164.253:46735, c90420fb-507e-4f39-9d1e-d32950a26e2a:192.168.164.253:35682, 5459e257-ccbc-435a-9427-c3c16be66685:192.168.164.253:45469], old=null at 0
2019-10-20 18:39:29,769 [pool-59-thread-1] INFO  segmented.LogSegment (LogSegment.java:loadSegment(140)) - Successfully read 5 entries from segment file /workdir/hadoop-ozone/integration-test/target/test-dir/MiniOzoneClusterImpl-bb5c499c-1fef-4eeb-ae34-687819fae390/datanode-1/data/ratis/e053cdee-5b19-4be2-866a-8b8fe5b4b5b0/current/log_inprogress_0
2019-10-20 18:39:29,769 [pool-59-thread-1] INFO  segmented.SegmentedRaftLogWorker (SegmentedRaftLogWorker.java:lambda$new$0(128)) - 7e7122d9-53dc-47a8-b6b6-c87fac616c81@group-8B8FE5B4B5B0-SegmentedRaftLogWorker: flushIndex: setUnconditionally 0 -> 4
2019-10-20 18:39:29,790 [main] INFO  handler.ContextHandler (ContextHandler.java:doStart(781)) - Started o.e.j.w.WebAppContext@732f6050{/,file:///tmp/jetty-0.0.0.0-44559-hddsDatanode-_-any-689183539704531363.dir/webapp/,AVAILABLE}{/hddsDatanode}
2019-10-20 18:39:29,791 [main] INFO  server.AbstractConnector (AbstractConnector.java:doStart(278)) - Started ServerConnector@6fbc1bb{HTTP/1.1,[http/1.1]}{0.0.0.0:44559}
2019-10-20 18:39:29,796 [pool-59-thread-1] INFO  raftlog.RaftLog (RaftLog.java:lambda$new$0(61)) - 7e7122d9-53dc-47a8-b6b6-c87fac616c81@group-8B8FE5B4B5B0-SegmentedRaftLog: commitIndex: updateToMax old=3, new=3, updated? false
2019-10-20 18:39:29,796 [main] INFO  server.Server (Server.java:doStart(419)) - Started @113870ms
2019-10-20 18:39:29,796 [main] WARN  impl.MetricsSystemImpl (MetricsSystemImpl.java:register(276)) - Sink prometheus already exists!
2019-10-20 18:39:29,797 [pool-59-thread-1] INFO  server.RaftServerConfigKeys (ConfUtils.java:logGet(43)) - raft.server.snapshot.auto.trigger.enabled = true (custom)
2019-10-20 18:39:29,797 [pool-59-thread-1] INFO  server.RaftServerConfigKeys (ConfUtils.java:logGet(43)) - raft.server.snapshot.auto.trigger.threshold = 10000 (custom)
2019-10-20 18:39:29,797 [pool-59-thread-1] INFO  server.RaftServerConfigKeys (ConfUtils.java:logGet(43)) - raft.server.snapshot.retention.file.num = 5 (custom)
2019-10-20 18:39:29,797 [pool-59-thread-1] INFO  server.RaftServerConfigKeys (ConfUtils.java:logGet(43)) - raft.server.retrycache.expirytime = 600000ms (custom)
2019-10-20 18:39:29,798 [main] INFO  server.BaseHttpServer (BaseHttpServer.java:updateConnectorAddress(215)) - HTTP server of HDDSDATANODE is listening at http://0.0.0.0:44559
2019-10-20 18:39:29,799 [pool-59-thread-1] INFO  impl.RaftServerImpl (RaftServerImpl.java:<init>(104)) - 7e7122d9-53dc-47a8-b6b6-c87fac616c81: new RaftServerImpl for group-4D7E28B49252:[] with ContainerStateMachine:uninitialized
2019-10-20 18:39:29,799 [pool-59-thread-1] INFO  server.RaftServerConfigKeys (ConfUtils.java:logGet(43)) - raft.server.rpc.timeout.min = 5s (custom)
2019-10-20 18:39:29,799 [pool-59-thread-1] INFO  server.RaftServerConfigKeys (ConfUtils.java:logGet(43)) - raft.server.rpc.timeout.max = 5200ms (custom)
2019-10-20 18:39:29,799 [pool-59-thread-1] INFO  server.RaftServerConfigKeys (ConfUtils.java:logGet(43)) - raft.server.rpcslowness.timeout = 1000s (custom)
2019-10-20 18:39:29,799 [pool-59-thread-1] INFO  server.RaftServerConfigKeys (ConfUtils.java:logGet(43)) - raft.server.sleep.deviation.threshold = 300 (default)
2019-10-20 18:39:29,799 [pool-59-thread-1] INFO  server.RaftServerConfigKeys (ConfUtils.java:logGet(43)) - raft.server.log.appender.install.snapshot.enabled = false (custom)
2019-10-20 18:39:29,799 [pool-59-thread-1] INFO  impl.RaftServerImpl (ServerState.java:<init>(103)) - 7e7122d9-53dc-47a8-b6b6-c87fac616c81@group-4D7E28B49252: ConfigurationManager, init=-1: [], old=null, confs=<EMPTY_MAP>
2019-10-20 18:39:29,800 [pool-59-thread-1] INFO  server.RaftServerConfigKeys (ConfUtils.java:logGet(43)) - raft.server.storage.dir = [/workdir/hadoop-ozone/integration-test/target/test-dir/MiniOzoneClusterImpl-bb5c499c-1fef-4eeb-ae34-687819fae390/datanode-1/data/ratis] (custom)
2019-10-20 18:39:29,800 [pool-59-thread-1] INFO  server.RaftServerConfigKeys (ConfUtils.java:logGet(43)) - raft.server.log.corruption.policy = EXCEPTION (default)
2019-10-20 18:39:29,800 [org.apache.hadoop.util.JvmPauseMonitor$Monitor@ceeb9ee] INFO  util.JvmPauseMonitor (JvmPauseMonitor.java:run(188)) - Starting JVM pause monitor
2019-10-20 18:39:29,836 [pool-59-thread-1] INFO  storage.RaftStorageDirectory (RaftStorageDirectory.java:tryLock(328)) - Lock on /workdir/hadoop-ozone/integration-test/target/test-dir/MiniOzoneClusterImpl-bb5c499c-1fef-4eeb-ae34-687819fae390/datanode-1/data/ratis/2817875b-f138-438c-9942-4d7e28b49252/in_use.lock acquired by nodename 8637@pr-hdds-2334-tv6s7-2530448917
2019-10-20 18:39:29,837 [pool-59-thread-1] INFO  ratis.ContainerStateMachine (ContainerStateMachine.java:loadSnapshot(231)) - group-4D7E28B49252: The snapshot info is null. Setting the last applied indexto:(t:0, i:~)
2019-10-20 18:39:29,837 [pool-59-thread-1] INFO  server.RaftServerConfigKeys (ConfUtils.java:logGet(43)) - raft.server.notification.no-leader.timeout = 1000s (custom)
2019-10-20 18:39:29,837 [pool-59-thread-1] INFO  server.RaftServerConfigKeys (ConfUtils.java:logGet(43)) - raft.server.log.use.memory = false (default)
2019-10-20 18:39:29,837 [pool-59-thread-1] INFO  server.RaftServerConfigKeys (ConfUtils.java:logGet(43)) - raft.server.log.purge.gap = 1000000 (custom)
2019-10-20 18:39:29,837 [pool-59-thread-1] INFO  server.RaftServerConfigKeys (ConfUtils.java:logGet(43)) - raft.server.log.appender.buffer.byte-limit = 33554432 (custom)
2019-10-20 18:39:29,837 [pool-59-thread-1] INFO  server.RaftServerConfigKeys (ConfUtils.java:logGet(43)) - raft.server.log.segment.size.max = 1048576 (custom)
2019-10-20 18:39:29,837 [pool-59-thread-1] INFO  server.RaftServerConfigKeys (ConfUtils.java:logGet(43)) - raft.server.log.segment.cache.num.max = 2 (custom)
2019-10-20 18:39:29,837 [pool-59-thread-1] INFO  segmented.SegmentedRaftLogWorker (SegmentedRaftLogWorker.java:<init>(173)) - new 7e7122d9-53dc-47a8-b6b6-c87fac616c81@group-4D7E28B49252-SegmentedRaftLogWorker for RaftStorage:Storage Directory /workdir/hadoop-ozone/integration-test/target/test-dir/MiniOzoneClusterImpl-bb5c499c-1fef-4eeb-ae34-687819fae390/datanode-1/data/ratis/2817875b-f138-438c-9942-4d7e28b49252
2019-10-20 18:39:29,838 [pool-59-thread-1] INFO  server.RaftServerConfigKeys (ConfUtils.java:logGet(43)) - raft.server.log.queue.byte-limit = 2147483647 (custom)
2019-10-20 18:39:29,838 [pool-59-thread-1] INFO  server.RaftServerConfigKeys (ConfUtils.java:logGet(43)) - raft.server.log.queue.element-limit = 1024 (custom)
2019-10-20 18:39:29,838 [pool-59-thread-1] INFO  server.RaftServerConfigKeys (ConfUtils.java:logGet(43)) - raft.server.log.segment.size.max = 1048576 (custom)
2019-10-20 18:39:29,838 [pool-59-thread-1] INFO  server.RaftServerConfigKeys (ConfUtils.java:logGet(43)) - raft.server.log.preallocated.size = 16384 (custom)
2019-10-20 18:39:29,838 [pool-59-thread-1] INFO  server.RaftServerConfigKeys (ConfUtils.java:logGet(43)) - raft.server.log.write.buffer.size = 33554432 (custom)
2019-10-20 18:39:29,838 [pool-59-thread-1] INFO  server.RaftServerConfigKeys (ConfUtils.java:logGet(43)) - raft.server.log.force.sync.num = 128 (default)
2019-10-20 18:39:29,838 [pool-59-thread-1] INFO  server.RaftServerConfigKeys (ConfUtils.java:logGet(43)) - raft.server.log.statemachine.data.sync = true (default)
2019-10-20 18:39:29,838 [pool-59-thread-1] INFO  server.RaftServerConfigKeys (ConfUtils.java:logGet(43)) - raft.server.log.statemachine.data.sync.timeout = 10s (default)
2019-10-20 18:39:29,838 [pool-59-thread-1] INFO  server.RaftServerConfigKeys (ConfUtils.java:logGet(43)) - raft.server.log.statemachine.data.sync.timeout.retry = -1 (default)
2019-10-20 18:39:29,839 [pool-59-thread-1] INFO  server.RaftServerConfigKeys (ConfUtils.java:logGet(43)) - raft.server.log.statemachine.data.caching.enabled = true (custom)
2019-10-20 18:39:29,839 [pool-59-thread-1] INFO  impl.RaftServerImpl (ServerState.java:setRaftConf(357)) - 7e7122d9-53dc-47a8-b6b6-c87fac616c81@group-4D7E28B49252: set configuration 0: [7e7122d9-53dc-47a8-b6b6-c87fac616c81:192.168.164.253:46735], old=null at 0
2019-10-20 18:39:29,839 [pool-59-thread-1] INFO  segmented.LogSegment (LogSegment.java:loadSegment(140)) - Successfully read 1 entries from segment file /workdir/hadoop-ozone/integration-test/target/test-dir/MiniOzoneClusterImpl-bb5c499c-1fef-4eeb-ae34-687819fae390/datanode-1/data/ratis/2817875b-f138-438c-9942-4d7e28b49252/current/log_inprogress_0
2019-10-20 18:39:29,840 [pool-59-thread-1] INFO  segmented.SegmentedRaftLogWorker (SegmentedRaftLogWorker.java:lambda$new$0(128)) - 7e7122d9-53dc-47a8-b6b6-c87fac616c81@group-4D7E28B49252-SegmentedRaftLogWorker: flushIndex: setUnconditionally 0 -> 0
2019-10-20 18:39:29,863 [pool-59-thread-1] INFO  server.RaftServerConfigKeys (ConfUtils.java:logGet(43)) - raft.server.snapshot.auto.trigger.enabled = true (custom)
2019-10-20 18:39:29,864 [pool-59-thread-1] INFO  server.RaftServerConfigKeys (ConfUtils.java:logGet(43)) - raft.server.snapshot.auto.trigger.threshold = 10000 (custom)
2019-10-20 18:39:29,864 [pool-59-thread-1] INFO  server.RaftServerConfigKeys (ConfUtils.java:logGet(43)) - raft.server.snapshot.retention.file.num = 5 (custom)
2019-10-20 18:39:29,864 [pool-59-thread-1] INFO  server.RaftServerConfigKeys (ConfUtils.java:logGet(43)) - raft.server.retrycache.expirytime = 600000ms (custom)
2019-10-20 18:39:30,028 [SCMBlockDeletingService#0] INFO  block.SCMBlockDeletingService (SCMBlockDeletingService.java:call(184)) - Totally added 2 delete blocks command for 2 datanodes, task elapsed time: 0ms
2019-10-20 18:39:30,029 [pool-7-thread-1] INFO  commands.RetriableDatanodeEventWatcher (RetriableDatanodeEventWatcher.java:onTimeout(47)) - RetriableDatanodeCommand type=deleteBlocksCommand with id=1571596769026 timed out. Retrying.
2019-10-20 18:39:30,029 [pool-7-thread-2] INFO  commands.RetriableDatanodeEventWatcher (RetriableDatanodeEventWatcher.java:onTimeout(47)) - RetriableDatanodeCommand type=deleteBlocksCommand with id=1571596769027 timed out. Retrying.
2019-10-20 18:39:30,095 [BlockDeletingService#2] WARN  background.BlockDeletingService (BlockDeletingService.java:isDeletionAllowed(187)) - Close Container log Index 6 is not replicated across allthe servers in the pipeline e053cdee-5b19-4be2-866a-8b8fe5b4b5b0 as the min replicated index is 4. Deletion is not allowed in this container yet.
2019-10-20 18:39:30,095 [BlockDeletingService#2] WARN  background.BlockDeletingService (BlockDeletingService.java:isDeletionAllowed(187)) - Close Container log Index 6 is not replicated across allthe servers in the pipeline e053cdee-5b19-4be2-866a-8b8fe5b4b5b0 as the min replicated index is 4. Deletion is not allowed in this container yet.
2019-10-20 18:39:30,142 [Command processor thread] INFO  commandhandler.DeleteBlocksCommandHandler (DeleteBlocksCommandHandler.java:handle(106)) - Start to delete container blocks, TXIDs=[1(0)], numOfContainers=1, numOfBlocks=1
2019-10-20 18:39:30,144 [EventQueue-PendingDeleteStatusForPendingDeleteHandler] INFO  block.SCMBlockDeletingService (SCMBlockDeletingService.java:handlePendingDeletes(115)) - Block deletion txnID mismatch in datanode c90420fb-507e-4f39-9d1e-d32950a26e2a for containerID 1. Datanode delete txnID: 0, SCM txnID: 1
2019-10-20 18:39:30,144 [Command processor thread] INFO  commandhandler.DeleteBlocksCommandHandler (DeleteBlocksCommandHandler.java:handle(106)) - Start to delete container blocks, TXIDs=[1(2)], numOfContainers=1, numOfBlocks=1
2019-10-20 18:39:30,145 [Command processor thread] INFO  commandhandler.DeleteBlocksCommandHandler (DeleteBlocksCommandHandler.java:handle(106)) - Start to delete container blocks, TXIDs=[1(0)], numOfContainers=1, numOfBlocks=1
2019-10-20 18:39:30,519 [java.util.concurrent.ThreadPoolExecutor$Worker@550c84d3[State = -1, empty queue]] WARN  server.GrpcLogAppender (GrpcLogAppender.java:timeoutAppendRequest(209)) - 5459e257-ccbc-435a-9427-c3c16be66685@group-8B8FE5B4B5B0->7e7122d9-53dc-47a8-b6b6-c87fac616c81-GrpcLogAppender: appendEntries Timeout, request=5459e257-ccbc-435a-9427-c3c16be66685->7e7122d9-53dc-47a8-b6b6-c87fac616c81#50-t6, previous=(t:6, i:10), leaderCommit=10, initializing? false, entries: <empty>
2019-10-20 18:39:30,682 [Thread-569] INFO  client.GrpcClientProtocolService (GrpcClientProtocolService.java:lambda$processClientRequest$0(278)) - Failed RaftClientRequest:client-33348DE3F0EA->5459e257-ccbc-435a-9427-c3c16be66685@group-8B8FE5B4B5B0, cid=10, seq=0, Watch-ALL_COMMITTED(6), Message:<EMPTY>, reply=RaftClientReply:client-33348DE3F0EA->5459e257-ccbc-435a-9427-c3c16be66685@group-8B8FE5B4B5B0, cid=10, FAILED org.apache.ratis.protocol.NotReplicatedException: Request with call Id 10 and log index 6 is not yet replicated to ALL_COMMITTED, logIndex=6, commits[5459e257-ccbc-435a-9427-c3c16be66685:c10, 7e7122d9-53dc-47a8-b6b6-c87fac616c81:c4, c90420fb-507e-4f39-9d1e-d32950a26e2a:c10]
2019-10-20 18:39:31,028 [pool-7-thread-2] INFO  commands.RetriableDatanodeEventWatcher (RetriableDatanodeEventWatcher.java:onTimeout(47)) - RetriableDatanodeCommand type=deleteBlocksCommand with id=1571596769029 timed out. Retrying.
2019-10-20 18:39:31,029 [SCMBlockDeletingService#0] INFO  block.SCMBlockDeletingService (SCMBlockDeletingService.java:call(184)) - Totally added 1 delete blocks command for 1 datanodes, task elapsed time: 0ms
2019-10-20 18:39:31,030 [pool-7-thread-2] INFO  commands.RetriableDatanodeEventWatcher (RetriableDatanodeEventWatcher.java:onTimeout(47)) - RetriableDatanodeCommand type=deleteBlocksCommand with id=1571596769026 timed out. Retrying.
2019-10-20 18:39:31,097 [BlockDeletingService#2] WARN  background.BlockDeletingService (BlockDeletingService.java:isDeletionAllowed(187)) - Close Container log Index 6 is not replicated across allthe servers in the pipeline e053cdee-5b19-4be2-866a-8b8fe5b4b5b0 as the min replicated index is 4. Deletion is not allowed in this container yet.
2019-10-20 18:39:31,097 [BlockDeletingService#2] WARN  background.BlockDeletingService (BlockDeletingService.java:isDeletionAllowed(187)) - Close Container log Index 6 is not replicated across allthe servers in the pipeline e053cdee-5b19-4be2-866a-8b8fe5b4b5b0 as the min replicated index is 4. Deletion is not allowed in this container yet.
2019-10-20 18:39:31,803 [Datanode State Machine Thread - 0] INFO  ozoneimpl.OzoneContainer (OzoneContainer.java:start(213)) - Attempting to start container services.
2019-10-20 18:39:31,805 [Datanode State Machine Thread - 0] INFO  ozoneimpl.OzoneContainer (OzoneContainer.java:startContainerScrub(177)) - Background container scanner has been disabled.
2019-10-20 18:39:31,805 [Datanode State Machine Thread - 0] INFO  ratis.XceiverServerRatis (XceiverServerRatis.java:start(418)) - Starting XceiverServerRatis 7e7122d9-53dc-47a8-b6b6-c87fac616c81 at port 46735
2019-10-20 18:39:31,814 [Datanode State Machine Thread - 0] INFO  impl.RaftServerImpl (RaftServerImpl.java:start(195)) - 7e7122d9-53dc-47a8-b6b6-c87fac616c81@group-8B8FE5B4B5B0: start as a follower, conf=0: [7e7122d9-53dc-47a8-b6b6-c87fac616c81:192.168.164.253:46735, c90420fb-507e-4f39-9d1e-d32950a26e2a:192.168.164.253:35682, 5459e257-ccbc-435a-9427-c3c16be66685:192.168.164.253:45469], old=null
2019-10-20 18:39:31,815 [ForkJoinPool.commonPool-worker-0] INFO  impl.RaftServerImpl (RaftServerImpl.java:start(195)) - 7e7122d9-53dc-47a8-b6b6-c87fac616c81@group-4D7E28B49252: start as a follower, conf=0: [7e7122d9-53dc-47a8-b6b6-c87fac616c81:192.168.164.253:46735], old=null
2019-10-20 18:39:31,815 [Datanode State Machine Thread - 0] INFO  impl.RaftServerImpl (RaftServerImpl.java:setRole(184)) - 7e7122d9-53dc-47a8-b6b6-c87fac616c81@group-8B8FE5B4B5B0: changes role from      null to FOLLOWER at term 6 for startAsFollower
2019-10-20 18:39:31,816 [ForkJoinPool.commonPool-worker-0] INFO  impl.RaftServerImpl (RaftServerImpl.java:setRole(184)) - 7e7122d9-53dc-47a8-b6b6-c87fac616c81@group-4D7E28B49252: changes role from      null to FOLLOWER at term 1 for startAsFollower
2019-10-20 18:39:31,816 [Datanode State Machine Thread - 0] INFO  impl.RoleInfo (RoleInfo.java:updateAndGet(143)) - 7e7122d9-53dc-47a8-b6b6-c87fac616c81: start FollowerState
2019-10-20 18:39:31,816 [ForkJoinPool.commonPool-worker-0] INFO  impl.RoleInfo (RoleInfo.java:updateAndGet(143)) - 7e7122d9-53dc-47a8-b6b6-c87fac616c81: start FollowerState
2019-10-20 18:39:31,817 [Datanode State Machine Thread - 0] INFO  util.JmxRegister (JmxRegister.java:tryRegister(44)) - Successfully registered JMX Bean with object name Ratis:service=RaftServer,group=group-8B8FE5B4B5B0,id=7e7122d9-53dc-47a8-b6b6-c87fac616c81
2019-10-20 18:39:31,817 [ForkJoinPool.commonPool-worker-0] INFO  util.JmxRegister (JmxRegister.java:tryRegister(44)) - Successfully registered JMX Bean with object name Ratis:service=RaftServer,group=group-4D7E28B49252,id=7e7122d9-53dc-47a8-b6b6-c87fac616c81
2019-10-20 18:39:31,818 [Datanode State Machine Thread - 0] INFO  impl.RaftServerProxy (RaftServerProxy.java:lambda$start$3(299)) - 7e7122d9-53dc-47a8-b6b6-c87fac616c81: start RPC server
2019-10-20 18:39:31,820 [Datanode State Machine Thread - 0] INFO  server.GrpcService (GrpcService.java:startImpl(158)) - 7e7122d9-53dc-47a8-b6b6-c87fac616c81: GrpcService started, listening on 0.0.0.0/0.0.0.0:46735
2019-10-20 18:39:31,977 [Thread-572] INFO  impl.FollowerState (FollowerState.java:run(108)) - 7e7122d9-53dc-47a8-b6b6-c87fac616c81@group-8B8FE5B4B5B0-FollowerState: change to CANDIDATE, lastRpcTime:160ms, electionTimeout:160ms
2019-10-20 18:39:31,977 [Thread-572] INFO  impl.RoleInfo (RoleInfo.java:shutdownFollowerState(121)) - 7e7122d9-53dc-47a8-b6b6-c87fac616c81: shutdown FollowerState
2019-10-20 18:39:31,977 [Thread-572] INFO  impl.RaftServerImpl (RaftServerImpl.java:setRole(184)) - 7e7122d9-53dc-47a8-b6b6-c87fac616c81@group-8B8FE5B4B5B0: changes role from  FOLLOWER to CANDIDATE at term 6 for changeToCandidate
2019-10-20 18:39:31,977 [Thread-572] INFO  impl.RoleInfo (RoleInfo.java:updateAndGet(143)) - 7e7122d9-53dc-47a8-b6b6-c87fac616c81: start LeaderElection
2019-10-20 18:39:31,986 [Thread-573] INFO  impl.FollowerState (FollowerState.java:run(108)) - 7e7122d9-53dc-47a8-b6b6-c87fac616c81@group-4D7E28B49252-FollowerState: change to CANDIDATE, lastRpcTime:169ms, electionTimeout:169ms
2019-10-20 18:39:31,986 [Thread-573] INFO  impl.RoleInfo (RoleInfo.java:shutdownFollowerState(121)) - 7e7122d9-53dc-47a8-b6b6-c87fac616c81: shutdown FollowerState
2019-10-20 18:39:31,986 [Thread-573] INFO  impl.RaftServerImpl (RaftServerImpl.java:setRole(184)) - 7e7122d9-53dc-47a8-b6b6-c87fac616c81@group-4D7E28B49252: changes role from  FOLLOWER to CANDIDATE at term 1 for changeToCandidate
2019-10-20 18:39:31,986 [Thread-573] INFO  impl.RoleInfo (RoleInfo.java:updateAndGet(143)) - 7e7122d9-53dc-47a8-b6b6-c87fac616c81: start LeaderElection
2019-10-20 18:39:32,001 [7e7122d9-53dc-47a8-b6b6-c87fac616c81@group-4D7E28B49252-LeaderElection10] INFO  impl.LeaderElection (LeaderElection.java:askForVotes(178)) - 7e7122d9-53dc-47a8-b6b6-c87fac616c81@group-4D7E28B49252-LeaderElection10: begin an election at term 2 for 0: [7e7122d9-53dc-47a8-b6b6-c87fac616c81:192.168.164.253:46735], old=null
2019-10-20 18:39:32,001 [7e7122d9-53dc-47a8-b6b6-c87fac616c81@group-8B8FE5B4B5B0-LeaderElection9] INFO  impl.LeaderElection (LeaderElection.java:askForVotes(178)) - 7e7122d9-53dc-47a8-b6b6-c87fac616c81@group-8B8FE5B4B5B0-LeaderElection9: begin an election at term 7 for 0: [7e7122d9-53dc-47a8-b6b6-c87fac616c81:192.168.164.253:46735, c90420fb-507e-4f39-9d1e-d32950a26e2a:192.168.164.253:35682, 5459e257-ccbc-435a-9427-c3c16be66685:192.168.164.253:45469], old=null
2019-10-20 18:39:32,002 [7e7122d9-53dc-47a8-b6b6-c87fac616c81@group-4D7E28B49252-LeaderElection10] INFO  impl.RoleInfo (RoleInfo.java:shutdownLeaderElection(134)) - 7e7122d9-53dc-47a8-b6b6-c87fac616c81: shutdown LeaderElection
2019-10-20 18:39:32,002 [7e7122d9-53dc-47a8-b6b6-c87fac616c81@group-4D7E28B49252-LeaderElection10] INFO  impl.RaftServerImpl (RaftServerImpl.java:setRole(184)) - 7e7122d9-53dc-47a8-b6b6-c87fac616c81@group-4D7E28B49252: changes role from CANDIDATE to LEADER at term 2 for changeToLeader
2019-10-20 18:39:32,002 [7e7122d9-53dc-47a8-b6b6-c87fac616c81@group-4D7E28B49252-LeaderElection10] INFO  impl.RaftServerImpl (ServerState.java:setLeader(256)) - 7e7122d9-53dc-47a8-b6b6-c87fac616c81@group-4D7E28B49252: change Leader from null to 7e7122d9-53dc-47a8-b6b6-c87fac616c81 at term 2 for becomeLeader, leader elected after 2165ms
2019-10-20 18:39:32,003 [7e7122d9-53dc-47a8-b6b6-c87fac616c81@group-4D7E28B49252-LeaderElection10] INFO  server.RaftServerConfigKeys (ConfUtils.java:logGet(43)) - raft.server.staging.catchup.gap = 1000 (default)
2019-10-20 18:39:32,003 [7e7122d9-53dc-47a8-b6b6-c87fac616c81@group-4D7E28B49252-LeaderElection10] INFO  server.RaftServerConfigKeys (ConfUtils.java:logGet(43)) - raft.server.rpc.sleep.time = 25ms (default)
2019-10-20 18:39:32,004 [7e7122d9-53dc-47a8-b6b6-c87fac616c81@group-4D7E28B49252-LeaderElection10] INFO  server.RaftServerConfigKeys (ConfUtils.java:logGet(43)) - raft.server.write.element-limit = 4096 (default)
2019-10-20 18:39:32,004 [7e7122d9-53dc-47a8-b6b6-c87fac616c81@group-4D7E28B49252-LeaderElection10] INFO  server.RaftServerConfigKeys (ConfUtils.java:logGet(43)) - raft.server.watch.timeout = 10s (default)
2019-10-20 18:39:32,004 [7e7122d9-53dc-47a8-b6b6-c87fac616c81@group-4D7E28B49252-LeaderElection10] INFO  server.RaftServerConfigKeys (ConfUtils.java:logGet(43)) - raft.server.watch.timeout.denomination = 1s (default)
2019-10-20 18:39:32,004 [7e7122d9-53dc-47a8-b6b6-c87fac616c81@group-4D7E28B49252-LeaderElection10] INFO  server.RaftServerConfigKeys (ConfUtils.java:logGet(43)) - raft.server.watch.element-limit = 65536 (default)
2019-10-20 18:39:32,004 [7e7122d9-53dc-47a8-b6b6-c87fac616c81@group-4D7E28B49252-LeaderElection10] INFO  impl.RoleInfo (RoleInfo.java:updateAndGet(143)) - 7e7122d9-53dc-47a8-b6b6-c87fac616c81: start LeaderState
2019-10-20 18:39:32,006 [7e7122d9-53dc-47a8-b6b6-c87fac616c81@group-4D7E28B49252-LeaderElection10] INFO  segmented.SegmentedRaftLogWorker (SegmentedRaftLogWorker.java:rollLogSegment(390)) - 7e7122d9-53dc-47a8-b6b6-c87fac616c81@group-4D7E28B49252-SegmentedRaftLogWorker: Rolling segment log-0_0 to index:0
2019-10-20 18:39:32,009 [7e7122d9-53dc-47a8-b6b6-c87fac616c81@group-4D7E28B49252-LeaderElection10] INFO  impl.RaftServerImpl (ServerState.java:setRaftConf(357)) - 7e7122d9-53dc-47a8-b6b6-c87fac616c81@group-4D7E28B49252: set configuration 1: [7e7122d9-53dc-47a8-b6b6-c87fac616c81:192.168.164.253:46735], old=null at 1
2019-10-20 18:39:32,012 [7e7122d9-53dc-47a8-b6b6-c87fac616c81@group-4D7E28B49252-SegmentedRaftLogWorker] INFO  segmented.SegmentedRaftLogWorker (SegmentedRaftLogWorker.java:execute(533)) - 7e7122d9-53dc-47a8-b6b6-c87fac616c81@group-4D7E28B49252-SegmentedRaftLogWorker: Rolled log segment from /workdir/hadoop-ozone/integration-test/target/test-dir/MiniOzoneClusterImpl-bb5c499c-1fef-4eeb-ae34-687819fae390/datanode-1/data/ratis/2817875b-f138-438c-9942-4d7e28b49252/current/log_inprogress_0 to /workdir/hadoop-ozone/integration-test/target/test-dir/MiniOzoneClusterImpl-bb5c499c-1fef-4eeb-ae34-687819fae390/datanode-1/data/ratis/2817875b-f138-438c-9942-4d7e28b49252/current/log_0-0
2019-10-20 18:39:32,037 [pool-7-thread-2] INFO  commands.RetriableDatanodeEventWatcher (RetriableDatanodeEventWatcher.java:onTimeout(47)) - RetriableDatanodeCommand type=deleteBlocksCommand with id=1571596769026 timed out. Retrying.
2019-10-20 18:39:32,038 [pool-7-thread-3] INFO  commands.RetriableDatanodeEventWatcher (RetriableDatanodeEventWatcher.java:onTimeout(47)) - RetriableDatanodeCommand type=deleteBlocksCommand with id=1571596769029 timed out. Retrying.
2019-10-20 18:39:32,039 [SCMBlockDeletingService#0] INFO  block.SCMBlockDeletingService (SCMBlockDeletingService.java:call(184)) - Totally added 1 delete blocks command for 1 datanodes, task elapsed time: 2ms
2019-10-20 18:39:32,039 [grpc-default-executor-3] INFO  impl.RaftServerImpl (ServerState.java:setLeader(256)) - c90420fb-507e-4f39-9d1e-d32950a26e2a@group-8B8FE5B4B5B0: change Leader from 5459e257-ccbc-435a-9427-c3c16be66685 to null at term 7 for updateCurrentTerm
2019-10-20 18:39:32,039 [pool-7-thread-1] INFO  commands.RetriableDatanodeEventWatcher (RetriableDatanodeEventWatcher.java:onTimeout(47)) - RetriableDatanodeCommand type=deleteBlocksCommand with id=1571596769031 timed out. Retrying.
2019-10-20 18:39:32,039 [grpc-default-executor-3] INFO  impl.RaftServerImpl (RaftServerImpl.java:setRole(184)) - c90420fb-507e-4f39-9d1e-d32950a26e2a@group-8B8FE5B4B5B0: changes role from  FOLLOWER to FOLLOWER at term 7 for recognizeCandidate:7e7122d9-53dc-47a8-b6b6-c87fac616c81
2019-10-20 18:39:32,039 [grpc-default-executor-1] INFO  impl.RaftServerImpl (ServerState.java:setLeader(256)) - 5459e257-ccbc-435a-9427-c3c16be66685@group-8B8FE5B4B5B0: change Leader from 5459e257-ccbc-435a-9427-c3c16be66685 to null at term 7 for updateCurrentTerm
2019-10-20 18:39:32,040 [grpc-default-executor-3] INFO  impl.RoleInfo (RoleInfo.java:shutdownFollowerState(121)) - c90420fb-507e-4f39-9d1e-d32950a26e2a: shutdown FollowerState
2019-10-20 18:39:32,040 [grpc-default-executor-1] INFO  impl.RaftServerImpl (RaftServerImpl.java:setRole(184)) - 5459e257-ccbc-435a-9427-c3c16be66685@group-8B8FE5B4B5B0: changes role from    LEADER to FOLLOWER at term 7 for recognizeCandidate:7e7122d9-53dc-47a8-b6b6-c87fac616c81
2019-10-20 18:39:32,040 [Thread-247] INFO  impl.FollowerState (FollowerState.java:run(117)) - c90420fb-507e-4f39-9d1e-d32950a26e2a@group-8B8FE5B4B5B0-FollowerState was interrupted: java.lang.InterruptedException: sleep interrupted
2019-10-20 18:39:32,040 [grpc-default-executor-3] INFO  impl.RoleInfo (RoleInfo.java:updateAndGet(143)) - c90420fb-507e-4f39-9d1e-d32950a26e2a: start FollowerState
2019-10-20 18:39:32,040 [grpc-default-executor-1] INFO  impl.RoleInfo (RoleInfo.java:shutdownLeaderState(104)) - 5459e257-ccbc-435a-9427-c3c16be66685: shutdown LeaderState
2019-10-20 18:39:32,043 [org.apache.ratis.server.impl.LogAppender$AppenderDaemon$$Lambda$412/326926900@500e440] WARN  server.GrpcLogAppender (GrpcLogAppender.java:mayWait(149)) - 5459e257-ccbc-435a-9427-c3c16be66685@group-8B8FE5B4B5B0->c90420fb-507e-4f39-9d1e-d32950a26e2a-GrpcLogAppender: Wait interrupted by java.lang.InterruptedException
2019-10-20 18:39:32,043 [grpc-default-executor-1] INFO  impl.PendingRequests (PendingRequests.java:sendNotLeaderResponses(202)) - 5459e257-ccbc-435a-9427-c3c16be66685@group-8B8FE5B4B5B0-PendingRequests: sendNotLeaderResponses
2019-10-20 18:39:32,044 [org.apache.ratis.server.impl.LogAppender$AppenderDaemon$$Lambda$412/326926900@34fed160] WARN  server.GrpcLogAppender (GrpcLogAppender.java:mayWait(149)) - 5459e257-ccbc-435a-9427-c3c16be66685@group-8B8FE5B4B5B0->7e7122d9-53dc-47a8-b6b6-c87fac616c81-GrpcLogAppender: Wait interrupted by java.lang.InterruptedException
2019-10-20 18:39:32,046 [grpc-default-executor-5] INFO  server.GrpcServerProtocolService (GrpcServerProtocolService.java:onCompleted(113)) - c90420fb-507e-4f39-9d1e-d32950a26e2a: Completed APPEND_ENTRIES, lastRequest: 5459e257-ccbc-435a-9427-c3c16be66685->c90420fb-507e-4f39-9d1e-d32950a26e2a#51-t6, previous=(t:6, i:10), leaderCommit=10, initializing? false, entries: <empty>
2019-10-20 18:39:32,046 [grpc-default-executor-1] INFO  impl.RoleInfo (RoleInfo.java:updateAndGet(143)) - 5459e257-ccbc-435a-9427-c3c16be66685: start FollowerState
2019-10-20 18:39:32,046 [Thread-582] INFO  client.GrpcClientProtocolService (GrpcClientProtocolService.java:lambda$processClientRequest$0(278)) - Failed RaftClientRequest:client-33348DE3F0EA->5459e257-ccbc-435a-9427-c3c16be66685@group-8B8FE5B4B5B0, cid=10, seq=0, Watch-ALL_COMMITTED(6), Message:<EMPTY>, reply=RaftClientReply:client-33348DE3F0EA->5459e257-ccbc-435a-9427-c3c16be66685@group-8B8FE5B4B5B0, cid=10, FAILED org.apache.ratis.protocol.NotLeaderException: Server 5459e257-ccbc-435a-9427-c3c16be66685@group-8B8FE5B4B5B0 is not the leader, logIndex=0, commits[5459e257-ccbc-435a-9427-c3c16be66685:c10, 7e7122d9-53dc-47a8-b6b6-c87fac616c81:c4, c90420fb-507e-4f39-9d1e-d32950a26e2a:c10]
2019-10-20 18:39:32,048 [grpc-default-executor-5] INFO  server.GrpcLogAppender (GrpcLogAppender.java:onCompleted(308)) - 5459e257-ccbc-435a-9427-c3c16be66685@group-8B8FE5B4B5B0->c90420fb-507e-4f39-9d1e-d32950a26e2a-AppendLogResponseHandler: follower responses appendEntries COMPLETED
2019-10-20 18:39:32,050 [grpc-default-executor-5] INFO  impl.FollowerInfo (FollowerInfo.java:lambda$new$0(51)) - 5459e257-ccbc-435a-9427-c3c16be66685@group-8B8FE5B4B5B0->c90420fb-507e-4f39-9d1e-d32950a26e2a: nextIndex: updateUnconditionally 11 -> 10
2019-10-20 18:39:32,051 [7e7122d9-53dc-47a8-b6b6-c87fac616c81@group-8B8FE5B4B5B0-LeaderElection9] INFO  impl.LeaderElection (LeaderElection.java:logAndReturn(56)) - 7e7122d9-53dc-47a8-b6b6-c87fac616c81@group-8B8FE5B4B5B0-LeaderElection9: Election TIMEOUT; received 0 response(s) [] and 0 exception(s); 7e7122d9-53dc-47a8-b6b6-c87fac616c81@group-8B8FE5B4B5B0:t7, leader=null, voted=7e7122d9-53dc-47a8-b6b6-c87fac616c81, raftlog=7e7122d9-53dc-47a8-b6b6-c87fac616c81@group-8B8FE5B4B5B0-SegmentedRaftLog:OPENED:c3,f4,i4, conf=0: [7e7122d9-53dc-47a8-b6b6-c87fac616c81:192.168.164.253:46735, c90420fb-507e-4f39-9d1e-d32950a26e2a:192.168.164.253:35682, 5459e257-ccbc-435a-9427-c3c16be66685:192.168.164.253:45469], old=null
2019-10-20 18:39:32,060 [7e7122d9-53dc-47a8-b6b6-c87fac616c81@group-4D7E28B49252-SegmentedRaftLogWorker] INFO  segmented.SegmentedRaftLogWorker (SegmentedRaftLogWorker.java:execute(576)) - 7e7122d9-53dc-47a8-b6b6-c87fac616c81@group-4D7E28B49252-SegmentedRaftLogWorker: created new log segment /workdir/hadoop-ozone/integration-test/target/test-dir/MiniOzoneClusterImpl-bb5c499c-1fef-4eeb-ae34-687819fae390/datanode-1/data/ratis/2817875b-f138-438c-9942-4d7e28b49252/current/log_inprogress_1
2019-10-20 18:39:32,078 [7e7122d9-53dc-47a8-b6b6-c87fac616c81@group-8B8FE5B4B5B0-LeaderElection9] INFO  impl.LeaderElection (LeaderElection.java:askForVotes(178)) - 7e7122d9-53dc-47a8-b6b6-c87fac616c81@group-8B8FE5B4B5B0-LeaderElection9: begin an election at term 8 for 0: [7e7122d9-53dc-47a8-b6b6-c87fac616c81:192.168.164.253:46735, c90420fb-507e-4f39-9d1e-d32950a26e2a:192.168.164.253:35682, 5459e257-ccbc-435a-9427-c3c16be66685:192.168.164.253:45469], old=null
2019-10-20 18:39:32,082 [grpc-default-executor-3] INFO  impl.RaftServerImpl (RaftServerImpl.java:setRole(184)) - c90420fb-507e-4f39-9d1e-d32950a26e2a@group-8B8FE5B4B5B0: changes role from  FOLLOWER to FOLLOWER at term 8 for recognizeCandidate:7e7122d9-53dc-47a8-b6b6-c87fac616c81
2019-10-20 18:39:32,082 [grpc-default-executor-3] INFO  impl.RoleInfo (RoleInfo.java:shutdownFollowerState(121)) - c90420fb-507e-4f39-9d1e-d32950a26e2a: shutdown FollowerState
2019-10-20 18:39:32,082 [grpc-default-executor-3] INFO  impl.RoleInfo (RoleInfo.java:updateAndGet(143)) - c90420fb-507e-4f39-9d1e-d32950a26e2a: start FollowerState
2019-10-20 18:39:32,082 [Thread-581] INFO  impl.FollowerState (FollowerState.java:run(117)) - c90420fb-507e-4f39-9d1e-d32950a26e2a@group-8B8FE5B4B5B0-FollowerState was interrupted: java.lang.InterruptedException: sleep interrupted
2019-10-20 18:39:32,086 [grpc-default-executor-1] INFO  impl.RaftServerImpl (RaftServerImpl.java:setRole(184)) - 5459e257-ccbc-435a-9427-c3c16be66685@group-8B8FE5B4B5B0: changes role from  FOLLOWER to FOLLOWER at term 8 for recognizeCandidate:7e7122d9-53dc-47a8-b6b6-c87fac616c81
2019-10-20 18:39:32,086 [grpc-default-executor-1] INFO  impl.RoleInfo (RoleInfo.java:shutdownFollowerState(121)) - 5459e257-ccbc-435a-9427-c3c16be66685: shutdown FollowerState
2019-10-20 18:39:32,086 [Thread-583] INFO  impl.FollowerState (FollowerState.java:run(117)) - 5459e257-ccbc-435a-9427-c3c16be66685@group-8B8FE5B4B5B0-FollowerState was interrupted: java.lang.InterruptedException: sleep interrupted
2019-10-20 18:39:32,086 [grpc-default-executor-1] INFO  impl.RoleInfo (RoleInfo.java:updateAndGet(143)) - 5459e257-ccbc-435a-9427-c3c16be66685: start FollowerState
2019-10-20 18:39:32,098 [BlockDeletingService#2] WARN  background.BlockDeletingService (BlockDeletingService.java:isDeletionAllowed(187)) - Close Container log Index 6 is not replicated across allthe servers in the pipeline e053cdee-5b19-4be2-866a-8b8fe5b4b5b0 as the min replicated index is 4. Deletion is not allowed in this container yet.
2019-10-20 18:39:32,098 [BlockDeletingService#2] WARN  background.BlockDeletingService (BlockDeletingService.java:isDeletionAllowed(187)) - Close Container log Index 6 is not replicated across allthe servers in the pipeline e053cdee-5b19-4be2-866a-8b8fe5b4b5b0 as the min replicated index is 4. Deletion is not allowed in this container yet.
2019-10-20 18:39:32,195 [7e7122d9-53dc-47a8-b6b6-c87fac616c81@group-8B8FE5B4B5B0-LeaderElection9] INFO  impl.LeaderElection (LeaderElection.java:logAndReturn(56)) - 7e7122d9-53dc-47a8-b6b6-c87fac616c81@group-8B8FE5B4B5B0-LeaderElection9: Election REJECTED; received 2 response(s) [7e7122d9-53dc-47a8-b6b6-c87fac616c81<-c90420fb-507e-4f39-9d1e-d32950a26e2a#0:FAIL-t8, 7e7122d9-53dc-47a8-b6b6-c87fac616c81<-5459e257-ccbc-435a-9427-c3c16be66685#0:FAIL-t8] and 0 exception(s); 7e7122d9-53dc-47a8-b6b6-c87fac616c81@group-8B8FE5B4B5B0:t8, leader=null, voted=7e7122d9-53dc-47a8-b6b6-c87fac616c81, raftlog=7e7122d9-53dc-47a8-b6b6-c87fac616c81@group-8B8FE5B4B5B0-SegmentedRaftLog:OPENED:c3,f4,i4, conf=0: [7e7122d9-53dc-47a8-b6b6-c87fac616c81:192.168.164.253:46735, c90420fb-507e-4f39-9d1e-d32950a26e2a:192.168.164.253:35682, 5459e257-ccbc-435a-9427-c3c16be66685:192.168.164.253:45469], old=null
2019-10-20 18:39:32,197 [7e7122d9-53dc-47a8-b6b6-c87fac616c81@group-8B8FE5B4B5B0-LeaderElection9] INFO  impl.RaftServerImpl (RaftServerImpl.java:setRole(184)) - 7e7122d9-53dc-47a8-b6b6-c87fac616c81@group-8B8FE5B4B5B0: changes role from CANDIDATE to FOLLOWER at term 8 for DISCOVERED_A_NEW_TERM
2019-10-20 18:39:32,197 [7e7122d9-53dc-47a8-b6b6-c87fac616c81@group-8B8FE5B4B5B0-LeaderElection9] INFO  impl.RoleInfo (RoleInfo.java:shutdownLeaderElection(134)) - 7e7122d9-53dc-47a8-b6b6-c87fac616c81: shutdown LeaderElection
2019-10-20 18:39:32,197 [7e7122d9-53dc-47a8-b6b6-c87fac616c81@group-8B8FE5B4B5B0-LeaderElection9] INFO  impl.RoleInfo (RoleInfo.java:updateAndGet(143)) - 7e7122d9-53dc-47a8-b6b6-c87fac616c81: start FollowerState
2019-10-20 18:39:32,357 [Thread-591] INFO  impl.FollowerState (FollowerState.java:run(108)) - 7e7122d9-53dc-47a8-b6b6-c87fac616c81@group-8B8FE5B4B5B0-FollowerState: change to CANDIDATE, lastRpcTime:159ms, electionTimeout:159ms
2019-10-20 18:39:32,359 [Thread-591] INFO  impl.RoleInfo (RoleInfo.java:shutdownFollowerState(121)) - 7e7122d9-53dc-47a8-b6b6-c87fac616c81: shutdown FollowerState
2019-10-20 18:39:32,359 [Thread-591] INFO  impl.RaftServerImpl (RaftServerImpl.java:setRole(184)) - 7e7122d9-53dc-47a8-b6b6-c87fac616c81@group-8B8FE5B4B5B0: changes role from  FOLLOWER to CANDIDATE at term 8 for changeToCandidate
2019-10-20 18:39:32,359 [Thread-591] INFO  impl.RoleInfo (RoleInfo.java:updateAndGet(143)) - 7e7122d9-53dc-47a8-b6b6-c87fac616c81: start LeaderElection
2019-10-20 18:39:32,390 [7e7122d9-53dc-47a8-b6b6-c87fac616c81@group-8B8FE5B4B5B0-LeaderElection11] INFO  impl.LeaderElection (LeaderElection.java:askForVotes(178)) - 7e7122d9-53dc-47a8-b6b6-c87fac616c81@group-8B8FE5B4B5B0-LeaderElection11: begin an election at term 9 for 0: [7e7122d9-53dc-47a8-b6b6-c87fac616c81:192.168.164.253:46735, c90420fb-507e-4f39-9d1e-d32950a26e2a:192.168.164.253:35682, 5459e257-ccbc-435a-9427-c3c16be66685:192.168.164.253:45469], old=null
2019-10-20 18:39:32,395 [grpc-default-executor-3] INFO  impl.RaftServerImpl (RaftServerImpl.java:setRole(184)) - 5459e257-ccbc-435a-9427-c3c16be66685@group-8B8FE5B4B5B0: changes role from  FOLLOWER to FOLLOWER at term 9 for recognizeCandidate:7e7122d9-53dc-47a8-b6b6-c87fac616c81
2019-10-20 18:39:32,395 [grpc-default-executor-1] INFO  impl.RaftServerImpl (RaftServerImpl.java:setRole(184)) - c90420fb-507e-4f39-9d1e-d32950a26e2a@group-8B8FE5B4B5B0: changes role from  FOLLOWER to FOLLOWER at term 9 for recognizeCandidate:7e7122d9-53dc-47a8-b6b6-c87fac616c81
2019-10-20 18:39:32,395 [grpc-default-executor-3] INFO  impl.RoleInfo (RoleInfo.java:shutdownFollowerState(121)) - 5459e257-ccbc-435a-9427-c3c16be66685: shutdown FollowerState
2019-10-20 18:39:32,395 [grpc-default-executor-1] INFO  impl.RoleInfo (RoleInfo.java:shutdownFollowerState(121)) - c90420fb-507e-4f39-9d1e-d32950a26e2a: shutdown FollowerState
2019-10-20 18:39:32,396 [grpc-default-executor-3] INFO  impl.RoleInfo (RoleInfo.java:updateAndGet(143)) - 5459e257-ccbc-435a-9427-c3c16be66685: start FollowerState
2019-10-20 18:39:32,396 [Thread-588] INFO  impl.FollowerState (FollowerState.java:run(117)) - 5459e257-ccbc-435a-9427-c3c16be66685@group-8B8FE5B4B5B0-FollowerState was interrupted: java.lang.InterruptedException: sleep interrupted
2019-10-20 18:39:32,396 [Thread-587] INFO  impl.FollowerState (FollowerState.java:run(117)) - c90420fb-507e-4f39-9d1e-d32950a26e2a@group-8B8FE5B4B5B0-FollowerState was interrupted: java.lang.InterruptedException: sleep interrupted
2019-10-20 18:39:32,396 [grpc-default-executor-1] INFO  impl.RoleInfo (RoleInfo.java:updateAndGet(143)) - c90420fb-507e-4f39-9d1e-d32950a26e2a: start FollowerState
2019-10-20 18:39:32,426 [7e7122d9-53dc-47a8-b6b6-c87fac616c81@group-8B8FE5B4B5B0-LeaderElection11] INFO  impl.LeaderElection (LeaderElection.java:logAndReturn(56)) - 7e7122d9-53dc-47a8-b6b6-c87fac616c81@group-8B8FE5B4B5B0-LeaderElection11: Election REJECTED; received 2 response(s) [7e7122d9-53dc-47a8-b6b6-c87fac616c81<-c90420fb-507e-4f39-9d1e-d32950a26e2a#0:FAIL-t9, 7e7122d9-53dc-47a8-b6b6-c87fac616c81<-5459e257-ccbc-435a-9427-c3c16be66685#0:FAIL-t9] and 0 exception(s); 7e7122d9-53dc-47a8-b6b6-c87fac616c81@group-8B8FE5B4B5B0:t9, leader=null, voted=7e7122d9-53dc-47a8-b6b6-c87fac616c81, raftlog=7e7122d9-53dc-47a8-b6b6-c87fac616c81@group-8B8FE5B4B5B0-SegmentedRaftLog:OPENED:c3,f4,i4, conf=0: [7e7122d9-53dc-47a8-b6b6-c87fac616c81:192.168.164.253:46735, c90420fb-507e-4f39-9d1e-d32950a26e2a:192.168.164.253:35682, 5459e257-ccbc-435a-9427-c3c16be66685:192.168.164.253:45469], old=null
2019-10-20 18:39:32,426 [7e7122d9-53dc-47a8-b6b6-c87fac616c81@group-8B8FE5B4B5B0-LeaderElection11] INFO  impl.RaftServerImpl (RaftServerImpl.java:setRole(184)) - 7e7122d9-53dc-47a8-b6b6-c87fac616c81@group-8B8FE5B4B5B0: changes role from CANDIDATE to FOLLOWER at term 9 for DISCOVERED_A_NEW_TERM
2019-10-20 18:39:32,427 [7e7122d9-53dc-47a8-b6b6-c87fac616c81@group-8B8FE5B4B5B0-LeaderElection11] INFO  impl.RoleInfo (RoleInfo.java:shutdownLeaderElection(134)) - 7e7122d9-53dc-47a8-b6b6-c87fac616c81: shutdown LeaderElection
2019-10-20 18:39:32,427 [7e7122d9-53dc-47a8-b6b6-c87fac616c81@group-8B8FE5B4B5B0-LeaderElection11] INFO  impl.RoleInfo (RoleInfo.java:updateAndGet(143)) - 7e7122d9-53dc-47a8-b6b6-c87fac616c81: start FollowerState
2019-10-20 18:39:32,524 [Thread-597] INFO  impl.FollowerState (FollowerState.java:run(108)) - 7e7122d9-53dc-47a8-b6b6-c87fac616c81@group-8B8FE5B4B5B0-FollowerState: change to CANDIDATE, lastRpcTime:96ms, electionTimeout:95ms
2019-10-20 18:39:32,525 [Thread-597] INFO  impl.RoleInfo (RoleInfo.java:shutdownFollowerState(121)) - 7e7122d9-53dc-47a8-b6b6-c87fac616c81: shutdown FollowerState
2019-10-20 18:39:32,525 [Thread-597] INFO  impl.RaftServerImpl (RaftServerImpl.java:setRole(184)) - 7e7122d9-53dc-47a8-b6b6-c87fac616c81@group-8B8FE5B4B5B0: changes role from  FOLLOWER to CANDIDATE at term 9 for changeToCandidate
2019-10-20 18:39:32,525 [Thread-597] INFO  impl.RoleInfo (RoleInfo.java:updateAndGet(143)) - 7e7122d9-53dc-47a8-b6b6-c87fac616c81: start LeaderElection
2019-10-20 18:39:32,550 [7e7122d9-53dc-47a8-b6b6-c87fac616c81@group-8B8FE5B4B5B0-LeaderElection12] INFO  impl.LeaderElection (LeaderElection.java:askForVotes(178)) - 7e7122d9-53dc-47a8-b6b6-c87fac616c81@group-8B8FE5B4B5B0-LeaderElection12: begin an election at term 10 for 0: [7e7122d9-53dc-47a8-b6b6-c87fac616c81:192.168.164.253:46735, c90420fb-507e-4f39-9d1e-d32950a26e2a:192.168.164.253:35682, 5459e257-ccbc-435a-9427-c3c16be66685:192.168.164.253:45469], old=null
2019-10-20 18:39:32,555 [grpc-default-executor-3] INFO  impl.RaftServerImpl (RaftServerImpl.java:setRole(184)) - c90420fb-507e-4f39-9d1e-d32950a26e2a@group-8B8FE5B4B5B0: changes role from  FOLLOWER to FOLLOWER at term 10 for recognizeCandidate:7e7122d9-53dc-47a8-b6b6-c87fac616c81
2019-10-20 18:39:32,555 [grpc-default-executor-1] INFO  impl.RaftServerImpl (RaftServerImpl.java:setRole(184)) - 5459e257-ccbc-435a-9427-c3c16be66685@group-8B8FE5B4B5B0: changes role from  FOLLOWER to FOLLOWER at term 10 for recognizeCandidate:7e7122d9-53dc-47a8-b6b6-c87fac616c81
2019-10-20 18:39:32,556 [grpc-default-executor-3] INFO  impl.RoleInfo (RoleInfo.java:shutdownFollowerState(121)) - c90420fb-507e-4f39-9d1e-d32950a26e2a: shutdown FollowerState
2019-10-20 18:39:32,556 [grpc-default-executor-1] INFO  impl.RoleInfo (RoleInfo.java:shutdownFollowerState(121)) - 5459e257-ccbc-435a-9427-c3c16be66685: shutdown FollowerState
2019-10-20 18:39:32,556 [grpc-default-executor-3] INFO  impl.RoleInfo (RoleInfo.java:updateAndGet(143)) - c90420fb-507e-4f39-9d1e-d32950a26e2a: start FollowerState
2019-10-20 18:39:32,556 [Thread-596] INFO  impl.FollowerState (FollowerState.java:run(117)) - c90420fb-507e-4f39-9d1e-d32950a26e2a@group-8B8FE5B4B5B0-FollowerState was interrupted: java.lang.InterruptedException: sleep interrupted
2019-10-20 18:39:32,556 [Thread-595] INFO  impl.FollowerState (FollowerState.java:run(117)) - 5459e257-ccbc-435a-9427-c3c16be66685@group-8B8FE5B4B5B0-FollowerState was interrupted: java.lang.InterruptedException: sleep interrupted
2019-10-20 18:39:32,556 [grpc-default-executor-1] INFO  impl.RoleInfo (RoleInfo.java:updateAndGet(143)) - 5459e257-ccbc-435a-9427-c3c16be66685: start FollowerState
2019-10-20 18:39:32,586 [7e7122d9-53dc-47a8-b6b6-c87fac616c81@group-8B8FE5B4B5B0-LeaderElection12] INFO  impl.LeaderElection (LeaderElection.java:logAndReturn(56)) - 7e7122d9-53dc-47a8-b6b6-c87fac616c81@group-8B8FE5B4B5B0-LeaderElection12: Election REJECTED; received 2 response(s) [7e7122d9-53dc-47a8-b6b6-c87fac616c81<-c90420fb-507e-4f39-9d1e-d32950a26e2a#0:FAIL-t10, 7e7122d9-53dc-47a8-b6b6-c87fac616c81<-5459e257-ccbc-435a-9427-c3c16be66685#0:FAIL-t10] and 0 exception(s); 7e7122d9-53dc-47a8-b6b6-c87fac616c81@group-8B8FE5B4B5B0:t10, leader=null, voted=7e7122d9-53dc-47a8-b6b6-c87fac616c81, raftlog=7e7122d9-53dc-47a8-b6b6-c87fac616c81@group-8B8FE5B4B5B0-SegmentedRaftLog:OPENED:c3,f4,i4, conf=0: [7e7122d9-53dc-47a8-b6b6-c87fac616c81:192.168.164.253:46735, c90420fb-507e-4f39-9d1e-d32950a26e2a:192.168.164.253:35682, 5459e257-ccbc-435a-9427-c3c16be66685:192.168.164.253:45469], old=null
2019-10-20 18:39:32,586 [7e7122d9-53dc-47a8-b6b6-c87fac616c81@group-8B8FE5B4B5B0-LeaderElection12] INFO  impl.RaftServerImpl (RaftServerImpl.java:setRole(184)) - 7e7122d9-53dc-47a8-b6b6-c87fac616c81@group-8B8FE5B4B5B0: changes role from CANDIDATE to FOLLOWER at term 10 for DISCOVERED_A_NEW_TERM
2019-10-20 18:39:32,588 [7e7122d9-53dc-47a8-b6b6-c87fac616c81@group-8B8FE5B4B5B0-LeaderElection12] INFO  impl.RoleInfo (RoleInfo.java:shutdownLeaderElection(134)) - 7e7122d9-53dc-47a8-b6b6-c87fac616c81: shutdown LeaderElection
2019-10-20 18:39:32,588 [7e7122d9-53dc-47a8-b6b6-c87fac616c81@group-8B8FE5B4B5B0-LeaderElection12] INFO  impl.RoleInfo (RoleInfo.java:updateAndGet(143)) - 7e7122d9-53dc-47a8-b6b6-c87fac616c81: start FollowerState
2019-10-20 18:39:32,596 [Thread-603] INFO  impl.FollowerState (FollowerState.java:run(108)) - 7e7122d9-53dc-47a8-b6b6-c87fac616c81@group-8B8FE5B4B5B0-FollowerState: change to CANDIDATE, lastRpcTime:7ms, electionTimeout:6ms
2019-10-20 18:39:32,597 [Thread-603] INFO  impl.RoleInfo (RoleInfo.java:shutdownFollowerState(121)) - 7e7122d9-53dc-47a8-b6b6-c87fac616c81: shutdown FollowerState
2019-10-20 18:39:32,597 [Thread-603] INFO  impl.RaftServerImpl (RaftServerImpl.java:setRole(184)) - 7e7122d9-53dc-47a8-b6b6-c87fac616c81@group-8B8FE5B4B5B0: changes role from  FOLLOWER to CANDIDATE at term 10 for changeToCandidate
2019-10-20 18:39:32,597 [Thread-603] INFO  impl.RoleInfo (RoleInfo.java:updateAndGet(143)) - 7e7122d9-53dc-47a8-b6b6-c87fac616c81: start LeaderElection
2019-10-20 18:39:32,626 [7e7122d9-53dc-47a8-b6b6-c87fac616c81@group-8B8FE5B4B5B0-LeaderElection13] INFO  impl.LeaderElection (LeaderElection.java:askForVotes(178)) - 7e7122d9-53dc-47a8-b6b6-c87fac616c81@group-8B8FE5B4B5B0-LeaderElection13: begin an election at term 11 for 0: [7e7122d9-53dc-47a8-b6b6-c87fac616c81:192.168.164.253:46735, c90420fb-507e-4f39-9d1e-d32950a26e2a:192.168.164.253:35682, 5459e257-ccbc-435a-9427-c3c16be66685:192.168.164.253:45469], old=null
2019-10-20 18:39:32,631 [grpc-default-executor-1] INFO  impl.RaftServerImpl (RaftServerImpl.java:setRole(184)) - c90420fb-507e-4f39-9d1e-d32950a26e2a@group-8B8FE5B4B5B0: changes role from  FOLLOWER to FOLLOWER at term 11 for recognizeCandidate:7e7122d9-53dc-47a8-b6b6-c87fac616c81
2019-10-20 18:39:32,631 [grpc-default-executor-1] INFO  impl.RoleInfo (RoleInfo.java:shutdownFollowerState(121)) - c90420fb-507e-4f39-9d1e-d32950a26e2a: shutdown FollowerState
2019-10-20 18:39:32,631 [grpc-default-executor-3] INFO  impl.RaftServerImpl (RaftServerImpl.java:setRole(184)) - 5459e257-ccbc-435a-9427-c3c16be66685@group-8B8FE5B4B5B0: changes role from  FOLLOWER to FOLLOWER at term 11 for recognizeCandidate:7e7122d9-53dc-47a8-b6b6-c87fac616c81
2019-10-20 18:39:32,631 [Thread-601] INFO  impl.FollowerState (FollowerState.java:run(117)) - c90420fb-507e-4f39-9d1e-d32950a26e2a@group-8B8FE5B4B5B0-FollowerState was interrupted: java.lang.InterruptedException: sleep interrupted
2019-10-20 18:39:32,631 [grpc-default-executor-1] INFO  impl.RoleInfo (RoleInfo.java:updateAndGet(143)) - c90420fb-507e-4f39-9d1e-d32950a26e2a: start FollowerState
2019-10-20 18:39:32,631 [grpc-default-executor-3] INFO  impl.RoleInfo (RoleInfo.java:shutdownFollowerState(121)) - 5459e257-ccbc-435a-9427-c3c16be66685: shutdown FollowerState
2019-10-20 18:39:32,633 [grpc-default-executor-3] INFO  impl.RoleInfo (RoleInfo.java:updateAndGet(143)) - 5459e257-ccbc-435a-9427-c3c16be66685: start FollowerState
2019-10-20 18:39:32,633 [Thread-602] INFO  impl.FollowerState (FollowerState.java:run(117)) - 5459e257-ccbc-435a-9427-c3c16be66685@group-8B8FE5B4B5B0-FollowerState was interrupted: java.lang.InterruptedException: sleep interrupted
2019-10-20 18:39:32,662 [7e7122d9-53dc-47a8-b6b6-c87fac616c81@group-8B8FE5B4B5B0-LeaderElection13] INFO  impl.LeaderElection (LeaderElection.java:logAndReturn(56)) - 7e7122d9-53dc-47a8-b6b6-c87fac616c81@group-8B8FE5B4B5B0-LeaderElection13: Election REJECTED; received 2 response(s) [7e7122d9-53dc-47a8-b6b6-c87fac616c81<-c90420fb-507e-4f39-9d1e-d32950a26e2a#0:FAIL-t11, 7e7122d9-53dc-47a8-b6b6-c87fac616c81<-5459e257-ccbc-435a-9427-c3c16be66685#0:FAIL-t11] and 0 exception(s); 7e7122d9-53dc-47a8-b6b6-c87fac616c81@group-8B8FE5B4B5B0:t11, leader=null, voted=7e7122d9-53dc-47a8-b6b6-c87fac616c81, raftlog=7e7122d9-53dc-47a8-b6b6-c87fac616c81@group-8B8FE5B4B5B0-SegmentedRaftLog:OPENED:c3,f4,i4, conf=0: [7e7122d9-53dc-47a8-b6b6-c87fac616c81:192.168.164.253:46735, c90420fb-507e-4f39-9d1e-d32950a26e2a:192.168.164.253:35682, 5459e257-ccbc-435a-9427-c3c16be66685:192.168.164.253:45469], old=null
2019-10-20 18:39:32,662 [7e7122d9-53dc-47a8-b6b6-c87fac616c81@group-8B8FE5B4B5B0-LeaderElection13] INFO  impl.RaftServerImpl (RaftServerImpl.java:setRole(184)) - 7e7122d9-53dc-47a8-b6b6-c87fac616c81@group-8B8FE5B4B5B0: changes role from CANDIDATE to FOLLOWER at term 11 for DISCOVERED_A_NEW_TERM
2019-10-20 18:39:32,663 [7e7122d9-53dc-47a8-b6b6-c87fac616c81@group-8B8FE5B4B5B0-LeaderElection13] INFO  impl.RoleInfo (RoleInfo.java:shutdownLeaderElection(134)) - 7e7122d9-53dc-47a8-b6b6-c87fac616c81: shutdown LeaderElection
2019-10-20 18:39:32,663 [7e7122d9-53dc-47a8-b6b6-c87fac616c81@group-8B8FE5B4B5B0-LeaderElection13] INFO  impl.RoleInfo (RoleInfo.java:updateAndGet(143)) - 7e7122d9-53dc-47a8-b6b6-c87fac616c81: start FollowerState
2019-10-20 18:39:32,758 [Thread-609] INFO  impl.FollowerState (FollowerState.java:run(108)) - 7e7122d9-53dc-47a8-b6b6-c87fac616c81@group-8B8FE5B4B5B0-FollowerState: change to CANDIDATE, lastRpcTime:94ms, electionTimeout:93ms
2019-10-20 18:39:32,759 [Thread-609] INFO  impl.RoleInfo (RoleInfo.java:shutdownFollowerState(121)) - 7e7122d9-53dc-47a8-b6b6-c87fac616c81: shutdown FollowerState
2019-10-20 18:39:32,759 [Thread-609] INFO  impl.RaftServerImpl (RaftServerImpl.java:setRole(184)) - 7e7122d9-53dc-47a8-b6b6-c87fac616c81@group-8B8FE5B4B5B0: changes role from  FOLLOWER to CANDIDATE at term 11 for changeToCandidate
2019-10-20 18:39:32,759 [Thread-609] INFO  impl.RoleInfo (RoleInfo.java:updateAndGet(143)) - 7e7122d9-53dc-47a8-b6b6-c87fac616c81: start LeaderElection
2019-10-20 18:39:32,786 [7e7122d9-53dc-47a8-b6b6-c87fac616c81@group-8B8FE5B4B5B0-LeaderElection14] INFO  impl.LeaderElection (LeaderElection.java:askForVotes(178)) - 7e7122d9-53dc-47a8-b6b6-c87fac616c81@group-8B8FE5B4B5B0-LeaderElection14: begin an election at term 12 for 0: [7e7122d9-53dc-47a8-b6b6-c87fac616c81:192.168.164.253:46735, c90420fb-507e-4f39-9d1e-d32950a26e2a:192.168.164.253:35682, 5459e257-ccbc-435a-9427-c3c16be66685:192.168.164.253:45469], old=null
2019-10-20 18:39:32,793 [7e7122d9-53dc-47a8-b6b6-c87fac616c81@group-8B8FE5B4B5B0-LeaderElection14] INFO  impl.LeaderElection (LeaderElection.java:logAndReturn(56)) - 7e7122d9-53dc-47a8-b6b6-c87fac616c81@group-8B8FE5B4B5B0-LeaderElection14: Election TIMEOUT; received 0 response(s) [] and 0 exception(s); 7e7122d9-53dc-47a8-b6b6-c87fac616c81@group-8B8FE5B4B5B0:t12, leader=null, voted=7e7122d9-53dc-47a8-b6b6-c87fac616c81, raftlog=7e7122d9-53dc-47a8-b6b6-c87fac616c81@group-8B8FE5B4B5B0-SegmentedRaftLog:OPENED:c3,f4,i4, conf=0: [7e7122d9-53dc-47a8-b6b6-c87fac616c81:192.168.164.253:46735, c90420fb-507e-4f39-9d1e-d32950a26e2a:192.168.164.253:35682, 5459e257-ccbc-435a-9427-c3c16be66685:192.168.164.253:45469], old=null
2019-10-20 18:39:32,794 [grpc-default-executor-1] INFO  impl.RaftServerImpl (RaftServerImpl.java:setRole(184)) - c90420fb-507e-4f39-9d1e-d32950a26e2a@group-8B8FE5B4B5B0: changes role from  FOLLOWER to FOLLOWER at term 12 for recognizeCandidate:7e7122d9-53dc-47a8-b6b6-c87fac616c81
2019-10-20 18:39:32,794 [grpc-default-executor-3] INFO  impl.RaftServerImpl (RaftServerImpl.java:setRole(184)) - 5459e257-ccbc-435a-9427-c3c16be66685@group-8B8FE5B4B5B0: changes role from  FOLLOWER to FOLLOWER at term 12 for recognizeCandidate:7e7122d9-53dc-47a8-b6b6-c87fac616c81
2019-10-20 18:39:32,794 [grpc-default-executor-1] INFO  impl.RoleInfo (RoleInfo.java:shutdownFollowerState(121)) - c90420fb-507e-4f39-9d1e-d32950a26e2a: shutdown FollowerState
2019-10-20 18:39:32,795 [grpc-default-executor-3] INFO  impl.RoleInfo (RoleInfo.java:shutdownFollowerState(121)) - 5459e257-ccbc-435a-9427-c3c16be66685: shutdown FollowerState
2019-10-20 18:39:32,795 [Thread-607] INFO  impl.FollowerState (FollowerState.java:run(117)) - c90420fb-507e-4f39-9d1e-d32950a26e2a@group-8B8FE5B4B5B0-FollowerState was interrupted: java.lang.InterruptedException: sleep interrupted
2019-10-20 18:39:32,795 [grpc-default-executor-3] INFO  impl.RoleInfo (RoleInfo.java:updateAndGet(143)) - 5459e257-ccbc-435a-9427-c3c16be66685: start FollowerState
2019-10-20 18:39:32,795 [Thread-608] INFO  impl.FollowerState (FollowerState.java:run(117)) - 5459e257-ccbc-435a-9427-c3c16be66685@group-8B8FE5B4B5B0-FollowerState was interrupted: java.lang.InterruptedException: sleep interrupted
2019-10-20 18:39:32,795 [grpc-default-executor-1] INFO  impl.RoleInfo (RoleInfo.java:updateAndGet(143)) - c90420fb-507e-4f39-9d1e-d32950a26e2a: start FollowerState
2019-10-20 18:39:32,821 [7e7122d9-53dc-47a8-b6b6-c87fac616c81@group-8B8FE5B4B5B0-LeaderElection14] INFO  impl.LeaderElection (LeaderElection.java:askForVotes(178)) - 7e7122d9-53dc-47a8-b6b6-c87fac616c81@group-8B8FE5B4B5B0-LeaderElection14: begin an election at term 13 for 0: [7e7122d9-53dc-47a8-b6b6-c87fac616c81:192.168.164.253:46735, c90420fb-507e-4f39-9d1e-d32950a26e2a:192.168.164.253:35682, 5459e257-ccbc-435a-9427-c3c16be66685:192.168.164.253:45469], old=null
2019-10-20 18:39:32,828 [grpc-default-executor-1] INFO  impl.RaftServerImpl (RaftServerImpl.java:setRole(184)) - 5459e257-ccbc-435a-9427-c3c16be66685@group-8B8FE5B4B5B0: changes role from  FOLLOWER to FOLLOWER at term 13 for recognizeCandidate:7e7122d9-53dc-47a8-b6b6-c87fac616c81
2019-10-20 18:39:32,829 [grpc-default-executor-3] INFO  impl.RaftServerImpl (RaftServerImpl.java:setRole(184)) - c90420fb-507e-4f39-9d1e-d32950a26e2a@group-8B8FE5B4B5B0: changes role from  FOLLOWER to FOLLOWER at term 13 for recognizeCandidate:7e7122d9-53dc-47a8-b6b6-c87fac616c81
2019-10-20 18:39:32,829 [grpc-default-executor-1] INFO  impl.RoleInfo (RoleInfo.java:shutdownFollowerState(121)) - 5459e257-ccbc-435a-9427-c3c16be66685: shutdown FollowerState
2019-10-20 18:39:32,829 [grpc-default-executor-3] INFO  impl.RoleInfo (RoleInfo.java:shutdownFollowerState(121)) - c90420fb-507e-4f39-9d1e-d32950a26e2a: shutdown FollowerState
2019-10-20 18:39:32,829 [grpc-default-executor-1] INFO  impl.RoleInfo (RoleInfo.java:updateAndGet(143)) - 5459e257-ccbc-435a-9427-c3c16be66685: start FollowerState
2019-10-20 18:39:32,829 [Thread-613] INFO  impl.FollowerState (FollowerState.java:run(117)) - c90420fb-507e-4f39-9d1e-d32950a26e2a@group-8B8FE5B4B5B0-FollowerState was interrupted: java.lang.InterruptedException: sleep interrupted
2019-10-20 18:39:32,829 [grpc-default-executor-3] INFO  impl.RoleInfo (RoleInfo.java:updateAndGet(143)) - c90420fb-507e-4f39-9d1e-d32950a26e2a: start FollowerState
2019-10-20 18:39:32,829 [Thread-614] INFO  impl.FollowerState (FollowerState.java:run(117)) - 5459e257-ccbc-435a-9427-c3c16be66685@group-8B8FE5B4B5B0-FollowerState was interrupted: java.lang.InterruptedException: sleep interrupted
2019-10-20 18:39:32,851 [7e7122d9-53dc-47a8-b6b6-c87fac616c81@group-8B8FE5B4B5B0-LeaderElection14] INFO  impl.LeaderElection (LeaderElection.java:logAndReturn(56)) - 7e7122d9-53dc-47a8-b6b6-c87fac616c81@group-8B8FE5B4B5B0-LeaderElection14: Election TIMEOUT; received 0 response(s) [] and 0 exception(s); 7e7122d9-53dc-47a8-b6b6-c87fac616c81@group-8B8FE5B4B5B0:t13, leader=null, voted=7e7122d9-53dc-47a8-b6b6-c87fac616c81, raftlog=7e7122d9-53dc-47a8-b6b6-c87fac616c81@group-8B8FE5B4B5B0-SegmentedRaftLog:OPENED:c3,f4,i4, conf=0: [7e7122d9-53dc-47a8-b6b6-c87fac616c81:192.168.164.253:46735, c90420fb-507e-4f39-9d1e-d32950a26e2a:192.168.164.253:35682, 5459e257-ccbc-435a-9427-c3c16be66685:192.168.164.253:45469], old=null
2019-10-20 18:39:32,881 [7e7122d9-53dc-47a8-b6b6-c87fac616c81@group-8B8FE5B4B5B0-LeaderElection14] INFO  impl.LeaderElection (LeaderElection.java:askForVotes(178)) - 7e7122d9-53dc-47a8-b6b6-c87fac616c81@group-8B8FE5B4B5B0-LeaderElection14: begin an election at term 14 for 0: [7e7122d9-53dc-47a8-b6b6-c87fac616c81:192.168.164.253:46735, c90420fb-507e-4f39-9d1e-d32950a26e2a:192.168.164.253:35682, 5459e257-ccbc-435a-9427-c3c16be66685:192.168.164.253:45469], old=null
2019-10-20 18:39:32,886 [grpc-default-executor-3] INFO  impl.RaftServerImpl (RaftServerImpl.java:setRole(184)) - 5459e257-ccbc-435a-9427-c3c16be66685@group-8B8FE5B4B5B0: changes role from  FOLLOWER to FOLLOWER at term 14 for recognizeCandidate:7e7122d9-53dc-47a8-b6b6-c87fac616c81
2019-10-20 18:39:32,887 [grpc-default-executor-1] INFO  impl.RaftServerImpl (RaftServerImpl.java:setRole(184)) - c90420fb-507e-4f39-9d1e-d32950a26e2a@group-8B8FE5B4B5B0: changes role from  FOLLOWER to FOLLOWER at term 14 for recognizeCandidate:7e7122d9-53dc-47a8-b6b6-c87fac616c81
2019-10-20 18:39:32,887 [grpc-default-executor-3] INFO  impl.RoleInfo (RoleInfo.java:shutdownFollowerState(121)) - 5459e257-ccbc-435a-9427-c3c16be66685: shutdown FollowerState
2019-10-20 18:39:32,887 [grpc-default-executor-1] INFO  impl.RoleInfo (RoleInfo.java:shutdownFollowerState(121)) - c90420fb-507e-4f39-9d1e-d32950a26e2a: shutdown FollowerState
2019-10-20 18:39:32,888 [Thread-618] INFO  impl.FollowerState (FollowerState.java:run(117)) - 5459e257-ccbc-435a-9427-c3c16be66685@group-8B8FE5B4B5B0-FollowerState was interrupted: java.lang.InterruptedException: sleep interrupted
2019-10-20 18:39:32,888 [grpc-default-executor-1] INFO  impl.RoleInfo (RoleInfo.java:updateAndGet(143)) - c90420fb-507e-4f39-9d1e-d32950a26e2a: start FollowerState
2019-10-20 18:39:32,888 [grpc-default-executor-3] INFO  impl.RoleInfo (RoleInfo.java:updateAndGet(143)) - 5459e257-ccbc-435a-9427-c3c16be66685: start FollowerState
2019-10-20 18:39:32,888 [Thread-619] INFO  impl.FollowerState (FollowerState.java:run(117)) - c90420fb-507e-4f39-9d1e-d32950a26e2a@group-8B8FE5B4B5B0-FollowerState was interrupted: java.lang.InterruptedException: sleep interrupted
2019-10-20 18:39:32,916 [7e7122d9-53dc-47a8-b6b6-c87fac616c81@group-8B8FE5B4B5B0-LeaderElection14] INFO  impl.LeaderElection (LeaderElection.java:logAndReturn(56)) - 7e7122d9-53dc-47a8-b6b6-c87fac616c81@group-8B8FE5B4B5B0-LeaderElection14: Election REJECTED; received 2 response(s) [7e7122d9-53dc-47a8-b6b6-c87fac616c81<-c90420fb-507e-4f39-9d1e-d32950a26e2a#0:FAIL-t14, 7e7122d9-53dc-47a8-b6b6-c87fac616c81<-5459e257-ccbc-435a-9427-c3c16be66685#0:FAIL-t14] and 0 exception(s); 7e7122d9-53dc-47a8-b6b6-c87fac616c81@group-8B8FE5B4B5B0:t14, leader=null, voted=7e7122d9-53dc-47a8-b6b6-c87fac616c81, raftlog=7e7122d9-53dc-47a8-b6b6-c87fac616c81@group-8B8FE5B4B5B0-SegmentedRaftLog:OPENED:c3,f4,i4, conf=0: [7e7122d9-53dc-47a8-b6b6-c87fac616c81:192.168.164.253:46735, c90420fb-507e-4f39-9d1e-d32950a26e2a:192.168.164.253:35682, 5459e257-ccbc-435a-9427-c3c16be66685:192.168.164.253:45469], old=null
2019-10-20 18:39:32,916 [7e7122d9-53dc-47a8-b6b6-c87fac616c81@group-8B8FE5B4B5B0-LeaderElection14] INFO  impl.RaftServerImpl (RaftServerImpl.java:setRole(184)) - 7e7122d9-53dc-47a8-b6b6-c87fac616c81@group-8B8FE5B4B5B0: changes role from CANDIDATE to FOLLOWER at term 14 for DISCOVERED_A_NEW_TERM
2019-10-20 18:39:32,916 [7e7122d9-53dc-47a8-b6b6-c87fac616c81@group-8B8FE5B4B5B0-LeaderElection14] INFO  impl.RoleInfo (RoleInfo.java:shutdownLeaderElection(134)) - 7e7122d9-53dc-47a8-b6b6-c87fac616c81: shutdown LeaderElection
2019-10-20 18:39:32,916 [7e7122d9-53dc-47a8-b6b6-c87fac616c81@group-8B8FE5B4B5B0-LeaderElection14] INFO  impl.RoleInfo (RoleInfo.java:updateAndGet(143)) - 7e7122d9-53dc-47a8-b6b6-c87fac616c81: start FollowerState
2019-10-20 18:39:33,019 [java.util.concurrent.ThreadPoolExecutor$Worker@550c84d3[State = -1, empty queue]] WARN  server.GrpcLogAppender (GrpcLogAppender.java:timeoutAppendRequest(209)) - 5459e257-ccbc-435a-9427-c3c16be66685@group-8B8FE5B4B5B0->7e7122d9-53dc-47a8-b6b6-c87fac616c81-GrpcLogAppender: appendEntries Timeout, request=5459e257-ccbc-435a-9427-c3c16be66685->7e7122d9-53dc-47a8-b6b6-c87fac616c81#51-t6, previous=(t:6, i:10), leaderCommit=10, initializing? false, entries: <empty>
2019-10-20 18:39:33,038 [pool-7-thread-1] INFO  commands.RetriableDatanodeEventWatcher (RetriableDatanodeEventWatcher.java:onTimeout(47)) - RetriableDatanodeCommand type=deleteBlocksCommand with id=1571596769032 timed out. Retrying.
2019-10-20 18:39:33,038 [pool-7-thread-3] INFO  commands.RetriableDatanodeEventWatcher (RetriableDatanodeEventWatcher.java:onTimeout(47)) - RetriableDatanodeCommand type=deleteBlocksCommand with id=1571596769026 timed out. Retrying.
2019-10-20 18:39:33,039 [pool-7-thread-3] INFO  commands.RetriableDatanodeEventWatcher (RetriableDatanodeEventWatcher.java:onTimeout(47)) - RetriableDatanodeCommand type=deleteBlocksCommand with id=1571596769031 timed out. Retrying.
2019-10-20 18:39:33,040 [pool-7-thread-1] INFO  commands.RetriableDatanodeEventWatcher (RetriableDatanodeEventWatcher.java:onTimeout(47)) - RetriableDatanodeCommand type=deleteBlocksCommand with id=1571596769029 timed out. Retrying.
2019-10-20 18:39:33,040 [SCMBlockDeletingService#1] INFO  block.SCMBlockDeletingService (SCMBlockDeletingService.java:call(184)) - Totally added 1 delete blocks command for 1 datanodes, task elapsed time: 0ms
2019-10-20 18:39:33,065 [Thread-626] INFO  client.GrpcClientProtocolService (GrpcClientProtocolService.java:lambda$processClientRequest$0(278)) - Failed RaftClientRequest:client-33348DE3F0EA->c90420fb-507e-4f39-9d1e-d32950a26e2a@group-8B8FE5B4B5B0, cid=10, seq=0, Watch-ALL_COMMITTED(6), Message:<EMPTY>, reply=RaftClientReply:client-33348DE3F0EA->c90420fb-507e-4f39-9d1e-d32950a26e2a@group-8B8FE5B4B5B0, cid=10, FAILED org.apache.ratis.protocol.NotLeaderException: Server c90420fb-507e-4f39-9d1e-d32950a26e2a@group-8B8FE5B4B5B0 is not the leader, logIndex=0, commits[c90420fb-507e-4f39-9d1e-d32950a26e2a:c10, 7e7122d9-53dc-47a8-b6b6-c87fac616c81:c4, 5459e257-ccbc-435a-9427-c3c16be66685:c10]
2019-10-20 18:39:33,099 [BlockDeletingService#2] WARN  background.BlockDeletingService (BlockDeletingService.java:isDeletionAllowed(187)) - Close Container log Index 6 is not replicated across allthe servers in the pipeline e053cdee-5b19-4be2-866a-8b8fe5b4b5b0 as the min replicated index is 4. Deletion is not allowed in this container yet.
2019-10-20 18:39:33,099 [BlockDeletingService#2] WARN  background.BlockDeletingService (BlockDeletingService.java:isDeletionAllowed(187)) - Close Container log Index 6 is not replicated across allthe servers in the pipeline e053cdee-5b19-4be2-866a-8b8fe5b4b5b0 as the min replicated index is 4. Deletion is not allowed in this container yet.
2019-10-20 18:39:33,116 [Thread-624] INFO  impl.FollowerState (FollowerState.java:run(108)) - 7e7122d9-53dc-47a8-b6b6-c87fac616c81@group-8B8FE5B4B5B0-FollowerState: change to CANDIDATE, lastRpcTime:199ms, electionTimeout:199ms
2019-10-20 18:39:33,117 [Thread-624] INFO  impl.RoleInfo (RoleInfo.java:shutdownFollowerState(121)) - 7e7122d9-53dc-47a8-b6b6-c87fac616c81: shutdown FollowerState
2019-10-20 18:39:33,117 [Thread-624] INFO  impl.RaftServerImpl (RaftServerImpl.java:setRole(184)) - 7e7122d9-53dc-47a8-b6b6-c87fac616c81@group-8B8FE5B4B5B0: changes role from  FOLLOWER to CANDIDATE at term 14 for changeToCandidate
2019-10-20 18:39:33,117 [Thread-624] INFO  impl.RoleInfo (RoleInfo.java:updateAndGet(143)) - 7e7122d9-53dc-47a8-b6b6-c87fac616c81: start LeaderElection
2019-10-20 18:39:33,141 [7e7122d9-53dc-47a8-b6b6-c87fac616c81@group-8B8FE5B4B5B0-LeaderElection15] INFO  impl.LeaderElection (LeaderElection.java:askForVotes(178)) - 7e7122d9-53dc-47a8-b6b6-c87fac616c81@group-8B8FE5B4B5B0-LeaderElection15: begin an election at term 15 for 0: [7e7122d9-53dc-47a8-b6b6-c87fac616c81:192.168.164.253:46735, c90420fb-507e-4f39-9d1e-d32950a26e2a:192.168.164.253:35682, 5459e257-ccbc-435a-9427-c3c16be66685:192.168.164.253:45469], old=null
2019-10-20 18:39:33,145 [grpc-default-executor-3] INFO  impl.RaftServerImpl (RaftServerImpl.java:setRole(184)) - 5459e257-ccbc-435a-9427-c3c16be66685@group-8B8FE5B4B5B0: changes role from  FOLLOWER to FOLLOWER at term 15 for recognizeCandidate:7e7122d9-53dc-47a8-b6b6-c87fac616c81
2019-10-20 18:39:33,145 [grpc-default-executor-1] INFO  impl.RaftServerImpl (RaftServerImpl.java:setRole(184)) - c90420fb-507e-4f39-9d1e-d32950a26e2a@group-8B8FE5B4B5B0: changes role from  FOLLOWER to FOLLOWER at term 15 for recognizeCandidate:7e7122d9-53dc-47a8-b6b6-c87fac616c81
2019-10-20 18:39:33,145 [grpc-default-executor-3] INFO  impl.RoleInfo (RoleInfo.java:shutdownFollowerState(121)) - 5459e257-ccbc-435a-9427-c3c16be66685: shutdown FollowerState
2019-10-20 18:39:33,146 [grpc-default-executor-1] INFO  impl.RoleInfo (RoleInfo.java:shutdownFollowerState(121)) - c90420fb-507e-4f39-9d1e-d32950a26e2a: shutdown FollowerState
2019-10-20 18:39:33,146 [grpc-default-executor-3] INFO  impl.RoleInfo (RoleInfo.java:updateAndGet(143)) - 5459e257-ccbc-435a-9427-c3c16be66685: start FollowerState
2019-10-20 18:39:33,146 [Thread-622] INFO  impl.FollowerState (FollowerState.java:run(117)) - 5459e257-ccbc-435a-9427-c3c16be66685@group-8B8FE5B4B5B0-FollowerState was interrupted: java.lang.InterruptedException: sleep interrupted
2019-10-20 18:39:33,146 [Thread-623] INFO  impl.FollowerState (FollowerState.java:run(117)) - c90420fb-507e-4f39-9d1e-d32950a26e2a@group-8B8FE5B4B5B0-FollowerState was interrupted: java.lang.InterruptedException: sleep interrupted
2019-10-20 18:39:33,146 [grpc-default-executor-1] INFO  impl.RoleInfo (RoleInfo.java:updateAndGet(143)) - c90420fb-507e-4f39-9d1e-d32950a26e2a: start FollowerState
2019-10-20 18:39:33,176 [7e7122d9-53dc-47a8-b6b6-c87fac616c81@group-8B8FE5B4B5B0-LeaderElection15] INFO  impl.LeaderElection (LeaderElection.java:logAndReturn(56)) - 7e7122d9-53dc-47a8-b6b6-c87fac616c81@group-8B8FE5B4B5B0-LeaderElection15: Election REJECTED; received 2 response(s) [7e7122d9-53dc-47a8-b6b6-c87fac616c81<-c90420fb-507e-4f39-9d1e-d32950a26e2a#0:FAIL-t15, 7e7122d9-53dc-47a8-b6b6-c87fac616c81<-5459e257-ccbc-435a-9427-c3c16be66685#0:FAIL-t15] and 0 exception(s); 7e7122d9-53dc-47a8-b6b6-c87fac616c81@group-8B8FE5B4B5B0:t15, leader=null, voted=7e7122d9-53dc-47a8-b6b6-c87fac616c81, raftlog=7e7122d9-53dc-47a8-b6b6-c87fac616c81@group-8B8FE5B4B5B0-SegmentedRaftLog:OPENED:c3,f4,i4, conf=0: [7e7122d9-53dc-47a8-b6b6-c87fac616c81:192.168.164.253:46735, c90420fb-507e-4f39-9d1e-d32950a26e2a:192.168.164.253:35682, 5459e257-ccbc-435a-9427-c3c16be66685:192.168.164.253:45469], old=null
2019-10-20 18:39:33,176 [7e7122d9-53dc-47a8-b6b6-c87fac616c81@group-8B8FE5B4B5B0-LeaderElection15] INFO  impl.RaftServerImpl (RaftServerImpl.java:setRole(184)) - 7e7122d9-53dc-47a8-b6b6-c87fac616c81@group-8B8FE5B4B5B0: changes role from CANDIDATE to FOLLOWER at term 15 for DISCOVERED_A_NEW_TERM
2019-10-20 18:39:33,176 [7e7122d9-53dc-47a8-b6b6-c87fac616c81@group-8B8FE5B4B5B0-LeaderElection15] INFO  impl.RoleInfo (RoleInfo.java:shutdownLeaderElection(134)) - 7e7122d9-53dc-47a8-b6b6-c87fac616c81: shutdown LeaderElection
2019-10-20 18:39:33,176 [7e7122d9-53dc-47a8-b6b6-c87fac616c81@group-8B8FE5B4B5B0-LeaderElection15] INFO  impl.RoleInfo (RoleInfo.java:updateAndGet(143)) - 7e7122d9-53dc-47a8-b6b6-c87fac616c81: start FollowerState
2019-10-20 18:39:33,251 [Thread-635] INFO  impl.FollowerState (FollowerState.java:run(108)) - 7e7122d9-53dc-47a8-b6b6-c87fac616c81@group-8B8FE5B4B5B0-FollowerState: change to CANDIDATE, lastRpcTime:74ms, electionTimeout:74ms
2019-10-20 18:39:33,252 [Thread-635] INFO  impl.RoleInfo (RoleInfo.java:shutdownFollowerState(121)) - 7e7122d9-53dc-47a8-b6b6-c87fac616c81: shutdown FollowerState
2019-10-20 18:39:33,252 [Thread-635] INFO  impl.RaftServerImpl (RaftServerImpl.java:setRole(184)) - 7e7122d9-53dc-47a8-b6b6-c87fac616c81@group-8B8FE5B4B5B0: changes role from  FOLLOWER to CANDIDATE at term 15 for changeToCandidate
2019-10-20 18:39:33,253 [Thread-635] INFO  impl.RoleInfo (RoleInfo.java:updateAndGet(143)) - 7e7122d9-53dc-47a8-b6b6-c87fac616c81: start LeaderElection
2019-10-20 18:39:33,276 [7e7122d9-53dc-47a8-b6b6-c87fac616c81@group-8B8FE5B4B5B0-LeaderElection16] INFO  impl.LeaderElection (LeaderElection.java:askForVotes(178)) - 7e7122d9-53dc-47a8-b6b6-c87fac616c81@group-8B8FE5B4B5B0-LeaderElection16: begin an election at term 16 for 0: [7e7122d9-53dc-47a8-b6b6-c87fac616c81:192.168.164.253:46735, c90420fb-507e-4f39-9d1e-d32950a26e2a:192.168.164.253:35682, 5459e257-ccbc-435a-9427-c3c16be66685:192.168.164.253:45469], old=null
2019-10-20 18:39:33,280 [grpc-default-executor-3] INFO  impl.RaftServerImpl (RaftServerImpl.java:setRole(184)) - c90420fb-507e-4f39-9d1e-d32950a26e2a@group-8B8FE5B4B5B0: changes role from  FOLLOWER to FOLLOWER at term 16 for recognizeCandidate:7e7122d9-53dc-47a8-b6b6-c87fac616c81
2019-10-20 18:39:33,280 [grpc-default-executor-1] INFO  impl.RaftServerImpl (RaftServerImpl.java:setRole(184)) - 5459e257-ccbc-435a-9427-c3c16be66685@group-8B8FE5B4B5B0: changes role from  FOLLOWER to FOLLOWER at term 16 for recognizeCandidate:7e7122d9-53dc-47a8-b6b6-c87fac616c81
2019-10-20 18:39:33,280 [grpc-default-executor-3] INFO  impl.RoleInfo (RoleInfo.java:shutdownFollowerState(121)) - c90420fb-507e-4f39-9d1e-d32950a26e2a: shutdown FollowerState
2019-10-20 18:39:33,281 [grpc-default-executor-1] INFO  impl.RoleInfo (RoleInfo.java:shutdownFollowerState(121)) - 5459e257-ccbc-435a-9427-c3c16be66685: shutdown FollowerState
2019-10-20 18:39:33,281 [Thread-634] INFO  impl.FollowerState (FollowerState.java:run(117)) - c90420fb-507e-4f39-9d1e-d32950a26e2a@group-8B8FE5B4B5B0-FollowerState was interrupted: java.lang.InterruptedException: sleep interrupted
2019-10-20 18:39:33,281 [grpc-default-executor-3] INFO  impl.RoleInfo (RoleInfo.java:updateAndGet(143)) - c90420fb-507e-4f39-9d1e-d32950a26e2a: start FollowerState
2019-10-20 18:39:33,281 [Thread-633] INFO  impl.FollowerState (FollowerState.java:run(117)) - 5459e257-ccbc-435a-9427-c3c16be66685@group-8B8FE5B4B5B0-FollowerState was interrupted: java.lang.InterruptedException: sleep interrupted
2019-10-20 18:39:33,281 [grpc-default-executor-1] INFO  impl.RoleInfo (RoleInfo.java:updateAndGet(143)) - 5459e257-ccbc-435a-9427-c3c16be66685: start FollowerState
2019-10-20 18:39:33,311 [7e7122d9-53dc-47a8-b6b6-c87fac616c81@group-8B8FE5B4B5B0-LeaderElection16] INFO  impl.LeaderElection (LeaderElection.java:logAndReturn(56)) - 7e7122d9-53dc-47a8-b6b6-c87fac616c81@group-8B8FE5B4B5B0-LeaderElection16: Election REJECTED; received 2 response(s) [7e7122d9-53dc-47a8-b6b6-c87fac616c81<-c90420fb-507e-4f39-9d1e-d32950a26e2a#0:FAIL-t16, 7e7122d9-53dc-47a8-b6b6-c87fac616c81<-5459e257-ccbc-435a-9427-c3c16be66685#0:FAIL-t16] and 0 exception(s); 7e7122d9-53dc-47a8-b6b6-c87fac616c81@group-8B8FE5B4B5B0:t16, leader=null, voted=7e7122d9-53dc-47a8-b6b6-c87fac616c81, raftlog=7e7122d9-53dc-47a8-b6b6-c87fac616c81@group-8B8FE5B4B5B0-SegmentedRaftLog:OPENED:c3,f4,i4, conf=0: [7e7122d9-53dc-47a8-b6b6-c87fac616c81:192.168.164.253:46735, c90420fb-507e-4f39-9d1e-d32950a26e2a:192.168.164.253:35682, 5459e257-ccbc-435a-9427-c3c16be66685:192.168.164.253:45469], old=null
2019-10-20 18:39:33,312 [7e7122d9-53dc-47a8-b6b6-c87fac616c81@group-8B8FE5B4B5B0-LeaderElection16] INFO  impl.RaftServerImpl (RaftServerImpl.java:setRole(184)) - 7e7122d9-53dc-47a8-b6b6-c87fac616c81@group-8B8FE5B4B5B0: changes role from CANDIDATE to FOLLOWER at term 16 for DISCOVERED_A_NEW_TERM
2019-10-20 18:39:33,312 [7e7122d9-53dc-47a8-b6b6-c87fac616c81@group-8B8FE5B4B5B0-LeaderElection16] INFO  impl.RoleInfo (RoleInfo.java:shutdownLeaderElection(134)) - 7e7122d9-53dc-47a8-b6b6-c87fac616c81: shutdown LeaderElection
2019-10-20 18:39:33,312 [7e7122d9-53dc-47a8-b6b6-c87fac616c81@group-8B8FE5B4B5B0-LeaderElection16] INFO  impl.RoleInfo (RoleInfo.java:updateAndGet(143)) - 7e7122d9-53dc-47a8-b6b6-c87fac616c81: start FollowerState
2019-10-20 18:39:33,377 [Thread-641] INFO  impl.FollowerState (FollowerState.java:run(108)) - 7e7122d9-53dc-47a8-b6b6-c87fac616c81@group-8B8FE5B4B5B0-FollowerState: change to CANDIDATE, lastRpcTime:65ms, electionTimeout:65ms
2019-10-20 18:39:33,379 [Thread-641] INFO  impl.RoleInfo (RoleInfo.java:shutdownFollowerState(121)) - 7e7122d9-53dc-47a8-b6b6-c87fac616c81: shutdown FollowerState
2019-10-20 18:39:33,379 [Thread-641] INFO  impl.RaftServerImpl (RaftServerImpl.java:setRole(184)) - 7e7122d9-53dc-47a8-b6b6-c87fac616c81@group-8B8FE5B4B5B0: changes role from  FOLLOWER to CANDIDATE at term 16 for changeToCandidate
2019-10-20 18:39:33,379 [Thread-641] INFO  impl.RoleInfo (RoleInfo.java:updateAndGet(143)) - 7e7122d9-53dc-47a8-b6b6-c87fac616c81: start LeaderElection
2019-10-20 18:39:33,402 [7e7122d9-53dc-47a8-b6b6-c87fac616c81@group-8B8FE5B4B5B0-LeaderElection17] INFO  impl.LeaderElection (LeaderElection.java:askForVotes(178)) - 7e7122d9-53dc-47a8-b6b6-c87fac616c81@group-8B8FE5B4B5B0-LeaderElection17: begin an election at term 17 for 0: [7e7122d9-53dc-47a8-b6b6-c87fac616c81:192.168.164.253:46735, c90420fb-507e-4f39-9d1e-d32950a26e2a:192.168.164.253:35682, 5459e257-ccbc-435a-9427-c3c16be66685:192.168.164.253:45469], old=null
2019-10-20 18:39:33,406 [grpc-default-executor-3] INFO  impl.RaftServerImpl (RaftServerImpl.java:setRole(184)) - 5459e257-ccbc-435a-9427-c3c16be66685@group-8B8FE5B4B5B0: changes role from  FOLLOWER to FOLLOWER at term 17 for recognizeCandidate:7e7122d9-53dc-47a8-b6b6-c87fac616c81
2019-10-20 18:39:33,406 [grpc-default-executor-1] INFO  impl.RaftServerImpl (RaftServerImpl.java:setRole(184)) - c90420fb-507e-4f39-9d1e-d32950a26e2a@group-8B8FE5B4B5B0: changes role from  FOLLOWER to FOLLOWER at term 17 for recognizeCandidate:7e7122d9-53dc-47a8-b6b6-c87fac616c81
2019-10-20 18:39:33,406 [grpc-default-executor-3] INFO  impl.RoleInfo (RoleInfo.java:shutdownFollowerState(121)) - 5459e257-ccbc-435a-9427-c3c16be66685: shutdown FollowerState
2019-10-20 18:39:33,407 [grpc-default-executor-1] INFO  impl.RoleInfo (RoleInfo.java:shutdownFollowerState(121)) - c90420fb-507e-4f39-9d1e-d32950a26e2a: shutdown FollowerState
2019-10-20 18:39:33,407 [grpc-default-executor-3] INFO  impl.RoleInfo (RoleInfo.java:updateAndGet(143)) - 5459e257-ccbc-435a-9427-c3c16be66685: start FollowerState
2019-10-20 18:39:33,407 [Thread-640] INFO  impl.FollowerState (FollowerState.java:run(117)) - 5459e257-ccbc-435a-9427-c3c16be66685@group-8B8FE5B4B5B0-FollowerState was interrupted: java.lang.InterruptedException: sleep interrupted
2019-10-20 18:39:33,407 [Thread-639] INFO  impl.FollowerState (FollowerState.java:run(117)) - c90420fb-507e-4f39-9d1e-d32950a26e2a@group-8B8FE5B4B5B0-FollowerState was interrupted: java.lang.InterruptedException: sleep interrupted
2019-10-20 18:39:33,407 [grpc-default-executor-1] INFO  impl.RoleInfo (RoleInfo.java:updateAndGet(143)) - c90420fb-507e-4f39-9d1e-d32950a26e2a: start FollowerState
2019-10-20 18:39:33,429 [7e7122d9-53dc-47a8-b6b6-c87fac616c81@group-8B8FE5B4B5B0-LeaderElection17] INFO  impl.LeaderElection (LeaderElection.java:logAndReturn(56)) - 7e7122d9-53dc-47a8-b6b6-c87fac616c81@group-8B8FE5B4B5B0-LeaderElection17: Election REJECTED; received 2 response(s) [7e7122d9-53dc-47a8-b6b6-c87fac616c81<-c90420fb-507e-4f39-9d1e-d32950a26e2a#0:FAIL-t17, 7e7122d9-53dc-47a8-b6b6-c87fac616c81<-5459e257-ccbc-435a-9427-c3c16be66685#0:FAIL-t17] and 0 exception(s); 7e7122d9-53dc-47a8-b6b6-c87fac616c81@group-8B8FE5B4B5B0:t17, leader=null, voted=7e7122d9-53dc-47a8-b6b6-c87fac616c81, raftlog=7e7122d9-53dc-47a8-b6b6-c87fac616c81@group-8B8FE5B4B5B0-SegmentedRaftLog:OPENED:c3,f4,i4, conf=0: [7e7122d9-53dc-47a8-b6b6-c87fac616c81:192.168.164.253:46735, c90420fb-507e-4f39-9d1e-d32950a26e2a:192.168.164.253:35682, 5459e257-ccbc-435a-9427-c3c16be66685:192.168.164.253:45469], old=null
2019-10-20 18:39:33,429 [7e7122d9-53dc-47a8-b6b6-c87fac616c81@group-8B8FE5B4B5B0-LeaderElection17] INFO  impl.RaftServerImpl (RaftServerImpl.java:setRole(184)) - 7e7122d9-53dc-47a8-b6b6-c87fac616c81@group-8B8FE5B4B5B0: changes role from CANDIDATE to FOLLOWER at term 17 for DISCOVERED_A_NEW_TERM
2019-10-20 18:39:33,429 [7e7122d9-53dc-47a8-b6b6-c87fac616c81@group-8B8FE5B4B5B0-LeaderElection17] INFO  impl.RoleInfo (RoleInfo.java:shutdownLeaderElection(134)) - 7e7122d9-53dc-47a8-b6b6-c87fac616c81: shutdown LeaderElection
2019-10-20 18:39:33,429 [7e7122d9-53dc-47a8-b6b6-c87fac616c81@group-8B8FE5B4B5B0-LeaderElection17] INFO  impl.RoleInfo (RoleInfo.java:updateAndGet(143)) - 7e7122d9-53dc-47a8-b6b6-c87fac616c81: start FollowerState
2019-10-20 18:39:33,586 [Thread-647] INFO  impl.FollowerState (FollowerState.java:run(108)) - 7e7122d9-53dc-47a8-b6b6-c87fac616c81@group-8B8FE5B4B5B0-FollowerState: change to CANDIDATE, lastRpcTime:157ms, electionTimeout:157ms
2019-10-20 18:39:33,588 [Thread-647] INFO  impl.RoleInfo (RoleInfo.java:shutdownFollowerState(121)) - 7e7122d9-53dc-47a8-b6b6-c87fac616c81: shutdown FollowerState
2019-10-20 18:39:33,588 [Thread-647] INFO  impl.RaftServerImpl (RaftServerImpl.java:setRole(184)) - 7e7122d9-53dc-47a8-b6b6-c87fac616c81@group-8B8FE5B4B5B0: changes role from  FOLLOWER to CANDIDATE at term 17 for changeToCandidate
2019-10-20 18:39:33,588 [Thread-647] INFO  impl.RoleInfo (RoleInfo.java:updateAndGet(143)) - 7e7122d9-53dc-47a8-b6b6-c87fac616c81: start LeaderElection
2019-10-20 18:39:33,621 [7e7122d9-53dc-47a8-b6b6-c87fac616c81@group-8B8FE5B4B5B0-LeaderElection18] INFO  impl.LeaderElection (LeaderElection.java:askForVotes(178)) - 7e7122d9-53dc-47a8-b6b6-c87fac616c81@group-8B8FE5B4B5B0-LeaderElection18: begin an election at term 18 for 0: [7e7122d9-53dc-47a8-b6b6-c87fac616c81:192.168.164.253:46735, c90420fb-507e-4f39-9d1e-d32950a26e2a:192.168.164.253:35682, 5459e257-ccbc-435a-9427-c3c16be66685:192.168.164.253:45469], old=null
2019-10-20 18:39:33,625 [grpc-default-executor-3] INFO  impl.RaftServerImpl (RaftServerImpl.java:setRole(184)) - 5459e257-ccbc-435a-9427-c3c16be66685@group-8B8FE5B4B5B0: changes role from  FOLLOWER to FOLLOWER at term 18 for recognizeCandidate:7e7122d9-53dc-47a8-b6b6-c87fac616c81
2019-10-20 18:39:33,625 [grpc-default-executor-3] INFO  impl.RoleInfo (RoleInfo.java:shutdownFollowerState(121)) - 5459e257-ccbc-435a-9427-c3c16be66685: shutdown FollowerState
2019-10-20 18:39:33,625 [grpc-default-executor-1] INFO  impl.RaftServerImpl (RaftServerImpl.java:setRole(184)) - c90420fb-507e-4f39-9d1e-d32950a26e2a@group-8B8FE5B4B5B0: changes role from  FOLLOWER to FOLLOWER at term 18 for recognizeCandidate:7e7122d9-53dc-47a8-b6b6-c87fac616c81
2019-10-20 18:39:33,626 [Thread-645] INFO  impl.FollowerState (FollowerState.java:run(117)) - 5459e257-ccbc-435a-9427-c3c16be66685@group-8B8FE5B4B5B0-FollowerState was interrupted: java.lang.InterruptedException: sleep interrupted
2019-10-20 18:39:33,625 [grpc-default-executor-3] INFO  impl.RoleInfo (RoleInfo.java:updateAndGet(143)) - 5459e257-ccbc-435a-9427-c3c16be66685: start FollowerState
2019-10-20 18:39:33,626 [grpc-default-executor-1] INFO  impl.RoleInfo (RoleInfo.java:shutdownFollowerState(121)) - c90420fb-507e-4f39-9d1e-d32950a26e2a: shutdown FollowerState
2019-10-20 18:39:33,626 [Thread-646] INFO  impl.FollowerState (FollowerState.java:run(117)) - c90420fb-507e-4f39-9d1e-d32950a26e2a@group-8B8FE5B4B5B0-FollowerState was interrupted: java.lang.InterruptedException: sleep interrupted
2019-10-20 18:39:33,626 [grpc-default-executor-1] INFO  impl.RoleInfo (RoleInfo.java:updateAndGet(143)) - c90420fb-507e-4f39-9d1e-d32950a26e2a: start FollowerState
2019-10-20 18:39:33,631 [7e7122d9-53dc-47a8-b6b6-c87fac616c81@group-8B8FE5B4B5B0-LeaderElection18] INFO  impl.LeaderElection (LeaderElection.java:logAndReturn(56)) - 7e7122d9-53dc-47a8-b6b6-c87fac616c81@group-8B8FE5B4B5B0-LeaderElection18: Election TIMEOUT; received 0 response(s) [] and 0 exception(s); 7e7122d9-53dc-47a8-b6b6-c87fac616c81@group-8B8FE5B4B5B0:t18, leader=null, voted=7e7122d9-53dc-47a8-b6b6-c87fac616c81, raftlog=7e7122d9-53dc-47a8-b6b6-c87fac616c81@group-8B8FE5B4B5B0-SegmentedRaftLog:OPENED:c3,f4,i4, conf=0: [7e7122d9-53dc-47a8-b6b6-c87fac616c81:192.168.164.253:46735, c90420fb-507e-4f39-9d1e-d32950a26e2a:192.168.164.253:35682, 5459e257-ccbc-435a-9427-c3c16be66685:192.168.164.253:45469], old=null
2019-10-20 18:39:33,656 [7e7122d9-53dc-47a8-b6b6-c87fac616c81@group-8B8FE5B4B5B0-LeaderElection18] INFO  impl.LeaderElection (LeaderElection.java:askForVotes(178)) - 7e7122d9-53dc-47a8-b6b6-c87fac616c81@group-8B8FE5B4B5B0-LeaderElection18: begin an election at term 19 for 0: [7e7122d9-53dc-47a8-b6b6-c87fac616c81:192.168.164.253:46735, c90420fb-507e-4f39-9d1e-d32950a26e2a:192.168.164.253:35682, 5459e257-ccbc-435a-9427-c3c16be66685:192.168.164.253:45469], old=null
2019-10-20 18:39:33,660 [grpc-default-executor-3] INFO  impl.RaftServerImpl (RaftServerImpl.java:setRole(184)) - c90420fb-507e-4f39-9d1e-d32950a26e2a@group-8B8FE5B4B5B0: changes role from  FOLLOWER to FOLLOWER at term 19 for recognizeCandidate:7e7122d9-53dc-47a8-b6b6-c87fac616c81
2019-10-20 18:39:33,661 [grpc-default-executor-3] INFO  impl.RoleInfo (RoleInfo.java:shutdownFollowerState(121)) - c90420fb-507e-4f39-9d1e-d32950a26e2a: shutdown FollowerState
2019-10-20 18:39:33,661 [grpc-default-executor-1] INFO  impl.RaftServerImpl (RaftServerImpl.java:setRole(184)) - 5459e257-ccbc-435a-9427-c3c16be66685@group-8B8FE5B4B5B0: changes role from  FOLLOWER to FOLLOWER at term 19 for recognizeCandidate:7e7122d9-53dc-47a8-b6b6-c87fac616c81
2019-10-20 18:39:33,661 [Thread-652] INFO  impl.FollowerState (FollowerState.java:run(117)) - c90420fb-507e-4f39-9d1e-d32950a26e2a@group-8B8FE5B4B5B0-FollowerState was interrupted: java.lang.InterruptedException: sleep interrupted
2019-10-20 18:39:33,661 [grpc-default-executor-3] INFO  impl.RoleInfo (RoleInfo.java:updateAndGet(143)) - c90420fb-507e-4f39-9d1e-d32950a26e2a: start FollowerState
2019-10-20 18:39:33,661 [grpc-default-executor-1] INFO  impl.RoleInfo (RoleInfo.java:shutdownFollowerState(121)) - 5459e257-ccbc-435a-9427-c3c16be66685: shutdown FollowerState
2019-10-20 18:39:33,662 [Thread-651] INFO  impl.FollowerState (FollowerState.java:run(117)) - 5459e257-ccbc-435a-9427-c3c16be66685@group-8B8FE5B4B5B0-FollowerState was interrupted: java.lang.InterruptedException: sleep interrupted
2019-10-20 18:39:33,662 [grpc-default-executor-1] INFO  impl.RoleInfo (RoleInfo.java:updateAndGet(143)) - 5459e257-ccbc-435a-9427-c3c16be66685: start FollowerState
2019-10-20 18:39:33,690 [7e7122d9-53dc-47a8-b6b6-c87fac616c81@group-8B8FE5B4B5B0-LeaderElection18] INFO  impl.LeaderElection (LeaderElection.java:logAndReturn(56)) - 7e7122d9-53dc-47a8-b6b6-c87fac616c81@group-8B8FE5B4B5B0-LeaderElection18: Election REJECTED; received 2 response(s) [7e7122d9-53dc-47a8-b6b6-c87fac616c81<-c90420fb-507e-4f39-9d1e-d32950a26e2a#0:FAIL-t19, 7e7122d9-53dc-47a8-b6b6-c87fac616c81<-5459e257-ccbc-435a-9427-c3c16be66685#0:FAIL-t19] and 0 exception(s); 7e7122d9-53dc-47a8-b6b6-c87fac616c81@group-8B8FE5B4B5B0:t19, leader=null, voted=7e7122d9-53dc-47a8-b6b6-c87fac616c81, raftlog=7e7122d9-53dc-47a8-b6b6-c87fac616c81@group-8B8FE5B4B5B0-SegmentedRaftLog:OPENED:c3,f4,i4, conf=0: [7e7122d9-53dc-47a8-b6b6-c87fac616c81:192.168.164.253:46735, c90420fb-507e-4f39-9d1e-d32950a26e2a:192.168.164.253:35682, 5459e257-ccbc-435a-9427-c3c16be66685:192.168.164.253:45469], old=null
2019-10-20 18:39:33,691 [7e7122d9-53dc-47a8-b6b6-c87fac616c81@group-8B8FE5B4B5B0-LeaderElection18] INFO  impl.RaftServerImpl (RaftServerImpl.java:setRole(184)) - 7e7122d9-53dc-47a8-b6b6-c87fac616c81@group-8B8FE5B4B5B0: changes role from CANDIDATE to FOLLOWER at term 19 for DISCOVERED_A_NEW_TERM
2019-10-20 18:39:33,691 [7e7122d9-53dc-47a8-b6b6-c87fac616c81@group-8B8FE5B4B5B0-LeaderElection18] INFO  impl.RoleInfo (RoleInfo.java:shutdownLeaderElection(134)) - 7e7122d9-53dc-47a8-b6b6-c87fac616c81: shutdown LeaderElection
2019-10-20 18:39:33,691 [7e7122d9-53dc-47a8-b6b6-c87fac616c81@group-8B8FE5B4B5B0-LeaderElection18] INFO  impl.RoleInfo (RoleInfo.java:updateAndGet(143)) - 7e7122d9-53dc-47a8-b6b6-c87fac616c81: start FollowerState
2019-10-20 18:39:33,803 [EventQueue-PendingDeleteStatusForPendingDeleteHandler] INFO  block.SCMBlockDeletingService (SCMBlockDeletingService.java:handlePendingDeletes(115)) - Block deletion txnID mismatch in datanode 7e7122d9-53dc-47a8-b6b6-c87fac616c81 for containerID 1. Datanode delete txnID: 0, SCM txnID: 1
2019-10-20 18:39:33,854 [Thread-657] INFO  impl.FollowerState (FollowerState.java:run(108)) - 7e7122d9-53dc-47a8-b6b6-c87fac616c81@group-8B8FE5B4B5B0-FollowerState: change to CANDIDATE, lastRpcTime:163ms, electionTimeout:163ms
2019-10-20 18:39:33,855 [Thread-657] INFO  impl.RoleInfo (RoleInfo.java:shutdownFollowerState(121)) - 7e7122d9-53dc-47a8-b6b6-c87fac616c81: shutdown FollowerState
2019-10-20 18:39:33,855 [Thread-657] INFO  impl.RaftServerImpl (RaftServerImpl.java:setRole(184)) - 7e7122d9-53dc-47a8-b6b6-c87fac616c81@group-8B8FE5B4B5B0: changes role from  FOLLOWER to CANDIDATE at term 19 for changeToCandidate
2019-10-20 18:39:33,855 [Thread-657] INFO  impl.RoleInfo (RoleInfo.java:updateAndGet(143)) - 7e7122d9-53dc-47a8-b6b6-c87fac616c81: start LeaderElection
2019-10-20 18:39:33,883 [7e7122d9-53dc-47a8-b6b6-c87fac616c81@group-8B8FE5B4B5B0-LeaderElection19] INFO  impl.LeaderElection (LeaderElection.java:askForVotes(178)) - 7e7122d9-53dc-47a8-b6b6-c87fac616c81@group-8B8FE5B4B5B0-LeaderElection19: begin an election at term 20 for 0: [7e7122d9-53dc-47a8-b6b6-c87fac616c81:192.168.164.253:46735, c90420fb-507e-4f39-9d1e-d32950a26e2a:192.168.164.253:35682, 5459e257-ccbc-435a-9427-c3c16be66685:192.168.164.253:45469], old=null
2019-10-20 18:39:33,884 [7e7122d9-53dc-47a8-b6b6-c87fac616c81@group-8B8FE5B4B5B0-LeaderElection19] INFO  impl.LeaderElection (LeaderElection.java:logAndReturn(56)) - 7e7122d9-53dc-47a8-b6b6-c87fac616c81@group-8B8FE5B4B5B0-LeaderElection19: Election TIMEOUT; received 0 response(s) [] and 0 exception(s); 7e7122d9-53dc-47a8-b6b6-c87fac616c81@group-8B8FE5B4B5B0:t20, leader=null, voted=7e7122d9-53dc-47a8-b6b6-c87fac616c81, raftlog=7e7122d9-53dc-47a8-b6b6-c87fac616c81@group-8B8FE5B4B5B0-SegmentedRaftLog:OPENED:c3,f4,i4, conf=0: [7e7122d9-53dc-47a8-b6b6-c87fac616c81:192.168.164.253:46735, c90420fb-507e-4f39-9d1e-d32950a26e2a:192.168.164.253:35682, 5459e257-ccbc-435a-9427-c3c16be66685:192.168.164.253:45469], old=null
2019-10-20 18:39:33,889 [grpc-default-executor-3] INFO  impl.RaftServerImpl (RaftServerImpl.java:setRole(184)) - c90420fb-507e-4f39-9d1e-d32950a26e2a@group-8B8FE5B4B5B0: changes role from  FOLLOWER to FOLLOWER at term 20 for recognizeCandidate:7e7122d9-53dc-47a8-b6b6-c87fac616c81
2019-10-20 18:39:33,889 [grpc-default-executor-1] INFO  impl.RaftServerImpl (RaftServerImpl.java:setRole(184)) - 5459e257-ccbc-435a-9427-c3c16be66685@group-8B8FE5B4B5B0: changes role from  FOLLOWER to FOLLOWER at term 20 for recognizeCandidate:7e7122d9-53dc-47a8-b6b6-c87fac616c81
2019-10-20 18:39:33,890 [grpc-default-executor-3] INFO  impl.RoleInfo (RoleInfo.java:shutdownFollowerState(121)) - c90420fb-507e-4f39-9d1e-d32950a26e2a: shutdown FollowerState
2019-10-20 18:39:33,891 [grpc-default-executor-1] INFO  impl.RoleInfo (RoleInfo.java:shutdownFollowerState(121)) - 5459e257-ccbc-435a-9427-c3c16be66685: shutdown FollowerState
2019-10-20 18:39:33,892 [grpc-default-executor-3] INFO  impl.RoleInfo (RoleInfo.java:updateAndGet(143)) - c90420fb-507e-4f39-9d1e-d32950a26e2a: start FollowerState
2019-10-20 18:39:33,892 [Thread-655] INFO  impl.FollowerState (FollowerState.java:run(117)) - c90420fb-507e-4f39-9d1e-d32950a26e2a@group-8B8FE5B4B5B0-FollowerState was interrupted: java.lang.InterruptedException: sleep interrupted
2019-10-20 18:39:33,892 [grpc-default-executor-1] INFO  impl.RoleInfo (RoleInfo.java:updateAndGet(143)) - 5459e257-ccbc-435a-9427-c3c16be66685: start FollowerState
2019-10-20 18:39:33,892 [Thread-656] INFO  impl.FollowerState (FollowerState.java:run(117)) - 5459e257-ccbc-435a-9427-c3c16be66685@group-8B8FE5B4B5B0-FollowerState was interrupted: java.lang.InterruptedException: sleep interrupted
2019-10-20 18:39:33,900 [7e7122d9-53dc-47a8-b6b6-c87fac616c81@group-8B8FE5B4B5B0-LeaderElection19] INFO  impl.LeaderElection (LeaderElection.java:askForVotes(178)) - 7e7122d9-53dc-47a8-b6b6-c87fac616c81@group-8B8FE5B4B5B0-LeaderElection19: begin an election at term 21 for 0: [7e7122d9-53dc-47a8-b6b6-c87fac616c81:192.168.164.253:46735, c90420fb-507e-4f39-9d1e-d32950a26e2a:192.168.164.253:35682, 5459e257-ccbc-435a-9427-c3c16be66685:192.168.164.253:45469], old=null
2019-10-20 18:39:33,917 [grpc-default-executor-5] INFO  impl.RaftServerImpl (RaftServerImpl.java:setRole(184)) - 5459e257-ccbc-435a-9427-c3c16be66685@group-8B8FE5B4B5B0: changes role from  FOLLOWER to FOLLOWER at term 21 for recognizeCandidate:7e7122d9-53dc-47a8-b6b6-c87fac616c81
2019-10-20 18:39:33,917 [grpc-default-executor-6] INFO  impl.RaftServerImpl (RaftServerImpl.java:setRole(184)) - c90420fb-507e-4f39-9d1e-d32950a26e2a@group-8B8FE5B4B5B0: changes role from  FOLLOWER to FOLLOWER at term 21 for recognizeCandidate:7e7122d9-53dc-47a8-b6b6-c87fac616c81
2019-10-20 18:39:33,917 [grpc-default-executor-5] INFO  impl.RoleInfo (RoleInfo.java:shutdownFollowerState(121)) - 5459e257-ccbc-435a-9427-c3c16be66685: shutdown FollowerState
2019-10-20 18:39:33,917 [grpc-default-executor-6] INFO  impl.RoleInfo (RoleInfo.java:shutdownFollowerState(121)) - c90420fb-507e-4f39-9d1e-d32950a26e2a: shutdown FollowerState
2019-10-20 18:39:33,917 [Thread-663] INFO  impl.FollowerState (FollowerState.java:run(117)) - 5459e257-ccbc-435a-9427-c3c16be66685@group-8B8FE5B4B5B0-FollowerState was interrupted: java.lang.InterruptedException: sleep interrupted
2019-10-20 18:39:33,917 [grpc-default-executor-5] INFO  impl.RoleInfo (RoleInfo.java:updateAndGet(143)) - 5459e257-ccbc-435a-9427-c3c16be66685: start FollowerState
2019-10-20 18:39:33,918 [Thread-662] INFO  impl.FollowerState (FollowerState.java:run(117)) - c90420fb-507e-4f39-9d1e-d32950a26e2a@group-8B8FE5B4B5B0-FollowerState was interrupted: java.lang.InterruptedException: sleep interrupted
2019-10-20 18:39:33,918 [grpc-default-executor-6] INFO  impl.RoleInfo (RoleInfo.java:updateAndGet(143)) - c90420fb-507e-4f39-9d1e-d32950a26e2a: start FollowerState
2019-10-20 18:39:33,943 [7e7122d9-53dc-47a8-b6b6-c87fac616c81@group-8B8FE5B4B5B0-LeaderElection19] INFO  impl.LeaderElection (LeaderElection.java:logAndReturn(56)) - 7e7122d9-53dc-47a8-b6b6-c87fac616c81@group-8B8FE5B4B5B0-LeaderElection19: Election REJECTED; received 2 response(s) [7e7122d9-53dc-47a8-b6b6-c87fac616c81<-c90420fb-507e-4f39-9d1e-d32950a26e2a#0:FAIL-t21, 7e7122d9-53dc-47a8-b6b6-c87fac616c81<-5459e257-ccbc-435a-9427-c3c16be66685#0:FAIL-t21] and 0 exception(s); 7e7122d9-53dc-47a8-b6b6-c87fac616c81@group-8B8FE5B4B5B0:t21, leader=null, voted=7e7122d9-53dc-47a8-b6b6-c87fac616c81, raftlog=7e7122d9-53dc-47a8-b6b6-c87fac616c81@group-8B8FE5B4B5B0-SegmentedRaftLog:OPENED:c3,f4,i4, conf=0: [7e7122d9-53dc-47a8-b6b6-c87fac616c81:192.168.164.253:46735, c90420fb-507e-4f39-9d1e-d32950a26e2a:192.168.164.253:35682, 5459e257-ccbc-435a-9427-c3c16be66685:192.168.164.253:45469], old=null
2019-10-20 18:39:33,944 [7e7122d9-53dc-47a8-b6b6-c87fac616c81@group-8B8FE5B4B5B0-LeaderElection19] INFO  impl.RaftServerImpl (RaftServerImpl.java:setRole(184)) - 7e7122d9-53dc-47a8-b6b6-c87fac616c81@group-8B8FE5B4B5B0: changes role from CANDIDATE to FOLLOWER at term 21 for DISCOVERED_A_NEW_TERM
2019-10-20 18:39:33,944 [7e7122d9-53dc-47a8-b6b6-c87fac616c81@group-8B8FE5B4B5B0-LeaderElection19] INFO  impl.RoleInfo (RoleInfo.java:shutdownLeaderElection(134)) - 7e7122d9-53dc-47a8-b6b6-c87fac616c81: shutdown LeaderElection
2019-10-20 18:39:33,944 [7e7122d9-53dc-47a8-b6b6-c87fac616c81@group-8B8FE5B4B5B0-LeaderElection19] INFO  impl.RoleInfo (RoleInfo.java:updateAndGet(143)) - 7e7122d9-53dc-47a8-b6b6-c87fac616c81: start FollowerState
2019-10-20 18:39:34,038 [pool-7-thread-1] INFO  commands.RetriableDatanodeEventWatcher (RetriableDatanodeEventWatcher.java:onTimeout(47)) - RetriableDatanodeCommand type=deleteBlocksCommand with id=1571596769032 timed out. Retrying.
2019-10-20 18:39:34,042 [pool-7-thread-2] INFO  commands.RetriableDatanodeEventWatcher (RetriableDatanodeEventWatcher.java:onTimeout(47)) - RetriableDatanodeCommand type=deleteBlocksCommand with id=1571596769026 timed out. Retrying.
2019-10-20 18:39:34,043 [pool-7-thread-3] INFO  commands.RetriableDatanodeEventWatcher (RetriableDatanodeEventWatcher.java:onTimeout(47)) - RetriableDatanodeCommand type=deleteBlocksCommand with id=1571596769033 timed out. Retrying.
2019-10-20 18:39:34,043 [SCMBlockDeletingService#1] INFO  block.SCMBlockDeletingService (SCMBlockDeletingService.java:call(184)) - Totally added 1 delete blocks command for 1 datanodes, task elapsed time: 1ms
2019-10-20 18:39:34,043 [pool-7-thread-5] INFO  commands.RetriableDatanodeEventWatcher (RetriableDatanodeEventWatcher.java:onTimeout(47)) - RetriableDatanodeCommand type=deleteBlocksCommand with id=1571596769029 timed out. Retrying.
2019-10-20 18:39:34,043 [pool-7-thread-4] INFO  commands.RetriableDatanodeEventWatcher (RetriableDatanodeEventWatcher.java:onTimeout(47)) - RetriableDatanodeCommand type=deleteBlocksCommand with id=1571596769031 timed out. Retrying.
2019-10-20 18:39:34,079 [Thread-668] INFO  impl.FollowerState (FollowerState.java:run(108)) - 7e7122d9-53dc-47a8-b6b6-c87fac616c81@group-8B8FE5B4B5B0-FollowerState: change to CANDIDATE, lastRpcTime:135ms, electionTimeout:135ms
2019-10-20 18:39:34,080 [Thread-668] INFO  impl.RoleInfo (RoleInfo.java:shutdownFollowerState(121)) - 7e7122d9-53dc-47a8-b6b6-c87fac616c81: shutdown FollowerState
2019-10-20 18:39:34,080 [Thread-668] INFO  impl.RaftServerImpl (RaftServerImpl.java:setRole(184)) - 7e7122d9-53dc-47a8-b6b6-c87fac616c81@group-8B8FE5B4B5B0: changes role from  FOLLOWER to CANDIDATE at term 21 for changeToCandidate
2019-10-20 18:39:34,081 [Thread-668] INFO  impl.RoleInfo (RoleInfo.java:updateAndGet(143)) - 7e7122d9-53dc-47a8-b6b6-c87fac616c81: start LeaderElection
2019-10-20 18:39:34,083 [Thread-671] INFO  client.GrpcClientProtocolService (GrpcClientProtocolService.java:lambda$processClientRequest$0(278)) - Failed RaftClientRequest:client-33348DE3F0EA->5459e257-ccbc-435a-9427-c3c16be66685@group-8B8FE5B4B5B0, cid=10, seq=0, Watch-ALL_COMMITTED(6), Message:<EMPTY>, reply=RaftClientReply:client-33348DE3F0EA->5459e257-ccbc-435a-9427-c3c16be66685@group-8B8FE5B4B5B0, cid=10, FAILED org.apache.ratis.protocol.NotLeaderException: Server 5459e257-ccbc-435a-9427-c3c16be66685@group-8B8FE5B4B5B0 is not the leader, logIndex=0, commits[5459e257-ccbc-435a-9427-c3c16be66685:c10, 7e7122d9-53dc-47a8-b6b6-c87fac616c81:c4, c90420fb-507e-4f39-9d1e-d32950a26e2a:c10]
2019-10-20 18:39:34,100 [BlockDeletingService#2] WARN  background.BlockDeletingService (BlockDeletingService.java:isDeletionAllowed(187)) - Close Container log Index 6 is not replicated across allthe servers in the pipeline e053cdee-5b19-4be2-866a-8b8fe5b4b5b0 as the min replicated index is 4. Deletion is not allowed in this container yet.
2019-10-20 18:39:34,104 [BlockDeletingService#2] WARN  background.BlockDeletingService (BlockDeletingService.java:isDeletionAllowed(187)) - Close Container log Index 6 is not replicated across allthe servers in the pipeline e053cdee-5b19-4be2-866a-8b8fe5b4b5b0 as the min replicated index is 4. Deletion is not allowed in this container yet.
2019-10-20 18:39:34,109 [7e7122d9-53dc-47a8-b6b6-c87fac616c81@group-8B8FE5B4B5B0-LeaderElection20] INFO  impl.LeaderElection (LeaderElection.java:askForVotes(178)) - 7e7122d9-53dc-47a8-b6b6-c87fac616c81@group-8B8FE5B4B5B0-LeaderElection20: begin an election at term 22 for 0: [7e7122d9-53dc-47a8-b6b6-c87fac616c81:192.168.164.253:46735, c90420fb-507e-4f39-9d1e-d32950a26e2a:192.168.164.253:35682, 5459e257-ccbc-435a-9427-c3c16be66685:192.168.164.253:45469], old=null
2019-10-20 18:39:34,115 [grpc-default-executor-5] INFO  impl.RaftServerImpl (RaftServerImpl.java:setRole(184)) - 5459e257-ccbc-435a-9427-c3c16be66685@group-8B8FE5B4B5B0: changes role from  FOLLOWER to FOLLOWER at term 22 for recognizeCandidate:7e7122d9-53dc-47a8-b6b6-c87fac616c81
2019-10-20 18:39:34,115 [grpc-default-executor-5] INFO  impl.RoleInfo (RoleInfo.java:shutdownFollowerState(121)) - 5459e257-ccbc-435a-9427-c3c16be66685: shutdown FollowerState
2019-10-20 18:39:34,115 [grpc-default-executor-6] INFO  impl.RaftServerImpl (RaftServerImpl.java:setRole(184)) - c90420fb-507e-4f39-9d1e-d32950a26e2a@group-8B8FE5B4B5B0: changes role from  FOLLOWER to FOLLOWER at term 22 for recognizeCandidate:7e7122d9-53dc-47a8-b6b6-c87fac616c81
2019-10-20 18:39:34,115 [Thread-666] INFO  impl.FollowerState (FollowerState.java:run(117)) - 5459e257-ccbc-435a-9427-c3c16be66685@group-8B8FE5B4B5B0-FollowerState was interrupted: java.lang.InterruptedException: sleep interrupted
2019-10-20 18:39:34,115 [grpc-default-executor-5] INFO  impl.RoleInfo (RoleInfo.java:updateAndGet(143)) - 5459e257-ccbc-435a-9427-c3c16be66685: start FollowerState
2019-10-20 18:39:34,115 [grpc-default-executor-6] INFO  impl.RoleInfo (RoleInfo.java:shutdownFollowerState(121)) - c90420fb-507e-4f39-9d1e-d32950a26e2a: shutdown FollowerState
2019-10-20 18:39:34,115 [grpc-default-executor-6] INFO  impl.RoleInfo (RoleInfo.java:updateAndGet(143)) - c90420fb-507e-4f39-9d1e-d32950a26e2a: start FollowerState
2019-10-20 18:39:34,115 [Thread-667] INFO  impl.FollowerState (FollowerState.java:run(117)) - c90420fb-507e-4f39-9d1e-d32950a26e2a@group-8B8FE5B4B5B0-FollowerState was interrupted: java.lang.InterruptedException: sleep interrupted
2019-10-20 18:39:34,136 [7e7122d9-53dc-47a8-b6b6-c87fac616c81@group-8B8FE5B4B5B0-LeaderElection20] INFO  impl.LeaderElection (LeaderElection.java:logAndReturn(56)) - 7e7122d9-53dc-47a8-b6b6-c87fac616c81@group-8B8FE5B4B5B0-LeaderElection20: Election REJECTED; received 2 response(s) [7e7122d9-53dc-47a8-b6b6-c87fac616c81<-c90420fb-507e-4f39-9d1e-d32950a26e2a#0:FAIL-t22, 7e7122d9-53dc-47a8-b6b6-c87fac616c81<-5459e257-ccbc-435a-9427-c3c16be66685#0:FAIL-t22] and 0 exception(s); 7e7122d9-53dc-47a8-b6b6-c87fac616c81@group-8B8FE5B4B5B0:t22, leader=null, voted=7e7122d9-53dc-47a8-b6b6-c87fac616c81, raftlog=7e7122d9-53dc-47a8-b6b6-c87fac616c81@group-8B8FE5B4B5B0-SegmentedRaftLog:OPENED:c3,f4,i4, conf=0: [7e7122d9-53dc-47a8-b6b6-c87fac616c81:192.168.164.253:46735, c90420fb-507e-4f39-9d1e-d32950a26e2a:192.168.164.253:35682, 5459e257-ccbc-435a-9427-c3c16be66685:192.168.164.253:45469], old=null
2019-10-20 18:39:34,136 [7e7122d9-53dc-47a8-b6b6-c87fac616c81@group-8B8FE5B4B5B0-LeaderElection20] INFO  impl.RaftServerImpl (RaftServerImpl.java:setRole(184)) - 7e7122d9-53dc-47a8-b6b6-c87fac616c81@group-8B8FE5B4B5B0: changes role from CANDIDATE to FOLLOWER at term 22 for DISCOVERED_A_NEW_TERM
2019-10-20 18:39:34,137 [7e7122d9-53dc-47a8-b6b6-c87fac616c81@group-8B8FE5B4B5B0-LeaderElection20] INFO  impl.RoleInfo (RoleInfo.java:shutdownLeaderElection(134)) - 7e7122d9-53dc-47a8-b6b6-c87fac616c81: shutdown LeaderElection
2019-10-20 18:39:34,137 [7e7122d9-53dc-47a8-b6b6-c87fac616c81@group-8B8FE5B4B5B0-LeaderElection20] INFO  impl.RoleInfo (RoleInfo.java:updateAndGet(143)) - 7e7122d9-53dc-47a8-b6b6-c87fac616c81: start FollowerState
2019-10-20 18:39:34,171 [Thread-679] INFO  impl.FollowerState (FollowerState.java:run(108)) - 7e7122d9-53dc-47a8-b6b6-c87fac616c81@group-8B8FE5B4B5B0-FollowerState: change to CANDIDATE, lastRpcTime:34ms, electionTimeout:34ms
2019-10-20 18:39:34,173 [Thread-679] INFO  impl.RoleInfo (RoleInfo.java:shutdownFollowerState(121)) - 7e7122d9-53dc-47a8-b6b6-c87fac616c81: shutdown FollowerState
2019-10-20 18:39:34,173 [Thread-679] INFO  impl.RaftServerImpl (RaftServerImpl.java:setRole(184)) - 7e7122d9-53dc-47a8-b6b6-c87fac616c81@group-8B8FE5B4B5B0: changes role from  FOLLOWER to CANDIDATE at term 22 for changeToCandidate
2019-10-20 18:39:34,173 [Thread-679] INFO  impl.RoleInfo (RoleInfo.java:updateAndGet(143)) - 7e7122d9-53dc-47a8-b6b6-c87fac616c81: start LeaderElection
2019-10-20 18:39:34,186 [7e7122d9-53dc-47a8-b6b6-c87fac616c81@group-8B8FE5B4B5B0-LeaderElection21] INFO  impl.LeaderElection (LeaderElection.java:askForVotes(178)) - 7e7122d9-53dc-47a8-b6b6-c87fac616c81@group-8B8FE5B4B5B0-LeaderElection21: begin an election at term 23 for 0: [7e7122d9-53dc-47a8-b6b6-c87fac616c81:192.168.164.253:46735, c90420fb-507e-4f39-9d1e-d32950a26e2a:192.168.164.253:35682, 5459e257-ccbc-435a-9427-c3c16be66685:192.168.164.253:45469], old=null
2019-10-20 18:39:34,189 [grpc-default-executor-6] INFO  impl.RaftServerImpl (RaftServerImpl.java:setRole(184)) - 5459e257-ccbc-435a-9427-c3c16be66685@group-8B8FE5B4B5B0: changes role from  FOLLOWER to FOLLOWER at term 23 for recognizeCandidate:7e7122d9-53dc-47a8-b6b6-c87fac616c81
2019-10-20 18:39:34,189 [grpc-default-executor-6] INFO  impl.RoleInfo (RoleInfo.java:shutdownFollowerState(121)) - 5459e257-ccbc-435a-9427-c3c16be66685: shutdown FollowerState
2019-10-20 18:39:34,189 [grpc-default-executor-5] INFO  impl.RaftServerImpl (RaftServerImpl.java:setRole(184)) - c90420fb-507e-4f39-9d1e-d32950a26e2a@group-8B8FE5B4B5B0: changes role from  FOLLOWER to FOLLOWER at term 23 for recognizeCandidate:7e7122d9-53dc-47a8-b6b6-c87fac616c81
2019-10-20 18:39:34,189 [Thread-677] INFO  impl.FollowerState (FollowerState.java:run(117)) - 5459e257-ccbc-435a-9427-c3c16be66685@group-8B8FE5B4B5B0-FollowerState was interrupted: java.lang.InterruptedException: sleep interrupted
2019-10-20 18:39:34,189 [grpc-default-executor-6] INFO  impl.RoleInfo (RoleInfo.java:updateAndGet(143)) - 5459e257-ccbc-435a-9427-c3c16be66685: start FollowerState
2019-10-20 18:39:34,190 [grpc-default-executor-5] INFO  impl.RoleInfo (RoleInfo.java:shutdownFollowerState(121)) - c90420fb-507e-4f39-9d1e-d32950a26e2a: shutdown FollowerState
2019-10-20 18:39:34,190 [grpc-default-executor-5] INFO  impl.RoleInfo (RoleInfo.java:updateAndGet(143)) - c90420fb-507e-4f39-9d1e-d32950a26e2a: start FollowerState
2019-10-20 18:39:34,190 [Thread-678] INFO  impl.FollowerState (FollowerState.java:run(117)) - c90420fb-507e-4f39-9d1e-d32950a26e2a@group-8B8FE5B4B5B0-FollowerState was interrupted: java.lang.InterruptedException: sleep interrupted
2019-10-20 18:39:34,213 [7e7122d9-53dc-47a8-b6b6-c87fac616c81@group-8B8FE5B4B5B0-LeaderElection21] INFO  impl.LeaderElection (LeaderElection.java:logAndReturn(56)) - 7e7122d9-53dc-47a8-b6b6-c87fac616c81@group-8B8FE5B4B5B0-LeaderElection21: Election REJECTED; received 2 response(s) [7e7122d9-53dc-47a8-b6b6-c87fac616c81<-c90420fb-507e-4f39-9d1e-d32950a26e2a#0:FAIL-t23, 7e7122d9-53dc-47a8-b6b6-c87fac616c81<-5459e257-ccbc-435a-9427-c3c16be66685#0:FAIL-t23] and 0 exception(s); 7e7122d9-53dc-47a8-b6b6-c87fac616c81@group-8B8FE5B4B5B0:t23, leader=null, voted=7e7122d9-53dc-47a8-b6b6-c87fac616c81, raftlog=7e7122d9-53dc-47a8-b6b6-c87fac616c81@group-8B8FE5B4B5B0-SegmentedRaftLog:OPENED:c3,f4,i4, conf=0: [7e7122d9-53dc-47a8-b6b6-c87fac616c81:192.168.164.253:46735, c90420fb-507e-4f39-9d1e-d32950a26e2a:192.168.164.253:35682, 5459e257-ccbc-435a-9427-c3c16be66685:192.168.164.253:45469], old=null
2019-10-20 18:39:34,213 [7e7122d9-53dc-47a8-b6b6-c87fac616c81@group-8B8FE5B4B5B0-LeaderElection21] INFO  impl.RaftServerImpl (RaftServerImpl.java:setRole(184)) - 7e7122d9-53dc-47a8-b6b6-c87fac616c81@group-8B8FE5B4B5B0: changes role from CANDIDATE to FOLLOWER at term 23 for DISCOVERED_A_NEW_TERM
2019-10-20 18:39:34,214 [7e7122d9-53dc-47a8-b6b6-c87fac616c81@group-8B8FE5B4B5B0-LeaderElection21] INFO  impl.RoleInfo (RoleInfo.java:shutdownLeaderElection(134)) - 7e7122d9-53dc-47a8-b6b6-c87fac616c81: shutdown LeaderElection
2019-10-20 18:39:34,214 [7e7122d9-53dc-47a8-b6b6-c87fac616c81@group-8B8FE5B4B5B0-LeaderElection21] INFO  impl.RoleInfo (RoleInfo.java:updateAndGet(143)) - 7e7122d9-53dc-47a8-b6b6-c87fac616c81: start FollowerState
2019-10-20 18:39:34,296 [Thread-685] INFO  impl.FollowerState (FollowerState.java:run(108)) - 7e7122d9-53dc-47a8-b6b6-c87fac616c81@group-8B8FE5B4B5B0-FollowerState: change to CANDIDATE, lastRpcTime:82ms, electionTimeout:82ms
2019-10-20 18:39:34,298 [Thread-685] INFO  impl.RoleInfo (RoleInfo.java:shutdownFollowerState(121)) - 7e7122d9-53dc-47a8-b6b6-c87fac616c81: shutdown FollowerState
2019-10-20 18:39:34,298 [Thread-685] INFO  impl.RaftServerImpl (RaftServerImpl.java:setRole(184)) - 7e7122d9-53dc-47a8-b6b6-c87fac616c81@group-8B8FE5B4B5B0: changes role from  FOLLOWER to CANDIDATE at term 23 for changeToCandidate
2019-10-20 18:39:34,298 [Thread-685] INFO  impl.RoleInfo (RoleInfo.java:updateAndGet(143)) - 7e7122d9-53dc-47a8-b6b6-c87fac616c81: start LeaderElection
2019-10-20 18:39:34,320 [7e7122d9-53dc-47a8-b6b6-c87fac616c81@group-8B8FE5B4B5B0-LeaderElection22] INFO  impl.LeaderElection (LeaderElection.java:askForVotes(178)) - 7e7122d9-53dc-47a8-b6b6-c87fac616c81@group-8B8FE5B4B5B0-LeaderElection22: begin an election at term 24 for 0: [7e7122d9-53dc-47a8-b6b6-c87fac616c81:192.168.164.253:46735, c90420fb-507e-4f39-9d1e-d32950a26e2a:192.168.164.253:35682, 5459e257-ccbc-435a-9427-c3c16be66685:192.168.164.253:45469], old=null
2019-10-20 18:39:34,323 [grpc-default-executor-6] INFO  impl.RaftServerImpl (RaftServerImpl.java:setRole(184)) - 5459e257-ccbc-435a-9427-c3c16be66685@group-8B8FE5B4B5B0: changes role from  FOLLOWER to FOLLOWER at term 24 for recognizeCandidate:7e7122d9-53dc-47a8-b6b6-c87fac616c81
2019-10-20 18:39:34,323 [grpc-default-executor-5] INFO  impl.RaftServerImpl (RaftServerImpl.java:setRole(184)) - c90420fb-507e-4f39-9d1e-d32950a26e2a@group-8B8FE5B4B5B0: changes role from  FOLLOWER to FOLLOWER at term 24 for recognizeCandidate:7e7122d9-53dc-47a8-b6b6-c87fac616c81
2019-10-20 18:39:34,323 [grpc-default-executor-6] INFO  impl.RoleInfo (RoleInfo.java:shutdownFollowerState(121)) - 5459e257-ccbc-435a-9427-c3c16be66685: shutdown FollowerState
2019-10-20 18:39:34,324 [grpc-default-executor-5] INFO  impl.RoleInfo (RoleInfo.java:shutdownFollowerState(121)) - c90420fb-507e-4f39-9d1e-d32950a26e2a: shutdown FollowerState
2019-10-20 18:39:34,324 [Thread-683] INFO  impl.FollowerState (FollowerState.java:run(117)) - 5459e257-ccbc-435a-9427-c3c16be66685@group-8B8FE5B4B5B0-FollowerState was interrupted: java.lang.InterruptedException: sleep interrupted
2019-10-20 18:39:34,324 [grpc-default-executor-6] INFO  impl.RoleInfo (RoleInfo.java:updateAndGet(143)) - 5459e257-ccbc-435a-9427-c3c16be66685: start FollowerState
2019-10-20 18:39:34,324 [grpc-default-executor-5] INFO  impl.RoleInfo (RoleInfo.java:updateAndGet(143)) - c90420fb-507e-4f39-9d1e-d32950a26e2a: start FollowerState
2019-10-20 18:39:34,324 [Thread-684] INFO  impl.FollowerState (FollowerState.java:run(117)) - c90420fb-507e-4f39-9d1e-d32950a26e2a@group-8B8FE5B4B5B0-FollowerState was interrupted: java.lang.InterruptedException: sleep interrupted
2019-10-20 18:39:34,347 [7e7122d9-53dc-47a8-b6b6-c87fac616c81@group-8B8FE5B4B5B0-LeaderElection22] INFO  impl.LeaderElection (LeaderElection.java:logAndReturn(56)) - 7e7122d9-53dc-47a8-b6b6-c87fac616c81@group-8B8FE5B4B5B0-LeaderElection22: Election REJECTED; received 2 response(s) [7e7122d9-53dc-47a8-b6b6-c87fac616c81<-c90420fb-507e-4f39-9d1e-d32950a26e2a#0:FAIL-t24, 7e7122d9-53dc-47a8-b6b6-c87fac616c81<-5459e257-ccbc-435a-9427-c3c16be66685#0:FAIL-t24] and 0 exception(s); 7e7122d9-53dc-47a8-b6b6-c87fac616c81@group-8B8FE5B4B5B0:t24, leader=null, voted=7e7122d9-53dc-47a8-b6b6-c87fac616c81, raftlog=7e7122d9-53dc-47a8-b6b6-c87fac616c81@group-8B8FE5B4B5B0-SegmentedRaftLog:OPENED:c3,f4,i4, conf=0: [7e7122d9-53dc-47a8-b6b6-c87fac616c81:192.168.164.253:46735, c90420fb-507e-4f39-9d1e-d32950a26e2a:192.168.164.253:35682, 5459e257-ccbc-435a-9427-c3c16be66685:192.168.164.253:45469], old=null
2019-10-20 18:39:34,347 [7e7122d9-53dc-47a8-b6b6-c87fac616c81@group-8B8FE5B4B5B0-LeaderElection22] INFO  impl.RaftServerImpl (RaftServerImpl.java:setRole(184)) - 7e7122d9-53dc-47a8-b6b6-c87fac616c81@group-8B8FE5B4B5B0: changes role from CANDIDATE to FOLLOWER at term 24 for DISCOVERED_A_NEW_TERM
2019-10-20 18:39:34,347 [7e7122d9-53dc-47a8-b6b6-c87fac616c81@group-8B8FE5B4B5B0-LeaderElection22] INFO  impl.RoleInfo (RoleInfo.java:shutdownLeaderElection(134)) - 7e7122d9-53dc-47a8-b6b6-c87fac616c81: shutdown LeaderElection
2019-10-20 18:39:34,348 [7e7122d9-53dc-47a8-b6b6-c87fac616c81@group-8B8FE5B4B5B0-LeaderElection22] INFO  impl.RoleInfo (RoleInfo.java:updateAndGet(143)) - 7e7122d9-53dc-47a8-b6b6-c87fac616c81: start FollowerState
2019-10-20 18:39:34,456 [Thread-691] INFO  impl.FollowerState (FollowerState.java:run(108)) - 7e7122d9-53dc-47a8-b6b6-c87fac616c81@group-8B8FE5B4B5B0-FollowerState: change to CANDIDATE, lastRpcTime:108ms, electionTimeout:108ms
2019-10-20 18:39:34,457 [Thread-691] INFO  impl.RoleInfo (RoleInfo.java:shutdownFollowerState(121)) - 7e7122d9-53dc-47a8-b6b6-c87fac616c81: shutdown FollowerState
2019-10-20 18:39:34,457 [Thread-691] INFO  impl.RaftServerImpl (RaftServerImpl.java:setRole(184)) - 7e7122d9-53dc-47a8-b6b6-c87fac616c81@group-8B8FE5B4B5B0: changes role from  FOLLOWER to CANDIDATE at term 24 for changeToCandidate
2019-10-20 18:39:34,457 [Thread-691] INFO  impl.RoleInfo (RoleInfo.java:updateAndGet(143)) - 7e7122d9-53dc-47a8-b6b6-c87fac616c81: start LeaderElection
2019-10-20 18:39:34,482 [7e7122d9-53dc-47a8-b6b6-c87fac616c81@group-8B8FE5B4B5B0-LeaderElection23] INFO  impl.LeaderElection (LeaderElection.java:askForVotes(178)) - 7e7122d9-53dc-47a8-b6b6-c87fac616c81@group-8B8FE5B4B5B0-LeaderElection23: begin an election at term 25 for 0: [7e7122d9-53dc-47a8-b6b6-c87fac616c81:192.168.164.253:46735, c90420fb-507e-4f39-9d1e-d32950a26e2a:192.168.164.253:35682, 5459e257-ccbc-435a-9427-c3c16be66685:192.168.164.253:45469], old=null
2019-10-20 18:39:34,484 [grpc-default-executor-6] INFO  impl.RaftServerImpl (RaftServerImpl.java:setRole(184)) - c90420fb-507e-4f39-9d1e-d32950a26e2a@group-8B8FE5B4B5B0: changes role from  FOLLOWER to FOLLOWER at term 25 for recognizeCandidate:7e7122d9-53dc-47a8-b6b6-c87fac616c81
2019-10-20 18:39:34,485 [grpc-default-executor-6] INFO  impl.RoleInfo (RoleInfo.java:shutdownFollowerState(121)) - c90420fb-507e-4f39-9d1e-d32950a26e2a: shutdown FollowerState
2019-10-20 18:39:34,484 [grpc-default-executor-5] INFO  impl.RaftServerImpl (RaftServerImpl.java:setRole(184)) - 5459e257-ccbc-435a-9427-c3c16be66685@group-8B8FE5B4B5B0: changes role from  FOLLOWER to FOLLOWER at term 25 for recognizeCandidate:7e7122d9-53dc-47a8-b6b6-c87fac616c81
2019-10-20 18:39:34,485 [grpc-default-executor-6] INFO  impl.RoleInfo (RoleInfo.java:updateAndGet(143)) - c90420fb-507e-4f39-9d1e-d32950a26e2a: start FollowerState
2019-10-20 18:39:34,485 [Thread-690] INFO  impl.FollowerState (FollowerState.java:run(117)) - c90420fb-507e-4f39-9d1e-d32950a26e2a@group-8B8FE5B4B5B0-FollowerState was interrupted: java.lang.InterruptedException: sleep interrupted
2019-10-20 18:39:34,485 [grpc-default-executor-5] INFO  impl.RoleInfo (RoleInfo.java:shutdownFollowerState(121)) - 5459e257-ccbc-435a-9427-c3c16be66685: shutdown FollowerState
2019-10-20 18:39:34,485 [grpc-default-executor-5] INFO  impl.RoleInfo (RoleInfo.java:updateAndGet(143)) - 5459e257-ccbc-435a-9427-c3c16be66685: start FollowerState
2019-10-20 18:39:34,485 [Thread-689] INFO  impl.FollowerState (FollowerState.java:run(117)) - 5459e257-ccbc-435a-9427-c3c16be66685@group-8B8FE5B4B5B0-FollowerState was interrupted: java.lang.InterruptedException: sleep interrupted
2019-10-20 18:39:34,508 [7e7122d9-53dc-47a8-b6b6-c87fac616c81@group-8B8FE5B4B5B0-LeaderElection23] INFO  impl.LeaderElection (LeaderElection.java:logAndReturn(56)) - 7e7122d9-53dc-47a8-b6b6-c87fac616c81@group-8B8FE5B4B5B0-LeaderElection23: Election REJECTED; received 2 response(s) [7e7122d9-53dc-47a8-b6b6-c87fac616c81<-c90420fb-507e-4f39-9d1e-d32950a26e2a#0:FAIL-t25, 7e7122d9-53dc-47a8-b6b6-c87fac616c81<-5459e257-ccbc-435a-9427-c3c16be66685#0:FAIL-t25] and 0 exception(s); 7e7122d9-53dc-47a8-b6b6-c87fac616c81@group-8B8FE5B4B5B0:t25, leader=null, voted=7e7122d9-53dc-47a8-b6b6-c87fac616c81, raftlog=7e7122d9-53dc-47a8-b6b6-c87fac616c81@group-8B8FE5B4B5B0-SegmentedRaftLog:OPENED:c3,f4,i4, conf=0: [7e7122d9-53dc-47a8-b6b6-c87fac616c81:192.168.164.253:46735, c90420fb-507e-4f39-9d1e-d32950a26e2a:192.168.164.253:35682, 5459e257-ccbc-435a-9427-c3c16be66685:192.168.164.253:45469], old=null
2019-10-20 18:39:34,508 [7e7122d9-53dc-47a8-b6b6-c87fac616c81@group-8B8FE5B4B5B0-LeaderElection23] INFO  impl.RaftServerImpl (RaftServerImpl.java:setRole(184)) - 7e7122d9-53dc-47a8-b6b6-c87fac616c81@group-8B8FE5B4B5B0: changes role from CANDIDATE to FOLLOWER at term 25 for DISCOVERED_A_NEW_TERM
2019-10-20 18:39:34,508 [7e7122d9-53dc-47a8-b6b6-c87fac616c81@group-8B8FE5B4B5B0-LeaderElection23] INFO  impl.RoleInfo (RoleInfo.java:shutdownLeaderElection(134)) - 7e7122d9-53dc-47a8-b6b6-c87fac616c81: shutdown LeaderElection
2019-10-20 18:39:34,508 [7e7122d9-53dc-47a8-b6b6-c87fac616c81@group-8B8FE5B4B5B0-LeaderElection23] INFO  impl.RoleInfo (RoleInfo.java:updateAndGet(143)) - 7e7122d9-53dc-47a8-b6b6-c87fac616c81: start FollowerState
2019-10-20 18:39:34,616 [Thread-697] INFO  impl.FollowerState (FollowerState.java:run(108)) - 7e7122d9-53dc-47a8-b6b6-c87fac616c81@group-8B8FE5B4B5B0-FollowerState: change to CANDIDATE, lastRpcTime:107ms, electionTimeout:107ms
2019-10-20 18:39:34,617 [Thread-697] INFO  impl.RoleInfo (RoleInfo.java:shutdownFollowerState(121)) - 7e7122d9-53dc-47a8-b6b6-c87fac616c81: shutdown FollowerState
2019-10-20 18:39:34,617 [Thread-697] INFO  impl.RaftServerImpl (RaftServerImpl.java:setRole(184)) - 7e7122d9-53dc-47a8-b6b6-c87fac616c81@group-8B8FE5B4B5B0: changes role from  FOLLOWER to CANDIDATE at term 25 for changeToCandidate
2019-10-20 18:39:34,618 [Thread-697] INFO  impl.RoleInfo (RoleInfo.java:updateAndGet(143)) - 7e7122d9-53dc-47a8-b6b6-c87fac616c81: start LeaderElection
2019-10-20 18:39:34,633 [7e7122d9-53dc-47a8-b6b6-c87fac616c81@group-8B8FE5B4B5B0-LeaderElection24] INFO  impl.LeaderElection (LeaderElection.java:askForVotes(178)) - 7e7122d9-53dc-47a8-b6b6-c87fac616c81@group-8B8FE5B4B5B0-LeaderElection24: begin an election at term 26 for 0: [7e7122d9-53dc-47a8-b6b6-c87fac616c81:192.168.164.253:46735, c90420fb-507e-4f39-9d1e-d32950a26e2a:192.168.164.253:35682, 5459e257-ccbc-435a-9427-c3c16be66685:192.168.164.253:45469], old=null
2019-10-20 18:39:34,635 [grpc-default-executor-5] INFO  impl.RaftServerImpl (RaftServerImpl.java:setRole(184)) - c90420fb-507e-4f39-9d1e-d32950a26e2a@group-8B8FE5B4B5B0: changes role from  FOLLOWER to FOLLOWER at term 26 for recognizeCandidate:7e7122d9-53dc-47a8-b6b6-c87fac616c81
2019-10-20 18:39:34,635 [grpc-default-executor-6] INFO  impl.RaftServerImpl (RaftServerImpl.java:setRole(184)) - 5459e257-ccbc-435a-9427-c3c16be66685@group-8B8FE5B4B5B0: changes role from  FOLLOWER to FOLLOWER at term 26 for recognizeCandidate:7e7122d9-53dc-47a8-b6b6-c87fac616c81
2019-10-20 18:39:34,636 [grpc-default-executor-5] INFO  impl.RoleInfo (RoleInfo.java:shutdownFollowerState(121)) - c90420fb-507e-4f39-9d1e-d32950a26e2a: shutdown FollowerState
2019-10-20 18:39:34,636 [grpc-default-executor-6] INFO  impl.RoleInfo (RoleInfo.java:shutdownFollowerState(121)) - 5459e257-ccbc-435a-9427-c3c16be66685: shutdown FollowerState
2019-10-20 18:39:34,636 [Thread-695] INFO  impl.FollowerState (FollowerState.java:run(117)) - c90420fb-507e-4f39-9d1e-d32950a26e2a@group-8B8FE5B4B5B0-FollowerState was interrupted: java.lang.InterruptedException: sleep interrupted
2019-10-20 18:39:34,636 [Thread-696] INFO  impl.FollowerState (FollowerState.java:run(117)) - 5459e257-ccbc-435a-9427-c3c16be66685@group-8B8FE5B4B5B0-FollowerState was interrupted: java.lang.InterruptedException: sleep interrupted
2019-10-20 18:39:34,636 [grpc-default-executor-5] INFO  impl.RoleInfo (RoleInfo.java:updateAndGet(143)) - c90420fb-507e-4f39-9d1e-d32950a26e2a: start FollowerState
2019-10-20 18:39:34,636 [grpc-default-executor-6] INFO  impl.RoleInfo (RoleInfo.java:updateAndGet(143)) - 5459e257-ccbc-435a-9427-c3c16be66685: start FollowerState
2019-10-20 18:39:34,659 [7e7122d9-53dc-47a8-b6b6-c87fac616c81@group-8B8FE5B4B5B0-LeaderElection24] INFO  impl.LeaderElection (LeaderElection.java:logAndReturn(56)) - 7e7122d9-53dc-47a8-b6b6-c87fac616c81@group-8B8FE5B4B5B0-LeaderElection24: Election REJECTED; received 2 response(s) [7e7122d9-53dc-47a8-b6b6-c87fac616c81<-c90420fb-507e-4f39-9d1e-d32950a26e2a#0:FAIL-t26, 7e7122d9-53dc-47a8-b6b6-c87fac616c81<-5459e257-ccbc-435a-9427-c3c16be66685#0:FAIL-t26] and 0 exception(s); 7e7122d9-53dc-47a8-b6b6-c87fac616c81@group-8B8FE5B4B5B0:t26, leader=null, voted=7e7122d9-53dc-47a8-b6b6-c87fac616c81, raftlog=7e7122d9-53dc-47a8-b6b6-c87fac616c81@group-8B8FE5B4B5B0-SegmentedRaftLog:OPENED:c3,f4,i4, conf=0: [7e7122d9-53dc-47a8-b6b6-c87fac616c81:192.168.164.253:46735, c90420fb-507e-4f39-9d1e-d32950a26e2a:192.168.164.253:35682, 5459e257-ccbc-435a-9427-c3c16be66685:192.168.164.253:45469], old=null
2019-10-20 18:39:34,660 [7e7122d9-53dc-47a8-b6b6-c87fac616c81@group-8B8FE5B4B5B0-LeaderElection24] INFO  impl.RaftServerImpl (RaftServerImpl.java:setRole(184)) - 7e7122d9-53dc-47a8-b6b6-c87fac616c81@group-8B8FE5B4B5B0: changes role from CANDIDATE to FOLLOWER at term 26 for DISCOVERED_A_NEW_TERM
2019-10-20 18:39:34,660 [7e7122d9-53dc-47a8-b6b6-c87fac616c81@group-8B8FE5B4B5B0-LeaderElection24] INFO  impl.RoleInfo (RoleInfo.java:shutdownLeaderElection(134)) - 7e7122d9-53dc-47a8-b6b6-c87fac616c81: shutdown LeaderElection
2019-10-20 18:39:34,660 [7e7122d9-53dc-47a8-b6b6-c87fac616c81@group-8B8FE5B4B5B0-LeaderElection24] INFO  impl.RoleInfo (RoleInfo.java:updateAndGet(143)) - 7e7122d9-53dc-47a8-b6b6-c87fac616c81: start FollowerState
2019-10-20 18:39:34,685 [Thread-703] INFO  impl.FollowerState (FollowerState.java:run(108)) - 7e7122d9-53dc-47a8-b6b6-c87fac616c81@group-8B8FE5B4B5B0-FollowerState: change to CANDIDATE, lastRpcTime:25ms, electionTimeout:25ms
2019-10-20 18:39:34,687 [Thread-703] INFO  impl.RoleInfo (RoleInfo.java:shutdownFollowerState(121)) - 7e7122d9-53dc-47a8-b6b6-c87fac616c81: shutdown FollowerState
2019-10-20 18:39:34,687 [Thread-703] INFO  impl.RaftServerImpl (RaftServerImpl.java:setRole(184)) - 7e7122d9-53dc-47a8-b6b6-c87fac616c81@group-8B8FE5B4B5B0: changes role from  FOLLOWER to CANDIDATE at term 26 for changeToCandidate
2019-10-20 18:39:34,687 [Thread-703] INFO  impl.RoleInfo (RoleInfo.java:updateAndGet(143)) - 7e7122d9-53dc-47a8-b6b6-c87fac616c81: start LeaderElection
2019-10-20 18:39:34,701 [7e7122d9-53dc-47a8-b6b6-c87fac616c81@group-8B8FE5B4B5B0-LeaderElection25] INFO  impl.LeaderElection (LeaderElection.java:askForVotes(178)) - 7e7122d9-53dc-47a8-b6b6-c87fac616c81@group-8B8FE5B4B5B0-LeaderElection25: begin an election at term 27 for 0: [7e7122d9-53dc-47a8-b6b6-c87fac616c81:192.168.164.253:46735, c90420fb-507e-4f39-9d1e-d32950a26e2a:192.168.164.253:35682, 5459e257-ccbc-435a-9427-c3c16be66685:192.168.164.253:45469], old=null
2019-10-20 18:39:34,703 [grpc-default-executor-5] INFO  impl.RaftServerImpl (RaftServerImpl.java:setRole(184)) - c90420fb-507e-4f39-9d1e-d32950a26e2a@group-8B8FE5B4B5B0: changes role from  FOLLOWER to FOLLOWER at term 27 for recognizeCandidate:7e7122d9-53dc-47a8-b6b6-c87fac616c81
2019-10-20 18:39:34,703 [grpc-default-executor-5] INFO  impl.RoleInfo (RoleInfo.java:shutdownFollowerState(121)) - c90420fb-507e-4f39-9d1e-d32950a26e2a: shutdown FollowerState
2019-10-20 18:39:34,703 [grpc-default-executor-6] INFO  impl.RaftServerImpl (RaftServerImpl.java:setRole(184)) - 5459e257-ccbc-435a-9427-c3c16be66685@group-8B8FE5B4B5B0: changes role from  FOLLOWER to FOLLOWER at term 27 for recognizeCandidate:7e7122d9-53dc-47a8-b6b6-c87fac616c81
2019-10-20 18:39:34,704 [Thread-701] INFO  impl.FollowerState (FollowerState.java:run(117)) - c90420fb-507e-4f39-9d1e-d32950a26e2a@group-8B8FE5B4B5B0-FollowerState was interrupted: java.lang.InterruptedException: sleep interrupted
2019-10-20 18:39:34,704 [grpc-default-executor-5] INFO  impl.RoleInfo (RoleInfo.java:updateAndGet(143)) - c90420fb-507e-4f39-9d1e-d32950a26e2a: start FollowerState
2019-10-20 18:39:34,704 [grpc-default-executor-6] INFO  impl.RoleInfo (RoleInfo.java:shutdownFollowerState(121)) - 5459e257-ccbc-435a-9427-c3c16be66685: shutdown FollowerState
2019-10-20 18:39:34,704 [Thread-702] INFO  impl.FollowerState (FollowerState.java:run(117)) - 5459e257-ccbc-435a-9427-c3c16be66685@group-8B8FE5B4B5B0-FollowerState was interrupted: java.lang.InterruptedException: sleep interrupted
2019-10-20 18:39:34,704 [grpc-default-executor-6] INFO  impl.RoleInfo (RoleInfo.java:updateAndGet(143)) - 5459e257-ccbc-435a-9427-c3c16be66685: start FollowerState
2019-10-20 18:39:34,728 [7e7122d9-53dc-47a8-b6b6-c87fac616c81@group-8B8FE5B4B5B0-LeaderElection25] INFO  impl.LeaderElection (LeaderElection.java:logAndReturn(56)) - 7e7122d9-53dc-47a8-b6b6-c87fac616c81@group-8B8FE5B4B5B0-LeaderElection25: Election REJECTED; received 2 response(s) [7e7122d9-53dc-47a8-b6b6-c87fac616c81<-c90420fb-507e-4f39-9d1e-d32950a26e2a#0:FAIL-t27, 7e7122d9-53dc-47a8-b6b6-c87fac616c81<-5459e257-ccbc-435a-9427-c3c16be66685#0:FAIL-t27] and 0 exception(s); 7e7122d9-53dc-47a8-b6b6-c87fac616c81@group-8B8FE5B4B5B0:t27, leader=null, voted=7e7122d9-53dc-47a8-b6b6-c87fac616c81, raftlog=7e7122d9-53dc-47a8-b6b6-c87fac616c81@group-8B8FE5B4B5B0-SegmentedRaftLog:OPENED:c3,f4,i4, conf=0: [7e7122d9-53dc-47a8-b6b6-c87fac616c81:192.168.164.253:46735, c90420fb-507e-4f39-9d1e-d32950a26e2a:192.168.164.253:35682, 5459e257-ccbc-435a-9427-c3c16be66685:192.168.164.253:45469], old=null
2019-10-20 18:39:34,728 [7e7122d9-53dc-47a8-b6b6-c87fac616c81@group-8B8FE5B4B5B0-LeaderElection25] INFO  impl.RaftServerImpl (RaftServerImpl.java:setRole(184)) - 7e7122d9-53dc-47a8-b6b6-c87fac616c81@group-8B8FE5B4B5B0: changes role from CANDIDATE to FOLLOWER at term 27 for DISCOVERED_A_NEW_TERM
2019-10-20 18:39:34,728 [7e7122d9-53dc-47a8-b6b6-c87fac616c81@group-8B8FE5B4B5B0-LeaderElection25] INFO  impl.RoleInfo (RoleInfo.java:shutdownLeaderElection(134)) - 7e7122d9-53dc-47a8-b6b6-c87fac616c81: shutdown LeaderElection
2019-10-20 18:39:34,728 [7e7122d9-53dc-47a8-b6b6-c87fac616c81@group-8B8FE5B4B5B0-LeaderElection25] INFO  impl.RoleInfo (RoleInfo.java:updateAndGet(143)) - 7e7122d9-53dc-47a8-b6b6-c87fac616c81: start FollowerState
2019-10-20 18:39:34,816 [Thread-709] INFO  impl.FollowerState (FollowerState.java:run(108)) - 7e7122d9-53dc-47a8-b6b6-c87fac616c81@group-8B8FE5B4B5B0-FollowerState: change to CANDIDATE, lastRpcTime:87ms, electionTimeout:87ms
2019-10-20 18:39:34,817 [Thread-709] INFO  impl.RoleInfo (RoleInfo.java:shutdownFollowerState(121)) - 7e7122d9-53dc-47a8-b6b6-c87fac616c81: shutdown FollowerState
2019-10-20 18:39:34,817 [Thread-709] INFO  impl.RaftServerImpl (RaftServerImpl.java:setRole(184)) - 7e7122d9-53dc-47a8-b6b6-c87fac616c81@group-8B8FE5B4B5B0: changes role from  FOLLOWER to CANDIDATE at term 27 for changeToCandidate
2019-10-20 18:39:34,818 [Thread-709] INFO  impl.RoleInfo (RoleInfo.java:updateAndGet(143)) - 7e7122d9-53dc-47a8-b6b6-c87fac616c81: start LeaderElection
2019-10-20 18:39:34,844 [7e7122d9-53dc-47a8-b6b6-c87fac616c81@group-8B8FE5B4B5B0-LeaderElection26] INFO  impl.LeaderElection (LeaderElection.java:askForVotes(178)) - 7e7122d9-53dc-47a8-b6b6-c87fac616c81@group-8B8FE5B4B5B0-LeaderElection26: begin an election at term 28 for 0: [7e7122d9-53dc-47a8-b6b6-c87fac616c81:192.168.164.253:46735, c90420fb-507e-4f39-9d1e-d32950a26e2a:192.168.164.253:35682, 5459e257-ccbc-435a-9427-c3c16be66685:192.168.164.253:45469], old=null
2019-10-20 18:39:34,847 [grpc-default-executor-5] INFO  impl.RaftServerImpl (RaftServerImpl.java:setRole(184)) - c90420fb-507e-4f39-9d1e-d32950a26e2a@group-8B8FE5B4B5B0: changes role from  FOLLOWER to FOLLOWER at term 28 for recognizeCandidate:7e7122d9-53dc-47a8-b6b6-c87fac616c81
2019-10-20 18:39:34,847 [grpc-default-executor-6] INFO  impl.RaftServerImpl (RaftServerImpl.java:setRole(184)) - 5459e257-ccbc-435a-9427-c3c16be66685@group-8B8FE5B4B5B0: changes role from  FOLLOWER to FOLLOWER at term 28 for recognizeCandidate:7e7122d9-53dc-47a8-b6b6-c87fac616c81
2019-10-20 18:39:34,847 [grpc-default-executor-5] INFO  impl.RoleInfo (RoleInfo.java:shutdownFollowerState(121)) - c90420fb-507e-4f39-9d1e-d32950a26e2a: shutdown FollowerState
2019-10-20 18:39:34,847 [grpc-default-executor-6] INFO  impl.RoleInfo (RoleInfo.java:shutdownFollowerState(121)) - 5459e257-ccbc-435a-9427-c3c16be66685: shutdown FollowerState
2019-10-20 18:39:34,847 [Thread-707] INFO  impl.FollowerState (FollowerState.java:run(117)) - c90420fb-507e-4f39-9d1e-d32950a26e2a@group-8B8FE5B4B5B0-FollowerState was interrupted: java.lang.InterruptedException: sleep interrupted
2019-10-20 18:39:34,847 [grpc-default-executor-5] INFO  impl.RoleInfo (RoleInfo.java:updateAndGet(143)) - c90420fb-507e-4f39-9d1e-d32950a26e2a: start FollowerState
2019-10-20 18:39:34,848 [grpc-default-executor-6] INFO  impl.RoleInfo (RoleInfo.java:updateAndGet(143)) - 5459e257-ccbc-435a-9427-c3c16be66685: start FollowerState
2019-10-20 18:39:34,848 [Thread-708] INFO  impl.FollowerState (FollowerState.java:run(117)) - 5459e257-ccbc-435a-9427-c3c16be66685@group-8B8FE5B4B5B0-FollowerState was interrupted: java.lang.InterruptedException: sleep interrupted
2019-10-20 18:39:34,871 [7e7122d9-53dc-47a8-b6b6-c87fac616c81@group-8B8FE5B4B5B0-LeaderElection26] INFO  impl.LeaderElection (LeaderElection.java:logAndReturn(56)) - 7e7122d9-53dc-47a8-b6b6-c87fac616c81@group-8B8FE5B4B5B0-LeaderElection26: Election REJECTED; received 2 response(s) [7e7122d9-53dc-47a8-b6b6-c87fac616c81<-c90420fb-507e-4f39-9d1e-d32950a26e2a#0:FAIL-t28, 7e7122d9-53dc-47a8-b6b6-c87fac616c81<-5459e257-ccbc-435a-9427-c3c16be66685#0:FAIL-t28] and 0 exception(s); 7e7122d9-53dc-47a8-b6b6-c87fac616c81@group-8B8FE5B4B5B0:t28, leader=null, voted=7e7122d9-53dc-47a8-b6b6-c87fac616c81, raftlog=7e7122d9-53dc-47a8-b6b6-c87fac616c81@group-8B8FE5B4B5B0-SegmentedRaftLog:OPENED:c3,f4,i4, conf=0: [7e7122d9-53dc-47a8-b6b6-c87fac616c81:192.168.164.253:46735, c90420fb-507e-4f39-9d1e-d32950a26e2a:192.168.164.253:35682, 5459e257-ccbc-435a-9427-c3c16be66685:192.168.164.253:45469], old=null
2019-10-20 18:39:34,871 [7e7122d9-53dc-47a8-b6b6-c87fac616c81@group-8B8FE5B4B5B0-LeaderElection26] INFO  impl.RaftServerImpl (RaftServerImpl.java:setRole(184)) - 7e7122d9-53dc-47a8-b6b6-c87fac616c81@group-8B8FE5B4B5B0: changes role from CANDIDATE to FOLLOWER at term 28 for DISCOVERED_A_NEW_TERM
2019-10-20 18:39:34,871 [7e7122d9-53dc-47a8-b6b6-c87fac616c81@group-8B8FE5B4B5B0-LeaderElection26] INFO  impl.RoleInfo (RoleInfo.java:shutdownLeaderElection(134)) - 7e7122d9-53dc-47a8-b6b6-c87fac616c81: shutdown LeaderElection
2019-10-20 18:39:34,871 [7e7122d9-53dc-47a8-b6b6-c87fac616c81@group-8B8FE5B4B5B0-LeaderElection26] INFO  impl.RoleInfo (RoleInfo.java:updateAndGet(143)) - 7e7122d9-53dc-47a8-b6b6-c87fac616c81: start FollowerState
2019-10-20 18:39:34,872 [Thread-716] INFO  impl.FollowerState (FollowerState.java:run(108)) - 7e7122d9-53dc-47a8-b6b6-c87fac616c81@group-8B8FE5B4B5B0-FollowerState: change to CANDIDATE, lastRpcTime:0ms, electionTimeout:0ms
2019-10-20 18:39:34,873 [Thread-716] INFO  impl.RoleInfo (RoleInfo.java:shutdownFollowerState(121)) - 7e7122d9-53dc-47a8-b6b6-c87fac616c81: shutdown FollowerState
2019-10-20 18:39:34,873 [Thread-716] INFO  impl.RaftServerImpl (RaftServerImpl.java:setRole(184)) - 7e7122d9-53dc-47a8-b6b6-c87fac616c81@group-8B8FE5B4B5B0: changes role from  FOLLOWER to CANDIDATE at term 28 for changeToCandidate
2019-10-20 18:39:34,873 [Thread-716] INFO  impl.RoleInfo (RoleInfo.java:updateAndGet(143)) - 7e7122d9-53dc-47a8-b6b6-c87fac616c81: start LeaderElection
2019-10-20 18:39:34,895 [7e7122d9-53dc-47a8-b6b6-c87fac616c81@group-8B8FE5B4B5B0-LeaderElection27] INFO  impl.LeaderElection (LeaderElection.java:askForVotes(178)) - 7e7122d9-53dc-47a8-b6b6-c87fac616c81@group-8B8FE5B4B5B0-LeaderElection27: begin an election at term 29 for 0: [7e7122d9-53dc-47a8-b6b6-c87fac616c81:192.168.164.253:46735, c90420fb-507e-4f39-9d1e-d32950a26e2a:192.168.164.253:35682, 5459e257-ccbc-435a-9427-c3c16be66685:192.168.164.253:45469], old=null
2019-10-20 18:39:34,898 [grpc-default-executor-5] INFO  impl.RaftServerImpl (RaftServerImpl.java:setRole(184)) - 5459e257-ccbc-435a-9427-c3c16be66685@group-8B8FE5B4B5B0: changes role from  FOLLOWER to FOLLOWER at term 29 for recognizeCandidate:7e7122d9-53dc-47a8-b6b6-c87fac616c81
2019-10-20 18:39:34,898 [grpc-default-executor-5] INFO  impl.RoleInfo (RoleInfo.java:shutdownFollowerState(121)) - 5459e257-ccbc-435a-9427-c3c16be66685: shutdown FollowerState
2019-10-20 18:39:34,898 [grpc-default-executor-6] INFO  impl.RaftServerImpl (RaftServerImpl.java:setRole(184)) - c90420fb-507e-4f39-9d1e-d32950a26e2a@group-8B8FE5B4B5B0: changes role from  FOLLOWER to FOLLOWER at term 29 for recognizeCandidate:7e7122d9-53dc-47a8-b6b6-c87fac616c81
2019-10-20 18:39:34,898 [Thread-715] INFO  impl.FollowerState (FollowerState.java:run(117)) - 5459e257-ccbc-435a-9427-c3c16be66685@group-8B8FE5B4B5B0-FollowerState was interrupted: java.lang.InterruptedException: sleep interrupted
2019-10-20 18:39:34,898 [grpc-default-executor-5] INFO  impl.RoleInfo (RoleInfo.java:updateAndGet(143)) - 5459e257-ccbc-435a-9427-c3c16be66685: start FollowerState
2019-10-20 18:39:34,898 [grpc-default-executor-6] INFO  impl.RoleInfo (RoleInfo.java:shutdownFollowerState(121)) - c90420fb-507e-4f39-9d1e-d32950a26e2a: shutdown FollowerState
2019-10-20 18:39:34,899 [Thread-714] INFO  impl.FollowerState (FollowerState.java:run(117)) - c90420fb-507e-4f39-9d1e-d32950a26e2a@group-8B8FE5B4B5B0-FollowerState was interrupted: java.lang.InterruptedException: sleep interrupted
2019-10-20 18:39:34,899 [grpc-default-executor-6] INFO  impl.RoleInfo (RoleInfo.java:updateAndGet(143)) - c90420fb-507e-4f39-9d1e-d32950a26e2a: start FollowerState
2019-10-20 18:39:34,907 [7e7122d9-53dc-47a8-b6b6-c87fac616c81@group-8B8FE5B4B5B0-LeaderElection27] INFO  impl.LeaderElection (LeaderElection.java:logAndReturn(56)) - 7e7122d9-53dc-47a8-b6b6-c87fac616c81@group-8B8FE5B4B5B0-LeaderElection27: Election TIMEOUT; received 0 response(s) [] and 0 exception(s); 7e7122d9-53dc-47a8-b6b6-c87fac616c81@group-8B8FE5B4B5B0:t29, leader=null, voted=7e7122d9-53dc-47a8-b6b6-c87fac616c81, raftlog=7e7122d9-53dc-47a8-b6b6-c87fac616c81@group-8B8FE5B4B5B0-SegmentedRaftLog:OPENED:c3,f4,i4, conf=0: [7e7122d9-53dc-47a8-b6b6-c87fac616c81:192.168.164.253:46735, c90420fb-507e-4f39-9d1e-d32950a26e2a:192.168.164.253:35682, 5459e257-ccbc-435a-9427-c3c16be66685:192.168.164.253:45469], old=null
2019-10-20 18:39:34,920 [7e7122d9-53dc-47a8-b6b6-c87fac616c81@group-8B8FE5B4B5B0-LeaderElection27] INFO  impl.LeaderElection (LeaderElection.java:askForVotes(178)) - 7e7122d9-53dc-47a8-b6b6-c87fac616c81@group-8B8FE5B4B5B0-LeaderElection27: begin an election at term 30 for 0: [7e7122d9-53dc-47a8-b6b6-c87fac616c81:192.168.164.253:46735, c90420fb-507e-4f39-9d1e-d32950a26e2a:192.168.164.253:35682, 5459e257-ccbc-435a-9427-c3c16be66685:192.168.164.253:45469], old=null
2019-10-20 18:39:34,922 [grpc-default-executor-6] INFO  impl.RaftServerImpl (RaftServerImpl.java:setRole(184)) - c90420fb-507e-4f39-9d1e-d32950a26e2a@group-8B8FE5B4B5B0: changes role from  FOLLOWER to FOLLOWER at term 30 for recognizeCandidate:7e7122d9-53dc-47a8-b6b6-c87fac616c81
2019-10-20 18:39:34,924 [grpc-default-executor-6] INFO  impl.RoleInfo (RoleInfo.java:shutdownFollowerState(121)) - c90420fb-507e-4f39-9d1e-d32950a26e2a: shutdown FollowerState
2019-10-20 18:39:34,924 [grpc-default-executor-6] INFO  impl.RoleInfo (RoleInfo.java:updateAndGet(143)) - c90420fb-507e-4f39-9d1e-d32950a26e2a: start FollowerState
2019-10-20 18:39:34,924 [grpc-default-executor-5] INFO  impl.RaftServerImpl (RaftServerImpl.java:setRole(184)) - 5459e257-ccbc-435a-9427-c3c16be66685@group-8B8FE5B4B5B0: changes role from  FOLLOWER to FOLLOWER at term 30 for recognizeCandidate:7e7122d9-53dc-47a8-b6b6-c87fac616c81
2019-10-20 18:39:34,925 [grpc-default-executor-5] INFO  impl.RoleInfo (RoleInfo.java:shutdownFollowerState(121)) - 5459e257-ccbc-435a-9427-c3c16be66685: shutdown FollowerState
2019-10-20 18:39:34,924 [Thread-721] INFO  impl.FollowerState (FollowerState.java:run(117)) - c90420fb-507e-4f39-9d1e-d32950a26e2a@group-8B8FE5B4B5B0-FollowerState was interrupted: java.lang.InterruptedException: sleep interrupted
2019-10-20 18:39:34,925 [grpc-default-executor-5] INFO  impl.RoleInfo (RoleInfo.java:updateAndGet(143)) - 5459e257-ccbc-435a-9427-c3c16be66685: start FollowerState
2019-10-20 18:39:34,925 [Thread-720] INFO  impl.FollowerState (FollowerState.java:run(117)) - 5459e257-ccbc-435a-9427-c3c16be66685@group-8B8FE5B4B5B0-FollowerState was interrupted: java.lang.InterruptedException: sleep interrupted
2019-10-20 18:39:34,943 [7e7122d9-53dc-47a8-b6b6-c87fac616c81@group-8B8FE5B4B5B0-LeaderElection27] INFO  impl.LeaderElection (LeaderElection.java:logAndReturn(56)) - 7e7122d9-53dc-47a8-b6b6-c87fac616c81@group-8B8FE5B4B5B0-LeaderElection27: Election TIMEOUT; received 0 response(s) [] and 0 exception(s); 7e7122d9-53dc-47a8-b6b6-c87fac616c81@group-8B8FE5B4B5B0:t30, leader=null, voted=7e7122d9-53dc-47a8-b6b6-c87fac616c81, raftlog=7e7122d9-53dc-47a8-b6b6-c87fac616c81@group-8B8FE5B4B5B0-SegmentedRaftLog:OPENED:c3,f4,i4, conf=0: [7e7122d9-53dc-47a8-b6b6-c87fac616c81:192.168.164.253:46735, c90420fb-507e-4f39-9d1e-d32950a26e2a:192.168.164.253:35682, 5459e257-ccbc-435a-9427-c3c16be66685:192.168.164.253:45469], old=null
2019-10-20 18:39:34,963 [7e7122d9-53dc-47a8-b6b6-c87fac616c81@group-8B8FE5B4B5B0-LeaderElection27] INFO  impl.LeaderElection (LeaderElection.java:askForVotes(178)) - 7e7122d9-53dc-47a8-b6b6-c87fac616c81@group-8B8FE5B4B5B0-LeaderElection27: begin an election at term 31 for 0: [7e7122d9-53dc-47a8-b6b6-c87fac616c81:192.168.164.253:46735, c90420fb-507e-4f39-9d1e-d32950a26e2a:192.168.164.253:35682, 5459e257-ccbc-435a-9427-c3c16be66685:192.168.164.253:45469], old=null
2019-10-20 18:39:34,965 [grpc-default-executor-5] INFO  impl.RaftServerImpl (RaftServerImpl.java:setRole(184)) - 5459e257-ccbc-435a-9427-c3c16be66685@group-8B8FE5B4B5B0: changes role from  FOLLOWER to FOLLOWER at term 31 for recognizeCandidate:7e7122d9-53dc-47a8-b6b6-c87fac616c81
2019-10-20 18:39:34,967 [grpc-default-executor-5] INFO  impl.RoleInfo (RoleInfo.java:shutdownFollowerState(121)) - 5459e257-ccbc-435a-9427-c3c16be66685: shutdown FollowerState
2019-10-20 18:39:34,967 [grpc-default-executor-6] INFO  impl.RaftServerImpl (RaftServerImpl.java:setRole(184)) - c90420fb-507e-4f39-9d1e-d32950a26e2a@group-8B8FE5B4B5B0: changes role from  FOLLOWER to FOLLOWER at term 31 for recognizeCandidate:7e7122d9-53dc-47a8-b6b6-c87fac616c81
2019-10-20 18:39:34,967 [Thread-725] INFO  impl.FollowerState (FollowerState.java:run(117)) - 5459e257-ccbc-435a-9427-c3c16be66685@group-8B8FE5B4B5B0-FollowerState was interrupted: java.lang.InterruptedException: sleep interrupted
2019-10-20 18:39:34,967 [grpc-default-executor-5] INFO  impl.RoleInfo (RoleInfo.java:updateAndGet(143)) - 5459e257-ccbc-435a-9427-c3c16be66685: start FollowerState
2019-10-20 18:39:34,967 [grpc-default-executor-6] INFO  impl.RoleInfo (RoleInfo.java:shutdownFollowerState(121)) - c90420fb-507e-4f39-9d1e-d32950a26e2a: shutdown FollowerState
2019-10-20 18:39:34,968 [Thread-724] INFO  impl.FollowerState (FollowerState.java:run(117)) - c90420fb-507e-4f39-9d1e-d32950a26e2a@group-8B8FE5B4B5B0-FollowerState was interrupted: java.lang.InterruptedException: sleep interrupted
2019-10-20 18:39:34,968 [grpc-default-executor-6] INFO  impl.RoleInfo (RoleInfo.java:updateAndGet(143)) - c90420fb-507e-4f39-9d1e-d32950a26e2a: start FollowerState
2019-10-20 18:39:34,998 [7e7122d9-53dc-47a8-b6b6-c87fac616c81@group-8B8FE5B4B5B0-LeaderElection27] INFO  impl.LeaderElection (LeaderElection.java:logAndReturn(56)) - 7e7122d9-53dc-47a8-b6b6-c87fac616c81@group-8B8FE5B4B5B0-LeaderElection27: Election REJECTED; received 2 response(s) [7e7122d9-53dc-47a8-b6b6-c87fac616c81<-c90420fb-507e-4f39-9d1e-d32950a26e2a#0:FAIL-t31, 7e7122d9-53dc-47a8-b6b6-c87fac616c81<-5459e257-ccbc-435a-9427-c3c16be66685#0:FAIL-t31] and 0 exception(s); 7e7122d9-53dc-47a8-b6b6-c87fac616c81@group-8B8FE5B4B5B0:t31, leader=null, voted=7e7122d9-53dc-47a8-b6b6-c87fac616c81, raftlog=7e7122d9-53dc-47a8-b6b6-c87fac616c81@group-8B8FE5B4B5B0-SegmentedRaftLog:OPENED:c3,f4,i4, conf=0: [7e7122d9-53dc-47a8-b6b6-c87fac616c81:192.168.164.253:46735, c90420fb-507e-4f39-9d1e-d32950a26e2a:192.168.164.253:35682, 5459e257-ccbc-435a-9427-c3c16be66685:192.168.164.253:45469], old=null
2019-10-20 18:39:34,999 [7e7122d9-53dc-47a8-b6b6-c87fac616c81@group-8B8FE5B4B5B0-LeaderElection27] INFO  impl.RaftServerImpl (RaftServerImpl.java:setRole(184)) - 7e7122d9-53dc-47a8-b6b6-c87fac616c81@group-8B8FE5B4B5B0: changes role from CANDIDATE to FOLLOWER at term 31 for DISCOVERED_A_NEW_TERM
2019-10-20 18:39:34,999 [7e7122d9-53dc-47a8-b6b6-c87fac616c81@group-8B8FE5B4B5B0-LeaderElection27] INFO  impl.RoleInfo (RoleInfo.java:shutdownLeaderElection(134)) - 7e7122d9-53dc-47a8-b6b6-c87fac616c81: shutdown LeaderElection
2019-10-20 18:39:34,999 [7e7122d9-53dc-47a8-b6b6-c87fac616c81@group-8B8FE5B4B5B0-LeaderElection27] INFO  impl.RoleInfo (RoleInfo.java:updateAndGet(143)) - 7e7122d9-53dc-47a8-b6b6-c87fac616c81: start FollowerState
2019-10-20 18:39:35,044 [pool-7-thread-4] INFO  commands.RetriableDatanodeEventWatcher (RetriableDatanodeEventWatcher.java:onTimeout(47)) - RetriableDatanodeCommand type=deleteBlocksCommand with id=1571596769034 timed out. Retrying.
2019-10-20 18:39:35,044 [SCMBlockDeletingService#1] INFO  block.SCMBlockDeletingService (SCMBlockDeletingService.java:call(184)) - Totally added 1 delete blocks command for 1 datanodes, task elapsed time: 0ms
2019-10-20 18:39:35,046 [pool-7-thread-6] INFO  commands.RetriableDatanodeEventWatcher (RetriableDatanodeEventWatcher.java:onTimeout(47)) - RetriableDatanodeCommand type=deleteBlocksCommand with id=1571596769029 timed out. Retrying.
2019-10-20 18:39:35,046 [pool-7-thread-3] INFO  commands.RetriableDatanodeEventWatcher (RetriableDatanodeEventWatcher.java:onTimeout(47)) - RetriableDatanodeCommand type=deleteBlocksCommand with id=1571596769033 timed out. Retrying.
2019-10-20 18:39:35,046 [pool-7-thread-2] INFO  commands.RetriableDatanodeEventWatcher (RetriableDatanodeEventWatcher.java:onTimeout(47)) - RetriableDatanodeCommand type=deleteBlocksCommand with id=1571596769026 timed out. Retrying.
2019-10-20 18:39:35,047 [pool-7-thread-1] INFO  commands.RetriableDatanodeEventWatcher (RetriableDatanodeEventWatcher.java:onTimeout(47)) - RetriableDatanodeCommand type=deleteBlocksCommand with id=1571596769031 timed out. Retrying.
2019-10-20 18:39:35,047 [pool-7-thread-5] INFO  commands.RetriableDatanodeEventWatcher (RetriableDatanodeEventWatcher.java:onTimeout(47)) - RetriableDatanodeCommand type=deleteBlocksCommand with id=1571596769032 timed out. Retrying.
2019-10-20 18:39:35,071 [Thread-730] INFO  impl.FollowerState (FollowerState.java:run(108)) - 7e7122d9-53dc-47a8-b6b6-c87fac616c81@group-8B8FE5B4B5B0-FollowerState: change to CANDIDATE, lastRpcTime:72ms, electionTimeout:72ms
2019-10-20 18:39:35,072 [Thread-730] INFO  impl.RoleInfo (RoleInfo.java:shutdownFollowerState(121)) - 7e7122d9-53dc-47a8-b6b6-c87fac616c81: shutdown FollowerState
2019-10-20 18:39:35,072 [Thread-730] INFO  impl.RaftServerImpl (RaftServerImpl.java:setRole(184)) - 7e7122d9-53dc-47a8-b6b6-c87fac616c81@group-8B8FE5B4B5B0: changes role from  FOLLOWER to CANDIDATE at term 31 for changeToCandidate
2019-10-20 18:39:35,072 [Thread-730] INFO  impl.RoleInfo (RoleInfo.java:updateAndGet(143)) - 7e7122d9-53dc-47a8-b6b6-c87fac616c81: start LeaderElection
2019-10-20 18:39:35,098 [7e7122d9-53dc-47a8-b6b6-c87fac616c81@group-8B8FE5B4B5B0-LeaderElection28] INFO  impl.LeaderElection (LeaderElection.java:askForVotes(178)) - 7e7122d9-53dc-47a8-b6b6-c87fac616c81@group-8B8FE5B4B5B0-LeaderElection28: begin an election at term 32 for 0: [7e7122d9-53dc-47a8-b6b6-c87fac616c81:192.168.164.253:46735, c90420fb-507e-4f39-9d1e-d32950a26e2a:192.168.164.253:35682, 5459e257-ccbc-435a-9427-c3c16be66685:192.168.164.253:45469], old=null
2019-10-20 18:39:35,098 [Thread-733] INFO  client.GrpcClientProtocolService (GrpcClientProtocolService.java:lambda$processClientRequest$0(278)) - Failed RaftClientRequest:client-33348DE3F0EA->7e7122d9-53dc-47a8-b6b6-c87fac616c81@group-8B8FE5B4B5B0, cid=10, seq=0, Watch-ALL_COMMITTED(6), Message:<EMPTY>, reply=RaftClientReply:client-33348DE3F0EA->7e7122d9-53dc-47a8-b6b6-c87fac616c81@group-8B8FE5B4B5B0, cid=10, FAILED org.apache.ratis.protocol.NotLeaderException: Server 7e7122d9-53dc-47a8-b6b6-c87fac616c81@group-8B8FE5B4B5B0 is not the leader, logIndex=0, commits[7e7122d9-53dc-47a8-b6b6-c87fac616c81:c3]
2019-10-20 18:39:35,103 [BlockDeletingService#2] WARN  background.BlockDeletingService (BlockDeletingService.java:isDeletionAllowed(187)) - Close Container log Index 6 is not replicated across allthe servers in the pipeline e053cdee-5b19-4be2-866a-8b8fe5b4b5b0 as the min replicated index is 4. Deletion is not allowed in this container yet.
2019-10-20 18:39:35,106 [BlockDeletingService#2] WARN  background.BlockDeletingService (BlockDeletingService.java:isDeletionAllowed(187)) - Close Container log Index 6 is not replicated across allthe servers in the pipeline e053cdee-5b19-4be2-866a-8b8fe5b4b5b0 as the min replicated index is 4. Deletion is not allowed in this container yet.
2019-10-20 18:39:35,109 [7e7122d9-53dc-47a8-b6b6-c87fac616c81@group-8B8FE5B4B5B0-LeaderElection28] INFO  impl.LeaderElection (LeaderElection.java:logAndReturn(56)) - 7e7122d9-53dc-47a8-b6b6-c87fac616c81@group-8B8FE5B4B5B0-LeaderElection28: Election TIMEOUT; received 0 response(s) [] and 0 exception(s); 7e7122d9-53dc-47a8-b6b6-c87fac616c81@group-8B8FE5B4B5B0:t32, leader=null, voted=7e7122d9-53dc-47a8-b6b6-c87fac616c81, raftlog=7e7122d9-53dc-47a8-b6b6-c87fac616c81@group-8B8FE5B4B5B0-SegmentedRaftLog:OPENED:c3,f4,i4, conf=0: [7e7122d9-53dc-47a8-b6b6-c87fac616c81:192.168.164.253:46735, c90420fb-507e-4f39-9d1e-d32950a26e2a:192.168.164.253:35682, 5459e257-ccbc-435a-9427-c3c16be66685:192.168.164.253:45469], old=null
2019-10-20 18:39:35,106 [grpc-default-executor-1] INFO  impl.RaftServerImpl (RaftServerImpl.java:setRole(184)) - c90420fb-507e-4f39-9d1e-d32950a26e2a@group-8B8FE5B4B5B0: changes role from  FOLLOWER to FOLLOWER at term 32 for recognizeCandidate:7e7122d9-53dc-47a8-b6b6-c87fac616c81
2019-10-20 18:39:35,106 [grpc-default-executor-6] INFO  impl.RaftServerImpl (RaftServerImpl.java:setRole(184)) - 5459e257-ccbc-435a-9427-c3c16be66685@group-8B8FE5B4B5B0: changes role from  FOLLOWER to FOLLOWER at term 32 for recognizeCandidate:7e7122d9-53dc-47a8-b6b6-c87fac616c81
2019-10-20 18:39:35,110 [grpc-default-executor-1] INFO  impl.RoleInfo (RoleInfo.java:shutdownFollowerState(121)) - c90420fb-507e-4f39-9d1e-d32950a26e2a: shutdown FollowerState
2019-10-20 18:39:35,110 [grpc-default-executor-6] INFO  impl.RoleInfo (RoleInfo.java:shutdownFollowerState(121)) - 5459e257-ccbc-435a-9427-c3c16be66685: shutdown FollowerState
2019-10-20 18:39:35,111 [Thread-729] INFO  impl.FollowerState (FollowerState.java:run(117)) - c90420fb-507e-4f39-9d1e-d32950a26e2a@group-8B8FE5B4B5B0-FollowerState was interrupted: java.lang.InterruptedException: sleep interrupted
2019-10-20 18:39:35,111 [grpc-default-executor-1] INFO  impl.RoleInfo (RoleInfo.java:updateAndGet(143)) - c90420fb-507e-4f39-9d1e-d32950a26e2a: start FollowerState
2019-10-20 18:39:35,111 [grpc-default-executor-6] INFO  impl.RoleInfo (RoleInfo.java:updateAndGet(143)) - 5459e257-ccbc-435a-9427-c3c16be66685: start FollowerState
2019-10-20 18:39:35,111 [Thread-728] INFO  impl.FollowerState (FollowerState.java:run(117)) - 5459e257-ccbc-435a-9427-c3c16be66685@group-8B8FE5B4B5B0-FollowerState was interrupted: java.lang.InterruptedException: sleep interrupted
2019-10-20 18:39:35,141 [7e7122d9-53dc-47a8-b6b6-c87fac616c81@group-8B8FE5B4B5B0-LeaderElection28] INFO  impl.LeaderElection (LeaderElection.java:askForVotes(178)) - 7e7122d9-53dc-47a8-b6b6-c87fac616c81@group-8B8FE5B4B5B0-LeaderElection28: begin an election at term 33 for 0: [7e7122d9-53dc-47a8-b6b6-c87fac616c81:192.168.164.253:46735, c90420fb-507e-4f39-9d1e-d32950a26e2a:192.168.164.253:35682, 5459e257-ccbc-435a-9427-c3c16be66685:192.168.164.253:45469], old=null
2019-10-20 18:39:35,143 [grpc-default-executor-1] INFO  impl.RaftServerImpl (RaftServerImpl.java:setRole(184)) - 5459e257-ccbc-435a-9427-c3c16be66685@group-8B8FE5B4B5B0: changes role from  FOLLOWER to FOLLOWER at term 33 for recognizeCandidate:7e7122d9-53dc-47a8-b6b6-c87fac616c81
2019-10-20 18:39:35,143 [grpc-default-executor-6] INFO  impl.RaftServerImpl (RaftServerImpl.java:setRole(184)) - c90420fb-507e-4f39-9d1e-d32950a26e2a@group-8B8FE5B4B5B0: changes role from  FOLLOWER to FOLLOWER at term 33 for recognizeCandidate:7e7122d9-53dc-47a8-b6b6-c87fac616c81
2019-10-20 18:39:35,143 [grpc-default-executor-1] INFO  impl.RoleInfo (RoleInfo.java:shutdownFollowerState(121)) - 5459e257-ccbc-435a-9427-c3c16be66685: shutdown FollowerState
2019-10-20 18:39:35,143 [grpc-default-executor-6] INFO  impl.RoleInfo (RoleInfo.java:shutdownFollowerState(121)) - c90420fb-507e-4f39-9d1e-d32950a26e2a: shutdown FollowerState
2019-10-20 18:39:35,144 [Thread-740] INFO  impl.FollowerState (FollowerState.java:run(117)) - 5459e257-ccbc-435a-9427-c3c16be66685@group-8B8FE5B4B5B0-FollowerState was interrupted: java.lang.InterruptedException: sleep interrupted
2019-10-20 18:39:35,144 [grpc-default-executor-1] INFO  impl.RoleInfo (RoleInfo.java:updateAndGet(143)) - 5459e257-ccbc-435a-9427-c3c16be66685: start FollowerState
2019-10-20 18:39:35,144 [Thread-739] INFO  impl.FollowerState (FollowerState.java:run(117)) - c90420fb-507e-4f39-9d1e-d32950a26e2a@group-8B8FE5B4B5B0-FollowerState was interrupted: java.lang.InterruptedException: sleep interrupted
2019-10-20 18:39:35,144 [grpc-default-executor-6] INFO  impl.RoleInfo (RoleInfo.java:updateAndGet(143)) - c90420fb-507e-4f39-9d1e-d32950a26e2a: start FollowerState
2019-10-20 18:39:35,168 [7e7122d9-53dc-47a8-b6b6-c87fac616c81@group-8B8FE5B4B5B0-LeaderElection28] INFO  impl.LeaderElection (LeaderElection.java:logAndReturn(56)) - 7e7122d9-53dc-47a8-b6b6-c87fac616c81@group-8B8FE5B4B5B0-LeaderElection28: Election REJECTED; received 2 response(s) [7e7122d9-53dc-47a8-b6b6-c87fac616c81<-c90420fb-507e-4f39-9d1e-d32950a26e2a#0:FAIL-t33, 7e7122d9-53dc-47a8-b6b6-c87fac616c81<-5459e257-ccbc-435a-9427-c3c16be66685#0:FAIL-t33] and 0 exception(s); 7e7122d9-53dc-47a8-b6b6-c87fac616c81@group-8B8FE5B4B5B0:t33, leader=null, voted=7e7122d9-53dc-47a8-b6b6-c87fac616c81, raftlog=7e7122d9-53dc-47a8-b6b6-c87fac616c81@group-8B8FE5B4B5B0-SegmentedRaftLog:OPENED:c3,f4,i4, conf=0: [7e7122d9-53dc-47a8-b6b6-c87fac616c81:192.168.164.253:46735, c90420fb-507e-4f39-9d1e-d32950a26e2a:192.168.164.253:35682, 5459e257-ccbc-435a-9427-c3c16be66685:192.168.164.253:45469], old=null
2019-10-20 18:39:35,168 [7e7122d9-53dc-47a8-b6b6-c87fac616c81@group-8B8FE5B4B5B0-LeaderElection28] INFO  impl.RaftServerImpl (RaftServerImpl.java:setRole(184)) - 7e7122d9-53dc-47a8-b6b6-c87fac616c81@group-8B8FE5B4B5B0: changes role from CANDIDATE to FOLLOWER at term 33 for DISCOVERED_A_NEW_TERM
2019-10-20 18:39:35,168 [7e7122d9-53dc-47a8-b6b6-c87fac616c81@group-8B8FE5B4B5B0-LeaderElection28] INFO  impl.RoleInfo (RoleInfo.java:shutdownLeaderElection(134)) - 7e7122d9-53dc-47a8-b6b6-c87fac616c81: shutdown LeaderElection
2019-10-20 18:39:35,168 [7e7122d9-53dc-47a8-b6b6-c87fac616c81@group-8B8FE5B4B5B0-LeaderElection28] INFO  impl.RoleInfo (RoleInfo.java:updateAndGet(143)) - 7e7122d9-53dc-47a8-b6b6-c87fac616c81: start FollowerState
2019-10-20 18:39:35,341 [Thread-745] INFO  impl.FollowerState (FollowerState.java:run(108)) - 7e7122d9-53dc-47a8-b6b6-c87fac616c81@group-8B8FE5B4B5B0-FollowerState: change to CANDIDATE, lastRpcTime:172ms, electionTimeout:172ms
2019-10-20 18:39:35,341 [Thread-745] INFO  impl.RoleInfo (RoleInfo.java:shutdownFollowerState(121)) - 7e7122d9-53dc-47a8-b6b6-c87fac616c81: shutdown FollowerState
2019-10-20 18:39:35,341 [Thread-745] INFO  impl.RaftServerImpl (RaftServerImpl.java:setRole(184)) - 7e7122d9-53dc-47a8-b6b6-c87fac616c81@group-8B8FE5B4B5B0: changes role from  FOLLOWER to CANDIDATE at term 33 for changeToCandidate
2019-10-20 18:39:35,341 [Thread-745] INFO  impl.RoleInfo (RoleInfo.java:updateAndGet(143)) - 7e7122d9-53dc-47a8-b6b6-c87fac616c81: start LeaderElection
2019-10-20 18:39:35,368 [7e7122d9-53dc-47a8-b6b6-c87fac616c81@group-8B8FE5B4B5B0-LeaderElection29] INFO  impl.LeaderElection (LeaderElection.java:askForVotes(178)) - 7e7122d9-53dc-47a8-b6b6-c87fac616c81@group-8B8FE5B4B5B0-LeaderElection29: begin an election at term 34 for 0: [7e7122d9-53dc-47a8-b6b6-c87fac616c81:192.168.164.253:46735, c90420fb-507e-4f39-9d1e-d32950a26e2a:192.168.164.253:35682, 5459e257-ccbc-435a-9427-c3c16be66685:192.168.164.253:45469], old=null
2019-10-20 18:39:35,371 [grpc-default-executor-1] INFO  impl.RaftServerImpl (RaftServerImpl.java:setRole(184)) - c90420fb-507e-4f39-9d1e-d32950a26e2a@group-8B8FE5B4B5B0: changes role from  FOLLOWER to FOLLOWER at term 34 for recognizeCandidate:7e7122d9-53dc-47a8-b6b6-c87fac616c81
2019-10-20 18:39:35,371 [grpc-default-executor-6] INFO  impl.RaftServerImpl (RaftServerImpl.java:setRole(184)) - 5459e257-ccbc-435a-9427-c3c16be66685@group-8B8FE5B4B5B0: changes role from  FOLLOWER to FOLLOWER at term 34 for recognizeCandidate:7e7122d9-53dc-47a8-b6b6-c87fac616c81
2019-10-20 18:39:35,371 [grpc-default-executor-1] INFO  impl.RoleInfo (RoleInfo.java:shutdownFollowerState(121)) - c90420fb-507e-4f39-9d1e-d32950a26e2a: shutdown FollowerState
2019-10-20 18:39:35,371 [grpc-default-executor-6] INFO  impl.RoleInfo (RoleInfo.java:shutdownFollowerState(121)) - 5459e257-ccbc-435a-9427-c3c16be66685: shutdown FollowerState
2019-10-20 18:39:35,371 [grpc-default-executor-1] INFO  impl.RoleInfo (RoleInfo.java:updateAndGet(143)) - c90420fb-507e-4f39-9d1e-d32950a26e2a: start FollowerState
2019-10-20 18:39:35,371 [Thread-744] INFO  impl.FollowerState (FollowerState.java:run(117)) - c90420fb-507e-4f39-9d1e-d32950a26e2a@group-8B8FE5B4B5B0-FollowerState was interrupted: java.lang.InterruptedException: sleep interrupted
2019-10-20 18:39:35,371 [grpc-default-executor-6] INFO  impl.RoleInfo (RoleInfo.java:updateAndGet(143)) - 5459e257-ccbc-435a-9427-c3c16be66685: start FollowerState
2019-10-20 18:39:35,371 [Thread-743] INFO  impl.FollowerState (FollowerState.java:run(117)) - 5459e257-ccbc-435a-9427-c3c16be66685@group-8B8FE5B4B5B0-FollowerState was interrupted: java.lang.InterruptedException: sleep interrupted
2019-10-20 18:39:35,394 [7e7122d9-53dc-47a8-b6b6-c87fac616c81@group-8B8FE5B4B5B0-LeaderElection29] INFO  impl.LeaderElection (LeaderElection.java:logAndReturn(56)) - 7e7122d9-53dc-47a8-b6b6-c87fac616c81@group-8B8FE5B4B5B0-LeaderElection29: Election REJECTED; received 2 response(s) [7e7122d9-53dc-47a8-b6b6-c87fac616c81<-c90420fb-507e-4f39-9d1e-d32950a26e2a#0:FAIL-t34, 7e7122d9-53dc-47a8-b6b6-c87fac616c81<-5459e257-ccbc-435a-9427-c3c16be66685#0:FAIL-t34] and 0 exception(s); 7e7122d9-53dc-47a8-b6b6-c87fac616c81@group-8B8FE5B4B5B0:t34, leader=null, voted=7e7122d9-53dc-47a8-b6b6-c87fac616c81, raftlog=7e7122d9-53dc-47a8-b6b6-c87fac616c81@group-8B8FE5B4B5B0-SegmentedRaftLog:OPENED:c3,f4,i4, conf=0: [7e7122d9-53dc-47a8-b6b6-c87fac616c81:192.168.164.253:46735, c90420fb-507e-4f39-9d1e-d32950a26e2a:192.168.164.253:35682, 5459e257-ccbc-435a-9427-c3c16be66685:192.168.164.253:45469], old=null
2019-10-20 18:39:35,395 [7e7122d9-53dc-47a8-b6b6-c87fac616c81@group-8B8FE5B4B5B0-LeaderElection29] INFO  impl.RaftServerImpl (RaftServerImpl.java:setRole(184)) - 7e7122d9-53dc-47a8-b6b6-c87fac616c81@group-8B8FE5B4B5B0: changes role from CANDIDATE to FOLLOWER at term 34 for DISCOVERED_A_NEW_TERM
2019-10-20 18:39:35,395 [7e7122d9-53dc-47a8-b6b6-c87fac616c81@group-8B8FE5B4B5B0-LeaderElection29] INFO  impl.RoleInfo (RoleInfo.java:shutdownLeaderElection(134)) - 7e7122d9-53dc-47a8-b6b6-c87fac616c81: shutdown LeaderElection
2019-10-20 18:39:35,395 [7e7122d9-53dc-47a8-b6b6-c87fac616c81@group-8B8FE5B4B5B0-LeaderElection29] INFO  impl.RoleInfo (RoleInfo.java:updateAndGet(143)) - 7e7122d9-53dc-47a8-b6b6-c87fac616c81: start FollowerState
2019-10-20 18:39:35,463 [Thread-751] INFO  impl.FollowerState (FollowerState.java:run(108)) - 7e7122d9-53dc-47a8-b6b6-c87fac616c81@group-8B8FE5B4B5B0-FollowerState: change to CANDIDATE, lastRpcTime:68ms, electionTimeout:68ms
2019-10-20 18:39:35,463 [Thread-751] INFO  impl.RoleInfo (RoleInfo.java:shutdownFollowerState(121)) - 7e7122d9-53dc-47a8-b6b6-c87fac616c81: shutdown FollowerState
2019-10-20 18:39:35,463 [Thread-751] INFO  impl.RaftServerImpl (RaftServerImpl.java:setRole(184)) - 7e7122d9-53dc-47a8-b6b6-c87fac616c81@group-8B8FE5B4B5B0: changes role from  FOLLOWER to CANDIDATE at term 34 for changeToCandidate
2019-10-20 18:39:35,464 [Thread-751] INFO  impl.RoleInfo (RoleInfo.java:updateAndGet(143)) - 7e7122d9-53dc-47a8-b6b6-c87fac616c81: start LeaderElection
2019-10-20 18:39:35,486 [7e7122d9-53dc-47a8-b6b6-c87fac616c81@group-8B8FE5B4B5B0-LeaderElection30] INFO  impl.LeaderElection (LeaderElection.java:askForVotes(178)) - 7e7122d9-53dc-47a8-b6b6-c87fac616c81@group-8B8FE5B4B5B0-LeaderElection30: begin an election at term 35 for 0: [7e7122d9-53dc-47a8-b6b6-c87fac616c81:192.168.164.253:46735, c90420fb-507e-4f39-9d1e-d32950a26e2a:192.168.164.253:35682, 5459e257-ccbc-435a-9427-c3c16be66685:192.168.164.253:45469], old=null
2019-10-20 18:39:35,488 [grpc-default-executor-6] INFO  impl.RaftServerImpl (RaftServerImpl.java:setRole(184)) - c90420fb-507e-4f39-9d1e-d32950a26e2a@group-8B8FE5B4B5B0: changes role from  FOLLOWER to FOLLOWER at term 35 for recognizeCandidate:7e7122d9-53dc-47a8-b6b6-c87fac616c81
2019-10-20 18:39:35,488 [grpc-default-executor-6] INFO  impl.RoleInfo (RoleInfo.java:shutdownFollowerState(121)) - c90420fb-507e-4f39-9d1e-d32950a26e2a: shutdown FollowerState
2019-10-20 18:39:35,489 [grpc-default-executor-1] INFO  impl.RaftServerImpl (RaftServerImpl.java:setRole(184)) - 5459e257-ccbc-435a-9427-c3c16be66685@group-8B8FE5B4B5B0: changes role from  FOLLOWER to FOLLOWER at term 35 for recognizeCandidate:7e7122d9-53dc-47a8-b6b6-c87fac616c81
2019-10-20 18:39:35,489 [Thread-749] INFO  impl.FollowerState (FollowerState.java:run(117)) - c90420fb-507e-4f39-9d1e-d32950a26e2a@group-8B8FE5B4B5B0-FollowerState was interrupted: java.lang.InterruptedException: sleep interrupted
2019-10-20 18:39:35,489 [grpc-default-executor-6] INFO  impl.RoleInfo (RoleInfo.java:updateAndGet(143)) - c90420fb-507e-4f39-9d1e-d32950a26e2a: start FollowerState
2019-10-20 18:39:35,489 [grpc-default-executor-1] INFO  impl.RoleInfo (RoleInfo.java:shutdownFollowerState(121)) - 5459e257-ccbc-435a-9427-c3c16be66685: shutdown FollowerState
2019-10-20 18:39:35,489 [grpc-default-executor-1] INFO  impl.RoleInfo (RoleInfo.java:updateAndGet(143)) - 5459e257-ccbc-435a-9427-c3c16be66685: start FollowerState
2019-10-20 18:39:35,489 [Thread-750] INFO  impl.FollowerState (FollowerState.java:run(117)) - 5459e257-ccbc-435a-9427-c3c16be66685@group-8B8FE5B4B5B0-FollowerState was interrupted: java.lang.InterruptedException: sleep interrupted
2019-10-20 18:39:35,513 [7e7122d9-53dc-47a8-b6b6-c87fac616c81@group-8B8FE5B4B5B0-LeaderElection30] INFO  impl.LeaderElection (LeaderElection.java:logAndReturn(56)) - 7e7122d9-53dc-47a8-b6b6-c87fac616c81@group-8B8FE5B4B5B0-LeaderElection30: Election REJECTED; received 2 response(s) [7e7122d9-53dc-47a8-b6b6-c87fac616c81<-c90420fb-507e-4f39-9d1e-d32950a26e2a#0:FAIL-t35, 7e7122d9-53dc-47a8-b6b6-c87fac616c81<-5459e257-ccbc-435a-9427-c3c16be66685#0:FAIL-t35] and 0 exception(s); 7e7122d9-53dc-47a8-b6b6-c87fac616c81@group-8B8FE5B4B5B0:t35, leader=null, voted=7e7122d9-53dc-47a8-b6b6-c87fac616c81, raftlog=7e7122d9-53dc-47a8-b6b6-c87fac616c81@group-8B8FE5B4B5B0-SegmentedRaftLog:OPENED:c3,f4,i4, conf=0: [7e7122d9-53dc-47a8-b6b6-c87fac616c81:192.168.164.253:46735, c90420fb-507e-4f39-9d1e-d32950a26e2a:192.168.164.253:35682, 5459e257-ccbc-435a-9427-c3c16be66685:192.168.164.253:45469], old=null
2019-10-20 18:39:35,513 [7e7122d9-53dc-47a8-b6b6-c87fac616c81@group-8B8FE5B4B5B0-LeaderElection30] INFO  impl.RaftServerImpl (RaftServerImpl.java:setRole(184)) - 7e7122d9-53dc-47a8-b6b6-c87fac616c81@group-8B8FE5B4B5B0: changes role from CANDIDATE to FOLLOWER at term 35 for DISCOVERED_A_NEW_TERM
2019-10-20 18:39:35,513 [7e7122d9-53dc-47a8-b6b6-c87fac616c81@group-8B8FE5B4B5B0-LeaderElection30] INFO  impl.RoleInfo (RoleInfo.java:shutdownLeaderElection(134)) - 7e7122d9-53dc-47a8-b6b6-c87fac616c81: shutdown LeaderElection
2019-10-20 18:39:35,513 [7e7122d9-53dc-47a8-b6b6-c87fac616c81@group-8B8FE5B4B5B0-LeaderElection30] INFO  impl.RoleInfo (RoleInfo.java:updateAndGet(143)) - 7e7122d9-53dc-47a8-b6b6-c87fac616c81: start FollowerState
2019-10-20 18:39:35,592 [Thread-757] INFO  impl.FollowerState (FollowerState.java:run(108)) - 7e7122d9-53dc-47a8-b6b6-c87fac616c81@group-8B8FE5B4B5B0-FollowerState: change to CANDIDATE, lastRpcTime:79ms, electionTimeout:79ms
2019-10-20 18:39:35,592 [Thread-757] INFO  impl.RoleInfo (RoleInfo.java:shutdownFollowerState(121)) - 7e7122d9-53dc-47a8-b6b6-c87fac616c81: shutdown FollowerState
2019-10-20 18:39:35,593 [Thread-757] INFO  impl.RaftServerImpl (RaftServerImpl.java:setRole(184)) - 7e7122d9-53dc-47a8-b6b6-c87fac616c81@group-8B8FE5B4B5B0: changes role from  FOLLOWER to CANDIDATE at term 35 for changeToCandidate
2019-10-20 18:39:35,593 [Thread-757] INFO  impl.RoleInfo (RoleInfo.java:updateAndGet(143)) - 7e7122d9-53dc-47a8-b6b6-c87fac616c81: start LeaderElection
2019-10-20 18:39:35,622 [7e7122d9-53dc-47a8-b6b6-c87fac616c81@group-8B8FE5B4B5B0-LeaderElection31] INFO  impl.LeaderElection (LeaderElection.java:askForVotes(178)) - 7e7122d9-53dc-47a8-b6b6-c87fac616c81@group-8B8FE5B4B5B0-LeaderElection31: begin an election at term 36 for 0: [7e7122d9-53dc-47a8-b6b6-c87fac616c81:192.168.164.253:46735, c90420fb-507e-4f39-9d1e-d32950a26e2a:192.168.164.253:35682, 5459e257-ccbc-435a-9427-c3c16be66685:192.168.164.253:45469], old=null
2019-10-20 18:39:35,624 [grpc-default-executor-6] INFO  impl.RaftServerImpl (RaftServerImpl.java:setRole(184)) - c90420fb-507e-4f39-9d1e-d32950a26e2a@group-8B8FE5B4B5B0: changes role from  FOLLOWER to FOLLOWER at term 36 for recognizeCandidate:7e7122d9-53dc-47a8-b6b6-c87fac616c81
2019-10-20 18:39:35,624 [grpc-default-executor-1] INFO  impl.RaftServerImpl (RaftServerImpl.java:setRole(184)) - 5459e257-ccbc-435a-9427-c3c16be66685@group-8B8FE5B4B5B0: changes role from  FOLLOWER to FOLLOWER at term 36 for recognizeCandidate:7e7122d9-53dc-47a8-b6b6-c87fac616c81
2019-10-20 18:39:35,624 [grpc-default-executor-6] INFO  impl.RoleInfo (RoleInfo.java:shutdownFollowerState(121)) - c90420fb-507e-4f39-9d1e-d32950a26e2a: shutdown FollowerState
2019-10-20 18:39:35,624 [grpc-default-executor-1] INFO  impl.RoleInfo (RoleInfo.java:shutdownFollowerState(121)) - 5459e257-ccbc-435a-9427-c3c16be66685: shutdown FollowerState
2019-10-20 18:39:35,624 [Thread-755] INFO  impl.FollowerState (FollowerState.java:run(117)) - c90420fb-507e-4f39-9d1e-d32950a26e2a@group-8B8FE5B4B5B0-FollowerState was interrupted: java.lang.InterruptedException: sleep interrupted
2019-10-20 18:39:35,624 [grpc-default-executor-6] INFO  impl.RoleInfo (RoleInfo.java:updateAndGet(143)) - c90420fb-507e-4f39-9d1e-d32950a26e2a: start FollowerState
2019-10-20 18:39:35,625 [grpc-default-executor-1] INFO  impl.RoleInfo (RoleInfo.java:updateAndGet(143)) - 5459e257-ccbc-435a-9427-c3c16be66685: start FollowerState
2019-10-20 18:39:35,625 [Thread-756] INFO  impl.FollowerState (FollowerState.java:run(117)) - 5459e257-ccbc-435a-9427-c3c16be66685@group-8B8FE5B4B5B0-FollowerState was interrupted: java.lang.InterruptedException: sleep interrupted
2019-10-20 18:39:35,648 [7e7122d9-53dc-47a8-b6b6-c87fac616c81@group-8B8FE5B4B5B0-LeaderElection31] INFO  impl.LeaderElection (LeaderElection.java:logAndReturn(56)) - 7e7122d9-53dc-47a8-b6b6-c87fac616c81@group-8B8FE5B4B5B0-LeaderElection31: Election REJECTED; received 2 response(s) [7e7122d9-53dc-47a8-b6b6-c87fac616c81<-c90420fb-507e-4f39-9d1e-d32950a26e2a#0:FAIL-t36, 7e7122d9-53dc-47a8-b6b6-c87fac616c81<-5459e257-ccbc-435a-9427-c3c16be66685#0:FAIL-t36] and 0 exception(s); 7e7122d9-53dc-47a8-b6b6-c87fac616c81@group-8B8FE5B4B5B0:t36, leader=null, voted=7e7122d9-53dc-47a8-b6b6-c87fac616c81, raftlog=7e7122d9-53dc-47a8-b6b6-c87fac616c81@group-8B8FE5B4B5B0-SegmentedRaftLog:OPENED:c3,f4,i4, conf=0: [7e7122d9-53dc-47a8-b6b6-c87fac616c81:192.168.164.253:46735, c90420fb-507e-4f39-9d1e-d32950a26e2a:192.168.164.253:35682, 5459e257-ccbc-435a-9427-c3c16be66685:192.168.164.253:45469], old=null
2019-10-20 18:39:35,649 [7e7122d9-53dc-47a8-b6b6-c87fac616c81@group-8B8FE5B4B5B0-LeaderElection31] INFO  impl.RaftServerImpl (RaftServerImpl.java:setRole(184)) - 7e7122d9-53dc-47a8-b6b6-c87fac616c81@group-8B8FE5B4B5B0: changes role from CANDIDATE to FOLLOWER at term 36 for DISCOVERED_A_NEW_TERM
2019-10-20 18:39:35,649 [7e7122d9-53dc-47a8-b6b6-c87fac616c81@group-8B8FE5B4B5B0-LeaderElection31] INFO  impl.RoleInfo (RoleInfo.java:shutdownLeaderElection(134)) - 7e7122d9-53dc-47a8-b6b6-c87fac616c81: shutdown LeaderElection
2019-10-20 18:39:35,649 [7e7122d9-53dc-47a8-b6b6-c87fac616c81@group-8B8FE5B4B5B0-LeaderElection31] INFO  impl.RoleInfo (RoleInfo.java:updateAndGet(143)) - 7e7122d9-53dc-47a8-b6b6-c87fac616c81: start FollowerState
2019-10-20 18:39:35,781 [Thread-763] INFO  impl.FollowerState (FollowerState.java:run(108)) - 7e7122d9-53dc-47a8-b6b6-c87fac616c81@group-8B8FE5B4B5B0-FollowerState: change to CANDIDATE, lastRpcTime:132ms, electionTimeout:132ms
2019-10-20 18:39:35,781 [Thread-763] INFO  impl.RoleInfo (RoleInfo.java:shutdownFollowerState(121)) - 7e7122d9-53dc-47a8-b6b6-c87fac616c81: shutdown FollowerState
2019-10-20 18:39:35,781 [Thread-763] INFO  impl.RaftServerImpl (RaftServerImpl.java:setRole(184)) - 7e7122d9-53dc-47a8-b6b6-c87fac616c81@group-8B8FE5B4B5B0: changes role from  FOLLOWER to CANDIDATE at term 36 for changeToCandidate
2019-10-20 18:39:35,782 [Thread-763] INFO  impl.RoleInfo (RoleInfo.java:updateAndGet(143)) - 7e7122d9-53dc-47a8-b6b6-c87fac616c81: start LeaderElection
2019-10-20 18:39:35,801 [EventQueue-PendingDeleteStatusForPendingDeleteHandler] INFO  block.SCMBlockDeletingService (SCMBlockDeletingService.java:handlePendingDeletes(115)) - Block deletion txnID mismatch in datanode 7e7122d9-53dc-47a8-b6b6-c87fac616c81 for containerID 1. Datanode delete txnID: 0, SCM txnID: 1
2019-10-20 18:39:35,806 [7e7122d9-53dc-47a8-b6b6-c87fac616c81@group-8B8FE5B4B5B0-LeaderElection32] INFO  impl.LeaderElection (LeaderElection.java:askForVotes(178)) - 7e7122d9-53dc-47a8-b6b6-c87fac616c81@group-8B8FE5B4B5B0-LeaderElection32: begin an election at term 37 for 0: [7e7122d9-53dc-47a8-b6b6-c87fac616c81:192.168.164.253:46735, c90420fb-507e-4f39-9d1e-d32950a26e2a:192.168.164.253:35682, 5459e257-ccbc-435a-9427-c3c16be66685:192.168.164.253:45469], old=null
2019-10-20 18:39:35,809 [grpc-default-executor-6] INFO  impl.RaftServerImpl (RaftServerImpl.java:setRole(184)) - c90420fb-507e-4f39-9d1e-d32950a26e2a@group-8B8FE5B4B5B0: changes role from  FOLLOWER to FOLLOWER at term 37 for recognizeCandidate:7e7122d9-53dc-47a8-b6b6-c87fac616c81
2019-10-20 18:39:35,809 [grpc-default-executor-6] INFO  impl.RoleInfo (RoleInfo.java:shutdownFollowerState(121)) - c90420fb-507e-4f39-9d1e-d32950a26e2a: shutdown FollowerState
2019-10-20 18:39:35,809 [grpc-default-executor-1] INFO  impl.RaftServerImpl (RaftServerImpl.java:setRole(184)) - 5459e257-ccbc-435a-9427-c3c16be66685@group-8B8FE5B4B5B0: changes role from  FOLLOWER to FOLLOWER at term 37 for recognizeCandidate:7e7122d9-53dc-47a8-b6b6-c87fac616c81
2019-10-20 18:39:35,809 [grpc-default-executor-6] INFO  impl.RoleInfo (RoleInfo.java:updateAndGet(143)) - c90420fb-507e-4f39-9d1e-d32950a26e2a: start FollowerState
2019-10-20 18:39:35,809 [Thread-761] INFO  impl.FollowerState (FollowerState.java:run(117)) - c90420fb-507e-4f39-9d1e-d32950a26e2a@group-8B8FE5B4B5B0-FollowerState was interrupted: java.lang.InterruptedException: sleep interrupted
2019-10-20 18:39:35,809 [grpc-default-executor-1] INFO  impl.RoleInfo (RoleInfo.java:shutdownFollowerState(121)) - 5459e257-ccbc-435a-9427-c3c16be66685: shutdown FollowerState
2019-10-20 18:39:35,810 [Thread-762] INFO  impl.FollowerState (FollowerState.java:run(117)) - 5459e257-ccbc-435a-9427-c3c16be66685@group-8B8FE5B4B5B0-FollowerState was interrupted: java.lang.InterruptedException: sleep interrupted
2019-10-20 18:39:35,810 [grpc-default-executor-1] INFO  impl.RoleInfo (RoleInfo.java:updateAndGet(143)) - 5459e257-ccbc-435a-9427-c3c16be66685: start FollowerState
2019-10-20 18:39:35,833 [7e7122d9-53dc-47a8-b6b6-c87fac616c81@group-8B8FE5B4B5B0-LeaderElection32] INFO  impl.LeaderElection (LeaderElection.java:logAndReturn(56)) - 7e7122d9-53dc-47a8-b6b6-c87fac616c81@group-8B8FE5B4B5B0-LeaderElection32: Election REJECTED; received 2 response(s) [7e7122d9-53dc-47a8-b6b6-c87fac616c81<-c90420fb-507e-4f39-9d1e-d32950a26e2a#0:FAIL-t37, 7e7122d9-53dc-47a8-b6b6-c87fac616c81<-5459e257-ccbc-435a-9427-c3c16be66685#0:FAIL-t37] and 0 exception(s); 7e7122d9-53dc-47a8-b6b6-c87fac616c81@group-8B8FE5B4B5B0:t37, leader=null, voted=7e7122d9-53dc-47a8-b6b6-c87fac616c81, raftlog=7e7122d9-53dc-47a8-b6b6-c87fac616c81@group-8B8FE5B4B5B0-SegmentedRaftLog:OPENED:c3,f4,i4, conf=0: [7e7122d9-53dc-47a8-b6b6-c87fac616c81:192.168.164.253:46735, c90420fb-507e-4f39-9d1e-d32950a26e2a:192.168.164.253:35682, 5459e257-ccbc-435a-9427-c3c16be66685:192.168.164.253:45469], old=null
2019-10-20 18:39:35,833 [7e7122d9-53dc-47a8-b6b6-c87fac616c81@group-8B8FE5B4B5B0-LeaderElection32] INFO  impl.RaftServerImpl (RaftServerImpl.java:setRole(184)) - 7e7122d9-53dc-47a8-b6b6-c87fac616c81@group-8B8FE5B4B5B0: changes role from CANDIDATE to FOLLOWER at term 37 for DISCOVERED_A_NEW_TERM
2019-10-20 18:39:35,833 [7e7122d9-53dc-47a8-b6b6-c87fac616c81@group-8B8FE5B4B5B0-LeaderElection32] INFO  impl.RoleInfo (RoleInfo.java:shutdownLeaderElection(134)) - 7e7122d9-53dc-47a8-b6b6-c87fac616c81: shutdown LeaderElection
2019-10-20 18:39:35,833 [7e7122d9-53dc-47a8-b6b6-c87fac616c81@group-8B8FE5B4B5B0-LeaderElection32] INFO  impl.RoleInfo (RoleInfo.java:updateAndGet(143)) - 7e7122d9-53dc-47a8-b6b6-c87fac616c81: start FollowerState
2019-10-20 18:39:35,909 [grpc-default-executor-6] INFO  impl.RaftServerProxy (RaftServerProxy.java:addNew(89)) - 7e7122d9-53dc-47a8-b6b6-c87fac616c81: addNew group-5F6C79191C69:[7e7122d9-53dc-47a8-b6b6-c87fac616c81:192.168.164.253:46735] returns group-5F6C79191C69:java.util.concurrent.CompletableFuture@404233e7[Not completed]
2019-10-20 18:39:35,910 [pool-59-thread-1] INFO  impl.RaftServerImpl (RaftServerImpl.java:<init>(104)) - 7e7122d9-53dc-47a8-b6b6-c87fac616c81: new RaftServerImpl for group-5F6C79191C69:[7e7122d9-53dc-47a8-b6b6-c87fac616c81:192.168.164.253:46735] with ContainerStateMachine:uninitialized
2019-10-20 18:39:35,911 [pool-59-thread-1] INFO  server.RaftServerConfigKeys (ConfUtils.java:logGet(43)) - raft.server.rpc.timeout.min = 5s (custom)
2019-10-20 18:39:35,911 [pool-59-thread-1] INFO  server.RaftServerConfigKeys (ConfUtils.java:logGet(43)) - raft.server.rpc.timeout.max = 5200ms (custom)
2019-10-20 18:39:35,911 [pool-59-thread-1] INFO  server.RaftServerConfigKeys (ConfUtils.java:logGet(43)) - raft.server.rpcslowness.timeout = 1000s (custom)
2019-10-20 18:39:35,911 [pool-59-thread-1] INFO  server.RaftServerConfigKeys (ConfUtils.java:logGet(43)) - raft.server.sleep.deviation.threshold = 300 (default)
2019-10-20 18:39:35,911 [pool-59-thread-1] INFO  server.RaftServerConfigKeys (ConfUtils.java:logGet(43)) - raft.server.log.appender.install.snapshot.enabled = false (custom)
2019-10-20 18:39:35,911 [pool-59-thread-1] INFO  impl.RaftServerImpl (ServerState.java:<init>(103)) - 7e7122d9-53dc-47a8-b6b6-c87fac616c81@group-5F6C79191C69: ConfigurationManager, init=-1: [7e7122d9-53dc-47a8-b6b6-c87fac616c81:192.168.164.253:46735], old=null, confs=<EMPTY_MAP>
2019-10-20 18:39:35,911 [pool-59-thread-1] INFO  server.RaftServerConfigKeys (ConfUtils.java:logGet(43)) - raft.server.storage.dir = [/workdir/hadoop-ozone/integration-test/target/test-dir/MiniOzoneClusterImpl-bb5c499c-1fef-4eeb-ae34-687819fae390/datanode-1/data/ratis] (custom)
2019-10-20 18:39:35,912 [pool-59-thread-1] INFO  server.RaftServerConfigKeys (ConfUtils.java:logGet(43)) - raft.server.log.corruption.policy = EXCEPTION (default)
2019-10-20 18:39:35,912 [pool-59-thread-1] INFO  storage.RaftStorageDirectory (RaftStorageDirectory.java:analyzeStorage(246)) - The storage directory /workdir/hadoop-ozone/integration-test/target/test-dir/MiniOzoneClusterImpl-bb5c499c-1fef-4eeb-ae34-687819fae390/datanode-1/data/ratis/5934d132-10ea-40c9-9982-5f6c79191c69 does not exist. Creating ...
2019-10-20 18:39:35,942 [pool-59-thread-1] INFO  storage.RaftStorageDirectory (RaftStorageDirectory.java:tryLock(328)) - Lock on /workdir/hadoop-ozone/integration-test/target/test-dir/MiniOzoneClusterImpl-bb5c499c-1fef-4eeb-ae34-687819fae390/datanode-1/data/ratis/5934d132-10ea-40c9-9982-5f6c79191c69/in_use.lock acquired by nodename 8637@pr-hdds-2334-tv6s7-2530448917
2019-10-20 18:39:35,968 [pool-59-thread-1] INFO  storage.RaftStorage (RaftStorage.java:format(84)) - Storage directory /workdir/hadoop-ozone/integration-test/target/test-dir/MiniOzoneClusterImpl-bb5c499c-1fef-4eeb-ae34-687819fae390/datanode-1/data/ratis/5934d132-10ea-40c9-9982-5f6c79191c69 has been successfully formatted.
2019-10-20 18:39:35,968 [pool-59-thread-1] INFO  ratis.ContainerStateMachine (ContainerStateMachine.java:loadSnapshot(231)) - group-5F6C79191C69: The snapshot info is null. Setting the last applied indexto:(t:0, i:~)
2019-10-20 18:39:35,968 [pool-59-thread-1] INFO  server.RaftServerConfigKeys (ConfUtils.java:logGet(43)) - raft.server.notification.no-leader.timeout = 1000s (custom)
2019-10-20 18:39:35,968 [pool-59-thread-1] INFO  server.RaftServerConfigKeys (ConfUtils.java:logGet(43)) - raft.server.log.use.memory = false (default)
2019-10-20 18:39:35,969 [pool-59-thread-1] INFO  server.RaftServerConfigKeys (ConfUtils.java:logGet(43)) - raft.server.log.purge.gap = 1000000 (custom)
2019-10-20 18:39:35,969 [pool-59-thread-1] INFO  server.RaftServerConfigKeys (ConfUtils.java:logGet(43)) - raft.server.log.appender.buffer.byte-limit = 33554432 (custom)
2019-10-20 18:39:35,969 [pool-59-thread-1] INFO  server.RaftServerConfigKeys (ConfUtils.java:logGet(43)) - raft.server.log.segment.size.max = 1048576 (custom)
2019-10-20 18:39:35,969 [pool-59-thread-1] INFO  server.RaftServerConfigKeys (ConfUtils.java:logGet(43)) - raft.server.log.segment.cache.num.max = 2 (custom)
2019-10-20 18:39:35,969 [pool-59-thread-1] INFO  segmented.SegmentedRaftLogWorker (SegmentedRaftLogWorker.java:<init>(173)) - new 7e7122d9-53dc-47a8-b6b6-c87fac616c81@group-5F6C79191C69-SegmentedRaftLogWorker for RaftStorage:Storage Directory /workdir/hadoop-ozone/integration-test/target/test-dir/MiniOzoneClusterImpl-bb5c499c-1fef-4eeb-ae34-687819fae390/datanode-1/data/ratis/5934d132-10ea-40c9-9982-5f6c79191c69
2019-10-20 18:39:35,969 [pool-59-thread-1] INFO  server.RaftServerConfigKeys (ConfUtils.java:logGet(43)) - raft.server.log.queue.byte-limit = 2147483647 (custom)
2019-10-20 18:39:35,969 [pool-59-thread-1] INFO  server.RaftServerConfigKeys (ConfUtils.java:logGet(43)) - raft.server.log.queue.element-limit = 1024 (custom)
2019-10-20 18:39:35,970 [pool-59-thread-1] INFO  server.RaftServerConfigKeys (ConfUtils.java:logGet(43)) - raft.server.log.segment.size.max = 1048576 (custom)
2019-10-20 18:39:35,970 [pool-59-thread-1] INFO  server.RaftServerConfigKeys (ConfUtils.java:logGet(43)) - raft.server.log.preallocated.size = 16384 (custom)
2019-10-20 18:39:35,970 [pool-59-thread-1] INFO  server.RaftServerConfigKeys (ConfUtils.java:logGet(43)) - raft.server.log.write.buffer.size = 33554432 (custom)
2019-10-20 18:39:35,970 [pool-59-thread-1] INFO  server.RaftServerConfigKeys (ConfUtils.java:logGet(43)) - raft.server.log.force.sync.num = 128 (default)
2019-10-20 18:39:35,970 [pool-59-thread-1] INFO  server.RaftServerConfigKeys (ConfUtils.java:logGet(43)) - raft.server.log.statemachine.data.sync = true (default)
2019-10-20 18:39:35,970 [pool-59-thread-1] INFO  server.RaftServerConfigKeys (ConfUtils.java:logGet(43)) - raft.server.log.statemachine.data.sync.timeout = 10s (default)
2019-10-20 18:39:35,970 [pool-59-thread-1] INFO  server.RaftServerConfigKeys (ConfUtils.java:logGet(43)) - raft.server.log.statemachine.data.sync.timeout.retry = -1 (default)
2019-10-20 18:39:35,970 [pool-59-thread-1] INFO  server.RaftServerConfigKeys (ConfUtils.java:logGet(43)) - raft.server.log.statemachine.data.caching.enabled = true (custom)
2019-10-20 18:39:35,971 [pool-59-thread-1] INFO  segmented.SegmentedRaftLogWorker (SegmentedRaftLogWorker.java:lambda$new$0(128)) - 7e7122d9-53dc-47a8-b6b6-c87fac616c81@group-5F6C79191C69-SegmentedRaftLogWorker: flushIndex: setUnconditionally 0 -> -1
2019-10-20 18:39:35,971 [pool-59-thread-1] INFO  server.RaftServerConfigKeys (ConfUtils.java:logGet(43)) - raft.server.snapshot.auto.trigger.enabled = true (custom)
2019-10-20 18:39:35,971 [pool-59-thread-1] INFO  server.RaftServerConfigKeys (ConfUtils.java:logGet(43)) - raft.server.snapshot.auto.trigger.threshold = 10000 (custom)
2019-10-20 18:39:35,971 [pool-59-thread-1] INFO  server.RaftServerConfigKeys (ConfUtils.java:logGet(43)) - raft.server.snapshot.retention.file.num = 5 (custom)
2019-10-20 18:39:35,972 [pool-59-thread-1] INFO  server.RaftServerConfigKeys (ConfUtils.java:logGet(43)) - raft.server.retrycache.expirytime = 600000ms (custom)
2019-10-20 18:39:35,974 [pool-59-thread-1] INFO  impl.RaftServerImpl (RaftServerImpl.java:start(195)) - 7e7122d9-53dc-47a8-b6b6-c87fac616c81@group-5F6C79191C69: start as a follower, conf=-1: [7e7122d9-53dc-47a8-b6b6-c87fac616c81:192.168.164.253:46735], old=null
2019-10-20 18:39:35,975 [pool-59-thread-1] INFO  impl.RaftServerImpl (RaftServerImpl.java:setRole(184)) - 7e7122d9-53dc-47a8-b6b6-c87fac616c81@group-5F6C79191C69: changes role from      null to FOLLOWER at term 0 for startAsFollower
2019-10-20 18:39:35,975 [pool-59-thread-1] INFO  impl.RoleInfo (RoleInfo.java:updateAndGet(143)) - 7e7122d9-53dc-47a8-b6b6-c87fac616c81: start FollowerState
2019-10-20 18:39:35,975 [pool-59-thread-1] INFO  util.JmxRegister (JmxRegister.java:tryRegister(44)) - Successfully registered JMX Bean with object name Ratis:service=RaftServer,group=group-5F6C79191C69,id=7e7122d9-53dc-47a8-b6b6-c87fac616c81
2019-10-20 18:39:35,982 [RatisPipelineUtilsThread] INFO  pipeline.PipelineStateManager (PipelineStateManager.java:addPipeline(56)) - Created pipeline Pipeline[ Id: 5934d132-10ea-40c9-9982-5f6c79191c69, Nodes: 7e7122d9-53dc-47a8-b6b6-c87fac616c81{ip: 192.168.164.253, host: pr-hdds-2334-tv6s7-2530448917, networkLocation: /default-rack, certSerialId: null}, Type:RATIS, Factor:ONE, State:OPEN]
2019-10-20 18:39:35,991 [Thread-773] INFO  impl.FollowerState (FollowerState.java:run(108)) - 7e7122d9-53dc-47a8-b6b6-c87fac616c81@group-5F6C79191C69-FollowerState: change to CANDIDATE, lastRpcTime:16ms, electionTimeout:16ms
2019-10-20 18:39:35,992 [Thread-773] INFO  impl.RoleInfo (RoleInfo.java:shutdownFollowerState(121)) - 7e7122d9-53dc-47a8-b6b6-c87fac616c81: shutdown FollowerState
2019-10-20 18:39:35,992 [Thread-773] INFO  impl.RaftServerImpl (RaftServerImpl.java:setRole(184)) - 7e7122d9-53dc-47a8-b6b6-c87fac616c81@group-5F6C79191C69: changes role from  FOLLOWER to CANDIDATE at term 0 for changeToCandidate
2019-10-20 18:39:35,992 [Thread-773] INFO  impl.RoleInfo (RoleInfo.java:updateAndGet(143)) - 7e7122d9-53dc-47a8-b6b6-c87fac616c81: start LeaderElection
2019-10-20 18:39:36,014 [Thread-770] INFO  impl.FollowerState (FollowerState.java:run(108)) - 7e7122d9-53dc-47a8-b6b6-c87fac616c81@group-8B8FE5B4B5B0-FollowerState: change to CANDIDATE, lastRpcTime:180ms, electionTimeout:175ms
2019-10-20 18:39:36,014 [Thread-770] INFO  impl.RoleInfo (RoleInfo.java:shutdownFollowerState(121)) - 7e7122d9-53dc-47a8-b6b6-c87fac616c81: shutdown FollowerState
2019-10-20 18:39:36,014 [Thread-770] INFO  impl.RaftServerImpl (RaftServerImpl.java:setRole(184)) - 7e7122d9-53dc-47a8-b6b6-c87fac616c81@group-8B8FE5B4B5B0: changes role from  FOLLOWER to CANDIDATE at term 37 for changeToCandidate
2019-10-20 18:39:36,014 [Thread-770] INFO  impl.RoleInfo (RoleInfo.java:updateAndGet(143)) - 7e7122d9-53dc-47a8-b6b6-c87fac616c81: start LeaderElection
2019-10-20 18:39:36,020 [7e7122d9-53dc-47a8-b6b6-c87fac616c81@group-5F6C79191C69-LeaderElection33] INFO  impl.LeaderElection (LeaderElection.java:askForVotes(178)) - 7e7122d9-53dc-47a8-b6b6-c87fac616c81@group-5F6C79191C69-LeaderElection33: begin an election at term 1 for -1: [7e7122d9-53dc-47a8-b6b6-c87fac616c81:192.168.164.253:46735], old=null
2019-10-20 18:39:36,020 [7e7122d9-53dc-47a8-b6b6-c87fac616c81@group-5F6C79191C69-LeaderElection33] INFO  impl.RoleInfo (RoleInfo.java:shutdownLeaderElection(134)) - 7e7122d9-53dc-47a8-b6b6-c87fac616c81: shutdown LeaderElection
2019-10-20 18:39:36,020 [7e7122d9-53dc-47a8-b6b6-c87fac616c81@group-5F6C79191C69-LeaderElection33] INFO  impl.RaftServerImpl (RaftServerImpl.java:setRole(184)) - 7e7122d9-53dc-47a8-b6b6-c87fac616c81@group-5F6C79191C69: changes role from CANDIDATE to LEADER at term 1 for changeToLeader
2019-10-20 18:39:36,021 [7e7122d9-53dc-47a8-b6b6-c87fac616c81@group-5F6C79191C69-LeaderElection33] INFO  impl.RaftServerImpl (ServerState.java:setLeader(256)) - 7e7122d9-53dc-47a8-b6b6-c87fac616c81@group-5F6C79191C69: change Leader from null to 7e7122d9-53dc-47a8-b6b6-c87fac616c81 at term 1 for becomeLeader, leader elected after 52ms
2019-10-20 18:39:36,021 [7e7122d9-53dc-47a8-b6b6-c87fac616c81@group-5F6C79191C69-LeaderElection33] INFO  server.RaftServerConfigKeys (ConfUtils.java:logGet(43)) - raft.server.staging.catchup.gap = 1000 (default)
2019-10-20 18:39:36,021 [7e7122d9-53dc-47a8-b6b6-c87fac616c81@group-5F6C79191C69-LeaderElection33] INFO  server.RaftServerConfigKeys (ConfUtils.java:logGet(43)) - raft.server.rpc.sleep.time = 25ms (default)
2019-10-20 18:39:36,022 [7e7122d9-53dc-47a8-b6b6-c87fac616c81@group-5F6C79191C69-LeaderElection33] INFO  server.RaftServerConfigKeys (ConfUtils.java:logGet(43)) - raft.server.write.element-limit = 4096 (default)
2019-10-20 18:39:36,022 [7e7122d9-53dc-47a8-b6b6-c87fac616c81@group-5F6C79191C69-LeaderElection33] INFO  server.RaftServerConfigKeys (ConfUtils.java:logGet(43)) - raft.server.watch.timeout = 10s (default)
2019-10-20 18:39:36,022 [grpc-default-executor-6] INFO  impl.RaftServerProxy (RaftServerProxy.java:addNew(89)) - c90420fb-507e-4f39-9d1e-d32950a26e2a: addNew group-432A391549C8:[7e7122d9-53dc-47a8-b6b6-c87fac616c81:192.168.164.253:46735, c90420fb-507e-4f39-9d1e-d32950a26e2a:192.168.164.253:35682, 5459e257-ccbc-435a-9427-c3c16be66685:192.168.164.253:45469] returns group-432A391549C8:java.util.concurrent.CompletableFuture@734fdec[Not completed]
2019-10-20 18:39:36,022 [7e7122d9-53dc-47a8-b6b6-c87fac616c81@group-5F6C79191C69-LeaderElection33] INFO  server.RaftServerConfigKeys (ConfUtils.java:logGet(43)) - raft.server.watch.timeout.denomination = 1s (default)
2019-10-20 18:39:36,022 [7e7122d9-53dc-47a8-b6b6-c87fac616c81@group-5F6C79191C69-LeaderElection33] INFO  server.RaftServerConfigKeys (ConfUtils.java:logGet(43)) - raft.server.watch.element-limit = 65536 (default)
2019-10-20 18:39:36,023 [grpc-default-executor-6] INFO  impl.RaftServerProxy (RaftServerProxy.java:addNew(89)) - 7e7122d9-53dc-47a8-b6b6-c87fac616c81: addNew group-432A391549C8:[7e7122d9-53dc-47a8-b6b6-c87fac616c81:192.168.164.253:46735, c90420fb-507e-4f39-9d1e-d32950a26e2a:192.168.164.253:35682, 5459e257-ccbc-435a-9427-c3c16be66685:192.168.164.253:45469] returns group-432A391549C8:java.util.concurrent.CompletableFuture@56382be6[Not completed]
2019-10-20 18:39:36,023 [grpc-default-executor-1] INFO  impl.RaftServerProxy (RaftServerProxy.java:addNew(89)) - 5459e257-ccbc-435a-9427-c3c16be66685: addNew group-432A391549C8:[7e7122d9-53dc-47a8-b6b6-c87fac616c81:192.168.164.253:46735, c90420fb-507e-4f39-9d1e-d32950a26e2a:192.168.164.253:35682, 5459e257-ccbc-435a-9427-c3c16be66685:192.168.164.253:45469] returns group-432A391549C8:java.util.concurrent.CompletableFuture@65592838[Not completed]
2019-10-20 18:39:36,023 [pool-27-thread-1] INFO  impl.RaftServerImpl (RaftServerImpl.java:<init>(104)) - c90420fb-507e-4f39-9d1e-d32950a26e2a: new RaftServerImpl for group-432A391549C8:[7e7122d9-53dc-47a8-b6b6-c87fac616c81:192.168.164.253:46735, c90420fb-507e-4f39-9d1e-d32950a26e2a:192.168.164.253:35682, 5459e257-ccbc-435a-9427-c3c16be66685:192.168.164.253:45469] with ContainerStateMachine:uninitialized
2019-10-20 18:39:36,024 [pool-27-thread-1] INFO  server.RaftServerConfigKeys (ConfUtils.java:logGet(43)) - raft.server.rpc.timeout.min = 5s (custom)
2019-10-20 18:39:36,024 [pool-27-thread-1] INFO  server.RaftServerConfigKeys (ConfUtils.java:logGet(43)) - raft.server.rpc.timeout.max = 5200ms (custom)
2019-10-20 18:39:36,024 [pool-27-thread-1] INFO  server.RaftServerConfigKeys (ConfUtils.java:logGet(43)) - raft.server.rpcslowness.timeout = 1000s (custom)
2019-10-20 18:39:36,024 [pool-27-thread-1] INFO  server.RaftServerConfigKeys (ConfUtils.java:logGet(43)) - raft.server.sleep.deviation.threshold = 300 (default)
2019-10-20 18:39:36,024 [pool-27-thread-1] INFO  server.RaftServerConfigKeys (ConfUtils.java:logGet(43)) - raft.server.log.appender.install.snapshot.enabled = false (custom)
2019-10-20 18:39:36,024 [pool-27-thread-1] INFO  impl.RaftServerImpl (ServerState.java:<init>(103)) - c90420fb-507e-4f39-9d1e-d32950a26e2a@group-432A391549C8: ConfigurationManager, init=-1: [7e7122d9-53dc-47a8-b6b6-c87fac616c81:192.168.164.253:46735, c90420fb-507e-4f39-9d1e-d32950a26e2a:192.168.164.253:35682, 5459e257-ccbc-435a-9427-c3c16be66685:192.168.164.253:45469], old=null, confs=<EMPTY_MAP>
2019-10-20 18:39:36,024 [pool-27-thread-1] INFO  server.RaftServerConfigKeys (ConfUtils.java:logGet(43)) - raft.server.storage.dir = [/workdir/hadoop-ozone/integration-test/target/test-dir/MiniOzoneClusterImpl-bb5c499c-1fef-4eeb-ae34-687819fae390/datanode-0/data/ratis] (custom)
2019-10-20 18:39:36,024 [pool-59-thread-1] INFO  impl.RaftServerImpl (RaftServerImpl.java:<init>(104)) - 7e7122d9-53dc-47a8-b6b6-c87fac616c81: new RaftServerImpl for group-432A391549C8:[7e7122d9-53dc-47a8-b6b6-c87fac616c81:192.168.164.253:46735, c90420fb-507e-4f39-9d1e-d32950a26e2a:192.168.164.253:35682, 5459e257-ccbc-435a-9427-c3c16be66685:192.168.164.253:45469] with ContainerStateMachine:uninitialized
2019-10-20 18:39:36,024 [pool-27-thread-1] INFO  server.RaftServerConfigKeys (ConfUtils.java:logGet(43)) - raft.server.log.corruption.policy = EXCEPTION (default)
2019-10-20 18:39:36,025 [pool-59-thread-1] INFO  server.RaftServerConfigKeys (ConfUtils.java:logGet(43)) - raft.server.rpc.timeout.min = 5s (custom)
2019-10-20 18:39:36,025 [pool-27-thread-1] INFO  storage.RaftStorageDirectory (RaftStorageDirectory.java:analyzeStorage(246)) - The storage directory /workdir/hadoop-ozone/integration-test/target/test-dir/MiniOzoneClusterImpl-bb5c499c-1fef-4eeb-ae34-687819fae390/datanode-0/data/ratis/6b141bc5-a29b-4d86-9a91-432a391549c8 does not exist. Creating ...
2019-10-20 18:39:36,025 [pool-59-thread-1] INFO  server.RaftServerConfigKeys (ConfUtils.java:logGet(43)) - raft.server.rpc.timeout.max = 5200ms (custom)
2019-10-20 18:39:36,025 [pool-59-thread-1] INFO  server.RaftServerConfigKeys (ConfUtils.java:logGet(43)) - raft.server.rpcslowness.timeout = 1000s (custom)
2019-10-20 18:39:36,025 [pool-59-thread-1] INFO  server.RaftServerConfigKeys (ConfUtils.java:logGet(43)) - raft.server.sleep.deviation.threshold = 300 (default)
2019-10-20 18:39:36,025 [pool-59-thread-1] INFO  server.RaftServerConfigKeys (ConfUtils.java:logGet(43)) - raft.server.log.appender.install.snapshot.enabled = false (custom)
2019-10-20 18:39:36,025 [pool-59-thread-1] INFO  impl.RaftServerImpl (ServerState.java:<init>(103)) - 7e7122d9-53dc-47a8-b6b6-c87fac616c81@group-432A391549C8: ConfigurationManager, init=-1: [7e7122d9-53dc-47a8-b6b6-c87fac616c81:192.168.164.253:46735, c90420fb-507e-4f39-9d1e-d32950a26e2a:192.168.164.253:35682, 5459e257-ccbc-435a-9427-c3c16be66685:192.168.164.253:45469], old=null, confs=<EMPTY_MAP>
2019-10-20 18:39:36,025 [pool-47-thread-1] INFO  impl.RaftServerImpl (RaftServerImpl.java:<init>(104)) - 5459e257-ccbc-435a-9427-c3c16be66685: new RaftServerImpl for group-432A391549C8:[7e7122d9-53dc-47a8-b6b6-c87fac616c81:192.168.164.253:46735, c90420fb-507e-4f39-9d1e-d32950a26e2a:192.168.164.253:35682, 5459e257-ccbc-435a-9427-c3c16be66685:192.168.164.253:45469] with ContainerStateMachine:uninitialized
2019-10-20 18:39:36,025 [pool-59-thread-1] INFO  server.RaftServerConfigKeys (ConfUtils.java:logGet(43)) - raft.server.storage.dir = [/workdir/hadoop-ozone/integration-test/target/test-dir/MiniOzoneClusterImpl-bb5c499c-1fef-4eeb-ae34-687819fae390/datanode-1/data/ratis] (custom)
2019-10-20 18:39:36,025 [pool-47-thread-1] INFO  server.RaftServerConfigKeys (ConfUtils.java:logGet(43)) - raft.server.rpc.timeout.min = 5s (custom)
2019-10-20 18:39:36,025 [7e7122d9-53dc-47a8-b6b6-c87fac616c81@group-5F6C79191C69-LeaderElection33] INFO  impl.RoleInfo (RoleInfo.java:updateAndGet(143)) - 7e7122d9-53dc-47a8-b6b6-c87fac616c81: start LeaderState
2019-10-20 18:39:36,026 [pool-47-thread-1] INFO  server.RaftServerConfigKeys (ConfUtils.java:logGet(43)) - raft.server.rpc.timeout.max = 5200ms (custom)
2019-10-20 18:39:36,026 [pool-59-thread-1] INFO  server.RaftServerConfigKeys (ConfUtils.java:logGet(43)) - raft.server.log.corruption.policy = EXCEPTION (default)
2019-10-20 18:39:36,026 [7e7122d9-53dc-47a8-b6b6-c87fac616c81@group-5F6C79191C69-LeaderElection33] INFO  segmented.SegmentedRaftLogWorker (SegmentedRaftLogWorker.java:startLogSegment(385)) - 7e7122d9-53dc-47a8-b6b6-c87fac616c81@group-5F6C79191C69-SegmentedRaftLogWorker: Starting segment from index:0
2019-10-20 18:39:36,026 [pool-47-thread-1] INFO  server.RaftServerConfigKeys (ConfUtils.java:logGet(43)) - raft.server.rpcslowness.timeout = 1000s (custom)
2019-10-20 18:39:36,026 [pool-59-thread-1] INFO  storage.RaftStorageDirectory (RaftStorageDirectory.java:analyzeStorage(246)) - The storage directory /workdir/hadoop-ozone/integration-test/target/test-dir/MiniOzoneClusterImpl-bb5c499c-1fef-4eeb-ae34-687819fae390/datanode-1/data/ratis/6b141bc5-a29b-4d86-9a91-432a391549c8 does not exist. Creating ...
2019-10-20 18:39:36,026 [pool-47-thread-1] INFO  server.RaftServerConfigKeys (ConfUtils.java:logGet(43)) - raft.server.sleep.deviation.threshold = 300 (default)
2019-10-20 18:39:36,026 [pool-47-thread-1] INFO  server.RaftServerConfigKeys (ConfUtils.java:logGet(43)) - raft.server.log.appender.install.snapshot.enabled = false (custom)
2019-10-20 18:39:36,026 [7e7122d9-53dc-47a8-b6b6-c87fac616c81@group-5F6C79191C69-LeaderElection33] INFO  impl.RaftServerImpl (ServerState.java:setRaftConf(357)) - 7e7122d9-53dc-47a8-b6b6-c87fac616c81@group-5F6C79191C69: set configuration 0: [7e7122d9-53dc-47a8-b6b6-c87fac616c81:192.168.164.253:46735], old=null at 0
2019-10-20 18:39:36,026 [pool-47-thread-1] INFO  impl.RaftServerImpl (ServerState.java:<init>(103)) - 5459e257-ccbc-435a-9427-c3c16be66685@group-432A391549C8: ConfigurationManager, init=-1: [7e7122d9-53dc-47a8-b6b6-c87fac616c81:192.168.164.253:46735, c90420fb-507e-4f39-9d1e-d32950a26e2a:192.168.164.253:35682, 5459e257-ccbc-435a-9427-c3c16be66685:192.168.164.253:45469], old=null, confs=<EMPTY_MAP>
2019-10-20 18:39:36,027 [pool-47-thread-1] INFO  server.RaftServerConfigKeys (ConfUtils.java:logGet(43)) - raft.server.storage.dir = [/workdir/hadoop-ozone/integration-test/target/test-dir/MiniOzoneClusterImpl-bb5c499c-1fef-4eeb-ae34-687819fae390/datanode-2/data/ratis] (custom)
2019-10-20 18:39:36,027 [pool-47-thread-1] INFO  server.RaftServerConfigKeys (ConfUtils.java:logGet(43)) - raft.server.log.corruption.policy = EXCEPTION (default)
2019-10-20 18:39:36,027 [pool-47-thread-1] INFO  storage.RaftStorageDirectory (RaftStorageDirectory.java:analyzeStorage(246)) - The storage directory /workdir/hadoop-ozone/integration-test/target/test-dir/MiniOzoneClusterImpl-bb5c499c-1fef-4eeb-ae34-687819fae390/datanode-2/data/ratis/6b141bc5-a29b-4d86-9a91-432a391549c8 does not exist. Creating ...
2019-10-20 18:39:36,044 [pool-47-thread-1] INFO  storage.RaftStorageDirectory (RaftStorageDirectory.java:tryLock(328)) - Lock on /workdir/hadoop-ozone/integration-test/target/test-dir/MiniOzoneClusterImpl-bb5c499c-1fef-4eeb-ae34-687819fae390/datanode-2/data/ratis/6b141bc5-a29b-4d86-9a91-432a391549c8/in_use.lock acquired by nodename 8637@pr-hdds-2334-tv6s7-2530448917
2019-10-20 18:39:36,044 [pool-59-thread-1] INFO  storage.RaftStorageDirectory (RaftStorageDirectory.java:tryLock(328)) - Lock on /workdir/hadoop-ozone/integration-test/target/test-dir/MiniOzoneClusterImpl-bb5c499c-1fef-4eeb-ae34-687819fae390/datanode-1/data/ratis/6b141bc5-a29b-4d86-9a91-432a391549c8/in_use.lock acquired by nodename 8637@pr-hdds-2334-tv6s7-2530448917
2019-10-20 18:39:36,044 [pool-27-thread-1] INFO  storage.RaftStorageDirectory (RaftStorageDirectory.java:tryLock(328)) - Lock on /workdir/hadoop-ozone/integration-test/target/test-dir/MiniOzoneClusterImpl-bb5c499c-1fef-4eeb-ae34-687819fae390/datanode-0/data/ratis/6b141bc5-a29b-4d86-9a91-432a391549c8/in_use.lock acquired by nodename 8637@pr-hdds-2334-tv6s7-2530448917
2019-10-20 18:39:36,045 [7e7122d9-53dc-47a8-b6b6-c87fac616c81@group-8B8FE5B4B5B0-LeaderElection34] INFO  impl.LeaderElection (LeaderElection.java:askForVotes(178)) - 7e7122d9-53dc-47a8-b6b6-c87fac616c81@group-8B8FE5B4B5B0-LeaderElection34: begin an election at term 38 for 0: [7e7122d9-53dc-47a8-b6b6-c87fac616c81:192.168.164.253:46735, c90420fb-507e-4f39-9d1e-d32950a26e2a:192.168.164.253:35682, 5459e257-ccbc-435a-9427-c3c16be66685:192.168.164.253:45469], old=null
2019-10-20 18:39:36,044 [pool-7-thread-5] INFO  commands.RetriableDatanodeEventWatcher (RetriableDatanodeEventWatcher.java:onTimeout(47)) - RetriableDatanodeCommand type=deleteBlocksCommand with id=1571596769035 timed out. Retrying.
2019-10-20 18:39:36,046 [pool-7-thread-5] INFO  commands.RetriableDatanodeEventWatcher (RetriableDatanodeEventWatcher.java:onTimeout(47)) - RetriableDatanodeCommand type=deleteBlocksCommand with id=1571596769034 timed out. Retrying.
2019-10-20 18:39:36,047 [pool-7-thread-1] INFO  commands.RetriableDatanodeEventWatcher (RetriableDatanodeEventWatcher.java:onTimeout(47)) - RetriableDatanodeCommand type=deleteBlocksCommand with id=1571596769032 timed out. Retrying.
2019-10-20 18:39:36,047 [SCMBlockDeletingService#1] INFO  block.SCMBlockDeletingService (SCMBlockDeletingService.java:call(184)) - Totally added 1 delete blocks command for 1 datanodes, task elapsed time: 1ms
2019-10-20 18:39:36,047 [pool-7-thread-3] INFO  commands.RetriableDatanodeEventWatcher (RetriableDatanodeEventWatcher.java:onTimeout(47)) - RetriableDatanodeCommand type=deleteBlocksCommand with id=1571596769026 timed out. Retrying.
2019-10-20 18:39:36,047 [pool-7-thread-4] INFO  commands.RetriableDatanodeEventWatcher (RetriableDatanodeEventWatcher.java:onTimeout(47)) - RetriableDatanodeCommand type=deleteBlocksCommand with id=1571596769029 timed out. Retrying.
2019-10-20 18:39:36,047 [pool-7-thread-2] INFO  commands.RetriableDatanodeEventWatcher (RetriableDatanodeEventWatcher.java:onTimeout(47)) - RetriableDatanodeCommand type=deleteBlocksCommand with id=1571596769033 timed out. Retrying.
2019-10-20 18:39:36,047 [grpc-default-executor-1] INFO  impl.RaftServerImpl (RaftServerImpl.java:setRole(184)) - c90420fb-507e-4f39-9d1e-d32950a26e2a@group-8B8FE5B4B5B0: changes role from  FOLLOWER to FOLLOWER at term 38 for recognizeCandidate:7e7122d9-53dc-47a8-b6b6-c87fac616c81
2019-10-20 18:39:36,047 [pool-7-thread-6] INFO  commands.RetriableDatanodeEventWatcher (RetriableDatanodeEventWatcher.java:onTimeout(47)) - RetriableDatanodeCommand type=deleteBlocksCommand with id=1571596769031 timed out. Retrying.
2019-10-20 18:39:36,047 [grpc-default-executor-6] INFO  impl.RaftServerImpl (RaftServerImpl.java:setRole(184)) - 5459e257-ccbc-435a-9427-c3c16be66685@group-8B8FE5B4B5B0: changes role from  FOLLOWER to FOLLOWER at term 38 for recognizeCandidate:7e7122d9-53dc-47a8-b6b6-c87fac616c81
2019-10-20 18:39:36,047 [grpc-default-executor-1] INFO  impl.RoleInfo (RoleInfo.java:shutdownFollowerState(121)) - c90420fb-507e-4f39-9d1e-d32950a26e2a: shutdown FollowerState
2019-10-20 18:39:36,048 [grpc-default-executor-6] INFO  impl.RoleInfo (RoleInfo.java:shutdownFollowerState(121)) - 5459e257-ccbc-435a-9427-c3c16be66685: shutdown FollowerState
2019-10-20 18:39:36,048 [Thread-767] INFO  impl.FollowerState (FollowerState.java:run(117)) - c90420fb-507e-4f39-9d1e-d32950a26e2a@group-8B8FE5B4B5B0-FollowerState was interrupted: java.lang.InterruptedException: sleep interrupted
2019-10-20 18:39:36,048 [grpc-default-executor-6] INFO  impl.RoleInfo (RoleInfo.java:updateAndGet(143)) - 5459e257-ccbc-435a-9427-c3c16be66685: start FollowerState
2019-10-20 18:39:36,048 [grpc-default-executor-1] INFO  impl.RoleInfo (RoleInfo.java:updateAndGet(143)) - c90420fb-507e-4f39-9d1e-d32950a26e2a: start FollowerState
2019-10-20 18:39:36,048 [Thread-768] INFO  impl.FollowerState (FollowerState.java:run(117)) - 5459e257-ccbc-435a-9427-c3c16be66685@group-8B8FE5B4B5B0-FollowerState was interrupted: java.lang.InterruptedException: sleep interrupted
2019-10-20 18:39:36,066 [7e7122d9-53dc-47a8-b6b6-c87fac616c81@group-8B8FE5B4B5B0-LeaderElection34] INFO  impl.LeaderElection (LeaderElection.java:logAndReturn(56)) - 7e7122d9-53dc-47a8-b6b6-c87fac616c81@group-8B8FE5B4B5B0-LeaderElection34: Election TIMEOUT; received 0 response(s) [] and 0 exception(s); 7e7122d9-53dc-47a8-b6b6-c87fac616c81@group-8B8FE5B4B5B0:t38, leader=null, voted=7e7122d9-53dc-47a8-b6b6-c87fac616c81, raftlog=7e7122d9-53dc-47a8-b6b6-c87fac616c81@group-8B8FE5B4B5B0-SegmentedRaftLog:OPENED:c3,f4,i4, conf=0: [7e7122d9-53dc-47a8-b6b6-c87fac616c81:192.168.164.253:46735, c90420fb-507e-4f39-9d1e-d32950a26e2a:192.168.164.253:35682, 5459e257-ccbc-435a-9427-c3c16be66685:192.168.164.253:45469], old=null
2019-10-20 18:39:36,070 [pool-27-thread-1] INFO  storage.RaftStorage (RaftStorage.java:format(84)) - Storage directory /workdir/hadoop-ozone/integration-test/target/test-dir/MiniOzoneClusterImpl-bb5c499c-1fef-4eeb-ae34-687819fae390/datanode-0/data/ratis/6b141bc5-a29b-4d86-9a91-432a391549c8 has been successfully formatted.
2019-10-20 18:39:36,070 [pool-47-thread-1] INFO  storage.RaftStorage (RaftStorage.java:format(84)) - Storage directory /workdir/hadoop-ozone/integration-test/target/test-dir/MiniOzoneClusterImpl-bb5c499c-1fef-4eeb-ae34-687819fae390/datanode-2/data/ratis/6b141bc5-a29b-4d86-9a91-432a391549c8 has been successfully formatted.
2019-10-20 18:39:36,070 [pool-59-thread-1] INFO  storage.RaftStorage (RaftStorage.java:format(84)) - Storage directory /workdir/hadoop-ozone/integration-test/target/test-dir/MiniOzoneClusterImpl-bb5c499c-1fef-4eeb-ae34-687819fae390/datanode-1/data/ratis/6b141bc5-a29b-4d86-9a91-432a391549c8 has been successfully formatted.
2019-10-20 18:39:36,070 [7e7122d9-53dc-47a8-b6b6-c87fac616c81@group-5F6C79191C69-SegmentedRaftLogWorker] INFO  segmented.SegmentedRaftLogWorker (SegmentedRaftLogWorker.java:execute(576)) - 7e7122d9-53dc-47a8-b6b6-c87fac616c81@group-5F6C79191C69-SegmentedRaftLogWorker: created new log segment /workdir/hadoop-ozone/integration-test/target/test-dir/MiniOzoneClusterImpl-bb5c499c-1fef-4eeb-ae34-687819fae390/datanode-1/data/ratis/5934d132-10ea-40c9-9982-5f6c79191c69/current/log_inprogress_0
2019-10-20 18:39:36,071 [pool-47-thread-1] INFO  ratis.ContainerStateMachine (ContainerStateMachine.java:loadSnapshot(231)) - group-432A391549C8: The snapshot info is null. Setting the last applied indexto:(t:0, i:~)
2019-10-20 18:39:36,071 [pool-59-thread-1] INFO  ratis.ContainerStateMachine (ContainerStateMachine.java:loadSnapshot(231)) - group-432A391549C8: The snapshot info is null. Setting the last applied indexto:(t:0, i:~)
2019-10-20 18:39:36,071 [pool-27-thread-1] INFO  ratis.ContainerStateMachine (ContainerStateMachine.java:loadSnapshot(231)) - group-432A391549C8: The snapshot info is null. Setting the last applied indexto:(t:0, i:~)
2019-10-20 18:39:36,071 [pool-59-thread-1] INFO  server.RaftServerConfigKeys (ConfUtils.java:logGet(43)) - raft.server.notification.no-leader.timeout = 1000s (custom)
2019-10-20 18:39:36,071 [pool-47-thread-1] INFO  server.RaftServerConfigKeys (ConfUtils.java:logGet(43)) - raft.server.notification.no-leader.timeout = 1000s (custom)
2019-10-20 18:39:36,071 [pool-59-thread-1] INFO  server.RaftServerConfigKeys (ConfUtils.java:logGet(43)) - raft.server.log.use.memory = false (default)
2019-10-20 18:39:36,071 [pool-27-thread-1] INFO  server.RaftServerConfigKeys (ConfUtils.java:logGet(43)) - raft.server.notification.no-leader.timeout = 1000s (custom)
2019-10-20 18:39:36,072 [pool-59-thread-1] INFO  server.RaftServerConfigKeys (ConfUtils.java:logGet(43)) - raft.server.log.purge.gap = 1000000 (custom)
2019-10-20 18:39:36,072 [pool-47-thread-1] INFO  server.RaftServerConfigKeys (ConfUtils.java:logGet(43)) - raft.server.log.use.memory = false (default)
2019-10-20 18:39:36,072 [pool-59-thread-1] INFO  server.RaftServerConfigKeys (ConfUtils.java:logGet(43)) - raft.server.log.appender.buffer.byte-limit = 33554432 (custom)
2019-10-20 18:39:36,072 [pool-27-thread-1] INFO  server.RaftServerConfigKeys (ConfUtils.java:logGet(43)) - raft.server.log.use.memory = false (default)
2019-10-20 18:39:36,072 [pool-59-thread-1] INFO  server.RaftServerConfigKeys (ConfUtils.java:logGet(43)) - raft.server.log.segment.size.max = 1048576 (custom)
2019-10-20 18:39:36,072 [pool-47-thread-1] INFO  server.RaftServerConfigKeys (ConfUtils.java:logGet(43)) - raft.server.log.purge.gap = 1000000 (custom)
2019-10-20 18:39:36,072 [pool-59-thread-1] INFO  server.RaftServerConfigKeys (ConfUtils.java:logGet(43)) - raft.server.log.segment.cache.num.max = 2 (custom)
2019-10-20 18:39:36,072 [pool-27-thread-1] INFO  server.RaftServerConfigKeys (ConfUtils.java:logGet(43)) - raft.server.log.purge.gap = 1000000 (custom)
2019-10-20 18:39:36,073 [pool-59-thread-1] INFO  segmented.SegmentedRaftLogWorker (SegmentedRaftLogWorker.java:<init>(173)) - new 7e7122d9-53dc-47a8-b6b6-c87fac616c81@group-432A391549C8-SegmentedRaftLogWorker for RaftStorage:Storage Directory /workdir/hadoop-ozone/integration-test/target/test-dir/MiniOzoneClusterImpl-bb5c499c-1fef-4eeb-ae34-687819fae390/datanode-1/data/ratis/6b141bc5-a29b-4d86-9a91-432a391549c8
2019-10-20 18:39:36,073 [pool-47-thread-1] INFO  server.RaftServerConfigKeys (ConfUtils.java:logGet(43)) - raft.server.log.appender.buffer.byte-limit = 33554432 (custom)
2019-10-20 18:39:36,073 [pool-59-thread-1] INFO  server.RaftServerConfigKeys (ConfUtils.java:logGet(43)) - raft.server.log.queue.byte-limit = 2147483647 (custom)
2019-10-20 18:39:36,073 [pool-27-thread-1] INFO  server.RaftServerConfigKeys (ConfUtils.java:logGet(43)) - raft.server.log.appender.buffer.byte-limit = 33554432 (custom)
2019-10-20 18:39:36,073 [pool-59-thread-1] INFO  server.RaftServerConfigKeys (ConfUtils.java:logGet(43)) - raft.server.log.queue.element-limit = 1024 (custom)
2019-10-20 18:39:36,073 [pool-47-thread-1] INFO  server.RaftServerConfigKeys (ConfUtils.java:logGet(43)) - raft.server.log.segment.size.max = 1048576 (custom)
2019-10-20 18:39:36,073 [pool-59-thread-1] INFO  server.RaftServerConfigKeys (ConfUtils.java:logGet(43)) - raft.server.log.segment.size.max = 1048576 (custom)
2019-10-20 18:39:36,073 [pool-27-thread-1] INFO  server.RaftServerConfigKeys (ConfUtils.java:logGet(43)) - raft.server.log.segment.size.max = 1048576 (custom)
2019-10-20 18:39:36,073 [pool-59-thread-1] INFO  server.RaftServerConfigKeys (ConfUtils.java:logGet(43)) - raft.server.log.preallocated.size = 16384 (custom)
2019-10-20 18:39:36,074 [pool-59-thread-1] INFO  server.RaftServerConfigKeys (ConfUtils.java:logGet(43)) - raft.server.log.write.buffer.size = 33554432 (custom)
2019-10-20 18:39:36,073 [pool-47-thread-1] INFO  server.RaftServerConfigKeys (ConfUtils.java:logGet(43)) - raft.server.log.segment.cache.num.max = 2 (custom)
2019-10-20 18:39:36,074 [pool-59-thread-1] INFO  server.RaftServerConfigKeys (ConfUtils.java:logGet(43)) - raft.server.log.force.sync.num = 128 (default)
2019-10-20 18:39:36,074 [pool-27-thread-1] INFO  server.RaftServerConfigKeys (ConfUtils.java:logGet(43)) - raft.server.log.segment.cache.num.max = 2 (custom)
2019-10-20 18:39:36,074 [pool-59-thread-1] INFO  server.RaftServerConfigKeys (ConfUtils.java:logGet(43)) - raft.server.log.statemachine.data.sync = true (default)
2019-10-20 18:39:36,074 [pool-47-thread-1] INFO  segmented.SegmentedRaftLogWorker (SegmentedRaftLogWorker.java:<init>(173)) - new 5459e257-ccbc-435a-9427-c3c16be66685@group-432A391549C8-SegmentedRaftLogWorker for RaftStorage:Storage Directory /workdir/hadoop-ozone/integration-test/target/test-dir/MiniOzoneClusterImpl-bb5c499c-1fef-4eeb-ae34-687819fae390/datanode-2/data/ratis/6b141bc5-a29b-4d86-9a91-432a391549c8
2019-10-20 18:39:36,074 [pool-59-thread-1] INFO  server.RaftServerConfigKeys (ConfUtils.java:logGet(43)) - raft.server.log.statemachine.data.sync.timeout = 10s (default)
2019-10-20 18:39:36,074 [pool-27-thread-1] INFO  segmented.SegmentedRaftLogWorker (SegmentedRaftLogWorker.java:<init>(173)) - new c90420fb-507e-4f39-9d1e-d32950a26e2a@group-432A391549C8-SegmentedRaftLogWorker for RaftStorage:Storage Directory /workdir/hadoop-ozone/integration-test/target/test-dir/MiniOzoneClusterImpl-bb5c499c-1fef-4eeb-ae34-687819fae390/datanode-0/data/ratis/6b141bc5-a29b-4d86-9a91-432a391549c8
2019-10-20 18:39:36,074 [pool-59-thread-1] INFO  server.RaftServerConfigKeys (ConfUtils.java:logGet(43)) - raft.server.log.statemachine.data.sync.timeout.retry = -1 (default)
2019-10-20 18:39:36,074 [pool-47-thread-1] INFO  server.RaftServerConfigKeys (ConfUtils.java:logGet(43)) - raft.server.log.queue.byte-limit = 2147483647 (custom)
2019-10-20 18:39:36,075 [pool-59-thread-1] INFO  server.RaftServerConfigKeys (ConfUtils.java:logGet(43)) - raft.server.log.statemachine.data.caching.enabled = true (custom)
2019-10-20 18:39:36,075 [pool-27-thread-1] INFO  server.RaftServerConfigKeys (ConfUtils.java:logGet(43)) - raft.server.log.queue.byte-limit = 2147483647 (custom)
2019-10-20 18:39:36,075 [pool-47-thread-1] INFO  server.RaftServerConfigKeys (ConfUtils.java:logGet(43)) - raft.server.log.queue.element-limit = 1024 (custom)
2019-10-20 18:39:36,075 [pool-59-thread-1] INFO  segmented.SegmentedRaftLogWorker (SegmentedRaftLogWorker.java:lambda$new$0(128)) - 7e7122d9-53dc-47a8-b6b6-c87fac616c81@group-432A391549C8-SegmentedRaftLogWorker: flushIndex: setUnconditionally 0 -> -1
2019-10-20 18:39:36,075 [pool-27-thread-1] INFO  server.RaftServerConfigKeys (ConfUtils.java:logGet(43)) - raft.server.log.queue.element-limit = 1024 (custom)
2019-10-20 18:39:36,075 [pool-47-thread-1] INFO  server.RaftServerConfigKeys (ConfUtils.java:logGet(43)) - raft.server.log.segment.size.max = 1048576 (custom)
2019-10-20 18:39:36,075 [pool-59-thread-1] INFO  server.RaftServerConfigKeys (ConfUtils.java:logGet(43)) - raft.server.snapshot.auto.trigger.enabled = true (custom)
2019-10-20 18:39:36,075 [pool-27-thread-1] INFO  server.RaftServerConfigKeys (ConfUtils.java:logGet(43)) - raft.server.log.segment.size.max = 1048576 (custom)
2019-10-20 18:39:36,076 [pool-59-thread-1] INFO  server.RaftServerConfigKeys (ConfUtils.java:logGet(43)) - raft.server.snapshot.auto.trigger.threshold = 10000 (custom)
2019-10-20 18:39:36,075 [pool-47-thread-1] INFO  server.RaftServerConfigKeys (ConfUtils.java:logGet(43)) - raft.server.log.preallocated.size = 16384 (custom)
2019-10-20 18:39:36,076 [pool-59-thread-1] INFO  server.RaftServerConfigKeys (ConfUtils.java:logGet(43)) - raft.server.snapshot.retention.file.num = 5 (custom)
2019-10-20 18:39:36,076 [pool-27-thread-1] INFO  server.RaftServerConfigKeys (ConfUtils.java:logGet(43)) - raft.server.log.preallocated.size = 16384 (custom)
2019-10-20 18:39:36,076 [pool-59-thread-1] INFO  server.RaftServerConfigKeys (ConfUtils.java:logGet(43)) - raft.server.retrycache.expirytime = 600000ms (custom)
2019-10-20 18:39:36,076 [pool-47-thread-1] INFO  server.RaftServerConfigKeys (ConfUtils.java:logGet(43)) - raft.server.log.write.buffer.size = 33554432 (custom)
2019-10-20 18:39:36,076 [pool-27-thread-1] INFO  server.RaftServerConfigKeys (ConfUtils.java:logGet(43)) - raft.server.log.write.buffer.size = 33554432 (custom)
2019-10-20 18:39:36,076 [pool-47-thread-1] INFO  server.RaftServerConfigKeys (ConfUtils.java:logGet(43)) - raft.server.log.force.sync.num = 128 (default)
2019-10-20 18:39:36,076 [pool-27-thread-1] INFO  server.RaftServerConfigKeys (ConfUtils.java:logGet(43)) - raft.server.log.force.sync.num = 128 (default)
2019-10-20 18:39:36,076 [pool-47-thread-1] INFO  server.RaftServerConfigKeys (ConfUtils.java:logGet(43)) - raft.server.log.statemachine.data.sync = true (default)
2019-10-20 18:39:36,077 [pool-27-thread-1] INFO  server.RaftServerConfigKeys (ConfUtils.java:logGet(43)) - raft.server.log.statemachine.data.sync = true (default)
2019-10-20 18:39:36,077 [pool-47-thread-1] INFO  server.RaftServerConfigKeys (ConfUtils.java:logGet(43)) - raft.server.log.statemachine.data.sync.timeout = 10s (default)
2019-10-20 18:39:36,077 [pool-27-thread-1] INFO  server.RaftServerConfigKeys (ConfUtils.java:logGet(43)) - raft.server.log.statemachine.data.sync.timeout = 10s (default)
2019-10-20 18:39:36,077 [pool-47-thread-1] INFO  server.RaftServerConfigKeys (ConfUtils.java:logGet(43)) - raft.server.log.statemachine.data.sync.timeout.retry = -1 (default)
2019-10-20 18:39:36,077 [pool-27-thread-1] INFO  server.RaftServerConfigKeys (ConfUtils.java:logGet(43)) - raft.server.log.statemachine.data.sync.timeout.retry = -1 (default)
2019-10-20 18:39:36,077 [pool-47-thread-1] INFO  server.RaftServerConfigKeys (ConfUtils.java:logGet(43)) - raft.server.log.statemachine.data.caching.enabled = true (custom)
2019-10-20 18:39:36,077 [pool-27-thread-1] INFO  server.RaftServerConfigKeys (ConfUtils.java:logGet(43)) - raft.server.log.statemachine.data.caching.enabled = true (custom)
2019-10-20 18:39:36,078 [pool-59-thread-1] INFO  impl.RaftServerImpl (RaftServerImpl.java:start(195)) - 7e7122d9-53dc-47a8-b6b6-c87fac616c81@group-432A391549C8: start as a follower, conf=-1: [7e7122d9-53dc-47a8-b6b6-c87fac616c81:192.168.164.253:46735, c90420fb-507e-4f39-9d1e-d32950a26e2a:192.168.164.253:35682, 5459e257-ccbc-435a-9427-c3c16be66685:192.168.164.253:45469], old=null
2019-10-20 18:39:36,078 [pool-59-thread-1] INFO  impl.RaftServerImpl (RaftServerImpl.java:setRole(184)) - 7e7122d9-53dc-47a8-b6b6-c87fac616c81@group-432A391549C8: changes role from      null to FOLLOWER at term 0 for startAsFollower
2019-10-20 18:39:36,078 [pool-59-thread-1] INFO  impl.RoleInfo (RoleInfo.java:updateAndGet(143)) - 7e7122d9-53dc-47a8-b6b6-c87fac616c81: start FollowerState
2019-10-20 18:39:36,079 [pool-59-thread-1] INFO  util.JmxRegister (JmxRegister.java:tryRegister(44)) - Successfully registered JMX Bean with object name Ratis:service=RaftServer,group=group-432A391549C8,id=7e7122d9-53dc-47a8-b6b6-c87fac616c81
2019-10-20 18:39:36,104 [pool-27-thread-1] INFO  segmented.SegmentedRaftLogWorker (SegmentedRaftLogWorker.java:lambda$new$0(128)) - c90420fb-507e-4f39-9d1e-d32950a26e2a@group-432A391549C8-SegmentedRaftLogWorker: flushIndex: setUnconditionally 0 -> -1
2019-10-20 18:39:36,104 [pool-47-thread-1] INFO  segmented.SegmentedRaftLogWorker (SegmentedRaftLogWorker.java:lambda$new$0(128)) - 5459e257-ccbc-435a-9427-c3c16be66685@group-432A391549C8-SegmentedRaftLogWorker: flushIndex: setUnconditionally 0 -> -1
2019-10-20 18:39:36,104 [pool-27-thread-1] INFO  server.RaftServerConfigKeys (ConfUtils.java:logGet(43)) - raft.server.snapshot.auto.trigger.enabled = true (custom)
2019-10-20 18:39:36,104 [pool-47-thread-1] INFO  server.RaftServerConfigKeys (ConfUtils.java:logGet(43)) - raft.server.snapshot.auto.trigger.enabled = true (custom)
2019-10-20 18:39:36,105 [EventQueue-PendingDeleteStatusForPendingDeleteHandler] INFO  block.SCMBlockDeletingService (SCMBlockDeletingService.java:handlePendingDeletes(115)) - Block deletion txnID mismatch in datanode 7e7122d9-53dc-47a8-b6b6-c87fac616c81 for containerID 1. Datanode delete txnID: 0, SCM txnID: 1
2019-10-20 18:39:36,105 [pool-27-thread-1] INFO  server.RaftServerConfigKeys (ConfUtils.java:logGet(43)) - raft.server.snapshot.auto.trigger.threshold = 10000 (custom)
2019-10-20 18:39:36,105 [pool-47-thread-1] INFO  server.RaftServerConfigKeys (ConfUtils.java:logGet(43)) - raft.server.snapshot.auto.trigger.threshold = 10000 (custom)
2019-10-20 18:39:36,105 [pool-27-thread-1] INFO  server.RaftServerConfigKeys (ConfUtils.java:logGet(43)) - raft.server.snapshot.retention.file.num = 5 (custom)
2019-10-20 18:39:36,105 [pool-47-thread-1] INFO  server.RaftServerConfigKeys (ConfUtils.java:logGet(43)) - raft.server.snapshot.retention.file.num = 5 (custom)
2019-10-20 18:39:36,105 [pool-27-thread-1] INFO  server.RaftServerConfigKeys (ConfUtils.java:logGet(43)) - raft.server.retrycache.expirytime = 600000ms (custom)
2019-10-20 18:39:36,106 [pool-47-thread-1] INFO  server.RaftServerConfigKeys (ConfUtils.java:logGet(43)) - raft.server.retrycache.expirytime = 600000ms (custom)
2019-10-20 18:39:36,106 [BlockDeletingService#2] WARN  background.BlockDeletingService (BlockDeletingService.java:isDeletionAllowed(187)) - Close Container log Index 6 is not replicated across allthe servers in the pipeline e053cdee-5b19-4be2-866a-8b8fe5b4b5b0 as the min replicated index is 4. Deletion is not allowed in this container yet.
2019-10-20 18:39:36,109 [pool-27-thread-1] INFO  impl.RaftServerImpl (RaftServerImpl.java:start(195)) - c90420fb-507e-4f39-9d1e-d32950a26e2a@group-432A391549C8: start as a follower, conf=-1: [7e7122d9-53dc-47a8-b6b6-c87fac616c81:192.168.164.253:46735, c90420fb-507e-4f39-9d1e-d32950a26e2a:192.168.164.253:35682, 5459e257-ccbc-435a-9427-c3c16be66685:192.168.164.253:45469], old=null
2019-10-20 18:39:36,109 [pool-27-thread-1] INFO  impl.RaftServerImpl (RaftServerImpl.java:setRole(184)) - c90420fb-507e-4f39-9d1e-d32950a26e2a@group-432A391549C8: changes role from      null to FOLLOWER at term 0 for startAsFollower
2019-10-20 18:39:36,109 [pool-47-thread-1] INFO  impl.RaftServerImpl (RaftServerImpl.java:start(195)) - 5459e257-ccbc-435a-9427-c3c16be66685@group-432A391549C8: start as a follower, conf=-1: [7e7122d9-53dc-47a8-b6b6-c87fac616c81:192.168.164.253:46735, c90420fb-507e-4f39-9d1e-d32950a26e2a:192.168.164.253:35682, 5459e257-ccbc-435a-9427-c3c16be66685:192.168.164.253:45469], old=null
2019-10-20 18:39:36,109 [pool-27-thread-1] INFO  impl.RoleInfo (RoleInfo.java:updateAndGet(143)) - c90420fb-507e-4f39-9d1e-d32950a26e2a: start FollowerState
2019-10-20 18:39:36,109 [pool-47-thread-1] INFO  impl.RaftServerImpl (RaftServerImpl.java:setRole(184)) - 5459e257-ccbc-435a-9427-c3c16be66685@group-432A391549C8: changes role from      null to FOLLOWER at term 0 for startAsFollower
2019-10-20 18:39:36,109 [pool-47-thread-1] INFO  impl.RoleInfo (RoleInfo.java:updateAndGet(143)) - 5459e257-ccbc-435a-9427-c3c16be66685: start FollowerState
2019-10-20 18:39:36,109 [pool-27-thread-1] INFO  util.JmxRegister (JmxRegister.java:tryRegister(44)) - Successfully registered JMX Bean with object name Ratis:service=RaftServer,group=group-432A391549C8,id=c90420fb-507e-4f39-9d1e-d32950a26e2a
2019-10-20 18:39:36,109 [pool-47-thread-1] INFO  util.JmxRegister (JmxRegister.java:tryRegister(44)) - Successfully registered JMX Bean with object name Ratis:service=RaftServer,group=group-432A391549C8,id=5459e257-ccbc-435a-9427-c3c16be66685
2019-10-20 18:39:36,110 [BlockDeletingService#2] WARN  background.BlockDeletingService (BlockDeletingService.java:isDeletionAllowed(187)) - Close Container log Index 6 is not replicated across allthe servers in the pipeline e053cdee-5b19-4be2-866a-8b8fe5b4b5b0 as the min replicated index is 4. Deletion is not allowed in this container yet.
2019-10-20 18:39:36,113 [7e7122d9-53dc-47a8-b6b6-c87fac616c81@group-8B8FE5B4B5B0-LeaderElection34] INFO  impl.LeaderElection (LeaderElection.java:askForVotes(178)) - 7e7122d9-53dc-47a8-b6b6-c87fac616c81@group-8B8FE5B4B5B0-LeaderElection34: begin an election at term 39 for 0: [7e7122d9-53dc-47a8-b6b6-c87fac616c81:192.168.164.253:46735, c90420fb-507e-4f39-9d1e-d32950a26e2a:192.168.164.253:35682, 5459e257-ccbc-435a-9427-c3c16be66685:192.168.164.253:45469], old=null
2019-10-20 18:39:36,117 [grpc-default-executor-6] INFO  impl.RaftServerImpl (RaftServerImpl.java:setRole(184)) - c90420fb-507e-4f39-9d1e-d32950a26e2a@group-8B8FE5B4B5B0: changes role from  FOLLOWER to FOLLOWER at term 39 for recognizeCandidate:7e7122d9-53dc-47a8-b6b6-c87fac616c81
2019-10-20 18:39:36,117 [grpc-default-executor-6] INFO  impl.RoleInfo (RoleInfo.java:shutdownFollowerState(121)) - c90420fb-507e-4f39-9d1e-d32950a26e2a: shutdown FollowerState
2019-10-20 18:39:36,118 [Thread-780] INFO  impl.FollowerState (FollowerState.java:run(117)) - c90420fb-507e-4f39-9d1e-d32950a26e2a@group-8B8FE5B4B5B0-FollowerState was interrupted: java.lang.InterruptedException: sleep interrupted
2019-10-20 18:39:36,118 [grpc-default-executor-6] INFO  impl.RoleInfo (RoleInfo.java:updateAndGet(143)) - c90420fb-507e-4f39-9d1e-d32950a26e2a: start FollowerState
2019-10-20 18:39:36,119 [Thread-788] INFO  impl.FollowerState (FollowerState.java:run(108)) - c90420fb-507e-4f39-9d1e-d32950a26e2a@group-432A391549C8-FollowerState: change to CANDIDATE, lastRpcTime:9ms, electionTimeout:9ms
2019-10-20 18:39:36,119 [grpc-default-executor-1] INFO  impl.RaftServerImpl (RaftServerImpl.java:setRole(184)) - 5459e257-ccbc-435a-9427-c3c16be66685@group-8B8FE5B4B5B0: changes role from  FOLLOWER to FOLLOWER at term 39 for recognizeCandidate:7e7122d9-53dc-47a8-b6b6-c87fac616c81
2019-10-20 18:39:36,119 [Thread-788] INFO  impl.RoleInfo (RoleInfo.java:shutdownFollowerState(121)) - c90420fb-507e-4f39-9d1e-d32950a26e2a: shutdown FollowerState
2019-10-20 18:39:36,119 [grpc-default-executor-1] INFO  impl.RoleInfo (RoleInfo.java:shutdownFollowerState(121)) - 5459e257-ccbc-435a-9427-c3c16be66685: shutdown FollowerState
2019-10-20 18:39:36,119 [Thread-788] INFO  impl.RaftServerImpl (RaftServerImpl.java:setRole(184)) - c90420fb-507e-4f39-9d1e-d32950a26e2a@group-432A391549C8: changes role from  FOLLOWER to CANDIDATE at term 0 for changeToCandidate
2019-10-20 18:39:36,119 [Thread-781] INFO  impl.FollowerState (FollowerState.java:run(117)) - 5459e257-ccbc-435a-9427-c3c16be66685@group-8B8FE5B4B5B0-FollowerState was interrupted: java.lang.InterruptedException: sleep interrupted
2019-10-20 18:39:36,119 [Thread-788] INFO  impl.RoleInfo (RoleInfo.java:updateAndGet(143)) - c90420fb-507e-4f39-9d1e-d32950a26e2a: start LeaderElection
2019-10-20 18:39:36,119 [grpc-default-executor-1] INFO  impl.RoleInfo (RoleInfo.java:updateAndGet(143)) - 5459e257-ccbc-435a-9427-c3c16be66685: start FollowerState
2019-10-20 18:39:36,123 [RatisPipelineUtilsThread] INFO  pipeline.PipelineStateManager (PipelineStateManager.java:addPipeline(56)) - Created pipeline Pipeline[ Id: 6b141bc5-a29b-4d86-9a91-432a391549c8, Nodes: 7e7122d9-53dc-47a8-b6b6-c87fac616c81{ip: 192.168.164.253, host: pr-hdds-2334-tv6s7-2530448917, networkLocation: /default-rack, certSerialId: null}c90420fb-507e-4f39-9d1e-d32950a26e2a{ip: 192.168.164.253, host: pr-hdds-2334-tv6s7-2530448917, networkLocation: /default-rack, certSerialId: null}5459e257-ccbc-435a-9427-c3c16be66685{ip: 192.168.164.253, host: pr-hdds-2334-tv6s7-2530448917, networkLocation: /default-rack, certSerialId: null}, Type:RATIS, Factor:THREE, State:OPEN]
2019-10-20 18:39:36,126 [Thread-799] INFO  client.GrpcClientProtocolService (GrpcClientProtocolService.java:lambda$processClientRequest$0(278)) - Failed RaftClientRequest:client-33348DE3F0EA->5459e257-ccbc-435a-9427-c3c16be66685@group-8B8FE5B4B5B0, cid=10, seq=0, Watch-ALL_COMMITTED(6), Message:<EMPTY>, reply=RaftClientReply:client-33348DE3F0EA->5459e257-ccbc-435a-9427-c3c16be66685@group-8B8FE5B4B5B0, cid=10, FAILED org.apache.ratis.protocol.NotLeaderException: Server 5459e257-ccbc-435a-9427-c3c16be66685@group-8B8FE5B4B5B0 is not the leader, logIndex=0, commits[5459e257-ccbc-435a-9427-c3c16be66685:c10, 7e7122d9-53dc-47a8-b6b6-c87fac616c81:c4, c90420fb-507e-4f39-9d1e-d32950a26e2a:c10]
2019-10-20 18:39:36,146 [c90420fb-507e-4f39-9d1e-d32950a26e2a@group-432A391549C8-LeaderElection35] INFO  impl.LeaderElection (LeaderElection.java:askForVotes(178)) - c90420fb-507e-4f39-9d1e-d32950a26e2a@group-432A391549C8-LeaderElection35: begin an election at term 1 for -1: [7e7122d9-53dc-47a8-b6b6-c87fac616c81:192.168.164.253:46735, c90420fb-507e-4f39-9d1e-d32950a26e2a:192.168.164.253:35682, 5459e257-ccbc-435a-9427-c3c16be66685:192.168.164.253:45469], old=null
2019-10-20 18:39:36,147 [7e7122d9-53dc-47a8-b6b6-c87fac616c81@group-8B8FE5B4B5B0-LeaderElection34] INFO  impl.LeaderElection (LeaderElection.java:logAndReturn(56)) - 7e7122d9-53dc-47a8-b6b6-c87fac616c81@group-8B8FE5B4B5B0-LeaderElection34: Election REJECTED; received 2 response(s) [7e7122d9-53dc-47a8-b6b6-c87fac616c81<-c90420fb-507e-4f39-9d1e-d32950a26e2a#0:FAIL-t39, 7e7122d9-53dc-47a8-b6b6-c87fac616c81<-5459e257-ccbc-435a-9427-c3c16be66685#0:FAIL-t39] and 0 exception(s); 7e7122d9-53dc-47a8-b6b6-c87fac616c81@group-8B8FE5B4B5B0:t39, leader=null, voted=7e7122d9-53dc-47a8-b6b6-c87fac616c81, raftlog=7e7122d9-53dc-47a8-b6b6-c87fac616c81@group-8B8FE5B4B5B0-SegmentedRaftLog:OPENED:c3,f4,i4, conf=0: [7e7122d9-53dc-47a8-b6b6-c87fac616c81:192.168.164.253:46735, c90420fb-507e-4f39-9d1e-d32950a26e2a:192.168.164.253:35682, 5459e257-ccbc-435a-9427-c3c16be66685:192.168.164.253:45469], old=null
2019-10-20 18:39:36,147 [7e7122d9-53dc-47a8-b6b6-c87fac616c81@group-8B8FE5B4B5B0-LeaderElection34] INFO  impl.RaftServerImpl (RaftServerImpl.java:setRole(184)) - 7e7122d9-53dc-47a8-b6b6-c87fac616c81@group-8B8FE5B4B5B0: changes role from CANDIDATE to FOLLOWER at term 39 for DISCOVERED_A_NEW_TERM
2019-10-20 18:39:36,148 [7e7122d9-53dc-47a8-b6b6-c87fac616c81@group-8B8FE5B4B5B0-LeaderElection34] INFO  impl.RoleInfo (RoleInfo.java:shutdownLeaderElection(134)) - 7e7122d9-53dc-47a8-b6b6-c87fac616c81: shutdown LeaderElection
2019-10-20 18:39:36,148 [7e7122d9-53dc-47a8-b6b6-c87fac616c81@group-8B8FE5B4B5B0-LeaderElection34] INFO  impl.RoleInfo (RoleInfo.java:updateAndGet(143)) - 7e7122d9-53dc-47a8-b6b6-c87fac616c81: start FollowerState
2019-10-20 18:39:36,149 [grpc-default-executor-1] INFO  impl.RaftServerImpl (RaftServerImpl.java:setRole(184)) - 5459e257-ccbc-435a-9427-c3c16be66685@group-432A391549C8: changes role from  FOLLOWER to FOLLOWER at term 1 for recognizeCandidate:c90420fb-507e-4f39-9d1e-d32950a26e2a
2019-10-20 18:39:36,150 [grpc-default-executor-1] INFO  impl.RoleInfo (RoleInfo.java:shutdownFollowerState(121)) - 5459e257-ccbc-435a-9427-c3c16be66685: shutdown FollowerState
2019-10-20 18:39:36,150 [grpc-default-executor-1] INFO  impl.RoleInfo (RoleInfo.java:updateAndGet(143)) - 5459e257-ccbc-435a-9427-c3c16be66685: start FollowerState
2019-10-20 18:39:36,150 [Thread-789] INFO  impl.FollowerState (FollowerState.java:run(117)) - 5459e257-ccbc-435a-9427-c3c16be66685@group-432A391549C8-FollowerState was interrupted: java.lang.InterruptedException: sleep interrupted
2019-10-20 18:39:36,152 [grpc-default-executor-6] INFO  impl.RaftServerImpl (RaftServerImpl.java:setRole(184)) - 7e7122d9-53dc-47a8-b6b6-c87fac616c81@group-432A391549C8: changes role from  FOLLOWER to FOLLOWER at term 1 for recognizeCandidate:c90420fb-507e-4f39-9d1e-d32950a26e2a
2019-10-20 18:39:36,152 [grpc-default-executor-6] INFO  impl.RoleInfo (RoleInfo.java:shutdownFollowerState(121)) - 7e7122d9-53dc-47a8-b6b6-c87fac616c81: shutdown FollowerState
2019-10-20 18:39:36,152 [grpc-default-executor-6] INFO  impl.RoleInfo (RoleInfo.java:updateAndGet(143)) - 7e7122d9-53dc-47a8-b6b6-c87fac616c81: start FollowerState
2019-10-20 18:39:36,152 [Thread-783] INFO  impl.FollowerState (FollowerState.java:run(117)) - 7e7122d9-53dc-47a8-b6b6-c87fac616c81@group-432A391549C8-FollowerState was interrupted: java.lang.InterruptedException: sleep interrupted
2019-10-20 18:39:36,174 [c90420fb-507e-4f39-9d1e-d32950a26e2a@group-432A391549C8-LeaderElection35] INFO  impl.LeaderElection (LeaderElection.java:logAndReturn(56)) - c90420fb-507e-4f39-9d1e-d32950a26e2a@group-432A391549C8-LeaderElection35: Election PASSED; received 1 response(s) [c90420fb-507e-4f39-9d1e-d32950a26e2a<-5459e257-ccbc-435a-9427-c3c16be66685#0:OK-t1] and 0 exception(s); c90420fb-507e-4f39-9d1e-d32950a26e2a@group-432A391549C8:t1, leader=null, voted=c90420fb-507e-4f39-9d1e-d32950a26e2a, raftlog=c90420fb-507e-4f39-9d1e-d32950a26e2a@group-432A391549C8-SegmentedRaftLog:OPENED:c-1,f-1,i0, conf=-1: [7e7122d9-53dc-47a8-b6b6-c87fac616c81:192.168.164.253:46735, c90420fb-507e-4f39-9d1e-d32950a26e2a:192.168.164.253:35682, 5459e257-ccbc-435a-9427-c3c16be66685:192.168.164.253:45469], old=null
2019-10-20 18:39:36,174 [c90420fb-507e-4f39-9d1e-d32950a26e2a@group-432A391549C8-LeaderElection35] INFO  impl.RoleInfo (RoleInfo.java:shutdownLeaderElection(134)) - c90420fb-507e-4f39-9d1e-d32950a26e2a: shutdown LeaderElection
2019-10-20 18:39:36,174 [c90420fb-507e-4f39-9d1e-d32950a26e2a@group-432A391549C8-LeaderElection35] INFO  impl.RaftServerImpl (RaftServerImpl.java:setRole(184)) - c90420fb-507e-4f39-9d1e-d32950a26e2a@group-432A391549C8: changes role from CANDIDATE to LEADER at term 1 for changeToLeader
2019-10-20 18:39:36,174 [c90420fb-507e-4f39-9d1e-d32950a26e2a@group-432A391549C8-LeaderElection35] INFO  impl.RaftServerImpl (ServerState.java:setLeader(256)) - c90420fb-507e-4f39-9d1e-d32950a26e2a@group-432A391549C8: change Leader from null to c90420fb-507e-4f39-9d1e-d32950a26e2a at term 1 for becomeLeader, leader elected after 102ms
2019-10-20 18:39:36,174 [c90420fb-507e-4f39-9d1e-d32950a26e2a@group-432A391549C8-LeaderElection35] INFO  server.RaftServerConfigKeys (ConfUtils.java:logGet(43)) - raft.server.staging.catchup.gap = 1000 (default)
2019-10-20 18:39:36,174 [c90420fb-507e-4f39-9d1e-d32950a26e2a@group-432A391549C8-LeaderElection35] INFO  server.RaftServerConfigKeys (ConfUtils.java:logGet(43)) - raft.server.rpc.sleep.time = 25ms (default)
2019-10-20 18:39:36,175 [c90420fb-507e-4f39-9d1e-d32950a26e2a@group-432A391549C8-LeaderElection35] INFO  server.RaftServerConfigKeys (ConfUtils.java:logGet(43)) - raft.server.write.element-limit = 4096 (default)
2019-10-20 18:39:36,175 [c90420fb-507e-4f39-9d1e-d32950a26e2a@group-432A391549C8-LeaderElection35] INFO  server.RaftServerConfigKeys (ConfUtils.java:logGet(43)) - raft.server.watch.timeout = 10s (default)
2019-10-20 18:39:36,175 [c90420fb-507e-4f39-9d1e-d32950a26e2a@group-432A391549C8-LeaderElection35] INFO  server.RaftServerConfigKeys (ConfUtils.java:logGet(43)) - raft.server.watch.timeout.denomination = 1s (default)
2019-10-20 18:39:36,175 [c90420fb-507e-4f39-9d1e-d32950a26e2a@group-432A391549C8-LeaderElection35] INFO  server.RaftServerConfigKeys (ConfUtils.java:logGet(43)) - raft.server.watch.element-limit = 65536 (default)
2019-10-20 18:39:36,177 [c90420fb-507e-4f39-9d1e-d32950a26e2a@group-432A391549C8-LeaderElection35] INFO  server.RaftServerConfigKeys (ConfUtils.java:logGet(43)) - raft.server.log.appender.snapshot.chunk.size.max = 16MB (=16777216) (default)
2019-10-20 18:39:36,177 [c90420fb-507e-4f39-9d1e-d32950a26e2a@group-432A391549C8-LeaderElection35] INFO  server.RaftServerConfigKeys (ConfUtils.java:logGet(43)) - raft.server.log.appender.buffer.byte-limit = 33554432 (custom)
2019-10-20 18:39:36,178 [c90420fb-507e-4f39-9d1e-d32950a26e2a@group-432A391549C8-LeaderElection35] INFO  server.RaftServerConfigKeys (ConfUtils.java:logGet(43)) - raft.server.log.appender.buffer.element-limit = 1 (custom)
2019-10-20 18:39:36,178 [c90420fb-507e-4f39-9d1e-d32950a26e2a@group-432A391549C8-LeaderElection35] INFO  grpc.GrpcConfigKeys$Server (ConfUtils.java:logGet(43)) - raft.grpc.server.leader.outstanding.appends.max = 128 (default)
2019-10-20 18:39:36,178 [c90420fb-507e-4f39-9d1e-d32950a26e2a@group-432A391549C8-LeaderElection35] INFO  server.RaftServerConfigKeys (ConfUtils.java:logGet(43)) - raft.server.rpc.request.timeout = 3000ms (default)
2019-10-20 18:39:36,178 [c90420fb-507e-4f39-9d1e-d32950a26e2a@group-432A391549C8-LeaderElection35] INFO  server.RaftServerConfigKeys (ConfUtils.java:logGet(43)) - raft.server.log.appender.install.snapshot.enabled = false (custom)
2019-10-20 18:39:36,180 [c90420fb-507e-4f39-9d1e-d32950a26e2a@group-432A391549C8-LeaderElection35] INFO  server.RaftServerConfigKeys (ConfUtils.java:logGet(43)) - raft.server.log.appender.snapshot.chunk.size.max = 16MB (=16777216) (default)
2019-10-20 18:39:36,180 [c90420fb-507e-4f39-9d1e-d32950a26e2a@group-432A391549C8-LeaderElection35] INFO  server.RaftServerConfigKeys (ConfUtils.java:logGet(43)) - raft.server.log.appender.buffer.byte-limit = 33554432 (custom)
2019-10-20 18:39:36,181 [c90420fb-507e-4f39-9d1e-d32950a26e2a@group-432A391549C8-LeaderElection35] INFO  server.RaftServerConfigKeys (ConfUtils.java:logGet(43)) - raft.server.log.appender.buffer.element-limit = 1 (custom)
2019-10-20 18:39:36,181 [c90420fb-507e-4f39-9d1e-d32950a26e2a@group-432A391549C8-LeaderElection35] INFO  grpc.GrpcConfigKeys$Server (ConfUtils.java:logGet(43)) - raft.grpc.server.leader.outstanding.appends.max = 128 (default)
2019-10-20 18:39:36,181 [c90420fb-507e-4f39-9d1e-d32950a26e2a@group-432A391549C8-LeaderElection35] INFO  server.RaftServerConfigKeys (ConfUtils.java:logGet(43)) - raft.server.rpc.request.timeout = 3000ms (default)
2019-10-20 18:39:36,181 [c90420fb-507e-4f39-9d1e-d32950a26e2a@group-432A391549C8-LeaderElection35] INFO  server.RaftServerConfigKeys (ConfUtils.java:logGet(43)) - raft.server.log.appender.install.snapshot.enabled = false (custom)
2019-10-20 18:39:36,183 [c90420fb-507e-4f39-9d1e-d32950a26e2a@group-432A391549C8-LeaderElection35] INFO  impl.RoleInfo (RoleInfo.java:updateAndGet(143)) - c90420fb-507e-4f39-9d1e-d32950a26e2a: start LeaderState
2019-10-20 18:39:36,183 [c90420fb-507e-4f39-9d1e-d32950a26e2a@group-432A391549C8-LeaderElection35] INFO  segmented.SegmentedRaftLogWorker (SegmentedRaftLogWorker.java:startLogSegment(385)) - c90420fb-507e-4f39-9d1e-d32950a26e2a@group-432A391549C8-SegmentedRaftLogWorker: Starting segment from index:0
2019-10-20 18:39:36,184 [c90420fb-507e-4f39-9d1e-d32950a26e2a@group-432A391549C8-LeaderElection35] INFO  impl.RaftServerImpl (ServerState.java:setRaftConf(357)) - c90420fb-507e-4f39-9d1e-d32950a26e2a@group-432A391549C8: set configuration 0: [7e7122d9-53dc-47a8-b6b6-c87fac616c81:192.168.164.253:46735, c90420fb-507e-4f39-9d1e-d32950a26e2a:192.168.164.253:35682, 5459e257-ccbc-435a-9427-c3c16be66685:192.168.164.253:45469], old=null at 0
2019-10-20 18:39:36,211 [Thread-803] INFO  impl.FollowerState (FollowerState.java:run(108)) - 7e7122d9-53dc-47a8-b6b6-c87fac616c81@group-8B8FE5B4B5B0-FollowerState: change to CANDIDATE, lastRpcTime:63ms, electionTimeout:62ms
2019-10-20 18:39:36,211 [Thread-803] INFO  impl.RoleInfo (RoleInfo.java:shutdownFollowerState(121)) - 7e7122d9-53dc-47a8-b6b6-c87fac616c81: shutdown FollowerState
2019-10-20 18:39:36,211 [Thread-803] INFO  impl.RaftServerImpl (RaftServerImpl.java:setRole(184)) - 7e7122d9-53dc-47a8-b6b6-c87fac616c81@group-8B8FE5B4B5B0: changes role from  FOLLOWER to CANDIDATE at term 39 for changeToCandidate
2019-10-20 18:39:36,212 [Thread-805] INFO  impl.FollowerState (FollowerState.java:run(108)) - 7e7122d9-53dc-47a8-b6b6-c87fac616c81@group-432A391549C8-FollowerState: change to CANDIDATE, lastRpcTime:60ms, electionTimeout:42ms
2019-10-20 18:39:36,212 [Thread-803] INFO  impl.RoleInfo (RoleInfo.java:updateAndGet(143)) - 7e7122d9-53dc-47a8-b6b6-c87fac616c81: start LeaderElection
2019-10-20 18:39:36,212 [Thread-805] INFO  impl.RoleInfo (RoleInfo.java:shutdownFollowerState(121)) - 7e7122d9-53dc-47a8-b6b6-c87fac616c81: shutdown FollowerState
2019-10-20 18:39:36,213 [Thread-805] INFO  impl.RaftServerImpl (RaftServerImpl.java:setRole(184)) - 7e7122d9-53dc-47a8-b6b6-c87fac616c81@group-432A391549C8: changes role from  FOLLOWER to CANDIDATE at term 1 for changeToCandidate
2019-10-20 18:39:36,213 [Thread-805] INFO  impl.RoleInfo (RoleInfo.java:updateAndGet(143)) - 7e7122d9-53dc-47a8-b6b6-c87fac616c81: start LeaderElection
2019-10-20 18:39:36,214 [grpc-default-executor-1] INFO  impl.RaftServerImpl (ServerState.java:setLeader(256)) - 5459e257-ccbc-435a-9427-c3c16be66685@group-432A391549C8: change Leader from null to c90420fb-507e-4f39-9d1e-d32950a26e2a at term 1 for appendEntries, leader elected after 142ms
2019-10-20 18:39:36,217 [grpc-default-executor-1] INFO  impl.RaftServerImpl (ServerState.java:setRaftConf(357)) - 5459e257-ccbc-435a-9427-c3c16be66685@group-432A391549C8: set configuration 0: [7e7122d9-53dc-47a8-b6b6-c87fac616c81:192.168.164.253:46735, c90420fb-507e-4f39-9d1e-d32950a26e2a:192.168.164.253:35682, 5459e257-ccbc-435a-9427-c3c16be66685:192.168.164.253:45469], old=null at 0
2019-10-20 18:39:36,217 [grpc-default-executor-1] INFO  segmented.SegmentedRaftLogWorker (SegmentedRaftLogWorker.java:startLogSegment(385)) - 5459e257-ccbc-435a-9427-c3c16be66685@group-432A391549C8-SegmentedRaftLogWorker: Starting segment from index:0
2019-10-20 18:39:36,240 [c90420fb-507e-4f39-9d1e-d32950a26e2a@group-432A391549C8-SegmentedRaftLogWorker] INFO  segmented.SegmentedRaftLogWorker (SegmentedRaftLogWorker.java:execute(576)) - c90420fb-507e-4f39-9d1e-d32950a26e2a@group-432A391549C8-SegmentedRaftLogWorker: created new log segment /workdir/hadoop-ozone/integration-test/target/test-dir/MiniOzoneClusterImpl-bb5c499c-1fef-4eeb-ae34-687819fae390/datanode-0/data/ratis/6b141bc5-a29b-4d86-9a91-432a391549c8/current/log_inprogress_0
2019-10-20 18:39:36,240 [7e7122d9-53dc-47a8-b6b6-c87fac616c81@group-432A391549C8-LeaderElection37] INFO  impl.LeaderElection (LeaderElection.java:askForVotes(178)) - 7e7122d9-53dc-47a8-b6b6-c87fac616c81@group-432A391549C8-LeaderElection37: begin an election at term 2 for -1: [7e7122d9-53dc-47a8-b6b6-c87fac616c81:192.168.164.253:46735, c90420fb-507e-4f39-9d1e-d32950a26e2a:192.168.164.253:35682, 5459e257-ccbc-435a-9427-c3c16be66685:192.168.164.253:45469], old=null
2019-10-20 18:39:36,240 [7e7122d9-53dc-47a8-b6b6-c87fac616c81@group-8B8FE5B4B5B0-LeaderElection36] INFO  impl.LeaderElection (LeaderElection.java:askForVotes(178)) - 7e7122d9-53dc-47a8-b6b6-c87fac616c81@group-8B8FE5B4B5B0-LeaderElection36: begin an election at term 40 for 0: [7e7122d9-53dc-47a8-b6b6-c87fac616c81:192.168.164.253:46735, c90420fb-507e-4f39-9d1e-d32950a26e2a:192.168.164.253:35682, 5459e257-ccbc-435a-9427-c3c16be66685:192.168.164.253:45469], old=null
2019-10-20 18:39:36,242 [Thread-806] INFO  impl.RaftServerImpl (ServerState.java:setLeader(256)) - c90420fb-507e-4f39-9d1e-d32950a26e2a@group-432A391549C8: change Leader from c90420fb-507e-4f39-9d1e-d32950a26e2a to null at term 2 for updateCurrentTerm
2019-10-20 18:39:36,242 [Thread-806] INFO  impl.RaftServerImpl (RaftServerImpl.java:setRole(184)) - c90420fb-507e-4f39-9d1e-d32950a26e2a@group-432A391549C8: changes role from    LEADER to FOLLOWER at term 2 for stepDown
2019-10-20 18:39:36,242 [Thread-806] INFO  impl.RoleInfo (RoleInfo.java:shutdownLeaderState(104)) - c90420fb-507e-4f39-9d1e-d32950a26e2a: shutdown LeaderState
2019-10-20 18:39:36,244 [org.apache.ratis.server.impl.LogAppender$AppenderDaemon$$Lambda$412/326926900@7f400be2] WARN  server.GrpcLogAppender (GrpcLogAppender.java:mayWait(149)) - c90420fb-507e-4f39-9d1e-d32950a26e2a@group-432A391549C8->5459e257-ccbc-435a-9427-c3c16be66685-GrpcLogAppender: Wait interrupted by java.lang.InterruptedException
2019-10-20 18:39:36,244 [Thread-806] INFO  impl.PendingRequests (PendingRequests.java:sendNotLeaderResponses(202)) - c90420fb-507e-4f39-9d1e-d32950a26e2a@group-432A391549C8-PendingRequests: sendNotLeaderResponses
2019-10-20 18:39:36,244 [org.apache.ratis.server.impl.LogAppender$AppenderDaemon$$Lambda$412/326926900@4ec46658] WARN  server.GrpcLogAppender (GrpcLogAppender.java:mayWait(149)) - c90420fb-507e-4f39-9d1e-d32950a26e2a@group-432A391549C8->7e7122d9-53dc-47a8-b6b6-c87fac616c81-GrpcLogAppender: Wait interrupted by java.lang.InterruptedException
2019-10-20 18:39:36,245 [Thread-806] INFO  impl.RoleInfo (RoleInfo.java:updateAndGet(143)) - c90420fb-507e-4f39-9d1e-d32950a26e2a: start FollowerState
2019-10-20 18:39:36,245 [grpc-default-executor-6] INFO  server.GrpcServerProtocolService (GrpcServerProtocolService.java:onCompleted(113)) - 5459e257-ccbc-435a-9427-c3c16be66685: Completed APPEND_ENTRIES, lastRequest: c90420fb-507e-4f39-9d1e-d32950a26e2a->5459e257-ccbc-435a-9427-c3c16be66685#1-t1, previous=(t:0, i:0), leaderCommit=-1, initializing? false, entries: size=1, first=(t:1, i:0), CONFIGURATIONENTRY
2019-10-20 18:39:36,245 [grpc-default-executor-1] INFO  server.GrpcLogAppender (GrpcLogAppender.java:onCompleted(308)) - c90420fb-507e-4f39-9d1e-d32950a26e2a@group-432A391549C8->5459e257-ccbc-435a-9427-c3c16be66685-AppendLogResponseHandler: follower responses appendEntries COMPLETED
2019-10-20 18:39:36,246 [grpc-default-executor-3] INFO  impl.RaftServerImpl (RaftServerImpl.java:setRole(184)) - c90420fb-507e-4f39-9d1e-d32950a26e2a@group-8B8FE5B4B5B0: changes role from  FOLLOWER to FOLLOWER at term 40 for recognizeCandidate:7e7122d9-53dc-47a8-b6b6-c87fac616c81
2019-10-20 18:39:36,246 [grpc-default-executor-5] INFO  impl.RaftServerImpl (ServerState.java:setLeader(256)) - 5459e257-ccbc-435a-9427-c3c16be66685@group-432A391549C8: change Leader from c90420fb-507e-4f39-9d1e-d32950a26e2a to null at term 2 for updateCurrentTerm
2019-10-20 18:39:36,246 [grpc-default-executor-3] INFO  impl.RoleInfo (RoleInfo.java:shutdownFollowerState(121)) - c90420fb-507e-4f39-9d1e-d32950a26e2a: shutdown FollowerState
2019-10-20 18:39:36,246 [grpc-default-executor-8] INFO  server.GrpcServerProtocolService (GrpcServerProtocolService.java:onCompleted(113)) - 7e7122d9-53dc-47a8-b6b6-c87fac616c81: Completed APPEND_ENTRIES, lastRequest: c90420fb-507e-4f39-9d1e-d32950a26e2a->7e7122d9-53dc-47a8-b6b6-c87fac616c81#0-t1, previous=(t:0, i:0), leaderCommit=-1, initializing? false, entries: <empty>
2019-10-20 18:39:36,246 [Thread-796] INFO  impl.FollowerState (FollowerState.java:run(117)) - c90420fb-507e-4f39-9d1e-d32950a26e2a@group-8B8FE5B4B5B0-FollowerState was interrupted: java.lang.InterruptedException: sleep interrupted
2019-10-20 18:39:36,246 [grpc-default-executor-5] INFO  impl.RaftServerImpl (RaftServerImpl.java:setRole(184)) - 5459e257-ccbc-435a-9427-c3c16be66685@group-432A391549C8: changes role from  FOLLOWER to FOLLOWER at term 2 for recognizeCandidate:7e7122d9-53dc-47a8-b6b6-c87fac616c81
2019-10-20 18:39:36,246 [grpc-default-executor-7] INFO  impl.RaftServerImpl (RaftServerImpl.java:setRole(184)) - 5459e257-ccbc-435a-9427-c3c16be66685@group-8B8FE5B4B5B0: changes role from  FOLLOWER to FOLLOWER at term 40 for recognizeCandidate:7e7122d9-53dc-47a8-b6b6-c87fac616c81
2019-10-20 18:39:36,247 [grpc-default-executor-7] INFO  impl.RoleInfo (RoleInfo.java:shutdownFollowerState(121)) - 5459e257-ccbc-435a-9427-c3c16be66685: shutdown FollowerState
2019-10-20 18:39:36,246 [grpc-default-executor-3] INFO  impl.RoleInfo (RoleInfo.java:updateAndGet(143)) - c90420fb-507e-4f39-9d1e-d32950a26e2a: start FollowerState
2019-10-20 18:39:36,246 [grpc-default-executor-1] INFO  impl.FollowerInfo (FollowerInfo.java:lambda$new$0(51)) - c90420fb-507e-4f39-9d1e-d32950a26e2a@group-432A391549C8->5459e257-ccbc-435a-9427-c3c16be66685: nextIndex: updateUnconditionally 1 -> 0
2019-10-20 18:39:36,247 [grpc-default-executor-7] INFO  impl.RoleInfo (RoleInfo.java:updateAndGet(143)) - 5459e257-ccbc-435a-9427-c3c16be66685: start FollowerState
2019-10-20 18:39:36,247 [Thread-797] INFO  impl.FollowerState (FollowerState.java:run(117)) - 5459e257-ccbc-435a-9427-c3c16be66685@group-8B8FE5B4B5B0-FollowerState was interrupted: java.lang.InterruptedException: sleep interrupted
2019-10-20 18:39:36,247 [grpc-default-executor-8] INFO  server.GrpcLogAppender (GrpcLogAppender.java:onCompleted(308)) - c90420fb-507e-4f39-9d1e-d32950a26e2a@group-432A391549C8->7e7122d9-53dc-47a8-b6b6-c87fac616c81-AppendLogResponseHandler: follower responses appendEntries COMPLETED
2019-10-20 18:39:36,246 [grpc-default-executor-5] INFO  impl.RoleInfo (RoleInfo.java:shutdownFollowerState(121)) - 5459e257-ccbc-435a-9427-c3c16be66685: shutdown FollowerState
2019-10-20 18:39:36,248 [grpc-default-executor-5] INFO  impl.RoleInfo (RoleInfo.java:updateAndGet(143)) - 5459e257-ccbc-435a-9427-c3c16be66685: start FollowerState
2019-10-20 18:39:36,248 [Thread-804] INFO  impl.FollowerState (FollowerState.java:run(117)) - 5459e257-ccbc-435a-9427-c3c16be66685@group-432A391549C8-FollowerState was interrupted: java.lang.InterruptedException: sleep interrupted
2019-10-20 18:39:36,248 [grpc-default-executor-8] INFO  impl.FollowerInfo (FollowerInfo.java:lambda$new$0(51)) - c90420fb-507e-4f39-9d1e-d32950a26e2a@group-432A391549C8->7e7122d9-53dc-47a8-b6b6-c87fac616c81: nextIndex: updateUnconditionally 0 -> 0
2019-10-20 18:39:36,257 [5459e257-ccbc-435a-9427-c3c16be66685@group-432A391549C8-SegmentedRaftLogWorker] INFO  segmented.SegmentedRaftLogWorker (SegmentedRaftLogWorker.java:execute(576)) - 5459e257-ccbc-435a-9427-c3c16be66685@group-432A391549C8-SegmentedRaftLogWorker: created new log segment /workdir/hadoop-ozone/integration-test/target/test-dir/MiniOzoneClusterImpl-bb5c499c-1fef-4eeb-ae34-687819fae390/datanode-2/data/ratis/6b141bc5-a29b-4d86-9a91-432a391549c8/current/log_inprogress_0
2019-10-20 18:39:36,284 [grpc-default-executor-6] INFO  impl.RaftServerImpl (RaftServerImpl.java:setRole(184)) - c90420fb-507e-4f39-9d1e-d32950a26e2a@group-432A391549C8: changes role from  FOLLOWER to FOLLOWER at term 2 for recognizeCandidate:7e7122d9-53dc-47a8-b6b6-c87fac616c81
2019-10-20 18:39:36,284 [grpc-default-executor-6] INFO  impl.RoleInfo (RoleInfo.java:shutdownFollowerState(121)) - c90420fb-507e-4f39-9d1e-d32950a26e2a: shutdown FollowerState
2019-10-20 18:39:36,284 [Thread-818] INFO  impl.FollowerState (FollowerState.java:run(117)) - c90420fb-507e-4f39-9d1e-d32950a26e2a@group-432A391549C8-FollowerState was interrupted: java.lang.InterruptedException: sleep interrupted
2019-10-20 18:39:36,284 [grpc-default-executor-6] INFO  impl.RoleInfo (RoleInfo.java:updateAndGet(143)) - c90420fb-507e-4f39-9d1e-d32950a26e2a: start FollowerState
2019-10-20 18:39:36,285 [7e7122d9-53dc-47a8-b6b6-c87fac616c81@group-8B8FE5B4B5B0-LeaderElection36] INFO  impl.LeaderElection (LeaderElection.java:logAndReturn(56)) - 7e7122d9-53dc-47a8-b6b6-c87fac616c81@group-8B8FE5B4B5B0-LeaderElection36: Election REJECTED; received 2 response(s) [7e7122d9-53dc-47a8-b6b6-c87fac616c81<-c90420fb-507e-4f39-9d1e-d32950a26e2a#0:FAIL-t40, 7e7122d9-53dc-47a8-b6b6-c87fac616c81<-5459e257-ccbc-435a-9427-c3c16be66685#0:FAIL-t40] and 0 exception(s); 7e7122d9-53dc-47a8-b6b6-c87fac616c81@group-8B8FE5B4B5B0:t40, leader=null, voted=7e7122d9-53dc-47a8-b6b6-c87fac616c81, raftlog=7e7122d9-53dc-47a8-b6b6-c87fac616c81@group-8B8FE5B4B5B0-SegmentedRaftLog:OPENED:c3,f4,i4, conf=0: [7e7122d9-53dc-47a8-b6b6-c87fac616c81:192.168.164.253:46735, c90420fb-507e-4f39-9d1e-d32950a26e2a:192.168.164.253:35682, 5459e257-ccbc-435a-9427-c3c16be66685:192.168.164.253:45469], old=null
2019-10-20 18:39:36,285 [7e7122d9-53dc-47a8-b6b6-c87fac616c81@group-8B8FE5B4B5B0-LeaderElection36] INFO  impl.RaftServerImpl (RaftServerImpl.java:setRole(184)) - 7e7122d9-53dc-47a8-b6b6-c87fac616c81@group-8B8FE5B4B5B0: changes role from CANDIDATE to FOLLOWER at term 40 for DISCOVERED_A_NEW_TERM
2019-10-20 18:39:36,286 [7e7122d9-53dc-47a8-b6b6-c87fac616c81@group-8B8FE5B4B5B0-LeaderElection36] INFO  impl.RoleInfo (RoleInfo.java:shutdownLeaderElection(134)) - 7e7122d9-53dc-47a8-b6b6-c87fac616c81: shutdown LeaderElection
2019-10-20 18:39:36,286 [7e7122d9-53dc-47a8-b6b6-c87fac616c81@group-432A391549C8-LeaderElection37] INFO  impl.LeaderElection (LeaderElection.java:logAndReturn(56)) - 7e7122d9-53dc-47a8-b6b6-c87fac616c81@group-432A391549C8-LeaderElection37: Election REJECTED; received 2 response(s) [7e7122d9-53dc-47a8-b6b6-c87fac616c81<-c90420fb-507e-4f39-9d1e-d32950a26e2a#0:FAIL-t2, 7e7122d9-53dc-47a8-b6b6-c87fac616c81<-5459e257-ccbc-435a-9427-c3c16be66685#0:FAIL-t2] and 0 exception(s); 7e7122d9-53dc-47a8-b6b6-c87fac616c81@group-432A391549C8:t2, leader=null, voted=7e7122d9-53dc-47a8-b6b6-c87fac616c81, raftlog=7e7122d9-53dc-47a8-b6b6-c87fac616c81@group-432A391549C8-SegmentedRaftLog:OPENED:c-1,f-1,i0, conf=-1: [7e7122d9-53dc-47a8-b6b6-c87fac616c81:192.168.164.253:46735, c90420fb-507e-4f39-9d1e-d32950a26e2a:192.168.164.253:35682, 5459e257-ccbc-435a-9427-c3c16be66685:192.168.164.253:45469], old=null
2019-10-20 18:39:36,286 [7e7122d9-53dc-47a8-b6b6-c87fac616c81@group-8B8FE5B4B5B0-LeaderElection36] INFO  impl.RoleInfo (RoleInfo.java:updateAndGet(143)) - 7e7122d9-53dc-47a8-b6b6-c87fac616c81: start FollowerState
2019-10-20 18:39:36,286 [7e7122d9-53dc-47a8-b6b6-c87fac616c81@group-432A391549C8-LeaderElection37] INFO  impl.RaftServerImpl (RaftServerImpl.java:setRole(184)) - 7e7122d9-53dc-47a8-b6b6-c87fac616c81@group-432A391549C8: changes role from CANDIDATE to FOLLOWER at term 2 for DISCOVERED_A_NEW_TERM
2019-10-20 18:39:36,286 [7e7122d9-53dc-47a8-b6b6-c87fac616c81@group-432A391549C8-LeaderElection37] INFO  impl.RoleInfo (RoleInfo.java:shutdownLeaderElection(134)) - 7e7122d9-53dc-47a8-b6b6-c87fac616c81: shutdown LeaderElection
2019-10-20 18:39:36,286 [7e7122d9-53dc-47a8-b6b6-c87fac616c81@group-432A391549C8-LeaderElection37] INFO  impl.RoleInfo (RoleInfo.java:updateAndGet(143)) - 7e7122d9-53dc-47a8-b6b6-c87fac616c81: start FollowerState
2019-10-20 18:39:36,395 [Thread-824] INFO  impl.FollowerState (FollowerState.java:run(108)) - 7e7122d9-53dc-47a8-b6b6-c87fac616c81@group-8B8FE5B4B5B0-FollowerState: change to CANDIDATE, lastRpcTime:109ms, electionTimeout:109ms
2019-10-20 18:39:36,395 [Thread-824] INFO  impl.RoleInfo (RoleInfo.java:shutdownFollowerState(121)) - 7e7122d9-53dc-47a8-b6b6-c87fac616c81: shutdown FollowerState
2019-10-20 18:39:36,396 [Thread-824] INFO  impl.RaftServerImpl (RaftServerImpl.java:setRole(184)) - 7e7122d9-53dc-47a8-b6b6-c87fac616c81@group-8B8FE5B4B5B0: changes role from  FOLLOWER to CANDIDATE at term 40 for changeToCandidate
2019-10-20 18:39:36,396 [Thread-824] INFO  impl.RoleInfo (RoleInfo.java:updateAndGet(143)) - 7e7122d9-53dc-47a8-b6b6-c87fac616c81: start LeaderElection
2019-10-20 18:39:36,412 [EventQueue-PendingDeleteStatusForPendingDeleteHandler] INFO  block.SCMBlockDeletingService (SCMBlockDeletingService.java:handlePendingDeletes(115)) - Block deletion txnID mismatch in datanode 7e7122d9-53dc-47a8-b6b6-c87fac616c81 for containerID 1. Datanode delete txnID: 0, SCM txnID: 1
2019-10-20 18:39:36,425 [7e7122d9-53dc-47a8-b6b6-c87fac616c81@group-8B8FE5B4B5B0-LeaderElection38] INFO  impl.LeaderElection (LeaderElection.java:askForVotes(178)) - 7e7122d9-53dc-47a8-b6b6-c87fac616c81@group-8B8FE5B4B5B0-LeaderElection38: begin an election at term 41 for 0: [7e7122d9-53dc-47a8-b6b6-c87fac616c81:192.168.164.253:46735, c90420fb-507e-4f39-9d1e-d32950a26e2a:192.168.164.253:35682, 5459e257-ccbc-435a-9427-c3c16be66685:192.168.164.253:45469], old=null
2019-10-20 18:39:36,429 [grpc-default-executor-6] INFO  impl.RaftServerImpl (RaftServerImpl.java:setRole(184)) - c90420fb-507e-4f39-9d1e-d32950a26e2a@group-8B8FE5B4B5B0: changes role from  FOLLOWER to FOLLOWER at term 41 for recognizeCandidate:7e7122d9-53dc-47a8-b6b6-c87fac616c81
2019-10-20 18:39:36,429 [grpc-default-executor-6] INFO  impl.RoleInfo (RoleInfo.java:shutdownFollowerState(121)) - c90420fb-507e-4f39-9d1e-d32950a26e2a: shutdown FollowerState
2019-10-20 18:39:36,430 [Thread-819] INFO  impl.FollowerState (FollowerState.java:run(117)) - c90420fb-507e-4f39-9d1e-d32950a26e2a@group-8B8FE5B4B5B0-FollowerState was interrupted: java.lang.InterruptedException: sleep interrupted
2019-10-20 18:39:36,430 [grpc-default-executor-6] INFO  impl.RoleInfo (RoleInfo.java:updateAndGet(143)) - c90420fb-507e-4f39-9d1e-d32950a26e2a: start FollowerState
2019-10-20 18:39:36,432 [grpc-default-executor-7] INFO  impl.RaftServerImpl (RaftServerImpl.java:setRole(184)) - 5459e257-ccbc-435a-9427-c3c16be66685@group-8B8FE5B4B5B0: changes role from  FOLLOWER to FOLLOWER at term 41 for recognizeCandidate:7e7122d9-53dc-47a8-b6b6-c87fac616c81
2019-10-20 18:39:36,432 [grpc-default-executor-7] INFO  impl.RoleInfo (RoleInfo.java:shutdownFollowerState(121)) - 5459e257-ccbc-435a-9427-c3c16be66685: shutdown FollowerState
2019-10-20 18:39:36,432 [grpc-default-executor-7] INFO  impl.RoleInfo (RoleInfo.java:updateAndGet(143)) - 5459e257-ccbc-435a-9427-c3c16be66685: start FollowerState
2019-10-20 18:39:36,432 [Thread-820] INFO  impl.FollowerState (FollowerState.java:run(117)) - 5459e257-ccbc-435a-9427-c3c16be66685@group-8B8FE5B4B5B0-FollowerState was interrupted: java.lang.InterruptedException: sleep interrupted
2019-10-20 18:39:36,449 [Thread-825] INFO  impl.FollowerState (FollowerState.java:run(108)) - 7e7122d9-53dc-47a8-b6b6-c87fac616c81@group-432A391549C8-FollowerState: change to CANDIDATE, lastRpcTime:162ms, electionTimeout:162ms
2019-10-20 18:39:36,449 [Thread-825] INFO  impl.RoleInfo (RoleInfo.java:shutdownFollowerState(121)) - 7e7122d9-53dc-47a8-b6b6-c87fac616c81: shutdown FollowerState
2019-10-20 18:39:36,449 [Thread-825] INFO  impl.RaftServerImpl (RaftServerImpl.java:setRole(184)) - 7e7122d9-53dc-47a8-b6b6-c87fac616c81@group-432A391549C8: changes role from  FOLLOWER to CANDIDATE at term 2 for changeToCandidate
2019-10-20 18:39:36,449 [Thread-825] INFO  impl.RoleInfo (RoleInfo.java:updateAndGet(143)) - 7e7122d9-53dc-47a8-b6b6-c87fac616c81: start LeaderElection
2019-10-20 18:39:36,454 [7e7122d9-53dc-47a8-b6b6-c87fac616c81@group-8B8FE5B4B5B0-LeaderElection38] INFO  impl.LeaderElection (LeaderElection.java:logAndReturn(56)) - 7e7122d9-53dc-47a8-b6b6-c87fac616c81@group-8B8FE5B4B5B0-LeaderElection38: Election REJECTED; received 2 response(s) [7e7122d9-53dc-47a8-b6b6-c87fac616c81<-c90420fb-507e-4f39-9d1e-d32950a26e2a#0:FAIL-t41, 7e7122d9-53dc-47a8-b6b6-c87fac616c81<-5459e257-ccbc-435a-9427-c3c16be66685#0:FAIL-t41] and 0 exception(s); 7e7122d9-53dc-47a8-b6b6-c87fac616c81@group-8B8FE5B4B5B0:t41, leader=null, voted=7e7122d9-53dc-47a8-b6b6-c87fac616c81, raftlog=7e7122d9-53dc-47a8-b6b6-c87fac616c81@group-8B8FE5B4B5B0-SegmentedRaftLog:OPENED:c3,f4,i4, conf=0: [7e7122d9-53dc-47a8-b6b6-c87fac616c81:192.168.164.253:46735, c90420fb-507e-4f39-9d1e-d32950a26e2a:192.168.164.253:35682, 5459e257-ccbc-435a-9427-c3c16be66685:192.168.164.253:45469], old=null
2019-10-20 18:39:36,455 [7e7122d9-53dc-47a8-b6b6-c87fac616c81@group-8B8FE5B4B5B0-LeaderElection38] INFO  impl.RaftServerImpl (RaftServerImpl.java:setRole(184)) - 7e7122d9-53dc-47a8-b6b6-c87fac616c81@group-8B8FE5B4B5B0: changes role from CANDIDATE to FOLLOWER at term 41 for DISCOVERED_A_NEW_TERM
2019-10-20 18:39:36,455 [7e7122d9-53dc-47a8-b6b6-c87fac616c81@group-8B8FE5B4B5B0-LeaderElection38] INFO  impl.RoleInfo (RoleInfo.java:shutdownLeaderElection(134)) - 7e7122d9-53dc-47a8-b6b6-c87fac616c81: shutdown LeaderElection
2019-10-20 18:39:36,455 [7e7122d9-53dc-47a8-b6b6-c87fac616c81@group-8B8FE5B4B5B0-LeaderElection38] INFO  impl.RoleInfo (RoleInfo.java:updateAndGet(143)) - 7e7122d9-53dc-47a8-b6b6-c87fac616c81: start FollowerState
2019-10-20 18:39:36,478 [7e7122d9-53dc-47a8-b6b6-c87fac616c81@group-432A391549C8-LeaderElection39] INFO  impl.LeaderElection (LeaderElection.java:askForVotes(178)) - 7e7122d9-53dc-47a8-b6b6-c87fac616c81@group-432A391549C8-LeaderElection39: begin an election at term 3 for -1: [7e7122d9-53dc-47a8-b6b6-c87fac616c81:192.168.164.253:46735, c90420fb-507e-4f39-9d1e-d32950a26e2a:192.168.164.253:35682, 5459e257-ccbc-435a-9427-c3c16be66685:192.168.164.253:45469], old=null
2019-10-20 18:39:36,480 [grpc-default-executor-6] INFO  impl.RaftServerImpl (RaftServerImpl.java:setRole(184)) - 5459e257-ccbc-435a-9427-c3c16be66685@group-432A391549C8: changes role from  FOLLOWER to FOLLOWER at term 3 for recognizeCandidate:7e7122d9-53dc-47a8-b6b6-c87fac616c81
2019-10-20 18:39:36,481 [grpc-default-executor-7] INFO  impl.RaftServerImpl (RaftServerImpl.java:setRole(184)) - c90420fb-507e-4f39-9d1e-d32950a26e2a@group-432A391549C8: changes role from  FOLLOWER to FOLLOWER at term 3 for recognizeCandidate:7e7122d9-53dc-47a8-b6b6-c87fac616c81
2019-10-20 18:39:36,481 [grpc-default-executor-6] INFO  impl.RoleInfo (RoleInfo.java:shutdownFollowerState(121)) - 5459e257-ccbc-435a-9427-c3c16be66685: shutdown FollowerState
2019-10-20 18:39:36,481 [grpc-default-executor-7] INFO  impl.RoleInfo (RoleInfo.java:shutdownFollowerState(121)) - c90420fb-507e-4f39-9d1e-d32950a26e2a: shutdown FollowerState
2019-10-20 18:39:36,481 [Thread-821] INFO  impl.FollowerState (FollowerState.java:run(117)) - 5459e257-ccbc-435a-9427-c3c16be66685@group-432A391549C8-FollowerState was interrupted: java.lang.InterruptedException: sleep interrupted
2019-10-20 18:39:36,481 [grpc-default-executor-6] INFO  impl.RoleInfo (RoleInfo.java:updateAndGet(143)) - 5459e257-ccbc-435a-9427-c3c16be66685: start FollowerState
2019-10-20 18:39:36,481 [Thread-823] INFO  impl.FollowerState (FollowerState.java:run(117)) - c90420fb-507e-4f39-9d1e-d32950a26e2a@group-432A391549C8-FollowerState was interrupted: java.lang.InterruptedException: sleep interrupted
2019-10-20 18:39:36,481 [grpc-default-executor-7] INFO  impl.RoleInfo (RoleInfo.java:updateAndGet(143)) - c90420fb-507e-4f39-9d1e-d32950a26e2a: start FollowerState
2019-10-20 18:39:36,504 [7e7122d9-53dc-47a8-b6b6-c87fac616c81@group-432A391549C8-LeaderElection39] INFO  impl.LeaderElection (LeaderElection.java:logAndReturn(56)) - 7e7122d9-53dc-47a8-b6b6-c87fac616c81@group-432A391549C8-LeaderElection39: Election REJECTED; received 2 response(s) [7e7122d9-53dc-47a8-b6b6-c87fac616c81<-c90420fb-507e-4f39-9d1e-d32950a26e2a#0:FAIL-t3, 7e7122d9-53dc-47a8-b6b6-c87fac616c81<-5459e257-ccbc-435a-9427-c3c16be66685#0:FAIL-t3] and 0 exception(s); 7e7122d9-53dc-47a8-b6b6-c87fac616c81@group-432A391549C8:t3, leader=null, voted=7e7122d9-53dc-47a8-b6b6-c87fac616c81, raftlog=7e7122d9-53dc-47a8-b6b6-c87fac616c81@group-432A391549C8-SegmentedRaftLog:OPENED:c-1,f-1,i0, conf=-1: [7e7122d9-53dc-47a8-b6b6-c87fac616c81:192.168.164.253:46735, c90420fb-507e-4f39-9d1e-d32950a26e2a:192.168.164.253:35682, 5459e257-ccbc-435a-9427-c3c16be66685:192.168.164.253:45469], old=null
2019-10-20 18:39:36,504 [7e7122d9-53dc-47a8-b6b6-c87fac616c81@group-432A391549C8-LeaderElection39] INFO  impl.RaftServerImpl (RaftServerImpl.java:setRole(184)) - 7e7122d9-53dc-47a8-b6b6-c87fac616c81@group-432A391549C8: changes role from CANDIDATE to FOLLOWER at term 3 for DISCOVERED_A_NEW_TERM
2019-10-20 18:39:36,504 [7e7122d9-53dc-47a8-b6b6-c87fac616c81@group-432A391549C8-LeaderElection39] INFO  impl.RoleInfo (RoleInfo.java:shutdownLeaderElection(134)) - 7e7122d9-53dc-47a8-b6b6-c87fac616c81: shutdown LeaderElection
2019-10-20 18:39:36,505 [7e7122d9-53dc-47a8-b6b6-c87fac616c81@group-432A391549C8-LeaderElection39] INFO  impl.RoleInfo (RoleInfo.java:updateAndGet(143)) - 7e7122d9-53dc-47a8-b6b6-c87fac616c81: start FollowerState
2019-10-20 18:39:36,591 [Thread-832] INFO  impl.FollowerState (FollowerState.java:run(108)) - 7e7122d9-53dc-47a8-b6b6-c87fac616c81@group-8B8FE5B4B5B0-FollowerState: change to CANDIDATE, lastRpcTime:135ms, electionTimeout:135ms
2019-10-20 18:39:36,591 [Thread-832] INFO  impl.RoleInfo (RoleInfo.java:shutdownFollowerState(121)) - 7e7122d9-53dc-47a8-b6b6-c87fac616c81: shutdown FollowerState
2019-10-20 18:39:36,591 [Thread-832] INFO  impl.RaftServerImpl (RaftServerImpl.java:setRole(184)) - 7e7122d9-53dc-47a8-b6b6-c87fac616c81@group-8B8FE5B4B5B0: changes role from  FOLLOWER to CANDIDATE at term 41 for changeToCandidate
2019-10-20 18:39:36,591 [Thread-832] INFO  impl.RoleInfo (RoleInfo.java:updateAndGet(143)) - 7e7122d9-53dc-47a8-b6b6-c87fac616c81: start LeaderElection
2019-10-20 18:39:36,613 [7e7122d9-53dc-47a8-b6b6-c87fac616c81@group-8B8FE5B4B5B0-LeaderElection40] INFO  impl.LeaderElection (LeaderElection.java:askForVotes(178)) - 7e7122d9-53dc-47a8-b6b6-c87fac616c81@group-8B8FE5B4B5B0-LeaderElection40: begin an election at term 42 for 0: [7e7122d9-53dc-47a8-b6b6-c87fac616c81:192.168.164.253:46735, c90420fb-507e-4f39-9d1e-d32950a26e2a:192.168.164.253:35682, 5459e257-ccbc-435a-9427-c3c16be66685:192.168.164.253:45469], old=null
2019-10-20 18:39:36,615 [grpc-default-executor-7] INFO  impl.RaftServerImpl (RaftServerImpl.java:setRole(184)) - c90420fb-507e-4f39-9d1e-d32950a26e2a@group-8B8FE5B4B5B0: changes role from  FOLLOWER to FOLLOWER at term 42 for recognizeCandidate:7e7122d9-53dc-47a8-b6b6-c87fac616c81
2019-10-20 18:39:36,616 [grpc-default-executor-6] INFO  impl.RaftServerImpl (RaftServerImpl.java:setRole(184)) - 5459e257-ccbc-435a-9427-c3c16be66685@group-8B8FE5B4B5B0: changes role from  FOLLOWER to FOLLOWER at term 42 for recognizeCandidate:7e7122d9-53dc-47a8-b6b6-c87fac616c81
2019-10-20 18:39:36,616 [grpc-default-executor-7] INFO  impl.RoleInfo (RoleInfo.java:shutdownFollowerState(121)) - c90420fb-507e-4f39-9d1e-d32950a26e2a: shutdown FollowerState
2019-10-20 18:39:36,616 [grpc-default-executor-6] INFO  impl.RoleInfo (RoleInfo.java:shutdownFollowerState(121)) - 5459e257-ccbc-435a-9427-c3c16be66685: shutdown FollowerState
2019-10-20 18:39:36,616 [Thread-829] INFO  impl.FollowerState (FollowerState.java:run(117)) - c90420fb-507e-4f39-9d1e-d32950a26e2a@group-8B8FE5B4B5B0-FollowerState was interrupted: java.lang.InterruptedException: sleep interrupted
2019-10-20 18:39:36,616 [grpc-default-executor-7] INFO  impl.RoleInfo (RoleInfo.java:updateAndGet(143)) - c90420fb-507e-4f39-9d1e-d32950a26e2a: start FollowerState
2019-10-20 18:39:36,616 [grpc-default-executor-6] INFO  impl.RoleInfo (RoleInfo.java:updateAndGet(143)) - 5459e257-ccbc-435a-9427-c3c16be66685: start FollowerState
2019-10-20 18:39:36,616 [Thread-830] INFO  impl.FollowerState (FollowerState.java:run(117)) - 5459e257-ccbc-435a-9427-c3c16be66685@group-8B8FE5B4B5B0-FollowerState was interrupted: java.lang.InterruptedException: sleep interrupted
2019-10-20 18:39:36,640 [7e7122d9-53dc-47a8-b6b6-c87fac616c81@group-8B8FE5B4B5B0-LeaderElection40] INFO  impl.LeaderElection (LeaderElection.java:logAndReturn(56)) - 7e7122d9-53dc-47a8-b6b6-c87fac616c81@group-8B8FE5B4B5B0-LeaderElection40: Election REJECTED; received 2 response(s) [7e7122d9-53dc-47a8-b6b6-c87fac616c81<-c90420fb-507e-4f39-9d1e-d32950a26e2a#0:FAIL-t42, 7e7122d9-53dc-47a8-b6b6-c87fac616c81<-5459e257-ccbc-435a-9427-c3c16be66685#0:FAIL-t42] and 0 exception(s); 7e7122d9-53dc-47a8-b6b6-c87fac616c81@group-8B8FE5B4B5B0:t42, leader=null, voted=7e7122d9-53dc-47a8-b6b6-c87fac616c81, raftlog=7e7122d9-53dc-47a8-b6b6-c87fac616c81@group-8B8FE5B4B5B0-SegmentedRaftLog:OPENED:c3,f4,i4, conf=0: [7e7122d9-53dc-47a8-b6b6-c87fac616c81:192.168.164.253:46735, c90420fb-507e-4f39-9d1e-d32950a26e2a:192.168.164.253:35682, 5459e257-ccbc-435a-9427-c3c16be66685:192.168.164.253:45469], old=null
2019-10-20 18:39:36,640 [7e7122d9-53dc-47a8-b6b6-c87fac616c81@group-8B8FE5B4B5B0-LeaderElection40] INFO  impl.RaftServerImpl (RaftServerImpl.java:setRole(184)) - 7e7122d9-53dc-47a8-b6b6-c87fac616c81@group-8B8FE5B4B5B0: changes role from CANDIDATE to FOLLOWER at term 42 for DISCOVERED_A_NEW_TERM
2019-10-20 18:39:36,640 [7e7122d9-53dc-47a8-b6b6-c87fac616c81@group-8B8FE5B4B5B0-LeaderElection40] INFO  impl.RoleInfo (RoleInfo.java:shutdownLeaderElection(134)) - 7e7122d9-53dc-47a8-b6b6-c87fac616c81: shutdown LeaderElection
2019-10-20 18:39:36,640 [7e7122d9-53dc-47a8-b6b6-c87fac616c81@group-8B8FE5B4B5B0-LeaderElection40] INFO  impl.RoleInfo (RoleInfo.java:updateAndGet(143)) - 7e7122d9-53dc-47a8-b6b6-c87fac616c81: start FollowerState
2019-10-20 18:39:36,677 [Thread-837] INFO  impl.FollowerState (FollowerState.java:run(108)) - 7e7122d9-53dc-47a8-b6b6-c87fac616c81@group-432A391549C8-FollowerState: change to CANDIDATE, lastRpcTime:172ms, electionTimeout:172ms
2019-10-20 18:39:36,677 [Thread-837] INFO  impl.RoleInfo (RoleInfo.java:shutdownFollowerState(121)) - 7e7122d9-53dc-47a8-b6b6-c87fac616c81: shutdown FollowerState
2019-10-20 18:39:36,677 [Thread-837] INFO  impl.RaftServerImpl (RaftServerImpl.java:setRole(184)) - 7e7122d9-53dc-47a8-b6b6-c87fac616c81@group-432A391549C8: changes role from  FOLLOWER to CANDIDATE at term 3 for changeToCandidate
2019-10-20 18:39:36,678 [Thread-837] INFO  impl.RoleInfo (RoleInfo.java:updateAndGet(143)) - 7e7122d9-53dc-47a8-b6b6-c87fac616c81: start LeaderElection
2019-10-20 18:39:36,706 [7e7122d9-53dc-47a8-b6b6-c87fac616c81@group-432A391549C8-LeaderElection41] INFO  impl.LeaderElection (LeaderElection.java:askForVotes(178)) - 7e7122d9-53dc-47a8-b6b6-c87fac616c81@group-432A391549C8-LeaderElection41: begin an election at term 4 for -1: [7e7122d9-53dc-47a8-b6b6-c87fac616c81:192.168.164.253:46735, c90420fb-507e-4f39-9d1e-d32950a26e2a:192.168.164.253:35682, 5459e257-ccbc-435a-9427-c3c16be66685:192.168.164.253:45469], old=null
2019-10-20 18:39:36,708 [grpc-default-executor-6] INFO  impl.RaftServerImpl (RaftServerImpl.java:setRole(184)) - c90420fb-507e-4f39-9d1e-d32950a26e2a@group-432A391549C8: changes role from  FOLLOWER to FOLLOWER at term 4 for recognizeCandidate:7e7122d9-53dc-47a8-b6b6-c87fac616c81
2019-10-20 18:39:36,708 [grpc-default-executor-7] INFO  impl.RaftServerImpl (RaftServerImpl.java:setRole(184)) - 5459e257-ccbc-435a-9427-c3c16be66685@group-432A391549C8: changes role from  FOLLOWER to FOLLOWER at term 4 for recognizeCandidate:7e7122d9-53dc-47a8-b6b6-c87fac616c81
2019-10-20 18:39:36,709 [grpc-default-executor-6] INFO  impl.RoleInfo (RoleInfo.java:shutdownFollowerState(121)) - c90420fb-507e-4f39-9d1e-d32950a26e2a: shutdown FollowerState
2019-10-20 18:39:36,709 [grpc-default-executor-7] INFO  impl.RoleInfo (RoleInfo.java:shutdownFollowerState(121)) - 5459e257-ccbc-435a-9427-c3c16be66685: shutdown FollowerState
2019-10-20 18:39:36,709 [Thread-836] INFO  impl.FollowerState (FollowerState.java:run(117)) - c90420fb-507e-4f39-9d1e-d32950a26e2a@group-432A391549C8-FollowerState was interrupted: java.lang.InterruptedException: sleep interrupted
2019-10-20 18:39:36,709 [grpc-default-executor-6] INFO  impl.RoleInfo (RoleInfo.java:updateAndGet(143)) - c90420fb-507e-4f39-9d1e-d32950a26e2a: start FollowerState
2019-10-20 18:39:36,709 [Thread-835] INFO  impl.FollowerState (FollowerState.java:run(117)) - 5459e257-ccbc-435a-9427-c3c16be66685@group-432A391549C8-FollowerState was interrupted: java.lang.InterruptedException: sleep interrupted
2019-10-20 18:39:36,709 [grpc-default-executor-7] INFO  impl.RoleInfo (RoleInfo.java:updateAndGet(143)) - 5459e257-ccbc-435a-9427-c3c16be66685: start FollowerState
2019-10-20 18:39:36,732 [7e7122d9-53dc-47a8-b6b6-c87fac616c81@group-432A391549C8-LeaderElection41] INFO  impl.LeaderElection (LeaderElection.java:logAndReturn(56)) - 7e7122d9-53dc-47a8-b6b6-c87fac616c81@group-432A391549C8-LeaderElection41: Election REJECTED; received 2 response(s) [7e7122d9-53dc-47a8-b6b6-c87fac616c81<-c90420fb-507e-4f39-9d1e-d32950a26e2a#0:FAIL-t4, 7e7122d9-53dc-47a8-b6b6-c87fac616c81<-5459e257-ccbc-435a-9427-c3c16be66685#0:FAIL-t4] and 0 exception(s); 7e7122d9-53dc-47a8-b6b6-c87fac616c81@group-432A391549C8:t4, leader=null, voted=7e7122d9-53dc-47a8-b6b6-c87fac616c81, raftlog=7e7122d9-53dc-47a8-b6b6-c87fac616c81@group-432A391549C8-SegmentedRaftLog:OPENED:c-1,f-1,i0, conf=-1: [7e7122d9-53dc-47a8-b6b6-c87fac616c81:192.168.164.253:46735, c90420fb-507e-4f39-9d1e-d32950a26e2a:192.168.164.253:35682, 5459e257-ccbc-435a-9427-c3c16be66685:192.168.164.253:45469], old=null
2019-10-20 18:39:36,732 [7e7122d9-53dc-47a8-b6b6-c87fac616c81@group-432A391549C8-LeaderElection41] INFO  impl.RaftServerImpl (RaftServerImpl.java:setRole(184)) - 7e7122d9-53dc-47a8-b6b6-c87fac616c81@group-432A391549C8: changes role from CANDIDATE to FOLLOWER at term 4 for DISCOVERED_A_NEW_TERM
2019-10-20 18:39:36,732 [7e7122d9-53dc-47a8-b6b6-c87fac616c81@group-432A391549C8-LeaderElection41] INFO  impl.RoleInfo (RoleInfo.java:shutdownLeaderElection(134)) - 7e7122d9-53dc-47a8-b6b6-c87fac616c81: shutdown LeaderElection
2019-10-20 18:39:36,733 [7e7122d9-53dc-47a8-b6b6-c87fac616c81@group-432A391549C8-LeaderElection41] INFO  impl.RoleInfo (RoleInfo.java:updateAndGet(143)) - 7e7122d9-53dc-47a8-b6b6-c87fac616c81: start FollowerState
2019-10-20 18:39:36,768 [Thread-843] INFO  impl.FollowerState (FollowerState.java:run(108)) - 7e7122d9-53dc-47a8-b6b6-c87fac616c81@group-8B8FE5B4B5B0-FollowerState: change to CANDIDATE, lastRpcTime:127ms, electionTimeout:127ms
2019-10-20 18:39:36,768 [Thread-843] INFO  impl.RoleInfo (RoleInfo.java:shutdownFollowerState(121)) - 7e7122d9-53dc-47a8-b6b6-c87fac616c81: shutdown FollowerState
2019-10-20 18:39:36,768 [Thread-843] INFO  impl.RaftServerImpl (RaftServerImpl.java:setRole(184)) - 7e7122d9-53dc-47a8-b6b6-c87fac616c81@group-8B8FE5B4B5B0: changes role from  FOLLOWER to CANDIDATE at term 42 for changeToCandidate
2019-10-20 18:39:36,768 [Thread-843] INFO  impl.RoleInfo (RoleInfo.java:updateAndGet(143)) - 7e7122d9-53dc-47a8-b6b6-c87fac616c81: start LeaderElection
2019-10-20 18:39:36,798 [7e7122d9-53dc-47a8-b6b6-c87fac616c81@group-8B8FE5B4B5B0-LeaderElection42] INFO  impl.LeaderElection (LeaderElection.java:askForVotes(178)) - 7e7122d9-53dc-47a8-b6b6-c87fac616c81@group-8B8FE5B4B5B0-LeaderElection42: begin an election at term 43 for 0: [7e7122d9-53dc-47a8-b6b6-c87fac616c81:192.168.164.253:46735, c90420fb-507e-4f39-9d1e-d32950a26e2a:192.168.164.253:35682, 5459e257-ccbc-435a-9427-c3c16be66685:192.168.164.253:45469], old=null
2019-10-20 18:39:36,802 [grpc-default-executor-7] INFO  impl.RaftServerImpl (RaftServerImpl.java:setRole(184)) - 5459e257-ccbc-435a-9427-c3c16be66685@group-8B8FE5B4B5B0: changes role from  FOLLOWER to FOLLOWER at term 43 for recognizeCandidate:7e7122d9-53dc-47a8-b6b6-c87fac616c81
2019-10-20 18:39:36,802 [grpc-default-executor-6] INFO  impl.RaftServerImpl (RaftServerImpl.java:setRole(184)) - c90420fb-507e-4f39-9d1e-d32950a26e2a@group-8B8FE5B4B5B0: changes role from  FOLLOWER to FOLLOWER at term 43 for recognizeCandidate:7e7122d9-53dc-47a8-b6b6-c87fac616c81
2019-10-20 18:39:36,802 [grpc-default-executor-7] INFO  impl.RoleInfo (RoleInfo.java:shutdownFollowerState(121)) - 5459e257-ccbc-435a-9427-c3c16be66685: shutdown FollowerState
2019-10-20 18:39:36,803 [grpc-default-executor-6] INFO  impl.RoleInfo (RoleInfo.java:shutdownFollowerState(121)) - c90420fb-507e-4f39-9d1e-d32950a26e2a: shutdown FollowerState
2019-10-20 18:39:36,803 [grpc-default-executor-7] INFO  impl.RoleInfo (RoleInfo.java:updateAndGet(143)) - 5459e257-ccbc-435a-9427-c3c16be66685: start FollowerState
2019-10-20 18:39:36,803 [Thread-842] INFO  impl.FollowerState (FollowerState.java:run(117)) - 5459e257-ccbc-435a-9427-c3c16be66685@group-8B8FE5B4B5B0-FollowerState was interrupted: java.lang.InterruptedException: sleep interrupted
2019-10-20 18:39:36,803 [Thread-841] INFO  impl.FollowerState (FollowerState.java:run(117)) - c90420fb-507e-4f39-9d1e-d32950a26e2a@group-8B8FE5B4B5B0-FollowerState was interrupted: java.lang.InterruptedException: sleep interrupted
2019-10-20 18:39:36,803 [grpc-default-executor-6] INFO  impl.RoleInfo (RoleInfo.java:updateAndGet(143)) - c90420fb-507e-4f39-9d1e-d32950a26e2a: start FollowerState
2019-10-20 18:39:36,812 [EventQueue-PendingDeleteStatusForPendingDeleteHandler] INFO  block.SCMBlockDeletingService (SCMBlockDeletingService.java:handlePendingDeletes(115)) - Block deletion txnID mismatch in datanode 7e7122d9-53dc-47a8-b6b6-c87fac616c81 for containerID 1. Datanode delete txnID: 0, SCM txnID: 1
2019-10-20 18:39:36,825 [Command processor thread] INFO  commandhandler.DeleteBlocksCommandHandler (DeleteBlocksCommandHandler.java:handle(106)) - Start to delete container blocks, TXIDs=[1(0)], numOfContainers=1, numOfBlocks=1
2019-10-20 18:39:36,825 [7e7122d9-53dc-47a8-b6b6-c87fac616c81@group-8B8FE5B4B5B0-LeaderElection42] INFO  impl.LeaderElection (LeaderElection.java:logAndReturn(56)) - 7e7122d9-53dc-47a8-b6b6-c87fac616c81@group-8B8FE5B4B5B0-LeaderElection42: Election REJECTED; received 2 response(s) [7e7122d9-53dc-47a8-b6b6-c87fac616c81<-c90420fb-507e-4f39-9d1e-d32950a26e2a#0:FAIL-t43, 7e7122d9-53dc-47a8-b6b6-c87fac616c81<-5459e257-ccbc-435a-9427-c3c16be66685#0:FAIL-t43] and 0 exception(s); 7e7122d9-53dc-47a8-b6b6-c87fac616c81@group-8B8FE5B4B5B0:t43, leader=null, voted=7e7122d9-53dc-47a8-b6b6-c87fac616c81, raftlog=7e7122d9-53dc-47a8-b6b6-c87fac616c81@group-8B8FE5B4B5B0-SegmentedRaftLog:OPENED:c3,f4,i4, conf=0: [7e7122d9-53dc-47a8-b6b6-c87fac616c81:192.168.164.253:46735, c90420fb-507e-4f39-9d1e-d32950a26e2a:192.168.164.253:35682, 5459e257-ccbc-435a-9427-c3c16be66685:192.168.164.253:45469], old=null
2019-10-20 18:39:36,826 [7e7122d9-53dc-47a8-b6b6-c87fac616c81@group-8B8FE5B4B5B0-LeaderElection42] INFO  impl.RaftServerImpl (RaftServerImpl.java:setRole(184)) - 7e7122d9-53dc-47a8-b6b6-c87fac616c81@group-8B8FE5B4B5B0: changes role from CANDIDATE to FOLLOWER at term 43 for DISCOVERED_A_NEW_TERM
2019-10-20 18:39:36,826 [7e7122d9-53dc-47a8-b6b6-c87fac616c81@group-8B8FE5B4B5B0-LeaderElection42] INFO  impl.RoleInfo (RoleInfo.java:shutdownLeaderElection(134)) - 7e7122d9-53dc-47a8-b6b6-c87fac616c81: shutdown LeaderElection
2019-10-20 18:39:36,826 [7e7122d9-53dc-47a8-b6b6-c87fac616c81@group-8B8FE5B4B5B0-LeaderElection42] INFO  impl.RoleInfo (RoleInfo.java:updateAndGet(143)) - 7e7122d9-53dc-47a8-b6b6-c87fac616c81: start FollowerState
2019-10-20 18:39:36,826 [Command processor thread] INFO  commandhandler.DeleteBlocksCommandHandler (DeleteBlocksCommandHandler.java:handle(106)) - Start to delete container blocks, TXIDs=[1(2)], numOfContainers=1, numOfBlocks=1
2019-10-20 18:39:36,827 [Command processor thread] INFO  commandhandler.DeleteBlocksCommandHandler (DeleteBlocksCommandHandler.java:handle(106)) - Start to delete container blocks, TXIDs=[1(0)], numOfContainers=1, numOfBlocks=1
2019-10-20 18:39:36,827 [Command processor thread] INFO  commandhandler.DeleteBlocksCommandHandler (DeleteBlocksCommandHandler.java:handle(106)) - Start to delete container blocks, TXIDs=[1(2)], numOfContainers=1, numOfBlocks=1
2019-10-20 18:39:36,827 [Command processor thread] INFO  commandhandler.DeleteBlocksCommandHandler (DeleteBlocksCommandHandler.java:handle(106)) - Start to delete container blocks, TXIDs=[1(4)], numOfContainers=1, numOfBlocks=1
2019-10-20 18:39:36,827 [Command processor thread] INFO  commandhandler.DeleteBlocksCommandHandler (DeleteBlocksCommandHandler.java:handle(106)) - Start to delete container blocks, TXIDs=[1(0)], numOfContainers=1, numOfBlocks=1
2019-10-20 18:39:36,827 [Command processor thread] INFO  commandhandler.DeleteBlocksCommandHandler (DeleteBlocksCommandHandler.java:handle(106)) - Start to delete container blocks, TXIDs=[1(4)], numOfContainers=1, numOfBlocks=1
2019-10-20 18:39:36,828 [Command processor thread] INFO  commandhandler.DeleteBlocksCommandHandler (DeleteBlocksCommandHandler.java:handle(106)) - Start to delete container blocks, TXIDs=[1(0)], numOfContainers=1, numOfBlocks=1
2019-10-20 18:39:36,828 [Command processor thread] INFO  commandhandler.DeleteBlocksCommandHandler (DeleteBlocksCommandHandler.java:handle(106)) - Start to delete container blocks, TXIDs=[1(2)], numOfContainers=1, numOfBlocks=1
2019-10-20 18:39:36,828 [Command processor thread] INFO  commandhandler.DeleteBlocksCommandHandler (DeleteBlocksCommandHandler.java:handle(106)) - Start to delete container blocks, TXIDs=[1(4)], numOfContainers=1, numOfBlocks=1
2019-10-20 18:39:36,828 [Command processor thread] INFO  commandhandler.DeleteBlocksCommandHandler (DeleteBlocksCommandHandler.java:handle(106)) - Start to delete container blocks, TXIDs=[1(4)], numOfContainers=1, numOfBlocks=1
2019-10-20 18:39:36,829 [Command processor thread] INFO  commandhandler.DeleteBlocksCommandHandler (DeleteBlocksCommandHandler.java:handle(106)) - Start to delete container blocks, TXIDs=[1(0)], numOfContainers=1, numOfBlocks=1
2019-10-20 18:39:36,829 [Command processor thread] INFO  commandhandler.DeleteBlocksCommandHandler (DeleteBlocksCommandHandler.java:handle(106)) - Start to delete container blocks, TXIDs=[1(4)], numOfContainers=1, numOfBlocks=1
2019-10-20 18:39:36,829 [Command processor thread] INFO  commandhandler.DeleteBlocksCommandHandler (DeleteBlocksCommandHandler.java:handle(106)) - Start to delete container blocks, TXIDs=[1(4)], numOfContainers=1, numOfBlocks=1
2019-10-20 18:39:36,829 [Command processor thread] INFO  commandhandler.DeleteBlocksCommandHandler (DeleteBlocksCommandHandler.java:handle(106)) - Start to delete container blocks, TXIDs=[1(2)], numOfContainers=1, numOfBlocks=1
2019-10-20 18:39:36,829 [Command processor thread] INFO  commandhandler.DeleteBlocksCommandHandler (DeleteBlocksCommandHandler.java:handle(106)) - Start to delete container blocks, TXIDs=[1(4)], numOfContainers=1, numOfBlocks=1
2019-10-20 18:39:36,830 [Command processor thread] INFO  commandhandler.DeleteBlocksCommandHandler (DeleteBlocksCommandHandler.java:handle(106)) - Start to delete container blocks, TXIDs=[1(4)], numOfContainers=1, numOfBlocks=1
2019-10-20 18:39:36,830 [Command processor thread] INFO  commandhandler.DeleteBlocksCommandHandler (DeleteBlocksCommandHandler.java:handle(106)) - Start to delete container blocks, TXIDs=[1(0)], numOfContainers=1, numOfBlocks=1
2019-10-20 18:39:36,830 [Command processor thread] INFO  commandhandler.DeleteBlocksCommandHandler (DeleteBlocksCommandHandler.java:handle(106)) - Start to delete container blocks, TXIDs=[1(4)], numOfContainers=1, numOfBlocks=1
2019-10-20 18:39:36,830 [Command processor thread] INFO  commandhandler.DeleteBlocksCommandHandler (DeleteBlocksCommandHandler.java:handle(106)) - Start to delete container blocks, TXIDs=[1(2)], numOfContainers=1, numOfBlocks=1
2019-10-20 18:39:36,830 [Command processor thread] INFO  commandhandler.DeleteBlocksCommandHandler (DeleteBlocksCommandHandler.java:handle(106)) - Start to delete container blocks, TXIDs=[1(4)], numOfContainers=1, numOfBlocks=1
2019-10-20 18:39:36,831 [Command processor thread] INFO  commandhandler.DeleteBlocksCommandHandler (DeleteBlocksCommandHandler.java:handle(106)) - Start to delete container blocks, TXIDs=[1(4)], numOfContainers=1, numOfBlocks=1
2019-10-20 18:39:36,831 [Command processor thread] INFO  commandhandler.DeleteBlocksCommandHandler (DeleteBlocksCommandHandler.java:handle(106)) - Start to delete container blocks, TXIDs=[1(4)], numOfContainers=1, numOfBlocks=1
2019-10-20 18:39:36,831 [Command processor thread] INFO  commandhandler.DeleteBlocksCommandHandler (DeleteBlocksCommandHandler.java:handle(106)) - Start to delete container blocks, TXIDs=[1(2)], numOfContainers=1, numOfBlocks=1
2019-10-20 18:39:36,831 [Command processor thread] INFO  commandhandler.DeleteBlocksCommandHandler (DeleteBlocksCommandHandler.java:handle(106)) - Start to delete container blocks, TXIDs=[1(4)], numOfContainers=1, numOfBlocks=1
2019-10-20 18:39:36,832 [Command processor thread] INFO  commandhandler.DeleteBlocksCommandHandler (DeleteBlocksCommandHandler.java:handle(106)) - Start to delete container blocks, TXIDs=[1(0)], numOfContainers=1, numOfBlocks=1
2019-10-20 18:39:36,832 [Command processor thread] INFO  commandhandler.DeleteBlocksCommandHandler (DeleteBlocksCommandHandler.java:handle(106)) - Start to delete container blocks, TXIDs=[1(4)], numOfContainers=1, numOfBlocks=1
2019-10-20 18:39:36,832 [Command processor thread] INFO  commandhandler.DeleteBlocksCommandHandler (DeleteBlocksCommandHandler.java:handle(106)) - Start to delete container blocks, TXIDs=[1(4)], numOfContainers=1, numOfBlocks=1
2019-10-20 18:39:36,832 [Command processor thread] INFO  commandhandler.DeleteBlocksCommandHandler (DeleteBlocksCommandHandler.java:handle(106)) - Start to delete container blocks, TXIDs=[1(4)], numOfContainers=1, numOfBlocks=1
2019-10-20 18:39:36,832 [Command processor thread] INFO  commandhandler.DeleteBlocksCommandHandler (DeleteBlocksCommandHandler.java:handle(106)) - Start to delete container blocks, TXIDs=[1(32)], numOfContainers=1, numOfBlocks=1
2019-10-20 18:39:36,833 [Command processor thread] INFO  commandhandler.DeleteBlocksCommandHandler (DeleteBlocksCommandHandler.java:handle(106)) - Start to delete container blocks, TXIDs=[1(4)], numOfContainers=1, numOfBlocks=1
2019-10-20 18:39:36,833 [Command processor thread] INFO  commandhandler.DeleteBlocksCommandHandler (DeleteBlocksCommandHandler.java:handle(106)) - Start to delete container blocks, TXIDs=[1(4)], numOfContainers=1, numOfBlocks=1
2019-10-20 18:39:36,833 [Command processor thread] INFO  commandhandler.DeleteBlocksCommandHandler (DeleteBlocksCommandHandler.java:handle(106)) - Start to delete container blocks, TXIDs=[1(0)], numOfContainers=1, numOfBlocks=1
2019-10-20 18:39:36,833 [Command processor thread] INFO  commandhandler.DeleteBlocksCommandHandler (DeleteBlocksCommandHandler.java:handle(106)) - Start to delete container blocks, TXIDs=[1(2)], numOfContainers=1, numOfBlocks=1
2019-10-20 18:39:36,833 [Command processor thread] INFO  commandhandler.DeleteBlocksCommandHandler (DeleteBlocksCommandHandler.java:handle(106)) - Start to delete container blocks, TXIDs=[1(4)], numOfContainers=1, numOfBlocks=1
2019-10-20 18:39:36,834 [Command processor thread] INFO  commandhandler.DeleteBlocksCommandHandler (DeleteBlocksCommandHandler.java:handle(106)) - Start to delete container blocks, TXIDs=[1(4)], numOfContainers=1, numOfBlocks=1
2019-10-20 18:39:36,864 [Thread-849] INFO  impl.FollowerState (FollowerState.java:run(108)) - 7e7122d9-53dc-47a8-b6b6-c87fac616c81@group-432A391549C8-FollowerState: change to CANDIDATE, lastRpcTime:131ms, electionTimeout:131ms
2019-10-20 18:39:36,864 [Thread-849] INFO  impl.RoleInfo (RoleInfo.java:shutdownFollowerState(121)) - 7e7122d9-53dc-47a8-b6b6-c87fac616c81: shutdown FollowerState
2019-10-20 18:39:36,864 [Thread-849] INFO  impl.RaftServerImpl (RaftServerImpl.java:setRole(184)) - 7e7122d9-53dc-47a8-b6b6-c87fac616c81@group-432A391549C8: changes role from  FOLLOWER to CANDIDATE at term 4 for changeToCandidate
2019-10-20 18:39:36,864 [Thread-849] INFO  impl.RoleInfo (RoleInfo.java:updateAndGet(143)) - 7e7122d9-53dc-47a8-b6b6-c87fac616c81: start LeaderElection
2019-10-20 18:39:36,874 [Thread-855] INFO  impl.FollowerState (FollowerState.java:run(108)) - 7e7122d9-53dc-47a8-b6b6-c87fac616c81@group-8B8FE5B4B5B0-FollowerState: change to CANDIDATE, lastRpcTime:48ms, electionTimeout:48ms
2019-10-20 18:39:36,875 [Thread-855] INFO  impl.RoleInfo (RoleInfo.java:shutdownFollowerState(121)) - 7e7122d9-53dc-47a8-b6b6-c87fac616c81: shutdown FollowerState
2019-10-20 18:39:36,875 [Thread-855] INFO  impl.RaftServerImpl (RaftServerImpl.java:setRole(184)) - 7e7122d9-53dc-47a8-b6b6-c87fac616c81@group-8B8FE5B4B5B0: changes role from  FOLLOWER to CANDIDATE at term 43 for changeToCandidate
2019-10-20 18:39:36,875 [Thread-855] INFO  impl.RoleInfo (RoleInfo.java:updateAndGet(143)) - 7e7122d9-53dc-47a8-b6b6-c87fac616c81: start LeaderElection
2019-10-20 18:39:36,892 [7e7122d9-53dc-47a8-b6b6-c87fac616c81@group-432A391549C8-LeaderElection43] INFO  impl.LeaderElection (LeaderElection.java:askForVotes(178)) - 7e7122d9-53dc-47a8-b6b6-c87fac616c81@group-432A391549C8-LeaderElection43: begin an election at term 5 for -1: [7e7122d9-53dc-47a8-b6b6-c87fac616c81:192.168.164.253:46735, c90420fb-507e-4f39-9d1e-d32950a26e2a:192.168.164.253:35682, 5459e257-ccbc-435a-9427-c3c16be66685:192.168.164.253:45469], old=null
2019-10-20 18:39:36,892 [7e7122d9-53dc-47a8-b6b6-c87fac616c81@group-8B8FE5B4B5B0-LeaderElection44] INFO  impl.LeaderElection (LeaderElection.java:askForVotes(178)) - 7e7122d9-53dc-47a8-b6b6-c87fac616c81@group-8B8FE5B4B5B0-LeaderElection44: begin an election at term 44 for 0: [7e7122d9-53dc-47a8-b6b6-c87fac616c81:192.168.164.253:46735, c90420fb-507e-4f39-9d1e-d32950a26e2a:192.168.164.253:35682, 5459e257-ccbc-435a-9427-c3c16be66685:192.168.164.253:45469], old=null
2019-10-20 18:39:36,894 [grpc-default-executor-6] INFO  impl.RaftServerImpl (RaftServerImpl.java:setRole(184)) - c90420fb-507e-4f39-9d1e-d32950a26e2a@group-432A391549C8: changes role from  FOLLOWER to FOLLOWER at term 5 for recognizeCandidate:7e7122d9-53dc-47a8-b6b6-c87fac616c81
2019-10-20 18:39:36,894 [grpc-default-executor-6] INFO  impl.RoleInfo (RoleInfo.java:shutdownFollowerState(121)) - c90420fb-507e-4f39-9d1e-d32950a26e2a: shutdown FollowerState
2019-10-20 18:39:36,895 [grpc-default-executor-5] INFO  impl.RaftServerImpl (RaftServerImpl.java:setRole(184)) - 5459e257-ccbc-435a-9427-c3c16be66685@group-8B8FE5B4B5B0: changes role from  FOLLOWER to FOLLOWER at term 44 for recognizeCandidate:7e7122d9-53dc-47a8-b6b6-c87fac616c81
2019-10-20 18:39:36,895 [grpc-default-executor-7] INFO  impl.RaftServerImpl (RaftServerImpl.java:setRole(184)) - c90420fb-507e-4f39-9d1e-d32950a26e2a@group-8B8FE5B4B5B0: changes role from  FOLLOWER to FOLLOWER at term 44 for recognizeCandidate:7e7122d9-53dc-47a8-b6b6-c87fac616c81
2019-10-20 18:39:36,895 [grpc-default-executor-5] INFO  impl.RoleInfo (RoleInfo.java:shutdownFollowerState(121)) - 5459e257-ccbc-435a-9427-c3c16be66685: shutdown FollowerState
2019-10-20 18:39:36,895 [Thread-847] INFO  impl.FollowerState (FollowerState.java:run(117)) - c90420fb-507e-4f39-9d1e-d32950a26e2a@group-432A391549C8-FollowerState was interrupted: java.lang.InterruptedException: sleep interrupted
2019-10-20 18:39:36,895 [grpc-default-executor-6] INFO  impl.RoleInfo (RoleInfo.java:updateAndGet(143)) - c90420fb-507e-4f39-9d1e-d32950a26e2a: start FollowerState
2019-10-20 18:39:36,895 [grpc-default-executor-3] INFO  impl.RaftServerImpl (RaftServerImpl.java:setRole(184)) - 5459e257-ccbc-435a-9427-c3c16be66685@group-432A391549C8: changes role from  FOLLOWER to FOLLOWER at term 5 for recognizeCandidate:7e7122d9-53dc-47a8-b6b6-c87fac616c81
2019-10-20 18:39:36,896 [grpc-default-executor-3] INFO  impl.RoleInfo (RoleInfo.java:shutdownFollowerState(121)) - 5459e257-ccbc-435a-9427-c3c16be66685: shutdown FollowerState
2019-10-20 18:39:36,895 [Thread-853] INFO  impl.FollowerState (FollowerState.java:run(117)) - 5459e257-ccbc-435a-9427-c3c16be66685@group-8B8FE5B4B5B0-FollowerState was interrupted: java.lang.InterruptedException: sleep interrupted
2019-10-20 18:39:36,896 [grpc-default-executor-3] INFO  impl.RoleInfo (RoleInfo.java:updateAndGet(143)) - 5459e257-ccbc-435a-9427-c3c16be66685: start FollowerState
2019-10-20 18:39:36,895 [grpc-default-executor-5] INFO  impl.RoleInfo (RoleInfo.java:updateAndGet(143)) - 5459e257-ccbc-435a-9427-c3c16be66685: start FollowerState
2019-10-20 18:39:36,895 [grpc-default-executor-7] INFO  impl.RoleInfo (RoleInfo.java:shutdownFollowerState(121)) - c90420fb-507e-4f39-9d1e-d32950a26e2a: shutdown FollowerState
2019-10-20 18:39:36,896 [Thread-848] INFO  impl.FollowerState (FollowerState.java:run(117)) - 5459e257-ccbc-435a-9427-c3c16be66685@group-432A391549C8-FollowerState was interrupted: java.lang.InterruptedException: sleep interrupted
2019-10-20 18:39:36,897 [Thread-854] INFO  impl.FollowerState (FollowerState.java:run(117)) - c90420fb-507e-4f39-9d1e-d32950a26e2a@group-8B8FE5B4B5B0-FollowerState was interrupted: java.lang.InterruptedException: sleep interrupted
2019-10-20 18:39:36,897 [grpc-default-executor-7] INFO  impl.RoleInfo (RoleInfo.java:updateAndGet(143)) - c90420fb-507e-4f39-9d1e-d32950a26e2a: start FollowerState
2019-10-20 18:39:36,918 [7e7122d9-53dc-47a8-b6b6-c87fac616c81@group-8B8FE5B4B5B0-LeaderElection44] INFO  impl.LeaderElection (LeaderElection.java:logAndReturn(56)) - 7e7122d9-53dc-47a8-b6b6-c87fac616c81@group-8B8FE5B4B5B0-LeaderElection44: Election REJECTED; received 2 response(s) [7e7122d9-53dc-47a8-b6b6-c87fac616c81<-c90420fb-507e-4f39-9d1e-d32950a26e2a#0:FAIL-t44, 7e7122d9-53dc-47a8-b6b6-c87fac616c81<-5459e257-ccbc-435a-9427-c3c16be66685#0:FAIL-t44] and 0 exception(s); 7e7122d9-53dc-47a8-b6b6-c87fac616c81@group-8B8FE5B4B5B0:t44, leader=null, voted=7e7122d9-53dc-47a8-b6b6-c87fac616c81, raftlog=7e7122d9-53dc-47a8-b6b6-c87fac616c81@group-8B8FE5B4B5B0-SegmentedRaftLog:OPENED:c3,f4,i4, conf=0: [7e7122d9-53dc-47a8-b6b6-c87fac616c81:192.168.164.253:46735, c90420fb-507e-4f39-9d1e-d32950a26e2a:192.168.164.253:35682, 5459e257-ccbc-435a-9427-c3c16be66685:192.168.164.253:45469], old=null
2019-10-20 18:39:36,919 [7e7122d9-53dc-47a8-b6b6-c87fac616c81@group-432A391549C8-LeaderElection43] INFO  impl.LeaderElection (LeaderElection.java:logAndReturn(56)) - 7e7122d9-53dc-47a8-b6b6-c87fac616c81@group-432A391549C8-LeaderElection43: Election REJECTED; received 2 response(s) [7e7122d9-53dc-47a8-b6b6-c87fac616c81<-c90420fb-507e-4f39-9d1e-d32950a26e2a#0:FAIL-t5, 7e7122d9-53dc-47a8-b6b6-c87fac616c81<-5459e257-ccbc-435a-9427-c3c16be66685#0:FAIL-t5] and 0 exception(s); 7e7122d9-53dc-47a8-b6b6-c87fac616c81@group-432A391549C8:t5, leader=null, voted=7e7122d9-53dc-47a8-b6b6-c87fac616c81, raftlog=7e7122d9-53dc-47a8-b6b6-c87fac616c81@group-432A391549C8-SegmentedRaftLog:OPENED:c-1,f-1,i0, conf=-1: [7e7122d9-53dc-47a8-b6b6-c87fac616c81:192.168.164.253:46735, c90420fb-507e-4f39-9d1e-d32950a26e2a:192.168.164.253:35682, 5459e257-ccbc-435a-9427-c3c16be66685:192.168.164.253:45469], old=null
2019-10-20 18:39:36,919 [7e7122d9-53dc-47a8-b6b6-c87fac616c81@group-8B8FE5B4B5B0-LeaderElection44] INFO  impl.RaftServerImpl (RaftServerImpl.java:setRole(184)) - 7e7122d9-53dc-47a8-b6b6-c87fac616c81@group-8B8FE5B4B5B0: changes role from CANDIDATE to FOLLOWER at term 44 for DISCOVERED_A_NEW_TERM
2019-10-20 18:39:36,919 [7e7122d9-53dc-47a8-b6b6-c87fac616c81@group-432A391549C8-LeaderElection43] INFO  impl.RaftServerImpl (RaftServerImpl.java:setRole(184)) - 7e7122d9-53dc-47a8-b6b6-c87fac616c81@group-432A391549C8: changes role from CANDIDATE to FOLLOWER at term 5 for DISCOVERED_A_NEW_TERM
2019-10-20 18:39:36,919 [7e7122d9-53dc-47a8-b6b6-c87fac616c81@group-8B8FE5B4B5B0-LeaderElection44] INFO  impl.RoleInfo (RoleInfo.java:shutdownLeaderElection(134)) - 7e7122d9-53dc-47a8-b6b6-c87fac616c81: shutdown LeaderElection
2019-10-20 18:39:36,919 [7e7122d9-53dc-47a8-b6b6-c87fac616c81@group-432A391549C8-LeaderElection43] INFO  impl.RoleInfo (RoleInfo.java:shutdownLeaderElection(134)) - 7e7122d9-53dc-47a8-b6b6-c87fac616c81: shutdown LeaderElection
2019-10-20 18:39:36,919 [7e7122d9-53dc-47a8-b6b6-c87fac616c81@group-8B8FE5B4B5B0-LeaderElection44] INFO  impl.RoleInfo (RoleInfo.java:updateAndGet(143)) - 7e7122d9-53dc-47a8-b6b6-c87fac616c81: start FollowerState
2019-10-20 18:39:36,919 [7e7122d9-53dc-47a8-b6b6-c87fac616c81@group-432A391549C8-LeaderElection43] INFO  impl.RoleInfo (RoleInfo.java:updateAndGet(143)) - 7e7122d9-53dc-47a8-b6b6-c87fac616c81: start FollowerState
2019-10-20 18:39:37,030 [EventQueue-DeleteBlockStatusForDeletedBlockLogImpl] WARN  block.DeletedBlockLogImpl (DeletedBlockLogImpl.java:commitTransactions(205)) - Transaction txId=1 commit by dnId=7e7122d9-53dc-47a8-b6b6-c87fac616c81 for containerID=#1 failed. Corresponding entry not found.
2019-10-20 18:39:37,030 [EventQueue-DeleteBlockStatusForDeletedBlockLogImpl] WARN  block.DeletedBlockLogImpl (DeletedBlockLogImpl.java:commitTransactions(205)) - Transaction txId=1 commit by dnId=7e7122d9-53dc-47a8-b6b6-c87fac616c81 for containerID=#1 failed. Corresponding entry not found.
2019-10-20 18:39:37,030 [EventQueue-DeleteBlockStatusForDeletedBlockLogImpl] WARN  block.DeletedBlockLogImpl (DeletedBlockLogImpl.java:commitTransactions(205)) - Transaction txId=1 commit by dnId=7e7122d9-53dc-47a8-b6b6-c87fac616c81 for containerID=#1 failed. Corresponding entry not found.
2019-10-20 18:39:37,030 [EventQueue-DeleteBlockStatusForDeletedBlockLogImpl] WARN  block.DeletedBlockLogImpl (DeletedBlockLogImpl.java:commitTransactions(205)) - Transaction txId=1 commit by dnId=7e7122d9-53dc-47a8-b6b6-c87fac616c81 for containerID=#1 failed. Corresponding entry not found.
2019-10-20 18:39:37,031 [EventQueue-DeleteBlockStatusForDeletedBlockLogImpl] WARN  block.DeletedBlockLogImpl (DeletedBlockLogImpl.java:commitTransactions(205)) - Transaction txId=1 commit by dnId=7e7122d9-53dc-47a8-b6b6-c87fac616c81 for containerID=#1 failed. Corresponding entry not found.
2019-10-20 18:39:37,031 [EventQueue-DeleteBlockStatusForDeletedBlockLogImpl] WARN  block.DeletedBlockLogImpl (DeletedBlockLogImpl.java:commitTransactions(205)) - Transaction txId=1 commit by dnId=7e7122d9-53dc-47a8-b6b6-c87fac616c81 for containerID=#1 failed. Corresponding entry not found.
2019-10-20 18:39:37,031 [EventQueue-DeleteBlockStatusForDeletedBlockLogImpl] WARN  block.DeletedBlockLogImpl (DeletedBlockLogImpl.java:commitTransactions(205)) - Transaction txId=1 commit by dnId=7e7122d9-53dc-47a8-b6b6-c87fac616c81 for containerID=#1 failed. Corresponding entry not found.
2019-10-20 18:39:37,107 [BlockDeletingService#2] WARN  background.BlockDeletingService (BlockDeletingService.java:isDeletionAllowed(187)) - Close Container log Index 6 is not replicated across allthe servers in the pipeline e053cdee-5b19-4be2-866a-8b8fe5b4b5b0 as the min replicated index is 4. Deletion is not allowed in this container yet.
2019-10-20 18:39:37,109 [Thread-868] INFO  impl.FollowerState (FollowerState.java:run(108)) - 7e7122d9-53dc-47a8-b6b6-c87fac616c81@group-432A391549C8-FollowerState: change to CANDIDATE, lastRpcTime:189ms, electionTimeout:189ms
2019-10-20 18:39:37,109 [Thread-868] INFO  impl.RoleInfo (RoleInfo.java:shutdownFollowerState(121)) - 7e7122d9-53dc-47a8-b6b6-c87fac616c81: shutdown FollowerState
2019-10-20 18:39:37,109 [Thread-868] INFO  impl.RaftServerImpl (RaftServerImpl.java:setRole(184)) - 7e7122d9-53dc-47a8-b6b6-c87fac616c81@group-432A391549C8: changes role from  FOLLOWER to CANDIDATE at term 5 for changeToCandidate
2019-10-20 18:39:37,109 [Thread-868] INFO  impl.RoleInfo (RoleInfo.java:updateAndGet(143)) - 7e7122d9-53dc-47a8-b6b6-c87fac616c81: start LeaderElection
2019-10-20 18:39:37,111 [BlockDeletingService#2] WARN  background.BlockDeletingService (BlockDeletingService.java:isDeletionAllowed(187)) - Close Container log Index 6 is not replicated across allthe servers in the pipeline e053cdee-5b19-4be2-866a-8b8fe5b4b5b0 as the min replicated index is 4. Deletion is not allowed in this container yet.
2019-10-20 18:39:37,118 [Thread-867] INFO  impl.FollowerState (FollowerState.java:run(108)) - 7e7122d9-53dc-47a8-b6b6-c87fac616c81@group-8B8FE5B4B5B0-FollowerState: change to CANDIDATE, lastRpcTime:198ms, electionTimeout:198ms
2019-10-20 18:39:37,118 [Thread-867] INFO  impl.RoleInfo (RoleInfo.java:shutdownFollowerState(121)) - 7e7122d9-53dc-47a8-b6b6-c87fac616c81: shutdown FollowerState
2019-10-20 18:39:37,118 [Thread-867] INFO  impl.RaftServerImpl (RaftServerImpl.java:setRole(184)) - 7e7122d9-53dc-47a8-b6b6-c87fac616c81@group-8B8FE5B4B5B0: changes role from  FOLLOWER to CANDIDATE at term 44 for changeToCandidate
2019-10-20 18:39:37,118 [Thread-867] INFO  impl.RoleInfo (RoleInfo.java:updateAndGet(143)) - 7e7122d9-53dc-47a8-b6b6-c87fac616c81: start LeaderElection
2019-10-20 18:39:37,136 [7e7122d9-53dc-47a8-b6b6-c87fac616c81@group-8B8FE5B4B5B0-LeaderElection46] INFO  impl.LeaderElection (LeaderElection.java:askForVotes(178)) - 7e7122d9-53dc-47a8-b6b6-c87fac616c81@group-8B8FE5B4B5B0-LeaderElection46: begin an election at term 45 for 0: [7e7122d9-53dc-47a8-b6b6-c87fac616c81:192.168.164.253:46735, c90420fb-507e-4f39-9d1e-d32950a26e2a:192.168.164.253:35682, 5459e257-ccbc-435a-9427-c3c16be66685:192.168.164.253:45469], old=null
2019-10-20 18:39:37,136 [7e7122d9-53dc-47a8-b6b6-c87fac616c81@group-432A391549C8-LeaderElection45] INFO  impl.LeaderElection (LeaderElection.java:askForVotes(178)) - 7e7122d9-53dc-47a8-b6b6-c87fac616c81@group-432A391549C8-LeaderElection45: begin an election at term 6 for -1: [7e7122d9-53dc-47a8-b6b6-c87fac616c81:192.168.164.253:46735, c90420fb-507e-4f39-9d1e-d32950a26e2a:192.168.164.253:35682, 5459e257-ccbc-435a-9427-c3c16be66685:192.168.164.253:45469], old=null
2019-10-20 18:39:37,142 [grpc-default-executor-7] INFO  impl.RaftServerImpl (RaftServerImpl.java:setRole(184)) - c90420fb-507e-4f39-9d1e-d32950a26e2a@group-8B8FE5B4B5B0: changes role from  FOLLOWER to FOLLOWER at term 45 for recognizeCandidate:7e7122d9-53dc-47a8-b6b6-c87fac616c81
2019-10-20 18:39:37,142 [grpc-default-executor-6] INFO  impl.RaftServerImpl (RaftServerImpl.java:setRole(184)) - c90420fb-507e-4f39-9d1e-d32950a26e2a@group-432A391549C8: changes role from  FOLLOWER to FOLLOWER at term 6 for recognizeCandidate:7e7122d9-53dc-47a8-b6b6-c87fac616c81
2019-10-20 18:39:37,142 [grpc-default-executor-6] INFO  impl.RoleInfo (RoleInfo.java:shutdownFollowerState(121)) - c90420fb-507e-4f39-9d1e-d32950a26e2a: shutdown FollowerState
2019-10-20 18:39:37,142 [grpc-default-executor-5] INFO  impl.RaftServerImpl (RaftServerImpl.java:setRole(184)) - 5459e257-ccbc-435a-9427-c3c16be66685@group-8B8FE5B4B5B0: changes role from  FOLLOWER to FOLLOWER at term 45 for recognizeCandidate:7e7122d9-53dc-47a8-b6b6-c87fac616c81
2019-10-20 18:39:37,142 [grpc-default-executor-7] INFO  impl.RoleInfo (RoleInfo.java:shutdownFollowerState(121)) - c90420fb-507e-4f39-9d1e-d32950a26e2a: shutdown FollowerState
2019-10-20 18:39:37,142 [grpc-default-executor-5] INFO  impl.RoleInfo (RoleInfo.java:shutdownFollowerState(121)) - 5459e257-ccbc-435a-9427-c3c16be66685: shutdown FollowerState
2019-10-20 18:39:37,142 [Thread-863] INFO  impl.FollowerState (FollowerState.java:run(117)) - c90420fb-507e-4f39-9d1e-d32950a26e2a@group-432A391549C8-FollowerState was interrupted: java.lang.InterruptedException: sleep interrupted
2019-10-20 18:39:37,142 [grpc-default-executor-3] INFO  impl.RaftServerImpl (RaftServerImpl.java:setRole(184)) - 5459e257-ccbc-435a-9427-c3c16be66685@group-432A391549C8: changes role from  FOLLOWER to FOLLOWER at term 6 for recognizeCandidate:7e7122d9-53dc-47a8-b6b6-c87fac616c81
2019-10-20 18:39:37,143 [grpc-default-executor-3] INFO  impl.RoleInfo (RoleInfo.java:shutdownFollowerState(121)) - 5459e257-ccbc-435a-9427-c3c16be66685: shutdown FollowerState
2019-10-20 18:39:37,142 [grpc-default-executor-6] INFO  impl.RoleInfo (RoleInfo.java:updateAndGet(143)) - c90420fb-507e-4f39-9d1e-d32950a26e2a: start FollowerState
2019-10-20 18:39:37,143 [grpc-default-executor-3] INFO  impl.RoleInfo (RoleInfo.java:updateAndGet(143)) - 5459e257-ccbc-435a-9427-c3c16be66685: start FollowerState
2019-10-20 18:39:37,143 [Thread-865] INFO  impl.FollowerState (FollowerState.java:run(117)) - 5459e257-ccbc-435a-9427-c3c16be66685@group-432A391549C8-FollowerState was interrupted: java.lang.InterruptedException: sleep interrupted
2019-10-20 18:39:37,143 [Thread-881] INFO  client.GrpcClientProtocolService (GrpcClientProtocolService.java:lambda$processClientRequest$0(278)) - Failed RaftClientRequest:client-33348DE3F0EA->c90420fb-507e-4f39-9d1e-d32950a26e2a@group-8B8FE5B4B5B0, cid=10, seq=0, Watch-ALL_COMMITTED(6), Message:<EMPTY>, reply=RaftClientReply:client-33348DE3F0EA->c90420fb-507e-4f39-9d1e-d32950a26e2a@group-8B8FE5B4B5B0, cid=10, FAILED org.apache.ratis.protocol.NotLeaderException: Server c90420fb-507e-4f39-9d1e-d32950a26e2a@group-8B8FE5B4B5B0 is not the leader, logIndex=0, commits[c90420fb-507e-4f39-9d1e-d32950a26e2a:c10, 7e7122d9-53dc-47a8-b6b6-c87fac616c81:c4, 5459e257-ccbc-435a-9427-c3c16be66685:c10]
2019-10-20 18:39:37,143 [Thread-864] INFO  impl.FollowerState (FollowerState.java:run(117)) - 5459e257-ccbc-435a-9427-c3c16be66685@group-8B8FE5B4B5B0-FollowerState was interrupted: java.lang.InterruptedException: sleep interrupted
2019-10-20 18:39:37,143 [grpc-default-executor-5] INFO  impl.RoleInfo (RoleInfo.java:updateAndGet(143)) - 5459e257-ccbc-435a-9427-c3c16be66685: start FollowerState
2019-10-20 18:39:37,143 [grpc-default-executor-7] INFO  impl.RoleInfo (RoleInfo.java:updateAndGet(143)) - c90420fb-507e-4f39-9d1e-d32950a26e2a: start FollowerState
2019-10-20 18:39:37,143 [Thread-866] INFO  impl.FollowerState (FollowerState.java:run(117)) - c90420fb-507e-4f39-9d1e-d32950a26e2a@group-8B8FE5B4B5B0-FollowerState was interrupted: java.lang.InterruptedException: sleep interrupted
2019-10-20 18:39:37,145 [7e7122d9-53dc-47a8-b6b6-c87fac616c81@group-432A391549C8-LeaderElection45] INFO  impl.LeaderElection (LeaderElection.java:logAndReturn(56)) - 7e7122d9-53dc-47a8-b6b6-c87fac616c81@group-432A391549C8-LeaderElection45: Election TIMEOUT; received 0 response(s) [] and 0 exception(s); 7e7122d9-53dc-47a8-b6b6-c87fac616c81@group-432A391549C8:t6, leader=null, voted=7e7122d9-53dc-47a8-b6b6-c87fac616c81, raftlog=7e7122d9-53dc-47a8-b6b6-c87fac616c81@group-432A391549C8-SegmentedRaftLog:OPENED:c-1,f-1,i0, conf=-1: [7e7122d9-53dc-47a8-b6b6-c87fac616c81:192.168.164.253:46735, c90420fb-507e-4f39-9d1e-d32950a26e2a:192.168.164.253:35682, 5459e257-ccbc-435a-9427-c3c16be66685:192.168.164.253:45469], old=null
2019-10-20 18:39:37,170 [7e7122d9-53dc-47a8-b6b6-c87fac616c81@group-432A391549C8-LeaderElection45] INFO  impl.LeaderElection (LeaderElection.java:askForVotes(178)) - 7e7122d9-53dc-47a8-b6b6-c87fac616c81@group-432A391549C8-LeaderElection45: begin an election at term 7 for -1: [7e7122d9-53dc-47a8-b6b6-c87fac616c81:192.168.164.253:46735, c90420fb-507e-4f39-9d1e-d32950a26e2a:192.168.164.253:35682, 5459e257-ccbc-435a-9427-c3c16be66685:192.168.164.253:45469], old=null
2019-10-20 18:39:37,171 [7e7122d9-53dc-47a8-b6b6-c87fac616c81@group-8B8FE5B4B5B0-LeaderElection46] INFO  impl.LeaderElection (LeaderElection.java:logAndReturn(56)) - 7e7122d9-53dc-47a8-b6b6-c87fac616c81@group-8B8FE5B4B5B0-LeaderElection46: Election REJECTED; received 2 response(s) [7e7122d9-53dc-47a8-b6b6-c87fac616c81<-c90420fb-507e-4f39-9d1e-d32950a26e2a#0:FAIL-t45, 7e7122d9-53dc-47a8-b6b6-c87fac616c81<-5459e257-ccbc-435a-9427-c3c16be66685#0:FAIL-t45] and 0 exception(s); 7e7122d9-53dc-47a8-b6b6-c87fac616c81@group-8B8FE5B4B5B0:t45, leader=null, voted=7e7122d9-53dc-47a8-b6b6-c87fac616c81, raftlog=7e7122d9-53dc-47a8-b6b6-c87fac616c81@group-8B8FE5B4B5B0-SegmentedRaftLog:OPENED:c3,f4,i4, conf=0: [7e7122d9-53dc-47a8-b6b6-c87fac616c81:192.168.164.253:46735, c90420fb-507e-4f39-9d1e-d32950a26e2a:192.168.164.253:35682, 5459e257-ccbc-435a-9427-c3c16be66685:192.168.164.253:45469], old=null
2019-10-20 18:39:37,172 [7e7122d9-53dc-47a8-b6b6-c87fac616c81@group-8B8FE5B4B5B0-LeaderElection46] INFO  impl.RaftServerImpl (RaftServerImpl.java:setRole(184)) - 7e7122d9-53dc-47a8-b6b6-c87fac616c81@group-8B8FE5B4B5B0: changes role from CANDIDATE to FOLLOWER at term 45 for DISCOVERED_A_NEW_TERM
2019-10-20 18:39:37,172 [7e7122d9-53dc-47a8-b6b6-c87fac616c81@group-8B8FE5B4B5B0-LeaderElection46] INFO  impl.RoleInfo (RoleInfo.java:shutdownLeaderElection(134)) - 7e7122d9-53dc-47a8-b6b6-c87fac616c81: shutdown LeaderElection
2019-10-20 18:39:37,172 [7e7122d9-53dc-47a8-b6b6-c87fac616c81@group-8B8FE5B4B5B0-LeaderElection46] INFO  impl.RoleInfo (RoleInfo.java:updateAndGet(143)) - 7e7122d9-53dc-47a8-b6b6-c87fac616c81: start FollowerState
2019-10-20 18:39:37,173 [grpc-default-executor-3] INFO  impl.RaftServerImpl (RaftServerImpl.java:setRole(184)) - c90420fb-507e-4f39-9d1e-d32950a26e2a@group-432A391549C8: changes role from  FOLLOWER to FOLLOWER at term 7 for recognizeCandidate:7e7122d9-53dc-47a8-b6b6-c87fac616c81
2019-10-20 18:39:37,173 [grpc-default-executor-7] INFO  impl.RaftServerImpl (RaftServerImpl.java:setRole(184)) - 5459e257-ccbc-435a-9427-c3c16be66685@group-432A391549C8: changes role from  FOLLOWER to FOLLOWER at term 7 for recognizeCandidate:7e7122d9-53dc-47a8-b6b6-c87fac616c81
2019-10-20 18:39:37,173 [grpc-default-executor-3] INFO  impl.RoleInfo (RoleInfo.java:shutdownFollowerState(121)) - c90420fb-507e-4f39-9d1e-d32950a26e2a: shutdown FollowerState
2019-10-20 18:39:37,173 [grpc-default-executor-7] INFO  impl.RoleInfo (RoleInfo.java:shutdownFollowerState(121)) - 5459e257-ccbc-435a-9427-c3c16be66685: shutdown FollowerState
2019-10-20 18:39:37,173 [Thread-878] INFO  impl.FollowerState (FollowerState.java:run(117)) - c90420fb-507e-4f39-9d1e-d32950a26e2a@group-432A391549C8-FollowerState was interrupted: java.lang.InterruptedException: sleep interrupted
2019-10-20 18:39:37,173 [grpc-default-executor-3] INFO  impl.RoleInfo (RoleInfo.java:updateAndGet(143)) - c90420fb-507e-4f39-9d1e-d32950a26e2a: start FollowerState
2019-10-20 18:39:37,173 [Thread-882] INFO  impl.FollowerState (FollowerState.java:run(117)) - 5459e257-ccbc-435a-9427-c3c16be66685@group-432A391549C8-FollowerState was interrupted: java.lang.InterruptedException: sleep interrupted
2019-10-20 18:39:37,173 [grpc-default-executor-7] INFO  impl.RoleInfo (RoleInfo.java:updateAndGet(143)) - 5459e257-ccbc-435a-9427-c3c16be66685: start FollowerState
2019-10-20 18:39:37,197 [7e7122d9-53dc-47a8-b6b6-c87fac616c81@group-432A391549C8-LeaderElection45] INFO  impl.LeaderElection (LeaderElection.java:logAndReturn(56)) - 7e7122d9-53dc-47a8-b6b6-c87fac616c81@group-432A391549C8-LeaderElection45: Election REJECTED; received 2 response(s) [7e7122d9-53dc-47a8-b6b6-c87fac616c81<-c90420fb-507e-4f39-9d1e-d32950a26e2a#0:FAIL-t7, 7e7122d9-53dc-47a8-b6b6-c87fac616c81<-5459e257-ccbc-435a-9427-c3c16be66685#0:FAIL-t7] and 0 exception(s); 7e7122d9-53dc-47a8-b6b6-c87fac616c81@group-432A391549C8:t7, leader=null, voted=7e7122d9-53dc-47a8-b6b6-c87fac616c81, raftlog=7e7122d9-53dc-47a8-b6b6-c87fac616c81@group-432A391549C8-SegmentedRaftLog:OPENED:c-1,f-1,i0, conf=-1: [7e7122d9-53dc-47a8-b6b6-c87fac616c81:192.168.164.253:46735, c90420fb-507e-4f39-9d1e-d32950a26e2a:192.168.164.253:35682, 5459e257-ccbc-435a-9427-c3c16be66685:192.168.164.253:45469], old=null
2019-10-20 18:39:37,197 [7e7122d9-53dc-47a8-b6b6-c87fac616c81@group-432A391549C8-LeaderElection45] INFO  impl.RaftServerImpl (RaftServerImpl.java:setRole(184)) - 7e7122d9-53dc-47a8-b6b6-c87fac616c81@group-432A391549C8: changes role from CANDIDATE to FOLLOWER at term 7 for DISCOVERED_A_NEW_TERM
2019-10-20 18:39:37,197 [7e7122d9-53dc-47a8-b6b6-c87fac616c81@group-432A391549C8-LeaderElection45] INFO  impl.RoleInfo (RoleInfo.java:shutdownLeaderElection(134)) - 7e7122d9-53dc-47a8-b6b6-c87fac616c81: shutdown LeaderElection
2019-10-20 18:39:37,197 [7e7122d9-53dc-47a8-b6b6-c87fac616c81@group-432A391549C8-LeaderElection45] INFO  impl.RoleInfo (RoleInfo.java:updateAndGet(143)) - 7e7122d9-53dc-47a8-b6b6-c87fac616c81: start FollowerState
2019-10-20 18:39:37,312 [Thread-886] INFO  impl.FollowerState (FollowerState.java:run(108)) - 7e7122d9-53dc-47a8-b6b6-c87fac616c81@group-8B8FE5B4B5B0-FollowerState: change to CANDIDATE, lastRpcTime:139ms, electionTimeout:139ms
2019-10-20 18:39:37,312 [Thread-886] INFO  impl.RoleInfo (RoleInfo.java:shutdownFollowerState(121)) - 7e7122d9-53dc-47a8-b6b6-c87fac616c81: shutdown FollowerState
2019-10-20 18:39:37,312 [Thread-886] INFO  impl.RaftServerImpl (RaftServerImpl.java:setRole(184)) - 7e7122d9-53dc-47a8-b6b6-c87fac616c81@group-8B8FE5B4B5B0: changes role from  FOLLOWER to CANDIDATE at term 45 for changeToCandidate
2019-10-20 18:39:37,312 [Thread-886] INFO  impl.RoleInfo (RoleInfo.java:updateAndGet(143)) - 7e7122d9-53dc-47a8-b6b6-c87fac616c81: start LeaderElection
2019-10-20 18:39:37,319 [Thread-889] INFO  impl.FollowerState (FollowerState.java:run(108)) - 7e7122d9-53dc-47a8-b6b6-c87fac616c81@group-432A391549C8-FollowerState: change to CANDIDATE, lastRpcTime:121ms, electionTimeout:121ms
2019-10-20 18:39:37,319 [Thread-889] INFO  impl.RoleInfo (RoleInfo.java:shutdownFollowerState(121)) - 7e7122d9-53dc-47a8-b6b6-c87fac616c81: shutdown FollowerState
2019-10-20 18:39:37,319 [Thread-889] INFO  impl.RaftServerImpl (RaftServerImpl.java:setRole(184)) - 7e7122d9-53dc-47a8-b6b6-c87fac616c81@group-432A391549C8: changes role from  FOLLOWER to CANDIDATE at term 7 for changeToCandidate
2019-10-20 18:39:37,319 [Thread-889] INFO  impl.RoleInfo (RoleInfo.java:updateAndGet(143)) - 7e7122d9-53dc-47a8-b6b6-c87fac616c81: start LeaderElection
2019-10-20 18:39:37,339 [7e7122d9-53dc-47a8-b6b6-c87fac616c81@group-432A391549C8-LeaderElection48] INFO  impl.LeaderElection (LeaderElection.java:askForVotes(178)) - 7e7122d9-53dc-47a8-b6b6-c87fac616c81@group-432A391549C8-LeaderElection48: begin an election at term 8 for -1: [7e7122d9-53dc-47a8-b6b6-c87fac616c81:192.168.164.253:46735, c90420fb-507e-4f39-9d1e-d32950a26e2a:192.168.164.253:35682, 5459e257-ccbc-435a-9427-c3c16be66685:192.168.164.253:45469], old=null
2019-10-20 18:39:37,339 [7e7122d9-53dc-47a8-b6b6-c87fac616c81@group-8B8FE5B4B5B0-LeaderElection47] INFO  impl.LeaderElection (LeaderElection.java:askForVotes(178)) - 7e7122d9-53dc-47a8-b6b6-c87fac616c81@group-8B8FE5B4B5B0-LeaderElection47: begin an election at term 46 for 0: [7e7122d9-53dc-47a8-b6b6-c87fac616c81:192.168.164.253:46735, c90420fb-507e-4f39-9d1e-d32950a26e2a:192.168.164.253:35682, 5459e257-ccbc-435a-9427-c3c16be66685:192.168.164.253:45469], old=null
2019-10-20 18:39:37,342 [grpc-default-executor-3] INFO  impl.RaftServerImpl (RaftServerImpl.java:setRole(184)) - c90420fb-507e-4f39-9d1e-d32950a26e2a@group-432A391549C8: changes role from  FOLLOWER to FOLLOWER at term 8 for recognizeCandidate:7e7122d9-53dc-47a8-b6b6-c87fac616c81
2019-10-20 18:39:37,342 [grpc-default-executor-7] INFO  impl.RaftServerImpl (RaftServerImpl.java:setRole(184)) - c90420fb-507e-4f39-9d1e-d32950a26e2a@group-8B8FE5B4B5B0: changes role from  FOLLOWER to FOLLOWER at term 46 for recognizeCandidate:7e7122d9-53dc-47a8-b6b6-c87fac616c81
2019-10-20 18:39:37,342 [grpc-default-executor-3] INFO  impl.RoleInfo (RoleInfo.java:shutdownFollowerState(121)) - c90420fb-507e-4f39-9d1e-d32950a26e2a: shutdown FollowerState
2019-10-20 18:39:37,343 [grpc-default-executor-7] INFO  impl.RoleInfo (RoleInfo.java:shutdownFollowerState(121)) - c90420fb-507e-4f39-9d1e-d32950a26e2a: shutdown FollowerState
2019-10-20 18:39:37,343 [grpc-default-executor-6] INFO  impl.RaftServerImpl (RaftServerImpl.java:setRole(184)) - 5459e257-ccbc-435a-9427-c3c16be66685@group-432A391549C8: changes role from  FOLLOWER to FOLLOWER at term 8 for recognizeCandidate:7e7122d9-53dc-47a8-b6b6-c87fac616c81
2019-10-20 18:39:37,343 [grpc-default-executor-6] INFO  impl.RoleInfo (RoleInfo.java:shutdownFollowerState(121)) - 5459e257-ccbc-435a-9427-c3c16be66685: shutdown FollowerState
2019-10-20 18:39:37,343 [Thread-887] INFO  impl.FollowerState (FollowerState.java:run(117)) - c90420fb-507e-4f39-9d1e-d32950a26e2a@group-432A391549C8-FollowerState was interrupted: java.lang.InterruptedException: sleep interrupted
2019-10-20 18:39:37,343 [grpc-default-executor-3] INFO  impl.RoleInfo (RoleInfo.java:updateAndGet(143)) - c90420fb-507e-4f39-9d1e-d32950a26e2a: start FollowerState
2019-10-20 18:39:37,343 [Thread-888] INFO  impl.FollowerState (FollowerState.java:run(117)) - 5459e257-ccbc-435a-9427-c3c16be66685@group-432A391549C8-FollowerState was interrupted: java.lang.InterruptedException: sleep interrupted
2019-10-20 18:39:37,343 [grpc-default-executor-6] INFO  impl.RoleInfo (RoleInfo.java:updateAndGet(143)) - 5459e257-ccbc-435a-9427-c3c16be66685: start FollowerState
2019-10-20 18:39:37,343 [grpc-default-executor-5] INFO  impl.RaftServerImpl (RaftServerImpl.java:setRole(184)) - 5459e257-ccbc-435a-9427-c3c16be66685@group-8B8FE5B4B5B0: changes role from  FOLLOWER to FOLLOWER at term 46 for recognizeCandidate:7e7122d9-53dc-47a8-b6b6-c87fac616c81
2019-10-20 18:39:37,344 [grpc-default-executor-5] INFO  impl.RoleInfo (RoleInfo.java:shutdownFollowerState(121)) - 5459e257-ccbc-435a-9427-c3c16be66685: shutdown FollowerState
2019-10-20 18:39:37,343 [grpc-default-executor-7] INFO  impl.RoleInfo (RoleInfo.java:updateAndGet(143)) - c90420fb-507e-4f39-9d1e-d32950a26e2a: start FollowerState
2019-10-20 18:39:37,343 [Thread-879] INFO  impl.FollowerState (FollowerState.java:run(117)) - c90420fb-507e-4f39-9d1e-d32950a26e2a@group-8B8FE5B4B5B0-FollowerState was interrupted: java.lang.InterruptedException: sleep interrupted
2019-10-20 18:39:37,344 [Thread-880] INFO  impl.FollowerState (FollowerState.java:run(117)) - 5459e257-ccbc-435a-9427-c3c16be66685@group-8B8FE5B4B5B0-FollowerState was interrupted: java.lang.InterruptedException: sleep interrupted
2019-10-20 18:39:37,344 [grpc-default-executor-5] INFO  impl.RoleInfo (RoleInfo.java:updateAndGet(143)) - 5459e257-ccbc-435a-9427-c3c16be66685: start FollowerState
2019-10-20 18:39:37,374 [7e7122d9-53dc-47a8-b6b6-c87fac616c81@group-432A391549C8-LeaderElection48] INFO  impl.LeaderElection (LeaderElection.java:logAndReturn(56)) - 7e7122d9-53dc-47a8-b6b6-c87fac616c81@group-432A391549C8-LeaderElection48: Election REJECTED; received 2 response(s) [7e7122d9-53dc-47a8-b6b6-c87fac616c81<-c90420fb-507e-4f39-9d1e-d32950a26e2a#0:FAIL-t8, 7e7122d9-53dc-47a8-b6b6-c87fac616c81<-5459e257-ccbc-435a-9427-c3c16be66685#0:FAIL-t8] and 0 exception(s); 7e7122d9-53dc-47a8-b6b6-c87fac616c81@group-432A391549C8:t8, leader=null, voted=7e7122d9-53dc-47a8-b6b6-c87fac616c81, raftlog=7e7122d9-53dc-47a8-b6b6-c87fac616c81@group-432A391549C8-SegmentedRaftLog:OPENED:c-1,f-1,i0, conf=-1: [7e7122d9-53dc-47a8-b6b6-c87fac616c81:192.168.164.253:46735, c90420fb-507e-4f39-9d1e-d32950a26e2a:192.168.164.253:35682, 5459e257-ccbc-435a-9427-c3c16be66685:192.168.164.253:45469], old=null
2019-10-20 18:39:37,375 [7e7122d9-53dc-47a8-b6b6-c87fac616c81@group-8B8FE5B4B5B0-LeaderElection47] INFO  impl.LeaderElection (LeaderElection.java:logAndReturn(56)) - 7e7122d9-53dc-47a8-b6b6-c87fac616c81@group-8B8FE5B4B5B0-LeaderElection47: Election REJECTED; received 2 response(s) [7e7122d9-53dc-47a8-b6b6-c87fac616c81<-c90420fb-507e-4f39-9d1e-d32950a26e2a#0:FAIL-t46, 7e7122d9-53dc-47a8-b6b6-c87fac616c81<-5459e257-ccbc-435a-9427-c3c16be66685#0:FAIL-t46] and 0 exception(s); 7e7122d9-53dc-47a8-b6b6-c87fac616c81@group-8B8FE5B4B5B0:t46, leader=null, voted=7e7122d9-53dc-47a8-b6b6-c87fac616c81, raftlog=7e7122d9-53dc-47a8-b6b6-c87fac616c81@group-8B8FE5B4B5B0-SegmentedRaftLog:OPENED:c3,f4,i4, conf=0: [7e7122d9-53dc-47a8-b6b6-c87fac616c81:192.168.164.253:46735, c90420fb-507e-4f39-9d1e-d32950a26e2a:192.168.164.253:35682, 5459e257-ccbc-435a-9427-c3c16be66685:192.168.164.253:45469], old=null
2019-10-20 18:39:37,375 [7e7122d9-53dc-47a8-b6b6-c87fac616c81@group-432A391549C8-LeaderElection48] INFO  impl.RaftServerImpl (RaftServerImpl.java:setRole(184)) - 7e7122d9-53dc-47a8-b6b6-c87fac616c81@group-432A391549C8: changes role from CANDIDATE to FOLLOWER at term 8 for DISCOVERED_A_NEW_TERM
2019-10-20 18:39:37,375 [7e7122d9-53dc-47a8-b6b6-c87fac616c81@group-8B8FE5B4B5B0-LeaderElection47] INFO  impl.RaftServerImpl (RaftServerImpl.java:setRole(184)) - 7e7122d9-53dc-47a8-b6b6-c87fac616c81@group-8B8FE5B4B5B0: changes role from CANDIDATE to FOLLOWER at term 46 for DISCOVERED_A_NEW_TERM
2019-10-20 18:39:37,375 [7e7122d9-53dc-47a8-b6b6-c87fac616c81@group-432A391549C8-LeaderElection48] INFO  impl.RoleInfo (RoleInfo.java:shutdownLeaderElection(134)) - 7e7122d9-53dc-47a8-b6b6-c87fac616c81: shutdown LeaderElection
2019-10-20 18:39:37,375 [7e7122d9-53dc-47a8-b6b6-c87fac616c81@group-8B8FE5B4B5B0-LeaderElection47] INFO  impl.RoleInfo (RoleInfo.java:shutdownLeaderElection(134)) - 7e7122d9-53dc-47a8-b6b6-c87fac616c81: shutdown LeaderElection
2019-10-20 18:39:37,375 [7e7122d9-53dc-47a8-b6b6-c87fac616c81@group-432A391549C8-LeaderElection48] INFO  impl.RoleInfo (RoleInfo.java:updateAndGet(143)) - 7e7122d9-53dc-47a8-b6b6-c87fac616c81: start FollowerState
2019-10-20 18:39:37,376 [7e7122d9-53dc-47a8-b6b6-c87fac616c81@group-8B8FE5B4B5B0-LeaderElection47] INFO  impl.RoleInfo (RoleInfo.java:updateAndGet(143)) - 7e7122d9-53dc-47a8-b6b6-c87fac616c81: start FollowerState
2019-10-20 18:39:37,456 [Thread-900] INFO  impl.FollowerState (FollowerState.java:run(108)) - 7e7122d9-53dc-47a8-b6b6-c87fac616c81@group-432A391549C8-FollowerState: change to CANDIDATE, lastRpcTime:80ms, electionTimeout:80ms
2019-10-20 18:39:37,456 [Thread-900] INFO  impl.RoleInfo (RoleInfo.java:shutdownFollowerState(121)) - 7e7122d9-53dc-47a8-b6b6-c87fac616c81: shutdown FollowerState
2019-10-20 18:39:37,456 [Thread-900] INFO  impl.RaftServerImpl (RaftServerImpl.java:setRole(184)) - 7e7122d9-53dc-47a8-b6b6-c87fac616c81@group-432A391549C8: changes role from  FOLLOWER to CANDIDATE at term 8 for changeToCandidate
2019-10-20 18:39:37,456 [Thread-900] INFO  impl.RoleInfo (RoleInfo.java:updateAndGet(143)) - 7e7122d9-53dc-47a8-b6b6-c87fac616c81: start LeaderElection
2019-10-20 18:39:37,482 [7e7122d9-53dc-47a8-b6b6-c87fac616c81@group-432A391549C8-LeaderElection49] INFO  impl.LeaderElection (LeaderElection.java:askForVotes(178)) - 7e7122d9-53dc-47a8-b6b6-c87fac616c81@group-432A391549C8-LeaderElection49: begin an election at term 9 for -1: [7e7122d9-53dc-47a8-b6b6-c87fac616c81:192.168.164.253:46735, c90420fb-507e-4f39-9d1e-d32950a26e2a:192.168.164.253:35682, 5459e257-ccbc-435a-9427-c3c16be66685:192.168.164.253:45469], old=null
2019-10-20 18:39:37,485 [grpc-default-executor-6] INFO  impl.RaftServerImpl (RaftServerImpl.java:setRole(184)) - c90420fb-507e-4f39-9d1e-d32950a26e2a@group-432A391549C8: changes role from  FOLLOWER to FOLLOWER at term 9 for recognizeCandidate:7e7122d9-53dc-47a8-b6b6-c87fac616c81
2019-10-20 18:39:37,485 [grpc-default-executor-6] INFO  impl.RoleInfo (RoleInfo.java:shutdownFollowerState(121)) - c90420fb-507e-4f39-9d1e-d32950a26e2a: shutdown FollowerState
2019-10-20 18:39:37,485 [grpc-default-executor-5] INFO  impl.RaftServerImpl (RaftServerImpl.java:setRole(184)) - 5459e257-ccbc-435a-9427-c3c16be66685@group-432A391549C8: changes role from  FOLLOWER to FOLLOWER at term 9 for recognizeCandidate:7e7122d9-53dc-47a8-b6b6-c87fac616c81
2019-10-20 18:39:37,485 [Thread-896] INFO  impl.FollowerState (FollowerState.java:run(117)) - c90420fb-507e-4f39-9d1e-d32950a26e2a@group-432A391549C8-FollowerState was interrupted: java.lang.InterruptedException: sleep interrupted
2019-10-20 18:39:37,485 [grpc-default-executor-6] INFO  impl.RoleInfo (RoleInfo.java:updateAndGet(143)) - c90420fb-507e-4f39-9d1e-d32950a26e2a: start FollowerState
2019-10-20 18:39:37,486 [grpc-default-executor-5] INFO  impl.RoleInfo (RoleInfo.java:shutdownFollowerState(121)) - 5459e257-ccbc-435a-9427-c3c16be66685: shutdown FollowerState
2019-10-20 18:39:37,486 [grpc-default-executor-5] INFO  impl.RoleInfo (RoleInfo.java:updateAndGet(143)) - 5459e257-ccbc-435a-9427-c3c16be66685: start FollowerState
2019-10-20 18:39:37,486 [Thread-898] INFO  impl.FollowerState (FollowerState.java:run(117)) - 5459e257-ccbc-435a-9427-c3c16be66685@group-432A391549C8-FollowerState was interrupted: java.lang.InterruptedException: sleep interrupted
2019-10-20 18:39:37,518 [7e7122d9-53dc-47a8-b6b6-c87fac616c81@group-432A391549C8-LeaderElection49] INFO  impl.LeaderElection (LeaderElection.java:logAndReturn(56)) - 7e7122d9-53dc-47a8-b6b6-c87fac616c81@group-432A391549C8-LeaderElection49: Election REJECTED; received 2 response(s) [7e7122d9-53dc-47a8-b6b6-c87fac616c81<-c90420fb-507e-4f39-9d1e-d32950a26e2a#0:FAIL-t9, 7e7122d9-53dc-47a8-b6b6-c87fac616c81<-5459e257-ccbc-435a-9427-c3c16be66685#0:FAIL-t9] and 0 exception(s); 7e7122d9-53dc-47a8-b6b6-c87fac616c81@group-432A391549C8:t9, leader=null, voted=7e7122d9-53dc-47a8-b6b6-c87fac616c81, raftlog=7e7122d9-53dc-47a8-b6b6-c87fac616c81@group-432A391549C8-SegmentedRaftLog:OPENED:c-1,f-1,i0, conf=-1: [7e7122d9-53dc-47a8-b6b6-c87fac616c81:192.168.164.253:46735, c90420fb-507e-4f39-9d1e-d32950a26e2a:192.168.164.253:35682, 5459e257-ccbc-435a-9427-c3c16be66685:192.168.164.253:45469], old=null
2019-10-20 18:39:37,518 [7e7122d9-53dc-47a8-b6b6-c87fac616c81@group-432A391549C8-LeaderElection49] INFO  impl.RaftServerImpl (RaftServerImpl.java:setRole(184)) - 7e7122d9-53dc-47a8-b6b6-c87fac616c81@group-432A391549C8: changes role from CANDIDATE to FOLLOWER at term 9 for DISCOVERED_A_NEW_TERM
2019-10-20 18:39:37,518 [7e7122d9-53dc-47a8-b6b6-c87fac616c81@group-432A391549C8-LeaderElection49] INFO  impl.RoleInfo (RoleInfo.java:shutdownLeaderElection(134)) - 7e7122d9-53dc-47a8-b6b6-c87fac616c81: shutdown LeaderElection
2019-10-20 18:39:37,518 [7e7122d9-53dc-47a8-b6b6-c87fac616c81@group-432A391549C8-LeaderElection49] INFO  impl.RoleInfo (RoleInfo.java:updateAndGet(143)) - 7e7122d9-53dc-47a8-b6b6-c87fac616c81: start FollowerState
2019-10-20 18:39:37,532 [Thread-907] INFO  impl.FollowerState (FollowerState.java:run(108)) - 7e7122d9-53dc-47a8-b6b6-c87fac616c81@group-432A391549C8-FollowerState: change to CANDIDATE, lastRpcTime:13ms, electionTimeout:13ms
2019-10-20 18:39:37,532 [Thread-907] INFO  impl.RoleInfo (RoleInfo.java:shutdownFollowerState(121)) - 7e7122d9-53dc-47a8-b6b6-c87fac616c81: shutdown FollowerState
2019-10-20 18:39:37,532 [Thread-907] INFO  impl.RaftServerImpl (RaftServerImpl.java:setRole(184)) - 7e7122d9-53dc-47a8-b6b6-c87fac616c81@group-432A391549C8: changes role from  FOLLOWER to CANDIDATE at term 9 for changeToCandidate
2019-10-20 18:39:37,533 [Thread-907] INFO  impl.RoleInfo (RoleInfo.java:updateAndGet(143)) - 7e7122d9-53dc-47a8-b6b6-c87fac616c81: start LeaderElection
2019-10-20 18:39:37,560 [Thread-901] INFO  impl.FollowerState (FollowerState.java:run(108)) - 7e7122d9-53dc-47a8-b6b6-c87fac616c81@group-8B8FE5B4B5B0-FollowerState: change to CANDIDATE, lastRpcTime:184ms, electionTimeout:184ms
2019-10-20 18:39:37,560 [Thread-901] INFO  impl.RoleInfo (RoleInfo.java:shutdownFollowerState(121)) - 7e7122d9-53dc-47a8-b6b6-c87fac616c81: shutdown FollowerState
2019-10-20 18:39:37,560 [Thread-901] INFO  impl.RaftServerImpl (RaftServerImpl.java:setRole(184)) - 7e7122d9-53dc-47a8-b6b6-c87fac616c81@group-8B8FE5B4B5B0: changes role from  FOLLOWER to CANDIDATE at term 46 for changeToCandidate
2019-10-20 18:39:37,561 [Thread-901] INFO  impl.RoleInfo (RoleInfo.java:updateAndGet(143)) - 7e7122d9-53dc-47a8-b6b6-c87fac616c81: start LeaderElection
2019-10-20 18:39:37,567 [7e7122d9-53dc-47a8-b6b6-c87fac616c81@group-432A391549C8-LeaderElection50] INFO  impl.LeaderElection (LeaderElection.java:askForVotes(178)) - 7e7122d9-53dc-47a8-b6b6-c87fac616c81@group-432A391549C8-LeaderElection50: begin an election at term 10 for -1: [7e7122d9-53dc-47a8-b6b6-c87fac616c81:192.168.164.253:46735, c90420fb-507e-4f39-9d1e-d32950a26e2a:192.168.164.253:35682, 5459e257-ccbc-435a-9427-c3c16be66685:192.168.164.253:45469], old=null
2019-10-20 18:39:37,569 [grpc-default-executor-5] INFO  impl.RaftServerImpl (RaftServerImpl.java:setRole(184)) - 5459e257-ccbc-435a-9427-c3c16be66685@group-432A391549C8: changes role from  FOLLOWER to FOLLOWER at term 10 for recognizeCandidate:7e7122d9-53dc-47a8-b6b6-c87fac616c81
2019-10-20 18:39:37,569 [grpc-default-executor-6] INFO  impl.RaftServerImpl (RaftServerImpl.java:setRole(184)) - c90420fb-507e-4f39-9d1e-d32950a26e2a@group-432A391549C8: changes role from  FOLLOWER to FOLLOWER at term 10 for recognizeCandidate:7e7122d9-53dc-47a8-b6b6-c87fac616c81
2019-10-20 18:39:37,570 [grpc-default-executor-5] INFO  impl.RoleInfo (RoleInfo.java:shutdownFollowerState(121)) - 5459e257-ccbc-435a-9427-c3c16be66685: shutdown FollowerState
2019-10-20 18:39:37,570 [grpc-default-executor-6] INFO  impl.RoleInfo (RoleInfo.java:shutdownFollowerState(121)) - c90420fb-507e-4f39-9d1e-d32950a26e2a: shutdown FollowerState
2019-10-20 18:39:37,570 [Thread-906] INFO  impl.FollowerState (FollowerState.java:run(117)) - 5459e257-ccbc-435a-9427-c3c16be66685@group-432A391549C8-FollowerState was interrupted: java.lang.InterruptedException: sleep interrupted
2019-10-20 18:39:37,570 [grpc-default-executor-6] INFO  impl.RoleInfo (RoleInfo.java:updateAndGet(143)) - c90420fb-507e-4f39-9d1e-d32950a26e2a: start FollowerState
2019-10-20 18:39:37,570 [grpc-default-executor-5] INFO  impl.RoleInfo (RoleInfo.java:updateAndGet(143)) - 5459e257-ccbc-435a-9427-c3c16be66685: start FollowerState
2019-10-20 18:39:37,570 [Thread-905] INFO  impl.FollowerState (FollowerState.java:run(117)) - c90420fb-507e-4f39-9d1e-d32950a26e2a@group-432A391549C8-FollowerState was interrupted: java.lang.InterruptedException: sleep interrupted
2019-10-20 18:39:37,609 [7e7122d9-53dc-47a8-b6b6-c87fac616c81@group-8B8FE5B4B5B0-LeaderElection51] INFO  impl.LeaderElection (LeaderElection.java:askForVotes(178)) - 7e7122d9-53dc-47a8-b6b6-c87fac616c81@group-8B8FE5B4B5B0-LeaderElection51: begin an election at term 47 for 0: [7e7122d9-53dc-47a8-b6b6-c87fac616c81:192.168.164.253:46735, c90420fb-507e-4f39-9d1e-d32950a26e2a:192.168.164.253:35682, 5459e257-ccbc-435a-9427-c3c16be66685:192.168.164.253:45469], old=null
2019-10-20 18:39:37,611 [7e7122d9-53dc-47a8-b6b6-c87fac616c81@group-432A391549C8-LeaderElection50] INFO  impl.LeaderElection (LeaderElection.java:logAndReturn(56)) - 7e7122d9-53dc-47a8-b6b6-c87fac616c81@group-432A391549C8-LeaderElection50: Election REJECTED; received 2 response(s) [7e7122d9-53dc-47a8-b6b6-c87fac616c81<-c90420fb-507e-4f39-9d1e-d32950a26e2a#0:FAIL-t10, 7e7122d9-53dc-47a8-b6b6-c87fac616c81<-5459e257-ccbc-435a-9427-c3c16be66685#0:FAIL-t10] and 0 exception(s); 7e7122d9-53dc-47a8-b6b6-c87fac616c81@group-432A391549C8:t10, leader=null, voted=7e7122d9-53dc-47a8-b6b6-c87fac616c81, raftlog=7e7122d9-53dc-47a8-b6b6-c87fac616c81@group-432A391549C8-SegmentedRaftLog:OPENED:c-1,f-1,i0, conf=-1: [7e7122d9-53dc-47a8-b6b6-c87fac616c81:192.168.164.253:46735, c90420fb-507e-4f39-9d1e-d32950a26e2a:192.168.164.253:35682, 5459e257-ccbc-435a-9427-c3c16be66685:192.168.164.253:45469], old=null
2019-10-20 18:39:37,611 [7e7122d9-53dc-47a8-b6b6-c87fac616c81@group-432A391549C8-LeaderElection50] INFO  impl.RaftServerImpl (RaftServerImpl.java:setRole(184)) - 7e7122d9-53dc-47a8-b6b6-c87fac616c81@group-432A391549C8: changes role from CANDIDATE to FOLLOWER at term 10 for DISCOVERED_A_NEW_TERM
2019-10-20 18:39:37,611 [7e7122d9-53dc-47a8-b6b6-c87fac616c81@group-432A391549C8-LeaderElection50] INFO  impl.RoleInfo (RoleInfo.java:shutdownLeaderElection(134)) - 7e7122d9-53dc-47a8-b6b6-c87fac616c81: shutdown LeaderElection
2019-10-20 18:39:37,612 [7e7122d9-53dc-47a8-b6b6-c87fac616c81@group-432A391549C8-LeaderElection50] INFO  impl.RoleInfo (RoleInfo.java:updateAndGet(143)) - 7e7122d9-53dc-47a8-b6b6-c87fac616c81: start FollowerState
2019-10-20 18:39:37,612 [grpc-default-executor-6] INFO  impl.RaftServerImpl (RaftServerImpl.java:setRole(184)) - c90420fb-507e-4f39-9d1e-d32950a26e2a@group-8B8FE5B4B5B0: changes role from  FOLLOWER to FOLLOWER at term 47 for recognizeCandidate:7e7122d9-53dc-47a8-b6b6-c87fac616c81
2019-10-20 18:39:37,612 [grpc-default-executor-6] INFO  impl.RoleInfo (RoleInfo.java:shutdownFollowerState(121)) - c90420fb-507e-4f39-9d1e-d32950a26e2a: shutdown FollowerState
2019-10-20 18:39:37,612 [grpc-default-executor-6] INFO  impl.RoleInfo (RoleInfo.java:updateAndGet(143)) - c90420fb-507e-4f39-9d1e-d32950a26e2a: start FollowerState
2019-10-20 18:39:37,612 [Thread-897] INFO  impl.FollowerState (FollowerState.java:run(117)) - c90420fb-507e-4f39-9d1e-d32950a26e2a@group-8B8FE5B4B5B0-FollowerState was interrupted: java.lang.InterruptedException: sleep interrupted
2019-10-20 18:39:37,612 [grpc-default-executor-5] INFO  impl.RaftServerImpl (RaftServerImpl.java:setRole(184)) - 5459e257-ccbc-435a-9427-c3c16be66685@group-8B8FE5B4B5B0: changes role from  FOLLOWER to FOLLOWER at term 47 for recognizeCandidate:7e7122d9-53dc-47a8-b6b6-c87fac616c81
2019-10-20 18:39:37,613 [grpc-default-executor-5] INFO  impl.RoleInfo (RoleInfo.java:shutdownFollowerState(121)) - 5459e257-ccbc-435a-9427-c3c16be66685: shutdown FollowerState
2019-10-20 18:39:37,613 [grpc-default-executor-5] INFO  impl.RoleInfo (RoleInfo.java:updateAndGet(143)) - 5459e257-ccbc-435a-9427-c3c16be66685: start FollowerState
2019-10-20 18:39:37,613 [Thread-899] INFO  impl.FollowerState (FollowerState.java:run(117)) - 5459e257-ccbc-435a-9427-c3c16be66685@group-8B8FE5B4B5B0-FollowerState was interrupted: java.lang.InterruptedException: sleep interrupted
2019-10-20 18:39:37,636 [7e7122d9-53dc-47a8-b6b6-c87fac616c81@group-8B8FE5B4B5B0-LeaderElection51] INFO  impl.LeaderElection (LeaderElection.java:logAndReturn(56)) - 7e7122d9-53dc-47a8-b6b6-c87fac616c81@group-8B8FE5B4B5B0-LeaderElection51: Election REJECTED; received 2 response(s) [7e7122d9-53dc-47a8-b6b6-c87fac616c81<-c90420fb-507e-4f39-9d1e-d32950a26e2a#0:FAIL-t47, 7e7122d9-53dc-47a8-b6b6-c87fac616c81<-5459e257-ccbc-435a-9427-c3c16be66685#0:FAIL-t47] and 0 exception(s); 7e7122d9-53dc-47a8-b6b6-c87fac616c81@group-8B8FE5B4B5B0:t47, leader=null, voted=7e7122d9-53dc-47a8-b6b6-c87fac616c81, raftlog=7e7122d9-53dc-47a8-b6b6-c87fac616c81@group-8B8FE5B4B5B0-SegmentedRaftLog:OPENED:c3,f4,i4, conf=0: [7e7122d9-53dc-47a8-b6b6-c87fac616c81:192.168.164.253:46735, c90420fb-507e-4f39-9d1e-d32950a26e2a:192.168.164.253:35682, 5459e257-ccbc-435a-9427-c3c16be66685:192.168.164.253:45469], old=null
2019-10-20 18:39:37,636 [7e7122d9-53dc-47a8-b6b6-c87fac616c81@group-8B8FE5B4B5B0-LeaderElection51] INFO  impl.RaftServerImpl (RaftServerImpl.java:setRole(184)) - 7e7122d9-53dc-47a8-b6b6-c87fac616c81@group-8B8FE5B4B5B0: changes role from CANDIDATE to FOLLOWER at term 47 for DISCOVERED_A_NEW_TERM
2019-10-20 18:39:37,636 [7e7122d9-53dc-47a8-b6b6-c87fac616c81@group-8B8FE5B4B5B0-LeaderElection51] INFO  impl.RoleInfo (RoleInfo.java:shutdownLeaderElection(134)) - 7e7122d9-53dc-47a8-b6b6-c87fac616c81: shutdown LeaderElection
2019-10-20 18:39:37,636 [7e7122d9-53dc-47a8-b6b6-c87fac616c81@group-8B8FE5B4B5B0-LeaderElection51] INFO  impl.RoleInfo (RoleInfo.java:updateAndGet(143)) - 7e7122d9-53dc-47a8-b6b6-c87fac616c81: start FollowerState
2019-10-20 18:39:37,651 [Thread-919] INFO  impl.FollowerState (FollowerState.java:run(108)) - 7e7122d9-53dc-47a8-b6b6-c87fac616c81@group-8B8FE5B4B5B0-FollowerState: change to CANDIDATE, lastRpcTime:14ms, electionTimeout:14ms
2019-10-20 18:39:37,651 [Thread-919] INFO  impl.RoleInfo (RoleInfo.java:shutdownFollowerState(121)) - 7e7122d9-53dc-47a8-b6b6-c87fac616c81: shutdown FollowerState
2019-10-20 18:39:37,651 [Thread-919] INFO  impl.RaftServerImpl (RaftServerImpl.java:setRole(184)) - 7e7122d9-53dc-47a8-b6b6-c87fac616c81@group-8B8FE5B4B5B0: changes role from  FOLLOWER to CANDIDATE at term 47 for changeToCandidate
2019-10-20 18:39:37,651 [Thread-919] INFO  impl.RoleInfo (RoleInfo.java:updateAndGet(143)) - 7e7122d9-53dc-47a8-b6b6-c87fac616c81: start LeaderElection
2019-10-20 18:39:37,677 [7e7122d9-53dc-47a8-b6b6-c87fac616c81@group-8B8FE5B4B5B0-LeaderElection52] INFO  impl.LeaderElection (LeaderElection.java:askForVotes(178)) - 7e7122d9-53dc-47a8-b6b6-c87fac616c81@group-8B8FE5B4B5B0-LeaderElection52: begin an election at term 48 for 0: [7e7122d9-53dc-47a8-b6b6-c87fac616c81:192.168.164.253:46735, c90420fb-507e-4f39-9d1e-d32950a26e2a:192.168.164.253:35682, 5459e257-ccbc-435a-9427-c3c16be66685:192.168.164.253:45469], old=null
2019-10-20 18:39:37,680 [grpc-default-executor-6] INFO  impl.RaftServerImpl (RaftServerImpl.java:setRole(184)) - c90420fb-507e-4f39-9d1e-d32950a26e2a@group-8B8FE5B4B5B0: changes role from  FOLLOWER to FOLLOWER at term 48 for recognizeCandidate:7e7122d9-53dc-47a8-b6b6-c87fac616c81
2019-10-20 18:39:37,680 [grpc-default-executor-6] INFO  impl.RoleInfo (RoleInfo.java:shutdownFollowerState(121)) - c90420fb-507e-4f39-9d1e-d32950a26e2a: shutdown FollowerState
2019-10-20 18:39:37,680 [grpc-default-executor-6] INFO  impl.RoleInfo (RoleInfo.java:updateAndGet(143)) - c90420fb-507e-4f39-9d1e-d32950a26e2a: start FollowerState
2019-10-20 18:39:37,680 [grpc-default-executor-5] INFO  impl.RaftServerImpl (RaftServerImpl.java:setRole(184)) - 5459e257-ccbc-435a-9427-c3c16be66685@group-8B8FE5B4B5B0: changes role from  FOLLOWER to FOLLOWER at term 48 for recognizeCandidate:7e7122d9-53dc-47a8-b6b6-c87fac616c81
2019-10-20 18:39:37,680 [Thread-917] INFO  impl.FollowerState (FollowerState.java:run(117)) - c90420fb-507e-4f39-9d1e-d32950a26e2a@group-8B8FE5B4B5B0-FollowerState was interrupted: java.lang.InterruptedException: sleep interrupted
2019-10-20 18:39:37,680 [grpc-default-executor-5] INFO  impl.RoleInfo (RoleInfo.java:shutdownFollowerState(121)) - 5459e257-ccbc-435a-9427-c3c16be66685: shutdown FollowerState
2019-10-20 18:39:37,681 [grpc-default-executor-5] INFO  impl.RoleInfo (RoleInfo.java:updateAndGet(143)) - 5459e257-ccbc-435a-9427-c3c16be66685: start FollowerState
2019-10-20 18:39:37,681 [Thread-918] INFO  impl.FollowerState (FollowerState.java:run(117)) - 5459e257-ccbc-435a-9427-c3c16be66685@group-8B8FE5B4B5B0-FollowerState was interrupted: java.lang.InterruptedException: sleep interrupted
2019-10-20 18:39:37,703 [7e7122d9-53dc-47a8-b6b6-c87fac616c81@group-8B8FE5B4B5B0-LeaderElection52] INFO  impl.LeaderElection (LeaderElection.java:logAndReturn(56)) - 7e7122d9-53dc-47a8-b6b6-c87fac616c81@group-8B8FE5B4B5B0-LeaderElection52: Election REJECTED; received 2 response(s) [7e7122d9-53dc-47a8-b6b6-c87fac616c81<-c90420fb-507e-4f39-9d1e-d32950a26e2a#0:FAIL-t48, 7e7122d9-53dc-47a8-b6b6-c87fac616c81<-5459e257-ccbc-435a-9427-c3c16be66685#0:FAIL-t48] and 0 exception(s); 7e7122d9-53dc-47a8-b6b6-c87fac616c81@group-8B8FE5B4B5B0:t48, leader=null, voted=7e7122d9-53dc-47a8-b6b6-c87fac616c81, raftlog=7e7122d9-53dc-47a8-b6b6-c87fac616c81@group-8B8FE5B4B5B0-SegmentedRaftLog:OPENED:c3,f4,i4, conf=0: [7e7122d9-53dc-47a8-b6b6-c87fac616c81:192.168.164.253:46735, c90420fb-507e-4f39-9d1e-d32950a26e2a:192.168.164.253:35682, 5459e257-ccbc-435a-9427-c3c16be66685:192.168.164.253:45469], old=null
2019-10-20 18:39:37,704 [7e7122d9-53dc-47a8-b6b6-c87fac616c81@group-8B8FE5B4B5B0-LeaderElection52] INFO  impl.RaftServerImpl (RaftServerImpl.java:setRole(184)) - 7e7122d9-53dc-47a8-b6b6-c87fac616c81@group-8B8FE5B4B5B0: changes role from CANDIDATE to FOLLOWER at term 48 for DISCOVERED_A_NEW_TERM
2019-10-20 18:39:37,704 [7e7122d9-53dc-47a8-b6b6-c87fac616c81@group-8B8FE5B4B5B0-LeaderElection52] INFO  impl.RoleInfo (RoleInfo.java:shutdownLeaderElection(134)) - 7e7122d9-53dc-47a8-b6b6-c87fac616c81: shutdown LeaderElection
2019-10-20 18:39:37,704 [7e7122d9-53dc-47a8-b6b6-c87fac616c81@group-8B8FE5B4B5B0-LeaderElection52] INFO  impl.RoleInfo (RoleInfo.java:updateAndGet(143)) - 7e7122d9-53dc-47a8-b6b6-c87fac616c81: start FollowerState
2019-10-20 18:39:37,755 [Thread-916] INFO  impl.FollowerState (FollowerState.java:run(108)) - 7e7122d9-53dc-47a8-b6b6-c87fac616c81@group-432A391549C8-FollowerState: change to CANDIDATE, lastRpcTime:143ms, electionTimeout:143ms
2019-10-20 18:39:37,755 [Thread-916] INFO  impl.RoleInfo (RoleInfo.java:shutdownFollowerState(121)) - 7e7122d9-53dc-47a8-b6b6-c87fac616c81: shutdown FollowerState
2019-10-20 18:39:37,756 [Thread-916] INFO  impl.RaftServerImpl (RaftServerImpl.java:setRole(184)) - 7e7122d9-53dc-47a8-b6b6-c87fac616c81@group-432A391549C8: changes role from  FOLLOWER to CANDIDATE at term 10 for changeToCandidate
2019-10-20 18:39:37,756 [Thread-916] INFO  impl.RoleInfo (RoleInfo.java:updateAndGet(143)) - 7e7122d9-53dc-47a8-b6b6-c87fac616c81: start LeaderElection
2019-10-20 18:39:37,777 [Thread-925] INFO  impl.FollowerState (FollowerState.java:run(108)) - 7e7122d9-53dc-47a8-b6b6-c87fac616c81@group-8B8FE5B4B5B0-FollowerState: change to CANDIDATE, lastRpcTime:72ms, electionTimeout:72ms
2019-10-20 18:39:37,777 [Thread-925] INFO  impl.RoleInfo (RoleInfo.java:shutdownFollowerState(121)) - 7e7122d9-53dc-47a8-b6b6-c87fac616c81: shutdown FollowerState
2019-10-20 18:39:37,777 [Thread-925] INFO  impl.RaftServerImpl (RaftServerImpl.java:setRole(184)) - 7e7122d9-53dc-47a8-b6b6-c87fac616c81@group-8B8FE5B4B5B0: changes role from  FOLLOWER to CANDIDATE at term 48 for changeToCandidate
2019-10-20 18:39:37,777 [Thread-925] INFO  impl.RoleInfo (RoleInfo.java:updateAndGet(143)) - 7e7122d9-53dc-47a8-b6b6-c87fac616c81: start LeaderElection
2019-10-20 18:39:37,780 [7e7122d9-53dc-47a8-b6b6-c87fac616c81@group-432A391549C8-LeaderElection53] INFO  impl.LeaderElection (LeaderElection.java:askForVotes(178)) - 7e7122d9-53dc-47a8-b6b6-c87fac616c81@group-432A391549C8-LeaderElection53: begin an election at term 11 for -1: [7e7122d9-53dc-47a8-b6b6-c87fac616c81:192.168.164.253:46735, c90420fb-507e-4f39-9d1e-d32950a26e2a:192.168.164.253:35682, 5459e257-ccbc-435a-9427-c3c16be66685:192.168.164.253:45469], old=null
2019-10-20 18:39:37,783 [grpc-default-executor-6] INFO  impl.RaftServerImpl (RaftServerImpl.java:setRole(184)) - c90420fb-507e-4f39-9d1e-d32950a26e2a@group-432A391549C8: changes role from  FOLLOWER to FOLLOWER at term 11 for recognizeCandidate:7e7122d9-53dc-47a8-b6b6-c87fac616c81
2019-10-20 18:39:37,783 [grpc-default-executor-5] INFO  impl.RaftServerImpl (RaftServerImpl.java:setRole(184)) - 5459e257-ccbc-435a-9427-c3c16be66685@group-432A391549C8: changes role from  FOLLOWER to FOLLOWER at term 11 for recognizeCandidate:7e7122d9-53dc-47a8-b6b6-c87fac616c81
2019-10-20 18:39:37,783 [grpc-default-executor-6] INFO  impl.RoleInfo (RoleInfo.java:shutdownFollowerState(121)) - c90420fb-507e-4f39-9d1e-d32950a26e2a: shutdown FollowerState
2019-10-20 18:39:37,783 [grpc-default-executor-5] INFO  impl.RoleInfo (RoleInfo.java:shutdownFollowerState(121)) - 5459e257-ccbc-435a-9427-c3c16be66685: shutdown FollowerState
2019-10-20 18:39:37,784 [Thread-913] INFO  impl.FollowerState (FollowerState.java:run(117)) - c90420fb-507e-4f39-9d1e-d32950a26e2a@group-432A391549C8-FollowerState was interrupted: java.lang.InterruptedException: sleep interrupted
2019-10-20 18:39:37,784 [grpc-default-executor-6] INFO  impl.RoleInfo (RoleInfo.java:updateAndGet(143)) - c90420fb-507e-4f39-9d1e-d32950a26e2a: start FollowerState
2019-10-20 18:39:37,784 [Thread-912] INFO  impl.FollowerState (FollowerState.java:run(117)) - 5459e257-ccbc-435a-9427-c3c16be66685@group-432A391549C8-FollowerState was interrupted: java.lang.InterruptedException: sleep interrupted
2019-10-20 18:39:37,784 [grpc-default-executor-5] INFO  impl.RoleInfo (RoleInfo.java:updateAndGet(143)) - 5459e257-ccbc-435a-9427-c3c16be66685: start FollowerState
2019-10-20 18:39:37,805 [7e7122d9-53dc-47a8-b6b6-c87fac616c81@group-8B8FE5B4B5B0-LeaderElection54] INFO  impl.LeaderElection (LeaderElection.java:askForVotes(178)) - 7e7122d9-53dc-47a8-b6b6-c87fac616c81@group-8B8FE5B4B5B0-LeaderElection54: begin an election at term 49 for 0: [7e7122d9-53dc-47a8-b6b6-c87fac616c81:192.168.164.253:46735, c90420fb-507e-4f39-9d1e-d32950a26e2a:192.168.164.253:35682, 5459e257-ccbc-435a-9427-c3c16be66685:192.168.164.253:45469], old=null
2019-10-20 18:39:37,807 [7e7122d9-53dc-47a8-b6b6-c87fac616c81@group-432A391549C8-LeaderElection53] INFO  impl.LeaderElection (LeaderElection.java:logAndReturn(56)) - 7e7122d9-53dc-47a8-b6b6-c87fac616c81@group-432A391549C8-LeaderElection53: Election REJECTED; received 2 response(s) [7e7122d9-53dc-47a8-b6b6-c87fac616c81<-c90420fb-507e-4f39-9d1e-d32950a26e2a#0:FAIL-t11, 7e7122d9-53dc-47a8-b6b6-c87fac616c81<-5459e257-ccbc-435a-9427-c3c16be66685#0:FAIL-t11] and 0 exception(s); 7e7122d9-53dc-47a8-b6b6-c87fac616c81@group-432A391549C8:t11, leader=null, voted=7e7122d9-53dc-47a8-b6b6-c87fac616c81, raftlog=7e7122d9-53dc-47a8-b6b6-c87fac616c81@group-432A391549C8-SegmentedRaftLog:OPENED:c-1,f-1,i0, conf=-1: [7e7122d9-53dc-47a8-b6b6-c87fac616c81:192.168.164.253:46735, c90420fb-507e-4f39-9d1e-d32950a26e2a:192.168.164.253:35682, 5459e257-ccbc-435a-9427-c3c16be66685:192.168.164.253:45469], old=null
2019-10-20 18:39:37,807 [7e7122d9-53dc-47a8-b6b6-c87fac616c81@group-432A391549C8-LeaderElection53] INFO  impl.RaftServerImpl (RaftServerImpl.java:setRole(184)) - 7e7122d9-53dc-47a8-b6b6-c87fac616c81@group-432A391549C8: changes role from CANDIDATE to FOLLOWER at term 11 for DISCOVERED_A_NEW_TERM
2019-10-20 18:39:37,807 [7e7122d9-53dc-47a8-b6b6-c87fac616c81@group-432A391549C8-LeaderElection53] INFO  impl.RoleInfo (RoleInfo.java:shutdownLeaderElection(134)) - 7e7122d9-53dc-47a8-b6b6-c87fac616c81: shutdown LeaderElection
2019-10-20 18:39:37,807 [7e7122d9-53dc-47a8-b6b6-c87fac616c81@group-432A391549C8-LeaderElection53] INFO  impl.RoleInfo (RoleInfo.java:updateAndGet(143)) - 7e7122d9-53dc-47a8-b6b6-c87fac616c81: start FollowerState
2019-10-20 18:39:37,807 [grpc-default-executor-5] INFO  impl.RaftServerImpl (RaftServerImpl.java:setRole(184)) - c90420fb-507e-4f39-9d1e-d32950a26e2a@group-8B8FE5B4B5B0: changes role from  FOLLOWER to FOLLOWER at term 49 for recognizeCandidate:7e7122d9-53dc-47a8-b6b6-c87fac616c81
2019-10-20 18:39:37,807 [grpc-default-executor-6] INFO  impl.RaftServerImpl (RaftServerImpl.java:setRole(184)) - 5459e257-ccbc-435a-9427-c3c16be66685@group-8B8FE5B4B5B0: changes role from  FOLLOWER to FOLLOWER at term 49 for recognizeCandidate:7e7122d9-53dc-47a8-b6b6-c87fac616c81
2019-10-20 18:39:37,808 [grpc-default-executor-5] INFO  impl.RoleInfo (RoleInfo.java:shutdownFollowerState(121)) - c90420fb-507e-4f39-9d1e-d32950a26e2a: shutdown FollowerState
2019-10-20 18:39:37,808 [grpc-default-executor-6] INFO  impl.RoleInfo (RoleInfo.java:shutdownFollowerState(121)) - 5459e257-ccbc-435a-9427-c3c16be66685: shutdown FollowerState
2019-10-20 18:39:37,808 [Thread-923] INFO  impl.FollowerState (FollowerState.java:run(117)) - c90420fb-507e-4f39-9d1e-d32950a26e2a@group-8B8FE5B4B5B0-FollowerState was interrupted: java.lang.InterruptedException: sleep interrupted
2019-10-20 18:39:37,808 [grpc-default-executor-5] INFO  impl.RoleInfo (RoleInfo.java:updateAndGet(143)) - c90420fb-507e-4f39-9d1e-d32950a26e2a: start FollowerState
2019-10-20 18:39:37,808 [Thread-924] INFO  impl.FollowerState (FollowerState.java:run(117)) - 5459e257-ccbc-435a-9427-c3c16be66685@group-8B8FE5B4B5B0-FollowerState was interrupted: java.lang.InterruptedException: sleep interrupted
2019-10-20 18:39:37,808 [grpc-default-executor-6] INFO  impl.RoleInfo (RoleInfo.java:updateAndGet(143)) - 5459e257-ccbc-435a-9427-c3c16be66685: start FollowerState
2019-10-20 18:39:37,832 [7e7122d9-53dc-47a8-b6b6-c87fac616c81@group-8B8FE5B4B5B0-LeaderElection54] INFO  impl.LeaderElection (LeaderElection.java:logAndReturn(56)) - 7e7122d9-53dc-47a8-b6b6-c87fac616c81@group-8B8FE5B4B5B0-LeaderElection54: Election REJECTED; received 2 response(s) [7e7122d9-53dc-47a8-b6b6-c87fac616c81<-c90420fb-507e-4f39-9d1e-d32950a26e2a#0:FAIL-t49, 7e7122d9-53dc-47a8-b6b6-c87fac616c81<-5459e257-ccbc-435a-9427-c3c16be66685#0:FAIL-t49] and 0 exception(s); 7e7122d9-53dc-47a8-b6b6-c87fac616c81@group-8B8FE5B4B5B0:t49, leader=null, voted=7e7122d9-53dc-47a8-b6b6-c87fac616c81, raftlog=7e7122d9-53dc-47a8-b6b6-c87fac616c81@group-8B8FE5B4B5B0-SegmentedRaftLog:OPENED:c3,f4,i4, conf=0: [7e7122d9-53dc-47a8-b6b6-c87fac616c81:192.168.164.253:46735, c90420fb-507e-4f39-9d1e-d32950a26e2a:192.168.164.253:35682, 5459e257-ccbc-435a-9427-c3c16be66685:192.168.164.253:45469], old=null
2019-10-20 18:39:37,833 [7e7122d9-53dc-47a8-b6b6-c87fac616c81@group-8B8FE5B4B5B0-LeaderElection54] INFO  impl.RaftServerImpl (RaftServerImpl.java:setRole(184)) - 7e7122d9-53dc-47a8-b6b6-c87fac616c81@group-8B8FE5B4B5B0: changes role from CANDIDATE to FOLLOWER at term 49 for DISCOVERED_A_NEW_TERM
2019-10-20 18:39:37,833 [7e7122d9-53dc-47a8-b6b6-c87fac616c81@group-8B8FE5B4B5B0-LeaderElection54] INFO  impl.RoleInfo (RoleInfo.java:shutdownLeaderElection(134)) - 7e7122d9-53dc-47a8-b6b6-c87fac616c81: shutdown LeaderElection
2019-10-20 18:39:37,833 [7e7122d9-53dc-47a8-b6b6-c87fac616c81@group-8B8FE5B4B5B0-LeaderElection54] INFO  impl.RoleInfo (RoleInfo.java:updateAndGet(143)) - 7e7122d9-53dc-47a8-b6b6-c87fac616c81: start FollowerState
2019-10-20 18:39:37,927 [Thread-938] INFO  impl.FollowerState (FollowerState.java:run(108)) - 7e7122d9-53dc-47a8-b6b6-c87fac616c81@group-8B8FE5B4B5B0-FollowerState: change to CANDIDATE, lastRpcTime:94ms, electionTimeout:94ms
2019-10-20 18:39:37,928 [Thread-938] INFO  impl.RoleInfo (RoleInfo.java:shutdownFollowerState(121)) - 7e7122d9-53dc-47a8-b6b6-c87fac616c81: shutdown FollowerState
2019-10-20 18:39:37,928 [Thread-938] INFO  impl.RaftServerImpl (RaftServerImpl.java:setRole(184)) - 7e7122d9-53dc-47a8-b6b6-c87fac616c81@group-8B8FE5B4B5B0: changes role from  FOLLOWER to CANDIDATE at term 49 for changeToCandidate
2019-10-20 18:39:37,928 [Thread-938] INFO  impl.RoleInfo (RoleInfo.java:updateAndGet(143)) - 7e7122d9-53dc-47a8-b6b6-c87fac616c81: start LeaderElection
2019-10-20 18:39:37,948 [7e7122d9-53dc-47a8-b6b6-c87fac616c81@group-8B8FE5B4B5B0-LeaderElection55] INFO  impl.LeaderElection (LeaderElection.java:askForVotes(178)) - 7e7122d9-53dc-47a8-b6b6-c87fac616c81@group-8B8FE5B4B5B0-LeaderElection55: begin an election at term 50 for 0: [7e7122d9-53dc-47a8-b6b6-c87fac616c81:192.168.164.253:46735, c90420fb-507e-4f39-9d1e-d32950a26e2a:192.168.164.253:35682, 5459e257-ccbc-435a-9427-c3c16be66685:192.168.164.253:45469], old=null
2019-10-20 18:39:37,951 [grpc-default-executor-5] INFO  impl.RaftServerImpl (RaftServerImpl.java:setRole(184)) - c90420fb-507e-4f39-9d1e-d32950a26e2a@group-8B8FE5B4B5B0: changes role from  FOLLOWER to FOLLOWER at term 50 for recognizeCandidate:7e7122d9-53dc-47a8-b6b6-c87fac616c81
2019-10-20 18:39:37,952 [grpc-default-executor-6] INFO  impl.RaftServerImpl (RaftServerImpl.java:setRole(184)) - 5459e257-ccbc-435a-9427-c3c16be66685@group-8B8FE5B4B5B0: changes role from  FOLLOWER to FOLLOWER at term 50 for recognizeCandidate:7e7122d9-53dc-47a8-b6b6-c87fac616c81
2019-10-20 18:39:37,952 [grpc-default-executor-5] INFO  impl.RoleInfo (RoleInfo.java:shutdownFollowerState(121)) - c90420fb-507e-4f39-9d1e-d32950a26e2a: shutdown FollowerState
2019-10-20 18:39:37,952 [grpc-default-executor-6] INFO  impl.RoleInfo (RoleInfo.java:shutdownFollowerState(121)) - 5459e257-ccbc-435a-9427-c3c16be66685: shutdown FollowerState
2019-10-20 18:39:37,952 [Thread-935] INFO  impl.FollowerState (FollowerState.java:run(117)) - c90420fb-507e-4f39-9d1e-d32950a26e2a@group-8B8FE5B4B5B0-FollowerState was interrupted: java.lang.InterruptedException: sleep interrupted
2019-10-20 18:39:37,952 [grpc-default-executor-5] INFO  impl.RoleInfo (RoleInfo.java:updateAndGet(143)) - c90420fb-507e-4f39-9d1e-d32950a26e2a: start FollowerState
2019-10-20 18:39:37,952 [grpc-default-executor-6] INFO  impl.RoleInfo (RoleInfo.java:updateAndGet(143)) - 5459e257-ccbc-435a-9427-c3c16be66685: start FollowerState
2019-10-20 18:39:37,952 [Thread-936] INFO  impl.FollowerState (FollowerState.java:run(117)) - 5459e257-ccbc-435a-9427-c3c16be66685@group-8B8FE5B4B5B0-FollowerState was interrupted: java.lang.InterruptedException: sleep interrupted
2019-10-20 18:39:37,975 [7e7122d9-53dc-47a8-b6b6-c87fac616c81@group-8B8FE5B4B5B0-LeaderElection55] INFO  impl.LeaderElection (LeaderElection.java:logAndReturn(56)) - 7e7122d9-53dc-47a8-b6b6-c87fac616c81@group-8B8FE5B4B5B0-LeaderElection55: Election REJECTED; received 2 response(s) [7e7122d9-53dc-47a8-b6b6-c87fac616c81<-c90420fb-507e-4f39-9d1e-d32950a26e2a#0:FAIL-t50, 7e7122d9-53dc-47a8-b6b6-c87fac616c81<-5459e257-ccbc-435a-9427-c3c16be66685#0:FAIL-t50] and 0 exception(s); 7e7122d9-53dc-47a8-b6b6-c87fac616c81@group-8B8FE5B4B5B0:t50, leader=null, voted=7e7122d9-53dc-47a8-b6b6-c87fac616c81, raftlog=7e7122d9-53dc-47a8-b6b6-c87fac616c81@group-8B8FE5B4B5B0-SegmentedRaftLog:OPENED:c3,f4,i4, conf=0: [7e7122d9-53dc-47a8-b6b6-c87fac616c81:192.168.164.253:46735, c90420fb-507e-4f39-9d1e-d32950a26e2a:192.168.164.253:35682, 5459e257-ccbc-435a-9427-c3c16be66685:192.168.164.253:45469], old=null
2019-10-20 18:39:37,975 [7e7122d9-53dc-47a8-b6b6-c87fac616c81@group-8B8FE5B4B5B0-LeaderElection55] INFO  impl.RaftServerImpl (RaftServerImpl.java:setRole(184)) - 7e7122d9-53dc-47a8-b6b6-c87fac616c81@group-8B8FE5B4B5B0: changes role from CANDIDATE to FOLLOWER at term 50 for DISCOVERED_A_NEW_TERM
2019-10-20 18:39:37,975 [7e7122d9-53dc-47a8-b6b6-c87fac616c81@group-8B8FE5B4B5B0-LeaderElection55] INFO  impl.RoleInfo (RoleInfo.java:shutdownLeaderElection(134)) - 7e7122d9-53dc-47a8-b6b6-c87fac616c81: shutdown LeaderElection
2019-10-20 18:39:37,976 [7e7122d9-53dc-47a8-b6b6-c87fac616c81@group-8B8FE5B4B5B0-LeaderElection55] INFO  impl.RoleInfo (RoleInfo.java:updateAndGet(143)) - 7e7122d9-53dc-47a8-b6b6-c87fac616c81: start FollowerState
2019-10-20 18:39:37,980 [Thread-934] INFO  impl.FollowerState (FollowerState.java:run(108)) - 7e7122d9-53dc-47a8-b6b6-c87fac616c81@group-432A391549C8-FollowerState: change to CANDIDATE, lastRpcTime:172ms, electionTimeout:172ms
2019-10-20 18:39:37,980 [Thread-934] INFO  impl.RoleInfo (RoleInfo.java:shutdownFollowerState(121)) - 7e7122d9-53dc-47a8-b6b6-c87fac616c81: shutdown FollowerState
2019-10-20 18:39:37,980 [Thread-934] INFO  impl.RaftServerImpl (RaftServerImpl.java:setRole(184)) - 7e7122d9-53dc-47a8-b6b6-c87fac616c81@group-432A391549C8: changes role from  FOLLOWER to CANDIDATE at term 11 for changeToCandidate
2019-10-20 18:39:37,980 [Thread-934] INFO  impl.RoleInfo (RoleInfo.java:updateAndGet(143)) - 7e7122d9-53dc-47a8-b6b6-c87fac616c81: start LeaderElection
2019-10-20 18:39:38,008 [7e7122d9-53dc-47a8-b6b6-c87fac616c81@group-432A391549C8-LeaderElection56] INFO  impl.LeaderElection (LeaderElection.java:askForVotes(178)) - 7e7122d9-53dc-47a8-b6b6-c87fac616c81@group-432A391549C8-LeaderElection56: begin an election at term 12 for -1: [7e7122d9-53dc-47a8-b6b6-c87fac616c81:192.168.164.253:46735, c90420fb-507e-4f39-9d1e-d32950a26e2a:192.168.164.253:35682, 5459e257-ccbc-435a-9427-c3c16be66685:192.168.164.253:45469], old=null
2019-10-20 18:39:38,011 [grpc-default-executor-5] INFO  impl.RaftServerImpl (RaftServerImpl.java:setRole(184)) - c90420fb-507e-4f39-9d1e-d32950a26e2a@group-432A391549C8: changes role from  FOLLOWER to FOLLOWER at term 12 for recognizeCandidate:7e7122d9-53dc-47a8-b6b6-c87fac616c81
2019-10-20 18:39:38,011 [grpc-default-executor-6] INFO  impl.RaftServerImpl (RaftServerImpl.java:setRole(184)) - 5459e257-ccbc-435a-9427-c3c16be66685@group-432A391549C8: changes role from  FOLLOWER to FOLLOWER at term 12 for recognizeCandidate:7e7122d9-53dc-47a8-b6b6-c87fac616c81
2019-10-20 18:39:38,011 [grpc-default-executor-5] INFO  impl.RoleInfo (RoleInfo.java:shutdownFollowerState(121)) - c90420fb-507e-4f39-9d1e-d32950a26e2a: shutdown FollowerState
2019-10-20 18:39:38,011 [grpc-default-executor-6] INFO  impl.RoleInfo (RoleInfo.java:shutdownFollowerState(121)) - 5459e257-ccbc-435a-9427-c3c16be66685: shutdown FollowerState
2019-10-20 18:39:38,011 [Thread-930] INFO  impl.FollowerState (FollowerState.java:run(117)) - c90420fb-507e-4f39-9d1e-d32950a26e2a@group-432A391549C8-FollowerState was interrupted: java.lang.InterruptedException: sleep interrupted
2019-10-20 18:39:38,011 [grpc-default-executor-5] INFO  impl.RoleInfo (RoleInfo.java:updateAndGet(143)) - c90420fb-507e-4f39-9d1e-d32950a26e2a: start FollowerState
2019-10-20 18:39:38,011 [Thread-931] INFO  impl.FollowerState (FollowerState.java:run(117)) - 5459e257-ccbc-435a-9427-c3c16be66685@group-432A391549C8-FollowerState was interrupted: java.lang.InterruptedException: sleep interrupted
2019-10-20 18:39:38,011 [grpc-default-executor-6] INFO  impl.RoleInfo (RoleInfo.java:updateAndGet(143)) - 5459e257-ccbc-435a-9427-c3c16be66685: start FollowerState
2019-10-20 18:39:38,035 [7e7122d9-53dc-47a8-b6b6-c87fac616c81@group-432A391549C8-LeaderElection56] INFO  impl.LeaderElection (LeaderElection.java:logAndReturn(56)) - 7e7122d9-53dc-47a8-b6b6-c87fac616c81@group-432A391549C8-LeaderElection56: Election REJECTED; received 2 response(s) [7e7122d9-53dc-47a8-b6b6-c87fac616c81<-c90420fb-507e-4f39-9d1e-d32950a26e2a#0:FAIL-t12, 7e7122d9-53dc-47a8-b6b6-c87fac616c81<-5459e257-ccbc-435a-9427-c3c16be66685#0:FAIL-t12] and 0 exception(s); 7e7122d9-53dc-47a8-b6b6-c87fac616c81@group-432A391549C8:t12, leader=null, voted=7e7122d9-53dc-47a8-b6b6-c87fac616c81, raftlog=7e7122d9-53dc-47a8-b6b6-c87fac616c81@group-432A391549C8-SegmentedRaftLog:OPENED:c-1,f-1,i0, conf=-1: [7e7122d9-53dc-47a8-b6b6-c87fac616c81:192.168.164.253:46735, c90420fb-507e-4f39-9d1e-d32950a26e2a:192.168.164.253:35682, 5459e257-ccbc-435a-9427-c3c16be66685:192.168.164.253:45469], old=null
2019-10-20 18:39:38,035 [7e7122d9-53dc-47a8-b6b6-c87fac616c81@group-432A391549C8-LeaderElection56] INFO  impl.RaftServerImpl (RaftServerImpl.java:setRole(184)) - 7e7122d9-53dc-47a8-b6b6-c87fac616c81@group-432A391549C8: changes role from CANDIDATE to FOLLOWER at term 12 for DISCOVERED_A_NEW_TERM
2019-10-20 18:39:38,035 [7e7122d9-53dc-47a8-b6b6-c87fac616c81@group-432A391549C8-LeaderElection56] INFO  impl.RoleInfo (RoleInfo.java:shutdownLeaderElection(134)) - 7e7122d9-53dc-47a8-b6b6-c87fac616c81: shutdown LeaderElection
2019-10-20 18:39:38,035 [7e7122d9-53dc-47a8-b6b6-c87fac616c81@group-432A391549C8-LeaderElection56] INFO  impl.RoleInfo (RoleInfo.java:updateAndGet(143)) - 7e7122d9-53dc-47a8-b6b6-c87fac616c81: start FollowerState
2019-10-20 18:39:38,097 [Thread-950] INFO  impl.FollowerState (FollowerState.java:run(108)) - 7e7122d9-53dc-47a8-b6b6-c87fac616c81@group-432A391549C8-FollowerState: change to CANDIDATE, lastRpcTime:61ms, electionTimeout:61ms
2019-10-20 18:39:38,097 [Thread-950] INFO  impl.RoleInfo (RoleInfo.java:shutdownFollowerState(121)) - 7e7122d9-53dc-47a8-b6b6-c87fac616c81: shutdown FollowerState
2019-10-20 18:39:38,097 [Thread-950] INFO  impl.RaftServerImpl (RaftServerImpl.java:setRole(184)) - 7e7122d9-53dc-47a8-b6b6-c87fac616c81@group-432A391549C8: changes role from  FOLLOWER to CANDIDATE at term 12 for changeToCandidate
2019-10-20 18:39:38,097 [Thread-950] INFO  impl.RoleInfo (RoleInfo.java:updateAndGet(143)) - 7e7122d9-53dc-47a8-b6b6-c87fac616c81: start LeaderElection
2019-10-20 18:39:38,109 [BlockDeletingService#2] WARN  background.BlockDeletingService (BlockDeletingService.java:isDeletionAllowed(187)) - Close Container log Index 6 is not replicated across allthe servers in the pipeline e053cdee-5b19-4be2-866a-8b8fe5b4b5b0 as the min replicated index is 4. Deletion is not allowed in this container yet.
2019-10-20 18:39:38,112 [BlockDeletingService#2] WARN  background.BlockDeletingService (BlockDeletingService.java:isDeletionAllowed(187)) - Close Container log Index 6 is not replicated across allthe servers in the pipeline e053cdee-5b19-4be2-866a-8b8fe5b4b5b0 as the min replicated index is 4. Deletion is not allowed in this container yet.
2019-10-20 18:39:38,133 [Thread-944] INFO  impl.FollowerState (FollowerState.java:run(108)) - 7e7122d9-53dc-47a8-b6b6-c87fac616c81@group-8B8FE5B4B5B0-FollowerState: change to CANDIDATE, lastRpcTime:157ms, electionTimeout:157ms
2019-10-20 18:39:38,133 [Thread-944] INFO  impl.RoleInfo (RoleInfo.java:shutdownFollowerState(121)) - 7e7122d9-53dc-47a8-b6b6-c87fac616c81: shutdown FollowerState
2019-10-20 18:39:38,133 [Thread-944] INFO  impl.RaftServerImpl (RaftServerImpl.java:setRole(184)) - 7e7122d9-53dc-47a8-b6b6-c87fac616c81@group-8B8FE5B4B5B0: changes role from  FOLLOWER to CANDIDATE at term 50 for changeToCandidate
2019-10-20 18:39:38,134 [Thread-944] INFO  impl.RoleInfo (RoleInfo.java:updateAndGet(143)) - 7e7122d9-53dc-47a8-b6b6-c87fac616c81: start LeaderElection
2019-10-20 18:39:38,143 [7e7122d9-53dc-47a8-b6b6-c87fac616c81@group-432A391549C8-LeaderElection57] INFO  impl.LeaderElection (LeaderElection.java:askForVotes(178)) - 7e7122d9-53dc-47a8-b6b6-c87fac616c81@group-432A391549C8-LeaderElection57: begin an election at term 13 for -1: [7e7122d9-53dc-47a8-b6b6-c87fac616c81:192.168.164.253:46735, c90420fb-507e-4f39-9d1e-d32950a26e2a:192.168.164.253:35682, 5459e257-ccbc-435a-9427-c3c16be66685:192.168.164.253:45469], old=null
2019-10-20 18:39:38,148 [grpc-default-executor-5] INFO  impl.RaftServerImpl (RaftServerImpl.java:setRole(184)) - 5459e257-ccbc-435a-9427-c3c16be66685@group-432A391549C8: changes role from  FOLLOWER to FOLLOWER at term 13 for recognizeCandidate:7e7122d9-53dc-47a8-b6b6-c87fac616c81
2019-10-20 18:39:38,149 [grpc-default-executor-5] INFO  impl.RoleInfo (RoleInfo.java:shutdownFollowerState(121)) - 5459e257-ccbc-435a-9427-c3c16be66685: shutdown FollowerState
2019-10-20 18:39:38,149 [grpc-default-executor-5] INFO  impl.RoleInfo (RoleInfo.java:updateAndGet(143)) - 5459e257-ccbc-435a-9427-c3c16be66685: start FollowerState
2019-10-20 18:39:38,149 [Thread-949] INFO  impl.FollowerState (FollowerState.java:run(117)) - 5459e257-ccbc-435a-9427-c3c16be66685@group-432A391549C8-FollowerState was interrupted: java.lang.InterruptedException: sleep interrupted
2019-10-20 18:39:38,150 [grpc-default-executor-6] INFO  impl.RaftServerImpl (RaftServerImpl.java:setRole(184)) - c90420fb-507e-4f39-9d1e-d32950a26e2a@group-432A391549C8: changes role from  FOLLOWER to FOLLOWER at term 13 for recognizeCandidate:7e7122d9-53dc-47a8-b6b6-c87fac616c81
2019-10-20 18:39:38,150 [grpc-default-executor-6] INFO  impl.RoleInfo (RoleInfo.java:shutdownFollowerState(121)) - c90420fb-507e-4f39-9d1e-d32950a26e2a: shutdown FollowerState
2019-10-20 18:39:38,150 [grpc-default-executor-6] INFO  impl.RoleInfo (RoleInfo.java:updateAndGet(143)) - c90420fb-507e-4f39-9d1e-d32950a26e2a: start FollowerState
2019-10-20 18:39:38,150 [Thread-948] INFO  impl.FollowerState (FollowerState.java:run(117)) - c90420fb-507e-4f39-9d1e-d32950a26e2a@group-432A391549C8-FollowerState was interrupted: java.lang.InterruptedException: sleep interrupted
2019-10-20 18:39:38,161 [7e7122d9-53dc-47a8-b6b6-c87fac616c81@group-8B8FE5B4B5B0-LeaderElection58] INFO  impl.LeaderElection (LeaderElection.java:askForVotes(178)) - 7e7122d9-53dc-47a8-b6b6-c87fac616c81@group-8B8FE5B4B5B0-LeaderElection58: begin an election at term 51 for 0: [7e7122d9-53dc-47a8-b6b6-c87fac616c81:192.168.164.253:46735, c90420fb-507e-4f39-9d1e-d32950a26e2a:192.168.164.253:35682, 5459e257-ccbc-435a-9427-c3c16be66685:192.168.164.253:45469], old=null
2019-10-20 18:39:38,163 [grpc-default-executor-7] INFO  impl.RaftServerImpl (RaftServerImpl.java:setRole(184)) - 5459e257-ccbc-435a-9427-c3c16be66685@group-8B8FE5B4B5B0: changes role from  FOLLOWER to FOLLOWER at term 51 for recognizeCandidate:7e7122d9-53dc-47a8-b6b6-c87fac616c81
2019-10-20 18:39:38,163 [grpc-default-executor-8] INFO  impl.RaftServerImpl (RaftServerImpl.java:setRole(184)) - c90420fb-507e-4f39-9d1e-d32950a26e2a@group-8B8FE5B4B5B0: changes role from  FOLLOWER to FOLLOWER at term 51 for recognizeCandidate:7e7122d9-53dc-47a8-b6b6-c87fac616c81
2019-10-20 18:39:38,164 [grpc-default-executor-8] INFO  impl.RoleInfo (RoleInfo.java:shutdownFollowerState(121)) - c90420fb-507e-4f39-9d1e-d32950a26e2a: shutdown FollowerState
2019-10-20 18:39:38,164 [grpc-default-executor-7] INFO  impl.RoleInfo (RoleInfo.java:shutdownFollowerState(121)) - 5459e257-ccbc-435a-9427-c3c16be66685: shutdown FollowerState
2019-10-20 18:39:38,164 [Thread-942] INFO  impl.FollowerState (FollowerState.java:run(117)) - c90420fb-507e-4f39-9d1e-d32950a26e2a@group-8B8FE5B4B5B0-FollowerState was interrupted: java.lang.InterruptedException: sleep interrupted
2019-10-20 18:39:38,164 [grpc-default-executor-8] INFO  impl.RoleInfo (RoleInfo.java:updateAndGet(143)) - c90420fb-507e-4f39-9d1e-d32950a26e2a: start FollowerState
2019-10-20 18:39:38,164 [Thread-943] INFO  impl.FollowerState (FollowerState.java:run(117)) - 5459e257-ccbc-435a-9427-c3c16be66685@group-8B8FE5B4B5B0-FollowerState was interrupted: java.lang.InterruptedException: sleep interrupted
2019-10-20 18:39:38,164 [grpc-default-executor-7] INFO  impl.RoleInfo (RoleInfo.java:updateAndGet(143)) - 5459e257-ccbc-435a-9427-c3c16be66685: start FollowerState
2019-10-20 18:39:38,164 [Thread-962] INFO  client.GrpcClientProtocolService (GrpcClientProtocolService.java:lambda$processClientRequest$0(278)) - Failed RaftClientRequest:client-33348DE3F0EA->7e7122d9-53dc-47a8-b6b6-c87fac616c81@group-8B8FE5B4B5B0, cid=10, seq=0, Watch-ALL_COMMITTED(6), Message:<EMPTY>, reply=RaftClientReply:client-33348DE3F0EA->7e7122d9-53dc-47a8-b6b6-c87fac616c81@group-8B8FE5B4B5B0, cid=10, FAILED org.apache.ratis.protocol.NotLeaderException: Server 7e7122d9-53dc-47a8-b6b6-c87fac616c81@group-8B8FE5B4B5B0 is not the leader, logIndex=0, commits[7e7122d9-53dc-47a8-b6b6-c87fac616c81:c3]
2019-10-20 18:39:38,167 [7e7122d9-53dc-47a8-b6b6-c87fac616c81@group-432A391549C8-LeaderElection57] INFO  impl.LeaderElection (LeaderElection.java:logAndReturn(56)) - 7e7122d9-53dc-47a8-b6b6-c87fac616c81@group-432A391549C8-LeaderElection57: Election TIMEOUT; received 0 response(s) [] and 0 exception(s); 7e7122d9-53dc-47a8-b6b6-c87fac616c81@group-432A391549C8:t13, leader=null, voted=7e7122d9-53dc-47a8-b6b6-c87fac616c81, raftlog=7e7122d9-53dc-47a8-b6b6-c87fac616c81@group-432A391549C8-SegmentedRaftLog:OPENED:c-1,f-1,i0, conf=-1: [7e7122d9-53dc-47a8-b6b6-c87fac616c81:192.168.164.253:46735, c90420fb-507e-4f39-9d1e-d32950a26e2a:192.168.164.253:35682, 5459e257-ccbc-435a-9427-c3c16be66685:192.168.164.253:45469], old=null
2019-10-20 18:39:38,195 [7e7122d9-53dc-47a8-b6b6-c87fac616c81@group-432A391549C8-LeaderElection57] INFO  impl.LeaderElection (LeaderElection.java:askForVotes(178)) - 7e7122d9-53dc-47a8-b6b6-c87fac616c81@group-432A391549C8-LeaderElection57: begin an election at term 14 for -1: [7e7122d9-53dc-47a8-b6b6-c87fac616c81:192.168.164.253:46735, c90420fb-507e-4f39-9d1e-d32950a26e2a:192.168.164.253:35682, 5459e257-ccbc-435a-9427-c3c16be66685:192.168.164.253:45469], old=null
2019-10-20 18:39:38,196 [7e7122d9-53dc-47a8-b6b6-c87fac616c81@group-8B8FE5B4B5B0-LeaderElection58] INFO  impl.LeaderElection (LeaderElection.java:logAndReturn(56)) - 7e7122d9-53dc-47a8-b6b6-c87fac616c81@group-8B8FE5B4B5B0-LeaderElection58: Election REJECTED; received 2 response(s) [7e7122d9-53dc-47a8-b6b6-c87fac616c81<-c90420fb-507e-4f39-9d1e-d32950a26e2a#0:FAIL-t51, 7e7122d9-53dc-47a8-b6b6-c87fac616c81<-5459e257-ccbc-435a-9427-c3c16be66685#0:FAIL-t51] and 0 exception(s); 7e7122d9-53dc-47a8-b6b6-c87fac616c81@group-8B8FE5B4B5B0:t51, leader=null, voted=7e7122d9-53dc-47a8-b6b6-c87fac616c81, raftlog=7e7122d9-53dc-47a8-b6b6-c87fac616c81@group-8B8FE5B4B5B0-SegmentedRaftLog:OPENED:c3,f4,i4, conf=0: [7e7122d9-53dc-47a8-b6b6-c87fac616c81:192.168.164.253:46735, c90420fb-507e-4f39-9d1e-d32950a26e2a:192.168.164.253:35682, 5459e257-ccbc-435a-9427-c3c16be66685:192.168.164.253:45469], old=null
2019-10-20 18:39:38,196 [7e7122d9-53dc-47a8-b6b6-c87fac616c81@group-8B8FE5B4B5B0-LeaderElection58] INFO  impl.RaftServerImpl (RaftServerImpl.java:setRole(184)) - 7e7122d9-53dc-47a8-b6b6-c87fac616c81@group-8B8FE5B4B5B0: changes role from CANDIDATE to FOLLOWER at term 51 for DISCOVERED_A_NEW_TERM
2019-10-20 18:39:38,196 [7e7122d9-53dc-47a8-b6b6-c87fac616c81@group-8B8FE5B4B5B0-LeaderElection58] INFO  impl.RoleInfo (RoleInfo.java:shutdownLeaderElection(134)) - 7e7122d9-53dc-47a8-b6b6-c87fac616c81: shutdown LeaderElection
2019-10-20 18:39:38,196 [7e7122d9-53dc-47a8-b6b6-c87fac616c81@group-8B8FE5B4B5B0-LeaderElection58] INFO  impl.RoleInfo (RoleInfo.java:updateAndGet(143)) - 7e7122d9-53dc-47a8-b6b6-c87fac616c81: start FollowerState
2019-10-20 18:39:38,197 [grpc-default-executor-7] INFO  impl.RaftServerImpl (RaftServerImpl.java:setRole(184)) - 5459e257-ccbc-435a-9427-c3c16be66685@group-432A391549C8: changes role from  FOLLOWER to FOLLOWER at term 14 for recognizeCandidate:7e7122d9-53dc-47a8-b6b6-c87fac616c81
2019-10-20 18:39:38,197 [grpc-default-executor-8] INFO  impl.RaftServerImpl (RaftServerImpl.java:setRole(184)) - c90420fb-507e-4f39-9d1e-d32950a26e2a@group-432A391549C8: changes role from  FOLLOWER to FOLLOWER at term 14 for recognizeCandidate:7e7122d9-53dc-47a8-b6b6-c87fac616c81
2019-10-20 18:39:38,197 [grpc-default-executor-7] INFO  impl.RoleInfo (RoleInfo.java:shutdownFollowerState(121)) - 5459e257-ccbc-435a-9427-c3c16be66685: shutdown FollowerState
2019-10-20 18:39:38,197 [grpc-default-executor-8] INFO  impl.RoleInfo (RoleInfo.java:shutdownFollowerState(121)) - c90420fb-507e-4f39-9d1e-d32950a26e2a: shutdown FollowerState
2019-10-20 18:39:38,197 [Thread-957] INFO  impl.FollowerState (FollowerState.java:run(117)) - 5459e257-ccbc-435a-9427-c3c16be66685@group-432A391549C8-FollowerState was interrupted: java.lang.InterruptedException: sleep interrupted
2019-10-20 18:39:38,197 [grpc-default-executor-7] INFO  impl.RoleInfo (RoleInfo.java:updateAndGet(143)) - 5459e257-ccbc-435a-9427-c3c16be66685: start FollowerState
2019-10-20 18:39:38,198 [Thread-958] INFO  impl.FollowerState (FollowerState.java:run(117)) - c90420fb-507e-4f39-9d1e-d32950a26e2a@group-432A391549C8-FollowerState was interrupted: java.lang.InterruptedException: sleep interrupted
2019-10-20 18:39:38,198 [grpc-default-executor-8] INFO  impl.RoleInfo (RoleInfo.java:updateAndGet(143)) - c90420fb-507e-4f39-9d1e-d32950a26e2a: start FollowerState
2019-10-20 18:39:38,221 [7e7122d9-53dc-47a8-b6b6-c87fac616c81@group-432A391549C8-LeaderElection57] INFO  impl.LeaderElection (LeaderElection.java:logAndReturn(56)) - 7e7122d9-53dc-47a8-b6b6-c87fac616c81@group-432A391549C8-LeaderElection57: Election REJECTED; received 2 response(s) [7e7122d9-53dc-47a8-b6b6-c87fac616c81<-c90420fb-507e-4f39-9d1e-d32950a26e2a#0:FAIL-t14, 7e7122d9-53dc-47a8-b6b6-c87fac616c81<-5459e257-ccbc-435a-9427-c3c16be66685#0:FAIL-t14] and 0 exception(s); 7e7122d9-53dc-47a8-b6b6-c87fac616c81@group-432A391549C8:t14, leader=null, voted=7e7122d9-53dc-47a8-b6b6-c87fac616c81, raftlog=7e7122d9-53dc-47a8-b6b6-c87fac616c81@group-432A391549C8-SegmentedRaftLog:OPENED:c-1,f-1,i0, conf=-1: [7e7122d9-53dc-47a8-b6b6-c87fac616c81:192.168.164.253:46735, c90420fb-507e-4f39-9d1e-d32950a26e2a:192.168.164.253:35682, 5459e257-ccbc-435a-9427-c3c16be66685:192.168.164.253:45469], old=null
2019-10-20 18:39:38,221 [7e7122d9-53dc-47a8-b6b6-c87fac616c81@group-432A391549C8-LeaderElection57] INFO  impl.RaftServerImpl (RaftServerImpl.java:setRole(184)) - 7e7122d9-53dc-47a8-b6b6-c87fac616c81@group-432A391549C8: changes role from CANDIDATE to FOLLOWER at term 14 for DISCOVERED_A_NEW_TERM
2019-10-20 18:39:38,221 [7e7122d9-53dc-47a8-b6b6-c87fac616c81@group-432A391549C8-LeaderElection57] INFO  impl.RoleInfo (RoleInfo.java:shutdownLeaderElection(134)) - 7e7122d9-53dc-47a8-b6b6-c87fac616c81: shutdown LeaderElection
2019-10-20 18:39:38,221 [7e7122d9-53dc-47a8-b6b6-c87fac616c81@group-432A391549C8-LeaderElection57] INFO  impl.RoleInfo (RoleInfo.java:updateAndGet(143)) - 7e7122d9-53dc-47a8-b6b6-c87fac616c81: start FollowerState
2019-10-20 18:39:38,239 [Thread-968] INFO  impl.FollowerState (FollowerState.java:run(108)) - 7e7122d9-53dc-47a8-b6b6-c87fac616c81@group-8B8FE5B4B5B0-FollowerState: change to CANDIDATE, lastRpcTime:42ms, electionTimeout:42ms
2019-10-20 18:39:38,239 [Thread-968] INFO  impl.RoleInfo (RoleInfo.java:shutdownFollowerState(121)) - 7e7122d9-53dc-47a8-b6b6-c87fac616c81: shutdown FollowerState
2019-10-20 18:39:38,239 [Thread-968] INFO  impl.RaftServerImpl (RaftServerImpl.java:setRole(184)) - 7e7122d9-53dc-47a8-b6b6-c87fac616c81@group-8B8FE5B4B5B0: changes role from  FOLLOWER to CANDIDATE at term 51 for changeToCandidate
2019-10-20 18:39:38,239 [Thread-968] INFO  impl.RoleInfo (RoleInfo.java:updateAndGet(143)) - 7e7122d9-53dc-47a8-b6b6-c87fac616c81: start LeaderElection
2019-10-20 18:39:38,255 [7e7122d9-53dc-47a8-b6b6-c87fac616c81@group-8B8FE5B4B5B0-LeaderElection59] INFO  impl.LeaderElection (LeaderElection.java:askForVotes(178)) - 7e7122d9-53dc-47a8-b6b6-c87fac616c81@group-8B8FE5B4B5B0-LeaderElection59: begin an election at term 52 for 0: [7e7122d9-53dc-47a8-b6b6-c87fac616c81:192.168.164.253:46735, c90420fb-507e-4f39-9d1e-d32950a26e2a:192.168.164.253:35682, 5459e257-ccbc-435a-9427-c3c16be66685:192.168.164.253:45469], old=null
2019-10-20 18:39:38,257 [grpc-default-executor-7] INFO  impl.RaftServerImpl (RaftServerImpl.java:setRole(184)) - c90420fb-507e-4f39-9d1e-d32950a26e2a@group-8B8FE5B4B5B0: changes role from  FOLLOWER to FOLLOWER at term 52 for recognizeCandidate:7e7122d9-53dc-47a8-b6b6-c87fac616c81
2019-10-20 18:39:38,257 [grpc-default-executor-8] INFO  impl.RaftServerImpl (RaftServerImpl.java:setRole(184)) - 5459e257-ccbc-435a-9427-c3c16be66685@group-8B8FE5B4B5B0: changes role from  FOLLOWER to FOLLOWER at term 52 for recognizeCandidate:7e7122d9-53dc-47a8-b6b6-c87fac616c81
2019-10-20 18:39:38,257 [grpc-default-executor-8] INFO  impl.RoleInfo (RoleInfo.java:shutdownFollowerState(121)) - 5459e257-ccbc-435a-9427-c3c16be66685: shutdown FollowerState
2019-10-20 18:39:38,257 [grpc-default-executor-7] INFO  impl.RoleInfo (RoleInfo.java:shutdownFollowerState(121)) - c90420fb-507e-4f39-9d1e-d32950a26e2a: shutdown FollowerState
2019-10-20 18:39:38,257 [grpc-default-executor-8] INFO  impl.RoleInfo (RoleInfo.java:updateAndGet(143)) - 5459e257-ccbc-435a-9427-c3c16be66685: start FollowerState
2019-10-20 18:39:38,257 [Thread-964] INFO  impl.FollowerState (FollowerState.java:run(117)) - 5459e257-ccbc-435a-9427-c3c16be66685@group-8B8FE5B4B5B0-FollowerState was interrupted: java.lang.InterruptedException: sleep interrupted
2019-10-20 18:39:38,257 [Thread-963] INFO  impl.FollowerState (FollowerState.java:run(117)) - c90420fb-507e-4f39-9d1e-d32950a26e2a@group-8B8FE5B4B5B0-FollowerState was interrupted: java.lang.InterruptedException: sleep interrupted
2019-10-20 18:39:38,257 [grpc-default-executor-7] INFO  impl.RoleInfo (RoleInfo.java:updateAndGet(143)) - c90420fb-507e-4f39-9d1e-d32950a26e2a: start FollowerState
2019-10-20 18:39:38,281 [7e7122d9-53dc-47a8-b6b6-c87fac616c81@group-8B8FE5B4B5B0-LeaderElection59] INFO  impl.LeaderElection (LeaderElection.java:logAndReturn(56)) - 7e7122d9-53dc-47a8-b6b6-c87fac616c81@group-8B8FE5B4B5B0-LeaderElection59: Election REJECTED; received 2 response(s) [7e7122d9-53dc-47a8-b6b6-c87fac616c81<-c90420fb-507e-4f39-9d1e-d32950a26e2a#0:FAIL-t52, 7e7122d9-53dc-47a8-b6b6-c87fac616c81<-5459e257-ccbc-435a-9427-c3c16be66685#0:FAIL-t52] and 0 exception(s); 7e7122d9-53dc-47a8-b6b6-c87fac616c81@group-8B8FE5B4B5B0:t52, leader=null, voted=7e7122d9-53dc-47a8-b6b6-c87fac616c81, raftlog=7e7122d9-53dc-47a8-b6b6-c87fac616c81@group-8B8FE5B4B5B0-SegmentedRaftLog:OPENED:c3,f4,i4, conf=0: [7e7122d9-53dc-47a8-b6b6-c87fac616c81:192.168.164.253:46735, c90420fb-507e-4f39-9d1e-d32950a26e2a:192.168.164.253:35682, 5459e257-ccbc-435a-9427-c3c16be66685:192.168.164.253:45469], old=null
2019-10-20 18:39:38,281 [7e7122d9-53dc-47a8-b6b6-c87fac616c81@group-8B8FE5B4B5B0-LeaderElection59] INFO  impl.RaftServerImpl (RaftServerImpl.java:setRole(184)) - 7e7122d9-53dc-47a8-b6b6-c87fac616c81@group-8B8FE5B4B5B0: changes role from CANDIDATE to FOLLOWER at term 52 for DISCOVERED_A_NEW_TERM
2019-10-20 18:39:38,282 [7e7122d9-53dc-47a8-b6b6-c87fac616c81@group-8B8FE5B4B5B0-LeaderElection59] INFO  impl.RoleInfo (RoleInfo.java:shutdownLeaderElection(134)) - 7e7122d9-53dc-47a8-b6b6-c87fac616c81: shutdown LeaderElection
2019-10-20 18:39:38,282 [7e7122d9-53dc-47a8-b6b6-c87fac616c81@group-8B8FE5B4B5B0-LeaderElection59] INFO  impl.RoleInfo (RoleInfo.java:updateAndGet(143)) - 7e7122d9-53dc-47a8-b6b6-c87fac616c81: start FollowerState
2019-10-20 18:39:38,288 [Thread-971] INFO  impl.FollowerState (FollowerState.java:run(108)) - 7e7122d9-53dc-47a8-b6b6-c87fac616c81@group-432A391549C8-FollowerState: change to CANDIDATE, lastRpcTime:66ms, electionTimeout:66ms
2019-10-20 18:39:38,288 [Thread-971] INFO  impl.RoleInfo (RoleInfo.java:shutdownFollowerState(121)) - 7e7122d9-53dc-47a8-b6b6-c87fac616c81: shutdown FollowerState
2019-10-20 18:39:38,288 [Thread-971] INFO  impl.RaftServerImpl (RaftServerImpl.java:setRole(184)) - 7e7122d9-53dc-47a8-b6b6-c87fac616c81@group-432A391549C8: changes role from  FOLLOWER to CANDIDATE at term 14 for changeToCandidate
2019-10-20 18:39:38,288 [Thread-971] INFO  impl.RoleInfo (RoleInfo.java:updateAndGet(143)) - 7e7122d9-53dc-47a8-b6b6-c87fac616c81: start LeaderElection
2019-10-20 18:39:38,315 [7e7122d9-53dc-47a8-b6b6-c87fac616c81@group-432A391549C8-LeaderElection60] INFO  impl.LeaderElection (LeaderElection.java:askForVotes(178)) - 7e7122d9-53dc-47a8-b6b6-c87fac616c81@group-432A391549C8-LeaderElection60: begin an election at term 15 for -1: [7e7122d9-53dc-47a8-b6b6-c87fac616c81:192.168.164.253:46735, c90420fb-507e-4f39-9d1e-d32950a26e2a:192.168.164.253:35682, 5459e257-ccbc-435a-9427-c3c16be66685:192.168.164.253:45469], old=null
2019-10-20 18:39:38,317 [grpc-default-executor-7] INFO  impl.RaftServerImpl (RaftServerImpl.java:setRole(184)) - 5459e257-ccbc-435a-9427-c3c16be66685@group-432A391549C8: changes role from  FOLLOWER to FOLLOWER at term 15 for recognizeCandidate:7e7122d9-53dc-47a8-b6b6-c87fac616c81
2019-10-20 18:39:38,317 [grpc-default-executor-8] INFO  impl.RaftServerImpl (RaftServerImpl.java:setRole(184)) - c90420fb-507e-4f39-9d1e-d32950a26e2a@group-432A391549C8: changes role from  FOLLOWER to FOLLOWER at term 15 for recognizeCandidate:7e7122d9-53dc-47a8-b6b6-c87fac616c81
2019-10-20 18:39:38,317 [grpc-default-executor-7] INFO  impl.RoleInfo (RoleInfo.java:shutdownFollowerState(121)) - 5459e257-ccbc-435a-9427-c3c16be66685: shutdown FollowerState
2019-10-20 18:39:38,317 [grpc-default-executor-8] INFO  impl.RoleInfo (RoleInfo.java:shutdownFollowerState(121)) - c90420fb-507e-4f39-9d1e-d32950a26e2a: shutdown FollowerState
2019-10-20 18:39:38,317 [Thread-969] INFO  impl.FollowerState (FollowerState.java:run(117)) - 5459e257-ccbc-435a-9427-c3c16be66685@group-432A391549C8-FollowerState was interrupted: java.lang.InterruptedException: sleep interrupted
2019-10-20 18:39:38,317 [grpc-default-executor-7] INFO  impl.RoleInfo (RoleInfo.java:updateAndGet(143)) - 5459e257-ccbc-435a-9427-c3c16be66685: start FollowerState
2019-10-20 18:39:38,318 [grpc-default-executor-8] INFO  impl.RoleInfo (RoleInfo.java:updateAndGet(143)) - c90420fb-507e-4f39-9d1e-d32950a26e2a: start FollowerState
2019-10-20 18:39:38,317 [Thread-970] INFO  impl.FollowerState (FollowerState.java:run(117)) - c90420fb-507e-4f39-9d1e-d32950a26e2a@group-432A391549C8-FollowerState was interrupted: java.lang.InterruptedException: sleep interrupted
2019-10-20 18:39:38,332 [Thread-977] INFO  impl.FollowerState (FollowerState.java:run(108)) - 7e7122d9-53dc-47a8-b6b6-c87fac616c81@group-8B8FE5B4B5B0-FollowerState: change to CANDIDATE, lastRpcTime:50ms, electionTimeout:50ms
2019-10-20 18:39:38,332 [Thread-977] INFO  impl.RoleInfo (RoleInfo.java:shutdownFollowerState(121)) - 7e7122d9-53dc-47a8-b6b6-c87fac616c81: shutdown FollowerState
2019-10-20 18:39:38,332 [Thread-977] INFO  impl.RaftServerImpl (RaftServerImpl.java:setRole(184)) - 7e7122d9-53dc-47a8-b6b6-c87fac616c81@group-8B8FE5B4B5B0: changes role from  FOLLOWER to CANDIDATE at term 52 for changeToCandidate
2019-10-20 18:39:38,332 [Thread-977] INFO  impl.RoleInfo (RoleInfo.java:updateAndGet(143)) - 7e7122d9-53dc-47a8-b6b6-c87fac616c81: start LeaderElection
2019-10-20 18:39:38,333 [7e7122d9-53dc-47a8-b6b6-c87fac616c81@group-432A391549C8-LeaderElection60] INFO  impl.LeaderElection (LeaderElection.java:logAndReturn(56)) - 7e7122d9-53dc-47a8-b6b6-c87fac616c81@group-432A391549C8-LeaderElection60: Election REJECTED; received 2 response(s) [7e7122d9-53dc-47a8-b6b6-c87fac616c81<-c90420fb-507e-4f39-9d1e-d32950a26e2a#0:FAIL-t15, 7e7122d9-53dc-47a8-b6b6-c87fac616c81<-5459e257-ccbc-435a-9427-c3c16be66685#0:FAIL-t15] and 0 exception(s); 7e7122d9-53dc-47a8-b6b6-c87fac616c81@group-432A391549C8:t15, leader=null, voted=7e7122d9-53dc-47a8-b6b6-c87fac616c81, raftlog=7e7122d9-53dc-47a8-b6b6-c87fac616c81@group-432A391549C8-SegmentedRaftLog:OPENED:c-1,f-1,i0, conf=-1: [7e7122d9-53dc-47a8-b6b6-c87fac616c81:192.168.164.253:46735, c90420fb-507e-4f39-9d1e-d32950a26e2a:192.168.164.253:35682, 5459e257-ccbc-435a-9427-c3c16be66685:192.168.164.253:45469], old=null
2019-10-20 18:39:38,333 [7e7122d9-53dc-47a8-b6b6-c87fac616c81@group-432A391549C8-LeaderElection60] INFO  impl.RaftServerImpl (RaftServerImpl.java:setRole(184)) - 7e7122d9-53dc-47a8-b6b6-c87fac616c81@group-432A391549C8: changes role from CANDIDATE to FOLLOWER at term 15 for DISCOVERED_A_NEW_TERM
2019-10-20 18:39:38,333 [7e7122d9-53dc-47a8-b6b6-c87fac616c81@group-432A391549C8-LeaderElection60] INFO  impl.RoleInfo (RoleInfo.java:shutdownLeaderElection(134)) - 7e7122d9-53dc-47a8-b6b6-c87fac616c81: shutdown LeaderElection
2019-10-20 18:39:38,334 [7e7122d9-53dc-47a8-b6b6-c87fac616c81@group-432A391549C8-LeaderElection60] INFO  impl.RoleInfo (RoleInfo.java:updateAndGet(143)) - 7e7122d9-53dc-47a8-b6b6-c87fac616c81: start FollowerState
2019-10-20 18:39:38,358 [7e7122d9-53dc-47a8-b6b6-c87fac616c81@group-8B8FE5B4B5B0-LeaderElection61] INFO  impl.LeaderElection (LeaderElection.java:askForVotes(178)) - 7e7122d9-53dc-47a8-b6b6-c87fac616c81@group-8B8FE5B4B5B0-LeaderElection61: begin an election at term 53 for 0: [7e7122d9-53dc-47a8-b6b6-c87fac616c81:192.168.164.253:46735, c90420fb-507e-4f39-9d1e-d32950a26e2a:192.168.164.253:35682, 5459e257-ccbc-435a-9427-c3c16be66685:192.168.164.253:45469], old=null
2019-10-20 18:39:38,360 [grpc-default-executor-8] INFO  impl.RaftServerImpl (RaftServerImpl.java:setRole(184)) - 5459e257-ccbc-435a-9427-c3c16be66685@group-8B8FE5B4B5B0: changes role from  FOLLOWER to FOLLOWER at term 53 for recognizeCandidate:7e7122d9-53dc-47a8-b6b6-c87fac616c81
2019-10-20 18:39:38,360 [grpc-default-executor-7] INFO  impl.RaftServerImpl (RaftServerImpl.java:setRole(184)) - c90420fb-507e-4f39-9d1e-d32950a26e2a@group-8B8FE5B4B5B0: changes role from  FOLLOWER to FOLLOWER at term 53 for recognizeCandidate:7e7122d9-53dc-47a8-b6b6-c87fac616c81
2019-10-20 18:39:38,360 [grpc-default-executor-8] INFO  impl.RoleInfo (RoleInfo.java:shutdownFollowerState(121)) - 5459e257-ccbc-435a-9427-c3c16be66685: shutdown FollowerState
2019-10-20 18:39:38,360 [grpc-default-executor-7] INFO  impl.RoleInfo (RoleInfo.java:shutdownFollowerState(121)) - c90420fb-507e-4f39-9d1e-d32950a26e2a: shutdown FollowerState
2019-10-20 18:39:38,360 [Thread-975] INFO  impl.FollowerState (FollowerState.java:run(117)) - 5459e257-ccbc-435a-9427-c3c16be66685@group-8B8FE5B4B5B0-FollowerState was interrupted: java.lang.InterruptedException: sleep interrupted
2019-10-20 18:39:38,360 [grpc-default-executor-8] INFO  impl.RoleInfo (RoleInfo.java:updateAndGet(143)) - 5459e257-ccbc-435a-9427-c3c16be66685: start FollowerState
2019-10-20 18:39:38,360 [Thread-976] INFO  impl.FollowerState (FollowerState.java:run(117)) - c90420fb-507e-4f39-9d1e-d32950a26e2a@group-8B8FE5B4B5B0-FollowerState was interrupted: java.lang.InterruptedException: sleep interrupted
2019-10-20 18:39:38,360 [grpc-default-executor-7] INFO  impl.RoleInfo (RoleInfo.java:updateAndGet(143)) - c90420fb-507e-4f39-9d1e-d32950a26e2a: start FollowerState
2019-10-20 18:39:38,384 [7e7122d9-53dc-47a8-b6b6-c87fac616c81@group-8B8FE5B4B5B0-LeaderElection61] INFO  impl.LeaderElection (LeaderElection.java:logAndReturn(56)) - 7e7122d9-53dc-47a8-b6b6-c87fac616c81@group-8B8FE5B4B5B0-LeaderElection61: Election REJECTED; received 2 response(s) [7e7122d9-53dc-47a8-b6b6-c87fac616c81<-c90420fb-507e-4f39-9d1e-d32950a26e2a#0:FAIL-t53, 7e7122d9-53dc-47a8-b6b6-c87fac616c81<-5459e257-ccbc-435a-9427-c3c16be66685#0:FAIL-t53] and 0 exception(s); 7e7122d9-53dc-47a8-b6b6-c87fac616c81@group-8B8FE5B4B5B0:t53, leader=null, voted=7e7122d9-53dc-47a8-b6b6-c87fac616c81, raftlog=7e7122d9-53dc-47a8-b6b6-c87fac616c81@group-8B8FE5B4B5B0-SegmentedRaftLog:OPENED:c3,f4,i4, conf=0: [7e7122d9-53dc-47a8-b6b6-c87fac616c81:192.168.164.253:46735, c90420fb-507e-4f39-9d1e-d32950a26e2a:192.168.164.253:35682, 5459e257-ccbc-435a-9427-c3c16be66685:192.168.164.253:45469], old=null
2019-10-20 18:39:38,384 [7e7122d9-53dc-47a8-b6b6-c87fac616c81@group-8B8FE5B4B5B0-LeaderElection61] INFO  impl.RaftServerImpl (RaftServerImpl.java:setRole(184)) - 7e7122d9-53dc-47a8-b6b6-c87fac616c81@group-8B8FE5B4B5B0: changes role from CANDIDATE to FOLLOWER at term 53 for DISCOVERED_A_NEW_TERM
2019-10-20 18:39:38,384 [7e7122d9-53dc-47a8-b6b6-c87fac616c81@group-8B8FE5B4B5B0-LeaderElection61] INFO  impl.RoleInfo (RoleInfo.java:shutdownLeaderElection(134)) - 7e7122d9-53dc-47a8-b6b6-c87fac616c81: shutdown LeaderElection
2019-10-20 18:39:38,385 [7e7122d9-53dc-47a8-b6b6-c87fac616c81@group-8B8FE5B4B5B0-LeaderElection61] INFO  impl.RoleInfo (RoleInfo.java:updateAndGet(143)) - 7e7122d9-53dc-47a8-b6b6-c87fac616c81: start FollowerState
2019-10-20 18:39:38,398 [Thread-984] INFO  impl.FollowerState (FollowerState.java:run(108)) - 7e7122d9-53dc-47a8-b6b6-c87fac616c81@group-432A391549C8-FollowerState: change to CANDIDATE, lastRpcTime:64ms, electionTimeout:64ms
2019-10-20 18:39:38,398 [Thread-984] INFO  impl.RoleInfo (RoleInfo.java:shutdownFollowerState(121)) - 7e7122d9-53dc-47a8-b6b6-c87fac616c81: shutdown FollowerState
2019-10-20 18:39:38,398 [Thread-984] INFO  impl.RaftServerImpl (RaftServerImpl.java:setRole(184)) - 7e7122d9-53dc-47a8-b6b6-c87fac616c81@group-432A391549C8: changes role from  FOLLOWER to CANDIDATE at term 15 for changeToCandidate
2019-10-20 18:39:38,398 [Thread-984] INFO  impl.RoleInfo (RoleInfo.java:updateAndGet(143)) - 7e7122d9-53dc-47a8-b6b6-c87fac616c81: start LeaderElection
2019-10-20 18:39:38,425 [7e7122d9-53dc-47a8-b6b6-c87fac616c81@group-432A391549C8-LeaderElection62] INFO  impl.LeaderElection (LeaderElection.java:askForVotes(178)) - 7e7122d9-53dc-47a8-b6b6-c87fac616c81@group-432A391549C8-LeaderElection62: begin an election at term 16 for -1: [7e7122d9-53dc-47a8-b6b6-c87fac616c81:192.168.164.253:46735, c90420fb-507e-4f39-9d1e-d32950a26e2a:192.168.164.253:35682, 5459e257-ccbc-435a-9427-c3c16be66685:192.168.164.253:45469], old=null
2019-10-20 18:39:38,427 [grpc-default-executor-7] INFO  impl.RaftServerImpl (RaftServerImpl.java:setRole(184)) - c90420fb-507e-4f39-9d1e-d32950a26e2a@group-432A391549C8: changes role from  FOLLOWER to FOLLOWER at term 16 for recognizeCandidate:7e7122d9-53dc-47a8-b6b6-c87fac616c81
2019-10-20 18:39:38,427 [grpc-default-executor-8] INFO  impl.RaftServerImpl (RaftServerImpl.java:setRole(184)) - 5459e257-ccbc-435a-9427-c3c16be66685@group-432A391549C8: changes role from  FOLLOWER to FOLLOWER at term 16 for recognizeCandidate:7e7122d9-53dc-47a8-b6b6-c87fac616c81
2019-10-20 18:39:38,428 [grpc-default-executor-7] INFO  impl.RoleInfo (RoleInfo.java:shutdownFollowerState(121)) - c90420fb-507e-4f39-9d1e-d32950a26e2a: shutdown FollowerState
2019-10-20 18:39:38,428 [grpc-default-executor-8] INFO  impl.RoleInfo (RoleInfo.java:shutdownFollowerState(121)) - 5459e257-ccbc-435a-9427-c3c16be66685: shutdown FollowerState
2019-10-20 18:39:38,428 [grpc-default-executor-7] INFO  impl.RoleInfo (RoleInfo.java:updateAndGet(143)) - c90420fb-507e-4f39-9d1e-d32950a26e2a: start FollowerState
2019-10-20 18:39:38,428 [Thread-981] INFO  impl.FollowerState (FollowerState.java:run(117)) - 5459e257-ccbc-435a-9427-c3c16be66685@group-432A391549C8-FollowerState was interrupted: java.lang.InterruptedException: sleep interrupted
2019-10-20 18:39:38,428 [grpc-default-executor-8] INFO  impl.RoleInfo (RoleInfo.java:updateAndGet(143)) - 5459e257-ccbc-435a-9427-c3c16be66685: start FollowerState
2019-10-20 18:39:38,428 [Thread-982] INFO  impl.FollowerState (FollowerState.java:run(117)) - c90420fb-507e-4f39-9d1e-d32950a26e2a@group-432A391549C8-FollowerState was interrupted: java.lang.InterruptedException: sleep interrupted
2019-10-20 18:39:38,452 [7e7122d9-53dc-47a8-b6b6-c87fac616c81@group-432A391549C8-LeaderElection62] INFO  impl.LeaderElection (LeaderElection.java:logAndReturn(56)) - 7e7122d9-53dc-47a8-b6b6-c87fac616c81@group-432A391549C8-LeaderElection62: Election REJECTED; received 2 response(s) [7e7122d9-53dc-47a8-b6b6-c87fac616c81<-c90420fb-507e-4f39-9d1e-d32950a26e2a#0:FAIL-t16, 7e7122d9-53dc-47a8-b6b6-c87fac616c81<-5459e257-ccbc-435a-9427-c3c16be66685#0:FAIL-t16] and 0 exception(s); 7e7122d9-53dc-47a8-b6b6-c87fac616c81@group-432A391549C8:t16, leader=null, voted=7e7122d9-53dc-47a8-b6b6-c87fac616c81, raftlog=7e7122d9-53dc-47a8-b6b6-c87fac616c81@group-432A391549C8-SegmentedRaftLog:OPENED:c-1,f-1,i0, conf=-1: [7e7122d9-53dc-47a8-b6b6-c87fac616c81:192.168.164.253:46735, c90420fb-507e-4f39-9d1e-d32950a26e2a:192.168.164.253:35682, 5459e257-ccbc-435a-9427-c3c16be66685:192.168.164.253:45469], old=null
2019-10-20 18:39:38,452 [7e7122d9-53dc-47a8-b6b6-c87fac616c81@group-432A391549C8-LeaderElection62] INFO  impl.RaftServerImpl (RaftServerImpl.java:setRole(184)) - 7e7122d9-53dc-47a8-b6b6-c87fac616c81@group-432A391549C8: changes role from CANDIDATE to FOLLOWER at term 16 for DISCOVERED_A_NEW_TERM
2019-10-20 18:39:38,452 [7e7122d9-53dc-47a8-b6b6-c87fac616c81@group-432A391549C8-LeaderElection62] INFO  impl.RoleInfo (RoleInfo.java:shutdownLeaderElection(134)) - 7e7122d9-53dc-47a8-b6b6-c87fac616c81: shutdown LeaderElection
2019-10-20 18:39:38,452 [7e7122d9-53dc-47a8-b6b6-c87fac616c81@group-432A391549C8-LeaderElection62] INFO  impl.RoleInfo (RoleInfo.java:updateAndGet(143)) - 7e7122d9-53dc-47a8-b6b6-c87fac616c81: start FollowerState
2019-10-20 18:39:38,469 [Thread-989] INFO  impl.FollowerState (FollowerState.java:run(108)) - 7e7122d9-53dc-47a8-b6b6-c87fac616c81@group-8B8FE5B4B5B0-FollowerState: change to CANDIDATE, lastRpcTime:84ms, electionTimeout:84ms
2019-10-20 18:39:38,469 [Thread-989] INFO  impl.RoleInfo (RoleInfo.java:shutdownFollowerState(121)) - 7e7122d9-53dc-47a8-b6b6-c87fac616c81: shutdown FollowerState
2019-10-20 18:39:38,469 [Thread-989] INFO  impl.RaftServerImpl (RaftServerImpl.java:setRole(184)) - 7e7122d9-53dc-47a8-b6b6-c87fac616c81@group-8B8FE5B4B5B0: changes role from  FOLLOWER to CANDIDATE at term 53 for changeToCandidate
2019-10-20 18:39:38,469 [Thread-989] INFO  impl.RoleInfo (RoleInfo.java:updateAndGet(143)) - 7e7122d9-53dc-47a8-b6b6-c87fac616c81: start LeaderElection
2019-10-20 18:39:38,493 [7e7122d9-53dc-47a8-b6b6-c87fac616c81@group-8B8FE5B4B5B0-LeaderElection63] INFO  impl.LeaderElection (LeaderElection.java:askForVotes(178)) - 7e7122d9-53dc-47a8-b6b6-c87fac616c81@group-8B8FE5B4B5B0-LeaderElection63: begin an election at term 54 for 0: [7e7122d9-53dc-47a8-b6b6-c87fac616c81:192.168.164.253:46735, c90420fb-507e-4f39-9d1e-d32950a26e2a:192.168.164.253:35682, 5459e257-ccbc-435a-9427-c3c16be66685:192.168.164.253:45469], old=null
2019-10-20 18:39:38,495 [grpc-default-executor-7] INFO  impl.RaftServerImpl (RaftServerImpl.java:setRole(184)) - c90420fb-507e-4f39-9d1e-d32950a26e2a@group-8B8FE5B4B5B0: changes role from  FOLLOWER to FOLLOWER at term 54 for recognizeCandidate:7e7122d9-53dc-47a8-b6b6-c87fac616c81
2019-10-20 18:39:38,495 [grpc-default-executor-8] INFO  impl.RaftServerImpl (RaftServerImpl.java:setRole(184)) - 5459e257-ccbc-435a-9427-c3c16be66685@group-8B8FE5B4B5B0: changes role from  FOLLOWER to FOLLOWER at term 54 for recognizeCandidate:7e7122d9-53dc-47a8-b6b6-c87fac616c81
2019-10-20 18:39:38,495 [grpc-default-executor-8] INFO  impl.RoleInfo (RoleInfo.java:shutdownFollowerState(121)) - 5459e257-ccbc-435a-9427-c3c16be66685: shutdown FollowerState
2019-10-20 18:39:38,495 [grpc-default-executor-7] INFO  impl.RoleInfo (RoleInfo.java:shutdownFollowerState(121)) - c90420fb-507e-4f39-9d1e-d32950a26e2a: shutdown FollowerState
2019-10-20 18:39:38,495 [Thread-987] INFO  impl.FollowerState (FollowerState.java:run(117)) - 5459e257-ccbc-435a-9427-c3c16be66685@group-8B8FE5B4B5B0-FollowerState was interrupted: java.lang.InterruptedException: sleep interrupted
2019-10-20 18:39:38,495 [grpc-default-executor-8] INFO  impl.RoleInfo (RoleInfo.java:updateAndGet(143)) - 5459e257-ccbc-435a-9427-c3c16be66685: start FollowerState
2019-10-20 18:39:38,495 [Thread-988] INFO  impl.FollowerState (FollowerState.java:run(117)) - c90420fb-507e-4f39-9d1e-d32950a26e2a@group-8B8FE5B4B5B0-FollowerState was interrupted: java.lang.InterruptedException: sleep interrupted
2019-10-20 18:39:38,495 [grpc-default-executor-7] INFO  impl.RoleInfo (RoleInfo.java:updateAndGet(143)) - c90420fb-507e-4f39-9d1e-d32950a26e2a: start FollowerState
2019-10-20 18:39:38,519 [7e7122d9-53dc-47a8-b6b6-c87fac616c81@group-8B8FE5B4B5B0-LeaderElection63] INFO  impl.LeaderElection (LeaderElection.java:logAndReturn(56)) - 7e7122d9-53dc-47a8-b6b6-c87fac616c81@group-8B8FE5B4B5B0-LeaderElection63: Election REJECTED; received 2 response(s) [7e7122d9-53dc-47a8-b6b6-c87fac616c81<-c90420fb-507e-4f39-9d1e-d32950a26e2a#0:FAIL-t54, 7e7122d9-53dc-47a8-b6b6-c87fac616c81<-5459e257-ccbc-435a-9427-c3c16be66685#0:FAIL-t54] and 0 exception(s); 7e7122d9-53dc-47a8-b6b6-c87fac616c81@group-8B8FE5B4B5B0:t54, leader=null, voted=7e7122d9-53dc-47a8-b6b6-c87fac616c81, raftlog=7e7122d9-53dc-47a8-b6b6-c87fac616c81@group-8B8FE5B4B5B0-SegmentedRaftLog:OPENED:c3,f4,i4, conf=0: [7e7122d9-53dc-47a8-b6b6-c87fac616c81:192.168.164.253:46735, c90420fb-507e-4f39-9d1e-d32950a26e2a:192.168.164.253:35682, 5459e257-ccbc-435a-9427-c3c16be66685:192.168.164.253:45469], old=null
2019-10-20 18:39:38,519 [7e7122d9-53dc-47a8-b6b6-c87fac616c81@group-8B8FE5B4B5B0-LeaderElection63] INFO  impl.RaftServerImpl (RaftServerImpl.java:setRole(184)) - 7e7122d9-53dc-47a8-b6b6-c87fac616c81@group-8B8FE5B4B5B0: changes role from CANDIDATE to FOLLOWER at term 54 for DISCOVERED_A_NEW_TERM
2019-10-20 18:39:38,519 [7e7122d9-53dc-47a8-b6b6-c87fac616c81@group-8B8FE5B4B5B0-LeaderElection63] INFO  impl.RoleInfo (RoleInfo.java:shutdownLeaderElection(134)) - 7e7122d9-53dc-47a8-b6b6-c87fac616c81: shutdown LeaderElection
2019-10-20 18:39:38,519 [7e7122d9-53dc-47a8-b6b6-c87fac616c81@group-8B8FE5B4B5B0-LeaderElection63] INFO  impl.RoleInfo (RoleInfo.java:updateAndGet(143)) - 7e7122d9-53dc-47a8-b6b6-c87fac616c81: start FollowerState
2019-10-20 18:39:38,521 [Thread-995] INFO  impl.FollowerState (FollowerState.java:run(108)) - 7e7122d9-53dc-47a8-b6b6-c87fac616c81@group-432A391549C8-FollowerState: change to CANDIDATE, lastRpcTime:69ms, electionTimeout:69ms
2019-10-20 18:39:38,521 [Thread-995] INFO  impl.RoleInfo (RoleInfo.java:shutdownFollowerState(121)) - 7e7122d9-53dc-47a8-b6b6-c87fac616c81: shutdown FollowerState
2019-10-20 18:39:38,521 [Thread-995] INFO  impl.RaftServerImpl (RaftServerImpl.java:setRole(184)) - 7e7122d9-53dc-47a8-b6b6-c87fac616c81@group-432A391549C8: changes role from  FOLLOWER to CANDIDATE at term 16 for changeToCandidate
2019-10-20 18:39:38,521 [Thread-995] INFO  impl.RoleInfo (RoleInfo.java:updateAndGet(143)) - 7e7122d9-53dc-47a8-b6b6-c87fac616c81: start LeaderElection
2019-10-20 18:39:38,544 [7e7122d9-53dc-47a8-b6b6-c87fac616c81@group-432A391549C8-LeaderElection64] INFO  impl.LeaderElection (LeaderElection.java:askForVotes(178)) - 7e7122d9-53dc-47a8-b6b6-c87fac616c81@group-432A391549C8-LeaderElection64: begin an election at term 17 for -1: [7e7122d9-53dc-47a8-b6b6-c87fac616c81:192.168.164.253:46735, c90420fb-507e-4f39-9d1e-d32950a26e2a:192.168.164.253:35682, 5459e257-ccbc-435a-9427-c3c16be66685:192.168.164.253:45469], old=null
2019-10-20 18:39:38,546 [grpc-default-executor-8] INFO  impl.RaftServerImpl (RaftServerImpl.java:setRole(184)) - 5459e257-ccbc-435a-9427-c3c16be66685@group-432A391549C8: changes role from  FOLLOWER to FOLLOWER at term 17 for recognizeCandidate:7e7122d9-53dc-47a8-b6b6-c87fac616c81
2019-10-20 18:39:38,547 [grpc-default-executor-7] INFO  impl.RaftServerImpl (RaftServerImpl.java:setRole(184)) - c90420fb-507e-4f39-9d1e-d32950a26e2a@group-432A391549C8: changes role from  FOLLOWER to FOLLOWER at term 17 for recognizeCandidate:7e7122d9-53dc-47a8-b6b6-c87fac616c81
2019-10-20 18:39:38,547 [grpc-default-executor-8] INFO  impl.RoleInfo (RoleInfo.java:shutdownFollowerState(121)) - 5459e257-ccbc-435a-9427-c3c16be66685: shutdown FollowerState
2019-10-20 18:39:38,547 [grpc-default-executor-7] INFO  impl.RoleInfo (RoleInfo.java:shutdownFollowerState(121)) - c90420fb-507e-4f39-9d1e-d32950a26e2a: shutdown FollowerState
2019-10-20 18:39:38,547 [Thread-994] INFO  impl.FollowerState (FollowerState.java:run(117)) - 5459e257-ccbc-435a-9427-c3c16be66685@group-432A391549C8-FollowerState was interrupted: java.lang.InterruptedException: sleep interrupted
2019-10-20 18:39:38,547 [grpc-default-executor-8] INFO  impl.RoleInfo (RoleInfo.java:updateAndGet(143)) - 5459e257-ccbc-435a-9427-c3c16be66685: start FollowerState
2019-10-20 18:39:38,547 [grpc-default-executor-7] INFO  impl.RoleInfo (RoleInfo.java:updateAndGet(143)) - c90420fb-507e-4f39-9d1e-d32950a26e2a: start FollowerState
2019-10-20 18:39:38,547 [Thread-993] INFO  impl.FollowerState (FollowerState.java:run(117)) - c90420fb-507e-4f39-9d1e-d32950a26e2a@group-432A391549C8-FollowerState was interrupted: java.lang.InterruptedException: sleep interrupted
2019-10-20 18:39:38,570 [7e7122d9-53dc-47a8-b6b6-c87fac616c81@group-432A391549C8-LeaderElection64] INFO  impl.LeaderElection (LeaderElection.java:logAndReturn(56)) - 7e7122d9-53dc-47a8-b6b6-c87fac616c81@group-432A391549C8-LeaderElection64: Election REJECTED; received 2 response(s) [7e7122d9-53dc-47a8-b6b6-c87fac616c81<-c90420fb-507e-4f39-9d1e-d32950a26e2a#0:FAIL-t17, 7e7122d9-53dc-47a8-b6b6-c87fac616c81<-5459e257-ccbc-435a-9427-c3c16be66685#0:FAIL-t17] and 0 exception(s); 7e7122d9-53dc-47a8-b6b6-c87fac616c81@group-432A391549C8:t17, leader=null, voted=7e7122d9-53dc-47a8-b6b6-c87fac616c81, raftlog=7e7122d9-53dc-47a8-b6b6-c87fac616c81@group-432A391549C8-SegmentedRaftLog:OPENED:c-1,f-1,i0, conf=-1: [7e7122d9-53dc-47a8-b6b6-c87fac616c81:192.168.164.253:46735, c90420fb-507e-4f39-9d1e-d32950a26e2a:192.168.164.253:35682, 5459e257-ccbc-435a-9427-c3c16be66685:192.168.164.253:45469], old=null
2019-10-20 18:39:38,570 [7e7122d9-53dc-47a8-b6b6-c87fac616c81@group-432A391549C8-LeaderElection64] INFO  impl.RaftServerImpl (RaftServerImpl.java:setRole(184)) - 7e7122d9-53dc-47a8-b6b6-c87fac616c81@group-432A391549C8: changes role from CANDIDATE to FOLLOWER at term 17 for DISCOVERED_A_NEW_TERM
2019-10-20 18:39:38,571 [7e7122d9-53dc-47a8-b6b6-c87fac616c81@group-432A391549C8-LeaderElection64] INFO  impl.RoleInfo (RoleInfo.java:shutdownLeaderElection(134)) - 7e7122d9-53dc-47a8-b6b6-c87fac616c81: shutdown LeaderElection
2019-10-20 18:39:38,571 [7e7122d9-53dc-47a8-b6b6-c87fac616c81@group-432A391549C8-LeaderElection64] INFO  impl.RoleInfo (RoleInfo.java:updateAndGet(143)) - 7e7122d9-53dc-47a8-b6b6-c87fac616c81: start FollowerState
2019-10-20 18:39:38,603 [Thread-1007] INFO  impl.FollowerState (FollowerState.java:run(108)) - 7e7122d9-53dc-47a8-b6b6-c87fac616c81@group-432A391549C8-FollowerState: change to CANDIDATE, lastRpcTime:32ms, electionTimeout:32ms
2019-10-20 18:39:38,603 [Thread-1007] INFO  impl.RoleInfo (RoleInfo.java:shutdownFollowerState(121)) - 7e7122d9-53dc-47a8-b6b6-c87fac616c81: shutdown FollowerState
2019-10-20 18:39:38,603 [Thread-1007] INFO  impl.RaftServerImpl (RaftServerImpl.java:setRole(184)) - 7e7122d9-53dc-47a8-b6b6-c87fac616c81@group-432A391549C8: changes role from  FOLLOWER to CANDIDATE at term 17 for changeToCandidate
2019-10-20 18:39:38,603 [Thread-1007] INFO  impl.RoleInfo (RoleInfo.java:updateAndGet(143)) - 7e7122d9-53dc-47a8-b6b6-c87fac616c81: start LeaderElection
2019-10-20 18:39:38,629 [7e7122d9-53dc-47a8-b6b6-c87fac616c81@group-432A391549C8-LeaderElection65] INFO  impl.LeaderElection (LeaderElection.java:askForVotes(178)) - 7e7122d9-53dc-47a8-b6b6-c87fac616c81@group-432A391549C8-LeaderElection65: begin an election at term 18 for -1: [7e7122d9-53dc-47a8-b6b6-c87fac616c81:192.168.164.253:46735, c90420fb-507e-4f39-9d1e-d32950a26e2a:192.168.164.253:35682, 5459e257-ccbc-435a-9427-c3c16be66685:192.168.164.253:45469], old=null
2019-10-20 18:39:38,631 [grpc-default-executor-7] INFO  impl.RaftServerImpl (RaftServerImpl.java:setRole(184)) - c90420fb-507e-4f39-9d1e-d32950a26e2a@group-432A391549C8: changes role from  FOLLOWER to FOLLOWER at term 18 for recognizeCandidate:7e7122d9-53dc-47a8-b6b6-c87fac616c81
2019-10-20 18:39:38,631 [grpc-default-executor-7] INFO  impl.RoleInfo (RoleInfo.java:shutdownFollowerState(121)) - c90420fb-507e-4f39-9d1e-d32950a26e2a: shutdown FollowerState
2019-10-20 18:39:38,631 [grpc-default-executor-7] INFO  impl.RoleInfo (RoleInfo.java:updateAndGet(143)) - c90420fb-507e-4f39-9d1e-d32950a26e2a: start FollowerState
2019-10-20 18:39:38,632 [grpc-default-executor-8] INFO  impl.RaftServerImpl (RaftServerImpl.java:setRole(184)) - 5459e257-ccbc-435a-9427-c3c16be66685@group-432A391549C8: changes role from  FOLLOWER to FOLLOWER at term 18 for recognizeCandidate:7e7122d9-53dc-47a8-b6b6-c87fac616c81
2019-10-20 18:39:38,631 [Thread-1006] INFO  impl.FollowerState (FollowerState.java:run(117)) - c90420fb-507e-4f39-9d1e-d32950a26e2a@group-432A391549C8-FollowerState was interrupted: java.lang.InterruptedException: sleep interrupted
2019-10-20 18:39:38,632 [grpc-default-executor-8] INFO  impl.RoleInfo (RoleInfo.java:shutdownFollowerState(121)) - 5459e257-ccbc-435a-9427-c3c16be66685: shutdown FollowerState
2019-10-20 18:39:38,632 [grpc-default-executor-8] INFO  impl.RoleInfo (RoleInfo.java:updateAndGet(143)) - 5459e257-ccbc-435a-9427-c3c16be66685: start FollowerState
2019-10-20 18:39:38,632 [Thread-1005] INFO  impl.FollowerState (FollowerState.java:run(117)) - 5459e257-ccbc-435a-9427-c3c16be66685@group-432A391549C8-FollowerState was interrupted: java.lang.InterruptedException: sleep interrupted
2019-10-20 18:39:38,655 [7e7122d9-53dc-47a8-b6b6-c87fac616c81@group-432A391549C8-LeaderElection65] INFO  impl.LeaderElection (LeaderElection.java:logAndReturn(56)) - 7e7122d9-53dc-47a8-b6b6-c87fac616c81@group-432A391549C8-LeaderElection65: Election REJECTED; received 2 response(s) [7e7122d9-53dc-47a8-b6b6-c87fac616c81<-c90420fb-507e-4f39-9d1e-d32950a26e2a#0:FAIL-t18, 7e7122d9-53dc-47a8-b6b6-c87fac616c81<-5459e257-ccbc-435a-9427-c3c16be66685#0:FAIL-t18] and 0 exception(s); 7e7122d9-53dc-47a8-b6b6-c87fac616c81@group-432A391549C8:t18, leader=null, voted=7e7122d9-53dc-47a8-b6b6-c87fac616c81, raftlog=7e7122d9-53dc-47a8-b6b6-c87fac616c81@group-432A391549C8-SegmentedRaftLog:OPENED:c-1,f-1,i0, conf=-1: [7e7122d9-53dc-47a8-b6b6-c87fac616c81:192.168.164.253:46735, c90420fb-507e-4f39-9d1e-d32950a26e2a:192.168.164.253:35682, 5459e257-ccbc-435a-9427-c3c16be66685:192.168.164.253:45469], old=null
2019-10-20 18:39:38,655 [7e7122d9-53dc-47a8-b6b6-c87fac616c81@group-432A391549C8-LeaderElection65] INFO  impl.RaftServerImpl (RaftServerImpl.java:setRole(184)) - 7e7122d9-53dc-47a8-b6b6-c87fac616c81@group-432A391549C8: changes role from CANDIDATE to FOLLOWER at term 18 for DISCOVERED_A_NEW_TERM
2019-10-20 18:39:38,656 [7e7122d9-53dc-47a8-b6b6-c87fac616c81@group-432A391549C8-LeaderElection65] INFO  impl.RoleInfo (RoleInfo.java:shutdownLeaderElection(134)) - 7e7122d9-53dc-47a8-b6b6-c87fac616c81: shutdown LeaderElection
2019-10-20 18:39:38,656 [7e7122d9-53dc-47a8-b6b6-c87fac616c81@group-432A391549C8-LeaderElection65] INFO  impl.RoleInfo (RoleInfo.java:updateAndGet(143)) - 7e7122d9-53dc-47a8-b6b6-c87fac616c81: start FollowerState
2019-10-20 18:39:38,672 [Thread-1013] INFO  impl.FollowerState (FollowerState.java:run(108)) - 7e7122d9-53dc-47a8-b6b6-c87fac616c81@group-432A391549C8-FollowerState: change to CANDIDATE, lastRpcTime:16ms, electionTimeout:16ms
2019-10-20 18:39:38,695 [Thread-1013] INFO  impl.RoleInfo (RoleInfo.java:shutdownFollowerState(121)) - 7e7122d9-53dc-47a8-b6b6-c87fac616c81: shutdown FollowerState
2019-10-20 18:39:38,698 [Thread-1013] INFO  impl.RaftServerImpl (RaftServerImpl.java:setRole(184)) - 7e7122d9-53dc-47a8-b6b6-c87fac616c81@group-432A391549C8: changes role from  FOLLOWER to CANDIDATE at term 18 for changeToCandidate
2019-10-20 18:39:38,702 [Thread-1013] INFO  impl.RoleInfo (RoleInfo.java:updateAndGet(143)) - 7e7122d9-53dc-47a8-b6b6-c87fac616c81: start LeaderElection
2019-10-20 18:39:38,714 [Thread-1001] INFO  impl.FollowerState (FollowerState.java:run(108)) - 7e7122d9-53dc-47a8-b6b6-c87fac616c81@group-8B8FE5B4B5B0-FollowerState: change to CANDIDATE, lastRpcTime:194ms, electionTimeout:194ms
2019-10-20 18:39:38,714 [Thread-1001] INFO  impl.RoleInfo (RoleInfo.java:shutdownFollowerState(121)) - 7e7122d9-53dc-47a8-b6b6-c87fac616c81: shutdown FollowerState
2019-10-20 18:39:38,715 [Thread-1001] INFO  impl.RaftServerImpl (RaftServerImpl.java:setRole(184)) - 7e7122d9-53dc-47a8-b6b6-c87fac616c81@group-8B8FE5B4B5B0: changes role from  FOLLOWER to CANDIDATE at term 54 for changeToCandidate
2019-10-20 18:39:38,715 [Thread-1001] INFO  impl.RoleInfo (RoleInfo.java:updateAndGet(143)) - 7e7122d9-53dc-47a8-b6b6-c87fac616c81: start LeaderElection
2019-10-20 18:39:38,738 [7e7122d9-53dc-47a8-b6b6-c87fac616c81@group-432A391549C8-LeaderElection66] INFO  impl.LeaderElection (LeaderElection.java:askForVotes(178)) - 7e7122d9-53dc-47a8-b6b6-c87fac616c81@group-432A391549C8-LeaderElection66: begin an election at term 19 for -1: [7e7122d9-53dc-47a8-b6b6-c87fac616c81:192.168.164.253:46735, c90420fb-507e-4f39-9d1e-d32950a26e2a:192.168.164.253:35682, 5459e257-ccbc-435a-9427-c3c16be66685:192.168.164.253:45469], old=null
2019-10-20 18:39:38,738 [7e7122d9-53dc-47a8-b6b6-c87fac616c81@group-8B8FE5B4B5B0-LeaderElection67] INFO  impl.LeaderElection (LeaderElection.java:askForVotes(178)) - 7e7122d9-53dc-47a8-b6b6-c87fac616c81@group-8B8FE5B4B5B0-LeaderElection67: begin an election at term 55 for 0: [7e7122d9-53dc-47a8-b6b6-c87fac616c81:192.168.164.253:46735, c90420fb-507e-4f39-9d1e-d32950a26e2a:192.168.164.253:35682, 5459e257-ccbc-435a-9427-c3c16be66685:192.168.164.253:45469], old=null
2019-10-20 18:39:38,741 [grpc-default-executor-7] INFO  impl.RaftServerImpl (RaftServerImpl.java:setRole(184)) - 5459e257-ccbc-435a-9427-c3c16be66685@group-8B8FE5B4B5B0: changes role from  FOLLOWER to FOLLOWER at term 55 for recognizeCandidate:7e7122d9-53dc-47a8-b6b6-c87fac616c81
2019-10-20 18:39:38,741 [grpc-default-executor-8] INFO  impl.RaftServerImpl (RaftServerImpl.java:setRole(184)) - 5459e257-ccbc-435a-9427-c3c16be66685@group-432A391549C8: changes role from  FOLLOWER to FOLLOWER at term 19 for recognizeCandidate:7e7122d9-53dc-47a8-b6b6-c87fac616c81
2019-10-20 18:39:38,741 [grpc-default-executor-7] INFO  impl.RoleInfo (RoleInfo.java:shutdownFollowerState(121)) - 5459e257-ccbc-435a-9427-c3c16be66685: shutdown FollowerState
2019-10-20 18:39:38,741 [grpc-default-executor-6] INFO  impl.RaftServerImpl (RaftServerImpl.java:setRole(184)) - c90420fb-507e-4f39-9d1e-d32950a26e2a@group-432A391549C8: changes role from  FOLLOWER to FOLLOWER at term 19 for recognizeCandidate:7e7122d9-53dc-47a8-b6b6-c87fac616c81
2019-10-20 18:39:38,741 [grpc-default-executor-6] INFO  impl.RoleInfo (RoleInfo.java:shutdownFollowerState(121)) - c90420fb-507e-4f39-9d1e-d32950a26e2a: shutdown FollowerState
2019-10-20 18:39:38,741 [grpc-default-executor-8] INFO  impl.RoleInfo (RoleInfo.java:shutdownFollowerState(121)) - 5459e257-ccbc-435a-9427-c3c16be66685: shutdown FollowerState
2019-10-20 18:39:38,742 [Thread-1011] INFO  impl.FollowerState (FollowerState.java:run(117)) - c90420fb-507e-4f39-9d1e-d32950a26e2a@group-432A391549C8-FollowerState was interrupted: java.lang.InterruptedException: sleep interrupted
2019-10-20 18:39:38,742 [grpc-default-executor-6] INFO  impl.RoleInfo (RoleInfo.java:updateAndGet(143)) - c90420fb-507e-4f39-9d1e-d32950a26e2a: start FollowerState
2019-10-20 18:39:38,741 [grpc-default-executor-5] INFO  impl.RaftServerImpl (RaftServerImpl.java:setRole(184)) - c90420fb-507e-4f39-9d1e-d32950a26e2a@group-8B8FE5B4B5B0: changes role from  FOLLOWER to FOLLOWER at term 55 for recognizeCandidate:7e7122d9-53dc-47a8-b6b6-c87fac616c81
2019-10-20 18:39:38,742 [grpc-default-executor-5] INFO  impl.RoleInfo (RoleInfo.java:shutdownFollowerState(121)) - c90420fb-507e-4f39-9d1e-d32950a26e2a: shutdown FollowerState
2019-10-20 18:39:38,741 [grpc-default-executor-7] INFO  impl.RoleInfo (RoleInfo.java:updateAndGet(143)) - 5459e257-ccbc-435a-9427-c3c16be66685: start FollowerState
2019-10-20 18:39:38,741 [Thread-999] INFO  impl.FollowerState (FollowerState.java:run(117)) - 5459e257-ccbc-435a-9427-c3c16be66685@group-8B8FE5B4B5B0-FollowerState was interrupted: java.lang.InterruptedException: sleep interrupted
2019-10-20 18:39:38,742 [Thread-1000] INFO  impl.FollowerState (FollowerState.java:run(117)) - c90420fb-507e-4f39-9d1e-d32950a26e2a@group-8B8FE5B4B5B0-FollowerState was interrupted: java.lang.InterruptedException: sleep interrupted
2019-10-20 18:39:38,742 [grpc-default-executor-5] INFO  impl.RoleInfo (RoleInfo.java:updateAndGet(143)) - c90420fb-507e-4f39-9d1e-d32950a26e2a: start FollowerState
2019-10-20 18:39:38,742 [Thread-1012] INFO  impl.FollowerState (FollowerState.java:run(117)) - 5459e257-ccbc-435a-9427-c3c16be66685@group-432A391549C8-FollowerState was interrupted: java.lang.InterruptedException: sleep interrupted
2019-10-20 18:39:38,742 [grpc-default-executor-8] INFO  impl.RoleInfo (RoleInfo.java:updateAndGet(143)) - 5459e257-ccbc-435a-9427-c3c16be66685: start FollowerState
2019-10-20 18:39:38,766 [7e7122d9-53dc-47a8-b6b6-c87fac616c81@group-8B8FE5B4B5B0-LeaderElection67] INFO  impl.LeaderElection (LeaderElection.java:logAndReturn(56)) - 7e7122d9-53dc-47a8-b6b6-c87fac616c81@group-8B8FE5B4B5B0-LeaderElection67: Election REJECTED; received 2 response(s) [7e7122d9-53dc-47a8-b6b6-c87fac616c81<-c90420fb-507e-4f39-9d1e-d32950a26e2a#0:FAIL-t55, 7e7122d9-53dc-47a8-b6b6-c87fac616c81<-5459e257-ccbc-435a-9427-c3c16be66685#0:FAIL-t55] and 0 exception(s); 7e7122d9-53dc-47a8-b6b6-c87fac616c81@group-8B8FE5B4B5B0:t55, leader=null, voted=7e7122d9-53dc-47a8-b6b6-c87fac616c81, raftlog=7e7122d9-53dc-47a8-b6b6-c87fac616c81@group-8B8FE5B4B5B0-SegmentedRaftLog:OPENED:c3,f4,i4, conf=0: [7e7122d9-53dc-47a8-b6b6-c87fac616c81:192.168.164.253:46735, c90420fb-507e-4f39-9d1e-d32950a26e2a:192.168.164.253:35682, 5459e257-ccbc-435a-9427-c3c16be66685:192.168.164.253:45469], old=null
2019-10-20 18:39:38,766 [7e7122d9-53dc-47a8-b6b6-c87fac616c81@group-432A391549C8-LeaderElection66] INFO  impl.LeaderElection (LeaderElection.java:logAndReturn(56)) - 7e7122d9-53dc-47a8-b6b6-c87fac616c81@group-432A391549C8-LeaderElection66: Election REJECTED; received 2 response(s) [7e7122d9-53dc-47a8-b6b6-c87fac616c81<-c90420fb-507e-4f39-9d1e-d32950a26e2a#0:FAIL-t19, 7e7122d9-53dc-47a8-b6b6-c87fac616c81<-5459e257-ccbc-435a-9427-c3c16be66685#0:FAIL-t19] and 0 exception(s); 7e7122d9-53dc-47a8-b6b6-c87fac616c81@group-432A391549C8:t19, leader=null, voted=7e7122d9-53dc-47a8-b6b6-c87fac616c81, raftlog=7e7122d9-53dc-47a8-b6b6-c87fac616c81@group-432A391549C8-SegmentedRaftLog:OPENED:c-1,f-1,i0, conf=-1: [7e7122d9-53dc-47a8-b6b6-c87fac616c81:192.168.164.253:46735, c90420fb-507e-4f39-9d1e-d32950a26e2a:192.168.164.253:35682, 5459e257-ccbc-435a-9427-c3c16be66685:192.168.164.253:45469], old=null
2019-10-20 18:39:38,766 [7e7122d9-53dc-47a8-b6b6-c87fac616c81@group-8B8FE5B4B5B0-LeaderElection67] INFO  impl.RaftServerImpl (RaftServerImpl.java:setRole(184)) - 7e7122d9-53dc-47a8-b6b6-c87fac616c81@group-8B8FE5B4B5B0: changes role from CANDIDATE to FOLLOWER at term 55 for DISCOVERED_A_NEW_TERM
2019-10-20 18:39:38,767 [7e7122d9-53dc-47a8-b6b6-c87fac616c81@group-432A391549C8-LeaderElection66] INFO  impl.RaftServerImpl (RaftServerImpl.java:setRole(184)) - 7e7122d9-53dc-47a8-b6b6-c87fac616c81@group-432A391549C8: changes role from CANDIDATE to FOLLOWER at term 19 for DISCOVERED_A_NEW_TERM
2019-10-20 18:39:38,767 [7e7122d9-53dc-47a8-b6b6-c87fac616c81@group-8B8FE5B4B5B0-LeaderElection67] INFO  impl.RoleInfo (RoleInfo.java:shutdownLeaderElection(134)) - 7e7122d9-53dc-47a8-b6b6-c87fac616c81: shutdown LeaderElection
2019-10-20 18:39:38,767 [7e7122d9-53dc-47a8-b6b6-c87fac616c81@group-432A391549C8-LeaderElection66] INFO  impl.RoleInfo (RoleInfo.java:shutdownLeaderElection(134)) - 7e7122d9-53dc-47a8-b6b6-c87fac616c81: shutdown LeaderElection
2019-10-20 18:39:38,767 [7e7122d9-53dc-47a8-b6b6-c87fac616c81@group-8B8FE5B4B5B0-LeaderElection67] INFO  impl.RoleInfo (RoleInfo.java:updateAndGet(143)) - 7e7122d9-53dc-47a8-b6b6-c87fac616c81: start FollowerState
2019-10-20 18:39:38,767 [7e7122d9-53dc-47a8-b6b6-c87fac616c81@group-432A391549C8-LeaderElection66] INFO  impl.RoleInfo (RoleInfo.java:updateAndGet(143)) - 7e7122d9-53dc-47a8-b6b6-c87fac616c81: start FollowerState
2019-10-20 18:39:38,877 [Thread-1025] INFO  impl.FollowerState (FollowerState.java:run(108)) - 7e7122d9-53dc-47a8-b6b6-c87fac616c81@group-432A391549C8-FollowerState: change to CANDIDATE, lastRpcTime:109ms, electionTimeout:109ms
2019-10-20 18:39:38,877 [Thread-1025] INFO  impl.RoleInfo (RoleInfo.java:shutdownFollowerState(121)) - 7e7122d9-53dc-47a8-b6b6-c87fac616c81: shutdown FollowerState
2019-10-20 18:39:38,877 [Thread-1025] INFO  impl.RaftServerImpl (RaftServerImpl.java:setRole(184)) - 7e7122d9-53dc-47a8-b6b6-c87fac616c81@group-432A391549C8: changes role from  FOLLOWER to CANDIDATE at term 19 for changeToCandidate
2019-10-20 18:39:38,877 [Thread-1025] INFO  impl.RoleInfo (RoleInfo.java:updateAndGet(143)) - 7e7122d9-53dc-47a8-b6b6-c87fac616c81: start LeaderElection
2019-10-20 18:39:38,908 [7e7122d9-53dc-47a8-b6b6-c87fac616c81@group-432A391549C8-LeaderElection68] INFO  impl.LeaderElection (LeaderElection.java:askForVotes(178)) - 7e7122d9-53dc-47a8-b6b6-c87fac616c81@group-432A391549C8-LeaderElection68: begin an election at term 20 for -1: [7e7122d9-53dc-47a8-b6b6-c87fac616c81:192.168.164.253:46735, c90420fb-507e-4f39-9d1e-d32950a26e2a:192.168.164.253:35682, 5459e257-ccbc-435a-9427-c3c16be66685:192.168.164.253:45469], old=null
2019-10-20 18:39:38,911 [grpc-default-executor-5] INFO  impl.RaftServerImpl (RaftServerImpl.java:setRole(184)) - c90420fb-507e-4f39-9d1e-d32950a26e2a@group-432A391549C8: changes role from  FOLLOWER to FOLLOWER at term 20 for recognizeCandidate:7e7122d9-53dc-47a8-b6b6-c87fac616c81
2019-10-20 18:39:38,912 [grpc-default-executor-5] INFO  impl.RoleInfo (RoleInfo.java:shutdownFollowerState(121)) - c90420fb-507e-4f39-9d1e-d32950a26e2a: shutdown FollowerState
2019-10-20 18:39:38,912 [grpc-default-executor-6] INFO  impl.RaftServerImpl (RaftServerImpl.java:setRole(184)) - 5459e257-ccbc-435a-9427-c3c16be66685@group-432A391549C8: changes role from  FOLLOWER to FOLLOWER at term 20 for recognizeCandidate:7e7122d9-53dc-47a8-b6b6-c87fac616c81
2019-10-20 18:39:38,912 [grpc-default-executor-6] INFO  impl.RoleInfo (RoleInfo.java:shutdownFollowerState(121)) - 5459e257-ccbc-435a-9427-c3c16be66685: shutdown FollowerState
2019-10-20 18:39:38,912 [Thread-1021] INFO  impl.FollowerState (FollowerState.java:run(117)) - c90420fb-507e-4f39-9d1e-d32950a26e2a@group-432A391549C8-FollowerState was interrupted: java.lang.InterruptedException: sleep interrupted
2019-10-20 18:39:38,912 [grpc-default-executor-5] INFO  impl.RoleInfo (RoleInfo.java:updateAndGet(143)) - c90420fb-507e-4f39-9d1e-d32950a26e2a: start FollowerState
2019-10-20 18:39:38,912 [Thread-1022] INFO  impl.FollowerState (FollowerState.java:run(117)) - 5459e257-ccbc-435a-9427-c3c16be66685@group-432A391549C8-FollowerState was interrupted: java.lang.InterruptedException: sleep interrupted
2019-10-20 18:39:38,912 [grpc-default-executor-6] INFO  impl.RoleInfo (RoleInfo.java:updateAndGet(143)) - 5459e257-ccbc-435a-9427-c3c16be66685: start FollowerState
2019-10-20 18:39:38,944 [7e7122d9-53dc-47a8-b6b6-c87fac616c81@group-432A391549C8-LeaderElection68] INFO  impl.LeaderElection (LeaderElection.java:logAndReturn(56)) - 7e7122d9-53dc-47a8-b6b6-c87fac616c81@group-432A391549C8-LeaderElection68: Election REJECTED; received 2 response(s) [7e7122d9-53dc-47a8-b6b6-c87fac616c81<-c90420fb-507e-4f39-9d1e-d32950a26e2a#0:FAIL-t20, 7e7122d9-53dc-47a8-b6b6-c87fac616c81<-5459e257-ccbc-435a-9427-c3c16be66685#0:FAIL-t20] and 0 exception(s); 7e7122d9-53dc-47a8-b6b6-c87fac616c81@group-432A391549C8:t20, leader=null, voted=7e7122d9-53dc-47a8-b6b6-c87fac616c81, raftlog=7e7122d9-53dc-47a8-b6b6-c87fac616c81@group-432A391549C8-SegmentedRaftLog:OPENED:c-1,f-1,i0, conf=-1: [7e7122d9-53dc-47a8-b6b6-c87fac616c81:192.168.164.253:46735, c90420fb-507e-4f39-9d1e-d32950a26e2a:192.168.164.253:35682, 5459e257-ccbc-435a-9427-c3c16be66685:192.168.164.253:45469], old=null
2019-10-20 18:39:38,944 [7e7122d9-53dc-47a8-b6b6-c87fac616c81@group-432A391549C8-LeaderElection68] INFO  impl.RaftServerImpl (RaftServerImpl.java:setRole(184)) - 7e7122d9-53dc-47a8-b6b6-c87fac616c81@group-432A391549C8: changes role from CANDIDATE to FOLLOWER at term 20 for DISCOVERED_A_NEW_TERM
2019-10-20 18:39:38,944 [7e7122d9-53dc-47a8-b6b6-c87fac616c81@group-432A391549C8-LeaderElection68] INFO  impl.RoleInfo (RoleInfo.java:shutdownLeaderElection(134)) - 7e7122d9-53dc-47a8-b6b6-c87fac616c81: shutdown LeaderElection
2019-10-20 18:39:38,944 [7e7122d9-53dc-47a8-b6b6-c87fac616c81@group-432A391549C8-LeaderElection68] INFO  impl.RoleInfo (RoleInfo.java:updateAndGet(143)) - 7e7122d9-53dc-47a8-b6b6-c87fac616c81: start FollowerState
2019-10-20 18:39:38,945 [Thread-1024] INFO  impl.FollowerState (FollowerState.java:run(108)) - 7e7122d9-53dc-47a8-b6b6-c87fac616c81@group-8B8FE5B4B5B0-FollowerState: change to CANDIDATE, lastRpcTime:178ms, electionTimeout:178ms
2019-10-20 18:39:38,946 [Thread-1024] INFO  impl.RoleInfo (RoleInfo.java:shutdownFollowerState(121)) - 7e7122d9-53dc-47a8-b6b6-c87fac616c81: shutdown FollowerState
2019-10-20 18:39:38,946 [Thread-1024] INFO  impl.RaftServerImpl (RaftServerImpl.java:setRole(184)) - 7e7122d9-53dc-47a8-b6b6-c87fac616c81@group-8B8FE5B4B5B0: changes role from  FOLLOWER to CANDIDATE at term 55 for changeToCandidate
2019-10-20 18:39:38,946 [Thread-1024] INFO  impl.RoleInfo (RoleInfo.java:updateAndGet(143)) - 7e7122d9-53dc-47a8-b6b6-c87fac616c81: start LeaderElection
2019-10-20 18:39:38,976 [7e7122d9-53dc-47a8-b6b6-c87fac616c81@group-8B8FE5B4B5B0-LeaderElection69] INFO  impl.LeaderElection (LeaderElection.java:askForVotes(178)) - 7e7122d9-53dc-47a8-b6b6-c87fac616c81@group-8B8FE5B4B5B0-LeaderElection69: begin an election at term 56 for 0: [7e7122d9-53dc-47a8-b6b6-c87fac616c81:192.168.164.253:46735, c90420fb-507e-4f39-9d1e-d32950a26e2a:192.168.164.253:35682, 5459e257-ccbc-435a-9427-c3c16be66685:192.168.164.253:45469], old=null
2019-10-20 18:39:38,978 [grpc-default-executor-5] INFO  impl.RaftServerImpl (RaftServerImpl.java:setRole(184)) - 5459e257-ccbc-435a-9427-c3c16be66685@group-8B8FE5B4B5B0: changes role from  FOLLOWER to FOLLOWER at term 56 for recognizeCandidate:7e7122d9-53dc-47a8-b6b6-c87fac616c81
2019-10-20 18:39:38,979 [grpc-default-executor-5] INFO  impl.RoleInfo (RoleInfo.java:shutdownFollowerState(121)) - 5459e257-ccbc-435a-9427-c3c16be66685: shutdown FollowerState
2019-10-20 18:39:38,979 [grpc-default-executor-6] INFO  impl.RaftServerImpl (RaftServerImpl.java:setRole(184)) - c90420fb-507e-4f39-9d1e-d32950a26e2a@group-8B8FE5B4B5B0: changes role from  FOLLOWER to FOLLOWER at term 56 for recognizeCandidate:7e7122d9-53dc-47a8-b6b6-c87fac616c81
2019-10-20 18:39:38,979 [Thread-1020] INFO  impl.FollowerState (FollowerState.java:run(117)) - 5459e257-ccbc-435a-9427-c3c16be66685@group-8B8FE5B4B5B0-FollowerState was interrupted: java.lang.InterruptedException: sleep interrupted
2019-10-20 18:39:38,979 [grpc-default-executor-5] INFO  impl.RoleInfo (RoleInfo.java:updateAndGet(143)) - 5459e257-ccbc-435a-9427-c3c16be66685: start FollowerState
2019-10-20 18:39:38,979 [grpc-default-executor-6] INFO  impl.RoleInfo (RoleInfo.java:shutdownFollowerState(121)) - c90420fb-507e-4f39-9d1e-d32950a26e2a: shutdown FollowerState
2019-10-20 18:39:38,979 [grpc-default-executor-6] INFO  impl.RoleInfo (RoleInfo.java:updateAndGet(143)) - c90420fb-507e-4f39-9d1e-d32950a26e2a: start FollowerState
2019-10-20 18:39:38,979 [Thread-1023] INFO  impl.FollowerState (FollowerState.java:run(117)) - c90420fb-507e-4f39-9d1e-d32950a26e2a@group-8B8FE5B4B5B0-FollowerState was interrupted: java.lang.InterruptedException: sleep interrupted
2019-10-20 18:39:39,008 [7e7122d9-53dc-47a8-b6b6-c87fac616c81@group-8B8FE5B4B5B0-LeaderElection69] INFO  impl.LeaderElection (LeaderElection.java:logAndReturn(56)) - 7e7122d9-53dc-47a8-b6b6-c87fac616c81@group-8B8FE5B4B5B0-LeaderElection69: Election TIMEOUT; received 0 response(s) [] and 0 exception(s); 7e7122d9-53dc-47a8-b6b6-c87fac616c81@group-8B8FE5B4B5B0:t56, leader=null, voted=7e7122d9-53dc-47a8-b6b6-c87fac616c81, raftlog=7e7122d9-53dc-47a8-b6b6-c87fac616c81@group-8B8FE5B4B5B0-SegmentedRaftLog:OPENED:c3,f4,i4, conf=0: [7e7122d9-53dc-47a8-b6b6-c87fac616c81:192.168.164.253:46735, c90420fb-507e-4f39-9d1e-d32950a26e2a:192.168.164.253:35682, 5459e257-ccbc-435a-9427-c3c16be66685:192.168.164.253:45469], old=null
2019-10-20 18:39:39,028 [7e7122d9-53dc-47a8-b6b6-c87fac616c81@group-8B8FE5B4B5B0-LeaderElection69] INFO  impl.LeaderElection (LeaderElection.java:askForVotes(178)) - 7e7122d9-53dc-47a8-b6b6-c87fac616c81@group-8B8FE5B4B5B0-LeaderElection69: begin an election at term 57 for 0: [7e7122d9-53dc-47a8-b6b6-c87fac616c81:192.168.164.253:46735, c90420fb-507e-4f39-9d1e-d32950a26e2a:192.168.164.253:35682, 5459e257-ccbc-435a-9427-c3c16be66685:192.168.164.253:45469], old=null
2019-10-20 18:39:39,030 [grpc-default-executor-5] INFO  impl.RaftServerImpl (RaftServerImpl.java:setRole(184)) - c90420fb-507e-4f39-9d1e-d32950a26e2a@group-8B8FE5B4B5B0: changes role from  FOLLOWER to FOLLOWER at term 57 for recognizeCandidate:7e7122d9-53dc-47a8-b6b6-c87fac616c81
2019-10-20 18:39:39,030 [grpc-default-executor-6] INFO  impl.RaftServerImpl (RaftServerImpl.java:setRole(184)) - 5459e257-ccbc-435a-9427-c3c16be66685@group-8B8FE5B4B5B0: changes role from  FOLLOWER to FOLLOWER at term 57 for recognizeCandidate:7e7122d9-53dc-47a8-b6b6-c87fac616c81
2019-10-20 18:39:39,030 [grpc-default-executor-5] INFO  impl.RoleInfo (RoleInfo.java:shutdownFollowerState(121)) - c90420fb-507e-4f39-9d1e-d32950a26e2a: shutdown FollowerState
2019-10-20 18:39:39,030 [grpc-default-executor-6] INFO  impl.RoleInfo (RoleInfo.java:shutdownFollowerState(121)) - 5459e257-ccbc-435a-9427-c3c16be66685: shutdown FollowerState
2019-10-20 18:39:39,031 [Thread-1037] INFO  impl.FollowerState (FollowerState.java:run(117)) - c90420fb-507e-4f39-9d1e-d32950a26e2a@group-8B8FE5B4B5B0-FollowerState was interrupted: java.lang.InterruptedException: sleep interrupted
2019-10-20 18:39:39,031 [grpc-default-executor-5] INFO  impl.RoleInfo (RoleInfo.java:updateAndGet(143)) - c90420fb-507e-4f39-9d1e-d32950a26e2a: start FollowerState
2019-10-20 18:39:39,031 [Thread-1036] INFO  impl.FollowerState (FollowerState.java:run(117)) - 5459e257-ccbc-435a-9427-c3c16be66685@group-8B8FE5B4B5B0-FollowerState was interrupted: java.lang.InterruptedException: sleep interrupted
2019-10-20 18:39:39,031 [grpc-default-executor-6] INFO  impl.RoleInfo (RoleInfo.java:updateAndGet(143)) - 5459e257-ccbc-435a-9427-c3c16be66685: start FollowerState
2019-10-20 18:39:39,054 [7e7122d9-53dc-47a8-b6b6-c87fac616c81@group-8B8FE5B4B5B0-LeaderElection69] INFO  impl.LeaderElection (LeaderElection.java:logAndReturn(56)) - 7e7122d9-53dc-47a8-b6b6-c87fac616c81@group-8B8FE5B4B5B0-LeaderElection69: Election REJECTED; received 2 response(s) [7e7122d9-53dc-47a8-b6b6-c87fac616c81<-c90420fb-507e-4f39-9d1e-d32950a26e2a#0:FAIL-t57, 7e7122d9-53dc-47a8-b6b6-c87fac616c81<-5459e257-ccbc-435a-9427-c3c16be66685#0:FAIL-t57] and 0 exception(s); 7e7122d9-53dc-47a8-b6b6-c87fac616c81@group-8B8FE5B4B5B0:t57, leader=null, voted=7e7122d9-53dc-47a8-b6b6-c87fac616c81, raftlog=7e7122d9-53dc-47a8-b6b6-c87fac616c81@group-8B8FE5B4B5B0-SegmentedRaftLog:OPENED:c3,f4,i4, conf=0: [7e7122d9-53dc-47a8-b6b6-c87fac616c81:192.168.164.253:46735, c90420fb-507e-4f39-9d1e-d32950a26e2a:192.168.164.253:35682, 5459e257-ccbc-435a-9427-c3c16be66685:192.168.164.253:45469], old=null
2019-10-20 18:39:39,055 [7e7122d9-53dc-47a8-b6b6-c87fac616c81@group-8B8FE5B4B5B0-LeaderElection69] INFO  impl.RaftServerImpl (RaftServerImpl.java:setRole(184)) - 7e7122d9-53dc-47a8-b6b6-c87fac616c81@group-8B8FE5B4B5B0: changes role from CANDIDATE to FOLLOWER at term 57 for DISCOVERED_A_NEW_TERM
2019-10-20 18:39:39,055 [7e7122d9-53dc-47a8-b6b6-c87fac616c81@group-8B8FE5B4B5B0-LeaderElection69] INFO  impl.RoleInfo (RoleInfo.java:shutdownLeaderElection(134)) - 7e7122d9-53dc-47a8-b6b6-c87fac616c81: shutdown LeaderElection
2019-10-20 18:39:39,055 [7e7122d9-53dc-47a8-b6b6-c87fac616c81@group-8B8FE5B4B5B0-LeaderElection69] INFO  impl.RoleInfo (RoleInfo.java:updateAndGet(143)) - 7e7122d9-53dc-47a8-b6b6-c87fac616c81: start FollowerState
2019-10-20 18:39:39,106 [Thread-1032] INFO  impl.FollowerState (FollowerState.java:run(108)) - 7e7122d9-53dc-47a8-b6b6-c87fac616c81@group-432A391549C8-FollowerState: change to CANDIDATE, lastRpcTime:161ms, electionTimeout:161ms
2019-10-20 18:39:39,106 [Thread-1032] INFO  impl.RoleInfo (RoleInfo.java:shutdownFollowerState(121)) - 7e7122d9-53dc-47a8-b6b6-c87fac616c81: shutdown FollowerState
2019-10-20 18:39:39,106 [Thread-1032] INFO  impl.RaftServerImpl (RaftServerImpl.java:setRole(184)) - 7e7122d9-53dc-47a8-b6b6-c87fac616c81@group-432A391549C8: changes role from  FOLLOWER to CANDIDATE at term 20 for changeToCandidate
2019-10-20 18:39:39,106 [Thread-1032] INFO  impl.RoleInfo (RoleInfo.java:updateAndGet(143)) - 7e7122d9-53dc-47a8-b6b6-c87fac616c81: start LeaderElection
2019-10-20 18:39:39,110 [BlockDeletingService#2] WARN  background.BlockDeletingService (BlockDeletingService.java:isDeletionAllowed(187)) - Close Container log Index 6 is not replicated across allthe servers in the pipeline e053cdee-5b19-4be2-866a-8b8fe5b4b5b0 as the min replicated index is 4. Deletion is not allowed in this container yet.
2019-10-20 18:39:39,113 [BlockDeletingService#2] WARN  background.BlockDeletingService (BlockDeletingService.java:isDeletionAllowed(187)) - Close Container log Index 6 is not replicated across allthe servers in the pipeline e053cdee-5b19-4be2-866a-8b8fe5b4b5b0 as the min replicated index is 4. Deletion is not allowed in this container yet.
2019-10-20 18:39:39,129 [7e7122d9-53dc-47a8-b6b6-c87fac616c81@group-432A391549C8-LeaderElection70] INFO  impl.LeaderElection (LeaderElection.java:askForVotes(178)) - 7e7122d9-53dc-47a8-b6b6-c87fac616c81@group-432A391549C8-LeaderElection70: begin an election at term 21 for -1: [7e7122d9-53dc-47a8-b6b6-c87fac616c81:192.168.164.253:46735, c90420fb-507e-4f39-9d1e-d32950a26e2a:192.168.164.253:35682, 5459e257-ccbc-435a-9427-c3c16be66685:192.168.164.253:45469], old=null
2019-10-20 18:39:39,131 [grpc-default-executor-5] INFO  impl.RaftServerImpl (RaftServerImpl.java:setRole(184)) - c90420fb-507e-4f39-9d1e-d32950a26e2a@group-432A391549C8: changes role from  FOLLOWER to FOLLOWER at term 21 for recognizeCandidate:7e7122d9-53dc-47a8-b6b6-c87fac616c81
2019-10-20 18:39:39,131 [grpc-default-executor-6] INFO  impl.RaftServerImpl (RaftServerImpl.java:setRole(184)) - 5459e257-ccbc-435a-9427-c3c16be66685@group-432A391549C8: changes role from  FOLLOWER to FOLLOWER at term 21 for recognizeCandidate:7e7122d9-53dc-47a8-b6b6-c87fac616c81
2019-10-20 18:39:39,131 [grpc-default-executor-5] INFO  impl.RoleInfo (RoleInfo.java:shutdownFollowerState(121)) - c90420fb-507e-4f39-9d1e-d32950a26e2a: shutdown FollowerState
2019-10-20 18:39:39,131 [grpc-default-executor-6] INFO  impl.RoleInfo (RoleInfo.java:shutdownFollowerState(121)) - 5459e257-ccbc-435a-9427-c3c16be66685: shutdown FollowerState
2019-10-20 18:39:39,132 [grpc-default-executor-5] INFO  impl.RoleInfo (RoleInfo.java:updateAndGet(143)) - c90420fb-507e-4f39-9d1e-d32950a26e2a: start FollowerState
2019-10-20 18:39:39,132 [Thread-1031] INFO  impl.FollowerState (FollowerState.java:run(117)) - 5459e257-ccbc-435a-9427-c3c16be66685@group-432A391549C8-FollowerState was interrupted: java.lang.InterruptedException: sleep interrupted
2019-10-20 18:39:39,132 [grpc-default-executor-6] INFO  impl.RoleInfo (RoleInfo.java:updateAndGet(143)) - 5459e257-ccbc-435a-9427-c3c16be66685: start FollowerState
2019-10-20 18:39:39,132 [Thread-1030] INFO  impl.FollowerState (FollowerState.java:run(117)) - c90420fb-507e-4f39-9d1e-d32950a26e2a@group-432A391549C8-FollowerState was interrupted: java.lang.InterruptedException: sleep interrupted
2019-10-20 18:39:39,147 [7e7122d9-53dc-47a8-b6b6-c87fac616c81@group-432A391549C8-LeaderElection70] INFO  impl.LeaderElection (LeaderElection.java:logAndReturn(56)) - 7e7122d9-53dc-47a8-b6b6-c87fac616c81@group-432A391549C8-LeaderElection70: Election REJECTED; received 2 response(s) [7e7122d9-53dc-47a8-b6b6-c87fac616c81<-c90420fb-507e-4f39-9d1e-d32950a26e2a#0:FAIL-t21, 7e7122d9-53dc-47a8-b6b6-c87fac616c81<-5459e257-ccbc-435a-9427-c3c16be66685#0:FAIL-t21] and 0 exception(s); 7e7122d9-53dc-47a8-b6b6-c87fac616c81@group-432A391549C8:t21, leader=null, voted=7e7122d9-53dc-47a8-b6b6-c87fac616c81, raftlog=7e7122d9-53dc-47a8-b6b6-c87fac616c81@group-432A391549C8-SegmentedRaftLog:OPENED:c-1,f-1,i0, conf=-1: [7e7122d9-53dc-47a8-b6b6-c87fac616c81:192.168.164.253:46735, c90420fb-507e-4f39-9d1e-d32950a26e2a:192.168.164.253:35682, 5459e257-ccbc-435a-9427-c3c16be66685:192.168.164.253:45469], old=null
2019-10-20 18:39:39,147 [7e7122d9-53dc-47a8-b6b6-c87fac616c81@group-432A391549C8-LeaderElection70] INFO  impl.RaftServerImpl (RaftServerImpl.java:setRole(184)) - 7e7122d9-53dc-47a8-b6b6-c87fac616c81@group-432A391549C8: changes role from CANDIDATE to FOLLOWER at term 21 for DISCOVERED_A_NEW_TERM
2019-10-20 18:39:39,147 [7e7122d9-53dc-47a8-b6b6-c87fac616c81@group-432A391549C8-LeaderElection70] INFO  impl.RoleInfo (RoleInfo.java:shutdownLeaderElection(134)) - 7e7122d9-53dc-47a8-b6b6-c87fac616c81: shutdown LeaderElection
2019-10-20 18:39:39,147 [7e7122d9-53dc-47a8-b6b6-c87fac616c81@group-432A391549C8-LeaderElection70] INFO  impl.RoleInfo (RoleInfo.java:updateAndGet(143)) - 7e7122d9-53dc-47a8-b6b6-c87fac616c81: start FollowerState
2019-10-20 18:39:39,154 [Thread-1042] INFO  impl.FollowerState (FollowerState.java:run(108)) - 7e7122d9-53dc-47a8-b6b6-c87fac616c81@group-8B8FE5B4B5B0-FollowerState: change to CANDIDATE, lastRpcTime:99ms, electionTimeout:99ms
2019-10-20 18:39:39,154 [Thread-1042] INFO  impl.RoleInfo (RoleInfo.java:shutdownFollowerState(121)) - 7e7122d9-53dc-47a8-b6b6-c87fac616c81: shutdown FollowerState
2019-10-20 18:39:39,154 [Thread-1042] INFO  impl.RaftServerImpl (RaftServerImpl.java:setRole(184)) - 7e7122d9-53dc-47a8-b6b6-c87fac616c81@group-8B8FE5B4B5B0: changes role from  FOLLOWER to CANDIDATE at term 57 for changeToCandidate
2019-10-20 18:39:39,155 [Thread-1042] INFO  impl.RoleInfo (RoleInfo.java:updateAndGet(143)) - 7e7122d9-53dc-47a8-b6b6-c87fac616c81: start LeaderElection
2019-10-20 18:39:39,177 [Thread-1053] INFO  client.GrpcClientProtocolService (GrpcClientProtocolService.java:lambda$processClientRequest$0(278)) - Failed RaftClientRequest:client-33348DE3F0EA->c90420fb-507e-4f39-9d1e-d32950a26e2a@group-8B8FE5B4B5B0, cid=10, seq=0, Watch-ALL_COMMITTED(6), Message:<EMPTY>, reply=RaftClientReply:client-33348DE3F0EA->c90420fb-507e-4f39-9d1e-d32950a26e2a@group-8B8FE5B4B5B0, cid=10, FAILED org.apache.ratis.protocol.NotLeaderException: Server c90420fb-507e-4f39-9d1e-d32950a26e2a@group-8B8FE5B4B5B0 is not the leader, logIndex=0, commits[c90420fb-507e-4f39-9d1e-d32950a26e2a:c10, 7e7122d9-53dc-47a8-b6b6-c87fac616c81:c4, 5459e257-ccbc-435a-9427-c3c16be66685:c10]
2019-10-20 18:39:39,180 [7e7122d9-53dc-47a8-b6b6-c87fac616c81@group-8B8FE5B4B5B0-LeaderElection71] INFO  impl.LeaderElection (LeaderElection.java:askForVotes(178)) - 7e7122d9-53dc-47a8-b6b6-c87fac616c81@group-8B8FE5B4B5B0-LeaderElection71: begin an election at term 58 for 0: [7e7122d9-53dc-47a8-b6b6-c87fac616c81:192.168.164.253:46735, c90420fb-507e-4f39-9d1e-d32950a26e2a:192.168.164.253:35682, 5459e257-ccbc-435a-9427-c3c16be66685:192.168.164.253:45469], old=null
2019-10-20 18:39:39,185 [grpc-default-executor-6] INFO  impl.RaftServerImpl (RaftServerImpl.java:setRole(184)) - c90420fb-507e-4f39-9d1e-d32950a26e2a@group-8B8FE5B4B5B0: changes role from  FOLLOWER to FOLLOWER at term 58 for recognizeCandidate:7e7122d9-53dc-47a8-b6b6-c87fac616c81
2019-10-20 18:39:39,185 [grpc-default-executor-6] INFO  impl.RoleInfo (RoleInfo.java:shutdownFollowerState(121)) - c90420fb-507e-4f39-9d1e-d32950a26e2a: shutdown FollowerState
2019-10-20 18:39:39,185 [grpc-default-executor-6] INFO  impl.RoleInfo (RoleInfo.java:updateAndGet(143)) - c90420fb-507e-4f39-9d1e-d32950a26e2a: start FollowerState
2019-10-20 18:39:39,185 [Thread-1040] INFO  impl.FollowerState (FollowerState.java:run(117)) - c90420fb-507e-4f39-9d1e-d32950a26e2a@group-8B8FE5B4B5B0-FollowerState was interrupted: java.lang.InterruptedException: sleep interrupted
2019-10-20 18:39:39,186 [grpc-default-executor-5] INFO  impl.RaftServerImpl (RaftServerImpl.java:setRole(184)) - 5459e257-ccbc-435a-9427-c3c16be66685@group-8B8FE5B4B5B0: changes role from  FOLLOWER to FOLLOWER at term 58 for recognizeCandidate:7e7122d9-53dc-47a8-b6b6-c87fac616c81
2019-10-20 18:39:39,186 [grpc-default-executor-5] INFO  impl.RoleInfo (RoleInfo.java:shutdownFollowerState(121)) - 5459e257-ccbc-435a-9427-c3c16be66685: shutdown FollowerState
2019-10-20 18:39:39,186 [grpc-default-executor-5] INFO  impl.RoleInfo (RoleInfo.java:updateAndGet(143)) - 5459e257-ccbc-435a-9427-c3c16be66685: start FollowerState
2019-10-20 18:39:39,186 [Thread-1041] INFO  impl.FollowerState (FollowerState.java:run(117)) - 5459e257-ccbc-435a-9427-c3c16be66685@group-8B8FE5B4B5B0-FollowerState was interrupted: java.lang.InterruptedException: sleep interrupted
2019-10-20 18:39:39,216 [7e7122d9-53dc-47a8-b6b6-c87fac616c81@group-8B8FE5B4B5B0-LeaderElection71] INFO  impl.LeaderElection (LeaderElection.java:logAndReturn(56)) - 7e7122d9-53dc-47a8-b6b6-c87fac616c81@group-8B8FE5B4B5B0-LeaderElection71: Election REJECTED; received 2 response(s) [7e7122d9-53dc-47a8-b6b6-c87fac616c81<-c90420fb-507e-4f39-9d1e-d32950a26e2a#0:FAIL-t58, 7e7122d9-53dc-47a8-b6b6-c87fac616c81<-5459e257-ccbc-435a-9427-c3c16be66685#0:FAIL-t58] and 0 exception(s); 7e7122d9-53dc-47a8-b6b6-c87fac616c81@group-8B8FE5B4B5B0:t58, leader=null, voted=7e7122d9-53dc-47a8-b6b6-c87fac616c81, raftlog=7e7122d9-53dc-47a8-b6b6-c87fac616c81@group-8B8FE5B4B5B0-SegmentedRaftLog:OPENED:c3,f4,i4, conf=0: [7e7122d9-53dc-47a8-b6b6-c87fac616c81:192.168.164.253:46735, c90420fb-507e-4f39-9d1e-d32950a26e2a:192.168.164.253:35682, 5459e257-ccbc-435a-9427-c3c16be66685:192.168.164.253:45469], old=null
2019-10-20 18:39:39,216 [7e7122d9-53dc-47a8-b6b6-c87fac616c81@group-8B8FE5B4B5B0-LeaderElection71] INFO  impl.RaftServerImpl (RaftServerImpl.java:setRole(184)) - 7e7122d9-53dc-47a8-b6b6-c87fac616c81@group-8B8FE5B4B5B0: changes role from CANDIDATE to FOLLOWER at term 58 for DISCOVERED_A_NEW_TERM
2019-10-20 18:39:39,217 [7e7122d9-53dc-47a8-b6b6-c87fac616c81@group-8B8FE5B4B5B0-LeaderElection71] INFO  impl.RoleInfo (RoleInfo.java:shutdownLeaderElection(134)) - 7e7122d9-53dc-47a8-b6b6-c87fac616c81: shutdown LeaderElection
2019-10-20 18:39:39,217 [7e7122d9-53dc-47a8-b6b6-c87fac616c81@group-8B8FE5B4B5B0-LeaderElection71] INFO  impl.RoleInfo (RoleInfo.java:updateAndGet(143)) - 7e7122d9-53dc-47a8-b6b6-c87fac616c81: start FollowerState
2019-10-20 18:39:39,218 [Thread-1050] INFO  impl.FollowerState (FollowerState.java:run(108)) - 7e7122d9-53dc-47a8-b6b6-c87fac616c81@group-432A391549C8-FollowerState: change to CANDIDATE, lastRpcTime:70ms, electionTimeout:70ms
2019-10-20 18:39:39,218 [Thread-1050] INFO  impl.RoleInfo (RoleInfo.java:shutdownFollowerState(121)) - 7e7122d9-53dc-47a8-b6b6-c87fac616c81: shutdown FollowerState
2019-10-20 18:39:39,218 [Thread-1050] INFO  impl.RaftServerImpl (RaftServerImpl.java:setRole(184)) - 7e7122d9-53dc-47a8-b6b6-c87fac616c81@group-432A391549C8: changes role from  FOLLOWER to CANDIDATE at term 21 for changeToCandidate
2019-10-20 18:39:39,218 [Thread-1050] INFO  impl.RoleInfo (RoleInfo.java:updateAndGet(143)) - 7e7122d9-53dc-47a8-b6b6-c87fac616c81: start LeaderElection
2019-10-20 18:39:39,231 [7e7122d9-53dc-47a8-b6b6-c87fac616c81@group-432A391549C8-LeaderElection72] INFO  impl.LeaderElection (LeaderElection.java:askForVotes(178)) - 7e7122d9-53dc-47a8-b6b6-c87fac616c81@group-432A391549C8-LeaderElection72: begin an election at term 22 for -1: [7e7122d9-53dc-47a8-b6b6-c87fac616c81:192.168.164.253:46735, c90420fb-507e-4f39-9d1e-d32950a26e2a:192.168.164.253:35682, 5459e257-ccbc-435a-9427-c3c16be66685:192.168.164.253:45469], old=null
2019-10-20 18:39:39,233 [grpc-default-executor-6] INFO  impl.RaftServerImpl (RaftServerImpl.java:setRole(184)) - c90420fb-507e-4f39-9d1e-d32950a26e2a@group-432A391549C8: changes role from  FOLLOWER to FOLLOWER at term 22 for recognizeCandidate:7e7122d9-53dc-47a8-b6b6-c87fac616c81
2019-10-20 18:39:39,233 [grpc-default-executor-6] INFO  impl.RoleInfo (RoleInfo.java:shutdownFollowerState(121)) - c90420fb-507e-4f39-9d1e-d32950a26e2a: shutdown FollowerState
2019-10-20 18:39:39,233 [grpc-default-executor-5] INFO  impl.RaftServerImpl (RaftServerImpl.java:setRole(184)) - 5459e257-ccbc-435a-9427-c3c16be66685@group-432A391549C8: changes role from  FOLLOWER to FOLLOWER at term 22 for recognizeCandidate:7e7122d9-53dc-47a8-b6b6-c87fac616c81
2019-10-20 18:39:39,233 [Thread-1048] INFO  impl.FollowerState (FollowerState.java:run(117)) - c90420fb-507e-4f39-9d1e-d32950a26e2a@group-432A391549C8-FollowerState was interrupted: java.lang.InterruptedException: sleep interrupted
2019-10-20 18:39:39,233 [grpc-default-executor-6] INFO  impl.RoleInfo (RoleInfo.java:updateAndGet(143)) - c90420fb-507e-4f39-9d1e-d32950a26e2a: start FollowerState
2019-10-20 18:39:39,233 [grpc-default-executor-5] INFO  impl.RoleInfo (RoleInfo.java:shutdownFollowerState(121)) - 5459e257-ccbc-435a-9427-c3c16be66685: shutdown FollowerState
2019-10-20 18:39:39,234 [grpc-default-executor-5] INFO  impl.RoleInfo (RoleInfo.java:updateAndGet(143)) - 5459e257-ccbc-435a-9427-c3c16be66685: start FollowerState
2019-10-20 18:39:39,234 [Thread-1049] INFO  impl.FollowerState (FollowerState.java:run(117)) - 5459e257-ccbc-435a-9427-c3c16be66685@group-432A391549C8-FollowerState was interrupted: java.lang.InterruptedException: sleep interrupted
2019-10-20 18:39:39,259 [7e7122d9-53dc-47a8-b6b6-c87fac616c81@group-432A391549C8-LeaderElection72] INFO  impl.LeaderElection (LeaderElection.java:logAndReturn(56)) - 7e7122d9-53dc-47a8-b6b6-c87fac616c81@group-432A391549C8-LeaderElection72: Election REJECTED; received 2 response(s) [7e7122d9-53dc-47a8-b6b6-c87fac616c81<-c90420fb-507e-4f39-9d1e-d32950a26e2a#0:FAIL-t22, 7e7122d9-53dc-47a8-b6b6-c87fac616c81<-5459e257-ccbc-435a-9427-c3c16be66685#0:FAIL-t22] and 0 exception(s); 7e7122d9-53dc-47a8-b6b6-c87fac616c81@group-432A391549C8:t22, leader=null, voted=7e7122d9-53dc-47a8-b6b6-c87fac616c81, raftlog=7e7122d9-53dc-47a8-b6b6-c87fac616c81@group-432A391549C8-SegmentedRaftLog:OPENED:c-1,f-1,i0, conf=-1: [7e7122d9-53dc-47a8-b6b6-c87fac616c81:192.168.164.253:46735, c90420fb-507e-4f39-9d1e-d32950a26e2a:192.168.164.253:35682, 5459e257-ccbc-435a-9427-c3c16be66685:192.168.164.253:45469], old=null
2019-10-20 18:39:39,259 [7e7122d9-53dc-47a8-b6b6-c87fac616c81@group-432A391549C8-LeaderElection72] INFO  impl.RaftServerImpl (RaftServerImpl.java:setRole(184)) - 7e7122d9-53dc-47a8-b6b6-c87fac616c81@group-432A391549C8: changes role from CANDIDATE to FOLLOWER at term 22 for DISCOVERED_A_NEW_TERM
2019-10-20 18:39:39,259 [7e7122d9-53dc-47a8-b6b6-c87fac616c81@group-432A391549C8-LeaderElection72] INFO  impl.RoleInfo (RoleInfo.java:shutdownLeaderElection(134)) - 7e7122d9-53dc-47a8-b6b6-c87fac616c81: shutdown LeaderElection
2019-10-20 18:39:39,259 [7e7122d9-53dc-47a8-b6b6-c87fac616c81@group-432A391549C8-LeaderElection72] INFO  impl.RoleInfo (RoleInfo.java:updateAndGet(143)) - 7e7122d9-53dc-47a8-b6b6-c87fac616c81: start FollowerState
2019-10-20 18:39:39,380 [Thread-1059] INFO  impl.FollowerState (FollowerState.java:run(108)) - 7e7122d9-53dc-47a8-b6b6-c87fac616c81@group-8B8FE5B4B5B0-FollowerState: change to CANDIDATE, lastRpcTime:163ms, electionTimeout:163ms
2019-10-20 18:39:39,380 [Thread-1059] INFO  impl.RoleInfo (RoleInfo.java:shutdownFollowerState(121)) - 7e7122d9-53dc-47a8-b6b6-c87fac616c81: shutdown FollowerState
2019-10-20 18:39:39,381 [Thread-1059] INFO  impl.RaftServerImpl (RaftServerImpl.java:setRole(184)) - 7e7122d9-53dc-47a8-b6b6-c87fac616c81@group-8B8FE5B4B5B0: changes role from  FOLLOWER to CANDIDATE at term 58 for changeToCandidate
2019-10-20 18:39:39,381 [Thread-1059] INFO  impl.RoleInfo (RoleInfo.java:updateAndGet(143)) - 7e7122d9-53dc-47a8-b6b6-c87fac616c81: start LeaderElection
2019-10-20 18:39:39,400 [7e7122d9-53dc-47a8-b6b6-c87fac616c81@group-8B8FE5B4B5B0-LeaderElection73] INFO  impl.LeaderElection (LeaderElection.java:askForVotes(178)) - 7e7122d9-53dc-47a8-b6b6-c87fac616c81@group-8B8FE5B4B5B0-LeaderElection73: begin an election at term 59 for 0: [7e7122d9-53dc-47a8-b6b6-c87fac616c81:192.168.164.253:46735, c90420fb-507e-4f39-9d1e-d32950a26e2a:192.168.164.253:35682, 5459e257-ccbc-435a-9427-c3c16be66685:192.168.164.253:45469], old=null
2019-10-20 18:39:39,402 [Thread-1065] INFO  impl.FollowerState (FollowerState.java:run(108)) - 7e7122d9-53dc-47a8-b6b6-c87fac616c81@group-432A391549C8-FollowerState: change to CANDIDATE, lastRpcTime:142ms, electionTimeout:142ms
2019-10-20 18:39:39,402 [Thread-1065] INFO  impl.RoleInfo (RoleInfo.java:shutdownFollowerState(121)) - 7e7122d9-53dc-47a8-b6b6-c87fac616c81: shutdown FollowerState
2019-10-20 18:39:39,402 [Thread-1065] INFO  impl.RaftServerImpl (RaftServerImpl.java:setRole(184)) - 7e7122d9-53dc-47a8-b6b6-c87fac616c81@group-432A391549C8: changes role from  FOLLOWER to CANDIDATE at term 22 for changeToCandidate
2019-10-20 18:39:39,402 [Thread-1065] INFO  impl.RoleInfo (RoleInfo.java:updateAndGet(143)) - 7e7122d9-53dc-47a8-b6b6-c87fac616c81: start LeaderElection
2019-10-20 18:39:39,402 [grpc-default-executor-6] INFO  impl.RaftServerImpl (RaftServerImpl.java:setRole(184)) - 5459e257-ccbc-435a-9427-c3c16be66685@group-8B8FE5B4B5B0: changes role from  FOLLOWER to FOLLOWER at term 59 for recognizeCandidate:7e7122d9-53dc-47a8-b6b6-c87fac616c81
2019-10-20 18:39:39,402 [grpc-default-executor-5] INFO  impl.RaftServerImpl (RaftServerImpl.java:setRole(184)) - c90420fb-507e-4f39-9d1e-d32950a26e2a@group-8B8FE5B4B5B0: changes role from  FOLLOWER to FOLLOWER at term 59 for recognizeCandidate:7e7122d9-53dc-47a8-b6b6-c87fac616c81
2019-10-20 18:39:39,402 [grpc-default-executor-6] INFO  impl.RoleInfo (RoleInfo.java:shutdownFollowerState(121)) - 5459e257-ccbc-435a-9427-c3c16be66685: shutdown FollowerState
2019-10-20 18:39:39,402 [grpc-default-executor-5] INFO  impl.RoleInfo (RoleInfo.java:shutdownFollowerState(121)) - c90420fb-507e-4f39-9d1e-d32950a26e2a: shutdown FollowerState
2019-10-20 18:39:39,403 [grpc-default-executor-6] INFO  impl.RoleInfo (RoleInfo.java:updateAndGet(143)) - 5459e257-ccbc-435a-9427-c3c16be66685: start FollowerState
2019-10-20 18:39:39,403 [Thread-1057] INFO  impl.FollowerState (FollowerState.java:run(117)) - c90420fb-507e-4f39-9d1e-d32950a26e2a@group-8B8FE5B4B5B0-FollowerState was interrupted: java.lang.InterruptedException: sleep interrupted
2019-10-20 18:39:39,403 [Thread-1058] INFO  impl.FollowerState (FollowerState.java:run(117)) - 5459e257-ccbc-435a-9427-c3c16be66685@group-8B8FE5B4B5B0-FollowerState was interrupted: java.lang.InterruptedException: sleep interrupted
2019-10-20 18:39:39,403 [grpc-default-executor-5] INFO  impl.RoleInfo (RoleInfo.java:updateAndGet(143)) - c90420fb-507e-4f39-9d1e-d32950a26e2a: start FollowerState
2019-10-20 18:39:39,425 [7e7122d9-53dc-47a8-b6b6-c87fac616c81@group-432A391549C8-LeaderElection74] INFO  impl.LeaderElection (LeaderElection.java:askForVotes(178)) - 7e7122d9-53dc-47a8-b6b6-c87fac616c81@group-432A391549C8-LeaderElection74: begin an election at term 23 for -1: [7e7122d9-53dc-47a8-b6b6-c87fac616c81:192.168.164.253:46735, c90420fb-507e-4f39-9d1e-d32950a26e2a:192.168.164.253:35682, 5459e257-ccbc-435a-9427-c3c16be66685:192.168.164.253:45469], old=null
2019-10-20 18:39:39,426 [7e7122d9-53dc-47a8-b6b6-c87fac616c81@group-8B8FE5B4B5B0-LeaderElection73] INFO  impl.LeaderElection (LeaderElection.java:logAndReturn(56)) - 7e7122d9-53dc-47a8-b6b6-c87fac616c81@group-8B8FE5B4B5B0-LeaderElection73: Election REJECTED; received 2 response(s) [7e7122d9-53dc-47a8-b6b6-c87fac616c81<-c90420fb-507e-4f39-9d1e-d32950a26e2a#0:FAIL-t59, 7e7122d9-53dc-47a8-b6b6-c87fac616c81<-5459e257-ccbc-435a-9427-c3c16be66685#0:FAIL-t59] and 0 exception(s); 7e7122d9-53dc-47a8-b6b6-c87fac616c81@group-8B8FE5B4B5B0:t59, leader=null, voted=7e7122d9-53dc-47a8-b6b6-c87fac616c81, raftlog=7e7122d9-53dc-47a8-b6b6-c87fac616c81@group-8B8FE5B4B5B0-SegmentedRaftLog:OPENED:c3,f4,i4, conf=0: [7e7122d9-53dc-47a8-b6b6-c87fac616c81:192.168.164.253:46735, c90420fb-507e-4f39-9d1e-d32950a26e2a:192.168.164.253:35682, 5459e257-ccbc-435a-9427-c3c16be66685:192.168.164.253:45469], old=null
2019-10-20 18:39:39,426 [7e7122d9-53dc-47a8-b6b6-c87fac616c81@group-8B8FE5B4B5B0-LeaderElection73] INFO  impl.RaftServerImpl (RaftServerImpl.java:setRole(184)) - 7e7122d9-53dc-47a8-b6b6-c87fac616c81@group-8B8FE5B4B5B0: changes role from CANDIDATE to FOLLOWER at term 59 for DISCOVERED_A_NEW_TERM
2019-10-20 18:39:39,427 [7e7122d9-53dc-47a8-b6b6-c87fac616c81@group-8B8FE5B4B5B0-LeaderElection73] INFO  impl.RoleInfo (RoleInfo.java:shutdownLeaderElection(134)) - 7e7122d9-53dc-47a8-b6b6-c87fac616c81: shutdown LeaderElection
2019-10-20 18:39:39,427 [7e7122d9-53dc-47a8-b6b6-c87fac616c81@group-8B8FE5B4B5B0-LeaderElection73] INFO  impl.RoleInfo (RoleInfo.java:updateAndGet(143)) - 7e7122d9-53dc-47a8-b6b6-c87fac616c81: start FollowerState
2019-10-20 18:39:39,427 [grpc-default-executor-6] INFO  impl.RaftServerImpl (RaftServerImpl.java:setRole(184)) - c90420fb-507e-4f39-9d1e-d32950a26e2a@group-432A391549C8: changes role from  FOLLOWER to FOLLOWER at term 23 for recognizeCandidate:7e7122d9-53dc-47a8-b6b6-c87fac616c81
2019-10-20 18:39:39,427 [grpc-default-executor-6] INFO  impl.RoleInfo (RoleInfo.java:shutdownFollowerState(121)) - c90420fb-507e-4f39-9d1e-d32950a26e2a: shutdown FollowerState
2019-10-20 18:39:39,428 [grpc-default-executor-6] INFO  impl.RoleInfo (RoleInfo.java:updateAndGet(143)) - c90420fb-507e-4f39-9d1e-d32950a26e2a: start FollowerState
2019-10-20 18:39:39,428 [Thread-1063] INFO  impl.FollowerState (FollowerState.java:run(117)) - c90420fb-507e-4f39-9d1e-d32950a26e2a@group-432A391549C8-FollowerState was interrupted: java.lang.InterruptedException: sleep interrupted
2019-10-20 18:39:39,428 [grpc-default-executor-5] INFO  impl.RaftServerImpl (RaftServerImpl.java:setRole(184)) - 5459e257-ccbc-435a-9427-c3c16be66685@group-432A391549C8: changes role from  FOLLOWER to FOLLOWER at term 23 for recognizeCandidate:7e7122d9-53dc-47a8-b6b6-c87fac616c81
2019-10-20 18:39:39,428 [grpc-default-executor-5] INFO  impl.RoleInfo (RoleInfo.java:shutdownFollowerState(121)) - 5459e257-ccbc-435a-9427-c3c16be66685: shutdown FollowerState
2019-10-20 18:39:39,428 [grpc-default-executor-5] INFO  impl.RoleInfo (RoleInfo.java:updateAndGet(143)) - 5459e257-ccbc-435a-9427-c3c16be66685: start FollowerState
2019-10-20 18:39:39,428 [Thread-1064] INFO  impl.FollowerState (FollowerState.java:run(117)) - 5459e257-ccbc-435a-9427-c3c16be66685@group-432A391549C8-FollowerState was interrupted: java.lang.InterruptedException: sleep interrupted
2019-10-20 18:39:39,444 [7e7122d9-53dc-47a8-b6b6-c87fac616c81@group-432A391549C8-LeaderElection74] INFO  impl.LeaderElection (LeaderElection.java:logAndReturn(56)) - 7e7122d9-53dc-47a8-b6b6-c87fac616c81@group-432A391549C8-LeaderElection74: Election REJECTED; received 2 response(s) [7e7122d9-53dc-47a8-b6b6-c87fac616c81<-c90420fb-507e-4f39-9d1e-d32950a26e2a#0:FAIL-t23, 7e7122d9-53dc-47a8-b6b6-c87fac616c81<-5459e257-ccbc-435a-9427-c3c16be66685#0:FAIL-t23] and 0 exception(s); 7e7122d9-53dc-47a8-b6b6-c87fac616c81@group-432A391549C8:t23, leader=null, voted=7e7122d9-53dc-47a8-b6b6-c87fac616c81, raftlog=7e7122d9-53dc-47a8-b6b6-c87fac616c81@group-432A391549C8-SegmentedRaftLog:OPENED:c-1,f-1,i0, conf=-1: [7e7122d9-53dc-47a8-b6b6-c87fac616c81:192.168.164.253:46735, c90420fb-507e-4f39-9d1e-d32950a26e2a:192.168.164.253:35682, 5459e257-ccbc-435a-9427-c3c16be66685:192.168.164.253:45469], old=null
2019-10-20 18:39:39,444 [7e7122d9-53dc-47a8-b6b6-c87fac616c81@group-432A391549C8-LeaderElection74] INFO  impl.RaftServerImpl (RaftServerImpl.java:setRole(184)) - 7e7122d9-53dc-47a8-b6b6-c87fac616c81@group-432A391549C8: changes role from CANDIDATE to FOLLOWER at term 23 for DISCOVERED_A_NEW_TERM
2019-10-20 18:39:39,444 [7e7122d9-53dc-47a8-b6b6-c87fac616c81@group-432A391549C8-LeaderElection74] INFO  impl.RoleInfo (RoleInfo.java:shutdownLeaderElection(134)) - 7e7122d9-53dc-47a8-b6b6-c87fac616c81: shutdown LeaderElection
2019-10-20 18:39:39,444 [7e7122d9-53dc-47a8-b6b6-c87fac616c81@group-432A391549C8-LeaderElection74] INFO  impl.RoleInfo (RoleInfo.java:updateAndGet(143)) - 7e7122d9-53dc-47a8-b6b6-c87fac616c81: start FollowerState
2019-10-20 18:39:39,527 [Thread-1077] INFO  impl.FollowerState (FollowerState.java:run(108)) - 7e7122d9-53dc-47a8-b6b6-c87fac616c81@group-432A391549C8-FollowerState: change to CANDIDATE, lastRpcTime:83ms, electionTimeout:83ms
2019-10-20 18:39:39,528 [Thread-1077] INFO  impl.RoleInfo (RoleInfo.java:shutdownFollowerState(121)) - 7e7122d9-53dc-47a8-b6b6-c87fac616c81: shutdown FollowerState
2019-10-20 18:39:39,528 [Thread-1077] INFO  impl.RaftServerImpl (RaftServerImpl.java:setRole(184)) - 7e7122d9-53dc-47a8-b6b6-c87fac616c81@group-432A391549C8: changes role from  FOLLOWER to CANDIDATE at term 23 for changeToCandidate
2019-10-20 18:39:39,528 [Thread-1077] INFO  impl.RoleInfo (RoleInfo.java:updateAndGet(143)) - 7e7122d9-53dc-47a8-b6b6-c87fac616c81: start LeaderElection
2019-10-20 18:39:39,544 [7e7122d9-53dc-47a8-b6b6-c87fac616c81@group-432A391549C8-LeaderElection75] INFO  impl.LeaderElection (LeaderElection.java:askForVotes(178)) - 7e7122d9-53dc-47a8-b6b6-c87fac616c81@group-432A391549C8-LeaderElection75: begin an election at term 24 for -1: [7e7122d9-53dc-47a8-b6b6-c87fac616c81:192.168.164.253:46735, c90420fb-507e-4f39-9d1e-d32950a26e2a:192.168.164.253:35682, 5459e257-ccbc-435a-9427-c3c16be66685:192.168.164.253:45469], old=null
2019-10-20 18:39:39,546 [grpc-default-executor-5] INFO  impl.RaftServerImpl (RaftServerImpl.java:setRole(184)) - c90420fb-507e-4f39-9d1e-d32950a26e2a@group-432A391549C8: changes role from  FOLLOWER to FOLLOWER at term 24 for recognizeCandidate:7e7122d9-53dc-47a8-b6b6-c87fac616c81
2019-10-20 18:39:39,546 [grpc-default-executor-5] INFO  impl.RoleInfo (RoleInfo.java:shutdownFollowerState(121)) - c90420fb-507e-4f39-9d1e-d32950a26e2a: shutdown FollowerState
2019-10-20 18:39:39,547 [grpc-default-executor-5] INFO  impl.RoleInfo (RoleInfo.java:updateAndGet(143)) - c90420fb-507e-4f39-9d1e-d32950a26e2a: start FollowerState
2019-10-20 18:39:39,547 [grpc-default-executor-6] INFO  impl.RaftServerImpl (RaftServerImpl.java:setRole(184)) - 5459e257-ccbc-435a-9427-c3c16be66685@group-432A391549C8: changes role from  FOLLOWER to FOLLOWER at term 24 for recognizeCandidate:7e7122d9-53dc-47a8-b6b6-c87fac616c81
2019-10-20 18:39:39,547 [grpc-default-executor-6] INFO  impl.RoleInfo (RoleInfo.java:shutdownFollowerState(121)) - 5459e257-ccbc-435a-9427-c3c16be66685: shutdown FollowerState
2019-10-20 18:39:39,547 [Thread-1075] INFO  impl.FollowerState (FollowerState.java:run(117)) - c90420fb-507e-4f39-9d1e-d32950a26e2a@group-432A391549C8-FollowerState was interrupted: java.lang.InterruptedException: sleep interrupted
2019-10-20 18:39:39,547 [grpc-default-executor-6] INFO  impl.RoleInfo (RoleInfo.java:updateAndGet(143)) - 5459e257-ccbc-435a-9427-c3c16be66685: start FollowerState
2019-10-20 18:39:39,547 [Thread-1076] INFO  impl.FollowerState (FollowerState.java:run(117)) - 5459e257-ccbc-435a-9427-c3c16be66685@group-432A391549C8-FollowerState was interrupted: java.lang.InterruptedException: sleep interrupted
2019-10-20 18:39:39,560 [7e7122d9-53dc-47a8-b6b6-c87fac616c81@group-432A391549C8-LeaderElection75] INFO  impl.LeaderElection (LeaderElection.java:logAndReturn(56)) - 7e7122d9-53dc-47a8-b6b6-c87fac616c81@group-432A391549C8-LeaderElection75: Election TIMEOUT; received 0 response(s) [] and 0 exception(s); 7e7122d9-53dc-47a8-b6b6-c87fac616c81@group-432A391549C8:t24, leader=null, voted=7e7122d9-53dc-47a8-b6b6-c87fac616c81, raftlog=7e7122d9-53dc-47a8-b6b6-c87fac616c81@group-432A391549C8-SegmentedRaftLog:OPENED:c-1,f-1,i0, conf=-1: [7e7122d9-53dc-47a8-b6b6-c87fac616c81:192.168.164.253:46735, c90420fb-507e-4f39-9d1e-d32950a26e2a:192.168.164.253:35682, 5459e257-ccbc-435a-9427-c3c16be66685:192.168.164.253:45469], old=null
2019-10-20 18:39:39,590 [Thread-1074] INFO  impl.FollowerState (FollowerState.java:run(108)) - 7e7122d9-53dc-47a8-b6b6-c87fac616c81@group-8B8FE5B4B5B0-FollowerState: change to CANDIDATE, lastRpcTime:163ms, electionTimeout:163ms
2019-10-20 18:39:39,590 [Thread-1074] INFO  impl.RoleInfo (RoleInfo.java:shutdownFollowerState(121)) - 7e7122d9-53dc-47a8-b6b6-c87fac616c81: shutdown FollowerState
2019-10-20 18:39:39,590 [Thread-1074] INFO  impl.RaftServerImpl (RaftServerImpl.java:setRole(184)) - 7e7122d9-53dc-47a8-b6b6-c87fac616c81@group-8B8FE5B4B5B0: changes role from  FOLLOWER to CANDIDATE at term 59 for changeToCandidate
2019-10-20 18:39:39,590 [Thread-1074] INFO  impl.RoleInfo (RoleInfo.java:updateAndGet(143)) - 7e7122d9-53dc-47a8-b6b6-c87fac616c81: start LeaderElection
2019-10-20 18:39:39,593 [7e7122d9-53dc-47a8-b6b6-c87fac616c81@group-432A391549C8-LeaderElection75] INFO  impl.LeaderElection (LeaderElection.java:askForVotes(178)) - 7e7122d9-53dc-47a8-b6b6-c87fac616c81@group-432A391549C8-LeaderElection75: begin an election at term 25 for -1: [7e7122d9-53dc-47a8-b6b6-c87fac616c81:192.168.164.253:46735, c90420fb-507e-4f39-9d1e-d32950a26e2a:192.168.164.253:35682, 5459e257-ccbc-435a-9427-c3c16be66685:192.168.164.253:45469], old=null
2019-10-20 18:39:39,595 [grpc-default-executor-5] INFO  impl.RaftServerImpl (RaftServerImpl.java:setRole(184)) - c90420fb-507e-4f39-9d1e-d32950a26e2a@group-432A391549C8: changes role from  FOLLOWER to FOLLOWER at term 25 for recognizeCandidate:7e7122d9-53dc-47a8-b6b6-c87fac616c81
2019-10-20 18:39:39,595 [grpc-default-executor-5] INFO  impl.RoleInfo (RoleInfo.java:shutdownFollowerState(121)) - c90420fb-507e-4f39-9d1e-d32950a26e2a: shutdown FollowerState
2019-10-20 18:39:39,595 [grpc-default-executor-5] INFO  impl.RoleInfo (RoleInfo.java:updateAndGet(143)) - c90420fb-507e-4f39-9d1e-d32950a26e2a: start FollowerState
2019-10-20 18:39:39,595 [grpc-default-executor-6] INFO  impl.RaftServerImpl (RaftServerImpl.java:setRole(184)) - 5459e257-ccbc-435a-9427-c3c16be66685@group-432A391549C8: changes role from  FOLLOWER to FOLLOWER at term 25 for recognizeCandidate:7e7122d9-53dc-47a8-b6b6-c87fac616c81
2019-10-20 18:39:39,595 [Thread-1081] INFO  impl.FollowerState (FollowerState.java:run(117)) - c90420fb-507e-4f39-9d1e-d32950a26e2a@group-432A391549C8-FollowerState was interrupted: java.lang.InterruptedException: sleep interrupted
2019-10-20 18:39:39,595 [grpc-default-executor-6] INFO  impl.RoleInfo (RoleInfo.java:shutdownFollowerState(121)) - 5459e257-ccbc-435a-9427-c3c16be66685: shutdown FollowerState
2019-10-20 18:39:39,596 [grpc-default-executor-6] INFO  impl.RoleInfo (RoleInfo.java:updateAndGet(143)) - 5459e257-ccbc-435a-9427-c3c16be66685: start FollowerState
2019-10-20 18:39:39,596 [Thread-1082] INFO  impl.FollowerState (FollowerState.java:run(117)) - 5459e257-ccbc-435a-9427-c3c16be66685@group-432A391549C8-FollowerState was interrupted: java.lang.InterruptedException: sleep interrupted
2019-10-20 18:39:39,615 [7e7122d9-53dc-47a8-b6b6-c87fac616c81@group-8B8FE5B4B5B0-LeaderElection76] INFO  impl.LeaderElection (LeaderElection.java:askForVotes(178)) - 7e7122d9-53dc-47a8-b6b6-c87fac616c81@group-8B8FE5B4B5B0-LeaderElection76: begin an election at term 60 for 0: [7e7122d9-53dc-47a8-b6b6-c87fac616c81:192.168.164.253:46735, c90420fb-507e-4f39-9d1e-d32950a26e2a:192.168.164.253:35682, 5459e257-ccbc-435a-9427-c3c16be66685:192.168.164.253:45469], old=null
2019-10-20 18:39:39,616 [7e7122d9-53dc-47a8-b6b6-c87fac616c81@group-432A391549C8-LeaderElection75] INFO  impl.LeaderElection (LeaderElection.java:logAndReturn(56)) - 7e7122d9-53dc-47a8-b6b6-c87fac616c81@group-432A391549C8-LeaderElection75: Election REJECTED; received 2 response(s) [7e7122d9-53dc-47a8-b6b6-c87fac616c81<-c90420fb-507e-4f39-9d1e-d32950a26e2a#0:FAIL-t25, 7e7122d9-53dc-47a8-b6b6-c87fac616c81<-5459e257-ccbc-435a-9427-c3c16be66685#0:FAIL-t25] and 0 exception(s); 7e7122d9-53dc-47a8-b6b6-c87fac616c81@group-432A391549C8:t25, leader=null, voted=7e7122d9-53dc-47a8-b6b6-c87fac616c81, raftlog=7e7122d9-53dc-47a8-b6b6-c87fac616c81@group-432A391549C8-SegmentedRaftLog:OPENED:c-1,f-1,i0, conf=-1: [7e7122d9-53dc-47a8-b6b6-c87fac616c81:192.168.164.253:46735, c90420fb-507e-4f39-9d1e-d32950a26e2a:192.168.164.253:35682, 5459e257-ccbc-435a-9427-c3c16be66685:192.168.164.253:45469], old=null
2019-10-20 18:39:39,616 [7e7122d9-53dc-47a8-b6b6-c87fac616c81@group-432A391549C8-LeaderElection75] INFO  impl.RaftServerImpl (RaftServerImpl.java:setRole(184)) - 7e7122d9-53dc-47a8-b6b6-c87fac616c81@group-432A391549C8: changes role from CANDIDATE to FOLLOWER at term 25 for DISCOVERED_A_NEW_TERM
2019-10-20 18:39:39,616 [7e7122d9-53dc-47a8-b6b6-c87fac616c81@group-432A391549C8-LeaderElection75] INFO  impl.RoleInfo (RoleInfo.java:shutdownLeaderElection(134)) - 7e7122d9-53dc-47a8-b6b6-c87fac616c81: shutdown LeaderElection
2019-10-20 18:39:39,616 [7e7122d9-53dc-47a8-b6b6-c87fac616c81@group-432A391549C8-LeaderElection75] INFO  impl.RoleInfo (RoleInfo.java:updateAndGet(143)) - 7e7122d9-53dc-47a8-b6b6-c87fac616c81: start FollowerState
2019-10-20 18:39:39,617 [grpc-default-executor-6] INFO  impl.RaftServerImpl (RaftServerImpl.java:setRole(184)) - c90420fb-507e-4f39-9d1e-d32950a26e2a@group-8B8FE5B4B5B0: changes role from  FOLLOWER to FOLLOWER at term 60 for recognizeCandidate:7e7122d9-53dc-47a8-b6b6-c87fac616c81
2019-10-20 18:39:39,617 [grpc-default-executor-5] INFO  impl.RaftServerImpl (RaftServerImpl.java:setRole(184)) - 5459e257-ccbc-435a-9427-c3c16be66685@group-8B8FE5B4B5B0: changes role from  FOLLOWER to FOLLOWER at term 60 for recognizeCandidate:7e7122d9-53dc-47a8-b6b6-c87fac616c81
2019-10-20 18:39:39,617 [grpc-default-executor-6] INFO  impl.RoleInfo (RoleInfo.java:shutdownFollowerState(121)) - c90420fb-507e-4f39-9d1e-d32950a26e2a: shutdown FollowerState
2019-10-20 18:39:39,617 [grpc-default-executor-5] INFO  impl.RoleInfo (RoleInfo.java:shutdownFollowerState(121)) - 5459e257-ccbc-435a-9427-c3c16be66685: shutdown FollowerState
2019-10-20 18:39:39,617 [Thread-1071] INFO  impl.FollowerState (FollowerState.java:run(117)) - c90420fb-507e-4f39-9d1e-d32950a26e2a@group-8B8FE5B4B5B0-FollowerState was interrupted: java.lang.InterruptedException: sleep interrupted
2019-10-20 18:39:39,617 [Thread-1070] INFO  impl.FollowerState (FollowerState.java:run(117)) - 5459e257-ccbc-435a-9427-c3c16be66685@group-8B8FE5B4B5B0-FollowerState was interrupted: java.lang.InterruptedException: sleep interrupted
2019-10-20 18:39:39,617 [grpc-default-executor-5] INFO  impl.RoleInfo (RoleInfo.java:updateAndGet(143)) - 5459e257-ccbc-435a-9427-c3c16be66685: start FollowerState
2019-10-20 18:39:39,617 [grpc-default-executor-6] INFO  impl.RoleInfo (RoleInfo.java:updateAndGet(143)) - c90420fb-507e-4f39-9d1e-d32950a26e2a: start FollowerState
2019-10-20 18:39:39,641 [7e7122d9-53dc-47a8-b6b6-c87fac616c81@group-8B8FE5B4B5B0-LeaderElection76] INFO  impl.LeaderElection (LeaderElection.java:logAndReturn(56)) - 7e7122d9-53dc-47a8-b6b6-c87fac616c81@group-8B8FE5B4B5B0-LeaderElection76: Election REJECTED; received 2 response(s) [7e7122d9-53dc-47a8-b6b6-c87fac616c81<-c90420fb-507e-4f39-9d1e-d32950a26e2a#0:FAIL-t60, 7e7122d9-53dc-47a8-b6b6-c87fac616c81<-5459e257-ccbc-435a-9427-c3c16be66685#0:FAIL-t60] and 0 exception(s); 7e7122d9-53dc-47a8-b6b6-c87fac616c81@group-8B8FE5B4B5B0:t60, leader=null, voted=7e7122d9-53dc-47a8-b6b6-c87fac616c81, raftlog=7e7122d9-53dc-47a8-b6b6-c87fac616c81@group-8B8FE5B4B5B0-SegmentedRaftLog:OPENED:c3,f4,i4, conf=0: [7e7122d9-53dc-47a8-b6b6-c87fac616c81:192.168.164.253:46735, c90420fb-507e-4f39-9d1e-d32950a26e2a:192.168.164.253:35682, 5459e257-ccbc-435a-9427-c3c16be66685:192.168.164.253:45469], old=null
2019-10-20 18:39:39,641 [7e7122d9-53dc-47a8-b6b6-c87fac616c81@group-8B8FE5B4B5B0-LeaderElection76] INFO  impl.RaftServerImpl (RaftServerImpl.java:setRole(184)) - 7e7122d9-53dc-47a8-b6b6-c87fac616c81@group-8B8FE5B4B5B0: changes role from CANDIDATE to FOLLOWER at term 60 for DISCOVERED_A_NEW_TERM
2019-10-20 18:39:39,641 [7e7122d9-53dc-47a8-b6b6-c87fac616c81@group-8B8FE5B4B5B0-LeaderElection76] INFO  impl.RoleInfo (RoleInfo.java:shutdownLeaderElection(134)) - 7e7122d9-53dc-47a8-b6b6-c87fac616c81: shutdown LeaderElection
2019-10-20 18:39:39,641 [7e7122d9-53dc-47a8-b6b6-c87fac616c81@group-8B8FE5B4B5B0-LeaderElection76] INFO  impl.RoleInfo (RoleInfo.java:updateAndGet(143)) - 7e7122d9-53dc-47a8-b6b6-c87fac616c81: start FollowerState
2019-10-20 18:39:39,798 [Thread-1090] INFO  impl.FollowerState (FollowerState.java:run(108)) - 7e7122d9-53dc-47a8-b6b6-c87fac616c81@group-432A391549C8-FollowerState: change to CANDIDATE, lastRpcTime:181ms, electionTimeout:181ms
2019-10-20 18:39:39,798 [Thread-1090] INFO  impl.RoleInfo (RoleInfo.java:shutdownFollowerState(121)) - 7e7122d9-53dc-47a8-b6b6-c87fac616c81: shutdown FollowerState
2019-10-20 18:39:39,798 [Thread-1090] INFO  impl.RaftServerImpl (RaftServerImpl.java:setRole(184)) - 7e7122d9-53dc-47a8-b6b6-c87fac616c81@group-432A391549C8: changes role from  FOLLOWER to CANDIDATE at term 25 for changeToCandidate
2019-10-20 18:39:39,798 [Thread-1090] INFO  impl.RoleInfo (RoleInfo.java:updateAndGet(143)) - 7e7122d9-53dc-47a8-b6b6-c87fac616c81: start LeaderElection
]]></system-out>
    <system-err><![CDATA[ERROR StatusLogger No Log4j 2 configuration file found. Using default configuration (logging only errors to the console), or user programmatically provided configurations. Set system property 'log4j2.debug' to show Log4j 2 internal initialization logging. See https://logging.apache.org/log4j/2.x/manual/configuration.html for instructions on how to configure Log4j 2
Oct 20, 2019 6:37:53 PM org.apache.ratis.thirdparty.io.grpc.internal.SerializingExecutor run
SEVERE: Exception while executing runnable org.apache.ratis.thirdparty.io.grpc.internal.ServerImpl$JumpToApplicationThreadServerStreamListener$1Closed@210c1c7f
org.apache.ratis.thirdparty.io.grpc.StatusRuntimeException: CANCELLED: call already cancelled
	at org.apache.ratis.thirdparty.io.grpc.Status.asRuntimeException(Status.java:517)
	at org.apache.ratis.thirdparty.io.grpc.stub.ServerCalls$ServerCallStreamObserverImpl.onCompleted(ServerCalls.java:356)
	at org.apache.ratis.grpc.server.GrpcServerProtocolService$ServerRequestStreamObserver.onError(GrpcServerProtocolService.java:121)
	at org.apache.ratis.thirdparty.io.grpc.stub.ServerCalls$StreamingServerCallHandler$StreamingServerCallListener.onCancel(ServerCalls.java:269)
	at org.apache.ratis.thirdparty.io.grpc.internal.ServerCallImpl$ServerStreamListenerImpl.closed(ServerCallImpl.java:293)
	at org.apache.ratis.thirdparty.io.grpc.internal.ServerImpl$JumpToApplicationThreadServerStreamListener$1Closed.runInContext(ServerImpl.java:741)
	at org.apache.ratis.thirdparty.io.grpc.internal.ContextRunnable.run(ContextRunnable.java:37)
	at org.apache.ratis.thirdparty.io.grpc.internal.SerializingExecutor.run(SerializingExecutor.java:123)
	at java.util.concurrent.ThreadPoolExecutor.runWorker(ThreadPoolExecutor.java:1149)
	at java.util.concurrent.ThreadPoolExecutor$Worker.run(ThreadPoolExecutor.java:624)
	at java.lang.Thread.run(Thread.java:748)

Oct 20, 2019 6:37:53 PM org.apache.ratis.thirdparty.io.grpc.internal.SerializingExecutor run
SEVERE: Exception while executing runnable org.apache.ratis.thirdparty.io.grpc.internal.ClientCallImpl$ClientStreamListenerImpl$1StreamClosed@6768d555
java.lang.NullPointerException
	at org.apache.ratis.grpc.server.GrpcLogAppender$AppendLogResponseHandler.onError(GrpcLogAppender.java:303)
	at org.apache.ratis.thirdparty.io.grpc.stub.ClientCalls$StreamObserverToCallListenerAdapter.onClose(ClientCalls.java:434)
	at org.apache.ratis.thirdparty.io.grpc.PartialForwardingClientCallListener.onClose(PartialForwardingClientCallListener.java:39)
	at org.apache.ratis.thirdparty.io.grpc.ForwardingClientCallListener.onClose(ForwardingClientCallListener.java:23)
	at org.apache.ratis.thirdparty.io.grpc.ForwardingClientCallListener$SimpleForwardingClientCallListener.onClose(ForwardingClientCallListener.java:40)
	at org.apache.ratis.thirdparty.io.grpc.internal.CensusStatsModule$StatsClientInterceptor$1$1.onClose(CensusStatsModule.java:678)
	at org.apache.ratis.thirdparty.io.grpc.PartialForwardingClientCallListener.onClose(PartialForwardingClientCallListener.java:39)
	at org.apache.ratis.thirdparty.io.grpc.ForwardingClientCallListener.onClose(ForwardingClientCallListener.java:23)
	at org.apache.ratis.thirdparty.io.grpc.ForwardingClientCallListener$SimpleForwardingClientCallListener.onClose(ForwardingClientCallListener.java:40)
	at org.apache.ratis.thirdparty.io.grpc.internal.CensusTracingModule$TracingClientInterceptor$1$1.onClose(CensusTracingModule.java:397)
	at org.apache.ratis.thirdparty.io.grpc.internal.ClientCallImpl.closeObserver(ClientCallImpl.java:459)
	at org.apache.ratis.thirdparty.io.grpc.internal.ClientCallImpl.access$300(ClientCallImpl.java:63)
	at org.apache.ratis.thirdparty.io.grpc.internal.ClientCallImpl$ClientStreamListenerImpl.close(ClientCallImpl.java:546)
	at org.apache.ratis.thirdparty.io.grpc.internal.ClientCallImpl$ClientStreamListenerImpl.access$600(ClientCallImpl.java:467)
	at org.apache.ratis.thirdparty.io.grpc.internal.ClientCallImpl$ClientStreamListenerImpl$1StreamClosed.runInContext(ClientCallImpl.java:584)
	at org.apache.ratis.thirdparty.io.grpc.internal.ContextRunnable.run(ContextRunnable.java:37)
	at org.apache.ratis.thirdparty.io.grpc.internal.SerializingExecutor.run(SerializingExecutor.java:123)
	at java.util.concurrent.ThreadPoolExecutor.runWorker(ThreadPoolExecutor.java:1149)
	at java.util.concurrent.ThreadPoolExecutor$Worker.run(ThreadPoolExecutor.java:624)
	at java.lang.Thread.run(Thread.java:748)

]]></system-err>
  </testcase>
</testsuite>