<?xml version="1.0" encoding="UTF-8"?>
<testsuite xmlns:xsi="http://www.w3.org/2001/XMLSchema-instance" xsi:noNamespaceSchemaLocation="https://maven.apache.org/surefire/maven-surefire-plugin/xsd/surefire-test-report.xsd" name="org.apache.hadoop.ozone.client.rpc.Test2WayCommitInRatis" time="40.164" tests="1" errors="1" skipped="0" failures="0">
  <properties>
    <property name="awt.toolkit" value="sun.awt.X11.XToolkit"/>
    <property name="file.encoding.pkg" value="sun.io"/>
    <property name="java.specification.version" value="1.8"/>
    <property name="sun.cpu.isalist" value=""/>
    <property name="sun.jnu.encoding" value="UTF-8"/>
    <property name="java.class.path" value="/workdir/hadoop-ozone/integration-test/target/test-classes:/workdir/hadoop-ozone/integration-test/target/classes:/home/user/.m2/repository/org/apache/hadoop/hadoop-ozone-common/0.5.0-SNAPSHOT/hadoop-ozone-common-0.5.0-SNAPSHOT.jar:/home/user/.m2/repository/org/apache/commons/commons-compress/1.4.1/commons-compress-1.4.1.jar:/home/user/.m2/repository/org/tukaani/xz/1.0/xz-1.0.jar:/home/user/.m2/repository/org/apache/hadoop/hadoop-common/3.2.0/hadoop-common-3.2.0.jar:/home/user/.m2/repository/org/apache/hadoop/hadoop-hdfs/3.2.0/hadoop-hdfs-3.2.0.jar:/home/user/.m2/repository/org/apache/hadoop/hadoop-hdfs-client/3.2.0/hadoop-hdfs-client-3.2.0.jar:/home/user/.m2/repository/com/fasterxml/jackson/core/jackson-annotations/2.9.9/jackson-annotations-2.9.9.jar:/home/user/.m2/repository/org/apache/hadoop/hadoop-hdds-common/0.5.0-SNAPSHOT/hadoop-hdds-common-0.5.0-SNAPSHOT.jar:/home/user/.m2/repository/javax/annotation/javax.annotation-api/1.2/javax.annotation-api-1.2.jar:/home/user/.m2/repository/org/apache/ratis/ratis-server/0.5.0-201fc85-SNAPSHOT/ratis-server-0.5.0-201fc85-SNAPSHOT.jar:/home/user/.m2/repository/org/apache/ratis/ratis-thirdparty-misc/0.2.0/ratis-thirdparty-misc-0.2.0.jar:/home/user/.m2/repository/org/apache/ratis/ratis-proto/0.5.0-201fc85-SNAPSHOT/ratis-proto-0.5.0-201fc85-SNAPSHOT.jar:/home/user/.m2/repository/org/apache/ratis/ratis-common/0.5.0-201fc85-SNAPSHOT/ratis-common-0.5.0-201fc85-SNAPSHOT.jar:/home/user/.m2/repository/org/apache/ratis/ratis-client/0.5.0-201fc85-SNAPSHOT/ratis-client-0.5.0-201fc85-SNAPSHOT.jar:/home/user/.m2/repository/org/apache/ratis/ratis-metrics/0.5.0-201fc85-SNAPSHOT/ratis-metrics-0.5.0-201fc85-SNAPSHOT.jar:/home/user/.m2/repository/com/github/joshelser/dropwizard-metrics-hadoop-metrics2-reporter/0.1.2/dropwizard-metrics-hadoop-metrics2-reporter-0.1.2.jar:/home/user/.m2/repository/io/dropwizard/metrics/metrics-jvm/3.2.5/metrics-jvm-3.2.5.jar:/home/user/.m2/repository/io/dropwizard/metrics/metrics-ganglia/3.2.5/metrics-ganglia-3.2.5.jar:/home/user/.m2/repository/info/ganglia/gmetric4j/gmetric4j/1.0.7/gmetric4j-1.0.7.jar:/home/user/.m2/repository/org/apache/ratis/ratis-netty/0.5.0-201fc85-SNAPSHOT/ratis-netty-0.5.0-201fc85-SNAPSHOT.jar:/home/user/.m2/repository/org/apache/ratis/ratis-grpc/0.5.0-201fc85-SNAPSHOT/ratis-grpc-0.5.0-201fc85-SNAPSHOT.jar:/home/user/.m2/repository/org/rocksdb/rocksdbjni/6.0.1/rocksdbjni-6.0.1.jar:/home/user/.m2/repository/org/apache/logging/log4j/log4j-api/2.11.0/log4j-api-2.11.0.jar:/home/user/.m2/repository/org/apache/logging/log4j/log4j-core/2.11.0/log4j-core-2.11.0.jar:/home/user/.m2/repository/com/lmax/disruptor/3.4.2/disruptor-3.4.2.jar:/home/user/.m2/repository/org/apache/commons/commons-pool2/2.6.0/commons-pool2-2.6.0.jar:/home/user/.m2/repository/org/bouncycastle/bcpkix-jdk15on/1.60/bcpkix-jdk15on-1.60.jar:/home/user/.m2/repository/commons-validator/commons-validator/1.6/commons-validator-1.6.jar:/home/user/.m2/repository/commons-digester/commons-digester/1.8.1/commons-digester-1.8.1.jar:/home/user/.m2/repository/io/jaegertracing/jaeger-client/0.34.0/jaeger-client-0.34.0.jar:/home/user/.m2/repository/io/jaegertracing/jaeger-thrift/0.34.0/jaeger-thrift-0.34.0.jar:/home/user/.m2/repository/org/apache/thrift/libthrift/0.12.0/libthrift-0.12.0.jar:/home/user/.m2/repository/com/squareup/okhttp3/okhttp/3.9.0/okhttp-3.9.0.jar:/home/user/.m2/repository/com/squareup/okio/okio/1.13.0/okio-1.13.0.jar:/home/user/.m2/repository/io/jaegertracing/jaeger-core/0.34.0/jaeger-core-0.34.0.jar:/home/user/.m2/repository/io/jaegertracing/jaeger-tracerresolver/0.34.0/jaeger-tracerresolver-0.34.0.jar:/home/user/.m2/repository/io/opentracing/contrib/opentracing-tracerresolver/0.1.5/opentracing-tracerresolver-0.1.5.jar:/home/user/.m2/repository/io/opentracing/opentracing-util/0.31.0/opentracing-util-0.31.0.jar:/home/user/.m2/repository/io/opentracing/opentracing-api/0.31.0/opentracing-api-0.31.0.jar:/home/user/.m2/repository/io/opentracing/opentracing-noop/0.31.0/opentracing-noop-0.31.0.jar:/home/user/.m2/repository/org/apache/hadoop/hadoop-hdds-server-framework/0.5.0-SNAPSHOT/hadoop-hdds-server-framework-0.5.0-SNAPSHOT.jar:/home/user/.m2/repository/org/apache/hadoop/hadoop-hdds-container-service/0.5.0-SNAPSHOT/hadoop-hdds-container-service-0.5.0-SNAPSHOT.jar:/home/user/.m2/repository/org/apache/hadoop/hadoop-hdds-client/0.5.0-SNAPSHOT/hadoop-hdds-client-0.5.0-SNAPSHOT.jar:/home/user/.m2/repository/org/apache/hadoop/hadoop-hdds-tools/0.5.0-SNAPSHOT/hadoop-hdds-tools-0.5.0-SNAPSHOT.jar:/home/user/.m2/repository/org/apache/hadoop/hadoop-hdds-server-scm/0.5.0-SNAPSHOT/hadoop-hdds-server-scm-0.5.0-SNAPSHOT.jar:/home/user/.m2/repository/org/apache/hadoop/hadoop-hdds-docs/0.5.0-SNAPSHOT/hadoop-hdds-docs-0.5.0-SNAPSHOT.jar:/home/user/.m2/repository/io/dropwizard/metrics/metrics-core/3.2.4/metrics-core-3.2.4.jar:/home/user/.m2/repository/org/hamcrest/hamcrest-all/1.3/hamcrest-all-1.3.jar:/home/user/.m2/repository/org/bouncycastle/bcprov-jdk15on/1.60/bcprov-jdk15on-1.60.jar:/home/user/.m2/repository/info/picocli/picocli/3.9.6/picocli-3.9.6.jar:/home/user/.m2/repository/com/google/protobuf/protobuf-java/2.5.0/protobuf-java-2.5.0.jar:/home/user/.m2/repository/com/google/guava/guava/11.0.2/guava-11.0.2.jar:/home/user/.m2/repository/org/apache/hadoop/hadoop-ozone-ozone-manager/0.5.0-SNAPSHOT/hadoop-ozone-ozone-manager-0.5.0-SNAPSHOT.jar:/home/user/.m2/repository/org/apache/hadoop/hadoop-minikdc/3.2.0/hadoop-minikdc-3.2.0.jar:/home/user/.m2/repository/commons-io/commons-io/2.5/commons-io-2.5.jar:/home/user/.m2/repository/org/apache/kerby/kerb-simplekdc/1.0.1/kerb-simplekdc-1.0.1.jar:/home/user/.m2/repository/org/apache/kerby/kerb-client/1.0.1/kerb-client-1.0.1.jar:/home/user/.m2/repository/org/apache/kerby/kerby-config/1.0.1/kerby-config-1.0.1.jar:/home/user/.m2/repository/org/apache/kerby/kerb-core/1.0.1/kerb-core-1.0.1.jar:/home/user/.m2/repository/org/apache/kerby/kerby-pkix/1.0.1/kerby-pkix-1.0.1.jar:/home/user/.m2/repository/org/apache/kerby/kerby-asn1/1.0.1/kerby-asn1-1.0.1.jar:/home/user/.m2/repository/org/apache/kerby/kerby-util/1.0.1/kerby-util-1.0.1.jar:/home/user/.m2/repository/org/apache/kerby/kerb-common/1.0.1/kerb-common-1.0.1.jar:/home/user/.m2/repository/org/apache/kerby/kerb-crypto/1.0.1/kerb-crypto-1.0.1.jar:/home/user/.m2/repository/org/apache/kerby/kerb-util/1.0.1/kerb-util-1.0.1.jar:/home/user/.m2/repository/org/apache/kerby/token-provider/1.0.1/token-provider-1.0.1.jar:/home/user/.m2/repository/org/apache/kerby/kerb-admin/1.0.1/kerb-admin-1.0.1.jar:/home/user/.m2/repository/org/apache/kerby/kerb-server/1.0.1/kerb-server-1.0.1.jar:/home/user/.m2/repository/org/apache/kerby/kerb-identity/1.0.1/kerb-identity-1.0.1.jar:/home/user/.m2/repository/org/apache/kerby/kerby-xdr/1.0.1/kerby-xdr-1.0.1.jar:/home/user/.m2/repository/org/slf4j/slf4j-log4j12/1.7.25/slf4j-log4j12-1.7.25.jar:/home/user/.m2/repository/org/apache/hadoop/hadoop-ozone-s3gateway/0.5.0-SNAPSHOT/hadoop-ozone-s3gateway-0.5.0-SNAPSHOT.jar:/home/user/.m2/repository/org/jboss/weld/servlet/weld-servlet/2.4.7.Final/weld-servlet-2.4.7.Final.jar:/home/user/.m2/repository/org/glassfish/jersey/containers/jersey-container-servlet-core/2.27/jersey-container-servlet-core-2.27.jar:/home/user/.m2/repository/org/glassfish/hk2/external/javax.inject/2.5.0-b42/javax.inject-2.5.0-b42.jar:/home/user/.m2/repository/org/glassfish/jersey/core/jersey-common/2.27/jersey-common-2.27.jar:/home/user/.m2/repository/org/glassfish/hk2/osgi-resource-locator/1.0.1/osgi-resource-locator-1.0.1.jar:/home/user/.m2/repository/javax/ws/rs/javax.ws.rs-api/2.1/javax.ws.rs-api-2.1.jar:/home/user/.m2/repository/org/glassfish/jersey/ext/cdi/jersey-cdi1x/2.27/jersey-cdi1x-2.27.jar:/home/user/.m2/repository/org/glassfish/jersey/inject/jersey-hk2/2.27/jersey-hk2-2.27.jar:/home/user/.m2/repository/org/glassfish/hk2/hk2-locator/2.5.0-b42/hk2-locator-2.5.0-b42.jar:/home/user/.m2/repository/org/javassist/javassist/3.22.0-CR2/javassist-3.22.0-CR2.jar:/home/user/.m2/repository/org/glassfish/hk2/hk2-api/2.5.0/hk2-api-2.5.0.jar:/home/user/.m2/repository/org/glassfish/hk2/external/jakarta.inject/2.5.0/jakarta.inject-2.5.0.jar:/home/user/.m2/repository/org/glassfish/hk2/hk2-utils/2.5.0/hk2-utils-2.5.0.jar:/home/user/.m2/repository/jakarta/annotation/jakarta.annotation-api/1.3.4/jakarta.annotation-api-1.3.4.jar:/home/user/.m2/repository/org/glassfish/hk2/external/aopalliance-repackaged/2.5.0/aopalliance-repackaged-2.5.0.jar:/home/user/.m2/repository/com/fasterxml/jackson/dataformat/jackson-dataformat-xml/2.9.0/jackson-dataformat-xml-2.9.0.jar:/home/user/.m2/repository/com/fasterxml/jackson/core/jackson-core/2.9.9/jackson-core-2.9.9.jar:/home/user/.m2/repository/com/fasterxml/jackson/module/jackson-module-jaxb-annotations/2.9.9/jackson-module-jaxb-annotations-2.9.9.jar:/home/user/.m2/repository/javax/enterprise/cdi-api/1.2/cdi-api-1.2.jar:/home/user/.m2/repository/javax/el/javax.el-api/3.0.0/javax.el-api-3.0.0.jar:/home/user/.m2/repository/javax/interceptor/javax.interceptor-api/1.2/javax.interceptor-api-1.2.jar:/home/user/.m2/repository/javax/inject/javax.inject/1/javax.inject-1.jar:/home/user/.m2/repository/com/sun/xml/bind/jaxb-impl/2.3.0.1/jaxb-impl-2.3.0.1.jar:/home/user/.m2/repository/com/sun/xml/bind/jaxb-core/2.3.0.1/jaxb-core-2.3.0.1.jar:/home/user/.m2/repository/javax/xml/bind/jaxb-api/2.3.0/jaxb-api-2.3.0.jar:/home/user/.m2/repository/javax/activation/activation/1.1.1/activation-1.1.1.jar:/home/user/.m2/repository/org/apache/hadoop/hadoop-ozone-csi/0.5.0-SNAPSHOT/hadoop-ozone-csi-0.5.0-SNAPSHOT.jar:/home/user/.m2/repository/com/google/protobuf/protobuf-java-util/3.5.1/protobuf-java-util-3.5.1.jar:/home/user/.m2/repository/org/apache/hadoop/hadoop-hdds-config/0.5.0-SNAPSHOT/hadoop-hdds-config-0.5.0-SNAPSHOT.jar:/home/user/.m2/repository/io/grpc/grpc-netty/1.17.1/grpc-netty-1.17.1.jar:/home/user/.m2/repository/io/grpc/grpc-core/1.17.1/grpc-core-1.17.1.jar:/home/user/.m2/repository/io/grpc/grpc-context/1.17.1/grpc-context-1.17.1.jar:/home/user/.m2/repository/com/google/errorprone/error_prone_annotations/2.2.0/error_prone_annotations-2.2.0.jar:/home/user/.m2/repository/org/codehaus/mojo/animal-sniffer-annotations/1.17/animal-sniffer-annotations-1.17.jar:/home/user/.m2/repository/io/opencensus/opencensus-api/0.17.0/opencensus-api-0.17.0.jar:/home/user/.m2/repository/io/opencensus/opencensus-contrib-grpc-metrics/0.17.0/opencensus-contrib-grpc-metrics-0.17.0.jar:/home/user/.m2/repository/io/netty/netty-codec-http2/4.1.30.Final/netty-codec-http2-4.1.30.Final.jar:/home/user/.m2/repository/io/netty/netty-codec-http/4.1.30.Final/netty-codec-http-4.1.30.Final.jar:/home/user/.m2/repository/io/netty/netty-codec/4.1.30.Final/netty-codec-4.1.30.Final.jar:/home/user/.m2/repository/io/netty/netty-handler/4.1.30.Final/netty-handler-4.1.30.Final.jar:/home/user/.m2/repository/io/netty/netty-handler-proxy/4.1.30.Final/netty-handler-proxy-4.1.30.Final.jar:/home/user/.m2/repository/io/netty/netty-codec-socks/4.1.30.Final/netty-codec-socks-4.1.30.Final.jar:/home/user/.m2/repository/io/netty/netty-transport-native-epoll/4.1.30.Final/netty-transport-native-epoll-4.1.30.Final.jar:/home/user/.m2/repository/io/netty/netty-common/4.1.30.Final/netty-common-4.1.30.Final.jar:/home/user/.m2/repository/io/netty/netty-buffer/4.1.30.Final/netty-buffer-4.1.30.Final.jar:/home/user/.m2/repository/io/netty/netty-transport/4.1.30.Final/netty-transport-4.1.30.Final.jar:/home/user/.m2/repository/io/netty/netty-resolver/4.1.30.Final/netty-resolver-4.1.30.Final.jar:/home/user/.m2/repository/io/netty/netty-transport-native-unix-common/4.1.30.Final/netty-transport-native-unix-common-4.1.30.Final.jar:/home/user/.m2/repository/io/grpc/grpc-protobuf/1.17.1/grpc-protobuf-1.17.1.jar:/home/user/.m2/repository/com/google/api/grpc/proto-google-common-protos/1.0.0/proto-google-common-protos-1.0.0.jar:/home/user/.m2/repository/io/grpc/grpc-protobuf-lite/1.17.1/grpc-protobuf-lite-1.17.1.jar:/home/user/.m2/repository/io/grpc/grpc-stub/1.17.1/grpc-stub-1.17.1.jar:/home/user/.m2/repository/org/apache/hadoop/hadoop-ozone-recon/0.5.0-SNAPSHOT/hadoop-ozone-recon-0.5.0-SNAPSHOT.jar:/home/user/.m2/repository/org/apache/hadoop/hadoop-ozone-reconcodegen/0.5.0-SNAPSHOT/hadoop-ozone-reconcodegen-0.5.0-SNAPSHOT.jar:/home/user/.m2/repository/com/google/inject/extensions/guice-multibindings/4.0/guice-multibindings-4.0.jar:/home/user/.m2/repository/com/google/inject/guice/4.0/guice-4.0.jar:/home/user/.m2/repository/aopalliance/aopalliance/1.0/aopalliance-1.0.jar:/home/user/.m2/repository/com/google/inject/extensions/guice-servlet/4.0/guice-servlet-4.0.jar:/home/user/.m2/repository/org/glassfish/jersey/containers/jersey-container-servlet/2.27/jersey-container-servlet-2.27.jar:/home/user/.m2/repository/org/glassfish/hk2/guice-bridge/2.5.0/guice-bridge-2.5.0.jar:/home/user/.m2/repository/org/glassfish/jersey/core/jersey-server/2.27/jersey-server-2.27.jar:/home/user/.m2/repository/org/glassfish/jersey/core/jersey-client/2.27/jersey-client-2.27.jar:/home/user/.m2/repository/org/glassfish/jersey/media/jersey-media-jaxb/2.27/jersey-media-jaxb-2.27.jar:/home/user/.m2/repository/javax/validation/validation-api/1.1.0.Final/validation-api-1.1.0.Final.jar:/home/user/.m2/repository/org/glassfish/jersey/media/jersey-media-json-jackson/2.27/jersey-media-json-jackson-2.27.jar:/home/user/.m2/repository/org/glassfish/jersey/ext/jersey-entity-filtering/2.27/jersey-entity-filtering-2.27.jar:/home/user/.m2/repository/com/google/inject/extensions/guice-assistedinject/4.0/guice-assistedinject-4.0.jar:/home/user/.m2/repository/org/jooq/jooq/3.11.10/jooq-3.11.10.jar:/home/user/.m2/repository/org/jooq/jooq-meta/3.11.10/jooq-meta-3.11.10.jar:/home/user/.m2/repository/org/jooq/jooq-codegen/3.11.10/jooq-codegen-3.11.10.jar:/home/user/.m2/repository/com/jolbox/bonecp/0.8.0.RELEASE/bonecp-0.8.0.RELEASE.jar:/home/user/.m2/repository/org/xerial/sqlite-jdbc/3.25.2/sqlite-jdbc-3.25.2.jar:/home/user/.m2/repository/org/springframework/spring-jdbc/5.1.3.RELEASE/spring-jdbc-5.1.3.RELEASE.jar:/home/user/.m2/repository/org/springframework/spring-beans/5.1.3.RELEASE/spring-beans-5.1.3.RELEASE.jar:/home/user/.m2/repository/org/springframework/spring-core/5.1.3.RELEASE/spring-core-5.1.3.RELEASE.jar:/home/user/.m2/repository/org/springframework/spring-jcl/5.1.3.RELEASE/spring-jcl-5.1.3.RELEASE.jar:/home/user/.m2/repository/org/springframework/spring-tx/5.1.3.RELEASE/spring-tx-5.1.3.RELEASE.jar:/home/user/.m2/repository/org/apache/hadoop/hadoop-ozone-client/0.5.0-SNAPSHOT/hadoop-ozone-client-0.5.0-SNAPSHOT.jar:/home/user/.m2/repository/commons-lang/commons-lang/2.6/commons-lang-2.6.jar:/home/user/.m2/repository/org/apache/hadoop/hadoop-ozone-ozone-manager/0.5.0-SNAPSHOT/hadoop-ozone-ozone-manager-0.5.0-SNAPSHOT-tests.jar:/home/user/.m2/repository/junit/junit/4.11/junit-4.11.jar:/home/user/.m2/repository/org/hamcrest/hamcrest-core/1.3/hamcrest-core-1.3.jar:/home/user/.m2/repository/org/openjdk/jmh/jmh-core/1.19/jmh-core-1.19.jar:/home/user/.m2/repository/net/sf/jopt-simple/jopt-simple/4.6/jopt-simple-4.6.jar:/home/user/.m2/repository/org/apache/commons/commons-math3/3.1.1/commons-math3-3.1.1.jar:/home/user/.m2/repository/org/openjdk/jmh/jmh-generator-annprocess/1.19/jmh-generator-annprocess-1.19.jar:/home/user/.m2/repository/org/mockito/mockito-all/1.8.5/mockito-all-1.8.5.jar:/home/user/.m2/repository/org/apache/hadoop/hadoop-kms/3.2.0/hadoop-kms-3.2.0.jar:/home/user/.m2/repository/org/apache/hadoop/hadoop-auth/3.2.0/hadoop-auth-3.2.0.jar:/home/user/.m2/repository/com/nimbusds/nimbus-jose-jwt/4.41.1/nimbus-jose-jwt-4.41.1.jar:/home/user/.m2/repository/com/github/stephenc/jcip/jcip-annotations/1.0-1/jcip-annotations-1.0-1.jar:/home/user/.m2/repository/net/minidev/json-smart/2.3/json-smart-2.3.jar:/home/user/.m2/repository/net/minidev/accessors-smart/1.2/accessors-smart-1.2.jar:/home/user/.m2/repository/org/ow2/asm/asm/5.0.4/asm-5.0.4.jar:/home/user/.m2/repository/org/apache/curator/curator-framework/2.12.0/curator-framework-2.12.0.jar:/home/user/.m2/repository/com/sun/jersey/jersey-core/1.19/jersey-core-1.19.jar:/home/user/.m2/repository/javax/ws/rs/jsr311-api/1.1.1/jsr311-api-1.1.1.jar:/home/user/.m2/repository/com/sun/jersey/jersey-server/1.19/jersey-server-1.19.jar:/home/user/.m2/repository/javax/servlet/javax.servlet-api/3.1.0/javax.servlet-api-3.1.0.jar:/home/user/.m2/repository/org/eclipse/jetty/jetty-server/9.3.25.v20180904/jetty-server-9.3.25.v20180904.jar:/home/user/.m2/repository/org/eclipse/jetty/jetty-http/9.3.25.v20180904/jetty-http-9.3.25.v20180904.jar:/home/user/.m2/repository/org/eclipse/jetty/jetty-io/9.3.25.v20180904/jetty-io-9.3.25.v20180904.jar:/home/user/.m2/repository/org/eclipse/jetty/jetty-webapp/9.3.25.v20180904/jetty-webapp-9.3.25.v20180904.jar:/home/user/.m2/repository/org/eclipse/jetty/jetty-xml/9.3.25.v20180904/jetty-xml-9.3.25.v20180904.jar:/home/user/.m2/repository/log4j/log4j/1.2.17/log4j-1.2.17.jar:/home/user/.m2/repository/org/slf4j/slf4j-api/1.7.25/slf4j-api-1.7.25.jar:/home/user/.m2/repository/org/slf4j/jul-to-slf4j/1.7.25/jul-to-slf4j-1.7.25.jar:/home/user/.m2/repository/org/eclipse/jetty/jetty-util/9.3.25.v20180904/jetty-util-9.3.25.v20180904.jar:/home/user/.m2/repository/com/fasterxml/jackson/core/jackson-databind/2.9.9/jackson-databind-2.9.9.jar:/home/user/.m2/repository/org/apache/hadoop/hadoop-kms/3.2.0/hadoop-kms-3.2.0-tests.jar:/home/user/.m2/repository/org/apache/hadoop/hadoop-hdds-server-scm/0.5.0-SNAPSHOT/hadoop-hdds-server-scm-0.5.0-SNAPSHOT-tests.jar:/home/user/.m2/repository/org/apache/hadoop/hadoop-hdds-container-service/0.5.0-SNAPSHOT/hadoop-hdds-container-service-0.5.0-SNAPSHOT-tests.jar:/home/user/.m2/repository/org/yaml/snakeyaml/1.16/snakeyaml-1.16.jar:/home/user/.m2/repository/org/apache/hadoop/hadoop-common/3.2.0/hadoop-common-3.2.0-tests.jar:/home/user/.m2/repository/org/apache/hadoop/hadoop-annotations/3.2.0/hadoop-annotations-3.2.0.jar:/usr/lib/jvm/java-1.8-openjdk/jre/../lib/tools.jar:/home/user/.m2/repository/commons-cli/commons-cli/1.2/commons-cli-1.2.jar:/home/user/.m2/repository/org/apache/httpcomponents/httpclient/4.5.2/httpclient-4.5.2.jar:/home/user/.m2/repository/org/apache/httpcomponents/httpcore/4.4.4/httpcore-4.4.4.jar:/home/user/.m2/repository/commons-codec/commons-codec/1.11/commons-codec-1.11.jar:/home/user/.m2/repository/commons-net/commons-net/3.6/commons-net-3.6.jar:/home/user/.m2/repository/commons-collections/commons-collections/3.2.2/commons-collections-3.2.2.jar:/home/user/.m2/repository/org/eclipse/jetty/jetty-servlet/9.3.25.v20180904/jetty-servlet-9.3.25.v20180904.jar:/home/user/.m2/repository/org/eclipse/jetty/jetty-security/9.3.25.v20180904/jetty-security-9.3.25.v20180904.jar:/home/user/.m2/repository/javax/servlet/jsp/jsp-api/2.1/jsp-api-2.1.jar:/home/user/.m2/repository/com/sun/jersey/jersey-servlet/1.19/jersey-servlet-1.19.jar:/home/user/.m2/repository/com/sun/jersey/jersey-json/1.19/jersey-json-1.19.jar:/home/user/.m2/repository/org/codehaus/jettison/jettison/1.1/jettison-1.1.jar:/home/user/.m2/repository/org/codehaus/jackson/jackson-core-asl/1.9.13/jackson-core-asl-1.9.13.jar:/home/user/.m2/repository/org/codehaus/jackson/jackson-mapper-asl/1.9.13/jackson-mapper-asl-1.9.13.jar:/home/user/.m2/repository/org/codehaus/jackson/jackson-jaxrs/1.9.13/jackson-jaxrs-1.9.13.jar:/home/user/.m2/repository/org/codehaus/jackson/jackson-xc/1.9.13/jackson-xc-1.9.13.jar:/home/user/.m2/repository/commons-logging/commons-logging/1.1.3/commons-logging-1.1.3.jar:/home/user/.m2/repository/commons-beanutils/commons-beanutils/1.9.4/commons-beanutils-1.9.4.jar:/home/user/.m2/repository/org/apache/commons/commons-configuration2/2.1.1/commons-configuration2-2.1.1.jar:/home/user/.m2/repository/org/apache/commons/commons-lang3/3.7/commons-lang3-3.7.jar:/home/user/.m2/repository/org/apache/commons/commons-text/1.4/commons-text-1.4.jar:/home/user/.m2/repository/org/apache/avro/avro/1.7.7/avro-1.7.7.jar:/home/user/.m2/repository/com/thoughtworks/paranamer/paranamer/2.3/paranamer-2.3.jar:/home/user/.m2/repository/org/xerial/snappy/snappy-java/1.0.5/snappy-java-1.0.5.jar:/home/user/.m2/repository/com/google/re2j/re2j/1.1/re2j-1.1.jar:/home/user/.m2/repository/com/google/code/gson/gson/2.2.4/gson-2.2.4.jar:/home/user/.m2/repository/com/jcraft/jsch/0.1.54/jsch-0.1.54.jar:/home/user/.m2/repository/org/apache/curator/curator-client/2.12.0/curator-client-2.12.0.jar:/home/user/.m2/repository/org/apache/curator/curator-recipes/2.12.0/curator-recipes-2.12.0.jar:/home/user/.m2/repository/com/google/code/findbugs/jsr305/3.0.0/jsr305-3.0.0.jar:/home/user/.m2/repository/org/apache/htrace/htrace-core4/4.1.0-incubating/htrace-core4-4.1.0-incubating.jar:/home/user/.m2/repository/org/apache/zookeeper/zookeeper/3.4.13/zookeeper-3.4.13.jar:/home/user/.m2/repository/jline/jline/0.9.94/jline-0.9.94.jar:/home/user/.m2/repository/org/apache/yetus/audience-annotations/0.5.0/audience-annotations-0.5.0.jar:/home/user/.m2/repository/org/codehaus/woodstox/stax2-api/3.1.4/stax2-api-3.1.4.jar:/home/user/.m2/repository/com/fasterxml/woodstox/woodstox-core/5.0.3/woodstox-core-5.0.3.jar:/home/user/.m2/repository/dnsjava/dnsjava/2.1.7/dnsjava-2.1.7.jar:/home/user/.m2/repository/org/apache/hadoop/hadoop-hdfs/3.2.0/hadoop-hdfs-3.2.0-tests.jar:/home/user/.m2/repository/org/eclipse/jetty/jetty-util-ajax/9.3.25.v20180904/jetty-util-ajax-9.3.25.v20180904.jar:/home/user/.m2/repository/commons-daemon/commons-daemon/1.0.13/commons-daemon-1.0.13.jar:/home/user/.m2/repository/io/netty/netty/3.10.5.Final/netty-3.10.5.Final.jar:/home/user/.m2/repository/io/netty/netty-all/4.0.52.Final/netty-all-4.0.52.Final.jar:/home/user/.m2/repository/org/fusesource/leveldbjni/leveldbjni-all/1.8/leveldbjni-all-1.8.jar:"/>
    <property name="java.vm.vendor" value="IcedTea"/>
    <property name="sun.arch.data.model" value="64"/>
    <property name="test.build.dir" value="/workdir/hadoop-ozone/integration-test/target/test-dir"/>
    <property name="test.cache.data" value=""/>
    <property name="java.vendor.url" value="https://icedtea.classpath.org"/>
    <property name="user.timezone" value=""/>
    <property name="java.vm.specification.version" value="1.8"/>
    <property name="os.name" value="Linux"/>
    <property name="test.build.data" value="/workdir/hadoop-ozone/integration-test/target/test-dir"/>
    <property name="user.country" value="US"/>
    <property name="sun.java.launcher" value="SUN_STANDARD"/>
    <property name="sun.boot.library.path" value="/usr/lib/jvm/java-1.8-openjdk/jre/lib/amd64"/>
    <property name="sun.java.command" value="/workdir/hadoop-ozone/integration-test/target/surefire/surefirebooter7686654129063333036.jar /workdir/hadoop-ozone/integration-test/target/surefire 2019-10-03T05-12-26_308-jvmRun1 surefire3698904485188010163tmp surefire_49720270375848933392tmp"/>
    <property name="test" value="!TestMiniChaosOzoneCluster"/>
    <property name="surefire.test.class.path" value="/workdir/hadoop-ozone/integration-test/target/test-classes:/workdir/hadoop-ozone/integration-test/target/classes:/home/user/.m2/repository/org/apache/hadoop/hadoop-ozone-common/0.5.0-SNAPSHOT/hadoop-ozone-common-0.5.0-SNAPSHOT.jar:/home/user/.m2/repository/org/apache/commons/commons-compress/1.4.1/commons-compress-1.4.1.jar:/home/user/.m2/repository/org/tukaani/xz/1.0/xz-1.0.jar:/home/user/.m2/repository/org/apache/hadoop/hadoop-common/3.2.0/hadoop-common-3.2.0.jar:/home/user/.m2/repository/org/apache/hadoop/hadoop-hdfs/3.2.0/hadoop-hdfs-3.2.0.jar:/home/user/.m2/repository/org/apache/hadoop/hadoop-hdfs-client/3.2.0/hadoop-hdfs-client-3.2.0.jar:/home/user/.m2/repository/com/fasterxml/jackson/core/jackson-annotations/2.9.9/jackson-annotations-2.9.9.jar:/home/user/.m2/repository/org/apache/hadoop/hadoop-hdds-common/0.5.0-SNAPSHOT/hadoop-hdds-common-0.5.0-SNAPSHOT.jar:/home/user/.m2/repository/javax/annotation/javax.annotation-api/1.2/javax.annotation-api-1.2.jar:/home/user/.m2/repository/org/apache/ratis/ratis-server/0.5.0-201fc85-SNAPSHOT/ratis-server-0.5.0-201fc85-SNAPSHOT.jar:/home/user/.m2/repository/org/apache/ratis/ratis-thirdparty-misc/0.2.0/ratis-thirdparty-misc-0.2.0.jar:/home/user/.m2/repository/org/apache/ratis/ratis-proto/0.5.0-201fc85-SNAPSHOT/ratis-proto-0.5.0-201fc85-SNAPSHOT.jar:/home/user/.m2/repository/org/apache/ratis/ratis-common/0.5.0-201fc85-SNAPSHOT/ratis-common-0.5.0-201fc85-SNAPSHOT.jar:/home/user/.m2/repository/org/apache/ratis/ratis-client/0.5.0-201fc85-SNAPSHOT/ratis-client-0.5.0-201fc85-SNAPSHOT.jar:/home/user/.m2/repository/org/apache/ratis/ratis-metrics/0.5.0-201fc85-SNAPSHOT/ratis-metrics-0.5.0-201fc85-SNAPSHOT.jar:/home/user/.m2/repository/com/github/joshelser/dropwizard-metrics-hadoop-metrics2-reporter/0.1.2/dropwizard-metrics-hadoop-metrics2-reporter-0.1.2.jar:/home/user/.m2/repository/io/dropwizard/metrics/metrics-jvm/3.2.5/metrics-jvm-3.2.5.jar:/home/user/.m2/repository/io/dropwizard/metrics/metrics-ganglia/3.2.5/metrics-ganglia-3.2.5.jar:/home/user/.m2/repository/info/ganglia/gmetric4j/gmetric4j/1.0.7/gmetric4j-1.0.7.jar:/home/user/.m2/repository/org/apache/ratis/ratis-netty/0.5.0-201fc85-SNAPSHOT/ratis-netty-0.5.0-201fc85-SNAPSHOT.jar:/home/user/.m2/repository/org/apache/ratis/ratis-grpc/0.5.0-201fc85-SNAPSHOT/ratis-grpc-0.5.0-201fc85-SNAPSHOT.jar:/home/user/.m2/repository/org/rocksdb/rocksdbjni/6.0.1/rocksdbjni-6.0.1.jar:/home/user/.m2/repository/org/apache/logging/log4j/log4j-api/2.11.0/log4j-api-2.11.0.jar:/home/user/.m2/repository/org/apache/logging/log4j/log4j-core/2.11.0/log4j-core-2.11.0.jar:/home/user/.m2/repository/com/lmax/disruptor/3.4.2/disruptor-3.4.2.jar:/home/user/.m2/repository/org/apache/commons/commons-pool2/2.6.0/commons-pool2-2.6.0.jar:/home/user/.m2/repository/org/bouncycastle/bcpkix-jdk15on/1.60/bcpkix-jdk15on-1.60.jar:/home/user/.m2/repository/commons-validator/commons-validator/1.6/commons-validator-1.6.jar:/home/user/.m2/repository/commons-digester/commons-digester/1.8.1/commons-digester-1.8.1.jar:/home/user/.m2/repository/io/jaegertracing/jaeger-client/0.34.0/jaeger-client-0.34.0.jar:/home/user/.m2/repository/io/jaegertracing/jaeger-thrift/0.34.0/jaeger-thrift-0.34.0.jar:/home/user/.m2/repository/org/apache/thrift/libthrift/0.12.0/libthrift-0.12.0.jar:/home/user/.m2/repository/com/squareup/okhttp3/okhttp/3.9.0/okhttp-3.9.0.jar:/home/user/.m2/repository/com/squareup/okio/okio/1.13.0/okio-1.13.0.jar:/home/user/.m2/repository/io/jaegertracing/jaeger-core/0.34.0/jaeger-core-0.34.0.jar:/home/user/.m2/repository/io/jaegertracing/jaeger-tracerresolver/0.34.0/jaeger-tracerresolver-0.34.0.jar:/home/user/.m2/repository/io/opentracing/contrib/opentracing-tracerresolver/0.1.5/opentracing-tracerresolver-0.1.5.jar:/home/user/.m2/repository/io/opentracing/opentracing-util/0.31.0/opentracing-util-0.31.0.jar:/home/user/.m2/repository/io/opentracing/opentracing-api/0.31.0/opentracing-api-0.31.0.jar:/home/user/.m2/repository/io/opentracing/opentracing-noop/0.31.0/opentracing-noop-0.31.0.jar:/home/user/.m2/repository/org/apache/hadoop/hadoop-hdds-server-framework/0.5.0-SNAPSHOT/hadoop-hdds-server-framework-0.5.0-SNAPSHOT.jar:/home/user/.m2/repository/org/apache/hadoop/hadoop-hdds-container-service/0.5.0-SNAPSHOT/hadoop-hdds-container-service-0.5.0-SNAPSHOT.jar:/home/user/.m2/repository/org/apache/hadoop/hadoop-hdds-client/0.5.0-SNAPSHOT/hadoop-hdds-client-0.5.0-SNAPSHOT.jar:/home/user/.m2/repository/org/apache/hadoop/hadoop-hdds-tools/0.5.0-SNAPSHOT/hadoop-hdds-tools-0.5.0-SNAPSHOT.jar:/home/user/.m2/repository/org/apache/hadoop/hadoop-hdds-server-scm/0.5.0-SNAPSHOT/hadoop-hdds-server-scm-0.5.0-SNAPSHOT.jar:/home/user/.m2/repository/org/apache/hadoop/hadoop-hdds-docs/0.5.0-SNAPSHOT/hadoop-hdds-docs-0.5.0-SNAPSHOT.jar:/home/user/.m2/repository/io/dropwizard/metrics/metrics-core/3.2.4/metrics-core-3.2.4.jar:/home/user/.m2/repository/org/hamcrest/hamcrest-all/1.3/hamcrest-all-1.3.jar:/home/user/.m2/repository/org/bouncycastle/bcprov-jdk15on/1.60/bcprov-jdk15on-1.60.jar:/home/user/.m2/repository/info/picocli/picocli/3.9.6/picocli-3.9.6.jar:/home/user/.m2/repository/com/google/protobuf/protobuf-java/2.5.0/protobuf-java-2.5.0.jar:/home/user/.m2/repository/com/google/guava/guava/11.0.2/guava-11.0.2.jar:/home/user/.m2/repository/org/apache/hadoop/hadoop-ozone-ozone-manager/0.5.0-SNAPSHOT/hadoop-ozone-ozone-manager-0.5.0-SNAPSHOT.jar:/home/user/.m2/repository/org/apache/hadoop/hadoop-minikdc/3.2.0/hadoop-minikdc-3.2.0.jar:/home/user/.m2/repository/commons-io/commons-io/2.5/commons-io-2.5.jar:/home/user/.m2/repository/org/apache/kerby/kerb-simplekdc/1.0.1/kerb-simplekdc-1.0.1.jar:/home/user/.m2/repository/org/apache/kerby/kerb-client/1.0.1/kerb-client-1.0.1.jar:/home/user/.m2/repository/org/apache/kerby/kerby-config/1.0.1/kerby-config-1.0.1.jar:/home/user/.m2/repository/org/apache/kerby/kerb-core/1.0.1/kerb-core-1.0.1.jar:/home/user/.m2/repository/org/apache/kerby/kerby-pkix/1.0.1/kerby-pkix-1.0.1.jar:/home/user/.m2/repository/org/apache/kerby/kerby-asn1/1.0.1/kerby-asn1-1.0.1.jar:/home/user/.m2/repository/org/apache/kerby/kerby-util/1.0.1/kerby-util-1.0.1.jar:/home/user/.m2/repository/org/apache/kerby/kerb-common/1.0.1/kerb-common-1.0.1.jar:/home/user/.m2/repository/org/apache/kerby/kerb-crypto/1.0.1/kerb-crypto-1.0.1.jar:/home/user/.m2/repository/org/apache/kerby/kerb-util/1.0.1/kerb-util-1.0.1.jar:/home/user/.m2/repository/org/apache/kerby/token-provider/1.0.1/token-provider-1.0.1.jar:/home/user/.m2/repository/org/apache/kerby/kerb-admin/1.0.1/kerb-admin-1.0.1.jar:/home/user/.m2/repository/org/apache/kerby/kerb-server/1.0.1/kerb-server-1.0.1.jar:/home/user/.m2/repository/org/apache/kerby/kerb-identity/1.0.1/kerb-identity-1.0.1.jar:/home/user/.m2/repository/org/apache/kerby/kerby-xdr/1.0.1/kerby-xdr-1.0.1.jar:/home/user/.m2/repository/org/slf4j/slf4j-log4j12/1.7.25/slf4j-log4j12-1.7.25.jar:/home/user/.m2/repository/org/apache/hadoop/hadoop-ozone-s3gateway/0.5.0-SNAPSHOT/hadoop-ozone-s3gateway-0.5.0-SNAPSHOT.jar:/home/user/.m2/repository/org/jboss/weld/servlet/weld-servlet/2.4.7.Final/weld-servlet-2.4.7.Final.jar:/home/user/.m2/repository/org/glassfish/jersey/containers/jersey-container-servlet-core/2.27/jersey-container-servlet-core-2.27.jar:/home/user/.m2/repository/org/glassfish/hk2/external/javax.inject/2.5.0-b42/javax.inject-2.5.0-b42.jar:/home/user/.m2/repository/org/glassfish/jersey/core/jersey-common/2.27/jersey-common-2.27.jar:/home/user/.m2/repository/org/glassfish/hk2/osgi-resource-locator/1.0.1/osgi-resource-locator-1.0.1.jar:/home/user/.m2/repository/javax/ws/rs/javax.ws.rs-api/2.1/javax.ws.rs-api-2.1.jar:/home/user/.m2/repository/org/glassfish/jersey/ext/cdi/jersey-cdi1x/2.27/jersey-cdi1x-2.27.jar:/home/user/.m2/repository/org/glassfish/jersey/inject/jersey-hk2/2.27/jersey-hk2-2.27.jar:/home/user/.m2/repository/org/glassfish/hk2/hk2-locator/2.5.0-b42/hk2-locator-2.5.0-b42.jar:/home/user/.m2/repository/org/javassist/javassist/3.22.0-CR2/javassist-3.22.0-CR2.jar:/home/user/.m2/repository/org/glassfish/hk2/hk2-api/2.5.0/hk2-api-2.5.0.jar:/home/user/.m2/repository/org/glassfish/hk2/external/jakarta.inject/2.5.0/jakarta.inject-2.5.0.jar:/home/user/.m2/repository/org/glassfish/hk2/hk2-utils/2.5.0/hk2-utils-2.5.0.jar:/home/user/.m2/repository/jakarta/annotation/jakarta.annotation-api/1.3.4/jakarta.annotation-api-1.3.4.jar:/home/user/.m2/repository/org/glassfish/hk2/external/aopalliance-repackaged/2.5.0/aopalliance-repackaged-2.5.0.jar:/home/user/.m2/repository/com/fasterxml/jackson/dataformat/jackson-dataformat-xml/2.9.0/jackson-dataformat-xml-2.9.0.jar:/home/user/.m2/repository/com/fasterxml/jackson/core/jackson-core/2.9.9/jackson-core-2.9.9.jar:/home/user/.m2/repository/com/fasterxml/jackson/module/jackson-module-jaxb-annotations/2.9.9/jackson-module-jaxb-annotations-2.9.9.jar:/home/user/.m2/repository/javax/enterprise/cdi-api/1.2/cdi-api-1.2.jar:/home/user/.m2/repository/javax/el/javax.el-api/3.0.0/javax.el-api-3.0.0.jar:/home/user/.m2/repository/javax/interceptor/javax.interceptor-api/1.2/javax.interceptor-api-1.2.jar:/home/user/.m2/repository/javax/inject/javax.inject/1/javax.inject-1.jar:/home/user/.m2/repository/com/sun/xml/bind/jaxb-impl/2.3.0.1/jaxb-impl-2.3.0.1.jar:/home/user/.m2/repository/com/sun/xml/bind/jaxb-core/2.3.0.1/jaxb-core-2.3.0.1.jar:/home/user/.m2/repository/javax/xml/bind/jaxb-api/2.3.0/jaxb-api-2.3.0.jar:/home/user/.m2/repository/javax/activation/activation/1.1.1/activation-1.1.1.jar:/home/user/.m2/repository/org/apache/hadoop/hadoop-ozone-csi/0.5.0-SNAPSHOT/hadoop-ozone-csi-0.5.0-SNAPSHOT.jar:/home/user/.m2/repository/com/google/protobuf/protobuf-java-util/3.5.1/protobuf-java-util-3.5.1.jar:/home/user/.m2/repository/org/apache/hadoop/hadoop-hdds-config/0.5.0-SNAPSHOT/hadoop-hdds-config-0.5.0-SNAPSHOT.jar:/home/user/.m2/repository/io/grpc/grpc-netty/1.17.1/grpc-netty-1.17.1.jar:/home/user/.m2/repository/io/grpc/grpc-core/1.17.1/grpc-core-1.17.1.jar:/home/user/.m2/repository/io/grpc/grpc-context/1.17.1/grpc-context-1.17.1.jar:/home/user/.m2/repository/com/google/errorprone/error_prone_annotations/2.2.0/error_prone_annotations-2.2.0.jar:/home/user/.m2/repository/org/codehaus/mojo/animal-sniffer-annotations/1.17/animal-sniffer-annotations-1.17.jar:/home/user/.m2/repository/io/opencensus/opencensus-api/0.17.0/opencensus-api-0.17.0.jar:/home/user/.m2/repository/io/opencensus/opencensus-contrib-grpc-metrics/0.17.0/opencensus-contrib-grpc-metrics-0.17.0.jar:/home/user/.m2/repository/io/netty/netty-codec-http2/4.1.30.Final/netty-codec-http2-4.1.30.Final.jar:/home/user/.m2/repository/io/netty/netty-codec-http/4.1.30.Final/netty-codec-http-4.1.30.Final.jar:/home/user/.m2/repository/io/netty/netty-codec/4.1.30.Final/netty-codec-4.1.30.Final.jar:/home/user/.m2/repository/io/netty/netty-handler/4.1.30.Final/netty-handler-4.1.30.Final.jar:/home/user/.m2/repository/io/netty/netty-handler-proxy/4.1.30.Final/netty-handler-proxy-4.1.30.Final.jar:/home/user/.m2/repository/io/netty/netty-codec-socks/4.1.30.Final/netty-codec-socks-4.1.30.Final.jar:/home/user/.m2/repository/io/netty/netty-transport-native-epoll/4.1.30.Final/netty-transport-native-epoll-4.1.30.Final.jar:/home/user/.m2/repository/io/netty/netty-common/4.1.30.Final/netty-common-4.1.30.Final.jar:/home/user/.m2/repository/io/netty/netty-buffer/4.1.30.Final/netty-buffer-4.1.30.Final.jar:/home/user/.m2/repository/io/netty/netty-transport/4.1.30.Final/netty-transport-4.1.30.Final.jar:/home/user/.m2/repository/io/netty/netty-resolver/4.1.30.Final/netty-resolver-4.1.30.Final.jar:/home/user/.m2/repository/io/netty/netty-transport-native-unix-common/4.1.30.Final/netty-transport-native-unix-common-4.1.30.Final.jar:/home/user/.m2/repository/io/grpc/grpc-protobuf/1.17.1/grpc-protobuf-1.17.1.jar:/home/user/.m2/repository/com/google/api/grpc/proto-google-common-protos/1.0.0/proto-google-common-protos-1.0.0.jar:/home/user/.m2/repository/io/grpc/grpc-protobuf-lite/1.17.1/grpc-protobuf-lite-1.17.1.jar:/home/user/.m2/repository/io/grpc/grpc-stub/1.17.1/grpc-stub-1.17.1.jar:/home/user/.m2/repository/org/apache/hadoop/hadoop-ozone-recon/0.5.0-SNAPSHOT/hadoop-ozone-recon-0.5.0-SNAPSHOT.jar:/home/user/.m2/repository/org/apache/hadoop/hadoop-ozone-reconcodegen/0.5.0-SNAPSHOT/hadoop-ozone-reconcodegen-0.5.0-SNAPSHOT.jar:/home/user/.m2/repository/com/google/inject/extensions/guice-multibindings/4.0/guice-multibindings-4.0.jar:/home/user/.m2/repository/com/google/inject/guice/4.0/guice-4.0.jar:/home/user/.m2/repository/aopalliance/aopalliance/1.0/aopalliance-1.0.jar:/home/user/.m2/repository/com/google/inject/extensions/guice-servlet/4.0/guice-servlet-4.0.jar:/home/user/.m2/repository/org/glassfish/jersey/containers/jersey-container-servlet/2.27/jersey-container-servlet-2.27.jar:/home/user/.m2/repository/org/glassfish/hk2/guice-bridge/2.5.0/guice-bridge-2.5.0.jar:/home/user/.m2/repository/org/glassfish/jersey/core/jersey-server/2.27/jersey-server-2.27.jar:/home/user/.m2/repository/org/glassfish/jersey/core/jersey-client/2.27/jersey-client-2.27.jar:/home/user/.m2/repository/org/glassfish/jersey/media/jersey-media-jaxb/2.27/jersey-media-jaxb-2.27.jar:/home/user/.m2/repository/javax/validation/validation-api/1.1.0.Final/validation-api-1.1.0.Final.jar:/home/user/.m2/repository/org/glassfish/jersey/media/jersey-media-json-jackson/2.27/jersey-media-json-jackson-2.27.jar:/home/user/.m2/repository/org/glassfish/jersey/ext/jersey-entity-filtering/2.27/jersey-entity-filtering-2.27.jar:/home/user/.m2/repository/com/google/inject/extensions/guice-assistedinject/4.0/guice-assistedinject-4.0.jar:/home/user/.m2/repository/org/jooq/jooq/3.11.10/jooq-3.11.10.jar:/home/user/.m2/repository/org/jooq/jooq-meta/3.11.10/jooq-meta-3.11.10.jar:/home/user/.m2/repository/org/jooq/jooq-codegen/3.11.10/jooq-codegen-3.11.10.jar:/home/user/.m2/repository/com/jolbox/bonecp/0.8.0.RELEASE/bonecp-0.8.0.RELEASE.jar:/home/user/.m2/repository/org/xerial/sqlite-jdbc/3.25.2/sqlite-jdbc-3.25.2.jar:/home/user/.m2/repository/org/springframework/spring-jdbc/5.1.3.RELEASE/spring-jdbc-5.1.3.RELEASE.jar:/home/user/.m2/repository/org/springframework/spring-beans/5.1.3.RELEASE/spring-beans-5.1.3.RELEASE.jar:/home/user/.m2/repository/org/springframework/spring-core/5.1.3.RELEASE/spring-core-5.1.3.RELEASE.jar:/home/user/.m2/repository/org/springframework/spring-jcl/5.1.3.RELEASE/spring-jcl-5.1.3.RELEASE.jar:/home/user/.m2/repository/org/springframework/spring-tx/5.1.3.RELEASE/spring-tx-5.1.3.RELEASE.jar:/home/user/.m2/repository/org/apache/hadoop/hadoop-ozone-client/0.5.0-SNAPSHOT/hadoop-ozone-client-0.5.0-SNAPSHOT.jar:/home/user/.m2/repository/commons-lang/commons-lang/2.6/commons-lang-2.6.jar:/home/user/.m2/repository/org/apache/hadoop/hadoop-ozone-ozone-manager/0.5.0-SNAPSHOT/hadoop-ozone-ozone-manager-0.5.0-SNAPSHOT-tests.jar:/home/user/.m2/repository/junit/junit/4.11/junit-4.11.jar:/home/user/.m2/repository/org/hamcrest/hamcrest-core/1.3/hamcrest-core-1.3.jar:/home/user/.m2/repository/org/openjdk/jmh/jmh-core/1.19/jmh-core-1.19.jar:/home/user/.m2/repository/net/sf/jopt-simple/jopt-simple/4.6/jopt-simple-4.6.jar:/home/user/.m2/repository/org/apache/commons/commons-math3/3.1.1/commons-math3-3.1.1.jar:/home/user/.m2/repository/org/openjdk/jmh/jmh-generator-annprocess/1.19/jmh-generator-annprocess-1.19.jar:/home/user/.m2/repository/org/mockito/mockito-all/1.8.5/mockito-all-1.8.5.jar:/home/user/.m2/repository/org/apache/hadoop/hadoop-kms/3.2.0/hadoop-kms-3.2.0.jar:/home/user/.m2/repository/org/apache/hadoop/hadoop-auth/3.2.0/hadoop-auth-3.2.0.jar:/home/user/.m2/repository/com/nimbusds/nimbus-jose-jwt/4.41.1/nimbus-jose-jwt-4.41.1.jar:/home/user/.m2/repository/com/github/stephenc/jcip/jcip-annotations/1.0-1/jcip-annotations-1.0-1.jar:/home/user/.m2/repository/net/minidev/json-smart/2.3/json-smart-2.3.jar:/home/user/.m2/repository/net/minidev/accessors-smart/1.2/accessors-smart-1.2.jar:/home/user/.m2/repository/org/ow2/asm/asm/5.0.4/asm-5.0.4.jar:/home/user/.m2/repository/org/apache/curator/curator-framework/2.12.0/curator-framework-2.12.0.jar:/home/user/.m2/repository/com/sun/jersey/jersey-core/1.19/jersey-core-1.19.jar:/home/user/.m2/repository/javax/ws/rs/jsr311-api/1.1.1/jsr311-api-1.1.1.jar:/home/user/.m2/repository/com/sun/jersey/jersey-server/1.19/jersey-server-1.19.jar:/home/user/.m2/repository/javax/servlet/javax.servlet-api/3.1.0/javax.servlet-api-3.1.0.jar:/home/user/.m2/repository/org/eclipse/jetty/jetty-server/9.3.25.v20180904/jetty-server-9.3.25.v20180904.jar:/home/user/.m2/repository/org/eclipse/jetty/jetty-http/9.3.25.v20180904/jetty-http-9.3.25.v20180904.jar:/home/user/.m2/repository/org/eclipse/jetty/jetty-io/9.3.25.v20180904/jetty-io-9.3.25.v20180904.jar:/home/user/.m2/repository/org/eclipse/jetty/jetty-webapp/9.3.25.v20180904/jetty-webapp-9.3.25.v20180904.jar:/home/user/.m2/repository/org/eclipse/jetty/jetty-xml/9.3.25.v20180904/jetty-xml-9.3.25.v20180904.jar:/home/user/.m2/repository/log4j/log4j/1.2.17/log4j-1.2.17.jar:/home/user/.m2/repository/org/slf4j/slf4j-api/1.7.25/slf4j-api-1.7.25.jar:/home/user/.m2/repository/org/slf4j/jul-to-slf4j/1.7.25/jul-to-slf4j-1.7.25.jar:/home/user/.m2/repository/org/eclipse/jetty/jetty-util/9.3.25.v20180904/jetty-util-9.3.25.v20180904.jar:/home/user/.m2/repository/com/fasterxml/jackson/core/jackson-databind/2.9.9/jackson-databind-2.9.9.jar:/home/user/.m2/repository/org/apache/hadoop/hadoop-kms/3.2.0/hadoop-kms-3.2.0-tests.jar:/home/user/.m2/repository/org/apache/hadoop/hadoop-hdds-server-scm/0.5.0-SNAPSHOT/hadoop-hdds-server-scm-0.5.0-SNAPSHOT-tests.jar:/home/user/.m2/repository/org/apache/hadoop/hadoop-hdds-container-service/0.5.0-SNAPSHOT/hadoop-hdds-container-service-0.5.0-SNAPSHOT-tests.jar:/home/user/.m2/repository/org/yaml/snakeyaml/1.16/snakeyaml-1.16.jar:/home/user/.m2/repository/org/apache/hadoop/hadoop-common/3.2.0/hadoop-common-3.2.0-tests.jar:/home/user/.m2/repository/org/apache/hadoop/hadoop-annotations/3.2.0/hadoop-annotations-3.2.0.jar:/usr/lib/jvm/java-1.8-openjdk/jre/../lib/tools.jar:/home/user/.m2/repository/commons-cli/commons-cli/1.2/commons-cli-1.2.jar:/home/user/.m2/repository/org/apache/httpcomponents/httpclient/4.5.2/httpclient-4.5.2.jar:/home/user/.m2/repository/org/apache/httpcomponents/httpcore/4.4.4/httpcore-4.4.4.jar:/home/user/.m2/repository/commons-codec/commons-codec/1.11/commons-codec-1.11.jar:/home/user/.m2/repository/commons-net/commons-net/3.6/commons-net-3.6.jar:/home/user/.m2/repository/commons-collections/commons-collections/3.2.2/commons-collections-3.2.2.jar:/home/user/.m2/repository/org/eclipse/jetty/jetty-servlet/9.3.25.v20180904/jetty-servlet-9.3.25.v20180904.jar:/home/user/.m2/repository/org/eclipse/jetty/jetty-security/9.3.25.v20180904/jetty-security-9.3.25.v20180904.jar:/home/user/.m2/repository/javax/servlet/jsp/jsp-api/2.1/jsp-api-2.1.jar:/home/user/.m2/repository/com/sun/jersey/jersey-servlet/1.19/jersey-servlet-1.19.jar:/home/user/.m2/repository/com/sun/jersey/jersey-json/1.19/jersey-json-1.19.jar:/home/user/.m2/repository/org/codehaus/jettison/jettison/1.1/jettison-1.1.jar:/home/user/.m2/repository/org/codehaus/jackson/jackson-core-asl/1.9.13/jackson-core-asl-1.9.13.jar:/home/user/.m2/repository/org/codehaus/jackson/jackson-mapper-asl/1.9.13/jackson-mapper-asl-1.9.13.jar:/home/user/.m2/repository/org/codehaus/jackson/jackson-jaxrs/1.9.13/jackson-jaxrs-1.9.13.jar:/home/user/.m2/repository/org/codehaus/jackson/jackson-xc/1.9.13/jackson-xc-1.9.13.jar:/home/user/.m2/repository/commons-logging/commons-logging/1.1.3/commons-logging-1.1.3.jar:/home/user/.m2/repository/commons-beanutils/commons-beanutils/1.9.4/commons-beanutils-1.9.4.jar:/home/user/.m2/repository/org/apache/commons/commons-configuration2/2.1.1/commons-configuration2-2.1.1.jar:/home/user/.m2/repository/org/apache/commons/commons-lang3/3.7/commons-lang3-3.7.jar:/home/user/.m2/repository/org/apache/commons/commons-text/1.4/commons-text-1.4.jar:/home/user/.m2/repository/org/apache/avro/avro/1.7.7/avro-1.7.7.jar:/home/user/.m2/repository/com/thoughtworks/paranamer/paranamer/2.3/paranamer-2.3.jar:/home/user/.m2/repository/org/xerial/snappy/snappy-java/1.0.5/snappy-java-1.0.5.jar:/home/user/.m2/repository/com/google/re2j/re2j/1.1/re2j-1.1.jar:/home/user/.m2/repository/com/google/code/gson/gson/2.2.4/gson-2.2.4.jar:/home/user/.m2/repository/com/jcraft/jsch/0.1.54/jsch-0.1.54.jar:/home/user/.m2/repository/org/apache/curator/curator-client/2.12.0/curator-client-2.12.0.jar:/home/user/.m2/repository/org/apache/curator/curator-recipes/2.12.0/curator-recipes-2.12.0.jar:/home/user/.m2/repository/com/google/code/findbugs/jsr305/3.0.0/jsr305-3.0.0.jar:/home/user/.m2/repository/org/apache/htrace/htrace-core4/4.1.0-incubating/htrace-core4-4.1.0-incubating.jar:/home/user/.m2/repository/org/apache/zookeeper/zookeeper/3.4.13/zookeeper-3.4.13.jar:/home/user/.m2/repository/jline/jline/0.9.94/jline-0.9.94.jar:/home/user/.m2/repository/org/apache/yetus/audience-annotations/0.5.0/audience-annotations-0.5.0.jar:/home/user/.m2/repository/org/codehaus/woodstox/stax2-api/3.1.4/stax2-api-3.1.4.jar:/home/user/.m2/repository/com/fasterxml/woodstox/woodstox-core/5.0.3/woodstox-core-5.0.3.jar:/home/user/.m2/repository/dnsjava/dnsjava/2.1.7/dnsjava-2.1.7.jar:/home/user/.m2/repository/org/apache/hadoop/hadoop-hdfs/3.2.0/hadoop-hdfs-3.2.0-tests.jar:/home/user/.m2/repository/org/eclipse/jetty/jetty-util-ajax/9.3.25.v20180904/jetty-util-ajax-9.3.25.v20180904.jar:/home/user/.m2/repository/commons-daemon/commons-daemon/1.0.13/commons-daemon-1.0.13.jar:/home/user/.m2/repository/io/netty/netty/3.10.5.Final/netty-3.10.5.Final.jar:/home/user/.m2/repository/io/netty/netty-all/4.0.52.Final/netty-all-4.0.52.Final.jar:/home/user/.m2/repository/org/fusesource/leveldbjni/leveldbjni-all/1.8/leveldbjni-all-1.8.jar:"/>
    <property name="sun.cpu.endian" value="little"/>
    <property name="user.home" value="/home/user"/>
    <property name="user.language" value="en"/>
    <property name="java.specification.vendor" value="Oracle Corporation"/>
    <property name="java.home" value="/usr/lib/jvm/java-1.8-openjdk/jre"/>
    <property name="java.security.krb5.conf" value="/workdir/hadoop-ozone/integration-test/target/test-classes/krb5.conf"/>
    <property name="basedir" value="/workdir/hadoop-ozone/integration-test"/>
    <property name="file.separator" value="/"/>
    <property name="line.separator" value="&#10;"/>
    <property name="java.vm.specification.vendor" value="Oracle Corporation"/>
    <property name="java.specification.name" value="Java Platform API Specification"/>
    <property name="java.awt.graphicsenv" value="sun.awt.X11GraphicsEnvironment"/>
    <property name="surefire.real.class.path" value="/workdir/hadoop-ozone/integration-test/target/surefire/surefirebooter7686654129063333036.jar"/>
    <property name="hadoop.log.dir" value="/workdir/hadoop-ozone/integration-test/target/log"/>
    <property name="sun.boot.class.path" value="/usr/lib/jvm/java-1.8-openjdk/jre/lib/resources.jar:/usr/lib/jvm/java-1.8-openjdk/jre/lib/rt.jar:/usr/lib/jvm/java-1.8-openjdk/jre/lib/sunrsasign.jar:/usr/lib/jvm/java-1.8-openjdk/jre/lib/jsse.jar:/usr/lib/jvm/java-1.8-openjdk/jre/lib/jce.jar:/usr/lib/jvm/java-1.8-openjdk/jre/lib/charsets.jar:/usr/lib/jvm/java-1.8-openjdk/jre/lib/jfr.jar:/usr/lib/jvm/java-1.8-openjdk/jre/classes"/>
    <property name="sun.management.compiler" value="HotSpot 64-Bit Tiered Compilers"/>
    <property name="java.runtime.version" value="1.8.0_212-b04"/>
    <property name="java.net.preferIPv4Stack" value="true"/>
    <property name="user.name" value="jenkins1000"/>
    <property name="path.separator" value=":"/>
    <property name="java.security.egd" value="file:///dev/urandom"/>
    <property name="os.version" value="3.10.0-957.12.2.el7.x86_64"/>
    <property name="java.endorsed.dirs" value="/usr/lib/jvm/java-1.8-openjdk/jre/lib/endorsed"/>
    <property name="java.runtime.name" value="OpenJDK Runtime Environment"/>
    <property name="file.encoding" value="UTF-8"/>
    <property name="java.vm.name" value="OpenJDK 64-Bit Server VM"/>
    <property name="test.build.webapps" value=""/>
    <property name="localRepository" value="/home/user/.m2/repository"/>
    <property name="java.vendor.url.bug" value="https://icedtea.classpath.org/bugzilla"/>
    <property name="java.io.tmpdir" value="/tmp"/>
    <property name="require.test.libhadoop" value=""/>
    <property name="java.version" value="1.8.0_212"/>
    <property name="user.dir" value="/workdir/hadoop-ozone/integration-test"/>
    <property name="os.arch" value="amd64"/>
    <property name="java.vm.specification.name" value="Java Virtual Machine Specification"/>
    <property name="test.build.classes" value="/workdir/hadoop-ozone/integration-test/target/test-classes"/>
    <property name="java.awt.printerjob" value="sun.print.PSPrinterJob"/>
    <property name="sun.os.patch.level" value="unknown"/>
    <property name="hadoop.tmp.dir" value="/workdir/hadoop-ozone/integration-test/target/tmp"/>
    <property name="java.library.path" value="/usr/lib/jvm/java-1.8-openjdk/jre/lib/amd64/server:/usr/lib/jvm/java-1.8-openjdk/jre/lib/amd64:/usr/lib/jvm/java-1.8-openjdk/jre/../lib/amd64:/workdir/hadoop-ozone/integration-test/target/native/target/usr/local/lib:/workdir/hadoop-ozone/integration-test/../../hadoop-common-project/hadoop-common/target/native/target/usr/local/lib:/usr/java/packages/lib/amd64:/usr/lib64:/lib64:/lib:/usr/lib"/>
    <property name="java.vm.info" value="mixed mode"/>
    <property name="java.vendor" value="IcedTea"/>
    <property name="java.vm.version" value="25.212-b04"/>
    <property name="java.ext.dirs" value="/usr/lib/jvm/java-1.8-openjdk/jre/lib/ext:/usr/java/packages/lib/ext"/>
    <property name="sun.io.unicode.encoding" value="UnicodeLittle"/>
    <property name="java.class.version" value="52.0"/>
  </properties>
  <testcase name="test2WayCommitForRetryfailure" classname="org.apache.hadoop.ozone.client.rpc.Test2WayCommitInRatis" time="40.108">
    <error message="org.apache.ratis.protocol.RaftRetryFailureException: Failed RaftClientRequest:client-6DBEABD433A1-&gt;25df95fc-d168-4c4c-bc82-68d8d7d98e43@group-3343B05F753D, cid=14, seq=2*, RW, org.apache.hadoop.hdds.scm.XceiverClientRatis$$Lambda$357/1492801385@237b7220 for 20 attempts with RetryLimited(maxAttempts=20, sleepTime=1000ms)" type="java.util.concurrent.ExecutionException">java.util.concurrent.ExecutionException: org.apache.ratis.protocol.RaftRetryFailureException: Failed RaftClientRequest:client-6DBEABD433A1->25df95fc-d168-4c4c-bc82-68d8d7d98e43@group-3343B05F753D, cid=14, seq=2*, RW, org.apache.hadoop.hdds.scm.XceiverClientRatis$$Lambda$357/1492801385@237b7220 for 20 attempts with RetryLimited(maxAttempts=20, sleepTime=1000ms)
	at java.util.concurrent.CompletableFuture.reportGet(CompletableFuture.java:357)
	at java.util.concurrent.CompletableFuture.get(CompletableFuture.java:1895)
	at org.apache.hadoop.ozone.client.rpc.Test2WayCommitInRatis.test2WayCommitForRetryfailure(Test2WayCommitInRatis.java:144)
	at sun.reflect.NativeMethodAccessorImpl.invoke0(Native Method)
	at sun.reflect.NativeMethodAccessorImpl.invoke(NativeMethodAccessorImpl.java:62)
	at sun.reflect.DelegatingMethodAccessorImpl.invoke(DelegatingMethodAccessorImpl.java:43)
	at java.lang.reflect.Method.invoke(Method.java:498)
	at org.junit.runners.model.FrameworkMethod$1.runReflectiveCall(FrameworkMethod.java:47)
	at org.junit.internal.runners.model.ReflectiveCallable.run(ReflectiveCallable.java:12)
	at org.junit.runners.model.FrameworkMethod.invokeExplosively(FrameworkMethod.java:44)
	at org.junit.internal.runners.statements.InvokeMethod.evaluate(InvokeMethod.java:17)
	at org.junit.runners.ParentRunner.runLeaf(ParentRunner.java:271)
	at org.junit.runners.BlockJUnit4ClassRunner.runChild(BlockJUnit4ClassRunner.java:70)
	at org.junit.runners.BlockJUnit4ClassRunner.runChild(BlockJUnit4ClassRunner.java:50)
	at org.junit.runners.ParentRunner$3.run(ParentRunner.java:238)
	at org.junit.runners.ParentRunner$1.schedule(ParentRunner.java:63)
	at org.junit.runners.ParentRunner.runChildren(ParentRunner.java:236)
	at org.junit.runners.ParentRunner.access$000(ParentRunner.java:53)
	at org.junit.runners.ParentRunner$2.evaluate(ParentRunner.java:229)
	at org.junit.runners.ParentRunner.run(ParentRunner.java:309)
	at org.apache.maven.surefire.junit4.JUnit4Provider.execute(JUnit4Provider.java:365)
	at org.apache.maven.surefire.junit4.JUnit4Provider.executeWithRerun(JUnit4Provider.java:273)
	at org.apache.maven.surefire.junit4.JUnit4Provider.executeTestSet(JUnit4Provider.java:238)
	at org.apache.maven.surefire.junit4.JUnit4Provider.invoke(JUnit4Provider.java:159)
	at org.apache.maven.surefire.booter.ForkedBooter.invokeProviderInSameClassLoader(ForkedBooter.java:384)
	at org.apache.maven.surefire.booter.ForkedBooter.runSuitesInProcess(ForkedBooter.java:345)
	at org.apache.maven.surefire.booter.ForkedBooter.execute(ForkedBooter.java:126)
	at org.apache.maven.surefire.booter.ForkedBooter.main(ForkedBooter.java:418)
Caused by: org.apache.ratis.protocol.RaftRetryFailureException: Failed RaftClientRequest:client-6DBEABD433A1->25df95fc-d168-4c4c-bc82-68d8d7d98e43@group-3343B05F753D, cid=14, seq=2*, RW, org.apache.hadoop.hdds.scm.XceiverClientRatis$$Lambda$357/1492801385@237b7220 for 20 attempts with RetryLimited(maxAttempts=20, sleepTime=1000ms)
	at org.apache.ratis.client.impl.RaftClientImpl.noMoreRetries(RaftClientImpl.java:271)
	at org.apache.ratis.client.impl.OrderedAsync.handleAsyncRetryFailure(OrderedAsync.java:138)
	at org.apache.ratis.client.impl.OrderedAsync.lambda$sendRequest$10(OrderedAsync.java:230)
	at java.util.concurrent.CompletableFuture.uniExceptionally(CompletableFuture.java:870)
	at java.util.concurrent.CompletableFuture$UniExceptionally.tryFire(CompletableFuture.java:852)
	at java.util.concurrent.CompletableFuture.postComplete(CompletableFuture.java:474)
	at java.util.concurrent.CompletableFuture.completeExceptionally(CompletableFuture.java:1977)
	at org.apache.ratis.grpc.client.GrpcClientProtocolClient$AsyncStreamObservers.completeReplyExceptionally(GrpcClientProtocolClient.java:345)
	at org.apache.ratis.grpc.client.GrpcClientProtocolClient$AsyncStreamObservers.access$000(GrpcClientProtocolClient.java:261)
	at org.apache.ratis.grpc.client.GrpcClientProtocolClient$AsyncStreamObservers$1.onNext(GrpcClientProtocolClient.java:273)
	at org.apache.ratis.grpc.client.GrpcClientProtocolClient$AsyncStreamObservers$1.onNext(GrpcClientProtocolClient.java:264)
	at org.apache.ratis.thirdparty.io.grpc.stub.ClientCalls$StreamObserverToCallListenerAdapter.onMessage(ClientCalls.java:421)
	at org.apache.ratis.thirdparty.io.grpc.ForwardingClientCallListener.onMessage(ForwardingClientCallListener.java:33)
	at org.apache.ratis.thirdparty.io.grpc.ForwardingClientCallListener.onMessage(ForwardingClientCallListener.java:33)
	at org.apache.ratis.thirdparty.io.grpc.internal.ClientCallImpl$ClientStreamListenerImpl$1MessagesAvailable.runInContext(ClientCallImpl.java:519)
	at org.apache.ratis.thirdparty.io.grpc.internal.ContextRunnable.run(ContextRunnable.java:37)
	at org.apache.ratis.thirdparty.io.grpc.internal.SerializingExecutor.run(SerializingExecutor.java:123)
	at java.util.concurrent.ThreadPoolExecutor.runWorker(ThreadPoolExecutor.java:1149)
	at java.util.concurrent.ThreadPoolExecutor$Worker.run(ThreadPoolExecutor.java:624)
	at java.lang.Thread.run(Thread.java:748)
Caused by: org.apache.ratis.protocol.NotLeaderException: Server 25df95fc-d168-4c4c-bc82-68d8d7d98e43@group-3343B05F753D is not the leader
	at org.apache.ratis.client.impl.ClientProtoUtils.toRaftClientReply(ClientProtoUtils.java:243)
	at org.apache.ratis.grpc.client.GrpcClientProtocolClient$AsyncStreamObservers$1.onNext(GrpcClientProtocolClient.java:269)
	... 10 more
</error>
    <system-out><![CDATA[2019-10-03 05:49:22,504 [main] WARN  server.ServerUtils (ServerUtils.java:getScmDbDir(145)) - ozone.scm.db.dirs is not configured. We recommend adding this setting. Falling back to ozone.metadata.dirs instead.
2019-10-03 05:49:22,603 [main] WARN  server.ServerUtils (ServerUtils.java:getScmDbDir(145)) - ozone.scm.db.dirs is not configured. We recommend adding this setting. Falling back to ozone.metadata.dirs instead.
2019-10-03 05:49:22,606 [main] WARN  server.ServerUtils (ServerUtils.java:getScmDbDir(145)) - ozone.scm.db.dirs is not configured. We recommend adding this setting. Falling back to ozone.metadata.dirs instead.
2019-10-03 05:49:22,620 [main] INFO  util.log (Log.java:initialized(192)) - Logging initialized @796ms
2019-10-03 05:49:22,718 [main] INFO  db.DBStoreBuilder (DBStoreBuilder.java:addTable(110)) - using custom profile for table: deletedBlocks
2019-10-03 05:49:22,719 [main] INFO  db.DBStoreBuilder (DBStoreBuilder.java:processTables(161)) - Using default column profile:DBProfile.DISK for Table:deletedBlocks
2019-10-03 05:49:22,719 [main] INFO  db.DBStoreBuilder (DBStoreBuilder.java:addTable(110)) - using custom profile for table: validCerts
2019-10-03 05:49:22,720 [main] INFO  db.DBStoreBuilder (DBStoreBuilder.java:processTables(161)) - Using default column profile:DBProfile.DISK for Table:validCerts
2019-10-03 05:49:22,720 [main] INFO  db.DBStoreBuilder (DBStoreBuilder.java:addTable(110)) - using custom profile for table: revokedCerts
2019-10-03 05:49:22,721 [main] INFO  db.DBStoreBuilder (DBStoreBuilder.java:processTables(161)) - Using default column profile:DBProfile.DISK for Table:revokedCerts
2019-10-03 05:49:22,733 [main] INFO  db.DBStoreBuilder (DBStoreBuilder.java:addTable(110)) - using custom profile for table: default
2019-10-03 05:49:22,733 [main] INFO  db.DBStoreBuilder (DBStoreBuilder.java:processTables(167)) - Using default column profile:DBProfile.DISK for Table:default
2019-10-03 05:49:22,735 [main] INFO  db.DBStoreBuilder (DBStoreBuilder.java:getDbProfile(198)) - Using default options. DBProfile.DISK
2019-10-03 05:49:23,142 [main] INFO  net.NodeSchemaLoader (NodeSchemaLoader.java:loadSchemaFromFile(125)) - Loading file from sun.misc.CompoundEnumeration@14cd1699
2019-10-03 05:49:23,145 [main] INFO  net.NodeSchemaLoader (NodeSchemaLoader.java:loadSchema(171)) - Loading network topology layer schema file
2019-10-03 05:49:23,216 [main] WARN  server.ServerUtils (ServerUtils.java:sanitizeUserArgs(70)) - ozone.scm.stale.node.interval value = 300000 is larger than max = 100000 based on the key value of ozone.scm.heartbeat.thread.interval, reset to the max value 100000.
2019-10-03 05:49:23,218 [main] WARN  server.ServerUtils (ServerUtils.java:sanitizeUserArgs(70)) - ozone.scm.stale.node.interval value = 300000 is larger than max = 100000 based on the key value of ozone.scm.heartbeat.thread.interval, reset to the max value 100000.
2019-10-03 05:49:23,221 [main] INFO  node.SCMNodeManager (SCMNodeManager.java:<init>(114)) - Entering startup safe mode.
2019-10-03 05:49:23,301 [main] INFO  algorithms.ContainerPlacementPolicyFactory (ContainerPlacementPolicyFactory.java:getPolicy(57)) - Create container placement policy of type org.apache.hadoop.hdds.scm.container.placement.algorithms.SCMContainerPlacementRandom
2019-10-03 05:49:23,317 [main] WARN  server.ServerUtils (ServerUtils.java:getScmDbDir(145)) - ozone.scm.db.dirs is not configured. We recommend adding this setting. Falling back to ozone.metadata.dirs instead.
2019-10-03 05:49:23,433 [main] INFO  pipeline.SCMPipelineManager (SCMPipelineManager.java:initializePipelineState(132)) - No pipeline exists in current db
2019-10-03 05:49:23,436 [main] WARN  server.ServerUtils (ServerUtils.java:getScmDbDir(145)) - ozone.scm.db.dirs is not configured. We recommend adding this setting. Falling back to ozone.metadata.dirs instead.
2019-10-03 05:49:23,592 [main] WARN  events.EventQueue (EventQueue.java:fireEvent(183)) - No event handler registered for event TypedEvent{payloadType=SafeModeStatus, name='SafeModeStatus'}
2019-10-03 05:49:23,963 [main] INFO  ipc.CallQueueManager (CallQueueManager.java:<init>(84)) - Using callQueue: class java.util.concurrent.LinkedBlockingQueue, queueCapacity: 2000, scheduler: class org.apache.hadoop.ipc.DefaultRpcScheduler, ipcBackoff: false.
2019-10-03 05:49:23,992 [Socket Reader #1 for port 40495] INFO  ipc.Server (Server.java:run(1074)) - Starting Socket Reader #1 for port 40495
2019-10-03 05:49:24,159 [main] INFO  ipc.CallQueueManager (CallQueueManager.java:<init>(84)) - Using callQueue: class java.util.concurrent.LinkedBlockingQueue, queueCapacity: 2000, scheduler: class org.apache.hadoop.ipc.DefaultRpcScheduler, ipcBackoff: false.
2019-10-03 05:49:24,161 [Socket Reader #1 for port 32773] INFO  ipc.Server (Server.java:run(1074)) - Starting Socket Reader #1 for port 32773
2019-10-03 05:49:24,173 [main] INFO  ipc.CallQueueManager (CallQueueManager.java:<init>(84)) - Using callQueue: class java.util.concurrent.LinkedBlockingQueue, queueCapacity: 2000, scheduler: class org.apache.hadoop.ipc.DefaultRpcScheduler, ipcBackoff: false.
2019-10-03 05:49:24,174 [Socket Reader #1 for port 46820] INFO  ipc.Server (Server.java:run(1074)) - Starting Socket Reader #1 for port 46820
2019-10-03 05:49:24,202 [main] INFO  hdfs.DFSUtil (DFSUtil.java:httpServerTemplateForNNAndJN(1641)) - Starting Web-server for scm at: http://0.0.0.0:0
2019-10-03 05:49:24,361 [main] INFO  server.AuthenticationFilter (AuthenticationFilter.java:constructSecretProvider(240)) - Unable to initialize FileSignerSecretProvider, falling back to use random secrets.
2019-10-03 05:49:24,369 [main] WARN  http.HttpRequestLog (HttpRequestLog.java:getRequestLog(97)) - Jetty request log can only be enabled using Log4j
2019-10-03 05:49:24,377 [main] INFO  http.HttpServer2 (HttpServer2.java:addGlobalFilter(975)) - Added global filter 'safety' (class=org.apache.hadoop.http.HttpServer2$QuotingInputFilter)
2019-10-03 05:49:24,380 [main] INFO  http.HttpServer2 (HttpServer2.java:addFilter(948)) - Added filter static_user_filter (class=org.apache.hadoop.http.lib.StaticUserWebFilter$StaticUserFilter) to context scm
2019-10-03 05:49:24,380 [main] INFO  http.HttpServer2 (HttpServer2.java:addFilter(958)) - Added filter static_user_filter (class=org.apache.hadoop.http.lib.StaticUserWebFilter$StaticUserFilter) to context logs
2019-10-03 05:49:24,380 [main] INFO  http.HttpServer2 (HttpServer2.java:addFilter(958)) - Added filter static_user_filter (class=org.apache.hadoop.http.lib.StaticUserWebFilter$StaticUserFilter) to context static
2019-10-03 05:49:24,413 [main] INFO  server.StorageContainerManager (StorageContainerManager.java:start(770)) - StorageContainerLocationProtocol RPC server is listening at /0.0.0.0:46820
2019-10-03 05:49:24,492 [main] WARN  impl.MetricsConfig (MetricsConfig.java:loadFirst(134)) - Cannot locate configuration: tried hadoop-metrics2-storagecontainermanager.properties,hadoop-metrics2.properties
2019-10-03 05:49:24,507 [main] INFO  impl.MetricsSystemImpl (MetricsSystemImpl.java:startTimer(374)) - Scheduled Metric snapshot period at 10 second(s).
2019-10-03 05:49:24,508 [main] INFO  impl.MetricsSystemImpl (MetricsSystemImpl.java:start(191)) - StorageContainerManager metrics system started
2019-10-03 05:49:24,774 [main] INFO  server.SCMClientProtocolServer (SCMClientProtocolServer.java:start(159)) - RPC server for Client  is listening at /0.0.0.0:46820
2019-10-03 05:49:24,774 [IPC Server Responder] INFO  ipc.Server (Server.java:run(1314)) - IPC Server Responder: starting
2019-10-03 05:49:24,775 [IPC Server listener on 46820] INFO  ipc.Server (Server.java:run(1153)) - IPC Server listener on 46820: starting
2019-10-03 05:49:24,777 [main] INFO  server.StorageContainerManager (StorageContainerManager.java:start(780)) - ScmBlockLocationProtocol RPC server is listening at /0.0.0.0:32773
2019-10-03 05:49:24,778 [main] INFO  server.SCMBlockProtocolServer (SCMBlockProtocolServer.java:start(146)) - RPC server for Block Protocol is listening at /0.0.0.0:32773
2019-10-03 05:49:24,779 [IPC Server Responder] INFO  ipc.Server (Server.java:run(1314)) - IPC Server Responder: starting
2019-10-03 05:49:24,779 [IPC Server listener on 32773] INFO  ipc.Server (Server.java:run(1153)) - IPC Server listener on 32773: starting
2019-10-03 05:49:24,781 [main] INFO  server.StorageContainerManager (StorageContainerManager.java:start(784)) - ScmDatanodeProtocl RPC server is listening at /0.0.0.0:40495
2019-10-03 05:49:24,782 [main] INFO  server.SCMDatanodeProtocolServer (SCMDatanodeProtocolServer.java:start(169)) - RPC server for DataNodes is listening at /0.0.0.0:40495
2019-10-03 05:49:24,783 [IPC Server Responder] INFO  ipc.Server (Server.java:run(1314)) - IPC Server Responder: starting
2019-10-03 05:49:24,783 [IPC Server listener on 40495] INFO  ipc.Server (Server.java:run(1153)) - IPC Server listener on 40495: starting
2019-10-03 05:49:24,787 [main] INFO  http.HttpServer2 (HttpServer2.java:bindListener(1191)) - Jetty bound to port 45608
2019-10-03 05:49:24,789 [main] INFO  server.Server (Server.java:doStart(351)) - jetty-9.3.25.v20180904, build timestamp: 2018-09-04T21:11:46Z, git hash: 3ce520221d0240229c862b122d2b06c12a625732
2019-10-03 05:49:24,829 [main] INFO  handler.ContextHandler (ContextHandler.java:doStart(781)) - Started o.e.j.s.ServletContextHandler@101639ae{/logs,file:///workdir/hadoop-ozone/integration-test/target/log,AVAILABLE}
2019-10-03 05:49:24,830 [main] INFO  handler.ContextHandler (ContextHandler.java:doStart(781)) - Started o.e.j.s.ServletContextHandler@1d2bd371{/static,file:///workdir/hadoop-ozone/integration-test/target/test-classes/webapps/static,AVAILABLE}
2019-10-03 05:49:24,864 [main] INFO  handler.ContextHandler (ContextHandler.java:doStart(781)) - Started o.e.j.w.WebAppContext@544630b7{/,file:///workdir/hadoop-ozone/integration-test/target/test-classes/webapps/scm/,AVAILABLE}{/scm}
2019-10-03 05:49:24,870 [main] INFO  server.AbstractConnector (AbstractConnector.java:doStart(278)) - Started ServerConnector@514eedd8{HTTP/1.1,[http/1.1]}{0.0.0.0:45608}
2019-10-03 05:49:24,871 [main] INFO  server.Server (Server.java:doStart(419)) - Started @3047ms
2019-10-03 05:49:24,873 [main] INFO  impl.MetricsSinkAdapter (MetricsSinkAdapter.java:start(204)) - Sink prometheus started
2019-10-03 05:49:24,873 [main] INFO  impl.MetricsSystemImpl (MetricsSystemImpl.java:registerSink(301)) - Registered sink prometheus
2019-10-03 05:49:24,875 [main] INFO  server.BaseHttpServer (BaseHttpServer.java:updateConnectorAddress(215)) - HTTP server of SCM is listening at http://0.0.0.0:45608
2019-10-03 05:49:24,881 [org.apache.hadoop.util.JvmPauseMonitor$Monitor@790174f2] INFO  util.JvmPauseMonitor (JvmPauseMonitor.java:run(188)) - Starting JVM pause monitor
2019-10-03 05:49:24,883 [main] WARN  server.ServerUtils (ServerUtils.java:getDBPath(222)) - ozone.om.db.dirs is not configured. We recommend adding this setting. Falling back to ozone.metadata.dirs instead.
2019-10-03 05:49:25,003 [main] INFO  ha.OMHANodeDetails (OMHANodeDetails.java:loadOMHAConfig(190)) - Configuration either no ozone.om.address set. Falling back to the default OM address /127.0.0.1:0
2019-10-03 05:49:25,003 [main] INFO  ha.OMHANodeDetails (OMHANodeDetails.java:getOMNodeDetails(220)) - OM Service ID is not set. Setting it to the default ID: omServiceIdDefault
2019-10-03 05:49:25,005 [main] WARN  server.ServerUtils (ServerUtils.java:getDBPath(222)) - ozone.om.db.dirs is not configured. We recommend adding this setting. Falling back to ozone.metadata.dirs instead.
2019-10-03 05:49:25,005 [main] WARN  server.ServerUtils (ServerUtils.java:getDBPath(222)) - ozone.om.db.dirs is not configured. We recommend adding this setting. Falling back to ozone.metadata.dirs instead.
2019-10-03 05:49:25,811 [main] WARN  server.ServerUtils (ServerUtils.java:getDBPath(222)) - ozone.om.db.dirs is not configured. We recommend adding this setting. Falling back to ozone.metadata.dirs instead.
2019-10-03 05:49:25,820 [main] INFO  db.DBStoreBuilder (DBStoreBuilder.java:addTable(110)) - using custom profile for table: userTable
2019-10-03 05:49:25,820 [main] INFO  db.DBStoreBuilder (DBStoreBuilder.java:processTables(161)) - Using default column profile:DBProfile.DISK for Table:userTable
2019-10-03 05:49:25,820 [main] INFO  db.DBStoreBuilder (DBStoreBuilder.java:addTable(110)) - using custom profile for table: volumeTable
2019-10-03 05:49:25,821 [main] INFO  db.DBStoreBuilder (DBStoreBuilder.java:processTables(161)) - Using default column profile:DBProfile.DISK for Table:volumeTable
2019-10-03 05:49:25,821 [main] INFO  db.DBStoreBuilder (DBStoreBuilder.java:addTable(110)) - using custom profile for table: bucketTable
2019-10-03 05:49:25,821 [main] INFO  db.DBStoreBuilder (DBStoreBuilder.java:processTables(161)) - Using default column profile:DBProfile.DISK for Table:bucketTable
2019-10-03 05:49:25,822 [main] INFO  db.DBStoreBuilder (DBStoreBuilder.java:addTable(110)) - using custom profile for table: keyTable
2019-10-03 05:49:25,822 [main] INFO  db.DBStoreBuilder (DBStoreBuilder.java:processTables(161)) - Using default column profile:DBProfile.DISK for Table:keyTable
2019-10-03 05:49:25,822 [main] INFO  db.DBStoreBuilder (DBStoreBuilder.java:addTable(110)) - using custom profile for table: deletedTable
2019-10-03 05:49:25,822 [main] INFO  db.DBStoreBuilder (DBStoreBuilder.java:processTables(161)) - Using default column profile:DBProfile.DISK for Table:deletedTable
2019-10-03 05:49:25,823 [main] INFO  db.DBStoreBuilder (DBStoreBuilder.java:addTable(110)) - using custom profile for table: openKeyTable
2019-10-03 05:49:25,823 [main] INFO  db.DBStoreBuilder (DBStoreBuilder.java:processTables(161)) - Using default column profile:DBProfile.DISK for Table:openKeyTable
2019-10-03 05:49:25,823 [main] INFO  db.DBStoreBuilder (DBStoreBuilder.java:addTable(110)) - using custom profile for table: s3Table
2019-10-03 05:49:25,823 [main] INFO  db.DBStoreBuilder (DBStoreBuilder.java:processTables(161)) - Using default column profile:DBProfile.DISK for Table:s3Table
2019-10-03 05:49:25,824 [main] INFO  db.DBStoreBuilder (DBStoreBuilder.java:addTable(110)) - using custom profile for table: multipartInfoTable
2019-10-03 05:49:25,824 [main] INFO  db.DBStoreBuilder (DBStoreBuilder.java:processTables(161)) - Using default column profile:DBProfile.DISK for Table:multipartInfoTable
2019-10-03 05:49:25,824 [main] INFO  db.DBStoreBuilder (DBStoreBuilder.java:addTable(110)) - using custom profile for table: dTokenTable
2019-10-03 05:49:25,824 [main] INFO  db.DBStoreBuilder (DBStoreBuilder.java:processTables(161)) - Using default column profile:DBProfile.DISK for Table:dTokenTable
2019-10-03 05:49:25,825 [main] INFO  db.DBStoreBuilder (DBStoreBuilder.java:addTable(110)) - using custom profile for table: s3SecretTable
2019-10-03 05:49:25,825 [main] INFO  db.DBStoreBuilder (DBStoreBuilder.java:processTables(161)) - Using default column profile:DBProfile.DISK for Table:s3SecretTable
2019-10-03 05:49:25,825 [main] INFO  db.DBStoreBuilder (DBStoreBuilder.java:addTable(110)) - using custom profile for table: prefixTable
2019-10-03 05:49:25,825 [main] INFO  db.DBStoreBuilder (DBStoreBuilder.java:processTables(161)) - Using default column profile:DBProfile.DISK for Table:prefixTable
2019-10-03 05:49:25,826 [main] INFO  db.DBStoreBuilder (DBStoreBuilder.java:addTable(110)) - using custom profile for table: default
2019-10-03 05:49:25,826 [main] INFO  db.DBStoreBuilder (DBStoreBuilder.java:processTables(167)) - Using default column profile:DBProfile.DISK for Table:default
2019-10-03 05:49:25,826 [main] INFO  db.DBStoreBuilder (DBStoreBuilder.java:getDbProfile(198)) - Using default options. DBProfile.DISK
2019-10-03 05:49:26,644 [main] INFO  ipc.CallQueueManager (CallQueueManager.java:<init>(84)) - Using callQueue: class java.util.concurrent.LinkedBlockingQueue, queueCapacity: 2000, scheduler: class org.apache.hadoop.ipc.DefaultRpcScheduler, ipcBackoff: false.
2019-10-03 05:49:26,645 [Socket Reader #1 for port 39392] INFO  ipc.Server (Server.java:run(1074)) - Starting Socket Reader #1 for port 39392
2019-10-03 05:49:26,668 [main] INFO  om.OzoneManager (OzoneManager.java:start(1069)) - OzoneManager RPC server is listening at localhost/127.0.0.1:39392
2019-10-03 05:49:26,669 [main] INFO  impl.MetricsSystemImpl (MetricsSystemImpl.java:init(158)) - OzoneManager metrics system started (again)
2019-10-03 05:49:26,670 [IPC Server Responder] INFO  ipc.Server (Server.java:run(1314)) - IPC Server Responder: starting
2019-10-03 05:49:26,670 [IPC Server listener on 39392] INFO  ipc.Server (Server.java:run(1153)) - IPC Server listener on 39392: starting
2019-10-03 05:49:26,676 [main] INFO  hdfs.DFSUtil (DFSUtil.java:httpServerTemplateForNNAndJN(1641)) - Starting Web-server for ozoneManager at: http://0.0.0.0:0
2019-10-03 05:49:26,678 [main] INFO  server.AuthenticationFilter (AuthenticationFilter.java:constructSecretProvider(240)) - Unable to initialize FileSignerSecretProvider, falling back to use random secrets.
2019-10-03 05:49:26,678 [main] WARN  http.HttpRequestLog (HttpRequestLog.java:getRequestLog(97)) - Jetty request log can only be enabled using Log4j
2019-10-03 05:49:26,680 [main] INFO  http.HttpServer2 (HttpServer2.java:addGlobalFilter(975)) - Added global filter 'safety' (class=org.apache.hadoop.http.HttpServer2$QuotingInputFilter)
2019-10-03 05:49:26,681 [main] INFO  http.HttpServer2 (HttpServer2.java:addFilter(948)) - Added filter static_user_filter (class=org.apache.hadoop.http.lib.StaticUserWebFilter$StaticUserFilter) to context ozoneManager
2019-10-03 05:49:26,681 [main] INFO  http.HttpServer2 (HttpServer2.java:addFilter(958)) - Added filter static_user_filter (class=org.apache.hadoop.http.lib.StaticUserWebFilter$StaticUserFilter) to context logs
2019-10-03 05:49:26,682 [main] INFO  http.HttpServer2 (HttpServer2.java:addFilter(958)) - Added filter static_user_filter (class=org.apache.hadoop.http.lib.StaticUserWebFilter$StaticUserFilter) to context static
2019-10-03 05:49:26,684 [main] INFO  http.HttpServer2 (HttpServer2.java:bindListener(1191)) - Jetty bound to port 34230
2019-10-03 05:49:26,684 [main] INFO  server.Server (Server.java:doStart(351)) - jetty-9.3.25.v20180904, build timestamp: 2018-09-04T21:11:46Z, git hash: 3ce520221d0240229c862b122d2b06c12a625732
2019-10-03 05:49:26,686 [main] INFO  handler.ContextHandler (ContextHandler.java:doStart(781)) - Started o.e.j.s.ServletContextHandler@4a9486c0{/logs,file:///workdir/hadoop-ozone/integration-test/target/log,AVAILABLE}
2019-10-03 05:49:26,687 [main] INFO  handler.ContextHandler (ContextHandler.java:doStart(781)) - Started o.e.j.s.ServletContextHandler@40ee0a22{/static,file:///workdir/hadoop-ozone/integration-test/target/test-classes/webapps/static,AVAILABLE}
2019-10-03 05:49:26,692 [main] INFO  handler.ContextHandler (ContextHandler.java:doStart(781)) - Started o.e.j.w.WebAppContext@2dbd803f{/,file:///workdir/hadoop-ozone/integration-test/target/test-classes/webapps/ozoneManager/,AVAILABLE}{/ozoneManager}
2019-10-03 05:49:26,693 [main] INFO  server.AbstractConnector (AbstractConnector.java:doStart(278)) - Started ServerConnector@3e48e859{HTTP/1.1,[http/1.1]}{0.0.0.0:34230}
2019-10-03 05:49:26,693 [main] INFO  server.Server (Server.java:doStart(419)) - Started @4870ms
2019-10-03 05:49:26,694 [main] WARN  impl.MetricsSystemImpl (MetricsSystemImpl.java:register(276)) - Sink prometheus already exists!
2019-10-03 05:49:26,695 [main] INFO  server.BaseHttpServer (BaseHttpServer.java:updateConnectorAddress(215)) - HTTP server of OZONEMANAGER is listening at http://0.0.0.0:34230
2019-10-03 05:49:27,115 [main] INFO  impl.MetricsSystemImpl (MetricsSystemImpl.java:init(158)) - HddsDatanode metrics system started (again)
2019-10-03 05:49:27,170 [main] INFO  ozone.HddsDatanodeService (HddsDatanodeService.java:start(184)) - HddsDatanodeService host:trunk-nightly-20191003-5492k-4029359510 ip:192.168.30.19
2019-10-03 05:49:27,206 [main] INFO  volume.HddsVolume (HddsVolume.java:<init>(176)) - Creating Volume: /workdir/hadoop-ozone/integration-test/target/test-dir/MiniOzoneClusterImpl-864660b0-aed1-4907-bdd6-cc1949fc1881/datanode-0/data/containers/hdds of  storage type : DISK and capacity : 1482555576320
2019-10-03 05:49:27,208 [main] INFO  volume.VolumeSet (VolumeSet.java:initializeVolumeSet(170)) - Added Volume : /workdir/hadoop-ozone/integration-test/target/test-dir/MiniOzoneClusterImpl-864660b0-aed1-4907-bdd6-cc1949fc1881/datanode-0/data/containers/hdds to VolumeSet
2019-10-03 05:49:27,211 [main] INFO  volume.ThrottledAsyncChecker (ThrottledAsyncChecker.java:schedule(139)) - Scheduling a check for org.apache.hadoop.ozone.container.common.volume.HddsVolume@53ac845a
2019-10-03 05:49:27,229 [main] INFO  volume.HddsVolumeChecker (HddsVolumeChecker.java:checkAllVolumes(202)) - Scheduled health check for volume org.apache.hadoop.ozone.container.common.volume.HddsVolume@53ac845a
2019-10-03 05:49:27,392 [main] INFO  impl.RaftServerProxy (ConfUtils.java:logGet(43)) - raft.rpc.type = GRPC (default)
2019-10-03 05:49:27,501 [main] INFO  grpc.GrpcFactory (GrpcFactory.java:checkPooledByteBufAllocatorUseCacheForAllThreads(45)) - PERFORMANCE WARNING: useCacheForAllThreads is true that may cause Netty to create a lot garbage objects and, as a result, trigger GC.
	It is recommended to disable useCacheForAllThreads by setting -Dorg.apache.ratis.thirdparty.io.netty.allocator.useCacheForAllThreads=false in command line.
2019-10-03 05:49:27,517 [main] INFO  grpc.GrpcConfigKeys$Server (ConfUtils.java:logGet(43)) - raft.grpc.server.port = 0 (default)
2019-10-03 05:49:27,519 [main] INFO  server.GrpcService (ConfUtils.java:logGet(43)) - raft.grpc.message.size.max = 33570816 (custom)
2019-10-03 05:49:27,521 [main] INFO  server.RaftServerConfigKeys (ConfUtils.java:logGet(43)) - raft.server.log.appender.buffer.byte-limit = 33554432 (custom)
2019-10-03 05:49:27,523 [main] INFO  server.GrpcService (ConfUtils.java:logGet(43)) - raft.grpc.flow.control.window = 1MB (=1048576) (default)
2019-10-03 05:49:27,524 [main] INFO  server.RaftServerConfigKeys (ConfUtils.java:logGet(43)) - raft.server.rpc.request.timeout = 3000ms (default)
2019-10-03 05:49:27,726 [main] INFO  server.RaftServerConfigKeys (ConfUtils.java:logGet(43)) - raft.server.storage.dir = [/workdir/hadoop-ozone/integration-test/target/test-dir/MiniOzoneClusterImpl-864660b0-aed1-4907-bdd6-cc1949fc1881/datanode-0/data/ratis] (custom)
2019-10-03 05:49:27,804 [main] INFO  hdfs.DFSUtil (DFSUtil.java:httpServerTemplateForNNAndJN(1641)) - Starting Web-server for hddsDatanode at: http://0.0.0.0:0
2019-10-03 05:49:27,807 [main] INFO  server.AuthenticationFilter (AuthenticationFilter.java:constructSecretProvider(240)) - Unable to initialize FileSignerSecretProvider, falling back to use random secrets.
2019-10-03 05:49:27,808 [main] WARN  http.HttpRequestLog (HttpRequestLog.java:getRequestLog(97)) - Jetty request log can only be enabled using Log4j
2019-10-03 05:49:27,811 [main] INFO  http.HttpServer2 (HttpServer2.java:addGlobalFilter(975)) - Added global filter 'safety' (class=org.apache.hadoop.http.HttpServer2$QuotingInputFilter)
2019-10-03 05:49:27,812 [main] INFO  http.HttpServer2 (HttpServer2.java:addFilter(948)) - Added filter static_user_filter (class=org.apache.hadoop.http.lib.StaticUserWebFilter$StaticUserFilter) to context hddsDatanode
2019-10-03 05:49:27,812 [main] INFO  http.HttpServer2 (HttpServer2.java:addFilter(958)) - Added filter static_user_filter (class=org.apache.hadoop.http.lib.StaticUserWebFilter$StaticUserFilter) to context static
2019-10-03 05:49:27,812 [main] INFO  http.HttpServer2 (HttpServer2.java:addFilter(958)) - Added filter static_user_filter (class=org.apache.hadoop.http.lib.StaticUserWebFilter$StaticUserFilter) to context logs
2019-10-03 05:49:27,814 [main] INFO  http.HttpServer2 (HttpServer2.java:bindListener(1191)) - Jetty bound to port 36689
2019-10-03 05:49:27,814 [main] INFO  server.Server (Server.java:doStart(351)) - jetty-9.3.25.v20180904, build timestamp: 2018-09-04T21:11:46Z, git hash: 3ce520221d0240229c862b122d2b06c12a625732
2019-10-03 05:49:27,817 [main] INFO  handler.ContextHandler (ContextHandler.java:doStart(781)) - Started o.e.j.s.ServletContextHandler@7ff35a3f{/logs,file:///workdir/hadoop-ozone/integration-test/target/log,AVAILABLE}
2019-10-03 05:49:27,818 [main] INFO  handler.ContextHandler (ContextHandler.java:doStart(781)) - Started o.e.j.s.ServletContextHandler@252dc8c4{/static,jar:file:/home/user/.m2/repository/org/apache/hadoop/hadoop-hdds-container-service/0.5.0-SNAPSHOT/hadoop-hdds-container-service-0.5.0-SNAPSHOT.jar!/webapps/static,AVAILABLE}
2019-10-03 05:49:27,863 [main] INFO  handler.ContextHandler (ContextHandler.java:doStart(781)) - Started o.e.j.w.WebAppContext@cdb2d95{/,file:///tmp/jetty-0.0.0.0-36689-hddsDatanode-_-any-8419291064362442863.dir/webapp/,AVAILABLE}{/hddsDatanode}
2019-10-03 05:49:27,864 [main] INFO  server.AbstractConnector (AbstractConnector.java:doStart(278)) - Started ServerConnector@122d6c22{HTTP/1.1,[http/1.1]}{0.0.0.0:36689}
2019-10-03 05:49:27,865 [main] INFO  server.Server (Server.java:doStart(419)) - Started @6041ms
2019-10-03 05:49:27,866 [main] WARN  impl.MetricsSystemImpl (MetricsSystemImpl.java:register(276)) - Sink prometheus already exists!
2019-10-03 05:49:27,867 [main] INFO  server.BaseHttpServer (BaseHttpServer.java:updateConnectorAddress(215)) - HTTP server of HDDSDATANODE is listening at http://0.0.0.0:36689
2019-10-03 05:49:27,868 [main] INFO  impl.MetricsSystemImpl (MetricsSystemImpl.java:init(158)) - HddsDatanode metrics system started (again)
2019-10-03 05:49:27,871 [main] INFO  ozone.HddsDatanodeService (HddsDatanodeService.java:start(184)) - HddsDatanodeService host:trunk-nightly-20191003-5492k-4029359510 ip:192.168.30.19
2019-10-03 05:49:27,873 [org.apache.hadoop.util.JvmPauseMonitor$Monitor@9d7d91] INFO  util.JvmPauseMonitor (JvmPauseMonitor.java:run(188)) - Starting JVM pause monitor
2019-10-03 05:49:27,880 [main] INFO  volume.HddsVolume (HddsVolume.java:<init>(176)) - Creating Volume: /workdir/hadoop-ozone/integration-test/target/test-dir/MiniOzoneClusterImpl-864660b0-aed1-4907-bdd6-cc1949fc1881/datanode-1/data/containers/hdds of  storage type : DISK and capacity : 1482555576320
2019-10-03 05:49:27,881 [main] INFO  volume.VolumeSet (VolumeSet.java:initializeVolumeSet(170)) - Added Volume : /workdir/hadoop-ozone/integration-test/target/test-dir/MiniOzoneClusterImpl-864660b0-aed1-4907-bdd6-cc1949fc1881/datanode-1/data/containers/hdds to VolumeSet
2019-10-03 05:49:27,881 [main] INFO  volume.ThrottledAsyncChecker (ThrottledAsyncChecker.java:schedule(139)) - Scheduling a check for org.apache.hadoop.ozone.container.common.volume.HddsVolume@7e74a380
2019-10-03 05:49:27,882 [main] INFO  volume.HddsVolumeChecker (HddsVolumeChecker.java:checkAllVolumes(202)) - Scheduled health check for volume org.apache.hadoop.ozone.container.common.volume.HddsVolume@7e74a380
2019-10-03 05:49:27,898 [main] INFO  impl.RaftServerProxy (ConfUtils.java:logGet(43)) - raft.rpc.type = GRPC (default)
2019-10-03 05:49:27,898 [main] INFO  grpc.GrpcFactory (GrpcFactory.java:checkPooledByteBufAllocatorUseCacheForAllThreads(45)) - PERFORMANCE WARNING: useCacheForAllThreads is true that may cause Netty to create a lot garbage objects and, as a result, trigger GC.
	It is recommended to disable useCacheForAllThreads by setting -Dorg.apache.ratis.thirdparty.io.netty.allocator.useCacheForAllThreads=false in command line.
2019-10-03 05:49:27,898 [main] INFO  grpc.GrpcConfigKeys$Server (ConfUtils.java:logGet(43)) - raft.grpc.server.port = 0 (default)
2019-10-03 05:49:27,898 [main] INFO  server.GrpcService (ConfUtils.java:logGet(43)) - raft.grpc.message.size.max = 33570816 (custom)
2019-10-03 05:49:27,899 [main] INFO  server.RaftServerConfigKeys (ConfUtils.java:logGet(43)) - raft.server.log.appender.buffer.byte-limit = 33554432 (custom)
2019-10-03 05:49:27,899 [main] INFO  server.GrpcService (ConfUtils.java:logGet(43)) - raft.grpc.flow.control.window = 1MB (=1048576) (default)
2019-10-03 05:49:27,899 [main] INFO  server.RaftServerConfigKeys (ConfUtils.java:logGet(43)) - raft.server.rpc.request.timeout = 3000ms (default)
2019-10-03 05:49:27,900 [main] INFO  server.RaftServerConfigKeys (ConfUtils.java:logGet(43)) - raft.server.storage.dir = [/workdir/hadoop-ozone/integration-test/target/test-dir/MiniOzoneClusterImpl-864660b0-aed1-4907-bdd6-cc1949fc1881/datanode-1/data/ratis] (custom)
2019-10-03 05:49:27,902 [main] INFO  hdfs.DFSUtil (DFSUtil.java:httpServerTemplateForNNAndJN(1641)) - Starting Web-server for hddsDatanode at: http://0.0.0.0:0
2019-10-03 05:49:27,903 [main] INFO  server.AuthenticationFilter (AuthenticationFilter.java:constructSecretProvider(240)) - Unable to initialize FileSignerSecretProvider, falling back to use random secrets.
2019-10-03 05:49:27,904 [main] WARN  http.HttpRequestLog (HttpRequestLog.java:getRequestLog(97)) - Jetty request log can only be enabled using Log4j
2019-10-03 05:49:27,905 [main] INFO  http.HttpServer2 (HttpServer2.java:addGlobalFilter(975)) - Added global filter 'safety' (class=org.apache.hadoop.http.HttpServer2$QuotingInputFilter)
2019-10-03 05:49:27,906 [main] INFO  http.HttpServer2 (HttpServer2.java:addFilter(948)) - Added filter static_user_filter (class=org.apache.hadoop.http.lib.StaticUserWebFilter$StaticUserFilter) to context hddsDatanode
2019-10-03 05:49:27,906 [main] INFO  http.HttpServer2 (HttpServer2.java:addFilter(958)) - Added filter static_user_filter (class=org.apache.hadoop.http.lib.StaticUserWebFilter$StaticUserFilter) to context logs
2019-10-03 05:49:27,907 [main] INFO  http.HttpServer2 (HttpServer2.java:addFilter(958)) - Added filter static_user_filter (class=org.apache.hadoop.http.lib.StaticUserWebFilter$StaticUserFilter) to context static
2019-10-03 05:49:27,907 [main] INFO  http.HttpServer2 (HttpServer2.java:bindListener(1191)) - Jetty bound to port 34435
2019-10-03 05:49:27,907 [main] INFO  server.Server (Server.java:doStart(351)) - jetty-9.3.25.v20180904, build timestamp: 2018-09-04T21:11:46Z, git hash: 3ce520221d0240229c862b122d2b06c12a625732
2019-10-03 05:49:27,912 [main] INFO  handler.ContextHandler (ContextHandler.java:doStart(781)) - Started o.e.j.s.ServletContextHandler@2f1d0bbc{/logs,file:///workdir/hadoop-ozone/integration-test/target/log,AVAILABLE}
2019-10-03 05:49:27,912 [main] INFO  handler.ContextHandler (ContextHandler.java:doStart(781)) - Started o.e.j.s.ServletContextHandler@a9f023e{/static,jar:file:/home/user/.m2/repository/org/apache/hadoop/hadoop-hdds-container-service/0.5.0-SNAPSHOT/hadoop-hdds-container-service-0.5.0-SNAPSHOT.jar!/webapps/static,AVAILABLE}
2019-10-03 05:49:27,943 [main] INFO  handler.ContextHandler (ContextHandler.java:doStart(781)) - Started o.e.j.w.WebAppContext@a92be4f{/,file:///tmp/jetty-0.0.0.0-34435-hddsDatanode-_-any-6906714513616692703.dir/webapp/,AVAILABLE}{/hddsDatanode}
2019-10-03 05:49:27,943 [main] INFO  server.AbstractConnector (AbstractConnector.java:doStart(278)) - Started ServerConnector@53e800f9{HTTP/1.1,[http/1.1]}{0.0.0.0:34435}
2019-10-03 05:49:27,944 [main] INFO  server.Server (Server.java:doStart(419)) - Started @6120ms
2019-10-03 05:49:27,944 [main] WARN  impl.MetricsSystemImpl (MetricsSystemImpl.java:register(276)) - Sink prometheus already exists!
2019-10-03 05:49:27,946 [main] INFO  server.BaseHttpServer (BaseHttpServer.java:updateConnectorAddress(215)) - HTTP server of HDDSDATANODE is listening at http://0.0.0.0:34435
2019-10-03 05:49:27,946 [main] INFO  impl.MetricsSystemImpl (MetricsSystemImpl.java:init(158)) - HddsDatanode metrics system started (again)
2019-10-03 05:49:27,949 [main] INFO  ozone.HddsDatanodeService (HddsDatanodeService.java:start(184)) - HddsDatanodeService host:trunk-nightly-20191003-5492k-4029359510 ip:192.168.30.19
2019-10-03 05:49:27,950 [org.apache.hadoop.util.JvmPauseMonitor$Monitor@61fa5020] INFO  util.JvmPauseMonitor (JvmPauseMonitor.java:run(188)) - Starting JVM pause monitor
2019-10-03 05:49:27,959 [main] INFO  volume.HddsVolume (HddsVolume.java:<init>(176)) - Creating Volume: /workdir/hadoop-ozone/integration-test/target/test-dir/MiniOzoneClusterImpl-864660b0-aed1-4907-bdd6-cc1949fc1881/datanode-2/data/containers/hdds of  storage type : DISK and capacity : 1482555576320
2019-10-03 05:49:27,959 [main] INFO  volume.VolumeSet (VolumeSet.java:initializeVolumeSet(170)) - Added Volume : /workdir/hadoop-ozone/integration-test/target/test-dir/MiniOzoneClusterImpl-864660b0-aed1-4907-bdd6-cc1949fc1881/datanode-2/data/containers/hdds to VolumeSet
2019-10-03 05:49:27,960 [main] INFO  volume.ThrottledAsyncChecker (ThrottledAsyncChecker.java:schedule(139)) - Scheduling a check for org.apache.hadoop.ozone.container.common.volume.HddsVolume@611a990b
2019-10-03 05:49:27,960 [main] INFO  volume.HddsVolumeChecker (HddsVolumeChecker.java:checkAllVolumes(202)) - Scheduled health check for volume org.apache.hadoop.ozone.container.common.volume.HddsVolume@611a990b
2019-10-03 05:49:27,974 [main] INFO  impl.RaftServerProxy (ConfUtils.java:logGet(43)) - raft.rpc.type = GRPC (default)
2019-10-03 05:49:27,974 [main] INFO  grpc.GrpcFactory (GrpcFactory.java:checkPooledByteBufAllocatorUseCacheForAllThreads(45)) - PERFORMANCE WARNING: useCacheForAllThreads is true that may cause Netty to create a lot garbage objects and, as a result, trigger GC.
	It is recommended to disable useCacheForAllThreads by setting -Dorg.apache.ratis.thirdparty.io.netty.allocator.useCacheForAllThreads=false in command line.
2019-10-03 05:49:27,975 [main] INFO  grpc.GrpcConfigKeys$Server (ConfUtils.java:logGet(43)) - raft.grpc.server.port = 0 (default)
2019-10-03 05:49:27,975 [main] INFO  server.GrpcService (ConfUtils.java:logGet(43)) - raft.grpc.message.size.max = 33570816 (custom)
2019-10-03 05:49:27,975 [main] INFO  server.RaftServerConfigKeys (ConfUtils.java:logGet(43)) - raft.server.log.appender.buffer.byte-limit = 33554432 (custom)
2019-10-03 05:49:27,975 [main] INFO  server.GrpcService (ConfUtils.java:logGet(43)) - raft.grpc.flow.control.window = 1MB (=1048576) (default)
2019-10-03 05:49:27,976 [main] INFO  server.RaftServerConfigKeys (ConfUtils.java:logGet(43)) - raft.server.rpc.request.timeout = 3000ms (default)
2019-10-03 05:49:27,976 [main] INFO  server.RaftServerConfigKeys (ConfUtils.java:logGet(43)) - raft.server.storage.dir = [/workdir/hadoop-ozone/integration-test/target/test-dir/MiniOzoneClusterImpl-864660b0-aed1-4907-bdd6-cc1949fc1881/datanode-2/data/ratis] (custom)
2019-10-03 05:49:27,978 [main] INFO  hdfs.DFSUtil (DFSUtil.java:httpServerTemplateForNNAndJN(1641)) - Starting Web-server for hddsDatanode at: http://0.0.0.0:0
2019-10-03 05:49:27,980 [main] INFO  server.AuthenticationFilter (AuthenticationFilter.java:constructSecretProvider(240)) - Unable to initialize FileSignerSecretProvider, falling back to use random secrets.
2019-10-03 05:49:27,980 [main] WARN  http.HttpRequestLog (HttpRequestLog.java:getRequestLog(97)) - Jetty request log can only be enabled using Log4j
2019-10-03 05:49:27,982 [main] INFO  http.HttpServer2 (HttpServer2.java:addGlobalFilter(975)) - Added global filter 'safety' (class=org.apache.hadoop.http.HttpServer2$QuotingInputFilter)
2019-10-03 05:49:27,982 [main] INFO  http.HttpServer2 (HttpServer2.java:addFilter(948)) - Added filter static_user_filter (class=org.apache.hadoop.http.lib.StaticUserWebFilter$StaticUserFilter) to context hddsDatanode
2019-10-03 05:49:27,983 [main] INFO  http.HttpServer2 (HttpServer2.java:addFilter(958)) - Added filter static_user_filter (class=org.apache.hadoop.http.lib.StaticUserWebFilter$StaticUserFilter) to context logs
2019-10-03 05:49:27,983 [main] INFO  http.HttpServer2 (HttpServer2.java:addFilter(958)) - Added filter static_user_filter (class=org.apache.hadoop.http.lib.StaticUserWebFilter$StaticUserFilter) to context static
2019-10-03 05:49:27,984 [main] INFO  http.HttpServer2 (HttpServer2.java:bindListener(1191)) - Jetty bound to port 46638
2019-10-03 05:49:27,984 [main] INFO  server.Server (Server.java:doStart(351)) - jetty-9.3.25.v20180904, build timestamp: 2018-09-04T21:11:46Z, git hash: 3ce520221d0240229c862b122d2b06c12a625732
2019-10-03 05:49:27,986 [main] INFO  handler.ContextHandler (ContextHandler.java:doStart(781)) - Started o.e.j.s.ServletContextHandler@5624657a{/logs,file:///workdir/hadoop-ozone/integration-test/target/log,AVAILABLE}
2019-10-03 05:49:27,986 [main] INFO  handler.ContextHandler (ContextHandler.java:doStart(781)) - Started o.e.j.s.ServletContextHandler@4d21c56e{/static,jar:file:/home/user/.m2/repository/org/apache/hadoop/hadoop-hdds-container-service/0.5.0-SNAPSHOT/hadoop-hdds-container-service-0.5.0-SNAPSHOT.jar!/webapps/static,AVAILABLE}
2019-10-03 05:49:28,016 [main] INFO  handler.ContextHandler (ContextHandler.java:doStart(781)) - Started o.e.j.w.WebAppContext@4a163575{/,file:///tmp/jetty-0.0.0.0-46638-hddsDatanode-_-any-1109843495106200698.dir/webapp/,AVAILABLE}{/hddsDatanode}
2019-10-03 05:49:28,017 [main] INFO  server.AbstractConnector (AbstractConnector.java:doStart(278)) - Started ServerConnector@7e642b88{HTTP/1.1,[http/1.1]}{0.0.0.0:46638}
2019-10-03 05:49:28,018 [main] INFO  server.Server (Server.java:doStart(419)) - Started @6194ms
2019-10-03 05:49:28,019 [main] WARN  impl.MetricsSystemImpl (MetricsSystemImpl.java:register(276)) - Sink prometheus already exists!
2019-10-03 05:49:28,020 [main] INFO  server.BaseHttpServer (BaseHttpServer.java:updateConnectorAddress(215)) - HTTP server of HDDSDATANODE is listening at http://0.0.0.0:46638
2019-10-03 05:49:28,020 [main] INFO  impl.MetricsSystemImpl (MetricsSystemImpl.java:init(158)) - HddsDatanode metrics system started (again)
2019-10-03 05:49:28,023 [main] INFO  ozone.HddsDatanodeService (HddsDatanodeService.java:start(184)) - HddsDatanodeService host:trunk-nightly-20191003-5492k-4029359510 ip:192.168.30.19
2019-10-03 05:49:28,024 [org.apache.hadoop.util.JvmPauseMonitor$Monitor@2b7fefc6] INFO  util.JvmPauseMonitor (JvmPauseMonitor.java:run(188)) - Starting JVM pause monitor
2019-10-03 05:49:28,031 [main] INFO  volume.HddsVolume (HddsVolume.java:<init>(176)) - Creating Volume: /workdir/hadoop-ozone/integration-test/target/test-dir/MiniOzoneClusterImpl-864660b0-aed1-4907-bdd6-cc1949fc1881/datanode-3/data/containers/hdds of  storage type : DISK and capacity : 1482555576320
2019-10-03 05:49:28,033 [main] INFO  volume.VolumeSet (VolumeSet.java:initializeVolumeSet(170)) - Added Volume : /workdir/hadoop-ozone/integration-test/target/test-dir/MiniOzoneClusterImpl-864660b0-aed1-4907-bdd6-cc1949fc1881/datanode-3/data/containers/hdds to VolumeSet
2019-10-03 05:49:28,033 [main] INFO  volume.ThrottledAsyncChecker (ThrottledAsyncChecker.java:schedule(139)) - Scheduling a check for org.apache.hadoop.ozone.container.common.volume.HddsVolume@ec8f4b9
2019-10-03 05:49:28,034 [main] INFO  volume.HddsVolumeChecker (HddsVolumeChecker.java:checkAllVolumes(202)) - Scheduled health check for volume org.apache.hadoop.ozone.container.common.volume.HddsVolume@ec8f4b9
2019-10-03 05:49:28,039 [Datanode State Machine Thread - 0] INFO  datanode.InitDatanodeState (InitDatanodeState.java:persistContainerDatanodeDetails(140)) - DatanodeDetails is persisted to /workdir/hadoop-ozone/integration-test/target/test-dir/MiniOzoneClusterImpl-864660b0-aed1-4907-bdd6-cc1949fc1881/datanode-0/meta/datanode.id
2019-10-03 05:49:28,044 [Datanode State Machine Thread - 0] INFO  datanode.InitDatanodeState (InitDatanodeState.java:persistContainerDatanodeDetails(140)) - DatanodeDetails is persisted to /workdir/hadoop-ozone/integration-test/target/test-dir/MiniOzoneClusterImpl-864660b0-aed1-4907-bdd6-cc1949fc1881/datanode-2/meta/datanode.id
2019-10-03 05:49:28,047 [Datanode State Machine Thread - 0] INFO  datanode.InitDatanodeState (InitDatanodeState.java:persistContainerDatanodeDetails(140)) - DatanodeDetails is persisted to /workdir/hadoop-ozone/integration-test/target/test-dir/MiniOzoneClusterImpl-864660b0-aed1-4907-bdd6-cc1949fc1881/datanode-1/meta/datanode.id
2019-10-03 05:49:28,051 [main] INFO  impl.RaftServerProxy (ConfUtils.java:logGet(43)) - raft.rpc.type = GRPC (default)
2019-10-03 05:49:28,051 [main] INFO  grpc.GrpcFactory (GrpcFactory.java:checkPooledByteBufAllocatorUseCacheForAllThreads(45)) - PERFORMANCE WARNING: useCacheForAllThreads is true that may cause Netty to create a lot garbage objects and, as a result, trigger GC.
	It is recommended to disable useCacheForAllThreads by setting -Dorg.apache.ratis.thirdparty.io.netty.allocator.useCacheForAllThreads=false in command line.
2019-10-03 05:49:28,051 [main] INFO  grpc.GrpcConfigKeys$Server (ConfUtils.java:logGet(43)) - raft.grpc.server.port = 0 (default)
2019-10-03 05:49:28,052 [main] INFO  server.GrpcService (ConfUtils.java:logGet(43)) - raft.grpc.message.size.max = 33570816 (custom)
2019-10-03 05:49:28,052 [main] INFO  server.RaftServerConfigKeys (ConfUtils.java:logGet(43)) - raft.server.log.appender.buffer.byte-limit = 33554432 (custom)
2019-10-03 05:49:28,052 [main] INFO  server.GrpcService (ConfUtils.java:logGet(43)) - raft.grpc.flow.control.window = 1MB (=1048576) (default)
2019-10-03 05:49:28,052 [main] INFO  server.RaftServerConfigKeys (ConfUtils.java:logGet(43)) - raft.server.rpc.request.timeout = 3000ms (default)
2019-10-03 05:49:28,053 [main] INFO  server.RaftServerConfigKeys (ConfUtils.java:logGet(43)) - raft.server.storage.dir = [/workdir/hadoop-ozone/integration-test/target/test-dir/MiniOzoneClusterImpl-864660b0-aed1-4907-bdd6-cc1949fc1881/datanode-3/data/ratis] (custom)
2019-10-03 05:49:28,055 [main] INFO  hdfs.DFSUtil (DFSUtil.java:httpServerTemplateForNNAndJN(1641)) - Starting Web-server for hddsDatanode at: http://0.0.0.0:0
2019-10-03 05:49:28,056 [main] INFO  server.AuthenticationFilter (AuthenticationFilter.java:constructSecretProvider(240)) - Unable to initialize FileSignerSecretProvider, falling back to use random secrets.
2019-10-03 05:49:28,056 [main] WARN  http.HttpRequestLog (HttpRequestLog.java:getRequestLog(97)) - Jetty request log can only be enabled using Log4j
2019-10-03 05:49:28,058 [main] INFO  http.HttpServer2 (HttpServer2.java:addGlobalFilter(975)) - Added global filter 'safety' (class=org.apache.hadoop.http.HttpServer2$QuotingInputFilter)
2019-10-03 05:49:28,058 [main] INFO  http.HttpServer2 (HttpServer2.java:addFilter(948)) - Added filter static_user_filter (class=org.apache.hadoop.http.lib.StaticUserWebFilter$StaticUserFilter) to context hddsDatanode
2019-10-03 05:49:28,059 [main] INFO  http.HttpServer2 (HttpServer2.java:addFilter(958)) - Added filter static_user_filter (class=org.apache.hadoop.http.lib.StaticUserWebFilter$StaticUserFilter) to context static
2019-10-03 05:49:28,059 [main] INFO  http.HttpServer2 (HttpServer2.java:addFilter(958)) - Added filter static_user_filter (class=org.apache.hadoop.http.lib.StaticUserWebFilter$StaticUserFilter) to context logs
2019-10-03 05:49:28,060 [main] INFO  http.HttpServer2 (HttpServer2.java:bindListener(1191)) - Jetty bound to port 41475
2019-10-03 05:49:28,060 [main] INFO  server.Server (Server.java:doStart(351)) - jetty-9.3.25.v20180904, build timestamp: 2018-09-04T21:11:46Z, git hash: 3ce520221d0240229c862b122d2b06c12a625732
2019-10-03 05:49:28,064 [main] INFO  handler.ContextHandler (ContextHandler.java:doStart(781)) - Started o.e.j.s.ServletContextHandler@97d0c06{/logs,file:///workdir/hadoop-ozone/integration-test/target/log,AVAILABLE}
2019-10-03 05:49:28,064 [main] INFO  handler.ContextHandler (ContextHandler.java:doStart(781)) - Started o.e.j.s.ServletContextHandler@43af351a{/static,jar:file:/home/user/.m2/repository/org/apache/hadoop/hadoop-hdds-container-service/0.5.0-SNAPSHOT/hadoop-hdds-container-service-0.5.0-SNAPSHOT.jar!/webapps/static,AVAILABLE}
2019-10-03 05:49:28,093 [main] INFO  handler.ContextHandler (ContextHandler.java:doStart(781)) - Started o.e.j.w.WebAppContext@15b642b9{/,file:///tmp/jetty-0.0.0.0-41475-hddsDatanode-_-any-7615212827152439338.dir/webapp/,AVAILABLE}{/hddsDatanode}
2019-10-03 05:49:28,094 [main] INFO  server.AbstractConnector (AbstractConnector.java:doStart(278)) - Started ServerConnector@518bfd90{HTTP/1.1,[http/1.1]}{0.0.0.0:41475}
2019-10-03 05:49:28,095 [main] INFO  server.Server (Server.java:doStart(419)) - Started @6271ms
2019-10-03 05:49:28,096 [main] WARN  impl.MetricsSystemImpl (MetricsSystemImpl.java:register(276)) - Sink prometheus already exists!
2019-10-03 05:49:28,096 [main] INFO  server.BaseHttpServer (BaseHttpServer.java:updateConnectorAddress(215)) - HTTP server of HDDSDATANODE is listening at http://0.0.0.0:41475
2019-10-03 05:49:28,097 [main] INFO  impl.MetricsSystemImpl (MetricsSystemImpl.java:init(158)) - HddsDatanode metrics system started (again)
2019-10-03 05:49:28,100 [main] INFO  ozone.HddsDatanodeService (HddsDatanodeService.java:start(184)) - HddsDatanodeService host:trunk-nightly-20191003-5492k-4029359510 ip:192.168.30.19
2019-10-03 05:49:28,101 [org.apache.hadoop.util.JvmPauseMonitor$Monitor@30ac6140] INFO  util.JvmPauseMonitor (JvmPauseMonitor.java:run(188)) - Starting JVM pause monitor
2019-10-03 05:49:28,104 [Datanode State Machine Thread - 0] INFO  datanode.InitDatanodeState (InitDatanodeState.java:persistContainerDatanodeDetails(140)) - DatanodeDetails is persisted to /workdir/hadoop-ozone/integration-test/target/test-dir/MiniOzoneClusterImpl-864660b0-aed1-4907-bdd6-cc1949fc1881/datanode-3/meta/datanode.id
2019-10-03 05:49:28,109 [main] INFO  volume.HddsVolume (HddsVolume.java:<init>(176)) - Creating Volume: /workdir/hadoop-ozone/integration-test/target/test-dir/MiniOzoneClusterImpl-864660b0-aed1-4907-bdd6-cc1949fc1881/datanode-4/data/containers/hdds of  storage type : DISK and capacity : 1482555576320
2019-10-03 05:49:28,111 [main] INFO  volume.VolumeSet (VolumeSet.java:initializeVolumeSet(170)) - Added Volume : /workdir/hadoop-ozone/integration-test/target/test-dir/MiniOzoneClusterImpl-864660b0-aed1-4907-bdd6-cc1949fc1881/datanode-4/data/containers/hdds to VolumeSet
2019-10-03 05:49:28,112 [main] INFO  volume.ThrottledAsyncChecker (ThrottledAsyncChecker.java:schedule(139)) - Scheduling a check for org.apache.hadoop.ozone.container.common.volume.HddsVolume@242b6e1a
2019-10-03 05:49:28,112 [main] INFO  volume.HddsVolumeChecker (HddsVolumeChecker.java:checkAllVolumes(202)) - Scheduled health check for volume org.apache.hadoop.ozone.container.common.volume.HddsVolume@242b6e1a
2019-10-03 05:49:28,125 [main] INFO  impl.RaftServerProxy (ConfUtils.java:logGet(43)) - raft.rpc.type = GRPC (default)
2019-10-03 05:49:28,126 [main] INFO  grpc.GrpcFactory (GrpcFactory.java:checkPooledByteBufAllocatorUseCacheForAllThreads(45)) - PERFORMANCE WARNING: useCacheForAllThreads is true that may cause Netty to create a lot garbage objects and, as a result, trigger GC.
	It is recommended to disable useCacheForAllThreads by setting -Dorg.apache.ratis.thirdparty.io.netty.allocator.useCacheForAllThreads=false in command line.
2019-10-03 05:49:28,126 [main] INFO  grpc.GrpcConfigKeys$Server (ConfUtils.java:logGet(43)) - raft.grpc.server.port = 0 (default)
2019-10-03 05:49:28,126 [main] INFO  server.GrpcService (ConfUtils.java:logGet(43)) - raft.grpc.message.size.max = 33570816 (custom)
2019-10-03 05:49:28,126 [main] INFO  server.RaftServerConfigKeys (ConfUtils.java:logGet(43)) - raft.server.log.appender.buffer.byte-limit = 33554432 (custom)
2019-10-03 05:49:28,126 [main] INFO  server.GrpcService (ConfUtils.java:logGet(43)) - raft.grpc.flow.control.window = 1MB (=1048576) (default)
2019-10-03 05:49:28,127 [main] INFO  server.RaftServerConfigKeys (ConfUtils.java:logGet(43)) - raft.server.rpc.request.timeout = 3000ms (default)
2019-10-03 05:49:28,127 [main] INFO  server.RaftServerConfigKeys (ConfUtils.java:logGet(43)) - raft.server.storage.dir = [/workdir/hadoop-ozone/integration-test/target/test-dir/MiniOzoneClusterImpl-864660b0-aed1-4907-bdd6-cc1949fc1881/datanode-4/data/ratis] (custom)
2019-10-03 05:49:28,129 [main] INFO  hdfs.DFSUtil (DFSUtil.java:httpServerTemplateForNNAndJN(1641)) - Starting Web-server for hddsDatanode at: http://0.0.0.0:0
2019-10-03 05:49:28,130 [main] INFO  server.AuthenticationFilter (AuthenticationFilter.java:constructSecretProvider(240)) - Unable to initialize FileSignerSecretProvider, falling back to use random secrets.
2019-10-03 05:49:28,130 [main] WARN  http.HttpRequestLog (HttpRequestLog.java:getRequestLog(97)) - Jetty request log can only be enabled using Log4j
2019-10-03 05:49:28,132 [main] INFO  http.HttpServer2 (HttpServer2.java:addGlobalFilter(975)) - Added global filter 'safety' (class=org.apache.hadoop.http.HttpServer2$QuotingInputFilter)
2019-10-03 05:49:28,132 [main] INFO  http.HttpServer2 (HttpServer2.java:addFilter(948)) - Added filter static_user_filter (class=org.apache.hadoop.http.lib.StaticUserWebFilter$StaticUserFilter) to context hddsDatanode
2019-10-03 05:49:28,132 [main] INFO  http.HttpServer2 (HttpServer2.java:addFilter(958)) - Added filter static_user_filter (class=org.apache.hadoop.http.lib.StaticUserWebFilter$StaticUserFilter) to context logs
2019-10-03 05:49:28,133 [main] INFO  http.HttpServer2 (HttpServer2.java:addFilter(958)) - Added filter static_user_filter (class=org.apache.hadoop.http.lib.StaticUserWebFilter$StaticUserFilter) to context static
2019-10-03 05:49:28,133 [main] INFO  http.HttpServer2 (HttpServer2.java:bindListener(1191)) - Jetty bound to port 46547
2019-10-03 05:49:28,134 [main] INFO  server.Server (Server.java:doStart(351)) - jetty-9.3.25.v20180904, build timestamp: 2018-09-04T21:11:46Z, git hash: 3ce520221d0240229c862b122d2b06c12a625732
2019-10-03 05:49:28,136 [main] INFO  handler.ContextHandler (ContextHandler.java:doStart(781)) - Started o.e.j.s.ServletContextHandler@2cae9b8{/logs,file:///workdir/hadoop-ozone/integration-test/target/log,AVAILABLE}
2019-10-03 05:49:28,136 [main] INFO  handler.ContextHandler (ContextHandler.java:doStart(781)) - Started o.e.j.s.ServletContextHandler@6f94fb9d{/static,jar:file:/home/user/.m2/repository/org/apache/hadoop/hadoop-hdds-container-service/0.5.0-SNAPSHOT/hadoop-hdds-container-service-0.5.0-SNAPSHOT.jar!/webapps/static,AVAILABLE}
2019-10-03 05:49:28,183 [main] INFO  handler.ContextHandler (ContextHandler.java:doStart(781)) - Started o.e.j.w.WebAppContext@142213d5{/,file:///tmp/jetty-0.0.0.0-46547-hddsDatanode-_-any-7754921311481854650.dir/webapp/,AVAILABLE}{/hddsDatanode}
2019-10-03 05:49:28,184 [main] INFO  server.AbstractConnector (AbstractConnector.java:doStart(278)) - Started ServerConnector@934b52f{HTTP/1.1,[http/1.1]}{0.0.0.0:46547}
2019-10-03 05:49:28,185 [main] INFO  server.Server (Server.java:doStart(419)) - Started @6361ms
2019-10-03 05:49:28,185 [main] WARN  impl.MetricsSystemImpl (MetricsSystemImpl.java:register(276)) - Sink prometheus already exists!
2019-10-03 05:49:28,186 [main] INFO  server.BaseHttpServer (BaseHttpServer.java:updateConnectorAddress(215)) - HTTP server of HDDSDATANODE is listening at http://0.0.0.0:46547
2019-10-03 05:49:28,186 [main] INFO  impl.MetricsSystemImpl (MetricsSystemImpl.java:init(158)) - HddsDatanode metrics system started (again)
2019-10-03 05:49:28,191 [main] INFO  ozone.HddsDatanodeService (HddsDatanodeService.java:start(184)) - HddsDatanodeService host:trunk-nightly-20191003-5492k-4029359510 ip:192.168.30.19
2019-10-03 05:49:28,191 [org.apache.hadoop.util.JvmPauseMonitor$Monitor@686337a2] INFO  util.JvmPauseMonitor (JvmPauseMonitor.java:run(188)) - Starting JVM pause monitor
2019-10-03 05:49:28,195 [Datanode State Machine Thread - 0] INFO  datanode.InitDatanodeState (InitDatanodeState.java:persistContainerDatanodeDetails(140)) - DatanodeDetails is persisted to /workdir/hadoop-ozone/integration-test/target/test-dir/MiniOzoneClusterImpl-864660b0-aed1-4907-bdd6-cc1949fc1881/datanode-4/meta/datanode.id
2019-10-03 05:49:28,200 [main] INFO  volume.HddsVolume (HddsVolume.java:<init>(176)) - Creating Volume: /workdir/hadoop-ozone/integration-test/target/test-dir/MiniOzoneClusterImpl-864660b0-aed1-4907-bdd6-cc1949fc1881/datanode-5/data/containers/hdds of  storage type : DISK and capacity : 1482555576320
2019-10-03 05:49:28,201 [main] INFO  volume.VolumeSet (VolumeSet.java:initializeVolumeSet(170)) - Added Volume : /workdir/hadoop-ozone/integration-test/target/test-dir/MiniOzoneClusterImpl-864660b0-aed1-4907-bdd6-cc1949fc1881/datanode-5/data/containers/hdds to VolumeSet
2019-10-03 05:49:28,201 [main] INFO  volume.ThrottledAsyncChecker (ThrottledAsyncChecker.java:schedule(139)) - Scheduling a check for org.apache.hadoop.ozone.container.common.volume.HddsVolume@2f5b8250
2019-10-03 05:49:28,202 [main] INFO  volume.HddsVolumeChecker (HddsVolumeChecker.java:checkAllVolumes(202)) - Scheduled health check for volume org.apache.hadoop.ozone.container.common.volume.HddsVolume@2f5b8250
2019-10-03 05:49:28,220 [main] INFO  impl.RaftServerProxy (ConfUtils.java:logGet(43)) - raft.rpc.type = GRPC (default)
2019-10-03 05:49:28,220 [main] INFO  grpc.GrpcFactory (GrpcFactory.java:checkPooledByteBufAllocatorUseCacheForAllThreads(45)) - PERFORMANCE WARNING: useCacheForAllThreads is true that may cause Netty to create a lot garbage objects and, as a result, trigger GC.
	It is recommended to disable useCacheForAllThreads by setting -Dorg.apache.ratis.thirdparty.io.netty.allocator.useCacheForAllThreads=false in command line.
2019-10-03 05:49:28,221 [main] INFO  grpc.GrpcConfigKeys$Server (ConfUtils.java:logGet(43)) - raft.grpc.server.port = 0 (default)
2019-10-03 05:49:28,221 [main] INFO  server.GrpcService (ConfUtils.java:logGet(43)) - raft.grpc.message.size.max = 33570816 (custom)
2019-10-03 05:49:28,221 [main] INFO  server.RaftServerConfigKeys (ConfUtils.java:logGet(43)) - raft.server.log.appender.buffer.byte-limit = 33554432 (custom)
2019-10-03 05:49:28,222 [main] INFO  server.GrpcService (ConfUtils.java:logGet(43)) - raft.grpc.flow.control.window = 1MB (=1048576) (default)
2019-10-03 05:49:28,222 [main] INFO  server.RaftServerConfigKeys (ConfUtils.java:logGet(43)) - raft.server.rpc.request.timeout = 3000ms (default)
2019-10-03 05:49:28,222 [main] INFO  server.RaftServerConfigKeys (ConfUtils.java:logGet(43)) - raft.server.storage.dir = [/workdir/hadoop-ozone/integration-test/target/test-dir/MiniOzoneClusterImpl-864660b0-aed1-4907-bdd6-cc1949fc1881/datanode-5/data/ratis] (custom)
2019-10-03 05:49:28,224 [main] INFO  hdfs.DFSUtil (DFSUtil.java:httpServerTemplateForNNAndJN(1641)) - Starting Web-server for hddsDatanode at: http://0.0.0.0:0
2019-10-03 05:49:28,226 [main] INFO  server.AuthenticationFilter (AuthenticationFilter.java:constructSecretProvider(240)) - Unable to initialize FileSignerSecretProvider, falling back to use random secrets.
2019-10-03 05:49:28,227 [main] WARN  http.HttpRequestLog (HttpRequestLog.java:getRequestLog(97)) - Jetty request log can only be enabled using Log4j
2019-10-03 05:49:28,230 [main] INFO  http.HttpServer2 (HttpServer2.java:addGlobalFilter(975)) - Added global filter 'safety' (class=org.apache.hadoop.http.HttpServer2$QuotingInputFilter)
2019-10-03 05:49:28,231 [main] INFO  http.HttpServer2 (HttpServer2.java:addFilter(948)) - Added filter static_user_filter (class=org.apache.hadoop.http.lib.StaticUserWebFilter$StaticUserFilter) to context hddsDatanode
2019-10-03 05:49:28,231 [main] INFO  http.HttpServer2 (HttpServer2.java:addFilter(958)) - Added filter static_user_filter (class=org.apache.hadoop.http.lib.StaticUserWebFilter$StaticUserFilter) to context logs
2019-10-03 05:49:28,231 [main] INFO  http.HttpServer2 (HttpServer2.java:addFilter(958)) - Added filter static_user_filter (class=org.apache.hadoop.http.lib.StaticUserWebFilter$StaticUserFilter) to context static
2019-10-03 05:49:28,232 [main] INFO  http.HttpServer2 (HttpServer2.java:bindListener(1191)) - Jetty bound to port 33769
2019-10-03 05:49:28,233 [main] INFO  server.Server (Server.java:doStart(351)) - jetty-9.3.25.v20180904, build timestamp: 2018-09-04T21:11:46Z, git hash: 3ce520221d0240229c862b122d2b06c12a625732
2019-10-03 05:49:28,235 [main] INFO  handler.ContextHandler (ContextHandler.java:doStart(781)) - Started o.e.j.s.ServletContextHandler@31ddb930{/logs,file:///workdir/hadoop-ozone/integration-test/target/log,AVAILABLE}
2019-10-03 05:49:28,236 [main] INFO  handler.ContextHandler (ContextHandler.java:doStart(781)) - Started o.e.j.s.ServletContextHandler@3c3c4a71{/static,jar:file:/home/user/.m2/repository/org/apache/hadoop/hadoop-hdds-container-service/0.5.0-SNAPSHOT/hadoop-hdds-container-service-0.5.0-SNAPSHOT.jar!/webapps/static,AVAILABLE}
2019-10-03 05:49:28,286 [main] INFO  handler.ContextHandler (ContextHandler.java:doStart(781)) - Started o.e.j.w.WebAppContext@10f7918f{/,file:///tmp/jetty-0.0.0.0-33769-hddsDatanode-_-any-1291367157325918374.dir/webapp/,AVAILABLE}{/hddsDatanode}
2019-10-03 05:49:28,287 [main] INFO  server.AbstractConnector (AbstractConnector.java:doStart(278)) - Started ServerConnector@64d4f7c7{HTTP/1.1,[http/1.1]}{0.0.0.0:33769}
2019-10-03 05:49:28,288 [main] INFO  server.Server (Server.java:doStart(419)) - Started @6464ms
2019-10-03 05:49:28,288 [main] WARN  impl.MetricsSystemImpl (MetricsSystemImpl.java:register(276)) - Sink prometheus already exists!
2019-10-03 05:49:28,289 [main] INFO  server.BaseHttpServer (BaseHttpServer.java:updateConnectorAddress(215)) - HTTP server of HDDSDATANODE is listening at http://0.0.0.0:33769
2019-10-03 05:49:28,290 [main] INFO  impl.MetricsSystemImpl (MetricsSystemImpl.java:init(158)) - HddsDatanode metrics system started (again)
2019-10-03 05:49:28,295 [main] INFO  ozone.HddsDatanodeService (HddsDatanodeService.java:start(184)) - HddsDatanodeService host:trunk-nightly-20191003-5492k-4029359510 ip:192.168.30.19
2019-10-03 05:49:28,295 [org.apache.hadoop.util.JvmPauseMonitor$Monitor@3d274ca8] INFO  util.JvmPauseMonitor (JvmPauseMonitor.java:run(188)) - Starting JVM pause monitor
2019-10-03 05:49:28,299 [Datanode State Machine Thread - 0] INFO  datanode.InitDatanodeState (InitDatanodeState.java:persistContainerDatanodeDetails(140)) - DatanodeDetails is persisted to /workdir/hadoop-ozone/integration-test/target/test-dir/MiniOzoneClusterImpl-864660b0-aed1-4907-bdd6-cc1949fc1881/datanode-5/meta/datanode.id
2019-10-03 05:49:28,304 [main] INFO  volume.HddsVolume (HddsVolume.java:<init>(176)) - Creating Volume: /workdir/hadoop-ozone/integration-test/target/test-dir/MiniOzoneClusterImpl-864660b0-aed1-4907-bdd6-cc1949fc1881/datanode-6/data/containers/hdds of  storage type : DISK and capacity : 1482555576320
2019-10-03 05:49:28,305 [main] INFO  volume.VolumeSet (VolumeSet.java:initializeVolumeSet(170)) - Added Volume : /workdir/hadoop-ozone/integration-test/target/test-dir/MiniOzoneClusterImpl-864660b0-aed1-4907-bdd6-cc1949fc1881/datanode-6/data/containers/hdds to VolumeSet
2019-10-03 05:49:28,305 [main] INFO  volume.ThrottledAsyncChecker (ThrottledAsyncChecker.java:schedule(139)) - Scheduling a check for org.apache.hadoop.ozone.container.common.volume.HddsVolume@1a1f5f71
2019-10-03 05:49:28,306 [main] INFO  volume.HddsVolumeChecker (HddsVolumeChecker.java:checkAllVolumes(202)) - Scheduled health check for volume org.apache.hadoop.ozone.container.common.volume.HddsVolume@1a1f5f71
2019-10-03 05:49:28,321 [main] INFO  impl.RaftServerProxy (ConfUtils.java:logGet(43)) - raft.rpc.type = GRPC (default)
2019-10-03 05:49:28,321 [main] INFO  grpc.GrpcFactory (GrpcFactory.java:checkPooledByteBufAllocatorUseCacheForAllThreads(45)) - PERFORMANCE WARNING: useCacheForAllThreads is true that may cause Netty to create a lot garbage objects and, as a result, trigger GC.
	It is recommended to disable useCacheForAllThreads by setting -Dorg.apache.ratis.thirdparty.io.netty.allocator.useCacheForAllThreads=false in command line.
2019-10-03 05:49:28,321 [main] INFO  grpc.GrpcConfigKeys$Server (ConfUtils.java:logGet(43)) - raft.grpc.server.port = 0 (default)
2019-10-03 05:49:28,322 [main] INFO  server.GrpcService (ConfUtils.java:logGet(43)) - raft.grpc.message.size.max = 33570816 (custom)
2019-10-03 05:49:28,322 [main] INFO  server.RaftServerConfigKeys (ConfUtils.java:logGet(43)) - raft.server.log.appender.buffer.byte-limit = 33554432 (custom)
2019-10-03 05:49:28,322 [main] INFO  server.GrpcService (ConfUtils.java:logGet(43)) - raft.grpc.flow.control.window = 1MB (=1048576) (default)
2019-10-03 05:49:28,322 [main] INFO  server.RaftServerConfigKeys (ConfUtils.java:logGet(43)) - raft.server.rpc.request.timeout = 3000ms (default)
2019-10-03 05:49:28,323 [main] INFO  server.RaftServerConfigKeys (ConfUtils.java:logGet(43)) - raft.server.storage.dir = [/workdir/hadoop-ozone/integration-test/target/test-dir/MiniOzoneClusterImpl-864660b0-aed1-4907-bdd6-cc1949fc1881/datanode-6/data/ratis] (custom)
2019-10-03 05:49:28,324 [main] INFO  hdfs.DFSUtil (DFSUtil.java:httpServerTemplateForNNAndJN(1641)) - Starting Web-server for hddsDatanode at: http://0.0.0.0:0
2019-10-03 05:49:28,326 [main] INFO  server.AuthenticationFilter (AuthenticationFilter.java:constructSecretProvider(240)) - Unable to initialize FileSignerSecretProvider, falling back to use random secrets.
2019-10-03 05:49:28,326 [main] WARN  http.HttpRequestLog (HttpRequestLog.java:getRequestLog(97)) - Jetty request log can only be enabled using Log4j
2019-10-03 05:49:28,328 [main] INFO  http.HttpServer2 (HttpServer2.java:addGlobalFilter(975)) - Added global filter 'safety' (class=org.apache.hadoop.http.HttpServer2$QuotingInputFilter)
2019-10-03 05:49:28,328 [main] INFO  http.HttpServer2 (HttpServer2.java:addFilter(948)) - Added filter static_user_filter (class=org.apache.hadoop.http.lib.StaticUserWebFilter$StaticUserFilter) to context hddsDatanode
2019-10-03 05:49:28,329 [main] INFO  http.HttpServer2 (HttpServer2.java:addFilter(958)) - Added filter static_user_filter (class=org.apache.hadoop.http.lib.StaticUserWebFilter$StaticUserFilter) to context static
2019-10-03 05:49:28,329 [main] INFO  http.HttpServer2 (HttpServer2.java:addFilter(958)) - Added filter static_user_filter (class=org.apache.hadoop.http.lib.StaticUserWebFilter$StaticUserFilter) to context logs
2019-10-03 05:49:28,330 [main] INFO  http.HttpServer2 (HttpServer2.java:bindListener(1191)) - Jetty bound to port 46227
2019-10-03 05:49:28,330 [main] INFO  server.Server (Server.java:doStart(351)) - jetty-9.3.25.v20180904, build timestamp: 2018-09-04T21:11:46Z, git hash: 3ce520221d0240229c862b122d2b06c12a625732
2019-10-03 05:49:28,332 [main] INFO  handler.ContextHandler (ContextHandler.java:doStart(781)) - Started o.e.j.s.ServletContextHandler@6edf29c1{/logs,file:///workdir/hadoop-ozone/integration-test/target/log,AVAILABLE}
2019-10-03 05:49:28,332 [main] INFO  handler.ContextHandler (ContextHandler.java:doStart(781)) - Started o.e.j.s.ServletContextHandler@66b59b7d{/static,jar:file:/home/user/.m2/repository/org/apache/hadoop/hadoop-hdds-container-service/0.5.0-SNAPSHOT/hadoop-hdds-container-service-0.5.0-SNAPSHOT.jar!/webapps/static,AVAILABLE}
2019-10-03 05:49:28,363 [main] INFO  handler.ContextHandler (ContextHandler.java:doStart(781)) - Started o.e.j.w.WebAppContext@57272109{/,file:///tmp/jetty-0.0.0.0-46227-hddsDatanode-_-any-3095876862249305749.dir/webapp/,AVAILABLE}{/hddsDatanode}
2019-10-03 05:49:28,365 [main] INFO  server.AbstractConnector (AbstractConnector.java:doStart(278)) - Started ServerConnector@59696551{HTTP/1.1,[http/1.1]}{0.0.0.0:46227}
2019-10-03 05:49:28,366 [main] INFO  server.Server (Server.java:doStart(419)) - Started @6542ms
2019-10-03 05:49:28,366 [main] WARN  impl.MetricsSystemImpl (MetricsSystemImpl.java:register(276)) - Sink prometheus already exists!
2019-10-03 05:49:28,367 [main] INFO  server.BaseHttpServer (BaseHttpServer.java:updateConnectorAddress(215)) - HTTP server of HDDSDATANODE is listening at http://0.0.0.0:46227
2019-10-03 05:49:28,370 [main] INFO  ozone.MiniOzoneClusterImpl (MiniOzoneClusterImpl.java:lambda$waitForClusterToBeReady$0(147)) - Waiting for cluster to be ready. Got 0 of 7 DN Heartbeats.
2019-10-03 05:49:28,370 [org.apache.hadoop.util.JvmPauseMonitor$Monitor@61e87f77] INFO  util.JvmPauseMonitor (JvmPauseMonitor.java:run(188)) - Starting JVM pause monitor
2019-10-03 05:49:28,374 [Datanode State Machine Thread - 0] INFO  datanode.InitDatanodeState (InitDatanodeState.java:persistContainerDatanodeDetails(140)) - DatanodeDetails is persisted to /workdir/hadoop-ozone/integration-test/target/test-dir/MiniOzoneClusterImpl-864660b0-aed1-4907-bdd6-cc1949fc1881/datanode-6/meta/datanode.id
2019-10-03 05:49:29,370 [main] INFO  ozone.MiniOzoneClusterImpl (MiniOzoneClusterImpl.java:lambda$waitForClusterToBeReady$0(147)) - Waiting for cluster to be ready. Got 0 of 7 DN Heartbeats.
2019-10-03 05:49:29,997 [Datanode State Machine Thread - 0] INFO  ozoneimpl.OzoneContainer (OzoneContainer.java:start(217)) - Attempting to start container services.
2019-10-03 05:49:29,997 [Datanode State Machine Thread - 0] INFO  ozoneimpl.OzoneContainer (OzoneContainer.java:start(217)) - Attempting to start container services.
2019-10-03 05:49:30,002 [Datanode State Machine Thread - 0] INFO  ozoneimpl.OzoneContainer (OzoneContainer.java:startContainerScrub(179)) - Background container scanner has been disabled.
2019-10-03 05:49:30,002 [Datanode State Machine Thread - 0] INFO  ozoneimpl.OzoneContainer (OzoneContainer.java:startContainerScrub(179)) - Background container scanner has been disabled.
2019-10-03 05:49:30,003 [Datanode State Machine Thread - 0] INFO  ratis.XceiverServerRatis (XceiverServerRatis.java:start(417)) - Starting XceiverServerRatis a547c518-2070-4f87-8df9-e58fc0604313 at port 0
2019-10-03 05:49:30,003 [Datanode State Machine Thread - 0] INFO  ratis.XceiverServerRatis (XceiverServerRatis.java:start(417)) - Starting XceiverServerRatis 3c6c5713-93de-4a22-9ce0-742456d79eff at port 0
2019-10-03 05:49:30,043 [Datanode State Machine Thread - 0] INFO  impl.RaftServerProxy (RaftServerProxy.java:lambda$start$3(299)) - a547c518-2070-4f87-8df9-e58fc0604313: start RPC server
2019-10-03 05:49:30,043 [Datanode State Machine Thread - 0] INFO  impl.RaftServerProxy (RaftServerProxy.java:lambda$start$3(299)) - 3c6c5713-93de-4a22-9ce0-742456d79eff: start RPC server
2019-10-03 05:49:30,051 [Datanode State Machine Thread - 0] INFO  ozoneimpl.OzoneContainer (OzoneContainer.java:start(217)) - Attempting to start container services.
2019-10-03 05:49:30,064 [Datanode State Machine Thread - 0] INFO  ozoneimpl.OzoneContainer (OzoneContainer.java:startContainerScrub(179)) - Background container scanner has been disabled.
2019-10-03 05:49:30,064 [Datanode State Machine Thread - 0] INFO  ratis.XceiverServerRatis (XceiverServerRatis.java:start(417)) - Starting XceiverServerRatis e132bd7b-48f1-4f2b-8844-8efe49d63ff3 at port 0
2019-10-03 05:49:30,075 [Datanode State Machine Thread - 0] INFO  impl.RaftServerProxy (RaftServerProxy.java:lambda$start$3(299)) - e132bd7b-48f1-4f2b-8844-8efe49d63ff3: start RPC server
2019-10-03 05:49:30,128 [Datanode State Machine Thread - 0] INFO  ozoneimpl.OzoneContainer (OzoneContainer.java:start(217)) - Attempting to start container services.
2019-10-03 05:49:30,129 [Datanode State Machine Thread - 0] INFO  ozoneimpl.OzoneContainer (OzoneContainer.java:startContainerScrub(179)) - Background container scanner has been disabled.
2019-10-03 05:49:30,129 [Datanode State Machine Thread - 0] INFO  ratis.XceiverServerRatis (XceiverServerRatis.java:start(417)) - Starting XceiverServerRatis 25df95fc-d168-4c4c-bc82-68d8d7d98e43 at port 0
2019-10-03 05:49:30,140 [Datanode State Machine Thread - 0] INFO  impl.RaftServerProxy (RaftServerProxy.java:lambda$start$3(299)) - 25df95fc-d168-4c4c-bc82-68d8d7d98e43: start RPC server
2019-10-03 05:49:30,223 [Datanode State Machine Thread - 0] INFO  ozoneimpl.OzoneContainer (OzoneContainer.java:start(217)) - Attempting to start container services.
2019-10-03 05:49:30,223 [Datanode State Machine Thread - 0] INFO  ozoneimpl.OzoneContainer (OzoneContainer.java:startContainerScrub(179)) - Background container scanner has been disabled.
2019-10-03 05:49:30,224 [Datanode State Machine Thread - 0] INFO  ratis.XceiverServerRatis (XceiverServerRatis.java:start(417)) - Starting XceiverServerRatis 43b54258-4692-4446-820b-1f86bc5245ec at port 0
2019-10-03 05:49:30,230 [Datanode State Machine Thread - 0] INFO  server.GrpcService (GrpcService.java:startImpl(158)) - 3c6c5713-93de-4a22-9ce0-742456d79eff: GrpcService started, listening on 0.0.0.0/0.0.0.0:37775
2019-10-03 05:49:30,230 [Datanode State Machine Thread - 0] INFO  server.GrpcService (GrpcService.java:startImpl(158)) - 25df95fc-d168-4c4c-bc82-68d8d7d98e43: GrpcService started, listening on 0.0.0.0/0.0.0.0:43412
2019-10-03 05:49:30,230 [Datanode State Machine Thread - 0] INFO  server.GrpcService (GrpcService.java:startImpl(158)) - e132bd7b-48f1-4f2b-8844-8efe49d63ff3: GrpcService started, listening on 0.0.0.0/0.0.0.0:46105
2019-10-03 05:49:30,230 [Datanode State Machine Thread - 0] INFO  server.GrpcService (GrpcService.java:startImpl(158)) - a547c518-2070-4f87-8df9-e58fc0604313: GrpcService started, listening on 0.0.0.0/0.0.0.0:46100
2019-10-03 05:49:30,232 [Datanode State Machine Thread - 0] INFO  ratis.XceiverServerRatis (XceiverServerRatis.java:start(427)) - XceiverServerRatis e132bd7b-48f1-4f2b-8844-8efe49d63ff3 is started using port 46105
2019-10-03 05:49:30,232 [Datanode State Machine Thread - 0] INFO  ratis.XceiverServerRatis (XceiverServerRatis.java:start(427)) - XceiverServerRatis 25df95fc-d168-4c4c-bc82-68d8d7d98e43 is started using port 43412
2019-10-03 05:49:30,232 [Datanode State Machine Thread - 0] INFO  ratis.XceiverServerRatis (XceiverServerRatis.java:start(427)) - XceiverServerRatis 3c6c5713-93de-4a22-9ce0-742456d79eff is started using port 37775
2019-10-03 05:49:30,233 [Datanode State Machine Thread - 0] INFO  ratis.XceiverServerRatis (XceiverServerRatis.java:start(427)) - XceiverServerRatis a547c518-2070-4f87-8df9-e58fc0604313 is started using port 46100
2019-10-03 05:49:30,245 [Datanode State Machine Thread - 0] INFO  server.XceiverServerGrpc (XceiverServerGrpc.java:start(149)) - XceiverServerGrpc a547c518-2070-4f87-8df9-e58fc0604313 is started using port 35609
2019-10-03 05:49:30,247 [Datanode State Machine Thread - 0] INFO  server.XceiverServerGrpc (XceiverServerGrpc.java:start(149)) - XceiverServerGrpc 25df95fc-d168-4c4c-bc82-68d8d7d98e43 is started using port 37363
2019-10-03 05:49:30,247 [Datanode State Machine Thread - 0] INFO  impl.RaftServerProxy (RaftServerProxy.java:lambda$start$3(299)) - 43b54258-4692-4446-820b-1f86bc5245ec: start RPC server
2019-10-03 05:49:30,245 [Datanode State Machine Thread - 0] INFO  server.XceiverServerGrpc (XceiverServerGrpc.java:start(149)) - XceiverServerGrpc e132bd7b-48f1-4f2b-8844-8efe49d63ff3 is started using port 36771
2019-10-03 05:49:30,247 [Datanode State Machine Thread - 0] INFO  server.XceiverServerGrpc (XceiverServerGrpc.java:start(149)) - XceiverServerGrpc 3c6c5713-93de-4a22-9ce0-742456d79eff is started using port 34339
2019-10-03 05:49:30,251 [Datanode State Machine Thread - 0] INFO  server.GrpcService (GrpcService.java:startImpl(158)) - 43b54258-4692-4446-820b-1f86bc5245ec: GrpcService started, listening on 0.0.0.0/0.0.0.0:36060
2019-10-03 05:49:30,251 [Datanode State Machine Thread - 0] INFO  ratis.XceiverServerRatis (XceiverServerRatis.java:start(427)) - XceiverServerRatis 43b54258-4692-4446-820b-1f86bc5245ec is started using port 36060
2019-10-03 05:49:30,254 [Datanode State Machine Thread - 0] INFO  server.XceiverServerGrpc (XceiverServerGrpc.java:start(149)) - XceiverServerGrpc 43b54258-4692-4446-820b-1f86bc5245ec is started using port 40940
2019-10-03 05:49:30,322 [Datanode State Machine Thread - 0] INFO  ozoneimpl.OzoneContainer (OzoneContainer.java:start(217)) - Attempting to start container services.
2019-10-03 05:49:30,322 [Datanode State Machine Thread - 0] INFO  ozoneimpl.OzoneContainer (OzoneContainer.java:startContainerScrub(179)) - Background container scanner has been disabled.
2019-10-03 05:49:30,322 [Datanode State Machine Thread - 0] INFO  ratis.XceiverServerRatis (XceiverServerRatis.java:start(417)) - Starting XceiverServerRatis fdc6239b-1581-495f-aa0c-6ef093335d88 at port 0
2019-10-03 05:49:30,333 [Datanode State Machine Thread - 0] INFO  impl.RaftServerProxy (RaftServerProxy.java:lambda$start$3(299)) - fdc6239b-1581-495f-aa0c-6ef093335d88: start RPC server
2019-10-03 05:49:30,337 [Datanode State Machine Thread - 0] INFO  server.GrpcService (GrpcService.java:startImpl(158)) - fdc6239b-1581-495f-aa0c-6ef093335d88: GrpcService started, listening on 0.0.0.0/0.0.0.0:40162
2019-10-03 05:49:30,338 [Datanode State Machine Thread - 0] INFO  ratis.XceiverServerRatis (XceiverServerRatis.java:start(427)) - XceiverServerRatis fdc6239b-1581-495f-aa0c-6ef093335d88 is started using port 40162
2019-10-03 05:49:30,342 [Datanode State Machine Thread - 0] INFO  server.XceiverServerGrpc (XceiverServerGrpc.java:start(149)) - XceiverServerGrpc fdc6239b-1581-495f-aa0c-6ef093335d88 is started using port 38531
2019-10-03 05:49:30,371 [main] INFO  ozone.MiniOzoneClusterImpl (MiniOzoneClusterImpl.java:lambda$waitForClusterToBeReady$0(147)) - Waiting for cluster to be ready. Got 0 of 7 DN Heartbeats.
2019-10-03 05:49:30,397 [Datanode State Machine Thread - 0] INFO  ozoneimpl.OzoneContainer (OzoneContainer.java:start(217)) - Attempting to start container services.
2019-10-03 05:49:30,398 [Datanode State Machine Thread - 0] INFO  ozoneimpl.OzoneContainer (OzoneContainer.java:startContainerScrub(179)) - Background container scanner has been disabled.
2019-10-03 05:49:30,399 [Datanode State Machine Thread - 0] INFO  ratis.XceiverServerRatis (XceiverServerRatis.java:start(417)) - Starting XceiverServerRatis aaa61f5b-6d33-454c-b5c1-ebc100bec0ba at port 0
2019-10-03 05:49:30,411 [Datanode State Machine Thread - 0] INFO  impl.RaftServerProxy (RaftServerProxy.java:lambda$start$3(299)) - aaa61f5b-6d33-454c-b5c1-ebc100bec0ba: start RPC server
2019-10-03 05:49:30,417 [Datanode State Machine Thread - 0] INFO  server.GrpcService (GrpcService.java:startImpl(158)) - aaa61f5b-6d33-454c-b5c1-ebc100bec0ba: GrpcService started, listening on 0.0.0.0/0.0.0.0:38751
2019-10-03 05:49:30,418 [Datanode State Machine Thread - 0] INFO  ratis.XceiverServerRatis (XceiverServerRatis.java:start(427)) - XceiverServerRatis aaa61f5b-6d33-454c-b5c1-ebc100bec0ba is started using port 38751
2019-10-03 05:49:30,422 [Datanode State Machine Thread - 0] INFO  server.XceiverServerGrpc (XceiverServerGrpc.java:start(149)) - XceiverServerGrpc aaa61f5b-6d33-454c-b5c1-ebc100bec0ba is started using port 42459
2019-10-03 05:49:31,373 [main] INFO  ozone.MiniOzoneClusterImpl (MiniOzoneClusterImpl.java:lambda$waitForClusterToBeReady$0(147)) - Waiting for cluster to be ready. Got 0 of 7 DN Heartbeats.
2019-10-03 05:49:31,921 [IPC Server handler 12 on 40495] INFO  net.NetworkTopology (NetworkTopologyImpl.java:add(111)) - Added a new node: /default-rack/a547c518-2070-4f87-8df9-e58fc0604313
2019-10-03 05:49:31,921 [IPC Server handler 12 on 40495] INFO  node.SCMNodeManager (SCMNodeManager.java:register(266)) - Registered Data node : a547c518-2070-4f87-8df9-e58fc0604313{ip: 192.168.30.19, host: trunk-nightly-20191003-5492k-4029359510, networkLocation: /default-rack, certSerialId: null}
2019-10-03 05:49:31,926 [EventQueue-NodeRegistrationContainerReportForDataNodeSafeModeRule] INFO  safemode.SCMSafeModeManager (DataNodeSafeModeRule.java:process(71)) - SCM in safe mode. 1 DataNodes registered, 1 required.
2019-10-03 05:49:31,926 [EventQueue-NodeRegistrationContainerReportForDataNodeSafeModeRule] INFO  safemode.SCMSafeModeManager (SCMSafeModeManager.java:validateSafeModeExitRules(177)) - ScmSafeModeManager, all rules are successfully validated
2019-10-03 05:49:31,926 [EventQueue-NodeRegistrationContainerReportForDataNodeSafeModeRule] INFO  safemode.SCMSafeModeManager (SCMSafeModeManager.java:exitSafeMode(193)) - SCM exiting safe mode.
2019-10-03 05:49:31,953 [IPC Server handler 17 on 40495] INFO  net.NetworkTopology (NetworkTopologyImpl.java:add(111)) - Added a new node: /default-rack/3c6c5713-93de-4a22-9ce0-742456d79eff
2019-10-03 05:49:31,954 [IPC Server handler 17 on 40495] INFO  node.SCMNodeManager (SCMNodeManager.java:register(266)) - Registered Data node : 3c6c5713-93de-4a22-9ce0-742456d79eff{ip: 192.168.30.19, host: trunk-nightly-20191003-5492k-4029359510, networkLocation: /default-rack, certSerialId: null}
2019-10-03 05:49:32,028 [IPC Server handler 18 on 40495] INFO  net.NetworkTopology (NetworkTopologyImpl.java:add(111)) - Added a new node: /default-rack/e132bd7b-48f1-4f2b-8844-8efe49d63ff3
2019-10-03 05:49:32,028 [IPC Server handler 18 on 40495] INFO  node.SCMNodeManager (SCMNodeManager.java:register(266)) - Registered Data node : e132bd7b-48f1-4f2b-8844-8efe49d63ff3{ip: 192.168.30.19, host: trunk-nightly-20191003-5492k-4029359510, networkLocation: /default-rack, certSerialId: null}
2019-10-03 05:49:32,105 [IPC Server handler 15 on 40495] INFO  net.NetworkTopology (NetworkTopologyImpl.java:add(111)) - Added a new node: /default-rack/25df95fc-d168-4c4c-bc82-68d8d7d98e43
2019-10-03 05:49:32,106 [IPC Server handler 15 on 40495] INFO  node.SCMNodeManager (SCMNodeManager.java:register(266)) - Registered Data node : 25df95fc-d168-4c4c-bc82-68d8d7d98e43{ip: 192.168.30.19, host: trunk-nightly-20191003-5492k-4029359510, networkLocation: /default-rack, certSerialId: null}
2019-10-03 05:49:32,195 [IPC Server handler 14 on 40495] INFO  net.NetworkTopology (NetworkTopologyImpl.java:add(111)) - Added a new node: /default-rack/43b54258-4692-4446-820b-1f86bc5245ec
2019-10-03 05:49:32,195 [IPC Server handler 14 on 40495] INFO  node.SCMNodeManager (SCMNodeManager.java:register(266)) - Registered Data node : 43b54258-4692-4446-820b-1f86bc5245ec{ip: 192.168.30.19, host: trunk-nightly-20191003-5492k-4029359510, networkLocation: /default-rack, certSerialId: null}
2019-10-03 05:49:32,301 [IPC Server handler 16 on 40495] INFO  net.NetworkTopology (NetworkTopologyImpl.java:add(111)) - Added a new node: /default-rack/fdc6239b-1581-495f-aa0c-6ef093335d88
2019-10-03 05:49:32,301 [IPC Server handler 16 on 40495] INFO  node.SCMNodeManager (SCMNodeManager.java:register(266)) - Registered Data node : fdc6239b-1581-495f-aa0c-6ef093335d88{ip: 192.168.30.19, host: trunk-nightly-20191003-5492k-4029359510, networkLocation: /default-rack, certSerialId: null}
2019-10-03 05:49:32,374 [main] INFO  ozone.MiniOzoneClusterImpl (MiniOzoneClusterImpl.java:lambda$waitForClusterToBeReady$0(147)) - Waiting for cluster to be ready. Got 6 of 7 DN Heartbeats.
2019-10-03 05:49:32,374 [IPC Server handler 12 on 40495] INFO  net.NetworkTopology (NetworkTopologyImpl.java:add(111)) - Added a new node: /default-rack/aaa61f5b-6d33-454c-b5c1-ebc100bec0ba
2019-10-03 05:49:32,375 [IPC Server handler 12 on 40495] INFO  node.SCMNodeManager (SCMNodeManager.java:register(266)) - Registered Data node : aaa61f5b-6d33-454c-b5c1-ebc100bec0ba{ip: 192.168.30.19, host: trunk-nightly-20191003-5492k-4029359510, networkLocation: /default-rack, certSerialId: null}
2019-10-03 05:49:32,529 [grpc-default-executor-0] INFO  impl.RaftServerProxy (RaftServerProxy.java:addNew(89)) - a547c518-2070-4f87-8df9-e58fc0604313: addNew group-5858065C8512:[a547c518-2070-4f87-8df9-e58fc0604313:192.168.30.19:46100] returns group-5858065C8512:java.util.concurrent.CompletableFuture@2a9d15b5[Not completed]
2019-10-03 05:49:32,544 [pool-27-thread-1] INFO  impl.RaftServerImpl (RaftServerImpl.java:<init>(95)) - a547c518-2070-4f87-8df9-e58fc0604313: new RaftServerImpl for group-5858065C8512:[a547c518-2070-4f87-8df9-e58fc0604313:192.168.30.19:46100] with ContainerStateMachine:uninitialized
2019-10-03 05:49:32,546 [pool-27-thread-1] INFO  server.RaftServerConfigKeys (ConfUtils.java:logGet(43)) - raft.server.rpc.timeout.min = 5s (custom)
2019-10-03 05:49:32,548 [pool-27-thread-1] INFO  server.RaftServerConfigKeys (ConfUtils.java:logGet(43)) - raft.server.rpc.timeout.max = 5200ms (custom)
2019-10-03 05:49:32,549 [pool-27-thread-1] INFO  server.RaftServerConfigKeys (ConfUtils.java:logGet(43)) - raft.server.rpcslowness.timeout = 120s (custom)
2019-10-03 05:49:32,549 [pool-27-thread-1] INFO  server.RaftServerConfigKeys (ConfUtils.java:logGet(43)) - raft.server.sleep.deviation.threshold = 300 (default)
2019-10-03 05:49:32,550 [pool-27-thread-1] INFO  server.RaftServerConfigKeys (ConfUtils.java:logGet(43)) - raft.server.log.appender.install.snapshot.enabled = false (custom)
2019-10-03 05:49:32,561 [pool-27-thread-1] INFO  impl.RaftServerImpl (ServerState.java:<init>(103)) - a547c518-2070-4f87-8df9-e58fc0604313@group-5858065C8512: ConfigurationManager, init=-1: [a547c518-2070-4f87-8df9-e58fc0604313:192.168.30.19:46100], old=null, confs=<EMPTY_MAP>
2019-10-03 05:49:32,561 [pool-27-thread-1] INFO  server.RaftServerConfigKeys (ConfUtils.java:logGet(43)) - raft.server.storage.dir = [/workdir/hadoop-ozone/integration-test/target/test-dir/MiniOzoneClusterImpl-864660b0-aed1-4907-bdd6-cc1949fc1881/datanode-0/data/ratis] (custom)
2019-10-03 05:49:32,569 [pool-27-thread-1] INFO  server.RaftServerConfigKeys (ConfUtils.java:logGet(43)) - raft.server.log.corruption.policy = EXCEPTION (default)
2019-10-03 05:49:32,571 [pool-27-thread-1] INFO  storage.RaftStorageDirectory (RaftStorageDirectory.java:analyzeStorage(246)) - The storage directory /workdir/hadoop-ozone/integration-test/target/test-dir/MiniOzoneClusterImpl-864660b0-aed1-4907-bdd6-cc1949fc1881/datanode-0/data/ratis/1b8627f9-af6e-4810-9270-5858065c8512 does not exist. Creating ...
2019-10-03 05:49:32,599 [pool-27-thread-1] INFO  storage.RaftStorageDirectory (RaftStorageDirectory.java:tryLock(328)) - Lock on /workdir/hadoop-ozone/integration-test/target/test-dir/MiniOzoneClusterImpl-864660b0-aed1-4907-bdd6-cc1949fc1881/datanode-0/data/ratis/1b8627f9-af6e-4810-9270-5858065c8512/in_use.lock acquired by nodename 4526@trunk-nightly-20191003-5492k-4029359510
2019-10-03 05:49:32,630 [pool-27-thread-1] INFO  storage.RaftStorage (RaftStorage.java:format(84)) - Storage directory /workdir/hadoop-ozone/integration-test/target/test-dir/MiniOzoneClusterImpl-864660b0-aed1-4907-bdd6-cc1949fc1881/datanode-0/data/ratis/1b8627f9-af6e-4810-9270-5858065c8512 has been successfully formatted.
2019-10-03 05:49:32,633 [pool-27-thread-1] INFO  ratis.ContainerStateMachine (ContainerStateMachine.java:loadSnapshot(230)) - group-5858065C8512: The snapshot info is null. Setting the last applied indexto:(t:0, i:~)
2019-10-03 05:49:32,634 [pool-27-thread-1] INFO  server.RaftServerConfigKeys (ConfUtils.java:logGet(43)) - raft.server.notification.no-leader.timeout = 120s (custom)
2019-10-03 05:49:32,637 [pool-27-thread-1] INFO  server.RaftServerConfigKeys (ConfUtils.java:logGet(43)) - raft.server.log.use.memory = false (default)
2019-10-03 05:49:32,644 [pool-27-thread-1] INFO  server.RaftServerConfigKeys (ConfUtils.java:logGet(43)) - raft.server.log.purge.gap = 1000000 (custom)
2019-10-03 05:49:32,644 [pool-27-thread-1] INFO  server.RaftServerConfigKeys (ConfUtils.java:logGet(43)) - raft.server.log.appender.buffer.byte-limit = 33554432 (custom)
2019-10-03 05:49:32,647 [pool-27-thread-1] INFO  server.RaftServerConfigKeys (ConfUtils.java:logGet(43)) - raft.server.log.segment.size.max = 1048576 (custom)
2019-10-03 05:49:32,649 [pool-27-thread-1] INFO  impl.MetricsSystemImpl (MetricsSystemImpl.java:init(158)) - ratis metrics system started (again)
2019-10-03 05:49:32,654 [pool-27-thread-1] INFO  metrics.MetricRegistries (MetricRegistriesLoader.java:load(64)) - Loaded MetricRegistries class org.apache.ratis.metrics.impl.MetricRegistriesImpl
2019-10-03 05:49:32,713 [pool-27-thread-1] INFO  server.RaftServerConfigKeys (ConfUtils.java:logGet(43)) - raft.server.log.segment.cache.num.max = 2 (custom)
2019-10-03 05:49:32,721 [pool-27-thread-1] INFO  segmented.SegmentedRaftLogWorker (SegmentedRaftLogWorker.java:<init>(173)) - new a547c518-2070-4f87-8df9-e58fc0604313@group-5858065C8512-SegmentedRaftLogWorker for RaftStorage:Storage Directory /workdir/hadoop-ozone/integration-test/target/test-dir/MiniOzoneClusterImpl-864660b0-aed1-4907-bdd6-cc1949fc1881/datanode-0/data/ratis/1b8627f9-af6e-4810-9270-5858065c8512
2019-10-03 05:49:32,721 [pool-27-thread-1] INFO  server.RaftServerConfigKeys (ConfUtils.java:logGet(43)) - raft.server.log.queue.byte-limit = 2147483647 (custom)
2019-10-03 05:49:32,722 [pool-27-thread-1] INFO  server.RaftServerConfigKeys (ConfUtils.java:logGet(43)) - raft.server.log.queue.element-limit = 1024 (custom)
2019-10-03 05:49:32,724 [pool-27-thread-1] INFO  server.RaftServerConfigKeys (ConfUtils.java:logGet(43)) - raft.server.log.segment.size.max = 1048576 (custom)
2019-10-03 05:49:32,724 [pool-27-thread-1] INFO  server.RaftServerConfigKeys (ConfUtils.java:logGet(43)) - raft.server.log.preallocated.size = 16384 (custom)
2019-10-03 05:49:32,725 [pool-27-thread-1] INFO  server.RaftServerConfigKeys (ConfUtils.java:logGet(43)) - raft.server.log.write.buffer.size = 33554432 (custom)
2019-10-03 05:49:32,725 [pool-27-thread-1] INFO  server.RaftServerConfigKeys (ConfUtils.java:logGet(43)) - raft.server.log.force.sync.num = 128 (default)
2019-10-03 05:49:32,726 [pool-27-thread-1] INFO  server.RaftServerConfigKeys (ConfUtils.java:logGet(43)) - raft.server.log.statemachine.data.sync = true (default)
2019-10-03 05:49:32,726 [pool-27-thread-1] INFO  server.RaftServerConfigKeys (ConfUtils.java:logGet(43)) - raft.server.log.statemachine.data.sync.timeout = 10s (default)
2019-10-03 05:49:32,727 [pool-27-thread-1] INFO  server.RaftServerConfigKeys (ConfUtils.java:logGet(43)) - raft.server.log.statemachine.data.sync.timeout.retry = -1 (default)
2019-10-03 05:49:32,741 [pool-27-thread-1] INFO  server.RaftServerConfigKeys (ConfUtils.java:logGet(43)) - raft.server.log.statemachine.data.caching.enabled = true (custom)
2019-10-03 05:49:32,746 [pool-27-thread-1] INFO  segmented.SegmentedRaftLogWorker (SegmentedRaftLogWorker.java:lambda$new$0(128)) - a547c518-2070-4f87-8df9-e58fc0604313@group-5858065C8512-SegmentedRaftLogWorker: flushIndex: setUnconditionally 0 -> -1
2019-10-03 05:49:32,750 [pool-27-thread-1] INFO  server.RaftServerConfigKeys (ConfUtils.java:logGet(43)) - raft.server.snapshot.auto.trigger.enabled = true (custom)
2019-10-03 05:49:32,751 [pool-27-thread-1] INFO  server.RaftServerConfigKeys (ConfUtils.java:logGet(43)) - raft.server.snapshot.auto.trigger.threshold = 10000 (custom)
2019-10-03 05:49:32,752 [pool-27-thread-1] INFO  server.RaftServerConfigKeys (ConfUtils.java:logGet(43)) - raft.server.snapshot.retention.file.num = 5 (custom)
2019-10-03 05:49:32,753 [pool-27-thread-1] INFO  server.RaftServerConfigKeys (ConfUtils.java:logGet(43)) - raft.server.retrycache.expirytime = 600000ms (custom)
2019-10-03 05:49:32,780 [pool-27-thread-1] INFO  impl.RaftServerImpl (RaftServerImpl.java:start(181)) - a547c518-2070-4f87-8df9-e58fc0604313@group-5858065C8512: start as a follower, conf=-1: [a547c518-2070-4f87-8df9-e58fc0604313:192.168.30.19:46100], old=null
2019-10-03 05:49:32,781 [pool-27-thread-1] INFO  impl.RaftServerImpl (RaftServerImpl.java:setRole(170)) - a547c518-2070-4f87-8df9-e58fc0604313@group-5858065C8512: changes role from      null to FOLLOWER at term 0 for startAsFollower
2019-10-03 05:49:32,782 [pool-27-thread-1] INFO  impl.RoleInfo (RoleInfo.java:updateAndGet(143)) - a547c518-2070-4f87-8df9-e58fc0604313: start FollowerState
2019-10-03 05:49:32,784 [pool-27-thread-1] INFO  util.JmxRegister (JmxRegister.java:tryRegister(44)) - Successfully registered JMX Bean with object name Ratis:service=RaftServer,group=group-5858065C8512,id=a547c518-2070-4f87-8df9-e58fc0604313
2019-10-03 05:49:32,854 [RatisPipelineUtilsThread] INFO  pipeline.PipelineStateManager (PipelineStateManager.java:addPipeline(56)) - Created pipeline Pipeline[ Id: 1b8627f9-af6e-4810-9270-5858065c8512, Nodes: a547c518-2070-4f87-8df9-e58fc0604313{ip: 192.168.30.19, host: trunk-nightly-20191003-5492k-4029359510, networkLocation: /default-rack, certSerialId: null}, Type:RATIS, Factor:ONE, State:OPEN]
2019-10-03 05:49:32,881 [grpc-default-executor-0] INFO  impl.RaftServerProxy (RaftServerProxy.java:addNew(89)) - fdc6239b-1581-495f-aa0c-6ef093335d88: addNew group-8B00EC811854:[fdc6239b-1581-495f-aa0c-6ef093335d88:192.168.30.19:40162] returns group-8B00EC811854:java.util.concurrent.CompletableFuture@493ff8d4[Not completed]
2019-10-03 05:49:32,948 [pool-77-thread-1] INFO  impl.RaftServerImpl (RaftServerImpl.java:<init>(95)) - fdc6239b-1581-495f-aa0c-6ef093335d88: new RaftServerImpl for group-8B00EC811854:[fdc6239b-1581-495f-aa0c-6ef093335d88:192.168.30.19:40162] with ContainerStateMachine:uninitialized
2019-10-03 05:49:32,950 [pool-77-thread-1] INFO  server.RaftServerConfigKeys (ConfUtils.java:logGet(43)) - raft.server.rpc.timeout.min = 5s (custom)
2019-10-03 05:49:32,950 [pool-77-thread-1] INFO  server.RaftServerConfigKeys (ConfUtils.java:logGet(43)) - raft.server.rpc.timeout.max = 5200ms (custom)
2019-10-03 05:49:32,950 [pool-77-thread-1] INFO  server.RaftServerConfigKeys (ConfUtils.java:logGet(43)) - raft.server.rpcslowness.timeout = 120s (custom)
2019-10-03 05:49:32,950 [pool-77-thread-1] INFO  server.RaftServerConfigKeys (ConfUtils.java:logGet(43)) - raft.server.sleep.deviation.threshold = 300 (default)
2019-10-03 05:49:32,951 [pool-77-thread-1] INFO  server.RaftServerConfigKeys (ConfUtils.java:logGet(43)) - raft.server.log.appender.install.snapshot.enabled = false (custom)
2019-10-03 05:49:32,951 [pool-77-thread-1] INFO  impl.RaftServerImpl (ServerState.java:<init>(103)) - fdc6239b-1581-495f-aa0c-6ef093335d88@group-8B00EC811854: ConfigurationManager, init=-1: [fdc6239b-1581-495f-aa0c-6ef093335d88:192.168.30.19:40162], old=null, confs=<EMPTY_MAP>
2019-10-03 05:49:32,951 [pool-77-thread-1] INFO  server.RaftServerConfigKeys (ConfUtils.java:logGet(43)) - raft.server.storage.dir = [/workdir/hadoop-ozone/integration-test/target/test-dir/MiniOzoneClusterImpl-864660b0-aed1-4907-bdd6-cc1949fc1881/datanode-5/data/ratis] (custom)
2019-10-03 05:49:32,952 [pool-77-thread-1] INFO  server.RaftServerConfigKeys (ConfUtils.java:logGet(43)) - raft.server.log.corruption.policy = EXCEPTION (default)
2019-10-03 05:49:32,952 [pool-77-thread-1] INFO  storage.RaftStorageDirectory (RaftStorageDirectory.java:analyzeStorage(246)) - The storage directory /workdir/hadoop-ozone/integration-test/target/test-dir/MiniOzoneClusterImpl-864660b0-aed1-4907-bdd6-cc1949fc1881/datanode-5/data/ratis/3cea8aa5-f89d-471d-ad05-8b00ec811854 does not exist. Creating ...
2019-10-03 05:49:32,977 [pool-77-thread-1] INFO  storage.RaftStorageDirectory (RaftStorageDirectory.java:tryLock(328)) - Lock on /workdir/hadoop-ozone/integration-test/target/test-dir/MiniOzoneClusterImpl-864660b0-aed1-4907-bdd6-cc1949fc1881/datanode-5/data/ratis/3cea8aa5-f89d-471d-ad05-8b00ec811854/in_use.lock acquired by nodename 4526@trunk-nightly-20191003-5492k-4029359510
2019-10-03 05:49:33,001 [pool-77-thread-1] INFO  storage.RaftStorage (RaftStorage.java:format(84)) - Storage directory /workdir/hadoop-ozone/integration-test/target/test-dir/MiniOzoneClusterImpl-864660b0-aed1-4907-bdd6-cc1949fc1881/datanode-5/data/ratis/3cea8aa5-f89d-471d-ad05-8b00ec811854 has been successfully formatted.
2019-10-03 05:49:33,003 [pool-77-thread-1] INFO  ratis.ContainerStateMachine (ContainerStateMachine.java:loadSnapshot(230)) - group-8B00EC811854: The snapshot info is null. Setting the last applied indexto:(t:0, i:~)
2019-10-03 05:49:33,006 [pool-77-thread-1] INFO  server.RaftServerConfigKeys (ConfUtils.java:logGet(43)) - raft.server.notification.no-leader.timeout = 120s (custom)
2019-10-03 05:49:33,006 [pool-77-thread-1] INFO  server.RaftServerConfigKeys (ConfUtils.java:logGet(43)) - raft.server.log.use.memory = false (default)
2019-10-03 05:49:33,006 [pool-77-thread-1] INFO  server.RaftServerConfigKeys (ConfUtils.java:logGet(43)) - raft.server.log.purge.gap = 1000000 (custom)
2019-10-03 05:49:33,006 [pool-77-thread-1] INFO  server.RaftServerConfigKeys (ConfUtils.java:logGet(43)) - raft.server.log.appender.buffer.byte-limit = 33554432 (custom)
2019-10-03 05:49:33,007 [pool-77-thread-1] INFO  server.RaftServerConfigKeys (ConfUtils.java:logGet(43)) - raft.server.log.segment.size.max = 1048576 (custom)
2019-10-03 05:49:33,014 [pool-77-thread-1] INFO  server.RaftServerConfigKeys (ConfUtils.java:logGet(43)) - raft.server.log.segment.cache.num.max = 2 (custom)
2019-10-03 05:49:33,014 [pool-77-thread-1] INFO  segmented.SegmentedRaftLogWorker (SegmentedRaftLogWorker.java:<init>(173)) - new fdc6239b-1581-495f-aa0c-6ef093335d88@group-8B00EC811854-SegmentedRaftLogWorker for RaftStorage:Storage Directory /workdir/hadoop-ozone/integration-test/target/test-dir/MiniOzoneClusterImpl-864660b0-aed1-4907-bdd6-cc1949fc1881/datanode-5/data/ratis/3cea8aa5-f89d-471d-ad05-8b00ec811854
2019-10-03 05:49:33,016 [pool-77-thread-1] INFO  server.RaftServerConfigKeys (ConfUtils.java:logGet(43)) - raft.server.log.queue.byte-limit = 2147483647 (custom)
2019-10-03 05:49:33,016 [pool-77-thread-1] INFO  server.RaftServerConfigKeys (ConfUtils.java:logGet(43)) - raft.server.log.queue.element-limit = 1024 (custom)
2019-10-03 05:49:33,016 [pool-77-thread-1] INFO  server.RaftServerConfigKeys (ConfUtils.java:logGet(43)) - raft.server.log.segment.size.max = 1048576 (custom)
2019-10-03 05:49:33,017 [pool-77-thread-1] INFO  server.RaftServerConfigKeys (ConfUtils.java:logGet(43)) - raft.server.log.preallocated.size = 16384 (custom)
2019-10-03 05:49:33,017 [pool-77-thread-1] INFO  server.RaftServerConfigKeys (ConfUtils.java:logGet(43)) - raft.server.log.write.buffer.size = 33554432 (custom)
2019-10-03 05:49:33,017 [pool-77-thread-1] INFO  server.RaftServerConfigKeys (ConfUtils.java:logGet(43)) - raft.server.log.force.sync.num = 128 (default)
2019-10-03 05:49:33,017 [pool-77-thread-1] INFO  server.RaftServerConfigKeys (ConfUtils.java:logGet(43)) - raft.server.log.statemachine.data.sync = true (default)
2019-10-03 05:49:33,017 [pool-77-thread-1] INFO  server.RaftServerConfigKeys (ConfUtils.java:logGet(43)) - raft.server.log.statemachine.data.sync.timeout = 10s (default)
2019-10-03 05:49:33,018 [pool-77-thread-1] INFO  server.RaftServerConfigKeys (ConfUtils.java:logGet(43)) - raft.server.log.statemachine.data.sync.timeout.retry = -1 (default)
2019-10-03 05:49:33,019 [pool-77-thread-1] INFO  server.RaftServerConfigKeys (ConfUtils.java:logGet(43)) - raft.server.log.statemachine.data.caching.enabled = true (custom)
2019-10-03 05:49:33,019 [pool-77-thread-1] INFO  segmented.SegmentedRaftLogWorker (SegmentedRaftLogWorker.java:lambda$new$0(128)) - fdc6239b-1581-495f-aa0c-6ef093335d88@group-8B00EC811854-SegmentedRaftLogWorker: flushIndex: setUnconditionally 0 -> -1
2019-10-03 05:49:33,020 [pool-77-thread-1] INFO  server.RaftServerConfigKeys (ConfUtils.java:logGet(43)) - raft.server.snapshot.auto.trigger.enabled = true (custom)
2019-10-03 05:49:33,020 [pool-77-thread-1] INFO  server.RaftServerConfigKeys (ConfUtils.java:logGet(43)) - raft.server.snapshot.auto.trigger.threshold = 10000 (custom)
2019-10-03 05:49:33,020 [pool-77-thread-1] INFO  server.RaftServerConfigKeys (ConfUtils.java:logGet(43)) - raft.server.snapshot.retention.file.num = 5 (custom)
2019-10-03 05:49:33,020 [pool-77-thread-1] INFO  server.RaftServerConfigKeys (ConfUtils.java:logGet(43)) - raft.server.retrycache.expirytime = 600000ms (custom)
2019-10-03 05:49:33,026 [pool-77-thread-1] INFO  impl.RaftServerImpl (RaftServerImpl.java:start(181)) - fdc6239b-1581-495f-aa0c-6ef093335d88@group-8B00EC811854: start as a follower, conf=-1: [fdc6239b-1581-495f-aa0c-6ef093335d88:192.168.30.19:40162], old=null
2019-10-03 05:49:33,026 [pool-77-thread-1] INFO  impl.RaftServerImpl (RaftServerImpl.java:setRole(170)) - fdc6239b-1581-495f-aa0c-6ef093335d88@group-8B00EC811854: changes role from      null to FOLLOWER at term 0 for startAsFollower
2019-10-03 05:49:33,027 [pool-77-thread-1] INFO  impl.RoleInfo (RoleInfo.java:updateAndGet(143)) - fdc6239b-1581-495f-aa0c-6ef093335d88: start FollowerState
2019-10-03 05:49:33,029 [pool-77-thread-1] INFO  util.JmxRegister (JmxRegister.java:tryRegister(44)) - Successfully registered JMX Bean with object name Ratis:service=RaftServer,group=group-8B00EC811854,id=fdc6239b-1581-495f-aa0c-6ef093335d88
2019-10-03 05:49:33,055 [RatisPipelineUtilsThread] INFO  pipeline.PipelineStateManager (PipelineStateManager.java:addPipeline(56)) - Created pipeline Pipeline[ Id: 3cea8aa5-f89d-471d-ad05-8b00ec811854, Nodes: fdc6239b-1581-495f-aa0c-6ef093335d88{ip: 192.168.30.19, host: trunk-nightly-20191003-5492k-4029359510, networkLocation: /default-rack, certSerialId: null}, Type:RATIS, Factor:ONE, State:OPEN]
2019-10-03 05:49:33,084 [grpc-default-executor-0] INFO  impl.RaftServerProxy (RaftServerProxy.java:addNew(89)) - aaa61f5b-6d33-454c-b5c1-ebc100bec0ba: addNew group-1A71FF357909:[aaa61f5b-6d33-454c-b5c1-ebc100bec0ba:192.168.30.19:38751] returns group-1A71FF357909:java.util.concurrent.CompletableFuture@44741a22[Not completed]
2019-10-03 05:49:33,113 [pool-87-thread-1] INFO  impl.RaftServerImpl (RaftServerImpl.java:<init>(95)) - aaa61f5b-6d33-454c-b5c1-ebc100bec0ba: new RaftServerImpl for group-1A71FF357909:[aaa61f5b-6d33-454c-b5c1-ebc100bec0ba:192.168.30.19:38751] with ContainerStateMachine:uninitialized
2019-10-03 05:49:33,113 [pool-87-thread-1] INFO  server.RaftServerConfigKeys (ConfUtils.java:logGet(43)) - raft.server.rpc.timeout.min = 5s (custom)
2019-10-03 05:49:33,113 [pool-87-thread-1] INFO  server.RaftServerConfigKeys (ConfUtils.java:logGet(43)) - raft.server.rpc.timeout.max = 5200ms (custom)
2019-10-03 05:49:33,113 [pool-87-thread-1] INFO  server.RaftServerConfigKeys (ConfUtils.java:logGet(43)) - raft.server.rpcslowness.timeout = 120s (custom)
2019-10-03 05:49:33,113 [pool-87-thread-1] INFO  server.RaftServerConfigKeys (ConfUtils.java:logGet(43)) - raft.server.sleep.deviation.threshold = 300 (default)
2019-10-03 05:49:33,113 [pool-87-thread-1] INFO  server.RaftServerConfigKeys (ConfUtils.java:logGet(43)) - raft.server.log.appender.install.snapshot.enabled = false (custom)
2019-10-03 05:49:33,114 [pool-87-thread-1] INFO  impl.RaftServerImpl (ServerState.java:<init>(103)) - aaa61f5b-6d33-454c-b5c1-ebc100bec0ba@group-1A71FF357909: ConfigurationManager, init=-1: [aaa61f5b-6d33-454c-b5c1-ebc100bec0ba:192.168.30.19:38751], old=null, confs=<EMPTY_MAP>
2019-10-03 05:49:33,114 [pool-87-thread-1] INFO  server.RaftServerConfigKeys (ConfUtils.java:logGet(43)) - raft.server.storage.dir = [/workdir/hadoop-ozone/integration-test/target/test-dir/MiniOzoneClusterImpl-864660b0-aed1-4907-bdd6-cc1949fc1881/datanode-6/data/ratis] (custom)
2019-10-03 05:49:33,114 [pool-87-thread-1] INFO  server.RaftServerConfigKeys (ConfUtils.java:logGet(43)) - raft.server.log.corruption.policy = EXCEPTION (default)
2019-10-03 05:49:33,114 [pool-87-thread-1] INFO  storage.RaftStorageDirectory (RaftStorageDirectory.java:analyzeStorage(246)) - The storage directory /workdir/hadoop-ozone/integration-test/target/test-dir/MiniOzoneClusterImpl-864660b0-aed1-4907-bdd6-cc1949fc1881/datanode-6/data/ratis/6d232970-547c-44a5-bb25-1a71ff357909 does not exist. Creating ...
2019-10-03 05:49:33,137 [pool-87-thread-1] INFO  storage.RaftStorageDirectory (RaftStorageDirectory.java:tryLock(328)) - Lock on /workdir/hadoop-ozone/integration-test/target/test-dir/MiniOzoneClusterImpl-864660b0-aed1-4907-bdd6-cc1949fc1881/datanode-6/data/ratis/6d232970-547c-44a5-bb25-1a71ff357909/in_use.lock acquired by nodename 4526@trunk-nightly-20191003-5492k-4029359510
2019-10-03 05:49:33,162 [pool-87-thread-1] INFO  storage.RaftStorage (RaftStorage.java:format(84)) - Storage directory /workdir/hadoop-ozone/integration-test/target/test-dir/MiniOzoneClusterImpl-864660b0-aed1-4907-bdd6-cc1949fc1881/datanode-6/data/ratis/6d232970-547c-44a5-bb25-1a71ff357909 has been successfully formatted.
2019-10-03 05:49:33,162 [pool-87-thread-1] INFO  ratis.ContainerStateMachine (ContainerStateMachine.java:loadSnapshot(230)) - group-1A71FF357909: The snapshot info is null. Setting the last applied indexto:(t:0, i:~)
2019-10-03 05:49:33,162 [pool-87-thread-1] INFO  server.RaftServerConfigKeys (ConfUtils.java:logGet(43)) - raft.server.notification.no-leader.timeout = 120s (custom)
2019-10-03 05:49:33,163 [pool-87-thread-1] INFO  server.RaftServerConfigKeys (ConfUtils.java:logGet(43)) - raft.server.log.use.memory = false (default)
2019-10-03 05:49:33,163 [pool-87-thread-1] INFO  server.RaftServerConfigKeys (ConfUtils.java:logGet(43)) - raft.server.log.purge.gap = 1000000 (custom)
2019-10-03 05:49:33,163 [pool-87-thread-1] INFO  server.RaftServerConfigKeys (ConfUtils.java:logGet(43)) - raft.server.log.appender.buffer.byte-limit = 33554432 (custom)
2019-10-03 05:49:33,163 [pool-87-thread-1] INFO  server.RaftServerConfigKeys (ConfUtils.java:logGet(43)) - raft.server.log.segment.size.max = 1048576 (custom)
2019-10-03 05:49:33,209 [pool-87-thread-1] INFO  server.RaftServerConfigKeys (ConfUtils.java:logGet(43)) - raft.server.log.segment.cache.num.max = 2 (custom)
2019-10-03 05:49:33,210 [pool-87-thread-1] INFO  segmented.SegmentedRaftLogWorker (SegmentedRaftLogWorker.java:<init>(173)) - new aaa61f5b-6d33-454c-b5c1-ebc100bec0ba@group-1A71FF357909-SegmentedRaftLogWorker for RaftStorage:Storage Directory /workdir/hadoop-ozone/integration-test/target/test-dir/MiniOzoneClusterImpl-864660b0-aed1-4907-bdd6-cc1949fc1881/datanode-6/data/ratis/6d232970-547c-44a5-bb25-1a71ff357909
2019-10-03 05:49:33,210 [pool-87-thread-1] INFO  server.RaftServerConfigKeys (ConfUtils.java:logGet(43)) - raft.server.log.queue.byte-limit = 2147483647 (custom)
2019-10-03 05:49:33,210 [pool-87-thread-1] INFO  server.RaftServerConfigKeys (ConfUtils.java:logGet(43)) - raft.server.log.queue.element-limit = 1024 (custom)
2019-10-03 05:49:33,210 [pool-87-thread-1] INFO  server.RaftServerConfigKeys (ConfUtils.java:logGet(43)) - raft.server.log.segment.size.max = 1048576 (custom)
2019-10-03 05:49:33,210 [pool-87-thread-1] INFO  server.RaftServerConfigKeys (ConfUtils.java:logGet(43)) - raft.server.log.preallocated.size = 16384 (custom)
2019-10-03 05:49:33,211 [pool-87-thread-1] INFO  server.RaftServerConfigKeys (ConfUtils.java:logGet(43)) - raft.server.log.write.buffer.size = 33554432 (custom)
2019-10-03 05:49:33,211 [pool-87-thread-1] INFO  server.RaftServerConfigKeys (ConfUtils.java:logGet(43)) - raft.server.log.force.sync.num = 128 (default)
2019-10-03 05:49:33,211 [pool-87-thread-1] INFO  server.RaftServerConfigKeys (ConfUtils.java:logGet(43)) - raft.server.log.statemachine.data.sync = true (default)
2019-10-03 05:49:33,211 [pool-87-thread-1] INFO  server.RaftServerConfigKeys (ConfUtils.java:logGet(43)) - raft.server.log.statemachine.data.sync.timeout = 10s (default)
2019-10-03 05:49:33,211 [pool-87-thread-1] INFO  server.RaftServerConfigKeys (ConfUtils.java:logGet(43)) - raft.server.log.statemachine.data.sync.timeout.retry = -1 (default)
2019-10-03 05:49:33,212 [pool-87-thread-1] INFO  server.RaftServerConfigKeys (ConfUtils.java:logGet(43)) - raft.server.log.statemachine.data.caching.enabled = true (custom)
2019-10-03 05:49:33,212 [pool-87-thread-1] INFO  segmented.SegmentedRaftLogWorker (SegmentedRaftLogWorker.java:lambda$new$0(128)) - aaa61f5b-6d33-454c-b5c1-ebc100bec0ba@group-1A71FF357909-SegmentedRaftLogWorker: flushIndex: setUnconditionally 0 -> -1
2019-10-03 05:49:33,213 [pool-87-thread-1] INFO  server.RaftServerConfigKeys (ConfUtils.java:logGet(43)) - raft.server.snapshot.auto.trigger.enabled = true (custom)
2019-10-03 05:49:33,213 [pool-87-thread-1] INFO  server.RaftServerConfigKeys (ConfUtils.java:logGet(43)) - raft.server.snapshot.auto.trigger.threshold = 10000 (custom)
2019-10-03 05:49:33,213 [pool-87-thread-1] INFO  server.RaftServerConfigKeys (ConfUtils.java:logGet(43)) - raft.server.snapshot.retention.file.num = 5 (custom)
2019-10-03 05:49:33,213 [pool-87-thread-1] INFO  server.RaftServerConfigKeys (ConfUtils.java:logGet(43)) - raft.server.retrycache.expirytime = 600000ms (custom)
2019-10-03 05:49:33,218 [pool-87-thread-1] INFO  impl.RaftServerImpl (RaftServerImpl.java:start(181)) - aaa61f5b-6d33-454c-b5c1-ebc100bec0ba@group-1A71FF357909: start as a follower, conf=-1: [aaa61f5b-6d33-454c-b5c1-ebc100bec0ba:192.168.30.19:38751], old=null
2019-10-03 05:49:33,218 [pool-87-thread-1] INFO  impl.RaftServerImpl (RaftServerImpl.java:setRole(170)) - aaa61f5b-6d33-454c-b5c1-ebc100bec0ba@group-1A71FF357909: changes role from      null to FOLLOWER at term 0 for startAsFollower
2019-10-03 05:49:33,218 [pool-87-thread-1] INFO  impl.RoleInfo (RoleInfo.java:updateAndGet(143)) - aaa61f5b-6d33-454c-b5c1-ebc100bec0ba: start FollowerState
2019-10-03 05:49:33,219 [pool-87-thread-1] INFO  util.JmxRegister (JmxRegister.java:tryRegister(44)) - Successfully registered JMX Bean with object name Ratis:service=RaftServer,group=group-1A71FF357909,id=aaa61f5b-6d33-454c-b5c1-ebc100bec0ba
2019-10-03 05:49:33,236 [RatisPipelineUtilsThread] INFO  pipeline.PipelineStateManager (PipelineStateManager.java:addPipeline(56)) - Created pipeline Pipeline[ Id: 6d232970-547c-44a5-bb25-1a71ff357909, Nodes: aaa61f5b-6d33-454c-b5c1-ebc100bec0ba{ip: 192.168.30.19, host: trunk-nightly-20191003-5492k-4029359510, networkLocation: /default-rack, certSerialId: null}, Type:RATIS, Factor:ONE, State:OPEN]
2019-10-03 05:49:33,255 [grpc-default-executor-0] INFO  impl.RaftServerProxy (RaftServerProxy.java:addNew(89)) - 25df95fc-d168-4c4c-bc82-68d8d7d98e43: addNew group-925B4450BFAD:[25df95fc-d168-4c4c-bc82-68d8d7d98e43:192.168.30.19:43412] returns group-925B4450BFAD:java.util.concurrent.CompletableFuture@44567953[Not completed]
2019-10-03 05:49:33,259 [pool-57-thread-1] INFO  impl.RaftServerImpl (RaftServerImpl.java:<init>(95)) - 25df95fc-d168-4c4c-bc82-68d8d7d98e43: new RaftServerImpl for group-925B4450BFAD:[25df95fc-d168-4c4c-bc82-68d8d7d98e43:192.168.30.19:43412] with ContainerStateMachine:uninitialized
2019-10-03 05:49:33,260 [pool-57-thread-1] INFO  server.RaftServerConfigKeys (ConfUtils.java:logGet(43)) - raft.server.rpc.timeout.min = 5s (custom)
2019-10-03 05:49:33,260 [pool-57-thread-1] INFO  server.RaftServerConfigKeys (ConfUtils.java:logGet(43)) - raft.server.rpc.timeout.max = 5200ms (custom)
2019-10-03 05:49:33,260 [pool-57-thread-1] INFO  server.RaftServerConfigKeys (ConfUtils.java:logGet(43)) - raft.server.rpcslowness.timeout = 120s (custom)
2019-10-03 05:49:33,260 [pool-57-thread-1] INFO  server.RaftServerConfigKeys (ConfUtils.java:logGet(43)) - raft.server.sleep.deviation.threshold = 300 (default)
2019-10-03 05:49:33,260 [pool-57-thread-1] INFO  server.RaftServerConfigKeys (ConfUtils.java:logGet(43)) - raft.server.log.appender.install.snapshot.enabled = false (custom)
2019-10-03 05:49:33,261 [pool-57-thread-1] INFO  impl.RaftServerImpl (ServerState.java:<init>(103)) - 25df95fc-d168-4c4c-bc82-68d8d7d98e43@group-925B4450BFAD: ConfigurationManager, init=-1: [25df95fc-d168-4c4c-bc82-68d8d7d98e43:192.168.30.19:43412], old=null, confs=<EMPTY_MAP>
2019-10-03 05:49:33,261 [pool-57-thread-1] INFO  server.RaftServerConfigKeys (ConfUtils.java:logGet(43)) - raft.server.storage.dir = [/workdir/hadoop-ozone/integration-test/target/test-dir/MiniOzoneClusterImpl-864660b0-aed1-4907-bdd6-cc1949fc1881/datanode-3/data/ratis] (custom)
2019-10-03 05:49:33,261 [pool-57-thread-1] INFO  server.RaftServerConfigKeys (ConfUtils.java:logGet(43)) - raft.server.log.corruption.policy = EXCEPTION (default)
2019-10-03 05:49:33,262 [pool-57-thread-1] INFO  storage.RaftStorageDirectory (RaftStorageDirectory.java:analyzeStorage(246)) - The storage directory /workdir/hadoop-ozone/integration-test/target/test-dir/MiniOzoneClusterImpl-864660b0-aed1-4907-bdd6-cc1949fc1881/datanode-3/data/ratis/f6f2ba59-788f-4e0c-8363-925b4450bfad does not exist. Creating ...
2019-10-03 05:49:33,287 [pool-57-thread-1] INFO  storage.RaftStorageDirectory (RaftStorageDirectory.java:tryLock(328)) - Lock on /workdir/hadoop-ozone/integration-test/target/test-dir/MiniOzoneClusterImpl-864660b0-aed1-4907-bdd6-cc1949fc1881/datanode-3/data/ratis/f6f2ba59-788f-4e0c-8363-925b4450bfad/in_use.lock acquired by nodename 4526@trunk-nightly-20191003-5492k-4029359510
2019-10-03 05:49:33,311 [pool-57-thread-1] INFO  storage.RaftStorage (RaftStorage.java:format(84)) - Storage directory /workdir/hadoop-ozone/integration-test/target/test-dir/MiniOzoneClusterImpl-864660b0-aed1-4907-bdd6-cc1949fc1881/datanode-3/data/ratis/f6f2ba59-788f-4e0c-8363-925b4450bfad has been successfully formatted.
2019-10-03 05:49:33,312 [pool-57-thread-1] INFO  ratis.ContainerStateMachine (ContainerStateMachine.java:loadSnapshot(230)) - group-925B4450BFAD: The snapshot info is null. Setting the last applied indexto:(t:0, i:~)
2019-10-03 05:49:33,313 [pool-57-thread-1] INFO  server.RaftServerConfigKeys (ConfUtils.java:logGet(43)) - raft.server.notification.no-leader.timeout = 120s (custom)
2019-10-03 05:49:33,314 [pool-57-thread-1] INFO  server.RaftServerConfigKeys (ConfUtils.java:logGet(43)) - raft.server.log.use.memory = false (default)
2019-10-03 05:49:33,314 [pool-57-thread-1] INFO  server.RaftServerConfigKeys (ConfUtils.java:logGet(43)) - raft.server.log.purge.gap = 1000000 (custom)
2019-10-03 05:49:33,314 [pool-57-thread-1] INFO  server.RaftServerConfigKeys (ConfUtils.java:logGet(43)) - raft.server.log.appender.buffer.byte-limit = 33554432 (custom)
2019-10-03 05:49:33,315 [pool-57-thread-1] INFO  server.RaftServerConfigKeys (ConfUtils.java:logGet(43)) - raft.server.log.segment.size.max = 1048576 (custom)
2019-10-03 05:49:33,321 [pool-57-thread-1] INFO  server.RaftServerConfigKeys (ConfUtils.java:logGet(43)) - raft.server.log.segment.cache.num.max = 2 (custom)
2019-10-03 05:49:33,321 [pool-57-thread-1] INFO  segmented.SegmentedRaftLogWorker (SegmentedRaftLogWorker.java:<init>(173)) - new 25df95fc-d168-4c4c-bc82-68d8d7d98e43@group-925B4450BFAD-SegmentedRaftLogWorker for RaftStorage:Storage Directory /workdir/hadoop-ozone/integration-test/target/test-dir/MiniOzoneClusterImpl-864660b0-aed1-4907-bdd6-cc1949fc1881/datanode-3/data/ratis/f6f2ba59-788f-4e0c-8363-925b4450bfad
2019-10-03 05:49:33,321 [pool-57-thread-1] INFO  server.RaftServerConfigKeys (ConfUtils.java:logGet(43)) - raft.server.log.queue.byte-limit = 2147483647 (custom)
2019-10-03 05:49:33,322 [pool-57-thread-1] INFO  server.RaftServerConfigKeys (ConfUtils.java:logGet(43)) - raft.server.log.queue.element-limit = 1024 (custom)
2019-10-03 05:49:33,322 [pool-57-thread-1] INFO  server.RaftServerConfigKeys (ConfUtils.java:logGet(43)) - raft.server.log.segment.size.max = 1048576 (custom)
2019-10-03 05:49:33,322 [pool-57-thread-1] INFO  server.RaftServerConfigKeys (ConfUtils.java:logGet(43)) - raft.server.log.preallocated.size = 16384 (custom)
2019-10-03 05:49:33,322 [pool-57-thread-1] INFO  server.RaftServerConfigKeys (ConfUtils.java:logGet(43)) - raft.server.log.write.buffer.size = 33554432 (custom)
2019-10-03 05:49:33,322 [pool-57-thread-1] INFO  server.RaftServerConfigKeys (ConfUtils.java:logGet(43)) - raft.server.log.force.sync.num = 128 (default)
2019-10-03 05:49:33,323 [pool-57-thread-1] INFO  server.RaftServerConfigKeys (ConfUtils.java:logGet(43)) - raft.server.log.statemachine.data.sync = true (default)
2019-10-03 05:49:33,323 [pool-57-thread-1] INFO  server.RaftServerConfigKeys (ConfUtils.java:logGet(43)) - raft.server.log.statemachine.data.sync.timeout = 10s (default)
2019-10-03 05:49:33,323 [pool-57-thread-1] INFO  server.RaftServerConfigKeys (ConfUtils.java:logGet(43)) - raft.server.log.statemachine.data.sync.timeout.retry = -1 (default)
2019-10-03 05:49:33,324 [pool-57-thread-1] INFO  server.RaftServerConfigKeys (ConfUtils.java:logGet(43)) - raft.server.log.statemachine.data.caching.enabled = true (custom)
2019-10-03 05:49:33,324 [pool-57-thread-1] INFO  segmented.SegmentedRaftLogWorker (SegmentedRaftLogWorker.java:lambda$new$0(128)) - 25df95fc-d168-4c4c-bc82-68d8d7d98e43@group-925B4450BFAD-SegmentedRaftLogWorker: flushIndex: setUnconditionally 0 -> -1
2019-10-03 05:49:33,325 [pool-57-thread-1] INFO  server.RaftServerConfigKeys (ConfUtils.java:logGet(43)) - raft.server.snapshot.auto.trigger.enabled = true (custom)
2019-10-03 05:49:33,325 [pool-57-thread-1] INFO  server.RaftServerConfigKeys (ConfUtils.java:logGet(43)) - raft.server.snapshot.auto.trigger.threshold = 10000 (custom)
2019-10-03 05:49:33,325 [pool-57-thread-1] INFO  server.RaftServerConfigKeys (ConfUtils.java:logGet(43)) - raft.server.snapshot.retention.file.num = 5 (custom)
2019-10-03 05:49:33,325 [pool-57-thread-1] INFO  server.RaftServerConfigKeys (ConfUtils.java:logGet(43)) - raft.server.retrycache.expirytime = 600000ms (custom)
2019-10-03 05:49:33,330 [pool-57-thread-1] INFO  impl.RaftServerImpl (RaftServerImpl.java:start(181)) - 25df95fc-d168-4c4c-bc82-68d8d7d98e43@group-925B4450BFAD: start as a follower, conf=-1: [25df95fc-d168-4c4c-bc82-68d8d7d98e43:192.168.30.19:43412], old=null
2019-10-03 05:49:33,330 [pool-57-thread-1] INFO  impl.RaftServerImpl (RaftServerImpl.java:setRole(170)) - 25df95fc-d168-4c4c-bc82-68d8d7d98e43@group-925B4450BFAD: changes role from      null to FOLLOWER at term 0 for startAsFollower
2019-10-03 05:49:33,330 [pool-57-thread-1] INFO  impl.RoleInfo (RoleInfo.java:updateAndGet(143)) - 25df95fc-d168-4c4c-bc82-68d8d7d98e43: start FollowerState
2019-10-03 05:49:33,331 [pool-57-thread-1] INFO  util.JmxRegister (JmxRegister.java:tryRegister(44)) - Successfully registered JMX Bean with object name Ratis:service=RaftServer,group=group-925B4450BFAD,id=25df95fc-d168-4c4c-bc82-68d8d7d98e43
2019-10-03 05:49:33,355 [RatisPipelineUtilsThread] INFO  pipeline.PipelineStateManager (PipelineStateManager.java:addPipeline(56)) - Created pipeline Pipeline[ Id: f6f2ba59-788f-4e0c-8363-925b4450bfad, Nodes: 25df95fc-d168-4c4c-bc82-68d8d7d98e43{ip: 192.168.30.19, host: trunk-nightly-20191003-5492k-4029359510, networkLocation: /default-rack, certSerialId: null}, Type:RATIS, Factor:ONE, State:OPEN]
2019-10-03 05:49:33,374 [main] INFO  ozone.MiniOzoneClusterImpl (MiniOzoneClusterImpl.java:lambda$waitForClusterToBeReady$0(147)) - Cluster is ready. Got 7 of 7 DN Heartbeats.
2019-10-03 05:49:33,376 [grpc-default-executor-0] INFO  impl.RaftServerProxy (RaftServerProxy.java:addNew(89)) - 43b54258-4692-4446-820b-1f86bc5245ec: addNew group-FB7D5789BDD4:[43b54258-4692-4446-820b-1f86bc5245ec:192.168.30.19:36060] returns group-FB7D5789BDD4:java.util.concurrent.CompletableFuture@46a8bbd8[Not completed]
2019-10-03 05:49:33,381 [pool-67-thread-1] INFO  impl.RaftServerImpl (RaftServerImpl.java:<init>(95)) - 43b54258-4692-4446-820b-1f86bc5245ec: new RaftServerImpl for group-FB7D5789BDD4:[43b54258-4692-4446-820b-1f86bc5245ec:192.168.30.19:36060] with ContainerStateMachine:uninitialized
2019-10-03 05:49:33,381 [pool-67-thread-1] INFO  server.RaftServerConfigKeys (ConfUtils.java:logGet(43)) - raft.server.rpc.timeout.min = 5s (custom)
2019-10-03 05:49:33,381 [pool-67-thread-1] INFO  server.RaftServerConfigKeys (ConfUtils.java:logGet(43)) - raft.server.rpc.timeout.max = 5200ms (custom)
2019-10-03 05:49:33,381 [pool-67-thread-1] INFO  server.RaftServerConfigKeys (ConfUtils.java:logGet(43)) - raft.server.rpcslowness.timeout = 120s (custom)
2019-10-03 05:49:33,382 [pool-67-thread-1] INFO  server.RaftServerConfigKeys (ConfUtils.java:logGet(43)) - raft.server.sleep.deviation.threshold = 300 (default)
2019-10-03 05:49:33,382 [pool-67-thread-1] INFO  server.RaftServerConfigKeys (ConfUtils.java:logGet(43)) - raft.server.log.appender.install.snapshot.enabled = false (custom)
2019-10-03 05:49:33,382 [pool-67-thread-1] INFO  impl.RaftServerImpl (ServerState.java:<init>(103)) - 43b54258-4692-4446-820b-1f86bc5245ec@group-FB7D5789BDD4: ConfigurationManager, init=-1: [43b54258-4692-4446-820b-1f86bc5245ec:192.168.30.19:36060], old=null, confs=<EMPTY_MAP>
2019-10-03 05:49:33,382 [pool-67-thread-1] INFO  server.RaftServerConfigKeys (ConfUtils.java:logGet(43)) - raft.server.storage.dir = [/workdir/hadoop-ozone/integration-test/target/test-dir/MiniOzoneClusterImpl-864660b0-aed1-4907-bdd6-cc1949fc1881/datanode-4/data/ratis] (custom)
2019-10-03 05:49:33,383 [pool-67-thread-1] INFO  server.RaftServerConfigKeys (ConfUtils.java:logGet(43)) - raft.server.log.corruption.policy = EXCEPTION (default)
2019-10-03 05:49:33,383 [pool-67-thread-1] INFO  storage.RaftStorageDirectory (RaftStorageDirectory.java:analyzeStorage(246)) - The storage directory /workdir/hadoop-ozone/integration-test/target/test-dir/MiniOzoneClusterImpl-864660b0-aed1-4907-bdd6-cc1949fc1881/datanode-4/data/ratis/a5b34224-98cb-4894-a4c3-fb7d5789bdd4 does not exist. Creating ...
2019-10-03 05:49:33,406 [pool-67-thread-1] INFO  storage.RaftStorageDirectory (RaftStorageDirectory.java:tryLock(328)) - Lock on /workdir/hadoop-ozone/integration-test/target/test-dir/MiniOzoneClusterImpl-864660b0-aed1-4907-bdd6-cc1949fc1881/datanode-4/data/ratis/a5b34224-98cb-4894-a4c3-fb7d5789bdd4/in_use.lock acquired by nodename 4526@trunk-nightly-20191003-5492k-4029359510
2019-10-03 05:49:33,441 [pool-67-thread-1] INFO  storage.RaftStorage (RaftStorage.java:format(84)) - Storage directory /workdir/hadoop-ozone/integration-test/target/test-dir/MiniOzoneClusterImpl-864660b0-aed1-4907-bdd6-cc1949fc1881/datanode-4/data/ratis/a5b34224-98cb-4894-a4c3-fb7d5789bdd4 has been successfully formatted.
2019-10-03 05:49:33,442 [pool-67-thread-1] INFO  ratis.ContainerStateMachine (ContainerStateMachine.java:loadSnapshot(230)) - group-FB7D5789BDD4: The snapshot info is null. Setting the last applied indexto:(t:0, i:~)
2019-10-03 05:49:33,442 [pool-67-thread-1] INFO  server.RaftServerConfigKeys (ConfUtils.java:logGet(43)) - raft.server.notification.no-leader.timeout = 120s (custom)
2019-10-03 05:49:33,442 [pool-67-thread-1] INFO  server.RaftServerConfigKeys (ConfUtils.java:logGet(43)) - raft.server.log.use.memory = false (default)
2019-10-03 05:49:33,442 [pool-67-thread-1] INFO  server.RaftServerConfigKeys (ConfUtils.java:logGet(43)) - raft.server.log.purge.gap = 1000000 (custom)
2019-10-03 05:49:33,443 [pool-67-thread-1] INFO  server.RaftServerConfigKeys (ConfUtils.java:logGet(43)) - raft.server.log.appender.buffer.byte-limit = 33554432 (custom)
2019-10-03 05:49:33,443 [pool-67-thread-1] INFO  server.RaftServerConfigKeys (ConfUtils.java:logGet(43)) - raft.server.log.segment.size.max = 1048576 (custom)
2019-10-03 05:49:33,446 [pool-67-thread-1] INFO  server.RaftServerConfigKeys (ConfUtils.java:logGet(43)) - raft.server.log.segment.cache.num.max = 2 (custom)
2019-10-03 05:49:33,447 [pool-67-thread-1] INFO  segmented.SegmentedRaftLogWorker (SegmentedRaftLogWorker.java:<init>(173)) - new 43b54258-4692-4446-820b-1f86bc5245ec@group-FB7D5789BDD4-SegmentedRaftLogWorker for RaftStorage:Storage Directory /workdir/hadoop-ozone/integration-test/target/test-dir/MiniOzoneClusterImpl-864660b0-aed1-4907-bdd6-cc1949fc1881/datanode-4/data/ratis/a5b34224-98cb-4894-a4c3-fb7d5789bdd4
2019-10-03 05:49:33,447 [pool-67-thread-1] INFO  server.RaftServerConfigKeys (ConfUtils.java:logGet(43)) - raft.server.log.queue.byte-limit = 2147483647 (custom)
2019-10-03 05:49:33,447 [pool-67-thread-1] INFO  server.RaftServerConfigKeys (ConfUtils.java:logGet(43)) - raft.server.log.queue.element-limit = 1024 (custom)
2019-10-03 05:49:33,447 [pool-67-thread-1] INFO  server.RaftServerConfigKeys (ConfUtils.java:logGet(43)) - raft.server.log.segment.size.max = 1048576 (custom)
2019-10-03 05:49:33,447 [pool-67-thread-1] INFO  server.RaftServerConfigKeys (ConfUtils.java:logGet(43)) - raft.server.log.preallocated.size = 16384 (custom)
2019-10-03 05:49:33,447 [pool-67-thread-1] INFO  server.RaftServerConfigKeys (ConfUtils.java:logGet(43)) - raft.server.log.write.buffer.size = 33554432 (custom)
2019-10-03 05:49:33,448 [pool-67-thread-1] INFO  server.RaftServerConfigKeys (ConfUtils.java:logGet(43)) - raft.server.log.force.sync.num = 128 (default)
2019-10-03 05:49:33,448 [pool-67-thread-1] INFO  server.RaftServerConfigKeys (ConfUtils.java:logGet(43)) - raft.server.log.statemachine.data.sync = true (default)
2019-10-03 05:49:33,448 [pool-67-thread-1] INFO  server.RaftServerConfigKeys (ConfUtils.java:logGet(43)) - raft.server.log.statemachine.data.sync.timeout = 10s (default)
2019-10-03 05:49:33,448 [pool-67-thread-1] INFO  server.RaftServerConfigKeys (ConfUtils.java:logGet(43)) - raft.server.log.statemachine.data.sync.timeout.retry = -1 (default)
2019-10-03 05:49:33,449 [pool-67-thread-1] INFO  server.RaftServerConfigKeys (ConfUtils.java:logGet(43)) - raft.server.log.statemachine.data.caching.enabled = true (custom)
2019-10-03 05:49:33,449 [pool-67-thread-1] INFO  segmented.SegmentedRaftLogWorker (SegmentedRaftLogWorker.java:lambda$new$0(128)) - 43b54258-4692-4446-820b-1f86bc5245ec@group-FB7D5789BDD4-SegmentedRaftLogWorker: flushIndex: setUnconditionally 0 -> -1
2019-10-03 05:49:33,449 [pool-67-thread-1] INFO  server.RaftServerConfigKeys (ConfUtils.java:logGet(43)) - raft.server.snapshot.auto.trigger.enabled = true (custom)
2019-10-03 05:49:33,450 [pool-67-thread-1] INFO  server.RaftServerConfigKeys (ConfUtils.java:logGet(43)) - raft.server.snapshot.auto.trigger.threshold = 10000 (custom)
2019-10-03 05:49:33,450 [pool-67-thread-1] INFO  server.RaftServerConfigKeys (ConfUtils.java:logGet(43)) - raft.server.snapshot.retention.file.num = 5 (custom)
2019-10-03 05:49:33,450 [pool-67-thread-1] INFO  server.RaftServerConfigKeys (ConfUtils.java:logGet(43)) - raft.server.retrycache.expirytime = 600000ms (custom)
2019-10-03 05:49:33,453 [pool-67-thread-1] INFO  impl.RaftServerImpl (RaftServerImpl.java:start(181)) - 43b54258-4692-4446-820b-1f86bc5245ec@group-FB7D5789BDD4: start as a follower, conf=-1: [43b54258-4692-4446-820b-1f86bc5245ec:192.168.30.19:36060], old=null
2019-10-03 05:49:33,453 [pool-67-thread-1] INFO  impl.RaftServerImpl (RaftServerImpl.java:setRole(170)) - 43b54258-4692-4446-820b-1f86bc5245ec@group-FB7D5789BDD4: changes role from      null to FOLLOWER at term 0 for startAsFollower
2019-10-03 05:49:33,453 [pool-67-thread-1] INFO  impl.RoleInfo (RoleInfo.java:updateAndGet(143)) - 43b54258-4692-4446-820b-1f86bc5245ec: start FollowerState
2019-10-03 05:49:33,454 [pool-67-thread-1] INFO  util.JmxRegister (JmxRegister.java:tryRegister(44)) - Successfully registered JMX Bean with object name Ratis:service=RaftServer,group=group-FB7D5789BDD4,id=43b54258-4692-4446-820b-1f86bc5245ec
2019-10-03 05:49:33,474 [RatisPipelineUtilsThread] INFO  pipeline.PipelineStateManager (PipelineStateManager.java:addPipeline(56)) - Created pipeline Pipeline[ Id: a5b34224-98cb-4894-a4c3-fb7d5789bdd4, Nodes: 43b54258-4692-4446-820b-1f86bc5245ec{ip: 192.168.30.19, host: trunk-nightly-20191003-5492k-4029359510, networkLocation: /default-rack, certSerialId: null}, Type:RATIS, Factor:ONE, State:OPEN]
2019-10-03 05:49:33,503 [grpc-default-executor-0] INFO  impl.RaftServerProxy (RaftServerProxy.java:addNew(89)) - e132bd7b-48f1-4f2b-8844-8efe49d63ff3: addNew group-3C167CA2DADD:[e132bd7b-48f1-4f2b-8844-8efe49d63ff3:192.168.30.19:46105] returns group-3C167CA2DADD:java.util.concurrent.CompletableFuture@7625616c[Not completed]
2019-10-03 05:49:33,507 [pool-47-thread-1] INFO  impl.RaftServerImpl (RaftServerImpl.java:<init>(95)) - e132bd7b-48f1-4f2b-8844-8efe49d63ff3: new RaftServerImpl for group-3C167CA2DADD:[e132bd7b-48f1-4f2b-8844-8efe49d63ff3:192.168.30.19:46105] with ContainerStateMachine:uninitialized
2019-10-03 05:49:33,507 [pool-47-thread-1] INFO  server.RaftServerConfigKeys (ConfUtils.java:logGet(43)) - raft.server.rpc.timeout.min = 5s (custom)
2019-10-03 05:49:33,508 [pool-47-thread-1] INFO  server.RaftServerConfigKeys (ConfUtils.java:logGet(43)) - raft.server.rpc.timeout.max = 5200ms (custom)
2019-10-03 05:49:33,508 [pool-47-thread-1] INFO  server.RaftServerConfigKeys (ConfUtils.java:logGet(43)) - raft.server.rpcslowness.timeout = 120s (custom)
2019-10-03 05:49:33,509 [pool-47-thread-1] INFO  server.RaftServerConfigKeys (ConfUtils.java:logGet(43)) - raft.server.sleep.deviation.threshold = 300 (default)
2019-10-03 05:49:33,510 [pool-47-thread-1] INFO  server.RaftServerConfigKeys (ConfUtils.java:logGet(43)) - raft.server.log.appender.install.snapshot.enabled = false (custom)
2019-10-03 05:49:33,510 [pool-47-thread-1] INFO  impl.RaftServerImpl (ServerState.java:<init>(103)) - e132bd7b-48f1-4f2b-8844-8efe49d63ff3@group-3C167CA2DADD: ConfigurationManager, init=-1: [e132bd7b-48f1-4f2b-8844-8efe49d63ff3:192.168.30.19:46105], old=null, confs=<EMPTY_MAP>
2019-10-03 05:49:33,510 [pool-47-thread-1] INFO  server.RaftServerConfigKeys (ConfUtils.java:logGet(43)) - raft.server.storage.dir = [/workdir/hadoop-ozone/integration-test/target/test-dir/MiniOzoneClusterImpl-864660b0-aed1-4907-bdd6-cc1949fc1881/datanode-2/data/ratis] (custom)
2019-10-03 05:49:33,511 [pool-47-thread-1] INFO  server.RaftServerConfigKeys (ConfUtils.java:logGet(43)) - raft.server.log.corruption.policy = EXCEPTION (default)
2019-10-03 05:49:33,511 [pool-47-thread-1] INFO  storage.RaftStorageDirectory (RaftStorageDirectory.java:analyzeStorage(246)) - The storage directory /workdir/hadoop-ozone/integration-test/target/test-dir/MiniOzoneClusterImpl-864660b0-aed1-4907-bdd6-cc1949fc1881/datanode-2/data/ratis/8486cfa3-d707-47f3-911c-3c167ca2dadd does not exist. Creating ...
2019-10-03 05:49:33,533 [pool-47-thread-1] INFO  storage.RaftStorageDirectory (RaftStorageDirectory.java:tryLock(328)) - Lock on /workdir/hadoop-ozone/integration-test/target/test-dir/MiniOzoneClusterImpl-864660b0-aed1-4907-bdd6-cc1949fc1881/datanode-2/data/ratis/8486cfa3-d707-47f3-911c-3c167ca2dadd/in_use.lock acquired by nodename 4526@trunk-nightly-20191003-5492k-4029359510
2019-10-03 05:49:33,559 [pool-47-thread-1] INFO  storage.RaftStorage (RaftStorage.java:format(84)) - Storage directory /workdir/hadoop-ozone/integration-test/target/test-dir/MiniOzoneClusterImpl-864660b0-aed1-4907-bdd6-cc1949fc1881/datanode-2/data/ratis/8486cfa3-d707-47f3-911c-3c167ca2dadd has been successfully formatted.
2019-10-03 05:49:33,559 [pool-47-thread-1] INFO  ratis.ContainerStateMachine (ContainerStateMachine.java:loadSnapshot(230)) - group-3C167CA2DADD: The snapshot info is null. Setting the last applied indexto:(t:0, i:~)
2019-10-03 05:49:33,559 [pool-47-thread-1] INFO  server.RaftServerConfigKeys (ConfUtils.java:logGet(43)) - raft.server.notification.no-leader.timeout = 120s (custom)
2019-10-03 05:49:33,560 [pool-47-thread-1] INFO  server.RaftServerConfigKeys (ConfUtils.java:logGet(43)) - raft.server.log.use.memory = false (default)
2019-10-03 05:49:33,560 [pool-47-thread-1] INFO  server.RaftServerConfigKeys (ConfUtils.java:logGet(43)) - raft.server.log.purge.gap = 1000000 (custom)
2019-10-03 05:49:33,560 [pool-47-thread-1] INFO  server.RaftServerConfigKeys (ConfUtils.java:logGet(43)) - raft.server.log.appender.buffer.byte-limit = 33554432 (custom)
2019-10-03 05:49:33,560 [pool-47-thread-1] INFO  server.RaftServerConfigKeys (ConfUtils.java:logGet(43)) - raft.server.log.segment.size.max = 1048576 (custom)
2019-10-03 05:49:33,563 [pool-47-thread-1] INFO  server.RaftServerConfigKeys (ConfUtils.java:logGet(43)) - raft.server.log.segment.cache.num.max = 2 (custom)
2019-10-03 05:49:33,563 [pool-47-thread-1] INFO  segmented.SegmentedRaftLogWorker (SegmentedRaftLogWorker.java:<init>(173)) - new e132bd7b-48f1-4f2b-8844-8efe49d63ff3@group-3C167CA2DADD-SegmentedRaftLogWorker for RaftStorage:Storage Directory /workdir/hadoop-ozone/integration-test/target/test-dir/MiniOzoneClusterImpl-864660b0-aed1-4907-bdd6-cc1949fc1881/datanode-2/data/ratis/8486cfa3-d707-47f3-911c-3c167ca2dadd
2019-10-03 05:49:33,564 [pool-47-thread-1] INFO  server.RaftServerConfigKeys (ConfUtils.java:logGet(43)) - raft.server.log.queue.byte-limit = 2147483647 (custom)
2019-10-03 05:49:33,564 [pool-47-thread-1] INFO  server.RaftServerConfigKeys (ConfUtils.java:logGet(43)) - raft.server.log.queue.element-limit = 1024 (custom)
2019-10-03 05:49:33,564 [pool-47-thread-1] INFO  server.RaftServerConfigKeys (ConfUtils.java:logGet(43)) - raft.server.log.segment.size.max = 1048576 (custom)
2019-10-03 05:49:33,564 [pool-47-thread-1] INFO  server.RaftServerConfigKeys (ConfUtils.java:logGet(43)) - raft.server.log.preallocated.size = 16384 (custom)
2019-10-03 05:49:33,564 [pool-47-thread-1] INFO  server.RaftServerConfigKeys (ConfUtils.java:logGet(43)) - raft.server.log.write.buffer.size = 33554432 (custom)
2019-10-03 05:49:33,565 [pool-47-thread-1] INFO  server.RaftServerConfigKeys (ConfUtils.java:logGet(43)) - raft.server.log.force.sync.num = 128 (default)
2019-10-03 05:49:33,565 [pool-47-thread-1] INFO  server.RaftServerConfigKeys (ConfUtils.java:logGet(43)) - raft.server.log.statemachine.data.sync = true (default)
2019-10-03 05:49:33,565 [pool-47-thread-1] INFO  server.RaftServerConfigKeys (ConfUtils.java:logGet(43)) - raft.server.log.statemachine.data.sync.timeout = 10s (default)
2019-10-03 05:49:33,565 [pool-47-thread-1] INFO  server.RaftServerConfigKeys (ConfUtils.java:logGet(43)) - raft.server.log.statemachine.data.sync.timeout.retry = -1 (default)
2019-10-03 05:49:33,566 [pool-47-thread-1] INFO  server.RaftServerConfigKeys (ConfUtils.java:logGet(43)) - raft.server.log.statemachine.data.caching.enabled = true (custom)
2019-10-03 05:49:33,566 [pool-47-thread-1] INFO  segmented.SegmentedRaftLogWorker (SegmentedRaftLogWorker.java:lambda$new$0(128)) - e132bd7b-48f1-4f2b-8844-8efe49d63ff3@group-3C167CA2DADD-SegmentedRaftLogWorker: flushIndex: setUnconditionally 0 -> -1
2019-10-03 05:49:33,567 [pool-47-thread-1] INFO  server.RaftServerConfigKeys (ConfUtils.java:logGet(43)) - raft.server.snapshot.auto.trigger.enabled = true (custom)
2019-10-03 05:49:33,567 [pool-47-thread-1] INFO  server.RaftServerConfigKeys (ConfUtils.java:logGet(43)) - raft.server.snapshot.auto.trigger.threshold = 10000 (custom)
2019-10-03 05:49:33,567 [pool-47-thread-1] INFO  server.RaftServerConfigKeys (ConfUtils.java:logGet(43)) - raft.server.snapshot.retention.file.num = 5 (custom)
2019-10-03 05:49:33,567 [pool-47-thread-1] INFO  server.RaftServerConfigKeys (ConfUtils.java:logGet(43)) - raft.server.retrycache.expirytime = 600000ms (custom)
2019-10-03 05:49:33,570 [pool-47-thread-1] INFO  impl.RaftServerImpl (RaftServerImpl.java:start(181)) - e132bd7b-48f1-4f2b-8844-8efe49d63ff3@group-3C167CA2DADD: start as a follower, conf=-1: [e132bd7b-48f1-4f2b-8844-8efe49d63ff3:192.168.30.19:46105], old=null
2019-10-03 05:49:33,570 [pool-47-thread-1] INFO  impl.RaftServerImpl (RaftServerImpl.java:setRole(170)) - e132bd7b-48f1-4f2b-8844-8efe49d63ff3@group-3C167CA2DADD: changes role from      null to FOLLOWER at term 0 for startAsFollower
2019-10-03 05:49:33,571 [pool-47-thread-1] INFO  impl.RoleInfo (RoleInfo.java:updateAndGet(143)) - e132bd7b-48f1-4f2b-8844-8efe49d63ff3: start FollowerState
2019-10-03 05:49:33,571 [pool-47-thread-1] INFO  util.JmxRegister (JmxRegister.java:tryRegister(44)) - Successfully registered JMX Bean with object name Ratis:service=RaftServer,group=group-3C167CA2DADD,id=e132bd7b-48f1-4f2b-8844-8efe49d63ff3
2019-10-03 05:49:33,587 [RatisPipelineUtilsThread] INFO  pipeline.PipelineStateManager (PipelineStateManager.java:addPipeline(56)) - Created pipeline Pipeline[ Id: 8486cfa3-d707-47f3-911c-3c167ca2dadd, Nodes: e132bd7b-48f1-4f2b-8844-8efe49d63ff3{ip: 192.168.30.19, host: trunk-nightly-20191003-5492k-4029359510, networkLocation: /default-rack, certSerialId: null}, Type:RATIS, Factor:ONE, State:OPEN]
2019-10-03 05:49:33,607 [grpc-default-executor-0] INFO  impl.RaftServerProxy (RaftServerProxy.java:addNew(89)) - 3c6c5713-93de-4a22-9ce0-742456d79eff: addNew group-B136EDF2754E:[3c6c5713-93de-4a22-9ce0-742456d79eff:192.168.30.19:37775] returns group-B136EDF2754E:java.util.concurrent.CompletableFuture@1e41553f[Not completed]
2019-10-03 05:49:33,610 [pool-37-thread-1] INFO  impl.RaftServerImpl (RaftServerImpl.java:<init>(95)) - 3c6c5713-93de-4a22-9ce0-742456d79eff: new RaftServerImpl for group-B136EDF2754E:[3c6c5713-93de-4a22-9ce0-742456d79eff:192.168.30.19:37775] with ContainerStateMachine:uninitialized
2019-10-03 05:49:33,611 [pool-37-thread-1] INFO  server.RaftServerConfigKeys (ConfUtils.java:logGet(43)) - raft.server.rpc.timeout.min = 5s (custom)
2019-10-03 05:49:33,611 [pool-37-thread-1] INFO  server.RaftServerConfigKeys (ConfUtils.java:logGet(43)) - raft.server.rpc.timeout.max = 5200ms (custom)
2019-10-03 05:49:33,611 [pool-37-thread-1] INFO  server.RaftServerConfigKeys (ConfUtils.java:logGet(43)) - raft.server.rpcslowness.timeout = 120s (custom)
2019-10-03 05:49:33,611 [pool-37-thread-1] INFO  server.RaftServerConfigKeys (ConfUtils.java:logGet(43)) - raft.server.sleep.deviation.threshold = 300 (default)
2019-10-03 05:49:33,611 [pool-37-thread-1] INFO  server.RaftServerConfigKeys (ConfUtils.java:logGet(43)) - raft.server.log.appender.install.snapshot.enabled = false (custom)
2019-10-03 05:49:33,612 [pool-37-thread-1] INFO  impl.RaftServerImpl (ServerState.java:<init>(103)) - 3c6c5713-93de-4a22-9ce0-742456d79eff@group-B136EDF2754E: ConfigurationManager, init=-1: [3c6c5713-93de-4a22-9ce0-742456d79eff:192.168.30.19:37775], old=null, confs=<EMPTY_MAP>
2019-10-03 05:49:33,612 [pool-37-thread-1] INFO  server.RaftServerConfigKeys (ConfUtils.java:logGet(43)) - raft.server.storage.dir = [/workdir/hadoop-ozone/integration-test/target/test-dir/MiniOzoneClusterImpl-864660b0-aed1-4907-bdd6-cc1949fc1881/datanode-1/data/ratis] (custom)
2019-10-03 05:49:33,612 [pool-37-thread-1] INFO  server.RaftServerConfigKeys (ConfUtils.java:logGet(43)) - raft.server.log.corruption.policy = EXCEPTION (default)
2019-10-03 05:49:33,613 [pool-37-thread-1] INFO  storage.RaftStorageDirectory (RaftStorageDirectory.java:analyzeStorage(246)) - The storage directory /workdir/hadoop-ozone/integration-test/target/test-dir/MiniOzoneClusterImpl-864660b0-aed1-4907-bdd6-cc1949fc1881/datanode-1/data/ratis/eebb37a7-ab62-46e5-b430-b136edf2754e does not exist. Creating ...
2019-10-03 05:49:33,642 [pool-37-thread-1] INFO  storage.RaftStorageDirectory (RaftStorageDirectory.java:tryLock(328)) - Lock on /workdir/hadoop-ozone/integration-test/target/test-dir/MiniOzoneClusterImpl-864660b0-aed1-4907-bdd6-cc1949fc1881/datanode-1/data/ratis/eebb37a7-ab62-46e5-b430-b136edf2754e/in_use.lock acquired by nodename 4526@trunk-nightly-20191003-5492k-4029359510
2019-10-03 05:49:33,668 [pool-37-thread-1] INFO  storage.RaftStorage (RaftStorage.java:format(84)) - Storage directory /workdir/hadoop-ozone/integration-test/target/test-dir/MiniOzoneClusterImpl-864660b0-aed1-4907-bdd6-cc1949fc1881/datanode-1/data/ratis/eebb37a7-ab62-46e5-b430-b136edf2754e has been successfully formatted.
2019-10-03 05:49:33,669 [pool-37-thread-1] INFO  ratis.ContainerStateMachine (ContainerStateMachine.java:loadSnapshot(230)) - group-B136EDF2754E: The snapshot info is null. Setting the last applied indexto:(t:0, i:~)
2019-10-03 05:49:33,669 [pool-37-thread-1] INFO  server.RaftServerConfigKeys (ConfUtils.java:logGet(43)) - raft.server.notification.no-leader.timeout = 120s (custom)
2019-10-03 05:49:33,669 [pool-37-thread-1] INFO  server.RaftServerConfigKeys (ConfUtils.java:logGet(43)) - raft.server.log.use.memory = false (default)
2019-10-03 05:49:33,669 [pool-37-thread-1] INFO  server.RaftServerConfigKeys (ConfUtils.java:logGet(43)) - raft.server.log.purge.gap = 1000000 (custom)
2019-10-03 05:49:33,670 [pool-37-thread-1] INFO  server.RaftServerConfigKeys (ConfUtils.java:logGet(43)) - raft.server.log.appender.buffer.byte-limit = 33554432 (custom)
2019-10-03 05:49:33,670 [pool-37-thread-1] INFO  server.RaftServerConfigKeys (ConfUtils.java:logGet(43)) - raft.server.log.segment.size.max = 1048576 (custom)
2019-10-03 05:49:33,675 [pool-37-thread-1] INFO  server.RaftServerConfigKeys (ConfUtils.java:logGet(43)) - raft.server.log.segment.cache.num.max = 2 (custom)
2019-10-03 05:49:33,675 [pool-37-thread-1] INFO  segmented.SegmentedRaftLogWorker (SegmentedRaftLogWorker.java:<init>(173)) - new 3c6c5713-93de-4a22-9ce0-742456d79eff@group-B136EDF2754E-SegmentedRaftLogWorker for RaftStorage:Storage Directory /workdir/hadoop-ozone/integration-test/target/test-dir/MiniOzoneClusterImpl-864660b0-aed1-4907-bdd6-cc1949fc1881/datanode-1/data/ratis/eebb37a7-ab62-46e5-b430-b136edf2754e
2019-10-03 05:49:33,675 [pool-37-thread-1] INFO  server.RaftServerConfigKeys (ConfUtils.java:logGet(43)) - raft.server.log.queue.byte-limit = 2147483647 (custom)
2019-10-03 05:49:33,675 [pool-37-thread-1] INFO  server.RaftServerConfigKeys (ConfUtils.java:logGet(43)) - raft.server.log.queue.element-limit = 1024 (custom)
2019-10-03 05:49:33,676 [pool-37-thread-1] INFO  server.RaftServerConfigKeys (ConfUtils.java:logGet(43)) - raft.server.log.segment.size.max = 1048576 (custom)
2019-10-03 05:49:33,676 [pool-37-thread-1] INFO  server.RaftServerConfigKeys (ConfUtils.java:logGet(43)) - raft.server.log.preallocated.size = 16384 (custom)
2019-10-03 05:49:33,676 [pool-37-thread-1] INFO  server.RaftServerConfigKeys (ConfUtils.java:logGet(43)) - raft.server.log.write.buffer.size = 33554432 (custom)
2019-10-03 05:49:33,676 [pool-37-thread-1] INFO  server.RaftServerConfigKeys (ConfUtils.java:logGet(43)) - raft.server.log.force.sync.num = 128 (default)
2019-10-03 05:49:33,676 [pool-37-thread-1] INFO  server.RaftServerConfigKeys (ConfUtils.java:logGet(43)) - raft.server.log.statemachine.data.sync = true (default)
2019-10-03 05:49:33,677 [pool-37-thread-1] INFO  server.RaftServerConfigKeys (ConfUtils.java:logGet(43)) - raft.server.log.statemachine.data.sync.timeout = 10s (default)
2019-10-03 05:49:33,677 [pool-37-thread-1] INFO  server.RaftServerConfigKeys (ConfUtils.java:logGet(43)) - raft.server.log.statemachine.data.sync.timeout.retry = -1 (default)
2019-10-03 05:49:33,678 [pool-37-thread-1] INFO  server.RaftServerConfigKeys (ConfUtils.java:logGet(43)) - raft.server.log.statemachine.data.caching.enabled = true (custom)
2019-10-03 05:49:33,678 [pool-37-thread-1] INFO  segmented.SegmentedRaftLogWorker (SegmentedRaftLogWorker.java:lambda$new$0(128)) - 3c6c5713-93de-4a22-9ce0-742456d79eff@group-B136EDF2754E-SegmentedRaftLogWorker: flushIndex: setUnconditionally 0 -> -1
2019-10-03 05:49:33,679 [pool-37-thread-1] INFO  server.RaftServerConfigKeys (ConfUtils.java:logGet(43)) - raft.server.snapshot.auto.trigger.enabled = true (custom)
2019-10-03 05:49:33,679 [pool-37-thread-1] INFO  server.RaftServerConfigKeys (ConfUtils.java:logGet(43)) - raft.server.snapshot.auto.trigger.threshold = 10000 (custom)
2019-10-03 05:49:33,679 [pool-37-thread-1] INFO  server.RaftServerConfigKeys (ConfUtils.java:logGet(43)) - raft.server.snapshot.retention.file.num = 5 (custom)
2019-10-03 05:49:33,680 [pool-37-thread-1] INFO  server.RaftServerConfigKeys (ConfUtils.java:logGet(43)) - raft.server.retrycache.expirytime = 600000ms (custom)
2019-10-03 05:49:33,683 [pool-37-thread-1] INFO  impl.RaftServerImpl (RaftServerImpl.java:start(181)) - 3c6c5713-93de-4a22-9ce0-742456d79eff@group-B136EDF2754E: start as a follower, conf=-1: [3c6c5713-93de-4a22-9ce0-742456d79eff:192.168.30.19:37775], old=null
2019-10-03 05:49:33,684 [pool-37-thread-1] INFO  impl.RaftServerImpl (RaftServerImpl.java:setRole(170)) - 3c6c5713-93de-4a22-9ce0-742456d79eff@group-B136EDF2754E: changes role from      null to FOLLOWER at term 0 for startAsFollower
2019-10-03 05:49:33,684 [pool-37-thread-1] INFO  impl.RoleInfo (RoleInfo.java:updateAndGet(143)) - 3c6c5713-93de-4a22-9ce0-742456d79eff: start FollowerState
2019-10-03 05:49:33,684 [pool-37-thread-1] INFO  util.JmxRegister (JmxRegister.java:tryRegister(44)) - Successfully registered JMX Bean with object name Ratis:service=RaftServer,group=group-B136EDF2754E,id=3c6c5713-93de-4a22-9ce0-742456d79eff
2019-10-03 05:49:33,709 [RatisPipelineUtilsThread] INFO  pipeline.PipelineStateManager (PipelineStateManager.java:addPipeline(56)) - Created pipeline Pipeline[ Id: eebb37a7-ab62-46e5-b430-b136edf2754e, Nodes: 3c6c5713-93de-4a22-9ce0-742456d79eff{ip: 192.168.30.19, host: trunk-nightly-20191003-5492k-4029359510, networkLocation: /default-rack, certSerialId: null}, Type:RATIS, Factor:ONE, State:OPEN]
2019-10-03 05:49:33,750 [grpc-default-executor-1] INFO  impl.RaftServerProxy (RaftServerProxy.java:addNew(89)) - 25df95fc-d168-4c4c-bc82-68d8d7d98e43: addNew group-3343B05F753D:[fdc6239b-1581-495f-aa0c-6ef093335d88:192.168.30.19:40162, aaa61f5b-6d33-454c-b5c1-ebc100bec0ba:192.168.30.19:38751, 25df95fc-d168-4c4c-bc82-68d8d7d98e43:192.168.30.19:43412] returns group-3343B05F753D:java.util.concurrent.CompletableFuture@4fc29a80[Not completed]
2019-10-03 05:49:33,750 [grpc-default-executor-2] INFO  impl.RaftServerProxy (RaftServerProxy.java:addNew(89)) - aaa61f5b-6d33-454c-b5c1-ebc100bec0ba: addNew group-3343B05F753D:[fdc6239b-1581-495f-aa0c-6ef093335d88:192.168.30.19:40162, aaa61f5b-6d33-454c-b5c1-ebc100bec0ba:192.168.30.19:38751, 25df95fc-d168-4c4c-bc82-68d8d7d98e43:192.168.30.19:43412] returns group-3343B05F753D:java.util.concurrent.CompletableFuture@5b6bef96[Not completed]
2019-10-03 05:49:33,752 [grpc-default-executor-0] INFO  impl.RaftServerProxy (RaftServerProxy.java:addNew(89)) - fdc6239b-1581-495f-aa0c-6ef093335d88: addNew group-3343B05F753D:[fdc6239b-1581-495f-aa0c-6ef093335d88:192.168.30.19:40162, aaa61f5b-6d33-454c-b5c1-ebc100bec0ba:192.168.30.19:38751, 25df95fc-d168-4c4c-bc82-68d8d7d98e43:192.168.30.19:43412] returns group-3343B05F753D:java.util.concurrent.CompletableFuture@35040bcd[Not completed]
2019-10-03 05:49:33,753 [pool-57-thread-1] INFO  impl.RaftServerImpl (RaftServerImpl.java:<init>(95)) - 25df95fc-d168-4c4c-bc82-68d8d7d98e43: new RaftServerImpl for group-3343B05F753D:[fdc6239b-1581-495f-aa0c-6ef093335d88:192.168.30.19:40162, aaa61f5b-6d33-454c-b5c1-ebc100bec0ba:192.168.30.19:38751, 25df95fc-d168-4c4c-bc82-68d8d7d98e43:192.168.30.19:43412] with ContainerStateMachine:uninitialized
2019-10-03 05:49:33,754 [pool-57-thread-1] INFO  server.RaftServerConfigKeys (ConfUtils.java:logGet(43)) - raft.server.rpc.timeout.min = 5s (custom)
2019-10-03 05:49:33,754 [pool-57-thread-1] INFO  server.RaftServerConfigKeys (ConfUtils.java:logGet(43)) - raft.server.rpc.timeout.max = 5200ms (custom)
2019-10-03 05:49:33,754 [pool-57-thread-1] INFO  server.RaftServerConfigKeys (ConfUtils.java:logGet(43)) - raft.server.rpcslowness.timeout = 120s (custom)
2019-10-03 05:49:33,754 [pool-57-thread-1] INFO  server.RaftServerConfigKeys (ConfUtils.java:logGet(43)) - raft.server.sleep.deviation.threshold = 300 (default)
2019-10-03 05:49:33,754 [pool-77-thread-1] INFO  impl.RaftServerImpl (RaftServerImpl.java:<init>(95)) - fdc6239b-1581-495f-aa0c-6ef093335d88: new RaftServerImpl for group-3343B05F753D:[fdc6239b-1581-495f-aa0c-6ef093335d88:192.168.30.19:40162, aaa61f5b-6d33-454c-b5c1-ebc100bec0ba:192.168.30.19:38751, 25df95fc-d168-4c4c-bc82-68d8d7d98e43:192.168.30.19:43412] with ContainerStateMachine:uninitialized
2019-10-03 05:49:33,754 [pool-57-thread-1] INFO  server.RaftServerConfigKeys (ConfUtils.java:logGet(43)) - raft.server.log.appender.install.snapshot.enabled = false (custom)
2019-10-03 05:49:33,754 [pool-77-thread-1] INFO  server.RaftServerConfigKeys (ConfUtils.java:logGet(43)) - raft.server.rpc.timeout.min = 5s (custom)
2019-10-03 05:49:33,754 [pool-57-thread-1] INFO  impl.RaftServerImpl (ServerState.java:<init>(103)) - 25df95fc-d168-4c4c-bc82-68d8d7d98e43@group-3343B05F753D: ConfigurationManager, init=-1: [fdc6239b-1581-495f-aa0c-6ef093335d88:192.168.30.19:40162, aaa61f5b-6d33-454c-b5c1-ebc100bec0ba:192.168.30.19:38751, 25df95fc-d168-4c4c-bc82-68d8d7d98e43:192.168.30.19:43412], old=null, confs=<EMPTY_MAP>
2019-10-03 05:49:33,754 [pool-77-thread-1] INFO  server.RaftServerConfigKeys (ConfUtils.java:logGet(43)) - raft.server.rpc.timeout.max = 5200ms (custom)
2019-10-03 05:49:33,755 [pool-77-thread-1] INFO  server.RaftServerConfigKeys (ConfUtils.java:logGet(43)) - raft.server.rpcslowness.timeout = 120s (custom)
2019-10-03 05:49:33,755 [pool-57-thread-1] INFO  server.RaftServerConfigKeys (ConfUtils.java:logGet(43)) - raft.server.storage.dir = [/workdir/hadoop-ozone/integration-test/target/test-dir/MiniOzoneClusterImpl-864660b0-aed1-4907-bdd6-cc1949fc1881/datanode-3/data/ratis] (custom)
2019-10-03 05:49:33,755 [pool-77-thread-1] INFO  server.RaftServerConfigKeys (ConfUtils.java:logGet(43)) - raft.server.sleep.deviation.threshold = 300 (default)
2019-10-03 05:49:33,755 [pool-77-thread-1] INFO  server.RaftServerConfigKeys (ConfUtils.java:logGet(43)) - raft.server.log.appender.install.snapshot.enabled = false (custom)
2019-10-03 05:49:33,755 [pool-77-thread-1] INFO  impl.RaftServerImpl (ServerState.java:<init>(103)) - fdc6239b-1581-495f-aa0c-6ef093335d88@group-3343B05F753D: ConfigurationManager, init=-1: [fdc6239b-1581-495f-aa0c-6ef093335d88:192.168.30.19:40162, aaa61f5b-6d33-454c-b5c1-ebc100bec0ba:192.168.30.19:38751, 25df95fc-d168-4c4c-bc82-68d8d7d98e43:192.168.30.19:43412], old=null, confs=<EMPTY_MAP>
2019-10-03 05:49:33,755 [pool-57-thread-1] INFO  server.RaftServerConfigKeys (ConfUtils.java:logGet(43)) - raft.server.log.corruption.policy = EXCEPTION (default)
2019-10-03 05:49:33,755 [pool-77-thread-1] INFO  server.RaftServerConfigKeys (ConfUtils.java:logGet(43)) - raft.server.storage.dir = [/workdir/hadoop-ozone/integration-test/target/test-dir/MiniOzoneClusterImpl-864660b0-aed1-4907-bdd6-cc1949fc1881/datanode-5/data/ratis] (custom)
2019-10-03 05:49:33,755 [pool-57-thread-1] INFO  storage.RaftStorageDirectory (RaftStorageDirectory.java:analyzeStorage(246)) - The storage directory /workdir/hadoop-ozone/integration-test/target/test-dir/MiniOzoneClusterImpl-864660b0-aed1-4907-bdd6-cc1949fc1881/datanode-3/data/ratis/b9ea2d45-22a3-4a9b-b2e3-3343b05f753d does not exist. Creating ...
2019-10-03 05:49:33,755 [pool-77-thread-1] INFO  server.RaftServerConfigKeys (ConfUtils.java:logGet(43)) - raft.server.log.corruption.policy = EXCEPTION (default)
2019-10-03 05:49:33,755 [pool-87-thread-1] INFO  impl.RaftServerImpl (RaftServerImpl.java:<init>(95)) - aaa61f5b-6d33-454c-b5c1-ebc100bec0ba: new RaftServerImpl for group-3343B05F753D:[fdc6239b-1581-495f-aa0c-6ef093335d88:192.168.30.19:40162, aaa61f5b-6d33-454c-b5c1-ebc100bec0ba:192.168.30.19:38751, 25df95fc-d168-4c4c-bc82-68d8d7d98e43:192.168.30.19:43412] with ContainerStateMachine:uninitialized
2019-10-03 05:49:33,756 [pool-77-thread-1] INFO  storage.RaftStorageDirectory (RaftStorageDirectory.java:analyzeStorage(246)) - The storage directory /workdir/hadoop-ozone/integration-test/target/test-dir/MiniOzoneClusterImpl-864660b0-aed1-4907-bdd6-cc1949fc1881/datanode-5/data/ratis/b9ea2d45-22a3-4a9b-b2e3-3343b05f753d does not exist. Creating ...
2019-10-03 05:49:33,756 [pool-87-thread-1] INFO  server.RaftServerConfigKeys (ConfUtils.java:logGet(43)) - raft.server.rpc.timeout.min = 5s (custom)
2019-10-03 05:49:33,756 [pool-87-thread-1] INFO  server.RaftServerConfigKeys (ConfUtils.java:logGet(43)) - raft.server.rpc.timeout.max = 5200ms (custom)
2019-10-03 05:49:33,756 [pool-87-thread-1] INFO  server.RaftServerConfigKeys (ConfUtils.java:logGet(43)) - raft.server.rpcslowness.timeout = 120s (custom)
2019-10-03 05:49:33,756 [pool-87-thread-1] INFO  server.RaftServerConfigKeys (ConfUtils.java:logGet(43)) - raft.server.sleep.deviation.threshold = 300 (default)
2019-10-03 05:49:33,756 [pool-87-thread-1] INFO  server.RaftServerConfigKeys (ConfUtils.java:logGet(43)) - raft.server.log.appender.install.snapshot.enabled = false (custom)
2019-10-03 05:49:33,757 [pool-87-thread-1] INFO  impl.RaftServerImpl (ServerState.java:<init>(103)) - aaa61f5b-6d33-454c-b5c1-ebc100bec0ba@group-3343B05F753D: ConfigurationManager, init=-1: [fdc6239b-1581-495f-aa0c-6ef093335d88:192.168.30.19:40162, aaa61f5b-6d33-454c-b5c1-ebc100bec0ba:192.168.30.19:38751, 25df95fc-d168-4c4c-bc82-68d8d7d98e43:192.168.30.19:43412], old=null, confs=<EMPTY_MAP>
2019-10-03 05:49:33,757 [pool-87-thread-1] INFO  server.RaftServerConfigKeys (ConfUtils.java:logGet(43)) - raft.server.storage.dir = [/workdir/hadoop-ozone/integration-test/target/test-dir/MiniOzoneClusterImpl-864660b0-aed1-4907-bdd6-cc1949fc1881/datanode-6/data/ratis] (custom)
2019-10-03 05:49:33,757 [pool-87-thread-1] INFO  server.RaftServerConfigKeys (ConfUtils.java:logGet(43)) - raft.server.log.corruption.policy = EXCEPTION (default)
2019-10-03 05:49:33,757 [pool-87-thread-1] INFO  storage.RaftStorageDirectory (RaftStorageDirectory.java:analyzeStorage(246)) - The storage directory /workdir/hadoop-ozone/integration-test/target/test-dir/MiniOzoneClusterImpl-864660b0-aed1-4907-bdd6-cc1949fc1881/datanode-6/data/ratis/b9ea2d45-22a3-4a9b-b2e3-3343b05f753d does not exist. Creating ...
2019-10-03 05:49:33,785 [pool-57-thread-1] INFO  storage.RaftStorageDirectory (RaftStorageDirectory.java:tryLock(328)) - Lock on /workdir/hadoop-ozone/integration-test/target/test-dir/MiniOzoneClusterImpl-864660b0-aed1-4907-bdd6-cc1949fc1881/datanode-3/data/ratis/b9ea2d45-22a3-4a9b-b2e3-3343b05f753d/in_use.lock acquired by nodename 4526@trunk-nightly-20191003-5492k-4029359510
2019-10-03 05:49:33,785 [pool-77-thread-1] INFO  storage.RaftStorageDirectory (RaftStorageDirectory.java:tryLock(328)) - Lock on /workdir/hadoop-ozone/integration-test/target/test-dir/MiniOzoneClusterImpl-864660b0-aed1-4907-bdd6-cc1949fc1881/datanode-5/data/ratis/b9ea2d45-22a3-4a9b-b2e3-3343b05f753d/in_use.lock acquired by nodename 4526@trunk-nightly-20191003-5492k-4029359510
2019-10-03 05:49:33,785 [pool-87-thread-1] INFO  storage.RaftStorageDirectory (RaftStorageDirectory.java:tryLock(328)) - Lock on /workdir/hadoop-ozone/integration-test/target/test-dir/MiniOzoneClusterImpl-864660b0-aed1-4907-bdd6-cc1949fc1881/datanode-6/data/ratis/b9ea2d45-22a3-4a9b-b2e3-3343b05f753d/in_use.lock acquired by nodename 4526@trunk-nightly-20191003-5492k-4029359510
2019-10-03 05:49:33,811 [pool-87-thread-1] INFO  storage.RaftStorage (RaftStorage.java:format(84)) - Storage directory /workdir/hadoop-ozone/integration-test/target/test-dir/MiniOzoneClusterImpl-864660b0-aed1-4907-bdd6-cc1949fc1881/datanode-6/data/ratis/b9ea2d45-22a3-4a9b-b2e3-3343b05f753d has been successfully formatted.
2019-10-03 05:49:33,811 [pool-77-thread-1] INFO  storage.RaftStorage (RaftStorage.java:format(84)) - Storage directory /workdir/hadoop-ozone/integration-test/target/test-dir/MiniOzoneClusterImpl-864660b0-aed1-4907-bdd6-cc1949fc1881/datanode-5/data/ratis/b9ea2d45-22a3-4a9b-b2e3-3343b05f753d has been successfully formatted.
2019-10-03 05:49:33,811 [pool-57-thread-1] INFO  storage.RaftStorage (RaftStorage.java:format(84)) - Storage directory /workdir/hadoop-ozone/integration-test/target/test-dir/MiniOzoneClusterImpl-864660b0-aed1-4907-bdd6-cc1949fc1881/datanode-3/data/ratis/b9ea2d45-22a3-4a9b-b2e3-3343b05f753d has been successfully formatted.
2019-10-03 05:49:33,811 [pool-87-thread-1] INFO  ratis.ContainerStateMachine (ContainerStateMachine.java:loadSnapshot(230)) - group-3343B05F753D: The snapshot info is null. Setting the last applied indexto:(t:0, i:~)
2019-10-03 05:49:33,812 [pool-57-thread-1] INFO  ratis.ContainerStateMachine (ContainerStateMachine.java:loadSnapshot(230)) - group-3343B05F753D: The snapshot info is null. Setting the last applied indexto:(t:0, i:~)
2019-10-03 05:49:33,812 [pool-87-thread-1] INFO  server.RaftServerConfigKeys (ConfUtils.java:logGet(43)) - raft.server.notification.no-leader.timeout = 120s (custom)
2019-10-03 05:49:33,812 [pool-77-thread-1] INFO  ratis.ContainerStateMachine (ContainerStateMachine.java:loadSnapshot(230)) - group-3343B05F753D: The snapshot info is null. Setting the last applied indexto:(t:0, i:~)
2019-10-03 05:49:33,812 [pool-87-thread-1] INFO  server.RaftServerConfigKeys (ConfUtils.java:logGet(43)) - raft.server.log.use.memory = false (default)
2019-10-03 05:49:33,812 [pool-57-thread-1] INFO  server.RaftServerConfigKeys (ConfUtils.java:logGet(43)) - raft.server.notification.no-leader.timeout = 120s (custom)
2019-10-03 05:49:33,812 [pool-77-thread-1] INFO  server.RaftServerConfigKeys (ConfUtils.java:logGet(43)) - raft.server.notification.no-leader.timeout = 120s (custom)
2019-10-03 05:49:33,812 [pool-87-thread-1] INFO  server.RaftServerConfigKeys (ConfUtils.java:logGet(43)) - raft.server.log.purge.gap = 1000000 (custom)
2019-10-03 05:49:33,812 [pool-77-thread-1] INFO  server.RaftServerConfigKeys (ConfUtils.java:logGet(43)) - raft.server.log.use.memory = false (default)
2019-10-03 05:49:33,812 [pool-57-thread-1] INFO  server.RaftServerConfigKeys (ConfUtils.java:logGet(43)) - raft.server.log.use.memory = false (default)
2019-10-03 05:49:33,813 [pool-77-thread-1] INFO  server.RaftServerConfigKeys (ConfUtils.java:logGet(43)) - raft.server.log.purge.gap = 1000000 (custom)
2019-10-03 05:49:33,813 [pool-87-thread-1] INFO  server.RaftServerConfigKeys (ConfUtils.java:logGet(43)) - raft.server.log.appender.buffer.byte-limit = 33554432 (custom)
2019-10-03 05:49:33,813 [pool-77-thread-1] INFO  server.RaftServerConfigKeys (ConfUtils.java:logGet(43)) - raft.server.log.appender.buffer.byte-limit = 33554432 (custom)
2019-10-03 05:49:33,813 [pool-57-thread-1] INFO  server.RaftServerConfigKeys (ConfUtils.java:logGet(43)) - raft.server.log.purge.gap = 1000000 (custom)
2019-10-03 05:49:33,813 [pool-77-thread-1] INFO  server.RaftServerConfigKeys (ConfUtils.java:logGet(43)) - raft.server.log.segment.size.max = 1048576 (custom)
2019-10-03 05:49:33,813 [pool-87-thread-1] INFO  server.RaftServerConfigKeys (ConfUtils.java:logGet(43)) - raft.server.log.segment.size.max = 1048576 (custom)
2019-10-03 05:49:33,813 [pool-57-thread-1] INFO  server.RaftServerConfigKeys (ConfUtils.java:logGet(43)) - raft.server.log.appender.buffer.byte-limit = 33554432 (custom)
2019-10-03 05:49:33,814 [pool-77-thread-1] INFO  server.RaftServerConfigKeys (ConfUtils.java:logGet(43)) - raft.server.log.segment.cache.num.max = 2 (custom)
2019-10-03 05:49:33,814 [pool-87-thread-1] INFO  server.RaftServerConfigKeys (ConfUtils.java:logGet(43)) - raft.server.log.segment.cache.num.max = 2 (custom)
2019-10-03 05:49:33,814 [pool-77-thread-1] INFO  segmented.SegmentedRaftLogWorker (SegmentedRaftLogWorker.java:<init>(173)) - new fdc6239b-1581-495f-aa0c-6ef093335d88@group-3343B05F753D-SegmentedRaftLogWorker for RaftStorage:Storage Directory /workdir/hadoop-ozone/integration-test/target/test-dir/MiniOzoneClusterImpl-864660b0-aed1-4907-bdd6-cc1949fc1881/datanode-5/data/ratis/b9ea2d45-22a3-4a9b-b2e3-3343b05f753d
2019-10-03 05:49:33,814 [pool-57-thread-1] INFO  server.RaftServerConfigKeys (ConfUtils.java:logGet(43)) - raft.server.log.segment.size.max = 1048576 (custom)
2019-10-03 05:49:33,814 [pool-77-thread-1] INFO  server.RaftServerConfigKeys (ConfUtils.java:logGet(43)) - raft.server.log.queue.byte-limit = 2147483647 (custom)
2019-10-03 05:49:33,814 [pool-87-thread-1] INFO  segmented.SegmentedRaftLogWorker (SegmentedRaftLogWorker.java:<init>(173)) - new aaa61f5b-6d33-454c-b5c1-ebc100bec0ba@group-3343B05F753D-SegmentedRaftLogWorker for RaftStorage:Storage Directory /workdir/hadoop-ozone/integration-test/target/test-dir/MiniOzoneClusterImpl-864660b0-aed1-4907-bdd6-cc1949fc1881/datanode-6/data/ratis/b9ea2d45-22a3-4a9b-b2e3-3343b05f753d
2019-10-03 05:49:33,815 [pool-77-thread-1] INFO  server.RaftServerConfigKeys (ConfUtils.java:logGet(43)) - raft.server.log.queue.element-limit = 1024 (custom)
2019-10-03 05:49:33,814 [pool-57-thread-1] INFO  server.RaftServerConfigKeys (ConfUtils.java:logGet(43)) - raft.server.log.segment.cache.num.max = 2 (custom)
2019-10-03 05:49:33,815 [pool-77-thread-1] INFO  server.RaftServerConfigKeys (ConfUtils.java:logGet(43)) - raft.server.log.segment.size.max = 1048576 (custom)
2019-10-03 05:49:33,815 [pool-87-thread-1] INFO  server.RaftServerConfigKeys (ConfUtils.java:logGet(43)) - raft.server.log.queue.byte-limit = 2147483647 (custom)
2019-10-03 05:49:33,815 [pool-77-thread-1] INFO  server.RaftServerConfigKeys (ConfUtils.java:logGet(43)) - raft.server.log.preallocated.size = 16384 (custom)
2019-10-03 05:49:33,815 [pool-57-thread-1] INFO  segmented.SegmentedRaftLogWorker (SegmentedRaftLogWorker.java:<init>(173)) - new 25df95fc-d168-4c4c-bc82-68d8d7d98e43@group-3343B05F753D-SegmentedRaftLogWorker for RaftStorage:Storage Directory /workdir/hadoop-ozone/integration-test/target/test-dir/MiniOzoneClusterImpl-864660b0-aed1-4907-bdd6-cc1949fc1881/datanode-3/data/ratis/b9ea2d45-22a3-4a9b-b2e3-3343b05f753d
2019-10-03 05:49:33,816 [pool-77-thread-1] INFO  server.RaftServerConfigKeys (ConfUtils.java:logGet(43)) - raft.server.log.write.buffer.size = 33554432 (custom)
2019-10-03 05:49:33,815 [pool-87-thread-1] INFO  server.RaftServerConfigKeys (ConfUtils.java:logGet(43)) - raft.server.log.queue.element-limit = 1024 (custom)
2019-10-03 05:49:33,816 [pool-77-thread-1] INFO  server.RaftServerConfigKeys (ConfUtils.java:logGet(43)) - raft.server.log.force.sync.num = 128 (default)
2019-10-03 05:49:33,816 [pool-57-thread-1] INFO  server.RaftServerConfigKeys (ConfUtils.java:logGet(43)) - raft.server.log.queue.byte-limit = 2147483647 (custom)
2019-10-03 05:49:33,816 [pool-77-thread-1] INFO  server.RaftServerConfigKeys (ConfUtils.java:logGet(43)) - raft.server.log.statemachine.data.sync = true (default)
2019-10-03 05:49:33,816 [pool-87-thread-1] INFO  server.RaftServerConfigKeys (ConfUtils.java:logGet(43)) - raft.server.log.segment.size.max = 1048576 (custom)
2019-10-03 05:49:33,824 [pool-77-thread-1] INFO  server.RaftServerConfigKeys (ConfUtils.java:logGet(43)) - raft.server.log.statemachine.data.sync.timeout = 10s (default)
2019-10-03 05:49:33,816 [pool-57-thread-1] INFO  server.RaftServerConfigKeys (ConfUtils.java:logGet(43)) - raft.server.log.queue.element-limit = 1024 (custom)
2019-10-03 05:49:33,825 [pool-77-thread-1] INFO  server.RaftServerConfigKeys (ConfUtils.java:logGet(43)) - raft.server.log.statemachine.data.sync.timeout.retry = -1 (default)
2019-10-03 05:49:33,824 [pool-87-thread-1] INFO  server.RaftServerConfigKeys (ConfUtils.java:logGet(43)) - raft.server.log.preallocated.size = 16384 (custom)
2019-10-03 05:49:33,825 [pool-77-thread-1] INFO  server.RaftServerConfigKeys (ConfUtils.java:logGet(43)) - raft.server.log.statemachine.data.caching.enabled = true (custom)
2019-10-03 05:49:33,825 [pool-87-thread-1] INFO  server.RaftServerConfigKeys (ConfUtils.java:logGet(43)) - raft.server.log.write.buffer.size = 33554432 (custom)
2019-10-03 05:49:33,825 [pool-57-thread-1] INFO  server.RaftServerConfigKeys (ConfUtils.java:logGet(43)) - raft.server.log.segment.size.max = 1048576 (custom)
2019-10-03 05:49:33,825 [pool-87-thread-1] INFO  server.RaftServerConfigKeys (ConfUtils.java:logGet(43)) - raft.server.log.force.sync.num = 128 (default)
2019-10-03 05:49:33,826 [pool-77-thread-1] INFO  segmented.SegmentedRaftLogWorker (SegmentedRaftLogWorker.java:lambda$new$0(128)) - fdc6239b-1581-495f-aa0c-6ef093335d88@group-3343B05F753D-SegmentedRaftLogWorker: flushIndex: setUnconditionally 0 -> -1
2019-10-03 05:49:33,826 [pool-57-thread-1] INFO  server.RaftServerConfigKeys (ConfUtils.java:logGet(43)) - raft.server.log.preallocated.size = 16384 (custom)
2019-10-03 05:49:33,826 [pool-87-thread-1] INFO  server.RaftServerConfigKeys (ConfUtils.java:logGet(43)) - raft.server.log.statemachine.data.sync = true (default)
2019-10-03 05:49:33,826 [pool-77-thread-1] INFO  server.RaftServerConfigKeys (ConfUtils.java:logGet(43)) - raft.server.snapshot.auto.trigger.enabled = true (custom)
2019-10-03 05:49:33,826 [pool-57-thread-1] INFO  server.RaftServerConfigKeys (ConfUtils.java:logGet(43)) - raft.server.log.write.buffer.size = 33554432 (custom)
2019-10-03 05:49:33,827 [pool-77-thread-1] INFO  server.RaftServerConfigKeys (ConfUtils.java:logGet(43)) - raft.server.snapshot.auto.trigger.threshold = 10000 (custom)
2019-10-03 05:49:33,826 [pool-87-thread-1] INFO  server.RaftServerConfigKeys (ConfUtils.java:logGet(43)) - raft.server.log.statemachine.data.sync.timeout = 10s (default)
2019-10-03 05:49:33,828 [pool-77-thread-1] INFO  server.RaftServerConfigKeys (ConfUtils.java:logGet(43)) - raft.server.snapshot.retention.file.num = 5 (custom)
2019-10-03 05:49:33,828 [pool-57-thread-1] INFO  server.RaftServerConfigKeys (ConfUtils.java:logGet(43)) - raft.server.log.force.sync.num = 128 (default)
2019-10-03 05:49:33,829 [pool-87-thread-1] INFO  server.RaftServerConfigKeys (ConfUtils.java:logGet(43)) - raft.server.log.statemachine.data.sync.timeout.retry = -1 (default)
2019-10-03 05:49:33,829 [pool-77-thread-1] INFO  server.RaftServerConfigKeys (ConfUtils.java:logGet(43)) - raft.server.retrycache.expirytime = 600000ms (custom)
2019-10-03 05:49:33,829 [pool-57-thread-1] INFO  server.RaftServerConfigKeys (ConfUtils.java:logGet(43)) - raft.server.log.statemachine.data.sync = true (default)
2019-10-03 05:49:33,830 [pool-87-thread-1] INFO  server.RaftServerConfigKeys (ConfUtils.java:logGet(43)) - raft.server.log.statemachine.data.caching.enabled = true (custom)
2019-10-03 05:49:33,830 [pool-57-thread-1] INFO  server.RaftServerConfigKeys (ConfUtils.java:logGet(43)) - raft.server.log.statemachine.data.sync.timeout = 10s (default)
2019-10-03 05:49:33,830 [pool-57-thread-1] INFO  server.RaftServerConfigKeys (ConfUtils.java:logGet(43)) - raft.server.log.statemachine.data.sync.timeout.retry = -1 (default)
2019-10-03 05:49:33,830 [pool-57-thread-1] INFO  server.RaftServerConfigKeys (ConfUtils.java:logGet(43)) - raft.server.log.statemachine.data.caching.enabled = true (custom)
2019-10-03 05:49:33,830 [pool-87-thread-1] INFO  segmented.SegmentedRaftLogWorker (SegmentedRaftLogWorker.java:lambda$new$0(128)) - aaa61f5b-6d33-454c-b5c1-ebc100bec0ba@group-3343B05F753D-SegmentedRaftLogWorker: flushIndex: setUnconditionally 0 -> -1
2019-10-03 05:49:33,830 [pool-57-thread-1] INFO  segmented.SegmentedRaftLogWorker (SegmentedRaftLogWorker.java:lambda$new$0(128)) - 25df95fc-d168-4c4c-bc82-68d8d7d98e43@group-3343B05F753D-SegmentedRaftLogWorker: flushIndex: setUnconditionally 0 -> -1
2019-10-03 05:49:33,831 [pool-87-thread-1] INFO  server.RaftServerConfigKeys (ConfUtils.java:logGet(43)) - raft.server.snapshot.auto.trigger.enabled = true (custom)
2019-10-03 05:49:33,831 [pool-57-thread-1] INFO  server.RaftServerConfigKeys (ConfUtils.java:logGet(43)) - raft.server.snapshot.auto.trigger.enabled = true (custom)
2019-10-03 05:49:33,831 [pool-87-thread-1] INFO  server.RaftServerConfigKeys (ConfUtils.java:logGet(43)) - raft.server.snapshot.auto.trigger.threshold = 10000 (custom)
2019-10-03 05:49:33,831 [pool-57-thread-1] INFO  server.RaftServerConfigKeys (ConfUtils.java:logGet(43)) - raft.server.snapshot.auto.trigger.threshold = 10000 (custom)
2019-10-03 05:49:33,831 [pool-87-thread-1] INFO  server.RaftServerConfigKeys (ConfUtils.java:logGet(43)) - raft.server.snapshot.retention.file.num = 5 (custom)
2019-10-03 05:49:33,831 [pool-57-thread-1] INFO  server.RaftServerConfigKeys (ConfUtils.java:logGet(43)) - raft.server.snapshot.retention.file.num = 5 (custom)
2019-10-03 05:49:33,834 [pool-87-thread-1] INFO  server.RaftServerConfigKeys (ConfUtils.java:logGet(43)) - raft.server.retrycache.expirytime = 600000ms (custom)
2019-10-03 05:49:33,834 [pool-57-thread-1] INFO  server.RaftServerConfigKeys (ConfUtils.java:logGet(43)) - raft.server.retrycache.expirytime = 600000ms (custom)
2019-10-03 05:49:33,836 [pool-77-thread-1] INFO  impl.RaftServerImpl (RaftServerImpl.java:start(181)) - fdc6239b-1581-495f-aa0c-6ef093335d88@group-3343B05F753D: start as a follower, conf=-1: [fdc6239b-1581-495f-aa0c-6ef093335d88:192.168.30.19:40162, aaa61f5b-6d33-454c-b5c1-ebc100bec0ba:192.168.30.19:38751, 25df95fc-d168-4c4c-bc82-68d8d7d98e43:192.168.30.19:43412], old=null
2019-10-03 05:49:33,837 [pool-77-thread-1] INFO  impl.RaftServerImpl (RaftServerImpl.java:setRole(170)) - fdc6239b-1581-495f-aa0c-6ef093335d88@group-3343B05F753D: changes role from      null to FOLLOWER at term 0 for startAsFollower
2019-10-03 05:49:33,837 [pool-77-thread-1] INFO  impl.RoleInfo (RoleInfo.java:updateAndGet(143)) - fdc6239b-1581-495f-aa0c-6ef093335d88: start FollowerState
2019-10-03 05:49:33,837 [pool-77-thread-1] INFO  util.JmxRegister (JmxRegister.java:tryRegister(44)) - Successfully registered JMX Bean with object name Ratis:service=RaftServer,group=group-3343B05F753D,id=fdc6239b-1581-495f-aa0c-6ef093335d88
2019-10-03 05:49:33,838 [pool-57-thread-1] INFO  impl.RaftServerImpl (RaftServerImpl.java:start(181)) - 25df95fc-d168-4c4c-bc82-68d8d7d98e43@group-3343B05F753D: start as a follower, conf=-1: [fdc6239b-1581-495f-aa0c-6ef093335d88:192.168.30.19:40162, aaa61f5b-6d33-454c-b5c1-ebc100bec0ba:192.168.30.19:38751, 25df95fc-d168-4c4c-bc82-68d8d7d98e43:192.168.30.19:43412], old=null
2019-10-03 05:49:33,838 [pool-57-thread-1] INFO  impl.RaftServerImpl (RaftServerImpl.java:setRole(170)) - 25df95fc-d168-4c4c-bc82-68d8d7d98e43@group-3343B05F753D: changes role from      null to FOLLOWER at term 0 for startAsFollower
2019-10-03 05:49:33,838 [pool-57-thread-1] INFO  impl.RoleInfo (RoleInfo.java:updateAndGet(143)) - 25df95fc-d168-4c4c-bc82-68d8d7d98e43: start FollowerState
2019-10-03 05:49:33,839 [pool-57-thread-1] INFO  util.JmxRegister (JmxRegister.java:tryRegister(44)) - Successfully registered JMX Bean with object name Ratis:service=RaftServer,group=group-3343B05F753D,id=25df95fc-d168-4c4c-bc82-68d8d7d98e43
2019-10-03 05:49:33,839 [pool-87-thread-1] INFO  impl.RaftServerImpl (RaftServerImpl.java:start(181)) - aaa61f5b-6d33-454c-b5c1-ebc100bec0ba@group-3343B05F753D: start as a follower, conf=-1: [fdc6239b-1581-495f-aa0c-6ef093335d88:192.168.30.19:40162, aaa61f5b-6d33-454c-b5c1-ebc100bec0ba:192.168.30.19:38751, 25df95fc-d168-4c4c-bc82-68d8d7d98e43:192.168.30.19:43412], old=null
2019-10-03 05:49:33,839 [pool-87-thread-1] INFO  impl.RaftServerImpl (RaftServerImpl.java:setRole(170)) - aaa61f5b-6d33-454c-b5c1-ebc100bec0ba@group-3343B05F753D: changes role from      null to FOLLOWER at term 0 for startAsFollower
2019-10-03 05:49:33,839 [pool-87-thread-1] INFO  impl.RoleInfo (RoleInfo.java:updateAndGet(143)) - aaa61f5b-6d33-454c-b5c1-ebc100bec0ba: start FollowerState
2019-10-03 05:49:33,840 [pool-87-thread-1] INFO  util.JmxRegister (JmxRegister.java:tryRegister(44)) - Successfully registered JMX Bean with object name Ratis:service=RaftServer,group=group-3343B05F753D,id=aaa61f5b-6d33-454c-b5c1-ebc100bec0ba
2019-10-03 05:49:33,870 [RatisPipelineUtilsThread] INFO  pipeline.PipelineStateManager (PipelineStateManager.java:addPipeline(56)) - Created pipeline Pipeline[ Id: b9ea2d45-22a3-4a9b-b2e3-3343b05f753d, Nodes: fdc6239b-1581-495f-aa0c-6ef093335d88{ip: 192.168.30.19, host: trunk-nightly-20191003-5492k-4029359510, networkLocation: /default-rack, certSerialId: null}aaa61f5b-6d33-454c-b5c1-ebc100bec0ba{ip: 192.168.30.19, host: trunk-nightly-20191003-5492k-4029359510, networkLocation: /default-rack, certSerialId: null}25df95fc-d168-4c4c-bc82-68d8d7d98e43{ip: 192.168.30.19, host: trunk-nightly-20191003-5492k-4029359510, networkLocation: /default-rack, certSerialId: null}, Type:RATIS, Factor:THREE, State:OPEN]
2019-10-03 05:49:33,912 [grpc-default-executor-2] INFO  impl.RaftServerProxy (RaftServerProxy.java:addNew(89)) - e132bd7b-48f1-4f2b-8844-8efe49d63ff3: addNew group-664DED2439FE:[43b54258-4692-4446-820b-1f86bc5245ec:192.168.30.19:36060, e132bd7b-48f1-4f2b-8844-8efe49d63ff3:192.168.30.19:46105, a547c518-2070-4f87-8df9-e58fc0604313:192.168.30.19:46100] returns group-664DED2439FE:java.util.concurrent.CompletableFuture@53106900[Not completed]
2019-10-03 05:49:33,921 [grpc-default-executor-1] INFO  impl.RaftServerProxy (RaftServerProxy.java:addNew(89)) - 43b54258-4692-4446-820b-1f86bc5245ec: addNew group-664DED2439FE:[43b54258-4692-4446-820b-1f86bc5245ec:192.168.30.19:36060, e132bd7b-48f1-4f2b-8844-8efe49d63ff3:192.168.30.19:46105, a547c518-2070-4f87-8df9-e58fc0604313:192.168.30.19:46100] returns group-664DED2439FE:java.util.concurrent.CompletableFuture@eff90bb[Not completed]
2019-10-03 05:49:33,921 [grpc-default-executor-2] INFO  impl.RaftServerProxy (RaftServerProxy.java:addNew(89)) - a547c518-2070-4f87-8df9-e58fc0604313: addNew group-664DED2439FE:[43b54258-4692-4446-820b-1f86bc5245ec:192.168.30.19:36060, e132bd7b-48f1-4f2b-8844-8efe49d63ff3:192.168.30.19:46105, a547c518-2070-4f87-8df9-e58fc0604313:192.168.30.19:46100] returns group-664DED2439FE:java.util.concurrent.CompletableFuture@2fbde296[Not completed]
2019-10-03 05:49:33,925 [pool-47-thread-1] INFO  impl.RaftServerImpl (RaftServerImpl.java:<init>(95)) - e132bd7b-48f1-4f2b-8844-8efe49d63ff3: new RaftServerImpl for group-664DED2439FE:[43b54258-4692-4446-820b-1f86bc5245ec:192.168.30.19:36060, e132bd7b-48f1-4f2b-8844-8efe49d63ff3:192.168.30.19:46105, a547c518-2070-4f87-8df9-e58fc0604313:192.168.30.19:46100] with ContainerStateMachine:uninitialized
2019-10-03 05:49:33,937 [pool-47-thread-1] INFO  server.RaftServerConfigKeys (ConfUtils.java:logGet(43)) - raft.server.rpc.timeout.min = 5s (custom)
2019-10-03 05:49:33,937 [pool-47-thread-1] INFO  server.RaftServerConfigKeys (ConfUtils.java:logGet(43)) - raft.server.rpc.timeout.max = 5200ms (custom)
2019-10-03 05:49:33,937 [pool-47-thread-1] INFO  server.RaftServerConfigKeys (ConfUtils.java:logGet(43)) - raft.server.rpcslowness.timeout = 120s (custom)
2019-10-03 05:49:33,937 [pool-47-thread-1] INFO  server.RaftServerConfigKeys (ConfUtils.java:logGet(43)) - raft.server.sleep.deviation.threshold = 300 (default)
2019-10-03 05:49:33,937 [pool-47-thread-1] INFO  server.RaftServerConfigKeys (ConfUtils.java:logGet(43)) - raft.server.log.appender.install.snapshot.enabled = false (custom)
2019-10-03 05:49:33,938 [pool-47-thread-1] INFO  impl.RaftServerImpl (ServerState.java:<init>(103)) - e132bd7b-48f1-4f2b-8844-8efe49d63ff3@group-664DED2439FE: ConfigurationManager, init=-1: [43b54258-4692-4446-820b-1f86bc5245ec:192.168.30.19:36060, e132bd7b-48f1-4f2b-8844-8efe49d63ff3:192.168.30.19:46105, a547c518-2070-4f87-8df9-e58fc0604313:192.168.30.19:46100], old=null, confs=<EMPTY_MAP>
2019-10-03 05:49:33,938 [pool-67-thread-1] INFO  impl.RaftServerImpl (RaftServerImpl.java:<init>(95)) - 43b54258-4692-4446-820b-1f86bc5245ec: new RaftServerImpl for group-664DED2439FE:[43b54258-4692-4446-820b-1f86bc5245ec:192.168.30.19:36060, e132bd7b-48f1-4f2b-8844-8efe49d63ff3:192.168.30.19:46105, a547c518-2070-4f87-8df9-e58fc0604313:192.168.30.19:46100] with ContainerStateMachine:uninitialized
2019-10-03 05:49:33,938 [pool-47-thread-1] INFO  server.RaftServerConfigKeys (ConfUtils.java:logGet(43)) - raft.server.storage.dir = [/workdir/hadoop-ozone/integration-test/target/test-dir/MiniOzoneClusterImpl-864660b0-aed1-4907-bdd6-cc1949fc1881/datanode-2/data/ratis] (custom)
2019-10-03 05:49:33,938 [pool-67-thread-1] INFO  server.RaftServerConfigKeys (ConfUtils.java:logGet(43)) - raft.server.rpc.timeout.min = 5s (custom)
2019-10-03 05:49:33,938 [pool-67-thread-1] INFO  server.RaftServerConfigKeys (ConfUtils.java:logGet(43)) - raft.server.rpc.timeout.max = 5200ms (custom)
2019-10-03 05:49:33,938 [pool-47-thread-1] INFO  server.RaftServerConfigKeys (ConfUtils.java:logGet(43)) - raft.server.log.corruption.policy = EXCEPTION (default)
2019-10-03 05:49:33,938 [pool-67-thread-1] INFO  server.RaftServerConfigKeys (ConfUtils.java:logGet(43)) - raft.server.rpcslowness.timeout = 120s (custom)
2019-10-03 05:49:33,939 [pool-47-thread-1] INFO  storage.RaftStorageDirectory (RaftStorageDirectory.java:analyzeStorage(246)) - The storage directory /workdir/hadoop-ozone/integration-test/target/test-dir/MiniOzoneClusterImpl-864660b0-aed1-4907-bdd6-cc1949fc1881/datanode-2/data/ratis/16fae128-e49f-4699-b8e7-664ded2439fe does not exist. Creating ...
2019-10-03 05:49:33,939 [pool-67-thread-1] INFO  server.RaftServerConfigKeys (ConfUtils.java:logGet(43)) - raft.server.sleep.deviation.threshold = 300 (default)
2019-10-03 05:49:33,939 [pool-27-thread-1] INFO  impl.RaftServerImpl (RaftServerImpl.java:<init>(95)) - a547c518-2070-4f87-8df9-e58fc0604313: new RaftServerImpl for group-664DED2439FE:[43b54258-4692-4446-820b-1f86bc5245ec:192.168.30.19:36060, e132bd7b-48f1-4f2b-8844-8efe49d63ff3:192.168.30.19:46105, a547c518-2070-4f87-8df9-e58fc0604313:192.168.30.19:46100] with ContainerStateMachine:uninitialized
2019-10-03 05:49:33,939 [pool-67-thread-1] INFO  server.RaftServerConfigKeys (ConfUtils.java:logGet(43)) - raft.server.log.appender.install.snapshot.enabled = false (custom)
2019-10-03 05:49:33,939 [pool-27-thread-1] INFO  server.RaftServerConfigKeys (ConfUtils.java:logGet(43)) - raft.server.rpc.timeout.min = 5s (custom)
2019-10-03 05:49:33,939 [pool-67-thread-1] INFO  impl.RaftServerImpl (ServerState.java:<init>(103)) - 43b54258-4692-4446-820b-1f86bc5245ec@group-664DED2439FE: ConfigurationManager, init=-1: [43b54258-4692-4446-820b-1f86bc5245ec:192.168.30.19:36060, e132bd7b-48f1-4f2b-8844-8efe49d63ff3:192.168.30.19:46105, a547c518-2070-4f87-8df9-e58fc0604313:192.168.30.19:46100], old=null, confs=<EMPTY_MAP>
2019-10-03 05:49:33,939 [pool-27-thread-1] INFO  server.RaftServerConfigKeys (ConfUtils.java:logGet(43)) - raft.server.rpc.timeout.max = 5200ms (custom)
2019-10-03 05:49:33,939 [pool-67-thread-1] INFO  server.RaftServerConfigKeys (ConfUtils.java:logGet(43)) - raft.server.storage.dir = [/workdir/hadoop-ozone/integration-test/target/test-dir/MiniOzoneClusterImpl-864660b0-aed1-4907-bdd6-cc1949fc1881/datanode-4/data/ratis] (custom)
2019-10-03 05:49:33,939 [pool-27-thread-1] INFO  server.RaftServerConfigKeys (ConfUtils.java:logGet(43)) - raft.server.rpcslowness.timeout = 120s (custom)
2019-10-03 05:49:33,940 [pool-27-thread-1] INFO  server.RaftServerConfigKeys (ConfUtils.java:logGet(43)) - raft.server.sleep.deviation.threshold = 300 (default)
2019-10-03 05:49:33,940 [pool-67-thread-1] INFO  server.RaftServerConfigKeys (ConfUtils.java:logGet(43)) - raft.server.log.corruption.policy = EXCEPTION (default)
2019-10-03 05:49:33,940 [pool-27-thread-1] INFO  server.RaftServerConfigKeys (ConfUtils.java:logGet(43)) - raft.server.log.appender.install.snapshot.enabled = false (custom)
2019-10-03 05:49:33,940 [pool-67-thread-1] INFO  storage.RaftStorageDirectory (RaftStorageDirectory.java:analyzeStorage(246)) - The storage directory /workdir/hadoop-ozone/integration-test/target/test-dir/MiniOzoneClusterImpl-864660b0-aed1-4907-bdd6-cc1949fc1881/datanode-4/data/ratis/16fae128-e49f-4699-b8e7-664ded2439fe does not exist. Creating ...
2019-10-03 05:49:33,940 [pool-27-thread-1] INFO  impl.RaftServerImpl (ServerState.java:<init>(103)) - a547c518-2070-4f87-8df9-e58fc0604313@group-664DED2439FE: ConfigurationManager, init=-1: [43b54258-4692-4446-820b-1f86bc5245ec:192.168.30.19:36060, e132bd7b-48f1-4f2b-8844-8efe49d63ff3:192.168.30.19:46105, a547c518-2070-4f87-8df9-e58fc0604313:192.168.30.19:46100], old=null, confs=<EMPTY_MAP>
2019-10-03 05:49:33,940 [pool-27-thread-1] INFO  server.RaftServerConfigKeys (ConfUtils.java:logGet(43)) - raft.server.storage.dir = [/workdir/hadoop-ozone/integration-test/target/test-dir/MiniOzoneClusterImpl-864660b0-aed1-4907-bdd6-cc1949fc1881/datanode-0/data/ratis] (custom)
2019-10-03 05:49:33,941 [pool-27-thread-1] INFO  server.RaftServerConfigKeys (ConfUtils.java:logGet(43)) - raft.server.log.corruption.policy = EXCEPTION (default)
2019-10-03 05:49:33,941 [pool-27-thread-1] INFO  storage.RaftStorageDirectory (RaftStorageDirectory.java:analyzeStorage(246)) - The storage directory /workdir/hadoop-ozone/integration-test/target/test-dir/MiniOzoneClusterImpl-864660b0-aed1-4907-bdd6-cc1949fc1881/datanode-0/data/ratis/16fae128-e49f-4699-b8e7-664ded2439fe does not exist. Creating ...
2019-10-03 05:49:33,962 [pool-47-thread-1] INFO  storage.RaftStorageDirectory (RaftStorageDirectory.java:tryLock(328)) - Lock on /workdir/hadoop-ozone/integration-test/target/test-dir/MiniOzoneClusterImpl-864660b0-aed1-4907-bdd6-cc1949fc1881/datanode-2/data/ratis/16fae128-e49f-4699-b8e7-664ded2439fe/in_use.lock acquired by nodename 4526@trunk-nightly-20191003-5492k-4029359510
2019-10-03 05:49:33,962 [pool-27-thread-1] INFO  storage.RaftStorageDirectory (RaftStorageDirectory.java:tryLock(328)) - Lock on /workdir/hadoop-ozone/integration-test/target/test-dir/MiniOzoneClusterImpl-864660b0-aed1-4907-bdd6-cc1949fc1881/datanode-0/data/ratis/16fae128-e49f-4699-b8e7-664ded2439fe/in_use.lock acquired by nodename 4526@trunk-nightly-20191003-5492k-4029359510
2019-10-03 05:49:33,962 [pool-67-thread-1] INFO  storage.RaftStorageDirectory (RaftStorageDirectory.java:tryLock(328)) - Lock on /workdir/hadoop-ozone/integration-test/target/test-dir/MiniOzoneClusterImpl-864660b0-aed1-4907-bdd6-cc1949fc1881/datanode-4/data/ratis/16fae128-e49f-4699-b8e7-664ded2439fe/in_use.lock acquired by nodename 4526@trunk-nightly-20191003-5492k-4029359510
2019-10-03 05:49:33,987 [pool-67-thread-1] INFO  storage.RaftStorage (RaftStorage.java:format(84)) - Storage directory /workdir/hadoop-ozone/integration-test/target/test-dir/MiniOzoneClusterImpl-864660b0-aed1-4907-bdd6-cc1949fc1881/datanode-4/data/ratis/16fae128-e49f-4699-b8e7-664ded2439fe has been successfully formatted.
2019-10-03 05:49:33,987 [pool-47-thread-1] INFO  storage.RaftStorage (RaftStorage.java:format(84)) - Storage directory /workdir/hadoop-ozone/integration-test/target/test-dir/MiniOzoneClusterImpl-864660b0-aed1-4907-bdd6-cc1949fc1881/datanode-2/data/ratis/16fae128-e49f-4699-b8e7-664ded2439fe has been successfully formatted.
2019-10-03 05:49:33,987 [pool-27-thread-1] INFO  storage.RaftStorage (RaftStorage.java:format(84)) - Storage directory /workdir/hadoop-ozone/integration-test/target/test-dir/MiniOzoneClusterImpl-864660b0-aed1-4907-bdd6-cc1949fc1881/datanode-0/data/ratis/16fae128-e49f-4699-b8e7-664ded2439fe has been successfully formatted.
2019-10-03 05:49:33,988 [pool-67-thread-1] INFO  ratis.ContainerStateMachine (ContainerStateMachine.java:loadSnapshot(230)) - group-664DED2439FE: The snapshot info is null. Setting the last applied indexto:(t:0, i:~)
2019-10-03 05:49:33,988 [pool-47-thread-1] INFO  ratis.ContainerStateMachine (ContainerStateMachine.java:loadSnapshot(230)) - group-664DED2439FE: The snapshot info is null. Setting the last applied indexto:(t:0, i:~)
2019-10-03 05:49:33,988 [pool-67-thread-1] INFO  server.RaftServerConfigKeys (ConfUtils.java:logGet(43)) - raft.server.notification.no-leader.timeout = 120s (custom)
2019-10-03 05:49:33,988 [pool-27-thread-1] INFO  ratis.ContainerStateMachine (ContainerStateMachine.java:loadSnapshot(230)) - group-664DED2439FE: The snapshot info is null. Setting the last applied indexto:(t:0, i:~)
2019-10-03 05:49:33,988 [pool-47-thread-1] INFO  server.RaftServerConfigKeys (ConfUtils.java:logGet(43)) - raft.server.notification.no-leader.timeout = 120s (custom)
2019-10-03 05:49:33,988 [pool-67-thread-1] INFO  server.RaftServerConfigKeys (ConfUtils.java:logGet(43)) - raft.server.log.use.memory = false (default)
2019-10-03 05:49:33,989 [pool-47-thread-1] INFO  server.RaftServerConfigKeys (ConfUtils.java:logGet(43)) - raft.server.log.use.memory = false (default)
2019-10-03 05:49:33,988 [pool-27-thread-1] INFO  server.RaftServerConfigKeys (ConfUtils.java:logGet(43)) - raft.server.notification.no-leader.timeout = 120s (custom)
2019-10-03 05:49:33,989 [pool-47-thread-1] INFO  server.RaftServerConfigKeys (ConfUtils.java:logGet(43)) - raft.server.log.purge.gap = 1000000 (custom)
2019-10-03 05:49:33,989 [pool-67-thread-1] INFO  server.RaftServerConfigKeys (ConfUtils.java:logGet(43)) - raft.server.log.purge.gap = 1000000 (custom)
2019-10-03 05:49:33,989 [pool-47-thread-1] INFO  server.RaftServerConfigKeys (ConfUtils.java:logGet(43)) - raft.server.log.appender.buffer.byte-limit = 33554432 (custom)
2019-10-03 05:49:33,989 [pool-27-thread-1] INFO  server.RaftServerConfigKeys (ConfUtils.java:logGet(43)) - raft.server.log.use.memory = false (default)
2019-10-03 05:49:33,990 [pool-47-thread-1] INFO  server.RaftServerConfigKeys (ConfUtils.java:logGet(43)) - raft.server.log.segment.size.max = 1048576 (custom)
2019-10-03 05:49:33,989 [pool-67-thread-1] INFO  server.RaftServerConfigKeys (ConfUtils.java:logGet(43)) - raft.server.log.appender.buffer.byte-limit = 33554432 (custom)
2019-10-03 05:49:33,990 [pool-47-thread-1] INFO  server.RaftServerConfigKeys (ConfUtils.java:logGet(43)) - raft.server.log.segment.cache.num.max = 2 (custom)
2019-10-03 05:49:33,990 [pool-27-thread-1] INFO  server.RaftServerConfigKeys (ConfUtils.java:logGet(43)) - raft.server.log.purge.gap = 1000000 (custom)
2019-10-03 05:49:33,990 [pool-47-thread-1] INFO  segmented.SegmentedRaftLogWorker (SegmentedRaftLogWorker.java:<init>(173)) - new e132bd7b-48f1-4f2b-8844-8efe49d63ff3@group-664DED2439FE-SegmentedRaftLogWorker for RaftStorage:Storage Directory /workdir/hadoop-ozone/integration-test/target/test-dir/MiniOzoneClusterImpl-864660b0-aed1-4907-bdd6-cc1949fc1881/datanode-2/data/ratis/16fae128-e49f-4699-b8e7-664ded2439fe
2019-10-03 05:49:33,990 [pool-67-thread-1] INFO  server.RaftServerConfigKeys (ConfUtils.java:logGet(43)) - raft.server.log.segment.size.max = 1048576 (custom)
2019-10-03 05:49:33,991 [pool-47-thread-1] INFO  server.RaftServerConfigKeys (ConfUtils.java:logGet(43)) - raft.server.log.queue.byte-limit = 2147483647 (custom)
2019-10-03 05:49:33,990 [pool-27-thread-1] INFO  server.RaftServerConfigKeys (ConfUtils.java:logGet(43)) - raft.server.log.appender.buffer.byte-limit = 33554432 (custom)
2019-10-03 05:49:33,991 [pool-47-thread-1] INFO  server.RaftServerConfigKeys (ConfUtils.java:logGet(43)) - raft.server.log.queue.element-limit = 1024 (custom)
2019-10-03 05:49:33,991 [pool-67-thread-1] INFO  server.RaftServerConfigKeys (ConfUtils.java:logGet(43)) - raft.server.log.segment.cache.num.max = 2 (custom)
2019-10-03 05:49:33,991 [pool-47-thread-1] INFO  server.RaftServerConfigKeys (ConfUtils.java:logGet(43)) - raft.server.log.segment.size.max = 1048576 (custom)
2019-10-03 05:49:33,991 [pool-27-thread-1] INFO  server.RaftServerConfigKeys (ConfUtils.java:logGet(43)) - raft.server.log.segment.size.max = 1048576 (custom)
2019-10-03 05:49:33,992 [pool-47-thread-1] INFO  server.RaftServerConfigKeys (ConfUtils.java:logGet(43)) - raft.server.log.preallocated.size = 16384 (custom)
2019-10-03 05:49:33,991 [pool-67-thread-1] INFO  segmented.SegmentedRaftLogWorker (SegmentedRaftLogWorker.java:<init>(173)) - new 43b54258-4692-4446-820b-1f86bc5245ec@group-664DED2439FE-SegmentedRaftLogWorker for RaftStorage:Storage Directory /workdir/hadoop-ozone/integration-test/target/test-dir/MiniOzoneClusterImpl-864660b0-aed1-4907-bdd6-cc1949fc1881/datanode-4/data/ratis/16fae128-e49f-4699-b8e7-664ded2439fe
2019-10-03 05:49:33,992 [pool-47-thread-1] INFO  server.RaftServerConfigKeys (ConfUtils.java:logGet(43)) - raft.server.log.write.buffer.size = 33554432 (custom)
2019-10-03 05:49:33,992 [pool-27-thread-1] INFO  server.RaftServerConfigKeys (ConfUtils.java:logGet(43)) - raft.server.log.segment.cache.num.max = 2 (custom)
2019-10-03 05:49:33,992 [pool-47-thread-1] INFO  server.RaftServerConfigKeys (ConfUtils.java:logGet(43)) - raft.server.log.force.sync.num = 128 (default)
2019-10-03 05:49:33,992 [pool-67-thread-1] INFO  server.RaftServerConfigKeys (ConfUtils.java:logGet(43)) - raft.server.log.queue.byte-limit = 2147483647 (custom)
2019-10-03 05:49:33,993 [pool-47-thread-1] INFO  server.RaftServerConfigKeys (ConfUtils.java:logGet(43)) - raft.server.log.statemachine.data.sync = true (default)
2019-10-03 05:49:33,992 [pool-27-thread-1] INFO  segmented.SegmentedRaftLogWorker (SegmentedRaftLogWorker.java:<init>(173)) - new a547c518-2070-4f87-8df9-e58fc0604313@group-664DED2439FE-SegmentedRaftLogWorker for RaftStorage:Storage Directory /workdir/hadoop-ozone/integration-test/target/test-dir/MiniOzoneClusterImpl-864660b0-aed1-4907-bdd6-cc1949fc1881/datanode-0/data/ratis/16fae128-e49f-4699-b8e7-664ded2439fe
2019-10-03 05:49:33,993 [pool-47-thread-1] INFO  server.RaftServerConfigKeys (ConfUtils.java:logGet(43)) - raft.server.log.statemachine.data.sync.timeout = 10s (default)
2019-10-03 05:49:33,993 [pool-67-thread-1] INFO  server.RaftServerConfigKeys (ConfUtils.java:logGet(43)) - raft.server.log.queue.element-limit = 1024 (custom)
2019-10-03 05:49:33,993 [pool-47-thread-1] INFO  server.RaftServerConfigKeys (ConfUtils.java:logGet(43)) - raft.server.log.statemachine.data.sync.timeout.retry = -1 (default)
2019-10-03 05:49:33,993 [pool-27-thread-1] INFO  server.RaftServerConfigKeys (ConfUtils.java:logGet(43)) - raft.server.log.queue.byte-limit = 2147483647 (custom)
2019-10-03 05:49:33,994 [pool-67-thread-1] INFO  server.RaftServerConfigKeys (ConfUtils.java:logGet(43)) - raft.server.log.segment.size.max = 1048576 (custom)
2019-10-03 05:49:33,994 [pool-47-thread-1] INFO  server.RaftServerConfigKeys (ConfUtils.java:logGet(43)) - raft.server.log.statemachine.data.caching.enabled = true (custom)
2019-10-03 05:49:33,994 [pool-27-thread-1] INFO  server.RaftServerConfigKeys (ConfUtils.java:logGet(43)) - raft.server.log.queue.element-limit = 1024 (custom)
2019-10-03 05:49:33,994 [pool-67-thread-1] INFO  server.RaftServerConfigKeys (ConfUtils.java:logGet(43)) - raft.server.log.preallocated.size = 16384 (custom)
2019-10-03 05:49:33,994 [pool-27-thread-1] INFO  server.RaftServerConfigKeys (ConfUtils.java:logGet(43)) - raft.server.log.segment.size.max = 1048576 (custom)
2019-10-03 05:49:33,994 [pool-67-thread-1] INFO  server.RaftServerConfigKeys (ConfUtils.java:logGet(43)) - raft.server.log.write.buffer.size = 33554432 (custom)
2019-10-03 05:49:33,994 [pool-47-thread-1] INFO  segmented.SegmentedRaftLogWorker (SegmentedRaftLogWorker.java:lambda$new$0(128)) - e132bd7b-48f1-4f2b-8844-8efe49d63ff3@group-664DED2439FE-SegmentedRaftLogWorker: flushIndex: setUnconditionally 0 -> -1
2019-10-03 05:49:33,995 [pool-67-thread-1] INFO  server.RaftServerConfigKeys (ConfUtils.java:logGet(43)) - raft.server.log.force.sync.num = 128 (default)
2019-10-03 05:49:33,994 [pool-27-thread-1] INFO  server.RaftServerConfigKeys (ConfUtils.java:logGet(43)) - raft.server.log.preallocated.size = 16384 (custom)
2019-10-03 05:49:33,995 [pool-67-thread-1] INFO  server.RaftServerConfigKeys (ConfUtils.java:logGet(43)) - raft.server.log.statemachine.data.sync = true (default)
2019-10-03 05:49:33,995 [pool-27-thread-1] INFO  server.RaftServerConfigKeys (ConfUtils.java:logGet(43)) - raft.server.log.write.buffer.size = 33554432 (custom)
2019-10-03 05:49:33,995 [pool-47-thread-1] INFO  server.RaftServerConfigKeys (ConfUtils.java:logGet(43)) - raft.server.snapshot.auto.trigger.enabled = true (custom)
2019-10-03 05:49:33,995 [pool-27-thread-1] INFO  server.RaftServerConfigKeys (ConfUtils.java:logGet(43)) - raft.server.log.force.sync.num = 128 (default)
2019-10-03 05:49:33,995 [pool-67-thread-1] INFO  server.RaftServerConfigKeys (ConfUtils.java:logGet(43)) - raft.server.log.statemachine.data.sync.timeout = 10s (default)
2019-10-03 05:49:33,996 [pool-27-thread-1] INFO  server.RaftServerConfigKeys (ConfUtils.java:logGet(43)) - raft.server.log.statemachine.data.sync = true (default)
2019-10-03 05:49:33,996 [pool-47-thread-1] INFO  server.RaftServerConfigKeys (ConfUtils.java:logGet(43)) - raft.server.snapshot.auto.trigger.threshold = 10000 (custom)
2019-10-03 05:49:33,996 [pool-27-thread-1] INFO  server.RaftServerConfigKeys (ConfUtils.java:logGet(43)) - raft.server.log.statemachine.data.sync.timeout = 10s (default)
2019-10-03 05:49:33,996 [pool-67-thread-1] INFO  server.RaftServerConfigKeys (ConfUtils.java:logGet(43)) - raft.server.log.statemachine.data.sync.timeout.retry = -1 (default)
2019-10-03 05:49:33,996 [pool-27-thread-1] INFO  server.RaftServerConfigKeys (ConfUtils.java:logGet(43)) - raft.server.log.statemachine.data.sync.timeout.retry = -1 (default)
2019-10-03 05:49:33,996 [pool-47-thread-1] INFO  server.RaftServerConfigKeys (ConfUtils.java:logGet(43)) - raft.server.snapshot.retention.file.num = 5 (custom)
2019-10-03 05:49:33,997 [pool-27-thread-1] INFO  server.RaftServerConfigKeys (ConfUtils.java:logGet(43)) - raft.server.log.statemachine.data.caching.enabled = true (custom)
2019-10-03 05:49:33,996 [pool-67-thread-1] INFO  server.RaftServerConfigKeys (ConfUtils.java:logGet(43)) - raft.server.log.statemachine.data.caching.enabled = true (custom)
2019-10-03 05:49:33,997 [pool-47-thread-1] INFO  server.RaftServerConfigKeys (ConfUtils.java:logGet(43)) - raft.server.retrycache.expirytime = 600000ms (custom)
2019-10-03 05:49:33,997 [pool-27-thread-1] INFO  segmented.SegmentedRaftLogWorker (SegmentedRaftLogWorker.java:lambda$new$0(128)) - a547c518-2070-4f87-8df9-e58fc0604313@group-664DED2439FE-SegmentedRaftLogWorker: flushIndex: setUnconditionally 0 -> -1
2019-10-03 05:49:33,997 [pool-67-thread-1] INFO  segmented.SegmentedRaftLogWorker (SegmentedRaftLogWorker.java:lambda$new$0(128)) - 43b54258-4692-4446-820b-1f86bc5245ec@group-664DED2439FE-SegmentedRaftLogWorker: flushIndex: setUnconditionally 0 -> -1
2019-10-03 05:49:33,997 [pool-27-thread-1] INFO  server.RaftServerConfigKeys (ConfUtils.java:logGet(43)) - raft.server.snapshot.auto.trigger.enabled = true (custom)
2019-10-03 05:49:33,997 [pool-27-thread-1] INFO  server.RaftServerConfigKeys (ConfUtils.java:logGet(43)) - raft.server.snapshot.auto.trigger.threshold = 10000 (custom)
2019-10-03 05:49:33,998 [pool-67-thread-1] INFO  server.RaftServerConfigKeys (ConfUtils.java:logGet(43)) - raft.server.snapshot.auto.trigger.enabled = true (custom)
2019-10-03 05:49:33,998 [pool-27-thread-1] INFO  server.RaftServerConfigKeys (ConfUtils.java:logGet(43)) - raft.server.snapshot.retention.file.num = 5 (custom)
2019-10-03 05:49:33,998 [pool-67-thread-1] INFO  server.RaftServerConfigKeys (ConfUtils.java:logGet(43)) - raft.server.snapshot.auto.trigger.threshold = 10000 (custom)
2019-10-03 05:49:33,998 [pool-27-thread-1] INFO  server.RaftServerConfigKeys (ConfUtils.java:logGet(43)) - raft.server.retrycache.expirytime = 600000ms (custom)
2019-10-03 05:49:33,998 [pool-67-thread-1] INFO  server.RaftServerConfigKeys (ConfUtils.java:logGet(43)) - raft.server.snapshot.retention.file.num = 5 (custom)
2019-10-03 05:49:33,998 [pool-67-thread-1] INFO  server.RaftServerConfigKeys (ConfUtils.java:logGet(43)) - raft.server.retrycache.expirytime = 600000ms (custom)
2019-10-03 05:49:34,002 [pool-47-thread-1] INFO  impl.RaftServerImpl (RaftServerImpl.java:start(181)) - e132bd7b-48f1-4f2b-8844-8efe49d63ff3@group-664DED2439FE: start as a follower, conf=-1: [43b54258-4692-4446-820b-1f86bc5245ec:192.168.30.19:36060, e132bd7b-48f1-4f2b-8844-8efe49d63ff3:192.168.30.19:46105, a547c518-2070-4f87-8df9-e58fc0604313:192.168.30.19:46100], old=null
2019-10-03 05:49:34,003 [pool-27-thread-1] INFO  impl.RaftServerImpl (RaftServerImpl.java:start(181)) - a547c518-2070-4f87-8df9-e58fc0604313@group-664DED2439FE: start as a follower, conf=-1: [43b54258-4692-4446-820b-1f86bc5245ec:192.168.30.19:36060, e132bd7b-48f1-4f2b-8844-8efe49d63ff3:192.168.30.19:46105, a547c518-2070-4f87-8df9-e58fc0604313:192.168.30.19:46100], old=null
2019-10-03 05:49:34,003 [pool-47-thread-1] INFO  impl.RaftServerImpl (RaftServerImpl.java:setRole(170)) - e132bd7b-48f1-4f2b-8844-8efe49d63ff3@group-664DED2439FE: changes role from      null to FOLLOWER at term 0 for startAsFollower
2019-10-03 05:49:34,003 [pool-27-thread-1] INFO  impl.RaftServerImpl (RaftServerImpl.java:setRole(170)) - a547c518-2070-4f87-8df9-e58fc0604313@group-664DED2439FE: changes role from      null to FOLLOWER at term 0 for startAsFollower
2019-10-03 05:49:34,003 [pool-47-thread-1] INFO  impl.RoleInfo (RoleInfo.java:updateAndGet(143)) - e132bd7b-48f1-4f2b-8844-8efe49d63ff3: start FollowerState
2019-10-03 05:49:34,003 [pool-67-thread-1] INFO  impl.RaftServerImpl (RaftServerImpl.java:start(181)) - 43b54258-4692-4446-820b-1f86bc5245ec@group-664DED2439FE: start as a follower, conf=-1: [43b54258-4692-4446-820b-1f86bc5245ec:192.168.30.19:36060, e132bd7b-48f1-4f2b-8844-8efe49d63ff3:192.168.30.19:46105, a547c518-2070-4f87-8df9-e58fc0604313:192.168.30.19:46100], old=null
2019-10-03 05:49:34,003 [pool-27-thread-1] INFO  impl.RoleInfo (RoleInfo.java:updateAndGet(143)) - a547c518-2070-4f87-8df9-e58fc0604313: start FollowerState
2019-10-03 05:49:34,003 [pool-67-thread-1] INFO  impl.RaftServerImpl (RaftServerImpl.java:setRole(170)) - 43b54258-4692-4446-820b-1f86bc5245ec@group-664DED2439FE: changes role from      null to FOLLOWER at term 0 for startAsFollower
2019-10-03 05:49:34,004 [pool-47-thread-1] INFO  util.JmxRegister (JmxRegister.java:tryRegister(44)) - Successfully registered JMX Bean with object name Ratis:service=RaftServer,group=group-664DED2439FE,id=e132bd7b-48f1-4f2b-8844-8efe49d63ff3
2019-10-03 05:49:34,004 [pool-67-thread-1] INFO  impl.RoleInfo (RoleInfo.java:updateAndGet(143)) - 43b54258-4692-4446-820b-1f86bc5245ec: start FollowerState
2019-10-03 05:49:34,004 [pool-27-thread-1] INFO  util.JmxRegister (JmxRegister.java:tryRegister(44)) - Successfully registered JMX Bean with object name Ratis:service=RaftServer,group=group-664DED2439FE,id=a547c518-2070-4f87-8df9-e58fc0604313
2019-10-03 05:49:34,004 [pool-67-thread-1] INFO  util.JmxRegister (JmxRegister.java:tryRegister(44)) - Successfully registered JMX Bean with object name Ratis:service=RaftServer,group=group-664DED2439FE,id=43b54258-4692-4446-820b-1f86bc5245ec
2019-10-03 05:49:34,046 [RatisPipelineUtilsThread] INFO  pipeline.PipelineStateManager (PipelineStateManager.java:addPipeline(56)) - Created pipeline Pipeline[ Id: 16fae128-e49f-4699-b8e7-664ded2439fe, Nodes: 43b54258-4692-4446-820b-1f86bc5245ec{ip: 192.168.30.19, host: trunk-nightly-20191003-5492k-4029359510, networkLocation: /default-rack, certSerialId: null}e132bd7b-48f1-4f2b-8844-8efe49d63ff3{ip: 192.168.30.19, host: trunk-nightly-20191003-5492k-4029359510, networkLocation: /default-rack, certSerialId: null}a547c518-2070-4f87-8df9-e58fc0604313{ip: 192.168.30.19, host: trunk-nightly-20191003-5492k-4029359510, networkLocation: /default-rack, certSerialId: null}, Type:RATIS, Factor:THREE, State:OPEN]
2019-10-03 05:49:34,110 [main] INFO  rpc.RpcClient (RpcClient.java:createVolume(277)) - Creating Volume: watchforcommithandlingtest, with jenkins1000 as owner.
2019-10-03 05:49:34,599 [IPC Server handler 0 on 39392] INFO  volume.OMVolumeCreateRequest (OMVolumeCreateRequest.java:validateAndUpdateCache(193)) - created volume:watchforcommithandlingtest for user:jenkins1000
2019-10-03 05:49:34,651 [main] INFO  rpc.RpcClient (RpcClient.java:createBucket(416)) - Creating Bucket: watchforcommithandlingtest/watchforcommithandlingtest, with Versioning false and Storage Type set to DISK and Encryption set to false 
2019-10-03 05:49:34,699 [main] INFO  ozone.MiniOzoneClusterImpl (MiniOzoneClusterImpl.java:getStorageContainerLocationClient(234)) - Creating StorageContainerLocationProtocol RPC client with address /0.0.0.0:46820
2019-10-03 05:49:34,780 [main] INFO  impl.MetricsSystemImpl (MetricsSystemImpl.java:init(158)) - XceiverClientMetrics metrics system started (again)
2019-10-03 05:49:34,934 [Thread-238] INFO  container.ReplicationManager (ReplicationManager.java:start(162)) - Starting Replication Monitor Thread.
2019-10-03 05:49:34,939 [ReplicationMonitor] INFO  container.ReplicationManager (ReplicationManager.java:run(225)) - Replication Monitor Thread took 4 milliseconds for processing 1 containers.
2019-10-03 05:49:37,914 [Thread-240] INFO  impl.FollowerState (FollowerState.java:run(108)) - a547c518-2070-4f87-8df9-e58fc0604313@group-5858065C8512-FollowerState: change to CANDIDATE, lastRpcTime:5132ms, electionTimeout:5131ms
2019-10-03 05:49:37,920 [Thread-240] INFO  impl.RoleInfo (RoleInfo.java:shutdownFollowerState(121)) - a547c518-2070-4f87-8df9-e58fc0604313: shutdown FollowerState
2019-10-03 05:49:37,920 [Thread-240] INFO  impl.RaftServerImpl (RaftServerImpl.java:setRole(170)) - a547c518-2070-4f87-8df9-e58fc0604313@group-5858065C8512: changes role from  FOLLOWER to CANDIDATE at term 0 for changeToCandidate
2019-10-03 05:49:37,928 [Thread-240] INFO  impl.RoleInfo (RoleInfo.java:updateAndGet(143)) - a547c518-2070-4f87-8df9-e58fc0604313: start LeaderElection
2019-10-03 05:49:37,958 [a547c518-2070-4f87-8df9-e58fc0604313@group-5858065C8512-LeaderElection1] INFO  impl.LeaderElection (LeaderElection.java:askForVotes(178)) - a547c518-2070-4f87-8df9-e58fc0604313@group-5858065C8512-LeaderElection1: begin an election at term 1 for -1: [a547c518-2070-4f87-8df9-e58fc0604313:192.168.30.19:46100], old=null
2019-10-03 05:49:37,960 [a547c518-2070-4f87-8df9-e58fc0604313@group-5858065C8512-LeaderElection1] INFO  impl.RoleInfo (RoleInfo.java:shutdownLeaderElection(134)) - a547c518-2070-4f87-8df9-e58fc0604313: shutdown LeaderElection
2019-10-03 05:49:37,960 [a547c518-2070-4f87-8df9-e58fc0604313@group-5858065C8512-LeaderElection1] INFO  impl.RaftServerImpl (RaftServerImpl.java:setRole(170)) - a547c518-2070-4f87-8df9-e58fc0604313@group-5858065C8512: changes role from CANDIDATE to LEADER at term 1 for changeToLeader
2019-10-03 05:49:37,961 [a547c518-2070-4f87-8df9-e58fc0604313@group-5858065C8512-LeaderElection1] INFO  impl.RaftServerImpl (ServerState.java:setLeader(255)) - a547c518-2070-4f87-8df9-e58fc0604313@group-5858065C8512: change Leader from null to a547c518-2070-4f87-8df9-e58fc0604313 at term 1 for becomeLeader, leader elected after 5327ms
2019-10-03 05:49:37,969 [a547c518-2070-4f87-8df9-e58fc0604313@group-5858065C8512-LeaderElection1] INFO  server.RaftServerConfigKeys (ConfUtils.java:logGet(43)) - raft.server.staging.catchup.gap = 1000 (default)
2019-10-03 05:49:37,969 [a547c518-2070-4f87-8df9-e58fc0604313@group-5858065C8512-LeaderElection1] INFO  server.RaftServerConfigKeys (ConfUtils.java:logGet(43)) - raft.server.rpc.sleep.time = 25ms (default)
2019-10-03 05:49:37,974 [a547c518-2070-4f87-8df9-e58fc0604313@group-5858065C8512-LeaderElection1] INFO  server.RaftServerConfigKeys (ConfUtils.java:logGet(43)) - raft.server.write.element-limit = 4096 (default)
2019-10-03 05:49:37,977 [a547c518-2070-4f87-8df9-e58fc0604313@group-5858065C8512-LeaderElection1] INFO  server.RaftServerConfigKeys (ConfUtils.java:logGet(43)) - raft.server.watch.timeout = 10s (default)
2019-10-03 05:49:37,977 [a547c518-2070-4f87-8df9-e58fc0604313@group-5858065C8512-LeaderElection1] INFO  server.RaftServerConfigKeys (ConfUtils.java:logGet(43)) - raft.server.watch.timeout.denomination = 1s (default)
2019-10-03 05:49:37,979 [a547c518-2070-4f87-8df9-e58fc0604313@group-5858065C8512-LeaderElection1] INFO  server.RaftServerConfigKeys (ConfUtils.java:logGet(43)) - raft.server.watch.element-limit = 65536 (default)
2019-10-03 05:49:37,993 [a547c518-2070-4f87-8df9-e58fc0604313@group-5858065C8512-LeaderElection1] INFO  impl.RoleInfo (RoleInfo.java:updateAndGet(143)) - a547c518-2070-4f87-8df9-e58fc0604313: start LeaderState
2019-10-03 05:49:38,025 [a547c518-2070-4f87-8df9-e58fc0604313@group-5858065C8512-LeaderElection1] INFO  segmented.SegmentedRaftLogWorker (SegmentedRaftLogWorker.java:startLogSegment(385)) - a547c518-2070-4f87-8df9-e58fc0604313@group-5858065C8512-SegmentedRaftLogWorker: Starting segment from index:0
2019-10-03 05:49:38,034 [a547c518-2070-4f87-8df9-e58fc0604313@group-5858065C8512-LeaderElection1] INFO  impl.RaftServerImpl (ServerState.java:setRaftConf(356)) - a547c518-2070-4f87-8df9-e58fc0604313@group-5858065C8512: set configuration 0: [a547c518-2070-4f87-8df9-e58fc0604313:192.168.30.19:46100], old=null at 0
2019-10-03 05:49:38,201 [Thread-243] INFO  impl.FollowerState (FollowerState.java:run(108)) - fdc6239b-1581-495f-aa0c-6ef093335d88@group-8B00EC811854-FollowerState: change to CANDIDATE, lastRpcTime:5174ms, electionTimeout:5172ms
2019-10-03 05:49:38,204 [Thread-243] INFO  impl.RoleInfo (RoleInfo.java:shutdownFollowerState(121)) - fdc6239b-1581-495f-aa0c-6ef093335d88: shutdown FollowerState
2019-10-03 05:49:38,204 [Thread-243] INFO  impl.RaftServerImpl (RaftServerImpl.java:setRole(170)) - fdc6239b-1581-495f-aa0c-6ef093335d88@group-8B00EC811854: changes role from  FOLLOWER to CANDIDATE at term 0 for changeToCandidate
2019-10-03 05:49:38,204 [Thread-243] INFO  impl.RoleInfo (RoleInfo.java:updateAndGet(143)) - fdc6239b-1581-495f-aa0c-6ef093335d88: start LeaderElection
2019-10-03 05:49:38,232 [fdc6239b-1581-495f-aa0c-6ef093335d88@group-8B00EC811854-LeaderElection2] INFO  impl.LeaderElection (LeaderElection.java:askForVotes(178)) - fdc6239b-1581-495f-aa0c-6ef093335d88@group-8B00EC811854-LeaderElection2: begin an election at term 1 for -1: [fdc6239b-1581-495f-aa0c-6ef093335d88:192.168.30.19:40162], old=null
2019-10-03 05:49:38,239 [fdc6239b-1581-495f-aa0c-6ef093335d88@group-8B00EC811854-LeaderElection2] INFO  impl.RoleInfo (RoleInfo.java:shutdownLeaderElection(134)) - fdc6239b-1581-495f-aa0c-6ef093335d88: shutdown LeaderElection
2019-10-03 05:49:38,239 [fdc6239b-1581-495f-aa0c-6ef093335d88@group-8B00EC811854-LeaderElection2] INFO  impl.RaftServerImpl (RaftServerImpl.java:setRole(170)) - fdc6239b-1581-495f-aa0c-6ef093335d88@group-8B00EC811854: changes role from CANDIDATE to LEADER at term 1 for changeToLeader
2019-10-03 05:49:38,239 [fdc6239b-1581-495f-aa0c-6ef093335d88@group-8B00EC811854-LeaderElection2] INFO  impl.RaftServerImpl (ServerState.java:setLeader(255)) - fdc6239b-1581-495f-aa0c-6ef093335d88@group-8B00EC811854: change Leader from null to fdc6239b-1581-495f-aa0c-6ef093335d88 at term 1 for becomeLeader, leader elected after 5233ms
2019-10-03 05:49:38,240 [fdc6239b-1581-495f-aa0c-6ef093335d88@group-8B00EC811854-LeaderElection2] INFO  server.RaftServerConfigKeys (ConfUtils.java:logGet(43)) - raft.server.staging.catchup.gap = 1000 (default)
2019-10-03 05:49:38,241 [fdc6239b-1581-495f-aa0c-6ef093335d88@group-8B00EC811854-LeaderElection2] INFO  server.RaftServerConfigKeys (ConfUtils.java:logGet(43)) - raft.server.rpc.sleep.time = 25ms (default)
2019-10-03 05:49:38,241 [fdc6239b-1581-495f-aa0c-6ef093335d88@group-8B00EC811854-LeaderElection2] INFO  server.RaftServerConfigKeys (ConfUtils.java:logGet(43)) - raft.server.write.element-limit = 4096 (default)
2019-10-03 05:49:38,241 [fdc6239b-1581-495f-aa0c-6ef093335d88@group-8B00EC811854-LeaderElection2] INFO  server.RaftServerConfigKeys (ConfUtils.java:logGet(43)) - raft.server.watch.timeout = 10s (default)
2019-10-03 05:49:38,241 [fdc6239b-1581-495f-aa0c-6ef093335d88@group-8B00EC811854-LeaderElection2] INFO  server.RaftServerConfigKeys (ConfUtils.java:logGet(43)) - raft.server.watch.timeout.denomination = 1s (default)
2019-10-03 05:49:38,241 [fdc6239b-1581-495f-aa0c-6ef093335d88@group-8B00EC811854-LeaderElection2] INFO  server.RaftServerConfigKeys (ConfUtils.java:logGet(43)) - raft.server.watch.element-limit = 65536 (default)
2019-10-03 05:49:38,244 [fdc6239b-1581-495f-aa0c-6ef093335d88@group-8B00EC811854-LeaderElection2] INFO  impl.RoleInfo (RoleInfo.java:updateAndGet(143)) - fdc6239b-1581-495f-aa0c-6ef093335d88: start LeaderState
2019-10-03 05:49:38,244 [fdc6239b-1581-495f-aa0c-6ef093335d88@group-8B00EC811854-LeaderElection2] INFO  segmented.SegmentedRaftLogWorker (SegmentedRaftLogWorker.java:startLogSegment(385)) - fdc6239b-1581-495f-aa0c-6ef093335d88@group-8B00EC811854-SegmentedRaftLogWorker: Starting segment from index:0
2019-10-03 05:49:38,245 [fdc6239b-1581-495f-aa0c-6ef093335d88@group-8B00EC811854-LeaderElection2] INFO  impl.RaftServerImpl (ServerState.java:setRaftConf(356)) - fdc6239b-1581-495f-aa0c-6ef093335d88@group-8B00EC811854: set configuration 0: [fdc6239b-1581-495f-aa0c-6ef093335d88:192.168.30.19:40162], old=null at 0
2019-10-03 05:49:38,267 [a547c518-2070-4f87-8df9-e58fc0604313@group-5858065C8512-SegmentedRaftLogWorker] INFO  segmented.SegmentedRaftLogWorker (SegmentedRaftLogWorker.java:execute(574)) - a547c518-2070-4f87-8df9-e58fc0604313@group-5858065C8512-SegmentedRaftLogWorker: created new log segment /workdir/hadoop-ozone/integration-test/target/test-dir/MiniOzoneClusterImpl-864660b0-aed1-4907-bdd6-cc1949fc1881/datanode-0/data/ratis/1b8627f9-af6e-4810-9270-5858065c8512/current/log_inprogress_0
2019-10-03 05:49:38,304 [fdc6239b-1581-495f-aa0c-6ef093335d88@group-8B00EC811854-SegmentedRaftLogWorker] INFO  segmented.SegmentedRaftLogWorker (SegmentedRaftLogWorker.java:execute(574)) - fdc6239b-1581-495f-aa0c-6ef093335d88@group-8B00EC811854-SegmentedRaftLogWorker: created new log segment /workdir/hadoop-ozone/integration-test/target/test-dir/MiniOzoneClusterImpl-864660b0-aed1-4907-bdd6-cc1949fc1881/datanode-5/data/ratis/3cea8aa5-f89d-471d-ad05-8b00ec811854/current/log_inprogress_0
2019-10-03 05:49:38,338 [Thread-246] INFO  impl.FollowerState (FollowerState.java:run(108)) - aaa61f5b-6d33-454c-b5c1-ebc100bec0ba@group-1A71FF357909-FollowerState: change to CANDIDATE, lastRpcTime:5119ms, electionTimeout:5119ms
2019-10-03 05:49:38,338 [Thread-246] INFO  impl.RoleInfo (RoleInfo.java:shutdownFollowerState(121)) - aaa61f5b-6d33-454c-b5c1-ebc100bec0ba: shutdown FollowerState
2019-10-03 05:49:38,338 [Thread-246] INFO  impl.RaftServerImpl (RaftServerImpl.java:setRole(170)) - aaa61f5b-6d33-454c-b5c1-ebc100bec0ba@group-1A71FF357909: changes role from  FOLLOWER to CANDIDATE at term 0 for changeToCandidate
2019-10-03 05:49:38,339 [Thread-246] INFO  impl.RoleInfo (RoleInfo.java:updateAndGet(143)) - aaa61f5b-6d33-454c-b5c1-ebc100bec0ba: start LeaderElection
2019-10-03 05:49:38,362 [Thread-249] INFO  impl.FollowerState (FollowerState.java:run(108)) - 25df95fc-d168-4c4c-bc82-68d8d7d98e43@group-925B4450BFAD-FollowerState: change to CANDIDATE, lastRpcTime:5031ms, electionTimeout:5031ms
2019-10-03 05:49:38,362 [Thread-249] INFO  impl.RoleInfo (RoleInfo.java:shutdownFollowerState(121)) - 25df95fc-d168-4c4c-bc82-68d8d7d98e43: shutdown FollowerState
2019-10-03 05:49:38,362 [Thread-249] INFO  impl.RaftServerImpl (RaftServerImpl.java:setRole(170)) - 25df95fc-d168-4c4c-bc82-68d8d7d98e43@group-925B4450BFAD: changes role from  FOLLOWER to CANDIDATE at term 0 for changeToCandidate
2019-10-03 05:49:38,362 [Thread-249] INFO  impl.RoleInfo (RoleInfo.java:updateAndGet(143)) - 25df95fc-d168-4c4c-bc82-68d8d7d98e43: start LeaderElection
2019-10-03 05:49:38,367 [aaa61f5b-6d33-454c-b5c1-ebc100bec0ba@group-1A71FF357909-LeaderElection3] INFO  impl.LeaderElection (LeaderElection.java:askForVotes(178)) - aaa61f5b-6d33-454c-b5c1-ebc100bec0ba@group-1A71FF357909-LeaderElection3: begin an election at term 1 for -1: [aaa61f5b-6d33-454c-b5c1-ebc100bec0ba:192.168.30.19:38751], old=null
2019-10-03 05:49:38,368 [aaa61f5b-6d33-454c-b5c1-ebc100bec0ba@group-1A71FF357909-LeaderElection3] INFO  impl.RoleInfo (RoleInfo.java:shutdownLeaderElection(134)) - aaa61f5b-6d33-454c-b5c1-ebc100bec0ba: shutdown LeaderElection
2019-10-03 05:49:38,368 [aaa61f5b-6d33-454c-b5c1-ebc100bec0ba@group-1A71FF357909-LeaderElection3] INFO  impl.RaftServerImpl (RaftServerImpl.java:setRole(170)) - aaa61f5b-6d33-454c-b5c1-ebc100bec0ba@group-1A71FF357909: changes role from CANDIDATE to LEADER at term 1 for changeToLeader
2019-10-03 05:49:38,368 [aaa61f5b-6d33-454c-b5c1-ebc100bec0ba@group-1A71FF357909-LeaderElection3] INFO  impl.RaftServerImpl (ServerState.java:setLeader(255)) - aaa61f5b-6d33-454c-b5c1-ebc100bec0ba@group-1A71FF357909: change Leader from null to aaa61f5b-6d33-454c-b5c1-ebc100bec0ba at term 1 for becomeLeader, leader elected after 5205ms
2019-10-03 05:49:38,369 [aaa61f5b-6d33-454c-b5c1-ebc100bec0ba@group-1A71FF357909-LeaderElection3] INFO  server.RaftServerConfigKeys (ConfUtils.java:logGet(43)) - raft.server.staging.catchup.gap = 1000 (default)
2019-10-03 05:49:38,370 [aaa61f5b-6d33-454c-b5c1-ebc100bec0ba@group-1A71FF357909-LeaderElection3] INFO  server.RaftServerConfigKeys (ConfUtils.java:logGet(43)) - raft.server.rpc.sleep.time = 25ms (default)
2019-10-03 05:49:38,370 [aaa61f5b-6d33-454c-b5c1-ebc100bec0ba@group-1A71FF357909-LeaderElection3] INFO  server.RaftServerConfigKeys (ConfUtils.java:logGet(43)) - raft.server.write.element-limit = 4096 (default)
2019-10-03 05:49:38,370 [aaa61f5b-6d33-454c-b5c1-ebc100bec0ba@group-1A71FF357909-LeaderElection3] INFO  server.RaftServerConfigKeys (ConfUtils.java:logGet(43)) - raft.server.watch.timeout = 10s (default)
2019-10-03 05:49:38,370 [aaa61f5b-6d33-454c-b5c1-ebc100bec0ba@group-1A71FF357909-LeaderElection3] INFO  server.RaftServerConfigKeys (ConfUtils.java:logGet(43)) - raft.server.watch.timeout.denomination = 1s (default)
2019-10-03 05:49:38,371 [aaa61f5b-6d33-454c-b5c1-ebc100bec0ba@group-1A71FF357909-LeaderElection3] INFO  server.RaftServerConfigKeys (ConfUtils.java:logGet(43)) - raft.server.watch.element-limit = 65536 (default)
2019-10-03 05:49:38,376 [aaa61f5b-6d33-454c-b5c1-ebc100bec0ba@group-1A71FF357909-LeaderElection3] INFO  impl.RoleInfo (RoleInfo.java:updateAndGet(143)) - aaa61f5b-6d33-454c-b5c1-ebc100bec0ba: start LeaderState
2019-10-03 05:49:38,377 [aaa61f5b-6d33-454c-b5c1-ebc100bec0ba@group-1A71FF357909-LeaderElection3] INFO  segmented.SegmentedRaftLogWorker (SegmentedRaftLogWorker.java:startLogSegment(385)) - aaa61f5b-6d33-454c-b5c1-ebc100bec0ba@group-1A71FF357909-SegmentedRaftLogWorker: Starting segment from index:0
2019-10-03 05:49:38,377 [aaa61f5b-6d33-454c-b5c1-ebc100bec0ba@group-1A71FF357909-LeaderElection3] INFO  impl.RaftServerImpl (ServerState.java:setRaftConf(356)) - aaa61f5b-6d33-454c-b5c1-ebc100bec0ba@group-1A71FF357909: set configuration 0: [aaa61f5b-6d33-454c-b5c1-ebc100bec0ba:192.168.30.19:38751], old=null at 0
2019-10-03 05:49:38,415 [25df95fc-d168-4c4c-bc82-68d8d7d98e43@group-925B4450BFAD-LeaderElection4] INFO  impl.LeaderElection (LeaderElection.java:askForVotes(178)) - 25df95fc-d168-4c4c-bc82-68d8d7d98e43@group-925B4450BFAD-LeaderElection4: begin an election at term 1 for -1: [25df95fc-d168-4c4c-bc82-68d8d7d98e43:192.168.30.19:43412], old=null
2019-10-03 05:49:38,415 [25df95fc-d168-4c4c-bc82-68d8d7d98e43@group-925B4450BFAD-LeaderElection4] INFO  impl.RoleInfo (RoleInfo.java:shutdownLeaderElection(134)) - 25df95fc-d168-4c4c-bc82-68d8d7d98e43: shutdown LeaderElection
2019-10-03 05:49:38,415 [25df95fc-d168-4c4c-bc82-68d8d7d98e43@group-925B4450BFAD-LeaderElection4] INFO  impl.RaftServerImpl (RaftServerImpl.java:setRole(170)) - 25df95fc-d168-4c4c-bc82-68d8d7d98e43@group-925B4450BFAD: changes role from CANDIDATE to LEADER at term 1 for changeToLeader
2019-10-03 05:49:38,415 [25df95fc-d168-4c4c-bc82-68d8d7d98e43@group-925B4450BFAD-LeaderElection4] INFO  impl.RaftServerImpl (ServerState.java:setLeader(255)) - 25df95fc-d168-4c4c-bc82-68d8d7d98e43@group-925B4450BFAD: change Leader from null to 25df95fc-d168-4c4c-bc82-68d8d7d98e43 at term 1 for becomeLeader, leader elected after 5102ms
2019-10-03 05:49:38,417 [25df95fc-d168-4c4c-bc82-68d8d7d98e43@group-925B4450BFAD-LeaderElection4] INFO  server.RaftServerConfigKeys (ConfUtils.java:logGet(43)) - raft.server.staging.catchup.gap = 1000 (default)
2019-10-03 05:49:38,417 [25df95fc-d168-4c4c-bc82-68d8d7d98e43@group-925B4450BFAD-LeaderElection4] INFO  server.RaftServerConfigKeys (ConfUtils.java:logGet(43)) - raft.server.rpc.sleep.time = 25ms (default)
2019-10-03 05:49:38,418 [25df95fc-d168-4c4c-bc82-68d8d7d98e43@group-925B4450BFAD-LeaderElection4] INFO  server.RaftServerConfigKeys (ConfUtils.java:logGet(43)) - raft.server.write.element-limit = 4096 (default)
2019-10-03 05:49:38,418 [25df95fc-d168-4c4c-bc82-68d8d7d98e43@group-925B4450BFAD-LeaderElection4] INFO  server.RaftServerConfigKeys (ConfUtils.java:logGet(43)) - raft.server.watch.timeout = 10s (default)
2019-10-03 05:49:38,418 [25df95fc-d168-4c4c-bc82-68d8d7d98e43@group-925B4450BFAD-LeaderElection4] INFO  server.RaftServerConfigKeys (ConfUtils.java:logGet(43)) - raft.server.watch.timeout.denomination = 1s (default)
2019-10-03 05:49:38,418 [25df95fc-d168-4c4c-bc82-68d8d7d98e43@group-925B4450BFAD-LeaderElection4] INFO  server.RaftServerConfigKeys (ConfUtils.java:logGet(43)) - raft.server.watch.element-limit = 65536 (default)
2019-10-03 05:49:38,423 [25df95fc-d168-4c4c-bc82-68d8d7d98e43@group-925B4450BFAD-LeaderElection4] INFO  impl.RoleInfo (RoleInfo.java:updateAndGet(143)) - 25df95fc-d168-4c4c-bc82-68d8d7d98e43: start LeaderState
2019-10-03 05:49:38,423 [25df95fc-d168-4c4c-bc82-68d8d7d98e43@group-925B4450BFAD-LeaderElection4] INFO  segmented.SegmentedRaftLogWorker (SegmentedRaftLogWorker.java:startLogSegment(385)) - 25df95fc-d168-4c4c-bc82-68d8d7d98e43@group-925B4450BFAD-SegmentedRaftLogWorker: Starting segment from index:0
2019-10-03 05:49:38,424 [25df95fc-d168-4c4c-bc82-68d8d7d98e43@group-925B4450BFAD-LeaderElection4] INFO  impl.RaftServerImpl (ServerState.java:setRaftConf(356)) - 25df95fc-d168-4c4c-bc82-68d8d7d98e43@group-925B4450BFAD: set configuration 0: [25df95fc-d168-4c4c-bc82-68d8d7d98e43:192.168.30.19:43412], old=null at 0
2019-10-03 05:49:38,437 [aaa61f5b-6d33-454c-b5c1-ebc100bec0ba@group-1A71FF357909-SegmentedRaftLogWorker] INFO  segmented.SegmentedRaftLogWorker (SegmentedRaftLogWorker.java:execute(574)) - aaa61f5b-6d33-454c-b5c1-ebc100bec0ba@group-1A71FF357909-SegmentedRaftLogWorker: created new log segment /workdir/hadoop-ozone/integration-test/target/test-dir/MiniOzoneClusterImpl-864660b0-aed1-4907-bdd6-cc1949fc1881/datanode-6/data/ratis/6d232970-547c-44a5-bb25-1a71ff357909/current/log_inprogress_0
2019-10-03 05:49:38,499 [25df95fc-d168-4c4c-bc82-68d8d7d98e43@group-925B4450BFAD-SegmentedRaftLogWorker] INFO  segmented.SegmentedRaftLogWorker (SegmentedRaftLogWorker.java:execute(574)) - 25df95fc-d168-4c4c-bc82-68d8d7d98e43@group-925B4450BFAD-SegmentedRaftLogWorker: created new log segment /workdir/hadoop-ozone/integration-test/target/test-dir/MiniOzoneClusterImpl-864660b0-aed1-4907-bdd6-cc1949fc1881/datanode-3/data/ratis/f6f2ba59-788f-4e0c-8363-925b4450bfad/current/log_inprogress_0
2019-10-03 05:49:38,585 [Thread-255] INFO  impl.FollowerState (FollowerState.java:run(108)) - e132bd7b-48f1-4f2b-8844-8efe49d63ff3@group-3C167CA2DADD-FollowerState: change to CANDIDATE, lastRpcTime:5014ms, electionTimeout:5014ms
2019-10-03 05:49:38,586 [Thread-255] INFO  impl.RoleInfo (RoleInfo.java:shutdownFollowerState(121)) - e132bd7b-48f1-4f2b-8844-8efe49d63ff3: shutdown FollowerState
2019-10-03 05:49:38,586 [Thread-255] INFO  impl.RaftServerImpl (RaftServerImpl.java:setRole(170)) - e132bd7b-48f1-4f2b-8844-8efe49d63ff3@group-3C167CA2DADD: changes role from  FOLLOWER to CANDIDATE at term 0 for changeToCandidate
2019-10-03 05:49:38,586 [Thread-255] INFO  impl.RoleInfo (RoleInfo.java:updateAndGet(143)) - e132bd7b-48f1-4f2b-8844-8efe49d63ff3: start LeaderElection
2019-10-03 05:49:38,603 [Thread-252] INFO  impl.FollowerState (FollowerState.java:run(108)) - 43b54258-4692-4446-820b-1f86bc5245ec@group-FB7D5789BDD4-FollowerState: change to CANDIDATE, lastRpcTime:5149ms, electionTimeout:5149ms
2019-10-03 05:49:38,603 [Thread-252] INFO  impl.RoleInfo (RoleInfo.java:shutdownFollowerState(121)) - 43b54258-4692-4446-820b-1f86bc5245ec: shutdown FollowerState
2019-10-03 05:49:38,603 [Thread-252] INFO  impl.RaftServerImpl (RaftServerImpl.java:setRole(170)) - 43b54258-4692-4446-820b-1f86bc5245ec@group-FB7D5789BDD4: changes role from  FOLLOWER to CANDIDATE at term 0 for changeToCandidate
2019-10-03 05:49:38,604 [Thread-252] INFO  impl.RoleInfo (RoleInfo.java:updateAndGet(143)) - 43b54258-4692-4446-820b-1f86bc5245ec: start LeaderElection
2019-10-03 05:49:38,616 [e132bd7b-48f1-4f2b-8844-8efe49d63ff3@group-3C167CA2DADD-LeaderElection5] INFO  impl.LeaderElection (LeaderElection.java:askForVotes(178)) - e132bd7b-48f1-4f2b-8844-8efe49d63ff3@group-3C167CA2DADD-LeaderElection5: begin an election at term 1 for -1: [e132bd7b-48f1-4f2b-8844-8efe49d63ff3:192.168.30.19:46105], old=null
2019-10-03 05:49:38,616 [e132bd7b-48f1-4f2b-8844-8efe49d63ff3@group-3C167CA2DADD-LeaderElection5] INFO  impl.RoleInfo (RoleInfo.java:shutdownLeaderElection(134)) - e132bd7b-48f1-4f2b-8844-8efe49d63ff3: shutdown LeaderElection
2019-10-03 05:49:38,617 [e132bd7b-48f1-4f2b-8844-8efe49d63ff3@group-3C167CA2DADD-LeaderElection5] INFO  impl.RaftServerImpl (RaftServerImpl.java:setRole(170)) - e132bd7b-48f1-4f2b-8844-8efe49d63ff3@group-3C167CA2DADD: changes role from CANDIDATE to LEADER at term 1 for changeToLeader
2019-10-03 05:49:38,617 [e132bd7b-48f1-4f2b-8844-8efe49d63ff3@group-3C167CA2DADD-LeaderElection5] INFO  impl.RaftServerImpl (ServerState.java:setLeader(255)) - e132bd7b-48f1-4f2b-8844-8efe49d63ff3@group-3C167CA2DADD: change Leader from null to e132bd7b-48f1-4f2b-8844-8efe49d63ff3 at term 1 for becomeLeader, leader elected after 5057ms
2019-10-03 05:49:38,619 [e132bd7b-48f1-4f2b-8844-8efe49d63ff3@group-3C167CA2DADD-LeaderElection5] INFO  server.RaftServerConfigKeys (ConfUtils.java:logGet(43)) - raft.server.staging.catchup.gap = 1000 (default)
2019-10-03 05:49:38,619 [e132bd7b-48f1-4f2b-8844-8efe49d63ff3@group-3C167CA2DADD-LeaderElection5] INFO  server.RaftServerConfigKeys (ConfUtils.java:logGet(43)) - raft.server.rpc.sleep.time = 25ms (default)
2019-10-03 05:49:38,619 [e132bd7b-48f1-4f2b-8844-8efe49d63ff3@group-3C167CA2DADD-LeaderElection5] INFO  server.RaftServerConfigKeys (ConfUtils.java:logGet(43)) - raft.server.write.element-limit = 4096 (default)
2019-10-03 05:49:38,620 [e132bd7b-48f1-4f2b-8844-8efe49d63ff3@group-3C167CA2DADD-LeaderElection5] INFO  server.RaftServerConfigKeys (ConfUtils.java:logGet(43)) - raft.server.watch.timeout = 10s (default)
2019-10-03 05:49:38,620 [e132bd7b-48f1-4f2b-8844-8efe49d63ff3@group-3C167CA2DADD-LeaderElection5] INFO  server.RaftServerConfigKeys (ConfUtils.java:logGet(43)) - raft.server.watch.timeout.denomination = 1s (default)
2019-10-03 05:49:38,620 [e132bd7b-48f1-4f2b-8844-8efe49d63ff3@group-3C167CA2DADD-LeaderElection5] INFO  server.RaftServerConfigKeys (ConfUtils.java:logGet(43)) - raft.server.watch.element-limit = 65536 (default)
2019-10-03 05:49:38,623 [e132bd7b-48f1-4f2b-8844-8efe49d63ff3@group-3C167CA2DADD-LeaderElection5] INFO  impl.RoleInfo (RoleInfo.java:updateAndGet(143)) - e132bd7b-48f1-4f2b-8844-8efe49d63ff3: start LeaderState
2019-10-03 05:49:38,624 [e132bd7b-48f1-4f2b-8844-8efe49d63ff3@group-3C167CA2DADD-LeaderElection5] INFO  segmented.SegmentedRaftLogWorker (SegmentedRaftLogWorker.java:startLogSegment(385)) - e132bd7b-48f1-4f2b-8844-8efe49d63ff3@group-3C167CA2DADD-SegmentedRaftLogWorker: Starting segment from index:0
2019-10-03 05:49:38,625 [e132bd7b-48f1-4f2b-8844-8efe49d63ff3@group-3C167CA2DADD-LeaderElection5] INFO  impl.RaftServerImpl (ServerState.java:setRaftConf(356)) - e132bd7b-48f1-4f2b-8844-8efe49d63ff3@group-3C167CA2DADD: set configuration 0: [e132bd7b-48f1-4f2b-8844-8efe49d63ff3:192.168.30.19:46105], old=null at 0
2019-10-03 05:49:38,668 [43b54258-4692-4446-820b-1f86bc5245ec@group-FB7D5789BDD4-LeaderElection6] INFO  impl.LeaderElection (LeaderElection.java:askForVotes(178)) - 43b54258-4692-4446-820b-1f86bc5245ec@group-FB7D5789BDD4-LeaderElection6: begin an election at term 1 for -1: [43b54258-4692-4446-820b-1f86bc5245ec:192.168.30.19:36060], old=null
2019-10-03 05:49:38,668 [43b54258-4692-4446-820b-1f86bc5245ec@group-FB7D5789BDD4-LeaderElection6] INFO  impl.RoleInfo (RoleInfo.java:shutdownLeaderElection(134)) - 43b54258-4692-4446-820b-1f86bc5245ec: shutdown LeaderElection
2019-10-03 05:49:38,669 [43b54258-4692-4446-820b-1f86bc5245ec@group-FB7D5789BDD4-LeaderElection6] INFO  impl.RaftServerImpl (RaftServerImpl.java:setRole(170)) - 43b54258-4692-4446-820b-1f86bc5245ec@group-FB7D5789BDD4: changes role from CANDIDATE to LEADER at term 1 for changeToLeader
2019-10-03 05:49:38,669 [43b54258-4692-4446-820b-1f86bc5245ec@group-FB7D5789BDD4-LeaderElection6] INFO  impl.RaftServerImpl (ServerState.java:setLeader(255)) - 43b54258-4692-4446-820b-1f86bc5245ec@group-FB7D5789BDD4: change Leader from null to 43b54258-4692-4446-820b-1f86bc5245ec at term 1 for becomeLeader, leader elected after 5226ms
2019-10-03 05:49:38,671 [43b54258-4692-4446-820b-1f86bc5245ec@group-FB7D5789BDD4-LeaderElection6] INFO  server.RaftServerConfigKeys (ConfUtils.java:logGet(43)) - raft.server.staging.catchup.gap = 1000 (default)
2019-10-03 05:49:38,672 [43b54258-4692-4446-820b-1f86bc5245ec@group-FB7D5789BDD4-LeaderElection6] INFO  server.RaftServerConfigKeys (ConfUtils.java:logGet(43)) - raft.server.rpc.sleep.time = 25ms (default)
2019-10-03 05:49:38,672 [43b54258-4692-4446-820b-1f86bc5245ec@group-FB7D5789BDD4-LeaderElection6] INFO  server.RaftServerConfigKeys (ConfUtils.java:logGet(43)) - raft.server.write.element-limit = 4096 (default)
2019-10-03 05:49:38,672 [43b54258-4692-4446-820b-1f86bc5245ec@group-FB7D5789BDD4-LeaderElection6] INFO  server.RaftServerConfigKeys (ConfUtils.java:logGet(43)) - raft.server.watch.timeout = 10s (default)
2019-10-03 05:49:38,673 [43b54258-4692-4446-820b-1f86bc5245ec@group-FB7D5789BDD4-LeaderElection6] INFO  server.RaftServerConfigKeys (ConfUtils.java:logGet(43)) - raft.server.watch.timeout.denomination = 1s (default)
2019-10-03 05:49:38,673 [43b54258-4692-4446-820b-1f86bc5245ec@group-FB7D5789BDD4-LeaderElection6] INFO  server.RaftServerConfigKeys (ConfUtils.java:logGet(43)) - raft.server.watch.element-limit = 65536 (default)
2019-10-03 05:49:38,678 [43b54258-4692-4446-820b-1f86bc5245ec@group-FB7D5789BDD4-LeaderElection6] INFO  impl.RoleInfo (RoleInfo.java:updateAndGet(143)) - 43b54258-4692-4446-820b-1f86bc5245ec: start LeaderState
2019-10-03 05:49:38,679 [43b54258-4692-4446-820b-1f86bc5245ec@group-FB7D5789BDD4-LeaderElection6] INFO  segmented.SegmentedRaftLogWorker (SegmentedRaftLogWorker.java:startLogSegment(385)) - 43b54258-4692-4446-820b-1f86bc5245ec@group-FB7D5789BDD4-SegmentedRaftLogWorker: Starting segment from index:0
2019-10-03 05:49:38,680 [43b54258-4692-4446-820b-1f86bc5245ec@group-FB7D5789BDD4-LeaderElection6] INFO  impl.RaftServerImpl (ServerState.java:setRaftConf(356)) - 43b54258-4692-4446-820b-1f86bc5245ec@group-FB7D5789BDD4: set configuration 0: [43b54258-4692-4446-820b-1f86bc5245ec:192.168.30.19:36060], old=null at 0
2019-10-03 05:49:38,692 [e132bd7b-48f1-4f2b-8844-8efe49d63ff3@group-3C167CA2DADD-SegmentedRaftLogWorker] INFO  segmented.SegmentedRaftLogWorker (SegmentedRaftLogWorker.java:execute(574)) - e132bd7b-48f1-4f2b-8844-8efe49d63ff3@group-3C167CA2DADD-SegmentedRaftLogWorker: created new log segment /workdir/hadoop-ozone/integration-test/target/test-dir/MiniOzoneClusterImpl-864660b0-aed1-4907-bdd6-cc1949fc1881/datanode-2/data/ratis/8486cfa3-d707-47f3-911c-3c167ca2dadd/current/log_inprogress_0
2019-10-03 05:49:38,750 [43b54258-4692-4446-820b-1f86bc5245ec@group-FB7D5789BDD4-SegmentedRaftLogWorker] INFO  segmented.SegmentedRaftLogWorker (SegmentedRaftLogWorker.java:execute(574)) - 43b54258-4692-4446-820b-1f86bc5245ec@group-FB7D5789BDD4-SegmentedRaftLogWorker: created new log segment /workdir/hadoop-ozone/integration-test/target/test-dir/MiniOzoneClusterImpl-864660b0-aed1-4907-bdd6-cc1949fc1881/datanode-4/data/ratis/a5b34224-98cb-4894-a4c3-fb7d5789bdd4/current/log_inprogress_0
2019-10-03 05:49:38,843 [Thread-259] INFO  impl.FollowerState (FollowerState.java:run(108)) - 3c6c5713-93de-4a22-9ce0-742456d79eff@group-B136EDF2754E-FollowerState: change to CANDIDATE, lastRpcTime:5159ms, electionTimeout:5159ms
2019-10-03 05:49:38,844 [Thread-259] INFO  impl.RoleInfo (RoleInfo.java:shutdownFollowerState(121)) - 3c6c5713-93de-4a22-9ce0-742456d79eff: shutdown FollowerState
2019-10-03 05:49:38,844 [Thread-259] INFO  impl.RaftServerImpl (RaftServerImpl.java:setRole(170)) - 3c6c5713-93de-4a22-9ce0-742456d79eff@group-B136EDF2754E: changes role from  FOLLOWER to CANDIDATE at term 0 for changeToCandidate
2019-10-03 05:49:38,844 [Thread-259] INFO  impl.RoleInfo (RoleInfo.java:updateAndGet(143)) - 3c6c5713-93de-4a22-9ce0-742456d79eff: start LeaderElection
2019-10-03 05:49:38,876 [3c6c5713-93de-4a22-9ce0-742456d79eff@group-B136EDF2754E-LeaderElection7] INFO  impl.LeaderElection (LeaderElection.java:askForVotes(178)) - 3c6c5713-93de-4a22-9ce0-742456d79eff@group-B136EDF2754E-LeaderElection7: begin an election at term 1 for -1: [3c6c5713-93de-4a22-9ce0-742456d79eff:192.168.30.19:37775], old=null
2019-10-03 05:49:38,876 [3c6c5713-93de-4a22-9ce0-742456d79eff@group-B136EDF2754E-LeaderElection7] INFO  impl.RoleInfo (RoleInfo.java:shutdownLeaderElection(134)) - 3c6c5713-93de-4a22-9ce0-742456d79eff: shutdown LeaderElection
2019-10-03 05:49:38,876 [3c6c5713-93de-4a22-9ce0-742456d79eff@group-B136EDF2754E-LeaderElection7] INFO  impl.RaftServerImpl (RaftServerImpl.java:setRole(170)) - 3c6c5713-93de-4a22-9ce0-742456d79eff@group-B136EDF2754E: changes role from CANDIDATE to LEADER at term 1 for changeToLeader
2019-10-03 05:49:38,877 [3c6c5713-93de-4a22-9ce0-742456d79eff@group-B136EDF2754E-LeaderElection7] INFO  impl.RaftServerImpl (ServerState.java:setLeader(255)) - 3c6c5713-93de-4a22-9ce0-742456d79eff@group-B136EDF2754E: change Leader from null to 3c6c5713-93de-4a22-9ce0-742456d79eff at term 1 for becomeLeader, leader elected after 5207ms
2019-10-03 05:49:38,879 [3c6c5713-93de-4a22-9ce0-742456d79eff@group-B136EDF2754E-LeaderElection7] INFO  server.RaftServerConfigKeys (ConfUtils.java:logGet(43)) - raft.server.staging.catchup.gap = 1000 (default)
2019-10-03 05:49:38,879 [3c6c5713-93de-4a22-9ce0-742456d79eff@group-B136EDF2754E-LeaderElection7] INFO  server.RaftServerConfigKeys (ConfUtils.java:logGet(43)) - raft.server.rpc.sleep.time = 25ms (default)
2019-10-03 05:49:38,880 [3c6c5713-93de-4a22-9ce0-742456d79eff@group-B136EDF2754E-LeaderElection7] INFO  server.RaftServerConfigKeys (ConfUtils.java:logGet(43)) - raft.server.write.element-limit = 4096 (default)
2019-10-03 05:49:38,880 [3c6c5713-93de-4a22-9ce0-742456d79eff@group-B136EDF2754E-LeaderElection7] INFO  server.RaftServerConfigKeys (ConfUtils.java:logGet(43)) - raft.server.watch.timeout = 10s (default)
2019-10-03 05:49:38,880 [3c6c5713-93de-4a22-9ce0-742456d79eff@group-B136EDF2754E-LeaderElection7] INFO  server.RaftServerConfigKeys (ConfUtils.java:logGet(43)) - raft.server.watch.timeout.denomination = 1s (default)
2019-10-03 05:49:38,880 [3c6c5713-93de-4a22-9ce0-742456d79eff@group-B136EDF2754E-LeaderElection7] INFO  server.RaftServerConfigKeys (ConfUtils.java:logGet(43)) - raft.server.watch.element-limit = 65536 (default)
2019-10-03 05:49:38,885 [3c6c5713-93de-4a22-9ce0-742456d79eff@group-B136EDF2754E-LeaderElection7] INFO  impl.RoleInfo (RoleInfo.java:updateAndGet(143)) - 3c6c5713-93de-4a22-9ce0-742456d79eff: start LeaderState
2019-10-03 05:49:38,885 [3c6c5713-93de-4a22-9ce0-742456d79eff@group-B136EDF2754E-LeaderElection7] INFO  segmented.SegmentedRaftLogWorker (SegmentedRaftLogWorker.java:startLogSegment(385)) - 3c6c5713-93de-4a22-9ce0-742456d79eff@group-B136EDF2754E-SegmentedRaftLogWorker: Starting segment from index:0
2019-10-03 05:49:38,886 [3c6c5713-93de-4a22-9ce0-742456d79eff@group-B136EDF2754E-LeaderElection7] INFO  impl.RaftServerImpl (ServerState.java:setRaftConf(356)) - 3c6c5713-93de-4a22-9ce0-742456d79eff@group-B136EDF2754E: set configuration 0: [3c6c5713-93de-4a22-9ce0-742456d79eff:192.168.30.19:37775], old=null at 0
2019-10-03 05:49:38,930 [Thread-266] INFO  impl.FollowerState (FollowerState.java:run(108)) - aaa61f5b-6d33-454c-b5c1-ebc100bec0ba@group-3343B05F753D-FollowerState: change to CANDIDATE, lastRpcTime:5090ms, electionTimeout:5066ms
2019-10-03 05:49:38,931 [Thread-266] INFO  impl.RoleInfo (RoleInfo.java:shutdownFollowerState(121)) - aaa61f5b-6d33-454c-b5c1-ebc100bec0ba: shutdown FollowerState
2019-10-03 05:49:38,931 [Thread-266] INFO  impl.RaftServerImpl (RaftServerImpl.java:setRole(170)) - aaa61f5b-6d33-454c-b5c1-ebc100bec0ba@group-3343B05F753D: changes role from  FOLLOWER to CANDIDATE at term 0 for changeToCandidate
2019-10-03 05:49:38,931 [Thread-266] INFO  impl.RoleInfo (RoleInfo.java:updateAndGet(143)) - aaa61f5b-6d33-454c-b5c1-ebc100bec0ba: start LeaderElection
2019-10-03 05:49:38,943 [Thread-264] INFO  impl.FollowerState (FollowerState.java:run(108)) - fdc6239b-1581-495f-aa0c-6ef093335d88@group-3343B05F753D-FollowerState: change to CANDIDATE, lastRpcTime:5106ms, electionTimeout:5106ms
2019-10-03 05:49:38,944 [Thread-264] INFO  impl.RoleInfo (RoleInfo.java:shutdownFollowerState(121)) - fdc6239b-1581-495f-aa0c-6ef093335d88: shutdown FollowerState
2019-10-03 05:49:38,944 [Thread-264] INFO  impl.RaftServerImpl (RaftServerImpl.java:setRole(170)) - fdc6239b-1581-495f-aa0c-6ef093335d88@group-3343B05F753D: changes role from  FOLLOWER to CANDIDATE at term 0 for changeToCandidate
2019-10-03 05:49:38,944 [Thread-264] INFO  impl.RoleInfo (RoleInfo.java:updateAndGet(143)) - fdc6239b-1581-495f-aa0c-6ef093335d88: start LeaderElection
2019-10-03 05:49:38,960 [3c6c5713-93de-4a22-9ce0-742456d79eff@group-B136EDF2754E-SegmentedRaftLogWorker] INFO  segmented.SegmentedRaftLogWorker (SegmentedRaftLogWorker.java:execute(574)) - 3c6c5713-93de-4a22-9ce0-742456d79eff@group-B136EDF2754E-SegmentedRaftLogWorker: created new log segment /workdir/hadoop-ozone/integration-test/target/test-dir/MiniOzoneClusterImpl-864660b0-aed1-4907-bdd6-cc1949fc1881/datanode-1/data/ratis/eebb37a7-ab62-46e5-b430-b136edf2754e/current/log_inprogress_0
2019-10-03 05:49:38,960 [aaa61f5b-6d33-454c-b5c1-ebc100bec0ba@group-3343B05F753D-LeaderElection8] INFO  impl.LeaderElection (LeaderElection.java:askForVotes(178)) - aaa61f5b-6d33-454c-b5c1-ebc100bec0ba@group-3343B05F753D-LeaderElection8: begin an election at term 1 for -1: [fdc6239b-1581-495f-aa0c-6ef093335d88:192.168.30.19:40162, aaa61f5b-6d33-454c-b5c1-ebc100bec0ba:192.168.30.19:38751, 25df95fc-d168-4c4c-bc82-68d8d7d98e43:192.168.30.19:43412], old=null
2019-10-03 05:49:38,977 [fdc6239b-1581-495f-aa0c-6ef093335d88@group-3343B05F753D-LeaderElection9] INFO  impl.LeaderElection (LeaderElection.java:askForVotes(178)) - fdc6239b-1581-495f-aa0c-6ef093335d88@group-3343B05F753D-LeaderElection9: begin an election at term 1 for -1: [fdc6239b-1581-495f-aa0c-6ef093335d88:192.168.30.19:40162, aaa61f5b-6d33-454c-b5c1-ebc100bec0ba:192.168.30.19:38751, 25df95fc-d168-4c4c-bc82-68d8d7d98e43:192.168.30.19:43412], old=null
2019-10-03 05:49:38,997 [Thread-265] INFO  impl.FollowerState (FollowerState.java:run(108)) - 25df95fc-d168-4c4c-bc82-68d8d7d98e43@group-3343B05F753D-FollowerState: change to CANDIDATE, lastRpcTime:5158ms, electionTimeout:5158ms
2019-10-03 05:49:38,997 [Thread-265] INFO  impl.RoleInfo (RoleInfo.java:shutdownFollowerState(121)) - 25df95fc-d168-4c4c-bc82-68d8d7d98e43: shutdown FollowerState
2019-10-03 05:49:38,997 [Thread-265] INFO  impl.RaftServerImpl (RaftServerImpl.java:setRole(170)) - 25df95fc-d168-4c4c-bc82-68d8d7d98e43@group-3343B05F753D: changes role from  FOLLOWER to CANDIDATE at term 0 for changeToCandidate
2019-10-03 05:49:38,998 [Thread-265] INFO  impl.RoleInfo (RoleInfo.java:updateAndGet(143)) - 25df95fc-d168-4c4c-bc82-68d8d7d98e43: start LeaderElection
2019-10-03 05:49:39,035 [25df95fc-d168-4c4c-bc82-68d8d7d98e43@group-3343B05F753D-LeaderElection10] INFO  impl.LeaderElection (LeaderElection.java:askForVotes(178)) - 25df95fc-d168-4c4c-bc82-68d8d7d98e43@group-3343B05F753D-LeaderElection10: begin an election at term 1 for -1: [fdc6239b-1581-495f-aa0c-6ef093335d88:192.168.30.19:40162, aaa61f5b-6d33-454c-b5c1-ebc100bec0ba:192.168.30.19:38751, 25df95fc-d168-4c4c-bc82-68d8d7d98e43:192.168.30.19:43412], old=null
2019-10-03 05:49:39,074 [fdc6239b-1581-495f-aa0c-6ef093335d88@group-3343B05F753D-LeaderElection9] INFO  impl.LeaderElection (LeaderElection.java:logAndReturn(56)) - fdc6239b-1581-495f-aa0c-6ef093335d88@group-3343B05F753D-LeaderElection9: Election REJECTED; received 2 response(s) [fdc6239b-1581-495f-aa0c-6ef093335d88<-aaa61f5b-6d33-454c-b5c1-ebc100bec0ba#0:FAIL-t1, fdc6239b-1581-495f-aa0c-6ef093335d88<-25df95fc-d168-4c4c-bc82-68d8d7d98e43#0:FAIL-t1] and 0 exception(s); fdc6239b-1581-495f-aa0c-6ef093335d88@group-3343B05F753D:t1, leader=null, voted=fdc6239b-1581-495f-aa0c-6ef093335d88, raftlog=fdc6239b-1581-495f-aa0c-6ef093335d88@group-3343B05F753D-SegmentedRaftLog:OPENED:c-1,f-1,i0, conf=-1: [fdc6239b-1581-495f-aa0c-6ef093335d88:192.168.30.19:40162, aaa61f5b-6d33-454c-b5c1-ebc100bec0ba:192.168.30.19:38751, 25df95fc-d168-4c4c-bc82-68d8d7d98e43:192.168.30.19:43412], old=null
2019-10-03 05:49:39,074 [aaa61f5b-6d33-454c-b5c1-ebc100bec0ba@group-3343B05F753D-LeaderElection8] INFO  impl.LeaderElection (LeaderElection.java:logAndReturn(56)) - aaa61f5b-6d33-454c-b5c1-ebc100bec0ba@group-3343B05F753D-LeaderElection8: Election REJECTED; received 2 response(s) [aaa61f5b-6d33-454c-b5c1-ebc100bec0ba<-fdc6239b-1581-495f-aa0c-6ef093335d88#0:FAIL-t1, aaa61f5b-6d33-454c-b5c1-ebc100bec0ba<-25df95fc-d168-4c4c-bc82-68d8d7d98e43#0:FAIL-t1] and 0 exception(s); aaa61f5b-6d33-454c-b5c1-ebc100bec0ba@group-3343B05F753D:t1, leader=null, voted=aaa61f5b-6d33-454c-b5c1-ebc100bec0ba, raftlog=aaa61f5b-6d33-454c-b5c1-ebc100bec0ba@group-3343B05F753D-SegmentedRaftLog:OPENED:c-1,f-1,i0, conf=-1: [fdc6239b-1581-495f-aa0c-6ef093335d88:192.168.30.19:40162, aaa61f5b-6d33-454c-b5c1-ebc100bec0ba:192.168.30.19:38751, 25df95fc-d168-4c4c-bc82-68d8d7d98e43:192.168.30.19:43412], old=null
2019-10-03 05:49:39,077 [fdc6239b-1581-495f-aa0c-6ef093335d88@group-3343B05F753D-LeaderElection9] INFO  impl.RaftServerImpl (RaftServerImpl.java:setRole(170)) - fdc6239b-1581-495f-aa0c-6ef093335d88@group-3343B05F753D: changes role from CANDIDATE to FOLLOWER at term 1 for DISCOVERED_A_NEW_TERM
2019-10-03 05:49:39,079 [aaa61f5b-6d33-454c-b5c1-ebc100bec0ba@group-3343B05F753D-LeaderElection8] INFO  impl.RaftServerImpl (RaftServerImpl.java:setRole(170)) - aaa61f5b-6d33-454c-b5c1-ebc100bec0ba@group-3343B05F753D: changes role from CANDIDATE to FOLLOWER at term 1 for DISCOVERED_A_NEW_TERM
2019-10-03 05:49:39,082 [Thread-275] INFO  impl.FollowerState (FollowerState.java:run(108)) - a547c518-2070-4f87-8df9-e58fc0604313@group-664DED2439FE-FollowerState: change to CANDIDATE, lastRpcTime:5078ms, electionTimeout:5077ms
2019-10-03 05:49:39,080 [fdc6239b-1581-495f-aa0c-6ef093335d88@group-3343B05F753D-LeaderElection9] INFO  impl.RoleInfo (RoleInfo.java:shutdownLeaderElection(134)) - fdc6239b-1581-495f-aa0c-6ef093335d88: shutdown LeaderElection
2019-10-03 05:49:39,084 [Thread-275] INFO  impl.RoleInfo (RoleInfo.java:shutdownFollowerState(121)) - a547c518-2070-4f87-8df9-e58fc0604313: shutdown FollowerState
2019-10-03 05:49:39,084 [aaa61f5b-6d33-454c-b5c1-ebc100bec0ba@group-3343B05F753D-LeaderElection8] INFO  impl.RoleInfo (RoleInfo.java:shutdownLeaderElection(134)) - aaa61f5b-6d33-454c-b5c1-ebc100bec0ba: shutdown LeaderElection
2019-10-03 05:49:39,087 [Thread-275] INFO  impl.RaftServerImpl (RaftServerImpl.java:setRole(170)) - a547c518-2070-4f87-8df9-e58fc0604313@group-664DED2439FE: changes role from  FOLLOWER to CANDIDATE at term 0 for changeToCandidate
2019-10-03 05:49:39,087 [fdc6239b-1581-495f-aa0c-6ef093335d88@group-3343B05F753D-LeaderElection9] INFO  impl.RoleInfo (RoleInfo.java:updateAndGet(143)) - fdc6239b-1581-495f-aa0c-6ef093335d88: start FollowerState
2019-10-03 05:49:39,087 [Thread-275] INFO  impl.RoleInfo (RoleInfo.java:updateAndGet(143)) - a547c518-2070-4f87-8df9-e58fc0604313: start LeaderElection
2019-10-03 05:49:39,087 [aaa61f5b-6d33-454c-b5c1-ebc100bec0ba@group-3343B05F753D-LeaderElection8] INFO  impl.RoleInfo (RoleInfo.java:updateAndGet(143)) - aaa61f5b-6d33-454c-b5c1-ebc100bec0ba: start FollowerState
2019-10-03 05:49:39,103 [25df95fc-d168-4c4c-bc82-68d8d7d98e43@group-3343B05F753D-LeaderElection10] INFO  impl.LeaderElection (LeaderElection.java:logAndReturn(56)) - 25df95fc-d168-4c4c-bc82-68d8d7d98e43@group-3343B05F753D-LeaderElection10: Election REJECTED; received 2 response(s) [25df95fc-d168-4c4c-bc82-68d8d7d98e43<-fdc6239b-1581-495f-aa0c-6ef093335d88#0:FAIL-t1, 25df95fc-d168-4c4c-bc82-68d8d7d98e43<-aaa61f5b-6d33-454c-b5c1-ebc100bec0ba#0:FAIL-t1] and 0 exception(s); 25df95fc-d168-4c4c-bc82-68d8d7d98e43@group-3343B05F753D:t1, leader=null, voted=25df95fc-d168-4c4c-bc82-68d8d7d98e43, raftlog=25df95fc-d168-4c4c-bc82-68d8d7d98e43@group-3343B05F753D-SegmentedRaftLog:OPENED:c-1,f-1,i0, conf=-1: [fdc6239b-1581-495f-aa0c-6ef093335d88:192.168.30.19:40162, aaa61f5b-6d33-454c-b5c1-ebc100bec0ba:192.168.30.19:38751, 25df95fc-d168-4c4c-bc82-68d8d7d98e43:192.168.30.19:43412], old=null
2019-10-03 05:49:39,103 [25df95fc-d168-4c4c-bc82-68d8d7d98e43@group-3343B05F753D-LeaderElection10] INFO  impl.RaftServerImpl (RaftServerImpl.java:setRole(170)) - 25df95fc-d168-4c4c-bc82-68d8d7d98e43@group-3343B05F753D: changes role from CANDIDATE to FOLLOWER at term 1 for DISCOVERED_A_NEW_TERM
2019-10-03 05:49:39,114 [25df95fc-d168-4c4c-bc82-68d8d7d98e43@group-3343B05F753D-LeaderElection10] INFO  impl.RoleInfo (RoleInfo.java:shutdownLeaderElection(134)) - 25df95fc-d168-4c4c-bc82-68d8d7d98e43: shutdown LeaderElection
2019-10-03 05:49:39,114 [25df95fc-d168-4c4c-bc82-68d8d7d98e43@group-3343B05F753D-LeaderElection10] INFO  impl.RoleInfo (RoleInfo.java:updateAndGet(143)) - 25df95fc-d168-4c4c-bc82-68d8d7d98e43: start FollowerState
2019-10-03 05:49:39,116 [Thread-276] INFO  impl.FollowerState (FollowerState.java:run(108)) - 43b54258-4692-4446-820b-1f86bc5245ec@group-664DED2439FE-FollowerState: change to CANDIDATE, lastRpcTime:5112ms, electionTimeout:5112ms
2019-10-03 05:49:39,119 [Thread-276] INFO  impl.RoleInfo (RoleInfo.java:shutdownFollowerState(121)) - 43b54258-4692-4446-820b-1f86bc5245ec: shutdown FollowerState
2019-10-03 05:49:39,119 [Thread-276] INFO  impl.RaftServerImpl (RaftServerImpl.java:setRole(170)) - 43b54258-4692-4446-820b-1f86bc5245ec@group-664DED2439FE: changes role from  FOLLOWER to CANDIDATE at term 0 for changeToCandidate
2019-10-03 05:49:39,119 [Thread-276] INFO  impl.RoleInfo (RoleInfo.java:updateAndGet(143)) - 43b54258-4692-4446-820b-1f86bc5245ec: start LeaderElection
2019-10-03 05:49:39,127 [a547c518-2070-4f87-8df9-e58fc0604313@group-664DED2439FE-LeaderElection11] INFO  impl.LeaderElection (LeaderElection.java:askForVotes(178)) - a547c518-2070-4f87-8df9-e58fc0604313@group-664DED2439FE-LeaderElection11: begin an election at term 1 for -1: [43b54258-4692-4446-820b-1f86bc5245ec:192.168.30.19:36060, e132bd7b-48f1-4f2b-8844-8efe49d63ff3:192.168.30.19:46105, a547c518-2070-4f87-8df9-e58fc0604313:192.168.30.19:46100], old=null
2019-10-03 05:49:39,145 [grpc-default-executor-0] INFO  impl.RaftServerImpl (RaftServerImpl.java:setRole(170)) - e132bd7b-48f1-4f2b-8844-8efe49d63ff3@group-664DED2439FE: changes role from  FOLLOWER to FOLLOWER at term 1 for recognizeCandidate:a547c518-2070-4f87-8df9-e58fc0604313
2019-10-03 05:49:39,145 [grpc-default-executor-0] INFO  impl.RoleInfo (RoleInfo.java:shutdownFollowerState(121)) - e132bd7b-48f1-4f2b-8844-8efe49d63ff3: shutdown FollowerState
2019-10-03 05:49:39,145 [grpc-default-executor-0] INFO  impl.RoleInfo (RoleInfo.java:updateAndGet(143)) - e132bd7b-48f1-4f2b-8844-8efe49d63ff3: start FollowerState
2019-10-03 05:49:39,145 [Thread-274] INFO  impl.FollowerState (FollowerState.java:run(117)) - e132bd7b-48f1-4f2b-8844-8efe49d63ff3@group-664DED2439FE-FollowerState was interrupted: java.lang.InterruptedException: sleep interrupted
2019-10-03 05:49:39,153 [43b54258-4692-4446-820b-1f86bc5245ec@group-664DED2439FE-LeaderElection12] INFO  impl.LeaderElection (LeaderElection.java:askForVotes(178)) - 43b54258-4692-4446-820b-1f86bc5245ec@group-664DED2439FE-LeaderElection12: begin an election at term 1 for -1: [43b54258-4692-4446-820b-1f86bc5245ec:192.168.30.19:36060, e132bd7b-48f1-4f2b-8844-8efe49d63ff3:192.168.30.19:46105, a547c518-2070-4f87-8df9-e58fc0604313:192.168.30.19:46100], old=null
2019-10-03 05:49:39,185 [a547c518-2070-4f87-8df9-e58fc0604313@group-664DED2439FE-LeaderElection11] INFO  impl.LeaderElection (LeaderElection.java:logAndReturn(56)) - a547c518-2070-4f87-8df9-e58fc0604313@group-664DED2439FE-LeaderElection11: Election PASSED; received 2 response(s) [a547c518-2070-4f87-8df9-e58fc0604313<-43b54258-4692-4446-820b-1f86bc5245ec#0:FAIL-t1, a547c518-2070-4f87-8df9-e58fc0604313<-e132bd7b-48f1-4f2b-8844-8efe49d63ff3#0:OK-t1] and 0 exception(s); a547c518-2070-4f87-8df9-e58fc0604313@group-664DED2439FE:t1, leader=null, voted=a547c518-2070-4f87-8df9-e58fc0604313, raftlog=a547c518-2070-4f87-8df9-e58fc0604313@group-664DED2439FE-SegmentedRaftLog:OPENED:c-1,f-1,i0, conf=-1: [43b54258-4692-4446-820b-1f86bc5245ec:192.168.30.19:36060, e132bd7b-48f1-4f2b-8844-8efe49d63ff3:192.168.30.19:46105, a547c518-2070-4f87-8df9-e58fc0604313:192.168.30.19:46100], old=null
2019-10-03 05:49:39,185 [a547c518-2070-4f87-8df9-e58fc0604313@group-664DED2439FE-LeaderElection11] INFO  impl.RoleInfo (RoleInfo.java:shutdownLeaderElection(134)) - a547c518-2070-4f87-8df9-e58fc0604313: shutdown LeaderElection
2019-10-03 05:49:39,188 [a547c518-2070-4f87-8df9-e58fc0604313@group-664DED2439FE-LeaderElection11] INFO  impl.RaftServerImpl (RaftServerImpl.java:setRole(170)) - a547c518-2070-4f87-8df9-e58fc0604313@group-664DED2439FE: changes role from CANDIDATE to LEADER at term 1 for changeToLeader
2019-10-03 05:49:39,189 [a547c518-2070-4f87-8df9-e58fc0604313@group-664DED2439FE-LeaderElection11] INFO  impl.RaftServerImpl (ServerState.java:setLeader(255)) - a547c518-2070-4f87-8df9-e58fc0604313@group-664DED2439FE: change Leader from null to a547c518-2070-4f87-8df9-e58fc0604313 at term 1 for becomeLeader, leader elected after 5199ms
2019-10-03 05:49:39,190 [a547c518-2070-4f87-8df9-e58fc0604313@group-664DED2439FE-LeaderElection11] INFO  server.RaftServerConfigKeys (ConfUtils.java:logGet(43)) - raft.server.staging.catchup.gap = 1000 (default)
2019-10-03 05:49:39,190 [a547c518-2070-4f87-8df9-e58fc0604313@group-664DED2439FE-LeaderElection11] INFO  server.RaftServerConfigKeys (ConfUtils.java:logGet(43)) - raft.server.rpc.sleep.time = 25ms (default)
2019-10-03 05:49:39,190 [a547c518-2070-4f87-8df9-e58fc0604313@group-664DED2439FE-LeaderElection11] INFO  server.RaftServerConfigKeys (ConfUtils.java:logGet(43)) - raft.server.write.element-limit = 4096 (default)
2019-10-03 05:49:39,190 [43b54258-4692-4446-820b-1f86bc5245ec@group-664DED2439FE-LeaderElection12] INFO  impl.LeaderElection (LeaderElection.java:logAndReturn(56)) - 43b54258-4692-4446-820b-1f86bc5245ec@group-664DED2439FE-LeaderElection12: Election REJECTED; received 2 response(s) [43b54258-4692-4446-820b-1f86bc5245ec<-e132bd7b-48f1-4f2b-8844-8efe49d63ff3#0:FAIL-t1, 43b54258-4692-4446-820b-1f86bc5245ec<-a547c518-2070-4f87-8df9-e58fc0604313#0:FAIL-t1] and 0 exception(s); 43b54258-4692-4446-820b-1f86bc5245ec@group-664DED2439FE:t1, leader=null, voted=43b54258-4692-4446-820b-1f86bc5245ec, raftlog=43b54258-4692-4446-820b-1f86bc5245ec@group-664DED2439FE-SegmentedRaftLog:OPENED:c-1,f-1,i0, conf=-1: [43b54258-4692-4446-820b-1f86bc5245ec:192.168.30.19:36060, e132bd7b-48f1-4f2b-8844-8efe49d63ff3:192.168.30.19:46105, a547c518-2070-4f87-8df9-e58fc0604313:192.168.30.19:46100], old=null
2019-10-03 05:49:39,191 [a547c518-2070-4f87-8df9-e58fc0604313@group-664DED2439FE-LeaderElection11] INFO  server.RaftServerConfigKeys (ConfUtils.java:logGet(43)) - raft.server.watch.timeout = 10s (default)
2019-10-03 05:49:39,192 [43b54258-4692-4446-820b-1f86bc5245ec@group-664DED2439FE-LeaderElection12] INFO  impl.RaftServerImpl (RaftServerImpl.java:setRole(170)) - 43b54258-4692-4446-820b-1f86bc5245ec@group-664DED2439FE: changes role from CANDIDATE to FOLLOWER at term 1 for DISCOVERED_A_NEW_TERM
2019-10-03 05:49:39,196 [43b54258-4692-4446-820b-1f86bc5245ec@group-664DED2439FE-LeaderElection12] INFO  impl.RoleInfo (RoleInfo.java:shutdownLeaderElection(134)) - 43b54258-4692-4446-820b-1f86bc5245ec: shutdown LeaderElection
2019-10-03 05:49:39,194 [a547c518-2070-4f87-8df9-e58fc0604313@group-664DED2439FE-LeaderElection11] INFO  server.RaftServerConfigKeys (ConfUtils.java:logGet(43)) - raft.server.watch.timeout.denomination = 1s (default)
2019-10-03 05:49:39,196 [43b54258-4692-4446-820b-1f86bc5245ec@group-664DED2439FE-LeaderElection12] INFO  impl.RoleInfo (RoleInfo.java:updateAndGet(143)) - 43b54258-4692-4446-820b-1f86bc5245ec: start FollowerState
2019-10-03 05:49:39,196 [a547c518-2070-4f87-8df9-e58fc0604313@group-664DED2439FE-LeaderElection11] INFO  server.RaftServerConfigKeys (ConfUtils.java:logGet(43)) - raft.server.watch.element-limit = 65536 (default)
2019-10-03 05:49:39,204 [a547c518-2070-4f87-8df9-e58fc0604313@group-664DED2439FE-LeaderElection11] INFO  server.RaftServerConfigKeys (ConfUtils.java:logGet(43)) - raft.server.log.appender.snapshot.chunk.size.max = 16MB (=16777216) (default)
2019-10-03 05:49:39,205 [a547c518-2070-4f87-8df9-e58fc0604313@group-664DED2439FE-LeaderElection11] INFO  server.RaftServerConfigKeys (ConfUtils.java:logGet(43)) - raft.server.log.appender.buffer.byte-limit = 33554432 (custom)
2019-10-03 05:49:39,205 [a547c518-2070-4f87-8df9-e58fc0604313@group-664DED2439FE-LeaderElection11] INFO  server.RaftServerConfigKeys (ConfUtils.java:logGet(43)) - raft.server.log.appender.buffer.element-limit = 1 (custom)
2019-10-03 05:49:39,209 [a547c518-2070-4f87-8df9-e58fc0604313@group-664DED2439FE-LeaderElection11] INFO  grpc.GrpcConfigKeys$Server (ConfUtils.java:logGet(43)) - raft.grpc.server.leader.outstanding.appends.max = 128 (default)
2019-10-03 05:49:39,216 [a547c518-2070-4f87-8df9-e58fc0604313@group-664DED2439FE-LeaderElection11] INFO  server.RaftServerConfigKeys (ConfUtils.java:logGet(43)) - raft.server.rpc.request.timeout = 3000ms (default)
2019-10-03 05:49:39,216 [a547c518-2070-4f87-8df9-e58fc0604313@group-664DED2439FE-LeaderElection11] INFO  server.RaftServerConfigKeys (ConfUtils.java:logGet(43)) - raft.server.log.appender.install.snapshot.enabled = false (custom)
2019-10-03 05:49:39,217 [a547c518-2070-4f87-8df9-e58fc0604313@group-664DED2439FE-LeaderElection11] INFO  server.RaftServerConfigKeys (ConfUtils.java:logGet(43)) - raft.server.log.appender.snapshot.chunk.size.max = 16MB (=16777216) (default)
2019-10-03 05:49:39,217 [a547c518-2070-4f87-8df9-e58fc0604313@group-664DED2439FE-LeaderElection11] INFO  server.RaftServerConfigKeys (ConfUtils.java:logGet(43)) - raft.server.log.appender.buffer.byte-limit = 33554432 (custom)
2019-10-03 05:49:39,217 [a547c518-2070-4f87-8df9-e58fc0604313@group-664DED2439FE-LeaderElection11] INFO  server.RaftServerConfigKeys (ConfUtils.java:logGet(43)) - raft.server.log.appender.buffer.element-limit = 1 (custom)
2019-10-03 05:49:39,217 [a547c518-2070-4f87-8df9-e58fc0604313@group-664DED2439FE-LeaderElection11] INFO  grpc.GrpcConfigKeys$Server (ConfUtils.java:logGet(43)) - raft.grpc.server.leader.outstanding.appends.max = 128 (default)
2019-10-03 05:49:39,218 [a547c518-2070-4f87-8df9-e58fc0604313@group-664DED2439FE-LeaderElection11] INFO  server.RaftServerConfigKeys (ConfUtils.java:logGet(43)) - raft.server.rpc.request.timeout = 3000ms (default)
2019-10-03 05:49:39,218 [a547c518-2070-4f87-8df9-e58fc0604313@group-664DED2439FE-LeaderElection11] INFO  server.RaftServerConfigKeys (ConfUtils.java:logGet(43)) - raft.server.log.appender.install.snapshot.enabled = false (custom)
2019-10-03 05:49:39,219 [a547c518-2070-4f87-8df9-e58fc0604313@group-664DED2439FE-LeaderElection11] INFO  impl.RoleInfo (RoleInfo.java:updateAndGet(143)) - a547c518-2070-4f87-8df9-e58fc0604313: start LeaderState
2019-10-03 05:49:39,220 [a547c518-2070-4f87-8df9-e58fc0604313@group-664DED2439FE-LeaderElection11] INFO  segmented.SegmentedRaftLogWorker (SegmentedRaftLogWorker.java:startLogSegment(385)) - a547c518-2070-4f87-8df9-e58fc0604313@group-664DED2439FE-SegmentedRaftLogWorker: Starting segment from index:0
2019-10-03 05:49:39,221 [a547c518-2070-4f87-8df9-e58fc0604313@group-664DED2439FE-LeaderElection11] INFO  impl.RaftServerImpl (ServerState.java:setRaftConf(356)) - a547c518-2070-4f87-8df9-e58fc0604313@group-664DED2439FE: set configuration 0: [43b54258-4692-4446-820b-1f86bc5245ec:192.168.30.19:36060, e132bd7b-48f1-4f2b-8844-8efe49d63ff3:192.168.30.19:46105, a547c518-2070-4f87-8df9-e58fc0604313:192.168.30.19:46100], old=null at 0
2019-10-03 05:49:39,272 [grpc-default-executor-0] INFO  impl.RaftServerImpl (ServerState.java:setLeader(255)) - e132bd7b-48f1-4f2b-8844-8efe49d63ff3@group-664DED2439FE: change Leader from null to a547c518-2070-4f87-8df9-e58fc0604313 at term 1 for appendEntries, leader elected after 5284ms
2019-10-03 05:49:39,273 [grpc-default-executor-2] INFO  impl.RaftServerImpl (ServerState.java:setLeader(255)) - 43b54258-4692-4446-820b-1f86bc5245ec@group-664DED2439FE: change Leader from null to a547c518-2070-4f87-8df9-e58fc0604313 at term 1 for appendEntries, leader elected after 5284ms
2019-10-03 05:49:39,278 [a547c518-2070-4f87-8df9-e58fc0604313@group-664DED2439FE-SegmentedRaftLogWorker] INFO  segmented.SegmentedRaftLogWorker (SegmentedRaftLogWorker.java:execute(574)) - a547c518-2070-4f87-8df9-e58fc0604313@group-664DED2439FE-SegmentedRaftLogWorker: created new log segment /workdir/hadoop-ozone/integration-test/target/test-dir/MiniOzoneClusterImpl-864660b0-aed1-4907-bdd6-cc1949fc1881/datanode-0/data/ratis/16fae128-e49f-4699-b8e7-664ded2439fe/current/log_inprogress_0
2019-10-03 05:49:39,312 [grpc-default-executor-2] INFO  impl.RaftServerImpl (ServerState.java:setRaftConf(356)) - 43b54258-4692-4446-820b-1f86bc5245ec@group-664DED2439FE: set configuration 0: [43b54258-4692-4446-820b-1f86bc5245ec:192.168.30.19:36060, e132bd7b-48f1-4f2b-8844-8efe49d63ff3:192.168.30.19:46105, a547c518-2070-4f87-8df9-e58fc0604313:192.168.30.19:46100], old=null at 0
2019-10-03 05:49:39,312 [grpc-default-executor-0] INFO  impl.RaftServerImpl (ServerState.java:setRaftConf(356)) - e132bd7b-48f1-4f2b-8844-8efe49d63ff3@group-664DED2439FE: set configuration 0: [43b54258-4692-4446-820b-1f86bc5245ec:192.168.30.19:36060, e132bd7b-48f1-4f2b-8844-8efe49d63ff3:192.168.30.19:46105, a547c518-2070-4f87-8df9-e58fc0604313:192.168.30.19:46100], old=null at 0
2019-10-03 05:49:39,313 [grpc-default-executor-2] INFO  segmented.SegmentedRaftLogWorker (SegmentedRaftLogWorker.java:startLogSegment(385)) - 43b54258-4692-4446-820b-1f86bc5245ec@group-664DED2439FE-SegmentedRaftLogWorker: Starting segment from index:0
2019-10-03 05:49:39,313 [grpc-default-executor-0] INFO  segmented.SegmentedRaftLogWorker (SegmentedRaftLogWorker.java:startLogSegment(385)) - e132bd7b-48f1-4f2b-8844-8efe49d63ff3@group-664DED2439FE-SegmentedRaftLogWorker: Starting segment from index:0
2019-10-03 05:49:39,370 [e132bd7b-48f1-4f2b-8844-8efe49d63ff3@group-664DED2439FE-SegmentedRaftLogWorker] INFO  segmented.SegmentedRaftLogWorker (SegmentedRaftLogWorker.java:execute(574)) - e132bd7b-48f1-4f2b-8844-8efe49d63ff3@group-664DED2439FE-SegmentedRaftLogWorker: created new log segment /workdir/hadoop-ozone/integration-test/target/test-dir/MiniOzoneClusterImpl-864660b0-aed1-4907-bdd6-cc1949fc1881/datanode-2/data/ratis/16fae128-e49f-4699-b8e7-664ded2439fe/current/log_inprogress_0
2019-10-03 05:49:39,370 [43b54258-4692-4446-820b-1f86bc5245ec@group-664DED2439FE-SegmentedRaftLogWorker] INFO  segmented.SegmentedRaftLogWorker (SegmentedRaftLogWorker.java:execute(574)) - 43b54258-4692-4446-820b-1f86bc5245ec@group-664DED2439FE-SegmentedRaftLogWorker: created new log segment /workdir/hadoop-ozone/integration-test/target/test-dir/MiniOzoneClusterImpl-864660b0-aed1-4907-bdd6-cc1949fc1881/datanode-4/data/ratis/16fae128-e49f-4699-b8e7-664ded2439fe/current/log_inprogress_0
2019-10-03 05:49:44,192 [Thread-316] INFO  impl.FollowerState (FollowerState.java:run(108)) - fdc6239b-1581-495f-aa0c-6ef093335d88@group-3343B05F753D-FollowerState: change to CANDIDATE, lastRpcTime:5105ms, electionTimeout:5104ms
2019-10-03 05:49:44,193 [Thread-316] INFO  impl.RoleInfo (RoleInfo.java:shutdownFollowerState(121)) - fdc6239b-1581-495f-aa0c-6ef093335d88: shutdown FollowerState
2019-10-03 05:49:44,193 [Thread-316] INFO  impl.RaftServerImpl (RaftServerImpl.java:setRole(170)) - fdc6239b-1581-495f-aa0c-6ef093335d88@group-3343B05F753D: changes role from  FOLLOWER to CANDIDATE at term 1 for changeToCandidate
2019-10-03 05:49:44,193 [Thread-316] INFO  impl.RoleInfo (RoleInfo.java:updateAndGet(143)) - fdc6239b-1581-495f-aa0c-6ef093335d88: start LeaderElection
2019-10-03 05:49:44,222 [fdc6239b-1581-495f-aa0c-6ef093335d88@group-3343B05F753D-LeaderElection13] INFO  impl.LeaderElection (LeaderElection.java:askForVotes(178)) - fdc6239b-1581-495f-aa0c-6ef093335d88@group-3343B05F753D-LeaderElection13: begin an election at term 2 for -1: [fdc6239b-1581-495f-aa0c-6ef093335d88:192.168.30.19:40162, aaa61f5b-6d33-454c-b5c1-ebc100bec0ba:192.168.30.19:38751, 25df95fc-d168-4c4c-bc82-68d8d7d98e43:192.168.30.19:43412], old=null
2019-10-03 05:49:44,242 [grpc-default-executor-1] INFO  impl.RaftServerImpl (RaftServerImpl.java:setRole(170)) - 25df95fc-d168-4c4c-bc82-68d8d7d98e43@group-3343B05F753D: changes role from  FOLLOWER to FOLLOWER at term 2 for recognizeCandidate:fdc6239b-1581-495f-aa0c-6ef093335d88
2019-10-03 05:49:44,244 [grpc-default-executor-1] INFO  impl.RoleInfo (RoleInfo.java:shutdownFollowerState(121)) - 25df95fc-d168-4c4c-bc82-68d8d7d98e43: shutdown FollowerState
2019-10-03 05:49:44,242 [grpc-default-executor-2] INFO  impl.RaftServerImpl (RaftServerImpl.java:setRole(170)) - aaa61f5b-6d33-454c-b5c1-ebc100bec0ba@group-3343B05F753D: changes role from  FOLLOWER to FOLLOWER at term 2 for recognizeCandidate:fdc6239b-1581-495f-aa0c-6ef093335d88
2019-10-03 05:49:44,245 [Thread-319] INFO  impl.FollowerState (FollowerState.java:run(117)) - 25df95fc-d168-4c4c-bc82-68d8d7d98e43@group-3343B05F753D-FollowerState was interrupted: java.lang.InterruptedException: sleep interrupted
2019-10-03 05:49:44,245 [grpc-default-executor-1] INFO  impl.RoleInfo (RoleInfo.java:updateAndGet(143)) - 25df95fc-d168-4c4c-bc82-68d8d7d98e43: start FollowerState
2019-10-03 05:49:44,245 [grpc-default-executor-2] INFO  impl.RoleInfo (RoleInfo.java:shutdownFollowerState(121)) - aaa61f5b-6d33-454c-b5c1-ebc100bec0ba: shutdown FollowerState
2019-10-03 05:49:44,247 [grpc-default-executor-2] INFO  impl.RoleInfo (RoleInfo.java:updateAndGet(143)) - aaa61f5b-6d33-454c-b5c1-ebc100bec0ba: start FollowerState
2019-10-03 05:49:44,247 [Thread-317] INFO  impl.FollowerState (FollowerState.java:run(117)) - aaa61f5b-6d33-454c-b5c1-ebc100bec0ba@group-3343B05F753D-FollowerState was interrupted: java.lang.InterruptedException: sleep interrupted
2019-10-03 05:49:44,275 [fdc6239b-1581-495f-aa0c-6ef093335d88@group-3343B05F753D-LeaderElection13] INFO  impl.LeaderElection (LeaderElection.java:logAndReturn(56)) - fdc6239b-1581-495f-aa0c-6ef093335d88@group-3343B05F753D-LeaderElection13: Election PASSED; received 1 response(s) [fdc6239b-1581-495f-aa0c-6ef093335d88<-25df95fc-d168-4c4c-bc82-68d8d7d98e43#0:OK-t2] and 0 exception(s); fdc6239b-1581-495f-aa0c-6ef093335d88@group-3343B05F753D:t2, leader=null, voted=fdc6239b-1581-495f-aa0c-6ef093335d88, raftlog=fdc6239b-1581-495f-aa0c-6ef093335d88@group-3343B05F753D-SegmentedRaftLog:OPENED:c-1,f-1,i0, conf=-1: [fdc6239b-1581-495f-aa0c-6ef093335d88:192.168.30.19:40162, aaa61f5b-6d33-454c-b5c1-ebc100bec0ba:192.168.30.19:38751, 25df95fc-d168-4c4c-bc82-68d8d7d98e43:192.168.30.19:43412], old=null
2019-10-03 05:49:44,275 [fdc6239b-1581-495f-aa0c-6ef093335d88@group-3343B05F753D-LeaderElection13] INFO  impl.RoleInfo (RoleInfo.java:shutdownLeaderElection(134)) - fdc6239b-1581-495f-aa0c-6ef093335d88: shutdown LeaderElection
2019-10-03 05:49:44,277 [fdc6239b-1581-495f-aa0c-6ef093335d88@group-3343B05F753D-LeaderElection13] INFO  impl.RaftServerImpl (RaftServerImpl.java:setRole(170)) - fdc6239b-1581-495f-aa0c-6ef093335d88@group-3343B05F753D: changes role from CANDIDATE to LEADER at term 2 for changeToLeader
2019-10-03 05:49:44,277 [fdc6239b-1581-495f-aa0c-6ef093335d88@group-3343B05F753D-LeaderElection13] INFO  impl.RaftServerImpl (ServerState.java:setLeader(255)) - fdc6239b-1581-495f-aa0c-6ef093335d88@group-3343B05F753D: change Leader from null to fdc6239b-1581-495f-aa0c-6ef093335d88 at term 2 for becomeLeader, leader elected after 10465ms
2019-10-03 05:49:44,278 [fdc6239b-1581-495f-aa0c-6ef093335d88@group-3343B05F753D-LeaderElection13] INFO  server.RaftServerConfigKeys (ConfUtils.java:logGet(43)) - raft.server.staging.catchup.gap = 1000 (default)
2019-10-03 05:49:44,278 [fdc6239b-1581-495f-aa0c-6ef093335d88@group-3343B05F753D-LeaderElection13] INFO  server.RaftServerConfigKeys (ConfUtils.java:logGet(43)) - raft.server.rpc.sleep.time = 25ms (default)
2019-10-03 05:49:44,278 [fdc6239b-1581-495f-aa0c-6ef093335d88@group-3343B05F753D-LeaderElection13] INFO  server.RaftServerConfigKeys (ConfUtils.java:logGet(43)) - raft.server.write.element-limit = 4096 (default)
2019-10-03 05:49:44,278 [fdc6239b-1581-495f-aa0c-6ef093335d88@group-3343B05F753D-LeaderElection13] INFO  server.RaftServerConfigKeys (ConfUtils.java:logGet(43)) - raft.server.watch.timeout = 10s (default)
2019-10-03 05:49:44,279 [fdc6239b-1581-495f-aa0c-6ef093335d88@group-3343B05F753D-LeaderElection13] INFO  server.RaftServerConfigKeys (ConfUtils.java:logGet(43)) - raft.server.watch.timeout.denomination = 1s (default)
2019-10-03 05:49:44,279 [fdc6239b-1581-495f-aa0c-6ef093335d88@group-3343B05F753D-LeaderElection13] INFO  server.RaftServerConfigKeys (ConfUtils.java:logGet(43)) - raft.server.watch.element-limit = 65536 (default)
2019-10-03 05:49:44,283 [fdc6239b-1581-495f-aa0c-6ef093335d88@group-3343B05F753D-LeaderElection13] INFO  server.RaftServerConfigKeys (ConfUtils.java:logGet(43)) - raft.server.log.appender.snapshot.chunk.size.max = 16MB (=16777216) (default)
2019-10-03 05:49:44,284 [fdc6239b-1581-495f-aa0c-6ef093335d88@group-3343B05F753D-LeaderElection13] INFO  server.RaftServerConfigKeys (ConfUtils.java:logGet(43)) - raft.server.log.appender.buffer.byte-limit = 33554432 (custom)
2019-10-03 05:49:44,284 [fdc6239b-1581-495f-aa0c-6ef093335d88@group-3343B05F753D-LeaderElection13] INFO  server.RaftServerConfigKeys (ConfUtils.java:logGet(43)) - raft.server.log.appender.buffer.element-limit = 1 (custom)
2019-10-03 05:49:44,284 [fdc6239b-1581-495f-aa0c-6ef093335d88@group-3343B05F753D-LeaderElection13] INFO  grpc.GrpcConfigKeys$Server (ConfUtils.java:logGet(43)) - raft.grpc.server.leader.outstanding.appends.max = 128 (default)
2019-10-03 05:49:44,287 [fdc6239b-1581-495f-aa0c-6ef093335d88@group-3343B05F753D-LeaderElection13] INFO  server.RaftServerConfigKeys (ConfUtils.java:logGet(43)) - raft.server.rpc.request.timeout = 3000ms (default)
2019-10-03 05:49:44,287 [fdc6239b-1581-495f-aa0c-6ef093335d88@group-3343B05F753D-LeaderElection13] INFO  server.RaftServerConfigKeys (ConfUtils.java:logGet(43)) - raft.server.log.appender.install.snapshot.enabled = false (custom)
2019-10-03 05:49:44,287 [fdc6239b-1581-495f-aa0c-6ef093335d88@group-3343B05F753D-LeaderElection13] INFO  server.RaftServerConfigKeys (ConfUtils.java:logGet(43)) - raft.server.log.appender.snapshot.chunk.size.max = 16MB (=16777216) (default)
2019-10-03 05:49:44,287 [fdc6239b-1581-495f-aa0c-6ef093335d88@group-3343B05F753D-LeaderElection13] INFO  server.RaftServerConfigKeys (ConfUtils.java:logGet(43)) - raft.server.log.appender.buffer.byte-limit = 33554432 (custom)
2019-10-03 05:49:44,288 [fdc6239b-1581-495f-aa0c-6ef093335d88@group-3343B05F753D-LeaderElection13] INFO  server.RaftServerConfigKeys (ConfUtils.java:logGet(43)) - raft.server.log.appender.buffer.element-limit = 1 (custom)
2019-10-03 05:49:44,288 [fdc6239b-1581-495f-aa0c-6ef093335d88@group-3343B05F753D-LeaderElection13] INFO  grpc.GrpcConfigKeys$Server (ConfUtils.java:logGet(43)) - raft.grpc.server.leader.outstanding.appends.max = 128 (default)
2019-10-03 05:49:44,288 [fdc6239b-1581-495f-aa0c-6ef093335d88@group-3343B05F753D-LeaderElection13] INFO  server.RaftServerConfigKeys (ConfUtils.java:logGet(43)) - raft.server.rpc.request.timeout = 3000ms (default)
2019-10-03 05:49:44,288 [fdc6239b-1581-495f-aa0c-6ef093335d88@group-3343B05F753D-LeaderElection13] INFO  server.RaftServerConfigKeys (ConfUtils.java:logGet(43)) - raft.server.log.appender.install.snapshot.enabled = false (custom)
2019-10-03 05:49:44,289 [fdc6239b-1581-495f-aa0c-6ef093335d88@group-3343B05F753D-LeaderElection13] INFO  impl.RoleInfo (RoleInfo.java:updateAndGet(143)) - fdc6239b-1581-495f-aa0c-6ef093335d88: start LeaderState
2019-10-03 05:49:44,289 [fdc6239b-1581-495f-aa0c-6ef093335d88@group-3343B05F753D-LeaderElection13] INFO  segmented.SegmentedRaftLogWorker (SegmentedRaftLogWorker.java:startLogSegment(385)) - fdc6239b-1581-495f-aa0c-6ef093335d88@group-3343B05F753D-SegmentedRaftLogWorker: Starting segment from index:0
2019-10-03 05:49:44,290 [fdc6239b-1581-495f-aa0c-6ef093335d88@group-3343B05F753D-LeaderElection13] INFO  impl.RaftServerImpl (ServerState.java:setRaftConf(356)) - fdc6239b-1581-495f-aa0c-6ef093335d88@group-3343B05F753D: set configuration 0: [fdc6239b-1581-495f-aa0c-6ef093335d88:192.168.30.19:40162, aaa61f5b-6d33-454c-b5c1-ebc100bec0ba:192.168.30.19:38751, 25df95fc-d168-4c4c-bc82-68d8d7d98e43:192.168.30.19:43412], old=null at 0
2019-10-03 05:49:44,332 [grpc-default-executor-2] INFO  impl.RaftServerImpl (ServerState.java:setLeader(255)) - 25df95fc-d168-4c4c-bc82-68d8d7d98e43@group-3343B05F753D: change Leader from null to fdc6239b-1581-495f-aa0c-6ef093335d88 at term 2 for appendEntries, leader elected after 10520ms
2019-10-03 05:49:44,334 [grpc-default-executor-1] INFO  impl.RaftServerImpl (ServerState.java:setLeader(255)) - aaa61f5b-6d33-454c-b5c1-ebc100bec0ba@group-3343B05F753D: change Leader from null to fdc6239b-1581-495f-aa0c-6ef093335d88 at term 2 for appendEntries, leader elected after 10520ms
2019-10-03 05:49:44,339 [grpc-default-executor-1] INFO  impl.RaftServerImpl (ServerState.java:setRaftConf(356)) - 25df95fc-d168-4c4c-bc82-68d8d7d98e43@group-3343B05F753D: set configuration 0: [fdc6239b-1581-495f-aa0c-6ef093335d88:192.168.30.19:40162, aaa61f5b-6d33-454c-b5c1-ebc100bec0ba:192.168.30.19:38751, 25df95fc-d168-4c4c-bc82-68d8d7d98e43:192.168.30.19:43412], old=null at 0
2019-10-03 05:49:44,340 [grpc-default-executor-2] INFO  impl.RaftServerImpl (ServerState.java:setRaftConf(356)) - aaa61f5b-6d33-454c-b5c1-ebc100bec0ba@group-3343B05F753D: set configuration 0: [fdc6239b-1581-495f-aa0c-6ef093335d88:192.168.30.19:40162, aaa61f5b-6d33-454c-b5c1-ebc100bec0ba:192.168.30.19:38751, 25df95fc-d168-4c4c-bc82-68d8d7d98e43:192.168.30.19:43412], old=null at 0
2019-10-03 05:49:44,340 [grpc-default-executor-1] INFO  segmented.SegmentedRaftLogWorker (SegmentedRaftLogWorker.java:startLogSegment(385)) - 25df95fc-d168-4c4c-bc82-68d8d7d98e43@group-3343B05F753D-SegmentedRaftLogWorker: Starting segment from index:0
2019-10-03 05:49:44,340 [grpc-default-executor-2] INFO  segmented.SegmentedRaftLogWorker (SegmentedRaftLogWorker.java:startLogSegment(385)) - aaa61f5b-6d33-454c-b5c1-ebc100bec0ba@group-3343B05F753D-SegmentedRaftLogWorker: Starting segment from index:0
2019-10-03 05:49:44,352 [fdc6239b-1581-495f-aa0c-6ef093335d88@group-3343B05F753D-SegmentedRaftLogWorker] INFO  segmented.SegmentedRaftLogWorker (SegmentedRaftLogWorker.java:execute(574)) - fdc6239b-1581-495f-aa0c-6ef093335d88@group-3343B05F753D-SegmentedRaftLogWorker: created new log segment /workdir/hadoop-ozone/integration-test/target/test-dir/MiniOzoneClusterImpl-864660b0-aed1-4907-bdd6-cc1949fc1881/datanode-5/data/ratis/b9ea2d45-22a3-4a9b-b2e3-3343b05f753d/current/log_inprogress_0
2019-10-03 05:49:44,402 [aaa61f5b-6d33-454c-b5c1-ebc100bec0ba@group-3343B05F753D-SegmentedRaftLogWorker] INFO  segmented.SegmentedRaftLogWorker (SegmentedRaftLogWorker.java:execute(574)) - aaa61f5b-6d33-454c-b5c1-ebc100bec0ba@group-3343B05F753D-SegmentedRaftLogWorker: created new log segment /workdir/hadoop-ozone/integration-test/target/test-dir/MiniOzoneClusterImpl-864660b0-aed1-4907-bdd6-cc1949fc1881/datanode-6/data/ratis/b9ea2d45-22a3-4a9b-b2e3-3343b05f753d/current/log_inprogress_0
2019-10-03 05:49:44,414 [25df95fc-d168-4c4c-bc82-68d8d7d98e43@group-3343B05F753D-SegmentedRaftLogWorker] INFO  segmented.SegmentedRaftLogWorker (SegmentedRaftLogWorker.java:execute(574)) - 25df95fc-d168-4c4c-bc82-68d8d7d98e43@group-3343B05F753D-SegmentedRaftLogWorker: created new log segment /workdir/hadoop-ozone/integration-test/target/test-dir/MiniOzoneClusterImpl-864660b0-aed1-4907-bdd6-cc1949fc1881/datanode-3/data/ratis/b9ea2d45-22a3-4a9b-b2e3-3343b05f753d/current/log_inprogress_0
2019-10-03 05:49:46,532 [Datanode State Machine Thread - 0] INFO  statemachine.DatanodeStateMachine (DatanodeStateMachine.java:lambda$startDaemon$0(350)) - Ozone container server started.
2019-10-03 05:49:50,583 [main] INFO  ozoneimpl.OzoneContainer (OzoneContainer.java:stop(231)) - Attempting to stop container services.
2019-10-03 05:49:50,585 [main] INFO  impl.RaftServerProxy (RaftServerProxy.java:lambda$close$4(314)) - fdc6239b-1581-495f-aa0c-6ef093335d88: close
2019-10-03 05:49:50,589 [main] INFO  impl.RaftServerImpl (RaftServerImpl.java:lambda$shutdown$3(247)) - fdc6239b-1581-495f-aa0c-6ef093335d88@group-3343B05F753D: shutdown
2019-10-03 05:49:50,589 [ForkJoinPool.commonPool-worker-0] INFO  impl.RaftServerImpl (RaftServerImpl.java:lambda$shutdown$3(247)) - fdc6239b-1581-495f-aa0c-6ef093335d88@group-8B00EC811854: shutdown
2019-10-03 05:49:50,589 [main] INFO  util.JmxRegister (JmxRegister.java:unregister(73)) - Successfully un-registered JMX Bean with object name Ratis:service=RaftServer,group=group-3343B05F753D,id=fdc6239b-1581-495f-aa0c-6ef093335d88
2019-10-03 05:49:50,590 [ForkJoinPool.commonPool-worker-0] INFO  util.JmxRegister (JmxRegister.java:unregister(73)) - Successfully un-registered JMX Bean with object name Ratis:service=RaftServer,group=group-8B00EC811854,id=fdc6239b-1581-495f-aa0c-6ef093335d88
2019-10-03 05:49:50,590 [main] INFO  impl.RoleInfo (RoleInfo.java:shutdownLeaderState(104)) - fdc6239b-1581-495f-aa0c-6ef093335d88: shutdown LeaderState
2019-10-03 05:49:50,590 [ForkJoinPool.commonPool-worker-0] INFO  impl.RoleInfo (RoleInfo.java:shutdownLeaderState(104)) - fdc6239b-1581-495f-aa0c-6ef093335d88: shutdown LeaderState
2019-10-03 05:49:50,595 [main] INFO  impl.PendingRequests (PendingRequests.java:sendNotLeaderResponses(202)) - fdc6239b-1581-495f-aa0c-6ef093335d88@group-3343B05F753D-PendingRequests: sendNotLeaderResponses
2019-10-03 05:49:50,597 [ForkJoinPool.commonPool-worker-0] INFO  impl.PendingRequests (PendingRequests.java:sendNotLeaderResponses(202)) - fdc6239b-1581-495f-aa0c-6ef093335d88@group-8B00EC811854-PendingRequests: sendNotLeaderResponses
2019-10-03 05:49:50,596 [org.apache.ratis.server.impl.LogAppender$AppenderDaemon$$Lambda$494/1792452477@343a5074] WARN  server.GrpcLogAppender (GrpcLogAppender.java:mayWait(143)) - fdc6239b-1581-495f-aa0c-6ef093335d88@group-3343B05F753D->25df95fc-d168-4c4c-bc82-68d8d7d98e43-GrpcLogAppender: Wait interrupted by java.lang.InterruptedException
2019-10-03 05:49:50,596 [org.apache.ratis.server.impl.LogAppender$AppenderDaemon$$Lambda$494/1792452477@76e5933c] WARN  server.GrpcLogAppender (GrpcLogAppender.java:mayWait(143)) - fdc6239b-1581-495f-aa0c-6ef093335d88@group-3343B05F753D->aaa61f5b-6d33-454c-b5c1-ebc100bec0ba-GrpcLogAppender: Wait interrupted by java.lang.InterruptedException
2019-10-03 05:49:50,612 [ForkJoinPool.commonPool-worker-0] INFO  impl.StateMachineUpdater (StateMachineUpdater.java:stopAndJoin(136)) - fdc6239b-1581-495f-aa0c-6ef093335d88@group-8B00EC811854-StateMachineUpdater: set stopIndex = 0
2019-10-03 05:49:50,613 [main] INFO  impl.StateMachineUpdater (StateMachineUpdater.java:stopAndJoin(136)) - fdc6239b-1581-495f-aa0c-6ef093335d88@group-3343B05F753D-StateMachineUpdater: set stopIndex = 2
2019-10-03 05:49:50,615 [fdc6239b-1581-495f-aa0c-6ef093335d88@group-3343B05F753D-StateMachineUpdater] INFO  ratis.ContainerStateMachine (ContainerStateMachine.java:takeSnapshot(293)) - group-3343B05F753D: Taking a snapshot at:(t:2, i:2) file /workdir/hadoop-ozone/integration-test/target/test-dir/MiniOzoneClusterImpl-864660b0-aed1-4907-bdd6-cc1949fc1881/datanode-5/data/ratis/b9ea2d45-22a3-4a9b-b2e3-3343b05f753d/sm/snapshot.2_2
2019-10-03 05:49:50,615 [grpc-default-executor-1] INFO  server.GrpcServerProtocolService (GrpcServerProtocolService.java:onCompleted(113)) - 25df95fc-d168-4c4c-bc82-68d8d7d98e43: Completed APPEND_ENTRIES, lastRequest: fdc6239b-1581-495f-aa0c-6ef093335d88->25df95fc-d168-4c4c-bc82-68d8d7d98e43#5-t2, previous=(t:2, i:2), leaderCommit=2, initializing? false, entries: <empty>
2019-10-03 05:49:50,617 [ForkJoinPool.commonPool-worker-0] INFO  impl.RaftServerImpl (ServerState.java:close(387)) - fdc6239b-1581-495f-aa0c-6ef093335d88@group-8B00EC811854: closes. applyIndex: 0
2019-10-03 05:49:50,615 [grpc-default-executor-2] INFO  server.GrpcServerProtocolService (GrpcServerProtocolService.java:onCompleted(113)) - aaa61f5b-6d33-454c-b5c1-ebc100bec0ba: Completed APPEND_ENTRIES, lastRequest: fdc6239b-1581-495f-aa0c-6ef093335d88->aaa61f5b-6d33-454c-b5c1-ebc100bec0ba#5-t2, previous=(t:2, i:2), leaderCommit=2, initializing? false, entries: <empty>
2019-10-03 05:49:50,619 [grpc-default-executor-2] INFO  server.GrpcLogAppender (GrpcLogAppender.java:onCompleted(293)) - fdc6239b-1581-495f-aa0c-6ef093335d88@group-3343B05F753D->25df95fc-d168-4c4c-bc82-68d8d7d98e43-AppendLogResponseHandler: follower responses appendEntries COMPLETED
2019-10-03 05:49:50,626 [grpc-default-executor-1] INFO  server.GrpcLogAppender (GrpcLogAppender.java:onCompleted(293)) - fdc6239b-1581-495f-aa0c-6ef093335d88@group-3343B05F753D->aaa61f5b-6d33-454c-b5c1-ebc100bec0ba-AppendLogResponseHandler: follower responses appendEntries COMPLETED
2019-10-03 05:49:50,631 [fdc6239b-1581-495f-aa0c-6ef093335d88@group-8B00EC811854-SegmentedRaftLogWorker] INFO  segmented.SegmentedRaftLogWorker (SegmentedRaftLogWorker.java:run(316)) - fdc6239b-1581-495f-aa0c-6ef093335d88@group-8B00EC811854-SegmentedRaftLogWorker was interrupted, exiting. There are 0 tasks remaining in the queue.
2019-10-03 05:49:50,631 [grpc-default-executor-2] INFO  impl.FollowerInfo (FollowerInfo.java:lambda$new$0(51)) - fdc6239b-1581-495f-aa0c-6ef093335d88@group-3343B05F753D->25df95fc-d168-4c4c-bc82-68d8d7d98e43: nextIndex: updateUnconditionally 3 -> 2
2019-10-03 05:49:50,631 [grpc-default-executor-1] INFO  impl.FollowerInfo (FollowerInfo.java:lambda$new$0(51)) - fdc6239b-1581-495f-aa0c-6ef093335d88@group-3343B05F753D->aaa61f5b-6d33-454c-b5c1-ebc100bec0ba: nextIndex: updateUnconditionally 3 -> 2
2019-10-03 05:49:50,634 [ForkJoinPool.commonPool-worker-0] INFO  segmented.SegmentedRaftLogWorker (SegmentedRaftLogWorker.java:close(224)) - fdc6239b-1581-495f-aa0c-6ef093335d88@group-8B00EC811854-SegmentedRaftLogWorker close()
2019-10-03 05:49:50,769 [fdc6239b-1581-495f-aa0c-6ef093335d88@group-3343B05F753D-StateMachineUpdater] INFO  ratis.ContainerStateMachine (ContainerStateMachine.java:takeSnapshot(304)) - group-3343B05F753D: Finished taking a snapshot at:(t:2, i:2) file:/workdir/hadoop-ozone/integration-test/target/test-dir/MiniOzoneClusterImpl-864660b0-aed1-4907-bdd6-cc1949fc1881/datanode-5/data/ratis/b9ea2d45-22a3-4a9b-b2e3-3343b05f753d/sm/snapshot.2_2 time:154
2019-10-03 05:49:50,771 [fdc6239b-1581-495f-aa0c-6ef093335d88@group-3343B05F753D-StateMachineUpdater] INFO  impl.StateMachineUpdater (StateMachineUpdater.java:takeSnapshot(269)) - fdc6239b-1581-495f-aa0c-6ef093335d88@group-3343B05F753D-StateMachineUpdater: Took a snapshot at index 2
2019-10-03 05:49:50,772 [fdc6239b-1581-495f-aa0c-6ef093335d88@group-3343B05F753D-StateMachineUpdater] INFO  impl.StateMachineUpdater (StateMachineUpdater.java:lambda$new$0(84)) - fdc6239b-1581-495f-aa0c-6ef093335d88@group-3343B05F753D-StateMachineUpdater: snapshotIndex: updateIncreasingly -1 -> 2
2019-10-03 05:49:50,785 [main] INFO  impl.RaftServerImpl (ServerState.java:close(387)) - fdc6239b-1581-495f-aa0c-6ef093335d88@group-3343B05F753D: closes. applyIndex: 2
2019-10-03 05:49:50,786 [fdc6239b-1581-495f-aa0c-6ef093335d88@group-3343B05F753D-SegmentedRaftLogWorker] INFO  segmented.SegmentedRaftLogWorker (SegmentedRaftLogWorker.java:run(316)) - fdc6239b-1581-495f-aa0c-6ef093335d88@group-3343B05F753D-SegmentedRaftLogWorker was interrupted, exiting. There are 0 tasks remaining in the queue.
2019-10-03 05:49:50,788 [main] INFO  segmented.SegmentedRaftLogWorker (SegmentedRaftLogWorker.java:close(224)) - fdc6239b-1581-495f-aa0c-6ef093335d88@group-3343B05F753D-SegmentedRaftLogWorker close()
2019-10-03 05:49:50,793 [main] INFO  server.GrpcService (GrpcService.java:closeImpl(164)) - fdc6239b-1581-495f-aa0c-6ef093335d88: shutdown server with port 40162 now
2019-10-03 05:49:50,797 [main] INFO  server.GrpcService (GrpcService.java:closeImpl(172)) - fdc6239b-1581-495f-aa0c-6ef093335d88: shutdown server with port 40162 successfully
2019-10-03 05:49:50,800 [refreshUsed-/workdir/hadoop-ozone/integration-test/target/test-dir/MiniOzoneClusterImpl-864660b0-aed1-4907-bdd6-cc1949fc1881/datanode-5/data/containers] WARN  fs.CachingGetSpaceUsed (CachingGetSpaceUsed.java:run(183)) - Thread Interrupted waiting to refresh disk information: sleep interrupted
2019-10-03 05:49:50,824 [main] INFO  utils.BackgroundService (BackgroundService.java:shutdown(148)) - Shutting down service BlockDeletingService
2019-10-03 05:49:50,830 [main] INFO  statemachine.DatanodeStateMachine (DatanodeStateMachine.java:stopDaemon(395)) - Ozone container server stopped.
2019-10-03 05:49:50,836 [main] INFO  handler.ContextHandler (ContextHandler.java:doStop(910)) - Stopped o.e.j.w.WebAppContext@10f7918f{/,null,UNAVAILABLE}{/hddsDatanode}
2019-10-03 05:49:50,843 [main] INFO  server.AbstractConnector (AbstractConnector.java:doStop(318)) - Stopped ServerConnector@64d4f7c7{HTTP/1.1,[http/1.1]}{0.0.0.0:0}
2019-10-03 05:49:50,844 [main] INFO  handler.ContextHandler (ContextHandler.java:doStop(910)) - Stopped o.e.j.s.ServletContextHandler@3c3c4a71{/static,jar:file:/home/user/.m2/repository/org/apache/hadoop/hadoop-hdds-container-service/0.5.0-SNAPSHOT/hadoop-hdds-container-service-0.5.0-SNAPSHOT.jar!/webapps/static,UNAVAILABLE}
2019-10-03 05:49:50,844 [main] INFO  handler.ContextHandler (ContextHandler.java:doStop(910)) - Stopped o.e.j.s.ServletContextHandler@31ddb930{/logs,file:///workdir/hadoop-ozone/integration-test/target/log,UNAVAILABLE}
2019-10-03 05:49:59,462 [Thread-352] INFO  impl.FollowerState (FollowerState.java:run(108)) - aaa61f5b-6d33-454c-b5c1-ebc100bec0ba@group-3343B05F753D-FollowerState: change to CANDIDATE, lastRpcTime:9140ms, electionTimeout:5144ms
2019-10-03 05:49:59,463 [Thread-352] INFO  impl.RoleInfo (RoleInfo.java:shutdownFollowerState(121)) - aaa61f5b-6d33-454c-b5c1-ebc100bec0ba: shutdown FollowerState
2019-10-03 05:49:59,463 [Thread-352] INFO  impl.RaftServerImpl (RaftServerImpl.java:setRole(170)) - aaa61f5b-6d33-454c-b5c1-ebc100bec0ba@group-3343B05F753D: changes role from  FOLLOWER to CANDIDATE at term 2 for changeToCandidate
2019-10-03 05:49:59,464 [Thread-352] INFO  impl.RoleInfo (RoleInfo.java:updateAndGet(143)) - aaa61f5b-6d33-454c-b5c1-ebc100bec0ba: start LeaderElection
2019-10-03 05:49:59,467 [aaa61f5b-6d33-454c-b5c1-ebc100bec0ba@group-3343B05F753D-LeaderElection14] INFO  impl.RaftServerImpl (ServerState.java:setLeader(255)) - aaa61f5b-6d33-454c-b5c1-ebc100bec0ba@group-3343B05F753D: change Leader from fdc6239b-1581-495f-aa0c-6ef093335d88 to null at term 2 for initElection
2019-10-03 05:49:59,481 [Thread-351] INFO  impl.FollowerState (FollowerState.java:run(108)) - 25df95fc-d168-4c4c-bc82-68d8d7d98e43@group-3343B05F753D-FollowerState: change to CANDIDATE, lastRpcTime:9159ms, electionTimeout:5071ms
2019-10-03 05:49:59,481 [Thread-351] INFO  impl.RoleInfo (RoleInfo.java:shutdownFollowerState(121)) - 25df95fc-d168-4c4c-bc82-68d8d7d98e43: shutdown FollowerState
2019-10-03 05:49:59,481 [Thread-351] INFO  impl.RaftServerImpl (RaftServerImpl.java:setRole(170)) - 25df95fc-d168-4c4c-bc82-68d8d7d98e43@group-3343B05F753D: changes role from  FOLLOWER to CANDIDATE at term 2 for changeToCandidate
2019-10-03 05:49:59,481 [Thread-351] INFO  impl.RoleInfo (RoleInfo.java:updateAndGet(143)) - 25df95fc-d168-4c4c-bc82-68d8d7d98e43: start LeaderElection
2019-10-03 05:49:59,483 [25df95fc-d168-4c4c-bc82-68d8d7d98e43@group-3343B05F753D-LeaderElection15] INFO  impl.RaftServerImpl (ServerState.java:setLeader(255)) - 25df95fc-d168-4c4c-bc82-68d8d7d98e43@group-3343B05F753D: change Leader from fdc6239b-1581-495f-aa0c-6ef093335d88 to null at term 2 for initElection
2019-10-03 05:49:59,491 [aaa61f5b-6d33-454c-b5c1-ebc100bec0ba@group-3343B05F753D-LeaderElection14] INFO  impl.LeaderElection (LeaderElection.java:askForVotes(178)) - aaa61f5b-6d33-454c-b5c1-ebc100bec0ba@group-3343B05F753D-LeaderElection14: begin an election at term 3 for 0: [fdc6239b-1581-495f-aa0c-6ef093335d88:192.168.30.19:40162, aaa61f5b-6d33-454c-b5c1-ebc100bec0ba:192.168.30.19:38751, 25df95fc-d168-4c4c-bc82-68d8d7d98e43:192.168.30.19:43412], old=null
2019-10-03 05:49:59,497 [aaa61f5b-6d33-454c-b5c1-ebc100bec0ba@group-3343B05F753D-LeaderElection14] INFO  impl.LeaderElection (LogUtils.java:infoOrTrace(149)) - aaa61f5b-6d33-454c-b5c1-ebc100bec0ba@group-3343B05F753D-LeaderElection14 got exception when requesting votes: {}
java.util.concurrent.ExecutionException: org.apache.ratis.thirdparty.io.grpc.StatusRuntimeException: UNAVAILABLE: io exception
	at java.util.concurrent.FutureTask.report(FutureTask.java:122)
	at java.util.concurrent.FutureTask.get(FutureTask.java:192)
	at org.apache.ratis.server.impl.LeaderElection.waitForResults(LeaderElection.java:259)
	at org.apache.ratis.server.impl.LeaderElection.askForVotes(LeaderElection.java:197)
	at org.apache.ratis.server.impl.LeaderElection.run(LeaderElection.java:133)
	at java.lang.Thread.run(Thread.java:748)
Caused by: org.apache.ratis.thirdparty.io.grpc.StatusRuntimeException: UNAVAILABLE: io exception
	at org.apache.ratis.thirdparty.io.grpc.stub.ClientCalls.toStatusRuntimeException(ClientCalls.java:233)
	at org.apache.ratis.thirdparty.io.grpc.stub.ClientCalls.getUnchecked(ClientCalls.java:214)
	at org.apache.ratis.thirdparty.io.grpc.stub.ClientCalls.blockingUnaryCall(ClientCalls.java:139)
	at org.apache.ratis.proto.grpc.RaftServerProtocolServiceGrpc$RaftServerProtocolServiceBlockingStub.requestVote(RaftServerProtocolServiceGrpc.java:265)
	at org.apache.ratis.grpc.server.GrpcServerProtocolClient.requestVote(GrpcServerProtocolClient.java:99)
	at org.apache.ratis.grpc.server.GrpcService.requestVote(GrpcService.java:204)
	at org.apache.ratis.server.impl.LeaderElection.lambda$submitRequests$1(LeaderElection.java:234)
	at java.util.concurrent.FutureTask.run(FutureTask.java:266)
	at java.util.concurrent.Executors$RunnableAdapter.call(Executors.java:511)
	at java.util.concurrent.FutureTask.run(FutureTask.java:266)
	at java.util.concurrent.ThreadPoolExecutor.runWorker(ThreadPoolExecutor.java:1149)
	at java.util.concurrent.ThreadPoolExecutor$Worker.run(ThreadPoolExecutor.java:624)
	... 1 more
Caused by: org.apache.ratis.thirdparty.io.netty.channel.AbstractChannel$AnnotatedConnectException: Connection refused: /192.168.30.19:40162
	at sun.nio.ch.SocketChannelImpl.checkConnect(Native Method)
	at sun.nio.ch.SocketChannelImpl.finishConnect(SocketChannelImpl.java:717)
	at org.apache.ratis.thirdparty.io.netty.channel.socket.nio.NioSocketChannel.doFinishConnect(NioSocketChannel.java:327)
	at org.apache.ratis.thirdparty.io.netty.channel.nio.AbstractNioChannel$AbstractNioUnsafe.finishConnect(AbstractNioChannel.java:340)
	at org.apache.ratis.thirdparty.io.netty.channel.nio.NioEventLoop.processSelectedKey(NioEventLoop.java:632)
	at org.apache.ratis.thirdparty.io.netty.channel.nio.NioEventLoop.processSelectedKeysOptimized(NioEventLoop.java:579)
	at org.apache.ratis.thirdparty.io.netty.channel.nio.NioEventLoop.processSelectedKeys(NioEventLoop.java:496)
	at org.apache.ratis.thirdparty.io.netty.channel.nio.NioEventLoop.run(NioEventLoop.java:458)
	at org.apache.ratis.thirdparty.io.netty.util.concurrent.SingleThreadEventExecutor$5.run(SingleThreadEventExecutor.java:897)
	at org.apache.ratis.thirdparty.io.netty.util.concurrent.FastThreadLocalRunnable.run(FastThreadLocalRunnable.java:30)
	... 1 more
Caused by: java.net.ConnectException: Connection refused
	... 11 more
2019-10-03 05:49:59,512 [25df95fc-d168-4c4c-bc82-68d8d7d98e43@group-3343B05F753D-LeaderElection15] INFO  impl.LeaderElection (LeaderElection.java:askForVotes(178)) - 25df95fc-d168-4c4c-bc82-68d8d7d98e43@group-3343B05F753D-LeaderElection15: begin an election at term 3 for 0: [fdc6239b-1581-495f-aa0c-6ef093335d88:192.168.30.19:40162, aaa61f5b-6d33-454c-b5c1-ebc100bec0ba:192.168.30.19:38751, 25df95fc-d168-4c4c-bc82-68d8d7d98e43:192.168.30.19:43412], old=null
2019-10-03 05:49:59,514 [aaa61f5b-6d33-454c-b5c1-ebc100bec0ba@group-3343B05F753D-LeaderElection14] INFO  impl.LeaderElection (LeaderElection.java:logAndReturn(56)) - aaa61f5b-6d33-454c-b5c1-ebc100bec0ba@group-3343B05F753D-LeaderElection14: Election REJECTED; received 1 response(s) [aaa61f5b-6d33-454c-b5c1-ebc100bec0ba<-25df95fc-d168-4c4c-bc82-68d8d7d98e43#0:FAIL-t3] and 1 exception(s); aaa61f5b-6d33-454c-b5c1-ebc100bec0ba@group-3343B05F753D:t3, leader=null, voted=aaa61f5b-6d33-454c-b5c1-ebc100bec0ba, raftlog=aaa61f5b-6d33-454c-b5c1-ebc100bec0ba@group-3343B05F753D-SegmentedRaftLog:OPENED:c2,f2,i2, conf=0: [fdc6239b-1581-495f-aa0c-6ef093335d88:192.168.30.19:40162, aaa61f5b-6d33-454c-b5c1-ebc100bec0ba:192.168.30.19:38751, 25df95fc-d168-4c4c-bc82-68d8d7d98e43:192.168.30.19:43412], old=null
2019-10-03 05:49:59,514 [25df95fc-d168-4c4c-bc82-68d8d7d98e43@group-3343B05F753D-LeaderElection15] INFO  impl.LeaderElection (LogUtils.java:infoOrTrace(149)) - 25df95fc-d168-4c4c-bc82-68d8d7d98e43@group-3343B05F753D-LeaderElection15 got exception when requesting votes: {}
java.util.concurrent.ExecutionException: org.apache.ratis.thirdparty.io.grpc.StatusRuntimeException: UNAVAILABLE: io exception
	at java.util.concurrent.FutureTask.report(FutureTask.java:122)
	at java.util.concurrent.FutureTask.get(FutureTask.java:192)
	at org.apache.ratis.server.impl.LeaderElection.waitForResults(LeaderElection.java:259)
	at org.apache.ratis.server.impl.LeaderElection.askForVotes(LeaderElection.java:197)
	at org.apache.ratis.server.impl.LeaderElection.run(LeaderElection.java:133)
	at java.lang.Thread.run(Thread.java:748)
Caused by: org.apache.ratis.thirdparty.io.grpc.StatusRuntimeException: UNAVAILABLE: io exception
	at org.apache.ratis.thirdparty.io.grpc.stub.ClientCalls.toStatusRuntimeException(ClientCalls.java:233)
	at org.apache.ratis.thirdparty.io.grpc.stub.ClientCalls.getUnchecked(ClientCalls.java:214)
	at org.apache.ratis.thirdparty.io.grpc.stub.ClientCalls.blockingUnaryCall(ClientCalls.java:139)
	at org.apache.ratis.proto.grpc.RaftServerProtocolServiceGrpc$RaftServerProtocolServiceBlockingStub.requestVote(RaftServerProtocolServiceGrpc.java:265)
	at org.apache.ratis.grpc.server.GrpcServerProtocolClient.requestVote(GrpcServerProtocolClient.java:99)
	at org.apache.ratis.grpc.server.GrpcService.requestVote(GrpcService.java:204)
	at org.apache.ratis.server.impl.LeaderElection.lambda$submitRequests$1(LeaderElection.java:234)
	at java.util.concurrent.FutureTask.run(FutureTask.java:266)
	at java.util.concurrent.Executors$RunnableAdapter.call(Executors.java:511)
	at java.util.concurrent.FutureTask.run(FutureTask.java:266)
	at java.util.concurrent.ThreadPoolExecutor.runWorker(ThreadPoolExecutor.java:1149)
	at java.util.concurrent.ThreadPoolExecutor$Worker.run(ThreadPoolExecutor.java:624)
	... 1 more
Caused by: org.apache.ratis.thirdparty.io.netty.channel.AbstractChannel$AnnotatedConnectException: Connection refused: /192.168.30.19:40162
	at sun.nio.ch.SocketChannelImpl.checkConnect(Native Method)
	at sun.nio.ch.SocketChannelImpl.finishConnect(SocketChannelImpl.java:717)
	at org.apache.ratis.thirdparty.io.netty.channel.socket.nio.NioSocketChannel.doFinishConnect(NioSocketChannel.java:327)
	at org.apache.ratis.thirdparty.io.netty.channel.nio.AbstractNioChannel$AbstractNioUnsafe.finishConnect(AbstractNioChannel.java:340)
	at org.apache.ratis.thirdparty.io.netty.channel.nio.NioEventLoop.processSelectedKey(NioEventLoop.java:632)
	at org.apache.ratis.thirdparty.io.netty.channel.nio.NioEventLoop.processSelectedKeysOptimized(NioEventLoop.java:579)
	at org.apache.ratis.thirdparty.io.netty.channel.nio.NioEventLoop.processSelectedKeys(NioEventLoop.java:496)
	at org.apache.ratis.thirdparty.io.netty.channel.nio.NioEventLoop.run(NioEventLoop.java:458)
	at org.apache.ratis.thirdparty.io.netty.util.concurrent.SingleThreadEventExecutor$5.run(SingleThreadEventExecutor.java:897)
	at org.apache.ratis.thirdparty.io.netty.util.concurrent.FastThreadLocalRunnable.run(FastThreadLocalRunnable.java:30)
	... 1 more
Caused by: java.net.ConnectException: Connection refused
	... 11 more
2019-10-03 05:49:59,515 [aaa61f5b-6d33-454c-b5c1-ebc100bec0ba@group-3343B05F753D-LeaderElection14] INFO  impl.LeaderElection (LogUtils.java:infoOrTrace(149)) -   Exception 0: {}
java.util.concurrent.ExecutionException: org.apache.ratis.thirdparty.io.grpc.StatusRuntimeException: UNAVAILABLE: io exception
	at java.util.concurrent.FutureTask.report(FutureTask.java:122)
	at java.util.concurrent.FutureTask.get(FutureTask.java:192)
	at org.apache.ratis.server.impl.LeaderElection.waitForResults(LeaderElection.java:259)
	at org.apache.ratis.server.impl.LeaderElection.askForVotes(LeaderElection.java:197)
	at org.apache.ratis.server.impl.LeaderElection.run(LeaderElection.java:133)
	at java.lang.Thread.run(Thread.java:748)
Caused by: org.apache.ratis.thirdparty.io.grpc.StatusRuntimeException: UNAVAILABLE: io exception
	at org.apache.ratis.thirdparty.io.grpc.stub.ClientCalls.toStatusRuntimeException(ClientCalls.java:233)
	at org.apache.ratis.thirdparty.io.grpc.stub.ClientCalls.getUnchecked(ClientCalls.java:214)
	at org.apache.ratis.thirdparty.io.grpc.stub.ClientCalls.blockingUnaryCall(ClientCalls.java:139)
	at org.apache.ratis.proto.grpc.RaftServerProtocolServiceGrpc$RaftServerProtocolServiceBlockingStub.requestVote(RaftServerProtocolServiceGrpc.java:265)
	at org.apache.ratis.grpc.server.GrpcServerProtocolClient.requestVote(GrpcServerProtocolClient.java:99)
	at org.apache.ratis.grpc.server.GrpcService.requestVote(GrpcService.java:204)
	at org.apache.ratis.server.impl.LeaderElection.lambda$submitRequests$1(LeaderElection.java:234)
	at java.util.concurrent.FutureTask.run(FutureTask.java:266)
	at java.util.concurrent.Executors$RunnableAdapter.call(Executors.java:511)
	at java.util.concurrent.FutureTask.run(FutureTask.java:266)
	at java.util.concurrent.ThreadPoolExecutor.runWorker(ThreadPoolExecutor.java:1149)
	at java.util.concurrent.ThreadPoolExecutor$Worker.run(ThreadPoolExecutor.java:624)
	... 1 more
Caused by: org.apache.ratis.thirdparty.io.netty.channel.AbstractChannel$AnnotatedConnectException: Connection refused: /192.168.30.19:40162
	at sun.nio.ch.SocketChannelImpl.checkConnect(Native Method)
	at sun.nio.ch.SocketChannelImpl.finishConnect(SocketChannelImpl.java:717)
	at org.apache.ratis.thirdparty.io.netty.channel.socket.nio.NioSocketChannel.doFinishConnect(NioSocketChannel.java:327)
	at org.apache.ratis.thirdparty.io.netty.channel.nio.AbstractNioChannel$AbstractNioUnsafe.finishConnect(AbstractNioChannel.java:340)
	at org.apache.ratis.thirdparty.io.netty.channel.nio.NioEventLoop.processSelectedKey(NioEventLoop.java:632)
	at org.apache.ratis.thirdparty.io.netty.channel.nio.NioEventLoop.processSelectedKeysOptimized(NioEventLoop.java:579)
	at org.apache.ratis.thirdparty.io.netty.channel.nio.NioEventLoop.processSelectedKeys(NioEventLoop.java:496)
	at org.apache.ratis.thirdparty.io.netty.channel.nio.NioEventLoop.run(NioEventLoop.java:458)
	at org.apache.ratis.thirdparty.io.netty.util.concurrent.SingleThreadEventExecutor$5.run(SingleThreadEventExecutor.java:897)
	at org.apache.ratis.thirdparty.io.netty.util.concurrent.FastThreadLocalRunnable.run(FastThreadLocalRunnable.java:30)
	... 1 more
Caused by: java.net.ConnectException: Connection refused
	... 11 more
2019-10-03 05:49:59,519 [aaa61f5b-6d33-454c-b5c1-ebc100bec0ba@group-3343B05F753D-LeaderElection14] INFO  impl.RaftServerImpl (RaftServerImpl.java:setRole(170)) - aaa61f5b-6d33-454c-b5c1-ebc100bec0ba@group-3343B05F753D: changes role from CANDIDATE to FOLLOWER at term 3 for DISCOVERED_A_NEW_TERM
2019-10-03 05:49:59,519 [aaa61f5b-6d33-454c-b5c1-ebc100bec0ba@group-3343B05F753D-LeaderElection14] INFO  impl.RoleInfo (RoleInfo.java:shutdownLeaderElection(134)) - aaa61f5b-6d33-454c-b5c1-ebc100bec0ba: shutdown LeaderElection
2019-10-03 05:49:59,520 [aaa61f5b-6d33-454c-b5c1-ebc100bec0ba@group-3343B05F753D-LeaderElection14] INFO  impl.RoleInfo (RoleInfo.java:updateAndGet(143)) - aaa61f5b-6d33-454c-b5c1-ebc100bec0ba: start FollowerState
2019-10-03 05:49:59,520 [25df95fc-d168-4c4c-bc82-68d8d7d98e43@group-3343B05F753D-LeaderElection15] INFO  impl.LeaderElection (LeaderElection.java:logAndReturn(56)) - 25df95fc-d168-4c4c-bc82-68d8d7d98e43@group-3343B05F753D-LeaderElection15: Election REJECTED; received 1 response(s) [25df95fc-d168-4c4c-bc82-68d8d7d98e43<-aaa61f5b-6d33-454c-b5c1-ebc100bec0ba#0:FAIL-t3] and 1 exception(s); 25df95fc-d168-4c4c-bc82-68d8d7d98e43@group-3343B05F753D:t3, leader=null, voted=25df95fc-d168-4c4c-bc82-68d8d7d98e43, raftlog=25df95fc-d168-4c4c-bc82-68d8d7d98e43@group-3343B05F753D-SegmentedRaftLog:OPENED:c2,f2,i2, conf=0: [fdc6239b-1581-495f-aa0c-6ef093335d88:192.168.30.19:40162, aaa61f5b-6d33-454c-b5c1-ebc100bec0ba:192.168.30.19:38751, 25df95fc-d168-4c4c-bc82-68d8d7d98e43:192.168.30.19:43412], old=null
2019-10-03 05:49:59,520 [25df95fc-d168-4c4c-bc82-68d8d7d98e43@group-3343B05F753D-LeaderElection15] INFO  impl.LeaderElection (LogUtils.java:infoOrTrace(149)) -   Exception 0: {}
java.util.concurrent.ExecutionException: org.apache.ratis.thirdparty.io.grpc.StatusRuntimeException: UNAVAILABLE: io exception
	at java.util.concurrent.FutureTask.report(FutureTask.java:122)
	at java.util.concurrent.FutureTask.get(FutureTask.java:192)
	at org.apache.ratis.server.impl.LeaderElection.waitForResults(LeaderElection.java:259)
	at org.apache.ratis.server.impl.LeaderElection.askForVotes(LeaderElection.java:197)
	at org.apache.ratis.server.impl.LeaderElection.run(LeaderElection.java:133)
	at java.lang.Thread.run(Thread.java:748)
Caused by: org.apache.ratis.thirdparty.io.grpc.StatusRuntimeException: UNAVAILABLE: io exception
	at org.apache.ratis.thirdparty.io.grpc.stub.ClientCalls.toStatusRuntimeException(ClientCalls.java:233)
	at org.apache.ratis.thirdparty.io.grpc.stub.ClientCalls.getUnchecked(ClientCalls.java:214)
	at org.apache.ratis.thirdparty.io.grpc.stub.ClientCalls.blockingUnaryCall(ClientCalls.java:139)
	at org.apache.ratis.proto.grpc.RaftServerProtocolServiceGrpc$RaftServerProtocolServiceBlockingStub.requestVote(RaftServerProtocolServiceGrpc.java:265)
	at org.apache.ratis.grpc.server.GrpcServerProtocolClient.requestVote(GrpcServerProtocolClient.java:99)
	at org.apache.ratis.grpc.server.GrpcService.requestVote(GrpcService.java:204)
	at org.apache.ratis.server.impl.LeaderElection.lambda$submitRequests$1(LeaderElection.java:234)
	at java.util.concurrent.FutureTask.run(FutureTask.java:266)
	at java.util.concurrent.Executors$RunnableAdapter.call(Executors.java:511)
	at java.util.concurrent.FutureTask.run(FutureTask.java:266)
	at java.util.concurrent.ThreadPoolExecutor.runWorker(ThreadPoolExecutor.java:1149)
	at java.util.concurrent.ThreadPoolExecutor$Worker.run(ThreadPoolExecutor.java:624)
	... 1 more
Caused by: org.apache.ratis.thirdparty.io.netty.channel.AbstractChannel$AnnotatedConnectException: Connection refused: /192.168.30.19:40162
	at sun.nio.ch.SocketChannelImpl.checkConnect(Native Method)
	at sun.nio.ch.SocketChannelImpl.finishConnect(SocketChannelImpl.java:717)
	at org.apache.ratis.thirdparty.io.netty.channel.socket.nio.NioSocketChannel.doFinishConnect(NioSocketChannel.java:327)
	at org.apache.ratis.thirdparty.io.netty.channel.nio.AbstractNioChannel$AbstractNioUnsafe.finishConnect(AbstractNioChannel.java:340)
	at org.apache.ratis.thirdparty.io.netty.channel.nio.NioEventLoop.processSelectedKey(NioEventLoop.java:632)
	at org.apache.ratis.thirdparty.io.netty.channel.nio.NioEventLoop.processSelectedKeysOptimized(NioEventLoop.java:579)
	at org.apache.ratis.thirdparty.io.netty.channel.nio.NioEventLoop.processSelectedKeys(NioEventLoop.java:496)
	at org.apache.ratis.thirdparty.io.netty.channel.nio.NioEventLoop.run(NioEventLoop.java:458)
	at org.apache.ratis.thirdparty.io.netty.util.concurrent.SingleThreadEventExecutor$5.run(SingleThreadEventExecutor.java:897)
	at org.apache.ratis.thirdparty.io.netty.util.concurrent.FastThreadLocalRunnable.run(FastThreadLocalRunnable.java:30)
	... 1 more
Caused by: java.net.ConnectException: Connection refused
	... 11 more
2019-10-03 05:49:59,521 [25df95fc-d168-4c4c-bc82-68d8d7d98e43@group-3343B05F753D-LeaderElection15] INFO  impl.RaftServerImpl (RaftServerImpl.java:setRole(170)) - 25df95fc-d168-4c4c-bc82-68d8d7d98e43@group-3343B05F753D: changes role from CANDIDATE to FOLLOWER at term 3 for DISCOVERED_A_NEW_TERM
2019-10-03 05:49:59,521 [25df95fc-d168-4c4c-bc82-68d8d7d98e43@group-3343B05F753D-LeaderElection15] INFO  impl.RoleInfo (RoleInfo.java:shutdownLeaderElection(134)) - 25df95fc-d168-4c4c-bc82-68d8d7d98e43: shutdown LeaderElection
2019-10-03 05:49:59,521 [25df95fc-d168-4c4c-bc82-68d8d7d98e43@group-3343B05F753D-LeaderElection15] INFO  impl.RoleInfo (RoleInfo.java:updateAndGet(143)) - 25df95fc-d168-4c4c-bc82-68d8d7d98e43: start FollowerState
]]></system-out>
    <system-err><![CDATA[ERROR StatusLogger No Log4j 2 configuration file found. Using default configuration (logging only errors to the console), or user programmatically provided configurations. Set system property 'log4j2.debug' to show Log4j 2 internal initialization logging. See https://logging.apache.org/log4j/2.x/manual/configuration.html for instructions on how to configure Log4j 2
]]></system-err>
  </testcase>
</testsuite>