<?xml version="1.0" encoding="UTF-8"?>
<testsuite xmlns:xsi="http://www.w3.org/2001/XMLSchema-instance" xsi:noNamespaceSchemaLocation="https://maven.apache.org/surefire/maven-surefire-plugin/xsd/surefire-test-report.xsd" name="org.apache.hadoop.ozone.client.rpc.TestWatchForCommit" time="259.51" tests="5" errors="1" skipped="0" failures="0">
  <properties>
    <property name="awt.toolkit" value="sun.awt.X11.XToolkit"/>
    <property name="file.encoding.pkg" value="sun.io"/>
    <property name="java.specification.version" value="1.8"/>
    <property name="sun.cpu.isalist" value=""/>
    <property name="sun.jnu.encoding" value="UTF-8"/>
    <property name="java.class.path" value="/workdir/hadoop-ozone/integration-test/target/test-classes:/workdir/hadoop-ozone/integration-test/target/classes:/home/user/.m2/repository/org/apache/hadoop/hadoop-ozone-common/0.5.0-SNAPSHOT/hadoop-ozone-common-0.5.0-SNAPSHOT.jar:/home/user/.m2/repository/org/apache/commons/commons-compress/1.4.1/commons-compress-1.4.1.jar:/home/user/.m2/repository/org/tukaani/xz/1.0/xz-1.0.jar:/home/user/.m2/repository/org/apache/hadoop/hadoop-common/3.2.0/hadoop-common-3.2.0.jar:/home/user/.m2/repository/org/apache/hadoop/hadoop-hdfs/3.2.0/hadoop-hdfs-3.2.0.jar:/home/user/.m2/repository/org/apache/hadoop/hadoop-hdfs-client/3.2.0/hadoop-hdfs-client-3.2.0.jar:/home/user/.m2/repository/com/fasterxml/jackson/core/jackson-annotations/2.9.9/jackson-annotations-2.9.9.jar:/home/user/.m2/repository/org/apache/hadoop/hadoop-hdds-common/0.5.0-SNAPSHOT/hadoop-hdds-common-0.5.0-SNAPSHOT.jar:/home/user/.m2/repository/javax/annotation/javax.annotation-api/1.2/javax.annotation-api-1.2.jar:/home/user/.m2/repository/org/apache/ratis/ratis-server/0.5.0-201fc85-SNAPSHOT/ratis-server-0.5.0-201fc85-SNAPSHOT.jar:/home/user/.m2/repository/org/apache/ratis/ratis-thirdparty-misc/0.2.0/ratis-thirdparty-misc-0.2.0.jar:/home/user/.m2/repository/org/apache/ratis/ratis-proto/0.5.0-201fc85-SNAPSHOT/ratis-proto-0.5.0-201fc85-SNAPSHOT.jar:/home/user/.m2/repository/org/apache/ratis/ratis-common/0.5.0-201fc85-SNAPSHOT/ratis-common-0.5.0-201fc85-SNAPSHOT.jar:/home/user/.m2/repository/org/apache/ratis/ratis-client/0.5.0-201fc85-SNAPSHOT/ratis-client-0.5.0-201fc85-SNAPSHOT.jar:/home/user/.m2/repository/org/apache/ratis/ratis-metrics/0.5.0-201fc85-SNAPSHOT/ratis-metrics-0.5.0-201fc85-SNAPSHOT.jar:/home/user/.m2/repository/com/github/joshelser/dropwizard-metrics-hadoop-metrics2-reporter/0.1.2/dropwizard-metrics-hadoop-metrics2-reporter-0.1.2.jar:/home/user/.m2/repository/io/dropwizard/metrics/metrics-jvm/3.2.5/metrics-jvm-3.2.5.jar:/home/user/.m2/repository/io/dropwizard/metrics/metrics-ganglia/3.2.5/metrics-ganglia-3.2.5.jar:/home/user/.m2/repository/info/ganglia/gmetric4j/gmetric4j/1.0.7/gmetric4j-1.0.7.jar:/home/user/.m2/repository/org/apache/ratis/ratis-netty/0.5.0-201fc85-SNAPSHOT/ratis-netty-0.5.0-201fc85-SNAPSHOT.jar:/home/user/.m2/repository/org/apache/ratis/ratis-grpc/0.5.0-201fc85-SNAPSHOT/ratis-grpc-0.5.0-201fc85-SNAPSHOT.jar:/home/user/.m2/repository/org/rocksdb/rocksdbjni/6.0.1/rocksdbjni-6.0.1.jar:/home/user/.m2/repository/org/apache/logging/log4j/log4j-api/2.11.0/log4j-api-2.11.0.jar:/home/user/.m2/repository/org/apache/logging/log4j/log4j-core/2.11.0/log4j-core-2.11.0.jar:/home/user/.m2/repository/com/lmax/disruptor/3.4.2/disruptor-3.4.2.jar:/home/user/.m2/repository/org/apache/commons/commons-pool2/2.6.0/commons-pool2-2.6.0.jar:/home/user/.m2/repository/org/bouncycastle/bcpkix-jdk15on/1.60/bcpkix-jdk15on-1.60.jar:/home/user/.m2/repository/commons-validator/commons-validator/1.6/commons-validator-1.6.jar:/home/user/.m2/repository/commons-digester/commons-digester/1.8.1/commons-digester-1.8.1.jar:/home/user/.m2/repository/io/jaegertracing/jaeger-client/0.34.0/jaeger-client-0.34.0.jar:/home/user/.m2/repository/io/jaegertracing/jaeger-thrift/0.34.0/jaeger-thrift-0.34.0.jar:/home/user/.m2/repository/org/apache/thrift/libthrift/0.12.0/libthrift-0.12.0.jar:/home/user/.m2/repository/com/squareup/okhttp3/okhttp/3.9.0/okhttp-3.9.0.jar:/home/user/.m2/repository/com/squareup/okio/okio/1.13.0/okio-1.13.0.jar:/home/user/.m2/repository/io/jaegertracing/jaeger-core/0.34.0/jaeger-core-0.34.0.jar:/home/user/.m2/repository/io/jaegertracing/jaeger-tracerresolver/0.34.0/jaeger-tracerresolver-0.34.0.jar:/home/user/.m2/repository/io/opentracing/contrib/opentracing-tracerresolver/0.1.5/opentracing-tracerresolver-0.1.5.jar:/home/user/.m2/repository/io/opentracing/opentracing-util/0.31.0/opentracing-util-0.31.0.jar:/home/user/.m2/repository/io/opentracing/opentracing-api/0.31.0/opentracing-api-0.31.0.jar:/home/user/.m2/repository/io/opentracing/opentracing-noop/0.31.0/opentracing-noop-0.31.0.jar:/home/user/.m2/repository/org/apache/hadoop/hadoop-hdds-server-framework/0.5.0-SNAPSHOT/hadoop-hdds-server-framework-0.5.0-SNAPSHOT.jar:/home/user/.m2/repository/org/apache/hadoop/hadoop-hdds-container-service/0.5.0-SNAPSHOT/hadoop-hdds-container-service-0.5.0-SNAPSHOT.jar:/home/user/.m2/repository/org/apache/hadoop/hadoop-hdds-client/0.5.0-SNAPSHOT/hadoop-hdds-client-0.5.0-SNAPSHOT.jar:/home/user/.m2/repository/org/apache/hadoop/hadoop-hdds-tools/0.5.0-SNAPSHOT/hadoop-hdds-tools-0.5.0-SNAPSHOT.jar:/home/user/.m2/repository/org/apache/hadoop/hadoop-hdds-server-scm/0.5.0-SNAPSHOT/hadoop-hdds-server-scm-0.5.0-SNAPSHOT.jar:/home/user/.m2/repository/org/apache/hadoop/hadoop-hdds-docs/0.5.0-SNAPSHOT/hadoop-hdds-docs-0.5.0-SNAPSHOT.jar:/home/user/.m2/repository/io/dropwizard/metrics/metrics-core/3.2.4/metrics-core-3.2.4.jar:/home/user/.m2/repository/org/hamcrest/hamcrest-all/1.3/hamcrest-all-1.3.jar:/home/user/.m2/repository/org/bouncycastle/bcprov-jdk15on/1.60/bcprov-jdk15on-1.60.jar:/home/user/.m2/repository/info/picocli/picocli/3.9.6/picocli-3.9.6.jar:/home/user/.m2/repository/com/google/protobuf/protobuf-java/2.5.0/protobuf-java-2.5.0.jar:/home/user/.m2/repository/com/google/guava/guava/11.0.2/guava-11.0.2.jar:/home/user/.m2/repository/org/apache/hadoop/hadoop-ozone-ozone-manager/0.5.0-SNAPSHOT/hadoop-ozone-ozone-manager-0.5.0-SNAPSHOT.jar:/home/user/.m2/repository/org/apache/hadoop/hadoop-minikdc/3.2.0/hadoop-minikdc-3.2.0.jar:/home/user/.m2/repository/commons-io/commons-io/2.5/commons-io-2.5.jar:/home/user/.m2/repository/org/apache/kerby/kerb-simplekdc/1.0.1/kerb-simplekdc-1.0.1.jar:/home/user/.m2/repository/org/apache/kerby/kerb-client/1.0.1/kerb-client-1.0.1.jar:/home/user/.m2/repository/org/apache/kerby/kerby-config/1.0.1/kerby-config-1.0.1.jar:/home/user/.m2/repository/org/apache/kerby/kerb-core/1.0.1/kerb-core-1.0.1.jar:/home/user/.m2/repository/org/apache/kerby/kerby-pkix/1.0.1/kerby-pkix-1.0.1.jar:/home/user/.m2/repository/org/apache/kerby/kerby-asn1/1.0.1/kerby-asn1-1.0.1.jar:/home/user/.m2/repository/org/apache/kerby/kerby-util/1.0.1/kerby-util-1.0.1.jar:/home/user/.m2/repository/org/apache/kerby/kerb-common/1.0.1/kerb-common-1.0.1.jar:/home/user/.m2/repository/org/apache/kerby/kerb-crypto/1.0.1/kerb-crypto-1.0.1.jar:/home/user/.m2/repository/org/apache/kerby/kerb-util/1.0.1/kerb-util-1.0.1.jar:/home/user/.m2/repository/org/apache/kerby/token-provider/1.0.1/token-provider-1.0.1.jar:/home/user/.m2/repository/org/apache/kerby/kerb-admin/1.0.1/kerb-admin-1.0.1.jar:/home/user/.m2/repository/org/apache/kerby/kerb-server/1.0.1/kerb-server-1.0.1.jar:/home/user/.m2/repository/org/apache/kerby/kerb-identity/1.0.1/kerb-identity-1.0.1.jar:/home/user/.m2/repository/org/apache/kerby/kerby-xdr/1.0.1/kerby-xdr-1.0.1.jar:/home/user/.m2/repository/org/slf4j/slf4j-log4j12/1.7.25/slf4j-log4j12-1.7.25.jar:/home/user/.m2/repository/org/apache/hadoop/hadoop-ozone-s3gateway/0.5.0-SNAPSHOT/hadoop-ozone-s3gateway-0.5.0-SNAPSHOT.jar:/home/user/.m2/repository/org/jboss/weld/servlet/weld-servlet/2.4.7.Final/weld-servlet-2.4.7.Final.jar:/home/user/.m2/repository/org/glassfish/jersey/containers/jersey-container-servlet-core/2.27/jersey-container-servlet-core-2.27.jar:/home/user/.m2/repository/org/glassfish/hk2/external/javax.inject/2.5.0-b42/javax.inject-2.5.0-b42.jar:/home/user/.m2/repository/org/glassfish/jersey/core/jersey-common/2.27/jersey-common-2.27.jar:/home/user/.m2/repository/org/glassfish/hk2/osgi-resource-locator/1.0.1/osgi-resource-locator-1.0.1.jar:/home/user/.m2/repository/javax/ws/rs/javax.ws.rs-api/2.1/javax.ws.rs-api-2.1.jar:/home/user/.m2/repository/org/glassfish/jersey/ext/cdi/jersey-cdi1x/2.27/jersey-cdi1x-2.27.jar:/home/user/.m2/repository/org/glassfish/jersey/inject/jersey-hk2/2.27/jersey-hk2-2.27.jar:/home/user/.m2/repository/org/glassfish/hk2/hk2-locator/2.5.0-b42/hk2-locator-2.5.0-b42.jar:/home/user/.m2/repository/org/javassist/javassist/3.22.0-CR2/javassist-3.22.0-CR2.jar:/home/user/.m2/repository/org/glassfish/hk2/hk2-api/2.5.0/hk2-api-2.5.0.jar:/home/user/.m2/repository/org/glassfish/hk2/external/jakarta.inject/2.5.0/jakarta.inject-2.5.0.jar:/home/user/.m2/repository/org/glassfish/hk2/hk2-utils/2.5.0/hk2-utils-2.5.0.jar:/home/user/.m2/repository/jakarta/annotation/jakarta.annotation-api/1.3.4/jakarta.annotation-api-1.3.4.jar:/home/user/.m2/repository/org/glassfish/hk2/external/aopalliance-repackaged/2.5.0/aopalliance-repackaged-2.5.0.jar:/home/user/.m2/repository/com/fasterxml/jackson/dataformat/jackson-dataformat-xml/2.9.0/jackson-dataformat-xml-2.9.0.jar:/home/user/.m2/repository/com/fasterxml/jackson/core/jackson-core/2.9.9/jackson-core-2.9.9.jar:/home/user/.m2/repository/com/fasterxml/jackson/module/jackson-module-jaxb-annotations/2.9.9/jackson-module-jaxb-annotations-2.9.9.jar:/home/user/.m2/repository/javax/enterprise/cdi-api/1.2/cdi-api-1.2.jar:/home/user/.m2/repository/javax/el/javax.el-api/3.0.0/javax.el-api-3.0.0.jar:/home/user/.m2/repository/javax/interceptor/javax.interceptor-api/1.2/javax.interceptor-api-1.2.jar:/home/user/.m2/repository/javax/inject/javax.inject/1/javax.inject-1.jar:/home/user/.m2/repository/com/sun/xml/bind/jaxb-impl/2.3.0.1/jaxb-impl-2.3.0.1.jar:/home/user/.m2/repository/com/sun/xml/bind/jaxb-core/2.3.0.1/jaxb-core-2.3.0.1.jar:/home/user/.m2/repository/javax/xml/bind/jaxb-api/2.3.0/jaxb-api-2.3.0.jar:/home/user/.m2/repository/javax/activation/activation/1.1.1/activation-1.1.1.jar:/home/user/.m2/repository/org/apache/hadoop/hadoop-ozone-csi/0.5.0-SNAPSHOT/hadoop-ozone-csi-0.5.0-SNAPSHOT.jar:/home/user/.m2/repository/com/google/protobuf/protobuf-java-util/3.5.1/protobuf-java-util-3.5.1.jar:/home/user/.m2/repository/org/apache/hadoop/hadoop-hdds-config/0.5.0-SNAPSHOT/hadoop-hdds-config-0.5.0-SNAPSHOT.jar:/home/user/.m2/repository/io/grpc/grpc-netty/1.17.1/grpc-netty-1.17.1.jar:/home/user/.m2/repository/io/grpc/grpc-core/1.17.1/grpc-core-1.17.1.jar:/home/user/.m2/repository/io/grpc/grpc-context/1.17.1/grpc-context-1.17.1.jar:/home/user/.m2/repository/com/google/errorprone/error_prone_annotations/2.2.0/error_prone_annotations-2.2.0.jar:/home/user/.m2/repository/org/codehaus/mojo/animal-sniffer-annotations/1.17/animal-sniffer-annotations-1.17.jar:/home/user/.m2/repository/io/opencensus/opencensus-api/0.17.0/opencensus-api-0.17.0.jar:/home/user/.m2/repository/io/opencensus/opencensus-contrib-grpc-metrics/0.17.0/opencensus-contrib-grpc-metrics-0.17.0.jar:/home/user/.m2/repository/io/netty/netty-codec-http2/4.1.30.Final/netty-codec-http2-4.1.30.Final.jar:/home/user/.m2/repository/io/netty/netty-codec-http/4.1.30.Final/netty-codec-http-4.1.30.Final.jar:/home/user/.m2/repository/io/netty/netty-codec/4.1.30.Final/netty-codec-4.1.30.Final.jar:/home/user/.m2/repository/io/netty/netty-handler/4.1.30.Final/netty-handler-4.1.30.Final.jar:/home/user/.m2/repository/io/netty/netty-handler-proxy/4.1.30.Final/netty-handler-proxy-4.1.30.Final.jar:/home/user/.m2/repository/io/netty/netty-codec-socks/4.1.30.Final/netty-codec-socks-4.1.30.Final.jar:/home/user/.m2/repository/io/netty/netty-transport-native-epoll/4.1.30.Final/netty-transport-native-epoll-4.1.30.Final.jar:/home/user/.m2/repository/io/netty/netty-common/4.1.30.Final/netty-common-4.1.30.Final.jar:/home/user/.m2/repository/io/netty/netty-buffer/4.1.30.Final/netty-buffer-4.1.30.Final.jar:/home/user/.m2/repository/io/netty/netty-transport/4.1.30.Final/netty-transport-4.1.30.Final.jar:/home/user/.m2/repository/io/netty/netty-resolver/4.1.30.Final/netty-resolver-4.1.30.Final.jar:/home/user/.m2/repository/io/netty/netty-transport-native-unix-common/4.1.30.Final/netty-transport-native-unix-common-4.1.30.Final.jar:/home/user/.m2/repository/io/grpc/grpc-protobuf/1.17.1/grpc-protobuf-1.17.1.jar:/home/user/.m2/repository/com/google/api/grpc/proto-google-common-protos/1.0.0/proto-google-common-protos-1.0.0.jar:/home/user/.m2/repository/io/grpc/grpc-protobuf-lite/1.17.1/grpc-protobuf-lite-1.17.1.jar:/home/user/.m2/repository/io/grpc/grpc-stub/1.17.1/grpc-stub-1.17.1.jar:/home/user/.m2/repository/org/apache/hadoop/hadoop-ozone-recon/0.5.0-SNAPSHOT/hadoop-ozone-recon-0.5.0-SNAPSHOT.jar:/home/user/.m2/repository/org/apache/hadoop/hadoop-ozone-reconcodegen/0.5.0-SNAPSHOT/hadoop-ozone-reconcodegen-0.5.0-SNAPSHOT.jar:/home/user/.m2/repository/com/google/inject/extensions/guice-multibindings/4.0/guice-multibindings-4.0.jar:/home/user/.m2/repository/com/google/inject/guice/4.0/guice-4.0.jar:/home/user/.m2/repository/aopalliance/aopalliance/1.0/aopalliance-1.0.jar:/home/user/.m2/repository/com/google/inject/extensions/guice-servlet/4.0/guice-servlet-4.0.jar:/home/user/.m2/repository/org/glassfish/jersey/containers/jersey-container-servlet/2.27/jersey-container-servlet-2.27.jar:/home/user/.m2/repository/org/glassfish/hk2/guice-bridge/2.5.0/guice-bridge-2.5.0.jar:/home/user/.m2/repository/org/glassfish/jersey/core/jersey-server/2.27/jersey-server-2.27.jar:/home/user/.m2/repository/org/glassfish/jersey/core/jersey-client/2.27/jersey-client-2.27.jar:/home/user/.m2/repository/org/glassfish/jersey/media/jersey-media-jaxb/2.27/jersey-media-jaxb-2.27.jar:/home/user/.m2/repository/javax/validation/validation-api/1.1.0.Final/validation-api-1.1.0.Final.jar:/home/user/.m2/repository/org/glassfish/jersey/media/jersey-media-json-jackson/2.27/jersey-media-json-jackson-2.27.jar:/home/user/.m2/repository/org/glassfish/jersey/ext/jersey-entity-filtering/2.27/jersey-entity-filtering-2.27.jar:/home/user/.m2/repository/com/google/inject/extensions/guice-assistedinject/4.0/guice-assistedinject-4.0.jar:/home/user/.m2/repository/org/jooq/jooq/3.11.10/jooq-3.11.10.jar:/home/user/.m2/repository/org/jooq/jooq-meta/3.11.10/jooq-meta-3.11.10.jar:/home/user/.m2/repository/org/jooq/jooq-codegen/3.11.10/jooq-codegen-3.11.10.jar:/home/user/.m2/repository/com/jolbox/bonecp/0.8.0.RELEASE/bonecp-0.8.0.RELEASE.jar:/home/user/.m2/repository/org/xerial/sqlite-jdbc/3.25.2/sqlite-jdbc-3.25.2.jar:/home/user/.m2/repository/org/springframework/spring-jdbc/5.1.3.RELEASE/spring-jdbc-5.1.3.RELEASE.jar:/home/user/.m2/repository/org/springframework/spring-beans/5.1.3.RELEASE/spring-beans-5.1.3.RELEASE.jar:/home/user/.m2/repository/org/springframework/spring-core/5.1.3.RELEASE/spring-core-5.1.3.RELEASE.jar:/home/user/.m2/repository/org/springframework/spring-jcl/5.1.3.RELEASE/spring-jcl-5.1.3.RELEASE.jar:/home/user/.m2/repository/org/springframework/spring-tx/5.1.3.RELEASE/spring-tx-5.1.3.RELEASE.jar:/home/user/.m2/repository/org/apache/hadoop/hadoop-ozone-client/0.5.0-SNAPSHOT/hadoop-ozone-client-0.5.0-SNAPSHOT.jar:/home/user/.m2/repository/commons-lang/commons-lang/2.6/commons-lang-2.6.jar:/home/user/.m2/repository/org/apache/hadoop/hadoop-ozone-ozone-manager/0.5.0-SNAPSHOT/hadoop-ozone-ozone-manager-0.5.0-SNAPSHOT-tests.jar:/home/user/.m2/repository/junit/junit/4.11/junit-4.11.jar:/home/user/.m2/repository/org/hamcrest/hamcrest-core/1.3/hamcrest-core-1.3.jar:/home/user/.m2/repository/org/openjdk/jmh/jmh-core/1.19/jmh-core-1.19.jar:/home/user/.m2/repository/net/sf/jopt-simple/jopt-simple/4.6/jopt-simple-4.6.jar:/home/user/.m2/repository/org/apache/commons/commons-math3/3.1.1/commons-math3-3.1.1.jar:/home/user/.m2/repository/org/openjdk/jmh/jmh-generator-annprocess/1.19/jmh-generator-annprocess-1.19.jar:/home/user/.m2/repository/org/mockito/mockito-all/1.8.5/mockito-all-1.8.5.jar:/home/user/.m2/repository/org/apache/hadoop/hadoop-kms/3.2.0/hadoop-kms-3.2.0.jar:/home/user/.m2/repository/org/apache/hadoop/hadoop-auth/3.2.0/hadoop-auth-3.2.0.jar:/home/user/.m2/repository/com/nimbusds/nimbus-jose-jwt/4.41.1/nimbus-jose-jwt-4.41.1.jar:/home/user/.m2/repository/com/github/stephenc/jcip/jcip-annotations/1.0-1/jcip-annotations-1.0-1.jar:/home/user/.m2/repository/net/minidev/json-smart/2.3/json-smart-2.3.jar:/home/user/.m2/repository/net/minidev/accessors-smart/1.2/accessors-smart-1.2.jar:/home/user/.m2/repository/org/ow2/asm/asm/5.0.4/asm-5.0.4.jar:/home/user/.m2/repository/org/apache/curator/curator-framework/2.12.0/curator-framework-2.12.0.jar:/home/user/.m2/repository/com/sun/jersey/jersey-core/1.19/jersey-core-1.19.jar:/home/user/.m2/repository/javax/ws/rs/jsr311-api/1.1.1/jsr311-api-1.1.1.jar:/home/user/.m2/repository/com/sun/jersey/jersey-server/1.19/jersey-server-1.19.jar:/home/user/.m2/repository/javax/servlet/javax.servlet-api/3.1.0/javax.servlet-api-3.1.0.jar:/home/user/.m2/repository/org/eclipse/jetty/jetty-server/9.3.25.v20180904/jetty-server-9.3.25.v20180904.jar:/home/user/.m2/repository/org/eclipse/jetty/jetty-http/9.3.25.v20180904/jetty-http-9.3.25.v20180904.jar:/home/user/.m2/repository/org/eclipse/jetty/jetty-io/9.3.25.v20180904/jetty-io-9.3.25.v20180904.jar:/home/user/.m2/repository/org/eclipse/jetty/jetty-webapp/9.3.25.v20180904/jetty-webapp-9.3.25.v20180904.jar:/home/user/.m2/repository/org/eclipse/jetty/jetty-xml/9.3.25.v20180904/jetty-xml-9.3.25.v20180904.jar:/home/user/.m2/repository/log4j/log4j/1.2.17/log4j-1.2.17.jar:/home/user/.m2/repository/org/slf4j/slf4j-api/1.7.25/slf4j-api-1.7.25.jar:/home/user/.m2/repository/org/slf4j/jul-to-slf4j/1.7.25/jul-to-slf4j-1.7.25.jar:/home/user/.m2/repository/org/eclipse/jetty/jetty-util/9.3.25.v20180904/jetty-util-9.3.25.v20180904.jar:/home/user/.m2/repository/com/fasterxml/jackson/core/jackson-databind/2.9.9/jackson-databind-2.9.9.jar:/home/user/.m2/repository/org/apache/hadoop/hadoop-kms/3.2.0/hadoop-kms-3.2.0-tests.jar:/home/user/.m2/repository/org/apache/hadoop/hadoop-hdds-server-scm/0.5.0-SNAPSHOT/hadoop-hdds-server-scm-0.5.0-SNAPSHOT-tests.jar:/home/user/.m2/repository/org/apache/hadoop/hadoop-hdds-container-service/0.5.0-SNAPSHOT/hadoop-hdds-container-service-0.5.0-SNAPSHOT-tests.jar:/home/user/.m2/repository/org/yaml/snakeyaml/1.16/snakeyaml-1.16.jar:/home/user/.m2/repository/org/apache/hadoop/hadoop-common/3.2.0/hadoop-common-3.2.0-tests.jar:/home/user/.m2/repository/org/apache/hadoop/hadoop-annotations/3.2.0/hadoop-annotations-3.2.0.jar:/usr/lib/jvm/java-1.8-openjdk/jre/../lib/tools.jar:/home/user/.m2/repository/commons-cli/commons-cli/1.2/commons-cli-1.2.jar:/home/user/.m2/repository/org/apache/httpcomponents/httpclient/4.5.2/httpclient-4.5.2.jar:/home/user/.m2/repository/org/apache/httpcomponents/httpcore/4.4.4/httpcore-4.4.4.jar:/home/user/.m2/repository/commons-codec/commons-codec/1.11/commons-codec-1.11.jar:/home/user/.m2/repository/commons-net/commons-net/3.6/commons-net-3.6.jar:/home/user/.m2/repository/commons-collections/commons-collections/3.2.2/commons-collections-3.2.2.jar:/home/user/.m2/repository/org/eclipse/jetty/jetty-servlet/9.3.25.v20180904/jetty-servlet-9.3.25.v20180904.jar:/home/user/.m2/repository/org/eclipse/jetty/jetty-security/9.3.25.v20180904/jetty-security-9.3.25.v20180904.jar:/home/user/.m2/repository/javax/servlet/jsp/jsp-api/2.1/jsp-api-2.1.jar:/home/user/.m2/repository/com/sun/jersey/jersey-servlet/1.19/jersey-servlet-1.19.jar:/home/user/.m2/repository/com/sun/jersey/jersey-json/1.19/jersey-json-1.19.jar:/home/user/.m2/repository/org/codehaus/jettison/jettison/1.1/jettison-1.1.jar:/home/user/.m2/repository/org/codehaus/jackson/jackson-core-asl/1.9.13/jackson-core-asl-1.9.13.jar:/home/user/.m2/repository/org/codehaus/jackson/jackson-mapper-asl/1.9.13/jackson-mapper-asl-1.9.13.jar:/home/user/.m2/repository/org/codehaus/jackson/jackson-jaxrs/1.9.13/jackson-jaxrs-1.9.13.jar:/home/user/.m2/repository/org/codehaus/jackson/jackson-xc/1.9.13/jackson-xc-1.9.13.jar:/home/user/.m2/repository/commons-logging/commons-logging/1.1.3/commons-logging-1.1.3.jar:/home/user/.m2/repository/commons-beanutils/commons-beanutils/1.9.4/commons-beanutils-1.9.4.jar:/home/user/.m2/repository/org/apache/commons/commons-configuration2/2.1.1/commons-configuration2-2.1.1.jar:/home/user/.m2/repository/org/apache/commons/commons-lang3/3.7/commons-lang3-3.7.jar:/home/user/.m2/repository/org/apache/commons/commons-text/1.4/commons-text-1.4.jar:/home/user/.m2/repository/org/apache/avro/avro/1.7.7/avro-1.7.7.jar:/home/user/.m2/repository/com/thoughtworks/paranamer/paranamer/2.3/paranamer-2.3.jar:/home/user/.m2/repository/org/xerial/snappy/snappy-java/1.0.5/snappy-java-1.0.5.jar:/home/user/.m2/repository/com/google/re2j/re2j/1.1/re2j-1.1.jar:/home/user/.m2/repository/com/google/code/gson/gson/2.2.4/gson-2.2.4.jar:/home/user/.m2/repository/com/jcraft/jsch/0.1.54/jsch-0.1.54.jar:/home/user/.m2/repository/org/apache/curator/curator-client/2.12.0/curator-client-2.12.0.jar:/home/user/.m2/repository/org/apache/curator/curator-recipes/2.12.0/curator-recipes-2.12.0.jar:/home/user/.m2/repository/com/google/code/findbugs/jsr305/3.0.0/jsr305-3.0.0.jar:/home/user/.m2/repository/org/apache/htrace/htrace-core4/4.1.0-incubating/htrace-core4-4.1.0-incubating.jar:/home/user/.m2/repository/org/apache/zookeeper/zookeeper/3.4.13/zookeeper-3.4.13.jar:/home/user/.m2/repository/jline/jline/0.9.94/jline-0.9.94.jar:/home/user/.m2/repository/org/apache/yetus/audience-annotations/0.5.0/audience-annotations-0.5.0.jar:/home/user/.m2/repository/org/codehaus/woodstox/stax2-api/3.1.4/stax2-api-3.1.4.jar:/home/user/.m2/repository/com/fasterxml/woodstox/woodstox-core/5.0.3/woodstox-core-5.0.3.jar:/home/user/.m2/repository/dnsjava/dnsjava/2.1.7/dnsjava-2.1.7.jar:/home/user/.m2/repository/org/apache/hadoop/hadoop-hdfs/3.2.0/hadoop-hdfs-3.2.0-tests.jar:/home/user/.m2/repository/org/eclipse/jetty/jetty-util-ajax/9.3.25.v20180904/jetty-util-ajax-9.3.25.v20180904.jar:/home/user/.m2/repository/commons-daemon/commons-daemon/1.0.13/commons-daemon-1.0.13.jar:/home/user/.m2/repository/io/netty/netty/3.10.5.Final/netty-3.10.5.Final.jar:/home/user/.m2/repository/io/netty/netty-all/4.0.52.Final/netty-all-4.0.52.Final.jar:/home/user/.m2/repository/org/fusesource/leveldbjni/leveldbjni-all/1.8/leveldbjni-all-1.8.jar:"/>
    <property name="java.vm.vendor" value="IcedTea"/>
    <property name="sun.arch.data.model" value="64"/>
    <property name="test.build.dir" value="/workdir/hadoop-ozone/integration-test/target/test-dir"/>
    <property name="test.cache.data" value=""/>
    <property name="java.vendor.url" value="https://icedtea.classpath.org"/>
    <property name="user.timezone" value=""/>
    <property name="java.vm.specification.version" value="1.8"/>
    <property name="os.name" value="Linux"/>
    <property name="test.build.data" value="/workdir/hadoop-ozone/integration-test/target/test-dir"/>
    <property name="user.country" value="US"/>
    <property name="sun.java.launcher" value="SUN_STANDARD"/>
    <property name="sun.boot.library.path" value="/usr/lib/jvm/java-1.8-openjdk/jre/lib/amd64"/>
    <property name="sun.java.command" value="/workdir/hadoop-ozone/integration-test/target/surefire/surefirebooter3925475090730546741.jar /workdir/hadoop-ozone/integration-test/target/surefire 2019-10-03T05-12-26_308-jvmRun1 surefire5662590352558920115tmp surefire_619178826114072545638tmp"/>
    <property name="test" value="!TestMiniChaosOzoneCluster"/>
    <property name="surefire.test.class.path" value="/workdir/hadoop-ozone/integration-test/target/test-classes:/workdir/hadoop-ozone/integration-test/target/classes:/home/user/.m2/repository/org/apache/hadoop/hadoop-ozone-common/0.5.0-SNAPSHOT/hadoop-ozone-common-0.5.0-SNAPSHOT.jar:/home/user/.m2/repository/org/apache/commons/commons-compress/1.4.1/commons-compress-1.4.1.jar:/home/user/.m2/repository/org/tukaani/xz/1.0/xz-1.0.jar:/home/user/.m2/repository/org/apache/hadoop/hadoop-common/3.2.0/hadoop-common-3.2.0.jar:/home/user/.m2/repository/org/apache/hadoop/hadoop-hdfs/3.2.0/hadoop-hdfs-3.2.0.jar:/home/user/.m2/repository/org/apache/hadoop/hadoop-hdfs-client/3.2.0/hadoop-hdfs-client-3.2.0.jar:/home/user/.m2/repository/com/fasterxml/jackson/core/jackson-annotations/2.9.9/jackson-annotations-2.9.9.jar:/home/user/.m2/repository/org/apache/hadoop/hadoop-hdds-common/0.5.0-SNAPSHOT/hadoop-hdds-common-0.5.0-SNAPSHOT.jar:/home/user/.m2/repository/javax/annotation/javax.annotation-api/1.2/javax.annotation-api-1.2.jar:/home/user/.m2/repository/org/apache/ratis/ratis-server/0.5.0-201fc85-SNAPSHOT/ratis-server-0.5.0-201fc85-SNAPSHOT.jar:/home/user/.m2/repository/org/apache/ratis/ratis-thirdparty-misc/0.2.0/ratis-thirdparty-misc-0.2.0.jar:/home/user/.m2/repository/org/apache/ratis/ratis-proto/0.5.0-201fc85-SNAPSHOT/ratis-proto-0.5.0-201fc85-SNAPSHOT.jar:/home/user/.m2/repository/org/apache/ratis/ratis-common/0.5.0-201fc85-SNAPSHOT/ratis-common-0.5.0-201fc85-SNAPSHOT.jar:/home/user/.m2/repository/org/apache/ratis/ratis-client/0.5.0-201fc85-SNAPSHOT/ratis-client-0.5.0-201fc85-SNAPSHOT.jar:/home/user/.m2/repository/org/apache/ratis/ratis-metrics/0.5.0-201fc85-SNAPSHOT/ratis-metrics-0.5.0-201fc85-SNAPSHOT.jar:/home/user/.m2/repository/com/github/joshelser/dropwizard-metrics-hadoop-metrics2-reporter/0.1.2/dropwizard-metrics-hadoop-metrics2-reporter-0.1.2.jar:/home/user/.m2/repository/io/dropwizard/metrics/metrics-jvm/3.2.5/metrics-jvm-3.2.5.jar:/home/user/.m2/repository/io/dropwizard/metrics/metrics-ganglia/3.2.5/metrics-ganglia-3.2.5.jar:/home/user/.m2/repository/info/ganglia/gmetric4j/gmetric4j/1.0.7/gmetric4j-1.0.7.jar:/home/user/.m2/repository/org/apache/ratis/ratis-netty/0.5.0-201fc85-SNAPSHOT/ratis-netty-0.5.0-201fc85-SNAPSHOT.jar:/home/user/.m2/repository/org/apache/ratis/ratis-grpc/0.5.0-201fc85-SNAPSHOT/ratis-grpc-0.5.0-201fc85-SNAPSHOT.jar:/home/user/.m2/repository/org/rocksdb/rocksdbjni/6.0.1/rocksdbjni-6.0.1.jar:/home/user/.m2/repository/org/apache/logging/log4j/log4j-api/2.11.0/log4j-api-2.11.0.jar:/home/user/.m2/repository/org/apache/logging/log4j/log4j-core/2.11.0/log4j-core-2.11.0.jar:/home/user/.m2/repository/com/lmax/disruptor/3.4.2/disruptor-3.4.2.jar:/home/user/.m2/repository/org/apache/commons/commons-pool2/2.6.0/commons-pool2-2.6.0.jar:/home/user/.m2/repository/org/bouncycastle/bcpkix-jdk15on/1.60/bcpkix-jdk15on-1.60.jar:/home/user/.m2/repository/commons-validator/commons-validator/1.6/commons-validator-1.6.jar:/home/user/.m2/repository/commons-digester/commons-digester/1.8.1/commons-digester-1.8.1.jar:/home/user/.m2/repository/io/jaegertracing/jaeger-client/0.34.0/jaeger-client-0.34.0.jar:/home/user/.m2/repository/io/jaegertracing/jaeger-thrift/0.34.0/jaeger-thrift-0.34.0.jar:/home/user/.m2/repository/org/apache/thrift/libthrift/0.12.0/libthrift-0.12.0.jar:/home/user/.m2/repository/com/squareup/okhttp3/okhttp/3.9.0/okhttp-3.9.0.jar:/home/user/.m2/repository/com/squareup/okio/okio/1.13.0/okio-1.13.0.jar:/home/user/.m2/repository/io/jaegertracing/jaeger-core/0.34.0/jaeger-core-0.34.0.jar:/home/user/.m2/repository/io/jaegertracing/jaeger-tracerresolver/0.34.0/jaeger-tracerresolver-0.34.0.jar:/home/user/.m2/repository/io/opentracing/contrib/opentracing-tracerresolver/0.1.5/opentracing-tracerresolver-0.1.5.jar:/home/user/.m2/repository/io/opentracing/opentracing-util/0.31.0/opentracing-util-0.31.0.jar:/home/user/.m2/repository/io/opentracing/opentracing-api/0.31.0/opentracing-api-0.31.0.jar:/home/user/.m2/repository/io/opentracing/opentracing-noop/0.31.0/opentracing-noop-0.31.0.jar:/home/user/.m2/repository/org/apache/hadoop/hadoop-hdds-server-framework/0.5.0-SNAPSHOT/hadoop-hdds-server-framework-0.5.0-SNAPSHOT.jar:/home/user/.m2/repository/org/apache/hadoop/hadoop-hdds-container-service/0.5.0-SNAPSHOT/hadoop-hdds-container-service-0.5.0-SNAPSHOT.jar:/home/user/.m2/repository/org/apache/hadoop/hadoop-hdds-client/0.5.0-SNAPSHOT/hadoop-hdds-client-0.5.0-SNAPSHOT.jar:/home/user/.m2/repository/org/apache/hadoop/hadoop-hdds-tools/0.5.0-SNAPSHOT/hadoop-hdds-tools-0.5.0-SNAPSHOT.jar:/home/user/.m2/repository/org/apache/hadoop/hadoop-hdds-server-scm/0.5.0-SNAPSHOT/hadoop-hdds-server-scm-0.5.0-SNAPSHOT.jar:/home/user/.m2/repository/org/apache/hadoop/hadoop-hdds-docs/0.5.0-SNAPSHOT/hadoop-hdds-docs-0.5.0-SNAPSHOT.jar:/home/user/.m2/repository/io/dropwizard/metrics/metrics-core/3.2.4/metrics-core-3.2.4.jar:/home/user/.m2/repository/org/hamcrest/hamcrest-all/1.3/hamcrest-all-1.3.jar:/home/user/.m2/repository/org/bouncycastle/bcprov-jdk15on/1.60/bcprov-jdk15on-1.60.jar:/home/user/.m2/repository/info/picocli/picocli/3.9.6/picocli-3.9.6.jar:/home/user/.m2/repository/com/google/protobuf/protobuf-java/2.5.0/protobuf-java-2.5.0.jar:/home/user/.m2/repository/com/google/guava/guava/11.0.2/guava-11.0.2.jar:/home/user/.m2/repository/org/apache/hadoop/hadoop-ozone-ozone-manager/0.5.0-SNAPSHOT/hadoop-ozone-ozone-manager-0.5.0-SNAPSHOT.jar:/home/user/.m2/repository/org/apache/hadoop/hadoop-minikdc/3.2.0/hadoop-minikdc-3.2.0.jar:/home/user/.m2/repository/commons-io/commons-io/2.5/commons-io-2.5.jar:/home/user/.m2/repository/org/apache/kerby/kerb-simplekdc/1.0.1/kerb-simplekdc-1.0.1.jar:/home/user/.m2/repository/org/apache/kerby/kerb-client/1.0.1/kerb-client-1.0.1.jar:/home/user/.m2/repository/org/apache/kerby/kerby-config/1.0.1/kerby-config-1.0.1.jar:/home/user/.m2/repository/org/apache/kerby/kerb-core/1.0.1/kerb-core-1.0.1.jar:/home/user/.m2/repository/org/apache/kerby/kerby-pkix/1.0.1/kerby-pkix-1.0.1.jar:/home/user/.m2/repository/org/apache/kerby/kerby-asn1/1.0.1/kerby-asn1-1.0.1.jar:/home/user/.m2/repository/org/apache/kerby/kerby-util/1.0.1/kerby-util-1.0.1.jar:/home/user/.m2/repository/org/apache/kerby/kerb-common/1.0.1/kerb-common-1.0.1.jar:/home/user/.m2/repository/org/apache/kerby/kerb-crypto/1.0.1/kerb-crypto-1.0.1.jar:/home/user/.m2/repository/org/apache/kerby/kerb-util/1.0.1/kerb-util-1.0.1.jar:/home/user/.m2/repository/org/apache/kerby/token-provider/1.0.1/token-provider-1.0.1.jar:/home/user/.m2/repository/org/apache/kerby/kerb-admin/1.0.1/kerb-admin-1.0.1.jar:/home/user/.m2/repository/org/apache/kerby/kerb-server/1.0.1/kerb-server-1.0.1.jar:/home/user/.m2/repository/org/apache/kerby/kerb-identity/1.0.1/kerb-identity-1.0.1.jar:/home/user/.m2/repository/org/apache/kerby/kerby-xdr/1.0.1/kerby-xdr-1.0.1.jar:/home/user/.m2/repository/org/slf4j/slf4j-log4j12/1.7.25/slf4j-log4j12-1.7.25.jar:/home/user/.m2/repository/org/apache/hadoop/hadoop-ozone-s3gateway/0.5.0-SNAPSHOT/hadoop-ozone-s3gateway-0.5.0-SNAPSHOT.jar:/home/user/.m2/repository/org/jboss/weld/servlet/weld-servlet/2.4.7.Final/weld-servlet-2.4.7.Final.jar:/home/user/.m2/repository/org/glassfish/jersey/containers/jersey-container-servlet-core/2.27/jersey-container-servlet-core-2.27.jar:/home/user/.m2/repository/org/glassfish/hk2/external/javax.inject/2.5.0-b42/javax.inject-2.5.0-b42.jar:/home/user/.m2/repository/org/glassfish/jersey/core/jersey-common/2.27/jersey-common-2.27.jar:/home/user/.m2/repository/org/glassfish/hk2/osgi-resource-locator/1.0.1/osgi-resource-locator-1.0.1.jar:/home/user/.m2/repository/javax/ws/rs/javax.ws.rs-api/2.1/javax.ws.rs-api-2.1.jar:/home/user/.m2/repository/org/glassfish/jersey/ext/cdi/jersey-cdi1x/2.27/jersey-cdi1x-2.27.jar:/home/user/.m2/repository/org/glassfish/jersey/inject/jersey-hk2/2.27/jersey-hk2-2.27.jar:/home/user/.m2/repository/org/glassfish/hk2/hk2-locator/2.5.0-b42/hk2-locator-2.5.0-b42.jar:/home/user/.m2/repository/org/javassist/javassist/3.22.0-CR2/javassist-3.22.0-CR2.jar:/home/user/.m2/repository/org/glassfish/hk2/hk2-api/2.5.0/hk2-api-2.5.0.jar:/home/user/.m2/repository/org/glassfish/hk2/external/jakarta.inject/2.5.0/jakarta.inject-2.5.0.jar:/home/user/.m2/repository/org/glassfish/hk2/hk2-utils/2.5.0/hk2-utils-2.5.0.jar:/home/user/.m2/repository/jakarta/annotation/jakarta.annotation-api/1.3.4/jakarta.annotation-api-1.3.4.jar:/home/user/.m2/repository/org/glassfish/hk2/external/aopalliance-repackaged/2.5.0/aopalliance-repackaged-2.5.0.jar:/home/user/.m2/repository/com/fasterxml/jackson/dataformat/jackson-dataformat-xml/2.9.0/jackson-dataformat-xml-2.9.0.jar:/home/user/.m2/repository/com/fasterxml/jackson/core/jackson-core/2.9.9/jackson-core-2.9.9.jar:/home/user/.m2/repository/com/fasterxml/jackson/module/jackson-module-jaxb-annotations/2.9.9/jackson-module-jaxb-annotations-2.9.9.jar:/home/user/.m2/repository/javax/enterprise/cdi-api/1.2/cdi-api-1.2.jar:/home/user/.m2/repository/javax/el/javax.el-api/3.0.0/javax.el-api-3.0.0.jar:/home/user/.m2/repository/javax/interceptor/javax.interceptor-api/1.2/javax.interceptor-api-1.2.jar:/home/user/.m2/repository/javax/inject/javax.inject/1/javax.inject-1.jar:/home/user/.m2/repository/com/sun/xml/bind/jaxb-impl/2.3.0.1/jaxb-impl-2.3.0.1.jar:/home/user/.m2/repository/com/sun/xml/bind/jaxb-core/2.3.0.1/jaxb-core-2.3.0.1.jar:/home/user/.m2/repository/javax/xml/bind/jaxb-api/2.3.0/jaxb-api-2.3.0.jar:/home/user/.m2/repository/javax/activation/activation/1.1.1/activation-1.1.1.jar:/home/user/.m2/repository/org/apache/hadoop/hadoop-ozone-csi/0.5.0-SNAPSHOT/hadoop-ozone-csi-0.5.0-SNAPSHOT.jar:/home/user/.m2/repository/com/google/protobuf/protobuf-java-util/3.5.1/protobuf-java-util-3.5.1.jar:/home/user/.m2/repository/org/apache/hadoop/hadoop-hdds-config/0.5.0-SNAPSHOT/hadoop-hdds-config-0.5.0-SNAPSHOT.jar:/home/user/.m2/repository/io/grpc/grpc-netty/1.17.1/grpc-netty-1.17.1.jar:/home/user/.m2/repository/io/grpc/grpc-core/1.17.1/grpc-core-1.17.1.jar:/home/user/.m2/repository/io/grpc/grpc-context/1.17.1/grpc-context-1.17.1.jar:/home/user/.m2/repository/com/google/errorprone/error_prone_annotations/2.2.0/error_prone_annotations-2.2.0.jar:/home/user/.m2/repository/org/codehaus/mojo/animal-sniffer-annotations/1.17/animal-sniffer-annotations-1.17.jar:/home/user/.m2/repository/io/opencensus/opencensus-api/0.17.0/opencensus-api-0.17.0.jar:/home/user/.m2/repository/io/opencensus/opencensus-contrib-grpc-metrics/0.17.0/opencensus-contrib-grpc-metrics-0.17.0.jar:/home/user/.m2/repository/io/netty/netty-codec-http2/4.1.30.Final/netty-codec-http2-4.1.30.Final.jar:/home/user/.m2/repository/io/netty/netty-codec-http/4.1.30.Final/netty-codec-http-4.1.30.Final.jar:/home/user/.m2/repository/io/netty/netty-codec/4.1.30.Final/netty-codec-4.1.30.Final.jar:/home/user/.m2/repository/io/netty/netty-handler/4.1.30.Final/netty-handler-4.1.30.Final.jar:/home/user/.m2/repository/io/netty/netty-handler-proxy/4.1.30.Final/netty-handler-proxy-4.1.30.Final.jar:/home/user/.m2/repository/io/netty/netty-codec-socks/4.1.30.Final/netty-codec-socks-4.1.30.Final.jar:/home/user/.m2/repository/io/netty/netty-transport-native-epoll/4.1.30.Final/netty-transport-native-epoll-4.1.30.Final.jar:/home/user/.m2/repository/io/netty/netty-common/4.1.30.Final/netty-common-4.1.30.Final.jar:/home/user/.m2/repository/io/netty/netty-buffer/4.1.30.Final/netty-buffer-4.1.30.Final.jar:/home/user/.m2/repository/io/netty/netty-transport/4.1.30.Final/netty-transport-4.1.30.Final.jar:/home/user/.m2/repository/io/netty/netty-resolver/4.1.30.Final/netty-resolver-4.1.30.Final.jar:/home/user/.m2/repository/io/netty/netty-transport-native-unix-common/4.1.30.Final/netty-transport-native-unix-common-4.1.30.Final.jar:/home/user/.m2/repository/io/grpc/grpc-protobuf/1.17.1/grpc-protobuf-1.17.1.jar:/home/user/.m2/repository/com/google/api/grpc/proto-google-common-protos/1.0.0/proto-google-common-protos-1.0.0.jar:/home/user/.m2/repository/io/grpc/grpc-protobuf-lite/1.17.1/grpc-protobuf-lite-1.17.1.jar:/home/user/.m2/repository/io/grpc/grpc-stub/1.17.1/grpc-stub-1.17.1.jar:/home/user/.m2/repository/org/apache/hadoop/hadoop-ozone-recon/0.5.0-SNAPSHOT/hadoop-ozone-recon-0.5.0-SNAPSHOT.jar:/home/user/.m2/repository/org/apache/hadoop/hadoop-ozone-reconcodegen/0.5.0-SNAPSHOT/hadoop-ozone-reconcodegen-0.5.0-SNAPSHOT.jar:/home/user/.m2/repository/com/google/inject/extensions/guice-multibindings/4.0/guice-multibindings-4.0.jar:/home/user/.m2/repository/com/google/inject/guice/4.0/guice-4.0.jar:/home/user/.m2/repository/aopalliance/aopalliance/1.0/aopalliance-1.0.jar:/home/user/.m2/repository/com/google/inject/extensions/guice-servlet/4.0/guice-servlet-4.0.jar:/home/user/.m2/repository/org/glassfish/jersey/containers/jersey-container-servlet/2.27/jersey-container-servlet-2.27.jar:/home/user/.m2/repository/org/glassfish/hk2/guice-bridge/2.5.0/guice-bridge-2.5.0.jar:/home/user/.m2/repository/org/glassfish/jersey/core/jersey-server/2.27/jersey-server-2.27.jar:/home/user/.m2/repository/org/glassfish/jersey/core/jersey-client/2.27/jersey-client-2.27.jar:/home/user/.m2/repository/org/glassfish/jersey/media/jersey-media-jaxb/2.27/jersey-media-jaxb-2.27.jar:/home/user/.m2/repository/javax/validation/validation-api/1.1.0.Final/validation-api-1.1.0.Final.jar:/home/user/.m2/repository/org/glassfish/jersey/media/jersey-media-json-jackson/2.27/jersey-media-json-jackson-2.27.jar:/home/user/.m2/repository/org/glassfish/jersey/ext/jersey-entity-filtering/2.27/jersey-entity-filtering-2.27.jar:/home/user/.m2/repository/com/google/inject/extensions/guice-assistedinject/4.0/guice-assistedinject-4.0.jar:/home/user/.m2/repository/org/jooq/jooq/3.11.10/jooq-3.11.10.jar:/home/user/.m2/repository/org/jooq/jooq-meta/3.11.10/jooq-meta-3.11.10.jar:/home/user/.m2/repository/org/jooq/jooq-codegen/3.11.10/jooq-codegen-3.11.10.jar:/home/user/.m2/repository/com/jolbox/bonecp/0.8.0.RELEASE/bonecp-0.8.0.RELEASE.jar:/home/user/.m2/repository/org/xerial/sqlite-jdbc/3.25.2/sqlite-jdbc-3.25.2.jar:/home/user/.m2/repository/org/springframework/spring-jdbc/5.1.3.RELEASE/spring-jdbc-5.1.3.RELEASE.jar:/home/user/.m2/repository/org/springframework/spring-beans/5.1.3.RELEASE/spring-beans-5.1.3.RELEASE.jar:/home/user/.m2/repository/org/springframework/spring-core/5.1.3.RELEASE/spring-core-5.1.3.RELEASE.jar:/home/user/.m2/repository/org/springframework/spring-jcl/5.1.3.RELEASE/spring-jcl-5.1.3.RELEASE.jar:/home/user/.m2/repository/org/springframework/spring-tx/5.1.3.RELEASE/spring-tx-5.1.3.RELEASE.jar:/home/user/.m2/repository/org/apache/hadoop/hadoop-ozone-client/0.5.0-SNAPSHOT/hadoop-ozone-client-0.5.0-SNAPSHOT.jar:/home/user/.m2/repository/commons-lang/commons-lang/2.6/commons-lang-2.6.jar:/home/user/.m2/repository/org/apache/hadoop/hadoop-ozone-ozone-manager/0.5.0-SNAPSHOT/hadoop-ozone-ozone-manager-0.5.0-SNAPSHOT-tests.jar:/home/user/.m2/repository/junit/junit/4.11/junit-4.11.jar:/home/user/.m2/repository/org/hamcrest/hamcrest-core/1.3/hamcrest-core-1.3.jar:/home/user/.m2/repository/org/openjdk/jmh/jmh-core/1.19/jmh-core-1.19.jar:/home/user/.m2/repository/net/sf/jopt-simple/jopt-simple/4.6/jopt-simple-4.6.jar:/home/user/.m2/repository/org/apache/commons/commons-math3/3.1.1/commons-math3-3.1.1.jar:/home/user/.m2/repository/org/openjdk/jmh/jmh-generator-annprocess/1.19/jmh-generator-annprocess-1.19.jar:/home/user/.m2/repository/org/mockito/mockito-all/1.8.5/mockito-all-1.8.5.jar:/home/user/.m2/repository/org/apache/hadoop/hadoop-kms/3.2.0/hadoop-kms-3.2.0.jar:/home/user/.m2/repository/org/apache/hadoop/hadoop-auth/3.2.0/hadoop-auth-3.2.0.jar:/home/user/.m2/repository/com/nimbusds/nimbus-jose-jwt/4.41.1/nimbus-jose-jwt-4.41.1.jar:/home/user/.m2/repository/com/github/stephenc/jcip/jcip-annotations/1.0-1/jcip-annotations-1.0-1.jar:/home/user/.m2/repository/net/minidev/json-smart/2.3/json-smart-2.3.jar:/home/user/.m2/repository/net/minidev/accessors-smart/1.2/accessors-smart-1.2.jar:/home/user/.m2/repository/org/ow2/asm/asm/5.0.4/asm-5.0.4.jar:/home/user/.m2/repository/org/apache/curator/curator-framework/2.12.0/curator-framework-2.12.0.jar:/home/user/.m2/repository/com/sun/jersey/jersey-core/1.19/jersey-core-1.19.jar:/home/user/.m2/repository/javax/ws/rs/jsr311-api/1.1.1/jsr311-api-1.1.1.jar:/home/user/.m2/repository/com/sun/jersey/jersey-server/1.19/jersey-server-1.19.jar:/home/user/.m2/repository/javax/servlet/javax.servlet-api/3.1.0/javax.servlet-api-3.1.0.jar:/home/user/.m2/repository/org/eclipse/jetty/jetty-server/9.3.25.v20180904/jetty-server-9.3.25.v20180904.jar:/home/user/.m2/repository/org/eclipse/jetty/jetty-http/9.3.25.v20180904/jetty-http-9.3.25.v20180904.jar:/home/user/.m2/repository/org/eclipse/jetty/jetty-io/9.3.25.v20180904/jetty-io-9.3.25.v20180904.jar:/home/user/.m2/repository/org/eclipse/jetty/jetty-webapp/9.3.25.v20180904/jetty-webapp-9.3.25.v20180904.jar:/home/user/.m2/repository/org/eclipse/jetty/jetty-xml/9.3.25.v20180904/jetty-xml-9.3.25.v20180904.jar:/home/user/.m2/repository/log4j/log4j/1.2.17/log4j-1.2.17.jar:/home/user/.m2/repository/org/slf4j/slf4j-api/1.7.25/slf4j-api-1.7.25.jar:/home/user/.m2/repository/org/slf4j/jul-to-slf4j/1.7.25/jul-to-slf4j-1.7.25.jar:/home/user/.m2/repository/org/eclipse/jetty/jetty-util/9.3.25.v20180904/jetty-util-9.3.25.v20180904.jar:/home/user/.m2/repository/com/fasterxml/jackson/core/jackson-databind/2.9.9/jackson-databind-2.9.9.jar:/home/user/.m2/repository/org/apache/hadoop/hadoop-kms/3.2.0/hadoop-kms-3.2.0-tests.jar:/home/user/.m2/repository/org/apache/hadoop/hadoop-hdds-server-scm/0.5.0-SNAPSHOT/hadoop-hdds-server-scm-0.5.0-SNAPSHOT-tests.jar:/home/user/.m2/repository/org/apache/hadoop/hadoop-hdds-container-service/0.5.0-SNAPSHOT/hadoop-hdds-container-service-0.5.0-SNAPSHOT-tests.jar:/home/user/.m2/repository/org/yaml/snakeyaml/1.16/snakeyaml-1.16.jar:/home/user/.m2/repository/org/apache/hadoop/hadoop-common/3.2.0/hadoop-common-3.2.0-tests.jar:/home/user/.m2/repository/org/apache/hadoop/hadoop-annotations/3.2.0/hadoop-annotations-3.2.0.jar:/usr/lib/jvm/java-1.8-openjdk/jre/../lib/tools.jar:/home/user/.m2/repository/commons-cli/commons-cli/1.2/commons-cli-1.2.jar:/home/user/.m2/repository/org/apache/httpcomponents/httpclient/4.5.2/httpclient-4.5.2.jar:/home/user/.m2/repository/org/apache/httpcomponents/httpcore/4.4.4/httpcore-4.4.4.jar:/home/user/.m2/repository/commons-codec/commons-codec/1.11/commons-codec-1.11.jar:/home/user/.m2/repository/commons-net/commons-net/3.6/commons-net-3.6.jar:/home/user/.m2/repository/commons-collections/commons-collections/3.2.2/commons-collections-3.2.2.jar:/home/user/.m2/repository/org/eclipse/jetty/jetty-servlet/9.3.25.v20180904/jetty-servlet-9.3.25.v20180904.jar:/home/user/.m2/repository/org/eclipse/jetty/jetty-security/9.3.25.v20180904/jetty-security-9.3.25.v20180904.jar:/home/user/.m2/repository/javax/servlet/jsp/jsp-api/2.1/jsp-api-2.1.jar:/home/user/.m2/repository/com/sun/jersey/jersey-servlet/1.19/jersey-servlet-1.19.jar:/home/user/.m2/repository/com/sun/jersey/jersey-json/1.19/jersey-json-1.19.jar:/home/user/.m2/repository/org/codehaus/jettison/jettison/1.1/jettison-1.1.jar:/home/user/.m2/repository/org/codehaus/jackson/jackson-core-asl/1.9.13/jackson-core-asl-1.9.13.jar:/home/user/.m2/repository/org/codehaus/jackson/jackson-mapper-asl/1.9.13/jackson-mapper-asl-1.9.13.jar:/home/user/.m2/repository/org/codehaus/jackson/jackson-jaxrs/1.9.13/jackson-jaxrs-1.9.13.jar:/home/user/.m2/repository/org/codehaus/jackson/jackson-xc/1.9.13/jackson-xc-1.9.13.jar:/home/user/.m2/repository/commons-logging/commons-logging/1.1.3/commons-logging-1.1.3.jar:/home/user/.m2/repository/commons-beanutils/commons-beanutils/1.9.4/commons-beanutils-1.9.4.jar:/home/user/.m2/repository/org/apache/commons/commons-configuration2/2.1.1/commons-configuration2-2.1.1.jar:/home/user/.m2/repository/org/apache/commons/commons-lang3/3.7/commons-lang3-3.7.jar:/home/user/.m2/repository/org/apache/commons/commons-text/1.4/commons-text-1.4.jar:/home/user/.m2/repository/org/apache/avro/avro/1.7.7/avro-1.7.7.jar:/home/user/.m2/repository/com/thoughtworks/paranamer/paranamer/2.3/paranamer-2.3.jar:/home/user/.m2/repository/org/xerial/snappy/snappy-java/1.0.5/snappy-java-1.0.5.jar:/home/user/.m2/repository/com/google/re2j/re2j/1.1/re2j-1.1.jar:/home/user/.m2/repository/com/google/code/gson/gson/2.2.4/gson-2.2.4.jar:/home/user/.m2/repository/com/jcraft/jsch/0.1.54/jsch-0.1.54.jar:/home/user/.m2/repository/org/apache/curator/curator-client/2.12.0/curator-client-2.12.0.jar:/home/user/.m2/repository/org/apache/curator/curator-recipes/2.12.0/curator-recipes-2.12.0.jar:/home/user/.m2/repository/com/google/code/findbugs/jsr305/3.0.0/jsr305-3.0.0.jar:/home/user/.m2/repository/org/apache/htrace/htrace-core4/4.1.0-incubating/htrace-core4-4.1.0-incubating.jar:/home/user/.m2/repository/org/apache/zookeeper/zookeeper/3.4.13/zookeeper-3.4.13.jar:/home/user/.m2/repository/jline/jline/0.9.94/jline-0.9.94.jar:/home/user/.m2/repository/org/apache/yetus/audience-annotations/0.5.0/audience-annotations-0.5.0.jar:/home/user/.m2/repository/org/codehaus/woodstox/stax2-api/3.1.4/stax2-api-3.1.4.jar:/home/user/.m2/repository/com/fasterxml/woodstox/woodstox-core/5.0.3/woodstox-core-5.0.3.jar:/home/user/.m2/repository/dnsjava/dnsjava/2.1.7/dnsjava-2.1.7.jar:/home/user/.m2/repository/org/apache/hadoop/hadoop-hdfs/3.2.0/hadoop-hdfs-3.2.0-tests.jar:/home/user/.m2/repository/org/eclipse/jetty/jetty-util-ajax/9.3.25.v20180904/jetty-util-ajax-9.3.25.v20180904.jar:/home/user/.m2/repository/commons-daemon/commons-daemon/1.0.13/commons-daemon-1.0.13.jar:/home/user/.m2/repository/io/netty/netty/3.10.5.Final/netty-3.10.5.Final.jar:/home/user/.m2/repository/io/netty/netty-all/4.0.52.Final/netty-all-4.0.52.Final.jar:/home/user/.m2/repository/org/fusesource/leveldbjni/leveldbjni-all/1.8/leveldbjni-all-1.8.jar:"/>
    <property name="sun.cpu.endian" value="little"/>
    <property name="user.home" value="/home/user"/>
    <property name="user.language" value="en"/>
    <property name="java.specification.vendor" value="Oracle Corporation"/>
    <property name="java.home" value="/usr/lib/jvm/java-1.8-openjdk/jre"/>
    <property name="java.security.krb5.conf" value="/workdir/hadoop-ozone/integration-test/target/test-classes/krb5.conf"/>
    <property name="basedir" value="/workdir/hadoop-ozone/integration-test"/>
    <property name="file.separator" value="/"/>
    <property name="line.separator" value="&#10;"/>
    <property name="java.vm.specification.vendor" value="Oracle Corporation"/>
    <property name="java.specification.name" value="Java Platform API Specification"/>
    <property name="java.awt.graphicsenv" value="sun.awt.X11GraphicsEnvironment"/>
    <property name="surefire.real.class.path" value="/workdir/hadoop-ozone/integration-test/target/surefire/surefirebooter3925475090730546741.jar"/>
    <property name="hadoop.log.dir" value="/workdir/hadoop-ozone/integration-test/target/log"/>
    <property name="sun.boot.class.path" value="/usr/lib/jvm/java-1.8-openjdk/jre/lib/resources.jar:/usr/lib/jvm/java-1.8-openjdk/jre/lib/rt.jar:/usr/lib/jvm/java-1.8-openjdk/jre/lib/sunrsasign.jar:/usr/lib/jvm/java-1.8-openjdk/jre/lib/jsse.jar:/usr/lib/jvm/java-1.8-openjdk/jre/lib/jce.jar:/usr/lib/jvm/java-1.8-openjdk/jre/lib/charsets.jar:/usr/lib/jvm/java-1.8-openjdk/jre/lib/jfr.jar:/usr/lib/jvm/java-1.8-openjdk/jre/classes"/>
    <property name="sun.management.compiler" value="HotSpot 64-Bit Tiered Compilers"/>
    <property name="java.runtime.version" value="1.8.0_212-b04"/>
    <property name="java.net.preferIPv4Stack" value="true"/>
    <property name="user.name" value="jenkins1000"/>
    <property name="path.separator" value=":"/>
    <property name="java.security.egd" value="file:///dev/urandom"/>
    <property name="os.version" value="3.10.0-957.12.2.el7.x86_64"/>
    <property name="java.endorsed.dirs" value="/usr/lib/jvm/java-1.8-openjdk/jre/lib/endorsed"/>
    <property name="java.runtime.name" value="OpenJDK Runtime Environment"/>
    <property name="file.encoding" value="UTF-8"/>
    <property name="java.vm.name" value="OpenJDK 64-Bit Server VM"/>
    <property name="test.build.webapps" value=""/>
    <property name="localRepository" value="/home/user/.m2/repository"/>
    <property name="java.vendor.url.bug" value="https://icedtea.classpath.org/bugzilla"/>
    <property name="java.io.tmpdir" value="/tmp"/>
    <property name="require.test.libhadoop" value=""/>
    <property name="java.version" value="1.8.0_212"/>
    <property name="user.dir" value="/workdir/hadoop-ozone/integration-test"/>
    <property name="os.arch" value="amd64"/>
    <property name="java.vm.specification.name" value="Java Virtual Machine Specification"/>
    <property name="test.build.classes" value="/workdir/hadoop-ozone/integration-test/target/test-classes"/>
    <property name="java.awt.printerjob" value="sun.print.PSPrinterJob"/>
    <property name="sun.os.patch.level" value="unknown"/>
    <property name="hadoop.tmp.dir" value="/workdir/hadoop-ozone/integration-test/target/tmp"/>
    <property name="java.library.path" value="/usr/lib/jvm/java-1.8-openjdk/jre/lib/amd64/server:/usr/lib/jvm/java-1.8-openjdk/jre/lib/amd64:/usr/lib/jvm/java-1.8-openjdk/jre/../lib/amd64:/workdir/hadoop-ozone/integration-test/target/native/target/usr/local/lib:/workdir/hadoop-ozone/integration-test/../../hadoop-common-project/hadoop-common/target/native/target/usr/local/lib:/usr/java/packages/lib/amd64:/usr/lib64:/lib64:/lib:/usr/lib"/>
    <property name="java.vm.info" value="mixed mode"/>
    <property name="java.vendor" value="IcedTea"/>
    <property name="java.vm.version" value="25.212-b04"/>
    <property name="java.ext.dirs" value="/usr/lib/jvm/java-1.8-openjdk/jre/lib/ext:/usr/java/packages/lib/ext"/>
    <property name="sun.io.unicode.encoding" value="UnicodeLittle"/>
    <property name="java.class.version" value="52.0"/>
  </properties>
  <testcase name="testWatchForCommitWithKeyWrite" classname="org.apache.hadoop.ozone.client.rpc.TestWatchForCommit" time="82.1"/>
  <testcase name="testWatchForCommitWithSmallerTimeoutValue" classname="org.apache.hadoop.ozone.client.rpc.TestWatchForCommit" time="44.218"/>
  <testcase name="testWatchForCommitForRetryfailure" classname="org.apache.hadoop.ozone.client.rpc.TestWatchForCommit" time="76.497"/>
  <testcase name="testWatchForCommitForGroupMismatchException" classname="org.apache.hadoop.ozone.client.rpc.TestWatchForCommit" time="33.062"/>
  <testcase name="test2WayCommitForTimeoutException" classname="org.apache.hadoop.ozone.client.rpc.TestWatchForCommit" time="23.564">
    <error type="java.util.concurrent.TimeoutException">java.util.concurrent.TimeoutException
	at java.util.concurrent.CompletableFuture.timedGet(CompletableFuture.java:1771)
	at java.util.concurrent.CompletableFuture.get(CompletableFuture.java:1915)
	at org.apache.hadoop.hdds.scm.XceiverClientRatis.watchForCommit(XceiverClientRatis.java:298)
	at org.apache.hadoop.ozone.client.rpc.TestWatchForCommit.test2WayCommitForTimeoutException(TestWatchForCommit.java:391)
	at sun.reflect.NativeMethodAccessorImpl.invoke0(Native Method)
	at sun.reflect.NativeMethodAccessorImpl.invoke(NativeMethodAccessorImpl.java:62)
	at sun.reflect.DelegatingMethodAccessorImpl.invoke(DelegatingMethodAccessorImpl.java:43)
	at java.lang.reflect.Method.invoke(Method.java:498)
	at org.junit.runners.model.FrameworkMethod$1.runReflectiveCall(FrameworkMethod.java:47)
	at org.junit.internal.runners.model.ReflectiveCallable.run(ReflectiveCallable.java:12)
	at org.junit.runners.model.FrameworkMethod.invokeExplosively(FrameworkMethod.java:44)
	at org.junit.internal.runners.statements.InvokeMethod.evaluate(InvokeMethod.java:17)
	at org.junit.runners.ParentRunner.runLeaf(ParentRunner.java:271)
	at org.junit.runners.BlockJUnit4ClassRunner.runChild(BlockJUnit4ClassRunner.java:70)
	at org.junit.runners.BlockJUnit4ClassRunner.runChild(BlockJUnit4ClassRunner.java:50)
	at org.junit.runners.ParentRunner$3.run(ParentRunner.java:238)
	at org.junit.runners.ParentRunner$1.schedule(ParentRunner.java:63)
	at org.junit.runners.ParentRunner.runChildren(ParentRunner.java:236)
	at org.junit.runners.ParentRunner.access$000(ParentRunner.java:53)
	at org.junit.runners.ParentRunner$2.evaluate(ParentRunner.java:229)
	at org.junit.runners.ParentRunner.run(ParentRunner.java:309)
	at org.apache.maven.surefire.junit4.JUnit4Provider.execute(JUnit4Provider.java:365)
	at org.apache.maven.surefire.junit4.JUnit4Provider.executeWithRerun(JUnit4Provider.java:273)
	at org.apache.maven.surefire.junit4.JUnit4Provider.executeTestSet(JUnit4Provider.java:238)
	at org.apache.maven.surefire.junit4.JUnit4Provider.invoke(JUnit4Provider.java:159)
	at org.apache.maven.surefire.booter.ForkedBooter.invokeProviderInSameClassLoader(ForkedBooter.java:384)
	at org.apache.maven.surefire.booter.ForkedBooter.runSuitesInProcess(ForkedBooter.java:345)
	at org.apache.maven.surefire.booter.ForkedBooter.execute(ForkedBooter.java:126)
	at org.apache.maven.surefire.booter.ForkedBooter.main(ForkedBooter.java:418)
</error>
    <system-out><![CDATA[2019-10-03 06:20:05,664 [main] WARN  server.ServerUtils (ServerUtils.java:getScmDbDir(145)) - ozone.scm.db.dirs is not configured. We recommend adding this setting. Falling back to ozone.metadata.dirs instead.
2019-10-03 06:20:05,689 [main] WARN  server.ServerUtils (ServerUtils.java:getScmDbDir(145)) - ozone.scm.db.dirs is not configured. We recommend adding this setting. Falling back to ozone.metadata.dirs instead.
2019-10-03 06:20:05,689 [main] WARN  server.ServerUtils (ServerUtils.java:getScmDbDir(145)) - ozone.scm.db.dirs is not configured. We recommend adding this setting. Falling back to ozone.metadata.dirs instead.
2019-10-03 06:20:05,690 [main] INFO  db.DBStoreBuilder (DBStoreBuilder.java:addTable(110)) - using custom profile for table: deletedBlocks
2019-10-03 06:20:05,690 [main] INFO  db.DBStoreBuilder (DBStoreBuilder.java:processTables(161)) - Using default column profile:DBProfile.DISK for Table:deletedBlocks
2019-10-03 06:20:05,690 [main] INFO  db.DBStoreBuilder (DBStoreBuilder.java:addTable(110)) - using custom profile for table: validCerts
2019-10-03 06:20:05,690 [main] INFO  db.DBStoreBuilder (DBStoreBuilder.java:processTables(161)) - Using default column profile:DBProfile.DISK for Table:validCerts
2019-10-03 06:20:05,690 [main] INFO  db.DBStoreBuilder (DBStoreBuilder.java:addTable(110)) - using custom profile for table: revokedCerts
2019-10-03 06:20:05,691 [main] INFO  db.DBStoreBuilder (DBStoreBuilder.java:processTables(161)) - Using default column profile:DBProfile.DISK for Table:revokedCerts
2019-10-03 06:20:05,691 [main] INFO  db.DBStoreBuilder (DBStoreBuilder.java:addTable(110)) - using custom profile for table: default
2019-10-03 06:20:05,691 [main] INFO  db.DBStoreBuilder (DBStoreBuilder.java:processTables(167)) - Using default column profile:DBProfile.DISK for Table:default
2019-10-03 06:20:05,691 [main] INFO  db.DBStoreBuilder (DBStoreBuilder.java:getDbProfile(198)) - Using default options. DBProfile.DISK
2019-10-03 06:20:05,851 [main] INFO  net.NodeSchemaLoader (NodeSchemaLoader.java:loadSchemaFromFile(125)) - Loading file from sun.misc.CompoundEnumeration@20a24edf
2019-10-03 06:20:05,852 [main] INFO  net.NodeSchemaLoader (NodeSchemaLoader.java:loadSchema(171)) - Loading network topology layer schema file
2019-10-03 06:20:05,857 [main] WARN  server.ServerUtils (ServerUtils.java:sanitizeUserArgs(70)) - ozone.scm.stale.node.interval value = 300000 is larger than max = 100000 based on the key value of ozone.scm.heartbeat.thread.interval, reset to the max value 100000.
2019-10-03 06:20:05,858 [main] WARN  server.ServerUtils (ServerUtils.java:sanitizeUserArgs(70)) - ozone.scm.stale.node.interval value = 300000 is larger than max = 100000 based on the key value of ozone.scm.heartbeat.thread.interval, reset to the max value 100000.
2019-10-03 06:20:05,858 [main] INFO  node.SCMNodeManager (SCMNodeManager.java:<init>(114)) - Entering startup safe mode.
2019-10-03 06:20:05,859 [main] INFO  algorithms.ContainerPlacementPolicyFactory (ContainerPlacementPolicyFactory.java:getPolicy(57)) - Create container placement policy of type org.apache.hadoop.hdds.scm.container.placement.algorithms.SCMContainerPlacementRandom
2019-10-03 06:20:05,859 [main] WARN  server.ServerUtils (ServerUtils.java:getScmDbDir(145)) - ozone.scm.db.dirs is not configured. We recommend adding this setting. Falling back to ozone.metadata.dirs instead.
2019-10-03 06:20:05,883 [main] INFO  pipeline.SCMPipelineManager (SCMPipelineManager.java:initializePipelineState(132)) - No pipeline exists in current db
2019-10-03 06:20:05,883 [main] WARN  server.ServerUtils (ServerUtils.java:getScmDbDir(145)) - ozone.scm.db.dirs is not configured. We recommend adding this setting. Falling back to ozone.metadata.dirs instead.
2019-10-03 06:20:05,909 [main] WARN  events.EventQueue (EventQueue.java:fireEvent(183)) - No event handler registered for event TypedEvent{payloadType=SafeModeStatus, name='SafeModeStatus'}
2019-10-03 06:20:05,910 [main] INFO  ipc.CallQueueManager (CallQueueManager.java:<init>(84)) - Using callQueue: class java.util.concurrent.LinkedBlockingQueue, queueCapacity: 2000, scheduler: class org.apache.hadoop.ipc.DefaultRpcScheduler, ipcBackoff: false.
2019-10-03 06:20:05,911 [Socket Reader #1 for port 36857] INFO  ipc.Server (Server.java:run(1074)) - Starting Socket Reader #1 for port 36857
2019-10-03 06:20:05,914 [main] INFO  ipc.CallQueueManager (CallQueueManager.java:<init>(84)) - Using callQueue: class java.util.concurrent.LinkedBlockingQueue, queueCapacity: 2000, scheduler: class org.apache.hadoop.ipc.DefaultRpcScheduler, ipcBackoff: false.
2019-10-03 06:20:05,914 [Socket Reader #1 for port 43793] INFO  ipc.Server (Server.java:run(1074)) - Starting Socket Reader #1 for port 43793
2019-10-03 06:20:05,916 [main] INFO  ipc.CallQueueManager (CallQueueManager.java:<init>(84)) - Using callQueue: class java.util.concurrent.LinkedBlockingQueue, queueCapacity: 2000, scheduler: class org.apache.hadoop.ipc.DefaultRpcScheduler, ipcBackoff: false.
2019-10-03 06:20:05,917 [Socket Reader #1 for port 38844] INFO  ipc.Server (Server.java:run(1074)) - Starting Socket Reader #1 for port 38844
2019-10-03 06:20:05,920 [main] INFO  hdfs.DFSUtil (DFSUtil.java:httpServerTemplateForNNAndJN(1641)) - Starting Web-server for scm at: http://0.0.0.0:0
2019-10-03 06:20:05,922 [main] INFO  server.AuthenticationFilter (AuthenticationFilter.java:constructSecretProvider(240)) - Unable to initialize FileSignerSecretProvider, falling back to use random secrets.
2019-10-03 06:20:05,923 [main] WARN  http.HttpRequestLog (HttpRequestLog.java:getRequestLog(97)) - Jetty request log can only be enabled using Log4j
2019-10-03 06:20:05,925 [main] INFO  http.HttpServer2 (HttpServer2.java:addGlobalFilter(975)) - Added global filter 'safety' (class=org.apache.hadoop.http.HttpServer2$QuotingInputFilter)
2019-10-03 06:20:05,926 [main] INFO  http.HttpServer2 (HttpServer2.java:addFilter(948)) - Added filter static_user_filter (class=org.apache.hadoop.http.lib.StaticUserWebFilter$StaticUserFilter) to context scm
2019-10-03 06:20:05,926 [main] INFO  http.HttpServer2 (HttpServer2.java:addFilter(958)) - Added filter static_user_filter (class=org.apache.hadoop.http.lib.StaticUserWebFilter$StaticUserFilter) to context static
2019-10-03 06:20:05,926 [main] INFO  http.HttpServer2 (HttpServer2.java:addFilter(958)) - Added filter static_user_filter (class=org.apache.hadoop.http.lib.StaticUserWebFilter$StaticUserFilter) to context logs
2019-10-03 06:20:05,928 [main] INFO  server.StorageContainerManager (StorageContainerManager.java:start(770)) - StorageContainerLocationProtocol RPC server is listening at /0.0.0.0:38844
2019-10-03 06:20:05,931 [main] WARN  impl.MetricsConfig (MetricsConfig.java:loadFirst(134)) - Cannot locate configuration: tried hadoop-metrics2-storagecontainermanager.properties,hadoop-metrics2.properties
2019-10-03 06:20:05,932 [main] INFO  impl.MetricsSystemImpl (MetricsSystemImpl.java:startTimer(374)) - Scheduled Metric snapshot period at 10 second(s).
2019-10-03 06:20:05,932 [main] INFO  impl.MetricsSystemImpl (MetricsSystemImpl.java:start(191)) - StorageContainerManager metrics system started
2019-10-03 06:20:05,995 [main] WARN  impl.MetricsSystemImpl (MetricsSystemImpl.java:register(276)) - Sink prometheus already exists!
2019-10-03 06:20:06,106 [main] INFO  server.SCMClientProtocolServer (SCMClientProtocolServer.java:start(159)) - RPC server for Client  is listening at /0.0.0.0:38844
2019-10-03 06:20:06,106 [IPC Server Responder] INFO  ipc.Server (Server.java:run(1314)) - IPC Server Responder: starting
2019-10-03 06:20:06,106 [IPC Server listener on 38844] INFO  ipc.Server (Server.java:run(1153)) - IPC Server listener on 38844: starting
2019-10-03 06:20:06,112 [main] INFO  server.StorageContainerManager (StorageContainerManager.java:start(780)) - ScmBlockLocationProtocol RPC server is listening at /0.0.0.0:43793
2019-10-03 06:20:06,112 [main] INFO  server.SCMBlockProtocolServer (SCMBlockProtocolServer.java:start(146)) - RPC server for Block Protocol is listening at /0.0.0.0:43793
2019-10-03 06:20:06,113 [IPC Server Responder] INFO  ipc.Server (Server.java:run(1314)) - IPC Server Responder: starting
2019-10-03 06:20:06,113 [IPC Server listener on 43793] INFO  ipc.Server (Server.java:run(1153)) - IPC Server listener on 43793: starting
2019-10-03 06:20:06,118 [main] INFO  server.StorageContainerManager (StorageContainerManager.java:start(784)) - ScmDatanodeProtocl RPC server is listening at /0.0.0.0:36857
2019-10-03 06:20:06,118 [main] INFO  server.SCMDatanodeProtocolServer (SCMDatanodeProtocolServer.java:start(169)) - RPC server for DataNodes is listening at /0.0.0.0:36857
2019-10-03 06:20:06,119 [IPC Server Responder] INFO  ipc.Server (Server.java:run(1314)) - IPC Server Responder: starting
2019-10-03 06:20:06,119 [IPC Server listener on 36857] INFO  ipc.Server (Server.java:run(1153)) - IPC Server listener on 36857: starting
2019-10-03 06:20:06,125 [main] INFO  http.HttpServer2 (HttpServer2.java:bindListener(1191)) - Jetty bound to port 33433
2019-10-03 06:20:06,125 [main] INFO  server.Server (Server.java:doStart(351)) - jetty-9.3.25.v20180904, build timestamp: 2018-09-04T21:11:46Z, git hash: 3ce520221d0240229c862b122d2b06c12a625732
2019-10-03 06:20:06,127 [main] INFO  handler.ContextHandler (ContextHandler.java:doStart(781)) - Started o.e.j.s.ServletContextHandler@1e1e837d{/logs,file:///workdir/hadoop-ozone/integration-test/target/log,AVAILABLE}
2019-10-03 06:20:06,127 [main] INFO  handler.ContextHandler (ContextHandler.java:doStart(781)) - Started o.e.j.s.ServletContextHandler@5d71b500{/static,file:///workdir/hadoop-ozone/integration-test/target/test-classes/webapps/static,AVAILABLE}
2019-10-03 06:20:06,131 [main] INFO  handler.ContextHandler (ContextHandler.java:doStart(781)) - Started o.e.j.w.WebAppContext@340cb97f{/,file:///workdir/hadoop-ozone/integration-test/target/test-classes/webapps/scm/,AVAILABLE}{/scm}
2019-10-03 06:20:06,131 [main] INFO  server.AbstractConnector (AbstractConnector.java:doStart(278)) - Started ServerConnector@6a1568d6{HTTP/1.1,[http/1.1]}{0.0.0.0:33433}
2019-10-03 06:20:06,133 [main] INFO  server.Server (Server.java:doStart(419)) - Started @236789ms
2019-10-03 06:20:06,133 [main] WARN  impl.MetricsSystemImpl (MetricsSystemImpl.java:register(276)) - Sink prometheus already exists!
2019-10-03 06:20:06,133 [main] INFO  server.BaseHttpServer (BaseHttpServer.java:updateConnectorAddress(215)) - HTTP server of SCM is listening at http://0.0.0.0:33433
2019-10-03 06:20:06,134 [main] WARN  server.ServerUtils (ServerUtils.java:getDBPath(222)) - ozone.om.db.dirs is not configured. We recommend adding this setting. Falling back to ozone.metadata.dirs instead.
2019-10-03 06:20:06,134 [org.apache.hadoop.util.JvmPauseMonitor$Monitor@1b37fbec] INFO  util.JvmPauseMonitor (JvmPauseMonitor.java:run(188)) - Starting JVM pause monitor
2019-10-03 06:20:06,158 [main] INFO  ha.OMHANodeDetails (OMHANodeDetails.java:loadOMHAConfig(190)) - Configuration either no ozone.om.address set. Falling back to the default OM address /127.0.0.1:0
2019-10-03 06:20:06,158 [main] INFO  ha.OMHANodeDetails (OMHANodeDetails.java:getOMNodeDetails(220)) - OM Service ID is not set. Setting it to the default ID: omServiceIdDefault
2019-10-03 06:20:06,159 [main] WARN  server.ServerUtils (ServerUtils.java:getDBPath(222)) - ozone.om.db.dirs is not configured. We recommend adding this setting. Falling back to ozone.metadata.dirs instead.
2019-10-03 06:20:06,160 [main] WARN  server.ServerUtils (ServerUtils.java:getDBPath(222)) - ozone.om.db.dirs is not configured. We recommend adding this setting. Falling back to ozone.metadata.dirs instead.
2019-10-03 06:20:06,167 [main] WARN  server.ServerUtils (ServerUtils.java:getDBPath(222)) - ozone.om.db.dirs is not configured. We recommend adding this setting. Falling back to ozone.metadata.dirs instead.
2019-10-03 06:20:06,168 [main] INFO  db.DBStoreBuilder (DBStoreBuilder.java:addTable(110)) - using custom profile for table: userTable
2019-10-03 06:20:06,168 [main] INFO  db.DBStoreBuilder (DBStoreBuilder.java:processTables(161)) - Using default column profile:DBProfile.DISK for Table:userTable
2019-10-03 06:20:06,168 [main] INFO  db.DBStoreBuilder (DBStoreBuilder.java:addTable(110)) - using custom profile for table: volumeTable
2019-10-03 06:20:06,168 [main] INFO  db.DBStoreBuilder (DBStoreBuilder.java:processTables(161)) - Using default column profile:DBProfile.DISK for Table:volumeTable
2019-10-03 06:20:06,168 [main] INFO  db.DBStoreBuilder (DBStoreBuilder.java:addTable(110)) - using custom profile for table: bucketTable
2019-10-03 06:20:06,169 [main] INFO  db.DBStoreBuilder (DBStoreBuilder.java:processTables(161)) - Using default column profile:DBProfile.DISK for Table:bucketTable
2019-10-03 06:20:06,169 [main] INFO  db.DBStoreBuilder (DBStoreBuilder.java:addTable(110)) - using custom profile for table: keyTable
2019-10-03 06:20:06,169 [main] INFO  db.DBStoreBuilder (DBStoreBuilder.java:processTables(161)) - Using default column profile:DBProfile.DISK for Table:keyTable
2019-10-03 06:20:06,169 [main] INFO  db.DBStoreBuilder (DBStoreBuilder.java:addTable(110)) - using custom profile for table: deletedTable
2019-10-03 06:20:06,170 [main] INFO  db.DBStoreBuilder (DBStoreBuilder.java:processTables(161)) - Using default column profile:DBProfile.DISK for Table:deletedTable
2019-10-03 06:20:06,170 [main] INFO  db.DBStoreBuilder (DBStoreBuilder.java:addTable(110)) - using custom profile for table: openKeyTable
2019-10-03 06:20:06,170 [main] INFO  db.DBStoreBuilder (DBStoreBuilder.java:processTables(161)) - Using default column profile:DBProfile.DISK for Table:openKeyTable
2019-10-03 06:20:06,170 [main] INFO  db.DBStoreBuilder (DBStoreBuilder.java:addTable(110)) - using custom profile for table: s3Table
2019-10-03 06:20:06,171 [main] INFO  db.DBStoreBuilder (DBStoreBuilder.java:processTables(161)) - Using default column profile:DBProfile.DISK for Table:s3Table
2019-10-03 06:20:06,171 [main] INFO  db.DBStoreBuilder (DBStoreBuilder.java:addTable(110)) - using custom profile for table: multipartInfoTable
2019-10-03 06:20:06,171 [main] INFO  db.DBStoreBuilder (DBStoreBuilder.java:processTables(161)) - Using default column profile:DBProfile.DISK for Table:multipartInfoTable
2019-10-03 06:20:06,171 [main] INFO  db.DBStoreBuilder (DBStoreBuilder.java:addTable(110)) - using custom profile for table: dTokenTable
2019-10-03 06:20:06,171 [main] INFO  db.DBStoreBuilder (DBStoreBuilder.java:processTables(161)) - Using default column profile:DBProfile.DISK for Table:dTokenTable
2019-10-03 06:20:06,172 [main] INFO  db.DBStoreBuilder (DBStoreBuilder.java:addTable(110)) - using custom profile for table: s3SecretTable
2019-10-03 06:20:06,172 [main] INFO  db.DBStoreBuilder (DBStoreBuilder.java:processTables(161)) - Using default column profile:DBProfile.DISK for Table:s3SecretTable
2019-10-03 06:20:06,172 [main] INFO  db.DBStoreBuilder (DBStoreBuilder.java:addTable(110)) - using custom profile for table: prefixTable
2019-10-03 06:20:06,172 [main] INFO  db.DBStoreBuilder (DBStoreBuilder.java:processTables(161)) - Using default column profile:DBProfile.DISK for Table:prefixTable
2019-10-03 06:20:06,173 [main] INFO  db.DBStoreBuilder (DBStoreBuilder.java:addTable(110)) - using custom profile for table: default
2019-10-03 06:20:06,173 [main] INFO  db.DBStoreBuilder (DBStoreBuilder.java:processTables(167)) - Using default column profile:DBProfile.DISK for Table:default
2019-10-03 06:20:06,173 [main] INFO  db.DBStoreBuilder (DBStoreBuilder.java:getDbProfile(198)) - Using default options. DBProfile.DISK
2019-10-03 06:20:06,915 [main] INFO  ipc.CallQueueManager (CallQueueManager.java:<init>(84)) - Using callQueue: class java.util.concurrent.LinkedBlockingQueue, queueCapacity: 2000, scheduler: class org.apache.hadoop.ipc.DefaultRpcScheduler, ipcBackoff: false.
2019-10-03 06:20:06,916 [Socket Reader #1 for port 43729] INFO  ipc.Server (Server.java:run(1074)) - Starting Socket Reader #1 for port 43729
2019-10-03 06:20:06,932 [main] INFO  om.OzoneManager (OzoneManager.java:start(1069)) - OzoneManager RPC server is listening at localhost/127.0.0.1:43729
2019-10-03 06:20:06,932 [main] INFO  impl.MetricsSystemImpl (MetricsSystemImpl.java:init(158)) - OzoneManager metrics system started (again)
2019-10-03 06:20:06,933 [IPC Server Responder] INFO  ipc.Server (Server.java:run(1314)) - IPC Server Responder: starting
2019-10-03 06:20:06,933 [IPC Server listener on 43729] INFO  ipc.Server (Server.java:run(1153)) - IPC Server listener on 43729: starting
2019-10-03 06:20:06,939 [main] INFO  hdfs.DFSUtil (DFSUtil.java:httpServerTemplateForNNAndJN(1641)) - Starting Web-server for ozoneManager at: http://0.0.0.0:0
2019-10-03 06:20:06,941 [main] INFO  server.AuthenticationFilter (AuthenticationFilter.java:constructSecretProvider(240)) - Unable to initialize FileSignerSecretProvider, falling back to use random secrets.
2019-10-03 06:20:06,941 [main] WARN  http.HttpRequestLog (HttpRequestLog.java:getRequestLog(97)) - Jetty request log can only be enabled using Log4j
2019-10-03 06:20:06,943 [main] INFO  http.HttpServer2 (HttpServer2.java:addGlobalFilter(975)) - Added global filter 'safety' (class=org.apache.hadoop.http.HttpServer2$QuotingInputFilter)
2019-10-03 06:20:06,944 [main] INFO  http.HttpServer2 (HttpServer2.java:addFilter(948)) - Added filter static_user_filter (class=org.apache.hadoop.http.lib.StaticUserWebFilter$StaticUserFilter) to context ozoneManager
2019-10-03 06:20:06,944 [main] INFO  http.HttpServer2 (HttpServer2.java:addFilter(958)) - Added filter static_user_filter (class=org.apache.hadoop.http.lib.StaticUserWebFilter$StaticUserFilter) to context logs
2019-10-03 06:20:06,944 [main] INFO  http.HttpServer2 (HttpServer2.java:addFilter(958)) - Added filter static_user_filter (class=org.apache.hadoop.http.lib.StaticUserWebFilter$StaticUserFilter) to context static
2019-10-03 06:20:06,945 [main] INFO  http.HttpServer2 (HttpServer2.java:bindListener(1191)) - Jetty bound to port 33096
2019-10-03 06:20:06,945 [main] INFO  server.Server (Server.java:doStart(351)) - jetty-9.3.25.v20180904, build timestamp: 2018-09-04T21:11:46Z, git hash: 3ce520221d0240229c862b122d2b06c12a625732
2019-10-03 06:20:06,947 [main] INFO  handler.ContextHandler (ContextHandler.java:doStart(781)) - Started o.e.j.s.ServletContextHandler@74b00247{/logs,file:///workdir/hadoop-ozone/integration-test/target/log,AVAILABLE}
2019-10-03 06:20:06,947 [main] INFO  handler.ContextHandler (ContextHandler.java:doStart(781)) - Started o.e.j.s.ServletContextHandler@4be490da{/static,file:///workdir/hadoop-ozone/integration-test/target/test-classes/webapps/static,AVAILABLE}
2019-10-03 06:20:06,951 [main] INFO  handler.ContextHandler (ContextHandler.java:doStart(781)) - Started o.e.j.w.WebAppContext@1511d157{/,file:///workdir/hadoop-ozone/integration-test/target/test-classes/webapps/ozoneManager/,AVAILABLE}{/ozoneManager}
2019-10-03 06:20:06,952 [main] INFO  server.AbstractConnector (AbstractConnector.java:doStart(278)) - Started ServerConnector@418f890f{HTTP/1.1,[http/1.1]}{0.0.0.0:33096}
2019-10-03 06:20:06,953 [main] INFO  server.Server (Server.java:doStart(419)) - Started @237609ms
2019-10-03 06:20:06,953 [main] WARN  impl.MetricsSystemImpl (MetricsSystemImpl.java:register(276)) - Sink prometheus already exists!
2019-10-03 06:20:06,955 [main] INFO  server.BaseHttpServer (BaseHttpServer.java:updateConnectorAddress(215)) - HTTP server of OZONEMANAGER is listening at http://0.0.0.0:33096
2019-10-03 06:20:06,972 [main] INFO  impl.MetricsSystemImpl (MetricsSystemImpl.java:init(158)) - HddsDatanode metrics system started (again)
2019-10-03 06:20:06,976 [main] INFO  ozone.HddsDatanodeService (HddsDatanodeService.java:start(184)) - HddsDatanodeService host:trunk-nightly-20191003-5492k-4029359510 ip:192.168.30.19
2019-10-03 06:20:06,983 [main] INFO  volume.HddsVolume (HddsVolume.java:<init>(176)) - Creating Volume: /workdir/hadoop-ozone/integration-test/target/test-dir/MiniOzoneClusterImpl-e2c67281-891d-480f-94b5-858598808fca/datanode-0/data/containers/hdds of  storage type : DISK and capacity : 1482555576320
2019-10-03 06:20:06,983 [main] INFO  volume.VolumeSet (VolumeSet.java:initializeVolumeSet(170)) - Added Volume : /workdir/hadoop-ozone/integration-test/target/test-dir/MiniOzoneClusterImpl-e2c67281-891d-480f-94b5-858598808fca/datanode-0/data/containers/hdds to VolumeSet
2019-10-03 06:20:06,984 [main] INFO  volume.ThrottledAsyncChecker (ThrottledAsyncChecker.java:schedule(139)) - Scheduling a check for org.apache.hadoop.ozone.container.common.volume.HddsVolume@72465eb2
2019-10-03 06:20:06,984 [main] INFO  volume.HddsVolumeChecker (HddsVolumeChecker.java:checkAllVolumes(202)) - Scheduled health check for volume org.apache.hadoop.ozone.container.common.volume.HddsVolume@72465eb2
2019-10-03 06:20:07,000 [main] INFO  impl.RaftServerProxy (ConfUtils.java:logGet(43)) - raft.rpc.type = GRPC (default)
2019-10-03 06:20:07,000 [main] INFO  grpc.GrpcFactory (GrpcFactory.java:checkPooledByteBufAllocatorUseCacheForAllThreads(45)) - PERFORMANCE WARNING: useCacheForAllThreads is true that may cause Netty to create a lot garbage objects and, as a result, trigger GC.
	It is recommended to disable useCacheForAllThreads by setting -Dorg.apache.ratis.thirdparty.io.netty.allocator.useCacheForAllThreads=false in command line.
2019-10-03 06:20:07,000 [main] INFO  grpc.GrpcConfigKeys$Server (ConfUtils.java:logGet(43)) - raft.grpc.server.port = 0 (default)
2019-10-03 06:20:07,001 [main] INFO  server.GrpcService (ConfUtils.java:logGet(43)) - raft.grpc.message.size.max = 33570816 (custom)
2019-10-03 06:20:07,001 [main] INFO  server.RaftServerConfigKeys (ConfUtils.java:logGet(43)) - raft.server.log.appender.buffer.byte-limit = 33554432 (custom)
2019-10-03 06:20:07,001 [main] INFO  server.GrpcService (ConfUtils.java:logGet(43)) - raft.grpc.flow.control.window = 1MB (=1048576) (default)
2019-10-03 06:20:07,001 [main] INFO  server.RaftServerConfigKeys (ConfUtils.java:logGet(43)) - raft.server.rpc.request.timeout = 3000ms (default)
2019-10-03 06:20:07,002 [main] INFO  server.RaftServerConfigKeys (ConfUtils.java:logGet(43)) - raft.server.storage.dir = [/workdir/hadoop-ozone/integration-test/target/test-dir/MiniOzoneClusterImpl-e2c67281-891d-480f-94b5-858598808fca/datanode-0/data/ratis] (custom)
2019-10-03 06:20:07,004 [main] INFO  hdfs.DFSUtil (DFSUtil.java:httpServerTemplateForNNAndJN(1641)) - Starting Web-server for hddsDatanode at: http://0.0.0.0:0
2019-10-03 06:20:07,005 [main] INFO  server.AuthenticationFilter (AuthenticationFilter.java:constructSecretProvider(240)) - Unable to initialize FileSignerSecretProvider, falling back to use random secrets.
2019-10-03 06:20:07,006 [main] WARN  http.HttpRequestLog (HttpRequestLog.java:getRequestLog(97)) - Jetty request log can only be enabled using Log4j
2019-10-03 06:20:07,007 [main] INFO  http.HttpServer2 (HttpServer2.java:addGlobalFilter(975)) - Added global filter 'safety' (class=org.apache.hadoop.http.HttpServer2$QuotingInputFilter)
2019-10-03 06:20:07,008 [main] INFO  http.HttpServer2 (HttpServer2.java:addFilter(948)) - Added filter static_user_filter (class=org.apache.hadoop.http.lib.StaticUserWebFilter$StaticUserFilter) to context hddsDatanode
2019-10-03 06:20:07,008 [main] INFO  http.HttpServer2 (HttpServer2.java:addFilter(958)) - Added filter static_user_filter (class=org.apache.hadoop.http.lib.StaticUserWebFilter$StaticUserFilter) to context logs
2019-10-03 06:20:07,008 [main] INFO  http.HttpServer2 (HttpServer2.java:addFilter(958)) - Added filter static_user_filter (class=org.apache.hadoop.http.lib.StaticUserWebFilter$StaticUserFilter) to context static
2019-10-03 06:20:07,009 [main] INFO  http.HttpServer2 (HttpServer2.java:bindListener(1191)) - Jetty bound to port 41638
2019-10-03 06:20:07,009 [main] INFO  server.Server (Server.java:doStart(351)) - jetty-9.3.25.v20180904, build timestamp: 2018-09-04T21:11:46Z, git hash: 3ce520221d0240229c862b122d2b06c12a625732
2019-10-03 06:20:07,011 [main] INFO  handler.ContextHandler (ContextHandler.java:doStart(781)) - Started o.e.j.s.ServletContextHandler@261f359f{/logs,file:///workdir/hadoop-ozone/integration-test/target/log,AVAILABLE}
2019-10-03 06:20:07,012 [main] INFO  handler.ContextHandler (ContextHandler.java:doStart(781)) - Started o.e.j.s.ServletContextHandler@57186526{/static,jar:file:/home/user/.m2/repository/org/apache/hadoop/hadoop-hdds-container-service/0.5.0-SNAPSHOT/hadoop-hdds-container-service-0.5.0-SNAPSHOT.jar!/webapps/static,AVAILABLE}
2019-10-03 06:20:07,043 [main] INFO  handler.ContextHandler (ContextHandler.java:doStart(781)) - Started o.e.j.w.WebAppContext@3887c7d7{/,file:///tmp/jetty-0.0.0.0-41638-hddsDatanode-_-any-7282955132668888421.dir/webapp/,AVAILABLE}{/hddsDatanode}
2019-10-03 06:20:07,044 [main] INFO  server.AbstractConnector (AbstractConnector.java:doStart(278)) - Started ServerConnector@b1b471{HTTP/1.1,[http/1.1]}{0.0.0.0:41638}
2019-10-03 06:20:07,045 [main] INFO  server.Server (Server.java:doStart(419)) - Started @237701ms
2019-10-03 06:20:07,045 [main] WARN  impl.MetricsSystemImpl (MetricsSystemImpl.java:register(276)) - Sink prometheus already exists!
2019-10-03 06:20:07,046 [main] INFO  server.BaseHttpServer (BaseHttpServer.java:updateConnectorAddress(215)) - HTTP server of HDDSDATANODE is listening at http://0.0.0.0:41638
2019-10-03 06:20:07,046 [main] INFO  impl.MetricsSystemImpl (MetricsSystemImpl.java:init(158)) - HddsDatanode metrics system started (again)
2019-10-03 06:20:07,050 [org.apache.hadoop.util.JvmPauseMonitor$Monitor@55a42378] INFO  util.JvmPauseMonitor (JvmPauseMonitor.java:run(188)) - Starting JVM pause monitor
2019-10-03 06:20:07,050 [main] INFO  ozone.HddsDatanodeService (HddsDatanodeService.java:start(184)) - HddsDatanodeService host:trunk-nightly-20191003-5492k-4029359510 ip:192.168.30.19
2019-10-03 06:20:07,052 [Datanode State Machine Thread - 0] INFO  datanode.InitDatanodeState (InitDatanodeState.java:persistContainerDatanodeDetails(140)) - DatanodeDetails is persisted to /workdir/hadoop-ozone/integration-test/target/test-dir/MiniOzoneClusterImpl-e2c67281-891d-480f-94b5-858598808fca/datanode-0/meta/datanode.id
2019-10-03 06:20:07,057 [main] INFO  volume.HddsVolume (HddsVolume.java:<init>(176)) - Creating Volume: /workdir/hadoop-ozone/integration-test/target/test-dir/MiniOzoneClusterImpl-e2c67281-891d-480f-94b5-858598808fca/datanode-1/data/containers/hdds of  storage type : DISK and capacity : 1482555576320
2019-10-03 06:20:07,058 [main] INFO  volume.VolumeSet (VolumeSet.java:initializeVolumeSet(170)) - Added Volume : /workdir/hadoop-ozone/integration-test/target/test-dir/MiniOzoneClusterImpl-e2c67281-891d-480f-94b5-858598808fca/datanode-1/data/containers/hdds to VolumeSet
2019-10-03 06:20:07,058 [main] INFO  volume.ThrottledAsyncChecker (ThrottledAsyncChecker.java:schedule(139)) - Scheduling a check for org.apache.hadoop.ozone.container.common.volume.HddsVolume@24134cbc
2019-10-03 06:20:07,058 [main] INFO  volume.HddsVolumeChecker (HddsVolumeChecker.java:checkAllVolumes(202)) - Scheduled health check for volume org.apache.hadoop.ozone.container.common.volume.HddsVolume@24134cbc
2019-10-03 06:20:07,072 [main] INFO  impl.RaftServerProxy (ConfUtils.java:logGet(43)) - raft.rpc.type = GRPC (default)
2019-10-03 06:20:07,072 [main] INFO  grpc.GrpcFactory (GrpcFactory.java:checkPooledByteBufAllocatorUseCacheForAllThreads(45)) - PERFORMANCE WARNING: useCacheForAllThreads is true that may cause Netty to create a lot garbage objects and, as a result, trigger GC.
	It is recommended to disable useCacheForAllThreads by setting -Dorg.apache.ratis.thirdparty.io.netty.allocator.useCacheForAllThreads=false in command line.
2019-10-03 06:20:07,072 [main] INFO  grpc.GrpcConfigKeys$Server (ConfUtils.java:logGet(43)) - raft.grpc.server.port = 0 (default)
2019-10-03 06:20:07,072 [main] INFO  server.GrpcService (ConfUtils.java:logGet(43)) - raft.grpc.message.size.max = 33570816 (custom)
2019-10-03 06:20:07,072 [main] INFO  server.RaftServerConfigKeys (ConfUtils.java:logGet(43)) - raft.server.log.appender.buffer.byte-limit = 33554432 (custom)
2019-10-03 06:20:07,072 [main] INFO  server.GrpcService (ConfUtils.java:logGet(43)) - raft.grpc.flow.control.window = 1MB (=1048576) (default)
2019-10-03 06:20:07,073 [main] INFO  server.RaftServerConfigKeys (ConfUtils.java:logGet(43)) - raft.server.rpc.request.timeout = 3000ms (default)
2019-10-03 06:20:07,073 [main] INFO  server.RaftServerConfigKeys (ConfUtils.java:logGet(43)) - raft.server.storage.dir = [/workdir/hadoop-ozone/integration-test/target/test-dir/MiniOzoneClusterImpl-e2c67281-891d-480f-94b5-858598808fca/datanode-1/data/ratis] (custom)
2019-10-03 06:20:07,074 [main] INFO  hdfs.DFSUtil (DFSUtil.java:httpServerTemplateForNNAndJN(1641)) - Starting Web-server for hddsDatanode at: http://0.0.0.0:0
2019-10-03 06:20:07,076 [main] INFO  server.AuthenticationFilter (AuthenticationFilter.java:constructSecretProvider(240)) - Unable to initialize FileSignerSecretProvider, falling back to use random secrets.
2019-10-03 06:20:07,076 [main] WARN  http.HttpRequestLog (HttpRequestLog.java:getRequestLog(97)) - Jetty request log can only be enabled using Log4j
2019-10-03 06:20:07,078 [main] INFO  http.HttpServer2 (HttpServer2.java:addGlobalFilter(975)) - Added global filter 'safety' (class=org.apache.hadoop.http.HttpServer2$QuotingInputFilter)
2019-10-03 06:20:07,078 [main] INFO  http.HttpServer2 (HttpServer2.java:addFilter(948)) - Added filter static_user_filter (class=org.apache.hadoop.http.lib.StaticUserWebFilter$StaticUserFilter) to context hddsDatanode
2019-10-03 06:20:07,079 [main] INFO  http.HttpServer2 (HttpServer2.java:addFilter(958)) - Added filter static_user_filter (class=org.apache.hadoop.http.lib.StaticUserWebFilter$StaticUserFilter) to context logs
2019-10-03 06:20:07,079 [main] INFO  http.HttpServer2 (HttpServer2.java:addFilter(958)) - Added filter static_user_filter (class=org.apache.hadoop.http.lib.StaticUserWebFilter$StaticUserFilter) to context static
2019-10-03 06:20:07,079 [main] INFO  http.HttpServer2 (HttpServer2.java:bindListener(1191)) - Jetty bound to port 42788
2019-10-03 06:20:07,080 [main] INFO  server.Server (Server.java:doStart(351)) - jetty-9.3.25.v20180904, build timestamp: 2018-09-04T21:11:46Z, git hash: 3ce520221d0240229c862b122d2b06c12a625732
2019-10-03 06:20:07,081 [main] INFO  handler.ContextHandler (ContextHandler.java:doStart(781)) - Started o.e.j.s.ServletContextHandler@62cbc478{/logs,file:///workdir/hadoop-ozone/integration-test/target/log,AVAILABLE}
2019-10-03 06:20:07,082 [main] INFO  handler.ContextHandler (ContextHandler.java:doStart(781)) - Started o.e.j.s.ServletContextHandler@512abf25{/static,jar:file:/home/user/.m2/repository/org/apache/hadoop/hadoop-hdds-container-service/0.5.0-SNAPSHOT/hadoop-hdds-container-service-0.5.0-SNAPSHOT.jar!/webapps/static,AVAILABLE}
2019-10-03 06:20:07,116 [main] INFO  handler.ContextHandler (ContextHandler.java:doStart(781)) - Started o.e.j.w.WebAppContext@5cfed0ba{/,file:///tmp/jetty-0.0.0.0-42788-hddsDatanode-_-any-2543386655988565357.dir/webapp/,AVAILABLE}{/hddsDatanode}
2019-10-03 06:20:07,117 [main] INFO  server.AbstractConnector (AbstractConnector.java:doStart(278)) - Started ServerConnector@5c8d58ed{HTTP/1.1,[http/1.1]}{0.0.0.0:42788}
2019-10-03 06:20:07,119 [main] INFO  server.Server (Server.java:doStart(419)) - Started @237775ms
2019-10-03 06:20:07,119 [main] WARN  impl.MetricsSystemImpl (MetricsSystemImpl.java:register(276)) - Sink prometheus already exists!
2019-10-03 06:20:07,120 [main] INFO  server.BaseHttpServer (BaseHttpServer.java:updateConnectorAddress(215)) - HTTP server of HDDSDATANODE is listening at http://0.0.0.0:42788
2019-10-03 06:20:07,120 [main] INFO  impl.MetricsSystemImpl (MetricsSystemImpl.java:init(158)) - HddsDatanode metrics system started (again)
2019-10-03 06:20:07,124 [org.apache.hadoop.util.JvmPauseMonitor$Monitor@11db5051] INFO  util.JvmPauseMonitor (JvmPauseMonitor.java:run(188)) - Starting JVM pause monitor
2019-10-03 06:20:07,125 [main] INFO  ozone.HddsDatanodeService (HddsDatanodeService.java:start(184)) - HddsDatanodeService host:trunk-nightly-20191003-5492k-4029359510 ip:192.168.30.19
2019-10-03 06:20:07,126 [Datanode State Machine Thread - 0] INFO  datanode.InitDatanodeState (InitDatanodeState.java:persistContainerDatanodeDetails(140)) - DatanodeDetails is persisted to /workdir/hadoop-ozone/integration-test/target/test-dir/MiniOzoneClusterImpl-e2c67281-891d-480f-94b5-858598808fca/datanode-1/meta/datanode.id
2019-10-03 06:20:07,131 [main] INFO  volume.HddsVolume (HddsVolume.java:<init>(176)) - Creating Volume: /workdir/hadoop-ozone/integration-test/target/test-dir/MiniOzoneClusterImpl-e2c67281-891d-480f-94b5-858598808fca/datanode-2/data/containers/hdds of  storage type : DISK and capacity : 1482555576320
2019-10-03 06:20:07,132 [main] INFO  volume.VolumeSet (VolumeSet.java:initializeVolumeSet(170)) - Added Volume : /workdir/hadoop-ozone/integration-test/target/test-dir/MiniOzoneClusterImpl-e2c67281-891d-480f-94b5-858598808fca/datanode-2/data/containers/hdds to VolumeSet
2019-10-03 06:20:07,132 [main] INFO  volume.ThrottledAsyncChecker (ThrottledAsyncChecker.java:schedule(139)) - Scheduling a check for org.apache.hadoop.ozone.container.common.volume.HddsVolume@1788cb61
2019-10-03 06:20:07,132 [main] INFO  volume.HddsVolumeChecker (HddsVolumeChecker.java:checkAllVolumes(202)) - Scheduled health check for volume org.apache.hadoop.ozone.container.common.volume.HddsVolume@1788cb61
2019-10-03 06:20:07,145 [main] INFO  impl.RaftServerProxy (ConfUtils.java:logGet(43)) - raft.rpc.type = GRPC (default)
2019-10-03 06:20:07,145 [main] INFO  grpc.GrpcFactory (GrpcFactory.java:checkPooledByteBufAllocatorUseCacheForAllThreads(45)) - PERFORMANCE WARNING: useCacheForAllThreads is true that may cause Netty to create a lot garbage objects and, as a result, trigger GC.
	It is recommended to disable useCacheForAllThreads by setting -Dorg.apache.ratis.thirdparty.io.netty.allocator.useCacheForAllThreads=false in command line.
2019-10-03 06:20:07,145 [main] INFO  grpc.GrpcConfigKeys$Server (ConfUtils.java:logGet(43)) - raft.grpc.server.port = 0 (default)
2019-10-03 06:20:07,145 [main] INFO  server.GrpcService (ConfUtils.java:logGet(43)) - raft.grpc.message.size.max = 33570816 (custom)
2019-10-03 06:20:07,145 [main] INFO  server.RaftServerConfigKeys (ConfUtils.java:logGet(43)) - raft.server.log.appender.buffer.byte-limit = 33554432 (custom)
2019-10-03 06:20:07,146 [main] INFO  server.GrpcService (ConfUtils.java:logGet(43)) - raft.grpc.flow.control.window = 1MB (=1048576) (default)
2019-10-03 06:20:07,146 [main] INFO  server.RaftServerConfigKeys (ConfUtils.java:logGet(43)) - raft.server.rpc.request.timeout = 3000ms (default)
2019-10-03 06:20:07,146 [main] INFO  server.RaftServerConfigKeys (ConfUtils.java:logGet(43)) - raft.server.storage.dir = [/workdir/hadoop-ozone/integration-test/target/test-dir/MiniOzoneClusterImpl-e2c67281-891d-480f-94b5-858598808fca/datanode-2/data/ratis] (custom)
2019-10-03 06:20:07,147 [main] INFO  hdfs.DFSUtil (DFSUtil.java:httpServerTemplateForNNAndJN(1641)) - Starting Web-server for hddsDatanode at: http://0.0.0.0:0
2019-10-03 06:20:07,148 [main] INFO  server.AuthenticationFilter (AuthenticationFilter.java:constructSecretProvider(240)) - Unable to initialize FileSignerSecretProvider, falling back to use random secrets.
2019-10-03 06:20:07,149 [main] WARN  http.HttpRequestLog (HttpRequestLog.java:getRequestLog(97)) - Jetty request log can only be enabled using Log4j
2019-10-03 06:20:07,150 [main] INFO  http.HttpServer2 (HttpServer2.java:addGlobalFilter(975)) - Added global filter 'safety' (class=org.apache.hadoop.http.HttpServer2$QuotingInputFilter)
2019-10-03 06:20:07,150 [main] INFO  http.HttpServer2 (HttpServer2.java:addFilter(948)) - Added filter static_user_filter (class=org.apache.hadoop.http.lib.StaticUserWebFilter$StaticUserFilter) to context hddsDatanode
2019-10-03 06:20:07,150 [main] INFO  http.HttpServer2 (HttpServer2.java:addFilter(958)) - Added filter static_user_filter (class=org.apache.hadoop.http.lib.StaticUserWebFilter$StaticUserFilter) to context logs
2019-10-03 06:20:07,151 [main] INFO  http.HttpServer2 (HttpServer2.java:addFilter(958)) - Added filter static_user_filter (class=org.apache.hadoop.http.lib.StaticUserWebFilter$StaticUserFilter) to context static
2019-10-03 06:20:07,151 [main] INFO  http.HttpServer2 (HttpServer2.java:bindListener(1191)) - Jetty bound to port 35337
2019-10-03 06:20:07,151 [main] INFO  server.Server (Server.java:doStart(351)) - jetty-9.3.25.v20180904, build timestamp: 2018-09-04T21:11:46Z, git hash: 3ce520221d0240229c862b122d2b06c12a625732
2019-10-03 06:20:07,153 [main] INFO  handler.ContextHandler (ContextHandler.java:doStart(781)) - Started o.e.j.s.ServletContextHandler@d2708a7{/logs,file:///workdir/hadoop-ozone/integration-test/target/log,AVAILABLE}
2019-10-03 06:20:07,153 [main] INFO  handler.ContextHandler (ContextHandler.java:doStart(781)) - Started o.e.j.s.ServletContextHandler@2313db84{/static,jar:file:/home/user/.m2/repository/org/apache/hadoop/hadoop-hdds-container-service/0.5.0-SNAPSHOT/hadoop-hdds-container-service-0.5.0-SNAPSHOT.jar!/webapps/static,AVAILABLE}
2019-10-03 06:20:07,181 [main] INFO  handler.ContextHandler (ContextHandler.java:doStart(781)) - Started o.e.j.w.WebAppContext@636985df{/,file:///tmp/jetty-0.0.0.0-35337-hddsDatanode-_-any-8956504924079298059.dir/webapp/,AVAILABLE}{/hddsDatanode}
2019-10-03 06:20:07,182 [main] INFO  server.AbstractConnector (AbstractConnector.java:doStart(278)) - Started ServerConnector@6f91fbda{HTTP/1.1,[http/1.1]}{0.0.0.0:35337}
2019-10-03 06:20:07,183 [main] INFO  server.Server (Server.java:doStart(419)) - Started @237840ms
2019-10-03 06:20:07,183 [main] WARN  impl.MetricsSystemImpl (MetricsSystemImpl.java:register(276)) - Sink prometheus already exists!
2019-10-03 06:20:07,184 [main] INFO  server.BaseHttpServer (BaseHttpServer.java:updateConnectorAddress(215)) - HTTP server of HDDSDATANODE is listening at http://0.0.0.0:35337
2019-10-03 06:20:07,184 [main] INFO  impl.MetricsSystemImpl (MetricsSystemImpl.java:init(158)) - HddsDatanode metrics system started (again)
2019-10-03 06:20:07,189 [org.apache.hadoop.util.JvmPauseMonitor$Monitor@277f5fc0] INFO  util.JvmPauseMonitor (JvmPauseMonitor.java:run(188)) - Starting JVM pause monitor
2019-10-03 06:20:07,189 [main] INFO  ozone.HddsDatanodeService (HddsDatanodeService.java:start(184)) - HddsDatanodeService host:trunk-nightly-20191003-5492k-4029359510 ip:192.168.30.19
2019-10-03 06:20:07,190 [Datanode State Machine Thread - 0] INFO  datanode.InitDatanodeState (InitDatanodeState.java:persistContainerDatanodeDetails(140)) - DatanodeDetails is persisted to /workdir/hadoop-ozone/integration-test/target/test-dir/MiniOzoneClusterImpl-e2c67281-891d-480f-94b5-858598808fca/datanode-2/meta/datanode.id
2019-10-03 06:20:07,196 [main] INFO  volume.HddsVolume (HddsVolume.java:<init>(176)) - Creating Volume: /workdir/hadoop-ozone/integration-test/target/test-dir/MiniOzoneClusterImpl-e2c67281-891d-480f-94b5-858598808fca/datanode-3/data/containers/hdds of  storage type : DISK and capacity : 1482555576320
2019-10-03 06:20:07,196 [main] INFO  volume.VolumeSet (VolumeSet.java:initializeVolumeSet(170)) - Added Volume : /workdir/hadoop-ozone/integration-test/target/test-dir/MiniOzoneClusterImpl-e2c67281-891d-480f-94b5-858598808fca/datanode-3/data/containers/hdds to VolumeSet
2019-10-03 06:20:07,196 [main] INFO  volume.ThrottledAsyncChecker (ThrottledAsyncChecker.java:schedule(139)) - Scheduling a check for org.apache.hadoop.ozone.container.common.volume.HddsVolume@6629643d
2019-10-03 06:20:07,197 [main] INFO  volume.HddsVolumeChecker (HddsVolumeChecker.java:checkAllVolumes(202)) - Scheduled health check for volume org.apache.hadoop.ozone.container.common.volume.HddsVolume@6629643d
2019-10-03 06:20:07,209 [main] INFO  impl.RaftServerProxy (ConfUtils.java:logGet(43)) - raft.rpc.type = GRPC (default)
2019-10-03 06:20:07,209 [main] INFO  grpc.GrpcFactory (GrpcFactory.java:checkPooledByteBufAllocatorUseCacheForAllThreads(45)) - PERFORMANCE WARNING: useCacheForAllThreads is true that may cause Netty to create a lot garbage objects and, as a result, trigger GC.
	It is recommended to disable useCacheForAllThreads by setting -Dorg.apache.ratis.thirdparty.io.netty.allocator.useCacheForAllThreads=false in command line.
2019-10-03 06:20:07,210 [main] INFO  grpc.GrpcConfigKeys$Server (ConfUtils.java:logGet(43)) - raft.grpc.server.port = 0 (default)
2019-10-03 06:20:07,210 [main] INFO  server.GrpcService (ConfUtils.java:logGet(43)) - raft.grpc.message.size.max = 33570816 (custom)
2019-10-03 06:20:07,210 [main] INFO  server.RaftServerConfigKeys (ConfUtils.java:logGet(43)) - raft.server.log.appender.buffer.byte-limit = 33554432 (custom)
2019-10-03 06:20:07,210 [main] INFO  server.GrpcService (ConfUtils.java:logGet(43)) - raft.grpc.flow.control.window = 1MB (=1048576) (default)
2019-10-03 06:20:07,210 [main] INFO  server.RaftServerConfigKeys (ConfUtils.java:logGet(43)) - raft.server.rpc.request.timeout = 3000ms (default)
2019-10-03 06:20:07,211 [main] INFO  server.RaftServerConfigKeys (ConfUtils.java:logGet(43)) - raft.server.storage.dir = [/workdir/hadoop-ozone/integration-test/target/test-dir/MiniOzoneClusterImpl-e2c67281-891d-480f-94b5-858598808fca/datanode-3/data/ratis] (custom)
2019-10-03 06:20:07,212 [main] INFO  hdfs.DFSUtil (DFSUtil.java:httpServerTemplateForNNAndJN(1641)) - Starting Web-server for hddsDatanode at: http://0.0.0.0:0
2019-10-03 06:20:07,213 [main] INFO  server.AuthenticationFilter (AuthenticationFilter.java:constructSecretProvider(240)) - Unable to initialize FileSignerSecretProvider, falling back to use random secrets.
2019-10-03 06:20:07,213 [main] WARN  http.HttpRequestLog (HttpRequestLog.java:getRequestLog(97)) - Jetty request log can only be enabled using Log4j
2019-10-03 06:20:07,214 [main] INFO  http.HttpServer2 (HttpServer2.java:addGlobalFilter(975)) - Added global filter 'safety' (class=org.apache.hadoop.http.HttpServer2$QuotingInputFilter)
2019-10-03 06:20:07,215 [main] INFO  http.HttpServer2 (HttpServer2.java:addFilter(948)) - Added filter static_user_filter (class=org.apache.hadoop.http.lib.StaticUserWebFilter$StaticUserFilter) to context hddsDatanode
2019-10-03 06:20:07,215 [main] INFO  http.HttpServer2 (HttpServer2.java:addFilter(958)) - Added filter static_user_filter (class=org.apache.hadoop.http.lib.StaticUserWebFilter$StaticUserFilter) to context static
2019-10-03 06:20:07,215 [main] INFO  http.HttpServer2 (HttpServer2.java:addFilter(958)) - Added filter static_user_filter (class=org.apache.hadoop.http.lib.StaticUserWebFilter$StaticUserFilter) to context logs
2019-10-03 06:20:07,216 [main] INFO  http.HttpServer2 (HttpServer2.java:bindListener(1191)) - Jetty bound to port 45107
2019-10-03 06:20:07,216 [main] INFO  server.Server (Server.java:doStart(351)) - jetty-9.3.25.v20180904, build timestamp: 2018-09-04T21:11:46Z, git hash: 3ce520221d0240229c862b122d2b06c12a625732
2019-10-03 06:20:07,217 [main] INFO  handler.ContextHandler (ContextHandler.java:doStart(781)) - Started o.e.j.s.ServletContextHandler@17c4dc5b{/logs,file:///workdir/hadoop-ozone/integration-test/target/log,AVAILABLE}
2019-10-03 06:20:07,218 [main] INFO  handler.ContextHandler (ContextHandler.java:doStart(781)) - Started o.e.j.s.ServletContextHandler@4837f97e{/static,jar:file:/home/user/.m2/repository/org/apache/hadoop/hadoop-hdds-container-service/0.5.0-SNAPSHOT/hadoop-hdds-container-service-0.5.0-SNAPSHOT.jar!/webapps/static,AVAILABLE}
2019-10-03 06:20:07,246 [main] INFO  handler.ContextHandler (ContextHandler.java:doStart(781)) - Started o.e.j.w.WebAppContext@3002e397{/,file:///tmp/jetty-0.0.0.0-45107-hddsDatanode-_-any-440703971336023371.dir/webapp/,AVAILABLE}{/hddsDatanode}
2019-10-03 06:20:07,246 [main] INFO  server.AbstractConnector (AbstractConnector.java:doStart(278)) - Started ServerConnector@7da1e005{HTTP/1.1,[http/1.1]}{0.0.0.0:45107}
2019-10-03 06:20:07,248 [main] INFO  server.Server (Server.java:doStart(419)) - Started @237904ms
2019-10-03 06:20:07,248 [main] WARN  impl.MetricsSystemImpl (MetricsSystemImpl.java:register(276)) - Sink prometheus already exists!
2019-10-03 06:20:07,249 [main] INFO  server.BaseHttpServer (BaseHttpServer.java:updateConnectorAddress(215)) - HTTP server of HDDSDATANODE is listening at http://0.0.0.0:45107
2019-10-03 06:20:07,249 [main] INFO  impl.MetricsSystemImpl (MetricsSystemImpl.java:init(158)) - HddsDatanode metrics system started (again)
2019-10-03 06:20:07,254 [org.apache.hadoop.util.JvmPauseMonitor$Monitor@516f7832] INFO  util.JvmPauseMonitor (JvmPauseMonitor.java:run(188)) - Starting JVM pause monitor
2019-10-03 06:20:07,254 [main] INFO  ozone.HddsDatanodeService (HddsDatanodeService.java:start(184)) - HddsDatanodeService host:trunk-nightly-20191003-5492k-4029359510 ip:192.168.30.19
2019-10-03 06:20:07,255 [Datanode State Machine Thread - 0] INFO  datanode.InitDatanodeState (InitDatanodeState.java:persistContainerDatanodeDetails(140)) - DatanodeDetails is persisted to /workdir/hadoop-ozone/integration-test/target/test-dir/MiniOzoneClusterImpl-e2c67281-891d-480f-94b5-858598808fca/datanode-3/meta/datanode.id
2019-10-03 06:20:07,261 [main] INFO  volume.HddsVolume (HddsVolume.java:<init>(176)) - Creating Volume: /workdir/hadoop-ozone/integration-test/target/test-dir/MiniOzoneClusterImpl-e2c67281-891d-480f-94b5-858598808fca/datanode-4/data/containers/hdds of  storage type : DISK and capacity : 1482555576320
2019-10-03 06:20:07,261 [main] INFO  volume.VolumeSet (VolumeSet.java:initializeVolumeSet(170)) - Added Volume : /workdir/hadoop-ozone/integration-test/target/test-dir/MiniOzoneClusterImpl-e2c67281-891d-480f-94b5-858598808fca/datanode-4/data/containers/hdds to VolumeSet
2019-10-03 06:20:07,262 [main] INFO  volume.ThrottledAsyncChecker (ThrottledAsyncChecker.java:schedule(139)) - Scheduling a check for org.apache.hadoop.ozone.container.common.volume.HddsVolume@138f0661
2019-10-03 06:20:07,262 [main] INFO  volume.HddsVolumeChecker (HddsVolumeChecker.java:checkAllVolumes(202)) - Scheduled health check for volume org.apache.hadoop.ozone.container.common.volume.HddsVolume@138f0661
2019-10-03 06:20:07,275 [main] INFO  impl.RaftServerProxy (ConfUtils.java:logGet(43)) - raft.rpc.type = GRPC (default)
2019-10-03 06:20:07,275 [main] INFO  grpc.GrpcFactory (GrpcFactory.java:checkPooledByteBufAllocatorUseCacheForAllThreads(45)) - PERFORMANCE WARNING: useCacheForAllThreads is true that may cause Netty to create a lot garbage objects and, as a result, trigger GC.
	It is recommended to disable useCacheForAllThreads by setting -Dorg.apache.ratis.thirdparty.io.netty.allocator.useCacheForAllThreads=false in command line.
2019-10-03 06:20:07,276 [main] INFO  grpc.GrpcConfigKeys$Server (ConfUtils.java:logGet(43)) - raft.grpc.server.port = 0 (default)
2019-10-03 06:20:07,276 [main] INFO  server.GrpcService (ConfUtils.java:logGet(43)) - raft.grpc.message.size.max = 33570816 (custom)
2019-10-03 06:20:07,276 [main] INFO  server.RaftServerConfigKeys (ConfUtils.java:logGet(43)) - raft.server.log.appender.buffer.byte-limit = 33554432 (custom)
2019-10-03 06:20:07,276 [main] INFO  server.GrpcService (ConfUtils.java:logGet(43)) - raft.grpc.flow.control.window = 1MB (=1048576) (default)
2019-10-03 06:20:07,276 [main] INFO  server.RaftServerConfigKeys (ConfUtils.java:logGet(43)) - raft.server.rpc.request.timeout = 3000ms (default)
2019-10-03 06:20:07,277 [main] INFO  server.RaftServerConfigKeys (ConfUtils.java:logGet(43)) - raft.server.storage.dir = [/workdir/hadoop-ozone/integration-test/target/test-dir/MiniOzoneClusterImpl-e2c67281-891d-480f-94b5-858598808fca/datanode-4/data/ratis] (custom)
2019-10-03 06:20:07,278 [main] INFO  hdfs.DFSUtil (DFSUtil.java:httpServerTemplateForNNAndJN(1641)) - Starting Web-server for hddsDatanode at: http://0.0.0.0:0
2019-10-03 06:20:07,279 [main] INFO  server.AuthenticationFilter (AuthenticationFilter.java:constructSecretProvider(240)) - Unable to initialize FileSignerSecretProvider, falling back to use random secrets.
2019-10-03 06:20:07,279 [main] WARN  http.HttpRequestLog (HttpRequestLog.java:getRequestLog(97)) - Jetty request log can only be enabled using Log4j
2019-10-03 06:20:07,281 [main] INFO  http.HttpServer2 (HttpServer2.java:addGlobalFilter(975)) - Added global filter 'safety' (class=org.apache.hadoop.http.HttpServer2$QuotingInputFilter)
2019-10-03 06:20:07,281 [main] INFO  http.HttpServer2 (HttpServer2.java:addFilter(948)) - Added filter static_user_filter (class=org.apache.hadoop.http.lib.StaticUserWebFilter$StaticUserFilter) to context hddsDatanode
2019-10-03 06:20:07,281 [main] INFO  http.HttpServer2 (HttpServer2.java:addFilter(958)) - Added filter static_user_filter (class=org.apache.hadoop.http.lib.StaticUserWebFilter$StaticUserFilter) to context static
2019-10-03 06:20:07,281 [main] INFO  http.HttpServer2 (HttpServer2.java:addFilter(958)) - Added filter static_user_filter (class=org.apache.hadoop.http.lib.StaticUserWebFilter$StaticUserFilter) to context logs
2019-10-03 06:20:07,282 [main] INFO  http.HttpServer2 (HttpServer2.java:bindListener(1191)) - Jetty bound to port 45108
2019-10-03 06:20:07,282 [main] INFO  server.Server (Server.java:doStart(351)) - jetty-9.3.25.v20180904, build timestamp: 2018-09-04T21:11:46Z, git hash: 3ce520221d0240229c862b122d2b06c12a625732
2019-10-03 06:20:07,284 [main] INFO  handler.ContextHandler (ContextHandler.java:doStart(781)) - Started o.e.j.s.ServletContextHandler@23bd0c81{/logs,file:///workdir/hadoop-ozone/integration-test/target/log,AVAILABLE}
2019-10-03 06:20:07,284 [main] INFO  handler.ContextHandler (ContextHandler.java:doStart(781)) - Started o.e.j.s.ServletContextHandler@544e3679{/static,jar:file:/home/user/.m2/repository/org/apache/hadoop/hadoop-hdds-container-service/0.5.0-SNAPSHOT/hadoop-hdds-container-service-0.5.0-SNAPSHOT.jar!/webapps/static,AVAILABLE}
2019-10-03 06:20:07,312 [main] INFO  handler.ContextHandler (ContextHandler.java:doStart(781)) - Started o.e.j.w.WebAppContext@3a3f96ab{/,file:///tmp/jetty-0.0.0.0-45108-hddsDatanode-_-any-8804875158647108917.dir/webapp/,AVAILABLE}{/hddsDatanode}
2019-10-03 06:20:07,313 [main] INFO  server.AbstractConnector (AbstractConnector.java:doStart(278)) - Started ServerConnector@4def7d36{HTTP/1.1,[http/1.1]}{0.0.0.0:45108}
2019-10-03 06:20:07,315 [main] INFO  server.Server (Server.java:doStart(419)) - Started @237971ms
2019-10-03 06:20:07,315 [main] WARN  impl.MetricsSystemImpl (MetricsSystemImpl.java:register(276)) - Sink prometheus already exists!
2019-10-03 06:20:07,316 [main] INFO  server.BaseHttpServer (BaseHttpServer.java:updateConnectorAddress(215)) - HTTP server of HDDSDATANODE is listening at http://0.0.0.0:45108
2019-10-03 06:20:07,316 [main] INFO  impl.MetricsSystemImpl (MetricsSystemImpl.java:init(158)) - HddsDatanode metrics system started (again)
2019-10-03 06:20:07,321 [org.apache.hadoop.util.JvmPauseMonitor$Monitor@98fa888] INFO  util.JvmPauseMonitor (JvmPauseMonitor.java:run(188)) - Starting JVM pause monitor
2019-10-03 06:20:07,322 [main] INFO  ozone.HddsDatanodeService (HddsDatanodeService.java:start(184)) - HddsDatanodeService host:trunk-nightly-20191003-5492k-4029359510 ip:192.168.30.19
2019-10-03 06:20:07,323 [Datanode State Machine Thread - 0] INFO  datanode.InitDatanodeState (InitDatanodeState.java:persistContainerDatanodeDetails(140)) - DatanodeDetails is persisted to /workdir/hadoop-ozone/integration-test/target/test-dir/MiniOzoneClusterImpl-e2c67281-891d-480f-94b5-858598808fca/datanode-4/meta/datanode.id
2019-10-03 06:20:07,328 [main] INFO  volume.HddsVolume (HddsVolume.java:<init>(176)) - Creating Volume: /workdir/hadoop-ozone/integration-test/target/test-dir/MiniOzoneClusterImpl-e2c67281-891d-480f-94b5-858598808fca/datanode-5/data/containers/hdds of  storage type : DISK and capacity : 1482555576320
2019-10-03 06:20:07,329 [main] INFO  volume.VolumeSet (VolumeSet.java:initializeVolumeSet(170)) - Added Volume : /workdir/hadoop-ozone/integration-test/target/test-dir/MiniOzoneClusterImpl-e2c67281-891d-480f-94b5-858598808fca/datanode-5/data/containers/hdds to VolumeSet
2019-10-03 06:20:07,329 [main] INFO  volume.ThrottledAsyncChecker (ThrottledAsyncChecker.java:schedule(139)) - Scheduling a check for org.apache.hadoop.ozone.container.common.volume.HddsVolume@6812c8cc
2019-10-03 06:20:07,329 [main] INFO  volume.HddsVolumeChecker (HddsVolumeChecker.java:checkAllVolumes(202)) - Scheduled health check for volume org.apache.hadoop.ozone.container.common.volume.HddsVolume@6812c8cc
2019-10-03 06:20:07,342 [main] INFO  impl.RaftServerProxy (ConfUtils.java:logGet(43)) - raft.rpc.type = GRPC (default)
2019-10-03 06:20:07,342 [main] INFO  grpc.GrpcFactory (GrpcFactory.java:checkPooledByteBufAllocatorUseCacheForAllThreads(45)) - PERFORMANCE WARNING: useCacheForAllThreads is true that may cause Netty to create a lot garbage objects and, as a result, trigger GC.
	It is recommended to disable useCacheForAllThreads by setting -Dorg.apache.ratis.thirdparty.io.netty.allocator.useCacheForAllThreads=false in command line.
2019-10-03 06:20:07,342 [main] INFO  grpc.GrpcConfigKeys$Server (ConfUtils.java:logGet(43)) - raft.grpc.server.port = 0 (default)
2019-10-03 06:20:07,342 [main] INFO  server.GrpcService (ConfUtils.java:logGet(43)) - raft.grpc.message.size.max = 33570816 (custom)
2019-10-03 06:20:07,343 [main] INFO  server.RaftServerConfigKeys (ConfUtils.java:logGet(43)) - raft.server.log.appender.buffer.byte-limit = 33554432 (custom)
2019-10-03 06:20:07,343 [main] INFO  server.GrpcService (ConfUtils.java:logGet(43)) - raft.grpc.flow.control.window = 1MB (=1048576) (default)
2019-10-03 06:20:07,343 [main] INFO  server.RaftServerConfigKeys (ConfUtils.java:logGet(43)) - raft.server.rpc.request.timeout = 3000ms (default)
2019-10-03 06:20:07,343 [main] INFO  server.RaftServerConfigKeys (ConfUtils.java:logGet(43)) - raft.server.storage.dir = [/workdir/hadoop-ozone/integration-test/target/test-dir/MiniOzoneClusterImpl-e2c67281-891d-480f-94b5-858598808fca/datanode-5/data/ratis] (custom)
2019-10-03 06:20:07,344 [main] INFO  hdfs.DFSUtil (DFSUtil.java:httpServerTemplateForNNAndJN(1641)) - Starting Web-server for hddsDatanode at: http://0.0.0.0:0
2019-10-03 06:20:07,346 [main] INFO  server.AuthenticationFilter (AuthenticationFilter.java:constructSecretProvider(240)) - Unable to initialize FileSignerSecretProvider, falling back to use random secrets.
2019-10-03 06:20:07,346 [main] WARN  http.HttpRequestLog (HttpRequestLog.java:getRequestLog(97)) - Jetty request log can only be enabled using Log4j
2019-10-03 06:20:07,348 [main] INFO  http.HttpServer2 (HttpServer2.java:addGlobalFilter(975)) - Added global filter 'safety' (class=org.apache.hadoop.http.HttpServer2$QuotingInputFilter)
2019-10-03 06:20:07,348 [main] INFO  http.HttpServer2 (HttpServer2.java:addFilter(948)) - Added filter static_user_filter (class=org.apache.hadoop.http.lib.StaticUserWebFilter$StaticUserFilter) to context hddsDatanode
2019-10-03 06:20:07,348 [main] INFO  http.HttpServer2 (HttpServer2.java:addFilter(958)) - Added filter static_user_filter (class=org.apache.hadoop.http.lib.StaticUserWebFilter$StaticUserFilter) to context static
2019-10-03 06:20:07,348 [main] INFO  http.HttpServer2 (HttpServer2.java:addFilter(958)) - Added filter static_user_filter (class=org.apache.hadoop.http.lib.StaticUserWebFilter$StaticUserFilter) to context logs
2019-10-03 06:20:07,349 [main] INFO  http.HttpServer2 (HttpServer2.java:bindListener(1191)) - Jetty bound to port 40408
2019-10-03 06:20:07,349 [main] INFO  server.Server (Server.java:doStart(351)) - jetty-9.3.25.v20180904, build timestamp: 2018-09-04T21:11:46Z, git hash: 3ce520221d0240229c862b122d2b06c12a625732
2019-10-03 06:20:07,351 [main] INFO  handler.ContextHandler (ContextHandler.java:doStart(781)) - Started o.e.j.s.ServletContextHandler@19662208{/logs,file:///workdir/hadoop-ozone/integration-test/target/log,AVAILABLE}
2019-10-03 06:20:07,351 [main] INFO  handler.ContextHandler (ContextHandler.java:doStart(781)) - Started o.e.j.s.ServletContextHandler@62f9c790{/static,jar:file:/home/user/.m2/repository/org/apache/hadoop/hadoop-hdds-container-service/0.5.0-SNAPSHOT/hadoop-hdds-container-service-0.5.0-SNAPSHOT.jar!/webapps/static,AVAILABLE}
2019-10-03 06:20:07,379 [main] INFO  handler.ContextHandler (ContextHandler.java:doStart(781)) - Started o.e.j.w.WebAppContext@52ba685a{/,file:///tmp/jetty-0.0.0.0-40408-hddsDatanode-_-any-1113737856916676996.dir/webapp/,AVAILABLE}{/hddsDatanode}
2019-10-03 06:20:07,380 [main] INFO  server.AbstractConnector (AbstractConnector.java:doStart(278)) - Started ServerConnector@63d677f5{HTTP/1.1,[http/1.1]}{0.0.0.0:40408}
2019-10-03 06:20:07,382 [main] INFO  server.Server (Server.java:doStart(419)) - Started @238038ms
2019-10-03 06:20:07,382 [main] WARN  impl.MetricsSystemImpl (MetricsSystemImpl.java:register(276)) - Sink prometheus already exists!
2019-10-03 06:20:07,382 [main] INFO  server.BaseHttpServer (BaseHttpServer.java:updateConnectorAddress(215)) - HTTP server of HDDSDATANODE is listening at http://0.0.0.0:40408
2019-10-03 06:20:07,383 [main] INFO  impl.MetricsSystemImpl (MetricsSystemImpl.java:init(158)) - HddsDatanode metrics system started (again)
2019-10-03 06:20:07,389 [org.apache.hadoop.util.JvmPauseMonitor$Monitor@7b02cdb4] INFO  util.JvmPauseMonitor (JvmPauseMonitor.java:run(188)) - Starting JVM pause monitor
2019-10-03 06:20:07,389 [main] INFO  ozone.HddsDatanodeService (HddsDatanodeService.java:start(184)) - HddsDatanodeService host:trunk-nightly-20191003-5492k-4029359510 ip:192.168.30.19
2019-10-03 06:20:07,390 [Datanode State Machine Thread - 0] INFO  datanode.InitDatanodeState (InitDatanodeState.java:persistContainerDatanodeDetails(140)) - DatanodeDetails is persisted to /workdir/hadoop-ozone/integration-test/target/test-dir/MiniOzoneClusterImpl-e2c67281-891d-480f-94b5-858598808fca/datanode-5/meta/datanode.id
2019-10-03 06:20:07,395 [main] INFO  volume.HddsVolume (HddsVolume.java:<init>(176)) - Creating Volume: /workdir/hadoop-ozone/integration-test/target/test-dir/MiniOzoneClusterImpl-e2c67281-891d-480f-94b5-858598808fca/datanode-6/data/containers/hdds of  storage type : DISK and capacity : 1482555576320
2019-10-03 06:20:07,396 [main] INFO  volume.VolumeSet (VolumeSet.java:initializeVolumeSet(170)) - Added Volume : /workdir/hadoop-ozone/integration-test/target/test-dir/MiniOzoneClusterImpl-e2c67281-891d-480f-94b5-858598808fca/datanode-6/data/containers/hdds to VolumeSet
2019-10-03 06:20:07,396 [main] INFO  volume.ThrottledAsyncChecker (ThrottledAsyncChecker.java:schedule(139)) - Scheduling a check for org.apache.hadoop.ozone.container.common.volume.HddsVolume@4652c74d
2019-10-03 06:20:07,396 [main] INFO  volume.HddsVolumeChecker (HddsVolumeChecker.java:checkAllVolumes(202)) - Scheduled health check for volume org.apache.hadoop.ozone.container.common.volume.HddsVolume@4652c74d
2019-10-03 06:20:07,410 [main] INFO  impl.RaftServerProxy (ConfUtils.java:logGet(43)) - raft.rpc.type = GRPC (default)
2019-10-03 06:20:07,410 [main] INFO  grpc.GrpcFactory (GrpcFactory.java:checkPooledByteBufAllocatorUseCacheForAllThreads(45)) - PERFORMANCE WARNING: useCacheForAllThreads is true that may cause Netty to create a lot garbage objects and, as a result, trigger GC.
	It is recommended to disable useCacheForAllThreads by setting -Dorg.apache.ratis.thirdparty.io.netty.allocator.useCacheForAllThreads=false in command line.
2019-10-03 06:20:07,410 [main] INFO  grpc.GrpcConfigKeys$Server (ConfUtils.java:logGet(43)) - raft.grpc.server.port = 0 (default)
2019-10-03 06:20:07,410 [main] INFO  server.GrpcService (ConfUtils.java:logGet(43)) - raft.grpc.message.size.max = 33570816 (custom)
2019-10-03 06:20:07,410 [main] INFO  server.RaftServerConfigKeys (ConfUtils.java:logGet(43)) - raft.server.log.appender.buffer.byte-limit = 33554432 (custom)
2019-10-03 06:20:07,411 [main] INFO  server.GrpcService (ConfUtils.java:logGet(43)) - raft.grpc.flow.control.window = 1MB (=1048576) (default)
2019-10-03 06:20:07,411 [main] INFO  server.RaftServerConfigKeys (ConfUtils.java:logGet(43)) - raft.server.rpc.request.timeout = 3000ms (default)
2019-10-03 06:20:07,411 [main] INFO  server.RaftServerConfigKeys (ConfUtils.java:logGet(43)) - raft.server.storage.dir = [/workdir/hadoop-ozone/integration-test/target/test-dir/MiniOzoneClusterImpl-e2c67281-891d-480f-94b5-858598808fca/datanode-6/data/ratis] (custom)
2019-10-03 06:20:07,412 [main] INFO  hdfs.DFSUtil (DFSUtil.java:httpServerTemplateForNNAndJN(1641)) - Starting Web-server for hddsDatanode at: http://0.0.0.0:0
2019-10-03 06:20:07,413 [main] INFO  server.AuthenticationFilter (AuthenticationFilter.java:constructSecretProvider(240)) - Unable to initialize FileSignerSecretProvider, falling back to use random secrets.
2019-10-03 06:20:07,414 [main] WARN  http.HttpRequestLog (HttpRequestLog.java:getRequestLog(97)) - Jetty request log can only be enabled using Log4j
2019-10-03 06:20:07,415 [main] INFO  http.HttpServer2 (HttpServer2.java:addGlobalFilter(975)) - Added global filter 'safety' (class=org.apache.hadoop.http.HttpServer2$QuotingInputFilter)
2019-10-03 06:20:07,415 [main] INFO  http.HttpServer2 (HttpServer2.java:addFilter(948)) - Added filter static_user_filter (class=org.apache.hadoop.http.lib.StaticUserWebFilter$StaticUserFilter) to context hddsDatanode
2019-10-03 06:20:07,416 [main] INFO  http.HttpServer2 (HttpServer2.java:addFilter(958)) - Added filter static_user_filter (class=org.apache.hadoop.http.lib.StaticUserWebFilter$StaticUserFilter) to context static
2019-10-03 06:20:07,416 [main] INFO  http.HttpServer2 (HttpServer2.java:addFilter(958)) - Added filter static_user_filter (class=org.apache.hadoop.http.lib.StaticUserWebFilter$StaticUserFilter) to context logs
2019-10-03 06:20:07,416 [main] INFO  http.HttpServer2 (HttpServer2.java:bindListener(1191)) - Jetty bound to port 43669
2019-10-03 06:20:07,417 [main] INFO  server.Server (Server.java:doStart(351)) - jetty-9.3.25.v20180904, build timestamp: 2018-09-04T21:11:46Z, git hash: 3ce520221d0240229c862b122d2b06c12a625732
2019-10-03 06:20:07,418 [main] INFO  handler.ContextHandler (ContextHandler.java:doStart(781)) - Started o.e.j.s.ServletContextHandler@236c098{/logs,file:///workdir/hadoop-ozone/integration-test/target/log,AVAILABLE}
2019-10-03 06:20:07,419 [main] INFO  handler.ContextHandler (ContextHandler.java:doStart(781)) - Started o.e.j.s.ServletContextHandler@120aa40b{/static,jar:file:/home/user/.m2/repository/org/apache/hadoop/hadoop-hdds-container-service/0.5.0-SNAPSHOT/hadoop-hdds-container-service-0.5.0-SNAPSHOT.jar!/webapps/static,AVAILABLE}
2019-10-03 06:20:07,446 [main] INFO  handler.ContextHandler (ContextHandler.java:doStart(781)) - Started o.e.j.w.WebAppContext@64279ab{/,file:///tmp/jetty-0.0.0.0-43669-hddsDatanode-_-any-2775482340613880530.dir/webapp/,AVAILABLE}{/hddsDatanode}
2019-10-03 06:20:07,447 [main] INFO  server.AbstractConnector (AbstractConnector.java:doStart(278)) - Started ServerConnector@794240e2{HTTP/1.1,[http/1.1]}{0.0.0.0:43669}
2019-10-03 06:20:07,448 [main] INFO  server.Server (Server.java:doStart(419)) - Started @238105ms
2019-10-03 06:20:07,449 [main] WARN  impl.MetricsSystemImpl (MetricsSystemImpl.java:register(276)) - Sink prometheus already exists!
2019-10-03 06:20:07,450 [main] INFO  server.BaseHttpServer (BaseHttpServer.java:updateConnectorAddress(215)) - HTTP server of HDDSDATANODE is listening at http://0.0.0.0:43669
2019-10-03 06:20:07,450 [main] INFO  ozone.MiniOzoneClusterImpl (MiniOzoneClusterImpl.java:lambda$waitForClusterToBeReady$0(147)) - Waiting for cluster to be ready. Got 0 of 7 DN Heartbeats.
2019-10-03 06:20:07,451 [org.apache.hadoop.util.JvmPauseMonitor$Monitor@378a1770] INFO  util.JvmPauseMonitor (JvmPauseMonitor.java:run(188)) - Starting JVM pause monitor
2019-10-03 06:20:07,452 [Datanode State Machine Thread - 0] INFO  datanode.InitDatanodeState (InitDatanodeState.java:persistContainerDatanodeDetails(140)) - DatanodeDetails is persisted to /workdir/hadoop-ozone/integration-test/target/test-dir/MiniOzoneClusterImpl-e2c67281-891d-480f-94b5-858598808fca/datanode-6/meta/datanode.id
2019-10-03 06:20:08,450 [main] INFO  ozone.MiniOzoneClusterImpl (MiniOzoneClusterImpl.java:lambda$waitForClusterToBeReady$0(147)) - Waiting for cluster to be ready. Got 0 of 7 DN Heartbeats.
2019-10-03 06:20:09,108 [Datanode State Machine Thread - 0] INFO  ozoneimpl.OzoneContainer (OzoneContainer.java:start(217)) - Attempting to start container services.
2019-10-03 06:20:09,109 [Datanode State Machine Thread - 0] INFO  ozoneimpl.OzoneContainer (OzoneContainer.java:startContainerScrub(179)) - Background container scanner has been disabled.
2019-10-03 06:20:09,109 [Datanode State Machine Thread - 0] INFO  ratis.XceiverServerRatis (XceiverServerRatis.java:start(417)) - Starting XceiverServerRatis 7297699a-39c3-4e8b-825a-47c14ab22132 at port 0
2019-10-03 06:20:09,119 [Datanode State Machine Thread - 0] INFO  impl.RaftServerProxy (RaftServerProxy.java:lambda$start$3(299)) - 7297699a-39c3-4e8b-825a-47c14ab22132: start RPC server
2019-10-03 06:20:09,122 [Datanode State Machine Thread - 0] INFO  server.GrpcService (GrpcService.java:startImpl(158)) - 7297699a-39c3-4e8b-825a-47c14ab22132: GrpcService started, listening on 0.0.0.0/0.0.0.0:42157
2019-10-03 06:20:09,122 [Datanode State Machine Thread - 0] INFO  ratis.XceiverServerRatis (XceiverServerRatis.java:start(427)) - XceiverServerRatis 7297699a-39c3-4e8b-825a-47c14ab22132 is started using port 42157
2019-10-03 06:20:09,123 [Datanode State Machine Thread - 0] INFO  server.XceiverServerGrpc (XceiverServerGrpc.java:start(149)) - XceiverServerGrpc 7297699a-39c3-4e8b-825a-47c14ab22132 is started using port 46825
2019-10-03 06:20:09,151 [Datanode State Machine Thread - 0] INFO  ozoneimpl.OzoneContainer (OzoneContainer.java:start(217)) - Attempting to start container services.
2019-10-03 06:20:09,151 [Datanode State Machine Thread - 0] INFO  ozoneimpl.OzoneContainer (OzoneContainer.java:startContainerScrub(179)) - Background container scanner has been disabled.
2019-10-03 06:20:09,151 [Datanode State Machine Thread - 0] INFO  ratis.XceiverServerRatis (XceiverServerRatis.java:start(417)) - Starting XceiverServerRatis 4c8ddee0-ae82-41b2-88a7-be14da5056d5 at port 0
2019-10-03 06:20:09,158 [Datanode State Machine Thread - 0] INFO  impl.RaftServerProxy (RaftServerProxy.java:lambda$start$3(299)) - 4c8ddee0-ae82-41b2-88a7-be14da5056d5: start RPC server
2019-10-03 06:20:09,159 [Datanode State Machine Thread - 0] INFO  server.GrpcService (GrpcService.java:startImpl(158)) - 4c8ddee0-ae82-41b2-88a7-be14da5056d5: GrpcService started, listening on 0.0.0.0/0.0.0.0:42148
2019-10-03 06:20:09,159 [Datanode State Machine Thread - 0] INFO  ratis.XceiverServerRatis (XceiverServerRatis.java:start(427)) - XceiverServerRatis 4c8ddee0-ae82-41b2-88a7-be14da5056d5 is started using port 42148
2019-10-03 06:20:09,163 [Datanode State Machine Thread - 0] INFO  server.XceiverServerGrpc (XceiverServerGrpc.java:start(149)) - XceiverServerGrpc 4c8ddee0-ae82-41b2-88a7-be14da5056d5 is started using port 32832
2019-10-03 06:20:09,231 [Datanode State Machine Thread - 0] INFO  ozoneimpl.OzoneContainer (OzoneContainer.java:start(217)) - Attempting to start container services.
2019-10-03 06:20:09,231 [Datanode State Machine Thread - 0] INFO  ozoneimpl.OzoneContainer (OzoneContainer.java:startContainerScrub(179)) - Background container scanner has been disabled.
2019-10-03 06:20:09,231 [Datanode State Machine Thread - 0] INFO  ratis.XceiverServerRatis (XceiverServerRatis.java:start(417)) - Starting XceiverServerRatis 10d765e6-1fa6-409c-a70f-26270a366817 at port 0
2019-10-03 06:20:09,239 [Datanode State Machine Thread - 0] INFO  impl.RaftServerProxy (RaftServerProxy.java:lambda$start$3(299)) - 10d765e6-1fa6-409c-a70f-26270a366817: start RPC server
2019-10-03 06:20:09,242 [Datanode State Machine Thread - 0] INFO  server.GrpcService (GrpcService.java:startImpl(158)) - 10d765e6-1fa6-409c-a70f-26270a366817: GrpcService started, listening on 0.0.0.0/0.0.0.0:36940
2019-10-03 06:20:09,242 [Datanode State Machine Thread - 0] INFO  ratis.XceiverServerRatis (XceiverServerRatis.java:start(427)) - XceiverServerRatis 10d765e6-1fa6-409c-a70f-26270a366817 is started using port 36940
2019-10-03 06:20:09,243 [Datanode State Machine Thread - 0] INFO  server.XceiverServerGrpc (XceiverServerGrpc.java:start(149)) - XceiverServerGrpc 10d765e6-1fa6-409c-a70f-26270a366817 is started using port 34372
2019-10-03 06:20:09,281 [Datanode State Machine Thread - 0] INFO  ozoneimpl.OzoneContainer (OzoneContainer.java:start(217)) - Attempting to start container services.
2019-10-03 06:20:09,282 [Datanode State Machine Thread - 0] INFO  ozoneimpl.OzoneContainer (OzoneContainer.java:startContainerScrub(179)) - Background container scanner has been disabled.
2019-10-03 06:20:09,282 [Datanode State Machine Thread - 0] INFO  ratis.XceiverServerRatis (XceiverServerRatis.java:start(417)) - Starting XceiverServerRatis a641a122-e0ac-418f-8267-327e6230a1cd at port 0
2019-10-03 06:20:09,292 [Datanode State Machine Thread - 0] INFO  impl.RaftServerProxy (RaftServerProxy.java:lambda$start$3(299)) - a641a122-e0ac-418f-8267-327e6230a1cd: start RPC server
2019-10-03 06:20:09,295 [Datanode State Machine Thread - 0] INFO  server.GrpcService (GrpcService.java:startImpl(158)) - a641a122-e0ac-418f-8267-327e6230a1cd: GrpcService started, listening on 0.0.0.0/0.0.0.0:37993
2019-10-03 06:20:09,296 [Datanode State Machine Thread - 0] INFO  ratis.XceiverServerRatis (XceiverServerRatis.java:start(427)) - XceiverServerRatis a641a122-e0ac-418f-8267-327e6230a1cd is started using port 37993
2019-10-03 06:20:09,296 [Datanode State Machine Thread - 0] INFO  server.XceiverServerGrpc (XceiverServerGrpc.java:start(149)) - XceiverServerGrpc a641a122-e0ac-418f-8267-327e6230a1cd is started using port 40160
2019-10-03 06:20:09,348 [Datanode State Machine Thread - 0] INFO  ozoneimpl.OzoneContainer (OzoneContainer.java:start(217)) - Attempting to start container services.
2019-10-03 06:20:09,349 [Datanode State Machine Thread - 0] INFO  ozoneimpl.OzoneContainer (OzoneContainer.java:startContainerScrub(179)) - Background container scanner has been disabled.
2019-10-03 06:20:09,349 [Datanode State Machine Thread - 0] INFO  ratis.XceiverServerRatis (XceiverServerRatis.java:start(417)) - Starting XceiverServerRatis 106fbfbb-a644-4362-b00c-94e4bf981000 at port 0
2019-10-03 06:20:09,356 [Datanode State Machine Thread - 0] INFO  impl.RaftServerProxy (RaftServerProxy.java:lambda$start$3(299)) - 106fbfbb-a644-4362-b00c-94e4bf981000: start RPC server
2019-10-03 06:20:09,357 [Datanode State Machine Thread - 0] INFO  server.GrpcService (GrpcService.java:startImpl(158)) - 106fbfbb-a644-4362-b00c-94e4bf981000: GrpcService started, listening on 0.0.0.0/0.0.0.0:46435
2019-10-03 06:20:09,357 [Datanode State Machine Thread - 0] INFO  ratis.XceiverServerRatis (XceiverServerRatis.java:start(427)) - XceiverServerRatis 106fbfbb-a644-4362-b00c-94e4bf981000 is started using port 46435
2019-10-03 06:20:09,357 [Datanode State Machine Thread - 0] INFO  server.XceiverServerGrpc (XceiverServerGrpc.java:start(149)) - XceiverServerGrpc 106fbfbb-a644-4362-b00c-94e4bf981000 is started using port 34549
2019-10-03 06:20:09,416 [Datanode State Machine Thread - 0] INFO  ozoneimpl.OzoneContainer (OzoneContainer.java:start(217)) - Attempting to start container services.
2019-10-03 06:20:09,416 [Datanode State Machine Thread - 0] INFO  ozoneimpl.OzoneContainer (OzoneContainer.java:startContainerScrub(179)) - Background container scanner has been disabled.
2019-10-03 06:20:09,416 [Datanode State Machine Thread - 0] INFO  ratis.XceiverServerRatis (XceiverServerRatis.java:start(417)) - Starting XceiverServerRatis 5bea3c7c-025d-47da-8b86-69a3d3ee378b at port 0
2019-10-03 06:20:09,426 [Datanode State Machine Thread - 0] INFO  impl.RaftServerProxy (RaftServerProxy.java:lambda$start$3(299)) - 5bea3c7c-025d-47da-8b86-69a3d3ee378b: start RPC server
2019-10-03 06:20:09,431 [Datanode State Machine Thread - 0] INFO  server.GrpcService (GrpcService.java:startImpl(158)) - 5bea3c7c-025d-47da-8b86-69a3d3ee378b: GrpcService started, listening on 0.0.0.0/0.0.0.0:35185
2019-10-03 06:20:09,431 [Datanode State Machine Thread - 0] INFO  ratis.XceiverServerRatis (XceiverServerRatis.java:start(427)) - XceiverServerRatis 5bea3c7c-025d-47da-8b86-69a3d3ee378b is started using port 35185
2019-10-03 06:20:09,432 [Datanode State Machine Thread - 0] INFO  server.XceiverServerGrpc (XceiverServerGrpc.java:start(149)) - XceiverServerGrpc 5bea3c7c-025d-47da-8b86-69a3d3ee378b is started using port 42191
2019-10-03 06:20:09,451 [main] INFO  ozone.MiniOzoneClusterImpl (MiniOzoneClusterImpl.java:lambda$waitForClusterToBeReady$0(147)) - Waiting for cluster to be ready. Got 0 of 7 DN Heartbeats.
2019-10-03 06:20:09,482 [Datanode State Machine Thread - 0] INFO  ozoneimpl.OzoneContainer (OzoneContainer.java:start(217)) - Attempting to start container services.
2019-10-03 06:20:09,483 [Datanode State Machine Thread - 0] INFO  ozoneimpl.OzoneContainer (OzoneContainer.java:startContainerScrub(179)) - Background container scanner has been disabled.
2019-10-03 06:20:09,483 [Datanode State Machine Thread - 0] INFO  ratis.XceiverServerRatis (XceiverServerRatis.java:start(417)) - Starting XceiverServerRatis 17815889-3159-4b7d-a729-9224ec661cb8 at port 0
2019-10-03 06:20:09,491 [Datanode State Machine Thread - 0] INFO  impl.RaftServerProxy (RaftServerProxy.java:lambda$start$3(299)) - 17815889-3159-4b7d-a729-9224ec661cb8: start RPC server
2019-10-03 06:20:09,492 [Datanode State Machine Thread - 0] INFO  server.GrpcService (GrpcService.java:startImpl(158)) - 17815889-3159-4b7d-a729-9224ec661cb8: GrpcService started, listening on 0.0.0.0/0.0.0.0:39539
2019-10-03 06:20:09,492 [Datanode State Machine Thread - 0] INFO  ratis.XceiverServerRatis (XceiverServerRatis.java:start(427)) - XceiverServerRatis 17815889-3159-4b7d-a729-9224ec661cb8 is started using port 39539
2019-10-03 06:20:09,492 [Datanode State Machine Thread - 0] INFO  server.XceiverServerGrpc (XceiverServerGrpc.java:start(149)) - XceiverServerGrpc 17815889-3159-4b7d-a729-9224ec661cb8 is started using port 37610
2019-10-03 06:20:10,452 [main] INFO  ozone.MiniOzoneClusterImpl (MiniOzoneClusterImpl.java:lambda$waitForClusterToBeReady$0(147)) - Waiting for cluster to be ready. Got 0 of 7 DN Heartbeats.
2019-10-03 06:20:11,056 [IPC Server handler 2 on 36857] INFO  net.NetworkTopology (NetworkTopologyImpl.java:add(111)) - Added a new node: /default-rack/7297699a-39c3-4e8b-825a-47c14ab22132
2019-10-03 06:20:11,059 [IPC Server handler 2 on 36857] INFO  node.SCMNodeManager (SCMNodeManager.java:register(266)) - Registered Data node : 7297699a-39c3-4e8b-825a-47c14ab22132{ip: 192.168.30.19, host: trunk-nightly-20191003-5492k-4029359510, networkLocation: /default-rack, certSerialId: null}
2019-10-03 06:20:11,060 [EventQueue-NodeRegistrationContainerReportForDataNodeSafeModeRule] INFO  safemode.SCMSafeModeManager (DataNodeSafeModeRule.java:process(71)) - SCM in safe mode. 1 DataNodes registered, 1 required.
2019-10-03 06:20:11,064 [EventQueue-NodeRegistrationContainerReportForDataNodeSafeModeRule] INFO  safemode.SCMSafeModeManager (SCMSafeModeManager.java:validateSafeModeExitRules(177)) - ScmSafeModeManager, all rules are successfully validated
2019-10-03 06:20:11,064 [EventQueue-NodeRegistrationContainerReportForDataNodeSafeModeRule] INFO  safemode.SCMSafeModeManager (SCMSafeModeManager.java:exitSafeMode(193)) - SCM exiting safe mode.
2019-10-03 06:20:11,079 [grpc-default-executor-6] INFO  impl.RaftServerProxy (RaftServerProxy.java:addNew(89)) - 7297699a-39c3-4e8b-825a-47c14ab22132: addNew group-B8706983D435:[7297699a-39c3-4e8b-825a-47c14ab22132:192.168.30.19:42157] returns group-B8706983D435:java.util.concurrent.CompletableFuture@ac75f48[Not completed]
2019-10-03 06:20:11,081 [pool-383-thread-1] INFO  impl.RaftServerImpl (RaftServerImpl.java:<init>(95)) - 7297699a-39c3-4e8b-825a-47c14ab22132: new RaftServerImpl for group-B8706983D435:[7297699a-39c3-4e8b-825a-47c14ab22132:192.168.30.19:42157] with ContainerStateMachine:uninitialized
2019-10-03 06:20:11,082 [pool-383-thread-1] INFO  server.RaftServerConfigKeys (ConfUtils.java:logGet(43)) - raft.server.rpc.timeout.min = 5s (custom)
2019-10-03 06:20:11,082 [pool-383-thread-1] INFO  server.RaftServerConfigKeys (ConfUtils.java:logGet(43)) - raft.server.rpc.timeout.max = 5200ms (custom)
2019-10-03 06:20:11,082 [pool-383-thread-1] INFO  server.RaftServerConfigKeys (ConfUtils.java:logGet(43)) - raft.server.rpcslowness.timeout = 120s (custom)
2019-10-03 06:20:11,082 [pool-383-thread-1] INFO  server.RaftServerConfigKeys (ConfUtils.java:logGet(43)) - raft.server.sleep.deviation.threshold = 300 (default)
2019-10-03 06:20:11,082 [pool-383-thread-1] INFO  server.RaftServerConfigKeys (ConfUtils.java:logGet(43)) - raft.server.log.appender.install.snapshot.enabled = false (custom)
2019-10-03 06:20:11,082 [pool-383-thread-1] INFO  impl.RaftServerImpl (ServerState.java:<init>(103)) - 7297699a-39c3-4e8b-825a-47c14ab22132@group-B8706983D435: ConfigurationManager, init=-1: [7297699a-39c3-4e8b-825a-47c14ab22132:192.168.30.19:42157], old=null, confs=<EMPTY_MAP>
2019-10-03 06:20:11,082 [pool-383-thread-1] INFO  server.RaftServerConfigKeys (ConfUtils.java:logGet(43)) - raft.server.storage.dir = [/workdir/hadoop-ozone/integration-test/target/test-dir/MiniOzoneClusterImpl-e2c67281-891d-480f-94b5-858598808fca/datanode-0/data/ratis] (custom)
2019-10-03 06:20:11,083 [pool-383-thread-1] INFO  server.RaftServerConfigKeys (ConfUtils.java:logGet(43)) - raft.server.log.corruption.policy = EXCEPTION (default)
2019-10-03 06:20:11,083 [pool-383-thread-1] INFO  storage.RaftStorageDirectory (RaftStorageDirectory.java:analyzeStorage(246)) - The storage directory /workdir/hadoop-ozone/integration-test/target/test-dir/MiniOzoneClusterImpl-e2c67281-891d-480f-94b5-858598808fca/datanode-0/data/ratis/09af02a4-178b-4263-80cc-b8706983d435 does not exist. Creating ...
2019-10-03 06:20:11,108 [pool-383-thread-1] INFO  storage.RaftStorageDirectory (RaftStorageDirectory.java:tryLock(328)) - Lock on /workdir/hadoop-ozone/integration-test/target/test-dir/MiniOzoneClusterImpl-e2c67281-891d-480f-94b5-858598808fca/datanode-0/data/ratis/09af02a4-178b-4263-80cc-b8706983d435/in_use.lock acquired by nodename 6471@trunk-nightly-20191003-5492k-4029359510
2019-10-03 06:20:11,127 [IPC Server handler 0 on 36857] INFO  net.NetworkTopology (NetworkTopologyImpl.java:add(111)) - Added a new node: /default-rack/4c8ddee0-ae82-41b2-88a7-be14da5056d5
2019-10-03 06:20:11,127 [IPC Server handler 0 on 36857] INFO  node.SCMNodeManager (SCMNodeManager.java:register(266)) - Registered Data node : 4c8ddee0-ae82-41b2-88a7-be14da5056d5{ip: 192.168.30.19, host: trunk-nightly-20191003-5492k-4029359510, networkLocation: /default-rack, certSerialId: null}
2019-10-03 06:20:11,130 [pool-383-thread-1] INFO  storage.RaftStorage (RaftStorage.java:format(84)) - Storage directory /workdir/hadoop-ozone/integration-test/target/test-dir/MiniOzoneClusterImpl-e2c67281-891d-480f-94b5-858598808fca/datanode-0/data/ratis/09af02a4-178b-4263-80cc-b8706983d435 has been successfully formatted.
2019-10-03 06:20:11,130 [pool-383-thread-1] INFO  ratis.ContainerStateMachine (ContainerStateMachine.java:loadSnapshot(230)) - group-B8706983D435: The snapshot info is null. Setting the last applied indexto:(t:0, i:~)
2019-10-03 06:20:11,131 [pool-383-thread-1] INFO  server.RaftServerConfigKeys (ConfUtils.java:logGet(43)) - raft.server.notification.no-leader.timeout = 120s (custom)
2019-10-03 06:20:11,131 [pool-383-thread-1] INFO  server.RaftServerConfigKeys (ConfUtils.java:logGet(43)) - raft.server.log.use.memory = false (default)
2019-10-03 06:20:11,131 [pool-383-thread-1] INFO  server.RaftServerConfigKeys (ConfUtils.java:logGet(43)) - raft.server.log.purge.gap = 1000000 (custom)
2019-10-03 06:20:11,131 [pool-383-thread-1] INFO  server.RaftServerConfigKeys (ConfUtils.java:logGet(43)) - raft.server.log.appender.buffer.byte-limit = 33554432 (custom)
2019-10-03 06:20:11,131 [pool-383-thread-1] INFO  server.RaftServerConfigKeys (ConfUtils.java:logGet(43)) - raft.server.log.segment.size.max = 1048576 (custom)
2019-10-03 06:20:11,133 [pool-383-thread-1] INFO  server.RaftServerConfigKeys (ConfUtils.java:logGet(43)) - raft.server.log.segment.cache.num.max = 2 (custom)
2019-10-03 06:20:11,133 [pool-383-thread-1] INFO  segmented.SegmentedRaftLogWorker (SegmentedRaftLogWorker.java:<init>(173)) - new 7297699a-39c3-4e8b-825a-47c14ab22132@group-B8706983D435-SegmentedRaftLogWorker for RaftStorage:Storage Directory /workdir/hadoop-ozone/integration-test/target/test-dir/MiniOzoneClusterImpl-e2c67281-891d-480f-94b5-858598808fca/datanode-0/data/ratis/09af02a4-178b-4263-80cc-b8706983d435
2019-10-03 06:20:11,133 [pool-383-thread-1] INFO  server.RaftServerConfigKeys (ConfUtils.java:logGet(43)) - raft.server.log.queue.byte-limit = 2147483647 (custom)
2019-10-03 06:20:11,133 [pool-383-thread-1] INFO  server.RaftServerConfigKeys (ConfUtils.java:logGet(43)) - raft.server.log.queue.element-limit = 1024 (custom)
2019-10-03 06:20:11,134 [pool-383-thread-1] INFO  server.RaftServerConfigKeys (ConfUtils.java:logGet(43)) - raft.server.log.segment.size.max = 1048576 (custom)
2019-10-03 06:20:11,134 [pool-383-thread-1] INFO  server.RaftServerConfigKeys (ConfUtils.java:logGet(43)) - raft.server.log.preallocated.size = 16384 (custom)
2019-10-03 06:20:11,134 [pool-383-thread-1] INFO  server.RaftServerConfigKeys (ConfUtils.java:logGet(43)) - raft.server.log.write.buffer.size = 33554432 (custom)
2019-10-03 06:20:11,134 [pool-383-thread-1] INFO  server.RaftServerConfigKeys (ConfUtils.java:logGet(43)) - raft.server.log.force.sync.num = 128 (default)
2019-10-03 06:20:11,134 [pool-383-thread-1] INFO  server.RaftServerConfigKeys (ConfUtils.java:logGet(43)) - raft.server.log.statemachine.data.sync = true (default)
2019-10-03 06:20:11,134 [pool-383-thread-1] INFO  server.RaftServerConfigKeys (ConfUtils.java:logGet(43)) - raft.server.log.statemachine.data.sync.timeout = 10s (default)
2019-10-03 06:20:11,134 [pool-383-thread-1] INFO  server.RaftServerConfigKeys (ConfUtils.java:logGet(43)) - raft.server.log.statemachine.data.sync.timeout.retry = -1 (default)
2019-10-03 06:20:11,134 [pool-383-thread-1] INFO  server.RaftServerConfigKeys (ConfUtils.java:logGet(43)) - raft.server.log.statemachine.data.caching.enabled = true (custom)
2019-10-03 06:20:11,135 [pool-383-thread-1] INFO  segmented.SegmentedRaftLogWorker (SegmentedRaftLogWorker.java:lambda$new$0(128)) - 7297699a-39c3-4e8b-825a-47c14ab22132@group-B8706983D435-SegmentedRaftLogWorker: flushIndex: setUnconditionally 0 -> -1
2019-10-03 06:20:11,135 [pool-383-thread-1] INFO  server.RaftServerConfigKeys (ConfUtils.java:logGet(43)) - raft.server.snapshot.auto.trigger.enabled = true (custom)
2019-10-03 06:20:11,135 [pool-383-thread-1] INFO  server.RaftServerConfigKeys (ConfUtils.java:logGet(43)) - raft.server.snapshot.auto.trigger.threshold = 10000 (custom)
2019-10-03 06:20:11,135 [pool-383-thread-1] INFO  server.RaftServerConfigKeys (ConfUtils.java:logGet(43)) - raft.server.snapshot.retention.file.num = 5 (custom)
2019-10-03 06:20:11,135 [pool-383-thread-1] INFO  server.RaftServerConfigKeys (ConfUtils.java:logGet(43)) - raft.server.retrycache.expirytime = 600000ms (custom)
2019-10-03 06:20:11,137 [pool-383-thread-1] INFO  impl.RaftServerImpl (RaftServerImpl.java:start(181)) - 7297699a-39c3-4e8b-825a-47c14ab22132@group-B8706983D435: start as a follower, conf=-1: [7297699a-39c3-4e8b-825a-47c14ab22132:192.168.30.19:42157], old=null
2019-10-03 06:20:11,137 [pool-383-thread-1] INFO  impl.RaftServerImpl (RaftServerImpl.java:setRole(170)) - 7297699a-39c3-4e8b-825a-47c14ab22132@group-B8706983D435: changes role from      null to FOLLOWER at term 0 for startAsFollower
2019-10-03 06:20:11,137 [pool-383-thread-1] INFO  impl.RoleInfo (RoleInfo.java:updateAndGet(143)) - 7297699a-39c3-4e8b-825a-47c14ab22132: start FollowerState
2019-10-03 06:20:11,137 [pool-383-thread-1] INFO  util.JmxRegister (JmxRegister.java:tryRegister(44)) - Successfully registered JMX Bean with object name Ratis:service=RaftServer,group=group-B8706983D435,id=7297699a-39c3-4e8b-825a-47c14ab22132
2019-10-03 06:20:11,142 [RatisPipelineUtilsThread] INFO  pipeline.PipelineStateManager (PipelineStateManager.java:addPipeline(56)) - Created pipeline Pipeline[ Id: 09af02a4-178b-4263-80cc-b8706983d435, Nodes: 7297699a-39c3-4e8b-825a-47c14ab22132{ip: 192.168.30.19, host: trunk-nightly-20191003-5492k-4029359510, networkLocation: /default-rack, certSerialId: null}, Type:RATIS, Factor:ONE, State:OPEN]
2019-10-03 06:20:11,148 [grpc-default-executor-6] INFO  impl.RaftServerProxy (RaftServerProxy.java:addNew(89)) - 4c8ddee0-ae82-41b2-88a7-be14da5056d5: addNew group-BD736C051F38:[4c8ddee0-ae82-41b2-88a7-be14da5056d5:192.168.30.19:42148] returns group-BD736C051F38:java.util.concurrent.CompletableFuture@261162e2[Not completed]
2019-10-03 06:20:11,150 [pool-393-thread-1] INFO  impl.RaftServerImpl (RaftServerImpl.java:<init>(95)) - 4c8ddee0-ae82-41b2-88a7-be14da5056d5: new RaftServerImpl for group-BD736C051F38:[4c8ddee0-ae82-41b2-88a7-be14da5056d5:192.168.30.19:42148] with ContainerStateMachine:uninitialized
2019-10-03 06:20:11,150 [pool-393-thread-1] INFO  server.RaftServerConfigKeys (ConfUtils.java:logGet(43)) - raft.server.rpc.timeout.min = 5s (custom)
2019-10-03 06:20:11,150 [pool-393-thread-1] INFO  server.RaftServerConfigKeys (ConfUtils.java:logGet(43)) - raft.server.rpc.timeout.max = 5200ms (custom)
2019-10-03 06:20:11,150 [pool-393-thread-1] INFO  server.RaftServerConfigKeys (ConfUtils.java:logGet(43)) - raft.server.rpcslowness.timeout = 120s (custom)
2019-10-03 06:20:11,150 [pool-393-thread-1] INFO  server.RaftServerConfigKeys (ConfUtils.java:logGet(43)) - raft.server.sleep.deviation.threshold = 300 (default)
2019-10-03 06:20:11,151 [pool-393-thread-1] INFO  server.RaftServerConfigKeys (ConfUtils.java:logGet(43)) - raft.server.log.appender.install.snapshot.enabled = false (custom)
2019-10-03 06:20:11,151 [pool-393-thread-1] INFO  impl.RaftServerImpl (ServerState.java:<init>(103)) - 4c8ddee0-ae82-41b2-88a7-be14da5056d5@group-BD736C051F38: ConfigurationManager, init=-1: [4c8ddee0-ae82-41b2-88a7-be14da5056d5:192.168.30.19:42148], old=null, confs=<EMPTY_MAP>
2019-10-03 06:20:11,151 [pool-393-thread-1] INFO  server.RaftServerConfigKeys (ConfUtils.java:logGet(43)) - raft.server.storage.dir = [/workdir/hadoop-ozone/integration-test/target/test-dir/MiniOzoneClusterImpl-e2c67281-891d-480f-94b5-858598808fca/datanode-1/data/ratis] (custom)
2019-10-03 06:20:11,151 [pool-393-thread-1] INFO  server.RaftServerConfigKeys (ConfUtils.java:logGet(43)) - raft.server.log.corruption.policy = EXCEPTION (default)
2019-10-03 06:20:11,151 [pool-393-thread-1] INFO  storage.RaftStorageDirectory (RaftStorageDirectory.java:analyzeStorage(246)) - The storage directory /workdir/hadoop-ozone/integration-test/target/test-dir/MiniOzoneClusterImpl-e2c67281-891d-480f-94b5-858598808fca/datanode-1/data/ratis/3ceeac6b-853e-4daa-851a-bd736c051f38 does not exist. Creating ...
2019-10-03 06:20:11,176 [pool-393-thread-1] INFO  storage.RaftStorageDirectory (RaftStorageDirectory.java:tryLock(328)) - Lock on /workdir/hadoop-ozone/integration-test/target/test-dir/MiniOzoneClusterImpl-e2c67281-891d-480f-94b5-858598808fca/datanode-1/data/ratis/3ceeac6b-853e-4daa-851a-bd736c051f38/in_use.lock acquired by nodename 6471@trunk-nightly-20191003-5492k-4029359510
2019-10-03 06:20:11,191 [IPC Server handler 3 on 36857] INFO  net.NetworkTopology (NetworkTopologyImpl.java:add(111)) - Added a new node: /default-rack/10d765e6-1fa6-409c-a70f-26270a366817
2019-10-03 06:20:11,192 [IPC Server handler 3 on 36857] INFO  node.SCMNodeManager (SCMNodeManager.java:register(266)) - Registered Data node : 10d765e6-1fa6-409c-a70f-26270a366817{ip: 192.168.30.19, host: trunk-nightly-20191003-5492k-4029359510, networkLocation: /default-rack, certSerialId: null}
2019-10-03 06:20:11,200 [pool-393-thread-1] INFO  storage.RaftStorage (RaftStorage.java:format(84)) - Storage directory /workdir/hadoop-ozone/integration-test/target/test-dir/MiniOzoneClusterImpl-e2c67281-891d-480f-94b5-858598808fca/datanode-1/data/ratis/3ceeac6b-853e-4daa-851a-bd736c051f38 has been successfully formatted.
2019-10-03 06:20:11,200 [pool-393-thread-1] INFO  ratis.ContainerStateMachine (ContainerStateMachine.java:loadSnapshot(230)) - group-BD736C051F38: The snapshot info is null. Setting the last applied indexto:(t:0, i:~)
2019-10-03 06:20:11,201 [pool-393-thread-1] INFO  server.RaftServerConfigKeys (ConfUtils.java:logGet(43)) - raft.server.notification.no-leader.timeout = 120s (custom)
2019-10-03 06:20:11,201 [pool-393-thread-1] INFO  server.RaftServerConfigKeys (ConfUtils.java:logGet(43)) - raft.server.log.use.memory = false (default)
2019-10-03 06:20:11,201 [pool-393-thread-1] INFO  server.RaftServerConfigKeys (ConfUtils.java:logGet(43)) - raft.server.log.purge.gap = 1000000 (custom)
2019-10-03 06:20:11,201 [pool-393-thread-1] INFO  server.RaftServerConfigKeys (ConfUtils.java:logGet(43)) - raft.server.log.appender.buffer.byte-limit = 33554432 (custom)
2019-10-03 06:20:11,201 [pool-393-thread-1] INFO  server.RaftServerConfigKeys (ConfUtils.java:logGet(43)) - raft.server.log.segment.size.max = 1048576 (custom)
2019-10-03 06:20:11,204 [pool-393-thread-1] INFO  server.RaftServerConfigKeys (ConfUtils.java:logGet(43)) - raft.server.log.segment.cache.num.max = 2 (custom)
2019-10-03 06:20:11,204 [pool-393-thread-1] INFO  segmented.SegmentedRaftLogWorker (SegmentedRaftLogWorker.java:<init>(173)) - new 4c8ddee0-ae82-41b2-88a7-be14da5056d5@group-BD736C051F38-SegmentedRaftLogWorker for RaftStorage:Storage Directory /workdir/hadoop-ozone/integration-test/target/test-dir/MiniOzoneClusterImpl-e2c67281-891d-480f-94b5-858598808fca/datanode-1/data/ratis/3ceeac6b-853e-4daa-851a-bd736c051f38
2019-10-03 06:20:11,204 [pool-393-thread-1] INFO  server.RaftServerConfigKeys (ConfUtils.java:logGet(43)) - raft.server.log.queue.byte-limit = 2147483647 (custom)
2019-10-03 06:20:11,204 [pool-393-thread-1] INFO  server.RaftServerConfigKeys (ConfUtils.java:logGet(43)) - raft.server.log.queue.element-limit = 1024 (custom)
2019-10-03 06:20:11,204 [pool-393-thread-1] INFO  server.RaftServerConfigKeys (ConfUtils.java:logGet(43)) - raft.server.log.segment.size.max = 1048576 (custom)
2019-10-03 06:20:11,205 [pool-393-thread-1] INFO  server.RaftServerConfigKeys (ConfUtils.java:logGet(43)) - raft.server.log.preallocated.size = 16384 (custom)
2019-10-03 06:20:11,205 [pool-393-thread-1] INFO  server.RaftServerConfigKeys (ConfUtils.java:logGet(43)) - raft.server.log.write.buffer.size = 33554432 (custom)
2019-10-03 06:20:11,205 [pool-393-thread-1] INFO  server.RaftServerConfigKeys (ConfUtils.java:logGet(43)) - raft.server.log.force.sync.num = 128 (default)
2019-10-03 06:20:11,205 [pool-393-thread-1] INFO  server.RaftServerConfigKeys (ConfUtils.java:logGet(43)) - raft.server.log.statemachine.data.sync = true (default)
2019-10-03 06:20:11,205 [pool-393-thread-1] INFO  server.RaftServerConfigKeys (ConfUtils.java:logGet(43)) - raft.server.log.statemachine.data.sync.timeout = 10s (default)
2019-10-03 06:20:11,205 [pool-393-thread-1] INFO  server.RaftServerConfigKeys (ConfUtils.java:logGet(43)) - raft.server.log.statemachine.data.sync.timeout.retry = -1 (default)
2019-10-03 06:20:11,206 [pool-393-thread-1] INFO  server.RaftServerConfigKeys (ConfUtils.java:logGet(43)) - raft.server.log.statemachine.data.caching.enabled = true (custom)
2019-10-03 06:20:11,206 [pool-393-thread-1] INFO  segmented.SegmentedRaftLogWorker (SegmentedRaftLogWorker.java:lambda$new$0(128)) - 4c8ddee0-ae82-41b2-88a7-be14da5056d5@group-BD736C051F38-SegmentedRaftLogWorker: flushIndex: setUnconditionally 0 -> -1
2019-10-03 06:20:11,207 [pool-393-thread-1] INFO  server.RaftServerConfigKeys (ConfUtils.java:logGet(43)) - raft.server.snapshot.auto.trigger.enabled = true (custom)
2019-10-03 06:20:11,207 [pool-393-thread-1] INFO  server.RaftServerConfigKeys (ConfUtils.java:logGet(43)) - raft.server.snapshot.auto.trigger.threshold = 10000 (custom)
2019-10-03 06:20:11,207 [pool-393-thread-1] INFO  server.RaftServerConfigKeys (ConfUtils.java:logGet(43)) - raft.server.snapshot.retention.file.num = 5 (custom)
2019-10-03 06:20:11,207 [pool-393-thread-1] INFO  server.RaftServerConfigKeys (ConfUtils.java:logGet(43)) - raft.server.retrycache.expirytime = 600000ms (custom)
2019-10-03 06:20:11,209 [pool-393-thread-1] INFO  impl.RaftServerImpl (RaftServerImpl.java:start(181)) - 4c8ddee0-ae82-41b2-88a7-be14da5056d5@group-BD736C051F38: start as a follower, conf=-1: [4c8ddee0-ae82-41b2-88a7-be14da5056d5:192.168.30.19:42148], old=null
2019-10-03 06:20:11,209 [pool-393-thread-1] INFO  impl.RaftServerImpl (RaftServerImpl.java:setRole(170)) - 4c8ddee0-ae82-41b2-88a7-be14da5056d5@group-BD736C051F38: changes role from      null to FOLLOWER at term 0 for startAsFollower
2019-10-03 06:20:11,209 [pool-393-thread-1] INFO  impl.RoleInfo (RoleInfo.java:updateAndGet(143)) - 4c8ddee0-ae82-41b2-88a7-be14da5056d5: start FollowerState
2019-10-03 06:20:11,209 [pool-393-thread-1] INFO  util.JmxRegister (JmxRegister.java:tryRegister(44)) - Successfully registered JMX Bean with object name Ratis:service=RaftServer,group=group-BD736C051F38,id=4c8ddee0-ae82-41b2-88a7-be14da5056d5
2019-10-03 06:20:11,212 [RatisPipelineUtilsThread] INFO  pipeline.PipelineStateManager (PipelineStateManager.java:addPipeline(56)) - Created pipeline Pipeline[ Id: 3ceeac6b-853e-4daa-851a-bd736c051f38, Nodes: 4c8ddee0-ae82-41b2-88a7-be14da5056d5{ip: 192.168.30.19, host: trunk-nightly-20191003-5492k-4029359510, networkLocation: /default-rack, certSerialId: null}, Type:RATIS, Factor:ONE, State:OPEN]
2019-10-03 06:20:11,235 [grpc-default-executor-6] INFO  impl.RaftServerProxy (RaftServerProxy.java:addNew(89)) - 10d765e6-1fa6-409c-a70f-26270a366817: addNew group-067DE93FB023:[10d765e6-1fa6-409c-a70f-26270a366817:192.168.30.19:36940] returns group-067DE93FB023:java.util.concurrent.CompletableFuture@2f3a0c49[Not completed]
2019-10-03 06:20:11,237 [pool-403-thread-1] INFO  impl.RaftServerImpl (RaftServerImpl.java:<init>(95)) - 10d765e6-1fa6-409c-a70f-26270a366817: new RaftServerImpl for group-067DE93FB023:[10d765e6-1fa6-409c-a70f-26270a366817:192.168.30.19:36940] with ContainerStateMachine:uninitialized
2019-10-03 06:20:11,237 [pool-403-thread-1] INFO  server.RaftServerConfigKeys (ConfUtils.java:logGet(43)) - raft.server.rpc.timeout.min = 5s (custom)
2019-10-03 06:20:11,237 [pool-403-thread-1] INFO  server.RaftServerConfigKeys (ConfUtils.java:logGet(43)) - raft.server.rpc.timeout.max = 5200ms (custom)
2019-10-03 06:20:11,237 [pool-403-thread-1] INFO  server.RaftServerConfigKeys (ConfUtils.java:logGet(43)) - raft.server.rpcslowness.timeout = 120s (custom)
2019-10-03 06:20:11,237 [pool-403-thread-1] INFO  server.RaftServerConfigKeys (ConfUtils.java:logGet(43)) - raft.server.sleep.deviation.threshold = 300 (default)
2019-10-03 06:20:11,237 [pool-403-thread-1] INFO  server.RaftServerConfigKeys (ConfUtils.java:logGet(43)) - raft.server.log.appender.install.snapshot.enabled = false (custom)
2019-10-03 06:20:11,237 [pool-403-thread-1] INFO  impl.RaftServerImpl (ServerState.java:<init>(103)) - 10d765e6-1fa6-409c-a70f-26270a366817@group-067DE93FB023: ConfigurationManager, init=-1: [10d765e6-1fa6-409c-a70f-26270a366817:192.168.30.19:36940], old=null, confs=<EMPTY_MAP>
2019-10-03 06:20:11,238 [pool-403-thread-1] INFO  server.RaftServerConfigKeys (ConfUtils.java:logGet(43)) - raft.server.storage.dir = [/workdir/hadoop-ozone/integration-test/target/test-dir/MiniOzoneClusterImpl-e2c67281-891d-480f-94b5-858598808fca/datanode-2/data/ratis] (custom)
2019-10-03 06:20:11,238 [pool-403-thread-1] INFO  server.RaftServerConfigKeys (ConfUtils.java:logGet(43)) - raft.server.log.corruption.policy = EXCEPTION (default)
2019-10-03 06:20:11,238 [pool-403-thread-1] INFO  storage.RaftStorageDirectory (RaftStorageDirectory.java:analyzeStorage(246)) - The storage directory /workdir/hadoop-ozone/integration-test/target/test-dir/MiniOzoneClusterImpl-e2c67281-891d-480f-94b5-858598808fca/datanode-2/data/ratis/685ad4ab-7fcb-4552-bdda-067de93fb023 does not exist. Creating ...
2019-10-03 06:20:11,255 [IPC Server handler 1 on 36857] INFO  net.NetworkTopology (NetworkTopologyImpl.java:add(111)) - Added a new node: /default-rack/a641a122-e0ac-418f-8267-327e6230a1cd
2019-10-03 06:20:11,255 [IPC Server handler 1 on 36857] INFO  node.SCMNodeManager (SCMNodeManager.java:register(266)) - Registered Data node : a641a122-e0ac-418f-8267-327e6230a1cd{ip: 192.168.30.19, host: trunk-nightly-20191003-5492k-4029359510, networkLocation: /default-rack, certSerialId: null}
2019-10-03 06:20:11,288 [pool-403-thread-1] INFO  storage.RaftStorageDirectory (RaftStorageDirectory.java:tryLock(328)) - Lock on /workdir/hadoop-ozone/integration-test/target/test-dir/MiniOzoneClusterImpl-e2c67281-891d-480f-94b5-858598808fca/datanode-2/data/ratis/685ad4ab-7fcb-4552-bdda-067de93fb023/in_use.lock acquired by nodename 6471@trunk-nightly-20191003-5492k-4029359510
2019-10-03 06:20:11,303 [pool-403-thread-1] INFO  storage.RaftStorage (RaftStorage.java:format(84)) - Storage directory /workdir/hadoop-ozone/integration-test/target/test-dir/MiniOzoneClusterImpl-e2c67281-891d-480f-94b5-858598808fca/datanode-2/data/ratis/685ad4ab-7fcb-4552-bdda-067de93fb023 has been successfully formatted.
2019-10-03 06:20:11,304 [pool-403-thread-1] INFO  ratis.ContainerStateMachine (ContainerStateMachine.java:loadSnapshot(230)) - group-067DE93FB023: The snapshot info is null. Setting the last applied indexto:(t:0, i:~)
2019-10-03 06:20:11,304 [pool-403-thread-1] INFO  server.RaftServerConfigKeys (ConfUtils.java:logGet(43)) - raft.server.notification.no-leader.timeout = 120s (custom)
2019-10-03 06:20:11,304 [pool-403-thread-1] INFO  server.RaftServerConfigKeys (ConfUtils.java:logGet(43)) - raft.server.log.use.memory = false (default)
2019-10-03 06:20:11,304 [pool-403-thread-1] INFO  server.RaftServerConfigKeys (ConfUtils.java:logGet(43)) - raft.server.log.purge.gap = 1000000 (custom)
2019-10-03 06:20:11,305 [pool-403-thread-1] INFO  server.RaftServerConfigKeys (ConfUtils.java:logGet(43)) - raft.server.log.appender.buffer.byte-limit = 33554432 (custom)
2019-10-03 06:20:11,305 [pool-403-thread-1] INFO  server.RaftServerConfigKeys (ConfUtils.java:logGet(43)) - raft.server.log.segment.size.max = 1048576 (custom)
2019-10-03 06:20:11,307 [pool-403-thread-1] INFO  server.RaftServerConfigKeys (ConfUtils.java:logGet(43)) - raft.server.log.segment.cache.num.max = 2 (custom)
2019-10-03 06:20:11,307 [pool-403-thread-1] INFO  segmented.SegmentedRaftLogWorker (SegmentedRaftLogWorker.java:<init>(173)) - new 10d765e6-1fa6-409c-a70f-26270a366817@group-067DE93FB023-SegmentedRaftLogWorker for RaftStorage:Storage Directory /workdir/hadoop-ozone/integration-test/target/test-dir/MiniOzoneClusterImpl-e2c67281-891d-480f-94b5-858598808fca/datanode-2/data/ratis/685ad4ab-7fcb-4552-bdda-067de93fb023
2019-10-03 06:20:11,307 [pool-403-thread-1] INFO  server.RaftServerConfigKeys (ConfUtils.java:logGet(43)) - raft.server.log.queue.byte-limit = 2147483647 (custom)
2019-10-03 06:20:11,307 [pool-403-thread-1] INFO  server.RaftServerConfigKeys (ConfUtils.java:logGet(43)) - raft.server.log.queue.element-limit = 1024 (custom)
2019-10-03 06:20:11,307 [pool-403-thread-1] INFO  server.RaftServerConfigKeys (ConfUtils.java:logGet(43)) - raft.server.log.segment.size.max = 1048576 (custom)
2019-10-03 06:20:11,307 [pool-403-thread-1] INFO  server.RaftServerConfigKeys (ConfUtils.java:logGet(43)) - raft.server.log.preallocated.size = 16384 (custom)
2019-10-03 06:20:11,307 [pool-403-thread-1] INFO  server.RaftServerConfigKeys (ConfUtils.java:logGet(43)) - raft.server.log.write.buffer.size = 33554432 (custom)
2019-10-03 06:20:11,308 [pool-403-thread-1] INFO  server.RaftServerConfigKeys (ConfUtils.java:logGet(43)) - raft.server.log.force.sync.num = 128 (default)
2019-10-03 06:20:11,308 [pool-403-thread-1] INFO  server.RaftServerConfigKeys (ConfUtils.java:logGet(43)) - raft.server.log.statemachine.data.sync = true (default)
2019-10-03 06:20:11,308 [pool-403-thread-1] INFO  server.RaftServerConfigKeys (ConfUtils.java:logGet(43)) - raft.server.log.statemachine.data.sync.timeout = 10s (default)
2019-10-03 06:20:11,308 [pool-403-thread-1] INFO  server.RaftServerConfigKeys (ConfUtils.java:logGet(43)) - raft.server.log.statemachine.data.sync.timeout.retry = -1 (default)
2019-10-03 06:20:11,308 [pool-403-thread-1] INFO  server.RaftServerConfigKeys (ConfUtils.java:logGet(43)) - raft.server.log.statemachine.data.caching.enabled = true (custom)
2019-10-03 06:20:11,309 [pool-403-thread-1] INFO  segmented.SegmentedRaftLogWorker (SegmentedRaftLogWorker.java:lambda$new$0(128)) - 10d765e6-1fa6-409c-a70f-26270a366817@group-067DE93FB023-SegmentedRaftLogWorker: flushIndex: setUnconditionally 0 -> -1
2019-10-03 06:20:11,309 [pool-403-thread-1] INFO  server.RaftServerConfigKeys (ConfUtils.java:logGet(43)) - raft.server.snapshot.auto.trigger.enabled = true (custom)
2019-10-03 06:20:11,309 [pool-403-thread-1] INFO  server.RaftServerConfigKeys (ConfUtils.java:logGet(43)) - raft.server.snapshot.auto.trigger.threshold = 10000 (custom)
2019-10-03 06:20:11,309 [pool-403-thread-1] INFO  server.RaftServerConfigKeys (ConfUtils.java:logGet(43)) - raft.server.snapshot.retention.file.num = 5 (custom)
2019-10-03 06:20:11,310 [pool-403-thread-1] INFO  server.RaftServerConfigKeys (ConfUtils.java:logGet(43)) - raft.server.retrycache.expirytime = 600000ms (custom)
2019-10-03 06:20:11,311 [pool-403-thread-1] INFO  impl.RaftServerImpl (RaftServerImpl.java:start(181)) - 10d765e6-1fa6-409c-a70f-26270a366817@group-067DE93FB023: start as a follower, conf=-1: [10d765e6-1fa6-409c-a70f-26270a366817:192.168.30.19:36940], old=null
2019-10-03 06:20:11,312 [pool-403-thread-1] INFO  impl.RaftServerImpl (RaftServerImpl.java:setRole(170)) - 10d765e6-1fa6-409c-a70f-26270a366817@group-067DE93FB023: changes role from      null to FOLLOWER at term 0 for startAsFollower
2019-10-03 06:20:11,312 [pool-403-thread-1] INFO  impl.RoleInfo (RoleInfo.java:updateAndGet(143)) - 10d765e6-1fa6-409c-a70f-26270a366817: start FollowerState
2019-10-03 06:20:11,312 [pool-403-thread-1] INFO  util.JmxRegister (JmxRegister.java:tryRegister(44)) - Successfully registered JMX Bean with object name Ratis:service=RaftServer,group=group-067DE93FB023,id=10d765e6-1fa6-409c-a70f-26270a366817
2019-10-03 06:20:11,316 [RatisPipelineUtilsThread] INFO  pipeline.PipelineStateManager (PipelineStateManager.java:addPipeline(56)) - Created pipeline Pipeline[ Id: 685ad4ab-7fcb-4552-bdda-067de93fb023, Nodes: 10d765e6-1fa6-409c-a70f-26270a366817{ip: 192.168.30.19, host: trunk-nightly-20191003-5492k-4029359510, networkLocation: /default-rack, certSerialId: null}, Type:RATIS, Factor:ONE, State:OPEN]
2019-10-03 06:20:11,322 [IPC Server handler 4 on 36857] INFO  net.NetworkTopology (NetworkTopologyImpl.java:add(111)) - Added a new node: /default-rack/106fbfbb-a644-4362-b00c-94e4bf981000
2019-10-03 06:20:11,322 [IPC Server handler 4 on 36857] INFO  node.SCMNodeManager (SCMNodeManager.java:register(266)) - Registered Data node : 106fbfbb-a644-4362-b00c-94e4bf981000{ip: 192.168.30.19, host: trunk-nightly-20191003-5492k-4029359510, networkLocation: /default-rack, certSerialId: null}
2019-10-03 06:20:11,326 [grpc-default-executor-6] INFO  impl.RaftServerProxy (RaftServerProxy.java:addNew(89)) - a641a122-e0ac-418f-8267-327e6230a1cd: addNew group-34AA7F9174EA:[a641a122-e0ac-418f-8267-327e6230a1cd:192.168.30.19:37993] returns group-34AA7F9174EA:java.util.concurrent.CompletableFuture@2f1d980c[Not completed]
2019-10-03 06:20:11,327 [pool-413-thread-1] INFO  impl.RaftServerImpl (RaftServerImpl.java:<init>(95)) - a641a122-e0ac-418f-8267-327e6230a1cd: new RaftServerImpl for group-34AA7F9174EA:[a641a122-e0ac-418f-8267-327e6230a1cd:192.168.30.19:37993] with ContainerStateMachine:uninitialized
2019-10-03 06:20:11,327 [pool-413-thread-1] INFO  server.RaftServerConfigKeys (ConfUtils.java:logGet(43)) - raft.server.rpc.timeout.min = 5s (custom)
2019-10-03 06:20:11,327 [pool-413-thread-1] INFO  server.RaftServerConfigKeys (ConfUtils.java:logGet(43)) - raft.server.rpc.timeout.max = 5200ms (custom)
2019-10-03 06:20:11,327 [pool-413-thread-1] INFO  server.RaftServerConfigKeys (ConfUtils.java:logGet(43)) - raft.server.rpcslowness.timeout = 120s (custom)
2019-10-03 06:20:11,327 [pool-413-thread-1] INFO  server.RaftServerConfigKeys (ConfUtils.java:logGet(43)) - raft.server.sleep.deviation.threshold = 300 (default)
2019-10-03 06:20:11,328 [pool-413-thread-1] INFO  server.RaftServerConfigKeys (ConfUtils.java:logGet(43)) - raft.server.log.appender.install.snapshot.enabled = false (custom)
2019-10-03 06:20:11,328 [pool-413-thread-1] INFO  impl.RaftServerImpl (ServerState.java:<init>(103)) - a641a122-e0ac-418f-8267-327e6230a1cd@group-34AA7F9174EA: ConfigurationManager, init=-1: [a641a122-e0ac-418f-8267-327e6230a1cd:192.168.30.19:37993], old=null, confs=<EMPTY_MAP>
2019-10-03 06:20:11,328 [pool-413-thread-1] INFO  server.RaftServerConfigKeys (ConfUtils.java:logGet(43)) - raft.server.storage.dir = [/workdir/hadoop-ozone/integration-test/target/test-dir/MiniOzoneClusterImpl-e2c67281-891d-480f-94b5-858598808fca/datanode-3/data/ratis] (custom)
2019-10-03 06:20:11,328 [pool-413-thread-1] INFO  server.RaftServerConfigKeys (ConfUtils.java:logGet(43)) - raft.server.log.corruption.policy = EXCEPTION (default)
2019-10-03 06:20:11,328 [pool-413-thread-1] INFO  storage.RaftStorageDirectory (RaftStorageDirectory.java:analyzeStorage(246)) - The storage directory /workdir/hadoop-ozone/integration-test/target/test-dir/MiniOzoneClusterImpl-e2c67281-891d-480f-94b5-858598808fca/datanode-3/data/ratis/477a90b8-10d8-4085-bd1e-34aa7f9174ea does not exist. Creating ...
2019-10-03 06:20:11,341 [pool-413-thread-1] INFO  storage.RaftStorageDirectory (RaftStorageDirectory.java:tryLock(328)) - Lock on /workdir/hadoop-ozone/integration-test/target/test-dir/MiniOzoneClusterImpl-e2c67281-891d-480f-94b5-858598808fca/datanode-3/data/ratis/477a90b8-10d8-4085-bd1e-34aa7f9174ea/in_use.lock acquired by nodename 6471@trunk-nightly-20191003-5492k-4029359510
2019-10-03 06:20:11,355 [pool-413-thread-1] INFO  storage.RaftStorage (RaftStorage.java:format(84)) - Storage directory /workdir/hadoop-ozone/integration-test/target/test-dir/MiniOzoneClusterImpl-e2c67281-891d-480f-94b5-858598808fca/datanode-3/data/ratis/477a90b8-10d8-4085-bd1e-34aa7f9174ea has been successfully formatted.
2019-10-03 06:20:11,356 [pool-413-thread-1] INFO  ratis.ContainerStateMachine (ContainerStateMachine.java:loadSnapshot(230)) - group-34AA7F9174EA: The snapshot info is null. Setting the last applied indexto:(t:0, i:~)
2019-10-03 06:20:11,356 [pool-413-thread-1] INFO  server.RaftServerConfigKeys (ConfUtils.java:logGet(43)) - raft.server.notification.no-leader.timeout = 120s (custom)
2019-10-03 06:20:11,356 [pool-413-thread-1] INFO  server.RaftServerConfigKeys (ConfUtils.java:logGet(43)) - raft.server.log.use.memory = false (default)
2019-10-03 06:20:11,356 [pool-413-thread-1] INFO  server.RaftServerConfigKeys (ConfUtils.java:logGet(43)) - raft.server.log.purge.gap = 1000000 (custom)
2019-10-03 06:20:11,356 [pool-413-thread-1] INFO  server.RaftServerConfigKeys (ConfUtils.java:logGet(43)) - raft.server.log.appender.buffer.byte-limit = 33554432 (custom)
2019-10-03 06:20:11,356 [pool-413-thread-1] INFO  server.RaftServerConfigKeys (ConfUtils.java:logGet(43)) - raft.server.log.segment.size.max = 1048576 (custom)
2019-10-03 06:20:11,358 [pool-413-thread-1] INFO  server.RaftServerConfigKeys (ConfUtils.java:logGet(43)) - raft.server.log.segment.cache.num.max = 2 (custom)
2019-10-03 06:20:11,358 [pool-413-thread-1] INFO  segmented.SegmentedRaftLogWorker (SegmentedRaftLogWorker.java:<init>(173)) - new a641a122-e0ac-418f-8267-327e6230a1cd@group-34AA7F9174EA-SegmentedRaftLogWorker for RaftStorage:Storage Directory /workdir/hadoop-ozone/integration-test/target/test-dir/MiniOzoneClusterImpl-e2c67281-891d-480f-94b5-858598808fca/datanode-3/data/ratis/477a90b8-10d8-4085-bd1e-34aa7f9174ea
2019-10-03 06:20:11,358 [pool-413-thread-1] INFO  server.RaftServerConfigKeys (ConfUtils.java:logGet(43)) - raft.server.log.queue.byte-limit = 2147483647 (custom)
2019-10-03 06:20:11,358 [pool-413-thread-1] INFO  server.RaftServerConfigKeys (ConfUtils.java:logGet(43)) - raft.server.log.queue.element-limit = 1024 (custom)
2019-10-03 06:20:11,358 [pool-413-thread-1] INFO  server.RaftServerConfigKeys (ConfUtils.java:logGet(43)) - raft.server.log.segment.size.max = 1048576 (custom)
2019-10-03 06:20:11,358 [pool-413-thread-1] INFO  server.RaftServerConfigKeys (ConfUtils.java:logGet(43)) - raft.server.log.preallocated.size = 16384 (custom)
2019-10-03 06:20:11,358 [pool-413-thread-1] INFO  server.RaftServerConfigKeys (ConfUtils.java:logGet(43)) - raft.server.log.write.buffer.size = 33554432 (custom)
2019-10-03 06:20:11,358 [pool-413-thread-1] INFO  server.RaftServerConfigKeys (ConfUtils.java:logGet(43)) - raft.server.log.force.sync.num = 128 (default)
2019-10-03 06:20:11,359 [pool-413-thread-1] INFO  server.RaftServerConfigKeys (ConfUtils.java:logGet(43)) - raft.server.log.statemachine.data.sync = true (default)
2019-10-03 06:20:11,359 [pool-413-thread-1] INFO  server.RaftServerConfigKeys (ConfUtils.java:logGet(43)) - raft.server.log.statemachine.data.sync.timeout = 10s (default)
2019-10-03 06:20:11,359 [pool-413-thread-1] INFO  server.RaftServerConfigKeys (ConfUtils.java:logGet(43)) - raft.server.log.statemachine.data.sync.timeout.retry = -1 (default)
2019-10-03 06:20:11,359 [pool-413-thread-1] INFO  server.RaftServerConfigKeys (ConfUtils.java:logGet(43)) - raft.server.log.statemachine.data.caching.enabled = true (custom)
2019-10-03 06:20:11,359 [pool-413-thread-1] INFO  segmented.SegmentedRaftLogWorker (SegmentedRaftLogWorker.java:lambda$new$0(128)) - a641a122-e0ac-418f-8267-327e6230a1cd@group-34AA7F9174EA-SegmentedRaftLogWorker: flushIndex: setUnconditionally 0 -> -1
2019-10-03 06:20:11,360 [pool-413-thread-1] INFO  server.RaftServerConfigKeys (ConfUtils.java:logGet(43)) - raft.server.snapshot.auto.trigger.enabled = true (custom)
2019-10-03 06:20:11,360 [pool-413-thread-1] INFO  server.RaftServerConfigKeys (ConfUtils.java:logGet(43)) - raft.server.snapshot.auto.trigger.threshold = 10000 (custom)
2019-10-03 06:20:11,360 [pool-413-thread-1] INFO  server.RaftServerConfigKeys (ConfUtils.java:logGet(43)) - raft.server.snapshot.retention.file.num = 5 (custom)
2019-10-03 06:20:11,360 [pool-413-thread-1] INFO  server.RaftServerConfigKeys (ConfUtils.java:logGet(43)) - raft.server.retrycache.expirytime = 600000ms (custom)
2019-10-03 06:20:11,361 [pool-413-thread-1] INFO  impl.RaftServerImpl (RaftServerImpl.java:start(181)) - a641a122-e0ac-418f-8267-327e6230a1cd@group-34AA7F9174EA: start as a follower, conf=-1: [a641a122-e0ac-418f-8267-327e6230a1cd:192.168.30.19:37993], old=null
2019-10-03 06:20:11,362 [pool-413-thread-1] INFO  impl.RaftServerImpl (RaftServerImpl.java:setRole(170)) - a641a122-e0ac-418f-8267-327e6230a1cd@group-34AA7F9174EA: changes role from      null to FOLLOWER at term 0 for startAsFollower
2019-10-03 06:20:11,362 [pool-413-thread-1] INFO  impl.RoleInfo (RoleInfo.java:updateAndGet(143)) - a641a122-e0ac-418f-8267-327e6230a1cd: start FollowerState
2019-10-03 06:20:11,362 [pool-413-thread-1] INFO  util.JmxRegister (JmxRegister.java:tryRegister(44)) - Successfully registered JMX Bean with object name Ratis:service=RaftServer,group=group-34AA7F9174EA,id=a641a122-e0ac-418f-8267-327e6230a1cd
2019-10-03 06:20:11,365 [RatisPipelineUtilsThread] INFO  pipeline.PipelineStateManager (PipelineStateManager.java:addPipeline(56)) - Created pipeline Pipeline[ Id: 477a90b8-10d8-4085-bd1e-34aa7f9174ea, Nodes: a641a122-e0ac-418f-8267-327e6230a1cd{ip: 192.168.30.19, host: trunk-nightly-20191003-5492k-4029359510, networkLocation: /default-rack, certSerialId: null}, Type:RATIS, Factor:ONE, State:OPEN]
2019-10-03 06:20:11,374 [grpc-default-executor-6] INFO  impl.RaftServerProxy (RaftServerProxy.java:addNew(89)) - 106fbfbb-a644-4362-b00c-94e4bf981000: addNew group-E8A839D0307A:[106fbfbb-a644-4362-b00c-94e4bf981000:192.168.30.19:46435] returns group-E8A839D0307A:java.util.concurrent.CompletableFuture@7ec1de9e[Not completed]
2019-10-03 06:20:11,375 [pool-423-thread-1] INFO  impl.RaftServerImpl (RaftServerImpl.java:<init>(95)) - 106fbfbb-a644-4362-b00c-94e4bf981000: new RaftServerImpl for group-E8A839D0307A:[106fbfbb-a644-4362-b00c-94e4bf981000:192.168.30.19:46435] with ContainerStateMachine:uninitialized
2019-10-03 06:20:11,375 [pool-423-thread-1] INFO  server.RaftServerConfigKeys (ConfUtils.java:logGet(43)) - raft.server.rpc.timeout.min = 5s (custom)
2019-10-03 06:20:11,375 [pool-423-thread-1] INFO  server.RaftServerConfigKeys (ConfUtils.java:logGet(43)) - raft.server.rpc.timeout.max = 5200ms (custom)
2019-10-03 06:20:11,375 [pool-423-thread-1] INFO  server.RaftServerConfigKeys (ConfUtils.java:logGet(43)) - raft.server.rpcslowness.timeout = 120s (custom)
2019-10-03 06:20:11,375 [pool-423-thread-1] INFO  server.RaftServerConfigKeys (ConfUtils.java:logGet(43)) - raft.server.sleep.deviation.threshold = 300 (default)
2019-10-03 06:20:11,375 [pool-423-thread-1] INFO  server.RaftServerConfigKeys (ConfUtils.java:logGet(43)) - raft.server.log.appender.install.snapshot.enabled = false (custom)
2019-10-03 06:20:11,375 [pool-423-thread-1] INFO  impl.RaftServerImpl (ServerState.java:<init>(103)) - 106fbfbb-a644-4362-b00c-94e4bf981000@group-E8A839D0307A: ConfigurationManager, init=-1: [106fbfbb-a644-4362-b00c-94e4bf981000:192.168.30.19:46435], old=null, confs=<EMPTY_MAP>
2019-10-03 06:20:11,375 [pool-423-thread-1] INFO  server.RaftServerConfigKeys (ConfUtils.java:logGet(43)) - raft.server.storage.dir = [/workdir/hadoop-ozone/integration-test/target/test-dir/MiniOzoneClusterImpl-e2c67281-891d-480f-94b5-858598808fca/datanode-4/data/ratis] (custom)
2019-10-03 06:20:11,376 [pool-423-thread-1] INFO  server.RaftServerConfigKeys (ConfUtils.java:logGet(43)) - raft.server.log.corruption.policy = EXCEPTION (default)
2019-10-03 06:20:11,376 [pool-423-thread-1] INFO  storage.RaftStorageDirectory (RaftStorageDirectory.java:analyzeStorage(246)) - The storage directory /workdir/hadoop-ozone/integration-test/target/test-dir/MiniOzoneClusterImpl-e2c67281-891d-480f-94b5-858598808fca/datanode-4/data/ratis/6a9273d8-0b78-49d9-b199-e8a839d0307a does not exist. Creating ...
2019-10-03 06:20:11,380 [pool-423-thread-1] INFO  storage.RaftStorageDirectory (RaftStorageDirectory.java:tryLock(328)) - Lock on /workdir/hadoop-ozone/integration-test/target/test-dir/MiniOzoneClusterImpl-e2c67281-891d-480f-94b5-858598808fca/datanode-4/data/ratis/6a9273d8-0b78-49d9-b199-e8a839d0307a/in_use.lock acquired by nodename 6471@trunk-nightly-20191003-5492k-4029359510
2019-10-03 06:20:11,389 [IPC Server handler 6 on 36857] INFO  net.NetworkTopology (NetworkTopologyImpl.java:add(111)) - Added a new node: /default-rack/5bea3c7c-025d-47da-8b86-69a3d3ee378b
2019-10-03 06:20:11,389 [IPC Server handler 6 on 36857] INFO  node.SCMNodeManager (SCMNodeManager.java:register(266)) - Registered Data node : 5bea3c7c-025d-47da-8b86-69a3d3ee378b{ip: 192.168.30.19, host: trunk-nightly-20191003-5492k-4029359510, networkLocation: /default-rack, certSerialId: null}
2019-10-03 06:20:11,428 [pool-423-thread-1] INFO  storage.RaftStorage (RaftStorage.java:format(84)) - Storage directory /workdir/hadoop-ozone/integration-test/target/test-dir/MiniOzoneClusterImpl-e2c67281-891d-480f-94b5-858598808fca/datanode-4/data/ratis/6a9273d8-0b78-49d9-b199-e8a839d0307a has been successfully formatted.
2019-10-03 06:20:11,428 [pool-423-thread-1] INFO  ratis.ContainerStateMachine (ContainerStateMachine.java:loadSnapshot(230)) - group-E8A839D0307A: The snapshot info is null. Setting the last applied indexto:(t:0, i:~)
2019-10-03 06:20:11,429 [pool-423-thread-1] INFO  server.RaftServerConfigKeys (ConfUtils.java:logGet(43)) - raft.server.notification.no-leader.timeout = 120s (custom)
2019-10-03 06:20:11,429 [pool-423-thread-1] INFO  server.RaftServerConfigKeys (ConfUtils.java:logGet(43)) - raft.server.log.use.memory = false (default)
2019-10-03 06:20:11,429 [pool-423-thread-1] INFO  server.RaftServerConfigKeys (ConfUtils.java:logGet(43)) - raft.server.log.purge.gap = 1000000 (custom)
2019-10-03 06:20:11,429 [pool-423-thread-1] INFO  server.RaftServerConfigKeys (ConfUtils.java:logGet(43)) - raft.server.log.appender.buffer.byte-limit = 33554432 (custom)
2019-10-03 06:20:11,429 [pool-423-thread-1] INFO  server.RaftServerConfigKeys (ConfUtils.java:logGet(43)) - raft.server.log.segment.size.max = 1048576 (custom)
2019-10-03 06:20:11,431 [pool-423-thread-1] INFO  server.RaftServerConfigKeys (ConfUtils.java:logGet(43)) - raft.server.log.segment.cache.num.max = 2 (custom)
2019-10-03 06:20:11,431 [pool-423-thread-1] INFO  segmented.SegmentedRaftLogWorker (SegmentedRaftLogWorker.java:<init>(173)) - new 106fbfbb-a644-4362-b00c-94e4bf981000@group-E8A839D0307A-SegmentedRaftLogWorker for RaftStorage:Storage Directory /workdir/hadoop-ozone/integration-test/target/test-dir/MiniOzoneClusterImpl-e2c67281-891d-480f-94b5-858598808fca/datanode-4/data/ratis/6a9273d8-0b78-49d9-b199-e8a839d0307a
2019-10-03 06:20:11,431 [pool-423-thread-1] INFO  server.RaftServerConfigKeys (ConfUtils.java:logGet(43)) - raft.server.log.queue.byte-limit = 2147483647 (custom)
2019-10-03 06:20:11,431 [pool-423-thread-1] INFO  server.RaftServerConfigKeys (ConfUtils.java:logGet(43)) - raft.server.log.queue.element-limit = 1024 (custom)
2019-10-03 06:20:11,432 [pool-423-thread-1] INFO  server.RaftServerConfigKeys (ConfUtils.java:logGet(43)) - raft.server.log.segment.size.max = 1048576 (custom)
2019-10-03 06:20:11,432 [pool-423-thread-1] INFO  server.RaftServerConfigKeys (ConfUtils.java:logGet(43)) - raft.server.log.preallocated.size = 16384 (custom)
2019-10-03 06:20:11,432 [pool-423-thread-1] INFO  server.RaftServerConfigKeys (ConfUtils.java:logGet(43)) - raft.server.log.write.buffer.size = 33554432 (custom)
2019-10-03 06:20:11,432 [pool-423-thread-1] INFO  server.RaftServerConfigKeys (ConfUtils.java:logGet(43)) - raft.server.log.force.sync.num = 128 (default)
2019-10-03 06:20:11,432 [pool-423-thread-1] INFO  server.RaftServerConfigKeys (ConfUtils.java:logGet(43)) - raft.server.log.statemachine.data.sync = true (default)
2019-10-03 06:20:11,432 [pool-423-thread-1] INFO  server.RaftServerConfigKeys (ConfUtils.java:logGet(43)) - raft.server.log.statemachine.data.sync.timeout = 10s (default)
2019-10-03 06:20:11,433 [pool-423-thread-1] INFO  server.RaftServerConfigKeys (ConfUtils.java:logGet(43)) - raft.server.log.statemachine.data.sync.timeout.retry = -1 (default)
2019-10-03 06:20:11,433 [pool-423-thread-1] INFO  server.RaftServerConfigKeys (ConfUtils.java:logGet(43)) - raft.server.log.statemachine.data.caching.enabled = true (custom)
2019-10-03 06:20:11,433 [pool-423-thread-1] INFO  segmented.SegmentedRaftLogWorker (SegmentedRaftLogWorker.java:lambda$new$0(128)) - 106fbfbb-a644-4362-b00c-94e4bf981000@group-E8A839D0307A-SegmentedRaftLogWorker: flushIndex: setUnconditionally 0 -> -1
2019-10-03 06:20:11,434 [pool-423-thread-1] INFO  server.RaftServerConfigKeys (ConfUtils.java:logGet(43)) - raft.server.snapshot.auto.trigger.enabled = true (custom)
2019-10-03 06:20:11,434 [pool-423-thread-1] INFO  server.RaftServerConfigKeys (ConfUtils.java:logGet(43)) - raft.server.snapshot.auto.trigger.threshold = 10000 (custom)
2019-10-03 06:20:11,434 [pool-423-thread-1] INFO  server.RaftServerConfigKeys (ConfUtils.java:logGet(43)) - raft.server.snapshot.retention.file.num = 5 (custom)
2019-10-03 06:20:11,434 [pool-423-thread-1] INFO  server.RaftServerConfigKeys (ConfUtils.java:logGet(43)) - raft.server.retrycache.expirytime = 600000ms (custom)
2019-10-03 06:20:11,436 [pool-423-thread-1] INFO  impl.RaftServerImpl (RaftServerImpl.java:start(181)) - 106fbfbb-a644-4362-b00c-94e4bf981000@group-E8A839D0307A: start as a follower, conf=-1: [106fbfbb-a644-4362-b00c-94e4bf981000:192.168.30.19:46435], old=null
2019-10-03 06:20:11,436 [pool-423-thread-1] INFO  impl.RaftServerImpl (RaftServerImpl.java:setRole(170)) - 106fbfbb-a644-4362-b00c-94e4bf981000@group-E8A839D0307A: changes role from      null to FOLLOWER at term 0 for startAsFollower
2019-10-03 06:20:11,436 [pool-423-thread-1] INFO  impl.RoleInfo (RoleInfo.java:updateAndGet(143)) - 106fbfbb-a644-4362-b00c-94e4bf981000: start FollowerState
2019-10-03 06:20:11,436 [pool-423-thread-1] INFO  util.JmxRegister (JmxRegister.java:tryRegister(44)) - Successfully registered JMX Bean with object name Ratis:service=RaftServer,group=group-E8A839D0307A,id=106fbfbb-a644-4362-b00c-94e4bf981000
2019-10-03 06:20:11,439 [RatisPipelineUtilsThread] INFO  pipeline.PipelineStateManager (PipelineStateManager.java:addPipeline(56)) - Created pipeline Pipeline[ Id: 6a9273d8-0b78-49d9-b199-e8a839d0307a, Nodes: 106fbfbb-a644-4362-b00c-94e4bf981000{ip: 192.168.30.19, host: trunk-nightly-20191003-5492k-4029359510, networkLocation: /default-rack, certSerialId: null}, Type:RATIS, Factor:ONE, State:OPEN]
2019-10-03 06:20:11,446 [grpc-default-executor-6] INFO  impl.RaftServerProxy (RaftServerProxy.java:addNew(89)) - 5bea3c7c-025d-47da-8b86-69a3d3ee378b: addNew group-D3B69B701907:[5bea3c7c-025d-47da-8b86-69a3d3ee378b:192.168.30.19:35185] returns group-D3B69B701907:java.util.concurrent.CompletableFuture@3b55274f[Not completed]
2019-10-03 06:20:11,447 [pool-433-thread-1] INFO  impl.RaftServerImpl (RaftServerImpl.java:<init>(95)) - 5bea3c7c-025d-47da-8b86-69a3d3ee378b: new RaftServerImpl for group-D3B69B701907:[5bea3c7c-025d-47da-8b86-69a3d3ee378b:192.168.30.19:35185] with ContainerStateMachine:uninitialized
2019-10-03 06:20:11,447 [pool-433-thread-1] INFO  server.RaftServerConfigKeys (ConfUtils.java:logGet(43)) - raft.server.rpc.timeout.min = 5s (custom)
2019-10-03 06:20:11,447 [pool-433-thread-1] INFO  server.RaftServerConfigKeys (ConfUtils.java:logGet(43)) - raft.server.rpc.timeout.max = 5200ms (custom)
2019-10-03 06:20:11,447 [pool-433-thread-1] INFO  server.RaftServerConfigKeys (ConfUtils.java:logGet(43)) - raft.server.rpcslowness.timeout = 120s (custom)
2019-10-03 06:20:11,448 [pool-433-thread-1] INFO  server.RaftServerConfigKeys (ConfUtils.java:logGet(43)) - raft.server.sleep.deviation.threshold = 300 (default)
2019-10-03 06:20:11,448 [pool-433-thread-1] INFO  server.RaftServerConfigKeys (ConfUtils.java:logGet(43)) - raft.server.log.appender.install.snapshot.enabled = false (custom)
2019-10-03 06:20:11,448 [pool-433-thread-1] INFO  impl.RaftServerImpl (ServerState.java:<init>(103)) - 5bea3c7c-025d-47da-8b86-69a3d3ee378b@group-D3B69B701907: ConfigurationManager, init=-1: [5bea3c7c-025d-47da-8b86-69a3d3ee378b:192.168.30.19:35185], old=null, confs=<EMPTY_MAP>
2019-10-03 06:20:11,448 [pool-433-thread-1] INFO  server.RaftServerConfigKeys (ConfUtils.java:logGet(43)) - raft.server.storage.dir = [/workdir/hadoop-ozone/integration-test/target/test-dir/MiniOzoneClusterImpl-e2c67281-891d-480f-94b5-858598808fca/datanode-5/data/ratis] (custom)
2019-10-03 06:20:11,448 [pool-433-thread-1] INFO  server.RaftServerConfigKeys (ConfUtils.java:logGet(43)) - raft.server.log.corruption.policy = EXCEPTION (default)
2019-10-03 06:20:11,449 [pool-433-thread-1] INFO  storage.RaftStorageDirectory (RaftStorageDirectory.java:analyzeStorage(246)) - The storage directory /workdir/hadoop-ozone/integration-test/target/test-dir/MiniOzoneClusterImpl-e2c67281-891d-480f-94b5-858598808fca/datanode-5/data/ratis/8d655f1b-c42a-41ee-a9de-d3b69b701907 does not exist. Creating ...
2019-10-03 06:20:11,452 [main] INFO  ozone.MiniOzoneClusterImpl (MiniOzoneClusterImpl.java:lambda$waitForClusterToBeReady$0(147)) - Waiting for cluster to be ready. Got 6 of 7 DN Heartbeats.
2019-10-03 06:20:11,452 [IPC Server handler 5 on 36857] INFO  net.NetworkTopology (NetworkTopologyImpl.java:add(111)) - Added a new node: /default-rack/17815889-3159-4b7d-a729-9224ec661cb8
2019-10-03 06:20:11,453 [IPC Server handler 5 on 36857] INFO  node.SCMNodeManager (SCMNodeManager.java:register(266)) - Registered Data node : 17815889-3159-4b7d-a729-9224ec661cb8{ip: 192.168.30.19, host: trunk-nightly-20191003-5492k-4029359510, networkLocation: /default-rack, certSerialId: null}
2019-10-03 06:20:11,470 [pool-433-thread-1] INFO  storage.RaftStorageDirectory (RaftStorageDirectory.java:tryLock(328)) - Lock on /workdir/hadoop-ozone/integration-test/target/test-dir/MiniOzoneClusterImpl-e2c67281-891d-480f-94b5-858598808fca/datanode-5/data/ratis/8d655f1b-c42a-41ee-a9de-d3b69b701907/in_use.lock acquired by nodename 6471@trunk-nightly-20191003-5492k-4029359510
2019-10-03 06:20:11,496 [pool-433-thread-1] INFO  storage.RaftStorage (RaftStorage.java:format(84)) - Storage directory /workdir/hadoop-ozone/integration-test/target/test-dir/MiniOzoneClusterImpl-e2c67281-891d-480f-94b5-858598808fca/datanode-5/data/ratis/8d655f1b-c42a-41ee-a9de-d3b69b701907 has been successfully formatted.
2019-10-03 06:20:11,496 [pool-433-thread-1] INFO  ratis.ContainerStateMachine (ContainerStateMachine.java:loadSnapshot(230)) - group-D3B69B701907: The snapshot info is null. Setting the last applied indexto:(t:0, i:~)
2019-10-03 06:20:11,496 [pool-433-thread-1] INFO  server.RaftServerConfigKeys (ConfUtils.java:logGet(43)) - raft.server.notification.no-leader.timeout = 120s (custom)
2019-10-03 06:20:11,497 [pool-433-thread-1] INFO  server.RaftServerConfigKeys (ConfUtils.java:logGet(43)) - raft.server.log.use.memory = false (default)
2019-10-03 06:20:11,497 [pool-433-thread-1] INFO  server.RaftServerConfigKeys (ConfUtils.java:logGet(43)) - raft.server.log.purge.gap = 1000000 (custom)
2019-10-03 06:20:11,497 [pool-433-thread-1] INFO  server.RaftServerConfigKeys (ConfUtils.java:logGet(43)) - raft.server.log.appender.buffer.byte-limit = 33554432 (custom)
2019-10-03 06:20:11,497 [pool-433-thread-1] INFO  server.RaftServerConfigKeys (ConfUtils.java:logGet(43)) - raft.server.log.segment.size.max = 1048576 (custom)
2019-10-03 06:20:11,500 [pool-433-thread-1] INFO  server.RaftServerConfigKeys (ConfUtils.java:logGet(43)) - raft.server.log.segment.cache.num.max = 2 (custom)
2019-10-03 06:20:11,500 [pool-433-thread-1] INFO  segmented.SegmentedRaftLogWorker (SegmentedRaftLogWorker.java:<init>(173)) - new 5bea3c7c-025d-47da-8b86-69a3d3ee378b@group-D3B69B701907-SegmentedRaftLogWorker for RaftStorage:Storage Directory /workdir/hadoop-ozone/integration-test/target/test-dir/MiniOzoneClusterImpl-e2c67281-891d-480f-94b5-858598808fca/datanode-5/data/ratis/8d655f1b-c42a-41ee-a9de-d3b69b701907
2019-10-03 06:20:11,500 [pool-433-thread-1] INFO  server.RaftServerConfigKeys (ConfUtils.java:logGet(43)) - raft.server.log.queue.byte-limit = 2147483647 (custom)
2019-10-03 06:20:11,500 [pool-433-thread-1] INFO  server.RaftServerConfigKeys (ConfUtils.java:logGet(43)) - raft.server.log.queue.element-limit = 1024 (custom)
2019-10-03 06:20:11,501 [pool-433-thread-1] INFO  server.RaftServerConfigKeys (ConfUtils.java:logGet(43)) - raft.server.log.segment.size.max = 1048576 (custom)
2019-10-03 06:20:11,501 [pool-433-thread-1] INFO  server.RaftServerConfigKeys (ConfUtils.java:logGet(43)) - raft.server.log.preallocated.size = 16384 (custom)
2019-10-03 06:20:11,501 [pool-433-thread-1] INFO  server.RaftServerConfigKeys (ConfUtils.java:logGet(43)) - raft.server.log.write.buffer.size = 33554432 (custom)
2019-10-03 06:20:11,501 [pool-433-thread-1] INFO  server.RaftServerConfigKeys (ConfUtils.java:logGet(43)) - raft.server.log.force.sync.num = 128 (default)
2019-10-03 06:20:11,501 [pool-433-thread-1] INFO  server.RaftServerConfigKeys (ConfUtils.java:logGet(43)) - raft.server.log.statemachine.data.sync = true (default)
2019-10-03 06:20:11,502 [pool-433-thread-1] INFO  server.RaftServerConfigKeys (ConfUtils.java:logGet(43)) - raft.server.log.statemachine.data.sync.timeout = 10s (default)
2019-10-03 06:20:11,502 [pool-433-thread-1] INFO  server.RaftServerConfigKeys (ConfUtils.java:logGet(43)) - raft.server.log.statemachine.data.sync.timeout.retry = -1 (default)
2019-10-03 06:20:11,502 [pool-433-thread-1] INFO  server.RaftServerConfigKeys (ConfUtils.java:logGet(43)) - raft.server.log.statemachine.data.caching.enabled = true (custom)
2019-10-03 06:20:11,503 [pool-433-thread-1] INFO  segmented.SegmentedRaftLogWorker (SegmentedRaftLogWorker.java:lambda$new$0(128)) - 5bea3c7c-025d-47da-8b86-69a3d3ee378b@group-D3B69B701907-SegmentedRaftLogWorker: flushIndex: setUnconditionally 0 -> -1
2019-10-03 06:20:11,504 [pool-433-thread-1] INFO  server.RaftServerConfigKeys (ConfUtils.java:logGet(43)) - raft.server.snapshot.auto.trigger.enabled = true (custom)
2019-10-03 06:20:11,504 [pool-433-thread-1] INFO  server.RaftServerConfigKeys (ConfUtils.java:logGet(43)) - raft.server.snapshot.auto.trigger.threshold = 10000 (custom)
2019-10-03 06:20:11,504 [pool-433-thread-1] INFO  server.RaftServerConfigKeys (ConfUtils.java:logGet(43)) - raft.server.snapshot.retention.file.num = 5 (custom)
2019-10-03 06:20:11,504 [pool-433-thread-1] INFO  server.RaftServerConfigKeys (ConfUtils.java:logGet(43)) - raft.server.retrycache.expirytime = 600000ms (custom)
2019-10-03 06:20:11,506 [pool-433-thread-1] INFO  impl.RaftServerImpl (RaftServerImpl.java:start(181)) - 5bea3c7c-025d-47da-8b86-69a3d3ee378b@group-D3B69B701907: start as a follower, conf=-1: [5bea3c7c-025d-47da-8b86-69a3d3ee378b:192.168.30.19:35185], old=null
2019-10-03 06:20:11,507 [pool-433-thread-1] INFO  impl.RaftServerImpl (RaftServerImpl.java:setRole(170)) - 5bea3c7c-025d-47da-8b86-69a3d3ee378b@group-D3B69B701907: changes role from      null to FOLLOWER at term 0 for startAsFollower
2019-10-03 06:20:11,507 [pool-433-thread-1] INFO  impl.RoleInfo (RoleInfo.java:updateAndGet(143)) - 5bea3c7c-025d-47da-8b86-69a3d3ee378b: start FollowerState
2019-10-03 06:20:11,507 [pool-433-thread-1] INFO  util.JmxRegister (JmxRegister.java:tryRegister(44)) - Successfully registered JMX Bean with object name Ratis:service=RaftServer,group=group-D3B69B701907,id=5bea3c7c-025d-47da-8b86-69a3d3ee378b
2019-10-03 06:20:11,512 [RatisPipelineUtilsThread] INFO  pipeline.PipelineStateManager (PipelineStateManager.java:addPipeline(56)) - Created pipeline Pipeline[ Id: 8d655f1b-c42a-41ee-a9de-d3b69b701907, Nodes: 5bea3c7c-025d-47da-8b86-69a3d3ee378b{ip: 192.168.30.19, host: trunk-nightly-20191003-5492k-4029359510, networkLocation: /default-rack, certSerialId: null}, Type:RATIS, Factor:ONE, State:OPEN]
2019-10-03 06:20:11,520 [grpc-default-executor-6] INFO  impl.RaftServerProxy (RaftServerProxy.java:addNew(89)) - 17815889-3159-4b7d-a729-9224ec661cb8: addNew group-B9700BC23550:[17815889-3159-4b7d-a729-9224ec661cb8:192.168.30.19:39539] returns group-B9700BC23550:java.util.concurrent.CompletableFuture@4236efe9[Not completed]
2019-10-03 06:20:11,521 [pool-443-thread-1] INFO  impl.RaftServerImpl (RaftServerImpl.java:<init>(95)) - 17815889-3159-4b7d-a729-9224ec661cb8: new RaftServerImpl for group-B9700BC23550:[17815889-3159-4b7d-a729-9224ec661cb8:192.168.30.19:39539] with ContainerStateMachine:uninitialized
2019-10-03 06:20:11,521 [pool-443-thread-1] INFO  server.RaftServerConfigKeys (ConfUtils.java:logGet(43)) - raft.server.rpc.timeout.min = 5s (custom)
2019-10-03 06:20:11,521 [pool-443-thread-1] INFO  server.RaftServerConfigKeys (ConfUtils.java:logGet(43)) - raft.server.rpc.timeout.max = 5200ms (custom)
2019-10-03 06:20:11,521 [pool-443-thread-1] INFO  server.RaftServerConfigKeys (ConfUtils.java:logGet(43)) - raft.server.rpcslowness.timeout = 120s (custom)
2019-10-03 06:20:11,521 [pool-443-thread-1] INFO  server.RaftServerConfigKeys (ConfUtils.java:logGet(43)) - raft.server.sleep.deviation.threshold = 300 (default)
2019-10-03 06:20:11,521 [pool-443-thread-1] INFO  server.RaftServerConfigKeys (ConfUtils.java:logGet(43)) - raft.server.log.appender.install.snapshot.enabled = false (custom)
2019-10-03 06:20:11,521 [pool-443-thread-1] INFO  impl.RaftServerImpl (ServerState.java:<init>(103)) - 17815889-3159-4b7d-a729-9224ec661cb8@group-B9700BC23550: ConfigurationManager, init=-1: [17815889-3159-4b7d-a729-9224ec661cb8:192.168.30.19:39539], old=null, confs=<EMPTY_MAP>
2019-10-03 06:20:11,521 [pool-443-thread-1] INFO  server.RaftServerConfigKeys (ConfUtils.java:logGet(43)) - raft.server.storage.dir = [/workdir/hadoop-ozone/integration-test/target/test-dir/MiniOzoneClusterImpl-e2c67281-891d-480f-94b5-858598808fca/datanode-6/data/ratis] (custom)
2019-10-03 06:20:11,522 [pool-443-thread-1] INFO  server.RaftServerConfigKeys (ConfUtils.java:logGet(43)) - raft.server.log.corruption.policy = EXCEPTION (default)
2019-10-03 06:20:11,522 [pool-443-thread-1] INFO  storage.RaftStorageDirectory (RaftStorageDirectory.java:analyzeStorage(246)) - The storage directory /workdir/hadoop-ozone/integration-test/target/test-dir/MiniOzoneClusterImpl-e2c67281-891d-480f-94b5-858598808fca/datanode-6/data/ratis/0d069c5c-90e5-4b15-85be-b9700bc23550 does not exist. Creating ...
2019-10-03 06:20:11,546 [pool-443-thread-1] INFO  storage.RaftStorageDirectory (RaftStorageDirectory.java:tryLock(328)) - Lock on /workdir/hadoop-ozone/integration-test/target/test-dir/MiniOzoneClusterImpl-e2c67281-891d-480f-94b5-858598808fca/datanode-6/data/ratis/0d069c5c-90e5-4b15-85be-b9700bc23550/in_use.lock acquired by nodename 6471@trunk-nightly-20191003-5492k-4029359510
2019-10-03 06:20:11,571 [pool-443-thread-1] INFO  storage.RaftStorage (RaftStorage.java:format(84)) - Storage directory /workdir/hadoop-ozone/integration-test/target/test-dir/MiniOzoneClusterImpl-e2c67281-891d-480f-94b5-858598808fca/datanode-6/data/ratis/0d069c5c-90e5-4b15-85be-b9700bc23550 has been successfully formatted.
2019-10-03 06:20:11,572 [pool-443-thread-1] INFO  ratis.ContainerStateMachine (ContainerStateMachine.java:loadSnapshot(230)) - group-B9700BC23550: The snapshot info is null. Setting the last applied indexto:(t:0, i:~)
2019-10-03 06:20:11,572 [pool-443-thread-1] INFO  server.RaftServerConfigKeys (ConfUtils.java:logGet(43)) - raft.server.notification.no-leader.timeout = 120s (custom)
2019-10-03 06:20:11,572 [pool-443-thread-1] INFO  server.RaftServerConfigKeys (ConfUtils.java:logGet(43)) - raft.server.log.use.memory = false (default)
2019-10-03 06:20:11,572 [pool-443-thread-1] INFO  server.RaftServerConfigKeys (ConfUtils.java:logGet(43)) - raft.server.log.purge.gap = 1000000 (custom)
2019-10-03 06:20:11,572 [pool-443-thread-1] INFO  server.RaftServerConfigKeys (ConfUtils.java:logGet(43)) - raft.server.log.appender.buffer.byte-limit = 33554432 (custom)
2019-10-03 06:20:11,573 [pool-443-thread-1] INFO  server.RaftServerConfigKeys (ConfUtils.java:logGet(43)) - raft.server.log.segment.size.max = 1048576 (custom)
2019-10-03 06:20:11,575 [pool-443-thread-1] INFO  server.RaftServerConfigKeys (ConfUtils.java:logGet(43)) - raft.server.log.segment.cache.num.max = 2 (custom)
2019-10-03 06:20:11,575 [pool-443-thread-1] INFO  segmented.SegmentedRaftLogWorker (SegmentedRaftLogWorker.java:<init>(173)) - new 17815889-3159-4b7d-a729-9224ec661cb8@group-B9700BC23550-SegmentedRaftLogWorker for RaftStorage:Storage Directory /workdir/hadoop-ozone/integration-test/target/test-dir/MiniOzoneClusterImpl-e2c67281-891d-480f-94b5-858598808fca/datanode-6/data/ratis/0d069c5c-90e5-4b15-85be-b9700bc23550
2019-10-03 06:20:11,575 [pool-443-thread-1] INFO  server.RaftServerConfigKeys (ConfUtils.java:logGet(43)) - raft.server.log.queue.byte-limit = 2147483647 (custom)
2019-10-03 06:20:11,575 [pool-443-thread-1] INFO  server.RaftServerConfigKeys (ConfUtils.java:logGet(43)) - raft.server.log.queue.element-limit = 1024 (custom)
2019-10-03 06:20:11,575 [pool-443-thread-1] INFO  server.RaftServerConfigKeys (ConfUtils.java:logGet(43)) - raft.server.log.segment.size.max = 1048576 (custom)
2019-10-03 06:20:11,575 [pool-443-thread-1] INFO  server.RaftServerConfigKeys (ConfUtils.java:logGet(43)) - raft.server.log.preallocated.size = 16384 (custom)
2019-10-03 06:20:11,576 [pool-443-thread-1] INFO  server.RaftServerConfigKeys (ConfUtils.java:logGet(43)) - raft.server.log.write.buffer.size = 33554432 (custom)
2019-10-03 06:20:11,576 [pool-443-thread-1] INFO  server.RaftServerConfigKeys (ConfUtils.java:logGet(43)) - raft.server.log.force.sync.num = 128 (default)
2019-10-03 06:20:11,576 [pool-443-thread-1] INFO  server.RaftServerConfigKeys (ConfUtils.java:logGet(43)) - raft.server.log.statemachine.data.sync = true (default)
2019-10-03 06:20:11,576 [pool-443-thread-1] INFO  server.RaftServerConfigKeys (ConfUtils.java:logGet(43)) - raft.server.log.statemachine.data.sync.timeout = 10s (default)
2019-10-03 06:20:11,576 [pool-443-thread-1] INFO  server.RaftServerConfigKeys (ConfUtils.java:logGet(43)) - raft.server.log.statemachine.data.sync.timeout.retry = -1 (default)
2019-10-03 06:20:11,577 [pool-443-thread-1] INFO  server.RaftServerConfigKeys (ConfUtils.java:logGet(43)) - raft.server.log.statemachine.data.caching.enabled = true (custom)
2019-10-03 06:20:11,577 [pool-443-thread-1] INFO  segmented.SegmentedRaftLogWorker (SegmentedRaftLogWorker.java:lambda$new$0(128)) - 17815889-3159-4b7d-a729-9224ec661cb8@group-B9700BC23550-SegmentedRaftLogWorker: flushIndex: setUnconditionally 0 -> -1
2019-10-03 06:20:11,577 [pool-443-thread-1] INFO  server.RaftServerConfigKeys (ConfUtils.java:logGet(43)) - raft.server.snapshot.auto.trigger.enabled = true (custom)
2019-10-03 06:20:11,578 [pool-443-thread-1] INFO  server.RaftServerConfigKeys (ConfUtils.java:logGet(43)) - raft.server.snapshot.auto.trigger.threshold = 10000 (custom)
2019-10-03 06:20:11,578 [pool-443-thread-1] INFO  server.RaftServerConfigKeys (ConfUtils.java:logGet(43)) - raft.server.snapshot.retention.file.num = 5 (custom)
2019-10-03 06:20:11,578 [pool-443-thread-1] INFO  server.RaftServerConfigKeys (ConfUtils.java:logGet(43)) - raft.server.retrycache.expirytime = 600000ms (custom)
2019-10-03 06:20:11,580 [pool-443-thread-1] INFO  impl.RaftServerImpl (RaftServerImpl.java:start(181)) - 17815889-3159-4b7d-a729-9224ec661cb8@group-B9700BC23550: start as a follower, conf=-1: [17815889-3159-4b7d-a729-9224ec661cb8:192.168.30.19:39539], old=null
2019-10-03 06:20:11,580 [pool-443-thread-1] INFO  impl.RaftServerImpl (RaftServerImpl.java:setRole(170)) - 17815889-3159-4b7d-a729-9224ec661cb8@group-B9700BC23550: changes role from      null to FOLLOWER at term 0 for startAsFollower
2019-10-03 06:20:11,580 [pool-443-thread-1] INFO  impl.RoleInfo (RoleInfo.java:updateAndGet(143)) - 17815889-3159-4b7d-a729-9224ec661cb8: start FollowerState
2019-10-03 06:20:11,580 [pool-443-thread-1] INFO  util.JmxRegister (JmxRegister.java:tryRegister(44)) - Successfully registered JMX Bean with object name Ratis:service=RaftServer,group=group-B9700BC23550,id=17815889-3159-4b7d-a729-9224ec661cb8
2019-10-03 06:20:11,585 [RatisPipelineUtilsThread] INFO  pipeline.PipelineStateManager (PipelineStateManager.java:addPipeline(56)) - Created pipeline Pipeline[ Id: 0d069c5c-90e5-4b15-85be-b9700bc23550, Nodes: 17815889-3159-4b7d-a729-9224ec661cb8{ip: 192.168.30.19, host: trunk-nightly-20191003-5492k-4029359510, networkLocation: /default-rack, certSerialId: null}, Type:RATIS, Factor:ONE, State:OPEN]
2019-10-03 06:20:11,597 [grpc-default-executor-7] INFO  impl.RaftServerProxy (RaftServerProxy.java:addNew(89)) - 10d765e6-1fa6-409c-a70f-26270a366817: addNew group-6270653E4082:[5bea3c7c-025d-47da-8b86-69a3d3ee378b:192.168.30.19:35185, 10d765e6-1fa6-409c-a70f-26270a366817:192.168.30.19:36940, 106fbfbb-a644-4362-b00c-94e4bf981000:192.168.30.19:46435] returns group-6270653E4082:java.util.concurrent.CompletableFuture@3f5d10d7[Not completed]
2019-10-03 06:20:11,598 [grpc-default-executor-6] INFO  impl.RaftServerProxy (RaftServerProxy.java:addNew(89)) - 5bea3c7c-025d-47da-8b86-69a3d3ee378b: addNew group-6270653E4082:[5bea3c7c-025d-47da-8b86-69a3d3ee378b:192.168.30.19:35185, 10d765e6-1fa6-409c-a70f-26270a366817:192.168.30.19:36940, 106fbfbb-a644-4362-b00c-94e4bf981000:192.168.30.19:46435] returns group-6270653E4082:java.util.concurrent.CompletableFuture@1acd92a0[Not completed]
2019-10-03 06:20:11,598 [grpc-default-executor-5] INFO  impl.RaftServerProxy (RaftServerProxy.java:addNew(89)) - 106fbfbb-a644-4362-b00c-94e4bf981000: addNew group-6270653E4082:[5bea3c7c-025d-47da-8b86-69a3d3ee378b:192.168.30.19:35185, 10d765e6-1fa6-409c-a70f-26270a366817:192.168.30.19:36940, 106fbfbb-a644-4362-b00c-94e4bf981000:192.168.30.19:46435] returns group-6270653E4082:java.util.concurrent.CompletableFuture@16db5424[Not completed]
2019-10-03 06:20:11,599 [pool-403-thread-1] INFO  impl.RaftServerImpl (RaftServerImpl.java:<init>(95)) - 10d765e6-1fa6-409c-a70f-26270a366817: new RaftServerImpl for group-6270653E4082:[5bea3c7c-025d-47da-8b86-69a3d3ee378b:192.168.30.19:35185, 10d765e6-1fa6-409c-a70f-26270a366817:192.168.30.19:36940, 106fbfbb-a644-4362-b00c-94e4bf981000:192.168.30.19:46435] with ContainerStateMachine:uninitialized
2019-10-03 06:20:11,599 [pool-403-thread-1] INFO  server.RaftServerConfigKeys (ConfUtils.java:logGet(43)) - raft.server.rpc.timeout.min = 5s (custom)
2019-10-03 06:20:11,599 [pool-403-thread-1] INFO  server.RaftServerConfigKeys (ConfUtils.java:logGet(43)) - raft.server.rpc.timeout.max = 5200ms (custom)
2019-10-03 06:20:11,599 [pool-403-thread-1] INFO  server.RaftServerConfigKeys (ConfUtils.java:logGet(43)) - raft.server.rpcslowness.timeout = 120s (custom)
2019-10-03 06:20:11,599 [pool-403-thread-1] INFO  server.RaftServerConfigKeys (ConfUtils.java:logGet(43)) - raft.server.sleep.deviation.threshold = 300 (default)
2019-10-03 06:20:11,599 [pool-403-thread-1] INFO  server.RaftServerConfigKeys (ConfUtils.java:logGet(43)) - raft.server.log.appender.install.snapshot.enabled = false (custom)
2019-10-03 06:20:11,599 [pool-423-thread-1] INFO  impl.RaftServerImpl (RaftServerImpl.java:<init>(95)) - 106fbfbb-a644-4362-b00c-94e4bf981000: new RaftServerImpl for group-6270653E4082:[5bea3c7c-025d-47da-8b86-69a3d3ee378b:192.168.30.19:35185, 10d765e6-1fa6-409c-a70f-26270a366817:192.168.30.19:36940, 106fbfbb-a644-4362-b00c-94e4bf981000:192.168.30.19:46435] with ContainerStateMachine:uninitialized
2019-10-03 06:20:11,599 [pool-403-thread-1] INFO  impl.RaftServerImpl (ServerState.java:<init>(103)) - 10d765e6-1fa6-409c-a70f-26270a366817@group-6270653E4082: ConfigurationManager, init=-1: [5bea3c7c-025d-47da-8b86-69a3d3ee378b:192.168.30.19:35185, 10d765e6-1fa6-409c-a70f-26270a366817:192.168.30.19:36940, 106fbfbb-a644-4362-b00c-94e4bf981000:192.168.30.19:46435], old=null, confs=<EMPTY_MAP>
2019-10-03 06:20:11,599 [pool-423-thread-1] INFO  server.RaftServerConfigKeys (ConfUtils.java:logGet(43)) - raft.server.rpc.timeout.min = 5s (custom)
2019-10-03 06:20:11,600 [pool-433-thread-1] INFO  impl.RaftServerImpl (RaftServerImpl.java:<init>(95)) - 5bea3c7c-025d-47da-8b86-69a3d3ee378b: new RaftServerImpl for group-6270653E4082:[5bea3c7c-025d-47da-8b86-69a3d3ee378b:192.168.30.19:35185, 10d765e6-1fa6-409c-a70f-26270a366817:192.168.30.19:36940, 106fbfbb-a644-4362-b00c-94e4bf981000:192.168.30.19:46435] with ContainerStateMachine:uninitialized
2019-10-03 06:20:11,600 [pool-403-thread-1] INFO  server.RaftServerConfigKeys (ConfUtils.java:logGet(43)) - raft.server.storage.dir = [/workdir/hadoop-ozone/integration-test/target/test-dir/MiniOzoneClusterImpl-e2c67281-891d-480f-94b5-858598808fca/datanode-2/data/ratis] (custom)
2019-10-03 06:20:11,600 [pool-433-thread-1] INFO  server.RaftServerConfigKeys (ConfUtils.java:logGet(43)) - raft.server.rpc.timeout.min = 5s (custom)
2019-10-03 06:20:11,600 [pool-423-thread-1] INFO  server.RaftServerConfigKeys (ConfUtils.java:logGet(43)) - raft.server.rpc.timeout.max = 5200ms (custom)
2019-10-03 06:20:11,600 [pool-403-thread-1] INFO  server.RaftServerConfigKeys (ConfUtils.java:logGet(43)) - raft.server.log.corruption.policy = EXCEPTION (default)
2019-10-03 06:20:11,600 [pool-433-thread-1] INFO  server.RaftServerConfigKeys (ConfUtils.java:logGet(43)) - raft.server.rpc.timeout.max = 5200ms (custom)
2019-10-03 06:20:11,600 [pool-403-thread-1] INFO  storage.RaftStorageDirectory (RaftStorageDirectory.java:analyzeStorage(246)) - The storage directory /workdir/hadoop-ozone/integration-test/target/test-dir/MiniOzoneClusterImpl-e2c67281-891d-480f-94b5-858598808fca/datanode-2/data/ratis/6cfa57b2-233a-426d-98ec-6270653e4082 does not exist. Creating ...
2019-10-03 06:20:11,600 [pool-423-thread-1] INFO  server.RaftServerConfigKeys (ConfUtils.java:logGet(43)) - raft.server.rpcslowness.timeout = 120s (custom)
2019-10-03 06:20:11,600 [pool-433-thread-1] INFO  server.RaftServerConfigKeys (ConfUtils.java:logGet(43)) - raft.server.rpcslowness.timeout = 120s (custom)
2019-10-03 06:20:11,601 [pool-423-thread-1] INFO  server.RaftServerConfigKeys (ConfUtils.java:logGet(43)) - raft.server.sleep.deviation.threshold = 300 (default)
2019-10-03 06:20:11,601 [pool-433-thread-1] INFO  server.RaftServerConfigKeys (ConfUtils.java:logGet(43)) - raft.server.sleep.deviation.threshold = 300 (default)
2019-10-03 06:20:11,601 [pool-423-thread-1] INFO  server.RaftServerConfigKeys (ConfUtils.java:logGet(43)) - raft.server.log.appender.install.snapshot.enabled = false (custom)
2019-10-03 06:20:11,601 [pool-433-thread-1] INFO  server.RaftServerConfigKeys (ConfUtils.java:logGet(43)) - raft.server.log.appender.install.snapshot.enabled = false (custom)
2019-10-03 06:20:11,601 [pool-423-thread-1] INFO  impl.RaftServerImpl (ServerState.java:<init>(103)) - 106fbfbb-a644-4362-b00c-94e4bf981000@group-6270653E4082: ConfigurationManager, init=-1: [5bea3c7c-025d-47da-8b86-69a3d3ee378b:192.168.30.19:35185, 10d765e6-1fa6-409c-a70f-26270a366817:192.168.30.19:36940, 106fbfbb-a644-4362-b00c-94e4bf981000:192.168.30.19:46435], old=null, confs=<EMPTY_MAP>
2019-10-03 06:20:11,601 [pool-433-thread-1] INFO  impl.RaftServerImpl (ServerState.java:<init>(103)) - 5bea3c7c-025d-47da-8b86-69a3d3ee378b@group-6270653E4082: ConfigurationManager, init=-1: [5bea3c7c-025d-47da-8b86-69a3d3ee378b:192.168.30.19:35185, 10d765e6-1fa6-409c-a70f-26270a366817:192.168.30.19:36940, 106fbfbb-a644-4362-b00c-94e4bf981000:192.168.30.19:46435], old=null, confs=<EMPTY_MAP>
2019-10-03 06:20:11,601 [pool-423-thread-1] INFO  server.RaftServerConfigKeys (ConfUtils.java:logGet(43)) - raft.server.storage.dir = [/workdir/hadoop-ozone/integration-test/target/test-dir/MiniOzoneClusterImpl-e2c67281-891d-480f-94b5-858598808fca/datanode-4/data/ratis] (custom)
2019-10-03 06:20:11,601 [pool-433-thread-1] INFO  server.RaftServerConfigKeys (ConfUtils.java:logGet(43)) - raft.server.storage.dir = [/workdir/hadoop-ozone/integration-test/target/test-dir/MiniOzoneClusterImpl-e2c67281-891d-480f-94b5-858598808fca/datanode-5/data/ratis] (custom)
2019-10-03 06:20:11,602 [pool-423-thread-1] INFO  server.RaftServerConfigKeys (ConfUtils.java:logGet(43)) - raft.server.log.corruption.policy = EXCEPTION (default)
2019-10-03 06:20:11,602 [pool-433-thread-1] INFO  server.RaftServerConfigKeys (ConfUtils.java:logGet(43)) - raft.server.log.corruption.policy = EXCEPTION (default)
2019-10-03 06:20:11,602 [pool-423-thread-1] INFO  storage.RaftStorageDirectory (RaftStorageDirectory.java:analyzeStorage(246)) - The storage directory /workdir/hadoop-ozone/integration-test/target/test-dir/MiniOzoneClusterImpl-e2c67281-891d-480f-94b5-858598808fca/datanode-4/data/ratis/6cfa57b2-233a-426d-98ec-6270653e4082 does not exist. Creating ...
2019-10-03 06:20:11,602 [pool-433-thread-1] INFO  storage.RaftStorageDirectory (RaftStorageDirectory.java:analyzeStorage(246)) - The storage directory /workdir/hadoop-ozone/integration-test/target/test-dir/MiniOzoneClusterImpl-e2c67281-891d-480f-94b5-858598808fca/datanode-5/data/ratis/6cfa57b2-233a-426d-98ec-6270653e4082 does not exist. Creating ...
2019-10-03 06:20:11,630 [pool-433-thread-1] INFO  storage.RaftStorageDirectory (RaftStorageDirectory.java:tryLock(328)) - Lock on /workdir/hadoop-ozone/integration-test/target/test-dir/MiniOzoneClusterImpl-e2c67281-891d-480f-94b5-858598808fca/datanode-5/data/ratis/6cfa57b2-233a-426d-98ec-6270653e4082/in_use.lock acquired by nodename 6471@trunk-nightly-20191003-5492k-4029359510
2019-10-03 06:20:11,630 [pool-423-thread-1] INFO  storage.RaftStorageDirectory (RaftStorageDirectory.java:tryLock(328)) - Lock on /workdir/hadoop-ozone/integration-test/target/test-dir/MiniOzoneClusterImpl-e2c67281-891d-480f-94b5-858598808fca/datanode-4/data/ratis/6cfa57b2-233a-426d-98ec-6270653e4082/in_use.lock acquired by nodename 6471@trunk-nightly-20191003-5492k-4029359510
2019-10-03 06:20:11,630 [pool-403-thread-1] INFO  storage.RaftStorageDirectory (RaftStorageDirectory.java:tryLock(328)) - Lock on /workdir/hadoop-ozone/integration-test/target/test-dir/MiniOzoneClusterImpl-e2c67281-891d-480f-94b5-858598808fca/datanode-2/data/ratis/6cfa57b2-233a-426d-98ec-6270653e4082/in_use.lock acquired by nodename 6471@trunk-nightly-20191003-5492k-4029359510
2019-10-03 06:20:11,656 [pool-433-thread-1] INFO  storage.RaftStorage (RaftStorage.java:format(84)) - Storage directory /workdir/hadoop-ozone/integration-test/target/test-dir/MiniOzoneClusterImpl-e2c67281-891d-480f-94b5-858598808fca/datanode-5/data/ratis/6cfa57b2-233a-426d-98ec-6270653e4082 has been successfully formatted.
2019-10-03 06:20:11,656 [pool-403-thread-1] INFO  storage.RaftStorage (RaftStorage.java:format(84)) - Storage directory /workdir/hadoop-ozone/integration-test/target/test-dir/MiniOzoneClusterImpl-e2c67281-891d-480f-94b5-858598808fca/datanode-2/data/ratis/6cfa57b2-233a-426d-98ec-6270653e4082 has been successfully formatted.
2019-10-03 06:20:11,656 [pool-423-thread-1] INFO  storage.RaftStorage (RaftStorage.java:format(84)) - Storage directory /workdir/hadoop-ozone/integration-test/target/test-dir/MiniOzoneClusterImpl-e2c67281-891d-480f-94b5-858598808fca/datanode-4/data/ratis/6cfa57b2-233a-426d-98ec-6270653e4082 has been successfully formatted.
2019-10-03 06:20:11,656 [pool-403-thread-1] INFO  ratis.ContainerStateMachine (ContainerStateMachine.java:loadSnapshot(230)) - group-6270653E4082: The snapshot info is null. Setting the last applied indexto:(t:0, i:~)
2019-10-03 06:20:11,656 [pool-433-thread-1] INFO  ratis.ContainerStateMachine (ContainerStateMachine.java:loadSnapshot(230)) - group-6270653E4082: The snapshot info is null. Setting the last applied indexto:(t:0, i:~)
2019-10-03 06:20:11,656 [pool-403-thread-1] INFO  server.RaftServerConfigKeys (ConfUtils.java:logGet(43)) - raft.server.notification.no-leader.timeout = 120s (custom)
2019-10-03 06:20:11,656 [pool-423-thread-1] INFO  ratis.ContainerStateMachine (ContainerStateMachine.java:loadSnapshot(230)) - group-6270653E4082: The snapshot info is null. Setting the last applied indexto:(t:0, i:~)
2019-10-03 06:20:11,657 [pool-403-thread-1] INFO  server.RaftServerConfigKeys (ConfUtils.java:logGet(43)) - raft.server.log.use.memory = false (default)
2019-10-03 06:20:11,657 [pool-433-thread-1] INFO  server.RaftServerConfigKeys (ConfUtils.java:logGet(43)) - raft.server.notification.no-leader.timeout = 120s (custom)
2019-10-03 06:20:11,657 [pool-403-thread-1] INFO  server.RaftServerConfigKeys (ConfUtils.java:logGet(43)) - raft.server.log.purge.gap = 1000000 (custom)
2019-10-03 06:20:11,657 [pool-423-thread-1] INFO  server.RaftServerConfigKeys (ConfUtils.java:logGet(43)) - raft.server.notification.no-leader.timeout = 120s (custom)
2019-10-03 06:20:11,657 [pool-403-thread-1] INFO  server.RaftServerConfigKeys (ConfUtils.java:logGet(43)) - raft.server.log.appender.buffer.byte-limit = 33554432 (custom)
2019-10-03 06:20:11,657 [pool-433-thread-1] INFO  server.RaftServerConfigKeys (ConfUtils.java:logGet(43)) - raft.server.log.use.memory = false (default)
2019-10-03 06:20:11,658 [pool-403-thread-1] INFO  server.RaftServerConfigKeys (ConfUtils.java:logGet(43)) - raft.server.log.segment.size.max = 1048576 (custom)
2019-10-03 06:20:11,657 [pool-423-thread-1] INFO  server.RaftServerConfigKeys (ConfUtils.java:logGet(43)) - raft.server.log.use.memory = false (default)
2019-10-03 06:20:11,658 [pool-403-thread-1] INFO  server.RaftServerConfigKeys (ConfUtils.java:logGet(43)) - raft.server.log.segment.cache.num.max = 2 (custom)
2019-10-03 06:20:11,658 [pool-433-thread-1] INFO  server.RaftServerConfigKeys (ConfUtils.java:logGet(43)) - raft.server.log.purge.gap = 1000000 (custom)
2019-10-03 06:20:11,658 [pool-403-thread-1] INFO  segmented.SegmentedRaftLogWorker (SegmentedRaftLogWorker.java:<init>(173)) - new 10d765e6-1fa6-409c-a70f-26270a366817@group-6270653E4082-SegmentedRaftLogWorker for RaftStorage:Storage Directory /workdir/hadoop-ozone/integration-test/target/test-dir/MiniOzoneClusterImpl-e2c67281-891d-480f-94b5-858598808fca/datanode-2/data/ratis/6cfa57b2-233a-426d-98ec-6270653e4082
2019-10-03 06:20:11,658 [pool-423-thread-1] INFO  server.RaftServerConfigKeys (ConfUtils.java:logGet(43)) - raft.server.log.purge.gap = 1000000 (custom)
2019-10-03 06:20:11,658 [pool-403-thread-1] INFO  server.RaftServerConfigKeys (ConfUtils.java:logGet(43)) - raft.server.log.queue.byte-limit = 2147483647 (custom)
2019-10-03 06:20:11,658 [pool-433-thread-1] INFO  server.RaftServerConfigKeys (ConfUtils.java:logGet(43)) - raft.server.log.appender.buffer.byte-limit = 33554432 (custom)
2019-10-03 06:20:11,659 [pool-403-thread-1] INFO  server.RaftServerConfigKeys (ConfUtils.java:logGet(43)) - raft.server.log.queue.element-limit = 1024 (custom)
2019-10-03 06:20:11,659 [pool-423-thread-1] INFO  server.RaftServerConfigKeys (ConfUtils.java:logGet(43)) - raft.server.log.appender.buffer.byte-limit = 33554432 (custom)
2019-10-03 06:20:11,659 [pool-403-thread-1] INFO  server.RaftServerConfigKeys (ConfUtils.java:logGet(43)) - raft.server.log.segment.size.max = 1048576 (custom)
2019-10-03 06:20:11,659 [pool-433-thread-1] INFO  server.RaftServerConfigKeys (ConfUtils.java:logGet(43)) - raft.server.log.segment.size.max = 1048576 (custom)
2019-10-03 06:20:11,659 [pool-403-thread-1] INFO  server.RaftServerConfigKeys (ConfUtils.java:logGet(43)) - raft.server.log.preallocated.size = 16384 (custom)
2019-10-03 06:20:11,659 [pool-423-thread-1] INFO  server.RaftServerConfigKeys (ConfUtils.java:logGet(43)) - raft.server.log.segment.size.max = 1048576 (custom)
2019-10-03 06:20:11,660 [pool-403-thread-1] INFO  server.RaftServerConfigKeys (ConfUtils.java:logGet(43)) - raft.server.log.write.buffer.size = 33554432 (custom)
2019-10-03 06:20:11,660 [pool-403-thread-1] INFO  server.RaftServerConfigKeys (ConfUtils.java:logGet(43)) - raft.server.log.force.sync.num = 128 (default)
2019-10-03 06:20:11,659 [pool-433-thread-1] INFO  server.RaftServerConfigKeys (ConfUtils.java:logGet(43)) - raft.server.log.segment.cache.num.max = 2 (custom)
2019-10-03 06:20:11,660 [pool-403-thread-1] INFO  server.RaftServerConfigKeys (ConfUtils.java:logGet(43)) - raft.server.log.statemachine.data.sync = true (default)
2019-10-03 06:20:11,660 [pool-423-thread-1] INFO  server.RaftServerConfigKeys (ConfUtils.java:logGet(43)) - raft.server.log.segment.cache.num.max = 2 (custom)
2019-10-03 06:20:11,660 [pool-403-thread-1] INFO  server.RaftServerConfigKeys (ConfUtils.java:logGet(43)) - raft.server.log.statemachine.data.sync.timeout = 10s (default)
2019-10-03 06:20:11,660 [pool-433-thread-1] INFO  segmented.SegmentedRaftLogWorker (SegmentedRaftLogWorker.java:<init>(173)) - new 5bea3c7c-025d-47da-8b86-69a3d3ee378b@group-6270653E4082-SegmentedRaftLogWorker for RaftStorage:Storage Directory /workdir/hadoop-ozone/integration-test/target/test-dir/MiniOzoneClusterImpl-e2c67281-891d-480f-94b5-858598808fca/datanode-5/data/ratis/6cfa57b2-233a-426d-98ec-6270653e4082
2019-10-03 06:20:11,661 [pool-403-thread-1] INFO  server.RaftServerConfigKeys (ConfUtils.java:logGet(43)) - raft.server.log.statemachine.data.sync.timeout.retry = -1 (default)
2019-10-03 06:20:11,661 [pool-423-thread-1] INFO  segmented.SegmentedRaftLogWorker (SegmentedRaftLogWorker.java:<init>(173)) - new 106fbfbb-a644-4362-b00c-94e4bf981000@group-6270653E4082-SegmentedRaftLogWorker for RaftStorage:Storage Directory /workdir/hadoop-ozone/integration-test/target/test-dir/MiniOzoneClusterImpl-e2c67281-891d-480f-94b5-858598808fca/datanode-4/data/ratis/6cfa57b2-233a-426d-98ec-6270653e4082
2019-10-03 06:20:11,661 [pool-403-thread-1] INFO  server.RaftServerConfigKeys (ConfUtils.java:logGet(43)) - raft.server.log.statemachine.data.caching.enabled = true (custom)
2019-10-03 06:20:11,661 [pool-433-thread-1] INFO  server.RaftServerConfigKeys (ConfUtils.java:logGet(43)) - raft.server.log.queue.byte-limit = 2147483647 (custom)
2019-10-03 06:20:11,661 [pool-423-thread-1] INFO  server.RaftServerConfigKeys (ConfUtils.java:logGet(43)) - raft.server.log.queue.byte-limit = 2147483647 (custom)
2019-10-03 06:20:11,661 [pool-403-thread-1] INFO  segmented.SegmentedRaftLogWorker (SegmentedRaftLogWorker.java:lambda$new$0(128)) - 10d765e6-1fa6-409c-a70f-26270a366817@group-6270653E4082-SegmentedRaftLogWorker: flushIndex: setUnconditionally 0 -> -1
2019-10-03 06:20:11,661 [pool-433-thread-1] INFO  server.RaftServerConfigKeys (ConfUtils.java:logGet(43)) - raft.server.log.queue.element-limit = 1024 (custom)
2019-10-03 06:20:11,662 [pool-403-thread-1] INFO  server.RaftServerConfigKeys (ConfUtils.java:logGet(43)) - raft.server.snapshot.auto.trigger.enabled = true (custom)
2019-10-03 06:20:11,661 [pool-423-thread-1] INFO  server.RaftServerConfigKeys (ConfUtils.java:logGet(43)) - raft.server.log.queue.element-limit = 1024 (custom)
2019-10-03 06:20:11,662 [pool-403-thread-1] INFO  server.RaftServerConfigKeys (ConfUtils.java:logGet(43)) - raft.server.snapshot.auto.trigger.threshold = 10000 (custom)
2019-10-03 06:20:11,662 [pool-403-thread-1] INFO  server.RaftServerConfigKeys (ConfUtils.java:logGet(43)) - raft.server.snapshot.retention.file.num = 5 (custom)
2019-10-03 06:20:11,662 [pool-433-thread-1] INFO  server.RaftServerConfigKeys (ConfUtils.java:logGet(43)) - raft.server.log.segment.size.max = 1048576 (custom)
2019-10-03 06:20:11,662 [pool-403-thread-1] INFO  server.RaftServerConfigKeys (ConfUtils.java:logGet(43)) - raft.server.retrycache.expirytime = 600000ms (custom)
2019-10-03 06:20:11,662 [pool-423-thread-1] INFO  server.RaftServerConfigKeys (ConfUtils.java:logGet(43)) - raft.server.log.segment.size.max = 1048576 (custom)
2019-10-03 06:20:11,663 [pool-433-thread-1] INFO  server.RaftServerConfigKeys (ConfUtils.java:logGet(43)) - raft.server.log.preallocated.size = 16384 (custom)
2019-10-03 06:20:11,663 [pool-423-thread-1] INFO  server.RaftServerConfigKeys (ConfUtils.java:logGet(43)) - raft.server.log.preallocated.size = 16384 (custom)
2019-10-03 06:20:11,663 [pool-433-thread-1] INFO  server.RaftServerConfigKeys (ConfUtils.java:logGet(43)) - raft.server.log.write.buffer.size = 33554432 (custom)
2019-10-03 06:20:11,663 [pool-423-thread-1] INFO  server.RaftServerConfigKeys (ConfUtils.java:logGet(43)) - raft.server.log.write.buffer.size = 33554432 (custom)
2019-10-03 06:20:11,663 [pool-433-thread-1] INFO  server.RaftServerConfigKeys (ConfUtils.java:logGet(43)) - raft.server.log.force.sync.num = 128 (default)
2019-10-03 06:20:11,664 [pool-423-thread-1] INFO  server.RaftServerConfigKeys (ConfUtils.java:logGet(43)) - raft.server.log.force.sync.num = 128 (default)
2019-10-03 06:20:11,664 [pool-433-thread-1] INFO  server.RaftServerConfigKeys (ConfUtils.java:logGet(43)) - raft.server.log.statemachine.data.sync = true (default)
2019-10-03 06:20:11,664 [pool-423-thread-1] INFO  server.RaftServerConfigKeys (ConfUtils.java:logGet(43)) - raft.server.log.statemachine.data.sync = true (default)
2019-10-03 06:20:11,664 [pool-433-thread-1] INFO  server.RaftServerConfigKeys (ConfUtils.java:logGet(43)) - raft.server.log.statemachine.data.sync.timeout = 10s (default)
2019-10-03 06:20:11,664 [pool-423-thread-1] INFO  server.RaftServerConfigKeys (ConfUtils.java:logGet(43)) - raft.server.log.statemachine.data.sync.timeout = 10s (default)
2019-10-03 06:20:11,664 [pool-433-thread-1] INFO  server.RaftServerConfigKeys (ConfUtils.java:logGet(43)) - raft.server.log.statemachine.data.sync.timeout.retry = -1 (default)
2019-10-03 06:20:11,664 [pool-403-thread-1] INFO  impl.RaftServerImpl (RaftServerImpl.java:start(181)) - 10d765e6-1fa6-409c-a70f-26270a366817@group-6270653E4082: start as a follower, conf=-1: [5bea3c7c-025d-47da-8b86-69a3d3ee378b:192.168.30.19:35185, 10d765e6-1fa6-409c-a70f-26270a366817:192.168.30.19:36940, 106fbfbb-a644-4362-b00c-94e4bf981000:192.168.30.19:46435], old=null
2019-10-03 06:20:11,664 [pool-423-thread-1] INFO  server.RaftServerConfigKeys (ConfUtils.java:logGet(43)) - raft.server.log.statemachine.data.sync.timeout.retry = -1 (default)
2019-10-03 06:20:11,665 [pool-403-thread-1] INFO  impl.RaftServerImpl (RaftServerImpl.java:setRole(170)) - 10d765e6-1fa6-409c-a70f-26270a366817@group-6270653E4082: changes role from      null to FOLLOWER at term 0 for startAsFollower
2019-10-03 06:20:11,665 [pool-433-thread-1] INFO  server.RaftServerConfigKeys (ConfUtils.java:logGet(43)) - raft.server.log.statemachine.data.caching.enabled = true (custom)
2019-10-03 06:20:11,665 [pool-403-thread-1] INFO  impl.RoleInfo (RoleInfo.java:updateAndGet(143)) - 10d765e6-1fa6-409c-a70f-26270a366817: start FollowerState
2019-10-03 06:20:11,665 [pool-423-thread-1] INFO  server.RaftServerConfigKeys (ConfUtils.java:logGet(43)) - raft.server.log.statemachine.data.caching.enabled = true (custom)
2019-10-03 06:20:11,665 [pool-433-thread-1] INFO  segmented.SegmentedRaftLogWorker (SegmentedRaftLogWorker.java:lambda$new$0(128)) - 5bea3c7c-025d-47da-8b86-69a3d3ee378b@group-6270653E4082-SegmentedRaftLogWorker: flushIndex: setUnconditionally 0 -> -1
2019-10-03 06:20:11,665 [pool-403-thread-1] INFO  util.JmxRegister (JmxRegister.java:tryRegister(44)) - Successfully registered JMX Bean with object name Ratis:service=RaftServer,group=group-6270653E4082,id=10d765e6-1fa6-409c-a70f-26270a366817
2019-10-03 06:20:11,666 [pool-423-thread-1] INFO  segmented.SegmentedRaftLogWorker (SegmentedRaftLogWorker.java:lambda$new$0(128)) - 106fbfbb-a644-4362-b00c-94e4bf981000@group-6270653E4082-SegmentedRaftLogWorker: flushIndex: setUnconditionally 0 -> -1
2019-10-03 06:20:11,666 [pool-433-thread-1] INFO  server.RaftServerConfigKeys (ConfUtils.java:logGet(43)) - raft.server.snapshot.auto.trigger.enabled = true (custom)
2019-10-03 06:20:11,666 [pool-433-thread-1] INFO  server.RaftServerConfigKeys (ConfUtils.java:logGet(43)) - raft.server.snapshot.auto.trigger.threshold = 10000 (custom)
2019-10-03 06:20:11,666 [pool-423-thread-1] INFO  server.RaftServerConfigKeys (ConfUtils.java:logGet(43)) - raft.server.snapshot.auto.trigger.enabled = true (custom)
2019-10-03 06:20:11,666 [pool-433-thread-1] INFO  server.RaftServerConfigKeys (ConfUtils.java:logGet(43)) - raft.server.snapshot.retention.file.num = 5 (custom)
2019-10-03 06:20:11,666 [pool-423-thread-1] INFO  server.RaftServerConfigKeys (ConfUtils.java:logGet(43)) - raft.server.snapshot.auto.trigger.threshold = 10000 (custom)
2019-10-03 06:20:11,666 [pool-433-thread-1] INFO  server.RaftServerConfigKeys (ConfUtils.java:logGet(43)) - raft.server.retrycache.expirytime = 600000ms (custom)
2019-10-03 06:20:11,666 [pool-423-thread-1] INFO  server.RaftServerConfigKeys (ConfUtils.java:logGet(43)) - raft.server.snapshot.retention.file.num = 5 (custom)
2019-10-03 06:20:11,667 [pool-423-thread-1] INFO  server.RaftServerConfigKeys (ConfUtils.java:logGet(43)) - raft.server.retrycache.expirytime = 600000ms (custom)
2019-10-03 06:20:11,670 [pool-433-thread-1] INFO  impl.RaftServerImpl (RaftServerImpl.java:start(181)) - 5bea3c7c-025d-47da-8b86-69a3d3ee378b@group-6270653E4082: start as a follower, conf=-1: [5bea3c7c-025d-47da-8b86-69a3d3ee378b:192.168.30.19:35185, 10d765e6-1fa6-409c-a70f-26270a366817:192.168.30.19:36940, 106fbfbb-a644-4362-b00c-94e4bf981000:192.168.30.19:46435], old=null
2019-10-03 06:20:11,670 [pool-423-thread-1] INFO  impl.RaftServerImpl (RaftServerImpl.java:start(181)) - 106fbfbb-a644-4362-b00c-94e4bf981000@group-6270653E4082: start as a follower, conf=-1: [5bea3c7c-025d-47da-8b86-69a3d3ee378b:192.168.30.19:35185, 10d765e6-1fa6-409c-a70f-26270a366817:192.168.30.19:36940, 106fbfbb-a644-4362-b00c-94e4bf981000:192.168.30.19:46435], old=null
2019-10-03 06:20:11,670 [pool-433-thread-1] INFO  impl.RaftServerImpl (RaftServerImpl.java:setRole(170)) - 5bea3c7c-025d-47da-8b86-69a3d3ee378b@group-6270653E4082: changes role from      null to FOLLOWER at term 0 for startAsFollower
2019-10-03 06:20:11,670 [pool-423-thread-1] INFO  impl.RaftServerImpl (RaftServerImpl.java:setRole(170)) - 106fbfbb-a644-4362-b00c-94e4bf981000@group-6270653E4082: changes role from      null to FOLLOWER at term 0 for startAsFollower
2019-10-03 06:20:11,671 [pool-433-thread-1] INFO  impl.RoleInfo (RoleInfo.java:updateAndGet(143)) - 5bea3c7c-025d-47da-8b86-69a3d3ee378b: start FollowerState
2019-10-03 06:20:11,671 [pool-423-thread-1] INFO  impl.RoleInfo (RoleInfo.java:updateAndGet(143)) - 106fbfbb-a644-4362-b00c-94e4bf981000: start FollowerState
2019-10-03 06:20:11,671 [pool-433-thread-1] INFO  util.JmxRegister (JmxRegister.java:tryRegister(44)) - Successfully registered JMX Bean with object name Ratis:service=RaftServer,group=group-6270653E4082,id=5bea3c7c-025d-47da-8b86-69a3d3ee378b
2019-10-03 06:20:11,671 [pool-423-thread-1] INFO  util.JmxRegister (JmxRegister.java:tryRegister(44)) - Successfully registered JMX Bean with object name Ratis:service=RaftServer,group=group-6270653E4082,id=106fbfbb-a644-4362-b00c-94e4bf981000
2019-10-03 06:20:11,676 [RatisPipelineUtilsThread] INFO  pipeline.PipelineStateManager (PipelineStateManager.java:addPipeline(56)) - Created pipeline Pipeline[ Id: 6cfa57b2-233a-426d-98ec-6270653e4082, Nodes: 5bea3c7c-025d-47da-8b86-69a3d3ee378b{ip: 192.168.30.19, host: trunk-nightly-20191003-5492k-4029359510, networkLocation: /default-rack, certSerialId: null}10d765e6-1fa6-409c-a70f-26270a366817{ip: 192.168.30.19, host: trunk-nightly-20191003-5492k-4029359510, networkLocation: /default-rack, certSerialId: null}106fbfbb-a644-4362-b00c-94e4bf981000{ip: 192.168.30.19, host: trunk-nightly-20191003-5492k-4029359510, networkLocation: /default-rack, certSerialId: null}, Type:RATIS, Factor:THREE, State:OPEN]
2019-10-03 06:20:11,692 [grpc-default-executor-5] INFO  impl.RaftServerProxy (RaftServerProxy.java:addNew(89)) - 4c8ddee0-ae82-41b2-88a7-be14da5056d5: addNew group-5EAE9E1136F2:[7297699a-39c3-4e8b-825a-47c14ab22132:192.168.30.19:42157, 4c8ddee0-ae82-41b2-88a7-be14da5056d5:192.168.30.19:42148, a641a122-e0ac-418f-8267-327e6230a1cd:192.168.30.19:37993] returns group-5EAE9E1136F2:java.util.concurrent.CompletableFuture@25cfc976[Not completed]
2019-10-03 06:20:11,692 [grpc-default-executor-7] INFO  impl.RaftServerProxy (RaftServerProxy.java:addNew(89)) - 7297699a-39c3-4e8b-825a-47c14ab22132: addNew group-5EAE9E1136F2:[7297699a-39c3-4e8b-825a-47c14ab22132:192.168.30.19:42157, 4c8ddee0-ae82-41b2-88a7-be14da5056d5:192.168.30.19:42148, a641a122-e0ac-418f-8267-327e6230a1cd:192.168.30.19:37993] returns group-5EAE9E1136F2:java.util.concurrent.CompletableFuture@6ac2c189[Not completed]
2019-10-03 06:20:11,692 [grpc-default-executor-6] INFO  impl.RaftServerProxy (RaftServerProxy.java:addNew(89)) - a641a122-e0ac-418f-8267-327e6230a1cd: addNew group-5EAE9E1136F2:[7297699a-39c3-4e8b-825a-47c14ab22132:192.168.30.19:42157, 4c8ddee0-ae82-41b2-88a7-be14da5056d5:192.168.30.19:42148, a641a122-e0ac-418f-8267-327e6230a1cd:192.168.30.19:37993] returns group-5EAE9E1136F2:java.util.concurrent.CompletableFuture@277018eb[Not completed]
2019-10-03 06:20:11,695 [pool-393-thread-1] INFO  impl.RaftServerImpl (RaftServerImpl.java:<init>(95)) - 4c8ddee0-ae82-41b2-88a7-be14da5056d5: new RaftServerImpl for group-5EAE9E1136F2:[7297699a-39c3-4e8b-825a-47c14ab22132:192.168.30.19:42157, 4c8ddee0-ae82-41b2-88a7-be14da5056d5:192.168.30.19:42148, a641a122-e0ac-418f-8267-327e6230a1cd:192.168.30.19:37993] with ContainerStateMachine:uninitialized
2019-10-03 06:20:11,695 [pool-393-thread-1] INFO  server.RaftServerConfigKeys (ConfUtils.java:logGet(43)) - raft.server.rpc.timeout.min = 5s (custom)
2019-10-03 06:20:11,695 [pool-393-thread-1] INFO  server.RaftServerConfigKeys (ConfUtils.java:logGet(43)) - raft.server.rpc.timeout.max = 5200ms (custom)
2019-10-03 06:20:11,696 [pool-393-thread-1] INFO  server.RaftServerConfigKeys (ConfUtils.java:logGet(43)) - raft.server.rpcslowness.timeout = 120s (custom)
2019-10-03 06:20:11,696 [pool-413-thread-1] INFO  impl.RaftServerImpl (RaftServerImpl.java:<init>(95)) - a641a122-e0ac-418f-8267-327e6230a1cd: new RaftServerImpl for group-5EAE9E1136F2:[7297699a-39c3-4e8b-825a-47c14ab22132:192.168.30.19:42157, 4c8ddee0-ae82-41b2-88a7-be14da5056d5:192.168.30.19:42148, a641a122-e0ac-418f-8267-327e6230a1cd:192.168.30.19:37993] with ContainerStateMachine:uninitialized
2019-10-03 06:20:11,696 [pool-393-thread-1] INFO  server.RaftServerConfigKeys (ConfUtils.java:logGet(43)) - raft.server.sleep.deviation.threshold = 300 (default)
2019-10-03 06:20:11,696 [pool-413-thread-1] INFO  server.RaftServerConfigKeys (ConfUtils.java:logGet(43)) - raft.server.rpc.timeout.min = 5s (custom)
2019-10-03 06:20:11,696 [pool-393-thread-1] INFO  server.RaftServerConfigKeys (ConfUtils.java:logGet(43)) - raft.server.log.appender.install.snapshot.enabled = false (custom)
2019-10-03 06:20:11,696 [pool-413-thread-1] INFO  server.RaftServerConfigKeys (ConfUtils.java:logGet(43)) - raft.server.rpc.timeout.max = 5200ms (custom)
2019-10-03 06:20:11,696 [pool-383-thread-1] INFO  impl.RaftServerImpl (RaftServerImpl.java:<init>(95)) - 7297699a-39c3-4e8b-825a-47c14ab22132: new RaftServerImpl for group-5EAE9E1136F2:[7297699a-39c3-4e8b-825a-47c14ab22132:192.168.30.19:42157, 4c8ddee0-ae82-41b2-88a7-be14da5056d5:192.168.30.19:42148, a641a122-e0ac-418f-8267-327e6230a1cd:192.168.30.19:37993] with ContainerStateMachine:uninitialized
2019-10-03 06:20:11,697 [pool-413-thread-1] INFO  server.RaftServerConfigKeys (ConfUtils.java:logGet(43)) - raft.server.rpcslowness.timeout = 120s (custom)
2019-10-03 06:20:11,696 [pool-393-thread-1] INFO  impl.RaftServerImpl (ServerState.java:<init>(103)) - 4c8ddee0-ae82-41b2-88a7-be14da5056d5@group-5EAE9E1136F2: ConfigurationManager, init=-1: [7297699a-39c3-4e8b-825a-47c14ab22132:192.168.30.19:42157, 4c8ddee0-ae82-41b2-88a7-be14da5056d5:192.168.30.19:42148, a641a122-e0ac-418f-8267-327e6230a1cd:192.168.30.19:37993], old=null, confs=<EMPTY_MAP>
2019-10-03 06:20:11,697 [pool-413-thread-1] INFO  server.RaftServerConfigKeys (ConfUtils.java:logGet(43)) - raft.server.sleep.deviation.threshold = 300 (default)
2019-10-03 06:20:11,697 [pool-383-thread-1] INFO  server.RaftServerConfigKeys (ConfUtils.java:logGet(43)) - raft.server.rpc.timeout.min = 5s (custom)
2019-10-03 06:20:11,697 [pool-413-thread-1] INFO  server.RaftServerConfigKeys (ConfUtils.java:logGet(43)) - raft.server.log.appender.install.snapshot.enabled = false (custom)
2019-10-03 06:20:11,697 [pool-393-thread-1] INFO  server.RaftServerConfigKeys (ConfUtils.java:logGet(43)) - raft.server.storage.dir = [/workdir/hadoop-ozone/integration-test/target/test-dir/MiniOzoneClusterImpl-e2c67281-891d-480f-94b5-858598808fca/datanode-1/data/ratis] (custom)
2019-10-03 06:20:11,697 [pool-413-thread-1] INFO  impl.RaftServerImpl (ServerState.java:<init>(103)) - a641a122-e0ac-418f-8267-327e6230a1cd@group-5EAE9E1136F2: ConfigurationManager, init=-1: [7297699a-39c3-4e8b-825a-47c14ab22132:192.168.30.19:42157, 4c8ddee0-ae82-41b2-88a7-be14da5056d5:192.168.30.19:42148, a641a122-e0ac-418f-8267-327e6230a1cd:192.168.30.19:37993], old=null, confs=<EMPTY_MAP>
2019-10-03 06:20:11,697 [pool-383-thread-1] INFO  server.RaftServerConfigKeys (ConfUtils.java:logGet(43)) - raft.server.rpc.timeout.max = 5200ms (custom)
2019-10-03 06:20:11,698 [pool-393-thread-1] INFO  server.RaftServerConfigKeys (ConfUtils.java:logGet(43)) - raft.server.log.corruption.policy = EXCEPTION (default)
2019-10-03 06:20:11,697 [pool-413-thread-1] INFO  server.RaftServerConfigKeys (ConfUtils.java:logGet(43)) - raft.server.storage.dir = [/workdir/hadoop-ozone/integration-test/target/test-dir/MiniOzoneClusterImpl-e2c67281-891d-480f-94b5-858598808fca/datanode-3/data/ratis] (custom)
2019-10-03 06:20:11,698 [pool-393-thread-1] INFO  storage.RaftStorageDirectory (RaftStorageDirectory.java:analyzeStorage(246)) - The storage directory /workdir/hadoop-ozone/integration-test/target/test-dir/MiniOzoneClusterImpl-e2c67281-891d-480f-94b5-858598808fca/datanode-1/data/ratis/cf528463-0d46-4357-874c-5eae9e1136f2 does not exist. Creating ...
2019-10-03 06:20:11,698 [pool-383-thread-1] INFO  server.RaftServerConfigKeys (ConfUtils.java:logGet(43)) - raft.server.rpcslowness.timeout = 120s (custom)
2019-10-03 06:20:11,698 [pool-413-thread-1] INFO  server.RaftServerConfigKeys (ConfUtils.java:logGet(43)) - raft.server.log.corruption.policy = EXCEPTION (default)
2019-10-03 06:20:11,698 [pool-383-thread-1] INFO  server.RaftServerConfigKeys (ConfUtils.java:logGet(43)) - raft.server.sleep.deviation.threshold = 300 (default)
2019-10-03 06:20:11,698 [pool-413-thread-1] INFO  storage.RaftStorageDirectory (RaftStorageDirectory.java:analyzeStorage(246)) - The storage directory /workdir/hadoop-ozone/integration-test/target/test-dir/MiniOzoneClusterImpl-e2c67281-891d-480f-94b5-858598808fca/datanode-3/data/ratis/cf528463-0d46-4357-874c-5eae9e1136f2 does not exist. Creating ...
2019-10-03 06:20:11,698 [pool-383-thread-1] INFO  server.RaftServerConfigKeys (ConfUtils.java:logGet(43)) - raft.server.log.appender.install.snapshot.enabled = false (custom)
2019-10-03 06:20:11,699 [pool-383-thread-1] INFO  impl.RaftServerImpl (ServerState.java:<init>(103)) - 7297699a-39c3-4e8b-825a-47c14ab22132@group-5EAE9E1136F2: ConfigurationManager, init=-1: [7297699a-39c3-4e8b-825a-47c14ab22132:192.168.30.19:42157, 4c8ddee0-ae82-41b2-88a7-be14da5056d5:192.168.30.19:42148, a641a122-e0ac-418f-8267-327e6230a1cd:192.168.30.19:37993], old=null, confs=<EMPTY_MAP>
2019-10-03 06:20:11,699 [pool-383-thread-1] INFO  server.RaftServerConfigKeys (ConfUtils.java:logGet(43)) - raft.server.storage.dir = [/workdir/hadoop-ozone/integration-test/target/test-dir/MiniOzoneClusterImpl-e2c67281-891d-480f-94b5-858598808fca/datanode-0/data/ratis] (custom)
2019-10-03 06:20:11,699 [pool-383-thread-1] INFO  server.RaftServerConfigKeys (ConfUtils.java:logGet(43)) - raft.server.log.corruption.policy = EXCEPTION (default)
2019-10-03 06:20:11,699 [pool-383-thread-1] INFO  storage.RaftStorageDirectory (RaftStorageDirectory.java:analyzeStorage(246)) - The storage directory /workdir/hadoop-ozone/integration-test/target/test-dir/MiniOzoneClusterImpl-e2c67281-891d-480f-94b5-858598808fca/datanode-0/data/ratis/cf528463-0d46-4357-874c-5eae9e1136f2 does not exist. Creating ...
2019-10-03 06:20:11,723 [pool-393-thread-1] INFO  storage.RaftStorageDirectory (RaftStorageDirectory.java:tryLock(328)) - Lock on /workdir/hadoop-ozone/integration-test/target/test-dir/MiniOzoneClusterImpl-e2c67281-891d-480f-94b5-858598808fca/datanode-1/data/ratis/cf528463-0d46-4357-874c-5eae9e1136f2/in_use.lock acquired by nodename 6471@trunk-nightly-20191003-5492k-4029359510
2019-10-03 06:20:11,723 [pool-413-thread-1] INFO  storage.RaftStorageDirectory (RaftStorageDirectory.java:tryLock(328)) - Lock on /workdir/hadoop-ozone/integration-test/target/test-dir/MiniOzoneClusterImpl-e2c67281-891d-480f-94b5-858598808fca/datanode-3/data/ratis/cf528463-0d46-4357-874c-5eae9e1136f2/in_use.lock acquired by nodename 6471@trunk-nightly-20191003-5492k-4029359510
2019-10-03 06:20:11,723 [pool-383-thread-1] INFO  storage.RaftStorageDirectory (RaftStorageDirectory.java:tryLock(328)) - Lock on /workdir/hadoop-ozone/integration-test/target/test-dir/MiniOzoneClusterImpl-e2c67281-891d-480f-94b5-858598808fca/datanode-0/data/ratis/cf528463-0d46-4357-874c-5eae9e1136f2/in_use.lock acquired by nodename 6471@trunk-nightly-20191003-5492k-4029359510
2019-10-03 06:20:11,749 [pool-393-thread-1] INFO  storage.RaftStorage (RaftStorage.java:format(84)) - Storage directory /workdir/hadoop-ozone/integration-test/target/test-dir/MiniOzoneClusterImpl-e2c67281-891d-480f-94b5-858598808fca/datanode-1/data/ratis/cf528463-0d46-4357-874c-5eae9e1136f2 has been successfully formatted.
2019-10-03 06:20:11,749 [pool-413-thread-1] INFO  storage.RaftStorage (RaftStorage.java:format(84)) - Storage directory /workdir/hadoop-ozone/integration-test/target/test-dir/MiniOzoneClusterImpl-e2c67281-891d-480f-94b5-858598808fca/datanode-3/data/ratis/cf528463-0d46-4357-874c-5eae9e1136f2 has been successfully formatted.
2019-10-03 06:20:11,749 [pool-383-thread-1] INFO  storage.RaftStorage (RaftStorage.java:format(84)) - Storage directory /workdir/hadoop-ozone/integration-test/target/test-dir/MiniOzoneClusterImpl-e2c67281-891d-480f-94b5-858598808fca/datanode-0/data/ratis/cf528463-0d46-4357-874c-5eae9e1136f2 has been successfully formatted.
2019-10-03 06:20:11,749 [pool-393-thread-1] INFO  ratis.ContainerStateMachine (ContainerStateMachine.java:loadSnapshot(230)) - group-5EAE9E1136F2: The snapshot info is null. Setting the last applied indexto:(t:0, i:~)
2019-10-03 06:20:11,749 [pool-413-thread-1] INFO  ratis.ContainerStateMachine (ContainerStateMachine.java:loadSnapshot(230)) - group-5EAE9E1136F2: The snapshot info is null. Setting the last applied indexto:(t:0, i:~)
2019-10-03 06:20:11,749 [pool-393-thread-1] INFO  server.RaftServerConfigKeys (ConfUtils.java:logGet(43)) - raft.server.notification.no-leader.timeout = 120s (custom)
2019-10-03 06:20:11,749 [pool-383-thread-1] INFO  ratis.ContainerStateMachine (ContainerStateMachine.java:loadSnapshot(230)) - group-5EAE9E1136F2: The snapshot info is null. Setting the last applied indexto:(t:0, i:~)
2019-10-03 06:20:11,750 [pool-393-thread-1] INFO  server.RaftServerConfigKeys (ConfUtils.java:logGet(43)) - raft.server.log.use.memory = false (default)
2019-10-03 06:20:11,749 [pool-413-thread-1] INFO  server.RaftServerConfigKeys (ConfUtils.java:logGet(43)) - raft.server.notification.no-leader.timeout = 120s (custom)
2019-10-03 06:20:11,750 [pool-393-thread-1] INFO  server.RaftServerConfigKeys (ConfUtils.java:logGet(43)) - raft.server.log.purge.gap = 1000000 (custom)
2019-10-03 06:20:11,750 [pool-383-thread-1] INFO  server.RaftServerConfigKeys (ConfUtils.java:logGet(43)) - raft.server.notification.no-leader.timeout = 120s (custom)
2019-10-03 06:20:11,750 [pool-413-thread-1] INFO  server.RaftServerConfigKeys (ConfUtils.java:logGet(43)) - raft.server.log.use.memory = false (default)
2019-10-03 06:20:11,750 [pool-393-thread-1] INFO  server.RaftServerConfigKeys (ConfUtils.java:logGet(43)) - raft.server.log.appender.buffer.byte-limit = 33554432 (custom)
2019-10-03 06:20:11,750 [pool-413-thread-1] INFO  server.RaftServerConfigKeys (ConfUtils.java:logGet(43)) - raft.server.log.purge.gap = 1000000 (custom)
2019-10-03 06:20:11,750 [pool-383-thread-1] INFO  server.RaftServerConfigKeys (ConfUtils.java:logGet(43)) - raft.server.log.use.memory = false (default)
2019-10-03 06:20:11,750 [pool-413-thread-1] INFO  server.RaftServerConfigKeys (ConfUtils.java:logGet(43)) - raft.server.log.appender.buffer.byte-limit = 33554432 (custom)
2019-10-03 06:20:11,750 [pool-393-thread-1] INFO  server.RaftServerConfigKeys (ConfUtils.java:logGet(43)) - raft.server.log.segment.size.max = 1048576 (custom)
2019-10-03 06:20:11,751 [pool-413-thread-1] INFO  server.RaftServerConfigKeys (ConfUtils.java:logGet(43)) - raft.server.log.segment.size.max = 1048576 (custom)
2019-10-03 06:20:11,751 [pool-383-thread-1] INFO  server.RaftServerConfigKeys (ConfUtils.java:logGet(43)) - raft.server.log.purge.gap = 1000000 (custom)
2019-10-03 06:20:11,751 [pool-413-thread-1] INFO  server.RaftServerConfigKeys (ConfUtils.java:logGet(43)) - raft.server.log.segment.cache.num.max = 2 (custom)
2019-10-03 06:20:11,751 [pool-393-thread-1] INFO  server.RaftServerConfigKeys (ConfUtils.java:logGet(43)) - raft.server.log.segment.cache.num.max = 2 (custom)
2019-10-03 06:20:11,751 [pool-413-thread-1] INFO  segmented.SegmentedRaftLogWorker (SegmentedRaftLogWorker.java:<init>(173)) - new a641a122-e0ac-418f-8267-327e6230a1cd@group-5EAE9E1136F2-SegmentedRaftLogWorker for RaftStorage:Storage Directory /workdir/hadoop-ozone/integration-test/target/test-dir/MiniOzoneClusterImpl-e2c67281-891d-480f-94b5-858598808fca/datanode-3/data/ratis/cf528463-0d46-4357-874c-5eae9e1136f2
2019-10-03 06:20:11,751 [pool-383-thread-1] INFO  server.RaftServerConfigKeys (ConfUtils.java:logGet(43)) - raft.server.log.appender.buffer.byte-limit = 33554432 (custom)
2019-10-03 06:20:11,751 [pool-413-thread-1] INFO  server.RaftServerConfigKeys (ConfUtils.java:logGet(43)) - raft.server.log.queue.byte-limit = 2147483647 (custom)
2019-10-03 06:20:11,751 [pool-393-thread-1] INFO  segmented.SegmentedRaftLogWorker (SegmentedRaftLogWorker.java:<init>(173)) - new 4c8ddee0-ae82-41b2-88a7-be14da5056d5@group-5EAE9E1136F2-SegmentedRaftLogWorker for RaftStorage:Storage Directory /workdir/hadoop-ozone/integration-test/target/test-dir/MiniOzoneClusterImpl-e2c67281-891d-480f-94b5-858598808fca/datanode-1/data/ratis/cf528463-0d46-4357-874c-5eae9e1136f2
2019-10-03 06:20:11,751 [pool-413-thread-1] INFO  server.RaftServerConfigKeys (ConfUtils.java:logGet(43)) - raft.server.log.queue.element-limit = 1024 (custom)
2019-10-03 06:20:11,751 [pool-383-thread-1] INFO  server.RaftServerConfigKeys (ConfUtils.java:logGet(43)) - raft.server.log.segment.size.max = 1048576 (custom)
2019-10-03 06:20:11,752 [pool-413-thread-1] INFO  server.RaftServerConfigKeys (ConfUtils.java:logGet(43)) - raft.server.log.segment.size.max = 1048576 (custom)
2019-10-03 06:20:11,752 [pool-393-thread-1] INFO  server.RaftServerConfigKeys (ConfUtils.java:logGet(43)) - raft.server.log.queue.byte-limit = 2147483647 (custom)
2019-10-03 06:20:11,752 [pool-413-thread-1] INFO  server.RaftServerConfigKeys (ConfUtils.java:logGet(43)) - raft.server.log.preallocated.size = 16384 (custom)
2019-10-03 06:20:11,752 [pool-383-thread-1] INFO  server.RaftServerConfigKeys (ConfUtils.java:logGet(43)) - raft.server.log.segment.cache.num.max = 2 (custom)
2019-10-03 06:20:11,752 [pool-413-thread-1] INFO  server.RaftServerConfigKeys (ConfUtils.java:logGet(43)) - raft.server.log.write.buffer.size = 33554432 (custom)
2019-10-03 06:20:11,752 [pool-393-thread-1] INFO  server.RaftServerConfigKeys (ConfUtils.java:logGet(43)) - raft.server.log.queue.element-limit = 1024 (custom)
2019-10-03 06:20:11,752 [pool-413-thread-1] INFO  server.RaftServerConfigKeys (ConfUtils.java:logGet(43)) - raft.server.log.force.sync.num = 128 (default)
2019-10-03 06:20:11,752 [pool-383-thread-1] INFO  segmented.SegmentedRaftLogWorker (SegmentedRaftLogWorker.java:<init>(173)) - new 7297699a-39c3-4e8b-825a-47c14ab22132@group-5EAE9E1136F2-SegmentedRaftLogWorker for RaftStorage:Storage Directory /workdir/hadoop-ozone/integration-test/target/test-dir/MiniOzoneClusterImpl-e2c67281-891d-480f-94b5-858598808fca/datanode-0/data/ratis/cf528463-0d46-4357-874c-5eae9e1136f2
2019-10-03 06:20:11,752 [pool-413-thread-1] INFO  server.RaftServerConfigKeys (ConfUtils.java:logGet(43)) - raft.server.log.statemachine.data.sync = true (default)
2019-10-03 06:20:11,752 [pool-393-thread-1] INFO  server.RaftServerConfigKeys (ConfUtils.java:logGet(43)) - raft.server.log.segment.size.max = 1048576 (custom)
2019-10-03 06:20:11,753 [pool-413-thread-1] INFO  server.RaftServerConfigKeys (ConfUtils.java:logGet(43)) - raft.server.log.statemachine.data.sync.timeout = 10s (default)
2019-10-03 06:20:11,753 [pool-383-thread-1] INFO  server.RaftServerConfigKeys (ConfUtils.java:logGet(43)) - raft.server.log.queue.byte-limit = 2147483647 (custom)
2019-10-03 06:20:11,753 [pool-413-thread-1] INFO  server.RaftServerConfigKeys (ConfUtils.java:logGet(43)) - raft.server.log.statemachine.data.sync.timeout.retry = -1 (default)
2019-10-03 06:20:11,753 [pool-393-thread-1] INFO  server.RaftServerConfigKeys (ConfUtils.java:logGet(43)) - raft.server.log.preallocated.size = 16384 (custom)
2019-10-03 06:20:11,753 [pool-413-thread-1] INFO  server.RaftServerConfigKeys (ConfUtils.java:logGet(43)) - raft.server.log.statemachine.data.caching.enabled = true (custom)
2019-10-03 06:20:11,753 [pool-383-thread-1] INFO  server.RaftServerConfigKeys (ConfUtils.java:logGet(43)) - raft.server.log.queue.element-limit = 1024 (custom)
2019-10-03 06:20:11,753 [pool-393-thread-1] INFO  server.RaftServerConfigKeys (ConfUtils.java:logGet(43)) - raft.server.log.write.buffer.size = 33554432 (custom)
2019-10-03 06:20:11,753 [pool-413-thread-1] INFO  segmented.SegmentedRaftLogWorker (SegmentedRaftLogWorker.java:lambda$new$0(128)) - a641a122-e0ac-418f-8267-327e6230a1cd@group-5EAE9E1136F2-SegmentedRaftLogWorker: flushIndex: setUnconditionally 0 -> -1
2019-10-03 06:20:11,753 [pool-383-thread-1] INFO  server.RaftServerConfigKeys (ConfUtils.java:logGet(43)) - raft.server.log.segment.size.max = 1048576 (custom)
2019-10-03 06:20:11,753 [pool-393-thread-1] INFO  server.RaftServerConfigKeys (ConfUtils.java:logGet(43)) - raft.server.log.force.sync.num = 128 (default)
2019-10-03 06:20:11,754 [pool-383-thread-1] INFO  server.RaftServerConfigKeys (ConfUtils.java:logGet(43)) - raft.server.log.preallocated.size = 16384 (custom)
2019-10-03 06:20:11,754 [pool-413-thread-1] INFO  server.RaftServerConfigKeys (ConfUtils.java:logGet(43)) - raft.server.snapshot.auto.trigger.enabled = true (custom)
2019-10-03 06:20:11,754 [pool-383-thread-1] INFO  server.RaftServerConfigKeys (ConfUtils.java:logGet(43)) - raft.server.log.write.buffer.size = 33554432 (custom)
2019-10-03 06:20:11,754 [pool-393-thread-1] INFO  server.RaftServerConfigKeys (ConfUtils.java:logGet(43)) - raft.server.log.statemachine.data.sync = true (default)
2019-10-03 06:20:11,754 [pool-383-thread-1] INFO  server.RaftServerConfigKeys (ConfUtils.java:logGet(43)) - raft.server.log.force.sync.num = 128 (default)
2019-10-03 06:20:11,754 [pool-413-thread-1] INFO  server.RaftServerConfigKeys (ConfUtils.java:logGet(43)) - raft.server.snapshot.auto.trigger.threshold = 10000 (custom)
2019-10-03 06:20:11,754 [pool-383-thread-1] INFO  server.RaftServerConfigKeys (ConfUtils.java:logGet(43)) - raft.server.log.statemachine.data.sync = true (default)
2019-10-03 06:20:11,754 [pool-393-thread-1] INFO  server.RaftServerConfigKeys (ConfUtils.java:logGet(43)) - raft.server.log.statemachine.data.sync.timeout = 10s (default)
2019-10-03 06:20:11,755 [pool-383-thread-1] INFO  server.RaftServerConfigKeys (ConfUtils.java:logGet(43)) - raft.server.log.statemachine.data.sync.timeout = 10s (default)
2019-10-03 06:20:11,755 [pool-383-thread-1] INFO  server.RaftServerConfigKeys (ConfUtils.java:logGet(43)) - raft.server.log.statemachine.data.sync.timeout.retry = -1 (default)
2019-10-03 06:20:11,754 [pool-413-thread-1] INFO  server.RaftServerConfigKeys (ConfUtils.java:logGet(43)) - raft.server.snapshot.retention.file.num = 5 (custom)
2019-10-03 06:20:11,755 [pool-383-thread-1] INFO  server.RaftServerConfigKeys (ConfUtils.java:logGet(43)) - raft.server.log.statemachine.data.caching.enabled = true (custom)
2019-10-03 06:20:11,755 [pool-393-thread-1] INFO  server.RaftServerConfigKeys (ConfUtils.java:logGet(43)) - raft.server.log.statemachine.data.sync.timeout.retry = -1 (default)
2019-10-03 06:20:11,755 [pool-413-thread-1] INFO  server.RaftServerConfigKeys (ConfUtils.java:logGet(43)) - raft.server.retrycache.expirytime = 600000ms (custom)
2019-10-03 06:20:11,755 [pool-393-thread-1] INFO  server.RaftServerConfigKeys (ConfUtils.java:logGet(43)) - raft.server.log.statemachine.data.caching.enabled = true (custom)
2019-10-03 06:20:11,755 [pool-383-thread-1] INFO  segmented.SegmentedRaftLogWorker (SegmentedRaftLogWorker.java:lambda$new$0(128)) - 7297699a-39c3-4e8b-825a-47c14ab22132@group-5EAE9E1136F2-SegmentedRaftLogWorker: flushIndex: setUnconditionally 0 -> -1
2019-10-03 06:20:11,755 [pool-393-thread-1] INFO  segmented.SegmentedRaftLogWorker (SegmentedRaftLogWorker.java:lambda$new$0(128)) - 4c8ddee0-ae82-41b2-88a7-be14da5056d5@group-5EAE9E1136F2-SegmentedRaftLogWorker: flushIndex: setUnconditionally 0 -> -1
2019-10-03 06:20:11,756 [pool-383-thread-1] INFO  server.RaftServerConfigKeys (ConfUtils.java:logGet(43)) - raft.server.snapshot.auto.trigger.enabled = true (custom)
2019-10-03 06:20:11,756 [pool-393-thread-1] INFO  server.RaftServerConfigKeys (ConfUtils.java:logGet(43)) - raft.server.snapshot.auto.trigger.enabled = true (custom)
2019-10-03 06:20:11,756 [pool-383-thread-1] INFO  server.RaftServerConfigKeys (ConfUtils.java:logGet(43)) - raft.server.snapshot.auto.trigger.threshold = 10000 (custom)
2019-10-03 06:20:11,756 [pool-393-thread-1] INFO  server.RaftServerConfigKeys (ConfUtils.java:logGet(43)) - raft.server.snapshot.auto.trigger.threshold = 10000 (custom)
2019-10-03 06:20:11,756 [pool-383-thread-1] INFO  server.RaftServerConfigKeys (ConfUtils.java:logGet(43)) - raft.server.snapshot.retention.file.num = 5 (custom)
2019-10-03 06:20:11,756 [pool-393-thread-1] INFO  server.RaftServerConfigKeys (ConfUtils.java:logGet(43)) - raft.server.snapshot.retention.file.num = 5 (custom)
2019-10-03 06:20:11,756 [pool-383-thread-1] INFO  server.RaftServerConfigKeys (ConfUtils.java:logGet(43)) - raft.server.retrycache.expirytime = 600000ms (custom)
2019-10-03 06:20:11,756 [pool-393-thread-1] INFO  server.RaftServerConfigKeys (ConfUtils.java:logGet(43)) - raft.server.retrycache.expirytime = 600000ms (custom)
2019-10-03 06:20:11,757 [pool-413-thread-1] INFO  impl.RaftServerImpl (RaftServerImpl.java:start(181)) - a641a122-e0ac-418f-8267-327e6230a1cd@group-5EAE9E1136F2: start as a follower, conf=-1: [7297699a-39c3-4e8b-825a-47c14ab22132:192.168.30.19:42157, 4c8ddee0-ae82-41b2-88a7-be14da5056d5:192.168.30.19:42148, a641a122-e0ac-418f-8267-327e6230a1cd:192.168.30.19:37993], old=null
2019-10-03 06:20:11,757 [pool-413-thread-1] INFO  impl.RaftServerImpl (RaftServerImpl.java:setRole(170)) - a641a122-e0ac-418f-8267-327e6230a1cd@group-5EAE9E1136F2: changes role from      null to FOLLOWER at term 0 for startAsFollower
2019-10-03 06:20:11,757 [pool-413-thread-1] INFO  impl.RoleInfo (RoleInfo.java:updateAndGet(143)) - a641a122-e0ac-418f-8267-327e6230a1cd: start FollowerState
2019-10-03 06:20:11,757 [pool-413-thread-1] INFO  util.JmxRegister (JmxRegister.java:tryRegister(44)) - Successfully registered JMX Bean with object name Ratis:service=RaftServer,group=group-5EAE9E1136F2,id=a641a122-e0ac-418f-8267-327e6230a1cd
2019-10-03 06:20:11,759 [pool-383-thread-1] INFO  impl.RaftServerImpl (RaftServerImpl.java:start(181)) - 7297699a-39c3-4e8b-825a-47c14ab22132@group-5EAE9E1136F2: start as a follower, conf=-1: [7297699a-39c3-4e8b-825a-47c14ab22132:192.168.30.19:42157, 4c8ddee0-ae82-41b2-88a7-be14da5056d5:192.168.30.19:42148, a641a122-e0ac-418f-8267-327e6230a1cd:192.168.30.19:37993], old=null
2019-10-03 06:20:11,759 [pool-393-thread-1] INFO  impl.RaftServerImpl (RaftServerImpl.java:start(181)) - 4c8ddee0-ae82-41b2-88a7-be14da5056d5@group-5EAE9E1136F2: start as a follower, conf=-1: [7297699a-39c3-4e8b-825a-47c14ab22132:192.168.30.19:42157, 4c8ddee0-ae82-41b2-88a7-be14da5056d5:192.168.30.19:42148, a641a122-e0ac-418f-8267-327e6230a1cd:192.168.30.19:37993], old=null
2019-10-03 06:20:11,759 [pool-383-thread-1] INFO  impl.RaftServerImpl (RaftServerImpl.java:setRole(170)) - 7297699a-39c3-4e8b-825a-47c14ab22132@group-5EAE9E1136F2: changes role from      null to FOLLOWER at term 0 for startAsFollower
2019-10-03 06:20:11,759 [pool-393-thread-1] INFO  impl.RaftServerImpl (RaftServerImpl.java:setRole(170)) - 4c8ddee0-ae82-41b2-88a7-be14da5056d5@group-5EAE9E1136F2: changes role from      null to FOLLOWER at term 0 for startAsFollower
2019-10-03 06:20:11,759 [pool-383-thread-1] INFO  impl.RoleInfo (RoleInfo.java:updateAndGet(143)) - 7297699a-39c3-4e8b-825a-47c14ab22132: start FollowerState
2019-10-03 06:20:11,759 [pool-393-thread-1] INFO  impl.RoleInfo (RoleInfo.java:updateAndGet(143)) - 4c8ddee0-ae82-41b2-88a7-be14da5056d5: start FollowerState
2019-10-03 06:20:11,760 [pool-383-thread-1] INFO  util.JmxRegister (JmxRegister.java:tryRegister(44)) - Successfully registered JMX Bean with object name Ratis:service=RaftServer,group=group-5EAE9E1136F2,id=7297699a-39c3-4e8b-825a-47c14ab22132
2019-10-03 06:20:11,760 [pool-393-thread-1] INFO  util.JmxRegister (JmxRegister.java:tryRegister(44)) - Successfully registered JMX Bean with object name Ratis:service=RaftServer,group=group-5EAE9E1136F2,id=4c8ddee0-ae82-41b2-88a7-be14da5056d5
2019-10-03 06:20:11,764 [RatisPipelineUtilsThread] INFO  pipeline.PipelineStateManager (PipelineStateManager.java:addPipeline(56)) - Created pipeline Pipeline[ Id: cf528463-0d46-4357-874c-5eae9e1136f2, Nodes: a641a122-e0ac-418f-8267-327e6230a1cd{ip: 192.168.30.19, host: trunk-nightly-20191003-5492k-4029359510, networkLocation: /default-rack, certSerialId: null}4c8ddee0-ae82-41b2-88a7-be14da5056d5{ip: 192.168.30.19, host: trunk-nightly-20191003-5492k-4029359510, networkLocation: /default-rack, certSerialId: null}7297699a-39c3-4e8b-825a-47c14ab22132{ip: 192.168.30.19, host: trunk-nightly-20191003-5492k-4029359510, networkLocation: /default-rack, certSerialId: null}, Type:RATIS, Factor:THREE, State:OPEN]
2019-10-03 06:20:12,453 [main] INFO  ozone.MiniOzoneClusterImpl (MiniOzoneClusterImpl.java:lambda$waitForClusterToBeReady$0(147)) - Cluster is ready. Got 7 of 7 DN Heartbeats.
2019-10-03 06:20:12,506 [main] INFO  rpc.RpcClient (RpcClient.java:createVolume(277)) - Creating Volume: watchforcommithandlingtest, with jenkins1000 as owner.
2019-10-03 06:20:12,509 [IPC Server handler 3 on 43729] INFO  volume.OMVolumeCreateRequest (OMVolumeCreateRequest.java:validateAndUpdateCache(193)) - created volume:watchforcommithandlingtest for user:jenkins1000
2019-10-03 06:20:12,528 [main] INFO  rpc.RpcClient (RpcClient.java:createBucket(416)) - Creating Bucket: watchforcommithandlingtest/watchforcommithandlingtest, with Versioning false and Storage Type set to DISK and Encryption set to false 
2019-10-03 06:20:12,533 [main] INFO  ozone.MiniOzoneClusterImpl (MiniOzoneClusterImpl.java:getStorageContainerLocationClient(234)) - Creating StorageContainerLocationProtocol RPC client with address /0.0.0.0:38844
2019-10-03 06:20:14,065 [Thread-2390] INFO  container.ReplicationManager (ReplicationManager.java:start(162)) - Starting Replication Monitor Thread.
2019-10-03 06:20:14,070 [ReplicationMonitor] INFO  container.ReplicationManager (ReplicationManager.java:run(225)) - Replication Monitor Thread took 0 milliseconds for processing 1 containers.
2019-10-03 06:20:16,257 [Thread-2395] INFO  impl.FollowerState (FollowerState.java:run(108)) - 4c8ddee0-ae82-41b2-88a7-be14da5056d5@group-BD736C051F38-FollowerState: change to CANDIDATE, lastRpcTime:5048ms, electionTimeout:5048ms
2019-10-03 06:20:16,258 [Thread-2395] INFO  impl.RoleInfo (RoleInfo.java:shutdownFollowerState(121)) - 4c8ddee0-ae82-41b2-88a7-be14da5056d5: shutdown FollowerState
2019-10-03 06:20:16,258 [Thread-2395] INFO  impl.RaftServerImpl (RaftServerImpl.java:setRole(170)) - 4c8ddee0-ae82-41b2-88a7-be14da5056d5@group-BD736C051F38: changes role from  FOLLOWER to CANDIDATE at term 0 for changeToCandidate
2019-10-03 06:20:16,259 [Thread-2395] INFO  impl.RoleInfo (RoleInfo.java:updateAndGet(143)) - 4c8ddee0-ae82-41b2-88a7-be14da5056d5: start LeaderElection
2019-10-03 06:20:16,287 [Thread-2392] INFO  impl.FollowerState (FollowerState.java:run(108)) - 7297699a-39c3-4e8b-825a-47c14ab22132@group-B8706983D435-FollowerState: change to CANDIDATE, lastRpcTime:5150ms, electionTimeout:5150ms
2019-10-03 06:20:16,288 [Thread-2392] INFO  impl.RoleInfo (RoleInfo.java:shutdownFollowerState(121)) - 7297699a-39c3-4e8b-825a-47c14ab22132: shutdown FollowerState
2019-10-03 06:20:16,288 [Thread-2392] INFO  impl.RaftServerImpl (RaftServerImpl.java:setRole(170)) - 7297699a-39c3-4e8b-825a-47c14ab22132@group-B8706983D435: changes role from  FOLLOWER to CANDIDATE at term 0 for changeToCandidate
2019-10-03 06:20:16,288 [Thread-2392] INFO  impl.RoleInfo (RoleInfo.java:updateAndGet(143)) - 7297699a-39c3-4e8b-825a-47c14ab22132: start LeaderElection
2019-10-03 06:20:16,294 [4c8ddee0-ae82-41b2-88a7-be14da5056d5@group-BD736C051F38-LeaderElection70] INFO  impl.LeaderElection (LeaderElection.java:askForVotes(178)) - 4c8ddee0-ae82-41b2-88a7-be14da5056d5@group-BD736C051F38-LeaderElection70: begin an election at term 1 for -1: [4c8ddee0-ae82-41b2-88a7-be14da5056d5:192.168.30.19:42148], old=null
2019-10-03 06:20:16,294 [4c8ddee0-ae82-41b2-88a7-be14da5056d5@group-BD736C051F38-LeaderElection70] INFO  impl.RoleInfo (RoleInfo.java:shutdownLeaderElection(134)) - 4c8ddee0-ae82-41b2-88a7-be14da5056d5: shutdown LeaderElection
2019-10-03 06:20:16,294 [4c8ddee0-ae82-41b2-88a7-be14da5056d5@group-BD736C051F38-LeaderElection70] INFO  impl.RaftServerImpl (RaftServerImpl.java:setRole(170)) - 4c8ddee0-ae82-41b2-88a7-be14da5056d5@group-BD736C051F38: changes role from CANDIDATE to LEADER at term 1 for changeToLeader
2019-10-03 06:20:16,294 [4c8ddee0-ae82-41b2-88a7-be14da5056d5@group-BD736C051F38-LeaderElection70] INFO  impl.RaftServerImpl (ServerState.java:setLeader(255)) - 4c8ddee0-ae82-41b2-88a7-be14da5056d5@group-BD736C051F38: change Leader from null to 4c8ddee0-ae82-41b2-88a7-be14da5056d5 at term 1 for becomeLeader, leader elected after 5093ms
2019-10-03 06:20:16,294 [4c8ddee0-ae82-41b2-88a7-be14da5056d5@group-BD736C051F38-LeaderElection70] INFO  server.RaftServerConfigKeys (ConfUtils.java:logGet(43)) - raft.server.staging.catchup.gap = 1000 (default)
2019-10-03 06:20:16,295 [4c8ddee0-ae82-41b2-88a7-be14da5056d5@group-BD736C051F38-LeaderElection70] INFO  server.RaftServerConfigKeys (ConfUtils.java:logGet(43)) - raft.server.rpc.sleep.time = 25ms (default)
2019-10-03 06:20:16,295 [4c8ddee0-ae82-41b2-88a7-be14da5056d5@group-BD736C051F38-LeaderElection70] INFO  server.RaftServerConfigKeys (ConfUtils.java:logGet(43)) - raft.server.write.element-limit = 4096 (default)
2019-10-03 06:20:16,295 [4c8ddee0-ae82-41b2-88a7-be14da5056d5@group-BD736C051F38-LeaderElection70] INFO  server.RaftServerConfigKeys (ConfUtils.java:logGet(43)) - raft.server.watch.timeout = 10s (default)
2019-10-03 06:20:16,295 [4c8ddee0-ae82-41b2-88a7-be14da5056d5@group-BD736C051F38-LeaderElection70] INFO  server.RaftServerConfigKeys (ConfUtils.java:logGet(43)) - raft.server.watch.timeout.denomination = 1s (default)
2019-10-03 06:20:16,296 [4c8ddee0-ae82-41b2-88a7-be14da5056d5@group-BD736C051F38-LeaderElection70] INFO  server.RaftServerConfigKeys (ConfUtils.java:logGet(43)) - raft.server.watch.element-limit = 65536 (default)
2019-10-03 06:20:16,298 [4c8ddee0-ae82-41b2-88a7-be14da5056d5@group-BD736C051F38-LeaderElection70] INFO  impl.RoleInfo (RoleInfo.java:updateAndGet(143)) - 4c8ddee0-ae82-41b2-88a7-be14da5056d5: start LeaderState
2019-10-03 06:20:16,299 [4c8ddee0-ae82-41b2-88a7-be14da5056d5@group-BD736C051F38-LeaderElection70] INFO  segmented.SegmentedRaftLogWorker (SegmentedRaftLogWorker.java:startLogSegment(385)) - 4c8ddee0-ae82-41b2-88a7-be14da5056d5@group-BD736C051F38-SegmentedRaftLogWorker: Starting segment from index:0
2019-10-03 06:20:16,300 [4c8ddee0-ae82-41b2-88a7-be14da5056d5@group-BD736C051F38-LeaderElection70] INFO  impl.RaftServerImpl (ServerState.java:setRaftConf(356)) - 4c8ddee0-ae82-41b2-88a7-be14da5056d5@group-BD736C051F38: set configuration 0: [4c8ddee0-ae82-41b2-88a7-be14da5056d5:192.168.30.19:42148], old=null at 0
2019-10-03 06:20:16,316 [7297699a-39c3-4e8b-825a-47c14ab22132@group-B8706983D435-LeaderElection71] INFO  impl.LeaderElection (LeaderElection.java:askForVotes(178)) - 7297699a-39c3-4e8b-825a-47c14ab22132@group-B8706983D435-LeaderElection71: begin an election at term 1 for -1: [7297699a-39c3-4e8b-825a-47c14ab22132:192.168.30.19:42157], old=null
2019-10-03 06:20:16,317 [7297699a-39c3-4e8b-825a-47c14ab22132@group-B8706983D435-LeaderElection71] INFO  impl.RoleInfo (RoleInfo.java:shutdownLeaderElection(134)) - 7297699a-39c3-4e8b-825a-47c14ab22132: shutdown LeaderElection
2019-10-03 06:20:16,317 [7297699a-39c3-4e8b-825a-47c14ab22132@group-B8706983D435-LeaderElection71] INFO  impl.RaftServerImpl (RaftServerImpl.java:setRole(170)) - 7297699a-39c3-4e8b-825a-47c14ab22132@group-B8706983D435: changes role from CANDIDATE to LEADER at term 1 for changeToLeader
2019-10-03 06:20:16,317 [7297699a-39c3-4e8b-825a-47c14ab22132@group-B8706983D435-LeaderElection71] INFO  impl.RaftServerImpl (ServerState.java:setLeader(255)) - 7297699a-39c3-4e8b-825a-47c14ab22132@group-B8706983D435: change Leader from null to 7297699a-39c3-4e8b-825a-47c14ab22132 at term 1 for becomeLeader, leader elected after 5186ms
2019-10-03 06:20:16,317 [7297699a-39c3-4e8b-825a-47c14ab22132@group-B8706983D435-LeaderElection71] INFO  server.RaftServerConfigKeys (ConfUtils.java:logGet(43)) - raft.server.staging.catchup.gap = 1000 (default)
2019-10-03 06:20:16,317 [7297699a-39c3-4e8b-825a-47c14ab22132@group-B8706983D435-LeaderElection71] INFO  server.RaftServerConfigKeys (ConfUtils.java:logGet(43)) - raft.server.rpc.sleep.time = 25ms (default)
2019-10-03 06:20:16,317 [7297699a-39c3-4e8b-825a-47c14ab22132@group-B8706983D435-LeaderElection71] INFO  server.RaftServerConfigKeys (ConfUtils.java:logGet(43)) - raft.server.write.element-limit = 4096 (default)
2019-10-03 06:20:16,318 [7297699a-39c3-4e8b-825a-47c14ab22132@group-B8706983D435-LeaderElection71] INFO  server.RaftServerConfigKeys (ConfUtils.java:logGet(43)) - raft.server.watch.timeout = 10s (default)
2019-10-03 06:20:16,318 [7297699a-39c3-4e8b-825a-47c14ab22132@group-B8706983D435-LeaderElection71] INFO  server.RaftServerConfigKeys (ConfUtils.java:logGet(43)) - raft.server.watch.timeout.denomination = 1s (default)
2019-10-03 06:20:16,318 [7297699a-39c3-4e8b-825a-47c14ab22132@group-B8706983D435-LeaderElection71] INFO  server.RaftServerConfigKeys (ConfUtils.java:logGet(43)) - raft.server.watch.element-limit = 65536 (default)
2019-10-03 06:20:16,320 [7297699a-39c3-4e8b-825a-47c14ab22132@group-B8706983D435-LeaderElection71] INFO  impl.RoleInfo (RoleInfo.java:updateAndGet(143)) - 7297699a-39c3-4e8b-825a-47c14ab22132: start LeaderState
2019-10-03 06:20:16,320 [7297699a-39c3-4e8b-825a-47c14ab22132@group-B8706983D435-LeaderElection71] INFO  segmented.SegmentedRaftLogWorker (SegmentedRaftLogWorker.java:startLogSegment(385)) - 7297699a-39c3-4e8b-825a-47c14ab22132@group-B8706983D435-SegmentedRaftLogWorker: Starting segment from index:0
2019-10-03 06:20:16,321 [7297699a-39c3-4e8b-825a-47c14ab22132@group-B8706983D435-LeaderElection71] INFO  impl.RaftServerImpl (ServerState.java:setRaftConf(356)) - 7297699a-39c3-4e8b-825a-47c14ab22132@group-B8706983D435: set configuration 0: [7297699a-39c3-4e8b-825a-47c14ab22132:192.168.30.19:42157], old=null at 0
2019-10-03 06:20:16,333 [Thread-2398] INFO  impl.FollowerState (FollowerState.java:run(108)) - 10d765e6-1fa6-409c-a70f-26270a366817@group-067DE93FB023-FollowerState: change to CANDIDATE, lastRpcTime:5021ms, electionTimeout:5021ms
2019-10-03 06:20:16,333 [Thread-2398] INFO  impl.RoleInfo (RoleInfo.java:shutdownFollowerState(121)) - 10d765e6-1fa6-409c-a70f-26270a366817: shutdown FollowerState
2019-10-03 06:20:16,334 [Thread-2398] INFO  impl.RaftServerImpl (RaftServerImpl.java:setRole(170)) - 10d765e6-1fa6-409c-a70f-26270a366817@group-067DE93FB023: changes role from  FOLLOWER to CANDIDATE at term 0 for changeToCandidate
2019-10-03 06:20:16,334 [Thread-2398] INFO  impl.RoleInfo (RoleInfo.java:updateAndGet(143)) - 10d765e6-1fa6-409c-a70f-26270a366817: start LeaderElection
2019-10-03 06:20:16,353 [4c8ddee0-ae82-41b2-88a7-be14da5056d5@group-BD736C051F38-SegmentedRaftLogWorker] INFO  segmented.SegmentedRaftLogWorker (SegmentedRaftLogWorker.java:execute(574)) - 4c8ddee0-ae82-41b2-88a7-be14da5056d5@group-BD736C051F38-SegmentedRaftLogWorker: created new log segment /workdir/hadoop-ozone/integration-test/target/test-dir/MiniOzoneClusterImpl-e2c67281-891d-480f-94b5-858598808fca/datanode-1/data/ratis/3ceeac6b-853e-4daa-851a-bd736c051f38/current/log_inprogress_0
2019-10-03 06:20:16,366 [7297699a-39c3-4e8b-825a-47c14ab22132@group-B8706983D435-SegmentedRaftLogWorker] INFO  segmented.SegmentedRaftLogWorker (SegmentedRaftLogWorker.java:execute(574)) - 7297699a-39c3-4e8b-825a-47c14ab22132@group-B8706983D435-SegmentedRaftLogWorker: created new log segment /workdir/hadoop-ozone/integration-test/target/test-dir/MiniOzoneClusterImpl-e2c67281-891d-480f-94b5-858598808fca/datanode-0/data/ratis/09af02a4-178b-4263-80cc-b8706983d435/current/log_inprogress_0
2019-10-03 06:20:16,366 [10d765e6-1fa6-409c-a70f-26270a366817@group-067DE93FB023-LeaderElection72] INFO  impl.LeaderElection (LeaderElection.java:askForVotes(178)) - 10d765e6-1fa6-409c-a70f-26270a366817@group-067DE93FB023-LeaderElection72: begin an election at term 1 for -1: [10d765e6-1fa6-409c-a70f-26270a366817:192.168.30.19:36940], old=null
2019-10-03 06:20:16,366 [10d765e6-1fa6-409c-a70f-26270a366817@group-067DE93FB023-LeaderElection72] INFO  impl.RoleInfo (RoleInfo.java:shutdownLeaderElection(134)) - 10d765e6-1fa6-409c-a70f-26270a366817: shutdown LeaderElection
2019-10-03 06:20:16,366 [10d765e6-1fa6-409c-a70f-26270a366817@group-067DE93FB023-LeaderElection72] INFO  impl.RaftServerImpl (RaftServerImpl.java:setRole(170)) - 10d765e6-1fa6-409c-a70f-26270a366817@group-067DE93FB023: changes role from CANDIDATE to LEADER at term 1 for changeToLeader
2019-10-03 06:20:16,366 [10d765e6-1fa6-409c-a70f-26270a366817@group-067DE93FB023-LeaderElection72] INFO  impl.RaftServerImpl (ServerState.java:setLeader(255)) - 10d765e6-1fa6-409c-a70f-26270a366817@group-067DE93FB023: change Leader from null to 10d765e6-1fa6-409c-a70f-26270a366817 at term 1 for becomeLeader, leader elected after 5062ms
2019-10-03 06:20:16,366 [10d765e6-1fa6-409c-a70f-26270a366817@group-067DE93FB023-LeaderElection72] INFO  server.RaftServerConfigKeys (ConfUtils.java:logGet(43)) - raft.server.staging.catchup.gap = 1000 (default)
2019-10-03 06:20:16,367 [10d765e6-1fa6-409c-a70f-26270a366817@group-067DE93FB023-LeaderElection72] INFO  server.RaftServerConfigKeys (ConfUtils.java:logGet(43)) - raft.server.rpc.sleep.time = 25ms (default)
2019-10-03 06:20:16,367 [10d765e6-1fa6-409c-a70f-26270a366817@group-067DE93FB023-LeaderElection72] INFO  server.RaftServerConfigKeys (ConfUtils.java:logGet(43)) - raft.server.write.element-limit = 4096 (default)
2019-10-03 06:20:16,367 [10d765e6-1fa6-409c-a70f-26270a366817@group-067DE93FB023-LeaderElection72] INFO  server.RaftServerConfigKeys (ConfUtils.java:logGet(43)) - raft.server.watch.timeout = 10s (default)
2019-10-03 06:20:16,367 [10d765e6-1fa6-409c-a70f-26270a366817@group-067DE93FB023-LeaderElection72] INFO  server.RaftServerConfigKeys (ConfUtils.java:logGet(43)) - raft.server.watch.timeout.denomination = 1s (default)
2019-10-03 06:20:16,367 [10d765e6-1fa6-409c-a70f-26270a366817@group-067DE93FB023-LeaderElection72] INFO  server.RaftServerConfigKeys (ConfUtils.java:logGet(43)) - raft.server.watch.element-limit = 65536 (default)
2019-10-03 06:20:16,369 [10d765e6-1fa6-409c-a70f-26270a366817@group-067DE93FB023-LeaderElection72] INFO  impl.RoleInfo (RoleInfo.java:updateAndGet(143)) - 10d765e6-1fa6-409c-a70f-26270a366817: start LeaderState
2019-10-03 06:20:16,369 [10d765e6-1fa6-409c-a70f-26270a366817@group-067DE93FB023-LeaderElection72] INFO  segmented.SegmentedRaftLogWorker (SegmentedRaftLogWorker.java:startLogSegment(385)) - 10d765e6-1fa6-409c-a70f-26270a366817@group-067DE93FB023-SegmentedRaftLogWorker: Starting segment from index:0
2019-10-03 06:20:16,369 [10d765e6-1fa6-409c-a70f-26270a366817@group-067DE93FB023-LeaderElection72] INFO  impl.RaftServerImpl (ServerState.java:setRaftConf(356)) - 10d765e6-1fa6-409c-a70f-26270a366817@group-067DE93FB023: set configuration 0: [10d765e6-1fa6-409c-a70f-26270a366817:192.168.30.19:36940], old=null at 0
2019-10-03 06:20:16,412 [10d765e6-1fa6-409c-a70f-26270a366817@group-067DE93FB023-SegmentedRaftLogWorker] INFO  segmented.SegmentedRaftLogWorker (SegmentedRaftLogWorker.java:execute(574)) - 10d765e6-1fa6-409c-a70f-26270a366817@group-067DE93FB023-SegmentedRaftLogWorker: created new log segment /workdir/hadoop-ozone/integration-test/target/test-dir/MiniOzoneClusterImpl-e2c67281-891d-480f-94b5-858598808fca/datanode-2/data/ratis/685ad4ab-7fcb-4552-bdda-067de93fb023/current/log_inprogress_0
2019-10-03 06:20:16,517 [Thread-2407] INFO  impl.FollowerState (FollowerState.java:run(108)) - 5bea3c7c-025d-47da-8b86-69a3d3ee378b@group-D3B69B701907-FollowerState: change to CANDIDATE, lastRpcTime:5010ms, electionTimeout:5010ms
2019-10-03 06:20:16,518 [Thread-2407] INFO  impl.RoleInfo (RoleInfo.java:shutdownFollowerState(121)) - 5bea3c7c-025d-47da-8b86-69a3d3ee378b: shutdown FollowerState
2019-10-03 06:20:16,518 [Thread-2407] INFO  impl.RaftServerImpl (RaftServerImpl.java:setRole(170)) - 5bea3c7c-025d-47da-8b86-69a3d3ee378b@group-D3B69B701907: changes role from  FOLLOWER to CANDIDATE at term 0 for changeToCandidate
2019-10-03 06:20:16,518 [Thread-2407] INFO  impl.RoleInfo (RoleInfo.java:updateAndGet(143)) - 5bea3c7c-025d-47da-8b86-69a3d3ee378b: start LeaderElection
2019-10-03 06:20:16,528 [Thread-2401] INFO  impl.FollowerState (FollowerState.java:run(108)) - a641a122-e0ac-418f-8267-327e6230a1cd@group-34AA7F9174EA-FollowerState: change to CANDIDATE, lastRpcTime:5166ms, electionTimeout:5166ms
2019-10-03 06:20:16,528 [Thread-2401] INFO  impl.RoleInfo (RoleInfo.java:shutdownFollowerState(121)) - a641a122-e0ac-418f-8267-327e6230a1cd: shutdown FollowerState
2019-10-03 06:20:16,528 [Thread-2401] INFO  impl.RaftServerImpl (RaftServerImpl.java:setRole(170)) - a641a122-e0ac-418f-8267-327e6230a1cd@group-34AA7F9174EA: changes role from  FOLLOWER to CANDIDATE at term 0 for changeToCandidate
2019-10-03 06:20:16,528 [Thread-2401] INFO  impl.RoleInfo (RoleInfo.java:updateAndGet(143)) - a641a122-e0ac-418f-8267-327e6230a1cd: start LeaderElection
2019-10-03 06:20:16,548 [5bea3c7c-025d-47da-8b86-69a3d3ee378b@group-D3B69B701907-LeaderElection73] INFO  impl.LeaderElection (LeaderElection.java:askForVotes(178)) - 5bea3c7c-025d-47da-8b86-69a3d3ee378b@group-D3B69B701907-LeaderElection73: begin an election at term 1 for -1: [5bea3c7c-025d-47da-8b86-69a3d3ee378b:192.168.30.19:35185], old=null
2019-10-03 06:20:16,548 [a641a122-e0ac-418f-8267-327e6230a1cd@group-34AA7F9174EA-LeaderElection74] INFO  impl.LeaderElection (LeaderElection.java:askForVotes(178)) - a641a122-e0ac-418f-8267-327e6230a1cd@group-34AA7F9174EA-LeaderElection74: begin an election at term 1 for -1: [a641a122-e0ac-418f-8267-327e6230a1cd:192.168.30.19:37993], old=null
2019-10-03 06:20:16,548 [5bea3c7c-025d-47da-8b86-69a3d3ee378b@group-D3B69B701907-LeaderElection73] INFO  impl.RoleInfo (RoleInfo.java:shutdownLeaderElection(134)) - 5bea3c7c-025d-47da-8b86-69a3d3ee378b: shutdown LeaderElection
2019-10-03 06:20:16,548 [a641a122-e0ac-418f-8267-327e6230a1cd@group-34AA7F9174EA-LeaderElection74] INFO  impl.RoleInfo (RoleInfo.java:shutdownLeaderElection(134)) - a641a122-e0ac-418f-8267-327e6230a1cd: shutdown LeaderElection
2019-10-03 06:20:16,548 [5bea3c7c-025d-47da-8b86-69a3d3ee378b@group-D3B69B701907-LeaderElection73] INFO  impl.RaftServerImpl (RaftServerImpl.java:setRole(170)) - 5bea3c7c-025d-47da-8b86-69a3d3ee378b@group-D3B69B701907: changes role from CANDIDATE to LEADER at term 1 for changeToLeader
2019-10-03 06:20:16,548 [a641a122-e0ac-418f-8267-327e6230a1cd@group-34AA7F9174EA-LeaderElection74] INFO  impl.RaftServerImpl (RaftServerImpl.java:setRole(170)) - a641a122-e0ac-418f-8267-327e6230a1cd@group-34AA7F9174EA: changes role from CANDIDATE to LEADER at term 1 for changeToLeader
2019-10-03 06:20:16,549 [5bea3c7c-025d-47da-8b86-69a3d3ee378b@group-D3B69B701907-LeaderElection73] INFO  impl.RaftServerImpl (ServerState.java:setLeader(255)) - 5bea3c7c-025d-47da-8b86-69a3d3ee378b@group-D3B69B701907: change Leader from null to 5bea3c7c-025d-47da-8b86-69a3d3ee378b at term 1 for becomeLeader, leader elected after 5052ms
2019-10-03 06:20:16,549 [a641a122-e0ac-418f-8267-327e6230a1cd@group-34AA7F9174EA-LeaderElection74] INFO  impl.RaftServerImpl (ServerState.java:setLeader(255)) - a641a122-e0ac-418f-8267-327e6230a1cd@group-34AA7F9174EA: change Leader from null to a641a122-e0ac-418f-8267-327e6230a1cd at term 1 for becomeLeader, leader elected after 5192ms
2019-10-03 06:20:16,549 [5bea3c7c-025d-47da-8b86-69a3d3ee378b@group-D3B69B701907-LeaderElection73] INFO  server.RaftServerConfigKeys (ConfUtils.java:logGet(43)) - raft.server.staging.catchup.gap = 1000 (default)
2019-10-03 06:20:16,549 [a641a122-e0ac-418f-8267-327e6230a1cd@group-34AA7F9174EA-LeaderElection74] INFO  server.RaftServerConfigKeys (ConfUtils.java:logGet(43)) - raft.server.staging.catchup.gap = 1000 (default)
2019-10-03 06:20:16,549 [5bea3c7c-025d-47da-8b86-69a3d3ee378b@group-D3B69B701907-LeaderElection73] INFO  server.RaftServerConfigKeys (ConfUtils.java:logGet(43)) - raft.server.rpc.sleep.time = 25ms (default)
2019-10-03 06:20:16,549 [a641a122-e0ac-418f-8267-327e6230a1cd@group-34AA7F9174EA-LeaderElection74] INFO  server.RaftServerConfigKeys (ConfUtils.java:logGet(43)) - raft.server.rpc.sleep.time = 25ms (default)
2019-10-03 06:20:16,549 [5bea3c7c-025d-47da-8b86-69a3d3ee378b@group-D3B69B701907-LeaderElection73] INFO  server.RaftServerConfigKeys (ConfUtils.java:logGet(43)) - raft.server.write.element-limit = 4096 (default)
2019-10-03 06:20:16,550 [a641a122-e0ac-418f-8267-327e6230a1cd@group-34AA7F9174EA-LeaderElection74] INFO  server.RaftServerConfigKeys (ConfUtils.java:logGet(43)) - raft.server.write.element-limit = 4096 (default)
2019-10-03 06:20:16,550 [5bea3c7c-025d-47da-8b86-69a3d3ee378b@group-D3B69B701907-LeaderElection73] INFO  server.RaftServerConfigKeys (ConfUtils.java:logGet(43)) - raft.server.watch.timeout = 10s (default)
2019-10-03 06:20:16,550 [a641a122-e0ac-418f-8267-327e6230a1cd@group-34AA7F9174EA-LeaderElection74] INFO  server.RaftServerConfigKeys (ConfUtils.java:logGet(43)) - raft.server.watch.timeout = 10s (default)
2019-10-03 06:20:16,550 [5bea3c7c-025d-47da-8b86-69a3d3ee378b@group-D3B69B701907-LeaderElection73] INFO  server.RaftServerConfigKeys (ConfUtils.java:logGet(43)) - raft.server.watch.timeout.denomination = 1s (default)
2019-10-03 06:20:16,550 [a641a122-e0ac-418f-8267-327e6230a1cd@group-34AA7F9174EA-LeaderElection74] INFO  server.RaftServerConfigKeys (ConfUtils.java:logGet(43)) - raft.server.watch.timeout.denomination = 1s (default)
2019-10-03 06:20:16,550 [5bea3c7c-025d-47da-8b86-69a3d3ee378b@group-D3B69B701907-LeaderElection73] INFO  server.RaftServerConfigKeys (ConfUtils.java:logGet(43)) - raft.server.watch.element-limit = 65536 (default)
2019-10-03 06:20:16,550 [a641a122-e0ac-418f-8267-327e6230a1cd@group-34AA7F9174EA-LeaderElection74] INFO  server.RaftServerConfigKeys (ConfUtils.java:logGet(43)) - raft.server.watch.element-limit = 65536 (default)
2019-10-03 06:20:16,553 [5bea3c7c-025d-47da-8b86-69a3d3ee378b@group-D3B69B701907-LeaderElection73] INFO  impl.RoleInfo (RoleInfo.java:updateAndGet(143)) - 5bea3c7c-025d-47da-8b86-69a3d3ee378b: start LeaderState
2019-10-03 06:20:16,553 [5bea3c7c-025d-47da-8b86-69a3d3ee378b@group-D3B69B701907-LeaderElection73] INFO  segmented.SegmentedRaftLogWorker (SegmentedRaftLogWorker.java:startLogSegment(385)) - 5bea3c7c-025d-47da-8b86-69a3d3ee378b@group-D3B69B701907-SegmentedRaftLogWorker: Starting segment from index:0
2019-10-03 06:20:16,553 [a641a122-e0ac-418f-8267-327e6230a1cd@group-34AA7F9174EA-LeaderElection74] INFO  impl.RoleInfo (RoleInfo.java:updateAndGet(143)) - a641a122-e0ac-418f-8267-327e6230a1cd: start LeaderState
2019-10-03 06:20:16,554 [a641a122-e0ac-418f-8267-327e6230a1cd@group-34AA7F9174EA-LeaderElection74] INFO  segmented.SegmentedRaftLogWorker (SegmentedRaftLogWorker.java:startLogSegment(385)) - a641a122-e0ac-418f-8267-327e6230a1cd@group-34AA7F9174EA-SegmentedRaftLogWorker: Starting segment from index:0
2019-10-03 06:20:16,554 [5bea3c7c-025d-47da-8b86-69a3d3ee378b@group-D3B69B701907-LeaderElection73] INFO  impl.RaftServerImpl (ServerState.java:setRaftConf(356)) - 5bea3c7c-025d-47da-8b86-69a3d3ee378b@group-D3B69B701907: set configuration 0: [5bea3c7c-025d-47da-8b86-69a3d3ee378b:192.168.30.19:35185], old=null at 0
2019-10-03 06:20:16,554 [a641a122-e0ac-418f-8267-327e6230a1cd@group-34AA7F9174EA-LeaderElection74] INFO  impl.RaftServerImpl (ServerState.java:setRaftConf(356)) - a641a122-e0ac-418f-8267-327e6230a1cd@group-34AA7F9174EA: set configuration 0: [a641a122-e0ac-418f-8267-327e6230a1cd:192.168.30.19:37993], old=null at 0
2019-10-03 06:20:16,580 [Thread-2404] INFO  impl.FollowerState (FollowerState.java:run(108)) - 106fbfbb-a644-4362-b00c-94e4bf981000@group-E8A839D0307A-FollowerState: change to CANDIDATE, lastRpcTime:5144ms, electionTimeout:5144ms
2019-10-03 06:20:16,581 [Thread-2404] INFO  impl.RoleInfo (RoleInfo.java:shutdownFollowerState(121)) - 106fbfbb-a644-4362-b00c-94e4bf981000: shutdown FollowerState
2019-10-03 06:20:16,581 [Thread-2404] INFO  impl.RaftServerImpl (RaftServerImpl.java:setRole(170)) - 106fbfbb-a644-4362-b00c-94e4bf981000@group-E8A839D0307A: changes role from  FOLLOWER to CANDIDATE at term 0 for changeToCandidate
2019-10-03 06:20:16,581 [Thread-2404] INFO  impl.RoleInfo (RoleInfo.java:updateAndGet(143)) - 106fbfbb-a644-4362-b00c-94e4bf981000: start LeaderElection
2019-10-03 06:20:16,619 [5bea3c7c-025d-47da-8b86-69a3d3ee378b@group-D3B69B701907-SegmentedRaftLogWorker] INFO  segmented.SegmentedRaftLogWorker (SegmentedRaftLogWorker.java:execute(574)) - 5bea3c7c-025d-47da-8b86-69a3d3ee378b@group-D3B69B701907-SegmentedRaftLogWorker: created new log segment /workdir/hadoop-ozone/integration-test/target/test-dir/MiniOzoneClusterImpl-e2c67281-891d-480f-94b5-858598808fca/datanode-5/data/ratis/8d655f1b-c42a-41ee-a9de-d3b69b701907/current/log_inprogress_0
2019-10-03 06:20:16,619 [106fbfbb-a644-4362-b00c-94e4bf981000@group-E8A839D0307A-LeaderElection75] INFO  impl.LeaderElection (LeaderElection.java:askForVotes(178)) - 106fbfbb-a644-4362-b00c-94e4bf981000@group-E8A839D0307A-LeaderElection75: begin an election at term 1 for -1: [106fbfbb-a644-4362-b00c-94e4bf981000:192.168.30.19:46435], old=null
2019-10-03 06:20:16,619 [a641a122-e0ac-418f-8267-327e6230a1cd@group-34AA7F9174EA-SegmentedRaftLogWorker] INFO  segmented.SegmentedRaftLogWorker (SegmentedRaftLogWorker.java:execute(574)) - a641a122-e0ac-418f-8267-327e6230a1cd@group-34AA7F9174EA-SegmentedRaftLogWorker: created new log segment /workdir/hadoop-ozone/integration-test/target/test-dir/MiniOzoneClusterImpl-e2c67281-891d-480f-94b5-858598808fca/datanode-3/data/ratis/477a90b8-10d8-4085-bd1e-34aa7f9174ea/current/log_inprogress_0
2019-10-03 06:20:16,620 [106fbfbb-a644-4362-b00c-94e4bf981000@group-E8A839D0307A-LeaderElection75] INFO  impl.RoleInfo (RoleInfo.java:shutdownLeaderElection(134)) - 106fbfbb-a644-4362-b00c-94e4bf981000: shutdown LeaderElection
2019-10-03 06:20:16,620 [106fbfbb-a644-4362-b00c-94e4bf981000@group-E8A839D0307A-LeaderElection75] INFO  impl.RaftServerImpl (RaftServerImpl.java:setRole(170)) - 106fbfbb-a644-4362-b00c-94e4bf981000@group-E8A839D0307A: changes role from CANDIDATE to LEADER at term 1 for changeToLeader
2019-10-03 06:20:16,620 [106fbfbb-a644-4362-b00c-94e4bf981000@group-E8A839D0307A-LeaderElection75] INFO  impl.RaftServerImpl (ServerState.java:setLeader(255)) - 106fbfbb-a644-4362-b00c-94e4bf981000@group-E8A839D0307A: change Leader from null to 106fbfbb-a644-4362-b00c-94e4bf981000 at term 1 for becomeLeader, leader elected after 5191ms
2019-10-03 06:20:16,620 [106fbfbb-a644-4362-b00c-94e4bf981000@group-E8A839D0307A-LeaderElection75] INFO  server.RaftServerConfigKeys (ConfUtils.java:logGet(43)) - raft.server.staging.catchup.gap = 1000 (default)
2019-10-03 06:20:16,620 [106fbfbb-a644-4362-b00c-94e4bf981000@group-E8A839D0307A-LeaderElection75] INFO  server.RaftServerConfigKeys (ConfUtils.java:logGet(43)) - raft.server.rpc.sleep.time = 25ms (default)
2019-10-03 06:20:16,620 [106fbfbb-a644-4362-b00c-94e4bf981000@group-E8A839D0307A-LeaderElection75] INFO  server.RaftServerConfigKeys (ConfUtils.java:logGet(43)) - raft.server.write.element-limit = 4096 (default)
2019-10-03 06:20:16,620 [106fbfbb-a644-4362-b00c-94e4bf981000@group-E8A839D0307A-LeaderElection75] INFO  server.RaftServerConfigKeys (ConfUtils.java:logGet(43)) - raft.server.watch.timeout = 10s (default)
2019-10-03 06:20:16,621 [106fbfbb-a644-4362-b00c-94e4bf981000@group-E8A839D0307A-LeaderElection75] INFO  server.RaftServerConfigKeys (ConfUtils.java:logGet(43)) - raft.server.watch.timeout.denomination = 1s (default)
2019-10-03 06:20:16,621 [106fbfbb-a644-4362-b00c-94e4bf981000@group-E8A839D0307A-LeaderElection75] INFO  server.RaftServerConfigKeys (ConfUtils.java:logGet(43)) - raft.server.watch.element-limit = 65536 (default)
2019-10-03 06:20:16,625 [106fbfbb-a644-4362-b00c-94e4bf981000@group-E8A839D0307A-LeaderElection75] INFO  impl.RoleInfo (RoleInfo.java:updateAndGet(143)) - 106fbfbb-a644-4362-b00c-94e4bf981000: start LeaderState
2019-10-03 06:20:16,626 [106fbfbb-a644-4362-b00c-94e4bf981000@group-E8A839D0307A-LeaderElection75] INFO  segmented.SegmentedRaftLogWorker (SegmentedRaftLogWorker.java:startLogSegment(385)) - 106fbfbb-a644-4362-b00c-94e4bf981000@group-E8A839D0307A-SegmentedRaftLogWorker: Starting segment from index:0
2019-10-03 06:20:16,626 [106fbfbb-a644-4362-b00c-94e4bf981000@group-E8A839D0307A-LeaderElection75] INFO  impl.RaftServerImpl (ServerState.java:setRaftConf(356)) - 106fbfbb-a644-4362-b00c-94e4bf981000@group-E8A839D0307A: set configuration 0: [106fbfbb-a644-4362-b00c-94e4bf981000:192.168.30.19:46435], old=null at 0
2019-10-03 06:20:16,675 [Thread-2410] INFO  impl.FollowerState (FollowerState.java:run(108)) - 17815889-3159-4b7d-a729-9224ec661cb8@group-B9700BC23550-FollowerState: change to CANDIDATE, lastRpcTime:5094ms, electionTimeout:5094ms
2019-10-03 06:20:16,675 [Thread-2410] INFO  impl.RoleInfo (RoleInfo.java:shutdownFollowerState(121)) - 17815889-3159-4b7d-a729-9224ec661cb8: shutdown FollowerState
2019-10-03 06:20:16,675 [Thread-2410] INFO  impl.RaftServerImpl (RaftServerImpl.java:setRole(170)) - 17815889-3159-4b7d-a729-9224ec661cb8@group-B9700BC23550: changes role from  FOLLOWER to CANDIDATE at term 0 for changeToCandidate
2019-10-03 06:20:16,675 [Thread-2410] INFO  impl.RoleInfo (RoleInfo.java:updateAndGet(143)) - 17815889-3159-4b7d-a729-9224ec661cb8: start LeaderElection
2019-10-03 06:20:16,686 [106fbfbb-a644-4362-b00c-94e4bf981000@group-E8A839D0307A-SegmentedRaftLogWorker] INFO  segmented.SegmentedRaftLogWorker (SegmentedRaftLogWorker.java:execute(574)) - 106fbfbb-a644-4362-b00c-94e4bf981000@group-E8A839D0307A-SegmentedRaftLogWorker: created new log segment /workdir/hadoop-ozone/integration-test/target/test-dir/MiniOzoneClusterImpl-e2c67281-891d-480f-94b5-858598808fca/datanode-4/data/ratis/6a9273d8-0b78-49d9-b199-e8a839d0307a/current/log_inprogress_0
2019-10-03 06:20:16,688 [Thread-2418] INFO  impl.FollowerState (FollowerState.java:run(108)) - 106fbfbb-a644-4362-b00c-94e4bf981000@group-6270653E4082-FollowerState: change to CANDIDATE, lastRpcTime:5017ms, electionTimeout:5017ms
2019-10-03 06:20:16,689 [Thread-2418] INFO  impl.RoleInfo (RoleInfo.java:shutdownFollowerState(121)) - 106fbfbb-a644-4362-b00c-94e4bf981000: shutdown FollowerState
2019-10-03 06:20:16,689 [Thread-2418] INFO  impl.RaftServerImpl (RaftServerImpl.java:setRole(170)) - 106fbfbb-a644-4362-b00c-94e4bf981000@group-6270653E4082: changes role from  FOLLOWER to CANDIDATE at term 0 for changeToCandidate
2019-10-03 06:20:16,689 [Thread-2418] INFO  impl.RoleInfo (RoleInfo.java:updateAndGet(143)) - 106fbfbb-a644-4362-b00c-94e4bf981000: start LeaderElection
2019-10-03 06:20:16,711 [17815889-3159-4b7d-a729-9224ec661cb8@group-B9700BC23550-LeaderElection76] INFO  impl.LeaderElection (LeaderElection.java:askForVotes(178)) - 17815889-3159-4b7d-a729-9224ec661cb8@group-B9700BC23550-LeaderElection76: begin an election at term 1 for -1: [17815889-3159-4b7d-a729-9224ec661cb8:192.168.30.19:39539], old=null
2019-10-03 06:20:16,712 [17815889-3159-4b7d-a729-9224ec661cb8@group-B9700BC23550-LeaderElection76] INFO  impl.RoleInfo (RoleInfo.java:shutdownLeaderElection(134)) - 17815889-3159-4b7d-a729-9224ec661cb8: shutdown LeaderElection
2019-10-03 06:20:16,712 [17815889-3159-4b7d-a729-9224ec661cb8@group-B9700BC23550-LeaderElection76] INFO  impl.RaftServerImpl (RaftServerImpl.java:setRole(170)) - 17815889-3159-4b7d-a729-9224ec661cb8@group-B9700BC23550: changes role from CANDIDATE to LEADER at term 1 for changeToLeader
2019-10-03 06:20:16,712 [17815889-3159-4b7d-a729-9224ec661cb8@group-B9700BC23550-LeaderElection76] INFO  impl.RaftServerImpl (ServerState.java:setLeader(255)) - 17815889-3159-4b7d-a729-9224ec661cb8@group-B9700BC23550: change Leader from null to 17815889-3159-4b7d-a729-9224ec661cb8 at term 1 for becomeLeader, leader elected after 5140ms
2019-10-03 06:20:16,712 [17815889-3159-4b7d-a729-9224ec661cb8@group-B9700BC23550-LeaderElection76] INFO  server.RaftServerConfigKeys (ConfUtils.java:logGet(43)) - raft.server.staging.catchup.gap = 1000 (default)
2019-10-03 06:20:16,712 [17815889-3159-4b7d-a729-9224ec661cb8@group-B9700BC23550-LeaderElection76] INFO  server.RaftServerConfigKeys (ConfUtils.java:logGet(43)) - raft.server.rpc.sleep.time = 25ms (default)
2019-10-03 06:20:16,712 [17815889-3159-4b7d-a729-9224ec661cb8@group-B9700BC23550-LeaderElection76] INFO  server.RaftServerConfigKeys (ConfUtils.java:logGet(43)) - raft.server.write.element-limit = 4096 (default)
2019-10-03 06:20:16,712 [17815889-3159-4b7d-a729-9224ec661cb8@group-B9700BC23550-LeaderElection76] INFO  server.RaftServerConfigKeys (ConfUtils.java:logGet(43)) - raft.server.watch.timeout = 10s (default)
2019-10-03 06:20:16,713 [17815889-3159-4b7d-a729-9224ec661cb8@group-B9700BC23550-LeaderElection76] INFO  server.RaftServerConfigKeys (ConfUtils.java:logGet(43)) - raft.server.watch.timeout.denomination = 1s (default)
2019-10-03 06:20:16,713 [17815889-3159-4b7d-a729-9224ec661cb8@group-B9700BC23550-LeaderElection76] INFO  server.RaftServerConfigKeys (ConfUtils.java:logGet(43)) - raft.server.watch.element-limit = 65536 (default)
2019-10-03 06:20:16,715 [17815889-3159-4b7d-a729-9224ec661cb8@group-B9700BC23550-LeaderElection76] INFO  impl.RoleInfo (RoleInfo.java:updateAndGet(143)) - 17815889-3159-4b7d-a729-9224ec661cb8: start LeaderState
2019-10-03 06:20:16,715 [17815889-3159-4b7d-a729-9224ec661cb8@group-B9700BC23550-LeaderElection76] INFO  segmented.SegmentedRaftLogWorker (SegmentedRaftLogWorker.java:startLogSegment(385)) - 17815889-3159-4b7d-a729-9224ec661cb8@group-B9700BC23550-SegmentedRaftLogWorker: Starting segment from index:0
2019-10-03 06:20:16,716 [17815889-3159-4b7d-a729-9224ec661cb8@group-B9700BC23550-LeaderElection76] INFO  impl.RaftServerImpl (ServerState.java:setRaftConf(356)) - 17815889-3159-4b7d-a729-9224ec661cb8@group-B9700BC23550: set configuration 0: [17815889-3159-4b7d-a729-9224ec661cb8:192.168.30.19:39539], old=null at 0
2019-10-03 06:20:16,720 [106fbfbb-a644-4362-b00c-94e4bf981000@group-6270653E4082-LeaderElection77] INFO  impl.LeaderElection (LeaderElection.java:askForVotes(178)) - 106fbfbb-a644-4362-b00c-94e4bf981000@group-6270653E4082-LeaderElection77: begin an election at term 1 for -1: [5bea3c7c-025d-47da-8b86-69a3d3ee378b:192.168.30.19:35185, 10d765e6-1fa6-409c-a70f-26270a366817:192.168.30.19:36940, 106fbfbb-a644-4362-b00c-94e4bf981000:192.168.30.19:46435], old=null
2019-10-03 06:20:16,724 [grpc-default-executor-6] INFO  impl.RaftServerImpl (RaftServerImpl.java:setRole(170)) - 10d765e6-1fa6-409c-a70f-26270a366817@group-6270653E4082: changes role from  FOLLOWER to FOLLOWER at term 1 for recognizeCandidate:106fbfbb-a644-4362-b00c-94e4bf981000
2019-10-03 06:20:16,724 [grpc-default-executor-7] INFO  impl.RaftServerImpl (RaftServerImpl.java:setRole(170)) - 5bea3c7c-025d-47da-8b86-69a3d3ee378b@group-6270653E4082: changes role from  FOLLOWER to FOLLOWER at term 1 for recognizeCandidate:106fbfbb-a644-4362-b00c-94e4bf981000
2019-10-03 06:20:16,724 [grpc-default-executor-6] INFO  impl.RoleInfo (RoleInfo.java:shutdownFollowerState(121)) - 10d765e6-1fa6-409c-a70f-26270a366817: shutdown FollowerState
2019-10-03 06:20:16,725 [grpc-default-executor-7] INFO  impl.RoleInfo (RoleInfo.java:shutdownFollowerState(121)) - 5bea3c7c-025d-47da-8b86-69a3d3ee378b: shutdown FollowerState
2019-10-03 06:20:16,725 [grpc-default-executor-6] INFO  impl.RoleInfo (RoleInfo.java:updateAndGet(143)) - 10d765e6-1fa6-409c-a70f-26270a366817: start FollowerState
2019-10-03 06:20:16,725 [Thread-2413] INFO  impl.FollowerState (FollowerState.java:run(117)) - 10d765e6-1fa6-409c-a70f-26270a366817@group-6270653E4082-FollowerState was interrupted: java.lang.InterruptedException: sleep interrupted
2019-10-03 06:20:16,725 [grpc-default-executor-7] INFO  impl.RoleInfo (RoleInfo.java:updateAndGet(143)) - 5bea3c7c-025d-47da-8b86-69a3d3ee378b: start FollowerState
2019-10-03 06:20:16,725 [Thread-2417] INFO  impl.FollowerState (FollowerState.java:run(117)) - 5bea3c7c-025d-47da-8b86-69a3d3ee378b@group-6270653E4082-FollowerState was interrupted: java.lang.InterruptedException: sleep interrupted
2019-10-03 06:20:16,755 [106fbfbb-a644-4362-b00c-94e4bf981000@group-6270653E4082-LeaderElection77] INFO  impl.LeaderElection (LeaderElection.java:logAndReturn(56)) - 106fbfbb-a644-4362-b00c-94e4bf981000@group-6270653E4082-LeaderElection77: Election PASSED; received 1 response(s) [106fbfbb-a644-4362-b00c-94e4bf981000<-10d765e6-1fa6-409c-a70f-26270a366817#0:OK-t1] and 0 exception(s); 106fbfbb-a644-4362-b00c-94e4bf981000@group-6270653E4082:t1, leader=null, voted=106fbfbb-a644-4362-b00c-94e4bf981000, raftlog=106fbfbb-a644-4362-b00c-94e4bf981000@group-6270653E4082-SegmentedRaftLog:OPENED:c-1,f-1,i0, conf=-1: [5bea3c7c-025d-47da-8b86-69a3d3ee378b:192.168.30.19:35185, 10d765e6-1fa6-409c-a70f-26270a366817:192.168.30.19:36940, 106fbfbb-a644-4362-b00c-94e4bf981000:192.168.30.19:46435], old=null
2019-10-03 06:20:16,755 [106fbfbb-a644-4362-b00c-94e4bf981000@group-6270653E4082-LeaderElection77] INFO  impl.RoleInfo (RoleInfo.java:shutdownLeaderElection(134)) - 106fbfbb-a644-4362-b00c-94e4bf981000: shutdown LeaderElection
2019-10-03 06:20:16,755 [106fbfbb-a644-4362-b00c-94e4bf981000@group-6270653E4082-LeaderElection77] INFO  impl.RaftServerImpl (RaftServerImpl.java:setRole(170)) - 106fbfbb-a644-4362-b00c-94e4bf981000@group-6270653E4082: changes role from CANDIDATE to LEADER at term 1 for changeToLeader
2019-10-03 06:20:16,755 [106fbfbb-a644-4362-b00c-94e4bf981000@group-6270653E4082-LeaderElection77] INFO  impl.RaftServerImpl (ServerState.java:setLeader(255)) - 106fbfbb-a644-4362-b00c-94e4bf981000@group-6270653E4082: change Leader from null to 106fbfbb-a644-4362-b00c-94e4bf981000 at term 1 for becomeLeader, leader elected after 5098ms
2019-10-03 06:20:16,755 [106fbfbb-a644-4362-b00c-94e4bf981000@group-6270653E4082-LeaderElection77] INFO  server.RaftServerConfigKeys (ConfUtils.java:logGet(43)) - raft.server.staging.catchup.gap = 1000 (default)
2019-10-03 06:20:16,755 [106fbfbb-a644-4362-b00c-94e4bf981000@group-6270653E4082-LeaderElection77] INFO  server.RaftServerConfigKeys (ConfUtils.java:logGet(43)) - raft.server.rpc.sleep.time = 25ms (default)
2019-10-03 06:20:16,756 [106fbfbb-a644-4362-b00c-94e4bf981000@group-6270653E4082-LeaderElection77] INFO  server.RaftServerConfigKeys (ConfUtils.java:logGet(43)) - raft.server.write.element-limit = 4096 (default)
2019-10-03 06:20:16,756 [106fbfbb-a644-4362-b00c-94e4bf981000@group-6270653E4082-LeaderElection77] INFO  server.RaftServerConfigKeys (ConfUtils.java:logGet(43)) - raft.server.watch.timeout = 10s (default)
2019-10-03 06:20:16,756 [106fbfbb-a644-4362-b00c-94e4bf981000@group-6270653E4082-LeaderElection77] INFO  server.RaftServerConfigKeys (ConfUtils.java:logGet(43)) - raft.server.watch.timeout.denomination = 1s (default)
2019-10-03 06:20:16,756 [106fbfbb-a644-4362-b00c-94e4bf981000@group-6270653E4082-LeaderElection77] INFO  server.RaftServerConfigKeys (ConfUtils.java:logGet(43)) - raft.server.watch.element-limit = 65536 (default)
2019-10-03 06:20:16,758 [106fbfbb-a644-4362-b00c-94e4bf981000@group-6270653E4082-LeaderElection77] INFO  server.RaftServerConfigKeys (ConfUtils.java:logGet(43)) - raft.server.log.appender.snapshot.chunk.size.max = 16MB (=16777216) (default)
2019-10-03 06:20:16,758 [106fbfbb-a644-4362-b00c-94e4bf981000@group-6270653E4082-LeaderElection77] INFO  server.RaftServerConfigKeys (ConfUtils.java:logGet(43)) - raft.server.log.appender.buffer.byte-limit = 33554432 (custom)
2019-10-03 06:20:16,758 [106fbfbb-a644-4362-b00c-94e4bf981000@group-6270653E4082-LeaderElection77] INFO  server.RaftServerConfigKeys (ConfUtils.java:logGet(43)) - raft.server.log.appender.buffer.element-limit = 1 (custom)
2019-10-03 06:20:16,758 [106fbfbb-a644-4362-b00c-94e4bf981000@group-6270653E4082-LeaderElection77] INFO  grpc.GrpcConfigKeys$Server (ConfUtils.java:logGet(43)) - raft.grpc.server.leader.outstanding.appends.max = 128 (default)
2019-10-03 06:20:16,759 [106fbfbb-a644-4362-b00c-94e4bf981000@group-6270653E4082-LeaderElection77] INFO  server.RaftServerConfigKeys (ConfUtils.java:logGet(43)) - raft.server.rpc.request.timeout = 3000ms (default)
2019-10-03 06:20:16,759 [106fbfbb-a644-4362-b00c-94e4bf981000@group-6270653E4082-LeaderElection77] INFO  server.RaftServerConfigKeys (ConfUtils.java:logGet(43)) - raft.server.log.appender.install.snapshot.enabled = false (custom)
2019-10-03 06:20:16,759 [106fbfbb-a644-4362-b00c-94e4bf981000@group-6270653E4082-LeaderElection77] INFO  server.RaftServerConfigKeys (ConfUtils.java:logGet(43)) - raft.server.log.appender.snapshot.chunk.size.max = 16MB (=16777216) (default)
2019-10-03 06:20:16,759 [106fbfbb-a644-4362-b00c-94e4bf981000@group-6270653E4082-LeaderElection77] INFO  server.RaftServerConfigKeys (ConfUtils.java:logGet(43)) - raft.server.log.appender.buffer.byte-limit = 33554432 (custom)
2019-10-03 06:20:16,759 [106fbfbb-a644-4362-b00c-94e4bf981000@group-6270653E4082-LeaderElection77] INFO  server.RaftServerConfigKeys (ConfUtils.java:logGet(43)) - raft.server.log.appender.buffer.element-limit = 1 (custom)
2019-10-03 06:20:16,759 [106fbfbb-a644-4362-b00c-94e4bf981000@group-6270653E4082-LeaderElection77] INFO  grpc.GrpcConfigKeys$Server (ConfUtils.java:logGet(43)) - raft.grpc.server.leader.outstanding.appends.max = 128 (default)
2019-10-03 06:20:16,760 [106fbfbb-a644-4362-b00c-94e4bf981000@group-6270653E4082-LeaderElection77] INFO  server.RaftServerConfigKeys (ConfUtils.java:logGet(43)) - raft.server.rpc.request.timeout = 3000ms (default)
2019-10-03 06:20:16,760 [106fbfbb-a644-4362-b00c-94e4bf981000@group-6270653E4082-LeaderElection77] INFO  server.RaftServerConfigKeys (ConfUtils.java:logGet(43)) - raft.server.log.appender.install.snapshot.enabled = false (custom)
2019-10-03 06:20:16,760 [106fbfbb-a644-4362-b00c-94e4bf981000@group-6270653E4082-LeaderElection77] INFO  impl.RoleInfo (RoleInfo.java:updateAndGet(143)) - 106fbfbb-a644-4362-b00c-94e4bf981000: start LeaderState
2019-10-03 06:20:16,760 [106fbfbb-a644-4362-b00c-94e4bf981000@group-6270653E4082-LeaderElection77] INFO  segmented.SegmentedRaftLogWorker (SegmentedRaftLogWorker.java:startLogSegment(385)) - 106fbfbb-a644-4362-b00c-94e4bf981000@group-6270653E4082-SegmentedRaftLogWorker: Starting segment from index:0
2019-10-03 06:20:16,761 [106fbfbb-a644-4362-b00c-94e4bf981000@group-6270653E4082-LeaderElection77] INFO  impl.RaftServerImpl (ServerState.java:setRaftConf(356)) - 106fbfbb-a644-4362-b00c-94e4bf981000@group-6270653E4082: set configuration 0: [5bea3c7c-025d-47da-8b86-69a3d3ee378b:192.168.30.19:35185, 10d765e6-1fa6-409c-a70f-26270a366817:192.168.30.19:36940, 106fbfbb-a644-4362-b00c-94e4bf981000:192.168.30.19:46435], old=null at 0
2019-10-03 06:20:16,801 [grpc-default-executor-6] INFO  impl.RaftServerImpl (ServerState.java:setLeader(255)) - 5bea3c7c-025d-47da-8b86-69a3d3ee378b@group-6270653E4082: change Leader from null to 106fbfbb-a644-4362-b00c-94e4bf981000 at term 1 for appendEntries, leader elected after 5144ms
2019-10-03 06:20:16,803 [Thread-2426] INFO  impl.FollowerState (FollowerState.java:run(108)) - 4c8ddee0-ae82-41b2-88a7-be14da5056d5@group-5EAE9E1136F2-FollowerState: change to CANDIDATE, lastRpcTime:5043ms, electionTimeout:5015ms
2019-10-03 06:20:16,803 [17815889-3159-4b7d-a729-9224ec661cb8@group-B9700BC23550-SegmentedRaftLogWorker] INFO  segmented.SegmentedRaftLogWorker (SegmentedRaftLogWorker.java:execute(574)) - 17815889-3159-4b7d-a729-9224ec661cb8@group-B9700BC23550-SegmentedRaftLogWorker: created new log segment /workdir/hadoop-ozone/integration-test/target/test-dir/MiniOzoneClusterImpl-e2c67281-891d-480f-94b5-858598808fca/datanode-6/data/ratis/0d069c5c-90e5-4b15-85be-b9700bc23550/current/log_inprogress_0
2019-10-03 06:20:16,803 [Thread-2426] INFO  impl.RoleInfo (RoleInfo.java:shutdownFollowerState(121)) - 4c8ddee0-ae82-41b2-88a7-be14da5056d5: shutdown FollowerState
2019-10-03 06:20:16,803 [Thread-2426] INFO  impl.RaftServerImpl (RaftServerImpl.java:setRole(170)) - 4c8ddee0-ae82-41b2-88a7-be14da5056d5@group-5EAE9E1136F2: changes role from  FOLLOWER to CANDIDATE at term 0 for changeToCandidate
2019-10-03 06:20:16,804 [Thread-2424] INFO  impl.FollowerState (FollowerState.java:run(108)) - a641a122-e0ac-418f-8267-327e6230a1cd@group-5EAE9E1136F2-FollowerState: change to CANDIDATE, lastRpcTime:5046ms, electionTimeout:5044ms
2019-10-03 06:20:16,807 [Thread-2426] INFO  impl.RoleInfo (RoleInfo.java:updateAndGet(143)) - 4c8ddee0-ae82-41b2-88a7-be14da5056d5: start LeaderElection
2019-10-03 06:20:16,807 [grpc-default-executor-7] INFO  impl.RaftServerImpl (ServerState.java:setLeader(255)) - 10d765e6-1fa6-409c-a70f-26270a366817@group-6270653E4082: change Leader from null to 106fbfbb-a644-4362-b00c-94e4bf981000 at term 1 for appendEntries, leader elected after 5150ms
2019-10-03 06:20:16,807 [Thread-2424] INFO  impl.RoleInfo (RoleInfo.java:shutdownFollowerState(121)) - a641a122-e0ac-418f-8267-327e6230a1cd: shutdown FollowerState
2019-10-03 06:20:16,814 [Thread-2424] INFO  impl.RaftServerImpl (RaftServerImpl.java:setRole(170)) - a641a122-e0ac-418f-8267-327e6230a1cd@group-5EAE9E1136F2: changes role from  FOLLOWER to CANDIDATE at term 0 for changeToCandidate
2019-10-03 06:20:16,814 [Thread-2424] INFO  impl.RoleInfo (RoleInfo.java:updateAndGet(143)) - a641a122-e0ac-418f-8267-327e6230a1cd: start LeaderElection
2019-10-03 06:20:16,821 [grpc-default-executor-6] INFO  impl.RaftServerImpl (ServerState.java:setRaftConf(356)) - 5bea3c7c-025d-47da-8b86-69a3d3ee378b@group-6270653E4082: set configuration 0: [5bea3c7c-025d-47da-8b86-69a3d3ee378b:192.168.30.19:35185, 10d765e6-1fa6-409c-a70f-26270a366817:192.168.30.19:36940, 106fbfbb-a644-4362-b00c-94e4bf981000:192.168.30.19:46435], old=null at 0
2019-10-03 06:20:16,821 [grpc-default-executor-6] INFO  segmented.SegmentedRaftLogWorker (SegmentedRaftLogWorker.java:startLogSegment(385)) - 5bea3c7c-025d-47da-8b86-69a3d3ee378b@group-6270653E4082-SegmentedRaftLogWorker: Starting segment from index:0
2019-10-03 06:20:16,822 [grpc-default-executor-7] INFO  impl.RaftServerImpl (ServerState.java:setRaftConf(356)) - 10d765e6-1fa6-409c-a70f-26270a366817@group-6270653E4082: set configuration 0: [5bea3c7c-025d-47da-8b86-69a3d3ee378b:192.168.30.19:35185, 10d765e6-1fa6-409c-a70f-26270a366817:192.168.30.19:36940, 106fbfbb-a644-4362-b00c-94e4bf981000:192.168.30.19:46435], old=null at 0
2019-10-03 06:20:16,822 [grpc-default-executor-7] INFO  segmented.SegmentedRaftLogWorker (SegmentedRaftLogWorker.java:startLogSegment(385)) - 10d765e6-1fa6-409c-a70f-26270a366817@group-6270653E4082-SegmentedRaftLogWorker: Starting segment from index:0
2019-10-03 06:20:16,829 [106fbfbb-a644-4362-b00c-94e4bf981000@group-6270653E4082-SegmentedRaftLogWorker] INFO  segmented.SegmentedRaftLogWorker (SegmentedRaftLogWorker.java:execute(574)) - 106fbfbb-a644-4362-b00c-94e4bf981000@group-6270653E4082-SegmentedRaftLogWorker: created new log segment /workdir/hadoop-ozone/integration-test/target/test-dir/MiniOzoneClusterImpl-e2c67281-891d-480f-94b5-858598808fca/datanode-4/data/ratis/6cfa57b2-233a-426d-98ec-6270653e4082/current/log_inprogress_0
2019-10-03 06:20:16,846 [a641a122-e0ac-418f-8267-327e6230a1cd@group-5EAE9E1136F2-LeaderElection79] INFO  impl.LeaderElection (LeaderElection.java:askForVotes(178)) - a641a122-e0ac-418f-8267-327e6230a1cd@group-5EAE9E1136F2-LeaderElection79: begin an election at term 1 for -1: [7297699a-39c3-4e8b-825a-47c14ab22132:192.168.30.19:42157, 4c8ddee0-ae82-41b2-88a7-be14da5056d5:192.168.30.19:42148, a641a122-e0ac-418f-8267-327e6230a1cd:192.168.30.19:37993], old=null
2019-10-03 06:20:16,847 [4c8ddee0-ae82-41b2-88a7-be14da5056d5@group-5EAE9E1136F2-LeaderElection78] INFO  impl.LeaderElection (LeaderElection.java:askForVotes(178)) - 4c8ddee0-ae82-41b2-88a7-be14da5056d5@group-5EAE9E1136F2-LeaderElection78: begin an election at term 1 for -1: [7297699a-39c3-4e8b-825a-47c14ab22132:192.168.30.19:42157, 4c8ddee0-ae82-41b2-88a7-be14da5056d5:192.168.30.19:42148, a641a122-e0ac-418f-8267-327e6230a1cd:192.168.30.19:37993], old=null
2019-10-03 06:20:16,867 [grpc-default-executor-5] INFO  impl.RaftServerImpl (RaftServerImpl.java:setRole(170)) - 7297699a-39c3-4e8b-825a-47c14ab22132@group-5EAE9E1136F2: changes role from  FOLLOWER to FOLLOWER at term 1 for recognizeCandidate:a641a122-e0ac-418f-8267-327e6230a1cd
2019-10-03 06:20:16,867 [grpc-default-executor-5] INFO  impl.RoleInfo (RoleInfo.java:shutdownFollowerState(121)) - 7297699a-39c3-4e8b-825a-47c14ab22132: shutdown FollowerState
2019-10-03 06:20:16,867 [grpc-default-executor-5] INFO  impl.RoleInfo (RoleInfo.java:updateAndGet(143)) - 7297699a-39c3-4e8b-825a-47c14ab22132: start FollowerState
2019-10-03 06:20:16,867 [Thread-2425] INFO  impl.FollowerState (FollowerState.java:run(117)) - 7297699a-39c3-4e8b-825a-47c14ab22132@group-5EAE9E1136F2-FollowerState was interrupted: java.lang.InterruptedException: sleep interrupted
2019-10-03 06:20:16,889 [5bea3c7c-025d-47da-8b86-69a3d3ee378b@group-6270653E4082-SegmentedRaftLogWorker] INFO  segmented.SegmentedRaftLogWorker (SegmentedRaftLogWorker.java:execute(574)) - 5bea3c7c-025d-47da-8b86-69a3d3ee378b@group-6270653E4082-SegmentedRaftLogWorker: created new log segment /workdir/hadoop-ozone/integration-test/target/test-dir/MiniOzoneClusterImpl-e2c67281-891d-480f-94b5-858598808fca/datanode-5/data/ratis/6cfa57b2-233a-426d-98ec-6270653e4082/current/log_inprogress_0
2019-10-03 06:20:16,889 [10d765e6-1fa6-409c-a70f-26270a366817@group-6270653E4082-SegmentedRaftLogWorker] INFO  segmented.SegmentedRaftLogWorker (SegmentedRaftLogWorker.java:execute(574)) - 10d765e6-1fa6-409c-a70f-26270a366817@group-6270653E4082-SegmentedRaftLogWorker: created new log segment /workdir/hadoop-ozone/integration-test/target/test-dir/MiniOzoneClusterImpl-e2c67281-891d-480f-94b5-858598808fca/datanode-2/data/ratis/6cfa57b2-233a-426d-98ec-6270653e4082/current/log_inprogress_0
2019-10-03 06:20:16,889 [a641a122-e0ac-418f-8267-327e6230a1cd@group-5EAE9E1136F2-LeaderElection79] INFO  impl.LeaderElection (LeaderElection.java:logAndReturn(56)) - a641a122-e0ac-418f-8267-327e6230a1cd@group-5EAE9E1136F2-LeaderElection79: Election PASSED; received 2 response(s) [a641a122-e0ac-418f-8267-327e6230a1cd<-7297699a-39c3-4e8b-825a-47c14ab22132#0:OK-t1, a641a122-e0ac-418f-8267-327e6230a1cd<-4c8ddee0-ae82-41b2-88a7-be14da5056d5#0:FAIL-t1] and 0 exception(s); a641a122-e0ac-418f-8267-327e6230a1cd@group-5EAE9E1136F2:t1, leader=null, voted=a641a122-e0ac-418f-8267-327e6230a1cd, raftlog=a641a122-e0ac-418f-8267-327e6230a1cd@group-5EAE9E1136F2-SegmentedRaftLog:OPENED:c-1,f-1,i0, conf=-1: [7297699a-39c3-4e8b-825a-47c14ab22132:192.168.30.19:42157, 4c8ddee0-ae82-41b2-88a7-be14da5056d5:192.168.30.19:42148, a641a122-e0ac-418f-8267-327e6230a1cd:192.168.30.19:37993], old=null
2019-10-03 06:20:16,890 [a641a122-e0ac-418f-8267-327e6230a1cd@group-5EAE9E1136F2-LeaderElection79] INFO  impl.RoleInfo (RoleInfo.java:shutdownLeaderElection(134)) - a641a122-e0ac-418f-8267-327e6230a1cd: shutdown LeaderElection
2019-10-03 06:20:16,890 [a641a122-e0ac-418f-8267-327e6230a1cd@group-5EAE9E1136F2-LeaderElection79] INFO  impl.RaftServerImpl (RaftServerImpl.java:setRole(170)) - a641a122-e0ac-418f-8267-327e6230a1cd@group-5EAE9E1136F2: changes role from CANDIDATE to LEADER at term 1 for changeToLeader
2019-10-03 06:20:16,890 [4c8ddee0-ae82-41b2-88a7-be14da5056d5@group-5EAE9E1136F2-LeaderElection78] INFO  impl.LeaderElection (LeaderElection.java:logAndReturn(56)) - 4c8ddee0-ae82-41b2-88a7-be14da5056d5@group-5EAE9E1136F2-LeaderElection78: Election REJECTED; received 2 response(s) [4c8ddee0-ae82-41b2-88a7-be14da5056d5<-7297699a-39c3-4e8b-825a-47c14ab22132#0:FAIL-t1, 4c8ddee0-ae82-41b2-88a7-be14da5056d5<-a641a122-e0ac-418f-8267-327e6230a1cd#0:FAIL-t1] and 0 exception(s); 4c8ddee0-ae82-41b2-88a7-be14da5056d5@group-5EAE9E1136F2:t1, leader=null, voted=4c8ddee0-ae82-41b2-88a7-be14da5056d5, raftlog=4c8ddee0-ae82-41b2-88a7-be14da5056d5@group-5EAE9E1136F2-SegmentedRaftLog:OPENED:c-1,f-1,i0, conf=-1: [7297699a-39c3-4e8b-825a-47c14ab22132:192.168.30.19:42157, 4c8ddee0-ae82-41b2-88a7-be14da5056d5:192.168.30.19:42148, a641a122-e0ac-418f-8267-327e6230a1cd:192.168.30.19:37993], old=null
2019-10-03 06:20:16,890 [a641a122-e0ac-418f-8267-327e6230a1cd@group-5EAE9E1136F2-LeaderElection79] INFO  impl.RaftServerImpl (ServerState.java:setLeader(255)) - a641a122-e0ac-418f-8267-327e6230a1cd@group-5EAE9E1136F2: change Leader from null to a641a122-e0ac-418f-8267-327e6230a1cd at term 1 for becomeLeader, leader elected after 5140ms
2019-10-03 06:20:16,893 [4c8ddee0-ae82-41b2-88a7-be14da5056d5@group-5EAE9E1136F2-LeaderElection78] INFO  impl.RaftServerImpl (RaftServerImpl.java:setRole(170)) - 4c8ddee0-ae82-41b2-88a7-be14da5056d5@group-5EAE9E1136F2: changes role from CANDIDATE to FOLLOWER at term 1 for DISCOVERED_A_NEW_TERM
2019-10-03 06:20:16,893 [a641a122-e0ac-418f-8267-327e6230a1cd@group-5EAE9E1136F2-LeaderElection79] INFO  server.RaftServerConfigKeys (ConfUtils.java:logGet(43)) - raft.server.staging.catchup.gap = 1000 (default)
2019-10-03 06:20:16,895 [4c8ddee0-ae82-41b2-88a7-be14da5056d5@group-5EAE9E1136F2-LeaderElection78] INFO  impl.RoleInfo (RoleInfo.java:shutdownLeaderElection(134)) - 4c8ddee0-ae82-41b2-88a7-be14da5056d5: shutdown LeaderElection
2019-10-03 06:20:16,895 [a641a122-e0ac-418f-8267-327e6230a1cd@group-5EAE9E1136F2-LeaderElection79] INFO  server.RaftServerConfigKeys (ConfUtils.java:logGet(43)) - raft.server.rpc.sleep.time = 25ms (default)
2019-10-03 06:20:16,895 [4c8ddee0-ae82-41b2-88a7-be14da5056d5@group-5EAE9E1136F2-LeaderElection78] INFO  impl.RoleInfo (RoleInfo.java:updateAndGet(143)) - 4c8ddee0-ae82-41b2-88a7-be14da5056d5: start FollowerState
2019-10-03 06:20:16,895 [a641a122-e0ac-418f-8267-327e6230a1cd@group-5EAE9E1136F2-LeaderElection79] INFO  server.RaftServerConfigKeys (ConfUtils.java:logGet(43)) - raft.server.write.element-limit = 4096 (default)
2019-10-03 06:20:16,896 [a641a122-e0ac-418f-8267-327e6230a1cd@group-5EAE9E1136F2-LeaderElection79] INFO  server.RaftServerConfigKeys (ConfUtils.java:logGet(43)) - raft.server.watch.timeout = 10s (default)
2019-10-03 06:20:16,896 [a641a122-e0ac-418f-8267-327e6230a1cd@group-5EAE9E1136F2-LeaderElection79] INFO  server.RaftServerConfigKeys (ConfUtils.java:logGet(43)) - raft.server.watch.timeout.denomination = 1s (default)
2019-10-03 06:20:16,896 [a641a122-e0ac-418f-8267-327e6230a1cd@group-5EAE9E1136F2-LeaderElection79] INFO  server.RaftServerConfigKeys (ConfUtils.java:logGet(43)) - raft.server.watch.element-limit = 65536 (default)
2019-10-03 06:20:16,897 [a641a122-e0ac-418f-8267-327e6230a1cd@group-5EAE9E1136F2-LeaderElection79] INFO  server.RaftServerConfigKeys (ConfUtils.java:logGet(43)) - raft.server.log.appender.snapshot.chunk.size.max = 16MB (=16777216) (default)
2019-10-03 06:20:16,898 [a641a122-e0ac-418f-8267-327e6230a1cd@group-5EAE9E1136F2-LeaderElection79] INFO  server.RaftServerConfigKeys (ConfUtils.java:logGet(43)) - raft.server.log.appender.buffer.byte-limit = 33554432 (custom)
2019-10-03 06:20:16,898 [a641a122-e0ac-418f-8267-327e6230a1cd@group-5EAE9E1136F2-LeaderElection79] INFO  server.RaftServerConfigKeys (ConfUtils.java:logGet(43)) - raft.server.log.appender.buffer.element-limit = 1 (custom)
2019-10-03 06:20:16,898 [a641a122-e0ac-418f-8267-327e6230a1cd@group-5EAE9E1136F2-LeaderElection79] INFO  grpc.GrpcConfigKeys$Server (ConfUtils.java:logGet(43)) - raft.grpc.server.leader.outstanding.appends.max = 128 (default)
2019-10-03 06:20:16,898 [a641a122-e0ac-418f-8267-327e6230a1cd@group-5EAE9E1136F2-LeaderElection79] INFO  server.RaftServerConfigKeys (ConfUtils.java:logGet(43)) - raft.server.rpc.request.timeout = 3000ms (default)
2019-10-03 06:20:16,898 [a641a122-e0ac-418f-8267-327e6230a1cd@group-5EAE9E1136F2-LeaderElection79] INFO  server.RaftServerConfigKeys (ConfUtils.java:logGet(43)) - raft.server.log.appender.install.snapshot.enabled = false (custom)
2019-10-03 06:20:16,898 [a641a122-e0ac-418f-8267-327e6230a1cd@group-5EAE9E1136F2-LeaderElection79] INFO  server.RaftServerConfigKeys (ConfUtils.java:logGet(43)) - raft.server.log.appender.snapshot.chunk.size.max = 16MB (=16777216) (default)
2019-10-03 06:20:16,898 [a641a122-e0ac-418f-8267-327e6230a1cd@group-5EAE9E1136F2-LeaderElection79] INFO  server.RaftServerConfigKeys (ConfUtils.java:logGet(43)) - raft.server.log.appender.buffer.byte-limit = 33554432 (custom)
2019-10-03 06:20:16,898 [a641a122-e0ac-418f-8267-327e6230a1cd@group-5EAE9E1136F2-LeaderElection79] INFO  server.RaftServerConfigKeys (ConfUtils.java:logGet(43)) - raft.server.log.appender.buffer.element-limit = 1 (custom)
2019-10-03 06:20:16,899 [a641a122-e0ac-418f-8267-327e6230a1cd@group-5EAE9E1136F2-LeaderElection79] INFO  grpc.GrpcConfigKeys$Server (ConfUtils.java:logGet(43)) - raft.grpc.server.leader.outstanding.appends.max = 128 (default)
2019-10-03 06:20:16,899 [a641a122-e0ac-418f-8267-327e6230a1cd@group-5EAE9E1136F2-LeaderElection79] INFO  server.RaftServerConfigKeys (ConfUtils.java:logGet(43)) - raft.server.rpc.request.timeout = 3000ms (default)
2019-10-03 06:20:16,899 [a641a122-e0ac-418f-8267-327e6230a1cd@group-5EAE9E1136F2-LeaderElection79] INFO  server.RaftServerConfigKeys (ConfUtils.java:logGet(43)) - raft.server.log.appender.install.snapshot.enabled = false (custom)
2019-10-03 06:20:16,899 [a641a122-e0ac-418f-8267-327e6230a1cd@group-5EAE9E1136F2-LeaderElection79] INFO  impl.RoleInfo (RoleInfo.java:updateAndGet(143)) - a641a122-e0ac-418f-8267-327e6230a1cd: start LeaderState
2019-10-03 06:20:16,899 [a641a122-e0ac-418f-8267-327e6230a1cd@group-5EAE9E1136F2-LeaderElection79] INFO  segmented.SegmentedRaftLogWorker (SegmentedRaftLogWorker.java:startLogSegment(385)) - a641a122-e0ac-418f-8267-327e6230a1cd@group-5EAE9E1136F2-SegmentedRaftLogWorker: Starting segment from index:0
2019-10-03 06:20:16,900 [a641a122-e0ac-418f-8267-327e6230a1cd@group-5EAE9E1136F2-LeaderElection79] INFO  impl.RaftServerImpl (ServerState.java:setRaftConf(356)) - a641a122-e0ac-418f-8267-327e6230a1cd@group-5EAE9E1136F2: set configuration 0: [7297699a-39c3-4e8b-825a-47c14ab22132:192.168.30.19:42157, 4c8ddee0-ae82-41b2-88a7-be14da5056d5:192.168.30.19:42148, a641a122-e0ac-418f-8267-327e6230a1cd:192.168.30.19:37993], old=null at 0
2019-10-03 06:20:16,902 [grpc-default-executor-5] INFO  impl.RaftServerImpl (ServerState.java:setLeader(255)) - 4c8ddee0-ae82-41b2-88a7-be14da5056d5@group-5EAE9E1136F2: change Leader from null to a641a122-e0ac-418f-8267-327e6230a1cd at term 1 for appendEntries, leader elected after 5152ms
2019-10-03 06:20:16,902 [grpc-default-executor-7] INFO  impl.RaftServerImpl (ServerState.java:setLeader(255)) - 7297699a-39c3-4e8b-825a-47c14ab22132@group-5EAE9E1136F2: change Leader from null to a641a122-e0ac-418f-8267-327e6230a1cd at term 1 for appendEntries, leader elected after 5152ms
2019-10-03 06:20:16,903 [grpc-default-executor-7] INFO  impl.RaftServerImpl (ServerState.java:setRaftConf(356)) - 4c8ddee0-ae82-41b2-88a7-be14da5056d5@group-5EAE9E1136F2: set configuration 0: [7297699a-39c3-4e8b-825a-47c14ab22132:192.168.30.19:42157, 4c8ddee0-ae82-41b2-88a7-be14da5056d5:192.168.30.19:42148, a641a122-e0ac-418f-8267-327e6230a1cd:192.168.30.19:37993], old=null at 0
2019-10-03 06:20:16,904 [grpc-default-executor-5] INFO  impl.RaftServerImpl (ServerState.java:setRaftConf(356)) - 7297699a-39c3-4e8b-825a-47c14ab22132@group-5EAE9E1136F2: set configuration 0: [7297699a-39c3-4e8b-825a-47c14ab22132:192.168.30.19:42157, 4c8ddee0-ae82-41b2-88a7-be14da5056d5:192.168.30.19:42148, a641a122-e0ac-418f-8267-327e6230a1cd:192.168.30.19:37993], old=null at 0
2019-10-03 06:20:16,904 [grpc-default-executor-7] INFO  segmented.SegmentedRaftLogWorker (SegmentedRaftLogWorker.java:startLogSegment(385)) - 4c8ddee0-ae82-41b2-88a7-be14da5056d5@group-5EAE9E1136F2-SegmentedRaftLogWorker: Starting segment from index:0
2019-10-03 06:20:16,904 [grpc-default-executor-5] INFO  segmented.SegmentedRaftLogWorker (SegmentedRaftLogWorker.java:startLogSegment(385)) - 7297699a-39c3-4e8b-825a-47c14ab22132@group-5EAE9E1136F2-SegmentedRaftLogWorker: Starting segment from index:0
2019-10-03 06:20:16,956 [a641a122-e0ac-418f-8267-327e6230a1cd@group-5EAE9E1136F2-SegmentedRaftLogWorker] INFO  segmented.SegmentedRaftLogWorker (SegmentedRaftLogWorker.java:execute(574)) - a641a122-e0ac-418f-8267-327e6230a1cd@group-5EAE9E1136F2-SegmentedRaftLogWorker: created new log segment /workdir/hadoop-ozone/integration-test/target/test-dir/MiniOzoneClusterImpl-e2c67281-891d-480f-94b5-858598808fca/datanode-3/data/ratis/cf528463-0d46-4357-874c-5eae9e1136f2/current/log_inprogress_0
2019-10-03 06:20:16,956 [7297699a-39c3-4e8b-825a-47c14ab22132@group-5EAE9E1136F2-SegmentedRaftLogWorker] INFO  segmented.SegmentedRaftLogWorker (SegmentedRaftLogWorker.java:execute(574)) - 7297699a-39c3-4e8b-825a-47c14ab22132@group-5EAE9E1136F2-SegmentedRaftLogWorker: created new log segment /workdir/hadoop-ozone/integration-test/target/test-dir/MiniOzoneClusterImpl-e2c67281-891d-480f-94b5-858598808fca/datanode-0/data/ratis/cf528463-0d46-4357-874c-5eae9e1136f2/current/log_inprogress_0
2019-10-03 06:20:16,956 [4c8ddee0-ae82-41b2-88a7-be14da5056d5@group-5EAE9E1136F2-SegmentedRaftLogWorker] INFO  segmented.SegmentedRaftLogWorker (SegmentedRaftLogWorker.java:execute(574)) - 4c8ddee0-ae82-41b2-88a7-be14da5056d5@group-5EAE9E1136F2-SegmentedRaftLogWorker: created new log segment /workdir/hadoop-ozone/integration-test/target/test-dir/MiniOzoneClusterImpl-e2c67281-891d-480f-94b5-858598808fca/datanode-1/data/ratis/cf528463-0d46-4357-874c-5eae9e1136f2/current/log_inprogress_0
2019-10-03 06:20:17,848 [Datanode State Machine Thread - 0] INFO  statemachine.DatanodeStateMachine (DatanodeStateMachine.java:lambda$startDaemon$0(350)) - Ozone container server started.
2019-10-03 06:20:22,805 [main] INFO  ozoneimpl.OzoneContainer (OzoneContainer.java:stop(231)) - Attempting to stop container services.
2019-10-03 06:20:22,806 [main] INFO  impl.RaftServerProxy (RaftServerProxy.java:lambda$close$4(314)) - 5bea3c7c-025d-47da-8b86-69a3d3ee378b: close
2019-10-03 06:20:22,807 [main] INFO  impl.RaftServerImpl (RaftServerImpl.java:lambda$shutdown$3(247)) - 5bea3c7c-025d-47da-8b86-69a3d3ee378b@group-D3B69B701907: shutdown
2019-10-03 06:20:22,807 [ForkJoinPool.commonPool-worker-0] INFO  impl.RaftServerImpl (RaftServerImpl.java:lambda$shutdown$3(247)) - 5bea3c7c-025d-47da-8b86-69a3d3ee378b@group-6270653E4082: shutdown
2019-10-03 06:20:22,808 [main] INFO  util.JmxRegister (JmxRegister.java:unregister(73)) - Successfully un-registered JMX Bean with object name Ratis:service=RaftServer,group=group-D3B69B701907,id=5bea3c7c-025d-47da-8b86-69a3d3ee378b
2019-10-03 06:20:22,808 [ForkJoinPool.commonPool-worker-0] INFO  util.JmxRegister (JmxRegister.java:unregister(73)) - Successfully un-registered JMX Bean with object name Ratis:service=RaftServer,group=group-6270653E4082,id=5bea3c7c-025d-47da-8b86-69a3d3ee378b
2019-10-03 06:20:22,808 [main] INFO  impl.RoleInfo (RoleInfo.java:shutdownLeaderState(104)) - 5bea3c7c-025d-47da-8b86-69a3d3ee378b: shutdown LeaderState
2019-10-03 06:20:22,809 [ForkJoinPool.commonPool-worker-0] INFO  impl.RoleInfo (RoleInfo.java:shutdownFollowerState(121)) - 5bea3c7c-025d-47da-8b86-69a3d3ee378b: shutdown FollowerState
2019-10-03 06:20:22,809 [main] INFO  impl.PendingRequests (PendingRequests.java:sendNotLeaderResponses(202)) - 5bea3c7c-025d-47da-8b86-69a3d3ee378b@group-D3B69B701907-PendingRequests: sendNotLeaderResponses
2019-10-03 06:20:22,809 [Thread-2462] INFO  impl.FollowerState (FollowerState.java:run(117)) - 5bea3c7c-025d-47da-8b86-69a3d3ee378b@group-6270653E4082-FollowerState was interrupted: java.lang.InterruptedException: sleep interrupted
2019-10-03 06:20:22,809 [ForkJoinPool.commonPool-worker-0] INFO  impl.StateMachineUpdater (StateMachineUpdater.java:stopAndJoin(136)) - 5bea3c7c-025d-47da-8b86-69a3d3ee378b@group-6270653E4082-StateMachineUpdater: set stopIndex = 2
2019-10-03 06:20:22,810 [main] INFO  impl.StateMachineUpdater (StateMachineUpdater.java:stopAndJoin(136)) - 5bea3c7c-025d-47da-8b86-69a3d3ee378b@group-D3B69B701907-StateMachineUpdater: set stopIndex = 0
2019-10-03 06:20:22,810 [5bea3c7c-025d-47da-8b86-69a3d3ee378b@group-6270653E4082-StateMachineUpdater] INFO  ratis.ContainerStateMachine (ContainerStateMachine.java:takeSnapshot(293)) - group-6270653E4082: Taking a snapshot at:(t:1, i:1) file /workdir/hadoop-ozone/integration-test/target/test-dir/MiniOzoneClusterImpl-e2c67281-891d-480f-94b5-858598808fca/datanode-5/data/ratis/6cfa57b2-233a-426d-98ec-6270653e4082/sm/snapshot.1_1
2019-10-03 06:20:22,811 [main] INFO  impl.RaftServerImpl (ServerState.java:close(387)) - 5bea3c7c-025d-47da-8b86-69a3d3ee378b@group-D3B69B701907: closes. applyIndex: 0
2019-10-03 06:20:22,811 [5bea3c7c-025d-47da-8b86-69a3d3ee378b@group-D3B69B701907-SegmentedRaftLogWorker] INFO  segmented.SegmentedRaftLogWorker (SegmentedRaftLogWorker.java:run(316)) - 5bea3c7c-025d-47da-8b86-69a3d3ee378b@group-D3B69B701907-SegmentedRaftLogWorker was interrupted, exiting. There are 0 tasks remaining in the queue.
2019-10-03 06:20:22,820 [main] INFO  segmented.SegmentedRaftLogWorker (SegmentedRaftLogWorker.java:close(224)) - 5bea3c7c-025d-47da-8b86-69a3d3ee378b@group-D3B69B701907-SegmentedRaftLogWorker close()
2019-10-03 06:20:22,843 [5bea3c7c-025d-47da-8b86-69a3d3ee378b@group-6270653E4082-StateMachineUpdater] INFO  ratis.ContainerStateMachine (ContainerStateMachine.java:takeSnapshot(304)) - group-6270653E4082: Finished taking a snapshot at:(t:1, i:1) file:/workdir/hadoop-ozone/integration-test/target/test-dir/MiniOzoneClusterImpl-e2c67281-891d-480f-94b5-858598808fca/datanode-5/data/ratis/6cfa57b2-233a-426d-98ec-6270653e4082/sm/snapshot.1_1 time:34
2019-10-03 06:20:22,843 [5bea3c7c-025d-47da-8b86-69a3d3ee378b@group-6270653E4082-StateMachineUpdater] INFO  impl.StateMachineUpdater (StateMachineUpdater.java:takeSnapshot(269)) - 5bea3c7c-025d-47da-8b86-69a3d3ee378b@group-6270653E4082-StateMachineUpdater: Took a snapshot at index 1
2019-10-03 06:20:22,843 [5bea3c7c-025d-47da-8b86-69a3d3ee378b@group-6270653E4082-StateMachineUpdater] INFO  impl.StateMachineUpdater (StateMachineUpdater.java:lambda$new$0(84)) - 5bea3c7c-025d-47da-8b86-69a3d3ee378b@group-6270653E4082-StateMachineUpdater: snapshotIndex: updateIncreasingly -1 -> 1
2019-10-03 06:20:22,844 [5bea3c7c-025d-47da-8b86-69a3d3ee378b@group-6270653E4082-StateMachineUpdater] INFO  ratis.ContainerStateMachine (ContainerStateMachine.java:takeSnapshot(293)) - group-6270653E4082: Taking a snapshot at:(t:1, i:1) file /workdir/hadoop-ozone/integration-test/target/test-dir/MiniOzoneClusterImpl-e2c67281-891d-480f-94b5-858598808fca/datanode-5/data/ratis/6cfa57b2-233a-426d-98ec-6270653e4082/sm/snapshot.1_1
2019-10-03 06:20:22,866 [5bea3c7c-025d-47da-8b86-69a3d3ee378b@group-6270653E4082-StateMachineUpdater] INFO  ratis.ContainerStateMachine (ContainerStateMachine.java:takeSnapshot(304)) - group-6270653E4082: Finished taking a snapshot at:(t:1, i:1) file:/workdir/hadoop-ozone/integration-test/target/test-dir/MiniOzoneClusterImpl-e2c67281-891d-480f-94b5-858598808fca/datanode-5/data/ratis/6cfa57b2-233a-426d-98ec-6270653e4082/sm/snapshot.1_1 time:22
2019-10-03 06:20:22,866 [5bea3c7c-025d-47da-8b86-69a3d3ee378b@group-6270653E4082-StateMachineUpdater] INFO  impl.StateMachineUpdater (StateMachineUpdater.java:takeSnapshot(269)) - 5bea3c7c-025d-47da-8b86-69a3d3ee378b@group-6270653E4082-StateMachineUpdater: Took a snapshot at index 1
2019-10-03 06:20:22,867 [5bea3c7c-025d-47da-8b86-69a3d3ee378b@group-6270653E4082-StateMachineUpdater] INFO  impl.StateMachineUpdater (StateMachineUpdater.java:lambda$new$0(84)) - 5bea3c7c-025d-47da-8b86-69a3d3ee378b@group-6270653E4082-StateMachineUpdater: snapshotIndex: updateIncreasingly 1 -> 1
2019-10-03 06:20:22,867 [ForkJoinPool.commonPool-worker-0] INFO  impl.RaftServerImpl (ServerState.java:close(387)) - 5bea3c7c-025d-47da-8b86-69a3d3ee378b@group-6270653E4082: closes. applyIndex: 2
2019-10-03 06:20:22,867 [5bea3c7c-025d-47da-8b86-69a3d3ee378b@group-6270653E4082-SegmentedRaftLogWorker] INFO  segmented.SegmentedRaftLogWorker (SegmentedRaftLogWorker.java:run(316)) - 5bea3c7c-025d-47da-8b86-69a3d3ee378b@group-6270653E4082-SegmentedRaftLogWorker was interrupted, exiting. There are 0 tasks remaining in the queue.
2019-10-03 06:20:22,871 [ForkJoinPool.commonPool-worker-0] INFO  segmented.SegmentedRaftLogWorker (SegmentedRaftLogWorker.java:close(224)) - 5bea3c7c-025d-47da-8b86-69a3d3ee378b@group-6270653E4082-SegmentedRaftLogWorker close()
2019-10-03 06:20:22,877 [main] INFO  server.GrpcService (GrpcService.java:closeImpl(164)) - 5bea3c7c-025d-47da-8b86-69a3d3ee378b: shutdown server with port 35185 now
2019-10-03 06:20:22,879 [grpc-default-executor-7] WARN  server.GrpcServerProtocolService (LogUtils.java:warn(134)) - 5bea3c7c-025d-47da-8b86-69a3d3ee378b: installSnapshot onError, lastRequest: 106fbfbb-a644-4362-b00c-94e4bf981000->5bea3c7c-025d-47da-8b86-69a3d3ee378b#5-t1, previous=(t:1, i:2), leaderCommit=2, initializing? false, entries: <empty>: org.apache.ratis.thirdparty.io.grpc.StatusRuntimeException: CANCELLED: cancelled before receiving half close
2019-10-03 06:20:22,881 [grpc-default-executor-7] WARN  server.GrpcLogAppender (LogUtils.java:warn(134)) - 106fbfbb-a644-4362-b00c-94e4bf981000@group-6270653E4082->5bea3c7c-025d-47da-8b86-69a3d3ee378b-AppendLogResponseHandler: Failed appendEntries: org.apache.ratis.thirdparty.io.grpc.StatusRuntimeException: CANCELLED: HTTP/2 error code: CANCEL
Received Rst Stream
2019-10-03 06:20:22,881 [main] INFO  server.GrpcService (GrpcService.java:closeImpl(172)) - 5bea3c7c-025d-47da-8b86-69a3d3ee378b: shutdown server with port 35185 successfully
2019-10-03 06:20:22,881 [grpc-default-executor-7] INFO  impl.FollowerInfo (FollowerInfo.java:lambda$new$0(51)) - 106fbfbb-a644-4362-b00c-94e4bf981000@group-6270653E4082->5bea3c7c-025d-47da-8b86-69a3d3ee378b: nextIndex: updateUnconditionally 3 -> 2
2019-10-03 06:20:22,884 [refreshUsed-/workdir/hadoop-ozone/integration-test/target/test-dir/MiniOzoneClusterImpl-e2c67281-891d-480f-94b5-858598808fca/datanode-5/data/containers] WARN  fs.CachingGetSpaceUsed (CachingGetSpaceUsed.java:run(183)) - Thread Interrupted waiting to refresh disk information: sleep interrupted
2019-10-03 06:20:22,905 [main] INFO  utils.BackgroundService (BackgroundService.java:shutdown(148)) - Shutting down service BlockDeletingService
2019-10-03 06:20:22,914 [main] INFO  statemachine.DatanodeStateMachine (DatanodeStateMachine.java:stopDaemon(395)) - Ozone container server stopped.
2019-10-03 06:20:22,916 [main] INFO  handler.ContextHandler (ContextHandler.java:doStop(910)) - Stopped o.e.j.w.WebAppContext@52ba685a{/,null,UNAVAILABLE}{/hddsDatanode}
2019-10-03 06:20:22,917 [main] INFO  server.AbstractConnector (AbstractConnector.java:doStop(318)) - Stopped ServerConnector@63d677f5{HTTP/1.1,[http/1.1]}{0.0.0.0:0}
2019-10-03 06:20:22,917 [main] INFO  handler.ContextHandler (ContextHandler.java:doStop(910)) - Stopped o.e.j.s.ServletContextHandler@62f9c790{/static,jar:file:/home/user/.m2/repository/org/apache/hadoop/hadoop-hdds-container-service/0.5.0-SNAPSHOT/hadoop-hdds-container-service-0.5.0-SNAPSHOT.jar!/webapps/static,UNAVAILABLE}
2019-10-03 06:20:22,918 [main] INFO  handler.ContextHandler (ContextHandler.java:doStop(910)) - Stopped o.e.j.s.ServletContextHandler@19662208{/logs,file:///workdir/hadoop-ozone/integration-test/target/log,UNAVAILABLE}
2019-10-03 06:20:22,926 [grpc-default-executor-7] WARN  server.GrpcLogAppender (LogUtils.java:warn(134)) - 106fbfbb-a644-4362-b00c-94e4bf981000@group-6270653E4082->5bea3c7c-025d-47da-8b86-69a3d3ee378b-AppendLogResponseHandler: Failed appendEntries: org.apache.ratis.thirdparty.io.grpc.StatusRuntimeException: UNAVAILABLE: io exception
2019-10-03 06:20:22,927 [grpc-default-executor-7] INFO  impl.FollowerInfo (FollowerInfo.java:lambda$new$0(51)) - 106fbfbb-a644-4362-b00c-94e4bf981000@group-6270653E4082->5bea3c7c-025d-47da-8b86-69a3d3ee378b: nextIndex: updateUnconditionally 3 -> 2
2019-10-03 06:20:22,938 [grpc-default-executor-4] WARN  server.GrpcLogAppender (LogUtils.java:warn(134)) - 106fbfbb-a644-4362-b00c-94e4bf981000@group-6270653E4082->5bea3c7c-025d-47da-8b86-69a3d3ee378b-AppendLogResponseHandler: Failed appendEntries: org.apache.ratis.thirdparty.io.grpc.StatusRuntimeException: UNAVAILABLE: io exception
2019-10-03 06:20:22,938 [grpc-default-executor-4] INFO  impl.FollowerInfo (FollowerInfo.java:lambda$new$0(51)) - 106fbfbb-a644-4362-b00c-94e4bf981000@group-6270653E4082->5bea3c7c-025d-47da-8b86-69a3d3ee378b: nextIndex: updateUnconditionally 3 -> 2
2019-10-03 06:20:22,950 [grpc-default-executor-7] WARN  server.GrpcLogAppender (LogUtils.java:warn(134)) - 106fbfbb-a644-4362-b00c-94e4bf981000@group-6270653E4082->5bea3c7c-025d-47da-8b86-69a3d3ee378b-AppendLogResponseHandler: Failed appendEntries: org.apache.ratis.thirdparty.io.grpc.StatusRuntimeException: UNAVAILABLE: io exception
2019-10-03 06:20:22,950 [grpc-default-executor-7] INFO  impl.FollowerInfo (FollowerInfo.java:lambda$new$0(51)) - 106fbfbb-a644-4362-b00c-94e4bf981000@group-6270653E4082->5bea3c7c-025d-47da-8b86-69a3d3ee378b: nextIndex: updateUnconditionally 3 -> 2
2019-10-03 06:20:22,961 [EventQueue-IncrementalContainerReportForIncrementalContainerReportHandler] WARN  container.IncrementalContainerReportHandler (AbstractContainerReportHandler.java:updateContainerState(143)) - Container #1 is in OPEN state, but the datanode 106fbfbb-a644-4362-b00c-94e4bf981000{ip: 192.168.30.19, host: trunk-nightly-20191003-5492k-4029359510, networkLocation: /default-rack, certSerialId: null} reports an CLOSING replica.
2019-10-03 06:20:22,978 [EventQueue-IncrementalContainerReportForIncrementalContainerReportHandler] WARN  container.IncrementalContainerReportHandler (AbstractContainerReportHandler.java:updateContainerState(143)) - Container #1 is in OPEN state, but the datanode 10d765e6-1fa6-409c-a70f-26270a366817{ip: 192.168.30.19, host: trunk-nightly-20191003-5492k-4029359510, networkLocation: /default-rack, certSerialId: null} reports an CLOSING replica.
2019-10-03 06:20:23,065 [RatisApplyTransactionExecutor 1] INFO  interfaces.Container (KeyValueContainer.java:flushAndSyncDB(386)) - Container 1 is synced with bcsId 0.
2019-10-03 06:20:23,144 [RatisApplyTransactionExecutor 1] INFO  interfaces.Container (KeyValueContainer.java:flushAndSyncDB(386)) - Container 1 is synced with bcsId 0.
2019-10-03 06:20:23,156 [RatisApplyTransactionExecutor 1] INFO  interfaces.Container (KeyValueContainer.java:flushAndSyncDB(386)) - Container 1 is synced with bcsId 0.
2019-10-03 06:20:23,156 [RatisApplyTransactionExecutor 1] INFO  interfaces.Container (KeyValueContainer.java:flushAndSyncDB(386)) - Container 1 is synced with bcsId 0.
2019-10-03 06:20:23,179 [RatisApplyTransactionExecutor 1] INFO  interfaces.Container (KeyValueContainer.java:close(335)) - Container 1 is closed with bcsId 0.
2019-10-03 06:20:23,179 [RatisApplyTransactionExecutor 1] INFO  interfaces.Container (KeyValueContainer.java:close(335)) - Container 1 is closed with bcsId 0.
2019-10-03 06:20:23,180 [EventQueue-IncrementalContainerReportForIncrementalContainerReportHandler] WARN  container.IncrementalContainerReportHandler (AbstractContainerReportHandler.java:updateContainerState(143)) - Container #1 is in OPEN state, but the datanode 10d765e6-1fa6-409c-a70f-26270a366817{ip: 192.168.30.19, host: trunk-nightly-20191003-5492k-4029359510, networkLocation: /default-rack, certSerialId: null} reports an CLOSED replica.
2019-10-03 06:20:23,184 [EventQueue-IncrementalContainerReportForIncrementalContainerReportHandler] WARN  container.IncrementalContainerReportHandler (AbstractContainerReportHandler.java:updateContainerState(143)) - Container #1 is in OPEN state, but the datanode 106fbfbb-a644-4362-b00c-94e4bf981000{ip: 192.168.30.19, host: trunk-nightly-20191003-5492k-4029359510, networkLocation: /default-rack, certSerialId: null} reports an CLOSED replica.
2019-10-03 06:20:25,452 [grpc-default-executor-5] WARN  server.GrpcLogAppender (LogUtils.java:warn(134)) - 106fbfbb-a644-4362-b00c-94e4bf981000@group-6270653E4082->5bea3c7c-025d-47da-8b86-69a3d3ee378b-AppendLogResponseHandler: Failed appendEntries: org.apache.ratis.thirdparty.io.grpc.StatusRuntimeException: UNAVAILABLE: io exception
2019-10-03 06:20:25,453 [grpc-default-executor-5] INFO  impl.FollowerInfo (FollowerInfo.java:lambda$new$0(51)) - 106fbfbb-a644-4362-b00c-94e4bf981000@group-6270653E4082->5bea3c7c-025d-47da-8b86-69a3d3ee378b: nextIndex: updateUnconditionally 2 -> 1
2019-10-03 06:20:26,188 [main] WARN  scm.XceiverClientRatis (XceiverClientRatis.java:watchForCommit(292)) - 3 way commit failed on pipeline Pipeline[ Id: 6cfa57b2-233a-426d-98ec-6270653e4082, Nodes: 5bea3c7c-025d-47da-8b86-69a3d3ee378b{ip: 192.168.30.19, host: trunk-nightly-20191003-5492k-4029359510, networkLocation: /default-rack, certSerialId: null}10d765e6-1fa6-409c-a70f-26270a366817{ip: 192.168.30.19, host: trunk-nightly-20191003-5492k-4029359510, networkLocation: /default-rack, certSerialId: null}106fbfbb-a644-4362-b00c-94e4bf981000{ip: 192.168.30.19, host: trunk-nightly-20191003-5492k-4029359510, networkLocation: /default-rack, certSerialId: null}, Type:RATIS, Factor:THREE, State:OPEN]
java.util.concurrent.TimeoutException
	at java.util.concurrent.CompletableFuture.timedGet(CompletableFuture.java:1771)
	at java.util.concurrent.CompletableFuture.get(CompletableFuture.java:1915)
	at org.apache.hadoop.hdds.scm.XceiverClientRatis.watchForCommit(XceiverClientRatis.java:289)
	at org.apache.hadoop.ozone.client.rpc.TestWatchForCommit.test2WayCommitForTimeoutException(TestWatchForCommit.java:391)
	at sun.reflect.NativeMethodAccessorImpl.invoke0(Native Method)
	at sun.reflect.NativeMethodAccessorImpl.invoke(NativeMethodAccessorImpl.java:62)
	at sun.reflect.DelegatingMethodAccessorImpl.invoke(DelegatingMethodAccessorImpl.java:43)
	at java.lang.reflect.Method.invoke(Method.java:498)
	at org.junit.runners.model.FrameworkMethod$1.runReflectiveCall(FrameworkMethod.java:47)
	at org.junit.internal.runners.model.ReflectiveCallable.run(ReflectiveCallable.java:12)
	at org.junit.runners.model.FrameworkMethod.invokeExplosively(FrameworkMethod.java:44)
	at org.junit.internal.runners.statements.InvokeMethod.evaluate(InvokeMethod.java:17)
	at org.junit.runners.ParentRunner.runLeaf(ParentRunner.java:271)
	at org.junit.runners.BlockJUnit4ClassRunner.runChild(BlockJUnit4ClassRunner.java:70)
	at org.junit.runners.BlockJUnit4ClassRunner.runChild(BlockJUnit4ClassRunner.java:50)
	at org.junit.runners.ParentRunner$3.run(ParentRunner.java:238)
	at org.junit.runners.ParentRunner$1.schedule(ParentRunner.java:63)
	at org.junit.runners.ParentRunner.runChildren(ParentRunner.java:236)
	at org.junit.runners.ParentRunner.access$000(ParentRunner.java:53)
	at org.junit.runners.ParentRunner$2.evaluate(ParentRunner.java:229)
	at org.junit.runners.ParentRunner.run(ParentRunner.java:309)
	at org.apache.maven.surefire.junit4.JUnit4Provider.execute(JUnit4Provider.java:365)
	at org.apache.maven.surefire.junit4.JUnit4Provider.executeWithRerun(JUnit4Provider.java:273)
	at org.apache.maven.surefire.junit4.JUnit4Provider.executeTestSet(JUnit4Provider.java:238)
	at org.apache.maven.surefire.junit4.JUnit4Provider.invoke(JUnit4Provider.java:159)
	at org.apache.maven.surefire.booter.ForkedBooter.invokeProviderInSameClassLoader(ForkedBooter.java:384)
	at org.apache.maven.surefire.booter.ForkedBooter.runSuitesInProcess(ForkedBooter.java:345)
	at org.apache.maven.surefire.booter.ForkedBooter.execute(ForkedBooter.java:126)
	at org.apache.maven.surefire.booter.ForkedBooter.main(ForkedBooter.java:418)
2019-10-03 06:20:27,953 [grpc-default-executor-5] WARN  server.GrpcLogAppender (LogUtils.java:warn(134)) - 106fbfbb-a644-4362-b00c-94e4bf981000@group-6270653E4082->5bea3c7c-025d-47da-8b86-69a3d3ee378b-AppendLogResponseHandler: Failed appendEntries: org.apache.ratis.thirdparty.io.grpc.StatusRuntimeException: UNAVAILABLE: io exception
2019-10-03 06:20:27,957 [grpc-default-executor-5] INFO  impl.FollowerInfo (FollowerInfo.java:lambda$new$0(51)) - 106fbfbb-a644-4362-b00c-94e4bf981000@group-6270653E4082->5bea3c7c-025d-47da-8b86-69a3d3ee378b: nextIndex: updateUnconditionally 1 -> 0
]]></system-out>
    <system-err><![CDATA[Oct 03, 2019 6:20:22 AM org.apache.ratis.thirdparty.io.grpc.internal.SerializingExecutor run
SEVERE: Exception while executing runnable org.apache.ratis.thirdparty.io.grpc.internal.ServerImpl$JumpToApplicationThreadServerStreamListener$1Closed@4e79ed26
org.apache.ratis.thirdparty.io.grpc.StatusRuntimeException: CANCELLED: call already cancelled
	at org.apache.ratis.thirdparty.io.grpc.Status.asRuntimeException(Status.java:517)
	at org.apache.ratis.thirdparty.io.grpc.stub.ServerCalls$ServerCallStreamObserverImpl.onCompleted(ServerCalls.java:356)
	at org.apache.ratis.grpc.server.GrpcServerProtocolService$ServerRequestStreamObserver.onError(GrpcServerProtocolService.java:121)
	at org.apache.ratis.thirdparty.io.grpc.stub.ServerCalls$StreamingServerCallHandler$StreamingServerCallListener.onCancel(ServerCalls.java:269)
	at org.apache.ratis.thirdparty.io.grpc.internal.ServerCallImpl$ServerStreamListenerImpl.closed(ServerCallImpl.java:293)
	at org.apache.ratis.thirdparty.io.grpc.internal.ServerImpl$JumpToApplicationThreadServerStreamListener$1Closed.runInContext(ServerImpl.java:741)
	at org.apache.ratis.thirdparty.io.grpc.internal.ContextRunnable.run(ContextRunnable.java:37)
	at org.apache.ratis.thirdparty.io.grpc.internal.SerializingExecutor.run(SerializingExecutor.java:123)
	at java.util.concurrent.ThreadPoolExecutor.runWorker(ThreadPoolExecutor.java:1149)
	at java.util.concurrent.ThreadPoolExecutor$Worker.run(ThreadPoolExecutor.java:624)
	at java.lang.Thread.run(Thread.java:748)

]]></system-err>
  </testcase>
</testsuite>