<?xml version="1.0" encoding="UTF-8"?>
<testsuite xmlns:xsi="http://www.w3.org/2001/XMLSchema-instance" xsi:noNamespaceSchemaLocation="https://maven.apache.org/surefire/maven-surefire-plugin/xsd/surefire-test-report.xsd" name="org.apache.hadoop.ozone.client.rpc.TestWatchForCommit" time="242.836" tests="5" errors="1" skipped="0" failures="1">
  <properties>
    <property name="awt.toolkit" value="sun.awt.X11.XToolkit"/>
    <property name="file.encoding.pkg" value="sun.io"/>
    <property name="java.specification.version" value="1.8"/>
    <property name="sun.cpu.isalist" value=""/>
    <property name="sun.jnu.encoding" value="UTF-8"/>
    <property name="java.class.path" value="/workdir/hadoop-ozone/integration-test/target/test-classes:/workdir/hadoop-ozone/integration-test/target/classes:/home/user/.m2/repository/org/apache/hadoop/hadoop-ozone-common/0.5.0-SNAPSHOT/hadoop-ozone-common-0.5.0-SNAPSHOT.jar:/home/user/.m2/repository/org/apache/commons/commons-compress/1.4.1/commons-compress-1.4.1.jar:/home/user/.m2/repository/org/tukaani/xz/1.0/xz-1.0.jar:/home/user/.m2/repository/org/apache/hadoop/hadoop-common/3.2.0/hadoop-common-3.2.0.jar:/home/user/.m2/repository/org/apache/hadoop/hadoop-hdfs/3.2.0/hadoop-hdfs-3.2.0.jar:/home/user/.m2/repository/org/apache/hadoop/hadoop-hdfs-client/3.2.0/hadoop-hdfs-client-3.2.0.jar:/home/user/.m2/repository/com/fasterxml/jackson/core/jackson-annotations/2.9.9/jackson-annotations-2.9.9.jar:/home/user/.m2/repository/org/apache/hadoop/hadoop-hdds-common/0.5.0-SNAPSHOT/hadoop-hdds-common-0.5.0-SNAPSHOT.jar:/home/user/.m2/repository/javax/annotation/javax.annotation-api/1.2/javax.annotation-api-1.2.jar:/home/user/.m2/repository/org/apache/ratis/ratis-server/0.5.0-201fc85-SNAPSHOT/ratis-server-0.5.0-201fc85-SNAPSHOT.jar:/home/user/.m2/repository/org/apache/ratis/ratis-thirdparty-misc/0.2.0/ratis-thirdparty-misc-0.2.0.jar:/home/user/.m2/repository/org/apache/ratis/ratis-proto/0.5.0-201fc85-SNAPSHOT/ratis-proto-0.5.0-201fc85-SNAPSHOT.jar:/home/user/.m2/repository/org/apache/ratis/ratis-common/0.5.0-201fc85-SNAPSHOT/ratis-common-0.5.0-201fc85-SNAPSHOT.jar:/home/user/.m2/repository/org/apache/ratis/ratis-client/0.5.0-201fc85-SNAPSHOT/ratis-client-0.5.0-201fc85-SNAPSHOT.jar:/home/user/.m2/repository/org/apache/ratis/ratis-metrics/0.5.0-201fc85-SNAPSHOT/ratis-metrics-0.5.0-201fc85-SNAPSHOT.jar:/home/user/.m2/repository/com/github/joshelser/dropwizard-metrics-hadoop-metrics2-reporter/0.1.2/dropwizard-metrics-hadoop-metrics2-reporter-0.1.2.jar:/home/user/.m2/repository/io/dropwizard/metrics/metrics-jvm/3.2.5/metrics-jvm-3.2.5.jar:/home/user/.m2/repository/io/dropwizard/metrics/metrics-ganglia/3.2.5/metrics-ganglia-3.2.5.jar:/home/user/.m2/repository/info/ganglia/gmetric4j/gmetric4j/1.0.7/gmetric4j-1.0.7.jar:/home/user/.m2/repository/org/apache/ratis/ratis-netty/0.5.0-201fc85-SNAPSHOT/ratis-netty-0.5.0-201fc85-SNAPSHOT.jar:/home/user/.m2/repository/org/apache/ratis/ratis-grpc/0.5.0-201fc85-SNAPSHOT/ratis-grpc-0.5.0-201fc85-SNAPSHOT.jar:/home/user/.m2/repository/org/rocksdb/rocksdbjni/6.0.1/rocksdbjni-6.0.1.jar:/home/user/.m2/repository/org/apache/logging/log4j/log4j-api/2.11.0/log4j-api-2.11.0.jar:/home/user/.m2/repository/org/apache/logging/log4j/log4j-core/2.11.0/log4j-core-2.11.0.jar:/home/user/.m2/repository/com/lmax/disruptor/3.4.2/disruptor-3.4.2.jar:/home/user/.m2/repository/org/apache/commons/commons-pool2/2.6.0/commons-pool2-2.6.0.jar:/home/user/.m2/repository/org/bouncycastle/bcpkix-jdk15on/1.60/bcpkix-jdk15on-1.60.jar:/home/user/.m2/repository/commons-validator/commons-validator/1.6/commons-validator-1.6.jar:/home/user/.m2/repository/commons-digester/commons-digester/1.8.1/commons-digester-1.8.1.jar:/home/user/.m2/repository/io/jaegertracing/jaeger-client/0.34.0/jaeger-client-0.34.0.jar:/home/user/.m2/repository/io/jaegertracing/jaeger-thrift/0.34.0/jaeger-thrift-0.34.0.jar:/home/user/.m2/repository/org/apache/thrift/libthrift/0.12.0/libthrift-0.12.0.jar:/home/user/.m2/repository/com/squareup/okhttp3/okhttp/3.9.0/okhttp-3.9.0.jar:/home/user/.m2/repository/com/squareup/okio/okio/1.13.0/okio-1.13.0.jar:/home/user/.m2/repository/io/jaegertracing/jaeger-core/0.34.0/jaeger-core-0.34.0.jar:/home/user/.m2/repository/io/jaegertracing/jaeger-tracerresolver/0.34.0/jaeger-tracerresolver-0.34.0.jar:/home/user/.m2/repository/io/opentracing/contrib/opentracing-tracerresolver/0.1.5/opentracing-tracerresolver-0.1.5.jar:/home/user/.m2/repository/io/opentracing/opentracing-util/0.31.0/opentracing-util-0.31.0.jar:/home/user/.m2/repository/io/opentracing/opentracing-api/0.31.0/opentracing-api-0.31.0.jar:/home/user/.m2/repository/io/opentracing/opentracing-noop/0.31.0/opentracing-noop-0.31.0.jar:/home/user/.m2/repository/org/apache/hadoop/hadoop-hdds-server-framework/0.5.0-SNAPSHOT/hadoop-hdds-server-framework-0.5.0-SNAPSHOT.jar:/home/user/.m2/repository/org/apache/hadoop/hadoop-hdds-container-service/0.5.0-SNAPSHOT/hadoop-hdds-container-service-0.5.0-SNAPSHOT.jar:/home/user/.m2/repository/org/apache/hadoop/hadoop-hdds-client/0.5.0-SNAPSHOT/hadoop-hdds-client-0.5.0-SNAPSHOT.jar:/home/user/.m2/repository/org/apache/hadoop/hadoop-hdds-tools/0.5.0-SNAPSHOT/hadoop-hdds-tools-0.5.0-SNAPSHOT.jar:/home/user/.m2/repository/org/apache/hadoop/hadoop-hdds-server-scm/0.5.0-SNAPSHOT/hadoop-hdds-server-scm-0.5.0-SNAPSHOT.jar:/home/user/.m2/repository/org/apache/hadoop/hadoop-hdds-docs/0.5.0-SNAPSHOT/hadoop-hdds-docs-0.5.0-SNAPSHOT.jar:/home/user/.m2/repository/io/dropwizard/metrics/metrics-core/3.2.4/metrics-core-3.2.4.jar:/home/user/.m2/repository/org/hamcrest/hamcrest-all/1.3/hamcrest-all-1.3.jar:/home/user/.m2/repository/org/bouncycastle/bcprov-jdk15on/1.60/bcprov-jdk15on-1.60.jar:/home/user/.m2/repository/info/picocli/picocli/3.9.6/picocli-3.9.6.jar:/home/user/.m2/repository/com/google/protobuf/protobuf-java/2.5.0/protobuf-java-2.5.0.jar:/home/user/.m2/repository/com/google/guava/guava/11.0.2/guava-11.0.2.jar:/home/user/.m2/repository/org/apache/hadoop/hadoop-ozone-ozone-manager/0.5.0-SNAPSHOT/hadoop-ozone-ozone-manager-0.5.0-SNAPSHOT.jar:/home/user/.m2/repository/org/apache/hadoop/hadoop-minikdc/3.2.0/hadoop-minikdc-3.2.0.jar:/home/user/.m2/repository/commons-io/commons-io/2.5/commons-io-2.5.jar:/home/user/.m2/repository/org/apache/kerby/kerb-simplekdc/1.0.1/kerb-simplekdc-1.0.1.jar:/home/user/.m2/repository/org/apache/kerby/kerb-client/1.0.1/kerb-client-1.0.1.jar:/home/user/.m2/repository/org/apache/kerby/kerby-config/1.0.1/kerby-config-1.0.1.jar:/home/user/.m2/repository/org/apache/kerby/kerb-core/1.0.1/kerb-core-1.0.1.jar:/home/user/.m2/repository/org/apache/kerby/kerby-pkix/1.0.1/kerby-pkix-1.0.1.jar:/home/user/.m2/repository/org/apache/kerby/kerby-asn1/1.0.1/kerby-asn1-1.0.1.jar:/home/user/.m2/repository/org/apache/kerby/kerby-util/1.0.1/kerby-util-1.0.1.jar:/home/user/.m2/repository/org/apache/kerby/kerb-common/1.0.1/kerb-common-1.0.1.jar:/home/user/.m2/repository/org/apache/kerby/kerb-crypto/1.0.1/kerb-crypto-1.0.1.jar:/home/user/.m2/repository/org/apache/kerby/kerb-util/1.0.1/kerb-util-1.0.1.jar:/home/user/.m2/repository/org/apache/kerby/token-provider/1.0.1/token-provider-1.0.1.jar:/home/user/.m2/repository/org/apache/kerby/kerb-admin/1.0.1/kerb-admin-1.0.1.jar:/home/user/.m2/repository/org/apache/kerby/kerb-server/1.0.1/kerb-server-1.0.1.jar:/home/user/.m2/repository/org/apache/kerby/kerb-identity/1.0.1/kerb-identity-1.0.1.jar:/home/user/.m2/repository/org/apache/kerby/kerby-xdr/1.0.1/kerby-xdr-1.0.1.jar:/home/user/.m2/repository/org/slf4j/slf4j-log4j12/1.7.25/slf4j-log4j12-1.7.25.jar:/home/user/.m2/repository/org/apache/hadoop/hadoop-ozone-s3gateway/0.5.0-SNAPSHOT/hadoop-ozone-s3gateway-0.5.0-SNAPSHOT.jar:/home/user/.m2/repository/org/jboss/weld/servlet/weld-servlet/2.4.7.Final/weld-servlet-2.4.7.Final.jar:/home/user/.m2/repository/org/glassfish/jersey/containers/jersey-container-servlet-core/2.27/jersey-container-servlet-core-2.27.jar:/home/user/.m2/repository/org/glassfish/hk2/external/javax.inject/2.5.0-b42/javax.inject-2.5.0-b42.jar:/home/user/.m2/repository/org/glassfish/jersey/core/jersey-common/2.27/jersey-common-2.27.jar:/home/user/.m2/repository/org/glassfish/hk2/osgi-resource-locator/1.0.1/osgi-resource-locator-1.0.1.jar:/home/user/.m2/repository/javax/ws/rs/javax.ws.rs-api/2.1/javax.ws.rs-api-2.1.jar:/home/user/.m2/repository/org/glassfish/jersey/ext/cdi/jersey-cdi1x/2.27/jersey-cdi1x-2.27.jar:/home/user/.m2/repository/org/glassfish/jersey/inject/jersey-hk2/2.27/jersey-hk2-2.27.jar:/home/user/.m2/repository/org/glassfish/hk2/hk2-locator/2.5.0-b42/hk2-locator-2.5.0-b42.jar:/home/user/.m2/repository/org/javassist/javassist/3.22.0-CR2/javassist-3.22.0-CR2.jar:/home/user/.m2/repository/org/glassfish/hk2/hk2-api/2.5.0/hk2-api-2.5.0.jar:/home/user/.m2/repository/org/glassfish/hk2/external/jakarta.inject/2.5.0/jakarta.inject-2.5.0.jar:/home/user/.m2/repository/org/glassfish/hk2/hk2-utils/2.5.0/hk2-utils-2.5.0.jar:/home/user/.m2/repository/jakarta/annotation/jakarta.annotation-api/1.3.4/jakarta.annotation-api-1.3.4.jar:/home/user/.m2/repository/org/glassfish/hk2/external/aopalliance-repackaged/2.5.0/aopalliance-repackaged-2.5.0.jar:/home/user/.m2/repository/com/fasterxml/jackson/dataformat/jackson-dataformat-xml/2.9.0/jackson-dataformat-xml-2.9.0.jar:/home/user/.m2/repository/com/fasterxml/jackson/core/jackson-core/2.9.9/jackson-core-2.9.9.jar:/home/user/.m2/repository/com/fasterxml/jackson/module/jackson-module-jaxb-annotations/2.9.9/jackson-module-jaxb-annotations-2.9.9.jar:/home/user/.m2/repository/javax/enterprise/cdi-api/1.2/cdi-api-1.2.jar:/home/user/.m2/repository/javax/el/javax.el-api/3.0.0/javax.el-api-3.0.0.jar:/home/user/.m2/repository/javax/interceptor/javax.interceptor-api/1.2/javax.interceptor-api-1.2.jar:/home/user/.m2/repository/javax/inject/javax.inject/1/javax.inject-1.jar:/home/user/.m2/repository/com/sun/xml/bind/jaxb-impl/2.3.0.1/jaxb-impl-2.3.0.1.jar:/home/user/.m2/repository/com/sun/xml/bind/jaxb-core/2.3.0.1/jaxb-core-2.3.0.1.jar:/home/user/.m2/repository/javax/xml/bind/jaxb-api/2.3.0/jaxb-api-2.3.0.jar:/home/user/.m2/repository/javax/activation/activation/1.1.1/activation-1.1.1.jar:/home/user/.m2/repository/org/apache/hadoop/hadoop-ozone-csi/0.5.0-SNAPSHOT/hadoop-ozone-csi-0.5.0-SNAPSHOT.jar:/home/user/.m2/repository/com/google/protobuf/protobuf-java-util/3.5.1/protobuf-java-util-3.5.1.jar:/home/user/.m2/repository/org/apache/hadoop/hadoop-hdds-config/0.5.0-SNAPSHOT/hadoop-hdds-config-0.5.0-SNAPSHOT.jar:/home/user/.m2/repository/io/grpc/grpc-netty/1.17.1/grpc-netty-1.17.1.jar:/home/user/.m2/repository/io/grpc/grpc-core/1.17.1/grpc-core-1.17.1.jar:/home/user/.m2/repository/io/grpc/grpc-context/1.17.1/grpc-context-1.17.1.jar:/home/user/.m2/repository/com/google/errorprone/error_prone_annotations/2.2.0/error_prone_annotations-2.2.0.jar:/home/user/.m2/repository/org/codehaus/mojo/animal-sniffer-annotations/1.17/animal-sniffer-annotations-1.17.jar:/home/user/.m2/repository/io/opencensus/opencensus-api/0.17.0/opencensus-api-0.17.0.jar:/home/user/.m2/repository/io/opencensus/opencensus-contrib-grpc-metrics/0.17.0/opencensus-contrib-grpc-metrics-0.17.0.jar:/home/user/.m2/repository/io/netty/netty-codec-http2/4.1.30.Final/netty-codec-http2-4.1.30.Final.jar:/home/user/.m2/repository/io/netty/netty-codec-http/4.1.30.Final/netty-codec-http-4.1.30.Final.jar:/home/user/.m2/repository/io/netty/netty-codec/4.1.30.Final/netty-codec-4.1.30.Final.jar:/home/user/.m2/repository/io/netty/netty-handler/4.1.30.Final/netty-handler-4.1.30.Final.jar:/home/user/.m2/repository/io/netty/netty-handler-proxy/4.1.30.Final/netty-handler-proxy-4.1.30.Final.jar:/home/user/.m2/repository/io/netty/netty-codec-socks/4.1.30.Final/netty-codec-socks-4.1.30.Final.jar:/home/user/.m2/repository/io/netty/netty-transport-native-epoll/4.1.30.Final/netty-transport-native-epoll-4.1.30.Final.jar:/home/user/.m2/repository/io/netty/netty-common/4.1.30.Final/netty-common-4.1.30.Final.jar:/home/user/.m2/repository/io/netty/netty-buffer/4.1.30.Final/netty-buffer-4.1.30.Final.jar:/home/user/.m2/repository/io/netty/netty-transport/4.1.30.Final/netty-transport-4.1.30.Final.jar:/home/user/.m2/repository/io/netty/netty-resolver/4.1.30.Final/netty-resolver-4.1.30.Final.jar:/home/user/.m2/repository/io/netty/netty-transport-native-unix-common/4.1.30.Final/netty-transport-native-unix-common-4.1.30.Final.jar:/home/user/.m2/repository/io/grpc/grpc-protobuf/1.17.1/grpc-protobuf-1.17.1.jar:/home/user/.m2/repository/com/google/api/grpc/proto-google-common-protos/1.0.0/proto-google-common-protos-1.0.0.jar:/home/user/.m2/repository/io/grpc/grpc-protobuf-lite/1.17.1/grpc-protobuf-lite-1.17.1.jar:/home/user/.m2/repository/io/grpc/grpc-stub/1.17.1/grpc-stub-1.17.1.jar:/home/user/.m2/repository/org/apache/hadoop/hadoop-ozone-recon/0.5.0-SNAPSHOT/hadoop-ozone-recon-0.5.0-SNAPSHOT.jar:/home/user/.m2/repository/org/apache/hadoop/hadoop-ozone-reconcodegen/0.5.0-SNAPSHOT/hadoop-ozone-reconcodegen-0.5.0-SNAPSHOT.jar:/home/user/.m2/repository/com/google/inject/extensions/guice-multibindings/4.0/guice-multibindings-4.0.jar:/home/user/.m2/repository/com/google/inject/guice/4.0/guice-4.0.jar:/home/user/.m2/repository/aopalliance/aopalliance/1.0/aopalliance-1.0.jar:/home/user/.m2/repository/com/google/inject/extensions/guice-servlet/4.0/guice-servlet-4.0.jar:/home/user/.m2/repository/org/glassfish/jersey/containers/jersey-container-servlet/2.27/jersey-container-servlet-2.27.jar:/home/user/.m2/repository/org/glassfish/hk2/guice-bridge/2.5.0/guice-bridge-2.5.0.jar:/home/user/.m2/repository/org/glassfish/jersey/core/jersey-server/2.27/jersey-server-2.27.jar:/home/user/.m2/repository/org/glassfish/jersey/core/jersey-client/2.27/jersey-client-2.27.jar:/home/user/.m2/repository/org/glassfish/jersey/media/jersey-media-jaxb/2.27/jersey-media-jaxb-2.27.jar:/home/user/.m2/repository/javax/validation/validation-api/1.1.0.Final/validation-api-1.1.0.Final.jar:/home/user/.m2/repository/org/glassfish/jersey/media/jersey-media-json-jackson/2.27/jersey-media-json-jackson-2.27.jar:/home/user/.m2/repository/org/glassfish/jersey/ext/jersey-entity-filtering/2.27/jersey-entity-filtering-2.27.jar:/home/user/.m2/repository/com/google/inject/extensions/guice-assistedinject/4.0/guice-assistedinject-4.0.jar:/home/user/.m2/repository/org/jooq/jooq/3.11.10/jooq-3.11.10.jar:/home/user/.m2/repository/org/jooq/jooq-meta/3.11.10/jooq-meta-3.11.10.jar:/home/user/.m2/repository/org/jooq/jooq-codegen/3.11.10/jooq-codegen-3.11.10.jar:/home/user/.m2/repository/com/jolbox/bonecp/0.8.0.RELEASE/bonecp-0.8.0.RELEASE.jar:/home/user/.m2/repository/org/xerial/sqlite-jdbc/3.25.2/sqlite-jdbc-3.25.2.jar:/home/user/.m2/repository/org/springframework/spring-jdbc/5.1.3.RELEASE/spring-jdbc-5.1.3.RELEASE.jar:/home/user/.m2/repository/org/springframework/spring-beans/5.1.3.RELEASE/spring-beans-5.1.3.RELEASE.jar:/home/user/.m2/repository/org/springframework/spring-core/5.1.3.RELEASE/spring-core-5.1.3.RELEASE.jar:/home/user/.m2/repository/org/springframework/spring-jcl/5.1.3.RELEASE/spring-jcl-5.1.3.RELEASE.jar:/home/user/.m2/repository/org/springframework/spring-tx/5.1.3.RELEASE/spring-tx-5.1.3.RELEASE.jar:/home/user/.m2/repository/org/apache/hadoop/hadoop-ozone-client/0.5.0-SNAPSHOT/hadoop-ozone-client-0.5.0-SNAPSHOT.jar:/home/user/.m2/repository/commons-lang/commons-lang/2.6/commons-lang-2.6.jar:/home/user/.m2/repository/org/apache/hadoop/hadoop-ozone-ozone-manager/0.5.0-SNAPSHOT/hadoop-ozone-ozone-manager-0.5.0-SNAPSHOT-tests.jar:/home/user/.m2/repository/junit/junit/4.11/junit-4.11.jar:/home/user/.m2/repository/org/hamcrest/hamcrest-core/1.3/hamcrest-core-1.3.jar:/home/user/.m2/repository/org/openjdk/jmh/jmh-core/1.19/jmh-core-1.19.jar:/home/user/.m2/repository/net/sf/jopt-simple/jopt-simple/4.6/jopt-simple-4.6.jar:/home/user/.m2/repository/org/apache/commons/commons-math3/3.1.1/commons-math3-3.1.1.jar:/home/user/.m2/repository/org/openjdk/jmh/jmh-generator-annprocess/1.19/jmh-generator-annprocess-1.19.jar:/home/user/.m2/repository/org/mockito/mockito-all/1.8.5/mockito-all-1.8.5.jar:/home/user/.m2/repository/org/apache/hadoop/hadoop-kms/3.2.0/hadoop-kms-3.2.0.jar:/home/user/.m2/repository/org/apache/hadoop/hadoop-auth/3.2.0/hadoop-auth-3.2.0.jar:/home/user/.m2/repository/com/nimbusds/nimbus-jose-jwt/4.41.1/nimbus-jose-jwt-4.41.1.jar:/home/user/.m2/repository/com/github/stephenc/jcip/jcip-annotations/1.0-1/jcip-annotations-1.0-1.jar:/home/user/.m2/repository/net/minidev/json-smart/2.3/json-smart-2.3.jar:/home/user/.m2/repository/net/minidev/accessors-smart/1.2/accessors-smart-1.2.jar:/home/user/.m2/repository/org/ow2/asm/asm/5.0.4/asm-5.0.4.jar:/home/user/.m2/repository/org/apache/curator/curator-framework/2.12.0/curator-framework-2.12.0.jar:/home/user/.m2/repository/com/sun/jersey/jersey-core/1.19/jersey-core-1.19.jar:/home/user/.m2/repository/javax/ws/rs/jsr311-api/1.1.1/jsr311-api-1.1.1.jar:/home/user/.m2/repository/com/sun/jersey/jersey-server/1.19/jersey-server-1.19.jar:/home/user/.m2/repository/javax/servlet/javax.servlet-api/3.1.0/javax.servlet-api-3.1.0.jar:/home/user/.m2/repository/org/eclipse/jetty/jetty-server/9.3.25.v20180904/jetty-server-9.3.25.v20180904.jar:/home/user/.m2/repository/org/eclipse/jetty/jetty-http/9.3.25.v20180904/jetty-http-9.3.25.v20180904.jar:/home/user/.m2/repository/org/eclipse/jetty/jetty-io/9.3.25.v20180904/jetty-io-9.3.25.v20180904.jar:/home/user/.m2/repository/org/eclipse/jetty/jetty-webapp/9.3.25.v20180904/jetty-webapp-9.3.25.v20180904.jar:/home/user/.m2/repository/org/eclipse/jetty/jetty-xml/9.3.25.v20180904/jetty-xml-9.3.25.v20180904.jar:/home/user/.m2/repository/log4j/log4j/1.2.17/log4j-1.2.17.jar:/home/user/.m2/repository/org/slf4j/slf4j-api/1.7.25/slf4j-api-1.7.25.jar:/home/user/.m2/repository/org/slf4j/jul-to-slf4j/1.7.25/jul-to-slf4j-1.7.25.jar:/home/user/.m2/repository/org/eclipse/jetty/jetty-util/9.3.25.v20180904/jetty-util-9.3.25.v20180904.jar:/home/user/.m2/repository/com/fasterxml/jackson/core/jackson-databind/2.9.9/jackson-databind-2.9.9.jar:/home/user/.m2/repository/org/apache/hadoop/hadoop-kms/3.2.0/hadoop-kms-3.2.0-tests.jar:/home/user/.m2/repository/org/apache/hadoop/hadoop-hdds-server-scm/0.5.0-SNAPSHOT/hadoop-hdds-server-scm-0.5.0-SNAPSHOT-tests.jar:/home/user/.m2/repository/org/apache/hadoop/hadoop-hdds-container-service/0.5.0-SNAPSHOT/hadoop-hdds-container-service-0.5.0-SNAPSHOT-tests.jar:/home/user/.m2/repository/org/yaml/snakeyaml/1.16/snakeyaml-1.16.jar:/home/user/.m2/repository/org/apache/hadoop/hadoop-common/3.2.0/hadoop-common-3.2.0-tests.jar:/home/user/.m2/repository/org/apache/hadoop/hadoop-annotations/3.2.0/hadoop-annotations-3.2.0.jar:/usr/lib/jvm/java-1.8-openjdk/jre/../lib/tools.jar:/home/user/.m2/repository/commons-cli/commons-cli/1.2/commons-cli-1.2.jar:/home/user/.m2/repository/org/apache/httpcomponents/httpclient/4.5.2/httpclient-4.5.2.jar:/home/user/.m2/repository/org/apache/httpcomponents/httpcore/4.4.4/httpcore-4.4.4.jar:/home/user/.m2/repository/commons-codec/commons-codec/1.11/commons-codec-1.11.jar:/home/user/.m2/repository/commons-net/commons-net/3.6/commons-net-3.6.jar:/home/user/.m2/repository/commons-collections/commons-collections/3.2.2/commons-collections-3.2.2.jar:/home/user/.m2/repository/org/eclipse/jetty/jetty-servlet/9.3.25.v20180904/jetty-servlet-9.3.25.v20180904.jar:/home/user/.m2/repository/org/eclipse/jetty/jetty-security/9.3.25.v20180904/jetty-security-9.3.25.v20180904.jar:/home/user/.m2/repository/javax/servlet/jsp/jsp-api/2.1/jsp-api-2.1.jar:/home/user/.m2/repository/com/sun/jersey/jersey-servlet/1.19/jersey-servlet-1.19.jar:/home/user/.m2/repository/com/sun/jersey/jersey-json/1.19/jersey-json-1.19.jar:/home/user/.m2/repository/org/codehaus/jettison/jettison/1.1/jettison-1.1.jar:/home/user/.m2/repository/org/codehaus/jackson/jackson-core-asl/1.9.13/jackson-core-asl-1.9.13.jar:/home/user/.m2/repository/org/codehaus/jackson/jackson-mapper-asl/1.9.13/jackson-mapper-asl-1.9.13.jar:/home/user/.m2/repository/org/codehaus/jackson/jackson-jaxrs/1.9.13/jackson-jaxrs-1.9.13.jar:/home/user/.m2/repository/org/codehaus/jackson/jackson-xc/1.9.13/jackson-xc-1.9.13.jar:/home/user/.m2/repository/commons-logging/commons-logging/1.1.3/commons-logging-1.1.3.jar:/home/user/.m2/repository/commons-beanutils/commons-beanutils/1.9.4/commons-beanutils-1.9.4.jar:/home/user/.m2/repository/org/apache/commons/commons-configuration2/2.1.1/commons-configuration2-2.1.1.jar:/home/user/.m2/repository/org/apache/commons/commons-lang3/3.7/commons-lang3-3.7.jar:/home/user/.m2/repository/org/apache/commons/commons-text/1.4/commons-text-1.4.jar:/home/user/.m2/repository/org/apache/avro/avro/1.7.7/avro-1.7.7.jar:/home/user/.m2/repository/com/thoughtworks/paranamer/paranamer/2.3/paranamer-2.3.jar:/home/user/.m2/repository/org/xerial/snappy/snappy-java/1.0.5/snappy-java-1.0.5.jar:/home/user/.m2/repository/com/google/re2j/re2j/1.1/re2j-1.1.jar:/home/user/.m2/repository/com/google/code/gson/gson/2.2.4/gson-2.2.4.jar:/home/user/.m2/repository/com/jcraft/jsch/0.1.54/jsch-0.1.54.jar:/home/user/.m2/repository/org/apache/curator/curator-client/2.12.0/curator-client-2.12.0.jar:/home/user/.m2/repository/org/apache/curator/curator-recipes/2.12.0/curator-recipes-2.12.0.jar:/home/user/.m2/repository/com/google/code/findbugs/jsr305/3.0.0/jsr305-3.0.0.jar:/home/user/.m2/repository/org/apache/htrace/htrace-core4/4.1.0-incubating/htrace-core4-4.1.0-incubating.jar:/home/user/.m2/repository/org/apache/zookeeper/zookeeper/3.4.13/zookeeper-3.4.13.jar:/home/user/.m2/repository/jline/jline/0.9.94/jline-0.9.94.jar:/home/user/.m2/repository/org/apache/yetus/audience-annotations/0.5.0/audience-annotations-0.5.0.jar:/home/user/.m2/repository/org/codehaus/woodstox/stax2-api/3.1.4/stax2-api-3.1.4.jar:/home/user/.m2/repository/com/fasterxml/woodstox/woodstox-core/5.0.3/woodstox-core-5.0.3.jar:/home/user/.m2/repository/dnsjava/dnsjava/2.1.7/dnsjava-2.1.7.jar:/home/user/.m2/repository/org/apache/hadoop/hadoop-hdfs/3.2.0/hadoop-hdfs-3.2.0-tests.jar:/home/user/.m2/repository/org/eclipse/jetty/jetty-util-ajax/9.3.25.v20180904/jetty-util-ajax-9.3.25.v20180904.jar:/home/user/.m2/repository/commons-daemon/commons-daemon/1.0.13/commons-daemon-1.0.13.jar:/home/user/.m2/repository/io/netty/netty/3.10.5.Final/netty-3.10.5.Final.jar:/home/user/.m2/repository/io/netty/netty-all/4.0.52.Final/netty-all-4.0.52.Final.jar:/home/user/.m2/repository/org/fusesource/leveldbjni/leveldbjni-all/1.8/leveldbjni-all-1.8.jar:"/>
    <property name="java.vm.vendor" value="IcedTea"/>
    <property name="sun.arch.data.model" value="64"/>
    <property name="test.build.dir" value="/workdir/hadoop-ozone/integration-test/target/test-dir"/>
    <property name="test.cache.data" value=""/>
    <property name="java.vendor.url" value="https://icedtea.classpath.org"/>
    <property name="user.timezone" value=""/>
    <property name="java.vm.specification.version" value="1.8"/>
    <property name="os.name" value="Linux"/>
    <property name="test.build.data" value="/workdir/hadoop-ozone/integration-test/target/test-dir"/>
    <property name="user.country" value="US"/>
    <property name="sun.java.launcher" value="SUN_STANDARD"/>
    <property name="sun.boot.library.path" value="/usr/lib/jvm/java-1.8-openjdk/jre/lib/amd64"/>
    <property name="sun.java.command" value="/workdir/hadoop-ozone/integration-test/target/surefire/surefirebooter948806155611499128.jar /workdir/hadoop-ozone/integration-test/target/surefire 2019-10-01T21-01-04_405-jvmRun1 surefire3753447789629461048tmp surefire_402886923602422545543tmp"/>
    <property name="test" value="!TestMiniChaosOzoneCluster"/>
    <property name="surefire.test.class.path" value="/workdir/hadoop-ozone/integration-test/target/test-classes:/workdir/hadoop-ozone/integration-test/target/classes:/home/user/.m2/repository/org/apache/hadoop/hadoop-ozone-common/0.5.0-SNAPSHOT/hadoop-ozone-common-0.5.0-SNAPSHOT.jar:/home/user/.m2/repository/org/apache/commons/commons-compress/1.4.1/commons-compress-1.4.1.jar:/home/user/.m2/repository/org/tukaani/xz/1.0/xz-1.0.jar:/home/user/.m2/repository/org/apache/hadoop/hadoop-common/3.2.0/hadoop-common-3.2.0.jar:/home/user/.m2/repository/org/apache/hadoop/hadoop-hdfs/3.2.0/hadoop-hdfs-3.2.0.jar:/home/user/.m2/repository/org/apache/hadoop/hadoop-hdfs-client/3.2.0/hadoop-hdfs-client-3.2.0.jar:/home/user/.m2/repository/com/fasterxml/jackson/core/jackson-annotations/2.9.9/jackson-annotations-2.9.9.jar:/home/user/.m2/repository/org/apache/hadoop/hadoop-hdds-common/0.5.0-SNAPSHOT/hadoop-hdds-common-0.5.0-SNAPSHOT.jar:/home/user/.m2/repository/javax/annotation/javax.annotation-api/1.2/javax.annotation-api-1.2.jar:/home/user/.m2/repository/org/apache/ratis/ratis-server/0.5.0-201fc85-SNAPSHOT/ratis-server-0.5.0-201fc85-SNAPSHOT.jar:/home/user/.m2/repository/org/apache/ratis/ratis-thirdparty-misc/0.2.0/ratis-thirdparty-misc-0.2.0.jar:/home/user/.m2/repository/org/apache/ratis/ratis-proto/0.5.0-201fc85-SNAPSHOT/ratis-proto-0.5.0-201fc85-SNAPSHOT.jar:/home/user/.m2/repository/org/apache/ratis/ratis-common/0.5.0-201fc85-SNAPSHOT/ratis-common-0.5.0-201fc85-SNAPSHOT.jar:/home/user/.m2/repository/org/apache/ratis/ratis-client/0.5.0-201fc85-SNAPSHOT/ratis-client-0.5.0-201fc85-SNAPSHOT.jar:/home/user/.m2/repository/org/apache/ratis/ratis-metrics/0.5.0-201fc85-SNAPSHOT/ratis-metrics-0.5.0-201fc85-SNAPSHOT.jar:/home/user/.m2/repository/com/github/joshelser/dropwizard-metrics-hadoop-metrics2-reporter/0.1.2/dropwizard-metrics-hadoop-metrics2-reporter-0.1.2.jar:/home/user/.m2/repository/io/dropwizard/metrics/metrics-jvm/3.2.5/metrics-jvm-3.2.5.jar:/home/user/.m2/repository/io/dropwizard/metrics/metrics-ganglia/3.2.5/metrics-ganglia-3.2.5.jar:/home/user/.m2/repository/info/ganglia/gmetric4j/gmetric4j/1.0.7/gmetric4j-1.0.7.jar:/home/user/.m2/repository/org/apache/ratis/ratis-netty/0.5.0-201fc85-SNAPSHOT/ratis-netty-0.5.0-201fc85-SNAPSHOT.jar:/home/user/.m2/repository/org/apache/ratis/ratis-grpc/0.5.0-201fc85-SNAPSHOT/ratis-grpc-0.5.0-201fc85-SNAPSHOT.jar:/home/user/.m2/repository/org/rocksdb/rocksdbjni/6.0.1/rocksdbjni-6.0.1.jar:/home/user/.m2/repository/org/apache/logging/log4j/log4j-api/2.11.0/log4j-api-2.11.0.jar:/home/user/.m2/repository/org/apache/logging/log4j/log4j-core/2.11.0/log4j-core-2.11.0.jar:/home/user/.m2/repository/com/lmax/disruptor/3.4.2/disruptor-3.4.2.jar:/home/user/.m2/repository/org/apache/commons/commons-pool2/2.6.0/commons-pool2-2.6.0.jar:/home/user/.m2/repository/org/bouncycastle/bcpkix-jdk15on/1.60/bcpkix-jdk15on-1.60.jar:/home/user/.m2/repository/commons-validator/commons-validator/1.6/commons-validator-1.6.jar:/home/user/.m2/repository/commons-digester/commons-digester/1.8.1/commons-digester-1.8.1.jar:/home/user/.m2/repository/io/jaegertracing/jaeger-client/0.34.0/jaeger-client-0.34.0.jar:/home/user/.m2/repository/io/jaegertracing/jaeger-thrift/0.34.0/jaeger-thrift-0.34.0.jar:/home/user/.m2/repository/org/apache/thrift/libthrift/0.12.0/libthrift-0.12.0.jar:/home/user/.m2/repository/com/squareup/okhttp3/okhttp/3.9.0/okhttp-3.9.0.jar:/home/user/.m2/repository/com/squareup/okio/okio/1.13.0/okio-1.13.0.jar:/home/user/.m2/repository/io/jaegertracing/jaeger-core/0.34.0/jaeger-core-0.34.0.jar:/home/user/.m2/repository/io/jaegertracing/jaeger-tracerresolver/0.34.0/jaeger-tracerresolver-0.34.0.jar:/home/user/.m2/repository/io/opentracing/contrib/opentracing-tracerresolver/0.1.5/opentracing-tracerresolver-0.1.5.jar:/home/user/.m2/repository/io/opentracing/opentracing-util/0.31.0/opentracing-util-0.31.0.jar:/home/user/.m2/repository/io/opentracing/opentracing-api/0.31.0/opentracing-api-0.31.0.jar:/home/user/.m2/repository/io/opentracing/opentracing-noop/0.31.0/opentracing-noop-0.31.0.jar:/home/user/.m2/repository/org/apache/hadoop/hadoop-hdds-server-framework/0.5.0-SNAPSHOT/hadoop-hdds-server-framework-0.5.0-SNAPSHOT.jar:/home/user/.m2/repository/org/apache/hadoop/hadoop-hdds-container-service/0.5.0-SNAPSHOT/hadoop-hdds-container-service-0.5.0-SNAPSHOT.jar:/home/user/.m2/repository/org/apache/hadoop/hadoop-hdds-client/0.5.0-SNAPSHOT/hadoop-hdds-client-0.5.0-SNAPSHOT.jar:/home/user/.m2/repository/org/apache/hadoop/hadoop-hdds-tools/0.5.0-SNAPSHOT/hadoop-hdds-tools-0.5.0-SNAPSHOT.jar:/home/user/.m2/repository/org/apache/hadoop/hadoop-hdds-server-scm/0.5.0-SNAPSHOT/hadoop-hdds-server-scm-0.5.0-SNAPSHOT.jar:/home/user/.m2/repository/org/apache/hadoop/hadoop-hdds-docs/0.5.0-SNAPSHOT/hadoop-hdds-docs-0.5.0-SNAPSHOT.jar:/home/user/.m2/repository/io/dropwizard/metrics/metrics-core/3.2.4/metrics-core-3.2.4.jar:/home/user/.m2/repository/org/hamcrest/hamcrest-all/1.3/hamcrest-all-1.3.jar:/home/user/.m2/repository/org/bouncycastle/bcprov-jdk15on/1.60/bcprov-jdk15on-1.60.jar:/home/user/.m2/repository/info/picocli/picocli/3.9.6/picocli-3.9.6.jar:/home/user/.m2/repository/com/google/protobuf/protobuf-java/2.5.0/protobuf-java-2.5.0.jar:/home/user/.m2/repository/com/google/guava/guava/11.0.2/guava-11.0.2.jar:/home/user/.m2/repository/org/apache/hadoop/hadoop-ozone-ozone-manager/0.5.0-SNAPSHOT/hadoop-ozone-ozone-manager-0.5.0-SNAPSHOT.jar:/home/user/.m2/repository/org/apache/hadoop/hadoop-minikdc/3.2.0/hadoop-minikdc-3.2.0.jar:/home/user/.m2/repository/commons-io/commons-io/2.5/commons-io-2.5.jar:/home/user/.m2/repository/org/apache/kerby/kerb-simplekdc/1.0.1/kerb-simplekdc-1.0.1.jar:/home/user/.m2/repository/org/apache/kerby/kerb-client/1.0.1/kerb-client-1.0.1.jar:/home/user/.m2/repository/org/apache/kerby/kerby-config/1.0.1/kerby-config-1.0.1.jar:/home/user/.m2/repository/org/apache/kerby/kerb-core/1.0.1/kerb-core-1.0.1.jar:/home/user/.m2/repository/org/apache/kerby/kerby-pkix/1.0.1/kerby-pkix-1.0.1.jar:/home/user/.m2/repository/org/apache/kerby/kerby-asn1/1.0.1/kerby-asn1-1.0.1.jar:/home/user/.m2/repository/org/apache/kerby/kerby-util/1.0.1/kerby-util-1.0.1.jar:/home/user/.m2/repository/org/apache/kerby/kerb-common/1.0.1/kerb-common-1.0.1.jar:/home/user/.m2/repository/org/apache/kerby/kerb-crypto/1.0.1/kerb-crypto-1.0.1.jar:/home/user/.m2/repository/org/apache/kerby/kerb-util/1.0.1/kerb-util-1.0.1.jar:/home/user/.m2/repository/org/apache/kerby/token-provider/1.0.1/token-provider-1.0.1.jar:/home/user/.m2/repository/org/apache/kerby/kerb-admin/1.0.1/kerb-admin-1.0.1.jar:/home/user/.m2/repository/org/apache/kerby/kerb-server/1.0.1/kerb-server-1.0.1.jar:/home/user/.m2/repository/org/apache/kerby/kerb-identity/1.0.1/kerb-identity-1.0.1.jar:/home/user/.m2/repository/org/apache/kerby/kerby-xdr/1.0.1/kerby-xdr-1.0.1.jar:/home/user/.m2/repository/org/slf4j/slf4j-log4j12/1.7.25/slf4j-log4j12-1.7.25.jar:/home/user/.m2/repository/org/apache/hadoop/hadoop-ozone-s3gateway/0.5.0-SNAPSHOT/hadoop-ozone-s3gateway-0.5.0-SNAPSHOT.jar:/home/user/.m2/repository/org/jboss/weld/servlet/weld-servlet/2.4.7.Final/weld-servlet-2.4.7.Final.jar:/home/user/.m2/repository/org/glassfish/jersey/containers/jersey-container-servlet-core/2.27/jersey-container-servlet-core-2.27.jar:/home/user/.m2/repository/org/glassfish/hk2/external/javax.inject/2.5.0-b42/javax.inject-2.5.0-b42.jar:/home/user/.m2/repository/org/glassfish/jersey/core/jersey-common/2.27/jersey-common-2.27.jar:/home/user/.m2/repository/org/glassfish/hk2/osgi-resource-locator/1.0.1/osgi-resource-locator-1.0.1.jar:/home/user/.m2/repository/javax/ws/rs/javax.ws.rs-api/2.1/javax.ws.rs-api-2.1.jar:/home/user/.m2/repository/org/glassfish/jersey/ext/cdi/jersey-cdi1x/2.27/jersey-cdi1x-2.27.jar:/home/user/.m2/repository/org/glassfish/jersey/inject/jersey-hk2/2.27/jersey-hk2-2.27.jar:/home/user/.m2/repository/org/glassfish/hk2/hk2-locator/2.5.0-b42/hk2-locator-2.5.0-b42.jar:/home/user/.m2/repository/org/javassist/javassist/3.22.0-CR2/javassist-3.22.0-CR2.jar:/home/user/.m2/repository/org/glassfish/hk2/hk2-api/2.5.0/hk2-api-2.5.0.jar:/home/user/.m2/repository/org/glassfish/hk2/external/jakarta.inject/2.5.0/jakarta.inject-2.5.0.jar:/home/user/.m2/repository/org/glassfish/hk2/hk2-utils/2.5.0/hk2-utils-2.5.0.jar:/home/user/.m2/repository/jakarta/annotation/jakarta.annotation-api/1.3.4/jakarta.annotation-api-1.3.4.jar:/home/user/.m2/repository/org/glassfish/hk2/external/aopalliance-repackaged/2.5.0/aopalliance-repackaged-2.5.0.jar:/home/user/.m2/repository/com/fasterxml/jackson/dataformat/jackson-dataformat-xml/2.9.0/jackson-dataformat-xml-2.9.0.jar:/home/user/.m2/repository/com/fasterxml/jackson/core/jackson-core/2.9.9/jackson-core-2.9.9.jar:/home/user/.m2/repository/com/fasterxml/jackson/module/jackson-module-jaxb-annotations/2.9.9/jackson-module-jaxb-annotations-2.9.9.jar:/home/user/.m2/repository/javax/enterprise/cdi-api/1.2/cdi-api-1.2.jar:/home/user/.m2/repository/javax/el/javax.el-api/3.0.0/javax.el-api-3.0.0.jar:/home/user/.m2/repository/javax/interceptor/javax.interceptor-api/1.2/javax.interceptor-api-1.2.jar:/home/user/.m2/repository/javax/inject/javax.inject/1/javax.inject-1.jar:/home/user/.m2/repository/com/sun/xml/bind/jaxb-impl/2.3.0.1/jaxb-impl-2.3.0.1.jar:/home/user/.m2/repository/com/sun/xml/bind/jaxb-core/2.3.0.1/jaxb-core-2.3.0.1.jar:/home/user/.m2/repository/javax/xml/bind/jaxb-api/2.3.0/jaxb-api-2.3.0.jar:/home/user/.m2/repository/javax/activation/activation/1.1.1/activation-1.1.1.jar:/home/user/.m2/repository/org/apache/hadoop/hadoop-ozone-csi/0.5.0-SNAPSHOT/hadoop-ozone-csi-0.5.0-SNAPSHOT.jar:/home/user/.m2/repository/com/google/protobuf/protobuf-java-util/3.5.1/protobuf-java-util-3.5.1.jar:/home/user/.m2/repository/org/apache/hadoop/hadoop-hdds-config/0.5.0-SNAPSHOT/hadoop-hdds-config-0.5.0-SNAPSHOT.jar:/home/user/.m2/repository/io/grpc/grpc-netty/1.17.1/grpc-netty-1.17.1.jar:/home/user/.m2/repository/io/grpc/grpc-core/1.17.1/grpc-core-1.17.1.jar:/home/user/.m2/repository/io/grpc/grpc-context/1.17.1/grpc-context-1.17.1.jar:/home/user/.m2/repository/com/google/errorprone/error_prone_annotations/2.2.0/error_prone_annotations-2.2.0.jar:/home/user/.m2/repository/org/codehaus/mojo/animal-sniffer-annotations/1.17/animal-sniffer-annotations-1.17.jar:/home/user/.m2/repository/io/opencensus/opencensus-api/0.17.0/opencensus-api-0.17.0.jar:/home/user/.m2/repository/io/opencensus/opencensus-contrib-grpc-metrics/0.17.0/opencensus-contrib-grpc-metrics-0.17.0.jar:/home/user/.m2/repository/io/netty/netty-codec-http2/4.1.30.Final/netty-codec-http2-4.1.30.Final.jar:/home/user/.m2/repository/io/netty/netty-codec-http/4.1.30.Final/netty-codec-http-4.1.30.Final.jar:/home/user/.m2/repository/io/netty/netty-codec/4.1.30.Final/netty-codec-4.1.30.Final.jar:/home/user/.m2/repository/io/netty/netty-handler/4.1.30.Final/netty-handler-4.1.30.Final.jar:/home/user/.m2/repository/io/netty/netty-handler-proxy/4.1.30.Final/netty-handler-proxy-4.1.30.Final.jar:/home/user/.m2/repository/io/netty/netty-codec-socks/4.1.30.Final/netty-codec-socks-4.1.30.Final.jar:/home/user/.m2/repository/io/netty/netty-transport-native-epoll/4.1.30.Final/netty-transport-native-epoll-4.1.30.Final.jar:/home/user/.m2/repository/io/netty/netty-common/4.1.30.Final/netty-common-4.1.30.Final.jar:/home/user/.m2/repository/io/netty/netty-buffer/4.1.30.Final/netty-buffer-4.1.30.Final.jar:/home/user/.m2/repository/io/netty/netty-transport/4.1.30.Final/netty-transport-4.1.30.Final.jar:/home/user/.m2/repository/io/netty/netty-resolver/4.1.30.Final/netty-resolver-4.1.30.Final.jar:/home/user/.m2/repository/io/netty/netty-transport-native-unix-common/4.1.30.Final/netty-transport-native-unix-common-4.1.30.Final.jar:/home/user/.m2/repository/io/grpc/grpc-protobuf/1.17.1/grpc-protobuf-1.17.1.jar:/home/user/.m2/repository/com/google/api/grpc/proto-google-common-protos/1.0.0/proto-google-common-protos-1.0.0.jar:/home/user/.m2/repository/io/grpc/grpc-protobuf-lite/1.17.1/grpc-protobuf-lite-1.17.1.jar:/home/user/.m2/repository/io/grpc/grpc-stub/1.17.1/grpc-stub-1.17.1.jar:/home/user/.m2/repository/org/apache/hadoop/hadoop-ozone-recon/0.5.0-SNAPSHOT/hadoop-ozone-recon-0.5.0-SNAPSHOT.jar:/home/user/.m2/repository/org/apache/hadoop/hadoop-ozone-reconcodegen/0.5.0-SNAPSHOT/hadoop-ozone-reconcodegen-0.5.0-SNAPSHOT.jar:/home/user/.m2/repository/com/google/inject/extensions/guice-multibindings/4.0/guice-multibindings-4.0.jar:/home/user/.m2/repository/com/google/inject/guice/4.0/guice-4.0.jar:/home/user/.m2/repository/aopalliance/aopalliance/1.0/aopalliance-1.0.jar:/home/user/.m2/repository/com/google/inject/extensions/guice-servlet/4.0/guice-servlet-4.0.jar:/home/user/.m2/repository/org/glassfish/jersey/containers/jersey-container-servlet/2.27/jersey-container-servlet-2.27.jar:/home/user/.m2/repository/org/glassfish/hk2/guice-bridge/2.5.0/guice-bridge-2.5.0.jar:/home/user/.m2/repository/org/glassfish/jersey/core/jersey-server/2.27/jersey-server-2.27.jar:/home/user/.m2/repository/org/glassfish/jersey/core/jersey-client/2.27/jersey-client-2.27.jar:/home/user/.m2/repository/org/glassfish/jersey/media/jersey-media-jaxb/2.27/jersey-media-jaxb-2.27.jar:/home/user/.m2/repository/javax/validation/validation-api/1.1.0.Final/validation-api-1.1.0.Final.jar:/home/user/.m2/repository/org/glassfish/jersey/media/jersey-media-json-jackson/2.27/jersey-media-json-jackson-2.27.jar:/home/user/.m2/repository/org/glassfish/jersey/ext/jersey-entity-filtering/2.27/jersey-entity-filtering-2.27.jar:/home/user/.m2/repository/com/google/inject/extensions/guice-assistedinject/4.0/guice-assistedinject-4.0.jar:/home/user/.m2/repository/org/jooq/jooq/3.11.10/jooq-3.11.10.jar:/home/user/.m2/repository/org/jooq/jooq-meta/3.11.10/jooq-meta-3.11.10.jar:/home/user/.m2/repository/org/jooq/jooq-codegen/3.11.10/jooq-codegen-3.11.10.jar:/home/user/.m2/repository/com/jolbox/bonecp/0.8.0.RELEASE/bonecp-0.8.0.RELEASE.jar:/home/user/.m2/repository/org/xerial/sqlite-jdbc/3.25.2/sqlite-jdbc-3.25.2.jar:/home/user/.m2/repository/org/springframework/spring-jdbc/5.1.3.RELEASE/spring-jdbc-5.1.3.RELEASE.jar:/home/user/.m2/repository/org/springframework/spring-beans/5.1.3.RELEASE/spring-beans-5.1.3.RELEASE.jar:/home/user/.m2/repository/org/springframework/spring-core/5.1.3.RELEASE/spring-core-5.1.3.RELEASE.jar:/home/user/.m2/repository/org/springframework/spring-jcl/5.1.3.RELEASE/spring-jcl-5.1.3.RELEASE.jar:/home/user/.m2/repository/org/springframework/spring-tx/5.1.3.RELEASE/spring-tx-5.1.3.RELEASE.jar:/home/user/.m2/repository/org/apache/hadoop/hadoop-ozone-client/0.5.0-SNAPSHOT/hadoop-ozone-client-0.5.0-SNAPSHOT.jar:/home/user/.m2/repository/commons-lang/commons-lang/2.6/commons-lang-2.6.jar:/home/user/.m2/repository/org/apache/hadoop/hadoop-ozone-ozone-manager/0.5.0-SNAPSHOT/hadoop-ozone-ozone-manager-0.5.0-SNAPSHOT-tests.jar:/home/user/.m2/repository/junit/junit/4.11/junit-4.11.jar:/home/user/.m2/repository/org/hamcrest/hamcrest-core/1.3/hamcrest-core-1.3.jar:/home/user/.m2/repository/org/openjdk/jmh/jmh-core/1.19/jmh-core-1.19.jar:/home/user/.m2/repository/net/sf/jopt-simple/jopt-simple/4.6/jopt-simple-4.6.jar:/home/user/.m2/repository/org/apache/commons/commons-math3/3.1.1/commons-math3-3.1.1.jar:/home/user/.m2/repository/org/openjdk/jmh/jmh-generator-annprocess/1.19/jmh-generator-annprocess-1.19.jar:/home/user/.m2/repository/org/mockito/mockito-all/1.8.5/mockito-all-1.8.5.jar:/home/user/.m2/repository/org/apache/hadoop/hadoop-kms/3.2.0/hadoop-kms-3.2.0.jar:/home/user/.m2/repository/org/apache/hadoop/hadoop-auth/3.2.0/hadoop-auth-3.2.0.jar:/home/user/.m2/repository/com/nimbusds/nimbus-jose-jwt/4.41.1/nimbus-jose-jwt-4.41.1.jar:/home/user/.m2/repository/com/github/stephenc/jcip/jcip-annotations/1.0-1/jcip-annotations-1.0-1.jar:/home/user/.m2/repository/net/minidev/json-smart/2.3/json-smart-2.3.jar:/home/user/.m2/repository/net/minidev/accessors-smart/1.2/accessors-smart-1.2.jar:/home/user/.m2/repository/org/ow2/asm/asm/5.0.4/asm-5.0.4.jar:/home/user/.m2/repository/org/apache/curator/curator-framework/2.12.0/curator-framework-2.12.0.jar:/home/user/.m2/repository/com/sun/jersey/jersey-core/1.19/jersey-core-1.19.jar:/home/user/.m2/repository/javax/ws/rs/jsr311-api/1.1.1/jsr311-api-1.1.1.jar:/home/user/.m2/repository/com/sun/jersey/jersey-server/1.19/jersey-server-1.19.jar:/home/user/.m2/repository/javax/servlet/javax.servlet-api/3.1.0/javax.servlet-api-3.1.0.jar:/home/user/.m2/repository/org/eclipse/jetty/jetty-server/9.3.25.v20180904/jetty-server-9.3.25.v20180904.jar:/home/user/.m2/repository/org/eclipse/jetty/jetty-http/9.3.25.v20180904/jetty-http-9.3.25.v20180904.jar:/home/user/.m2/repository/org/eclipse/jetty/jetty-io/9.3.25.v20180904/jetty-io-9.3.25.v20180904.jar:/home/user/.m2/repository/org/eclipse/jetty/jetty-webapp/9.3.25.v20180904/jetty-webapp-9.3.25.v20180904.jar:/home/user/.m2/repository/org/eclipse/jetty/jetty-xml/9.3.25.v20180904/jetty-xml-9.3.25.v20180904.jar:/home/user/.m2/repository/log4j/log4j/1.2.17/log4j-1.2.17.jar:/home/user/.m2/repository/org/slf4j/slf4j-api/1.7.25/slf4j-api-1.7.25.jar:/home/user/.m2/repository/org/slf4j/jul-to-slf4j/1.7.25/jul-to-slf4j-1.7.25.jar:/home/user/.m2/repository/org/eclipse/jetty/jetty-util/9.3.25.v20180904/jetty-util-9.3.25.v20180904.jar:/home/user/.m2/repository/com/fasterxml/jackson/core/jackson-databind/2.9.9/jackson-databind-2.9.9.jar:/home/user/.m2/repository/org/apache/hadoop/hadoop-kms/3.2.0/hadoop-kms-3.2.0-tests.jar:/home/user/.m2/repository/org/apache/hadoop/hadoop-hdds-server-scm/0.5.0-SNAPSHOT/hadoop-hdds-server-scm-0.5.0-SNAPSHOT-tests.jar:/home/user/.m2/repository/org/apache/hadoop/hadoop-hdds-container-service/0.5.0-SNAPSHOT/hadoop-hdds-container-service-0.5.0-SNAPSHOT-tests.jar:/home/user/.m2/repository/org/yaml/snakeyaml/1.16/snakeyaml-1.16.jar:/home/user/.m2/repository/org/apache/hadoop/hadoop-common/3.2.0/hadoop-common-3.2.0-tests.jar:/home/user/.m2/repository/org/apache/hadoop/hadoop-annotations/3.2.0/hadoop-annotations-3.2.0.jar:/usr/lib/jvm/java-1.8-openjdk/jre/../lib/tools.jar:/home/user/.m2/repository/commons-cli/commons-cli/1.2/commons-cli-1.2.jar:/home/user/.m2/repository/org/apache/httpcomponents/httpclient/4.5.2/httpclient-4.5.2.jar:/home/user/.m2/repository/org/apache/httpcomponents/httpcore/4.4.4/httpcore-4.4.4.jar:/home/user/.m2/repository/commons-codec/commons-codec/1.11/commons-codec-1.11.jar:/home/user/.m2/repository/commons-net/commons-net/3.6/commons-net-3.6.jar:/home/user/.m2/repository/commons-collections/commons-collections/3.2.2/commons-collections-3.2.2.jar:/home/user/.m2/repository/org/eclipse/jetty/jetty-servlet/9.3.25.v20180904/jetty-servlet-9.3.25.v20180904.jar:/home/user/.m2/repository/org/eclipse/jetty/jetty-security/9.3.25.v20180904/jetty-security-9.3.25.v20180904.jar:/home/user/.m2/repository/javax/servlet/jsp/jsp-api/2.1/jsp-api-2.1.jar:/home/user/.m2/repository/com/sun/jersey/jersey-servlet/1.19/jersey-servlet-1.19.jar:/home/user/.m2/repository/com/sun/jersey/jersey-json/1.19/jersey-json-1.19.jar:/home/user/.m2/repository/org/codehaus/jettison/jettison/1.1/jettison-1.1.jar:/home/user/.m2/repository/org/codehaus/jackson/jackson-core-asl/1.9.13/jackson-core-asl-1.9.13.jar:/home/user/.m2/repository/org/codehaus/jackson/jackson-mapper-asl/1.9.13/jackson-mapper-asl-1.9.13.jar:/home/user/.m2/repository/org/codehaus/jackson/jackson-jaxrs/1.9.13/jackson-jaxrs-1.9.13.jar:/home/user/.m2/repository/org/codehaus/jackson/jackson-xc/1.9.13/jackson-xc-1.9.13.jar:/home/user/.m2/repository/commons-logging/commons-logging/1.1.3/commons-logging-1.1.3.jar:/home/user/.m2/repository/commons-beanutils/commons-beanutils/1.9.4/commons-beanutils-1.9.4.jar:/home/user/.m2/repository/org/apache/commons/commons-configuration2/2.1.1/commons-configuration2-2.1.1.jar:/home/user/.m2/repository/org/apache/commons/commons-lang3/3.7/commons-lang3-3.7.jar:/home/user/.m2/repository/org/apache/commons/commons-text/1.4/commons-text-1.4.jar:/home/user/.m2/repository/org/apache/avro/avro/1.7.7/avro-1.7.7.jar:/home/user/.m2/repository/com/thoughtworks/paranamer/paranamer/2.3/paranamer-2.3.jar:/home/user/.m2/repository/org/xerial/snappy/snappy-java/1.0.5/snappy-java-1.0.5.jar:/home/user/.m2/repository/com/google/re2j/re2j/1.1/re2j-1.1.jar:/home/user/.m2/repository/com/google/code/gson/gson/2.2.4/gson-2.2.4.jar:/home/user/.m2/repository/com/jcraft/jsch/0.1.54/jsch-0.1.54.jar:/home/user/.m2/repository/org/apache/curator/curator-client/2.12.0/curator-client-2.12.0.jar:/home/user/.m2/repository/org/apache/curator/curator-recipes/2.12.0/curator-recipes-2.12.0.jar:/home/user/.m2/repository/com/google/code/findbugs/jsr305/3.0.0/jsr305-3.0.0.jar:/home/user/.m2/repository/org/apache/htrace/htrace-core4/4.1.0-incubating/htrace-core4-4.1.0-incubating.jar:/home/user/.m2/repository/org/apache/zookeeper/zookeeper/3.4.13/zookeeper-3.4.13.jar:/home/user/.m2/repository/jline/jline/0.9.94/jline-0.9.94.jar:/home/user/.m2/repository/org/apache/yetus/audience-annotations/0.5.0/audience-annotations-0.5.0.jar:/home/user/.m2/repository/org/codehaus/woodstox/stax2-api/3.1.4/stax2-api-3.1.4.jar:/home/user/.m2/repository/com/fasterxml/woodstox/woodstox-core/5.0.3/woodstox-core-5.0.3.jar:/home/user/.m2/repository/dnsjava/dnsjava/2.1.7/dnsjava-2.1.7.jar:/home/user/.m2/repository/org/apache/hadoop/hadoop-hdfs/3.2.0/hadoop-hdfs-3.2.0-tests.jar:/home/user/.m2/repository/org/eclipse/jetty/jetty-util-ajax/9.3.25.v20180904/jetty-util-ajax-9.3.25.v20180904.jar:/home/user/.m2/repository/commons-daemon/commons-daemon/1.0.13/commons-daemon-1.0.13.jar:/home/user/.m2/repository/io/netty/netty/3.10.5.Final/netty-3.10.5.Final.jar:/home/user/.m2/repository/io/netty/netty-all/4.0.52.Final/netty-all-4.0.52.Final.jar:/home/user/.m2/repository/org/fusesource/leveldbjni/leveldbjni-all/1.8/leveldbjni-all-1.8.jar:"/>
    <property name="sun.cpu.endian" value="little"/>
    <property name="user.home" value="/home/user"/>
    <property name="user.language" value="en"/>
    <property name="java.specification.vendor" value="Oracle Corporation"/>
    <property name="java.home" value="/usr/lib/jvm/java-1.8-openjdk/jre"/>
    <property name="java.security.krb5.conf" value="/workdir/hadoop-ozone/integration-test/target/test-classes/krb5.conf"/>
    <property name="basedir" value="/workdir/hadoop-ozone/integration-test"/>
    <property name="file.separator" value="/"/>
    <property name="line.separator" value="&#10;"/>
    <property name="java.vm.specification.vendor" value="Oracle Corporation"/>
    <property name="java.specification.name" value="Java Platform API Specification"/>
    <property name="java.awt.graphicsenv" value="sun.awt.X11GraphicsEnvironment"/>
    <property name="surefire.real.class.path" value="/workdir/hadoop-ozone/integration-test/target/surefire/surefirebooter948806155611499128.jar"/>
    <property name="hadoop.log.dir" value="/workdir/hadoop-ozone/integration-test/target/log"/>
    <property name="sun.boot.class.path" value="/usr/lib/jvm/java-1.8-openjdk/jre/lib/resources.jar:/usr/lib/jvm/java-1.8-openjdk/jre/lib/rt.jar:/usr/lib/jvm/java-1.8-openjdk/jre/lib/sunrsasign.jar:/usr/lib/jvm/java-1.8-openjdk/jre/lib/jsse.jar:/usr/lib/jvm/java-1.8-openjdk/jre/lib/jce.jar:/usr/lib/jvm/java-1.8-openjdk/jre/lib/charsets.jar:/usr/lib/jvm/java-1.8-openjdk/jre/lib/jfr.jar:/usr/lib/jvm/java-1.8-openjdk/jre/classes"/>
    <property name="sun.management.compiler" value="HotSpot 64-Bit Tiered Compilers"/>
    <property name="java.runtime.version" value="1.8.0_212-b04"/>
    <property name="java.net.preferIPv4Stack" value="true"/>
    <property name="user.name" value="jenkins1000"/>
    <property name="path.separator" value=":"/>
    <property name="java.security.egd" value="file:///dev/urandom"/>
    <property name="os.version" value="3.10.0-957.12.2.el7.x86_64"/>
    <property name="java.endorsed.dirs" value="/usr/lib/jvm/java-1.8-openjdk/jre/lib/endorsed"/>
    <property name="java.runtime.name" value="OpenJDK Runtime Environment"/>
    <property name="file.encoding" value="UTF-8"/>
    <property name="java.vm.name" value="OpenJDK 64-Bit Server VM"/>
    <property name="test.build.webapps" value=""/>
    <property name="localRepository" value="/home/user/.m2/repository"/>
    <property name="java.vendor.url.bug" value="https://icedtea.classpath.org/bugzilla"/>
    <property name="java.io.tmpdir" value="/tmp"/>
    <property name="require.test.libhadoop" value=""/>
    <property name="java.version" value="1.8.0_212"/>
    <property name="user.dir" value="/workdir/hadoop-ozone/integration-test"/>
    <property name="os.arch" value="amd64"/>
    <property name="java.vm.specification.name" value="Java Virtual Machine Specification"/>
    <property name="test.build.classes" value="/workdir/hadoop-ozone/integration-test/target/test-classes"/>
    <property name="java.awt.printerjob" value="sun.print.PSPrinterJob"/>
    <property name="sun.os.patch.level" value="unknown"/>
    <property name="hadoop.tmp.dir" value="/workdir/hadoop-ozone/integration-test/target/tmp"/>
    <property name="java.library.path" value="/usr/lib/jvm/java-1.8-openjdk/jre/lib/amd64/server:/usr/lib/jvm/java-1.8-openjdk/jre/lib/amd64:/usr/lib/jvm/java-1.8-openjdk/jre/../lib/amd64:/workdir/hadoop-ozone/integration-test/target/native/target/usr/local/lib:/workdir/hadoop-ozone/integration-test/../../hadoop-common-project/hadoop-common/target/native/target/usr/local/lib:/usr/java/packages/lib/amd64:/usr/lib64:/lib64:/lib:/usr/lib"/>
    <property name="java.vm.info" value="mixed mode"/>
    <property name="java.vendor" value="IcedTea"/>
    <property name="java.vm.version" value="25.212-b04"/>
    <property name="java.ext.dirs" value="/usr/lib/jvm/java-1.8-openjdk/jre/lib/ext:/usr/java/packages/lib/ext"/>
    <property name="sun.io.unicode.encoding" value="UnicodeLittle"/>
    <property name="java.class.version" value="52.0"/>
  </properties>
  <testcase name="testWatchForCommitWithKeyWrite" classname="org.apache.hadoop.ozone.client.rpc.TestWatchForCommit" time="82.906"/>
  <testcase name="testWatchForCommitWithSmallerTimeoutValue" classname="org.apache.hadoop.ozone.client.rpc.TestWatchForCommit" time="42.595"/>
  <testcase name="testWatchForCommitForRetryfailure" classname="org.apache.hadoop.ozone.client.rpc.TestWatchForCommit" time="61.323">
    <failure type="java.lang.AssertionError">java.lang.AssertionError
	at org.junit.Assert.fail(Assert.java:86)
	at org.junit.Assert.assertTrue(Assert.java:41)
	at org.junit.Assert.assertTrue(Assert.java:52)
	at org.apache.hadoop.ozone.client.rpc.TestWatchForCommit.testWatchForCommitForRetryfailure(TestWatchForCommit.java:348)
	at sun.reflect.NativeMethodAccessorImpl.invoke0(Native Method)
	at sun.reflect.NativeMethodAccessorImpl.invoke(NativeMethodAccessorImpl.java:62)
	at sun.reflect.DelegatingMethodAccessorImpl.invoke(DelegatingMethodAccessorImpl.java:43)
	at java.lang.reflect.Method.invoke(Method.java:498)
	at org.junit.runners.model.FrameworkMethod$1.runReflectiveCall(FrameworkMethod.java:47)
	at org.junit.internal.runners.model.ReflectiveCallable.run(ReflectiveCallable.java:12)
	at org.junit.runners.model.FrameworkMethod.invokeExplosively(FrameworkMethod.java:44)
	at org.junit.internal.runners.statements.InvokeMethod.evaluate(InvokeMethod.java:17)
	at org.junit.runners.ParentRunner.runLeaf(ParentRunner.java:271)
	at org.junit.runners.BlockJUnit4ClassRunner.runChild(BlockJUnit4ClassRunner.java:70)
	at org.junit.runners.BlockJUnit4ClassRunner.runChild(BlockJUnit4ClassRunner.java:50)
	at org.junit.runners.ParentRunner$3.run(ParentRunner.java:238)
	at org.junit.runners.ParentRunner$1.schedule(ParentRunner.java:63)
	at org.junit.runners.ParentRunner.runChildren(ParentRunner.java:236)
	at org.junit.runners.ParentRunner.access$000(ParentRunner.java:53)
	at org.junit.runners.ParentRunner$2.evaluate(ParentRunner.java:229)
	at org.junit.runners.ParentRunner.run(ParentRunner.java:309)
	at org.apache.maven.surefire.junit4.JUnit4Provider.execute(JUnit4Provider.java:365)
	at org.apache.maven.surefire.junit4.JUnit4Provider.executeWithRerun(JUnit4Provider.java:273)
	at org.apache.maven.surefire.junit4.JUnit4Provider.executeTestSet(JUnit4Provider.java:238)
	at org.apache.maven.surefire.junit4.JUnit4Provider.invoke(JUnit4Provider.java:159)
	at org.apache.maven.surefire.booter.ForkedBooter.invokeProviderInSameClassLoader(ForkedBooter.java:384)
	at org.apache.maven.surefire.booter.ForkedBooter.runSuitesInProcess(ForkedBooter.java:345)
	at org.apache.maven.surefire.booter.ForkedBooter.execute(ForkedBooter.java:126)
	at org.apache.maven.surefire.booter.ForkedBooter.main(ForkedBooter.java:418)
</failure>
    <system-out><![CDATA[2019-10-01 21:46:09,986 [main] WARN  server.ServerUtils (ServerUtils.java:getScmDbDir(145)) - ozone.scm.db.dirs is not configured. We recommend adding this setting. Falling back to ozone.metadata.dirs instead.
2019-10-01 21:46:10,001 [main] WARN  server.ServerUtils (ServerUtils.java:getScmDbDir(145)) - ozone.scm.db.dirs is not configured. We recommend adding this setting. Falling back to ozone.metadata.dirs instead.
2019-10-01 21:46:10,001 [main] WARN  server.ServerUtils (ServerUtils.java:getScmDbDir(145)) - ozone.scm.db.dirs is not configured. We recommend adding this setting. Falling back to ozone.metadata.dirs instead.
2019-10-01 21:46:10,002 [main] INFO  db.DBStoreBuilder (DBStoreBuilder.java:addTable(110)) - using custom profile for table: deletedBlocks
2019-10-01 21:46:10,002 [main] INFO  db.DBStoreBuilder (DBStoreBuilder.java:processTables(161)) - Using default column profile:DBProfile.DISK for Table:deletedBlocks
2019-10-01 21:46:10,002 [main] INFO  db.DBStoreBuilder (DBStoreBuilder.java:addTable(110)) - using custom profile for table: validCerts
2019-10-01 21:46:10,002 [main] INFO  db.DBStoreBuilder (DBStoreBuilder.java:processTables(161)) - Using default column profile:DBProfile.DISK for Table:validCerts
2019-10-01 21:46:10,003 [main] INFO  db.DBStoreBuilder (DBStoreBuilder.java:addTable(110)) - using custom profile for table: revokedCerts
2019-10-01 21:46:10,003 [main] INFO  db.DBStoreBuilder (DBStoreBuilder.java:processTables(161)) - Using default column profile:DBProfile.DISK for Table:revokedCerts
2019-10-01 21:46:10,003 [main] INFO  db.DBStoreBuilder (DBStoreBuilder.java:addTable(110)) - using custom profile for table: default
2019-10-01 21:46:10,003 [main] INFO  db.DBStoreBuilder (DBStoreBuilder.java:processTables(167)) - Using default column profile:DBProfile.DISK for Table:default
2019-10-01 21:46:10,003 [main] INFO  db.DBStoreBuilder (DBStoreBuilder.java:getDbProfile(198)) - Using default options. DBProfile.DISK
2019-10-01 21:46:10,165 [main] INFO  net.NodeSchemaLoader (NodeSchemaLoader.java:loadSchemaFromFile(125)) - Loading file from sun.misc.CompoundEnumeration@5df63359
2019-10-01 21:46:10,166 [main] INFO  net.NodeSchemaLoader (NodeSchemaLoader.java:loadSchema(171)) - Loading network topology layer schema file
2019-10-01 21:46:10,170 [main] WARN  server.ServerUtils (ServerUtils.java:sanitizeUserArgs(70)) - ozone.scm.stale.node.interval value = 300000 is larger than max = 100000 based on the key value of ozone.scm.heartbeat.thread.interval, reset to the max value 100000.
2019-10-01 21:46:10,170 [main] WARN  server.ServerUtils (ServerUtils.java:sanitizeUserArgs(70)) - ozone.scm.stale.node.interval value = 300000 is larger than max = 100000 based on the key value of ozone.scm.heartbeat.thread.interval, reset to the max value 100000.
2019-10-01 21:46:10,171 [main] INFO  node.SCMNodeManager (SCMNodeManager.java:<init>(114)) - Entering startup safe mode.
2019-10-01 21:46:10,171 [main] INFO  algorithms.ContainerPlacementPolicyFactory (ContainerPlacementPolicyFactory.java:getPolicy(57)) - Create container placement policy of type org.apache.hadoop.hdds.scm.container.placement.algorithms.SCMContainerPlacementRandom
2019-10-01 21:46:10,172 [main] WARN  server.ServerUtils (ServerUtils.java:getScmDbDir(145)) - ozone.scm.db.dirs is not configured. We recommend adding this setting. Falling back to ozone.metadata.dirs instead.
2019-10-01 21:46:10,219 [main] INFO  pipeline.SCMPipelineManager (SCMPipelineManager.java:initializePipelineState(132)) - No pipeline exists in current db
2019-10-01 21:46:10,219 [main] WARN  server.ServerUtils (ServerUtils.java:getScmDbDir(145)) - ozone.scm.db.dirs is not configured. We recommend adding this setting. Falling back to ozone.metadata.dirs instead.
2019-10-01 21:46:10,238 [main] WARN  events.EventQueue (EventQueue.java:fireEvent(183)) - No event handler registered for event TypedEvent{payloadType=SafeModeStatus, name='SafeModeStatus'}
2019-10-01 21:46:10,239 [main] INFO  ipc.CallQueueManager (CallQueueManager.java:<init>(84)) - Using callQueue: class java.util.concurrent.LinkedBlockingQueue, queueCapacity: 2000, scheduler: class org.apache.hadoop.ipc.DefaultRpcScheduler, ipcBackoff: false.
2019-10-01 21:46:10,240 [Socket Reader #1 for port 44122] INFO  ipc.Server (Server.java:run(1074)) - Starting Socket Reader #1 for port 44122
2019-10-01 21:46:10,242 [main] INFO  ipc.CallQueueManager (CallQueueManager.java:<init>(84)) - Using callQueue: class java.util.concurrent.LinkedBlockingQueue, queueCapacity: 2000, scheduler: class org.apache.hadoop.ipc.DefaultRpcScheduler, ipcBackoff: false.
2019-10-01 21:46:10,243 [Socket Reader #1 for port 33663] INFO  ipc.Server (Server.java:run(1074)) - Starting Socket Reader #1 for port 33663
2019-10-01 21:46:10,244 [main] INFO  ipc.CallQueueManager (CallQueueManager.java:<init>(84)) - Using callQueue: class java.util.concurrent.LinkedBlockingQueue, queueCapacity: 2000, scheduler: class org.apache.hadoop.ipc.DefaultRpcScheduler, ipcBackoff: false.
2019-10-01 21:46:10,245 [Socket Reader #1 for port 38914] INFO  ipc.Server (Server.java:run(1074)) - Starting Socket Reader #1 for port 38914
2019-10-01 21:46:10,246 [main] INFO  hdfs.DFSUtil (DFSUtil.java:httpServerTemplateForNNAndJN(1641)) - Starting Web-server for scm at: http://0.0.0.0:0
2019-10-01 21:46:10,248 [main] INFO  server.AuthenticationFilter (AuthenticationFilter.java:constructSecretProvider(240)) - Unable to initialize FileSignerSecretProvider, falling back to use random secrets.
2019-10-01 21:46:10,249 [main] WARN  http.HttpRequestLog (HttpRequestLog.java:getRequestLog(97)) - Jetty request log can only be enabled using Log4j
2019-10-01 21:46:10,250 [main] INFO  http.HttpServer2 (HttpServer2.java:addGlobalFilter(975)) - Added global filter 'safety' (class=org.apache.hadoop.http.HttpServer2$QuotingInputFilter)
2019-10-01 21:46:10,251 [main] INFO  http.HttpServer2 (HttpServer2.java:addFilter(948)) - Added filter static_user_filter (class=org.apache.hadoop.http.lib.StaticUserWebFilter$StaticUserFilter) to context scm
2019-10-01 21:46:10,251 [main] INFO  http.HttpServer2 (HttpServer2.java:addFilter(958)) - Added filter static_user_filter (class=org.apache.hadoop.http.lib.StaticUserWebFilter$StaticUserFilter) to context static
2019-10-01 21:46:10,251 [main] INFO  http.HttpServer2 (HttpServer2.java:addFilter(958)) - Added filter static_user_filter (class=org.apache.hadoop.http.lib.StaticUserWebFilter$StaticUserFilter) to context logs
2019-10-01 21:46:10,253 [main] INFO  server.StorageContainerManager (StorageContainerManager.java:start(770)) - StorageContainerLocationProtocol RPC server is listening at /0.0.0.0:38914
2019-10-01 21:46:10,255 [main] WARN  impl.MetricsConfig (MetricsConfig.java:loadFirst(134)) - Cannot locate configuration: tried hadoop-metrics2-storagecontainermanager.properties,hadoop-metrics2.properties
2019-10-01 21:46:10,256 [main] INFO  impl.MetricsSystemImpl (MetricsSystemImpl.java:startTimer(374)) - Scheduled Metric snapshot period at 10 second(s).
2019-10-01 21:46:10,256 [main] INFO  impl.MetricsSystemImpl (MetricsSystemImpl.java:start(191)) - StorageContainerManager metrics system started
2019-10-01 21:46:10,286 [main] INFO  lib.Interns (Interns.java:removeEldestEntry(50)) - Metrics intern cache overflow at 2011 for MetricsSystem={MetricsSystem=MetricsInfoImpl{name=MetricsSystem, description=MetricsSystem}, MetricsSystem record=MetricsInfoImpl{name=MetricsSystem, description=MetricsSystem record}}
2019-10-01 21:46:10,300 [main] WARN  impl.MetricsSystemImpl (MetricsSystemImpl.java:register(276)) - Sink prometheus already exists!
2019-10-01 21:46:10,352 [main] INFO  server.SCMClientProtocolServer (SCMClientProtocolServer.java:start(150)) - RPC server for Client  is listening at /0.0.0.0:38914
2019-10-01 21:46:10,353 [IPC Server Responder] INFO  ipc.Server (Server.java:run(1314)) - IPC Server Responder: starting
2019-10-01 21:46:10,353 [IPC Server listener on 38914] INFO  ipc.Server (Server.java:run(1153)) - IPC Server listener on 38914: starting
2019-10-01 21:46:10,357 [main] INFO  server.StorageContainerManager (StorageContainerManager.java:start(780)) - ScmBlockLocationProtocol RPC server is listening at /0.0.0.0:33663
2019-10-01 21:46:10,358 [main] INFO  server.SCMBlockProtocolServer (SCMBlockProtocolServer.java:start(146)) - RPC server for Block Protocol is listening at /0.0.0.0:33663
2019-10-01 21:46:10,358 [IPC Server Responder] INFO  ipc.Server (Server.java:run(1314)) - IPC Server Responder: starting
2019-10-01 21:46:10,358 [IPC Server listener on 33663] INFO  ipc.Server (Server.java:run(1153)) - IPC Server listener on 33663: starting
2019-10-01 21:46:10,362 [main] INFO  server.StorageContainerManager (StorageContainerManager.java:start(784)) - ScmDatanodeProtocl RPC server is listening at /0.0.0.0:44122
2019-10-01 21:46:10,362 [main] INFO  server.SCMDatanodeProtocolServer (SCMDatanodeProtocolServer.java:start(191)) - RPC server for DataNodes is listening at /0.0.0.0:44122
2019-10-01 21:46:10,362 [IPC Server Responder] INFO  ipc.Server (Server.java:run(1314)) - IPC Server Responder: starting
2019-10-01 21:46:10,362 [IPC Server listener on 44122] INFO  ipc.Server (Server.java:run(1153)) - IPC Server listener on 44122: starting
2019-10-01 21:46:10,366 [main] INFO  http.HttpServer2 (HttpServer2.java:bindListener(1191)) - Jetty bound to port 44898
2019-10-01 21:46:10,367 [main] INFO  server.Server (Server.java:doStart(351)) - jetty-9.3.25.v20180904, build timestamp: 2018-09-04T21:11:46Z, git hash: 3ce520221d0240229c862b122d2b06c12a625732
2019-10-01 21:46:10,369 [main] INFO  handler.ContextHandler (ContextHandler.java:doStart(781)) - Started o.e.j.s.ServletContextHandler@314a31b0{/logs,file:///workdir/hadoop-ozone/integration-test/target/log,AVAILABLE}
2019-10-01 21:46:10,369 [main] INFO  handler.ContextHandler (ContextHandler.java:doStart(781)) - Started o.e.j.s.ServletContextHandler@59edb4f5{/static,file:///workdir/hadoop-ozone/integration-test/target/test-classes/webapps/static,AVAILABLE}
2019-10-01 21:46:10,374 [main] INFO  handler.ContextHandler (ContextHandler.java:doStart(781)) - Started o.e.j.w.WebAppContext@467b0f6e{/,file:///workdir/hadoop-ozone/integration-test/target/test-classes/webapps/scm/,AVAILABLE}{/scm}
2019-10-01 21:46:10,375 [main] INFO  server.AbstractConnector (AbstractConnector.java:doStart(278)) - Started ServerConnector@474179fa{HTTP/1.1,[http/1.1]}{0.0.0.0:44898}
2019-10-01 21:46:10,375 [main] INFO  server.Server (Server.java:doStart(419)) - Started @126340ms
2019-10-01 21:46:10,376 [main] WARN  impl.MetricsSystemImpl (MetricsSystemImpl.java:register(276)) - Sink prometheus already exists!
2019-10-01 21:46:10,376 [main] INFO  server.BaseHttpServer (BaseHttpServer.java:updateConnectorAddress(215)) - HTTP server of SCM is listening at http://0.0.0.0:44898
2019-10-01 21:46:10,378 [main] WARN  server.ServerUtils (ServerUtils.java:getDBPath(222)) - ozone.om.db.dirs is not configured. We recommend adding this setting. Falling back to ozone.metadata.dirs instead.
2019-10-01 21:46:10,378 [org.apache.hadoop.util.JvmPauseMonitor$Monitor@c7f4457] INFO  util.JvmPauseMonitor (JvmPauseMonitor.java:run(188)) - Starting JVM pause monitor
2019-10-01 21:46:10,391 [main] WARN  server.ServerUtils (ServerUtils.java:getDBPath(222)) - ozone.om.db.dirs is not configured. We recommend adding this setting. Falling back to ozone.metadata.dirs instead.
2019-10-01 21:46:10,391 [main] WARN  server.ServerUtils (ServerUtils.java:getDBPath(222)) - ozone.om.db.dirs is not configured. We recommend adding this setting. Falling back to ozone.metadata.dirs instead.
2019-10-01 21:46:10,392 [main] INFO  om.OzoneManager (OzoneManager.java:setOMNodeDetails(652)) - OM Service ID is not set. Setting it to the default ID: omServiceIdDefault
2019-10-01 21:46:10,392 [main] INFO  om.OzoneManager (OzoneManager.java:setOMNodeDetails(658)) - OM Node ID is not set. Setting it to the OmStorage's OmID: 8984d550-61bf-4a98-b416-f1d82ac7c11b
2019-10-01 21:46:10,392 [main] INFO  om.OzoneManager (OzoneManager.java:loadOMHAConfigs(609)) - Found matching OM address with OMServiceId: null, OMNodeId: null, RPC Address: localhost:0 and Ratis port: 9872
2019-10-01 21:46:10,403 [main] WARN  server.ServerUtils (ServerUtils.java:getDBPath(222)) - ozone.om.db.dirs is not configured. We recommend adding this setting. Falling back to ozone.metadata.dirs instead.
2019-10-01 21:46:10,403 [main] INFO  db.DBStoreBuilder (DBStoreBuilder.java:addTable(110)) - using custom profile for table: userTable
2019-10-01 21:46:10,403 [main] INFO  db.DBStoreBuilder (DBStoreBuilder.java:processTables(161)) - Using default column profile:DBProfile.DISK for Table:userTable
2019-10-01 21:46:10,404 [main] INFO  db.DBStoreBuilder (DBStoreBuilder.java:addTable(110)) - using custom profile for table: volumeTable
2019-10-01 21:46:10,404 [main] INFO  db.DBStoreBuilder (DBStoreBuilder.java:processTables(161)) - Using default column profile:DBProfile.DISK for Table:volumeTable
2019-10-01 21:46:10,404 [main] INFO  db.DBStoreBuilder (DBStoreBuilder.java:addTable(110)) - using custom profile for table: bucketTable
2019-10-01 21:46:10,404 [main] INFO  db.DBStoreBuilder (DBStoreBuilder.java:processTables(161)) - Using default column profile:DBProfile.DISK for Table:bucketTable
2019-10-01 21:46:10,405 [main] INFO  db.DBStoreBuilder (DBStoreBuilder.java:addTable(110)) - using custom profile for table: keyTable
2019-10-01 21:46:10,405 [main] INFO  db.DBStoreBuilder (DBStoreBuilder.java:processTables(161)) - Using default column profile:DBProfile.DISK for Table:keyTable
2019-10-01 21:46:10,405 [main] INFO  db.DBStoreBuilder (DBStoreBuilder.java:addTable(110)) - using custom profile for table: deletedTable
2019-10-01 21:46:10,405 [main] INFO  db.DBStoreBuilder (DBStoreBuilder.java:processTables(161)) - Using default column profile:DBProfile.DISK for Table:deletedTable
2019-10-01 21:46:10,405 [main] INFO  db.DBStoreBuilder (DBStoreBuilder.java:addTable(110)) - using custom profile for table: openKeyTable
2019-10-01 21:46:10,406 [main] INFO  db.DBStoreBuilder (DBStoreBuilder.java:processTables(161)) - Using default column profile:DBProfile.DISK for Table:openKeyTable
2019-10-01 21:46:10,406 [main] INFO  db.DBStoreBuilder (DBStoreBuilder.java:addTable(110)) - using custom profile for table: s3Table
2019-10-01 21:46:10,406 [main] INFO  db.DBStoreBuilder (DBStoreBuilder.java:processTables(161)) - Using default column profile:DBProfile.DISK for Table:s3Table
2019-10-01 21:46:10,406 [main] INFO  db.DBStoreBuilder (DBStoreBuilder.java:addTable(110)) - using custom profile for table: multipartInfoTable
2019-10-01 21:46:10,406 [main] INFO  db.DBStoreBuilder (DBStoreBuilder.java:processTables(161)) - Using default column profile:DBProfile.DISK for Table:multipartInfoTable
2019-10-01 21:46:10,407 [main] INFO  db.DBStoreBuilder (DBStoreBuilder.java:addTable(110)) - using custom profile for table: dTokenTable
2019-10-01 21:46:10,407 [main] INFO  db.DBStoreBuilder (DBStoreBuilder.java:processTables(161)) - Using default column profile:DBProfile.DISK for Table:dTokenTable
2019-10-01 21:46:10,407 [main] INFO  db.DBStoreBuilder (DBStoreBuilder.java:addTable(110)) - using custom profile for table: s3SecretTable
2019-10-01 21:46:10,407 [main] INFO  db.DBStoreBuilder (DBStoreBuilder.java:processTables(161)) - Using default column profile:DBProfile.DISK for Table:s3SecretTable
2019-10-01 21:46:10,407 [main] INFO  db.DBStoreBuilder (DBStoreBuilder.java:addTable(110)) - using custom profile for table: prefixTable
2019-10-01 21:46:10,408 [main] INFO  db.DBStoreBuilder (DBStoreBuilder.java:processTables(161)) - Using default column profile:DBProfile.DISK for Table:prefixTable
2019-10-01 21:46:10,408 [main] INFO  db.DBStoreBuilder (DBStoreBuilder.java:addTable(110)) - using custom profile for table: default
2019-10-01 21:46:10,408 [main] INFO  db.DBStoreBuilder (DBStoreBuilder.java:processTables(167)) - Using default column profile:DBProfile.DISK for Table:default
2019-10-01 21:46:10,408 [main] INFO  db.DBStoreBuilder (DBStoreBuilder.java:getDbProfile(198)) - Using default options. DBProfile.DISK
2019-10-01 21:46:10,915 [main] INFO  ipc.CallQueueManager (CallQueueManager.java:<init>(84)) - Using callQueue: class java.util.concurrent.LinkedBlockingQueue, queueCapacity: 2000, scheduler: class org.apache.hadoop.ipc.DefaultRpcScheduler, ipcBackoff: false.
2019-10-01 21:46:10,916 [Socket Reader #1 for port 42212] INFO  ipc.Server (Server.java:run(1074)) - Starting Socket Reader #1 for port 42212
2019-10-01 21:46:10,929 [main] INFO  om.OzoneManager (OzoneManager.java:start(1243)) - OzoneManager RPC server is listening at localhost/127.0.0.1:42212
2019-10-01 21:46:10,929 [main] INFO  impl.MetricsSystemImpl (MetricsSystemImpl.java:init(158)) - OzoneManager metrics system started (again)
2019-10-01 21:46:10,930 [IPC Server Responder] INFO  ipc.Server (Server.java:run(1314)) - IPC Server Responder: starting
2019-10-01 21:46:10,930 [IPC Server listener on 42212] INFO  ipc.Server (Server.java:run(1153)) - IPC Server listener on 42212: starting
2019-10-01 21:46:10,936 [main] INFO  hdfs.DFSUtil (DFSUtil.java:httpServerTemplateForNNAndJN(1641)) - Starting Web-server for ozoneManager at: http://0.0.0.0:0
2019-10-01 21:46:10,937 [main] INFO  server.AuthenticationFilter (AuthenticationFilter.java:constructSecretProvider(240)) - Unable to initialize FileSignerSecretProvider, falling back to use random secrets.
2019-10-01 21:46:10,937 [main] WARN  http.HttpRequestLog (HttpRequestLog.java:getRequestLog(97)) - Jetty request log can only be enabled using Log4j
2019-10-01 21:46:10,939 [main] INFO  http.HttpServer2 (HttpServer2.java:addGlobalFilter(975)) - Added global filter 'safety' (class=org.apache.hadoop.http.HttpServer2$QuotingInputFilter)
2019-10-01 21:46:10,939 [main] INFO  http.HttpServer2 (HttpServer2.java:addFilter(948)) - Added filter static_user_filter (class=org.apache.hadoop.http.lib.StaticUserWebFilter$StaticUserFilter) to context ozoneManager
2019-10-01 21:46:10,939 [main] INFO  http.HttpServer2 (HttpServer2.java:addFilter(958)) - Added filter static_user_filter (class=org.apache.hadoop.http.lib.StaticUserWebFilter$StaticUserFilter) to context static
2019-10-01 21:46:10,939 [main] INFO  http.HttpServer2 (HttpServer2.java:addFilter(958)) - Added filter static_user_filter (class=org.apache.hadoop.http.lib.StaticUserWebFilter$StaticUserFilter) to context logs
2019-10-01 21:46:10,940 [main] INFO  http.HttpServer2 (HttpServer2.java:bindListener(1191)) - Jetty bound to port 46242
2019-10-01 21:46:10,940 [main] INFO  server.Server (Server.java:doStart(351)) - jetty-9.3.25.v20180904, build timestamp: 2018-09-04T21:11:46Z, git hash: 3ce520221d0240229c862b122d2b06c12a625732
2019-10-01 21:46:10,942 [main] INFO  handler.ContextHandler (ContextHandler.java:doStart(781)) - Started o.e.j.s.ServletContextHandler@2a7d9b41{/logs,file:///workdir/hadoop-ozone/integration-test/target/log,AVAILABLE}
2019-10-01 21:46:10,942 [main] INFO  handler.ContextHandler (ContextHandler.java:doStart(781)) - Started o.e.j.s.ServletContextHandler@5d1b1c2a{/static,file:///workdir/hadoop-ozone/integration-test/target/test-classes/webapps/static,AVAILABLE}
2019-10-01 21:46:10,946 [main] INFO  handler.ContextHandler (ContextHandler.java:doStart(781)) - Started o.e.j.w.WebAppContext@47272cd3{/,file:///workdir/hadoop-ozone/integration-test/target/test-classes/webapps/ozoneManager/,AVAILABLE}{/ozoneManager}
2019-10-01 21:46:10,946 [main] INFO  server.AbstractConnector (AbstractConnector.java:doStart(278)) - Started ServerConnector@73fbdf68{HTTP/1.1,[http/1.1]}{0.0.0.0:46242}
2019-10-01 21:46:10,947 [main] INFO  server.Server (Server.java:doStart(419)) - Started @126912ms
2019-10-01 21:46:10,947 [main] WARN  impl.MetricsSystemImpl (MetricsSystemImpl.java:register(276)) - Sink prometheus already exists!
2019-10-01 21:46:10,948 [main] INFO  server.BaseHttpServer (BaseHttpServer.java:updateConnectorAddress(215)) - HTTP server of OZONEMANAGER is listening at http://0.0.0.0:46242
2019-10-01 21:46:10,963 [main] INFO  impl.MetricsSystemImpl (MetricsSystemImpl.java:init(158)) - HddsDatanode metrics system started (again)
2019-10-01 21:46:10,966 [main] INFO  ozone.HddsDatanodeService (HddsDatanodeService.java:start(184)) - HddsDatanodeService host:pr-hdds-2225-v7c79-4183396186 ip:192.168.157.248
2019-10-01 21:46:10,973 [main] INFO  volume.HddsVolume (HddsVolume.java:<init>(176)) - Creating Volume: /workdir/hadoop-ozone/integration-test/target/test-dir/MiniOzoneClusterImpl-7b6a5651-b981-441c-ae9d-bfe7df6634f9/datanode-0/data/containers/hdds of  storage type : DISK and capacity : 1482555576320
2019-10-01 21:46:10,973 [main] INFO  volume.VolumeSet (VolumeSet.java:initializeVolumeSet(170)) - Added Volume : /workdir/hadoop-ozone/integration-test/target/test-dir/MiniOzoneClusterImpl-7b6a5651-b981-441c-ae9d-bfe7df6634f9/datanode-0/data/containers/hdds to VolumeSet
2019-10-01 21:46:10,973 [main] INFO  volume.ThrottledAsyncChecker (ThrottledAsyncChecker.java:schedule(139)) - Scheduling a check for org.apache.hadoop.ozone.container.common.volume.HddsVolume@32d418a9
2019-10-01 21:46:10,974 [main] INFO  volume.HddsVolumeChecker (HddsVolumeChecker.java:checkAllVolumes(202)) - Scheduled health check for volume org.apache.hadoop.ozone.container.common.volume.HddsVolume@32d418a9
2019-10-01 21:46:10,988 [main] INFO  impl.RaftServerProxy (ConfUtils.java:logGet(43)) - raft.rpc.type = GRPC (default)
2019-10-01 21:46:10,988 [main] INFO  grpc.GrpcFactory (GrpcFactory.java:checkPooledByteBufAllocatorUseCacheForAllThreads(45)) - PERFORMANCE WARNING: useCacheForAllThreads is true that may cause Netty to create a lot garbage objects and, as a result, trigger GC.
	It is recommended to disable useCacheForAllThreads by setting -Dorg.apache.ratis.thirdparty.io.netty.allocator.useCacheForAllThreads=false in command line.
2019-10-01 21:46:10,988 [main] INFO  grpc.GrpcConfigKeys$Server (ConfUtils.java:logGet(43)) - raft.grpc.server.port = 0 (default)
2019-10-01 21:46:10,988 [main] INFO  server.GrpcService (ConfUtils.java:logGet(43)) - raft.grpc.message.size.max = 33570816 (custom)
2019-10-01 21:46:10,988 [main] INFO  server.RaftServerConfigKeys (ConfUtils.java:logGet(43)) - raft.server.log.appender.buffer.byte-limit = 33554432 (custom)
2019-10-01 21:46:10,989 [main] INFO  server.GrpcService (ConfUtils.java:logGet(43)) - raft.grpc.flow.control.window = 1MB (=1048576) (default)
2019-10-01 21:46:10,989 [main] INFO  server.RaftServerConfigKeys (ConfUtils.java:logGet(43)) - raft.server.rpc.request.timeout = 3000ms (default)
2019-10-01 21:46:10,989 [main] INFO  server.RaftServerConfigKeys (ConfUtils.java:logGet(43)) - raft.server.storage.dir = [/workdir/hadoop-ozone/integration-test/target/test-dir/MiniOzoneClusterImpl-7b6a5651-b981-441c-ae9d-bfe7df6634f9/datanode-0/data/ratis] (custom)
2019-10-01 21:46:10,991 [main] INFO  hdfs.DFSUtil (DFSUtil.java:httpServerTemplateForNNAndJN(1641)) - Starting Web-server for hddsDatanode at: http://0.0.0.0:0
2019-10-01 21:46:10,995 [main] INFO  server.AuthenticationFilter (AuthenticationFilter.java:constructSecretProvider(240)) - Unable to initialize FileSignerSecretProvider, falling back to use random secrets.
2019-10-01 21:46:10,995 [main] WARN  http.HttpRequestLog (HttpRequestLog.java:getRequestLog(97)) - Jetty request log can only be enabled using Log4j
2019-10-01 21:46:10,996 [main] INFO  http.HttpServer2 (HttpServer2.java:addGlobalFilter(975)) - Added global filter 'safety' (class=org.apache.hadoop.http.HttpServer2$QuotingInputFilter)
2019-10-01 21:46:10,997 [main] INFO  http.HttpServer2 (HttpServer2.java:addFilter(948)) - Added filter static_user_filter (class=org.apache.hadoop.http.lib.StaticUserWebFilter$StaticUserFilter) to context hddsDatanode
2019-10-01 21:46:10,997 [main] INFO  http.HttpServer2 (HttpServer2.java:addFilter(958)) - Added filter static_user_filter (class=org.apache.hadoop.http.lib.StaticUserWebFilter$StaticUserFilter) to context logs
2019-10-01 21:46:10,997 [main] INFO  http.HttpServer2 (HttpServer2.java:addFilter(958)) - Added filter static_user_filter (class=org.apache.hadoop.http.lib.StaticUserWebFilter$StaticUserFilter) to context static
2019-10-01 21:46:10,998 [main] INFO  http.HttpServer2 (HttpServer2.java:bindListener(1191)) - Jetty bound to port 41499
2019-10-01 21:46:10,998 [main] INFO  server.Server (Server.java:doStart(351)) - jetty-9.3.25.v20180904, build timestamp: 2018-09-04T21:11:46Z, git hash: 3ce520221d0240229c862b122d2b06c12a625732
2019-10-01 21:46:11,000 [main] INFO  handler.ContextHandler (ContextHandler.java:doStart(781)) - Started o.e.j.s.ServletContextHandler@7af443a3{/logs,file:///workdir/hadoop-ozone/integration-test/target/log,AVAILABLE}
2019-10-01 21:46:11,000 [main] INFO  handler.ContextHandler (ContextHandler.java:doStart(781)) - Started o.e.j.s.ServletContextHandler@2001e48c{/static,jar:file:/home/user/.m2/repository/org/apache/hadoop/hadoop-hdds-container-service/0.5.0-SNAPSHOT/hadoop-hdds-container-service-0.5.0-SNAPSHOT.jar!/webapps/static,AVAILABLE}
2019-10-01 21:46:11,028 [main] INFO  handler.ContextHandler (ContextHandler.java:doStart(781)) - Started o.e.j.w.WebAppContext@51e3d37e{/,file:///tmp/jetty-0.0.0.0-41499-hddsDatanode-_-any-4815297210287739560.dir/webapp/,AVAILABLE}{/hddsDatanode}
2019-10-01 21:46:11,028 [main] INFO  server.AbstractConnector (AbstractConnector.java:doStart(278)) - Started ServerConnector@3a479fda{HTTP/1.1,[http/1.1]}{0.0.0.0:41499}
2019-10-01 21:46:11,032 [main] INFO  server.Server (Server.java:doStart(419)) - Started @126996ms
2019-10-01 21:46:11,032 [main] WARN  impl.MetricsSystemImpl (MetricsSystemImpl.java:register(276)) - Sink prometheus already exists!
2019-10-01 21:46:11,033 [main] INFO  server.BaseHttpServer (BaseHttpServer.java:updateConnectorAddress(215)) - HTTP server of HDDSDATANODE is listening at http://0.0.0.0:41499
2019-10-01 21:46:11,033 [main] INFO  impl.MetricsSystemImpl (MetricsSystemImpl.java:init(158)) - HddsDatanode metrics system started (again)
2019-10-01 21:46:11,036 [org.apache.hadoop.util.JvmPauseMonitor$Monitor@379346d5] INFO  util.JvmPauseMonitor (JvmPauseMonitor.java:run(188)) - Starting JVM pause monitor
2019-10-01 21:46:11,036 [main] INFO  ozone.HddsDatanodeService (HddsDatanodeService.java:start(184)) - HddsDatanodeService host:pr-hdds-2225-v7c79-4183396186 ip:192.168.157.248
2019-10-01 21:46:11,039 [Datanode State Machine Thread - 0] INFO  datanode.InitDatanodeState (InitDatanodeState.java:persistContainerDatanodeDetails(140)) - DatanodeDetails is persisted to /workdir/hadoop-ozone/integration-test/target/test-dir/MiniOzoneClusterImpl-7b6a5651-b981-441c-ae9d-bfe7df6634f9/datanode-0/meta/datanode.id
2019-10-01 21:46:11,045 [main] INFO  volume.HddsVolume (HddsVolume.java:<init>(176)) - Creating Volume: /workdir/hadoop-ozone/integration-test/target/test-dir/MiniOzoneClusterImpl-7b6a5651-b981-441c-ae9d-bfe7df6634f9/datanode-1/data/containers/hdds of  storage type : DISK and capacity : 1482555576320
2019-10-01 21:46:11,046 [main] INFO  volume.VolumeSet (VolumeSet.java:initializeVolumeSet(170)) - Added Volume : /workdir/hadoop-ozone/integration-test/target/test-dir/MiniOzoneClusterImpl-7b6a5651-b981-441c-ae9d-bfe7df6634f9/datanode-1/data/containers/hdds to VolumeSet
2019-10-01 21:46:11,046 [main] INFO  volume.ThrottledAsyncChecker (ThrottledAsyncChecker.java:schedule(139)) - Scheduling a check for org.apache.hadoop.ozone.container.common.volume.HddsVolume@19c1820d
2019-10-01 21:46:11,047 [main] INFO  volume.HddsVolumeChecker (HddsVolumeChecker.java:checkAllVolumes(202)) - Scheduled health check for volume org.apache.hadoop.ozone.container.common.volume.HddsVolume@19c1820d
2019-10-01 21:46:11,069 [main] INFO  impl.RaftServerProxy (ConfUtils.java:logGet(43)) - raft.rpc.type = GRPC (default)
2019-10-01 21:46:11,070 [main] INFO  grpc.GrpcFactory (GrpcFactory.java:checkPooledByteBufAllocatorUseCacheForAllThreads(45)) - PERFORMANCE WARNING: useCacheForAllThreads is true that may cause Netty to create a lot garbage objects and, as a result, trigger GC.
	It is recommended to disable useCacheForAllThreads by setting -Dorg.apache.ratis.thirdparty.io.netty.allocator.useCacheForAllThreads=false in command line.
2019-10-01 21:46:11,070 [main] INFO  grpc.GrpcConfigKeys$Server (ConfUtils.java:logGet(43)) - raft.grpc.server.port = 0 (default)
2019-10-01 21:46:11,070 [main] INFO  server.GrpcService (ConfUtils.java:logGet(43)) - raft.grpc.message.size.max = 33570816 (custom)
2019-10-01 21:46:11,070 [main] INFO  server.RaftServerConfigKeys (ConfUtils.java:logGet(43)) - raft.server.log.appender.buffer.byte-limit = 33554432 (custom)
2019-10-01 21:46:11,071 [main] INFO  server.GrpcService (ConfUtils.java:logGet(43)) - raft.grpc.flow.control.window = 1MB (=1048576) (default)
2019-10-01 21:46:11,071 [main] INFO  server.RaftServerConfigKeys (ConfUtils.java:logGet(43)) - raft.server.rpc.request.timeout = 3000ms (default)
2019-10-01 21:46:11,072 [main] INFO  server.RaftServerConfigKeys (ConfUtils.java:logGet(43)) - raft.server.storage.dir = [/workdir/hadoop-ozone/integration-test/target/test-dir/MiniOzoneClusterImpl-7b6a5651-b981-441c-ae9d-bfe7df6634f9/datanode-1/data/ratis] (custom)
2019-10-01 21:46:11,075 [main] INFO  hdfs.DFSUtil (DFSUtil.java:httpServerTemplateForNNAndJN(1641)) - Starting Web-server for hddsDatanode at: http://0.0.0.0:0
2019-10-01 21:46:11,076 [main] INFO  server.AuthenticationFilter (AuthenticationFilter.java:constructSecretProvider(240)) - Unable to initialize FileSignerSecretProvider, falling back to use random secrets.
2019-10-01 21:46:11,077 [main] WARN  http.HttpRequestLog (HttpRequestLog.java:getRequestLog(97)) - Jetty request log can only be enabled using Log4j
2019-10-01 21:46:11,078 [main] INFO  http.HttpServer2 (HttpServer2.java:addGlobalFilter(975)) - Added global filter 'safety' (class=org.apache.hadoop.http.HttpServer2$QuotingInputFilter)
2019-10-01 21:46:11,079 [main] INFO  http.HttpServer2 (HttpServer2.java:addFilter(948)) - Added filter static_user_filter (class=org.apache.hadoop.http.lib.StaticUserWebFilter$StaticUserFilter) to context hddsDatanode
2019-10-01 21:46:11,079 [main] INFO  http.HttpServer2 (HttpServer2.java:addFilter(958)) - Added filter static_user_filter (class=org.apache.hadoop.http.lib.StaticUserWebFilter$StaticUserFilter) to context logs
2019-10-01 21:46:11,080 [main] INFO  http.HttpServer2 (HttpServer2.java:addFilter(958)) - Added filter static_user_filter (class=org.apache.hadoop.http.lib.StaticUserWebFilter$StaticUserFilter) to context static
2019-10-01 21:46:11,080 [main] INFO  http.HttpServer2 (HttpServer2.java:bindListener(1191)) - Jetty bound to port 43625
2019-10-01 21:46:11,081 [main] INFO  server.Server (Server.java:doStart(351)) - jetty-9.3.25.v20180904, build timestamp: 2018-09-04T21:11:46Z, git hash: 3ce520221d0240229c862b122d2b06c12a625732
2019-10-01 21:46:11,083 [main] INFO  handler.ContextHandler (ContextHandler.java:doStart(781)) - Started o.e.j.s.ServletContextHandler@6ac4c3f7{/logs,file:///workdir/hadoop-ozone/integration-test/target/log,AVAILABLE}
2019-10-01 21:46:11,083 [main] INFO  handler.ContextHandler (ContextHandler.java:doStart(781)) - Started o.e.j.s.ServletContextHandler@1e3ff233{/static,jar:file:/home/user/.m2/repository/org/apache/hadoop/hadoop-hdds-container-service/0.5.0-SNAPSHOT/hadoop-hdds-container-service-0.5.0-SNAPSHOT.jar!/webapps/static,AVAILABLE}
2019-10-01 21:46:11,119 [main] INFO  handler.ContextHandler (ContextHandler.java:doStart(781)) - Started o.e.j.w.WebAppContext@34414ffc{/,file:///tmp/jetty-0.0.0.0-43625-hddsDatanode-_-any-2748041250640331837.dir/webapp/,AVAILABLE}{/hddsDatanode}
2019-10-01 21:46:11,119 [main] INFO  server.AbstractConnector (AbstractConnector.java:doStart(278)) - Started ServerConnector@1903b5d{HTTP/1.1,[http/1.1]}{0.0.0.0:43625}
2019-10-01 21:46:11,120 [main] INFO  server.Server (Server.java:doStart(419)) - Started @127085ms
2019-10-01 21:46:11,121 [main] WARN  impl.MetricsSystemImpl (MetricsSystemImpl.java:register(276)) - Sink prometheus already exists!
2019-10-01 21:46:11,121 [main] INFO  server.BaseHttpServer (BaseHttpServer.java:updateConnectorAddress(215)) - HTTP server of HDDSDATANODE is listening at http://0.0.0.0:43625
2019-10-01 21:46:11,122 [main] INFO  impl.MetricsSystemImpl (MetricsSystemImpl.java:init(158)) - HddsDatanode metrics system started (again)
2019-10-01 21:46:11,125 [org.apache.hadoop.util.JvmPauseMonitor$Monitor@7024b5f3] INFO  util.JvmPauseMonitor (JvmPauseMonitor.java:run(188)) - Starting JVM pause monitor
2019-10-01 21:46:11,125 [main] INFO  ozone.HddsDatanodeService (HddsDatanodeService.java:start(184)) - HddsDatanodeService host:pr-hdds-2225-v7c79-4183396186 ip:192.168.157.248
2019-10-01 21:46:11,128 [Datanode State Machine Thread - 0] INFO  datanode.InitDatanodeState (InitDatanodeState.java:persistContainerDatanodeDetails(140)) - DatanodeDetails is persisted to /workdir/hadoop-ozone/integration-test/target/test-dir/MiniOzoneClusterImpl-7b6a5651-b981-441c-ae9d-bfe7df6634f9/datanode-1/meta/datanode.id
2019-10-01 21:46:11,131 [main] INFO  volume.HddsVolume (HddsVolume.java:<init>(176)) - Creating Volume: /workdir/hadoop-ozone/integration-test/target/test-dir/MiniOzoneClusterImpl-7b6a5651-b981-441c-ae9d-bfe7df6634f9/datanode-2/data/containers/hdds of  storage type : DISK and capacity : 1482555576320
2019-10-01 21:46:11,132 [main] INFO  volume.VolumeSet (VolumeSet.java:initializeVolumeSet(170)) - Added Volume : /workdir/hadoop-ozone/integration-test/target/test-dir/MiniOzoneClusterImpl-7b6a5651-b981-441c-ae9d-bfe7df6634f9/datanode-2/data/containers/hdds to VolumeSet
2019-10-01 21:46:11,132 [main] INFO  volume.ThrottledAsyncChecker (ThrottledAsyncChecker.java:schedule(139)) - Scheduling a check for org.apache.hadoop.ozone.container.common.volume.HddsVolume@1fd7a37
2019-10-01 21:46:11,132 [main] INFO  volume.HddsVolumeChecker (HddsVolumeChecker.java:checkAllVolumes(202)) - Scheduled health check for volume org.apache.hadoop.ozone.container.common.volume.HddsVolume@1fd7a37
2019-10-01 21:46:11,147 [main] INFO  impl.RaftServerProxy (ConfUtils.java:logGet(43)) - raft.rpc.type = GRPC (default)
2019-10-01 21:46:11,147 [main] INFO  grpc.GrpcFactory (GrpcFactory.java:checkPooledByteBufAllocatorUseCacheForAllThreads(45)) - PERFORMANCE WARNING: useCacheForAllThreads is true that may cause Netty to create a lot garbage objects and, as a result, trigger GC.
	It is recommended to disable useCacheForAllThreads by setting -Dorg.apache.ratis.thirdparty.io.netty.allocator.useCacheForAllThreads=false in command line.
2019-10-01 21:46:11,147 [main] INFO  grpc.GrpcConfigKeys$Server (ConfUtils.java:logGet(43)) - raft.grpc.server.port = 0 (default)
2019-10-01 21:46:11,147 [main] INFO  server.GrpcService (ConfUtils.java:logGet(43)) - raft.grpc.message.size.max = 33570816 (custom)
2019-10-01 21:46:11,148 [main] INFO  server.RaftServerConfigKeys (ConfUtils.java:logGet(43)) - raft.server.log.appender.buffer.byte-limit = 33554432 (custom)
2019-10-01 21:46:11,148 [main] INFO  server.GrpcService (ConfUtils.java:logGet(43)) - raft.grpc.flow.control.window = 1MB (=1048576) (default)
2019-10-01 21:46:11,148 [main] INFO  server.RaftServerConfigKeys (ConfUtils.java:logGet(43)) - raft.server.rpc.request.timeout = 3000ms (default)
2019-10-01 21:46:11,148 [main] INFO  server.RaftServerConfigKeys (ConfUtils.java:logGet(43)) - raft.server.storage.dir = [/workdir/hadoop-ozone/integration-test/target/test-dir/MiniOzoneClusterImpl-7b6a5651-b981-441c-ae9d-bfe7df6634f9/datanode-2/data/ratis] (custom)
2019-10-01 21:46:11,150 [main] INFO  hdfs.DFSUtil (DFSUtil.java:httpServerTemplateForNNAndJN(1641)) - Starting Web-server for hddsDatanode at: http://0.0.0.0:0
2019-10-01 21:46:11,151 [main] INFO  server.AuthenticationFilter (AuthenticationFilter.java:constructSecretProvider(240)) - Unable to initialize FileSignerSecretProvider, falling back to use random secrets.
2019-10-01 21:46:11,151 [main] WARN  http.HttpRequestLog (HttpRequestLog.java:getRequestLog(97)) - Jetty request log can only be enabled using Log4j
2019-10-01 21:46:11,152 [main] INFO  http.HttpServer2 (HttpServer2.java:addGlobalFilter(975)) - Added global filter 'safety' (class=org.apache.hadoop.http.HttpServer2$QuotingInputFilter)
2019-10-01 21:46:11,153 [main] INFO  http.HttpServer2 (HttpServer2.java:addFilter(948)) - Added filter static_user_filter (class=org.apache.hadoop.http.lib.StaticUserWebFilter$StaticUserFilter) to context hddsDatanode
2019-10-01 21:46:11,153 [main] INFO  http.HttpServer2 (HttpServer2.java:addFilter(958)) - Added filter static_user_filter (class=org.apache.hadoop.http.lib.StaticUserWebFilter$StaticUserFilter) to context static
2019-10-01 21:46:11,153 [main] INFO  http.HttpServer2 (HttpServer2.java:addFilter(958)) - Added filter static_user_filter (class=org.apache.hadoop.http.lib.StaticUserWebFilter$StaticUserFilter) to context logs
2019-10-01 21:46:11,154 [main] INFO  http.HttpServer2 (HttpServer2.java:bindListener(1191)) - Jetty bound to port 39155
2019-10-01 21:46:11,154 [main] INFO  server.Server (Server.java:doStart(351)) - jetty-9.3.25.v20180904, build timestamp: 2018-09-04T21:11:46Z, git hash: 3ce520221d0240229c862b122d2b06c12a625732
2019-10-01 21:46:11,155 [main] INFO  handler.ContextHandler (ContextHandler.java:doStart(781)) - Started o.e.j.s.ServletContextHandler@7f6329cb{/logs,file:///workdir/hadoop-ozone/integration-test/target/log,AVAILABLE}
2019-10-01 21:46:11,156 [main] INFO  handler.ContextHandler (ContextHandler.java:doStart(781)) - Started o.e.j.s.ServletContextHandler@77f4c040{/static,jar:file:/home/user/.m2/repository/org/apache/hadoop/hadoop-hdds-container-service/0.5.0-SNAPSHOT/hadoop-hdds-container-service-0.5.0-SNAPSHOT.jar!/webapps/static,AVAILABLE}
2019-10-01 21:46:11,183 [main] INFO  handler.ContextHandler (ContextHandler.java:doStart(781)) - Started o.e.j.w.WebAppContext@6fa2448b{/,file:///tmp/jetty-0.0.0.0-39155-hddsDatanode-_-any-6972999559336273914.dir/webapp/,AVAILABLE}{/hddsDatanode}
2019-10-01 21:46:11,183 [main] INFO  server.AbstractConnector (AbstractConnector.java:doStart(278)) - Started ServerConnector@61bb1e4d{HTTP/1.1,[http/1.1]}{0.0.0.0:39155}
2019-10-01 21:46:11,185 [main] INFO  server.Server (Server.java:doStart(419)) - Started @127149ms
2019-10-01 21:46:11,185 [main] WARN  impl.MetricsSystemImpl (MetricsSystemImpl.java:register(276)) - Sink prometheus already exists!
2019-10-01 21:46:11,186 [main] INFO  server.BaseHttpServer (BaseHttpServer.java:updateConnectorAddress(215)) - HTTP server of HDDSDATANODE is listening at http://0.0.0.0:39155
2019-10-01 21:46:11,186 [main] INFO  impl.MetricsSystemImpl (MetricsSystemImpl.java:init(158)) - HddsDatanode metrics system started (again)
2019-10-01 21:46:11,189 [org.apache.hadoop.util.JvmPauseMonitor$Monitor@24181a5e] INFO  util.JvmPauseMonitor (JvmPauseMonitor.java:run(188)) - Starting JVM pause monitor
2019-10-01 21:46:11,189 [main] INFO  ozone.HddsDatanodeService (HddsDatanodeService.java:start(184)) - HddsDatanodeService host:pr-hdds-2225-v7c79-4183396186 ip:192.168.157.248
2019-10-01 21:46:11,190 [Datanode State Machine Thread - 0] INFO  datanode.InitDatanodeState (InitDatanodeState.java:persistContainerDatanodeDetails(140)) - DatanodeDetails is persisted to /workdir/hadoop-ozone/integration-test/target/test-dir/MiniOzoneClusterImpl-7b6a5651-b981-441c-ae9d-bfe7df6634f9/datanode-2/meta/datanode.id
2019-10-01 21:46:11,198 [main] INFO  volume.HddsVolume (HddsVolume.java:<init>(176)) - Creating Volume: /workdir/hadoop-ozone/integration-test/target/test-dir/MiniOzoneClusterImpl-7b6a5651-b981-441c-ae9d-bfe7df6634f9/datanode-3/data/containers/hdds of  storage type : DISK and capacity : 1482555576320
2019-10-01 21:46:11,198 [main] INFO  volume.VolumeSet (VolumeSet.java:initializeVolumeSet(170)) - Added Volume : /workdir/hadoop-ozone/integration-test/target/test-dir/MiniOzoneClusterImpl-7b6a5651-b981-441c-ae9d-bfe7df6634f9/datanode-3/data/containers/hdds to VolumeSet
2019-10-01 21:46:11,199 [main] INFO  volume.ThrottledAsyncChecker (ThrottledAsyncChecker.java:schedule(139)) - Scheduling a check for org.apache.hadoop.ozone.container.common.volume.HddsVolume@545b5ed0
2019-10-01 21:46:11,199 [main] INFO  volume.HddsVolumeChecker (HddsVolumeChecker.java:checkAllVolumes(202)) - Scheduled health check for volume org.apache.hadoop.ozone.container.common.volume.HddsVolume@545b5ed0
2019-10-01 21:46:11,220 [main] INFO  impl.RaftServerProxy (ConfUtils.java:logGet(43)) - raft.rpc.type = GRPC (default)
2019-10-01 21:46:11,220 [main] INFO  grpc.GrpcFactory (GrpcFactory.java:checkPooledByteBufAllocatorUseCacheForAllThreads(45)) - PERFORMANCE WARNING: useCacheForAllThreads is true that may cause Netty to create a lot garbage objects and, as a result, trigger GC.
	It is recommended to disable useCacheForAllThreads by setting -Dorg.apache.ratis.thirdparty.io.netty.allocator.useCacheForAllThreads=false in command line.
2019-10-01 21:46:11,220 [main] INFO  grpc.GrpcConfigKeys$Server (ConfUtils.java:logGet(43)) - raft.grpc.server.port = 0 (default)
2019-10-01 21:46:11,221 [main] INFO  server.GrpcService (ConfUtils.java:logGet(43)) - raft.grpc.message.size.max = 33570816 (custom)
2019-10-01 21:46:11,221 [main] INFO  server.RaftServerConfigKeys (ConfUtils.java:logGet(43)) - raft.server.log.appender.buffer.byte-limit = 33554432 (custom)
2019-10-01 21:46:11,221 [main] INFO  server.GrpcService (ConfUtils.java:logGet(43)) - raft.grpc.flow.control.window = 1MB (=1048576) (default)
2019-10-01 21:46:11,222 [main] INFO  server.RaftServerConfigKeys (ConfUtils.java:logGet(43)) - raft.server.rpc.request.timeout = 3000ms (default)
2019-10-01 21:46:11,222 [main] INFO  server.RaftServerConfigKeys (ConfUtils.java:logGet(43)) - raft.server.storage.dir = [/workdir/hadoop-ozone/integration-test/target/test-dir/MiniOzoneClusterImpl-7b6a5651-b981-441c-ae9d-bfe7df6634f9/datanode-3/data/ratis] (custom)
2019-10-01 21:46:11,224 [main] INFO  hdfs.DFSUtil (DFSUtil.java:httpServerTemplateForNNAndJN(1641)) - Starting Web-server for hddsDatanode at: http://0.0.0.0:0
2019-10-01 21:46:11,225 [main] INFO  server.AuthenticationFilter (AuthenticationFilter.java:constructSecretProvider(240)) - Unable to initialize FileSignerSecretProvider, falling back to use random secrets.
2019-10-01 21:46:11,226 [main] WARN  http.HttpRequestLog (HttpRequestLog.java:getRequestLog(97)) - Jetty request log can only be enabled using Log4j
2019-10-01 21:46:11,228 [main] INFO  http.HttpServer2 (HttpServer2.java:addGlobalFilter(975)) - Added global filter 'safety' (class=org.apache.hadoop.http.HttpServer2$QuotingInputFilter)
2019-10-01 21:46:11,228 [main] INFO  http.HttpServer2 (HttpServer2.java:addFilter(948)) - Added filter static_user_filter (class=org.apache.hadoop.http.lib.StaticUserWebFilter$StaticUserFilter) to context hddsDatanode
2019-10-01 21:46:11,229 [main] INFO  http.HttpServer2 (HttpServer2.java:addFilter(958)) - Added filter static_user_filter (class=org.apache.hadoop.http.lib.StaticUserWebFilter$StaticUserFilter) to context logs
2019-10-01 21:46:11,229 [main] INFO  http.HttpServer2 (HttpServer2.java:addFilter(958)) - Added filter static_user_filter (class=org.apache.hadoop.http.lib.StaticUserWebFilter$StaticUserFilter) to context static
2019-10-01 21:46:11,230 [main] INFO  http.HttpServer2 (HttpServer2.java:bindListener(1191)) - Jetty bound to port 34867
2019-10-01 21:46:11,230 [main] INFO  server.Server (Server.java:doStart(351)) - jetty-9.3.25.v20180904, build timestamp: 2018-09-04T21:11:46Z, git hash: 3ce520221d0240229c862b122d2b06c12a625732
2019-10-01 21:46:11,232 [main] INFO  handler.ContextHandler (ContextHandler.java:doStart(781)) - Started o.e.j.s.ServletContextHandler@61ffd148{/logs,file:///workdir/hadoop-ozone/integration-test/target/log,AVAILABLE}
2019-10-01 21:46:11,233 [main] INFO  handler.ContextHandler (ContextHandler.java:doStart(781)) - Started o.e.j.s.ServletContextHandler@5d7d8613{/static,jar:file:/home/user/.m2/repository/org/apache/hadoop/hadoop-hdds-container-service/0.5.0-SNAPSHOT/hadoop-hdds-container-service-0.5.0-SNAPSHOT.jar!/webapps/static,AVAILABLE}
2019-10-01 21:46:11,270 [main] INFO  handler.ContextHandler (ContextHandler.java:doStart(781)) - Started o.e.j.w.WebAppContext@3c232051{/,file:///tmp/jetty-0.0.0.0-34867-hddsDatanode-_-any-6637722377689921705.dir/webapp/,AVAILABLE}{/hddsDatanode}
2019-10-01 21:46:11,270 [main] INFO  server.AbstractConnector (AbstractConnector.java:doStart(278)) - Started ServerConnector@15d0d6c9{HTTP/1.1,[http/1.1]}{0.0.0.0:34867}
2019-10-01 21:46:11,272 [main] INFO  server.Server (Server.java:doStart(419)) - Started @127236ms
2019-10-01 21:46:11,272 [main] WARN  impl.MetricsSystemImpl (MetricsSystemImpl.java:register(276)) - Sink prometheus already exists!
2019-10-01 21:46:11,272 [main] INFO  server.BaseHttpServer (BaseHttpServer.java:updateConnectorAddress(215)) - HTTP server of HDDSDATANODE is listening at http://0.0.0.0:34867
2019-10-01 21:46:11,273 [main] INFO  impl.MetricsSystemImpl (MetricsSystemImpl.java:init(158)) - HddsDatanode metrics system started (again)
2019-10-01 21:46:11,276 [org.apache.hadoop.util.JvmPauseMonitor$Monitor@7b11a5a] INFO  util.JvmPauseMonitor (JvmPauseMonitor.java:run(188)) - Starting JVM pause monitor
2019-10-01 21:46:11,277 [main] INFO  ozone.HddsDatanodeService (HddsDatanodeService.java:start(184)) - HddsDatanodeService host:pr-hdds-2225-v7c79-4183396186 ip:192.168.157.248
2019-10-01 21:46:11,277 [Datanode State Machine Thread - 0] INFO  datanode.InitDatanodeState (InitDatanodeState.java:persistContainerDatanodeDetails(140)) - DatanodeDetails is persisted to /workdir/hadoop-ozone/integration-test/target/test-dir/MiniOzoneClusterImpl-7b6a5651-b981-441c-ae9d-bfe7df6634f9/datanode-3/meta/datanode.id
2019-10-01 21:46:11,285 [main] INFO  volume.HddsVolume (HddsVolume.java:<init>(176)) - Creating Volume: /workdir/hadoop-ozone/integration-test/target/test-dir/MiniOzoneClusterImpl-7b6a5651-b981-441c-ae9d-bfe7df6634f9/datanode-4/data/containers/hdds of  storage type : DISK and capacity : 1482555576320
2019-10-01 21:46:11,286 [main] INFO  volume.VolumeSet (VolumeSet.java:initializeVolumeSet(170)) - Added Volume : /workdir/hadoop-ozone/integration-test/target/test-dir/MiniOzoneClusterImpl-7b6a5651-b981-441c-ae9d-bfe7df6634f9/datanode-4/data/containers/hdds to VolumeSet
2019-10-01 21:46:11,286 [main] INFO  volume.ThrottledAsyncChecker (ThrottledAsyncChecker.java:schedule(139)) - Scheduling a check for org.apache.hadoop.ozone.container.common.volume.HddsVolume@38f981b6
2019-10-01 21:46:11,286 [main] INFO  volume.HddsVolumeChecker (HddsVolumeChecker.java:checkAllVolumes(202)) - Scheduled health check for volume org.apache.hadoop.ozone.container.common.volume.HddsVolume@38f981b6
2019-10-01 21:46:11,301 [main] INFO  impl.RaftServerProxy (ConfUtils.java:logGet(43)) - raft.rpc.type = GRPC (default)
2019-10-01 21:46:11,301 [main] INFO  grpc.GrpcFactory (GrpcFactory.java:checkPooledByteBufAllocatorUseCacheForAllThreads(45)) - PERFORMANCE WARNING: useCacheForAllThreads is true that may cause Netty to create a lot garbage objects and, as a result, trigger GC.
	It is recommended to disable useCacheForAllThreads by setting -Dorg.apache.ratis.thirdparty.io.netty.allocator.useCacheForAllThreads=false in command line.
2019-10-01 21:46:11,301 [main] INFO  grpc.GrpcConfigKeys$Server (ConfUtils.java:logGet(43)) - raft.grpc.server.port = 0 (default)
2019-10-01 21:46:11,302 [main] INFO  server.GrpcService (ConfUtils.java:logGet(43)) - raft.grpc.message.size.max = 33570816 (custom)
2019-10-01 21:46:11,302 [main] INFO  server.RaftServerConfigKeys (ConfUtils.java:logGet(43)) - raft.server.log.appender.buffer.byte-limit = 33554432 (custom)
2019-10-01 21:46:11,302 [main] INFO  server.GrpcService (ConfUtils.java:logGet(43)) - raft.grpc.flow.control.window = 1MB (=1048576) (default)
2019-10-01 21:46:11,302 [main] INFO  server.RaftServerConfigKeys (ConfUtils.java:logGet(43)) - raft.server.rpc.request.timeout = 3000ms (default)
2019-10-01 21:46:11,303 [main] INFO  server.RaftServerConfigKeys (ConfUtils.java:logGet(43)) - raft.server.storage.dir = [/workdir/hadoop-ozone/integration-test/target/test-dir/MiniOzoneClusterImpl-7b6a5651-b981-441c-ae9d-bfe7df6634f9/datanode-4/data/ratis] (custom)
2019-10-01 21:46:11,304 [main] INFO  hdfs.DFSUtil (DFSUtil.java:httpServerTemplateForNNAndJN(1641)) - Starting Web-server for hddsDatanode at: http://0.0.0.0:0
2019-10-01 21:46:11,305 [main] INFO  server.AuthenticationFilter (AuthenticationFilter.java:constructSecretProvider(240)) - Unable to initialize FileSignerSecretProvider, falling back to use random secrets.
2019-10-01 21:46:11,306 [main] WARN  http.HttpRequestLog (HttpRequestLog.java:getRequestLog(97)) - Jetty request log can only be enabled using Log4j
2019-10-01 21:46:11,307 [main] INFO  http.HttpServer2 (HttpServer2.java:addGlobalFilter(975)) - Added global filter 'safety' (class=org.apache.hadoop.http.HttpServer2$QuotingInputFilter)
2019-10-01 21:46:11,308 [main] INFO  http.HttpServer2 (HttpServer2.java:addFilter(948)) - Added filter static_user_filter (class=org.apache.hadoop.http.lib.StaticUserWebFilter$StaticUserFilter) to context hddsDatanode
2019-10-01 21:46:11,308 [main] INFO  http.HttpServer2 (HttpServer2.java:addFilter(958)) - Added filter static_user_filter (class=org.apache.hadoop.http.lib.StaticUserWebFilter$StaticUserFilter) to context static
2019-10-01 21:46:11,308 [main] INFO  http.HttpServer2 (HttpServer2.java:addFilter(958)) - Added filter static_user_filter (class=org.apache.hadoop.http.lib.StaticUserWebFilter$StaticUserFilter) to context logs
2019-10-01 21:46:11,309 [main] INFO  http.HttpServer2 (HttpServer2.java:bindListener(1191)) - Jetty bound to port 35593
2019-10-01 21:46:11,309 [main] INFO  server.Server (Server.java:doStart(351)) - jetty-9.3.25.v20180904, build timestamp: 2018-09-04T21:11:46Z, git hash: 3ce520221d0240229c862b122d2b06c12a625732
2019-10-01 21:46:11,310 [main] INFO  handler.ContextHandler (ContextHandler.java:doStart(781)) - Started o.e.j.s.ServletContextHandler@679dd234{/logs,file:///workdir/hadoop-ozone/integration-test/target/log,AVAILABLE}
2019-10-01 21:46:11,311 [main] INFO  handler.ContextHandler (ContextHandler.java:doStart(781)) - Started o.e.j.s.ServletContextHandler@1e5eb20a{/static,jar:file:/home/user/.m2/repository/org/apache/hadoop/hadoop-hdds-container-service/0.5.0-SNAPSHOT/hadoop-hdds-container-service-0.5.0-SNAPSHOT.jar!/webapps/static,AVAILABLE}
2019-10-01 21:46:11,340 [main] INFO  handler.ContextHandler (ContextHandler.java:doStart(781)) - Started o.e.j.w.WebAppContext@71e7adbb{/,file:///tmp/jetty-0.0.0.0-35593-hddsDatanode-_-any-6894254790717652227.dir/webapp/,AVAILABLE}{/hddsDatanode}
2019-10-01 21:46:11,340 [main] INFO  server.AbstractConnector (AbstractConnector.java:doStart(278)) - Started ServerConnector@32091c14{HTTP/1.1,[http/1.1]}{0.0.0.0:35593}
2019-10-01 21:46:11,342 [main] INFO  server.Server (Server.java:doStart(419)) - Started @127307ms
2019-10-01 21:46:11,342 [main] WARN  impl.MetricsSystemImpl (MetricsSystemImpl.java:register(276)) - Sink prometheus already exists!
2019-10-01 21:46:11,343 [main] INFO  server.BaseHttpServer (BaseHttpServer.java:updateConnectorAddress(215)) - HTTP server of HDDSDATANODE is listening at http://0.0.0.0:35593
2019-10-01 21:46:11,343 [main] INFO  impl.MetricsSystemImpl (MetricsSystemImpl.java:init(158)) - HddsDatanode metrics system started (again)
2019-10-01 21:46:11,347 [org.apache.hadoop.util.JvmPauseMonitor$Monitor@7aa7691a] INFO  util.JvmPauseMonitor (JvmPauseMonitor.java:run(188)) - Starting JVM pause monitor
2019-10-01 21:46:11,347 [main] INFO  ozone.HddsDatanodeService (HddsDatanodeService.java:start(184)) - HddsDatanodeService host:pr-hdds-2225-v7c79-4183396186 ip:192.168.157.248
2019-10-01 21:46:11,348 [Datanode State Machine Thread - 0] INFO  datanode.InitDatanodeState (InitDatanodeState.java:persistContainerDatanodeDetails(140)) - DatanodeDetails is persisted to /workdir/hadoop-ozone/integration-test/target/test-dir/MiniOzoneClusterImpl-7b6a5651-b981-441c-ae9d-bfe7df6634f9/datanode-4/meta/datanode.id
2019-10-01 21:46:11,354 [main] INFO  volume.HddsVolume (HddsVolume.java:<init>(176)) - Creating Volume: /workdir/hadoop-ozone/integration-test/target/test-dir/MiniOzoneClusterImpl-7b6a5651-b981-441c-ae9d-bfe7df6634f9/datanode-5/data/containers/hdds of  storage type : DISK and capacity : 1482555576320
2019-10-01 21:46:11,354 [main] INFO  volume.VolumeSet (VolumeSet.java:initializeVolumeSet(170)) - Added Volume : /workdir/hadoop-ozone/integration-test/target/test-dir/MiniOzoneClusterImpl-7b6a5651-b981-441c-ae9d-bfe7df6634f9/datanode-5/data/containers/hdds to VolumeSet
2019-10-01 21:46:11,354 [main] INFO  volume.ThrottledAsyncChecker (ThrottledAsyncChecker.java:schedule(139)) - Scheduling a check for org.apache.hadoop.ozone.container.common.volume.HddsVolume@4e3f2908
2019-10-01 21:46:11,355 [main] INFO  volume.HddsVolumeChecker (HddsVolumeChecker.java:checkAllVolumes(202)) - Scheduled health check for volume org.apache.hadoop.ozone.container.common.volume.HddsVolume@4e3f2908
2019-10-01 21:46:11,368 [main] INFO  impl.RaftServerProxy (ConfUtils.java:logGet(43)) - raft.rpc.type = GRPC (default)
2019-10-01 21:46:11,369 [main] INFO  grpc.GrpcFactory (GrpcFactory.java:checkPooledByteBufAllocatorUseCacheForAllThreads(45)) - PERFORMANCE WARNING: useCacheForAllThreads is true that may cause Netty to create a lot garbage objects and, as a result, trigger GC.
	It is recommended to disable useCacheForAllThreads by setting -Dorg.apache.ratis.thirdparty.io.netty.allocator.useCacheForAllThreads=false in command line.
2019-10-01 21:46:11,369 [main] INFO  grpc.GrpcConfigKeys$Server (ConfUtils.java:logGet(43)) - raft.grpc.server.port = 0 (default)
2019-10-01 21:46:11,369 [main] INFO  server.GrpcService (ConfUtils.java:logGet(43)) - raft.grpc.message.size.max = 33570816 (custom)
2019-10-01 21:46:11,369 [main] INFO  server.RaftServerConfigKeys (ConfUtils.java:logGet(43)) - raft.server.log.appender.buffer.byte-limit = 33554432 (custom)
2019-10-01 21:46:11,369 [main] INFO  server.GrpcService (ConfUtils.java:logGet(43)) - raft.grpc.flow.control.window = 1MB (=1048576) (default)
2019-10-01 21:46:11,370 [main] INFO  server.RaftServerConfigKeys (ConfUtils.java:logGet(43)) - raft.server.rpc.request.timeout = 3000ms (default)
2019-10-01 21:46:11,370 [main] INFO  server.RaftServerConfigKeys (ConfUtils.java:logGet(43)) - raft.server.storage.dir = [/workdir/hadoop-ozone/integration-test/target/test-dir/MiniOzoneClusterImpl-7b6a5651-b981-441c-ae9d-bfe7df6634f9/datanode-5/data/ratis] (custom)
2019-10-01 21:46:11,371 [main] INFO  hdfs.DFSUtil (DFSUtil.java:httpServerTemplateForNNAndJN(1641)) - Starting Web-server for hddsDatanode at: http://0.0.0.0:0
2019-10-01 21:46:11,373 [main] INFO  server.AuthenticationFilter (AuthenticationFilter.java:constructSecretProvider(240)) - Unable to initialize FileSignerSecretProvider, falling back to use random secrets.
2019-10-01 21:46:11,373 [main] WARN  http.HttpRequestLog (HttpRequestLog.java:getRequestLog(97)) - Jetty request log can only be enabled using Log4j
2019-10-01 21:46:11,374 [main] INFO  http.HttpServer2 (HttpServer2.java:addGlobalFilter(975)) - Added global filter 'safety' (class=org.apache.hadoop.http.HttpServer2$QuotingInputFilter)
2019-10-01 21:46:11,375 [main] INFO  http.HttpServer2 (HttpServer2.java:addFilter(948)) - Added filter static_user_filter (class=org.apache.hadoop.http.lib.StaticUserWebFilter$StaticUserFilter) to context hddsDatanode
2019-10-01 21:46:11,375 [main] INFO  http.HttpServer2 (HttpServer2.java:addFilter(958)) - Added filter static_user_filter (class=org.apache.hadoop.http.lib.StaticUserWebFilter$StaticUserFilter) to context logs
2019-10-01 21:46:11,375 [main] INFO  http.HttpServer2 (HttpServer2.java:addFilter(958)) - Added filter static_user_filter (class=org.apache.hadoop.http.lib.StaticUserWebFilter$StaticUserFilter) to context static
2019-10-01 21:46:11,376 [main] INFO  http.HttpServer2 (HttpServer2.java:bindListener(1191)) - Jetty bound to port 46554
2019-10-01 21:46:11,376 [main] INFO  server.Server (Server.java:doStart(351)) - jetty-9.3.25.v20180904, build timestamp: 2018-09-04T21:11:46Z, git hash: 3ce520221d0240229c862b122d2b06c12a625732
2019-10-01 21:46:11,378 [main] INFO  handler.ContextHandler (ContextHandler.java:doStart(781)) - Started o.e.j.s.ServletContextHandler@27fe059d{/logs,file:///workdir/hadoop-ozone/integration-test/target/log,AVAILABLE}
2019-10-01 21:46:11,378 [main] INFO  handler.ContextHandler (ContextHandler.java:doStart(781)) - Started o.e.j.s.ServletContextHandler@4342c13{/static,jar:file:/home/user/.m2/repository/org/apache/hadoop/hadoop-hdds-container-service/0.5.0-SNAPSHOT/hadoop-hdds-container-service-0.5.0-SNAPSHOT.jar!/webapps/static,AVAILABLE}
2019-10-01 21:46:11,406 [main] INFO  handler.ContextHandler (ContextHandler.java:doStart(781)) - Started o.e.j.w.WebAppContext@704067c6{/,file:///tmp/jetty-0.0.0.0-46554-hddsDatanode-_-any-4601156337050434963.dir/webapp/,AVAILABLE}{/hddsDatanode}
2019-10-01 21:46:11,406 [main] INFO  server.AbstractConnector (AbstractConnector.java:doStart(278)) - Started ServerConnector@7f4596d0{HTTP/1.1,[http/1.1]}{0.0.0.0:46554}
2019-10-01 21:46:11,408 [main] INFO  server.Server (Server.java:doStart(419)) - Started @127372ms
2019-10-01 21:46:11,408 [main] WARN  impl.MetricsSystemImpl (MetricsSystemImpl.java:register(276)) - Sink prometheus already exists!
2019-10-01 21:46:11,408 [main] INFO  server.BaseHttpServer (BaseHttpServer.java:updateConnectorAddress(215)) - HTTP server of HDDSDATANODE is listening at http://0.0.0.0:46554
2019-10-01 21:46:11,409 [main] INFO  impl.MetricsSystemImpl (MetricsSystemImpl.java:init(158)) - HddsDatanode metrics system started (again)
2019-10-01 21:46:11,413 [org.apache.hadoop.util.JvmPauseMonitor$Monitor@4c60b992] INFO  util.JvmPauseMonitor (JvmPauseMonitor.java:run(188)) - Starting JVM pause monitor
2019-10-01 21:46:11,413 [main] INFO  ozone.HddsDatanodeService (HddsDatanodeService.java:start(184)) - HddsDatanodeService host:pr-hdds-2225-v7c79-4183396186 ip:192.168.157.248
2019-10-01 21:46:11,414 [Datanode State Machine Thread - 0] INFO  datanode.InitDatanodeState (InitDatanodeState.java:persistContainerDatanodeDetails(140)) - DatanodeDetails is persisted to /workdir/hadoop-ozone/integration-test/target/test-dir/MiniOzoneClusterImpl-7b6a5651-b981-441c-ae9d-bfe7df6634f9/datanode-5/meta/datanode.id
2019-10-01 21:46:11,419 [main] INFO  volume.HddsVolume (HddsVolume.java:<init>(176)) - Creating Volume: /workdir/hadoop-ozone/integration-test/target/test-dir/MiniOzoneClusterImpl-7b6a5651-b981-441c-ae9d-bfe7df6634f9/datanode-6/data/containers/hdds of  storage type : DISK and capacity : 1482555576320
2019-10-01 21:46:11,420 [main] INFO  volume.VolumeSet (VolumeSet.java:initializeVolumeSet(170)) - Added Volume : /workdir/hadoop-ozone/integration-test/target/test-dir/MiniOzoneClusterImpl-7b6a5651-b981-441c-ae9d-bfe7df6634f9/datanode-6/data/containers/hdds to VolumeSet
2019-10-01 21:46:11,420 [main] INFO  volume.ThrottledAsyncChecker (ThrottledAsyncChecker.java:schedule(139)) - Scheduling a check for org.apache.hadoop.ozone.container.common.volume.HddsVolume@4351ed61
2019-10-01 21:46:11,420 [main] INFO  volume.HddsVolumeChecker (HddsVolumeChecker.java:checkAllVolumes(202)) - Scheduled health check for volume org.apache.hadoop.ozone.container.common.volume.HddsVolume@4351ed61
2019-10-01 21:46:11,433 [main] INFO  impl.RaftServerProxy (ConfUtils.java:logGet(43)) - raft.rpc.type = GRPC (default)
2019-10-01 21:46:11,433 [main] INFO  grpc.GrpcFactory (GrpcFactory.java:checkPooledByteBufAllocatorUseCacheForAllThreads(45)) - PERFORMANCE WARNING: useCacheForAllThreads is true that may cause Netty to create a lot garbage objects and, as a result, trigger GC.
	It is recommended to disable useCacheForAllThreads by setting -Dorg.apache.ratis.thirdparty.io.netty.allocator.useCacheForAllThreads=false in command line.
2019-10-01 21:46:11,433 [main] INFO  grpc.GrpcConfigKeys$Server (ConfUtils.java:logGet(43)) - raft.grpc.server.port = 0 (default)
2019-10-01 21:46:11,433 [main] INFO  server.GrpcService (ConfUtils.java:logGet(43)) - raft.grpc.message.size.max = 33570816 (custom)
2019-10-01 21:46:11,433 [main] INFO  server.RaftServerConfigKeys (ConfUtils.java:logGet(43)) - raft.server.log.appender.buffer.byte-limit = 33554432 (custom)
2019-10-01 21:46:11,434 [main] INFO  server.GrpcService (ConfUtils.java:logGet(43)) - raft.grpc.flow.control.window = 1MB (=1048576) (default)
2019-10-01 21:46:11,434 [main] INFO  server.RaftServerConfigKeys (ConfUtils.java:logGet(43)) - raft.server.rpc.request.timeout = 3000ms (default)
2019-10-01 21:46:11,434 [main] INFO  server.RaftServerConfigKeys (ConfUtils.java:logGet(43)) - raft.server.storage.dir = [/workdir/hadoop-ozone/integration-test/target/test-dir/MiniOzoneClusterImpl-7b6a5651-b981-441c-ae9d-bfe7df6634f9/datanode-6/data/ratis] (custom)
2019-10-01 21:46:11,435 [main] INFO  hdfs.DFSUtil (DFSUtil.java:httpServerTemplateForNNAndJN(1641)) - Starting Web-server for hddsDatanode at: http://0.0.0.0:0
2019-10-01 21:46:11,437 [main] INFO  server.AuthenticationFilter (AuthenticationFilter.java:constructSecretProvider(240)) - Unable to initialize FileSignerSecretProvider, falling back to use random secrets.
2019-10-01 21:46:11,437 [main] WARN  http.HttpRequestLog (HttpRequestLog.java:getRequestLog(97)) - Jetty request log can only be enabled using Log4j
2019-10-01 21:46:11,438 [main] INFO  http.HttpServer2 (HttpServer2.java:addGlobalFilter(975)) - Added global filter 'safety' (class=org.apache.hadoop.http.HttpServer2$QuotingInputFilter)
2019-10-01 21:46:11,439 [main] INFO  http.HttpServer2 (HttpServer2.java:addFilter(948)) - Added filter static_user_filter (class=org.apache.hadoop.http.lib.StaticUserWebFilter$StaticUserFilter) to context hddsDatanode
2019-10-01 21:46:11,439 [main] INFO  http.HttpServer2 (HttpServer2.java:addFilter(958)) - Added filter static_user_filter (class=org.apache.hadoop.http.lib.StaticUserWebFilter$StaticUserFilter) to context static
2019-10-01 21:46:11,439 [main] INFO  http.HttpServer2 (HttpServer2.java:addFilter(958)) - Added filter static_user_filter (class=org.apache.hadoop.http.lib.StaticUserWebFilter$StaticUserFilter) to context logs
2019-10-01 21:46:11,440 [main] INFO  http.HttpServer2 (HttpServer2.java:bindListener(1191)) - Jetty bound to port 43606
2019-10-01 21:46:11,440 [main] INFO  server.Server (Server.java:doStart(351)) - jetty-9.3.25.v20180904, build timestamp: 2018-09-04T21:11:46Z, git hash: 3ce520221d0240229c862b122d2b06c12a625732
2019-10-01 21:46:11,441 [main] INFO  handler.ContextHandler (ContextHandler.java:doStart(781)) - Started o.e.j.s.ServletContextHandler@691124ee{/logs,file:///workdir/hadoop-ozone/integration-test/target/log,AVAILABLE}
2019-10-01 21:46:11,442 [main] INFO  handler.ContextHandler (ContextHandler.java:doStart(781)) - Started o.e.j.s.ServletContextHandler@5403799b{/static,jar:file:/home/user/.m2/repository/org/apache/hadoop/hadoop-hdds-container-service/0.5.0-SNAPSHOT/hadoop-hdds-container-service-0.5.0-SNAPSHOT.jar!/webapps/static,AVAILABLE}
2019-10-01 21:46:11,469 [main] INFO  handler.ContextHandler (ContextHandler.java:doStart(781)) - Started o.e.j.w.WebAppContext@3dc40ab9{/,file:///tmp/jetty-0.0.0.0-43606-hddsDatanode-_-any-4889335108881495642.dir/webapp/,AVAILABLE}{/hddsDatanode}
2019-10-01 21:46:11,469 [main] INFO  server.AbstractConnector (AbstractConnector.java:doStart(278)) - Started ServerConnector@2db6d68d{HTTP/1.1,[http/1.1]}{0.0.0.0:43606}
2019-10-01 21:46:11,470 [main] INFO  server.Server (Server.java:doStart(419)) - Started @127435ms
2019-10-01 21:46:11,471 [main] WARN  impl.MetricsSystemImpl (MetricsSystemImpl.java:register(276)) - Sink prometheus already exists!
2019-10-01 21:46:11,471 [main] INFO  server.BaseHttpServer (BaseHttpServer.java:updateConnectorAddress(215)) - HTTP server of HDDSDATANODE is listening at http://0.0.0.0:43606
2019-10-01 21:46:11,472 [main] INFO  ozone.MiniOzoneClusterImpl (MiniOzoneClusterImpl.java:lambda$waitForClusterToBeReady$0(147)) - Waiting for cluster to be ready. Got 0 of 7 DN Heartbeats.
2019-10-01 21:46:11,473 [org.apache.hadoop.util.JvmPauseMonitor$Monitor@439bf13c] INFO  util.JvmPauseMonitor (JvmPauseMonitor.java:run(188)) - Starting JVM pause monitor
2019-10-01 21:46:11,474 [Datanode State Machine Thread - 0] INFO  datanode.InitDatanodeState (InitDatanodeState.java:persistContainerDatanodeDetails(140)) - DatanodeDetails is persisted to /workdir/hadoop-ozone/integration-test/target/test-dir/MiniOzoneClusterImpl-7b6a5651-b981-441c-ae9d-bfe7df6634f9/datanode-6/meta/datanode.id
2019-10-01 21:46:12,472 [main] INFO  ozone.MiniOzoneClusterImpl (MiniOzoneClusterImpl.java:lambda$waitForClusterToBeReady$0(147)) - Waiting for cluster to be ready. Got 0 of 7 DN Heartbeats.
2019-10-01 21:46:13,472 [main] INFO  ozone.MiniOzoneClusterImpl (MiniOzoneClusterImpl.java:lambda$waitForClusterToBeReady$0(147)) - Waiting for cluster to be ready. Got 0 of 7 DN Heartbeats.
2019-10-01 21:46:13,536 [Datanode State Machine Thread - 0] INFO  ozoneimpl.OzoneContainer (OzoneContainer.java:start(217)) - Attempting to start container services.
2019-10-01 21:46:13,536 [Datanode State Machine Thread - 0] INFO  ozoneimpl.OzoneContainer (OzoneContainer.java:start(217)) - Attempting to start container services.
2019-10-01 21:46:13,536 [Datanode State Machine Thread - 0] INFO  ozoneimpl.OzoneContainer (OzoneContainer.java:start(217)) - Attempting to start container services.
2019-10-01 21:46:13,536 [Datanode State Machine Thread - 0] INFO  ozoneimpl.OzoneContainer (OzoneContainer.java:start(217)) - Attempting to start container services.
2019-10-01 21:46:13,536 [Datanode State Machine Thread - 0] INFO  ozoneimpl.OzoneContainer (OzoneContainer.java:start(217)) - Attempting to start container services.
2019-10-01 21:46:13,536 [Datanode State Machine Thread - 0] INFO  ozoneimpl.OzoneContainer (OzoneContainer.java:start(217)) - Attempting to start container services.
2019-10-01 21:46:13,537 [Datanode State Machine Thread - 0] INFO  ozoneimpl.OzoneContainer (OzoneContainer.java:startContainerScrub(179)) - Background container scanner has been disabled.
2019-10-01 21:46:13,537 [Datanode State Machine Thread - 0] INFO  ozoneimpl.OzoneContainer (OzoneContainer.java:start(217)) - Attempting to start container services.
2019-10-01 21:46:13,538 [Datanode State Machine Thread - 0] INFO  ratis.XceiverServerRatis (XceiverServerRatis.java:start(417)) - Starting XceiverServerRatis a6f2d0e5-b69b-4893-b0e1-e493defe37eb at port 0
2019-10-01 21:46:13,539 [Datanode State Machine Thread - 0] INFO  ozoneimpl.OzoneContainer (OzoneContainer.java:startContainerScrub(179)) - Background container scanner has been disabled.
2019-10-01 21:46:13,540 [Datanode State Machine Thread - 0] INFO  ozoneimpl.OzoneContainer (OzoneContainer.java:startContainerScrub(179)) - Background container scanner has been disabled.
2019-10-01 21:46:13,540 [Datanode State Machine Thread - 0] INFO  ozoneimpl.OzoneContainer (OzoneContainer.java:startContainerScrub(179)) - Background container scanner has been disabled.
2019-10-01 21:46:13,540 [Datanode State Machine Thread - 0] INFO  ozoneimpl.OzoneContainer (OzoneContainer.java:startContainerScrub(179)) - Background container scanner has been disabled.
2019-10-01 21:46:13,540 [Datanode State Machine Thread - 0] INFO  ozoneimpl.OzoneContainer (OzoneContainer.java:startContainerScrub(179)) - Background container scanner has been disabled.
2019-10-01 21:46:13,540 [Datanode State Machine Thread - 0] INFO  ratis.XceiverServerRatis (XceiverServerRatis.java:start(417)) - Starting XceiverServerRatis 115b1da9-a9c1-442b-a02d-91833fdf26c6 at port 0
2019-10-01 21:46:13,540 [Datanode State Machine Thread - 0] INFO  ratis.XceiverServerRatis (XceiverServerRatis.java:start(417)) - Starting XceiverServerRatis 4fe98e1f-8e79-4cc8-ad7c-d8dcfa82ff1e at port 0
2019-10-01 21:46:13,540 [Datanode State Machine Thread - 0] INFO  ratis.XceiverServerRatis (XceiverServerRatis.java:start(417)) - Starting XceiverServerRatis ef59291a-b883-4843-8937-a6a715cac87d at port 0
2019-10-01 21:46:13,540 [Datanode State Machine Thread - 0] INFO  ozoneimpl.OzoneContainer (OzoneContainer.java:startContainerScrub(179)) - Background container scanner has been disabled.
2019-10-01 21:46:13,540 [Datanode State Machine Thread - 0] INFO  ratis.XceiverServerRatis (XceiverServerRatis.java:start(417)) - Starting XceiverServerRatis dc8e1fa1-0742-4625-8bed-7dc210043178 at port 0
2019-10-01 21:46:13,541 [Datanode State Machine Thread - 0] INFO  ratis.XceiverServerRatis (XceiverServerRatis.java:start(417)) - Starting XceiverServerRatis 9a8983bb-97da-4580-ae0e-7f38e0c486d3 at port 0
2019-10-01 21:46:13,540 [Datanode State Machine Thread - 0] INFO  ratis.XceiverServerRatis (XceiverServerRatis.java:start(417)) - Starting XceiverServerRatis 80033017-1aba-45d4-a05d-12259020a4c3 at port 0
2019-10-01 21:46:13,583 [Datanode State Machine Thread - 0] INFO  impl.RaftServerProxy (RaftServerProxy.java:lambda$start$3(299)) - a6f2d0e5-b69b-4893-b0e1-e493defe37eb: start RPC server
2019-10-01 21:46:13,583 [Datanode State Machine Thread - 0] INFO  impl.RaftServerProxy (RaftServerProxy.java:lambda$start$3(299)) - 80033017-1aba-45d4-a05d-12259020a4c3: start RPC server
2019-10-01 21:46:13,588 [Datanode State Machine Thread - 0] INFO  impl.RaftServerProxy (RaftServerProxy.java:lambda$start$3(299)) - 115b1da9-a9c1-442b-a02d-91833fdf26c6: start RPC server
2019-10-01 21:46:13,589 [Datanode State Machine Thread - 0] INFO  impl.RaftServerProxy (RaftServerProxy.java:lambda$start$3(299)) - dc8e1fa1-0742-4625-8bed-7dc210043178: start RPC server
2019-10-01 21:46:13,590 [Datanode State Machine Thread - 0] INFO  impl.RaftServerProxy (RaftServerProxy.java:lambda$start$3(299)) - 9a8983bb-97da-4580-ae0e-7f38e0c486d3: start RPC server
2019-10-01 21:46:13,590 [Datanode State Machine Thread - 0] INFO  impl.RaftServerProxy (RaftServerProxy.java:lambda$start$3(299)) - ef59291a-b883-4843-8937-a6a715cac87d: start RPC server
2019-10-01 21:46:13,591 [Datanode State Machine Thread - 0] INFO  impl.RaftServerProxy (RaftServerProxy.java:lambda$start$3(299)) - 4fe98e1f-8e79-4cc8-ad7c-d8dcfa82ff1e: start RPC server
2019-10-01 21:46:13,592 [Datanode State Machine Thread - 0] INFO  server.GrpcService (GrpcService.java:startImpl(158)) - a6f2d0e5-b69b-4893-b0e1-e493defe37eb: GrpcService started, listening on 0.0.0.0/0.0.0.0:38734
2019-10-01 21:46:13,592 [Datanode State Machine Thread - 0] INFO  server.GrpcService (GrpcService.java:startImpl(158)) - ef59291a-b883-4843-8937-a6a715cac87d: GrpcService started, listening on 0.0.0.0/0.0.0.0:40069
2019-10-01 21:46:13,592 [Datanode State Machine Thread - 0] INFO  server.GrpcService (GrpcService.java:startImpl(158)) - 115b1da9-a9c1-442b-a02d-91833fdf26c6: GrpcService started, listening on 0.0.0.0/0.0.0.0:40674
2019-10-01 21:46:13,592 [Datanode State Machine Thread - 0] INFO  server.GrpcService (GrpcService.java:startImpl(158)) - 9a8983bb-97da-4580-ae0e-7f38e0c486d3: GrpcService started, listening on 0.0.0.0/0.0.0.0:40048
2019-10-01 21:46:13,592 [Datanode State Machine Thread - 0] INFO  server.GrpcService (GrpcService.java:startImpl(158)) - dc8e1fa1-0742-4625-8bed-7dc210043178: GrpcService started, listening on 0.0.0.0/0.0.0.0:35980
2019-10-01 21:46:13,592 [Datanode State Machine Thread - 0] INFO  server.GrpcService (GrpcService.java:startImpl(158)) - 80033017-1aba-45d4-a05d-12259020a4c3: GrpcService started, listening on 0.0.0.0/0.0.0.0:36978
2019-10-01 21:46:13,597 [Datanode State Machine Thread - 0] INFO  ratis.XceiverServerRatis (XceiverServerRatis.java:start(427)) - XceiverServerRatis dc8e1fa1-0742-4625-8bed-7dc210043178 is started using port 35980
2019-10-01 21:46:13,597 [Datanode State Machine Thread - 0] INFO  ratis.XceiverServerRatis (XceiverServerRatis.java:start(427)) - XceiverServerRatis 9a8983bb-97da-4580-ae0e-7f38e0c486d3 is started using port 40048
2019-10-01 21:46:13,597 [Datanode State Machine Thread - 0] INFO  ratis.XceiverServerRatis (XceiverServerRatis.java:start(427)) - XceiverServerRatis 115b1da9-a9c1-442b-a02d-91833fdf26c6 is started using port 40674
2019-10-01 21:46:13,597 [Datanode State Machine Thread - 0] INFO  ratis.XceiverServerRatis (XceiverServerRatis.java:start(427)) - XceiverServerRatis ef59291a-b883-4843-8937-a6a715cac87d is started using port 40069
2019-10-01 21:46:13,596 [Datanode State Machine Thread - 0] INFO  server.GrpcService (GrpcService.java:startImpl(158)) - 4fe98e1f-8e79-4cc8-ad7c-d8dcfa82ff1e: GrpcService started, listening on 0.0.0.0/0.0.0.0:41922
2019-10-01 21:46:13,592 [Datanode State Machine Thread - 0] INFO  ratis.XceiverServerRatis (XceiverServerRatis.java:start(427)) - XceiverServerRatis a6f2d0e5-b69b-4893-b0e1-e493defe37eb is started using port 38734
2019-10-01 21:46:13,598 [Datanode State Machine Thread - 0] INFO  ratis.XceiverServerRatis (XceiverServerRatis.java:start(427)) - XceiverServerRatis 4fe98e1f-8e79-4cc8-ad7c-d8dcfa82ff1e is started using port 41922
2019-10-01 21:46:13,598 [Datanode State Machine Thread - 0] INFO  server.XceiverServerGrpc (XceiverServerGrpc.java:start(149)) - XceiverServerGrpc 115b1da9-a9c1-442b-a02d-91833fdf26c6 is started using port 42126
2019-10-01 21:46:13,598 [Datanode State Machine Thread - 0] INFO  server.XceiverServerGrpc (XceiverServerGrpc.java:start(149)) - XceiverServerGrpc 9a8983bb-97da-4580-ae0e-7f38e0c486d3 is started using port 44886
2019-10-01 21:46:13,598 [Datanode State Machine Thread - 0] INFO  server.XceiverServerGrpc (XceiverServerGrpc.java:start(149)) - XceiverServerGrpc dc8e1fa1-0742-4625-8bed-7dc210043178 is started using port 46132
2019-10-01 21:46:13,597 [Datanode State Machine Thread - 0] INFO  ratis.XceiverServerRatis (XceiverServerRatis.java:start(427)) - XceiverServerRatis 80033017-1aba-45d4-a05d-12259020a4c3 is started using port 36978
2019-10-01 21:46:13,601 [Datanode State Machine Thread - 0] INFO  server.XceiverServerGrpc (XceiverServerGrpc.java:start(149)) - XceiverServerGrpc 4fe98e1f-8e79-4cc8-ad7c-d8dcfa82ff1e is started using port 41384
2019-10-01 21:46:13,601 [Datanode State Machine Thread - 0] INFO  server.XceiverServerGrpc (XceiverServerGrpc.java:start(149)) - XceiverServerGrpc a6f2d0e5-b69b-4893-b0e1-e493defe37eb is started using port 43359
2019-10-01 21:46:13,600 [Datanode State Machine Thread - 0] INFO  server.XceiverServerGrpc (XceiverServerGrpc.java:start(149)) - XceiverServerGrpc ef59291a-b883-4843-8937-a6a715cac87d is started using port 39334
2019-10-01 21:46:13,601 [Datanode State Machine Thread - 0] INFO  server.XceiverServerGrpc (XceiverServerGrpc.java:start(149)) - XceiverServerGrpc 80033017-1aba-45d4-a05d-12259020a4c3 is started using port 41492
2019-10-01 21:46:14,473 [main] INFO  ozone.MiniOzoneClusterImpl (MiniOzoneClusterImpl.java:lambda$waitForClusterToBeReady$0(147)) - Waiting for cluster to be ready. Got 0 of 7 DN Heartbeats.
2019-10-01 21:46:15,047 [IPC Server handler 3 on 44122] INFO  net.NetworkTopology (NetworkTopologyImpl.java:add(111)) - Added a new node: /default-rack/dc8e1fa1-0742-4625-8bed-7dc210043178
2019-10-01 21:46:15,050 [IPC Server handler 3 on 44122] INFO  node.SCMNodeManager (SCMNodeManager.java:register(266)) - Registered Data node : dc8e1fa1-0742-4625-8bed-7dc210043178{ip: 192.168.157.248, host: pr-hdds-2225-v7c79-4183396186, networkLocation: /default-rack, certSerialId: null}
2019-10-01 21:46:15,051 [EventQueue-NodeRegistrationContainerReportForDataNodeSafeModeRule] INFO  safemode.SCMSafeModeManager (DataNodeSafeModeRule.java:process(71)) - SCM in safe mode. 1 DataNodes registered, 1 required.
2019-10-01 21:46:15,054 [EventQueue-NodeRegistrationContainerReportForContainerSafeModeRule] INFO  safemode.SCMSafeModeManager (SCMSafeModeManager.java:validateSafeModeExitRules(177)) - ScmSafeModeManager, all rules are successfully validated
2019-10-01 21:46:15,054 [EventQueue-NodeRegistrationContainerReportForContainerSafeModeRule] INFO  safemode.SCMSafeModeManager (SCMSafeModeManager.java:exitSafeMode(193)) - SCM exiting safe mode.
2019-10-01 21:46:15,076 [grpc-default-executor-2] INFO  impl.RaftServerProxy (RaftServerProxy.java:addNew(89)) - dc8e1fa1-0742-4625-8bed-7dc210043178: addNew group-BB92E9CB9191:[dc8e1fa1-0742-4625-8bed-7dc210043178:192.168.157.248:35980] returns group-BB92E9CB9191:java.util.concurrent.CompletableFuture@68931b84[Not completed]
2019-10-01 21:46:15,078 [pool-207-thread-1] INFO  impl.RaftServerImpl (RaftServerImpl.java:<init>(95)) - dc8e1fa1-0742-4625-8bed-7dc210043178: new RaftServerImpl for group-BB92E9CB9191:[dc8e1fa1-0742-4625-8bed-7dc210043178:192.168.157.248:35980] with ContainerStateMachine:uninitialized
2019-10-01 21:46:15,078 [pool-207-thread-1] INFO  server.RaftServerConfigKeys (ConfUtils.java:logGet(43)) - raft.server.rpc.timeout.min = 5s (custom)
2019-10-01 21:46:15,079 [pool-207-thread-1] INFO  server.RaftServerConfigKeys (ConfUtils.java:logGet(43)) - raft.server.rpc.timeout.max = 5200ms (custom)
2019-10-01 21:46:15,079 [pool-207-thread-1] INFO  server.RaftServerConfigKeys (ConfUtils.java:logGet(43)) - raft.server.rpcslowness.timeout = 120s (custom)
2019-10-01 21:46:15,079 [pool-207-thread-1] INFO  server.RaftServerConfigKeys (ConfUtils.java:logGet(43)) - raft.server.sleep.deviation.threshold = 300 (default)
2019-10-01 21:46:15,079 [pool-207-thread-1] INFO  server.RaftServerConfigKeys (ConfUtils.java:logGet(43)) - raft.server.log.appender.install.snapshot.enabled = false (custom)
2019-10-01 21:46:15,079 [pool-207-thread-1] INFO  impl.RaftServerImpl (ServerState.java:<init>(103)) - dc8e1fa1-0742-4625-8bed-7dc210043178@group-BB92E9CB9191: ConfigurationManager, init=-1: [dc8e1fa1-0742-4625-8bed-7dc210043178:192.168.157.248:35980], old=null, confs=<EMPTY_MAP>
2019-10-01 21:46:15,079 [pool-207-thread-1] INFO  server.RaftServerConfigKeys (ConfUtils.java:logGet(43)) - raft.server.storage.dir = [/workdir/hadoop-ozone/integration-test/target/test-dir/MiniOzoneClusterImpl-7b6a5651-b981-441c-ae9d-bfe7df6634f9/datanode-0/data/ratis] (custom)
2019-10-01 21:46:15,079 [pool-207-thread-1] INFO  server.RaftServerConfigKeys (ConfUtils.java:logGet(43)) - raft.server.log.corruption.policy = EXCEPTION (default)
2019-10-01 21:46:15,080 [pool-207-thread-1] INFO  storage.RaftStorageDirectory (RaftStorageDirectory.java:analyzeStorage(246)) - The storage directory /workdir/hadoop-ozone/integration-test/target/test-dir/MiniOzoneClusterImpl-7b6a5651-b981-441c-ae9d-bfe7df6634f9/datanode-0/data/ratis/a004f2e2-14fb-4d55-a88a-bb92e9cb9191 does not exist. Creating ...
2019-10-01 21:46:15,104 [pool-207-thread-1] INFO  storage.RaftStorageDirectory (RaftStorageDirectory.java:tryLock(328)) - Lock on /workdir/hadoop-ozone/integration-test/target/test-dir/MiniOzoneClusterImpl-7b6a5651-b981-441c-ae9d-bfe7df6634f9/datanode-0/data/ratis/a004f2e2-14fb-4d55-a88a-bb92e9cb9191/in_use.lock acquired by nodename 4401@pr-hdds-2225-v7c79-4183396186
2019-10-01 21:46:15,117 [pool-207-thread-1] INFO  storage.RaftStorage (RaftStorage.java:format(84)) - Storage directory /workdir/hadoop-ozone/integration-test/target/test-dir/MiniOzoneClusterImpl-7b6a5651-b981-441c-ae9d-bfe7df6634f9/datanode-0/data/ratis/a004f2e2-14fb-4d55-a88a-bb92e9cb9191 has been successfully formatted.
2019-10-01 21:46:15,117 [pool-207-thread-1] INFO  ratis.ContainerStateMachine (ContainerStateMachine.java:loadSnapshot(230)) - group-BB92E9CB9191: The snapshot info is null. Setting the last applied indexto:(t:0, i:~)
2019-10-01 21:46:15,117 [pool-207-thread-1] INFO  server.RaftServerConfigKeys (ConfUtils.java:logGet(43)) - raft.server.notification.no-leader.timeout = 120s (custom)
2019-10-01 21:46:15,117 [pool-207-thread-1] INFO  server.RaftServerConfigKeys (ConfUtils.java:logGet(43)) - raft.server.log.use.memory = false (default)
2019-10-01 21:46:15,117 [pool-207-thread-1] INFO  server.RaftServerConfigKeys (ConfUtils.java:logGet(43)) - raft.server.log.purge.gap = 1000000 (custom)
2019-10-01 21:46:15,117 [pool-207-thread-1] INFO  server.RaftServerConfigKeys (ConfUtils.java:logGet(43)) - raft.server.log.appender.buffer.byte-limit = 33554432 (custom)
2019-10-01 21:46:15,118 [pool-207-thread-1] INFO  server.RaftServerConfigKeys (ConfUtils.java:logGet(43)) - raft.server.log.segment.size.max = 1048576 (custom)
2019-10-01 21:46:15,119 [pool-207-thread-1] INFO  server.RaftServerConfigKeys (ConfUtils.java:logGet(43)) - raft.server.log.segment.cache.num.max = 2 (custom)
2019-10-01 21:46:15,120 [pool-207-thread-1] INFO  segmented.SegmentedRaftLogWorker (SegmentedRaftLogWorker.java:<init>(173)) - new dc8e1fa1-0742-4625-8bed-7dc210043178@group-BB92E9CB9191-SegmentedRaftLogWorker for RaftStorage:Storage Directory /workdir/hadoop-ozone/integration-test/target/test-dir/MiniOzoneClusterImpl-7b6a5651-b981-441c-ae9d-bfe7df6634f9/datanode-0/data/ratis/a004f2e2-14fb-4d55-a88a-bb92e9cb9191
2019-10-01 21:46:15,120 [pool-207-thread-1] INFO  server.RaftServerConfigKeys (ConfUtils.java:logGet(43)) - raft.server.log.queue.byte-limit = 2147483647 (custom)
2019-10-01 21:46:15,120 [pool-207-thread-1] INFO  server.RaftServerConfigKeys (ConfUtils.java:logGet(43)) - raft.server.log.queue.element-limit = 1024 (custom)
2019-10-01 21:46:15,120 [pool-207-thread-1] INFO  server.RaftServerConfigKeys (ConfUtils.java:logGet(43)) - raft.server.log.segment.size.max = 1048576 (custom)
2019-10-01 21:46:15,120 [pool-207-thread-1] INFO  server.RaftServerConfigKeys (ConfUtils.java:logGet(43)) - raft.server.log.preallocated.size = 16384 (custom)
2019-10-01 21:46:15,120 [pool-207-thread-1] INFO  server.RaftServerConfigKeys (ConfUtils.java:logGet(43)) - raft.server.log.write.buffer.size = 33554432 (custom)
2019-10-01 21:46:15,120 [pool-207-thread-1] INFO  server.RaftServerConfigKeys (ConfUtils.java:logGet(43)) - raft.server.log.force.sync.num = 128 (default)
2019-10-01 21:46:15,120 [pool-207-thread-1] INFO  server.RaftServerConfigKeys (ConfUtils.java:logGet(43)) - raft.server.log.statemachine.data.sync = true (default)
2019-10-01 21:46:15,120 [pool-207-thread-1] INFO  server.RaftServerConfigKeys (ConfUtils.java:logGet(43)) - raft.server.log.statemachine.data.sync.timeout = 10s (default)
2019-10-01 21:46:15,120 [pool-207-thread-1] INFO  server.RaftServerConfigKeys (ConfUtils.java:logGet(43)) - raft.server.log.statemachine.data.sync.timeout.retry = -1 (default)
2019-10-01 21:46:15,121 [pool-207-thread-1] INFO  server.RaftServerConfigKeys (ConfUtils.java:logGet(43)) - raft.server.log.statemachine.data.caching.enabled = true (custom)
2019-10-01 21:46:15,121 [pool-207-thread-1] INFO  segmented.SegmentedRaftLogWorker (SegmentedRaftLogWorker.java:lambda$new$0(128)) - dc8e1fa1-0742-4625-8bed-7dc210043178@group-BB92E9CB9191-SegmentedRaftLogWorker: flushIndex: setUnconditionally 0 -> -1
2019-10-01 21:46:15,121 [pool-207-thread-1] INFO  server.RaftServerConfigKeys (ConfUtils.java:logGet(43)) - raft.server.snapshot.auto.trigger.enabled = true (custom)
2019-10-01 21:46:15,121 [pool-207-thread-1] INFO  server.RaftServerConfigKeys (ConfUtils.java:logGet(43)) - raft.server.snapshot.auto.trigger.threshold = 10000 (custom)
2019-10-01 21:46:15,121 [pool-207-thread-1] INFO  server.RaftServerConfigKeys (ConfUtils.java:logGet(43)) - raft.server.snapshot.retention.file.num = 5 (custom)
2019-10-01 21:46:15,122 [pool-207-thread-1] INFO  server.RaftServerConfigKeys (ConfUtils.java:logGet(43)) - raft.server.retrycache.expirytime = 600000ms (custom)
2019-10-01 21:46:15,123 [pool-207-thread-1] INFO  impl.RaftServerImpl (RaftServerImpl.java:start(181)) - dc8e1fa1-0742-4625-8bed-7dc210043178@group-BB92E9CB9191: start as a follower, conf=-1: [dc8e1fa1-0742-4625-8bed-7dc210043178:192.168.157.248:35980], old=null
2019-10-01 21:46:15,123 [pool-207-thread-1] INFO  impl.RaftServerImpl (RaftServerImpl.java:setRole(170)) - dc8e1fa1-0742-4625-8bed-7dc210043178@group-BB92E9CB9191: changes role from      null to FOLLOWER at term 0 for startAsFollower
2019-10-01 21:46:15,123 [pool-207-thread-1] INFO  impl.RoleInfo (RoleInfo.java:updateAndGet(143)) - dc8e1fa1-0742-4625-8bed-7dc210043178: start FollowerState
2019-10-01 21:46:15,123 [pool-207-thread-1] INFO  util.JmxRegister (JmxRegister.java:tryRegister(44)) - Successfully registered JMX Bean with object name Ratis:service=RaftServer,group=group-BB92E9CB9191,id=dc8e1fa1-0742-4625-8bed-7dc210043178
2019-10-01 21:46:15,126 [IPC Server handler 2 on 44122] INFO  net.NetworkTopology (NetworkTopologyImpl.java:add(111)) - Added a new node: /default-rack/115b1da9-a9c1-442b-a02d-91833fdf26c6
2019-10-01 21:46:15,126 [IPC Server handler 2 on 44122] INFO  node.SCMNodeManager (SCMNodeManager.java:register(266)) - Registered Data node : 115b1da9-a9c1-442b-a02d-91833fdf26c6{ip: 192.168.157.248, host: pr-hdds-2225-v7c79-4183396186, networkLocation: /default-rack, certSerialId: null}
2019-10-01 21:46:15,147 [RatisPipelineUtilsThread] INFO  pipeline.PipelineStateManager (PipelineStateManager.java:addPipeline(56)) - Created pipeline Pipeline[ Id: a004f2e2-14fb-4d55-a88a-bb92e9cb9191, Nodes: dc8e1fa1-0742-4625-8bed-7dc210043178{ip: 192.168.157.248, host: pr-hdds-2225-v7c79-4183396186, networkLocation: /default-rack, certSerialId: null}, Type:RATIS, Factor:ONE, State:OPEN]
2019-10-01 21:46:15,169 [grpc-default-executor-2] INFO  impl.RaftServerProxy (RaftServerProxy.java:addNew(89)) - 115b1da9-a9c1-442b-a02d-91833fdf26c6: addNew group-FC21DB13BF7B:[115b1da9-a9c1-442b-a02d-91833fdf26c6:192.168.157.248:40674] returns group-FC21DB13BF7B:java.util.concurrent.CompletableFuture@54954ad3[Not completed]
2019-10-01 21:46:15,171 [pool-217-thread-1] INFO  impl.RaftServerImpl (RaftServerImpl.java:<init>(95)) - 115b1da9-a9c1-442b-a02d-91833fdf26c6: new RaftServerImpl for group-FC21DB13BF7B:[115b1da9-a9c1-442b-a02d-91833fdf26c6:192.168.157.248:40674] with ContainerStateMachine:uninitialized
2019-10-01 21:46:15,172 [pool-217-thread-1] INFO  server.RaftServerConfigKeys (ConfUtils.java:logGet(43)) - raft.server.rpc.timeout.min = 5s (custom)
2019-10-01 21:46:15,172 [pool-217-thread-1] INFO  server.RaftServerConfigKeys (ConfUtils.java:logGet(43)) - raft.server.rpc.timeout.max = 5200ms (custom)
2019-10-01 21:46:15,172 [pool-217-thread-1] INFO  server.RaftServerConfigKeys (ConfUtils.java:logGet(43)) - raft.server.rpcslowness.timeout = 120s (custom)
2019-10-01 21:46:15,172 [pool-217-thread-1] INFO  server.RaftServerConfigKeys (ConfUtils.java:logGet(43)) - raft.server.sleep.deviation.threshold = 300 (default)
2019-10-01 21:46:15,172 [pool-217-thread-1] INFO  server.RaftServerConfigKeys (ConfUtils.java:logGet(43)) - raft.server.log.appender.install.snapshot.enabled = false (custom)
2019-10-01 21:46:15,172 [pool-217-thread-1] INFO  impl.RaftServerImpl (ServerState.java:<init>(103)) - 115b1da9-a9c1-442b-a02d-91833fdf26c6@group-FC21DB13BF7B: ConfigurationManager, init=-1: [115b1da9-a9c1-442b-a02d-91833fdf26c6:192.168.157.248:40674], old=null, confs=<EMPTY_MAP>
2019-10-01 21:46:15,173 [pool-217-thread-1] INFO  server.RaftServerConfigKeys (ConfUtils.java:logGet(43)) - raft.server.storage.dir = [/workdir/hadoop-ozone/integration-test/target/test-dir/MiniOzoneClusterImpl-7b6a5651-b981-441c-ae9d-bfe7df6634f9/datanode-1/data/ratis] (custom)
2019-10-01 21:46:15,173 [pool-217-thread-1] INFO  server.RaftServerConfigKeys (ConfUtils.java:logGet(43)) - raft.server.log.corruption.policy = EXCEPTION (default)
2019-10-01 21:46:15,173 [pool-217-thread-1] INFO  storage.RaftStorageDirectory (RaftStorageDirectory.java:analyzeStorage(246)) - The storage directory /workdir/hadoop-ozone/integration-test/target/test-dir/MiniOzoneClusterImpl-7b6a5651-b981-441c-ae9d-bfe7df6634f9/datanode-1/data/ratis/d55ff339-12a7-47f1-8723-fc21db13bf7b does not exist. Creating ...
2019-10-01 21:46:15,190 [IPC Server handler 5 on 44122] INFO  net.NetworkTopology (NetworkTopologyImpl.java:add(111)) - Added a new node: /default-rack/a6f2d0e5-b69b-4893-b0e1-e493defe37eb
2019-10-01 21:46:15,190 [IPC Server handler 5 on 44122] INFO  node.SCMNodeManager (SCMNodeManager.java:register(266)) - Registered Data node : a6f2d0e5-b69b-4893-b0e1-e493defe37eb{ip: 192.168.157.248, host: pr-hdds-2225-v7c79-4183396186, networkLocation: /default-rack, certSerialId: null}
2019-10-01 21:46:15,197 [pool-217-thread-1] INFO  storage.RaftStorageDirectory (RaftStorageDirectory.java:tryLock(328)) - Lock on /workdir/hadoop-ozone/integration-test/target/test-dir/MiniOzoneClusterImpl-7b6a5651-b981-441c-ae9d-bfe7df6634f9/datanode-1/data/ratis/d55ff339-12a7-47f1-8723-fc21db13bf7b/in_use.lock acquired by nodename 4401@pr-hdds-2225-v7c79-4183396186
2019-10-01 21:46:15,210 [pool-217-thread-1] INFO  storage.RaftStorage (RaftStorage.java:format(84)) - Storage directory /workdir/hadoop-ozone/integration-test/target/test-dir/MiniOzoneClusterImpl-7b6a5651-b981-441c-ae9d-bfe7df6634f9/datanode-1/data/ratis/d55ff339-12a7-47f1-8723-fc21db13bf7b has been successfully formatted.
2019-10-01 21:46:15,211 [pool-217-thread-1] INFO  ratis.ContainerStateMachine (ContainerStateMachine.java:loadSnapshot(230)) - group-FC21DB13BF7B: The snapshot info is null. Setting the last applied indexto:(t:0, i:~)
2019-10-01 21:46:15,211 [pool-217-thread-1] INFO  server.RaftServerConfigKeys (ConfUtils.java:logGet(43)) - raft.server.notification.no-leader.timeout = 120s (custom)
2019-10-01 21:46:15,211 [pool-217-thread-1] INFO  server.RaftServerConfigKeys (ConfUtils.java:logGet(43)) - raft.server.log.use.memory = false (default)
2019-10-01 21:46:15,211 [pool-217-thread-1] INFO  server.RaftServerConfigKeys (ConfUtils.java:logGet(43)) - raft.server.log.purge.gap = 1000000 (custom)
2019-10-01 21:46:15,211 [pool-217-thread-1] INFO  server.RaftServerConfigKeys (ConfUtils.java:logGet(43)) - raft.server.log.appender.buffer.byte-limit = 33554432 (custom)
2019-10-01 21:46:15,212 [pool-217-thread-1] INFO  server.RaftServerConfigKeys (ConfUtils.java:logGet(43)) - raft.server.log.segment.size.max = 1048576 (custom)
2019-10-01 21:46:15,214 [pool-217-thread-1] INFO  server.RaftServerConfigKeys (ConfUtils.java:logGet(43)) - raft.server.log.segment.cache.num.max = 2 (custom)
2019-10-01 21:46:15,214 [pool-217-thread-1] INFO  segmented.SegmentedRaftLogWorker (SegmentedRaftLogWorker.java:<init>(173)) - new 115b1da9-a9c1-442b-a02d-91833fdf26c6@group-FC21DB13BF7B-SegmentedRaftLogWorker for RaftStorage:Storage Directory /workdir/hadoop-ozone/integration-test/target/test-dir/MiniOzoneClusterImpl-7b6a5651-b981-441c-ae9d-bfe7df6634f9/datanode-1/data/ratis/d55ff339-12a7-47f1-8723-fc21db13bf7b
2019-10-01 21:46:15,214 [pool-217-thread-1] INFO  server.RaftServerConfigKeys (ConfUtils.java:logGet(43)) - raft.server.log.queue.byte-limit = 2147483647 (custom)
2019-10-01 21:46:15,215 [pool-217-thread-1] INFO  server.RaftServerConfigKeys (ConfUtils.java:logGet(43)) - raft.server.log.queue.element-limit = 1024 (custom)
2019-10-01 21:46:15,215 [pool-217-thread-1] INFO  server.RaftServerConfigKeys (ConfUtils.java:logGet(43)) - raft.server.log.segment.size.max = 1048576 (custom)
2019-10-01 21:46:15,215 [pool-217-thread-1] INFO  server.RaftServerConfigKeys (ConfUtils.java:logGet(43)) - raft.server.log.preallocated.size = 16384 (custom)
2019-10-01 21:46:15,215 [pool-217-thread-1] INFO  server.RaftServerConfigKeys (ConfUtils.java:logGet(43)) - raft.server.log.write.buffer.size = 33554432 (custom)
2019-10-01 21:46:15,215 [pool-217-thread-1] INFO  server.RaftServerConfigKeys (ConfUtils.java:logGet(43)) - raft.server.log.force.sync.num = 128 (default)
2019-10-01 21:46:15,215 [pool-217-thread-1] INFO  server.RaftServerConfigKeys (ConfUtils.java:logGet(43)) - raft.server.log.statemachine.data.sync = true (default)
2019-10-01 21:46:15,215 [pool-217-thread-1] INFO  server.RaftServerConfigKeys (ConfUtils.java:logGet(43)) - raft.server.log.statemachine.data.sync.timeout = 10s (default)
2019-10-01 21:46:15,216 [pool-217-thread-1] INFO  server.RaftServerConfigKeys (ConfUtils.java:logGet(43)) - raft.server.log.statemachine.data.sync.timeout.retry = -1 (default)
2019-10-01 21:46:15,216 [pool-217-thread-1] INFO  server.RaftServerConfigKeys (ConfUtils.java:logGet(43)) - raft.server.log.statemachine.data.caching.enabled = true (custom)
2019-10-01 21:46:15,216 [pool-217-thread-1] INFO  segmented.SegmentedRaftLogWorker (SegmentedRaftLogWorker.java:lambda$new$0(128)) - 115b1da9-a9c1-442b-a02d-91833fdf26c6@group-FC21DB13BF7B-SegmentedRaftLogWorker: flushIndex: setUnconditionally 0 -> -1
2019-10-01 21:46:15,217 [pool-217-thread-1] INFO  server.RaftServerConfigKeys (ConfUtils.java:logGet(43)) - raft.server.snapshot.auto.trigger.enabled = true (custom)
2019-10-01 21:46:15,217 [pool-217-thread-1] INFO  server.RaftServerConfigKeys (ConfUtils.java:logGet(43)) - raft.server.snapshot.auto.trigger.threshold = 10000 (custom)
2019-10-01 21:46:15,217 [pool-217-thread-1] INFO  server.RaftServerConfigKeys (ConfUtils.java:logGet(43)) - raft.server.snapshot.retention.file.num = 5 (custom)
2019-10-01 21:46:15,217 [pool-217-thread-1] INFO  server.RaftServerConfigKeys (ConfUtils.java:logGet(43)) - raft.server.retrycache.expirytime = 600000ms (custom)
2019-10-01 21:46:15,220 [pool-217-thread-1] INFO  impl.RaftServerImpl (RaftServerImpl.java:start(181)) - 115b1da9-a9c1-442b-a02d-91833fdf26c6@group-FC21DB13BF7B: start as a follower, conf=-1: [115b1da9-a9c1-442b-a02d-91833fdf26c6:192.168.157.248:40674], old=null
2019-10-01 21:46:15,220 [pool-217-thread-1] INFO  impl.RaftServerImpl (RaftServerImpl.java:setRole(170)) - 115b1da9-a9c1-442b-a02d-91833fdf26c6@group-FC21DB13BF7B: changes role from      null to FOLLOWER at term 0 for startAsFollower
2019-10-01 21:46:15,220 [pool-217-thread-1] INFO  impl.RoleInfo (RoleInfo.java:updateAndGet(143)) - 115b1da9-a9c1-442b-a02d-91833fdf26c6: start FollowerState
2019-10-01 21:46:15,220 [pool-217-thread-1] INFO  util.JmxRegister (JmxRegister.java:tryRegister(44)) - Successfully registered JMX Bean with object name Ratis:service=RaftServer,group=group-FC21DB13BF7B,id=115b1da9-a9c1-442b-a02d-91833fdf26c6
2019-10-01 21:46:15,228 [RatisPipelineUtilsThread] INFO  pipeline.PipelineStateManager (PipelineStateManager.java:addPipeline(56)) - Created pipeline Pipeline[ Id: d55ff339-12a7-47f1-8723-fc21db13bf7b, Nodes: 115b1da9-a9c1-442b-a02d-91833fdf26c6{ip: 192.168.157.248, host: pr-hdds-2225-v7c79-4183396186, networkLocation: /default-rack, certSerialId: null}, Type:RATIS, Factor:ONE, State:OPEN]
2019-10-01 21:46:15,237 [grpc-default-executor-2] INFO  impl.RaftServerProxy (RaftServerProxy.java:addNew(89)) - a6f2d0e5-b69b-4893-b0e1-e493defe37eb: addNew group-F60A63FAC429:[a6f2d0e5-b69b-4893-b0e1-e493defe37eb:192.168.157.248:38734] returns group-F60A63FAC429:java.util.concurrent.CompletableFuture@3115698c[Not completed]
2019-10-01 21:46:15,239 [pool-227-thread-1] INFO  impl.RaftServerImpl (RaftServerImpl.java:<init>(95)) - a6f2d0e5-b69b-4893-b0e1-e493defe37eb: new RaftServerImpl for group-F60A63FAC429:[a6f2d0e5-b69b-4893-b0e1-e493defe37eb:192.168.157.248:38734] with ContainerStateMachine:uninitialized
2019-10-01 21:46:15,239 [pool-227-thread-1] INFO  server.RaftServerConfigKeys (ConfUtils.java:logGet(43)) - raft.server.rpc.timeout.min = 5s (custom)
2019-10-01 21:46:15,239 [pool-227-thread-1] INFO  server.RaftServerConfigKeys (ConfUtils.java:logGet(43)) - raft.server.rpc.timeout.max = 5200ms (custom)
2019-10-01 21:46:15,239 [pool-227-thread-1] INFO  server.RaftServerConfigKeys (ConfUtils.java:logGet(43)) - raft.server.rpcslowness.timeout = 120s (custom)
2019-10-01 21:46:15,240 [pool-227-thread-1] INFO  server.RaftServerConfigKeys (ConfUtils.java:logGet(43)) - raft.server.sleep.deviation.threshold = 300 (default)
2019-10-01 21:46:15,240 [pool-227-thread-1] INFO  server.RaftServerConfigKeys (ConfUtils.java:logGet(43)) - raft.server.log.appender.install.snapshot.enabled = false (custom)
2019-10-01 21:46:15,240 [pool-227-thread-1] INFO  impl.RaftServerImpl (ServerState.java:<init>(103)) - a6f2d0e5-b69b-4893-b0e1-e493defe37eb@group-F60A63FAC429: ConfigurationManager, init=-1: [a6f2d0e5-b69b-4893-b0e1-e493defe37eb:192.168.157.248:38734], old=null, confs=<EMPTY_MAP>
2019-10-01 21:46:15,240 [pool-227-thread-1] INFO  server.RaftServerConfigKeys (ConfUtils.java:logGet(43)) - raft.server.storage.dir = [/workdir/hadoop-ozone/integration-test/target/test-dir/MiniOzoneClusterImpl-7b6a5651-b981-441c-ae9d-bfe7df6634f9/datanode-2/data/ratis] (custom)
2019-10-01 21:46:15,240 [pool-227-thread-1] INFO  server.RaftServerConfigKeys (ConfUtils.java:logGet(43)) - raft.server.log.corruption.policy = EXCEPTION (default)
2019-10-01 21:46:15,241 [pool-227-thread-1] INFO  storage.RaftStorageDirectory (RaftStorageDirectory.java:analyzeStorage(246)) - The storage directory /workdir/hadoop-ozone/integration-test/target/test-dir/MiniOzoneClusterImpl-7b6a5651-b981-441c-ae9d-bfe7df6634f9/datanode-2/data/ratis/d8370870-7efa-49f0-9130-f60a63fac429 does not exist. Creating ...
2019-10-01 21:46:15,254 [pool-227-thread-1] INFO  storage.RaftStorageDirectory (RaftStorageDirectory.java:tryLock(328)) - Lock on /workdir/hadoop-ozone/integration-test/target/test-dir/MiniOzoneClusterImpl-7b6a5651-b981-441c-ae9d-bfe7df6634f9/datanode-2/data/ratis/d8370870-7efa-49f0-9130-f60a63fac429/in_use.lock acquired by nodename 4401@pr-hdds-2225-v7c79-4183396186
2019-10-01 21:46:15,275 [pool-227-thread-1] INFO  storage.RaftStorage (RaftStorage.java:format(84)) - Storage directory /workdir/hadoop-ozone/integration-test/target/test-dir/MiniOzoneClusterImpl-7b6a5651-b981-441c-ae9d-bfe7df6634f9/datanode-2/data/ratis/d8370870-7efa-49f0-9130-f60a63fac429 has been successfully formatted.
2019-10-01 21:46:15,275 [pool-227-thread-1] INFO  ratis.ContainerStateMachine (ContainerStateMachine.java:loadSnapshot(230)) - group-F60A63FAC429: The snapshot info is null. Setting the last applied indexto:(t:0, i:~)
2019-10-01 21:46:15,276 [pool-227-thread-1] INFO  server.RaftServerConfigKeys (ConfUtils.java:logGet(43)) - raft.server.notification.no-leader.timeout = 120s (custom)
2019-10-01 21:46:15,276 [pool-227-thread-1] INFO  server.RaftServerConfigKeys (ConfUtils.java:logGet(43)) - raft.server.log.use.memory = false (default)
2019-10-01 21:46:15,276 [pool-227-thread-1] INFO  server.RaftServerConfigKeys (ConfUtils.java:logGet(43)) - raft.server.log.purge.gap = 1000000 (custom)
2019-10-01 21:46:15,276 [pool-227-thread-1] INFO  server.RaftServerConfigKeys (ConfUtils.java:logGet(43)) - raft.server.log.appender.buffer.byte-limit = 33554432 (custom)
2019-10-01 21:46:15,276 [pool-227-thread-1] INFO  server.RaftServerConfigKeys (ConfUtils.java:logGet(43)) - raft.server.log.segment.size.max = 1048576 (custom)
2019-10-01 21:46:15,277 [IPC Server handler 4 on 44122] INFO  net.NetworkTopology (NetworkTopologyImpl.java:add(111)) - Added a new node: /default-rack/4fe98e1f-8e79-4cc8-ad7c-d8dcfa82ff1e
2019-10-01 21:46:15,277 [IPC Server handler 4 on 44122] INFO  node.SCMNodeManager (SCMNodeManager.java:register(266)) - Registered Data node : 4fe98e1f-8e79-4cc8-ad7c-d8dcfa82ff1e{ip: 192.168.157.248, host: pr-hdds-2225-v7c79-4183396186, networkLocation: /default-rack, certSerialId: null}
2019-10-01 21:46:15,278 [pool-227-thread-1] INFO  server.RaftServerConfigKeys (ConfUtils.java:logGet(43)) - raft.server.log.segment.cache.num.max = 2 (custom)
2019-10-01 21:46:15,278 [pool-227-thread-1] INFO  segmented.SegmentedRaftLogWorker (SegmentedRaftLogWorker.java:<init>(173)) - new a6f2d0e5-b69b-4893-b0e1-e493defe37eb@group-F60A63FAC429-SegmentedRaftLogWorker for RaftStorage:Storage Directory /workdir/hadoop-ozone/integration-test/target/test-dir/MiniOzoneClusterImpl-7b6a5651-b981-441c-ae9d-bfe7df6634f9/datanode-2/data/ratis/d8370870-7efa-49f0-9130-f60a63fac429
2019-10-01 21:46:15,278 [pool-227-thread-1] INFO  server.RaftServerConfigKeys (ConfUtils.java:logGet(43)) - raft.server.log.queue.byte-limit = 2147483647 (custom)
2019-10-01 21:46:15,278 [pool-227-thread-1] INFO  server.RaftServerConfigKeys (ConfUtils.java:logGet(43)) - raft.server.log.queue.element-limit = 1024 (custom)
2019-10-01 21:46:15,278 [pool-227-thread-1] INFO  server.RaftServerConfigKeys (ConfUtils.java:logGet(43)) - raft.server.log.segment.size.max = 1048576 (custom)
2019-10-01 21:46:15,279 [pool-227-thread-1] INFO  server.RaftServerConfigKeys (ConfUtils.java:logGet(43)) - raft.server.log.preallocated.size = 16384 (custom)
2019-10-01 21:46:15,279 [pool-227-thread-1] INFO  server.RaftServerConfigKeys (ConfUtils.java:logGet(43)) - raft.server.log.write.buffer.size = 33554432 (custom)
2019-10-01 21:46:15,279 [pool-227-thread-1] INFO  server.RaftServerConfigKeys (ConfUtils.java:logGet(43)) - raft.server.log.force.sync.num = 128 (default)
2019-10-01 21:46:15,279 [pool-227-thread-1] INFO  server.RaftServerConfigKeys (ConfUtils.java:logGet(43)) - raft.server.log.statemachine.data.sync = true (default)
2019-10-01 21:46:15,279 [pool-227-thread-1] INFO  server.RaftServerConfigKeys (ConfUtils.java:logGet(43)) - raft.server.log.statemachine.data.sync.timeout = 10s (default)
2019-10-01 21:46:15,279 [pool-227-thread-1] INFO  server.RaftServerConfigKeys (ConfUtils.java:logGet(43)) - raft.server.log.statemachine.data.sync.timeout.retry = -1 (default)
2019-10-01 21:46:15,280 [pool-227-thread-1] INFO  server.RaftServerConfigKeys (ConfUtils.java:logGet(43)) - raft.server.log.statemachine.data.caching.enabled = true (custom)
2019-10-01 21:46:15,280 [pool-227-thread-1] INFO  segmented.SegmentedRaftLogWorker (SegmentedRaftLogWorker.java:lambda$new$0(128)) - a6f2d0e5-b69b-4893-b0e1-e493defe37eb@group-F60A63FAC429-SegmentedRaftLogWorker: flushIndex: setUnconditionally 0 -> -1
2019-10-01 21:46:15,280 [pool-227-thread-1] INFO  server.RaftServerConfigKeys (ConfUtils.java:logGet(43)) - raft.server.snapshot.auto.trigger.enabled = true (custom)
2019-10-01 21:46:15,281 [pool-227-thread-1] INFO  server.RaftServerConfigKeys (ConfUtils.java:logGet(43)) - raft.server.snapshot.auto.trigger.threshold = 10000 (custom)
2019-10-01 21:46:15,281 [pool-227-thread-1] INFO  server.RaftServerConfigKeys (ConfUtils.java:logGet(43)) - raft.server.snapshot.retention.file.num = 5 (custom)
2019-10-01 21:46:15,281 [pool-227-thread-1] INFO  server.RaftServerConfigKeys (ConfUtils.java:logGet(43)) - raft.server.retrycache.expirytime = 600000ms (custom)
2019-10-01 21:46:15,283 [pool-227-thread-1] INFO  impl.RaftServerImpl (RaftServerImpl.java:start(181)) - a6f2d0e5-b69b-4893-b0e1-e493defe37eb@group-F60A63FAC429: start as a follower, conf=-1: [a6f2d0e5-b69b-4893-b0e1-e493defe37eb:192.168.157.248:38734], old=null
2019-10-01 21:46:15,283 [pool-227-thread-1] INFO  impl.RaftServerImpl (RaftServerImpl.java:setRole(170)) - a6f2d0e5-b69b-4893-b0e1-e493defe37eb@group-F60A63FAC429: changes role from      null to FOLLOWER at term 0 for startAsFollower
2019-10-01 21:46:15,283 [pool-227-thread-1] INFO  impl.RoleInfo (RoleInfo.java:updateAndGet(143)) - a6f2d0e5-b69b-4893-b0e1-e493defe37eb: start FollowerState
2019-10-01 21:46:15,284 [pool-227-thread-1] INFO  util.JmxRegister (JmxRegister.java:tryRegister(44)) - Successfully registered JMX Bean with object name Ratis:service=RaftServer,group=group-F60A63FAC429,id=a6f2d0e5-b69b-4893-b0e1-e493defe37eb
2019-10-01 21:46:15,291 [RatisPipelineUtilsThread] INFO  pipeline.PipelineStateManager (PipelineStateManager.java:addPipeline(56)) - Created pipeline Pipeline[ Id: d8370870-7efa-49f0-9130-f60a63fac429, Nodes: a6f2d0e5-b69b-4893-b0e1-e493defe37eb{ip: 192.168.157.248, host: pr-hdds-2225-v7c79-4183396186, networkLocation: /default-rack, certSerialId: null}, Type:RATIS, Factor:ONE, State:OPEN]
2019-10-01 21:46:15,301 [grpc-default-executor-2] INFO  impl.RaftServerProxy (RaftServerProxy.java:addNew(89)) - 4fe98e1f-8e79-4cc8-ad7c-d8dcfa82ff1e: addNew group-04CE3F120AE2:[4fe98e1f-8e79-4cc8-ad7c-d8dcfa82ff1e:192.168.157.248:41922] returns group-04CE3F120AE2:java.util.concurrent.CompletableFuture@7a02473a[Not completed]
2019-10-01 21:46:15,302 [pool-237-thread-1] INFO  impl.RaftServerImpl (RaftServerImpl.java:<init>(95)) - 4fe98e1f-8e79-4cc8-ad7c-d8dcfa82ff1e: new RaftServerImpl for group-04CE3F120AE2:[4fe98e1f-8e79-4cc8-ad7c-d8dcfa82ff1e:192.168.157.248:41922] with ContainerStateMachine:uninitialized
2019-10-01 21:46:15,302 [pool-237-thread-1] INFO  server.RaftServerConfigKeys (ConfUtils.java:logGet(43)) - raft.server.rpc.timeout.min = 5s (custom)
2019-10-01 21:46:15,303 [pool-237-thread-1] INFO  server.RaftServerConfigKeys (ConfUtils.java:logGet(43)) - raft.server.rpc.timeout.max = 5200ms (custom)
2019-10-01 21:46:15,303 [pool-237-thread-1] INFO  server.RaftServerConfigKeys (ConfUtils.java:logGet(43)) - raft.server.rpcslowness.timeout = 120s (custom)
2019-10-01 21:46:15,303 [pool-237-thread-1] INFO  server.RaftServerConfigKeys (ConfUtils.java:logGet(43)) - raft.server.sleep.deviation.threshold = 300 (default)
2019-10-01 21:46:15,303 [pool-237-thread-1] INFO  server.RaftServerConfigKeys (ConfUtils.java:logGet(43)) - raft.server.log.appender.install.snapshot.enabled = false (custom)
2019-10-01 21:46:15,303 [pool-237-thread-1] INFO  impl.RaftServerImpl (ServerState.java:<init>(103)) - 4fe98e1f-8e79-4cc8-ad7c-d8dcfa82ff1e@group-04CE3F120AE2: ConfigurationManager, init=-1: [4fe98e1f-8e79-4cc8-ad7c-d8dcfa82ff1e:192.168.157.248:41922], old=null, confs=<EMPTY_MAP>
2019-10-01 21:46:15,303 [pool-237-thread-1] INFO  server.RaftServerConfigKeys (ConfUtils.java:logGet(43)) - raft.server.storage.dir = [/workdir/hadoop-ozone/integration-test/target/test-dir/MiniOzoneClusterImpl-7b6a5651-b981-441c-ae9d-bfe7df6634f9/datanode-3/data/ratis] (custom)
2019-10-01 21:46:15,303 [pool-237-thread-1] INFO  server.RaftServerConfigKeys (ConfUtils.java:logGet(43)) - raft.server.log.corruption.policy = EXCEPTION (default)
2019-10-01 21:46:15,303 [pool-237-thread-1] INFO  storage.RaftStorageDirectory (RaftStorageDirectory.java:analyzeStorage(246)) - The storage directory /workdir/hadoop-ozone/integration-test/target/test-dir/MiniOzoneClusterImpl-7b6a5651-b981-441c-ae9d-bfe7df6634f9/datanode-3/data/ratis/39f6d249-5867-4735-a81d-04ce3f120ae2 does not exist. Creating ...
2019-10-01 21:46:15,317 [pool-237-thread-1] INFO  storage.RaftStorageDirectory (RaftStorageDirectory.java:tryLock(328)) - Lock on /workdir/hadoop-ozone/integration-test/target/test-dir/MiniOzoneClusterImpl-7b6a5651-b981-441c-ae9d-bfe7df6634f9/datanode-3/data/ratis/39f6d249-5867-4735-a81d-04ce3f120ae2/in_use.lock acquired by nodename 4401@pr-hdds-2225-v7c79-4183396186
2019-10-01 21:46:15,329 [pool-237-thread-1] INFO  storage.RaftStorage (RaftStorage.java:format(84)) - Storage directory /workdir/hadoop-ozone/integration-test/target/test-dir/MiniOzoneClusterImpl-7b6a5651-b981-441c-ae9d-bfe7df6634f9/datanode-3/data/ratis/39f6d249-5867-4735-a81d-04ce3f120ae2 has been successfully formatted.
2019-10-01 21:46:15,329 [pool-237-thread-1] INFO  ratis.ContainerStateMachine (ContainerStateMachine.java:loadSnapshot(230)) - group-04CE3F120AE2: The snapshot info is null. Setting the last applied indexto:(t:0, i:~)
2019-10-01 21:46:15,329 [pool-237-thread-1] INFO  server.RaftServerConfigKeys (ConfUtils.java:logGet(43)) - raft.server.notification.no-leader.timeout = 120s (custom)
2019-10-01 21:46:15,329 [pool-237-thread-1] INFO  server.RaftServerConfigKeys (ConfUtils.java:logGet(43)) - raft.server.log.use.memory = false (default)
2019-10-01 21:46:15,329 [pool-237-thread-1] INFO  server.RaftServerConfigKeys (ConfUtils.java:logGet(43)) - raft.server.log.purge.gap = 1000000 (custom)
2019-10-01 21:46:15,329 [pool-237-thread-1] INFO  server.RaftServerConfigKeys (ConfUtils.java:logGet(43)) - raft.server.log.appender.buffer.byte-limit = 33554432 (custom)
2019-10-01 21:46:15,330 [pool-237-thread-1] INFO  server.RaftServerConfigKeys (ConfUtils.java:logGet(43)) - raft.server.log.segment.size.max = 1048576 (custom)
2019-10-01 21:46:15,331 [pool-237-thread-1] INFO  server.RaftServerConfigKeys (ConfUtils.java:logGet(43)) - raft.server.log.segment.cache.num.max = 2 (custom)
2019-10-01 21:46:15,331 [pool-237-thread-1] INFO  segmented.SegmentedRaftLogWorker (SegmentedRaftLogWorker.java:<init>(173)) - new 4fe98e1f-8e79-4cc8-ad7c-d8dcfa82ff1e@group-04CE3F120AE2-SegmentedRaftLogWorker for RaftStorage:Storage Directory /workdir/hadoop-ozone/integration-test/target/test-dir/MiniOzoneClusterImpl-7b6a5651-b981-441c-ae9d-bfe7df6634f9/datanode-3/data/ratis/39f6d249-5867-4735-a81d-04ce3f120ae2
2019-10-01 21:46:15,331 [pool-237-thread-1] INFO  server.RaftServerConfigKeys (ConfUtils.java:logGet(43)) - raft.server.log.queue.byte-limit = 2147483647 (custom)
2019-10-01 21:46:15,331 [pool-237-thread-1] INFO  server.RaftServerConfigKeys (ConfUtils.java:logGet(43)) - raft.server.log.queue.element-limit = 1024 (custom)
2019-10-01 21:46:15,331 [pool-237-thread-1] INFO  server.RaftServerConfigKeys (ConfUtils.java:logGet(43)) - raft.server.log.segment.size.max = 1048576 (custom)
2019-10-01 21:46:15,331 [pool-237-thread-1] INFO  server.RaftServerConfigKeys (ConfUtils.java:logGet(43)) - raft.server.log.preallocated.size = 16384 (custom)
2019-10-01 21:46:15,331 [pool-237-thread-1] INFO  server.RaftServerConfigKeys (ConfUtils.java:logGet(43)) - raft.server.log.write.buffer.size = 33554432 (custom)
2019-10-01 21:46:15,331 [pool-237-thread-1] INFO  server.RaftServerConfigKeys (ConfUtils.java:logGet(43)) - raft.server.log.force.sync.num = 128 (default)
2019-10-01 21:46:15,332 [pool-237-thread-1] INFO  server.RaftServerConfigKeys (ConfUtils.java:logGet(43)) - raft.server.log.statemachine.data.sync = true (default)
2019-10-01 21:46:15,332 [pool-237-thread-1] INFO  server.RaftServerConfigKeys (ConfUtils.java:logGet(43)) - raft.server.log.statemachine.data.sync.timeout = 10s (default)
2019-10-01 21:46:15,332 [pool-237-thread-1] INFO  server.RaftServerConfigKeys (ConfUtils.java:logGet(43)) - raft.server.log.statemachine.data.sync.timeout.retry = -1 (default)
2019-10-01 21:46:15,332 [pool-237-thread-1] INFO  server.RaftServerConfigKeys (ConfUtils.java:logGet(43)) - raft.server.log.statemachine.data.caching.enabled = true (custom)
2019-10-01 21:46:15,333 [pool-237-thread-1] INFO  segmented.SegmentedRaftLogWorker (SegmentedRaftLogWorker.java:lambda$new$0(128)) - 4fe98e1f-8e79-4cc8-ad7c-d8dcfa82ff1e@group-04CE3F120AE2-SegmentedRaftLogWorker: flushIndex: setUnconditionally 0 -> -1
2019-10-01 21:46:15,333 [pool-237-thread-1] INFO  server.RaftServerConfigKeys (ConfUtils.java:logGet(43)) - raft.server.snapshot.auto.trigger.enabled = true (custom)
2019-10-01 21:46:15,333 [pool-237-thread-1] INFO  server.RaftServerConfigKeys (ConfUtils.java:logGet(43)) - raft.server.snapshot.auto.trigger.threshold = 10000 (custom)
2019-10-01 21:46:15,333 [pool-237-thread-1] INFO  server.RaftServerConfigKeys (ConfUtils.java:logGet(43)) - raft.server.snapshot.retention.file.num = 5 (custom)
2019-10-01 21:46:15,333 [pool-237-thread-1] INFO  server.RaftServerConfigKeys (ConfUtils.java:logGet(43)) - raft.server.retrycache.expirytime = 600000ms (custom)
2019-10-01 21:46:15,335 [pool-237-thread-1] INFO  impl.RaftServerImpl (RaftServerImpl.java:start(181)) - 4fe98e1f-8e79-4cc8-ad7c-d8dcfa82ff1e@group-04CE3F120AE2: start as a follower, conf=-1: [4fe98e1f-8e79-4cc8-ad7c-d8dcfa82ff1e:192.168.157.248:41922], old=null
2019-10-01 21:46:15,335 [pool-237-thread-1] INFO  impl.RaftServerImpl (RaftServerImpl.java:setRole(170)) - 4fe98e1f-8e79-4cc8-ad7c-d8dcfa82ff1e@group-04CE3F120AE2: changes role from      null to FOLLOWER at term 0 for startAsFollower
2019-10-01 21:46:15,335 [pool-237-thread-1] INFO  impl.RoleInfo (RoleInfo.java:updateAndGet(143)) - 4fe98e1f-8e79-4cc8-ad7c-d8dcfa82ff1e: start FollowerState
2019-10-01 21:46:15,336 [pool-237-thread-1] INFO  util.JmxRegister (JmxRegister.java:tryRegister(44)) - Successfully registered JMX Bean with object name Ratis:service=RaftServer,group=group-04CE3F120AE2,id=4fe98e1f-8e79-4cc8-ad7c-d8dcfa82ff1e
2019-10-01 21:46:15,340 [RatisPipelineUtilsThread] INFO  pipeline.PipelineStateManager (PipelineStateManager.java:addPipeline(56)) - Created pipeline Pipeline[ Id: 39f6d249-5867-4735-a81d-04ce3f120ae2, Nodes: 4fe98e1f-8e79-4cc8-ad7c-d8dcfa82ff1e{ip: 192.168.157.248, host: pr-hdds-2225-v7c79-4183396186, networkLocation: /default-rack, certSerialId: null}, Type:RATIS, Factor:ONE, State:OPEN]
2019-10-01 21:46:15,350 [IPC Server handler 6 on 44122] INFO  net.NetworkTopology (NetworkTopologyImpl.java:add(111)) - Added a new node: /default-rack/9a8983bb-97da-4580-ae0e-7f38e0c486d3
2019-10-01 21:46:15,352 [IPC Server handler 6 on 44122] INFO  node.SCMNodeManager (SCMNodeManager.java:register(266)) - Registered Data node : 9a8983bb-97da-4580-ae0e-7f38e0c486d3{ip: 192.168.157.248, host: pr-hdds-2225-v7c79-4183396186, networkLocation: /default-rack, certSerialId: null}
2019-10-01 21:46:15,356 [grpc-default-executor-2] INFO  impl.RaftServerProxy (RaftServerProxy.java:addNew(89)) - a6f2d0e5-b69b-4893-b0e1-e493defe37eb: addNew group-2D3AFA3CB3B2:[dc8e1fa1-0742-4625-8bed-7dc210043178:192.168.157.248:35980, a6f2d0e5-b69b-4893-b0e1-e493defe37eb:192.168.157.248:38734, 4fe98e1f-8e79-4cc8-ad7c-d8dcfa82ff1e:192.168.157.248:41922] returns group-2D3AFA3CB3B2:java.util.concurrent.CompletableFuture@49cf1057[Not completed]
2019-10-01 21:46:15,356 [grpc-default-executor-3] INFO  impl.RaftServerProxy (RaftServerProxy.java:addNew(89)) - dc8e1fa1-0742-4625-8bed-7dc210043178: addNew group-2D3AFA3CB3B2:[dc8e1fa1-0742-4625-8bed-7dc210043178:192.168.157.248:35980, a6f2d0e5-b69b-4893-b0e1-e493defe37eb:192.168.157.248:38734, 4fe98e1f-8e79-4cc8-ad7c-d8dcfa82ff1e:192.168.157.248:41922] returns group-2D3AFA3CB3B2:java.util.concurrent.CompletableFuture@e593007[Not completed]
2019-10-01 21:46:15,356 [grpc-default-executor-0] INFO  impl.RaftServerProxy (RaftServerProxy.java:addNew(89)) - 4fe98e1f-8e79-4cc8-ad7c-d8dcfa82ff1e: addNew group-2D3AFA3CB3B2:[dc8e1fa1-0742-4625-8bed-7dc210043178:192.168.157.248:35980, a6f2d0e5-b69b-4893-b0e1-e493defe37eb:192.168.157.248:38734, 4fe98e1f-8e79-4cc8-ad7c-d8dcfa82ff1e:192.168.157.248:41922] returns group-2D3AFA3CB3B2:java.util.concurrent.CompletableFuture@3a997787[Not completed]
2019-10-01 21:46:15,357 [pool-227-thread-1] INFO  impl.RaftServerImpl (RaftServerImpl.java:<init>(95)) - a6f2d0e5-b69b-4893-b0e1-e493defe37eb: new RaftServerImpl for group-2D3AFA3CB3B2:[dc8e1fa1-0742-4625-8bed-7dc210043178:192.168.157.248:35980, a6f2d0e5-b69b-4893-b0e1-e493defe37eb:192.168.157.248:38734, 4fe98e1f-8e79-4cc8-ad7c-d8dcfa82ff1e:192.168.157.248:41922] with ContainerStateMachine:uninitialized
2019-10-01 21:46:15,357 [pool-227-thread-1] INFO  server.RaftServerConfigKeys (ConfUtils.java:logGet(43)) - raft.server.rpc.timeout.min = 5s (custom)
2019-10-01 21:46:15,357 [pool-227-thread-1] INFO  server.RaftServerConfigKeys (ConfUtils.java:logGet(43)) - raft.server.rpc.timeout.max = 5200ms (custom)
2019-10-01 21:46:15,358 [pool-227-thread-1] INFO  server.RaftServerConfigKeys (ConfUtils.java:logGet(43)) - raft.server.rpcslowness.timeout = 120s (custom)
2019-10-01 21:46:15,358 [pool-237-thread-1] INFO  impl.RaftServerImpl (RaftServerImpl.java:<init>(95)) - 4fe98e1f-8e79-4cc8-ad7c-d8dcfa82ff1e: new RaftServerImpl for group-2D3AFA3CB3B2:[dc8e1fa1-0742-4625-8bed-7dc210043178:192.168.157.248:35980, a6f2d0e5-b69b-4893-b0e1-e493defe37eb:192.168.157.248:38734, 4fe98e1f-8e79-4cc8-ad7c-d8dcfa82ff1e:192.168.157.248:41922] with ContainerStateMachine:uninitialized
2019-10-01 21:46:15,358 [pool-227-thread-1] INFO  server.RaftServerConfigKeys (ConfUtils.java:logGet(43)) - raft.server.sleep.deviation.threshold = 300 (default)
2019-10-01 21:46:15,358 [pool-237-thread-1] INFO  server.RaftServerConfigKeys (ConfUtils.java:logGet(43)) - raft.server.rpc.timeout.min = 5s (custom)
2019-10-01 21:46:15,358 [pool-227-thread-1] INFO  server.RaftServerConfigKeys (ConfUtils.java:logGet(43)) - raft.server.log.appender.install.snapshot.enabled = false (custom)
2019-10-01 21:46:15,358 [pool-207-thread-1] INFO  impl.RaftServerImpl (RaftServerImpl.java:<init>(95)) - dc8e1fa1-0742-4625-8bed-7dc210043178: new RaftServerImpl for group-2D3AFA3CB3B2:[dc8e1fa1-0742-4625-8bed-7dc210043178:192.168.157.248:35980, a6f2d0e5-b69b-4893-b0e1-e493defe37eb:192.168.157.248:38734, 4fe98e1f-8e79-4cc8-ad7c-d8dcfa82ff1e:192.168.157.248:41922] with ContainerStateMachine:uninitialized
2019-10-01 21:46:15,358 [pool-237-thread-1] INFO  server.RaftServerConfigKeys (ConfUtils.java:logGet(43)) - raft.server.rpc.timeout.max = 5200ms (custom)
2019-10-01 21:46:15,358 [pool-207-thread-1] INFO  server.RaftServerConfigKeys (ConfUtils.java:logGet(43)) - raft.server.rpc.timeout.min = 5s (custom)
2019-10-01 21:46:15,358 [pool-227-thread-1] INFO  impl.RaftServerImpl (ServerState.java:<init>(103)) - a6f2d0e5-b69b-4893-b0e1-e493defe37eb@group-2D3AFA3CB3B2: ConfigurationManager, init=-1: [dc8e1fa1-0742-4625-8bed-7dc210043178:192.168.157.248:35980, a6f2d0e5-b69b-4893-b0e1-e493defe37eb:192.168.157.248:38734, 4fe98e1f-8e79-4cc8-ad7c-d8dcfa82ff1e:192.168.157.248:41922], old=null, confs=<EMPTY_MAP>
2019-10-01 21:46:15,358 [pool-207-thread-1] INFO  server.RaftServerConfigKeys (ConfUtils.java:logGet(43)) - raft.server.rpc.timeout.max = 5200ms (custom)
2019-10-01 21:46:15,358 [pool-237-thread-1] INFO  server.RaftServerConfigKeys (ConfUtils.java:logGet(43)) - raft.server.rpcslowness.timeout = 120s (custom)
2019-10-01 21:46:15,359 [pool-207-thread-1] INFO  server.RaftServerConfigKeys (ConfUtils.java:logGet(43)) - raft.server.rpcslowness.timeout = 120s (custom)
2019-10-01 21:46:15,359 [pool-227-thread-1] INFO  server.RaftServerConfigKeys (ConfUtils.java:logGet(43)) - raft.server.storage.dir = [/workdir/hadoop-ozone/integration-test/target/test-dir/MiniOzoneClusterImpl-7b6a5651-b981-441c-ae9d-bfe7df6634f9/datanode-2/data/ratis] (custom)
2019-10-01 21:46:15,359 [pool-207-thread-1] INFO  server.RaftServerConfigKeys (ConfUtils.java:logGet(43)) - raft.server.sleep.deviation.threshold = 300 (default)
2019-10-01 21:46:15,359 [pool-237-thread-1] INFO  server.RaftServerConfigKeys (ConfUtils.java:logGet(43)) - raft.server.sleep.deviation.threshold = 300 (default)
2019-10-01 21:46:15,359 [pool-227-thread-1] INFO  server.RaftServerConfigKeys (ConfUtils.java:logGet(43)) - raft.server.log.corruption.policy = EXCEPTION (default)
2019-10-01 21:46:15,359 [pool-207-thread-1] INFO  server.RaftServerConfigKeys (ConfUtils.java:logGet(43)) - raft.server.log.appender.install.snapshot.enabled = false (custom)
2019-10-01 21:46:15,359 [pool-227-thread-1] INFO  storage.RaftStorageDirectory (RaftStorageDirectory.java:analyzeStorage(246)) - The storage directory /workdir/hadoop-ozone/integration-test/target/test-dir/MiniOzoneClusterImpl-7b6a5651-b981-441c-ae9d-bfe7df6634f9/datanode-2/data/ratis/34d945b3-3e16-4f87-b25a-2d3afa3cb3b2 does not exist. Creating ...
2019-10-01 21:46:15,359 [pool-237-thread-1] INFO  server.RaftServerConfigKeys (ConfUtils.java:logGet(43)) - raft.server.log.appender.install.snapshot.enabled = false (custom)
2019-10-01 21:46:15,359 [pool-207-thread-1] INFO  impl.RaftServerImpl (ServerState.java:<init>(103)) - dc8e1fa1-0742-4625-8bed-7dc210043178@group-2D3AFA3CB3B2: ConfigurationManager, init=-1: [dc8e1fa1-0742-4625-8bed-7dc210043178:192.168.157.248:35980, a6f2d0e5-b69b-4893-b0e1-e493defe37eb:192.168.157.248:38734, 4fe98e1f-8e79-4cc8-ad7c-d8dcfa82ff1e:192.168.157.248:41922], old=null, confs=<EMPTY_MAP>
2019-10-01 21:46:15,360 [pool-237-thread-1] INFO  impl.RaftServerImpl (ServerState.java:<init>(103)) - 4fe98e1f-8e79-4cc8-ad7c-d8dcfa82ff1e@group-2D3AFA3CB3B2: ConfigurationManager, init=-1: [dc8e1fa1-0742-4625-8bed-7dc210043178:192.168.157.248:35980, a6f2d0e5-b69b-4893-b0e1-e493defe37eb:192.168.157.248:38734, 4fe98e1f-8e79-4cc8-ad7c-d8dcfa82ff1e:192.168.157.248:41922], old=null, confs=<EMPTY_MAP>
2019-10-01 21:46:15,360 [pool-207-thread-1] INFO  server.RaftServerConfigKeys (ConfUtils.java:logGet(43)) - raft.server.storage.dir = [/workdir/hadoop-ozone/integration-test/target/test-dir/MiniOzoneClusterImpl-7b6a5651-b981-441c-ae9d-bfe7df6634f9/datanode-0/data/ratis] (custom)
2019-10-01 21:46:15,360 [pool-237-thread-1] INFO  server.RaftServerConfigKeys (ConfUtils.java:logGet(43)) - raft.server.storage.dir = [/workdir/hadoop-ozone/integration-test/target/test-dir/MiniOzoneClusterImpl-7b6a5651-b981-441c-ae9d-bfe7df6634f9/datanode-3/data/ratis] (custom)
2019-10-01 21:46:15,360 [pool-207-thread-1] INFO  server.RaftServerConfigKeys (ConfUtils.java:logGet(43)) - raft.server.log.corruption.policy = EXCEPTION (default)
2019-10-01 21:46:15,360 [pool-237-thread-1] INFO  server.RaftServerConfigKeys (ConfUtils.java:logGet(43)) - raft.server.log.corruption.policy = EXCEPTION (default)
2019-10-01 21:46:15,360 [pool-207-thread-1] INFO  storage.RaftStorageDirectory (RaftStorageDirectory.java:analyzeStorage(246)) - The storage directory /workdir/hadoop-ozone/integration-test/target/test-dir/MiniOzoneClusterImpl-7b6a5651-b981-441c-ae9d-bfe7df6634f9/datanode-0/data/ratis/34d945b3-3e16-4f87-b25a-2d3afa3cb3b2 does not exist. Creating ...
2019-10-01 21:46:15,360 [pool-237-thread-1] INFO  storage.RaftStorageDirectory (RaftStorageDirectory.java:analyzeStorage(246)) - The storage directory /workdir/hadoop-ozone/integration-test/target/test-dir/MiniOzoneClusterImpl-7b6a5651-b981-441c-ae9d-bfe7df6634f9/datanode-3/data/ratis/34d945b3-3e16-4f87-b25a-2d3afa3cb3b2 does not exist. Creating ...
2019-10-01 21:46:15,372 [pool-207-thread-1] INFO  storage.RaftStorageDirectory (RaftStorageDirectory.java:tryLock(328)) - Lock on /workdir/hadoop-ozone/integration-test/target/test-dir/MiniOzoneClusterImpl-7b6a5651-b981-441c-ae9d-bfe7df6634f9/datanode-0/data/ratis/34d945b3-3e16-4f87-b25a-2d3afa3cb3b2/in_use.lock acquired by nodename 4401@pr-hdds-2225-v7c79-4183396186
2019-10-01 21:46:15,372 [pool-237-thread-1] INFO  storage.RaftStorageDirectory (RaftStorageDirectory.java:tryLock(328)) - Lock on /workdir/hadoop-ozone/integration-test/target/test-dir/MiniOzoneClusterImpl-7b6a5651-b981-441c-ae9d-bfe7df6634f9/datanode-3/data/ratis/34d945b3-3e16-4f87-b25a-2d3afa3cb3b2/in_use.lock acquired by nodename 4401@pr-hdds-2225-v7c79-4183396186
2019-10-01 21:46:15,372 [pool-227-thread-1] INFO  storage.RaftStorageDirectory (RaftStorageDirectory.java:tryLock(328)) - Lock on /workdir/hadoop-ozone/integration-test/target/test-dir/MiniOzoneClusterImpl-7b6a5651-b981-441c-ae9d-bfe7df6634f9/datanode-2/data/ratis/34d945b3-3e16-4f87-b25a-2d3afa3cb3b2/in_use.lock acquired by nodename 4401@pr-hdds-2225-v7c79-4183396186
2019-10-01 21:46:15,397 [pool-227-thread-1] INFO  storage.RaftStorage (RaftStorage.java:format(84)) - Storage directory /workdir/hadoop-ozone/integration-test/target/test-dir/MiniOzoneClusterImpl-7b6a5651-b981-441c-ae9d-bfe7df6634f9/datanode-2/data/ratis/34d945b3-3e16-4f87-b25a-2d3afa3cb3b2 has been successfully formatted.
2019-10-01 21:46:15,397 [pool-207-thread-1] INFO  storage.RaftStorage (RaftStorage.java:format(84)) - Storage directory /workdir/hadoop-ozone/integration-test/target/test-dir/MiniOzoneClusterImpl-7b6a5651-b981-441c-ae9d-bfe7df6634f9/datanode-0/data/ratis/34d945b3-3e16-4f87-b25a-2d3afa3cb3b2 has been successfully formatted.
2019-10-01 21:46:15,397 [pool-237-thread-1] INFO  storage.RaftStorage (RaftStorage.java:format(84)) - Storage directory /workdir/hadoop-ozone/integration-test/target/test-dir/MiniOzoneClusterImpl-7b6a5651-b981-441c-ae9d-bfe7df6634f9/datanode-3/data/ratis/34d945b3-3e16-4f87-b25a-2d3afa3cb3b2 has been successfully formatted.
2019-10-01 21:46:15,398 [pool-227-thread-1] INFO  ratis.ContainerStateMachine (ContainerStateMachine.java:loadSnapshot(230)) - group-2D3AFA3CB3B2: The snapshot info is null. Setting the last applied indexto:(t:0, i:~)
2019-10-01 21:46:15,398 [pool-237-thread-1] INFO  ratis.ContainerStateMachine (ContainerStateMachine.java:loadSnapshot(230)) - group-2D3AFA3CB3B2: The snapshot info is null. Setting the last applied indexto:(t:0, i:~)
2019-10-01 21:46:15,398 [pool-207-thread-1] INFO  ratis.ContainerStateMachine (ContainerStateMachine.java:loadSnapshot(230)) - group-2D3AFA3CB3B2: The snapshot info is null. Setting the last applied indexto:(t:0, i:~)
2019-10-01 21:46:15,398 [pool-237-thread-1] INFO  server.RaftServerConfigKeys (ConfUtils.java:logGet(43)) - raft.server.notification.no-leader.timeout = 120s (custom)
2019-10-01 21:46:15,398 [pool-227-thread-1] INFO  server.RaftServerConfigKeys (ConfUtils.java:logGet(43)) - raft.server.notification.no-leader.timeout = 120s (custom)
2019-10-01 21:46:15,398 [pool-237-thread-1] INFO  server.RaftServerConfigKeys (ConfUtils.java:logGet(43)) - raft.server.log.use.memory = false (default)
2019-10-01 21:46:15,398 [pool-207-thread-1] INFO  server.RaftServerConfigKeys (ConfUtils.java:logGet(43)) - raft.server.notification.no-leader.timeout = 120s (custom)
2019-10-01 21:46:15,398 [pool-237-thread-1] INFO  server.RaftServerConfigKeys (ConfUtils.java:logGet(43)) - raft.server.log.purge.gap = 1000000 (custom)
2019-10-01 21:46:15,398 [pool-227-thread-1] INFO  server.RaftServerConfigKeys (ConfUtils.java:logGet(43)) - raft.server.log.use.memory = false (default)
2019-10-01 21:46:15,399 [pool-237-thread-1] INFO  server.RaftServerConfigKeys (ConfUtils.java:logGet(43)) - raft.server.log.appender.buffer.byte-limit = 33554432 (custom)
2019-10-01 21:46:15,399 [pool-207-thread-1] INFO  server.RaftServerConfigKeys (ConfUtils.java:logGet(43)) - raft.server.log.use.memory = false (default)
2019-10-01 21:46:15,399 [pool-237-thread-1] INFO  server.RaftServerConfigKeys (ConfUtils.java:logGet(43)) - raft.server.log.segment.size.max = 1048576 (custom)
2019-10-01 21:46:15,399 [pool-227-thread-1] INFO  server.RaftServerConfigKeys (ConfUtils.java:logGet(43)) - raft.server.log.purge.gap = 1000000 (custom)
2019-10-01 21:46:15,399 [pool-237-thread-1] INFO  server.RaftServerConfigKeys (ConfUtils.java:logGet(43)) - raft.server.log.segment.cache.num.max = 2 (custom)
2019-10-01 21:46:15,399 [pool-207-thread-1] INFO  server.RaftServerConfigKeys (ConfUtils.java:logGet(43)) - raft.server.log.purge.gap = 1000000 (custom)
2019-10-01 21:46:15,399 [pool-237-thread-1] INFO  segmented.SegmentedRaftLogWorker (SegmentedRaftLogWorker.java:<init>(173)) - new 4fe98e1f-8e79-4cc8-ad7c-d8dcfa82ff1e@group-2D3AFA3CB3B2-SegmentedRaftLogWorker for RaftStorage:Storage Directory /workdir/hadoop-ozone/integration-test/target/test-dir/MiniOzoneClusterImpl-7b6a5651-b981-441c-ae9d-bfe7df6634f9/datanode-3/data/ratis/34d945b3-3e16-4f87-b25a-2d3afa3cb3b2
2019-10-01 21:46:15,399 [pool-237-thread-1] INFO  server.RaftServerConfigKeys (ConfUtils.java:logGet(43)) - raft.server.log.queue.byte-limit = 2147483647 (custom)
2019-10-01 21:46:15,399 [pool-227-thread-1] INFO  server.RaftServerConfigKeys (ConfUtils.java:logGet(43)) - raft.server.log.appender.buffer.byte-limit = 33554432 (custom)
2019-10-01 21:46:15,399 [pool-237-thread-1] INFO  server.RaftServerConfigKeys (ConfUtils.java:logGet(43)) - raft.server.log.queue.element-limit = 1024 (custom)
2019-10-01 21:46:15,399 [pool-207-thread-1] INFO  server.RaftServerConfigKeys (ConfUtils.java:logGet(43)) - raft.server.log.appender.buffer.byte-limit = 33554432 (custom)
2019-10-01 21:46:15,400 [pool-237-thread-1] INFO  server.RaftServerConfigKeys (ConfUtils.java:logGet(43)) - raft.server.log.segment.size.max = 1048576 (custom)
2019-10-01 21:46:15,400 [pool-227-thread-1] INFO  server.RaftServerConfigKeys (ConfUtils.java:logGet(43)) - raft.server.log.segment.size.max = 1048576 (custom)
2019-10-01 21:46:15,400 [pool-237-thread-1] INFO  server.RaftServerConfigKeys (ConfUtils.java:logGet(43)) - raft.server.log.preallocated.size = 16384 (custom)
2019-10-01 21:46:15,400 [pool-207-thread-1] INFO  server.RaftServerConfigKeys (ConfUtils.java:logGet(43)) - raft.server.log.segment.size.max = 1048576 (custom)
2019-10-01 21:46:15,400 [pool-237-thread-1] INFO  server.RaftServerConfigKeys (ConfUtils.java:logGet(43)) - raft.server.log.write.buffer.size = 33554432 (custom)
2019-10-01 21:46:15,400 [pool-227-thread-1] INFO  server.RaftServerConfigKeys (ConfUtils.java:logGet(43)) - raft.server.log.segment.cache.num.max = 2 (custom)
2019-10-01 21:46:15,400 [pool-237-thread-1] INFO  server.RaftServerConfigKeys (ConfUtils.java:logGet(43)) - raft.server.log.force.sync.num = 128 (default)
2019-10-01 21:46:15,400 [pool-207-thread-1] INFO  server.RaftServerConfigKeys (ConfUtils.java:logGet(43)) - raft.server.log.segment.cache.num.max = 2 (custom)
2019-10-01 21:46:15,400 [pool-237-thread-1] INFO  server.RaftServerConfigKeys (ConfUtils.java:logGet(43)) - raft.server.log.statemachine.data.sync = true (default)
2019-10-01 21:46:15,400 [pool-227-thread-1] INFO  segmented.SegmentedRaftLogWorker (SegmentedRaftLogWorker.java:<init>(173)) - new a6f2d0e5-b69b-4893-b0e1-e493defe37eb@group-2D3AFA3CB3B2-SegmentedRaftLogWorker for RaftStorage:Storage Directory /workdir/hadoop-ozone/integration-test/target/test-dir/MiniOzoneClusterImpl-7b6a5651-b981-441c-ae9d-bfe7df6634f9/datanode-2/data/ratis/34d945b3-3e16-4f87-b25a-2d3afa3cb3b2
2019-10-01 21:46:15,401 [pool-237-thread-1] INFO  server.RaftServerConfigKeys (ConfUtils.java:logGet(43)) - raft.server.log.statemachine.data.sync.timeout = 10s (default)
2019-10-01 21:46:15,401 [pool-207-thread-1] INFO  segmented.SegmentedRaftLogWorker (SegmentedRaftLogWorker.java:<init>(173)) - new dc8e1fa1-0742-4625-8bed-7dc210043178@group-2D3AFA3CB3B2-SegmentedRaftLogWorker for RaftStorage:Storage Directory /workdir/hadoop-ozone/integration-test/target/test-dir/MiniOzoneClusterImpl-7b6a5651-b981-441c-ae9d-bfe7df6634f9/datanode-0/data/ratis/34d945b3-3e16-4f87-b25a-2d3afa3cb3b2
2019-10-01 21:46:15,401 [pool-237-thread-1] INFO  server.RaftServerConfigKeys (ConfUtils.java:logGet(43)) - raft.server.log.statemachine.data.sync.timeout.retry = -1 (default)
2019-10-01 21:46:15,401 [pool-227-thread-1] INFO  server.RaftServerConfigKeys (ConfUtils.java:logGet(43)) - raft.server.log.queue.byte-limit = 2147483647 (custom)
2019-10-01 21:46:15,401 [pool-237-thread-1] INFO  server.RaftServerConfigKeys (ConfUtils.java:logGet(43)) - raft.server.log.statemachine.data.caching.enabled = true (custom)
2019-10-01 21:46:15,401 [pool-207-thread-1] INFO  server.RaftServerConfigKeys (ConfUtils.java:logGet(43)) - raft.server.log.queue.byte-limit = 2147483647 (custom)
2019-10-01 21:46:15,401 [pool-237-thread-1] INFO  segmented.SegmentedRaftLogWorker (SegmentedRaftLogWorker.java:lambda$new$0(128)) - 4fe98e1f-8e79-4cc8-ad7c-d8dcfa82ff1e@group-2D3AFA3CB3B2-SegmentedRaftLogWorker: flushIndex: setUnconditionally 0 -> -1
2019-10-01 21:46:15,401 [pool-227-thread-1] INFO  server.RaftServerConfigKeys (ConfUtils.java:logGet(43)) - raft.server.log.queue.element-limit = 1024 (custom)
2019-10-01 21:46:15,402 [pool-207-thread-1] INFO  server.RaftServerConfigKeys (ConfUtils.java:logGet(43)) - raft.server.log.queue.element-limit = 1024 (custom)
2019-10-01 21:46:15,402 [pool-237-thread-1] INFO  server.RaftServerConfigKeys (ConfUtils.java:logGet(43)) - raft.server.snapshot.auto.trigger.enabled = true (custom)
2019-10-01 21:46:15,402 [pool-227-thread-1] INFO  server.RaftServerConfigKeys (ConfUtils.java:logGet(43)) - raft.server.log.segment.size.max = 1048576 (custom)
2019-10-01 21:46:15,402 [pool-237-thread-1] INFO  server.RaftServerConfigKeys (ConfUtils.java:logGet(43)) - raft.server.snapshot.auto.trigger.threshold = 10000 (custom)
2019-10-01 21:46:15,402 [pool-207-thread-1] INFO  server.RaftServerConfigKeys (ConfUtils.java:logGet(43)) - raft.server.log.segment.size.max = 1048576 (custom)
2019-10-01 21:46:15,402 [pool-237-thread-1] INFO  server.RaftServerConfigKeys (ConfUtils.java:logGet(43)) - raft.server.snapshot.retention.file.num = 5 (custom)
2019-10-01 21:46:15,402 [pool-227-thread-1] INFO  server.RaftServerConfigKeys (ConfUtils.java:logGet(43)) - raft.server.log.preallocated.size = 16384 (custom)
2019-10-01 21:46:15,402 [pool-237-thread-1] INFO  server.RaftServerConfigKeys (ConfUtils.java:logGet(43)) - raft.server.retrycache.expirytime = 600000ms (custom)
2019-10-01 21:46:15,402 [pool-207-thread-1] INFO  server.RaftServerConfigKeys (ConfUtils.java:logGet(43)) - raft.server.log.preallocated.size = 16384 (custom)
2019-10-01 21:46:15,402 [pool-227-thread-1] INFO  server.RaftServerConfigKeys (ConfUtils.java:logGet(43)) - raft.server.log.write.buffer.size = 33554432 (custom)
2019-10-01 21:46:15,403 [pool-207-thread-1] INFO  server.RaftServerConfigKeys (ConfUtils.java:logGet(43)) - raft.server.log.write.buffer.size = 33554432 (custom)
2019-10-01 21:46:15,403 [pool-227-thread-1] INFO  server.RaftServerConfigKeys (ConfUtils.java:logGet(43)) - raft.server.log.force.sync.num = 128 (default)
2019-10-01 21:46:15,403 [pool-207-thread-1] INFO  server.RaftServerConfigKeys (ConfUtils.java:logGet(43)) - raft.server.log.force.sync.num = 128 (default)
2019-10-01 21:46:15,403 [pool-227-thread-1] INFO  server.RaftServerConfigKeys (ConfUtils.java:logGet(43)) - raft.server.log.statemachine.data.sync = true (default)
2019-10-01 21:46:15,403 [pool-207-thread-1] INFO  server.RaftServerConfigKeys (ConfUtils.java:logGet(43)) - raft.server.log.statemachine.data.sync = true (default)
2019-10-01 21:46:15,403 [pool-227-thread-1] INFO  server.RaftServerConfigKeys (ConfUtils.java:logGet(43)) - raft.server.log.statemachine.data.sync.timeout = 10s (default)
2019-10-01 21:46:15,403 [pool-207-thread-1] INFO  server.RaftServerConfigKeys (ConfUtils.java:logGet(43)) - raft.server.log.statemachine.data.sync.timeout = 10s (default)
2019-10-01 21:46:15,403 [pool-227-thread-1] INFO  server.RaftServerConfigKeys (ConfUtils.java:logGet(43)) - raft.server.log.statemachine.data.sync.timeout.retry = -1 (default)
2019-10-01 21:46:15,403 [pool-207-thread-1] INFO  server.RaftServerConfigKeys (ConfUtils.java:logGet(43)) - raft.server.log.statemachine.data.sync.timeout.retry = -1 (default)
2019-10-01 21:46:15,404 [pool-227-thread-1] INFO  server.RaftServerConfigKeys (ConfUtils.java:logGet(43)) - raft.server.log.statemachine.data.caching.enabled = true (custom)
2019-10-01 21:46:15,404 [pool-207-thread-1] INFO  server.RaftServerConfigKeys (ConfUtils.java:logGet(43)) - raft.server.log.statemachine.data.caching.enabled = true (custom)
2019-10-01 21:46:15,404 [pool-227-thread-1] INFO  segmented.SegmentedRaftLogWorker (SegmentedRaftLogWorker.java:lambda$new$0(128)) - a6f2d0e5-b69b-4893-b0e1-e493defe37eb@group-2D3AFA3CB3B2-SegmentedRaftLogWorker: flushIndex: setUnconditionally 0 -> -1
2019-10-01 21:46:15,404 [pool-207-thread-1] INFO  segmented.SegmentedRaftLogWorker (SegmentedRaftLogWorker.java:lambda$new$0(128)) - dc8e1fa1-0742-4625-8bed-7dc210043178@group-2D3AFA3CB3B2-SegmentedRaftLogWorker: flushIndex: setUnconditionally 0 -> -1
2019-10-01 21:46:15,404 [pool-227-thread-1] INFO  server.RaftServerConfigKeys (ConfUtils.java:logGet(43)) - raft.server.snapshot.auto.trigger.enabled = true (custom)
2019-10-01 21:46:15,404 [pool-207-thread-1] INFO  server.RaftServerConfigKeys (ConfUtils.java:logGet(43)) - raft.server.snapshot.auto.trigger.enabled = true (custom)
2019-10-01 21:46:15,404 [pool-237-thread-1] INFO  impl.RaftServerImpl (RaftServerImpl.java:start(181)) - 4fe98e1f-8e79-4cc8-ad7c-d8dcfa82ff1e@group-2D3AFA3CB3B2: start as a follower, conf=-1: [dc8e1fa1-0742-4625-8bed-7dc210043178:192.168.157.248:35980, a6f2d0e5-b69b-4893-b0e1-e493defe37eb:192.168.157.248:38734, 4fe98e1f-8e79-4cc8-ad7c-d8dcfa82ff1e:192.168.157.248:41922], old=null
2019-10-01 21:46:15,404 [pool-227-thread-1] INFO  server.RaftServerConfigKeys (ConfUtils.java:logGet(43)) - raft.server.snapshot.auto.trigger.threshold = 10000 (custom)
2019-10-01 21:46:15,404 [pool-237-thread-1] INFO  impl.RaftServerImpl (RaftServerImpl.java:setRole(170)) - 4fe98e1f-8e79-4cc8-ad7c-d8dcfa82ff1e@group-2D3AFA3CB3B2: changes role from      null to FOLLOWER at term 0 for startAsFollower
2019-10-01 21:46:15,404 [pool-207-thread-1] INFO  server.RaftServerConfigKeys (ConfUtils.java:logGet(43)) - raft.server.snapshot.auto.trigger.threshold = 10000 (custom)
2019-10-01 21:46:15,404 [pool-237-thread-1] INFO  impl.RoleInfo (RoleInfo.java:updateAndGet(143)) - 4fe98e1f-8e79-4cc8-ad7c-d8dcfa82ff1e: start FollowerState
2019-10-01 21:46:15,404 [pool-227-thread-1] INFO  server.RaftServerConfigKeys (ConfUtils.java:logGet(43)) - raft.server.snapshot.retention.file.num = 5 (custom)
2019-10-01 21:46:15,405 [pool-207-thread-1] INFO  server.RaftServerConfigKeys (ConfUtils.java:logGet(43)) - raft.server.snapshot.retention.file.num = 5 (custom)
2019-10-01 21:46:15,405 [pool-237-thread-1] INFO  util.JmxRegister (JmxRegister.java:tryRegister(44)) - Successfully registered JMX Bean with object name Ratis:service=RaftServer,group=group-2D3AFA3CB3B2,id=4fe98e1f-8e79-4cc8-ad7c-d8dcfa82ff1e
2019-10-01 21:46:15,405 [pool-227-thread-1] INFO  server.RaftServerConfigKeys (ConfUtils.java:logGet(43)) - raft.server.retrycache.expirytime = 600000ms (custom)
2019-10-01 21:46:15,405 [pool-207-thread-1] INFO  server.RaftServerConfigKeys (ConfUtils.java:logGet(43)) - raft.server.retrycache.expirytime = 600000ms (custom)
2019-10-01 21:46:15,408 [pool-227-thread-1] INFO  impl.RaftServerImpl (RaftServerImpl.java:start(181)) - a6f2d0e5-b69b-4893-b0e1-e493defe37eb@group-2D3AFA3CB3B2: start as a follower, conf=-1: [dc8e1fa1-0742-4625-8bed-7dc210043178:192.168.157.248:35980, a6f2d0e5-b69b-4893-b0e1-e493defe37eb:192.168.157.248:38734, 4fe98e1f-8e79-4cc8-ad7c-d8dcfa82ff1e:192.168.157.248:41922], old=null
2019-10-01 21:46:15,408 [pool-207-thread-1] INFO  impl.RaftServerImpl (RaftServerImpl.java:start(181)) - dc8e1fa1-0742-4625-8bed-7dc210043178@group-2D3AFA3CB3B2: start as a follower, conf=-1: [dc8e1fa1-0742-4625-8bed-7dc210043178:192.168.157.248:35980, a6f2d0e5-b69b-4893-b0e1-e493defe37eb:192.168.157.248:38734, 4fe98e1f-8e79-4cc8-ad7c-d8dcfa82ff1e:192.168.157.248:41922], old=null
2019-10-01 21:46:15,408 [pool-227-thread-1] INFO  impl.RaftServerImpl (RaftServerImpl.java:setRole(170)) - a6f2d0e5-b69b-4893-b0e1-e493defe37eb@group-2D3AFA3CB3B2: changes role from      null to FOLLOWER at term 0 for startAsFollower
2019-10-01 21:46:15,409 [pool-207-thread-1] INFO  impl.RaftServerImpl (RaftServerImpl.java:setRole(170)) - dc8e1fa1-0742-4625-8bed-7dc210043178@group-2D3AFA3CB3B2: changes role from      null to FOLLOWER at term 0 for startAsFollower
2019-10-01 21:46:15,409 [pool-227-thread-1] INFO  impl.RoleInfo (RoleInfo.java:updateAndGet(143)) - a6f2d0e5-b69b-4893-b0e1-e493defe37eb: start FollowerState
2019-10-01 21:46:15,409 [pool-207-thread-1] INFO  impl.RoleInfo (RoleInfo.java:updateAndGet(143)) - dc8e1fa1-0742-4625-8bed-7dc210043178: start FollowerState
2019-10-01 21:46:15,409 [pool-227-thread-1] INFO  util.JmxRegister (JmxRegister.java:tryRegister(44)) - Successfully registered JMX Bean with object name Ratis:service=RaftServer,group=group-2D3AFA3CB3B2,id=a6f2d0e5-b69b-4893-b0e1-e493defe37eb
2019-10-01 21:46:15,409 [pool-207-thread-1] INFO  util.JmxRegister (JmxRegister.java:tryRegister(44)) - Successfully registered JMX Bean with object name Ratis:service=RaftServer,group=group-2D3AFA3CB3B2,id=dc8e1fa1-0742-4625-8bed-7dc210043178
2019-10-01 21:46:15,414 [IPC Server handler 0 on 44122] INFO  net.NetworkTopology (NetworkTopologyImpl.java:add(111)) - Added a new node: /default-rack/ef59291a-b883-4843-8937-a6a715cac87d
2019-10-01 21:46:15,414 [IPC Server handler 0 on 44122] INFO  node.SCMNodeManager (SCMNodeManager.java:register(266)) - Registered Data node : ef59291a-b883-4843-8937-a6a715cac87d{ip: 192.168.157.248, host: pr-hdds-2225-v7c79-4183396186, networkLocation: /default-rack, certSerialId: null}
2019-10-01 21:46:15,421 [RatisPipelineUtilsThread] INFO  pipeline.PipelineStateManager (PipelineStateManager.java:addPipeline(56)) - Created pipeline Pipeline[ Id: 34d945b3-3e16-4f87-b25a-2d3afa3cb3b2, Nodes: a6f2d0e5-b69b-4893-b0e1-e493defe37eb{ip: 192.168.157.248, host: pr-hdds-2225-v7c79-4183396186, networkLocation: /default-rack, certSerialId: null}dc8e1fa1-0742-4625-8bed-7dc210043178{ip: 192.168.157.248, host: pr-hdds-2225-v7c79-4183396186, networkLocation: /default-rack, certSerialId: null}4fe98e1f-8e79-4cc8-ad7c-d8dcfa82ff1e{ip: 192.168.157.248, host: pr-hdds-2225-v7c79-4183396186, networkLocation: /default-rack, certSerialId: null}, Type:RATIS, Factor:THREE, State:OPEN]
2019-10-01 21:46:15,451 [grpc-default-executor-3] INFO  impl.RaftServerProxy (RaftServerProxy.java:addNew(89)) - 115b1da9-a9c1-442b-a02d-91833fdf26c6: addNew group-2955C8BDC7F0:[115b1da9-a9c1-442b-a02d-91833fdf26c6:192.168.157.248:40674, ef59291a-b883-4843-8937-a6a715cac87d:192.168.157.248:40069, 9a8983bb-97da-4580-ae0e-7f38e0c486d3:192.168.157.248:40048] returns group-2955C8BDC7F0:java.util.concurrent.CompletableFuture@12c82f34[Not completed]
2019-10-01 21:46:15,451 [grpc-default-executor-2] INFO  impl.RaftServerProxy (RaftServerProxy.java:addNew(89)) - 9a8983bb-97da-4580-ae0e-7f38e0c486d3: addNew group-2955C8BDC7F0:[115b1da9-a9c1-442b-a02d-91833fdf26c6:192.168.157.248:40674, ef59291a-b883-4843-8937-a6a715cac87d:192.168.157.248:40069, 9a8983bb-97da-4580-ae0e-7f38e0c486d3:192.168.157.248:40048] returns group-2955C8BDC7F0:java.util.concurrent.CompletableFuture@23cf4195[Not completed]
2019-10-01 21:46:15,453 [grpc-default-executor-0] INFO  impl.RaftServerProxy (RaftServerProxy.java:addNew(89)) - ef59291a-b883-4843-8937-a6a715cac87d: addNew group-2955C8BDC7F0:[115b1da9-a9c1-442b-a02d-91833fdf26c6:192.168.157.248:40674, ef59291a-b883-4843-8937-a6a715cac87d:192.168.157.248:40069, 9a8983bb-97da-4580-ae0e-7f38e0c486d3:192.168.157.248:40048] returns group-2955C8BDC7F0:java.util.concurrent.CompletableFuture@48da5399[Not completed]
2019-10-01 21:46:15,454 [pool-257-thread-1] INFO  impl.RaftServerImpl (RaftServerImpl.java:<init>(95)) - ef59291a-b883-4843-8937-a6a715cac87d: new RaftServerImpl for group-2955C8BDC7F0:[115b1da9-a9c1-442b-a02d-91833fdf26c6:192.168.157.248:40674, ef59291a-b883-4843-8937-a6a715cac87d:192.168.157.248:40069, 9a8983bb-97da-4580-ae0e-7f38e0c486d3:192.168.157.248:40048] with ContainerStateMachine:uninitialized
2019-10-01 21:46:15,455 [pool-257-thread-1] INFO  server.RaftServerConfigKeys (ConfUtils.java:logGet(43)) - raft.server.rpc.timeout.min = 5s (custom)
2019-10-01 21:46:15,455 [pool-257-thread-1] INFO  server.RaftServerConfigKeys (ConfUtils.java:logGet(43)) - raft.server.rpc.timeout.max = 5200ms (custom)
2019-10-01 21:46:15,455 [pool-257-thread-1] INFO  server.RaftServerConfigKeys (ConfUtils.java:logGet(43)) - raft.server.rpcslowness.timeout = 120s (custom)
2019-10-01 21:46:15,455 [pool-257-thread-1] INFO  server.RaftServerConfigKeys (ConfUtils.java:logGet(43)) - raft.server.sleep.deviation.threshold = 300 (default)
2019-10-01 21:46:15,455 [pool-257-thread-1] INFO  server.RaftServerConfigKeys (ConfUtils.java:logGet(43)) - raft.server.log.appender.install.snapshot.enabled = false (custom)
2019-10-01 21:46:15,455 [pool-257-thread-1] INFO  impl.RaftServerImpl (ServerState.java:<init>(103)) - ef59291a-b883-4843-8937-a6a715cac87d@group-2955C8BDC7F0: ConfigurationManager, init=-1: [115b1da9-a9c1-442b-a02d-91833fdf26c6:192.168.157.248:40674, ef59291a-b883-4843-8937-a6a715cac87d:192.168.157.248:40069, 9a8983bb-97da-4580-ae0e-7f38e0c486d3:192.168.157.248:40048], old=null, confs=<EMPTY_MAP>
2019-10-01 21:46:15,455 [pool-257-thread-1] INFO  server.RaftServerConfigKeys (ConfUtils.java:logGet(43)) - raft.server.storage.dir = [/workdir/hadoop-ozone/integration-test/target/test-dir/MiniOzoneClusterImpl-7b6a5651-b981-441c-ae9d-bfe7df6634f9/datanode-5/data/ratis] (custom)
2019-10-01 21:46:15,455 [pool-257-thread-1] INFO  server.RaftServerConfigKeys (ConfUtils.java:logGet(43)) - raft.server.log.corruption.policy = EXCEPTION (default)
2019-10-01 21:46:15,456 [pool-247-thread-1] INFO  impl.RaftServerImpl (RaftServerImpl.java:<init>(95)) - 9a8983bb-97da-4580-ae0e-7f38e0c486d3: new RaftServerImpl for group-2955C8BDC7F0:[115b1da9-a9c1-442b-a02d-91833fdf26c6:192.168.157.248:40674, ef59291a-b883-4843-8937-a6a715cac87d:192.168.157.248:40069, 9a8983bb-97da-4580-ae0e-7f38e0c486d3:192.168.157.248:40048] with ContainerStateMachine:uninitialized
2019-10-01 21:46:15,456 [pool-257-thread-1] INFO  storage.RaftStorageDirectory (RaftStorageDirectory.java:analyzeStorage(246)) - The storage directory /workdir/hadoop-ozone/integration-test/target/test-dir/MiniOzoneClusterImpl-7b6a5651-b981-441c-ae9d-bfe7df6634f9/datanode-5/data/ratis/ef74f3b4-6b24-4080-8926-2955c8bdc7f0 does not exist. Creating ...
2019-10-01 21:46:15,456 [pool-247-thread-1] INFO  server.RaftServerConfigKeys (ConfUtils.java:logGet(43)) - raft.server.rpc.timeout.min = 5s (custom)
2019-10-01 21:46:15,456 [pool-217-thread-1] INFO  impl.RaftServerImpl (RaftServerImpl.java:<init>(95)) - 115b1da9-a9c1-442b-a02d-91833fdf26c6: new RaftServerImpl for group-2955C8BDC7F0:[115b1da9-a9c1-442b-a02d-91833fdf26c6:192.168.157.248:40674, ef59291a-b883-4843-8937-a6a715cac87d:192.168.157.248:40069, 9a8983bb-97da-4580-ae0e-7f38e0c486d3:192.168.157.248:40048] with ContainerStateMachine:uninitialized
2019-10-01 21:46:15,456 [pool-247-thread-1] INFO  server.RaftServerConfigKeys (ConfUtils.java:logGet(43)) - raft.server.rpc.timeout.max = 5200ms (custom)
2019-10-01 21:46:15,456 [pool-217-thread-1] INFO  server.RaftServerConfigKeys (ConfUtils.java:logGet(43)) - raft.server.rpc.timeout.min = 5s (custom)
2019-10-01 21:46:15,456 [pool-247-thread-1] INFO  server.RaftServerConfigKeys (ConfUtils.java:logGet(43)) - raft.server.rpcslowness.timeout = 120s (custom)
2019-10-01 21:46:15,456 [pool-217-thread-1] INFO  server.RaftServerConfigKeys (ConfUtils.java:logGet(43)) - raft.server.rpc.timeout.max = 5200ms (custom)
2019-10-01 21:46:15,456 [pool-247-thread-1] INFO  server.RaftServerConfigKeys (ConfUtils.java:logGet(43)) - raft.server.sleep.deviation.threshold = 300 (default)
2019-10-01 21:46:15,457 [pool-217-thread-1] INFO  server.RaftServerConfigKeys (ConfUtils.java:logGet(43)) - raft.server.rpcslowness.timeout = 120s (custom)
2019-10-01 21:46:15,457 [pool-247-thread-1] INFO  server.RaftServerConfigKeys (ConfUtils.java:logGet(43)) - raft.server.log.appender.install.snapshot.enabled = false (custom)
2019-10-01 21:46:15,457 [pool-217-thread-1] INFO  server.RaftServerConfigKeys (ConfUtils.java:logGet(43)) - raft.server.sleep.deviation.threshold = 300 (default)
2019-10-01 21:46:15,457 [pool-247-thread-1] INFO  impl.RaftServerImpl (ServerState.java:<init>(103)) - 9a8983bb-97da-4580-ae0e-7f38e0c486d3@group-2955C8BDC7F0: ConfigurationManager, init=-1: [115b1da9-a9c1-442b-a02d-91833fdf26c6:192.168.157.248:40674, ef59291a-b883-4843-8937-a6a715cac87d:192.168.157.248:40069, 9a8983bb-97da-4580-ae0e-7f38e0c486d3:192.168.157.248:40048], old=null, confs=<EMPTY_MAP>
2019-10-01 21:46:15,457 [pool-217-thread-1] INFO  server.RaftServerConfigKeys (ConfUtils.java:logGet(43)) - raft.server.log.appender.install.snapshot.enabled = false (custom)
2019-10-01 21:46:15,457 [pool-247-thread-1] INFO  server.RaftServerConfigKeys (ConfUtils.java:logGet(43)) - raft.server.storage.dir = [/workdir/hadoop-ozone/integration-test/target/test-dir/MiniOzoneClusterImpl-7b6a5651-b981-441c-ae9d-bfe7df6634f9/datanode-4/data/ratis] (custom)
2019-10-01 21:46:15,457 [pool-217-thread-1] INFO  impl.RaftServerImpl (ServerState.java:<init>(103)) - 115b1da9-a9c1-442b-a02d-91833fdf26c6@group-2955C8BDC7F0: ConfigurationManager, init=-1: [115b1da9-a9c1-442b-a02d-91833fdf26c6:192.168.157.248:40674, ef59291a-b883-4843-8937-a6a715cac87d:192.168.157.248:40069, 9a8983bb-97da-4580-ae0e-7f38e0c486d3:192.168.157.248:40048], old=null, confs=<EMPTY_MAP>
2019-10-01 21:46:15,457 [pool-217-thread-1] INFO  server.RaftServerConfigKeys (ConfUtils.java:logGet(43)) - raft.server.storage.dir = [/workdir/hadoop-ozone/integration-test/target/test-dir/MiniOzoneClusterImpl-7b6a5651-b981-441c-ae9d-bfe7df6634f9/datanode-1/data/ratis] (custom)
2019-10-01 21:46:15,457 [pool-247-thread-1] INFO  server.RaftServerConfigKeys (ConfUtils.java:logGet(43)) - raft.server.log.corruption.policy = EXCEPTION (default)
2019-10-01 21:46:15,458 [pool-217-thread-1] INFO  server.RaftServerConfigKeys (ConfUtils.java:logGet(43)) - raft.server.log.corruption.policy = EXCEPTION (default)
2019-10-01 21:46:15,458 [pool-247-thread-1] INFO  storage.RaftStorageDirectory (RaftStorageDirectory.java:analyzeStorage(246)) - The storage directory /workdir/hadoop-ozone/integration-test/target/test-dir/MiniOzoneClusterImpl-7b6a5651-b981-441c-ae9d-bfe7df6634f9/datanode-4/data/ratis/ef74f3b4-6b24-4080-8926-2955c8bdc7f0 does not exist. Creating ...
2019-10-01 21:46:15,458 [pool-217-thread-1] INFO  storage.RaftStorageDirectory (RaftStorageDirectory.java:analyzeStorage(246)) - The storage directory /workdir/hadoop-ozone/integration-test/target/test-dir/MiniOzoneClusterImpl-7b6a5651-b981-441c-ae9d-bfe7df6634f9/datanode-1/data/ratis/ef74f3b4-6b24-4080-8926-2955c8bdc7f0 does not exist. Creating ...
2019-10-01 21:46:15,473 [IPC Server handler 1 on 44122] INFO  net.NetworkTopology (NetworkTopologyImpl.java:add(111)) - Added a new node: /default-rack/80033017-1aba-45d4-a05d-12259020a4c3
2019-10-01 21:46:15,474 [IPC Server handler 1 on 44122] INFO  node.SCMNodeManager (SCMNodeManager.java:register(266)) - Registered Data node : 80033017-1aba-45d4-a05d-12259020a4c3{ip: 192.168.157.248, host: pr-hdds-2225-v7c79-4183396186, networkLocation: /default-rack, certSerialId: null}
2019-10-01 21:46:15,474 [main] INFO  ozone.MiniOzoneClusterImpl (MiniOzoneClusterImpl.java:lambda$waitForClusterToBeReady$0(147)) - Cluster is ready. Got 7 of 7 DN Heartbeats.
2019-10-01 21:46:15,481 [pool-247-thread-1] INFO  storage.RaftStorageDirectory (RaftStorageDirectory.java:tryLock(328)) - Lock on /workdir/hadoop-ozone/integration-test/target/test-dir/MiniOzoneClusterImpl-7b6a5651-b981-441c-ae9d-bfe7df6634f9/datanode-4/data/ratis/ef74f3b4-6b24-4080-8926-2955c8bdc7f0/in_use.lock acquired by nodename 4401@pr-hdds-2225-v7c79-4183396186
2019-10-01 21:46:15,481 [pool-217-thread-1] INFO  storage.RaftStorageDirectory (RaftStorageDirectory.java:tryLock(328)) - Lock on /workdir/hadoop-ozone/integration-test/target/test-dir/MiniOzoneClusterImpl-7b6a5651-b981-441c-ae9d-bfe7df6634f9/datanode-1/data/ratis/ef74f3b4-6b24-4080-8926-2955c8bdc7f0/in_use.lock acquired by nodename 4401@pr-hdds-2225-v7c79-4183396186
2019-10-01 21:46:15,481 [pool-257-thread-1] INFO  storage.RaftStorageDirectory (RaftStorageDirectory.java:tryLock(328)) - Lock on /workdir/hadoop-ozone/integration-test/target/test-dir/MiniOzoneClusterImpl-7b6a5651-b981-441c-ae9d-bfe7df6634f9/datanode-5/data/ratis/ef74f3b4-6b24-4080-8926-2955c8bdc7f0/in_use.lock acquired by nodename 4401@pr-hdds-2225-v7c79-4183396186
2019-10-01 21:46:15,504 [pool-217-thread-1] INFO  storage.RaftStorage (RaftStorage.java:format(84)) - Storage directory /workdir/hadoop-ozone/integration-test/target/test-dir/MiniOzoneClusterImpl-7b6a5651-b981-441c-ae9d-bfe7df6634f9/datanode-1/data/ratis/ef74f3b4-6b24-4080-8926-2955c8bdc7f0 has been successfully formatted.
2019-10-01 21:46:15,504 [pool-257-thread-1] INFO  storage.RaftStorage (RaftStorage.java:format(84)) - Storage directory /workdir/hadoop-ozone/integration-test/target/test-dir/MiniOzoneClusterImpl-7b6a5651-b981-441c-ae9d-bfe7df6634f9/datanode-5/data/ratis/ef74f3b4-6b24-4080-8926-2955c8bdc7f0 has been successfully formatted.
2019-10-01 21:46:15,506 [pool-217-thread-1] INFO  ratis.ContainerStateMachine (ContainerStateMachine.java:loadSnapshot(230)) - group-2955C8BDC7F0: The snapshot info is null. Setting the last applied indexto:(t:0, i:~)
2019-10-01 21:46:15,504 [pool-247-thread-1] INFO  storage.RaftStorage (RaftStorage.java:format(84)) - Storage directory /workdir/hadoop-ozone/integration-test/target/test-dir/MiniOzoneClusterImpl-7b6a5651-b981-441c-ae9d-bfe7df6634f9/datanode-4/data/ratis/ef74f3b4-6b24-4080-8926-2955c8bdc7f0 has been successfully formatted.
2019-10-01 21:46:15,506 [pool-217-thread-1] INFO  server.RaftServerConfigKeys (ConfUtils.java:logGet(43)) - raft.server.notification.no-leader.timeout = 120s (custom)
2019-10-01 21:46:15,507 [pool-247-thread-1] INFO  ratis.ContainerStateMachine (ContainerStateMachine.java:loadSnapshot(230)) - group-2955C8BDC7F0: The snapshot info is null. Setting the last applied indexto:(t:0, i:~)
2019-10-01 21:46:15,507 [pool-257-thread-1] INFO  ratis.ContainerStateMachine (ContainerStateMachine.java:loadSnapshot(230)) - group-2955C8BDC7F0: The snapshot info is null. Setting the last applied indexto:(t:0, i:~)
2019-10-01 21:46:15,510 [pool-247-thread-1] INFO  server.RaftServerConfigKeys (ConfUtils.java:logGet(43)) - raft.server.notification.no-leader.timeout = 120s (custom)
2019-10-01 21:46:15,511 [pool-247-thread-1] INFO  server.RaftServerConfigKeys (ConfUtils.java:logGet(43)) - raft.server.log.use.memory = false (default)
2019-10-01 21:46:15,507 [pool-217-thread-1] INFO  server.RaftServerConfigKeys (ConfUtils.java:logGet(43)) - raft.server.log.use.memory = false (default)
2019-10-01 21:46:15,511 [pool-247-thread-1] INFO  server.RaftServerConfigKeys (ConfUtils.java:logGet(43)) - raft.server.log.purge.gap = 1000000 (custom)
2019-10-01 21:46:15,510 [pool-257-thread-1] INFO  server.RaftServerConfigKeys (ConfUtils.java:logGet(43)) - raft.server.notification.no-leader.timeout = 120s (custom)
2019-10-01 21:46:15,511 [pool-247-thread-1] INFO  server.RaftServerConfigKeys (ConfUtils.java:logGet(43)) - raft.server.log.appender.buffer.byte-limit = 33554432 (custom)
2019-10-01 21:46:15,511 [pool-247-thread-1] INFO  server.RaftServerConfigKeys (ConfUtils.java:logGet(43)) - raft.server.log.segment.size.max = 1048576 (custom)
2019-10-01 21:46:15,511 [pool-217-thread-1] INFO  server.RaftServerConfigKeys (ConfUtils.java:logGet(43)) - raft.server.log.purge.gap = 1000000 (custom)
2019-10-01 21:46:15,511 [main] INFO  rpc.RpcClient (RpcClient.java:createVolume(276)) - Creating Volume: watchforcommithandlingtest, with jenkins1000 as owner.
2019-10-01 21:46:15,511 [pool-257-thread-1] INFO  server.RaftServerConfigKeys (ConfUtils.java:logGet(43)) - raft.server.log.use.memory = false (default)
2019-10-01 21:46:15,511 [pool-217-thread-1] INFO  server.RaftServerConfigKeys (ConfUtils.java:logGet(43)) - raft.server.log.appender.buffer.byte-limit = 33554432 (custom)
2019-10-01 21:46:15,512 [pool-257-thread-1] INFO  server.RaftServerConfigKeys (ConfUtils.java:logGet(43)) - raft.server.log.purge.gap = 1000000 (custom)
2019-10-01 21:46:15,512 [pool-217-thread-1] INFO  server.RaftServerConfigKeys (ConfUtils.java:logGet(43)) - raft.server.log.segment.size.max = 1048576 (custom)
2019-10-01 21:46:15,512 [pool-257-thread-1] INFO  server.RaftServerConfigKeys (ConfUtils.java:logGet(43)) - raft.server.log.appender.buffer.byte-limit = 33554432 (custom)
2019-10-01 21:46:15,512 [pool-217-thread-1] INFO  server.RaftServerConfigKeys (ConfUtils.java:logGet(43)) - raft.server.log.segment.cache.num.max = 2 (custom)
2019-10-01 21:46:15,512 [pool-257-thread-1] INFO  server.RaftServerConfigKeys (ConfUtils.java:logGet(43)) - raft.server.log.segment.size.max = 1048576 (custom)
2019-10-01 21:46:15,513 [pool-217-thread-1] INFO  segmented.SegmentedRaftLogWorker (SegmentedRaftLogWorker.java:<init>(173)) - new 115b1da9-a9c1-442b-a02d-91833fdf26c6@group-2955C8BDC7F0-SegmentedRaftLogWorker for RaftStorage:Storage Directory /workdir/hadoop-ozone/integration-test/target/test-dir/MiniOzoneClusterImpl-7b6a5651-b981-441c-ae9d-bfe7df6634f9/datanode-1/data/ratis/ef74f3b4-6b24-4080-8926-2955c8bdc7f0
2019-10-01 21:46:15,513 [pool-217-thread-1] INFO  server.RaftServerConfigKeys (ConfUtils.java:logGet(43)) - raft.server.log.queue.byte-limit = 2147483647 (custom)
2019-10-01 21:46:15,513 [pool-217-thread-1] INFO  server.RaftServerConfigKeys (ConfUtils.java:logGet(43)) - raft.server.log.queue.element-limit = 1024 (custom)
2019-10-01 21:46:15,513 [pool-217-thread-1] INFO  server.RaftServerConfigKeys (ConfUtils.java:logGet(43)) - raft.server.log.segment.size.max = 1048576 (custom)
2019-10-01 21:46:15,513 [pool-247-thread-1] INFO  server.RaftServerConfigKeys (ConfUtils.java:logGet(43)) - raft.server.log.segment.cache.num.max = 2 (custom)
2019-10-01 21:46:15,513 [pool-217-thread-1] INFO  server.RaftServerConfigKeys (ConfUtils.java:logGet(43)) - raft.server.log.preallocated.size = 16384 (custom)
2019-10-01 21:46:15,513 [pool-247-thread-1] INFO  segmented.SegmentedRaftLogWorker (SegmentedRaftLogWorker.java:<init>(173)) - new 9a8983bb-97da-4580-ae0e-7f38e0c486d3@group-2955C8BDC7F0-SegmentedRaftLogWorker for RaftStorage:Storage Directory /workdir/hadoop-ozone/integration-test/target/test-dir/MiniOzoneClusterImpl-7b6a5651-b981-441c-ae9d-bfe7df6634f9/datanode-4/data/ratis/ef74f3b4-6b24-4080-8926-2955c8bdc7f0
2019-10-01 21:46:15,513 [pool-217-thread-1] INFO  server.RaftServerConfigKeys (ConfUtils.java:logGet(43)) - raft.server.log.write.buffer.size = 33554432 (custom)
2019-10-01 21:46:15,513 [pool-247-thread-1] INFO  server.RaftServerConfigKeys (ConfUtils.java:logGet(43)) - raft.server.log.queue.byte-limit = 2147483647 (custom)
2019-10-01 21:46:15,514 [pool-217-thread-1] INFO  server.RaftServerConfigKeys (ConfUtils.java:logGet(43)) - raft.server.log.force.sync.num = 128 (default)
2019-10-01 21:46:15,514 [pool-247-thread-1] INFO  server.RaftServerConfigKeys (ConfUtils.java:logGet(43)) - raft.server.log.queue.element-limit = 1024 (custom)
2019-10-01 21:46:15,514 [pool-217-thread-1] INFO  server.RaftServerConfigKeys (ConfUtils.java:logGet(43)) - raft.server.log.statemachine.data.sync = true (default)
2019-10-01 21:46:15,514 [pool-247-thread-1] INFO  server.RaftServerConfigKeys (ConfUtils.java:logGet(43)) - raft.server.log.segment.size.max = 1048576 (custom)
2019-10-01 21:46:15,514 [pool-217-thread-1] INFO  server.RaftServerConfigKeys (ConfUtils.java:logGet(43)) - raft.server.log.statemachine.data.sync.timeout = 10s (default)
2019-10-01 21:46:15,514 [pool-247-thread-1] INFO  server.RaftServerConfigKeys (ConfUtils.java:logGet(43)) - raft.server.log.preallocated.size = 16384 (custom)
2019-10-01 21:46:15,514 [pool-217-thread-1] INFO  server.RaftServerConfigKeys (ConfUtils.java:logGet(43)) - raft.server.log.statemachine.data.sync.timeout.retry = -1 (default)
2019-10-01 21:46:15,514 [IPC Server handler 1 on 42212] INFO  volume.OMVolumeCreateRequest (OMVolumeCreateRequest.java:validateAndUpdateCache(194)) - created volume:watchforcommithandlingtest for user:jenkins1000
2019-10-01 21:46:15,516 [pool-217-thread-1] INFO  server.RaftServerConfigKeys (ConfUtils.java:logGet(43)) - raft.server.log.statemachine.data.caching.enabled = true (custom)
2019-10-01 21:46:15,516 [pool-247-thread-1] INFO  server.RaftServerConfigKeys (ConfUtils.java:logGet(43)) - raft.server.log.write.buffer.size = 33554432 (custom)
2019-10-01 21:46:15,517 [pool-257-thread-1] INFO  server.RaftServerConfigKeys (ConfUtils.java:logGet(43)) - raft.server.log.segment.cache.num.max = 2 (custom)
2019-10-01 21:46:15,517 [pool-217-thread-1] INFO  segmented.SegmentedRaftLogWorker (SegmentedRaftLogWorker.java:lambda$new$0(128)) - 115b1da9-a9c1-442b-a02d-91833fdf26c6@group-2955C8BDC7F0-SegmentedRaftLogWorker: flushIndex: setUnconditionally 0 -> -1
2019-10-01 21:46:15,517 [pool-247-thread-1] INFO  server.RaftServerConfigKeys (ConfUtils.java:logGet(43)) - raft.server.log.force.sync.num = 128 (default)
2019-10-01 21:46:15,517 [pool-217-thread-1] INFO  server.RaftServerConfigKeys (ConfUtils.java:logGet(43)) - raft.server.snapshot.auto.trigger.enabled = true (custom)
2019-10-01 21:46:15,517 [pool-217-thread-1] INFO  server.RaftServerConfigKeys (ConfUtils.java:logGet(43)) - raft.server.snapshot.auto.trigger.threshold = 10000 (custom)
2019-10-01 21:46:15,517 [pool-257-thread-1] INFO  segmented.SegmentedRaftLogWorker (SegmentedRaftLogWorker.java:<init>(173)) - new ef59291a-b883-4843-8937-a6a715cac87d@group-2955C8BDC7F0-SegmentedRaftLogWorker for RaftStorage:Storage Directory /workdir/hadoop-ozone/integration-test/target/test-dir/MiniOzoneClusterImpl-7b6a5651-b981-441c-ae9d-bfe7df6634f9/datanode-5/data/ratis/ef74f3b4-6b24-4080-8926-2955c8bdc7f0
2019-10-01 21:46:15,517 [pool-217-thread-1] INFO  server.RaftServerConfigKeys (ConfUtils.java:logGet(43)) - raft.server.snapshot.retention.file.num = 5 (custom)
2019-10-01 21:46:15,517 [pool-247-thread-1] INFO  server.RaftServerConfigKeys (ConfUtils.java:logGet(43)) - raft.server.log.statemachine.data.sync = true (default)
2019-10-01 21:46:15,518 [pool-217-thread-1] INFO  server.RaftServerConfigKeys (ConfUtils.java:logGet(43)) - raft.server.retrycache.expirytime = 600000ms (custom)
2019-10-01 21:46:15,518 [pool-257-thread-1] INFO  server.RaftServerConfigKeys (ConfUtils.java:logGet(43)) - raft.server.log.queue.byte-limit = 2147483647 (custom)
2019-10-01 21:46:15,518 [pool-247-thread-1] INFO  server.RaftServerConfigKeys (ConfUtils.java:logGet(43)) - raft.server.log.statemachine.data.sync.timeout = 10s (default)
2019-10-01 21:46:15,518 [pool-257-thread-1] INFO  server.RaftServerConfigKeys (ConfUtils.java:logGet(43)) - raft.server.log.queue.element-limit = 1024 (custom)
2019-10-01 21:46:15,518 [pool-247-thread-1] INFO  server.RaftServerConfigKeys (ConfUtils.java:logGet(43)) - raft.server.log.statemachine.data.sync.timeout.retry = -1 (default)
2019-10-01 21:46:15,519 [pool-257-thread-1] INFO  server.RaftServerConfigKeys (ConfUtils.java:logGet(43)) - raft.server.log.segment.size.max = 1048576 (custom)
2019-10-01 21:46:15,519 [pool-257-thread-1] INFO  server.RaftServerConfigKeys (ConfUtils.java:logGet(43)) - raft.server.log.preallocated.size = 16384 (custom)
2019-10-01 21:46:15,519 [pool-247-thread-1] INFO  server.RaftServerConfigKeys (ConfUtils.java:logGet(43)) - raft.server.log.statemachine.data.caching.enabled = true (custom)
2019-10-01 21:46:15,519 [pool-257-thread-1] INFO  server.RaftServerConfigKeys (ConfUtils.java:logGet(43)) - raft.server.log.write.buffer.size = 33554432 (custom)
2019-10-01 21:46:15,519 [pool-247-thread-1] INFO  segmented.SegmentedRaftLogWorker (SegmentedRaftLogWorker.java:lambda$new$0(128)) - 9a8983bb-97da-4580-ae0e-7f38e0c486d3@group-2955C8BDC7F0-SegmentedRaftLogWorker: flushIndex: setUnconditionally 0 -> -1
2019-10-01 21:46:15,519 [pool-257-thread-1] INFO  server.RaftServerConfigKeys (ConfUtils.java:logGet(43)) - raft.server.log.force.sync.num = 128 (default)
2019-10-01 21:46:15,520 [pool-247-thread-1] INFO  server.RaftServerConfigKeys (ConfUtils.java:logGet(43)) - raft.server.snapshot.auto.trigger.enabled = true (custom)
2019-10-01 21:46:15,519 [pool-217-thread-1] INFO  impl.RaftServerImpl (RaftServerImpl.java:start(181)) - 115b1da9-a9c1-442b-a02d-91833fdf26c6@group-2955C8BDC7F0: start as a follower, conf=-1: [115b1da9-a9c1-442b-a02d-91833fdf26c6:192.168.157.248:40674, ef59291a-b883-4843-8937-a6a715cac87d:192.168.157.248:40069, 9a8983bb-97da-4580-ae0e-7f38e0c486d3:192.168.157.248:40048], old=null
2019-10-01 21:46:15,520 [pool-247-thread-1] INFO  server.RaftServerConfigKeys (ConfUtils.java:logGet(43)) - raft.server.snapshot.auto.trigger.threshold = 10000 (custom)
2019-10-01 21:46:15,520 [pool-247-thread-1] INFO  server.RaftServerConfigKeys (ConfUtils.java:logGet(43)) - raft.server.snapshot.retention.file.num = 5 (custom)
2019-10-01 21:46:15,520 [pool-257-thread-1] INFO  server.RaftServerConfigKeys (ConfUtils.java:logGet(43)) - raft.server.log.statemachine.data.sync = true (default)
2019-10-01 21:46:15,520 [pool-247-thread-1] INFO  server.RaftServerConfigKeys (ConfUtils.java:logGet(43)) - raft.server.retrycache.expirytime = 600000ms (custom)
2019-10-01 21:46:15,520 [pool-217-thread-1] INFO  impl.RaftServerImpl (RaftServerImpl.java:setRole(170)) - 115b1da9-a9c1-442b-a02d-91833fdf26c6@group-2955C8BDC7F0: changes role from      null to FOLLOWER at term 0 for startAsFollower
2019-10-01 21:46:15,520 [pool-257-thread-1] INFO  server.RaftServerConfigKeys (ConfUtils.java:logGet(43)) - raft.server.log.statemachine.data.sync.timeout = 10s (default)
2019-10-01 21:46:15,520 [pool-217-thread-1] INFO  impl.RoleInfo (RoleInfo.java:updateAndGet(143)) - 115b1da9-a9c1-442b-a02d-91833fdf26c6: start FollowerState
2019-10-01 21:46:15,521 [pool-257-thread-1] INFO  server.RaftServerConfigKeys (ConfUtils.java:logGet(43)) - raft.server.log.statemachine.data.sync.timeout.retry = -1 (default)
2019-10-01 21:46:15,521 [pool-217-thread-1] INFO  util.JmxRegister (JmxRegister.java:tryRegister(44)) - Successfully registered JMX Bean with object name Ratis:service=RaftServer,group=group-2955C8BDC7F0,id=115b1da9-a9c1-442b-a02d-91833fdf26c6
2019-10-01 21:46:15,521 [pool-257-thread-1] INFO  server.RaftServerConfigKeys (ConfUtils.java:logGet(43)) - raft.server.log.statemachine.data.caching.enabled = true (custom)
2019-10-01 21:46:15,522 [pool-257-thread-1] INFO  segmented.SegmentedRaftLogWorker (SegmentedRaftLogWorker.java:lambda$new$0(128)) - ef59291a-b883-4843-8937-a6a715cac87d@group-2955C8BDC7F0-SegmentedRaftLogWorker: flushIndex: setUnconditionally 0 -> -1
2019-10-01 21:46:15,522 [pool-257-thread-1] INFO  server.RaftServerConfigKeys (ConfUtils.java:logGet(43)) - raft.server.snapshot.auto.trigger.enabled = true (custom)
2019-10-01 21:46:15,522 [pool-257-thread-1] INFO  server.RaftServerConfigKeys (ConfUtils.java:logGet(43)) - raft.server.snapshot.auto.trigger.threshold = 10000 (custom)
2019-10-01 21:46:15,522 [pool-257-thread-1] INFO  server.RaftServerConfigKeys (ConfUtils.java:logGet(43)) - raft.server.snapshot.retention.file.num = 5 (custom)
2019-10-01 21:46:15,523 [pool-257-thread-1] INFO  server.RaftServerConfigKeys (ConfUtils.java:logGet(43)) - raft.server.retrycache.expirytime = 600000ms (custom)
2019-10-01 21:46:15,523 [pool-247-thread-1] INFO  impl.RaftServerImpl (RaftServerImpl.java:start(181)) - 9a8983bb-97da-4580-ae0e-7f38e0c486d3@group-2955C8BDC7F0: start as a follower, conf=-1: [115b1da9-a9c1-442b-a02d-91833fdf26c6:192.168.157.248:40674, ef59291a-b883-4843-8937-a6a715cac87d:192.168.157.248:40069, 9a8983bb-97da-4580-ae0e-7f38e0c486d3:192.168.157.248:40048], old=null
2019-10-01 21:46:15,523 [pool-247-thread-1] INFO  impl.RaftServerImpl (RaftServerImpl.java:setRole(170)) - 9a8983bb-97da-4580-ae0e-7f38e0c486d3@group-2955C8BDC7F0: changes role from      null to FOLLOWER at term 0 for startAsFollower
2019-10-01 21:46:15,523 [pool-247-thread-1] INFO  impl.RoleInfo (RoleInfo.java:updateAndGet(143)) - 9a8983bb-97da-4580-ae0e-7f38e0c486d3: start FollowerState
2019-10-01 21:46:15,524 [pool-247-thread-1] INFO  util.JmxRegister (JmxRegister.java:tryRegister(44)) - Successfully registered JMX Bean with object name Ratis:service=RaftServer,group=group-2955C8BDC7F0,id=9a8983bb-97da-4580-ae0e-7f38e0c486d3
2019-10-01 21:46:15,529 [pool-257-thread-1] INFO  impl.RaftServerImpl (RaftServerImpl.java:start(181)) - ef59291a-b883-4843-8937-a6a715cac87d@group-2955C8BDC7F0: start as a follower, conf=-1: [115b1da9-a9c1-442b-a02d-91833fdf26c6:192.168.157.248:40674, ef59291a-b883-4843-8937-a6a715cac87d:192.168.157.248:40069, 9a8983bb-97da-4580-ae0e-7f38e0c486d3:192.168.157.248:40048], old=null
2019-10-01 21:46:15,532 [pool-257-thread-1] INFO  impl.RaftServerImpl (RaftServerImpl.java:setRole(170)) - ef59291a-b883-4843-8937-a6a715cac87d@group-2955C8BDC7F0: changes role from      null to FOLLOWER at term 0 for startAsFollower
2019-10-01 21:46:15,532 [pool-257-thread-1] INFO  impl.RoleInfo (RoleInfo.java:updateAndGet(143)) - ef59291a-b883-4843-8937-a6a715cac87d: start FollowerState
2019-10-01 21:46:15,533 [pool-257-thread-1] INFO  util.JmxRegister (JmxRegister.java:tryRegister(44)) - Successfully registered JMX Bean with object name Ratis:service=RaftServer,group=group-2955C8BDC7F0,id=ef59291a-b883-4843-8937-a6a715cac87d
2019-10-01 21:46:15,545 [main] INFO  rpc.RpcClient (RpcClient.java:createBucket(415)) - Creating Bucket: watchforcommithandlingtest/watchforcommithandlingtest, with Versioning false and Storage Type set to DISK and Encryption set to false 
2019-10-01 21:46:15,551 [main] INFO  ozone.MiniOzoneClusterImpl (MiniOzoneClusterImpl.java:getStorageContainerLocationClient(234)) - Creating StorageContainerLocationProtocol RPC client with address /0.0.0.0:38914
2019-10-01 21:46:15,551 [RatisPipelineUtilsThread] INFO  pipeline.PipelineStateManager (PipelineStateManager.java:addPipeline(56)) - Created pipeline Pipeline[ Id: ef74f3b4-6b24-4080-8926-2955c8bdc7f0, Nodes: ef59291a-b883-4843-8937-a6a715cac87d{ip: 192.168.157.248, host: pr-hdds-2225-v7c79-4183396186, networkLocation: /default-rack, certSerialId: null}9a8983bb-97da-4580-ae0e-7f38e0c486d3{ip: 192.168.157.248, host: pr-hdds-2225-v7c79-4183396186, networkLocation: /default-rack, certSerialId: null}115b1da9-a9c1-442b-a02d-91833fdf26c6{ip: 192.168.157.248, host: pr-hdds-2225-v7c79-4183396186, networkLocation: /default-rack, certSerialId: null}, Type:RATIS, Factor:THREE, State:OPEN]
2019-10-01 21:46:15,560 [grpc-default-executor-0] INFO  impl.RaftServerProxy (RaftServerProxy.java:addNew(89)) - 80033017-1aba-45d4-a05d-12259020a4c3: addNew group-1722CE7FD290:[80033017-1aba-45d4-a05d-12259020a4c3:192.168.157.248:36978] returns group-1722CE7FD290:java.util.concurrent.CompletableFuture@fdcbc60[Not completed]
2019-10-01 21:46:15,561 [pool-267-thread-1] INFO  impl.RaftServerImpl (RaftServerImpl.java:<init>(95)) - 80033017-1aba-45d4-a05d-12259020a4c3: new RaftServerImpl for group-1722CE7FD290:[80033017-1aba-45d4-a05d-12259020a4c3:192.168.157.248:36978] with ContainerStateMachine:uninitialized
2019-10-01 21:46:15,563 [pool-267-thread-1] INFO  server.RaftServerConfigKeys (ConfUtils.java:logGet(43)) - raft.server.rpc.timeout.min = 5s (custom)
2019-10-01 21:46:15,563 [pool-267-thread-1] INFO  server.RaftServerConfigKeys (ConfUtils.java:logGet(43)) - raft.server.rpc.timeout.max = 5200ms (custom)
2019-10-01 21:46:15,563 [pool-267-thread-1] INFO  server.RaftServerConfigKeys (ConfUtils.java:logGet(43)) - raft.server.rpcslowness.timeout = 120s (custom)
2019-10-01 21:46:15,563 [pool-267-thread-1] INFO  server.RaftServerConfigKeys (ConfUtils.java:logGet(43)) - raft.server.sleep.deviation.threshold = 300 (default)
2019-10-01 21:46:15,563 [pool-267-thread-1] INFO  server.RaftServerConfigKeys (ConfUtils.java:logGet(43)) - raft.server.log.appender.install.snapshot.enabled = false (custom)
2019-10-01 21:46:15,563 [pool-267-thread-1] INFO  impl.RaftServerImpl (ServerState.java:<init>(103)) - 80033017-1aba-45d4-a05d-12259020a4c3@group-1722CE7FD290: ConfigurationManager, init=-1: [80033017-1aba-45d4-a05d-12259020a4c3:192.168.157.248:36978], old=null, confs=<EMPTY_MAP>
2019-10-01 21:46:15,563 [pool-267-thread-1] INFO  server.RaftServerConfigKeys (ConfUtils.java:logGet(43)) - raft.server.storage.dir = [/workdir/hadoop-ozone/integration-test/target/test-dir/MiniOzoneClusterImpl-7b6a5651-b981-441c-ae9d-bfe7df6634f9/datanode-6/data/ratis] (custom)
2019-10-01 21:46:15,564 [pool-267-thread-1] INFO  server.RaftServerConfigKeys (ConfUtils.java:logGet(43)) - raft.server.log.corruption.policy = EXCEPTION (default)
2019-10-01 21:46:15,564 [pool-267-thread-1] INFO  storage.RaftStorageDirectory (RaftStorageDirectory.java:analyzeStorage(246)) - The storage directory /workdir/hadoop-ozone/integration-test/target/test-dir/MiniOzoneClusterImpl-7b6a5651-b981-441c-ae9d-bfe7df6634f9/datanode-6/data/ratis/c1080be2-ea2c-4cca-afbc-1722ce7fd290 does not exist. Creating ...
2019-10-01 21:46:15,577 [pool-267-thread-1] INFO  storage.RaftStorageDirectory (RaftStorageDirectory.java:tryLock(328)) - Lock on /workdir/hadoop-ozone/integration-test/target/test-dir/MiniOzoneClusterImpl-7b6a5651-b981-441c-ae9d-bfe7df6634f9/datanode-6/data/ratis/c1080be2-ea2c-4cca-afbc-1722ce7fd290/in_use.lock acquired by nodename 4401@pr-hdds-2225-v7c79-4183396186
2019-10-01 21:46:15,589 [pool-267-thread-1] INFO  storage.RaftStorage (RaftStorage.java:format(84)) - Storage directory /workdir/hadoop-ozone/integration-test/target/test-dir/MiniOzoneClusterImpl-7b6a5651-b981-441c-ae9d-bfe7df6634f9/datanode-6/data/ratis/c1080be2-ea2c-4cca-afbc-1722ce7fd290 has been successfully formatted.
2019-10-01 21:46:15,589 [pool-267-thread-1] INFO  ratis.ContainerStateMachine (ContainerStateMachine.java:loadSnapshot(230)) - group-1722CE7FD290: The snapshot info is null. Setting the last applied indexto:(t:0, i:~)
2019-10-01 21:46:15,589 [pool-267-thread-1] INFO  server.RaftServerConfigKeys (ConfUtils.java:logGet(43)) - raft.server.notification.no-leader.timeout = 120s (custom)
2019-10-01 21:46:15,590 [pool-267-thread-1] INFO  server.RaftServerConfigKeys (ConfUtils.java:logGet(43)) - raft.server.log.use.memory = false (default)
2019-10-01 21:46:15,590 [pool-267-thread-1] INFO  server.RaftServerConfigKeys (ConfUtils.java:logGet(43)) - raft.server.log.purge.gap = 1000000 (custom)
2019-10-01 21:46:15,590 [pool-267-thread-1] INFO  server.RaftServerConfigKeys (ConfUtils.java:logGet(43)) - raft.server.log.appender.buffer.byte-limit = 33554432 (custom)
2019-10-01 21:46:15,590 [pool-267-thread-1] INFO  server.RaftServerConfigKeys (ConfUtils.java:logGet(43)) - raft.server.log.segment.size.max = 1048576 (custom)
2019-10-01 21:46:15,591 [pool-267-thread-1] INFO  server.RaftServerConfigKeys (ConfUtils.java:logGet(43)) - raft.server.log.segment.cache.num.max = 2 (custom)
2019-10-01 21:46:15,591 [pool-267-thread-1] INFO  segmented.SegmentedRaftLogWorker (SegmentedRaftLogWorker.java:<init>(173)) - new 80033017-1aba-45d4-a05d-12259020a4c3@group-1722CE7FD290-SegmentedRaftLogWorker for RaftStorage:Storage Directory /workdir/hadoop-ozone/integration-test/target/test-dir/MiniOzoneClusterImpl-7b6a5651-b981-441c-ae9d-bfe7df6634f9/datanode-6/data/ratis/c1080be2-ea2c-4cca-afbc-1722ce7fd290
2019-10-01 21:46:15,591 [pool-267-thread-1] INFO  server.RaftServerConfigKeys (ConfUtils.java:logGet(43)) - raft.server.log.queue.byte-limit = 2147483647 (custom)
2019-10-01 21:46:15,592 [pool-267-thread-1] INFO  server.RaftServerConfigKeys (ConfUtils.java:logGet(43)) - raft.server.log.queue.element-limit = 1024 (custom)
2019-10-01 21:46:15,592 [pool-267-thread-1] INFO  server.RaftServerConfigKeys (ConfUtils.java:logGet(43)) - raft.server.log.segment.size.max = 1048576 (custom)
2019-10-01 21:46:15,592 [pool-267-thread-1] INFO  server.RaftServerConfigKeys (ConfUtils.java:logGet(43)) - raft.server.log.preallocated.size = 16384 (custom)
2019-10-01 21:46:15,592 [pool-267-thread-1] INFO  server.RaftServerConfigKeys (ConfUtils.java:logGet(43)) - raft.server.log.write.buffer.size = 33554432 (custom)
2019-10-01 21:46:15,592 [pool-267-thread-1] INFO  server.RaftServerConfigKeys (ConfUtils.java:logGet(43)) - raft.server.log.force.sync.num = 128 (default)
2019-10-01 21:46:15,592 [pool-267-thread-1] INFO  server.RaftServerConfigKeys (ConfUtils.java:logGet(43)) - raft.server.log.statemachine.data.sync = true (default)
2019-10-01 21:46:15,592 [pool-267-thread-1] INFO  server.RaftServerConfigKeys (ConfUtils.java:logGet(43)) - raft.server.log.statemachine.data.sync.timeout = 10s (default)
2019-10-01 21:46:15,592 [pool-267-thread-1] INFO  server.RaftServerConfigKeys (ConfUtils.java:logGet(43)) - raft.server.log.statemachine.data.sync.timeout.retry = -1 (default)
2019-10-01 21:46:15,592 [pool-267-thread-1] INFO  server.RaftServerConfigKeys (ConfUtils.java:logGet(43)) - raft.server.log.statemachine.data.caching.enabled = true (custom)
2019-10-01 21:46:15,593 [pool-267-thread-1] INFO  segmented.SegmentedRaftLogWorker (SegmentedRaftLogWorker.java:lambda$new$0(128)) - 80033017-1aba-45d4-a05d-12259020a4c3@group-1722CE7FD290-SegmentedRaftLogWorker: flushIndex: setUnconditionally 0 -> -1
2019-10-01 21:46:15,593 [pool-267-thread-1] INFO  server.RaftServerConfigKeys (ConfUtils.java:logGet(43)) - raft.server.snapshot.auto.trigger.enabled = true (custom)
2019-10-01 21:46:15,593 [pool-267-thread-1] INFO  server.RaftServerConfigKeys (ConfUtils.java:logGet(43)) - raft.server.snapshot.auto.trigger.threshold = 10000 (custom)
2019-10-01 21:46:15,593 [pool-267-thread-1] INFO  server.RaftServerConfigKeys (ConfUtils.java:logGet(43)) - raft.server.snapshot.retention.file.num = 5 (custom)
2019-10-01 21:46:15,593 [pool-267-thread-1] INFO  server.RaftServerConfigKeys (ConfUtils.java:logGet(43)) - raft.server.retrycache.expirytime = 600000ms (custom)
2019-10-01 21:46:15,594 [pool-267-thread-1] INFO  impl.RaftServerImpl (RaftServerImpl.java:start(181)) - 80033017-1aba-45d4-a05d-12259020a4c3@group-1722CE7FD290: start as a follower, conf=-1: [80033017-1aba-45d4-a05d-12259020a4c3:192.168.157.248:36978], old=null
2019-10-01 21:46:15,594 [pool-267-thread-1] INFO  impl.RaftServerImpl (RaftServerImpl.java:setRole(170)) - 80033017-1aba-45d4-a05d-12259020a4c3@group-1722CE7FD290: changes role from      null to FOLLOWER at term 0 for startAsFollower
2019-10-01 21:46:15,595 [pool-267-thread-1] INFO  impl.RoleInfo (RoleInfo.java:updateAndGet(143)) - 80033017-1aba-45d4-a05d-12259020a4c3: start FollowerState
2019-10-01 21:46:15,595 [pool-267-thread-1] INFO  util.JmxRegister (JmxRegister.java:tryRegister(44)) - Successfully registered JMX Bean with object name Ratis:service=RaftServer,group=group-1722CE7FD290,id=80033017-1aba-45d4-a05d-12259020a4c3
2019-10-01 21:46:15,601 [RatisPipelineUtilsThread] INFO  pipeline.PipelineStateManager (PipelineStateManager.java:addPipeline(56)) - Created pipeline Pipeline[ Id: c1080be2-ea2c-4cca-afbc-1722ce7fd290, Nodes: 80033017-1aba-45d4-a05d-12259020a4c3{ip: 192.168.157.248, host: pr-hdds-2225-v7c79-4183396186, networkLocation: /default-rack, certSerialId: null}, Type:RATIS, Factor:ONE, State:OPEN]
2019-10-01 21:46:15,607 [grpc-default-executor-0] INFO  impl.RaftServerProxy (RaftServerProxy.java:addNew(89)) - ef59291a-b883-4843-8937-a6a715cac87d: addNew group-43DFC08946F1:[ef59291a-b883-4843-8937-a6a715cac87d:192.168.157.248:40069] returns group-43DFC08946F1:java.util.concurrent.CompletableFuture@5dc49e13[Not completed]
2019-10-01 21:46:15,608 [pool-257-thread-1] INFO  impl.RaftServerImpl (RaftServerImpl.java:<init>(95)) - ef59291a-b883-4843-8937-a6a715cac87d: new RaftServerImpl for group-43DFC08946F1:[ef59291a-b883-4843-8937-a6a715cac87d:192.168.157.248:40069] with ContainerStateMachine:uninitialized
2019-10-01 21:46:15,608 [pool-257-thread-1] INFO  server.RaftServerConfigKeys (ConfUtils.java:logGet(43)) - raft.server.rpc.timeout.min = 5s (custom)
2019-10-01 21:46:15,608 [pool-257-thread-1] INFO  server.RaftServerConfigKeys (ConfUtils.java:logGet(43)) - raft.server.rpc.timeout.max = 5200ms (custom)
2019-10-01 21:46:15,608 [pool-257-thread-1] INFO  server.RaftServerConfigKeys (ConfUtils.java:logGet(43)) - raft.server.rpcslowness.timeout = 120s (custom)
2019-10-01 21:46:15,608 [pool-257-thread-1] INFO  server.RaftServerConfigKeys (ConfUtils.java:logGet(43)) - raft.server.sleep.deviation.threshold = 300 (default)
2019-10-01 21:46:15,609 [pool-257-thread-1] INFO  server.RaftServerConfigKeys (ConfUtils.java:logGet(43)) - raft.server.log.appender.install.snapshot.enabled = false (custom)
2019-10-01 21:46:15,609 [pool-257-thread-1] INFO  impl.RaftServerImpl (ServerState.java:<init>(103)) - ef59291a-b883-4843-8937-a6a715cac87d@group-43DFC08946F1: ConfigurationManager, init=-1: [ef59291a-b883-4843-8937-a6a715cac87d:192.168.157.248:40069], old=null, confs=<EMPTY_MAP>
2019-10-01 21:46:15,609 [pool-257-thread-1] INFO  server.RaftServerConfigKeys (ConfUtils.java:logGet(43)) - raft.server.storage.dir = [/workdir/hadoop-ozone/integration-test/target/test-dir/MiniOzoneClusterImpl-7b6a5651-b981-441c-ae9d-bfe7df6634f9/datanode-5/data/ratis] (custom)
2019-10-01 21:46:15,609 [pool-257-thread-1] INFO  server.RaftServerConfigKeys (ConfUtils.java:logGet(43)) - raft.server.log.corruption.policy = EXCEPTION (default)
2019-10-01 21:46:15,609 [pool-257-thread-1] INFO  storage.RaftStorageDirectory (RaftStorageDirectory.java:analyzeStorage(246)) - The storage directory /workdir/hadoop-ozone/integration-test/target/test-dir/MiniOzoneClusterImpl-7b6a5651-b981-441c-ae9d-bfe7df6634f9/datanode-5/data/ratis/aba998c1-dd9e-45bb-9a58-43dfc08946f1 does not exist. Creating ...
2019-10-01 21:46:15,623 [pool-257-thread-1] INFO  storage.RaftStorageDirectory (RaftStorageDirectory.java:tryLock(328)) - Lock on /workdir/hadoop-ozone/integration-test/target/test-dir/MiniOzoneClusterImpl-7b6a5651-b981-441c-ae9d-bfe7df6634f9/datanode-5/data/ratis/aba998c1-dd9e-45bb-9a58-43dfc08946f1/in_use.lock acquired by nodename 4401@pr-hdds-2225-v7c79-4183396186
2019-10-01 21:46:15,636 [pool-257-thread-1] INFO  storage.RaftStorage (RaftStorage.java:format(84)) - Storage directory /workdir/hadoop-ozone/integration-test/target/test-dir/MiniOzoneClusterImpl-7b6a5651-b981-441c-ae9d-bfe7df6634f9/datanode-5/data/ratis/aba998c1-dd9e-45bb-9a58-43dfc08946f1 has been successfully formatted.
2019-10-01 21:46:15,636 [pool-257-thread-1] INFO  ratis.ContainerStateMachine (ContainerStateMachine.java:loadSnapshot(230)) - group-43DFC08946F1: The snapshot info is null. Setting the last applied indexto:(t:0, i:~)
2019-10-01 21:46:15,636 [pool-257-thread-1] INFO  server.RaftServerConfigKeys (ConfUtils.java:logGet(43)) - raft.server.notification.no-leader.timeout = 120s (custom)
2019-10-01 21:46:15,636 [pool-257-thread-1] INFO  server.RaftServerConfigKeys (ConfUtils.java:logGet(43)) - raft.server.log.use.memory = false (default)
2019-10-01 21:46:15,636 [pool-257-thread-1] INFO  server.RaftServerConfigKeys (ConfUtils.java:logGet(43)) - raft.server.log.purge.gap = 1000000 (custom)
2019-10-01 21:46:15,637 [pool-257-thread-1] INFO  server.RaftServerConfigKeys (ConfUtils.java:logGet(43)) - raft.server.log.appender.buffer.byte-limit = 33554432 (custom)
2019-10-01 21:46:15,637 [pool-257-thread-1] INFO  server.RaftServerConfigKeys (ConfUtils.java:logGet(43)) - raft.server.log.segment.size.max = 1048576 (custom)
2019-10-01 21:46:15,637 [pool-257-thread-1] INFO  server.RaftServerConfigKeys (ConfUtils.java:logGet(43)) - raft.server.log.segment.cache.num.max = 2 (custom)
2019-10-01 21:46:15,637 [pool-257-thread-1] INFO  segmented.SegmentedRaftLogWorker (SegmentedRaftLogWorker.java:<init>(173)) - new ef59291a-b883-4843-8937-a6a715cac87d@group-43DFC08946F1-SegmentedRaftLogWorker for RaftStorage:Storage Directory /workdir/hadoop-ozone/integration-test/target/test-dir/MiniOzoneClusterImpl-7b6a5651-b981-441c-ae9d-bfe7df6634f9/datanode-5/data/ratis/aba998c1-dd9e-45bb-9a58-43dfc08946f1
2019-10-01 21:46:15,637 [pool-257-thread-1] INFO  server.RaftServerConfigKeys (ConfUtils.java:logGet(43)) - raft.server.log.queue.byte-limit = 2147483647 (custom)
2019-10-01 21:46:15,637 [pool-257-thread-1] INFO  server.RaftServerConfigKeys (ConfUtils.java:logGet(43)) - raft.server.log.queue.element-limit = 1024 (custom)
2019-10-01 21:46:15,638 [pool-257-thread-1] INFO  server.RaftServerConfigKeys (ConfUtils.java:logGet(43)) - raft.server.log.segment.size.max = 1048576 (custom)
2019-10-01 21:46:15,638 [pool-257-thread-1] INFO  server.RaftServerConfigKeys (ConfUtils.java:logGet(43)) - raft.server.log.preallocated.size = 16384 (custom)
2019-10-01 21:46:15,638 [pool-257-thread-1] INFO  server.RaftServerConfigKeys (ConfUtils.java:logGet(43)) - raft.server.log.write.buffer.size = 33554432 (custom)
2019-10-01 21:46:15,638 [pool-257-thread-1] INFO  server.RaftServerConfigKeys (ConfUtils.java:logGet(43)) - raft.server.log.force.sync.num = 128 (default)
2019-10-01 21:46:15,638 [pool-257-thread-1] INFO  server.RaftServerConfigKeys (ConfUtils.java:logGet(43)) - raft.server.log.statemachine.data.sync = true (default)
2019-10-01 21:46:15,638 [pool-257-thread-1] INFO  server.RaftServerConfigKeys (ConfUtils.java:logGet(43)) - raft.server.log.statemachine.data.sync.timeout = 10s (default)
2019-10-01 21:46:15,639 [pool-257-thread-1] INFO  server.RaftServerConfigKeys (ConfUtils.java:logGet(43)) - raft.server.log.statemachine.data.sync.timeout.retry = -1 (default)
2019-10-01 21:46:15,639 [pool-257-thread-1] INFO  server.RaftServerConfigKeys (ConfUtils.java:logGet(43)) - raft.server.log.statemachine.data.caching.enabled = true (custom)
2019-10-01 21:46:15,639 [pool-257-thread-1] INFO  segmented.SegmentedRaftLogWorker (SegmentedRaftLogWorker.java:lambda$new$0(128)) - ef59291a-b883-4843-8937-a6a715cac87d@group-43DFC08946F1-SegmentedRaftLogWorker: flushIndex: setUnconditionally 0 -> -1
2019-10-01 21:46:15,640 [pool-257-thread-1] INFO  server.RaftServerConfigKeys (ConfUtils.java:logGet(43)) - raft.server.snapshot.auto.trigger.enabled = true (custom)
2019-10-01 21:46:15,640 [pool-257-thread-1] INFO  server.RaftServerConfigKeys (ConfUtils.java:logGet(43)) - raft.server.snapshot.auto.trigger.threshold = 10000 (custom)
2019-10-01 21:46:15,640 [pool-257-thread-1] INFO  server.RaftServerConfigKeys (ConfUtils.java:logGet(43)) - raft.server.snapshot.retention.file.num = 5 (custom)
2019-10-01 21:46:15,640 [pool-257-thread-1] INFO  server.RaftServerConfigKeys (ConfUtils.java:logGet(43)) - raft.server.retrycache.expirytime = 600000ms (custom)
2019-10-01 21:46:15,642 [pool-257-thread-1] INFO  impl.RaftServerImpl (RaftServerImpl.java:start(181)) - ef59291a-b883-4843-8937-a6a715cac87d@group-43DFC08946F1: start as a follower, conf=-1: [ef59291a-b883-4843-8937-a6a715cac87d:192.168.157.248:40069], old=null
2019-10-01 21:46:15,642 [pool-257-thread-1] INFO  impl.RaftServerImpl (RaftServerImpl.java:setRole(170)) - ef59291a-b883-4843-8937-a6a715cac87d@group-43DFC08946F1: changes role from      null to FOLLOWER at term 0 for startAsFollower
2019-10-01 21:46:15,643 [pool-257-thread-1] INFO  impl.RoleInfo (RoleInfo.java:updateAndGet(143)) - ef59291a-b883-4843-8937-a6a715cac87d: start FollowerState
2019-10-01 21:46:15,643 [pool-257-thread-1] INFO  util.JmxRegister (JmxRegister.java:tryRegister(44)) - Successfully registered JMX Bean with object name Ratis:service=RaftServer,group=group-43DFC08946F1,id=ef59291a-b883-4843-8937-a6a715cac87d
2019-10-01 21:46:15,648 [RatisPipelineUtilsThread] INFO  pipeline.PipelineStateManager (PipelineStateManager.java:addPipeline(56)) - Created pipeline Pipeline[ Id: aba998c1-dd9e-45bb-9a58-43dfc08946f1, Nodes: ef59291a-b883-4843-8937-a6a715cac87d{ip: 192.168.157.248, host: pr-hdds-2225-v7c79-4183396186, networkLocation: /default-rack, certSerialId: null}, Type:RATIS, Factor:ONE, State:OPEN]
2019-10-01 21:46:15,656 [grpc-default-executor-0] INFO  impl.RaftServerProxy (RaftServerProxy.java:addNew(89)) - 9a8983bb-97da-4580-ae0e-7f38e0c486d3: addNew group-D743540307DE:[9a8983bb-97da-4580-ae0e-7f38e0c486d3:192.168.157.248:40048] returns group-D743540307DE:java.util.concurrent.CompletableFuture@145fe98f[Not completed]
2019-10-01 21:46:15,658 [pool-247-thread-1] INFO  impl.RaftServerImpl (RaftServerImpl.java:<init>(95)) - 9a8983bb-97da-4580-ae0e-7f38e0c486d3: new RaftServerImpl for group-D743540307DE:[9a8983bb-97da-4580-ae0e-7f38e0c486d3:192.168.157.248:40048] with ContainerStateMachine:uninitialized
2019-10-01 21:46:15,658 [pool-247-thread-1] INFO  server.RaftServerConfigKeys (ConfUtils.java:logGet(43)) - raft.server.rpc.timeout.min = 5s (custom)
2019-10-01 21:46:15,658 [pool-247-thread-1] INFO  server.RaftServerConfigKeys (ConfUtils.java:logGet(43)) - raft.server.rpc.timeout.max = 5200ms (custom)
2019-10-01 21:46:15,658 [pool-247-thread-1] INFO  server.RaftServerConfigKeys (ConfUtils.java:logGet(43)) - raft.server.rpcslowness.timeout = 120s (custom)
2019-10-01 21:46:15,659 [pool-247-thread-1] INFO  server.RaftServerConfigKeys (ConfUtils.java:logGet(43)) - raft.server.sleep.deviation.threshold = 300 (default)
2019-10-01 21:46:15,659 [pool-247-thread-1] INFO  server.RaftServerConfigKeys (ConfUtils.java:logGet(43)) - raft.server.log.appender.install.snapshot.enabled = false (custom)
2019-10-01 21:46:15,659 [pool-247-thread-1] INFO  impl.RaftServerImpl (ServerState.java:<init>(103)) - 9a8983bb-97da-4580-ae0e-7f38e0c486d3@group-D743540307DE: ConfigurationManager, init=-1: [9a8983bb-97da-4580-ae0e-7f38e0c486d3:192.168.157.248:40048], old=null, confs=<EMPTY_MAP>
2019-10-01 21:46:15,659 [pool-247-thread-1] INFO  server.RaftServerConfigKeys (ConfUtils.java:logGet(43)) - raft.server.storage.dir = [/workdir/hadoop-ozone/integration-test/target/test-dir/MiniOzoneClusterImpl-7b6a5651-b981-441c-ae9d-bfe7df6634f9/datanode-4/data/ratis] (custom)
2019-10-01 21:46:15,659 [pool-247-thread-1] INFO  server.RaftServerConfigKeys (ConfUtils.java:logGet(43)) - raft.server.log.corruption.policy = EXCEPTION (default)
2019-10-01 21:46:15,660 [pool-247-thread-1] INFO  storage.RaftStorageDirectory (RaftStorageDirectory.java:analyzeStorage(246)) - The storage directory /workdir/hadoop-ozone/integration-test/target/test-dir/MiniOzoneClusterImpl-7b6a5651-b981-441c-ae9d-bfe7df6634f9/datanode-4/data/ratis/6bac32db-a790-4d34-9609-d743540307de does not exist. Creating ...
2019-10-01 21:46:15,673 [pool-247-thread-1] INFO  storage.RaftStorageDirectory (RaftStorageDirectory.java:tryLock(328)) - Lock on /workdir/hadoop-ozone/integration-test/target/test-dir/MiniOzoneClusterImpl-7b6a5651-b981-441c-ae9d-bfe7df6634f9/datanode-4/data/ratis/6bac32db-a790-4d34-9609-d743540307de/in_use.lock acquired by nodename 4401@pr-hdds-2225-v7c79-4183396186
2019-10-01 21:46:15,686 [pool-247-thread-1] INFO  storage.RaftStorage (RaftStorage.java:format(84)) - Storage directory /workdir/hadoop-ozone/integration-test/target/test-dir/MiniOzoneClusterImpl-7b6a5651-b981-441c-ae9d-bfe7df6634f9/datanode-4/data/ratis/6bac32db-a790-4d34-9609-d743540307de has been successfully formatted.
2019-10-01 21:46:15,686 [pool-247-thread-1] INFO  ratis.ContainerStateMachine (ContainerStateMachine.java:loadSnapshot(230)) - group-D743540307DE: The snapshot info is null. Setting the last applied indexto:(t:0, i:~)
2019-10-01 21:46:15,686 [pool-247-thread-1] INFO  server.RaftServerConfigKeys (ConfUtils.java:logGet(43)) - raft.server.notification.no-leader.timeout = 120s (custom)
2019-10-01 21:46:15,686 [pool-247-thread-1] INFO  server.RaftServerConfigKeys (ConfUtils.java:logGet(43)) - raft.server.log.use.memory = false (default)
2019-10-01 21:46:15,686 [pool-247-thread-1] INFO  server.RaftServerConfigKeys (ConfUtils.java:logGet(43)) - raft.server.log.purge.gap = 1000000 (custom)
2019-10-01 21:46:15,686 [pool-247-thread-1] INFO  server.RaftServerConfigKeys (ConfUtils.java:logGet(43)) - raft.server.log.appender.buffer.byte-limit = 33554432 (custom)
2019-10-01 21:46:15,687 [pool-247-thread-1] INFO  server.RaftServerConfigKeys (ConfUtils.java:logGet(43)) - raft.server.log.segment.size.max = 1048576 (custom)
2019-10-01 21:46:15,687 [pool-247-thread-1] INFO  server.RaftServerConfigKeys (ConfUtils.java:logGet(43)) - raft.server.log.segment.cache.num.max = 2 (custom)
2019-10-01 21:46:15,687 [pool-247-thread-1] INFO  segmented.SegmentedRaftLogWorker (SegmentedRaftLogWorker.java:<init>(173)) - new 9a8983bb-97da-4580-ae0e-7f38e0c486d3@group-D743540307DE-SegmentedRaftLogWorker for RaftStorage:Storage Directory /workdir/hadoop-ozone/integration-test/target/test-dir/MiniOzoneClusterImpl-7b6a5651-b981-441c-ae9d-bfe7df6634f9/datanode-4/data/ratis/6bac32db-a790-4d34-9609-d743540307de
2019-10-01 21:46:15,687 [pool-247-thread-1] INFO  server.RaftServerConfigKeys (ConfUtils.java:logGet(43)) - raft.server.log.queue.byte-limit = 2147483647 (custom)
2019-10-01 21:46:15,687 [pool-247-thread-1] INFO  server.RaftServerConfigKeys (ConfUtils.java:logGet(43)) - raft.server.log.queue.element-limit = 1024 (custom)
2019-10-01 21:46:15,687 [pool-247-thread-1] INFO  server.RaftServerConfigKeys (ConfUtils.java:logGet(43)) - raft.server.log.segment.size.max = 1048576 (custom)
2019-10-01 21:46:15,687 [pool-247-thread-1] INFO  server.RaftServerConfigKeys (ConfUtils.java:logGet(43)) - raft.server.log.preallocated.size = 16384 (custom)
2019-10-01 21:46:15,688 [pool-247-thread-1] INFO  server.RaftServerConfigKeys (ConfUtils.java:logGet(43)) - raft.server.log.write.buffer.size = 33554432 (custom)
2019-10-01 21:46:15,688 [pool-247-thread-1] INFO  server.RaftServerConfigKeys (ConfUtils.java:logGet(43)) - raft.server.log.force.sync.num = 128 (default)
2019-10-01 21:46:15,688 [pool-247-thread-1] INFO  server.RaftServerConfigKeys (ConfUtils.java:logGet(43)) - raft.server.log.statemachine.data.sync = true (default)
2019-10-01 21:46:15,688 [pool-247-thread-1] INFO  server.RaftServerConfigKeys (ConfUtils.java:logGet(43)) - raft.server.log.statemachine.data.sync.timeout = 10s (default)
2019-10-01 21:46:15,688 [pool-247-thread-1] INFO  server.RaftServerConfigKeys (ConfUtils.java:logGet(43)) - raft.server.log.statemachine.data.sync.timeout.retry = -1 (default)
2019-10-01 21:46:15,688 [pool-247-thread-1] INFO  server.RaftServerConfigKeys (ConfUtils.java:logGet(43)) - raft.server.log.statemachine.data.caching.enabled = true (custom)
2019-10-01 21:46:15,689 [pool-247-thread-1] INFO  segmented.SegmentedRaftLogWorker (SegmentedRaftLogWorker.java:lambda$new$0(128)) - 9a8983bb-97da-4580-ae0e-7f38e0c486d3@group-D743540307DE-SegmentedRaftLogWorker: flushIndex: setUnconditionally 0 -> -1
2019-10-01 21:46:15,689 [pool-247-thread-1] INFO  server.RaftServerConfigKeys (ConfUtils.java:logGet(43)) - raft.server.snapshot.auto.trigger.enabled = true (custom)
2019-10-01 21:46:15,689 [pool-247-thread-1] INFO  server.RaftServerConfigKeys (ConfUtils.java:logGet(43)) - raft.server.snapshot.auto.trigger.threshold = 10000 (custom)
2019-10-01 21:46:15,689 [pool-247-thread-1] INFO  server.RaftServerConfigKeys (ConfUtils.java:logGet(43)) - raft.server.snapshot.retention.file.num = 5 (custom)
2019-10-01 21:46:15,690 [pool-247-thread-1] INFO  server.RaftServerConfigKeys (ConfUtils.java:logGet(43)) - raft.server.retrycache.expirytime = 600000ms (custom)
2019-10-01 21:46:15,692 [pool-247-thread-1] INFO  impl.RaftServerImpl (RaftServerImpl.java:start(181)) - 9a8983bb-97da-4580-ae0e-7f38e0c486d3@group-D743540307DE: start as a follower, conf=-1: [9a8983bb-97da-4580-ae0e-7f38e0c486d3:192.168.157.248:40048], old=null
2019-10-01 21:46:15,692 [pool-247-thread-1] INFO  impl.RaftServerImpl (RaftServerImpl.java:setRole(170)) - 9a8983bb-97da-4580-ae0e-7f38e0c486d3@group-D743540307DE: changes role from      null to FOLLOWER at term 0 for startAsFollower
2019-10-01 21:46:15,692 [pool-247-thread-1] INFO  impl.RoleInfo (RoleInfo.java:updateAndGet(143)) - 9a8983bb-97da-4580-ae0e-7f38e0c486d3: start FollowerState
2019-10-01 21:46:15,692 [pool-247-thread-1] INFO  util.JmxRegister (JmxRegister.java:tryRegister(44)) - Successfully registered JMX Bean with object name Ratis:service=RaftServer,group=group-D743540307DE,id=9a8983bb-97da-4580-ae0e-7f38e0c486d3
2019-10-01 21:46:15,699 [RatisPipelineUtilsThread] INFO  pipeline.PipelineStateManager (PipelineStateManager.java:addPipeline(56)) - Created pipeline Pipeline[ Id: 6bac32db-a790-4d34-9609-d743540307de, Nodes: 9a8983bb-97da-4580-ae0e-7f38e0c486d3{ip: 192.168.157.248, host: pr-hdds-2225-v7c79-4183396186, networkLocation: /default-rack, certSerialId: null}, Type:RATIS, Factor:ONE, State:OPEN]
2019-10-01 21:46:18,056 [Thread-1418] INFO  container.ReplicationManager (ReplicationManager.java:start(162)) - Starting Replication Monitor Thread.
2019-10-01 21:46:18,061 [ReplicationMonitor] INFO  container.ReplicationManager (ReplicationManager.java:run(225)) - Replication Monitor Thread took 0 milliseconds for processing 1 containers.
2019-10-01 21:46:20,272 [Thread-1423] INFO  impl.FollowerState (FollowerState.java:run(108)) - 115b1da9-a9c1-442b-a02d-91833fdf26c6@group-FC21DB13BF7B-FollowerState: change to CANDIDATE, lastRpcTime:5051ms, electionTimeout:5051ms
2019-10-01 21:46:20,274 [Thread-1423] INFO  impl.RoleInfo (RoleInfo.java:shutdownFollowerState(121)) - 115b1da9-a9c1-442b-a02d-91833fdf26c6: shutdown FollowerState
2019-10-01 21:46:20,274 [Thread-1423] INFO  impl.RaftServerImpl (RaftServerImpl.java:setRole(170)) - 115b1da9-a9c1-442b-a02d-91833fdf26c6@group-FC21DB13BF7B: changes role from  FOLLOWER to CANDIDATE at term 0 for changeToCandidate
2019-10-01 21:46:20,275 [Thread-1423] INFO  impl.RoleInfo (RoleInfo.java:updateAndGet(143)) - 115b1da9-a9c1-442b-a02d-91833fdf26c6: start LeaderElection
2019-10-01 21:46:20,293 [Thread-1420] INFO  impl.FollowerState (FollowerState.java:run(108)) - dc8e1fa1-0742-4625-8bed-7dc210043178@group-BB92E9CB9191-FollowerState: change to CANDIDATE, lastRpcTime:5169ms, electionTimeout:5169ms
2019-10-01 21:46:20,293 [Thread-1420] INFO  impl.RoleInfo (RoleInfo.java:shutdownFollowerState(121)) - dc8e1fa1-0742-4625-8bed-7dc210043178: shutdown FollowerState
2019-10-01 21:46:20,293 [Thread-1420] INFO  impl.RaftServerImpl (RaftServerImpl.java:setRole(170)) - dc8e1fa1-0742-4625-8bed-7dc210043178@group-BB92E9CB9191: changes role from  FOLLOWER to CANDIDATE at term 0 for changeToCandidate
2019-10-01 21:46:20,293 [Thread-1420] INFO  impl.RoleInfo (RoleInfo.java:updateAndGet(143)) - dc8e1fa1-0742-4625-8bed-7dc210043178: start LeaderElection
2019-10-01 21:46:20,300 [115b1da9-a9c1-442b-a02d-91833fdf26c6@group-FC21DB13BF7B-LeaderElection24] INFO  impl.LeaderElection (LeaderElection.java:askForVotes(178)) - 115b1da9-a9c1-442b-a02d-91833fdf26c6@group-FC21DB13BF7B-LeaderElection24: begin an election at term 1 for -1: [115b1da9-a9c1-442b-a02d-91833fdf26c6:192.168.157.248:40674], old=null
2019-10-01 21:46:20,300 [115b1da9-a9c1-442b-a02d-91833fdf26c6@group-FC21DB13BF7B-LeaderElection24] INFO  impl.RoleInfo (RoleInfo.java:shutdownLeaderElection(134)) - 115b1da9-a9c1-442b-a02d-91833fdf26c6: shutdown LeaderElection
2019-10-01 21:46:20,301 [115b1da9-a9c1-442b-a02d-91833fdf26c6@group-FC21DB13BF7B-LeaderElection24] INFO  impl.RaftServerImpl (RaftServerImpl.java:setRole(170)) - 115b1da9-a9c1-442b-a02d-91833fdf26c6@group-FC21DB13BF7B: changes role from CANDIDATE to LEADER at term 1 for changeToLeader
2019-10-01 21:46:20,301 [115b1da9-a9c1-442b-a02d-91833fdf26c6@group-FC21DB13BF7B-LeaderElection24] INFO  impl.RaftServerImpl (ServerState.java:setLeader(255)) - 115b1da9-a9c1-442b-a02d-91833fdf26c6@group-FC21DB13BF7B: change Leader from null to 115b1da9-a9c1-442b-a02d-91833fdf26c6 at term 1 for becomeLeader, leader elected after 5089ms
2019-10-01 21:46:20,301 [115b1da9-a9c1-442b-a02d-91833fdf26c6@group-FC21DB13BF7B-LeaderElection24] INFO  server.RaftServerConfigKeys (ConfUtils.java:logGet(43)) - raft.server.staging.catchup.gap = 1000 (default)
2019-10-01 21:46:20,302 [115b1da9-a9c1-442b-a02d-91833fdf26c6@group-FC21DB13BF7B-LeaderElection24] INFO  server.RaftServerConfigKeys (ConfUtils.java:logGet(43)) - raft.server.rpc.sleep.time = 25ms (default)
2019-10-01 21:46:20,302 [115b1da9-a9c1-442b-a02d-91833fdf26c6@group-FC21DB13BF7B-LeaderElection24] INFO  server.RaftServerConfigKeys (ConfUtils.java:logGet(43)) - raft.server.write.element-limit = 4096 (default)
2019-10-01 21:46:20,303 [115b1da9-a9c1-442b-a02d-91833fdf26c6@group-FC21DB13BF7B-LeaderElection24] INFO  server.RaftServerConfigKeys (ConfUtils.java:logGet(43)) - raft.server.watch.timeout = 10s (default)
2019-10-01 21:46:20,303 [115b1da9-a9c1-442b-a02d-91833fdf26c6@group-FC21DB13BF7B-LeaderElection24] INFO  server.RaftServerConfigKeys (ConfUtils.java:logGet(43)) - raft.server.watch.timeout.denomination = 1s (default)
2019-10-01 21:46:20,303 [115b1da9-a9c1-442b-a02d-91833fdf26c6@group-FC21DB13BF7B-LeaderElection24] INFO  server.RaftServerConfigKeys (ConfUtils.java:logGet(43)) - raft.server.watch.element-limit = 65536 (default)
2019-10-01 21:46:20,308 [115b1da9-a9c1-442b-a02d-91833fdf26c6@group-FC21DB13BF7B-LeaderElection24] INFO  impl.RoleInfo (RoleInfo.java:updateAndGet(143)) - 115b1da9-a9c1-442b-a02d-91833fdf26c6: start LeaderState
2019-10-01 21:46:20,309 [115b1da9-a9c1-442b-a02d-91833fdf26c6@group-FC21DB13BF7B-LeaderElection24] INFO  segmented.SegmentedRaftLogWorker (SegmentedRaftLogWorker.java:startLogSegment(385)) - 115b1da9-a9c1-442b-a02d-91833fdf26c6@group-FC21DB13BF7B-SegmentedRaftLogWorker: Starting segment from index:0
2019-10-01 21:46:20,310 [115b1da9-a9c1-442b-a02d-91833fdf26c6@group-FC21DB13BF7B-LeaderElection24] INFO  impl.RaftServerImpl (ServerState.java:setRaftConf(356)) - 115b1da9-a9c1-442b-a02d-91833fdf26c6@group-FC21DB13BF7B: set configuration 0: [115b1da9-a9c1-442b-a02d-91833fdf26c6:192.168.157.248:40674], old=null at 0
2019-10-01 21:46:20,314 [Thread-1426] INFO  impl.FollowerState (FollowerState.java:run(108)) - a6f2d0e5-b69b-4893-b0e1-e493defe37eb@group-F60A63FAC429-FollowerState: change to CANDIDATE, lastRpcTime:5030ms, electionTimeout:5030ms
2019-10-01 21:46:20,314 [Thread-1426] INFO  impl.RoleInfo (RoleInfo.java:shutdownFollowerState(121)) - a6f2d0e5-b69b-4893-b0e1-e493defe37eb: shutdown FollowerState
2019-10-01 21:46:20,314 [Thread-1426] INFO  impl.RaftServerImpl (RaftServerImpl.java:setRole(170)) - a6f2d0e5-b69b-4893-b0e1-e493defe37eb@group-F60A63FAC429: changes role from  FOLLOWER to CANDIDATE at term 0 for changeToCandidate
2019-10-01 21:46:20,315 [Thread-1426] INFO  impl.RoleInfo (RoleInfo.java:updateAndGet(143)) - a6f2d0e5-b69b-4893-b0e1-e493defe37eb: start LeaderElection
2019-10-01 21:46:20,351 [dc8e1fa1-0742-4625-8bed-7dc210043178@group-BB92E9CB9191-LeaderElection25] INFO  impl.LeaderElection (LeaderElection.java:askForVotes(178)) - dc8e1fa1-0742-4625-8bed-7dc210043178@group-BB92E9CB9191-LeaderElection25: begin an election at term 1 for -1: [dc8e1fa1-0742-4625-8bed-7dc210043178:192.168.157.248:35980], old=null
2019-10-01 21:46:20,351 [Thread-1429] INFO  impl.FollowerState (FollowerState.java:run(108)) - 4fe98e1f-8e79-4cc8-ad7c-d8dcfa82ff1e@group-04CE3F120AE2-FollowerState: change to CANDIDATE, lastRpcTime:5015ms, electionTimeout:5015ms
2019-10-01 21:46:20,351 [dc8e1fa1-0742-4625-8bed-7dc210043178@group-BB92E9CB9191-LeaderElection25] INFO  impl.RoleInfo (RoleInfo.java:shutdownLeaderElection(134)) - dc8e1fa1-0742-4625-8bed-7dc210043178: shutdown LeaderElection
2019-10-01 21:46:20,351 [Thread-1429] INFO  impl.RoleInfo (RoleInfo.java:shutdownFollowerState(121)) - 4fe98e1f-8e79-4cc8-ad7c-d8dcfa82ff1e: shutdown FollowerState
2019-10-01 21:46:20,351 [dc8e1fa1-0742-4625-8bed-7dc210043178@group-BB92E9CB9191-LeaderElection25] INFO  impl.RaftServerImpl (RaftServerImpl.java:setRole(170)) - dc8e1fa1-0742-4625-8bed-7dc210043178@group-BB92E9CB9191: changes role from CANDIDATE to LEADER at term 1 for changeToLeader
2019-10-01 21:46:20,351 [Thread-1429] INFO  impl.RaftServerImpl (RaftServerImpl.java:setRole(170)) - 4fe98e1f-8e79-4cc8-ad7c-d8dcfa82ff1e@group-04CE3F120AE2: changes role from  FOLLOWER to CANDIDATE at term 0 for changeToCandidate
2019-10-01 21:46:20,351 [dc8e1fa1-0742-4625-8bed-7dc210043178@group-BB92E9CB9191-LeaderElection25] INFO  impl.RaftServerImpl (ServerState.java:setLeader(255)) - dc8e1fa1-0742-4625-8bed-7dc210043178@group-BB92E9CB9191: change Leader from null to dc8e1fa1-0742-4625-8bed-7dc210043178 at term 1 for becomeLeader, leader elected after 5234ms
2019-10-01 21:46:20,352 [Thread-1429] INFO  impl.RoleInfo (RoleInfo.java:updateAndGet(143)) - 4fe98e1f-8e79-4cc8-ad7c-d8dcfa82ff1e: start LeaderElection
2019-10-01 21:46:20,352 [dc8e1fa1-0742-4625-8bed-7dc210043178@group-BB92E9CB9191-LeaderElection25] INFO  server.RaftServerConfigKeys (ConfUtils.java:logGet(43)) - raft.server.staging.catchup.gap = 1000 (default)
2019-10-01 21:46:20,352 [dc8e1fa1-0742-4625-8bed-7dc210043178@group-BB92E9CB9191-LeaderElection25] INFO  server.RaftServerConfigKeys (ConfUtils.java:logGet(43)) - raft.server.rpc.sleep.time = 25ms (default)
2019-10-01 21:46:20,360 [dc8e1fa1-0742-4625-8bed-7dc210043178@group-BB92E9CB9191-LeaderElection25] INFO  server.RaftServerConfigKeys (ConfUtils.java:logGet(43)) - raft.server.write.element-limit = 4096 (default)
2019-10-01 21:46:20,361 [dc8e1fa1-0742-4625-8bed-7dc210043178@group-BB92E9CB9191-LeaderElection25] INFO  server.RaftServerConfigKeys (ConfUtils.java:logGet(43)) - raft.server.watch.timeout = 10s (default)
2019-10-01 21:46:20,361 [dc8e1fa1-0742-4625-8bed-7dc210043178@group-BB92E9CB9191-LeaderElection25] INFO  server.RaftServerConfigKeys (ConfUtils.java:logGet(43)) - raft.server.watch.timeout.denomination = 1s (default)
2019-10-01 21:46:20,361 [dc8e1fa1-0742-4625-8bed-7dc210043178@group-BB92E9CB9191-LeaderElection25] INFO  server.RaftServerConfigKeys (ConfUtils.java:logGet(43)) - raft.server.watch.element-limit = 65536 (default)
2019-10-01 21:46:20,363 [115b1da9-a9c1-442b-a02d-91833fdf26c6@group-FC21DB13BF7B-SegmentedRaftLogWorker] INFO  segmented.SegmentedRaftLogWorker (SegmentedRaftLogWorker.java:execute(574)) - 115b1da9-a9c1-442b-a02d-91833fdf26c6@group-FC21DB13BF7B-SegmentedRaftLogWorker: created new log segment /workdir/hadoop-ozone/integration-test/target/test-dir/MiniOzoneClusterImpl-7b6a5651-b981-441c-ae9d-bfe7df6634f9/datanode-1/data/ratis/d55ff339-12a7-47f1-8723-fc21db13bf7b/current/log_inprogress_0
2019-10-01 21:46:20,363 [4fe98e1f-8e79-4cc8-ad7c-d8dcfa82ff1e@group-04CE3F120AE2-LeaderElection27] INFO  impl.LeaderElection (LeaderElection.java:askForVotes(178)) - 4fe98e1f-8e79-4cc8-ad7c-d8dcfa82ff1e@group-04CE3F120AE2-LeaderElection27: begin an election at term 1 for -1: [4fe98e1f-8e79-4cc8-ad7c-d8dcfa82ff1e:192.168.157.248:41922], old=null
2019-10-01 21:46:20,363 [a6f2d0e5-b69b-4893-b0e1-e493defe37eb@group-F60A63FAC429-LeaderElection26] INFO  impl.LeaderElection (LeaderElection.java:askForVotes(178)) - a6f2d0e5-b69b-4893-b0e1-e493defe37eb@group-F60A63FAC429-LeaderElection26: begin an election at term 1 for -1: [a6f2d0e5-b69b-4893-b0e1-e493defe37eb:192.168.157.248:38734], old=null
2019-10-01 21:46:20,364 [4fe98e1f-8e79-4cc8-ad7c-d8dcfa82ff1e@group-04CE3F120AE2-LeaderElection27] INFO  impl.RoleInfo (RoleInfo.java:shutdownLeaderElection(134)) - 4fe98e1f-8e79-4cc8-ad7c-d8dcfa82ff1e: shutdown LeaderElection
2019-10-01 21:46:20,364 [a6f2d0e5-b69b-4893-b0e1-e493defe37eb@group-F60A63FAC429-LeaderElection26] INFO  impl.RoleInfo (RoleInfo.java:shutdownLeaderElection(134)) - a6f2d0e5-b69b-4893-b0e1-e493defe37eb: shutdown LeaderElection
2019-10-01 21:46:20,364 [4fe98e1f-8e79-4cc8-ad7c-d8dcfa82ff1e@group-04CE3F120AE2-LeaderElection27] INFO  impl.RaftServerImpl (RaftServerImpl.java:setRole(170)) - 4fe98e1f-8e79-4cc8-ad7c-d8dcfa82ff1e@group-04CE3F120AE2: changes role from CANDIDATE to LEADER at term 1 for changeToLeader
2019-10-01 21:46:20,364 [a6f2d0e5-b69b-4893-b0e1-e493defe37eb@group-F60A63FAC429-LeaderElection26] INFO  impl.RaftServerImpl (RaftServerImpl.java:setRole(170)) - a6f2d0e5-b69b-4893-b0e1-e493defe37eb@group-F60A63FAC429: changes role from CANDIDATE to LEADER at term 1 for changeToLeader
2019-10-01 21:46:20,364 [4fe98e1f-8e79-4cc8-ad7c-d8dcfa82ff1e@group-04CE3F120AE2-LeaderElection27] INFO  impl.RaftServerImpl (ServerState.java:setLeader(255)) - 4fe98e1f-8e79-4cc8-ad7c-d8dcfa82ff1e@group-04CE3F120AE2: change Leader from null to 4fe98e1f-8e79-4cc8-ad7c-d8dcfa82ff1e at term 1 for becomeLeader, leader elected after 5034ms
2019-10-01 21:46:20,364 [a6f2d0e5-b69b-4893-b0e1-e493defe37eb@group-F60A63FAC429-LeaderElection26] INFO  impl.RaftServerImpl (ServerState.java:setLeader(255)) - a6f2d0e5-b69b-4893-b0e1-e493defe37eb@group-F60A63FAC429: change Leader from null to a6f2d0e5-b69b-4893-b0e1-e493defe37eb at term 1 for becomeLeader, leader elected after 5088ms
2019-10-01 21:46:20,364 [4fe98e1f-8e79-4cc8-ad7c-d8dcfa82ff1e@group-04CE3F120AE2-LeaderElection27] INFO  server.RaftServerConfigKeys (ConfUtils.java:logGet(43)) - raft.server.staging.catchup.gap = 1000 (default)
2019-10-01 21:46:20,364 [a6f2d0e5-b69b-4893-b0e1-e493defe37eb@group-F60A63FAC429-LeaderElection26] INFO  server.RaftServerConfigKeys (ConfUtils.java:logGet(43)) - raft.server.staging.catchup.gap = 1000 (default)
2019-10-01 21:46:20,365 [4fe98e1f-8e79-4cc8-ad7c-d8dcfa82ff1e@group-04CE3F120AE2-LeaderElection27] INFO  server.RaftServerConfigKeys (ConfUtils.java:logGet(43)) - raft.server.rpc.sleep.time = 25ms (default)
2019-10-01 21:46:20,365 [a6f2d0e5-b69b-4893-b0e1-e493defe37eb@group-F60A63FAC429-LeaderElection26] INFO  server.RaftServerConfigKeys (ConfUtils.java:logGet(43)) - raft.server.rpc.sleep.time = 25ms (default)
2019-10-01 21:46:20,365 [4fe98e1f-8e79-4cc8-ad7c-d8dcfa82ff1e@group-04CE3F120AE2-LeaderElection27] INFO  server.RaftServerConfigKeys (ConfUtils.java:logGet(43)) - raft.server.write.element-limit = 4096 (default)
2019-10-01 21:46:20,365 [a6f2d0e5-b69b-4893-b0e1-e493defe37eb@group-F60A63FAC429-LeaderElection26] INFO  server.RaftServerConfigKeys (ConfUtils.java:logGet(43)) - raft.server.write.element-limit = 4096 (default)
2019-10-01 21:46:20,365 [dc8e1fa1-0742-4625-8bed-7dc210043178@group-BB92E9CB9191-LeaderElection25] INFO  impl.RoleInfo (RoleInfo.java:updateAndGet(143)) - dc8e1fa1-0742-4625-8bed-7dc210043178: start LeaderState
2019-10-01 21:46:20,365 [a6f2d0e5-b69b-4893-b0e1-e493defe37eb@group-F60A63FAC429-LeaderElection26] INFO  server.RaftServerConfigKeys (ConfUtils.java:logGet(43)) - raft.server.watch.timeout = 10s (default)
2019-10-01 21:46:20,365 [4fe98e1f-8e79-4cc8-ad7c-d8dcfa82ff1e@group-04CE3F120AE2-LeaderElection27] INFO  server.RaftServerConfigKeys (ConfUtils.java:logGet(43)) - raft.server.watch.timeout = 10s (default)
2019-10-01 21:46:20,366 [dc8e1fa1-0742-4625-8bed-7dc210043178@group-BB92E9CB9191-LeaderElection25] INFO  segmented.SegmentedRaftLogWorker (SegmentedRaftLogWorker.java:startLogSegment(385)) - dc8e1fa1-0742-4625-8bed-7dc210043178@group-BB92E9CB9191-SegmentedRaftLogWorker: Starting segment from index:0
2019-10-01 21:46:20,365 [a6f2d0e5-b69b-4893-b0e1-e493defe37eb@group-F60A63FAC429-LeaderElection26] INFO  server.RaftServerConfigKeys (ConfUtils.java:logGet(43)) - raft.server.watch.timeout.denomination = 1s (default)
2019-10-01 21:46:20,366 [4fe98e1f-8e79-4cc8-ad7c-d8dcfa82ff1e@group-04CE3F120AE2-LeaderElection27] INFO  server.RaftServerConfigKeys (ConfUtils.java:logGet(43)) - raft.server.watch.timeout.denomination = 1s (default)
2019-10-01 21:46:20,366 [a6f2d0e5-b69b-4893-b0e1-e493defe37eb@group-F60A63FAC429-LeaderElection26] INFO  server.RaftServerConfigKeys (ConfUtils.java:logGet(43)) - raft.server.watch.element-limit = 65536 (default)
2019-10-01 21:46:20,366 [dc8e1fa1-0742-4625-8bed-7dc210043178@group-BB92E9CB9191-LeaderElection25] INFO  impl.RaftServerImpl (ServerState.java:setRaftConf(356)) - dc8e1fa1-0742-4625-8bed-7dc210043178@group-BB92E9CB9191: set configuration 0: [dc8e1fa1-0742-4625-8bed-7dc210043178:192.168.157.248:35980], old=null at 0
2019-10-01 21:46:20,366 [4fe98e1f-8e79-4cc8-ad7c-d8dcfa82ff1e@group-04CE3F120AE2-LeaderElection27] INFO  server.RaftServerConfigKeys (ConfUtils.java:logGet(43)) - raft.server.watch.element-limit = 65536 (default)
2019-10-01 21:46:20,369 [a6f2d0e5-b69b-4893-b0e1-e493defe37eb@group-F60A63FAC429-LeaderElection26] INFO  impl.RoleInfo (RoleInfo.java:updateAndGet(143)) - a6f2d0e5-b69b-4893-b0e1-e493defe37eb: start LeaderState
2019-10-01 21:46:20,369 [4fe98e1f-8e79-4cc8-ad7c-d8dcfa82ff1e@group-04CE3F120AE2-LeaderElection27] INFO  impl.RoleInfo (RoleInfo.java:updateAndGet(143)) - 4fe98e1f-8e79-4cc8-ad7c-d8dcfa82ff1e: start LeaderState
2019-10-01 21:46:20,369 [a6f2d0e5-b69b-4893-b0e1-e493defe37eb@group-F60A63FAC429-LeaderElection26] INFO  segmented.SegmentedRaftLogWorker (SegmentedRaftLogWorker.java:startLogSegment(385)) - a6f2d0e5-b69b-4893-b0e1-e493defe37eb@group-F60A63FAC429-SegmentedRaftLogWorker: Starting segment from index:0
2019-10-01 21:46:20,370 [4fe98e1f-8e79-4cc8-ad7c-d8dcfa82ff1e@group-04CE3F120AE2-LeaderElection27] INFO  segmented.SegmentedRaftLogWorker (SegmentedRaftLogWorker.java:startLogSegment(385)) - 4fe98e1f-8e79-4cc8-ad7c-d8dcfa82ff1e@group-04CE3F120AE2-SegmentedRaftLogWorker: Starting segment from index:0
2019-10-01 21:46:20,370 [a6f2d0e5-b69b-4893-b0e1-e493defe37eb@group-F60A63FAC429-LeaderElection26] INFO  impl.RaftServerImpl (ServerState.java:setRaftConf(356)) - a6f2d0e5-b69b-4893-b0e1-e493defe37eb@group-F60A63FAC429: set configuration 0: [a6f2d0e5-b69b-4893-b0e1-e493defe37eb:192.168.157.248:38734], old=null at 0
2019-10-01 21:46:20,370 [4fe98e1f-8e79-4cc8-ad7c-d8dcfa82ff1e@group-04CE3F120AE2-LeaderElection27] INFO  impl.RaftServerImpl (ServerState.java:setRaftConf(356)) - 4fe98e1f-8e79-4cc8-ad7c-d8dcfa82ff1e@group-04CE3F120AE2: set configuration 0: [4fe98e1f-8e79-4cc8-ad7c-d8dcfa82ff1e:192.168.157.248:41922], old=null at 0
2019-10-01 21:46:20,415 [a6f2d0e5-b69b-4893-b0e1-e493defe37eb@group-F60A63FAC429-SegmentedRaftLogWorker] INFO  segmented.SegmentedRaftLogWorker (SegmentedRaftLogWorker.java:execute(574)) - a6f2d0e5-b69b-4893-b0e1-e493defe37eb@group-F60A63FAC429-SegmentedRaftLogWorker: created new log segment /workdir/hadoop-ozone/integration-test/target/test-dir/MiniOzoneClusterImpl-7b6a5651-b981-441c-ae9d-bfe7df6634f9/datanode-2/data/ratis/d8370870-7efa-49f0-9130-f60a63fac429/current/log_inprogress_0
2019-10-01 21:46:20,415 [4fe98e1f-8e79-4cc8-ad7c-d8dcfa82ff1e@group-04CE3F120AE2-SegmentedRaftLogWorker] INFO  segmented.SegmentedRaftLogWorker (SegmentedRaftLogWorker.java:execute(574)) - 4fe98e1f-8e79-4cc8-ad7c-d8dcfa82ff1e@group-04CE3F120AE2-SegmentedRaftLogWorker: created new log segment /workdir/hadoop-ozone/integration-test/target/test-dir/MiniOzoneClusterImpl-7b6a5651-b981-441c-ae9d-bfe7df6634f9/datanode-3/data/ratis/39f6d249-5867-4735-a81d-04ce3f120ae2/current/log_inprogress_0
2019-10-01 21:46:20,415 [dc8e1fa1-0742-4625-8bed-7dc210043178@group-BB92E9CB9191-SegmentedRaftLogWorker] INFO  segmented.SegmentedRaftLogWorker (SegmentedRaftLogWorker.java:execute(574)) - dc8e1fa1-0742-4625-8bed-7dc210043178@group-BB92E9CB9191-SegmentedRaftLogWorker: created new log segment /workdir/hadoop-ozone/integration-test/target/test-dir/MiniOzoneClusterImpl-7b6a5651-b981-441c-ae9d-bfe7df6634f9/datanode-0/data/ratis/a004f2e2-14fb-4d55-a88a-bb92e9cb9191/current/log_inprogress_0
2019-10-01 21:46:20,441 [Thread-1432] INFO  impl.FollowerState (FollowerState.java:run(108)) - 4fe98e1f-8e79-4cc8-ad7c-d8dcfa82ff1e@group-2D3AFA3CB3B2-FollowerState: change to CANDIDATE, lastRpcTime:5036ms, electionTimeout:5036ms
2019-10-01 21:46:20,441 [Thread-1432] INFO  impl.RoleInfo (RoleInfo.java:shutdownFollowerState(121)) - 4fe98e1f-8e79-4cc8-ad7c-d8dcfa82ff1e: shutdown FollowerState
2019-10-01 21:46:20,441 [Thread-1432] INFO  impl.RaftServerImpl (RaftServerImpl.java:setRole(170)) - 4fe98e1f-8e79-4cc8-ad7c-d8dcfa82ff1e@group-2D3AFA3CB3B2: changes role from  FOLLOWER to CANDIDATE at term 0 for changeToCandidate
2019-10-01 21:46:20,441 [Thread-1432] INFO  impl.RoleInfo (RoleInfo.java:updateAndGet(143)) - 4fe98e1f-8e79-4cc8-ad7c-d8dcfa82ff1e: start LeaderElection
2019-10-01 21:46:20,461 [4fe98e1f-8e79-4cc8-ad7c-d8dcfa82ff1e@group-2D3AFA3CB3B2-LeaderElection28] INFO  impl.LeaderElection (LeaderElection.java:askForVotes(178)) - 4fe98e1f-8e79-4cc8-ad7c-d8dcfa82ff1e@group-2D3AFA3CB3B2-LeaderElection28: begin an election at term 1 for -1: [dc8e1fa1-0742-4625-8bed-7dc210043178:192.168.157.248:35980, a6f2d0e5-b69b-4893-b0e1-e493defe37eb:192.168.157.248:38734, 4fe98e1f-8e79-4cc8-ad7c-d8dcfa82ff1e:192.168.157.248:41922], old=null
2019-10-01 21:46:20,472 [grpc-default-executor-0] INFO  impl.RaftServerImpl (RaftServerImpl.java:setRole(170)) - a6f2d0e5-b69b-4893-b0e1-e493defe37eb@group-2D3AFA3CB3B2: changes role from  FOLLOWER to FOLLOWER at term 1 for recognizeCandidate:4fe98e1f-8e79-4cc8-ad7c-d8dcfa82ff1e
2019-10-01 21:46:20,472 [grpc-default-executor-2] INFO  impl.RaftServerImpl (RaftServerImpl.java:setRole(170)) - dc8e1fa1-0742-4625-8bed-7dc210043178@group-2D3AFA3CB3B2: changes role from  FOLLOWER to FOLLOWER at term 1 for recognizeCandidate:4fe98e1f-8e79-4cc8-ad7c-d8dcfa82ff1e
2019-10-01 21:46:20,472 [grpc-default-executor-0] INFO  impl.RoleInfo (RoleInfo.java:shutdownFollowerState(121)) - a6f2d0e5-b69b-4893-b0e1-e493defe37eb: shutdown FollowerState
2019-10-01 21:46:20,472 [grpc-default-executor-2] INFO  impl.RoleInfo (RoleInfo.java:shutdownFollowerState(121)) - dc8e1fa1-0742-4625-8bed-7dc210043178: shutdown FollowerState
2019-10-01 21:46:20,472 [grpc-default-executor-0] INFO  impl.RoleInfo (RoleInfo.java:updateAndGet(143)) - a6f2d0e5-b69b-4893-b0e1-e493defe37eb: start FollowerState
2019-10-01 21:46:20,473 [grpc-default-executor-2] INFO  impl.RoleInfo (RoleInfo.java:updateAndGet(143)) - dc8e1fa1-0742-4625-8bed-7dc210043178: start FollowerState
2019-10-01 21:46:20,472 [Thread-1436] INFO  impl.FollowerState (FollowerState.java:run(117)) - a6f2d0e5-b69b-4893-b0e1-e493defe37eb@group-2D3AFA3CB3B2-FollowerState was interrupted: java.lang.InterruptedException: sleep interrupted
2019-10-01 21:46:20,473 [Thread-1437] INFO  impl.FollowerState (FollowerState.java:run(117)) - dc8e1fa1-0742-4625-8bed-7dc210043178@group-2D3AFA3CB3B2-FollowerState was interrupted: java.lang.InterruptedException: sleep interrupted
2019-10-01 21:46:20,503 [4fe98e1f-8e79-4cc8-ad7c-d8dcfa82ff1e@group-2D3AFA3CB3B2-LeaderElection28] INFO  impl.LeaderElection (LeaderElection.java:logAndReturn(56)) - 4fe98e1f-8e79-4cc8-ad7c-d8dcfa82ff1e@group-2D3AFA3CB3B2-LeaderElection28: Election PASSED; received 1 response(s) [4fe98e1f-8e79-4cc8-ad7c-d8dcfa82ff1e<-a6f2d0e5-b69b-4893-b0e1-e493defe37eb#0:OK-t1] and 0 exception(s); 4fe98e1f-8e79-4cc8-ad7c-d8dcfa82ff1e@group-2D3AFA3CB3B2:t1, leader=null, voted=4fe98e1f-8e79-4cc8-ad7c-d8dcfa82ff1e, raftlog=4fe98e1f-8e79-4cc8-ad7c-d8dcfa82ff1e@group-2D3AFA3CB3B2-SegmentedRaftLog:OPENED:c-1,f-1,i0, conf=-1: [dc8e1fa1-0742-4625-8bed-7dc210043178:192.168.157.248:35980, a6f2d0e5-b69b-4893-b0e1-e493defe37eb:192.168.157.248:38734, 4fe98e1f-8e79-4cc8-ad7c-d8dcfa82ff1e:192.168.157.248:41922], old=null
2019-10-01 21:46:20,503 [4fe98e1f-8e79-4cc8-ad7c-d8dcfa82ff1e@group-2D3AFA3CB3B2-LeaderElection28] INFO  impl.RoleInfo (RoleInfo.java:shutdownLeaderElection(134)) - 4fe98e1f-8e79-4cc8-ad7c-d8dcfa82ff1e: shutdown LeaderElection
2019-10-01 21:46:20,504 [4fe98e1f-8e79-4cc8-ad7c-d8dcfa82ff1e@group-2D3AFA3CB3B2-LeaderElection28] INFO  impl.RaftServerImpl (RaftServerImpl.java:setRole(170)) - 4fe98e1f-8e79-4cc8-ad7c-d8dcfa82ff1e@group-2D3AFA3CB3B2: changes role from CANDIDATE to LEADER at term 1 for changeToLeader
2019-10-01 21:46:20,504 [4fe98e1f-8e79-4cc8-ad7c-d8dcfa82ff1e@group-2D3AFA3CB3B2-LeaderElection28] INFO  impl.RaftServerImpl (ServerState.java:setLeader(255)) - 4fe98e1f-8e79-4cc8-ad7c-d8dcfa82ff1e@group-2D3AFA3CB3B2: change Leader from null to 4fe98e1f-8e79-4cc8-ad7c-d8dcfa82ff1e at term 1 for becomeLeader, leader elected after 5105ms
2019-10-01 21:46:20,504 [4fe98e1f-8e79-4cc8-ad7c-d8dcfa82ff1e@group-2D3AFA3CB3B2-LeaderElection28] INFO  server.RaftServerConfigKeys (ConfUtils.java:logGet(43)) - raft.server.staging.catchup.gap = 1000 (default)
2019-10-01 21:46:20,504 [4fe98e1f-8e79-4cc8-ad7c-d8dcfa82ff1e@group-2D3AFA3CB3B2-LeaderElection28] INFO  server.RaftServerConfigKeys (ConfUtils.java:logGet(43)) - raft.server.rpc.sleep.time = 25ms (default)
2019-10-01 21:46:20,504 [4fe98e1f-8e79-4cc8-ad7c-d8dcfa82ff1e@group-2D3AFA3CB3B2-LeaderElection28] INFO  server.RaftServerConfigKeys (ConfUtils.java:logGet(43)) - raft.server.write.element-limit = 4096 (default)
2019-10-01 21:46:20,505 [4fe98e1f-8e79-4cc8-ad7c-d8dcfa82ff1e@group-2D3AFA3CB3B2-LeaderElection28] INFO  server.RaftServerConfigKeys (ConfUtils.java:logGet(43)) - raft.server.watch.timeout = 10s (default)
2019-10-01 21:46:20,505 [4fe98e1f-8e79-4cc8-ad7c-d8dcfa82ff1e@group-2D3AFA3CB3B2-LeaderElection28] INFO  server.RaftServerConfigKeys (ConfUtils.java:logGet(43)) - raft.server.watch.timeout.denomination = 1s (default)
2019-10-01 21:46:20,505 [4fe98e1f-8e79-4cc8-ad7c-d8dcfa82ff1e@group-2D3AFA3CB3B2-LeaderElection28] INFO  server.RaftServerConfigKeys (ConfUtils.java:logGet(43)) - raft.server.watch.element-limit = 65536 (default)
2019-10-01 21:46:20,507 [4fe98e1f-8e79-4cc8-ad7c-d8dcfa82ff1e@group-2D3AFA3CB3B2-LeaderElection28] INFO  server.RaftServerConfigKeys (ConfUtils.java:logGet(43)) - raft.server.log.appender.snapshot.chunk.size.max = 16MB (=16777216) (default)
2019-10-01 21:46:20,508 [4fe98e1f-8e79-4cc8-ad7c-d8dcfa82ff1e@group-2D3AFA3CB3B2-LeaderElection28] INFO  server.RaftServerConfigKeys (ConfUtils.java:logGet(43)) - raft.server.log.appender.buffer.byte-limit = 33554432 (custom)
2019-10-01 21:46:20,508 [4fe98e1f-8e79-4cc8-ad7c-d8dcfa82ff1e@group-2D3AFA3CB3B2-LeaderElection28] INFO  server.RaftServerConfigKeys (ConfUtils.java:logGet(43)) - raft.server.log.appender.buffer.element-limit = 1 (custom)
2019-10-01 21:46:20,508 [4fe98e1f-8e79-4cc8-ad7c-d8dcfa82ff1e@group-2D3AFA3CB3B2-LeaderElection28] INFO  grpc.GrpcConfigKeys$Server (ConfUtils.java:logGet(43)) - raft.grpc.server.leader.outstanding.appends.max = 128 (default)
2019-10-01 21:46:20,509 [4fe98e1f-8e79-4cc8-ad7c-d8dcfa82ff1e@group-2D3AFA3CB3B2-LeaderElection28] INFO  server.RaftServerConfigKeys (ConfUtils.java:logGet(43)) - raft.server.rpc.request.timeout = 3000ms (default)
2019-10-01 21:46:20,509 [4fe98e1f-8e79-4cc8-ad7c-d8dcfa82ff1e@group-2D3AFA3CB3B2-LeaderElection28] INFO  server.RaftServerConfigKeys (ConfUtils.java:logGet(43)) - raft.server.log.appender.install.snapshot.enabled = false (custom)
2019-10-01 21:46:20,509 [4fe98e1f-8e79-4cc8-ad7c-d8dcfa82ff1e@group-2D3AFA3CB3B2-LeaderElection28] INFO  server.RaftServerConfigKeys (ConfUtils.java:logGet(43)) - raft.server.log.appender.snapshot.chunk.size.max = 16MB (=16777216) (default)
2019-10-01 21:46:20,509 [4fe98e1f-8e79-4cc8-ad7c-d8dcfa82ff1e@group-2D3AFA3CB3B2-LeaderElection28] INFO  server.RaftServerConfigKeys (ConfUtils.java:logGet(43)) - raft.server.log.appender.buffer.byte-limit = 33554432 (custom)
2019-10-01 21:46:20,510 [4fe98e1f-8e79-4cc8-ad7c-d8dcfa82ff1e@group-2D3AFA3CB3B2-LeaderElection28] INFO  server.RaftServerConfigKeys (ConfUtils.java:logGet(43)) - raft.server.log.appender.buffer.element-limit = 1 (custom)
2019-10-01 21:46:20,510 [4fe98e1f-8e79-4cc8-ad7c-d8dcfa82ff1e@group-2D3AFA3CB3B2-LeaderElection28] INFO  grpc.GrpcConfigKeys$Server (ConfUtils.java:logGet(43)) - raft.grpc.server.leader.outstanding.appends.max = 128 (default)
2019-10-01 21:46:20,510 [4fe98e1f-8e79-4cc8-ad7c-d8dcfa82ff1e@group-2D3AFA3CB3B2-LeaderElection28] INFO  server.RaftServerConfigKeys (ConfUtils.java:logGet(43)) - raft.server.rpc.request.timeout = 3000ms (default)
2019-10-01 21:46:20,510 [4fe98e1f-8e79-4cc8-ad7c-d8dcfa82ff1e@group-2D3AFA3CB3B2-LeaderElection28] INFO  server.RaftServerConfigKeys (ConfUtils.java:logGet(43)) - raft.server.log.appender.install.snapshot.enabled = false (custom)
2019-10-01 21:46:20,511 [4fe98e1f-8e79-4cc8-ad7c-d8dcfa82ff1e@group-2D3AFA3CB3B2-LeaderElection28] INFO  impl.RoleInfo (RoleInfo.java:updateAndGet(143)) - 4fe98e1f-8e79-4cc8-ad7c-d8dcfa82ff1e: start LeaderState
2019-10-01 21:46:20,511 [4fe98e1f-8e79-4cc8-ad7c-d8dcfa82ff1e@group-2D3AFA3CB3B2-LeaderElection28] INFO  segmented.SegmentedRaftLogWorker (SegmentedRaftLogWorker.java:startLogSegment(385)) - 4fe98e1f-8e79-4cc8-ad7c-d8dcfa82ff1e@group-2D3AFA3CB3B2-SegmentedRaftLogWorker: Starting segment from index:0
2019-10-01 21:46:20,512 [4fe98e1f-8e79-4cc8-ad7c-d8dcfa82ff1e@group-2D3AFA3CB3B2-LeaderElection28] INFO  impl.RaftServerImpl (ServerState.java:setRaftConf(356)) - 4fe98e1f-8e79-4cc8-ad7c-d8dcfa82ff1e@group-2D3AFA3CB3B2: set configuration 0: [dc8e1fa1-0742-4625-8bed-7dc210043178:192.168.157.248:35980, a6f2d0e5-b69b-4893-b0e1-e493defe37eb:192.168.157.248:38734, 4fe98e1f-8e79-4cc8-ad7c-d8dcfa82ff1e:192.168.157.248:41922], old=null at 0
2019-10-01 21:46:20,552 [grpc-default-executor-2] INFO  impl.RaftServerImpl (ServerState.java:setLeader(255)) - a6f2d0e5-b69b-4893-b0e1-e493defe37eb@group-2D3AFA3CB3B2: change Leader from null to 4fe98e1f-8e79-4cc8-ad7c-d8dcfa82ff1e at term 1 for appendEntries, leader elected after 5154ms
2019-10-01 21:46:20,552 [grpc-default-executor-0] INFO  impl.RaftServerImpl (ServerState.java:setLeader(255)) - dc8e1fa1-0742-4625-8bed-7dc210043178@group-2D3AFA3CB3B2: change Leader from null to 4fe98e1f-8e79-4cc8-ad7c-d8dcfa82ff1e at term 1 for appendEntries, leader elected after 5154ms
2019-10-01 21:46:20,559 [grpc-default-executor-0] INFO  impl.RaftServerImpl (ServerState.java:setRaftConf(356)) - dc8e1fa1-0742-4625-8bed-7dc210043178@group-2D3AFA3CB3B2: set configuration 0: [dc8e1fa1-0742-4625-8bed-7dc210043178:192.168.157.248:35980, a6f2d0e5-b69b-4893-b0e1-e493defe37eb:192.168.157.248:38734, 4fe98e1f-8e79-4cc8-ad7c-d8dcfa82ff1e:192.168.157.248:41922], old=null at 0
2019-10-01 21:46:20,559 [grpc-default-executor-2] INFO  impl.RaftServerImpl (ServerState.java:setRaftConf(356)) - a6f2d0e5-b69b-4893-b0e1-e493defe37eb@group-2D3AFA3CB3B2: set configuration 0: [dc8e1fa1-0742-4625-8bed-7dc210043178:192.168.157.248:35980, a6f2d0e5-b69b-4893-b0e1-e493defe37eb:192.168.157.248:38734, 4fe98e1f-8e79-4cc8-ad7c-d8dcfa82ff1e:192.168.157.248:41922], old=null at 0
2019-10-01 21:46:20,559 [grpc-default-executor-0] INFO  segmented.SegmentedRaftLogWorker (SegmentedRaftLogWorker.java:startLogSegment(385)) - dc8e1fa1-0742-4625-8bed-7dc210043178@group-2D3AFA3CB3B2-SegmentedRaftLogWorker: Starting segment from index:0
2019-10-01 21:46:20,560 [grpc-default-executor-2] INFO  segmented.SegmentedRaftLogWorker (SegmentedRaftLogWorker.java:startLogSegment(385)) - a6f2d0e5-b69b-4893-b0e1-e493defe37eb@group-2D3AFA3CB3B2-SegmentedRaftLogWorker: Starting segment from index:0
2019-10-01 21:46:20,571 [4fe98e1f-8e79-4cc8-ad7c-d8dcfa82ff1e@group-2D3AFA3CB3B2-SegmentedRaftLogWorker] INFO  segmented.SegmentedRaftLogWorker (SegmentedRaftLogWorker.java:execute(574)) - 4fe98e1f-8e79-4cc8-ad7c-d8dcfa82ff1e@group-2D3AFA3CB3B2-SegmentedRaftLogWorker: created new log segment /workdir/hadoop-ozone/integration-test/target/test-dir/MiniOzoneClusterImpl-7b6a5651-b981-441c-ae9d-bfe7df6634f9/datanode-3/data/ratis/34d945b3-3e16-4f87-b25a-2d3afa3cb3b2/current/log_inprogress_0
2019-10-01 21:46:20,614 [dc8e1fa1-0742-4625-8bed-7dc210043178@group-2D3AFA3CB3B2-SegmentedRaftLogWorker] INFO  segmented.SegmentedRaftLogWorker (SegmentedRaftLogWorker.java:execute(574)) - dc8e1fa1-0742-4625-8bed-7dc210043178@group-2D3AFA3CB3B2-SegmentedRaftLogWorker: created new log segment /workdir/hadoop-ozone/integration-test/target/test-dir/MiniOzoneClusterImpl-7b6a5651-b981-441c-ae9d-bfe7df6634f9/datanode-0/data/ratis/34d945b3-3e16-4f87-b25a-2d3afa3cb3b2/current/log_inprogress_0
2019-10-01 21:46:20,614 [a6f2d0e5-b69b-4893-b0e1-e493defe37eb@group-2D3AFA3CB3B2-SegmentedRaftLogWorker] INFO  segmented.SegmentedRaftLogWorker (SegmentedRaftLogWorker.java:execute(574)) - a6f2d0e5-b69b-4893-b0e1-e493defe37eb@group-2D3AFA3CB3B2-SegmentedRaftLogWorker: created new log segment /workdir/hadoop-ozone/integration-test/target/test-dir/MiniOzoneClusterImpl-7b6a5651-b981-441c-ae9d-bfe7df6634f9/datanode-2/data/ratis/34d945b3-3e16-4f87-b25a-2d3afa3cb3b2/current/log_inprogress_0
2019-10-01 21:46:20,619 [Thread-1444] INFO  impl.FollowerState (FollowerState.java:run(108)) - 115b1da9-a9c1-442b-a02d-91833fdf26c6@group-2955C8BDC7F0-FollowerState: change to CANDIDATE, lastRpcTime:5098ms, electionTimeout:5098ms
2019-10-01 21:46:20,619 [Thread-1444] INFO  impl.RoleInfo (RoleInfo.java:shutdownFollowerState(121)) - 115b1da9-a9c1-442b-a02d-91833fdf26c6: shutdown FollowerState
2019-10-01 21:46:20,619 [Thread-1444] INFO  impl.RaftServerImpl (RaftServerImpl.java:setRole(170)) - 115b1da9-a9c1-442b-a02d-91833fdf26c6@group-2955C8BDC7F0: changes role from  FOLLOWER to CANDIDATE at term 0 for changeToCandidate
2019-10-01 21:46:20,620 [Thread-1444] INFO  impl.RoleInfo (RoleInfo.java:updateAndGet(143)) - 115b1da9-a9c1-442b-a02d-91833fdf26c6: start LeaderElection
2019-10-01 21:46:20,641 [115b1da9-a9c1-442b-a02d-91833fdf26c6@group-2955C8BDC7F0-LeaderElection29] INFO  impl.LeaderElection (LeaderElection.java:askForVotes(178)) - 115b1da9-a9c1-442b-a02d-91833fdf26c6@group-2955C8BDC7F0-LeaderElection29: begin an election at term 1 for -1: [115b1da9-a9c1-442b-a02d-91833fdf26c6:192.168.157.248:40674, ef59291a-b883-4843-8937-a6a715cac87d:192.168.157.248:40069, 9a8983bb-97da-4580-ae0e-7f38e0c486d3:192.168.157.248:40048], old=null
2019-10-01 21:46:20,650 [grpc-default-executor-0] INFO  impl.RaftServerImpl (RaftServerImpl.java:setRole(170)) - ef59291a-b883-4843-8937-a6a715cac87d@group-2955C8BDC7F0: changes role from  FOLLOWER to FOLLOWER at term 1 for recognizeCandidate:115b1da9-a9c1-442b-a02d-91833fdf26c6
2019-10-01 21:46:20,654 [grpc-default-executor-0] INFO  impl.RoleInfo (RoleInfo.java:shutdownFollowerState(121)) - ef59291a-b883-4843-8937-a6a715cac87d: shutdown FollowerState
2019-10-01 21:46:20,656 [grpc-default-executor-3] INFO  impl.RaftServerImpl (RaftServerImpl.java:setRole(170)) - 9a8983bb-97da-4580-ae0e-7f38e0c486d3@group-2955C8BDC7F0: changes role from  FOLLOWER to FOLLOWER at term 1 for recognizeCandidate:115b1da9-a9c1-442b-a02d-91833fdf26c6
2019-10-01 21:46:20,656 [grpc-default-executor-0] INFO  impl.RoleInfo (RoleInfo.java:updateAndGet(143)) - ef59291a-b883-4843-8937-a6a715cac87d: start FollowerState
2019-10-01 21:46:20,657 [grpc-default-executor-3] INFO  impl.RoleInfo (RoleInfo.java:shutdownFollowerState(121)) - 9a8983bb-97da-4580-ae0e-7f38e0c486d3: shutdown FollowerState
2019-10-01 21:46:20,657 [grpc-default-executor-3] INFO  impl.RoleInfo (RoleInfo.java:updateAndGet(143)) - 9a8983bb-97da-4580-ae0e-7f38e0c486d3: start FollowerState
2019-10-01 21:46:20,657 [Thread-1446] INFO  impl.FollowerState (FollowerState.java:run(117)) - 9a8983bb-97da-4580-ae0e-7f38e0c486d3@group-2955C8BDC7F0-FollowerState was interrupted: java.lang.InterruptedException: sleep interrupted
2019-10-01 21:46:20,679 [115b1da9-a9c1-442b-a02d-91833fdf26c6@group-2955C8BDC7F0-LeaderElection29] INFO  impl.LeaderElection (LeaderElection.java:logAndReturn(56)) - 115b1da9-a9c1-442b-a02d-91833fdf26c6@group-2955C8BDC7F0-LeaderElection29: Election PASSED; received 1 response(s) [115b1da9-a9c1-442b-a02d-91833fdf26c6<-ef59291a-b883-4843-8937-a6a715cac87d#0:OK-t1] and 0 exception(s); 115b1da9-a9c1-442b-a02d-91833fdf26c6@group-2955C8BDC7F0:t1, leader=null, voted=115b1da9-a9c1-442b-a02d-91833fdf26c6, raftlog=115b1da9-a9c1-442b-a02d-91833fdf26c6@group-2955C8BDC7F0-SegmentedRaftLog:OPENED:c-1,f-1,i0, conf=-1: [115b1da9-a9c1-442b-a02d-91833fdf26c6:192.168.157.248:40674, ef59291a-b883-4843-8937-a6a715cac87d:192.168.157.248:40069, 9a8983bb-97da-4580-ae0e-7f38e0c486d3:192.168.157.248:40048], old=null
2019-10-01 21:46:20,680 [115b1da9-a9c1-442b-a02d-91833fdf26c6@group-2955C8BDC7F0-LeaderElection29] INFO  impl.RoleInfo (RoleInfo.java:shutdownLeaderElection(134)) - 115b1da9-a9c1-442b-a02d-91833fdf26c6: shutdown LeaderElection
2019-10-01 21:46:20,680 [115b1da9-a9c1-442b-a02d-91833fdf26c6@group-2955C8BDC7F0-LeaderElection29] INFO  impl.RaftServerImpl (RaftServerImpl.java:setRole(170)) - 115b1da9-a9c1-442b-a02d-91833fdf26c6@group-2955C8BDC7F0: changes role from CANDIDATE to LEADER at term 1 for changeToLeader
2019-10-01 21:46:20,680 [115b1da9-a9c1-442b-a02d-91833fdf26c6@group-2955C8BDC7F0-LeaderElection29] INFO  impl.RaftServerImpl (ServerState.java:setLeader(255)) - 115b1da9-a9c1-442b-a02d-91833fdf26c6@group-2955C8BDC7F0: change Leader from null to 115b1da9-a9c1-442b-a02d-91833fdf26c6 at term 1 for becomeLeader, leader elected after 5173ms
2019-10-01 21:46:20,680 [115b1da9-a9c1-442b-a02d-91833fdf26c6@group-2955C8BDC7F0-LeaderElection29] INFO  server.RaftServerConfigKeys (ConfUtils.java:logGet(43)) - raft.server.staging.catchup.gap = 1000 (default)
2019-10-01 21:46:20,680 [115b1da9-a9c1-442b-a02d-91833fdf26c6@group-2955C8BDC7F0-LeaderElection29] INFO  server.RaftServerConfigKeys (ConfUtils.java:logGet(43)) - raft.server.rpc.sleep.time = 25ms (default)
2019-10-01 21:46:20,681 [115b1da9-a9c1-442b-a02d-91833fdf26c6@group-2955C8BDC7F0-LeaderElection29] INFO  server.RaftServerConfigKeys (ConfUtils.java:logGet(43)) - raft.server.write.element-limit = 4096 (default)
2019-10-01 21:46:20,681 [115b1da9-a9c1-442b-a02d-91833fdf26c6@group-2955C8BDC7F0-LeaderElection29] INFO  server.RaftServerConfigKeys (ConfUtils.java:logGet(43)) - raft.server.watch.timeout = 10s (default)
2019-10-01 21:46:20,681 [115b1da9-a9c1-442b-a02d-91833fdf26c6@group-2955C8BDC7F0-LeaderElection29] INFO  server.RaftServerConfigKeys (ConfUtils.java:logGet(43)) - raft.server.watch.timeout.denomination = 1s (default)
2019-10-01 21:46:20,681 [115b1da9-a9c1-442b-a02d-91833fdf26c6@group-2955C8BDC7F0-LeaderElection29] INFO  server.RaftServerConfigKeys (ConfUtils.java:logGet(43)) - raft.server.watch.element-limit = 65536 (default)
2019-10-01 21:46:20,684 [115b1da9-a9c1-442b-a02d-91833fdf26c6@group-2955C8BDC7F0-LeaderElection29] INFO  server.RaftServerConfigKeys (ConfUtils.java:logGet(43)) - raft.server.log.appender.snapshot.chunk.size.max = 16MB (=16777216) (default)
2019-10-01 21:46:20,684 [115b1da9-a9c1-442b-a02d-91833fdf26c6@group-2955C8BDC7F0-LeaderElection29] INFO  server.RaftServerConfigKeys (ConfUtils.java:logGet(43)) - raft.server.log.appender.buffer.byte-limit = 33554432 (custom)
2019-10-01 21:46:20,684 [115b1da9-a9c1-442b-a02d-91833fdf26c6@group-2955C8BDC7F0-LeaderElection29] INFO  server.RaftServerConfigKeys (ConfUtils.java:logGet(43)) - raft.server.log.appender.buffer.element-limit = 1 (custom)
2019-10-01 21:46:20,684 [115b1da9-a9c1-442b-a02d-91833fdf26c6@group-2955C8BDC7F0-LeaderElection29] INFO  grpc.GrpcConfigKeys$Server (ConfUtils.java:logGet(43)) - raft.grpc.server.leader.outstanding.appends.max = 128 (default)
2019-10-01 21:46:20,685 [115b1da9-a9c1-442b-a02d-91833fdf26c6@group-2955C8BDC7F0-LeaderElection29] INFO  server.RaftServerConfigKeys (ConfUtils.java:logGet(43)) - raft.server.rpc.request.timeout = 3000ms (default)
2019-10-01 21:46:20,685 [115b1da9-a9c1-442b-a02d-91833fdf26c6@group-2955C8BDC7F0-LeaderElection29] INFO  server.RaftServerConfigKeys (ConfUtils.java:logGet(43)) - raft.server.log.appender.install.snapshot.enabled = false (custom)
2019-10-01 21:46:20,685 [115b1da9-a9c1-442b-a02d-91833fdf26c6@group-2955C8BDC7F0-LeaderElection29] INFO  server.RaftServerConfigKeys (ConfUtils.java:logGet(43)) - raft.server.log.appender.snapshot.chunk.size.max = 16MB (=16777216) (default)
2019-10-01 21:46:20,685 [115b1da9-a9c1-442b-a02d-91833fdf26c6@group-2955C8BDC7F0-LeaderElection29] INFO  server.RaftServerConfigKeys (ConfUtils.java:logGet(43)) - raft.server.log.appender.buffer.byte-limit = 33554432 (custom)
2019-10-01 21:46:20,685 [115b1da9-a9c1-442b-a02d-91833fdf26c6@group-2955C8BDC7F0-LeaderElection29] INFO  server.RaftServerConfigKeys (ConfUtils.java:logGet(43)) - raft.server.log.appender.buffer.element-limit = 1 (custom)
2019-10-01 21:46:20,686 [115b1da9-a9c1-442b-a02d-91833fdf26c6@group-2955C8BDC7F0-LeaderElection29] INFO  grpc.GrpcConfigKeys$Server (ConfUtils.java:logGet(43)) - raft.grpc.server.leader.outstanding.appends.max = 128 (default)
2019-10-01 21:46:20,686 [115b1da9-a9c1-442b-a02d-91833fdf26c6@group-2955C8BDC7F0-LeaderElection29] INFO  server.RaftServerConfigKeys (ConfUtils.java:logGet(43)) - raft.server.rpc.request.timeout = 3000ms (default)
2019-10-01 21:46:20,686 [115b1da9-a9c1-442b-a02d-91833fdf26c6@group-2955C8BDC7F0-LeaderElection29] INFO  server.RaftServerConfigKeys (ConfUtils.java:logGet(43)) - raft.server.log.appender.install.snapshot.enabled = false (custom)
2019-10-01 21:46:20,687 [115b1da9-a9c1-442b-a02d-91833fdf26c6@group-2955C8BDC7F0-LeaderElection29] INFO  impl.RoleInfo (RoleInfo.java:updateAndGet(143)) - 115b1da9-a9c1-442b-a02d-91833fdf26c6: start LeaderState
2019-10-01 21:46:20,687 [115b1da9-a9c1-442b-a02d-91833fdf26c6@group-2955C8BDC7F0-LeaderElection29] INFO  segmented.SegmentedRaftLogWorker (SegmentedRaftLogWorker.java:startLogSegment(385)) - 115b1da9-a9c1-442b-a02d-91833fdf26c6@group-2955C8BDC7F0-SegmentedRaftLogWorker: Starting segment from index:0
2019-10-01 21:46:20,688 [115b1da9-a9c1-442b-a02d-91833fdf26c6@group-2955C8BDC7F0-LeaderElection29] INFO  impl.RaftServerImpl (ServerState.java:setRaftConf(356)) - 115b1da9-a9c1-442b-a02d-91833fdf26c6@group-2955C8BDC7F0: set configuration 0: [115b1da9-a9c1-442b-a02d-91833fdf26c6:192.168.157.248:40674, ef59291a-b883-4843-8937-a6a715cac87d:192.168.157.248:40069, 9a8983bb-97da-4580-ae0e-7f38e0c486d3:192.168.157.248:40048], old=null at 0
2019-10-01 21:46:20,689 [grpc-default-executor-3] INFO  impl.RaftServerImpl (ServerState.java:setLeader(255)) - ef59291a-b883-4843-8937-a6a715cac87d@group-2955C8BDC7F0: change Leader from null to 115b1da9-a9c1-442b-a02d-91833fdf26c6 at term 1 for appendEntries, leader elected after 5178ms
2019-10-01 21:46:20,730 [Thread-1452] INFO  impl.FollowerState (FollowerState.java:run(108)) - 80033017-1aba-45d4-a05d-12259020a4c3@group-1722CE7FD290-FollowerState: change to CANDIDATE, lastRpcTime:5135ms, electionTimeout:5099ms
2019-10-01 21:46:20,730 [Thread-1452] INFO  impl.RoleInfo (RoleInfo.java:shutdownFollowerState(121)) - 80033017-1aba-45d4-a05d-12259020a4c3: shutdown FollowerState
2019-10-01 21:46:20,733 [grpc-default-executor-0] INFO  impl.RaftServerImpl (ServerState.java:setLeader(255)) - 9a8983bb-97da-4580-ae0e-7f38e0c486d3@group-2955C8BDC7F0: change Leader from null to 115b1da9-a9c1-442b-a02d-91833fdf26c6 at term 1 for appendEntries, leader elected after 5222ms
2019-10-01 21:46:20,733 [Thread-1452] INFO  impl.RaftServerImpl (RaftServerImpl.java:setRole(170)) - 80033017-1aba-45d4-a05d-12259020a4c3@group-1722CE7FD290: changes role from  FOLLOWER to CANDIDATE at term 0 for changeToCandidate
2019-10-01 21:46:20,734 [Thread-1452] INFO  impl.RoleInfo (RoleInfo.java:updateAndGet(143)) - 80033017-1aba-45d4-a05d-12259020a4c3: start LeaderElection
2019-10-01 21:46:20,743 [grpc-default-executor-3] INFO  impl.RaftServerImpl (ServerState.java:setRaftConf(356)) - ef59291a-b883-4843-8937-a6a715cac87d@group-2955C8BDC7F0: set configuration 0: [115b1da9-a9c1-442b-a02d-91833fdf26c6:192.168.157.248:40674, ef59291a-b883-4843-8937-a6a715cac87d:192.168.157.248:40069, 9a8983bb-97da-4580-ae0e-7f38e0c486d3:192.168.157.248:40048], old=null at 0
2019-10-01 21:46:20,744 [grpc-default-executor-3] INFO  segmented.SegmentedRaftLogWorker (SegmentedRaftLogWorker.java:startLogSegment(385)) - ef59291a-b883-4843-8937-a6a715cac87d@group-2955C8BDC7F0-SegmentedRaftLogWorker: Starting segment from index:0
2019-10-01 21:46:20,744 [grpc-default-executor-0] INFO  impl.RaftServerImpl (ServerState.java:setRaftConf(356)) - 9a8983bb-97da-4580-ae0e-7f38e0c486d3@group-2955C8BDC7F0: set configuration 0: [115b1da9-a9c1-442b-a02d-91833fdf26c6:192.168.157.248:40674, ef59291a-b883-4843-8937-a6a715cac87d:192.168.157.248:40069, 9a8983bb-97da-4580-ae0e-7f38e0c486d3:192.168.157.248:40048], old=null at 0
2019-10-01 21:46:20,744 [grpc-default-executor-0] INFO  segmented.SegmentedRaftLogWorker (SegmentedRaftLogWorker.java:startLogSegment(385)) - 9a8983bb-97da-4580-ae0e-7f38e0c486d3@group-2955C8BDC7F0-SegmentedRaftLogWorker: Starting segment from index:0
2019-10-01 21:46:20,753 [115b1da9-a9c1-442b-a02d-91833fdf26c6@group-2955C8BDC7F0-SegmentedRaftLogWorker] INFO  segmented.SegmentedRaftLogWorker (SegmentedRaftLogWorker.java:execute(574)) - 115b1da9-a9c1-442b-a02d-91833fdf26c6@group-2955C8BDC7F0-SegmentedRaftLogWorker: created new log segment /workdir/hadoop-ozone/integration-test/target/test-dir/MiniOzoneClusterImpl-7b6a5651-b981-441c-ae9d-bfe7df6634f9/datanode-1/data/ratis/ef74f3b4-6b24-4080-8926-2955c8bdc7f0/current/log_inprogress_0
2019-10-01 21:46:20,755 [80033017-1aba-45d4-a05d-12259020a4c3@group-1722CE7FD290-LeaderElection30] INFO  impl.LeaderElection (LeaderElection.java:askForVotes(178)) - 80033017-1aba-45d4-a05d-12259020a4c3@group-1722CE7FD290-LeaderElection30: begin an election at term 1 for -1: [80033017-1aba-45d4-a05d-12259020a4c3:192.168.157.248:36978], old=null
2019-10-01 21:46:20,755 [80033017-1aba-45d4-a05d-12259020a4c3@group-1722CE7FD290-LeaderElection30] INFO  impl.RoleInfo (RoleInfo.java:shutdownLeaderElection(134)) - 80033017-1aba-45d4-a05d-12259020a4c3: shutdown LeaderElection
2019-10-01 21:46:20,755 [80033017-1aba-45d4-a05d-12259020a4c3@group-1722CE7FD290-LeaderElection30] INFO  impl.RaftServerImpl (RaftServerImpl.java:setRole(170)) - 80033017-1aba-45d4-a05d-12259020a4c3@group-1722CE7FD290: changes role from CANDIDATE to LEADER at term 1 for changeToLeader
2019-10-01 21:46:20,755 [80033017-1aba-45d4-a05d-12259020a4c3@group-1722CE7FD290-LeaderElection30] INFO  impl.RaftServerImpl (ServerState.java:setLeader(255)) - 80033017-1aba-45d4-a05d-12259020a4c3@group-1722CE7FD290: change Leader from null to 80033017-1aba-45d4-a05d-12259020a4c3 at term 1 for becomeLeader, leader elected after 5165ms
2019-10-01 21:46:20,755 [80033017-1aba-45d4-a05d-12259020a4c3@group-1722CE7FD290-LeaderElection30] INFO  server.RaftServerConfigKeys (ConfUtils.java:logGet(43)) - raft.server.staging.catchup.gap = 1000 (default)
2019-10-01 21:46:20,756 [80033017-1aba-45d4-a05d-12259020a4c3@group-1722CE7FD290-LeaderElection30] INFO  server.RaftServerConfigKeys (ConfUtils.java:logGet(43)) - raft.server.rpc.sleep.time = 25ms (default)
2019-10-01 21:46:20,756 [80033017-1aba-45d4-a05d-12259020a4c3@group-1722CE7FD290-LeaderElection30] INFO  server.RaftServerConfigKeys (ConfUtils.java:logGet(43)) - raft.server.write.element-limit = 4096 (default)
2019-10-01 21:46:20,756 [80033017-1aba-45d4-a05d-12259020a4c3@group-1722CE7FD290-LeaderElection30] INFO  server.RaftServerConfigKeys (ConfUtils.java:logGet(43)) - raft.server.watch.timeout = 10s (default)
2019-10-01 21:46:20,756 [80033017-1aba-45d4-a05d-12259020a4c3@group-1722CE7FD290-LeaderElection30] INFO  server.RaftServerConfigKeys (ConfUtils.java:logGet(43)) - raft.server.watch.timeout.denomination = 1s (default)
2019-10-01 21:46:20,756 [80033017-1aba-45d4-a05d-12259020a4c3@group-1722CE7FD290-LeaderElection30] INFO  server.RaftServerConfigKeys (ConfUtils.java:logGet(43)) - raft.server.watch.element-limit = 65536 (default)
2019-10-01 21:46:20,759 [80033017-1aba-45d4-a05d-12259020a4c3@group-1722CE7FD290-LeaderElection30] INFO  impl.RoleInfo (RoleInfo.java:updateAndGet(143)) - 80033017-1aba-45d4-a05d-12259020a4c3: start LeaderState
2019-10-01 21:46:20,759 [80033017-1aba-45d4-a05d-12259020a4c3@group-1722CE7FD290-LeaderElection30] INFO  segmented.SegmentedRaftLogWorker (SegmentedRaftLogWorker.java:startLogSegment(385)) - 80033017-1aba-45d4-a05d-12259020a4c3@group-1722CE7FD290-SegmentedRaftLogWorker: Starting segment from index:0
2019-10-01 21:46:20,760 [80033017-1aba-45d4-a05d-12259020a4c3@group-1722CE7FD290-LeaderElection30] INFO  impl.RaftServerImpl (ServerState.java:setRaftConf(356)) - 80033017-1aba-45d4-a05d-12259020a4c3@group-1722CE7FD290: set configuration 0: [80033017-1aba-45d4-a05d-12259020a4c3:192.168.157.248:36978], old=null at 0
2019-10-01 21:46:20,800 [9a8983bb-97da-4580-ae0e-7f38e0c486d3@group-2955C8BDC7F0-SegmentedRaftLogWorker] INFO  segmented.SegmentedRaftLogWorker (SegmentedRaftLogWorker.java:execute(574)) - 9a8983bb-97da-4580-ae0e-7f38e0c486d3@group-2955C8BDC7F0-SegmentedRaftLogWorker: created new log segment /workdir/hadoop-ozone/integration-test/target/test-dir/MiniOzoneClusterImpl-7b6a5651-b981-441c-ae9d-bfe7df6634f9/datanode-4/data/ratis/ef74f3b4-6b24-4080-8926-2955c8bdc7f0/current/log_inprogress_0
2019-10-01 21:46:20,800 [ef59291a-b883-4843-8937-a6a715cac87d@group-2955C8BDC7F0-SegmentedRaftLogWorker] INFO  segmented.SegmentedRaftLogWorker (SegmentedRaftLogWorker.java:execute(574)) - ef59291a-b883-4843-8937-a6a715cac87d@group-2955C8BDC7F0-SegmentedRaftLogWorker: created new log segment /workdir/hadoop-ozone/integration-test/target/test-dir/MiniOzoneClusterImpl-7b6a5651-b981-441c-ae9d-bfe7df6634f9/datanode-5/data/ratis/ef74f3b4-6b24-4080-8926-2955c8bdc7f0/current/log_inprogress_0
2019-10-01 21:46:20,813 [80033017-1aba-45d4-a05d-12259020a4c3@group-1722CE7FD290-SegmentedRaftLogWorker] INFO  segmented.SegmentedRaftLogWorker (SegmentedRaftLogWorker.java:execute(574)) - 80033017-1aba-45d4-a05d-12259020a4c3@group-1722CE7FD290-SegmentedRaftLogWorker: created new log segment /workdir/hadoop-ozone/integration-test/target/test-dir/MiniOzoneClusterImpl-7b6a5651-b981-441c-ae9d-bfe7df6634f9/datanode-6/data/ratis/c1080be2-ea2c-4cca-afbc-1722ce7fd290/current/log_inprogress_0
2019-10-01 21:46:20,816 [Thread-1455] INFO  impl.FollowerState (FollowerState.java:run(108)) - ef59291a-b883-4843-8937-a6a715cac87d@group-43DFC08946F1-FollowerState: change to CANDIDATE, lastRpcTime:5173ms, electionTimeout:5173ms
2019-10-01 21:46:20,816 [Thread-1455] INFO  impl.RoleInfo (RoleInfo.java:shutdownFollowerState(121)) - ef59291a-b883-4843-8937-a6a715cac87d: shutdown FollowerState
2019-10-01 21:46:20,817 [Thread-1455] INFO  impl.RaftServerImpl (RaftServerImpl.java:setRole(170)) - ef59291a-b883-4843-8937-a6a715cac87d@group-43DFC08946F1: changes role from  FOLLOWER to CANDIDATE at term 0 for changeToCandidate
2019-10-01 21:46:20,817 [Thread-1455] INFO  impl.RoleInfo (RoleInfo.java:updateAndGet(143)) - ef59291a-b883-4843-8937-a6a715cac87d: start LeaderElection
2019-10-01 21:46:20,835 [Thread-1458] INFO  impl.FollowerState (FollowerState.java:run(108)) - 9a8983bb-97da-4580-ae0e-7f38e0c486d3@group-D743540307DE-FollowerState: change to CANDIDATE, lastRpcTime:5143ms, electionTimeout:5143ms
2019-10-01 21:46:20,835 [Thread-1458] INFO  impl.RoleInfo (RoleInfo.java:shutdownFollowerState(121)) - 9a8983bb-97da-4580-ae0e-7f38e0c486d3: shutdown FollowerState
2019-10-01 21:46:20,836 [Thread-1458] INFO  impl.RaftServerImpl (RaftServerImpl.java:setRole(170)) - 9a8983bb-97da-4580-ae0e-7f38e0c486d3@group-D743540307DE: changes role from  FOLLOWER to CANDIDATE at term 0 for changeToCandidate
2019-10-01 21:46:20,836 [Thread-1458] INFO  impl.RoleInfo (RoleInfo.java:updateAndGet(143)) - 9a8983bb-97da-4580-ae0e-7f38e0c486d3: start LeaderElection
2019-10-01 21:46:20,842 [ef59291a-b883-4843-8937-a6a715cac87d@group-43DFC08946F1-LeaderElection31] INFO  impl.LeaderElection (LeaderElection.java:askForVotes(178)) - ef59291a-b883-4843-8937-a6a715cac87d@group-43DFC08946F1-LeaderElection31: begin an election at term 1 for -1: [ef59291a-b883-4843-8937-a6a715cac87d:192.168.157.248:40069], old=null
2019-10-01 21:46:20,842 [ef59291a-b883-4843-8937-a6a715cac87d@group-43DFC08946F1-LeaderElection31] INFO  impl.RoleInfo (RoleInfo.java:shutdownLeaderElection(134)) - ef59291a-b883-4843-8937-a6a715cac87d: shutdown LeaderElection
2019-10-01 21:46:20,842 [ef59291a-b883-4843-8937-a6a715cac87d@group-43DFC08946F1-LeaderElection31] INFO  impl.RaftServerImpl (RaftServerImpl.java:setRole(170)) - ef59291a-b883-4843-8937-a6a715cac87d@group-43DFC08946F1: changes role from CANDIDATE to LEADER at term 1 for changeToLeader
2019-10-01 21:46:20,843 [ef59291a-b883-4843-8937-a6a715cac87d@group-43DFC08946F1-LeaderElection31] INFO  impl.RaftServerImpl (ServerState.java:setLeader(255)) - ef59291a-b883-4843-8937-a6a715cac87d@group-43DFC08946F1: change Leader from null to ef59291a-b883-4843-8937-a6a715cac87d at term 1 for becomeLeader, leader elected after 5206ms
2019-10-01 21:46:20,843 [ef59291a-b883-4843-8937-a6a715cac87d@group-43DFC08946F1-LeaderElection31] INFO  server.RaftServerConfigKeys (ConfUtils.java:logGet(43)) - raft.server.staging.catchup.gap = 1000 (default)
2019-10-01 21:46:20,843 [ef59291a-b883-4843-8937-a6a715cac87d@group-43DFC08946F1-LeaderElection31] INFO  server.RaftServerConfigKeys (ConfUtils.java:logGet(43)) - raft.server.rpc.sleep.time = 25ms (default)
2019-10-01 21:46:20,843 [ef59291a-b883-4843-8937-a6a715cac87d@group-43DFC08946F1-LeaderElection31] INFO  server.RaftServerConfigKeys (ConfUtils.java:logGet(43)) - raft.server.write.element-limit = 4096 (default)
2019-10-01 21:46:20,843 [ef59291a-b883-4843-8937-a6a715cac87d@group-43DFC08946F1-LeaderElection31] INFO  server.RaftServerConfigKeys (ConfUtils.java:logGet(43)) - raft.server.watch.timeout = 10s (default)
2019-10-01 21:46:20,843 [ef59291a-b883-4843-8937-a6a715cac87d@group-43DFC08946F1-LeaderElection31] INFO  server.RaftServerConfigKeys (ConfUtils.java:logGet(43)) - raft.server.watch.timeout.denomination = 1s (default)
2019-10-01 21:46:20,844 [ef59291a-b883-4843-8937-a6a715cac87d@group-43DFC08946F1-LeaderElection31] INFO  server.RaftServerConfigKeys (ConfUtils.java:logGet(43)) - raft.server.watch.element-limit = 65536 (default)
2019-10-01 21:46:20,846 [ef59291a-b883-4843-8937-a6a715cac87d@group-43DFC08946F1-LeaderElection31] INFO  impl.RoleInfo (RoleInfo.java:updateAndGet(143)) - ef59291a-b883-4843-8937-a6a715cac87d: start LeaderState
2019-10-01 21:46:20,846 [ef59291a-b883-4843-8937-a6a715cac87d@group-43DFC08946F1-LeaderElection31] INFO  segmented.SegmentedRaftLogWorker (SegmentedRaftLogWorker.java:startLogSegment(385)) - ef59291a-b883-4843-8937-a6a715cac87d@group-43DFC08946F1-SegmentedRaftLogWorker: Starting segment from index:0
2019-10-01 21:46:20,847 [ef59291a-b883-4843-8937-a6a715cac87d@group-43DFC08946F1-LeaderElection31] INFO  impl.RaftServerImpl (ServerState.java:setRaftConf(356)) - ef59291a-b883-4843-8937-a6a715cac87d@group-43DFC08946F1: set configuration 0: [ef59291a-b883-4843-8937-a6a715cac87d:192.168.157.248:40069], old=null at 0
2019-10-01 21:46:20,896 [9a8983bb-97da-4580-ae0e-7f38e0c486d3@group-D743540307DE-LeaderElection32] INFO  impl.LeaderElection (LeaderElection.java:askForVotes(178)) - 9a8983bb-97da-4580-ae0e-7f38e0c486d3@group-D743540307DE-LeaderElection32: begin an election at term 1 for -1: [9a8983bb-97da-4580-ae0e-7f38e0c486d3:192.168.157.248:40048], old=null
2019-10-01 21:46:20,899 [9a8983bb-97da-4580-ae0e-7f38e0c486d3@group-D743540307DE-LeaderElection32] INFO  impl.RoleInfo (RoleInfo.java:shutdownLeaderElection(134)) - 9a8983bb-97da-4580-ae0e-7f38e0c486d3: shutdown LeaderElection
2019-10-01 21:46:20,899 [9a8983bb-97da-4580-ae0e-7f38e0c486d3@group-D743540307DE-LeaderElection32] INFO  impl.RaftServerImpl (RaftServerImpl.java:setRole(170)) - 9a8983bb-97da-4580-ae0e-7f38e0c486d3@group-D743540307DE: changes role from CANDIDATE to LEADER at term 1 for changeToLeader
2019-10-01 21:46:20,900 [9a8983bb-97da-4580-ae0e-7f38e0c486d3@group-D743540307DE-LeaderElection32] INFO  impl.RaftServerImpl (ServerState.java:setLeader(255)) - 9a8983bb-97da-4580-ae0e-7f38e0c486d3@group-D743540307DE: change Leader from null to 9a8983bb-97da-4580-ae0e-7f38e0c486d3 at term 1 for becomeLeader, leader elected after 5213ms
2019-10-01 21:46:20,900 [9a8983bb-97da-4580-ae0e-7f38e0c486d3@group-D743540307DE-LeaderElection32] INFO  server.RaftServerConfigKeys (ConfUtils.java:logGet(43)) - raft.server.staging.catchup.gap = 1000 (default)
2019-10-01 21:46:20,900 [9a8983bb-97da-4580-ae0e-7f38e0c486d3@group-D743540307DE-LeaderElection32] INFO  server.RaftServerConfigKeys (ConfUtils.java:logGet(43)) - raft.server.rpc.sleep.time = 25ms (default)
2019-10-01 21:46:20,900 [9a8983bb-97da-4580-ae0e-7f38e0c486d3@group-D743540307DE-LeaderElection32] INFO  server.RaftServerConfigKeys (ConfUtils.java:logGet(43)) - raft.server.write.element-limit = 4096 (default)
2019-10-01 21:46:20,909 [ef59291a-b883-4843-8937-a6a715cac87d@group-43DFC08946F1-SegmentedRaftLogWorker] INFO  segmented.SegmentedRaftLogWorker (SegmentedRaftLogWorker.java:execute(574)) - ef59291a-b883-4843-8937-a6a715cac87d@group-43DFC08946F1-SegmentedRaftLogWorker: created new log segment /workdir/hadoop-ozone/integration-test/target/test-dir/MiniOzoneClusterImpl-7b6a5651-b981-441c-ae9d-bfe7df6634f9/datanode-5/data/ratis/aba998c1-dd9e-45bb-9a58-43dfc08946f1/current/log_inprogress_0
2019-10-01 21:46:20,912 [9a8983bb-97da-4580-ae0e-7f38e0c486d3@group-D743540307DE-LeaderElection32] INFO  server.RaftServerConfigKeys (ConfUtils.java:logGet(43)) - raft.server.watch.timeout = 10s (default)
2019-10-01 21:46:20,912 [9a8983bb-97da-4580-ae0e-7f38e0c486d3@group-D743540307DE-LeaderElection32] INFO  server.RaftServerConfigKeys (ConfUtils.java:logGet(43)) - raft.server.watch.timeout.denomination = 1s (default)
2019-10-01 21:46:20,917 [9a8983bb-97da-4580-ae0e-7f38e0c486d3@group-D743540307DE-LeaderElection32] INFO  server.RaftServerConfigKeys (ConfUtils.java:logGet(43)) - raft.server.watch.element-limit = 65536 (default)
2019-10-01 21:46:20,922 [9a8983bb-97da-4580-ae0e-7f38e0c486d3@group-D743540307DE-LeaderElection32] INFO  impl.RoleInfo (RoleInfo.java:updateAndGet(143)) - 9a8983bb-97da-4580-ae0e-7f38e0c486d3: start LeaderState
2019-10-01 21:46:20,922 [9a8983bb-97da-4580-ae0e-7f38e0c486d3@group-D743540307DE-LeaderElection32] INFO  segmented.SegmentedRaftLogWorker (SegmentedRaftLogWorker.java:startLogSegment(385)) - 9a8983bb-97da-4580-ae0e-7f38e0c486d3@group-D743540307DE-SegmentedRaftLogWorker: Starting segment from index:0
2019-10-01 21:46:20,923 [9a8983bb-97da-4580-ae0e-7f38e0c486d3@group-D743540307DE-LeaderElection32] INFO  impl.RaftServerImpl (ServerState.java:setRaftConf(356)) - 9a8983bb-97da-4580-ae0e-7f38e0c486d3@group-D743540307DE: set configuration 0: [9a8983bb-97da-4580-ae0e-7f38e0c486d3:192.168.157.248:40048], old=null at 0
2019-10-01 21:46:20,976 [9a8983bb-97da-4580-ae0e-7f38e0c486d3@group-D743540307DE-SegmentedRaftLogWorker] INFO  segmented.SegmentedRaftLogWorker (SegmentedRaftLogWorker.java:execute(574)) - 9a8983bb-97da-4580-ae0e-7f38e0c486d3@group-D743540307DE-SegmentedRaftLogWorker: created new log segment /workdir/hadoop-ozone/integration-test/target/test-dir/MiniOzoneClusterImpl-7b6a5651-b981-441c-ae9d-bfe7df6634f9/datanode-4/data/ratis/6bac32db-a790-4d34-9609-d743540307de/current/log_inprogress_0
2019-10-01 21:46:21,119 [Datanode State Machine Thread - 0] INFO  statemachine.DatanodeStateMachine (DatanodeStateMachine.java:lambda$startDaemon$0(350)) - Ozone container server started.
2019-10-01 21:46:26,086 [main] INFO  ozoneimpl.OzoneContainer (OzoneContainer.java:stop(231)) - Attempting to stop container services.
2019-10-01 21:46:26,087 [main] INFO  impl.RaftServerProxy (RaftServerProxy.java:lambda$close$4(314)) - a6f2d0e5-b69b-4893-b0e1-e493defe37eb: close
2019-10-01 21:46:26,087 [main] INFO  impl.RaftServerImpl (RaftServerImpl.java:lambda$shutdown$3(247)) - a6f2d0e5-b69b-4893-b0e1-e493defe37eb@group-F60A63FAC429: shutdown
2019-10-01 21:46:26,088 [main] INFO  util.JmxRegister (JmxRegister.java:unregister(73)) - Successfully un-registered JMX Bean with object name Ratis:service=RaftServer,group=group-F60A63FAC429,id=a6f2d0e5-b69b-4893-b0e1-e493defe37eb
2019-10-01 21:46:26,088 [main] INFO  impl.RoleInfo (RoleInfo.java:shutdownLeaderState(104)) - a6f2d0e5-b69b-4893-b0e1-e493defe37eb: shutdown LeaderState
2019-10-01 21:46:26,089 [main] INFO  impl.PendingRequests (PendingRequests.java:sendNotLeaderResponses(202)) - a6f2d0e5-b69b-4893-b0e1-e493defe37eb@group-F60A63FAC429-PendingRequests: sendNotLeaderResponses
2019-10-01 21:46:26,089 [main] INFO  impl.StateMachineUpdater (StateMachineUpdater.java:stopAndJoin(136)) - a6f2d0e5-b69b-4893-b0e1-e493defe37eb@group-F60A63FAC429-StateMachineUpdater: set stopIndex = 0
2019-10-01 21:46:26,090 [main] INFO  impl.RaftServerImpl (ServerState.java:close(387)) - a6f2d0e5-b69b-4893-b0e1-e493defe37eb@group-F60A63FAC429: closes. applyIndex: 0
2019-10-01 21:46:26,090 [a6f2d0e5-b69b-4893-b0e1-e493defe37eb@group-F60A63FAC429-SegmentedRaftLogWorker] INFO  segmented.SegmentedRaftLogWorker (SegmentedRaftLogWorker.java:run(316)) - a6f2d0e5-b69b-4893-b0e1-e493defe37eb@group-F60A63FAC429-SegmentedRaftLogWorker was interrupted, exiting. There are 0 tasks remaining in the queue.
2019-10-01 21:46:26,094 [main] INFO  segmented.SegmentedRaftLogWorker (SegmentedRaftLogWorker.java:close(224)) - a6f2d0e5-b69b-4893-b0e1-e493defe37eb@group-F60A63FAC429-SegmentedRaftLogWorker close()
2019-10-01 21:46:26,099 [main] INFO  impl.RaftServerImpl (RaftServerImpl.java:lambda$shutdown$3(247)) - a6f2d0e5-b69b-4893-b0e1-e493defe37eb@group-2D3AFA3CB3B2: shutdown
2019-10-01 21:46:26,099 [main] INFO  util.JmxRegister (JmxRegister.java:unregister(73)) - Successfully un-registered JMX Bean with object name Ratis:service=RaftServer,group=group-2D3AFA3CB3B2,id=a6f2d0e5-b69b-4893-b0e1-e493defe37eb
2019-10-01 21:46:26,100 [main] INFO  impl.RoleInfo (RoleInfo.java:shutdownFollowerState(121)) - a6f2d0e5-b69b-4893-b0e1-e493defe37eb: shutdown FollowerState
2019-10-01 21:46:26,100 [main] INFO  impl.StateMachineUpdater (StateMachineUpdater.java:stopAndJoin(136)) - a6f2d0e5-b69b-4893-b0e1-e493defe37eb@group-2D3AFA3CB3B2-StateMachineUpdater: set stopIndex = 2
2019-10-01 21:46:26,100 [a6f2d0e5-b69b-4893-b0e1-e493defe37eb@group-2D3AFA3CB3B2-StateMachineUpdater] INFO  ratis.ContainerStateMachine (ContainerStateMachine.java:takeSnapshot(289)) - group-2D3AFA3CB3B2: Taking a snapshot at:(t:1, i:1) file /workdir/hadoop-ozone/integration-test/target/test-dir/MiniOzoneClusterImpl-7b6a5651-b981-441c-ae9d-bfe7df6634f9/datanode-2/data/ratis/34d945b3-3e16-4f87-b25a-2d3afa3cb3b2/sm/snapshot.1_1
2019-10-01 21:46:26,100 [Thread-1483] INFO  impl.FollowerState (FollowerState.java:run(117)) - a6f2d0e5-b69b-4893-b0e1-e493defe37eb@group-2D3AFA3CB3B2-FollowerState was interrupted: java.lang.InterruptedException: sleep interrupted
2019-10-01 21:46:26,116 [a6f2d0e5-b69b-4893-b0e1-e493defe37eb@group-2D3AFA3CB3B2-StateMachineUpdater] INFO  ratis.ContainerStateMachine (ContainerStateMachine.java:takeSnapshot(300)) - group-2D3AFA3CB3B2: Finished taking a snapshot at:(t:1, i:1) file:/workdir/hadoop-ozone/integration-test/target/test-dir/MiniOzoneClusterImpl-7b6a5651-b981-441c-ae9d-bfe7df6634f9/datanode-2/data/ratis/34d945b3-3e16-4f87-b25a-2d3afa3cb3b2/sm/snapshot.1_1 time:16
2019-10-01 21:46:26,117 [a6f2d0e5-b69b-4893-b0e1-e493defe37eb@group-2D3AFA3CB3B2-StateMachineUpdater] INFO  impl.StateMachineUpdater (StateMachineUpdater.java:takeSnapshot(269)) - a6f2d0e5-b69b-4893-b0e1-e493defe37eb@group-2D3AFA3CB3B2-StateMachineUpdater: Took a snapshot at index 1
2019-10-01 21:46:26,117 [a6f2d0e5-b69b-4893-b0e1-e493defe37eb@group-2D3AFA3CB3B2-StateMachineUpdater] INFO  impl.StateMachineUpdater (StateMachineUpdater.java:lambda$new$0(84)) - a6f2d0e5-b69b-4893-b0e1-e493defe37eb@group-2D3AFA3CB3B2-StateMachineUpdater: snapshotIndex: updateIncreasingly -1 -> 1
2019-10-01 21:46:26,117 [a6f2d0e5-b69b-4893-b0e1-e493defe37eb@group-2D3AFA3CB3B2-StateMachineUpdater] INFO  ratis.ContainerStateMachine (ContainerStateMachine.java:takeSnapshot(289)) - group-2D3AFA3CB3B2: Taking a snapshot at:(t:1, i:1) file /workdir/hadoop-ozone/integration-test/target/test-dir/MiniOzoneClusterImpl-7b6a5651-b981-441c-ae9d-bfe7df6634f9/datanode-2/data/ratis/34d945b3-3e16-4f87-b25a-2d3afa3cb3b2/sm/snapshot.1_1
2019-10-01 21:46:26,130 [a6f2d0e5-b69b-4893-b0e1-e493defe37eb@group-2D3AFA3CB3B2-StateMachineUpdater] INFO  ratis.ContainerStateMachine (ContainerStateMachine.java:takeSnapshot(300)) - group-2D3AFA3CB3B2: Finished taking a snapshot at:(t:1, i:1) file:/workdir/hadoop-ozone/integration-test/target/test-dir/MiniOzoneClusterImpl-7b6a5651-b981-441c-ae9d-bfe7df6634f9/datanode-2/data/ratis/34d945b3-3e16-4f87-b25a-2d3afa3cb3b2/sm/snapshot.1_1 time:12
2019-10-01 21:46:26,130 [a6f2d0e5-b69b-4893-b0e1-e493defe37eb@group-2D3AFA3CB3B2-StateMachineUpdater] INFO  impl.StateMachineUpdater (StateMachineUpdater.java:takeSnapshot(269)) - a6f2d0e5-b69b-4893-b0e1-e493defe37eb@group-2D3AFA3CB3B2-StateMachineUpdater: Took a snapshot at index 1
2019-10-01 21:46:26,130 [a6f2d0e5-b69b-4893-b0e1-e493defe37eb@group-2D3AFA3CB3B2-StateMachineUpdater] INFO  impl.StateMachineUpdater (StateMachineUpdater.java:lambda$new$0(84)) - a6f2d0e5-b69b-4893-b0e1-e493defe37eb@group-2D3AFA3CB3B2-StateMachineUpdater: snapshotIndex: updateIncreasingly 1 -> 1
2019-10-01 21:46:26,131 [main] INFO  impl.RaftServerImpl (ServerState.java:close(387)) - a6f2d0e5-b69b-4893-b0e1-e493defe37eb@group-2D3AFA3CB3B2: closes. applyIndex: 2
2019-10-01 21:46:26,131 [a6f2d0e5-b69b-4893-b0e1-e493defe37eb@group-2D3AFA3CB3B2-SegmentedRaftLogWorker] INFO  segmented.SegmentedRaftLogWorker (SegmentedRaftLogWorker.java:run(316)) - a6f2d0e5-b69b-4893-b0e1-e493defe37eb@group-2D3AFA3CB3B2-SegmentedRaftLogWorker was interrupted, exiting. There are 0 tasks remaining in the queue.
2019-10-01 21:46:26,133 [main] INFO  segmented.SegmentedRaftLogWorker (SegmentedRaftLogWorker.java:close(224)) - a6f2d0e5-b69b-4893-b0e1-e493defe37eb@group-2D3AFA3CB3B2-SegmentedRaftLogWorker close()
2019-10-01 21:46:26,137 [main] INFO  server.GrpcService (GrpcService.java:closeImpl(164)) - a6f2d0e5-b69b-4893-b0e1-e493defe37eb: shutdown server with port 38734 now
2019-10-01 21:46:26,140 [grpc-default-executor-0] WARN  server.GrpcServerProtocolService (LogUtils.java:warn(134)) - a6f2d0e5-b69b-4893-b0e1-e493defe37eb: installSnapshot onError, lastRequest: 4fe98e1f-8e79-4cc8-ad7c-d8dcfa82ff1e->a6f2d0e5-b69b-4893-b0e1-e493defe37eb#5-t1, previous=(t:1, i:2), leaderCommit=2, initializing? false, entries: <empty>: org.apache.ratis.thirdparty.io.grpc.StatusRuntimeException: CANCELLED: cancelled before receiving half close
2019-10-01 21:46:26,141 [main] INFO  server.GrpcService (GrpcService.java:closeImpl(172)) - a6f2d0e5-b69b-4893-b0e1-e493defe37eb: shutdown server with port 38734 successfully
2019-10-01 21:46:26,141 [grpc-default-executor-3] WARN  server.GrpcLogAppender (LogUtils.java:warn(134)) - 4fe98e1f-8e79-4cc8-ad7c-d8dcfa82ff1e@group-2D3AFA3CB3B2->a6f2d0e5-b69b-4893-b0e1-e493defe37eb-AppendLogResponseHandler: Failed appendEntries: org.apache.ratis.thirdparty.io.grpc.StatusRuntimeException: CANCELLED: HTTP/2 error code: CANCEL
Received Rst Stream
2019-10-01 21:46:26,141 [grpc-default-executor-3] INFO  impl.FollowerInfo (FollowerInfo.java:lambda$new$0(51)) - 4fe98e1f-8e79-4cc8-ad7c-d8dcfa82ff1e@group-2D3AFA3CB3B2->a6f2d0e5-b69b-4893-b0e1-e493defe37eb: nextIndex: updateUnconditionally 3 -> 2
2019-10-01 21:46:26,143 [refreshUsed-/workdir/hadoop-ozone/integration-test/target/test-dir/MiniOzoneClusterImpl-7b6a5651-b981-441c-ae9d-bfe7df6634f9/datanode-2/data/containers] WARN  fs.CachingGetSpaceUsed (CachingGetSpaceUsed.java:run(183)) - Thread Interrupted waiting to refresh disk information: sleep interrupted
2019-10-01 21:46:26,162 [main] INFO  utils.BackgroundService (BackgroundService.java:shutdown(148)) - Shutting down service BlockDeletingService
2019-10-01 21:46:26,168 [main] INFO  statemachine.DatanodeStateMachine (DatanodeStateMachine.java:stopDaemon(395)) - Ozone container server stopped.
2019-10-01 21:46:26,169 [main] INFO  handler.ContextHandler (ContextHandler.java:doStop(910)) - Stopped o.e.j.w.WebAppContext@6fa2448b{/,null,UNAVAILABLE}{/hddsDatanode}
2019-10-01 21:46:26,170 [main] INFO  server.AbstractConnector (AbstractConnector.java:doStop(318)) - Stopped ServerConnector@61bb1e4d{HTTP/1.1,[http/1.1]}{0.0.0.0:0}
2019-10-01 21:46:26,170 [main] INFO  handler.ContextHandler (ContextHandler.java:doStop(910)) - Stopped o.e.j.s.ServletContextHandler@77f4c040{/static,jar:file:/home/user/.m2/repository/org/apache/hadoop/hadoop-hdds-container-service/0.5.0-SNAPSHOT/hadoop-hdds-container-service-0.5.0-SNAPSHOT.jar!/webapps/static,UNAVAILABLE}
2019-10-01 21:46:26,171 [main] INFO  handler.ContextHandler (ContextHandler.java:doStop(910)) - Stopped o.e.j.s.ServletContextHandler@7f6329cb{/logs,file:///workdir/hadoop-ozone/integration-test/target/log,UNAVAILABLE}
2019-10-01 21:46:27,118 [Datanode State Machine Thread - 0] INFO  statemachine.DatanodeStateMachine (DatanodeStateMachine.java:lambda$startDaemon$0(350)) - Ozone container server started.
2019-10-01 21:46:28,483 [grpc-default-executor-2] WARN  server.GrpcLogAppender (LogUtils.java:warn(134)) - 4fe98e1f-8e79-4cc8-ad7c-d8dcfa82ff1e@group-2D3AFA3CB3B2->a6f2d0e5-b69b-4893-b0e1-e493defe37eb-AppendLogResponseHandler: Failed appendEntries: org.apache.ratis.thirdparty.io.grpc.StatusRuntimeException: UNAVAILABLE: io exception
2019-10-01 21:46:28,484 [grpc-default-executor-2] INFO  impl.FollowerInfo (FollowerInfo.java:lambda$new$0(51)) - 4fe98e1f-8e79-4cc8-ad7c-d8dcfa82ff1e@group-2D3AFA3CB3B2->a6f2d0e5-b69b-4893-b0e1-e493defe37eb: nextIndex: updateUnconditionally 2 -> 1
2019-10-01 21:46:30,986 [grpc-default-executor-3] WARN  server.GrpcLogAppender (LogUtils.java:warn(134)) - 4fe98e1f-8e79-4cc8-ad7c-d8dcfa82ff1e@group-2D3AFA3CB3B2->a6f2d0e5-b69b-4893-b0e1-e493defe37eb-AppendLogResponseHandler: Failed appendEntries: org.apache.ratis.thirdparty.io.grpc.StatusRuntimeException: UNAVAILABLE: io exception
2019-10-01 21:46:30,986 [grpc-default-executor-3] INFO  impl.FollowerInfo (FollowerInfo.java:lambda$new$0(51)) - 4fe98e1f-8e79-4cc8-ad7c-d8dcfa82ff1e@group-2D3AFA3CB3B2->a6f2d0e5-b69b-4893-b0e1-e493defe37eb: nextIndex: updateUnconditionally 1 -> 0
2019-10-01 21:46:31,173 [main] INFO  ozoneimpl.OzoneContainer (OzoneContainer.java:stop(231)) - Attempting to stop container services.
2019-10-01 21:46:31,174 [main] INFO  impl.RaftServerProxy (RaftServerProxy.java:lambda$close$4(314)) - dc8e1fa1-0742-4625-8bed-7dc210043178: close
2019-10-01 21:46:31,175 [main] INFO  impl.RaftServerImpl (RaftServerImpl.java:lambda$shutdown$3(247)) - dc8e1fa1-0742-4625-8bed-7dc210043178@group-2D3AFA3CB3B2: shutdown
2019-10-01 21:46:31,175 [ForkJoinPool.commonPool-worker-1] INFO  impl.RaftServerImpl (RaftServerImpl.java:lambda$shutdown$3(247)) - dc8e1fa1-0742-4625-8bed-7dc210043178@group-BB92E9CB9191: shutdown
2019-10-01 21:46:31,175 [main] INFO  util.JmxRegister (JmxRegister.java:unregister(73)) - Successfully un-registered JMX Bean with object name Ratis:service=RaftServer,group=group-2D3AFA3CB3B2,id=dc8e1fa1-0742-4625-8bed-7dc210043178
2019-10-01 21:46:31,176 [ForkJoinPool.commonPool-worker-1] INFO  util.JmxRegister (JmxRegister.java:unregister(73)) - Successfully un-registered JMX Bean with object name Ratis:service=RaftServer,group=group-BB92E9CB9191,id=dc8e1fa1-0742-4625-8bed-7dc210043178
2019-10-01 21:46:31,176 [main] INFO  impl.RoleInfo (RoleInfo.java:shutdownFollowerState(121)) - dc8e1fa1-0742-4625-8bed-7dc210043178: shutdown FollowerState
2019-10-01 21:46:31,176 [ForkJoinPool.commonPool-worker-1] INFO  impl.RoleInfo (RoleInfo.java:shutdownLeaderState(104)) - dc8e1fa1-0742-4625-8bed-7dc210043178: shutdown LeaderState
2019-10-01 21:46:31,176 [main] INFO  impl.StateMachineUpdater (StateMachineUpdater.java:stopAndJoin(136)) - dc8e1fa1-0742-4625-8bed-7dc210043178@group-2D3AFA3CB3B2-StateMachineUpdater: set stopIndex = 2
2019-10-01 21:46:31,176 [Thread-1484] INFO  impl.FollowerState (FollowerState.java:run(117)) - dc8e1fa1-0742-4625-8bed-7dc210043178@group-2D3AFA3CB3B2-FollowerState was interrupted: java.lang.InterruptedException: sleep interrupted
2019-10-01 21:46:31,177 [ForkJoinPool.commonPool-worker-1] INFO  impl.PendingRequests (PendingRequests.java:sendNotLeaderResponses(202)) - dc8e1fa1-0742-4625-8bed-7dc210043178@group-BB92E9CB9191-PendingRequests: sendNotLeaderResponses
2019-10-01 21:46:31,177 [dc8e1fa1-0742-4625-8bed-7dc210043178@group-2D3AFA3CB3B2-StateMachineUpdater] INFO  ratis.ContainerStateMachine (ContainerStateMachine.java:takeSnapshot(289)) - group-2D3AFA3CB3B2: Taking a snapshot at:(t:1, i:1) file /workdir/hadoop-ozone/integration-test/target/test-dir/MiniOzoneClusterImpl-7b6a5651-b981-441c-ae9d-bfe7df6634f9/datanode-0/data/ratis/34d945b3-3e16-4f87-b25a-2d3afa3cb3b2/sm/snapshot.1_1
2019-10-01 21:46:31,181 [ForkJoinPool.commonPool-worker-1] INFO  impl.StateMachineUpdater (StateMachineUpdater.java:stopAndJoin(136)) - dc8e1fa1-0742-4625-8bed-7dc210043178@group-BB92E9CB9191-StateMachineUpdater: set stopIndex = 0
2019-10-01 21:46:31,181 [ForkJoinPool.commonPool-worker-1] INFO  impl.RaftServerImpl (ServerState.java:close(387)) - dc8e1fa1-0742-4625-8bed-7dc210043178@group-BB92E9CB9191: closes. applyIndex: 0
2019-10-01 21:46:31,182 [dc8e1fa1-0742-4625-8bed-7dc210043178@group-BB92E9CB9191-SegmentedRaftLogWorker] INFO  segmented.SegmentedRaftLogWorker (SegmentedRaftLogWorker.java:run(316)) - dc8e1fa1-0742-4625-8bed-7dc210043178@group-BB92E9CB9191-SegmentedRaftLogWorker was interrupted, exiting. There are 0 tasks remaining in the queue.
2019-10-01 21:46:31,192 [ForkJoinPool.commonPool-worker-1] INFO  segmented.SegmentedRaftLogWorker (SegmentedRaftLogWorker.java:close(224)) - dc8e1fa1-0742-4625-8bed-7dc210043178@group-BB92E9CB9191-SegmentedRaftLogWorker close()
2019-10-01 21:46:31,205 [dc8e1fa1-0742-4625-8bed-7dc210043178@group-2D3AFA3CB3B2-StateMachineUpdater] INFO  ratis.ContainerStateMachine (ContainerStateMachine.java:takeSnapshot(300)) - group-2D3AFA3CB3B2: Finished taking a snapshot at:(t:1, i:1) file:/workdir/hadoop-ozone/integration-test/target/test-dir/MiniOzoneClusterImpl-7b6a5651-b981-441c-ae9d-bfe7df6634f9/datanode-0/data/ratis/34d945b3-3e16-4f87-b25a-2d3afa3cb3b2/sm/snapshot.1_1 time:28
2019-10-01 21:46:31,205 [dc8e1fa1-0742-4625-8bed-7dc210043178@group-2D3AFA3CB3B2-StateMachineUpdater] INFO  impl.StateMachineUpdater (StateMachineUpdater.java:takeSnapshot(269)) - dc8e1fa1-0742-4625-8bed-7dc210043178@group-2D3AFA3CB3B2-StateMachineUpdater: Took a snapshot at index 1
2019-10-01 21:46:31,205 [dc8e1fa1-0742-4625-8bed-7dc210043178@group-2D3AFA3CB3B2-StateMachineUpdater] INFO  impl.StateMachineUpdater (StateMachineUpdater.java:lambda$new$0(84)) - dc8e1fa1-0742-4625-8bed-7dc210043178@group-2D3AFA3CB3B2-StateMachineUpdater: snapshotIndex: updateIncreasingly -1 -> 1
2019-10-01 21:46:31,205 [dc8e1fa1-0742-4625-8bed-7dc210043178@group-2D3AFA3CB3B2-StateMachineUpdater] INFO  ratis.ContainerStateMachine (ContainerStateMachine.java:takeSnapshot(289)) - group-2D3AFA3CB3B2: Taking a snapshot at:(t:1, i:1) file /workdir/hadoop-ozone/integration-test/target/test-dir/MiniOzoneClusterImpl-7b6a5651-b981-441c-ae9d-bfe7df6634f9/datanode-0/data/ratis/34d945b3-3e16-4f87-b25a-2d3afa3cb3b2/sm/snapshot.1_1
2019-10-01 21:46:31,218 [dc8e1fa1-0742-4625-8bed-7dc210043178@group-2D3AFA3CB3B2-StateMachineUpdater] INFO  ratis.ContainerStateMachine (ContainerStateMachine.java:takeSnapshot(300)) - group-2D3AFA3CB3B2: Finished taking a snapshot at:(t:1, i:1) file:/workdir/hadoop-ozone/integration-test/target/test-dir/MiniOzoneClusterImpl-7b6a5651-b981-441c-ae9d-bfe7df6634f9/datanode-0/data/ratis/34d945b3-3e16-4f87-b25a-2d3afa3cb3b2/sm/snapshot.1_1 time:12
2019-10-01 21:46:31,218 [dc8e1fa1-0742-4625-8bed-7dc210043178@group-2D3AFA3CB3B2-StateMachineUpdater] INFO  impl.StateMachineUpdater (StateMachineUpdater.java:takeSnapshot(269)) - dc8e1fa1-0742-4625-8bed-7dc210043178@group-2D3AFA3CB3B2-StateMachineUpdater: Took a snapshot at index 1
2019-10-01 21:46:31,218 [dc8e1fa1-0742-4625-8bed-7dc210043178@group-2D3AFA3CB3B2-StateMachineUpdater] INFO  impl.StateMachineUpdater (StateMachineUpdater.java:lambda$new$0(84)) - dc8e1fa1-0742-4625-8bed-7dc210043178@group-2D3AFA3CB3B2-StateMachineUpdater: snapshotIndex: updateIncreasingly 1 -> 1
2019-10-01 21:46:31,218 [main] INFO  impl.RaftServerImpl (ServerState.java:close(387)) - dc8e1fa1-0742-4625-8bed-7dc210043178@group-2D3AFA3CB3B2: closes. applyIndex: 2
2019-10-01 21:46:31,219 [dc8e1fa1-0742-4625-8bed-7dc210043178@group-2D3AFA3CB3B2-SegmentedRaftLogWorker] INFO  segmented.SegmentedRaftLogWorker (SegmentedRaftLogWorker.java:run(316)) - dc8e1fa1-0742-4625-8bed-7dc210043178@group-2D3AFA3CB3B2-SegmentedRaftLogWorker was interrupted, exiting. There are 0 tasks remaining in the queue.
2019-10-01 21:46:31,221 [main] INFO  segmented.SegmentedRaftLogWorker (SegmentedRaftLogWorker.java:close(224)) - dc8e1fa1-0742-4625-8bed-7dc210043178@group-2D3AFA3CB3B2-SegmentedRaftLogWorker close()
2019-10-01 21:46:31,226 [main] INFO  server.GrpcService (GrpcService.java:closeImpl(164)) - dc8e1fa1-0742-4625-8bed-7dc210043178: shutdown server with port 35980 now
2019-10-01 21:46:31,230 [main] INFO  server.GrpcService (GrpcService.java:closeImpl(172)) - dc8e1fa1-0742-4625-8bed-7dc210043178: shutdown server with port 35980 successfully
2019-10-01 21:46:31,230 [grpc-default-executor-3] WARN  server.GrpcLogAppender (LogUtils.java:warn(134)) - 4fe98e1f-8e79-4cc8-ad7c-d8dcfa82ff1e@group-2D3AFA3CB3B2->dc8e1fa1-0742-4625-8bed-7dc210043178-AppendLogResponseHandler: Failed appendEntries: org.apache.ratis.thirdparty.io.grpc.StatusRuntimeException: CANCELLED: HTTP/2 error code: CANCEL
Received Rst Stream
2019-10-01 21:46:31,230 [grpc-default-executor-0] WARN  server.GrpcServerProtocolService (LogUtils.java:warn(134)) - dc8e1fa1-0742-4625-8bed-7dc210043178: installSnapshot onError, lastRequest: 4fe98e1f-8e79-4cc8-ad7c-d8dcfa82ff1e->dc8e1fa1-0742-4625-8bed-7dc210043178#7-t1, previous=(t:1, i:2), leaderCommit=2, initializing? false, entries: <empty>: org.apache.ratis.thirdparty.io.grpc.StatusRuntimeException: CANCELLED: cancelled before receiving half close
2019-10-01 21:46:31,230 [grpc-default-executor-3] INFO  impl.FollowerInfo (FollowerInfo.java:lambda$new$0(51)) - 4fe98e1f-8e79-4cc8-ad7c-d8dcfa82ff1e@group-2D3AFA3CB3B2->dc8e1fa1-0742-4625-8bed-7dc210043178: nextIndex: updateUnconditionally 3 -> 2
2019-10-01 21:46:31,232 [refreshUsed-/workdir/hadoop-ozone/integration-test/target/test-dir/MiniOzoneClusterImpl-7b6a5651-b981-441c-ae9d-bfe7df6634f9/datanode-0/data/containers] WARN  fs.CachingGetSpaceUsed (CachingGetSpaceUsed.java:run(183)) - Thread Interrupted waiting to refresh disk information: sleep interrupted
2019-10-01 21:46:31,252 [main] INFO  utils.BackgroundService (BackgroundService.java:shutdown(148)) - Shutting down service BlockDeletingService
2019-10-01 21:46:31,261 [main] INFO  statemachine.DatanodeStateMachine (DatanodeStateMachine.java:stopDaemon(395)) - Ozone container server stopped.
2019-10-01 21:46:31,263 [main] INFO  handler.ContextHandler (ContextHandler.java:doStop(910)) - Stopped o.e.j.w.WebAppContext@51e3d37e{/,null,UNAVAILABLE}{/hddsDatanode}
2019-10-01 21:46:31,266 [main] INFO  server.AbstractConnector (AbstractConnector.java:doStop(318)) - Stopped ServerConnector@3a479fda{HTTP/1.1,[http/1.1]}{0.0.0.0:0}
2019-10-01 21:46:31,266 [main] INFO  handler.ContextHandler (ContextHandler.java:doStop(910)) - Stopped o.e.j.s.ServletContextHandler@2001e48c{/static,jar:file:/home/user/.m2/repository/org/apache/hadoop/hadoop-hdds-container-service/0.5.0-SNAPSHOT/hadoop-hdds-container-service-0.5.0-SNAPSHOT.jar!/webapps/static,UNAVAILABLE}
2019-10-01 21:46:31,267 [main] INFO  handler.ContextHandler (ContextHandler.java:doStop(910)) - Stopped o.e.j.s.ServletContextHandler@7af443a3{/logs,file:///workdir/hadoop-ozone/integration-test/target/log,UNAVAILABLE}
2019-10-01 21:46:33,487 [grpc-default-executor-3] WARN  server.GrpcLogAppender (LogUtils.java:warn(134)) - 4fe98e1f-8e79-4cc8-ad7c-d8dcfa82ff1e@group-2D3AFA3CB3B2->a6f2d0e5-b69b-4893-b0e1-e493defe37eb-AppendLogResponseHandler: Failed appendEntries: org.apache.ratis.thirdparty.io.grpc.StatusRuntimeException: UNAVAILABLE: io exception
2019-10-01 21:46:33,487 [grpc-default-executor-3] INFO  impl.FollowerInfo (FollowerInfo.java:lambda$new$0(51)) - 4fe98e1f-8e79-4cc8-ad7c-d8dcfa82ff1e@group-2D3AFA3CB3B2->a6f2d0e5-b69b-4893-b0e1-e493defe37eb: nextIndex: updateUnconditionally 0 -> 0
2019-10-01 21:46:33,488 [grpc-default-executor-6] WARN  server.GrpcLogAppender (LogUtils.java:warn(134)) - 4fe98e1f-8e79-4cc8-ad7c-d8dcfa82ff1e@group-2D3AFA3CB3B2->dc8e1fa1-0742-4625-8bed-7dc210043178-AppendLogResponseHandler: Failed appendEntries: org.apache.ratis.thirdparty.io.grpc.StatusRuntimeException: UNAVAILABLE: io exception
2019-10-01 21:46:33,489 [grpc-default-executor-6] INFO  impl.FollowerInfo (FollowerInfo.java:lambda$new$0(51)) - 4fe98e1f-8e79-4cc8-ad7c-d8dcfa82ff1e@group-2D3AFA3CB3B2->dc8e1fa1-0742-4625-8bed-7dc210043178: nextIndex: updateUnconditionally 2 -> 1
2019-10-01 21:46:35,988 [grpc-default-executor-0] WARN  server.GrpcLogAppender (LogUtils.java:warn(134)) - 4fe98e1f-8e79-4cc8-ad7c-d8dcfa82ff1e@group-2D3AFA3CB3B2->dc8e1fa1-0742-4625-8bed-7dc210043178-AppendLogResponseHandler: Failed appendEntries: org.apache.ratis.thirdparty.io.grpc.StatusRuntimeException: UNAVAILABLE: io exception
2019-10-01 21:46:35,988 [grpc-default-executor-6] WARN  server.GrpcLogAppender (LogUtils.java:warn(134)) - 4fe98e1f-8e79-4cc8-ad7c-d8dcfa82ff1e@group-2D3AFA3CB3B2->a6f2d0e5-b69b-4893-b0e1-e493defe37eb-AppendLogResponseHandler: Failed appendEntries: org.apache.ratis.thirdparty.io.grpc.StatusRuntimeException: UNAVAILABLE: io exception
2019-10-01 21:46:35,990 [grpc-default-executor-0] INFO  impl.FollowerInfo (FollowerInfo.java:lambda$new$0(51)) - 4fe98e1f-8e79-4cc8-ad7c-d8dcfa82ff1e@group-2D3AFA3CB3B2->dc8e1fa1-0742-4625-8bed-7dc210043178: nextIndex: updateUnconditionally 1 -> 0
2019-10-01 21:46:35,990 [grpc-default-executor-6] INFO  impl.FollowerInfo (FollowerInfo.java:lambda$new$0(51)) - 4fe98e1f-8e79-4cc8-ad7c-d8dcfa82ff1e@group-2D3AFA3CB3B2->a6f2d0e5-b69b-4893-b0e1-e493defe37eb: nextIndex: updateUnconditionally 0 -> 0
2019-10-01 21:46:38,489 [grpc-default-executor-3] WARN  server.GrpcLogAppender (LogUtils.java:warn(134)) - 4fe98e1f-8e79-4cc8-ad7c-d8dcfa82ff1e@group-2D3AFA3CB3B2->dc8e1fa1-0742-4625-8bed-7dc210043178-AppendLogResponseHandler: Failed appendEntries: org.apache.ratis.thirdparty.io.grpc.StatusRuntimeException: UNAVAILABLE: io exception
2019-10-01 21:46:38,489 [grpc-default-executor-6] WARN  server.GrpcLogAppender (LogUtils.java:warn(134)) - 4fe98e1f-8e79-4cc8-ad7c-d8dcfa82ff1e@group-2D3AFA3CB3B2->a6f2d0e5-b69b-4893-b0e1-e493defe37eb-AppendLogResponseHandler: Failed appendEntries: org.apache.ratis.thirdparty.io.grpc.StatusRuntimeException: UNAVAILABLE: io exception
2019-10-01 21:46:38,490 [grpc-default-executor-3] INFO  impl.FollowerInfo (FollowerInfo.java:lambda$new$0(51)) - 4fe98e1f-8e79-4cc8-ad7c-d8dcfa82ff1e@group-2D3AFA3CB3B2->dc8e1fa1-0742-4625-8bed-7dc210043178: nextIndex: updateUnconditionally 0 -> 0
2019-10-01 21:46:38,490 [grpc-default-executor-6] INFO  impl.FollowerInfo (FollowerInfo.java:lambda$new$0(51)) - 4fe98e1f-8e79-4cc8-ad7c-d8dcfa82ff1e@group-2D3AFA3CB3B2->a6f2d0e5-b69b-4893-b0e1-e493defe37eb: nextIndex: updateUnconditionally 0 -> 0
2019-10-01 21:46:40,992 [grpc-default-executor-2] WARN  server.GrpcLogAppender (LogUtils.java:warn(134)) - 4fe98e1f-8e79-4cc8-ad7c-d8dcfa82ff1e@group-2D3AFA3CB3B2->dc8e1fa1-0742-4625-8bed-7dc210043178-AppendLogResponseHandler: Failed appendEntries: org.apache.ratis.thirdparty.io.grpc.StatusRuntimeException: UNAVAILABLE: io exception
2019-10-01 21:46:40,992 [grpc-default-executor-3] WARN  server.GrpcLogAppender (LogUtils.java:warn(134)) - 4fe98e1f-8e79-4cc8-ad7c-d8dcfa82ff1e@group-2D3AFA3CB3B2->a6f2d0e5-b69b-4893-b0e1-e493defe37eb-AppendLogResponseHandler: Failed appendEntries: org.apache.ratis.thirdparty.io.grpc.StatusRuntimeException: UNAVAILABLE: io exception
2019-10-01 21:46:40,993 [grpc-default-executor-3] INFO  impl.FollowerInfo (FollowerInfo.java:lambda$new$0(51)) - 4fe98e1f-8e79-4cc8-ad7c-d8dcfa82ff1e@group-2D3AFA3CB3B2->a6f2d0e5-b69b-4893-b0e1-e493defe37eb: nextIndex: updateUnconditionally 0 -> 0
2019-10-01 21:46:40,993 [grpc-default-executor-2] INFO  impl.FollowerInfo (FollowerInfo.java:lambda$new$0(51)) - 4fe98e1f-8e79-4cc8-ad7c-d8dcfa82ff1e@group-2D3AFA3CB3B2->dc8e1fa1-0742-4625-8bed-7dc210043178: nextIndex: updateUnconditionally 0 -> 0
2019-10-01 21:46:41,587 [Thread-1554] INFO  client.GrpcClientProtocolService (GrpcClientProtocolService.java:lambda$processClientRequest$0(278)) - Failed RaftClientRequest:client-93850AC7A344->4fe98e1f-8e79-4cc8-ad7c-d8dcfa82ff1e@group-2D3AFA3CB3B2, cid=67, seq=0, Watch-ALL_COMMITTED(101), Message:<EMPTY>, reply=RaftClientReply:client-93850AC7A344->4fe98e1f-8e79-4cc8-ad7c-d8dcfa82ff1e@group-2D3AFA3CB3B2, cid=67, FAILED org.apache.ratis.protocol.NotReplicatedException: Request with call Id 67 and log index 101 is not yet replicated to ALL_COMMITTED, logIndex=101, commits[4fe98e1f-8e79-4cc8-ad7c-d8dcfa82ff1e:c2, dc8e1fa1-0742-4625-8bed-7dc210043178:c2, a6f2d0e5-b69b-4893-b0e1-e493defe37eb:c2]
2019-10-01 21:46:43,491 [grpc-default-executor-3] WARN  server.GrpcLogAppender (LogUtils.java:warn(134)) - 4fe98e1f-8e79-4cc8-ad7c-d8dcfa82ff1e@group-2D3AFA3CB3B2->dc8e1fa1-0742-4625-8bed-7dc210043178-AppendLogResponseHandler: Failed appendEntries: org.apache.ratis.thirdparty.io.grpc.StatusRuntimeException: UNAVAILABLE: io exception
2019-10-01 21:46:43,492 [grpc-default-executor-3] INFO  impl.FollowerInfo (FollowerInfo.java:lambda$new$0(51)) - 4fe98e1f-8e79-4cc8-ad7c-d8dcfa82ff1e@group-2D3AFA3CB3B2->dc8e1fa1-0742-4625-8bed-7dc210043178: nextIndex: updateUnconditionally 0 -> 0
2019-10-01 21:46:43,492 [grpc-default-executor-7] WARN  server.GrpcLogAppender (LogUtils.java:warn(134)) - 4fe98e1f-8e79-4cc8-ad7c-d8dcfa82ff1e@group-2D3AFA3CB3B2->a6f2d0e5-b69b-4893-b0e1-e493defe37eb-AppendLogResponseHandler: Failed appendEntries: org.apache.ratis.thirdparty.io.grpc.StatusRuntimeException: UNAVAILABLE: io exception
2019-10-01 21:46:43,494 [grpc-default-executor-7] INFO  impl.FollowerInfo (FollowerInfo.java:lambda$new$0(51)) - 4fe98e1f-8e79-4cc8-ad7c-d8dcfa82ff1e@group-2D3AFA3CB3B2->a6f2d0e5-b69b-4893-b0e1-e493defe37eb: nextIndex: updateUnconditionally 0 -> 0
2019-10-01 21:46:45,994 [grpc-default-executor-3] WARN  server.GrpcLogAppender (LogUtils.java:warn(134)) - 4fe98e1f-8e79-4cc8-ad7c-d8dcfa82ff1e@group-2D3AFA3CB3B2->dc8e1fa1-0742-4625-8bed-7dc210043178-AppendLogResponseHandler: Failed appendEntries: org.apache.ratis.thirdparty.io.grpc.StatusRuntimeException: UNAVAILABLE: io exception
2019-10-01 21:46:45,994 [grpc-default-executor-7] WARN  server.GrpcLogAppender (LogUtils.java:warn(134)) - 4fe98e1f-8e79-4cc8-ad7c-d8dcfa82ff1e@group-2D3AFA3CB3B2->a6f2d0e5-b69b-4893-b0e1-e493defe37eb-AppendLogResponseHandler: Failed appendEntries: org.apache.ratis.thirdparty.io.grpc.StatusRuntimeException: UNAVAILABLE: io exception
2019-10-01 21:46:45,995 [grpc-default-executor-3] INFO  impl.FollowerInfo (FollowerInfo.java:lambda$new$0(51)) - 4fe98e1f-8e79-4cc8-ad7c-d8dcfa82ff1e@group-2D3AFA3CB3B2->dc8e1fa1-0742-4625-8bed-7dc210043178: nextIndex: updateUnconditionally 0 -> 0
2019-10-01 21:46:45,995 [grpc-default-executor-7] INFO  impl.FollowerInfo (FollowerInfo.java:lambda$new$0(51)) - 4fe98e1f-8e79-4cc8-ad7c-d8dcfa82ff1e@group-2D3AFA3CB3B2->a6f2d0e5-b69b-4893-b0e1-e493defe37eb: nextIndex: updateUnconditionally 0 -> 0
2019-10-01 21:46:48,494 [grpc-default-executor-3] WARN  server.GrpcLogAppender (LogUtils.java:warn(134)) - 4fe98e1f-8e79-4cc8-ad7c-d8dcfa82ff1e@group-2D3AFA3CB3B2->a6f2d0e5-b69b-4893-b0e1-e493defe37eb-AppendLogResponseHandler: Failed appendEntries: org.apache.ratis.thirdparty.io.grpc.StatusRuntimeException: UNAVAILABLE: io exception
2019-10-01 21:46:48,494 [grpc-default-executor-0] WARN  server.GrpcLogAppender (LogUtils.java:warn(134)) - 4fe98e1f-8e79-4cc8-ad7c-d8dcfa82ff1e@group-2D3AFA3CB3B2->dc8e1fa1-0742-4625-8bed-7dc210043178-AppendLogResponseHandler: Failed appendEntries: org.apache.ratis.thirdparty.io.grpc.StatusRuntimeException: UNAVAILABLE: io exception
2019-10-01 21:46:48,494 [grpc-default-executor-3] INFO  impl.FollowerInfo (FollowerInfo.java:lambda$new$0(51)) - 4fe98e1f-8e79-4cc8-ad7c-d8dcfa82ff1e@group-2D3AFA3CB3B2->a6f2d0e5-b69b-4893-b0e1-e493defe37eb: nextIndex: updateUnconditionally 0 -> 0
2019-10-01 21:46:48,495 [grpc-default-executor-0] INFO  impl.FollowerInfo (FollowerInfo.java:lambda$new$0(51)) - 4fe98e1f-8e79-4cc8-ad7c-d8dcfa82ff1e@group-2D3AFA3CB3B2->dc8e1fa1-0742-4625-8bed-7dc210043178: nextIndex: updateUnconditionally 0 -> 0
2019-10-01 21:46:50,994 [grpc-default-executor-3] WARN  server.GrpcLogAppender (LogUtils.java:warn(134)) - 4fe98e1f-8e79-4cc8-ad7c-d8dcfa82ff1e@group-2D3AFA3CB3B2->a6f2d0e5-b69b-4893-b0e1-e493defe37eb-AppendLogResponseHandler: Failed appendEntries: org.apache.ratis.thirdparty.io.grpc.StatusRuntimeException: UNAVAILABLE: io exception
2019-10-01 21:46:50,994 [grpc-default-executor-0] WARN  server.GrpcLogAppender (LogUtils.java:warn(134)) - 4fe98e1f-8e79-4cc8-ad7c-d8dcfa82ff1e@group-2D3AFA3CB3B2->dc8e1fa1-0742-4625-8bed-7dc210043178-AppendLogResponseHandler: Failed appendEntries: org.apache.ratis.thirdparty.io.grpc.StatusRuntimeException: UNAVAILABLE: io exception
2019-10-01 21:46:50,995 [grpc-default-executor-3] INFO  impl.FollowerInfo (FollowerInfo.java:lambda$new$0(51)) - 4fe98e1f-8e79-4cc8-ad7c-d8dcfa82ff1e@group-2D3AFA3CB3B2->a6f2d0e5-b69b-4893-b0e1-e493defe37eb: nextIndex: updateUnconditionally 0 -> 0
2019-10-01 21:46:50,995 [grpc-default-executor-0] INFO  impl.FollowerInfo (FollowerInfo.java:lambda$new$0(51)) - 4fe98e1f-8e79-4cc8-ad7c-d8dcfa82ff1e@group-2D3AFA3CB3B2->dc8e1fa1-0742-4625-8bed-7dc210043178: nextIndex: updateUnconditionally 0 -> 0
2019-10-01 21:46:51,271 [main] WARN  scm.XceiverClientRatis (XceiverClientRatis.java:watchForCommit(292)) - 3 way commit failed on pipeline Pipeline[ Id: 34d945b3-3e16-4f87-b25a-2d3afa3cb3b2, Nodes: a6f2d0e5-b69b-4893-b0e1-e493defe37eb{ip: 192.168.157.248, host: pr-hdds-2225-v7c79-4183396186, networkLocation: /default-rack, certSerialId: null}dc8e1fa1-0742-4625-8bed-7dc210043178{ip: 192.168.157.248, host: pr-hdds-2225-v7c79-4183396186, networkLocation: /default-rack, certSerialId: null}4fe98e1f-8e79-4cc8-ad7c-d8dcfa82ff1e{ip: 192.168.157.248, host: pr-hdds-2225-v7c79-4183396186, networkLocation: /default-rack, certSerialId: null}, Type:RATIS, Factor:THREE, State:OPEN]
java.util.concurrent.TimeoutException
	at java.util.concurrent.CompletableFuture.timedGet(CompletableFuture.java:1771)
	at java.util.concurrent.CompletableFuture.get(CompletableFuture.java:1915)
	at org.apache.hadoop.hdds.scm.XceiverClientRatis.watchForCommit(XceiverClientRatis.java:289)
	at org.apache.hadoop.ozone.client.rpc.TestWatchForCommit.testWatchForCommitForRetryfailure(TestWatchForCommit.java:345)
	at sun.reflect.NativeMethodAccessorImpl.invoke0(Native Method)
	at sun.reflect.NativeMethodAccessorImpl.invoke(NativeMethodAccessorImpl.java:62)
	at sun.reflect.DelegatingMethodAccessorImpl.invoke(DelegatingMethodAccessorImpl.java:43)
	at java.lang.reflect.Method.invoke(Method.java:498)
	at org.junit.runners.model.FrameworkMethod$1.runReflectiveCall(FrameworkMethod.java:47)
	at org.junit.internal.runners.model.ReflectiveCallable.run(ReflectiveCallable.java:12)
	at org.junit.runners.model.FrameworkMethod.invokeExplosively(FrameworkMethod.java:44)
	at org.junit.internal.runners.statements.InvokeMethod.evaluate(InvokeMethod.java:17)
	at org.junit.runners.ParentRunner.runLeaf(ParentRunner.java:271)
	at org.junit.runners.BlockJUnit4ClassRunner.runChild(BlockJUnit4ClassRunner.java:70)
	at org.junit.runners.BlockJUnit4ClassRunner.runChild(BlockJUnit4ClassRunner.java:50)
	at org.junit.runners.ParentRunner$3.run(ParentRunner.java:238)
	at org.junit.runners.ParentRunner$1.schedule(ParentRunner.java:63)
	at org.junit.runners.ParentRunner.runChildren(ParentRunner.java:236)
	at org.junit.runners.ParentRunner.access$000(ParentRunner.java:53)
	at org.junit.runners.ParentRunner$2.evaluate(ParentRunner.java:229)
	at org.junit.runners.ParentRunner.run(ParentRunner.java:309)
	at org.apache.maven.surefire.junit4.JUnit4Provider.execute(JUnit4Provider.java:365)
	at org.apache.maven.surefire.junit4.JUnit4Provider.executeWithRerun(JUnit4Provider.java:273)
	at org.apache.maven.surefire.junit4.JUnit4Provider.executeTestSet(JUnit4Provider.java:238)
	at org.apache.maven.surefire.junit4.JUnit4Provider.invoke(JUnit4Provider.java:159)
	at org.apache.maven.surefire.booter.ForkedBooter.invokeProviderInSameClassLoader(ForkedBooter.java:384)
	at org.apache.maven.surefire.booter.ForkedBooter.runSuitesInProcess(ForkedBooter.java:345)
	at org.apache.maven.surefire.booter.ForkedBooter.execute(ForkedBooter.java:126)
	at org.apache.maven.surefire.booter.ForkedBooter.main(ForkedBooter.java:418)
2019-10-01 21:46:52,584 [Thread-1573] INFO  client.GrpcClientProtocolService (GrpcClientProtocolService.java:lambda$processClientRequest$0(278)) - Failed RaftClientRequest:client-93850AC7A344->4fe98e1f-8e79-4cc8-ad7c-d8dcfa82ff1e@group-2D3AFA3CB3B2, cid=67, seq=0, Watch-ALL_COMMITTED(101), Message:<EMPTY>, reply=RaftClientReply:client-93850AC7A344->4fe98e1f-8e79-4cc8-ad7c-d8dcfa82ff1e@group-2D3AFA3CB3B2, cid=67, FAILED org.apache.ratis.protocol.NotReplicatedException: Request with call Id 67 and log index 101 is not yet replicated to ALL_COMMITTED, logIndex=101, commits[4fe98e1f-8e79-4cc8-ad7c-d8dcfa82ff1e:c2, dc8e1fa1-0742-4625-8bed-7dc210043178:c2, a6f2d0e5-b69b-4893-b0e1-e493defe37eb:c2]
2019-10-01 21:46:53,495 [grpc-default-executor-6] WARN  server.GrpcLogAppender (LogUtils.java:warn(134)) - 4fe98e1f-8e79-4cc8-ad7c-d8dcfa82ff1e@group-2D3AFA3CB3B2->dc8e1fa1-0742-4625-8bed-7dc210043178-AppendLogResponseHandler: Failed appendEntries: org.apache.ratis.thirdparty.io.grpc.StatusRuntimeException: UNAVAILABLE: io exception
2019-10-01 21:46:53,498 [grpc-default-executor-8] WARN  server.GrpcLogAppender (LogUtils.java:warn(134)) - 4fe98e1f-8e79-4cc8-ad7c-d8dcfa82ff1e@group-2D3AFA3CB3B2->a6f2d0e5-b69b-4893-b0e1-e493defe37eb-AppendLogResponseHandler: Failed appendEntries: org.apache.ratis.thirdparty.io.grpc.StatusRuntimeException: UNAVAILABLE: io exception
2019-10-01 21:46:53,500 [grpc-default-executor-6] INFO  impl.FollowerInfo (FollowerInfo.java:lambda$new$0(51)) - 4fe98e1f-8e79-4cc8-ad7c-d8dcfa82ff1e@group-2D3AFA3CB3B2->dc8e1fa1-0742-4625-8bed-7dc210043178: nextIndex: updateUnconditionally 0 -> 0
2019-10-01 21:46:53,501 [grpc-default-executor-8] INFO  impl.FollowerInfo (FollowerInfo.java:lambda$new$0(51)) - 4fe98e1f-8e79-4cc8-ad7c-d8dcfa82ff1e@group-2D3AFA3CB3B2->a6f2d0e5-b69b-4893-b0e1-e493defe37eb: nextIndex: updateUnconditionally 0 -> 0
2019-10-01 21:46:55,998 [grpc-default-executor-3] WARN  server.GrpcLogAppender (LogUtils.java:warn(134)) - 4fe98e1f-8e79-4cc8-ad7c-d8dcfa82ff1e@group-2D3AFA3CB3B2->dc8e1fa1-0742-4625-8bed-7dc210043178-AppendLogResponseHandler: Failed appendEntries: org.apache.ratis.thirdparty.io.grpc.StatusRuntimeException: UNAVAILABLE: io exception
2019-10-01 21:46:55,998 [grpc-default-executor-0] WARN  server.GrpcLogAppender (LogUtils.java:warn(134)) - 4fe98e1f-8e79-4cc8-ad7c-d8dcfa82ff1e@group-2D3AFA3CB3B2->a6f2d0e5-b69b-4893-b0e1-e493defe37eb-AppendLogResponseHandler: Failed appendEntries: org.apache.ratis.thirdparty.io.grpc.StatusRuntimeException: UNAVAILABLE: io exception
2019-10-01 21:46:55,999 [grpc-default-executor-0] INFO  impl.FollowerInfo (FollowerInfo.java:lambda$new$0(51)) - 4fe98e1f-8e79-4cc8-ad7c-d8dcfa82ff1e@group-2D3AFA3CB3B2->a6f2d0e5-b69b-4893-b0e1-e493defe37eb: nextIndex: updateUnconditionally 0 -> 0
2019-10-01 21:46:55,999 [grpc-default-executor-3] INFO  impl.FollowerInfo (FollowerInfo.java:lambda$new$0(51)) - 4fe98e1f-8e79-4cc8-ad7c-d8dcfa82ff1e@group-2D3AFA3CB3B2->dc8e1fa1-0742-4625-8bed-7dc210043178: nextIndex: updateUnconditionally 0 -> 0
2019-10-01 21:46:58,501 [grpc-default-executor-0] WARN  server.GrpcLogAppender (LogUtils.java:warn(134)) - 4fe98e1f-8e79-4cc8-ad7c-d8dcfa82ff1e@group-2D3AFA3CB3B2->a6f2d0e5-b69b-4893-b0e1-e493defe37eb-AppendLogResponseHandler: Failed appendEntries: org.apache.ratis.thirdparty.io.grpc.StatusRuntimeException: UNAVAILABLE: io exception
2019-10-01 21:46:58,501 [grpc-default-executor-3] WARN  server.GrpcLogAppender (LogUtils.java:warn(134)) - 4fe98e1f-8e79-4cc8-ad7c-d8dcfa82ff1e@group-2D3AFA3CB3B2->dc8e1fa1-0742-4625-8bed-7dc210043178-AppendLogResponseHandler: Failed appendEntries: org.apache.ratis.thirdparty.io.grpc.StatusRuntimeException: UNAVAILABLE: io exception
2019-10-01 21:46:58,502 [grpc-default-executor-0] INFO  impl.FollowerInfo (FollowerInfo.java:lambda$new$0(51)) - 4fe98e1f-8e79-4cc8-ad7c-d8dcfa82ff1e@group-2D3AFA3CB3B2->a6f2d0e5-b69b-4893-b0e1-e493defe37eb: nextIndex: updateUnconditionally 0 -> 0
2019-10-01 21:46:58,502 [grpc-default-executor-3] INFO  impl.FollowerInfo (FollowerInfo.java:lambda$new$0(51)) - 4fe98e1f-8e79-4cc8-ad7c-d8dcfa82ff1e@group-2D3AFA3CB3B2->dc8e1fa1-0742-4625-8bed-7dc210043178: nextIndex: updateUnconditionally 0 -> 0
2019-10-01 21:47:01,004 [grpc-default-executor-3] WARN  server.GrpcLogAppender (LogUtils.java:warn(134)) - 4fe98e1f-8e79-4cc8-ad7c-d8dcfa82ff1e@group-2D3AFA3CB3B2->dc8e1fa1-0742-4625-8bed-7dc210043178-AppendLogResponseHandler: Failed appendEntries: org.apache.ratis.thirdparty.io.grpc.StatusRuntimeException: UNAVAILABLE: io exception
2019-10-01 21:47:01,004 [grpc-default-executor-0] WARN  server.GrpcLogAppender (LogUtils.java:warn(134)) - 4fe98e1f-8e79-4cc8-ad7c-d8dcfa82ff1e@group-2D3AFA3CB3B2->a6f2d0e5-b69b-4893-b0e1-e493defe37eb-AppendLogResponseHandler: Failed appendEntries: org.apache.ratis.thirdparty.io.grpc.StatusRuntimeException: UNAVAILABLE: io exception
2019-10-01 21:47:01,005 [grpc-default-executor-3] INFO  impl.FollowerInfo (FollowerInfo.java:lambda$new$0(51)) - 4fe98e1f-8e79-4cc8-ad7c-d8dcfa82ff1e@group-2D3AFA3CB3B2->dc8e1fa1-0742-4625-8bed-7dc210043178: nextIndex: updateUnconditionally 0 -> 0
2019-10-01 21:47:01,005 [grpc-default-executor-0] INFO  impl.FollowerInfo (FollowerInfo.java:lambda$new$0(51)) - 4fe98e1f-8e79-4cc8-ad7c-d8dcfa82ff1e@group-2D3AFA3CB3B2->a6f2d0e5-b69b-4893-b0e1-e493defe37eb: nextIndex: updateUnconditionally 0 -> 0
2019-10-01 21:47:03,503 [grpc-default-executor-3] WARN  server.GrpcLogAppender (LogUtils.java:warn(134)) - 4fe98e1f-8e79-4cc8-ad7c-d8dcfa82ff1e@group-2D3AFA3CB3B2->dc8e1fa1-0742-4625-8bed-7dc210043178-AppendLogResponseHandler: Failed appendEntries: org.apache.ratis.thirdparty.io.grpc.StatusRuntimeException: UNAVAILABLE: io exception
2019-10-01 21:47:03,503 [grpc-default-executor-0] WARN  server.GrpcLogAppender (LogUtils.java:warn(134)) - 4fe98e1f-8e79-4cc8-ad7c-d8dcfa82ff1e@group-2D3AFA3CB3B2->a6f2d0e5-b69b-4893-b0e1-e493defe37eb-AppendLogResponseHandler: Failed appendEntries: org.apache.ratis.thirdparty.io.grpc.StatusRuntimeException: UNAVAILABLE: io exception
2019-10-01 21:47:03,504 [grpc-default-executor-0] INFO  impl.FollowerInfo (FollowerInfo.java:lambda$new$0(51)) - 4fe98e1f-8e79-4cc8-ad7c-d8dcfa82ff1e@group-2D3AFA3CB3B2->a6f2d0e5-b69b-4893-b0e1-e493defe37eb: nextIndex: updateUnconditionally 0 -> 0
2019-10-01 21:47:03,504 [grpc-default-executor-3] INFO  impl.FollowerInfo (FollowerInfo.java:lambda$new$0(51)) - 4fe98e1f-8e79-4cc8-ad7c-d8dcfa82ff1e@group-2D3AFA3CB3B2->dc8e1fa1-0742-4625-8bed-7dc210043178: nextIndex: updateUnconditionally 0 -> 0
2019-10-01 21:47:04,585 [Thread-1595] INFO  client.GrpcClientProtocolService (GrpcClientProtocolService.java:lambda$processClientRequest$0(278)) - Failed RaftClientRequest:client-93850AC7A344->4fe98e1f-8e79-4cc8-ad7c-d8dcfa82ff1e@group-2D3AFA3CB3B2, cid=67, seq=0, Watch-ALL_COMMITTED(101), Message:<EMPTY>, reply=RaftClientReply:client-93850AC7A344->4fe98e1f-8e79-4cc8-ad7c-d8dcfa82ff1e@group-2D3AFA3CB3B2, cid=67, FAILED org.apache.ratis.protocol.NotReplicatedException: Request with call Id 67 and log index 101 is not yet replicated to ALL_COMMITTED, logIndex=101, commits[4fe98e1f-8e79-4cc8-ad7c-d8dcfa82ff1e:c2, dc8e1fa1-0742-4625-8bed-7dc210043178:c2, a6f2d0e5-b69b-4893-b0e1-e493defe37eb:c2]
2019-10-01 21:47:04,587 [Thread-1596] INFO  client.GrpcClientProtocolService (GrpcClientProtocolService.java:lambda$processClientRequest$0(278)) - Failed RaftClientRequest:client-93850AC7A344->4fe98e1f-8e79-4cc8-ad7c-d8dcfa82ff1e@group-2D3AFA3CB3B2, cid=68, seq=0, Watch-MAJORITY_COMMITTED(101), Message:<EMPTY>, reply=RaftClientReply:client-93850AC7A344->4fe98e1f-8e79-4cc8-ad7c-d8dcfa82ff1e@group-2D3AFA3CB3B2, cid=68, FAILED org.apache.ratis.protocol.NotReplicatedException: Request with call Id 68 and log index 101 is not yet replicated to MAJORITY_COMMITTED, logIndex=101, commits[4fe98e1f-8e79-4cc8-ad7c-d8dcfa82ff1e:c2, dc8e1fa1-0742-4625-8bed-7dc210043178:c2, a6f2d0e5-b69b-4893-b0e1-e493defe37eb:c2]
2019-10-01 21:47:06,006 [grpc-default-executor-0] WARN  server.GrpcLogAppender (LogUtils.java:warn(134)) - 4fe98e1f-8e79-4cc8-ad7c-d8dcfa82ff1e@group-2D3AFA3CB3B2->a6f2d0e5-b69b-4893-b0e1-e493defe37eb-AppendLogResponseHandler: Failed appendEntries: org.apache.ratis.thirdparty.io.grpc.StatusRuntimeException: UNAVAILABLE: io exception
2019-10-01 21:47:06,006 [grpc-default-executor-3] WARN  server.GrpcLogAppender (LogUtils.java:warn(134)) - 4fe98e1f-8e79-4cc8-ad7c-d8dcfa82ff1e@group-2D3AFA3CB3B2->dc8e1fa1-0742-4625-8bed-7dc210043178-AppendLogResponseHandler: Failed appendEntries: org.apache.ratis.thirdparty.io.grpc.StatusRuntimeException: UNAVAILABLE: io exception
2019-10-01 21:47:06,014 [grpc-default-executor-0] INFO  impl.FollowerInfo (FollowerInfo.java:lambda$new$0(51)) - 4fe98e1f-8e79-4cc8-ad7c-d8dcfa82ff1e@group-2D3AFA3CB3B2->a6f2d0e5-b69b-4893-b0e1-e493defe37eb: nextIndex: updateUnconditionally 0 -> 0
2019-10-01 21:47:06,014 [grpc-default-executor-3] INFO  impl.FollowerInfo (FollowerInfo.java:lambda$new$0(51)) - 4fe98e1f-8e79-4cc8-ad7c-d8dcfa82ff1e@group-2D3AFA3CB3B2->dc8e1fa1-0742-4625-8bed-7dc210043178: nextIndex: updateUnconditionally 0 -> 0
2019-10-01 21:47:08,506 [grpc-default-executor-3] WARN  server.GrpcLogAppender (LogUtils.java:warn(134)) - 4fe98e1f-8e79-4cc8-ad7c-d8dcfa82ff1e@group-2D3AFA3CB3B2->dc8e1fa1-0742-4625-8bed-7dc210043178-AppendLogResponseHandler: Failed appendEntries: org.apache.ratis.thirdparty.io.grpc.StatusRuntimeException: UNAVAILABLE: io exception
2019-10-01 21:47:08,506 [grpc-default-executor-0] WARN  server.GrpcLogAppender (LogUtils.java:warn(134)) - 4fe98e1f-8e79-4cc8-ad7c-d8dcfa82ff1e@group-2D3AFA3CB3B2->a6f2d0e5-b69b-4893-b0e1-e493defe37eb-AppendLogResponseHandler: Failed appendEntries: org.apache.ratis.thirdparty.io.grpc.StatusRuntimeException: UNAVAILABLE: io exception
2019-10-01 21:47:08,507 [grpc-default-executor-3] INFO  impl.FollowerInfo (FollowerInfo.java:lambda$new$0(51)) - 4fe98e1f-8e79-4cc8-ad7c-d8dcfa82ff1e@group-2D3AFA3CB3B2->dc8e1fa1-0742-4625-8bed-7dc210043178: nextIndex: updateUnconditionally 0 -> 0
2019-10-01 21:47:08,507 [grpc-default-executor-0] INFO  impl.FollowerInfo (FollowerInfo.java:lambda$new$0(51)) - 4fe98e1f-8e79-4cc8-ad7c-d8dcfa82ff1e@group-2D3AFA3CB3B2->a6f2d0e5-b69b-4893-b0e1-e493defe37eb: nextIndex: updateUnconditionally 0 -> 0
2019-10-01 21:47:11,010 [grpc-default-executor-0] WARN  server.GrpcLogAppender (LogUtils.java:warn(134)) - 4fe98e1f-8e79-4cc8-ad7c-d8dcfa82ff1e@group-2D3AFA3CB3B2->a6f2d0e5-b69b-4893-b0e1-e493defe37eb-AppendLogResponseHandler: Failed appendEntries: org.apache.ratis.thirdparty.io.grpc.StatusRuntimeException: UNAVAILABLE: io exception
2019-10-01 21:47:11,010 [grpc-default-executor-3] WARN  server.GrpcLogAppender (LogUtils.java:warn(134)) - 4fe98e1f-8e79-4cc8-ad7c-d8dcfa82ff1e@group-2D3AFA3CB3B2->dc8e1fa1-0742-4625-8bed-7dc210043178-AppendLogResponseHandler: Failed appendEntries: org.apache.ratis.thirdparty.io.grpc.StatusRuntimeException: UNAVAILABLE: io exception
2019-10-01 21:47:11,011 [grpc-default-executor-0] INFO  impl.FollowerInfo (FollowerInfo.java:lambda$new$0(51)) - 4fe98e1f-8e79-4cc8-ad7c-d8dcfa82ff1e@group-2D3AFA3CB3B2->a6f2d0e5-b69b-4893-b0e1-e493defe37eb: nextIndex: updateUnconditionally 0 -> 0
2019-10-01 21:47:11,011 [grpc-default-executor-3] INFO  impl.FollowerInfo (FollowerInfo.java:lambda$new$0(51)) - 4fe98e1f-8e79-4cc8-ad7c-d8dcfa82ff1e@group-2D3AFA3CB3B2->dc8e1fa1-0742-4625-8bed-7dc210043178: nextIndex: updateUnconditionally 0 -> 0
]]></system-out>
    <system-err><![CDATA[Oct 01, 2019 9:46:26 PM org.apache.ratis.thirdparty.io.grpc.internal.SerializingExecutor run
SEVERE: Exception while executing runnable org.apache.ratis.thirdparty.io.grpc.internal.ServerImpl$JumpToApplicationThreadServerStreamListener$1Closed@106f9b17
org.apache.ratis.thirdparty.io.grpc.StatusRuntimeException: CANCELLED: call already cancelled
	at org.apache.ratis.thirdparty.io.grpc.Status.asRuntimeException(Status.java:517)
	at org.apache.ratis.thirdparty.io.grpc.stub.ServerCalls$ServerCallStreamObserverImpl.onCompleted(ServerCalls.java:356)
	at org.apache.ratis.grpc.server.GrpcServerProtocolService$ServerRequestStreamObserver.onError(GrpcServerProtocolService.java:121)
	at org.apache.ratis.thirdparty.io.grpc.stub.ServerCalls$StreamingServerCallHandler$StreamingServerCallListener.onCancel(ServerCalls.java:269)
	at org.apache.ratis.thirdparty.io.grpc.internal.ServerCallImpl$ServerStreamListenerImpl.closed(ServerCallImpl.java:293)
	at org.apache.ratis.thirdparty.io.grpc.internal.ServerImpl$JumpToApplicationThreadServerStreamListener$1Closed.runInContext(ServerImpl.java:741)
	at org.apache.ratis.thirdparty.io.grpc.internal.ContextRunnable.run(ContextRunnable.java:37)
	at org.apache.ratis.thirdparty.io.grpc.internal.SerializingExecutor.run(SerializingExecutor.java:123)
	at java.util.concurrent.ThreadPoolExecutor.runWorker(ThreadPoolExecutor.java:1149)
	at java.util.concurrent.ThreadPoolExecutor$Worker.run(ThreadPoolExecutor.java:624)
	at java.lang.Thread.run(Thread.java:748)

Oct 01, 2019 9:46:31 PM org.apache.ratis.thirdparty.io.grpc.internal.SerializingExecutor run
SEVERE: Exception while executing runnable org.apache.ratis.thirdparty.io.grpc.internal.ServerImpl$JumpToApplicationThreadServerStreamListener$1Closed@2d7dbe87
org.apache.ratis.thirdparty.io.grpc.StatusRuntimeException: CANCELLED: call already cancelled
	at org.apache.ratis.thirdparty.io.grpc.Status.asRuntimeException(Status.java:517)
	at org.apache.ratis.thirdparty.io.grpc.stub.ServerCalls$ServerCallStreamObserverImpl.onCompleted(ServerCalls.java:356)
	at org.apache.ratis.grpc.server.GrpcServerProtocolService$ServerRequestStreamObserver.onError(GrpcServerProtocolService.java:121)
	at org.apache.ratis.thirdparty.io.grpc.stub.ServerCalls$StreamingServerCallHandler$StreamingServerCallListener.onCancel(ServerCalls.java:269)
	at org.apache.ratis.thirdparty.io.grpc.internal.ServerCallImpl$ServerStreamListenerImpl.closed(ServerCallImpl.java:293)
	at org.apache.ratis.thirdparty.io.grpc.internal.ServerImpl$JumpToApplicationThreadServerStreamListener$1Closed.runInContext(ServerImpl.java:741)
	at org.apache.ratis.thirdparty.io.grpc.internal.ContextRunnable.run(ContextRunnable.java:37)
	at org.apache.ratis.thirdparty.io.grpc.internal.SerializingExecutor.run(SerializingExecutor.java:123)
	at java.util.concurrent.ThreadPoolExecutor.runWorker(ThreadPoolExecutor.java:1149)
	at java.util.concurrent.ThreadPoolExecutor$Worker.run(ThreadPoolExecutor.java:624)
	at java.lang.Thread.run(Thread.java:748)

]]></system-err>
  </testcase>
  <testcase name="testWatchForCommitForGroupMismatchException" classname="org.apache.hadoop.ozone.client.rpc.TestWatchForCommit" time="32.869"/>
  <testcase name="test2WayCommitForTimeoutException" classname="org.apache.hadoop.ozone.client.rpc.TestWatchForCommit" time="23.074">
    <error type="java.util.concurrent.TimeoutException">java.util.concurrent.TimeoutException
	at java.util.concurrent.CompletableFuture.timedGet(CompletableFuture.java:1771)
	at java.util.concurrent.CompletableFuture.get(CompletableFuture.java:1915)
	at org.apache.hadoop.hdds.scm.XceiverClientRatis.watchForCommit(XceiverClientRatis.java:298)
	at org.apache.hadoop.ozone.client.rpc.TestWatchForCommit.test2WayCommitForTimeoutException(TestWatchForCommit.java:391)
	at sun.reflect.NativeMethodAccessorImpl.invoke0(Native Method)
	at sun.reflect.NativeMethodAccessorImpl.invoke(NativeMethodAccessorImpl.java:62)
	at sun.reflect.DelegatingMethodAccessorImpl.invoke(DelegatingMethodAccessorImpl.java:43)
	at java.lang.reflect.Method.invoke(Method.java:498)
	at org.junit.runners.model.FrameworkMethod$1.runReflectiveCall(FrameworkMethod.java:47)
	at org.junit.internal.runners.model.ReflectiveCallable.run(ReflectiveCallable.java:12)
	at org.junit.runners.model.FrameworkMethod.invokeExplosively(FrameworkMethod.java:44)
	at org.junit.internal.runners.statements.InvokeMethod.evaluate(InvokeMethod.java:17)
	at org.junit.runners.ParentRunner.runLeaf(ParentRunner.java:271)
	at org.junit.runners.BlockJUnit4ClassRunner.runChild(BlockJUnit4ClassRunner.java:70)
	at org.junit.runners.BlockJUnit4ClassRunner.runChild(BlockJUnit4ClassRunner.java:50)
	at org.junit.runners.ParentRunner$3.run(ParentRunner.java:238)
	at org.junit.runners.ParentRunner$1.schedule(ParentRunner.java:63)
	at org.junit.runners.ParentRunner.runChildren(ParentRunner.java:236)
	at org.junit.runners.ParentRunner.access$000(ParentRunner.java:53)
	at org.junit.runners.ParentRunner$2.evaluate(ParentRunner.java:229)
	at org.junit.runners.ParentRunner.run(ParentRunner.java:309)
	at org.apache.maven.surefire.junit4.JUnit4Provider.execute(JUnit4Provider.java:365)
	at org.apache.maven.surefire.junit4.JUnit4Provider.executeWithRerun(JUnit4Provider.java:273)
	at org.apache.maven.surefire.junit4.JUnit4Provider.executeTestSet(JUnit4Provider.java:238)
	at org.apache.maven.surefire.junit4.JUnit4Provider.invoke(JUnit4Provider.java:159)
	at org.apache.maven.surefire.booter.ForkedBooter.invokeProviderInSameClassLoader(ForkedBooter.java:384)
	at org.apache.maven.surefire.booter.ForkedBooter.runSuitesInProcess(ForkedBooter.java:345)
	at org.apache.maven.surefire.booter.ForkedBooter.execute(ForkedBooter.java:126)
	at org.apache.maven.surefire.booter.ForkedBooter.main(ForkedBooter.java:418)
</error>
    <system-out><![CDATA[2019-10-01 21:47:44,188 [main] WARN  server.ServerUtils (ServerUtils.java:getScmDbDir(145)) - ozone.scm.db.dirs is not configured. We recommend adding this setting. Falling back to ozone.metadata.dirs instead.
2019-10-01 21:47:44,204 [main] WARN  server.ServerUtils (ServerUtils.java:getScmDbDir(145)) - ozone.scm.db.dirs is not configured. We recommend adding this setting. Falling back to ozone.metadata.dirs instead.
2019-10-01 21:47:44,204 [main] WARN  server.ServerUtils (ServerUtils.java:getScmDbDir(145)) - ozone.scm.db.dirs is not configured. We recommend adding this setting. Falling back to ozone.metadata.dirs instead.
2019-10-01 21:47:44,205 [main] INFO  db.DBStoreBuilder (DBStoreBuilder.java:addTable(110)) - using custom profile for table: deletedBlocks
2019-10-01 21:47:44,205 [main] INFO  db.DBStoreBuilder (DBStoreBuilder.java:processTables(161)) - Using default column profile:DBProfile.DISK for Table:deletedBlocks
2019-10-01 21:47:44,205 [main] INFO  db.DBStoreBuilder (DBStoreBuilder.java:addTable(110)) - using custom profile for table: validCerts
2019-10-01 21:47:44,205 [main] INFO  db.DBStoreBuilder (DBStoreBuilder.java:processTables(161)) - Using default column profile:DBProfile.DISK for Table:validCerts
2019-10-01 21:47:44,206 [main] INFO  db.DBStoreBuilder (DBStoreBuilder.java:addTable(110)) - using custom profile for table: revokedCerts
2019-10-01 21:47:44,206 [main] INFO  db.DBStoreBuilder (DBStoreBuilder.java:processTables(161)) - Using default column profile:DBProfile.DISK for Table:revokedCerts
2019-10-01 21:47:44,206 [main] INFO  db.DBStoreBuilder (DBStoreBuilder.java:addTable(110)) - using custom profile for table: default
2019-10-01 21:47:44,206 [main] INFO  db.DBStoreBuilder (DBStoreBuilder.java:processTables(167)) - Using default column profile:DBProfile.DISK for Table:default
2019-10-01 21:47:44,206 [main] INFO  db.DBStoreBuilder (DBStoreBuilder.java:getDbProfile(198)) - Using default options. DBProfile.DISK
2019-10-01 21:47:44,387 [main] INFO  net.NodeSchemaLoader (NodeSchemaLoader.java:loadSchemaFromFile(125)) - Loading file from sun.misc.CompoundEnumeration@5e599100
2019-10-01 21:47:44,387 [main] INFO  net.NodeSchemaLoader (NodeSchemaLoader.java:loadSchema(171)) - Loading network topology layer schema file
2019-10-01 21:47:44,394 [main] WARN  server.ServerUtils (ServerUtils.java:sanitizeUserArgs(70)) - ozone.scm.stale.node.interval value = 300000 is larger than max = 100000 based on the key value of ozone.scm.heartbeat.thread.interval, reset to the max value 100000.
2019-10-01 21:47:44,394 [main] WARN  server.ServerUtils (ServerUtils.java:sanitizeUserArgs(70)) - ozone.scm.stale.node.interval value = 300000 is larger than max = 100000 based on the key value of ozone.scm.heartbeat.thread.interval, reset to the max value 100000.
2019-10-01 21:47:44,395 [main] INFO  node.SCMNodeManager (SCMNodeManager.java:<init>(114)) - Entering startup safe mode.
2019-10-01 21:47:44,395 [main] INFO  algorithms.ContainerPlacementPolicyFactory (ContainerPlacementPolicyFactory.java:getPolicy(57)) - Create container placement policy of type org.apache.hadoop.hdds.scm.container.placement.algorithms.SCMContainerPlacementRandom
2019-10-01 21:47:44,396 [main] WARN  server.ServerUtils (ServerUtils.java:getScmDbDir(145)) - ozone.scm.db.dirs is not configured. We recommend adding this setting. Falling back to ozone.metadata.dirs instead.
2019-10-01 21:47:44,442 [main] INFO  pipeline.SCMPipelineManager (SCMPipelineManager.java:initializePipelineState(132)) - No pipeline exists in current db
2019-10-01 21:47:44,443 [main] WARN  server.ServerUtils (ServerUtils.java:getScmDbDir(145)) - ozone.scm.db.dirs is not configured. We recommend adding this setting. Falling back to ozone.metadata.dirs instead.
2019-10-01 21:47:44,500 [main] WARN  events.EventQueue (EventQueue.java:fireEvent(183)) - No event handler registered for event TypedEvent{payloadType=SafeModeStatus, name='SafeModeStatus'}
2019-10-01 21:47:44,501 [main] INFO  ipc.CallQueueManager (CallQueueManager.java:<init>(84)) - Using callQueue: class java.util.concurrent.LinkedBlockingQueue, queueCapacity: 2000, scheduler: class org.apache.hadoop.ipc.DefaultRpcScheduler, ipcBackoff: false.
2019-10-01 21:47:44,502 [Socket Reader #1 for port 44773] INFO  ipc.Server (Server.java:run(1074)) - Starting Socket Reader #1 for port 44773
2019-10-01 21:47:44,508 [main] INFO  ipc.CallQueueManager (CallQueueManager.java:<init>(84)) - Using callQueue: class java.util.concurrent.LinkedBlockingQueue, queueCapacity: 2000, scheduler: class org.apache.hadoop.ipc.DefaultRpcScheduler, ipcBackoff: false.
2019-10-01 21:47:44,508 [Socket Reader #1 for port 43383] INFO  ipc.Server (Server.java:run(1074)) - Starting Socket Reader #1 for port 43383
2019-10-01 21:47:44,512 [main] INFO  ipc.CallQueueManager (CallQueueManager.java:<init>(84)) - Using callQueue: class java.util.concurrent.LinkedBlockingQueue, queueCapacity: 2000, scheduler: class org.apache.hadoop.ipc.DefaultRpcScheduler, ipcBackoff: false.
2019-10-01 21:47:44,512 [Socket Reader #1 for port 39216] INFO  ipc.Server (Server.java:run(1074)) - Starting Socket Reader #1 for port 39216
2019-10-01 21:47:44,516 [main] INFO  hdfs.DFSUtil (DFSUtil.java:httpServerTemplateForNNAndJN(1641)) - Starting Web-server for scm at: http://0.0.0.0:0
2019-10-01 21:47:44,519 [main] INFO  server.AuthenticationFilter (AuthenticationFilter.java:constructSecretProvider(240)) - Unable to initialize FileSignerSecretProvider, falling back to use random secrets.
2019-10-01 21:47:44,520 [main] WARN  http.HttpRequestLog (HttpRequestLog.java:getRequestLog(97)) - Jetty request log can only be enabled using Log4j
2019-10-01 21:47:44,523 [main] INFO  http.HttpServer2 (HttpServer2.java:addGlobalFilter(975)) - Added global filter 'safety' (class=org.apache.hadoop.http.HttpServer2$QuotingInputFilter)
2019-10-01 21:47:44,523 [main] INFO  http.HttpServer2 (HttpServer2.java:addFilter(948)) - Added filter static_user_filter (class=org.apache.hadoop.http.lib.StaticUserWebFilter$StaticUserFilter) to context scm
2019-10-01 21:47:44,524 [main] INFO  http.HttpServer2 (HttpServer2.java:addFilter(958)) - Added filter static_user_filter (class=org.apache.hadoop.http.lib.StaticUserWebFilter$StaticUserFilter) to context static
2019-10-01 21:47:44,524 [main] INFO  http.HttpServer2 (HttpServer2.java:addFilter(958)) - Added filter static_user_filter (class=org.apache.hadoop.http.lib.StaticUserWebFilter$StaticUserFilter) to context logs
2019-10-01 21:47:44,527 [main] INFO  server.StorageContainerManager (StorageContainerManager.java:start(770)) - StorageContainerLocationProtocol RPC server is listening at /0.0.0.0:39216
2019-10-01 21:47:44,530 [main] WARN  impl.MetricsConfig (MetricsConfig.java:loadFirst(134)) - Cannot locate configuration: tried hadoop-metrics2-storagecontainermanager.properties,hadoop-metrics2.properties
2019-10-01 21:47:44,531 [main] INFO  impl.MetricsSystemImpl (MetricsSystemImpl.java:startTimer(374)) - Scheduled Metric snapshot period at 10 second(s).
2019-10-01 21:47:44,531 [main] INFO  impl.MetricsSystemImpl (MetricsSystemImpl.java:start(191)) - StorageContainerManager metrics system started
2019-10-01 21:47:44,895 [main] WARN  impl.MetricsSystemImpl (MetricsSystemImpl.java:register(276)) - Sink prometheus already exists!
2019-10-01 21:47:45,187 [main] INFO  server.SCMClientProtocolServer (SCMClientProtocolServer.java:start(150)) - RPC server for Client  is listening at /0.0.0.0:39216
2019-10-01 21:47:45,188 [IPC Server Responder] INFO  ipc.Server (Server.java:run(1314)) - IPC Server Responder: starting
2019-10-01 21:47:45,188 [IPC Server listener on 39216] INFO  ipc.Server (Server.java:run(1153)) - IPC Server listener on 39216: starting
2019-10-01 21:47:45,209 [main] INFO  server.StorageContainerManager (StorageContainerManager.java:start(780)) - ScmBlockLocationProtocol RPC server is listening at /0.0.0.0:43383
2019-10-01 21:47:45,210 [main] INFO  server.SCMBlockProtocolServer (SCMBlockProtocolServer.java:start(146)) - RPC server for Block Protocol is listening at /0.0.0.0:43383
2019-10-01 21:47:45,210 [IPC Server Responder] INFO  ipc.Server (Server.java:run(1314)) - IPC Server Responder: starting
2019-10-01 21:47:45,210 [IPC Server listener on 43383] INFO  ipc.Server (Server.java:run(1153)) - IPC Server listener on 43383: starting
2019-10-01 21:47:45,218 [main] INFO  server.StorageContainerManager (StorageContainerManager.java:start(784)) - ScmDatanodeProtocl RPC server is listening at /0.0.0.0:44773
2019-10-01 21:47:45,218 [main] INFO  server.SCMDatanodeProtocolServer (SCMDatanodeProtocolServer.java:start(191)) - RPC server for DataNodes is listening at /0.0.0.0:44773
2019-10-01 21:47:45,218 [IPC Server Responder] INFO  ipc.Server (Server.java:run(1314)) - IPC Server Responder: starting
2019-10-01 21:47:45,218 [IPC Server listener on 44773] INFO  ipc.Server (Server.java:run(1153)) - IPC Server listener on 44773: starting
2019-10-01 21:47:45,225 [main] INFO  http.HttpServer2 (HttpServer2.java:bindListener(1191)) - Jetty bound to port 43373
2019-10-01 21:47:45,226 [main] INFO  server.Server (Server.java:doStart(351)) - jetty-9.3.25.v20180904, build timestamp: 2018-09-04T21:11:46Z, git hash: 3ce520221d0240229c862b122d2b06c12a625732
2019-10-01 21:47:45,228 [main] INFO  handler.ContextHandler (ContextHandler.java:doStart(781)) - Started o.e.j.s.ServletContextHandler@44bc2449{/logs,file:///workdir/hadoop-ozone/integration-test/target/log,AVAILABLE}
2019-10-01 21:47:45,229 [main] INFO  handler.ContextHandler (ContextHandler.java:doStart(781)) - Started o.e.j.s.ServletContextHandler@7558c24b{/static,file:///workdir/hadoop-ozone/integration-test/target/test-classes/webapps/static,AVAILABLE}
2019-10-01 21:47:45,234 [main] INFO  handler.ContextHandler (ContextHandler.java:doStart(781)) - Started o.e.j.w.WebAppContext@58f254b1{/,file:///workdir/hadoop-ozone/integration-test/target/test-classes/webapps/scm/,AVAILABLE}{/scm}
2019-10-01 21:47:45,234 [main] INFO  server.AbstractConnector (AbstractConnector.java:doStart(278)) - Started ServerConnector@46b2dcc5{HTTP/1.1,[http/1.1]}{0.0.0.0:43373}
2019-10-01 21:47:45,237 [main] INFO  server.Server (Server.java:doStart(419)) - Started @221201ms
2019-10-01 21:47:45,237 [main] WARN  impl.MetricsSystemImpl (MetricsSystemImpl.java:register(276)) - Sink prometheus already exists!
2019-10-01 21:47:45,238 [main] INFO  server.BaseHttpServer (BaseHttpServer.java:updateConnectorAddress(215)) - HTTP server of SCM is listening at http://0.0.0.0:43373
2019-10-01 21:47:45,241 [main] WARN  server.ServerUtils (ServerUtils.java:getDBPath(222)) - ozone.om.db.dirs is not configured. We recommend adding this setting. Falling back to ozone.metadata.dirs instead.
2019-10-01 21:47:45,241 [org.apache.hadoop.util.JvmPauseMonitor$Monitor@706f6d26] INFO  util.JvmPauseMonitor (JvmPauseMonitor.java:run(188)) - Starting JVM pause monitor
2019-10-01 21:47:45,255 [main] WARN  server.ServerUtils (ServerUtils.java:getDBPath(222)) - ozone.om.db.dirs is not configured. We recommend adding this setting. Falling back to ozone.metadata.dirs instead.
2019-10-01 21:47:45,256 [main] WARN  server.ServerUtils (ServerUtils.java:getDBPath(222)) - ozone.om.db.dirs is not configured. We recommend adding this setting. Falling back to ozone.metadata.dirs instead.
2019-10-01 21:47:45,256 [main] INFO  om.OzoneManager (OzoneManager.java:setOMNodeDetails(652)) - OM Service ID is not set. Setting it to the default ID: omServiceIdDefault
2019-10-01 21:47:45,257 [main] INFO  om.OzoneManager (OzoneManager.java:setOMNodeDetails(658)) - OM Node ID is not set. Setting it to the OmStorage's OmID: 644fa647-d67d-4d9a-a0ae-ef3111fbfd95
2019-10-01 21:47:45,257 [main] INFO  om.OzoneManager (OzoneManager.java:loadOMHAConfigs(609)) - Found matching OM address with OMServiceId: null, OMNodeId: null, RPC Address: localhost:0 and Ratis port: 9872
2019-10-01 21:47:45,279 [main] WARN  server.ServerUtils (ServerUtils.java:getDBPath(222)) - ozone.om.db.dirs is not configured. We recommend adding this setting. Falling back to ozone.metadata.dirs instead.
2019-10-01 21:47:45,280 [main] INFO  db.DBStoreBuilder (DBStoreBuilder.java:addTable(110)) - using custom profile for table: userTable
2019-10-01 21:47:45,280 [main] INFO  db.DBStoreBuilder (DBStoreBuilder.java:processTables(161)) - Using default column profile:DBProfile.DISK for Table:userTable
2019-10-01 21:47:45,280 [main] INFO  db.DBStoreBuilder (DBStoreBuilder.java:addTable(110)) - using custom profile for table: volumeTable
2019-10-01 21:47:45,281 [main] INFO  db.DBStoreBuilder (DBStoreBuilder.java:processTables(161)) - Using default column profile:DBProfile.DISK for Table:volumeTable
2019-10-01 21:47:45,281 [main] INFO  db.DBStoreBuilder (DBStoreBuilder.java:addTable(110)) - using custom profile for table: bucketTable
2019-10-01 21:47:45,281 [main] INFO  db.DBStoreBuilder (DBStoreBuilder.java:processTables(161)) - Using default column profile:DBProfile.DISK for Table:bucketTable
2019-10-01 21:47:45,281 [main] INFO  db.DBStoreBuilder (DBStoreBuilder.java:addTable(110)) - using custom profile for table: keyTable
2019-10-01 21:47:45,282 [main] INFO  db.DBStoreBuilder (DBStoreBuilder.java:processTables(161)) - Using default column profile:DBProfile.DISK for Table:keyTable
2019-10-01 21:47:45,282 [main] INFO  db.DBStoreBuilder (DBStoreBuilder.java:addTable(110)) - using custom profile for table: deletedTable
2019-10-01 21:47:45,282 [main] INFO  db.DBStoreBuilder (DBStoreBuilder.java:processTables(161)) - Using default column profile:DBProfile.DISK for Table:deletedTable
2019-10-01 21:47:45,283 [main] INFO  db.DBStoreBuilder (DBStoreBuilder.java:addTable(110)) - using custom profile for table: openKeyTable
2019-10-01 21:47:45,283 [main] INFO  db.DBStoreBuilder (DBStoreBuilder.java:processTables(161)) - Using default column profile:DBProfile.DISK for Table:openKeyTable
2019-10-01 21:47:45,283 [main] INFO  db.DBStoreBuilder (DBStoreBuilder.java:addTable(110)) - using custom profile for table: s3Table
2019-10-01 21:47:45,283 [main] INFO  db.DBStoreBuilder (DBStoreBuilder.java:processTables(161)) - Using default column profile:DBProfile.DISK for Table:s3Table
2019-10-01 21:47:45,284 [main] INFO  db.DBStoreBuilder (DBStoreBuilder.java:addTable(110)) - using custom profile for table: multipartInfoTable
2019-10-01 21:47:45,284 [main] INFO  db.DBStoreBuilder (DBStoreBuilder.java:processTables(161)) - Using default column profile:DBProfile.DISK for Table:multipartInfoTable
2019-10-01 21:47:45,284 [main] INFO  db.DBStoreBuilder (DBStoreBuilder.java:addTable(110)) - using custom profile for table: dTokenTable
2019-10-01 21:47:45,284 [main] INFO  db.DBStoreBuilder (DBStoreBuilder.java:processTables(161)) - Using default column profile:DBProfile.DISK for Table:dTokenTable
2019-10-01 21:47:45,285 [main] INFO  db.DBStoreBuilder (DBStoreBuilder.java:addTable(110)) - using custom profile for table: s3SecretTable
2019-10-01 21:47:45,285 [main] INFO  db.DBStoreBuilder (DBStoreBuilder.java:processTables(161)) - Using default column profile:DBProfile.DISK for Table:s3SecretTable
2019-10-01 21:47:45,285 [main] INFO  db.DBStoreBuilder (DBStoreBuilder.java:addTable(110)) - using custom profile for table: prefixTable
2019-10-01 21:47:45,285 [main] INFO  db.DBStoreBuilder (DBStoreBuilder.java:processTables(161)) - Using default column profile:DBProfile.DISK for Table:prefixTable
2019-10-01 21:47:45,286 [main] INFO  db.DBStoreBuilder (DBStoreBuilder.java:addTable(110)) - using custom profile for table: default
2019-10-01 21:47:45,286 [main] INFO  db.DBStoreBuilder (DBStoreBuilder.java:processTables(167)) - Using default column profile:DBProfile.DISK for Table:default
2019-10-01 21:47:45,286 [main] INFO  db.DBStoreBuilder (DBStoreBuilder.java:getDbProfile(198)) - Using default options. DBProfile.DISK
2019-10-01 21:47:45,730 [main] INFO  ipc.CallQueueManager (CallQueueManager.java:<init>(84)) - Using callQueue: class java.util.concurrent.LinkedBlockingQueue, queueCapacity: 2000, scheduler: class org.apache.hadoop.ipc.DefaultRpcScheduler, ipcBackoff: false.
2019-10-01 21:47:45,731 [Socket Reader #1 for port 43118] INFO  ipc.Server (Server.java:run(1074)) - Starting Socket Reader #1 for port 43118
2019-10-01 21:47:45,749 [main] INFO  om.OzoneManager (OzoneManager.java:start(1243)) - OzoneManager RPC server is listening at localhost/127.0.0.1:43118
2019-10-01 21:47:45,749 [main] INFO  impl.MetricsSystemImpl (MetricsSystemImpl.java:init(158)) - OzoneManager metrics system started (again)
2019-10-01 21:47:45,750 [IPC Server Responder] INFO  ipc.Server (Server.java:run(1314)) - IPC Server Responder: starting
2019-10-01 21:47:45,750 [IPC Server listener on 43118] INFO  ipc.Server (Server.java:run(1153)) - IPC Server listener on 43118: starting
2019-10-01 21:47:45,762 [main] INFO  hdfs.DFSUtil (DFSUtil.java:httpServerTemplateForNNAndJN(1641)) - Starting Web-server for ozoneManager at: http://0.0.0.0:0
2019-10-01 21:47:45,764 [main] INFO  server.AuthenticationFilter (AuthenticationFilter.java:constructSecretProvider(240)) - Unable to initialize FileSignerSecretProvider, falling back to use random secrets.
2019-10-01 21:47:45,765 [main] WARN  http.HttpRequestLog (HttpRequestLog.java:getRequestLog(97)) - Jetty request log can only be enabled using Log4j
2019-10-01 21:47:45,767 [main] INFO  http.HttpServer2 (HttpServer2.java:addGlobalFilter(975)) - Added global filter 'safety' (class=org.apache.hadoop.http.HttpServer2$QuotingInputFilter)
2019-10-01 21:47:45,768 [main] INFO  http.HttpServer2 (HttpServer2.java:addFilter(948)) - Added filter static_user_filter (class=org.apache.hadoop.http.lib.StaticUserWebFilter$StaticUserFilter) to context ozoneManager
2019-10-01 21:47:45,768 [main] INFO  http.HttpServer2 (HttpServer2.java:addFilter(958)) - Added filter static_user_filter (class=org.apache.hadoop.http.lib.StaticUserWebFilter$StaticUserFilter) to context static
2019-10-01 21:47:45,769 [main] INFO  http.HttpServer2 (HttpServer2.java:addFilter(958)) - Added filter static_user_filter (class=org.apache.hadoop.http.lib.StaticUserWebFilter$StaticUserFilter) to context logs
2019-10-01 21:47:45,769 [main] INFO  http.HttpServer2 (HttpServer2.java:bindListener(1191)) - Jetty bound to port 44753
2019-10-01 21:47:45,770 [main] INFO  server.Server (Server.java:doStart(351)) - jetty-9.3.25.v20180904, build timestamp: 2018-09-04T21:11:46Z, git hash: 3ce520221d0240229c862b122d2b06c12a625732
2019-10-01 21:47:45,772 [main] INFO  handler.ContextHandler (ContextHandler.java:doStart(781)) - Started o.e.j.s.ServletContextHandler@2c2c3947{/logs,file:///workdir/hadoop-ozone/integration-test/target/log,AVAILABLE}
2019-10-01 21:47:45,772 [main] INFO  handler.ContextHandler (ContextHandler.java:doStart(781)) - Started o.e.j.s.ServletContextHandler@7ec08115{/static,file:///workdir/hadoop-ozone/integration-test/target/test-classes/webapps/static,AVAILABLE}
2019-10-01 21:47:45,777 [main] INFO  handler.ContextHandler (ContextHandler.java:doStart(781)) - Started o.e.j.w.WebAppContext@2c6c302f{/,file:///workdir/hadoop-ozone/integration-test/target/test-classes/webapps/ozoneManager/,AVAILABLE}{/ozoneManager}
2019-10-01 21:47:45,777 [main] INFO  server.AbstractConnector (AbstractConnector.java:doStart(278)) - Started ServerConnector@2478b629{HTTP/1.1,[http/1.1]}{0.0.0.0:44753}
2019-10-01 21:47:45,779 [main] INFO  server.Server (Server.java:doStart(419)) - Started @221744ms
2019-10-01 21:47:45,780 [main] WARN  impl.MetricsSystemImpl (MetricsSystemImpl.java:register(276)) - Sink prometheus already exists!
2019-10-01 21:47:45,780 [main] INFO  server.BaseHttpServer (BaseHttpServer.java:updateConnectorAddress(215)) - HTTP server of OZONEMANAGER is listening at http://0.0.0.0:44753
2019-10-01 21:47:45,798 [main] INFO  impl.MetricsSystemImpl (MetricsSystemImpl.java:init(158)) - HddsDatanode metrics system started (again)
2019-10-01 21:47:45,817 [main] INFO  ozone.HddsDatanodeService (HddsDatanodeService.java:start(184)) - HddsDatanodeService host:pr-hdds-2225-v7c79-4183396186 ip:192.168.157.248
2019-10-01 21:47:45,827 [main] INFO  volume.HddsVolume (HddsVolume.java:<init>(176)) - Creating Volume: /workdir/hadoop-ozone/integration-test/target/test-dir/MiniOzoneClusterImpl-caa61c93-f07a-48d8-a406-3e32b7adb6b2/datanode-0/data/containers/hdds of  storage type : DISK and capacity : 1482555576320
2019-10-01 21:47:45,827 [main] INFO  volume.VolumeSet (VolumeSet.java:initializeVolumeSet(170)) - Added Volume : /workdir/hadoop-ozone/integration-test/target/test-dir/MiniOzoneClusterImpl-caa61c93-f07a-48d8-a406-3e32b7adb6b2/datanode-0/data/containers/hdds to VolumeSet
2019-10-01 21:47:45,828 [main] INFO  volume.ThrottledAsyncChecker (ThrottledAsyncChecker.java:schedule(139)) - Scheduling a check for org.apache.hadoop.ozone.container.common.volume.HddsVolume@3c54ddec
2019-10-01 21:47:45,828 [main] INFO  volume.HddsVolumeChecker (HddsVolumeChecker.java:checkAllVolumes(202)) - Scheduled health check for volume org.apache.hadoop.ozone.container.common.volume.HddsVolume@3c54ddec
2019-10-01 21:47:45,844 [main] INFO  impl.RaftServerProxy (ConfUtils.java:logGet(43)) - raft.rpc.type = GRPC (default)
2019-10-01 21:47:45,844 [main] INFO  grpc.GrpcFactory (GrpcFactory.java:checkPooledByteBufAllocatorUseCacheForAllThreads(45)) - PERFORMANCE WARNING: useCacheForAllThreads is true that may cause Netty to create a lot garbage objects and, as a result, trigger GC.
	It is recommended to disable useCacheForAllThreads by setting -Dorg.apache.ratis.thirdparty.io.netty.allocator.useCacheForAllThreads=false in command line.
2019-10-01 21:47:45,845 [main] INFO  grpc.GrpcConfigKeys$Server (ConfUtils.java:logGet(43)) - raft.grpc.server.port = 0 (default)
2019-10-01 21:47:45,845 [main] INFO  server.GrpcService (ConfUtils.java:logGet(43)) - raft.grpc.message.size.max = 33570816 (custom)
2019-10-01 21:47:45,845 [main] INFO  server.RaftServerConfigKeys (ConfUtils.java:logGet(43)) - raft.server.log.appender.buffer.byte-limit = 33554432 (custom)
2019-10-01 21:47:45,845 [main] INFO  server.GrpcService (ConfUtils.java:logGet(43)) - raft.grpc.flow.control.window = 1MB (=1048576) (default)
2019-10-01 21:47:45,845 [main] INFO  server.RaftServerConfigKeys (ConfUtils.java:logGet(43)) - raft.server.rpc.request.timeout = 3000ms (default)
2019-10-01 21:47:45,846 [main] INFO  server.RaftServerConfigKeys (ConfUtils.java:logGet(43)) - raft.server.storage.dir = [/workdir/hadoop-ozone/integration-test/target/test-dir/MiniOzoneClusterImpl-caa61c93-f07a-48d8-a406-3e32b7adb6b2/datanode-0/data/ratis] (custom)
2019-10-01 21:47:45,847 [main] INFO  hdfs.DFSUtil (DFSUtil.java:httpServerTemplateForNNAndJN(1641)) - Starting Web-server for hddsDatanode at: http://0.0.0.0:0
2019-10-01 21:47:45,848 [main] INFO  server.AuthenticationFilter (AuthenticationFilter.java:constructSecretProvider(240)) - Unable to initialize FileSignerSecretProvider, falling back to use random secrets.
2019-10-01 21:47:45,849 [main] WARN  http.HttpRequestLog (HttpRequestLog.java:getRequestLog(97)) - Jetty request log can only be enabled using Log4j
2019-10-01 21:47:45,850 [main] INFO  http.HttpServer2 (HttpServer2.java:addGlobalFilter(975)) - Added global filter 'safety' (class=org.apache.hadoop.http.HttpServer2$QuotingInputFilter)
2019-10-01 21:47:45,851 [main] INFO  http.HttpServer2 (HttpServer2.java:addFilter(948)) - Added filter static_user_filter (class=org.apache.hadoop.http.lib.StaticUserWebFilter$StaticUserFilter) to context hddsDatanode
2019-10-01 21:47:45,851 [main] INFO  http.HttpServer2 (HttpServer2.java:addFilter(958)) - Added filter static_user_filter (class=org.apache.hadoop.http.lib.StaticUserWebFilter$StaticUserFilter) to context logs
2019-10-01 21:47:45,851 [main] INFO  http.HttpServer2 (HttpServer2.java:addFilter(958)) - Added filter static_user_filter (class=org.apache.hadoop.http.lib.StaticUserWebFilter$StaticUserFilter) to context static
2019-10-01 21:47:45,852 [main] INFO  http.HttpServer2 (HttpServer2.java:bindListener(1191)) - Jetty bound to port 43551
2019-10-01 21:47:45,852 [main] INFO  server.Server (Server.java:doStart(351)) - jetty-9.3.25.v20180904, build timestamp: 2018-09-04T21:11:46Z, git hash: 3ce520221d0240229c862b122d2b06c12a625732
2019-10-01 21:47:45,853 [main] INFO  handler.ContextHandler (ContextHandler.java:doStart(781)) - Started o.e.j.s.ServletContextHandler@372f0a99{/logs,file:///workdir/hadoop-ozone/integration-test/target/log,AVAILABLE}
2019-10-01 21:47:45,854 [main] INFO  handler.ContextHandler (ContextHandler.java:doStart(781)) - Started o.e.j.s.ServletContextHandler@3e5beab5{/static,jar:file:/home/user/.m2/repository/org/apache/hadoop/hadoop-hdds-container-service/0.5.0-SNAPSHOT/hadoop-hdds-container-service-0.5.0-SNAPSHOT.jar!/webapps/static,AVAILABLE}
2019-10-01 21:47:45,881 [main] INFO  handler.ContextHandler (ContextHandler.java:doStart(781)) - Started o.e.j.w.WebAppContext@76396509{/,file:///tmp/jetty-0.0.0.0-43551-hddsDatanode-_-any-4035174872596514682.dir/webapp/,AVAILABLE}{/hddsDatanode}
2019-10-01 21:47:45,882 [main] INFO  server.AbstractConnector (AbstractConnector.java:doStart(278)) - Started ServerConnector@637c840d{HTTP/1.1,[http/1.1]}{0.0.0.0:43551}
2019-10-01 21:47:45,884 [main] INFO  server.Server (Server.java:doStart(419)) - Started @221849ms
2019-10-01 21:47:45,884 [main] WARN  impl.MetricsSystemImpl (MetricsSystemImpl.java:register(276)) - Sink prometheus already exists!
2019-10-01 21:47:45,885 [main] INFO  server.BaseHttpServer (BaseHttpServer.java:updateConnectorAddress(215)) - HTTP server of HDDSDATANODE is listening at http://0.0.0.0:43551
2019-10-01 21:47:45,885 [main] INFO  impl.MetricsSystemImpl (MetricsSystemImpl.java:init(158)) - HddsDatanode metrics system started (again)
2019-10-01 21:47:45,902 [org.apache.hadoop.util.JvmPauseMonitor$Monitor@20bb4e1e] INFO  util.JvmPauseMonitor (JvmPauseMonitor.java:run(188)) - Starting JVM pause monitor
2019-10-01 21:47:45,903 [main] INFO  ozone.HddsDatanodeService (HddsDatanodeService.java:start(184)) - HddsDatanodeService host:pr-hdds-2225-v7c79-4183396186 ip:192.168.157.248
2019-10-01 21:47:45,904 [Datanode State Machine Thread - 0] INFO  datanode.InitDatanodeState (InitDatanodeState.java:persistContainerDatanodeDetails(140)) - DatanodeDetails is persisted to /workdir/hadoop-ozone/integration-test/target/test-dir/MiniOzoneClusterImpl-caa61c93-f07a-48d8-a406-3e32b7adb6b2/datanode-0/meta/datanode.id
2019-10-01 21:47:45,911 [main] INFO  volume.HddsVolume (HddsVolume.java:<init>(176)) - Creating Volume: /workdir/hadoop-ozone/integration-test/target/test-dir/MiniOzoneClusterImpl-caa61c93-f07a-48d8-a406-3e32b7adb6b2/datanode-1/data/containers/hdds of  storage type : DISK and capacity : 1482555576320
2019-10-01 21:47:45,911 [main] INFO  volume.VolumeSet (VolumeSet.java:initializeVolumeSet(170)) - Added Volume : /workdir/hadoop-ozone/integration-test/target/test-dir/MiniOzoneClusterImpl-caa61c93-f07a-48d8-a406-3e32b7adb6b2/datanode-1/data/containers/hdds to VolumeSet
2019-10-01 21:47:45,911 [main] INFO  volume.ThrottledAsyncChecker (ThrottledAsyncChecker.java:schedule(139)) - Scheduling a check for org.apache.hadoop.ozone.container.common.volume.HddsVolume@7aa01bd9
2019-10-01 21:47:45,912 [main] INFO  volume.HddsVolumeChecker (HddsVolumeChecker.java:checkAllVolumes(202)) - Scheduled health check for volume org.apache.hadoop.ozone.container.common.volume.HddsVolume@7aa01bd9
2019-10-01 21:47:45,924 [main] INFO  impl.RaftServerProxy (ConfUtils.java:logGet(43)) - raft.rpc.type = GRPC (default)
2019-10-01 21:47:45,924 [main] INFO  grpc.GrpcFactory (GrpcFactory.java:checkPooledByteBufAllocatorUseCacheForAllThreads(45)) - PERFORMANCE WARNING: useCacheForAllThreads is true that may cause Netty to create a lot garbage objects and, as a result, trigger GC.
	It is recommended to disable useCacheForAllThreads by setting -Dorg.apache.ratis.thirdparty.io.netty.allocator.useCacheForAllThreads=false in command line.
2019-10-01 21:47:45,925 [main] INFO  grpc.GrpcConfigKeys$Server (ConfUtils.java:logGet(43)) - raft.grpc.server.port = 0 (default)
2019-10-01 21:47:45,925 [main] INFO  server.GrpcService (ConfUtils.java:logGet(43)) - raft.grpc.message.size.max = 33570816 (custom)
2019-10-01 21:47:45,925 [main] INFO  server.RaftServerConfigKeys (ConfUtils.java:logGet(43)) - raft.server.log.appender.buffer.byte-limit = 33554432 (custom)
2019-10-01 21:47:45,925 [main] INFO  server.GrpcService (ConfUtils.java:logGet(43)) - raft.grpc.flow.control.window = 1MB (=1048576) (default)
2019-10-01 21:47:45,925 [main] INFO  server.RaftServerConfigKeys (ConfUtils.java:logGet(43)) - raft.server.rpc.request.timeout = 3000ms (default)
2019-10-01 21:47:45,926 [main] INFO  server.RaftServerConfigKeys (ConfUtils.java:logGet(43)) - raft.server.storage.dir = [/workdir/hadoop-ozone/integration-test/target/test-dir/MiniOzoneClusterImpl-caa61c93-f07a-48d8-a406-3e32b7adb6b2/datanode-1/data/ratis] (custom)
2019-10-01 21:47:45,927 [main] INFO  hdfs.DFSUtil (DFSUtil.java:httpServerTemplateForNNAndJN(1641)) - Starting Web-server for hddsDatanode at: http://0.0.0.0:0
2019-10-01 21:47:45,928 [main] INFO  server.AuthenticationFilter (AuthenticationFilter.java:constructSecretProvider(240)) - Unable to initialize FileSignerSecretProvider, falling back to use random secrets.
2019-10-01 21:47:45,928 [main] WARN  http.HttpRequestLog (HttpRequestLog.java:getRequestLog(97)) - Jetty request log can only be enabled using Log4j
2019-10-01 21:47:45,929 [main] INFO  http.HttpServer2 (HttpServer2.java:addGlobalFilter(975)) - Added global filter 'safety' (class=org.apache.hadoop.http.HttpServer2$QuotingInputFilter)
2019-10-01 21:47:45,930 [main] INFO  http.HttpServer2 (HttpServer2.java:addFilter(948)) - Added filter static_user_filter (class=org.apache.hadoop.http.lib.StaticUserWebFilter$StaticUserFilter) to context hddsDatanode
2019-10-01 21:47:45,930 [main] INFO  http.HttpServer2 (HttpServer2.java:addFilter(958)) - Added filter static_user_filter (class=org.apache.hadoop.http.lib.StaticUserWebFilter$StaticUserFilter) to context logs
2019-10-01 21:47:45,930 [main] INFO  http.HttpServer2 (HttpServer2.java:addFilter(958)) - Added filter static_user_filter (class=org.apache.hadoop.http.lib.StaticUserWebFilter$StaticUserFilter) to context static
2019-10-01 21:47:45,931 [main] INFO  http.HttpServer2 (HttpServer2.java:bindListener(1191)) - Jetty bound to port 37170
2019-10-01 21:47:45,931 [main] INFO  server.Server (Server.java:doStart(351)) - jetty-9.3.25.v20180904, build timestamp: 2018-09-04T21:11:46Z, git hash: 3ce520221d0240229c862b122d2b06c12a625732
2019-10-01 21:47:45,934 [main] INFO  handler.ContextHandler (ContextHandler.java:doStart(781)) - Started o.e.j.s.ServletContextHandler@50598a1a{/logs,file:///workdir/hadoop-ozone/integration-test/target/log,AVAILABLE}
2019-10-01 21:47:45,935 [main] INFO  handler.ContextHandler (ContextHandler.java:doStart(781)) - Started o.e.j.s.ServletContextHandler@437ed416{/static,jar:file:/home/user/.m2/repository/org/apache/hadoop/hadoop-hdds-container-service/0.5.0-SNAPSHOT/hadoop-hdds-container-service-0.5.0-SNAPSHOT.jar!/webapps/static,AVAILABLE}
2019-10-01 21:47:45,962 [main] INFO  handler.ContextHandler (ContextHandler.java:doStart(781)) - Started o.e.j.w.WebAppContext@3dfd6220{/,file:///tmp/jetty-0.0.0.0-37170-hddsDatanode-_-any-6023033483618262810.dir/webapp/,AVAILABLE}{/hddsDatanode}
2019-10-01 21:47:45,962 [main] INFO  server.AbstractConnector (AbstractConnector.java:doStart(278)) - Started ServerConnector@3815146b{HTTP/1.1,[http/1.1]}{0.0.0.0:37170}
2019-10-01 21:47:45,965 [main] INFO  server.Server (Server.java:doStart(419)) - Started @221929ms
2019-10-01 21:47:45,965 [main] WARN  impl.MetricsSystemImpl (MetricsSystemImpl.java:register(276)) - Sink prometheus already exists!
2019-10-01 21:47:45,965 [main] INFO  server.BaseHttpServer (BaseHttpServer.java:updateConnectorAddress(215)) - HTTP server of HDDSDATANODE is listening at http://0.0.0.0:37170
2019-10-01 21:47:45,966 [main] INFO  impl.MetricsSystemImpl (MetricsSystemImpl.java:init(158)) - HddsDatanode metrics system started (again)
2019-10-01 21:47:45,983 [org.apache.hadoop.util.JvmPauseMonitor$Monitor@40a7c84c] INFO  util.JvmPauseMonitor (JvmPauseMonitor.java:run(188)) - Starting JVM pause monitor
2019-10-01 21:47:45,984 [main] INFO  ozone.HddsDatanodeService (HddsDatanodeService.java:start(184)) - HddsDatanodeService host:pr-hdds-2225-v7c79-4183396186 ip:192.168.157.248
2019-10-01 21:47:45,985 [Datanode State Machine Thread - 0] INFO  datanode.InitDatanodeState (InitDatanodeState.java:persistContainerDatanodeDetails(140)) - DatanodeDetails is persisted to /workdir/hadoop-ozone/integration-test/target/test-dir/MiniOzoneClusterImpl-caa61c93-f07a-48d8-a406-3e32b7adb6b2/datanode-1/meta/datanode.id
2019-10-01 21:47:45,994 [main] INFO  volume.HddsVolume (HddsVolume.java:<init>(176)) - Creating Volume: /workdir/hadoop-ozone/integration-test/target/test-dir/MiniOzoneClusterImpl-caa61c93-f07a-48d8-a406-3e32b7adb6b2/datanode-2/data/containers/hdds of  storage type : DISK and capacity : 1482555576320
2019-10-01 21:47:45,994 [main] INFO  volume.VolumeSet (VolumeSet.java:initializeVolumeSet(170)) - Added Volume : /workdir/hadoop-ozone/integration-test/target/test-dir/MiniOzoneClusterImpl-caa61c93-f07a-48d8-a406-3e32b7adb6b2/datanode-2/data/containers/hdds to VolumeSet
2019-10-01 21:47:45,994 [main] INFO  volume.ThrottledAsyncChecker (ThrottledAsyncChecker.java:schedule(139)) - Scheduling a check for org.apache.hadoop.ozone.container.common.volume.HddsVolume@2fd9fb34
2019-10-01 21:47:45,995 [main] INFO  volume.HddsVolumeChecker (HddsVolumeChecker.java:checkAllVolumes(202)) - Scheduled health check for volume org.apache.hadoop.ozone.container.common.volume.HddsVolume@2fd9fb34
2019-10-01 21:47:46,010 [main] INFO  impl.RaftServerProxy (ConfUtils.java:logGet(43)) - raft.rpc.type = GRPC (default)
2019-10-01 21:47:46,010 [main] INFO  grpc.GrpcFactory (GrpcFactory.java:checkPooledByteBufAllocatorUseCacheForAllThreads(45)) - PERFORMANCE WARNING: useCacheForAllThreads is true that may cause Netty to create a lot garbage objects and, as a result, trigger GC.
	It is recommended to disable useCacheForAllThreads by setting -Dorg.apache.ratis.thirdparty.io.netty.allocator.useCacheForAllThreads=false in command line.
2019-10-01 21:47:46,011 [main] INFO  grpc.GrpcConfigKeys$Server (ConfUtils.java:logGet(43)) - raft.grpc.server.port = 0 (default)
2019-10-01 21:47:46,011 [main] INFO  server.GrpcService (ConfUtils.java:logGet(43)) - raft.grpc.message.size.max = 33570816 (custom)
2019-10-01 21:47:46,011 [main] INFO  server.RaftServerConfigKeys (ConfUtils.java:logGet(43)) - raft.server.log.appender.buffer.byte-limit = 33554432 (custom)
2019-10-01 21:47:46,011 [main] INFO  server.GrpcService (ConfUtils.java:logGet(43)) - raft.grpc.flow.control.window = 1MB (=1048576) (default)
2019-10-01 21:47:46,011 [main] INFO  server.RaftServerConfigKeys (ConfUtils.java:logGet(43)) - raft.server.rpc.request.timeout = 3000ms (default)
2019-10-01 21:47:46,012 [main] INFO  server.RaftServerConfigKeys (ConfUtils.java:logGet(43)) - raft.server.storage.dir = [/workdir/hadoop-ozone/integration-test/target/test-dir/MiniOzoneClusterImpl-caa61c93-f07a-48d8-a406-3e32b7adb6b2/datanode-2/data/ratis] (custom)
2019-10-01 21:47:46,013 [main] INFO  hdfs.DFSUtil (DFSUtil.java:httpServerTemplateForNNAndJN(1641)) - Starting Web-server for hddsDatanode at: http://0.0.0.0:0
2019-10-01 21:47:46,014 [main] INFO  server.AuthenticationFilter (AuthenticationFilter.java:constructSecretProvider(240)) - Unable to initialize FileSignerSecretProvider, falling back to use random secrets.
2019-10-01 21:47:46,014 [main] WARN  http.HttpRequestLog (HttpRequestLog.java:getRequestLog(97)) - Jetty request log can only be enabled using Log4j
2019-10-01 21:47:46,015 [main] INFO  http.HttpServer2 (HttpServer2.java:addGlobalFilter(975)) - Added global filter 'safety' (class=org.apache.hadoop.http.HttpServer2$QuotingInputFilter)
2019-10-01 21:47:46,016 [main] INFO  http.HttpServer2 (HttpServer2.java:addFilter(948)) - Added filter static_user_filter (class=org.apache.hadoop.http.lib.StaticUserWebFilter$StaticUserFilter) to context hddsDatanode
2019-10-01 21:47:46,016 [main] INFO  http.HttpServer2 (HttpServer2.java:addFilter(958)) - Added filter static_user_filter (class=org.apache.hadoop.http.lib.StaticUserWebFilter$StaticUserFilter) to context static
2019-10-01 21:47:46,016 [main] INFO  http.HttpServer2 (HttpServer2.java:addFilter(958)) - Added filter static_user_filter (class=org.apache.hadoop.http.lib.StaticUserWebFilter$StaticUserFilter) to context logs
2019-10-01 21:47:46,017 [main] INFO  http.HttpServer2 (HttpServer2.java:bindListener(1191)) - Jetty bound to port 38814
2019-10-01 21:47:46,017 [main] INFO  server.Server (Server.java:doStart(351)) - jetty-9.3.25.v20180904, build timestamp: 2018-09-04T21:11:46Z, git hash: 3ce520221d0240229c862b122d2b06c12a625732
2019-10-01 21:47:46,018 [grpc-default-executor-3] WARN  server.GrpcLogAppender (LogUtils.java:warn(134)) - 4fe98e1f-8e79-4cc8-ad7c-d8dcfa82ff1e@group-2D3AFA3CB3B2->a6f2d0e5-b69b-4893-b0e1-e493defe37eb-AppendLogResponseHandler: Failed appendEntries: org.apache.ratis.thirdparty.io.grpc.StatusRuntimeException: UNAVAILABLE: io exception
2019-10-01 21:47:46,018 [grpc-default-executor-2] WARN  server.GrpcLogAppender (LogUtils.java:warn(134)) - 4fe98e1f-8e79-4cc8-ad7c-d8dcfa82ff1e@group-2D3AFA3CB3B2->dc8e1fa1-0742-4625-8bed-7dc210043178-AppendLogResponseHandler: Failed appendEntries: org.apache.ratis.thirdparty.io.grpc.StatusRuntimeException: UNAVAILABLE: io exception
2019-10-01 21:47:46,018 [grpc-default-executor-3] INFO  impl.FollowerInfo (FollowerInfo.java:lambda$new$0(51)) - 4fe98e1f-8e79-4cc8-ad7c-d8dcfa82ff1e@group-2D3AFA3CB3B2->a6f2d0e5-b69b-4893-b0e1-e493defe37eb: nextIndex: updateUnconditionally 0 -> 0
2019-10-01 21:47:46,019 [grpc-default-executor-2] INFO  impl.FollowerInfo (FollowerInfo.java:lambda$new$0(51)) - 4fe98e1f-8e79-4cc8-ad7c-d8dcfa82ff1e@group-2D3AFA3CB3B2->dc8e1fa1-0742-4625-8bed-7dc210043178: nextIndex: updateUnconditionally 0 -> 0
2019-10-01 21:47:46,018 [main] INFO  handler.ContextHandler (ContextHandler.java:doStart(781)) - Started o.e.j.s.ServletContextHandler@34279b8a{/logs,file:///workdir/hadoop-ozone/integration-test/target/log,AVAILABLE}
2019-10-01 21:47:46,019 [main] INFO  handler.ContextHandler (ContextHandler.java:doStart(781)) - Started o.e.j.s.ServletContextHandler@8641b7d{/static,jar:file:/home/user/.m2/repository/org/apache/hadoop/hadoop-hdds-container-service/0.5.0-SNAPSHOT/hadoop-hdds-container-service-0.5.0-SNAPSHOT.jar!/webapps/static,AVAILABLE}
2019-10-01 21:47:46,048 [main] INFO  handler.ContextHandler (ContextHandler.java:doStart(781)) - Started o.e.j.w.WebAppContext@5785e813{/,file:///tmp/jetty-0.0.0.0-38814-hddsDatanode-_-any-1577572886561455049.dir/webapp/,AVAILABLE}{/hddsDatanode}
2019-10-01 21:47:46,048 [main] INFO  server.AbstractConnector (AbstractConnector.java:doStart(278)) - Started ServerConnector@10b8b900{HTTP/1.1,[http/1.1]}{0.0.0.0:38814}
2019-10-01 21:47:46,051 [main] INFO  server.Server (Server.java:doStart(419)) - Started @222016ms
2019-10-01 21:47:46,051 [main] WARN  impl.MetricsSystemImpl (MetricsSystemImpl.java:register(276)) - Sink prometheus already exists!
2019-10-01 21:47:46,052 [main] INFO  server.BaseHttpServer (BaseHttpServer.java:updateConnectorAddress(215)) - HTTP server of HDDSDATANODE is listening at http://0.0.0.0:38814
2019-10-01 21:47:46,053 [main] INFO  impl.MetricsSystemImpl (MetricsSystemImpl.java:init(158)) - HddsDatanode metrics system started (again)
2019-10-01 21:47:46,075 [org.apache.hadoop.util.JvmPauseMonitor$Monitor@46bb6872] INFO  util.JvmPauseMonitor (JvmPauseMonitor.java:run(188)) - Starting JVM pause monitor
2019-10-01 21:47:46,076 [Datanode State Machine Thread - 0] INFO  datanode.InitDatanodeState (InitDatanodeState.java:persistContainerDatanodeDetails(140)) - DatanodeDetails is persisted to /workdir/hadoop-ozone/integration-test/target/test-dir/MiniOzoneClusterImpl-caa61c93-f07a-48d8-a406-3e32b7adb6b2/datanode-2/meta/datanode.id
2019-10-01 21:47:46,077 [main] INFO  ozone.HddsDatanodeService (HddsDatanodeService.java:start(184)) - HddsDatanodeService host:pr-hdds-2225-v7c79-4183396186 ip:192.168.157.248
2019-10-01 21:47:46,088 [main] INFO  volume.HddsVolume (HddsVolume.java:<init>(176)) - Creating Volume: /workdir/hadoop-ozone/integration-test/target/test-dir/MiniOzoneClusterImpl-caa61c93-f07a-48d8-a406-3e32b7adb6b2/datanode-3/data/containers/hdds of  storage type : DISK and capacity : 1482555576320
2019-10-01 21:47:46,088 [main] INFO  volume.VolumeSet (VolumeSet.java:initializeVolumeSet(170)) - Added Volume : /workdir/hadoop-ozone/integration-test/target/test-dir/MiniOzoneClusterImpl-caa61c93-f07a-48d8-a406-3e32b7adb6b2/datanode-3/data/containers/hdds to VolumeSet
2019-10-01 21:47:46,091 [main] INFO  volume.ThrottledAsyncChecker (ThrottledAsyncChecker.java:schedule(139)) - Scheduling a check for org.apache.hadoop.ozone.container.common.volume.HddsVolume@5e905f2c
2019-10-01 21:47:46,091 [main] INFO  volume.HddsVolumeChecker (HddsVolumeChecker.java:checkAllVolumes(202)) - Scheduled health check for volume org.apache.hadoop.ozone.container.common.volume.HddsVolume@5e905f2c
2019-10-01 21:47:46,107 [main] INFO  impl.RaftServerProxy (ConfUtils.java:logGet(43)) - raft.rpc.type = GRPC (default)
2019-10-01 21:47:46,107 [main] INFO  grpc.GrpcFactory (GrpcFactory.java:checkPooledByteBufAllocatorUseCacheForAllThreads(45)) - PERFORMANCE WARNING: useCacheForAllThreads is true that may cause Netty to create a lot garbage objects and, as a result, trigger GC.
	It is recommended to disable useCacheForAllThreads by setting -Dorg.apache.ratis.thirdparty.io.netty.allocator.useCacheForAllThreads=false in command line.
2019-10-01 21:47:46,107 [main] INFO  grpc.GrpcConfigKeys$Server (ConfUtils.java:logGet(43)) - raft.grpc.server.port = 0 (default)
2019-10-01 21:47:46,107 [main] INFO  server.GrpcService (ConfUtils.java:logGet(43)) - raft.grpc.message.size.max = 33570816 (custom)
2019-10-01 21:47:46,107 [main] INFO  server.RaftServerConfigKeys (ConfUtils.java:logGet(43)) - raft.server.log.appender.buffer.byte-limit = 33554432 (custom)
2019-10-01 21:47:46,108 [main] INFO  server.GrpcService (ConfUtils.java:logGet(43)) - raft.grpc.flow.control.window = 1MB (=1048576) (default)
2019-10-01 21:47:46,108 [main] INFO  server.RaftServerConfigKeys (ConfUtils.java:logGet(43)) - raft.server.rpc.request.timeout = 3000ms (default)
2019-10-01 21:47:46,108 [main] INFO  server.RaftServerConfigKeys (ConfUtils.java:logGet(43)) - raft.server.storage.dir = [/workdir/hadoop-ozone/integration-test/target/test-dir/MiniOzoneClusterImpl-caa61c93-f07a-48d8-a406-3e32b7adb6b2/datanode-3/data/ratis] (custom)
2019-10-01 21:47:46,109 [main] INFO  hdfs.DFSUtil (DFSUtil.java:httpServerTemplateForNNAndJN(1641)) - Starting Web-server for hddsDatanode at: http://0.0.0.0:0
2019-10-01 21:47:46,110 [main] INFO  server.AuthenticationFilter (AuthenticationFilter.java:constructSecretProvider(240)) - Unable to initialize FileSignerSecretProvider, falling back to use random secrets.
2019-10-01 21:47:46,111 [main] WARN  http.HttpRequestLog (HttpRequestLog.java:getRequestLog(97)) - Jetty request log can only be enabled using Log4j
2019-10-01 21:47:46,112 [main] INFO  http.HttpServer2 (HttpServer2.java:addGlobalFilter(975)) - Added global filter 'safety' (class=org.apache.hadoop.http.HttpServer2$QuotingInputFilter)
2019-10-01 21:47:46,112 [main] INFO  http.HttpServer2 (HttpServer2.java:addFilter(948)) - Added filter static_user_filter (class=org.apache.hadoop.http.lib.StaticUserWebFilter$StaticUserFilter) to context hddsDatanode
2019-10-01 21:47:46,113 [main] INFO  http.HttpServer2 (HttpServer2.java:addFilter(958)) - Added filter static_user_filter (class=org.apache.hadoop.http.lib.StaticUserWebFilter$StaticUserFilter) to context logs
2019-10-01 21:47:46,113 [main] INFO  http.HttpServer2 (HttpServer2.java:addFilter(958)) - Added filter static_user_filter (class=org.apache.hadoop.http.lib.StaticUserWebFilter$StaticUserFilter) to context static
2019-10-01 21:47:46,113 [main] INFO  http.HttpServer2 (HttpServer2.java:bindListener(1191)) - Jetty bound to port 39603
2019-10-01 21:47:46,113 [main] INFO  server.Server (Server.java:doStart(351)) - jetty-9.3.25.v20180904, build timestamp: 2018-09-04T21:11:46Z, git hash: 3ce520221d0240229c862b122d2b06c12a625732
2019-10-01 21:47:46,115 [main] INFO  handler.ContextHandler (ContextHandler.java:doStart(781)) - Started o.e.j.s.ServletContextHandler@6ac45c0c{/logs,file:///workdir/hadoop-ozone/integration-test/target/log,AVAILABLE}
2019-10-01 21:47:46,115 [main] INFO  handler.ContextHandler (ContextHandler.java:doStart(781)) - Started o.e.j.s.ServletContextHandler@6075b369{/static,jar:file:/home/user/.m2/repository/org/apache/hadoop/hadoop-hdds-container-service/0.5.0-SNAPSHOT/hadoop-hdds-container-service-0.5.0-SNAPSHOT.jar!/webapps/static,AVAILABLE}
2019-10-01 21:47:46,142 [main] INFO  handler.ContextHandler (ContextHandler.java:doStart(781)) - Started o.e.j.w.WebAppContext@2b43f314{/,file:///tmp/jetty-0.0.0.0-39603-hddsDatanode-_-any-2816292109163281318.dir/webapp/,AVAILABLE}{/hddsDatanode}
2019-10-01 21:47:46,142 [main] INFO  server.AbstractConnector (AbstractConnector.java:doStart(278)) - Started ServerConnector@3a4a5f3c{HTTP/1.1,[http/1.1]}{0.0.0.0:39603}
2019-10-01 21:47:46,145 [main] INFO  server.Server (Server.java:doStart(419)) - Started @222110ms
2019-10-01 21:47:46,145 [main] WARN  impl.MetricsSystemImpl (MetricsSystemImpl.java:register(276)) - Sink prometheus already exists!
2019-10-01 21:47:46,146 [main] INFO  server.BaseHttpServer (BaseHttpServer.java:updateConnectorAddress(215)) - HTTP server of HDDSDATANODE is listening at http://0.0.0.0:39603
2019-10-01 21:47:46,146 [main] INFO  impl.MetricsSystemImpl (MetricsSystemImpl.java:init(158)) - HddsDatanode metrics system started (again)
2019-10-01 21:47:46,170 [org.apache.hadoop.util.JvmPauseMonitor$Monitor@5907bc34] INFO  util.JvmPauseMonitor (JvmPauseMonitor.java:run(188)) - Starting JVM pause monitor
2019-10-01 21:47:46,171 [Datanode State Machine Thread - 0] INFO  datanode.InitDatanodeState (InitDatanodeState.java:persistContainerDatanodeDetails(140)) - DatanodeDetails is persisted to /workdir/hadoop-ozone/integration-test/target/test-dir/MiniOzoneClusterImpl-caa61c93-f07a-48d8-a406-3e32b7adb6b2/datanode-3/meta/datanode.id
2019-10-01 21:47:46,172 [main] INFO  ozone.HddsDatanodeService (HddsDatanodeService.java:start(184)) - HddsDatanodeService host:pr-hdds-2225-v7c79-4183396186 ip:192.168.157.248
2019-10-01 21:47:46,181 [main] INFO  volume.HddsVolume (HddsVolume.java:<init>(176)) - Creating Volume: /workdir/hadoop-ozone/integration-test/target/test-dir/MiniOzoneClusterImpl-caa61c93-f07a-48d8-a406-3e32b7adb6b2/datanode-4/data/containers/hdds of  storage type : DISK and capacity : 1482555576320
2019-10-01 21:47:46,182 [main] INFO  volume.VolumeSet (VolumeSet.java:initializeVolumeSet(170)) - Added Volume : /workdir/hadoop-ozone/integration-test/target/test-dir/MiniOzoneClusterImpl-caa61c93-f07a-48d8-a406-3e32b7adb6b2/datanode-4/data/containers/hdds to VolumeSet
2019-10-01 21:47:46,182 [main] INFO  volume.ThrottledAsyncChecker (ThrottledAsyncChecker.java:schedule(139)) - Scheduling a check for org.apache.hadoop.ozone.container.common.volume.HddsVolume@5ec9eefa
2019-10-01 21:47:46,183 [main] INFO  volume.HddsVolumeChecker (HddsVolumeChecker.java:checkAllVolumes(202)) - Scheduled health check for volume org.apache.hadoop.ozone.container.common.volume.HddsVolume@5ec9eefa
2019-10-01 21:47:46,201 [main] INFO  impl.RaftServerProxy (ConfUtils.java:logGet(43)) - raft.rpc.type = GRPC (default)
2019-10-01 21:47:46,202 [main] INFO  grpc.GrpcFactory (GrpcFactory.java:checkPooledByteBufAllocatorUseCacheForAllThreads(45)) - PERFORMANCE WARNING: useCacheForAllThreads is true that may cause Netty to create a lot garbage objects and, as a result, trigger GC.
	It is recommended to disable useCacheForAllThreads by setting -Dorg.apache.ratis.thirdparty.io.netty.allocator.useCacheForAllThreads=false in command line.
2019-10-01 21:47:46,202 [main] INFO  grpc.GrpcConfigKeys$Server (ConfUtils.java:logGet(43)) - raft.grpc.server.port = 0 (default)
2019-10-01 21:47:46,202 [main] INFO  server.GrpcService (ConfUtils.java:logGet(43)) - raft.grpc.message.size.max = 33570816 (custom)
2019-10-01 21:47:46,203 [main] INFO  server.RaftServerConfigKeys (ConfUtils.java:logGet(43)) - raft.server.log.appender.buffer.byte-limit = 33554432 (custom)
2019-10-01 21:47:46,203 [main] INFO  server.GrpcService (ConfUtils.java:logGet(43)) - raft.grpc.flow.control.window = 1MB (=1048576) (default)
2019-10-01 21:47:46,203 [main] INFO  server.RaftServerConfigKeys (ConfUtils.java:logGet(43)) - raft.server.rpc.request.timeout = 3000ms (default)
2019-10-01 21:47:46,204 [main] INFO  server.RaftServerConfigKeys (ConfUtils.java:logGet(43)) - raft.server.storage.dir = [/workdir/hadoop-ozone/integration-test/target/test-dir/MiniOzoneClusterImpl-caa61c93-f07a-48d8-a406-3e32b7adb6b2/datanode-4/data/ratis] (custom)
2019-10-01 21:47:46,205 [main] INFO  hdfs.DFSUtil (DFSUtil.java:httpServerTemplateForNNAndJN(1641)) - Starting Web-server for hddsDatanode at: http://0.0.0.0:0
2019-10-01 21:47:46,207 [main] INFO  server.AuthenticationFilter (AuthenticationFilter.java:constructSecretProvider(240)) - Unable to initialize FileSignerSecretProvider, falling back to use random secrets.
2019-10-01 21:47:46,207 [main] WARN  http.HttpRequestLog (HttpRequestLog.java:getRequestLog(97)) - Jetty request log can only be enabled using Log4j
2019-10-01 21:47:46,209 [main] INFO  http.HttpServer2 (HttpServer2.java:addGlobalFilter(975)) - Added global filter 'safety' (class=org.apache.hadoop.http.HttpServer2$QuotingInputFilter)
2019-10-01 21:47:46,210 [main] INFO  http.HttpServer2 (HttpServer2.java:addFilter(948)) - Added filter static_user_filter (class=org.apache.hadoop.http.lib.StaticUserWebFilter$StaticUserFilter) to context hddsDatanode
2019-10-01 21:47:46,210 [main] INFO  http.HttpServer2 (HttpServer2.java:addFilter(958)) - Added filter static_user_filter (class=org.apache.hadoop.http.lib.StaticUserWebFilter$StaticUserFilter) to context static
2019-10-01 21:47:46,210 [main] INFO  http.HttpServer2 (HttpServer2.java:addFilter(958)) - Added filter static_user_filter (class=org.apache.hadoop.http.lib.StaticUserWebFilter$StaticUserFilter) to context logs
2019-10-01 21:47:46,211 [main] INFO  http.HttpServer2 (HttpServer2.java:bindListener(1191)) - Jetty bound to port 41195
2019-10-01 21:47:46,212 [main] INFO  server.Server (Server.java:doStart(351)) - jetty-9.3.25.v20180904, build timestamp: 2018-09-04T21:11:46Z, git hash: 3ce520221d0240229c862b122d2b06c12a625732
2019-10-01 21:47:46,214 [main] INFO  handler.ContextHandler (ContextHandler.java:doStart(781)) - Started o.e.j.s.ServletContextHandler@31ab1e67{/logs,file:///workdir/hadoop-ozone/integration-test/target/log,AVAILABLE}
2019-10-01 21:47:46,214 [main] INFO  handler.ContextHandler (ContextHandler.java:doStart(781)) - Started o.e.j.s.ServletContextHandler@3487442d{/static,jar:file:/home/user/.m2/repository/org/apache/hadoop/hadoop-hdds-container-service/0.5.0-SNAPSHOT/hadoop-hdds-container-service-0.5.0-SNAPSHOT.jar!/webapps/static,AVAILABLE}
2019-10-01 21:47:46,242 [main] INFO  handler.ContextHandler (ContextHandler.java:doStart(781)) - Started o.e.j.w.WebAppContext@72c9ebfa{/,file:///tmp/jetty-0.0.0.0-41195-hddsDatanode-_-any-7113532175335571567.dir/webapp/,AVAILABLE}{/hddsDatanode}
2019-10-01 21:47:46,243 [main] INFO  server.AbstractConnector (AbstractConnector.java:doStart(278)) - Started ServerConnector@686cf8ad{HTTP/1.1,[http/1.1]}{0.0.0.0:41195}
2019-10-01 21:47:46,246 [main] INFO  server.Server (Server.java:doStart(419)) - Started @222211ms
2019-10-01 21:47:46,246 [main] WARN  impl.MetricsSystemImpl (MetricsSystemImpl.java:register(276)) - Sink prometheus already exists!
2019-10-01 21:47:46,247 [main] INFO  server.BaseHttpServer (BaseHttpServer.java:updateConnectorAddress(215)) - HTTP server of HDDSDATANODE is listening at http://0.0.0.0:41195
2019-10-01 21:47:46,247 [main] INFO  impl.MetricsSystemImpl (MetricsSystemImpl.java:init(158)) - HddsDatanode metrics system started (again)
2019-10-01 21:47:46,268 [org.apache.hadoop.util.JvmPauseMonitor$Monitor@7738833f] INFO  util.JvmPauseMonitor (JvmPauseMonitor.java:run(188)) - Starting JVM pause monitor
2019-10-01 21:47:46,269 [main] INFO  ozone.HddsDatanodeService (HddsDatanodeService.java:start(184)) - HddsDatanodeService host:pr-hdds-2225-v7c79-4183396186 ip:192.168.157.248
2019-10-01 21:47:46,270 [Datanode State Machine Thread - 0] INFO  datanode.InitDatanodeState (InitDatanodeState.java:persistContainerDatanodeDetails(140)) - DatanodeDetails is persisted to /workdir/hadoop-ozone/integration-test/target/test-dir/MiniOzoneClusterImpl-caa61c93-f07a-48d8-a406-3e32b7adb6b2/datanode-4/meta/datanode.id
2019-10-01 21:47:46,281 [main] INFO  volume.HddsVolume (HddsVolume.java:<init>(176)) - Creating Volume: /workdir/hadoop-ozone/integration-test/target/test-dir/MiniOzoneClusterImpl-caa61c93-f07a-48d8-a406-3e32b7adb6b2/datanode-5/data/containers/hdds of  storage type : DISK and capacity : 1482555576320
2019-10-01 21:47:46,281 [main] INFO  volume.VolumeSet (VolumeSet.java:initializeVolumeSet(170)) - Added Volume : /workdir/hadoop-ozone/integration-test/target/test-dir/MiniOzoneClusterImpl-caa61c93-f07a-48d8-a406-3e32b7adb6b2/datanode-5/data/containers/hdds to VolumeSet
2019-10-01 21:47:46,281 [main] INFO  volume.ThrottledAsyncChecker (ThrottledAsyncChecker.java:schedule(139)) - Scheduling a check for org.apache.hadoop.ozone.container.common.volume.HddsVolume@3dec3f87
2019-10-01 21:47:46,281 [main] INFO  volume.HddsVolumeChecker (HddsVolumeChecker.java:checkAllVolumes(202)) - Scheduled health check for volume org.apache.hadoop.ozone.container.common.volume.HddsVolume@3dec3f87
2019-10-01 21:47:46,298 [main] INFO  impl.RaftServerProxy (ConfUtils.java:logGet(43)) - raft.rpc.type = GRPC (default)
2019-10-01 21:47:46,298 [main] INFO  grpc.GrpcFactory (GrpcFactory.java:checkPooledByteBufAllocatorUseCacheForAllThreads(45)) - PERFORMANCE WARNING: useCacheForAllThreads is true that may cause Netty to create a lot garbage objects and, as a result, trigger GC.
	It is recommended to disable useCacheForAllThreads by setting -Dorg.apache.ratis.thirdparty.io.netty.allocator.useCacheForAllThreads=false in command line.
2019-10-01 21:47:46,298 [main] INFO  grpc.GrpcConfigKeys$Server (ConfUtils.java:logGet(43)) - raft.grpc.server.port = 0 (default)
2019-10-01 21:47:46,299 [main] INFO  server.GrpcService (ConfUtils.java:logGet(43)) - raft.grpc.message.size.max = 33570816 (custom)
2019-10-01 21:47:46,299 [main] INFO  server.RaftServerConfigKeys (ConfUtils.java:logGet(43)) - raft.server.log.appender.buffer.byte-limit = 33554432 (custom)
2019-10-01 21:47:46,299 [main] INFO  server.GrpcService (ConfUtils.java:logGet(43)) - raft.grpc.flow.control.window = 1MB (=1048576) (default)
2019-10-01 21:47:46,299 [main] INFO  server.RaftServerConfigKeys (ConfUtils.java:logGet(43)) - raft.server.rpc.request.timeout = 3000ms (default)
2019-10-01 21:47:46,299 [main] INFO  server.RaftServerConfigKeys (ConfUtils.java:logGet(43)) - raft.server.storage.dir = [/workdir/hadoop-ozone/integration-test/target/test-dir/MiniOzoneClusterImpl-caa61c93-f07a-48d8-a406-3e32b7adb6b2/datanode-5/data/ratis] (custom)
2019-10-01 21:47:46,301 [main] INFO  hdfs.DFSUtil (DFSUtil.java:httpServerTemplateForNNAndJN(1641)) - Starting Web-server for hddsDatanode at: http://0.0.0.0:0
2019-10-01 21:47:46,302 [main] INFO  server.AuthenticationFilter (AuthenticationFilter.java:constructSecretProvider(240)) - Unable to initialize FileSignerSecretProvider, falling back to use random secrets.
2019-10-01 21:47:46,302 [main] WARN  http.HttpRequestLog (HttpRequestLog.java:getRequestLog(97)) - Jetty request log can only be enabled using Log4j
2019-10-01 21:47:46,303 [main] INFO  http.HttpServer2 (HttpServer2.java:addGlobalFilter(975)) - Added global filter 'safety' (class=org.apache.hadoop.http.HttpServer2$QuotingInputFilter)
2019-10-01 21:47:46,303 [main] INFO  http.HttpServer2 (HttpServer2.java:addFilter(948)) - Added filter static_user_filter (class=org.apache.hadoop.http.lib.StaticUserWebFilter$StaticUserFilter) to context hddsDatanode
2019-10-01 21:47:46,304 [main] INFO  http.HttpServer2 (HttpServer2.java:addFilter(958)) - Added filter static_user_filter (class=org.apache.hadoop.http.lib.StaticUserWebFilter$StaticUserFilter) to context logs
2019-10-01 21:47:46,304 [main] INFO  http.HttpServer2 (HttpServer2.java:addFilter(958)) - Added filter static_user_filter (class=org.apache.hadoop.http.lib.StaticUserWebFilter$StaticUserFilter) to context static
2019-10-01 21:47:46,304 [main] INFO  http.HttpServer2 (HttpServer2.java:bindListener(1191)) - Jetty bound to port 37595
2019-10-01 21:47:46,304 [main] INFO  server.Server (Server.java:doStart(351)) - jetty-9.3.25.v20180904, build timestamp: 2018-09-04T21:11:46Z, git hash: 3ce520221d0240229c862b122d2b06c12a625732
2019-10-01 21:47:46,306 [main] INFO  handler.ContextHandler (ContextHandler.java:doStart(781)) - Started o.e.j.s.ServletContextHandler@3a0b6a{/logs,file:///workdir/hadoop-ozone/integration-test/target/log,AVAILABLE}
2019-10-01 21:47:46,306 [main] INFO  handler.ContextHandler (ContextHandler.java:doStart(781)) - Started o.e.j.s.ServletContextHandler@6f1fa1d0{/static,jar:file:/home/user/.m2/repository/org/apache/hadoop/hadoop-hdds-container-service/0.5.0-SNAPSHOT/hadoop-hdds-container-service-0.5.0-SNAPSHOT.jar!/webapps/static,AVAILABLE}
2019-10-01 21:47:46,340 [main] INFO  handler.ContextHandler (ContextHandler.java:doStart(781)) - Started o.e.j.w.WebAppContext@272778ae{/,file:///tmp/jetty-0.0.0.0-37595-hddsDatanode-_-any-1530743779532542741.dir/webapp/,AVAILABLE}{/hddsDatanode}
2019-10-01 21:47:46,340 [main] INFO  server.AbstractConnector (AbstractConnector.java:doStart(278)) - Started ServerConnector@2cccf134{HTTP/1.1,[http/1.1]}{0.0.0.0:37595}
2019-10-01 21:47:46,344 [main] INFO  server.Server (Server.java:doStart(419)) - Started @222308ms
2019-10-01 21:47:46,344 [main] WARN  impl.MetricsSystemImpl (MetricsSystemImpl.java:register(276)) - Sink prometheus already exists!
2019-10-01 21:47:46,345 [main] INFO  server.BaseHttpServer (BaseHttpServer.java:updateConnectorAddress(215)) - HTTP server of HDDSDATANODE is listening at http://0.0.0.0:37595
2019-10-01 21:47:46,345 [main] INFO  impl.MetricsSystemImpl (MetricsSystemImpl.java:init(158)) - HddsDatanode metrics system started (again)
2019-10-01 21:47:46,377 [org.apache.hadoop.util.JvmPauseMonitor$Monitor@4c3a0ee4] INFO  util.JvmPauseMonitor (JvmPauseMonitor.java:run(188)) - Starting JVM pause monitor
2019-10-01 21:47:46,379 [Datanode State Machine Thread - 0] INFO  datanode.InitDatanodeState (InitDatanodeState.java:persistContainerDatanodeDetails(140)) - DatanodeDetails is persisted to /workdir/hadoop-ozone/integration-test/target/test-dir/MiniOzoneClusterImpl-caa61c93-f07a-48d8-a406-3e32b7adb6b2/datanode-5/meta/datanode.id
2019-10-01 21:47:46,380 [main] INFO  ozone.HddsDatanodeService (HddsDatanodeService.java:start(184)) - HddsDatanodeService host:pr-hdds-2225-v7c79-4183396186 ip:192.168.157.248
2019-10-01 21:47:46,391 [main] INFO  volume.HddsVolume (HddsVolume.java:<init>(176)) - Creating Volume: /workdir/hadoop-ozone/integration-test/target/test-dir/MiniOzoneClusterImpl-caa61c93-f07a-48d8-a406-3e32b7adb6b2/datanode-6/data/containers/hdds of  storage type : DISK and capacity : 1482555576320
2019-10-01 21:47:46,391 [main] INFO  volume.VolumeSet (VolumeSet.java:initializeVolumeSet(170)) - Added Volume : /workdir/hadoop-ozone/integration-test/target/test-dir/MiniOzoneClusterImpl-caa61c93-f07a-48d8-a406-3e32b7adb6b2/datanode-6/data/containers/hdds to VolumeSet
2019-10-01 21:47:46,392 [main] INFO  volume.ThrottledAsyncChecker (ThrottledAsyncChecker.java:schedule(139)) - Scheduling a check for org.apache.hadoop.ozone.container.common.volume.HddsVolume@3a788fe0
2019-10-01 21:47:46,392 [main] INFO  volume.HddsVolumeChecker (HddsVolumeChecker.java:checkAllVolumes(202)) - Scheduled health check for volume org.apache.hadoop.ozone.container.common.volume.HddsVolume@3a788fe0
2019-10-01 21:47:46,409 [main] INFO  impl.RaftServerProxy (ConfUtils.java:logGet(43)) - raft.rpc.type = GRPC (default)
2019-10-01 21:47:46,409 [main] INFO  grpc.GrpcFactory (GrpcFactory.java:checkPooledByteBufAllocatorUseCacheForAllThreads(45)) - PERFORMANCE WARNING: useCacheForAllThreads is true that may cause Netty to create a lot garbage objects and, as a result, trigger GC.
	It is recommended to disable useCacheForAllThreads by setting -Dorg.apache.ratis.thirdparty.io.netty.allocator.useCacheForAllThreads=false in command line.
2019-10-01 21:47:46,409 [main] INFO  grpc.GrpcConfigKeys$Server (ConfUtils.java:logGet(43)) - raft.grpc.server.port = 0 (default)
2019-10-01 21:47:46,410 [main] INFO  server.GrpcService (ConfUtils.java:logGet(43)) - raft.grpc.message.size.max = 33570816 (custom)
2019-10-01 21:47:46,410 [main] INFO  server.RaftServerConfigKeys (ConfUtils.java:logGet(43)) - raft.server.log.appender.buffer.byte-limit = 33554432 (custom)
2019-10-01 21:47:46,410 [main] INFO  server.GrpcService (ConfUtils.java:logGet(43)) - raft.grpc.flow.control.window = 1MB (=1048576) (default)
2019-10-01 21:47:46,410 [main] INFO  server.RaftServerConfigKeys (ConfUtils.java:logGet(43)) - raft.server.rpc.request.timeout = 3000ms (default)
2019-10-01 21:47:46,411 [main] INFO  server.RaftServerConfigKeys (ConfUtils.java:logGet(43)) - raft.server.storage.dir = [/workdir/hadoop-ozone/integration-test/target/test-dir/MiniOzoneClusterImpl-caa61c93-f07a-48d8-a406-3e32b7adb6b2/datanode-6/data/ratis] (custom)
2019-10-01 21:47:46,412 [main] INFO  hdfs.DFSUtil (DFSUtil.java:httpServerTemplateForNNAndJN(1641)) - Starting Web-server for hddsDatanode at: http://0.0.0.0:0
2019-10-01 21:47:46,413 [main] INFO  server.AuthenticationFilter (AuthenticationFilter.java:constructSecretProvider(240)) - Unable to initialize FileSignerSecretProvider, falling back to use random secrets.
2019-10-01 21:47:46,414 [main] WARN  http.HttpRequestLog (HttpRequestLog.java:getRequestLog(97)) - Jetty request log can only be enabled using Log4j
2019-10-01 21:47:46,415 [main] INFO  http.HttpServer2 (HttpServer2.java:addGlobalFilter(975)) - Added global filter 'safety' (class=org.apache.hadoop.http.HttpServer2$QuotingInputFilter)
2019-10-01 21:47:46,415 [main] INFO  http.HttpServer2 (HttpServer2.java:addFilter(948)) - Added filter static_user_filter (class=org.apache.hadoop.http.lib.StaticUserWebFilter$StaticUserFilter) to context hddsDatanode
2019-10-01 21:47:46,416 [main] INFO  http.HttpServer2 (HttpServer2.java:addFilter(958)) - Added filter static_user_filter (class=org.apache.hadoop.http.lib.StaticUserWebFilter$StaticUserFilter) to context static
2019-10-01 21:47:46,416 [main] INFO  http.HttpServer2 (HttpServer2.java:addFilter(958)) - Added filter static_user_filter (class=org.apache.hadoop.http.lib.StaticUserWebFilter$StaticUserFilter) to context logs
2019-10-01 21:47:46,416 [main] INFO  http.HttpServer2 (HttpServer2.java:bindListener(1191)) - Jetty bound to port 45239
2019-10-01 21:47:46,417 [main] INFO  server.Server (Server.java:doStart(351)) - jetty-9.3.25.v20180904, build timestamp: 2018-09-04T21:11:46Z, git hash: 3ce520221d0240229c862b122d2b06c12a625732
2019-10-01 21:47:46,418 [main] INFO  handler.ContextHandler (ContextHandler.java:doStart(781)) - Started o.e.j.s.ServletContextHandler@29c53c4f{/logs,file:///workdir/hadoop-ozone/integration-test/target/log,AVAILABLE}
2019-10-01 21:47:46,419 [main] INFO  handler.ContextHandler (ContextHandler.java:doStart(781)) - Started o.e.j.s.ServletContextHandler@2ee4706d{/static,jar:file:/home/user/.m2/repository/org/apache/hadoop/hadoop-hdds-container-service/0.5.0-SNAPSHOT/hadoop-hdds-container-service-0.5.0-SNAPSHOT.jar!/webapps/static,AVAILABLE}
2019-10-01 21:47:46,448 [main] INFO  handler.ContextHandler (ContextHandler.java:doStart(781)) - Started o.e.j.w.WebAppContext@11810917{/,file:///tmp/jetty-0.0.0.0-45239-hddsDatanode-_-any-3296373538923487622.dir/webapp/,AVAILABLE}{/hddsDatanode}
2019-10-01 21:47:46,448 [main] INFO  server.AbstractConnector (AbstractConnector.java:doStart(278)) - Started ServerConnector@13278a41{HTTP/1.1,[http/1.1]}{0.0.0.0:45239}
2019-10-01 21:47:46,452 [main] INFO  server.Server (Server.java:doStart(419)) - Started @222416ms
2019-10-01 21:47:46,452 [main] WARN  impl.MetricsSystemImpl (MetricsSystemImpl.java:register(276)) - Sink prometheus already exists!
2019-10-01 21:47:46,452 [main] INFO  server.BaseHttpServer (BaseHttpServer.java:updateConnectorAddress(215)) - HTTP server of HDDSDATANODE is listening at http://0.0.0.0:45239
2019-10-01 21:47:46,453 [main] INFO  ozone.MiniOzoneClusterImpl (MiniOzoneClusterImpl.java:lambda$waitForClusterToBeReady$0(147)) - Waiting for cluster to be ready. Got 0 of 7 DN Heartbeats.
2019-10-01 21:47:46,454 [org.apache.hadoop.util.JvmPauseMonitor$Monitor@5016d0b2] INFO  util.JvmPauseMonitor (JvmPauseMonitor.java:run(188)) - Starting JVM pause monitor
2019-10-01 21:47:46,456 [Datanode State Machine Thread - 0] INFO  datanode.InitDatanodeState (InitDatanodeState.java:persistContainerDatanodeDetails(140)) - DatanodeDetails is persisted to /workdir/hadoop-ozone/integration-test/target/test-dir/MiniOzoneClusterImpl-caa61c93-f07a-48d8-a406-3e32b7adb6b2/datanode-6/meta/datanode.id
2019-10-01 21:47:47,453 [main] INFO  ozone.MiniOzoneClusterImpl (MiniOzoneClusterImpl.java:lambda$waitForClusterToBeReady$0(147)) - Waiting for cluster to be ready. Got 0 of 7 DN Heartbeats.
2019-10-01 21:47:47,955 [Datanode State Machine Thread - 0] INFO  ozoneimpl.OzoneContainer (OzoneContainer.java:start(217)) - Attempting to start container services.
2019-10-01 21:47:47,956 [Datanode State Machine Thread - 0] INFO  ozoneimpl.OzoneContainer (OzoneContainer.java:startContainerScrub(179)) - Background container scanner has been disabled.
2019-10-01 21:47:47,956 [Datanode State Machine Thread - 0] INFO  ratis.XceiverServerRatis (XceiverServerRatis.java:start(417)) - Starting XceiverServerRatis e977b856-88e3-402d-84c7-815713779e4f at port 0
2019-10-01 21:47:47,963 [Datanode State Machine Thread - 0] INFO  impl.RaftServerProxy (RaftServerProxy.java:lambda$start$3(299)) - e977b856-88e3-402d-84c7-815713779e4f: start RPC server
2019-10-01 21:47:47,965 [Datanode State Machine Thread - 0] INFO  server.GrpcService (GrpcService.java:startImpl(158)) - e977b856-88e3-402d-84c7-815713779e4f: GrpcService started, listening on 0.0.0.0/0.0.0.0:37799
2019-10-01 21:47:47,965 [Datanode State Machine Thread - 0] INFO  ratis.XceiverServerRatis (XceiverServerRatis.java:start(427)) - XceiverServerRatis e977b856-88e3-402d-84c7-815713779e4f is started using port 37799
2019-10-01 21:47:47,965 [Datanode State Machine Thread - 0] INFO  server.XceiverServerGrpc (XceiverServerGrpc.java:start(149)) - XceiverServerGrpc e977b856-88e3-402d-84c7-815713779e4f is started using port 46398
2019-10-01 21:47:47,999 [Datanode State Machine Thread - 0] INFO  ozoneimpl.OzoneContainer (OzoneContainer.java:start(217)) - Attempting to start container services.
2019-10-01 21:47:48,000 [Datanode State Machine Thread - 0] INFO  ozoneimpl.OzoneContainer (OzoneContainer.java:startContainerScrub(179)) - Background container scanner has been disabled.
2019-10-01 21:47:48,000 [Datanode State Machine Thread - 0] INFO  ratis.XceiverServerRatis (XceiverServerRatis.java:start(417)) - Starting XceiverServerRatis 1fb700a2-c1d5-42e7-b86a-b29cde3bbecf at port 0
2019-10-01 21:47:48,006 [Datanode State Machine Thread - 0] INFO  impl.RaftServerProxy (RaftServerProxy.java:lambda$start$3(299)) - 1fb700a2-c1d5-42e7-b86a-b29cde3bbecf: start RPC server
2019-10-01 21:47:48,009 [Datanode State Machine Thread - 0] INFO  server.GrpcService (GrpcService.java:startImpl(158)) - 1fb700a2-c1d5-42e7-b86a-b29cde3bbecf: GrpcService started, listening on 0.0.0.0/0.0.0.0:38564
2019-10-01 21:47:48,009 [Datanode State Machine Thread - 0] INFO  ratis.XceiverServerRatis (XceiverServerRatis.java:start(427)) - XceiverServerRatis 1fb700a2-c1d5-42e7-b86a-b29cde3bbecf is started using port 38564
2019-10-01 21:47:48,010 [Datanode State Machine Thread - 0] INFO  server.XceiverServerGrpc (XceiverServerGrpc.java:start(149)) - XceiverServerGrpc 1fb700a2-c1d5-42e7-b86a-b29cde3bbecf is started using port 40798
2019-10-01 21:47:48,089 [Datanode State Machine Thread - 0] INFO  ozoneimpl.OzoneContainer (OzoneContainer.java:start(217)) - Attempting to start container services.
2019-10-01 21:47:48,089 [Datanode State Machine Thread - 0] INFO  ozoneimpl.OzoneContainer (OzoneContainer.java:startContainerScrub(179)) - Background container scanner has been disabled.
2019-10-01 21:47:48,089 [Datanode State Machine Thread - 0] INFO  ratis.XceiverServerRatis (XceiverServerRatis.java:start(417)) - Starting XceiverServerRatis 74ad5ab1-f2eb-4d98-8d08-675a65c2e4fe at port 0
2019-10-01 21:47:48,095 [Datanode State Machine Thread - 0] INFO  impl.RaftServerProxy (RaftServerProxy.java:lambda$start$3(299)) - 74ad5ab1-f2eb-4d98-8d08-675a65c2e4fe: start RPC server
2019-10-01 21:47:48,112 [Datanode State Machine Thread - 0] INFO  server.GrpcService (GrpcService.java:startImpl(158)) - 74ad5ab1-f2eb-4d98-8d08-675a65c2e4fe: GrpcService started, listening on 0.0.0.0/0.0.0.0:34673
2019-10-01 21:47:48,112 [Datanode State Machine Thread - 0] INFO  ratis.XceiverServerRatis (XceiverServerRatis.java:start(427)) - XceiverServerRatis 74ad5ab1-f2eb-4d98-8d08-675a65c2e4fe is started using port 34673
2019-10-01 21:47:48,113 [Datanode State Machine Thread - 0] INFO  server.XceiverServerGrpc (XceiverServerGrpc.java:start(149)) - XceiverServerGrpc 74ad5ab1-f2eb-4d98-8d08-675a65c2e4fe is started using port 39638
2019-10-01 21:47:48,184 [Datanode State Machine Thread - 0] INFO  ozoneimpl.OzoneContainer (OzoneContainer.java:start(217)) - Attempting to start container services.
2019-10-01 21:47:48,184 [Datanode State Machine Thread - 0] INFO  ozoneimpl.OzoneContainer (OzoneContainer.java:startContainerScrub(179)) - Background container scanner has been disabled.
2019-10-01 21:47:48,184 [Datanode State Machine Thread - 0] INFO  ratis.XceiverServerRatis (XceiverServerRatis.java:start(417)) - Starting XceiverServerRatis 53bea610-752a-4324-ade7-ce94ca4e0b4e at port 0
2019-10-01 21:47:48,192 [Datanode State Machine Thread - 0] INFO  impl.RaftServerProxy (RaftServerProxy.java:lambda$start$3(299)) - 53bea610-752a-4324-ade7-ce94ca4e0b4e: start RPC server
2019-10-01 21:47:48,196 [Datanode State Machine Thread - 0] INFO  server.GrpcService (GrpcService.java:startImpl(158)) - 53bea610-752a-4324-ade7-ce94ca4e0b4e: GrpcService started, listening on 0.0.0.0/0.0.0.0:45768
2019-10-01 21:47:48,196 [Datanode State Machine Thread - 0] INFO  ratis.XceiverServerRatis (XceiverServerRatis.java:start(427)) - XceiverServerRatis 53bea610-752a-4324-ade7-ce94ca4e0b4e is started using port 45768
2019-10-01 21:47:48,196 [Datanode State Machine Thread - 0] INFO  server.XceiverServerGrpc (XceiverServerGrpc.java:start(149)) - XceiverServerGrpc 53bea610-752a-4324-ade7-ce94ca4e0b4e is started using port 37765
2019-10-01 21:47:48,294 [Datanode State Machine Thread - 0] INFO  ozoneimpl.OzoneContainer (OzoneContainer.java:start(217)) - Attempting to start container services.
2019-10-01 21:47:48,295 [Datanode State Machine Thread - 0] INFO  ozoneimpl.OzoneContainer (OzoneContainer.java:startContainerScrub(179)) - Background container scanner has been disabled.
2019-10-01 21:47:48,295 [Datanode State Machine Thread - 0] INFO  ratis.XceiverServerRatis (XceiverServerRatis.java:start(417)) - Starting XceiverServerRatis 3e32673e-84bf-47eb-adfc-d2729aaec3f7 at port 0
2019-10-01 21:47:48,303 [Datanode State Machine Thread - 0] INFO  impl.RaftServerProxy (RaftServerProxy.java:lambda$start$3(299)) - 3e32673e-84bf-47eb-adfc-d2729aaec3f7: start RPC server
2019-10-01 21:47:48,304 [Datanode State Machine Thread - 0] INFO  server.GrpcService (GrpcService.java:startImpl(158)) - 3e32673e-84bf-47eb-adfc-d2729aaec3f7: GrpcService started, listening on 0.0.0.0/0.0.0.0:37299
2019-10-01 21:47:48,304 [Datanode State Machine Thread - 0] INFO  ratis.XceiverServerRatis (XceiverServerRatis.java:start(427)) - XceiverServerRatis 3e32673e-84bf-47eb-adfc-d2729aaec3f7 is started using port 37299
2019-10-01 21:47:48,304 [Datanode State Machine Thread - 0] INFO  server.XceiverServerGrpc (XceiverServerGrpc.java:start(149)) - XceiverServerGrpc 3e32673e-84bf-47eb-adfc-d2729aaec3f7 is started using port 33848
2019-10-01 21:47:48,392 [Datanode State Machine Thread - 0] INFO  ozoneimpl.OzoneContainer (OzoneContainer.java:start(217)) - Attempting to start container services.
2019-10-01 21:47:48,392 [Datanode State Machine Thread - 0] INFO  ozoneimpl.OzoneContainer (OzoneContainer.java:startContainerScrub(179)) - Background container scanner has been disabled.
2019-10-01 21:47:48,392 [Datanode State Machine Thread - 0] INFO  ratis.XceiverServerRatis (XceiverServerRatis.java:start(417)) - Starting XceiverServerRatis 03a76c70-887b-4e21-afa9-0cefdfecf0a8 at port 0
2019-10-01 21:47:48,399 [Datanode State Machine Thread - 0] INFO  impl.RaftServerProxy (RaftServerProxy.java:lambda$start$3(299)) - 03a76c70-887b-4e21-afa9-0cefdfecf0a8: start RPC server
2019-10-01 21:47:48,406 [Datanode State Machine Thread - 0] INFO  server.GrpcService (GrpcService.java:startImpl(158)) - 03a76c70-887b-4e21-afa9-0cefdfecf0a8: GrpcService started, listening on 0.0.0.0/0.0.0.0:36224
2019-10-01 21:47:48,406 [Datanode State Machine Thread - 0] INFO  ratis.XceiverServerRatis (XceiverServerRatis.java:start(427)) - XceiverServerRatis 03a76c70-887b-4e21-afa9-0cefdfecf0a8 is started using port 36224
2019-10-01 21:47:48,407 [Datanode State Machine Thread - 0] INFO  server.XceiverServerGrpc (XceiverServerGrpc.java:start(149)) - XceiverServerGrpc 03a76c70-887b-4e21-afa9-0cefdfecf0a8 is started using port 39362
2019-10-01 21:47:48,455 [main] INFO  ozone.MiniOzoneClusterImpl (MiniOzoneClusterImpl.java:lambda$waitForClusterToBeReady$0(147)) - Waiting for cluster to be ready. Got 0 of 7 DN Heartbeats.
2019-10-01 21:47:48,468 [Datanode State Machine Thread - 0] INFO  ozoneimpl.OzoneContainer (OzoneContainer.java:start(217)) - Attempting to start container services.
2019-10-01 21:47:48,468 [Datanode State Machine Thread - 0] INFO  ozoneimpl.OzoneContainer (OzoneContainer.java:startContainerScrub(179)) - Background container scanner has been disabled.
2019-10-01 21:47:48,468 [Datanode State Machine Thread - 0] INFO  ratis.XceiverServerRatis (XceiverServerRatis.java:start(417)) - Starting XceiverServerRatis d8d6cc7e-deda-4328-ae94-16c247f447ea at port 0
2019-10-01 21:47:48,474 [Datanode State Machine Thread - 0] INFO  impl.RaftServerProxy (RaftServerProxy.java:lambda$start$3(299)) - d8d6cc7e-deda-4328-ae94-16c247f447ea: start RPC server
2019-10-01 21:47:48,479 [Datanode State Machine Thread - 0] INFO  server.GrpcService (GrpcService.java:startImpl(158)) - d8d6cc7e-deda-4328-ae94-16c247f447ea: GrpcService started, listening on 0.0.0.0/0.0.0.0:41485
2019-10-01 21:47:48,479 [Datanode State Machine Thread - 0] INFO  ratis.XceiverServerRatis (XceiverServerRatis.java:start(427)) - XceiverServerRatis d8d6cc7e-deda-4328-ae94-16c247f447ea is started using port 41485
2019-10-01 21:47:48,484 [Datanode State Machine Thread - 0] INFO  server.XceiverServerGrpc (XceiverServerGrpc.java:start(149)) - XceiverServerGrpc d8d6cc7e-deda-4328-ae94-16c247f447ea is started using port 35310
2019-10-01 21:47:48,519 [grpc-default-executor-2] WARN  server.GrpcLogAppender (LogUtils.java:warn(134)) - 4fe98e1f-8e79-4cc8-ad7c-d8dcfa82ff1e@group-2D3AFA3CB3B2->dc8e1fa1-0742-4625-8bed-7dc210043178-AppendLogResponseHandler: Failed appendEntries: org.apache.ratis.thirdparty.io.grpc.StatusRuntimeException: UNAVAILABLE: io exception
2019-10-01 21:47:48,519 [grpc-default-executor-8] WARN  server.GrpcLogAppender (LogUtils.java:warn(134)) - 4fe98e1f-8e79-4cc8-ad7c-d8dcfa82ff1e@group-2D3AFA3CB3B2->a6f2d0e5-b69b-4893-b0e1-e493defe37eb-AppendLogResponseHandler: Failed appendEntries: org.apache.ratis.thirdparty.io.grpc.StatusRuntimeException: UNAVAILABLE: io exception
2019-10-01 21:47:48,519 [grpc-default-executor-2] INFO  impl.FollowerInfo (FollowerInfo.java:lambda$new$0(51)) - 4fe98e1f-8e79-4cc8-ad7c-d8dcfa82ff1e@group-2D3AFA3CB3B2->dc8e1fa1-0742-4625-8bed-7dc210043178: nextIndex: updateUnconditionally 0 -> 0
2019-10-01 21:47:48,519 [grpc-default-executor-8] INFO  impl.FollowerInfo (FollowerInfo.java:lambda$new$0(51)) - 4fe98e1f-8e79-4cc8-ad7c-d8dcfa82ff1e@group-2D3AFA3CB3B2->a6f2d0e5-b69b-4893-b0e1-e493defe37eb: nextIndex: updateUnconditionally 0 -> 0
2019-10-01 21:47:49,455 [main] INFO  ozone.MiniOzoneClusterImpl (MiniOzoneClusterImpl.java:lambda$waitForClusterToBeReady$0(147)) - Waiting for cluster to be ready. Got 0 of 7 DN Heartbeats.
2019-10-01 21:47:49,907 [IPC Server handler 4 on 44773] INFO  net.NetworkTopology (NetworkTopologyImpl.java:add(111)) - Added a new node: /default-rack/e977b856-88e3-402d-84c7-815713779e4f
2019-10-01 21:47:49,910 [IPC Server handler 4 on 44773] INFO  node.SCMNodeManager (SCMNodeManager.java:register(266)) - Registered Data node : e977b856-88e3-402d-84c7-815713779e4f{ip: 192.168.157.248, host: pr-hdds-2225-v7c79-4183396186, networkLocation: /default-rack, certSerialId: null}
2019-10-01 21:47:49,911 [EventQueue-NodeRegistrationContainerReportForDataNodeSafeModeRule] INFO  safemode.SCMSafeModeManager (DataNodeSafeModeRule.java:process(71)) - SCM in safe mode. 1 DataNodes registered, 1 required.
2019-10-01 21:47:49,914 [EventQueue-NodeRegistrationContainerReportForDataNodeSafeModeRule] INFO  safemode.SCMSafeModeManager (SCMSafeModeManager.java:validateSafeModeExitRules(177)) - ScmSafeModeManager, all rules are successfully validated
2019-10-01 21:47:49,914 [EventQueue-NodeRegistrationContainerReportForDataNodeSafeModeRule] INFO  safemode.SCMSafeModeManager (SCMSafeModeManager.java:exitSafeMode(193)) - SCM exiting safe mode.
2019-10-01 21:47:49,923 [grpc-default-executor-8] INFO  impl.RaftServerProxy (RaftServerProxy.java:addNew(89)) - e977b856-88e3-402d-84c7-815713779e4f: addNew group-FF5818FFD95E:[e977b856-88e3-402d-84c7-815713779e4f:192.168.157.248:37799] returns group-FF5818FFD95E:java.util.concurrent.CompletableFuture@84c2234[Not completed]
2019-10-01 21:47:49,925 [pool-383-thread-1] INFO  impl.RaftServerImpl (RaftServerImpl.java:<init>(95)) - e977b856-88e3-402d-84c7-815713779e4f: new RaftServerImpl for group-FF5818FFD95E:[e977b856-88e3-402d-84c7-815713779e4f:192.168.157.248:37799] with ContainerStateMachine:uninitialized
2019-10-01 21:47:49,925 [pool-383-thread-1] INFO  server.RaftServerConfigKeys (ConfUtils.java:logGet(43)) - raft.server.rpc.timeout.min = 5s (custom)
2019-10-01 21:47:49,925 [pool-383-thread-1] INFO  server.RaftServerConfigKeys (ConfUtils.java:logGet(43)) - raft.server.rpc.timeout.max = 5200ms (custom)
2019-10-01 21:47:49,925 [pool-383-thread-1] INFO  server.RaftServerConfigKeys (ConfUtils.java:logGet(43)) - raft.server.rpcslowness.timeout = 120s (custom)
2019-10-01 21:47:49,925 [pool-383-thread-1] INFO  server.RaftServerConfigKeys (ConfUtils.java:logGet(43)) - raft.server.sleep.deviation.threshold = 300 (default)
2019-10-01 21:47:49,925 [pool-383-thread-1] INFO  server.RaftServerConfigKeys (ConfUtils.java:logGet(43)) - raft.server.log.appender.install.snapshot.enabled = false (custom)
2019-10-01 21:47:49,925 [pool-383-thread-1] INFO  impl.RaftServerImpl (ServerState.java:<init>(103)) - e977b856-88e3-402d-84c7-815713779e4f@group-FF5818FFD95E: ConfigurationManager, init=-1: [e977b856-88e3-402d-84c7-815713779e4f:192.168.157.248:37799], old=null, confs=<EMPTY_MAP>
2019-10-01 21:47:49,925 [pool-383-thread-1] INFO  server.RaftServerConfigKeys (ConfUtils.java:logGet(43)) - raft.server.storage.dir = [/workdir/hadoop-ozone/integration-test/target/test-dir/MiniOzoneClusterImpl-caa61c93-f07a-48d8-a406-3e32b7adb6b2/datanode-0/data/ratis] (custom)
2019-10-01 21:47:49,926 [pool-383-thread-1] INFO  server.RaftServerConfigKeys (ConfUtils.java:logGet(43)) - raft.server.log.corruption.policy = EXCEPTION (default)
2019-10-01 21:47:49,926 [pool-383-thread-1] INFO  storage.RaftStorageDirectory (RaftStorageDirectory.java:analyzeStorage(246)) - The storage directory /workdir/hadoop-ozone/integration-test/target/test-dir/MiniOzoneClusterImpl-caa61c93-f07a-48d8-a406-3e32b7adb6b2/datanode-0/data/ratis/6e7f0d28-7367-40c8-bc89-ff5818ffd95e does not exist. Creating ...
2019-10-01 21:47:49,938 [pool-383-thread-1] INFO  storage.RaftStorageDirectory (RaftStorageDirectory.java:tryLock(328)) - Lock on /workdir/hadoop-ozone/integration-test/target/test-dir/MiniOzoneClusterImpl-caa61c93-f07a-48d8-a406-3e32b7adb6b2/datanode-0/data/ratis/6e7f0d28-7367-40c8-bc89-ff5818ffd95e/in_use.lock acquired by nodename 4401@pr-hdds-2225-v7c79-4183396186
2019-10-01 21:47:49,949 [pool-383-thread-1] INFO  storage.RaftStorage (RaftStorage.java:format(84)) - Storage directory /workdir/hadoop-ozone/integration-test/target/test-dir/MiniOzoneClusterImpl-caa61c93-f07a-48d8-a406-3e32b7adb6b2/datanode-0/data/ratis/6e7f0d28-7367-40c8-bc89-ff5818ffd95e has been successfully formatted.
2019-10-01 21:47:49,950 [pool-383-thread-1] INFO  ratis.ContainerStateMachine (ContainerStateMachine.java:loadSnapshot(230)) - group-FF5818FFD95E: The snapshot info is null. Setting the last applied indexto:(t:0, i:~)
2019-10-01 21:47:49,950 [pool-383-thread-1] INFO  server.RaftServerConfigKeys (ConfUtils.java:logGet(43)) - raft.server.notification.no-leader.timeout = 120s (custom)
2019-10-01 21:47:49,950 [pool-383-thread-1] INFO  server.RaftServerConfigKeys (ConfUtils.java:logGet(43)) - raft.server.log.use.memory = false (default)
2019-10-01 21:47:49,950 [pool-383-thread-1] INFO  server.RaftServerConfigKeys (ConfUtils.java:logGet(43)) - raft.server.log.purge.gap = 1000000 (custom)
2019-10-01 21:47:49,950 [pool-383-thread-1] INFO  server.RaftServerConfigKeys (ConfUtils.java:logGet(43)) - raft.server.log.appender.buffer.byte-limit = 33554432 (custom)
2019-10-01 21:47:49,950 [pool-383-thread-1] INFO  server.RaftServerConfigKeys (ConfUtils.java:logGet(43)) - raft.server.log.segment.size.max = 1048576 (custom)
2019-10-01 21:47:49,952 [pool-383-thread-1] INFO  server.RaftServerConfigKeys (ConfUtils.java:logGet(43)) - raft.server.log.segment.cache.num.max = 2 (custom)
2019-10-01 21:47:49,952 [pool-383-thread-1] INFO  segmented.SegmentedRaftLogWorker (SegmentedRaftLogWorker.java:<init>(173)) - new e977b856-88e3-402d-84c7-815713779e4f@group-FF5818FFD95E-SegmentedRaftLogWorker for RaftStorage:Storage Directory /workdir/hadoop-ozone/integration-test/target/test-dir/MiniOzoneClusterImpl-caa61c93-f07a-48d8-a406-3e32b7adb6b2/datanode-0/data/ratis/6e7f0d28-7367-40c8-bc89-ff5818ffd95e
2019-10-01 21:47:49,952 [pool-383-thread-1] INFO  server.RaftServerConfigKeys (ConfUtils.java:logGet(43)) - raft.server.log.queue.byte-limit = 2147483647 (custom)
2019-10-01 21:47:49,952 [pool-383-thread-1] INFO  server.RaftServerConfigKeys (ConfUtils.java:logGet(43)) - raft.server.log.queue.element-limit = 1024 (custom)
2019-10-01 21:47:49,952 [pool-383-thread-1] INFO  server.RaftServerConfigKeys (ConfUtils.java:logGet(43)) - raft.server.log.segment.size.max = 1048576 (custom)
2019-10-01 21:47:49,952 [pool-383-thread-1] INFO  server.RaftServerConfigKeys (ConfUtils.java:logGet(43)) - raft.server.log.preallocated.size = 16384 (custom)
2019-10-01 21:47:49,952 [pool-383-thread-1] INFO  server.RaftServerConfigKeys (ConfUtils.java:logGet(43)) - raft.server.log.write.buffer.size = 33554432 (custom)
2019-10-01 21:47:49,953 [pool-383-thread-1] INFO  server.RaftServerConfigKeys (ConfUtils.java:logGet(43)) - raft.server.log.force.sync.num = 128 (default)
2019-10-01 21:47:49,953 [pool-383-thread-1] INFO  server.RaftServerConfigKeys (ConfUtils.java:logGet(43)) - raft.server.log.statemachine.data.sync = true (default)
2019-10-01 21:47:49,953 [pool-383-thread-1] INFO  server.RaftServerConfigKeys (ConfUtils.java:logGet(43)) - raft.server.log.statemachine.data.sync.timeout = 10s (default)
2019-10-01 21:47:49,953 [pool-383-thread-1] INFO  server.RaftServerConfigKeys (ConfUtils.java:logGet(43)) - raft.server.log.statemachine.data.sync.timeout.retry = -1 (default)
2019-10-01 21:47:49,953 [pool-383-thread-1] INFO  server.RaftServerConfigKeys (ConfUtils.java:logGet(43)) - raft.server.log.statemachine.data.caching.enabled = true (custom)
2019-10-01 21:47:49,954 [pool-383-thread-1] INFO  segmented.SegmentedRaftLogWorker (SegmentedRaftLogWorker.java:lambda$new$0(128)) - e977b856-88e3-402d-84c7-815713779e4f@group-FF5818FFD95E-SegmentedRaftLogWorker: flushIndex: setUnconditionally 0 -> -1
2019-10-01 21:47:49,954 [pool-383-thread-1] INFO  server.RaftServerConfigKeys (ConfUtils.java:logGet(43)) - raft.server.snapshot.auto.trigger.enabled = true (custom)
2019-10-01 21:47:49,954 [pool-383-thread-1] INFO  server.RaftServerConfigKeys (ConfUtils.java:logGet(43)) - raft.server.snapshot.auto.trigger.threshold = 10000 (custom)
2019-10-01 21:47:49,954 [pool-383-thread-1] INFO  server.RaftServerConfigKeys (ConfUtils.java:logGet(43)) - raft.server.snapshot.retention.file.num = 5 (custom)
2019-10-01 21:47:49,954 [pool-383-thread-1] INFO  server.RaftServerConfigKeys (ConfUtils.java:logGet(43)) - raft.server.retrycache.expirytime = 600000ms (custom)
2019-10-01 21:47:49,955 [pool-383-thread-1] INFO  impl.RaftServerImpl (RaftServerImpl.java:start(181)) - e977b856-88e3-402d-84c7-815713779e4f@group-FF5818FFD95E: start as a follower, conf=-1: [e977b856-88e3-402d-84c7-815713779e4f:192.168.157.248:37799], old=null
2019-10-01 21:47:49,956 [pool-383-thread-1] INFO  impl.RaftServerImpl (RaftServerImpl.java:setRole(170)) - e977b856-88e3-402d-84c7-815713779e4f@group-FF5818FFD95E: changes role from      null to FOLLOWER at term 0 for startAsFollower
2019-10-01 21:47:49,956 [pool-383-thread-1] INFO  impl.RoleInfo (RoleInfo.java:updateAndGet(143)) - e977b856-88e3-402d-84c7-815713779e4f: start FollowerState
2019-10-01 21:47:49,956 [pool-383-thread-1] INFO  util.JmxRegister (JmxRegister.java:tryRegister(44)) - Successfully registered JMX Bean with object name Ratis:service=RaftServer,group=group-FF5818FFD95E,id=e977b856-88e3-402d-84c7-815713779e4f
2019-10-01 21:47:49,959 [RatisPipelineUtilsThread] INFO  pipeline.PipelineStateManager (PipelineStateManager.java:addPipeline(56)) - Created pipeline Pipeline[ Id: 6e7f0d28-7367-40c8-bc89-ff5818ffd95e, Nodes: e977b856-88e3-402d-84c7-815713779e4f{ip: 192.168.157.248, host: pr-hdds-2225-v7c79-4183396186, networkLocation: /default-rack, certSerialId: null}, Type:RATIS, Factor:ONE, State:OPEN]
2019-10-01 21:47:49,985 [IPC Server handler 5 on 44773] INFO  net.NetworkTopology (NetworkTopologyImpl.java:add(111)) - Added a new node: /default-rack/1fb700a2-c1d5-42e7-b86a-b29cde3bbecf
2019-10-01 21:47:49,985 [IPC Server handler 5 on 44773] INFO  node.SCMNodeManager (SCMNodeManager.java:register(266)) - Registered Data node : 1fb700a2-c1d5-42e7-b86a-b29cde3bbecf{ip: 192.168.157.248, host: pr-hdds-2225-v7c79-4183396186, networkLocation: /default-rack, certSerialId: null}
2019-10-01 21:47:49,993 [grpc-default-executor-8] INFO  impl.RaftServerProxy (RaftServerProxy.java:addNew(89)) - 1fb700a2-c1d5-42e7-b86a-b29cde3bbecf: addNew group-7798CF1758A9:[1fb700a2-c1d5-42e7-b86a-b29cde3bbecf:192.168.157.248:38564] returns group-7798CF1758A9:java.util.concurrent.CompletableFuture@1ce2b357[Not completed]
2019-10-01 21:47:49,995 [pool-393-thread-1] INFO  impl.RaftServerImpl (RaftServerImpl.java:<init>(95)) - 1fb700a2-c1d5-42e7-b86a-b29cde3bbecf: new RaftServerImpl for group-7798CF1758A9:[1fb700a2-c1d5-42e7-b86a-b29cde3bbecf:192.168.157.248:38564] with ContainerStateMachine:uninitialized
2019-10-01 21:47:49,995 [pool-393-thread-1] INFO  server.RaftServerConfigKeys (ConfUtils.java:logGet(43)) - raft.server.rpc.timeout.min = 5s (custom)
2019-10-01 21:47:49,995 [pool-393-thread-1] INFO  server.RaftServerConfigKeys (ConfUtils.java:logGet(43)) - raft.server.rpc.timeout.max = 5200ms (custom)
2019-10-01 21:47:49,995 [pool-393-thread-1] INFO  server.RaftServerConfigKeys (ConfUtils.java:logGet(43)) - raft.server.rpcslowness.timeout = 120s (custom)
2019-10-01 21:47:49,995 [pool-393-thread-1] INFO  server.RaftServerConfigKeys (ConfUtils.java:logGet(43)) - raft.server.sleep.deviation.threshold = 300 (default)
2019-10-01 21:47:49,995 [pool-393-thread-1] INFO  server.RaftServerConfigKeys (ConfUtils.java:logGet(43)) - raft.server.log.appender.install.snapshot.enabled = false (custom)
2019-10-01 21:47:49,995 [pool-393-thread-1] INFO  impl.RaftServerImpl (ServerState.java:<init>(103)) - 1fb700a2-c1d5-42e7-b86a-b29cde3bbecf@group-7798CF1758A9: ConfigurationManager, init=-1: [1fb700a2-c1d5-42e7-b86a-b29cde3bbecf:192.168.157.248:38564], old=null, confs=<EMPTY_MAP>
2019-10-01 21:47:49,996 [pool-393-thread-1] INFO  server.RaftServerConfigKeys (ConfUtils.java:logGet(43)) - raft.server.storage.dir = [/workdir/hadoop-ozone/integration-test/target/test-dir/MiniOzoneClusterImpl-caa61c93-f07a-48d8-a406-3e32b7adb6b2/datanode-1/data/ratis] (custom)
2019-10-01 21:47:49,996 [pool-393-thread-1] INFO  server.RaftServerConfigKeys (ConfUtils.java:logGet(43)) - raft.server.log.corruption.policy = EXCEPTION (default)
2019-10-01 21:47:49,996 [pool-393-thread-1] INFO  storage.RaftStorageDirectory (RaftStorageDirectory.java:analyzeStorage(246)) - The storage directory /workdir/hadoop-ozone/integration-test/target/test-dir/MiniOzoneClusterImpl-caa61c93-f07a-48d8-a406-3e32b7adb6b2/datanode-1/data/ratis/e69e71ad-a970-4667-8257-7798cf1758a9 does not exist. Creating ...
2019-10-01 21:47:50,008 [pool-393-thread-1] INFO  storage.RaftStorageDirectory (RaftStorageDirectory.java:tryLock(328)) - Lock on /workdir/hadoop-ozone/integration-test/target/test-dir/MiniOzoneClusterImpl-caa61c93-f07a-48d8-a406-3e32b7adb6b2/datanode-1/data/ratis/e69e71ad-a970-4667-8257-7798cf1758a9/in_use.lock acquired by nodename 4401@pr-hdds-2225-v7c79-4183396186
2019-10-01 21:47:50,011 [pool-393-thread-1] INFO  storage.RaftStorage (RaftStorage.java:format(84)) - Storage directory /workdir/hadoop-ozone/integration-test/target/test-dir/MiniOzoneClusterImpl-caa61c93-f07a-48d8-a406-3e32b7adb6b2/datanode-1/data/ratis/e69e71ad-a970-4667-8257-7798cf1758a9 has been successfully formatted.
2019-10-01 21:47:50,011 [pool-393-thread-1] INFO  ratis.ContainerStateMachine (ContainerStateMachine.java:loadSnapshot(230)) - group-7798CF1758A9: The snapshot info is null. Setting the last applied indexto:(t:0, i:~)
2019-10-01 21:47:50,011 [pool-393-thread-1] INFO  server.RaftServerConfigKeys (ConfUtils.java:logGet(43)) - raft.server.notification.no-leader.timeout = 120s (custom)
2019-10-01 21:47:50,011 [pool-393-thread-1] INFO  server.RaftServerConfigKeys (ConfUtils.java:logGet(43)) - raft.server.log.use.memory = false (default)
2019-10-01 21:47:50,011 [pool-393-thread-1] INFO  server.RaftServerConfigKeys (ConfUtils.java:logGet(43)) - raft.server.log.purge.gap = 1000000 (custom)
2019-10-01 21:47:50,012 [pool-393-thread-1] INFO  server.RaftServerConfigKeys (ConfUtils.java:logGet(43)) - raft.server.log.appender.buffer.byte-limit = 33554432 (custom)
2019-10-01 21:47:50,012 [pool-393-thread-1] INFO  server.RaftServerConfigKeys (ConfUtils.java:logGet(43)) - raft.server.log.segment.size.max = 1048576 (custom)
2019-10-01 21:47:50,013 [pool-393-thread-1] INFO  server.RaftServerConfigKeys (ConfUtils.java:logGet(43)) - raft.server.log.segment.cache.num.max = 2 (custom)
2019-10-01 21:47:50,014 [pool-393-thread-1] INFO  segmented.SegmentedRaftLogWorker (SegmentedRaftLogWorker.java:<init>(173)) - new 1fb700a2-c1d5-42e7-b86a-b29cde3bbecf@group-7798CF1758A9-SegmentedRaftLogWorker for RaftStorage:Storage Directory /workdir/hadoop-ozone/integration-test/target/test-dir/MiniOzoneClusterImpl-caa61c93-f07a-48d8-a406-3e32b7adb6b2/datanode-1/data/ratis/e69e71ad-a970-4667-8257-7798cf1758a9
2019-10-01 21:47:50,014 [pool-393-thread-1] INFO  server.RaftServerConfigKeys (ConfUtils.java:logGet(43)) - raft.server.log.queue.byte-limit = 2147483647 (custom)
2019-10-01 21:47:50,014 [pool-393-thread-1] INFO  server.RaftServerConfigKeys (ConfUtils.java:logGet(43)) - raft.server.log.queue.element-limit = 1024 (custom)
2019-10-01 21:47:50,014 [pool-393-thread-1] INFO  server.RaftServerConfigKeys (ConfUtils.java:logGet(43)) - raft.server.log.segment.size.max = 1048576 (custom)
2019-10-01 21:47:50,014 [pool-393-thread-1] INFO  server.RaftServerConfigKeys (ConfUtils.java:logGet(43)) - raft.server.log.preallocated.size = 16384 (custom)
2019-10-01 21:47:50,014 [pool-393-thread-1] INFO  server.RaftServerConfigKeys (ConfUtils.java:logGet(43)) - raft.server.log.write.buffer.size = 33554432 (custom)
2019-10-01 21:47:50,014 [pool-393-thread-1] INFO  server.RaftServerConfigKeys (ConfUtils.java:logGet(43)) - raft.server.log.force.sync.num = 128 (default)
2019-10-01 21:47:50,014 [pool-393-thread-1] INFO  server.RaftServerConfigKeys (ConfUtils.java:logGet(43)) - raft.server.log.statemachine.data.sync = true (default)
2019-10-01 21:47:50,015 [pool-393-thread-1] INFO  server.RaftServerConfigKeys (ConfUtils.java:logGet(43)) - raft.server.log.statemachine.data.sync.timeout = 10s (default)
2019-10-01 21:47:50,015 [pool-393-thread-1] INFO  server.RaftServerConfigKeys (ConfUtils.java:logGet(43)) - raft.server.log.statemachine.data.sync.timeout.retry = -1 (default)
2019-10-01 21:47:50,015 [pool-393-thread-1] INFO  server.RaftServerConfigKeys (ConfUtils.java:logGet(43)) - raft.server.log.statemachine.data.caching.enabled = true (custom)
2019-10-01 21:47:50,015 [pool-393-thread-1] INFO  segmented.SegmentedRaftLogWorker (SegmentedRaftLogWorker.java:lambda$new$0(128)) - 1fb700a2-c1d5-42e7-b86a-b29cde3bbecf@group-7798CF1758A9-SegmentedRaftLogWorker: flushIndex: setUnconditionally 0 -> -1
2019-10-01 21:47:50,016 [pool-393-thread-1] INFO  server.RaftServerConfigKeys (ConfUtils.java:logGet(43)) - raft.server.snapshot.auto.trigger.enabled = true (custom)
2019-10-01 21:47:50,016 [pool-393-thread-1] INFO  server.RaftServerConfigKeys (ConfUtils.java:logGet(43)) - raft.server.snapshot.auto.trigger.threshold = 10000 (custom)
2019-10-01 21:47:50,016 [pool-393-thread-1] INFO  server.RaftServerConfigKeys (ConfUtils.java:logGet(43)) - raft.server.snapshot.retention.file.num = 5 (custom)
2019-10-01 21:47:50,016 [pool-393-thread-1] INFO  server.RaftServerConfigKeys (ConfUtils.java:logGet(43)) - raft.server.retrycache.expirytime = 600000ms (custom)
2019-10-01 21:47:50,018 [pool-393-thread-1] INFO  impl.RaftServerImpl (RaftServerImpl.java:start(181)) - 1fb700a2-c1d5-42e7-b86a-b29cde3bbecf@group-7798CF1758A9: start as a follower, conf=-1: [1fb700a2-c1d5-42e7-b86a-b29cde3bbecf:192.168.157.248:38564], old=null
2019-10-01 21:47:50,018 [pool-393-thread-1] INFO  impl.RaftServerImpl (RaftServerImpl.java:setRole(170)) - 1fb700a2-c1d5-42e7-b86a-b29cde3bbecf@group-7798CF1758A9: changes role from      null to FOLLOWER at term 0 for startAsFollower
2019-10-01 21:47:50,018 [pool-393-thread-1] INFO  impl.RoleInfo (RoleInfo.java:updateAndGet(143)) - 1fb700a2-c1d5-42e7-b86a-b29cde3bbecf: start FollowerState
2019-10-01 21:47:50,018 [pool-393-thread-1] INFO  util.JmxRegister (JmxRegister.java:tryRegister(44)) - Successfully registered JMX Bean with object name Ratis:service=RaftServer,group=group-7798CF1758A9,id=1fb700a2-c1d5-42e7-b86a-b29cde3bbecf
2019-10-01 21:47:50,022 [RatisPipelineUtilsThread] INFO  pipeline.PipelineStateManager (PipelineStateManager.java:addPipeline(56)) - Created pipeline Pipeline[ Id: e69e71ad-a970-4667-8257-7798cf1758a9, Nodes: 1fb700a2-c1d5-42e7-b86a-b29cde3bbecf{ip: 192.168.157.248, host: pr-hdds-2225-v7c79-4183396186, networkLocation: /default-rack, certSerialId: null}, Type:RATIS, Factor:ONE, State:OPEN]
2019-10-01 21:47:50,075 [IPC Server handler 1 on 44773] INFO  net.NetworkTopology (NetworkTopologyImpl.java:add(111)) - Added a new node: /default-rack/74ad5ab1-f2eb-4d98-8d08-675a65c2e4fe
2019-10-01 21:47:50,075 [IPC Server handler 1 on 44773] INFO  node.SCMNodeManager (SCMNodeManager.java:register(266)) - Registered Data node : 74ad5ab1-f2eb-4d98-8d08-675a65c2e4fe{ip: 192.168.157.248, host: pr-hdds-2225-v7c79-4183396186, networkLocation: /default-rack, certSerialId: null}
2019-10-01 21:47:50,083 [grpc-default-executor-8] INFO  impl.RaftServerProxy (RaftServerProxy.java:addNew(89)) - 74ad5ab1-f2eb-4d98-8d08-675a65c2e4fe: addNew group-A7B4416462BC:[74ad5ab1-f2eb-4d98-8d08-675a65c2e4fe:192.168.157.248:34673] returns group-A7B4416462BC:java.util.concurrent.CompletableFuture@7e0cbf4[Not completed]
2019-10-01 21:47:50,084 [pool-403-thread-1] INFO  impl.RaftServerImpl (RaftServerImpl.java:<init>(95)) - 74ad5ab1-f2eb-4d98-8d08-675a65c2e4fe: new RaftServerImpl for group-A7B4416462BC:[74ad5ab1-f2eb-4d98-8d08-675a65c2e4fe:192.168.157.248:34673] with ContainerStateMachine:uninitialized
2019-10-01 21:47:50,085 [pool-403-thread-1] INFO  server.RaftServerConfigKeys (ConfUtils.java:logGet(43)) - raft.server.rpc.timeout.min = 5s (custom)
2019-10-01 21:47:50,085 [pool-403-thread-1] INFO  server.RaftServerConfigKeys (ConfUtils.java:logGet(43)) - raft.server.rpc.timeout.max = 5200ms (custom)
2019-10-01 21:47:50,085 [pool-403-thread-1] INFO  server.RaftServerConfigKeys (ConfUtils.java:logGet(43)) - raft.server.rpcslowness.timeout = 120s (custom)
2019-10-01 21:47:50,085 [pool-403-thread-1] INFO  server.RaftServerConfigKeys (ConfUtils.java:logGet(43)) - raft.server.sleep.deviation.threshold = 300 (default)
2019-10-01 21:47:50,085 [pool-403-thread-1] INFO  server.RaftServerConfigKeys (ConfUtils.java:logGet(43)) - raft.server.log.appender.install.snapshot.enabled = false (custom)
2019-10-01 21:47:50,085 [pool-403-thread-1] INFO  impl.RaftServerImpl (ServerState.java:<init>(103)) - 74ad5ab1-f2eb-4d98-8d08-675a65c2e4fe@group-A7B4416462BC: ConfigurationManager, init=-1: [74ad5ab1-f2eb-4d98-8d08-675a65c2e4fe:192.168.157.248:34673], old=null, confs=<EMPTY_MAP>
2019-10-01 21:47:50,085 [pool-403-thread-1] INFO  server.RaftServerConfigKeys (ConfUtils.java:logGet(43)) - raft.server.storage.dir = [/workdir/hadoop-ozone/integration-test/target/test-dir/MiniOzoneClusterImpl-caa61c93-f07a-48d8-a406-3e32b7adb6b2/datanode-2/data/ratis] (custom)
2019-10-01 21:47:50,086 [pool-403-thread-1] INFO  server.RaftServerConfigKeys (ConfUtils.java:logGet(43)) - raft.server.log.corruption.policy = EXCEPTION (default)
2019-10-01 21:47:50,086 [pool-403-thread-1] INFO  storage.RaftStorageDirectory (RaftStorageDirectory.java:analyzeStorage(246)) - The storage directory /workdir/hadoop-ozone/integration-test/target/test-dir/MiniOzoneClusterImpl-caa61c93-f07a-48d8-a406-3e32b7adb6b2/datanode-2/data/ratis/7dd1d6f1-5023-4096-9edb-a7b4416462bc does not exist. Creating ...
2019-10-01 21:47:50,097 [pool-403-thread-1] INFO  storage.RaftStorageDirectory (RaftStorageDirectory.java:tryLock(328)) - Lock on /workdir/hadoop-ozone/integration-test/target/test-dir/MiniOzoneClusterImpl-caa61c93-f07a-48d8-a406-3e32b7adb6b2/datanode-2/data/ratis/7dd1d6f1-5023-4096-9edb-a7b4416462bc/in_use.lock acquired by nodename 4401@pr-hdds-2225-v7c79-4183396186
2019-10-01 21:47:50,102 [pool-403-thread-1] INFO  storage.RaftStorage (RaftStorage.java:format(84)) - Storage directory /workdir/hadoop-ozone/integration-test/target/test-dir/MiniOzoneClusterImpl-caa61c93-f07a-48d8-a406-3e32b7adb6b2/datanode-2/data/ratis/7dd1d6f1-5023-4096-9edb-a7b4416462bc has been successfully formatted.
2019-10-01 21:47:50,102 [pool-403-thread-1] INFO  ratis.ContainerStateMachine (ContainerStateMachine.java:loadSnapshot(230)) - group-A7B4416462BC: The snapshot info is null. Setting the last applied indexto:(t:0, i:~)
2019-10-01 21:47:50,102 [pool-403-thread-1] INFO  server.RaftServerConfigKeys (ConfUtils.java:logGet(43)) - raft.server.notification.no-leader.timeout = 120s (custom)
2019-10-01 21:47:50,102 [pool-403-thread-1] INFO  server.RaftServerConfigKeys (ConfUtils.java:logGet(43)) - raft.server.log.use.memory = false (default)
2019-10-01 21:47:50,102 [pool-403-thread-1] INFO  server.RaftServerConfigKeys (ConfUtils.java:logGet(43)) - raft.server.log.purge.gap = 1000000 (custom)
2019-10-01 21:47:50,102 [pool-403-thread-1] INFO  server.RaftServerConfigKeys (ConfUtils.java:logGet(43)) - raft.server.log.appender.buffer.byte-limit = 33554432 (custom)
2019-10-01 21:47:50,103 [pool-403-thread-1] INFO  server.RaftServerConfigKeys (ConfUtils.java:logGet(43)) - raft.server.log.segment.size.max = 1048576 (custom)
2019-10-01 21:47:50,104 [pool-403-thread-1] INFO  server.RaftServerConfigKeys (ConfUtils.java:logGet(43)) - raft.server.log.segment.cache.num.max = 2 (custom)
2019-10-01 21:47:50,104 [pool-403-thread-1] INFO  segmented.SegmentedRaftLogWorker (SegmentedRaftLogWorker.java:<init>(173)) - new 74ad5ab1-f2eb-4d98-8d08-675a65c2e4fe@group-A7B4416462BC-SegmentedRaftLogWorker for RaftStorage:Storage Directory /workdir/hadoop-ozone/integration-test/target/test-dir/MiniOzoneClusterImpl-caa61c93-f07a-48d8-a406-3e32b7adb6b2/datanode-2/data/ratis/7dd1d6f1-5023-4096-9edb-a7b4416462bc
2019-10-01 21:47:50,104 [pool-403-thread-1] INFO  server.RaftServerConfigKeys (ConfUtils.java:logGet(43)) - raft.server.log.queue.byte-limit = 2147483647 (custom)
2019-10-01 21:47:50,104 [pool-403-thread-1] INFO  server.RaftServerConfigKeys (ConfUtils.java:logGet(43)) - raft.server.log.queue.element-limit = 1024 (custom)
2019-10-01 21:47:50,105 [pool-403-thread-1] INFO  server.RaftServerConfigKeys (ConfUtils.java:logGet(43)) - raft.server.log.segment.size.max = 1048576 (custom)
2019-10-01 21:47:50,105 [pool-403-thread-1] INFO  server.RaftServerConfigKeys (ConfUtils.java:logGet(43)) - raft.server.log.preallocated.size = 16384 (custom)
2019-10-01 21:47:50,105 [pool-403-thread-1] INFO  server.RaftServerConfigKeys (ConfUtils.java:logGet(43)) - raft.server.log.write.buffer.size = 33554432 (custom)
2019-10-01 21:47:50,105 [pool-403-thread-1] INFO  server.RaftServerConfigKeys (ConfUtils.java:logGet(43)) - raft.server.log.force.sync.num = 128 (default)
2019-10-01 21:47:50,105 [pool-403-thread-1] INFO  server.RaftServerConfigKeys (ConfUtils.java:logGet(43)) - raft.server.log.statemachine.data.sync = true (default)
2019-10-01 21:47:50,105 [pool-403-thread-1] INFO  server.RaftServerConfigKeys (ConfUtils.java:logGet(43)) - raft.server.log.statemachine.data.sync.timeout = 10s (default)
2019-10-01 21:47:50,105 [pool-403-thread-1] INFO  server.RaftServerConfigKeys (ConfUtils.java:logGet(43)) - raft.server.log.statemachine.data.sync.timeout.retry = -1 (default)
2019-10-01 21:47:50,106 [pool-403-thread-1] INFO  server.RaftServerConfigKeys (ConfUtils.java:logGet(43)) - raft.server.log.statemachine.data.caching.enabled = true (custom)
2019-10-01 21:47:50,106 [pool-403-thread-1] INFO  segmented.SegmentedRaftLogWorker (SegmentedRaftLogWorker.java:lambda$new$0(128)) - 74ad5ab1-f2eb-4d98-8d08-675a65c2e4fe@group-A7B4416462BC-SegmentedRaftLogWorker: flushIndex: setUnconditionally 0 -> -1
2019-10-01 21:47:50,106 [pool-403-thread-1] INFO  server.RaftServerConfigKeys (ConfUtils.java:logGet(43)) - raft.server.snapshot.auto.trigger.enabled = true (custom)
2019-10-01 21:47:50,106 [pool-403-thread-1] INFO  server.RaftServerConfigKeys (ConfUtils.java:logGet(43)) - raft.server.snapshot.auto.trigger.threshold = 10000 (custom)
2019-10-01 21:47:50,106 [pool-403-thread-1] INFO  server.RaftServerConfigKeys (ConfUtils.java:logGet(43)) - raft.server.snapshot.retention.file.num = 5 (custom)
2019-10-01 21:47:50,107 [pool-403-thread-1] INFO  server.RaftServerConfigKeys (ConfUtils.java:logGet(43)) - raft.server.retrycache.expirytime = 600000ms (custom)
2019-10-01 21:47:50,108 [pool-403-thread-1] INFO  impl.RaftServerImpl (RaftServerImpl.java:start(181)) - 74ad5ab1-f2eb-4d98-8d08-675a65c2e4fe@group-A7B4416462BC: start as a follower, conf=-1: [74ad5ab1-f2eb-4d98-8d08-675a65c2e4fe:192.168.157.248:34673], old=null
2019-10-01 21:47:50,108 [pool-403-thread-1] INFO  impl.RaftServerImpl (RaftServerImpl.java:setRole(170)) - 74ad5ab1-f2eb-4d98-8d08-675a65c2e4fe@group-A7B4416462BC: changes role from      null to FOLLOWER at term 0 for startAsFollower
2019-10-01 21:47:50,108 [pool-403-thread-1] INFO  impl.RoleInfo (RoleInfo.java:updateAndGet(143)) - 74ad5ab1-f2eb-4d98-8d08-675a65c2e4fe: start FollowerState
2019-10-01 21:47:50,109 [pool-403-thread-1] INFO  util.JmxRegister (JmxRegister.java:tryRegister(44)) - Successfully registered JMX Bean with object name Ratis:service=RaftServer,group=group-A7B4416462BC,id=74ad5ab1-f2eb-4d98-8d08-675a65c2e4fe
2019-10-01 21:47:50,112 [RatisPipelineUtilsThread] INFO  pipeline.PipelineStateManager (PipelineStateManager.java:addPipeline(56)) - Created pipeline Pipeline[ Id: 7dd1d6f1-5023-4096-9edb-a7b4416462bc, Nodes: 74ad5ab1-f2eb-4d98-8d08-675a65c2e4fe{ip: 192.168.157.248, host: pr-hdds-2225-v7c79-4183396186, networkLocation: /default-rack, certSerialId: null}, Type:RATIS, Factor:ONE, State:OPEN]
2019-10-01 21:47:50,128 [grpc-default-executor-0] INFO  impl.RaftServerProxy (RaftServerProxy.java:addNew(89)) - 1fb700a2-c1d5-42e7-b86a-b29cde3bbecf: addNew group-1EDC2C945AF1:[1fb700a2-c1d5-42e7-b86a-b29cde3bbecf:192.168.157.248:38564, 74ad5ab1-f2eb-4d98-8d08-675a65c2e4fe:192.168.157.248:34673, e977b856-88e3-402d-84c7-815713779e4f:192.168.157.248:37799] returns group-1EDC2C945AF1:java.util.concurrent.CompletableFuture@55b14c1b[Not completed]
2019-10-01 21:47:50,128 [grpc-default-executor-2] INFO  impl.RaftServerProxy (RaftServerProxy.java:addNew(89)) - 74ad5ab1-f2eb-4d98-8d08-675a65c2e4fe: addNew group-1EDC2C945AF1:[1fb700a2-c1d5-42e7-b86a-b29cde3bbecf:192.168.157.248:38564, 74ad5ab1-f2eb-4d98-8d08-675a65c2e4fe:192.168.157.248:34673, e977b856-88e3-402d-84c7-815713779e4f:192.168.157.248:37799] returns group-1EDC2C945AF1:java.util.concurrent.CompletableFuture@4985c38a[Not completed]
2019-10-01 21:47:50,129 [grpc-default-executor-8] INFO  impl.RaftServerProxy (RaftServerProxy.java:addNew(89)) - e977b856-88e3-402d-84c7-815713779e4f: addNew group-1EDC2C945AF1:[1fb700a2-c1d5-42e7-b86a-b29cde3bbecf:192.168.157.248:38564, 74ad5ab1-f2eb-4d98-8d08-675a65c2e4fe:192.168.157.248:34673, e977b856-88e3-402d-84c7-815713779e4f:192.168.157.248:37799] returns group-1EDC2C945AF1:java.util.concurrent.CompletableFuture@487a937c[Not completed]
2019-10-01 21:47:50,130 [pool-393-thread-1] INFO  impl.RaftServerImpl (RaftServerImpl.java:<init>(95)) - 1fb700a2-c1d5-42e7-b86a-b29cde3bbecf: new RaftServerImpl for group-1EDC2C945AF1:[1fb700a2-c1d5-42e7-b86a-b29cde3bbecf:192.168.157.248:38564, 74ad5ab1-f2eb-4d98-8d08-675a65c2e4fe:192.168.157.248:34673, e977b856-88e3-402d-84c7-815713779e4f:192.168.157.248:37799] with ContainerStateMachine:uninitialized
2019-10-01 21:47:50,130 [pool-393-thread-1] INFO  server.RaftServerConfigKeys (ConfUtils.java:logGet(43)) - raft.server.rpc.timeout.min = 5s (custom)
2019-10-01 21:47:50,130 [pool-393-thread-1] INFO  server.RaftServerConfigKeys (ConfUtils.java:logGet(43)) - raft.server.rpc.timeout.max = 5200ms (custom)
2019-10-01 21:47:50,130 [pool-393-thread-1] INFO  server.RaftServerConfigKeys (ConfUtils.java:logGet(43)) - raft.server.rpcslowness.timeout = 120s (custom)
2019-10-01 21:47:50,130 [pool-393-thread-1] INFO  server.RaftServerConfigKeys (ConfUtils.java:logGet(43)) - raft.server.sleep.deviation.threshold = 300 (default)
2019-10-01 21:47:50,130 [pool-393-thread-1] INFO  server.RaftServerConfigKeys (ConfUtils.java:logGet(43)) - raft.server.log.appender.install.snapshot.enabled = false (custom)
2019-10-01 21:47:50,130 [pool-383-thread-1] INFO  impl.RaftServerImpl (RaftServerImpl.java:<init>(95)) - e977b856-88e3-402d-84c7-815713779e4f: new RaftServerImpl for group-1EDC2C945AF1:[1fb700a2-c1d5-42e7-b86a-b29cde3bbecf:192.168.157.248:38564, 74ad5ab1-f2eb-4d98-8d08-675a65c2e4fe:192.168.157.248:34673, e977b856-88e3-402d-84c7-815713779e4f:192.168.157.248:37799] with ContainerStateMachine:uninitialized
2019-10-01 21:47:50,130 [pool-393-thread-1] INFO  impl.RaftServerImpl (ServerState.java:<init>(103)) - 1fb700a2-c1d5-42e7-b86a-b29cde3bbecf@group-1EDC2C945AF1: ConfigurationManager, init=-1: [1fb700a2-c1d5-42e7-b86a-b29cde3bbecf:192.168.157.248:38564, 74ad5ab1-f2eb-4d98-8d08-675a65c2e4fe:192.168.157.248:34673, e977b856-88e3-402d-84c7-815713779e4f:192.168.157.248:37799], old=null, confs=<EMPTY_MAP>
2019-10-01 21:47:50,130 [pool-383-thread-1] INFO  server.RaftServerConfigKeys (ConfUtils.java:logGet(43)) - raft.server.rpc.timeout.min = 5s (custom)
2019-10-01 21:47:50,131 [pool-393-thread-1] INFO  server.RaftServerConfigKeys (ConfUtils.java:logGet(43)) - raft.server.storage.dir = [/workdir/hadoop-ozone/integration-test/target/test-dir/MiniOzoneClusterImpl-caa61c93-f07a-48d8-a406-3e32b7adb6b2/datanode-1/data/ratis] (custom)
2019-10-01 21:47:50,131 [pool-383-thread-1] INFO  server.RaftServerConfigKeys (ConfUtils.java:logGet(43)) - raft.server.rpc.timeout.max = 5200ms (custom)
2019-10-01 21:47:50,131 [pool-403-thread-1] INFO  impl.RaftServerImpl (RaftServerImpl.java:<init>(95)) - 74ad5ab1-f2eb-4d98-8d08-675a65c2e4fe: new RaftServerImpl for group-1EDC2C945AF1:[1fb700a2-c1d5-42e7-b86a-b29cde3bbecf:192.168.157.248:38564, 74ad5ab1-f2eb-4d98-8d08-675a65c2e4fe:192.168.157.248:34673, e977b856-88e3-402d-84c7-815713779e4f:192.168.157.248:37799] with ContainerStateMachine:uninitialized
2019-10-01 21:47:50,131 [pool-393-thread-1] INFO  server.RaftServerConfigKeys (ConfUtils.java:logGet(43)) - raft.server.log.corruption.policy = EXCEPTION (default)
2019-10-01 21:47:50,131 [pool-383-thread-1] INFO  server.RaftServerConfigKeys (ConfUtils.java:logGet(43)) - raft.server.rpcslowness.timeout = 120s (custom)
2019-10-01 21:47:50,131 [pool-393-thread-1] INFO  storage.RaftStorageDirectory (RaftStorageDirectory.java:analyzeStorage(246)) - The storage directory /workdir/hadoop-ozone/integration-test/target/test-dir/MiniOzoneClusterImpl-caa61c93-f07a-48d8-a406-3e32b7adb6b2/datanode-1/data/ratis/992a3d63-5098-4063-8972-1edc2c945af1 does not exist. Creating ...
2019-10-01 21:47:50,131 [pool-403-thread-1] INFO  server.RaftServerConfigKeys (ConfUtils.java:logGet(43)) - raft.server.rpc.timeout.min = 5s (custom)
2019-10-01 21:47:50,131 [pool-383-thread-1] INFO  server.RaftServerConfigKeys (ConfUtils.java:logGet(43)) - raft.server.sleep.deviation.threshold = 300 (default)
2019-10-01 21:47:50,132 [pool-403-thread-1] INFO  server.RaftServerConfigKeys (ConfUtils.java:logGet(43)) - raft.server.rpc.timeout.max = 5200ms (custom)
2019-10-01 21:47:50,132 [pool-383-thread-1] INFO  server.RaftServerConfigKeys (ConfUtils.java:logGet(43)) - raft.server.log.appender.install.snapshot.enabled = false (custom)
2019-10-01 21:47:50,132 [pool-403-thread-1] INFO  server.RaftServerConfigKeys (ConfUtils.java:logGet(43)) - raft.server.rpcslowness.timeout = 120s (custom)
2019-10-01 21:47:50,132 [pool-383-thread-1] INFO  impl.RaftServerImpl (ServerState.java:<init>(103)) - e977b856-88e3-402d-84c7-815713779e4f@group-1EDC2C945AF1: ConfigurationManager, init=-1: [1fb700a2-c1d5-42e7-b86a-b29cde3bbecf:192.168.157.248:38564, 74ad5ab1-f2eb-4d98-8d08-675a65c2e4fe:192.168.157.248:34673, e977b856-88e3-402d-84c7-815713779e4f:192.168.157.248:37799], old=null, confs=<EMPTY_MAP>
2019-10-01 21:47:50,132 [pool-403-thread-1] INFO  server.RaftServerConfigKeys (ConfUtils.java:logGet(43)) - raft.server.sleep.deviation.threshold = 300 (default)
2019-10-01 21:47:50,132 [pool-383-thread-1] INFO  server.RaftServerConfigKeys (ConfUtils.java:logGet(43)) - raft.server.storage.dir = [/workdir/hadoop-ozone/integration-test/target/test-dir/MiniOzoneClusterImpl-caa61c93-f07a-48d8-a406-3e32b7adb6b2/datanode-0/data/ratis] (custom)
2019-10-01 21:47:50,132 [pool-403-thread-1] INFO  server.RaftServerConfigKeys (ConfUtils.java:logGet(43)) - raft.server.log.appender.install.snapshot.enabled = false (custom)
2019-10-01 21:47:50,133 [pool-383-thread-1] INFO  server.RaftServerConfigKeys (ConfUtils.java:logGet(43)) - raft.server.log.corruption.policy = EXCEPTION (default)
2019-10-01 21:47:50,133 [pool-403-thread-1] INFO  impl.RaftServerImpl (ServerState.java:<init>(103)) - 74ad5ab1-f2eb-4d98-8d08-675a65c2e4fe@group-1EDC2C945AF1: ConfigurationManager, init=-1: [1fb700a2-c1d5-42e7-b86a-b29cde3bbecf:192.168.157.248:38564, 74ad5ab1-f2eb-4d98-8d08-675a65c2e4fe:192.168.157.248:34673, e977b856-88e3-402d-84c7-815713779e4f:192.168.157.248:37799], old=null, confs=<EMPTY_MAP>
2019-10-01 21:47:50,133 [pool-383-thread-1] INFO  storage.RaftStorageDirectory (RaftStorageDirectory.java:analyzeStorage(246)) - The storage directory /workdir/hadoop-ozone/integration-test/target/test-dir/MiniOzoneClusterImpl-caa61c93-f07a-48d8-a406-3e32b7adb6b2/datanode-0/data/ratis/992a3d63-5098-4063-8972-1edc2c945af1 does not exist. Creating ...
2019-10-01 21:47:50,133 [pool-403-thread-1] INFO  server.RaftServerConfigKeys (ConfUtils.java:logGet(43)) - raft.server.storage.dir = [/workdir/hadoop-ozone/integration-test/target/test-dir/MiniOzoneClusterImpl-caa61c93-f07a-48d8-a406-3e32b7adb6b2/datanode-2/data/ratis] (custom)
2019-10-01 21:47:50,134 [pool-403-thread-1] INFO  server.RaftServerConfigKeys (ConfUtils.java:logGet(43)) - raft.server.log.corruption.policy = EXCEPTION (default)
2019-10-01 21:47:50,134 [pool-403-thread-1] INFO  storage.RaftStorageDirectory (RaftStorageDirectory.java:analyzeStorage(246)) - The storage directory /workdir/hadoop-ozone/integration-test/target/test-dir/MiniOzoneClusterImpl-caa61c93-f07a-48d8-a406-3e32b7adb6b2/datanode-2/data/ratis/992a3d63-5098-4063-8972-1edc2c945af1 does not exist. Creating ...
2019-10-01 21:47:50,134 [pool-393-thread-1] INFO  storage.RaftStorageDirectory (RaftStorageDirectory.java:tryLock(328)) - Lock on /workdir/hadoop-ozone/integration-test/target/test-dir/MiniOzoneClusterImpl-caa61c93-f07a-48d8-a406-3e32b7adb6b2/datanode-1/data/ratis/992a3d63-5098-4063-8972-1edc2c945af1/in_use.lock acquired by nodename 4401@pr-hdds-2225-v7c79-4183396186
2019-10-01 21:47:50,137 [pool-403-thread-1] INFO  storage.RaftStorageDirectory (RaftStorageDirectory.java:tryLock(328)) - Lock on /workdir/hadoop-ozone/integration-test/target/test-dir/MiniOzoneClusterImpl-caa61c93-f07a-48d8-a406-3e32b7adb6b2/datanode-2/data/ratis/992a3d63-5098-4063-8972-1edc2c945af1/in_use.lock acquired by nodename 4401@pr-hdds-2225-v7c79-4183396186
2019-10-01 21:47:50,138 [pool-393-thread-1] INFO  storage.RaftStorage (RaftStorage.java:format(84)) - Storage directory /workdir/hadoop-ozone/integration-test/target/test-dir/MiniOzoneClusterImpl-caa61c93-f07a-48d8-a406-3e32b7adb6b2/datanode-1/data/ratis/992a3d63-5098-4063-8972-1edc2c945af1 has been successfully formatted.
2019-10-01 21:47:50,137 [pool-383-thread-1] INFO  storage.RaftStorageDirectory (RaftStorageDirectory.java:tryLock(328)) - Lock on /workdir/hadoop-ozone/integration-test/target/test-dir/MiniOzoneClusterImpl-caa61c93-f07a-48d8-a406-3e32b7adb6b2/datanode-0/data/ratis/992a3d63-5098-4063-8972-1edc2c945af1/in_use.lock acquired by nodename 4401@pr-hdds-2225-v7c79-4183396186
2019-10-01 21:47:50,138 [pool-393-thread-1] INFO  ratis.ContainerStateMachine (ContainerStateMachine.java:loadSnapshot(230)) - group-1EDC2C945AF1: The snapshot info is null. Setting the last applied indexto:(t:0, i:~)
2019-10-01 21:47:50,138 [pool-393-thread-1] INFO  server.RaftServerConfigKeys (ConfUtils.java:logGet(43)) - raft.server.notification.no-leader.timeout = 120s (custom)
2019-10-01 21:47:50,138 [pool-393-thread-1] INFO  server.RaftServerConfigKeys (ConfUtils.java:logGet(43)) - raft.server.log.use.memory = false (default)
2019-10-01 21:47:50,138 [pool-393-thread-1] INFO  server.RaftServerConfigKeys (ConfUtils.java:logGet(43)) - raft.server.log.purge.gap = 1000000 (custom)
2019-10-01 21:47:50,139 [pool-393-thread-1] INFO  server.RaftServerConfigKeys (ConfUtils.java:logGet(43)) - raft.server.log.appender.buffer.byte-limit = 33554432 (custom)
2019-10-01 21:47:50,139 [pool-393-thread-1] INFO  server.RaftServerConfigKeys (ConfUtils.java:logGet(43)) - raft.server.log.segment.size.max = 1048576 (custom)
2019-10-01 21:47:50,139 [pool-393-thread-1] INFO  server.RaftServerConfigKeys (ConfUtils.java:logGet(43)) - raft.server.log.segment.cache.num.max = 2 (custom)
2019-10-01 21:47:50,139 [pool-393-thread-1] INFO  segmented.SegmentedRaftLogWorker (SegmentedRaftLogWorker.java:<init>(173)) - new 1fb700a2-c1d5-42e7-b86a-b29cde3bbecf@group-1EDC2C945AF1-SegmentedRaftLogWorker for RaftStorage:Storage Directory /workdir/hadoop-ozone/integration-test/target/test-dir/MiniOzoneClusterImpl-caa61c93-f07a-48d8-a406-3e32b7adb6b2/datanode-1/data/ratis/992a3d63-5098-4063-8972-1edc2c945af1
2019-10-01 21:47:50,139 [pool-393-thread-1] INFO  server.RaftServerConfigKeys (ConfUtils.java:logGet(43)) - raft.server.log.queue.byte-limit = 2147483647 (custom)
2019-10-01 21:47:50,139 [pool-393-thread-1] INFO  server.RaftServerConfigKeys (ConfUtils.java:logGet(43)) - raft.server.log.queue.element-limit = 1024 (custom)
2019-10-01 21:47:50,140 [pool-393-thread-1] INFO  server.RaftServerConfigKeys (ConfUtils.java:logGet(43)) - raft.server.log.segment.size.max = 1048576 (custom)
2019-10-01 21:47:50,140 [pool-393-thread-1] INFO  server.RaftServerConfigKeys (ConfUtils.java:logGet(43)) - raft.server.log.preallocated.size = 16384 (custom)
2019-10-01 21:47:50,140 [pool-393-thread-1] INFO  server.RaftServerConfigKeys (ConfUtils.java:logGet(43)) - raft.server.log.write.buffer.size = 33554432 (custom)
2019-10-01 21:47:50,140 [pool-393-thread-1] INFO  server.RaftServerConfigKeys (ConfUtils.java:logGet(43)) - raft.server.log.force.sync.num = 128 (default)
2019-10-01 21:47:50,140 [pool-393-thread-1] INFO  server.RaftServerConfigKeys (ConfUtils.java:logGet(43)) - raft.server.log.statemachine.data.sync = true (default)
2019-10-01 21:47:50,140 [pool-393-thread-1] INFO  server.RaftServerConfigKeys (ConfUtils.java:logGet(43)) - raft.server.log.statemachine.data.sync.timeout = 10s (default)
2019-10-01 21:47:50,140 [pool-393-thread-1] INFO  server.RaftServerConfigKeys (ConfUtils.java:logGet(43)) - raft.server.log.statemachine.data.sync.timeout.retry = -1 (default)
2019-10-01 21:47:50,141 [pool-393-thread-1] INFO  server.RaftServerConfigKeys (ConfUtils.java:logGet(43)) - raft.server.log.statemachine.data.caching.enabled = true (custom)
2019-10-01 21:47:50,141 [pool-393-thread-1] INFO  segmented.SegmentedRaftLogWorker (SegmentedRaftLogWorker.java:lambda$new$0(128)) - 1fb700a2-c1d5-42e7-b86a-b29cde3bbecf@group-1EDC2C945AF1-SegmentedRaftLogWorker: flushIndex: setUnconditionally 0 -> -1
2019-10-01 21:47:50,141 [pool-393-thread-1] INFO  server.RaftServerConfigKeys (ConfUtils.java:logGet(43)) - raft.server.snapshot.auto.trigger.enabled = true (custom)
2019-10-01 21:47:50,141 [pool-393-thread-1] INFO  server.RaftServerConfigKeys (ConfUtils.java:logGet(43)) - raft.server.snapshot.auto.trigger.threshold = 10000 (custom)
2019-10-01 21:47:50,141 [pool-393-thread-1] INFO  server.RaftServerConfigKeys (ConfUtils.java:logGet(43)) - raft.server.snapshot.retention.file.num = 5 (custom)
2019-10-01 21:47:50,142 [pool-393-thread-1] INFO  server.RaftServerConfigKeys (ConfUtils.java:logGet(43)) - raft.server.retrycache.expirytime = 600000ms (custom)
2019-10-01 21:47:50,143 [pool-393-thread-1] INFO  impl.RaftServerImpl (RaftServerImpl.java:start(181)) - 1fb700a2-c1d5-42e7-b86a-b29cde3bbecf@group-1EDC2C945AF1: start as a follower, conf=-1: [1fb700a2-c1d5-42e7-b86a-b29cde3bbecf:192.168.157.248:38564, 74ad5ab1-f2eb-4d98-8d08-675a65c2e4fe:192.168.157.248:34673, e977b856-88e3-402d-84c7-815713779e4f:192.168.157.248:37799], old=null
2019-10-01 21:47:50,144 [pool-393-thread-1] INFO  impl.RaftServerImpl (RaftServerImpl.java:setRole(170)) - 1fb700a2-c1d5-42e7-b86a-b29cde3bbecf@group-1EDC2C945AF1: changes role from      null to FOLLOWER at term 0 for startAsFollower
2019-10-01 21:47:50,144 [pool-393-thread-1] INFO  impl.RoleInfo (RoleInfo.java:updateAndGet(143)) - 1fb700a2-c1d5-42e7-b86a-b29cde3bbecf: start FollowerState
2019-10-01 21:47:50,144 [pool-393-thread-1] INFO  util.JmxRegister (JmxRegister.java:tryRegister(44)) - Successfully registered JMX Bean with object name Ratis:service=RaftServer,group=group-1EDC2C945AF1,id=1fb700a2-c1d5-42e7-b86a-b29cde3bbecf
2019-10-01 21:47:50,150 [pool-403-thread-1] INFO  storage.RaftStorage (RaftStorage.java:format(84)) - Storage directory /workdir/hadoop-ozone/integration-test/target/test-dir/MiniOzoneClusterImpl-caa61c93-f07a-48d8-a406-3e32b7adb6b2/datanode-2/data/ratis/992a3d63-5098-4063-8972-1edc2c945af1 has been successfully formatted.
2019-10-01 21:47:50,150 [pool-383-thread-1] INFO  storage.RaftStorage (RaftStorage.java:format(84)) - Storage directory /workdir/hadoop-ozone/integration-test/target/test-dir/MiniOzoneClusterImpl-caa61c93-f07a-48d8-a406-3e32b7adb6b2/datanode-0/data/ratis/992a3d63-5098-4063-8972-1edc2c945af1 has been successfully formatted.
2019-10-01 21:47:50,150 [pool-403-thread-1] INFO  ratis.ContainerStateMachine (ContainerStateMachine.java:loadSnapshot(230)) - group-1EDC2C945AF1: The snapshot info is null. Setting the last applied indexto:(t:0, i:~)
2019-10-01 21:47:50,150 [pool-383-thread-1] INFO  ratis.ContainerStateMachine (ContainerStateMachine.java:loadSnapshot(230)) - group-1EDC2C945AF1: The snapshot info is null. Setting the last applied indexto:(t:0, i:~)
2019-10-01 21:47:50,150 [pool-403-thread-1] INFO  server.RaftServerConfigKeys (ConfUtils.java:logGet(43)) - raft.server.notification.no-leader.timeout = 120s (custom)
2019-10-01 21:47:50,150 [pool-383-thread-1] INFO  server.RaftServerConfigKeys (ConfUtils.java:logGet(43)) - raft.server.notification.no-leader.timeout = 120s (custom)
2019-10-01 21:47:50,150 [pool-403-thread-1] INFO  server.RaftServerConfigKeys (ConfUtils.java:logGet(43)) - raft.server.log.use.memory = false (default)
2019-10-01 21:47:50,151 [pool-383-thread-1] INFO  server.RaftServerConfigKeys (ConfUtils.java:logGet(43)) - raft.server.log.use.memory = false (default)
2019-10-01 21:47:50,151 [pool-403-thread-1] INFO  server.RaftServerConfigKeys (ConfUtils.java:logGet(43)) - raft.server.log.purge.gap = 1000000 (custom)
2019-10-01 21:47:50,151 [pool-383-thread-1] INFO  server.RaftServerConfigKeys (ConfUtils.java:logGet(43)) - raft.server.log.purge.gap = 1000000 (custom)
2019-10-01 21:47:50,151 [pool-403-thread-1] INFO  server.RaftServerConfigKeys (ConfUtils.java:logGet(43)) - raft.server.log.appender.buffer.byte-limit = 33554432 (custom)
2019-10-01 21:47:50,151 [pool-383-thread-1] INFO  server.RaftServerConfigKeys (ConfUtils.java:logGet(43)) - raft.server.log.appender.buffer.byte-limit = 33554432 (custom)
2019-10-01 21:47:50,151 [pool-403-thread-1] INFO  server.RaftServerConfigKeys (ConfUtils.java:logGet(43)) - raft.server.log.segment.size.max = 1048576 (custom)
2019-10-01 21:47:50,151 [pool-383-thread-1] INFO  server.RaftServerConfigKeys (ConfUtils.java:logGet(43)) - raft.server.log.segment.size.max = 1048576 (custom)
2019-10-01 21:47:50,152 [pool-403-thread-1] INFO  server.RaftServerConfigKeys (ConfUtils.java:logGet(43)) - raft.server.log.segment.cache.num.max = 2 (custom)
2019-10-01 21:47:50,152 [pool-383-thread-1] INFO  server.RaftServerConfigKeys (ConfUtils.java:logGet(43)) - raft.server.log.segment.cache.num.max = 2 (custom)
2019-10-01 21:47:50,152 [pool-403-thread-1] INFO  segmented.SegmentedRaftLogWorker (SegmentedRaftLogWorker.java:<init>(173)) - new 74ad5ab1-f2eb-4d98-8d08-675a65c2e4fe@group-1EDC2C945AF1-SegmentedRaftLogWorker for RaftStorage:Storage Directory /workdir/hadoop-ozone/integration-test/target/test-dir/MiniOzoneClusterImpl-caa61c93-f07a-48d8-a406-3e32b7adb6b2/datanode-2/data/ratis/992a3d63-5098-4063-8972-1edc2c945af1
2019-10-01 21:47:50,152 [pool-383-thread-1] INFO  segmented.SegmentedRaftLogWorker (SegmentedRaftLogWorker.java:<init>(173)) - new e977b856-88e3-402d-84c7-815713779e4f@group-1EDC2C945AF1-SegmentedRaftLogWorker for RaftStorage:Storage Directory /workdir/hadoop-ozone/integration-test/target/test-dir/MiniOzoneClusterImpl-caa61c93-f07a-48d8-a406-3e32b7adb6b2/datanode-0/data/ratis/992a3d63-5098-4063-8972-1edc2c945af1
2019-10-01 21:47:50,152 [pool-403-thread-1] INFO  server.RaftServerConfigKeys (ConfUtils.java:logGet(43)) - raft.server.log.queue.byte-limit = 2147483647 (custom)
2019-10-01 21:47:50,152 [pool-383-thread-1] INFO  server.RaftServerConfigKeys (ConfUtils.java:logGet(43)) - raft.server.log.queue.byte-limit = 2147483647 (custom)
2019-10-01 21:47:50,152 [pool-403-thread-1] INFO  server.RaftServerConfigKeys (ConfUtils.java:logGet(43)) - raft.server.log.queue.element-limit = 1024 (custom)
2019-10-01 21:47:50,153 [pool-383-thread-1] INFO  server.RaftServerConfigKeys (ConfUtils.java:logGet(43)) - raft.server.log.queue.element-limit = 1024 (custom)
2019-10-01 21:47:50,153 [pool-403-thread-1] INFO  server.RaftServerConfigKeys (ConfUtils.java:logGet(43)) - raft.server.log.segment.size.max = 1048576 (custom)
2019-10-01 21:47:50,153 [pool-383-thread-1] INFO  server.RaftServerConfigKeys (ConfUtils.java:logGet(43)) - raft.server.log.segment.size.max = 1048576 (custom)
2019-10-01 21:47:50,153 [pool-403-thread-1] INFO  server.RaftServerConfigKeys (ConfUtils.java:logGet(43)) - raft.server.log.preallocated.size = 16384 (custom)
2019-10-01 21:47:50,153 [pool-383-thread-1] INFO  server.RaftServerConfigKeys (ConfUtils.java:logGet(43)) - raft.server.log.preallocated.size = 16384 (custom)
2019-10-01 21:47:50,153 [pool-403-thread-1] INFO  server.RaftServerConfigKeys (ConfUtils.java:logGet(43)) - raft.server.log.write.buffer.size = 33554432 (custom)
2019-10-01 21:47:50,153 [pool-383-thread-1] INFO  server.RaftServerConfigKeys (ConfUtils.java:logGet(43)) - raft.server.log.write.buffer.size = 33554432 (custom)
2019-10-01 21:47:50,154 [pool-403-thread-1] INFO  server.RaftServerConfigKeys (ConfUtils.java:logGet(43)) - raft.server.log.force.sync.num = 128 (default)
2019-10-01 21:47:50,154 [pool-383-thread-1] INFO  server.RaftServerConfigKeys (ConfUtils.java:logGet(43)) - raft.server.log.force.sync.num = 128 (default)
2019-10-01 21:47:50,154 [pool-403-thread-1] INFO  server.RaftServerConfigKeys (ConfUtils.java:logGet(43)) - raft.server.log.statemachine.data.sync = true (default)
2019-10-01 21:47:50,154 [pool-383-thread-1] INFO  server.RaftServerConfigKeys (ConfUtils.java:logGet(43)) - raft.server.log.statemachine.data.sync = true (default)
2019-10-01 21:47:50,154 [pool-403-thread-1] INFO  server.RaftServerConfigKeys (ConfUtils.java:logGet(43)) - raft.server.log.statemachine.data.sync.timeout = 10s (default)
2019-10-01 21:47:50,154 [pool-383-thread-1] INFO  server.RaftServerConfigKeys (ConfUtils.java:logGet(43)) - raft.server.log.statemachine.data.sync.timeout = 10s (default)
2019-10-01 21:47:50,154 [pool-403-thread-1] INFO  server.RaftServerConfigKeys (ConfUtils.java:logGet(43)) - raft.server.log.statemachine.data.sync.timeout.retry = -1 (default)
2019-10-01 21:47:50,155 [pool-383-thread-1] INFO  server.RaftServerConfigKeys (ConfUtils.java:logGet(43)) - raft.server.log.statemachine.data.sync.timeout.retry = -1 (default)
2019-10-01 21:47:50,155 [pool-403-thread-1] INFO  server.RaftServerConfigKeys (ConfUtils.java:logGet(43)) - raft.server.log.statemachine.data.caching.enabled = true (custom)
2019-10-01 21:47:50,155 [pool-383-thread-1] INFO  server.RaftServerConfigKeys (ConfUtils.java:logGet(43)) - raft.server.log.statemachine.data.caching.enabled = true (custom)
2019-10-01 21:47:50,155 [pool-403-thread-1] INFO  segmented.SegmentedRaftLogWorker (SegmentedRaftLogWorker.java:lambda$new$0(128)) - 74ad5ab1-f2eb-4d98-8d08-675a65c2e4fe@group-1EDC2C945AF1-SegmentedRaftLogWorker: flushIndex: setUnconditionally 0 -> -1
2019-10-01 21:47:50,155 [pool-383-thread-1] INFO  segmented.SegmentedRaftLogWorker (SegmentedRaftLogWorker.java:lambda$new$0(128)) - e977b856-88e3-402d-84c7-815713779e4f@group-1EDC2C945AF1-SegmentedRaftLogWorker: flushIndex: setUnconditionally 0 -> -1
2019-10-01 21:47:50,155 [pool-403-thread-1] INFO  server.RaftServerConfigKeys (ConfUtils.java:logGet(43)) - raft.server.snapshot.auto.trigger.enabled = true (custom)
2019-10-01 21:47:50,156 [pool-403-thread-1] INFO  server.RaftServerConfigKeys (ConfUtils.java:logGet(43)) - raft.server.snapshot.auto.trigger.threshold = 10000 (custom)
2019-10-01 21:47:50,156 [pool-383-thread-1] INFO  server.RaftServerConfigKeys (ConfUtils.java:logGet(43)) - raft.server.snapshot.auto.trigger.enabled = true (custom)
2019-10-01 21:47:50,156 [pool-403-thread-1] INFO  server.RaftServerConfigKeys (ConfUtils.java:logGet(43)) - raft.server.snapshot.retention.file.num = 5 (custom)
2019-10-01 21:47:50,156 [pool-383-thread-1] INFO  server.RaftServerConfigKeys (ConfUtils.java:logGet(43)) - raft.server.snapshot.auto.trigger.threshold = 10000 (custom)
2019-10-01 21:47:50,156 [pool-403-thread-1] INFO  server.RaftServerConfigKeys (ConfUtils.java:logGet(43)) - raft.server.retrycache.expirytime = 600000ms (custom)
2019-10-01 21:47:50,156 [pool-383-thread-1] INFO  server.RaftServerConfigKeys (ConfUtils.java:logGet(43)) - raft.server.snapshot.retention.file.num = 5 (custom)
2019-10-01 21:47:50,156 [pool-383-thread-1] INFO  server.RaftServerConfigKeys (ConfUtils.java:logGet(43)) - raft.server.retrycache.expirytime = 600000ms (custom)
2019-10-01 21:47:50,159 [pool-403-thread-1] INFO  impl.RaftServerImpl (RaftServerImpl.java:start(181)) - 74ad5ab1-f2eb-4d98-8d08-675a65c2e4fe@group-1EDC2C945AF1: start as a follower, conf=-1: [1fb700a2-c1d5-42e7-b86a-b29cde3bbecf:192.168.157.248:38564, 74ad5ab1-f2eb-4d98-8d08-675a65c2e4fe:192.168.157.248:34673, e977b856-88e3-402d-84c7-815713779e4f:192.168.157.248:37799], old=null
2019-10-01 21:47:50,159 [pool-403-thread-1] INFO  impl.RaftServerImpl (RaftServerImpl.java:setRole(170)) - 74ad5ab1-f2eb-4d98-8d08-675a65c2e4fe@group-1EDC2C945AF1: changes role from      null to FOLLOWER at term 0 for startAsFollower
2019-10-01 21:47:50,159 [pool-403-thread-1] INFO  impl.RoleInfo (RoleInfo.java:updateAndGet(143)) - 74ad5ab1-f2eb-4d98-8d08-675a65c2e4fe: start FollowerState
2019-10-01 21:47:50,159 [pool-383-thread-1] INFO  impl.RaftServerImpl (RaftServerImpl.java:start(181)) - e977b856-88e3-402d-84c7-815713779e4f@group-1EDC2C945AF1: start as a follower, conf=-1: [1fb700a2-c1d5-42e7-b86a-b29cde3bbecf:192.168.157.248:38564, 74ad5ab1-f2eb-4d98-8d08-675a65c2e4fe:192.168.157.248:34673, e977b856-88e3-402d-84c7-815713779e4f:192.168.157.248:37799], old=null
2019-10-01 21:47:50,159 [pool-383-thread-1] INFO  impl.RaftServerImpl (RaftServerImpl.java:setRole(170)) - e977b856-88e3-402d-84c7-815713779e4f@group-1EDC2C945AF1: changes role from      null to FOLLOWER at term 0 for startAsFollower
2019-10-01 21:47:50,159 [pool-403-thread-1] INFO  util.JmxRegister (JmxRegister.java:tryRegister(44)) - Successfully registered JMX Bean with object name Ratis:service=RaftServer,group=group-1EDC2C945AF1,id=74ad5ab1-f2eb-4d98-8d08-675a65c2e4fe
2019-10-01 21:47:50,160 [pool-383-thread-1] INFO  impl.RoleInfo (RoleInfo.java:updateAndGet(143)) - e977b856-88e3-402d-84c7-815713779e4f: start FollowerState
2019-10-01 21:47:50,160 [pool-383-thread-1] INFO  util.JmxRegister (JmxRegister.java:tryRegister(44)) - Successfully registered JMX Bean with object name Ratis:service=RaftServer,group=group-1EDC2C945AF1,id=e977b856-88e3-402d-84c7-815713779e4f
2019-10-01 21:47:50,165 [RatisPipelineUtilsThread] INFO  pipeline.PipelineStateManager (PipelineStateManager.java:addPipeline(56)) - Created pipeline Pipeline[ Id: 992a3d63-5098-4063-8972-1edc2c945af1, Nodes: 74ad5ab1-f2eb-4d98-8d08-675a65c2e4fe{ip: 192.168.157.248, host: pr-hdds-2225-v7c79-4183396186, networkLocation: /default-rack, certSerialId: null}1fb700a2-c1d5-42e7-b86a-b29cde3bbecf{ip: 192.168.157.248, host: pr-hdds-2225-v7c79-4183396186, networkLocation: /default-rack, certSerialId: null}e977b856-88e3-402d-84c7-815713779e4f{ip: 192.168.157.248, host: pr-hdds-2225-v7c79-4183396186, networkLocation: /default-rack, certSerialId: null}, Type:RATIS, Factor:THREE, State:OPEN]
2019-10-01 21:47:50,170 [IPC Server handler 6 on 44773] INFO  net.NetworkTopology (NetworkTopologyImpl.java:add(111)) - Added a new node: /default-rack/53bea610-752a-4324-ade7-ce94ca4e0b4e
2019-10-01 21:47:50,170 [IPC Server handler 6 on 44773] INFO  node.SCMNodeManager (SCMNodeManager.java:register(266)) - Registered Data node : 53bea610-752a-4324-ade7-ce94ca4e0b4e{ip: 192.168.157.248, host: pr-hdds-2225-v7c79-4183396186, networkLocation: /default-rack, certSerialId: null}
2019-10-01 21:47:50,178 [grpc-default-executor-8] INFO  impl.RaftServerProxy (RaftServerProxy.java:addNew(89)) - 53bea610-752a-4324-ade7-ce94ca4e0b4e: addNew group-81331BF82ACD:[53bea610-752a-4324-ade7-ce94ca4e0b4e:192.168.157.248:45768] returns group-81331BF82ACD:java.util.concurrent.CompletableFuture@5342432[Not completed]
2019-10-01 21:47:50,184 [pool-413-thread-1] INFO  impl.RaftServerImpl (RaftServerImpl.java:<init>(95)) - 53bea610-752a-4324-ade7-ce94ca4e0b4e: new RaftServerImpl for group-81331BF82ACD:[53bea610-752a-4324-ade7-ce94ca4e0b4e:192.168.157.248:45768] with ContainerStateMachine:uninitialized
2019-10-01 21:47:50,184 [pool-413-thread-1] INFO  server.RaftServerConfigKeys (ConfUtils.java:logGet(43)) - raft.server.rpc.timeout.min = 5s (custom)
2019-10-01 21:47:50,184 [pool-413-thread-1] INFO  server.RaftServerConfigKeys (ConfUtils.java:logGet(43)) - raft.server.rpc.timeout.max = 5200ms (custom)
2019-10-01 21:47:50,184 [pool-413-thread-1] INFO  server.RaftServerConfigKeys (ConfUtils.java:logGet(43)) - raft.server.rpcslowness.timeout = 120s (custom)
2019-10-01 21:47:50,184 [pool-413-thread-1] INFO  server.RaftServerConfigKeys (ConfUtils.java:logGet(43)) - raft.server.sleep.deviation.threshold = 300 (default)
2019-10-01 21:47:50,184 [pool-413-thread-1] INFO  server.RaftServerConfigKeys (ConfUtils.java:logGet(43)) - raft.server.log.appender.install.snapshot.enabled = false (custom)
2019-10-01 21:47:50,185 [pool-413-thread-1] INFO  impl.RaftServerImpl (ServerState.java:<init>(103)) - 53bea610-752a-4324-ade7-ce94ca4e0b4e@group-81331BF82ACD: ConfigurationManager, init=-1: [53bea610-752a-4324-ade7-ce94ca4e0b4e:192.168.157.248:45768], old=null, confs=<EMPTY_MAP>
2019-10-01 21:47:50,185 [pool-413-thread-1] INFO  server.RaftServerConfigKeys (ConfUtils.java:logGet(43)) - raft.server.storage.dir = [/workdir/hadoop-ozone/integration-test/target/test-dir/MiniOzoneClusterImpl-caa61c93-f07a-48d8-a406-3e32b7adb6b2/datanode-3/data/ratis] (custom)
2019-10-01 21:47:50,185 [pool-413-thread-1] INFO  server.RaftServerConfigKeys (ConfUtils.java:logGet(43)) - raft.server.log.corruption.policy = EXCEPTION (default)
2019-10-01 21:47:50,185 [pool-413-thread-1] INFO  storage.RaftStorageDirectory (RaftStorageDirectory.java:analyzeStorage(246)) - The storage directory /workdir/hadoop-ozone/integration-test/target/test-dir/MiniOzoneClusterImpl-caa61c93-f07a-48d8-a406-3e32b7adb6b2/datanode-3/data/ratis/3cba9417-e74a-463d-8567-81331bf82acd does not exist. Creating ...
2019-10-01 21:47:50,197 [pool-413-thread-1] INFO  storage.RaftStorageDirectory (RaftStorageDirectory.java:tryLock(328)) - Lock on /workdir/hadoop-ozone/integration-test/target/test-dir/MiniOzoneClusterImpl-caa61c93-f07a-48d8-a406-3e32b7adb6b2/datanode-3/data/ratis/3cba9417-e74a-463d-8567-81331bf82acd/in_use.lock acquired by nodename 4401@pr-hdds-2225-v7c79-4183396186
2019-10-01 21:47:50,223 [pool-413-thread-1] INFO  storage.RaftStorage (RaftStorage.java:format(84)) - Storage directory /workdir/hadoop-ozone/integration-test/target/test-dir/MiniOzoneClusterImpl-caa61c93-f07a-48d8-a406-3e32b7adb6b2/datanode-3/data/ratis/3cba9417-e74a-463d-8567-81331bf82acd has been successfully formatted.
2019-10-01 21:47:50,224 [pool-413-thread-1] INFO  ratis.ContainerStateMachine (ContainerStateMachine.java:loadSnapshot(230)) - group-81331BF82ACD: The snapshot info is null. Setting the last applied indexto:(t:0, i:~)
2019-10-01 21:47:50,224 [pool-413-thread-1] INFO  server.RaftServerConfigKeys (ConfUtils.java:logGet(43)) - raft.server.notification.no-leader.timeout = 120s (custom)
2019-10-01 21:47:50,225 [pool-413-thread-1] INFO  server.RaftServerConfigKeys (ConfUtils.java:logGet(43)) - raft.server.log.use.memory = false (default)
2019-10-01 21:47:50,225 [pool-413-thread-1] INFO  server.RaftServerConfigKeys (ConfUtils.java:logGet(43)) - raft.server.log.purge.gap = 1000000 (custom)
2019-10-01 21:47:50,225 [pool-413-thread-1] INFO  server.RaftServerConfigKeys (ConfUtils.java:logGet(43)) - raft.server.log.appender.buffer.byte-limit = 33554432 (custom)
2019-10-01 21:47:50,225 [pool-413-thread-1] INFO  server.RaftServerConfigKeys (ConfUtils.java:logGet(43)) - raft.server.log.segment.size.max = 1048576 (custom)
2019-10-01 21:47:50,227 [pool-413-thread-1] INFO  server.RaftServerConfigKeys (ConfUtils.java:logGet(43)) - raft.server.log.segment.cache.num.max = 2 (custom)
2019-10-01 21:47:50,227 [pool-413-thread-1] INFO  segmented.SegmentedRaftLogWorker (SegmentedRaftLogWorker.java:<init>(173)) - new 53bea610-752a-4324-ade7-ce94ca4e0b4e@group-81331BF82ACD-SegmentedRaftLogWorker for RaftStorage:Storage Directory /workdir/hadoop-ozone/integration-test/target/test-dir/MiniOzoneClusterImpl-caa61c93-f07a-48d8-a406-3e32b7adb6b2/datanode-3/data/ratis/3cba9417-e74a-463d-8567-81331bf82acd
2019-10-01 21:47:50,227 [pool-413-thread-1] INFO  server.RaftServerConfigKeys (ConfUtils.java:logGet(43)) - raft.server.log.queue.byte-limit = 2147483647 (custom)
2019-10-01 21:47:50,227 [pool-413-thread-1] INFO  server.RaftServerConfigKeys (ConfUtils.java:logGet(43)) - raft.server.log.queue.element-limit = 1024 (custom)
2019-10-01 21:47:50,227 [pool-413-thread-1] INFO  server.RaftServerConfigKeys (ConfUtils.java:logGet(43)) - raft.server.log.segment.size.max = 1048576 (custom)
2019-10-01 21:47:50,227 [pool-413-thread-1] INFO  server.RaftServerConfigKeys (ConfUtils.java:logGet(43)) - raft.server.log.preallocated.size = 16384 (custom)
2019-10-01 21:47:50,227 [pool-413-thread-1] INFO  server.RaftServerConfigKeys (ConfUtils.java:logGet(43)) - raft.server.log.write.buffer.size = 33554432 (custom)
2019-10-01 21:47:50,228 [pool-413-thread-1] INFO  server.RaftServerConfigKeys (ConfUtils.java:logGet(43)) - raft.server.log.force.sync.num = 128 (default)
2019-10-01 21:47:50,228 [pool-413-thread-1] INFO  server.RaftServerConfigKeys (ConfUtils.java:logGet(43)) - raft.server.log.statemachine.data.sync = true (default)
2019-10-01 21:47:50,228 [pool-413-thread-1] INFO  server.RaftServerConfigKeys (ConfUtils.java:logGet(43)) - raft.server.log.statemachine.data.sync.timeout = 10s (default)
2019-10-01 21:47:50,228 [pool-413-thread-1] INFO  server.RaftServerConfigKeys (ConfUtils.java:logGet(43)) - raft.server.log.statemachine.data.sync.timeout.retry = -1 (default)
2019-10-01 21:47:50,228 [pool-413-thread-1] INFO  server.RaftServerConfigKeys (ConfUtils.java:logGet(43)) - raft.server.log.statemachine.data.caching.enabled = true (custom)
2019-10-01 21:47:50,229 [pool-413-thread-1] INFO  segmented.SegmentedRaftLogWorker (SegmentedRaftLogWorker.java:lambda$new$0(128)) - 53bea610-752a-4324-ade7-ce94ca4e0b4e@group-81331BF82ACD-SegmentedRaftLogWorker: flushIndex: setUnconditionally 0 -> -1
2019-10-01 21:47:50,229 [pool-413-thread-1] INFO  server.RaftServerConfigKeys (ConfUtils.java:logGet(43)) - raft.server.snapshot.auto.trigger.enabled = true (custom)
2019-10-01 21:47:50,229 [pool-413-thread-1] INFO  server.RaftServerConfigKeys (ConfUtils.java:logGet(43)) - raft.server.snapshot.auto.trigger.threshold = 10000 (custom)
2019-10-01 21:47:50,229 [pool-413-thread-1] INFO  server.RaftServerConfigKeys (ConfUtils.java:logGet(43)) - raft.server.snapshot.retention.file.num = 5 (custom)
2019-10-01 21:47:50,229 [pool-413-thread-1] INFO  server.RaftServerConfigKeys (ConfUtils.java:logGet(43)) - raft.server.retrycache.expirytime = 600000ms (custom)
2019-10-01 21:47:50,231 [pool-413-thread-1] INFO  impl.RaftServerImpl (RaftServerImpl.java:start(181)) - 53bea610-752a-4324-ade7-ce94ca4e0b4e@group-81331BF82ACD: start as a follower, conf=-1: [53bea610-752a-4324-ade7-ce94ca4e0b4e:192.168.157.248:45768], old=null
2019-10-01 21:47:50,231 [pool-413-thread-1] INFO  impl.RaftServerImpl (RaftServerImpl.java:setRole(170)) - 53bea610-752a-4324-ade7-ce94ca4e0b4e@group-81331BF82ACD: changes role from      null to FOLLOWER at term 0 for startAsFollower
2019-10-01 21:47:50,231 [pool-413-thread-1] INFO  impl.RoleInfo (RoleInfo.java:updateAndGet(143)) - 53bea610-752a-4324-ade7-ce94ca4e0b4e: start FollowerState
2019-10-01 21:47:50,231 [pool-413-thread-1] INFO  util.JmxRegister (JmxRegister.java:tryRegister(44)) - Successfully registered JMX Bean with object name Ratis:service=RaftServer,group=group-81331BF82ACD,id=53bea610-752a-4324-ade7-ce94ca4e0b4e
2019-10-01 21:47:50,235 [RatisPipelineUtilsThread] INFO  pipeline.PipelineStateManager (PipelineStateManager.java:addPipeline(56)) - Created pipeline Pipeline[ Id: 3cba9417-e74a-463d-8567-81331bf82acd, Nodes: 53bea610-752a-4324-ade7-ce94ca4e0b4e{ip: 192.168.157.248, host: pr-hdds-2225-v7c79-4183396186, networkLocation: /default-rack, certSerialId: null}, Type:RATIS, Factor:ONE, State:OPEN]
2019-10-01 21:47:50,270 [IPC Server handler 0 on 44773] INFO  net.NetworkTopology (NetworkTopologyImpl.java:add(111)) - Added a new node: /default-rack/3e32673e-84bf-47eb-adfc-d2729aaec3f7
2019-10-01 21:47:50,270 [IPC Server handler 0 on 44773] INFO  node.SCMNodeManager (SCMNodeManager.java:register(266)) - Registered Data node : 3e32673e-84bf-47eb-adfc-d2729aaec3f7{ip: 192.168.157.248, host: pr-hdds-2225-v7c79-4183396186, networkLocation: /default-rack, certSerialId: null}
2019-10-01 21:47:50,278 [grpc-default-executor-8] INFO  impl.RaftServerProxy (RaftServerProxy.java:addNew(89)) - 3e32673e-84bf-47eb-adfc-d2729aaec3f7: addNew group-3C5F78476644:[3e32673e-84bf-47eb-adfc-d2729aaec3f7:192.168.157.248:37299] returns group-3C5F78476644:java.util.concurrent.CompletableFuture@6e23c551[Not completed]
2019-10-01 21:47:50,279 [pool-423-thread-1] INFO  impl.RaftServerImpl (RaftServerImpl.java:<init>(95)) - 3e32673e-84bf-47eb-adfc-d2729aaec3f7: new RaftServerImpl for group-3C5F78476644:[3e32673e-84bf-47eb-adfc-d2729aaec3f7:192.168.157.248:37299] with ContainerStateMachine:uninitialized
2019-10-01 21:47:50,279 [pool-423-thread-1] INFO  server.RaftServerConfigKeys (ConfUtils.java:logGet(43)) - raft.server.rpc.timeout.min = 5s (custom)
2019-10-01 21:47:50,279 [pool-423-thread-1] INFO  server.RaftServerConfigKeys (ConfUtils.java:logGet(43)) - raft.server.rpc.timeout.max = 5200ms (custom)
2019-10-01 21:47:50,279 [pool-423-thread-1] INFO  server.RaftServerConfigKeys (ConfUtils.java:logGet(43)) - raft.server.rpcslowness.timeout = 120s (custom)
2019-10-01 21:47:50,279 [pool-423-thread-1] INFO  server.RaftServerConfigKeys (ConfUtils.java:logGet(43)) - raft.server.sleep.deviation.threshold = 300 (default)
2019-10-01 21:47:50,280 [pool-423-thread-1] INFO  server.RaftServerConfigKeys (ConfUtils.java:logGet(43)) - raft.server.log.appender.install.snapshot.enabled = false (custom)
2019-10-01 21:47:50,280 [pool-423-thread-1] INFO  impl.RaftServerImpl (ServerState.java:<init>(103)) - 3e32673e-84bf-47eb-adfc-d2729aaec3f7@group-3C5F78476644: ConfigurationManager, init=-1: [3e32673e-84bf-47eb-adfc-d2729aaec3f7:192.168.157.248:37299], old=null, confs=<EMPTY_MAP>
2019-10-01 21:47:50,280 [pool-423-thread-1] INFO  server.RaftServerConfigKeys (ConfUtils.java:logGet(43)) - raft.server.storage.dir = [/workdir/hadoop-ozone/integration-test/target/test-dir/MiniOzoneClusterImpl-caa61c93-f07a-48d8-a406-3e32b7adb6b2/datanode-4/data/ratis] (custom)
2019-10-01 21:47:50,280 [pool-423-thread-1] INFO  server.RaftServerConfigKeys (ConfUtils.java:logGet(43)) - raft.server.log.corruption.policy = EXCEPTION (default)
2019-10-01 21:47:50,280 [pool-423-thread-1] INFO  storage.RaftStorageDirectory (RaftStorageDirectory.java:analyzeStorage(246)) - The storage directory /workdir/hadoop-ozone/integration-test/target/test-dir/MiniOzoneClusterImpl-caa61c93-f07a-48d8-a406-3e32b7adb6b2/datanode-4/data/ratis/3ac63770-c1f0-4926-89c5-3c5f78476644 does not exist. Creating ...
2019-10-01 21:47:50,293 [pool-423-thread-1] INFO  storage.RaftStorageDirectory (RaftStorageDirectory.java:tryLock(328)) - Lock on /workdir/hadoop-ozone/integration-test/target/test-dir/MiniOzoneClusterImpl-caa61c93-f07a-48d8-a406-3e32b7adb6b2/datanode-4/data/ratis/3ac63770-c1f0-4926-89c5-3c5f78476644/in_use.lock acquired by nodename 4401@pr-hdds-2225-v7c79-4183396186
2019-10-01 21:47:50,307 [pool-423-thread-1] INFO  storage.RaftStorage (RaftStorage.java:format(84)) - Storage directory /workdir/hadoop-ozone/integration-test/target/test-dir/MiniOzoneClusterImpl-caa61c93-f07a-48d8-a406-3e32b7adb6b2/datanode-4/data/ratis/3ac63770-c1f0-4926-89c5-3c5f78476644 has been successfully formatted.
2019-10-01 21:47:50,307 [pool-423-thread-1] INFO  ratis.ContainerStateMachine (ContainerStateMachine.java:loadSnapshot(230)) - group-3C5F78476644: The snapshot info is null. Setting the last applied indexto:(t:0, i:~)
2019-10-01 21:47:50,307 [pool-423-thread-1] INFO  server.RaftServerConfigKeys (ConfUtils.java:logGet(43)) - raft.server.notification.no-leader.timeout = 120s (custom)
2019-10-01 21:47:50,307 [pool-423-thread-1] INFO  server.RaftServerConfigKeys (ConfUtils.java:logGet(43)) - raft.server.log.use.memory = false (default)
2019-10-01 21:47:50,307 [pool-423-thread-1] INFO  server.RaftServerConfigKeys (ConfUtils.java:logGet(43)) - raft.server.log.purge.gap = 1000000 (custom)
2019-10-01 21:47:50,307 [pool-423-thread-1] INFO  server.RaftServerConfigKeys (ConfUtils.java:logGet(43)) - raft.server.log.appender.buffer.byte-limit = 33554432 (custom)
2019-10-01 21:47:50,307 [pool-423-thread-1] INFO  server.RaftServerConfigKeys (ConfUtils.java:logGet(43)) - raft.server.log.segment.size.max = 1048576 (custom)
2019-10-01 21:47:50,309 [pool-423-thread-1] INFO  server.RaftServerConfigKeys (ConfUtils.java:logGet(43)) - raft.server.log.segment.cache.num.max = 2 (custom)
2019-10-01 21:47:50,309 [pool-423-thread-1] INFO  segmented.SegmentedRaftLogWorker (SegmentedRaftLogWorker.java:<init>(173)) - new 3e32673e-84bf-47eb-adfc-d2729aaec3f7@group-3C5F78476644-SegmentedRaftLogWorker for RaftStorage:Storage Directory /workdir/hadoop-ozone/integration-test/target/test-dir/MiniOzoneClusterImpl-caa61c93-f07a-48d8-a406-3e32b7adb6b2/datanode-4/data/ratis/3ac63770-c1f0-4926-89c5-3c5f78476644
2019-10-01 21:47:50,309 [pool-423-thread-1] INFO  server.RaftServerConfigKeys (ConfUtils.java:logGet(43)) - raft.server.log.queue.byte-limit = 2147483647 (custom)
2019-10-01 21:47:50,309 [pool-423-thread-1] INFO  server.RaftServerConfigKeys (ConfUtils.java:logGet(43)) - raft.server.log.queue.element-limit = 1024 (custom)
2019-10-01 21:47:50,310 [pool-423-thread-1] INFO  server.RaftServerConfigKeys (ConfUtils.java:logGet(43)) - raft.server.log.segment.size.max = 1048576 (custom)
2019-10-01 21:47:50,310 [pool-423-thread-1] INFO  server.RaftServerConfigKeys (ConfUtils.java:logGet(43)) - raft.server.log.preallocated.size = 16384 (custom)
2019-10-01 21:47:50,310 [pool-423-thread-1] INFO  server.RaftServerConfigKeys (ConfUtils.java:logGet(43)) - raft.server.log.write.buffer.size = 33554432 (custom)
2019-10-01 21:47:50,310 [pool-423-thread-1] INFO  server.RaftServerConfigKeys (ConfUtils.java:logGet(43)) - raft.server.log.force.sync.num = 128 (default)
2019-10-01 21:47:50,310 [pool-423-thread-1] INFO  server.RaftServerConfigKeys (ConfUtils.java:logGet(43)) - raft.server.log.statemachine.data.sync = true (default)
2019-10-01 21:47:50,310 [pool-423-thread-1] INFO  server.RaftServerConfigKeys (ConfUtils.java:logGet(43)) - raft.server.log.statemachine.data.sync.timeout = 10s (default)
2019-10-01 21:47:50,310 [pool-423-thread-1] INFO  server.RaftServerConfigKeys (ConfUtils.java:logGet(43)) - raft.server.log.statemachine.data.sync.timeout.retry = -1 (default)
2019-10-01 21:47:50,311 [pool-423-thread-1] INFO  server.RaftServerConfigKeys (ConfUtils.java:logGet(43)) - raft.server.log.statemachine.data.caching.enabled = true (custom)
2019-10-01 21:47:50,311 [pool-423-thread-1] INFO  segmented.SegmentedRaftLogWorker (SegmentedRaftLogWorker.java:lambda$new$0(128)) - 3e32673e-84bf-47eb-adfc-d2729aaec3f7@group-3C5F78476644-SegmentedRaftLogWorker: flushIndex: setUnconditionally 0 -> -1
2019-10-01 21:47:50,311 [pool-423-thread-1] INFO  server.RaftServerConfigKeys (ConfUtils.java:logGet(43)) - raft.server.snapshot.auto.trigger.enabled = true (custom)
2019-10-01 21:47:50,311 [pool-423-thread-1] INFO  server.RaftServerConfigKeys (ConfUtils.java:logGet(43)) - raft.server.snapshot.auto.trigger.threshold = 10000 (custom)
2019-10-01 21:47:50,311 [pool-423-thread-1] INFO  server.RaftServerConfigKeys (ConfUtils.java:logGet(43)) - raft.server.snapshot.retention.file.num = 5 (custom)
2019-10-01 21:47:50,312 [pool-423-thread-1] INFO  server.RaftServerConfigKeys (ConfUtils.java:logGet(43)) - raft.server.retrycache.expirytime = 600000ms (custom)
2019-10-01 21:47:50,313 [pool-423-thread-1] INFO  impl.RaftServerImpl (RaftServerImpl.java:start(181)) - 3e32673e-84bf-47eb-adfc-d2729aaec3f7@group-3C5F78476644: start as a follower, conf=-1: [3e32673e-84bf-47eb-adfc-d2729aaec3f7:192.168.157.248:37299], old=null
2019-10-01 21:47:50,313 [pool-423-thread-1] INFO  impl.RaftServerImpl (RaftServerImpl.java:setRole(170)) - 3e32673e-84bf-47eb-adfc-d2729aaec3f7@group-3C5F78476644: changes role from      null to FOLLOWER at term 0 for startAsFollower
2019-10-01 21:47:50,313 [pool-423-thread-1] INFO  impl.RoleInfo (RoleInfo.java:updateAndGet(143)) - 3e32673e-84bf-47eb-adfc-d2729aaec3f7: start FollowerState
2019-10-01 21:47:50,314 [pool-423-thread-1] INFO  util.JmxRegister (JmxRegister.java:tryRegister(44)) - Successfully registered JMX Bean with object name Ratis:service=RaftServer,group=group-3C5F78476644,id=3e32673e-84bf-47eb-adfc-d2729aaec3f7
2019-10-01 21:47:50,317 [RatisPipelineUtilsThread] INFO  pipeline.PipelineStateManager (PipelineStateManager.java:addPipeline(56)) - Created pipeline Pipeline[ Id: 3ac63770-c1f0-4926-89c5-3c5f78476644, Nodes: 3e32673e-84bf-47eb-adfc-d2729aaec3f7{ip: 192.168.157.248, host: pr-hdds-2225-v7c79-4183396186, networkLocation: /default-rack, certSerialId: null}, Type:RATIS, Factor:ONE, State:OPEN]
2019-10-01 21:47:50,378 [IPC Server handler 2 on 44773] INFO  net.NetworkTopology (NetworkTopologyImpl.java:add(111)) - Added a new node: /default-rack/03a76c70-887b-4e21-afa9-0cefdfecf0a8
2019-10-01 21:47:50,379 [IPC Server handler 2 on 44773] INFO  node.SCMNodeManager (SCMNodeManager.java:register(266)) - Registered Data node : 03a76c70-887b-4e21-afa9-0cefdfecf0a8{ip: 192.168.157.248, host: pr-hdds-2225-v7c79-4183396186, networkLocation: /default-rack, certSerialId: null}
2019-10-01 21:47:50,386 [grpc-default-executor-8] INFO  impl.RaftServerProxy (RaftServerProxy.java:addNew(89)) - 03a76c70-887b-4e21-afa9-0cefdfecf0a8: addNew group-6D02A3365ABF:[03a76c70-887b-4e21-afa9-0cefdfecf0a8:192.168.157.248:36224] returns group-6D02A3365ABF:java.util.concurrent.CompletableFuture@2841fe5e[Not completed]
2019-10-01 21:47:50,388 [pool-433-thread-1] INFO  impl.RaftServerImpl (RaftServerImpl.java:<init>(95)) - 03a76c70-887b-4e21-afa9-0cefdfecf0a8: new RaftServerImpl for group-6D02A3365ABF:[03a76c70-887b-4e21-afa9-0cefdfecf0a8:192.168.157.248:36224] with ContainerStateMachine:uninitialized
2019-10-01 21:47:50,388 [pool-433-thread-1] INFO  server.RaftServerConfigKeys (ConfUtils.java:logGet(43)) - raft.server.rpc.timeout.min = 5s (custom)
2019-10-01 21:47:50,388 [pool-433-thread-1] INFO  server.RaftServerConfigKeys (ConfUtils.java:logGet(43)) - raft.server.rpc.timeout.max = 5200ms (custom)
2019-10-01 21:47:50,388 [pool-433-thread-1] INFO  server.RaftServerConfigKeys (ConfUtils.java:logGet(43)) - raft.server.rpcslowness.timeout = 120s (custom)
2019-10-01 21:47:50,388 [pool-433-thread-1] INFO  server.RaftServerConfigKeys (ConfUtils.java:logGet(43)) - raft.server.sleep.deviation.threshold = 300 (default)
2019-10-01 21:47:50,389 [pool-433-thread-1] INFO  server.RaftServerConfigKeys (ConfUtils.java:logGet(43)) - raft.server.log.appender.install.snapshot.enabled = false (custom)
2019-10-01 21:47:50,389 [pool-433-thread-1] INFO  impl.RaftServerImpl (ServerState.java:<init>(103)) - 03a76c70-887b-4e21-afa9-0cefdfecf0a8@group-6D02A3365ABF: ConfigurationManager, init=-1: [03a76c70-887b-4e21-afa9-0cefdfecf0a8:192.168.157.248:36224], old=null, confs=<EMPTY_MAP>
2019-10-01 21:47:50,389 [pool-433-thread-1] INFO  server.RaftServerConfigKeys (ConfUtils.java:logGet(43)) - raft.server.storage.dir = [/workdir/hadoop-ozone/integration-test/target/test-dir/MiniOzoneClusterImpl-caa61c93-f07a-48d8-a406-3e32b7adb6b2/datanode-5/data/ratis] (custom)
2019-10-01 21:47:50,389 [pool-433-thread-1] INFO  server.RaftServerConfigKeys (ConfUtils.java:logGet(43)) - raft.server.log.corruption.policy = EXCEPTION (default)
2019-10-01 21:47:50,389 [pool-433-thread-1] INFO  storage.RaftStorageDirectory (RaftStorageDirectory.java:analyzeStorage(246)) - The storage directory /workdir/hadoop-ozone/integration-test/target/test-dir/MiniOzoneClusterImpl-caa61c93-f07a-48d8-a406-3e32b7adb6b2/datanode-5/data/ratis/b56cad4d-67c7-4333-919e-6d02a3365abf does not exist. Creating ...
2019-10-01 21:47:50,402 [pool-433-thread-1] INFO  storage.RaftStorageDirectory (RaftStorageDirectory.java:tryLock(328)) - Lock on /workdir/hadoop-ozone/integration-test/target/test-dir/MiniOzoneClusterImpl-caa61c93-f07a-48d8-a406-3e32b7adb6b2/datanode-5/data/ratis/b56cad4d-67c7-4333-919e-6d02a3365abf/in_use.lock acquired by nodename 4401@pr-hdds-2225-v7c79-4183396186
2019-10-01 21:47:50,414 [pool-433-thread-1] INFO  storage.RaftStorage (RaftStorage.java:format(84)) - Storage directory /workdir/hadoop-ozone/integration-test/target/test-dir/MiniOzoneClusterImpl-caa61c93-f07a-48d8-a406-3e32b7adb6b2/datanode-5/data/ratis/b56cad4d-67c7-4333-919e-6d02a3365abf has been successfully formatted.
2019-10-01 21:47:50,415 [pool-433-thread-1] INFO  ratis.ContainerStateMachine (ContainerStateMachine.java:loadSnapshot(230)) - group-6D02A3365ABF: The snapshot info is null. Setting the last applied indexto:(t:0, i:~)
2019-10-01 21:47:50,415 [pool-433-thread-1] INFO  server.RaftServerConfigKeys (ConfUtils.java:logGet(43)) - raft.server.notification.no-leader.timeout = 120s (custom)
2019-10-01 21:47:50,415 [pool-433-thread-1] INFO  server.RaftServerConfigKeys (ConfUtils.java:logGet(43)) - raft.server.log.use.memory = false (default)
2019-10-01 21:47:50,415 [pool-433-thread-1] INFO  server.RaftServerConfigKeys (ConfUtils.java:logGet(43)) - raft.server.log.purge.gap = 1000000 (custom)
2019-10-01 21:47:50,415 [pool-433-thread-1] INFO  server.RaftServerConfigKeys (ConfUtils.java:logGet(43)) - raft.server.log.appender.buffer.byte-limit = 33554432 (custom)
2019-10-01 21:47:50,415 [pool-433-thread-1] INFO  server.RaftServerConfigKeys (ConfUtils.java:logGet(43)) - raft.server.log.segment.size.max = 1048576 (custom)
2019-10-01 21:47:50,417 [pool-433-thread-1] INFO  server.RaftServerConfigKeys (ConfUtils.java:logGet(43)) - raft.server.log.segment.cache.num.max = 2 (custom)
2019-10-01 21:47:50,417 [pool-433-thread-1] INFO  segmented.SegmentedRaftLogWorker (SegmentedRaftLogWorker.java:<init>(173)) - new 03a76c70-887b-4e21-afa9-0cefdfecf0a8@group-6D02A3365ABF-SegmentedRaftLogWorker for RaftStorage:Storage Directory /workdir/hadoop-ozone/integration-test/target/test-dir/MiniOzoneClusterImpl-caa61c93-f07a-48d8-a406-3e32b7adb6b2/datanode-5/data/ratis/b56cad4d-67c7-4333-919e-6d02a3365abf
2019-10-01 21:47:50,417 [pool-433-thread-1] INFO  server.RaftServerConfigKeys (ConfUtils.java:logGet(43)) - raft.server.log.queue.byte-limit = 2147483647 (custom)
2019-10-01 21:47:50,417 [pool-433-thread-1] INFO  server.RaftServerConfigKeys (ConfUtils.java:logGet(43)) - raft.server.log.queue.element-limit = 1024 (custom)
2019-10-01 21:47:50,418 [pool-433-thread-1] INFO  server.RaftServerConfigKeys (ConfUtils.java:logGet(43)) - raft.server.log.segment.size.max = 1048576 (custom)
2019-10-01 21:47:50,418 [pool-433-thread-1] INFO  server.RaftServerConfigKeys (ConfUtils.java:logGet(43)) - raft.server.log.preallocated.size = 16384 (custom)
2019-10-01 21:47:50,418 [pool-433-thread-1] INFO  server.RaftServerConfigKeys (ConfUtils.java:logGet(43)) - raft.server.log.write.buffer.size = 33554432 (custom)
2019-10-01 21:47:50,418 [pool-433-thread-1] INFO  server.RaftServerConfigKeys (ConfUtils.java:logGet(43)) - raft.server.log.force.sync.num = 128 (default)
2019-10-01 21:47:50,418 [pool-433-thread-1] INFO  server.RaftServerConfigKeys (ConfUtils.java:logGet(43)) - raft.server.log.statemachine.data.sync = true (default)
2019-10-01 21:47:50,418 [pool-433-thread-1] INFO  server.RaftServerConfigKeys (ConfUtils.java:logGet(43)) - raft.server.log.statemachine.data.sync.timeout = 10s (default)
2019-10-01 21:47:50,418 [pool-433-thread-1] INFO  server.RaftServerConfigKeys (ConfUtils.java:logGet(43)) - raft.server.log.statemachine.data.sync.timeout.retry = -1 (default)
2019-10-01 21:47:50,419 [pool-433-thread-1] INFO  server.RaftServerConfigKeys (ConfUtils.java:logGet(43)) - raft.server.log.statemachine.data.caching.enabled = true (custom)
2019-10-01 21:47:50,419 [pool-433-thread-1] INFO  segmented.SegmentedRaftLogWorker (SegmentedRaftLogWorker.java:lambda$new$0(128)) - 03a76c70-887b-4e21-afa9-0cefdfecf0a8@group-6D02A3365ABF-SegmentedRaftLogWorker: flushIndex: setUnconditionally 0 -> -1
2019-10-01 21:47:50,419 [pool-433-thread-1] INFO  server.RaftServerConfigKeys (ConfUtils.java:logGet(43)) - raft.server.snapshot.auto.trigger.enabled = true (custom)
2019-10-01 21:47:50,419 [pool-433-thread-1] INFO  server.RaftServerConfigKeys (ConfUtils.java:logGet(43)) - raft.server.snapshot.auto.trigger.threshold = 10000 (custom)
2019-10-01 21:47:50,420 [pool-433-thread-1] INFO  server.RaftServerConfigKeys (ConfUtils.java:logGet(43)) - raft.server.snapshot.retention.file.num = 5 (custom)
2019-10-01 21:47:50,420 [pool-433-thread-1] INFO  server.RaftServerConfigKeys (ConfUtils.java:logGet(43)) - raft.server.retrycache.expirytime = 600000ms (custom)
2019-10-01 21:47:50,421 [pool-433-thread-1] INFO  impl.RaftServerImpl (RaftServerImpl.java:start(181)) - 03a76c70-887b-4e21-afa9-0cefdfecf0a8@group-6D02A3365ABF: start as a follower, conf=-1: [03a76c70-887b-4e21-afa9-0cefdfecf0a8:192.168.157.248:36224], old=null
2019-10-01 21:47:50,422 [pool-433-thread-1] INFO  impl.RaftServerImpl (RaftServerImpl.java:setRole(170)) - 03a76c70-887b-4e21-afa9-0cefdfecf0a8@group-6D02A3365ABF: changes role from      null to FOLLOWER at term 0 for startAsFollower
2019-10-01 21:47:50,422 [pool-433-thread-1] INFO  impl.RoleInfo (RoleInfo.java:updateAndGet(143)) - 03a76c70-887b-4e21-afa9-0cefdfecf0a8: start FollowerState
2019-10-01 21:47:50,422 [pool-433-thread-1] INFO  util.JmxRegister (JmxRegister.java:tryRegister(44)) - Successfully registered JMX Bean with object name Ratis:service=RaftServer,group=group-6D02A3365ABF,id=03a76c70-887b-4e21-afa9-0cefdfecf0a8
2019-10-01 21:47:50,426 [RatisPipelineUtilsThread] INFO  pipeline.PipelineStateManager (PipelineStateManager.java:addPipeline(56)) - Created pipeline Pipeline[ Id: b56cad4d-67c7-4333-919e-6d02a3365abf, Nodes: 03a76c70-887b-4e21-afa9-0cefdfecf0a8{ip: 192.168.157.248, host: pr-hdds-2225-v7c79-4183396186, networkLocation: /default-rack, certSerialId: null}, Type:RATIS, Factor:ONE, State:OPEN]
2019-10-01 21:47:50,449 [grpc-default-executor-0] INFO  impl.RaftServerProxy (RaftServerProxy.java:addNew(89)) - 53bea610-752a-4324-ade7-ce94ca4e0b4e: addNew group-4487ADB0045C:[53bea610-752a-4324-ade7-ce94ca4e0b4e:192.168.157.248:45768, 3e32673e-84bf-47eb-adfc-d2729aaec3f7:192.168.157.248:37299, 03a76c70-887b-4e21-afa9-0cefdfecf0a8:192.168.157.248:36224] returns group-4487ADB0045C:java.util.concurrent.CompletableFuture@2f33dae5[Not completed]
2019-10-01 21:47:50,450 [grpc-default-executor-0] INFO  impl.RaftServerProxy (RaftServerProxy.java:addNew(89)) - 3e32673e-84bf-47eb-adfc-d2729aaec3f7: addNew group-4487ADB0045C:[53bea610-752a-4324-ade7-ce94ca4e0b4e:192.168.157.248:45768, 3e32673e-84bf-47eb-adfc-d2729aaec3f7:192.168.157.248:37299, 03a76c70-887b-4e21-afa9-0cefdfecf0a8:192.168.157.248:36224] returns group-4487ADB0045C:java.util.concurrent.CompletableFuture@5a56f983[Not completed]
2019-10-01 21:47:50,450 [grpc-default-executor-2] INFO  impl.RaftServerProxy (RaftServerProxy.java:addNew(89)) - 03a76c70-887b-4e21-afa9-0cefdfecf0a8: addNew group-4487ADB0045C:[53bea610-752a-4324-ade7-ce94ca4e0b4e:192.168.157.248:45768, 3e32673e-84bf-47eb-adfc-d2729aaec3f7:192.168.157.248:37299, 03a76c70-887b-4e21-afa9-0cefdfecf0a8:192.168.157.248:36224] returns group-4487ADB0045C:java.util.concurrent.CompletableFuture@5ed791f7[Not completed]
2019-10-01 21:47:50,451 [pool-413-thread-1] INFO  impl.RaftServerImpl (RaftServerImpl.java:<init>(95)) - 53bea610-752a-4324-ade7-ce94ca4e0b4e: new RaftServerImpl for group-4487ADB0045C:[53bea610-752a-4324-ade7-ce94ca4e0b4e:192.168.157.248:45768, 3e32673e-84bf-47eb-adfc-d2729aaec3f7:192.168.157.248:37299, 03a76c70-887b-4e21-afa9-0cefdfecf0a8:192.168.157.248:36224] with ContainerStateMachine:uninitialized
2019-10-01 21:47:50,451 [pool-413-thread-1] INFO  server.RaftServerConfigKeys (ConfUtils.java:logGet(43)) - raft.server.rpc.timeout.min = 5s (custom)
2019-10-01 21:47:50,451 [pool-413-thread-1] INFO  server.RaftServerConfigKeys (ConfUtils.java:logGet(43)) - raft.server.rpc.timeout.max = 5200ms (custom)
2019-10-01 21:47:50,451 [pool-413-thread-1] INFO  server.RaftServerConfigKeys (ConfUtils.java:logGet(43)) - raft.server.rpcslowness.timeout = 120s (custom)
2019-10-01 21:47:50,451 [pool-413-thread-1] INFO  server.RaftServerConfigKeys (ConfUtils.java:logGet(43)) - raft.server.sleep.deviation.threshold = 300 (default)
2019-10-01 21:47:50,451 [pool-413-thread-1] INFO  server.RaftServerConfigKeys (ConfUtils.java:logGet(43)) - raft.server.log.appender.install.snapshot.enabled = false (custom)
2019-10-01 21:47:50,451 [pool-413-thread-1] INFO  impl.RaftServerImpl (ServerState.java:<init>(103)) - 53bea610-752a-4324-ade7-ce94ca4e0b4e@group-4487ADB0045C: ConfigurationManager, init=-1: [53bea610-752a-4324-ade7-ce94ca4e0b4e:192.168.157.248:45768, 3e32673e-84bf-47eb-adfc-d2729aaec3f7:192.168.157.248:37299, 03a76c70-887b-4e21-afa9-0cefdfecf0a8:192.168.157.248:36224], old=null, confs=<EMPTY_MAP>
2019-10-01 21:47:50,452 [pool-423-thread-1] INFO  impl.RaftServerImpl (RaftServerImpl.java:<init>(95)) - 3e32673e-84bf-47eb-adfc-d2729aaec3f7: new RaftServerImpl for group-4487ADB0045C:[53bea610-752a-4324-ade7-ce94ca4e0b4e:192.168.157.248:45768, 3e32673e-84bf-47eb-adfc-d2729aaec3f7:192.168.157.248:37299, 03a76c70-887b-4e21-afa9-0cefdfecf0a8:192.168.157.248:36224] with ContainerStateMachine:uninitialized
2019-10-01 21:47:50,452 [pool-413-thread-1] INFO  server.RaftServerConfigKeys (ConfUtils.java:logGet(43)) - raft.server.storage.dir = [/workdir/hadoop-ozone/integration-test/target/test-dir/MiniOzoneClusterImpl-caa61c93-f07a-48d8-a406-3e32b7adb6b2/datanode-3/data/ratis] (custom)
2019-10-01 21:47:50,452 [pool-423-thread-1] INFO  server.RaftServerConfigKeys (ConfUtils.java:logGet(43)) - raft.server.rpc.timeout.min = 5s (custom)
2019-10-01 21:47:50,452 [pool-413-thread-1] INFO  server.RaftServerConfigKeys (ConfUtils.java:logGet(43)) - raft.server.log.corruption.policy = EXCEPTION (default)
2019-10-01 21:47:50,452 [pool-423-thread-1] INFO  server.RaftServerConfigKeys (ConfUtils.java:logGet(43)) - raft.server.rpc.timeout.max = 5200ms (custom)
2019-10-01 21:47:50,452 [pool-433-thread-1] INFO  impl.RaftServerImpl (RaftServerImpl.java:<init>(95)) - 03a76c70-887b-4e21-afa9-0cefdfecf0a8: new RaftServerImpl for group-4487ADB0045C:[53bea610-752a-4324-ade7-ce94ca4e0b4e:192.168.157.248:45768, 3e32673e-84bf-47eb-adfc-d2729aaec3f7:192.168.157.248:37299, 03a76c70-887b-4e21-afa9-0cefdfecf0a8:192.168.157.248:36224] with ContainerStateMachine:uninitialized
2019-10-01 21:47:50,452 [pool-423-thread-1] INFO  server.RaftServerConfigKeys (ConfUtils.java:logGet(43)) - raft.server.rpcslowness.timeout = 120s (custom)
2019-10-01 21:47:50,452 [pool-413-thread-1] INFO  storage.RaftStorageDirectory (RaftStorageDirectory.java:analyzeStorage(246)) - The storage directory /workdir/hadoop-ozone/integration-test/target/test-dir/MiniOzoneClusterImpl-caa61c93-f07a-48d8-a406-3e32b7adb6b2/datanode-3/data/ratis/cf82004f-e3fc-42a1-aec0-4487adb0045c does not exist. Creating ...
2019-10-01 21:47:50,453 [pool-423-thread-1] INFO  server.RaftServerConfigKeys (ConfUtils.java:logGet(43)) - raft.server.sleep.deviation.threshold = 300 (default)
2019-10-01 21:47:50,452 [pool-433-thread-1] INFO  server.RaftServerConfigKeys (ConfUtils.java:logGet(43)) - raft.server.rpc.timeout.min = 5s (custom)
2019-10-01 21:47:50,453 [pool-423-thread-1] INFO  server.RaftServerConfigKeys (ConfUtils.java:logGet(43)) - raft.server.log.appender.install.snapshot.enabled = false (custom)
2019-10-01 21:47:50,453 [pool-433-thread-1] INFO  server.RaftServerConfigKeys (ConfUtils.java:logGet(43)) - raft.server.rpc.timeout.max = 5200ms (custom)
2019-10-01 21:47:50,453 [pool-423-thread-1] INFO  impl.RaftServerImpl (ServerState.java:<init>(103)) - 3e32673e-84bf-47eb-adfc-d2729aaec3f7@group-4487ADB0045C: ConfigurationManager, init=-1: [53bea610-752a-4324-ade7-ce94ca4e0b4e:192.168.157.248:45768, 3e32673e-84bf-47eb-adfc-d2729aaec3f7:192.168.157.248:37299, 03a76c70-887b-4e21-afa9-0cefdfecf0a8:192.168.157.248:36224], old=null, confs=<EMPTY_MAP>
2019-10-01 21:47:50,453 [pool-433-thread-1] INFO  server.RaftServerConfigKeys (ConfUtils.java:logGet(43)) - raft.server.rpcslowness.timeout = 120s (custom)
2019-10-01 21:47:50,453 [pool-423-thread-1] INFO  server.RaftServerConfigKeys (ConfUtils.java:logGet(43)) - raft.server.storage.dir = [/workdir/hadoop-ozone/integration-test/target/test-dir/MiniOzoneClusterImpl-caa61c93-f07a-48d8-a406-3e32b7adb6b2/datanode-4/data/ratis] (custom)
2019-10-01 21:47:50,454 [pool-433-thread-1] INFO  server.RaftServerConfigKeys (ConfUtils.java:logGet(43)) - raft.server.sleep.deviation.threshold = 300 (default)
2019-10-01 21:47:50,454 [pool-433-thread-1] INFO  server.RaftServerConfigKeys (ConfUtils.java:logGet(43)) - raft.server.log.appender.install.snapshot.enabled = false (custom)
2019-10-01 21:47:50,454 [pool-423-thread-1] INFO  server.RaftServerConfigKeys (ConfUtils.java:logGet(43)) - raft.server.log.corruption.policy = EXCEPTION (default)
2019-10-01 21:47:50,454 [pool-433-thread-1] INFO  impl.RaftServerImpl (ServerState.java:<init>(103)) - 03a76c70-887b-4e21-afa9-0cefdfecf0a8@group-4487ADB0045C: ConfigurationManager, init=-1: [53bea610-752a-4324-ade7-ce94ca4e0b4e:192.168.157.248:45768, 3e32673e-84bf-47eb-adfc-d2729aaec3f7:192.168.157.248:37299, 03a76c70-887b-4e21-afa9-0cefdfecf0a8:192.168.157.248:36224], old=null, confs=<EMPTY_MAP>
2019-10-01 21:47:50,454 [IPC Server handler 3 on 44773] INFO  net.NetworkTopology (NetworkTopologyImpl.java:add(111)) - Added a new node: /default-rack/d8d6cc7e-deda-4328-ae94-16c247f447ea
2019-10-01 21:47:50,454 [pool-433-thread-1] INFO  server.RaftServerConfigKeys (ConfUtils.java:logGet(43)) - raft.server.storage.dir = [/workdir/hadoop-ozone/integration-test/target/test-dir/MiniOzoneClusterImpl-caa61c93-f07a-48d8-a406-3e32b7adb6b2/datanode-5/data/ratis] (custom)
2019-10-01 21:47:50,454 [pool-423-thread-1] INFO  storage.RaftStorageDirectory (RaftStorageDirectory.java:analyzeStorage(246)) - The storage directory /workdir/hadoop-ozone/integration-test/target/test-dir/MiniOzoneClusterImpl-caa61c93-f07a-48d8-a406-3e32b7adb6b2/datanode-4/data/ratis/cf82004f-e3fc-42a1-aec0-4487adb0045c does not exist. Creating ...
2019-10-01 21:47:50,455 [pool-433-thread-1] INFO  server.RaftServerConfigKeys (ConfUtils.java:logGet(43)) - raft.server.log.corruption.policy = EXCEPTION (default)
2019-10-01 21:47:50,454 [IPC Server handler 3 on 44773] INFO  node.SCMNodeManager (SCMNodeManager.java:register(266)) - Registered Data node : d8d6cc7e-deda-4328-ae94-16c247f447ea{ip: 192.168.157.248, host: pr-hdds-2225-v7c79-4183396186, networkLocation: /default-rack, certSerialId: null}
2019-10-01 21:47:50,455 [pool-433-thread-1] INFO  storage.RaftStorageDirectory (RaftStorageDirectory.java:analyzeStorage(246)) - The storage directory /workdir/hadoop-ozone/integration-test/target/test-dir/MiniOzoneClusterImpl-caa61c93-f07a-48d8-a406-3e32b7adb6b2/datanode-5/data/ratis/cf82004f-e3fc-42a1-aec0-4487adb0045c does not exist. Creating ...
2019-10-01 21:47:50,455 [main] INFO  ozone.MiniOzoneClusterImpl (MiniOzoneClusterImpl.java:lambda$waitForClusterToBeReady$0(147)) - Cluster is ready. Got 7 of 7 DN Heartbeats.
2019-10-01 21:47:50,466 [pool-423-thread-1] INFO  storage.RaftStorageDirectory (RaftStorageDirectory.java:tryLock(328)) - Lock on /workdir/hadoop-ozone/integration-test/target/test-dir/MiniOzoneClusterImpl-caa61c93-f07a-48d8-a406-3e32b7adb6b2/datanode-4/data/ratis/cf82004f-e3fc-42a1-aec0-4487adb0045c/in_use.lock acquired by nodename 4401@pr-hdds-2225-v7c79-4183396186
2019-10-01 21:47:50,466 [pool-433-thread-1] INFO  storage.RaftStorageDirectory (RaftStorageDirectory.java:tryLock(328)) - Lock on /workdir/hadoop-ozone/integration-test/target/test-dir/MiniOzoneClusterImpl-caa61c93-f07a-48d8-a406-3e32b7adb6b2/datanode-5/data/ratis/cf82004f-e3fc-42a1-aec0-4487adb0045c/in_use.lock acquired by nodename 4401@pr-hdds-2225-v7c79-4183396186
2019-10-01 21:47:50,466 [pool-413-thread-1] INFO  storage.RaftStorageDirectory (RaftStorageDirectory.java:tryLock(328)) - Lock on /workdir/hadoop-ozone/integration-test/target/test-dir/MiniOzoneClusterImpl-caa61c93-f07a-48d8-a406-3e32b7adb6b2/datanode-3/data/ratis/cf82004f-e3fc-42a1-aec0-4487adb0045c/in_use.lock acquired by nodename 4401@pr-hdds-2225-v7c79-4183396186
2019-10-01 21:47:50,491 [pool-423-thread-1] INFO  storage.RaftStorage (RaftStorage.java:format(84)) - Storage directory /workdir/hadoop-ozone/integration-test/target/test-dir/MiniOzoneClusterImpl-caa61c93-f07a-48d8-a406-3e32b7adb6b2/datanode-4/data/ratis/cf82004f-e3fc-42a1-aec0-4487adb0045c has been successfully formatted.
2019-10-01 21:47:50,491 [pool-413-thread-1] INFO  storage.RaftStorage (RaftStorage.java:format(84)) - Storage directory /workdir/hadoop-ozone/integration-test/target/test-dir/MiniOzoneClusterImpl-caa61c93-f07a-48d8-a406-3e32b7adb6b2/datanode-3/data/ratis/cf82004f-e3fc-42a1-aec0-4487adb0045c has been successfully formatted.
2019-10-01 21:47:50,491 [pool-433-thread-1] INFO  storage.RaftStorage (RaftStorage.java:format(84)) - Storage directory /workdir/hadoop-ozone/integration-test/target/test-dir/MiniOzoneClusterImpl-caa61c93-f07a-48d8-a406-3e32b7adb6b2/datanode-5/data/ratis/cf82004f-e3fc-42a1-aec0-4487adb0045c has been successfully formatted.
2019-10-01 21:47:50,491 [pool-413-thread-1] INFO  ratis.ContainerStateMachine (ContainerStateMachine.java:loadSnapshot(230)) - group-4487ADB0045C: The snapshot info is null. Setting the last applied indexto:(t:0, i:~)
2019-10-01 21:47:50,491 [pool-423-thread-1] INFO  ratis.ContainerStateMachine (ContainerStateMachine.java:loadSnapshot(230)) - group-4487ADB0045C: The snapshot info is null. Setting the last applied indexto:(t:0, i:~)
2019-10-01 21:47:50,492 [pool-413-thread-1] INFO  server.RaftServerConfigKeys (ConfUtils.java:logGet(43)) - raft.server.notification.no-leader.timeout = 120s (custom)
2019-10-01 21:47:50,495 [pool-413-thread-1] INFO  server.RaftServerConfigKeys (ConfUtils.java:logGet(43)) - raft.server.log.use.memory = false (default)
2019-10-01 21:47:50,492 [pool-433-thread-1] INFO  ratis.ContainerStateMachine (ContainerStateMachine.java:loadSnapshot(230)) - group-4487ADB0045C: The snapshot info is null. Setting the last applied indexto:(t:0, i:~)
2019-10-01 21:47:50,501 [pool-413-thread-1] INFO  server.RaftServerConfigKeys (ConfUtils.java:logGet(43)) - raft.server.log.purge.gap = 1000000 (custom)
2019-10-01 21:47:50,502 [pool-413-thread-1] INFO  server.RaftServerConfigKeys (ConfUtils.java:logGet(43)) - raft.server.log.appender.buffer.byte-limit = 33554432 (custom)
2019-10-01 21:47:50,495 [pool-423-thread-1] INFO  server.RaftServerConfigKeys (ConfUtils.java:logGet(43)) - raft.server.notification.no-leader.timeout = 120s (custom)
2019-10-01 21:47:50,502 [pool-413-thread-1] INFO  server.RaftServerConfigKeys (ConfUtils.java:logGet(43)) - raft.server.log.segment.size.max = 1048576 (custom)
2019-10-01 21:47:50,501 [pool-433-thread-1] INFO  server.RaftServerConfigKeys (ConfUtils.java:logGet(43)) - raft.server.notification.no-leader.timeout = 120s (custom)
2019-10-01 21:47:50,502 [pool-413-thread-1] INFO  server.RaftServerConfigKeys (ConfUtils.java:logGet(43)) - raft.server.log.segment.cache.num.max = 2 (custom)
2019-10-01 21:47:50,502 [pool-423-thread-1] INFO  server.RaftServerConfigKeys (ConfUtils.java:logGet(43)) - raft.server.log.use.memory = false (default)
2019-10-01 21:47:50,502 [pool-413-thread-1] INFO  segmented.SegmentedRaftLogWorker (SegmentedRaftLogWorker.java:<init>(173)) - new 53bea610-752a-4324-ade7-ce94ca4e0b4e@group-4487ADB0045C-SegmentedRaftLogWorker for RaftStorage:Storage Directory /workdir/hadoop-ozone/integration-test/target/test-dir/MiniOzoneClusterImpl-caa61c93-f07a-48d8-a406-3e32b7adb6b2/datanode-3/data/ratis/cf82004f-e3fc-42a1-aec0-4487adb0045c
2019-10-01 21:47:50,502 [pool-433-thread-1] INFO  server.RaftServerConfigKeys (ConfUtils.java:logGet(43)) - raft.server.log.use.memory = false (default)
2019-10-01 21:47:50,502 [pool-413-thread-1] INFO  server.RaftServerConfigKeys (ConfUtils.java:logGet(43)) - raft.server.log.queue.byte-limit = 2147483647 (custom)
2019-10-01 21:47:50,503 [pool-413-thread-1] INFO  server.RaftServerConfigKeys (ConfUtils.java:logGet(43)) - raft.server.log.queue.element-limit = 1024 (custom)
2019-10-01 21:47:50,502 [pool-423-thread-1] INFO  server.RaftServerConfigKeys (ConfUtils.java:logGet(43)) - raft.server.log.purge.gap = 1000000 (custom)
2019-10-01 21:47:50,503 [pool-413-thread-1] INFO  server.RaftServerConfigKeys (ConfUtils.java:logGet(43)) - raft.server.log.segment.size.max = 1048576 (custom)
2019-10-01 21:47:50,505 [pool-413-thread-1] INFO  server.RaftServerConfigKeys (ConfUtils.java:logGet(43)) - raft.server.log.preallocated.size = 16384 (custom)
2019-10-01 21:47:50,503 [pool-433-thread-1] INFO  server.RaftServerConfigKeys (ConfUtils.java:logGet(43)) - raft.server.log.purge.gap = 1000000 (custom)
2019-10-01 21:47:50,506 [pool-413-thread-1] INFO  server.RaftServerConfigKeys (ConfUtils.java:logGet(43)) - raft.server.log.write.buffer.size = 33554432 (custom)
2019-10-01 21:47:50,511 [pool-413-thread-1] INFO  server.RaftServerConfigKeys (ConfUtils.java:logGet(43)) - raft.server.log.force.sync.num = 128 (default)
2019-10-01 21:47:50,505 [pool-423-thread-1] INFO  server.RaftServerConfigKeys (ConfUtils.java:logGet(43)) - raft.server.log.appender.buffer.byte-limit = 33554432 (custom)
2019-10-01 21:47:50,511 [pool-413-thread-1] INFO  server.RaftServerConfigKeys (ConfUtils.java:logGet(43)) - raft.server.log.statemachine.data.sync = true (default)
2019-10-01 21:47:50,511 [pool-413-thread-1] INFO  server.RaftServerConfigKeys (ConfUtils.java:logGet(43)) - raft.server.log.statemachine.data.sync.timeout = 10s (default)
2019-10-01 21:47:50,506 [pool-433-thread-1] INFO  server.RaftServerConfigKeys (ConfUtils.java:logGet(43)) - raft.server.log.appender.buffer.byte-limit = 33554432 (custom)
2019-10-01 21:47:50,511 [pool-413-thread-1] INFO  server.RaftServerConfigKeys (ConfUtils.java:logGet(43)) - raft.server.log.statemachine.data.sync.timeout.retry = -1 (default)
2019-10-01 21:47:50,511 [pool-423-thread-1] INFO  server.RaftServerConfigKeys (ConfUtils.java:logGet(43)) - raft.server.log.segment.size.max = 1048576 (custom)
2019-10-01 21:47:50,512 [pool-413-thread-1] INFO  server.RaftServerConfigKeys (ConfUtils.java:logGet(43)) - raft.server.log.statemachine.data.caching.enabled = true (custom)
2019-10-01 21:47:50,512 [pool-433-thread-1] INFO  server.RaftServerConfigKeys (ConfUtils.java:logGet(43)) - raft.server.log.segment.size.max = 1048576 (custom)
2019-10-01 21:47:50,512 [pool-423-thread-1] INFO  server.RaftServerConfigKeys (ConfUtils.java:logGet(43)) - raft.server.log.segment.cache.num.max = 2 (custom)
2019-10-01 21:47:50,512 [pool-433-thread-1] INFO  server.RaftServerConfigKeys (ConfUtils.java:logGet(43)) - raft.server.log.segment.cache.num.max = 2 (custom)
2019-10-01 21:47:50,512 [pool-413-thread-1] INFO  segmented.SegmentedRaftLogWorker (SegmentedRaftLogWorker.java:lambda$new$0(128)) - 53bea610-752a-4324-ade7-ce94ca4e0b4e@group-4487ADB0045C-SegmentedRaftLogWorker: flushIndex: setUnconditionally 0 -> -1
2019-10-01 21:47:50,512 [pool-433-thread-1] INFO  segmented.SegmentedRaftLogWorker (SegmentedRaftLogWorker.java:<init>(173)) - new 03a76c70-887b-4e21-afa9-0cefdfecf0a8@group-4487ADB0045C-SegmentedRaftLogWorker for RaftStorage:Storage Directory /workdir/hadoop-ozone/integration-test/target/test-dir/MiniOzoneClusterImpl-caa61c93-f07a-48d8-a406-3e32b7adb6b2/datanode-5/data/ratis/cf82004f-e3fc-42a1-aec0-4487adb0045c
2019-10-01 21:47:50,512 [pool-423-thread-1] INFO  segmented.SegmentedRaftLogWorker (SegmentedRaftLogWorker.java:<init>(173)) - new 3e32673e-84bf-47eb-adfc-d2729aaec3f7@group-4487ADB0045C-SegmentedRaftLogWorker for RaftStorage:Storage Directory /workdir/hadoop-ozone/integration-test/target/test-dir/MiniOzoneClusterImpl-caa61c93-f07a-48d8-a406-3e32b7adb6b2/datanode-4/data/ratis/cf82004f-e3fc-42a1-aec0-4487adb0045c
2019-10-01 21:47:50,512 [main] INFO  rpc.RpcClient (RpcClient.java:createVolume(276)) - Creating Volume: watchforcommithandlingtest, with jenkins1000 as owner.
2019-10-01 21:47:50,513 [pool-423-thread-1] INFO  server.RaftServerConfigKeys (ConfUtils.java:logGet(43)) - raft.server.log.queue.byte-limit = 2147483647 (custom)
2019-10-01 21:47:50,513 [pool-433-thread-1] INFO  server.RaftServerConfigKeys (ConfUtils.java:logGet(43)) - raft.server.log.queue.byte-limit = 2147483647 (custom)
2019-10-01 21:47:50,513 [pool-413-thread-1] INFO  server.RaftServerConfigKeys (ConfUtils.java:logGet(43)) - raft.server.snapshot.auto.trigger.enabled = true (custom)
2019-10-01 21:47:50,514 [pool-433-thread-1] INFO  server.RaftServerConfigKeys (ConfUtils.java:logGet(43)) - raft.server.log.queue.element-limit = 1024 (custom)
2019-10-01 21:47:50,513 [pool-423-thread-1] INFO  server.RaftServerConfigKeys (ConfUtils.java:logGet(43)) - raft.server.log.queue.element-limit = 1024 (custom)
2019-10-01 21:47:50,514 [pool-433-thread-1] INFO  server.RaftServerConfigKeys (ConfUtils.java:logGet(43)) - raft.server.log.segment.size.max = 1048576 (custom)
2019-10-01 21:47:50,514 [pool-413-thread-1] INFO  server.RaftServerConfigKeys (ConfUtils.java:logGet(43)) - raft.server.snapshot.auto.trigger.threshold = 10000 (custom)
2019-10-01 21:47:50,514 [pool-433-thread-1] INFO  server.RaftServerConfigKeys (ConfUtils.java:logGet(43)) - raft.server.log.preallocated.size = 16384 (custom)
2019-10-01 21:47:50,514 [pool-423-thread-1] INFO  server.RaftServerConfigKeys (ConfUtils.java:logGet(43)) - raft.server.log.segment.size.max = 1048576 (custom)
2019-10-01 21:47:50,514 [pool-433-thread-1] INFO  server.RaftServerConfigKeys (ConfUtils.java:logGet(43)) - raft.server.log.write.buffer.size = 33554432 (custom)
2019-10-01 21:47:50,514 [pool-413-thread-1] INFO  server.RaftServerConfigKeys (ConfUtils.java:logGet(43)) - raft.server.snapshot.retention.file.num = 5 (custom)
2019-10-01 21:47:50,515 [pool-433-thread-1] INFO  server.RaftServerConfigKeys (ConfUtils.java:logGet(43)) - raft.server.log.force.sync.num = 128 (default)
2019-10-01 21:47:50,515 [pool-423-thread-1] INFO  server.RaftServerConfigKeys (ConfUtils.java:logGet(43)) - raft.server.log.preallocated.size = 16384 (custom)
2019-10-01 21:47:50,515 [pool-433-thread-1] INFO  server.RaftServerConfigKeys (ConfUtils.java:logGet(43)) - raft.server.log.statemachine.data.sync = true (default)
2019-10-01 21:47:50,515 [pool-413-thread-1] INFO  server.RaftServerConfigKeys (ConfUtils.java:logGet(43)) - raft.server.retrycache.expirytime = 600000ms (custom)
2019-10-01 21:47:50,515 [pool-433-thread-1] INFO  server.RaftServerConfigKeys (ConfUtils.java:logGet(43)) - raft.server.log.statemachine.data.sync.timeout = 10s (default)
2019-10-01 21:47:50,516 [pool-433-thread-1] INFO  server.RaftServerConfigKeys (ConfUtils.java:logGet(43)) - raft.server.log.statemachine.data.sync.timeout.retry = -1 (default)
2019-10-01 21:47:50,515 [pool-423-thread-1] INFO  server.RaftServerConfigKeys (ConfUtils.java:logGet(43)) - raft.server.log.write.buffer.size = 33554432 (custom)
2019-10-01 21:47:50,516 [pool-433-thread-1] INFO  server.RaftServerConfigKeys (ConfUtils.java:logGet(43)) - raft.server.log.statemachine.data.caching.enabled = true (custom)
2019-10-01 21:47:50,516 [pool-423-thread-1] INFO  server.RaftServerConfigKeys (ConfUtils.java:logGet(43)) - raft.server.log.force.sync.num = 128 (default)
2019-10-01 21:47:50,516 [pool-423-thread-1] INFO  server.RaftServerConfigKeys (ConfUtils.java:logGet(43)) - raft.server.log.statemachine.data.sync = true (default)
2019-10-01 21:47:50,516 [IPC Server handler 2 on 43118] INFO  volume.OMVolumeCreateRequest (OMVolumeCreateRequest.java:validateAndUpdateCache(194)) - created volume:watchforcommithandlingtest for user:jenkins1000
2019-10-01 21:47:50,516 [pool-433-thread-1] INFO  segmented.SegmentedRaftLogWorker (SegmentedRaftLogWorker.java:lambda$new$0(128)) - 03a76c70-887b-4e21-afa9-0cefdfecf0a8@group-4487ADB0045C-SegmentedRaftLogWorker: flushIndex: setUnconditionally 0 -> -1
2019-10-01 21:47:50,517 [pool-423-thread-1] INFO  server.RaftServerConfigKeys (ConfUtils.java:logGet(43)) - raft.server.log.statemachine.data.sync.timeout = 10s (default)
2019-10-01 21:47:50,517 [pool-423-thread-1] INFO  server.RaftServerConfigKeys (ConfUtils.java:logGet(43)) - raft.server.log.statemachine.data.sync.timeout.retry = -1 (default)
2019-10-01 21:47:50,517 [pool-433-thread-1] INFO  server.RaftServerConfigKeys (ConfUtils.java:logGet(43)) - raft.server.snapshot.auto.trigger.enabled = true (custom)
2019-10-01 21:47:50,517 [pool-413-thread-1] INFO  impl.RaftServerImpl (RaftServerImpl.java:start(181)) - 53bea610-752a-4324-ade7-ce94ca4e0b4e@group-4487ADB0045C: start as a follower, conf=-1: [53bea610-752a-4324-ade7-ce94ca4e0b4e:192.168.157.248:45768, 3e32673e-84bf-47eb-adfc-d2729aaec3f7:192.168.157.248:37299, 03a76c70-887b-4e21-afa9-0cefdfecf0a8:192.168.157.248:36224], old=null
2019-10-01 21:47:50,517 [pool-433-thread-1] INFO  server.RaftServerConfigKeys (ConfUtils.java:logGet(43)) - raft.server.snapshot.auto.trigger.threshold = 10000 (custom)
2019-10-01 21:47:50,517 [pool-423-thread-1] INFO  server.RaftServerConfigKeys (ConfUtils.java:logGet(43)) - raft.server.log.statemachine.data.caching.enabled = true (custom)
2019-10-01 21:47:50,518 [pool-433-thread-1] INFO  server.RaftServerConfigKeys (ConfUtils.java:logGet(43)) - raft.server.snapshot.retention.file.num = 5 (custom)
2019-10-01 21:47:50,517 [pool-413-thread-1] INFO  impl.RaftServerImpl (RaftServerImpl.java:setRole(170)) - 53bea610-752a-4324-ade7-ce94ca4e0b4e@group-4487ADB0045C: changes role from      null to FOLLOWER at term 0 for startAsFollower
2019-10-01 21:47:50,518 [pool-423-thread-1] INFO  segmented.SegmentedRaftLogWorker (SegmentedRaftLogWorker.java:lambda$new$0(128)) - 3e32673e-84bf-47eb-adfc-d2729aaec3f7@group-4487ADB0045C-SegmentedRaftLogWorker: flushIndex: setUnconditionally 0 -> -1
2019-10-01 21:47:50,518 [pool-433-thread-1] INFO  server.RaftServerConfigKeys (ConfUtils.java:logGet(43)) - raft.server.retrycache.expirytime = 600000ms (custom)
2019-10-01 21:47:50,518 [pool-413-thread-1] INFO  impl.RoleInfo (RoleInfo.java:updateAndGet(143)) - 53bea610-752a-4324-ade7-ce94ca4e0b4e: start FollowerState
2019-10-01 21:47:50,518 [pool-423-thread-1] INFO  server.RaftServerConfigKeys (ConfUtils.java:logGet(43)) - raft.server.snapshot.auto.trigger.enabled = true (custom)
2019-10-01 21:47:50,519 [pool-423-thread-1] INFO  server.RaftServerConfigKeys (ConfUtils.java:logGet(43)) - raft.server.snapshot.auto.trigger.threshold = 10000 (custom)
2019-10-01 21:47:50,519 [pool-413-thread-1] INFO  util.JmxRegister (JmxRegister.java:tryRegister(44)) - Successfully registered JMX Bean with object name Ratis:service=RaftServer,group=group-4487ADB0045C,id=53bea610-752a-4324-ade7-ce94ca4e0b4e
2019-10-01 21:47:50,519 [pool-423-thread-1] INFO  server.RaftServerConfigKeys (ConfUtils.java:logGet(43)) - raft.server.snapshot.retention.file.num = 5 (custom)
2019-10-01 21:47:50,522 [pool-423-thread-1] INFO  server.RaftServerConfigKeys (ConfUtils.java:logGet(43)) - raft.server.retrycache.expirytime = 600000ms (custom)
2019-10-01 21:47:50,533 [main] INFO  rpc.RpcClient (RpcClient.java:createBucket(415)) - Creating Bucket: watchforcommithandlingtest/watchforcommithandlingtest, with Versioning false and Storage Type set to DISK and Encryption set to false 
2019-10-01 21:47:50,534 [pool-433-thread-1] INFO  impl.RaftServerImpl (RaftServerImpl.java:start(181)) - 03a76c70-887b-4e21-afa9-0cefdfecf0a8@group-4487ADB0045C: start as a follower, conf=-1: [53bea610-752a-4324-ade7-ce94ca4e0b4e:192.168.157.248:45768, 3e32673e-84bf-47eb-adfc-d2729aaec3f7:192.168.157.248:37299, 03a76c70-887b-4e21-afa9-0cefdfecf0a8:192.168.157.248:36224], old=null
2019-10-01 21:47:50,534 [pool-433-thread-1] INFO  impl.RaftServerImpl (RaftServerImpl.java:setRole(170)) - 03a76c70-887b-4e21-afa9-0cefdfecf0a8@group-4487ADB0045C: changes role from      null to FOLLOWER at term 0 for startAsFollower
2019-10-01 21:47:50,534 [pool-433-thread-1] INFO  impl.RoleInfo (RoleInfo.java:updateAndGet(143)) - 03a76c70-887b-4e21-afa9-0cefdfecf0a8: start FollowerState
2019-10-01 21:47:50,537 [pool-423-thread-1] INFO  impl.RaftServerImpl (RaftServerImpl.java:start(181)) - 3e32673e-84bf-47eb-adfc-d2729aaec3f7@group-4487ADB0045C: start as a follower, conf=-1: [53bea610-752a-4324-ade7-ce94ca4e0b4e:192.168.157.248:45768, 3e32673e-84bf-47eb-adfc-d2729aaec3f7:192.168.157.248:37299, 03a76c70-887b-4e21-afa9-0cefdfecf0a8:192.168.157.248:36224], old=null
2019-10-01 21:47:50,537 [pool-433-thread-1] INFO  util.JmxRegister (JmxRegister.java:tryRegister(44)) - Successfully registered JMX Bean with object name Ratis:service=RaftServer,group=group-4487ADB0045C,id=03a76c70-887b-4e21-afa9-0cefdfecf0a8
2019-10-01 21:47:50,537 [pool-423-thread-1] INFO  impl.RaftServerImpl (RaftServerImpl.java:setRole(170)) - 3e32673e-84bf-47eb-adfc-d2729aaec3f7@group-4487ADB0045C: changes role from      null to FOLLOWER at term 0 for startAsFollower
2019-10-01 21:47:50,537 [pool-423-thread-1] INFO  impl.RoleInfo (RoleInfo.java:updateAndGet(143)) - 3e32673e-84bf-47eb-adfc-d2729aaec3f7: start FollowerState
2019-10-01 21:47:50,538 [main] INFO  ozone.MiniOzoneClusterImpl (MiniOzoneClusterImpl.java:getStorageContainerLocationClient(234)) - Creating StorageContainerLocationProtocol RPC client with address /0.0.0.0:39216
2019-10-01 21:47:50,538 [pool-423-thread-1] INFO  util.JmxRegister (JmxRegister.java:tryRegister(44)) - Successfully registered JMX Bean with object name Ratis:service=RaftServer,group=group-4487ADB0045C,id=3e32673e-84bf-47eb-adfc-d2729aaec3f7
2019-10-01 21:47:50,543 [RatisPipelineUtilsThread] INFO  pipeline.PipelineStateManager (PipelineStateManager.java:addPipeline(56)) - Created pipeline Pipeline[ Id: cf82004f-e3fc-42a1-aec0-4487adb0045c, Nodes: 53bea610-752a-4324-ade7-ce94ca4e0b4e{ip: 192.168.157.248, host: pr-hdds-2225-v7c79-4183396186, networkLocation: /default-rack, certSerialId: null}3e32673e-84bf-47eb-adfc-d2729aaec3f7{ip: 192.168.157.248, host: pr-hdds-2225-v7c79-4183396186, networkLocation: /default-rack, certSerialId: null}03a76c70-887b-4e21-afa9-0cefdfecf0a8{ip: 192.168.157.248, host: pr-hdds-2225-v7c79-4183396186, networkLocation: /default-rack, certSerialId: null}, Type:RATIS, Factor:THREE, State:OPEN]
2019-10-01 21:47:51,019 [grpc-default-executor-3] WARN  server.GrpcLogAppender (LogUtils.java:warn(134)) - 4fe98e1f-8e79-4cc8-ad7c-d8dcfa82ff1e@group-2D3AFA3CB3B2->a6f2d0e5-b69b-4893-b0e1-e493defe37eb-AppendLogResponseHandler: Failed appendEntries: org.apache.ratis.thirdparty.io.grpc.StatusRuntimeException: UNAVAILABLE: io exception
2019-10-01 21:47:51,019 [grpc-default-executor-7] WARN  server.GrpcLogAppender (LogUtils.java:warn(134)) - 4fe98e1f-8e79-4cc8-ad7c-d8dcfa82ff1e@group-2D3AFA3CB3B2->dc8e1fa1-0742-4625-8bed-7dc210043178-AppendLogResponseHandler: Failed appendEntries: org.apache.ratis.thirdparty.io.grpc.StatusRuntimeException: UNAVAILABLE: io exception
2019-10-01 21:47:51,025 [grpc-default-executor-3] INFO  impl.FollowerInfo (FollowerInfo.java:lambda$new$0(51)) - 4fe98e1f-8e79-4cc8-ad7c-d8dcfa82ff1e@group-2D3AFA3CB3B2->a6f2d0e5-b69b-4893-b0e1-e493defe37eb: nextIndex: updateUnconditionally 0 -> 0
2019-10-01 21:47:51,025 [grpc-default-executor-7] INFO  impl.FollowerInfo (FollowerInfo.java:lambda$new$0(51)) - 4fe98e1f-8e79-4cc8-ad7c-d8dcfa82ff1e@group-2D3AFA3CB3B2->dc8e1fa1-0742-4625-8bed-7dc210043178: nextIndex: updateUnconditionally 0 -> 0
2019-10-01 21:47:52,586 [Thread-2340] INFO  client.GrpcClientProtocolService (GrpcClientProtocolService.java:lambda$processClientRequest$0(278)) - Failed RaftClientRequest:client-93850AC7A344->4fe98e1f-8e79-4cc8-ad7c-d8dcfa82ff1e@group-2D3AFA3CB3B2, cid=68, seq=0, Watch-MAJORITY_COMMITTED(101), Message:<EMPTY>, reply=RaftClientReply:client-93850AC7A344->4fe98e1f-8e79-4cc8-ad7c-d8dcfa82ff1e@group-2D3AFA3CB3B2, cid=68, FAILED org.apache.ratis.protocol.NotReplicatedException: Request with call Id 68 and log index 101 is not yet replicated to MAJORITY_COMMITTED, logIndex=101, commits[4fe98e1f-8e79-4cc8-ad7c-d8dcfa82ff1e:c2, dc8e1fa1-0742-4625-8bed-7dc210043178:c2, a6f2d0e5-b69b-4893-b0e1-e493defe37eb:c2]
2019-10-01 21:47:52,915 [Thread-2289] INFO  container.ReplicationManager (ReplicationManager.java:start(162)) - Starting Replication Monitor Thread.
2019-10-01 21:47:52,921 [ReplicationMonitor] INFO  container.ReplicationManager (ReplicationManager.java:run(225)) - Replication Monitor Thread took 0 milliseconds for processing 1 containers.
2019-10-01 21:47:53,520 [grpc-default-executor-8] WARN  server.GrpcLogAppender (LogUtils.java:warn(134)) - 4fe98e1f-8e79-4cc8-ad7c-d8dcfa82ff1e@group-2D3AFA3CB3B2->dc8e1fa1-0742-4625-8bed-7dc210043178-AppendLogResponseHandler: Failed appendEntries: org.apache.ratis.thirdparty.io.grpc.StatusRuntimeException: UNAVAILABLE: io exception
2019-10-01 21:47:53,520 [grpc-default-executor-6] WARN  server.GrpcLogAppender (LogUtils.java:warn(134)) - 4fe98e1f-8e79-4cc8-ad7c-d8dcfa82ff1e@group-2D3AFA3CB3B2->a6f2d0e5-b69b-4893-b0e1-e493defe37eb-AppendLogResponseHandler: Failed appendEntries: org.apache.ratis.thirdparty.io.grpc.StatusRuntimeException: UNAVAILABLE: io exception
2019-10-01 21:47:53,520 [grpc-default-executor-8] INFO  impl.FollowerInfo (FollowerInfo.java:lambda$new$0(51)) - 4fe98e1f-8e79-4cc8-ad7c-d8dcfa82ff1e@group-2D3AFA3CB3B2->dc8e1fa1-0742-4625-8bed-7dc210043178: nextIndex: updateUnconditionally 0 -> 0
2019-10-01 21:47:53,520 [grpc-default-executor-6] INFO  impl.FollowerInfo (FollowerInfo.java:lambda$new$0(51)) - 4fe98e1f-8e79-4cc8-ad7c-d8dcfa82ff1e@group-2D3AFA3CB3B2->a6f2d0e5-b69b-4893-b0e1-e493defe37eb: nextIndex: updateUnconditionally 0 -> 0
2019-10-01 21:47:53,584 [Thread-2345] INFO  client.GrpcClientProtocolService (GrpcClientProtocolService.java:lambda$processClientRequest$0(278)) - Failed RaftClientRequest:client-93850AC7A344->4fe98e1f-8e79-4cc8-ad7c-d8dcfa82ff1e@group-2D3AFA3CB3B2, cid=67, seq=0, Watch-ALL_COMMITTED(101), Message:<EMPTY>, reply=RaftClientReply:client-93850AC7A344->4fe98e1f-8e79-4cc8-ad7c-d8dcfa82ff1e@group-2D3AFA3CB3B2, cid=67, FAILED org.apache.ratis.protocol.NotReplicatedException: Request with call Id 67 and log index 101 is not yet replicated to ALL_COMMITTED, logIndex=101, commits[4fe98e1f-8e79-4cc8-ad7c-d8dcfa82ff1e:c2, dc8e1fa1-0742-4625-8bed-7dc210043178:c2, a6f2d0e5-b69b-4893-b0e1-e493defe37eb:c2]
2019-10-01 21:47:55,058 [Thread-2291] INFO  impl.FollowerState (FollowerState.java:run(108)) - e977b856-88e3-402d-84c7-815713779e4f@group-FF5818FFD95E-FollowerState: change to CANDIDATE, lastRpcTime:5102ms, electionTimeout:5102ms
2019-10-01 21:47:55,059 [Thread-2291] INFO  impl.RoleInfo (RoleInfo.java:shutdownFollowerState(121)) - e977b856-88e3-402d-84c7-815713779e4f: shutdown FollowerState
2019-10-01 21:47:55,059 [Thread-2291] INFO  impl.RaftServerImpl (RaftServerImpl.java:setRole(170)) - e977b856-88e3-402d-84c7-815713779e4f@group-FF5818FFD95E: changes role from  FOLLOWER to CANDIDATE at term 0 for changeToCandidate
2019-10-01 21:47:55,059 [Thread-2291] INFO  impl.RoleInfo (RoleInfo.java:updateAndGet(143)) - e977b856-88e3-402d-84c7-815713779e4f: start LeaderElection
2019-10-01 21:47:55,084 [e977b856-88e3-402d-84c7-815713779e4f@group-FF5818FFD95E-LeaderElection48] INFO  impl.LeaderElection (LeaderElection.java:askForVotes(178)) - e977b856-88e3-402d-84c7-815713779e4f@group-FF5818FFD95E-LeaderElection48: begin an election at term 1 for -1: [e977b856-88e3-402d-84c7-815713779e4f:192.168.157.248:37799], old=null
2019-10-01 21:47:55,089 [e977b856-88e3-402d-84c7-815713779e4f@group-FF5818FFD95E-LeaderElection48] INFO  impl.RoleInfo (RoleInfo.java:shutdownLeaderElection(134)) - e977b856-88e3-402d-84c7-815713779e4f: shutdown LeaderElection
2019-10-01 21:47:55,089 [e977b856-88e3-402d-84c7-815713779e4f@group-FF5818FFD95E-LeaderElection48] INFO  impl.RaftServerImpl (RaftServerImpl.java:setRole(170)) - e977b856-88e3-402d-84c7-815713779e4f@group-FF5818FFD95E: changes role from CANDIDATE to LEADER at term 1 for changeToLeader
2019-10-01 21:47:55,089 [e977b856-88e3-402d-84c7-815713779e4f@group-FF5818FFD95E-LeaderElection48] INFO  impl.RaftServerImpl (ServerState.java:setLeader(255)) - e977b856-88e3-402d-84c7-815713779e4f@group-FF5818FFD95E: change Leader from null to e977b856-88e3-402d-84c7-815713779e4f at term 1 for becomeLeader, leader elected after 5139ms
2019-10-01 21:47:55,094 [e977b856-88e3-402d-84c7-815713779e4f@group-FF5818FFD95E-LeaderElection48] INFO  server.RaftServerConfigKeys (ConfUtils.java:logGet(43)) - raft.server.staging.catchup.gap = 1000 (default)
2019-10-01 21:47:55,094 [e977b856-88e3-402d-84c7-815713779e4f@group-FF5818FFD95E-LeaderElection48] INFO  server.RaftServerConfigKeys (ConfUtils.java:logGet(43)) - raft.server.rpc.sleep.time = 25ms (default)
2019-10-01 21:47:55,094 [e977b856-88e3-402d-84c7-815713779e4f@group-FF5818FFD95E-LeaderElection48] INFO  server.RaftServerConfigKeys (ConfUtils.java:logGet(43)) - raft.server.write.element-limit = 4096 (default)
2019-10-01 21:47:55,095 [e977b856-88e3-402d-84c7-815713779e4f@group-FF5818FFD95E-LeaderElection48] INFO  server.RaftServerConfigKeys (ConfUtils.java:logGet(43)) - raft.server.watch.timeout = 10s (default)
2019-10-01 21:47:55,095 [e977b856-88e3-402d-84c7-815713779e4f@group-FF5818FFD95E-LeaderElection48] INFO  server.RaftServerConfigKeys (ConfUtils.java:logGet(43)) - raft.server.watch.timeout.denomination = 1s (default)
2019-10-01 21:47:55,095 [e977b856-88e3-402d-84c7-815713779e4f@group-FF5818FFD95E-LeaderElection48] INFO  server.RaftServerConfigKeys (ConfUtils.java:logGet(43)) - raft.server.watch.element-limit = 65536 (default)
2019-10-01 21:47:55,098 [e977b856-88e3-402d-84c7-815713779e4f@group-FF5818FFD95E-LeaderElection48] INFO  impl.RoleInfo (RoleInfo.java:updateAndGet(143)) - e977b856-88e3-402d-84c7-815713779e4f: start LeaderState
2019-10-01 21:47:55,099 [e977b856-88e3-402d-84c7-815713779e4f@group-FF5818FFD95E-LeaderElection48] INFO  segmented.SegmentedRaftLogWorker (SegmentedRaftLogWorker.java:startLogSegment(385)) - e977b856-88e3-402d-84c7-815713779e4f@group-FF5818FFD95E-SegmentedRaftLogWorker: Starting segment from index:0
2019-10-01 21:47:55,099 [e977b856-88e3-402d-84c7-815713779e4f@group-FF5818FFD95E-LeaderElection48] INFO  impl.RaftServerImpl (ServerState.java:setRaftConf(356)) - e977b856-88e3-402d-84c7-815713779e4f@group-FF5818FFD95E: set configuration 0: [e977b856-88e3-402d-84c7-815713779e4f:192.168.157.248:37799], old=null at 0
2019-10-01 21:47:55,152 [e977b856-88e3-402d-84c7-815713779e4f@group-FF5818FFD95E-SegmentedRaftLogWorker] INFO  segmented.SegmentedRaftLogWorker (SegmentedRaftLogWorker.java:execute(574)) - e977b856-88e3-402d-84c7-815713779e4f@group-FF5818FFD95E-SegmentedRaftLogWorker: created new log segment /workdir/hadoop-ozone/integration-test/target/test-dir/MiniOzoneClusterImpl-caa61c93-f07a-48d8-a406-3e32b7adb6b2/datanode-0/data/ratis/6e7f0d28-7367-40c8-bc89-ff5818ffd95e/current/log_inprogress_0
2019-10-01 21:47:55,169 [Thread-2294] INFO  impl.FollowerState (FollowerState.java:run(108)) - 1fb700a2-c1d5-42e7-b86a-b29cde3bbecf@group-7798CF1758A9-FollowerState: change to CANDIDATE, lastRpcTime:5150ms, electionTimeout:5150ms
2019-10-01 21:47:55,169 [Thread-2294] INFO  impl.RoleInfo (RoleInfo.java:shutdownFollowerState(121)) - 1fb700a2-c1d5-42e7-b86a-b29cde3bbecf: shutdown FollowerState
2019-10-01 21:47:55,169 [Thread-2294] INFO  impl.RaftServerImpl (RaftServerImpl.java:setRole(170)) - 1fb700a2-c1d5-42e7-b86a-b29cde3bbecf@group-7798CF1758A9: changes role from  FOLLOWER to CANDIDATE at term 0 for changeToCandidate
2019-10-01 21:47:55,169 [Thread-2294] INFO  impl.RoleInfo (RoleInfo.java:updateAndGet(143)) - 1fb700a2-c1d5-42e7-b86a-b29cde3bbecf: start LeaderElection
2019-10-01 21:47:55,185 [Thread-2305] INFO  impl.FollowerState (FollowerState.java:run(108)) - e977b856-88e3-402d-84c7-815713779e4f@group-1EDC2C945AF1-FollowerState: change to CANDIDATE, lastRpcTime:5025ms, electionTimeout:5025ms
2019-10-01 21:47:55,185 [Thread-2305] INFO  impl.RoleInfo (RoleInfo.java:shutdownFollowerState(121)) - e977b856-88e3-402d-84c7-815713779e4f: shutdown FollowerState
2019-10-01 21:47:55,185 [Thread-2305] INFO  impl.RaftServerImpl (RaftServerImpl.java:setRole(170)) - e977b856-88e3-402d-84c7-815713779e4f@group-1EDC2C945AF1: changes role from  FOLLOWER to CANDIDATE at term 0 for changeToCandidate
2019-10-01 21:47:55,185 [Thread-2305] INFO  impl.RoleInfo (RoleInfo.java:updateAndGet(143)) - e977b856-88e3-402d-84c7-815713779e4f: start LeaderElection
2019-10-01 21:47:55,194 [1fb700a2-c1d5-42e7-b86a-b29cde3bbecf@group-7798CF1758A9-LeaderElection49] INFO  impl.LeaderElection (LeaderElection.java:askForVotes(178)) - 1fb700a2-c1d5-42e7-b86a-b29cde3bbecf@group-7798CF1758A9-LeaderElection49: begin an election at term 1 for -1: [1fb700a2-c1d5-42e7-b86a-b29cde3bbecf:192.168.157.248:38564], old=null
2019-10-01 21:47:55,194 [1fb700a2-c1d5-42e7-b86a-b29cde3bbecf@group-7798CF1758A9-LeaderElection49] INFO  impl.RoleInfo (RoleInfo.java:shutdownLeaderElection(134)) - 1fb700a2-c1d5-42e7-b86a-b29cde3bbecf: shutdown LeaderElection
2019-10-01 21:47:55,194 [1fb700a2-c1d5-42e7-b86a-b29cde3bbecf@group-7798CF1758A9-LeaderElection49] INFO  impl.RaftServerImpl (RaftServerImpl.java:setRole(170)) - 1fb700a2-c1d5-42e7-b86a-b29cde3bbecf@group-7798CF1758A9: changes role from CANDIDATE to LEADER at term 1 for changeToLeader
2019-10-01 21:47:55,195 [1fb700a2-c1d5-42e7-b86a-b29cde3bbecf@group-7798CF1758A9-LeaderElection49] INFO  impl.RaftServerImpl (ServerState.java:setLeader(255)) - 1fb700a2-c1d5-42e7-b86a-b29cde3bbecf@group-7798CF1758A9: change Leader from null to 1fb700a2-c1d5-42e7-b86a-b29cde3bbecf at term 1 for becomeLeader, leader elected after 5183ms
2019-10-01 21:47:55,195 [1fb700a2-c1d5-42e7-b86a-b29cde3bbecf@group-7798CF1758A9-LeaderElection49] INFO  server.RaftServerConfigKeys (ConfUtils.java:logGet(43)) - raft.server.staging.catchup.gap = 1000 (default)
2019-10-01 21:47:55,195 [1fb700a2-c1d5-42e7-b86a-b29cde3bbecf@group-7798CF1758A9-LeaderElection49] INFO  server.RaftServerConfigKeys (ConfUtils.java:logGet(43)) - raft.server.rpc.sleep.time = 25ms (default)
2019-10-01 21:47:55,195 [1fb700a2-c1d5-42e7-b86a-b29cde3bbecf@group-7798CF1758A9-LeaderElection49] INFO  server.RaftServerConfigKeys (ConfUtils.java:logGet(43)) - raft.server.write.element-limit = 4096 (default)
2019-10-01 21:47:55,195 [1fb700a2-c1d5-42e7-b86a-b29cde3bbecf@group-7798CF1758A9-LeaderElection49] INFO  server.RaftServerConfigKeys (ConfUtils.java:logGet(43)) - raft.server.watch.timeout = 10s (default)
2019-10-01 21:47:55,195 [1fb700a2-c1d5-42e7-b86a-b29cde3bbecf@group-7798CF1758A9-LeaderElection49] INFO  server.RaftServerConfigKeys (ConfUtils.java:logGet(43)) - raft.server.watch.timeout.denomination = 1s (default)
2019-10-01 21:47:55,195 [1fb700a2-c1d5-42e7-b86a-b29cde3bbecf@group-7798CF1758A9-LeaderElection49] INFO  server.RaftServerConfigKeys (ConfUtils.java:logGet(43)) - raft.server.watch.element-limit = 65536 (default)
2019-10-01 21:47:55,198 [1fb700a2-c1d5-42e7-b86a-b29cde3bbecf@group-7798CF1758A9-LeaderElection49] INFO  impl.RoleInfo (RoleInfo.java:updateAndGet(143)) - 1fb700a2-c1d5-42e7-b86a-b29cde3bbecf: start LeaderState
2019-10-01 21:47:55,198 [1fb700a2-c1d5-42e7-b86a-b29cde3bbecf@group-7798CF1758A9-LeaderElection49] INFO  segmented.SegmentedRaftLogWorker (SegmentedRaftLogWorker.java:startLogSegment(385)) - 1fb700a2-c1d5-42e7-b86a-b29cde3bbecf@group-7798CF1758A9-SegmentedRaftLogWorker: Starting segment from index:0
2019-10-01 21:47:55,199 [1fb700a2-c1d5-42e7-b86a-b29cde3bbecf@group-7798CF1758A9-LeaderElection49] INFO  impl.RaftServerImpl (ServerState.java:setRaftConf(356)) - 1fb700a2-c1d5-42e7-b86a-b29cde3bbecf@group-7798CF1758A9: set configuration 0: [1fb700a2-c1d5-42e7-b86a-b29cde3bbecf:192.168.157.248:38564], old=null at 0
2019-10-01 21:47:55,203 [Thread-2297] INFO  impl.FollowerState (FollowerState.java:run(108)) - 74ad5ab1-f2eb-4d98-8d08-675a65c2e4fe@group-A7B4416462BC-FollowerState: change to CANDIDATE, lastRpcTime:5094ms, electionTimeout:5094ms
2019-10-01 21:47:55,203 [Thread-2297] INFO  impl.RoleInfo (RoleInfo.java:shutdownFollowerState(121)) - 74ad5ab1-f2eb-4d98-8d08-675a65c2e4fe: shutdown FollowerState
2019-10-01 21:47:55,203 [Thread-2297] INFO  impl.RaftServerImpl (RaftServerImpl.java:setRole(170)) - 74ad5ab1-f2eb-4d98-8d08-675a65c2e4fe@group-A7B4416462BC: changes role from  FOLLOWER to CANDIDATE at term 0 for changeToCandidate
2019-10-01 21:47:55,203 [Thread-2297] INFO  impl.RoleInfo (RoleInfo.java:updateAndGet(143)) - 74ad5ab1-f2eb-4d98-8d08-675a65c2e4fe: start LeaderElection
2019-10-01 21:47:55,234 [e977b856-88e3-402d-84c7-815713779e4f@group-1EDC2C945AF1-LeaderElection50] INFO  impl.LeaderElection (LeaderElection.java:askForVotes(178)) - e977b856-88e3-402d-84c7-815713779e4f@group-1EDC2C945AF1-LeaderElection50: begin an election at term 1 for -1: [1fb700a2-c1d5-42e7-b86a-b29cde3bbecf:192.168.157.248:38564, 74ad5ab1-f2eb-4d98-8d08-675a65c2e4fe:192.168.157.248:34673, e977b856-88e3-402d-84c7-815713779e4f:192.168.157.248:37799], old=null
2019-10-01 21:47:55,245 [grpc-default-executor-6] INFO  impl.RaftServerImpl (RaftServerImpl.java:setRole(170)) - 1fb700a2-c1d5-42e7-b86a-b29cde3bbecf@group-1EDC2C945AF1: changes role from  FOLLOWER to FOLLOWER at term 1 for recognizeCandidate:e977b856-88e3-402d-84c7-815713779e4f
2019-10-01 21:47:55,245 [grpc-default-executor-8] INFO  impl.RaftServerImpl (RaftServerImpl.java:setRole(170)) - 74ad5ab1-f2eb-4d98-8d08-675a65c2e4fe@group-1EDC2C945AF1: changes role from  FOLLOWER to FOLLOWER at term 1 for recognizeCandidate:e977b856-88e3-402d-84c7-815713779e4f
2019-10-01 21:47:55,245 [grpc-default-executor-6] INFO  impl.RoleInfo (RoleInfo.java:shutdownFollowerState(121)) - 1fb700a2-c1d5-42e7-b86a-b29cde3bbecf: shutdown FollowerState
2019-10-01 21:47:55,245 [grpc-default-executor-8] INFO  impl.RoleInfo (RoleInfo.java:shutdownFollowerState(121)) - 74ad5ab1-f2eb-4d98-8d08-675a65c2e4fe: shutdown FollowerState
2019-10-01 21:47:55,246 [grpc-default-executor-6] INFO  impl.RoleInfo (RoleInfo.java:updateAndGet(143)) - 1fb700a2-c1d5-42e7-b86a-b29cde3bbecf: start FollowerState
2019-10-01 21:47:55,246 [Thread-2300] INFO  impl.FollowerState (FollowerState.java:run(117)) - 1fb700a2-c1d5-42e7-b86a-b29cde3bbecf@group-1EDC2C945AF1-FollowerState was interrupted: java.lang.InterruptedException: sleep interrupted
2019-10-01 21:47:55,246 [1fb700a2-c1d5-42e7-b86a-b29cde3bbecf@group-7798CF1758A9-SegmentedRaftLogWorker] INFO  segmented.SegmentedRaftLogWorker (SegmentedRaftLogWorker.java:execute(574)) - 1fb700a2-c1d5-42e7-b86a-b29cde3bbecf@group-7798CF1758A9-SegmentedRaftLogWorker: created new log segment /workdir/hadoop-ozone/integration-test/target/test-dir/MiniOzoneClusterImpl-caa61c93-f07a-48d8-a406-3e32b7adb6b2/datanode-1/data/ratis/e69e71ad-a970-4667-8257-7798cf1758a9/current/log_inprogress_0
2019-10-01 21:47:55,246 [74ad5ab1-f2eb-4d98-8d08-675a65c2e4fe@group-A7B4416462BC-LeaderElection51] INFO  impl.LeaderElection (LeaderElection.java:askForVotes(178)) - 74ad5ab1-f2eb-4d98-8d08-675a65c2e4fe@group-A7B4416462BC-LeaderElection51: begin an election at term 1 for -1: [74ad5ab1-f2eb-4d98-8d08-675a65c2e4fe:192.168.157.248:34673], old=null
2019-10-01 21:47:55,246 [Thread-2304] INFO  impl.FollowerState (FollowerState.java:run(117)) - 74ad5ab1-f2eb-4d98-8d08-675a65c2e4fe@group-1EDC2C945AF1-FollowerState was interrupted: java.lang.InterruptedException: sleep interrupted
2019-10-01 21:47:55,246 [grpc-default-executor-8] INFO  impl.RoleInfo (RoleInfo.java:updateAndGet(143)) - 74ad5ab1-f2eb-4d98-8d08-675a65c2e4fe: start FollowerState
2019-10-01 21:47:55,250 [74ad5ab1-f2eb-4d98-8d08-675a65c2e4fe@group-A7B4416462BC-LeaderElection51] INFO  impl.RoleInfo (RoleInfo.java:shutdownLeaderElection(134)) - 74ad5ab1-f2eb-4d98-8d08-675a65c2e4fe: shutdown LeaderElection
2019-10-01 21:47:55,253 [74ad5ab1-f2eb-4d98-8d08-675a65c2e4fe@group-A7B4416462BC-LeaderElection51] INFO  impl.RaftServerImpl (RaftServerImpl.java:setRole(170)) - 74ad5ab1-f2eb-4d98-8d08-675a65c2e4fe@group-A7B4416462BC: changes role from CANDIDATE to LEADER at term 1 for changeToLeader
2019-10-01 21:47:55,253 [74ad5ab1-f2eb-4d98-8d08-675a65c2e4fe@group-A7B4416462BC-LeaderElection51] INFO  impl.RaftServerImpl (ServerState.java:setLeader(255)) - 74ad5ab1-f2eb-4d98-8d08-675a65c2e4fe@group-A7B4416462BC: change Leader from null to 74ad5ab1-f2eb-4d98-8d08-675a65c2e4fe at term 1 for becomeLeader, leader elected after 5151ms
2019-10-01 21:47:55,254 [74ad5ab1-f2eb-4d98-8d08-675a65c2e4fe@group-A7B4416462BC-LeaderElection51] INFO  server.RaftServerConfigKeys (ConfUtils.java:logGet(43)) - raft.server.staging.catchup.gap = 1000 (default)
2019-10-01 21:47:55,254 [74ad5ab1-f2eb-4d98-8d08-675a65c2e4fe@group-A7B4416462BC-LeaderElection51] INFO  server.RaftServerConfigKeys (ConfUtils.java:logGet(43)) - raft.server.rpc.sleep.time = 25ms (default)
2019-10-01 21:47:55,254 [74ad5ab1-f2eb-4d98-8d08-675a65c2e4fe@group-A7B4416462BC-LeaderElection51] INFO  server.RaftServerConfigKeys (ConfUtils.java:logGet(43)) - raft.server.write.element-limit = 4096 (default)
2019-10-01 21:47:55,254 [74ad5ab1-f2eb-4d98-8d08-675a65c2e4fe@group-A7B4416462BC-LeaderElection51] INFO  server.RaftServerConfigKeys (ConfUtils.java:logGet(43)) - raft.server.watch.timeout = 10s (default)
2019-10-01 21:47:55,254 [74ad5ab1-f2eb-4d98-8d08-675a65c2e4fe@group-A7B4416462BC-LeaderElection51] INFO  server.RaftServerConfigKeys (ConfUtils.java:logGet(43)) - raft.server.watch.timeout.denomination = 1s (default)
2019-10-01 21:47:55,254 [74ad5ab1-f2eb-4d98-8d08-675a65c2e4fe@group-A7B4416462BC-LeaderElection51] INFO  server.RaftServerConfigKeys (ConfUtils.java:logGet(43)) - raft.server.watch.element-limit = 65536 (default)
2019-10-01 21:47:55,257 [74ad5ab1-f2eb-4d98-8d08-675a65c2e4fe@group-A7B4416462BC-LeaderElection51] INFO  impl.RoleInfo (RoleInfo.java:updateAndGet(143)) - 74ad5ab1-f2eb-4d98-8d08-675a65c2e4fe: start LeaderState
2019-10-01 21:47:55,257 [74ad5ab1-f2eb-4d98-8d08-675a65c2e4fe@group-A7B4416462BC-LeaderElection51] INFO  segmented.SegmentedRaftLogWorker (SegmentedRaftLogWorker.java:startLogSegment(385)) - 74ad5ab1-f2eb-4d98-8d08-675a65c2e4fe@group-A7B4416462BC-SegmentedRaftLogWorker: Starting segment from index:0
2019-10-01 21:47:55,258 [74ad5ab1-f2eb-4d98-8d08-675a65c2e4fe@group-A7B4416462BC-LeaderElection51] INFO  impl.RaftServerImpl (ServerState.java:setRaftConf(356)) - 74ad5ab1-f2eb-4d98-8d08-675a65c2e4fe@group-A7B4416462BC: set configuration 0: [74ad5ab1-f2eb-4d98-8d08-675a65c2e4fe:192.168.157.248:34673], old=null at 0
2019-10-01 21:47:55,261 [e977b856-88e3-402d-84c7-815713779e4f@group-1EDC2C945AF1-LeaderElection50] INFO  impl.LeaderElection (LeaderElection.java:logAndReturn(56)) - e977b856-88e3-402d-84c7-815713779e4f@group-1EDC2C945AF1-LeaderElection50: Election PASSED; received 1 response(s) [e977b856-88e3-402d-84c7-815713779e4f<-1fb700a2-c1d5-42e7-b86a-b29cde3bbecf#0:OK-t1] and 0 exception(s); e977b856-88e3-402d-84c7-815713779e4f@group-1EDC2C945AF1:t1, leader=null, voted=e977b856-88e3-402d-84c7-815713779e4f, raftlog=e977b856-88e3-402d-84c7-815713779e4f@group-1EDC2C945AF1-SegmentedRaftLog:OPENED:c-1,f-1,i0, conf=-1: [1fb700a2-c1d5-42e7-b86a-b29cde3bbecf:192.168.157.248:38564, 74ad5ab1-f2eb-4d98-8d08-675a65c2e4fe:192.168.157.248:34673, e977b856-88e3-402d-84c7-815713779e4f:192.168.157.248:37799], old=null
2019-10-01 21:47:55,261 [e977b856-88e3-402d-84c7-815713779e4f@group-1EDC2C945AF1-LeaderElection50] INFO  impl.RoleInfo (RoleInfo.java:shutdownLeaderElection(134)) - e977b856-88e3-402d-84c7-815713779e4f: shutdown LeaderElection
2019-10-01 21:47:55,261 [e977b856-88e3-402d-84c7-815713779e4f@group-1EDC2C945AF1-LeaderElection50] INFO  impl.RaftServerImpl (RaftServerImpl.java:setRole(170)) - e977b856-88e3-402d-84c7-815713779e4f@group-1EDC2C945AF1: changes role from CANDIDATE to LEADER at term 1 for changeToLeader
2019-10-01 21:47:55,261 [e977b856-88e3-402d-84c7-815713779e4f@group-1EDC2C945AF1-LeaderElection50] INFO  impl.RaftServerImpl (ServerState.java:setLeader(255)) - e977b856-88e3-402d-84c7-815713779e4f@group-1EDC2C945AF1: change Leader from null to e977b856-88e3-402d-84c7-815713779e4f at term 1 for becomeLeader, leader elected after 5110ms
2019-10-01 21:47:55,261 [e977b856-88e3-402d-84c7-815713779e4f@group-1EDC2C945AF1-LeaderElection50] INFO  server.RaftServerConfigKeys (ConfUtils.java:logGet(43)) - raft.server.staging.catchup.gap = 1000 (default)
2019-10-01 21:47:55,261 [e977b856-88e3-402d-84c7-815713779e4f@group-1EDC2C945AF1-LeaderElection50] INFO  server.RaftServerConfigKeys (ConfUtils.java:logGet(43)) - raft.server.rpc.sleep.time = 25ms (default)
2019-10-01 21:47:55,262 [e977b856-88e3-402d-84c7-815713779e4f@group-1EDC2C945AF1-LeaderElection50] INFO  server.RaftServerConfigKeys (ConfUtils.java:logGet(43)) - raft.server.write.element-limit = 4096 (default)
2019-10-01 21:47:55,262 [e977b856-88e3-402d-84c7-815713779e4f@group-1EDC2C945AF1-LeaderElection50] INFO  server.RaftServerConfigKeys (ConfUtils.java:logGet(43)) - raft.server.watch.timeout = 10s (default)
2019-10-01 21:47:55,262 [e977b856-88e3-402d-84c7-815713779e4f@group-1EDC2C945AF1-LeaderElection50] INFO  server.RaftServerConfigKeys (ConfUtils.java:logGet(43)) - raft.server.watch.timeout.denomination = 1s (default)
2019-10-01 21:47:55,262 [e977b856-88e3-402d-84c7-815713779e4f@group-1EDC2C945AF1-LeaderElection50] INFO  server.RaftServerConfigKeys (ConfUtils.java:logGet(43)) - raft.server.watch.element-limit = 65536 (default)
2019-10-01 21:47:55,264 [e977b856-88e3-402d-84c7-815713779e4f@group-1EDC2C945AF1-LeaderElection50] INFO  server.RaftServerConfigKeys (ConfUtils.java:logGet(43)) - raft.server.log.appender.snapshot.chunk.size.max = 16MB (=16777216) (default)
2019-10-01 21:47:55,264 [e977b856-88e3-402d-84c7-815713779e4f@group-1EDC2C945AF1-LeaderElection50] INFO  server.RaftServerConfigKeys (ConfUtils.java:logGet(43)) - raft.server.log.appender.buffer.byte-limit = 33554432 (custom)
2019-10-01 21:47:55,264 [e977b856-88e3-402d-84c7-815713779e4f@group-1EDC2C945AF1-LeaderElection50] INFO  server.RaftServerConfigKeys (ConfUtils.java:logGet(43)) - raft.server.log.appender.buffer.element-limit = 1 (custom)
2019-10-01 21:47:55,265 [e977b856-88e3-402d-84c7-815713779e4f@group-1EDC2C945AF1-LeaderElection50] INFO  grpc.GrpcConfigKeys$Server (ConfUtils.java:logGet(43)) - raft.grpc.server.leader.outstanding.appends.max = 128 (default)
2019-10-01 21:47:55,265 [e977b856-88e3-402d-84c7-815713779e4f@group-1EDC2C945AF1-LeaderElection50] INFO  server.RaftServerConfigKeys (ConfUtils.java:logGet(43)) - raft.server.rpc.request.timeout = 3000ms (default)
2019-10-01 21:47:55,265 [e977b856-88e3-402d-84c7-815713779e4f@group-1EDC2C945AF1-LeaderElection50] INFO  server.RaftServerConfigKeys (ConfUtils.java:logGet(43)) - raft.server.log.appender.install.snapshot.enabled = false (custom)
2019-10-01 21:47:55,265 [e977b856-88e3-402d-84c7-815713779e4f@group-1EDC2C945AF1-LeaderElection50] INFO  server.RaftServerConfigKeys (ConfUtils.java:logGet(43)) - raft.server.log.appender.snapshot.chunk.size.max = 16MB (=16777216) (default)
2019-10-01 21:47:55,266 [e977b856-88e3-402d-84c7-815713779e4f@group-1EDC2C945AF1-LeaderElection50] INFO  server.RaftServerConfigKeys (ConfUtils.java:logGet(43)) - raft.server.log.appender.buffer.byte-limit = 33554432 (custom)
2019-10-01 21:47:55,266 [e977b856-88e3-402d-84c7-815713779e4f@group-1EDC2C945AF1-LeaderElection50] INFO  server.RaftServerConfigKeys (ConfUtils.java:logGet(43)) - raft.server.log.appender.buffer.element-limit = 1 (custom)
2019-10-01 21:47:55,266 [e977b856-88e3-402d-84c7-815713779e4f@group-1EDC2C945AF1-LeaderElection50] INFO  grpc.GrpcConfigKeys$Server (ConfUtils.java:logGet(43)) - raft.grpc.server.leader.outstanding.appends.max = 128 (default)
2019-10-01 21:47:55,266 [e977b856-88e3-402d-84c7-815713779e4f@group-1EDC2C945AF1-LeaderElection50] INFO  server.RaftServerConfigKeys (ConfUtils.java:logGet(43)) - raft.server.rpc.request.timeout = 3000ms (default)
2019-10-01 21:47:55,266 [e977b856-88e3-402d-84c7-815713779e4f@group-1EDC2C945AF1-LeaderElection50] INFO  server.RaftServerConfigKeys (ConfUtils.java:logGet(43)) - raft.server.log.appender.install.snapshot.enabled = false (custom)
2019-10-01 21:47:55,267 [e977b856-88e3-402d-84c7-815713779e4f@group-1EDC2C945AF1-LeaderElection50] INFO  impl.RoleInfo (RoleInfo.java:updateAndGet(143)) - e977b856-88e3-402d-84c7-815713779e4f: start LeaderState
2019-10-01 21:47:55,267 [e977b856-88e3-402d-84c7-815713779e4f@group-1EDC2C945AF1-LeaderElection50] INFO  segmented.SegmentedRaftLogWorker (SegmentedRaftLogWorker.java:startLogSegment(385)) - e977b856-88e3-402d-84c7-815713779e4f@group-1EDC2C945AF1-SegmentedRaftLogWorker: Starting segment from index:0
2019-10-01 21:47:55,268 [e977b856-88e3-402d-84c7-815713779e4f@group-1EDC2C945AF1-LeaderElection50] INFO  impl.RaftServerImpl (ServerState.java:setRaftConf(356)) - e977b856-88e3-402d-84c7-815713779e4f@group-1EDC2C945AF1: set configuration 0: [1fb700a2-c1d5-42e7-b86a-b29cde3bbecf:192.168.157.248:38564, 74ad5ab1-f2eb-4d98-8d08-675a65c2e4fe:192.168.157.248:34673, e977b856-88e3-402d-84c7-815713779e4f:192.168.157.248:37799], old=null at 0
2019-10-01 21:47:55,269 [grpc-default-executor-6] INFO  impl.RaftServerImpl (ServerState.java:setLeader(255)) - 1fb700a2-c1d5-42e7-b86a-b29cde3bbecf@group-1EDC2C945AF1: change Leader from null to e977b856-88e3-402d-84c7-815713779e4f at term 1 for appendEntries, leader elected after 5130ms
2019-10-01 21:47:55,311 [grpc-default-executor-8] INFO  impl.RaftServerImpl (ServerState.java:setLeader(255)) - 74ad5ab1-f2eb-4d98-8d08-675a65c2e4fe@group-1EDC2C945AF1: change Leader from null to e977b856-88e3-402d-84c7-815713779e4f at term 1 for appendEntries, leader elected after 5161ms
2019-10-01 21:47:55,323 [grpc-default-executor-6] INFO  impl.RaftServerImpl (ServerState.java:setRaftConf(356)) - 74ad5ab1-f2eb-4d98-8d08-675a65c2e4fe@group-1EDC2C945AF1: set configuration 0: [1fb700a2-c1d5-42e7-b86a-b29cde3bbecf:192.168.157.248:38564, 74ad5ab1-f2eb-4d98-8d08-675a65c2e4fe:192.168.157.248:34673, e977b856-88e3-402d-84c7-815713779e4f:192.168.157.248:37799], old=null at 0
2019-10-01 21:47:55,324 [e977b856-88e3-402d-84c7-815713779e4f@group-1EDC2C945AF1-SegmentedRaftLogWorker] INFO  segmented.SegmentedRaftLogWorker (SegmentedRaftLogWorker.java:execute(574)) - e977b856-88e3-402d-84c7-815713779e4f@group-1EDC2C945AF1-SegmentedRaftLogWorker: created new log segment /workdir/hadoop-ozone/integration-test/target/test-dir/MiniOzoneClusterImpl-caa61c93-f07a-48d8-a406-3e32b7adb6b2/datanode-0/data/ratis/992a3d63-5098-4063-8972-1edc2c945af1/current/log_inprogress_0
2019-10-01 21:47:55,324 [grpc-default-executor-6] INFO  segmented.SegmentedRaftLogWorker (SegmentedRaftLogWorker.java:startLogSegment(385)) - 74ad5ab1-f2eb-4d98-8d08-675a65c2e4fe@group-1EDC2C945AF1-SegmentedRaftLogWorker: Starting segment from index:0
2019-10-01 21:47:55,324 [74ad5ab1-f2eb-4d98-8d08-675a65c2e4fe@group-A7B4416462BC-SegmentedRaftLogWorker] INFO  segmented.SegmentedRaftLogWorker (SegmentedRaftLogWorker.java:execute(574)) - 74ad5ab1-f2eb-4d98-8d08-675a65c2e4fe@group-A7B4416462BC-SegmentedRaftLogWorker: created new log segment /workdir/hadoop-ozone/integration-test/target/test-dir/MiniOzoneClusterImpl-caa61c93-f07a-48d8-a406-3e32b7adb6b2/datanode-2/data/ratis/7dd1d6f1-5023-4096-9edb-a7b4416462bc/current/log_inprogress_0
2019-10-01 21:47:55,323 [grpc-default-executor-8] INFO  impl.RaftServerImpl (ServerState.java:setRaftConf(356)) - 1fb700a2-c1d5-42e7-b86a-b29cde3bbecf@group-1EDC2C945AF1: set configuration 0: [1fb700a2-c1d5-42e7-b86a-b29cde3bbecf:192.168.157.248:38564, 74ad5ab1-f2eb-4d98-8d08-675a65c2e4fe:192.168.157.248:34673, e977b856-88e3-402d-84c7-815713779e4f:192.168.157.248:37799], old=null at 0
2019-10-01 21:47:55,325 [grpc-default-executor-8] INFO  segmented.SegmentedRaftLogWorker (SegmentedRaftLogWorker.java:startLogSegment(385)) - 1fb700a2-c1d5-42e7-b86a-b29cde3bbecf@group-1EDC2C945AF1-SegmentedRaftLogWorker: Starting segment from index:0
2019-10-01 21:47:55,349 [Thread-2312] INFO  impl.FollowerState (FollowerState.java:run(108)) - 3e32673e-84bf-47eb-adfc-d2729aaec3f7@group-3C5F78476644-FollowerState: change to CANDIDATE, lastRpcTime:5035ms, electionTimeout:5035ms
2019-10-01 21:47:55,349 [Thread-2312] INFO  impl.RoleInfo (RoleInfo.java:shutdownFollowerState(121)) - 3e32673e-84bf-47eb-adfc-d2729aaec3f7: shutdown FollowerState
2019-10-01 21:47:55,349 [Thread-2312] INFO  impl.RaftServerImpl (RaftServerImpl.java:setRole(170)) - 3e32673e-84bf-47eb-adfc-d2729aaec3f7@group-3C5F78476644: changes role from  FOLLOWER to CANDIDATE at term 0 for changeToCandidate
2019-10-01 21:47:55,350 [Thread-2312] INFO  impl.RoleInfo (RoleInfo.java:updateAndGet(143)) - 3e32673e-84bf-47eb-adfc-d2729aaec3f7: start LeaderElection
2019-10-01 21:47:55,381 [Thread-2309] INFO  impl.FollowerState (FollowerState.java:run(108)) - 53bea610-752a-4324-ade7-ce94ca4e0b4e@group-81331BF82ACD-FollowerState: change to CANDIDATE, lastRpcTime:5149ms, electionTimeout:5148ms
2019-10-01 21:47:55,381 [Thread-2309] INFO  impl.RoleInfo (RoleInfo.java:shutdownFollowerState(121)) - 53bea610-752a-4324-ade7-ce94ca4e0b4e: shutdown FollowerState
2019-10-01 21:47:55,381 [Thread-2309] INFO  impl.RaftServerImpl (RaftServerImpl.java:setRole(170)) - 53bea610-752a-4324-ade7-ce94ca4e0b4e@group-81331BF82ACD: changes role from  FOLLOWER to CANDIDATE at term 0 for changeToCandidate
2019-10-01 21:47:55,381 [Thread-2309] INFO  impl.RoleInfo (RoleInfo.java:updateAndGet(143)) - 53bea610-752a-4324-ade7-ce94ca4e0b4e: start LeaderElection
2019-10-01 21:47:55,392 [74ad5ab1-f2eb-4d98-8d08-675a65c2e4fe@group-1EDC2C945AF1-SegmentedRaftLogWorker] INFO  segmented.SegmentedRaftLogWorker (SegmentedRaftLogWorker.java:execute(574)) - 74ad5ab1-f2eb-4d98-8d08-675a65c2e4fe@group-1EDC2C945AF1-SegmentedRaftLogWorker: created new log segment /workdir/hadoop-ozone/integration-test/target/test-dir/MiniOzoneClusterImpl-caa61c93-f07a-48d8-a406-3e32b7adb6b2/datanode-2/data/ratis/992a3d63-5098-4063-8972-1edc2c945af1/current/log_inprogress_0
2019-10-01 21:47:55,392 [1fb700a2-c1d5-42e7-b86a-b29cde3bbecf@group-1EDC2C945AF1-SegmentedRaftLogWorker] INFO  segmented.SegmentedRaftLogWorker (SegmentedRaftLogWorker.java:execute(574)) - 1fb700a2-c1d5-42e7-b86a-b29cde3bbecf@group-1EDC2C945AF1-SegmentedRaftLogWorker: created new log segment /workdir/hadoop-ozone/integration-test/target/test-dir/MiniOzoneClusterImpl-caa61c93-f07a-48d8-a406-3e32b7adb6b2/datanode-1/data/ratis/992a3d63-5098-4063-8972-1edc2c945af1/current/log_inprogress_0
2019-10-01 21:47:55,393 [3e32673e-84bf-47eb-adfc-d2729aaec3f7@group-3C5F78476644-LeaderElection52] INFO  impl.LeaderElection (LeaderElection.java:askForVotes(178)) - 3e32673e-84bf-47eb-adfc-d2729aaec3f7@group-3C5F78476644-LeaderElection52: begin an election at term 1 for -1: [3e32673e-84bf-47eb-adfc-d2729aaec3f7:192.168.157.248:37299], old=null
2019-10-01 21:47:55,393 [3e32673e-84bf-47eb-adfc-d2729aaec3f7@group-3C5F78476644-LeaderElection52] INFO  impl.RoleInfo (RoleInfo.java:shutdownLeaderElection(134)) - 3e32673e-84bf-47eb-adfc-d2729aaec3f7: shutdown LeaderElection
2019-10-01 21:47:55,393 [3e32673e-84bf-47eb-adfc-d2729aaec3f7@group-3C5F78476644-LeaderElection52] INFO  impl.RaftServerImpl (RaftServerImpl.java:setRole(170)) - 3e32673e-84bf-47eb-adfc-d2729aaec3f7@group-3C5F78476644: changes role from CANDIDATE to LEADER at term 1 for changeToLeader
2019-10-01 21:47:55,393 [3e32673e-84bf-47eb-adfc-d2729aaec3f7@group-3C5F78476644-LeaderElection52] INFO  impl.RaftServerImpl (ServerState.java:setLeader(255)) - 3e32673e-84bf-47eb-adfc-d2729aaec3f7@group-3C5F78476644: change Leader from null to 3e32673e-84bf-47eb-adfc-d2729aaec3f7 at term 1 for becomeLeader, leader elected after 5086ms
2019-10-01 21:47:55,393 [3e32673e-84bf-47eb-adfc-d2729aaec3f7@group-3C5F78476644-LeaderElection52] INFO  server.RaftServerConfigKeys (ConfUtils.java:logGet(43)) - raft.server.staging.catchup.gap = 1000 (default)
2019-10-01 21:47:55,394 [3e32673e-84bf-47eb-adfc-d2729aaec3f7@group-3C5F78476644-LeaderElection52] INFO  server.RaftServerConfigKeys (ConfUtils.java:logGet(43)) - raft.server.rpc.sleep.time = 25ms (default)
2019-10-01 21:47:55,394 [3e32673e-84bf-47eb-adfc-d2729aaec3f7@group-3C5F78476644-LeaderElection52] INFO  server.RaftServerConfigKeys (ConfUtils.java:logGet(43)) - raft.server.write.element-limit = 4096 (default)
2019-10-01 21:47:55,394 [3e32673e-84bf-47eb-adfc-d2729aaec3f7@group-3C5F78476644-LeaderElection52] INFO  server.RaftServerConfigKeys (ConfUtils.java:logGet(43)) - raft.server.watch.timeout = 10s (default)
2019-10-01 21:47:55,394 [3e32673e-84bf-47eb-adfc-d2729aaec3f7@group-3C5F78476644-LeaderElection52] INFO  server.RaftServerConfigKeys (ConfUtils.java:logGet(43)) - raft.server.watch.timeout.denomination = 1s (default)
2019-10-01 21:47:55,394 [3e32673e-84bf-47eb-adfc-d2729aaec3f7@group-3C5F78476644-LeaderElection52] INFO  server.RaftServerConfigKeys (ConfUtils.java:logGet(43)) - raft.server.watch.element-limit = 65536 (default)
2019-10-01 21:47:55,396 [3e32673e-84bf-47eb-adfc-d2729aaec3f7@group-3C5F78476644-LeaderElection52] INFO  impl.RoleInfo (RoleInfo.java:updateAndGet(143)) - 3e32673e-84bf-47eb-adfc-d2729aaec3f7: start LeaderState
2019-10-01 21:47:55,396 [3e32673e-84bf-47eb-adfc-d2729aaec3f7@group-3C5F78476644-LeaderElection52] INFO  segmented.SegmentedRaftLogWorker (SegmentedRaftLogWorker.java:startLogSegment(385)) - 3e32673e-84bf-47eb-adfc-d2729aaec3f7@group-3C5F78476644-SegmentedRaftLogWorker: Starting segment from index:0
2019-10-01 21:47:55,397 [3e32673e-84bf-47eb-adfc-d2729aaec3f7@group-3C5F78476644-LeaderElection52] INFO  impl.RaftServerImpl (ServerState.java:setRaftConf(356)) - 3e32673e-84bf-47eb-adfc-d2729aaec3f7@group-3C5F78476644: set configuration 0: [3e32673e-84bf-47eb-adfc-d2729aaec3f7:192.168.157.248:37299], old=null at 0
2019-10-01 21:47:55,406 [53bea610-752a-4324-ade7-ce94ca4e0b4e@group-81331BF82ACD-LeaderElection53] INFO  impl.LeaderElection (LeaderElection.java:askForVotes(178)) - 53bea610-752a-4324-ade7-ce94ca4e0b4e@group-81331BF82ACD-LeaderElection53: begin an election at term 1 for -1: [53bea610-752a-4324-ade7-ce94ca4e0b4e:192.168.157.248:45768], old=null
2019-10-01 21:47:55,406 [53bea610-752a-4324-ade7-ce94ca4e0b4e@group-81331BF82ACD-LeaderElection53] INFO  impl.RoleInfo (RoleInfo.java:shutdownLeaderElection(134)) - 53bea610-752a-4324-ade7-ce94ca4e0b4e: shutdown LeaderElection
2019-10-01 21:47:55,406 [53bea610-752a-4324-ade7-ce94ca4e0b4e@group-81331BF82ACD-LeaderElection53] INFO  impl.RaftServerImpl (RaftServerImpl.java:setRole(170)) - 53bea610-752a-4324-ade7-ce94ca4e0b4e@group-81331BF82ACD: changes role from CANDIDATE to LEADER at term 1 for changeToLeader
2019-10-01 21:47:55,406 [53bea610-752a-4324-ade7-ce94ca4e0b4e@group-81331BF82ACD-LeaderElection53] INFO  impl.RaftServerImpl (ServerState.java:setLeader(255)) - 53bea610-752a-4324-ade7-ce94ca4e0b4e@group-81331BF82ACD: change Leader from null to 53bea610-752a-4324-ade7-ce94ca4e0b4e at term 1 for becomeLeader, leader elected after 5181ms
2019-10-01 21:47:55,406 [53bea610-752a-4324-ade7-ce94ca4e0b4e@group-81331BF82ACD-LeaderElection53] INFO  server.RaftServerConfigKeys (ConfUtils.java:logGet(43)) - raft.server.staging.catchup.gap = 1000 (default)
2019-10-01 21:47:55,406 [53bea610-752a-4324-ade7-ce94ca4e0b4e@group-81331BF82ACD-LeaderElection53] INFO  server.RaftServerConfigKeys (ConfUtils.java:logGet(43)) - raft.server.rpc.sleep.time = 25ms (default)
2019-10-01 21:47:55,406 [53bea610-752a-4324-ade7-ce94ca4e0b4e@group-81331BF82ACD-LeaderElection53] INFO  server.RaftServerConfigKeys (ConfUtils.java:logGet(43)) - raft.server.write.element-limit = 4096 (default)
2019-10-01 21:47:55,407 [53bea610-752a-4324-ade7-ce94ca4e0b4e@group-81331BF82ACD-LeaderElection53] INFO  server.RaftServerConfigKeys (ConfUtils.java:logGet(43)) - raft.server.watch.timeout = 10s (default)
2019-10-01 21:47:55,407 [53bea610-752a-4324-ade7-ce94ca4e0b4e@group-81331BF82ACD-LeaderElection53] INFO  server.RaftServerConfigKeys (ConfUtils.java:logGet(43)) - raft.server.watch.timeout.denomination = 1s (default)
2019-10-01 21:47:55,407 [53bea610-752a-4324-ade7-ce94ca4e0b4e@group-81331BF82ACD-LeaderElection53] INFO  server.RaftServerConfigKeys (ConfUtils.java:logGet(43)) - raft.server.watch.element-limit = 65536 (default)
2019-10-01 21:47:55,408 [53bea610-752a-4324-ade7-ce94ca4e0b4e@group-81331BF82ACD-LeaderElection53] INFO  impl.RoleInfo (RoleInfo.java:updateAndGet(143)) - 53bea610-752a-4324-ade7-ce94ca4e0b4e: start LeaderState
2019-10-01 21:47:55,409 [53bea610-752a-4324-ade7-ce94ca4e0b4e@group-81331BF82ACD-LeaderElection53] INFO  segmented.SegmentedRaftLogWorker (SegmentedRaftLogWorker.java:startLogSegment(385)) - 53bea610-752a-4324-ade7-ce94ca4e0b4e@group-81331BF82ACD-SegmentedRaftLogWorker: Starting segment from index:0
2019-10-01 21:47:55,409 [53bea610-752a-4324-ade7-ce94ca4e0b4e@group-81331BF82ACD-LeaderElection53] INFO  impl.RaftServerImpl (ServerState.java:setRaftConf(356)) - 53bea610-752a-4324-ade7-ce94ca4e0b4e@group-81331BF82ACD: set configuration 0: [53bea610-752a-4324-ade7-ce94ca4e0b4e:192.168.157.248:45768], old=null at 0
2019-10-01 21:47:55,468 [53bea610-752a-4324-ade7-ce94ca4e0b4e@group-81331BF82ACD-SegmentedRaftLogWorker] INFO  segmented.SegmentedRaftLogWorker (SegmentedRaftLogWorker.java:execute(574)) - 53bea610-752a-4324-ade7-ce94ca4e0b4e@group-81331BF82ACD-SegmentedRaftLogWorker: created new log segment /workdir/hadoop-ozone/integration-test/target/test-dir/MiniOzoneClusterImpl-caa61c93-f07a-48d8-a406-3e32b7adb6b2/datanode-3/data/ratis/3cba9417-e74a-463d-8567-81331bf82acd/current/log_inprogress_0
2019-10-01 21:47:55,468 [3e32673e-84bf-47eb-adfc-d2729aaec3f7@group-3C5F78476644-SegmentedRaftLogWorker] INFO  segmented.SegmentedRaftLogWorker (SegmentedRaftLogWorker.java:execute(574)) - 3e32673e-84bf-47eb-adfc-d2729aaec3f7@group-3C5F78476644-SegmentedRaftLogWorker: created new log segment /workdir/hadoop-ozone/integration-test/target/test-dir/MiniOzoneClusterImpl-caa61c93-f07a-48d8-a406-3e32b7adb6b2/datanode-4/data/ratis/3ac63770-c1f0-4926-89c5-3c5f78476644/current/log_inprogress_0
2019-10-01 21:47:55,510 [Thread-2315] INFO  impl.FollowerState (FollowerState.java:run(108)) - 03a76c70-887b-4e21-afa9-0cefdfecf0a8@group-6D02A3365ABF-FollowerState: change to CANDIDATE, lastRpcTime:5088ms, electionTimeout:5088ms
2019-10-01 21:47:55,510 [Thread-2315] INFO  impl.RoleInfo (RoleInfo.java:shutdownFollowerState(121)) - 03a76c70-887b-4e21-afa9-0cefdfecf0a8: shutdown FollowerState
2019-10-01 21:47:55,511 [Thread-2315] INFO  impl.RaftServerImpl (RaftServerImpl.java:setRole(170)) - 03a76c70-887b-4e21-afa9-0cefdfecf0a8@group-6D02A3365ABF: changes role from  FOLLOWER to CANDIDATE at term 0 for changeToCandidate
2019-10-01 21:47:55,511 [Thread-2315] INFO  impl.RoleInfo (RoleInfo.java:updateAndGet(143)) - 03a76c70-887b-4e21-afa9-0cefdfecf0a8: start LeaderElection
2019-10-01 21:47:55,537 [03a76c70-887b-4e21-afa9-0cefdfecf0a8@group-6D02A3365ABF-LeaderElection54] INFO  impl.LeaderElection (LeaderElection.java:askForVotes(178)) - 03a76c70-887b-4e21-afa9-0cefdfecf0a8@group-6D02A3365ABF-LeaderElection54: begin an election at term 1 for -1: [03a76c70-887b-4e21-afa9-0cefdfecf0a8:192.168.157.248:36224], old=null
2019-10-01 21:47:55,537 [03a76c70-887b-4e21-afa9-0cefdfecf0a8@group-6D02A3365ABF-LeaderElection54] INFO  impl.RoleInfo (RoleInfo.java:shutdownLeaderElection(134)) - 03a76c70-887b-4e21-afa9-0cefdfecf0a8: shutdown LeaderElection
2019-10-01 21:47:55,538 [03a76c70-887b-4e21-afa9-0cefdfecf0a8@group-6D02A3365ABF-LeaderElection54] INFO  impl.RaftServerImpl (RaftServerImpl.java:setRole(170)) - 03a76c70-887b-4e21-afa9-0cefdfecf0a8@group-6D02A3365ABF: changes role from CANDIDATE to LEADER at term 1 for changeToLeader
2019-10-01 21:47:55,538 [03a76c70-887b-4e21-afa9-0cefdfecf0a8@group-6D02A3365ABF-LeaderElection54] INFO  impl.RaftServerImpl (ServerState.java:setLeader(255)) - 03a76c70-887b-4e21-afa9-0cefdfecf0a8@group-6D02A3365ABF: change Leader from null to 03a76c70-887b-4e21-afa9-0cefdfecf0a8 at term 1 for becomeLeader, leader elected after 5122ms
2019-10-01 21:47:55,538 [03a76c70-887b-4e21-afa9-0cefdfecf0a8@group-6D02A3365ABF-LeaderElection54] INFO  server.RaftServerConfigKeys (ConfUtils.java:logGet(43)) - raft.server.staging.catchup.gap = 1000 (default)
2019-10-01 21:47:55,538 [03a76c70-887b-4e21-afa9-0cefdfecf0a8@group-6D02A3365ABF-LeaderElection54] INFO  server.RaftServerConfigKeys (ConfUtils.java:logGet(43)) - raft.server.rpc.sleep.time = 25ms (default)
2019-10-01 21:47:55,538 [03a76c70-887b-4e21-afa9-0cefdfecf0a8@group-6D02A3365ABF-LeaderElection54] INFO  server.RaftServerConfigKeys (ConfUtils.java:logGet(43)) - raft.server.write.element-limit = 4096 (default)
2019-10-01 21:47:55,538 [03a76c70-887b-4e21-afa9-0cefdfecf0a8@group-6D02A3365ABF-LeaderElection54] INFO  server.RaftServerConfigKeys (ConfUtils.java:logGet(43)) - raft.server.watch.timeout = 10s (default)
2019-10-01 21:47:55,539 [03a76c70-887b-4e21-afa9-0cefdfecf0a8@group-6D02A3365ABF-LeaderElection54] INFO  server.RaftServerConfigKeys (ConfUtils.java:logGet(43)) - raft.server.watch.timeout.denomination = 1s (default)
2019-10-01 21:47:55,539 [03a76c70-887b-4e21-afa9-0cefdfecf0a8@group-6D02A3365ABF-LeaderElection54] INFO  server.RaftServerConfigKeys (ConfUtils.java:logGet(43)) - raft.server.watch.element-limit = 65536 (default)
2019-10-01 21:47:55,541 [03a76c70-887b-4e21-afa9-0cefdfecf0a8@group-6D02A3365ABF-LeaderElection54] INFO  impl.RoleInfo (RoleInfo.java:updateAndGet(143)) - 03a76c70-887b-4e21-afa9-0cefdfecf0a8: start LeaderState
2019-10-01 21:47:55,541 [03a76c70-887b-4e21-afa9-0cefdfecf0a8@group-6D02A3365ABF-LeaderElection54] INFO  segmented.SegmentedRaftLogWorker (SegmentedRaftLogWorker.java:startLogSegment(385)) - 03a76c70-887b-4e21-afa9-0cefdfecf0a8@group-6D02A3365ABF-SegmentedRaftLogWorker: Starting segment from index:0
2019-10-01 21:47:55,542 [03a76c70-887b-4e21-afa9-0cefdfecf0a8@group-6D02A3365ABF-LeaderElection54] INFO  impl.RaftServerImpl (ServerState.java:setRaftConf(356)) - 03a76c70-887b-4e21-afa9-0cefdfecf0a8@group-6D02A3365ABF: set configuration 0: [03a76c70-887b-4e21-afa9-0cefdfecf0a8:192.168.157.248:36224], old=null at 0
2019-10-01 21:47:55,566 [Thread-2325] INFO  impl.FollowerState (FollowerState.java:run(108)) - 3e32673e-84bf-47eb-adfc-d2729aaec3f7@group-4487ADB0045C-FollowerState: change to CANDIDATE, lastRpcTime:5028ms, electionTimeout:5028ms
2019-10-01 21:47:55,566 [Thread-2325] INFO  impl.RoleInfo (RoleInfo.java:shutdownFollowerState(121)) - 3e32673e-84bf-47eb-adfc-d2729aaec3f7: shutdown FollowerState
2019-10-01 21:47:55,566 [Thread-2325] INFO  impl.RaftServerImpl (RaftServerImpl.java:setRole(170)) - 3e32673e-84bf-47eb-adfc-d2729aaec3f7@group-4487ADB0045C: changes role from  FOLLOWER to CANDIDATE at term 0 for changeToCandidate
2019-10-01 21:47:55,566 [Thread-2325] INFO  impl.RoleInfo (RoleInfo.java:updateAndGet(143)) - 3e32673e-84bf-47eb-adfc-d2729aaec3f7: start LeaderElection
2019-10-01 21:47:55,599 [03a76c70-887b-4e21-afa9-0cefdfecf0a8@group-6D02A3365ABF-SegmentedRaftLogWorker] INFO  segmented.SegmentedRaftLogWorker (SegmentedRaftLogWorker.java:execute(574)) - 03a76c70-887b-4e21-afa9-0cefdfecf0a8@group-6D02A3365ABF-SegmentedRaftLogWorker: created new log segment /workdir/hadoop-ozone/integration-test/target/test-dir/MiniOzoneClusterImpl-caa61c93-f07a-48d8-a406-3e32b7adb6b2/datanode-5/data/ratis/b56cad4d-67c7-4333-919e-6d02a3365abf/current/log_inprogress_0
2019-10-01 21:47:55,599 [3e32673e-84bf-47eb-adfc-d2729aaec3f7@group-4487ADB0045C-LeaderElection55] INFO  impl.LeaderElection (LeaderElection.java:askForVotes(178)) - 3e32673e-84bf-47eb-adfc-d2729aaec3f7@group-4487ADB0045C-LeaderElection55: begin an election at term 1 for -1: [53bea610-752a-4324-ade7-ce94ca4e0b4e:192.168.157.248:45768, 3e32673e-84bf-47eb-adfc-d2729aaec3f7:192.168.157.248:37299, 03a76c70-887b-4e21-afa9-0cefdfecf0a8:192.168.157.248:36224], old=null
2019-10-01 21:47:55,612 [grpc-default-executor-6] INFO  impl.RaftServerImpl (RaftServerImpl.java:setRole(170)) - 53bea610-752a-4324-ade7-ce94ca4e0b4e@group-4487ADB0045C: changes role from  FOLLOWER to FOLLOWER at term 1 for recognizeCandidate:3e32673e-84bf-47eb-adfc-d2729aaec3f7
2019-10-01 21:47:55,612 [grpc-default-executor-8] INFO  impl.RaftServerImpl (RaftServerImpl.java:setRole(170)) - 03a76c70-887b-4e21-afa9-0cefdfecf0a8@group-4487ADB0045C: changes role from  FOLLOWER to FOLLOWER at term 1 for recognizeCandidate:3e32673e-84bf-47eb-adfc-d2729aaec3f7
2019-10-01 21:47:55,612 [grpc-default-executor-6] INFO  impl.RoleInfo (RoleInfo.java:shutdownFollowerState(121)) - 53bea610-752a-4324-ade7-ce94ca4e0b4e: shutdown FollowerState
2019-10-01 21:47:55,612 [grpc-default-executor-8] INFO  impl.RoleInfo (RoleInfo.java:shutdownFollowerState(121)) - 03a76c70-887b-4e21-afa9-0cefdfecf0a8: shutdown FollowerState
2019-10-01 21:47:55,612 [grpc-default-executor-6] INFO  impl.RoleInfo (RoleInfo.java:updateAndGet(143)) - 53bea610-752a-4324-ade7-ce94ca4e0b4e: start FollowerState
2019-10-01 21:47:55,613 [grpc-default-executor-8] INFO  impl.RoleInfo (RoleInfo.java:updateAndGet(143)) - 03a76c70-887b-4e21-afa9-0cefdfecf0a8: start FollowerState
2019-10-01 21:47:55,613 [Thread-2321] INFO  impl.FollowerState (FollowerState.java:run(117)) - 53bea610-752a-4324-ade7-ce94ca4e0b4e@group-4487ADB0045C-FollowerState was interrupted: java.lang.InterruptedException: sleep interrupted
2019-10-01 21:47:55,613 [Thread-2323] INFO  impl.FollowerState (FollowerState.java:run(117)) - 03a76c70-887b-4e21-afa9-0cefdfecf0a8@group-4487ADB0045C-FollowerState was interrupted: java.lang.InterruptedException: sleep interrupted
2019-10-01 21:47:55,635 [3e32673e-84bf-47eb-adfc-d2729aaec3f7@group-4487ADB0045C-LeaderElection55] INFO  impl.LeaderElection (LeaderElection.java:logAndReturn(56)) - 3e32673e-84bf-47eb-adfc-d2729aaec3f7@group-4487ADB0045C-LeaderElection55: Election PASSED; received 1 response(s) [3e32673e-84bf-47eb-adfc-d2729aaec3f7<-53bea610-752a-4324-ade7-ce94ca4e0b4e#0:OK-t1] and 0 exception(s); 3e32673e-84bf-47eb-adfc-d2729aaec3f7@group-4487ADB0045C:t1, leader=null, voted=3e32673e-84bf-47eb-adfc-d2729aaec3f7, raftlog=3e32673e-84bf-47eb-adfc-d2729aaec3f7@group-4487ADB0045C-SegmentedRaftLog:OPENED:c-1,f-1,i0, conf=-1: [53bea610-752a-4324-ade7-ce94ca4e0b4e:192.168.157.248:45768, 3e32673e-84bf-47eb-adfc-d2729aaec3f7:192.168.157.248:37299, 03a76c70-887b-4e21-afa9-0cefdfecf0a8:192.168.157.248:36224], old=null
2019-10-01 21:47:55,635 [3e32673e-84bf-47eb-adfc-d2729aaec3f7@group-4487ADB0045C-LeaderElection55] INFO  impl.RoleInfo (RoleInfo.java:shutdownLeaderElection(134)) - 3e32673e-84bf-47eb-adfc-d2729aaec3f7: shutdown LeaderElection
2019-10-01 21:47:55,636 [3e32673e-84bf-47eb-adfc-d2729aaec3f7@group-4487ADB0045C-LeaderElection55] INFO  impl.RaftServerImpl (RaftServerImpl.java:setRole(170)) - 3e32673e-84bf-47eb-adfc-d2729aaec3f7@group-4487ADB0045C: changes role from CANDIDATE to LEADER at term 1 for changeToLeader
2019-10-01 21:47:55,636 [3e32673e-84bf-47eb-adfc-d2729aaec3f7@group-4487ADB0045C-LeaderElection55] INFO  impl.RaftServerImpl (ServerState.java:setLeader(255)) - 3e32673e-84bf-47eb-adfc-d2729aaec3f7@group-4487ADB0045C: change Leader from null to 3e32673e-84bf-47eb-adfc-d2729aaec3f7 at term 1 for becomeLeader, leader elected after 5143ms
2019-10-01 21:47:55,636 [3e32673e-84bf-47eb-adfc-d2729aaec3f7@group-4487ADB0045C-LeaderElection55] INFO  server.RaftServerConfigKeys (ConfUtils.java:logGet(43)) - raft.server.staging.catchup.gap = 1000 (default)
2019-10-01 21:47:55,636 [3e32673e-84bf-47eb-adfc-d2729aaec3f7@group-4487ADB0045C-LeaderElection55] INFO  server.RaftServerConfigKeys (ConfUtils.java:logGet(43)) - raft.server.rpc.sleep.time = 25ms (default)
2019-10-01 21:47:55,636 [3e32673e-84bf-47eb-adfc-d2729aaec3f7@group-4487ADB0045C-LeaderElection55] INFO  server.RaftServerConfigKeys (ConfUtils.java:logGet(43)) - raft.server.write.element-limit = 4096 (default)
2019-10-01 21:47:55,636 [3e32673e-84bf-47eb-adfc-d2729aaec3f7@group-4487ADB0045C-LeaderElection55] INFO  server.RaftServerConfigKeys (ConfUtils.java:logGet(43)) - raft.server.watch.timeout = 10s (default)
2019-10-01 21:47:55,637 [3e32673e-84bf-47eb-adfc-d2729aaec3f7@group-4487ADB0045C-LeaderElection55] INFO  server.RaftServerConfigKeys (ConfUtils.java:logGet(43)) - raft.server.watch.timeout.denomination = 1s (default)
2019-10-01 21:47:55,637 [3e32673e-84bf-47eb-adfc-d2729aaec3f7@group-4487ADB0045C-LeaderElection55] INFO  server.RaftServerConfigKeys (ConfUtils.java:logGet(43)) - raft.server.watch.element-limit = 65536 (default)
2019-10-01 21:47:55,639 [3e32673e-84bf-47eb-adfc-d2729aaec3f7@group-4487ADB0045C-LeaderElection55] INFO  server.RaftServerConfigKeys (ConfUtils.java:logGet(43)) - raft.server.log.appender.snapshot.chunk.size.max = 16MB (=16777216) (default)
2019-10-01 21:47:55,639 [3e32673e-84bf-47eb-adfc-d2729aaec3f7@group-4487ADB0045C-LeaderElection55] INFO  server.RaftServerConfigKeys (ConfUtils.java:logGet(43)) - raft.server.log.appender.buffer.byte-limit = 33554432 (custom)
2019-10-01 21:47:55,639 [3e32673e-84bf-47eb-adfc-d2729aaec3f7@group-4487ADB0045C-LeaderElection55] INFO  server.RaftServerConfigKeys (ConfUtils.java:logGet(43)) - raft.server.log.appender.buffer.element-limit = 1 (custom)
2019-10-01 21:47:55,640 [3e32673e-84bf-47eb-adfc-d2729aaec3f7@group-4487ADB0045C-LeaderElection55] INFO  grpc.GrpcConfigKeys$Server (ConfUtils.java:logGet(43)) - raft.grpc.server.leader.outstanding.appends.max = 128 (default)
2019-10-01 21:47:55,640 [3e32673e-84bf-47eb-adfc-d2729aaec3f7@group-4487ADB0045C-LeaderElection55] INFO  server.RaftServerConfigKeys (ConfUtils.java:logGet(43)) - raft.server.rpc.request.timeout = 3000ms (default)
2019-10-01 21:47:55,640 [3e32673e-84bf-47eb-adfc-d2729aaec3f7@group-4487ADB0045C-LeaderElection55] INFO  server.RaftServerConfigKeys (ConfUtils.java:logGet(43)) - raft.server.log.appender.install.snapshot.enabled = false (custom)
2019-10-01 21:47:55,640 [3e32673e-84bf-47eb-adfc-d2729aaec3f7@group-4487ADB0045C-LeaderElection55] INFO  server.RaftServerConfigKeys (ConfUtils.java:logGet(43)) - raft.server.log.appender.snapshot.chunk.size.max = 16MB (=16777216) (default)
2019-10-01 21:47:55,640 [3e32673e-84bf-47eb-adfc-d2729aaec3f7@group-4487ADB0045C-LeaderElection55] INFO  server.RaftServerConfigKeys (ConfUtils.java:logGet(43)) - raft.server.log.appender.buffer.byte-limit = 33554432 (custom)
2019-10-01 21:47:55,641 [3e32673e-84bf-47eb-adfc-d2729aaec3f7@group-4487ADB0045C-LeaderElection55] INFO  server.RaftServerConfigKeys (ConfUtils.java:logGet(43)) - raft.server.log.appender.buffer.element-limit = 1 (custom)
2019-10-01 21:47:55,641 [3e32673e-84bf-47eb-adfc-d2729aaec3f7@group-4487ADB0045C-LeaderElection55] INFO  grpc.GrpcConfigKeys$Server (ConfUtils.java:logGet(43)) - raft.grpc.server.leader.outstanding.appends.max = 128 (default)
2019-10-01 21:47:55,641 [3e32673e-84bf-47eb-adfc-d2729aaec3f7@group-4487ADB0045C-LeaderElection55] INFO  server.RaftServerConfigKeys (ConfUtils.java:logGet(43)) - raft.server.rpc.request.timeout = 3000ms (default)
2019-10-01 21:47:55,641 [3e32673e-84bf-47eb-adfc-d2729aaec3f7@group-4487ADB0045C-LeaderElection55] INFO  server.RaftServerConfigKeys (ConfUtils.java:logGet(43)) - raft.server.log.appender.install.snapshot.enabled = false (custom)
2019-10-01 21:47:55,641 [3e32673e-84bf-47eb-adfc-d2729aaec3f7@group-4487ADB0045C-LeaderElection55] INFO  impl.RoleInfo (RoleInfo.java:updateAndGet(143)) - 3e32673e-84bf-47eb-adfc-d2729aaec3f7: start LeaderState
2019-10-01 21:47:55,642 [3e32673e-84bf-47eb-adfc-d2729aaec3f7@group-4487ADB0045C-LeaderElection55] INFO  segmented.SegmentedRaftLogWorker (SegmentedRaftLogWorker.java:startLogSegment(385)) - 3e32673e-84bf-47eb-adfc-d2729aaec3f7@group-4487ADB0045C-SegmentedRaftLogWorker: Starting segment from index:0
2019-10-01 21:47:55,642 [3e32673e-84bf-47eb-adfc-d2729aaec3f7@group-4487ADB0045C-LeaderElection55] INFO  impl.RaftServerImpl (ServerState.java:setRaftConf(356)) - 3e32673e-84bf-47eb-adfc-d2729aaec3f7@group-4487ADB0045C: set configuration 0: [53bea610-752a-4324-ade7-ce94ca4e0b4e:192.168.157.248:45768, 3e32673e-84bf-47eb-adfc-d2729aaec3f7:192.168.157.248:37299, 03a76c70-887b-4e21-afa9-0cefdfecf0a8:192.168.157.248:36224], old=null at 0
2019-10-01 21:47:55,684 [grpc-default-executor-8] INFO  impl.RaftServerImpl (ServerState.java:setLeader(255)) - 53bea610-752a-4324-ade7-ce94ca4e0b4e@group-4487ADB0045C: change Leader from null to 3e32673e-84bf-47eb-adfc-d2729aaec3f7 at term 1 for appendEntries, leader elected after 5192ms
2019-10-01 21:47:55,721 [3e32673e-84bf-47eb-adfc-d2729aaec3f7@group-4487ADB0045C-SegmentedRaftLogWorker] INFO  segmented.SegmentedRaftLogWorker (SegmentedRaftLogWorker.java:execute(574)) - 3e32673e-84bf-47eb-adfc-d2729aaec3f7@group-4487ADB0045C-SegmentedRaftLogWorker: created new log segment /workdir/hadoop-ozone/integration-test/target/test-dir/MiniOzoneClusterImpl-caa61c93-f07a-48d8-a406-3e32b7adb6b2/datanode-4/data/ratis/cf82004f-e3fc-42a1-aec0-4487adb0045c/current/log_inprogress_0
2019-10-01 21:47:55,727 [grpc-default-executor-7] INFO  impl.RaftServerImpl (ServerState.java:setLeader(255)) - 03a76c70-887b-4e21-afa9-0cefdfecf0a8@group-4487ADB0045C: change Leader from null to 3e32673e-84bf-47eb-adfc-d2729aaec3f7 at term 1 for appendEntries, leader elected after 5225ms
2019-10-01 21:47:55,729 [grpc-default-executor-8] INFO  impl.RaftServerImpl (ServerState.java:setRaftConf(356)) - 53bea610-752a-4324-ade7-ce94ca4e0b4e@group-4487ADB0045C: set configuration 0: [53bea610-752a-4324-ade7-ce94ca4e0b4e:192.168.157.248:45768, 3e32673e-84bf-47eb-adfc-d2729aaec3f7:192.168.157.248:37299, 03a76c70-887b-4e21-afa9-0cefdfecf0a8:192.168.157.248:36224], old=null at 0
2019-10-01 21:47:55,729 [grpc-default-executor-8] INFO  segmented.SegmentedRaftLogWorker (SegmentedRaftLogWorker.java:startLogSegment(385)) - 53bea610-752a-4324-ade7-ce94ca4e0b4e@group-4487ADB0045C-SegmentedRaftLogWorker: Starting segment from index:0
2019-10-01 21:47:55,775 [grpc-default-executor-7] INFO  impl.RaftServerImpl (ServerState.java:setRaftConf(356)) - 03a76c70-887b-4e21-afa9-0cefdfecf0a8@group-4487ADB0045C: set configuration 0: [53bea610-752a-4324-ade7-ce94ca4e0b4e:192.168.157.248:45768, 3e32673e-84bf-47eb-adfc-d2729aaec3f7:192.168.157.248:37299, 03a76c70-887b-4e21-afa9-0cefdfecf0a8:192.168.157.248:36224], old=null at 0
2019-10-01 21:47:55,775 [grpc-default-executor-7] INFO  segmented.SegmentedRaftLogWorker (SegmentedRaftLogWorker.java:startLogSegment(385)) - 03a76c70-887b-4e21-afa9-0cefdfecf0a8@group-4487ADB0045C-SegmentedRaftLogWorker: Starting segment from index:0
2019-10-01 21:47:55,814 [53bea610-752a-4324-ade7-ce94ca4e0b4e@group-4487ADB0045C-SegmentedRaftLogWorker] INFO  segmented.SegmentedRaftLogWorker (SegmentedRaftLogWorker.java:execute(574)) - 53bea610-752a-4324-ade7-ce94ca4e0b4e@group-4487ADB0045C-SegmentedRaftLogWorker: created new log segment /workdir/hadoop-ozone/integration-test/target/test-dir/MiniOzoneClusterImpl-caa61c93-f07a-48d8-a406-3e32b7adb6b2/datanode-3/data/ratis/cf82004f-e3fc-42a1-aec0-4487adb0045c/current/log_inprogress_0
2019-10-01 21:47:55,827 [03a76c70-887b-4e21-afa9-0cefdfecf0a8@group-4487ADB0045C-SegmentedRaftLogWorker] INFO  segmented.SegmentedRaftLogWorker (SegmentedRaftLogWorker.java:execute(574)) - 03a76c70-887b-4e21-afa9-0cefdfecf0a8@group-4487ADB0045C-SegmentedRaftLogWorker: created new log segment /workdir/hadoop-ozone/integration-test/target/test-dir/MiniOzoneClusterImpl-caa61c93-f07a-48d8-a406-3e32b7adb6b2/datanode-5/data/ratis/cf82004f-e3fc-42a1-aec0-4487adb0045c/current/log_inprogress_0
2019-10-01 21:47:55,967 [Datanode State Machine Thread - 0] INFO  statemachine.DatanodeStateMachine (DatanodeStateMachine.java:lambda$startDaemon$0(350)) - Ozone container server started.
2019-10-01 21:47:56,020 [grpc-default-executor-6] WARN  server.GrpcLogAppender (LogUtils.java:warn(134)) - 4fe98e1f-8e79-4cc8-ad7c-d8dcfa82ff1e@group-2D3AFA3CB3B2->dc8e1fa1-0742-4625-8bed-7dc210043178-AppendLogResponseHandler: Failed appendEntries: org.apache.ratis.thirdparty.io.grpc.StatusRuntimeException: UNAVAILABLE: io exception
2019-10-01 21:47:56,020 [grpc-default-executor-3] WARN  server.GrpcLogAppender (LogUtils.java:warn(134)) - 4fe98e1f-8e79-4cc8-ad7c-d8dcfa82ff1e@group-2D3AFA3CB3B2->a6f2d0e5-b69b-4893-b0e1-e493defe37eb-AppendLogResponseHandler: Failed appendEntries: org.apache.ratis.thirdparty.io.grpc.StatusRuntimeException: UNAVAILABLE: io exception
2019-10-01 21:47:56,020 [grpc-default-executor-6] INFO  impl.FollowerInfo (FollowerInfo.java:lambda$new$0(51)) - 4fe98e1f-8e79-4cc8-ad7c-d8dcfa82ff1e@group-2D3AFA3CB3B2->dc8e1fa1-0742-4625-8bed-7dc210043178: nextIndex: updateUnconditionally 0 -> 0
2019-10-01 21:47:56,021 [grpc-default-executor-3] INFO  impl.FollowerInfo (FollowerInfo.java:lambda$new$0(51)) - 4fe98e1f-8e79-4cc8-ad7c-d8dcfa82ff1e@group-2D3AFA3CB3B2->a6f2d0e5-b69b-4893-b0e1-e493defe37eb: nextIndex: updateUnconditionally 0 -> 0
2019-10-01 21:47:58,520 [grpc-default-executor-8] WARN  server.GrpcLogAppender (LogUtils.java:warn(134)) - 4fe98e1f-8e79-4cc8-ad7c-d8dcfa82ff1e@group-2D3AFA3CB3B2->dc8e1fa1-0742-4625-8bed-7dc210043178-AppendLogResponseHandler: Failed appendEntries: org.apache.ratis.thirdparty.io.grpc.StatusRuntimeException: UNAVAILABLE: io exception
2019-10-01 21:47:58,520 [grpc-default-executor-3] WARN  server.GrpcLogAppender (LogUtils.java:warn(134)) - 4fe98e1f-8e79-4cc8-ad7c-d8dcfa82ff1e@group-2D3AFA3CB3B2->a6f2d0e5-b69b-4893-b0e1-e493defe37eb-AppendLogResponseHandler: Failed appendEntries: org.apache.ratis.thirdparty.io.grpc.StatusRuntimeException: UNAVAILABLE: io exception
2019-10-01 21:47:58,521 [grpc-default-executor-8] INFO  impl.FollowerInfo (FollowerInfo.java:lambda$new$0(51)) - 4fe98e1f-8e79-4cc8-ad7c-d8dcfa82ff1e@group-2D3AFA3CB3B2->dc8e1fa1-0742-4625-8bed-7dc210043178: nextIndex: updateUnconditionally 0 -> 0
2019-10-01 21:47:58,521 [grpc-default-executor-3] INFO  impl.FollowerInfo (FollowerInfo.java:lambda$new$0(51)) - 4fe98e1f-8e79-4cc8-ad7c-d8dcfa82ff1e@group-2D3AFA3CB3B2->a6f2d0e5-b69b-4893-b0e1-e493defe37eb: nextIndex: updateUnconditionally 0 -> 0
2019-10-01 21:48:00,222 [EventQueue-StaleNodeForStaleNodeHandler] INFO  node.StaleNodeHandler (StaleNodeHandler.java:onMessage(58)) - Datanode a6f2d0e5-b69b-4893-b0e1-e493defe37eb{ip: 192.168.157.248, host: pr-hdds-2225-v7c79-4183396186, networkLocation: /default-rack, certSerialId: null} moved to stale state. Finalizing its pipelines [PipelineID=d8370870-7efa-49f0-9130-f60a63fac429, PipelineID=34d945b3-3e16-4f87-b25a-2d3afa3cb3b2]
2019-10-01 21:48:00,222 [EventQueue-StaleNodeForStaleNodeHandler] INFO  pipeline.SCMPipelineManager (SCMPipelineManager.java:finalizeAndDestroyPipeline(315)) - destroying pipeline:Pipeline[ Id: d8370870-7efa-49f0-9130-f60a63fac429, Nodes: a6f2d0e5-b69b-4893-b0e1-e493defe37eb{ip: 192.168.157.248, host: pr-hdds-2225-v7c79-4183396186, networkLocation: /default-rack, certSerialId: null}, Type:RATIS, Factor:ONE, State:OPEN]
2019-10-01 21:48:00,222 [EventQueue-StaleNodeForStaleNodeHandler] INFO  pipeline.PipelineStateManager (PipelineStateManager.java:finalizePipeline(123)) - Pipeline Pipeline[ Id: d8370870-7efa-49f0-9130-f60a63fac429, Nodes: a6f2d0e5-b69b-4893-b0e1-e493defe37eb{ip: 192.168.157.248, host: pr-hdds-2225-v7c79-4183396186, networkLocation: /default-rack, certSerialId: null}, Type:RATIS, Factor:ONE, State:CLOSED] moved to CLOSED state
2019-10-01 21:48:00,223 [EventQueue-StaleNodeForStaleNodeHandler] INFO  pipeline.SCMPipelineManager (SCMPipelineManager.java:finalizeAndDestroyPipeline(315)) - destroying pipeline:Pipeline[ Id: 34d945b3-3e16-4f87-b25a-2d3afa3cb3b2, Nodes: a6f2d0e5-b69b-4893-b0e1-e493defe37eb{ip: 192.168.157.248, host: pr-hdds-2225-v7c79-4183396186, networkLocation: /default-rack, certSerialId: null}dc8e1fa1-0742-4625-8bed-7dc210043178{ip: 192.168.157.248, host: pr-hdds-2225-v7c79-4183396186, networkLocation: /default-rack, certSerialId: null}4fe98e1f-8e79-4cc8-ad7c-d8dcfa82ff1e{ip: 192.168.157.248, host: pr-hdds-2225-v7c79-4183396186, networkLocation: /default-rack, certSerialId: null}, Type:RATIS, Factor:THREE, State:OPEN]
2019-10-01 21:48:00,223 [EventQueue-StaleNodeForStaleNodeHandler] INFO  pipeline.PipelineStateManager (PipelineStateManager.java:finalizePipeline(123)) - Pipeline Pipeline[ Id: 34d945b3-3e16-4f87-b25a-2d3afa3cb3b2, Nodes: a6f2d0e5-b69b-4893-b0e1-e493defe37eb{ip: 192.168.157.248, host: pr-hdds-2225-v7c79-4183396186, networkLocation: /default-rack, certSerialId: null}dc8e1fa1-0742-4625-8bed-7dc210043178{ip: 192.168.157.248, host: pr-hdds-2225-v7c79-4183396186, networkLocation: /default-rack, certSerialId: null}4fe98e1f-8e79-4cc8-ad7c-d8dcfa82ff1e{ip: 192.168.157.248, host: pr-hdds-2225-v7c79-4183396186, networkLocation: /default-rack, certSerialId: null}, Type:RATIS, Factor:THREE, State:CLOSED] moved to CLOSED state
2019-10-01 21:48:00,224 [EventQueue-CloseContainerForCloseContainerEventHandler] INFO  container.CloseContainerEventHandler (CloseContainerEventHandler.java:onMessage(61)) - Close container Event triggered for container : #1
2019-10-01 21:48:00,940 [main] INFO  ozoneimpl.OzoneContainer (OzoneContainer.java:stop(231)) - Attempting to stop container services.
2019-10-01 21:48:00,945 [main] INFO  impl.RaftServerProxy (RaftServerProxy.java:lambda$close$4(314)) - 74ad5ab1-f2eb-4d98-8d08-675a65c2e4fe: close
2019-10-01 21:48:00,946 [main] INFO  impl.RaftServerImpl (RaftServerImpl.java:lambda$shutdown$3(247)) - 74ad5ab1-f2eb-4d98-8d08-675a65c2e4fe@group-A7B4416462BC: shutdown
2019-10-01 21:48:00,946 [ForkJoinPool.commonPool-worker-0] INFO  impl.RaftServerImpl (RaftServerImpl.java:lambda$shutdown$3(247)) - 74ad5ab1-f2eb-4d98-8d08-675a65c2e4fe@group-1EDC2C945AF1: shutdown
2019-10-01 21:48:00,946 [main] INFO  util.JmxRegister (JmxRegister.java:unregister(73)) - Successfully un-registered JMX Bean with object name Ratis:service=RaftServer,group=group-A7B4416462BC,id=74ad5ab1-f2eb-4d98-8d08-675a65c2e4fe
2019-10-01 21:48:00,947 [ForkJoinPool.commonPool-worker-0] INFO  util.JmxRegister (JmxRegister.java:unregister(73)) - Successfully un-registered JMX Bean with object name Ratis:service=RaftServer,group=group-1EDC2C945AF1,id=74ad5ab1-f2eb-4d98-8d08-675a65c2e4fe
2019-10-01 21:48:00,947 [main] INFO  impl.RoleInfo (RoleInfo.java:shutdownLeaderState(104)) - 74ad5ab1-f2eb-4d98-8d08-675a65c2e4fe: shutdown LeaderState
2019-10-01 21:48:00,947 [ForkJoinPool.commonPool-worker-0] INFO  impl.RoleInfo (RoleInfo.java:shutdownFollowerState(121)) - 74ad5ab1-f2eb-4d98-8d08-675a65c2e4fe: shutdown FollowerState
2019-10-01 21:48:00,947 [main] INFO  impl.PendingRequests (PendingRequests.java:sendNotLeaderResponses(202)) - 74ad5ab1-f2eb-4d98-8d08-675a65c2e4fe@group-A7B4416462BC-PendingRequests: sendNotLeaderResponses
2019-10-01 21:48:00,948 [Thread-2359] INFO  impl.FollowerState (FollowerState.java:run(117)) - 74ad5ab1-f2eb-4d98-8d08-675a65c2e4fe@group-1EDC2C945AF1-FollowerState was interrupted: java.lang.InterruptedException: sleep interrupted
2019-10-01 21:48:00,948 [74ad5ab1-f2eb-4d98-8d08-675a65c2e4fe@group-1EDC2C945AF1-StateMachineUpdater] INFO  ratis.ContainerStateMachine (ContainerStateMachine.java:takeSnapshot(289)) - group-1EDC2C945AF1: Taking a snapshot at:(t:1, i:1) file /workdir/hadoop-ozone/integration-test/target/test-dir/MiniOzoneClusterImpl-caa61c93-f07a-48d8-a406-3e32b7adb6b2/datanode-2/data/ratis/992a3d63-5098-4063-8972-1edc2c945af1/sm/snapshot.1_1
2019-10-01 21:48:00,948 [ForkJoinPool.commonPool-worker-0] INFO  impl.StateMachineUpdater (StateMachineUpdater.java:stopAndJoin(136)) - 74ad5ab1-f2eb-4d98-8d08-675a65c2e4fe@group-1EDC2C945AF1-StateMachineUpdater: set stopIndex = 2
2019-10-01 21:48:00,948 [main] INFO  impl.StateMachineUpdater (StateMachineUpdater.java:stopAndJoin(136)) - 74ad5ab1-f2eb-4d98-8d08-675a65c2e4fe@group-A7B4416462BC-StateMachineUpdater: set stopIndex = 0
2019-10-01 21:48:00,953 [main] INFO  impl.RaftServerImpl (ServerState.java:close(387)) - 74ad5ab1-f2eb-4d98-8d08-675a65c2e4fe@group-A7B4416462BC: closes. applyIndex: 0
2019-10-01 21:48:00,954 [74ad5ab1-f2eb-4d98-8d08-675a65c2e4fe@group-A7B4416462BC-SegmentedRaftLogWorker] INFO  segmented.SegmentedRaftLogWorker (SegmentedRaftLogWorker.java:run(316)) - 74ad5ab1-f2eb-4d98-8d08-675a65c2e4fe@group-A7B4416462BC-SegmentedRaftLogWorker was interrupted, exiting. There are 0 tasks remaining in the queue.
2019-10-01 21:48:00,964 [main] INFO  segmented.SegmentedRaftLogWorker (SegmentedRaftLogWorker.java:close(224)) - 74ad5ab1-f2eb-4d98-8d08-675a65c2e4fe@group-A7B4416462BC-SegmentedRaftLogWorker close()
2019-10-01 21:48:00,972 [74ad5ab1-f2eb-4d98-8d08-675a65c2e4fe@group-1EDC2C945AF1-StateMachineUpdater] INFO  ratis.ContainerStateMachine (ContainerStateMachine.java:takeSnapshot(300)) - group-1EDC2C945AF1: Finished taking a snapshot at:(t:1, i:1) file:/workdir/hadoop-ozone/integration-test/target/test-dir/MiniOzoneClusterImpl-caa61c93-f07a-48d8-a406-3e32b7adb6b2/datanode-2/data/ratis/992a3d63-5098-4063-8972-1edc2c945af1/sm/snapshot.1_1 time:25
2019-10-01 21:48:00,972 [74ad5ab1-f2eb-4d98-8d08-675a65c2e4fe@group-1EDC2C945AF1-StateMachineUpdater] INFO  impl.StateMachineUpdater (StateMachineUpdater.java:takeSnapshot(269)) - 74ad5ab1-f2eb-4d98-8d08-675a65c2e4fe@group-1EDC2C945AF1-StateMachineUpdater: Took a snapshot at index 1
2019-10-01 21:48:00,972 [74ad5ab1-f2eb-4d98-8d08-675a65c2e4fe@group-1EDC2C945AF1-StateMachineUpdater] INFO  impl.StateMachineUpdater (StateMachineUpdater.java:lambda$new$0(84)) - 74ad5ab1-f2eb-4d98-8d08-675a65c2e4fe@group-1EDC2C945AF1-StateMachineUpdater: snapshotIndex: updateIncreasingly -1 -> 1
2019-10-01 21:48:00,973 [74ad5ab1-f2eb-4d98-8d08-675a65c2e4fe@group-1EDC2C945AF1-StateMachineUpdater] INFO  ratis.ContainerStateMachine (ContainerStateMachine.java:takeSnapshot(289)) - group-1EDC2C945AF1: Taking a snapshot at:(t:1, i:1) file /workdir/hadoop-ozone/integration-test/target/test-dir/MiniOzoneClusterImpl-caa61c93-f07a-48d8-a406-3e32b7adb6b2/datanode-2/data/ratis/992a3d63-5098-4063-8972-1edc2c945af1/sm/snapshot.1_1
2019-10-01 21:48:00,985 [74ad5ab1-f2eb-4d98-8d08-675a65c2e4fe@group-1EDC2C945AF1-StateMachineUpdater] INFO  ratis.ContainerStateMachine (ContainerStateMachine.java:takeSnapshot(300)) - group-1EDC2C945AF1: Finished taking a snapshot at:(t:1, i:1) file:/workdir/hadoop-ozone/integration-test/target/test-dir/MiniOzoneClusterImpl-caa61c93-f07a-48d8-a406-3e32b7adb6b2/datanode-2/data/ratis/992a3d63-5098-4063-8972-1edc2c945af1/sm/snapshot.1_1 time:13
2019-10-01 21:48:00,985 [74ad5ab1-f2eb-4d98-8d08-675a65c2e4fe@group-1EDC2C945AF1-StateMachineUpdater] INFO  impl.StateMachineUpdater (StateMachineUpdater.java:takeSnapshot(269)) - 74ad5ab1-f2eb-4d98-8d08-675a65c2e4fe@group-1EDC2C945AF1-StateMachineUpdater: Took a snapshot at index 1
2019-10-01 21:48:00,985 [74ad5ab1-f2eb-4d98-8d08-675a65c2e4fe@group-1EDC2C945AF1-StateMachineUpdater] INFO  impl.StateMachineUpdater (StateMachineUpdater.java:lambda$new$0(84)) - 74ad5ab1-f2eb-4d98-8d08-675a65c2e4fe@group-1EDC2C945AF1-StateMachineUpdater: snapshotIndex: updateIncreasingly 1 -> 1
2019-10-01 21:48:00,986 [ForkJoinPool.commonPool-worker-0] INFO  impl.RaftServerImpl (ServerState.java:close(387)) - 74ad5ab1-f2eb-4d98-8d08-675a65c2e4fe@group-1EDC2C945AF1: closes. applyIndex: 2
2019-10-01 21:48:00,986 [74ad5ab1-f2eb-4d98-8d08-675a65c2e4fe@group-1EDC2C945AF1-SegmentedRaftLogWorker] INFO  segmented.SegmentedRaftLogWorker (SegmentedRaftLogWorker.java:run(316)) - 74ad5ab1-f2eb-4d98-8d08-675a65c2e4fe@group-1EDC2C945AF1-SegmentedRaftLogWorker was interrupted, exiting. There are 0 tasks remaining in the queue.
2019-10-01 21:48:00,990 [ForkJoinPool.commonPool-worker-0] INFO  segmented.SegmentedRaftLogWorker (SegmentedRaftLogWorker.java:close(224)) - 74ad5ab1-f2eb-4d98-8d08-675a65c2e4fe@group-1EDC2C945AF1-SegmentedRaftLogWorker close()
2019-10-01 21:48:00,997 [main] INFO  server.GrpcService (GrpcService.java:closeImpl(164)) - 74ad5ab1-f2eb-4d98-8d08-675a65c2e4fe: shutdown server with port 34673 now
2019-10-01 21:48:00,998 [grpc-default-executor-8] WARN  server.GrpcServerProtocolService (LogUtils.java:warn(134)) - 74ad5ab1-f2eb-4d98-8d08-675a65c2e4fe: installSnapshot onError, lastRequest: e977b856-88e3-402d-84c7-815713779e4f->74ad5ab1-f2eb-4d98-8d08-675a65c2e4fe#5-t1, previous=(t:1, i:2), leaderCommit=2, initializing? false, entries: <empty>: org.apache.ratis.thirdparty.io.grpc.StatusRuntimeException: CANCELLED: cancelled before receiving half close
2019-10-01 21:48:00,999 [grpc-default-executor-3] WARN  server.GrpcLogAppender (LogUtils.java:warn(134)) - e977b856-88e3-402d-84c7-815713779e4f@group-1EDC2C945AF1->74ad5ab1-f2eb-4d98-8d08-675a65c2e4fe-AppendLogResponseHandler: Failed appendEntries: org.apache.ratis.thirdparty.io.grpc.StatusRuntimeException: CANCELLED: HTTP/2 error code: CANCEL
Received Rst Stream
2019-10-01 21:48:00,999 [main] INFO  server.GrpcService (GrpcService.java:closeImpl(172)) - 74ad5ab1-f2eb-4d98-8d08-675a65c2e4fe: shutdown server with port 34673 successfully
2019-10-01 21:48:00,999 [grpc-default-executor-3] INFO  impl.FollowerInfo (FollowerInfo.java:lambda$new$0(51)) - e977b856-88e3-402d-84c7-815713779e4f@group-1EDC2C945AF1->74ad5ab1-f2eb-4d98-8d08-675a65c2e4fe: nextIndex: updateUnconditionally 3 -> 2
2019-10-01 21:48:01,001 [refreshUsed-/workdir/hadoop-ozone/integration-test/target/test-dir/MiniOzoneClusterImpl-caa61c93-f07a-48d8-a406-3e32b7adb6b2/datanode-2/data/containers] WARN  fs.CachingGetSpaceUsed (CachingGetSpaceUsed.java:run(183)) - Thread Interrupted waiting to refresh disk information: sleep interrupted
2019-10-01 21:48:01,021 [grpc-default-executor-8] WARN  server.GrpcLogAppender (LogUtils.java:warn(134)) - 4fe98e1f-8e79-4cc8-ad7c-d8dcfa82ff1e@group-2D3AFA3CB3B2->a6f2d0e5-b69b-4893-b0e1-e493defe37eb-AppendLogResponseHandler: Failed appendEntries: org.apache.ratis.thirdparty.io.grpc.StatusRuntimeException: UNAVAILABLE: io exception
2019-10-01 21:48:01,021 [grpc-default-executor-3] WARN  server.GrpcLogAppender (LogUtils.java:warn(134)) - 4fe98e1f-8e79-4cc8-ad7c-d8dcfa82ff1e@group-2D3AFA3CB3B2->dc8e1fa1-0742-4625-8bed-7dc210043178-AppendLogResponseHandler: Failed appendEntries: org.apache.ratis.thirdparty.io.grpc.StatusRuntimeException: UNAVAILABLE: io exception
2019-10-01 21:48:01,021 [grpc-default-executor-8] INFO  impl.FollowerInfo (FollowerInfo.java:lambda$new$0(51)) - 4fe98e1f-8e79-4cc8-ad7c-d8dcfa82ff1e@group-2D3AFA3CB3B2->a6f2d0e5-b69b-4893-b0e1-e493defe37eb: nextIndex: updateUnconditionally 0 -> 0
2019-10-01 21:48:01,021 [grpc-default-executor-3] INFO  impl.FollowerInfo (FollowerInfo.java:lambda$new$0(51)) - 4fe98e1f-8e79-4cc8-ad7c-d8dcfa82ff1e@group-2D3AFA3CB3B2->dc8e1fa1-0742-4625-8bed-7dc210043178: nextIndex: updateUnconditionally 0 -> 0
2019-10-01 21:48:01,024 [main] INFO  utils.BackgroundService (BackgroundService.java:shutdown(148)) - Shutting down service BlockDeletingService
2019-10-01 21:48:01,033 [main] INFO  statemachine.DatanodeStateMachine (DatanodeStateMachine.java:stopDaemon(395)) - Ozone container server stopped.
2019-10-01 21:48:01,035 [main] INFO  handler.ContextHandler (ContextHandler.java:doStop(910)) - Stopped o.e.j.w.WebAppContext@5785e813{/,null,UNAVAILABLE}{/hddsDatanode}
2019-10-01 21:48:01,036 [main] INFO  server.AbstractConnector (AbstractConnector.java:doStop(318)) - Stopped ServerConnector@10b8b900{HTTP/1.1,[http/1.1]}{0.0.0.0:0}
2019-10-01 21:48:01,036 [main] INFO  handler.ContextHandler (ContextHandler.java:doStop(910)) - Stopped o.e.j.s.ServletContextHandler@8641b7d{/static,jar:file:/home/user/.m2/repository/org/apache/hadoop/hadoop-hdds-container-service/0.5.0-SNAPSHOT/hadoop-hdds-container-service-0.5.0-SNAPSHOT.jar!/webapps/static,UNAVAILABLE}
2019-10-01 21:48:01,036 [main] INFO  handler.ContextHandler (ContextHandler.java:doStop(910)) - Stopped o.e.j.s.ServletContextHandler@34279b8a{/logs,file:///workdir/hadoop-ozone/integration-test/target/log,UNAVAILABLE}
2019-10-01 21:48:01,048 [grpc-default-executor-8] WARN  server.GrpcLogAppender (LogUtils.java:warn(134)) - e977b856-88e3-402d-84c7-815713779e4f@group-1EDC2C945AF1->74ad5ab1-f2eb-4d98-8d08-675a65c2e4fe-AppendLogResponseHandler: Failed appendEntries: org.apache.ratis.thirdparty.io.grpc.StatusRuntimeException: UNAVAILABLE: io exception
2019-10-01 21:48:01,048 [grpc-default-executor-8] INFO  impl.FollowerInfo (FollowerInfo.java:lambda$new$0(51)) - e977b856-88e3-402d-84c7-815713779e4f@group-1EDC2C945AF1->74ad5ab1-f2eb-4d98-8d08-675a65c2e4fe: nextIndex: updateUnconditionally 3 -> 2
2019-10-01 21:48:01,059 [grpc-default-executor-6] WARN  server.GrpcLogAppender (LogUtils.java:warn(134)) - e977b856-88e3-402d-84c7-815713779e4f@group-1EDC2C945AF1->74ad5ab1-f2eb-4d98-8d08-675a65c2e4fe-AppendLogResponseHandler: Failed appendEntries: org.apache.ratis.thirdparty.io.grpc.StatusRuntimeException: UNAVAILABLE: io exception
2019-10-01 21:48:01,059 [grpc-default-executor-6] INFO  impl.FollowerInfo (FollowerInfo.java:lambda$new$0(51)) - e977b856-88e3-402d-84c7-815713779e4f@group-1EDC2C945AF1->74ad5ab1-f2eb-4d98-8d08-675a65c2e4fe: nextIndex: updateUnconditionally 3 -> 2
2019-10-01 21:48:01,072 [grpc-default-executor-6] WARN  server.GrpcLogAppender (LogUtils.java:warn(134)) - e977b856-88e3-402d-84c7-815713779e4f@group-1EDC2C945AF1->74ad5ab1-f2eb-4d98-8d08-675a65c2e4fe-AppendLogResponseHandler: Failed appendEntries: org.apache.ratis.thirdparty.io.grpc.StatusRuntimeException: UNAVAILABLE: io exception
2019-10-01 21:48:01,072 [grpc-default-executor-6] INFO  impl.FollowerInfo (FollowerInfo.java:lambda$new$0(51)) - e977b856-88e3-402d-84c7-815713779e4f@group-1EDC2C945AF1->74ad5ab1-f2eb-4d98-8d08-675a65c2e4fe: nextIndex: updateUnconditionally 3 -> 2
2019-10-01 21:48:01,073 [EventQueue-IncrementalContainerReportForIncrementalContainerReportHandler] WARN  container.IncrementalContainerReportHandler (AbstractContainerReportHandler.java:updateContainerState(143)) - Container #1 is in OPEN state, but the datanode e977b856-88e3-402d-84c7-815713779e4f{ip: 192.168.157.248, host: pr-hdds-2225-v7c79-4183396186, networkLocation: /default-rack, certSerialId: null} reports an CLOSING replica.
2019-10-01 21:48:01,087 [EventQueue-IncrementalContainerReportForIncrementalContainerReportHandler] WARN  container.IncrementalContainerReportHandler (AbstractContainerReportHandler.java:updateContainerState(143)) - Container #1 is in OPEN state, but the datanode 1fb700a2-c1d5-42e7-b86a-b29cde3bbecf{ip: 192.168.157.248, host: pr-hdds-2225-v7c79-4183396186, networkLocation: /default-rack, certSerialId: null} reports an CLOSING replica.
2019-10-01 21:48:01,126 [RatisApplyTransactionExecutor 1] INFO  interfaces.Container (KeyValueContainer.java:flushAndSyncDB(386)) - Container 1 is synced with bcsId 0.
2019-10-01 21:48:01,147 [RatisApplyTransactionExecutor 1] INFO  interfaces.Container (KeyValueContainer.java:flushAndSyncDB(386)) - Container 1 is synced with bcsId 0.
2019-10-01 21:48:01,157 [RatisApplyTransactionExecutor 1] INFO  interfaces.Container (KeyValueContainer.java:flushAndSyncDB(386)) - Container 1 is synced with bcsId 0.
2019-10-01 21:48:01,158 [RatisApplyTransactionExecutor 1] INFO  interfaces.Container (KeyValueContainer.java:flushAndSyncDB(386)) - Container 1 is synced with bcsId 0.
2019-10-01 21:48:01,170 [RatisApplyTransactionExecutor 1] INFO  interfaces.Container (KeyValueContainer.java:close(335)) - Container 1 is closed with bcsId 0.
2019-10-01 21:48:01,170 [RatisApplyTransactionExecutor 1] INFO  interfaces.Container (KeyValueContainer.java:close(335)) - Container 1 is closed with bcsId 0.
2019-10-01 21:48:01,188 [EventQueue-IncrementalContainerReportForIncrementalContainerReportHandler] WARN  container.IncrementalContainerReportHandler (AbstractContainerReportHandler.java:updateContainerState(143)) - Container #1 is in OPEN state, but the datanode e977b856-88e3-402d-84c7-815713779e4f{ip: 192.168.157.248, host: pr-hdds-2225-v7c79-4183396186, networkLocation: /default-rack, certSerialId: null} reports an CLOSED replica.
2019-10-01 21:48:01,218 [EventQueue-IncrementalContainerReportForIncrementalContainerReportHandler] WARN  container.IncrementalContainerReportHandler (AbstractContainerReportHandler.java:updateContainerState(143)) - Container #1 is in OPEN state, but the datanode 1fb700a2-c1d5-42e7-b86a-b29cde3bbecf{ip: 192.168.157.248, host: pr-hdds-2225-v7c79-4183396186, networkLocation: /default-rack, certSerialId: null} reports an CLOSED replica.
2019-10-01 21:48:02,114 [grpc-default-executor-7] WARN  server.GrpcLogAppender (LogUtils.java:warn(134)) - 4fe98e1f-8e79-4cc8-ad7c-d8dcfa82ff1e@group-2D3AFA3CB3B2->dc8e1fa1-0742-4625-8bed-7dc210043178-AppendLogResponseHandler: Failed appendEntries: org.apache.ratis.thirdparty.io.grpc.StatusRuntimeException: UNAVAILABLE: io exception
2019-10-01 21:48:02,114 [grpc-default-executor-2] WARN  server.GrpcLogAppender (LogUtils.java:warn(134)) - 4fe98e1f-8e79-4cc8-ad7c-d8dcfa82ff1e@group-2D3AFA3CB3B2->a6f2d0e5-b69b-4893-b0e1-e493defe37eb-AppendLogResponseHandler: Failed appendEntries: org.apache.ratis.thirdparty.io.grpc.StatusRuntimeException: UNAVAILABLE: io exception
2019-10-01 21:48:02,114 [grpc-default-executor-7] INFO  impl.FollowerInfo (FollowerInfo.java:lambda$new$0(51)) - 4fe98e1f-8e79-4cc8-ad7c-d8dcfa82ff1e@group-2D3AFA3CB3B2->dc8e1fa1-0742-4625-8bed-7dc210043178: nextIndex: updateUnconditionally 1 -> 0
2019-10-01 21:48:02,115 [grpc-default-executor-2] INFO  impl.FollowerInfo (FollowerInfo.java:lambda$new$0(51)) - 4fe98e1f-8e79-4cc8-ad7c-d8dcfa82ff1e@group-2D3AFA3CB3B2->a6f2d0e5-b69b-4893-b0e1-e493defe37eb: nextIndex: updateUnconditionally 1 -> 0
2019-10-01 21:48:02,584 [Thread-2431] INFO  client.GrpcClientProtocolService (GrpcClientProtocolService.java:lambda$processClientRequest$0(278)) - Failed RaftClientRequest:client-93850AC7A344->4fe98e1f-8e79-4cc8-ad7c-d8dcfa82ff1e@group-2D3AFA3CB3B2, cid=68, seq=0, Watch-MAJORITY_COMMITTED(101), Message:<EMPTY>, reply=RaftClientReply:client-93850AC7A344->4fe98e1f-8e79-4cc8-ad7c-d8dcfa82ff1e@group-2D3AFA3CB3B2, cid=68, FAILED org.apache.ratis.protocol.NotReplicatedException: Request with call Id 68 and log index 101 is not yet replicated to MAJORITY_COMMITTED, logIndex=101, commits[4fe98e1f-8e79-4cc8-ad7c-d8dcfa82ff1e:c2, dc8e1fa1-0742-4625-8bed-7dc210043178:c2, a6f2d0e5-b69b-4893-b0e1-e493defe37eb:c2]
2019-10-01 21:48:02,584 [Thread-2432] INFO  client.GrpcClientProtocolService (GrpcClientProtocolService.java:lambda$processClientRequest$0(278)) - Failed RaftClientRequest:client-93850AC7A344->4fe98e1f-8e79-4cc8-ad7c-d8dcfa82ff1e@group-2D3AFA3CB3B2, cid=67, seq=0, Watch-ALL_COMMITTED(101), Message:<EMPTY>, reply=RaftClientReply:client-93850AC7A344->4fe98e1f-8e79-4cc8-ad7c-d8dcfa82ff1e@group-2D3AFA3CB3B2, cid=67, FAILED org.apache.ratis.protocol.NotReplicatedException: Request with call Id 67 and log index 101 is not yet replicated to ALL_COMMITTED, logIndex=101, commits[4fe98e1f-8e79-4cc8-ad7c-d8dcfa82ff1e:c2, dc8e1fa1-0742-4625-8bed-7dc210043178:c2, a6f2d0e5-b69b-4893-b0e1-e493defe37eb:c2]
2019-10-01 21:48:03,574 [grpc-default-executor-6] WARN  server.GrpcLogAppender (LogUtils.java:warn(134)) - e977b856-88e3-402d-84c7-815713779e4f@group-1EDC2C945AF1->74ad5ab1-f2eb-4d98-8d08-675a65c2e4fe-AppendLogResponseHandler: Failed appendEntries: org.apache.ratis.thirdparty.io.grpc.StatusRuntimeException: UNAVAILABLE: io exception
2019-10-01 21:48:03,581 [grpc-default-executor-6] INFO  impl.FollowerInfo (FollowerInfo.java:lambda$new$0(51)) - e977b856-88e3-402d-84c7-815713779e4f@group-1EDC2C945AF1->74ad5ab1-f2eb-4d98-8d08-675a65c2e4fe: nextIndex: updateUnconditionally 2 -> 1
2019-10-01 21:48:04,219 [main] WARN  scm.XceiverClientRatis (XceiverClientRatis.java:watchForCommit(292)) - 3 way commit failed on pipeline Pipeline[ Id: 992a3d63-5098-4063-8972-1edc2c945af1, Nodes: 74ad5ab1-f2eb-4d98-8d08-675a65c2e4fe{ip: 192.168.157.248, host: pr-hdds-2225-v7c79-4183396186, networkLocation: /default-rack, certSerialId: null}1fb700a2-c1d5-42e7-b86a-b29cde3bbecf{ip: 192.168.157.248, host: pr-hdds-2225-v7c79-4183396186, networkLocation: /default-rack, certSerialId: null}e977b856-88e3-402d-84c7-815713779e4f{ip: 192.168.157.248, host: pr-hdds-2225-v7c79-4183396186, networkLocation: /default-rack, certSerialId: null}, Type:RATIS, Factor:THREE, State:OPEN]
java.util.concurrent.TimeoutException
	at java.util.concurrent.CompletableFuture.timedGet(CompletableFuture.java:1771)
	at java.util.concurrent.CompletableFuture.get(CompletableFuture.java:1915)
	at org.apache.hadoop.hdds.scm.XceiverClientRatis.watchForCommit(XceiverClientRatis.java:289)
	at org.apache.hadoop.ozone.client.rpc.TestWatchForCommit.test2WayCommitForTimeoutException(TestWatchForCommit.java:391)
	at sun.reflect.NativeMethodAccessorImpl.invoke0(Native Method)
	at sun.reflect.NativeMethodAccessorImpl.invoke(NativeMethodAccessorImpl.java:62)
	at sun.reflect.DelegatingMethodAccessorImpl.invoke(DelegatingMethodAccessorImpl.java:43)
	at java.lang.reflect.Method.invoke(Method.java:498)
	at org.junit.runners.model.FrameworkMethod$1.runReflectiveCall(FrameworkMethod.java:47)
	at org.junit.internal.runners.model.ReflectiveCallable.run(ReflectiveCallable.java:12)
	at org.junit.runners.model.FrameworkMethod.invokeExplosively(FrameworkMethod.java:44)
	at org.junit.internal.runners.statements.InvokeMethod.evaluate(InvokeMethod.java:17)
	at org.junit.runners.ParentRunner.runLeaf(ParentRunner.java:271)
	at org.junit.runners.BlockJUnit4ClassRunner.runChild(BlockJUnit4ClassRunner.java:70)
	at org.junit.runners.BlockJUnit4ClassRunner.runChild(BlockJUnit4ClassRunner.java:50)
	at org.junit.runners.ParentRunner$3.run(ParentRunner.java:238)
	at org.junit.runners.ParentRunner$1.schedule(ParentRunner.java:63)
	at org.junit.runners.ParentRunner.runChildren(ParentRunner.java:236)
	at org.junit.runners.ParentRunner.access$000(ParentRunner.java:53)
	at org.junit.runners.ParentRunner$2.evaluate(ParentRunner.java:229)
	at org.junit.runners.ParentRunner.run(ParentRunner.java:309)
	at org.apache.maven.surefire.junit4.JUnit4Provider.execute(JUnit4Provider.java:365)
	at org.apache.maven.surefire.junit4.JUnit4Provider.executeWithRerun(JUnit4Provider.java:273)
	at org.apache.maven.surefire.junit4.JUnit4Provider.executeTestSet(JUnit4Provider.java:238)
	at org.apache.maven.surefire.junit4.JUnit4Provider.invoke(JUnit4Provider.java:159)
	at org.apache.maven.surefire.booter.ForkedBooter.invokeProviderInSameClassLoader(ForkedBooter.java:384)
	at org.apache.maven.surefire.booter.ForkedBooter.runSuitesInProcess(ForkedBooter.java:345)
	at org.apache.maven.surefire.booter.ForkedBooter.execute(ForkedBooter.java:126)
	at org.apache.maven.surefire.booter.ForkedBooter.main(ForkedBooter.java:418)
2019-10-01 21:48:04,241 [Thread-2440] INFO  client.GrpcClientProtocolService (GrpcClientProtocolService.java:lambda$processClientRequest$0(278)) - Failed RaftClientRequest:client-82F556DCC9C9->1fb700a2-c1d5-42e7-b86a-b29cde3bbecf@group-1EDC2C945AF1, cid=105, seq=0, Watch-MAJORITY_COMMITTED(3), Message:<EMPTY>, reply=RaftClientReply:client-82F556DCC9C9->1fb700a2-c1d5-42e7-b86a-b29cde3bbecf@group-1EDC2C945AF1, cid=105, FAILED org.apache.ratis.protocol.NotLeaderException: Server 1fb700a2-c1d5-42e7-b86a-b29cde3bbecf@group-1EDC2C945AF1 is not the leader e977b856-88e3-402d-84c7-815713779e4f:192.168.157.248:37799, logIndex=0, commits[1fb700a2-c1d5-42e7-b86a-b29cde3bbecf:c4, 74ad5ab1-f2eb-4d98-8d08-675a65c2e4fe:c2, e977b856-88e3-402d-84c7-815713779e4f:c4]
2019-10-01 21:48:04,614 [grpc-default-executor-6] WARN  server.GrpcLogAppender (LogUtils.java:warn(134)) - 4fe98e1f-8e79-4cc8-ad7c-d8dcfa82ff1e@group-2D3AFA3CB3B2->dc8e1fa1-0742-4625-8bed-7dc210043178-AppendLogResponseHandler: Failed appendEntries: org.apache.ratis.thirdparty.io.grpc.StatusRuntimeException: UNAVAILABLE: io exception
2019-10-01 21:48:04,614 [grpc-default-executor-0] WARN  server.GrpcLogAppender (LogUtils.java:warn(134)) - 4fe98e1f-8e79-4cc8-ad7c-d8dcfa82ff1e@group-2D3AFA3CB3B2->a6f2d0e5-b69b-4893-b0e1-e493defe37eb-AppendLogResponseHandler: Failed appendEntries: org.apache.ratis.thirdparty.io.grpc.StatusRuntimeException: UNAVAILABLE: io exception
2019-10-01 21:48:04,631 [grpc-default-executor-6] INFO  impl.FollowerInfo (FollowerInfo.java:lambda$new$0(51)) - 4fe98e1f-8e79-4cc8-ad7c-d8dcfa82ff1e@group-2D3AFA3CB3B2->dc8e1fa1-0742-4625-8bed-7dc210043178: nextIndex: updateUnconditionally 0 -> 0
2019-10-01 21:48:04,631 [grpc-default-executor-0] INFO  impl.FollowerInfo (FollowerInfo.java:lambda$new$0(51)) - 4fe98e1f-8e79-4cc8-ad7c-d8dcfa82ff1e@group-2D3AFA3CB3B2->a6f2d0e5-b69b-4893-b0e1-e493defe37eb: nextIndex: updateUnconditionally 0 -> 0
2019-10-01 21:48:06,074 [grpc-default-executor-7] WARN  server.GrpcLogAppender (LogUtils.java:warn(134)) - e977b856-88e3-402d-84c7-815713779e4f@group-1EDC2C945AF1->74ad5ab1-f2eb-4d98-8d08-675a65c2e4fe-AppendLogResponseHandler: Failed appendEntries: org.apache.ratis.thirdparty.io.grpc.StatusRuntimeException: UNAVAILABLE: io exception
2019-10-01 21:48:06,075 [grpc-default-executor-7] INFO  impl.FollowerInfo (FollowerInfo.java:lambda$new$0(51)) - e977b856-88e3-402d-84c7-815713779e4f@group-1EDC2C945AF1->74ad5ab1-f2eb-4d98-8d08-675a65c2e4fe: nextIndex: updateUnconditionally 1 -> 0
2019-10-01 21:48:06,144 [EventQueue-StaleNodeForStaleNodeHandler] INFO  node.StaleNodeHandler (StaleNodeHandler.java:onMessage(58)) - Datanode dc8e1fa1-0742-4625-8bed-7dc210043178{ip: 192.168.157.248, host: pr-hdds-2225-v7c79-4183396186, networkLocation: /default-rack, certSerialId: null} moved to stale state. Finalizing its pipelines [PipelineID=34d945b3-3e16-4f87-b25a-2d3afa3cb3b2, PipelineID=a004f2e2-14fb-4d55-a88a-bb92e9cb9191]
2019-10-01 21:48:06,144 [EventQueue-StaleNodeForStaleNodeHandler] INFO  pipeline.SCMPipelineManager (SCMPipelineManager.java:finalizeAndDestroyPipeline(315)) - destroying pipeline:Pipeline[ Id: 34d945b3-3e16-4f87-b25a-2d3afa3cb3b2, Nodes: a6f2d0e5-b69b-4893-b0e1-e493defe37eb{ip: 192.168.157.248, host: pr-hdds-2225-v7c79-4183396186, networkLocation: /default-rack, certSerialId: null}dc8e1fa1-0742-4625-8bed-7dc210043178{ip: 192.168.157.248, host: pr-hdds-2225-v7c79-4183396186, networkLocation: /default-rack, certSerialId: null}4fe98e1f-8e79-4cc8-ad7c-d8dcfa82ff1e{ip: 192.168.157.248, host: pr-hdds-2225-v7c79-4183396186, networkLocation: /default-rack, certSerialId: null}, Type:RATIS, Factor:THREE, State:CLOSED]
2019-10-01 21:48:06,145 [EventQueue-StaleNodeForStaleNodeHandler] INFO  pipeline.SCMPipelineManager (SCMPipelineManager.java:finalizeAndDestroyPipeline(315)) - destroying pipeline:Pipeline[ Id: a004f2e2-14fb-4d55-a88a-bb92e9cb9191, Nodes: dc8e1fa1-0742-4625-8bed-7dc210043178{ip: 192.168.157.248, host: pr-hdds-2225-v7c79-4183396186, networkLocation: /default-rack, certSerialId: null}, Type:RATIS, Factor:ONE, State:OPEN]
2019-10-01 21:48:06,145 [EventQueue-StaleNodeForStaleNodeHandler] INFO  pipeline.PipelineStateManager (PipelineStateManager.java:finalizePipeline(123)) - Pipeline Pipeline[ Id: a004f2e2-14fb-4d55-a88a-bb92e9cb9191, Nodes: dc8e1fa1-0742-4625-8bed-7dc210043178{ip: 192.168.157.248, host: pr-hdds-2225-v7c79-4183396186, networkLocation: /default-rack, certSerialId: null}, Type:RATIS, Factor:ONE, State:CLOSED] moved to CLOSED state
2019-10-01 21:48:07,117 [grpc-default-executor-0] WARN  server.GrpcLogAppender (LogUtils.java:warn(134)) - 4fe98e1f-8e79-4cc8-ad7c-d8dcfa82ff1e@group-2D3AFA3CB3B2->a6f2d0e5-b69b-4893-b0e1-e493defe37eb-AppendLogResponseHandler: Failed appendEntries: org.apache.ratis.thirdparty.io.grpc.StatusRuntimeException: UNAVAILABLE: io exception
2019-10-01 21:48:07,117 [grpc-default-executor-7] WARN  server.GrpcLogAppender (LogUtils.java:warn(134)) - 4fe98e1f-8e79-4cc8-ad7c-d8dcfa82ff1e@group-2D3AFA3CB3B2->dc8e1fa1-0742-4625-8bed-7dc210043178-AppendLogResponseHandler: Failed appendEntries: org.apache.ratis.thirdparty.io.grpc.StatusRuntimeException: UNAVAILABLE: io exception
2019-10-01 21:48:07,123 [grpc-default-executor-0] INFO  impl.FollowerInfo (FollowerInfo.java:lambda$new$0(51)) - 4fe98e1f-8e79-4cc8-ad7c-d8dcfa82ff1e@group-2D3AFA3CB3B2->a6f2d0e5-b69b-4893-b0e1-e493defe37eb: nextIndex: updateUnconditionally 0 -> 0
2019-10-01 21:48:07,124 [grpc-default-executor-7] INFO  impl.FollowerInfo (FollowerInfo.java:lambda$new$0(51)) - 4fe98e1f-8e79-4cc8-ad7c-d8dcfa82ff1e@group-2D3AFA3CB3B2->dc8e1fa1-0742-4625-8bed-7dc210043178: nextIndex: updateUnconditionally 0 -> 0
]]></system-out>
    <system-err><![CDATA[Oct 01, 2019 9:48:00 PM org.apache.ratis.thirdparty.io.grpc.internal.SerializingExecutor run
SEVERE: Exception while executing runnable org.apache.ratis.thirdparty.io.grpc.internal.ServerImpl$JumpToApplicationThreadServerStreamListener$1Closed@403549d5
org.apache.ratis.thirdparty.io.grpc.StatusRuntimeException: CANCELLED: call already cancelled
	at org.apache.ratis.thirdparty.io.grpc.Status.asRuntimeException(Status.java:517)
	at org.apache.ratis.thirdparty.io.grpc.stub.ServerCalls$ServerCallStreamObserverImpl.onCompleted(ServerCalls.java:356)
	at org.apache.ratis.grpc.server.GrpcServerProtocolService$ServerRequestStreamObserver.onError(GrpcServerProtocolService.java:121)
	at org.apache.ratis.thirdparty.io.grpc.stub.ServerCalls$StreamingServerCallHandler$StreamingServerCallListener.onCancel(ServerCalls.java:269)
	at org.apache.ratis.thirdparty.io.grpc.internal.ServerCallImpl$ServerStreamListenerImpl.closed(ServerCallImpl.java:293)
	at org.apache.ratis.thirdparty.io.grpc.internal.ServerImpl$JumpToApplicationThreadServerStreamListener$1Closed.runInContext(ServerImpl.java:741)
	at org.apache.ratis.thirdparty.io.grpc.internal.ContextRunnable.run(ContextRunnable.java:37)
	at org.apache.ratis.thirdparty.io.grpc.internal.SerializingExecutor.run(SerializingExecutor.java:123)
	at java.util.concurrent.ThreadPoolExecutor.runWorker(ThreadPoolExecutor.java:1149)
	at java.util.concurrent.ThreadPoolExecutor$Worker.run(ThreadPoolExecutor.java:624)
	at java.lang.Thread.run(Thread.java:748)

]]></system-err>
  </testcase>
</testsuite>