<?xml version="1.0" encoding="UTF-8"?>
<testsuite xmlns:xsi="http://www.w3.org/2001/XMLSchema-instance" xsi:noNamespaceSchemaLocation="https://maven.apache.org/surefire/maven-surefire-plugin/xsd/surefire-test-report.xsd" name="org.apache.hadoop.ozone.client.rpc.TestWatchForCommit" time="258.584" tests="5" errors="1" skipped="0" failures="0">
  <properties>
    <property name="awt.toolkit" value="sun.awt.X11.XToolkit"/>
    <property name="file.encoding.pkg" value="sun.io"/>
    <property name="java.specification.version" value="1.8"/>
    <property name="sun.cpu.isalist" value=""/>
    <property name="sun.jnu.encoding" value="UTF-8"/>
    <property name="java.class.path" value="/workdir/hadoop-ozone/integration-test/target/test-classes:/workdir/hadoop-ozone/integration-test/target/classes:/home/user/.m2/repository/org/apache/hadoop/hadoop-ozone-common/0.5.0-SNAPSHOT/hadoop-ozone-common-0.5.0-SNAPSHOT.jar:/home/user/.m2/repository/org/apache/commons/commons-compress/1.4.1/commons-compress-1.4.1.jar:/home/user/.m2/repository/org/tukaani/xz/1.0/xz-1.0.jar:/home/user/.m2/repository/org/apache/hadoop/hadoop-common/3.2.0/hadoop-common-3.2.0.jar:/home/user/.m2/repository/org/apache/hadoop/hadoop-hdfs/3.2.0/hadoop-hdfs-3.2.0.jar:/home/user/.m2/repository/org/apache/hadoop/hadoop-hdfs-client/3.2.0/hadoop-hdfs-client-3.2.0.jar:/home/user/.m2/repository/com/fasterxml/jackson/core/jackson-annotations/2.9.9/jackson-annotations-2.9.9.jar:/home/user/.m2/repository/org/apache/hadoop/hadoop-hdds-common/0.5.0-SNAPSHOT/hadoop-hdds-common-0.5.0-SNAPSHOT.jar:/home/user/.m2/repository/javax/annotation/javax.annotation-api/1.2/javax.annotation-api-1.2.jar:/home/user/.m2/repository/org/apache/ratis/ratis-server/0.5.0-201fc85-SNAPSHOT/ratis-server-0.5.0-201fc85-SNAPSHOT.jar:/home/user/.m2/repository/org/apache/ratis/ratis-thirdparty-misc/0.2.0/ratis-thirdparty-misc-0.2.0.jar:/home/user/.m2/repository/org/apache/ratis/ratis-proto/0.5.0-201fc85-SNAPSHOT/ratis-proto-0.5.0-201fc85-SNAPSHOT.jar:/home/user/.m2/repository/org/apache/ratis/ratis-common/0.5.0-201fc85-SNAPSHOT/ratis-common-0.5.0-201fc85-SNAPSHOT.jar:/home/user/.m2/repository/org/apache/ratis/ratis-client/0.5.0-201fc85-SNAPSHOT/ratis-client-0.5.0-201fc85-SNAPSHOT.jar:/home/user/.m2/repository/org/apache/ratis/ratis-metrics/0.5.0-201fc85-SNAPSHOT/ratis-metrics-0.5.0-201fc85-SNAPSHOT.jar:/home/user/.m2/repository/com/github/joshelser/dropwizard-metrics-hadoop-metrics2-reporter/0.1.2/dropwizard-metrics-hadoop-metrics2-reporter-0.1.2.jar:/home/user/.m2/repository/io/dropwizard/metrics/metrics-jvm/3.2.5/metrics-jvm-3.2.5.jar:/home/user/.m2/repository/io/dropwizard/metrics/metrics-ganglia/3.2.5/metrics-ganglia-3.2.5.jar:/home/user/.m2/repository/info/ganglia/gmetric4j/gmetric4j/1.0.7/gmetric4j-1.0.7.jar:/home/user/.m2/repository/org/apache/ratis/ratis-netty/0.5.0-201fc85-SNAPSHOT/ratis-netty-0.5.0-201fc85-SNAPSHOT.jar:/home/user/.m2/repository/org/apache/ratis/ratis-grpc/0.5.0-201fc85-SNAPSHOT/ratis-grpc-0.5.0-201fc85-SNAPSHOT.jar:/home/user/.m2/repository/org/rocksdb/rocksdbjni/6.0.1/rocksdbjni-6.0.1.jar:/home/user/.m2/repository/org/apache/logging/log4j/log4j-api/2.11.0/log4j-api-2.11.0.jar:/home/user/.m2/repository/org/apache/logging/log4j/log4j-core/2.11.0/log4j-core-2.11.0.jar:/home/user/.m2/repository/com/lmax/disruptor/3.4.2/disruptor-3.4.2.jar:/home/user/.m2/repository/org/apache/commons/commons-pool2/2.6.0/commons-pool2-2.6.0.jar:/home/user/.m2/repository/org/bouncycastle/bcpkix-jdk15on/1.60/bcpkix-jdk15on-1.60.jar:/home/user/.m2/repository/commons-validator/commons-validator/1.6/commons-validator-1.6.jar:/home/user/.m2/repository/commons-digester/commons-digester/1.8.1/commons-digester-1.8.1.jar:/home/user/.m2/repository/io/jaegertracing/jaeger-client/0.34.0/jaeger-client-0.34.0.jar:/home/user/.m2/repository/io/jaegertracing/jaeger-thrift/0.34.0/jaeger-thrift-0.34.0.jar:/home/user/.m2/repository/org/apache/thrift/libthrift/0.12.0/libthrift-0.12.0.jar:/home/user/.m2/repository/com/squareup/okhttp3/okhttp/3.9.0/okhttp-3.9.0.jar:/home/user/.m2/repository/com/squareup/okio/okio/1.13.0/okio-1.13.0.jar:/home/user/.m2/repository/io/jaegertracing/jaeger-core/0.34.0/jaeger-core-0.34.0.jar:/home/user/.m2/repository/io/jaegertracing/jaeger-tracerresolver/0.34.0/jaeger-tracerresolver-0.34.0.jar:/home/user/.m2/repository/io/opentracing/contrib/opentracing-tracerresolver/0.1.5/opentracing-tracerresolver-0.1.5.jar:/home/user/.m2/repository/io/opentracing/opentracing-util/0.31.0/opentracing-util-0.31.0.jar:/home/user/.m2/repository/io/opentracing/opentracing-api/0.31.0/opentracing-api-0.31.0.jar:/home/user/.m2/repository/io/opentracing/opentracing-noop/0.31.0/opentracing-noop-0.31.0.jar:/home/user/.m2/repository/org/apache/hadoop/hadoop-hdds-server-framework/0.5.0-SNAPSHOT/hadoop-hdds-server-framework-0.5.0-SNAPSHOT.jar:/home/user/.m2/repository/org/apache/hadoop/hadoop-hdds-container-service/0.5.0-SNAPSHOT/hadoop-hdds-container-service-0.5.0-SNAPSHOT.jar:/home/user/.m2/repository/org/apache/hadoop/hadoop-hdds-client/0.5.0-SNAPSHOT/hadoop-hdds-client-0.5.0-SNAPSHOT.jar:/home/user/.m2/repository/org/apache/hadoop/hadoop-hdds-tools/0.5.0-SNAPSHOT/hadoop-hdds-tools-0.5.0-SNAPSHOT.jar:/home/user/.m2/repository/org/apache/hadoop/hadoop-hdds-server-scm/0.5.0-SNAPSHOT/hadoop-hdds-server-scm-0.5.0-SNAPSHOT.jar:/home/user/.m2/repository/org/apache/hadoop/hadoop-hdds-docs/0.5.0-SNAPSHOT/hadoop-hdds-docs-0.5.0-SNAPSHOT.jar:/home/user/.m2/repository/io/dropwizard/metrics/metrics-core/3.2.4/metrics-core-3.2.4.jar:/home/user/.m2/repository/org/hamcrest/hamcrest-all/1.3/hamcrest-all-1.3.jar:/home/user/.m2/repository/org/bouncycastle/bcprov-jdk15on/1.60/bcprov-jdk15on-1.60.jar:/home/user/.m2/repository/info/picocli/picocli/3.9.6/picocli-3.9.6.jar:/home/user/.m2/repository/com/google/protobuf/protobuf-java/2.5.0/protobuf-java-2.5.0.jar:/home/user/.m2/repository/com/google/guava/guava/11.0.2/guava-11.0.2.jar:/home/user/.m2/repository/org/apache/hadoop/hadoop-ozone-ozone-manager/0.5.0-SNAPSHOT/hadoop-ozone-ozone-manager-0.5.0-SNAPSHOT.jar:/home/user/.m2/repository/org/apache/hadoop/hadoop-minikdc/3.2.0/hadoop-minikdc-3.2.0.jar:/home/user/.m2/repository/commons-io/commons-io/2.5/commons-io-2.5.jar:/home/user/.m2/repository/org/apache/kerby/kerb-simplekdc/1.0.1/kerb-simplekdc-1.0.1.jar:/home/user/.m2/repository/org/apache/kerby/kerb-client/1.0.1/kerb-client-1.0.1.jar:/home/user/.m2/repository/org/apache/kerby/kerby-config/1.0.1/kerby-config-1.0.1.jar:/home/user/.m2/repository/org/apache/kerby/kerb-core/1.0.1/kerb-core-1.0.1.jar:/home/user/.m2/repository/org/apache/kerby/kerby-pkix/1.0.1/kerby-pkix-1.0.1.jar:/home/user/.m2/repository/org/apache/kerby/kerby-asn1/1.0.1/kerby-asn1-1.0.1.jar:/home/user/.m2/repository/org/apache/kerby/kerby-util/1.0.1/kerby-util-1.0.1.jar:/home/user/.m2/repository/org/apache/kerby/kerb-common/1.0.1/kerb-common-1.0.1.jar:/home/user/.m2/repository/org/apache/kerby/kerb-crypto/1.0.1/kerb-crypto-1.0.1.jar:/home/user/.m2/repository/org/apache/kerby/kerb-util/1.0.1/kerb-util-1.0.1.jar:/home/user/.m2/repository/org/apache/kerby/token-provider/1.0.1/token-provider-1.0.1.jar:/home/user/.m2/repository/org/apache/kerby/kerb-admin/1.0.1/kerb-admin-1.0.1.jar:/home/user/.m2/repository/org/apache/kerby/kerb-server/1.0.1/kerb-server-1.0.1.jar:/home/user/.m2/repository/org/apache/kerby/kerb-identity/1.0.1/kerb-identity-1.0.1.jar:/home/user/.m2/repository/org/apache/kerby/kerby-xdr/1.0.1/kerby-xdr-1.0.1.jar:/home/user/.m2/repository/org/slf4j/slf4j-log4j12/1.7.25/slf4j-log4j12-1.7.25.jar:/home/user/.m2/repository/org/apache/hadoop/hadoop-ozone-s3gateway/0.5.0-SNAPSHOT/hadoop-ozone-s3gateway-0.5.0-SNAPSHOT.jar:/home/user/.m2/repository/org/jboss/weld/servlet/weld-servlet/2.4.7.Final/weld-servlet-2.4.7.Final.jar:/home/user/.m2/repository/org/glassfish/jersey/containers/jersey-container-servlet-core/2.27/jersey-container-servlet-core-2.27.jar:/home/user/.m2/repository/org/glassfish/hk2/external/javax.inject/2.5.0-b42/javax.inject-2.5.0-b42.jar:/home/user/.m2/repository/org/glassfish/jersey/core/jersey-common/2.27/jersey-common-2.27.jar:/home/user/.m2/repository/org/glassfish/hk2/osgi-resource-locator/1.0.1/osgi-resource-locator-1.0.1.jar:/home/user/.m2/repository/javax/ws/rs/javax.ws.rs-api/2.1/javax.ws.rs-api-2.1.jar:/home/user/.m2/repository/org/glassfish/jersey/ext/cdi/jersey-cdi1x/2.27/jersey-cdi1x-2.27.jar:/home/user/.m2/repository/org/glassfish/jersey/inject/jersey-hk2/2.27/jersey-hk2-2.27.jar:/home/user/.m2/repository/org/glassfish/hk2/hk2-locator/2.5.0-b42/hk2-locator-2.5.0-b42.jar:/home/user/.m2/repository/org/javassist/javassist/3.22.0-CR2/javassist-3.22.0-CR2.jar:/home/user/.m2/repository/org/glassfish/hk2/hk2-api/2.5.0/hk2-api-2.5.0.jar:/home/user/.m2/repository/org/glassfish/hk2/external/jakarta.inject/2.5.0/jakarta.inject-2.5.0.jar:/home/user/.m2/repository/org/glassfish/hk2/hk2-utils/2.5.0/hk2-utils-2.5.0.jar:/home/user/.m2/repository/jakarta/annotation/jakarta.annotation-api/1.3.4/jakarta.annotation-api-1.3.4.jar:/home/user/.m2/repository/org/glassfish/hk2/external/aopalliance-repackaged/2.5.0/aopalliance-repackaged-2.5.0.jar:/home/user/.m2/repository/com/fasterxml/jackson/dataformat/jackson-dataformat-xml/2.9.0/jackson-dataformat-xml-2.9.0.jar:/home/user/.m2/repository/com/fasterxml/jackson/core/jackson-core/2.9.9/jackson-core-2.9.9.jar:/home/user/.m2/repository/com/fasterxml/jackson/module/jackson-module-jaxb-annotations/2.9.9/jackson-module-jaxb-annotations-2.9.9.jar:/home/user/.m2/repository/javax/enterprise/cdi-api/1.2/cdi-api-1.2.jar:/home/user/.m2/repository/javax/el/javax.el-api/3.0.0/javax.el-api-3.0.0.jar:/home/user/.m2/repository/javax/interceptor/javax.interceptor-api/1.2/javax.interceptor-api-1.2.jar:/home/user/.m2/repository/javax/inject/javax.inject/1/javax.inject-1.jar:/home/user/.m2/repository/com/sun/xml/bind/jaxb-impl/2.3.0.1/jaxb-impl-2.3.0.1.jar:/home/user/.m2/repository/com/sun/xml/bind/jaxb-core/2.3.0.1/jaxb-core-2.3.0.1.jar:/home/user/.m2/repository/javax/xml/bind/jaxb-api/2.3.0/jaxb-api-2.3.0.jar:/home/user/.m2/repository/javax/activation/activation/1.1.1/activation-1.1.1.jar:/home/user/.m2/repository/org/apache/hadoop/hadoop-ozone-csi/0.5.0-SNAPSHOT/hadoop-ozone-csi-0.5.0-SNAPSHOT.jar:/home/user/.m2/repository/com/google/protobuf/protobuf-java-util/3.5.1/protobuf-java-util-3.5.1.jar:/home/user/.m2/repository/org/apache/hadoop/hadoop-hdds-config/0.5.0-SNAPSHOT/hadoop-hdds-config-0.5.0-SNAPSHOT.jar:/home/user/.m2/repository/io/grpc/grpc-netty/1.17.1/grpc-netty-1.17.1.jar:/home/user/.m2/repository/io/grpc/grpc-core/1.17.1/grpc-core-1.17.1.jar:/home/user/.m2/repository/io/grpc/grpc-context/1.17.1/grpc-context-1.17.1.jar:/home/user/.m2/repository/com/google/errorprone/error_prone_annotations/2.2.0/error_prone_annotations-2.2.0.jar:/home/user/.m2/repository/org/codehaus/mojo/animal-sniffer-annotations/1.17/animal-sniffer-annotations-1.17.jar:/home/user/.m2/repository/io/opencensus/opencensus-api/0.17.0/opencensus-api-0.17.0.jar:/home/user/.m2/repository/io/opencensus/opencensus-contrib-grpc-metrics/0.17.0/opencensus-contrib-grpc-metrics-0.17.0.jar:/home/user/.m2/repository/io/netty/netty-codec-http2/4.1.30.Final/netty-codec-http2-4.1.30.Final.jar:/home/user/.m2/repository/io/netty/netty-codec-http/4.1.30.Final/netty-codec-http-4.1.30.Final.jar:/home/user/.m2/repository/io/netty/netty-codec/4.1.30.Final/netty-codec-4.1.30.Final.jar:/home/user/.m2/repository/io/netty/netty-handler/4.1.30.Final/netty-handler-4.1.30.Final.jar:/home/user/.m2/repository/io/netty/netty-handler-proxy/4.1.30.Final/netty-handler-proxy-4.1.30.Final.jar:/home/user/.m2/repository/io/netty/netty-codec-socks/4.1.30.Final/netty-codec-socks-4.1.30.Final.jar:/home/user/.m2/repository/io/netty/netty-transport-native-epoll/4.1.30.Final/netty-transport-native-epoll-4.1.30.Final.jar:/home/user/.m2/repository/io/netty/netty-common/4.1.30.Final/netty-common-4.1.30.Final.jar:/home/user/.m2/repository/io/netty/netty-buffer/4.1.30.Final/netty-buffer-4.1.30.Final.jar:/home/user/.m2/repository/io/netty/netty-transport/4.1.30.Final/netty-transport-4.1.30.Final.jar:/home/user/.m2/repository/io/netty/netty-resolver/4.1.30.Final/netty-resolver-4.1.30.Final.jar:/home/user/.m2/repository/io/netty/netty-transport-native-unix-common/4.1.30.Final/netty-transport-native-unix-common-4.1.30.Final.jar:/home/user/.m2/repository/io/grpc/grpc-protobuf/1.17.1/grpc-protobuf-1.17.1.jar:/home/user/.m2/repository/com/google/api/grpc/proto-google-common-protos/1.0.0/proto-google-common-protos-1.0.0.jar:/home/user/.m2/repository/io/grpc/grpc-protobuf-lite/1.17.1/grpc-protobuf-lite-1.17.1.jar:/home/user/.m2/repository/io/grpc/grpc-stub/1.17.1/grpc-stub-1.17.1.jar:/home/user/.m2/repository/org/apache/hadoop/hadoop-ozone-recon/0.5.0-SNAPSHOT/hadoop-ozone-recon-0.5.0-SNAPSHOT.jar:/home/user/.m2/repository/org/apache/hadoop/hadoop-ozone-reconcodegen/0.5.0-SNAPSHOT/hadoop-ozone-reconcodegen-0.5.0-SNAPSHOT.jar:/home/user/.m2/repository/com/google/inject/extensions/guice-multibindings/4.0/guice-multibindings-4.0.jar:/home/user/.m2/repository/com/google/inject/guice/4.0/guice-4.0.jar:/home/user/.m2/repository/aopalliance/aopalliance/1.0/aopalliance-1.0.jar:/home/user/.m2/repository/com/google/inject/extensions/guice-servlet/4.0/guice-servlet-4.0.jar:/home/user/.m2/repository/org/glassfish/jersey/containers/jersey-container-servlet/2.27/jersey-container-servlet-2.27.jar:/home/user/.m2/repository/org/glassfish/hk2/guice-bridge/2.5.0/guice-bridge-2.5.0.jar:/home/user/.m2/repository/org/glassfish/jersey/core/jersey-server/2.27/jersey-server-2.27.jar:/home/user/.m2/repository/org/glassfish/jersey/core/jersey-client/2.27/jersey-client-2.27.jar:/home/user/.m2/repository/org/glassfish/jersey/media/jersey-media-jaxb/2.27/jersey-media-jaxb-2.27.jar:/home/user/.m2/repository/javax/validation/validation-api/1.1.0.Final/validation-api-1.1.0.Final.jar:/home/user/.m2/repository/org/glassfish/jersey/media/jersey-media-json-jackson/2.27/jersey-media-json-jackson-2.27.jar:/home/user/.m2/repository/org/glassfish/jersey/ext/jersey-entity-filtering/2.27/jersey-entity-filtering-2.27.jar:/home/user/.m2/repository/com/google/inject/extensions/guice-assistedinject/4.0/guice-assistedinject-4.0.jar:/home/user/.m2/repository/org/jooq/jooq/3.11.10/jooq-3.11.10.jar:/home/user/.m2/repository/org/jooq/jooq-meta/3.11.10/jooq-meta-3.11.10.jar:/home/user/.m2/repository/org/jooq/jooq-codegen/3.11.10/jooq-codegen-3.11.10.jar:/home/user/.m2/repository/com/jolbox/bonecp/0.8.0.RELEASE/bonecp-0.8.0.RELEASE.jar:/home/user/.m2/repository/org/xerial/sqlite-jdbc/3.25.2/sqlite-jdbc-3.25.2.jar:/home/user/.m2/repository/org/springframework/spring-jdbc/5.1.3.RELEASE/spring-jdbc-5.1.3.RELEASE.jar:/home/user/.m2/repository/org/springframework/spring-beans/5.1.3.RELEASE/spring-beans-5.1.3.RELEASE.jar:/home/user/.m2/repository/org/springframework/spring-core/5.1.3.RELEASE/spring-core-5.1.3.RELEASE.jar:/home/user/.m2/repository/org/springframework/spring-jcl/5.1.3.RELEASE/spring-jcl-5.1.3.RELEASE.jar:/home/user/.m2/repository/org/springframework/spring-tx/5.1.3.RELEASE/spring-tx-5.1.3.RELEASE.jar:/home/user/.m2/repository/org/apache/hadoop/hadoop-ozone-client/0.5.0-SNAPSHOT/hadoop-ozone-client-0.5.0-SNAPSHOT.jar:/home/user/.m2/repository/commons-lang/commons-lang/2.6/commons-lang-2.6.jar:/home/user/.m2/repository/org/apache/hadoop/hadoop-ozone-ozone-manager/0.5.0-SNAPSHOT/hadoop-ozone-ozone-manager-0.5.0-SNAPSHOT-tests.jar:/home/user/.m2/repository/junit/junit/4.11/junit-4.11.jar:/home/user/.m2/repository/org/hamcrest/hamcrest-core/1.3/hamcrest-core-1.3.jar:/home/user/.m2/repository/org/openjdk/jmh/jmh-core/1.19/jmh-core-1.19.jar:/home/user/.m2/repository/net/sf/jopt-simple/jopt-simple/4.6/jopt-simple-4.6.jar:/home/user/.m2/repository/org/apache/commons/commons-math3/3.1.1/commons-math3-3.1.1.jar:/home/user/.m2/repository/org/openjdk/jmh/jmh-generator-annprocess/1.19/jmh-generator-annprocess-1.19.jar:/home/user/.m2/repository/org/mockito/mockito-all/1.8.5/mockito-all-1.8.5.jar:/home/user/.m2/repository/org/apache/hadoop/hadoop-kms/3.2.0/hadoop-kms-3.2.0.jar:/home/user/.m2/repository/org/apache/hadoop/hadoop-auth/3.2.0/hadoop-auth-3.2.0.jar:/home/user/.m2/repository/com/nimbusds/nimbus-jose-jwt/4.41.1/nimbus-jose-jwt-4.41.1.jar:/home/user/.m2/repository/com/github/stephenc/jcip/jcip-annotations/1.0-1/jcip-annotations-1.0-1.jar:/home/user/.m2/repository/net/minidev/json-smart/2.3/json-smart-2.3.jar:/home/user/.m2/repository/net/minidev/accessors-smart/1.2/accessors-smart-1.2.jar:/home/user/.m2/repository/org/ow2/asm/asm/5.0.4/asm-5.0.4.jar:/home/user/.m2/repository/org/apache/curator/curator-framework/2.12.0/curator-framework-2.12.0.jar:/home/user/.m2/repository/com/sun/jersey/jersey-core/1.19/jersey-core-1.19.jar:/home/user/.m2/repository/javax/ws/rs/jsr311-api/1.1.1/jsr311-api-1.1.1.jar:/home/user/.m2/repository/com/sun/jersey/jersey-server/1.19/jersey-server-1.19.jar:/home/user/.m2/repository/javax/servlet/javax.servlet-api/3.1.0/javax.servlet-api-3.1.0.jar:/home/user/.m2/repository/org/eclipse/jetty/jetty-server/9.3.25.v20180904/jetty-server-9.3.25.v20180904.jar:/home/user/.m2/repository/org/eclipse/jetty/jetty-http/9.3.25.v20180904/jetty-http-9.3.25.v20180904.jar:/home/user/.m2/repository/org/eclipse/jetty/jetty-io/9.3.25.v20180904/jetty-io-9.3.25.v20180904.jar:/home/user/.m2/repository/org/eclipse/jetty/jetty-webapp/9.3.25.v20180904/jetty-webapp-9.3.25.v20180904.jar:/home/user/.m2/repository/org/eclipse/jetty/jetty-xml/9.3.25.v20180904/jetty-xml-9.3.25.v20180904.jar:/home/user/.m2/repository/log4j/log4j/1.2.17/log4j-1.2.17.jar:/home/user/.m2/repository/org/slf4j/slf4j-api/1.7.25/slf4j-api-1.7.25.jar:/home/user/.m2/repository/org/slf4j/jul-to-slf4j/1.7.25/jul-to-slf4j-1.7.25.jar:/home/user/.m2/repository/org/eclipse/jetty/jetty-util/9.3.25.v20180904/jetty-util-9.3.25.v20180904.jar:/home/user/.m2/repository/com/fasterxml/jackson/core/jackson-databind/2.9.9/jackson-databind-2.9.9.jar:/home/user/.m2/repository/org/apache/hadoop/hadoop-kms/3.2.0/hadoop-kms-3.2.0-tests.jar:/home/user/.m2/repository/org/apache/hadoop/hadoop-hdds-server-scm/0.5.0-SNAPSHOT/hadoop-hdds-server-scm-0.5.0-SNAPSHOT-tests.jar:/home/user/.m2/repository/org/apache/hadoop/hadoop-hdds-container-service/0.5.0-SNAPSHOT/hadoop-hdds-container-service-0.5.0-SNAPSHOT-tests.jar:/home/user/.m2/repository/org/yaml/snakeyaml/1.16/snakeyaml-1.16.jar:/home/user/.m2/repository/org/apache/hadoop/hadoop-common/3.2.0/hadoop-common-3.2.0-tests.jar:/home/user/.m2/repository/org/apache/hadoop/hadoop-annotations/3.2.0/hadoop-annotations-3.2.0.jar:/usr/lib/jvm/java-1.8-openjdk/jre/../lib/tools.jar:/home/user/.m2/repository/commons-cli/commons-cli/1.2/commons-cli-1.2.jar:/home/user/.m2/repository/org/apache/httpcomponents/httpclient/4.5.2/httpclient-4.5.2.jar:/home/user/.m2/repository/org/apache/httpcomponents/httpcore/4.4.4/httpcore-4.4.4.jar:/home/user/.m2/repository/commons-codec/commons-codec/1.11/commons-codec-1.11.jar:/home/user/.m2/repository/commons-net/commons-net/3.6/commons-net-3.6.jar:/home/user/.m2/repository/commons-collections/commons-collections/3.2.2/commons-collections-3.2.2.jar:/home/user/.m2/repository/org/eclipse/jetty/jetty-servlet/9.3.25.v20180904/jetty-servlet-9.3.25.v20180904.jar:/home/user/.m2/repository/org/eclipse/jetty/jetty-security/9.3.25.v20180904/jetty-security-9.3.25.v20180904.jar:/home/user/.m2/repository/javax/servlet/jsp/jsp-api/2.1/jsp-api-2.1.jar:/home/user/.m2/repository/com/sun/jersey/jersey-servlet/1.19/jersey-servlet-1.19.jar:/home/user/.m2/repository/com/sun/jersey/jersey-json/1.19/jersey-json-1.19.jar:/home/user/.m2/repository/org/codehaus/jettison/jettison/1.1/jettison-1.1.jar:/home/user/.m2/repository/org/codehaus/jackson/jackson-core-asl/1.9.13/jackson-core-asl-1.9.13.jar:/home/user/.m2/repository/org/codehaus/jackson/jackson-mapper-asl/1.9.13/jackson-mapper-asl-1.9.13.jar:/home/user/.m2/repository/org/codehaus/jackson/jackson-jaxrs/1.9.13/jackson-jaxrs-1.9.13.jar:/home/user/.m2/repository/org/codehaus/jackson/jackson-xc/1.9.13/jackson-xc-1.9.13.jar:/home/user/.m2/repository/commons-logging/commons-logging/1.1.3/commons-logging-1.1.3.jar:/home/user/.m2/repository/commons-beanutils/commons-beanutils/1.9.4/commons-beanutils-1.9.4.jar:/home/user/.m2/repository/org/apache/commons/commons-configuration2/2.1.1/commons-configuration2-2.1.1.jar:/home/user/.m2/repository/org/apache/commons/commons-lang3/3.7/commons-lang3-3.7.jar:/home/user/.m2/repository/org/apache/commons/commons-text/1.4/commons-text-1.4.jar:/home/user/.m2/repository/org/apache/avro/avro/1.7.7/avro-1.7.7.jar:/home/user/.m2/repository/com/thoughtworks/paranamer/paranamer/2.3/paranamer-2.3.jar:/home/user/.m2/repository/org/xerial/snappy/snappy-java/1.0.5/snappy-java-1.0.5.jar:/home/user/.m2/repository/com/google/re2j/re2j/1.1/re2j-1.1.jar:/home/user/.m2/repository/com/google/code/gson/gson/2.2.4/gson-2.2.4.jar:/home/user/.m2/repository/com/jcraft/jsch/0.1.54/jsch-0.1.54.jar:/home/user/.m2/repository/org/apache/curator/curator-client/2.12.0/curator-client-2.12.0.jar:/home/user/.m2/repository/org/apache/curator/curator-recipes/2.12.0/curator-recipes-2.12.0.jar:/home/user/.m2/repository/com/google/code/findbugs/jsr305/3.0.0/jsr305-3.0.0.jar:/home/user/.m2/repository/org/apache/htrace/htrace-core4/4.1.0-incubating/htrace-core4-4.1.0-incubating.jar:/home/user/.m2/repository/org/apache/zookeeper/zookeeper/3.4.13/zookeeper-3.4.13.jar:/home/user/.m2/repository/jline/jline/0.9.94/jline-0.9.94.jar:/home/user/.m2/repository/org/apache/yetus/audience-annotations/0.5.0/audience-annotations-0.5.0.jar:/home/user/.m2/repository/org/codehaus/woodstox/stax2-api/3.1.4/stax2-api-3.1.4.jar:/home/user/.m2/repository/com/fasterxml/woodstox/woodstox-core/5.0.3/woodstox-core-5.0.3.jar:/home/user/.m2/repository/dnsjava/dnsjava/2.1.7/dnsjava-2.1.7.jar:/home/user/.m2/repository/org/apache/hadoop/hadoop-hdfs/3.2.0/hadoop-hdfs-3.2.0-tests.jar:/home/user/.m2/repository/org/eclipse/jetty/jetty-util-ajax/9.3.25.v20180904/jetty-util-ajax-9.3.25.v20180904.jar:/home/user/.m2/repository/commons-daemon/commons-daemon/1.0.13/commons-daemon-1.0.13.jar:/home/user/.m2/repository/io/netty/netty/3.10.5.Final/netty-3.10.5.Final.jar:/home/user/.m2/repository/io/netty/netty-all/4.0.52.Final/netty-all-4.0.52.Final.jar:/home/user/.m2/repository/org/fusesource/leveldbjni/leveldbjni-all/1.8/leveldbjni-all-1.8.jar:"/>
    <property name="java.vm.vendor" value="IcedTea"/>
    <property name="sun.arch.data.model" value="64"/>
    <property name="test.build.dir" value="/workdir/hadoop-ozone/integration-test/target/test-dir"/>
    <property name="test.cache.data" value=""/>
    <property name="java.vendor.url" value="https://icedtea.classpath.org"/>
    <property name="user.timezone" value=""/>
    <property name="java.vm.specification.version" value="1.8"/>
    <property name="os.name" value="Linux"/>
    <property name="test.build.data" value="/workdir/hadoop-ozone/integration-test/target/test-dir"/>
    <property name="user.country" value="US"/>
    <property name="sun.java.launcher" value="SUN_STANDARD"/>
    <property name="sun.boot.library.path" value="/usr/lib/jvm/java-1.8-openjdk/jre/lib/amd64"/>
    <property name="sun.java.command" value="/workdir/hadoop-ozone/integration-test/target/surefire/surefirebooter2983306045359564635.jar /workdir/hadoop-ozone/integration-test/target/surefire 2019-10-04T05-22-32_539-jvmRun1 surefire8278596731359885580tmp surefire_546897486500172881855tmp"/>
    <property name="test" value="!TestMiniChaosOzoneCluster"/>
    <property name="surefire.test.class.path" value="/workdir/hadoop-ozone/integration-test/target/test-classes:/workdir/hadoop-ozone/integration-test/target/classes:/home/user/.m2/repository/org/apache/hadoop/hadoop-ozone-common/0.5.0-SNAPSHOT/hadoop-ozone-common-0.5.0-SNAPSHOT.jar:/home/user/.m2/repository/org/apache/commons/commons-compress/1.4.1/commons-compress-1.4.1.jar:/home/user/.m2/repository/org/tukaani/xz/1.0/xz-1.0.jar:/home/user/.m2/repository/org/apache/hadoop/hadoop-common/3.2.0/hadoop-common-3.2.0.jar:/home/user/.m2/repository/org/apache/hadoop/hadoop-hdfs/3.2.0/hadoop-hdfs-3.2.0.jar:/home/user/.m2/repository/org/apache/hadoop/hadoop-hdfs-client/3.2.0/hadoop-hdfs-client-3.2.0.jar:/home/user/.m2/repository/com/fasterxml/jackson/core/jackson-annotations/2.9.9/jackson-annotations-2.9.9.jar:/home/user/.m2/repository/org/apache/hadoop/hadoop-hdds-common/0.5.0-SNAPSHOT/hadoop-hdds-common-0.5.0-SNAPSHOT.jar:/home/user/.m2/repository/javax/annotation/javax.annotation-api/1.2/javax.annotation-api-1.2.jar:/home/user/.m2/repository/org/apache/ratis/ratis-server/0.5.0-201fc85-SNAPSHOT/ratis-server-0.5.0-201fc85-SNAPSHOT.jar:/home/user/.m2/repository/org/apache/ratis/ratis-thirdparty-misc/0.2.0/ratis-thirdparty-misc-0.2.0.jar:/home/user/.m2/repository/org/apache/ratis/ratis-proto/0.5.0-201fc85-SNAPSHOT/ratis-proto-0.5.0-201fc85-SNAPSHOT.jar:/home/user/.m2/repository/org/apache/ratis/ratis-common/0.5.0-201fc85-SNAPSHOT/ratis-common-0.5.0-201fc85-SNAPSHOT.jar:/home/user/.m2/repository/org/apache/ratis/ratis-client/0.5.0-201fc85-SNAPSHOT/ratis-client-0.5.0-201fc85-SNAPSHOT.jar:/home/user/.m2/repository/org/apache/ratis/ratis-metrics/0.5.0-201fc85-SNAPSHOT/ratis-metrics-0.5.0-201fc85-SNAPSHOT.jar:/home/user/.m2/repository/com/github/joshelser/dropwizard-metrics-hadoop-metrics2-reporter/0.1.2/dropwizard-metrics-hadoop-metrics2-reporter-0.1.2.jar:/home/user/.m2/repository/io/dropwizard/metrics/metrics-jvm/3.2.5/metrics-jvm-3.2.5.jar:/home/user/.m2/repository/io/dropwizard/metrics/metrics-ganglia/3.2.5/metrics-ganglia-3.2.5.jar:/home/user/.m2/repository/info/ganglia/gmetric4j/gmetric4j/1.0.7/gmetric4j-1.0.7.jar:/home/user/.m2/repository/org/apache/ratis/ratis-netty/0.5.0-201fc85-SNAPSHOT/ratis-netty-0.5.0-201fc85-SNAPSHOT.jar:/home/user/.m2/repository/org/apache/ratis/ratis-grpc/0.5.0-201fc85-SNAPSHOT/ratis-grpc-0.5.0-201fc85-SNAPSHOT.jar:/home/user/.m2/repository/org/rocksdb/rocksdbjni/6.0.1/rocksdbjni-6.0.1.jar:/home/user/.m2/repository/org/apache/logging/log4j/log4j-api/2.11.0/log4j-api-2.11.0.jar:/home/user/.m2/repository/org/apache/logging/log4j/log4j-core/2.11.0/log4j-core-2.11.0.jar:/home/user/.m2/repository/com/lmax/disruptor/3.4.2/disruptor-3.4.2.jar:/home/user/.m2/repository/org/apache/commons/commons-pool2/2.6.0/commons-pool2-2.6.0.jar:/home/user/.m2/repository/org/bouncycastle/bcpkix-jdk15on/1.60/bcpkix-jdk15on-1.60.jar:/home/user/.m2/repository/commons-validator/commons-validator/1.6/commons-validator-1.6.jar:/home/user/.m2/repository/commons-digester/commons-digester/1.8.1/commons-digester-1.8.1.jar:/home/user/.m2/repository/io/jaegertracing/jaeger-client/0.34.0/jaeger-client-0.34.0.jar:/home/user/.m2/repository/io/jaegertracing/jaeger-thrift/0.34.0/jaeger-thrift-0.34.0.jar:/home/user/.m2/repository/org/apache/thrift/libthrift/0.12.0/libthrift-0.12.0.jar:/home/user/.m2/repository/com/squareup/okhttp3/okhttp/3.9.0/okhttp-3.9.0.jar:/home/user/.m2/repository/com/squareup/okio/okio/1.13.0/okio-1.13.0.jar:/home/user/.m2/repository/io/jaegertracing/jaeger-core/0.34.0/jaeger-core-0.34.0.jar:/home/user/.m2/repository/io/jaegertracing/jaeger-tracerresolver/0.34.0/jaeger-tracerresolver-0.34.0.jar:/home/user/.m2/repository/io/opentracing/contrib/opentracing-tracerresolver/0.1.5/opentracing-tracerresolver-0.1.5.jar:/home/user/.m2/repository/io/opentracing/opentracing-util/0.31.0/opentracing-util-0.31.0.jar:/home/user/.m2/repository/io/opentracing/opentracing-api/0.31.0/opentracing-api-0.31.0.jar:/home/user/.m2/repository/io/opentracing/opentracing-noop/0.31.0/opentracing-noop-0.31.0.jar:/home/user/.m2/repository/org/apache/hadoop/hadoop-hdds-server-framework/0.5.0-SNAPSHOT/hadoop-hdds-server-framework-0.5.0-SNAPSHOT.jar:/home/user/.m2/repository/org/apache/hadoop/hadoop-hdds-container-service/0.5.0-SNAPSHOT/hadoop-hdds-container-service-0.5.0-SNAPSHOT.jar:/home/user/.m2/repository/org/apache/hadoop/hadoop-hdds-client/0.5.0-SNAPSHOT/hadoop-hdds-client-0.5.0-SNAPSHOT.jar:/home/user/.m2/repository/org/apache/hadoop/hadoop-hdds-tools/0.5.0-SNAPSHOT/hadoop-hdds-tools-0.5.0-SNAPSHOT.jar:/home/user/.m2/repository/org/apache/hadoop/hadoop-hdds-server-scm/0.5.0-SNAPSHOT/hadoop-hdds-server-scm-0.5.0-SNAPSHOT.jar:/home/user/.m2/repository/org/apache/hadoop/hadoop-hdds-docs/0.5.0-SNAPSHOT/hadoop-hdds-docs-0.5.0-SNAPSHOT.jar:/home/user/.m2/repository/io/dropwizard/metrics/metrics-core/3.2.4/metrics-core-3.2.4.jar:/home/user/.m2/repository/org/hamcrest/hamcrest-all/1.3/hamcrest-all-1.3.jar:/home/user/.m2/repository/org/bouncycastle/bcprov-jdk15on/1.60/bcprov-jdk15on-1.60.jar:/home/user/.m2/repository/info/picocli/picocli/3.9.6/picocli-3.9.6.jar:/home/user/.m2/repository/com/google/protobuf/protobuf-java/2.5.0/protobuf-java-2.5.0.jar:/home/user/.m2/repository/com/google/guava/guava/11.0.2/guava-11.0.2.jar:/home/user/.m2/repository/org/apache/hadoop/hadoop-ozone-ozone-manager/0.5.0-SNAPSHOT/hadoop-ozone-ozone-manager-0.5.0-SNAPSHOT.jar:/home/user/.m2/repository/org/apache/hadoop/hadoop-minikdc/3.2.0/hadoop-minikdc-3.2.0.jar:/home/user/.m2/repository/commons-io/commons-io/2.5/commons-io-2.5.jar:/home/user/.m2/repository/org/apache/kerby/kerb-simplekdc/1.0.1/kerb-simplekdc-1.0.1.jar:/home/user/.m2/repository/org/apache/kerby/kerb-client/1.0.1/kerb-client-1.0.1.jar:/home/user/.m2/repository/org/apache/kerby/kerby-config/1.0.1/kerby-config-1.0.1.jar:/home/user/.m2/repository/org/apache/kerby/kerb-core/1.0.1/kerb-core-1.0.1.jar:/home/user/.m2/repository/org/apache/kerby/kerby-pkix/1.0.1/kerby-pkix-1.0.1.jar:/home/user/.m2/repository/org/apache/kerby/kerby-asn1/1.0.1/kerby-asn1-1.0.1.jar:/home/user/.m2/repository/org/apache/kerby/kerby-util/1.0.1/kerby-util-1.0.1.jar:/home/user/.m2/repository/org/apache/kerby/kerb-common/1.0.1/kerb-common-1.0.1.jar:/home/user/.m2/repository/org/apache/kerby/kerb-crypto/1.0.1/kerb-crypto-1.0.1.jar:/home/user/.m2/repository/org/apache/kerby/kerb-util/1.0.1/kerb-util-1.0.1.jar:/home/user/.m2/repository/org/apache/kerby/token-provider/1.0.1/token-provider-1.0.1.jar:/home/user/.m2/repository/org/apache/kerby/kerb-admin/1.0.1/kerb-admin-1.0.1.jar:/home/user/.m2/repository/org/apache/kerby/kerb-server/1.0.1/kerb-server-1.0.1.jar:/home/user/.m2/repository/org/apache/kerby/kerb-identity/1.0.1/kerb-identity-1.0.1.jar:/home/user/.m2/repository/org/apache/kerby/kerby-xdr/1.0.1/kerby-xdr-1.0.1.jar:/home/user/.m2/repository/org/slf4j/slf4j-log4j12/1.7.25/slf4j-log4j12-1.7.25.jar:/home/user/.m2/repository/org/apache/hadoop/hadoop-ozone-s3gateway/0.5.0-SNAPSHOT/hadoop-ozone-s3gateway-0.5.0-SNAPSHOT.jar:/home/user/.m2/repository/org/jboss/weld/servlet/weld-servlet/2.4.7.Final/weld-servlet-2.4.7.Final.jar:/home/user/.m2/repository/org/glassfish/jersey/containers/jersey-container-servlet-core/2.27/jersey-container-servlet-core-2.27.jar:/home/user/.m2/repository/org/glassfish/hk2/external/javax.inject/2.5.0-b42/javax.inject-2.5.0-b42.jar:/home/user/.m2/repository/org/glassfish/jersey/core/jersey-common/2.27/jersey-common-2.27.jar:/home/user/.m2/repository/org/glassfish/hk2/osgi-resource-locator/1.0.1/osgi-resource-locator-1.0.1.jar:/home/user/.m2/repository/javax/ws/rs/javax.ws.rs-api/2.1/javax.ws.rs-api-2.1.jar:/home/user/.m2/repository/org/glassfish/jersey/ext/cdi/jersey-cdi1x/2.27/jersey-cdi1x-2.27.jar:/home/user/.m2/repository/org/glassfish/jersey/inject/jersey-hk2/2.27/jersey-hk2-2.27.jar:/home/user/.m2/repository/org/glassfish/hk2/hk2-locator/2.5.0-b42/hk2-locator-2.5.0-b42.jar:/home/user/.m2/repository/org/javassist/javassist/3.22.0-CR2/javassist-3.22.0-CR2.jar:/home/user/.m2/repository/org/glassfish/hk2/hk2-api/2.5.0/hk2-api-2.5.0.jar:/home/user/.m2/repository/org/glassfish/hk2/external/jakarta.inject/2.5.0/jakarta.inject-2.5.0.jar:/home/user/.m2/repository/org/glassfish/hk2/hk2-utils/2.5.0/hk2-utils-2.5.0.jar:/home/user/.m2/repository/jakarta/annotation/jakarta.annotation-api/1.3.4/jakarta.annotation-api-1.3.4.jar:/home/user/.m2/repository/org/glassfish/hk2/external/aopalliance-repackaged/2.5.0/aopalliance-repackaged-2.5.0.jar:/home/user/.m2/repository/com/fasterxml/jackson/dataformat/jackson-dataformat-xml/2.9.0/jackson-dataformat-xml-2.9.0.jar:/home/user/.m2/repository/com/fasterxml/jackson/core/jackson-core/2.9.9/jackson-core-2.9.9.jar:/home/user/.m2/repository/com/fasterxml/jackson/module/jackson-module-jaxb-annotations/2.9.9/jackson-module-jaxb-annotations-2.9.9.jar:/home/user/.m2/repository/javax/enterprise/cdi-api/1.2/cdi-api-1.2.jar:/home/user/.m2/repository/javax/el/javax.el-api/3.0.0/javax.el-api-3.0.0.jar:/home/user/.m2/repository/javax/interceptor/javax.interceptor-api/1.2/javax.interceptor-api-1.2.jar:/home/user/.m2/repository/javax/inject/javax.inject/1/javax.inject-1.jar:/home/user/.m2/repository/com/sun/xml/bind/jaxb-impl/2.3.0.1/jaxb-impl-2.3.0.1.jar:/home/user/.m2/repository/com/sun/xml/bind/jaxb-core/2.3.0.1/jaxb-core-2.3.0.1.jar:/home/user/.m2/repository/javax/xml/bind/jaxb-api/2.3.0/jaxb-api-2.3.0.jar:/home/user/.m2/repository/javax/activation/activation/1.1.1/activation-1.1.1.jar:/home/user/.m2/repository/org/apache/hadoop/hadoop-ozone-csi/0.5.0-SNAPSHOT/hadoop-ozone-csi-0.5.0-SNAPSHOT.jar:/home/user/.m2/repository/com/google/protobuf/protobuf-java-util/3.5.1/protobuf-java-util-3.5.1.jar:/home/user/.m2/repository/org/apache/hadoop/hadoop-hdds-config/0.5.0-SNAPSHOT/hadoop-hdds-config-0.5.0-SNAPSHOT.jar:/home/user/.m2/repository/io/grpc/grpc-netty/1.17.1/grpc-netty-1.17.1.jar:/home/user/.m2/repository/io/grpc/grpc-core/1.17.1/grpc-core-1.17.1.jar:/home/user/.m2/repository/io/grpc/grpc-context/1.17.1/grpc-context-1.17.1.jar:/home/user/.m2/repository/com/google/errorprone/error_prone_annotations/2.2.0/error_prone_annotations-2.2.0.jar:/home/user/.m2/repository/org/codehaus/mojo/animal-sniffer-annotations/1.17/animal-sniffer-annotations-1.17.jar:/home/user/.m2/repository/io/opencensus/opencensus-api/0.17.0/opencensus-api-0.17.0.jar:/home/user/.m2/repository/io/opencensus/opencensus-contrib-grpc-metrics/0.17.0/opencensus-contrib-grpc-metrics-0.17.0.jar:/home/user/.m2/repository/io/netty/netty-codec-http2/4.1.30.Final/netty-codec-http2-4.1.30.Final.jar:/home/user/.m2/repository/io/netty/netty-codec-http/4.1.30.Final/netty-codec-http-4.1.30.Final.jar:/home/user/.m2/repository/io/netty/netty-codec/4.1.30.Final/netty-codec-4.1.30.Final.jar:/home/user/.m2/repository/io/netty/netty-handler/4.1.30.Final/netty-handler-4.1.30.Final.jar:/home/user/.m2/repository/io/netty/netty-handler-proxy/4.1.30.Final/netty-handler-proxy-4.1.30.Final.jar:/home/user/.m2/repository/io/netty/netty-codec-socks/4.1.30.Final/netty-codec-socks-4.1.30.Final.jar:/home/user/.m2/repository/io/netty/netty-transport-native-epoll/4.1.30.Final/netty-transport-native-epoll-4.1.30.Final.jar:/home/user/.m2/repository/io/netty/netty-common/4.1.30.Final/netty-common-4.1.30.Final.jar:/home/user/.m2/repository/io/netty/netty-buffer/4.1.30.Final/netty-buffer-4.1.30.Final.jar:/home/user/.m2/repository/io/netty/netty-transport/4.1.30.Final/netty-transport-4.1.30.Final.jar:/home/user/.m2/repository/io/netty/netty-resolver/4.1.30.Final/netty-resolver-4.1.30.Final.jar:/home/user/.m2/repository/io/netty/netty-transport-native-unix-common/4.1.30.Final/netty-transport-native-unix-common-4.1.30.Final.jar:/home/user/.m2/repository/io/grpc/grpc-protobuf/1.17.1/grpc-protobuf-1.17.1.jar:/home/user/.m2/repository/com/google/api/grpc/proto-google-common-protos/1.0.0/proto-google-common-protos-1.0.0.jar:/home/user/.m2/repository/io/grpc/grpc-protobuf-lite/1.17.1/grpc-protobuf-lite-1.17.1.jar:/home/user/.m2/repository/io/grpc/grpc-stub/1.17.1/grpc-stub-1.17.1.jar:/home/user/.m2/repository/org/apache/hadoop/hadoop-ozone-recon/0.5.0-SNAPSHOT/hadoop-ozone-recon-0.5.0-SNAPSHOT.jar:/home/user/.m2/repository/org/apache/hadoop/hadoop-ozone-reconcodegen/0.5.0-SNAPSHOT/hadoop-ozone-reconcodegen-0.5.0-SNAPSHOT.jar:/home/user/.m2/repository/com/google/inject/extensions/guice-multibindings/4.0/guice-multibindings-4.0.jar:/home/user/.m2/repository/com/google/inject/guice/4.0/guice-4.0.jar:/home/user/.m2/repository/aopalliance/aopalliance/1.0/aopalliance-1.0.jar:/home/user/.m2/repository/com/google/inject/extensions/guice-servlet/4.0/guice-servlet-4.0.jar:/home/user/.m2/repository/org/glassfish/jersey/containers/jersey-container-servlet/2.27/jersey-container-servlet-2.27.jar:/home/user/.m2/repository/org/glassfish/hk2/guice-bridge/2.5.0/guice-bridge-2.5.0.jar:/home/user/.m2/repository/org/glassfish/jersey/core/jersey-server/2.27/jersey-server-2.27.jar:/home/user/.m2/repository/org/glassfish/jersey/core/jersey-client/2.27/jersey-client-2.27.jar:/home/user/.m2/repository/org/glassfish/jersey/media/jersey-media-jaxb/2.27/jersey-media-jaxb-2.27.jar:/home/user/.m2/repository/javax/validation/validation-api/1.1.0.Final/validation-api-1.1.0.Final.jar:/home/user/.m2/repository/org/glassfish/jersey/media/jersey-media-json-jackson/2.27/jersey-media-json-jackson-2.27.jar:/home/user/.m2/repository/org/glassfish/jersey/ext/jersey-entity-filtering/2.27/jersey-entity-filtering-2.27.jar:/home/user/.m2/repository/com/google/inject/extensions/guice-assistedinject/4.0/guice-assistedinject-4.0.jar:/home/user/.m2/repository/org/jooq/jooq/3.11.10/jooq-3.11.10.jar:/home/user/.m2/repository/org/jooq/jooq-meta/3.11.10/jooq-meta-3.11.10.jar:/home/user/.m2/repository/org/jooq/jooq-codegen/3.11.10/jooq-codegen-3.11.10.jar:/home/user/.m2/repository/com/jolbox/bonecp/0.8.0.RELEASE/bonecp-0.8.0.RELEASE.jar:/home/user/.m2/repository/org/xerial/sqlite-jdbc/3.25.2/sqlite-jdbc-3.25.2.jar:/home/user/.m2/repository/org/springframework/spring-jdbc/5.1.3.RELEASE/spring-jdbc-5.1.3.RELEASE.jar:/home/user/.m2/repository/org/springframework/spring-beans/5.1.3.RELEASE/spring-beans-5.1.3.RELEASE.jar:/home/user/.m2/repository/org/springframework/spring-core/5.1.3.RELEASE/spring-core-5.1.3.RELEASE.jar:/home/user/.m2/repository/org/springframework/spring-jcl/5.1.3.RELEASE/spring-jcl-5.1.3.RELEASE.jar:/home/user/.m2/repository/org/springframework/spring-tx/5.1.3.RELEASE/spring-tx-5.1.3.RELEASE.jar:/home/user/.m2/repository/org/apache/hadoop/hadoop-ozone-client/0.5.0-SNAPSHOT/hadoop-ozone-client-0.5.0-SNAPSHOT.jar:/home/user/.m2/repository/commons-lang/commons-lang/2.6/commons-lang-2.6.jar:/home/user/.m2/repository/org/apache/hadoop/hadoop-ozone-ozone-manager/0.5.0-SNAPSHOT/hadoop-ozone-ozone-manager-0.5.0-SNAPSHOT-tests.jar:/home/user/.m2/repository/junit/junit/4.11/junit-4.11.jar:/home/user/.m2/repository/org/hamcrest/hamcrest-core/1.3/hamcrest-core-1.3.jar:/home/user/.m2/repository/org/openjdk/jmh/jmh-core/1.19/jmh-core-1.19.jar:/home/user/.m2/repository/net/sf/jopt-simple/jopt-simple/4.6/jopt-simple-4.6.jar:/home/user/.m2/repository/org/apache/commons/commons-math3/3.1.1/commons-math3-3.1.1.jar:/home/user/.m2/repository/org/openjdk/jmh/jmh-generator-annprocess/1.19/jmh-generator-annprocess-1.19.jar:/home/user/.m2/repository/org/mockito/mockito-all/1.8.5/mockito-all-1.8.5.jar:/home/user/.m2/repository/org/apache/hadoop/hadoop-kms/3.2.0/hadoop-kms-3.2.0.jar:/home/user/.m2/repository/org/apache/hadoop/hadoop-auth/3.2.0/hadoop-auth-3.2.0.jar:/home/user/.m2/repository/com/nimbusds/nimbus-jose-jwt/4.41.1/nimbus-jose-jwt-4.41.1.jar:/home/user/.m2/repository/com/github/stephenc/jcip/jcip-annotations/1.0-1/jcip-annotations-1.0-1.jar:/home/user/.m2/repository/net/minidev/json-smart/2.3/json-smart-2.3.jar:/home/user/.m2/repository/net/minidev/accessors-smart/1.2/accessors-smart-1.2.jar:/home/user/.m2/repository/org/ow2/asm/asm/5.0.4/asm-5.0.4.jar:/home/user/.m2/repository/org/apache/curator/curator-framework/2.12.0/curator-framework-2.12.0.jar:/home/user/.m2/repository/com/sun/jersey/jersey-core/1.19/jersey-core-1.19.jar:/home/user/.m2/repository/javax/ws/rs/jsr311-api/1.1.1/jsr311-api-1.1.1.jar:/home/user/.m2/repository/com/sun/jersey/jersey-server/1.19/jersey-server-1.19.jar:/home/user/.m2/repository/javax/servlet/javax.servlet-api/3.1.0/javax.servlet-api-3.1.0.jar:/home/user/.m2/repository/org/eclipse/jetty/jetty-server/9.3.25.v20180904/jetty-server-9.3.25.v20180904.jar:/home/user/.m2/repository/org/eclipse/jetty/jetty-http/9.3.25.v20180904/jetty-http-9.3.25.v20180904.jar:/home/user/.m2/repository/org/eclipse/jetty/jetty-io/9.3.25.v20180904/jetty-io-9.3.25.v20180904.jar:/home/user/.m2/repository/org/eclipse/jetty/jetty-webapp/9.3.25.v20180904/jetty-webapp-9.3.25.v20180904.jar:/home/user/.m2/repository/org/eclipse/jetty/jetty-xml/9.3.25.v20180904/jetty-xml-9.3.25.v20180904.jar:/home/user/.m2/repository/log4j/log4j/1.2.17/log4j-1.2.17.jar:/home/user/.m2/repository/org/slf4j/slf4j-api/1.7.25/slf4j-api-1.7.25.jar:/home/user/.m2/repository/org/slf4j/jul-to-slf4j/1.7.25/jul-to-slf4j-1.7.25.jar:/home/user/.m2/repository/org/eclipse/jetty/jetty-util/9.3.25.v20180904/jetty-util-9.3.25.v20180904.jar:/home/user/.m2/repository/com/fasterxml/jackson/core/jackson-databind/2.9.9/jackson-databind-2.9.9.jar:/home/user/.m2/repository/org/apache/hadoop/hadoop-kms/3.2.0/hadoop-kms-3.2.0-tests.jar:/home/user/.m2/repository/org/apache/hadoop/hadoop-hdds-server-scm/0.5.0-SNAPSHOT/hadoop-hdds-server-scm-0.5.0-SNAPSHOT-tests.jar:/home/user/.m2/repository/org/apache/hadoop/hadoop-hdds-container-service/0.5.0-SNAPSHOT/hadoop-hdds-container-service-0.5.0-SNAPSHOT-tests.jar:/home/user/.m2/repository/org/yaml/snakeyaml/1.16/snakeyaml-1.16.jar:/home/user/.m2/repository/org/apache/hadoop/hadoop-common/3.2.0/hadoop-common-3.2.0-tests.jar:/home/user/.m2/repository/org/apache/hadoop/hadoop-annotations/3.2.0/hadoop-annotations-3.2.0.jar:/usr/lib/jvm/java-1.8-openjdk/jre/../lib/tools.jar:/home/user/.m2/repository/commons-cli/commons-cli/1.2/commons-cli-1.2.jar:/home/user/.m2/repository/org/apache/httpcomponents/httpclient/4.5.2/httpclient-4.5.2.jar:/home/user/.m2/repository/org/apache/httpcomponents/httpcore/4.4.4/httpcore-4.4.4.jar:/home/user/.m2/repository/commons-codec/commons-codec/1.11/commons-codec-1.11.jar:/home/user/.m2/repository/commons-net/commons-net/3.6/commons-net-3.6.jar:/home/user/.m2/repository/commons-collections/commons-collections/3.2.2/commons-collections-3.2.2.jar:/home/user/.m2/repository/org/eclipse/jetty/jetty-servlet/9.3.25.v20180904/jetty-servlet-9.3.25.v20180904.jar:/home/user/.m2/repository/org/eclipse/jetty/jetty-security/9.3.25.v20180904/jetty-security-9.3.25.v20180904.jar:/home/user/.m2/repository/javax/servlet/jsp/jsp-api/2.1/jsp-api-2.1.jar:/home/user/.m2/repository/com/sun/jersey/jersey-servlet/1.19/jersey-servlet-1.19.jar:/home/user/.m2/repository/com/sun/jersey/jersey-json/1.19/jersey-json-1.19.jar:/home/user/.m2/repository/org/codehaus/jettison/jettison/1.1/jettison-1.1.jar:/home/user/.m2/repository/org/codehaus/jackson/jackson-core-asl/1.9.13/jackson-core-asl-1.9.13.jar:/home/user/.m2/repository/org/codehaus/jackson/jackson-mapper-asl/1.9.13/jackson-mapper-asl-1.9.13.jar:/home/user/.m2/repository/org/codehaus/jackson/jackson-jaxrs/1.9.13/jackson-jaxrs-1.9.13.jar:/home/user/.m2/repository/org/codehaus/jackson/jackson-xc/1.9.13/jackson-xc-1.9.13.jar:/home/user/.m2/repository/commons-logging/commons-logging/1.1.3/commons-logging-1.1.3.jar:/home/user/.m2/repository/commons-beanutils/commons-beanutils/1.9.4/commons-beanutils-1.9.4.jar:/home/user/.m2/repository/org/apache/commons/commons-configuration2/2.1.1/commons-configuration2-2.1.1.jar:/home/user/.m2/repository/org/apache/commons/commons-lang3/3.7/commons-lang3-3.7.jar:/home/user/.m2/repository/org/apache/commons/commons-text/1.4/commons-text-1.4.jar:/home/user/.m2/repository/org/apache/avro/avro/1.7.7/avro-1.7.7.jar:/home/user/.m2/repository/com/thoughtworks/paranamer/paranamer/2.3/paranamer-2.3.jar:/home/user/.m2/repository/org/xerial/snappy/snappy-java/1.0.5/snappy-java-1.0.5.jar:/home/user/.m2/repository/com/google/re2j/re2j/1.1/re2j-1.1.jar:/home/user/.m2/repository/com/google/code/gson/gson/2.2.4/gson-2.2.4.jar:/home/user/.m2/repository/com/jcraft/jsch/0.1.54/jsch-0.1.54.jar:/home/user/.m2/repository/org/apache/curator/curator-client/2.12.0/curator-client-2.12.0.jar:/home/user/.m2/repository/org/apache/curator/curator-recipes/2.12.0/curator-recipes-2.12.0.jar:/home/user/.m2/repository/com/google/code/findbugs/jsr305/3.0.0/jsr305-3.0.0.jar:/home/user/.m2/repository/org/apache/htrace/htrace-core4/4.1.0-incubating/htrace-core4-4.1.0-incubating.jar:/home/user/.m2/repository/org/apache/zookeeper/zookeeper/3.4.13/zookeeper-3.4.13.jar:/home/user/.m2/repository/jline/jline/0.9.94/jline-0.9.94.jar:/home/user/.m2/repository/org/apache/yetus/audience-annotations/0.5.0/audience-annotations-0.5.0.jar:/home/user/.m2/repository/org/codehaus/woodstox/stax2-api/3.1.4/stax2-api-3.1.4.jar:/home/user/.m2/repository/com/fasterxml/woodstox/woodstox-core/5.0.3/woodstox-core-5.0.3.jar:/home/user/.m2/repository/dnsjava/dnsjava/2.1.7/dnsjava-2.1.7.jar:/home/user/.m2/repository/org/apache/hadoop/hadoop-hdfs/3.2.0/hadoop-hdfs-3.2.0-tests.jar:/home/user/.m2/repository/org/eclipse/jetty/jetty-util-ajax/9.3.25.v20180904/jetty-util-ajax-9.3.25.v20180904.jar:/home/user/.m2/repository/commons-daemon/commons-daemon/1.0.13/commons-daemon-1.0.13.jar:/home/user/.m2/repository/io/netty/netty/3.10.5.Final/netty-3.10.5.Final.jar:/home/user/.m2/repository/io/netty/netty-all/4.0.52.Final/netty-all-4.0.52.Final.jar:/home/user/.m2/repository/org/fusesource/leveldbjni/leveldbjni-all/1.8/leveldbjni-all-1.8.jar:"/>
    <property name="sun.cpu.endian" value="little"/>
    <property name="user.home" value="/home/user"/>
    <property name="user.language" value="en"/>
    <property name="java.specification.vendor" value="Oracle Corporation"/>
    <property name="java.home" value="/usr/lib/jvm/java-1.8-openjdk/jre"/>
    <property name="java.security.krb5.conf" value="/workdir/hadoop-ozone/integration-test/target/test-classes/krb5.conf"/>
    <property name="basedir" value="/workdir/hadoop-ozone/integration-test"/>
    <property name="file.separator" value="/"/>
    <property name="line.separator" value="&#10;"/>
    <property name="java.vm.specification.vendor" value="Oracle Corporation"/>
    <property name="java.specification.name" value="Java Platform API Specification"/>
    <property name="java.awt.graphicsenv" value="sun.awt.X11GraphicsEnvironment"/>
    <property name="surefire.real.class.path" value="/workdir/hadoop-ozone/integration-test/target/surefire/surefirebooter2983306045359564635.jar"/>
    <property name="hadoop.log.dir" value="/workdir/hadoop-ozone/integration-test/target/log"/>
    <property name="sun.boot.class.path" value="/usr/lib/jvm/java-1.8-openjdk/jre/lib/resources.jar:/usr/lib/jvm/java-1.8-openjdk/jre/lib/rt.jar:/usr/lib/jvm/java-1.8-openjdk/jre/lib/sunrsasign.jar:/usr/lib/jvm/java-1.8-openjdk/jre/lib/jsse.jar:/usr/lib/jvm/java-1.8-openjdk/jre/lib/jce.jar:/usr/lib/jvm/java-1.8-openjdk/jre/lib/charsets.jar:/usr/lib/jvm/java-1.8-openjdk/jre/lib/jfr.jar:/usr/lib/jvm/java-1.8-openjdk/jre/classes"/>
    <property name="sun.management.compiler" value="HotSpot 64-Bit Tiered Compilers"/>
    <property name="java.runtime.version" value="1.8.0_212-b04"/>
    <property name="java.net.preferIPv4Stack" value="true"/>
    <property name="user.name" value="jenkins1000"/>
    <property name="path.separator" value=":"/>
    <property name="java.security.egd" value="file:///dev/urandom"/>
    <property name="os.version" value="3.10.0-957.12.2.el7.x86_64"/>
    <property name="java.endorsed.dirs" value="/usr/lib/jvm/java-1.8-openjdk/jre/lib/endorsed"/>
    <property name="java.runtime.name" value="OpenJDK Runtime Environment"/>
    <property name="file.encoding" value="UTF-8"/>
    <property name="java.vm.name" value="OpenJDK 64-Bit Server VM"/>
    <property name="test.build.webapps" value=""/>
    <property name="localRepository" value="/home/user/.m2/repository"/>
    <property name="java.vendor.url.bug" value="https://icedtea.classpath.org/bugzilla"/>
    <property name="java.io.tmpdir" value="/tmp"/>
    <property name="require.test.libhadoop" value=""/>
    <property name="java.version" value="1.8.0_212"/>
    <property name="user.dir" value="/workdir/hadoop-ozone/integration-test"/>
    <property name="os.arch" value="amd64"/>
    <property name="java.vm.specification.name" value="Java Virtual Machine Specification"/>
    <property name="test.build.classes" value="/workdir/hadoop-ozone/integration-test/target/test-classes"/>
    <property name="java.awt.printerjob" value="sun.print.PSPrinterJob"/>
    <property name="sun.os.patch.level" value="unknown"/>
    <property name="hadoop.tmp.dir" value="/workdir/hadoop-ozone/integration-test/target/tmp"/>
    <property name="java.library.path" value="/usr/lib/jvm/java-1.8-openjdk/jre/lib/amd64/server:/usr/lib/jvm/java-1.8-openjdk/jre/lib/amd64:/usr/lib/jvm/java-1.8-openjdk/jre/../lib/amd64:/workdir/hadoop-ozone/integration-test/target/native/target/usr/local/lib:/workdir/hadoop-ozone/integration-test/../../hadoop-common-project/hadoop-common/target/native/target/usr/local/lib:/usr/java/packages/lib/amd64:/usr/lib64:/lib64:/lib:/usr/lib"/>
    <property name="java.vm.info" value="mixed mode"/>
    <property name="java.vendor" value="IcedTea"/>
    <property name="java.vm.version" value="25.212-b04"/>
    <property name="java.ext.dirs" value="/usr/lib/jvm/java-1.8-openjdk/jre/lib/ext:/usr/java/packages/lib/ext"/>
    <property name="sun.io.unicode.encoding" value="UnicodeLittle"/>
    <property name="java.class.version" value="52.0"/>
  </properties>
  <testcase name="testWatchForCommitWithKeyWrite" classname="org.apache.hadoop.ozone.client.rpc.TestWatchForCommit" time="87.248"/>
  <testcase name="testWatchForCommitWithSmallerTimeoutValue" classname="org.apache.hadoop.ozone.client.rpc.TestWatchForCommit" time="42.824"/>
  <testcase name="testWatchForCommitForRetryfailure" classname="org.apache.hadoop.ozone.client.rpc.TestWatchForCommit" time="73.467"/>
  <testcase name="testWatchForCommitForGroupMismatchException" classname="org.apache.hadoop.ozone.client.rpc.TestWatchForCommit" time="32.373"/>
  <testcase name="test2WayCommitForTimeoutException" classname="org.apache.hadoop.ozone.client.rpc.TestWatchForCommit" time="22.593">
    <error type="java.util.concurrent.TimeoutException">java.util.concurrent.TimeoutException
	at java.util.concurrent.CompletableFuture.timedGet(CompletableFuture.java:1771)
	at java.util.concurrent.CompletableFuture.get(CompletableFuture.java:1915)
	at org.apache.hadoop.hdds.scm.XceiverClientRatis.watchForCommit(XceiverClientRatis.java:298)
	at org.apache.hadoop.ozone.client.rpc.TestWatchForCommit.test2WayCommitForTimeoutException(TestWatchForCommit.java:391)
	at sun.reflect.NativeMethodAccessorImpl.invoke0(Native Method)
	at sun.reflect.NativeMethodAccessorImpl.invoke(NativeMethodAccessorImpl.java:62)
	at sun.reflect.DelegatingMethodAccessorImpl.invoke(DelegatingMethodAccessorImpl.java:43)
	at java.lang.reflect.Method.invoke(Method.java:498)
	at org.junit.runners.model.FrameworkMethod$1.runReflectiveCall(FrameworkMethod.java:47)
	at org.junit.internal.runners.model.ReflectiveCallable.run(ReflectiveCallable.java:12)
	at org.junit.runners.model.FrameworkMethod.invokeExplosively(FrameworkMethod.java:44)
	at org.junit.internal.runners.statements.InvokeMethod.evaluate(InvokeMethod.java:17)
	at org.junit.runners.ParentRunner.runLeaf(ParentRunner.java:271)
	at org.junit.runners.BlockJUnit4ClassRunner.runChild(BlockJUnit4ClassRunner.java:70)
	at org.junit.runners.BlockJUnit4ClassRunner.runChild(BlockJUnit4ClassRunner.java:50)
	at org.junit.runners.ParentRunner$3.run(ParentRunner.java:238)
	at org.junit.runners.ParentRunner$1.schedule(ParentRunner.java:63)
	at org.junit.runners.ParentRunner.runChildren(ParentRunner.java:236)
	at org.junit.runners.ParentRunner.access$000(ParentRunner.java:53)
	at org.junit.runners.ParentRunner$2.evaluate(ParentRunner.java:229)
	at org.junit.runners.ParentRunner.run(ParentRunner.java:309)
	at org.apache.maven.surefire.junit4.JUnit4Provider.execute(JUnit4Provider.java:365)
	at org.apache.maven.surefire.junit4.JUnit4Provider.executeWithRerun(JUnit4Provider.java:273)
	at org.apache.maven.surefire.junit4.JUnit4Provider.executeTestSet(JUnit4Provider.java:238)
	at org.apache.maven.surefire.junit4.JUnit4Provider.invoke(JUnit4Provider.java:159)
	at org.apache.maven.surefire.booter.ForkedBooter.invokeProviderInSameClassLoader(ForkedBooter.java:384)
	at org.apache.maven.surefire.booter.ForkedBooter.runSuitesInProcess(ForkedBooter.java:345)
	at org.apache.maven.surefire.booter.ForkedBooter.execute(ForkedBooter.java:126)
	at org.apache.maven.surefire.booter.ForkedBooter.main(ForkedBooter.java:418)
</error>
    <system-out><![CDATA[2019-10-04 06:14:28,151 [main] WARN  server.ServerUtils (ServerUtils.java:getScmDbDir(145)) - ozone.scm.db.dirs is not configured. We recommend adding this setting. Falling back to ozone.metadata.dirs instead.
2019-10-04 06:14:28,165 [main] WARN  server.ServerUtils (ServerUtils.java:getScmDbDir(145)) - ozone.scm.db.dirs is not configured. We recommend adding this setting. Falling back to ozone.metadata.dirs instead.
2019-10-04 06:14:28,166 [main] WARN  server.ServerUtils (ServerUtils.java:getScmDbDir(145)) - ozone.scm.db.dirs is not configured. We recommend adding this setting. Falling back to ozone.metadata.dirs instead.
2019-10-04 06:14:28,166 [main] INFO  db.DBStoreBuilder (DBStoreBuilder.java:addTable(110)) - using custom profile for table: deletedBlocks
2019-10-04 06:14:28,167 [main] INFO  db.DBStoreBuilder (DBStoreBuilder.java:processTables(161)) - Using default column profile:DBProfile.DISK for Table:deletedBlocks
2019-10-04 06:14:28,167 [main] INFO  db.DBStoreBuilder (DBStoreBuilder.java:addTable(110)) - using custom profile for table: validCerts
2019-10-04 06:14:28,167 [main] INFO  db.DBStoreBuilder (DBStoreBuilder.java:processTables(161)) - Using default column profile:DBProfile.DISK for Table:validCerts
2019-10-04 06:14:28,167 [main] INFO  db.DBStoreBuilder (DBStoreBuilder.java:addTable(110)) - using custom profile for table: revokedCerts
2019-10-04 06:14:28,167 [main] INFO  db.DBStoreBuilder (DBStoreBuilder.java:processTables(161)) - Using default column profile:DBProfile.DISK for Table:revokedCerts
2019-10-04 06:14:28,167 [main] INFO  db.DBStoreBuilder (DBStoreBuilder.java:addTable(110)) - using custom profile for table: default
2019-10-04 06:14:28,168 [main] INFO  db.DBStoreBuilder (DBStoreBuilder.java:processTables(167)) - Using default column profile:DBProfile.DISK for Table:default
2019-10-04 06:14:28,168 [main] INFO  db.DBStoreBuilder (DBStoreBuilder.java:getDbProfile(198)) - Using default options. DBProfile.DISK
2019-10-04 06:14:28,382 [main] INFO  net.NodeSchemaLoader (NodeSchemaLoader.java:loadSchemaFromFile(125)) - Loading file from sun.misc.CompoundEnumeration@3830b06c
2019-10-04 06:14:28,382 [main] INFO  net.NodeSchemaLoader (NodeSchemaLoader.java:loadSchema(171)) - Loading network topology layer schema file
2019-10-04 06:14:28,388 [main] WARN  server.ServerUtils (ServerUtils.java:sanitizeUserArgs(70)) - ozone.scm.stale.node.interval value = 300000 is larger than max = 100000 based on the key value of ozone.scm.heartbeat.thread.interval, reset to the max value 100000.
2019-10-04 06:14:28,389 [main] WARN  server.ServerUtils (ServerUtils.java:sanitizeUserArgs(70)) - ozone.scm.stale.node.interval value = 300000 is larger than max = 100000 based on the key value of ozone.scm.heartbeat.thread.interval, reset to the max value 100000.
2019-10-04 06:14:28,389 [main] INFO  node.SCMNodeManager (SCMNodeManager.java:<init>(114)) - Entering startup safe mode.
2019-10-04 06:14:28,390 [main] INFO  algorithms.ContainerPlacementPolicyFactory (ContainerPlacementPolicyFactory.java:getPolicy(57)) - Create container placement policy of type org.apache.hadoop.hdds.scm.container.placement.algorithms.SCMContainerPlacementRandom
2019-10-04 06:14:28,390 [main] WARN  server.ServerUtils (ServerUtils.java:getScmDbDir(145)) - ozone.scm.db.dirs is not configured. We recommend adding this setting. Falling back to ozone.metadata.dirs instead.
2019-10-04 06:14:28,475 [main] INFO  pipeline.SCMPipelineManager (SCMPipelineManager.java:initializePipelineState(132)) - No pipeline exists in current db
2019-10-04 06:14:28,475 [main] WARN  server.ServerUtils (ServerUtils.java:getScmDbDir(145)) - ozone.scm.db.dirs is not configured. We recommend adding this setting. Falling back to ozone.metadata.dirs instead.
2019-10-04 06:14:28,572 [main] WARN  events.EventQueue (EventQueue.java:fireEvent(183)) - No event handler registered for event TypedEvent{payloadType=SafeModeStatus, name='SafeModeStatus'}
2019-10-04 06:14:28,574 [main] INFO  ipc.CallQueueManager (CallQueueManager.java:<init>(84)) - Using callQueue: class java.util.concurrent.LinkedBlockingQueue, queueCapacity: 2000, scheduler: class org.apache.hadoop.ipc.DefaultRpcScheduler, ipcBackoff: false.
2019-10-04 06:14:28,575 [Socket Reader #1 for port 36309] INFO  ipc.Server (Server.java:run(1074)) - Starting Socket Reader #1 for port 36309
2019-10-04 06:14:28,577 [main] INFO  ipc.CallQueueManager (CallQueueManager.java:<init>(84)) - Using callQueue: class java.util.concurrent.LinkedBlockingQueue, queueCapacity: 2000, scheduler: class org.apache.hadoop.ipc.DefaultRpcScheduler, ipcBackoff: false.
2019-10-04 06:14:28,578 [Socket Reader #1 for port 40670] INFO  ipc.Server (Server.java:run(1074)) - Starting Socket Reader #1 for port 40670
2019-10-04 06:14:28,579 [main] INFO  ipc.CallQueueManager (CallQueueManager.java:<init>(84)) - Using callQueue: class java.util.concurrent.LinkedBlockingQueue, queueCapacity: 2000, scheduler: class org.apache.hadoop.ipc.DefaultRpcScheduler, ipcBackoff: false.
2019-10-04 06:14:28,580 [Socket Reader #1 for port 37690] INFO  ipc.Server (Server.java:run(1074)) - Starting Socket Reader #1 for port 37690
2019-10-04 06:14:28,583 [main] INFO  hdfs.DFSUtil (DFSUtil.java:httpServerTemplateForNNAndJN(1641)) - Starting Web-server for scm at: http://0.0.0.0:0
2019-10-04 06:14:28,585 [main] INFO  server.AuthenticationFilter (AuthenticationFilter.java:constructSecretProvider(240)) - Unable to initialize FileSignerSecretProvider, falling back to use random secrets.
2019-10-04 06:14:28,587 [main] WARN  http.HttpRequestLog (HttpRequestLog.java:getRequestLog(97)) - Jetty request log can only be enabled using Log4j
2019-10-04 06:14:28,589 [main] INFO  http.HttpServer2 (HttpServer2.java:addGlobalFilter(975)) - Added global filter 'safety' (class=org.apache.hadoop.http.HttpServer2$QuotingInputFilter)
2019-10-04 06:14:28,590 [main] INFO  http.HttpServer2 (HttpServer2.java:addFilter(948)) - Added filter static_user_filter (class=org.apache.hadoop.http.lib.StaticUserWebFilter$StaticUserFilter) to context scm
2019-10-04 06:14:28,590 [main] INFO  http.HttpServer2 (HttpServer2.java:addFilter(958)) - Added filter static_user_filter (class=org.apache.hadoop.http.lib.StaticUserWebFilter$StaticUserFilter) to context static
2019-10-04 06:14:28,590 [main] INFO  http.HttpServer2 (HttpServer2.java:addFilter(958)) - Added filter static_user_filter (class=org.apache.hadoop.http.lib.StaticUserWebFilter$StaticUserFilter) to context logs
2019-10-04 06:14:28,593 [main] INFO  server.StorageContainerManager (StorageContainerManager.java:start(770)) - StorageContainerLocationProtocol RPC server is listening at /0.0.0.0:37690
2019-10-04 06:14:28,596 [main] WARN  impl.MetricsConfig (MetricsConfig.java:loadFirst(134)) - Cannot locate configuration: tried hadoop-metrics2-storagecontainermanager.properties,hadoop-metrics2.properties
2019-10-04 06:14:28,597 [main] INFO  impl.MetricsSystemImpl (MetricsSystemImpl.java:startTimer(374)) - Scheduled Metric snapshot period at 10 second(s).
2019-10-04 06:14:28,597 [main] INFO  impl.MetricsSystemImpl (MetricsSystemImpl.java:start(191)) - StorageContainerManager metrics system started
2019-10-04 06:14:28,666 [main] WARN  impl.MetricsSystemImpl (MetricsSystemImpl.java:register(276)) - Sink prometheus already exists!
2019-10-04 06:14:28,785 [main] INFO  server.SCMClientProtocolServer (SCMClientProtocolServer.java:start(150)) - RPC server for Client  is listening at /0.0.0.0:37690
2019-10-04 06:14:28,786 [IPC Server Responder] INFO  ipc.Server (Server.java:run(1314)) - IPC Server Responder: starting
2019-10-04 06:14:28,786 [IPC Server listener on 37690] INFO  ipc.Server (Server.java:run(1153)) - IPC Server listener on 37690: starting
2019-10-04 06:14:28,790 [main] INFO  server.StorageContainerManager (StorageContainerManager.java:start(780)) - ScmBlockLocationProtocol RPC server is listening at /0.0.0.0:40670
2019-10-04 06:14:28,791 [main] INFO  server.SCMBlockProtocolServer (SCMBlockProtocolServer.java:start(146)) - RPC server for Block Protocol is listening at /0.0.0.0:40670
2019-10-04 06:14:28,791 [IPC Server Responder] INFO  ipc.Server (Server.java:run(1314)) - IPC Server Responder: starting
2019-10-04 06:14:28,792 [IPC Server listener on 40670] INFO  ipc.Server (Server.java:run(1153)) - IPC Server listener on 40670: starting
2019-10-04 06:14:28,798 [main] INFO  server.StorageContainerManager (StorageContainerManager.java:start(784)) - ScmDatanodeProtocl RPC server is listening at /0.0.0.0:36309
2019-10-04 06:14:28,798 [main] INFO  server.SCMDatanodeProtocolServer (SCMDatanodeProtocolServer.java:start(169)) - RPC server for DataNodes is listening at /0.0.0.0:36309
2019-10-04 06:14:28,799 [IPC Server Responder] INFO  ipc.Server (Server.java:run(1314)) - IPC Server Responder: starting
2019-10-04 06:14:28,800 [IPC Server listener on 36309] INFO  ipc.Server (Server.java:run(1153)) - IPC Server listener on 36309: starting
2019-10-04 06:14:28,802 [main] INFO  http.HttpServer2 (HttpServer2.java:bindListener(1191)) - Jetty bound to port 36348
2019-10-04 06:14:28,803 [main] INFO  server.Server (Server.java:doStart(351)) - jetty-9.3.25.v20180904, build timestamp: 2018-09-04T21:11:46Z, git hash: 3ce520221d0240229c862b122d2b06c12a625732
2019-10-04 06:14:28,805 [main] INFO  handler.ContextHandler (ContextHandler.java:doStart(781)) - Started o.e.j.s.ServletContextHandler@43a4a9e5{/logs,file:///workdir/hadoop-ozone/integration-test/target/log,AVAILABLE}
2019-10-04 06:14:28,805 [main] INFO  handler.ContextHandler (ContextHandler.java:doStart(781)) - Started o.e.j.s.ServletContextHandler@35145874{/static,file:///workdir/hadoop-ozone/integration-test/target/test-classes/webapps/static,AVAILABLE}
2019-10-04 06:14:28,810 [main] INFO  handler.ContextHandler (ContextHandler.java:doStart(781)) - Started o.e.j.w.WebAppContext@44d7e24{/,file:///workdir/hadoop-ozone/integration-test/target/test-classes/webapps/scm/,AVAILABLE}{/scm}
2019-10-04 06:14:28,810 [main] INFO  server.AbstractConnector (AbstractConnector.java:doStart(278)) - Started ServerConnector@26c8b296{HTTP/1.1,[http/1.1]}{0.0.0.0:36348}
2019-10-04 06:14:28,811 [main] INFO  server.Server (Server.java:doStart(419)) - Started @237033ms
2019-10-04 06:14:28,811 [main] WARN  impl.MetricsSystemImpl (MetricsSystemImpl.java:register(276)) - Sink prometheus already exists!
2019-10-04 06:14:28,813 [main] INFO  server.BaseHttpServer (BaseHttpServer.java:updateConnectorAddress(215)) - HTTP server of SCM is listening at http://0.0.0.0:36348
2019-10-04 06:14:28,814 [main] WARN  server.ServerUtils (ServerUtils.java:getDBPath(222)) - ozone.om.db.dirs is not configured. We recommend adding this setting. Falling back to ozone.metadata.dirs instead.
2019-10-04 06:14:28,814 [org.apache.hadoop.util.JvmPauseMonitor$Monitor@10f405ff] INFO  util.JvmPauseMonitor (JvmPauseMonitor.java:run(188)) - Starting JVM pause monitor
2019-10-04 06:14:28,829 [main] INFO  ha.OMHANodeDetails (OMHANodeDetails.java:loadOMHAConfig(190)) - Configuration either no ozone.om.address set. Falling back to the default OM address /127.0.0.1:0
2019-10-04 06:14:28,829 [main] INFO  ha.OMHANodeDetails (OMHANodeDetails.java:getOMNodeDetails(220)) - OM Service ID is not set. Setting it to the default ID: omServiceIdDefault
2019-10-04 06:14:28,830 [main] WARN  server.ServerUtils (ServerUtils.java:getDBPath(222)) - ozone.om.db.dirs is not configured. We recommend adding this setting. Falling back to ozone.metadata.dirs instead.
2019-10-04 06:14:28,830 [main] WARN  server.ServerUtils (ServerUtils.java:getDBPath(222)) - ozone.om.db.dirs is not configured. We recommend adding this setting. Falling back to ozone.metadata.dirs instead.
2019-10-04 06:14:28,840 [main] WARN  server.ServerUtils (ServerUtils.java:getDBPath(222)) - ozone.om.db.dirs is not configured. We recommend adding this setting. Falling back to ozone.metadata.dirs instead.
2019-10-04 06:14:28,840 [main] INFO  db.DBStoreBuilder (DBStoreBuilder.java:addTable(110)) - using custom profile for table: userTable
2019-10-04 06:14:28,841 [main] INFO  db.DBStoreBuilder (DBStoreBuilder.java:processTables(161)) - Using default column profile:DBProfile.DISK for Table:userTable
2019-10-04 06:14:28,841 [main] INFO  db.DBStoreBuilder (DBStoreBuilder.java:addTable(110)) - using custom profile for table: volumeTable
2019-10-04 06:14:28,841 [main] INFO  db.DBStoreBuilder (DBStoreBuilder.java:processTables(161)) - Using default column profile:DBProfile.DISK for Table:volumeTable
2019-10-04 06:14:28,841 [main] INFO  db.DBStoreBuilder (DBStoreBuilder.java:addTable(110)) - using custom profile for table: bucketTable
2019-10-04 06:14:28,841 [main] INFO  db.DBStoreBuilder (DBStoreBuilder.java:processTables(161)) - Using default column profile:DBProfile.DISK for Table:bucketTable
2019-10-04 06:14:28,841 [main] INFO  db.DBStoreBuilder (DBStoreBuilder.java:addTable(110)) - using custom profile for table: keyTable
2019-10-04 06:14:28,842 [main] INFO  db.DBStoreBuilder (DBStoreBuilder.java:processTables(161)) - Using default column profile:DBProfile.DISK for Table:keyTable
2019-10-04 06:14:28,842 [main] INFO  db.DBStoreBuilder (DBStoreBuilder.java:addTable(110)) - using custom profile for table: deletedTable
2019-10-04 06:14:28,842 [main] INFO  db.DBStoreBuilder (DBStoreBuilder.java:processTables(161)) - Using default column profile:DBProfile.DISK for Table:deletedTable
2019-10-04 06:14:28,842 [main] INFO  db.DBStoreBuilder (DBStoreBuilder.java:addTable(110)) - using custom profile for table: openKeyTable
2019-10-04 06:14:28,842 [main] INFO  db.DBStoreBuilder (DBStoreBuilder.java:processTables(161)) - Using default column profile:DBProfile.DISK for Table:openKeyTable
2019-10-04 06:14:28,842 [main] INFO  db.DBStoreBuilder (DBStoreBuilder.java:addTable(110)) - using custom profile for table: s3Table
2019-10-04 06:14:28,842 [main] INFO  db.DBStoreBuilder (DBStoreBuilder.java:processTables(161)) - Using default column profile:DBProfile.DISK for Table:s3Table
2019-10-04 06:14:28,843 [main] INFO  db.DBStoreBuilder (DBStoreBuilder.java:addTable(110)) - using custom profile for table: multipartInfoTable
2019-10-04 06:14:28,843 [main] INFO  db.DBStoreBuilder (DBStoreBuilder.java:processTables(161)) - Using default column profile:DBProfile.DISK for Table:multipartInfoTable
2019-10-04 06:14:28,843 [main] INFO  db.DBStoreBuilder (DBStoreBuilder.java:addTable(110)) - using custom profile for table: dTokenTable
2019-10-04 06:14:28,843 [main] INFO  db.DBStoreBuilder (DBStoreBuilder.java:processTables(161)) - Using default column profile:DBProfile.DISK for Table:dTokenTable
2019-10-04 06:14:28,843 [main] INFO  db.DBStoreBuilder (DBStoreBuilder.java:addTable(110)) - using custom profile for table: s3SecretTable
2019-10-04 06:14:28,843 [main] INFO  db.DBStoreBuilder (DBStoreBuilder.java:processTables(161)) - Using default column profile:DBProfile.DISK for Table:s3SecretTable
2019-10-04 06:14:28,844 [main] INFO  db.DBStoreBuilder (DBStoreBuilder.java:addTable(110)) - using custom profile for table: prefixTable
2019-10-04 06:14:28,844 [main] INFO  db.DBStoreBuilder (DBStoreBuilder.java:processTables(161)) - Using default column profile:DBProfile.DISK for Table:prefixTable
2019-10-04 06:14:28,844 [main] INFO  db.DBStoreBuilder (DBStoreBuilder.java:addTable(110)) - using custom profile for table: default
2019-10-04 06:14:28,844 [main] INFO  db.DBStoreBuilder (DBStoreBuilder.java:processTables(167)) - Using default column profile:DBProfile.DISK for Table:default
2019-10-04 06:14:28,844 [main] INFO  db.DBStoreBuilder (DBStoreBuilder.java:getDbProfile(198)) - Using default options. DBProfile.DISK
2019-10-04 06:14:29,427 [main] INFO  ipc.CallQueueManager (CallQueueManager.java:<init>(84)) - Using callQueue: class java.util.concurrent.LinkedBlockingQueue, queueCapacity: 2000, scheduler: class org.apache.hadoop.ipc.DefaultRpcScheduler, ipcBackoff: false.
2019-10-04 06:14:29,428 [Socket Reader #1 for port 37309] INFO  ipc.Server (Server.java:run(1074)) - Starting Socket Reader #1 for port 37309
2019-10-04 06:14:29,453 [main] INFO  om.OzoneManager (OzoneManager.java:start(1069)) - OzoneManager RPC server is listening at localhost/127.0.0.1:37309
2019-10-04 06:14:29,454 [main] INFO  impl.MetricsSystemImpl (MetricsSystemImpl.java:init(158)) - OzoneManager metrics system started (again)
2019-10-04 06:14:29,455 [IPC Server Responder] INFO  ipc.Server (Server.java:run(1314)) - IPC Server Responder: starting
2019-10-04 06:14:29,455 [IPC Server listener on 37309] INFO  ipc.Server (Server.java:run(1153)) - IPC Server listener on 37309: starting
2019-10-04 06:14:29,463 [main] INFO  hdfs.DFSUtil (DFSUtil.java:httpServerTemplateForNNAndJN(1641)) - Starting Web-server for ozoneManager at: http://0.0.0.0:0
2019-10-04 06:14:29,465 [main] INFO  server.AuthenticationFilter (AuthenticationFilter.java:constructSecretProvider(240)) - Unable to initialize FileSignerSecretProvider, falling back to use random secrets.
2019-10-04 06:14:29,466 [main] WARN  http.HttpRequestLog (HttpRequestLog.java:getRequestLog(97)) - Jetty request log can only be enabled using Log4j
2019-10-04 06:14:29,469 [main] INFO  http.HttpServer2 (HttpServer2.java:addGlobalFilter(975)) - Added global filter 'safety' (class=org.apache.hadoop.http.HttpServer2$QuotingInputFilter)
2019-10-04 06:14:29,469 [main] INFO  http.HttpServer2 (HttpServer2.java:addFilter(948)) - Added filter static_user_filter (class=org.apache.hadoop.http.lib.StaticUserWebFilter$StaticUserFilter) to context ozoneManager
2019-10-04 06:14:29,470 [main] INFO  http.HttpServer2 (HttpServer2.java:addFilter(958)) - Added filter static_user_filter (class=org.apache.hadoop.http.lib.StaticUserWebFilter$StaticUserFilter) to context logs
2019-10-04 06:14:29,470 [main] INFO  http.HttpServer2 (HttpServer2.java:addFilter(958)) - Added filter static_user_filter (class=org.apache.hadoop.http.lib.StaticUserWebFilter$StaticUserFilter) to context static
2019-10-04 06:14:29,471 [main] INFO  http.HttpServer2 (HttpServer2.java:bindListener(1191)) - Jetty bound to port 40204
2019-10-04 06:14:29,471 [main] INFO  server.Server (Server.java:doStart(351)) - jetty-9.3.25.v20180904, build timestamp: 2018-09-04T21:11:46Z, git hash: 3ce520221d0240229c862b122d2b06c12a625732
2019-10-04 06:14:29,473 [main] INFO  handler.ContextHandler (ContextHandler.java:doStart(781)) - Started o.e.j.s.ServletContextHandler@58b311ba{/logs,file:///workdir/hadoop-ozone/integration-test/target/log,AVAILABLE}
2019-10-04 06:14:29,474 [main] INFO  handler.ContextHandler (ContextHandler.java:doStart(781)) - Started o.e.j.s.ServletContextHandler@75eaba95{/static,file:///workdir/hadoop-ozone/integration-test/target/test-classes/webapps/static,AVAILABLE}
2019-10-04 06:14:29,479 [main] INFO  handler.ContextHandler (ContextHandler.java:doStart(781)) - Started o.e.j.w.WebAppContext@4168f3d9{/,file:///workdir/hadoop-ozone/integration-test/target/test-classes/webapps/ozoneManager/,AVAILABLE}{/ozoneManager}
2019-10-04 06:14:29,480 [main] INFO  server.AbstractConnector (AbstractConnector.java:doStart(278)) - Started ServerConnector@353e6389{HTTP/1.1,[http/1.1]}{0.0.0.0:40204}
2019-10-04 06:14:29,481 [main] INFO  server.Server (Server.java:doStart(419)) - Started @237703ms
2019-10-04 06:14:29,482 [main] WARN  impl.MetricsSystemImpl (MetricsSystemImpl.java:register(276)) - Sink prometheus already exists!
2019-10-04 06:14:29,482 [main] INFO  server.BaseHttpServer (BaseHttpServer.java:updateConnectorAddress(215)) - HTTP server of OZONEMANAGER is listening at http://0.0.0.0:40204
2019-10-04 06:14:29,502 [main] INFO  impl.MetricsSystemImpl (MetricsSystemImpl.java:init(158)) - HddsDatanode metrics system started (again)
2019-10-04 06:14:29,506 [main] INFO  ozone.HddsDatanodeService (HddsDatanodeService.java:start(184)) - HddsDatanodeService host:pr-hdds-2222-2jdkn-3249983734 ip:192.168.164.222
2019-10-04 06:14:29,514 [main] INFO  volume.HddsVolume (HddsVolume.java:<init>(176)) - Creating Volume: /workdir/hadoop-ozone/integration-test/target/test-dir/MiniOzoneClusterImpl-576b2c35-ac69-4444-aca8-a582a9984376/datanode-0/data/containers/hdds of  storage type : DISK and capacity : 1482555576320
2019-10-04 06:14:29,515 [main] INFO  volume.VolumeSet (VolumeSet.java:initializeVolumeSet(170)) - Added Volume : /workdir/hadoop-ozone/integration-test/target/test-dir/MiniOzoneClusterImpl-576b2c35-ac69-4444-aca8-a582a9984376/datanode-0/data/containers/hdds to VolumeSet
2019-10-04 06:14:29,515 [main] INFO  volume.ThrottledAsyncChecker (ThrottledAsyncChecker.java:schedule(139)) - Scheduling a check for org.apache.hadoop.ozone.container.common.volume.HddsVolume@7d66e544
2019-10-04 06:14:29,516 [main] INFO  volume.HddsVolumeChecker (HddsVolumeChecker.java:checkAllVolumes(202)) - Scheduled health check for volume org.apache.hadoop.ozone.container.common.volume.HddsVolume@7d66e544
2019-10-04 06:14:29,533 [main] INFO  impl.RaftServerProxy (ConfUtils.java:logGet(43)) - raft.rpc.type = GRPC (default)
2019-10-04 06:14:29,533 [main] INFO  grpc.GrpcFactory (GrpcFactory.java:checkPooledByteBufAllocatorUseCacheForAllThreads(45)) - PERFORMANCE WARNING: useCacheForAllThreads is true that may cause Netty to create a lot garbage objects and, as a result, trigger GC.
	It is recommended to disable useCacheForAllThreads by setting -Dorg.apache.ratis.thirdparty.io.netty.allocator.useCacheForAllThreads=false in command line.
2019-10-04 06:14:29,534 [main] INFO  grpc.GrpcConfigKeys$Server (ConfUtils.java:logGet(43)) - raft.grpc.server.port = 0 (default)
2019-10-04 06:14:29,534 [main] INFO  server.GrpcService (ConfUtils.java:logGet(43)) - raft.grpc.message.size.max = 33570816 (custom)
2019-10-04 06:14:29,534 [main] INFO  server.RaftServerConfigKeys (ConfUtils.java:logGet(43)) - raft.server.log.appender.buffer.byte-limit = 33554432 (custom)
2019-10-04 06:14:29,534 [main] INFO  server.GrpcService (ConfUtils.java:logGet(43)) - raft.grpc.flow.control.window = 1MB (=1048576) (default)
2019-10-04 06:14:29,535 [main] INFO  server.RaftServerConfigKeys (ConfUtils.java:logGet(43)) - raft.server.rpc.request.timeout = 3000ms (default)
2019-10-04 06:14:29,536 [main] INFO  server.RaftServerConfigKeys (ConfUtils.java:logGet(43)) - raft.server.storage.dir = [/workdir/hadoop-ozone/integration-test/target/test-dir/MiniOzoneClusterImpl-576b2c35-ac69-4444-aca8-a582a9984376/datanode-0/data/ratis] (custom)
2019-10-04 06:14:29,537 [main] INFO  hdfs.DFSUtil (DFSUtil.java:httpServerTemplateForNNAndJN(1641)) - Starting Web-server for hddsDatanode at: http://0.0.0.0:0
2019-10-04 06:14:29,538 [main] INFO  server.AuthenticationFilter (AuthenticationFilter.java:constructSecretProvider(240)) - Unable to initialize FileSignerSecretProvider, falling back to use random secrets.
2019-10-04 06:14:29,539 [main] WARN  http.HttpRequestLog (HttpRequestLog.java:getRequestLog(97)) - Jetty request log can only be enabled using Log4j
2019-10-04 06:14:29,540 [main] INFO  http.HttpServer2 (HttpServer2.java:addGlobalFilter(975)) - Added global filter 'safety' (class=org.apache.hadoop.http.HttpServer2$QuotingInputFilter)
2019-10-04 06:14:29,541 [main] INFO  http.HttpServer2 (HttpServer2.java:addFilter(948)) - Added filter static_user_filter (class=org.apache.hadoop.http.lib.StaticUserWebFilter$StaticUserFilter) to context hddsDatanode
2019-10-04 06:14:29,541 [main] INFO  http.HttpServer2 (HttpServer2.java:addFilter(958)) - Added filter static_user_filter (class=org.apache.hadoop.http.lib.StaticUserWebFilter$StaticUserFilter) to context logs
2019-10-04 06:14:29,541 [main] INFO  http.HttpServer2 (HttpServer2.java:addFilter(958)) - Added filter static_user_filter (class=org.apache.hadoop.http.lib.StaticUserWebFilter$StaticUserFilter) to context static
2019-10-04 06:14:29,542 [main] INFO  http.HttpServer2 (HttpServer2.java:bindListener(1191)) - Jetty bound to port 36612
2019-10-04 06:14:29,542 [main] INFO  server.Server (Server.java:doStart(351)) - jetty-9.3.25.v20180904, build timestamp: 2018-09-04T21:11:46Z, git hash: 3ce520221d0240229c862b122d2b06c12a625732
2019-10-04 06:14:29,544 [main] INFO  handler.ContextHandler (ContextHandler.java:doStart(781)) - Started o.e.j.s.ServletContextHandler@1e6060f1{/logs,file:///workdir/hadoop-ozone/integration-test/target/log,AVAILABLE}
2019-10-04 06:14:29,544 [main] INFO  handler.ContextHandler (ContextHandler.java:doStart(781)) - Started o.e.j.s.ServletContextHandler@2c6c302f{/static,jar:file:/home/user/.m2/repository/org/apache/hadoop/hadoop-hdds-container-service/0.5.0-SNAPSHOT/hadoop-hdds-container-service-0.5.0-SNAPSHOT.jar!/webapps/static,AVAILABLE}
2019-10-04 06:14:29,577 [main] INFO  handler.ContextHandler (ContextHandler.java:doStart(781)) - Started o.e.j.w.WebAppContext@5b02a984{/,file:///tmp/jetty-0.0.0.0-36612-hddsDatanode-_-any-7163682300986312874.dir/webapp/,AVAILABLE}{/hddsDatanode}
2019-10-04 06:14:29,578 [main] INFO  server.AbstractConnector (AbstractConnector.java:doStart(278)) - Started ServerConnector@57186526{HTTP/1.1,[http/1.1]}{0.0.0.0:36612}
2019-10-04 06:14:29,580 [main] INFO  server.Server (Server.java:doStart(419)) - Started @237802ms
2019-10-04 06:14:29,580 [main] WARN  impl.MetricsSystemImpl (MetricsSystemImpl.java:register(276)) - Sink prometheus already exists!
2019-10-04 06:14:29,581 [main] INFO  server.BaseHttpServer (BaseHttpServer.java:updateConnectorAddress(215)) - HTTP server of HDDSDATANODE is listening at http://0.0.0.0:36612
2019-10-04 06:14:29,581 [main] INFO  impl.MetricsSystemImpl (MetricsSystemImpl.java:init(158)) - HddsDatanode metrics system started (again)
2019-10-04 06:14:29,586 [org.apache.hadoop.util.JvmPauseMonitor$Monitor@711f1b0] INFO  util.JvmPauseMonitor (JvmPauseMonitor.java:run(188)) - Starting JVM pause monitor
2019-10-04 06:14:29,587 [main] INFO  ozone.HddsDatanodeService (HddsDatanodeService.java:start(184)) - HddsDatanodeService host:pr-hdds-2222-2jdkn-3249983734 ip:192.168.164.222
2019-10-04 06:14:29,590 [Datanode State Machine Thread - 0] INFO  datanode.InitDatanodeState (InitDatanodeState.java:persistContainerDatanodeDetails(140)) - DatanodeDetails is persisted to /workdir/hadoop-ozone/integration-test/target/test-dir/MiniOzoneClusterImpl-576b2c35-ac69-4444-aca8-a582a9984376/datanode-0/meta/datanode.id
2019-10-04 06:14:29,595 [main] INFO  volume.HddsVolume (HddsVolume.java:<init>(176)) - Creating Volume: /workdir/hadoop-ozone/integration-test/target/test-dir/MiniOzoneClusterImpl-576b2c35-ac69-4444-aca8-a582a9984376/datanode-1/data/containers/hdds of  storage type : DISK and capacity : 1482555576320
2019-10-04 06:14:29,595 [main] INFO  volume.VolumeSet (VolumeSet.java:initializeVolumeSet(170)) - Added Volume : /workdir/hadoop-ozone/integration-test/target/test-dir/MiniOzoneClusterImpl-576b2c35-ac69-4444-aca8-a582a9984376/datanode-1/data/containers/hdds to VolumeSet
2019-10-04 06:14:29,595 [main] INFO  volume.ThrottledAsyncChecker (ThrottledAsyncChecker.java:schedule(139)) - Scheduling a check for org.apache.hadoop.ozone.container.common.volume.HddsVolume@1e226bcd
2019-10-04 06:14:29,596 [main] INFO  volume.HddsVolumeChecker (HddsVolumeChecker.java:checkAllVolumes(202)) - Scheduled health check for volume org.apache.hadoop.ozone.container.common.volume.HddsVolume@1e226bcd
2019-10-04 06:14:29,612 [main] INFO  impl.RaftServerProxy (ConfUtils.java:logGet(43)) - raft.rpc.type = GRPC (default)
2019-10-04 06:14:29,612 [main] INFO  grpc.GrpcFactory (GrpcFactory.java:checkPooledByteBufAllocatorUseCacheForAllThreads(45)) - PERFORMANCE WARNING: useCacheForAllThreads is true that may cause Netty to create a lot garbage objects and, as a result, trigger GC.
	It is recommended to disable useCacheForAllThreads by setting -Dorg.apache.ratis.thirdparty.io.netty.allocator.useCacheForAllThreads=false in command line.
2019-10-04 06:14:29,613 [main] INFO  grpc.GrpcConfigKeys$Server (ConfUtils.java:logGet(43)) - raft.grpc.server.port = 0 (default)
2019-10-04 06:14:29,613 [main] INFO  server.GrpcService (ConfUtils.java:logGet(43)) - raft.grpc.message.size.max = 33570816 (custom)
2019-10-04 06:14:29,613 [main] INFO  server.RaftServerConfigKeys (ConfUtils.java:logGet(43)) - raft.server.log.appender.buffer.byte-limit = 33554432 (custom)
2019-10-04 06:14:29,613 [main] INFO  server.GrpcService (ConfUtils.java:logGet(43)) - raft.grpc.flow.control.window = 1MB (=1048576) (default)
2019-10-04 06:14:29,613 [main] INFO  server.RaftServerConfigKeys (ConfUtils.java:logGet(43)) - raft.server.rpc.request.timeout = 3000ms (default)
2019-10-04 06:14:29,614 [main] INFO  server.RaftServerConfigKeys (ConfUtils.java:logGet(43)) - raft.server.storage.dir = [/workdir/hadoop-ozone/integration-test/target/test-dir/MiniOzoneClusterImpl-576b2c35-ac69-4444-aca8-a582a9984376/datanode-1/data/ratis] (custom)
2019-10-04 06:14:29,615 [main] INFO  hdfs.DFSUtil (DFSUtil.java:httpServerTemplateForNNAndJN(1641)) - Starting Web-server for hddsDatanode at: http://0.0.0.0:0
2019-10-04 06:14:29,616 [main] INFO  server.AuthenticationFilter (AuthenticationFilter.java:constructSecretProvider(240)) - Unable to initialize FileSignerSecretProvider, falling back to use random secrets.
2019-10-04 06:14:29,617 [main] WARN  http.HttpRequestLog (HttpRequestLog.java:getRequestLog(97)) - Jetty request log can only be enabled using Log4j
2019-10-04 06:14:29,618 [main] INFO  http.HttpServer2 (HttpServer2.java:addGlobalFilter(975)) - Added global filter 'safety' (class=org.apache.hadoop.http.HttpServer2$QuotingInputFilter)
2019-10-04 06:14:29,619 [main] INFO  http.HttpServer2 (HttpServer2.java:addFilter(948)) - Added filter static_user_filter (class=org.apache.hadoop.http.lib.StaticUserWebFilter$StaticUserFilter) to context hddsDatanode
2019-10-04 06:14:29,619 [main] INFO  http.HttpServer2 (HttpServer2.java:addFilter(958)) - Added filter static_user_filter (class=org.apache.hadoop.http.lib.StaticUserWebFilter$StaticUserFilter) to context logs
2019-10-04 06:14:29,619 [main] INFO  http.HttpServer2 (HttpServer2.java:addFilter(958)) - Added filter static_user_filter (class=org.apache.hadoop.http.lib.StaticUserWebFilter$StaticUserFilter) to context static
2019-10-04 06:14:29,620 [main] INFO  http.HttpServer2 (HttpServer2.java:bindListener(1191)) - Jetty bound to port 36052
2019-10-04 06:14:29,620 [main] INFO  server.Server (Server.java:doStart(351)) - jetty-9.3.25.v20180904, build timestamp: 2018-09-04T21:11:46Z, git hash: 3ce520221d0240229c862b122d2b06c12a625732
2019-10-04 06:14:29,622 [main] INFO  handler.ContextHandler (ContextHandler.java:doStart(781)) - Started o.e.j.s.ServletContextHandler@443a06ad{/logs,file:///workdir/hadoop-ozone/integration-test/target/log,AVAILABLE}
2019-10-04 06:14:29,622 [main] INFO  handler.ContextHandler (ContextHandler.java:doStart(781)) - Started o.e.j.s.ServletContextHandler@752b69e3{/static,jar:file:/home/user/.m2/repository/org/apache/hadoop/hadoop-hdds-container-service/0.5.0-SNAPSHOT/hadoop-hdds-container-service-0.5.0-SNAPSHOT.jar!/webapps/static,AVAILABLE}
2019-10-04 06:14:29,650 [main] INFO  handler.ContextHandler (ContextHandler.java:doStart(781)) - Started o.e.j.w.WebAppContext@5438fa43{/,file:///tmp/jetty-0.0.0.0-36052-hddsDatanode-_-any-7907701888101529980.dir/webapp/,AVAILABLE}{/hddsDatanode}
2019-10-04 06:14:29,650 [main] INFO  server.AbstractConnector (AbstractConnector.java:doStart(278)) - Started ServerConnector@512abf25{HTTP/1.1,[http/1.1]}{0.0.0.0:36052}
2019-10-04 06:14:29,652 [main] INFO  server.Server (Server.java:doStart(419)) - Started @237873ms
2019-10-04 06:14:29,652 [main] WARN  impl.MetricsSystemImpl (MetricsSystemImpl.java:register(276)) - Sink prometheus already exists!
2019-10-04 06:14:29,652 [main] INFO  server.BaseHttpServer (BaseHttpServer.java:updateConnectorAddress(215)) - HTTP server of HDDSDATANODE is listening at http://0.0.0.0:36052
2019-10-04 06:14:29,653 [main] INFO  impl.MetricsSystemImpl (MetricsSystemImpl.java:init(158)) - HddsDatanode metrics system started (again)
2019-10-04 06:14:29,659 [org.apache.hadoop.util.JvmPauseMonitor$Monitor@7c2cbe72] INFO  util.JvmPauseMonitor (JvmPauseMonitor.java:run(188)) - Starting JVM pause monitor
2019-10-04 06:14:29,660 [Datanode State Machine Thread - 0] INFO  datanode.InitDatanodeState (InitDatanodeState.java:persistContainerDatanodeDetails(140)) - DatanodeDetails is persisted to /workdir/hadoop-ozone/integration-test/target/test-dir/MiniOzoneClusterImpl-576b2c35-ac69-4444-aca8-a582a9984376/datanode-1/meta/datanode.id
2019-10-04 06:14:29,660 [main] INFO  ozone.HddsDatanodeService (HddsDatanodeService.java:start(184)) - HddsDatanodeService host:pr-hdds-2222-2jdkn-3249983734 ip:192.168.164.222
2019-10-04 06:14:29,668 [main] INFO  volume.HddsVolume (HddsVolume.java:<init>(176)) - Creating Volume: /workdir/hadoop-ozone/integration-test/target/test-dir/MiniOzoneClusterImpl-576b2c35-ac69-4444-aca8-a582a9984376/datanode-2/data/containers/hdds of  storage type : DISK and capacity : 1482555576320
2019-10-04 06:14:29,668 [main] INFO  volume.VolumeSet (VolumeSet.java:initializeVolumeSet(170)) - Added Volume : /workdir/hadoop-ozone/integration-test/target/test-dir/MiniOzoneClusterImpl-576b2c35-ac69-4444-aca8-a582a9984376/datanode-2/data/containers/hdds to VolumeSet
2019-10-04 06:14:29,669 [main] INFO  volume.ThrottledAsyncChecker (ThrottledAsyncChecker.java:schedule(139)) - Scheduling a check for org.apache.hadoop.ozone.container.common.volume.HddsVolume@496cc217
2019-10-04 06:14:29,669 [main] INFO  volume.HddsVolumeChecker (HddsVolumeChecker.java:checkAllVolumes(202)) - Scheduled health check for volume org.apache.hadoop.ozone.container.common.volume.HddsVolume@496cc217
2019-10-04 06:14:29,690 [main] INFO  impl.RaftServerProxy (ConfUtils.java:logGet(43)) - raft.rpc.type = GRPC (default)
2019-10-04 06:14:29,690 [main] INFO  grpc.GrpcFactory (GrpcFactory.java:checkPooledByteBufAllocatorUseCacheForAllThreads(45)) - PERFORMANCE WARNING: useCacheForAllThreads is true that may cause Netty to create a lot garbage objects and, as a result, trigger GC.
	It is recommended to disable useCacheForAllThreads by setting -Dorg.apache.ratis.thirdparty.io.netty.allocator.useCacheForAllThreads=false in command line.
2019-10-04 06:14:29,691 [main] INFO  grpc.GrpcConfigKeys$Server (ConfUtils.java:logGet(43)) - raft.grpc.server.port = 0 (default)
2019-10-04 06:14:29,691 [main] INFO  server.GrpcService (ConfUtils.java:logGet(43)) - raft.grpc.message.size.max = 33570816 (custom)
2019-10-04 06:14:29,691 [main] INFO  server.RaftServerConfigKeys (ConfUtils.java:logGet(43)) - raft.server.log.appender.buffer.byte-limit = 33554432 (custom)
2019-10-04 06:14:29,691 [main] INFO  server.GrpcService (ConfUtils.java:logGet(43)) - raft.grpc.flow.control.window = 1MB (=1048576) (default)
2019-10-04 06:14:29,692 [main] INFO  server.RaftServerConfigKeys (ConfUtils.java:logGet(43)) - raft.server.rpc.request.timeout = 3000ms (default)
2019-10-04 06:14:29,692 [main] INFO  server.RaftServerConfigKeys (ConfUtils.java:logGet(43)) - raft.server.storage.dir = [/workdir/hadoop-ozone/integration-test/target/test-dir/MiniOzoneClusterImpl-576b2c35-ac69-4444-aca8-a582a9984376/datanode-2/data/ratis] (custom)
2019-10-04 06:14:29,694 [main] INFO  hdfs.DFSUtil (DFSUtil.java:httpServerTemplateForNNAndJN(1641)) - Starting Web-server for hddsDatanode at: http://0.0.0.0:0
2019-10-04 06:14:29,695 [main] INFO  server.AuthenticationFilter (AuthenticationFilter.java:constructSecretProvider(240)) - Unable to initialize FileSignerSecretProvider, falling back to use random secrets.
2019-10-04 06:14:29,696 [main] WARN  http.HttpRequestLog (HttpRequestLog.java:getRequestLog(97)) - Jetty request log can only be enabled using Log4j
2019-10-04 06:14:29,698 [main] INFO  http.HttpServer2 (HttpServer2.java:addGlobalFilter(975)) - Added global filter 'safety' (class=org.apache.hadoop.http.HttpServer2$QuotingInputFilter)
2019-10-04 06:14:29,698 [main] INFO  http.HttpServer2 (HttpServer2.java:addFilter(948)) - Added filter static_user_filter (class=org.apache.hadoop.http.lib.StaticUserWebFilter$StaticUserFilter) to context hddsDatanode
2019-10-04 06:14:29,698 [main] INFO  http.HttpServer2 (HttpServer2.java:addFilter(958)) - Added filter static_user_filter (class=org.apache.hadoop.http.lib.StaticUserWebFilter$StaticUserFilter) to context static
2019-10-04 06:14:29,699 [main] INFO  http.HttpServer2 (HttpServer2.java:addFilter(958)) - Added filter static_user_filter (class=org.apache.hadoop.http.lib.StaticUserWebFilter$StaticUserFilter) to context logs
2019-10-04 06:14:29,700 [main] INFO  http.HttpServer2 (HttpServer2.java:bindListener(1191)) - Jetty bound to port 33637
2019-10-04 06:14:29,700 [main] INFO  server.Server (Server.java:doStart(351)) - jetty-9.3.25.v20180904, build timestamp: 2018-09-04T21:11:46Z, git hash: 3ce520221d0240229c862b122d2b06c12a625732
2019-10-04 06:14:29,702 [main] INFO  handler.ContextHandler (ContextHandler.java:doStart(781)) - Started o.e.j.s.ServletContextHandler@6de7778f{/logs,file:///workdir/hadoop-ozone/integration-test/target/log,AVAILABLE}
2019-10-04 06:14:29,702 [main] INFO  handler.ContextHandler (ContextHandler.java:doStart(781)) - Started o.e.j.s.ServletContextHandler@4ce25e47{/static,jar:file:/home/user/.m2/repository/org/apache/hadoop/hadoop-hdds-container-service/0.5.0-SNAPSHOT/hadoop-hdds-container-service-0.5.0-SNAPSHOT.jar!/webapps/static,AVAILABLE}
2019-10-04 06:14:29,741 [main] INFO  handler.ContextHandler (ContextHandler.java:doStart(781)) - Started o.e.j.w.WebAppContext@508ad266{/,file:///tmp/jetty-0.0.0.0-33637-hddsDatanode-_-any-8569339351294273236.dir/webapp/,AVAILABLE}{/hddsDatanode}
2019-10-04 06:14:29,741 [main] INFO  server.AbstractConnector (AbstractConnector.java:doStart(278)) - Started ServerConnector@2313db84{HTTP/1.1,[http/1.1]}{0.0.0.0:33637}
2019-10-04 06:14:29,743 [main] INFO  server.Server (Server.java:doStart(419)) - Started @237965ms
2019-10-04 06:14:29,743 [main] WARN  impl.MetricsSystemImpl (MetricsSystemImpl.java:register(276)) - Sink prometheus already exists!
2019-10-04 06:14:29,744 [main] INFO  server.BaseHttpServer (BaseHttpServer.java:updateConnectorAddress(215)) - HTTP server of HDDSDATANODE is listening at http://0.0.0.0:33637
2019-10-04 06:14:29,744 [main] INFO  impl.MetricsSystemImpl (MetricsSystemImpl.java:init(158)) - HddsDatanode metrics system started (again)
2019-10-04 06:14:29,749 [org.apache.hadoop.util.JvmPauseMonitor$Monitor@2d6f3687] INFO  util.JvmPauseMonitor (JvmPauseMonitor.java:run(188)) - Starting JVM pause monitor
2019-10-04 06:14:29,750 [main] INFO  ozone.HddsDatanodeService (HddsDatanodeService.java:start(184)) - HddsDatanodeService host:pr-hdds-2222-2jdkn-3249983734 ip:192.168.164.222
2019-10-04 06:14:29,751 [Datanode State Machine Thread - 0] INFO  datanode.InitDatanodeState (InitDatanodeState.java:persistContainerDatanodeDetails(140)) - DatanodeDetails is persisted to /workdir/hadoop-ozone/integration-test/target/test-dir/MiniOzoneClusterImpl-576b2c35-ac69-4444-aca8-a582a9984376/datanode-2/meta/datanode.id
2019-10-04 06:14:29,757 [main] INFO  volume.HddsVolume (HddsVolume.java:<init>(176)) - Creating Volume: /workdir/hadoop-ozone/integration-test/target/test-dir/MiniOzoneClusterImpl-576b2c35-ac69-4444-aca8-a582a9984376/datanode-3/data/containers/hdds of  storage type : DISK and capacity : 1482555576320
2019-10-04 06:14:29,757 [main] INFO  volume.VolumeSet (VolumeSet.java:initializeVolumeSet(170)) - Added Volume : /workdir/hadoop-ozone/integration-test/target/test-dir/MiniOzoneClusterImpl-576b2c35-ac69-4444-aca8-a582a9984376/datanode-3/data/containers/hdds to VolumeSet
2019-10-04 06:14:29,758 [main] INFO  volume.ThrottledAsyncChecker (ThrottledAsyncChecker.java:schedule(139)) - Scheduling a check for org.apache.hadoop.ozone.container.common.volume.HddsVolume@46f73ffa
2019-10-04 06:14:29,758 [main] INFO  volume.HddsVolumeChecker (HddsVolumeChecker.java:checkAllVolumes(202)) - Scheduled health check for volume org.apache.hadoop.ozone.container.common.volume.HddsVolume@46f73ffa
2019-10-04 06:14:29,774 [main] INFO  impl.RaftServerProxy (ConfUtils.java:logGet(43)) - raft.rpc.type = GRPC (default)
2019-10-04 06:14:29,774 [main] INFO  grpc.GrpcFactory (GrpcFactory.java:checkPooledByteBufAllocatorUseCacheForAllThreads(45)) - PERFORMANCE WARNING: useCacheForAllThreads is true that may cause Netty to create a lot garbage objects and, as a result, trigger GC.
	It is recommended to disable useCacheForAllThreads by setting -Dorg.apache.ratis.thirdparty.io.netty.allocator.useCacheForAllThreads=false in command line.
2019-10-04 06:14:29,775 [main] INFO  grpc.GrpcConfigKeys$Server (ConfUtils.java:logGet(43)) - raft.grpc.server.port = 0 (default)
2019-10-04 06:14:29,775 [main] INFO  server.GrpcService (ConfUtils.java:logGet(43)) - raft.grpc.message.size.max = 33570816 (custom)
2019-10-04 06:14:29,775 [main] INFO  server.RaftServerConfigKeys (ConfUtils.java:logGet(43)) - raft.server.log.appender.buffer.byte-limit = 33554432 (custom)
2019-10-04 06:14:29,775 [main] INFO  server.GrpcService (ConfUtils.java:logGet(43)) - raft.grpc.flow.control.window = 1MB (=1048576) (default)
2019-10-04 06:14:29,775 [main] INFO  server.RaftServerConfigKeys (ConfUtils.java:logGet(43)) - raft.server.rpc.request.timeout = 3000ms (default)
2019-10-04 06:14:29,776 [main] INFO  server.RaftServerConfigKeys (ConfUtils.java:logGet(43)) - raft.server.storage.dir = [/workdir/hadoop-ozone/integration-test/target/test-dir/MiniOzoneClusterImpl-576b2c35-ac69-4444-aca8-a582a9984376/datanode-3/data/ratis] (custom)
2019-10-04 06:14:29,777 [main] INFO  hdfs.DFSUtil (DFSUtil.java:httpServerTemplateForNNAndJN(1641)) - Starting Web-server for hddsDatanode at: http://0.0.0.0:0
2019-10-04 06:14:29,779 [main] INFO  server.AuthenticationFilter (AuthenticationFilter.java:constructSecretProvider(240)) - Unable to initialize FileSignerSecretProvider, falling back to use random secrets.
2019-10-04 06:14:29,779 [main] WARN  http.HttpRequestLog (HttpRequestLog.java:getRequestLog(97)) - Jetty request log can only be enabled using Log4j
2019-10-04 06:14:29,781 [main] INFO  http.HttpServer2 (HttpServer2.java:addGlobalFilter(975)) - Added global filter 'safety' (class=org.apache.hadoop.http.HttpServer2$QuotingInputFilter)
2019-10-04 06:14:29,782 [main] INFO  http.HttpServer2 (HttpServer2.java:addFilter(948)) - Added filter static_user_filter (class=org.apache.hadoop.http.lib.StaticUserWebFilter$StaticUserFilter) to context hddsDatanode
2019-10-04 06:14:29,782 [main] INFO  http.HttpServer2 (HttpServer2.java:addFilter(958)) - Added filter static_user_filter (class=org.apache.hadoop.http.lib.StaticUserWebFilter$StaticUserFilter) to context logs
2019-10-04 06:14:29,783 [main] INFO  http.HttpServer2 (HttpServer2.java:addFilter(958)) - Added filter static_user_filter (class=org.apache.hadoop.http.lib.StaticUserWebFilter$StaticUserFilter) to context static
2019-10-04 06:14:29,784 [main] INFO  http.HttpServer2 (HttpServer2.java:bindListener(1191)) - Jetty bound to port 35056
2019-10-04 06:14:29,784 [main] INFO  server.Server (Server.java:doStart(351)) - jetty-9.3.25.v20180904, build timestamp: 2018-09-04T21:11:46Z, git hash: 3ce520221d0240229c862b122d2b06c12a625732
2019-10-04 06:14:29,786 [main] INFO  handler.ContextHandler (ContextHandler.java:doStart(781)) - Started o.e.j.s.ServletContextHandler@3e6ec74{/logs,file:///workdir/hadoop-ozone/integration-test/target/log,AVAILABLE}
2019-10-04 06:14:29,787 [main] INFO  handler.ContextHandler (ContextHandler.java:doStart(781)) - Started o.e.j.s.ServletContextHandler@6d7ad0f5{/static,jar:file:/home/user/.m2/repository/org/apache/hadoop/hadoop-hdds-container-service/0.5.0-SNAPSHOT/hadoop-hdds-container-service-0.5.0-SNAPSHOT.jar!/webapps/static,AVAILABLE}
2019-10-04 06:14:29,827 [main] INFO  handler.ContextHandler (ContextHandler.java:doStart(781)) - Started o.e.j.w.WebAppContext@4837f97e{/,file:///tmp/jetty-0.0.0.0-35056-hddsDatanode-_-any-3172103937571547425.dir/webapp/,AVAILABLE}{/hddsDatanode}
2019-10-04 06:14:29,827 [main] INFO  server.AbstractConnector (AbstractConnector.java:doStart(278)) - Started ServerConnector@53314f76{HTTP/1.1,[http/1.1]}{0.0.0.0:35056}
2019-10-04 06:14:29,829 [main] INFO  server.Server (Server.java:doStart(419)) - Started @238051ms
2019-10-04 06:14:29,830 [main] WARN  impl.MetricsSystemImpl (MetricsSystemImpl.java:register(276)) - Sink prometheus already exists!
2019-10-04 06:14:29,830 [main] INFO  server.BaseHttpServer (BaseHttpServer.java:updateConnectorAddress(215)) - HTTP server of HDDSDATANODE is listening at http://0.0.0.0:35056
2019-10-04 06:14:29,831 [main] INFO  impl.MetricsSystemImpl (MetricsSystemImpl.java:init(158)) - HddsDatanode metrics system started (again)
2019-10-04 06:14:29,836 [org.apache.hadoop.util.JvmPauseMonitor$Monitor@627fa402] INFO  util.JvmPauseMonitor (JvmPauseMonitor.java:run(188)) - Starting JVM pause monitor
2019-10-04 06:14:29,837 [main] INFO  ozone.HddsDatanodeService (HddsDatanodeService.java:start(184)) - HddsDatanodeService host:pr-hdds-2222-2jdkn-3249983734 ip:192.168.164.222
2019-10-04 06:14:29,838 [Datanode State Machine Thread - 0] INFO  datanode.InitDatanodeState (InitDatanodeState.java:persistContainerDatanodeDetails(140)) - DatanodeDetails is persisted to /workdir/hadoop-ozone/integration-test/target/test-dir/MiniOzoneClusterImpl-576b2c35-ac69-4444-aca8-a582a9984376/datanode-3/meta/datanode.id
2019-10-04 06:14:29,846 [main] INFO  volume.HddsVolume (HddsVolume.java:<init>(176)) - Creating Volume: /workdir/hadoop-ozone/integration-test/target/test-dir/MiniOzoneClusterImpl-576b2c35-ac69-4444-aca8-a582a9984376/datanode-4/data/containers/hdds of  storage type : DISK and capacity : 1482555576320
2019-10-04 06:14:29,846 [main] INFO  volume.VolumeSet (VolumeSet.java:initializeVolumeSet(170)) - Added Volume : /workdir/hadoop-ozone/integration-test/target/test-dir/MiniOzoneClusterImpl-576b2c35-ac69-4444-aca8-a582a9984376/datanode-4/data/containers/hdds to VolumeSet
2019-10-04 06:14:29,847 [main] INFO  volume.ThrottledAsyncChecker (ThrottledAsyncChecker.java:schedule(139)) - Scheduling a check for org.apache.hadoop.ozone.container.common.volume.HddsVolume@6459f4ea
2019-10-04 06:14:29,847 [main] INFO  volume.HddsVolumeChecker (HddsVolumeChecker.java:checkAllVolumes(202)) - Scheduled health check for volume org.apache.hadoop.ozone.container.common.volume.HddsVolume@6459f4ea
2019-10-04 06:14:29,862 [main] INFO  impl.RaftServerProxy (ConfUtils.java:logGet(43)) - raft.rpc.type = GRPC (default)
2019-10-04 06:14:29,862 [main] INFO  grpc.GrpcFactory (GrpcFactory.java:checkPooledByteBufAllocatorUseCacheForAllThreads(45)) - PERFORMANCE WARNING: useCacheForAllThreads is true that may cause Netty to create a lot garbage objects and, as a result, trigger GC.
	It is recommended to disable useCacheForAllThreads by setting -Dorg.apache.ratis.thirdparty.io.netty.allocator.useCacheForAllThreads=false in command line.
2019-10-04 06:14:29,862 [main] INFO  grpc.GrpcConfigKeys$Server (ConfUtils.java:logGet(43)) - raft.grpc.server.port = 0 (default)
2019-10-04 06:14:29,863 [main] INFO  server.GrpcService (ConfUtils.java:logGet(43)) - raft.grpc.message.size.max = 33570816 (custom)
2019-10-04 06:14:29,863 [main] INFO  server.RaftServerConfigKeys (ConfUtils.java:logGet(43)) - raft.server.log.appender.buffer.byte-limit = 33554432 (custom)
2019-10-04 06:14:29,863 [main] INFO  server.GrpcService (ConfUtils.java:logGet(43)) - raft.grpc.flow.control.window = 1MB (=1048576) (default)
2019-10-04 06:14:29,863 [main] INFO  server.RaftServerConfigKeys (ConfUtils.java:logGet(43)) - raft.server.rpc.request.timeout = 3000ms (default)
2019-10-04 06:14:29,863 [main] INFO  server.RaftServerConfigKeys (ConfUtils.java:logGet(43)) - raft.server.storage.dir = [/workdir/hadoop-ozone/integration-test/target/test-dir/MiniOzoneClusterImpl-576b2c35-ac69-4444-aca8-a582a9984376/datanode-4/data/ratis] (custom)
2019-10-04 06:14:29,865 [main] INFO  hdfs.DFSUtil (DFSUtil.java:httpServerTemplateForNNAndJN(1641)) - Starting Web-server for hddsDatanode at: http://0.0.0.0:0
2019-10-04 06:14:29,866 [main] INFO  server.AuthenticationFilter (AuthenticationFilter.java:constructSecretProvider(240)) - Unable to initialize FileSignerSecretProvider, falling back to use random secrets.
2019-10-04 06:14:29,866 [main] WARN  http.HttpRequestLog (HttpRequestLog.java:getRequestLog(97)) - Jetty request log can only be enabled using Log4j
2019-10-04 06:14:29,868 [main] INFO  http.HttpServer2 (HttpServer2.java:addGlobalFilter(975)) - Added global filter 'safety' (class=org.apache.hadoop.http.HttpServer2$QuotingInputFilter)
2019-10-04 06:14:29,868 [main] INFO  http.HttpServer2 (HttpServer2.java:addFilter(948)) - Added filter static_user_filter (class=org.apache.hadoop.http.lib.StaticUserWebFilter$StaticUserFilter) to context hddsDatanode
2019-10-04 06:14:29,868 [main] INFO  http.HttpServer2 (HttpServer2.java:addFilter(958)) - Added filter static_user_filter (class=org.apache.hadoop.http.lib.StaticUserWebFilter$StaticUserFilter) to context logs
2019-10-04 06:14:29,868 [main] INFO  http.HttpServer2 (HttpServer2.java:addFilter(958)) - Added filter static_user_filter (class=org.apache.hadoop.http.lib.StaticUserWebFilter$StaticUserFilter) to context static
2019-10-04 06:14:29,869 [main] INFO  http.HttpServer2 (HttpServer2.java:bindListener(1191)) - Jetty bound to port 42837
2019-10-04 06:14:29,869 [main] INFO  server.Server (Server.java:doStart(351)) - jetty-9.3.25.v20180904, build timestamp: 2018-09-04T21:11:46Z, git hash: 3ce520221d0240229c862b122d2b06c12a625732
2019-10-04 06:14:29,871 [main] INFO  handler.ContextHandler (ContextHandler.java:doStart(781)) - Started o.e.j.s.ServletContextHandler@7a0ab480{/logs,file:///workdir/hadoop-ozone/integration-test/target/log,AVAILABLE}
2019-10-04 06:14:29,871 [main] INFO  handler.ContextHandler (ContextHandler.java:doStart(781)) - Started o.e.j.s.ServletContextHandler@130cfc47{/static,jar:file:/home/user/.m2/repository/org/apache/hadoop/hadoop-hdds-container-service/0.5.0-SNAPSHOT/hadoop-hdds-container-service-0.5.0-SNAPSHOT.jar!/webapps/static,AVAILABLE}
2019-10-04 06:14:29,897 [main] INFO  handler.ContextHandler (ContextHandler.java:doStart(781)) - Started o.e.j.w.WebAppContext@1332dec4{/,file:///tmp/jetty-0.0.0.0-42837-hddsDatanode-_-any-5441193767806420502.dir/webapp/,AVAILABLE}{/hddsDatanode}
2019-10-04 06:14:29,898 [main] INFO  server.AbstractConnector (AbstractConnector.java:doStart(278)) - Started ServerConnector@544e3679{HTTP/1.1,[http/1.1]}{0.0.0.0:42837}
2019-10-04 06:14:29,899 [main] INFO  server.Server (Server.java:doStart(419)) - Started @238121ms
2019-10-04 06:14:29,900 [main] WARN  impl.MetricsSystemImpl (MetricsSystemImpl.java:register(276)) - Sink prometheus already exists!
2019-10-04 06:14:29,900 [main] INFO  server.BaseHttpServer (BaseHttpServer.java:updateConnectorAddress(215)) - HTTP server of HDDSDATANODE is listening at http://0.0.0.0:42837
2019-10-04 06:14:29,901 [main] INFO  impl.MetricsSystemImpl (MetricsSystemImpl.java:init(158)) - HddsDatanode metrics system started (again)
2019-10-04 06:14:29,908 [org.apache.hadoop.util.JvmPauseMonitor$Monitor@517ee62] INFO  util.JvmPauseMonitor (JvmPauseMonitor.java:run(188)) - Starting JVM pause monitor
2019-10-04 06:14:29,909 [Datanode State Machine Thread - 0] INFO  datanode.InitDatanodeState (InitDatanodeState.java:persistContainerDatanodeDetails(140)) - DatanodeDetails is persisted to /workdir/hadoop-ozone/integration-test/target/test-dir/MiniOzoneClusterImpl-576b2c35-ac69-4444-aca8-a582a9984376/datanode-4/meta/datanode.id
2019-10-04 06:14:29,910 [main] INFO  ozone.HddsDatanodeService (HddsDatanodeService.java:start(184)) - HddsDatanodeService host:pr-hdds-2222-2jdkn-3249983734 ip:192.168.164.222
2019-10-04 06:14:29,917 [main] INFO  volume.HddsVolume (HddsVolume.java:<init>(176)) - Creating Volume: /workdir/hadoop-ozone/integration-test/target/test-dir/MiniOzoneClusterImpl-576b2c35-ac69-4444-aca8-a582a9984376/datanode-5/data/containers/hdds of  storage type : DISK and capacity : 1482555576320
2019-10-04 06:14:29,918 [main] INFO  volume.VolumeSet (VolumeSet.java:initializeVolumeSet(170)) - Added Volume : /workdir/hadoop-ozone/integration-test/target/test-dir/MiniOzoneClusterImpl-576b2c35-ac69-4444-aca8-a582a9984376/datanode-5/data/containers/hdds to VolumeSet
2019-10-04 06:14:29,918 [main] INFO  volume.ThrottledAsyncChecker (ThrottledAsyncChecker.java:schedule(139)) - Scheduling a check for org.apache.hadoop.ozone.container.common.volume.HddsVolume@4602f874
2019-10-04 06:14:29,919 [main] INFO  volume.HddsVolumeChecker (HddsVolumeChecker.java:checkAllVolumes(202)) - Scheduled health check for volume org.apache.hadoop.ozone.container.common.volume.HddsVolume@4602f874
2019-10-04 06:14:29,936 [main] INFO  impl.RaftServerProxy (ConfUtils.java:logGet(43)) - raft.rpc.type = GRPC (default)
2019-10-04 06:14:29,936 [main] INFO  grpc.GrpcFactory (GrpcFactory.java:checkPooledByteBufAllocatorUseCacheForAllThreads(45)) - PERFORMANCE WARNING: useCacheForAllThreads is true that may cause Netty to create a lot garbage objects and, as a result, trigger GC.
	It is recommended to disable useCacheForAllThreads by setting -Dorg.apache.ratis.thirdparty.io.netty.allocator.useCacheForAllThreads=false in command line.
2019-10-04 06:14:29,937 [main] INFO  grpc.GrpcConfigKeys$Server (ConfUtils.java:logGet(43)) - raft.grpc.server.port = 0 (default)
2019-10-04 06:14:29,937 [main] INFO  server.GrpcService (ConfUtils.java:logGet(43)) - raft.grpc.message.size.max = 33570816 (custom)
2019-10-04 06:14:29,937 [main] INFO  server.RaftServerConfigKeys (ConfUtils.java:logGet(43)) - raft.server.log.appender.buffer.byte-limit = 33554432 (custom)
2019-10-04 06:14:29,937 [main] INFO  server.GrpcService (ConfUtils.java:logGet(43)) - raft.grpc.flow.control.window = 1MB (=1048576) (default)
2019-10-04 06:14:29,938 [main] INFO  server.RaftServerConfigKeys (ConfUtils.java:logGet(43)) - raft.server.rpc.request.timeout = 3000ms (default)
2019-10-04 06:14:29,938 [main] INFO  server.RaftServerConfigKeys (ConfUtils.java:logGet(43)) - raft.server.storage.dir = [/workdir/hadoop-ozone/integration-test/target/test-dir/MiniOzoneClusterImpl-576b2c35-ac69-4444-aca8-a582a9984376/datanode-5/data/ratis] (custom)
2019-10-04 06:14:29,939 [main] INFO  hdfs.DFSUtil (DFSUtil.java:httpServerTemplateForNNAndJN(1641)) - Starting Web-server for hddsDatanode at: http://0.0.0.0:0
2019-10-04 06:14:29,941 [main] INFO  server.AuthenticationFilter (AuthenticationFilter.java:constructSecretProvider(240)) - Unable to initialize FileSignerSecretProvider, falling back to use random secrets.
2019-10-04 06:14:29,941 [main] WARN  http.HttpRequestLog (HttpRequestLog.java:getRequestLog(97)) - Jetty request log can only be enabled using Log4j
2019-10-04 06:14:29,943 [main] INFO  http.HttpServer2 (HttpServer2.java:addGlobalFilter(975)) - Added global filter 'safety' (class=org.apache.hadoop.http.HttpServer2$QuotingInputFilter)
2019-10-04 06:14:29,943 [main] INFO  http.HttpServer2 (HttpServer2.java:addFilter(948)) - Added filter static_user_filter (class=org.apache.hadoop.http.lib.StaticUserWebFilter$StaticUserFilter) to context hddsDatanode
2019-10-04 06:14:29,944 [main] INFO  http.HttpServer2 (HttpServer2.java:addFilter(958)) - Added filter static_user_filter (class=org.apache.hadoop.http.lib.StaticUserWebFilter$StaticUserFilter) to context static
2019-10-04 06:14:29,944 [main] INFO  http.HttpServer2 (HttpServer2.java:addFilter(958)) - Added filter static_user_filter (class=org.apache.hadoop.http.lib.StaticUserWebFilter$StaticUserFilter) to context logs
2019-10-04 06:14:29,945 [main] INFO  http.HttpServer2 (HttpServer2.java:bindListener(1191)) - Jetty bound to port 42432
2019-10-04 06:14:29,945 [main] INFO  server.Server (Server.java:doStart(351)) - jetty-9.3.25.v20180904, build timestamp: 2018-09-04T21:11:46Z, git hash: 3ce520221d0240229c862b122d2b06c12a625732
2019-10-04 06:14:29,948 [main] INFO  handler.ContextHandler (ContextHandler.java:doStart(781)) - Started o.e.j.s.ServletContextHandler@6b4a4e40{/logs,file:///workdir/hadoop-ozone/integration-test/target/log,AVAILABLE}
2019-10-04 06:14:29,948 [main] INFO  handler.ContextHandler (ContextHandler.java:doStart(781)) - Started o.e.j.s.ServletContextHandler@4f664bee{/static,jar:file:/home/user/.m2/repository/org/apache/hadoop/hadoop-hdds-container-service/0.5.0-SNAPSHOT/hadoop-hdds-container-service-0.5.0-SNAPSHOT.jar!/webapps/static,AVAILABLE}
2019-10-04 06:14:29,984 [main] INFO  handler.ContextHandler (ContextHandler.java:doStart(781)) - Started o.e.j.w.WebAppContext@216c22ce{/,file:///tmp/jetty-0.0.0.0-42432-hddsDatanode-_-any-3573279432817119285.dir/webapp/,AVAILABLE}{/hddsDatanode}
2019-10-04 06:14:29,985 [main] INFO  server.AbstractConnector (AbstractConnector.java:doStart(278)) - Started ServerConnector@62f9c790{HTTP/1.1,[http/1.1]}{0.0.0.0:42432}
2019-10-04 06:14:29,987 [main] INFO  server.Server (Server.java:doStart(419)) - Started @238208ms
2019-10-04 06:14:29,987 [main] WARN  impl.MetricsSystemImpl (MetricsSystemImpl.java:register(276)) - Sink prometheus already exists!
2019-10-04 06:14:29,988 [main] INFO  server.BaseHttpServer (BaseHttpServer.java:updateConnectorAddress(215)) - HTTP server of HDDSDATANODE is listening at http://0.0.0.0:42432
2019-10-04 06:14:29,988 [main] INFO  impl.MetricsSystemImpl (MetricsSystemImpl.java:init(158)) - HddsDatanode metrics system started (again)
2019-10-04 06:14:29,994 [org.apache.hadoop.util.JvmPauseMonitor$Monitor@6dd90ec1] INFO  util.JvmPauseMonitor (JvmPauseMonitor.java:run(188)) - Starting JVM pause monitor
2019-10-04 06:14:29,994 [main] INFO  ozone.HddsDatanodeService (HddsDatanodeService.java:start(184)) - HddsDatanodeService host:pr-hdds-2222-2jdkn-3249983734 ip:192.168.164.222
2019-10-04 06:14:29,995 [Datanode State Machine Thread - 0] INFO  datanode.InitDatanodeState (InitDatanodeState.java:persistContainerDatanodeDetails(140)) - DatanodeDetails is persisted to /workdir/hadoop-ozone/integration-test/target/test-dir/MiniOzoneClusterImpl-576b2c35-ac69-4444-aca8-a582a9984376/datanode-5/meta/datanode.id
2019-10-04 06:14:30,001 [main] INFO  volume.HddsVolume (HddsVolume.java:<init>(176)) - Creating Volume: /workdir/hadoop-ozone/integration-test/target/test-dir/MiniOzoneClusterImpl-576b2c35-ac69-4444-aca8-a582a9984376/datanode-6/data/containers/hdds of  storage type : DISK and capacity : 1482555576320
2019-10-04 06:14:30,001 [main] INFO  volume.VolumeSet (VolumeSet.java:initializeVolumeSet(170)) - Added Volume : /workdir/hadoop-ozone/integration-test/target/test-dir/MiniOzoneClusterImpl-576b2c35-ac69-4444-aca8-a582a9984376/datanode-6/data/containers/hdds to VolumeSet
2019-10-04 06:14:30,001 [main] INFO  volume.ThrottledAsyncChecker (ThrottledAsyncChecker.java:schedule(139)) - Scheduling a check for org.apache.hadoop.ozone.container.common.volume.HddsVolume@46468f0
2019-10-04 06:14:30,002 [main] INFO  volume.HddsVolumeChecker (HddsVolumeChecker.java:checkAllVolumes(202)) - Scheduled health check for volume org.apache.hadoop.ozone.container.common.volume.HddsVolume@46468f0
2019-10-04 06:14:30,016 [main] INFO  impl.RaftServerProxy (ConfUtils.java:logGet(43)) - raft.rpc.type = GRPC (default)
2019-10-04 06:14:30,016 [main] INFO  grpc.GrpcFactory (GrpcFactory.java:checkPooledByteBufAllocatorUseCacheForAllThreads(45)) - PERFORMANCE WARNING: useCacheForAllThreads is true that may cause Netty to create a lot garbage objects and, as a result, trigger GC.
	It is recommended to disable useCacheForAllThreads by setting -Dorg.apache.ratis.thirdparty.io.netty.allocator.useCacheForAllThreads=false in command line.
2019-10-04 06:14:30,016 [main] INFO  grpc.GrpcConfigKeys$Server (ConfUtils.java:logGet(43)) - raft.grpc.server.port = 0 (default)
2019-10-04 06:14:30,016 [main] INFO  server.GrpcService (ConfUtils.java:logGet(43)) - raft.grpc.message.size.max = 33570816 (custom)
2019-10-04 06:14:30,017 [main] INFO  server.RaftServerConfigKeys (ConfUtils.java:logGet(43)) - raft.server.log.appender.buffer.byte-limit = 33554432 (custom)
2019-10-04 06:14:30,017 [main] INFO  server.GrpcService (ConfUtils.java:logGet(43)) - raft.grpc.flow.control.window = 1MB (=1048576) (default)
2019-10-04 06:14:30,017 [main] INFO  server.RaftServerConfigKeys (ConfUtils.java:logGet(43)) - raft.server.rpc.request.timeout = 3000ms (default)
2019-10-04 06:14:30,017 [main] INFO  server.RaftServerConfigKeys (ConfUtils.java:logGet(43)) - raft.server.storage.dir = [/workdir/hadoop-ozone/integration-test/target/test-dir/MiniOzoneClusterImpl-576b2c35-ac69-4444-aca8-a582a9984376/datanode-6/data/ratis] (custom)
2019-10-04 06:14:30,018 [main] INFO  hdfs.DFSUtil (DFSUtil.java:httpServerTemplateForNNAndJN(1641)) - Starting Web-server for hddsDatanode at: http://0.0.0.0:0
2019-10-04 06:14:30,019 [main] INFO  server.AuthenticationFilter (AuthenticationFilter.java:constructSecretProvider(240)) - Unable to initialize FileSignerSecretProvider, falling back to use random secrets.
2019-10-04 06:14:30,020 [main] WARN  http.HttpRequestLog (HttpRequestLog.java:getRequestLog(97)) - Jetty request log can only be enabled using Log4j
2019-10-04 06:14:30,021 [main] INFO  http.HttpServer2 (HttpServer2.java:addGlobalFilter(975)) - Added global filter 'safety' (class=org.apache.hadoop.http.HttpServer2$QuotingInputFilter)
2019-10-04 06:14:30,021 [main] INFO  http.HttpServer2 (HttpServer2.java:addFilter(948)) - Added filter static_user_filter (class=org.apache.hadoop.http.lib.StaticUserWebFilter$StaticUserFilter) to context hddsDatanode
2019-10-04 06:14:30,021 [main] INFO  http.HttpServer2 (HttpServer2.java:addFilter(958)) - Added filter static_user_filter (class=org.apache.hadoop.http.lib.StaticUserWebFilter$StaticUserFilter) to context static
2019-10-04 06:14:30,022 [main] INFO  http.HttpServer2 (HttpServer2.java:addFilter(958)) - Added filter static_user_filter (class=org.apache.hadoop.http.lib.StaticUserWebFilter$StaticUserFilter) to context logs
2019-10-04 06:14:30,022 [main] INFO  http.HttpServer2 (HttpServer2.java:bindListener(1191)) - Jetty bound to port 42274
2019-10-04 06:14:30,022 [main] INFO  server.Server (Server.java:doStart(351)) - jetty-9.3.25.v20180904, build timestamp: 2018-09-04T21:11:46Z, git hash: 3ce520221d0240229c862b122d2b06c12a625732
2019-10-04 06:14:30,024 [main] INFO  handler.ContextHandler (ContextHandler.java:doStart(781)) - Started o.e.j.s.ServletContextHandler@238291d4{/logs,file:///workdir/hadoop-ozone/integration-test/target/log,AVAILABLE}
2019-10-04 06:14:30,024 [main] INFO  handler.ContextHandler (ContextHandler.java:doStart(781)) - Started o.e.j.s.ServletContextHandler@681e913c{/static,jar:file:/home/user/.m2/repository/org/apache/hadoop/hadoop-hdds-container-service/0.5.0-SNAPSHOT/hadoop-hdds-container-service-0.5.0-SNAPSHOT.jar!/webapps/static,AVAILABLE}
2019-10-04 06:14:30,052 [main] INFO  handler.ContextHandler (ContextHandler.java:doStart(781)) - Started o.e.j.w.WebAppContext@68e2d03e{/,file:///tmp/jetty-0.0.0.0-42274-hddsDatanode-_-any-8395800962866634608.dir/webapp/,AVAILABLE}{/hddsDatanode}
2019-10-04 06:14:30,052 [main] INFO  server.AbstractConnector (AbstractConnector.java:doStart(278)) - Started ServerConnector@120aa40b{HTTP/1.1,[http/1.1]}{0.0.0.0:42274}
2019-10-04 06:14:30,054 [main] INFO  server.Server (Server.java:doStart(419)) - Started @238276ms
2019-10-04 06:14:30,054 [main] WARN  impl.MetricsSystemImpl (MetricsSystemImpl.java:register(276)) - Sink prometheus already exists!
2019-10-04 06:14:30,055 [main] INFO  server.BaseHttpServer (BaseHttpServer.java:updateConnectorAddress(215)) - HTTP server of HDDSDATANODE is listening at http://0.0.0.0:42274
2019-10-04 06:14:30,056 [main] INFO  ozone.MiniOzoneClusterImpl (MiniOzoneClusterImpl.java:lambda$waitForClusterToBeReady$0(147)) - Waiting for cluster to be ready. Got 0 of 7 DN Heartbeats.
2019-10-04 06:14:30,057 [org.apache.hadoop.util.JvmPauseMonitor$Monitor@65b0c35] INFO  util.JvmPauseMonitor (JvmPauseMonitor.java:run(188)) - Starting JVM pause monitor
2019-10-04 06:14:30,058 [Datanode State Machine Thread - 0] INFO  datanode.InitDatanodeState (InitDatanodeState.java:persistContainerDatanodeDetails(140)) - DatanodeDetails is persisted to /workdir/hadoop-ozone/integration-test/target/test-dir/MiniOzoneClusterImpl-576b2c35-ac69-4444-aca8-a582a9984376/datanode-6/meta/datanode.id
2019-10-04 06:14:31,060 [main] INFO  ozone.MiniOzoneClusterImpl (MiniOzoneClusterImpl.java:lambda$waitForClusterToBeReady$0(147)) - Waiting for cluster to be ready. Got 0 of 7 DN Heartbeats.
2019-10-04 06:14:31,635 [Datanode State Machine Thread - 0] INFO  ozoneimpl.OzoneContainer (OzoneContainer.java:start(217)) - Attempting to start container services.
2019-10-04 06:14:31,635 [Datanode State Machine Thread - 0] INFO  ozoneimpl.OzoneContainer (OzoneContainer.java:startContainerScrub(179)) - Background container scanner has been disabled.
2019-10-04 06:14:31,636 [Datanode State Machine Thread - 0] INFO  ratis.XceiverServerRatis (XceiverServerRatis.java:start(417)) - Starting XceiverServerRatis dd92c35c-5fa8-48da-9554-f6cb2f3a1c14 at port 0
2019-10-04 06:14:31,643 [Datanode State Machine Thread - 0] INFO  impl.RaftServerProxy (RaftServerProxy.java:lambda$start$3(299)) - dd92c35c-5fa8-48da-9554-f6cb2f3a1c14: start RPC server
2019-10-04 06:14:31,646 [Datanode State Machine Thread - 0] INFO  server.GrpcService (GrpcService.java:startImpl(158)) - dd92c35c-5fa8-48da-9554-f6cb2f3a1c14: GrpcService started, listening on 0.0.0.0/0.0.0.0:40598
2019-10-04 06:14:31,646 [Datanode State Machine Thread - 0] INFO  ratis.XceiverServerRatis (XceiverServerRatis.java:start(427)) - XceiverServerRatis dd92c35c-5fa8-48da-9554-f6cb2f3a1c14 is started using port 40598
2019-10-04 06:14:31,647 [Datanode State Machine Thread - 0] INFO  server.XceiverServerGrpc (XceiverServerGrpc.java:start(149)) - XceiverServerGrpc dd92c35c-5fa8-48da-9554-f6cb2f3a1c14 is started using port 44973
2019-10-04 06:14:31,676 [Datanode State Machine Thread - 0] INFO  ozoneimpl.OzoneContainer (OzoneContainer.java:start(217)) - Attempting to start container services.
2019-10-04 06:14:31,676 [Datanode State Machine Thread - 0] INFO  ozoneimpl.OzoneContainer (OzoneContainer.java:startContainerScrub(179)) - Background container scanner has been disabled.
2019-10-04 06:14:31,676 [Datanode State Machine Thread - 0] INFO  ratis.XceiverServerRatis (XceiverServerRatis.java:start(417)) - Starting XceiverServerRatis f9a38edd-6d34-495d-b306-3dd48f703dbc at port 0
2019-10-04 06:14:31,683 [Datanode State Machine Thread - 0] INFO  impl.RaftServerProxy (RaftServerProxy.java:lambda$start$3(299)) - f9a38edd-6d34-495d-b306-3dd48f703dbc: start RPC server
2019-10-04 06:14:31,685 [Datanode State Machine Thread - 0] INFO  server.GrpcService (GrpcService.java:startImpl(158)) - f9a38edd-6d34-495d-b306-3dd48f703dbc: GrpcService started, listening on 0.0.0.0/0.0.0.0:41974
2019-10-04 06:14:31,685 [Datanode State Machine Thread - 0] INFO  ratis.XceiverServerRatis (XceiverServerRatis.java:start(427)) - XceiverServerRatis f9a38edd-6d34-495d-b306-3dd48f703dbc is started using port 41974
2019-10-04 06:14:31,691 [Datanode State Machine Thread - 0] INFO  server.XceiverServerGrpc (XceiverServerGrpc.java:start(149)) - XceiverServerGrpc f9a38edd-6d34-495d-b306-3dd48f703dbc is started using port 42890
2019-10-04 06:14:31,765 [Datanode State Machine Thread - 0] INFO  ozoneimpl.OzoneContainer (OzoneContainer.java:start(217)) - Attempting to start container services.
2019-10-04 06:14:31,766 [Datanode State Machine Thread - 0] INFO  ozoneimpl.OzoneContainer (OzoneContainer.java:startContainerScrub(179)) - Background container scanner has been disabled.
2019-10-04 06:14:31,766 [Datanode State Machine Thread - 0] INFO  ratis.XceiverServerRatis (XceiverServerRatis.java:start(417)) - Starting XceiverServerRatis a8cb0361-a296-4325-ab14-c72f3c1f53c2 at port 0
2019-10-04 06:14:31,771 [Datanode State Machine Thread - 0] INFO  impl.RaftServerProxy (RaftServerProxy.java:lambda$start$3(299)) - a8cb0361-a296-4325-ab14-c72f3c1f53c2: start RPC server
2019-10-04 06:14:31,772 [Datanode State Machine Thread - 0] INFO  server.GrpcService (GrpcService.java:startImpl(158)) - a8cb0361-a296-4325-ab14-c72f3c1f53c2: GrpcService started, listening on 0.0.0.0/0.0.0.0:41475
2019-10-04 06:14:31,772 [Datanode State Machine Thread - 0] INFO  ratis.XceiverServerRatis (XceiverServerRatis.java:start(427)) - XceiverServerRatis a8cb0361-a296-4325-ab14-c72f3c1f53c2 is started using port 41475
2019-10-04 06:14:31,773 [Datanode State Machine Thread - 0] INFO  server.XceiverServerGrpc (XceiverServerGrpc.java:start(149)) - XceiverServerGrpc a8cb0361-a296-4325-ab14-c72f3c1f53c2 is started using port 38214
2019-10-04 06:14:31,851 [Datanode State Machine Thread - 0] INFO  ozoneimpl.OzoneContainer (OzoneContainer.java:start(217)) - Attempting to start container services.
2019-10-04 06:14:31,851 [Datanode State Machine Thread - 0] INFO  ozoneimpl.OzoneContainer (OzoneContainer.java:startContainerScrub(179)) - Background container scanner has been disabled.
2019-10-04 06:14:31,851 [Datanode State Machine Thread - 0] INFO  ratis.XceiverServerRatis (XceiverServerRatis.java:start(417)) - Starting XceiverServerRatis 0c8f8237-245c-4663-9377-ac8b3d2a290c at port 0
2019-10-04 06:14:31,861 [Datanode State Machine Thread - 0] INFO  impl.RaftServerProxy (RaftServerProxy.java:lambda$start$3(299)) - 0c8f8237-245c-4663-9377-ac8b3d2a290c: start RPC server
2019-10-04 06:14:31,862 [Datanode State Machine Thread - 0] INFO  server.GrpcService (GrpcService.java:startImpl(158)) - 0c8f8237-245c-4663-9377-ac8b3d2a290c: GrpcService started, listening on 0.0.0.0/0.0.0.0:44739
2019-10-04 06:14:31,863 [Datanode State Machine Thread - 0] INFO  ratis.XceiverServerRatis (XceiverServerRatis.java:start(427)) - XceiverServerRatis 0c8f8237-245c-4663-9377-ac8b3d2a290c is started using port 44739
2019-10-04 06:14:31,863 [Datanode State Machine Thread - 0] INFO  server.XceiverServerGrpc (XceiverServerGrpc.java:start(149)) - XceiverServerGrpc 0c8f8237-245c-4663-9377-ac8b3d2a290c is started using port 37948
2019-10-04 06:14:31,922 [Datanode State Machine Thread - 0] INFO  ozoneimpl.OzoneContainer (OzoneContainer.java:start(217)) - Attempting to start container services.
2019-10-04 06:14:31,923 [Datanode State Machine Thread - 0] INFO  ozoneimpl.OzoneContainer (OzoneContainer.java:startContainerScrub(179)) - Background container scanner has been disabled.
2019-10-04 06:14:31,923 [Datanode State Machine Thread - 0] INFO  ratis.XceiverServerRatis (XceiverServerRatis.java:start(417)) - Starting XceiverServerRatis fbeba96c-4cf6-47d6-9be9-907e9de679c5 at port 0
2019-10-04 06:14:31,928 [Datanode State Machine Thread - 0] INFO  impl.RaftServerProxy (RaftServerProxy.java:lambda$start$3(299)) - fbeba96c-4cf6-47d6-9be9-907e9de679c5: start RPC server
2019-10-04 06:14:31,928 [Datanode State Machine Thread - 0] INFO  server.GrpcService (GrpcService.java:startImpl(158)) - fbeba96c-4cf6-47d6-9be9-907e9de679c5: GrpcService started, listening on 0.0.0.0/0.0.0.0:43337
2019-10-04 06:14:31,928 [Datanode State Machine Thread - 0] INFO  ratis.XceiverServerRatis (XceiverServerRatis.java:start(427)) - XceiverServerRatis fbeba96c-4cf6-47d6-9be9-907e9de679c5 is started using port 43337
2019-10-04 06:14:31,929 [Datanode State Machine Thread - 0] INFO  server.XceiverServerGrpc (XceiverServerGrpc.java:start(149)) - XceiverServerGrpc fbeba96c-4cf6-47d6-9be9-907e9de679c5 is started using port 40895
2019-10-04 06:14:32,009 [Datanode State Machine Thread - 0] INFO  ozoneimpl.OzoneContainer (OzoneContainer.java:start(217)) - Attempting to start container services.
2019-10-04 06:14:32,009 [Datanode State Machine Thread - 0] INFO  ozoneimpl.OzoneContainer (OzoneContainer.java:startContainerScrub(179)) - Background container scanner has been disabled.
2019-10-04 06:14:32,010 [Datanode State Machine Thread - 0] INFO  ratis.XceiverServerRatis (XceiverServerRatis.java:start(417)) - Starting XceiverServerRatis 504d9125-0d80-41e0-a1a9-8a8df4d27901 at port 0
2019-10-04 06:14:32,017 [Datanode State Machine Thread - 0] INFO  impl.RaftServerProxy (RaftServerProxy.java:lambda$start$3(299)) - 504d9125-0d80-41e0-a1a9-8a8df4d27901: start RPC server
2019-10-04 06:14:32,018 [Datanode State Machine Thread - 0] INFO  server.GrpcService (GrpcService.java:startImpl(158)) - 504d9125-0d80-41e0-a1a9-8a8df4d27901: GrpcService started, listening on 0.0.0.0/0.0.0.0:33712
2019-10-04 06:14:32,018 [Datanode State Machine Thread - 0] INFO  ratis.XceiverServerRatis (XceiverServerRatis.java:start(427)) - XceiverServerRatis 504d9125-0d80-41e0-a1a9-8a8df4d27901 is started using port 33712
2019-10-04 06:14:32,018 [Datanode State Machine Thread - 0] INFO  server.XceiverServerGrpc (XceiverServerGrpc.java:start(149)) - XceiverServerGrpc 504d9125-0d80-41e0-a1a9-8a8df4d27901 is started using port 36606
2019-10-04 06:14:32,063 [main] INFO  ozone.MiniOzoneClusterImpl (MiniOzoneClusterImpl.java:lambda$waitForClusterToBeReady$0(147)) - Waiting for cluster to be ready. Got 0 of 7 DN Heartbeats.
2019-10-04 06:14:32,072 [Datanode State Machine Thread - 0] INFO  ozoneimpl.OzoneContainer (OzoneContainer.java:start(217)) - Attempting to start container services.
2019-10-04 06:14:32,072 [Datanode State Machine Thread - 0] INFO  ozoneimpl.OzoneContainer (OzoneContainer.java:startContainerScrub(179)) - Background container scanner has been disabled.
2019-10-04 06:14:32,072 [Datanode State Machine Thread - 0] INFO  ratis.XceiverServerRatis (XceiverServerRatis.java:start(417)) - Starting XceiverServerRatis 41c3a30f-f982-4f7c-88a6-c7684dbd713a at port 0
2019-10-04 06:14:32,080 [Datanode State Machine Thread - 0] INFO  impl.RaftServerProxy (RaftServerProxy.java:lambda$start$3(299)) - 41c3a30f-f982-4f7c-88a6-c7684dbd713a: start RPC server
2019-10-04 06:14:32,083 [Datanode State Machine Thread - 0] INFO  server.GrpcService (GrpcService.java:startImpl(158)) - 41c3a30f-f982-4f7c-88a6-c7684dbd713a: GrpcService started, listening on 0.0.0.0/0.0.0.0:34146
2019-10-04 06:14:32,083 [Datanode State Machine Thread - 0] INFO  ratis.XceiverServerRatis (XceiverServerRatis.java:start(427)) - XceiverServerRatis 41c3a30f-f982-4f7c-88a6-c7684dbd713a is started using port 34146
2019-10-04 06:14:32,084 [Datanode State Machine Thread - 0] INFO  server.XceiverServerGrpc (XceiverServerGrpc.java:start(149)) - XceiverServerGrpc 41c3a30f-f982-4f7c-88a6-c7684dbd713a is started using port 33177
2019-10-04 06:14:33,063 [main] INFO  ozone.MiniOzoneClusterImpl (MiniOzoneClusterImpl.java:lambda$waitForClusterToBeReady$0(147)) - Waiting for cluster to be ready. Got 0 of 7 DN Heartbeats.
2019-10-04 06:14:33,594 [IPC Server handler 5 on 36309] INFO  net.NetworkTopology (NetworkTopologyImpl.java:add(111)) - Added a new node: /default-rack/dd92c35c-5fa8-48da-9554-f6cb2f3a1c14
2019-10-04 06:14:33,598 [IPC Server handler 5 on 36309] INFO  node.SCMNodeManager (SCMNodeManager.java:register(266)) - Registered Data node : dd92c35c-5fa8-48da-9554-f6cb2f3a1c14{ip: 192.168.164.222, host: pr-hdds-2222-2jdkn-3249983734, networkLocation: /default-rack, certSerialId: null}
2019-10-04 06:14:33,600 [EventQueue-NodeRegistrationContainerReportForDataNodeSafeModeRule] INFO  safemode.SCMSafeModeManager (DataNodeSafeModeRule.java:process(71)) - SCM in safe mode. 1 DataNodes registered, 1 required.
2019-10-04 06:14:33,603 [EventQueue-NodeRegistrationContainerReportForDataNodeSafeModeRule] INFO  safemode.SCMSafeModeManager (SCMSafeModeManager.java:validateSafeModeExitRules(177)) - ScmSafeModeManager, all rules are successfully validated
2019-10-04 06:14:33,603 [EventQueue-NodeRegistrationContainerReportForDataNodeSafeModeRule] INFO  safemode.SCMSafeModeManager (SCMSafeModeManager.java:exitSafeMode(193)) - SCM exiting safe mode.
2019-10-04 06:14:33,614 [grpc-default-executor-5] INFO  impl.RaftServerProxy (RaftServerProxy.java:addNew(89)) - dd92c35c-5fa8-48da-9554-f6cb2f3a1c14: addNew group-3609C4E4DBFA:[dd92c35c-5fa8-48da-9554-f6cb2f3a1c14:192.168.164.222:40598] returns group-3609C4E4DBFA:java.util.concurrent.CompletableFuture@6f7eee09[Not completed]
2019-10-04 06:14:33,618 [pool-383-thread-1] INFO  impl.RaftServerImpl (RaftServerImpl.java:<init>(95)) - dd92c35c-5fa8-48da-9554-f6cb2f3a1c14: new RaftServerImpl for group-3609C4E4DBFA:[dd92c35c-5fa8-48da-9554-f6cb2f3a1c14:192.168.164.222:40598] with ContainerStateMachine:uninitialized
2019-10-04 06:14:33,618 [pool-383-thread-1] INFO  server.RaftServerConfigKeys (ConfUtils.java:logGet(43)) - raft.server.rpc.timeout.min = 5s (custom)
2019-10-04 06:14:33,618 [pool-383-thread-1] INFO  server.RaftServerConfigKeys (ConfUtils.java:logGet(43)) - raft.server.rpc.timeout.max = 5200ms (custom)
2019-10-04 06:14:33,618 [pool-383-thread-1] INFO  server.RaftServerConfigKeys (ConfUtils.java:logGet(43)) - raft.server.rpcslowness.timeout = 120s (custom)
2019-10-04 06:14:33,618 [pool-383-thread-1] INFO  server.RaftServerConfigKeys (ConfUtils.java:logGet(43)) - raft.server.sleep.deviation.threshold = 300 (default)
2019-10-04 06:14:33,619 [pool-383-thread-1] INFO  server.RaftServerConfigKeys (ConfUtils.java:logGet(43)) - raft.server.log.appender.install.snapshot.enabled = false (custom)
2019-10-04 06:14:33,619 [pool-383-thread-1] INFO  impl.RaftServerImpl (ServerState.java:<init>(103)) - dd92c35c-5fa8-48da-9554-f6cb2f3a1c14@group-3609C4E4DBFA: ConfigurationManager, init=-1: [dd92c35c-5fa8-48da-9554-f6cb2f3a1c14:192.168.164.222:40598], old=null, confs=<EMPTY_MAP>
2019-10-04 06:14:33,619 [pool-383-thread-1] INFO  server.RaftServerConfigKeys (ConfUtils.java:logGet(43)) - raft.server.storage.dir = [/workdir/hadoop-ozone/integration-test/target/test-dir/MiniOzoneClusterImpl-576b2c35-ac69-4444-aca8-a582a9984376/datanode-0/data/ratis] (custom)
2019-10-04 06:14:33,620 [pool-383-thread-1] INFO  server.RaftServerConfigKeys (ConfUtils.java:logGet(43)) - raft.server.log.corruption.policy = EXCEPTION (default)
2019-10-04 06:14:33,620 [pool-383-thread-1] INFO  storage.RaftStorageDirectory (RaftStorageDirectory.java:analyzeStorage(246)) - The storage directory /workdir/hadoop-ozone/integration-test/target/test-dir/MiniOzoneClusterImpl-576b2c35-ac69-4444-aca8-a582a9984376/datanode-0/data/ratis/3df7b266-4d53-4754-8724-3609c4e4dbfa does not exist. Creating ...
2019-10-04 06:14:33,633 [pool-383-thread-1] INFO  storage.RaftStorageDirectory (RaftStorageDirectory.java:tryLock(328)) - Lock on /workdir/hadoop-ozone/integration-test/target/test-dir/MiniOzoneClusterImpl-576b2c35-ac69-4444-aca8-a582a9984376/datanode-0/data/ratis/3df7b266-4d53-4754-8724-3609c4e4dbfa/in_use.lock acquired by nodename 15560@pr-hdds-2222-2jdkn-3249983734
2019-10-04 06:14:33,648 [pool-383-thread-1] INFO  storage.RaftStorage (RaftStorage.java:format(84)) - Storage directory /workdir/hadoop-ozone/integration-test/target/test-dir/MiniOzoneClusterImpl-576b2c35-ac69-4444-aca8-a582a9984376/datanode-0/data/ratis/3df7b266-4d53-4754-8724-3609c4e4dbfa has been successfully formatted.
2019-10-04 06:14:33,648 [pool-383-thread-1] INFO  ratis.ContainerStateMachine (ContainerStateMachine.java:loadSnapshot(230)) - group-3609C4E4DBFA: The snapshot info is null. Setting the last applied indexto:(t:0, i:~)
2019-10-04 06:14:33,648 [pool-383-thread-1] INFO  server.RaftServerConfigKeys (ConfUtils.java:logGet(43)) - raft.server.notification.no-leader.timeout = 120s (custom)
2019-10-04 06:14:33,649 [pool-383-thread-1] INFO  server.RaftServerConfigKeys (ConfUtils.java:logGet(43)) - raft.server.log.use.memory = false (default)
2019-10-04 06:14:33,649 [pool-383-thread-1] INFO  server.RaftServerConfigKeys (ConfUtils.java:logGet(43)) - raft.server.log.purge.gap = 1000000 (custom)
2019-10-04 06:14:33,649 [pool-383-thread-1] INFO  server.RaftServerConfigKeys (ConfUtils.java:logGet(43)) - raft.server.log.appender.buffer.byte-limit = 33554432 (custom)
2019-10-04 06:14:33,649 [pool-383-thread-1] INFO  server.RaftServerConfigKeys (ConfUtils.java:logGet(43)) - raft.server.log.segment.size.max = 1048576 (custom)
2019-10-04 06:14:33,652 [pool-383-thread-1] INFO  server.RaftServerConfigKeys (ConfUtils.java:logGet(43)) - raft.server.log.segment.cache.num.max = 2 (custom)
2019-10-04 06:14:33,653 [pool-383-thread-1] INFO  segmented.SegmentedRaftLogWorker (SegmentedRaftLogWorker.java:<init>(173)) - new dd92c35c-5fa8-48da-9554-f6cb2f3a1c14@group-3609C4E4DBFA-SegmentedRaftLogWorker for RaftStorage:Storage Directory /workdir/hadoop-ozone/integration-test/target/test-dir/MiniOzoneClusterImpl-576b2c35-ac69-4444-aca8-a582a9984376/datanode-0/data/ratis/3df7b266-4d53-4754-8724-3609c4e4dbfa
2019-10-04 06:14:33,653 [pool-383-thread-1] INFO  server.RaftServerConfigKeys (ConfUtils.java:logGet(43)) - raft.server.log.queue.byte-limit = 2147483647 (custom)
2019-10-04 06:14:33,653 [pool-383-thread-1] INFO  server.RaftServerConfigKeys (ConfUtils.java:logGet(43)) - raft.server.log.queue.element-limit = 1024 (custom)
2019-10-04 06:14:33,653 [pool-383-thread-1] INFO  server.RaftServerConfigKeys (ConfUtils.java:logGet(43)) - raft.server.log.segment.size.max = 1048576 (custom)
2019-10-04 06:14:33,653 [pool-383-thread-1] INFO  server.RaftServerConfigKeys (ConfUtils.java:logGet(43)) - raft.server.log.preallocated.size = 16384 (custom)
2019-10-04 06:14:33,653 [pool-383-thread-1] INFO  server.RaftServerConfigKeys (ConfUtils.java:logGet(43)) - raft.server.log.write.buffer.size = 33554432 (custom)
2019-10-04 06:14:33,654 [pool-383-thread-1] INFO  server.RaftServerConfigKeys (ConfUtils.java:logGet(43)) - raft.server.log.force.sync.num = 128 (default)
2019-10-04 06:14:33,654 [pool-383-thread-1] INFO  server.RaftServerConfigKeys (ConfUtils.java:logGet(43)) - raft.server.log.statemachine.data.sync = true (default)
2019-10-04 06:14:33,654 [pool-383-thread-1] INFO  server.RaftServerConfigKeys (ConfUtils.java:logGet(43)) - raft.server.log.statemachine.data.sync.timeout = 10s (default)
2019-10-04 06:14:33,654 [pool-383-thread-1] INFO  server.RaftServerConfigKeys (ConfUtils.java:logGet(43)) - raft.server.log.statemachine.data.sync.timeout.retry = -1 (default)
2019-10-04 06:14:33,655 [pool-383-thread-1] INFO  server.RaftServerConfigKeys (ConfUtils.java:logGet(43)) - raft.server.log.statemachine.data.caching.enabled = true (custom)
2019-10-04 06:14:33,655 [pool-383-thread-1] INFO  segmented.SegmentedRaftLogWorker (SegmentedRaftLogWorker.java:lambda$new$0(128)) - dd92c35c-5fa8-48da-9554-f6cb2f3a1c14@group-3609C4E4DBFA-SegmentedRaftLogWorker: flushIndex: setUnconditionally 0 -> -1
2019-10-04 06:14:33,656 [pool-383-thread-1] INFO  server.RaftServerConfigKeys (ConfUtils.java:logGet(43)) - raft.server.snapshot.auto.trigger.enabled = true (custom)
2019-10-04 06:14:33,656 [pool-383-thread-1] INFO  server.RaftServerConfigKeys (ConfUtils.java:logGet(43)) - raft.server.snapshot.auto.trigger.threshold = 10000 (custom)
2019-10-04 06:14:33,656 [pool-383-thread-1] INFO  server.RaftServerConfigKeys (ConfUtils.java:logGet(43)) - raft.server.snapshot.retention.file.num = 5 (custom)
2019-10-04 06:14:33,656 [pool-383-thread-1] INFO  server.RaftServerConfigKeys (ConfUtils.java:logGet(43)) - raft.server.retrycache.expirytime = 600000ms (custom)
2019-10-04 06:14:33,660 [pool-383-thread-1] INFO  impl.RaftServerImpl (RaftServerImpl.java:start(181)) - dd92c35c-5fa8-48da-9554-f6cb2f3a1c14@group-3609C4E4DBFA: start as a follower, conf=-1: [dd92c35c-5fa8-48da-9554-f6cb2f3a1c14:192.168.164.222:40598], old=null
2019-10-04 06:14:33,660 [pool-383-thread-1] INFO  impl.RaftServerImpl (RaftServerImpl.java:setRole(170)) - dd92c35c-5fa8-48da-9554-f6cb2f3a1c14@group-3609C4E4DBFA: changes role from      null to FOLLOWER at term 0 for startAsFollower
2019-10-04 06:14:33,660 [pool-383-thread-1] INFO  impl.RoleInfo (RoleInfo.java:updateAndGet(143)) - dd92c35c-5fa8-48da-9554-f6cb2f3a1c14: start FollowerState
2019-10-04 06:14:33,660 [IPC Server handler 6 on 36309] INFO  net.NetworkTopology (NetworkTopologyImpl.java:add(111)) - Added a new node: /default-rack/f9a38edd-6d34-495d-b306-3dd48f703dbc
2019-10-04 06:14:33,661 [IPC Server handler 6 on 36309] INFO  node.SCMNodeManager (SCMNodeManager.java:register(266)) - Registered Data node : f9a38edd-6d34-495d-b306-3dd48f703dbc{ip: 192.168.164.222, host: pr-hdds-2222-2jdkn-3249983734, networkLocation: /default-rack, certSerialId: null}
2019-10-04 06:14:33,661 [pool-383-thread-1] INFO  util.JmxRegister (JmxRegister.java:tryRegister(44)) - Successfully registered JMX Bean with object name Ratis:service=RaftServer,group=group-3609C4E4DBFA,id=dd92c35c-5fa8-48da-9554-f6cb2f3a1c14
2019-10-04 06:14:33,677 [RatisPipelineUtilsThread] INFO  pipeline.PipelineStateManager (PipelineStateManager.java:addPipeline(56)) - Created pipeline Pipeline[ Id: 3df7b266-4d53-4754-8724-3609c4e4dbfa, Nodes: dd92c35c-5fa8-48da-9554-f6cb2f3a1c14{ip: 192.168.164.222, host: pr-hdds-2222-2jdkn-3249983734, networkLocation: /default-rack, certSerialId: null}, Type:RATIS, Factor:ONE, State:OPEN]
2019-10-04 06:14:33,686 [grpc-default-executor-5] INFO  impl.RaftServerProxy (RaftServerProxy.java:addNew(89)) - f9a38edd-6d34-495d-b306-3dd48f703dbc: addNew group-3210ADAE0A56:[f9a38edd-6d34-495d-b306-3dd48f703dbc:192.168.164.222:41974] returns group-3210ADAE0A56:java.util.concurrent.CompletableFuture@37093970[Not completed]
2019-10-04 06:14:33,688 [pool-393-thread-1] INFO  impl.RaftServerImpl (RaftServerImpl.java:<init>(95)) - f9a38edd-6d34-495d-b306-3dd48f703dbc: new RaftServerImpl for group-3210ADAE0A56:[f9a38edd-6d34-495d-b306-3dd48f703dbc:192.168.164.222:41974] with ContainerStateMachine:uninitialized
2019-10-04 06:14:33,688 [pool-393-thread-1] INFO  server.RaftServerConfigKeys (ConfUtils.java:logGet(43)) - raft.server.rpc.timeout.min = 5s (custom)
2019-10-04 06:14:33,688 [pool-393-thread-1] INFO  server.RaftServerConfigKeys (ConfUtils.java:logGet(43)) - raft.server.rpc.timeout.max = 5200ms (custom)
2019-10-04 06:14:33,688 [pool-393-thread-1] INFO  server.RaftServerConfigKeys (ConfUtils.java:logGet(43)) - raft.server.rpcslowness.timeout = 120s (custom)
2019-10-04 06:14:33,688 [pool-393-thread-1] INFO  server.RaftServerConfigKeys (ConfUtils.java:logGet(43)) - raft.server.sleep.deviation.threshold = 300 (default)
2019-10-04 06:14:33,689 [pool-393-thread-1] INFO  server.RaftServerConfigKeys (ConfUtils.java:logGet(43)) - raft.server.log.appender.install.snapshot.enabled = false (custom)
2019-10-04 06:14:33,689 [pool-393-thread-1] INFO  impl.RaftServerImpl (ServerState.java:<init>(103)) - f9a38edd-6d34-495d-b306-3dd48f703dbc@group-3210ADAE0A56: ConfigurationManager, init=-1: [f9a38edd-6d34-495d-b306-3dd48f703dbc:192.168.164.222:41974], old=null, confs=<EMPTY_MAP>
2019-10-04 06:14:33,689 [pool-393-thread-1] INFO  server.RaftServerConfigKeys (ConfUtils.java:logGet(43)) - raft.server.storage.dir = [/workdir/hadoop-ozone/integration-test/target/test-dir/MiniOzoneClusterImpl-576b2c35-ac69-4444-aca8-a582a9984376/datanode-1/data/ratis] (custom)
2019-10-04 06:14:33,689 [pool-393-thread-1] INFO  server.RaftServerConfigKeys (ConfUtils.java:logGet(43)) - raft.server.log.corruption.policy = EXCEPTION (default)
2019-10-04 06:14:33,690 [pool-393-thread-1] INFO  storage.RaftStorageDirectory (RaftStorageDirectory.java:analyzeStorage(246)) - The storage directory /workdir/hadoop-ozone/integration-test/target/test-dir/MiniOzoneClusterImpl-576b2c35-ac69-4444-aca8-a582a9984376/datanode-1/data/ratis/16aaafef-4139-4efb-88d7-3210adae0a56 does not exist. Creating ...
2019-10-04 06:14:33,702 [pool-393-thread-1] INFO  storage.RaftStorageDirectory (RaftStorageDirectory.java:tryLock(328)) - Lock on /workdir/hadoop-ozone/integration-test/target/test-dir/MiniOzoneClusterImpl-576b2c35-ac69-4444-aca8-a582a9984376/datanode-1/data/ratis/16aaafef-4139-4efb-88d7-3210adae0a56/in_use.lock acquired by nodename 15560@pr-hdds-2222-2jdkn-3249983734
2019-10-04 06:14:33,716 [pool-393-thread-1] INFO  storage.RaftStorage (RaftStorage.java:format(84)) - Storage directory /workdir/hadoop-ozone/integration-test/target/test-dir/MiniOzoneClusterImpl-576b2c35-ac69-4444-aca8-a582a9984376/datanode-1/data/ratis/16aaafef-4139-4efb-88d7-3210adae0a56 has been successfully formatted.
2019-10-04 06:14:33,716 [pool-393-thread-1] INFO  ratis.ContainerStateMachine (ContainerStateMachine.java:loadSnapshot(230)) - group-3210ADAE0A56: The snapshot info is null. Setting the last applied indexto:(t:0, i:~)
2019-10-04 06:14:33,717 [pool-393-thread-1] INFO  server.RaftServerConfigKeys (ConfUtils.java:logGet(43)) - raft.server.notification.no-leader.timeout = 120s (custom)
2019-10-04 06:14:33,717 [pool-393-thread-1] INFO  server.RaftServerConfigKeys (ConfUtils.java:logGet(43)) - raft.server.log.use.memory = false (default)
2019-10-04 06:14:33,717 [pool-393-thread-1] INFO  server.RaftServerConfigKeys (ConfUtils.java:logGet(43)) - raft.server.log.purge.gap = 1000000 (custom)
2019-10-04 06:14:33,717 [pool-393-thread-1] INFO  server.RaftServerConfigKeys (ConfUtils.java:logGet(43)) - raft.server.log.appender.buffer.byte-limit = 33554432 (custom)
2019-10-04 06:14:33,717 [pool-393-thread-1] INFO  server.RaftServerConfigKeys (ConfUtils.java:logGet(43)) - raft.server.log.segment.size.max = 1048576 (custom)
2019-10-04 06:14:33,719 [pool-393-thread-1] INFO  server.RaftServerConfigKeys (ConfUtils.java:logGet(43)) - raft.server.log.segment.cache.num.max = 2 (custom)
2019-10-04 06:14:33,720 [pool-393-thread-1] INFO  segmented.SegmentedRaftLogWorker (SegmentedRaftLogWorker.java:<init>(173)) - new f9a38edd-6d34-495d-b306-3dd48f703dbc@group-3210ADAE0A56-SegmentedRaftLogWorker for RaftStorage:Storage Directory /workdir/hadoop-ozone/integration-test/target/test-dir/MiniOzoneClusterImpl-576b2c35-ac69-4444-aca8-a582a9984376/datanode-1/data/ratis/16aaafef-4139-4efb-88d7-3210adae0a56
2019-10-04 06:14:33,720 [pool-393-thread-1] INFO  server.RaftServerConfigKeys (ConfUtils.java:logGet(43)) - raft.server.log.queue.byte-limit = 2147483647 (custom)
2019-10-04 06:14:33,720 [pool-393-thread-1] INFO  server.RaftServerConfigKeys (ConfUtils.java:logGet(43)) - raft.server.log.queue.element-limit = 1024 (custom)
2019-10-04 06:14:33,720 [pool-393-thread-1] INFO  server.RaftServerConfigKeys (ConfUtils.java:logGet(43)) - raft.server.log.segment.size.max = 1048576 (custom)
2019-10-04 06:14:33,720 [pool-393-thread-1] INFO  server.RaftServerConfigKeys (ConfUtils.java:logGet(43)) - raft.server.log.preallocated.size = 16384 (custom)
2019-10-04 06:14:33,721 [pool-393-thread-1] INFO  server.RaftServerConfigKeys (ConfUtils.java:logGet(43)) - raft.server.log.write.buffer.size = 33554432 (custom)
2019-10-04 06:14:33,721 [pool-393-thread-1] INFO  server.RaftServerConfigKeys (ConfUtils.java:logGet(43)) - raft.server.log.force.sync.num = 128 (default)
2019-10-04 06:14:33,721 [pool-393-thread-1] INFO  server.RaftServerConfigKeys (ConfUtils.java:logGet(43)) - raft.server.log.statemachine.data.sync = true (default)
2019-10-04 06:14:33,721 [pool-393-thread-1] INFO  server.RaftServerConfigKeys (ConfUtils.java:logGet(43)) - raft.server.log.statemachine.data.sync.timeout = 10s (default)
2019-10-04 06:14:33,721 [pool-393-thread-1] INFO  server.RaftServerConfigKeys (ConfUtils.java:logGet(43)) - raft.server.log.statemachine.data.sync.timeout.retry = -1 (default)
2019-10-04 06:14:33,722 [pool-393-thread-1] INFO  server.RaftServerConfigKeys (ConfUtils.java:logGet(43)) - raft.server.log.statemachine.data.caching.enabled = true (custom)
2019-10-04 06:14:33,722 [pool-393-thread-1] INFO  segmented.SegmentedRaftLogWorker (SegmentedRaftLogWorker.java:lambda$new$0(128)) - f9a38edd-6d34-495d-b306-3dd48f703dbc@group-3210ADAE0A56-SegmentedRaftLogWorker: flushIndex: setUnconditionally 0 -> -1
2019-10-04 06:14:33,723 [pool-393-thread-1] INFO  server.RaftServerConfigKeys (ConfUtils.java:logGet(43)) - raft.server.snapshot.auto.trigger.enabled = true (custom)
2019-10-04 06:14:33,723 [pool-393-thread-1] INFO  server.RaftServerConfigKeys (ConfUtils.java:logGet(43)) - raft.server.snapshot.auto.trigger.threshold = 10000 (custom)
2019-10-04 06:14:33,723 [pool-393-thread-1] INFO  server.RaftServerConfigKeys (ConfUtils.java:logGet(43)) - raft.server.snapshot.retention.file.num = 5 (custom)
2019-10-04 06:14:33,723 [pool-393-thread-1] INFO  server.RaftServerConfigKeys (ConfUtils.java:logGet(43)) - raft.server.retrycache.expirytime = 600000ms (custom)
2019-10-04 06:14:33,726 [pool-393-thread-1] INFO  impl.RaftServerImpl (RaftServerImpl.java:start(181)) - f9a38edd-6d34-495d-b306-3dd48f703dbc@group-3210ADAE0A56: start as a follower, conf=-1: [f9a38edd-6d34-495d-b306-3dd48f703dbc:192.168.164.222:41974], old=null
2019-10-04 06:14:33,726 [pool-393-thread-1] INFO  impl.RaftServerImpl (RaftServerImpl.java:setRole(170)) - f9a38edd-6d34-495d-b306-3dd48f703dbc@group-3210ADAE0A56: changes role from      null to FOLLOWER at term 0 for startAsFollower
2019-10-04 06:14:33,726 [pool-393-thread-1] INFO  impl.RoleInfo (RoleInfo.java:updateAndGet(143)) - f9a38edd-6d34-495d-b306-3dd48f703dbc: start FollowerState
2019-10-04 06:14:33,726 [pool-393-thread-1] INFO  util.JmxRegister (JmxRegister.java:tryRegister(44)) - Successfully registered JMX Bean with object name Ratis:service=RaftServer,group=group-3210ADAE0A56,id=f9a38edd-6d34-495d-b306-3dd48f703dbc
2019-10-04 06:14:33,731 [RatisPipelineUtilsThread] INFO  pipeline.PipelineStateManager (PipelineStateManager.java:addPipeline(56)) - Created pipeline Pipeline[ Id: 16aaafef-4139-4efb-88d7-3210adae0a56, Nodes: f9a38edd-6d34-495d-b306-3dd48f703dbc{ip: 192.168.164.222, host: pr-hdds-2222-2jdkn-3249983734, networkLocation: /default-rack, certSerialId: null}, Type:RATIS, Factor:ONE, State:OPEN]
2019-10-04 06:14:33,751 [IPC Server handler 8 on 36309] INFO  net.NetworkTopology (NetworkTopologyImpl.java:add(111)) - Added a new node: /default-rack/a8cb0361-a296-4325-ab14-c72f3c1f53c2
2019-10-04 06:14:33,751 [IPC Server handler 8 on 36309] INFO  node.SCMNodeManager (SCMNodeManager.java:register(266)) - Registered Data node : a8cb0361-a296-4325-ab14-c72f3c1f53c2{ip: 192.168.164.222, host: pr-hdds-2222-2jdkn-3249983734, networkLocation: /default-rack, certSerialId: null}
2019-10-04 06:14:33,757 [grpc-default-executor-5] INFO  impl.RaftServerProxy (RaftServerProxy.java:addNew(89)) - a8cb0361-a296-4325-ab14-c72f3c1f53c2: addNew group-A095B5D242A2:[a8cb0361-a296-4325-ab14-c72f3c1f53c2:192.168.164.222:41475] returns group-A095B5D242A2:java.util.concurrent.CompletableFuture@2d335515[Not completed]
2019-10-04 06:14:33,758 [pool-403-thread-1] INFO  impl.RaftServerImpl (RaftServerImpl.java:<init>(95)) - a8cb0361-a296-4325-ab14-c72f3c1f53c2: new RaftServerImpl for group-A095B5D242A2:[a8cb0361-a296-4325-ab14-c72f3c1f53c2:192.168.164.222:41475] with ContainerStateMachine:uninitialized
2019-10-04 06:14:33,758 [pool-403-thread-1] INFO  server.RaftServerConfigKeys (ConfUtils.java:logGet(43)) - raft.server.rpc.timeout.min = 5s (custom)
2019-10-04 06:14:33,759 [pool-403-thread-1] INFO  server.RaftServerConfigKeys (ConfUtils.java:logGet(43)) - raft.server.rpc.timeout.max = 5200ms (custom)
2019-10-04 06:14:33,759 [pool-403-thread-1] INFO  server.RaftServerConfigKeys (ConfUtils.java:logGet(43)) - raft.server.rpcslowness.timeout = 120s (custom)
2019-10-04 06:14:33,759 [pool-403-thread-1] INFO  server.RaftServerConfigKeys (ConfUtils.java:logGet(43)) - raft.server.sleep.deviation.threshold = 300 (default)
2019-10-04 06:14:33,759 [pool-403-thread-1] INFO  server.RaftServerConfigKeys (ConfUtils.java:logGet(43)) - raft.server.log.appender.install.snapshot.enabled = false (custom)
2019-10-04 06:14:33,759 [pool-403-thread-1] INFO  impl.RaftServerImpl (ServerState.java:<init>(103)) - a8cb0361-a296-4325-ab14-c72f3c1f53c2@group-A095B5D242A2: ConfigurationManager, init=-1: [a8cb0361-a296-4325-ab14-c72f3c1f53c2:192.168.164.222:41475], old=null, confs=<EMPTY_MAP>
2019-10-04 06:14:33,759 [pool-403-thread-1] INFO  server.RaftServerConfigKeys (ConfUtils.java:logGet(43)) - raft.server.storage.dir = [/workdir/hadoop-ozone/integration-test/target/test-dir/MiniOzoneClusterImpl-576b2c35-ac69-4444-aca8-a582a9984376/datanode-2/data/ratis] (custom)
2019-10-04 06:14:33,760 [pool-403-thread-1] INFO  server.RaftServerConfigKeys (ConfUtils.java:logGet(43)) - raft.server.log.corruption.policy = EXCEPTION (default)
2019-10-04 06:14:33,760 [pool-403-thread-1] INFO  storage.RaftStorageDirectory (RaftStorageDirectory.java:analyzeStorage(246)) - The storage directory /workdir/hadoop-ozone/integration-test/target/test-dir/MiniOzoneClusterImpl-576b2c35-ac69-4444-aca8-a582a9984376/datanode-2/data/ratis/1ec1bf33-4284-4e63-af34-a095b5d242a2 does not exist. Creating ...
2019-10-04 06:14:33,772 [pool-403-thread-1] INFO  storage.RaftStorageDirectory (RaftStorageDirectory.java:tryLock(328)) - Lock on /workdir/hadoop-ozone/integration-test/target/test-dir/MiniOzoneClusterImpl-576b2c35-ac69-4444-aca8-a582a9984376/datanode-2/data/ratis/1ec1bf33-4284-4e63-af34-a095b5d242a2/in_use.lock acquired by nodename 15560@pr-hdds-2222-2jdkn-3249983734
2019-10-04 06:14:33,785 [pool-403-thread-1] INFO  storage.RaftStorage (RaftStorage.java:format(84)) - Storage directory /workdir/hadoop-ozone/integration-test/target/test-dir/MiniOzoneClusterImpl-576b2c35-ac69-4444-aca8-a582a9984376/datanode-2/data/ratis/1ec1bf33-4284-4e63-af34-a095b5d242a2 has been successfully formatted.
2019-10-04 06:14:33,786 [pool-403-thread-1] INFO  ratis.ContainerStateMachine (ContainerStateMachine.java:loadSnapshot(230)) - group-A095B5D242A2: The snapshot info is null. Setting the last applied indexto:(t:0, i:~)
2019-10-04 06:14:33,786 [pool-403-thread-1] INFO  server.RaftServerConfigKeys (ConfUtils.java:logGet(43)) - raft.server.notification.no-leader.timeout = 120s (custom)
2019-10-04 06:14:33,786 [pool-403-thread-1] INFO  server.RaftServerConfigKeys (ConfUtils.java:logGet(43)) - raft.server.log.use.memory = false (default)
2019-10-04 06:14:33,786 [pool-403-thread-1] INFO  server.RaftServerConfigKeys (ConfUtils.java:logGet(43)) - raft.server.log.purge.gap = 1000000 (custom)
2019-10-04 06:14:33,786 [pool-403-thread-1] INFO  server.RaftServerConfigKeys (ConfUtils.java:logGet(43)) - raft.server.log.appender.buffer.byte-limit = 33554432 (custom)
2019-10-04 06:14:33,786 [pool-403-thread-1] INFO  server.RaftServerConfigKeys (ConfUtils.java:logGet(43)) - raft.server.log.segment.size.max = 1048576 (custom)
2019-10-04 06:14:33,789 [pool-403-thread-1] INFO  server.RaftServerConfigKeys (ConfUtils.java:logGet(43)) - raft.server.log.segment.cache.num.max = 2 (custom)
2019-10-04 06:14:33,789 [pool-403-thread-1] INFO  segmented.SegmentedRaftLogWorker (SegmentedRaftLogWorker.java:<init>(173)) - new a8cb0361-a296-4325-ab14-c72f3c1f53c2@group-A095B5D242A2-SegmentedRaftLogWorker for RaftStorage:Storage Directory /workdir/hadoop-ozone/integration-test/target/test-dir/MiniOzoneClusterImpl-576b2c35-ac69-4444-aca8-a582a9984376/datanode-2/data/ratis/1ec1bf33-4284-4e63-af34-a095b5d242a2
2019-10-04 06:14:33,789 [pool-403-thread-1] INFO  server.RaftServerConfigKeys (ConfUtils.java:logGet(43)) - raft.server.log.queue.byte-limit = 2147483647 (custom)
2019-10-04 06:14:33,789 [pool-403-thread-1] INFO  server.RaftServerConfigKeys (ConfUtils.java:logGet(43)) - raft.server.log.queue.element-limit = 1024 (custom)
2019-10-04 06:14:33,789 [pool-403-thread-1] INFO  server.RaftServerConfigKeys (ConfUtils.java:logGet(43)) - raft.server.log.segment.size.max = 1048576 (custom)
2019-10-04 06:14:33,789 [pool-403-thread-1] INFO  server.RaftServerConfigKeys (ConfUtils.java:logGet(43)) - raft.server.log.preallocated.size = 16384 (custom)
2019-10-04 06:14:33,790 [pool-403-thread-1] INFO  server.RaftServerConfigKeys (ConfUtils.java:logGet(43)) - raft.server.log.write.buffer.size = 33554432 (custom)
2019-10-04 06:14:33,790 [pool-403-thread-1] INFO  server.RaftServerConfigKeys (ConfUtils.java:logGet(43)) - raft.server.log.force.sync.num = 128 (default)
2019-10-04 06:14:33,790 [pool-403-thread-1] INFO  server.RaftServerConfigKeys (ConfUtils.java:logGet(43)) - raft.server.log.statemachine.data.sync = true (default)
2019-10-04 06:14:33,790 [pool-403-thread-1] INFO  server.RaftServerConfigKeys (ConfUtils.java:logGet(43)) - raft.server.log.statemachine.data.sync.timeout = 10s (default)
2019-10-04 06:14:33,790 [pool-403-thread-1] INFO  server.RaftServerConfigKeys (ConfUtils.java:logGet(43)) - raft.server.log.statemachine.data.sync.timeout.retry = -1 (default)
2019-10-04 06:14:33,791 [pool-403-thread-1] INFO  server.RaftServerConfigKeys (ConfUtils.java:logGet(43)) - raft.server.log.statemachine.data.caching.enabled = true (custom)
2019-10-04 06:14:33,791 [pool-403-thread-1] INFO  segmented.SegmentedRaftLogWorker (SegmentedRaftLogWorker.java:lambda$new$0(128)) - a8cb0361-a296-4325-ab14-c72f3c1f53c2@group-A095B5D242A2-SegmentedRaftLogWorker: flushIndex: setUnconditionally 0 -> -1
2019-10-04 06:14:33,791 [pool-403-thread-1] INFO  server.RaftServerConfigKeys (ConfUtils.java:logGet(43)) - raft.server.snapshot.auto.trigger.enabled = true (custom)
2019-10-04 06:14:33,791 [pool-403-thread-1] INFO  server.RaftServerConfigKeys (ConfUtils.java:logGet(43)) - raft.server.snapshot.auto.trigger.threshold = 10000 (custom)
2019-10-04 06:14:33,792 [pool-403-thread-1] INFO  server.RaftServerConfigKeys (ConfUtils.java:logGet(43)) - raft.server.snapshot.retention.file.num = 5 (custom)
2019-10-04 06:14:33,792 [pool-403-thread-1] INFO  server.RaftServerConfigKeys (ConfUtils.java:logGet(43)) - raft.server.retrycache.expirytime = 600000ms (custom)
2019-10-04 06:14:33,794 [pool-403-thread-1] INFO  impl.RaftServerImpl (RaftServerImpl.java:start(181)) - a8cb0361-a296-4325-ab14-c72f3c1f53c2@group-A095B5D242A2: start as a follower, conf=-1: [a8cb0361-a296-4325-ab14-c72f3c1f53c2:192.168.164.222:41475], old=null
2019-10-04 06:14:33,794 [pool-403-thread-1] INFO  impl.RaftServerImpl (RaftServerImpl.java:setRole(170)) - a8cb0361-a296-4325-ab14-c72f3c1f53c2@group-A095B5D242A2: changes role from      null to FOLLOWER at term 0 for startAsFollower
2019-10-04 06:14:33,794 [pool-403-thread-1] INFO  impl.RoleInfo (RoleInfo.java:updateAndGet(143)) - a8cb0361-a296-4325-ab14-c72f3c1f53c2: start FollowerState
2019-10-04 06:14:33,794 [pool-403-thread-1] INFO  util.JmxRegister (JmxRegister.java:tryRegister(44)) - Successfully registered JMX Bean with object name Ratis:service=RaftServer,group=group-A095B5D242A2,id=a8cb0361-a296-4325-ab14-c72f3c1f53c2
2019-10-04 06:14:33,799 [RatisPipelineUtilsThread] INFO  pipeline.PipelineStateManager (PipelineStateManager.java:addPipeline(56)) - Created pipeline Pipeline[ Id: 1ec1bf33-4284-4e63-af34-a095b5d242a2, Nodes: a8cb0361-a296-4325-ab14-c72f3c1f53c2{ip: 192.168.164.222, host: pr-hdds-2222-2jdkn-3249983734, networkLocation: /default-rack, certSerialId: null}, Type:RATIS, Factor:ONE, State:OPEN]
2019-10-04 06:14:33,816 [grpc-default-executor-6] INFO  impl.RaftServerProxy (RaftServerProxy.java:addNew(89)) - dd92c35c-5fa8-48da-9554-f6cb2f3a1c14: addNew group-A67353F92E47:[f9a38edd-6d34-495d-b306-3dd48f703dbc:192.168.164.222:41974, dd92c35c-5fa8-48da-9554-f6cb2f3a1c14:192.168.164.222:40598, a8cb0361-a296-4325-ab14-c72f3c1f53c2:192.168.164.222:41475] returns group-A67353F92E47:java.util.concurrent.CompletableFuture@1a6cd2e[Not completed]
2019-10-04 06:14:33,816 [grpc-default-executor-6] INFO  impl.RaftServerProxy (RaftServerProxy.java:addNew(89)) - f9a38edd-6d34-495d-b306-3dd48f703dbc: addNew group-A67353F92E47:[f9a38edd-6d34-495d-b306-3dd48f703dbc:192.168.164.222:41974, dd92c35c-5fa8-48da-9554-f6cb2f3a1c14:192.168.164.222:40598, a8cb0361-a296-4325-ab14-c72f3c1f53c2:192.168.164.222:41475] returns group-A67353F92E47:java.util.concurrent.CompletableFuture@39498695[Not completed]
2019-10-04 06:14:33,817 [grpc-default-executor-9] INFO  impl.RaftServerProxy (RaftServerProxy.java:addNew(89)) - a8cb0361-a296-4325-ab14-c72f3c1f53c2: addNew group-A67353F92E47:[f9a38edd-6d34-495d-b306-3dd48f703dbc:192.168.164.222:41974, dd92c35c-5fa8-48da-9554-f6cb2f3a1c14:192.168.164.222:40598, a8cb0361-a296-4325-ab14-c72f3c1f53c2:192.168.164.222:41475] returns group-A67353F92E47:java.util.concurrent.CompletableFuture@74cdb5fc[Not completed]
2019-10-04 06:14:33,818 [pool-383-thread-1] INFO  impl.RaftServerImpl (RaftServerImpl.java:<init>(95)) - dd92c35c-5fa8-48da-9554-f6cb2f3a1c14: new RaftServerImpl for group-A67353F92E47:[f9a38edd-6d34-495d-b306-3dd48f703dbc:192.168.164.222:41974, dd92c35c-5fa8-48da-9554-f6cb2f3a1c14:192.168.164.222:40598, a8cb0361-a296-4325-ab14-c72f3c1f53c2:192.168.164.222:41475] with ContainerStateMachine:uninitialized
2019-10-04 06:14:33,818 [pool-383-thread-1] INFO  server.RaftServerConfigKeys (ConfUtils.java:logGet(43)) - raft.server.rpc.timeout.min = 5s (custom)
2019-10-04 06:14:33,818 [pool-383-thread-1] INFO  server.RaftServerConfigKeys (ConfUtils.java:logGet(43)) - raft.server.rpc.timeout.max = 5200ms (custom)
2019-10-04 06:14:33,818 [pool-383-thread-1] INFO  server.RaftServerConfigKeys (ConfUtils.java:logGet(43)) - raft.server.rpcslowness.timeout = 120s (custom)
2019-10-04 06:14:33,818 [pool-383-thread-1] INFO  server.RaftServerConfigKeys (ConfUtils.java:logGet(43)) - raft.server.sleep.deviation.threshold = 300 (default)
2019-10-04 06:14:33,819 [pool-383-thread-1] INFO  server.RaftServerConfigKeys (ConfUtils.java:logGet(43)) - raft.server.log.appender.install.snapshot.enabled = false (custom)
2019-10-04 06:14:33,819 [pool-393-thread-1] INFO  impl.RaftServerImpl (RaftServerImpl.java:<init>(95)) - f9a38edd-6d34-495d-b306-3dd48f703dbc: new RaftServerImpl for group-A67353F92E47:[f9a38edd-6d34-495d-b306-3dd48f703dbc:192.168.164.222:41974, dd92c35c-5fa8-48da-9554-f6cb2f3a1c14:192.168.164.222:40598, a8cb0361-a296-4325-ab14-c72f3c1f53c2:192.168.164.222:41475] with ContainerStateMachine:uninitialized
2019-10-04 06:14:33,819 [pool-383-thread-1] INFO  impl.RaftServerImpl (ServerState.java:<init>(103)) - dd92c35c-5fa8-48da-9554-f6cb2f3a1c14@group-A67353F92E47: ConfigurationManager, init=-1: [f9a38edd-6d34-495d-b306-3dd48f703dbc:192.168.164.222:41974, dd92c35c-5fa8-48da-9554-f6cb2f3a1c14:192.168.164.222:40598, a8cb0361-a296-4325-ab14-c72f3c1f53c2:192.168.164.222:41475], old=null, confs=<EMPTY_MAP>
2019-10-04 06:14:33,819 [pool-393-thread-1] INFO  server.RaftServerConfigKeys (ConfUtils.java:logGet(43)) - raft.server.rpc.timeout.min = 5s (custom)
2019-10-04 06:14:33,819 [pool-383-thread-1] INFO  server.RaftServerConfigKeys (ConfUtils.java:logGet(43)) - raft.server.storage.dir = [/workdir/hadoop-ozone/integration-test/target/test-dir/MiniOzoneClusterImpl-576b2c35-ac69-4444-aca8-a582a9984376/datanode-0/data/ratis] (custom)
2019-10-04 06:14:33,819 [pool-393-thread-1] INFO  server.RaftServerConfigKeys (ConfUtils.java:logGet(43)) - raft.server.rpc.timeout.max = 5200ms (custom)
2019-10-04 06:14:33,819 [pool-393-thread-1] INFO  server.RaftServerConfigKeys (ConfUtils.java:logGet(43)) - raft.server.rpcslowness.timeout = 120s (custom)
2019-10-04 06:14:33,819 [pool-383-thread-1] INFO  server.RaftServerConfigKeys (ConfUtils.java:logGet(43)) - raft.server.log.corruption.policy = EXCEPTION (default)
2019-10-04 06:14:33,819 [pool-393-thread-1] INFO  server.RaftServerConfigKeys (ConfUtils.java:logGet(43)) - raft.server.sleep.deviation.threshold = 300 (default)
2019-10-04 06:14:33,819 [pool-403-thread-1] INFO  impl.RaftServerImpl (RaftServerImpl.java:<init>(95)) - a8cb0361-a296-4325-ab14-c72f3c1f53c2: new RaftServerImpl for group-A67353F92E47:[f9a38edd-6d34-495d-b306-3dd48f703dbc:192.168.164.222:41974, dd92c35c-5fa8-48da-9554-f6cb2f3a1c14:192.168.164.222:40598, a8cb0361-a296-4325-ab14-c72f3c1f53c2:192.168.164.222:41475] with ContainerStateMachine:uninitialized
2019-10-04 06:14:33,820 [pool-393-thread-1] INFO  server.RaftServerConfigKeys (ConfUtils.java:logGet(43)) - raft.server.log.appender.install.snapshot.enabled = false (custom)
2019-10-04 06:14:33,820 [pool-383-thread-1] INFO  storage.RaftStorageDirectory (RaftStorageDirectory.java:analyzeStorage(246)) - The storage directory /workdir/hadoop-ozone/integration-test/target/test-dir/MiniOzoneClusterImpl-576b2c35-ac69-4444-aca8-a582a9984376/datanode-0/data/ratis/9a17451c-3773-4b89-a70b-a67353f92e47 does not exist. Creating ...
2019-10-04 06:14:33,820 [pool-393-thread-1] INFO  impl.RaftServerImpl (ServerState.java:<init>(103)) - f9a38edd-6d34-495d-b306-3dd48f703dbc@group-A67353F92E47: ConfigurationManager, init=-1: [f9a38edd-6d34-495d-b306-3dd48f703dbc:192.168.164.222:41974, dd92c35c-5fa8-48da-9554-f6cb2f3a1c14:192.168.164.222:40598, a8cb0361-a296-4325-ab14-c72f3c1f53c2:192.168.164.222:41475], old=null, confs=<EMPTY_MAP>
2019-10-04 06:14:33,820 [pool-403-thread-1] INFO  server.RaftServerConfigKeys (ConfUtils.java:logGet(43)) - raft.server.rpc.timeout.min = 5s (custom)
2019-10-04 06:14:33,820 [pool-393-thread-1] INFO  server.RaftServerConfigKeys (ConfUtils.java:logGet(43)) - raft.server.storage.dir = [/workdir/hadoop-ozone/integration-test/target/test-dir/MiniOzoneClusterImpl-576b2c35-ac69-4444-aca8-a582a9984376/datanode-1/data/ratis] (custom)
2019-10-04 06:14:33,820 [pool-403-thread-1] INFO  server.RaftServerConfigKeys (ConfUtils.java:logGet(43)) - raft.server.rpc.timeout.max = 5200ms (custom)
2019-10-04 06:14:33,821 [pool-393-thread-1] INFO  server.RaftServerConfigKeys (ConfUtils.java:logGet(43)) - raft.server.log.corruption.policy = EXCEPTION (default)
2019-10-04 06:14:33,821 [pool-403-thread-1] INFO  server.RaftServerConfigKeys (ConfUtils.java:logGet(43)) - raft.server.rpcslowness.timeout = 120s (custom)
2019-10-04 06:14:33,821 [pool-393-thread-1] INFO  storage.RaftStorageDirectory (RaftStorageDirectory.java:analyzeStorage(246)) - The storage directory /workdir/hadoop-ozone/integration-test/target/test-dir/MiniOzoneClusterImpl-576b2c35-ac69-4444-aca8-a582a9984376/datanode-1/data/ratis/9a17451c-3773-4b89-a70b-a67353f92e47 does not exist. Creating ...
2019-10-04 06:14:33,821 [pool-403-thread-1] INFO  server.RaftServerConfigKeys (ConfUtils.java:logGet(43)) - raft.server.sleep.deviation.threshold = 300 (default)
2019-10-04 06:14:33,821 [pool-403-thread-1] INFO  server.RaftServerConfigKeys (ConfUtils.java:logGet(43)) - raft.server.log.appender.install.snapshot.enabled = false (custom)
2019-10-04 06:14:33,821 [pool-403-thread-1] INFO  impl.RaftServerImpl (ServerState.java:<init>(103)) - a8cb0361-a296-4325-ab14-c72f3c1f53c2@group-A67353F92E47: ConfigurationManager, init=-1: [f9a38edd-6d34-495d-b306-3dd48f703dbc:192.168.164.222:41974, dd92c35c-5fa8-48da-9554-f6cb2f3a1c14:192.168.164.222:40598, a8cb0361-a296-4325-ab14-c72f3c1f53c2:192.168.164.222:41475], old=null, confs=<EMPTY_MAP>
2019-10-04 06:14:33,821 [pool-403-thread-1] INFO  server.RaftServerConfigKeys (ConfUtils.java:logGet(43)) - raft.server.storage.dir = [/workdir/hadoop-ozone/integration-test/target/test-dir/MiniOzoneClusterImpl-576b2c35-ac69-4444-aca8-a582a9984376/datanode-2/data/ratis] (custom)
2019-10-04 06:14:33,822 [pool-403-thread-1] INFO  server.RaftServerConfigKeys (ConfUtils.java:logGet(43)) - raft.server.log.corruption.policy = EXCEPTION (default)
2019-10-04 06:14:33,822 [pool-403-thread-1] INFO  storage.RaftStorageDirectory (RaftStorageDirectory.java:analyzeStorage(246)) - The storage directory /workdir/hadoop-ozone/integration-test/target/test-dir/MiniOzoneClusterImpl-576b2c35-ac69-4444-aca8-a582a9984376/datanode-2/data/ratis/9a17451c-3773-4b89-a70b-a67353f92e47 does not exist. Creating ...
2019-10-04 06:14:33,834 [pool-403-thread-1] INFO  storage.RaftStorageDirectory (RaftStorageDirectory.java:tryLock(328)) - Lock on /workdir/hadoop-ozone/integration-test/target/test-dir/MiniOzoneClusterImpl-576b2c35-ac69-4444-aca8-a582a9984376/datanode-2/data/ratis/9a17451c-3773-4b89-a70b-a67353f92e47/in_use.lock acquired by nodename 15560@pr-hdds-2222-2jdkn-3249983734
2019-10-04 06:14:33,834 [pool-383-thread-1] INFO  storage.RaftStorageDirectory (RaftStorageDirectory.java:tryLock(328)) - Lock on /workdir/hadoop-ozone/integration-test/target/test-dir/MiniOzoneClusterImpl-576b2c35-ac69-4444-aca8-a582a9984376/datanode-0/data/ratis/9a17451c-3773-4b89-a70b-a67353f92e47/in_use.lock acquired by nodename 15560@pr-hdds-2222-2jdkn-3249983734
2019-10-04 06:14:33,834 [pool-393-thread-1] INFO  storage.RaftStorageDirectory (RaftStorageDirectory.java:tryLock(328)) - Lock on /workdir/hadoop-ozone/integration-test/target/test-dir/MiniOzoneClusterImpl-576b2c35-ac69-4444-aca8-a582a9984376/datanode-1/data/ratis/9a17451c-3773-4b89-a70b-a67353f92e47/in_use.lock acquired by nodename 15560@pr-hdds-2222-2jdkn-3249983734
2019-10-04 06:14:33,838 [IPC Server handler 2 on 36309] INFO  net.NetworkTopology (NetworkTopologyImpl.java:add(111)) - Added a new node: /default-rack/0c8f8237-245c-4663-9377-ac8b3d2a290c
2019-10-04 06:14:33,838 [IPC Server handler 2 on 36309] INFO  node.SCMNodeManager (SCMNodeManager.java:register(266)) - Registered Data node : 0c8f8237-245c-4663-9377-ac8b3d2a290c{ip: 192.168.164.222, host: pr-hdds-2222-2jdkn-3249983734, networkLocation: /default-rack, certSerialId: null}
2019-10-04 06:14:33,854 [pool-383-thread-1] INFO  storage.RaftStorage (RaftStorage.java:format(84)) - Storage directory /workdir/hadoop-ozone/integration-test/target/test-dir/MiniOzoneClusterImpl-576b2c35-ac69-4444-aca8-a582a9984376/datanode-0/data/ratis/9a17451c-3773-4b89-a70b-a67353f92e47 has been successfully formatted.
2019-10-04 06:14:33,854 [pool-393-thread-1] INFO  storage.RaftStorage (RaftStorage.java:format(84)) - Storage directory /workdir/hadoop-ozone/integration-test/target/test-dir/MiniOzoneClusterImpl-576b2c35-ac69-4444-aca8-a582a9984376/datanode-1/data/ratis/9a17451c-3773-4b89-a70b-a67353f92e47 has been successfully formatted.
2019-10-04 06:14:33,854 [pool-403-thread-1] INFO  storage.RaftStorage (RaftStorage.java:format(84)) - Storage directory /workdir/hadoop-ozone/integration-test/target/test-dir/MiniOzoneClusterImpl-576b2c35-ac69-4444-aca8-a582a9984376/datanode-2/data/ratis/9a17451c-3773-4b89-a70b-a67353f92e47 has been successfully formatted.
2019-10-04 06:14:33,854 [pool-383-thread-1] INFO  ratis.ContainerStateMachine (ContainerStateMachine.java:loadSnapshot(230)) - group-A67353F92E47: The snapshot info is null. Setting the last applied indexto:(t:0, i:~)
2019-10-04 06:14:33,855 [pool-393-thread-1] INFO  ratis.ContainerStateMachine (ContainerStateMachine.java:loadSnapshot(230)) - group-A67353F92E47: The snapshot info is null. Setting the last applied indexto:(t:0, i:~)
2019-10-04 06:14:33,855 [pool-403-thread-1] INFO  ratis.ContainerStateMachine (ContainerStateMachine.java:loadSnapshot(230)) - group-A67353F92E47: The snapshot info is null. Setting the last applied indexto:(t:0, i:~)
2019-10-04 06:14:33,855 [pool-393-thread-1] INFO  server.RaftServerConfigKeys (ConfUtils.java:logGet(43)) - raft.server.notification.no-leader.timeout = 120s (custom)
2019-10-04 06:14:33,855 [pool-383-thread-1] INFO  server.RaftServerConfigKeys (ConfUtils.java:logGet(43)) - raft.server.notification.no-leader.timeout = 120s (custom)
2019-10-04 06:14:33,855 [pool-393-thread-1] INFO  server.RaftServerConfigKeys (ConfUtils.java:logGet(43)) - raft.server.log.use.memory = false (default)
2019-10-04 06:14:33,855 [pool-403-thread-1] INFO  server.RaftServerConfigKeys (ConfUtils.java:logGet(43)) - raft.server.notification.no-leader.timeout = 120s (custom)
2019-10-04 06:14:33,855 [pool-393-thread-1] INFO  server.RaftServerConfigKeys (ConfUtils.java:logGet(43)) - raft.server.log.purge.gap = 1000000 (custom)
2019-10-04 06:14:33,855 [pool-383-thread-1] INFO  server.RaftServerConfigKeys (ConfUtils.java:logGet(43)) - raft.server.log.use.memory = false (default)
2019-10-04 06:14:33,856 [pool-393-thread-1] INFO  server.RaftServerConfigKeys (ConfUtils.java:logGet(43)) - raft.server.log.appender.buffer.byte-limit = 33554432 (custom)
2019-10-04 06:14:33,855 [pool-403-thread-1] INFO  server.RaftServerConfigKeys (ConfUtils.java:logGet(43)) - raft.server.log.use.memory = false (default)
2019-10-04 06:14:33,856 [pool-393-thread-1] INFO  server.RaftServerConfigKeys (ConfUtils.java:logGet(43)) - raft.server.log.segment.size.max = 1048576 (custom)
2019-10-04 06:14:33,856 [pool-383-thread-1] INFO  server.RaftServerConfigKeys (ConfUtils.java:logGet(43)) - raft.server.log.purge.gap = 1000000 (custom)
2019-10-04 06:14:33,856 [pool-393-thread-1] INFO  server.RaftServerConfigKeys (ConfUtils.java:logGet(43)) - raft.server.log.segment.cache.num.max = 2 (custom)
2019-10-04 06:14:33,856 [pool-403-thread-1] INFO  server.RaftServerConfigKeys (ConfUtils.java:logGet(43)) - raft.server.log.purge.gap = 1000000 (custom)
2019-10-04 06:14:33,856 [pool-393-thread-1] INFO  segmented.SegmentedRaftLogWorker (SegmentedRaftLogWorker.java:<init>(173)) - new f9a38edd-6d34-495d-b306-3dd48f703dbc@group-A67353F92E47-SegmentedRaftLogWorker for RaftStorage:Storage Directory /workdir/hadoop-ozone/integration-test/target/test-dir/MiniOzoneClusterImpl-576b2c35-ac69-4444-aca8-a582a9984376/datanode-1/data/ratis/9a17451c-3773-4b89-a70b-a67353f92e47
2019-10-04 06:14:33,856 [pool-383-thread-1] INFO  server.RaftServerConfigKeys (ConfUtils.java:logGet(43)) - raft.server.log.appender.buffer.byte-limit = 33554432 (custom)
2019-10-04 06:14:33,857 [pool-393-thread-1] INFO  server.RaftServerConfigKeys (ConfUtils.java:logGet(43)) - raft.server.log.queue.byte-limit = 2147483647 (custom)
2019-10-04 06:14:33,857 [pool-403-thread-1] INFO  server.RaftServerConfigKeys (ConfUtils.java:logGet(43)) - raft.server.log.appender.buffer.byte-limit = 33554432 (custom)
2019-10-04 06:14:33,857 [pool-393-thread-1] INFO  server.RaftServerConfigKeys (ConfUtils.java:logGet(43)) - raft.server.log.queue.element-limit = 1024 (custom)
2019-10-04 06:14:33,857 [pool-383-thread-1] INFO  server.RaftServerConfigKeys (ConfUtils.java:logGet(43)) - raft.server.log.segment.size.max = 1048576 (custom)
2019-10-04 06:14:33,857 [pool-393-thread-1] INFO  server.RaftServerConfigKeys (ConfUtils.java:logGet(43)) - raft.server.log.segment.size.max = 1048576 (custom)
2019-10-04 06:14:33,857 [pool-403-thread-1] INFO  server.RaftServerConfigKeys (ConfUtils.java:logGet(43)) - raft.server.log.segment.size.max = 1048576 (custom)
2019-10-04 06:14:33,857 [pool-393-thread-1] INFO  server.RaftServerConfigKeys (ConfUtils.java:logGet(43)) - raft.server.log.preallocated.size = 16384 (custom)
2019-10-04 06:14:33,857 [pool-383-thread-1] INFO  server.RaftServerConfigKeys (ConfUtils.java:logGet(43)) - raft.server.log.segment.cache.num.max = 2 (custom)
2019-10-04 06:14:33,858 [pool-393-thread-1] INFO  server.RaftServerConfigKeys (ConfUtils.java:logGet(43)) - raft.server.log.write.buffer.size = 33554432 (custom)
2019-10-04 06:14:33,858 [pool-403-thread-1] INFO  server.RaftServerConfigKeys (ConfUtils.java:logGet(43)) - raft.server.log.segment.cache.num.max = 2 (custom)
2019-10-04 06:14:33,858 [pool-393-thread-1] INFO  server.RaftServerConfigKeys (ConfUtils.java:logGet(43)) - raft.server.log.force.sync.num = 128 (default)
2019-10-04 06:14:33,858 [pool-383-thread-1] INFO  segmented.SegmentedRaftLogWorker (SegmentedRaftLogWorker.java:<init>(173)) - new dd92c35c-5fa8-48da-9554-f6cb2f3a1c14@group-A67353F92E47-SegmentedRaftLogWorker for RaftStorage:Storage Directory /workdir/hadoop-ozone/integration-test/target/test-dir/MiniOzoneClusterImpl-576b2c35-ac69-4444-aca8-a582a9984376/datanode-0/data/ratis/9a17451c-3773-4b89-a70b-a67353f92e47
2019-10-04 06:14:33,859 [pool-393-thread-1] INFO  server.RaftServerConfigKeys (ConfUtils.java:logGet(43)) - raft.server.log.statemachine.data.sync = true (default)
2019-10-04 06:14:33,858 [pool-403-thread-1] INFO  segmented.SegmentedRaftLogWorker (SegmentedRaftLogWorker.java:<init>(173)) - new a8cb0361-a296-4325-ab14-c72f3c1f53c2@group-A67353F92E47-SegmentedRaftLogWorker for RaftStorage:Storage Directory /workdir/hadoop-ozone/integration-test/target/test-dir/MiniOzoneClusterImpl-576b2c35-ac69-4444-aca8-a582a9984376/datanode-2/data/ratis/9a17451c-3773-4b89-a70b-a67353f92e47
2019-10-04 06:14:33,859 [pool-393-thread-1] INFO  server.RaftServerConfigKeys (ConfUtils.java:logGet(43)) - raft.server.log.statemachine.data.sync.timeout = 10s (default)
2019-10-04 06:14:33,859 [pool-383-thread-1] INFO  server.RaftServerConfigKeys (ConfUtils.java:logGet(43)) - raft.server.log.queue.byte-limit = 2147483647 (custom)
2019-10-04 06:14:33,859 [pool-393-thread-1] INFO  server.RaftServerConfigKeys (ConfUtils.java:logGet(43)) - raft.server.log.statemachine.data.sync.timeout.retry = -1 (default)
2019-10-04 06:14:33,859 [pool-403-thread-1] INFO  server.RaftServerConfigKeys (ConfUtils.java:logGet(43)) - raft.server.log.queue.byte-limit = 2147483647 (custom)
2019-10-04 06:14:33,860 [pool-393-thread-1] INFO  server.RaftServerConfigKeys (ConfUtils.java:logGet(43)) - raft.server.log.statemachine.data.caching.enabled = true (custom)
2019-10-04 06:14:33,859 [pool-383-thread-1] INFO  server.RaftServerConfigKeys (ConfUtils.java:logGet(43)) - raft.server.log.queue.element-limit = 1024 (custom)
2019-10-04 06:14:33,860 [pool-393-thread-1] INFO  segmented.SegmentedRaftLogWorker (SegmentedRaftLogWorker.java:lambda$new$0(128)) - f9a38edd-6d34-495d-b306-3dd48f703dbc@group-A67353F92E47-SegmentedRaftLogWorker: flushIndex: setUnconditionally 0 -> -1
2019-10-04 06:14:33,860 [pool-403-thread-1] INFO  server.RaftServerConfigKeys (ConfUtils.java:logGet(43)) - raft.server.log.queue.element-limit = 1024 (custom)
2019-10-04 06:14:33,860 [pool-393-thread-1] INFO  server.RaftServerConfigKeys (ConfUtils.java:logGet(43)) - raft.server.snapshot.auto.trigger.enabled = true (custom)
2019-10-04 06:14:33,860 [pool-383-thread-1] INFO  server.RaftServerConfigKeys (ConfUtils.java:logGet(43)) - raft.server.log.segment.size.max = 1048576 (custom)
2019-10-04 06:14:33,861 [pool-393-thread-1] INFO  server.RaftServerConfigKeys (ConfUtils.java:logGet(43)) - raft.server.snapshot.auto.trigger.threshold = 10000 (custom)
2019-10-04 06:14:33,861 [pool-403-thread-1] INFO  server.RaftServerConfigKeys (ConfUtils.java:logGet(43)) - raft.server.log.segment.size.max = 1048576 (custom)
2019-10-04 06:14:33,861 [pool-393-thread-1] INFO  server.RaftServerConfigKeys (ConfUtils.java:logGet(43)) - raft.server.snapshot.retention.file.num = 5 (custom)
2019-10-04 06:14:33,861 [pool-383-thread-1] INFO  server.RaftServerConfigKeys (ConfUtils.java:logGet(43)) - raft.server.log.preallocated.size = 16384 (custom)
2019-10-04 06:14:33,861 [pool-393-thread-1] INFO  server.RaftServerConfigKeys (ConfUtils.java:logGet(43)) - raft.server.retrycache.expirytime = 600000ms (custom)
2019-10-04 06:14:33,861 [pool-403-thread-1] INFO  server.RaftServerConfigKeys (ConfUtils.java:logGet(43)) - raft.server.log.preallocated.size = 16384 (custom)
2019-10-04 06:14:33,862 [pool-383-thread-1] INFO  server.RaftServerConfigKeys (ConfUtils.java:logGet(43)) - raft.server.log.write.buffer.size = 33554432 (custom)
2019-10-04 06:14:33,862 [pool-403-thread-1] INFO  server.RaftServerConfigKeys (ConfUtils.java:logGet(43)) - raft.server.log.write.buffer.size = 33554432 (custom)
2019-10-04 06:14:33,862 [pool-383-thread-1] INFO  server.RaftServerConfigKeys (ConfUtils.java:logGet(43)) - raft.server.log.force.sync.num = 128 (default)
2019-10-04 06:14:33,862 [pool-403-thread-1] INFO  server.RaftServerConfigKeys (ConfUtils.java:logGet(43)) - raft.server.log.force.sync.num = 128 (default)
2019-10-04 06:14:33,863 [pool-403-thread-1] INFO  server.RaftServerConfigKeys (ConfUtils.java:logGet(43)) - raft.server.log.statemachine.data.sync = true (default)
2019-10-04 06:14:33,863 [pool-403-thread-1] INFO  server.RaftServerConfigKeys (ConfUtils.java:logGet(43)) - raft.server.log.statemachine.data.sync.timeout = 10s (default)
2019-10-04 06:14:33,863 [pool-403-thread-1] INFO  server.RaftServerConfigKeys (ConfUtils.java:logGet(43)) - raft.server.log.statemachine.data.sync.timeout.retry = -1 (default)
2019-10-04 06:14:33,863 [pool-383-thread-1] INFO  server.RaftServerConfigKeys (ConfUtils.java:logGet(43)) - raft.server.log.statemachine.data.sync = true (default)
2019-10-04 06:14:33,863 [pool-403-thread-1] INFO  server.RaftServerConfigKeys (ConfUtils.java:logGet(43)) - raft.server.log.statemachine.data.caching.enabled = true (custom)
2019-10-04 06:14:33,864 [pool-383-thread-1] INFO  server.RaftServerConfigKeys (ConfUtils.java:logGet(43)) - raft.server.log.statemachine.data.sync.timeout = 10s (default)
2019-10-04 06:14:33,864 [pool-403-thread-1] INFO  segmented.SegmentedRaftLogWorker (SegmentedRaftLogWorker.java:lambda$new$0(128)) - a8cb0361-a296-4325-ab14-c72f3c1f53c2@group-A67353F92E47-SegmentedRaftLogWorker: flushIndex: setUnconditionally 0 -> -1
2019-10-04 06:14:33,864 [pool-393-thread-1] INFO  impl.RaftServerImpl (RaftServerImpl.java:start(181)) - f9a38edd-6d34-495d-b306-3dd48f703dbc@group-A67353F92E47: start as a follower, conf=-1: [f9a38edd-6d34-495d-b306-3dd48f703dbc:192.168.164.222:41974, dd92c35c-5fa8-48da-9554-f6cb2f3a1c14:192.168.164.222:40598, a8cb0361-a296-4325-ab14-c72f3c1f53c2:192.168.164.222:41475], old=null
2019-10-04 06:14:33,864 [pool-383-thread-1] INFO  server.RaftServerConfigKeys (ConfUtils.java:logGet(43)) - raft.server.log.statemachine.data.sync.timeout.retry = -1 (default)
2019-10-04 06:14:33,865 [pool-403-thread-1] INFO  server.RaftServerConfigKeys (ConfUtils.java:logGet(43)) - raft.server.snapshot.auto.trigger.enabled = true (custom)
2019-10-04 06:14:33,864 [pool-393-thread-1] INFO  impl.RaftServerImpl (RaftServerImpl.java:setRole(170)) - f9a38edd-6d34-495d-b306-3dd48f703dbc@group-A67353F92E47: changes role from      null to FOLLOWER at term 0 for startAsFollower
2019-10-04 06:14:33,865 [pool-403-thread-1] INFO  server.RaftServerConfigKeys (ConfUtils.java:logGet(43)) - raft.server.snapshot.auto.trigger.threshold = 10000 (custom)
2019-10-04 06:14:33,865 [pool-383-thread-1] INFO  server.RaftServerConfigKeys (ConfUtils.java:logGet(43)) - raft.server.log.statemachine.data.caching.enabled = true (custom)
2019-10-04 06:14:33,866 [pool-383-thread-1] INFO  segmented.SegmentedRaftLogWorker (SegmentedRaftLogWorker.java:lambda$new$0(128)) - dd92c35c-5fa8-48da-9554-f6cb2f3a1c14@group-A67353F92E47-SegmentedRaftLogWorker: flushIndex: setUnconditionally 0 -> -1
2019-10-04 06:14:33,866 [pool-383-thread-1] INFO  server.RaftServerConfigKeys (ConfUtils.java:logGet(43)) - raft.server.snapshot.auto.trigger.enabled = true (custom)
2019-10-04 06:14:33,866 [pool-383-thread-1] INFO  server.RaftServerConfigKeys (ConfUtils.java:logGet(43)) - raft.server.snapshot.auto.trigger.threshold = 10000 (custom)
2019-10-04 06:14:33,866 [pool-383-thread-1] INFO  server.RaftServerConfigKeys (ConfUtils.java:logGet(43)) - raft.server.snapshot.retention.file.num = 5 (custom)
2019-10-04 06:14:33,867 [pool-383-thread-1] INFO  server.RaftServerConfigKeys (ConfUtils.java:logGet(43)) - raft.server.retrycache.expirytime = 600000ms (custom)
2019-10-04 06:14:33,865 [pool-403-thread-1] INFO  server.RaftServerConfigKeys (ConfUtils.java:logGet(43)) - raft.server.snapshot.retention.file.num = 5 (custom)
2019-10-04 06:14:33,865 [pool-393-thread-1] INFO  impl.RoleInfo (RoleInfo.java:updateAndGet(143)) - f9a38edd-6d34-495d-b306-3dd48f703dbc: start FollowerState
2019-10-04 06:14:33,868 [pool-403-thread-1] INFO  server.RaftServerConfigKeys (ConfUtils.java:logGet(43)) - raft.server.retrycache.expirytime = 600000ms (custom)
2019-10-04 06:14:33,868 [pool-393-thread-1] INFO  util.JmxRegister (JmxRegister.java:tryRegister(44)) - Successfully registered JMX Bean with object name Ratis:service=RaftServer,group=group-A67353F92E47,id=f9a38edd-6d34-495d-b306-3dd48f703dbc
2019-10-04 06:14:33,870 [pool-383-thread-1] INFO  impl.RaftServerImpl (RaftServerImpl.java:start(181)) - dd92c35c-5fa8-48da-9554-f6cb2f3a1c14@group-A67353F92E47: start as a follower, conf=-1: [f9a38edd-6d34-495d-b306-3dd48f703dbc:192.168.164.222:41974, dd92c35c-5fa8-48da-9554-f6cb2f3a1c14:192.168.164.222:40598, a8cb0361-a296-4325-ab14-c72f3c1f53c2:192.168.164.222:41475], old=null
2019-10-04 06:14:33,870 [pool-383-thread-1] INFO  impl.RaftServerImpl (RaftServerImpl.java:setRole(170)) - dd92c35c-5fa8-48da-9554-f6cb2f3a1c14@group-A67353F92E47: changes role from      null to FOLLOWER at term 0 for startAsFollower
2019-10-04 06:14:33,871 [pool-383-thread-1] INFO  impl.RoleInfo (RoleInfo.java:updateAndGet(143)) - dd92c35c-5fa8-48da-9554-f6cb2f3a1c14: start FollowerState
2019-10-04 06:14:33,871 [pool-383-thread-1] INFO  util.JmxRegister (JmxRegister.java:tryRegister(44)) - Successfully registered JMX Bean with object name Ratis:service=RaftServer,group=group-A67353F92E47,id=dd92c35c-5fa8-48da-9554-f6cb2f3a1c14
2019-10-04 06:14:33,872 [pool-403-thread-1] INFO  impl.RaftServerImpl (RaftServerImpl.java:start(181)) - a8cb0361-a296-4325-ab14-c72f3c1f53c2@group-A67353F92E47: start as a follower, conf=-1: [f9a38edd-6d34-495d-b306-3dd48f703dbc:192.168.164.222:41974, dd92c35c-5fa8-48da-9554-f6cb2f3a1c14:192.168.164.222:40598, a8cb0361-a296-4325-ab14-c72f3c1f53c2:192.168.164.222:41475], old=null
2019-10-04 06:14:33,872 [pool-403-thread-1] INFO  impl.RaftServerImpl (RaftServerImpl.java:setRole(170)) - a8cb0361-a296-4325-ab14-c72f3c1f53c2@group-A67353F92E47: changes role from      null to FOLLOWER at term 0 for startAsFollower
2019-10-04 06:14:33,872 [pool-403-thread-1] INFO  impl.RoleInfo (RoleInfo.java:updateAndGet(143)) - a8cb0361-a296-4325-ab14-c72f3c1f53c2: start FollowerState
2019-10-04 06:14:33,873 [pool-403-thread-1] INFO  util.JmxRegister (JmxRegister.java:tryRegister(44)) - Successfully registered JMX Bean with object name Ratis:service=RaftServer,group=group-A67353F92E47,id=a8cb0361-a296-4325-ab14-c72f3c1f53c2
2019-10-04 06:14:33,876 [RatisPipelineUtilsThread] INFO  pipeline.PipelineStateManager (PipelineStateManager.java:addPipeline(56)) - Created pipeline Pipeline[ Id: 9a17451c-3773-4b89-a70b-a67353f92e47, Nodes: f9a38edd-6d34-495d-b306-3dd48f703dbc{ip: 192.168.164.222, host: pr-hdds-2222-2jdkn-3249983734, networkLocation: /default-rack, certSerialId: null}dd92c35c-5fa8-48da-9554-f6cb2f3a1c14{ip: 192.168.164.222, host: pr-hdds-2222-2jdkn-3249983734, networkLocation: /default-rack, certSerialId: null}a8cb0361-a296-4325-ab14-c72f3c1f53c2{ip: 192.168.164.222, host: pr-hdds-2222-2jdkn-3249983734, networkLocation: /default-rack, certSerialId: null}, Type:RATIS, Factor:THREE, State:OPEN]
2019-10-04 06:14:33,909 [IPC Server handler 3 on 36309] INFO  net.NetworkTopology (NetworkTopologyImpl.java:add(111)) - Added a new node: /default-rack/fbeba96c-4cf6-47d6-9be9-907e9de679c5
2019-10-04 06:14:33,909 [IPC Server handler 3 on 36309] INFO  node.SCMNodeManager (SCMNodeManager.java:register(266)) - Registered Data node : fbeba96c-4cf6-47d6-9be9-907e9de679c5{ip: 192.168.164.222, host: pr-hdds-2222-2jdkn-3249983734, networkLocation: /default-rack, certSerialId: null}
2019-10-04 06:14:33,920 [grpc-default-executor-9] INFO  impl.RaftServerProxy (RaftServerProxy.java:addNew(89)) - fbeba96c-4cf6-47d6-9be9-907e9de679c5: addNew group-795C0B34689D:[fbeba96c-4cf6-47d6-9be9-907e9de679c5:192.168.164.222:43337] returns group-795C0B34689D:java.util.concurrent.CompletableFuture@24326a9f[Not completed]
2019-10-04 06:14:33,923 [pool-423-thread-1] INFO  impl.RaftServerImpl (RaftServerImpl.java:<init>(95)) - fbeba96c-4cf6-47d6-9be9-907e9de679c5: new RaftServerImpl for group-795C0B34689D:[fbeba96c-4cf6-47d6-9be9-907e9de679c5:192.168.164.222:43337] with ContainerStateMachine:uninitialized
2019-10-04 06:14:33,924 [pool-423-thread-1] INFO  server.RaftServerConfigKeys (ConfUtils.java:logGet(43)) - raft.server.rpc.timeout.min = 5s (custom)
2019-10-04 06:14:33,924 [pool-423-thread-1] INFO  server.RaftServerConfigKeys (ConfUtils.java:logGet(43)) - raft.server.rpc.timeout.max = 5200ms (custom)
2019-10-04 06:14:33,924 [pool-423-thread-1] INFO  server.RaftServerConfigKeys (ConfUtils.java:logGet(43)) - raft.server.rpcslowness.timeout = 120s (custom)
2019-10-04 06:14:33,924 [pool-423-thread-1] INFO  server.RaftServerConfigKeys (ConfUtils.java:logGet(43)) - raft.server.sleep.deviation.threshold = 300 (default)
2019-10-04 06:14:33,924 [pool-423-thread-1] INFO  server.RaftServerConfigKeys (ConfUtils.java:logGet(43)) - raft.server.log.appender.install.snapshot.enabled = false (custom)
2019-10-04 06:14:33,924 [pool-423-thread-1] INFO  impl.RaftServerImpl (ServerState.java:<init>(103)) - fbeba96c-4cf6-47d6-9be9-907e9de679c5@group-795C0B34689D: ConfigurationManager, init=-1: [fbeba96c-4cf6-47d6-9be9-907e9de679c5:192.168.164.222:43337], old=null, confs=<EMPTY_MAP>
2019-10-04 06:14:33,925 [pool-423-thread-1] INFO  server.RaftServerConfigKeys (ConfUtils.java:logGet(43)) - raft.server.storage.dir = [/workdir/hadoop-ozone/integration-test/target/test-dir/MiniOzoneClusterImpl-576b2c35-ac69-4444-aca8-a582a9984376/datanode-4/data/ratis] (custom)
2019-10-04 06:14:33,925 [pool-423-thread-1] INFO  server.RaftServerConfigKeys (ConfUtils.java:logGet(43)) - raft.server.log.corruption.policy = EXCEPTION (default)
2019-10-04 06:14:33,925 [pool-423-thread-1] INFO  storage.RaftStorageDirectory (RaftStorageDirectory.java:analyzeStorage(246)) - The storage directory /workdir/hadoop-ozone/integration-test/target/test-dir/MiniOzoneClusterImpl-576b2c35-ac69-4444-aca8-a582a9984376/datanode-4/data/ratis/669bcfe7-9cf1-431b-92d7-795c0b34689d does not exist. Creating ...
2019-10-04 06:14:33,938 [pool-423-thread-1] INFO  storage.RaftStorageDirectory (RaftStorageDirectory.java:tryLock(328)) - Lock on /workdir/hadoop-ozone/integration-test/target/test-dir/MiniOzoneClusterImpl-576b2c35-ac69-4444-aca8-a582a9984376/datanode-4/data/ratis/669bcfe7-9cf1-431b-92d7-795c0b34689d/in_use.lock acquired by nodename 15560@pr-hdds-2222-2jdkn-3249983734
2019-10-04 06:14:33,952 [pool-423-thread-1] INFO  storage.RaftStorage (RaftStorage.java:format(84)) - Storage directory /workdir/hadoop-ozone/integration-test/target/test-dir/MiniOzoneClusterImpl-576b2c35-ac69-4444-aca8-a582a9984376/datanode-4/data/ratis/669bcfe7-9cf1-431b-92d7-795c0b34689d has been successfully formatted.
2019-10-04 06:14:33,952 [pool-423-thread-1] INFO  ratis.ContainerStateMachine (ContainerStateMachine.java:loadSnapshot(230)) - group-795C0B34689D: The snapshot info is null. Setting the last applied indexto:(t:0, i:~)
2019-10-04 06:14:33,952 [pool-423-thread-1] INFO  server.RaftServerConfigKeys (ConfUtils.java:logGet(43)) - raft.server.notification.no-leader.timeout = 120s (custom)
2019-10-04 06:14:33,952 [pool-423-thread-1] INFO  server.RaftServerConfigKeys (ConfUtils.java:logGet(43)) - raft.server.log.use.memory = false (default)
2019-10-04 06:14:33,952 [pool-423-thread-1] INFO  server.RaftServerConfigKeys (ConfUtils.java:logGet(43)) - raft.server.log.purge.gap = 1000000 (custom)
2019-10-04 06:14:33,953 [pool-423-thread-1] INFO  server.RaftServerConfigKeys (ConfUtils.java:logGet(43)) - raft.server.log.appender.buffer.byte-limit = 33554432 (custom)
2019-10-04 06:14:33,953 [pool-423-thread-1] INFO  server.RaftServerConfigKeys (ConfUtils.java:logGet(43)) - raft.server.log.segment.size.max = 1048576 (custom)
2019-10-04 06:14:33,955 [pool-423-thread-1] INFO  server.RaftServerConfigKeys (ConfUtils.java:logGet(43)) - raft.server.log.segment.cache.num.max = 2 (custom)
2019-10-04 06:14:33,955 [pool-423-thread-1] INFO  segmented.SegmentedRaftLogWorker (SegmentedRaftLogWorker.java:<init>(173)) - new fbeba96c-4cf6-47d6-9be9-907e9de679c5@group-795C0B34689D-SegmentedRaftLogWorker for RaftStorage:Storage Directory /workdir/hadoop-ozone/integration-test/target/test-dir/MiniOzoneClusterImpl-576b2c35-ac69-4444-aca8-a582a9984376/datanode-4/data/ratis/669bcfe7-9cf1-431b-92d7-795c0b34689d
2019-10-04 06:14:33,955 [pool-423-thread-1] INFO  server.RaftServerConfigKeys (ConfUtils.java:logGet(43)) - raft.server.log.queue.byte-limit = 2147483647 (custom)
2019-10-04 06:14:33,955 [pool-423-thread-1] INFO  server.RaftServerConfigKeys (ConfUtils.java:logGet(43)) - raft.server.log.queue.element-limit = 1024 (custom)
2019-10-04 06:14:33,955 [pool-423-thread-1] INFO  server.RaftServerConfigKeys (ConfUtils.java:logGet(43)) - raft.server.log.segment.size.max = 1048576 (custom)
2019-10-04 06:14:33,956 [pool-423-thread-1] INFO  server.RaftServerConfigKeys (ConfUtils.java:logGet(43)) - raft.server.log.preallocated.size = 16384 (custom)
2019-10-04 06:14:33,956 [pool-423-thread-1] INFO  server.RaftServerConfigKeys (ConfUtils.java:logGet(43)) - raft.server.log.write.buffer.size = 33554432 (custom)
2019-10-04 06:14:33,956 [pool-423-thread-1] INFO  server.RaftServerConfigKeys (ConfUtils.java:logGet(43)) - raft.server.log.force.sync.num = 128 (default)
2019-10-04 06:14:33,956 [pool-423-thread-1] INFO  server.RaftServerConfigKeys (ConfUtils.java:logGet(43)) - raft.server.log.statemachine.data.sync = true (default)
2019-10-04 06:14:33,956 [pool-423-thread-1] INFO  server.RaftServerConfigKeys (ConfUtils.java:logGet(43)) - raft.server.log.statemachine.data.sync.timeout = 10s (default)
2019-10-04 06:14:33,956 [pool-423-thread-1] INFO  server.RaftServerConfigKeys (ConfUtils.java:logGet(43)) - raft.server.log.statemachine.data.sync.timeout.retry = -1 (default)
2019-10-04 06:14:33,957 [pool-423-thread-1] INFO  server.RaftServerConfigKeys (ConfUtils.java:logGet(43)) - raft.server.log.statemachine.data.caching.enabled = true (custom)
2019-10-04 06:14:33,957 [pool-423-thread-1] INFO  segmented.SegmentedRaftLogWorker (SegmentedRaftLogWorker.java:lambda$new$0(128)) - fbeba96c-4cf6-47d6-9be9-907e9de679c5@group-795C0B34689D-SegmentedRaftLogWorker: flushIndex: setUnconditionally 0 -> -1
2019-10-04 06:14:33,957 [pool-423-thread-1] INFO  server.RaftServerConfigKeys (ConfUtils.java:logGet(43)) - raft.server.snapshot.auto.trigger.enabled = true (custom)
2019-10-04 06:14:33,957 [pool-423-thread-1] INFO  server.RaftServerConfigKeys (ConfUtils.java:logGet(43)) - raft.server.snapshot.auto.trigger.threshold = 10000 (custom)
2019-10-04 06:14:33,957 [pool-423-thread-1] INFO  server.RaftServerConfigKeys (ConfUtils.java:logGet(43)) - raft.server.snapshot.retention.file.num = 5 (custom)
2019-10-04 06:14:33,958 [pool-423-thread-1] INFO  server.RaftServerConfigKeys (ConfUtils.java:logGet(43)) - raft.server.retrycache.expirytime = 600000ms (custom)
2019-10-04 06:14:33,960 [pool-423-thread-1] INFO  impl.RaftServerImpl (RaftServerImpl.java:start(181)) - fbeba96c-4cf6-47d6-9be9-907e9de679c5@group-795C0B34689D: start as a follower, conf=-1: [fbeba96c-4cf6-47d6-9be9-907e9de679c5:192.168.164.222:43337], old=null
2019-10-04 06:14:33,960 [pool-423-thread-1] INFO  impl.RaftServerImpl (RaftServerImpl.java:setRole(170)) - fbeba96c-4cf6-47d6-9be9-907e9de679c5@group-795C0B34689D: changes role from      null to FOLLOWER at term 0 for startAsFollower
2019-10-04 06:14:33,960 [pool-423-thread-1] INFO  impl.RoleInfo (RoleInfo.java:updateAndGet(143)) - fbeba96c-4cf6-47d6-9be9-907e9de679c5: start FollowerState
2019-10-04 06:14:33,960 [pool-423-thread-1] INFO  util.JmxRegister (JmxRegister.java:tryRegister(44)) - Successfully registered JMX Bean with object name Ratis:service=RaftServer,group=group-795C0B34689D,id=fbeba96c-4cf6-47d6-9be9-907e9de679c5
2019-10-04 06:14:33,964 [RatisPipelineUtilsThread] INFO  pipeline.PipelineStateManager (PipelineStateManager.java:addPipeline(56)) - Created pipeline Pipeline[ Id: 669bcfe7-9cf1-431b-92d7-795c0b34689d, Nodes: fbeba96c-4cf6-47d6-9be9-907e9de679c5{ip: 192.168.164.222, host: pr-hdds-2222-2jdkn-3249983734, networkLocation: /default-rack, certSerialId: null}, Type:RATIS, Factor:ONE, State:OPEN]
2019-10-04 06:14:33,974 [grpc-default-executor-9] INFO  impl.RaftServerProxy (RaftServerProxy.java:addNew(89)) - 0c8f8237-245c-4663-9377-ac8b3d2a290c: addNew group-92705CFB5CB7:[0c8f8237-245c-4663-9377-ac8b3d2a290c:192.168.164.222:44739] returns group-92705CFB5CB7:java.util.concurrent.CompletableFuture@172d44f4[Not completed]
2019-10-04 06:14:33,976 [pool-413-thread-1] INFO  impl.RaftServerImpl (RaftServerImpl.java:<init>(95)) - 0c8f8237-245c-4663-9377-ac8b3d2a290c: new RaftServerImpl for group-92705CFB5CB7:[0c8f8237-245c-4663-9377-ac8b3d2a290c:192.168.164.222:44739] with ContainerStateMachine:uninitialized
2019-10-04 06:14:33,976 [pool-413-thread-1] INFO  server.RaftServerConfigKeys (ConfUtils.java:logGet(43)) - raft.server.rpc.timeout.min = 5s (custom)
2019-10-04 06:14:33,976 [pool-413-thread-1] INFO  server.RaftServerConfigKeys (ConfUtils.java:logGet(43)) - raft.server.rpc.timeout.max = 5200ms (custom)
2019-10-04 06:14:33,976 [pool-413-thread-1] INFO  server.RaftServerConfigKeys (ConfUtils.java:logGet(43)) - raft.server.rpcslowness.timeout = 120s (custom)
2019-10-04 06:14:33,976 [pool-413-thread-1] INFO  server.RaftServerConfigKeys (ConfUtils.java:logGet(43)) - raft.server.sleep.deviation.threshold = 300 (default)
2019-10-04 06:14:33,976 [pool-413-thread-1] INFO  server.RaftServerConfigKeys (ConfUtils.java:logGet(43)) - raft.server.log.appender.install.snapshot.enabled = false (custom)
2019-10-04 06:14:33,976 [pool-413-thread-1] INFO  impl.RaftServerImpl (ServerState.java:<init>(103)) - 0c8f8237-245c-4663-9377-ac8b3d2a290c@group-92705CFB5CB7: ConfigurationManager, init=-1: [0c8f8237-245c-4663-9377-ac8b3d2a290c:192.168.164.222:44739], old=null, confs=<EMPTY_MAP>
2019-10-04 06:14:33,977 [pool-413-thread-1] INFO  server.RaftServerConfigKeys (ConfUtils.java:logGet(43)) - raft.server.storage.dir = [/workdir/hadoop-ozone/integration-test/target/test-dir/MiniOzoneClusterImpl-576b2c35-ac69-4444-aca8-a582a9984376/datanode-3/data/ratis] (custom)
2019-10-04 06:14:33,977 [pool-413-thread-1] INFO  server.RaftServerConfigKeys (ConfUtils.java:logGet(43)) - raft.server.log.corruption.policy = EXCEPTION (default)
2019-10-04 06:14:33,977 [pool-413-thread-1] INFO  storage.RaftStorageDirectory (RaftStorageDirectory.java:analyzeStorage(246)) - The storage directory /workdir/hadoop-ozone/integration-test/target/test-dir/MiniOzoneClusterImpl-576b2c35-ac69-4444-aca8-a582a9984376/datanode-3/data/ratis/1c20d534-ab5c-432e-ad28-92705cfb5cb7 does not exist. Creating ...
2019-10-04 06:14:33,990 [pool-413-thread-1] INFO  storage.RaftStorageDirectory (RaftStorageDirectory.java:tryLock(328)) - Lock on /workdir/hadoop-ozone/integration-test/target/test-dir/MiniOzoneClusterImpl-576b2c35-ac69-4444-aca8-a582a9984376/datanode-3/data/ratis/1c20d534-ab5c-432e-ad28-92705cfb5cb7/in_use.lock acquired by nodename 15560@pr-hdds-2222-2jdkn-3249983734
2019-10-04 06:14:33,996 [IPC Server handler 4 on 36309] INFO  net.NetworkTopology (NetworkTopologyImpl.java:add(111)) - Added a new node: /default-rack/504d9125-0d80-41e0-a1a9-8a8df4d27901
2019-10-04 06:14:33,996 [IPC Server handler 4 on 36309] INFO  node.SCMNodeManager (SCMNodeManager.java:register(266)) - Registered Data node : 504d9125-0d80-41e0-a1a9-8a8df4d27901{ip: 192.168.164.222, host: pr-hdds-2222-2jdkn-3249983734, networkLocation: /default-rack, certSerialId: null}
2019-10-04 06:14:34,004 [pool-413-thread-1] INFO  storage.RaftStorage (RaftStorage.java:format(84)) - Storage directory /workdir/hadoop-ozone/integration-test/target/test-dir/MiniOzoneClusterImpl-576b2c35-ac69-4444-aca8-a582a9984376/datanode-3/data/ratis/1c20d534-ab5c-432e-ad28-92705cfb5cb7 has been successfully formatted.
2019-10-04 06:14:34,004 [pool-413-thread-1] INFO  ratis.ContainerStateMachine (ContainerStateMachine.java:loadSnapshot(230)) - group-92705CFB5CB7: The snapshot info is null. Setting the last applied indexto:(t:0, i:~)
2019-10-04 06:14:34,004 [pool-413-thread-1] INFO  server.RaftServerConfigKeys (ConfUtils.java:logGet(43)) - raft.server.notification.no-leader.timeout = 120s (custom)
2019-10-04 06:14:34,004 [pool-413-thread-1] INFO  server.RaftServerConfigKeys (ConfUtils.java:logGet(43)) - raft.server.log.use.memory = false (default)
2019-10-04 06:14:34,004 [pool-413-thread-1] INFO  server.RaftServerConfigKeys (ConfUtils.java:logGet(43)) - raft.server.log.purge.gap = 1000000 (custom)
2019-10-04 06:14:34,005 [pool-413-thread-1] INFO  server.RaftServerConfigKeys (ConfUtils.java:logGet(43)) - raft.server.log.appender.buffer.byte-limit = 33554432 (custom)
2019-10-04 06:14:34,005 [pool-413-thread-1] INFO  server.RaftServerConfigKeys (ConfUtils.java:logGet(43)) - raft.server.log.segment.size.max = 1048576 (custom)
2019-10-04 06:14:34,006 [pool-413-thread-1] INFO  server.RaftServerConfigKeys (ConfUtils.java:logGet(43)) - raft.server.log.segment.cache.num.max = 2 (custom)
2019-10-04 06:14:34,007 [pool-413-thread-1] INFO  segmented.SegmentedRaftLogWorker (SegmentedRaftLogWorker.java:<init>(173)) - new 0c8f8237-245c-4663-9377-ac8b3d2a290c@group-92705CFB5CB7-SegmentedRaftLogWorker for RaftStorage:Storage Directory /workdir/hadoop-ozone/integration-test/target/test-dir/MiniOzoneClusterImpl-576b2c35-ac69-4444-aca8-a582a9984376/datanode-3/data/ratis/1c20d534-ab5c-432e-ad28-92705cfb5cb7
2019-10-04 06:14:34,007 [pool-413-thread-1] INFO  server.RaftServerConfigKeys (ConfUtils.java:logGet(43)) - raft.server.log.queue.byte-limit = 2147483647 (custom)
2019-10-04 06:14:34,007 [pool-413-thread-1] INFO  server.RaftServerConfigKeys (ConfUtils.java:logGet(43)) - raft.server.log.queue.element-limit = 1024 (custom)
2019-10-04 06:14:34,007 [pool-413-thread-1] INFO  server.RaftServerConfigKeys (ConfUtils.java:logGet(43)) - raft.server.log.segment.size.max = 1048576 (custom)
2019-10-04 06:14:34,007 [pool-413-thread-1] INFO  server.RaftServerConfigKeys (ConfUtils.java:logGet(43)) - raft.server.log.preallocated.size = 16384 (custom)
2019-10-04 06:14:34,007 [pool-413-thread-1] INFO  server.RaftServerConfigKeys (ConfUtils.java:logGet(43)) - raft.server.log.write.buffer.size = 33554432 (custom)
2019-10-04 06:14:34,007 [pool-413-thread-1] INFO  server.RaftServerConfigKeys (ConfUtils.java:logGet(43)) - raft.server.log.force.sync.num = 128 (default)
2019-10-04 06:14:34,007 [pool-413-thread-1] INFO  server.RaftServerConfigKeys (ConfUtils.java:logGet(43)) - raft.server.log.statemachine.data.sync = true (default)
2019-10-04 06:14:34,008 [pool-413-thread-1] INFO  server.RaftServerConfigKeys (ConfUtils.java:logGet(43)) - raft.server.log.statemachine.data.sync.timeout = 10s (default)
2019-10-04 06:14:34,008 [pool-413-thread-1] INFO  server.RaftServerConfigKeys (ConfUtils.java:logGet(43)) - raft.server.log.statemachine.data.sync.timeout.retry = -1 (default)
2019-10-04 06:14:34,008 [pool-413-thread-1] INFO  server.RaftServerConfigKeys (ConfUtils.java:logGet(43)) - raft.server.log.statemachine.data.caching.enabled = true (custom)
2019-10-04 06:14:34,008 [pool-413-thread-1] INFO  segmented.SegmentedRaftLogWorker (SegmentedRaftLogWorker.java:lambda$new$0(128)) - 0c8f8237-245c-4663-9377-ac8b3d2a290c@group-92705CFB5CB7-SegmentedRaftLogWorker: flushIndex: setUnconditionally 0 -> -1
2019-10-04 06:14:34,009 [pool-413-thread-1] INFO  server.RaftServerConfigKeys (ConfUtils.java:logGet(43)) - raft.server.snapshot.auto.trigger.enabled = true (custom)
2019-10-04 06:14:34,009 [pool-413-thread-1] INFO  server.RaftServerConfigKeys (ConfUtils.java:logGet(43)) - raft.server.snapshot.auto.trigger.threshold = 10000 (custom)
2019-10-04 06:14:34,009 [pool-413-thread-1] INFO  server.RaftServerConfigKeys (ConfUtils.java:logGet(43)) - raft.server.snapshot.retention.file.num = 5 (custom)
2019-10-04 06:14:34,009 [pool-413-thread-1] INFO  server.RaftServerConfigKeys (ConfUtils.java:logGet(43)) - raft.server.retrycache.expirytime = 600000ms (custom)
2019-10-04 06:14:34,011 [pool-413-thread-1] INFO  impl.RaftServerImpl (RaftServerImpl.java:start(181)) - 0c8f8237-245c-4663-9377-ac8b3d2a290c@group-92705CFB5CB7: start as a follower, conf=-1: [0c8f8237-245c-4663-9377-ac8b3d2a290c:192.168.164.222:44739], old=null
2019-10-04 06:14:34,011 [pool-413-thread-1] INFO  impl.RaftServerImpl (RaftServerImpl.java:setRole(170)) - 0c8f8237-245c-4663-9377-ac8b3d2a290c@group-92705CFB5CB7: changes role from      null to FOLLOWER at term 0 for startAsFollower
2019-10-04 06:14:34,011 [pool-413-thread-1] INFO  impl.RoleInfo (RoleInfo.java:updateAndGet(143)) - 0c8f8237-245c-4663-9377-ac8b3d2a290c: start FollowerState
2019-10-04 06:14:34,011 [pool-413-thread-1] INFO  util.JmxRegister (JmxRegister.java:tryRegister(44)) - Successfully registered JMX Bean with object name Ratis:service=RaftServer,group=group-92705CFB5CB7,id=0c8f8237-245c-4663-9377-ac8b3d2a290c
2019-10-04 06:14:34,016 [RatisPipelineUtilsThread] INFO  pipeline.PipelineStateManager (PipelineStateManager.java:addPipeline(56)) - Created pipeline Pipeline[ Id: 1c20d534-ab5c-432e-ad28-92705cfb5cb7, Nodes: 0c8f8237-245c-4663-9377-ac8b3d2a290c{ip: 192.168.164.222, host: pr-hdds-2222-2jdkn-3249983734, networkLocation: /default-rack, certSerialId: null}, Type:RATIS, Factor:ONE, State:OPEN]
2019-10-04 06:14:34,026 [grpc-default-executor-9] INFO  impl.RaftServerProxy (RaftServerProxy.java:addNew(89)) - 504d9125-0d80-41e0-a1a9-8a8df4d27901: addNew group-68C9AF20D07D:[504d9125-0d80-41e0-a1a9-8a8df4d27901:192.168.164.222:33712] returns group-68C9AF20D07D:java.util.concurrent.CompletableFuture@4356d8c4[Not completed]
2019-10-04 06:14:34,027 [pool-433-thread-1] INFO  impl.RaftServerImpl (RaftServerImpl.java:<init>(95)) - 504d9125-0d80-41e0-a1a9-8a8df4d27901: new RaftServerImpl for group-68C9AF20D07D:[504d9125-0d80-41e0-a1a9-8a8df4d27901:192.168.164.222:33712] with ContainerStateMachine:uninitialized
2019-10-04 06:14:34,027 [pool-433-thread-1] INFO  server.RaftServerConfigKeys (ConfUtils.java:logGet(43)) - raft.server.rpc.timeout.min = 5s (custom)
2019-10-04 06:14:34,028 [pool-433-thread-1] INFO  server.RaftServerConfigKeys (ConfUtils.java:logGet(43)) - raft.server.rpc.timeout.max = 5200ms (custom)
2019-10-04 06:14:34,028 [pool-433-thread-1] INFO  server.RaftServerConfigKeys (ConfUtils.java:logGet(43)) - raft.server.rpcslowness.timeout = 120s (custom)
2019-10-04 06:14:34,028 [pool-433-thread-1] INFO  server.RaftServerConfigKeys (ConfUtils.java:logGet(43)) - raft.server.sleep.deviation.threshold = 300 (default)
2019-10-04 06:14:34,028 [pool-433-thread-1] INFO  server.RaftServerConfigKeys (ConfUtils.java:logGet(43)) - raft.server.log.appender.install.snapshot.enabled = false (custom)
2019-10-04 06:14:34,028 [pool-433-thread-1] INFO  impl.RaftServerImpl (ServerState.java:<init>(103)) - 504d9125-0d80-41e0-a1a9-8a8df4d27901@group-68C9AF20D07D: ConfigurationManager, init=-1: [504d9125-0d80-41e0-a1a9-8a8df4d27901:192.168.164.222:33712], old=null, confs=<EMPTY_MAP>
2019-10-04 06:14:34,028 [pool-433-thread-1] INFO  server.RaftServerConfigKeys (ConfUtils.java:logGet(43)) - raft.server.storage.dir = [/workdir/hadoop-ozone/integration-test/target/test-dir/MiniOzoneClusterImpl-576b2c35-ac69-4444-aca8-a582a9984376/datanode-5/data/ratis] (custom)
2019-10-04 06:14:34,028 [pool-433-thread-1] INFO  server.RaftServerConfigKeys (ConfUtils.java:logGet(43)) - raft.server.log.corruption.policy = EXCEPTION (default)
2019-10-04 06:14:34,029 [pool-433-thread-1] INFO  storage.RaftStorageDirectory (RaftStorageDirectory.java:analyzeStorage(246)) - The storage directory /workdir/hadoop-ozone/integration-test/target/test-dir/MiniOzoneClusterImpl-576b2c35-ac69-4444-aca8-a582a9984376/datanode-5/data/ratis/5e2d7090-7719-4290-8af0-68c9af20d07d does not exist. Creating ...
2019-10-04 06:14:34,041 [pool-433-thread-1] INFO  storage.RaftStorageDirectory (RaftStorageDirectory.java:tryLock(328)) - Lock on /workdir/hadoop-ozone/integration-test/target/test-dir/MiniOzoneClusterImpl-576b2c35-ac69-4444-aca8-a582a9984376/datanode-5/data/ratis/5e2d7090-7719-4290-8af0-68c9af20d07d/in_use.lock acquired by nodename 15560@pr-hdds-2222-2jdkn-3249983734
2019-10-04 06:14:34,054 [pool-433-thread-1] INFO  storage.RaftStorage (RaftStorage.java:format(84)) - Storage directory /workdir/hadoop-ozone/integration-test/target/test-dir/MiniOzoneClusterImpl-576b2c35-ac69-4444-aca8-a582a9984376/datanode-5/data/ratis/5e2d7090-7719-4290-8af0-68c9af20d07d has been successfully formatted.
2019-10-04 06:14:34,054 [pool-433-thread-1] INFO  ratis.ContainerStateMachine (ContainerStateMachine.java:loadSnapshot(230)) - group-68C9AF20D07D: The snapshot info is null. Setting the last applied indexto:(t:0, i:~)
2019-10-04 06:14:34,054 [pool-433-thread-1] INFO  server.RaftServerConfigKeys (ConfUtils.java:logGet(43)) - raft.server.notification.no-leader.timeout = 120s (custom)
2019-10-04 06:14:34,055 [pool-433-thread-1] INFO  server.RaftServerConfigKeys (ConfUtils.java:logGet(43)) - raft.server.log.use.memory = false (default)
2019-10-04 06:14:34,055 [pool-433-thread-1] INFO  server.RaftServerConfigKeys (ConfUtils.java:logGet(43)) - raft.server.log.purge.gap = 1000000 (custom)
2019-10-04 06:14:34,055 [pool-433-thread-1] INFO  server.RaftServerConfigKeys (ConfUtils.java:logGet(43)) - raft.server.log.appender.buffer.byte-limit = 33554432 (custom)
2019-10-04 06:14:34,055 [pool-433-thread-1] INFO  server.RaftServerConfigKeys (ConfUtils.java:logGet(43)) - raft.server.log.segment.size.max = 1048576 (custom)
2019-10-04 06:14:34,056 [pool-433-thread-1] INFO  server.RaftServerConfigKeys (ConfUtils.java:logGet(43)) - raft.server.log.segment.cache.num.max = 2 (custom)
2019-10-04 06:14:34,057 [pool-433-thread-1] INFO  segmented.SegmentedRaftLogWorker (SegmentedRaftLogWorker.java:<init>(173)) - new 504d9125-0d80-41e0-a1a9-8a8df4d27901@group-68C9AF20D07D-SegmentedRaftLogWorker for RaftStorage:Storage Directory /workdir/hadoop-ozone/integration-test/target/test-dir/MiniOzoneClusterImpl-576b2c35-ac69-4444-aca8-a582a9984376/datanode-5/data/ratis/5e2d7090-7719-4290-8af0-68c9af20d07d
2019-10-04 06:14:34,057 [pool-433-thread-1] INFO  server.RaftServerConfigKeys (ConfUtils.java:logGet(43)) - raft.server.log.queue.byte-limit = 2147483647 (custom)
2019-10-04 06:14:34,057 [pool-433-thread-1] INFO  server.RaftServerConfigKeys (ConfUtils.java:logGet(43)) - raft.server.log.queue.element-limit = 1024 (custom)
2019-10-04 06:14:34,057 [pool-433-thread-1] INFO  server.RaftServerConfigKeys (ConfUtils.java:logGet(43)) - raft.server.log.segment.size.max = 1048576 (custom)
2019-10-04 06:14:34,057 [pool-433-thread-1] INFO  server.RaftServerConfigKeys (ConfUtils.java:logGet(43)) - raft.server.log.preallocated.size = 16384 (custom)
2019-10-04 06:14:34,057 [pool-433-thread-1] INFO  server.RaftServerConfigKeys (ConfUtils.java:logGet(43)) - raft.server.log.write.buffer.size = 33554432 (custom)
2019-10-04 06:14:34,057 [pool-433-thread-1] INFO  server.RaftServerConfigKeys (ConfUtils.java:logGet(43)) - raft.server.log.force.sync.num = 128 (default)
2019-10-04 06:14:34,057 [pool-433-thread-1] INFO  server.RaftServerConfigKeys (ConfUtils.java:logGet(43)) - raft.server.log.statemachine.data.sync = true (default)
2019-10-04 06:14:34,057 [pool-433-thread-1] INFO  server.RaftServerConfigKeys (ConfUtils.java:logGet(43)) - raft.server.log.statemachine.data.sync.timeout = 10s (default)
2019-10-04 06:14:34,058 [pool-433-thread-1] INFO  server.RaftServerConfigKeys (ConfUtils.java:logGet(43)) - raft.server.log.statemachine.data.sync.timeout.retry = -1 (default)
2019-10-04 06:14:34,058 [pool-433-thread-1] INFO  server.RaftServerConfigKeys (ConfUtils.java:logGet(43)) - raft.server.log.statemachine.data.caching.enabled = true (custom)
2019-10-04 06:14:34,058 [pool-433-thread-1] INFO  segmented.SegmentedRaftLogWorker (SegmentedRaftLogWorker.java:lambda$new$0(128)) - 504d9125-0d80-41e0-a1a9-8a8df4d27901@group-68C9AF20D07D-SegmentedRaftLogWorker: flushIndex: setUnconditionally 0 -> -1
2019-10-04 06:14:34,058 [pool-433-thread-1] INFO  server.RaftServerConfigKeys (ConfUtils.java:logGet(43)) - raft.server.snapshot.auto.trigger.enabled = true (custom)
2019-10-04 06:14:34,059 [pool-433-thread-1] INFO  server.RaftServerConfigKeys (ConfUtils.java:logGet(43)) - raft.server.snapshot.auto.trigger.threshold = 10000 (custom)
2019-10-04 06:14:34,059 [pool-433-thread-1] INFO  server.RaftServerConfigKeys (ConfUtils.java:logGet(43)) - raft.server.snapshot.retention.file.num = 5 (custom)
2019-10-04 06:14:34,059 [pool-433-thread-1] INFO  server.RaftServerConfigKeys (ConfUtils.java:logGet(43)) - raft.server.retrycache.expirytime = 600000ms (custom)
2019-10-04 06:14:34,060 [IPC Server handler 5 on 36309] INFO  net.NetworkTopology (NetworkTopologyImpl.java:add(111)) - Added a new node: /default-rack/41c3a30f-f982-4f7c-88a6-c7684dbd713a
2019-10-04 06:14:34,060 [IPC Server handler 5 on 36309] INFO  node.SCMNodeManager (SCMNodeManager.java:register(266)) - Registered Data node : 41c3a30f-f982-4f7c-88a6-c7684dbd713a{ip: 192.168.164.222, host: pr-hdds-2222-2jdkn-3249983734, networkLocation: /default-rack, certSerialId: null}
2019-10-04 06:14:34,060 [pool-433-thread-1] INFO  impl.RaftServerImpl (RaftServerImpl.java:start(181)) - 504d9125-0d80-41e0-a1a9-8a8df4d27901@group-68C9AF20D07D: start as a follower, conf=-1: [504d9125-0d80-41e0-a1a9-8a8df4d27901:192.168.164.222:33712], old=null
2019-10-04 06:14:34,060 [pool-433-thread-1] INFO  impl.RaftServerImpl (RaftServerImpl.java:setRole(170)) - 504d9125-0d80-41e0-a1a9-8a8df4d27901@group-68C9AF20D07D: changes role from      null to FOLLOWER at term 0 for startAsFollower
2019-10-04 06:14:34,060 [pool-433-thread-1] INFO  impl.RoleInfo (RoleInfo.java:updateAndGet(143)) - 504d9125-0d80-41e0-a1a9-8a8df4d27901: start FollowerState
2019-10-04 06:14:34,061 [pool-433-thread-1] INFO  util.JmxRegister (JmxRegister.java:tryRegister(44)) - Successfully registered JMX Bean with object name Ratis:service=RaftServer,group=group-68C9AF20D07D,id=504d9125-0d80-41e0-a1a9-8a8df4d27901
2019-10-04 06:14:34,064 [main] INFO  ozone.MiniOzoneClusterImpl (MiniOzoneClusterImpl.java:lambda$waitForClusterToBeReady$0(147)) - Cluster is ready. Got 7 of 7 DN Heartbeats.
2019-10-04 06:14:34,065 [RatisPipelineUtilsThread] INFO  pipeline.PipelineStateManager (PipelineStateManager.java:addPipeline(56)) - Created pipeline Pipeline[ Id: 5e2d7090-7719-4290-8af0-68c9af20d07d, Nodes: 504d9125-0d80-41e0-a1a9-8a8df4d27901{ip: 192.168.164.222, host: pr-hdds-2222-2jdkn-3249983734, networkLocation: /default-rack, certSerialId: null}, Type:RATIS, Factor:ONE, State:OPEN]
2019-10-04 06:14:34,078 [grpc-default-executor-9] INFO  impl.RaftServerProxy (RaftServerProxy.java:addNew(89)) - 41c3a30f-f982-4f7c-88a6-c7684dbd713a: addNew group-91029E5EC6A4:[41c3a30f-f982-4f7c-88a6-c7684dbd713a:192.168.164.222:34146] returns group-91029E5EC6A4:java.util.concurrent.CompletableFuture@53746794[Not completed]
2019-10-04 06:14:34,082 [pool-443-thread-1] INFO  impl.RaftServerImpl (RaftServerImpl.java:<init>(95)) - 41c3a30f-f982-4f7c-88a6-c7684dbd713a: new RaftServerImpl for group-91029E5EC6A4:[41c3a30f-f982-4f7c-88a6-c7684dbd713a:192.168.164.222:34146] with ContainerStateMachine:uninitialized
2019-10-04 06:14:34,082 [pool-443-thread-1] INFO  server.RaftServerConfigKeys (ConfUtils.java:logGet(43)) - raft.server.rpc.timeout.min = 5s (custom)
2019-10-04 06:14:34,082 [pool-443-thread-1] INFO  server.RaftServerConfigKeys (ConfUtils.java:logGet(43)) - raft.server.rpc.timeout.max = 5200ms (custom)
2019-10-04 06:14:34,082 [pool-443-thread-1] INFO  server.RaftServerConfigKeys (ConfUtils.java:logGet(43)) - raft.server.rpcslowness.timeout = 120s (custom)
2019-10-04 06:14:34,083 [pool-443-thread-1] INFO  server.RaftServerConfigKeys (ConfUtils.java:logGet(43)) - raft.server.sleep.deviation.threshold = 300 (default)
2019-10-04 06:14:34,083 [pool-443-thread-1] INFO  server.RaftServerConfigKeys (ConfUtils.java:logGet(43)) - raft.server.log.appender.install.snapshot.enabled = false (custom)
2019-10-04 06:14:34,083 [pool-443-thread-1] INFO  impl.RaftServerImpl (ServerState.java:<init>(103)) - 41c3a30f-f982-4f7c-88a6-c7684dbd713a@group-91029E5EC6A4: ConfigurationManager, init=-1: [41c3a30f-f982-4f7c-88a6-c7684dbd713a:192.168.164.222:34146], old=null, confs=<EMPTY_MAP>
2019-10-04 06:14:34,088 [pool-443-thread-1] INFO  server.RaftServerConfigKeys (ConfUtils.java:logGet(43)) - raft.server.storage.dir = [/workdir/hadoop-ozone/integration-test/target/test-dir/MiniOzoneClusterImpl-576b2c35-ac69-4444-aca8-a582a9984376/datanode-6/data/ratis] (custom)
2019-10-04 06:14:34,095 [pool-443-thread-1] INFO  server.RaftServerConfigKeys (ConfUtils.java:logGet(43)) - raft.server.log.corruption.policy = EXCEPTION (default)
2019-10-04 06:14:34,095 [pool-443-thread-1] INFO  storage.RaftStorageDirectory (RaftStorageDirectory.java:analyzeStorage(246)) - The storage directory /workdir/hadoop-ozone/integration-test/target/test-dir/MiniOzoneClusterImpl-576b2c35-ac69-4444-aca8-a582a9984376/datanode-6/data/ratis/a6519bcc-664a-407c-adb2-91029e5ec6a4 does not exist. Creating ...
2019-10-04 06:14:34,102 [main] INFO  rpc.RpcClient (RpcClient.java:createVolume(277)) - Creating Volume: watchforcommithandlingtest, with jenkins1000 as owner.
2019-10-04 06:14:34,105 [IPC Server handler 2 on 37309] INFO  volume.OMVolumeCreateRequest (OMVolumeCreateRequest.java:validateAndUpdateCache(193)) - created volume:watchforcommithandlingtest for user:jenkins1000
2019-10-04 06:14:34,109 [pool-443-thread-1] INFO  storage.RaftStorageDirectory (RaftStorageDirectory.java:tryLock(328)) - Lock on /workdir/hadoop-ozone/integration-test/target/test-dir/MiniOzoneClusterImpl-576b2c35-ac69-4444-aca8-a582a9984376/datanode-6/data/ratis/a6519bcc-664a-407c-adb2-91029e5ec6a4/in_use.lock acquired by nodename 15560@pr-hdds-2222-2jdkn-3249983734
2019-10-04 06:14:34,117 [main] INFO  rpc.RpcClient (RpcClient.java:createBucket(416)) - Creating Bucket: watchforcommithandlingtest/watchforcommithandlingtest, with Versioning false and Storage Type set to DISK and Encryption set to false 
2019-10-04 06:14:34,121 [main] INFO  ozone.MiniOzoneClusterImpl (MiniOzoneClusterImpl.java:getStorageContainerLocationClient(234)) - Creating StorageContainerLocationProtocol RPC client with address /0.0.0.0:37690
2019-10-04 06:14:34,132 [pool-443-thread-1] INFO  storage.RaftStorage (RaftStorage.java:format(84)) - Storage directory /workdir/hadoop-ozone/integration-test/target/test-dir/MiniOzoneClusterImpl-576b2c35-ac69-4444-aca8-a582a9984376/datanode-6/data/ratis/a6519bcc-664a-407c-adb2-91029e5ec6a4 has been successfully formatted.
2019-10-04 06:14:34,132 [pool-443-thread-1] INFO  ratis.ContainerStateMachine (ContainerStateMachine.java:loadSnapshot(230)) - group-91029E5EC6A4: The snapshot info is null. Setting the last applied indexto:(t:0, i:~)
2019-10-04 06:14:34,132 [pool-443-thread-1] INFO  server.RaftServerConfigKeys (ConfUtils.java:logGet(43)) - raft.server.notification.no-leader.timeout = 120s (custom)
2019-10-04 06:14:34,132 [pool-443-thread-1] INFO  server.RaftServerConfigKeys (ConfUtils.java:logGet(43)) - raft.server.log.use.memory = false (default)
2019-10-04 06:14:34,133 [pool-443-thread-1] INFO  server.RaftServerConfigKeys (ConfUtils.java:logGet(43)) - raft.server.log.purge.gap = 1000000 (custom)
2019-10-04 06:14:34,133 [pool-443-thread-1] INFO  server.RaftServerConfigKeys (ConfUtils.java:logGet(43)) - raft.server.log.appender.buffer.byte-limit = 33554432 (custom)
2019-10-04 06:14:34,133 [pool-443-thread-1] INFO  server.RaftServerConfigKeys (ConfUtils.java:logGet(43)) - raft.server.log.segment.size.max = 1048576 (custom)
2019-10-04 06:14:34,135 [pool-443-thread-1] INFO  server.RaftServerConfigKeys (ConfUtils.java:logGet(43)) - raft.server.log.segment.cache.num.max = 2 (custom)
2019-10-04 06:14:34,135 [pool-443-thread-1] INFO  segmented.SegmentedRaftLogWorker (SegmentedRaftLogWorker.java:<init>(173)) - new 41c3a30f-f982-4f7c-88a6-c7684dbd713a@group-91029E5EC6A4-SegmentedRaftLogWorker for RaftStorage:Storage Directory /workdir/hadoop-ozone/integration-test/target/test-dir/MiniOzoneClusterImpl-576b2c35-ac69-4444-aca8-a582a9984376/datanode-6/data/ratis/a6519bcc-664a-407c-adb2-91029e5ec6a4
2019-10-04 06:14:34,135 [pool-443-thread-1] INFO  server.RaftServerConfigKeys (ConfUtils.java:logGet(43)) - raft.server.log.queue.byte-limit = 2147483647 (custom)
2019-10-04 06:14:34,135 [pool-443-thread-1] INFO  server.RaftServerConfigKeys (ConfUtils.java:logGet(43)) - raft.server.log.queue.element-limit = 1024 (custom)
2019-10-04 06:14:34,136 [pool-443-thread-1] INFO  server.RaftServerConfigKeys (ConfUtils.java:logGet(43)) - raft.server.log.segment.size.max = 1048576 (custom)
2019-10-04 06:14:34,136 [pool-443-thread-1] INFO  server.RaftServerConfigKeys (ConfUtils.java:logGet(43)) - raft.server.log.preallocated.size = 16384 (custom)
2019-10-04 06:14:34,136 [pool-443-thread-1] INFO  server.RaftServerConfigKeys (ConfUtils.java:logGet(43)) - raft.server.log.write.buffer.size = 33554432 (custom)
2019-10-04 06:14:34,136 [pool-443-thread-1] INFO  server.RaftServerConfigKeys (ConfUtils.java:logGet(43)) - raft.server.log.force.sync.num = 128 (default)
2019-10-04 06:14:34,136 [pool-443-thread-1] INFO  server.RaftServerConfigKeys (ConfUtils.java:logGet(43)) - raft.server.log.statemachine.data.sync = true (default)
2019-10-04 06:14:34,136 [pool-443-thread-1] INFO  server.RaftServerConfigKeys (ConfUtils.java:logGet(43)) - raft.server.log.statemachine.data.sync.timeout = 10s (default)
2019-10-04 06:14:34,136 [pool-443-thread-1] INFO  server.RaftServerConfigKeys (ConfUtils.java:logGet(43)) - raft.server.log.statemachine.data.sync.timeout.retry = -1 (default)
2019-10-04 06:14:34,137 [pool-443-thread-1] INFO  server.RaftServerConfigKeys (ConfUtils.java:logGet(43)) - raft.server.log.statemachine.data.caching.enabled = true (custom)
2019-10-04 06:14:34,137 [pool-443-thread-1] INFO  segmented.SegmentedRaftLogWorker (SegmentedRaftLogWorker.java:lambda$new$0(128)) - 41c3a30f-f982-4f7c-88a6-c7684dbd713a@group-91029E5EC6A4-SegmentedRaftLogWorker: flushIndex: setUnconditionally 0 -> -1
2019-10-04 06:14:34,137 [pool-443-thread-1] INFO  server.RaftServerConfigKeys (ConfUtils.java:logGet(43)) - raft.server.snapshot.auto.trigger.enabled = true (custom)
2019-10-04 06:14:34,137 [pool-443-thread-1] INFO  server.RaftServerConfigKeys (ConfUtils.java:logGet(43)) - raft.server.snapshot.auto.trigger.threshold = 10000 (custom)
2019-10-04 06:14:34,138 [pool-443-thread-1] INFO  server.RaftServerConfigKeys (ConfUtils.java:logGet(43)) - raft.server.snapshot.retention.file.num = 5 (custom)
2019-10-04 06:14:34,138 [pool-443-thread-1] INFO  server.RaftServerConfigKeys (ConfUtils.java:logGet(43)) - raft.server.retrycache.expirytime = 600000ms (custom)
2019-10-04 06:14:34,139 [pool-443-thread-1] INFO  impl.RaftServerImpl (RaftServerImpl.java:start(181)) - 41c3a30f-f982-4f7c-88a6-c7684dbd713a@group-91029E5EC6A4: start as a follower, conf=-1: [41c3a30f-f982-4f7c-88a6-c7684dbd713a:192.168.164.222:34146], old=null
2019-10-04 06:14:34,140 [pool-443-thread-1] INFO  impl.RaftServerImpl (RaftServerImpl.java:setRole(170)) - 41c3a30f-f982-4f7c-88a6-c7684dbd713a@group-91029E5EC6A4: changes role from      null to FOLLOWER at term 0 for startAsFollower
2019-10-04 06:14:34,140 [pool-443-thread-1] INFO  impl.RoleInfo (RoleInfo.java:updateAndGet(143)) - 41c3a30f-f982-4f7c-88a6-c7684dbd713a: start FollowerState
2019-10-04 06:14:34,140 [pool-443-thread-1] INFO  util.JmxRegister (JmxRegister.java:tryRegister(44)) - Successfully registered JMX Bean with object name Ratis:service=RaftServer,group=group-91029E5EC6A4,id=41c3a30f-f982-4f7c-88a6-c7684dbd713a
2019-10-04 06:14:34,144 [RatisPipelineUtilsThread] INFO  pipeline.PipelineStateManager (PipelineStateManager.java:addPipeline(56)) - Created pipeline Pipeline[ Id: a6519bcc-664a-407c-adb2-91029e5ec6a4, Nodes: 41c3a30f-f982-4f7c-88a6-c7684dbd713a{ip: 192.168.164.222, host: pr-hdds-2222-2jdkn-3249983734, networkLocation: /default-rack, certSerialId: null}, Type:RATIS, Factor:ONE, State:OPEN]
2019-10-04 06:14:34,155 [grpc-default-executor-9] INFO  impl.RaftServerProxy (RaftServerProxy.java:addNew(89)) - 0c8f8237-245c-4663-9377-ac8b3d2a290c: addNew group-67A92CCD3221:[fbeba96c-4cf6-47d6-9be9-907e9de679c5:192.168.164.222:43337, 41c3a30f-f982-4f7c-88a6-c7684dbd713a:192.168.164.222:34146, 0c8f8237-245c-4663-9377-ac8b3d2a290c:192.168.164.222:44739] returns group-67A92CCD3221:java.util.concurrent.CompletableFuture@2e7c1f59[Not completed]
2019-10-04 06:14:34,155 [grpc-default-executor-6] INFO  impl.RaftServerProxy (RaftServerProxy.java:addNew(89)) - fbeba96c-4cf6-47d6-9be9-907e9de679c5: addNew group-67A92CCD3221:[fbeba96c-4cf6-47d6-9be9-907e9de679c5:192.168.164.222:43337, 41c3a30f-f982-4f7c-88a6-c7684dbd713a:192.168.164.222:34146, 0c8f8237-245c-4663-9377-ac8b3d2a290c:192.168.164.222:44739] returns group-67A92CCD3221:java.util.concurrent.CompletableFuture@7e74d48a[Not completed]
2019-10-04 06:14:34,155 [grpc-default-executor-9] INFO  impl.RaftServerProxy (RaftServerProxy.java:addNew(89)) - 41c3a30f-f982-4f7c-88a6-c7684dbd713a: addNew group-67A92CCD3221:[fbeba96c-4cf6-47d6-9be9-907e9de679c5:192.168.164.222:43337, 41c3a30f-f982-4f7c-88a6-c7684dbd713a:192.168.164.222:34146, 0c8f8237-245c-4663-9377-ac8b3d2a290c:192.168.164.222:44739] returns group-67A92CCD3221:java.util.concurrent.CompletableFuture@5e4485c5[Not completed]
2019-10-04 06:14:34,156 [pool-423-thread-1] INFO  impl.RaftServerImpl (RaftServerImpl.java:<init>(95)) - fbeba96c-4cf6-47d6-9be9-907e9de679c5: new RaftServerImpl for group-67A92CCD3221:[fbeba96c-4cf6-47d6-9be9-907e9de679c5:192.168.164.222:43337, 41c3a30f-f982-4f7c-88a6-c7684dbd713a:192.168.164.222:34146, 0c8f8237-245c-4663-9377-ac8b3d2a290c:192.168.164.222:44739] with ContainerStateMachine:uninitialized
2019-10-04 06:14:34,156 [pool-423-thread-1] INFO  server.RaftServerConfigKeys (ConfUtils.java:logGet(43)) - raft.server.rpc.timeout.min = 5s (custom)
2019-10-04 06:14:34,156 [pool-423-thread-1] INFO  server.RaftServerConfigKeys (ConfUtils.java:logGet(43)) - raft.server.rpc.timeout.max = 5200ms (custom)
2019-10-04 06:14:34,156 [pool-423-thread-1] INFO  server.RaftServerConfigKeys (ConfUtils.java:logGet(43)) - raft.server.rpcslowness.timeout = 120s (custom)
2019-10-04 06:14:34,156 [pool-423-thread-1] INFO  server.RaftServerConfigKeys (ConfUtils.java:logGet(43)) - raft.server.sleep.deviation.threshold = 300 (default)
2019-10-04 06:14:34,156 [pool-423-thread-1] INFO  server.RaftServerConfigKeys (ConfUtils.java:logGet(43)) - raft.server.log.appender.install.snapshot.enabled = false (custom)
2019-10-04 06:14:34,156 [pool-423-thread-1] INFO  impl.RaftServerImpl (ServerState.java:<init>(103)) - fbeba96c-4cf6-47d6-9be9-907e9de679c5@group-67A92CCD3221: ConfigurationManager, init=-1: [fbeba96c-4cf6-47d6-9be9-907e9de679c5:192.168.164.222:43337, 41c3a30f-f982-4f7c-88a6-c7684dbd713a:192.168.164.222:34146, 0c8f8237-245c-4663-9377-ac8b3d2a290c:192.168.164.222:44739], old=null, confs=<EMPTY_MAP>
2019-10-04 06:14:34,157 [pool-423-thread-1] INFO  server.RaftServerConfigKeys (ConfUtils.java:logGet(43)) - raft.server.storage.dir = [/workdir/hadoop-ozone/integration-test/target/test-dir/MiniOzoneClusterImpl-576b2c35-ac69-4444-aca8-a582a9984376/datanode-4/data/ratis] (custom)
2019-10-04 06:14:34,157 [pool-443-thread-1] INFO  impl.RaftServerImpl (RaftServerImpl.java:<init>(95)) - 41c3a30f-f982-4f7c-88a6-c7684dbd713a: new RaftServerImpl for group-67A92CCD3221:[fbeba96c-4cf6-47d6-9be9-907e9de679c5:192.168.164.222:43337, 41c3a30f-f982-4f7c-88a6-c7684dbd713a:192.168.164.222:34146, 0c8f8237-245c-4663-9377-ac8b3d2a290c:192.168.164.222:44739] with ContainerStateMachine:uninitialized
2019-10-04 06:14:34,157 [pool-443-thread-1] INFO  server.RaftServerConfigKeys (ConfUtils.java:logGet(43)) - raft.server.rpc.timeout.min = 5s (custom)
2019-10-04 06:14:34,157 [pool-423-thread-1] INFO  server.RaftServerConfigKeys (ConfUtils.java:logGet(43)) - raft.server.log.corruption.policy = EXCEPTION (default)
2019-10-04 06:14:34,157 [pool-443-thread-1] INFO  server.RaftServerConfigKeys (ConfUtils.java:logGet(43)) - raft.server.rpc.timeout.max = 5200ms (custom)
2019-10-04 06:14:34,157 [pool-423-thread-1] INFO  storage.RaftStorageDirectory (RaftStorageDirectory.java:analyzeStorage(246)) - The storage directory /workdir/hadoop-ozone/integration-test/target/test-dir/MiniOzoneClusterImpl-576b2c35-ac69-4444-aca8-a582a9984376/datanode-4/data/ratis/74693058-76bf-4d13-be00-67a92ccd3221 does not exist. Creating ...
2019-10-04 06:14:34,157 [pool-413-thread-1] INFO  impl.RaftServerImpl (RaftServerImpl.java:<init>(95)) - 0c8f8237-245c-4663-9377-ac8b3d2a290c: new RaftServerImpl for group-67A92CCD3221:[fbeba96c-4cf6-47d6-9be9-907e9de679c5:192.168.164.222:43337, 41c3a30f-f982-4f7c-88a6-c7684dbd713a:192.168.164.222:34146, 0c8f8237-245c-4663-9377-ac8b3d2a290c:192.168.164.222:44739] with ContainerStateMachine:uninitialized
2019-10-04 06:14:34,157 [pool-443-thread-1] INFO  server.RaftServerConfigKeys (ConfUtils.java:logGet(43)) - raft.server.rpcslowness.timeout = 120s (custom)
2019-10-04 06:14:34,157 [pool-413-thread-1] INFO  server.RaftServerConfigKeys (ConfUtils.java:logGet(43)) - raft.server.rpc.timeout.min = 5s (custom)
2019-10-04 06:14:34,157 [pool-443-thread-1] INFO  server.RaftServerConfigKeys (ConfUtils.java:logGet(43)) - raft.server.sleep.deviation.threshold = 300 (default)
2019-10-04 06:14:34,158 [pool-413-thread-1] INFO  server.RaftServerConfigKeys (ConfUtils.java:logGet(43)) - raft.server.rpc.timeout.max = 5200ms (custom)
2019-10-04 06:14:34,158 [pool-443-thread-1] INFO  server.RaftServerConfigKeys (ConfUtils.java:logGet(43)) - raft.server.log.appender.install.snapshot.enabled = false (custom)
2019-10-04 06:14:34,158 [pool-413-thread-1] INFO  server.RaftServerConfigKeys (ConfUtils.java:logGet(43)) - raft.server.rpcslowness.timeout = 120s (custom)
2019-10-04 06:14:34,158 [pool-413-thread-1] INFO  server.RaftServerConfigKeys (ConfUtils.java:logGet(43)) - raft.server.sleep.deviation.threshold = 300 (default)
2019-10-04 06:14:34,158 [pool-413-thread-1] INFO  server.RaftServerConfigKeys (ConfUtils.java:logGet(43)) - raft.server.log.appender.install.snapshot.enabled = false (custom)
2019-10-04 06:14:34,158 [pool-443-thread-1] INFO  impl.RaftServerImpl (ServerState.java:<init>(103)) - 41c3a30f-f982-4f7c-88a6-c7684dbd713a@group-67A92CCD3221: ConfigurationManager, init=-1: [fbeba96c-4cf6-47d6-9be9-907e9de679c5:192.168.164.222:43337, 41c3a30f-f982-4f7c-88a6-c7684dbd713a:192.168.164.222:34146, 0c8f8237-245c-4663-9377-ac8b3d2a290c:192.168.164.222:44739], old=null, confs=<EMPTY_MAP>
2019-10-04 06:14:34,159 [pool-413-thread-1] INFO  impl.RaftServerImpl (ServerState.java:<init>(103)) - 0c8f8237-245c-4663-9377-ac8b3d2a290c@group-67A92CCD3221: ConfigurationManager, init=-1: [fbeba96c-4cf6-47d6-9be9-907e9de679c5:192.168.164.222:43337, 41c3a30f-f982-4f7c-88a6-c7684dbd713a:192.168.164.222:34146, 0c8f8237-245c-4663-9377-ac8b3d2a290c:192.168.164.222:44739], old=null, confs=<EMPTY_MAP>
2019-10-04 06:14:34,159 [pool-443-thread-1] INFO  server.RaftServerConfigKeys (ConfUtils.java:logGet(43)) - raft.server.storage.dir = [/workdir/hadoop-ozone/integration-test/target/test-dir/MiniOzoneClusterImpl-576b2c35-ac69-4444-aca8-a582a9984376/datanode-6/data/ratis] (custom)
2019-10-04 06:14:34,159 [pool-413-thread-1] INFO  server.RaftServerConfigKeys (ConfUtils.java:logGet(43)) - raft.server.storage.dir = [/workdir/hadoop-ozone/integration-test/target/test-dir/MiniOzoneClusterImpl-576b2c35-ac69-4444-aca8-a582a9984376/datanode-3/data/ratis] (custom)
2019-10-04 06:14:34,159 [pool-443-thread-1] INFO  server.RaftServerConfigKeys (ConfUtils.java:logGet(43)) - raft.server.log.corruption.policy = EXCEPTION (default)
2019-10-04 06:14:34,159 [pool-413-thread-1] INFO  server.RaftServerConfigKeys (ConfUtils.java:logGet(43)) - raft.server.log.corruption.policy = EXCEPTION (default)
2019-10-04 06:14:34,159 [pool-443-thread-1] INFO  storage.RaftStorageDirectory (RaftStorageDirectory.java:analyzeStorage(246)) - The storage directory /workdir/hadoop-ozone/integration-test/target/test-dir/MiniOzoneClusterImpl-576b2c35-ac69-4444-aca8-a582a9984376/datanode-6/data/ratis/74693058-76bf-4d13-be00-67a92ccd3221 does not exist. Creating ...
2019-10-04 06:14:34,159 [pool-413-thread-1] INFO  storage.RaftStorageDirectory (RaftStorageDirectory.java:analyzeStorage(246)) - The storage directory /workdir/hadoop-ozone/integration-test/target/test-dir/MiniOzoneClusterImpl-576b2c35-ac69-4444-aca8-a582a9984376/datanode-3/data/ratis/74693058-76bf-4d13-be00-67a92ccd3221 does not exist. Creating ...
2019-10-04 06:14:34,171 [pool-423-thread-1] INFO  storage.RaftStorageDirectory (RaftStorageDirectory.java:tryLock(328)) - Lock on /workdir/hadoop-ozone/integration-test/target/test-dir/MiniOzoneClusterImpl-576b2c35-ac69-4444-aca8-a582a9984376/datanode-4/data/ratis/74693058-76bf-4d13-be00-67a92ccd3221/in_use.lock acquired by nodename 15560@pr-hdds-2222-2jdkn-3249983734
2019-10-04 06:14:34,171 [pool-413-thread-1] INFO  storage.RaftStorageDirectory (RaftStorageDirectory.java:tryLock(328)) - Lock on /workdir/hadoop-ozone/integration-test/target/test-dir/MiniOzoneClusterImpl-576b2c35-ac69-4444-aca8-a582a9984376/datanode-3/data/ratis/74693058-76bf-4d13-be00-67a92ccd3221/in_use.lock acquired by nodename 15560@pr-hdds-2222-2jdkn-3249983734
2019-10-04 06:14:34,171 [pool-443-thread-1] INFO  storage.RaftStorageDirectory (RaftStorageDirectory.java:tryLock(328)) - Lock on /workdir/hadoop-ozone/integration-test/target/test-dir/MiniOzoneClusterImpl-576b2c35-ac69-4444-aca8-a582a9984376/datanode-6/data/ratis/74693058-76bf-4d13-be00-67a92ccd3221/in_use.lock acquired by nodename 15560@pr-hdds-2222-2jdkn-3249983734
2019-10-04 06:14:34,185 [pool-413-thread-1] INFO  storage.RaftStorage (RaftStorage.java:format(84)) - Storage directory /workdir/hadoop-ozone/integration-test/target/test-dir/MiniOzoneClusterImpl-576b2c35-ac69-4444-aca8-a582a9984376/datanode-3/data/ratis/74693058-76bf-4d13-be00-67a92ccd3221 has been successfully formatted.
2019-10-04 06:14:34,185 [pool-423-thread-1] INFO  storage.RaftStorage (RaftStorage.java:format(84)) - Storage directory /workdir/hadoop-ozone/integration-test/target/test-dir/MiniOzoneClusterImpl-576b2c35-ac69-4444-aca8-a582a9984376/datanode-4/data/ratis/74693058-76bf-4d13-be00-67a92ccd3221 has been successfully formatted.
2019-10-04 06:14:34,185 [pool-443-thread-1] INFO  storage.RaftStorage (RaftStorage.java:format(84)) - Storage directory /workdir/hadoop-ozone/integration-test/target/test-dir/MiniOzoneClusterImpl-576b2c35-ac69-4444-aca8-a582a9984376/datanode-6/data/ratis/74693058-76bf-4d13-be00-67a92ccd3221 has been successfully formatted.
2019-10-04 06:14:34,185 [pool-423-thread-1] INFO  ratis.ContainerStateMachine (ContainerStateMachine.java:loadSnapshot(230)) - group-67A92CCD3221: The snapshot info is null. Setting the last applied indexto:(t:0, i:~)
2019-10-04 06:14:34,185 [pool-413-thread-1] INFO  ratis.ContainerStateMachine (ContainerStateMachine.java:loadSnapshot(230)) - group-67A92CCD3221: The snapshot info is null. Setting the last applied indexto:(t:0, i:~)
2019-10-04 06:14:34,185 [pool-443-thread-1] INFO  ratis.ContainerStateMachine (ContainerStateMachine.java:loadSnapshot(230)) - group-67A92CCD3221: The snapshot info is null. Setting the last applied indexto:(t:0, i:~)
2019-10-04 06:14:34,185 [pool-423-thread-1] INFO  server.RaftServerConfigKeys (ConfUtils.java:logGet(43)) - raft.server.notification.no-leader.timeout = 120s (custom)
2019-10-04 06:14:34,186 [pool-443-thread-1] INFO  server.RaftServerConfigKeys (ConfUtils.java:logGet(43)) - raft.server.notification.no-leader.timeout = 120s (custom)
2019-10-04 06:14:34,185 [pool-413-thread-1] INFO  server.RaftServerConfigKeys (ConfUtils.java:logGet(43)) - raft.server.notification.no-leader.timeout = 120s (custom)
2019-10-04 06:14:34,186 [pool-443-thread-1] INFO  server.RaftServerConfigKeys (ConfUtils.java:logGet(43)) - raft.server.log.use.memory = false (default)
2019-10-04 06:14:34,186 [pool-423-thread-1] INFO  server.RaftServerConfigKeys (ConfUtils.java:logGet(43)) - raft.server.log.use.memory = false (default)
2019-10-04 06:14:34,186 [pool-443-thread-1] INFO  server.RaftServerConfigKeys (ConfUtils.java:logGet(43)) - raft.server.log.purge.gap = 1000000 (custom)
2019-10-04 06:14:34,186 [pool-413-thread-1] INFO  server.RaftServerConfigKeys (ConfUtils.java:logGet(43)) - raft.server.log.use.memory = false (default)
2019-10-04 06:14:34,186 [pool-443-thread-1] INFO  server.RaftServerConfigKeys (ConfUtils.java:logGet(43)) - raft.server.log.appender.buffer.byte-limit = 33554432 (custom)
2019-10-04 06:14:34,186 [pool-423-thread-1] INFO  server.RaftServerConfigKeys (ConfUtils.java:logGet(43)) - raft.server.log.purge.gap = 1000000 (custom)
2019-10-04 06:14:34,186 [pool-443-thread-1] INFO  server.RaftServerConfigKeys (ConfUtils.java:logGet(43)) - raft.server.log.segment.size.max = 1048576 (custom)
2019-10-04 06:14:34,186 [pool-413-thread-1] INFO  server.RaftServerConfigKeys (ConfUtils.java:logGet(43)) - raft.server.log.purge.gap = 1000000 (custom)
2019-10-04 06:14:34,187 [pool-443-thread-1] INFO  server.RaftServerConfigKeys (ConfUtils.java:logGet(43)) - raft.server.log.segment.cache.num.max = 2 (custom)
2019-10-04 06:14:34,187 [pool-423-thread-1] INFO  server.RaftServerConfigKeys (ConfUtils.java:logGet(43)) - raft.server.log.appender.buffer.byte-limit = 33554432 (custom)
2019-10-04 06:14:34,187 [pool-443-thread-1] INFO  segmented.SegmentedRaftLogWorker (SegmentedRaftLogWorker.java:<init>(173)) - new 41c3a30f-f982-4f7c-88a6-c7684dbd713a@group-67A92CCD3221-SegmentedRaftLogWorker for RaftStorage:Storage Directory /workdir/hadoop-ozone/integration-test/target/test-dir/MiniOzoneClusterImpl-576b2c35-ac69-4444-aca8-a582a9984376/datanode-6/data/ratis/74693058-76bf-4d13-be00-67a92ccd3221
2019-10-04 06:14:34,187 [pool-413-thread-1] INFO  server.RaftServerConfigKeys (ConfUtils.java:logGet(43)) - raft.server.log.appender.buffer.byte-limit = 33554432 (custom)
2019-10-04 06:14:34,187 [pool-443-thread-1] INFO  server.RaftServerConfigKeys (ConfUtils.java:logGet(43)) - raft.server.log.queue.byte-limit = 2147483647 (custom)
2019-10-04 06:14:34,187 [pool-423-thread-1] INFO  server.RaftServerConfigKeys (ConfUtils.java:logGet(43)) - raft.server.log.segment.size.max = 1048576 (custom)
2019-10-04 06:14:34,188 [pool-443-thread-1] INFO  server.RaftServerConfigKeys (ConfUtils.java:logGet(43)) - raft.server.log.queue.element-limit = 1024 (custom)
2019-10-04 06:14:34,187 [pool-413-thread-1] INFO  server.RaftServerConfigKeys (ConfUtils.java:logGet(43)) - raft.server.log.segment.size.max = 1048576 (custom)
2019-10-04 06:14:34,188 [pool-443-thread-1] INFO  server.RaftServerConfigKeys (ConfUtils.java:logGet(43)) - raft.server.log.segment.size.max = 1048576 (custom)
2019-10-04 06:14:34,188 [pool-423-thread-1] INFO  server.RaftServerConfigKeys (ConfUtils.java:logGet(43)) - raft.server.log.segment.cache.num.max = 2 (custom)
2019-10-04 06:14:34,188 [pool-443-thread-1] INFO  server.RaftServerConfigKeys (ConfUtils.java:logGet(43)) - raft.server.log.preallocated.size = 16384 (custom)
2019-10-04 06:14:34,188 [pool-413-thread-1] INFO  server.RaftServerConfigKeys (ConfUtils.java:logGet(43)) - raft.server.log.segment.cache.num.max = 2 (custom)
2019-10-04 06:14:34,188 [pool-443-thread-1] INFO  server.RaftServerConfigKeys (ConfUtils.java:logGet(43)) - raft.server.log.write.buffer.size = 33554432 (custom)
2019-10-04 06:14:34,188 [pool-423-thread-1] INFO  segmented.SegmentedRaftLogWorker (SegmentedRaftLogWorker.java:<init>(173)) - new fbeba96c-4cf6-47d6-9be9-907e9de679c5@group-67A92CCD3221-SegmentedRaftLogWorker for RaftStorage:Storage Directory /workdir/hadoop-ozone/integration-test/target/test-dir/MiniOzoneClusterImpl-576b2c35-ac69-4444-aca8-a582a9984376/datanode-4/data/ratis/74693058-76bf-4d13-be00-67a92ccd3221
2019-10-04 06:14:34,189 [pool-443-thread-1] INFO  server.RaftServerConfigKeys (ConfUtils.java:logGet(43)) - raft.server.log.force.sync.num = 128 (default)
2019-10-04 06:14:34,188 [pool-413-thread-1] INFO  segmented.SegmentedRaftLogWorker (SegmentedRaftLogWorker.java:<init>(173)) - new 0c8f8237-245c-4663-9377-ac8b3d2a290c@group-67A92CCD3221-SegmentedRaftLogWorker for RaftStorage:Storage Directory /workdir/hadoop-ozone/integration-test/target/test-dir/MiniOzoneClusterImpl-576b2c35-ac69-4444-aca8-a582a9984376/datanode-3/data/ratis/74693058-76bf-4d13-be00-67a92ccd3221
2019-10-04 06:14:34,189 [pool-443-thread-1] INFO  server.RaftServerConfigKeys (ConfUtils.java:logGet(43)) - raft.server.log.statemachine.data.sync = true (default)
2019-10-04 06:14:34,189 [pool-423-thread-1] INFO  server.RaftServerConfigKeys (ConfUtils.java:logGet(43)) - raft.server.log.queue.byte-limit = 2147483647 (custom)
2019-10-04 06:14:34,189 [pool-443-thread-1] INFO  server.RaftServerConfigKeys (ConfUtils.java:logGet(43)) - raft.server.log.statemachine.data.sync.timeout = 10s (default)
2019-10-04 06:14:34,189 [pool-413-thread-1] INFO  server.RaftServerConfigKeys (ConfUtils.java:logGet(43)) - raft.server.log.queue.byte-limit = 2147483647 (custom)
2019-10-04 06:14:34,189 [pool-443-thread-1] INFO  server.RaftServerConfigKeys (ConfUtils.java:logGet(43)) - raft.server.log.statemachine.data.sync.timeout.retry = -1 (default)
2019-10-04 06:14:34,189 [pool-423-thread-1] INFO  server.RaftServerConfigKeys (ConfUtils.java:logGet(43)) - raft.server.log.queue.element-limit = 1024 (custom)
2019-10-04 06:14:34,190 [pool-443-thread-1] INFO  server.RaftServerConfigKeys (ConfUtils.java:logGet(43)) - raft.server.log.statemachine.data.caching.enabled = true (custom)
2019-10-04 06:14:34,190 [pool-413-thread-1] INFO  server.RaftServerConfigKeys (ConfUtils.java:logGet(43)) - raft.server.log.queue.element-limit = 1024 (custom)
2019-10-04 06:14:34,190 [pool-423-thread-1] INFO  server.RaftServerConfigKeys (ConfUtils.java:logGet(43)) - raft.server.log.segment.size.max = 1048576 (custom)
2019-10-04 06:14:34,190 [pool-413-thread-1] INFO  server.RaftServerConfigKeys (ConfUtils.java:logGet(43)) - raft.server.log.segment.size.max = 1048576 (custom)
2019-10-04 06:14:34,190 [pool-443-thread-1] INFO  segmented.SegmentedRaftLogWorker (SegmentedRaftLogWorker.java:lambda$new$0(128)) - 41c3a30f-f982-4f7c-88a6-c7684dbd713a@group-67A92CCD3221-SegmentedRaftLogWorker: flushIndex: setUnconditionally 0 -> -1
2019-10-04 06:14:34,190 [pool-423-thread-1] INFO  server.RaftServerConfigKeys (ConfUtils.java:logGet(43)) - raft.server.log.preallocated.size = 16384 (custom)
2019-10-04 06:14:34,190 [pool-413-thread-1] INFO  server.RaftServerConfigKeys (ConfUtils.java:logGet(43)) - raft.server.log.preallocated.size = 16384 (custom)
2019-10-04 06:14:34,191 [pool-443-thread-1] INFO  server.RaftServerConfigKeys (ConfUtils.java:logGet(43)) - raft.server.snapshot.auto.trigger.enabled = true (custom)
2019-10-04 06:14:34,191 [pool-423-thread-1] INFO  server.RaftServerConfigKeys (ConfUtils.java:logGet(43)) - raft.server.log.write.buffer.size = 33554432 (custom)
2019-10-04 06:14:34,191 [pool-443-thread-1] INFO  server.RaftServerConfigKeys (ConfUtils.java:logGet(43)) - raft.server.snapshot.auto.trigger.threshold = 10000 (custom)
2019-10-04 06:14:34,191 [pool-413-thread-1] INFO  server.RaftServerConfigKeys (ConfUtils.java:logGet(43)) - raft.server.log.write.buffer.size = 33554432 (custom)
2019-10-04 06:14:34,191 [pool-443-thread-1] INFO  server.RaftServerConfigKeys (ConfUtils.java:logGet(43)) - raft.server.snapshot.retention.file.num = 5 (custom)
2019-10-04 06:14:34,191 [pool-423-thread-1] INFO  server.RaftServerConfigKeys (ConfUtils.java:logGet(43)) - raft.server.log.force.sync.num = 128 (default)
2019-10-04 06:14:34,191 [pool-443-thread-1] INFO  server.RaftServerConfigKeys (ConfUtils.java:logGet(43)) - raft.server.retrycache.expirytime = 600000ms (custom)
2019-10-04 06:14:34,191 [pool-413-thread-1] INFO  server.RaftServerConfigKeys (ConfUtils.java:logGet(43)) - raft.server.log.force.sync.num = 128 (default)
2019-10-04 06:14:34,191 [pool-423-thread-1] INFO  server.RaftServerConfigKeys (ConfUtils.java:logGet(43)) - raft.server.log.statemachine.data.sync = true (default)
2019-10-04 06:14:34,192 [pool-413-thread-1] INFO  server.RaftServerConfigKeys (ConfUtils.java:logGet(43)) - raft.server.log.statemachine.data.sync = true (default)
2019-10-04 06:14:34,192 [pool-423-thread-1] INFO  server.RaftServerConfigKeys (ConfUtils.java:logGet(43)) - raft.server.log.statemachine.data.sync.timeout = 10s (default)
2019-10-04 06:14:34,192 [pool-413-thread-1] INFO  server.RaftServerConfigKeys (ConfUtils.java:logGet(43)) - raft.server.log.statemachine.data.sync.timeout = 10s (default)
2019-10-04 06:14:34,192 [pool-423-thread-1] INFO  server.RaftServerConfigKeys (ConfUtils.java:logGet(43)) - raft.server.log.statemachine.data.sync.timeout.retry = -1 (default)
2019-10-04 06:14:34,192 [pool-413-thread-1] INFO  server.RaftServerConfigKeys (ConfUtils.java:logGet(43)) - raft.server.log.statemachine.data.sync.timeout.retry = -1 (default)
2019-10-04 06:14:34,192 [pool-423-thread-1] INFO  server.RaftServerConfigKeys (ConfUtils.java:logGet(43)) - raft.server.log.statemachine.data.caching.enabled = true (custom)
2019-10-04 06:14:34,192 [pool-413-thread-1] INFO  server.RaftServerConfigKeys (ConfUtils.java:logGet(43)) - raft.server.log.statemachine.data.caching.enabled = true (custom)
2019-10-04 06:14:34,192 [pool-423-thread-1] INFO  segmented.SegmentedRaftLogWorker (SegmentedRaftLogWorker.java:lambda$new$0(128)) - fbeba96c-4cf6-47d6-9be9-907e9de679c5@group-67A92CCD3221-SegmentedRaftLogWorker: flushIndex: setUnconditionally 0 -> -1
2019-10-04 06:14:34,192 [pool-413-thread-1] INFO  segmented.SegmentedRaftLogWorker (SegmentedRaftLogWorker.java:lambda$new$0(128)) - 0c8f8237-245c-4663-9377-ac8b3d2a290c@group-67A92CCD3221-SegmentedRaftLogWorker: flushIndex: setUnconditionally 0 -> -1
2019-10-04 06:14:34,193 [pool-423-thread-1] INFO  server.RaftServerConfigKeys (ConfUtils.java:logGet(43)) - raft.server.snapshot.auto.trigger.enabled = true (custom)
2019-10-04 06:14:34,193 [pool-413-thread-1] INFO  server.RaftServerConfigKeys (ConfUtils.java:logGet(43)) - raft.server.snapshot.auto.trigger.enabled = true (custom)
2019-10-04 06:14:34,193 [pool-423-thread-1] INFO  server.RaftServerConfigKeys (ConfUtils.java:logGet(43)) - raft.server.snapshot.auto.trigger.threshold = 10000 (custom)
2019-10-04 06:14:34,193 [pool-413-thread-1] INFO  server.RaftServerConfigKeys (ConfUtils.java:logGet(43)) - raft.server.snapshot.auto.trigger.threshold = 10000 (custom)
2019-10-04 06:14:34,193 [pool-423-thread-1] INFO  server.RaftServerConfigKeys (ConfUtils.java:logGet(43)) - raft.server.snapshot.retention.file.num = 5 (custom)
2019-10-04 06:14:34,193 [pool-413-thread-1] INFO  server.RaftServerConfigKeys (ConfUtils.java:logGet(43)) - raft.server.snapshot.retention.file.num = 5 (custom)
2019-10-04 06:14:34,193 [pool-423-thread-1] INFO  server.RaftServerConfigKeys (ConfUtils.java:logGet(43)) - raft.server.retrycache.expirytime = 600000ms (custom)
2019-10-04 06:14:34,193 [pool-413-thread-1] INFO  server.RaftServerConfigKeys (ConfUtils.java:logGet(43)) - raft.server.retrycache.expirytime = 600000ms (custom)
2019-10-04 06:14:34,194 [pool-443-thread-1] INFO  impl.RaftServerImpl (RaftServerImpl.java:start(181)) - 41c3a30f-f982-4f7c-88a6-c7684dbd713a@group-67A92CCD3221: start as a follower, conf=-1: [fbeba96c-4cf6-47d6-9be9-907e9de679c5:192.168.164.222:43337, 41c3a30f-f982-4f7c-88a6-c7684dbd713a:192.168.164.222:34146, 0c8f8237-245c-4663-9377-ac8b3d2a290c:192.168.164.222:44739], old=null
2019-10-04 06:14:34,194 [pool-443-thread-1] INFO  impl.RaftServerImpl (RaftServerImpl.java:setRole(170)) - 41c3a30f-f982-4f7c-88a6-c7684dbd713a@group-67A92CCD3221: changes role from      null to FOLLOWER at term 0 for startAsFollower
2019-10-04 06:14:34,194 [pool-443-thread-1] INFO  impl.RoleInfo (RoleInfo.java:updateAndGet(143)) - 41c3a30f-f982-4f7c-88a6-c7684dbd713a: start FollowerState
2019-10-04 06:14:34,195 [pool-443-thread-1] INFO  util.JmxRegister (JmxRegister.java:tryRegister(44)) - Successfully registered JMX Bean with object name Ratis:service=RaftServer,group=group-67A92CCD3221,id=41c3a30f-f982-4f7c-88a6-c7684dbd713a
2019-10-04 06:14:34,196 [pool-423-thread-1] INFO  impl.RaftServerImpl (RaftServerImpl.java:start(181)) - fbeba96c-4cf6-47d6-9be9-907e9de679c5@group-67A92CCD3221: start as a follower, conf=-1: [fbeba96c-4cf6-47d6-9be9-907e9de679c5:192.168.164.222:43337, 41c3a30f-f982-4f7c-88a6-c7684dbd713a:192.168.164.222:34146, 0c8f8237-245c-4663-9377-ac8b3d2a290c:192.168.164.222:44739], old=null
2019-10-04 06:14:34,196 [pool-413-thread-1] INFO  impl.RaftServerImpl (RaftServerImpl.java:start(181)) - 0c8f8237-245c-4663-9377-ac8b3d2a290c@group-67A92CCD3221: start as a follower, conf=-1: [fbeba96c-4cf6-47d6-9be9-907e9de679c5:192.168.164.222:43337, 41c3a30f-f982-4f7c-88a6-c7684dbd713a:192.168.164.222:34146, 0c8f8237-245c-4663-9377-ac8b3d2a290c:192.168.164.222:44739], old=null
2019-10-04 06:14:34,196 [pool-423-thread-1] INFO  impl.RaftServerImpl (RaftServerImpl.java:setRole(170)) - fbeba96c-4cf6-47d6-9be9-907e9de679c5@group-67A92CCD3221: changes role from      null to FOLLOWER at term 0 for startAsFollower
2019-10-04 06:14:34,196 [pool-413-thread-1] INFO  impl.RaftServerImpl (RaftServerImpl.java:setRole(170)) - 0c8f8237-245c-4663-9377-ac8b3d2a290c@group-67A92CCD3221: changes role from      null to FOLLOWER at term 0 for startAsFollower
2019-10-04 06:14:34,196 [pool-423-thread-1] INFO  impl.RoleInfo (RoleInfo.java:updateAndGet(143)) - fbeba96c-4cf6-47d6-9be9-907e9de679c5: start FollowerState
2019-10-04 06:14:34,196 [pool-413-thread-1] INFO  impl.RoleInfo (RoleInfo.java:updateAndGet(143)) - 0c8f8237-245c-4663-9377-ac8b3d2a290c: start FollowerState
2019-10-04 06:14:34,196 [pool-423-thread-1] INFO  util.JmxRegister (JmxRegister.java:tryRegister(44)) - Successfully registered JMX Bean with object name Ratis:service=RaftServer,group=group-67A92CCD3221,id=fbeba96c-4cf6-47d6-9be9-907e9de679c5
2019-10-04 06:14:34,196 [pool-413-thread-1] INFO  util.JmxRegister (JmxRegister.java:tryRegister(44)) - Successfully registered JMX Bean with object name Ratis:service=RaftServer,group=group-67A92CCD3221,id=0c8f8237-245c-4663-9377-ac8b3d2a290c
2019-10-04 06:14:34,203 [RatisPipelineUtilsThread] INFO  pipeline.PipelineStateManager (PipelineStateManager.java:addPipeline(56)) - Created pipeline Pipeline[ Id: 74693058-76bf-4d13-be00-67a92ccd3221, Nodes: fbeba96c-4cf6-47d6-9be9-907e9de679c5{ip: 192.168.164.222, host: pr-hdds-2222-2jdkn-3249983734, networkLocation: /default-rack, certSerialId: null}41c3a30f-f982-4f7c-88a6-c7684dbd713a{ip: 192.168.164.222, host: pr-hdds-2222-2jdkn-3249983734, networkLocation: /default-rack, certSerialId: null}0c8f8237-245c-4663-9377-ac8b3d2a290c{ip: 192.168.164.222, host: pr-hdds-2222-2jdkn-3249983734, networkLocation: /default-rack, certSerialId: null}, Type:RATIS, Factor:THREE, State:OPEN]
2019-10-04 06:14:36,605 [Thread-2371] INFO  container.ReplicationManager (ReplicationManager.java:start(162)) - Starting Replication Monitor Thread.
2019-10-04 06:14:36,612 [ReplicationMonitor] INFO  container.ReplicationManager (ReplicationManager.java:run(225)) - Replication Monitor Thread took 1 milliseconds for processing 1 containers.
2019-10-04 06:14:38,674 [Thread-2373] INFO  impl.FollowerState (FollowerState.java:run(108)) - dd92c35c-5fa8-48da-9554-f6cb2f3a1c14@group-3609C4E4DBFA-FollowerState: change to CANDIDATE, lastRpcTime:5013ms, electionTimeout:5013ms
2019-10-04 06:14:38,674 [Thread-2373] INFO  impl.RoleInfo (RoleInfo.java:shutdownFollowerState(121)) - dd92c35c-5fa8-48da-9554-f6cb2f3a1c14: shutdown FollowerState
2019-10-04 06:14:38,674 [Thread-2373] INFO  impl.RaftServerImpl (RaftServerImpl.java:setRole(170)) - dd92c35c-5fa8-48da-9554-f6cb2f3a1c14@group-3609C4E4DBFA: changes role from  FOLLOWER to CANDIDATE at term 0 for changeToCandidate
2019-10-04 06:14:38,674 [Thread-2373] INFO  impl.RoleInfo (RoleInfo.java:updateAndGet(143)) - dd92c35c-5fa8-48da-9554-f6cb2f3a1c14: start LeaderElection
2019-10-04 06:14:38,698 [dd92c35c-5fa8-48da-9554-f6cb2f3a1c14@group-3609C4E4DBFA-LeaderElection66] INFO  impl.LeaderElection (LeaderElection.java:askForVotes(178)) - dd92c35c-5fa8-48da-9554-f6cb2f3a1c14@group-3609C4E4DBFA-LeaderElection66: begin an election at term 1 for -1: [dd92c35c-5fa8-48da-9554-f6cb2f3a1c14:192.168.164.222:40598], old=null
2019-10-04 06:14:38,699 [dd92c35c-5fa8-48da-9554-f6cb2f3a1c14@group-3609C4E4DBFA-LeaderElection66] INFO  impl.RoleInfo (RoleInfo.java:shutdownLeaderElection(134)) - dd92c35c-5fa8-48da-9554-f6cb2f3a1c14: shutdown LeaderElection
2019-10-04 06:14:38,699 [dd92c35c-5fa8-48da-9554-f6cb2f3a1c14@group-3609C4E4DBFA-LeaderElection66] INFO  impl.RaftServerImpl (RaftServerImpl.java:setRole(170)) - dd92c35c-5fa8-48da-9554-f6cb2f3a1c14@group-3609C4E4DBFA: changes role from CANDIDATE to LEADER at term 1 for changeToLeader
2019-10-04 06:14:38,699 [dd92c35c-5fa8-48da-9554-f6cb2f3a1c14@group-3609C4E4DBFA-LeaderElection66] INFO  impl.RaftServerImpl (ServerState.java:setLeader(255)) - dd92c35c-5fa8-48da-9554-f6cb2f3a1c14@group-3609C4E4DBFA: change Leader from null to dd92c35c-5fa8-48da-9554-f6cb2f3a1c14 at term 1 for becomeLeader, leader elected after 5050ms
2019-10-04 06:14:38,700 [dd92c35c-5fa8-48da-9554-f6cb2f3a1c14@group-3609C4E4DBFA-LeaderElection66] INFO  server.RaftServerConfigKeys (ConfUtils.java:logGet(43)) - raft.server.staging.catchup.gap = 1000 (default)
2019-10-04 06:14:38,700 [dd92c35c-5fa8-48da-9554-f6cb2f3a1c14@group-3609C4E4DBFA-LeaderElection66] INFO  server.RaftServerConfigKeys (ConfUtils.java:logGet(43)) - raft.server.rpc.sleep.time = 25ms (default)
2019-10-04 06:14:38,700 [dd92c35c-5fa8-48da-9554-f6cb2f3a1c14@group-3609C4E4DBFA-LeaderElection66] INFO  server.RaftServerConfigKeys (ConfUtils.java:logGet(43)) - raft.server.write.element-limit = 4096 (default)
2019-10-04 06:14:38,701 [dd92c35c-5fa8-48da-9554-f6cb2f3a1c14@group-3609C4E4DBFA-LeaderElection66] INFO  server.RaftServerConfigKeys (ConfUtils.java:logGet(43)) - raft.server.watch.timeout = 10s (default)
2019-10-04 06:14:38,701 [dd92c35c-5fa8-48da-9554-f6cb2f3a1c14@group-3609C4E4DBFA-LeaderElection66] INFO  server.RaftServerConfigKeys (ConfUtils.java:logGet(43)) - raft.server.watch.timeout.denomination = 1s (default)
2019-10-04 06:14:38,701 [dd92c35c-5fa8-48da-9554-f6cb2f3a1c14@group-3609C4E4DBFA-LeaderElection66] INFO  server.RaftServerConfigKeys (ConfUtils.java:logGet(43)) - raft.server.watch.element-limit = 65536 (default)
2019-10-04 06:14:38,706 [dd92c35c-5fa8-48da-9554-f6cb2f3a1c14@group-3609C4E4DBFA-LeaderElection66] INFO  impl.RoleInfo (RoleInfo.java:updateAndGet(143)) - dd92c35c-5fa8-48da-9554-f6cb2f3a1c14: start LeaderState
2019-10-04 06:14:38,706 [dd92c35c-5fa8-48da-9554-f6cb2f3a1c14@group-3609C4E4DBFA-LeaderElection66] INFO  segmented.SegmentedRaftLogWorker (SegmentedRaftLogWorker.java:startLogSegment(385)) - dd92c35c-5fa8-48da-9554-f6cb2f3a1c14@group-3609C4E4DBFA-SegmentedRaftLogWorker: Starting segment from index:0
2019-10-04 06:14:38,707 [dd92c35c-5fa8-48da-9554-f6cb2f3a1c14@group-3609C4E4DBFA-LeaderElection66] INFO  impl.RaftServerImpl (ServerState.java:setRaftConf(356)) - dd92c35c-5fa8-48da-9554-f6cb2f3a1c14@group-3609C4E4DBFA: set configuration 0: [dd92c35c-5fa8-48da-9554-f6cb2f3a1c14:192.168.164.222:40598], old=null at 0
2019-10-04 06:14:38,747 [dd92c35c-5fa8-48da-9554-f6cb2f3a1c14@group-3609C4E4DBFA-SegmentedRaftLogWorker] INFO  segmented.SegmentedRaftLogWorker (SegmentedRaftLogWorker.java:execute(574)) - dd92c35c-5fa8-48da-9554-f6cb2f3a1c14@group-3609C4E4DBFA-SegmentedRaftLogWorker: created new log segment /workdir/hadoop-ozone/integration-test/target/test-dir/MiniOzoneClusterImpl-576b2c35-ac69-4444-aca8-a582a9984376/datanode-0/data/ratis/3df7b266-4d53-4754-8724-3609c4e4dbfa/current/log_inprogress_0
2019-10-04 06:14:38,773 [Thread-2376] INFO  impl.FollowerState (FollowerState.java:run(108)) - f9a38edd-6d34-495d-b306-3dd48f703dbc@group-3210ADAE0A56-FollowerState: change to CANDIDATE, lastRpcTime:5047ms, electionTimeout:5047ms
2019-10-04 06:14:38,774 [Thread-2376] INFO  impl.RoleInfo (RoleInfo.java:shutdownFollowerState(121)) - f9a38edd-6d34-495d-b306-3dd48f703dbc: shutdown FollowerState
2019-10-04 06:14:38,774 [Thread-2376] INFO  impl.RaftServerImpl (RaftServerImpl.java:setRole(170)) - f9a38edd-6d34-495d-b306-3dd48f703dbc@group-3210ADAE0A56: changes role from  FOLLOWER to CANDIDATE at term 0 for changeToCandidate
2019-10-04 06:14:38,774 [Thread-2376] INFO  impl.RoleInfo (RoleInfo.java:updateAndGet(143)) - f9a38edd-6d34-495d-b306-3dd48f703dbc: start LeaderElection
2019-10-04 06:14:38,797 [f9a38edd-6d34-495d-b306-3dd48f703dbc@group-3210ADAE0A56-LeaderElection67] INFO  impl.LeaderElection (LeaderElection.java:askForVotes(178)) - f9a38edd-6d34-495d-b306-3dd48f703dbc@group-3210ADAE0A56-LeaderElection67: begin an election at term 1 for -1: [f9a38edd-6d34-495d-b306-3dd48f703dbc:192.168.164.222:41974], old=null
2019-10-04 06:14:38,797 [f9a38edd-6d34-495d-b306-3dd48f703dbc@group-3210ADAE0A56-LeaderElection67] INFO  impl.RoleInfo (RoleInfo.java:shutdownLeaderElection(134)) - f9a38edd-6d34-495d-b306-3dd48f703dbc: shutdown LeaderElection
2019-10-04 06:14:38,797 [f9a38edd-6d34-495d-b306-3dd48f703dbc@group-3210ADAE0A56-LeaderElection67] INFO  impl.RaftServerImpl (RaftServerImpl.java:setRole(170)) - f9a38edd-6d34-495d-b306-3dd48f703dbc@group-3210ADAE0A56: changes role from CANDIDATE to LEADER at term 1 for changeToLeader
2019-10-04 06:14:38,797 [f9a38edd-6d34-495d-b306-3dd48f703dbc@group-3210ADAE0A56-LeaderElection67] INFO  impl.RaftServerImpl (ServerState.java:setLeader(255)) - f9a38edd-6d34-495d-b306-3dd48f703dbc@group-3210ADAE0A56: change Leader from null to f9a38edd-6d34-495d-b306-3dd48f703dbc at term 1 for becomeLeader, leader elected after 5080ms
2019-10-04 06:14:38,797 [f9a38edd-6d34-495d-b306-3dd48f703dbc@group-3210ADAE0A56-LeaderElection67] INFO  server.RaftServerConfigKeys (ConfUtils.java:logGet(43)) - raft.server.staging.catchup.gap = 1000 (default)
2019-10-04 06:14:38,797 [f9a38edd-6d34-495d-b306-3dd48f703dbc@group-3210ADAE0A56-LeaderElection67] INFO  server.RaftServerConfigKeys (ConfUtils.java:logGet(43)) - raft.server.rpc.sleep.time = 25ms (default)
2019-10-04 06:14:38,798 [f9a38edd-6d34-495d-b306-3dd48f703dbc@group-3210ADAE0A56-LeaderElection67] INFO  server.RaftServerConfigKeys (ConfUtils.java:logGet(43)) - raft.server.write.element-limit = 4096 (default)
2019-10-04 06:14:38,798 [f9a38edd-6d34-495d-b306-3dd48f703dbc@group-3210ADAE0A56-LeaderElection67] INFO  server.RaftServerConfigKeys (ConfUtils.java:logGet(43)) - raft.server.watch.timeout = 10s (default)
2019-10-04 06:14:38,798 [f9a38edd-6d34-495d-b306-3dd48f703dbc@group-3210ADAE0A56-LeaderElection67] INFO  server.RaftServerConfigKeys (ConfUtils.java:logGet(43)) - raft.server.watch.timeout.denomination = 1s (default)
2019-10-04 06:14:38,798 [f9a38edd-6d34-495d-b306-3dd48f703dbc@group-3210ADAE0A56-LeaderElection67] INFO  server.RaftServerConfigKeys (ConfUtils.java:logGet(43)) - raft.server.watch.element-limit = 65536 (default)
2019-10-04 06:14:38,800 [f9a38edd-6d34-495d-b306-3dd48f703dbc@group-3210ADAE0A56-LeaderElection67] INFO  impl.RoleInfo (RoleInfo.java:updateAndGet(143)) - f9a38edd-6d34-495d-b306-3dd48f703dbc: start LeaderState
2019-10-04 06:14:38,800 [f9a38edd-6d34-495d-b306-3dd48f703dbc@group-3210ADAE0A56-LeaderElection67] INFO  segmented.SegmentedRaftLogWorker (SegmentedRaftLogWorker.java:startLogSegment(385)) - f9a38edd-6d34-495d-b306-3dd48f703dbc@group-3210ADAE0A56-SegmentedRaftLogWorker: Starting segment from index:0
2019-10-04 06:14:38,800 [f9a38edd-6d34-495d-b306-3dd48f703dbc@group-3210ADAE0A56-LeaderElection67] INFO  impl.RaftServerImpl (ServerState.java:setRaftConf(356)) - f9a38edd-6d34-495d-b306-3dd48f703dbc@group-3210ADAE0A56: set configuration 0: [f9a38edd-6d34-495d-b306-3dd48f703dbc:192.168.164.222:41974], old=null at 0
2019-10-04 06:14:38,845 [f9a38edd-6d34-495d-b306-3dd48f703dbc@group-3210ADAE0A56-SegmentedRaftLogWorker] INFO  segmented.SegmentedRaftLogWorker (SegmentedRaftLogWorker.java:execute(574)) - f9a38edd-6d34-495d-b306-3dd48f703dbc@group-3210ADAE0A56-SegmentedRaftLogWorker: created new log segment /workdir/hadoop-ozone/integration-test/target/test-dir/MiniOzoneClusterImpl-576b2c35-ac69-4444-aca8-a582a9984376/datanode-1/data/ratis/16aaafef-4139-4efb-88d7-3210adae0a56/current/log_inprogress_0
2019-10-04 06:14:38,845 [Thread-2379] INFO  impl.FollowerState (FollowerState.java:run(108)) - a8cb0361-a296-4325-ab14-c72f3c1f53c2@group-A095B5D242A2-FollowerState: change to CANDIDATE, lastRpcTime:5051ms, electionTimeout:5051ms
2019-10-04 06:14:38,846 [Thread-2379] INFO  impl.RoleInfo (RoleInfo.java:shutdownFollowerState(121)) - a8cb0361-a296-4325-ab14-c72f3c1f53c2: shutdown FollowerState
2019-10-04 06:14:38,846 [Thread-2379] INFO  impl.RaftServerImpl (RaftServerImpl.java:setRole(170)) - a8cb0361-a296-4325-ab14-c72f3c1f53c2@group-A095B5D242A2: changes role from  FOLLOWER to CANDIDATE at term 0 for changeToCandidate
2019-10-04 06:14:38,846 [Thread-2379] INFO  impl.RoleInfo (RoleInfo.java:updateAndGet(143)) - a8cb0361-a296-4325-ab14-c72f3c1f53c2: start LeaderElection
2019-10-04 06:14:38,869 [a8cb0361-a296-4325-ab14-c72f3c1f53c2@group-A095B5D242A2-LeaderElection68] INFO  impl.LeaderElection (LeaderElection.java:askForVotes(178)) - a8cb0361-a296-4325-ab14-c72f3c1f53c2@group-A095B5D242A2-LeaderElection68: begin an election at term 1 for -1: [a8cb0361-a296-4325-ab14-c72f3c1f53c2:192.168.164.222:41475], old=null
2019-10-04 06:14:38,869 [a8cb0361-a296-4325-ab14-c72f3c1f53c2@group-A095B5D242A2-LeaderElection68] INFO  impl.RoleInfo (RoleInfo.java:shutdownLeaderElection(134)) - a8cb0361-a296-4325-ab14-c72f3c1f53c2: shutdown LeaderElection
2019-10-04 06:14:38,869 [a8cb0361-a296-4325-ab14-c72f3c1f53c2@group-A095B5D242A2-LeaderElection68] INFO  impl.RaftServerImpl (RaftServerImpl.java:setRole(170)) - a8cb0361-a296-4325-ab14-c72f3c1f53c2@group-A095B5D242A2: changes role from CANDIDATE to LEADER at term 1 for changeToLeader
2019-10-04 06:14:38,869 [a8cb0361-a296-4325-ab14-c72f3c1f53c2@group-A095B5D242A2-LeaderElection68] INFO  impl.RaftServerImpl (ServerState.java:setLeader(255)) - a8cb0361-a296-4325-ab14-c72f3c1f53c2@group-A095B5D242A2: change Leader from null to a8cb0361-a296-4325-ab14-c72f3c1f53c2 at term 1 for becomeLeader, leader elected after 5083ms
2019-10-04 06:14:38,869 [a8cb0361-a296-4325-ab14-c72f3c1f53c2@group-A095B5D242A2-LeaderElection68] INFO  server.RaftServerConfigKeys (ConfUtils.java:logGet(43)) - raft.server.staging.catchup.gap = 1000 (default)
2019-10-04 06:14:38,869 [a8cb0361-a296-4325-ab14-c72f3c1f53c2@group-A095B5D242A2-LeaderElection68] INFO  server.RaftServerConfigKeys (ConfUtils.java:logGet(43)) - raft.server.rpc.sleep.time = 25ms (default)
2019-10-04 06:14:38,870 [a8cb0361-a296-4325-ab14-c72f3c1f53c2@group-A095B5D242A2-LeaderElection68] INFO  server.RaftServerConfigKeys (ConfUtils.java:logGet(43)) - raft.server.write.element-limit = 4096 (default)
2019-10-04 06:14:38,870 [a8cb0361-a296-4325-ab14-c72f3c1f53c2@group-A095B5D242A2-LeaderElection68] INFO  server.RaftServerConfigKeys (ConfUtils.java:logGet(43)) - raft.server.watch.timeout = 10s (default)
2019-10-04 06:14:38,870 [a8cb0361-a296-4325-ab14-c72f3c1f53c2@group-A095B5D242A2-LeaderElection68] INFO  server.RaftServerConfigKeys (ConfUtils.java:logGet(43)) - raft.server.watch.timeout.denomination = 1s (default)
2019-10-04 06:14:38,870 [a8cb0361-a296-4325-ab14-c72f3c1f53c2@group-A095B5D242A2-LeaderElection68] INFO  server.RaftServerConfigKeys (ConfUtils.java:logGet(43)) - raft.server.watch.element-limit = 65536 (default)
2019-10-04 06:14:38,872 [a8cb0361-a296-4325-ab14-c72f3c1f53c2@group-A095B5D242A2-LeaderElection68] INFO  impl.RoleInfo (RoleInfo.java:updateAndGet(143)) - a8cb0361-a296-4325-ab14-c72f3c1f53c2: start LeaderState
2019-10-04 06:14:38,872 [a8cb0361-a296-4325-ab14-c72f3c1f53c2@group-A095B5D242A2-LeaderElection68] INFO  segmented.SegmentedRaftLogWorker (SegmentedRaftLogWorker.java:startLogSegment(385)) - a8cb0361-a296-4325-ab14-c72f3c1f53c2@group-A095B5D242A2-SegmentedRaftLogWorker: Starting segment from index:0
2019-10-04 06:14:38,873 [a8cb0361-a296-4325-ab14-c72f3c1f53c2@group-A095B5D242A2-LeaderElection68] INFO  impl.RaftServerImpl (ServerState.java:setRaftConf(356)) - a8cb0361-a296-4325-ab14-c72f3c1f53c2@group-A095B5D242A2: set configuration 0: [a8cb0361-a296-4325-ab14-c72f3c1f53c2:192.168.164.222:41475], old=null at 0
2019-10-04 06:14:38,901 [Thread-2385] INFO  impl.FollowerState (FollowerState.java:run(108)) - dd92c35c-5fa8-48da-9554-f6cb2f3a1c14@group-A67353F92E47-FollowerState: change to CANDIDATE, lastRpcTime:5030ms, electionTimeout:5030ms
2019-10-04 06:14:38,901 [Thread-2385] INFO  impl.RoleInfo (RoleInfo.java:shutdownFollowerState(121)) - dd92c35c-5fa8-48da-9554-f6cb2f3a1c14: shutdown FollowerState
2019-10-04 06:14:38,902 [Thread-2385] INFO  impl.RaftServerImpl (RaftServerImpl.java:setRole(170)) - dd92c35c-5fa8-48da-9554-f6cb2f3a1c14@group-A67353F92E47: changes role from  FOLLOWER to CANDIDATE at term 0 for changeToCandidate
2019-10-04 06:14:38,902 [Thread-2385] INFO  impl.RoleInfo (RoleInfo.java:updateAndGet(143)) - dd92c35c-5fa8-48da-9554-f6cb2f3a1c14: start LeaderElection
2019-10-04 06:14:38,926 [a8cb0361-a296-4325-ab14-c72f3c1f53c2@group-A095B5D242A2-SegmentedRaftLogWorker] INFO  segmented.SegmentedRaftLogWorker (SegmentedRaftLogWorker.java:execute(574)) - a8cb0361-a296-4325-ab14-c72f3c1f53c2@group-A095B5D242A2-SegmentedRaftLogWorker: created new log segment /workdir/hadoop-ozone/integration-test/target/test-dir/MiniOzoneClusterImpl-576b2c35-ac69-4444-aca8-a582a9984376/datanode-2/data/ratis/1ec1bf33-4284-4e63-af34-a095b5d242a2/current/log_inprogress_0
2019-10-04 06:14:38,926 [dd92c35c-5fa8-48da-9554-f6cb2f3a1c14@group-A67353F92E47-LeaderElection69] INFO  impl.LeaderElection (LeaderElection.java:askForVotes(178)) - dd92c35c-5fa8-48da-9554-f6cb2f3a1c14@group-A67353F92E47-LeaderElection69: begin an election at term 1 for -1: [f9a38edd-6d34-495d-b306-3dd48f703dbc:192.168.164.222:41974, dd92c35c-5fa8-48da-9554-f6cb2f3a1c14:192.168.164.222:40598, a8cb0361-a296-4325-ab14-c72f3c1f53c2:192.168.164.222:41475], old=null
2019-10-04 06:14:38,930 [grpc-default-executor-6] INFO  impl.RaftServerImpl (RaftServerImpl.java:setRole(170)) - f9a38edd-6d34-495d-b306-3dd48f703dbc@group-A67353F92E47: changes role from  FOLLOWER to FOLLOWER at term 1 for recognizeCandidate:dd92c35c-5fa8-48da-9554-f6cb2f3a1c14
2019-10-04 06:14:38,931 [grpc-default-executor-6] INFO  impl.RoleInfo (RoleInfo.java:shutdownFollowerState(121)) - f9a38edd-6d34-495d-b306-3dd48f703dbc: shutdown FollowerState
2019-10-04 06:14:38,931 [grpc-default-executor-9] INFO  impl.RaftServerImpl (RaftServerImpl.java:setRole(170)) - a8cb0361-a296-4325-ab14-c72f3c1f53c2@group-A67353F92E47: changes role from  FOLLOWER to FOLLOWER at term 1 for recognizeCandidate:dd92c35c-5fa8-48da-9554-f6cb2f3a1c14
2019-10-04 06:14:38,931 [Thread-2382] INFO  impl.FollowerState (FollowerState.java:run(117)) - f9a38edd-6d34-495d-b306-3dd48f703dbc@group-A67353F92E47-FollowerState was interrupted: java.lang.InterruptedException: sleep interrupted
2019-10-04 06:14:38,931 [grpc-default-executor-6] INFO  impl.RoleInfo (RoleInfo.java:updateAndGet(143)) - f9a38edd-6d34-495d-b306-3dd48f703dbc: start FollowerState
2019-10-04 06:14:38,931 [grpc-default-executor-9] INFO  impl.RoleInfo (RoleInfo.java:shutdownFollowerState(121)) - a8cb0361-a296-4325-ab14-c72f3c1f53c2: shutdown FollowerState
2019-10-04 06:14:38,935 [grpc-default-executor-9] INFO  impl.RoleInfo (RoleInfo.java:updateAndGet(143)) - a8cb0361-a296-4325-ab14-c72f3c1f53c2: start FollowerState
2019-10-04 06:14:38,935 [Thread-2386] INFO  impl.FollowerState (FollowerState.java:run(117)) - a8cb0361-a296-4325-ab14-c72f3c1f53c2@group-A67353F92E47-FollowerState was interrupted: java.lang.InterruptedException: sleep interrupted
2019-10-04 06:14:38,952 [dd92c35c-5fa8-48da-9554-f6cb2f3a1c14@group-A67353F92E47-LeaderElection69] INFO  impl.LeaderElection (LeaderElection.java:logAndReturn(56)) - dd92c35c-5fa8-48da-9554-f6cb2f3a1c14@group-A67353F92E47-LeaderElection69: Election PASSED; received 1 response(s) [dd92c35c-5fa8-48da-9554-f6cb2f3a1c14<-f9a38edd-6d34-495d-b306-3dd48f703dbc#0:OK-t1] and 0 exception(s); dd92c35c-5fa8-48da-9554-f6cb2f3a1c14@group-A67353F92E47:t1, leader=null, voted=dd92c35c-5fa8-48da-9554-f6cb2f3a1c14, raftlog=dd92c35c-5fa8-48da-9554-f6cb2f3a1c14@group-A67353F92E47-SegmentedRaftLog:OPENED:c-1,f-1,i0, conf=-1: [f9a38edd-6d34-495d-b306-3dd48f703dbc:192.168.164.222:41974, dd92c35c-5fa8-48da-9554-f6cb2f3a1c14:192.168.164.222:40598, a8cb0361-a296-4325-ab14-c72f3c1f53c2:192.168.164.222:41475], old=null
2019-10-04 06:14:38,952 [dd92c35c-5fa8-48da-9554-f6cb2f3a1c14@group-A67353F92E47-LeaderElection69] INFO  impl.RoleInfo (RoleInfo.java:shutdownLeaderElection(134)) - dd92c35c-5fa8-48da-9554-f6cb2f3a1c14: shutdown LeaderElection
2019-10-04 06:14:38,952 [dd92c35c-5fa8-48da-9554-f6cb2f3a1c14@group-A67353F92E47-LeaderElection69] INFO  impl.RaftServerImpl (RaftServerImpl.java:setRole(170)) - dd92c35c-5fa8-48da-9554-f6cb2f3a1c14@group-A67353F92E47: changes role from CANDIDATE to LEADER at term 1 for changeToLeader
2019-10-04 06:14:38,952 [dd92c35c-5fa8-48da-9554-f6cb2f3a1c14@group-A67353F92E47-LeaderElection69] INFO  impl.RaftServerImpl (ServerState.java:setLeader(255)) - dd92c35c-5fa8-48da-9554-f6cb2f3a1c14@group-A67353F92E47: change Leader from null to dd92c35c-5fa8-48da-9554-f6cb2f3a1c14 at term 1 for becomeLeader, leader elected after 5097ms
2019-10-04 06:14:38,952 [dd92c35c-5fa8-48da-9554-f6cb2f3a1c14@group-A67353F92E47-LeaderElection69] INFO  server.RaftServerConfigKeys (ConfUtils.java:logGet(43)) - raft.server.staging.catchup.gap = 1000 (default)
2019-10-04 06:14:38,952 [dd92c35c-5fa8-48da-9554-f6cb2f3a1c14@group-A67353F92E47-LeaderElection69] INFO  server.RaftServerConfigKeys (ConfUtils.java:logGet(43)) - raft.server.rpc.sleep.time = 25ms (default)
2019-10-04 06:14:38,953 [dd92c35c-5fa8-48da-9554-f6cb2f3a1c14@group-A67353F92E47-LeaderElection69] INFO  server.RaftServerConfigKeys (ConfUtils.java:logGet(43)) - raft.server.write.element-limit = 4096 (default)
2019-10-04 06:14:38,953 [dd92c35c-5fa8-48da-9554-f6cb2f3a1c14@group-A67353F92E47-LeaderElection69] INFO  server.RaftServerConfigKeys (ConfUtils.java:logGet(43)) - raft.server.watch.timeout = 10s (default)
2019-10-04 06:14:38,953 [dd92c35c-5fa8-48da-9554-f6cb2f3a1c14@group-A67353F92E47-LeaderElection69] INFO  server.RaftServerConfigKeys (ConfUtils.java:logGet(43)) - raft.server.watch.timeout.denomination = 1s (default)
2019-10-04 06:14:38,953 [dd92c35c-5fa8-48da-9554-f6cb2f3a1c14@group-A67353F92E47-LeaderElection69] INFO  server.RaftServerConfigKeys (ConfUtils.java:logGet(43)) - raft.server.watch.element-limit = 65536 (default)
2019-10-04 06:14:38,955 [dd92c35c-5fa8-48da-9554-f6cb2f3a1c14@group-A67353F92E47-LeaderElection69] INFO  server.RaftServerConfigKeys (ConfUtils.java:logGet(43)) - raft.server.log.appender.snapshot.chunk.size.max = 16MB (=16777216) (default)
2019-10-04 06:14:38,955 [dd92c35c-5fa8-48da-9554-f6cb2f3a1c14@group-A67353F92E47-LeaderElection69] INFO  server.RaftServerConfigKeys (ConfUtils.java:logGet(43)) - raft.server.log.appender.buffer.byte-limit = 33554432 (custom)
2019-10-04 06:14:38,955 [dd92c35c-5fa8-48da-9554-f6cb2f3a1c14@group-A67353F92E47-LeaderElection69] INFO  server.RaftServerConfigKeys (ConfUtils.java:logGet(43)) - raft.server.log.appender.buffer.element-limit = 1 (custom)
2019-10-04 06:14:38,956 [dd92c35c-5fa8-48da-9554-f6cb2f3a1c14@group-A67353F92E47-LeaderElection69] INFO  grpc.GrpcConfigKeys$Server (ConfUtils.java:logGet(43)) - raft.grpc.server.leader.outstanding.appends.max = 128 (default)
2019-10-04 06:14:38,956 [dd92c35c-5fa8-48da-9554-f6cb2f3a1c14@group-A67353F92E47-LeaderElection69] INFO  server.RaftServerConfigKeys (ConfUtils.java:logGet(43)) - raft.server.rpc.request.timeout = 3000ms (default)
2019-10-04 06:14:38,956 [dd92c35c-5fa8-48da-9554-f6cb2f3a1c14@group-A67353F92E47-LeaderElection69] INFO  server.RaftServerConfigKeys (ConfUtils.java:logGet(43)) - raft.server.log.appender.install.snapshot.enabled = false (custom)
2019-10-04 06:14:38,956 [dd92c35c-5fa8-48da-9554-f6cb2f3a1c14@group-A67353F92E47-LeaderElection69] INFO  server.RaftServerConfigKeys (ConfUtils.java:logGet(43)) - raft.server.log.appender.snapshot.chunk.size.max = 16MB (=16777216) (default)
2019-10-04 06:14:38,957 [dd92c35c-5fa8-48da-9554-f6cb2f3a1c14@group-A67353F92E47-LeaderElection69] INFO  server.RaftServerConfigKeys (ConfUtils.java:logGet(43)) - raft.server.log.appender.buffer.byte-limit = 33554432 (custom)
2019-10-04 06:14:38,957 [dd92c35c-5fa8-48da-9554-f6cb2f3a1c14@group-A67353F92E47-LeaderElection69] INFO  server.RaftServerConfigKeys (ConfUtils.java:logGet(43)) - raft.server.log.appender.buffer.element-limit = 1 (custom)
2019-10-04 06:14:38,957 [dd92c35c-5fa8-48da-9554-f6cb2f3a1c14@group-A67353F92E47-LeaderElection69] INFO  grpc.GrpcConfigKeys$Server (ConfUtils.java:logGet(43)) - raft.grpc.server.leader.outstanding.appends.max = 128 (default)
2019-10-04 06:14:38,957 [dd92c35c-5fa8-48da-9554-f6cb2f3a1c14@group-A67353F92E47-LeaderElection69] INFO  server.RaftServerConfigKeys (ConfUtils.java:logGet(43)) - raft.server.rpc.request.timeout = 3000ms (default)
2019-10-04 06:14:38,957 [dd92c35c-5fa8-48da-9554-f6cb2f3a1c14@group-A67353F92E47-LeaderElection69] INFO  server.RaftServerConfigKeys (ConfUtils.java:logGet(43)) - raft.server.log.appender.install.snapshot.enabled = false (custom)
2019-10-04 06:14:38,958 [dd92c35c-5fa8-48da-9554-f6cb2f3a1c14@group-A67353F92E47-LeaderElection69] INFO  impl.RoleInfo (RoleInfo.java:updateAndGet(143)) - dd92c35c-5fa8-48da-9554-f6cb2f3a1c14: start LeaderState
2019-10-04 06:14:38,958 [dd92c35c-5fa8-48da-9554-f6cb2f3a1c14@group-A67353F92E47-LeaderElection69] INFO  segmented.SegmentedRaftLogWorker (SegmentedRaftLogWorker.java:startLogSegment(385)) - dd92c35c-5fa8-48da-9554-f6cb2f3a1c14@group-A67353F92E47-SegmentedRaftLogWorker: Starting segment from index:0
2019-10-04 06:14:38,959 [dd92c35c-5fa8-48da-9554-f6cb2f3a1c14@group-A67353F92E47-LeaderElection69] INFO  impl.RaftServerImpl (ServerState.java:setRaftConf(356)) - dd92c35c-5fa8-48da-9554-f6cb2f3a1c14@group-A67353F92E47: set configuration 0: [f9a38edd-6d34-495d-b306-3dd48f703dbc:192.168.164.222:41974, dd92c35c-5fa8-48da-9554-f6cb2f3a1c14:192.168.164.222:40598, a8cb0361-a296-4325-ab14-c72f3c1f53c2:192.168.164.222:41475], old=null at 0
2019-10-04 06:14:38,992 [grpc-default-executor-9] INFO  impl.RaftServerImpl (ServerState.java:setLeader(255)) - a8cb0361-a296-4325-ab14-c72f3c1f53c2@group-A67353F92E47: change Leader from null to dd92c35c-5fa8-48da-9554-f6cb2f3a1c14 at term 1 for appendEntries, leader elected after 5137ms
2019-10-04 06:14:38,992 [grpc-default-executor-6] INFO  impl.RaftServerImpl (ServerState.java:setLeader(255)) - f9a38edd-6d34-495d-b306-3dd48f703dbc@group-A67353F92E47: change Leader from null to dd92c35c-5fa8-48da-9554-f6cb2f3a1c14 at term 1 for appendEntries, leader elected after 5137ms
2019-10-04 06:14:39,001 [grpc-default-executor-6] INFO  impl.RaftServerImpl (ServerState.java:setRaftConf(356)) - a8cb0361-a296-4325-ab14-c72f3c1f53c2@group-A67353F92E47: set configuration 0: [f9a38edd-6d34-495d-b306-3dd48f703dbc:192.168.164.222:41974, dd92c35c-5fa8-48da-9554-f6cb2f3a1c14:192.168.164.222:40598, a8cb0361-a296-4325-ab14-c72f3c1f53c2:192.168.164.222:41475], old=null at 0
2019-10-04 06:14:39,001 [grpc-default-executor-9] INFO  impl.RaftServerImpl (ServerState.java:setRaftConf(356)) - f9a38edd-6d34-495d-b306-3dd48f703dbc@group-A67353F92E47: set configuration 0: [f9a38edd-6d34-495d-b306-3dd48f703dbc:192.168.164.222:41974, dd92c35c-5fa8-48da-9554-f6cb2f3a1c14:192.168.164.222:40598, a8cb0361-a296-4325-ab14-c72f3c1f53c2:192.168.164.222:41475], old=null at 0
2019-10-04 06:14:39,001 [grpc-default-executor-6] INFO  segmented.SegmentedRaftLogWorker (SegmentedRaftLogWorker.java:startLogSegment(385)) - a8cb0361-a296-4325-ab14-c72f3c1f53c2@group-A67353F92E47-SegmentedRaftLogWorker: Starting segment from index:0
2019-10-04 06:14:39,001 [grpc-default-executor-9] INFO  segmented.SegmentedRaftLogWorker (SegmentedRaftLogWorker.java:startLogSegment(385)) - f9a38edd-6d34-495d-b306-3dd48f703dbc@group-A67353F92E47-SegmentedRaftLogWorker: Starting segment from index:0
2019-10-04 06:14:39,004 [dd92c35c-5fa8-48da-9554-f6cb2f3a1c14@group-A67353F92E47-SegmentedRaftLogWorker] INFO  segmented.SegmentedRaftLogWorker (SegmentedRaftLogWorker.java:execute(574)) - dd92c35c-5fa8-48da-9554-f6cb2f3a1c14@group-A67353F92E47-SegmentedRaftLogWorker: created new log segment /workdir/hadoop-ozone/integration-test/target/test-dir/MiniOzoneClusterImpl-576b2c35-ac69-4444-aca8-a582a9984376/datanode-0/data/ratis/9a17451c-3773-4b89-a70b-a67353f92e47/current/log_inprogress_0
2019-10-04 06:14:39,020 [Thread-2391] INFO  impl.FollowerState (FollowerState.java:run(108)) - fbeba96c-4cf6-47d6-9be9-907e9de679c5@group-795C0B34689D-FollowerState: change to CANDIDATE, lastRpcTime:5059ms, electionTimeout:5059ms
2019-10-04 06:14:39,020 [Thread-2391] INFO  impl.RoleInfo (RoleInfo.java:shutdownFollowerState(121)) - fbeba96c-4cf6-47d6-9be9-907e9de679c5: shutdown FollowerState
2019-10-04 06:14:39,020 [Thread-2391] INFO  impl.RaftServerImpl (RaftServerImpl.java:setRole(170)) - fbeba96c-4cf6-47d6-9be9-907e9de679c5@group-795C0B34689D: changes role from  FOLLOWER to CANDIDATE at term 0 for changeToCandidate
2019-10-04 06:14:39,020 [Thread-2391] INFO  impl.RoleInfo (RoleInfo.java:updateAndGet(143)) - fbeba96c-4cf6-47d6-9be9-907e9de679c5: start LeaderElection
2019-10-04 06:14:39,053 [Thread-2394] INFO  impl.FollowerState (FollowerState.java:run(108)) - 0c8f8237-245c-4663-9377-ac8b3d2a290c@group-92705CFB5CB7-FollowerState: change to CANDIDATE, lastRpcTime:5042ms, electionTimeout:5042ms
2019-10-04 06:14:39,054 [Thread-2394] INFO  impl.RoleInfo (RoleInfo.java:shutdownFollowerState(121)) - 0c8f8237-245c-4663-9377-ac8b3d2a290c: shutdown FollowerState
2019-10-04 06:14:39,054 [Thread-2394] INFO  impl.RaftServerImpl (RaftServerImpl.java:setRole(170)) - 0c8f8237-245c-4663-9377-ac8b3d2a290c@group-92705CFB5CB7: changes role from  FOLLOWER to CANDIDATE at term 0 for changeToCandidate
2019-10-04 06:14:39,054 [Thread-2394] INFO  impl.RoleInfo (RoleInfo.java:updateAndGet(143)) - 0c8f8237-245c-4663-9377-ac8b3d2a290c: start LeaderElection
2019-10-04 06:14:39,057 [f9a38edd-6d34-495d-b306-3dd48f703dbc@group-A67353F92E47-SegmentedRaftLogWorker] INFO  segmented.SegmentedRaftLogWorker (SegmentedRaftLogWorker.java:execute(574)) - f9a38edd-6d34-495d-b306-3dd48f703dbc@group-A67353F92E47-SegmentedRaftLogWorker: created new log segment /workdir/hadoop-ozone/integration-test/target/test-dir/MiniOzoneClusterImpl-576b2c35-ac69-4444-aca8-a582a9984376/datanode-1/data/ratis/9a17451c-3773-4b89-a70b-a67353f92e47/current/log_inprogress_0
2019-10-04 06:14:39,057 [fbeba96c-4cf6-47d6-9be9-907e9de679c5@group-795C0B34689D-LeaderElection70] INFO  impl.LeaderElection (LeaderElection.java:askForVotes(178)) - fbeba96c-4cf6-47d6-9be9-907e9de679c5@group-795C0B34689D-LeaderElection70: begin an election at term 1 for -1: [fbeba96c-4cf6-47d6-9be9-907e9de679c5:192.168.164.222:43337], old=null
2019-10-04 06:14:39,062 [fbeba96c-4cf6-47d6-9be9-907e9de679c5@group-795C0B34689D-LeaderElection70] INFO  impl.RoleInfo (RoleInfo.java:shutdownLeaderElection(134)) - fbeba96c-4cf6-47d6-9be9-907e9de679c5: shutdown LeaderElection
2019-10-04 06:14:39,057 [a8cb0361-a296-4325-ab14-c72f3c1f53c2@group-A67353F92E47-SegmentedRaftLogWorker] INFO  segmented.SegmentedRaftLogWorker (SegmentedRaftLogWorker.java:execute(574)) - a8cb0361-a296-4325-ab14-c72f3c1f53c2@group-A67353F92E47-SegmentedRaftLogWorker: created new log segment /workdir/hadoop-ozone/integration-test/target/test-dir/MiniOzoneClusterImpl-576b2c35-ac69-4444-aca8-a582a9984376/datanode-2/data/ratis/9a17451c-3773-4b89-a70b-a67353f92e47/current/log_inprogress_0
2019-10-04 06:14:39,062 [fbeba96c-4cf6-47d6-9be9-907e9de679c5@group-795C0B34689D-LeaderElection70] INFO  impl.RaftServerImpl (RaftServerImpl.java:setRole(170)) - fbeba96c-4cf6-47d6-9be9-907e9de679c5@group-795C0B34689D: changes role from CANDIDATE to LEADER at term 1 for changeToLeader
2019-10-04 06:14:39,063 [fbeba96c-4cf6-47d6-9be9-907e9de679c5@group-795C0B34689D-LeaderElection70] INFO  impl.RaftServerImpl (ServerState.java:setLeader(255)) - fbeba96c-4cf6-47d6-9be9-907e9de679c5@group-795C0B34689D: change Leader from null to fbeba96c-4cf6-47d6-9be9-907e9de679c5 at term 1 for becomeLeader, leader elected after 5110ms
2019-10-04 06:14:39,063 [fbeba96c-4cf6-47d6-9be9-907e9de679c5@group-795C0B34689D-LeaderElection70] INFO  server.RaftServerConfigKeys (ConfUtils.java:logGet(43)) - raft.server.staging.catchup.gap = 1000 (default)
2019-10-04 06:14:39,063 [fbeba96c-4cf6-47d6-9be9-907e9de679c5@group-795C0B34689D-LeaderElection70] INFO  server.RaftServerConfigKeys (ConfUtils.java:logGet(43)) - raft.server.rpc.sleep.time = 25ms (default)
2019-10-04 06:14:39,063 [fbeba96c-4cf6-47d6-9be9-907e9de679c5@group-795C0B34689D-LeaderElection70] INFO  server.RaftServerConfigKeys (ConfUtils.java:logGet(43)) - raft.server.write.element-limit = 4096 (default)
2019-10-04 06:14:39,063 [fbeba96c-4cf6-47d6-9be9-907e9de679c5@group-795C0B34689D-LeaderElection70] INFO  server.RaftServerConfigKeys (ConfUtils.java:logGet(43)) - raft.server.watch.timeout = 10s (default)
2019-10-04 06:14:39,064 [fbeba96c-4cf6-47d6-9be9-907e9de679c5@group-795C0B34689D-LeaderElection70] INFO  server.RaftServerConfigKeys (ConfUtils.java:logGet(43)) - raft.server.watch.timeout.denomination = 1s (default)
2019-10-04 06:14:39,064 [fbeba96c-4cf6-47d6-9be9-907e9de679c5@group-795C0B34689D-LeaderElection70] INFO  server.RaftServerConfigKeys (ConfUtils.java:logGet(43)) - raft.server.watch.element-limit = 65536 (default)
2019-10-04 06:14:39,065 [fbeba96c-4cf6-47d6-9be9-907e9de679c5@group-795C0B34689D-LeaderElection70] INFO  impl.RoleInfo (RoleInfo.java:updateAndGet(143)) - fbeba96c-4cf6-47d6-9be9-907e9de679c5: start LeaderState
2019-10-04 06:14:39,065 [fbeba96c-4cf6-47d6-9be9-907e9de679c5@group-795C0B34689D-LeaderElection70] INFO  segmented.SegmentedRaftLogWorker (SegmentedRaftLogWorker.java:startLogSegment(385)) - fbeba96c-4cf6-47d6-9be9-907e9de679c5@group-795C0B34689D-SegmentedRaftLogWorker: Starting segment from index:0
2019-10-04 06:14:39,066 [fbeba96c-4cf6-47d6-9be9-907e9de679c5@group-795C0B34689D-LeaderElection70] INFO  impl.RaftServerImpl (ServerState.java:setRaftConf(356)) - fbeba96c-4cf6-47d6-9be9-907e9de679c5@group-795C0B34689D: set configuration 0: [fbeba96c-4cf6-47d6-9be9-907e9de679c5:192.168.164.222:43337], old=null at 0
2019-10-04 06:14:39,075 [0c8f8237-245c-4663-9377-ac8b3d2a290c@group-92705CFB5CB7-LeaderElection71] INFO  impl.LeaderElection (LeaderElection.java:askForVotes(178)) - 0c8f8237-245c-4663-9377-ac8b3d2a290c@group-92705CFB5CB7-LeaderElection71: begin an election at term 1 for -1: [0c8f8237-245c-4663-9377-ac8b3d2a290c:192.168.164.222:44739], old=null
2019-10-04 06:14:39,075 [0c8f8237-245c-4663-9377-ac8b3d2a290c@group-92705CFB5CB7-LeaderElection71] INFO  impl.RoleInfo (RoleInfo.java:shutdownLeaderElection(134)) - 0c8f8237-245c-4663-9377-ac8b3d2a290c: shutdown LeaderElection
2019-10-04 06:14:39,075 [0c8f8237-245c-4663-9377-ac8b3d2a290c@group-92705CFB5CB7-LeaderElection71] INFO  impl.RaftServerImpl (RaftServerImpl.java:setRole(170)) - 0c8f8237-245c-4663-9377-ac8b3d2a290c@group-92705CFB5CB7: changes role from CANDIDATE to LEADER at term 1 for changeToLeader
2019-10-04 06:14:39,075 [0c8f8237-245c-4663-9377-ac8b3d2a290c@group-92705CFB5CB7-LeaderElection71] INFO  impl.RaftServerImpl (ServerState.java:setLeader(255)) - 0c8f8237-245c-4663-9377-ac8b3d2a290c@group-92705CFB5CB7: change Leader from null to 0c8f8237-245c-4663-9377-ac8b3d2a290c at term 1 for becomeLeader, leader elected after 5071ms
2019-10-04 06:14:39,075 [0c8f8237-245c-4663-9377-ac8b3d2a290c@group-92705CFB5CB7-LeaderElection71] INFO  server.RaftServerConfigKeys (ConfUtils.java:logGet(43)) - raft.server.staging.catchup.gap = 1000 (default)
2019-10-04 06:14:39,075 [0c8f8237-245c-4663-9377-ac8b3d2a290c@group-92705CFB5CB7-LeaderElection71] INFO  server.RaftServerConfigKeys (ConfUtils.java:logGet(43)) - raft.server.rpc.sleep.time = 25ms (default)
2019-10-04 06:14:39,076 [0c8f8237-245c-4663-9377-ac8b3d2a290c@group-92705CFB5CB7-LeaderElection71] INFO  server.RaftServerConfigKeys (ConfUtils.java:logGet(43)) - raft.server.write.element-limit = 4096 (default)
2019-10-04 06:14:39,076 [0c8f8237-245c-4663-9377-ac8b3d2a290c@group-92705CFB5CB7-LeaderElection71] INFO  server.RaftServerConfigKeys (ConfUtils.java:logGet(43)) - raft.server.watch.timeout = 10s (default)
2019-10-04 06:14:39,076 [0c8f8237-245c-4663-9377-ac8b3d2a290c@group-92705CFB5CB7-LeaderElection71] INFO  server.RaftServerConfigKeys (ConfUtils.java:logGet(43)) - raft.server.watch.timeout.denomination = 1s (default)
2019-10-04 06:14:39,076 [0c8f8237-245c-4663-9377-ac8b3d2a290c@group-92705CFB5CB7-LeaderElection71] INFO  server.RaftServerConfigKeys (ConfUtils.java:logGet(43)) - raft.server.watch.element-limit = 65536 (default)
2019-10-04 06:14:39,078 [0c8f8237-245c-4663-9377-ac8b3d2a290c@group-92705CFB5CB7-LeaderElection71] INFO  impl.RoleInfo (RoleInfo.java:updateAndGet(143)) - 0c8f8237-245c-4663-9377-ac8b3d2a290c: start LeaderState
2019-10-04 06:14:39,078 [0c8f8237-245c-4663-9377-ac8b3d2a290c@group-92705CFB5CB7-LeaderElection71] INFO  segmented.SegmentedRaftLogWorker (SegmentedRaftLogWorker.java:startLogSegment(385)) - 0c8f8237-245c-4663-9377-ac8b3d2a290c@group-92705CFB5CB7-SegmentedRaftLogWorker: Starting segment from index:0
2019-10-04 06:14:39,079 [0c8f8237-245c-4663-9377-ac8b3d2a290c@group-92705CFB5CB7-LeaderElection71] INFO  impl.RaftServerImpl (ServerState.java:setRaftConf(356)) - 0c8f8237-245c-4663-9377-ac8b3d2a290c@group-92705CFB5CB7: set configuration 0: [0c8f8237-245c-4663-9377-ac8b3d2a290c:192.168.164.222:44739], old=null at 0
2019-10-04 06:14:39,120 [0c8f8237-245c-4663-9377-ac8b3d2a290c@group-92705CFB5CB7-SegmentedRaftLogWorker] INFO  segmented.SegmentedRaftLogWorker (SegmentedRaftLogWorker.java:execute(574)) - 0c8f8237-245c-4663-9377-ac8b3d2a290c@group-92705CFB5CB7-SegmentedRaftLogWorker: created new log segment /workdir/hadoop-ozone/integration-test/target/test-dir/MiniOzoneClusterImpl-576b2c35-ac69-4444-aca8-a582a9984376/datanode-3/data/ratis/1c20d534-ab5c-432e-ad28-92705cfb5cb7/current/log_inprogress_0
2019-10-04 06:14:39,120 [fbeba96c-4cf6-47d6-9be9-907e9de679c5@group-795C0B34689D-SegmentedRaftLogWorker] INFO  segmented.SegmentedRaftLogWorker (SegmentedRaftLogWorker.java:execute(574)) - fbeba96c-4cf6-47d6-9be9-907e9de679c5@group-795C0B34689D-SegmentedRaftLogWorker: created new log segment /workdir/hadoop-ozone/integration-test/target/test-dir/MiniOzoneClusterImpl-576b2c35-ac69-4444-aca8-a582a9984376/datanode-4/data/ratis/669bcfe7-9cf1-431b-92d7-795c0b34689d/current/log_inprogress_0
2019-10-04 06:14:39,185 [Thread-2397] INFO  impl.FollowerState (FollowerState.java:run(108)) - 504d9125-0d80-41e0-a1a9-8a8df4d27901@group-68C9AF20D07D-FollowerState: change to CANDIDATE, lastRpcTime:5124ms, electionTimeout:5124ms
2019-10-04 06:14:39,185 [Thread-2397] INFO  impl.RoleInfo (RoleInfo.java:shutdownFollowerState(121)) - 504d9125-0d80-41e0-a1a9-8a8df4d27901: shutdown FollowerState
2019-10-04 06:14:39,185 [Thread-2397] INFO  impl.RaftServerImpl (RaftServerImpl.java:setRole(170)) - 504d9125-0d80-41e0-a1a9-8a8df4d27901@group-68C9AF20D07D: changes role from  FOLLOWER to CANDIDATE at term 0 for changeToCandidate
2019-10-04 06:14:39,186 [Thread-2397] INFO  impl.RoleInfo (RoleInfo.java:updateAndGet(143)) - 504d9125-0d80-41e0-a1a9-8a8df4d27901: start LeaderElection
2019-10-04 06:14:39,206 [504d9125-0d80-41e0-a1a9-8a8df4d27901@group-68C9AF20D07D-LeaderElection72] INFO  impl.LeaderElection (LeaderElection.java:askForVotes(178)) - 504d9125-0d80-41e0-a1a9-8a8df4d27901@group-68C9AF20D07D-LeaderElection72: begin an election at term 1 for -1: [504d9125-0d80-41e0-a1a9-8a8df4d27901:192.168.164.222:33712], old=null
2019-10-04 06:14:39,206 [504d9125-0d80-41e0-a1a9-8a8df4d27901@group-68C9AF20D07D-LeaderElection72] INFO  impl.RoleInfo (RoleInfo.java:shutdownLeaderElection(134)) - 504d9125-0d80-41e0-a1a9-8a8df4d27901: shutdown LeaderElection
2019-10-04 06:14:39,207 [504d9125-0d80-41e0-a1a9-8a8df4d27901@group-68C9AF20D07D-LeaderElection72] INFO  impl.RaftServerImpl (RaftServerImpl.java:setRole(170)) - 504d9125-0d80-41e0-a1a9-8a8df4d27901@group-68C9AF20D07D: changes role from CANDIDATE to LEADER at term 1 for changeToLeader
2019-10-04 06:14:39,207 [504d9125-0d80-41e0-a1a9-8a8df4d27901@group-68C9AF20D07D-LeaderElection72] INFO  impl.RaftServerImpl (ServerState.java:setLeader(255)) - 504d9125-0d80-41e0-a1a9-8a8df4d27901@group-68C9AF20D07D: change Leader from null to 504d9125-0d80-41e0-a1a9-8a8df4d27901 at term 1 for becomeLeader, leader elected after 5152ms
2019-10-04 06:14:39,207 [504d9125-0d80-41e0-a1a9-8a8df4d27901@group-68C9AF20D07D-LeaderElection72] INFO  server.RaftServerConfigKeys (ConfUtils.java:logGet(43)) - raft.server.staging.catchup.gap = 1000 (default)
2019-10-04 06:14:39,207 [504d9125-0d80-41e0-a1a9-8a8df4d27901@group-68C9AF20D07D-LeaderElection72] INFO  server.RaftServerConfigKeys (ConfUtils.java:logGet(43)) - raft.server.rpc.sleep.time = 25ms (default)
2019-10-04 06:14:39,207 [504d9125-0d80-41e0-a1a9-8a8df4d27901@group-68C9AF20D07D-LeaderElection72] INFO  server.RaftServerConfigKeys (ConfUtils.java:logGet(43)) - raft.server.write.element-limit = 4096 (default)
2019-10-04 06:14:39,207 [504d9125-0d80-41e0-a1a9-8a8df4d27901@group-68C9AF20D07D-LeaderElection72] INFO  server.RaftServerConfigKeys (ConfUtils.java:logGet(43)) - raft.server.watch.timeout = 10s (default)
2019-10-04 06:14:39,208 [504d9125-0d80-41e0-a1a9-8a8df4d27901@group-68C9AF20D07D-LeaderElection72] INFO  server.RaftServerConfigKeys (ConfUtils.java:logGet(43)) - raft.server.watch.timeout.denomination = 1s (default)
2019-10-04 06:14:39,208 [504d9125-0d80-41e0-a1a9-8a8df4d27901@group-68C9AF20D07D-LeaderElection72] INFO  server.RaftServerConfigKeys (ConfUtils.java:logGet(43)) - raft.server.watch.element-limit = 65536 (default)
2019-10-04 06:14:39,210 [504d9125-0d80-41e0-a1a9-8a8df4d27901@group-68C9AF20D07D-LeaderElection72] INFO  impl.RoleInfo (RoleInfo.java:updateAndGet(143)) - 504d9125-0d80-41e0-a1a9-8a8df4d27901: start LeaderState
2019-10-04 06:14:39,210 [504d9125-0d80-41e0-a1a9-8a8df4d27901@group-68C9AF20D07D-LeaderElection72] INFO  segmented.SegmentedRaftLogWorker (SegmentedRaftLogWorker.java:startLogSegment(385)) - 504d9125-0d80-41e0-a1a9-8a8df4d27901@group-68C9AF20D07D-SegmentedRaftLogWorker: Starting segment from index:0
2019-10-04 06:14:39,211 [504d9125-0d80-41e0-a1a9-8a8df4d27901@group-68C9AF20D07D-LeaderElection72] INFO  impl.RaftServerImpl (ServerState.java:setRaftConf(356)) - 504d9125-0d80-41e0-a1a9-8a8df4d27901@group-68C9AF20D07D: set configuration 0: [504d9125-0d80-41e0-a1a9-8a8df4d27901:192.168.164.222:33712], old=null at 0
2019-10-04 06:14:39,218 [Thread-2402] INFO  impl.FollowerState (FollowerState.java:run(108)) - 41c3a30f-f982-4f7c-88a6-c7684dbd713a@group-91029E5EC6A4-FollowerState: change to CANDIDATE, lastRpcTime:5078ms, electionTimeout:5078ms
2019-10-04 06:14:39,218 [Thread-2402] INFO  impl.RoleInfo (RoleInfo.java:shutdownFollowerState(121)) - 41c3a30f-f982-4f7c-88a6-c7684dbd713a: shutdown FollowerState
2019-10-04 06:14:39,218 [Thread-2402] INFO  impl.RaftServerImpl (RaftServerImpl.java:setRole(170)) - 41c3a30f-f982-4f7c-88a6-c7684dbd713a@group-91029E5EC6A4: changes role from  FOLLOWER to CANDIDATE at term 0 for changeToCandidate
2019-10-04 06:14:39,219 [Thread-2402] INFO  impl.RoleInfo (RoleInfo.java:updateAndGet(143)) - 41c3a30f-f982-4f7c-88a6-c7684dbd713a: start LeaderElection
2019-10-04 06:14:39,250 [Thread-2409] INFO  impl.FollowerState (FollowerState.java:run(108)) - 0c8f8237-245c-4663-9377-ac8b3d2a290c@group-67A92CCD3221-FollowerState: change to CANDIDATE, lastRpcTime:5054ms, electionTimeout:5051ms
2019-10-04 06:14:39,250 [Thread-2409] INFO  impl.RoleInfo (RoleInfo.java:shutdownFollowerState(121)) - 0c8f8237-245c-4663-9377-ac8b3d2a290c: shutdown FollowerState
2019-10-04 06:14:39,251 [Thread-2409] INFO  impl.RaftServerImpl (RaftServerImpl.java:setRole(170)) - 0c8f8237-245c-4663-9377-ac8b3d2a290c@group-67A92CCD3221: changes role from  FOLLOWER to CANDIDATE at term 0 for changeToCandidate
2019-10-04 06:14:39,251 [Thread-2409] INFO  impl.RoleInfo (RoleInfo.java:updateAndGet(143)) - 0c8f8237-245c-4663-9377-ac8b3d2a290c: start LeaderElection
2019-10-04 06:14:39,259 [504d9125-0d80-41e0-a1a9-8a8df4d27901@group-68C9AF20D07D-SegmentedRaftLogWorker] INFO  segmented.SegmentedRaftLogWorker (SegmentedRaftLogWorker.java:execute(574)) - 504d9125-0d80-41e0-a1a9-8a8df4d27901@group-68C9AF20D07D-SegmentedRaftLogWorker: created new log segment /workdir/hadoop-ozone/integration-test/target/test-dir/MiniOzoneClusterImpl-576b2c35-ac69-4444-aca8-a582a9984376/datanode-5/data/ratis/5e2d7090-7719-4290-8af0-68c9af20d07d/current/log_inprogress_0
2019-10-04 06:14:39,259 [41c3a30f-f982-4f7c-88a6-c7684dbd713a@group-91029E5EC6A4-LeaderElection73] INFO  impl.LeaderElection (LeaderElection.java:askForVotes(178)) - 41c3a30f-f982-4f7c-88a6-c7684dbd713a@group-91029E5EC6A4-LeaderElection73: begin an election at term 1 for -1: [41c3a30f-f982-4f7c-88a6-c7684dbd713a:192.168.164.222:34146], old=null
2019-10-04 06:14:39,259 [41c3a30f-f982-4f7c-88a6-c7684dbd713a@group-91029E5EC6A4-LeaderElection73] INFO  impl.RoleInfo (RoleInfo.java:shutdownLeaderElection(134)) - 41c3a30f-f982-4f7c-88a6-c7684dbd713a: shutdown LeaderElection
2019-10-04 06:14:39,259 [41c3a30f-f982-4f7c-88a6-c7684dbd713a@group-91029E5EC6A4-LeaderElection73] INFO  impl.RaftServerImpl (RaftServerImpl.java:setRole(170)) - 41c3a30f-f982-4f7c-88a6-c7684dbd713a@group-91029E5EC6A4: changes role from CANDIDATE to LEADER at term 1 for changeToLeader
2019-10-04 06:14:39,259 [41c3a30f-f982-4f7c-88a6-c7684dbd713a@group-91029E5EC6A4-LeaderElection73] INFO  impl.RaftServerImpl (ServerState.java:setLeader(255)) - 41c3a30f-f982-4f7c-88a6-c7684dbd713a@group-91029E5EC6A4: change Leader from null to 41c3a30f-f982-4f7c-88a6-c7684dbd713a at term 1 for becomeLeader, leader elected after 5127ms
2019-10-04 06:14:39,260 [41c3a30f-f982-4f7c-88a6-c7684dbd713a@group-91029E5EC6A4-LeaderElection73] INFO  server.RaftServerConfigKeys (ConfUtils.java:logGet(43)) - raft.server.staging.catchup.gap = 1000 (default)
2019-10-04 06:14:39,260 [41c3a30f-f982-4f7c-88a6-c7684dbd713a@group-91029E5EC6A4-LeaderElection73] INFO  server.RaftServerConfigKeys (ConfUtils.java:logGet(43)) - raft.server.rpc.sleep.time = 25ms (default)
2019-10-04 06:14:39,260 [41c3a30f-f982-4f7c-88a6-c7684dbd713a@group-91029E5EC6A4-LeaderElection73] INFO  server.RaftServerConfigKeys (ConfUtils.java:logGet(43)) - raft.server.write.element-limit = 4096 (default)
2019-10-04 06:14:39,260 [41c3a30f-f982-4f7c-88a6-c7684dbd713a@group-91029E5EC6A4-LeaderElection73] INFO  server.RaftServerConfigKeys (ConfUtils.java:logGet(43)) - raft.server.watch.timeout = 10s (default)
2019-10-04 06:14:39,260 [41c3a30f-f982-4f7c-88a6-c7684dbd713a@group-91029E5EC6A4-LeaderElection73] INFO  server.RaftServerConfigKeys (ConfUtils.java:logGet(43)) - raft.server.watch.timeout.denomination = 1s (default)
2019-10-04 06:14:39,260 [41c3a30f-f982-4f7c-88a6-c7684dbd713a@group-91029E5EC6A4-LeaderElection73] INFO  server.RaftServerConfigKeys (ConfUtils.java:logGet(43)) - raft.server.watch.element-limit = 65536 (default)
2019-10-04 06:14:39,262 [41c3a30f-f982-4f7c-88a6-c7684dbd713a@group-91029E5EC6A4-LeaderElection73] INFO  impl.RoleInfo (RoleInfo.java:updateAndGet(143)) - 41c3a30f-f982-4f7c-88a6-c7684dbd713a: start LeaderState
2019-10-04 06:14:39,262 [41c3a30f-f982-4f7c-88a6-c7684dbd713a@group-91029E5EC6A4-LeaderElection73] INFO  segmented.SegmentedRaftLogWorker (SegmentedRaftLogWorker.java:startLogSegment(385)) - 41c3a30f-f982-4f7c-88a6-c7684dbd713a@group-91029E5EC6A4-SegmentedRaftLogWorker: Starting segment from index:0
2019-10-04 06:14:39,262 [41c3a30f-f982-4f7c-88a6-c7684dbd713a@group-91029E5EC6A4-LeaderElection73] INFO  impl.RaftServerImpl (ServerState.java:setRaftConf(356)) - 41c3a30f-f982-4f7c-88a6-c7684dbd713a@group-91029E5EC6A4: set configuration 0: [41c3a30f-f982-4f7c-88a6-c7684dbd713a:192.168.164.222:34146], old=null at 0
2019-10-04 06:14:39,272 [0c8f8237-245c-4663-9377-ac8b3d2a290c@group-67A92CCD3221-LeaderElection74] INFO  impl.LeaderElection (LeaderElection.java:askForVotes(178)) - 0c8f8237-245c-4663-9377-ac8b3d2a290c@group-67A92CCD3221-LeaderElection74: begin an election at term 1 for -1: [fbeba96c-4cf6-47d6-9be9-907e9de679c5:192.168.164.222:43337, 41c3a30f-f982-4f7c-88a6-c7684dbd713a:192.168.164.222:34146, 0c8f8237-245c-4663-9377-ac8b3d2a290c:192.168.164.222:44739], old=null
2019-10-04 06:14:39,299 [grpc-default-executor-6] INFO  impl.RaftServerImpl (RaftServerImpl.java:setRole(170)) - fbeba96c-4cf6-47d6-9be9-907e9de679c5@group-67A92CCD3221: changes role from  FOLLOWER to FOLLOWER at term 1 for recognizeCandidate:0c8f8237-245c-4663-9377-ac8b3d2a290c
2019-10-04 06:14:39,299 [grpc-default-executor-6] INFO  impl.RoleInfo (RoleInfo.java:shutdownFollowerState(121)) - fbeba96c-4cf6-47d6-9be9-907e9de679c5: shutdown FollowerState
2019-10-04 06:14:39,301 [grpc-default-executor-5] INFO  impl.RaftServerImpl (RaftServerImpl.java:setRole(170)) - 41c3a30f-f982-4f7c-88a6-c7684dbd713a@group-67A92CCD3221: changes role from  FOLLOWER to FOLLOWER at term 1 for recognizeCandidate:0c8f8237-245c-4663-9377-ac8b3d2a290c
2019-10-04 06:14:39,301 [Thread-2408] INFO  impl.FollowerState (FollowerState.java:run(117)) - fbeba96c-4cf6-47d6-9be9-907e9de679c5@group-67A92CCD3221-FollowerState was interrupted: java.lang.InterruptedException: sleep interrupted
2019-10-04 06:14:39,301 [grpc-default-executor-5] INFO  impl.RoleInfo (RoleInfo.java:shutdownFollowerState(121)) - 41c3a30f-f982-4f7c-88a6-c7684dbd713a: shutdown FollowerState
2019-10-04 06:14:39,304 [grpc-default-executor-6] INFO  impl.RoleInfo (RoleInfo.java:updateAndGet(143)) - fbeba96c-4cf6-47d6-9be9-907e9de679c5: start FollowerState
2019-10-04 06:14:39,307 [41c3a30f-f982-4f7c-88a6-c7684dbd713a@group-91029E5EC6A4-SegmentedRaftLogWorker] INFO  segmented.SegmentedRaftLogWorker (SegmentedRaftLogWorker.java:execute(574)) - 41c3a30f-f982-4f7c-88a6-c7684dbd713a@group-91029E5EC6A4-SegmentedRaftLogWorker: created new log segment /workdir/hadoop-ozone/integration-test/target/test-dir/MiniOzoneClusterImpl-576b2c35-ac69-4444-aca8-a582a9984376/datanode-6/data/ratis/a6519bcc-664a-407c-adb2-91029e5ec6a4/current/log_inprogress_0
2019-10-04 06:14:39,305 [grpc-default-executor-5] INFO  impl.RoleInfo (RoleInfo.java:updateAndGet(143)) - 41c3a30f-f982-4f7c-88a6-c7684dbd713a: start FollowerState
2019-10-04 06:14:39,307 [Thread-2407] INFO  impl.FollowerState (FollowerState.java:run(117)) - 41c3a30f-f982-4f7c-88a6-c7684dbd713a@group-67A92CCD3221-FollowerState was interrupted: java.lang.InterruptedException: sleep interrupted
2019-10-04 06:14:39,321 [0c8f8237-245c-4663-9377-ac8b3d2a290c@group-67A92CCD3221-LeaderElection74] INFO  impl.LeaderElection (LeaderElection.java:logAndReturn(56)) - 0c8f8237-245c-4663-9377-ac8b3d2a290c@group-67A92CCD3221-LeaderElection74: Election PASSED; received 1 response(s) [0c8f8237-245c-4663-9377-ac8b3d2a290c<-41c3a30f-f982-4f7c-88a6-c7684dbd713a#0:OK-t1] and 0 exception(s); 0c8f8237-245c-4663-9377-ac8b3d2a290c@group-67A92CCD3221:t1, leader=null, voted=0c8f8237-245c-4663-9377-ac8b3d2a290c, raftlog=0c8f8237-245c-4663-9377-ac8b3d2a290c@group-67A92CCD3221-SegmentedRaftLog:OPENED:c-1,f-1,i0, conf=-1: [fbeba96c-4cf6-47d6-9be9-907e9de679c5:192.168.164.222:43337, 41c3a30f-f982-4f7c-88a6-c7684dbd713a:192.168.164.222:34146, 0c8f8237-245c-4663-9377-ac8b3d2a290c:192.168.164.222:44739], old=null
2019-10-04 06:14:39,321 [0c8f8237-245c-4663-9377-ac8b3d2a290c@group-67A92CCD3221-LeaderElection74] INFO  impl.RoleInfo (RoleInfo.java:shutdownLeaderElection(134)) - 0c8f8237-245c-4663-9377-ac8b3d2a290c: shutdown LeaderElection
2019-10-04 06:14:39,322 [0c8f8237-245c-4663-9377-ac8b3d2a290c@group-67A92CCD3221-LeaderElection74] INFO  impl.RaftServerImpl (RaftServerImpl.java:setRole(170)) - 0c8f8237-245c-4663-9377-ac8b3d2a290c@group-67A92CCD3221: changes role from CANDIDATE to LEADER at term 1 for changeToLeader
2019-10-04 06:14:39,322 [0c8f8237-245c-4663-9377-ac8b3d2a290c@group-67A92CCD3221-LeaderElection74] INFO  impl.RaftServerImpl (ServerState.java:setLeader(255)) - 0c8f8237-245c-4663-9377-ac8b3d2a290c@group-67A92CCD3221: change Leader from null to 0c8f8237-245c-4663-9377-ac8b3d2a290c at term 1 for becomeLeader, leader elected after 5136ms
2019-10-04 06:14:39,322 [0c8f8237-245c-4663-9377-ac8b3d2a290c@group-67A92CCD3221-LeaderElection74] INFO  server.RaftServerConfigKeys (ConfUtils.java:logGet(43)) - raft.server.staging.catchup.gap = 1000 (default)
2019-10-04 06:14:39,322 [0c8f8237-245c-4663-9377-ac8b3d2a290c@group-67A92CCD3221-LeaderElection74] INFO  server.RaftServerConfigKeys (ConfUtils.java:logGet(43)) - raft.server.rpc.sleep.time = 25ms (default)
2019-10-04 06:14:39,322 [0c8f8237-245c-4663-9377-ac8b3d2a290c@group-67A92CCD3221-LeaderElection74] INFO  server.RaftServerConfigKeys (ConfUtils.java:logGet(43)) - raft.server.write.element-limit = 4096 (default)
2019-10-04 06:14:39,323 [0c8f8237-245c-4663-9377-ac8b3d2a290c@group-67A92CCD3221-LeaderElection74] INFO  server.RaftServerConfigKeys (ConfUtils.java:logGet(43)) - raft.server.watch.timeout = 10s (default)
2019-10-04 06:14:39,323 [0c8f8237-245c-4663-9377-ac8b3d2a290c@group-67A92CCD3221-LeaderElection74] INFO  server.RaftServerConfigKeys (ConfUtils.java:logGet(43)) - raft.server.watch.timeout.denomination = 1s (default)
2019-10-04 06:14:39,323 [0c8f8237-245c-4663-9377-ac8b3d2a290c@group-67A92CCD3221-LeaderElection74] INFO  server.RaftServerConfigKeys (ConfUtils.java:logGet(43)) - raft.server.watch.element-limit = 65536 (default)
2019-10-04 06:14:39,325 [0c8f8237-245c-4663-9377-ac8b3d2a290c@group-67A92CCD3221-LeaderElection74] INFO  server.RaftServerConfigKeys (ConfUtils.java:logGet(43)) - raft.server.log.appender.snapshot.chunk.size.max = 16MB (=16777216) (default)
2019-10-04 06:14:39,325 [0c8f8237-245c-4663-9377-ac8b3d2a290c@group-67A92CCD3221-LeaderElection74] INFO  server.RaftServerConfigKeys (ConfUtils.java:logGet(43)) - raft.server.log.appender.buffer.byte-limit = 33554432 (custom)
2019-10-04 06:14:39,326 [0c8f8237-245c-4663-9377-ac8b3d2a290c@group-67A92CCD3221-LeaderElection74] INFO  server.RaftServerConfigKeys (ConfUtils.java:logGet(43)) - raft.server.log.appender.buffer.element-limit = 1 (custom)
2019-10-04 06:14:39,326 [0c8f8237-245c-4663-9377-ac8b3d2a290c@group-67A92CCD3221-LeaderElection74] INFO  grpc.GrpcConfigKeys$Server (ConfUtils.java:logGet(43)) - raft.grpc.server.leader.outstanding.appends.max = 128 (default)
2019-10-04 06:14:39,326 [0c8f8237-245c-4663-9377-ac8b3d2a290c@group-67A92CCD3221-LeaderElection74] INFO  server.RaftServerConfigKeys (ConfUtils.java:logGet(43)) - raft.server.rpc.request.timeout = 3000ms (default)
2019-10-04 06:14:39,326 [0c8f8237-245c-4663-9377-ac8b3d2a290c@group-67A92CCD3221-LeaderElection74] INFO  server.RaftServerConfigKeys (ConfUtils.java:logGet(43)) - raft.server.log.appender.install.snapshot.enabled = false (custom)
2019-10-04 06:14:39,327 [0c8f8237-245c-4663-9377-ac8b3d2a290c@group-67A92CCD3221-LeaderElection74] INFO  server.RaftServerConfigKeys (ConfUtils.java:logGet(43)) - raft.server.log.appender.snapshot.chunk.size.max = 16MB (=16777216) (default)
2019-10-04 06:14:39,327 [0c8f8237-245c-4663-9377-ac8b3d2a290c@group-67A92CCD3221-LeaderElection74] INFO  server.RaftServerConfigKeys (ConfUtils.java:logGet(43)) - raft.server.log.appender.buffer.byte-limit = 33554432 (custom)
2019-10-04 06:14:39,327 [0c8f8237-245c-4663-9377-ac8b3d2a290c@group-67A92CCD3221-LeaderElection74] INFO  server.RaftServerConfigKeys (ConfUtils.java:logGet(43)) - raft.server.log.appender.buffer.element-limit = 1 (custom)
2019-10-04 06:14:39,327 [0c8f8237-245c-4663-9377-ac8b3d2a290c@group-67A92CCD3221-LeaderElection74] INFO  grpc.GrpcConfigKeys$Server (ConfUtils.java:logGet(43)) - raft.grpc.server.leader.outstanding.appends.max = 128 (default)
2019-10-04 06:14:39,327 [0c8f8237-245c-4663-9377-ac8b3d2a290c@group-67A92CCD3221-LeaderElection74] INFO  server.RaftServerConfigKeys (ConfUtils.java:logGet(43)) - raft.server.rpc.request.timeout = 3000ms (default)
2019-10-04 06:14:39,328 [0c8f8237-245c-4663-9377-ac8b3d2a290c@group-67A92CCD3221-LeaderElection74] INFO  server.RaftServerConfigKeys (ConfUtils.java:logGet(43)) - raft.server.log.appender.install.snapshot.enabled = false (custom)
2019-10-04 06:14:39,328 [0c8f8237-245c-4663-9377-ac8b3d2a290c@group-67A92CCD3221-LeaderElection74] INFO  impl.RoleInfo (RoleInfo.java:updateAndGet(143)) - 0c8f8237-245c-4663-9377-ac8b3d2a290c: start LeaderState
2019-10-04 06:14:39,328 [0c8f8237-245c-4663-9377-ac8b3d2a290c@group-67A92CCD3221-LeaderElection74] INFO  segmented.SegmentedRaftLogWorker (SegmentedRaftLogWorker.java:startLogSegment(385)) - 0c8f8237-245c-4663-9377-ac8b3d2a290c@group-67A92CCD3221-SegmentedRaftLogWorker: Starting segment from index:0
2019-10-04 06:14:39,329 [0c8f8237-245c-4663-9377-ac8b3d2a290c@group-67A92CCD3221-LeaderElection74] INFO  impl.RaftServerImpl (ServerState.java:setRaftConf(356)) - 0c8f8237-245c-4663-9377-ac8b3d2a290c@group-67A92CCD3221: set configuration 0: [fbeba96c-4cf6-47d6-9be9-907e9de679c5:192.168.164.222:43337, 41c3a30f-f982-4f7c-88a6-c7684dbd713a:192.168.164.222:34146, 0c8f8237-245c-4663-9377-ac8b3d2a290c:192.168.164.222:44739], old=null at 0
2019-10-04 06:14:39,366 [grpc-default-executor-5] INFO  impl.RaftServerImpl (ServerState.java:setLeader(255)) - fbeba96c-4cf6-47d6-9be9-907e9de679c5@group-67A92CCD3221: change Leader from null to 0c8f8237-245c-4663-9377-ac8b3d2a290c at term 1 for appendEntries, leader elected after 5180ms
2019-10-04 06:14:39,370 [grpc-default-executor-5] INFO  impl.RaftServerImpl (ServerState.java:setLeader(255)) - 41c3a30f-f982-4f7c-88a6-c7684dbd713a@group-67A92CCD3221: change Leader from null to 0c8f8237-245c-4663-9377-ac8b3d2a290c at term 1 for appendEntries, leader elected after 5184ms
2019-10-04 06:14:39,374 [grpc-default-executor-6] INFO  impl.RaftServerImpl (ServerState.java:setRaftConf(356)) - fbeba96c-4cf6-47d6-9be9-907e9de679c5@group-67A92CCD3221: set configuration 0: [fbeba96c-4cf6-47d6-9be9-907e9de679c5:192.168.164.222:43337, 41c3a30f-f982-4f7c-88a6-c7684dbd713a:192.168.164.222:34146, 0c8f8237-245c-4663-9377-ac8b3d2a290c:192.168.164.222:44739], old=null at 0
2019-10-04 06:14:39,374 [grpc-default-executor-5] INFO  impl.RaftServerImpl (ServerState.java:setRaftConf(356)) - 41c3a30f-f982-4f7c-88a6-c7684dbd713a@group-67A92CCD3221: set configuration 0: [fbeba96c-4cf6-47d6-9be9-907e9de679c5:192.168.164.222:43337, 41c3a30f-f982-4f7c-88a6-c7684dbd713a:192.168.164.222:34146, 0c8f8237-245c-4663-9377-ac8b3d2a290c:192.168.164.222:44739], old=null at 0
2019-10-04 06:14:39,374 [grpc-default-executor-6] INFO  segmented.SegmentedRaftLogWorker (SegmentedRaftLogWorker.java:startLogSegment(385)) - fbeba96c-4cf6-47d6-9be9-907e9de679c5@group-67A92CCD3221-SegmentedRaftLogWorker: Starting segment from index:0
2019-10-04 06:14:39,374 [grpc-default-executor-5] INFO  segmented.SegmentedRaftLogWorker (SegmentedRaftLogWorker.java:startLogSegment(385)) - 41c3a30f-f982-4f7c-88a6-c7684dbd713a@group-67A92CCD3221-SegmentedRaftLogWorker: Starting segment from index:0
2019-10-04 06:14:39,381 [0c8f8237-245c-4663-9377-ac8b3d2a290c@group-67A92CCD3221-SegmentedRaftLogWorker] INFO  segmented.SegmentedRaftLogWorker (SegmentedRaftLogWorker.java:execute(574)) - 0c8f8237-245c-4663-9377-ac8b3d2a290c@group-67A92CCD3221-SegmentedRaftLogWorker: created new log segment /workdir/hadoop-ozone/integration-test/target/test-dir/MiniOzoneClusterImpl-576b2c35-ac69-4444-aca8-a582a9984376/datanode-3/data/ratis/74693058-76bf-4d13-be00-67a92ccd3221/current/log_inprogress_0
2019-10-04 06:14:39,402 [fbeba96c-4cf6-47d6-9be9-907e9de679c5@group-67A92CCD3221-SegmentedRaftLogWorker] INFO  segmented.SegmentedRaftLogWorker (SegmentedRaftLogWorker.java:execute(574)) - fbeba96c-4cf6-47d6-9be9-907e9de679c5@group-67A92CCD3221-SegmentedRaftLogWorker: created new log segment /workdir/hadoop-ozone/integration-test/target/test-dir/MiniOzoneClusterImpl-576b2c35-ac69-4444-aca8-a582a9984376/datanode-4/data/ratis/74693058-76bf-4d13-be00-67a92ccd3221/current/log_inprogress_0
2019-10-04 06:14:39,418 [41c3a30f-f982-4f7c-88a6-c7684dbd713a@group-67A92CCD3221-SegmentedRaftLogWorker] INFO  segmented.SegmentedRaftLogWorker (SegmentedRaftLogWorker.java:execute(574)) - 41c3a30f-f982-4f7c-88a6-c7684dbd713a@group-67A92CCD3221-SegmentedRaftLogWorker: created new log segment /workdir/hadoop-ozone/integration-test/target/test-dir/MiniOzoneClusterImpl-576b2c35-ac69-4444-aca8-a582a9984376/datanode-6/data/ratis/74693058-76bf-4d13-be00-67a92ccd3221/current/log_inprogress_0
2019-10-04 06:14:40,442 [Datanode State Machine Thread - 0] INFO  statemachine.DatanodeStateMachine (DatanodeStateMachine.java:lambda$startDaemon$0(350)) - Ozone container server started.
2019-10-04 06:14:44,456 [main] INFO  ozoneimpl.OzoneContainer (OzoneContainer.java:stop(231)) - Attempting to stop container services.
2019-10-04 06:14:44,458 [main] INFO  impl.RaftServerProxy (RaftServerProxy.java:lambda$close$4(314)) - f9a38edd-6d34-495d-b306-3dd48f703dbc: close
2019-10-04 06:14:44,458 [main] INFO  impl.RaftServerImpl (RaftServerImpl.java:lambda$shutdown$3(247)) - f9a38edd-6d34-495d-b306-3dd48f703dbc@group-A67353F92E47: shutdown
2019-10-04 06:14:44,458 [ForkJoinPool.commonPool-worker-0] INFO  impl.RaftServerImpl (RaftServerImpl.java:lambda$shutdown$3(247)) - f9a38edd-6d34-495d-b306-3dd48f703dbc@group-3210ADAE0A56: shutdown
2019-10-04 06:14:44,459 [main] INFO  util.JmxRegister (JmxRegister.java:unregister(73)) - Successfully un-registered JMX Bean with object name Ratis:service=RaftServer,group=group-A67353F92E47,id=f9a38edd-6d34-495d-b306-3dd48f703dbc
2019-10-04 06:14:44,459 [ForkJoinPool.commonPool-worker-0] INFO  util.JmxRegister (JmxRegister.java:unregister(73)) - Successfully un-registered JMX Bean with object name Ratis:service=RaftServer,group=group-3210ADAE0A56,id=f9a38edd-6d34-495d-b306-3dd48f703dbc
2019-10-04 06:14:44,459 [main] INFO  impl.RoleInfo (RoleInfo.java:shutdownFollowerState(121)) - f9a38edd-6d34-495d-b306-3dd48f703dbc: shutdown FollowerState
2019-10-04 06:14:44,459 [ForkJoinPool.commonPool-worker-0] INFO  impl.RoleInfo (RoleInfo.java:shutdownLeaderState(104)) - f9a38edd-6d34-495d-b306-3dd48f703dbc: shutdown LeaderState
2019-10-04 06:14:44,459 [main] INFO  impl.StateMachineUpdater (StateMachineUpdater.java:stopAndJoin(136)) - f9a38edd-6d34-495d-b306-3dd48f703dbc@group-A67353F92E47-StateMachineUpdater: set stopIndex = 2
2019-10-04 06:14:44,459 [ForkJoinPool.commonPool-worker-0] INFO  impl.PendingRequests (PendingRequests.java:sendNotLeaderResponses(202)) - f9a38edd-6d34-495d-b306-3dd48f703dbc@group-3210ADAE0A56-PendingRequests: sendNotLeaderResponses
2019-10-04 06:14:44,459 [Thread-2434] INFO  impl.FollowerState (FollowerState.java:run(117)) - f9a38edd-6d34-495d-b306-3dd48f703dbc@group-A67353F92E47-FollowerState was interrupted: java.lang.InterruptedException: sleep interrupted
2019-10-04 06:14:44,460 [f9a38edd-6d34-495d-b306-3dd48f703dbc@group-A67353F92E47-StateMachineUpdater] INFO  ratis.ContainerStateMachine (ContainerStateMachine.java:takeSnapshot(293)) - group-A67353F92E47: Taking a snapshot at:(t:1, i:1) file /workdir/hadoop-ozone/integration-test/target/test-dir/MiniOzoneClusterImpl-576b2c35-ac69-4444-aca8-a582a9984376/datanode-1/data/ratis/9a17451c-3773-4b89-a70b-a67353f92e47/sm/snapshot.1_1
2019-10-04 06:14:44,466 [ForkJoinPool.commonPool-worker-0] INFO  impl.StateMachineUpdater (StateMachineUpdater.java:stopAndJoin(136)) - f9a38edd-6d34-495d-b306-3dd48f703dbc@group-3210ADAE0A56-StateMachineUpdater: set stopIndex = 0
2019-10-04 06:14:44,466 [ForkJoinPool.commonPool-worker-0] INFO  impl.RaftServerImpl (ServerState.java:close(387)) - f9a38edd-6d34-495d-b306-3dd48f703dbc@group-3210ADAE0A56: closes. applyIndex: 0
2019-10-04 06:14:44,466 [f9a38edd-6d34-495d-b306-3dd48f703dbc@group-3210ADAE0A56-SegmentedRaftLogWorker] INFO  segmented.SegmentedRaftLogWorker (SegmentedRaftLogWorker.java:run(316)) - f9a38edd-6d34-495d-b306-3dd48f703dbc@group-3210ADAE0A56-SegmentedRaftLogWorker was interrupted, exiting. There are 0 tasks remaining in the queue.
2019-10-04 06:14:44,469 [ForkJoinPool.commonPool-worker-0] INFO  segmented.SegmentedRaftLogWorker (SegmentedRaftLogWorker.java:close(224)) - f9a38edd-6d34-495d-b306-3dd48f703dbc@group-3210ADAE0A56-SegmentedRaftLogWorker close()
2019-10-04 06:14:44,480 [f9a38edd-6d34-495d-b306-3dd48f703dbc@group-A67353F92E47-StateMachineUpdater] INFO  ratis.ContainerStateMachine (ContainerStateMachine.java:takeSnapshot(304)) - group-A67353F92E47: Finished taking a snapshot at:(t:1, i:1) file:/workdir/hadoop-ozone/integration-test/target/test-dir/MiniOzoneClusterImpl-576b2c35-ac69-4444-aca8-a582a9984376/datanode-1/data/ratis/9a17451c-3773-4b89-a70b-a67353f92e47/sm/snapshot.1_1 time:20
2019-10-04 06:14:44,480 [f9a38edd-6d34-495d-b306-3dd48f703dbc@group-A67353F92E47-StateMachineUpdater] INFO  impl.StateMachineUpdater (StateMachineUpdater.java:takeSnapshot(269)) - f9a38edd-6d34-495d-b306-3dd48f703dbc@group-A67353F92E47-StateMachineUpdater: Took a snapshot at index 1
2019-10-04 06:14:44,480 [f9a38edd-6d34-495d-b306-3dd48f703dbc@group-A67353F92E47-StateMachineUpdater] INFO  impl.StateMachineUpdater (StateMachineUpdater.java:lambda$new$0(84)) - f9a38edd-6d34-495d-b306-3dd48f703dbc@group-A67353F92E47-StateMachineUpdater: snapshotIndex: updateIncreasingly -1 -> 1
2019-10-04 06:14:44,481 [f9a38edd-6d34-495d-b306-3dd48f703dbc@group-A67353F92E47-StateMachineUpdater] INFO  ratis.ContainerStateMachine (ContainerStateMachine.java:takeSnapshot(293)) - group-A67353F92E47: Taking a snapshot at:(t:1, i:1) file /workdir/hadoop-ozone/integration-test/target/test-dir/MiniOzoneClusterImpl-576b2c35-ac69-4444-aca8-a582a9984376/datanode-1/data/ratis/9a17451c-3773-4b89-a70b-a67353f92e47/sm/snapshot.1_1
2019-10-04 06:14:44,493 [f9a38edd-6d34-495d-b306-3dd48f703dbc@group-A67353F92E47-StateMachineUpdater] INFO  ratis.ContainerStateMachine (ContainerStateMachine.java:takeSnapshot(304)) - group-A67353F92E47: Finished taking a snapshot at:(t:1, i:1) file:/workdir/hadoop-ozone/integration-test/target/test-dir/MiniOzoneClusterImpl-576b2c35-ac69-4444-aca8-a582a9984376/datanode-1/data/ratis/9a17451c-3773-4b89-a70b-a67353f92e47/sm/snapshot.1_1 time:12
2019-10-04 06:14:44,493 [f9a38edd-6d34-495d-b306-3dd48f703dbc@group-A67353F92E47-StateMachineUpdater] INFO  impl.StateMachineUpdater (StateMachineUpdater.java:takeSnapshot(269)) - f9a38edd-6d34-495d-b306-3dd48f703dbc@group-A67353F92E47-StateMachineUpdater: Took a snapshot at index 1
2019-10-04 06:14:44,493 [f9a38edd-6d34-495d-b306-3dd48f703dbc@group-A67353F92E47-StateMachineUpdater] INFO  impl.StateMachineUpdater (StateMachineUpdater.java:lambda$new$0(84)) - f9a38edd-6d34-495d-b306-3dd48f703dbc@group-A67353F92E47-StateMachineUpdater: snapshotIndex: updateIncreasingly 1 -> 1
2019-10-04 06:14:44,494 [main] INFO  impl.RaftServerImpl (ServerState.java:close(387)) - f9a38edd-6d34-495d-b306-3dd48f703dbc@group-A67353F92E47: closes. applyIndex: 2
2019-10-04 06:14:44,494 [f9a38edd-6d34-495d-b306-3dd48f703dbc@group-A67353F92E47-SegmentedRaftLogWorker] INFO  segmented.SegmentedRaftLogWorker (SegmentedRaftLogWorker.java:run(316)) - f9a38edd-6d34-495d-b306-3dd48f703dbc@group-A67353F92E47-SegmentedRaftLogWorker was interrupted, exiting. There are 0 tasks remaining in the queue.
2019-10-04 06:14:44,496 [main] INFO  segmented.SegmentedRaftLogWorker (SegmentedRaftLogWorker.java:close(224)) - f9a38edd-6d34-495d-b306-3dd48f703dbc@group-A67353F92E47-SegmentedRaftLogWorker close()
2019-10-04 06:14:44,500 [main] INFO  server.GrpcService (GrpcService.java:closeImpl(164)) - f9a38edd-6d34-495d-b306-3dd48f703dbc: shutdown server with port 41974 now
2019-10-04 06:14:44,502 [grpc-default-executor-6] WARN  server.GrpcServerProtocolService (LogUtils.java:warn(134)) - f9a38edd-6d34-495d-b306-3dd48f703dbc: installSnapshot onError, lastRequest: dd92c35c-5fa8-48da-9554-f6cb2f3a1c14->f9a38edd-6d34-495d-b306-3dd48f703dbc#5-t1, previous=(t:1, i:2), leaderCommit=2, initializing? false, entries: <empty>: org.apache.ratis.thirdparty.io.grpc.StatusRuntimeException: CANCELLED: cancelled before receiving half close
2019-10-04 06:14:44,502 [main] INFO  server.GrpcService (GrpcService.java:closeImpl(172)) - f9a38edd-6d34-495d-b306-3dd48f703dbc: shutdown server with port 41974 successfully
2019-10-04 06:14:44,502 [grpc-default-executor-9] WARN  server.GrpcLogAppender (LogUtils.java:warn(134)) - dd92c35c-5fa8-48da-9554-f6cb2f3a1c14@group-A67353F92E47->f9a38edd-6d34-495d-b306-3dd48f703dbc-AppendLogResponseHandler: Failed appendEntries: org.apache.ratis.thirdparty.io.grpc.StatusRuntimeException: CANCELLED: HTTP/2 error code: CANCEL
Received Rst Stream
2019-10-04 06:14:44,503 [grpc-default-executor-9] INFO  impl.FollowerInfo (FollowerInfo.java:lambda$new$0(51)) - dd92c35c-5fa8-48da-9554-f6cb2f3a1c14@group-A67353F92E47->f9a38edd-6d34-495d-b306-3dd48f703dbc: nextIndex: updateUnconditionally 3 -> 2
2019-10-04 06:14:44,504 [refreshUsed-/workdir/hadoop-ozone/integration-test/target/test-dir/MiniOzoneClusterImpl-576b2c35-ac69-4444-aca8-a582a9984376/datanode-1/data/containers] WARN  fs.CachingGetSpaceUsed (CachingGetSpaceUsed.java:run(183)) - Thread Interrupted waiting to refresh disk information: sleep interrupted
2019-10-04 06:14:44,517 [main] INFO  utils.BackgroundService (BackgroundService.java:shutdown(148)) - Shutting down service BlockDeletingService
2019-10-04 06:14:44,525 [main] INFO  statemachine.DatanodeStateMachine (DatanodeStateMachine.java:stopDaemon(395)) - Ozone container server stopped.
2019-10-04 06:14:44,526 [main] INFO  handler.ContextHandler (ContextHandler.java:doStop(910)) - Stopped o.e.j.w.WebAppContext@5438fa43{/,null,UNAVAILABLE}{/hddsDatanode}
2019-10-04 06:14:44,527 [main] INFO  server.AbstractConnector (AbstractConnector.java:doStop(318)) - Stopped ServerConnector@512abf25{HTTP/1.1,[http/1.1]}{0.0.0.0:0}
2019-10-04 06:14:44,527 [main] INFO  handler.ContextHandler (ContextHandler.java:doStop(910)) - Stopped o.e.j.s.ServletContextHandler@752b69e3{/static,jar:file:/home/user/.m2/repository/org/apache/hadoop/hadoop-hdds-container-service/0.5.0-SNAPSHOT/hadoop-hdds-container-service-0.5.0-SNAPSHOT.jar!/webapps/static,UNAVAILABLE}
2019-10-04 06:14:44,527 [main] INFO  handler.ContextHandler (ContextHandler.java:doStop(910)) - Stopped o.e.j.s.ServletContextHandler@443a06ad{/logs,file:///workdir/hadoop-ozone/integration-test/target/log,UNAVAILABLE}
2019-10-04 06:14:44,537 [grpc-default-executor-5] WARN  server.GrpcLogAppender (LogUtils.java:warn(134)) - dd92c35c-5fa8-48da-9554-f6cb2f3a1c14@group-A67353F92E47->f9a38edd-6d34-495d-b306-3dd48f703dbc-AppendLogResponseHandler: Failed appendEntries: org.apache.ratis.thirdparty.io.grpc.StatusRuntimeException: UNAVAILABLE: io exception
2019-10-04 06:14:44,537 [grpc-default-executor-5] INFO  impl.FollowerInfo (FollowerInfo.java:lambda$new$0(51)) - dd92c35c-5fa8-48da-9554-f6cb2f3a1c14@group-A67353F92E47->f9a38edd-6d34-495d-b306-3dd48f703dbc: nextIndex: updateUnconditionally 3 -> 2
2019-10-04 06:14:44,546 [grpc-default-executor-6] WARN  server.GrpcLogAppender (LogUtils.java:warn(134)) - dd92c35c-5fa8-48da-9554-f6cb2f3a1c14@group-A67353F92E47->f9a38edd-6d34-495d-b306-3dd48f703dbc-AppendLogResponseHandler: Failed appendEntries: org.apache.ratis.thirdparty.io.grpc.StatusRuntimeException: UNAVAILABLE: io exception
2019-10-04 06:14:44,547 [grpc-default-executor-6] INFO  impl.FollowerInfo (FollowerInfo.java:lambda$new$0(51)) - dd92c35c-5fa8-48da-9554-f6cb2f3a1c14@group-A67353F92E47->f9a38edd-6d34-495d-b306-3dd48f703dbc: nextIndex: updateUnconditionally 3 -> 2
2019-10-04 06:14:44,561 [grpc-default-executor-9] WARN  server.GrpcLogAppender (LogUtils.java:warn(134)) - dd92c35c-5fa8-48da-9554-f6cb2f3a1c14@group-A67353F92E47->f9a38edd-6d34-495d-b306-3dd48f703dbc-AppendLogResponseHandler: Failed appendEntries: org.apache.ratis.thirdparty.io.grpc.StatusRuntimeException: UNAVAILABLE: io exception
2019-10-04 06:14:44,561 [grpc-default-executor-9] INFO  impl.FollowerInfo (FollowerInfo.java:lambda$new$0(51)) - dd92c35c-5fa8-48da-9554-f6cb2f3a1c14@group-A67353F92E47->f9a38edd-6d34-495d-b306-3dd48f703dbc: nextIndex: updateUnconditionally 3 -> 2
2019-10-04 06:14:44,562 [EventQueue-IncrementalContainerReportForIncrementalContainerReportHandler] WARN  container.IncrementalContainerReportHandler (AbstractContainerReportHandler.java:updateContainerState(143)) - Container #1 is in OPEN state, but the datanode dd92c35c-5fa8-48da-9554-f6cb2f3a1c14{ip: 192.168.164.222, host: pr-hdds-2222-2jdkn-3249983734, networkLocation: /default-rack, certSerialId: null} reports an CLOSING replica.
2019-10-04 06:14:44,586 [EventQueue-IncrementalContainerReportForIncrementalContainerReportHandler] WARN  container.IncrementalContainerReportHandler (AbstractContainerReportHandler.java:updateContainerState(143)) - Container #1 is in OPEN state, but the datanode a8cb0361-a296-4325-ab14-c72f3c1f53c2{ip: 192.168.164.222, host: pr-hdds-2222-2jdkn-3249983734, networkLocation: /default-rack, certSerialId: null} reports an CLOSING replica.
2019-10-04 06:14:44,617 [RatisApplyTransactionExecutor 1] INFO  interfaces.Container (KeyValueContainer.java:flushAndSyncDB(386)) - Container 1 is synced with bcsId 0.
2019-10-04 06:14:44,669 [RatisApplyTransactionExecutor 1] INFO  interfaces.Container (KeyValueContainer.java:flushAndSyncDB(386)) - Container 1 is synced with bcsId 0.
2019-10-04 06:14:44,679 [RatisApplyTransactionExecutor 1] INFO  interfaces.Container (KeyValueContainer.java:flushAndSyncDB(386)) - Container 1 is synced with bcsId 0.
2019-10-04 06:14:44,679 [RatisApplyTransactionExecutor 1] INFO  interfaces.Container (KeyValueContainer.java:flushAndSyncDB(386)) - Container 1 is synced with bcsId 0.
2019-10-04 06:14:44,692 [RatisApplyTransactionExecutor 1] INFO  interfaces.Container (KeyValueContainer.java:close(335)) - Container 1 is closed with bcsId 0.
2019-10-04 06:14:44,692 [RatisApplyTransactionExecutor 1] INFO  interfaces.Container (KeyValueContainer.java:close(335)) - Container 1 is closed with bcsId 0.
2019-10-04 06:14:44,693 [EventQueue-IncrementalContainerReportForIncrementalContainerReportHandler] WARN  container.IncrementalContainerReportHandler (AbstractContainerReportHandler.java:updateContainerState(143)) - Container #1 is in OPEN state, but the datanode dd92c35c-5fa8-48da-9554-f6cb2f3a1c14{ip: 192.168.164.222, host: pr-hdds-2222-2jdkn-3249983734, networkLocation: /default-rack, certSerialId: null} reports an CLOSED replica.
2019-10-04 06:14:44,697 [EventQueue-IncrementalContainerReportForIncrementalContainerReportHandler] WARN  container.IncrementalContainerReportHandler (AbstractContainerReportHandler.java:updateContainerState(143)) - Container #1 is in OPEN state, but the datanode a8cb0361-a296-4325-ab14-c72f3c1f53c2{ip: 192.168.164.222, host: pr-hdds-2222-2jdkn-3249983734, networkLocation: /default-rack, certSerialId: null} reports an CLOSED replica.
2019-10-04 06:14:47,063 [grpc-default-executor-9] WARN  server.GrpcLogAppender (LogUtils.java:warn(134)) - dd92c35c-5fa8-48da-9554-f6cb2f3a1c14@group-A67353F92E47->f9a38edd-6d34-495d-b306-3dd48f703dbc-AppendLogResponseHandler: Failed appendEntries: org.apache.ratis.thirdparty.io.grpc.StatusRuntimeException: UNAVAILABLE: io exception
2019-10-04 06:14:47,064 [grpc-default-executor-9] INFO  impl.FollowerInfo (FollowerInfo.java:lambda$new$0(51)) - dd92c35c-5fa8-48da-9554-f6cb2f3a1c14@group-A67353F92E47->f9a38edd-6d34-495d-b306-3dd48f703dbc: nextIndex: updateUnconditionally 2 -> 1
2019-10-04 06:14:47,699 [main] WARN  scm.XceiverClientRatis (XceiverClientRatis.java:watchForCommit(292)) - 3 way commit failed on pipeline Pipeline[ Id: 9a17451c-3773-4b89-a70b-a67353f92e47, Nodes: f9a38edd-6d34-495d-b306-3dd48f703dbc{ip: 192.168.164.222, host: pr-hdds-2222-2jdkn-3249983734, networkLocation: /default-rack, certSerialId: null}dd92c35c-5fa8-48da-9554-f6cb2f3a1c14{ip: 192.168.164.222, host: pr-hdds-2222-2jdkn-3249983734, networkLocation: /default-rack, certSerialId: null}a8cb0361-a296-4325-ab14-c72f3c1f53c2{ip: 192.168.164.222, host: pr-hdds-2222-2jdkn-3249983734, networkLocation: /default-rack, certSerialId: null}, Type:RATIS, Factor:THREE, State:OPEN]
java.util.concurrent.TimeoutException
	at java.util.concurrent.CompletableFuture.timedGet(CompletableFuture.java:1771)
	at java.util.concurrent.CompletableFuture.get(CompletableFuture.java:1915)
	at org.apache.hadoop.hdds.scm.XceiverClientRatis.watchForCommit(XceiverClientRatis.java:289)
	at org.apache.hadoop.ozone.client.rpc.TestWatchForCommit.test2WayCommitForTimeoutException(TestWatchForCommit.java:391)
	at sun.reflect.NativeMethodAccessorImpl.invoke0(Native Method)
	at sun.reflect.NativeMethodAccessorImpl.invoke(NativeMethodAccessorImpl.java:62)
	at sun.reflect.DelegatingMethodAccessorImpl.invoke(DelegatingMethodAccessorImpl.java:43)
	at java.lang.reflect.Method.invoke(Method.java:498)
	at org.junit.runners.model.FrameworkMethod$1.runReflectiveCall(FrameworkMethod.java:47)
	at org.junit.internal.runners.model.ReflectiveCallable.run(ReflectiveCallable.java:12)
	at org.junit.runners.model.FrameworkMethod.invokeExplosively(FrameworkMethod.java:44)
	at org.junit.internal.runners.statements.InvokeMethod.evaluate(InvokeMethod.java:17)
	at org.junit.runners.ParentRunner.runLeaf(ParentRunner.java:271)
	at org.junit.runners.BlockJUnit4ClassRunner.runChild(BlockJUnit4ClassRunner.java:70)
	at org.junit.runners.BlockJUnit4ClassRunner.runChild(BlockJUnit4ClassRunner.java:50)
	at org.junit.runners.ParentRunner$3.run(ParentRunner.java:238)
	at org.junit.runners.ParentRunner$1.schedule(ParentRunner.java:63)
	at org.junit.runners.ParentRunner.runChildren(ParentRunner.java:236)
	at org.junit.runners.ParentRunner.access$000(ParentRunner.java:53)
	at org.junit.runners.ParentRunner$2.evaluate(ParentRunner.java:229)
	at org.junit.runners.ParentRunner.run(ParentRunner.java:309)
	at org.apache.maven.surefire.junit4.JUnit4Provider.execute(JUnit4Provider.java:365)
	at org.apache.maven.surefire.junit4.JUnit4Provider.executeWithRerun(JUnit4Provider.java:273)
	at org.apache.maven.surefire.junit4.JUnit4Provider.executeTestSet(JUnit4Provider.java:238)
	at org.apache.maven.surefire.junit4.JUnit4Provider.invoke(JUnit4Provider.java:159)
	at org.apache.maven.surefire.booter.ForkedBooter.invokeProviderInSameClassLoader(ForkedBooter.java:384)
	at org.apache.maven.surefire.booter.ForkedBooter.runSuitesInProcess(ForkedBooter.java:345)
	at org.apache.maven.surefire.booter.ForkedBooter.execute(ForkedBooter.java:126)
	at org.apache.maven.surefire.booter.ForkedBooter.main(ForkedBooter.java:418)
2019-10-04 06:14:47,715 [Thread-2496] INFO  client.GrpcClientProtocolService (GrpcClientProtocolService.java:lambda$processClientRequest$0(278)) - Failed RaftClientRequest:client-5F73AFF0123D->a8cb0361-a296-4325-ab14-c72f3c1f53c2@group-A67353F92E47, cid=106, seq=0, Watch-MAJORITY_COMMITTED(3), Message:<EMPTY>, reply=RaftClientReply:client-5F73AFF0123D->a8cb0361-a296-4325-ab14-c72f3c1f53c2@group-A67353F92E47, cid=106, FAILED org.apache.ratis.protocol.NotLeaderException: Server a8cb0361-a296-4325-ab14-c72f3c1f53c2@group-A67353F92E47 is not the leader dd92c35c-5fa8-48da-9554-f6cb2f3a1c14:192.168.164.222:40598, logIndex=0, commits[a8cb0361-a296-4325-ab14-c72f3c1f53c2:c4, f9a38edd-6d34-495d-b306-3dd48f703dbc:c2, dd92c35c-5fa8-48da-9554-f6cb2f3a1c14:c4]
2019-10-04 06:14:49,564 [grpc-default-executor-5] WARN  server.GrpcLogAppender (LogUtils.java:warn(134)) - dd92c35c-5fa8-48da-9554-f6cb2f3a1c14@group-A67353F92E47->f9a38edd-6d34-495d-b306-3dd48f703dbc-AppendLogResponseHandler: Failed appendEntries: org.apache.ratis.thirdparty.io.grpc.StatusRuntimeException: UNAVAILABLE: io exception
2019-10-04 06:14:49,568 [grpc-default-executor-5] INFO  impl.FollowerInfo (FollowerInfo.java:lambda$new$0(51)) - dd92c35c-5fa8-48da-9554-f6cb2f3a1c14@group-A67353F92E47->f9a38edd-6d34-495d-b306-3dd48f703dbc: nextIndex: updateUnconditionally 1 -> 0
]]></system-out>
    <system-err><![CDATA[Oct 04, 2019 6:14:44 AM org.apache.ratis.thirdparty.io.grpc.internal.SerializingExecutor run
SEVERE: Exception while executing runnable org.apache.ratis.thirdparty.io.grpc.internal.ServerImpl$JumpToApplicationThreadServerStreamListener$1Closed@3b53a906
org.apache.ratis.thirdparty.io.grpc.StatusRuntimeException: CANCELLED: call already cancelled
	at org.apache.ratis.thirdparty.io.grpc.Status.asRuntimeException(Status.java:517)
	at org.apache.ratis.thirdparty.io.grpc.stub.ServerCalls$ServerCallStreamObserverImpl.onCompleted(ServerCalls.java:356)
	at org.apache.ratis.grpc.server.GrpcServerProtocolService$ServerRequestStreamObserver.onError(GrpcServerProtocolService.java:121)
	at org.apache.ratis.thirdparty.io.grpc.stub.ServerCalls$StreamingServerCallHandler$StreamingServerCallListener.onCancel(ServerCalls.java:269)
	at org.apache.ratis.thirdparty.io.grpc.internal.ServerCallImpl$ServerStreamListenerImpl.closed(ServerCallImpl.java:293)
	at org.apache.ratis.thirdparty.io.grpc.internal.ServerImpl$JumpToApplicationThreadServerStreamListener$1Closed.runInContext(ServerImpl.java:741)
	at org.apache.ratis.thirdparty.io.grpc.internal.ContextRunnable.run(ContextRunnable.java:37)
	at org.apache.ratis.thirdparty.io.grpc.internal.SerializingExecutor.run(SerializingExecutor.java:123)
	at java.util.concurrent.ThreadPoolExecutor.runWorker(ThreadPoolExecutor.java:1149)
	at java.util.concurrent.ThreadPoolExecutor$Worker.run(ThreadPoolExecutor.java:624)
	at java.lang.Thread.run(Thread.java:748)

]]></system-err>
  </testcase>
</testsuite>