<?xml version="1.0" encoding="UTF-8"?>
<testsuite xmlns:xsi="http://www.w3.org/2001/XMLSchema-instance" xsi:noNamespaceSchemaLocation="https://maven.apache.org/surefire/maven-surefire-plugin/xsd/surefire-test-report.xsd" name="org.apache.hadoop.ozone.client.rpc.TestOzoneClientRetriesOnException" time="171.558" tests="2" errors="1" skipped="0" failures="0">
  <properties>
    <property name="awt.toolkit" value="sun.awt.X11.XToolkit"/>
    <property name="file.encoding.pkg" value="sun.io"/>
    <property name="java.specification.version" value="1.8"/>
    <property name="sun.cpu.isalist" value=""/>
    <property name="sun.jnu.encoding" value="UTF-8"/>
    <property name="java.class.path" value="/workdir/hadoop-ozone/integration-test/target/test-classes:/workdir/hadoop-ozone/integration-test/target/classes:/home/user/.m2/repository/org/apache/hadoop/hadoop-ozone-common/0.5.0-SNAPSHOT/hadoop-ozone-common-0.5.0-SNAPSHOT.jar:/home/user/.m2/repository/org/apache/commons/commons-compress/1.4.1/commons-compress-1.4.1.jar:/home/user/.m2/repository/org/tukaani/xz/1.0/xz-1.0.jar:/home/user/.m2/repository/org/apache/hadoop/hadoop-common/3.2.0/hadoop-common-3.2.0.jar:/home/user/.m2/repository/org/apache/hadoop/hadoop-hdfs/3.2.0/hadoop-hdfs-3.2.0.jar:/home/user/.m2/repository/org/apache/hadoop/hadoop-hdfs-client/3.2.0/hadoop-hdfs-client-3.2.0.jar:/home/user/.m2/repository/com/fasterxml/jackson/core/jackson-annotations/2.9.9/jackson-annotations-2.9.9.jar:/home/user/.m2/repository/org/apache/hadoop/hadoop-hdds-common/0.5.0-SNAPSHOT/hadoop-hdds-common-0.5.0-SNAPSHOT.jar:/home/user/.m2/repository/javax/annotation/javax.annotation-api/1.2/javax.annotation-api-1.2.jar:/home/user/.m2/repository/org/apache/ratis/ratis-server/0.5.0-201fc85-SNAPSHOT/ratis-server-0.5.0-201fc85-SNAPSHOT.jar:/home/user/.m2/repository/org/apache/ratis/ratis-thirdparty-misc/0.2.0/ratis-thirdparty-misc-0.2.0.jar:/home/user/.m2/repository/org/apache/ratis/ratis-proto/0.5.0-201fc85-SNAPSHOT/ratis-proto-0.5.0-201fc85-SNAPSHOT.jar:/home/user/.m2/repository/org/apache/ratis/ratis-common/0.5.0-201fc85-SNAPSHOT/ratis-common-0.5.0-201fc85-SNAPSHOT.jar:/home/user/.m2/repository/org/apache/ratis/ratis-client/0.5.0-201fc85-SNAPSHOT/ratis-client-0.5.0-201fc85-SNAPSHOT.jar:/home/user/.m2/repository/org/apache/ratis/ratis-metrics/0.5.0-201fc85-SNAPSHOT/ratis-metrics-0.5.0-201fc85-SNAPSHOT.jar:/home/user/.m2/repository/com/github/joshelser/dropwizard-metrics-hadoop-metrics2-reporter/0.1.2/dropwizard-metrics-hadoop-metrics2-reporter-0.1.2.jar:/home/user/.m2/repository/io/dropwizard/metrics/metrics-jvm/3.2.5/metrics-jvm-3.2.5.jar:/home/user/.m2/repository/io/dropwizard/metrics/metrics-ganglia/3.2.5/metrics-ganglia-3.2.5.jar:/home/user/.m2/repository/info/ganglia/gmetric4j/gmetric4j/1.0.7/gmetric4j-1.0.7.jar:/home/user/.m2/repository/org/apache/ratis/ratis-netty/0.5.0-201fc85-SNAPSHOT/ratis-netty-0.5.0-201fc85-SNAPSHOT.jar:/home/user/.m2/repository/org/apache/ratis/ratis-grpc/0.5.0-201fc85-SNAPSHOT/ratis-grpc-0.5.0-201fc85-SNAPSHOT.jar:/home/user/.m2/repository/org/rocksdb/rocksdbjni/6.0.1/rocksdbjni-6.0.1.jar:/home/user/.m2/repository/org/apache/logging/log4j/log4j-api/2.11.0/log4j-api-2.11.0.jar:/home/user/.m2/repository/org/apache/logging/log4j/log4j-core/2.11.0/log4j-core-2.11.0.jar:/home/user/.m2/repository/com/lmax/disruptor/3.4.2/disruptor-3.4.2.jar:/home/user/.m2/repository/org/apache/commons/commons-pool2/2.6.0/commons-pool2-2.6.0.jar:/home/user/.m2/repository/org/bouncycastle/bcpkix-jdk15on/1.60/bcpkix-jdk15on-1.60.jar:/home/user/.m2/repository/commons-validator/commons-validator/1.6/commons-validator-1.6.jar:/home/user/.m2/repository/commons-digester/commons-digester/1.8.1/commons-digester-1.8.1.jar:/home/user/.m2/repository/io/jaegertracing/jaeger-client/0.34.0/jaeger-client-0.34.0.jar:/home/user/.m2/repository/io/jaegertracing/jaeger-thrift/0.34.0/jaeger-thrift-0.34.0.jar:/home/user/.m2/repository/org/apache/thrift/libthrift/0.12.0/libthrift-0.12.0.jar:/home/user/.m2/repository/com/squareup/okhttp3/okhttp/3.9.0/okhttp-3.9.0.jar:/home/user/.m2/repository/com/squareup/okio/okio/1.13.0/okio-1.13.0.jar:/home/user/.m2/repository/io/jaegertracing/jaeger-core/0.34.0/jaeger-core-0.34.0.jar:/home/user/.m2/repository/io/jaegertracing/jaeger-tracerresolver/0.34.0/jaeger-tracerresolver-0.34.0.jar:/home/user/.m2/repository/io/opentracing/contrib/opentracing-tracerresolver/0.1.5/opentracing-tracerresolver-0.1.5.jar:/home/user/.m2/repository/io/opentracing/opentracing-util/0.31.0/opentracing-util-0.31.0.jar:/home/user/.m2/repository/io/opentracing/opentracing-api/0.31.0/opentracing-api-0.31.0.jar:/home/user/.m2/repository/io/opentracing/opentracing-noop/0.31.0/opentracing-noop-0.31.0.jar:/home/user/.m2/repository/org/apache/hadoop/hadoop-hdds-server-framework/0.5.0-SNAPSHOT/hadoop-hdds-server-framework-0.5.0-SNAPSHOT.jar:/home/user/.m2/repository/org/apache/hadoop/hadoop-hdds-container-service/0.5.0-SNAPSHOT/hadoop-hdds-container-service-0.5.0-SNAPSHOT.jar:/home/user/.m2/repository/org/apache/hadoop/hadoop-hdds-client/0.5.0-SNAPSHOT/hadoop-hdds-client-0.5.0-SNAPSHOT.jar:/home/user/.m2/repository/org/apache/hadoop/hadoop-hdds-tools/0.5.0-SNAPSHOT/hadoop-hdds-tools-0.5.0-SNAPSHOT.jar:/home/user/.m2/repository/org/apache/hadoop/hadoop-hdds-server-scm/0.5.0-SNAPSHOT/hadoop-hdds-server-scm-0.5.0-SNAPSHOT.jar:/home/user/.m2/repository/org/apache/hadoop/hadoop-hdds-docs/0.5.0-SNAPSHOT/hadoop-hdds-docs-0.5.0-SNAPSHOT.jar:/home/user/.m2/repository/io/dropwizard/metrics/metrics-core/3.2.4/metrics-core-3.2.4.jar:/home/user/.m2/repository/org/hamcrest/hamcrest-all/1.3/hamcrest-all-1.3.jar:/home/user/.m2/repository/org/bouncycastle/bcprov-jdk15on/1.60/bcprov-jdk15on-1.60.jar:/home/user/.m2/repository/info/picocli/picocli/3.9.6/picocli-3.9.6.jar:/home/user/.m2/repository/com/google/protobuf/protobuf-java/2.5.0/protobuf-java-2.5.0.jar:/home/user/.m2/repository/com/google/guava/guava/11.0.2/guava-11.0.2.jar:/home/user/.m2/repository/org/apache/hadoop/hadoop-ozone-ozone-manager/0.5.0-SNAPSHOT/hadoop-ozone-ozone-manager-0.5.0-SNAPSHOT.jar:/home/user/.m2/repository/org/apache/hadoop/hadoop-minikdc/3.2.0/hadoop-minikdc-3.2.0.jar:/home/user/.m2/repository/commons-io/commons-io/2.5/commons-io-2.5.jar:/home/user/.m2/repository/org/apache/kerby/kerb-simplekdc/1.0.1/kerb-simplekdc-1.0.1.jar:/home/user/.m2/repository/org/apache/kerby/kerb-client/1.0.1/kerb-client-1.0.1.jar:/home/user/.m2/repository/org/apache/kerby/kerby-config/1.0.1/kerby-config-1.0.1.jar:/home/user/.m2/repository/org/apache/kerby/kerb-core/1.0.1/kerb-core-1.0.1.jar:/home/user/.m2/repository/org/apache/kerby/kerby-pkix/1.0.1/kerby-pkix-1.0.1.jar:/home/user/.m2/repository/org/apache/kerby/kerby-asn1/1.0.1/kerby-asn1-1.0.1.jar:/home/user/.m2/repository/org/apache/kerby/kerby-util/1.0.1/kerby-util-1.0.1.jar:/home/user/.m2/repository/org/apache/kerby/kerb-common/1.0.1/kerb-common-1.0.1.jar:/home/user/.m2/repository/org/apache/kerby/kerb-crypto/1.0.1/kerb-crypto-1.0.1.jar:/home/user/.m2/repository/org/apache/kerby/kerb-util/1.0.1/kerb-util-1.0.1.jar:/home/user/.m2/repository/org/apache/kerby/token-provider/1.0.1/token-provider-1.0.1.jar:/home/user/.m2/repository/org/apache/kerby/kerb-admin/1.0.1/kerb-admin-1.0.1.jar:/home/user/.m2/repository/org/apache/kerby/kerb-server/1.0.1/kerb-server-1.0.1.jar:/home/user/.m2/repository/org/apache/kerby/kerb-identity/1.0.1/kerb-identity-1.0.1.jar:/home/user/.m2/repository/org/apache/kerby/kerby-xdr/1.0.1/kerby-xdr-1.0.1.jar:/home/user/.m2/repository/org/slf4j/slf4j-log4j12/1.7.25/slf4j-log4j12-1.7.25.jar:/home/user/.m2/repository/org/apache/hadoop/hadoop-ozone-s3gateway/0.5.0-SNAPSHOT/hadoop-ozone-s3gateway-0.5.0-SNAPSHOT.jar:/home/user/.m2/repository/org/jboss/weld/servlet/weld-servlet/2.4.7.Final/weld-servlet-2.4.7.Final.jar:/home/user/.m2/repository/org/glassfish/jersey/containers/jersey-container-servlet-core/2.27/jersey-container-servlet-core-2.27.jar:/home/user/.m2/repository/org/glassfish/hk2/external/javax.inject/2.5.0-b42/javax.inject-2.5.0-b42.jar:/home/user/.m2/repository/org/glassfish/jersey/core/jersey-common/2.27/jersey-common-2.27.jar:/home/user/.m2/repository/org/glassfish/hk2/osgi-resource-locator/1.0.1/osgi-resource-locator-1.0.1.jar:/home/user/.m2/repository/javax/ws/rs/javax.ws.rs-api/2.1/javax.ws.rs-api-2.1.jar:/home/user/.m2/repository/org/glassfish/jersey/ext/cdi/jersey-cdi1x/2.27/jersey-cdi1x-2.27.jar:/home/user/.m2/repository/org/glassfish/jersey/inject/jersey-hk2/2.27/jersey-hk2-2.27.jar:/home/user/.m2/repository/org/glassfish/hk2/hk2-locator/2.5.0-b42/hk2-locator-2.5.0-b42.jar:/home/user/.m2/repository/org/javassist/javassist/3.22.0-CR2/javassist-3.22.0-CR2.jar:/home/user/.m2/repository/org/glassfish/hk2/hk2-api/2.5.0/hk2-api-2.5.0.jar:/home/user/.m2/repository/org/glassfish/hk2/external/jakarta.inject/2.5.0/jakarta.inject-2.5.0.jar:/home/user/.m2/repository/org/glassfish/hk2/hk2-utils/2.5.0/hk2-utils-2.5.0.jar:/home/user/.m2/repository/jakarta/annotation/jakarta.annotation-api/1.3.4/jakarta.annotation-api-1.3.4.jar:/home/user/.m2/repository/org/glassfish/hk2/external/aopalliance-repackaged/2.5.0/aopalliance-repackaged-2.5.0.jar:/home/user/.m2/repository/com/fasterxml/jackson/dataformat/jackson-dataformat-xml/2.9.0/jackson-dataformat-xml-2.9.0.jar:/home/user/.m2/repository/com/fasterxml/jackson/core/jackson-core/2.9.9/jackson-core-2.9.9.jar:/home/user/.m2/repository/com/fasterxml/jackson/module/jackson-module-jaxb-annotations/2.9.9/jackson-module-jaxb-annotations-2.9.9.jar:/home/user/.m2/repository/javax/enterprise/cdi-api/1.2/cdi-api-1.2.jar:/home/user/.m2/repository/javax/el/javax.el-api/3.0.0/javax.el-api-3.0.0.jar:/home/user/.m2/repository/javax/interceptor/javax.interceptor-api/1.2/javax.interceptor-api-1.2.jar:/home/user/.m2/repository/javax/inject/javax.inject/1/javax.inject-1.jar:/home/user/.m2/repository/com/sun/xml/bind/jaxb-impl/2.3.0.1/jaxb-impl-2.3.0.1.jar:/home/user/.m2/repository/com/sun/xml/bind/jaxb-core/2.3.0.1/jaxb-core-2.3.0.1.jar:/home/user/.m2/repository/javax/xml/bind/jaxb-api/2.3.0/jaxb-api-2.3.0.jar:/home/user/.m2/repository/javax/activation/activation/1.1.1/activation-1.1.1.jar:/home/user/.m2/repository/org/apache/hadoop/hadoop-ozone-csi/0.5.0-SNAPSHOT/hadoop-ozone-csi-0.5.0-SNAPSHOT.jar:/home/user/.m2/repository/com/google/protobuf/protobuf-java-util/3.5.1/protobuf-java-util-3.5.1.jar:/home/user/.m2/repository/org/apache/hadoop/hadoop-hdds-config/0.5.0-SNAPSHOT/hadoop-hdds-config-0.5.0-SNAPSHOT.jar:/home/user/.m2/repository/io/grpc/grpc-netty/1.17.1/grpc-netty-1.17.1.jar:/home/user/.m2/repository/io/grpc/grpc-core/1.17.1/grpc-core-1.17.1.jar:/home/user/.m2/repository/io/grpc/grpc-context/1.17.1/grpc-context-1.17.1.jar:/home/user/.m2/repository/com/google/errorprone/error_prone_annotations/2.2.0/error_prone_annotations-2.2.0.jar:/home/user/.m2/repository/org/codehaus/mojo/animal-sniffer-annotations/1.17/animal-sniffer-annotations-1.17.jar:/home/user/.m2/repository/io/opencensus/opencensus-api/0.17.0/opencensus-api-0.17.0.jar:/home/user/.m2/repository/io/opencensus/opencensus-contrib-grpc-metrics/0.17.0/opencensus-contrib-grpc-metrics-0.17.0.jar:/home/user/.m2/repository/io/netty/netty-codec-http2/4.1.30.Final/netty-codec-http2-4.1.30.Final.jar:/home/user/.m2/repository/io/netty/netty-codec-http/4.1.30.Final/netty-codec-http-4.1.30.Final.jar:/home/user/.m2/repository/io/netty/netty-codec/4.1.30.Final/netty-codec-4.1.30.Final.jar:/home/user/.m2/repository/io/netty/netty-handler/4.1.30.Final/netty-handler-4.1.30.Final.jar:/home/user/.m2/repository/io/netty/netty-handler-proxy/4.1.30.Final/netty-handler-proxy-4.1.30.Final.jar:/home/user/.m2/repository/io/netty/netty-codec-socks/4.1.30.Final/netty-codec-socks-4.1.30.Final.jar:/home/user/.m2/repository/io/netty/netty-transport-native-epoll/4.1.30.Final/netty-transport-native-epoll-4.1.30.Final.jar:/home/user/.m2/repository/io/netty/netty-common/4.1.30.Final/netty-common-4.1.30.Final.jar:/home/user/.m2/repository/io/netty/netty-buffer/4.1.30.Final/netty-buffer-4.1.30.Final.jar:/home/user/.m2/repository/io/netty/netty-transport/4.1.30.Final/netty-transport-4.1.30.Final.jar:/home/user/.m2/repository/io/netty/netty-resolver/4.1.30.Final/netty-resolver-4.1.30.Final.jar:/home/user/.m2/repository/io/netty/netty-transport-native-unix-common/4.1.30.Final/netty-transport-native-unix-common-4.1.30.Final.jar:/home/user/.m2/repository/io/grpc/grpc-protobuf/1.17.1/grpc-protobuf-1.17.1.jar:/home/user/.m2/repository/com/google/api/grpc/proto-google-common-protos/1.0.0/proto-google-common-protos-1.0.0.jar:/home/user/.m2/repository/io/grpc/grpc-protobuf-lite/1.17.1/grpc-protobuf-lite-1.17.1.jar:/home/user/.m2/repository/io/grpc/grpc-stub/1.17.1/grpc-stub-1.17.1.jar:/home/user/.m2/repository/org/apache/hadoop/hadoop-ozone-recon/0.5.0-SNAPSHOT/hadoop-ozone-recon-0.5.0-SNAPSHOT.jar:/home/user/.m2/repository/org/apache/hadoop/hadoop-ozone-reconcodegen/0.5.0-SNAPSHOT/hadoop-ozone-reconcodegen-0.5.0-SNAPSHOT.jar:/home/user/.m2/repository/com/google/inject/extensions/guice-multibindings/4.0/guice-multibindings-4.0.jar:/home/user/.m2/repository/com/google/inject/guice/4.0/guice-4.0.jar:/home/user/.m2/repository/aopalliance/aopalliance/1.0/aopalliance-1.0.jar:/home/user/.m2/repository/com/google/inject/extensions/guice-servlet/4.0/guice-servlet-4.0.jar:/home/user/.m2/repository/org/glassfish/jersey/containers/jersey-container-servlet/2.27/jersey-container-servlet-2.27.jar:/home/user/.m2/repository/org/glassfish/hk2/guice-bridge/2.5.0/guice-bridge-2.5.0.jar:/home/user/.m2/repository/org/glassfish/jersey/core/jersey-server/2.27/jersey-server-2.27.jar:/home/user/.m2/repository/org/glassfish/jersey/core/jersey-client/2.27/jersey-client-2.27.jar:/home/user/.m2/repository/org/glassfish/jersey/media/jersey-media-jaxb/2.27/jersey-media-jaxb-2.27.jar:/home/user/.m2/repository/javax/validation/validation-api/1.1.0.Final/validation-api-1.1.0.Final.jar:/home/user/.m2/repository/org/glassfish/jersey/media/jersey-media-json-jackson/2.27/jersey-media-json-jackson-2.27.jar:/home/user/.m2/repository/org/glassfish/jersey/ext/jersey-entity-filtering/2.27/jersey-entity-filtering-2.27.jar:/home/user/.m2/repository/com/google/inject/extensions/guice-assistedinject/4.0/guice-assistedinject-4.0.jar:/home/user/.m2/repository/org/jooq/jooq/3.11.10/jooq-3.11.10.jar:/home/user/.m2/repository/org/jooq/jooq-meta/3.11.10/jooq-meta-3.11.10.jar:/home/user/.m2/repository/org/jooq/jooq-codegen/3.11.10/jooq-codegen-3.11.10.jar:/home/user/.m2/repository/com/jolbox/bonecp/0.8.0.RELEASE/bonecp-0.8.0.RELEASE.jar:/home/user/.m2/repository/org/xerial/sqlite-jdbc/3.25.2/sqlite-jdbc-3.25.2.jar:/home/user/.m2/repository/org/springframework/spring-jdbc/5.1.3.RELEASE/spring-jdbc-5.1.3.RELEASE.jar:/home/user/.m2/repository/org/springframework/spring-beans/5.1.3.RELEASE/spring-beans-5.1.3.RELEASE.jar:/home/user/.m2/repository/org/springframework/spring-core/5.1.3.RELEASE/spring-core-5.1.3.RELEASE.jar:/home/user/.m2/repository/org/springframework/spring-jcl/5.1.3.RELEASE/spring-jcl-5.1.3.RELEASE.jar:/home/user/.m2/repository/org/springframework/spring-tx/5.1.3.RELEASE/spring-tx-5.1.3.RELEASE.jar:/home/user/.m2/repository/org/apache/hadoop/hadoop-ozone-client/0.5.0-SNAPSHOT/hadoop-ozone-client-0.5.0-SNAPSHOT.jar:/home/user/.m2/repository/commons-lang/commons-lang/2.6/commons-lang-2.6.jar:/home/user/.m2/repository/org/apache/hadoop/hadoop-ozone-ozone-manager/0.5.0-SNAPSHOT/hadoop-ozone-ozone-manager-0.5.0-SNAPSHOT-tests.jar:/home/user/.m2/repository/junit/junit/4.11/junit-4.11.jar:/home/user/.m2/repository/org/hamcrest/hamcrest-core/1.3/hamcrest-core-1.3.jar:/home/user/.m2/repository/org/openjdk/jmh/jmh-core/1.19/jmh-core-1.19.jar:/home/user/.m2/repository/net/sf/jopt-simple/jopt-simple/4.6/jopt-simple-4.6.jar:/home/user/.m2/repository/org/apache/commons/commons-math3/3.1.1/commons-math3-3.1.1.jar:/home/user/.m2/repository/org/openjdk/jmh/jmh-generator-annprocess/1.19/jmh-generator-annprocess-1.19.jar:/home/user/.m2/repository/org/mockito/mockito-all/1.8.5/mockito-all-1.8.5.jar:/home/user/.m2/repository/org/apache/hadoop/hadoop-kms/3.2.0/hadoop-kms-3.2.0.jar:/home/user/.m2/repository/org/apache/hadoop/hadoop-auth/3.2.0/hadoop-auth-3.2.0.jar:/home/user/.m2/repository/com/nimbusds/nimbus-jose-jwt/4.41.1/nimbus-jose-jwt-4.41.1.jar:/home/user/.m2/repository/com/github/stephenc/jcip/jcip-annotations/1.0-1/jcip-annotations-1.0-1.jar:/home/user/.m2/repository/net/minidev/json-smart/2.3/json-smart-2.3.jar:/home/user/.m2/repository/net/minidev/accessors-smart/1.2/accessors-smart-1.2.jar:/home/user/.m2/repository/org/ow2/asm/asm/5.0.4/asm-5.0.4.jar:/home/user/.m2/repository/org/apache/curator/curator-framework/2.12.0/curator-framework-2.12.0.jar:/home/user/.m2/repository/com/sun/jersey/jersey-core/1.19/jersey-core-1.19.jar:/home/user/.m2/repository/javax/ws/rs/jsr311-api/1.1.1/jsr311-api-1.1.1.jar:/home/user/.m2/repository/com/sun/jersey/jersey-server/1.19/jersey-server-1.19.jar:/home/user/.m2/repository/javax/servlet/javax.servlet-api/3.1.0/javax.servlet-api-3.1.0.jar:/home/user/.m2/repository/org/eclipse/jetty/jetty-server/9.3.25.v20180904/jetty-server-9.3.25.v20180904.jar:/home/user/.m2/repository/org/eclipse/jetty/jetty-http/9.3.25.v20180904/jetty-http-9.3.25.v20180904.jar:/home/user/.m2/repository/org/eclipse/jetty/jetty-io/9.3.25.v20180904/jetty-io-9.3.25.v20180904.jar:/home/user/.m2/repository/org/eclipse/jetty/jetty-webapp/9.3.25.v20180904/jetty-webapp-9.3.25.v20180904.jar:/home/user/.m2/repository/org/eclipse/jetty/jetty-xml/9.3.25.v20180904/jetty-xml-9.3.25.v20180904.jar:/home/user/.m2/repository/log4j/log4j/1.2.17/log4j-1.2.17.jar:/home/user/.m2/repository/org/slf4j/slf4j-api/1.7.25/slf4j-api-1.7.25.jar:/home/user/.m2/repository/org/slf4j/jul-to-slf4j/1.7.25/jul-to-slf4j-1.7.25.jar:/home/user/.m2/repository/org/eclipse/jetty/jetty-util/9.3.25.v20180904/jetty-util-9.3.25.v20180904.jar:/home/user/.m2/repository/com/fasterxml/jackson/core/jackson-databind/2.9.9/jackson-databind-2.9.9.jar:/home/user/.m2/repository/org/apache/hadoop/hadoop-kms/3.2.0/hadoop-kms-3.2.0-tests.jar:/home/user/.m2/repository/org/apache/hadoop/hadoop-hdds-server-scm/0.5.0-SNAPSHOT/hadoop-hdds-server-scm-0.5.0-SNAPSHOT-tests.jar:/home/user/.m2/repository/org/apache/hadoop/hadoop-hdds-container-service/0.5.0-SNAPSHOT/hadoop-hdds-container-service-0.5.0-SNAPSHOT-tests.jar:/home/user/.m2/repository/org/yaml/snakeyaml/1.16/snakeyaml-1.16.jar:/home/user/.m2/repository/org/apache/hadoop/hadoop-common/3.2.0/hadoop-common-3.2.0-tests.jar:/home/user/.m2/repository/org/apache/hadoop/hadoop-annotations/3.2.0/hadoop-annotations-3.2.0.jar:/usr/lib/jvm/java-1.8-openjdk/jre/../lib/tools.jar:/home/user/.m2/repository/commons-cli/commons-cli/1.2/commons-cli-1.2.jar:/home/user/.m2/repository/org/apache/httpcomponents/httpclient/4.5.2/httpclient-4.5.2.jar:/home/user/.m2/repository/org/apache/httpcomponents/httpcore/4.4.4/httpcore-4.4.4.jar:/home/user/.m2/repository/commons-codec/commons-codec/1.11/commons-codec-1.11.jar:/home/user/.m2/repository/commons-net/commons-net/3.6/commons-net-3.6.jar:/home/user/.m2/repository/commons-collections/commons-collections/3.2.2/commons-collections-3.2.2.jar:/home/user/.m2/repository/org/eclipse/jetty/jetty-servlet/9.3.25.v20180904/jetty-servlet-9.3.25.v20180904.jar:/home/user/.m2/repository/org/eclipse/jetty/jetty-security/9.3.25.v20180904/jetty-security-9.3.25.v20180904.jar:/home/user/.m2/repository/javax/servlet/jsp/jsp-api/2.1/jsp-api-2.1.jar:/home/user/.m2/repository/com/sun/jersey/jersey-servlet/1.19/jersey-servlet-1.19.jar:/home/user/.m2/repository/com/sun/jersey/jersey-json/1.19/jersey-json-1.19.jar:/home/user/.m2/repository/org/codehaus/jettison/jettison/1.1/jettison-1.1.jar:/home/user/.m2/repository/org/codehaus/jackson/jackson-core-asl/1.9.13/jackson-core-asl-1.9.13.jar:/home/user/.m2/repository/org/codehaus/jackson/jackson-mapper-asl/1.9.13/jackson-mapper-asl-1.9.13.jar:/home/user/.m2/repository/org/codehaus/jackson/jackson-jaxrs/1.9.13/jackson-jaxrs-1.9.13.jar:/home/user/.m2/repository/org/codehaus/jackson/jackson-xc/1.9.13/jackson-xc-1.9.13.jar:/home/user/.m2/repository/commons-logging/commons-logging/1.1.3/commons-logging-1.1.3.jar:/home/user/.m2/repository/commons-beanutils/commons-beanutils/1.9.4/commons-beanutils-1.9.4.jar:/home/user/.m2/repository/org/apache/commons/commons-configuration2/2.1.1/commons-configuration2-2.1.1.jar:/home/user/.m2/repository/org/apache/commons/commons-lang3/3.7/commons-lang3-3.7.jar:/home/user/.m2/repository/org/apache/commons/commons-text/1.4/commons-text-1.4.jar:/home/user/.m2/repository/org/apache/avro/avro/1.7.7/avro-1.7.7.jar:/home/user/.m2/repository/com/thoughtworks/paranamer/paranamer/2.3/paranamer-2.3.jar:/home/user/.m2/repository/org/xerial/snappy/snappy-java/1.0.5/snappy-java-1.0.5.jar:/home/user/.m2/repository/com/google/re2j/re2j/1.1/re2j-1.1.jar:/home/user/.m2/repository/com/google/code/gson/gson/2.2.4/gson-2.2.4.jar:/home/user/.m2/repository/com/jcraft/jsch/0.1.54/jsch-0.1.54.jar:/home/user/.m2/repository/org/apache/curator/curator-client/2.12.0/curator-client-2.12.0.jar:/home/user/.m2/repository/org/apache/curator/curator-recipes/2.12.0/curator-recipes-2.12.0.jar:/home/user/.m2/repository/com/google/code/findbugs/jsr305/3.0.0/jsr305-3.0.0.jar:/home/user/.m2/repository/org/apache/htrace/htrace-core4/4.1.0-incubating/htrace-core4-4.1.0-incubating.jar:/home/user/.m2/repository/org/apache/zookeeper/zookeeper/3.4.13/zookeeper-3.4.13.jar:/home/user/.m2/repository/jline/jline/0.9.94/jline-0.9.94.jar:/home/user/.m2/repository/org/apache/yetus/audience-annotations/0.5.0/audience-annotations-0.5.0.jar:/home/user/.m2/repository/org/codehaus/woodstox/stax2-api/3.1.4/stax2-api-3.1.4.jar:/home/user/.m2/repository/com/fasterxml/woodstox/woodstox-core/5.0.3/woodstox-core-5.0.3.jar:/home/user/.m2/repository/dnsjava/dnsjava/2.1.7/dnsjava-2.1.7.jar:/home/user/.m2/repository/org/apache/hadoop/hadoop-hdfs/3.2.0/hadoop-hdfs-3.2.0-tests.jar:/home/user/.m2/repository/org/eclipse/jetty/jetty-util-ajax/9.3.25.v20180904/jetty-util-ajax-9.3.25.v20180904.jar:/home/user/.m2/repository/commons-daemon/commons-daemon/1.0.13/commons-daemon-1.0.13.jar:/home/user/.m2/repository/io/netty/netty/3.10.5.Final/netty-3.10.5.Final.jar:/home/user/.m2/repository/io/netty/netty-all/4.0.52.Final/netty-all-4.0.52.Final.jar:/home/user/.m2/repository/org/fusesource/leveldbjni/leveldbjni-all/1.8/leveldbjni-all-1.8.jar:"/>
    <property name="java.vm.vendor" value="IcedTea"/>
    <property name="sun.arch.data.model" value="64"/>
    <property name="test.build.dir" value="/workdir/hadoop-ozone/integration-test/target/test-dir"/>
    <property name="test.cache.data" value=""/>
    <property name="java.vendor.url" value="https://icedtea.classpath.org"/>
    <property name="user.timezone" value=""/>
    <property name="java.vm.specification.version" value="1.8"/>
    <property name="os.name" value="Linux"/>
    <property name="test.build.data" value="/workdir/hadoop-ozone/integration-test/target/test-dir"/>
    <property name="user.country" value="US"/>
    <property name="sun.java.launcher" value="SUN_STANDARD"/>
    <property name="sun.boot.library.path" value="/usr/lib/jvm/java-1.8-openjdk/jre/lib/amd64"/>
    <property name="sun.java.command" value="/workdir/hadoop-ozone/integration-test/target/surefire/surefirebooter6621277000301784510.jar /workdir/hadoop-ozone/integration-test/target/surefire 2019-10-01T23-11-30_719-jvmRun1 surefire7780007311581230413tmp surefire_434814280316500048424tmp"/>
    <property name="test" value="!TestMiniChaosOzoneCluster"/>
    <property name="surefire.test.class.path" value="/workdir/hadoop-ozone/integration-test/target/test-classes:/workdir/hadoop-ozone/integration-test/target/classes:/home/user/.m2/repository/org/apache/hadoop/hadoop-ozone-common/0.5.0-SNAPSHOT/hadoop-ozone-common-0.5.0-SNAPSHOT.jar:/home/user/.m2/repository/org/apache/commons/commons-compress/1.4.1/commons-compress-1.4.1.jar:/home/user/.m2/repository/org/tukaani/xz/1.0/xz-1.0.jar:/home/user/.m2/repository/org/apache/hadoop/hadoop-common/3.2.0/hadoop-common-3.2.0.jar:/home/user/.m2/repository/org/apache/hadoop/hadoop-hdfs/3.2.0/hadoop-hdfs-3.2.0.jar:/home/user/.m2/repository/org/apache/hadoop/hadoop-hdfs-client/3.2.0/hadoop-hdfs-client-3.2.0.jar:/home/user/.m2/repository/com/fasterxml/jackson/core/jackson-annotations/2.9.9/jackson-annotations-2.9.9.jar:/home/user/.m2/repository/org/apache/hadoop/hadoop-hdds-common/0.5.0-SNAPSHOT/hadoop-hdds-common-0.5.0-SNAPSHOT.jar:/home/user/.m2/repository/javax/annotation/javax.annotation-api/1.2/javax.annotation-api-1.2.jar:/home/user/.m2/repository/org/apache/ratis/ratis-server/0.5.0-201fc85-SNAPSHOT/ratis-server-0.5.0-201fc85-SNAPSHOT.jar:/home/user/.m2/repository/org/apache/ratis/ratis-thirdparty-misc/0.2.0/ratis-thirdparty-misc-0.2.0.jar:/home/user/.m2/repository/org/apache/ratis/ratis-proto/0.5.0-201fc85-SNAPSHOT/ratis-proto-0.5.0-201fc85-SNAPSHOT.jar:/home/user/.m2/repository/org/apache/ratis/ratis-common/0.5.0-201fc85-SNAPSHOT/ratis-common-0.5.0-201fc85-SNAPSHOT.jar:/home/user/.m2/repository/org/apache/ratis/ratis-client/0.5.0-201fc85-SNAPSHOT/ratis-client-0.5.0-201fc85-SNAPSHOT.jar:/home/user/.m2/repository/org/apache/ratis/ratis-metrics/0.5.0-201fc85-SNAPSHOT/ratis-metrics-0.5.0-201fc85-SNAPSHOT.jar:/home/user/.m2/repository/com/github/joshelser/dropwizard-metrics-hadoop-metrics2-reporter/0.1.2/dropwizard-metrics-hadoop-metrics2-reporter-0.1.2.jar:/home/user/.m2/repository/io/dropwizard/metrics/metrics-jvm/3.2.5/metrics-jvm-3.2.5.jar:/home/user/.m2/repository/io/dropwizard/metrics/metrics-ganglia/3.2.5/metrics-ganglia-3.2.5.jar:/home/user/.m2/repository/info/ganglia/gmetric4j/gmetric4j/1.0.7/gmetric4j-1.0.7.jar:/home/user/.m2/repository/org/apache/ratis/ratis-netty/0.5.0-201fc85-SNAPSHOT/ratis-netty-0.5.0-201fc85-SNAPSHOT.jar:/home/user/.m2/repository/org/apache/ratis/ratis-grpc/0.5.0-201fc85-SNAPSHOT/ratis-grpc-0.5.0-201fc85-SNAPSHOT.jar:/home/user/.m2/repository/org/rocksdb/rocksdbjni/6.0.1/rocksdbjni-6.0.1.jar:/home/user/.m2/repository/org/apache/logging/log4j/log4j-api/2.11.0/log4j-api-2.11.0.jar:/home/user/.m2/repository/org/apache/logging/log4j/log4j-core/2.11.0/log4j-core-2.11.0.jar:/home/user/.m2/repository/com/lmax/disruptor/3.4.2/disruptor-3.4.2.jar:/home/user/.m2/repository/org/apache/commons/commons-pool2/2.6.0/commons-pool2-2.6.0.jar:/home/user/.m2/repository/org/bouncycastle/bcpkix-jdk15on/1.60/bcpkix-jdk15on-1.60.jar:/home/user/.m2/repository/commons-validator/commons-validator/1.6/commons-validator-1.6.jar:/home/user/.m2/repository/commons-digester/commons-digester/1.8.1/commons-digester-1.8.1.jar:/home/user/.m2/repository/io/jaegertracing/jaeger-client/0.34.0/jaeger-client-0.34.0.jar:/home/user/.m2/repository/io/jaegertracing/jaeger-thrift/0.34.0/jaeger-thrift-0.34.0.jar:/home/user/.m2/repository/org/apache/thrift/libthrift/0.12.0/libthrift-0.12.0.jar:/home/user/.m2/repository/com/squareup/okhttp3/okhttp/3.9.0/okhttp-3.9.0.jar:/home/user/.m2/repository/com/squareup/okio/okio/1.13.0/okio-1.13.0.jar:/home/user/.m2/repository/io/jaegertracing/jaeger-core/0.34.0/jaeger-core-0.34.0.jar:/home/user/.m2/repository/io/jaegertracing/jaeger-tracerresolver/0.34.0/jaeger-tracerresolver-0.34.0.jar:/home/user/.m2/repository/io/opentracing/contrib/opentracing-tracerresolver/0.1.5/opentracing-tracerresolver-0.1.5.jar:/home/user/.m2/repository/io/opentracing/opentracing-util/0.31.0/opentracing-util-0.31.0.jar:/home/user/.m2/repository/io/opentracing/opentracing-api/0.31.0/opentracing-api-0.31.0.jar:/home/user/.m2/repository/io/opentracing/opentracing-noop/0.31.0/opentracing-noop-0.31.0.jar:/home/user/.m2/repository/org/apache/hadoop/hadoop-hdds-server-framework/0.5.0-SNAPSHOT/hadoop-hdds-server-framework-0.5.0-SNAPSHOT.jar:/home/user/.m2/repository/org/apache/hadoop/hadoop-hdds-container-service/0.5.0-SNAPSHOT/hadoop-hdds-container-service-0.5.0-SNAPSHOT.jar:/home/user/.m2/repository/org/apache/hadoop/hadoop-hdds-client/0.5.0-SNAPSHOT/hadoop-hdds-client-0.5.0-SNAPSHOT.jar:/home/user/.m2/repository/org/apache/hadoop/hadoop-hdds-tools/0.5.0-SNAPSHOT/hadoop-hdds-tools-0.5.0-SNAPSHOT.jar:/home/user/.m2/repository/org/apache/hadoop/hadoop-hdds-server-scm/0.5.0-SNAPSHOT/hadoop-hdds-server-scm-0.5.0-SNAPSHOT.jar:/home/user/.m2/repository/org/apache/hadoop/hadoop-hdds-docs/0.5.0-SNAPSHOT/hadoop-hdds-docs-0.5.0-SNAPSHOT.jar:/home/user/.m2/repository/io/dropwizard/metrics/metrics-core/3.2.4/metrics-core-3.2.4.jar:/home/user/.m2/repository/org/hamcrest/hamcrest-all/1.3/hamcrest-all-1.3.jar:/home/user/.m2/repository/org/bouncycastle/bcprov-jdk15on/1.60/bcprov-jdk15on-1.60.jar:/home/user/.m2/repository/info/picocli/picocli/3.9.6/picocli-3.9.6.jar:/home/user/.m2/repository/com/google/protobuf/protobuf-java/2.5.0/protobuf-java-2.5.0.jar:/home/user/.m2/repository/com/google/guava/guava/11.0.2/guava-11.0.2.jar:/home/user/.m2/repository/org/apache/hadoop/hadoop-ozone-ozone-manager/0.5.0-SNAPSHOT/hadoop-ozone-ozone-manager-0.5.0-SNAPSHOT.jar:/home/user/.m2/repository/org/apache/hadoop/hadoop-minikdc/3.2.0/hadoop-minikdc-3.2.0.jar:/home/user/.m2/repository/commons-io/commons-io/2.5/commons-io-2.5.jar:/home/user/.m2/repository/org/apache/kerby/kerb-simplekdc/1.0.1/kerb-simplekdc-1.0.1.jar:/home/user/.m2/repository/org/apache/kerby/kerb-client/1.0.1/kerb-client-1.0.1.jar:/home/user/.m2/repository/org/apache/kerby/kerby-config/1.0.1/kerby-config-1.0.1.jar:/home/user/.m2/repository/org/apache/kerby/kerb-core/1.0.1/kerb-core-1.0.1.jar:/home/user/.m2/repository/org/apache/kerby/kerby-pkix/1.0.1/kerby-pkix-1.0.1.jar:/home/user/.m2/repository/org/apache/kerby/kerby-asn1/1.0.1/kerby-asn1-1.0.1.jar:/home/user/.m2/repository/org/apache/kerby/kerby-util/1.0.1/kerby-util-1.0.1.jar:/home/user/.m2/repository/org/apache/kerby/kerb-common/1.0.1/kerb-common-1.0.1.jar:/home/user/.m2/repository/org/apache/kerby/kerb-crypto/1.0.1/kerb-crypto-1.0.1.jar:/home/user/.m2/repository/org/apache/kerby/kerb-util/1.0.1/kerb-util-1.0.1.jar:/home/user/.m2/repository/org/apache/kerby/token-provider/1.0.1/token-provider-1.0.1.jar:/home/user/.m2/repository/org/apache/kerby/kerb-admin/1.0.1/kerb-admin-1.0.1.jar:/home/user/.m2/repository/org/apache/kerby/kerb-server/1.0.1/kerb-server-1.0.1.jar:/home/user/.m2/repository/org/apache/kerby/kerb-identity/1.0.1/kerb-identity-1.0.1.jar:/home/user/.m2/repository/org/apache/kerby/kerby-xdr/1.0.1/kerby-xdr-1.0.1.jar:/home/user/.m2/repository/org/slf4j/slf4j-log4j12/1.7.25/slf4j-log4j12-1.7.25.jar:/home/user/.m2/repository/org/apache/hadoop/hadoop-ozone-s3gateway/0.5.0-SNAPSHOT/hadoop-ozone-s3gateway-0.5.0-SNAPSHOT.jar:/home/user/.m2/repository/org/jboss/weld/servlet/weld-servlet/2.4.7.Final/weld-servlet-2.4.7.Final.jar:/home/user/.m2/repository/org/glassfish/jersey/containers/jersey-container-servlet-core/2.27/jersey-container-servlet-core-2.27.jar:/home/user/.m2/repository/org/glassfish/hk2/external/javax.inject/2.5.0-b42/javax.inject-2.5.0-b42.jar:/home/user/.m2/repository/org/glassfish/jersey/core/jersey-common/2.27/jersey-common-2.27.jar:/home/user/.m2/repository/org/glassfish/hk2/osgi-resource-locator/1.0.1/osgi-resource-locator-1.0.1.jar:/home/user/.m2/repository/javax/ws/rs/javax.ws.rs-api/2.1/javax.ws.rs-api-2.1.jar:/home/user/.m2/repository/org/glassfish/jersey/ext/cdi/jersey-cdi1x/2.27/jersey-cdi1x-2.27.jar:/home/user/.m2/repository/org/glassfish/jersey/inject/jersey-hk2/2.27/jersey-hk2-2.27.jar:/home/user/.m2/repository/org/glassfish/hk2/hk2-locator/2.5.0-b42/hk2-locator-2.5.0-b42.jar:/home/user/.m2/repository/org/javassist/javassist/3.22.0-CR2/javassist-3.22.0-CR2.jar:/home/user/.m2/repository/org/glassfish/hk2/hk2-api/2.5.0/hk2-api-2.5.0.jar:/home/user/.m2/repository/org/glassfish/hk2/external/jakarta.inject/2.5.0/jakarta.inject-2.5.0.jar:/home/user/.m2/repository/org/glassfish/hk2/hk2-utils/2.5.0/hk2-utils-2.5.0.jar:/home/user/.m2/repository/jakarta/annotation/jakarta.annotation-api/1.3.4/jakarta.annotation-api-1.3.4.jar:/home/user/.m2/repository/org/glassfish/hk2/external/aopalliance-repackaged/2.5.0/aopalliance-repackaged-2.5.0.jar:/home/user/.m2/repository/com/fasterxml/jackson/dataformat/jackson-dataformat-xml/2.9.0/jackson-dataformat-xml-2.9.0.jar:/home/user/.m2/repository/com/fasterxml/jackson/core/jackson-core/2.9.9/jackson-core-2.9.9.jar:/home/user/.m2/repository/com/fasterxml/jackson/module/jackson-module-jaxb-annotations/2.9.9/jackson-module-jaxb-annotations-2.9.9.jar:/home/user/.m2/repository/javax/enterprise/cdi-api/1.2/cdi-api-1.2.jar:/home/user/.m2/repository/javax/el/javax.el-api/3.0.0/javax.el-api-3.0.0.jar:/home/user/.m2/repository/javax/interceptor/javax.interceptor-api/1.2/javax.interceptor-api-1.2.jar:/home/user/.m2/repository/javax/inject/javax.inject/1/javax.inject-1.jar:/home/user/.m2/repository/com/sun/xml/bind/jaxb-impl/2.3.0.1/jaxb-impl-2.3.0.1.jar:/home/user/.m2/repository/com/sun/xml/bind/jaxb-core/2.3.0.1/jaxb-core-2.3.0.1.jar:/home/user/.m2/repository/javax/xml/bind/jaxb-api/2.3.0/jaxb-api-2.3.0.jar:/home/user/.m2/repository/javax/activation/activation/1.1.1/activation-1.1.1.jar:/home/user/.m2/repository/org/apache/hadoop/hadoop-ozone-csi/0.5.0-SNAPSHOT/hadoop-ozone-csi-0.5.0-SNAPSHOT.jar:/home/user/.m2/repository/com/google/protobuf/protobuf-java-util/3.5.1/protobuf-java-util-3.5.1.jar:/home/user/.m2/repository/org/apache/hadoop/hadoop-hdds-config/0.5.0-SNAPSHOT/hadoop-hdds-config-0.5.0-SNAPSHOT.jar:/home/user/.m2/repository/io/grpc/grpc-netty/1.17.1/grpc-netty-1.17.1.jar:/home/user/.m2/repository/io/grpc/grpc-core/1.17.1/grpc-core-1.17.1.jar:/home/user/.m2/repository/io/grpc/grpc-context/1.17.1/grpc-context-1.17.1.jar:/home/user/.m2/repository/com/google/errorprone/error_prone_annotations/2.2.0/error_prone_annotations-2.2.0.jar:/home/user/.m2/repository/org/codehaus/mojo/animal-sniffer-annotations/1.17/animal-sniffer-annotations-1.17.jar:/home/user/.m2/repository/io/opencensus/opencensus-api/0.17.0/opencensus-api-0.17.0.jar:/home/user/.m2/repository/io/opencensus/opencensus-contrib-grpc-metrics/0.17.0/opencensus-contrib-grpc-metrics-0.17.0.jar:/home/user/.m2/repository/io/netty/netty-codec-http2/4.1.30.Final/netty-codec-http2-4.1.30.Final.jar:/home/user/.m2/repository/io/netty/netty-codec-http/4.1.30.Final/netty-codec-http-4.1.30.Final.jar:/home/user/.m2/repository/io/netty/netty-codec/4.1.30.Final/netty-codec-4.1.30.Final.jar:/home/user/.m2/repository/io/netty/netty-handler/4.1.30.Final/netty-handler-4.1.30.Final.jar:/home/user/.m2/repository/io/netty/netty-handler-proxy/4.1.30.Final/netty-handler-proxy-4.1.30.Final.jar:/home/user/.m2/repository/io/netty/netty-codec-socks/4.1.30.Final/netty-codec-socks-4.1.30.Final.jar:/home/user/.m2/repository/io/netty/netty-transport-native-epoll/4.1.30.Final/netty-transport-native-epoll-4.1.30.Final.jar:/home/user/.m2/repository/io/netty/netty-common/4.1.30.Final/netty-common-4.1.30.Final.jar:/home/user/.m2/repository/io/netty/netty-buffer/4.1.30.Final/netty-buffer-4.1.30.Final.jar:/home/user/.m2/repository/io/netty/netty-transport/4.1.30.Final/netty-transport-4.1.30.Final.jar:/home/user/.m2/repository/io/netty/netty-resolver/4.1.30.Final/netty-resolver-4.1.30.Final.jar:/home/user/.m2/repository/io/netty/netty-transport-native-unix-common/4.1.30.Final/netty-transport-native-unix-common-4.1.30.Final.jar:/home/user/.m2/repository/io/grpc/grpc-protobuf/1.17.1/grpc-protobuf-1.17.1.jar:/home/user/.m2/repository/com/google/api/grpc/proto-google-common-protos/1.0.0/proto-google-common-protos-1.0.0.jar:/home/user/.m2/repository/io/grpc/grpc-protobuf-lite/1.17.1/grpc-protobuf-lite-1.17.1.jar:/home/user/.m2/repository/io/grpc/grpc-stub/1.17.1/grpc-stub-1.17.1.jar:/home/user/.m2/repository/org/apache/hadoop/hadoop-ozone-recon/0.5.0-SNAPSHOT/hadoop-ozone-recon-0.5.0-SNAPSHOT.jar:/home/user/.m2/repository/org/apache/hadoop/hadoop-ozone-reconcodegen/0.5.0-SNAPSHOT/hadoop-ozone-reconcodegen-0.5.0-SNAPSHOT.jar:/home/user/.m2/repository/com/google/inject/extensions/guice-multibindings/4.0/guice-multibindings-4.0.jar:/home/user/.m2/repository/com/google/inject/guice/4.0/guice-4.0.jar:/home/user/.m2/repository/aopalliance/aopalliance/1.0/aopalliance-1.0.jar:/home/user/.m2/repository/com/google/inject/extensions/guice-servlet/4.0/guice-servlet-4.0.jar:/home/user/.m2/repository/org/glassfish/jersey/containers/jersey-container-servlet/2.27/jersey-container-servlet-2.27.jar:/home/user/.m2/repository/org/glassfish/hk2/guice-bridge/2.5.0/guice-bridge-2.5.0.jar:/home/user/.m2/repository/org/glassfish/jersey/core/jersey-server/2.27/jersey-server-2.27.jar:/home/user/.m2/repository/org/glassfish/jersey/core/jersey-client/2.27/jersey-client-2.27.jar:/home/user/.m2/repository/org/glassfish/jersey/media/jersey-media-jaxb/2.27/jersey-media-jaxb-2.27.jar:/home/user/.m2/repository/javax/validation/validation-api/1.1.0.Final/validation-api-1.1.0.Final.jar:/home/user/.m2/repository/org/glassfish/jersey/media/jersey-media-json-jackson/2.27/jersey-media-json-jackson-2.27.jar:/home/user/.m2/repository/org/glassfish/jersey/ext/jersey-entity-filtering/2.27/jersey-entity-filtering-2.27.jar:/home/user/.m2/repository/com/google/inject/extensions/guice-assistedinject/4.0/guice-assistedinject-4.0.jar:/home/user/.m2/repository/org/jooq/jooq/3.11.10/jooq-3.11.10.jar:/home/user/.m2/repository/org/jooq/jooq-meta/3.11.10/jooq-meta-3.11.10.jar:/home/user/.m2/repository/org/jooq/jooq-codegen/3.11.10/jooq-codegen-3.11.10.jar:/home/user/.m2/repository/com/jolbox/bonecp/0.8.0.RELEASE/bonecp-0.8.0.RELEASE.jar:/home/user/.m2/repository/org/xerial/sqlite-jdbc/3.25.2/sqlite-jdbc-3.25.2.jar:/home/user/.m2/repository/org/springframework/spring-jdbc/5.1.3.RELEASE/spring-jdbc-5.1.3.RELEASE.jar:/home/user/.m2/repository/org/springframework/spring-beans/5.1.3.RELEASE/spring-beans-5.1.3.RELEASE.jar:/home/user/.m2/repository/org/springframework/spring-core/5.1.3.RELEASE/spring-core-5.1.3.RELEASE.jar:/home/user/.m2/repository/org/springframework/spring-jcl/5.1.3.RELEASE/spring-jcl-5.1.3.RELEASE.jar:/home/user/.m2/repository/org/springframework/spring-tx/5.1.3.RELEASE/spring-tx-5.1.3.RELEASE.jar:/home/user/.m2/repository/org/apache/hadoop/hadoop-ozone-client/0.5.0-SNAPSHOT/hadoop-ozone-client-0.5.0-SNAPSHOT.jar:/home/user/.m2/repository/commons-lang/commons-lang/2.6/commons-lang-2.6.jar:/home/user/.m2/repository/org/apache/hadoop/hadoop-ozone-ozone-manager/0.5.0-SNAPSHOT/hadoop-ozone-ozone-manager-0.5.0-SNAPSHOT-tests.jar:/home/user/.m2/repository/junit/junit/4.11/junit-4.11.jar:/home/user/.m2/repository/org/hamcrest/hamcrest-core/1.3/hamcrest-core-1.3.jar:/home/user/.m2/repository/org/openjdk/jmh/jmh-core/1.19/jmh-core-1.19.jar:/home/user/.m2/repository/net/sf/jopt-simple/jopt-simple/4.6/jopt-simple-4.6.jar:/home/user/.m2/repository/org/apache/commons/commons-math3/3.1.1/commons-math3-3.1.1.jar:/home/user/.m2/repository/org/openjdk/jmh/jmh-generator-annprocess/1.19/jmh-generator-annprocess-1.19.jar:/home/user/.m2/repository/org/mockito/mockito-all/1.8.5/mockito-all-1.8.5.jar:/home/user/.m2/repository/org/apache/hadoop/hadoop-kms/3.2.0/hadoop-kms-3.2.0.jar:/home/user/.m2/repository/org/apache/hadoop/hadoop-auth/3.2.0/hadoop-auth-3.2.0.jar:/home/user/.m2/repository/com/nimbusds/nimbus-jose-jwt/4.41.1/nimbus-jose-jwt-4.41.1.jar:/home/user/.m2/repository/com/github/stephenc/jcip/jcip-annotations/1.0-1/jcip-annotations-1.0-1.jar:/home/user/.m2/repository/net/minidev/json-smart/2.3/json-smart-2.3.jar:/home/user/.m2/repository/net/minidev/accessors-smart/1.2/accessors-smart-1.2.jar:/home/user/.m2/repository/org/ow2/asm/asm/5.0.4/asm-5.0.4.jar:/home/user/.m2/repository/org/apache/curator/curator-framework/2.12.0/curator-framework-2.12.0.jar:/home/user/.m2/repository/com/sun/jersey/jersey-core/1.19/jersey-core-1.19.jar:/home/user/.m2/repository/javax/ws/rs/jsr311-api/1.1.1/jsr311-api-1.1.1.jar:/home/user/.m2/repository/com/sun/jersey/jersey-server/1.19/jersey-server-1.19.jar:/home/user/.m2/repository/javax/servlet/javax.servlet-api/3.1.0/javax.servlet-api-3.1.0.jar:/home/user/.m2/repository/org/eclipse/jetty/jetty-server/9.3.25.v20180904/jetty-server-9.3.25.v20180904.jar:/home/user/.m2/repository/org/eclipse/jetty/jetty-http/9.3.25.v20180904/jetty-http-9.3.25.v20180904.jar:/home/user/.m2/repository/org/eclipse/jetty/jetty-io/9.3.25.v20180904/jetty-io-9.3.25.v20180904.jar:/home/user/.m2/repository/org/eclipse/jetty/jetty-webapp/9.3.25.v20180904/jetty-webapp-9.3.25.v20180904.jar:/home/user/.m2/repository/org/eclipse/jetty/jetty-xml/9.3.25.v20180904/jetty-xml-9.3.25.v20180904.jar:/home/user/.m2/repository/log4j/log4j/1.2.17/log4j-1.2.17.jar:/home/user/.m2/repository/org/slf4j/slf4j-api/1.7.25/slf4j-api-1.7.25.jar:/home/user/.m2/repository/org/slf4j/jul-to-slf4j/1.7.25/jul-to-slf4j-1.7.25.jar:/home/user/.m2/repository/org/eclipse/jetty/jetty-util/9.3.25.v20180904/jetty-util-9.3.25.v20180904.jar:/home/user/.m2/repository/com/fasterxml/jackson/core/jackson-databind/2.9.9/jackson-databind-2.9.9.jar:/home/user/.m2/repository/org/apache/hadoop/hadoop-kms/3.2.0/hadoop-kms-3.2.0-tests.jar:/home/user/.m2/repository/org/apache/hadoop/hadoop-hdds-server-scm/0.5.0-SNAPSHOT/hadoop-hdds-server-scm-0.5.0-SNAPSHOT-tests.jar:/home/user/.m2/repository/org/apache/hadoop/hadoop-hdds-container-service/0.5.0-SNAPSHOT/hadoop-hdds-container-service-0.5.0-SNAPSHOT-tests.jar:/home/user/.m2/repository/org/yaml/snakeyaml/1.16/snakeyaml-1.16.jar:/home/user/.m2/repository/org/apache/hadoop/hadoop-common/3.2.0/hadoop-common-3.2.0-tests.jar:/home/user/.m2/repository/org/apache/hadoop/hadoop-annotations/3.2.0/hadoop-annotations-3.2.0.jar:/usr/lib/jvm/java-1.8-openjdk/jre/../lib/tools.jar:/home/user/.m2/repository/commons-cli/commons-cli/1.2/commons-cli-1.2.jar:/home/user/.m2/repository/org/apache/httpcomponents/httpclient/4.5.2/httpclient-4.5.2.jar:/home/user/.m2/repository/org/apache/httpcomponents/httpcore/4.4.4/httpcore-4.4.4.jar:/home/user/.m2/repository/commons-codec/commons-codec/1.11/commons-codec-1.11.jar:/home/user/.m2/repository/commons-net/commons-net/3.6/commons-net-3.6.jar:/home/user/.m2/repository/commons-collections/commons-collections/3.2.2/commons-collections-3.2.2.jar:/home/user/.m2/repository/org/eclipse/jetty/jetty-servlet/9.3.25.v20180904/jetty-servlet-9.3.25.v20180904.jar:/home/user/.m2/repository/org/eclipse/jetty/jetty-security/9.3.25.v20180904/jetty-security-9.3.25.v20180904.jar:/home/user/.m2/repository/javax/servlet/jsp/jsp-api/2.1/jsp-api-2.1.jar:/home/user/.m2/repository/com/sun/jersey/jersey-servlet/1.19/jersey-servlet-1.19.jar:/home/user/.m2/repository/com/sun/jersey/jersey-json/1.19/jersey-json-1.19.jar:/home/user/.m2/repository/org/codehaus/jettison/jettison/1.1/jettison-1.1.jar:/home/user/.m2/repository/org/codehaus/jackson/jackson-core-asl/1.9.13/jackson-core-asl-1.9.13.jar:/home/user/.m2/repository/org/codehaus/jackson/jackson-mapper-asl/1.9.13/jackson-mapper-asl-1.9.13.jar:/home/user/.m2/repository/org/codehaus/jackson/jackson-jaxrs/1.9.13/jackson-jaxrs-1.9.13.jar:/home/user/.m2/repository/org/codehaus/jackson/jackson-xc/1.9.13/jackson-xc-1.9.13.jar:/home/user/.m2/repository/commons-logging/commons-logging/1.1.3/commons-logging-1.1.3.jar:/home/user/.m2/repository/commons-beanutils/commons-beanutils/1.9.4/commons-beanutils-1.9.4.jar:/home/user/.m2/repository/org/apache/commons/commons-configuration2/2.1.1/commons-configuration2-2.1.1.jar:/home/user/.m2/repository/org/apache/commons/commons-lang3/3.7/commons-lang3-3.7.jar:/home/user/.m2/repository/org/apache/commons/commons-text/1.4/commons-text-1.4.jar:/home/user/.m2/repository/org/apache/avro/avro/1.7.7/avro-1.7.7.jar:/home/user/.m2/repository/com/thoughtworks/paranamer/paranamer/2.3/paranamer-2.3.jar:/home/user/.m2/repository/org/xerial/snappy/snappy-java/1.0.5/snappy-java-1.0.5.jar:/home/user/.m2/repository/com/google/re2j/re2j/1.1/re2j-1.1.jar:/home/user/.m2/repository/com/google/code/gson/gson/2.2.4/gson-2.2.4.jar:/home/user/.m2/repository/com/jcraft/jsch/0.1.54/jsch-0.1.54.jar:/home/user/.m2/repository/org/apache/curator/curator-client/2.12.0/curator-client-2.12.0.jar:/home/user/.m2/repository/org/apache/curator/curator-recipes/2.12.0/curator-recipes-2.12.0.jar:/home/user/.m2/repository/com/google/code/findbugs/jsr305/3.0.0/jsr305-3.0.0.jar:/home/user/.m2/repository/org/apache/htrace/htrace-core4/4.1.0-incubating/htrace-core4-4.1.0-incubating.jar:/home/user/.m2/repository/org/apache/zookeeper/zookeeper/3.4.13/zookeeper-3.4.13.jar:/home/user/.m2/repository/jline/jline/0.9.94/jline-0.9.94.jar:/home/user/.m2/repository/org/apache/yetus/audience-annotations/0.5.0/audience-annotations-0.5.0.jar:/home/user/.m2/repository/org/codehaus/woodstox/stax2-api/3.1.4/stax2-api-3.1.4.jar:/home/user/.m2/repository/com/fasterxml/woodstox/woodstox-core/5.0.3/woodstox-core-5.0.3.jar:/home/user/.m2/repository/dnsjava/dnsjava/2.1.7/dnsjava-2.1.7.jar:/home/user/.m2/repository/org/apache/hadoop/hadoop-hdfs/3.2.0/hadoop-hdfs-3.2.0-tests.jar:/home/user/.m2/repository/org/eclipse/jetty/jetty-util-ajax/9.3.25.v20180904/jetty-util-ajax-9.3.25.v20180904.jar:/home/user/.m2/repository/commons-daemon/commons-daemon/1.0.13/commons-daemon-1.0.13.jar:/home/user/.m2/repository/io/netty/netty/3.10.5.Final/netty-3.10.5.Final.jar:/home/user/.m2/repository/io/netty/netty-all/4.0.52.Final/netty-all-4.0.52.Final.jar:/home/user/.m2/repository/org/fusesource/leveldbjni/leveldbjni-all/1.8/leveldbjni-all-1.8.jar:"/>
    <property name="sun.cpu.endian" value="little"/>
    <property name="user.home" value="/home/user"/>
    <property name="user.language" value="en"/>
    <property name="java.specification.vendor" value="Oracle Corporation"/>
    <property name="java.home" value="/usr/lib/jvm/java-1.8-openjdk/jre"/>
    <property name="java.security.krb5.conf" value="/workdir/hadoop-ozone/integration-test/target/test-classes/krb5.conf"/>
    <property name="basedir" value="/workdir/hadoop-ozone/integration-test"/>
    <property name="file.separator" value="/"/>
    <property name="line.separator" value="&#10;"/>
    <property name="java.vm.specification.vendor" value="Oracle Corporation"/>
    <property name="java.specification.name" value="Java Platform API Specification"/>
    <property name="java.awt.graphicsenv" value="sun.awt.X11GraphicsEnvironment"/>
    <property name="surefire.real.class.path" value="/workdir/hadoop-ozone/integration-test/target/surefire/surefirebooter6621277000301784510.jar"/>
    <property name="hadoop.log.dir" value="/workdir/hadoop-ozone/integration-test/target/log"/>
    <property name="sun.boot.class.path" value="/usr/lib/jvm/java-1.8-openjdk/jre/lib/resources.jar:/usr/lib/jvm/java-1.8-openjdk/jre/lib/rt.jar:/usr/lib/jvm/java-1.8-openjdk/jre/lib/sunrsasign.jar:/usr/lib/jvm/java-1.8-openjdk/jre/lib/jsse.jar:/usr/lib/jvm/java-1.8-openjdk/jre/lib/jce.jar:/usr/lib/jvm/java-1.8-openjdk/jre/lib/charsets.jar:/usr/lib/jvm/java-1.8-openjdk/jre/lib/jfr.jar:/usr/lib/jvm/java-1.8-openjdk/jre/classes"/>
    <property name="sun.management.compiler" value="HotSpot 64-Bit Tiered Compilers"/>
    <property name="java.runtime.version" value="1.8.0_212-b04"/>
    <property name="java.net.preferIPv4Stack" value="true"/>
    <property name="user.name" value="jenkins1000"/>
    <property name="path.separator" value=":"/>
    <property name="java.security.egd" value="file:///dev/urandom"/>
    <property name="os.version" value="3.10.0-957.12.2.el7.x86_64"/>
    <property name="java.endorsed.dirs" value="/usr/lib/jvm/java-1.8-openjdk/jre/lib/endorsed"/>
    <property name="java.runtime.name" value="OpenJDK Runtime Environment"/>
    <property name="file.encoding" value="UTF-8"/>
    <property name="java.vm.name" value="OpenJDK 64-Bit Server VM"/>
    <property name="test.build.webapps" value=""/>
    <property name="localRepository" value="/home/user/.m2/repository"/>
    <property name="java.vendor.url.bug" value="https://icedtea.classpath.org/bugzilla"/>
    <property name="java.io.tmpdir" value="/tmp"/>
    <property name="require.test.libhadoop" value=""/>
    <property name="java.version" value="1.8.0_212"/>
    <property name="user.dir" value="/workdir/hadoop-ozone/integration-test"/>
    <property name="os.arch" value="amd64"/>
    <property name="java.vm.specification.name" value="Java Virtual Machine Specification"/>
    <property name="test.build.classes" value="/workdir/hadoop-ozone/integration-test/target/test-classes"/>
    <property name="java.awt.printerjob" value="sun.print.PSPrinterJob"/>
    <property name="sun.os.patch.level" value="unknown"/>
    <property name="hadoop.tmp.dir" value="/workdir/hadoop-ozone/integration-test/target/tmp"/>
    <property name="java.library.path" value="/usr/lib/jvm/java-1.8-openjdk/jre/lib/amd64/server:/usr/lib/jvm/java-1.8-openjdk/jre/lib/amd64:/usr/lib/jvm/java-1.8-openjdk/jre/../lib/amd64:/workdir/hadoop-ozone/integration-test/target/native/target/usr/local/lib:/workdir/hadoop-ozone/integration-test/../../hadoop-common-project/hadoop-common/target/native/target/usr/local/lib:/usr/java/packages/lib/amd64:/usr/lib64:/lib64:/lib:/usr/lib"/>
    <property name="java.vm.info" value="mixed mode"/>
    <property name="java.vendor" value="IcedTea"/>
    <property name="java.vm.version" value="25.212-b04"/>
    <property name="java.ext.dirs" value="/usr/lib/jvm/java-1.8-openjdk/jre/lib/ext:/usr/java/packages/lib/ext"/>
    <property name="sun.io.unicode.encoding" value="UnicodeLittle"/>
    <property name="java.class.version" value="52.0"/>
  </properties>
  <testcase name="testGroupMismatchExceptionHandling" classname="org.apache.hadoop.ozone.client.rpc.TestOzoneClientRetriesOnException" time="45.864"/>
  <testcase name="testMaxRetriesByOzoneClient" classname="org.apache.hadoop.ozone.client.rpc.TestOzoneClientRetriesOnException" time="125.449">
    <error message="Failed to command cmdType: CreateContainer&#10;containerID: 1&#10;datanodeUuid: &quot;12504079-0622-447a-92a3-9106641c158d&quot;&#10;createContainer {&#10;}&#10;" type="java.io.IOException">java.io.IOException: 
Failed to command cmdType: CreateContainer
containerID: 1
datanodeUuid: "12504079-0622-447a-92a3-9106641c158d"
createContainer {
}

	at org.apache.hadoop.hdds.scm.XceiverClientSpi.sendCommand(XceiverClientSpi.java:113)
	at org.apache.hadoop.ozone.client.rpc.TestOzoneClientRetriesOnException.testMaxRetriesByOzoneClient(TestOzoneClientRetriesOnException.java:190)
	at sun.reflect.NativeMethodAccessorImpl.invoke0(Native Method)
	at sun.reflect.NativeMethodAccessorImpl.invoke(NativeMethodAccessorImpl.java:62)
	at sun.reflect.DelegatingMethodAccessorImpl.invoke(DelegatingMethodAccessorImpl.java:43)
	at java.lang.reflect.Method.invoke(Method.java:498)
	at org.junit.runners.model.FrameworkMethod$1.runReflectiveCall(FrameworkMethod.java:47)
	at org.junit.internal.runners.model.ReflectiveCallable.run(ReflectiveCallable.java:12)
	at org.junit.runners.model.FrameworkMethod.invokeExplosively(FrameworkMethod.java:44)
	at org.junit.internal.runners.statements.InvokeMethod.evaluate(InvokeMethod.java:17)
	at org.junit.internal.runners.statements.RunBefores.evaluate(RunBefores.java:26)
	at org.junit.internal.runners.statements.RunAfters.evaluate(RunAfters.java:27)
	at org.junit.runners.ParentRunner.runLeaf(ParentRunner.java:271)
	at org.junit.runners.BlockJUnit4ClassRunner.runChild(BlockJUnit4ClassRunner.java:70)
	at org.junit.runners.BlockJUnit4ClassRunner.runChild(BlockJUnit4ClassRunner.java:50)
	at org.junit.runners.ParentRunner$3.run(ParentRunner.java:238)
	at org.junit.runners.ParentRunner$1.schedule(ParentRunner.java:63)
	at org.junit.runners.ParentRunner.runChildren(ParentRunner.java:236)
	at org.junit.runners.ParentRunner.access$000(ParentRunner.java:53)
	at org.junit.runners.ParentRunner$2.evaluate(ParentRunner.java:229)
	at org.junit.runners.ParentRunner.run(ParentRunner.java:309)
	at org.apache.maven.surefire.junit4.JUnit4Provider.execute(JUnit4Provider.java:365)
	at org.apache.maven.surefire.junit4.JUnit4Provider.executeWithRerun(JUnit4Provider.java:273)
	at org.apache.maven.surefire.junit4.JUnit4Provider.executeTestSet(JUnit4Provider.java:238)
	at org.apache.maven.surefire.junit4.JUnit4Provider.invoke(JUnit4Provider.java:159)
	at org.apache.maven.surefire.booter.ForkedBooter.invokeProviderInSameClassLoader(ForkedBooter.java:384)
	at org.apache.maven.surefire.booter.ForkedBooter.runSuitesInProcess(ForkedBooter.java:345)
	at org.apache.maven.surefire.booter.ForkedBooter.execute(ForkedBooter.java:126)
	at org.apache.maven.surefire.booter.ForkedBooter.main(ForkedBooter.java:418)
Caused by: java.util.concurrent.ExecutionException: org.apache.ratis.protocol.RaftRetryFailureException: Failed RaftClientRequest:client-012030F6F586->ab266586-6a28-4580-b80c-65bb58481fdf@group-90F5B60C18EA, cid=45, seq=4*, RW, org.apache.hadoop.hdds.scm.XceiverClientRatis$$Lambda$363/1701798620@8aa29b5 for 180 attempts with RetryLimited(maxAttempts=180, sleepTime=1000ms)
	at java.util.concurrent.CompletableFuture.reportGet(CompletableFuture.java:357)
	at java.util.concurrent.CompletableFuture.get(CompletableFuture.java:1895)
	at org.apache.hadoop.hdds.scm.XceiverClientSpi.sendCommand(XceiverClientSpi.java:110)
	... 28 more
Caused by: org.apache.ratis.protocol.RaftRetryFailureException: Failed RaftClientRequest:client-012030F6F586->ab266586-6a28-4580-b80c-65bb58481fdf@group-90F5B60C18EA, cid=45, seq=4*, RW, org.apache.hadoop.hdds.scm.XceiverClientRatis$$Lambda$363/1701798620@8aa29b5 for 180 attempts with RetryLimited(maxAttempts=180, sleepTime=1000ms)
	at org.apache.ratis.client.impl.RaftClientImpl.noMoreRetries(RaftClientImpl.java:271)
	at org.apache.ratis.client.impl.OrderedAsync.handleAsyncRetryFailure(OrderedAsync.java:138)
	at org.apache.ratis.client.impl.OrderedAsync.lambda$sendRequest$10(OrderedAsync.java:230)
	at java.util.concurrent.CompletableFuture.uniExceptionally(CompletableFuture.java:870)
	at java.util.concurrent.CompletableFuture$UniExceptionally.tryFire(CompletableFuture.java:852)
	at java.util.concurrent.CompletableFuture.postComplete(CompletableFuture.java:474)
	at java.util.concurrent.CompletableFuture.completeExceptionally(CompletableFuture.java:1977)
	at org.apache.ratis.grpc.client.GrpcClientProtocolClient$AsyncStreamObservers.completeReplyExceptionally(GrpcClientProtocolClient.java:345)
	at org.apache.ratis.grpc.client.GrpcClientProtocolClient$AsyncStreamObservers.access$000(GrpcClientProtocolClient.java:261)
	at org.apache.ratis.grpc.client.GrpcClientProtocolClient$AsyncStreamObservers$1.onNext(GrpcClientProtocolClient.java:273)
	at org.apache.ratis.grpc.client.GrpcClientProtocolClient$AsyncStreamObservers$1.onNext(GrpcClientProtocolClient.java:264)
	at org.apache.ratis.thirdparty.io.grpc.stub.ClientCalls$StreamObserverToCallListenerAdapter.onMessage(ClientCalls.java:421)
	at org.apache.ratis.thirdparty.io.grpc.ForwardingClientCallListener.onMessage(ForwardingClientCallListener.java:33)
	at org.apache.ratis.thirdparty.io.grpc.ForwardingClientCallListener.onMessage(ForwardingClientCallListener.java:33)
	at org.apache.ratis.thirdparty.io.grpc.internal.ClientCallImpl$ClientStreamListenerImpl$1MessagesAvailable.runInContext(ClientCallImpl.java:519)
	at org.apache.ratis.thirdparty.io.grpc.internal.ContextRunnable.run(ContextRunnable.java:37)
	at org.apache.ratis.thirdparty.io.grpc.internal.SerializingExecutor.run(SerializingExecutor.java:123)
	at java.util.concurrent.ThreadPoolExecutor.runWorker(ThreadPoolExecutor.java:1149)
	at java.util.concurrent.ThreadPoolExecutor$Worker.run(ThreadPoolExecutor.java:624)
	at java.lang.Thread.run(Thread.java:748)
Caused by: org.apache.ratis.protocol.NotLeaderException: Server ab266586-6a28-4580-b80c-65bb58481fdf@group-90F5B60C18EA is not the leader 9bae093a-6162-4cd2-97fa-12be3a47952b:192.168.30.63:44980
	at org.apache.ratis.client.impl.ClientProtoUtils.toRaftClientReply(ClientProtoUtils.java:243)
	at org.apache.ratis.grpc.client.GrpcClientProtocolClient$AsyncStreamObservers$1.onNext(GrpcClientProtocolClient.java:269)
	... 10 more
</error>
    <system-out><![CDATA[2019-10-01 23:48:27,008 [main] WARN  server.ServerUtils (ServerUtils.java:getScmDbDir(145)) - ozone.scm.db.dirs is not configured. We recommend adding this setting. Falling back to ozone.metadata.dirs instead.
2019-10-01 23:48:27,043 [main] WARN  server.ServerUtils (ServerUtils.java:getScmDbDir(145)) - ozone.scm.db.dirs is not configured. We recommend adding this setting. Falling back to ozone.metadata.dirs instead.
2019-10-01 23:48:27,043 [main] WARN  server.ServerUtils (ServerUtils.java:getScmDbDir(145)) - ozone.scm.db.dirs is not configured. We recommend adding this setting. Falling back to ozone.metadata.dirs instead.
2019-10-01 23:48:27,044 [main] INFO  db.DBStoreBuilder (DBStoreBuilder.java:addTable(110)) - using custom profile for table: deletedBlocks
2019-10-01 23:48:27,044 [main] INFO  db.DBStoreBuilder (DBStoreBuilder.java:processTables(161)) - Using default column profile:DBProfile.DISK for Table:deletedBlocks
2019-10-01 23:48:27,045 [main] INFO  db.DBStoreBuilder (DBStoreBuilder.java:addTable(110)) - using custom profile for table: validCerts
2019-10-01 23:48:27,045 [main] INFO  db.DBStoreBuilder (DBStoreBuilder.java:processTables(161)) - Using default column profile:DBProfile.DISK for Table:validCerts
2019-10-01 23:48:27,045 [main] INFO  db.DBStoreBuilder (DBStoreBuilder.java:addTable(110)) - using custom profile for table: revokedCerts
2019-10-01 23:48:27,045 [main] INFO  db.DBStoreBuilder (DBStoreBuilder.java:processTables(161)) - Using default column profile:DBProfile.DISK for Table:revokedCerts
2019-10-01 23:48:27,046 [main] INFO  db.DBStoreBuilder (DBStoreBuilder.java:addTable(110)) - using custom profile for table: default
2019-10-01 23:48:27,046 [main] INFO  db.DBStoreBuilder (DBStoreBuilder.java:processTables(167)) - Using default column profile:DBProfile.DISK for Table:default
2019-10-01 23:48:27,046 [main] INFO  db.DBStoreBuilder (DBStoreBuilder.java:getDbProfile(198)) - Using default options. DBProfile.DISK
2019-10-01 23:48:27,363 [main] INFO  net.NodeSchemaLoader (NodeSchemaLoader.java:loadSchemaFromFile(125)) - Loading file from sun.misc.CompoundEnumeration@2ee83775
2019-10-01 23:48:27,363 [main] INFO  net.NodeSchemaLoader (NodeSchemaLoader.java:loadSchema(171)) - Loading network topology layer schema file
2019-10-01 23:48:27,368 [main] WARN  server.ServerUtils (ServerUtils.java:sanitizeUserArgs(70)) - ozone.scm.stale.node.interval value = 300000 is larger than max = 100000 based on the key value of ozone.scm.heartbeat.thread.interval, reset to the max value 100000.
2019-10-01 23:48:27,368 [main] WARN  server.ServerUtils (ServerUtils.java:sanitizeUserArgs(70)) - ozone.scm.stale.node.interval value = 300000 is larger than max = 100000 based on the key value of ozone.scm.heartbeat.thread.interval, reset to the max value 100000.
2019-10-01 23:48:27,369 [main] INFO  node.SCMNodeManager (SCMNodeManager.java:<init>(114)) - Entering startup safe mode.
2019-10-01 23:48:27,369 [main] INFO  algorithms.ContainerPlacementPolicyFactory (ContainerPlacementPolicyFactory.java:getPolicy(57)) - Create container placement policy of type org.apache.hadoop.hdds.scm.container.placement.algorithms.SCMContainerPlacementRandom
2019-10-01 23:48:27,370 [main] WARN  server.ServerUtils (ServerUtils.java:getScmDbDir(145)) - ozone.scm.db.dirs is not configured. We recommend adding this setting. Falling back to ozone.metadata.dirs instead.
2019-10-01 23:48:27,504 [main] INFO  pipeline.SCMPipelineManager (SCMPipelineManager.java:initializePipelineState(132)) - No pipeline exists in current db
2019-10-01 23:48:27,504 [main] WARN  server.ServerUtils (ServerUtils.java:getScmDbDir(145)) - ozone.scm.db.dirs is not configured. We recommend adding this setting. Falling back to ozone.metadata.dirs instead.
2019-10-01 23:48:27,650 [main] WARN  events.EventQueue (EventQueue.java:fireEvent(183)) - No event handler registered for event TypedEvent{payloadType=SafeModeStatus, name='SafeModeStatus'}
2019-10-01 23:48:27,652 [main] INFO  ipc.CallQueueManager (CallQueueManager.java:<init>(84)) - Using callQueue: class java.util.concurrent.LinkedBlockingQueue, queueCapacity: 2000, scheduler: class org.apache.hadoop.ipc.DefaultRpcScheduler, ipcBackoff: false.
2019-10-01 23:48:27,653 [Socket Reader #1 for port 35532] INFO  ipc.Server (Server.java:run(1074)) - Starting Socket Reader #1 for port 35532
2019-10-01 23:48:27,655 [main] INFO  ipc.CallQueueManager (CallQueueManager.java:<init>(84)) - Using callQueue: class java.util.concurrent.LinkedBlockingQueue, queueCapacity: 2000, scheduler: class org.apache.hadoop.ipc.DefaultRpcScheduler, ipcBackoff: false.
2019-10-01 23:48:27,655 [Socket Reader #1 for port 32868] INFO  ipc.Server (Server.java:run(1074)) - Starting Socket Reader #1 for port 32868
2019-10-01 23:48:27,657 [main] INFO  ipc.CallQueueManager (CallQueueManager.java:<init>(84)) - Using callQueue: class java.util.concurrent.LinkedBlockingQueue, queueCapacity: 2000, scheduler: class org.apache.hadoop.ipc.DefaultRpcScheduler, ipcBackoff: false.
2019-10-01 23:48:27,658 [Socket Reader #1 for port 39064] INFO  ipc.Server (Server.java:run(1074)) - Starting Socket Reader #1 for port 39064
2019-10-01 23:48:27,660 [main] INFO  hdfs.DFSUtil (DFSUtil.java:httpServerTemplateForNNAndJN(1641)) - Starting Web-server for scm at: http://0.0.0.0:0
2019-10-01 23:48:27,663 [main] INFO  server.AuthenticationFilter (AuthenticationFilter.java:constructSecretProvider(240)) - Unable to initialize FileSignerSecretProvider, falling back to use random secrets.
2019-10-01 23:48:27,664 [main] WARN  http.HttpRequestLog (HttpRequestLog.java:getRequestLog(97)) - Jetty request log can only be enabled using Log4j
2019-10-01 23:48:27,666 [main] INFO  http.HttpServer2 (HttpServer2.java:addGlobalFilter(975)) - Added global filter 'safety' (class=org.apache.hadoop.http.HttpServer2$QuotingInputFilter)
2019-10-01 23:48:27,667 [main] INFO  http.HttpServer2 (HttpServer2.java:addFilter(948)) - Added filter static_user_filter (class=org.apache.hadoop.http.lib.StaticUserWebFilter$StaticUserFilter) to context scm
2019-10-01 23:48:27,667 [main] INFO  http.HttpServer2 (HttpServer2.java:addFilter(958)) - Added filter static_user_filter (class=org.apache.hadoop.http.lib.StaticUserWebFilter$StaticUserFilter) to context logs
2019-10-01 23:48:27,667 [main] INFO  http.HttpServer2 (HttpServer2.java:addFilter(958)) - Added filter static_user_filter (class=org.apache.hadoop.http.lib.StaticUserWebFilter$StaticUserFilter) to context static
2019-10-01 23:48:27,670 [main] INFO  server.StorageContainerManager (StorageContainerManager.java:start(770)) - StorageContainerLocationProtocol RPC server is listening at /0.0.0.0:39064
2019-10-01 23:48:27,673 [main] WARN  impl.MetricsConfig (MetricsConfig.java:loadFirst(134)) - Cannot locate configuration: tried hadoop-metrics2-storagecontainermanager.properties,hadoop-metrics2.properties
2019-10-01 23:48:27,674 [main] INFO  impl.MetricsSystemImpl (MetricsSystemImpl.java:startTimer(374)) - Scheduled Metric snapshot period at 10 second(s).
2019-10-01 23:48:27,674 [main] INFO  impl.MetricsSystemImpl (MetricsSystemImpl.java:start(191)) - StorageContainerManager metrics system started
2019-10-01 23:48:27,709 [main] WARN  impl.MetricsSystemImpl (MetricsSystemImpl.java:register(276)) - Sink prometheus already exists!
2019-10-01 23:48:27,715 [main] INFO  server.SCMClientProtocolServer (SCMClientProtocolServer.java:start(150)) - RPC server for Client  is listening at /0.0.0.0:39064
2019-10-01 23:48:27,715 [IPC Server Responder] INFO  ipc.Server (Server.java:run(1314)) - IPC Server Responder: starting
2019-10-01 23:48:27,715 [IPC Server listener on 39064] INFO  ipc.Server (Server.java:run(1153)) - IPC Server listener on 39064: starting
2019-10-01 23:48:27,719 [main] INFO  server.StorageContainerManager (StorageContainerManager.java:start(780)) - ScmBlockLocationProtocol RPC server is listening at /0.0.0.0:32868
2019-10-01 23:48:27,720 [main] INFO  server.SCMBlockProtocolServer (SCMBlockProtocolServer.java:start(146)) - RPC server for Block Protocol is listening at /0.0.0.0:32868
2019-10-01 23:48:27,720 [IPC Server Responder] INFO  ipc.Server (Server.java:run(1314)) - IPC Server Responder: starting
2019-10-01 23:48:27,720 [IPC Server listener on 32868] INFO  ipc.Server (Server.java:run(1153)) - IPC Server listener on 32868: starting
2019-10-01 23:48:27,724 [main] INFO  server.StorageContainerManager (StorageContainerManager.java:start(784)) - ScmDatanodeProtocl RPC server is listening at /0.0.0.0:35532
2019-10-01 23:48:27,724 [main] INFO  server.SCMDatanodeProtocolServer (SCMDatanodeProtocolServer.java:start(191)) - RPC server for DataNodes is listening at /0.0.0.0:35532
2019-10-01 23:48:27,725 [IPC Server Responder] INFO  ipc.Server (Server.java:run(1314)) - IPC Server Responder: starting
2019-10-01 23:48:27,725 [IPC Server listener on 35532] INFO  ipc.Server (Server.java:run(1153)) - IPC Server listener on 35532: starting
2019-10-01 23:48:27,728 [main] INFO  http.HttpServer2 (HttpServer2.java:bindListener(1191)) - Jetty bound to port 45461
2019-10-01 23:48:27,728 [main] INFO  server.Server (Server.java:doStart(351)) - jetty-9.3.25.v20180904, build timestamp: 2018-09-04T21:11:46Z, git hash: 3ce520221d0240229c862b122d2b06c12a625732
2019-10-01 23:48:27,730 [main] INFO  handler.ContextHandler (ContextHandler.java:doStart(781)) - Started o.e.j.s.ServletContextHandler@14fded9d{/logs,file:///workdir/hadoop-ozone/integration-test/target/log,AVAILABLE}
2019-10-01 23:48:27,731 [main] INFO  handler.ContextHandler (ContextHandler.java:doStart(781)) - Started o.e.j.s.ServletContextHandler@4a3bd45b{/static,file:///workdir/hadoop-ozone/integration-test/target/test-classes/webapps/static,AVAILABLE}
2019-10-01 23:48:27,736 [main] INFO  handler.ContextHandler (ContextHandler.java:doStart(781)) - Started o.e.j.w.WebAppContext@45b15381{/,file:///workdir/hadoop-ozone/integration-test/target/test-classes/webapps/scm/,AVAILABLE}{/scm}
2019-10-01 23:48:27,737 [main] INFO  server.AbstractConnector (AbstractConnector.java:doStart(278)) - Started ServerConnector@2dbfcf7{HTTP/1.1,[http/1.1]}{0.0.0.0:45461}
2019-10-01 23:48:27,738 [main] INFO  server.Server (Server.java:doStart(419)) - Started @47191ms
2019-10-01 23:48:27,738 [main] WARN  impl.MetricsSystemImpl (MetricsSystemImpl.java:register(276)) - Sink prometheus already exists!
2019-10-01 23:48:27,739 [main] INFO  server.BaseHttpServer (BaseHttpServer.java:updateConnectorAddress(215)) - HTTP server of SCM is listening at http://0.0.0.0:45461
2019-10-01 23:48:27,740 [main] WARN  server.ServerUtils (ServerUtils.java:getDBPath(222)) - ozone.om.db.dirs is not configured. We recommend adding this setting. Falling back to ozone.metadata.dirs instead.
2019-10-01 23:48:27,741 [org.apache.hadoop.util.JvmPauseMonitor$Monitor@38cedb7d] INFO  util.JvmPauseMonitor (JvmPauseMonitor.java:run(188)) - Starting JVM pause monitor
2019-10-01 23:48:27,763 [main] WARN  server.ServerUtils (ServerUtils.java:getDBPath(222)) - ozone.om.db.dirs is not configured. We recommend adding this setting. Falling back to ozone.metadata.dirs instead.
2019-10-01 23:48:27,764 [main] WARN  server.ServerUtils (ServerUtils.java:getDBPath(222)) - ozone.om.db.dirs is not configured. We recommend adding this setting. Falling back to ozone.metadata.dirs instead.
2019-10-01 23:48:27,764 [main] INFO  om.OzoneManager (OzoneManager.java:setOMNodeDetails(652)) - OM Service ID is not set. Setting it to the default ID: omServiceIdDefault
2019-10-01 23:48:27,764 [main] INFO  om.OzoneManager (OzoneManager.java:setOMNodeDetails(658)) - OM Node ID is not set. Setting it to the OmStorage's OmID: 0fc41cb6-9285-41b7-8a66-01f5db53ec1b
2019-10-01 23:48:27,764 [main] INFO  om.OzoneManager (OzoneManager.java:loadOMHAConfigs(609)) - Found matching OM address with OMServiceId: null, OMNodeId: null, RPC Address: localhost:0 and Ratis port: 9872
2019-10-01 23:48:27,772 [main] WARN  server.ServerUtils (ServerUtils.java:getDBPath(222)) - ozone.om.db.dirs is not configured. We recommend adding this setting. Falling back to ozone.metadata.dirs instead.
2019-10-01 23:48:27,773 [main] INFO  db.DBStoreBuilder (DBStoreBuilder.java:addTable(110)) - using custom profile for table: userTable
2019-10-01 23:48:27,773 [main] INFO  db.DBStoreBuilder (DBStoreBuilder.java:processTables(161)) - Using default column profile:DBProfile.DISK for Table:userTable
2019-10-01 23:48:27,773 [main] INFO  db.DBStoreBuilder (DBStoreBuilder.java:addTable(110)) - using custom profile for table: volumeTable
2019-10-01 23:48:27,773 [main] INFO  db.DBStoreBuilder (DBStoreBuilder.java:processTables(161)) - Using default column profile:DBProfile.DISK for Table:volumeTable
2019-10-01 23:48:27,774 [main] INFO  db.DBStoreBuilder (DBStoreBuilder.java:addTable(110)) - using custom profile for table: bucketTable
2019-10-01 23:48:27,774 [main] INFO  db.DBStoreBuilder (DBStoreBuilder.java:processTables(161)) - Using default column profile:DBProfile.DISK for Table:bucketTable
2019-10-01 23:48:27,774 [main] INFO  db.DBStoreBuilder (DBStoreBuilder.java:addTable(110)) - using custom profile for table: keyTable
2019-10-01 23:48:27,774 [main] INFO  db.DBStoreBuilder (DBStoreBuilder.java:processTables(161)) - Using default column profile:DBProfile.DISK for Table:keyTable
2019-10-01 23:48:27,775 [main] INFO  db.DBStoreBuilder (DBStoreBuilder.java:addTable(110)) - using custom profile for table: deletedTable
2019-10-01 23:48:27,775 [main] INFO  db.DBStoreBuilder (DBStoreBuilder.java:processTables(161)) - Using default column profile:DBProfile.DISK for Table:deletedTable
2019-10-01 23:48:27,775 [main] INFO  db.DBStoreBuilder (DBStoreBuilder.java:addTable(110)) - using custom profile for table: openKeyTable
2019-10-01 23:48:27,775 [main] INFO  db.DBStoreBuilder (DBStoreBuilder.java:processTables(161)) - Using default column profile:DBProfile.DISK for Table:openKeyTable
2019-10-01 23:48:27,776 [main] INFO  db.DBStoreBuilder (DBStoreBuilder.java:addTable(110)) - using custom profile for table: s3Table
2019-10-01 23:48:27,776 [main] INFO  db.DBStoreBuilder (DBStoreBuilder.java:processTables(161)) - Using default column profile:DBProfile.DISK for Table:s3Table
2019-10-01 23:48:27,776 [main] INFO  db.DBStoreBuilder (DBStoreBuilder.java:addTable(110)) - using custom profile for table: multipartInfoTable
2019-10-01 23:48:27,777 [main] INFO  db.DBStoreBuilder (DBStoreBuilder.java:processTables(161)) - Using default column profile:DBProfile.DISK for Table:multipartInfoTable
2019-10-01 23:48:27,777 [main] INFO  db.DBStoreBuilder (DBStoreBuilder.java:addTable(110)) - using custom profile for table: dTokenTable
2019-10-01 23:48:27,777 [main] INFO  db.DBStoreBuilder (DBStoreBuilder.java:processTables(161)) - Using default column profile:DBProfile.DISK for Table:dTokenTable
2019-10-01 23:48:27,777 [main] INFO  db.DBStoreBuilder (DBStoreBuilder.java:addTable(110)) - using custom profile for table: s3SecretTable
2019-10-01 23:48:27,778 [main] INFO  db.DBStoreBuilder (DBStoreBuilder.java:processTables(161)) - Using default column profile:DBProfile.DISK for Table:s3SecretTable
2019-10-01 23:48:27,778 [main] INFO  db.DBStoreBuilder (DBStoreBuilder.java:addTable(110)) - using custom profile for table: prefixTable
2019-10-01 23:48:27,778 [main] INFO  db.DBStoreBuilder (DBStoreBuilder.java:processTables(161)) - Using default column profile:DBProfile.DISK for Table:prefixTable
2019-10-01 23:48:27,778 [main] INFO  db.DBStoreBuilder (DBStoreBuilder.java:addTable(110)) - using custom profile for table: default
2019-10-01 23:48:27,779 [main] INFO  db.DBStoreBuilder (DBStoreBuilder.java:processTables(167)) - Using default column profile:DBProfile.DISK for Table:default
2019-10-01 23:48:27,779 [main] INFO  db.DBStoreBuilder (DBStoreBuilder.java:getDbProfile(198)) - Using default options. DBProfile.DISK
2019-10-01 23:48:28,659 [main] INFO  ipc.CallQueueManager (CallQueueManager.java:<init>(84)) - Using callQueue: class java.util.concurrent.LinkedBlockingQueue, queueCapacity: 2000, scheduler: class org.apache.hadoop.ipc.DefaultRpcScheduler, ipcBackoff: false.
2019-10-01 23:48:28,660 [Socket Reader #1 for port 34707] INFO  ipc.Server (Server.java:run(1074)) - Starting Socket Reader #1 for port 34707
2019-10-01 23:48:28,679 [main] INFO  om.OzoneManager (OzoneManager.java:start(1243)) - OzoneManager RPC server is listening at localhost/127.0.0.1:34707
2019-10-01 23:48:28,679 [main] INFO  impl.MetricsSystemImpl (MetricsSystemImpl.java:init(158)) - OzoneManager metrics system started (again)
2019-10-01 23:48:28,679 [IPC Server Responder] INFO  ipc.Server (Server.java:run(1314)) - IPC Server Responder: starting
2019-10-01 23:48:28,681 [IPC Server listener on 34707] INFO  ipc.Server (Server.java:run(1153)) - IPC Server listener on 34707: starting
2019-10-01 23:48:28,686 [main] INFO  hdfs.DFSUtil (DFSUtil.java:httpServerTemplateForNNAndJN(1641)) - Starting Web-server for ozoneManager at: http://0.0.0.0:0
2019-10-01 23:48:28,688 [main] INFO  server.AuthenticationFilter (AuthenticationFilter.java:constructSecretProvider(240)) - Unable to initialize FileSignerSecretProvider, falling back to use random secrets.
2019-10-01 23:48:28,688 [main] WARN  http.HttpRequestLog (HttpRequestLog.java:getRequestLog(97)) - Jetty request log can only be enabled using Log4j
2019-10-01 23:48:28,691 [main] INFO  http.HttpServer2 (HttpServer2.java:addGlobalFilter(975)) - Added global filter 'safety' (class=org.apache.hadoop.http.HttpServer2$QuotingInputFilter)
2019-10-01 23:48:28,692 [main] INFO  http.HttpServer2 (HttpServer2.java:addFilter(948)) - Added filter static_user_filter (class=org.apache.hadoop.http.lib.StaticUserWebFilter$StaticUserFilter) to context ozoneManager
2019-10-01 23:48:28,692 [main] INFO  http.HttpServer2 (HttpServer2.java:addFilter(958)) - Added filter static_user_filter (class=org.apache.hadoop.http.lib.StaticUserWebFilter$StaticUserFilter) to context static
2019-10-01 23:48:28,692 [main] INFO  http.HttpServer2 (HttpServer2.java:addFilter(958)) - Added filter static_user_filter (class=org.apache.hadoop.http.lib.StaticUserWebFilter$StaticUserFilter) to context logs
2019-10-01 23:48:28,693 [main] INFO  http.HttpServer2 (HttpServer2.java:bindListener(1191)) - Jetty bound to port 40685
2019-10-01 23:48:28,693 [main] INFO  server.Server (Server.java:doStart(351)) - jetty-9.3.25.v20180904, build timestamp: 2018-09-04T21:11:46Z, git hash: 3ce520221d0240229c862b122d2b06c12a625732
2019-10-01 23:48:28,695 [main] INFO  handler.ContextHandler (ContextHandler.java:doStart(781)) - Started o.e.j.s.ServletContextHandler@77fa9381{/logs,file:///workdir/hadoop-ozone/integration-test/target/log,AVAILABLE}
2019-10-01 23:48:28,696 [main] INFO  handler.ContextHandler (ContextHandler.java:doStart(781)) - Started o.e.j.s.ServletContextHandler@7cac93fe{/static,file:///workdir/hadoop-ozone/integration-test/target/test-classes/webapps/static,AVAILABLE}
2019-10-01 23:48:28,702 [main] INFO  handler.ContextHandler (ContextHandler.java:doStart(781)) - Started o.e.j.w.WebAppContext@55fee662{/,file:///workdir/hadoop-ozone/integration-test/target/test-classes/webapps/ozoneManager/,AVAILABLE}{/ozoneManager}
2019-10-01 23:48:28,702 [main] INFO  server.AbstractConnector (AbstractConnector.java:doStart(278)) - Started ServerConnector@54089484{HTTP/1.1,[http/1.1]}{0.0.0.0:40685}
2019-10-01 23:48:28,704 [main] INFO  server.Server (Server.java:doStart(419)) - Started @48157ms
2019-10-01 23:48:28,704 [main] WARN  impl.MetricsSystemImpl (MetricsSystemImpl.java:register(276)) - Sink prometheus already exists!
2019-10-01 23:48:28,704 [main] INFO  server.BaseHttpServer (BaseHttpServer.java:updateConnectorAddress(215)) - HTTP server of OZONEMANAGER is listening at http://0.0.0.0:40685
2019-10-01 23:48:28,726 [main] INFO  impl.MetricsSystemImpl (MetricsSystemImpl.java:init(158)) - HddsDatanode metrics system started (again)
2019-10-01 23:48:28,729 [main] INFO  ozone.HddsDatanodeService (HddsDatanodeService.java:start(184)) - HddsDatanodeService host:pr-hdds-2201-rename-25sj9-3976918760 ip:192.168.30.63
2019-10-01 23:48:28,736 [main] INFO  volume.HddsVolume (HddsVolume.java:<init>(176)) - Creating Volume: /workdir/hadoop-ozone/integration-test/target/test-dir/MiniOzoneClusterImpl-86593db2-05eb-48a7-b50a-ea57df30e816/datanode-0/data/containers/hdds of  storage type : DISK and capacity : 1482555576320
2019-10-01 23:48:28,736 [main] INFO  volume.VolumeSet (VolumeSet.java:initializeVolumeSet(170)) - Added Volume : /workdir/hadoop-ozone/integration-test/target/test-dir/MiniOzoneClusterImpl-86593db2-05eb-48a7-b50a-ea57df30e816/datanode-0/data/containers/hdds to VolumeSet
2019-10-01 23:48:28,736 [main] INFO  volume.ThrottledAsyncChecker (ThrottledAsyncChecker.java:schedule(139)) - Scheduling a check for org.apache.hadoop.ozone.container.common.volume.HddsVolume@46039a21
2019-10-01 23:48:28,737 [main] INFO  volume.HddsVolumeChecker (HddsVolumeChecker.java:checkAllVolumes(202)) - Scheduled health check for volume org.apache.hadoop.ozone.container.common.volume.HddsVolume@46039a21
2019-10-01 23:48:28,754 [main] INFO  impl.RaftServerProxy (ConfUtils.java:logGet(43)) - raft.rpc.type = GRPC (default)
2019-10-01 23:48:28,754 [main] INFO  grpc.GrpcFactory (GrpcFactory.java:checkPooledByteBufAllocatorUseCacheForAllThreads(45)) - PERFORMANCE WARNING: useCacheForAllThreads is true that may cause Netty to create a lot garbage objects and, as a result, trigger GC.
	It is recommended to disable useCacheForAllThreads by setting -Dorg.apache.ratis.thirdparty.io.netty.allocator.useCacheForAllThreads=false in command line.
2019-10-01 23:48:28,755 [main] INFO  grpc.GrpcConfigKeys$Server (ConfUtils.java:logGet(43)) - raft.grpc.server.port = 0 (default)
2019-10-01 23:48:28,755 [main] INFO  server.GrpcService (ConfUtils.java:logGet(43)) - raft.grpc.message.size.max = 33570816 (custom)
2019-10-01 23:48:28,755 [main] INFO  server.RaftServerConfigKeys (ConfUtils.java:logGet(43)) - raft.server.log.appender.buffer.byte-limit = 33554432 (custom)
2019-10-01 23:48:28,755 [main] INFO  server.GrpcService (ConfUtils.java:logGet(43)) - raft.grpc.flow.control.window = 1MB (=1048576) (default)
2019-10-01 23:48:28,756 [main] INFO  server.RaftServerConfigKeys (ConfUtils.java:logGet(43)) - raft.server.rpc.request.timeout = 3000ms (default)
2019-10-01 23:48:28,756 [main] INFO  server.RaftServerConfigKeys (ConfUtils.java:logGet(43)) - raft.server.storage.dir = [/workdir/hadoop-ozone/integration-test/target/test-dir/MiniOzoneClusterImpl-86593db2-05eb-48a7-b50a-ea57df30e816/datanode-0/data/ratis] (custom)
2019-10-01 23:48:28,758 [main] INFO  hdfs.DFSUtil (DFSUtil.java:httpServerTemplateForNNAndJN(1641)) - Starting Web-server for hddsDatanode at: http://0.0.0.0:0
2019-10-01 23:48:28,759 [main] INFO  server.AuthenticationFilter (AuthenticationFilter.java:constructSecretProvider(240)) - Unable to initialize FileSignerSecretProvider, falling back to use random secrets.
2019-10-01 23:48:28,759 [main] WARN  http.HttpRequestLog (HttpRequestLog.java:getRequestLog(97)) - Jetty request log can only be enabled using Log4j
2019-10-01 23:48:28,761 [main] INFO  http.HttpServer2 (HttpServer2.java:addGlobalFilter(975)) - Added global filter 'safety' (class=org.apache.hadoop.http.HttpServer2$QuotingInputFilter)
2019-10-01 23:48:28,762 [main] INFO  http.HttpServer2 (HttpServer2.java:addFilter(948)) - Added filter static_user_filter (class=org.apache.hadoop.http.lib.StaticUserWebFilter$StaticUserFilter) to context hddsDatanode
2019-10-01 23:48:28,762 [main] INFO  http.HttpServer2 (HttpServer2.java:addFilter(958)) - Added filter static_user_filter (class=org.apache.hadoop.http.lib.StaticUserWebFilter$StaticUserFilter) to context logs
2019-10-01 23:48:28,762 [main] INFO  http.HttpServer2 (HttpServer2.java:addFilter(958)) - Added filter static_user_filter (class=org.apache.hadoop.http.lib.StaticUserWebFilter$StaticUserFilter) to context static
2019-10-01 23:48:28,763 [main] INFO  http.HttpServer2 (HttpServer2.java:bindListener(1191)) - Jetty bound to port 39085
2019-10-01 23:48:28,763 [main] INFO  server.Server (Server.java:doStart(351)) - jetty-9.3.25.v20180904, build timestamp: 2018-09-04T21:11:46Z, git hash: 3ce520221d0240229c862b122d2b06c12a625732
2019-10-01 23:48:28,765 [main] INFO  handler.ContextHandler (ContextHandler.java:doStart(781)) - Started o.e.j.s.ServletContextHandler@17e9bc9e{/logs,file:///workdir/hadoop-ozone/integration-test/target/log,AVAILABLE}
2019-10-01 23:48:28,765 [main] INFO  handler.ContextHandler (ContextHandler.java:doStart(781)) - Started o.e.j.s.ServletContextHandler@4130955c{/static,jar:file:/home/user/.m2/repository/org/apache/hadoop/hadoop-hdds-container-service/0.5.0-SNAPSHOT/hadoop-hdds-container-service-0.5.0-SNAPSHOT.jar!/webapps/static,AVAILABLE}
2019-10-01 23:48:28,797 [main] INFO  handler.ContextHandler (ContextHandler.java:doStart(781)) - Started o.e.j.w.WebAppContext@1c3259fa{/,file:///tmp/jetty-0.0.0.0-39085-hddsDatanode-_-any-8507622663595916839.dir/webapp/,AVAILABLE}{/hddsDatanode}
2019-10-01 23:48:28,797 [main] INFO  server.AbstractConnector (AbstractConnector.java:doStart(278)) - Started ServerConnector@217bf99e{HTTP/1.1,[http/1.1]}{0.0.0.0:39085}
2019-10-01 23:48:28,799 [main] INFO  server.Server (Server.java:doStart(419)) - Started @48252ms
2019-10-01 23:48:28,799 [main] WARN  impl.MetricsSystemImpl (MetricsSystemImpl.java:register(276)) - Sink prometheus already exists!
2019-10-01 23:48:28,800 [main] INFO  server.BaseHttpServer (BaseHttpServer.java:updateConnectorAddress(215)) - HTTP server of HDDSDATANODE is listening at http://0.0.0.0:39085
2019-10-01 23:48:28,800 [main] INFO  impl.MetricsSystemImpl (MetricsSystemImpl.java:init(158)) - HddsDatanode metrics system started (again)
2019-10-01 23:48:28,803 [org.apache.hadoop.util.JvmPauseMonitor$Monitor@7e745896] INFO  util.JvmPauseMonitor (JvmPauseMonitor.java:run(188)) - Starting JVM pause monitor
2019-10-01 23:48:28,805 [main] INFO  ozone.HddsDatanodeService (HddsDatanodeService.java:start(184)) - HddsDatanodeService host:pr-hdds-2201-rename-25sj9-3976918760 ip:192.168.30.63
2019-10-01 23:48:28,807 [Datanode State Machine Thread - 0] INFO  datanode.InitDatanodeState (InitDatanodeState.java:persistContainerDatanodeDetails(140)) - DatanodeDetails is persisted to /workdir/hadoop-ozone/integration-test/target/test-dir/MiniOzoneClusterImpl-86593db2-05eb-48a7-b50a-ea57df30e816/datanode-0/meta/datanode.id
2019-10-01 23:48:28,810 [main] INFO  volume.HddsVolume (HddsVolume.java:<init>(176)) - Creating Volume: /workdir/hadoop-ozone/integration-test/target/test-dir/MiniOzoneClusterImpl-86593db2-05eb-48a7-b50a-ea57df30e816/datanode-1/data/containers/hdds of  storage type : DISK and capacity : 1482555576320
2019-10-01 23:48:28,811 [main] INFO  volume.VolumeSet (VolumeSet.java:initializeVolumeSet(170)) - Added Volume : /workdir/hadoop-ozone/integration-test/target/test-dir/MiniOzoneClusterImpl-86593db2-05eb-48a7-b50a-ea57df30e816/datanode-1/data/containers/hdds to VolumeSet
2019-10-01 23:48:28,811 [main] INFO  volume.ThrottledAsyncChecker (ThrottledAsyncChecker.java:schedule(139)) - Scheduling a check for org.apache.hadoop.ozone.container.common.volume.HddsVolume@58fbd02e
2019-10-01 23:48:28,811 [main] INFO  volume.HddsVolumeChecker (HddsVolumeChecker.java:checkAllVolumes(202)) - Scheduled health check for volume org.apache.hadoop.ozone.container.common.volume.HddsVolume@58fbd02e
2019-10-01 23:48:28,829 [main] INFO  impl.RaftServerProxy (ConfUtils.java:logGet(43)) - raft.rpc.type = GRPC (default)
2019-10-01 23:48:28,830 [main] INFO  grpc.GrpcFactory (GrpcFactory.java:checkPooledByteBufAllocatorUseCacheForAllThreads(45)) - PERFORMANCE WARNING: useCacheForAllThreads is true that may cause Netty to create a lot garbage objects and, as a result, trigger GC.
	It is recommended to disable useCacheForAllThreads by setting -Dorg.apache.ratis.thirdparty.io.netty.allocator.useCacheForAllThreads=false in command line.
2019-10-01 23:48:28,830 [main] INFO  grpc.GrpcConfigKeys$Server (ConfUtils.java:logGet(43)) - raft.grpc.server.port = 0 (default)
2019-10-01 23:48:28,830 [main] INFO  server.GrpcService (ConfUtils.java:logGet(43)) - raft.grpc.message.size.max = 33570816 (custom)
2019-10-01 23:48:28,830 [main] INFO  server.RaftServerConfigKeys (ConfUtils.java:logGet(43)) - raft.server.log.appender.buffer.byte-limit = 33554432 (custom)
2019-10-01 23:48:28,831 [main] INFO  server.GrpcService (ConfUtils.java:logGet(43)) - raft.grpc.flow.control.window = 1MB (=1048576) (default)
2019-10-01 23:48:28,831 [main] INFO  server.RaftServerConfigKeys (ConfUtils.java:logGet(43)) - raft.server.rpc.request.timeout = 3000ms (default)
2019-10-01 23:48:28,831 [main] INFO  server.RaftServerConfigKeys (ConfUtils.java:logGet(43)) - raft.server.storage.dir = [/workdir/hadoop-ozone/integration-test/target/test-dir/MiniOzoneClusterImpl-86593db2-05eb-48a7-b50a-ea57df30e816/datanode-1/data/ratis] (custom)
2019-10-01 23:48:28,833 [main] INFO  hdfs.DFSUtil (DFSUtil.java:httpServerTemplateForNNAndJN(1641)) - Starting Web-server for hddsDatanode at: http://0.0.0.0:0
2019-10-01 23:48:28,834 [main] INFO  server.AuthenticationFilter (AuthenticationFilter.java:constructSecretProvider(240)) - Unable to initialize FileSignerSecretProvider, falling back to use random secrets.
2019-10-01 23:48:28,834 [main] WARN  http.HttpRequestLog (HttpRequestLog.java:getRequestLog(97)) - Jetty request log can only be enabled using Log4j
2019-10-01 23:48:28,836 [main] INFO  http.HttpServer2 (HttpServer2.java:addGlobalFilter(975)) - Added global filter 'safety' (class=org.apache.hadoop.http.HttpServer2$QuotingInputFilter)
2019-10-01 23:48:28,836 [main] INFO  http.HttpServer2 (HttpServer2.java:addFilter(948)) - Added filter static_user_filter (class=org.apache.hadoop.http.lib.StaticUserWebFilter$StaticUserFilter) to context hddsDatanode
2019-10-01 23:48:28,837 [main] INFO  http.HttpServer2 (HttpServer2.java:addFilter(958)) - Added filter static_user_filter (class=org.apache.hadoop.http.lib.StaticUserWebFilter$StaticUserFilter) to context logs
2019-10-01 23:48:28,837 [main] INFO  http.HttpServer2 (HttpServer2.java:addFilter(958)) - Added filter static_user_filter (class=org.apache.hadoop.http.lib.StaticUserWebFilter$StaticUserFilter) to context static
2019-10-01 23:48:28,837 [main] INFO  http.HttpServer2 (HttpServer2.java:bindListener(1191)) - Jetty bound to port 40455
2019-10-01 23:48:28,838 [main] INFO  server.Server (Server.java:doStart(351)) - jetty-9.3.25.v20180904, build timestamp: 2018-09-04T21:11:46Z, git hash: 3ce520221d0240229c862b122d2b06c12a625732
2019-10-01 23:48:28,840 [main] INFO  handler.ContextHandler (ContextHandler.java:doStart(781)) - Started o.e.j.s.ServletContextHandler@65a9ea3c{/logs,file:///workdir/hadoop-ozone/integration-test/target/log,AVAILABLE}
2019-10-01 23:48:28,840 [main] INFO  handler.ContextHandler (ContextHandler.java:doStart(781)) - Started o.e.j.s.ServletContextHandler@46911148{/static,jar:file:/home/user/.m2/repository/org/apache/hadoop/hadoop-hdds-container-service/0.5.0-SNAPSHOT/hadoop-hdds-container-service-0.5.0-SNAPSHOT.jar!/webapps/static,AVAILABLE}
2019-10-01 23:48:28,883 [main] INFO  handler.ContextHandler (ContextHandler.java:doStart(781)) - Started o.e.j.w.WebAppContext@7b61bf11{/,file:///tmp/jetty-0.0.0.0-40455-hddsDatanode-_-any-8114652758816215010.dir/webapp/,AVAILABLE}{/hddsDatanode}
2019-10-01 23:48:28,883 [main] INFO  server.AbstractConnector (AbstractConnector.java:doStart(278)) - Started ServerConnector@40247d48{HTTP/1.1,[http/1.1]}{0.0.0.0:40455}
2019-10-01 23:48:28,884 [main] INFO  server.Server (Server.java:doStart(419)) - Started @48337ms
2019-10-01 23:48:28,884 [main] WARN  impl.MetricsSystemImpl (MetricsSystemImpl.java:register(276)) - Sink prometheus already exists!
2019-10-01 23:48:28,885 [main] INFO  server.BaseHttpServer (BaseHttpServer.java:updateConnectorAddress(215)) - HTTP server of HDDSDATANODE is listening at http://0.0.0.0:40455
2019-10-01 23:48:28,885 [main] INFO  impl.MetricsSystemImpl (MetricsSystemImpl.java:init(158)) - HddsDatanode metrics system started (again)
2019-10-01 23:48:28,889 [main] INFO  ozone.HddsDatanodeService (HddsDatanodeService.java:start(184)) - HddsDatanodeService host:pr-hdds-2201-rename-25sj9-3976918760 ip:192.168.30.63
2019-10-01 23:48:28,889 [org.apache.hadoop.util.JvmPauseMonitor$Monitor@32983c98] INFO  util.JvmPauseMonitor (JvmPauseMonitor.java:run(188)) - Starting JVM pause monitor
2019-10-01 23:48:28,891 [Datanode State Machine Thread - 0] INFO  datanode.InitDatanodeState (InitDatanodeState.java:persistContainerDatanodeDetails(140)) - DatanodeDetails is persisted to /workdir/hadoop-ozone/integration-test/target/test-dir/MiniOzoneClusterImpl-86593db2-05eb-48a7-b50a-ea57df30e816/datanode-1/meta/datanode.id
2019-10-01 23:48:28,894 [main] INFO  volume.HddsVolume (HddsVolume.java:<init>(176)) - Creating Volume: /workdir/hadoop-ozone/integration-test/target/test-dir/MiniOzoneClusterImpl-86593db2-05eb-48a7-b50a-ea57df30e816/datanode-2/data/containers/hdds of  storage type : DISK and capacity : 1482555576320
2019-10-01 23:48:28,895 [main] INFO  volume.VolumeSet (VolumeSet.java:initializeVolumeSet(170)) - Added Volume : /workdir/hadoop-ozone/integration-test/target/test-dir/MiniOzoneClusterImpl-86593db2-05eb-48a7-b50a-ea57df30e816/datanode-2/data/containers/hdds to VolumeSet
2019-10-01 23:48:28,895 [main] INFO  volume.ThrottledAsyncChecker (ThrottledAsyncChecker.java:schedule(139)) - Scheduling a check for org.apache.hadoop.ozone.container.common.volume.HddsVolume@29c17c3d
2019-10-01 23:48:28,895 [main] INFO  volume.HddsVolumeChecker (HddsVolumeChecker.java:checkAllVolumes(202)) - Scheduled health check for volume org.apache.hadoop.ozone.container.common.volume.HddsVolume@29c17c3d
2019-10-01 23:48:28,907 [main] INFO  impl.RaftServerProxy (ConfUtils.java:logGet(43)) - raft.rpc.type = GRPC (default)
2019-10-01 23:48:28,907 [main] INFO  grpc.GrpcFactory (GrpcFactory.java:checkPooledByteBufAllocatorUseCacheForAllThreads(45)) - PERFORMANCE WARNING: useCacheForAllThreads is true that may cause Netty to create a lot garbage objects and, as a result, trigger GC.
	It is recommended to disable useCacheForAllThreads by setting -Dorg.apache.ratis.thirdparty.io.netty.allocator.useCacheForAllThreads=false in command line.
2019-10-01 23:48:28,908 [main] INFO  grpc.GrpcConfigKeys$Server (ConfUtils.java:logGet(43)) - raft.grpc.server.port = 0 (default)
2019-10-01 23:48:28,908 [main] INFO  server.GrpcService (ConfUtils.java:logGet(43)) - raft.grpc.message.size.max = 33570816 (custom)
2019-10-01 23:48:28,908 [main] INFO  server.RaftServerConfigKeys (ConfUtils.java:logGet(43)) - raft.server.log.appender.buffer.byte-limit = 33554432 (custom)
2019-10-01 23:48:28,908 [main] INFO  server.GrpcService (ConfUtils.java:logGet(43)) - raft.grpc.flow.control.window = 1MB (=1048576) (default)
2019-10-01 23:48:28,908 [main] INFO  server.RaftServerConfigKeys (ConfUtils.java:logGet(43)) - raft.server.rpc.request.timeout = 3000ms (default)
2019-10-01 23:48:28,909 [main] INFO  server.RaftServerConfigKeys (ConfUtils.java:logGet(43)) - raft.server.storage.dir = [/workdir/hadoop-ozone/integration-test/target/test-dir/MiniOzoneClusterImpl-86593db2-05eb-48a7-b50a-ea57df30e816/datanode-2/data/ratis] (custom)
2019-10-01 23:48:28,910 [main] INFO  hdfs.DFSUtil (DFSUtil.java:httpServerTemplateForNNAndJN(1641)) - Starting Web-server for hddsDatanode at: http://0.0.0.0:0
2019-10-01 23:48:28,911 [main] INFO  server.AuthenticationFilter (AuthenticationFilter.java:constructSecretProvider(240)) - Unable to initialize FileSignerSecretProvider, falling back to use random secrets.
2019-10-01 23:48:28,912 [main] WARN  http.HttpRequestLog (HttpRequestLog.java:getRequestLog(97)) - Jetty request log can only be enabled using Log4j
2019-10-01 23:48:28,913 [main] INFO  http.HttpServer2 (HttpServer2.java:addGlobalFilter(975)) - Added global filter 'safety' (class=org.apache.hadoop.http.HttpServer2$QuotingInputFilter)
2019-10-01 23:48:28,914 [main] INFO  http.HttpServer2 (HttpServer2.java:addFilter(948)) - Added filter static_user_filter (class=org.apache.hadoop.http.lib.StaticUserWebFilter$StaticUserFilter) to context hddsDatanode
2019-10-01 23:48:28,914 [main] INFO  http.HttpServer2 (HttpServer2.java:addFilter(958)) - Added filter static_user_filter (class=org.apache.hadoop.http.lib.StaticUserWebFilter$StaticUserFilter) to context static
2019-10-01 23:48:28,914 [main] INFO  http.HttpServer2 (HttpServer2.java:addFilter(958)) - Added filter static_user_filter (class=org.apache.hadoop.http.lib.StaticUserWebFilter$StaticUserFilter) to context logs
2019-10-01 23:48:28,915 [main] INFO  http.HttpServer2 (HttpServer2.java:bindListener(1191)) - Jetty bound to port 33639
2019-10-01 23:48:28,915 [main] INFO  server.Server (Server.java:doStart(351)) - jetty-9.3.25.v20180904, build timestamp: 2018-09-04T21:11:46Z, git hash: 3ce520221d0240229c862b122d2b06c12a625732
2019-10-01 23:48:28,917 [main] INFO  handler.ContextHandler (ContextHandler.java:doStart(781)) - Started o.e.j.s.ServletContextHandler@6088451e{/logs,file:///workdir/hadoop-ozone/integration-test/target/log,AVAILABLE}
2019-10-01 23:48:28,917 [main] INFO  handler.ContextHandler (ContextHandler.java:doStart(781)) - Started o.e.j.s.ServletContextHandler@2f10f633{/static,jar:file:/home/user/.m2/repository/org/apache/hadoop/hadoop-hdds-container-service/0.5.0-SNAPSHOT/hadoop-hdds-container-service-0.5.0-SNAPSHOT.jar!/webapps/static,AVAILABLE}
2019-10-01 23:48:28,944 [main] INFO  handler.ContextHandler (ContextHandler.java:doStart(781)) - Started o.e.j.w.WebAppContext@3f6bf8aa{/,file:///tmp/jetty-0.0.0.0-33639-hddsDatanode-_-any-1510691755374175239.dir/webapp/,AVAILABLE}{/hddsDatanode}
2019-10-01 23:48:28,945 [main] INFO  server.AbstractConnector (AbstractConnector.java:doStart(278)) - Started ServerConnector@13c8ac77{HTTP/1.1,[http/1.1]}{0.0.0.0:33639}
2019-10-01 23:48:28,946 [main] INFO  server.Server (Server.java:doStart(419)) - Started @48400ms
2019-10-01 23:48:28,947 [main] WARN  impl.MetricsSystemImpl (MetricsSystemImpl.java:register(276)) - Sink prometheus already exists!
2019-10-01 23:48:28,947 [main] INFO  server.BaseHttpServer (BaseHttpServer.java:updateConnectorAddress(215)) - HTTP server of HDDSDATANODE is listening at http://0.0.0.0:33639
2019-10-01 23:48:28,948 [main] INFO  impl.MetricsSystemImpl (MetricsSystemImpl.java:init(158)) - HddsDatanode metrics system started (again)
2019-10-01 23:48:28,951 [org.apache.hadoop.util.JvmPauseMonitor$Monitor@2379bb1d] INFO  util.JvmPauseMonitor (JvmPauseMonitor.java:run(188)) - Starting JVM pause monitor
2019-10-01 23:48:28,951 [main] INFO  ozone.HddsDatanodeService (HddsDatanodeService.java:start(184)) - HddsDatanodeService host:pr-hdds-2201-rename-25sj9-3976918760 ip:192.168.30.63
2019-10-01 23:48:28,953 [Datanode State Machine Thread - 0] INFO  datanode.InitDatanodeState (InitDatanodeState.java:persistContainerDatanodeDetails(140)) - DatanodeDetails is persisted to /workdir/hadoop-ozone/integration-test/target/test-dir/MiniOzoneClusterImpl-86593db2-05eb-48a7-b50a-ea57df30e816/datanode-2/meta/datanode.id
2019-10-01 23:48:28,958 [main] INFO  volume.HddsVolume (HddsVolume.java:<init>(176)) - Creating Volume: /workdir/hadoop-ozone/integration-test/target/test-dir/MiniOzoneClusterImpl-86593db2-05eb-48a7-b50a-ea57df30e816/datanode-3/data/containers/hdds of  storage type : DISK and capacity : 1482555576320
2019-10-01 23:48:28,958 [main] INFO  volume.VolumeSet (VolumeSet.java:initializeVolumeSet(170)) - Added Volume : /workdir/hadoop-ozone/integration-test/target/test-dir/MiniOzoneClusterImpl-86593db2-05eb-48a7-b50a-ea57df30e816/datanode-3/data/containers/hdds to VolumeSet
2019-10-01 23:48:28,958 [main] INFO  volume.ThrottledAsyncChecker (ThrottledAsyncChecker.java:schedule(139)) - Scheduling a check for org.apache.hadoop.ozone.container.common.volume.HddsVolume@7885776b
2019-10-01 23:48:28,959 [main] INFO  volume.HddsVolumeChecker (HddsVolumeChecker.java:checkAllVolumes(202)) - Scheduled health check for volume org.apache.hadoop.ozone.container.common.volume.HddsVolume@7885776b
2019-10-01 23:48:28,976 [main] INFO  impl.RaftServerProxy (ConfUtils.java:logGet(43)) - raft.rpc.type = GRPC (default)
2019-10-01 23:48:28,976 [main] INFO  grpc.GrpcFactory (GrpcFactory.java:checkPooledByteBufAllocatorUseCacheForAllThreads(45)) - PERFORMANCE WARNING: useCacheForAllThreads is true that may cause Netty to create a lot garbage objects and, as a result, trigger GC.
	It is recommended to disable useCacheForAllThreads by setting -Dorg.apache.ratis.thirdparty.io.netty.allocator.useCacheForAllThreads=false in command line.
2019-10-01 23:48:28,977 [main] INFO  grpc.GrpcConfigKeys$Server (ConfUtils.java:logGet(43)) - raft.grpc.server.port = 0 (default)
2019-10-01 23:48:28,977 [main] INFO  server.GrpcService (ConfUtils.java:logGet(43)) - raft.grpc.message.size.max = 33570816 (custom)
2019-10-01 23:48:28,977 [main] INFO  server.RaftServerConfigKeys (ConfUtils.java:logGet(43)) - raft.server.log.appender.buffer.byte-limit = 33554432 (custom)
2019-10-01 23:48:28,977 [main] INFO  server.GrpcService (ConfUtils.java:logGet(43)) - raft.grpc.flow.control.window = 1MB (=1048576) (default)
2019-10-01 23:48:28,978 [main] INFO  server.RaftServerConfigKeys (ConfUtils.java:logGet(43)) - raft.server.rpc.request.timeout = 3000ms (default)
2019-10-01 23:48:28,978 [main] INFO  server.RaftServerConfigKeys (ConfUtils.java:logGet(43)) - raft.server.storage.dir = [/workdir/hadoop-ozone/integration-test/target/test-dir/MiniOzoneClusterImpl-86593db2-05eb-48a7-b50a-ea57df30e816/datanode-3/data/ratis] (custom)
2019-10-01 23:48:28,979 [main] INFO  hdfs.DFSUtil (DFSUtil.java:httpServerTemplateForNNAndJN(1641)) - Starting Web-server for hddsDatanode at: http://0.0.0.0:0
2019-10-01 23:48:28,981 [main] INFO  server.AuthenticationFilter (AuthenticationFilter.java:constructSecretProvider(240)) - Unable to initialize FileSignerSecretProvider, falling back to use random secrets.
2019-10-01 23:48:28,981 [main] WARN  http.HttpRequestLog (HttpRequestLog.java:getRequestLog(97)) - Jetty request log can only be enabled using Log4j
2019-10-01 23:48:28,983 [main] INFO  http.HttpServer2 (HttpServer2.java:addGlobalFilter(975)) - Added global filter 'safety' (class=org.apache.hadoop.http.HttpServer2$QuotingInputFilter)
2019-10-01 23:48:28,984 [main] INFO  http.HttpServer2 (HttpServer2.java:addFilter(948)) - Added filter static_user_filter (class=org.apache.hadoop.http.lib.StaticUserWebFilter$StaticUserFilter) to context hddsDatanode
2019-10-01 23:48:28,984 [main] INFO  http.HttpServer2 (HttpServer2.java:addFilter(958)) - Added filter static_user_filter (class=org.apache.hadoop.http.lib.StaticUserWebFilter$StaticUserFilter) to context logs
2019-10-01 23:48:28,984 [main] INFO  http.HttpServer2 (HttpServer2.java:addFilter(958)) - Added filter static_user_filter (class=org.apache.hadoop.http.lib.StaticUserWebFilter$StaticUserFilter) to context static
2019-10-01 23:48:28,985 [main] INFO  http.HttpServer2 (HttpServer2.java:bindListener(1191)) - Jetty bound to port 36182
2019-10-01 23:48:28,985 [main] INFO  server.Server (Server.java:doStart(351)) - jetty-9.3.25.v20180904, build timestamp: 2018-09-04T21:11:46Z, git hash: 3ce520221d0240229c862b122d2b06c12a625732
2019-10-01 23:48:28,987 [main] INFO  handler.ContextHandler (ContextHandler.java:doStart(781)) - Started o.e.j.s.ServletContextHandler@6af90849{/logs,file:///workdir/hadoop-ozone/integration-test/target/log,AVAILABLE}
2019-10-01 23:48:28,987 [main] INFO  handler.ContextHandler (ContextHandler.java:doStart(781)) - Started o.e.j.s.ServletContextHandler@4fa4f485{/static,jar:file:/home/user/.m2/repository/org/apache/hadoop/hadoop-hdds-container-service/0.5.0-SNAPSHOT/hadoop-hdds-container-service-0.5.0-SNAPSHOT.jar!/webapps/static,AVAILABLE}
2019-10-01 23:48:29,024 [main] INFO  handler.ContextHandler (ContextHandler.java:doStart(781)) - Started o.e.j.w.WebAppContext@66a5755{/,file:///tmp/jetty-0.0.0.0-36182-hddsDatanode-_-any-7412023225787804055.dir/webapp/,AVAILABLE}{/hddsDatanode}
2019-10-01 23:48:29,025 [main] INFO  server.AbstractConnector (AbstractConnector.java:doStart(278)) - Started ServerConnector@771a7d53{HTTP/1.1,[http/1.1]}{0.0.0.0:36182}
2019-10-01 23:48:29,027 [main] INFO  server.Server (Server.java:doStart(419)) - Started @48480ms
2019-10-01 23:48:29,027 [main] WARN  impl.MetricsSystemImpl (MetricsSystemImpl.java:register(276)) - Sink prometheus already exists!
2019-10-01 23:48:29,028 [main] INFO  server.BaseHttpServer (BaseHttpServer.java:updateConnectorAddress(215)) - HTTP server of HDDSDATANODE is listening at http://0.0.0.0:36182
2019-10-01 23:48:29,029 [main] INFO  impl.MetricsSystemImpl (MetricsSystemImpl.java:init(158)) - HddsDatanode metrics system started (again)
2019-10-01 23:48:29,034 [org.apache.hadoop.util.JvmPauseMonitor$Monitor@f9d9b8e] INFO  util.JvmPauseMonitor (JvmPauseMonitor.java:run(188)) - Starting JVM pause monitor
2019-10-01 23:48:29,034 [main] INFO  ozone.HddsDatanodeService (HddsDatanodeService.java:start(184)) - HddsDatanodeService host:pr-hdds-2201-rename-25sj9-3976918760 ip:192.168.30.63
2019-10-01 23:48:29,036 [Datanode State Machine Thread - 0] INFO  datanode.InitDatanodeState (InitDatanodeState.java:persistContainerDatanodeDetails(140)) - DatanodeDetails is persisted to /workdir/hadoop-ozone/integration-test/target/test-dir/MiniOzoneClusterImpl-86593db2-05eb-48a7-b50a-ea57df30e816/datanode-3/meta/datanode.id
2019-10-01 23:48:29,041 [main] INFO  volume.HddsVolume (HddsVolume.java:<init>(176)) - Creating Volume: /workdir/hadoop-ozone/integration-test/target/test-dir/MiniOzoneClusterImpl-86593db2-05eb-48a7-b50a-ea57df30e816/datanode-4/data/containers/hdds of  storage type : DISK and capacity : 1482555576320
2019-10-01 23:48:29,041 [main] INFO  volume.VolumeSet (VolumeSet.java:initializeVolumeSet(170)) - Added Volume : /workdir/hadoop-ozone/integration-test/target/test-dir/MiniOzoneClusterImpl-86593db2-05eb-48a7-b50a-ea57df30e816/datanode-4/data/containers/hdds to VolumeSet
2019-10-01 23:48:29,042 [main] INFO  volume.ThrottledAsyncChecker (ThrottledAsyncChecker.java:schedule(139)) - Scheduling a check for org.apache.hadoop.ozone.container.common.volume.HddsVolume@6274670b
2019-10-01 23:48:29,042 [main] INFO  volume.HddsVolumeChecker (HddsVolumeChecker.java:checkAllVolumes(202)) - Scheduled health check for volume org.apache.hadoop.ozone.container.common.volume.HddsVolume@6274670b
2019-10-01 23:48:29,061 [main] INFO  impl.RaftServerProxy (ConfUtils.java:logGet(43)) - raft.rpc.type = GRPC (default)
2019-10-01 23:48:29,061 [main] INFO  grpc.GrpcFactory (GrpcFactory.java:checkPooledByteBufAllocatorUseCacheForAllThreads(45)) - PERFORMANCE WARNING: useCacheForAllThreads is true that may cause Netty to create a lot garbage objects and, as a result, trigger GC.
	It is recommended to disable useCacheForAllThreads by setting -Dorg.apache.ratis.thirdparty.io.netty.allocator.useCacheForAllThreads=false in command line.
2019-10-01 23:48:29,062 [main] INFO  grpc.GrpcConfigKeys$Server (ConfUtils.java:logGet(43)) - raft.grpc.server.port = 0 (default)
2019-10-01 23:48:29,062 [main] INFO  server.GrpcService (ConfUtils.java:logGet(43)) - raft.grpc.message.size.max = 33570816 (custom)
2019-10-01 23:48:29,062 [main] INFO  server.RaftServerConfigKeys (ConfUtils.java:logGet(43)) - raft.server.log.appender.buffer.byte-limit = 33554432 (custom)
2019-10-01 23:48:29,062 [main] INFO  server.GrpcService (ConfUtils.java:logGet(43)) - raft.grpc.flow.control.window = 1MB (=1048576) (default)
2019-10-01 23:48:29,062 [main] INFO  server.RaftServerConfigKeys (ConfUtils.java:logGet(43)) - raft.server.rpc.request.timeout = 3000ms (default)
2019-10-01 23:48:29,063 [main] INFO  server.RaftServerConfigKeys (ConfUtils.java:logGet(43)) - raft.server.storage.dir = [/workdir/hadoop-ozone/integration-test/target/test-dir/MiniOzoneClusterImpl-86593db2-05eb-48a7-b50a-ea57df30e816/datanode-4/data/ratis] (custom)
2019-10-01 23:48:29,064 [main] INFO  hdfs.DFSUtil (DFSUtil.java:httpServerTemplateForNNAndJN(1641)) - Starting Web-server for hddsDatanode at: http://0.0.0.0:0
2019-10-01 23:48:29,066 [main] INFO  server.AuthenticationFilter (AuthenticationFilter.java:constructSecretProvider(240)) - Unable to initialize FileSignerSecretProvider, falling back to use random secrets.
2019-10-01 23:48:29,066 [main] WARN  http.HttpRequestLog (HttpRequestLog.java:getRequestLog(97)) - Jetty request log can only be enabled using Log4j
2019-10-01 23:48:29,068 [main] INFO  http.HttpServer2 (HttpServer2.java:addGlobalFilter(975)) - Added global filter 'safety' (class=org.apache.hadoop.http.HttpServer2$QuotingInputFilter)
2019-10-01 23:48:29,068 [main] INFO  http.HttpServer2 (HttpServer2.java:addFilter(948)) - Added filter static_user_filter (class=org.apache.hadoop.http.lib.StaticUserWebFilter$StaticUserFilter) to context hddsDatanode
2019-10-01 23:48:29,068 [main] INFO  http.HttpServer2 (HttpServer2.java:addFilter(958)) - Added filter static_user_filter (class=org.apache.hadoop.http.lib.StaticUserWebFilter$StaticUserFilter) to context logs
2019-10-01 23:48:29,069 [main] INFO  http.HttpServer2 (HttpServer2.java:addFilter(958)) - Added filter static_user_filter (class=org.apache.hadoop.http.lib.StaticUserWebFilter$StaticUserFilter) to context static
2019-10-01 23:48:29,069 [main] INFO  http.HttpServer2 (HttpServer2.java:bindListener(1191)) - Jetty bound to port 43284
2019-10-01 23:48:29,069 [main] INFO  server.Server (Server.java:doStart(351)) - jetty-9.3.25.v20180904, build timestamp: 2018-09-04T21:11:46Z, git hash: 3ce520221d0240229c862b122d2b06c12a625732
2019-10-01 23:48:29,071 [main] INFO  handler.ContextHandler (ContextHandler.java:doStart(781)) - Started o.e.j.s.ServletContextHandler@5649d11a{/logs,file:///workdir/hadoop-ozone/integration-test/target/log,AVAILABLE}
2019-10-01 23:48:29,072 [main] INFO  handler.ContextHandler (ContextHandler.java:doStart(781)) - Started o.e.j.s.ServletContextHandler@27443560{/static,jar:file:/home/user/.m2/repository/org/apache/hadoop/hadoop-hdds-container-service/0.5.0-SNAPSHOT/hadoop-hdds-container-service-0.5.0-SNAPSHOT.jar!/webapps/static,AVAILABLE}
2019-10-01 23:48:29,099 [main] INFO  handler.ContextHandler (ContextHandler.java:doStart(781)) - Started o.e.j.w.WebAppContext@2abbd0d9{/,file:///tmp/jetty-0.0.0.0-43284-hddsDatanode-_-any-4369807248974121986.dir/webapp/,AVAILABLE}{/hddsDatanode}
2019-10-01 23:48:29,099 [main] INFO  server.AbstractConnector (AbstractConnector.java:doStart(278)) - Started ServerConnector@b61edb9{HTTP/1.1,[http/1.1]}{0.0.0.0:43284}
2019-10-01 23:48:29,101 [main] INFO  server.Server (Server.java:doStart(419)) - Started @48554ms
2019-10-01 23:48:29,101 [main] WARN  impl.MetricsSystemImpl (MetricsSystemImpl.java:register(276)) - Sink prometheus already exists!
2019-10-01 23:48:29,102 [main] INFO  server.BaseHttpServer (BaseHttpServer.java:updateConnectorAddress(215)) - HTTP server of HDDSDATANODE is listening at http://0.0.0.0:43284
2019-10-01 23:48:29,102 [main] INFO  impl.MetricsSystemImpl (MetricsSystemImpl.java:init(158)) - HddsDatanode metrics system started (again)
2019-10-01 23:48:29,107 [org.apache.hadoop.util.JvmPauseMonitor$Monitor@7f59f7de] INFO  util.JvmPauseMonitor (JvmPauseMonitor.java:run(188)) - Starting JVM pause monitor
2019-10-01 23:48:29,107 [main] INFO  ozone.HddsDatanodeService (HddsDatanodeService.java:start(184)) - HddsDatanodeService host:pr-hdds-2201-rename-25sj9-3976918760 ip:192.168.30.63
2019-10-01 23:48:29,109 [Datanode State Machine Thread - 0] INFO  datanode.InitDatanodeState (InitDatanodeState.java:persistContainerDatanodeDetails(140)) - DatanodeDetails is persisted to /workdir/hadoop-ozone/integration-test/target/test-dir/MiniOzoneClusterImpl-86593db2-05eb-48a7-b50a-ea57df30e816/datanode-4/meta/datanode.id
2019-10-01 23:48:29,113 [main] INFO  volume.HddsVolume (HddsVolume.java:<init>(176)) - Creating Volume: /workdir/hadoop-ozone/integration-test/target/test-dir/MiniOzoneClusterImpl-86593db2-05eb-48a7-b50a-ea57df30e816/datanode-5/data/containers/hdds of  storage type : DISK and capacity : 1482555576320
2019-10-01 23:48:29,113 [main] INFO  volume.VolumeSet (VolumeSet.java:initializeVolumeSet(170)) - Added Volume : /workdir/hadoop-ozone/integration-test/target/test-dir/MiniOzoneClusterImpl-86593db2-05eb-48a7-b50a-ea57df30e816/datanode-5/data/containers/hdds to VolumeSet
2019-10-01 23:48:29,113 [main] INFO  volume.ThrottledAsyncChecker (ThrottledAsyncChecker.java:schedule(139)) - Scheduling a check for org.apache.hadoop.ozone.container.common.volume.HddsVolume@889a8a8
2019-10-01 23:48:29,114 [main] INFO  volume.HddsVolumeChecker (HddsVolumeChecker.java:checkAllVolumes(202)) - Scheduled health check for volume org.apache.hadoop.ozone.container.common.volume.HddsVolume@889a8a8
2019-10-01 23:48:29,128 [main] INFO  impl.RaftServerProxy (ConfUtils.java:logGet(43)) - raft.rpc.type = GRPC (default)
2019-10-01 23:48:29,128 [main] INFO  grpc.GrpcFactory (GrpcFactory.java:checkPooledByteBufAllocatorUseCacheForAllThreads(45)) - PERFORMANCE WARNING: useCacheForAllThreads is true that may cause Netty to create a lot garbage objects and, as a result, trigger GC.
	It is recommended to disable useCacheForAllThreads by setting -Dorg.apache.ratis.thirdparty.io.netty.allocator.useCacheForAllThreads=false in command line.
2019-10-01 23:48:29,128 [main] INFO  grpc.GrpcConfigKeys$Server (ConfUtils.java:logGet(43)) - raft.grpc.server.port = 0 (default)
2019-10-01 23:48:29,128 [main] INFO  server.GrpcService (ConfUtils.java:logGet(43)) - raft.grpc.message.size.max = 33570816 (custom)
2019-10-01 23:48:29,129 [main] INFO  server.RaftServerConfigKeys (ConfUtils.java:logGet(43)) - raft.server.log.appender.buffer.byte-limit = 33554432 (custom)
2019-10-01 23:48:29,129 [main] INFO  server.GrpcService (ConfUtils.java:logGet(43)) - raft.grpc.flow.control.window = 1MB (=1048576) (default)
2019-10-01 23:48:29,129 [main] INFO  server.RaftServerConfigKeys (ConfUtils.java:logGet(43)) - raft.server.rpc.request.timeout = 3000ms (default)
2019-10-01 23:48:29,129 [main] INFO  server.RaftServerConfigKeys (ConfUtils.java:logGet(43)) - raft.server.storage.dir = [/workdir/hadoop-ozone/integration-test/target/test-dir/MiniOzoneClusterImpl-86593db2-05eb-48a7-b50a-ea57df30e816/datanode-5/data/ratis] (custom)
2019-10-01 23:48:29,131 [main] INFO  hdfs.DFSUtil (DFSUtil.java:httpServerTemplateForNNAndJN(1641)) - Starting Web-server for hddsDatanode at: http://0.0.0.0:0
2019-10-01 23:48:29,132 [main] INFO  server.AuthenticationFilter (AuthenticationFilter.java:constructSecretProvider(240)) - Unable to initialize FileSignerSecretProvider, falling back to use random secrets.
2019-10-01 23:48:29,132 [main] WARN  http.HttpRequestLog (HttpRequestLog.java:getRequestLog(97)) - Jetty request log can only be enabled using Log4j
2019-10-01 23:48:29,133 [main] INFO  http.HttpServer2 (HttpServer2.java:addGlobalFilter(975)) - Added global filter 'safety' (class=org.apache.hadoop.http.HttpServer2$QuotingInputFilter)
2019-10-01 23:48:29,134 [main] INFO  http.HttpServer2 (HttpServer2.java:addFilter(948)) - Added filter static_user_filter (class=org.apache.hadoop.http.lib.StaticUserWebFilter$StaticUserFilter) to context hddsDatanode
2019-10-01 23:48:29,134 [main] INFO  http.HttpServer2 (HttpServer2.java:addFilter(958)) - Added filter static_user_filter (class=org.apache.hadoop.http.lib.StaticUserWebFilter$StaticUserFilter) to context static
2019-10-01 23:48:29,134 [main] INFO  http.HttpServer2 (HttpServer2.java:addFilter(958)) - Added filter static_user_filter (class=org.apache.hadoop.http.lib.StaticUserWebFilter$StaticUserFilter) to context logs
2019-10-01 23:48:29,135 [main] INFO  http.HttpServer2 (HttpServer2.java:bindListener(1191)) - Jetty bound to port 44460
2019-10-01 23:48:29,135 [main] INFO  server.Server (Server.java:doStart(351)) - jetty-9.3.25.v20180904, build timestamp: 2018-09-04T21:11:46Z, git hash: 3ce520221d0240229c862b122d2b06c12a625732
2019-10-01 23:48:29,137 [main] INFO  handler.ContextHandler (ContextHandler.java:doStart(781)) - Started o.e.j.s.ServletContextHandler@7f9e8421{/logs,file:///workdir/hadoop-ozone/integration-test/target/log,AVAILABLE}
2019-10-01 23:48:29,137 [main] INFO  handler.ContextHandler (ContextHandler.java:doStart(781)) - Started o.e.j.s.ServletContextHandler@168b4cb0{/static,jar:file:/home/user/.m2/repository/org/apache/hadoop/hadoop-hdds-container-service/0.5.0-SNAPSHOT/hadoop-hdds-container-service-0.5.0-SNAPSHOT.jar!/webapps/static,AVAILABLE}
2019-10-01 23:48:29,164 [main] INFO  handler.ContextHandler (ContextHandler.java:doStart(781)) - Started o.e.j.w.WebAppContext@640cc04b{/,file:///tmp/jetty-0.0.0.0-44460-hddsDatanode-_-any-2418107773274271127.dir/webapp/,AVAILABLE}{/hddsDatanode}
2019-10-01 23:48:29,166 [main] INFO  server.AbstractConnector (AbstractConnector.java:doStart(278)) - Started ServerConnector@630bf683{HTTP/1.1,[http/1.1]}{0.0.0.0:44460}
2019-10-01 23:48:29,166 [main] INFO  server.Server (Server.java:doStart(419)) - Started @48620ms
2019-10-01 23:48:29,167 [main] WARN  impl.MetricsSystemImpl (MetricsSystemImpl.java:register(276)) - Sink prometheus already exists!
2019-10-01 23:48:29,167 [main] INFO  server.BaseHttpServer (BaseHttpServer.java:updateConnectorAddress(215)) - HTTP server of HDDSDATANODE is listening at http://0.0.0.0:44460
2019-10-01 23:48:29,168 [main] INFO  impl.MetricsSystemImpl (MetricsSystemImpl.java:init(158)) - HddsDatanode metrics system started (again)
2019-10-01 23:48:29,172 [org.apache.hadoop.util.JvmPauseMonitor$Monitor@5e69cbea] INFO  util.JvmPauseMonitor (JvmPauseMonitor.java:run(188)) - Starting JVM pause monitor
2019-10-01 23:48:29,173 [main] INFO  ozone.HddsDatanodeService (HddsDatanodeService.java:start(184)) - HddsDatanodeService host:pr-hdds-2201-rename-25sj9-3976918760 ip:192.168.30.63
2019-10-01 23:48:29,174 [Datanode State Machine Thread - 0] INFO  datanode.InitDatanodeState (InitDatanodeState.java:persistContainerDatanodeDetails(140)) - DatanodeDetails is persisted to /workdir/hadoop-ozone/integration-test/target/test-dir/MiniOzoneClusterImpl-86593db2-05eb-48a7-b50a-ea57df30e816/datanode-5/meta/datanode.id
2019-10-01 23:48:29,178 [main] INFO  volume.HddsVolume (HddsVolume.java:<init>(176)) - Creating Volume: /workdir/hadoop-ozone/integration-test/target/test-dir/MiniOzoneClusterImpl-86593db2-05eb-48a7-b50a-ea57df30e816/datanode-6/data/containers/hdds of  storage type : DISK and capacity : 1482555576320
2019-10-01 23:48:29,178 [main] INFO  volume.VolumeSet (VolumeSet.java:initializeVolumeSet(170)) - Added Volume : /workdir/hadoop-ozone/integration-test/target/test-dir/MiniOzoneClusterImpl-86593db2-05eb-48a7-b50a-ea57df30e816/datanode-6/data/containers/hdds to VolumeSet
2019-10-01 23:48:29,179 [main] INFO  volume.ThrottledAsyncChecker (ThrottledAsyncChecker.java:schedule(139)) - Scheduling a check for org.apache.hadoop.ozone.container.common.volume.HddsVolume@10b687f2
2019-10-01 23:48:29,179 [main] INFO  volume.HddsVolumeChecker (HddsVolumeChecker.java:checkAllVolumes(202)) - Scheduled health check for volume org.apache.hadoop.ozone.container.common.volume.HddsVolume@10b687f2
2019-10-01 23:48:29,192 [main] INFO  impl.RaftServerProxy (ConfUtils.java:logGet(43)) - raft.rpc.type = GRPC (default)
2019-10-01 23:48:29,192 [main] INFO  grpc.GrpcFactory (GrpcFactory.java:checkPooledByteBufAllocatorUseCacheForAllThreads(45)) - PERFORMANCE WARNING: useCacheForAllThreads is true that may cause Netty to create a lot garbage objects and, as a result, trigger GC.
	It is recommended to disable useCacheForAllThreads by setting -Dorg.apache.ratis.thirdparty.io.netty.allocator.useCacheForAllThreads=false in command line.
2019-10-01 23:48:29,192 [main] INFO  grpc.GrpcConfigKeys$Server (ConfUtils.java:logGet(43)) - raft.grpc.server.port = 0 (default)
2019-10-01 23:48:29,192 [main] INFO  server.GrpcService (ConfUtils.java:logGet(43)) - raft.grpc.message.size.max = 33570816 (custom)
2019-10-01 23:48:29,193 [main] INFO  server.RaftServerConfigKeys (ConfUtils.java:logGet(43)) - raft.server.log.appender.buffer.byte-limit = 33554432 (custom)
2019-10-01 23:48:29,193 [main] INFO  server.GrpcService (ConfUtils.java:logGet(43)) - raft.grpc.flow.control.window = 1MB (=1048576) (default)
2019-10-01 23:48:29,193 [main] INFO  server.RaftServerConfigKeys (ConfUtils.java:logGet(43)) - raft.server.rpc.request.timeout = 3000ms (default)
2019-10-01 23:48:29,193 [main] INFO  server.RaftServerConfigKeys (ConfUtils.java:logGet(43)) - raft.server.storage.dir = [/workdir/hadoop-ozone/integration-test/target/test-dir/MiniOzoneClusterImpl-86593db2-05eb-48a7-b50a-ea57df30e816/datanode-6/data/ratis] (custom)
2019-10-01 23:48:29,195 [main] INFO  hdfs.DFSUtil (DFSUtil.java:httpServerTemplateForNNAndJN(1641)) - Starting Web-server for hddsDatanode at: http://0.0.0.0:0
2019-10-01 23:48:29,196 [main] INFO  server.AuthenticationFilter (AuthenticationFilter.java:constructSecretProvider(240)) - Unable to initialize FileSignerSecretProvider, falling back to use random secrets.
2019-10-01 23:48:29,196 [main] WARN  http.HttpRequestLog (HttpRequestLog.java:getRequestLog(97)) - Jetty request log can only be enabled using Log4j
2019-10-01 23:48:29,198 [main] INFO  http.HttpServer2 (HttpServer2.java:addGlobalFilter(975)) - Added global filter 'safety' (class=org.apache.hadoop.http.HttpServer2$QuotingInputFilter)
2019-10-01 23:48:29,198 [main] INFO  http.HttpServer2 (HttpServer2.java:addFilter(948)) - Added filter static_user_filter (class=org.apache.hadoop.http.lib.StaticUserWebFilter$StaticUserFilter) to context hddsDatanode
2019-10-01 23:48:29,198 [main] INFO  http.HttpServer2 (HttpServer2.java:addFilter(958)) - Added filter static_user_filter (class=org.apache.hadoop.http.lib.StaticUserWebFilter$StaticUserFilter) to context static
2019-10-01 23:48:29,198 [main] INFO  http.HttpServer2 (HttpServer2.java:addFilter(958)) - Added filter static_user_filter (class=org.apache.hadoop.http.lib.StaticUserWebFilter$StaticUserFilter) to context logs
2019-10-01 23:48:29,199 [main] INFO  http.HttpServer2 (HttpServer2.java:bindListener(1191)) - Jetty bound to port 40011
2019-10-01 23:48:29,199 [main] INFO  server.Server (Server.java:doStart(351)) - jetty-9.3.25.v20180904, build timestamp: 2018-09-04T21:11:46Z, git hash: 3ce520221d0240229c862b122d2b06c12a625732
2019-10-01 23:48:29,201 [main] INFO  handler.ContextHandler (ContextHandler.java:doStart(781)) - Started o.e.j.s.ServletContextHandler@78ec89a6{/logs,file:///workdir/hadoop-ozone/integration-test/target/log,AVAILABLE}
2019-10-01 23:48:29,201 [main] INFO  handler.ContextHandler (ContextHandler.java:doStart(781)) - Started o.e.j.s.ServletContextHandler@7237f3c1{/static,jar:file:/home/user/.m2/repository/org/apache/hadoop/hadoop-hdds-container-service/0.5.0-SNAPSHOT/hadoop-hdds-container-service-0.5.0-SNAPSHOT.jar!/webapps/static,AVAILABLE}
2019-10-01 23:48:29,231 [main] INFO  handler.ContextHandler (ContextHandler.java:doStart(781)) - Started o.e.j.w.WebAppContext@388623ad{/,file:///tmp/jetty-0.0.0.0-40011-hddsDatanode-_-any-3405760321296709348.dir/webapp/,AVAILABLE}{/hddsDatanode}
2019-10-01 23:48:29,233 [main] INFO  server.AbstractConnector (AbstractConnector.java:doStart(278)) - Started ServerConnector@91f565d{HTTP/1.1,[http/1.1]}{0.0.0.0:40011}
2019-10-01 23:48:29,233 [main] INFO  server.Server (Server.java:doStart(419)) - Started @48686ms
2019-10-01 23:48:29,233 [main] WARN  impl.MetricsSystemImpl (MetricsSystemImpl.java:register(276)) - Sink prometheus already exists!
2019-10-01 23:48:29,234 [main] INFO  server.BaseHttpServer (BaseHttpServer.java:updateConnectorAddress(215)) - HTTP server of HDDSDATANODE is listening at http://0.0.0.0:40011
2019-10-01 23:48:29,235 [main] INFO  ozone.MiniOzoneClusterImpl (MiniOzoneClusterImpl.java:lambda$waitForClusterToBeReady$0(147)) - Waiting for cluster to be ready. Got 0 of 7 DN Heartbeats.
2019-10-01 23:48:29,237 [org.apache.hadoop.util.JvmPauseMonitor$Monitor@713d14ee] INFO  util.JvmPauseMonitor (JvmPauseMonitor.java:run(188)) - Starting JVM pause monitor
2019-10-01 23:48:29,238 [Datanode State Machine Thread - 0] INFO  datanode.InitDatanodeState (InitDatanodeState.java:persistContainerDatanodeDetails(140)) - DatanodeDetails is persisted to /workdir/hadoop-ozone/integration-test/target/test-dir/MiniOzoneClusterImpl-86593db2-05eb-48a7-b50a-ea57df30e816/datanode-6/meta/datanode.id
2019-10-01 23:48:30,237 [main] INFO  ozone.MiniOzoneClusterImpl (MiniOzoneClusterImpl.java:lambda$waitForClusterToBeReady$0(147)) - Waiting for cluster to be ready. Got 0 of 7 DN Heartbeats.
2019-10-01 23:48:30,844 [Datanode State Machine Thread - 0] INFO  ozoneimpl.OzoneContainer (OzoneContainer.java:start(217)) - Attempting to start container services.
2019-10-01 23:48:30,847 [Datanode State Machine Thread - 0] INFO  ozoneimpl.OzoneContainer (OzoneContainer.java:startContainerScrub(179)) - Background container scanner has been disabled.
2019-10-01 23:48:30,847 [Datanode State Machine Thread - 0] INFO  ratis.XceiverServerRatis (XceiverServerRatis.java:start(417)) - Starting XceiverServerRatis 2de5c074-cadd-4caa-88d0-9a54a941c1e1 at port 0
2019-10-01 23:48:30,851 [Datanode State Machine Thread - 0] INFO  impl.RaftServerProxy (RaftServerProxy.java:lambda$start$3(299)) - 2de5c074-cadd-4caa-88d0-9a54a941c1e1: start RPC server
2019-10-01 23:48:30,853 [Datanode State Machine Thread - 0] INFO  server.GrpcService (GrpcService.java:startImpl(158)) - 2de5c074-cadd-4caa-88d0-9a54a941c1e1: GrpcService started, listening on 0.0.0.0/0.0.0.0:42904
2019-10-01 23:48:30,853 [Datanode State Machine Thread - 0] INFO  ratis.XceiverServerRatis (XceiverServerRatis.java:start(427)) - XceiverServerRatis 2de5c074-cadd-4caa-88d0-9a54a941c1e1 is started using port 42904
2019-10-01 23:48:30,854 [Datanode State Machine Thread - 0] INFO  server.XceiverServerGrpc (XceiverServerGrpc.java:start(149)) - XceiverServerGrpc 2de5c074-cadd-4caa-88d0-9a54a941c1e1 is started using port 44026
2019-10-01 23:48:30,915 [Datanode State Machine Thread - 0] INFO  ozoneimpl.OzoneContainer (OzoneContainer.java:start(217)) - Attempting to start container services.
2019-10-01 23:48:30,918 [Datanode State Machine Thread - 0] INFO  ozoneimpl.OzoneContainer (OzoneContainer.java:startContainerScrub(179)) - Background container scanner has been disabled.
2019-10-01 23:48:30,918 [Datanode State Machine Thread - 0] INFO  ratis.XceiverServerRatis (XceiverServerRatis.java:start(417)) - Starting XceiverServerRatis 16c8bbc3-fbe5-4279-adc2-6fe0065c977b at port 0
2019-10-01 23:48:30,922 [Datanode State Machine Thread - 0] INFO  impl.RaftServerProxy (RaftServerProxy.java:lambda$start$3(299)) - 16c8bbc3-fbe5-4279-adc2-6fe0065c977b: start RPC server
2019-10-01 23:48:30,923 [Datanode State Machine Thread - 0] INFO  server.GrpcService (GrpcService.java:startImpl(158)) - 16c8bbc3-fbe5-4279-adc2-6fe0065c977b: GrpcService started, listening on 0.0.0.0/0.0.0.0:33008
2019-10-01 23:48:30,923 [Datanode State Machine Thread - 0] INFO  ratis.XceiverServerRatis (XceiverServerRatis.java:start(427)) - XceiverServerRatis 16c8bbc3-fbe5-4279-adc2-6fe0065c977b is started using port 33008
2019-10-01 23:48:30,924 [Datanode State Machine Thread - 0] INFO  server.XceiverServerGrpc (XceiverServerGrpc.java:start(149)) - XceiverServerGrpc 16c8bbc3-fbe5-4279-adc2-6fe0065c977b is started using port 40821
2019-10-01 23:48:30,976 [Datanode State Machine Thread - 0] INFO  ozoneimpl.OzoneContainer (OzoneContainer.java:start(217)) - Attempting to start container services.
2019-10-01 23:48:30,982 [Datanode State Machine Thread - 0] INFO  ozoneimpl.OzoneContainer (OzoneContainer.java:startContainerScrub(179)) - Background container scanner has been disabled.
2019-10-01 23:48:30,983 [Datanode State Machine Thread - 0] INFO  ratis.XceiverServerRatis (XceiverServerRatis.java:start(417)) - Starting XceiverServerRatis a1cb0b66-8edc-4726-b86a-46c9b6797c30 at port 0
2019-10-01 23:48:30,986 [Datanode State Machine Thread - 0] INFO  impl.RaftServerProxy (RaftServerProxy.java:lambda$start$3(299)) - a1cb0b66-8edc-4726-b86a-46c9b6797c30: start RPC server
2019-10-01 23:48:30,987 [Datanode State Machine Thread - 0] INFO  server.GrpcService (GrpcService.java:startImpl(158)) - a1cb0b66-8edc-4726-b86a-46c9b6797c30: GrpcService started, listening on 0.0.0.0/0.0.0.0:41303
2019-10-01 23:48:30,987 [Datanode State Machine Thread - 0] INFO  ratis.XceiverServerRatis (XceiverServerRatis.java:start(427)) - XceiverServerRatis a1cb0b66-8edc-4726-b86a-46c9b6797c30 is started using port 41303
2019-10-01 23:48:30,995 [Datanode State Machine Thread - 0] INFO  server.XceiverServerGrpc (XceiverServerGrpc.java:start(149)) - XceiverServerGrpc a1cb0b66-8edc-4726-b86a-46c9b6797c30 is started using port 41975
2019-10-01 23:48:31,059 [Datanode State Machine Thread - 0] INFO  ozoneimpl.OzoneContainer (OzoneContainer.java:start(217)) - Attempting to start container services.
2019-10-01 23:48:31,059 [Datanode State Machine Thread - 0] INFO  ozoneimpl.OzoneContainer (OzoneContainer.java:startContainerScrub(179)) - Background container scanner has been disabled.
2019-10-01 23:48:31,059 [Datanode State Machine Thread - 0] INFO  ratis.XceiverServerRatis (XceiverServerRatis.java:start(417)) - Starting XceiverServerRatis 38ca09f0-e920-4f1a-8211-b6df4124e959 at port 0
2019-10-01 23:48:31,063 [Datanode State Machine Thread - 0] INFO  impl.RaftServerProxy (RaftServerProxy.java:lambda$start$3(299)) - 38ca09f0-e920-4f1a-8211-b6df4124e959: start RPC server
2019-10-01 23:48:31,064 [Datanode State Machine Thread - 0] INFO  server.GrpcService (GrpcService.java:startImpl(158)) - 38ca09f0-e920-4f1a-8211-b6df4124e959: GrpcService started, listening on 0.0.0.0/0.0.0.0:34985
2019-10-01 23:48:31,064 [Datanode State Machine Thread - 0] INFO  ratis.XceiverServerRatis (XceiverServerRatis.java:start(427)) - XceiverServerRatis 38ca09f0-e920-4f1a-8211-b6df4124e959 is started using port 34985
2019-10-01 23:48:31,065 [Datanode State Machine Thread - 0] INFO  server.XceiverServerGrpc (XceiverServerGrpc.java:start(149)) - XceiverServerGrpc 38ca09f0-e920-4f1a-8211-b6df4124e959 is started using port 41519
2019-10-01 23:48:31,139 [Datanode State Machine Thread - 0] INFO  ozoneimpl.OzoneContainer (OzoneContainer.java:start(217)) - Attempting to start container services.
2019-10-01 23:48:31,139 [Datanode State Machine Thread - 0] INFO  ozoneimpl.OzoneContainer (OzoneContainer.java:startContainerScrub(179)) - Background container scanner has been disabled.
2019-10-01 23:48:31,139 [Datanode State Machine Thread - 0] INFO  ratis.XceiverServerRatis (XceiverServerRatis.java:start(417)) - Starting XceiverServerRatis ab266586-6a28-4580-b80c-65bb58481fdf at port 0
2019-10-01 23:48:31,143 [Datanode State Machine Thread - 0] INFO  impl.RaftServerProxy (RaftServerProxy.java:lambda$start$3(299)) - ab266586-6a28-4580-b80c-65bb58481fdf: start RPC server
2019-10-01 23:48:31,144 [Datanode State Machine Thread - 0] INFO  server.GrpcService (GrpcService.java:startImpl(158)) - ab266586-6a28-4580-b80c-65bb58481fdf: GrpcService started, listening on 0.0.0.0/0.0.0.0:33765
2019-10-01 23:48:31,145 [Datanode State Machine Thread - 0] INFO  ratis.XceiverServerRatis (XceiverServerRatis.java:start(427)) - XceiverServerRatis ab266586-6a28-4580-b80c-65bb58481fdf is started using port 33765
2019-10-01 23:48:31,145 [Datanode State Machine Thread - 0] INFO  server.XceiverServerGrpc (XceiverServerGrpc.java:start(149)) - XceiverServerGrpc ab266586-6a28-4580-b80c-65bb58481fdf is started using port 36140
2019-10-01 23:48:31,197 [Datanode State Machine Thread - 0] INFO  ozoneimpl.OzoneContainer (OzoneContainer.java:start(217)) - Attempting to start container services.
2019-10-01 23:48:31,197 [Datanode State Machine Thread - 0] INFO  ozoneimpl.OzoneContainer (OzoneContainer.java:startContainerScrub(179)) - Background container scanner has been disabled.
2019-10-01 23:48:31,197 [Datanode State Machine Thread - 0] INFO  ratis.XceiverServerRatis (XceiverServerRatis.java:start(417)) - Starting XceiverServerRatis 12504079-0622-447a-92a3-9106641c158d at port 0
2019-10-01 23:48:31,203 [Datanode State Machine Thread - 0] INFO  impl.RaftServerProxy (RaftServerProxy.java:lambda$start$3(299)) - 12504079-0622-447a-92a3-9106641c158d: start RPC server
2019-10-01 23:48:31,204 [Datanode State Machine Thread - 0] INFO  server.GrpcService (GrpcService.java:startImpl(158)) - 12504079-0622-447a-92a3-9106641c158d: GrpcService started, listening on 0.0.0.0/0.0.0.0:34692
2019-10-01 23:48:31,204 [Datanode State Machine Thread - 0] INFO  ratis.XceiverServerRatis (XceiverServerRatis.java:start(427)) - XceiverServerRatis 12504079-0622-447a-92a3-9106641c158d is started using port 34692
2019-10-01 23:48:31,204 [Datanode State Machine Thread - 0] INFO  server.XceiverServerGrpc (XceiverServerGrpc.java:start(149)) - XceiverServerGrpc 12504079-0622-447a-92a3-9106641c158d is started using port 41079
2019-10-01 23:48:31,238 [main] INFO  ozone.MiniOzoneClusterImpl (MiniOzoneClusterImpl.java:lambda$waitForClusterToBeReady$0(147)) - Waiting for cluster to be ready. Got 0 of 7 DN Heartbeats.
2019-10-01 23:48:31,277 [Datanode State Machine Thread - 0] INFO  ozoneimpl.OzoneContainer (OzoneContainer.java:start(217)) - Attempting to start container services.
2019-10-01 23:48:31,277 [Datanode State Machine Thread - 0] INFO  ozoneimpl.OzoneContainer (OzoneContainer.java:startContainerScrub(179)) - Background container scanner has been disabled.
2019-10-01 23:48:31,277 [Datanode State Machine Thread - 0] INFO  ratis.XceiverServerRatis (XceiverServerRatis.java:start(417)) - Starting XceiverServerRatis 9bae093a-6162-4cd2-97fa-12be3a47952b at port 0
2019-10-01 23:48:31,281 [Datanode State Machine Thread - 0] INFO  impl.RaftServerProxy (RaftServerProxy.java:lambda$start$3(299)) - 9bae093a-6162-4cd2-97fa-12be3a47952b: start RPC server
2019-10-01 23:48:31,284 [Datanode State Machine Thread - 0] INFO  server.GrpcService (GrpcService.java:startImpl(158)) - 9bae093a-6162-4cd2-97fa-12be3a47952b: GrpcService started, listening on 0.0.0.0/0.0.0.0:44980
2019-10-01 23:48:31,284 [Datanode State Machine Thread - 0] INFO  ratis.XceiverServerRatis (XceiverServerRatis.java:start(427)) - XceiverServerRatis 9bae093a-6162-4cd2-97fa-12be3a47952b is started using port 44980
2019-10-01 23:48:31,285 [Datanode State Machine Thread - 0] INFO  server.XceiverServerGrpc (XceiverServerGrpc.java:start(149)) - XceiverServerGrpc 9bae093a-6162-4cd2-97fa-12be3a47952b is started using port 41020
2019-10-01 23:48:32,239 [main] INFO  ozone.MiniOzoneClusterImpl (MiniOzoneClusterImpl.java:lambda$waitForClusterToBeReady$0(147)) - Waiting for cluster to be ready. Got 0 of 7 DN Heartbeats.
2019-10-01 23:48:32,809 [IPC Server handler 0 on 35532] INFO  net.NetworkTopology (NetworkTopologyImpl.java:add(111)) - Added a new node: /default-rack/2de5c074-cadd-4caa-88d0-9a54a941c1e1
2019-10-01 23:48:32,811 [IPC Server handler 0 on 35532] INFO  node.SCMNodeManager (SCMNodeManager.java:register(266)) - Registered Data node : 2de5c074-cadd-4caa-88d0-9a54a941c1e1{ip: 192.168.30.63, host: pr-hdds-2201-rename-25sj9-3976918760, networkLocation: /default-rack, certSerialId: null}
2019-10-01 23:48:32,812 [EventQueue-NodeRegistrationContainerReportForDataNodeSafeModeRule] INFO  safemode.SCMSafeModeManager (DataNodeSafeModeRule.java:process(71)) - SCM in safe mode. 1 DataNodes registered, 1 required.
2019-10-01 23:48:32,813 [EventQueue-NodeRegistrationContainerReportForDataNodeSafeModeRule] INFO  safemode.SCMSafeModeManager (SCMSafeModeManager.java:validateSafeModeExitRules(177)) - ScmSafeModeManager, all rules are successfully validated
2019-10-01 23:48:32,813 [EventQueue-NodeRegistrationContainerReportForDataNodeSafeModeRule] INFO  safemode.SCMSafeModeManager (SCMSafeModeManager.java:exitSafeMode(193)) - SCM exiting safe mode.
2019-10-01 23:48:32,826 [grpc-default-executor-2] INFO  impl.RaftServerProxy (RaftServerProxy.java:addNew(89)) - 2de5c074-cadd-4caa-88d0-9a54a941c1e1: addNew group-794BB8FCA777:[2de5c074-cadd-4caa-88d0-9a54a941c1e1:192.168.30.63:42904] returns group-794BB8FCA777:java.util.concurrent.CompletableFuture@213d168a[Not completed]
2019-10-01 23:48:32,828 [pool-119-thread-1] INFO  impl.RaftServerImpl (RaftServerImpl.java:<init>(95)) - 2de5c074-cadd-4caa-88d0-9a54a941c1e1: new RaftServerImpl for group-794BB8FCA777:[2de5c074-cadd-4caa-88d0-9a54a941c1e1:192.168.30.63:42904] with ContainerStateMachine:uninitialized
2019-10-01 23:48:32,828 [pool-119-thread-1] INFO  server.RaftServerConfigKeys (ConfUtils.java:logGet(43)) - raft.server.rpc.timeout.min = 5s (custom)
2019-10-01 23:48:32,828 [pool-119-thread-1] INFO  server.RaftServerConfigKeys (ConfUtils.java:logGet(43)) - raft.server.rpc.timeout.max = 5200ms (custom)
2019-10-01 23:48:32,828 [pool-119-thread-1] INFO  server.RaftServerConfigKeys (ConfUtils.java:logGet(43)) - raft.server.rpcslowness.timeout = 120s (custom)
2019-10-01 23:48:32,829 [pool-119-thread-1] INFO  server.RaftServerConfigKeys (ConfUtils.java:logGet(43)) - raft.server.sleep.deviation.threshold = 300 (default)
2019-10-01 23:48:32,829 [pool-119-thread-1] INFO  server.RaftServerConfigKeys (ConfUtils.java:logGet(43)) - raft.server.log.appender.install.snapshot.enabled = false (custom)
2019-10-01 23:48:32,829 [pool-119-thread-1] INFO  impl.RaftServerImpl (ServerState.java:<init>(103)) - 2de5c074-cadd-4caa-88d0-9a54a941c1e1@group-794BB8FCA777: ConfigurationManager, init=-1: [2de5c074-cadd-4caa-88d0-9a54a941c1e1:192.168.30.63:42904], old=null, confs=<EMPTY_MAP>
2019-10-01 23:48:32,829 [pool-119-thread-1] INFO  server.RaftServerConfigKeys (ConfUtils.java:logGet(43)) - raft.server.storage.dir = [/workdir/hadoop-ozone/integration-test/target/test-dir/MiniOzoneClusterImpl-86593db2-05eb-48a7-b50a-ea57df30e816/datanode-0/data/ratis] (custom)
2019-10-01 23:48:32,829 [pool-119-thread-1] INFO  server.RaftServerConfigKeys (ConfUtils.java:logGet(43)) - raft.server.log.corruption.policy = EXCEPTION (default)
2019-10-01 23:48:32,829 [pool-119-thread-1] INFO  storage.RaftStorageDirectory (RaftStorageDirectory.java:analyzeStorage(246)) - The storage directory /workdir/hadoop-ozone/integration-test/target/test-dir/MiniOzoneClusterImpl-86593db2-05eb-48a7-b50a-ea57df30e816/datanode-0/data/ratis/fb599853-2633-460d-b8bf-794bb8fca777 does not exist. Creating ...
2019-10-01 23:48:32,853 [pool-119-thread-1] INFO  storage.RaftStorageDirectory (RaftStorageDirectory.java:tryLock(328)) - Lock on /workdir/hadoop-ozone/integration-test/target/test-dir/MiniOzoneClusterImpl-86593db2-05eb-48a7-b50a-ea57df30e816/datanode-0/data/ratis/fb599853-2633-460d-b8bf-794bb8fca777/in_use.lock acquired by nodename 28534@pr-hdds-2201-rename-25sj9-3976918760
2019-10-01 23:48:32,876 [pool-119-thread-1] INFO  storage.RaftStorage (RaftStorage.java:format(84)) - Storage directory /workdir/hadoop-ozone/integration-test/target/test-dir/MiniOzoneClusterImpl-86593db2-05eb-48a7-b50a-ea57df30e816/datanode-0/data/ratis/fb599853-2633-460d-b8bf-794bb8fca777 has been successfully formatted.
2019-10-01 23:48:32,877 [pool-119-thread-1] INFO  ratis.ContainerStateMachine (ContainerStateMachine.java:loadSnapshot(230)) - group-794BB8FCA777: The snapshot info is null. Setting the last applied indexto:(t:0, i:~)
2019-10-01 23:48:32,877 [pool-119-thread-1] INFO  server.RaftServerConfigKeys (ConfUtils.java:logGet(43)) - raft.server.notification.no-leader.timeout = 120s (custom)
2019-10-01 23:48:32,877 [pool-119-thread-1] INFO  server.RaftServerConfigKeys (ConfUtils.java:logGet(43)) - raft.server.log.use.memory = false (default)
2019-10-01 23:48:32,877 [pool-119-thread-1] INFO  server.RaftServerConfigKeys (ConfUtils.java:logGet(43)) - raft.server.log.purge.gap = 1000000 (custom)
2019-10-01 23:48:32,877 [pool-119-thread-1] INFO  server.RaftServerConfigKeys (ConfUtils.java:logGet(43)) - raft.server.log.appender.buffer.byte-limit = 33554432 (custom)
2019-10-01 23:48:32,877 [pool-119-thread-1] INFO  server.RaftServerConfigKeys (ConfUtils.java:logGet(43)) - raft.server.log.segment.size.max = 1048576 (custom)
2019-10-01 23:48:32,880 [pool-119-thread-1] INFO  server.RaftServerConfigKeys (ConfUtils.java:logGet(43)) - raft.server.log.segment.cache.num.max = 2 (custom)
2019-10-01 23:48:32,880 [pool-119-thread-1] INFO  segmented.SegmentedRaftLogWorker (SegmentedRaftLogWorker.java:<init>(173)) - new 2de5c074-cadd-4caa-88d0-9a54a941c1e1@group-794BB8FCA777-SegmentedRaftLogWorker for RaftStorage:Storage Directory /workdir/hadoop-ozone/integration-test/target/test-dir/MiniOzoneClusterImpl-86593db2-05eb-48a7-b50a-ea57df30e816/datanode-0/data/ratis/fb599853-2633-460d-b8bf-794bb8fca777
2019-10-01 23:48:32,880 [pool-119-thread-1] INFO  server.RaftServerConfigKeys (ConfUtils.java:logGet(43)) - raft.server.log.queue.byte-limit = 2147483647 (custom)
2019-10-01 23:48:32,880 [pool-119-thread-1] INFO  server.RaftServerConfigKeys (ConfUtils.java:logGet(43)) - raft.server.log.queue.element-limit = 1024 (custom)
2019-10-01 23:48:32,881 [pool-119-thread-1] INFO  server.RaftServerConfigKeys (ConfUtils.java:logGet(43)) - raft.server.log.segment.size.max = 1048576 (custom)
2019-10-01 23:48:32,881 [pool-119-thread-1] INFO  server.RaftServerConfigKeys (ConfUtils.java:logGet(43)) - raft.server.log.preallocated.size = 16384 (custom)
2019-10-01 23:48:32,881 [pool-119-thread-1] INFO  server.RaftServerConfigKeys (ConfUtils.java:logGet(43)) - raft.server.log.write.buffer.size = 33554432 (custom)
2019-10-01 23:48:32,881 [pool-119-thread-1] INFO  server.RaftServerConfigKeys (ConfUtils.java:logGet(43)) - raft.server.log.force.sync.num = 128 (default)
2019-10-01 23:48:32,881 [pool-119-thread-1] INFO  server.RaftServerConfigKeys (ConfUtils.java:logGet(43)) - raft.server.log.statemachine.data.sync = true (default)
2019-10-01 23:48:32,881 [pool-119-thread-1] INFO  server.RaftServerConfigKeys (ConfUtils.java:logGet(43)) - raft.server.log.statemachine.data.sync.timeout = 10s (default)
2019-10-01 23:48:32,881 [pool-119-thread-1] INFO  server.RaftServerConfigKeys (ConfUtils.java:logGet(43)) - raft.server.log.statemachine.data.sync.timeout.retry = -1 (default)
2019-10-01 23:48:32,882 [pool-119-thread-1] INFO  server.RaftServerConfigKeys (ConfUtils.java:logGet(43)) - raft.server.log.statemachine.data.caching.enabled = true (custom)
2019-10-01 23:48:32,882 [pool-119-thread-1] INFO  segmented.SegmentedRaftLogWorker (SegmentedRaftLogWorker.java:lambda$new$0(128)) - 2de5c074-cadd-4caa-88d0-9a54a941c1e1@group-794BB8FCA777-SegmentedRaftLogWorker: flushIndex: setUnconditionally 0 -> -1
2019-10-01 23:48:32,883 [pool-119-thread-1] INFO  server.RaftServerConfigKeys (ConfUtils.java:logGet(43)) - raft.server.snapshot.auto.trigger.enabled = true (custom)
2019-10-01 23:48:32,883 [pool-119-thread-1] INFO  server.RaftServerConfigKeys (ConfUtils.java:logGet(43)) - raft.server.snapshot.auto.trigger.threshold = 10000 (custom)
2019-10-01 23:48:32,883 [pool-119-thread-1] INFO  server.RaftServerConfigKeys (ConfUtils.java:logGet(43)) - raft.server.snapshot.retention.file.num = 5 (custom)
2019-10-01 23:48:32,883 [pool-119-thread-1] INFO  server.RaftServerConfigKeys (ConfUtils.java:logGet(43)) - raft.server.retrycache.expirytime = 600000ms (custom)
2019-10-01 23:48:32,886 [pool-119-thread-1] INFO  impl.RaftServerImpl (RaftServerImpl.java:start(181)) - 2de5c074-cadd-4caa-88d0-9a54a941c1e1@group-794BB8FCA777: start as a follower, conf=-1: [2de5c074-cadd-4caa-88d0-9a54a941c1e1:192.168.30.63:42904], old=null
2019-10-01 23:48:32,886 [pool-119-thread-1] INFO  impl.RaftServerImpl (RaftServerImpl.java:setRole(170)) - 2de5c074-cadd-4caa-88d0-9a54a941c1e1@group-794BB8FCA777: changes role from      null to FOLLOWER at term 0 for startAsFollower
2019-10-01 23:48:32,886 [pool-119-thread-1] INFO  impl.RoleInfo (RoleInfo.java:updateAndGet(143)) - 2de5c074-cadd-4caa-88d0-9a54a941c1e1: start FollowerState
2019-10-01 23:48:32,887 [pool-119-thread-1] INFO  util.JmxRegister (JmxRegister.java:tryRegister(44)) - Successfully registered JMX Bean with object name Ratis:service=RaftServer,group=group-794BB8FCA777,id=2de5c074-cadd-4caa-88d0-9a54a941c1e1
2019-10-01 23:48:32,891 [IPC Server handler 1 on 35532] INFO  net.NetworkTopology (NetworkTopologyImpl.java:add(111)) - Added a new node: /default-rack/16c8bbc3-fbe5-4279-adc2-6fe0065c977b
2019-10-01 23:48:32,891 [IPC Server handler 1 on 35532] INFO  node.SCMNodeManager (SCMNodeManager.java:register(266)) - Registered Data node : 16c8bbc3-fbe5-4279-adc2-6fe0065c977b{ip: 192.168.30.63, host: pr-hdds-2201-rename-25sj9-3976918760, networkLocation: /default-rack, certSerialId: null}
2019-10-01 23:48:32,892 [RatisPipelineUtilsThread] INFO  pipeline.PipelineStateManager (PipelineStateManager.java:addPipeline(56)) - Created pipeline Pipeline[ Id: fb599853-2633-460d-b8bf-794bb8fca777, Nodes: 2de5c074-cadd-4caa-88d0-9a54a941c1e1{ip: 192.168.30.63, host: pr-hdds-2201-rename-25sj9-3976918760, networkLocation: /default-rack, certSerialId: null}, Type:RATIS, Factor:ONE, State:OPEN]
2019-10-01 23:48:32,902 [grpc-default-executor-2] INFO  impl.RaftServerProxy (RaftServerProxy.java:addNew(89)) - 16c8bbc3-fbe5-4279-adc2-6fe0065c977b: addNew group-E0A991211492:[16c8bbc3-fbe5-4279-adc2-6fe0065c977b:192.168.30.63:33008] returns group-E0A991211492:java.util.concurrent.CompletableFuture@383546e7[Not completed]
2019-10-01 23:48:32,903 [pool-129-thread-1] INFO  impl.RaftServerImpl (RaftServerImpl.java:<init>(95)) - 16c8bbc3-fbe5-4279-adc2-6fe0065c977b: new RaftServerImpl for group-E0A991211492:[16c8bbc3-fbe5-4279-adc2-6fe0065c977b:192.168.30.63:33008] with ContainerStateMachine:uninitialized
2019-10-01 23:48:32,903 [pool-129-thread-1] INFO  server.RaftServerConfigKeys (ConfUtils.java:logGet(43)) - raft.server.rpc.timeout.min = 5s (custom)
2019-10-01 23:48:32,903 [pool-129-thread-1] INFO  server.RaftServerConfigKeys (ConfUtils.java:logGet(43)) - raft.server.rpc.timeout.max = 5200ms (custom)
2019-10-01 23:48:32,904 [pool-129-thread-1] INFO  server.RaftServerConfigKeys (ConfUtils.java:logGet(43)) - raft.server.rpcslowness.timeout = 120s (custom)
2019-10-01 23:48:32,904 [pool-129-thread-1] INFO  server.RaftServerConfigKeys (ConfUtils.java:logGet(43)) - raft.server.sleep.deviation.threshold = 300 (default)
2019-10-01 23:48:32,904 [pool-129-thread-1] INFO  server.RaftServerConfigKeys (ConfUtils.java:logGet(43)) - raft.server.log.appender.install.snapshot.enabled = false (custom)
2019-10-01 23:48:32,904 [pool-129-thread-1] INFO  impl.RaftServerImpl (ServerState.java:<init>(103)) - 16c8bbc3-fbe5-4279-adc2-6fe0065c977b@group-E0A991211492: ConfigurationManager, init=-1: [16c8bbc3-fbe5-4279-adc2-6fe0065c977b:192.168.30.63:33008], old=null, confs=<EMPTY_MAP>
2019-10-01 23:48:32,904 [pool-129-thread-1] INFO  server.RaftServerConfigKeys (ConfUtils.java:logGet(43)) - raft.server.storage.dir = [/workdir/hadoop-ozone/integration-test/target/test-dir/MiniOzoneClusterImpl-86593db2-05eb-48a7-b50a-ea57df30e816/datanode-1/data/ratis] (custom)
2019-10-01 23:48:32,904 [pool-129-thread-1] INFO  server.RaftServerConfigKeys (ConfUtils.java:logGet(43)) - raft.server.log.corruption.policy = EXCEPTION (default)
2019-10-01 23:48:32,904 [pool-129-thread-1] INFO  storage.RaftStorageDirectory (RaftStorageDirectory.java:analyzeStorage(246)) - The storage directory /workdir/hadoop-ozone/integration-test/target/test-dir/MiniOzoneClusterImpl-86593db2-05eb-48a7-b50a-ea57df30e816/datanode-1/data/ratis/45488019-4c0d-4e5c-804c-e0a991211492 does not exist. Creating ...
2019-10-01 23:48:32,928 [pool-129-thread-1] INFO  storage.RaftStorageDirectory (RaftStorageDirectory.java:tryLock(328)) - Lock on /workdir/hadoop-ozone/integration-test/target/test-dir/MiniOzoneClusterImpl-86593db2-05eb-48a7-b50a-ea57df30e816/datanode-1/data/ratis/45488019-4c0d-4e5c-804c-e0a991211492/in_use.lock acquired by nodename 28534@pr-hdds-2201-rename-25sj9-3976918760
2019-10-01 23:48:32,950 [pool-129-thread-1] INFO  storage.RaftStorage (RaftStorage.java:format(84)) - Storage directory /workdir/hadoop-ozone/integration-test/target/test-dir/MiniOzoneClusterImpl-86593db2-05eb-48a7-b50a-ea57df30e816/datanode-1/data/ratis/45488019-4c0d-4e5c-804c-e0a991211492 has been successfully formatted.
2019-10-01 23:48:32,951 [pool-129-thread-1] INFO  ratis.ContainerStateMachine (ContainerStateMachine.java:loadSnapshot(230)) - group-E0A991211492: The snapshot info is null. Setting the last applied indexto:(t:0, i:~)
2019-10-01 23:48:32,951 [pool-129-thread-1] INFO  server.RaftServerConfigKeys (ConfUtils.java:logGet(43)) - raft.server.notification.no-leader.timeout = 120s (custom)
2019-10-01 23:48:32,951 [pool-129-thread-1] INFO  server.RaftServerConfigKeys (ConfUtils.java:logGet(43)) - raft.server.log.use.memory = false (default)
2019-10-01 23:48:32,951 [pool-129-thread-1] INFO  server.RaftServerConfigKeys (ConfUtils.java:logGet(43)) - raft.server.log.purge.gap = 1000000 (custom)
2019-10-01 23:48:32,951 [pool-129-thread-1] INFO  server.RaftServerConfigKeys (ConfUtils.java:logGet(43)) - raft.server.log.appender.buffer.byte-limit = 33554432 (custom)
2019-10-01 23:48:32,952 [pool-129-thread-1] INFO  server.RaftServerConfigKeys (ConfUtils.java:logGet(43)) - raft.server.log.segment.size.max = 1048576 (custom)
2019-10-01 23:48:32,952 [IPC Server handler 2 on 35532] INFO  net.NetworkTopology (NetworkTopologyImpl.java:add(111)) - Added a new node: /default-rack/a1cb0b66-8edc-4726-b86a-46c9b6797c30
2019-10-01 23:48:32,952 [IPC Server handler 2 on 35532] INFO  node.SCMNodeManager (SCMNodeManager.java:register(266)) - Registered Data node : a1cb0b66-8edc-4726-b86a-46c9b6797c30{ip: 192.168.30.63, host: pr-hdds-2201-rename-25sj9-3976918760, networkLocation: /default-rack, certSerialId: null}
2019-10-01 23:48:32,954 [pool-129-thread-1] INFO  server.RaftServerConfigKeys (ConfUtils.java:logGet(43)) - raft.server.log.segment.cache.num.max = 2 (custom)
2019-10-01 23:48:32,954 [pool-129-thread-1] INFO  segmented.SegmentedRaftLogWorker (SegmentedRaftLogWorker.java:<init>(173)) - new 16c8bbc3-fbe5-4279-adc2-6fe0065c977b@group-E0A991211492-SegmentedRaftLogWorker for RaftStorage:Storage Directory /workdir/hadoop-ozone/integration-test/target/test-dir/MiniOzoneClusterImpl-86593db2-05eb-48a7-b50a-ea57df30e816/datanode-1/data/ratis/45488019-4c0d-4e5c-804c-e0a991211492
2019-10-01 23:48:32,954 [pool-129-thread-1] INFO  server.RaftServerConfigKeys (ConfUtils.java:logGet(43)) - raft.server.log.queue.byte-limit = 2147483647 (custom)
2019-10-01 23:48:32,955 [pool-129-thread-1] INFO  server.RaftServerConfigKeys (ConfUtils.java:logGet(43)) - raft.server.log.queue.element-limit = 1024 (custom)
2019-10-01 23:48:32,955 [pool-129-thread-1] INFO  server.RaftServerConfigKeys (ConfUtils.java:logGet(43)) - raft.server.log.segment.size.max = 1048576 (custom)
2019-10-01 23:48:32,955 [pool-129-thread-1] INFO  server.RaftServerConfigKeys (ConfUtils.java:logGet(43)) - raft.server.log.preallocated.size = 16384 (custom)
2019-10-01 23:48:32,955 [pool-129-thread-1] INFO  server.RaftServerConfigKeys (ConfUtils.java:logGet(43)) - raft.server.log.write.buffer.size = 33554432 (custom)
2019-10-01 23:48:32,955 [pool-129-thread-1] INFO  server.RaftServerConfigKeys (ConfUtils.java:logGet(43)) - raft.server.log.force.sync.num = 128 (default)
2019-10-01 23:48:32,955 [pool-129-thread-1] INFO  server.RaftServerConfigKeys (ConfUtils.java:logGet(43)) - raft.server.log.statemachine.data.sync = true (default)
2019-10-01 23:48:32,955 [pool-129-thread-1] INFO  server.RaftServerConfigKeys (ConfUtils.java:logGet(43)) - raft.server.log.statemachine.data.sync.timeout = 10s (default)
2019-10-01 23:48:32,956 [pool-129-thread-1] INFO  server.RaftServerConfigKeys (ConfUtils.java:logGet(43)) - raft.server.log.statemachine.data.sync.timeout.retry = -1 (default)
2019-10-01 23:48:32,956 [pool-129-thread-1] INFO  server.RaftServerConfigKeys (ConfUtils.java:logGet(43)) - raft.server.log.statemachine.data.caching.enabled = true (custom)
2019-10-01 23:48:32,957 [pool-129-thread-1] INFO  segmented.SegmentedRaftLogWorker (SegmentedRaftLogWorker.java:lambda$new$0(128)) - 16c8bbc3-fbe5-4279-adc2-6fe0065c977b@group-E0A991211492-SegmentedRaftLogWorker: flushIndex: setUnconditionally 0 -> -1
2019-10-01 23:48:32,957 [pool-129-thread-1] INFO  server.RaftServerConfigKeys (ConfUtils.java:logGet(43)) - raft.server.snapshot.auto.trigger.enabled = true (custom)
2019-10-01 23:48:32,957 [pool-129-thread-1] INFO  server.RaftServerConfigKeys (ConfUtils.java:logGet(43)) - raft.server.snapshot.auto.trigger.threshold = 10000 (custom)
2019-10-01 23:48:32,957 [pool-129-thread-1] INFO  server.RaftServerConfigKeys (ConfUtils.java:logGet(43)) - raft.server.snapshot.retention.file.num = 5 (custom)
2019-10-01 23:48:32,957 [pool-129-thread-1] INFO  server.RaftServerConfigKeys (ConfUtils.java:logGet(43)) - raft.server.retrycache.expirytime = 600000ms (custom)
2019-10-01 23:48:32,960 [pool-129-thread-1] INFO  impl.RaftServerImpl (RaftServerImpl.java:start(181)) - 16c8bbc3-fbe5-4279-adc2-6fe0065c977b@group-E0A991211492: start as a follower, conf=-1: [16c8bbc3-fbe5-4279-adc2-6fe0065c977b:192.168.30.63:33008], old=null
2019-10-01 23:48:32,960 [pool-129-thread-1] INFO  impl.RaftServerImpl (RaftServerImpl.java:setRole(170)) - 16c8bbc3-fbe5-4279-adc2-6fe0065c977b@group-E0A991211492: changes role from      null to FOLLOWER at term 0 for startAsFollower
2019-10-01 23:48:32,960 [pool-129-thread-1] INFO  impl.RoleInfo (RoleInfo.java:updateAndGet(143)) - 16c8bbc3-fbe5-4279-adc2-6fe0065c977b: start FollowerState
2019-10-01 23:48:32,961 [pool-129-thread-1] INFO  util.JmxRegister (JmxRegister.java:tryRegister(44)) - Successfully registered JMX Bean with object name Ratis:service=RaftServer,group=group-E0A991211492,id=16c8bbc3-fbe5-4279-adc2-6fe0065c977b
2019-10-01 23:48:32,966 [RatisPipelineUtilsThread] INFO  pipeline.PipelineStateManager (PipelineStateManager.java:addPipeline(56)) - Created pipeline Pipeline[ Id: 45488019-4c0d-4e5c-804c-e0a991211492, Nodes: 16c8bbc3-fbe5-4279-adc2-6fe0065c977b{ip: 192.168.30.63, host: pr-hdds-2201-rename-25sj9-3976918760, networkLocation: /default-rack, certSerialId: null}, Type:RATIS, Factor:ONE, State:OPEN]
2019-10-01 23:48:32,975 [grpc-default-executor-2] INFO  impl.RaftServerProxy (RaftServerProxy.java:addNew(89)) - a1cb0b66-8edc-4726-b86a-46c9b6797c30: addNew group-24115C18EB8E:[a1cb0b66-8edc-4726-b86a-46c9b6797c30:192.168.30.63:41303] returns group-24115C18EB8E:java.util.concurrent.CompletableFuture@44390995[Not completed]
2019-10-01 23:48:32,979 [pool-139-thread-1] INFO  impl.RaftServerImpl (RaftServerImpl.java:<init>(95)) - a1cb0b66-8edc-4726-b86a-46c9b6797c30: new RaftServerImpl for group-24115C18EB8E:[a1cb0b66-8edc-4726-b86a-46c9b6797c30:192.168.30.63:41303] with ContainerStateMachine:uninitialized
2019-10-01 23:48:32,979 [pool-139-thread-1] INFO  server.RaftServerConfigKeys (ConfUtils.java:logGet(43)) - raft.server.rpc.timeout.min = 5s (custom)
2019-10-01 23:48:32,980 [pool-139-thread-1] INFO  server.RaftServerConfigKeys (ConfUtils.java:logGet(43)) - raft.server.rpc.timeout.max = 5200ms (custom)
2019-10-01 23:48:32,980 [pool-139-thread-1] INFO  server.RaftServerConfigKeys (ConfUtils.java:logGet(43)) - raft.server.rpcslowness.timeout = 120s (custom)
2019-10-01 23:48:32,980 [pool-139-thread-1] INFO  server.RaftServerConfigKeys (ConfUtils.java:logGet(43)) - raft.server.sleep.deviation.threshold = 300 (default)
2019-10-01 23:48:32,980 [pool-139-thread-1] INFO  server.RaftServerConfigKeys (ConfUtils.java:logGet(43)) - raft.server.log.appender.install.snapshot.enabled = false (custom)
2019-10-01 23:48:32,980 [pool-139-thread-1] INFO  impl.RaftServerImpl (ServerState.java:<init>(103)) - a1cb0b66-8edc-4726-b86a-46c9b6797c30@group-24115C18EB8E: ConfigurationManager, init=-1: [a1cb0b66-8edc-4726-b86a-46c9b6797c30:192.168.30.63:41303], old=null, confs=<EMPTY_MAP>
2019-10-01 23:48:32,980 [pool-139-thread-1] INFO  server.RaftServerConfigKeys (ConfUtils.java:logGet(43)) - raft.server.storage.dir = [/workdir/hadoop-ozone/integration-test/target/test-dir/MiniOzoneClusterImpl-86593db2-05eb-48a7-b50a-ea57df30e816/datanode-2/data/ratis] (custom)
2019-10-01 23:48:32,981 [pool-139-thread-1] INFO  server.RaftServerConfigKeys (ConfUtils.java:logGet(43)) - raft.server.log.corruption.policy = EXCEPTION (default)
2019-10-01 23:48:32,981 [pool-139-thread-1] INFO  storage.RaftStorageDirectory (RaftStorageDirectory.java:analyzeStorage(246)) - The storage directory /workdir/hadoop-ozone/integration-test/target/test-dir/MiniOzoneClusterImpl-86593db2-05eb-48a7-b50a-ea57df30e816/datanode-2/data/ratis/3566867e-c654-49fc-b44b-24115c18eb8e does not exist. Creating ...
2019-10-01 23:48:33,004 [pool-139-thread-1] INFO  storage.RaftStorageDirectory (RaftStorageDirectory.java:tryLock(328)) - Lock on /workdir/hadoop-ozone/integration-test/target/test-dir/MiniOzoneClusterImpl-86593db2-05eb-48a7-b50a-ea57df30e816/datanode-2/data/ratis/3566867e-c654-49fc-b44b-24115c18eb8e/in_use.lock acquired by nodename 28534@pr-hdds-2201-rename-25sj9-3976918760
2019-10-01 23:48:33,028 [pool-139-thread-1] INFO  storage.RaftStorage (RaftStorage.java:format(84)) - Storage directory /workdir/hadoop-ozone/integration-test/target/test-dir/MiniOzoneClusterImpl-86593db2-05eb-48a7-b50a-ea57df30e816/datanode-2/data/ratis/3566867e-c654-49fc-b44b-24115c18eb8e has been successfully formatted.
2019-10-01 23:48:33,028 [pool-139-thread-1] INFO  ratis.ContainerStateMachine (ContainerStateMachine.java:loadSnapshot(230)) - group-24115C18EB8E: The snapshot info is null. Setting the last applied indexto:(t:0, i:~)
2019-10-01 23:48:33,028 [pool-139-thread-1] INFO  server.RaftServerConfigKeys (ConfUtils.java:logGet(43)) - raft.server.notification.no-leader.timeout = 120s (custom)
2019-10-01 23:48:33,028 [pool-139-thread-1] INFO  server.RaftServerConfigKeys (ConfUtils.java:logGet(43)) - raft.server.log.use.memory = false (default)
2019-10-01 23:48:33,028 [pool-139-thread-1] INFO  server.RaftServerConfigKeys (ConfUtils.java:logGet(43)) - raft.server.log.purge.gap = 1000000 (custom)
2019-10-01 23:48:33,029 [pool-139-thread-1] INFO  server.RaftServerConfigKeys (ConfUtils.java:logGet(43)) - raft.server.log.appender.buffer.byte-limit = 33554432 (custom)
2019-10-01 23:48:33,029 [pool-139-thread-1] INFO  server.RaftServerConfigKeys (ConfUtils.java:logGet(43)) - raft.server.log.segment.size.max = 1048576 (custom)
2019-10-01 23:48:33,030 [pool-139-thread-1] INFO  server.RaftServerConfigKeys (ConfUtils.java:logGet(43)) - raft.server.log.segment.cache.num.max = 2 (custom)
2019-10-01 23:48:33,030 [pool-139-thread-1] INFO  segmented.SegmentedRaftLogWorker (SegmentedRaftLogWorker.java:<init>(173)) - new a1cb0b66-8edc-4726-b86a-46c9b6797c30@group-24115C18EB8E-SegmentedRaftLogWorker for RaftStorage:Storage Directory /workdir/hadoop-ozone/integration-test/target/test-dir/MiniOzoneClusterImpl-86593db2-05eb-48a7-b50a-ea57df30e816/datanode-2/data/ratis/3566867e-c654-49fc-b44b-24115c18eb8e
2019-10-01 23:48:33,031 [pool-139-thread-1] INFO  server.RaftServerConfigKeys (ConfUtils.java:logGet(43)) - raft.server.log.queue.byte-limit = 2147483647 (custom)
2019-10-01 23:48:33,031 [pool-139-thread-1] INFO  server.RaftServerConfigKeys (ConfUtils.java:logGet(43)) - raft.server.log.queue.element-limit = 1024 (custom)
2019-10-01 23:48:33,031 [pool-139-thread-1] INFO  server.RaftServerConfigKeys (ConfUtils.java:logGet(43)) - raft.server.log.segment.size.max = 1048576 (custom)
2019-10-01 23:48:33,031 [pool-139-thread-1] INFO  server.RaftServerConfigKeys (ConfUtils.java:logGet(43)) - raft.server.log.preallocated.size = 16384 (custom)
2019-10-01 23:48:33,031 [pool-139-thread-1] INFO  server.RaftServerConfigKeys (ConfUtils.java:logGet(43)) - raft.server.log.write.buffer.size = 33554432 (custom)
2019-10-01 23:48:33,031 [pool-139-thread-1] INFO  server.RaftServerConfigKeys (ConfUtils.java:logGet(43)) - raft.server.log.force.sync.num = 128 (default)
2019-10-01 23:48:33,031 [pool-139-thread-1] INFO  server.RaftServerConfigKeys (ConfUtils.java:logGet(43)) - raft.server.log.statemachine.data.sync = true (default)
2019-10-01 23:48:33,031 [pool-139-thread-1] INFO  server.RaftServerConfigKeys (ConfUtils.java:logGet(43)) - raft.server.log.statemachine.data.sync.timeout = 10s (default)
2019-10-01 23:48:33,031 [pool-139-thread-1] INFO  server.RaftServerConfigKeys (ConfUtils.java:logGet(43)) - raft.server.log.statemachine.data.sync.timeout.retry = -1 (default)
2019-10-01 23:48:33,032 [pool-139-thread-1] INFO  server.RaftServerConfigKeys (ConfUtils.java:logGet(43)) - raft.server.log.statemachine.data.caching.enabled = true (custom)
2019-10-01 23:48:33,032 [pool-139-thread-1] INFO  segmented.SegmentedRaftLogWorker (SegmentedRaftLogWorker.java:lambda$new$0(128)) - a1cb0b66-8edc-4726-b86a-46c9b6797c30@group-24115C18EB8E-SegmentedRaftLogWorker: flushIndex: setUnconditionally 0 -> -1
2019-10-01 23:48:33,032 [pool-139-thread-1] INFO  server.RaftServerConfigKeys (ConfUtils.java:logGet(43)) - raft.server.snapshot.auto.trigger.enabled = true (custom)
2019-10-01 23:48:33,032 [pool-139-thread-1] INFO  server.RaftServerConfigKeys (ConfUtils.java:logGet(43)) - raft.server.snapshot.auto.trigger.threshold = 10000 (custom)
2019-10-01 23:48:33,033 [pool-139-thread-1] INFO  server.RaftServerConfigKeys (ConfUtils.java:logGet(43)) - raft.server.snapshot.retention.file.num = 5 (custom)
2019-10-01 23:48:33,033 [pool-139-thread-1] INFO  server.RaftServerConfigKeys (ConfUtils.java:logGet(43)) - raft.server.retrycache.expirytime = 600000ms (custom)
2019-10-01 23:48:33,034 [pool-139-thread-1] INFO  impl.RaftServerImpl (RaftServerImpl.java:start(181)) - a1cb0b66-8edc-4726-b86a-46c9b6797c30@group-24115C18EB8E: start as a follower, conf=-1: [a1cb0b66-8edc-4726-b86a-46c9b6797c30:192.168.30.63:41303], old=null
2019-10-01 23:48:33,034 [pool-139-thread-1] INFO  impl.RaftServerImpl (RaftServerImpl.java:setRole(170)) - a1cb0b66-8edc-4726-b86a-46c9b6797c30@group-24115C18EB8E: changes role from      null to FOLLOWER at term 0 for startAsFollower
2019-10-01 23:48:33,034 [pool-139-thread-1] INFO  impl.RoleInfo (RoleInfo.java:updateAndGet(143)) - a1cb0b66-8edc-4726-b86a-46c9b6797c30: start FollowerState
2019-10-01 23:48:33,035 [pool-139-thread-1] INFO  util.JmxRegister (JmxRegister.java:tryRegister(44)) - Successfully registered JMX Bean with object name Ratis:service=RaftServer,group=group-24115C18EB8E,id=a1cb0b66-8edc-4726-b86a-46c9b6797c30
2019-10-01 23:48:33,035 [IPC Server handler 3 on 35532] INFO  net.NetworkTopology (NetworkTopologyImpl.java:add(111)) - Added a new node: /default-rack/38ca09f0-e920-4f1a-8211-b6df4124e959
2019-10-01 23:48:33,036 [IPC Server handler 3 on 35532] INFO  node.SCMNodeManager (SCMNodeManager.java:register(266)) - Registered Data node : 38ca09f0-e920-4f1a-8211-b6df4124e959{ip: 192.168.30.63, host: pr-hdds-2201-rename-25sj9-3976918760, networkLocation: /default-rack, certSerialId: null}
2019-10-01 23:48:33,040 [RatisPipelineUtilsThread] INFO  pipeline.PipelineStateManager (PipelineStateManager.java:addPipeline(56)) - Created pipeline Pipeline[ Id: 3566867e-c654-49fc-b44b-24115c18eb8e, Nodes: a1cb0b66-8edc-4726-b86a-46c9b6797c30{ip: 192.168.30.63, host: pr-hdds-2201-rename-25sj9-3976918760, networkLocation: /default-rack, certSerialId: null}, Type:RATIS, Factor:ONE, State:OPEN]
2019-10-01 23:48:33,059 [grpc-default-executor-2] INFO  impl.RaftServerProxy (RaftServerProxy.java:addNew(89)) - 38ca09f0-e920-4f1a-8211-b6df4124e959: addNew group-618F7D0BABE8:[38ca09f0-e920-4f1a-8211-b6df4124e959:192.168.30.63:34985] returns group-618F7D0BABE8:java.util.concurrent.CompletableFuture@688e1753[Not completed]
2019-10-01 23:48:33,064 [pool-149-thread-1] INFO  impl.RaftServerImpl (RaftServerImpl.java:<init>(95)) - 38ca09f0-e920-4f1a-8211-b6df4124e959: new RaftServerImpl for group-618F7D0BABE8:[38ca09f0-e920-4f1a-8211-b6df4124e959:192.168.30.63:34985] with ContainerStateMachine:uninitialized
2019-10-01 23:48:33,065 [pool-149-thread-1] INFO  server.RaftServerConfigKeys (ConfUtils.java:logGet(43)) - raft.server.rpc.timeout.min = 5s (custom)
2019-10-01 23:48:33,065 [pool-149-thread-1] INFO  server.RaftServerConfigKeys (ConfUtils.java:logGet(43)) - raft.server.rpc.timeout.max = 5200ms (custom)
2019-10-01 23:48:33,065 [pool-149-thread-1] INFO  server.RaftServerConfigKeys (ConfUtils.java:logGet(43)) - raft.server.rpcslowness.timeout = 120s (custom)
2019-10-01 23:48:33,065 [pool-149-thread-1] INFO  server.RaftServerConfigKeys (ConfUtils.java:logGet(43)) - raft.server.sleep.deviation.threshold = 300 (default)
2019-10-01 23:48:33,065 [pool-149-thread-1] INFO  server.RaftServerConfigKeys (ConfUtils.java:logGet(43)) - raft.server.log.appender.install.snapshot.enabled = false (custom)
2019-10-01 23:48:33,065 [pool-149-thread-1] INFO  impl.RaftServerImpl (ServerState.java:<init>(103)) - 38ca09f0-e920-4f1a-8211-b6df4124e959@group-618F7D0BABE8: ConfigurationManager, init=-1: [38ca09f0-e920-4f1a-8211-b6df4124e959:192.168.30.63:34985], old=null, confs=<EMPTY_MAP>
2019-10-01 23:48:33,066 [pool-149-thread-1] INFO  server.RaftServerConfigKeys (ConfUtils.java:logGet(43)) - raft.server.storage.dir = [/workdir/hadoop-ozone/integration-test/target/test-dir/MiniOzoneClusterImpl-86593db2-05eb-48a7-b50a-ea57df30e816/datanode-3/data/ratis] (custom)
2019-10-01 23:48:33,066 [pool-149-thread-1] INFO  server.RaftServerConfigKeys (ConfUtils.java:logGet(43)) - raft.server.log.corruption.policy = EXCEPTION (default)
2019-10-01 23:48:33,066 [pool-149-thread-1] INFO  storage.RaftStorageDirectory (RaftStorageDirectory.java:analyzeStorage(246)) - The storage directory /workdir/hadoop-ozone/integration-test/target/test-dir/MiniOzoneClusterImpl-86593db2-05eb-48a7-b50a-ea57df30e816/datanode-3/data/ratis/f5411548-b37c-4183-a152-618f7d0babe8 does not exist. Creating ...
2019-10-01 23:48:33,089 [pool-149-thread-1] INFO  storage.RaftStorageDirectory (RaftStorageDirectory.java:tryLock(328)) - Lock on /workdir/hadoop-ozone/integration-test/target/test-dir/MiniOzoneClusterImpl-86593db2-05eb-48a7-b50a-ea57df30e816/datanode-3/data/ratis/f5411548-b37c-4183-a152-618f7d0babe8/in_use.lock acquired by nodename 28534@pr-hdds-2201-rename-25sj9-3976918760
2019-10-01 23:48:33,109 [IPC Server handler 5 on 35532] INFO  net.NetworkTopology (NetworkTopologyImpl.java:add(111)) - Added a new node: /default-rack/ab266586-6a28-4580-b80c-65bb58481fdf
2019-10-01 23:48:33,109 [IPC Server handler 5 on 35532] INFO  node.SCMNodeManager (SCMNodeManager.java:register(266)) - Registered Data node : ab266586-6a28-4580-b80c-65bb58481fdf{ip: 192.168.30.63, host: pr-hdds-2201-rename-25sj9-3976918760, networkLocation: /default-rack, certSerialId: null}
2019-10-01 23:48:33,112 [pool-149-thread-1] INFO  storage.RaftStorage (RaftStorage.java:format(84)) - Storage directory /workdir/hadoop-ozone/integration-test/target/test-dir/MiniOzoneClusterImpl-86593db2-05eb-48a7-b50a-ea57df30e816/datanode-3/data/ratis/f5411548-b37c-4183-a152-618f7d0babe8 has been successfully formatted.
2019-10-01 23:48:33,112 [pool-149-thread-1] INFO  ratis.ContainerStateMachine (ContainerStateMachine.java:loadSnapshot(230)) - group-618F7D0BABE8: The snapshot info is null. Setting the last applied indexto:(t:0, i:~)
2019-10-01 23:48:33,112 [pool-149-thread-1] INFO  server.RaftServerConfigKeys (ConfUtils.java:logGet(43)) - raft.server.notification.no-leader.timeout = 120s (custom)
2019-10-01 23:48:33,112 [pool-149-thread-1] INFO  server.RaftServerConfigKeys (ConfUtils.java:logGet(43)) - raft.server.log.use.memory = false (default)
2019-10-01 23:48:33,112 [pool-149-thread-1] INFO  server.RaftServerConfigKeys (ConfUtils.java:logGet(43)) - raft.server.log.purge.gap = 1000000 (custom)
2019-10-01 23:48:33,112 [pool-149-thread-1] INFO  server.RaftServerConfigKeys (ConfUtils.java:logGet(43)) - raft.server.log.appender.buffer.byte-limit = 33554432 (custom)
2019-10-01 23:48:33,113 [pool-149-thread-1] INFO  server.RaftServerConfigKeys (ConfUtils.java:logGet(43)) - raft.server.log.segment.size.max = 1048576 (custom)
2019-10-01 23:48:33,114 [pool-149-thread-1] INFO  server.RaftServerConfigKeys (ConfUtils.java:logGet(43)) - raft.server.log.segment.cache.num.max = 2 (custom)
2019-10-01 23:48:33,114 [pool-149-thread-1] INFO  segmented.SegmentedRaftLogWorker (SegmentedRaftLogWorker.java:<init>(173)) - new 38ca09f0-e920-4f1a-8211-b6df4124e959@group-618F7D0BABE8-SegmentedRaftLogWorker for RaftStorage:Storage Directory /workdir/hadoop-ozone/integration-test/target/test-dir/MiniOzoneClusterImpl-86593db2-05eb-48a7-b50a-ea57df30e816/datanode-3/data/ratis/f5411548-b37c-4183-a152-618f7d0babe8
2019-10-01 23:48:33,114 [pool-149-thread-1] INFO  server.RaftServerConfigKeys (ConfUtils.java:logGet(43)) - raft.server.log.queue.byte-limit = 2147483647 (custom)
2019-10-01 23:48:33,114 [pool-149-thread-1] INFO  server.RaftServerConfigKeys (ConfUtils.java:logGet(43)) - raft.server.log.queue.element-limit = 1024 (custom)
2019-10-01 23:48:33,115 [pool-149-thread-1] INFO  server.RaftServerConfigKeys (ConfUtils.java:logGet(43)) - raft.server.log.segment.size.max = 1048576 (custom)
2019-10-01 23:48:33,115 [pool-149-thread-1] INFO  server.RaftServerConfigKeys (ConfUtils.java:logGet(43)) - raft.server.log.preallocated.size = 16384 (custom)
2019-10-01 23:48:33,115 [pool-149-thread-1] INFO  server.RaftServerConfigKeys (ConfUtils.java:logGet(43)) - raft.server.log.write.buffer.size = 33554432 (custom)
2019-10-01 23:48:33,115 [pool-149-thread-1] INFO  server.RaftServerConfigKeys (ConfUtils.java:logGet(43)) - raft.server.log.force.sync.num = 128 (default)
2019-10-01 23:48:33,115 [pool-149-thread-1] INFO  server.RaftServerConfigKeys (ConfUtils.java:logGet(43)) - raft.server.log.statemachine.data.sync = true (default)
2019-10-01 23:48:33,115 [pool-149-thread-1] INFO  server.RaftServerConfigKeys (ConfUtils.java:logGet(43)) - raft.server.log.statemachine.data.sync.timeout = 10s (default)
2019-10-01 23:48:33,115 [pool-149-thread-1] INFO  server.RaftServerConfigKeys (ConfUtils.java:logGet(43)) - raft.server.log.statemachine.data.sync.timeout.retry = -1 (default)
2019-10-01 23:48:33,116 [pool-149-thread-1] INFO  server.RaftServerConfigKeys (ConfUtils.java:logGet(43)) - raft.server.log.statemachine.data.caching.enabled = true (custom)
2019-10-01 23:48:33,116 [pool-149-thread-1] INFO  segmented.SegmentedRaftLogWorker (SegmentedRaftLogWorker.java:lambda$new$0(128)) - 38ca09f0-e920-4f1a-8211-b6df4124e959@group-618F7D0BABE8-SegmentedRaftLogWorker: flushIndex: setUnconditionally 0 -> -1
2019-10-01 23:48:33,116 [pool-149-thread-1] INFO  server.RaftServerConfigKeys (ConfUtils.java:logGet(43)) - raft.server.snapshot.auto.trigger.enabled = true (custom)
2019-10-01 23:48:33,116 [pool-149-thread-1] INFO  server.RaftServerConfigKeys (ConfUtils.java:logGet(43)) - raft.server.snapshot.auto.trigger.threshold = 10000 (custom)
2019-10-01 23:48:33,116 [pool-149-thread-1] INFO  server.RaftServerConfigKeys (ConfUtils.java:logGet(43)) - raft.server.snapshot.retention.file.num = 5 (custom)
2019-10-01 23:48:33,116 [pool-149-thread-1] INFO  server.RaftServerConfigKeys (ConfUtils.java:logGet(43)) - raft.server.retrycache.expirytime = 600000ms (custom)
2019-10-01 23:48:33,118 [pool-149-thread-1] INFO  impl.RaftServerImpl (RaftServerImpl.java:start(181)) - 38ca09f0-e920-4f1a-8211-b6df4124e959@group-618F7D0BABE8: start as a follower, conf=-1: [38ca09f0-e920-4f1a-8211-b6df4124e959:192.168.30.63:34985], old=null
2019-10-01 23:48:33,118 [pool-149-thread-1] INFO  impl.RaftServerImpl (RaftServerImpl.java:setRole(170)) - 38ca09f0-e920-4f1a-8211-b6df4124e959@group-618F7D0BABE8: changes role from      null to FOLLOWER at term 0 for startAsFollower
2019-10-01 23:48:33,118 [pool-149-thread-1] INFO  impl.RoleInfo (RoleInfo.java:updateAndGet(143)) - 38ca09f0-e920-4f1a-8211-b6df4124e959: start FollowerState
2019-10-01 23:48:33,127 [pool-149-thread-1] INFO  util.JmxRegister (JmxRegister.java:tryRegister(44)) - Successfully registered JMX Bean with object name Ratis:service=RaftServer,group=group-618F7D0BABE8,id=38ca09f0-e920-4f1a-8211-b6df4124e959
2019-10-01 23:48:33,137 [RatisPipelineUtilsThread] INFO  pipeline.PipelineStateManager (PipelineStateManager.java:addPipeline(56)) - Created pipeline Pipeline[ Id: f5411548-b37c-4183-a152-618f7d0babe8, Nodes: 38ca09f0-e920-4f1a-8211-b6df4124e959{ip: 192.168.30.63, host: pr-hdds-2201-rename-25sj9-3976918760, networkLocation: /default-rack, certSerialId: null}, Type:RATIS, Factor:ONE, State:OPEN]
2019-10-01 23:48:33,145 [grpc-default-executor-2] INFO  impl.RaftServerProxy (RaftServerProxy.java:addNew(89)) - ab266586-6a28-4580-b80c-65bb58481fdf: addNew group-1263917EAEE6:[ab266586-6a28-4580-b80c-65bb58481fdf:192.168.30.63:33765] returns group-1263917EAEE6:java.util.concurrent.CompletableFuture@767cdccb[Not completed]
2019-10-01 23:48:33,149 [pool-159-thread-1] INFO  impl.RaftServerImpl (RaftServerImpl.java:<init>(95)) - ab266586-6a28-4580-b80c-65bb58481fdf: new RaftServerImpl for group-1263917EAEE6:[ab266586-6a28-4580-b80c-65bb58481fdf:192.168.30.63:33765] with ContainerStateMachine:uninitialized
2019-10-01 23:48:33,149 [pool-159-thread-1] INFO  server.RaftServerConfigKeys (ConfUtils.java:logGet(43)) - raft.server.rpc.timeout.min = 5s (custom)
2019-10-01 23:48:33,149 [pool-159-thread-1] INFO  server.RaftServerConfigKeys (ConfUtils.java:logGet(43)) - raft.server.rpc.timeout.max = 5200ms (custom)
2019-10-01 23:48:33,149 [pool-159-thread-1] INFO  server.RaftServerConfigKeys (ConfUtils.java:logGet(43)) - raft.server.rpcslowness.timeout = 120s (custom)
2019-10-01 23:48:33,149 [pool-159-thread-1] INFO  server.RaftServerConfigKeys (ConfUtils.java:logGet(43)) - raft.server.sleep.deviation.threshold = 300 (default)
2019-10-01 23:48:33,149 [pool-159-thread-1] INFO  server.RaftServerConfigKeys (ConfUtils.java:logGet(43)) - raft.server.log.appender.install.snapshot.enabled = false (custom)
2019-10-01 23:48:33,149 [pool-159-thread-1] INFO  impl.RaftServerImpl (ServerState.java:<init>(103)) - ab266586-6a28-4580-b80c-65bb58481fdf@group-1263917EAEE6: ConfigurationManager, init=-1: [ab266586-6a28-4580-b80c-65bb58481fdf:192.168.30.63:33765], old=null, confs=<EMPTY_MAP>
2019-10-01 23:48:33,149 [pool-159-thread-1] INFO  server.RaftServerConfigKeys (ConfUtils.java:logGet(43)) - raft.server.storage.dir = [/workdir/hadoop-ozone/integration-test/target/test-dir/MiniOzoneClusterImpl-86593db2-05eb-48a7-b50a-ea57df30e816/datanode-4/data/ratis] (custom)
2019-10-01 23:48:33,150 [pool-159-thread-1] INFO  server.RaftServerConfigKeys (ConfUtils.java:logGet(43)) - raft.server.log.corruption.policy = EXCEPTION (default)
2019-10-01 23:48:33,150 [pool-159-thread-1] INFO  storage.RaftStorageDirectory (RaftStorageDirectory.java:analyzeStorage(246)) - The storage directory /workdir/hadoop-ozone/integration-test/target/test-dir/MiniOzoneClusterImpl-86593db2-05eb-48a7-b50a-ea57df30e816/datanode-4/data/ratis/6701a867-b37a-419d-8a30-1263917eaee6 does not exist. Creating ...
2019-10-01 23:48:33,173 [IPC Server handler 4 on 35532] INFO  net.NetworkTopology (NetworkTopologyImpl.java:add(111)) - Added a new node: /default-rack/12504079-0622-447a-92a3-9106641c158d
2019-10-01 23:48:33,173 [IPC Server handler 4 on 35532] INFO  node.SCMNodeManager (SCMNodeManager.java:register(266)) - Registered Data node : 12504079-0622-447a-92a3-9106641c158d{ip: 192.168.30.63, host: pr-hdds-2201-rename-25sj9-3976918760, networkLocation: /default-rack, certSerialId: null}
2019-10-01 23:48:33,173 [pool-159-thread-1] INFO  storage.RaftStorageDirectory (RaftStorageDirectory.java:tryLock(328)) - Lock on /workdir/hadoop-ozone/integration-test/target/test-dir/MiniOzoneClusterImpl-86593db2-05eb-48a7-b50a-ea57df30e816/datanode-4/data/ratis/6701a867-b37a-419d-8a30-1263917eaee6/in_use.lock acquired by nodename 28534@pr-hdds-2201-rename-25sj9-3976918760
2019-10-01 23:48:33,206 [pool-159-thread-1] INFO  storage.RaftStorage (RaftStorage.java:format(84)) - Storage directory /workdir/hadoop-ozone/integration-test/target/test-dir/MiniOzoneClusterImpl-86593db2-05eb-48a7-b50a-ea57df30e816/datanode-4/data/ratis/6701a867-b37a-419d-8a30-1263917eaee6 has been successfully formatted.
2019-10-01 23:48:33,206 [pool-159-thread-1] INFO  ratis.ContainerStateMachine (ContainerStateMachine.java:loadSnapshot(230)) - group-1263917EAEE6: The snapshot info is null. Setting the last applied indexto:(t:0, i:~)
2019-10-01 23:48:33,206 [pool-159-thread-1] INFO  server.RaftServerConfigKeys (ConfUtils.java:logGet(43)) - raft.server.notification.no-leader.timeout = 120s (custom)
2019-10-01 23:48:33,206 [pool-159-thread-1] INFO  server.RaftServerConfigKeys (ConfUtils.java:logGet(43)) - raft.server.log.use.memory = false (default)
2019-10-01 23:48:33,206 [pool-159-thread-1] INFO  server.RaftServerConfigKeys (ConfUtils.java:logGet(43)) - raft.server.log.purge.gap = 1000000 (custom)
2019-10-01 23:48:33,206 [pool-159-thread-1] INFO  server.RaftServerConfigKeys (ConfUtils.java:logGet(43)) - raft.server.log.appender.buffer.byte-limit = 33554432 (custom)
2019-10-01 23:48:33,206 [pool-159-thread-1] INFO  server.RaftServerConfigKeys (ConfUtils.java:logGet(43)) - raft.server.log.segment.size.max = 1048576 (custom)
2019-10-01 23:48:33,327 [main] INFO  ozone.MiniOzoneClusterImpl (MiniOzoneClusterImpl.java:lambda$waitForClusterToBeReady$0(147)) - Waiting for cluster to be ready. Got 6 of 7 DN Heartbeats.
2019-10-01 23:48:33,335 [pool-159-thread-1] INFO  server.RaftServerConfigKeys (ConfUtils.java:logGet(43)) - raft.server.log.segment.cache.num.max = 2 (custom)
2019-10-01 23:48:33,349 [pool-159-thread-1] INFO  segmented.SegmentedRaftLogWorker (SegmentedRaftLogWorker.java:<init>(173)) - new ab266586-6a28-4580-b80c-65bb58481fdf@group-1263917EAEE6-SegmentedRaftLogWorker for RaftStorage:Storage Directory /workdir/hadoop-ozone/integration-test/target/test-dir/MiniOzoneClusterImpl-86593db2-05eb-48a7-b50a-ea57df30e816/datanode-4/data/ratis/6701a867-b37a-419d-8a30-1263917eaee6
2019-10-01 23:48:33,354 [pool-159-thread-1] INFO  server.RaftServerConfigKeys (ConfUtils.java:logGet(43)) - raft.server.log.queue.byte-limit = 2147483647 (custom)
2019-10-01 23:48:33,367 [pool-159-thread-1] INFO  server.RaftServerConfigKeys (ConfUtils.java:logGet(43)) - raft.server.log.queue.element-limit = 1024 (custom)
2019-10-01 23:48:33,381 [pool-159-thread-1] INFO  server.RaftServerConfigKeys (ConfUtils.java:logGet(43)) - raft.server.log.segment.size.max = 1048576 (custom)
2019-10-01 23:48:33,390 [pool-159-thread-1] INFO  server.RaftServerConfigKeys (ConfUtils.java:logGet(43)) - raft.server.log.preallocated.size = 16384 (custom)
2019-10-01 23:48:33,394 [pool-159-thread-1] INFO  server.RaftServerConfigKeys (ConfUtils.java:logGet(43)) - raft.server.log.write.buffer.size = 33554432 (custom)
2019-10-01 23:48:33,403 [pool-159-thread-1] INFO  server.RaftServerConfigKeys (ConfUtils.java:logGet(43)) - raft.server.log.force.sync.num = 128 (default)
2019-10-01 23:48:33,403 [pool-159-thread-1] INFO  server.RaftServerConfigKeys (ConfUtils.java:logGet(43)) - raft.server.log.statemachine.data.sync = true (default)
2019-10-01 23:48:33,403 [IPC Server handler 7 on 35532] INFO  net.NetworkTopology (NetworkTopologyImpl.java:add(111)) - Added a new node: /default-rack/9bae093a-6162-4cd2-97fa-12be3a47952b
2019-10-01 23:48:33,403 [pool-159-thread-1] INFO  server.RaftServerConfigKeys (ConfUtils.java:logGet(43)) - raft.server.log.statemachine.data.sync.timeout = 10s (default)
2019-10-01 23:48:33,404 [IPC Server handler 7 on 35532] INFO  node.SCMNodeManager (SCMNodeManager.java:register(266)) - Registered Data node : 9bae093a-6162-4cd2-97fa-12be3a47952b{ip: 192.168.30.63, host: pr-hdds-2201-rename-25sj9-3976918760, networkLocation: /default-rack, certSerialId: null}
2019-10-01 23:48:33,404 [pool-159-thread-1] INFO  server.RaftServerConfigKeys (ConfUtils.java:logGet(43)) - raft.server.log.statemachine.data.sync.timeout.retry = -1 (default)
2019-10-01 23:48:33,404 [pool-159-thread-1] INFO  server.RaftServerConfigKeys (ConfUtils.java:logGet(43)) - raft.server.log.statemachine.data.caching.enabled = true (custom)
2019-10-01 23:48:33,405 [pool-159-thread-1] INFO  segmented.SegmentedRaftLogWorker (SegmentedRaftLogWorker.java:lambda$new$0(128)) - ab266586-6a28-4580-b80c-65bb58481fdf@group-1263917EAEE6-SegmentedRaftLogWorker: flushIndex: setUnconditionally 0 -> -1
2019-10-01 23:48:33,405 [pool-159-thread-1] INFO  server.RaftServerConfigKeys (ConfUtils.java:logGet(43)) - raft.server.snapshot.auto.trigger.enabled = true (custom)
2019-10-01 23:48:33,405 [pool-159-thread-1] INFO  server.RaftServerConfigKeys (ConfUtils.java:logGet(43)) - raft.server.snapshot.auto.trigger.threshold = 10000 (custom)
2019-10-01 23:48:33,405 [pool-159-thread-1] INFO  server.RaftServerConfigKeys (ConfUtils.java:logGet(43)) - raft.server.snapshot.retention.file.num = 5 (custom)
2019-10-01 23:48:33,409 [pool-159-thread-1] INFO  server.RaftServerConfigKeys (ConfUtils.java:logGet(43)) - raft.server.retrycache.expirytime = 600000ms (custom)
2019-10-01 23:48:33,410 [pool-159-thread-1] INFO  impl.RaftServerImpl (RaftServerImpl.java:start(181)) - ab266586-6a28-4580-b80c-65bb58481fdf@group-1263917EAEE6: start as a follower, conf=-1: [ab266586-6a28-4580-b80c-65bb58481fdf:192.168.30.63:33765], old=null
2019-10-01 23:48:33,424 [pool-159-thread-1] INFO  impl.RaftServerImpl (RaftServerImpl.java:setRole(170)) - ab266586-6a28-4580-b80c-65bb58481fdf@group-1263917EAEE6: changes role from      null to FOLLOWER at term 0 for startAsFollower
2019-10-01 23:48:33,450 [pool-159-thread-1] INFO  impl.RoleInfo (RoleInfo.java:updateAndGet(143)) - ab266586-6a28-4580-b80c-65bb58481fdf: start FollowerState
2019-10-01 23:48:33,451 [pool-159-thread-1] INFO  util.JmxRegister (JmxRegister.java:tryRegister(44)) - Successfully registered JMX Bean with object name Ratis:service=RaftServer,group=group-1263917EAEE6,id=ab266586-6a28-4580-b80c-65bb58481fdf
2019-10-01 23:48:33,455 [RatisPipelineUtilsThread] INFO  pipeline.PipelineStateManager (PipelineStateManager.java:addPipeline(56)) - Created pipeline Pipeline[ Id: 6701a867-b37a-419d-8a30-1263917eaee6, Nodes: ab266586-6a28-4580-b80c-65bb58481fdf{ip: 192.168.30.63, host: pr-hdds-2201-rename-25sj9-3976918760, networkLocation: /default-rack, certSerialId: null}, Type:RATIS, Factor:ONE, State:OPEN]
2019-10-01 23:48:33,462 [grpc-default-executor-2] INFO  impl.RaftServerProxy (RaftServerProxy.java:addNew(89)) - 12504079-0622-447a-92a3-9106641c158d: addNew group-EB44F1D94B02:[12504079-0622-447a-92a3-9106641c158d:192.168.30.63:34692] returns group-EB44F1D94B02:java.util.concurrent.CompletableFuture@34b3375f[Not completed]
2019-10-01 23:48:33,466 [pool-169-thread-1] INFO  impl.RaftServerImpl (RaftServerImpl.java:<init>(95)) - 12504079-0622-447a-92a3-9106641c158d: new RaftServerImpl for group-EB44F1D94B02:[12504079-0622-447a-92a3-9106641c158d:192.168.30.63:34692] with ContainerStateMachine:uninitialized
2019-10-01 23:48:33,466 [pool-169-thread-1] INFO  server.RaftServerConfigKeys (ConfUtils.java:logGet(43)) - raft.server.rpc.timeout.min = 5s (custom)
2019-10-01 23:48:33,466 [pool-169-thread-1] INFO  server.RaftServerConfigKeys (ConfUtils.java:logGet(43)) - raft.server.rpc.timeout.max = 5200ms (custom)
2019-10-01 23:48:33,467 [pool-169-thread-1] INFO  server.RaftServerConfigKeys (ConfUtils.java:logGet(43)) - raft.server.rpcslowness.timeout = 120s (custom)
2019-10-01 23:48:33,467 [pool-169-thread-1] INFO  server.RaftServerConfigKeys (ConfUtils.java:logGet(43)) - raft.server.sleep.deviation.threshold = 300 (default)
2019-10-01 23:48:33,467 [pool-169-thread-1] INFO  server.RaftServerConfigKeys (ConfUtils.java:logGet(43)) - raft.server.log.appender.install.snapshot.enabled = false (custom)
2019-10-01 23:48:33,467 [pool-169-thread-1] INFO  impl.RaftServerImpl (ServerState.java:<init>(103)) - 12504079-0622-447a-92a3-9106641c158d@group-EB44F1D94B02: ConfigurationManager, init=-1: [12504079-0622-447a-92a3-9106641c158d:192.168.30.63:34692], old=null, confs=<EMPTY_MAP>
2019-10-01 23:48:33,467 [pool-169-thread-1] INFO  server.RaftServerConfigKeys (ConfUtils.java:logGet(43)) - raft.server.storage.dir = [/workdir/hadoop-ozone/integration-test/target/test-dir/MiniOzoneClusterImpl-86593db2-05eb-48a7-b50a-ea57df30e816/datanode-5/data/ratis] (custom)
2019-10-01 23:48:33,467 [pool-169-thread-1] INFO  server.RaftServerConfigKeys (ConfUtils.java:logGet(43)) - raft.server.log.corruption.policy = EXCEPTION (default)
2019-10-01 23:48:33,468 [pool-169-thread-1] INFO  storage.RaftStorageDirectory (RaftStorageDirectory.java:analyzeStorage(246)) - The storage directory /workdir/hadoop-ozone/integration-test/target/test-dir/MiniOzoneClusterImpl-86593db2-05eb-48a7-b50a-ea57df30e816/datanode-5/data/ratis/6b58f916-9bc9-4796-908e-eb44f1d94b02 does not exist. Creating ...
2019-10-01 23:48:33,506 [pool-169-thread-1] INFO  storage.RaftStorageDirectory (RaftStorageDirectory.java:tryLock(328)) - Lock on /workdir/hadoop-ozone/integration-test/target/test-dir/MiniOzoneClusterImpl-86593db2-05eb-48a7-b50a-ea57df30e816/datanode-5/data/ratis/6b58f916-9bc9-4796-908e-eb44f1d94b02/in_use.lock acquired by nodename 28534@pr-hdds-2201-rename-25sj9-3976918760
2019-10-01 23:48:33,531 [pool-169-thread-1] INFO  storage.RaftStorage (RaftStorage.java:format(84)) - Storage directory /workdir/hadoop-ozone/integration-test/target/test-dir/MiniOzoneClusterImpl-86593db2-05eb-48a7-b50a-ea57df30e816/datanode-5/data/ratis/6b58f916-9bc9-4796-908e-eb44f1d94b02 has been successfully formatted.
2019-10-01 23:48:33,532 [pool-169-thread-1] INFO  ratis.ContainerStateMachine (ContainerStateMachine.java:loadSnapshot(230)) - group-EB44F1D94B02: The snapshot info is null. Setting the last applied indexto:(t:0, i:~)
2019-10-01 23:48:33,532 [pool-169-thread-1] INFO  server.RaftServerConfigKeys (ConfUtils.java:logGet(43)) - raft.server.notification.no-leader.timeout = 120s (custom)
2019-10-01 23:48:33,532 [pool-169-thread-1] INFO  server.RaftServerConfigKeys (ConfUtils.java:logGet(43)) - raft.server.log.use.memory = false (default)
2019-10-01 23:48:33,532 [pool-169-thread-1] INFO  server.RaftServerConfigKeys (ConfUtils.java:logGet(43)) - raft.server.log.purge.gap = 1000000 (custom)
2019-10-01 23:48:33,532 [pool-169-thread-1] INFO  server.RaftServerConfigKeys (ConfUtils.java:logGet(43)) - raft.server.log.appender.buffer.byte-limit = 33554432 (custom)
2019-10-01 23:48:33,533 [pool-169-thread-1] INFO  server.RaftServerConfigKeys (ConfUtils.java:logGet(43)) - raft.server.log.segment.size.max = 1048576 (custom)
2019-10-01 23:48:33,535 [pool-169-thread-1] INFO  server.RaftServerConfigKeys (ConfUtils.java:logGet(43)) - raft.server.log.segment.cache.num.max = 2 (custom)
2019-10-01 23:48:33,535 [pool-169-thread-1] INFO  segmented.SegmentedRaftLogWorker (SegmentedRaftLogWorker.java:<init>(173)) - new 12504079-0622-447a-92a3-9106641c158d@group-EB44F1D94B02-SegmentedRaftLogWorker for RaftStorage:Storage Directory /workdir/hadoop-ozone/integration-test/target/test-dir/MiniOzoneClusterImpl-86593db2-05eb-48a7-b50a-ea57df30e816/datanode-5/data/ratis/6b58f916-9bc9-4796-908e-eb44f1d94b02
2019-10-01 23:48:33,535 [pool-169-thread-1] INFO  server.RaftServerConfigKeys (ConfUtils.java:logGet(43)) - raft.server.log.queue.byte-limit = 2147483647 (custom)
2019-10-01 23:48:33,535 [pool-169-thread-1] INFO  server.RaftServerConfigKeys (ConfUtils.java:logGet(43)) - raft.server.log.queue.element-limit = 1024 (custom)
2019-10-01 23:48:33,536 [pool-169-thread-1] INFO  server.RaftServerConfigKeys (ConfUtils.java:logGet(43)) - raft.server.log.segment.size.max = 1048576 (custom)
2019-10-01 23:48:33,536 [pool-169-thread-1] INFO  server.RaftServerConfigKeys (ConfUtils.java:logGet(43)) - raft.server.log.preallocated.size = 16384 (custom)
2019-10-01 23:48:33,536 [pool-169-thread-1] INFO  server.RaftServerConfigKeys (ConfUtils.java:logGet(43)) - raft.server.log.write.buffer.size = 33554432 (custom)
2019-10-01 23:48:33,536 [pool-169-thread-1] INFO  server.RaftServerConfigKeys (ConfUtils.java:logGet(43)) - raft.server.log.force.sync.num = 128 (default)
2019-10-01 23:48:33,536 [pool-169-thread-1] INFO  server.RaftServerConfigKeys (ConfUtils.java:logGet(43)) - raft.server.log.statemachine.data.sync = true (default)
2019-10-01 23:48:33,536 [pool-169-thread-1] INFO  server.RaftServerConfigKeys (ConfUtils.java:logGet(43)) - raft.server.log.statemachine.data.sync.timeout = 10s (default)
2019-10-01 23:48:33,536 [pool-169-thread-1] INFO  server.RaftServerConfigKeys (ConfUtils.java:logGet(43)) - raft.server.log.statemachine.data.sync.timeout.retry = -1 (default)
2019-10-01 23:48:33,537 [pool-169-thread-1] INFO  server.RaftServerConfigKeys (ConfUtils.java:logGet(43)) - raft.server.log.statemachine.data.caching.enabled = true (custom)
2019-10-01 23:48:33,537 [pool-169-thread-1] INFO  segmented.SegmentedRaftLogWorker (SegmentedRaftLogWorker.java:lambda$new$0(128)) - 12504079-0622-447a-92a3-9106641c158d@group-EB44F1D94B02-SegmentedRaftLogWorker: flushIndex: setUnconditionally 0 -> -1
2019-10-01 23:48:33,537 [pool-169-thread-1] INFO  server.RaftServerConfigKeys (ConfUtils.java:logGet(43)) - raft.server.snapshot.auto.trigger.enabled = true (custom)
2019-10-01 23:48:33,537 [pool-169-thread-1] INFO  server.RaftServerConfigKeys (ConfUtils.java:logGet(43)) - raft.server.snapshot.auto.trigger.threshold = 10000 (custom)
2019-10-01 23:48:33,538 [pool-169-thread-1] INFO  server.RaftServerConfigKeys (ConfUtils.java:logGet(43)) - raft.server.snapshot.retention.file.num = 5 (custom)
2019-10-01 23:48:33,538 [pool-169-thread-1] INFO  server.RaftServerConfigKeys (ConfUtils.java:logGet(43)) - raft.server.retrycache.expirytime = 600000ms (custom)
2019-10-01 23:48:33,540 [pool-169-thread-1] INFO  impl.RaftServerImpl (RaftServerImpl.java:start(181)) - 12504079-0622-447a-92a3-9106641c158d@group-EB44F1D94B02: start as a follower, conf=-1: [12504079-0622-447a-92a3-9106641c158d:192.168.30.63:34692], old=null
2019-10-01 23:48:33,540 [pool-169-thread-1] INFO  impl.RaftServerImpl (RaftServerImpl.java:setRole(170)) - 12504079-0622-447a-92a3-9106641c158d@group-EB44F1D94B02: changes role from      null to FOLLOWER at term 0 for startAsFollower
2019-10-01 23:48:33,540 [pool-169-thread-1] INFO  impl.RoleInfo (RoleInfo.java:updateAndGet(143)) - 12504079-0622-447a-92a3-9106641c158d: start FollowerState
2019-10-01 23:48:33,540 [pool-169-thread-1] INFO  util.JmxRegister (JmxRegister.java:tryRegister(44)) - Successfully registered JMX Bean with object name Ratis:service=RaftServer,group=group-EB44F1D94B02,id=12504079-0622-447a-92a3-9106641c158d
2019-10-01 23:48:33,546 [RatisPipelineUtilsThread] INFO  pipeline.PipelineStateManager (PipelineStateManager.java:addPipeline(56)) - Created pipeline Pipeline[ Id: 6b58f916-9bc9-4796-908e-eb44f1d94b02, Nodes: 12504079-0622-447a-92a3-9106641c158d{ip: 192.168.30.63, host: pr-hdds-2201-rename-25sj9-3976918760, networkLocation: /default-rack, certSerialId: null}, Type:RATIS, Factor:ONE, State:OPEN]
2019-10-01 23:48:33,555 [grpc-default-executor-2] INFO  impl.RaftServerProxy (RaftServerProxy.java:addNew(89)) - 9bae093a-6162-4cd2-97fa-12be3a47952b: addNew group-61ADEE9D6425:[9bae093a-6162-4cd2-97fa-12be3a47952b:192.168.30.63:44980] returns group-61ADEE9D6425:java.util.concurrent.CompletableFuture@df0a59d[Not completed]
2019-10-01 23:48:33,559 [pool-179-thread-1] INFO  impl.RaftServerImpl (RaftServerImpl.java:<init>(95)) - 9bae093a-6162-4cd2-97fa-12be3a47952b: new RaftServerImpl for group-61ADEE9D6425:[9bae093a-6162-4cd2-97fa-12be3a47952b:192.168.30.63:44980] with ContainerStateMachine:uninitialized
2019-10-01 23:48:33,560 [pool-179-thread-1] INFO  server.RaftServerConfigKeys (ConfUtils.java:logGet(43)) - raft.server.rpc.timeout.min = 5s (custom)
2019-10-01 23:48:33,560 [pool-179-thread-1] INFO  server.RaftServerConfigKeys (ConfUtils.java:logGet(43)) - raft.server.rpc.timeout.max = 5200ms (custom)
2019-10-01 23:48:33,560 [pool-179-thread-1] INFO  server.RaftServerConfigKeys (ConfUtils.java:logGet(43)) - raft.server.rpcslowness.timeout = 120s (custom)
2019-10-01 23:48:33,560 [pool-179-thread-1] INFO  server.RaftServerConfigKeys (ConfUtils.java:logGet(43)) - raft.server.sleep.deviation.threshold = 300 (default)
2019-10-01 23:48:33,560 [pool-179-thread-1] INFO  server.RaftServerConfigKeys (ConfUtils.java:logGet(43)) - raft.server.log.appender.install.snapshot.enabled = false (custom)
2019-10-01 23:48:33,560 [pool-179-thread-1] INFO  impl.RaftServerImpl (ServerState.java:<init>(103)) - 9bae093a-6162-4cd2-97fa-12be3a47952b@group-61ADEE9D6425: ConfigurationManager, init=-1: [9bae093a-6162-4cd2-97fa-12be3a47952b:192.168.30.63:44980], old=null, confs=<EMPTY_MAP>
2019-10-01 23:48:33,561 [pool-179-thread-1] INFO  server.RaftServerConfigKeys (ConfUtils.java:logGet(43)) - raft.server.storage.dir = [/workdir/hadoop-ozone/integration-test/target/test-dir/MiniOzoneClusterImpl-86593db2-05eb-48a7-b50a-ea57df30e816/datanode-6/data/ratis] (custom)
2019-10-01 23:48:33,561 [pool-179-thread-1] INFO  server.RaftServerConfigKeys (ConfUtils.java:logGet(43)) - raft.server.log.corruption.policy = EXCEPTION (default)
2019-10-01 23:48:33,561 [pool-179-thread-1] INFO  storage.RaftStorageDirectory (RaftStorageDirectory.java:analyzeStorage(246)) - The storage directory /workdir/hadoop-ozone/integration-test/target/test-dir/MiniOzoneClusterImpl-86593db2-05eb-48a7-b50a-ea57df30e816/datanode-6/data/ratis/e91388ba-e32d-4177-a2f9-61adee9d6425 does not exist. Creating ...
2019-10-01 23:48:33,590 [pool-179-thread-1] INFO  storage.RaftStorageDirectory (RaftStorageDirectory.java:tryLock(328)) - Lock on /workdir/hadoop-ozone/integration-test/target/test-dir/MiniOzoneClusterImpl-86593db2-05eb-48a7-b50a-ea57df30e816/datanode-6/data/ratis/e91388ba-e32d-4177-a2f9-61adee9d6425/in_use.lock acquired by nodename 28534@pr-hdds-2201-rename-25sj9-3976918760
2019-10-01 23:48:33,616 [pool-179-thread-1] INFO  storage.RaftStorage (RaftStorage.java:format(84)) - Storage directory /workdir/hadoop-ozone/integration-test/target/test-dir/MiniOzoneClusterImpl-86593db2-05eb-48a7-b50a-ea57df30e816/datanode-6/data/ratis/e91388ba-e32d-4177-a2f9-61adee9d6425 has been successfully formatted.
2019-10-01 23:48:33,616 [pool-179-thread-1] INFO  ratis.ContainerStateMachine (ContainerStateMachine.java:loadSnapshot(230)) - group-61ADEE9D6425: The snapshot info is null. Setting the last applied indexto:(t:0, i:~)
2019-10-01 23:48:33,616 [pool-179-thread-1] INFO  server.RaftServerConfigKeys (ConfUtils.java:logGet(43)) - raft.server.notification.no-leader.timeout = 120s (custom)
2019-10-01 23:48:33,616 [pool-179-thread-1] INFO  server.RaftServerConfigKeys (ConfUtils.java:logGet(43)) - raft.server.log.use.memory = false (default)
2019-10-01 23:48:33,616 [pool-179-thread-1] INFO  server.RaftServerConfigKeys (ConfUtils.java:logGet(43)) - raft.server.log.purge.gap = 1000000 (custom)
2019-10-01 23:48:33,616 [pool-179-thread-1] INFO  server.RaftServerConfigKeys (ConfUtils.java:logGet(43)) - raft.server.log.appender.buffer.byte-limit = 33554432 (custom)
2019-10-01 23:48:33,617 [pool-179-thread-1] INFO  server.RaftServerConfigKeys (ConfUtils.java:logGet(43)) - raft.server.log.segment.size.max = 1048576 (custom)
2019-10-01 23:48:33,618 [pool-179-thread-1] INFO  server.RaftServerConfigKeys (ConfUtils.java:logGet(43)) - raft.server.log.segment.cache.num.max = 2 (custom)
2019-10-01 23:48:33,619 [pool-179-thread-1] INFO  segmented.SegmentedRaftLogWorker (SegmentedRaftLogWorker.java:<init>(173)) - new 9bae093a-6162-4cd2-97fa-12be3a47952b@group-61ADEE9D6425-SegmentedRaftLogWorker for RaftStorage:Storage Directory /workdir/hadoop-ozone/integration-test/target/test-dir/MiniOzoneClusterImpl-86593db2-05eb-48a7-b50a-ea57df30e816/datanode-6/data/ratis/e91388ba-e32d-4177-a2f9-61adee9d6425
2019-10-01 23:48:33,619 [pool-179-thread-1] INFO  server.RaftServerConfigKeys (ConfUtils.java:logGet(43)) - raft.server.log.queue.byte-limit = 2147483647 (custom)
2019-10-01 23:48:33,619 [pool-179-thread-1] INFO  server.RaftServerConfigKeys (ConfUtils.java:logGet(43)) - raft.server.log.queue.element-limit = 1024 (custom)
2019-10-01 23:48:33,619 [pool-179-thread-1] INFO  server.RaftServerConfigKeys (ConfUtils.java:logGet(43)) - raft.server.log.segment.size.max = 1048576 (custom)
2019-10-01 23:48:33,619 [pool-179-thread-1] INFO  server.RaftServerConfigKeys (ConfUtils.java:logGet(43)) - raft.server.log.preallocated.size = 16384 (custom)
2019-10-01 23:48:33,619 [pool-179-thread-1] INFO  server.RaftServerConfigKeys (ConfUtils.java:logGet(43)) - raft.server.log.write.buffer.size = 33554432 (custom)
2019-10-01 23:48:33,619 [pool-179-thread-1] INFO  server.RaftServerConfigKeys (ConfUtils.java:logGet(43)) - raft.server.log.force.sync.num = 128 (default)
2019-10-01 23:48:33,619 [pool-179-thread-1] INFO  server.RaftServerConfigKeys (ConfUtils.java:logGet(43)) - raft.server.log.statemachine.data.sync = true (default)
2019-10-01 23:48:33,619 [pool-179-thread-1] INFO  server.RaftServerConfigKeys (ConfUtils.java:logGet(43)) - raft.server.log.statemachine.data.sync.timeout = 10s (default)
2019-10-01 23:48:33,620 [pool-179-thread-1] INFO  server.RaftServerConfigKeys (ConfUtils.java:logGet(43)) - raft.server.log.statemachine.data.sync.timeout.retry = -1 (default)
2019-10-01 23:48:33,620 [pool-179-thread-1] INFO  server.RaftServerConfigKeys (ConfUtils.java:logGet(43)) - raft.server.log.statemachine.data.caching.enabled = true (custom)
2019-10-01 23:48:33,620 [pool-179-thread-1] INFO  segmented.SegmentedRaftLogWorker (SegmentedRaftLogWorker.java:lambda$new$0(128)) - 9bae093a-6162-4cd2-97fa-12be3a47952b@group-61ADEE9D6425-SegmentedRaftLogWorker: flushIndex: setUnconditionally 0 -> -1
2019-10-01 23:48:33,620 [pool-179-thread-1] INFO  server.RaftServerConfigKeys (ConfUtils.java:logGet(43)) - raft.server.snapshot.auto.trigger.enabled = true (custom)
2019-10-01 23:48:33,621 [pool-179-thread-1] INFO  server.RaftServerConfigKeys (ConfUtils.java:logGet(43)) - raft.server.snapshot.auto.trigger.threshold = 10000 (custom)
2019-10-01 23:48:33,621 [pool-179-thread-1] INFO  server.RaftServerConfigKeys (ConfUtils.java:logGet(43)) - raft.server.snapshot.retention.file.num = 5 (custom)
2019-10-01 23:48:33,621 [pool-179-thread-1] INFO  server.RaftServerConfigKeys (ConfUtils.java:logGet(43)) - raft.server.retrycache.expirytime = 600000ms (custom)
2019-10-01 23:48:33,622 [pool-179-thread-1] INFO  impl.RaftServerImpl (RaftServerImpl.java:start(181)) - 9bae093a-6162-4cd2-97fa-12be3a47952b@group-61ADEE9D6425: start as a follower, conf=-1: [9bae093a-6162-4cd2-97fa-12be3a47952b:192.168.30.63:44980], old=null
2019-10-01 23:48:33,623 [pool-179-thread-1] INFO  impl.RaftServerImpl (RaftServerImpl.java:setRole(170)) - 9bae093a-6162-4cd2-97fa-12be3a47952b@group-61ADEE9D6425: changes role from      null to FOLLOWER at term 0 for startAsFollower
2019-10-01 23:48:33,623 [pool-179-thread-1] INFO  impl.RoleInfo (RoleInfo.java:updateAndGet(143)) - 9bae093a-6162-4cd2-97fa-12be3a47952b: start FollowerState
2019-10-01 23:48:33,623 [pool-179-thread-1] INFO  util.JmxRegister (JmxRegister.java:tryRegister(44)) - Successfully registered JMX Bean with object name Ratis:service=RaftServer,group=group-61ADEE9D6425,id=9bae093a-6162-4cd2-97fa-12be3a47952b
2019-10-01 23:48:33,627 [RatisPipelineUtilsThread] INFO  pipeline.PipelineStateManager (PipelineStateManager.java:addPipeline(56)) - Created pipeline Pipeline[ Id: e91388ba-e32d-4177-a2f9-61adee9d6425, Nodes: 9bae093a-6162-4cd2-97fa-12be3a47952b{ip: 192.168.30.63, host: pr-hdds-2201-rename-25sj9-3976918760, networkLocation: /default-rack, certSerialId: null}, Type:RATIS, Factor:ONE, State:OPEN]
2019-10-01 23:48:33,638 [grpc-default-executor-3] INFO  impl.RaftServerProxy (RaftServerProxy.java:addNew(89)) - 16c8bbc3-fbe5-4279-adc2-6fe0065c977b: addNew group-B5AC0863C80D:[2de5c074-cadd-4caa-88d0-9a54a941c1e1:192.168.30.63:42904, 16c8bbc3-fbe5-4279-adc2-6fe0065c977b:192.168.30.63:33008, 38ca09f0-e920-4f1a-8211-b6df4124e959:192.168.30.63:34985] returns group-B5AC0863C80D:java.util.concurrent.CompletableFuture@3240bd6b[Not completed]
2019-10-01 23:48:33,639 [grpc-default-executor-0] INFO  impl.RaftServerProxy (RaftServerProxy.java:addNew(89)) - 38ca09f0-e920-4f1a-8211-b6df4124e959: addNew group-B5AC0863C80D:[2de5c074-cadd-4caa-88d0-9a54a941c1e1:192.168.30.63:42904, 16c8bbc3-fbe5-4279-adc2-6fe0065c977b:192.168.30.63:33008, 38ca09f0-e920-4f1a-8211-b6df4124e959:192.168.30.63:34985] returns group-B5AC0863C80D:java.util.concurrent.CompletableFuture@cb2f1eb[Not completed]
2019-10-01 23:48:33,639 [grpc-default-executor-3] INFO  impl.RaftServerProxy (RaftServerProxy.java:addNew(89)) - 2de5c074-cadd-4caa-88d0-9a54a941c1e1: addNew group-B5AC0863C80D:[2de5c074-cadd-4caa-88d0-9a54a941c1e1:192.168.30.63:42904, 16c8bbc3-fbe5-4279-adc2-6fe0065c977b:192.168.30.63:33008, 38ca09f0-e920-4f1a-8211-b6df4124e959:192.168.30.63:34985] returns group-B5AC0863C80D:java.util.concurrent.CompletableFuture@66c639d0[Not completed]
2019-10-01 23:48:33,641 [pool-129-thread-1] INFO  impl.RaftServerImpl (RaftServerImpl.java:<init>(95)) - 16c8bbc3-fbe5-4279-adc2-6fe0065c977b: new RaftServerImpl for group-B5AC0863C80D:[2de5c074-cadd-4caa-88d0-9a54a941c1e1:192.168.30.63:42904, 16c8bbc3-fbe5-4279-adc2-6fe0065c977b:192.168.30.63:33008, 38ca09f0-e920-4f1a-8211-b6df4124e959:192.168.30.63:34985] with ContainerStateMachine:uninitialized
2019-10-01 23:48:33,641 [pool-129-thread-1] INFO  server.RaftServerConfigKeys (ConfUtils.java:logGet(43)) - raft.server.rpc.timeout.min = 5s (custom)
2019-10-01 23:48:33,641 [pool-119-thread-1] INFO  impl.RaftServerImpl (RaftServerImpl.java:<init>(95)) - 2de5c074-cadd-4caa-88d0-9a54a941c1e1: new RaftServerImpl for group-B5AC0863C80D:[2de5c074-cadd-4caa-88d0-9a54a941c1e1:192.168.30.63:42904, 16c8bbc3-fbe5-4279-adc2-6fe0065c977b:192.168.30.63:33008, 38ca09f0-e920-4f1a-8211-b6df4124e959:192.168.30.63:34985] with ContainerStateMachine:uninitialized
2019-10-01 23:48:33,641 [pool-129-thread-1] INFO  server.RaftServerConfigKeys (ConfUtils.java:logGet(43)) - raft.server.rpc.timeout.max = 5200ms (custom)
2019-10-01 23:48:33,641 [pool-119-thread-1] INFO  server.RaftServerConfigKeys (ConfUtils.java:logGet(43)) - raft.server.rpc.timeout.min = 5s (custom)
2019-10-01 23:48:33,641 [pool-129-thread-1] INFO  server.RaftServerConfigKeys (ConfUtils.java:logGet(43)) - raft.server.rpcslowness.timeout = 120s (custom)
2019-10-01 23:48:33,642 [pool-149-thread-1] INFO  impl.RaftServerImpl (RaftServerImpl.java:<init>(95)) - 38ca09f0-e920-4f1a-8211-b6df4124e959: new RaftServerImpl for group-B5AC0863C80D:[2de5c074-cadd-4caa-88d0-9a54a941c1e1:192.168.30.63:42904, 16c8bbc3-fbe5-4279-adc2-6fe0065c977b:192.168.30.63:33008, 38ca09f0-e920-4f1a-8211-b6df4124e959:192.168.30.63:34985] with ContainerStateMachine:uninitialized
2019-10-01 23:48:33,641 [pool-119-thread-1] INFO  server.RaftServerConfigKeys (ConfUtils.java:logGet(43)) - raft.server.rpc.timeout.max = 5200ms (custom)
2019-10-01 23:48:33,642 [pool-149-thread-1] INFO  server.RaftServerConfigKeys (ConfUtils.java:logGet(43)) - raft.server.rpc.timeout.min = 5s (custom)
2019-10-01 23:48:33,642 [pool-129-thread-1] INFO  server.RaftServerConfigKeys (ConfUtils.java:logGet(43)) - raft.server.sleep.deviation.threshold = 300 (default)
2019-10-01 23:48:33,642 [pool-149-thread-1] INFO  server.RaftServerConfigKeys (ConfUtils.java:logGet(43)) - raft.server.rpc.timeout.max = 5200ms (custom)
2019-10-01 23:48:33,642 [pool-149-thread-1] INFO  server.RaftServerConfigKeys (ConfUtils.java:logGet(43)) - raft.server.rpcslowness.timeout = 120s (custom)
2019-10-01 23:48:33,642 [pool-119-thread-1] INFO  server.RaftServerConfigKeys (ConfUtils.java:logGet(43)) - raft.server.rpcslowness.timeout = 120s (custom)
2019-10-01 23:48:33,642 [pool-149-thread-1] INFO  server.RaftServerConfigKeys (ConfUtils.java:logGet(43)) - raft.server.sleep.deviation.threshold = 300 (default)
2019-10-01 23:48:33,642 [pool-129-thread-1] INFO  server.RaftServerConfigKeys (ConfUtils.java:logGet(43)) - raft.server.log.appender.install.snapshot.enabled = false (custom)
2019-10-01 23:48:33,643 [pool-149-thread-1] INFO  server.RaftServerConfigKeys (ConfUtils.java:logGet(43)) - raft.server.log.appender.install.snapshot.enabled = false (custom)
2019-10-01 23:48:33,643 [pool-119-thread-1] INFO  server.RaftServerConfigKeys (ConfUtils.java:logGet(43)) - raft.server.sleep.deviation.threshold = 300 (default)
2019-10-01 23:48:33,643 [pool-149-thread-1] INFO  impl.RaftServerImpl (ServerState.java:<init>(103)) - 38ca09f0-e920-4f1a-8211-b6df4124e959@group-B5AC0863C80D: ConfigurationManager, init=-1: [2de5c074-cadd-4caa-88d0-9a54a941c1e1:192.168.30.63:42904, 16c8bbc3-fbe5-4279-adc2-6fe0065c977b:192.168.30.63:33008, 38ca09f0-e920-4f1a-8211-b6df4124e959:192.168.30.63:34985], old=null, confs=<EMPTY_MAP>
2019-10-01 23:48:33,643 [pool-129-thread-1] INFO  impl.RaftServerImpl (ServerState.java:<init>(103)) - 16c8bbc3-fbe5-4279-adc2-6fe0065c977b@group-B5AC0863C80D: ConfigurationManager, init=-1: [2de5c074-cadd-4caa-88d0-9a54a941c1e1:192.168.30.63:42904, 16c8bbc3-fbe5-4279-adc2-6fe0065c977b:192.168.30.63:33008, 38ca09f0-e920-4f1a-8211-b6df4124e959:192.168.30.63:34985], old=null, confs=<EMPTY_MAP>
2019-10-01 23:48:33,643 [pool-149-thread-1] INFO  server.RaftServerConfigKeys (ConfUtils.java:logGet(43)) - raft.server.storage.dir = [/workdir/hadoop-ozone/integration-test/target/test-dir/MiniOzoneClusterImpl-86593db2-05eb-48a7-b50a-ea57df30e816/datanode-3/data/ratis] (custom)
2019-10-01 23:48:33,643 [pool-119-thread-1] INFO  server.RaftServerConfigKeys (ConfUtils.java:logGet(43)) - raft.server.log.appender.install.snapshot.enabled = false (custom)
2019-10-01 23:48:33,644 [pool-129-thread-1] INFO  server.RaftServerConfigKeys (ConfUtils.java:logGet(43)) - raft.server.storage.dir = [/workdir/hadoop-ozone/integration-test/target/test-dir/MiniOzoneClusterImpl-86593db2-05eb-48a7-b50a-ea57df30e816/datanode-1/data/ratis] (custom)
2019-10-01 23:48:33,644 [pool-149-thread-1] INFO  server.RaftServerConfigKeys (ConfUtils.java:logGet(43)) - raft.server.log.corruption.policy = EXCEPTION (default)
2019-10-01 23:48:33,644 [pool-119-thread-1] INFO  impl.RaftServerImpl (ServerState.java:<init>(103)) - 2de5c074-cadd-4caa-88d0-9a54a941c1e1@group-B5AC0863C80D: ConfigurationManager, init=-1: [2de5c074-cadd-4caa-88d0-9a54a941c1e1:192.168.30.63:42904, 16c8bbc3-fbe5-4279-adc2-6fe0065c977b:192.168.30.63:33008, 38ca09f0-e920-4f1a-8211-b6df4124e959:192.168.30.63:34985], old=null, confs=<EMPTY_MAP>
2019-10-01 23:48:33,644 [pool-149-thread-1] INFO  storage.RaftStorageDirectory (RaftStorageDirectory.java:analyzeStorage(246)) - The storage directory /workdir/hadoop-ozone/integration-test/target/test-dir/MiniOzoneClusterImpl-86593db2-05eb-48a7-b50a-ea57df30e816/datanode-3/data/ratis/f99b79da-855d-48b5-9472-b5ac0863c80d does not exist. Creating ...
2019-10-01 23:48:33,644 [pool-119-thread-1] INFO  server.RaftServerConfigKeys (ConfUtils.java:logGet(43)) - raft.server.storage.dir = [/workdir/hadoop-ozone/integration-test/target/test-dir/MiniOzoneClusterImpl-86593db2-05eb-48a7-b50a-ea57df30e816/datanode-0/data/ratis] (custom)
2019-10-01 23:48:33,644 [pool-129-thread-1] INFO  server.RaftServerConfigKeys (ConfUtils.java:logGet(43)) - raft.server.log.corruption.policy = EXCEPTION (default)
2019-10-01 23:48:33,644 [pool-119-thread-1] INFO  server.RaftServerConfigKeys (ConfUtils.java:logGet(43)) - raft.server.log.corruption.policy = EXCEPTION (default)
2019-10-01 23:48:33,645 [pool-129-thread-1] INFO  storage.RaftStorageDirectory (RaftStorageDirectory.java:analyzeStorage(246)) - The storage directory /workdir/hadoop-ozone/integration-test/target/test-dir/MiniOzoneClusterImpl-86593db2-05eb-48a7-b50a-ea57df30e816/datanode-1/data/ratis/f99b79da-855d-48b5-9472-b5ac0863c80d does not exist. Creating ...
2019-10-01 23:48:33,645 [pool-119-thread-1] INFO  storage.RaftStorageDirectory (RaftStorageDirectory.java:analyzeStorage(246)) - The storage directory /workdir/hadoop-ozone/integration-test/target/test-dir/MiniOzoneClusterImpl-86593db2-05eb-48a7-b50a-ea57df30e816/datanode-0/data/ratis/f99b79da-855d-48b5-9472-b5ac0863c80d does not exist. Creating ...
2019-10-01 23:48:33,666 [pool-149-thread-1] INFO  storage.RaftStorageDirectory (RaftStorageDirectory.java:tryLock(328)) - Lock on /workdir/hadoop-ozone/integration-test/target/test-dir/MiniOzoneClusterImpl-86593db2-05eb-48a7-b50a-ea57df30e816/datanode-3/data/ratis/f99b79da-855d-48b5-9472-b5ac0863c80d/in_use.lock acquired by nodename 28534@pr-hdds-2201-rename-25sj9-3976918760
2019-10-01 23:48:33,666 [pool-129-thread-1] INFO  storage.RaftStorageDirectory (RaftStorageDirectory.java:tryLock(328)) - Lock on /workdir/hadoop-ozone/integration-test/target/test-dir/MiniOzoneClusterImpl-86593db2-05eb-48a7-b50a-ea57df30e816/datanode-1/data/ratis/f99b79da-855d-48b5-9472-b5ac0863c80d/in_use.lock acquired by nodename 28534@pr-hdds-2201-rename-25sj9-3976918760
2019-10-01 23:48:33,666 [pool-119-thread-1] INFO  storage.RaftStorageDirectory (RaftStorageDirectory.java:tryLock(328)) - Lock on /workdir/hadoop-ozone/integration-test/target/test-dir/MiniOzoneClusterImpl-86593db2-05eb-48a7-b50a-ea57df30e816/datanode-0/data/ratis/f99b79da-855d-48b5-9472-b5ac0863c80d/in_use.lock acquired by nodename 28534@pr-hdds-2201-rename-25sj9-3976918760
2019-10-01 23:48:33,692 [pool-149-thread-1] INFO  storage.RaftStorage (RaftStorage.java:format(84)) - Storage directory /workdir/hadoop-ozone/integration-test/target/test-dir/MiniOzoneClusterImpl-86593db2-05eb-48a7-b50a-ea57df30e816/datanode-3/data/ratis/f99b79da-855d-48b5-9472-b5ac0863c80d has been successfully formatted.
2019-10-01 23:48:33,692 [pool-119-thread-1] INFO  storage.RaftStorage (RaftStorage.java:format(84)) - Storage directory /workdir/hadoop-ozone/integration-test/target/test-dir/MiniOzoneClusterImpl-86593db2-05eb-48a7-b50a-ea57df30e816/datanode-0/data/ratis/f99b79da-855d-48b5-9472-b5ac0863c80d has been successfully formatted.
2019-10-01 23:48:33,692 [pool-129-thread-1] INFO  storage.RaftStorage (RaftStorage.java:format(84)) - Storage directory /workdir/hadoop-ozone/integration-test/target/test-dir/MiniOzoneClusterImpl-86593db2-05eb-48a7-b50a-ea57df30e816/datanode-1/data/ratis/f99b79da-855d-48b5-9472-b5ac0863c80d has been successfully formatted.
2019-10-01 23:48:33,692 [pool-119-thread-1] INFO  ratis.ContainerStateMachine (ContainerStateMachine.java:loadSnapshot(230)) - group-B5AC0863C80D: The snapshot info is null. Setting the last applied indexto:(t:0, i:~)
2019-10-01 23:48:33,693 [pool-129-thread-1] INFO  ratis.ContainerStateMachine (ContainerStateMachine.java:loadSnapshot(230)) - group-B5AC0863C80D: The snapshot info is null. Setting the last applied indexto:(t:0, i:~)
2019-10-01 23:48:33,692 [pool-149-thread-1] INFO  ratis.ContainerStateMachine (ContainerStateMachine.java:loadSnapshot(230)) - group-B5AC0863C80D: The snapshot info is null. Setting the last applied indexto:(t:0, i:~)
2019-10-01 23:48:33,693 [pool-129-thread-1] INFO  server.RaftServerConfigKeys (ConfUtils.java:logGet(43)) - raft.server.notification.no-leader.timeout = 120s (custom)
2019-10-01 23:48:33,693 [pool-119-thread-1] INFO  server.RaftServerConfigKeys (ConfUtils.java:logGet(43)) - raft.server.notification.no-leader.timeout = 120s (custom)
2019-10-01 23:48:33,693 [pool-129-thread-1] INFO  server.RaftServerConfigKeys (ConfUtils.java:logGet(43)) - raft.server.log.use.memory = false (default)
2019-10-01 23:48:33,693 [pool-149-thread-1] INFO  server.RaftServerConfigKeys (ConfUtils.java:logGet(43)) - raft.server.notification.no-leader.timeout = 120s (custom)
2019-10-01 23:48:33,693 [pool-129-thread-1] INFO  server.RaftServerConfigKeys (ConfUtils.java:logGet(43)) - raft.server.log.purge.gap = 1000000 (custom)
2019-10-01 23:48:33,693 [pool-119-thread-1] INFO  server.RaftServerConfigKeys (ConfUtils.java:logGet(43)) - raft.server.log.use.memory = false (default)
2019-10-01 23:48:33,694 [pool-129-thread-1] INFO  server.RaftServerConfigKeys (ConfUtils.java:logGet(43)) - raft.server.log.appender.buffer.byte-limit = 33554432 (custom)
2019-10-01 23:48:33,693 [pool-149-thread-1] INFO  server.RaftServerConfigKeys (ConfUtils.java:logGet(43)) - raft.server.log.use.memory = false (default)
2019-10-01 23:48:33,694 [pool-129-thread-1] INFO  server.RaftServerConfigKeys (ConfUtils.java:logGet(43)) - raft.server.log.segment.size.max = 1048576 (custom)
2019-10-01 23:48:33,694 [pool-119-thread-1] INFO  server.RaftServerConfigKeys (ConfUtils.java:logGet(43)) - raft.server.log.purge.gap = 1000000 (custom)
2019-10-01 23:48:33,694 [pool-129-thread-1] INFO  server.RaftServerConfigKeys (ConfUtils.java:logGet(43)) - raft.server.log.segment.cache.num.max = 2 (custom)
2019-10-01 23:48:33,694 [pool-149-thread-1] INFO  server.RaftServerConfigKeys (ConfUtils.java:logGet(43)) - raft.server.log.purge.gap = 1000000 (custom)
2019-10-01 23:48:33,695 [pool-129-thread-1] INFO  segmented.SegmentedRaftLogWorker (SegmentedRaftLogWorker.java:<init>(173)) - new 16c8bbc3-fbe5-4279-adc2-6fe0065c977b@group-B5AC0863C80D-SegmentedRaftLogWorker for RaftStorage:Storage Directory /workdir/hadoop-ozone/integration-test/target/test-dir/MiniOzoneClusterImpl-86593db2-05eb-48a7-b50a-ea57df30e816/datanode-1/data/ratis/f99b79da-855d-48b5-9472-b5ac0863c80d
2019-10-01 23:48:33,694 [pool-119-thread-1] INFO  server.RaftServerConfigKeys (ConfUtils.java:logGet(43)) - raft.server.log.appender.buffer.byte-limit = 33554432 (custom)
2019-10-01 23:48:33,695 [pool-129-thread-1] INFO  server.RaftServerConfigKeys (ConfUtils.java:logGet(43)) - raft.server.log.queue.byte-limit = 2147483647 (custom)
2019-10-01 23:48:33,695 [pool-149-thread-1] INFO  server.RaftServerConfigKeys (ConfUtils.java:logGet(43)) - raft.server.log.appender.buffer.byte-limit = 33554432 (custom)
2019-10-01 23:48:33,695 [pool-129-thread-1] INFO  server.RaftServerConfigKeys (ConfUtils.java:logGet(43)) - raft.server.log.queue.element-limit = 1024 (custom)
2019-10-01 23:48:33,695 [pool-119-thread-1] INFO  server.RaftServerConfigKeys (ConfUtils.java:logGet(43)) - raft.server.log.segment.size.max = 1048576 (custom)
2019-10-01 23:48:33,696 [pool-129-thread-1] INFO  server.RaftServerConfigKeys (ConfUtils.java:logGet(43)) - raft.server.log.segment.size.max = 1048576 (custom)
2019-10-01 23:48:33,695 [pool-149-thread-1] INFO  server.RaftServerConfigKeys (ConfUtils.java:logGet(43)) - raft.server.log.segment.size.max = 1048576 (custom)
2019-10-01 23:48:33,696 [pool-129-thread-1] INFO  server.RaftServerConfigKeys (ConfUtils.java:logGet(43)) - raft.server.log.preallocated.size = 16384 (custom)
2019-10-01 23:48:33,696 [pool-119-thread-1] INFO  server.RaftServerConfigKeys (ConfUtils.java:logGet(43)) - raft.server.log.segment.cache.num.max = 2 (custom)
2019-10-01 23:48:33,696 [pool-129-thread-1] INFO  server.RaftServerConfigKeys (ConfUtils.java:logGet(43)) - raft.server.log.write.buffer.size = 33554432 (custom)
2019-10-01 23:48:33,696 [pool-149-thread-1] INFO  server.RaftServerConfigKeys (ConfUtils.java:logGet(43)) - raft.server.log.segment.cache.num.max = 2 (custom)
2019-10-01 23:48:33,696 [pool-129-thread-1] INFO  server.RaftServerConfigKeys (ConfUtils.java:logGet(43)) - raft.server.log.force.sync.num = 128 (default)
2019-10-01 23:48:33,696 [pool-119-thread-1] INFO  segmented.SegmentedRaftLogWorker (SegmentedRaftLogWorker.java:<init>(173)) - new 2de5c074-cadd-4caa-88d0-9a54a941c1e1@group-B5AC0863C80D-SegmentedRaftLogWorker for RaftStorage:Storage Directory /workdir/hadoop-ozone/integration-test/target/test-dir/MiniOzoneClusterImpl-86593db2-05eb-48a7-b50a-ea57df30e816/datanode-0/data/ratis/f99b79da-855d-48b5-9472-b5ac0863c80d
2019-10-01 23:48:33,697 [pool-129-thread-1] INFO  server.RaftServerConfigKeys (ConfUtils.java:logGet(43)) - raft.server.log.statemachine.data.sync = true (default)
2019-10-01 23:48:33,697 [pool-149-thread-1] INFO  segmented.SegmentedRaftLogWorker (SegmentedRaftLogWorker.java:<init>(173)) - new 38ca09f0-e920-4f1a-8211-b6df4124e959@group-B5AC0863C80D-SegmentedRaftLogWorker for RaftStorage:Storage Directory /workdir/hadoop-ozone/integration-test/target/test-dir/MiniOzoneClusterImpl-86593db2-05eb-48a7-b50a-ea57df30e816/datanode-3/data/ratis/f99b79da-855d-48b5-9472-b5ac0863c80d
2019-10-01 23:48:33,697 [pool-129-thread-1] INFO  server.RaftServerConfigKeys (ConfUtils.java:logGet(43)) - raft.server.log.statemachine.data.sync.timeout = 10s (default)
2019-10-01 23:48:33,697 [pool-119-thread-1] INFO  server.RaftServerConfigKeys (ConfUtils.java:logGet(43)) - raft.server.log.queue.byte-limit = 2147483647 (custom)
2019-10-01 23:48:33,697 [pool-129-thread-1] INFO  server.RaftServerConfigKeys (ConfUtils.java:logGet(43)) - raft.server.log.statemachine.data.sync.timeout.retry = -1 (default)
2019-10-01 23:48:33,697 [pool-149-thread-1] INFO  server.RaftServerConfigKeys (ConfUtils.java:logGet(43)) - raft.server.log.queue.byte-limit = 2147483647 (custom)
2019-10-01 23:48:33,698 [pool-119-thread-1] INFO  server.RaftServerConfigKeys (ConfUtils.java:logGet(43)) - raft.server.log.queue.element-limit = 1024 (custom)
2019-10-01 23:48:33,698 [pool-129-thread-1] INFO  server.RaftServerConfigKeys (ConfUtils.java:logGet(43)) - raft.server.log.statemachine.data.caching.enabled = true (custom)
2019-10-01 23:48:33,698 [pool-149-thread-1] INFO  server.RaftServerConfigKeys (ConfUtils.java:logGet(43)) - raft.server.log.queue.element-limit = 1024 (custom)
2019-10-01 23:48:33,698 [pool-119-thread-1] INFO  server.RaftServerConfigKeys (ConfUtils.java:logGet(43)) - raft.server.log.segment.size.max = 1048576 (custom)
2019-10-01 23:48:33,698 [pool-129-thread-1] INFO  segmented.SegmentedRaftLogWorker (SegmentedRaftLogWorker.java:lambda$new$0(128)) - 16c8bbc3-fbe5-4279-adc2-6fe0065c977b@group-B5AC0863C80D-SegmentedRaftLogWorker: flushIndex: setUnconditionally 0 -> -1
2019-10-01 23:48:33,698 [pool-149-thread-1] INFO  server.RaftServerConfigKeys (ConfUtils.java:logGet(43)) - raft.server.log.segment.size.max = 1048576 (custom)
2019-10-01 23:48:33,699 [pool-119-thread-1] INFO  server.RaftServerConfigKeys (ConfUtils.java:logGet(43)) - raft.server.log.preallocated.size = 16384 (custom)
2019-10-01 23:48:33,699 [pool-129-thread-1] INFO  server.RaftServerConfigKeys (ConfUtils.java:logGet(43)) - raft.server.snapshot.auto.trigger.enabled = true (custom)
2019-10-01 23:48:33,699 [pool-149-thread-1] INFO  server.RaftServerConfigKeys (ConfUtils.java:logGet(43)) - raft.server.log.preallocated.size = 16384 (custom)
2019-10-01 23:48:33,699 [pool-129-thread-1] INFO  server.RaftServerConfigKeys (ConfUtils.java:logGet(43)) - raft.server.snapshot.auto.trigger.threshold = 10000 (custom)
2019-10-01 23:48:33,699 [pool-119-thread-1] INFO  server.RaftServerConfigKeys (ConfUtils.java:logGet(43)) - raft.server.log.write.buffer.size = 33554432 (custom)
2019-10-01 23:48:33,699 [pool-129-thread-1] INFO  server.RaftServerConfigKeys (ConfUtils.java:logGet(43)) - raft.server.snapshot.retention.file.num = 5 (custom)
2019-10-01 23:48:33,699 [pool-149-thread-1] INFO  server.RaftServerConfigKeys (ConfUtils.java:logGet(43)) - raft.server.log.write.buffer.size = 33554432 (custom)
2019-10-01 23:48:33,700 [pool-129-thread-1] INFO  server.RaftServerConfigKeys (ConfUtils.java:logGet(43)) - raft.server.retrycache.expirytime = 600000ms (custom)
2019-10-01 23:48:33,700 [pool-149-thread-1] INFO  server.RaftServerConfigKeys (ConfUtils.java:logGet(43)) - raft.server.log.force.sync.num = 128 (default)
2019-10-01 23:48:33,700 [pool-119-thread-1] INFO  server.RaftServerConfigKeys (ConfUtils.java:logGet(43)) - raft.server.log.force.sync.num = 128 (default)
2019-10-01 23:48:33,700 [pool-149-thread-1] INFO  server.RaftServerConfigKeys (ConfUtils.java:logGet(43)) - raft.server.log.statemachine.data.sync = true (default)
2019-10-01 23:48:33,700 [pool-119-thread-1] INFO  server.RaftServerConfigKeys (ConfUtils.java:logGet(43)) - raft.server.log.statemachine.data.sync = true (default)
2019-10-01 23:48:33,700 [pool-149-thread-1] INFO  server.RaftServerConfigKeys (ConfUtils.java:logGet(43)) - raft.server.log.statemachine.data.sync.timeout = 10s (default)
2019-10-01 23:48:33,701 [pool-119-thread-1] INFO  server.RaftServerConfigKeys (ConfUtils.java:logGet(43)) - raft.server.log.statemachine.data.sync.timeout = 10s (default)
2019-10-01 23:48:33,701 [pool-149-thread-1] INFO  server.RaftServerConfigKeys (ConfUtils.java:logGet(43)) - raft.server.log.statemachine.data.sync.timeout.retry = -1 (default)
2019-10-01 23:48:33,701 [pool-119-thread-1] INFO  server.RaftServerConfigKeys (ConfUtils.java:logGet(43)) - raft.server.log.statemachine.data.sync.timeout.retry = -1 (default)
2019-10-01 23:48:33,701 [pool-149-thread-1] INFO  server.RaftServerConfigKeys (ConfUtils.java:logGet(43)) - raft.server.log.statemachine.data.caching.enabled = true (custom)
2019-10-01 23:48:33,701 [pool-119-thread-1] INFO  server.RaftServerConfigKeys (ConfUtils.java:logGet(43)) - raft.server.log.statemachine.data.caching.enabled = true (custom)
2019-10-01 23:48:33,701 [pool-149-thread-1] INFO  segmented.SegmentedRaftLogWorker (SegmentedRaftLogWorker.java:lambda$new$0(128)) - 38ca09f0-e920-4f1a-8211-b6df4124e959@group-B5AC0863C80D-SegmentedRaftLogWorker: flushIndex: setUnconditionally 0 -> -1
2019-10-01 23:48:33,702 [pool-119-thread-1] INFO  segmented.SegmentedRaftLogWorker (SegmentedRaftLogWorker.java:lambda$new$0(128)) - 2de5c074-cadd-4caa-88d0-9a54a941c1e1@group-B5AC0863C80D-SegmentedRaftLogWorker: flushIndex: setUnconditionally 0 -> -1
2019-10-01 23:48:33,702 [pool-149-thread-1] INFO  server.RaftServerConfigKeys (ConfUtils.java:logGet(43)) - raft.server.snapshot.auto.trigger.enabled = true (custom)
2019-10-01 23:48:33,702 [pool-149-thread-1] INFO  server.RaftServerConfigKeys (ConfUtils.java:logGet(43)) - raft.server.snapshot.auto.trigger.threshold = 10000 (custom)
2019-10-01 23:48:33,702 [pool-119-thread-1] INFO  server.RaftServerConfigKeys (ConfUtils.java:logGet(43)) - raft.server.snapshot.auto.trigger.enabled = true (custom)
2019-10-01 23:48:33,702 [pool-149-thread-1] INFO  server.RaftServerConfigKeys (ConfUtils.java:logGet(43)) - raft.server.snapshot.retention.file.num = 5 (custom)
2019-10-01 23:48:33,702 [pool-119-thread-1] INFO  server.RaftServerConfigKeys (ConfUtils.java:logGet(43)) - raft.server.snapshot.auto.trigger.threshold = 10000 (custom)
2019-10-01 23:48:33,702 [pool-149-thread-1] INFO  server.RaftServerConfigKeys (ConfUtils.java:logGet(43)) - raft.server.retrycache.expirytime = 600000ms (custom)
2019-10-01 23:48:33,703 [pool-119-thread-1] INFO  server.RaftServerConfigKeys (ConfUtils.java:logGet(43)) - raft.server.snapshot.retention.file.num = 5 (custom)
2019-10-01 23:48:33,703 [pool-129-thread-1] INFO  impl.RaftServerImpl (RaftServerImpl.java:start(181)) - 16c8bbc3-fbe5-4279-adc2-6fe0065c977b@group-B5AC0863C80D: start as a follower, conf=-1: [2de5c074-cadd-4caa-88d0-9a54a941c1e1:192.168.30.63:42904, 16c8bbc3-fbe5-4279-adc2-6fe0065c977b:192.168.30.63:33008, 38ca09f0-e920-4f1a-8211-b6df4124e959:192.168.30.63:34985], old=null
2019-10-01 23:48:33,703 [pool-119-thread-1] INFO  server.RaftServerConfigKeys (ConfUtils.java:logGet(43)) - raft.server.retrycache.expirytime = 600000ms (custom)
2019-10-01 23:48:33,703 [pool-129-thread-1] INFO  impl.RaftServerImpl (RaftServerImpl.java:setRole(170)) - 16c8bbc3-fbe5-4279-adc2-6fe0065c977b@group-B5AC0863C80D: changes role from      null to FOLLOWER at term 0 for startAsFollower
2019-10-01 23:48:33,703 [pool-129-thread-1] INFO  impl.RoleInfo (RoleInfo.java:updateAndGet(143)) - 16c8bbc3-fbe5-4279-adc2-6fe0065c977b: start FollowerState
2019-10-01 23:48:33,704 [pool-129-thread-1] INFO  util.JmxRegister (JmxRegister.java:tryRegister(44)) - Successfully registered JMX Bean with object name Ratis:service=RaftServer,group=group-B5AC0863C80D,id=16c8bbc3-fbe5-4279-adc2-6fe0065c977b
2019-10-01 23:48:33,706 [pool-149-thread-1] INFO  impl.RaftServerImpl (RaftServerImpl.java:start(181)) - 38ca09f0-e920-4f1a-8211-b6df4124e959@group-B5AC0863C80D: start as a follower, conf=-1: [2de5c074-cadd-4caa-88d0-9a54a941c1e1:192.168.30.63:42904, 16c8bbc3-fbe5-4279-adc2-6fe0065c977b:192.168.30.63:33008, 38ca09f0-e920-4f1a-8211-b6df4124e959:192.168.30.63:34985], old=null
2019-10-01 23:48:33,706 [pool-149-thread-1] INFO  impl.RaftServerImpl (RaftServerImpl.java:setRole(170)) - 38ca09f0-e920-4f1a-8211-b6df4124e959@group-B5AC0863C80D: changes role from      null to FOLLOWER at term 0 for startAsFollower
2019-10-01 23:48:33,706 [pool-149-thread-1] INFO  impl.RoleInfo (RoleInfo.java:updateAndGet(143)) - 38ca09f0-e920-4f1a-8211-b6df4124e959: start FollowerState
2019-10-01 23:48:33,706 [pool-149-thread-1] INFO  util.JmxRegister (JmxRegister.java:tryRegister(44)) - Successfully registered JMX Bean with object name Ratis:service=RaftServer,group=group-B5AC0863C80D,id=38ca09f0-e920-4f1a-8211-b6df4124e959
2019-10-01 23:48:33,707 [pool-119-thread-1] INFO  impl.RaftServerImpl (RaftServerImpl.java:start(181)) - 2de5c074-cadd-4caa-88d0-9a54a941c1e1@group-B5AC0863C80D: start as a follower, conf=-1: [2de5c074-cadd-4caa-88d0-9a54a941c1e1:192.168.30.63:42904, 16c8bbc3-fbe5-4279-adc2-6fe0065c977b:192.168.30.63:33008, 38ca09f0-e920-4f1a-8211-b6df4124e959:192.168.30.63:34985], old=null
2019-10-01 23:48:33,707 [pool-119-thread-1] INFO  impl.RaftServerImpl (RaftServerImpl.java:setRole(170)) - 2de5c074-cadd-4caa-88d0-9a54a941c1e1@group-B5AC0863C80D: changes role from      null to FOLLOWER at term 0 for startAsFollower
2019-10-01 23:48:33,707 [pool-119-thread-1] INFO  impl.RoleInfo (RoleInfo.java:updateAndGet(143)) - 2de5c074-cadd-4caa-88d0-9a54a941c1e1: start FollowerState
2019-10-01 23:48:33,708 [pool-119-thread-1] INFO  util.JmxRegister (JmxRegister.java:tryRegister(44)) - Successfully registered JMX Bean with object name Ratis:service=RaftServer,group=group-B5AC0863C80D,id=2de5c074-cadd-4caa-88d0-9a54a941c1e1
2019-10-01 23:48:33,714 [RatisPipelineUtilsThread] INFO  pipeline.PipelineStateManager (PipelineStateManager.java:addPipeline(56)) - Created pipeline Pipeline[ Id: f99b79da-855d-48b5-9472-b5ac0863c80d, Nodes: 2de5c074-cadd-4caa-88d0-9a54a941c1e1{ip: 192.168.30.63, host: pr-hdds-2201-rename-25sj9-3976918760, networkLocation: /default-rack, certSerialId: null}16c8bbc3-fbe5-4279-adc2-6fe0065c977b{ip: 192.168.30.63, host: pr-hdds-2201-rename-25sj9-3976918760, networkLocation: /default-rack, certSerialId: null}38ca09f0-e920-4f1a-8211-b6df4124e959{ip: 192.168.30.63, host: pr-hdds-2201-rename-25sj9-3976918760, networkLocation: /default-rack, certSerialId: null}, Type:RATIS, Factor:THREE, State:OPEN]
2019-10-01 23:48:33,727 [grpc-default-executor-0] INFO  impl.RaftServerProxy (RaftServerProxy.java:addNew(89)) - ab266586-6a28-4580-b80c-65bb58481fdf: addNew group-90F5B60C18EA:[9bae093a-6162-4cd2-97fa-12be3a47952b:192.168.30.63:44980, ab266586-6a28-4580-b80c-65bb58481fdf:192.168.30.63:33765, 12504079-0622-447a-92a3-9106641c158d:192.168.30.63:34692] returns group-90F5B60C18EA:java.util.concurrent.CompletableFuture@18b4f565[Not completed]
2019-10-01 23:48:33,727 [grpc-default-executor-2] INFO  impl.RaftServerProxy (RaftServerProxy.java:addNew(89)) - 9bae093a-6162-4cd2-97fa-12be3a47952b: addNew group-90F5B60C18EA:[9bae093a-6162-4cd2-97fa-12be3a47952b:192.168.30.63:44980, ab266586-6a28-4580-b80c-65bb58481fdf:192.168.30.63:33765, 12504079-0622-447a-92a3-9106641c158d:192.168.30.63:34692] returns group-90F5B60C18EA:java.util.concurrent.CompletableFuture@544c90f3[Not completed]
2019-10-01 23:48:33,729 [grpc-default-executor-3] INFO  impl.RaftServerProxy (RaftServerProxy.java:addNew(89)) - 12504079-0622-447a-92a3-9106641c158d: addNew group-90F5B60C18EA:[9bae093a-6162-4cd2-97fa-12be3a47952b:192.168.30.63:44980, ab266586-6a28-4580-b80c-65bb58481fdf:192.168.30.63:33765, 12504079-0622-447a-92a3-9106641c158d:192.168.30.63:34692] returns group-90F5B60C18EA:java.util.concurrent.CompletableFuture@4e13763b[Not completed]
2019-10-01 23:48:33,730 [pool-159-thread-1] INFO  impl.RaftServerImpl (RaftServerImpl.java:<init>(95)) - ab266586-6a28-4580-b80c-65bb58481fdf: new RaftServerImpl for group-90F5B60C18EA:[9bae093a-6162-4cd2-97fa-12be3a47952b:192.168.30.63:44980, ab266586-6a28-4580-b80c-65bb58481fdf:192.168.30.63:33765, 12504079-0622-447a-92a3-9106641c158d:192.168.30.63:34692] with ContainerStateMachine:uninitialized
2019-10-01 23:48:33,730 [pool-159-thread-1] INFO  server.RaftServerConfigKeys (ConfUtils.java:logGet(43)) - raft.server.rpc.timeout.min = 5s (custom)
2019-10-01 23:48:33,730 [pool-159-thread-1] INFO  server.RaftServerConfigKeys (ConfUtils.java:logGet(43)) - raft.server.rpc.timeout.max = 5200ms (custom)
2019-10-01 23:48:33,730 [pool-159-thread-1] INFO  server.RaftServerConfigKeys (ConfUtils.java:logGet(43)) - raft.server.rpcslowness.timeout = 120s (custom)
2019-10-01 23:48:33,730 [pool-169-thread-1] INFO  impl.RaftServerImpl (RaftServerImpl.java:<init>(95)) - 12504079-0622-447a-92a3-9106641c158d: new RaftServerImpl for group-90F5B60C18EA:[9bae093a-6162-4cd2-97fa-12be3a47952b:192.168.30.63:44980, ab266586-6a28-4580-b80c-65bb58481fdf:192.168.30.63:33765, 12504079-0622-447a-92a3-9106641c158d:192.168.30.63:34692] with ContainerStateMachine:uninitialized
2019-10-01 23:48:33,731 [pool-159-thread-1] INFO  server.RaftServerConfigKeys (ConfUtils.java:logGet(43)) - raft.server.sleep.deviation.threshold = 300 (default)
2019-10-01 23:48:33,731 [pool-169-thread-1] INFO  server.RaftServerConfigKeys (ConfUtils.java:logGet(43)) - raft.server.rpc.timeout.min = 5s (custom)
2019-10-01 23:48:33,731 [pool-159-thread-1] INFO  server.RaftServerConfigKeys (ConfUtils.java:logGet(43)) - raft.server.log.appender.install.snapshot.enabled = false (custom)
2019-10-01 23:48:33,731 [pool-169-thread-1] INFO  server.RaftServerConfigKeys (ConfUtils.java:logGet(43)) - raft.server.rpc.timeout.max = 5200ms (custom)
2019-10-01 23:48:33,731 [pool-179-thread-1] INFO  impl.RaftServerImpl (RaftServerImpl.java:<init>(95)) - 9bae093a-6162-4cd2-97fa-12be3a47952b: new RaftServerImpl for group-90F5B60C18EA:[9bae093a-6162-4cd2-97fa-12be3a47952b:192.168.30.63:44980, ab266586-6a28-4580-b80c-65bb58481fdf:192.168.30.63:33765, 12504079-0622-447a-92a3-9106641c158d:192.168.30.63:34692] with ContainerStateMachine:uninitialized
2019-10-01 23:48:33,731 [pool-169-thread-1] INFO  server.RaftServerConfigKeys (ConfUtils.java:logGet(43)) - raft.server.rpcslowness.timeout = 120s (custom)
2019-10-01 23:48:33,731 [pool-159-thread-1] INFO  impl.RaftServerImpl (ServerState.java:<init>(103)) - ab266586-6a28-4580-b80c-65bb58481fdf@group-90F5B60C18EA: ConfigurationManager, init=-1: [9bae093a-6162-4cd2-97fa-12be3a47952b:192.168.30.63:44980, ab266586-6a28-4580-b80c-65bb58481fdf:192.168.30.63:33765, 12504079-0622-447a-92a3-9106641c158d:192.168.30.63:34692], old=null, confs=<EMPTY_MAP>
2019-10-01 23:48:33,731 [pool-169-thread-1] INFO  server.RaftServerConfigKeys (ConfUtils.java:logGet(43)) - raft.server.sleep.deviation.threshold = 300 (default)
2019-10-01 23:48:33,732 [pool-169-thread-1] INFO  server.RaftServerConfigKeys (ConfUtils.java:logGet(43)) - raft.server.log.appender.install.snapshot.enabled = false (custom)
2019-10-01 23:48:33,731 [pool-179-thread-1] INFO  server.RaftServerConfigKeys (ConfUtils.java:logGet(43)) - raft.server.rpc.timeout.min = 5s (custom)
2019-10-01 23:48:33,732 [pool-169-thread-1] INFO  impl.RaftServerImpl (ServerState.java:<init>(103)) - 12504079-0622-447a-92a3-9106641c158d@group-90F5B60C18EA: ConfigurationManager, init=-1: [9bae093a-6162-4cd2-97fa-12be3a47952b:192.168.30.63:44980, ab266586-6a28-4580-b80c-65bb58481fdf:192.168.30.63:33765, 12504079-0622-447a-92a3-9106641c158d:192.168.30.63:34692], old=null, confs=<EMPTY_MAP>
2019-10-01 23:48:33,732 [pool-159-thread-1] INFO  server.RaftServerConfigKeys (ConfUtils.java:logGet(43)) - raft.server.storage.dir = [/workdir/hadoop-ozone/integration-test/target/test-dir/MiniOzoneClusterImpl-86593db2-05eb-48a7-b50a-ea57df30e816/datanode-4/data/ratis] (custom)
2019-10-01 23:48:33,732 [pool-169-thread-1] INFO  server.RaftServerConfigKeys (ConfUtils.java:logGet(43)) - raft.server.storage.dir = [/workdir/hadoop-ozone/integration-test/target/test-dir/MiniOzoneClusterImpl-86593db2-05eb-48a7-b50a-ea57df30e816/datanode-5/data/ratis] (custom)
2019-10-01 23:48:33,732 [pool-179-thread-1] INFO  server.RaftServerConfigKeys (ConfUtils.java:logGet(43)) - raft.server.rpc.timeout.max = 5200ms (custom)
2019-10-01 23:48:33,732 [pool-159-thread-1] INFO  server.RaftServerConfigKeys (ConfUtils.java:logGet(43)) - raft.server.log.corruption.policy = EXCEPTION (default)
2019-10-01 23:48:33,732 [pool-169-thread-1] INFO  server.RaftServerConfigKeys (ConfUtils.java:logGet(43)) - raft.server.log.corruption.policy = EXCEPTION (default)
2019-10-01 23:48:33,732 [pool-179-thread-1] INFO  server.RaftServerConfigKeys (ConfUtils.java:logGet(43)) - raft.server.rpcslowness.timeout = 120s (custom)
2019-10-01 23:48:33,733 [pool-169-thread-1] INFO  storage.RaftStorageDirectory (RaftStorageDirectory.java:analyzeStorage(246)) - The storage directory /workdir/hadoop-ozone/integration-test/target/test-dir/MiniOzoneClusterImpl-86593db2-05eb-48a7-b50a-ea57df30e816/datanode-5/data/ratis/be7cb5fe-a69e-4379-9fc8-90f5b60c18ea does not exist. Creating ...
2019-10-01 23:48:33,733 [pool-159-thread-1] INFO  storage.RaftStorageDirectory (RaftStorageDirectory.java:analyzeStorage(246)) - The storage directory /workdir/hadoop-ozone/integration-test/target/test-dir/MiniOzoneClusterImpl-86593db2-05eb-48a7-b50a-ea57df30e816/datanode-4/data/ratis/be7cb5fe-a69e-4379-9fc8-90f5b60c18ea does not exist. Creating ...
2019-10-01 23:48:33,733 [pool-179-thread-1] INFO  server.RaftServerConfigKeys (ConfUtils.java:logGet(43)) - raft.server.sleep.deviation.threshold = 300 (default)
2019-10-01 23:48:33,733 [pool-179-thread-1] INFO  server.RaftServerConfigKeys (ConfUtils.java:logGet(43)) - raft.server.log.appender.install.snapshot.enabled = false (custom)
2019-10-01 23:48:33,733 [pool-179-thread-1] INFO  impl.RaftServerImpl (ServerState.java:<init>(103)) - 9bae093a-6162-4cd2-97fa-12be3a47952b@group-90F5B60C18EA: ConfigurationManager, init=-1: [9bae093a-6162-4cd2-97fa-12be3a47952b:192.168.30.63:44980, ab266586-6a28-4580-b80c-65bb58481fdf:192.168.30.63:33765, 12504079-0622-447a-92a3-9106641c158d:192.168.30.63:34692], old=null, confs=<EMPTY_MAP>
2019-10-01 23:48:33,733 [pool-179-thread-1] INFO  server.RaftServerConfigKeys (ConfUtils.java:logGet(43)) - raft.server.storage.dir = [/workdir/hadoop-ozone/integration-test/target/test-dir/MiniOzoneClusterImpl-86593db2-05eb-48a7-b50a-ea57df30e816/datanode-6/data/ratis] (custom)
2019-10-01 23:48:33,734 [pool-179-thread-1] INFO  server.RaftServerConfigKeys (ConfUtils.java:logGet(43)) - raft.server.log.corruption.policy = EXCEPTION (default)
2019-10-01 23:48:33,734 [pool-179-thread-1] INFO  storage.RaftStorageDirectory (RaftStorageDirectory.java:analyzeStorage(246)) - The storage directory /workdir/hadoop-ozone/integration-test/target/test-dir/MiniOzoneClusterImpl-86593db2-05eb-48a7-b50a-ea57df30e816/datanode-6/data/ratis/be7cb5fe-a69e-4379-9fc8-90f5b60c18ea does not exist. Creating ...
2019-10-01 23:48:33,768 [pool-179-thread-1] INFO  storage.RaftStorageDirectory (RaftStorageDirectory.java:tryLock(328)) - Lock on /workdir/hadoop-ozone/integration-test/target/test-dir/MiniOzoneClusterImpl-86593db2-05eb-48a7-b50a-ea57df30e816/datanode-6/data/ratis/be7cb5fe-a69e-4379-9fc8-90f5b60c18ea/in_use.lock acquired by nodename 28534@pr-hdds-2201-rename-25sj9-3976918760
2019-10-01 23:48:33,768 [pool-159-thread-1] INFO  storage.RaftStorageDirectory (RaftStorageDirectory.java:tryLock(328)) - Lock on /workdir/hadoop-ozone/integration-test/target/test-dir/MiniOzoneClusterImpl-86593db2-05eb-48a7-b50a-ea57df30e816/datanode-4/data/ratis/be7cb5fe-a69e-4379-9fc8-90f5b60c18ea/in_use.lock acquired by nodename 28534@pr-hdds-2201-rename-25sj9-3976918760
2019-10-01 23:48:33,768 [pool-169-thread-1] INFO  storage.RaftStorageDirectory (RaftStorageDirectory.java:tryLock(328)) - Lock on /workdir/hadoop-ozone/integration-test/target/test-dir/MiniOzoneClusterImpl-86593db2-05eb-48a7-b50a-ea57df30e816/datanode-5/data/ratis/be7cb5fe-a69e-4379-9fc8-90f5b60c18ea/in_use.lock acquired by nodename 28534@pr-hdds-2201-rename-25sj9-3976918760
2019-10-01 23:48:33,793 [pool-169-thread-1] INFO  storage.RaftStorage (RaftStorage.java:format(84)) - Storage directory /workdir/hadoop-ozone/integration-test/target/test-dir/MiniOzoneClusterImpl-86593db2-05eb-48a7-b50a-ea57df30e816/datanode-5/data/ratis/be7cb5fe-a69e-4379-9fc8-90f5b60c18ea has been successfully formatted.
2019-10-01 23:48:33,793 [pool-159-thread-1] INFO  storage.RaftStorage (RaftStorage.java:format(84)) - Storage directory /workdir/hadoop-ozone/integration-test/target/test-dir/MiniOzoneClusterImpl-86593db2-05eb-48a7-b50a-ea57df30e816/datanode-4/data/ratis/be7cb5fe-a69e-4379-9fc8-90f5b60c18ea has been successfully formatted.
2019-10-01 23:48:33,793 [pool-179-thread-1] INFO  storage.RaftStorage (RaftStorage.java:format(84)) - Storage directory /workdir/hadoop-ozone/integration-test/target/test-dir/MiniOzoneClusterImpl-86593db2-05eb-48a7-b50a-ea57df30e816/datanode-6/data/ratis/be7cb5fe-a69e-4379-9fc8-90f5b60c18ea has been successfully formatted.
2019-10-01 23:48:33,794 [pool-159-thread-1] INFO  ratis.ContainerStateMachine (ContainerStateMachine.java:loadSnapshot(230)) - group-90F5B60C18EA: The snapshot info is null. Setting the last applied indexto:(t:0, i:~)
2019-10-01 23:48:33,794 [pool-179-thread-1] INFO  ratis.ContainerStateMachine (ContainerStateMachine.java:loadSnapshot(230)) - group-90F5B60C18EA: The snapshot info is null. Setting the last applied indexto:(t:0, i:~)
2019-10-01 23:48:33,794 [pool-169-thread-1] INFO  ratis.ContainerStateMachine (ContainerStateMachine.java:loadSnapshot(230)) - group-90F5B60C18EA: The snapshot info is null. Setting the last applied indexto:(t:0, i:~)
2019-10-01 23:48:33,794 [pool-179-thread-1] INFO  server.RaftServerConfigKeys (ConfUtils.java:logGet(43)) - raft.server.notification.no-leader.timeout = 120s (custom)
2019-10-01 23:48:33,794 [pool-159-thread-1] INFO  server.RaftServerConfigKeys (ConfUtils.java:logGet(43)) - raft.server.notification.no-leader.timeout = 120s (custom)
2019-10-01 23:48:33,794 [pool-179-thread-1] INFO  server.RaftServerConfigKeys (ConfUtils.java:logGet(43)) - raft.server.log.use.memory = false (default)
2019-10-01 23:48:33,794 [pool-169-thread-1] INFO  server.RaftServerConfigKeys (ConfUtils.java:logGet(43)) - raft.server.notification.no-leader.timeout = 120s (custom)
2019-10-01 23:48:33,795 [pool-179-thread-1] INFO  server.RaftServerConfigKeys (ConfUtils.java:logGet(43)) - raft.server.log.purge.gap = 1000000 (custom)
2019-10-01 23:48:33,794 [pool-159-thread-1] INFO  server.RaftServerConfigKeys (ConfUtils.java:logGet(43)) - raft.server.log.use.memory = false (default)
2019-10-01 23:48:33,795 [pool-179-thread-1] INFO  server.RaftServerConfigKeys (ConfUtils.java:logGet(43)) - raft.server.log.appender.buffer.byte-limit = 33554432 (custom)
2019-10-01 23:48:33,795 [pool-169-thread-1] INFO  server.RaftServerConfigKeys (ConfUtils.java:logGet(43)) - raft.server.log.use.memory = false (default)
2019-10-01 23:48:33,795 [pool-179-thread-1] INFO  server.RaftServerConfigKeys (ConfUtils.java:logGet(43)) - raft.server.log.segment.size.max = 1048576 (custom)
2019-10-01 23:48:33,795 [pool-159-thread-1] INFO  server.RaftServerConfigKeys (ConfUtils.java:logGet(43)) - raft.server.log.purge.gap = 1000000 (custom)
2019-10-01 23:48:33,795 [pool-179-thread-1] INFO  server.RaftServerConfigKeys (ConfUtils.java:logGet(43)) - raft.server.log.segment.cache.num.max = 2 (custom)
2019-10-01 23:48:33,795 [pool-169-thread-1] INFO  server.RaftServerConfigKeys (ConfUtils.java:logGet(43)) - raft.server.log.purge.gap = 1000000 (custom)
2019-10-01 23:48:33,796 [pool-179-thread-1] INFO  segmented.SegmentedRaftLogWorker (SegmentedRaftLogWorker.java:<init>(173)) - new 9bae093a-6162-4cd2-97fa-12be3a47952b@group-90F5B60C18EA-SegmentedRaftLogWorker for RaftStorage:Storage Directory /workdir/hadoop-ozone/integration-test/target/test-dir/MiniOzoneClusterImpl-86593db2-05eb-48a7-b50a-ea57df30e816/datanode-6/data/ratis/be7cb5fe-a69e-4379-9fc8-90f5b60c18ea
2019-10-01 23:48:33,795 [pool-159-thread-1] INFO  server.RaftServerConfigKeys (ConfUtils.java:logGet(43)) - raft.server.log.appender.buffer.byte-limit = 33554432 (custom)
2019-10-01 23:48:33,796 [pool-179-thread-1] INFO  server.RaftServerConfigKeys (ConfUtils.java:logGet(43)) - raft.server.log.queue.byte-limit = 2147483647 (custom)
2019-10-01 23:48:33,796 [pool-169-thread-1] INFO  server.RaftServerConfigKeys (ConfUtils.java:logGet(43)) - raft.server.log.appender.buffer.byte-limit = 33554432 (custom)
2019-10-01 23:48:33,796 [pool-179-thread-1] INFO  server.RaftServerConfigKeys (ConfUtils.java:logGet(43)) - raft.server.log.queue.element-limit = 1024 (custom)
2019-10-01 23:48:33,796 [pool-159-thread-1] INFO  server.RaftServerConfigKeys (ConfUtils.java:logGet(43)) - raft.server.log.segment.size.max = 1048576 (custom)
2019-10-01 23:48:33,796 [pool-179-thread-1] INFO  server.RaftServerConfigKeys (ConfUtils.java:logGet(43)) - raft.server.log.segment.size.max = 1048576 (custom)
2019-10-01 23:48:33,796 [pool-169-thread-1] INFO  server.RaftServerConfigKeys (ConfUtils.java:logGet(43)) - raft.server.log.segment.size.max = 1048576 (custom)
2019-10-01 23:48:33,797 [pool-179-thread-1] INFO  server.RaftServerConfigKeys (ConfUtils.java:logGet(43)) - raft.server.log.preallocated.size = 16384 (custom)
2019-10-01 23:48:33,797 [pool-159-thread-1] INFO  server.RaftServerConfigKeys (ConfUtils.java:logGet(43)) - raft.server.log.segment.cache.num.max = 2 (custom)
2019-10-01 23:48:33,797 [pool-179-thread-1] INFO  server.RaftServerConfigKeys (ConfUtils.java:logGet(43)) - raft.server.log.write.buffer.size = 33554432 (custom)
2019-10-01 23:48:33,797 [pool-169-thread-1] INFO  server.RaftServerConfigKeys (ConfUtils.java:logGet(43)) - raft.server.log.segment.cache.num.max = 2 (custom)
2019-10-01 23:48:33,797 [pool-179-thread-1] INFO  server.RaftServerConfigKeys (ConfUtils.java:logGet(43)) - raft.server.log.force.sync.num = 128 (default)
2019-10-01 23:48:33,797 [pool-159-thread-1] INFO  segmented.SegmentedRaftLogWorker (SegmentedRaftLogWorker.java:<init>(173)) - new ab266586-6a28-4580-b80c-65bb58481fdf@group-90F5B60C18EA-SegmentedRaftLogWorker for RaftStorage:Storage Directory /workdir/hadoop-ozone/integration-test/target/test-dir/MiniOzoneClusterImpl-86593db2-05eb-48a7-b50a-ea57df30e816/datanode-4/data/ratis/be7cb5fe-a69e-4379-9fc8-90f5b60c18ea
2019-10-01 23:48:33,797 [pool-179-thread-1] INFO  server.RaftServerConfigKeys (ConfUtils.java:logGet(43)) - raft.server.log.statemachine.data.sync = true (default)
2019-10-01 23:48:33,797 [pool-169-thread-1] INFO  segmented.SegmentedRaftLogWorker (SegmentedRaftLogWorker.java:<init>(173)) - new 12504079-0622-447a-92a3-9106641c158d@group-90F5B60C18EA-SegmentedRaftLogWorker for RaftStorage:Storage Directory /workdir/hadoop-ozone/integration-test/target/test-dir/MiniOzoneClusterImpl-86593db2-05eb-48a7-b50a-ea57df30e816/datanode-5/data/ratis/be7cb5fe-a69e-4379-9fc8-90f5b60c18ea
2019-10-01 23:48:33,798 [pool-179-thread-1] INFO  server.RaftServerConfigKeys (ConfUtils.java:logGet(43)) - raft.server.log.statemachine.data.sync.timeout = 10s (default)
2019-10-01 23:48:33,797 [pool-159-thread-1] INFO  server.RaftServerConfigKeys (ConfUtils.java:logGet(43)) - raft.server.log.queue.byte-limit = 2147483647 (custom)
2019-10-01 23:48:33,798 [pool-179-thread-1] INFO  server.RaftServerConfigKeys (ConfUtils.java:logGet(43)) - raft.server.log.statemachine.data.sync.timeout.retry = -1 (default)
2019-10-01 23:48:33,798 [pool-169-thread-1] INFO  server.RaftServerConfigKeys (ConfUtils.java:logGet(43)) - raft.server.log.queue.byte-limit = 2147483647 (custom)
2019-10-01 23:48:33,798 [pool-179-thread-1] INFO  server.RaftServerConfigKeys (ConfUtils.java:logGet(43)) - raft.server.log.statemachine.data.caching.enabled = true (custom)
2019-10-01 23:48:33,798 [pool-159-thread-1] INFO  server.RaftServerConfigKeys (ConfUtils.java:logGet(43)) - raft.server.log.queue.element-limit = 1024 (custom)
2019-10-01 23:48:33,798 [pool-169-thread-1] INFO  server.RaftServerConfigKeys (ConfUtils.java:logGet(43)) - raft.server.log.queue.element-limit = 1024 (custom)
2019-10-01 23:48:33,799 [pool-179-thread-1] INFO  segmented.SegmentedRaftLogWorker (SegmentedRaftLogWorker.java:lambda$new$0(128)) - 9bae093a-6162-4cd2-97fa-12be3a47952b@group-90F5B60C18EA-SegmentedRaftLogWorker: flushIndex: setUnconditionally 0 -> -1
2019-10-01 23:48:33,799 [pool-159-thread-1] INFO  server.RaftServerConfigKeys (ConfUtils.java:logGet(43)) - raft.server.log.segment.size.max = 1048576 (custom)
2019-10-01 23:48:33,799 [pool-169-thread-1] INFO  server.RaftServerConfigKeys (ConfUtils.java:logGet(43)) - raft.server.log.segment.size.max = 1048576 (custom)
2019-10-01 23:48:33,799 [pool-179-thread-1] INFO  server.RaftServerConfigKeys (ConfUtils.java:logGet(43)) - raft.server.snapshot.auto.trigger.enabled = true (custom)
2019-10-01 23:48:33,799 [pool-159-thread-1] INFO  server.RaftServerConfigKeys (ConfUtils.java:logGet(43)) - raft.server.log.preallocated.size = 16384 (custom)
2019-10-01 23:48:33,799 [pool-179-thread-1] INFO  server.RaftServerConfigKeys (ConfUtils.java:logGet(43)) - raft.server.snapshot.auto.trigger.threshold = 10000 (custom)
2019-10-01 23:48:33,799 [pool-169-thread-1] INFO  server.RaftServerConfigKeys (ConfUtils.java:logGet(43)) - raft.server.log.preallocated.size = 16384 (custom)
2019-10-01 23:48:33,799 [pool-179-thread-1] INFO  server.RaftServerConfigKeys (ConfUtils.java:logGet(43)) - raft.server.snapshot.retention.file.num = 5 (custom)
2019-10-01 23:48:33,799 [pool-159-thread-1] INFO  server.RaftServerConfigKeys (ConfUtils.java:logGet(43)) - raft.server.log.write.buffer.size = 33554432 (custom)
2019-10-01 23:48:33,800 [pool-179-thread-1] INFO  server.RaftServerConfigKeys (ConfUtils.java:logGet(43)) - raft.server.retrycache.expirytime = 600000ms (custom)
2019-10-01 23:48:33,799 [pool-169-thread-1] INFO  server.RaftServerConfigKeys (ConfUtils.java:logGet(43)) - raft.server.log.write.buffer.size = 33554432 (custom)
2019-10-01 23:48:33,800 [pool-159-thread-1] INFO  server.RaftServerConfigKeys (ConfUtils.java:logGet(43)) - raft.server.log.force.sync.num = 128 (default)
2019-10-01 23:48:33,800 [pool-169-thread-1] INFO  server.RaftServerConfigKeys (ConfUtils.java:logGet(43)) - raft.server.log.force.sync.num = 128 (default)
2019-10-01 23:48:33,800 [pool-159-thread-1] INFO  server.RaftServerConfigKeys (ConfUtils.java:logGet(43)) - raft.server.log.statemachine.data.sync = true (default)
2019-10-01 23:48:33,800 [pool-169-thread-1] INFO  server.RaftServerConfigKeys (ConfUtils.java:logGet(43)) - raft.server.log.statemachine.data.sync = true (default)
2019-10-01 23:48:33,800 [pool-159-thread-1] INFO  server.RaftServerConfigKeys (ConfUtils.java:logGet(43)) - raft.server.log.statemachine.data.sync.timeout = 10s (default)
2019-10-01 23:48:33,800 [pool-169-thread-1] INFO  server.RaftServerConfigKeys (ConfUtils.java:logGet(43)) - raft.server.log.statemachine.data.sync.timeout = 10s (default)
2019-10-01 23:48:33,801 [pool-159-thread-1] INFO  server.RaftServerConfigKeys (ConfUtils.java:logGet(43)) - raft.server.log.statemachine.data.sync.timeout.retry = -1 (default)
2019-10-01 23:48:33,801 [pool-169-thread-1] INFO  server.RaftServerConfigKeys (ConfUtils.java:logGet(43)) - raft.server.log.statemachine.data.sync.timeout.retry = -1 (default)
2019-10-01 23:48:33,801 [pool-159-thread-1] INFO  server.RaftServerConfigKeys (ConfUtils.java:logGet(43)) - raft.server.log.statemachine.data.caching.enabled = true (custom)
2019-10-01 23:48:33,801 [pool-169-thread-1] INFO  server.RaftServerConfigKeys (ConfUtils.java:logGet(43)) - raft.server.log.statemachine.data.caching.enabled = true (custom)
2019-10-01 23:48:33,801 [pool-159-thread-1] INFO  segmented.SegmentedRaftLogWorker (SegmentedRaftLogWorker.java:lambda$new$0(128)) - ab266586-6a28-4580-b80c-65bb58481fdf@group-90F5B60C18EA-SegmentedRaftLogWorker: flushIndex: setUnconditionally 0 -> -1
2019-10-01 23:48:33,801 [pool-169-thread-1] INFO  segmented.SegmentedRaftLogWorker (SegmentedRaftLogWorker.java:lambda$new$0(128)) - 12504079-0622-447a-92a3-9106641c158d@group-90F5B60C18EA-SegmentedRaftLogWorker: flushIndex: setUnconditionally 0 -> -1
2019-10-01 23:48:33,802 [pool-159-thread-1] INFO  server.RaftServerConfigKeys (ConfUtils.java:logGet(43)) - raft.server.snapshot.auto.trigger.enabled = true (custom)
2019-10-01 23:48:33,802 [pool-169-thread-1] INFO  server.RaftServerConfigKeys (ConfUtils.java:logGet(43)) - raft.server.snapshot.auto.trigger.enabled = true (custom)
2019-10-01 23:48:33,802 [pool-159-thread-1] INFO  server.RaftServerConfigKeys (ConfUtils.java:logGet(43)) - raft.server.snapshot.auto.trigger.threshold = 10000 (custom)
2019-10-01 23:48:33,802 [pool-169-thread-1] INFO  server.RaftServerConfigKeys (ConfUtils.java:logGet(43)) - raft.server.snapshot.auto.trigger.threshold = 10000 (custom)
2019-10-01 23:48:33,802 [pool-159-thread-1] INFO  server.RaftServerConfigKeys (ConfUtils.java:logGet(43)) - raft.server.snapshot.retention.file.num = 5 (custom)
2019-10-01 23:48:33,802 [pool-169-thread-1] INFO  server.RaftServerConfigKeys (ConfUtils.java:logGet(43)) - raft.server.snapshot.retention.file.num = 5 (custom)
2019-10-01 23:48:33,802 [pool-159-thread-1] INFO  server.RaftServerConfigKeys (ConfUtils.java:logGet(43)) - raft.server.retrycache.expirytime = 600000ms (custom)
2019-10-01 23:48:33,802 [pool-179-thread-1] INFO  impl.RaftServerImpl (RaftServerImpl.java:start(181)) - 9bae093a-6162-4cd2-97fa-12be3a47952b@group-90F5B60C18EA: start as a follower, conf=-1: [9bae093a-6162-4cd2-97fa-12be3a47952b:192.168.30.63:44980, ab266586-6a28-4580-b80c-65bb58481fdf:192.168.30.63:33765, 12504079-0622-447a-92a3-9106641c158d:192.168.30.63:34692], old=null
2019-10-01 23:48:33,802 [pool-169-thread-1] INFO  server.RaftServerConfigKeys (ConfUtils.java:logGet(43)) - raft.server.retrycache.expirytime = 600000ms (custom)
2019-10-01 23:48:33,802 [pool-179-thread-1] INFO  impl.RaftServerImpl (RaftServerImpl.java:setRole(170)) - 9bae093a-6162-4cd2-97fa-12be3a47952b@group-90F5B60C18EA: changes role from      null to FOLLOWER at term 0 for startAsFollower
2019-10-01 23:48:33,803 [pool-179-thread-1] INFO  impl.RoleInfo (RoleInfo.java:updateAndGet(143)) - 9bae093a-6162-4cd2-97fa-12be3a47952b: start FollowerState
2019-10-01 23:48:33,803 [pool-179-thread-1] INFO  util.JmxRegister (JmxRegister.java:tryRegister(44)) - Successfully registered JMX Bean with object name Ratis:service=RaftServer,group=group-90F5B60C18EA,id=9bae093a-6162-4cd2-97fa-12be3a47952b
2019-10-01 23:48:33,806 [pool-159-thread-1] INFO  impl.RaftServerImpl (RaftServerImpl.java:start(181)) - ab266586-6a28-4580-b80c-65bb58481fdf@group-90F5B60C18EA: start as a follower, conf=-1: [9bae093a-6162-4cd2-97fa-12be3a47952b:192.168.30.63:44980, ab266586-6a28-4580-b80c-65bb58481fdf:192.168.30.63:33765, 12504079-0622-447a-92a3-9106641c158d:192.168.30.63:34692], old=null
2019-10-01 23:48:33,806 [pool-159-thread-1] INFO  impl.RaftServerImpl (RaftServerImpl.java:setRole(170)) - ab266586-6a28-4580-b80c-65bb58481fdf@group-90F5B60C18EA: changes role from      null to FOLLOWER at term 0 for startAsFollower
2019-10-01 23:48:33,806 [pool-159-thread-1] INFO  impl.RoleInfo (RoleInfo.java:updateAndGet(143)) - ab266586-6a28-4580-b80c-65bb58481fdf: start FollowerState
2019-10-01 23:48:33,806 [pool-169-thread-1] INFO  impl.RaftServerImpl (RaftServerImpl.java:start(181)) - 12504079-0622-447a-92a3-9106641c158d@group-90F5B60C18EA: start as a follower, conf=-1: [9bae093a-6162-4cd2-97fa-12be3a47952b:192.168.30.63:44980, ab266586-6a28-4580-b80c-65bb58481fdf:192.168.30.63:33765, 12504079-0622-447a-92a3-9106641c158d:192.168.30.63:34692], old=null
2019-10-01 23:48:33,807 [pool-169-thread-1] INFO  impl.RaftServerImpl (RaftServerImpl.java:setRole(170)) - 12504079-0622-447a-92a3-9106641c158d@group-90F5B60C18EA: changes role from      null to FOLLOWER at term 0 for startAsFollower
2019-10-01 23:48:33,807 [pool-159-thread-1] INFO  util.JmxRegister (JmxRegister.java:tryRegister(44)) - Successfully registered JMX Bean with object name Ratis:service=RaftServer,group=group-90F5B60C18EA,id=ab266586-6a28-4580-b80c-65bb58481fdf
2019-10-01 23:48:33,807 [pool-169-thread-1] INFO  impl.RoleInfo (RoleInfo.java:updateAndGet(143)) - 12504079-0622-447a-92a3-9106641c158d: start FollowerState
2019-10-01 23:48:33,807 [pool-169-thread-1] INFO  util.JmxRegister (JmxRegister.java:tryRegister(44)) - Successfully registered JMX Bean with object name Ratis:service=RaftServer,group=group-90F5B60C18EA,id=12504079-0622-447a-92a3-9106641c158d
2019-10-01 23:48:33,812 [RatisPipelineUtilsThread] INFO  pipeline.PipelineStateManager (PipelineStateManager.java:addPipeline(56)) - Created pipeline Pipeline[ Id: be7cb5fe-a69e-4379-9fc8-90f5b60c18ea, Nodes: 12504079-0622-447a-92a3-9106641c158d{ip: 192.168.30.63, host: pr-hdds-2201-rename-25sj9-3976918760, networkLocation: /default-rack, certSerialId: null}ab266586-6a28-4580-b80c-65bb58481fdf{ip: 192.168.30.63, host: pr-hdds-2201-rename-25sj9-3976918760, networkLocation: /default-rack, certSerialId: null}9bae093a-6162-4cd2-97fa-12be3a47952b{ip: 192.168.30.63, host: pr-hdds-2201-rename-25sj9-3976918760, networkLocation: /default-rack, certSerialId: null}, Type:RATIS, Factor:THREE, State:OPEN]
2019-10-01 23:48:34,332 [main] INFO  ozone.MiniOzoneClusterImpl (MiniOzoneClusterImpl.java:lambda$waitForClusterToBeReady$0(147)) - Cluster is ready. Got 7 of 7 DN Heartbeats.
2019-10-01 23:48:34,367 [main] INFO  rpc.RpcClient (RpcClient.java:createVolume(276)) - Creating Volume: testblockoutputstreamwithretries, with jenkins1000 as owner.
2019-10-01 23:48:34,371 [IPC Server handler 1 on 34707] INFO  volume.OMVolumeCreateRequest (OMVolumeCreateRequest.java:validateAndUpdateCache(193)) - created volume:testblockoutputstreamwithretries for user:jenkins1000
2019-10-01 23:48:34,384 [main] INFO  rpc.RpcClient (RpcClient.java:createBucket(415)) - Creating Bucket: testblockoutputstreamwithretries/testblockoutputstreamwithretries, with Versioning false and Storage Type set to DISK and Encryption set to false 
2019-10-01 23:48:35,820 [Thread-690] INFO  container.ReplicationManager (ReplicationManager.java:start(162)) - Starting Replication Monitor Thread.
2019-10-01 23:48:35,822 [ReplicationMonitor] INFO  container.ReplicationManager (ReplicationManager.java:run(225)) - Replication Monitor Thread took 0 milliseconds for processing 3 containers.
2019-10-01 23:48:37,962 [Thread-692] INFO  impl.FollowerState (FollowerState.java:run(108)) - 2de5c074-cadd-4caa-88d0-9a54a941c1e1@group-794BB8FCA777-FollowerState: change to CANDIDATE, lastRpcTime:5075ms, electionTimeout:5075ms
2019-10-01 23:48:37,962 [Thread-692] INFO  impl.RoleInfo (RoleInfo.java:shutdownFollowerState(121)) - 2de5c074-cadd-4caa-88d0-9a54a941c1e1: shutdown FollowerState
2019-10-01 23:48:37,962 [Thread-692] INFO  impl.RaftServerImpl (RaftServerImpl.java:setRole(170)) - 2de5c074-cadd-4caa-88d0-9a54a941c1e1@group-794BB8FCA777: changes role from  FOLLOWER to CANDIDATE at term 0 for changeToCandidate
2019-10-01 23:48:37,963 [Thread-692] INFO  impl.RoleInfo (RoleInfo.java:updateAndGet(143)) - 2de5c074-cadd-4caa-88d0-9a54a941c1e1: start LeaderElection
2019-10-01 23:48:38,008 [Thread-695] INFO  impl.FollowerState (FollowerState.java:run(108)) - 16c8bbc3-fbe5-4279-adc2-6fe0065c977b@group-E0A991211492-FollowerState: change to CANDIDATE, lastRpcTime:5047ms, electionTimeout:5047ms
2019-10-01 23:48:38,008 [Thread-695] INFO  impl.RoleInfo (RoleInfo.java:shutdownFollowerState(121)) - 16c8bbc3-fbe5-4279-adc2-6fe0065c977b: shutdown FollowerState
2019-10-01 23:48:38,008 [Thread-695] INFO  impl.RaftServerImpl (RaftServerImpl.java:setRole(170)) - 16c8bbc3-fbe5-4279-adc2-6fe0065c977b@group-E0A991211492: changes role from  FOLLOWER to CANDIDATE at term 0 for changeToCandidate
2019-10-01 23:48:38,009 [Thread-695] INFO  impl.RoleInfo (RoleInfo.java:updateAndGet(143)) - 16c8bbc3-fbe5-4279-adc2-6fe0065c977b: start LeaderElection
2019-10-01 23:48:38,022 [2de5c074-cadd-4caa-88d0-9a54a941c1e1@group-794BB8FCA777-LeaderElection14] INFO  impl.LeaderElection (LeaderElection.java:askForVotes(178)) - 2de5c074-cadd-4caa-88d0-9a54a941c1e1@group-794BB8FCA777-LeaderElection14: begin an election at term 1 for -1: [2de5c074-cadd-4caa-88d0-9a54a941c1e1:192.168.30.63:42904], old=null
2019-10-01 23:48:38,023 [2de5c074-cadd-4caa-88d0-9a54a941c1e1@group-794BB8FCA777-LeaderElection14] INFO  impl.RoleInfo (RoleInfo.java:shutdownLeaderElection(134)) - 2de5c074-cadd-4caa-88d0-9a54a941c1e1: shutdown LeaderElection
2019-10-01 23:48:38,023 [2de5c074-cadd-4caa-88d0-9a54a941c1e1@group-794BB8FCA777-LeaderElection14] INFO  impl.RaftServerImpl (RaftServerImpl.java:setRole(170)) - 2de5c074-cadd-4caa-88d0-9a54a941c1e1@group-794BB8FCA777: changes role from CANDIDATE to LEADER at term 1 for changeToLeader
2019-10-01 23:48:38,023 [2de5c074-cadd-4caa-88d0-9a54a941c1e1@group-794BB8FCA777-LeaderElection14] INFO  impl.RaftServerImpl (ServerState.java:setLeader(255)) - 2de5c074-cadd-4caa-88d0-9a54a941c1e1@group-794BB8FCA777: change Leader from null to 2de5c074-cadd-4caa-88d0-9a54a941c1e1 at term 1 for becomeLeader, leader elected after 5146ms
2019-10-01 23:48:38,025 [2de5c074-cadd-4caa-88d0-9a54a941c1e1@group-794BB8FCA777-LeaderElection14] INFO  server.RaftServerConfigKeys (ConfUtils.java:logGet(43)) - raft.server.staging.catchup.gap = 1000 (default)
2019-10-01 23:48:38,025 [2de5c074-cadd-4caa-88d0-9a54a941c1e1@group-794BB8FCA777-LeaderElection14] INFO  server.RaftServerConfigKeys (ConfUtils.java:logGet(43)) - raft.server.rpc.sleep.time = 25ms (default)
2019-10-01 23:48:38,025 [2de5c074-cadd-4caa-88d0-9a54a941c1e1@group-794BB8FCA777-LeaderElection14] INFO  server.RaftServerConfigKeys (ConfUtils.java:logGet(43)) - raft.server.write.element-limit = 4096 (default)
2019-10-01 23:48:38,025 [2de5c074-cadd-4caa-88d0-9a54a941c1e1@group-794BB8FCA777-LeaderElection14] INFO  server.RaftServerConfigKeys (ConfUtils.java:logGet(43)) - raft.server.watch.timeout = 10s (default)
2019-10-01 23:48:38,026 [2de5c074-cadd-4caa-88d0-9a54a941c1e1@group-794BB8FCA777-LeaderElection14] INFO  server.RaftServerConfigKeys (ConfUtils.java:logGet(43)) - raft.server.watch.timeout.denomination = 1s (default)
2019-10-01 23:48:38,026 [2de5c074-cadd-4caa-88d0-9a54a941c1e1@group-794BB8FCA777-LeaderElection14] INFO  server.RaftServerConfigKeys (ConfUtils.java:logGet(43)) - raft.server.watch.element-limit = 65536 (default)
2019-10-01 23:48:38,029 [2de5c074-cadd-4caa-88d0-9a54a941c1e1@group-794BB8FCA777-LeaderElection14] INFO  impl.RoleInfo (RoleInfo.java:updateAndGet(143)) - 2de5c074-cadd-4caa-88d0-9a54a941c1e1: start LeaderState
2019-10-01 23:48:38,030 [2de5c074-cadd-4caa-88d0-9a54a941c1e1@group-794BB8FCA777-LeaderElection14] INFO  segmented.SegmentedRaftLogWorker (SegmentedRaftLogWorker.java:startLogSegment(385)) - 2de5c074-cadd-4caa-88d0-9a54a941c1e1@group-794BB8FCA777-SegmentedRaftLogWorker: Starting segment from index:0
2019-10-01 23:48:38,031 [2de5c074-cadd-4caa-88d0-9a54a941c1e1@group-794BB8FCA777-LeaderElection14] INFO  impl.RaftServerImpl (ServerState.java:setRaftConf(356)) - 2de5c074-cadd-4caa-88d0-9a54a941c1e1@group-794BB8FCA777: set configuration 0: [2de5c074-cadd-4caa-88d0-9a54a941c1e1:192.168.30.63:42904], old=null at 0
2019-10-01 23:48:38,044 [16c8bbc3-fbe5-4279-adc2-6fe0065c977b@group-E0A991211492-LeaderElection15] INFO  impl.LeaderElection (LeaderElection.java:askForVotes(178)) - 16c8bbc3-fbe5-4279-adc2-6fe0065c977b@group-E0A991211492-LeaderElection15: begin an election at term 1 for -1: [16c8bbc3-fbe5-4279-adc2-6fe0065c977b:192.168.30.63:33008], old=null
2019-10-01 23:48:38,045 [16c8bbc3-fbe5-4279-adc2-6fe0065c977b@group-E0A991211492-LeaderElection15] INFO  impl.RoleInfo (RoleInfo.java:shutdownLeaderElection(134)) - 16c8bbc3-fbe5-4279-adc2-6fe0065c977b: shutdown LeaderElection
2019-10-01 23:48:38,045 [16c8bbc3-fbe5-4279-adc2-6fe0065c977b@group-E0A991211492-LeaderElection15] INFO  impl.RaftServerImpl (RaftServerImpl.java:setRole(170)) - 16c8bbc3-fbe5-4279-adc2-6fe0065c977b@group-E0A991211492: changes role from CANDIDATE to LEADER at term 1 for changeToLeader
2019-10-01 23:48:38,045 [16c8bbc3-fbe5-4279-adc2-6fe0065c977b@group-E0A991211492-LeaderElection15] INFO  impl.RaftServerImpl (ServerState.java:setLeader(255)) - 16c8bbc3-fbe5-4279-adc2-6fe0065c977b@group-E0A991211492: change Leader from null to 16c8bbc3-fbe5-4279-adc2-6fe0065c977b at term 1 for becomeLeader, leader elected after 5093ms
2019-10-01 23:48:38,058 [16c8bbc3-fbe5-4279-adc2-6fe0065c977b@group-E0A991211492-LeaderElection15] INFO  server.RaftServerConfigKeys (ConfUtils.java:logGet(43)) - raft.server.staging.catchup.gap = 1000 (default)
2019-10-01 23:48:38,058 [16c8bbc3-fbe5-4279-adc2-6fe0065c977b@group-E0A991211492-LeaderElection15] INFO  server.RaftServerConfigKeys (ConfUtils.java:logGet(43)) - raft.server.rpc.sleep.time = 25ms (default)
2019-10-01 23:48:38,059 [16c8bbc3-fbe5-4279-adc2-6fe0065c977b@group-E0A991211492-LeaderElection15] INFO  server.RaftServerConfigKeys (ConfUtils.java:logGet(43)) - raft.server.write.element-limit = 4096 (default)
2019-10-01 23:48:38,059 [16c8bbc3-fbe5-4279-adc2-6fe0065c977b@group-E0A991211492-LeaderElection15] INFO  server.RaftServerConfigKeys (ConfUtils.java:logGet(43)) - raft.server.watch.timeout = 10s (default)
2019-10-01 23:48:38,059 [16c8bbc3-fbe5-4279-adc2-6fe0065c977b@group-E0A991211492-LeaderElection15] INFO  server.RaftServerConfigKeys (ConfUtils.java:logGet(43)) - raft.server.watch.timeout.denomination = 1s (default)
2019-10-01 23:48:38,059 [16c8bbc3-fbe5-4279-adc2-6fe0065c977b@group-E0A991211492-LeaderElection15] INFO  server.RaftServerConfigKeys (ConfUtils.java:logGet(43)) - raft.server.watch.element-limit = 65536 (default)
2019-10-01 23:48:38,061 [16c8bbc3-fbe5-4279-adc2-6fe0065c977b@group-E0A991211492-LeaderElection15] INFO  impl.RoleInfo (RoleInfo.java:updateAndGet(143)) - 16c8bbc3-fbe5-4279-adc2-6fe0065c977b: start LeaderState
2019-10-01 23:48:38,061 [16c8bbc3-fbe5-4279-adc2-6fe0065c977b@group-E0A991211492-LeaderElection15] INFO  segmented.SegmentedRaftLogWorker (SegmentedRaftLogWorker.java:startLogSegment(385)) - 16c8bbc3-fbe5-4279-adc2-6fe0065c977b@group-E0A991211492-SegmentedRaftLogWorker: Starting segment from index:0
2019-10-01 23:48:38,062 [16c8bbc3-fbe5-4279-adc2-6fe0065c977b@group-E0A991211492-LeaderElection15] INFO  impl.RaftServerImpl (ServerState.java:setRaftConf(356)) - 16c8bbc3-fbe5-4279-adc2-6fe0065c977b@group-E0A991211492: set configuration 0: [16c8bbc3-fbe5-4279-adc2-6fe0065c977b:192.168.30.63:33008], old=null at 0
2019-10-01 23:48:38,086 [2de5c074-cadd-4caa-88d0-9a54a941c1e1@group-794BB8FCA777-SegmentedRaftLogWorker] INFO  segmented.SegmentedRaftLogWorker (SegmentedRaftLogWorker.java:execute(574)) - 2de5c074-cadd-4caa-88d0-9a54a941c1e1@group-794BB8FCA777-SegmentedRaftLogWorker: created new log segment /workdir/hadoop-ozone/integration-test/target/test-dir/MiniOzoneClusterImpl-86593db2-05eb-48a7-b50a-ea57df30e816/datanode-0/data/ratis/fb599853-2633-460d-b8bf-794bb8fca777/current/log_inprogress_0
2019-10-01 23:48:38,120 [16c8bbc3-fbe5-4279-adc2-6fe0065c977b@group-E0A991211492-SegmentedRaftLogWorker] INFO  segmented.SegmentedRaftLogWorker (SegmentedRaftLogWorker.java:execute(574)) - 16c8bbc3-fbe5-4279-adc2-6fe0065c977b@group-E0A991211492-SegmentedRaftLogWorker: created new log segment /workdir/hadoop-ozone/integration-test/target/test-dir/MiniOzoneClusterImpl-86593db2-05eb-48a7-b50a-ea57df30e816/datanode-1/data/ratis/45488019-4c0d-4e5c-804c-e0a991211492/current/log_inprogress_0
2019-10-01 23:48:38,139 [Thread-698] INFO  impl.FollowerState (FollowerState.java:run(108)) - a1cb0b66-8edc-4726-b86a-46c9b6797c30@group-24115C18EB8E-FollowerState: change to CANDIDATE, lastRpcTime:5104ms, electionTimeout:5104ms
2019-10-01 23:48:38,139 [Thread-698] INFO  impl.RoleInfo (RoleInfo.java:shutdownFollowerState(121)) - a1cb0b66-8edc-4726-b86a-46c9b6797c30: shutdown FollowerState
2019-10-01 23:48:38,139 [Thread-698] INFO  impl.RaftServerImpl (RaftServerImpl.java:setRole(170)) - a1cb0b66-8edc-4726-b86a-46c9b6797c30@group-24115C18EB8E: changes role from  FOLLOWER to CANDIDATE at term 0 for changeToCandidate
2019-10-01 23:48:38,140 [Thread-698] INFO  impl.RoleInfo (RoleInfo.java:updateAndGet(143)) - a1cb0b66-8edc-4726-b86a-46c9b6797c30: start LeaderElection
2019-10-01 23:48:38,170 [a1cb0b66-8edc-4726-b86a-46c9b6797c30@group-24115C18EB8E-LeaderElection16] INFO  impl.LeaderElection (LeaderElection.java:askForVotes(178)) - a1cb0b66-8edc-4726-b86a-46c9b6797c30@group-24115C18EB8E-LeaderElection16: begin an election at term 1 for -1: [a1cb0b66-8edc-4726-b86a-46c9b6797c30:192.168.30.63:41303], old=null
2019-10-01 23:48:38,170 [a1cb0b66-8edc-4726-b86a-46c9b6797c30@group-24115C18EB8E-LeaderElection16] INFO  impl.RoleInfo (RoleInfo.java:shutdownLeaderElection(134)) - a1cb0b66-8edc-4726-b86a-46c9b6797c30: shutdown LeaderElection
2019-10-01 23:48:38,171 [a1cb0b66-8edc-4726-b86a-46c9b6797c30@group-24115C18EB8E-LeaderElection16] INFO  impl.RaftServerImpl (RaftServerImpl.java:setRole(170)) - a1cb0b66-8edc-4726-b86a-46c9b6797c30@group-24115C18EB8E: changes role from CANDIDATE to LEADER at term 1 for changeToLeader
2019-10-01 23:48:38,171 [a1cb0b66-8edc-4726-b86a-46c9b6797c30@group-24115C18EB8E-LeaderElection16] INFO  impl.RaftServerImpl (ServerState.java:setLeader(255)) - a1cb0b66-8edc-4726-b86a-46c9b6797c30@group-24115C18EB8E: change Leader from null to a1cb0b66-8edc-4726-b86a-46c9b6797c30 at term 1 for becomeLeader, leader elected after 5142ms
2019-10-01 23:48:38,174 [a1cb0b66-8edc-4726-b86a-46c9b6797c30@group-24115C18EB8E-LeaderElection16] INFO  server.RaftServerConfigKeys (ConfUtils.java:logGet(43)) - raft.server.staging.catchup.gap = 1000 (default)
2019-10-01 23:48:38,174 [Thread-701] INFO  impl.FollowerState (FollowerState.java:run(108)) - 38ca09f0-e920-4f1a-8211-b6df4124e959@group-618F7D0BABE8-FollowerState: change to CANDIDATE, lastRpcTime:5055ms, electionTimeout:5054ms
2019-10-01 23:48:38,174 [a1cb0b66-8edc-4726-b86a-46c9b6797c30@group-24115C18EB8E-LeaderElection16] INFO  server.RaftServerConfigKeys (ConfUtils.java:logGet(43)) - raft.server.rpc.sleep.time = 25ms (default)
2019-10-01 23:48:38,174 [Thread-701] INFO  impl.RoleInfo (RoleInfo.java:shutdownFollowerState(121)) - 38ca09f0-e920-4f1a-8211-b6df4124e959: shutdown FollowerState
2019-10-01 23:48:38,174 [a1cb0b66-8edc-4726-b86a-46c9b6797c30@group-24115C18EB8E-LeaderElection16] INFO  server.RaftServerConfigKeys (ConfUtils.java:logGet(43)) - raft.server.write.element-limit = 4096 (default)
2019-10-01 23:48:38,174 [Thread-701] INFO  impl.RaftServerImpl (RaftServerImpl.java:setRole(170)) - 38ca09f0-e920-4f1a-8211-b6df4124e959@group-618F7D0BABE8: changes role from  FOLLOWER to CANDIDATE at term 0 for changeToCandidate
2019-10-01 23:48:38,174 [a1cb0b66-8edc-4726-b86a-46c9b6797c30@group-24115C18EB8E-LeaderElection16] INFO  server.RaftServerConfigKeys (ConfUtils.java:logGet(43)) - raft.server.watch.timeout = 10s (default)
2019-10-01 23:48:38,175 [Thread-701] INFO  impl.RoleInfo (RoleInfo.java:updateAndGet(143)) - 38ca09f0-e920-4f1a-8211-b6df4124e959: start LeaderElection
2019-10-01 23:48:38,175 [a1cb0b66-8edc-4726-b86a-46c9b6797c30@group-24115C18EB8E-LeaderElection16] INFO  server.RaftServerConfigKeys (ConfUtils.java:logGet(43)) - raft.server.watch.timeout.denomination = 1s (default)
2019-10-01 23:48:38,175 [a1cb0b66-8edc-4726-b86a-46c9b6797c30@group-24115C18EB8E-LeaderElection16] INFO  server.RaftServerConfigKeys (ConfUtils.java:logGet(43)) - raft.server.watch.element-limit = 65536 (default)
2019-10-01 23:48:38,188 [a1cb0b66-8edc-4726-b86a-46c9b6797c30@group-24115C18EB8E-LeaderElection16] INFO  impl.RoleInfo (RoleInfo.java:updateAndGet(143)) - a1cb0b66-8edc-4726-b86a-46c9b6797c30: start LeaderState
2019-10-01 23:48:38,189 [a1cb0b66-8edc-4726-b86a-46c9b6797c30@group-24115C18EB8E-LeaderElection16] INFO  segmented.SegmentedRaftLogWorker (SegmentedRaftLogWorker.java:startLogSegment(385)) - a1cb0b66-8edc-4726-b86a-46c9b6797c30@group-24115C18EB8E-SegmentedRaftLogWorker: Starting segment from index:0
2019-10-01 23:48:38,189 [a1cb0b66-8edc-4726-b86a-46c9b6797c30@group-24115C18EB8E-LeaderElection16] INFO  impl.RaftServerImpl (ServerState.java:setRaftConf(356)) - a1cb0b66-8edc-4726-b86a-46c9b6797c30@group-24115C18EB8E: set configuration 0: [a1cb0b66-8edc-4726-b86a-46c9b6797c30:192.168.30.63:41303], old=null at 0
2019-10-01 23:48:38,220 [38ca09f0-e920-4f1a-8211-b6df4124e959@group-618F7D0BABE8-LeaderElection17] INFO  impl.LeaderElection (LeaderElection.java:askForVotes(178)) - 38ca09f0-e920-4f1a-8211-b6df4124e959@group-618F7D0BABE8-LeaderElection17: begin an election at term 1 for -1: [38ca09f0-e920-4f1a-8211-b6df4124e959:192.168.30.63:34985], old=null
2019-10-01 23:48:38,220 [38ca09f0-e920-4f1a-8211-b6df4124e959@group-618F7D0BABE8-LeaderElection17] INFO  impl.RoleInfo (RoleInfo.java:shutdownLeaderElection(134)) - 38ca09f0-e920-4f1a-8211-b6df4124e959: shutdown LeaderElection
2019-10-01 23:48:38,220 [38ca09f0-e920-4f1a-8211-b6df4124e959@group-618F7D0BABE8-LeaderElection17] INFO  impl.RaftServerImpl (RaftServerImpl.java:setRole(170)) - 38ca09f0-e920-4f1a-8211-b6df4124e959@group-618F7D0BABE8: changes role from CANDIDATE to LEADER at term 1 for changeToLeader
2019-10-01 23:48:38,220 [38ca09f0-e920-4f1a-8211-b6df4124e959@group-618F7D0BABE8-LeaderElection17] INFO  impl.RaftServerImpl (ServerState.java:setLeader(255)) - 38ca09f0-e920-4f1a-8211-b6df4124e959@group-618F7D0BABE8: change Leader from null to 38ca09f0-e920-4f1a-8211-b6df4124e959 at term 1 for becomeLeader, leader elected after 5108ms
2019-10-01 23:48:38,223 [38ca09f0-e920-4f1a-8211-b6df4124e959@group-618F7D0BABE8-LeaderElection17] INFO  server.RaftServerConfigKeys (ConfUtils.java:logGet(43)) - raft.server.staging.catchup.gap = 1000 (default)
2019-10-01 23:48:38,223 [38ca09f0-e920-4f1a-8211-b6df4124e959@group-618F7D0BABE8-LeaderElection17] INFO  server.RaftServerConfigKeys (ConfUtils.java:logGet(43)) - raft.server.rpc.sleep.time = 25ms (default)
2019-10-01 23:48:38,223 [38ca09f0-e920-4f1a-8211-b6df4124e959@group-618F7D0BABE8-LeaderElection17] INFO  server.RaftServerConfigKeys (ConfUtils.java:logGet(43)) - raft.server.write.element-limit = 4096 (default)
2019-10-01 23:48:38,223 [38ca09f0-e920-4f1a-8211-b6df4124e959@group-618F7D0BABE8-LeaderElection17] INFO  server.RaftServerConfigKeys (ConfUtils.java:logGet(43)) - raft.server.watch.timeout = 10s (default)
2019-10-01 23:48:38,223 [38ca09f0-e920-4f1a-8211-b6df4124e959@group-618F7D0BABE8-LeaderElection17] INFO  server.RaftServerConfigKeys (ConfUtils.java:logGet(43)) - raft.server.watch.timeout.denomination = 1s (default)
2019-10-01 23:48:38,224 [38ca09f0-e920-4f1a-8211-b6df4124e959@group-618F7D0BABE8-LeaderElection17] INFO  server.RaftServerConfigKeys (ConfUtils.java:logGet(43)) - raft.server.watch.element-limit = 65536 (default)
2019-10-01 23:48:38,226 [38ca09f0-e920-4f1a-8211-b6df4124e959@group-618F7D0BABE8-LeaderElection17] INFO  impl.RoleInfo (RoleInfo.java:updateAndGet(143)) - 38ca09f0-e920-4f1a-8211-b6df4124e959: start LeaderState
2019-10-01 23:48:38,226 [38ca09f0-e920-4f1a-8211-b6df4124e959@group-618F7D0BABE8-LeaderElection17] INFO  segmented.SegmentedRaftLogWorker (SegmentedRaftLogWorker.java:startLogSegment(385)) - 38ca09f0-e920-4f1a-8211-b6df4124e959@group-618F7D0BABE8-SegmentedRaftLogWorker: Starting segment from index:0
2019-10-01 23:48:38,227 [38ca09f0-e920-4f1a-8211-b6df4124e959@group-618F7D0BABE8-LeaderElection17] INFO  impl.RaftServerImpl (ServerState.java:setRaftConf(356)) - 38ca09f0-e920-4f1a-8211-b6df4124e959@group-618F7D0BABE8: set configuration 0: [38ca09f0-e920-4f1a-8211-b6df4124e959:192.168.30.63:34985], old=null at 0
2019-10-01 23:48:38,255 [a1cb0b66-8edc-4726-b86a-46c9b6797c30@group-24115C18EB8E-SegmentedRaftLogWorker] INFO  segmented.SegmentedRaftLogWorker (SegmentedRaftLogWorker.java:execute(574)) - a1cb0b66-8edc-4726-b86a-46c9b6797c30@group-24115C18EB8E-SegmentedRaftLogWorker: created new log segment /workdir/hadoop-ozone/integration-test/target/test-dir/MiniOzoneClusterImpl-86593db2-05eb-48a7-b50a-ea57df30e816/datanode-2/data/ratis/3566867e-c654-49fc-b44b-24115c18eb8e/current/log_inprogress_0
2019-10-01 23:48:38,280 [38ca09f0-e920-4f1a-8211-b6df4124e959@group-618F7D0BABE8-SegmentedRaftLogWorker] INFO  segmented.SegmentedRaftLogWorker (SegmentedRaftLogWorker.java:execute(574)) - 38ca09f0-e920-4f1a-8211-b6df4124e959@group-618F7D0BABE8-SegmentedRaftLogWorker: created new log segment /workdir/hadoop-ozone/integration-test/target/test-dir/MiniOzoneClusterImpl-86593db2-05eb-48a7-b50a-ea57df30e816/datanode-3/data/ratis/f5411548-b37c-4183-a152-618f7d0babe8/current/log_inprogress_0
2019-10-01 23:48:38,559 [Thread-707] INFO  impl.FollowerState (FollowerState.java:run(108)) - 12504079-0622-447a-92a3-9106641c158d@group-EB44F1D94B02-FollowerState: change to CANDIDATE, lastRpcTime:5018ms, electionTimeout:5018ms
2019-10-01 23:48:38,559 [Thread-707] INFO  impl.RoleInfo (RoleInfo.java:shutdownFollowerState(121)) - 12504079-0622-447a-92a3-9106641c158d: shutdown FollowerState
2019-10-01 23:48:38,559 [Thread-707] INFO  impl.RaftServerImpl (RaftServerImpl.java:setRole(170)) - 12504079-0622-447a-92a3-9106641c158d@group-EB44F1D94B02: changes role from  FOLLOWER to CANDIDATE at term 0 for changeToCandidate
2019-10-01 23:48:38,559 [Thread-707] INFO  impl.RoleInfo (RoleInfo.java:updateAndGet(143)) - 12504079-0622-447a-92a3-9106641c158d: start LeaderElection
2019-10-01 23:48:38,588 [12504079-0622-447a-92a3-9106641c158d@group-EB44F1D94B02-LeaderElection18] INFO  impl.LeaderElection (LeaderElection.java:askForVotes(178)) - 12504079-0622-447a-92a3-9106641c158d@group-EB44F1D94B02-LeaderElection18: begin an election at term 1 for -1: [12504079-0622-447a-92a3-9106641c158d:192.168.30.63:34692], old=null
2019-10-01 23:48:38,588 [12504079-0622-447a-92a3-9106641c158d@group-EB44F1D94B02-LeaderElection18] INFO  impl.RoleInfo (RoleInfo.java:shutdownLeaderElection(134)) - 12504079-0622-447a-92a3-9106641c158d: shutdown LeaderElection
2019-10-01 23:48:38,589 [12504079-0622-447a-92a3-9106641c158d@group-EB44F1D94B02-LeaderElection18] INFO  impl.RaftServerImpl (RaftServerImpl.java:setRole(170)) - 12504079-0622-447a-92a3-9106641c158d@group-EB44F1D94B02: changes role from CANDIDATE to LEADER at term 1 for changeToLeader
2019-10-01 23:48:38,589 [12504079-0622-447a-92a3-9106641c158d@group-EB44F1D94B02-LeaderElection18] INFO  impl.RaftServerImpl (ServerState.java:setLeader(255)) - 12504079-0622-447a-92a3-9106641c158d@group-EB44F1D94B02: change Leader from null to 12504079-0622-447a-92a3-9106641c158d at term 1 for becomeLeader, leader elected after 5056ms
2019-10-01 23:48:38,591 [12504079-0622-447a-92a3-9106641c158d@group-EB44F1D94B02-LeaderElection18] INFO  server.RaftServerConfigKeys (ConfUtils.java:logGet(43)) - raft.server.staging.catchup.gap = 1000 (default)
2019-10-01 23:48:38,591 [12504079-0622-447a-92a3-9106641c158d@group-EB44F1D94B02-LeaderElection18] INFO  server.RaftServerConfigKeys (ConfUtils.java:logGet(43)) - raft.server.rpc.sleep.time = 25ms (default)
2019-10-01 23:48:38,591 [12504079-0622-447a-92a3-9106641c158d@group-EB44F1D94B02-LeaderElection18] INFO  server.RaftServerConfigKeys (ConfUtils.java:logGet(43)) - raft.server.write.element-limit = 4096 (default)
2019-10-01 23:48:38,591 [12504079-0622-447a-92a3-9106641c158d@group-EB44F1D94B02-LeaderElection18] INFO  server.RaftServerConfigKeys (ConfUtils.java:logGet(43)) - raft.server.watch.timeout = 10s (default)
2019-10-01 23:48:38,591 [12504079-0622-447a-92a3-9106641c158d@group-EB44F1D94B02-LeaderElection18] INFO  server.RaftServerConfigKeys (ConfUtils.java:logGet(43)) - raft.server.watch.timeout.denomination = 1s (default)
2019-10-01 23:48:38,591 [12504079-0622-447a-92a3-9106641c158d@group-EB44F1D94B02-LeaderElection18] INFO  server.RaftServerConfigKeys (ConfUtils.java:logGet(43)) - raft.server.watch.element-limit = 65536 (default)
2019-10-01 23:48:38,593 [12504079-0622-447a-92a3-9106641c158d@group-EB44F1D94B02-LeaderElection18] INFO  impl.RoleInfo (RoleInfo.java:updateAndGet(143)) - 12504079-0622-447a-92a3-9106641c158d: start LeaderState
2019-10-01 23:48:38,593 [12504079-0622-447a-92a3-9106641c158d@group-EB44F1D94B02-LeaderElection18] INFO  segmented.SegmentedRaftLogWorker (SegmentedRaftLogWorker.java:startLogSegment(385)) - 12504079-0622-447a-92a3-9106641c158d@group-EB44F1D94B02-SegmentedRaftLogWorker: Starting segment from index:0
2019-10-01 23:48:38,594 [12504079-0622-447a-92a3-9106641c158d@group-EB44F1D94B02-LeaderElection18] INFO  impl.RaftServerImpl (ServerState.java:setRaftConf(356)) - 12504079-0622-447a-92a3-9106641c158d@group-EB44F1D94B02: set configuration 0: [12504079-0622-447a-92a3-9106641c158d:192.168.30.63:34692], old=null at 0
2019-10-01 23:48:38,638 [Thread-710] INFO  impl.FollowerState (FollowerState.java:run(108)) - 9bae093a-6162-4cd2-97fa-12be3a47952b@group-61ADEE9D6425-FollowerState: change to CANDIDATE, lastRpcTime:5015ms, electionTimeout:5015ms
2019-10-01 23:48:38,639 [Thread-710] INFO  impl.RoleInfo (RoleInfo.java:shutdownFollowerState(121)) - 9bae093a-6162-4cd2-97fa-12be3a47952b: shutdown FollowerState
2019-10-01 23:48:38,639 [Thread-710] INFO  impl.RaftServerImpl (RaftServerImpl.java:setRole(170)) - 9bae093a-6162-4cd2-97fa-12be3a47952b@group-61ADEE9D6425: changes role from  FOLLOWER to CANDIDATE at term 0 for changeToCandidate
2019-10-01 23:48:38,639 [Thread-710] INFO  impl.RoleInfo (RoleInfo.java:updateAndGet(143)) - 9bae093a-6162-4cd2-97fa-12be3a47952b: start LeaderElection
2019-10-01 23:48:38,647 [12504079-0622-447a-92a3-9106641c158d@group-EB44F1D94B02-SegmentedRaftLogWorker] INFO  segmented.SegmentedRaftLogWorker (SegmentedRaftLogWorker.java:execute(574)) - 12504079-0622-447a-92a3-9106641c158d@group-EB44F1D94B02-SegmentedRaftLogWorker: created new log segment /workdir/hadoop-ozone/integration-test/target/test-dir/MiniOzoneClusterImpl-86593db2-05eb-48a7-b50a-ea57df30e816/datanode-5/data/ratis/6b58f916-9bc9-4796-908e-eb44f1d94b02/current/log_inprogress_0
2019-10-01 23:48:38,649 [Thread-704] INFO  impl.FollowerState (FollowerState.java:run(108)) - ab266586-6a28-4580-b80c-65bb58481fdf@group-1263917EAEE6-FollowerState: change to CANDIDATE, lastRpcTime:5198ms, electionTimeout:5198ms
2019-10-01 23:48:38,649 [Thread-704] INFO  impl.RoleInfo (RoleInfo.java:shutdownFollowerState(121)) - ab266586-6a28-4580-b80c-65bb58481fdf: shutdown FollowerState
2019-10-01 23:48:38,649 [Thread-704] INFO  impl.RaftServerImpl (RaftServerImpl.java:setRole(170)) - ab266586-6a28-4580-b80c-65bb58481fdf@group-1263917EAEE6: changes role from  FOLLOWER to CANDIDATE at term 0 for changeToCandidate
2019-10-01 23:48:38,649 [Thread-704] INFO  impl.RoleInfo (RoleInfo.java:updateAndGet(143)) - ab266586-6a28-4580-b80c-65bb58481fdf: start LeaderElection
2019-10-01 23:48:38,665 [9bae093a-6162-4cd2-97fa-12be3a47952b@group-61ADEE9D6425-LeaderElection19] INFO  impl.LeaderElection (LeaderElection.java:askForVotes(178)) - 9bae093a-6162-4cd2-97fa-12be3a47952b@group-61ADEE9D6425-LeaderElection19: begin an election at term 1 for -1: [9bae093a-6162-4cd2-97fa-12be3a47952b:192.168.30.63:44980], old=null
2019-10-01 23:48:38,665 [ab266586-6a28-4580-b80c-65bb58481fdf@group-1263917EAEE6-LeaderElection20] INFO  impl.LeaderElection (LeaderElection.java:askForVotes(178)) - ab266586-6a28-4580-b80c-65bb58481fdf@group-1263917EAEE6-LeaderElection20: begin an election at term 1 for -1: [ab266586-6a28-4580-b80c-65bb58481fdf:192.168.30.63:33765], old=null
2019-10-01 23:48:38,665 [9bae093a-6162-4cd2-97fa-12be3a47952b@group-61ADEE9D6425-LeaderElection19] INFO  impl.RoleInfo (RoleInfo.java:shutdownLeaderElection(134)) - 9bae093a-6162-4cd2-97fa-12be3a47952b: shutdown LeaderElection
2019-10-01 23:48:38,665 [ab266586-6a28-4580-b80c-65bb58481fdf@group-1263917EAEE6-LeaderElection20] INFO  impl.RoleInfo (RoleInfo.java:shutdownLeaderElection(134)) - ab266586-6a28-4580-b80c-65bb58481fdf: shutdown LeaderElection
2019-10-01 23:48:38,665 [9bae093a-6162-4cd2-97fa-12be3a47952b@group-61ADEE9D6425-LeaderElection19] INFO  impl.RaftServerImpl (RaftServerImpl.java:setRole(170)) - 9bae093a-6162-4cd2-97fa-12be3a47952b@group-61ADEE9D6425: changes role from CANDIDATE to LEADER at term 1 for changeToLeader
2019-10-01 23:48:38,665 [ab266586-6a28-4580-b80c-65bb58481fdf@group-1263917EAEE6-LeaderElection20] INFO  impl.RaftServerImpl (RaftServerImpl.java:setRole(170)) - ab266586-6a28-4580-b80c-65bb58481fdf@group-1263917EAEE6: changes role from CANDIDATE to LEADER at term 1 for changeToLeader
2019-10-01 23:48:38,665 [9bae093a-6162-4cd2-97fa-12be3a47952b@group-61ADEE9D6425-LeaderElection19] INFO  impl.RaftServerImpl (ServerState.java:setLeader(255)) - 9bae093a-6162-4cd2-97fa-12be3a47952b@group-61ADEE9D6425: change Leader from null to 9bae093a-6162-4cd2-97fa-12be3a47952b at term 1 for becomeLeader, leader elected after 5048ms
2019-10-01 23:48:38,665 [ab266586-6a28-4580-b80c-65bb58481fdf@group-1263917EAEE6-LeaderElection20] INFO  impl.RaftServerImpl (ServerState.java:setLeader(255)) - ab266586-6a28-4580-b80c-65bb58481fdf@group-1263917EAEE6: change Leader from null to ab266586-6a28-4580-b80c-65bb58481fdf at term 1 for becomeLeader, leader elected after 5459ms
2019-10-01 23:48:38,667 [9bae093a-6162-4cd2-97fa-12be3a47952b@group-61ADEE9D6425-LeaderElection19] INFO  server.RaftServerConfigKeys (ConfUtils.java:logGet(43)) - raft.server.staging.catchup.gap = 1000 (default)
2019-10-01 23:48:38,673 [ab266586-6a28-4580-b80c-65bb58481fdf@group-1263917EAEE6-LeaderElection20] INFO  server.RaftServerConfigKeys (ConfUtils.java:logGet(43)) - raft.server.staging.catchup.gap = 1000 (default)
2019-10-01 23:48:38,673 [9bae093a-6162-4cd2-97fa-12be3a47952b@group-61ADEE9D6425-LeaderElection19] INFO  server.RaftServerConfigKeys (ConfUtils.java:logGet(43)) - raft.server.rpc.sleep.time = 25ms (default)
2019-10-01 23:48:38,674 [ab266586-6a28-4580-b80c-65bb58481fdf@group-1263917EAEE6-LeaderElection20] INFO  server.RaftServerConfigKeys (ConfUtils.java:logGet(43)) - raft.server.rpc.sleep.time = 25ms (default)
2019-10-01 23:48:38,674 [9bae093a-6162-4cd2-97fa-12be3a47952b@group-61ADEE9D6425-LeaderElection19] INFO  server.RaftServerConfigKeys (ConfUtils.java:logGet(43)) - raft.server.write.element-limit = 4096 (default)
2019-10-01 23:48:38,674 [ab266586-6a28-4580-b80c-65bb58481fdf@group-1263917EAEE6-LeaderElection20] INFO  server.RaftServerConfigKeys (ConfUtils.java:logGet(43)) - raft.server.write.element-limit = 4096 (default)
2019-10-01 23:48:38,674 [9bae093a-6162-4cd2-97fa-12be3a47952b@group-61ADEE9D6425-LeaderElection19] INFO  server.RaftServerConfigKeys (ConfUtils.java:logGet(43)) - raft.server.watch.timeout = 10s (default)
2019-10-01 23:48:38,674 [ab266586-6a28-4580-b80c-65bb58481fdf@group-1263917EAEE6-LeaderElection20] INFO  server.RaftServerConfigKeys (ConfUtils.java:logGet(43)) - raft.server.watch.timeout = 10s (default)
2019-10-01 23:48:38,674 [9bae093a-6162-4cd2-97fa-12be3a47952b@group-61ADEE9D6425-LeaderElection19] INFO  server.RaftServerConfigKeys (ConfUtils.java:logGet(43)) - raft.server.watch.timeout.denomination = 1s (default)
2019-10-01 23:48:38,674 [ab266586-6a28-4580-b80c-65bb58481fdf@group-1263917EAEE6-LeaderElection20] INFO  server.RaftServerConfigKeys (ConfUtils.java:logGet(43)) - raft.server.watch.timeout.denomination = 1s (default)
2019-10-01 23:48:38,674 [9bae093a-6162-4cd2-97fa-12be3a47952b@group-61ADEE9D6425-LeaderElection19] INFO  server.RaftServerConfigKeys (ConfUtils.java:logGet(43)) - raft.server.watch.element-limit = 65536 (default)
2019-10-01 23:48:38,674 [ab266586-6a28-4580-b80c-65bb58481fdf@group-1263917EAEE6-LeaderElection20] INFO  server.RaftServerConfigKeys (ConfUtils.java:logGet(43)) - raft.server.watch.element-limit = 65536 (default)
2019-10-01 23:48:38,677 [9bae093a-6162-4cd2-97fa-12be3a47952b@group-61ADEE9D6425-LeaderElection19] INFO  impl.RoleInfo (RoleInfo.java:updateAndGet(143)) - 9bae093a-6162-4cd2-97fa-12be3a47952b: start LeaderState
2019-10-01 23:48:38,677 [9bae093a-6162-4cd2-97fa-12be3a47952b@group-61ADEE9D6425-LeaderElection19] INFO  segmented.SegmentedRaftLogWorker (SegmentedRaftLogWorker.java:startLogSegment(385)) - 9bae093a-6162-4cd2-97fa-12be3a47952b@group-61ADEE9D6425-SegmentedRaftLogWorker: Starting segment from index:0
2019-10-01 23:48:38,677 [ab266586-6a28-4580-b80c-65bb58481fdf@group-1263917EAEE6-LeaderElection20] INFO  impl.RoleInfo (RoleInfo.java:updateAndGet(143)) - ab266586-6a28-4580-b80c-65bb58481fdf: start LeaderState
2019-10-01 23:48:38,678 [9bae093a-6162-4cd2-97fa-12be3a47952b@group-61ADEE9D6425-LeaderElection19] INFO  impl.RaftServerImpl (ServerState.java:setRaftConf(356)) - 9bae093a-6162-4cd2-97fa-12be3a47952b@group-61ADEE9D6425: set configuration 0: [9bae093a-6162-4cd2-97fa-12be3a47952b:192.168.30.63:44980], old=null at 0
2019-10-01 23:48:38,711 [ab266586-6a28-4580-b80c-65bb58481fdf@group-1263917EAEE6-LeaderElection20] INFO  segmented.SegmentedRaftLogWorker (SegmentedRaftLogWorker.java:startLogSegment(385)) - ab266586-6a28-4580-b80c-65bb58481fdf@group-1263917EAEE6-SegmentedRaftLogWorker: Starting segment from index:0
2019-10-01 23:48:38,711 [ab266586-6a28-4580-b80c-65bb58481fdf@group-1263917EAEE6-LeaderElection20] INFO  impl.RaftServerImpl (ServerState.java:setRaftConf(356)) - ab266586-6a28-4580-b80c-65bb58481fdf@group-1263917EAEE6: set configuration 0: [ab266586-6a28-4580-b80c-65bb58481fdf:192.168.30.63:33765], old=null at 0
2019-10-01 23:48:38,740 [9bae093a-6162-4cd2-97fa-12be3a47952b@group-61ADEE9D6425-SegmentedRaftLogWorker] INFO  segmented.SegmentedRaftLogWorker (SegmentedRaftLogWorker.java:execute(574)) - 9bae093a-6162-4cd2-97fa-12be3a47952b@group-61ADEE9D6425-SegmentedRaftLogWorker: created new log segment /workdir/hadoop-ozone/integration-test/target/test-dir/MiniOzoneClusterImpl-86593db2-05eb-48a7-b50a-ea57df30e816/datanode-6/data/ratis/e91388ba-e32d-4177-a2f9-61adee9d6425/current/log_inprogress_0
2019-10-01 23:48:38,765 [ab266586-6a28-4580-b80c-65bb58481fdf@group-1263917EAEE6-SegmentedRaftLogWorker] INFO  segmented.SegmentedRaftLogWorker (SegmentedRaftLogWorker.java:execute(574)) - ab266586-6a28-4580-b80c-65bb58481fdf@group-1263917EAEE6-SegmentedRaftLogWorker: created new log segment /workdir/hadoop-ozone/integration-test/target/test-dir/MiniOzoneClusterImpl-86593db2-05eb-48a7-b50a-ea57df30e816/datanode-4/data/ratis/6701a867-b37a-419d-8a30-1263917eaee6/current/log_inprogress_0
2019-10-01 23:48:38,793 [Thread-715] INFO  impl.FollowerState (FollowerState.java:run(108)) - 16c8bbc3-fbe5-4279-adc2-6fe0065c977b@group-B5AC0863C80D-FollowerState: change to CANDIDATE, lastRpcTime:5089ms, electionTimeout:5089ms
2019-10-01 23:48:38,793 [Thread-715] INFO  impl.RoleInfo (RoleInfo.java:shutdownFollowerState(121)) - 16c8bbc3-fbe5-4279-adc2-6fe0065c977b: shutdown FollowerState
2019-10-01 23:48:38,793 [Thread-715] INFO  impl.RaftServerImpl (RaftServerImpl.java:setRole(170)) - 16c8bbc3-fbe5-4279-adc2-6fe0065c977b@group-B5AC0863C80D: changes role from  FOLLOWER to CANDIDATE at term 0 for changeToCandidate
2019-10-01 23:48:38,793 [Thread-715] INFO  impl.RoleInfo (RoleInfo.java:updateAndGet(143)) - 16c8bbc3-fbe5-4279-adc2-6fe0065c977b: start LeaderElection
2019-10-01 23:48:38,804 [Thread-724] INFO  impl.FollowerState (FollowerState.java:run(108)) - 9bae093a-6162-4cd2-97fa-12be3a47952b@group-90F5B60C18EA-FollowerState: change to CANDIDATE, lastRpcTime:5000ms, electionTimeout:5000ms
2019-10-01 23:48:38,804 [Thread-724] INFO  impl.RoleInfo (RoleInfo.java:shutdownFollowerState(121)) - 9bae093a-6162-4cd2-97fa-12be3a47952b: shutdown FollowerState
2019-10-01 23:48:38,804 [Thread-724] INFO  impl.RaftServerImpl (RaftServerImpl.java:setRole(170)) - 9bae093a-6162-4cd2-97fa-12be3a47952b@group-90F5B60C18EA: changes role from  FOLLOWER to CANDIDATE at term 0 for changeToCandidate
2019-10-01 23:48:38,804 [Thread-724] INFO  impl.RoleInfo (RoleInfo.java:updateAndGet(143)) - 9bae093a-6162-4cd2-97fa-12be3a47952b: start LeaderElection
2019-10-01 23:48:38,816 [16c8bbc3-fbe5-4279-adc2-6fe0065c977b@group-B5AC0863C80D-LeaderElection21] INFO  impl.LeaderElection (LeaderElection.java:askForVotes(178)) - 16c8bbc3-fbe5-4279-adc2-6fe0065c977b@group-B5AC0863C80D-LeaderElection21: begin an election at term 1 for -1: [2de5c074-cadd-4caa-88d0-9a54a941c1e1:192.168.30.63:42904, 16c8bbc3-fbe5-4279-adc2-6fe0065c977b:192.168.30.63:33008, 38ca09f0-e920-4f1a-8211-b6df4124e959:192.168.30.63:34985], old=null
2019-10-01 23:48:38,822 [grpc-default-executor-3] INFO  impl.RaftServerImpl (RaftServerImpl.java:setRole(170)) - 38ca09f0-e920-4f1a-8211-b6df4124e959@group-B5AC0863C80D: changes role from  FOLLOWER to FOLLOWER at term 1 for recognizeCandidate:16c8bbc3-fbe5-4279-adc2-6fe0065c977b
2019-10-01 23:48:38,822 [grpc-default-executor-3] INFO  impl.RoleInfo (RoleInfo.java:shutdownFollowerState(121)) - 38ca09f0-e920-4f1a-8211-b6df4124e959: shutdown FollowerState
2019-10-01 23:48:38,822 [grpc-default-executor-3] INFO  impl.RoleInfo (RoleInfo.java:updateAndGet(143)) - 38ca09f0-e920-4f1a-8211-b6df4124e959: start FollowerState
2019-10-01 23:48:38,822 [Thread-716] INFO  impl.FollowerState (FollowerState.java:run(117)) - 38ca09f0-e920-4f1a-8211-b6df4124e959@group-B5AC0863C80D-FollowerState was interrupted: java.lang.InterruptedException: sleep interrupted
2019-10-01 23:48:38,822 [grpc-default-executor-2] INFO  impl.RaftServerImpl (RaftServerImpl.java:setRole(170)) - 2de5c074-cadd-4caa-88d0-9a54a941c1e1@group-B5AC0863C80D: changes role from  FOLLOWER to FOLLOWER at term 1 for recognizeCandidate:16c8bbc3-fbe5-4279-adc2-6fe0065c977b
2019-10-01 23:48:38,824 [grpc-default-executor-2] INFO  impl.RoleInfo (RoleInfo.java:shutdownFollowerState(121)) - 2de5c074-cadd-4caa-88d0-9a54a941c1e1: shutdown FollowerState
2019-10-01 23:48:38,824 [grpc-default-executor-2] INFO  impl.RoleInfo (RoleInfo.java:updateAndGet(143)) - 2de5c074-cadd-4caa-88d0-9a54a941c1e1: start FollowerState
2019-10-01 23:48:38,824 [Thread-717] INFO  impl.FollowerState (FollowerState.java:run(117)) - 2de5c074-cadd-4caa-88d0-9a54a941c1e1@group-B5AC0863C80D-FollowerState was interrupted: java.lang.InterruptedException: sleep interrupted
2019-10-01 23:48:38,833 [9bae093a-6162-4cd2-97fa-12be3a47952b@group-90F5B60C18EA-LeaderElection22] INFO  impl.LeaderElection (LeaderElection.java:askForVotes(178)) - 9bae093a-6162-4cd2-97fa-12be3a47952b@group-90F5B60C18EA-LeaderElection22: begin an election at term 1 for -1: [9bae093a-6162-4cd2-97fa-12be3a47952b:192.168.30.63:44980, ab266586-6a28-4580-b80c-65bb58481fdf:192.168.30.63:33765, 12504079-0622-447a-92a3-9106641c158d:192.168.30.63:34692], old=null
2019-10-01 23:48:38,836 [grpc-default-executor-0] INFO  impl.RaftServerImpl (RaftServerImpl.java:setRole(170)) - 12504079-0622-447a-92a3-9106641c158d@group-90F5B60C18EA: changes role from  FOLLOWER to FOLLOWER at term 1 for recognizeCandidate:9bae093a-6162-4cd2-97fa-12be3a47952b
2019-10-01 23:48:38,836 [grpc-default-executor-1] INFO  impl.RaftServerImpl (RaftServerImpl.java:setRole(170)) - ab266586-6a28-4580-b80c-65bb58481fdf@group-90F5B60C18EA: changes role from  FOLLOWER to FOLLOWER at term 1 for recognizeCandidate:9bae093a-6162-4cd2-97fa-12be3a47952b
2019-10-01 23:48:38,836 [grpc-default-executor-0] INFO  impl.RoleInfo (RoleInfo.java:shutdownFollowerState(121)) - 12504079-0622-447a-92a3-9106641c158d: shutdown FollowerState
2019-10-01 23:48:38,836 [grpc-default-executor-1] INFO  impl.RoleInfo (RoleInfo.java:shutdownFollowerState(121)) - ab266586-6a28-4580-b80c-65bb58481fdf: shutdown FollowerState
2019-10-01 23:48:38,837 [grpc-default-executor-0] INFO  impl.RoleInfo (RoleInfo.java:updateAndGet(143)) - 12504079-0622-447a-92a3-9106641c158d: start FollowerState
2019-10-01 23:48:38,837 [Thread-725] INFO  impl.FollowerState (FollowerState.java:run(117)) - ab266586-6a28-4580-b80c-65bb58481fdf@group-90F5B60C18EA-FollowerState was interrupted: java.lang.InterruptedException: sleep interrupted
2019-10-01 23:48:38,837 [Thread-726] INFO  impl.FollowerState (FollowerState.java:run(117)) - 12504079-0622-447a-92a3-9106641c158d@group-90F5B60C18EA-FollowerState was interrupted: java.lang.InterruptedException: sleep interrupted
2019-10-01 23:48:38,837 [grpc-default-executor-1] INFO  impl.RoleInfo (RoleInfo.java:updateAndGet(143)) - ab266586-6a28-4580-b80c-65bb58481fdf: start FollowerState
2019-10-01 23:48:38,851 [16c8bbc3-fbe5-4279-adc2-6fe0065c977b@group-B5AC0863C80D-LeaderElection21] INFO  impl.LeaderElection (LeaderElection.java:logAndReturn(56)) - 16c8bbc3-fbe5-4279-adc2-6fe0065c977b@group-B5AC0863C80D-LeaderElection21: Election PASSED; received 1 response(s) [16c8bbc3-fbe5-4279-adc2-6fe0065c977b<-2de5c074-cadd-4caa-88d0-9a54a941c1e1#0:OK-t1] and 0 exception(s); 16c8bbc3-fbe5-4279-adc2-6fe0065c977b@group-B5AC0863C80D:t1, leader=null, voted=16c8bbc3-fbe5-4279-adc2-6fe0065c977b, raftlog=16c8bbc3-fbe5-4279-adc2-6fe0065c977b@group-B5AC0863C80D-SegmentedRaftLog:OPENED:c-1,f-1,i0, conf=-1: [2de5c074-cadd-4caa-88d0-9a54a941c1e1:192.168.30.63:42904, 16c8bbc3-fbe5-4279-adc2-6fe0065c977b:192.168.30.63:33008, 38ca09f0-e920-4f1a-8211-b6df4124e959:192.168.30.63:34985], old=null
2019-10-01 23:48:38,851 [16c8bbc3-fbe5-4279-adc2-6fe0065c977b@group-B5AC0863C80D-LeaderElection21] INFO  impl.RoleInfo (RoleInfo.java:shutdownLeaderElection(134)) - 16c8bbc3-fbe5-4279-adc2-6fe0065c977b: shutdown LeaderElection
2019-10-01 23:48:38,851 [16c8bbc3-fbe5-4279-adc2-6fe0065c977b@group-B5AC0863C80D-LeaderElection21] INFO  impl.RaftServerImpl (RaftServerImpl.java:setRole(170)) - 16c8bbc3-fbe5-4279-adc2-6fe0065c977b@group-B5AC0863C80D: changes role from CANDIDATE to LEADER at term 1 for changeToLeader
2019-10-01 23:48:38,851 [16c8bbc3-fbe5-4279-adc2-6fe0065c977b@group-B5AC0863C80D-LeaderElection21] INFO  impl.RaftServerImpl (ServerState.java:setLeader(255)) - 16c8bbc3-fbe5-4279-adc2-6fe0065c977b@group-B5AC0863C80D: change Leader from null to 16c8bbc3-fbe5-4279-adc2-6fe0065c977b at term 1 for becomeLeader, leader elected after 5158ms
2019-10-01 23:48:38,852 [16c8bbc3-fbe5-4279-adc2-6fe0065c977b@group-B5AC0863C80D-LeaderElection21] INFO  server.RaftServerConfigKeys (ConfUtils.java:logGet(43)) - raft.server.staging.catchup.gap = 1000 (default)
2019-10-01 23:48:38,852 [16c8bbc3-fbe5-4279-adc2-6fe0065c977b@group-B5AC0863C80D-LeaderElection21] INFO  server.RaftServerConfigKeys (ConfUtils.java:logGet(43)) - raft.server.rpc.sleep.time = 25ms (default)
2019-10-01 23:48:38,852 [16c8bbc3-fbe5-4279-adc2-6fe0065c977b@group-B5AC0863C80D-LeaderElection21] INFO  server.RaftServerConfigKeys (ConfUtils.java:logGet(43)) - raft.server.write.element-limit = 4096 (default)
2019-10-01 23:48:38,852 [16c8bbc3-fbe5-4279-adc2-6fe0065c977b@group-B5AC0863C80D-LeaderElection21] INFO  server.RaftServerConfigKeys (ConfUtils.java:logGet(43)) - raft.server.watch.timeout = 10s (default)
2019-10-01 23:48:38,852 [16c8bbc3-fbe5-4279-adc2-6fe0065c977b@group-B5AC0863C80D-LeaderElection21] INFO  server.RaftServerConfigKeys (ConfUtils.java:logGet(43)) - raft.server.watch.timeout.denomination = 1s (default)
2019-10-01 23:48:38,852 [16c8bbc3-fbe5-4279-adc2-6fe0065c977b@group-B5AC0863C80D-LeaderElection21] INFO  server.RaftServerConfigKeys (ConfUtils.java:logGet(43)) - raft.server.watch.element-limit = 65536 (default)
2019-10-01 23:48:38,854 [16c8bbc3-fbe5-4279-adc2-6fe0065c977b@group-B5AC0863C80D-LeaderElection21] INFO  server.RaftServerConfigKeys (ConfUtils.java:logGet(43)) - raft.server.log.appender.snapshot.chunk.size.max = 16MB (=16777216) (default)
2019-10-01 23:48:38,854 [16c8bbc3-fbe5-4279-adc2-6fe0065c977b@group-B5AC0863C80D-LeaderElection21] INFO  server.RaftServerConfigKeys (ConfUtils.java:logGet(43)) - raft.server.log.appender.buffer.byte-limit = 33554432 (custom)
2019-10-01 23:48:38,854 [16c8bbc3-fbe5-4279-adc2-6fe0065c977b@group-B5AC0863C80D-LeaderElection21] INFO  server.RaftServerConfigKeys (ConfUtils.java:logGet(43)) - raft.server.log.appender.buffer.element-limit = 1 (custom)
2019-10-01 23:48:38,854 [16c8bbc3-fbe5-4279-adc2-6fe0065c977b@group-B5AC0863C80D-LeaderElection21] INFO  grpc.GrpcConfigKeys$Server (ConfUtils.java:logGet(43)) - raft.grpc.server.leader.outstanding.appends.max = 128 (default)
2019-10-01 23:48:38,855 [16c8bbc3-fbe5-4279-adc2-6fe0065c977b@group-B5AC0863C80D-LeaderElection21] INFO  server.RaftServerConfigKeys (ConfUtils.java:logGet(43)) - raft.server.rpc.request.timeout = 3000ms (default)
2019-10-01 23:48:38,855 [16c8bbc3-fbe5-4279-adc2-6fe0065c977b@group-B5AC0863C80D-LeaderElection21] INFO  server.RaftServerConfigKeys (ConfUtils.java:logGet(43)) - raft.server.log.appender.install.snapshot.enabled = false (custom)
2019-10-01 23:48:38,855 [16c8bbc3-fbe5-4279-adc2-6fe0065c977b@group-B5AC0863C80D-LeaderElection21] INFO  server.RaftServerConfigKeys (ConfUtils.java:logGet(43)) - raft.server.log.appender.snapshot.chunk.size.max = 16MB (=16777216) (default)
2019-10-01 23:48:38,855 [16c8bbc3-fbe5-4279-adc2-6fe0065c977b@group-B5AC0863C80D-LeaderElection21] INFO  server.RaftServerConfigKeys (ConfUtils.java:logGet(43)) - raft.server.log.appender.buffer.byte-limit = 33554432 (custom)
2019-10-01 23:48:38,855 [16c8bbc3-fbe5-4279-adc2-6fe0065c977b@group-B5AC0863C80D-LeaderElection21] INFO  server.RaftServerConfigKeys (ConfUtils.java:logGet(43)) - raft.server.log.appender.buffer.element-limit = 1 (custom)
2019-10-01 23:48:38,855 [16c8bbc3-fbe5-4279-adc2-6fe0065c977b@group-B5AC0863C80D-LeaderElection21] INFO  grpc.GrpcConfigKeys$Server (ConfUtils.java:logGet(43)) - raft.grpc.server.leader.outstanding.appends.max = 128 (default)
2019-10-01 23:48:38,856 [16c8bbc3-fbe5-4279-adc2-6fe0065c977b@group-B5AC0863C80D-LeaderElection21] INFO  server.RaftServerConfigKeys (ConfUtils.java:logGet(43)) - raft.server.rpc.request.timeout = 3000ms (default)
2019-10-01 23:48:38,856 [16c8bbc3-fbe5-4279-adc2-6fe0065c977b@group-B5AC0863C80D-LeaderElection21] INFO  server.RaftServerConfigKeys (ConfUtils.java:logGet(43)) - raft.server.log.appender.install.snapshot.enabled = false (custom)
2019-10-01 23:48:38,856 [16c8bbc3-fbe5-4279-adc2-6fe0065c977b@group-B5AC0863C80D-LeaderElection21] INFO  impl.RoleInfo (RoleInfo.java:updateAndGet(143)) - 16c8bbc3-fbe5-4279-adc2-6fe0065c977b: start LeaderState
2019-10-01 23:48:38,856 [16c8bbc3-fbe5-4279-adc2-6fe0065c977b@group-B5AC0863C80D-LeaderElection21] INFO  segmented.SegmentedRaftLogWorker (SegmentedRaftLogWorker.java:startLogSegment(385)) - 16c8bbc3-fbe5-4279-adc2-6fe0065c977b@group-B5AC0863C80D-SegmentedRaftLogWorker: Starting segment from index:0
2019-10-01 23:48:38,857 [16c8bbc3-fbe5-4279-adc2-6fe0065c977b@group-B5AC0863C80D-LeaderElection21] INFO  impl.RaftServerImpl (ServerState.java:setRaftConf(356)) - 16c8bbc3-fbe5-4279-adc2-6fe0065c977b@group-B5AC0863C80D: set configuration 0: [2de5c074-cadd-4caa-88d0-9a54a941c1e1:192.168.30.63:42904, 16c8bbc3-fbe5-4279-adc2-6fe0065c977b:192.168.30.63:33008, 38ca09f0-e920-4f1a-8211-b6df4124e959:192.168.30.63:34985], old=null at 0
2019-10-01 23:48:38,861 [grpc-default-executor-2] INFO  impl.RaftServerImpl (ServerState.java:setLeader(255)) - 2de5c074-cadd-4caa-88d0-9a54a941c1e1@group-B5AC0863C80D: change Leader from null to 16c8bbc3-fbe5-4279-adc2-6fe0065c977b at term 1 for appendEntries, leader elected after 5168ms
2019-10-01 23:48:38,861 [grpc-default-executor-3] INFO  impl.RaftServerImpl (ServerState.java:setLeader(255)) - 38ca09f0-e920-4f1a-8211-b6df4124e959@group-B5AC0863C80D: change Leader from null to 16c8bbc3-fbe5-4279-adc2-6fe0065c977b at term 1 for appendEntries, leader elected after 5168ms
2019-10-01 23:48:38,894 [9bae093a-6162-4cd2-97fa-12be3a47952b@group-90F5B60C18EA-LeaderElection22] INFO  impl.LeaderElection (LeaderElection.java:logAndReturn(56)) - 9bae093a-6162-4cd2-97fa-12be3a47952b@group-90F5B60C18EA-LeaderElection22: Election PASSED; received 1 response(s) [9bae093a-6162-4cd2-97fa-12be3a47952b<-ab266586-6a28-4580-b80c-65bb58481fdf#0:OK-t1] and 0 exception(s); 9bae093a-6162-4cd2-97fa-12be3a47952b@group-90F5B60C18EA:t1, leader=null, voted=9bae093a-6162-4cd2-97fa-12be3a47952b, raftlog=9bae093a-6162-4cd2-97fa-12be3a47952b@group-90F5B60C18EA-SegmentedRaftLog:OPENED:c-1,f-1,i0, conf=-1: [9bae093a-6162-4cd2-97fa-12be3a47952b:192.168.30.63:44980, ab266586-6a28-4580-b80c-65bb58481fdf:192.168.30.63:33765, 12504079-0622-447a-92a3-9106641c158d:192.168.30.63:34692], old=null
2019-10-01 23:48:38,894 [9bae093a-6162-4cd2-97fa-12be3a47952b@group-90F5B60C18EA-LeaderElection22] INFO  impl.RoleInfo (RoleInfo.java:shutdownLeaderElection(134)) - 9bae093a-6162-4cd2-97fa-12be3a47952b: shutdown LeaderElection
2019-10-01 23:48:38,894 [9bae093a-6162-4cd2-97fa-12be3a47952b@group-90F5B60C18EA-LeaderElection22] INFO  impl.RaftServerImpl (RaftServerImpl.java:setRole(170)) - 9bae093a-6162-4cd2-97fa-12be3a47952b@group-90F5B60C18EA: changes role from CANDIDATE to LEADER at term 1 for changeToLeader
2019-10-01 23:48:38,894 [9bae093a-6162-4cd2-97fa-12be3a47952b@group-90F5B60C18EA-LeaderElection22] INFO  impl.RaftServerImpl (ServerState.java:setLeader(255)) - 9bae093a-6162-4cd2-97fa-12be3a47952b@group-90F5B60C18EA: change Leader from null to 9bae093a-6162-4cd2-97fa-12be3a47952b at term 1 for becomeLeader, leader elected after 5100ms
2019-10-01 23:48:38,894 [9bae093a-6162-4cd2-97fa-12be3a47952b@group-90F5B60C18EA-LeaderElection22] INFO  server.RaftServerConfigKeys (ConfUtils.java:logGet(43)) - raft.server.staging.catchup.gap = 1000 (default)
2019-10-01 23:48:38,895 [9bae093a-6162-4cd2-97fa-12be3a47952b@group-90F5B60C18EA-LeaderElection22] INFO  server.RaftServerConfigKeys (ConfUtils.java:logGet(43)) - raft.server.rpc.sleep.time = 25ms (default)
2019-10-01 23:48:38,895 [9bae093a-6162-4cd2-97fa-12be3a47952b@group-90F5B60C18EA-LeaderElection22] INFO  server.RaftServerConfigKeys (ConfUtils.java:logGet(43)) - raft.server.write.element-limit = 4096 (default)
2019-10-01 23:48:38,895 [9bae093a-6162-4cd2-97fa-12be3a47952b@group-90F5B60C18EA-LeaderElection22] INFO  server.RaftServerConfigKeys (ConfUtils.java:logGet(43)) - raft.server.watch.timeout = 10s (default)
2019-10-01 23:48:38,895 [9bae093a-6162-4cd2-97fa-12be3a47952b@group-90F5B60C18EA-LeaderElection22] INFO  server.RaftServerConfigKeys (ConfUtils.java:logGet(43)) - raft.server.watch.timeout.denomination = 1s (default)
2019-10-01 23:48:38,895 [9bae093a-6162-4cd2-97fa-12be3a47952b@group-90F5B60C18EA-LeaderElection22] INFO  server.RaftServerConfigKeys (ConfUtils.java:logGet(43)) - raft.server.watch.element-limit = 65536 (default)
2019-10-01 23:48:38,895 [grpc-default-executor-2] INFO  impl.RaftServerImpl (ServerState.java:setRaftConf(356)) - 2de5c074-cadd-4caa-88d0-9a54a941c1e1@group-B5AC0863C80D: set configuration 0: [2de5c074-cadd-4caa-88d0-9a54a941c1e1:192.168.30.63:42904, 16c8bbc3-fbe5-4279-adc2-6fe0065c977b:192.168.30.63:33008, 38ca09f0-e920-4f1a-8211-b6df4124e959:192.168.30.63:34985], old=null at 0
2019-10-01 23:48:38,898 [grpc-default-executor-2] INFO  segmented.SegmentedRaftLogWorker (SegmentedRaftLogWorker.java:startLogSegment(385)) - 2de5c074-cadd-4caa-88d0-9a54a941c1e1@group-B5AC0863C80D-SegmentedRaftLogWorker: Starting segment from index:0
2019-10-01 23:48:38,898 [grpc-default-executor-3] INFO  impl.RaftServerImpl (ServerState.java:setRaftConf(356)) - 38ca09f0-e920-4f1a-8211-b6df4124e959@group-B5AC0863C80D: set configuration 0: [2de5c074-cadd-4caa-88d0-9a54a941c1e1:192.168.30.63:42904, 16c8bbc3-fbe5-4279-adc2-6fe0065c977b:192.168.30.63:33008, 38ca09f0-e920-4f1a-8211-b6df4124e959:192.168.30.63:34985], old=null at 0
2019-10-01 23:48:38,899 [grpc-default-executor-3] INFO  segmented.SegmentedRaftLogWorker (SegmentedRaftLogWorker.java:startLogSegment(385)) - 38ca09f0-e920-4f1a-8211-b6df4124e959@group-B5AC0863C80D-SegmentedRaftLogWorker: Starting segment from index:0
2019-10-01 23:48:38,899 [9bae093a-6162-4cd2-97fa-12be3a47952b@group-90F5B60C18EA-LeaderElection22] INFO  server.RaftServerConfigKeys (ConfUtils.java:logGet(43)) - raft.server.log.appender.snapshot.chunk.size.max = 16MB (=16777216) (default)
2019-10-01 23:48:38,899 [9bae093a-6162-4cd2-97fa-12be3a47952b@group-90F5B60C18EA-LeaderElection22] INFO  server.RaftServerConfigKeys (ConfUtils.java:logGet(43)) - raft.server.log.appender.buffer.byte-limit = 33554432 (custom)
2019-10-01 23:48:38,900 [9bae093a-6162-4cd2-97fa-12be3a47952b@group-90F5B60C18EA-LeaderElection22] INFO  server.RaftServerConfigKeys (ConfUtils.java:logGet(43)) - raft.server.log.appender.buffer.element-limit = 1 (custom)
2019-10-01 23:48:38,900 [9bae093a-6162-4cd2-97fa-12be3a47952b@group-90F5B60C18EA-LeaderElection22] INFO  grpc.GrpcConfigKeys$Server (ConfUtils.java:logGet(43)) - raft.grpc.server.leader.outstanding.appends.max = 128 (default)
2019-10-01 23:48:38,900 [9bae093a-6162-4cd2-97fa-12be3a47952b@group-90F5B60C18EA-LeaderElection22] INFO  server.RaftServerConfigKeys (ConfUtils.java:logGet(43)) - raft.server.rpc.request.timeout = 3000ms (default)
2019-10-01 23:48:38,900 [9bae093a-6162-4cd2-97fa-12be3a47952b@group-90F5B60C18EA-LeaderElection22] INFO  server.RaftServerConfigKeys (ConfUtils.java:logGet(43)) - raft.server.log.appender.install.snapshot.enabled = false (custom)
2019-10-01 23:48:38,900 [9bae093a-6162-4cd2-97fa-12be3a47952b@group-90F5B60C18EA-LeaderElection22] INFO  server.RaftServerConfigKeys (ConfUtils.java:logGet(43)) - raft.server.log.appender.snapshot.chunk.size.max = 16MB (=16777216) (default)
2019-10-01 23:48:38,900 [9bae093a-6162-4cd2-97fa-12be3a47952b@group-90F5B60C18EA-LeaderElection22] INFO  server.RaftServerConfigKeys (ConfUtils.java:logGet(43)) - raft.server.log.appender.buffer.byte-limit = 33554432 (custom)
2019-10-01 23:48:38,901 [9bae093a-6162-4cd2-97fa-12be3a47952b@group-90F5B60C18EA-LeaderElection22] INFO  server.RaftServerConfigKeys (ConfUtils.java:logGet(43)) - raft.server.log.appender.buffer.element-limit = 1 (custom)
2019-10-01 23:48:38,901 [9bae093a-6162-4cd2-97fa-12be3a47952b@group-90F5B60C18EA-LeaderElection22] INFO  grpc.GrpcConfigKeys$Server (ConfUtils.java:logGet(43)) - raft.grpc.server.leader.outstanding.appends.max = 128 (default)
2019-10-01 23:48:38,901 [9bae093a-6162-4cd2-97fa-12be3a47952b@group-90F5B60C18EA-LeaderElection22] INFO  server.RaftServerConfigKeys (ConfUtils.java:logGet(43)) - raft.server.rpc.request.timeout = 3000ms (default)
2019-10-01 23:48:38,901 [9bae093a-6162-4cd2-97fa-12be3a47952b@group-90F5B60C18EA-LeaderElection22] INFO  server.RaftServerConfigKeys (ConfUtils.java:logGet(43)) - raft.server.log.appender.install.snapshot.enabled = false (custom)
2019-10-01 23:48:38,901 [9bae093a-6162-4cd2-97fa-12be3a47952b@group-90F5B60C18EA-LeaderElection22] INFO  impl.RoleInfo (RoleInfo.java:updateAndGet(143)) - 9bae093a-6162-4cd2-97fa-12be3a47952b: start LeaderState
2019-10-01 23:48:38,902 [9bae093a-6162-4cd2-97fa-12be3a47952b@group-90F5B60C18EA-LeaderElection22] INFO  segmented.SegmentedRaftLogWorker (SegmentedRaftLogWorker.java:startLogSegment(385)) - 9bae093a-6162-4cd2-97fa-12be3a47952b@group-90F5B60C18EA-SegmentedRaftLogWorker: Starting segment from index:0
2019-10-01 23:48:38,902 [9bae093a-6162-4cd2-97fa-12be3a47952b@group-90F5B60C18EA-LeaderElection22] INFO  impl.RaftServerImpl (ServerState.java:setRaftConf(356)) - 9bae093a-6162-4cd2-97fa-12be3a47952b@group-90F5B60C18EA: set configuration 0: [9bae093a-6162-4cd2-97fa-12be3a47952b:192.168.30.63:44980, ab266586-6a28-4580-b80c-65bb58481fdf:192.168.30.63:33765, 12504079-0622-447a-92a3-9106641c158d:192.168.30.63:34692], old=null at 0
2019-10-01 23:48:38,929 [16c8bbc3-fbe5-4279-adc2-6fe0065c977b@group-B5AC0863C80D-SegmentedRaftLogWorker] INFO  segmented.SegmentedRaftLogWorker (SegmentedRaftLogWorker.java:execute(574)) - 16c8bbc3-fbe5-4279-adc2-6fe0065c977b@group-B5AC0863C80D-SegmentedRaftLogWorker: created new log segment /workdir/hadoop-ozone/integration-test/target/test-dir/MiniOzoneClusterImpl-86593db2-05eb-48a7-b50a-ea57df30e816/datanode-1/data/ratis/f99b79da-855d-48b5-9472-b5ac0863c80d/current/log_inprogress_0
2019-10-01 23:48:38,929 [grpc-default-executor-3] INFO  impl.RaftServerImpl (ServerState.java:setLeader(255)) - ab266586-6a28-4580-b80c-65bb58481fdf@group-90F5B60C18EA: change Leader from null to 9bae093a-6162-4cd2-97fa-12be3a47952b at term 1 for appendEntries, leader elected after 5135ms
2019-10-01 23:48:38,959 [grpc-default-executor-2] INFO  impl.RaftServerImpl (ServerState.java:setLeader(255)) - 12504079-0622-447a-92a3-9106641c158d@group-90F5B60C18EA: change Leader from null to 9bae093a-6162-4cd2-97fa-12be3a47952b at term 1 for appendEntries, leader elected after 5165ms
2019-10-01 23:48:38,959 [2de5c074-cadd-4caa-88d0-9a54a941c1e1@group-B5AC0863C80D-SegmentedRaftLogWorker] INFO  segmented.SegmentedRaftLogWorker (SegmentedRaftLogWorker.java:execute(574)) - 2de5c074-cadd-4caa-88d0-9a54a941c1e1@group-B5AC0863C80D-SegmentedRaftLogWorker: created new log segment /workdir/hadoop-ozone/integration-test/target/test-dir/MiniOzoneClusterImpl-86593db2-05eb-48a7-b50a-ea57df30e816/datanode-0/data/ratis/f99b79da-855d-48b5-9472-b5ac0863c80d/current/log_inprogress_0
2019-10-01 23:48:38,963 [grpc-default-executor-2] INFO  impl.RaftServerImpl (ServerState.java:setRaftConf(356)) - ab266586-6a28-4580-b80c-65bb58481fdf@group-90F5B60C18EA: set configuration 0: [9bae093a-6162-4cd2-97fa-12be3a47952b:192.168.30.63:44980, ab266586-6a28-4580-b80c-65bb58481fdf:192.168.30.63:33765, 12504079-0622-447a-92a3-9106641c158d:192.168.30.63:34692], old=null at 0
2019-10-01 23:48:38,963 [grpc-default-executor-2] INFO  segmented.SegmentedRaftLogWorker (SegmentedRaftLogWorker.java:startLogSegment(385)) - ab266586-6a28-4580-b80c-65bb58481fdf@group-90F5B60C18EA-SegmentedRaftLogWorker: Starting segment from index:0
2019-10-01 23:48:38,964 [grpc-default-executor-3] INFO  impl.RaftServerImpl (ServerState.java:setRaftConf(356)) - 12504079-0622-447a-92a3-9106641c158d@group-90F5B60C18EA: set configuration 0: [9bae093a-6162-4cd2-97fa-12be3a47952b:192.168.30.63:44980, ab266586-6a28-4580-b80c-65bb58481fdf:192.168.30.63:33765, 12504079-0622-447a-92a3-9106641c158d:192.168.30.63:34692], old=null at 0
2019-10-01 23:48:38,964 [grpc-default-executor-3] INFO  segmented.SegmentedRaftLogWorker (SegmentedRaftLogWorker.java:startLogSegment(385)) - 12504079-0622-447a-92a3-9106641c158d@group-90F5B60C18EA-SegmentedRaftLogWorker: Starting segment from index:0
2019-10-01 23:48:38,985 [38ca09f0-e920-4f1a-8211-b6df4124e959@group-B5AC0863C80D-SegmentedRaftLogWorker] INFO  segmented.SegmentedRaftLogWorker (SegmentedRaftLogWorker.java:execute(574)) - 38ca09f0-e920-4f1a-8211-b6df4124e959@group-B5AC0863C80D-SegmentedRaftLogWorker: created new log segment /workdir/hadoop-ozone/integration-test/target/test-dir/MiniOzoneClusterImpl-86593db2-05eb-48a7-b50a-ea57df30e816/datanode-3/data/ratis/f99b79da-855d-48b5-9472-b5ac0863c80d/current/log_inprogress_0
2019-10-01 23:48:38,985 [9bae093a-6162-4cd2-97fa-12be3a47952b@group-90F5B60C18EA-SegmentedRaftLogWorker] INFO  segmented.SegmentedRaftLogWorker (SegmentedRaftLogWorker.java:execute(574)) - 9bae093a-6162-4cd2-97fa-12be3a47952b@group-90F5B60C18EA-SegmentedRaftLogWorker: created new log segment /workdir/hadoop-ozone/integration-test/target/test-dir/MiniOzoneClusterImpl-86593db2-05eb-48a7-b50a-ea57df30e816/datanode-6/data/ratis/be7cb5fe-a69e-4379-9fc8-90f5b60c18ea/current/log_inprogress_0
2019-10-01 23:48:39,010 [ab266586-6a28-4580-b80c-65bb58481fdf@group-90F5B60C18EA-SegmentedRaftLogWorker] INFO  segmented.SegmentedRaftLogWorker (SegmentedRaftLogWorker.java:execute(574)) - ab266586-6a28-4580-b80c-65bb58481fdf@group-90F5B60C18EA-SegmentedRaftLogWorker: created new log segment /workdir/hadoop-ozone/integration-test/target/test-dir/MiniOzoneClusterImpl-86593db2-05eb-48a7-b50a-ea57df30e816/datanode-4/data/ratis/be7cb5fe-a69e-4379-9fc8-90f5b60c18ea/current/log_inprogress_0
2019-10-01 23:48:39,010 [12504079-0622-447a-92a3-9106641c158d@group-90F5B60C18EA-SegmentedRaftLogWorker] INFO  segmented.SegmentedRaftLogWorker (SegmentedRaftLogWorker.java:execute(574)) - 12504079-0622-447a-92a3-9106641c158d@group-90F5B60C18EA-SegmentedRaftLogWorker: created new log segment /workdir/hadoop-ozone/integration-test/target/test-dir/MiniOzoneClusterImpl-86593db2-05eb-48a7-b50a-ea57df30e816/datanode-5/data/ratis/be7cb5fe-a69e-4379-9fc8-90f5b60c18ea/current/log_inprogress_0
2019-10-01 23:48:40,190 [RatisApplyTransactionExecutor 1] ERROR ratis.ContainerStateMachine (ContainerStateMachine.java:lambda$applyTransaction$6(721)) - gid group-90F5B60C18EA : ApplyTransaction failed. cmd CreateContainer logIndex 7 exception {}
java.lang.IllegalArgumentException
	at com.google.common.base.Preconditions.checkArgument(Preconditions.java:72)
	at org.apache.hadoop.ozone.container.keyvalue.KeyValueHandler.handleCreateContainer(KeyValueHandler.java:215)
	at org.apache.hadoop.ozone.container.keyvalue.KeyValueHandler.handle(KeyValueHandler.java:152)
	at org.apache.hadoop.ozone.container.common.impl.HddsDispatcher.dispatchRequest(HddsDispatcher.java:275)
	at org.apache.hadoop.ozone.container.common.impl.HddsDispatcher.dispatch(HddsDispatcher.java:150)
	at org.apache.hadoop.ozone.container.common.transport.server.ratis.ContainerStateMachine.dispatchCommand(ContainerStateMachine.java:401)
	at org.apache.hadoop.ozone.container.common.transport.server.ratis.ContainerStateMachine.runCommand(ContainerStateMachine.java:409)
	at org.apache.hadoop.ozone.container.common.transport.server.ratis.ContainerStateMachine.lambda$applyTransaction$6(ContainerStateMachine.java:719)
	at java.util.concurrent.CompletableFuture$AsyncSupply.run(CompletableFuture.java:1590)
	at java.util.concurrent.ThreadPoolExecutor.runWorker(ThreadPoolExecutor.java:1149)
	at java.util.concurrent.ThreadPoolExecutor$Worker.run(ThreadPoolExecutor.java:624)
	at java.lang.Thread.run(Thread.java:748)
2019-10-01 23:48:40,208 [RatisApplyTransactionExecutor 1] ERROR ratis.ContainerStateMachine (ContainerStateMachine.java:lambda$applyTransaction$6(721)) - gid group-90F5B60C18EA : ApplyTransaction failed. cmd CreateContainer logIndex 7 exception {}
java.lang.IllegalArgumentException
	at com.google.common.base.Preconditions.checkArgument(Preconditions.java:72)
	at org.apache.hadoop.ozone.container.keyvalue.KeyValueHandler.handleCreateContainer(KeyValueHandler.java:215)
	at org.apache.hadoop.ozone.container.keyvalue.KeyValueHandler.handle(KeyValueHandler.java:152)
	at org.apache.hadoop.ozone.container.common.impl.HddsDispatcher.dispatchRequest(HddsDispatcher.java:275)
	at org.apache.hadoop.ozone.container.common.impl.HddsDispatcher.dispatch(HddsDispatcher.java:150)
	at org.apache.hadoop.ozone.container.common.transport.server.ratis.ContainerStateMachine.dispatchCommand(ContainerStateMachine.java:401)
	at org.apache.hadoop.ozone.container.common.transport.server.ratis.ContainerStateMachine.runCommand(ContainerStateMachine.java:409)
	at org.apache.hadoop.ozone.container.common.transport.server.ratis.ContainerStateMachine.lambda$applyTransaction$6(ContainerStateMachine.java:719)
	at java.util.concurrent.CompletableFuture$AsyncSupply.run(CompletableFuture.java:1590)
	at java.util.concurrent.ThreadPoolExecutor.runWorker(ThreadPoolExecutor.java:1149)
	at java.util.concurrent.ThreadPoolExecutor$Worker.run(ThreadPoolExecutor.java:624)
	at java.lang.Thread.run(Thread.java:748)
2019-10-01 23:48:40,208 [RatisApplyTransactionExecutor 1] ERROR ratis.ContainerStateMachine (ContainerStateMachine.java:lambda$applyTransaction$6(721)) - gid group-90F5B60C18EA : ApplyTransaction failed. cmd CreateContainer logIndex 7 exception {}
java.lang.IllegalArgumentException
	at com.google.common.base.Preconditions.checkArgument(Preconditions.java:72)
	at org.apache.hadoop.ozone.container.keyvalue.KeyValueHandler.handleCreateContainer(KeyValueHandler.java:215)
	at org.apache.hadoop.ozone.container.keyvalue.KeyValueHandler.handle(KeyValueHandler.java:152)
	at org.apache.hadoop.ozone.container.common.impl.HddsDispatcher.dispatchRequest(HddsDispatcher.java:275)
	at org.apache.hadoop.ozone.container.common.impl.HddsDispatcher.dispatch(HddsDispatcher.java:150)
	at org.apache.hadoop.ozone.container.common.transport.server.ratis.ContainerStateMachine.dispatchCommand(ContainerStateMachine.java:401)
	at org.apache.hadoop.ozone.container.common.transport.server.ratis.ContainerStateMachine.runCommand(ContainerStateMachine.java:409)
	at org.apache.hadoop.ozone.container.common.transport.server.ratis.ContainerStateMachine.lambda$applyTransaction$6(ContainerStateMachine.java:719)
	at java.util.concurrent.CompletableFuture$AsyncSupply.run(CompletableFuture.java:1590)
	at java.util.concurrent.ThreadPoolExecutor.runWorker(ThreadPoolExecutor.java:1149)
	at java.util.concurrent.ThreadPoolExecutor$Worker.run(ThreadPoolExecutor.java:624)
	at java.lang.Thread.run(Thread.java:748)
2019-10-01 23:50:11,960 [main] INFO  ozone.MiniOzoneClusterImpl (MiniOzoneClusterImpl.java:shutdown(314)) - Shutting down the Mini Ozone Cluster
2019-10-01 23:50:11,960 [main] INFO  ozone.MiniOzoneClusterImpl (MiniOzoneClusterImpl.java:stop(330)) - Stopping the Mini Ozone Cluster
2019-10-01 23:50:11,961 [main] INFO  ozone.MiniOzoneClusterImpl (MiniOzoneClusterImpl.java:stopOM(400)) - Stopping the OzoneManager
2019-10-01 23:50:11,961 [main] INFO  ipc.Server (Server.java:stop(3082)) - Stopping server on 34707
2019-10-01 23:50:11,973 [IPC Server listener on 34707] INFO  ipc.Server (Server.java:run(1185)) - Stopping IPC Server listener on 34707
2019-10-01 23:50:11,987 [main] INFO  ratis.OzoneManagerDoubleBuffer (OzoneManagerDoubleBuffer.java:stop(248)) - Stopping OMDoubleBuffer flush thread
2019-10-01 23:50:11,987 [IPC Server Responder] INFO  ipc.Server (Server.java:run(1319)) - Stopping IPC Server Responder
2019-10-01 23:50:11,990 [OMDoubleBufferFlushThread] INFO  ratis.OzoneManagerDoubleBuffer (OzoneManagerDoubleBuffer.java:flushTransactions(191)) - OMDoubleBuffer flush thread OMDoubleBufferFlushThread is interrupted and will exit. OMDoubleBufferFlushThread
2019-10-01 23:50:11,991 [main] INFO  utils.BackgroundService (BackgroundService.java:shutdown(148)) - Shutting down service KeyDeletingService
2019-10-01 23:50:11,994 [main] INFO  handler.ContextHandler (ContextHandler.java:doStop(910)) - Stopped o.e.j.w.WebAppContext@55fee662{/,null,UNAVAILABLE}{/ozoneManager}
2019-10-01 23:50:11,995 [main] INFO  server.AbstractConnector (AbstractConnector.java:doStop(318)) - Stopped ServerConnector@54089484{HTTP/1.1,[http/1.1]}{0.0.0.0:0}
2019-10-01 23:50:11,995 [main] INFO  handler.ContextHandler (ContextHandler.java:doStop(910)) - Stopped o.e.j.s.ServletContextHandler@7cac93fe{/static,file:///workdir/hadoop-ozone/integration-test/target/test-classes/webapps/static,UNAVAILABLE}
2019-10-01 23:50:11,996 [main] INFO  handler.ContextHandler (ContextHandler.java:doStop(910)) - Stopped o.e.j.s.ServletContextHandler@77fa9381{/logs,file:///workdir/hadoop-ozone/integration-test/target/log,UNAVAILABLE}
2019-10-01 23:50:11,999 [main] INFO  ozone.MiniOzoneClusterImpl (MiniOzoneClusterImpl.java:stopDatanodes(377)) - Stopping the HddsDatanodes
2019-10-01 23:50:12,220 [Datanode State Machine Thread - 0] INFO  statemachine.DatanodeStateMachine (DatanodeStateMachine.java:lambda$startDaemon$0(350)) - Ozone container server started.
2019-10-01 23:50:12,899 [Datanode State Machine Thread - 0] INFO  statemachine.DatanodeStateMachine (DatanodeStateMachine.java:lambda$startDaemon$0(350)) - Ozone container server started.
2019-10-01 23:50:17,000 [main] INFO  ozoneimpl.OzoneContainer (OzoneContainer.java:stop(231)) - Attempting to stop container services.
2019-10-01 23:50:17,000 [ForkJoinPool.commonPool-worker-0] INFO  ozoneimpl.OzoneContainer (OzoneContainer.java:stop(231)) - Attempting to stop container services.
2019-10-01 23:50:17,002 [main] INFO  impl.RaftServerProxy (RaftServerProxy.java:lambda$close$4(314)) - ab266586-6a28-4580-b80c-65bb58481fdf: close
2019-10-01 23:50:17,002 [ForkJoinPool.commonPool-worker-0] INFO  impl.RaftServerProxy (RaftServerProxy.java:lambda$close$4(314)) - 16c8bbc3-fbe5-4279-adc2-6fe0065c977b: close
2019-10-01 23:50:17,003 [main] INFO  impl.RaftServerImpl (RaftServerImpl.java:lambda$shutdown$3(247)) - ab266586-6a28-4580-b80c-65bb58481fdf@group-1263917EAEE6: shutdown
2019-10-01 23:50:17,003 [ForkJoinPool.commonPool-worker-0] INFO  impl.RaftServerImpl (RaftServerImpl.java:lambda$shutdown$3(247)) - 16c8bbc3-fbe5-4279-adc2-6fe0065c977b@group-E0A991211492: shutdown
2019-10-01 23:50:17,003 [main] INFO  util.JmxRegister (JmxRegister.java:unregister(73)) - Successfully un-registered JMX Bean with object name Ratis:service=RaftServer,group=group-1263917EAEE6,id=ab266586-6a28-4580-b80c-65bb58481fdf
2019-10-01 23:50:17,003 [ForkJoinPool.commonPool-worker-0] INFO  util.JmxRegister (JmxRegister.java:unregister(73)) - Successfully un-registered JMX Bean with object name Ratis:service=RaftServer,group=group-E0A991211492,id=16c8bbc3-fbe5-4279-adc2-6fe0065c977b
2019-10-01 23:50:17,004 [main] INFO  impl.RoleInfo (RoleInfo.java:shutdownLeaderState(104)) - ab266586-6a28-4580-b80c-65bb58481fdf: shutdown LeaderState
2019-10-01 23:50:17,004 [ForkJoinPool.commonPool-worker-0] INFO  impl.RoleInfo (RoleInfo.java:shutdownLeaderState(104)) - 16c8bbc3-fbe5-4279-adc2-6fe0065c977b: shutdown LeaderState
2019-10-01 23:50:17,004 [main] INFO  impl.PendingRequests (PendingRequests.java:sendNotLeaderResponses(202)) - ab266586-6a28-4580-b80c-65bb58481fdf@group-1263917EAEE6-PendingRequests: sendNotLeaderResponses
2019-10-01 23:50:17,005 [ForkJoinPool.commonPool-worker-0] INFO  impl.PendingRequests (PendingRequests.java:sendNotLeaderResponses(202)) - 16c8bbc3-fbe5-4279-adc2-6fe0065c977b@group-E0A991211492-PendingRequests: sendNotLeaderResponses
2019-10-01 23:50:17,009 [main] INFO  impl.StateMachineUpdater (StateMachineUpdater.java:stopAndJoin(136)) - ab266586-6a28-4580-b80c-65bb58481fdf@group-1263917EAEE6-StateMachineUpdater: set stopIndex = 0
2019-10-01 23:50:17,009 [ForkJoinPool.commonPool-worker-0] INFO  impl.StateMachineUpdater (StateMachineUpdater.java:stopAndJoin(136)) - 16c8bbc3-fbe5-4279-adc2-6fe0065c977b@group-E0A991211492-StateMachineUpdater: set stopIndex = 0
2019-10-01 23:50:17,009 [main] INFO  impl.RaftServerImpl (ServerState.java:close(387)) - ab266586-6a28-4580-b80c-65bb58481fdf@group-1263917EAEE6: closes. applyIndex: 0
2019-10-01 23:50:17,009 [ForkJoinPool.commonPool-worker-0] INFO  impl.RaftServerImpl (ServerState.java:close(387)) - 16c8bbc3-fbe5-4279-adc2-6fe0065c977b@group-E0A991211492: closes. applyIndex: 0
2019-10-01 23:50:17,010 [ab266586-6a28-4580-b80c-65bb58481fdf@group-1263917EAEE6-SegmentedRaftLogWorker] INFO  segmented.SegmentedRaftLogWorker (SegmentedRaftLogWorker.java:run(316)) - ab266586-6a28-4580-b80c-65bb58481fdf@group-1263917EAEE6-SegmentedRaftLogWorker was interrupted, exiting. There are 0 tasks remaining in the queue.
2019-10-01 23:50:17,010 [16c8bbc3-fbe5-4279-adc2-6fe0065c977b@group-E0A991211492-SegmentedRaftLogWorker] INFO  segmented.SegmentedRaftLogWorker (SegmentedRaftLogWorker.java:run(316)) - 16c8bbc3-fbe5-4279-adc2-6fe0065c977b@group-E0A991211492-SegmentedRaftLogWorker was interrupted, exiting. There are 0 tasks remaining in the queue.
2019-10-01 23:50:17,013 [main] INFO  segmented.SegmentedRaftLogWorker (SegmentedRaftLogWorker.java:close(224)) - ab266586-6a28-4580-b80c-65bb58481fdf@group-1263917EAEE6-SegmentedRaftLogWorker close()
2019-10-01 23:50:17,021 [main] INFO  impl.RaftServerImpl (RaftServerImpl.java:lambda$shutdown$3(247)) - ab266586-6a28-4580-b80c-65bb58481fdf@group-90F5B60C18EA: shutdown
2019-10-01 23:50:17,022 [main] INFO  util.JmxRegister (JmxRegister.java:unregister(73)) - Successfully un-registered JMX Bean with object name Ratis:service=RaftServer,group=group-90F5B60C18EA,id=ab266586-6a28-4580-b80c-65bb58481fdf
2019-10-01 23:50:17,022 [main] INFO  impl.RoleInfo (RoleInfo.java:shutdownFollowerState(121)) - ab266586-6a28-4580-b80c-65bb58481fdf: shutdown FollowerState
2019-10-01 23:50:17,022 [main] INFO  impl.StateMachineUpdater (StateMachineUpdater.java:stopAndJoin(136)) - ab266586-6a28-4580-b80c-65bb58481fdf@group-90F5B60C18EA-StateMachineUpdater: set stopIndex = 8
2019-10-01 23:50:17,022 [ab266586-6a28-4580-b80c-65bb58481fdf@group-90F5B60C18EA-StateMachineUpdater] INFO  ratis.ContainerStateMachine (ContainerStateMachine.java:takeSnapshot(289)) - group-90F5B60C18EA: Taking a snapshot at:(t:1, i:6) file /workdir/hadoop-ozone/integration-test/target/test-dir/MiniOzoneClusterImpl-86593db2-05eb-48a7-b50a-ea57df30e816/datanode-4/data/ratis/be7cb5fe-a69e-4379-9fc8-90f5b60c18ea/sm/snapshot.1_6
2019-10-01 23:50:17,022 [Thread-767] INFO  impl.FollowerState (FollowerState.java:run(117)) - ab266586-6a28-4580-b80c-65bb58481fdf@group-90F5B60C18EA-FollowerState was interrupted: java.lang.InterruptedException: sleep interrupted
2019-10-01 23:50:17,025 [ForkJoinPool.commonPool-worker-0] INFO  segmented.SegmentedRaftLogWorker (SegmentedRaftLogWorker.java:close(224)) - 16c8bbc3-fbe5-4279-adc2-6fe0065c977b@group-E0A991211492-SegmentedRaftLogWorker close()
2019-10-01 23:50:17,029 [ForkJoinPool.commonPool-worker-0] INFO  impl.RaftServerImpl (RaftServerImpl.java:lambda$shutdown$3(247)) - 16c8bbc3-fbe5-4279-adc2-6fe0065c977b@group-B5AC0863C80D: shutdown
2019-10-01 23:50:17,029 [ForkJoinPool.commonPool-worker-0] INFO  util.JmxRegister (JmxRegister.java:unregister(73)) - Successfully un-registered JMX Bean with object name Ratis:service=RaftServer,group=group-B5AC0863C80D,id=16c8bbc3-fbe5-4279-adc2-6fe0065c977b
2019-10-01 23:50:17,029 [ForkJoinPool.commonPool-worker-0] INFO  impl.RoleInfo (RoleInfo.java:shutdownLeaderState(104)) - 16c8bbc3-fbe5-4279-adc2-6fe0065c977b: shutdown LeaderState
2019-10-01 23:50:17,033 [ForkJoinPool.commonPool-worker-0] INFO  impl.PendingRequests (PendingRequests.java:sendNotLeaderResponses(202)) - 16c8bbc3-fbe5-4279-adc2-6fe0065c977b@group-B5AC0863C80D-PendingRequests: sendNotLeaderResponses
2019-10-01 23:50:17,033 [org.apache.ratis.server.impl.LogAppender$AppenderDaemon$$Lambda$505/1433945197@5dff7639] WARN  server.GrpcLogAppender (GrpcLogAppender.java:mayWait(143)) - 16c8bbc3-fbe5-4279-adc2-6fe0065c977b@group-B5AC0863C80D->2de5c074-cadd-4caa-88d0-9a54a941c1e1-GrpcLogAppender: Wait interrupted by java.lang.InterruptedException
2019-10-01 23:50:17,033 [org.apache.ratis.server.impl.LogAppender$AppenderDaemon$$Lambda$505/1433945197@63c5f9b4] WARN  server.GrpcLogAppender (GrpcLogAppender.java:mayWait(143)) - 16c8bbc3-fbe5-4279-adc2-6fe0065c977b@group-B5AC0863C80D->38ca09f0-e920-4f1a-8211-b6df4124e959-GrpcLogAppender: Wait interrupted by java.lang.InterruptedException
2019-10-01 23:50:17,033 [ForkJoinPool.commonPool-worker-0] INFO  impl.StateMachineUpdater (StateMachineUpdater.java:stopAndJoin(136)) - 16c8bbc3-fbe5-4279-adc2-6fe0065c977b@group-B5AC0863C80D-StateMachineUpdater: set stopIndex = 0
2019-10-01 23:50:17,034 [ForkJoinPool.commonPool-worker-0] INFO  impl.RaftServerImpl (ServerState.java:close(387)) - 16c8bbc3-fbe5-4279-adc2-6fe0065c977b@group-B5AC0863C80D: closes. applyIndex: 0
2019-10-01 23:50:17,034 [grpc-default-executor-3] INFO  server.GrpcServerProtocolService (GrpcServerProtocolService.java:onCompleted(113)) - 38ca09f0-e920-4f1a-8211-b6df4124e959: Completed APPEND_ENTRIES, lastRequest: 16c8bbc3-fbe5-4279-adc2-6fe0065c977b->38ca09f0-e920-4f1a-8211-b6df4124e959#40-t1, previous=(t:1, i:0), leaderCommit=0, initializing? false, entries: <empty>
2019-10-01 23:50:17,034 [grpc-default-executor-2] INFO  server.GrpcServerProtocolService (GrpcServerProtocolService.java:onCompleted(113)) - 2de5c074-cadd-4caa-88d0-9a54a941c1e1: Completed APPEND_ENTRIES, lastRequest: 16c8bbc3-fbe5-4279-adc2-6fe0065c977b->2de5c074-cadd-4caa-88d0-9a54a941c1e1#40-t1, previous=(t:1, i:0), leaderCommit=0, initializing? false, entries: <empty>
2019-10-01 23:50:17,034 [16c8bbc3-fbe5-4279-adc2-6fe0065c977b@group-B5AC0863C80D-SegmentedRaftLogWorker] INFO  segmented.SegmentedRaftLogWorker (SegmentedRaftLogWorker.java:run(316)) - 16c8bbc3-fbe5-4279-adc2-6fe0065c977b@group-B5AC0863C80D-SegmentedRaftLogWorker was interrupted, exiting. There are 0 tasks remaining in the queue.
2019-10-01 23:50:17,036 [ForkJoinPool.commonPool-worker-0] INFO  segmented.SegmentedRaftLogWorker (SegmentedRaftLogWorker.java:close(224)) - 16c8bbc3-fbe5-4279-adc2-6fe0065c977b@group-B5AC0863C80D-SegmentedRaftLogWorker close()
2019-10-01 23:50:17,036 [grpc-default-executor-3] INFO  server.GrpcLogAppender (GrpcLogAppender.java:onCompleted(293)) - 16c8bbc3-fbe5-4279-adc2-6fe0065c977b@group-B5AC0863C80D->2de5c074-cadd-4caa-88d0-9a54a941c1e1-AppendLogResponseHandler: follower responses appendEntries COMPLETED
2019-10-01 23:50:17,036 [grpc-default-executor-2] INFO  server.GrpcLogAppender (GrpcLogAppender.java:onCompleted(293)) - 16c8bbc3-fbe5-4279-adc2-6fe0065c977b@group-B5AC0863C80D->38ca09f0-e920-4f1a-8211-b6df4124e959-AppendLogResponseHandler: follower responses appendEntries COMPLETED
2019-10-01 23:50:17,041 [ForkJoinPool.commonPool-worker-0] INFO  server.GrpcService (GrpcService.java:closeImpl(164)) - 16c8bbc3-fbe5-4279-adc2-6fe0065c977b: shutdown server with port 33008 now
2019-10-01 23:50:17,042 [ForkJoinPool.commonPool-worker-0] INFO  server.GrpcService (GrpcService.java:closeImpl(172)) - 16c8bbc3-fbe5-4279-adc2-6fe0065c977b: shutdown server with port 33008 successfully
2019-10-01 23:50:17,042 [grpc-default-executor-2] INFO  impl.FollowerInfo (FollowerInfo.java:lambda$new$0(51)) - 16c8bbc3-fbe5-4279-adc2-6fe0065c977b@group-B5AC0863C80D->38ca09f0-e920-4f1a-8211-b6df4124e959: nextIndex: updateUnconditionally 1 -> 0
2019-10-01 23:50:17,042 [grpc-default-executor-3] INFO  impl.FollowerInfo (FollowerInfo.java:lambda$new$0(51)) - 16c8bbc3-fbe5-4279-adc2-6fe0065c977b@group-B5AC0863C80D->2de5c074-cadd-4caa-88d0-9a54a941c1e1: nextIndex: updateUnconditionally 1 -> 0
2019-10-01 23:50:17,048 [refreshUsed-/workdir/hadoop-ozone/integration-test/target/test-dir/MiniOzoneClusterImpl-86593db2-05eb-48a7-b50a-ea57df30e816/datanode-1/data/containers] WARN  fs.CachingGetSpaceUsed (CachingGetSpaceUsed.java:run(183)) - Thread Interrupted waiting to refresh disk information: sleep interrupted
2019-10-01 23:50:17,048 [ab266586-6a28-4580-b80c-65bb58481fdf@group-90F5B60C18EA-StateMachineUpdater] INFO  ratis.ContainerStateMachine (ContainerStateMachine.java:takeSnapshot(300)) - group-90F5B60C18EA: Finished taking a snapshot at:(t:1, i:6) file:/workdir/hadoop-ozone/integration-test/target/test-dir/MiniOzoneClusterImpl-86593db2-05eb-48a7-b50a-ea57df30e816/datanode-4/data/ratis/be7cb5fe-a69e-4379-9fc8-90f5b60c18ea/sm/snapshot.1_6 time:26
2019-10-01 23:50:17,049 [ab266586-6a28-4580-b80c-65bb58481fdf@group-90F5B60C18EA-StateMachineUpdater] INFO  impl.StateMachineUpdater (StateMachineUpdater.java:takeSnapshot(269)) - ab266586-6a28-4580-b80c-65bb58481fdf@group-90F5B60C18EA-StateMachineUpdater: Took a snapshot at index 6
2019-10-01 23:50:17,049 [ab266586-6a28-4580-b80c-65bb58481fdf@group-90F5B60C18EA-StateMachineUpdater] INFO  impl.StateMachineUpdater (StateMachineUpdater.java:lambda$new$0(84)) - ab266586-6a28-4580-b80c-65bb58481fdf@group-90F5B60C18EA-StateMachineUpdater: snapshotIndex: updateIncreasingly -1 -> 6
2019-10-01 23:50:17,049 [ab266586-6a28-4580-b80c-65bb58481fdf@group-90F5B60C18EA-StateMachineUpdater] INFO  ratis.ContainerStateMachine (ContainerStateMachine.java:takeSnapshot(289)) - group-90F5B60C18EA: Taking a snapshot at:(t:1, i:6) file /workdir/hadoop-ozone/integration-test/target/test-dir/MiniOzoneClusterImpl-86593db2-05eb-48a7-b50a-ea57df30e816/datanode-4/data/ratis/be7cb5fe-a69e-4379-9fc8-90f5b60c18ea/sm/snapshot.1_6
2019-10-01 23:50:17,060 [ForkJoinPool.commonPool-worker-0] INFO  utils.BackgroundService (BackgroundService.java:shutdown(148)) - Shutting down service BlockDeletingService
2019-10-01 23:50:17,068 [ForkJoinPool.commonPool-worker-0] INFO  statemachine.DatanodeStateMachine (DatanodeStateMachine.java:stopDaemon(395)) - Ozone container server stopped.
2019-10-01 23:50:17,072 [ab266586-6a28-4580-b80c-65bb58481fdf@group-90F5B60C18EA-StateMachineUpdater] INFO  ratis.ContainerStateMachine (ContainerStateMachine.java:takeSnapshot(300)) - group-90F5B60C18EA: Finished taking a snapshot at:(t:1, i:6) file:/workdir/hadoop-ozone/integration-test/target/test-dir/MiniOzoneClusterImpl-86593db2-05eb-48a7-b50a-ea57df30e816/datanode-4/data/ratis/be7cb5fe-a69e-4379-9fc8-90f5b60c18ea/sm/snapshot.1_6 time:23
2019-10-01 23:50:17,073 [ab266586-6a28-4580-b80c-65bb58481fdf@group-90F5B60C18EA-StateMachineUpdater] INFO  impl.StateMachineUpdater (StateMachineUpdater.java:takeSnapshot(269)) - ab266586-6a28-4580-b80c-65bb58481fdf@group-90F5B60C18EA-StateMachineUpdater: Took a snapshot at index 6
2019-10-01 23:50:17,073 [ab266586-6a28-4580-b80c-65bb58481fdf@group-90F5B60C18EA-StateMachineUpdater] INFO  impl.StateMachineUpdater (StateMachineUpdater.java:lambda$new$0(84)) - ab266586-6a28-4580-b80c-65bb58481fdf@group-90F5B60C18EA-StateMachineUpdater: snapshotIndex: updateIncreasingly 6 -> 6
2019-10-01 23:50:17,073 [main] INFO  impl.RaftServerImpl (ServerState.java:close(387)) - ab266586-6a28-4580-b80c-65bb58481fdf@group-90F5B60C18EA: closes. applyIndex: 8
2019-10-01 23:50:17,075 [ForkJoinPool.commonPool-worker-0] INFO  handler.ContextHandler (ContextHandler.java:doStop(910)) - Stopped o.e.j.w.WebAppContext@7b61bf11{/,null,UNAVAILABLE}{/hddsDatanode}
2019-10-01 23:50:17,076 [ab266586-6a28-4580-b80c-65bb58481fdf@group-90F5B60C18EA-SegmentedRaftLogWorker] INFO  segmented.SegmentedRaftLogWorker (SegmentedRaftLogWorker.java:run(316)) - ab266586-6a28-4580-b80c-65bb58481fdf@group-90F5B60C18EA-SegmentedRaftLogWorker was interrupted, exiting. There are 0 tasks remaining in the queue.
2019-10-01 23:50:17,078 [main] INFO  segmented.SegmentedRaftLogWorker (SegmentedRaftLogWorker.java:close(224)) - ab266586-6a28-4580-b80c-65bb58481fdf@group-90F5B60C18EA-SegmentedRaftLogWorker close()
2019-10-01 23:50:17,088 [main] INFO  server.GrpcService (GrpcService.java:closeImpl(164)) - ab266586-6a28-4580-b80c-65bb58481fdf: shutdown server with port 33765 now
2019-10-01 23:50:17,088 [ForkJoinPool.commonPool-worker-0] INFO  server.AbstractConnector (AbstractConnector.java:doStop(318)) - Stopped ServerConnector@40247d48{HTTP/1.1,[http/1.1]}{0.0.0.0:0}
2019-10-01 23:50:17,090 [ForkJoinPool.commonPool-worker-0] INFO  handler.ContextHandler (ContextHandler.java:doStop(910)) - Stopped o.e.j.s.ServletContextHandler@46911148{/static,jar:file:/home/user/.m2/repository/org/apache/hadoop/hadoop-hdds-container-service/0.5.0-SNAPSHOT/hadoop-hdds-container-service-0.5.0-SNAPSHOT.jar!/webapps/static,UNAVAILABLE}
2019-10-01 23:50:17,092 [ForkJoinPool.commonPool-worker-0] INFO  handler.ContextHandler (ContextHandler.java:doStop(910)) - Stopped o.e.j.s.ServletContextHandler@65a9ea3c{/logs,file:///workdir/hadoop-ozone/integration-test/target/log,UNAVAILABLE}
2019-10-01 23:50:17,092 [main] INFO  server.GrpcService (GrpcService.java:closeImpl(172)) - ab266586-6a28-4580-b80c-65bb58481fdf: shutdown server with port 33765 successfully
2019-10-01 23:50:17,092 [grpc-default-executor-5] WARN  server.GrpcServerProtocolService (LogUtils.java:warn(134)) - ab266586-6a28-4580-b80c-65bb58481fdf: installSnapshot onError, lastRequest: 9bae093a-6162-4cd2-97fa-12be3a47952b->ab266586-6a28-4580-b80c-65bb58481fdf#47-t1, previous=(t:1, i:8), leaderCommit=8, initializing? false, entries: <empty>: org.apache.ratis.thirdparty.io.grpc.StatusRuntimeException: CANCELLED: cancelled before receiving half close
2019-10-01 23:50:17,092 [grpc-default-executor-2] WARN  server.GrpcLogAppender (LogUtils.java:warn(134)) - 9bae093a-6162-4cd2-97fa-12be3a47952b@group-90F5B60C18EA->ab266586-6a28-4580-b80c-65bb58481fdf-AppendLogResponseHandler: Failed appendEntries: org.apache.ratis.thirdparty.io.grpc.StatusRuntimeException: CANCELLED: HTTP/2 error code: CANCEL
Received Rst Stream
2019-10-01 23:50:17,094 [grpc-default-executor-2] INFO  impl.FollowerInfo (FollowerInfo.java:lambda$new$0(51)) - 9bae093a-6162-4cd2-97fa-12be3a47952b@group-90F5B60C18EA->ab266586-6a28-4580-b80c-65bb58481fdf: nextIndex: updateUnconditionally 9 -> 8
2019-10-01 23:50:17,095 [refreshUsed-/workdir/hadoop-ozone/integration-test/target/test-dir/MiniOzoneClusterImpl-86593db2-05eb-48a7-b50a-ea57df30e816/datanode-4/data/containers] WARN  fs.CachingGetSpaceUsed (CachingGetSpaceUsed.java:run(183)) - Thread Interrupted waiting to refresh disk information: sleep interrupted
2019-10-01 23:50:17,095 [grpc-default-executor-4] WARN  client.GrpcClientProtocolService (LogUtils.java:warn(134)) - 50-OrderedRequestStreamObserver50: onError: org.apache.ratis.thirdparty.io.grpc.StatusRuntimeException: CANCELLED: cancelled before receiving half close
2019-10-01 23:50:17,106 [main] INFO  utils.BackgroundService (BackgroundService.java:shutdown(148)) - Shutting down service BlockDeletingService
2019-10-01 23:50:17,110 [main] INFO  statemachine.DatanodeStateMachine (DatanodeStateMachine.java:stopDaemon(395)) - Ozone container server stopped.
2019-10-01 23:50:17,111 [main] INFO  handler.ContextHandler (ContextHandler.java:doStop(910)) - Stopped o.e.j.w.WebAppContext@2abbd0d9{/,null,UNAVAILABLE}{/hddsDatanode}
2019-10-01 23:50:17,111 [main] INFO  server.AbstractConnector (AbstractConnector.java:doStop(318)) - Stopped ServerConnector@b61edb9{HTTP/1.1,[http/1.1]}{0.0.0.0:0}
2019-10-01 23:50:17,111 [main] INFO  handler.ContextHandler (ContextHandler.java:doStop(910)) - Stopped o.e.j.s.ServletContextHandler@27443560{/static,jar:file:/home/user/.m2/repository/org/apache/hadoop/hadoop-hdds-container-service/0.5.0-SNAPSHOT/hadoop-hdds-container-service-0.5.0-SNAPSHOT.jar!/webapps/static,UNAVAILABLE}
2019-10-01 23:50:17,112 [main] INFO  handler.ContextHandler (ContextHandler.java:doStop(910)) - Stopped o.e.j.s.ServletContextHandler@5649d11a{/logs,file:///workdir/hadoop-ozone/integration-test/target/log,UNAVAILABLE}
2019-10-01 23:50:17,831 [grpc-default-executor-4] WARN  server.GrpcLogAppender (LogUtils.java:warn(134)) - 9bae093a-6162-4cd2-97fa-12be3a47952b@group-90F5B60C18EA->ab266586-6a28-4580-b80c-65bb58481fdf-AppendLogResponseHandler: Failed appendEntries: org.apache.ratis.thirdparty.io.grpc.StatusRuntimeException: UNAVAILABLE: io exception
2019-10-01 23:50:17,832 [grpc-default-executor-4] INFO  impl.FollowerInfo (FollowerInfo.java:lambda$new$0(51)) - 9bae093a-6162-4cd2-97fa-12be3a47952b@group-90F5B60C18EA->ab266586-6a28-4580-b80c-65bb58481fdf: nextIndex: updateUnconditionally 8 -> 7
2019-10-01 23:50:17,987 [Datanode State Machine Thread - 0] INFO  statemachine.DatanodeStateMachine (DatanodeStateMachine.java:lambda$startDaemon$0(350)) - Ozone container server started.
2019-10-01 23:50:18,044 [Datanode State Machine Thread - 0] INFO  statemachine.DatanodeStateMachine (DatanodeStateMachine.java:lambda$startDaemon$0(350)) - Ozone container server started.
2019-10-01 23:50:20,336 [grpc-default-executor-2] WARN  server.GrpcLogAppender (LogUtils.java:warn(134)) - 9bae093a-6162-4cd2-97fa-12be3a47952b@group-90F5B60C18EA->ab266586-6a28-4580-b80c-65bb58481fdf-AppendLogResponseHandler: Failed appendEntries: org.apache.ratis.thirdparty.io.grpc.StatusRuntimeException: UNAVAILABLE: io exception
2019-10-01 23:50:20,337 [grpc-default-executor-2] INFO  impl.FollowerInfo (FollowerInfo.java:lambda$new$0(51)) - 9bae093a-6162-4cd2-97fa-12be3a47952b@group-90F5B60C18EA->ab266586-6a28-4580-b80c-65bb58481fdf: nextIndex: updateUnconditionally 7 -> 6
2019-10-01 23:50:22,094 [ForkJoinPool.commonPool-worker-0] INFO  ozoneimpl.OzoneContainer (OzoneContainer.java:stop(231)) - Attempting to stop container services.
2019-10-01 23:50:22,095 [ForkJoinPool.commonPool-worker-0] INFO  impl.RaftServerProxy (RaftServerProxy.java:lambda$close$4(314)) - a1cb0b66-8edc-4726-b86a-46c9b6797c30: close
2019-10-01 23:50:22,096 [ForkJoinPool.commonPool-worker-0] INFO  impl.RaftServerImpl (RaftServerImpl.java:lambda$shutdown$3(247)) - a1cb0b66-8edc-4726-b86a-46c9b6797c30@group-24115C18EB8E: shutdown
2019-10-01 23:50:22,096 [ForkJoinPool.commonPool-worker-0] INFO  util.JmxRegister (JmxRegister.java:unregister(73)) - Successfully un-registered JMX Bean with object name Ratis:service=RaftServer,group=group-24115C18EB8E,id=a1cb0b66-8edc-4726-b86a-46c9b6797c30
2019-10-01 23:50:22,097 [ForkJoinPool.commonPool-worker-0] INFO  impl.RoleInfo (RoleInfo.java:shutdownLeaderState(104)) - a1cb0b66-8edc-4726-b86a-46c9b6797c30: shutdown LeaderState
2019-10-01 23:50:22,097 [ForkJoinPool.commonPool-worker-0] INFO  impl.PendingRequests (PendingRequests.java:sendNotLeaderResponses(202)) - a1cb0b66-8edc-4726-b86a-46c9b6797c30@group-24115C18EB8E-PendingRequests: sendNotLeaderResponses
2019-10-01 23:50:22,098 [ForkJoinPool.commonPool-worker-0] INFO  impl.StateMachineUpdater (StateMachineUpdater.java:stopAndJoin(136)) - a1cb0b66-8edc-4726-b86a-46c9b6797c30@group-24115C18EB8E-StateMachineUpdater: set stopIndex = 0
2019-10-01 23:50:22,099 [ForkJoinPool.commonPool-worker-0] INFO  impl.RaftServerImpl (ServerState.java:close(387)) - a1cb0b66-8edc-4726-b86a-46c9b6797c30@group-24115C18EB8E: closes. applyIndex: 0
2019-10-01 23:50:22,099 [a1cb0b66-8edc-4726-b86a-46c9b6797c30@group-24115C18EB8E-SegmentedRaftLogWorker] INFO  segmented.SegmentedRaftLogWorker (SegmentedRaftLogWorker.java:run(316)) - a1cb0b66-8edc-4726-b86a-46c9b6797c30@group-24115C18EB8E-SegmentedRaftLogWorker was interrupted, exiting. There are 0 tasks remaining in the queue.
2019-10-01 23:50:22,103 [ForkJoinPool.commonPool-worker-0] INFO  segmented.SegmentedRaftLogWorker (SegmentedRaftLogWorker.java:close(224)) - a1cb0b66-8edc-4726-b86a-46c9b6797c30@group-24115C18EB8E-SegmentedRaftLogWorker close()
2019-10-01 23:50:22,104 [ForkJoinPool.commonPool-worker-0] INFO  server.GrpcService (GrpcService.java:closeImpl(164)) - a1cb0b66-8edc-4726-b86a-46c9b6797c30: shutdown server with port 41303 now
2019-10-01 23:50:22,106 [ForkJoinPool.commonPool-worker-0] INFO  server.GrpcService (GrpcService.java:closeImpl(172)) - a1cb0b66-8edc-4726-b86a-46c9b6797c30: shutdown server with port 41303 successfully
2019-10-01 23:50:22,113 [main] INFO  ozoneimpl.OzoneContainer (OzoneContainer.java:stop(231)) - Attempting to stop container services.
2019-10-01 23:50:22,114 [main] INFO  impl.RaftServerProxy (RaftServerProxy.java:lambda$close$4(314)) - 38ca09f0-e920-4f1a-8211-b6df4124e959: close
2019-10-01 23:50:22,114 [main] INFO  impl.RaftServerImpl (RaftServerImpl.java:lambda$shutdown$3(247)) - 38ca09f0-e920-4f1a-8211-b6df4124e959@group-618F7D0BABE8: shutdown
2019-10-01 23:50:22,114 [refreshUsed-/workdir/hadoop-ozone/integration-test/target/test-dir/MiniOzoneClusterImpl-86593db2-05eb-48a7-b50a-ea57df30e816/datanode-2/data/containers] WARN  fs.CachingGetSpaceUsed (CachingGetSpaceUsed.java:run(183)) - Thread Interrupted waiting to refresh disk information: sleep interrupted
2019-10-01 23:50:22,114 [main] INFO  util.JmxRegister (JmxRegister.java:unregister(73)) - Successfully un-registered JMX Bean with object name Ratis:service=RaftServer,group=group-618F7D0BABE8,id=38ca09f0-e920-4f1a-8211-b6df4124e959
2019-10-01 23:50:22,115 [main] INFO  impl.RoleInfo (RoleInfo.java:shutdownLeaderState(104)) - 38ca09f0-e920-4f1a-8211-b6df4124e959: shutdown LeaderState
2019-10-01 23:50:22,115 [main] INFO  impl.PendingRequests (PendingRequests.java:sendNotLeaderResponses(202)) - 38ca09f0-e920-4f1a-8211-b6df4124e959@group-618F7D0BABE8-PendingRequests: sendNotLeaderResponses
2019-10-01 23:50:22,115 [main] INFO  impl.StateMachineUpdater (StateMachineUpdater.java:stopAndJoin(136)) - 38ca09f0-e920-4f1a-8211-b6df4124e959@group-618F7D0BABE8-StateMachineUpdater: set stopIndex = 0
2019-10-01 23:50:22,116 [main] INFO  impl.RaftServerImpl (ServerState.java:close(387)) - 38ca09f0-e920-4f1a-8211-b6df4124e959@group-618F7D0BABE8: closes. applyIndex: 0
2019-10-01 23:50:22,116 [38ca09f0-e920-4f1a-8211-b6df4124e959@group-618F7D0BABE8-SegmentedRaftLogWorker] INFO  segmented.SegmentedRaftLogWorker (SegmentedRaftLogWorker.java:run(316)) - 38ca09f0-e920-4f1a-8211-b6df4124e959@group-618F7D0BABE8-SegmentedRaftLogWorker was interrupted, exiting. There are 0 tasks remaining in the queue.
2019-10-01 23:50:22,117 [main] INFO  segmented.SegmentedRaftLogWorker (SegmentedRaftLogWorker.java:close(224)) - 38ca09f0-e920-4f1a-8211-b6df4124e959@group-618F7D0BABE8-SegmentedRaftLogWorker close()
2019-10-01 23:50:22,119 [main] INFO  impl.RaftServerImpl (RaftServerImpl.java:lambda$shutdown$3(247)) - 38ca09f0-e920-4f1a-8211-b6df4124e959@group-B5AC0863C80D: shutdown
2019-10-01 23:50:22,119 [main] INFO  util.JmxRegister (JmxRegister.java:unregister(73)) - Successfully un-registered JMX Bean with object name Ratis:service=RaftServer,group=group-B5AC0863C80D,id=38ca09f0-e920-4f1a-8211-b6df4124e959
2019-10-01 23:50:22,120 [main] INFO  impl.RoleInfo (RoleInfo.java:shutdownFollowerState(121)) - 38ca09f0-e920-4f1a-8211-b6df4124e959: shutdown FollowerState
2019-10-01 23:50:22,120 [main] INFO  impl.StateMachineUpdater (StateMachineUpdater.java:stopAndJoin(136)) - 38ca09f0-e920-4f1a-8211-b6df4124e959@group-B5AC0863C80D-StateMachineUpdater: set stopIndex = 0
2019-10-01 23:50:22,120 [main] INFO  impl.RaftServerImpl (ServerState.java:close(387)) - 38ca09f0-e920-4f1a-8211-b6df4124e959@group-B5AC0863C80D: closes. applyIndex: 0
2019-10-01 23:50:22,120 [Thread-762] INFO  impl.FollowerState (FollowerState.java:run(117)) - 38ca09f0-e920-4f1a-8211-b6df4124e959@group-B5AC0863C80D-FollowerState was interrupted: java.lang.InterruptedException: sleep interrupted
2019-10-01 23:50:22,122 [38ca09f0-e920-4f1a-8211-b6df4124e959@group-B5AC0863C80D-SegmentedRaftLogWorker] INFO  segmented.SegmentedRaftLogWorker (SegmentedRaftLogWorker.java:run(316)) - 38ca09f0-e920-4f1a-8211-b6df4124e959@group-B5AC0863C80D-SegmentedRaftLogWorker was interrupted, exiting. There are 0 tasks remaining in the queue.
2019-10-01 23:50:22,123 [main] INFO  segmented.SegmentedRaftLogWorker (SegmentedRaftLogWorker.java:close(224)) - 38ca09f0-e920-4f1a-8211-b6df4124e959@group-B5AC0863C80D-SegmentedRaftLogWorker close()
2019-10-01 23:50:22,125 [main] INFO  server.GrpcService (GrpcService.java:closeImpl(164)) - 38ca09f0-e920-4f1a-8211-b6df4124e959: shutdown server with port 34985 now
2019-10-01 23:50:22,125 [main] INFO  server.GrpcService (GrpcService.java:closeImpl(172)) - 38ca09f0-e920-4f1a-8211-b6df4124e959: shutdown server with port 34985 successfully
2019-10-01 23:50:22,126 [refreshUsed-/workdir/hadoop-ozone/integration-test/target/test-dir/MiniOzoneClusterImpl-86593db2-05eb-48a7-b50a-ea57df30e816/datanode-3/data/containers] WARN  fs.CachingGetSpaceUsed (CachingGetSpaceUsed.java:run(183)) - Thread Interrupted waiting to refresh disk information: sleep interrupted
2019-10-01 23:50:22,135 [ForkJoinPool.commonPool-worker-0] INFO  utils.BackgroundService (BackgroundService.java:shutdown(148)) - Shutting down service BlockDeletingService
2019-10-01 23:50:22,139 [ForkJoinPool.commonPool-worker-0] INFO  statemachine.DatanodeStateMachine (DatanodeStateMachine.java:stopDaemon(395)) - Ozone container server stopped.
2019-10-01 23:50:22,143 [ForkJoinPool.commonPool-worker-0] INFO  handler.ContextHandler (ContextHandler.java:doStop(910)) - Stopped o.e.j.w.WebAppContext@3f6bf8aa{/,null,UNAVAILABLE}{/hddsDatanode}
2019-10-01 23:50:22,144 [ForkJoinPool.commonPool-worker-0] INFO  server.AbstractConnector (AbstractConnector.java:doStop(318)) - Stopped ServerConnector@13c8ac77{HTTP/1.1,[http/1.1]}{0.0.0.0:0}
2019-10-01 23:50:22,145 [ForkJoinPool.commonPool-worker-0] INFO  handler.ContextHandler (ContextHandler.java:doStop(910)) - Stopped o.e.j.s.ServletContextHandler@2f10f633{/static,jar:file:/home/user/.m2/repository/org/apache/hadoop/hadoop-hdds-container-service/0.5.0-SNAPSHOT/hadoop-hdds-container-service-0.5.0-SNAPSHOT.jar!/webapps/static,UNAVAILABLE}
2019-10-01 23:50:22,147 [ForkJoinPool.commonPool-worker-0] INFO  handler.ContextHandler (ContextHandler.java:doStop(910)) - Stopped o.e.j.s.ServletContextHandler@6088451e{/logs,file:///workdir/hadoop-ozone/integration-test/target/log,UNAVAILABLE}
2019-10-01 23:50:22,150 [main] INFO  utils.BackgroundService (BackgroundService.java:shutdown(148)) - Shutting down service BlockDeletingService
2019-10-01 23:50:22,154 [main] INFO  statemachine.DatanodeStateMachine (DatanodeStateMachine.java:stopDaemon(395)) - Ozone container server stopped.
2019-10-01 23:50:22,155 [main] INFO  handler.ContextHandler (ContextHandler.java:doStop(910)) - Stopped o.e.j.w.WebAppContext@66a5755{/,null,UNAVAILABLE}{/hddsDatanode}
2019-10-01 23:50:22,155 [main] INFO  server.AbstractConnector (AbstractConnector.java:doStop(318)) - Stopped ServerConnector@771a7d53{HTTP/1.1,[http/1.1]}{0.0.0.0:0}
2019-10-01 23:50:22,156 [main] INFO  handler.ContextHandler (ContextHandler.java:doStop(910)) - Stopped o.e.j.s.ServletContextHandler@4fa4f485{/static,jar:file:/home/user/.m2/repository/org/apache/hadoop/hadoop-hdds-container-service/0.5.0-SNAPSHOT/hadoop-hdds-container-service-0.5.0-SNAPSHOT.jar!/webapps/static,UNAVAILABLE}
2019-10-01 23:50:22,156 [main] INFO  handler.ContextHandler (ContextHandler.java:doStop(910)) - Stopped o.e.j.s.ServletContextHandler@6af90849{/logs,file:///workdir/hadoop-ozone/integration-test/target/log,UNAVAILABLE}
2019-10-01 23:50:22,179 [Datanode State Machine Thread - 0] INFO  statemachine.DatanodeStateMachine (DatanodeStateMachine.java:lambda$startDaemon$0(350)) - Ozone container server started.
2019-10-01 23:50:22,811 [Datanode State Machine Thread - 0] INFO  statemachine.DatanodeStateMachine (DatanodeStateMachine.java:lambda$startDaemon$0(350)) - Ozone container server started.
2019-10-01 23:50:22,835 [grpc-default-executor-4] WARN  server.GrpcLogAppender (LogUtils.java:warn(134)) - 9bae093a-6162-4cd2-97fa-12be3a47952b@group-90F5B60C18EA->ab266586-6a28-4580-b80c-65bb58481fdf-AppendLogResponseHandler: Failed appendEntries: org.apache.ratis.thirdparty.io.grpc.StatusRuntimeException: UNAVAILABLE: io exception
2019-10-01 23:50:22,835 [grpc-default-executor-4] INFO  impl.FollowerInfo (FollowerInfo.java:lambda$new$0(51)) - 9bae093a-6162-4cd2-97fa-12be3a47952b@group-90F5B60C18EA->ab266586-6a28-4580-b80c-65bb58481fdf: nextIndex: updateUnconditionally 6 -> 5
2019-10-01 23:50:25,336 [grpc-default-executor-4] WARN  server.GrpcLogAppender (LogUtils.java:warn(134)) - 9bae093a-6162-4cd2-97fa-12be3a47952b@group-90F5B60C18EA->ab266586-6a28-4580-b80c-65bb58481fdf-AppendLogResponseHandler: Failed appendEntries: org.apache.ratis.thirdparty.io.grpc.StatusRuntimeException: UNAVAILABLE: io exception
2019-10-01 23:50:25,337 [grpc-default-executor-4] INFO  impl.FollowerInfo (FollowerInfo.java:lambda$new$0(51)) - 9bae093a-6162-4cd2-97fa-12be3a47952b@group-90F5B60C18EA->ab266586-6a28-4580-b80c-65bb58481fdf: nextIndex: updateUnconditionally 5 -> 4
2019-10-01 23:50:26,091 [Thread-763] INFO  impl.FollowerState (FollowerState.java:run(108)) - 2de5c074-cadd-4caa-88d0-9a54a941c1e1@group-B5AC0863C80D-FollowerState: change to CANDIDATE, lastRpcTime:9491ms, electionTimeout:5131ms
2019-10-01 23:50:26,091 [Thread-763] INFO  impl.RoleInfo (RoleInfo.java:shutdownFollowerState(121)) - 2de5c074-cadd-4caa-88d0-9a54a941c1e1: shutdown FollowerState
2019-10-01 23:50:26,092 [Thread-763] INFO  impl.RaftServerImpl (RaftServerImpl.java:setRole(170)) - 2de5c074-cadd-4caa-88d0-9a54a941c1e1@group-B5AC0863C80D: changes role from  FOLLOWER to CANDIDATE at term 1 for changeToCandidate
2019-10-01 23:50:26,092 [Thread-763] INFO  impl.RoleInfo (RoleInfo.java:updateAndGet(143)) - 2de5c074-cadd-4caa-88d0-9a54a941c1e1: start LeaderElection
2019-10-01 23:50:26,095 [2de5c074-cadd-4caa-88d0-9a54a941c1e1@group-B5AC0863C80D-LeaderElection23] INFO  impl.RaftServerImpl (ServerState.java:setLeader(255)) - 2de5c074-cadd-4caa-88d0-9a54a941c1e1@group-B5AC0863C80D: change Leader from 16c8bbc3-fbe5-4279-adc2-6fe0065c977b to null at term 1 for initElection
2019-10-01 23:50:26,121 [2de5c074-cadd-4caa-88d0-9a54a941c1e1@group-B5AC0863C80D-LeaderElection23] INFO  impl.LeaderElection (LeaderElection.java:askForVotes(178)) - 2de5c074-cadd-4caa-88d0-9a54a941c1e1@group-B5AC0863C80D-LeaderElection23: begin an election at term 2 for 0: [2de5c074-cadd-4caa-88d0-9a54a941c1e1:192.168.30.63:42904, 16c8bbc3-fbe5-4279-adc2-6fe0065c977b:192.168.30.63:33008, 38ca09f0-e920-4f1a-8211-b6df4124e959:192.168.30.63:34985], old=null
2019-10-01 23:50:26,126 [2de5c074-cadd-4caa-88d0-9a54a941c1e1@group-B5AC0863C80D-LeaderElection23] INFO  impl.LeaderElection (LogUtils.java:infoOrTrace(149)) - 2de5c074-cadd-4caa-88d0-9a54a941c1e1@group-B5AC0863C80D-LeaderElection23 got exception when requesting votes: {}
java.util.concurrent.ExecutionException: org.apache.ratis.thirdparty.io.grpc.StatusRuntimeException: UNAVAILABLE: io exception
	at java.util.concurrent.FutureTask.report(FutureTask.java:122)
	at java.util.concurrent.FutureTask.get(FutureTask.java:192)
	at org.apache.ratis.server.impl.LeaderElection.waitForResults(LeaderElection.java:259)
	at org.apache.ratis.server.impl.LeaderElection.askForVotes(LeaderElection.java:197)
	at org.apache.ratis.server.impl.LeaderElection.run(LeaderElection.java:133)
	at java.lang.Thread.run(Thread.java:748)
Caused by: org.apache.ratis.thirdparty.io.grpc.StatusRuntimeException: UNAVAILABLE: io exception
	at org.apache.ratis.thirdparty.io.grpc.stub.ClientCalls.toStatusRuntimeException(ClientCalls.java:233)
	at org.apache.ratis.thirdparty.io.grpc.stub.ClientCalls.getUnchecked(ClientCalls.java:214)
	at org.apache.ratis.thirdparty.io.grpc.stub.ClientCalls.blockingUnaryCall(ClientCalls.java:139)
	at org.apache.ratis.proto.grpc.RaftServerProtocolServiceGrpc$RaftServerProtocolServiceBlockingStub.requestVote(RaftServerProtocolServiceGrpc.java:265)
	at org.apache.ratis.grpc.server.GrpcServerProtocolClient.requestVote(GrpcServerProtocolClient.java:99)
	at org.apache.ratis.grpc.server.GrpcService.requestVote(GrpcService.java:204)
	at org.apache.ratis.server.impl.LeaderElection.lambda$submitRequests$1(LeaderElection.java:234)
	at java.util.concurrent.FutureTask.run(FutureTask.java:266)
	at java.util.concurrent.Executors$RunnableAdapter.call(Executors.java:511)
	at java.util.concurrent.FutureTask.run(FutureTask.java:266)
	at java.util.concurrent.ThreadPoolExecutor.runWorker(ThreadPoolExecutor.java:1149)
	at java.util.concurrent.ThreadPoolExecutor$Worker.run(ThreadPoolExecutor.java:624)
	... 1 more
Caused by: org.apache.ratis.thirdparty.io.netty.channel.AbstractChannel$AnnotatedConnectException: Connection refused: /192.168.30.63:34985
	at sun.nio.ch.SocketChannelImpl.checkConnect(Native Method)
	at sun.nio.ch.SocketChannelImpl.finishConnect(SocketChannelImpl.java:717)
	at org.apache.ratis.thirdparty.io.netty.channel.socket.nio.NioSocketChannel.doFinishConnect(NioSocketChannel.java:327)
	at org.apache.ratis.thirdparty.io.netty.channel.nio.AbstractNioChannel$AbstractNioUnsafe.finishConnect(AbstractNioChannel.java:340)
	at org.apache.ratis.thirdparty.io.netty.channel.nio.NioEventLoop.processSelectedKey(NioEventLoop.java:632)
	at org.apache.ratis.thirdparty.io.netty.channel.nio.NioEventLoop.processSelectedKeysOptimized(NioEventLoop.java:579)
	at org.apache.ratis.thirdparty.io.netty.channel.nio.NioEventLoop.processSelectedKeys(NioEventLoop.java:496)
	at org.apache.ratis.thirdparty.io.netty.channel.nio.NioEventLoop.run(NioEventLoop.java:458)
	at org.apache.ratis.thirdparty.io.netty.util.concurrent.SingleThreadEventExecutor$5.run(SingleThreadEventExecutor.java:897)
	at org.apache.ratis.thirdparty.io.netty.util.concurrent.FastThreadLocalRunnable.run(FastThreadLocalRunnable.java:30)
	... 1 more
Caused by: java.net.ConnectException: Connection refused
	... 11 more
2019-10-01 23:50:26,128 [2de5c074-cadd-4caa-88d0-9a54a941c1e1@group-B5AC0863C80D-LeaderElection23] INFO  impl.LeaderElection (LogUtils.java:infoOrTrace(149)) - 2de5c074-cadd-4caa-88d0-9a54a941c1e1@group-B5AC0863C80D-LeaderElection23 got exception when requesting votes: {}
java.util.concurrent.ExecutionException: org.apache.ratis.thirdparty.io.grpc.StatusRuntimeException: UNAVAILABLE: io exception
	at java.util.concurrent.FutureTask.report(FutureTask.java:122)
	at java.util.concurrent.FutureTask.get(FutureTask.java:192)
	at org.apache.ratis.server.impl.LeaderElection.waitForResults(LeaderElection.java:259)
	at org.apache.ratis.server.impl.LeaderElection.askForVotes(LeaderElection.java:197)
	at org.apache.ratis.server.impl.LeaderElection.run(LeaderElection.java:133)
	at java.lang.Thread.run(Thread.java:748)
Caused by: org.apache.ratis.thirdparty.io.grpc.StatusRuntimeException: UNAVAILABLE: io exception
	at org.apache.ratis.thirdparty.io.grpc.stub.ClientCalls.toStatusRuntimeException(ClientCalls.java:233)
	at org.apache.ratis.thirdparty.io.grpc.stub.ClientCalls.getUnchecked(ClientCalls.java:214)
	at org.apache.ratis.thirdparty.io.grpc.stub.ClientCalls.blockingUnaryCall(ClientCalls.java:139)
	at org.apache.ratis.proto.grpc.RaftServerProtocolServiceGrpc$RaftServerProtocolServiceBlockingStub.requestVote(RaftServerProtocolServiceGrpc.java:265)
	at org.apache.ratis.grpc.server.GrpcServerProtocolClient.requestVote(GrpcServerProtocolClient.java:99)
	at org.apache.ratis.grpc.server.GrpcService.requestVote(GrpcService.java:204)
	at org.apache.ratis.server.impl.LeaderElection.lambda$submitRequests$1(LeaderElection.java:234)
	at java.util.concurrent.FutureTask.run(FutureTask.java:266)
	at java.util.concurrent.Executors$RunnableAdapter.call(Executors.java:511)
	at java.util.concurrent.FutureTask.run(FutureTask.java:266)
	at java.util.concurrent.ThreadPoolExecutor.runWorker(ThreadPoolExecutor.java:1149)
	at java.util.concurrent.ThreadPoolExecutor$Worker.run(ThreadPoolExecutor.java:624)
	... 1 more
Caused by: org.apache.ratis.thirdparty.io.netty.channel.AbstractChannel$AnnotatedConnectException: Connection refused: /192.168.30.63:33008
	at sun.nio.ch.SocketChannelImpl.checkConnect(Native Method)
	at sun.nio.ch.SocketChannelImpl.finishConnect(SocketChannelImpl.java:717)
	at org.apache.ratis.thirdparty.io.netty.channel.socket.nio.NioSocketChannel.doFinishConnect(NioSocketChannel.java:327)
	at org.apache.ratis.thirdparty.io.netty.channel.nio.AbstractNioChannel$AbstractNioUnsafe.finishConnect(AbstractNioChannel.java:340)
	at org.apache.ratis.thirdparty.io.netty.channel.nio.NioEventLoop.processSelectedKey(NioEventLoop.java:632)
	at org.apache.ratis.thirdparty.io.netty.channel.nio.NioEventLoop.processSelectedKeysOptimized(NioEventLoop.java:579)
	at org.apache.ratis.thirdparty.io.netty.channel.nio.NioEventLoop.processSelectedKeys(NioEventLoop.java:496)
	at org.apache.ratis.thirdparty.io.netty.channel.nio.NioEventLoop.run(NioEventLoop.java:458)
	at org.apache.ratis.thirdparty.io.netty.util.concurrent.SingleThreadEventExecutor$5.run(SingleThreadEventExecutor.java:897)
	at org.apache.ratis.thirdparty.io.netty.util.concurrent.FastThreadLocalRunnable.run(FastThreadLocalRunnable.java:30)
	... 1 more
Caused by: java.net.ConnectException: Connection refused
	... 11 more
2019-10-01 23:50:26,129 [2de5c074-cadd-4caa-88d0-9a54a941c1e1@group-B5AC0863C80D-LeaderElection23] INFO  impl.LeaderElection (LeaderElection.java:logAndReturn(56)) - 2de5c074-cadd-4caa-88d0-9a54a941c1e1@group-B5AC0863C80D-LeaderElection23: Election REJECTED; received 0 response(s) [] and 2 exception(s); 2de5c074-cadd-4caa-88d0-9a54a941c1e1@group-B5AC0863C80D:t2, leader=null, voted=2de5c074-cadd-4caa-88d0-9a54a941c1e1, raftlog=2de5c074-cadd-4caa-88d0-9a54a941c1e1@group-B5AC0863C80D-SegmentedRaftLog:OPENED:c0,f0,i0, conf=0: [2de5c074-cadd-4caa-88d0-9a54a941c1e1:192.168.30.63:42904, 16c8bbc3-fbe5-4279-adc2-6fe0065c977b:192.168.30.63:33008, 38ca09f0-e920-4f1a-8211-b6df4124e959:192.168.30.63:34985], old=null
2019-10-01 23:50:26,130 [2de5c074-cadd-4caa-88d0-9a54a941c1e1@group-B5AC0863C80D-LeaderElection23] INFO  impl.LeaderElection (LogUtils.java:infoOrTrace(149)) -   Exception 0: {}
java.util.concurrent.ExecutionException: org.apache.ratis.thirdparty.io.grpc.StatusRuntimeException: UNAVAILABLE: io exception
	at java.util.concurrent.FutureTask.report(FutureTask.java:122)
	at java.util.concurrent.FutureTask.get(FutureTask.java:192)
	at org.apache.ratis.server.impl.LeaderElection.waitForResults(LeaderElection.java:259)
	at org.apache.ratis.server.impl.LeaderElection.askForVotes(LeaderElection.java:197)
	at org.apache.ratis.server.impl.LeaderElection.run(LeaderElection.java:133)
	at java.lang.Thread.run(Thread.java:748)
Caused by: org.apache.ratis.thirdparty.io.grpc.StatusRuntimeException: UNAVAILABLE: io exception
	at org.apache.ratis.thirdparty.io.grpc.stub.ClientCalls.toStatusRuntimeException(ClientCalls.java:233)
	at org.apache.ratis.thirdparty.io.grpc.stub.ClientCalls.getUnchecked(ClientCalls.java:214)
	at org.apache.ratis.thirdparty.io.grpc.stub.ClientCalls.blockingUnaryCall(ClientCalls.java:139)
	at org.apache.ratis.proto.grpc.RaftServerProtocolServiceGrpc$RaftServerProtocolServiceBlockingStub.requestVote(RaftServerProtocolServiceGrpc.java:265)
	at org.apache.ratis.grpc.server.GrpcServerProtocolClient.requestVote(GrpcServerProtocolClient.java:99)
	at org.apache.ratis.grpc.server.GrpcService.requestVote(GrpcService.java:204)
	at org.apache.ratis.server.impl.LeaderElection.lambda$submitRequests$1(LeaderElection.java:234)
	at java.util.concurrent.FutureTask.run(FutureTask.java:266)
	at java.util.concurrent.Executors$RunnableAdapter.call(Executors.java:511)
	at java.util.concurrent.FutureTask.run(FutureTask.java:266)
	at java.util.concurrent.ThreadPoolExecutor.runWorker(ThreadPoolExecutor.java:1149)
	at java.util.concurrent.ThreadPoolExecutor$Worker.run(ThreadPoolExecutor.java:624)
	... 1 more
Caused by: org.apache.ratis.thirdparty.io.netty.channel.AbstractChannel$AnnotatedConnectException: Connection refused: /192.168.30.63:34985
	at sun.nio.ch.SocketChannelImpl.checkConnect(Native Method)
	at sun.nio.ch.SocketChannelImpl.finishConnect(SocketChannelImpl.java:717)
	at org.apache.ratis.thirdparty.io.netty.channel.socket.nio.NioSocketChannel.doFinishConnect(NioSocketChannel.java:327)
	at org.apache.ratis.thirdparty.io.netty.channel.nio.AbstractNioChannel$AbstractNioUnsafe.finishConnect(AbstractNioChannel.java:340)
	at org.apache.ratis.thirdparty.io.netty.channel.nio.NioEventLoop.processSelectedKey(NioEventLoop.java:632)
	at org.apache.ratis.thirdparty.io.netty.channel.nio.NioEventLoop.processSelectedKeysOptimized(NioEventLoop.java:579)
	at org.apache.ratis.thirdparty.io.netty.channel.nio.NioEventLoop.processSelectedKeys(NioEventLoop.java:496)
	at org.apache.ratis.thirdparty.io.netty.channel.nio.NioEventLoop.run(NioEventLoop.java:458)
	at org.apache.ratis.thirdparty.io.netty.util.concurrent.SingleThreadEventExecutor$5.run(SingleThreadEventExecutor.java:897)
	at org.apache.ratis.thirdparty.io.netty.util.concurrent.FastThreadLocalRunnable.run(FastThreadLocalRunnable.java:30)
	... 1 more
Caused by: java.net.ConnectException: Connection refused
	... 11 more
2019-10-01 23:50:26,130 [2de5c074-cadd-4caa-88d0-9a54a941c1e1@group-B5AC0863C80D-LeaderElection23] INFO  impl.LeaderElection (LogUtils.java:infoOrTrace(149)) -   Exception 1: {}
java.util.concurrent.ExecutionException: org.apache.ratis.thirdparty.io.grpc.StatusRuntimeException: UNAVAILABLE: io exception
	at java.util.concurrent.FutureTask.report(FutureTask.java:122)
	at java.util.concurrent.FutureTask.get(FutureTask.java:192)
	at org.apache.ratis.server.impl.LeaderElection.waitForResults(LeaderElection.java:259)
	at org.apache.ratis.server.impl.LeaderElection.askForVotes(LeaderElection.java:197)
	at org.apache.ratis.server.impl.LeaderElection.run(LeaderElection.java:133)
	at java.lang.Thread.run(Thread.java:748)
Caused by: org.apache.ratis.thirdparty.io.grpc.StatusRuntimeException: UNAVAILABLE: io exception
	at org.apache.ratis.thirdparty.io.grpc.stub.ClientCalls.toStatusRuntimeException(ClientCalls.java:233)
	at org.apache.ratis.thirdparty.io.grpc.stub.ClientCalls.getUnchecked(ClientCalls.java:214)
	at org.apache.ratis.thirdparty.io.grpc.stub.ClientCalls.blockingUnaryCall(ClientCalls.java:139)
	at org.apache.ratis.proto.grpc.RaftServerProtocolServiceGrpc$RaftServerProtocolServiceBlockingStub.requestVote(RaftServerProtocolServiceGrpc.java:265)
	at org.apache.ratis.grpc.server.GrpcServerProtocolClient.requestVote(GrpcServerProtocolClient.java:99)
	at org.apache.ratis.grpc.server.GrpcService.requestVote(GrpcService.java:204)
	at org.apache.ratis.server.impl.LeaderElection.lambda$submitRequests$1(LeaderElection.java:234)
	at java.util.concurrent.FutureTask.run(FutureTask.java:266)
	at java.util.concurrent.Executors$RunnableAdapter.call(Executors.java:511)
	at java.util.concurrent.FutureTask.run(FutureTask.java:266)
	at java.util.concurrent.ThreadPoolExecutor.runWorker(ThreadPoolExecutor.java:1149)
	at java.util.concurrent.ThreadPoolExecutor$Worker.run(ThreadPoolExecutor.java:624)
	... 1 more
Caused by: org.apache.ratis.thirdparty.io.netty.channel.AbstractChannel$AnnotatedConnectException: Connection refused: /192.168.30.63:33008
	at sun.nio.ch.SocketChannelImpl.checkConnect(Native Method)
	at sun.nio.ch.SocketChannelImpl.finishConnect(SocketChannelImpl.java:717)
	at org.apache.ratis.thirdparty.io.netty.channel.socket.nio.NioSocketChannel.doFinishConnect(NioSocketChannel.java:327)
	at org.apache.ratis.thirdparty.io.netty.channel.nio.AbstractNioChannel$AbstractNioUnsafe.finishConnect(AbstractNioChannel.java:340)
	at org.apache.ratis.thirdparty.io.netty.channel.nio.NioEventLoop.processSelectedKey(NioEventLoop.java:632)
	at org.apache.ratis.thirdparty.io.netty.channel.nio.NioEventLoop.processSelectedKeysOptimized(NioEventLoop.java:579)
	at org.apache.ratis.thirdparty.io.netty.channel.nio.NioEventLoop.processSelectedKeys(NioEventLoop.java:496)
	at org.apache.ratis.thirdparty.io.netty.channel.nio.NioEventLoop.run(NioEventLoop.java:458)
	at org.apache.ratis.thirdparty.io.netty.util.concurrent.SingleThreadEventExecutor$5.run(SingleThreadEventExecutor.java:897)
	at org.apache.ratis.thirdparty.io.netty.util.concurrent.FastThreadLocalRunnable.run(FastThreadLocalRunnable.java:30)
	... 1 more
Caused by: java.net.ConnectException: Connection refused
	... 11 more
2019-10-01 23:50:26,130 [2de5c074-cadd-4caa-88d0-9a54a941c1e1@group-B5AC0863C80D-LeaderElection23] INFO  impl.RaftServerImpl (RaftServerImpl.java:setRole(170)) - 2de5c074-cadd-4caa-88d0-9a54a941c1e1@group-B5AC0863C80D: changes role from CANDIDATE to FOLLOWER at term 2 for DISCOVERED_A_NEW_TERM
2019-10-01 23:50:26,130 [2de5c074-cadd-4caa-88d0-9a54a941c1e1@group-B5AC0863C80D-LeaderElection23] INFO  impl.RoleInfo (RoleInfo.java:shutdownLeaderElection(134)) - 2de5c074-cadd-4caa-88d0-9a54a941c1e1: shutdown LeaderElection
2019-10-01 23:50:26,131 [2de5c074-cadd-4caa-88d0-9a54a941c1e1@group-B5AC0863C80D-LeaderElection23] INFO  impl.RoleInfo (RoleInfo.java:updateAndGet(143)) - 2de5c074-cadd-4caa-88d0-9a54a941c1e1: start FollowerState
2019-10-01 23:50:27,148 [ForkJoinPool.commonPool-worker-0] INFO  ozoneimpl.OzoneContainer (OzoneContainer.java:stop(231)) - Attempting to stop container services.
2019-10-01 23:50:27,157 [ForkJoinPool.commonPool-worker-0] INFO  impl.RaftServerProxy (RaftServerProxy.java:lambda$close$4(314)) - 2de5c074-cadd-4caa-88d0-9a54a941c1e1: close
2019-10-01 23:50:27,157 [ForkJoinPool.commonPool-worker-0] INFO  impl.RaftServerImpl (RaftServerImpl.java:lambda$shutdown$3(247)) - 2de5c074-cadd-4caa-88d0-9a54a941c1e1@group-B5AC0863C80D: shutdown
2019-10-01 23:50:27,157 [ForkJoinPool.commonPool-worker-0] INFO  util.JmxRegister (JmxRegister.java:unregister(73)) - Successfully un-registered JMX Bean with object name Ratis:service=RaftServer,group=group-B5AC0863C80D,id=2de5c074-cadd-4caa-88d0-9a54a941c1e1
2019-10-01 23:50:27,157 [ForkJoinPool.commonPool-worker-0] INFO  impl.RoleInfo (RoleInfo.java:shutdownFollowerState(121)) - 2de5c074-cadd-4caa-88d0-9a54a941c1e1: shutdown FollowerState
2019-10-01 23:50:27,157 [main] INFO  ozoneimpl.OzoneContainer (OzoneContainer.java:stop(231)) - Attempting to stop container services.
2019-10-01 23:50:27,159 [Thread-1346] INFO  impl.FollowerState (FollowerState.java:run(117)) - 2de5c074-cadd-4caa-88d0-9a54a941c1e1@group-B5AC0863C80D-FollowerState was interrupted: java.lang.InterruptedException: sleep interrupted
2019-10-01 23:50:27,158 [ForkJoinPool.commonPool-worker-0] INFO  impl.StateMachineUpdater (StateMachineUpdater.java:stopAndJoin(136)) - 2de5c074-cadd-4caa-88d0-9a54a941c1e1@group-B5AC0863C80D-StateMachineUpdater: set stopIndex = 0
2019-10-01 23:50:27,160 [main] INFO  impl.RaftServerProxy (RaftServerProxy.java:lambda$close$4(314)) - 9bae093a-6162-4cd2-97fa-12be3a47952b: close
2019-10-01 23:50:27,162 [ForkJoinPool.commonPool-worker-0] INFO  impl.RaftServerImpl (ServerState.java:close(387)) - 2de5c074-cadd-4caa-88d0-9a54a941c1e1@group-B5AC0863C80D: closes. applyIndex: 0
2019-10-01 23:50:27,162 [main] INFO  impl.RaftServerImpl (RaftServerImpl.java:lambda$shutdown$3(247)) - 9bae093a-6162-4cd2-97fa-12be3a47952b@group-90F5B60C18EA: shutdown
2019-10-01 23:50:27,162 [2de5c074-cadd-4caa-88d0-9a54a941c1e1@group-B5AC0863C80D-SegmentedRaftLogWorker] INFO  segmented.SegmentedRaftLogWorker (SegmentedRaftLogWorker.java:run(316)) - 2de5c074-cadd-4caa-88d0-9a54a941c1e1@group-B5AC0863C80D-SegmentedRaftLogWorker was interrupted, exiting. There are 0 tasks remaining in the queue.
2019-10-01 23:50:27,163 [main] INFO  util.JmxRegister (JmxRegister.java:unregister(73)) - Successfully un-registered JMX Bean with object name Ratis:service=RaftServer,group=group-90F5B60C18EA,id=9bae093a-6162-4cd2-97fa-12be3a47952b
2019-10-01 23:50:27,164 [ForkJoinPool.commonPool-worker-0] INFO  segmented.SegmentedRaftLogWorker (SegmentedRaftLogWorker.java:close(224)) - 2de5c074-cadd-4caa-88d0-9a54a941c1e1@group-B5AC0863C80D-SegmentedRaftLogWorker close()
2019-10-01 23:50:27,164 [main] INFO  impl.RoleInfo (RoleInfo.java:shutdownLeaderState(104)) - 9bae093a-6162-4cd2-97fa-12be3a47952b: shutdown LeaderState
2019-10-01 23:50:27,166 [ForkJoinPool.commonPool-worker-0] INFO  impl.RaftServerImpl (RaftServerImpl.java:lambda$shutdown$3(247)) - 2de5c074-cadd-4caa-88d0-9a54a941c1e1@group-794BB8FCA777: shutdown
2019-10-01 23:50:27,169 [org.apache.ratis.server.impl.LogAppender$AppenderDaemon$$Lambda$505/1433945197@2a4ebae8] WARN  server.GrpcLogAppender (GrpcLogAppender.java:mayWait(143)) - 9bae093a-6162-4cd2-97fa-12be3a47952b@group-90F5B60C18EA->ab266586-6a28-4580-b80c-65bb58481fdf-GrpcLogAppender: Wait interrupted by java.lang.InterruptedException
2019-10-01 23:50:27,169 [ForkJoinPool.commonPool-worker-0] INFO  util.JmxRegister (JmxRegister.java:unregister(73)) - Successfully un-registered JMX Bean with object name Ratis:service=RaftServer,group=group-794BB8FCA777,id=2de5c074-cadd-4caa-88d0-9a54a941c1e1
2019-10-01 23:50:27,170 [ForkJoinPool.commonPool-worker-0] INFO  impl.RoleInfo (RoleInfo.java:shutdownLeaderState(104)) - 2de5c074-cadd-4caa-88d0-9a54a941c1e1: shutdown LeaderState
2019-10-01 23:50:27,169 [org.apache.ratis.server.impl.LogAppender$AppenderDaemon$$Lambda$505/1433945197@6d2d614e] WARN  server.GrpcLogAppender (GrpcLogAppender.java:mayWait(143)) - 9bae093a-6162-4cd2-97fa-12be3a47952b@group-90F5B60C18EA->12504079-0622-447a-92a3-9106641c158d-GrpcLogAppender: Wait interrupted by java.lang.InterruptedException
2019-10-01 23:50:27,169 [main] INFO  impl.PendingRequests (PendingRequests.java:sendNotLeaderResponses(202)) - 9bae093a-6162-4cd2-97fa-12be3a47952b@group-90F5B60C18EA-PendingRequests: sendNotLeaderResponses
2019-10-01 23:50:27,170 [ForkJoinPool.commonPool-worker-0] INFO  impl.PendingRequests (PendingRequests.java:sendNotLeaderResponses(202)) - 2de5c074-cadd-4caa-88d0-9a54a941c1e1@group-794BB8FCA777-PendingRequests: sendNotLeaderResponses
2019-10-01 23:50:27,175 [main] INFO  impl.StateMachineUpdater (StateMachineUpdater.java:stopAndJoin(136)) - 9bae093a-6162-4cd2-97fa-12be3a47952b@group-90F5B60C18EA-StateMachineUpdater: set stopIndex = 8
2019-10-01 23:50:27,172 [grpc-default-executor-4] INFO  server.GrpcServerProtocolService (GrpcServerProtocolService.java:onCompleted(113)) - 12504079-0622-447a-92a3-9106641c158d: Completed APPEND_ENTRIES, lastRequest: 9bae093a-6162-4cd2-97fa-12be3a47952b->12504079-0622-447a-92a3-9106641c158d#51-t1, previous=(t:1, i:8), leaderCommit=8, initializing? false, entries: <empty>
2019-10-01 23:50:27,175 [ForkJoinPool.commonPool-worker-0] INFO  impl.StateMachineUpdater (StateMachineUpdater.java:stopAndJoin(136)) - 2de5c074-cadd-4caa-88d0-9a54a941c1e1@group-794BB8FCA777-StateMachineUpdater: set stopIndex = 0
2019-10-01 23:50:27,175 [9bae093a-6162-4cd2-97fa-12be3a47952b@group-90F5B60C18EA-StateMachineUpdater] INFO  ratis.ContainerStateMachine (ContainerStateMachine.java:takeSnapshot(289)) - group-90F5B60C18EA: Taking a snapshot at:(t:1, i:6) file /workdir/hadoop-ozone/integration-test/target/test-dir/MiniOzoneClusterImpl-86593db2-05eb-48a7-b50a-ea57df30e816/datanode-6/data/ratis/be7cb5fe-a69e-4379-9fc8-90f5b60c18ea/sm/snapshot.1_6
2019-10-01 23:50:27,176 [grpc-default-executor-4] INFO  server.GrpcLogAppender (GrpcLogAppender.java:onCompleted(293)) - 9bae093a-6162-4cd2-97fa-12be3a47952b@group-90F5B60C18EA->12504079-0622-447a-92a3-9106641c158d-AppendLogResponseHandler: follower responses appendEntries COMPLETED
2019-10-01 23:50:27,176 [ForkJoinPool.commonPool-worker-0] INFO  impl.RaftServerImpl (ServerState.java:close(387)) - 2de5c074-cadd-4caa-88d0-9a54a941c1e1@group-794BB8FCA777: closes. applyIndex: 0
2019-10-01 23:50:27,177 [2de5c074-cadd-4caa-88d0-9a54a941c1e1@group-794BB8FCA777-SegmentedRaftLogWorker] INFO  segmented.SegmentedRaftLogWorker (SegmentedRaftLogWorker.java:run(316)) - 2de5c074-cadd-4caa-88d0-9a54a941c1e1@group-794BB8FCA777-SegmentedRaftLogWorker was interrupted, exiting. There are 0 tasks remaining in the queue.
2019-10-01 23:50:27,177 [grpc-default-executor-4] INFO  impl.FollowerInfo (FollowerInfo.java:lambda$new$0(51)) - 9bae093a-6162-4cd2-97fa-12be3a47952b@group-90F5B60C18EA->12504079-0622-447a-92a3-9106641c158d: nextIndex: updateUnconditionally 9 -> 8
2019-10-01 23:50:27,179 [ForkJoinPool.commonPool-worker-0] INFO  segmented.SegmentedRaftLogWorker (SegmentedRaftLogWorker.java:close(224)) - 2de5c074-cadd-4caa-88d0-9a54a941c1e1@group-794BB8FCA777-SegmentedRaftLogWorker close()
2019-10-01 23:50:27,180 [ForkJoinPool.commonPool-worker-0] INFO  server.GrpcService (GrpcService.java:closeImpl(164)) - 2de5c074-cadd-4caa-88d0-9a54a941c1e1: shutdown server with port 42904 now
2019-10-01 23:50:27,181 [ForkJoinPool.commonPool-worker-0] INFO  server.GrpcService (GrpcService.java:closeImpl(172)) - 2de5c074-cadd-4caa-88d0-9a54a941c1e1: shutdown server with port 42904 successfully
2019-10-01 23:50:27,182 [refreshUsed-/workdir/hadoop-ozone/integration-test/target/test-dir/MiniOzoneClusterImpl-86593db2-05eb-48a7-b50a-ea57df30e816/datanode-0/data/containers] WARN  fs.CachingGetSpaceUsed (CachingGetSpaceUsed.java:run(183)) - Thread Interrupted waiting to refresh disk information: sleep interrupted
2019-10-01 23:50:27,198 [ForkJoinPool.commonPool-worker-0] INFO  utils.BackgroundService (BackgroundService.java:shutdown(148)) - Shutting down service BlockDeletingService
2019-10-01 23:50:27,200 [9bae093a-6162-4cd2-97fa-12be3a47952b@group-90F5B60C18EA-StateMachineUpdater] INFO  ratis.ContainerStateMachine (ContainerStateMachine.java:takeSnapshot(300)) - group-90F5B60C18EA: Finished taking a snapshot at:(t:1, i:6) file:/workdir/hadoop-ozone/integration-test/target/test-dir/MiniOzoneClusterImpl-86593db2-05eb-48a7-b50a-ea57df30e816/datanode-6/data/ratis/be7cb5fe-a69e-4379-9fc8-90f5b60c18ea/sm/snapshot.1_6 time:25
2019-10-01 23:50:27,201 [9bae093a-6162-4cd2-97fa-12be3a47952b@group-90F5B60C18EA-StateMachineUpdater] INFO  impl.StateMachineUpdater (StateMachineUpdater.java:takeSnapshot(269)) - 9bae093a-6162-4cd2-97fa-12be3a47952b@group-90F5B60C18EA-StateMachineUpdater: Took a snapshot at index 6
2019-10-01 23:50:27,201 [9bae093a-6162-4cd2-97fa-12be3a47952b@group-90F5B60C18EA-StateMachineUpdater] INFO  impl.StateMachineUpdater (StateMachineUpdater.java:lambda$new$0(84)) - 9bae093a-6162-4cd2-97fa-12be3a47952b@group-90F5B60C18EA-StateMachineUpdater: snapshotIndex: updateIncreasingly -1 -> 6
2019-10-01 23:50:27,202 [ForkJoinPool.commonPool-worker-0] INFO  statemachine.DatanodeStateMachine (DatanodeStateMachine.java:stopDaemon(395)) - Ozone container server stopped.
2019-10-01 23:50:27,202 [9bae093a-6162-4cd2-97fa-12be3a47952b@group-90F5B60C18EA-StateMachineUpdater] INFO  ratis.ContainerStateMachine (ContainerStateMachine.java:takeSnapshot(289)) - group-90F5B60C18EA: Taking a snapshot at:(t:1, i:6) file /workdir/hadoop-ozone/integration-test/target/test-dir/MiniOzoneClusterImpl-86593db2-05eb-48a7-b50a-ea57df30e816/datanode-6/data/ratis/be7cb5fe-a69e-4379-9fc8-90f5b60c18ea/sm/snapshot.1_6
2019-10-01 23:50:27,206 [ForkJoinPool.commonPool-worker-0] INFO  handler.ContextHandler (ContextHandler.java:doStop(910)) - Stopped o.e.j.w.WebAppContext@1c3259fa{/,null,UNAVAILABLE}{/hddsDatanode}
2019-10-01 23:50:27,207 [ForkJoinPool.commonPool-worker-0] INFO  server.AbstractConnector (AbstractConnector.java:doStop(318)) - Stopped ServerConnector@217bf99e{HTTP/1.1,[http/1.1]}{0.0.0.0:0}
2019-10-01 23:50:27,209 [ForkJoinPool.commonPool-worker-0] INFO  handler.ContextHandler (ContextHandler.java:doStop(910)) - Stopped o.e.j.s.ServletContextHandler@4130955c{/static,jar:file:/home/user/.m2/repository/org/apache/hadoop/hadoop-hdds-container-service/0.5.0-SNAPSHOT/hadoop-hdds-container-service-0.5.0-SNAPSHOT.jar!/webapps/static,UNAVAILABLE}
2019-10-01 23:50:27,210 [ForkJoinPool.commonPool-worker-0] INFO  handler.ContextHandler (ContextHandler.java:doStop(910)) - Stopped o.e.j.s.ServletContextHandler@17e9bc9e{/logs,file:///workdir/hadoop-ozone/integration-test/target/log,UNAVAILABLE}
2019-10-01 23:50:27,227 [9bae093a-6162-4cd2-97fa-12be3a47952b@group-90F5B60C18EA-StateMachineUpdater] INFO  ratis.ContainerStateMachine (ContainerStateMachine.java:takeSnapshot(300)) - group-90F5B60C18EA: Finished taking a snapshot at:(t:1, i:6) file:/workdir/hadoop-ozone/integration-test/target/test-dir/MiniOzoneClusterImpl-86593db2-05eb-48a7-b50a-ea57df30e816/datanode-6/data/ratis/be7cb5fe-a69e-4379-9fc8-90f5b60c18ea/sm/snapshot.1_6 time:25
2019-10-01 23:50:27,227 [9bae093a-6162-4cd2-97fa-12be3a47952b@group-90F5B60C18EA-StateMachineUpdater] INFO  impl.StateMachineUpdater (StateMachineUpdater.java:takeSnapshot(269)) - 9bae093a-6162-4cd2-97fa-12be3a47952b@group-90F5B60C18EA-StateMachineUpdater: Took a snapshot at index 6
2019-10-01 23:50:27,227 [9bae093a-6162-4cd2-97fa-12be3a47952b@group-90F5B60C18EA-StateMachineUpdater] INFO  impl.StateMachineUpdater (StateMachineUpdater.java:lambda$new$0(84)) - 9bae093a-6162-4cd2-97fa-12be3a47952b@group-90F5B60C18EA-StateMachineUpdater: snapshotIndex: updateIncreasingly 6 -> 6
2019-10-01 23:50:27,228 [main] INFO  impl.RaftServerImpl (ServerState.java:close(387)) - 9bae093a-6162-4cd2-97fa-12be3a47952b@group-90F5B60C18EA: closes. applyIndex: 8
2019-10-01 23:50:27,228 [9bae093a-6162-4cd2-97fa-12be3a47952b@group-90F5B60C18EA-SegmentedRaftLogWorker] INFO  segmented.SegmentedRaftLogWorker (SegmentedRaftLogWorker.java:run(316)) - 9bae093a-6162-4cd2-97fa-12be3a47952b@group-90F5B60C18EA-SegmentedRaftLogWorker was interrupted, exiting. There are 0 tasks remaining in the queue.
2019-10-01 23:50:27,230 [main] INFO  segmented.SegmentedRaftLogWorker (SegmentedRaftLogWorker.java:close(224)) - 9bae093a-6162-4cd2-97fa-12be3a47952b@group-90F5B60C18EA-SegmentedRaftLogWorker close()
2019-10-01 23:50:27,233 [main] INFO  impl.RaftServerImpl (RaftServerImpl.java:lambda$shutdown$3(247)) - 9bae093a-6162-4cd2-97fa-12be3a47952b@group-61ADEE9D6425: shutdown
2019-10-01 23:50:27,234 [main] INFO  util.JmxRegister (JmxRegister.java:unregister(73)) - Successfully un-registered JMX Bean with object name Ratis:service=RaftServer,group=group-61ADEE9D6425,id=9bae093a-6162-4cd2-97fa-12be3a47952b
2019-10-01 23:50:27,234 [main] INFO  impl.RoleInfo (RoleInfo.java:shutdownLeaderState(104)) - 9bae093a-6162-4cd2-97fa-12be3a47952b: shutdown LeaderState
2019-10-01 23:50:27,235 [main] INFO  impl.PendingRequests (PendingRequests.java:sendNotLeaderResponses(202)) - 9bae093a-6162-4cd2-97fa-12be3a47952b@group-61ADEE9D6425-PendingRequests: sendNotLeaderResponses
2019-10-01 23:50:27,235 [main] INFO  impl.StateMachineUpdater (StateMachineUpdater.java:stopAndJoin(136)) - 9bae093a-6162-4cd2-97fa-12be3a47952b@group-61ADEE9D6425-StateMachineUpdater: set stopIndex = 0
2019-10-01 23:50:27,235 [main] INFO  impl.RaftServerImpl (ServerState.java:close(387)) - 9bae093a-6162-4cd2-97fa-12be3a47952b@group-61ADEE9D6425: closes. applyIndex: 0
2019-10-01 23:50:27,236 [9bae093a-6162-4cd2-97fa-12be3a47952b@group-61ADEE9D6425-SegmentedRaftLogWorker] INFO  segmented.SegmentedRaftLogWorker (SegmentedRaftLogWorker.java:run(316)) - 9bae093a-6162-4cd2-97fa-12be3a47952b@group-61ADEE9D6425-SegmentedRaftLogWorker was interrupted, exiting. There are 0 tasks remaining in the queue.
2019-10-01 23:50:27,236 [main] INFO  segmented.SegmentedRaftLogWorker (SegmentedRaftLogWorker.java:close(224)) - 9bae093a-6162-4cd2-97fa-12be3a47952b@group-61ADEE9D6425-SegmentedRaftLogWorker close()
2019-10-01 23:50:27,237 [main] INFO  server.GrpcService (GrpcService.java:closeImpl(164)) - 9bae093a-6162-4cd2-97fa-12be3a47952b: shutdown server with port 44980 now
2019-10-01 23:50:27,237 [main] INFO  server.GrpcService (GrpcService.java:closeImpl(172)) - 9bae093a-6162-4cd2-97fa-12be3a47952b: shutdown server with port 44980 successfully
2019-10-01 23:50:27,240 [refreshUsed-/workdir/hadoop-ozone/integration-test/target/test-dir/MiniOzoneClusterImpl-86593db2-05eb-48a7-b50a-ea57df30e816/datanode-6/data/containers] WARN  fs.CachingGetSpaceUsed (CachingGetSpaceUsed.java:run(183)) - Thread Interrupted waiting to refresh disk information: sleep interrupted
2019-10-01 23:50:27,255 [main] INFO  utils.BackgroundService (BackgroundService.java:shutdown(148)) - Shutting down service BlockDeletingService
2019-10-01 23:50:27,258 [main] INFO  statemachine.DatanodeStateMachine (DatanodeStateMachine.java:stopDaemon(395)) - Ozone container server stopped.
2019-10-01 23:50:27,259 [main] INFO  handler.ContextHandler (ContextHandler.java:doStop(910)) - Stopped o.e.j.w.WebAppContext@388623ad{/,null,UNAVAILABLE}{/hddsDatanode}
2019-10-01 23:50:27,260 [main] INFO  server.AbstractConnector (AbstractConnector.java:doStop(318)) - Stopped ServerConnector@91f565d{HTTP/1.1,[http/1.1]}{0.0.0.0:0}
2019-10-01 23:50:27,260 [main] INFO  handler.ContextHandler (ContextHandler.java:doStop(910)) - Stopped o.e.j.s.ServletContextHandler@7237f3c1{/static,jar:file:/home/user/.m2/repository/org/apache/hadoop/hadoop-hdds-container-service/0.5.0-SNAPSHOT/hadoop-hdds-container-service-0.5.0-SNAPSHOT.jar!/webapps/static,UNAVAILABLE}
2019-10-01 23:50:27,260 [main] INFO  handler.ContextHandler (ContextHandler.java:doStop(910)) - Stopped o.e.j.s.ServletContextHandler@78ec89a6{/logs,file:///workdir/hadoop-ozone/integration-test/target/log,UNAVAILABLE}
2019-10-01 23:50:28,200 [Datanode State Machine Thread - 0] INFO  statemachine.DatanodeStateMachine (DatanodeStateMachine.java:lambda$startDaemon$0(350)) - Ozone container server started.
2019-10-01 23:50:30,756 [Thread-766] INFO  impl.FollowerState (FollowerState.java:run(108)) - 12504079-0622-447a-92a3-9106641c158d@group-90F5B60C18EA-FollowerState: change to CANDIDATE, lastRpcTime:5416ms, electionTimeout:5088ms
2019-10-01 23:50:30,757 [Thread-766] INFO  impl.RoleInfo (RoleInfo.java:shutdownFollowerState(121)) - 12504079-0622-447a-92a3-9106641c158d: shutdown FollowerState
2019-10-01 23:50:30,757 [Thread-766] INFO  impl.RaftServerImpl (RaftServerImpl.java:setRole(170)) - 12504079-0622-447a-92a3-9106641c158d@group-90F5B60C18EA: changes role from  FOLLOWER to CANDIDATE at term 1 for changeToCandidate
2019-10-01 23:50:30,757 [Thread-766] INFO  impl.RoleInfo (RoleInfo.java:updateAndGet(143)) - 12504079-0622-447a-92a3-9106641c158d: start LeaderElection
2019-10-01 23:50:30,758 [12504079-0622-447a-92a3-9106641c158d@group-90F5B60C18EA-LeaderElection24] INFO  impl.RaftServerImpl (ServerState.java:setLeader(255)) - 12504079-0622-447a-92a3-9106641c158d@group-90F5B60C18EA: change Leader from 9bae093a-6162-4cd2-97fa-12be3a47952b to null at term 1 for initElection
2019-10-01 23:50:30,782 [12504079-0622-447a-92a3-9106641c158d@group-90F5B60C18EA-LeaderElection24] INFO  impl.LeaderElection (LeaderElection.java:askForVotes(178)) - 12504079-0622-447a-92a3-9106641c158d@group-90F5B60C18EA-LeaderElection24: begin an election at term 2 for 0: [9bae093a-6162-4cd2-97fa-12be3a47952b:192.168.30.63:44980, ab266586-6a28-4580-b80c-65bb58481fdf:192.168.30.63:33765, 12504079-0622-447a-92a3-9106641c158d:192.168.30.63:34692], old=null
2019-10-01 23:50:30,790 [12504079-0622-447a-92a3-9106641c158d@group-90F5B60C18EA-LeaderElection24] INFO  impl.LeaderElection (LogUtils.java:infoOrTrace(149)) - 12504079-0622-447a-92a3-9106641c158d@group-90F5B60C18EA-LeaderElection24 got exception when requesting votes: {}
java.util.concurrent.ExecutionException: org.apache.ratis.thirdparty.io.grpc.StatusRuntimeException: UNAVAILABLE: io exception
	at java.util.concurrent.FutureTask.report(FutureTask.java:122)
	at java.util.concurrent.FutureTask.get(FutureTask.java:192)
	at org.apache.ratis.server.impl.LeaderElection.waitForResults(LeaderElection.java:259)
	at org.apache.ratis.server.impl.LeaderElection.askForVotes(LeaderElection.java:197)
	at org.apache.ratis.server.impl.LeaderElection.run(LeaderElection.java:133)
	at java.lang.Thread.run(Thread.java:748)
Caused by: org.apache.ratis.thirdparty.io.grpc.StatusRuntimeException: UNAVAILABLE: io exception
	at org.apache.ratis.thirdparty.io.grpc.stub.ClientCalls.toStatusRuntimeException(ClientCalls.java:233)
	at org.apache.ratis.thirdparty.io.grpc.stub.ClientCalls.getUnchecked(ClientCalls.java:214)
	at org.apache.ratis.thirdparty.io.grpc.stub.ClientCalls.blockingUnaryCall(ClientCalls.java:139)
	at org.apache.ratis.proto.grpc.RaftServerProtocolServiceGrpc$RaftServerProtocolServiceBlockingStub.requestVote(RaftServerProtocolServiceGrpc.java:265)
	at org.apache.ratis.grpc.server.GrpcServerProtocolClient.requestVote(GrpcServerProtocolClient.java:99)
	at org.apache.ratis.grpc.server.GrpcService.requestVote(GrpcService.java:204)
	at org.apache.ratis.server.impl.LeaderElection.lambda$submitRequests$1(LeaderElection.java:234)
	at java.util.concurrent.FutureTask.run(FutureTask.java:266)
	at java.util.concurrent.Executors$RunnableAdapter.call(Executors.java:511)
	at java.util.concurrent.FutureTask.run(FutureTask.java:266)
	at java.util.concurrent.ThreadPoolExecutor.runWorker(ThreadPoolExecutor.java:1149)
	at java.util.concurrent.ThreadPoolExecutor$Worker.run(ThreadPoolExecutor.java:624)
	... 1 more
Caused by: org.apache.ratis.thirdparty.io.netty.channel.AbstractChannel$AnnotatedConnectException: Connection refused: /192.168.30.63:44980
	at sun.nio.ch.SocketChannelImpl.checkConnect(Native Method)
	at sun.nio.ch.SocketChannelImpl.finishConnect(SocketChannelImpl.java:717)
	at org.apache.ratis.thirdparty.io.netty.channel.socket.nio.NioSocketChannel.doFinishConnect(NioSocketChannel.java:327)
	at org.apache.ratis.thirdparty.io.netty.channel.nio.AbstractNioChannel$AbstractNioUnsafe.finishConnect(AbstractNioChannel.java:340)
	at org.apache.ratis.thirdparty.io.netty.channel.nio.NioEventLoop.processSelectedKey(NioEventLoop.java:632)
	at org.apache.ratis.thirdparty.io.netty.channel.nio.NioEventLoop.processSelectedKeysOptimized(NioEventLoop.java:579)
	at org.apache.ratis.thirdparty.io.netty.channel.nio.NioEventLoop.processSelectedKeys(NioEventLoop.java:496)
	at org.apache.ratis.thirdparty.io.netty.channel.nio.NioEventLoop.run(NioEventLoop.java:458)
	at org.apache.ratis.thirdparty.io.netty.util.concurrent.SingleThreadEventExecutor$5.run(SingleThreadEventExecutor.java:897)
	at org.apache.ratis.thirdparty.io.netty.util.concurrent.FastThreadLocalRunnable.run(FastThreadLocalRunnable.java:30)
	... 1 more
Caused by: java.net.ConnectException: Connection refused
	... 11 more
2019-10-01 23:50:30,791 [12504079-0622-447a-92a3-9106641c158d@group-90F5B60C18EA-LeaderElection24] INFO  impl.LeaderElection (LogUtils.java:infoOrTrace(149)) - 12504079-0622-447a-92a3-9106641c158d@group-90F5B60C18EA-LeaderElection24 got exception when requesting votes: {}
java.util.concurrent.ExecutionException: org.apache.ratis.thirdparty.io.grpc.StatusRuntimeException: UNAVAILABLE: io exception
	at java.util.concurrent.FutureTask.report(FutureTask.java:122)
	at java.util.concurrent.FutureTask.get(FutureTask.java:192)
	at org.apache.ratis.server.impl.LeaderElection.waitForResults(LeaderElection.java:259)
	at org.apache.ratis.server.impl.LeaderElection.askForVotes(LeaderElection.java:197)
	at org.apache.ratis.server.impl.LeaderElection.run(LeaderElection.java:133)
	at java.lang.Thread.run(Thread.java:748)
Caused by: org.apache.ratis.thirdparty.io.grpc.StatusRuntimeException: UNAVAILABLE: io exception
	at org.apache.ratis.thirdparty.io.grpc.stub.ClientCalls.toStatusRuntimeException(ClientCalls.java:233)
	at org.apache.ratis.thirdparty.io.grpc.stub.ClientCalls.getUnchecked(ClientCalls.java:214)
	at org.apache.ratis.thirdparty.io.grpc.stub.ClientCalls.blockingUnaryCall(ClientCalls.java:139)
	at org.apache.ratis.proto.grpc.RaftServerProtocolServiceGrpc$RaftServerProtocolServiceBlockingStub.requestVote(RaftServerProtocolServiceGrpc.java:265)
	at org.apache.ratis.grpc.server.GrpcServerProtocolClient.requestVote(GrpcServerProtocolClient.java:99)
	at org.apache.ratis.grpc.server.GrpcService.requestVote(GrpcService.java:204)
	at org.apache.ratis.server.impl.LeaderElection.lambda$submitRequests$1(LeaderElection.java:234)
	at java.util.concurrent.FutureTask.run(FutureTask.java:266)
	at java.util.concurrent.Executors$RunnableAdapter.call(Executors.java:511)
	at java.util.concurrent.FutureTask.run(FutureTask.java:266)
	at java.util.concurrent.ThreadPoolExecutor.runWorker(ThreadPoolExecutor.java:1149)
	at java.util.concurrent.ThreadPoolExecutor$Worker.run(ThreadPoolExecutor.java:624)
	... 1 more
Caused by: org.apache.ratis.thirdparty.io.netty.channel.AbstractChannel$AnnotatedConnectException: Connection refused: /192.168.30.63:33765
	at sun.nio.ch.SocketChannelImpl.checkConnect(Native Method)
	at sun.nio.ch.SocketChannelImpl.finishConnect(SocketChannelImpl.java:717)
	at org.apache.ratis.thirdparty.io.netty.channel.socket.nio.NioSocketChannel.doFinishConnect(NioSocketChannel.java:327)
	at org.apache.ratis.thirdparty.io.netty.channel.nio.AbstractNioChannel$AbstractNioUnsafe.finishConnect(AbstractNioChannel.java:340)
	at org.apache.ratis.thirdparty.io.netty.channel.nio.NioEventLoop.processSelectedKey(NioEventLoop.java:632)
	at org.apache.ratis.thirdparty.io.netty.channel.nio.NioEventLoop.processSelectedKeysOptimized(NioEventLoop.java:579)
	at org.apache.ratis.thirdparty.io.netty.channel.nio.NioEventLoop.processSelectedKeys(NioEventLoop.java:496)
	at org.apache.ratis.thirdparty.io.netty.channel.nio.NioEventLoop.run(NioEventLoop.java:458)
	at org.apache.ratis.thirdparty.io.netty.util.concurrent.SingleThreadEventExecutor$5.run(SingleThreadEventExecutor.java:897)
	at org.apache.ratis.thirdparty.io.netty.util.concurrent.FastThreadLocalRunnable.run(FastThreadLocalRunnable.java:30)
	... 1 more
Caused by: java.net.ConnectException: Connection refused
	... 11 more
2019-10-01 23:50:30,792 [12504079-0622-447a-92a3-9106641c158d@group-90F5B60C18EA-LeaderElection24] INFO  impl.LeaderElection (LeaderElection.java:logAndReturn(56)) - 12504079-0622-447a-92a3-9106641c158d@group-90F5B60C18EA-LeaderElection24: Election REJECTED; received 0 response(s) [] and 2 exception(s); 12504079-0622-447a-92a3-9106641c158d@group-90F5B60C18EA:t2, leader=null, voted=12504079-0622-447a-92a3-9106641c158d, raftlog=12504079-0622-447a-92a3-9106641c158d@group-90F5B60C18EA-SegmentedRaftLog:OPENED:c8,f8,i8, conf=0: [9bae093a-6162-4cd2-97fa-12be3a47952b:192.168.30.63:44980, ab266586-6a28-4580-b80c-65bb58481fdf:192.168.30.63:33765, 12504079-0622-447a-92a3-9106641c158d:192.168.30.63:34692], old=null
2019-10-01 23:50:30,792 [12504079-0622-447a-92a3-9106641c158d@group-90F5B60C18EA-LeaderElection24] INFO  impl.LeaderElection (LogUtils.java:infoOrTrace(149)) -   Exception 0: {}
java.util.concurrent.ExecutionException: org.apache.ratis.thirdparty.io.grpc.StatusRuntimeException: UNAVAILABLE: io exception
	at java.util.concurrent.FutureTask.report(FutureTask.java:122)
	at java.util.concurrent.FutureTask.get(FutureTask.java:192)
	at org.apache.ratis.server.impl.LeaderElection.waitForResults(LeaderElection.java:259)
	at org.apache.ratis.server.impl.LeaderElection.askForVotes(LeaderElection.java:197)
	at org.apache.ratis.server.impl.LeaderElection.run(LeaderElection.java:133)
	at java.lang.Thread.run(Thread.java:748)
Caused by: org.apache.ratis.thirdparty.io.grpc.StatusRuntimeException: UNAVAILABLE: io exception
	at org.apache.ratis.thirdparty.io.grpc.stub.ClientCalls.toStatusRuntimeException(ClientCalls.java:233)
	at org.apache.ratis.thirdparty.io.grpc.stub.ClientCalls.getUnchecked(ClientCalls.java:214)
	at org.apache.ratis.thirdparty.io.grpc.stub.ClientCalls.blockingUnaryCall(ClientCalls.java:139)
	at org.apache.ratis.proto.grpc.RaftServerProtocolServiceGrpc$RaftServerProtocolServiceBlockingStub.requestVote(RaftServerProtocolServiceGrpc.java:265)
	at org.apache.ratis.grpc.server.GrpcServerProtocolClient.requestVote(GrpcServerProtocolClient.java:99)
	at org.apache.ratis.grpc.server.GrpcService.requestVote(GrpcService.java:204)
	at org.apache.ratis.server.impl.LeaderElection.lambda$submitRequests$1(LeaderElection.java:234)
	at java.util.concurrent.FutureTask.run(FutureTask.java:266)
	at java.util.concurrent.Executors$RunnableAdapter.call(Executors.java:511)
	at java.util.concurrent.FutureTask.run(FutureTask.java:266)
	at java.util.concurrent.ThreadPoolExecutor.runWorker(ThreadPoolExecutor.java:1149)
	at java.util.concurrent.ThreadPoolExecutor$Worker.run(ThreadPoolExecutor.java:624)
	... 1 more
Caused by: org.apache.ratis.thirdparty.io.netty.channel.AbstractChannel$AnnotatedConnectException: Connection refused: /192.168.30.63:44980
	at sun.nio.ch.SocketChannelImpl.checkConnect(Native Method)
	at sun.nio.ch.SocketChannelImpl.finishConnect(SocketChannelImpl.java:717)
	at org.apache.ratis.thirdparty.io.netty.channel.socket.nio.NioSocketChannel.doFinishConnect(NioSocketChannel.java:327)
	at org.apache.ratis.thirdparty.io.netty.channel.nio.AbstractNioChannel$AbstractNioUnsafe.finishConnect(AbstractNioChannel.java:340)
	at org.apache.ratis.thirdparty.io.netty.channel.nio.NioEventLoop.processSelectedKey(NioEventLoop.java:632)
	at org.apache.ratis.thirdparty.io.netty.channel.nio.NioEventLoop.processSelectedKeysOptimized(NioEventLoop.java:579)
	at org.apache.ratis.thirdparty.io.netty.channel.nio.NioEventLoop.processSelectedKeys(NioEventLoop.java:496)
	at org.apache.ratis.thirdparty.io.netty.channel.nio.NioEventLoop.run(NioEventLoop.java:458)
	at org.apache.ratis.thirdparty.io.netty.util.concurrent.SingleThreadEventExecutor$5.run(SingleThreadEventExecutor.java:897)
	at org.apache.ratis.thirdparty.io.netty.util.concurrent.FastThreadLocalRunnable.run(FastThreadLocalRunnable.java:30)
	... 1 more
Caused by: java.net.ConnectException: Connection refused
	... 11 more
2019-10-01 23:50:30,793 [12504079-0622-447a-92a3-9106641c158d@group-90F5B60C18EA-LeaderElection24] INFO  impl.LeaderElection (LogUtils.java:infoOrTrace(149)) -   Exception 1: {}
java.util.concurrent.ExecutionException: org.apache.ratis.thirdparty.io.grpc.StatusRuntimeException: UNAVAILABLE: io exception
	at java.util.concurrent.FutureTask.report(FutureTask.java:122)
	at java.util.concurrent.FutureTask.get(FutureTask.java:192)
	at org.apache.ratis.server.impl.LeaderElection.waitForResults(LeaderElection.java:259)
	at org.apache.ratis.server.impl.LeaderElection.askForVotes(LeaderElection.java:197)
	at org.apache.ratis.server.impl.LeaderElection.run(LeaderElection.java:133)
	at java.lang.Thread.run(Thread.java:748)
Caused by: org.apache.ratis.thirdparty.io.grpc.StatusRuntimeException: UNAVAILABLE: io exception
	at org.apache.ratis.thirdparty.io.grpc.stub.ClientCalls.toStatusRuntimeException(ClientCalls.java:233)
	at org.apache.ratis.thirdparty.io.grpc.stub.ClientCalls.getUnchecked(ClientCalls.java:214)
	at org.apache.ratis.thirdparty.io.grpc.stub.ClientCalls.blockingUnaryCall(ClientCalls.java:139)
	at org.apache.ratis.proto.grpc.RaftServerProtocolServiceGrpc$RaftServerProtocolServiceBlockingStub.requestVote(RaftServerProtocolServiceGrpc.java:265)
	at org.apache.ratis.grpc.server.GrpcServerProtocolClient.requestVote(GrpcServerProtocolClient.java:99)
	at org.apache.ratis.grpc.server.GrpcService.requestVote(GrpcService.java:204)
	at org.apache.ratis.server.impl.LeaderElection.lambda$submitRequests$1(LeaderElection.java:234)
	at java.util.concurrent.FutureTask.run(FutureTask.java:266)
	at java.util.concurrent.Executors$RunnableAdapter.call(Executors.java:511)
	at java.util.concurrent.FutureTask.run(FutureTask.java:266)
	at java.util.concurrent.ThreadPoolExecutor.runWorker(ThreadPoolExecutor.java:1149)
	at java.util.concurrent.ThreadPoolExecutor$Worker.run(ThreadPoolExecutor.java:624)
	... 1 more
Caused by: org.apache.ratis.thirdparty.io.netty.channel.AbstractChannel$AnnotatedConnectException: Connection refused: /192.168.30.63:33765
	at sun.nio.ch.SocketChannelImpl.checkConnect(Native Method)
	at sun.nio.ch.SocketChannelImpl.finishConnect(SocketChannelImpl.java:717)
	at org.apache.ratis.thirdparty.io.netty.channel.socket.nio.NioSocketChannel.doFinishConnect(NioSocketChannel.java:327)
	at org.apache.ratis.thirdparty.io.netty.channel.nio.AbstractNioChannel$AbstractNioUnsafe.finishConnect(AbstractNioChannel.java:340)
	at org.apache.ratis.thirdparty.io.netty.channel.nio.NioEventLoop.processSelectedKey(NioEventLoop.java:632)
	at org.apache.ratis.thirdparty.io.netty.channel.nio.NioEventLoop.processSelectedKeysOptimized(NioEventLoop.java:579)
	at org.apache.ratis.thirdparty.io.netty.channel.nio.NioEventLoop.processSelectedKeys(NioEventLoop.java:496)
	at org.apache.ratis.thirdparty.io.netty.channel.nio.NioEventLoop.run(NioEventLoop.java:458)
	at org.apache.ratis.thirdparty.io.netty.util.concurrent.SingleThreadEventExecutor$5.run(SingleThreadEventExecutor.java:897)
	at org.apache.ratis.thirdparty.io.netty.util.concurrent.FastThreadLocalRunnable.run(FastThreadLocalRunnable.java:30)
	... 1 more
Caused by: java.net.ConnectException: Connection refused
	... 11 more
2019-10-01 23:50:30,793 [12504079-0622-447a-92a3-9106641c158d@group-90F5B60C18EA-LeaderElection24] INFO  impl.RaftServerImpl (RaftServerImpl.java:setRole(170)) - 12504079-0622-447a-92a3-9106641c158d@group-90F5B60C18EA: changes role from CANDIDATE to FOLLOWER at term 2 for DISCOVERED_A_NEW_TERM
2019-10-01 23:50:30,793 [12504079-0622-447a-92a3-9106641c158d@group-90F5B60C18EA-LeaderElection24] INFO  impl.RoleInfo (RoleInfo.java:shutdownLeaderElection(134)) - 12504079-0622-447a-92a3-9106641c158d: shutdown LeaderElection
2019-10-01 23:50:30,793 [12504079-0622-447a-92a3-9106641c158d@group-90F5B60C18EA-LeaderElection24] INFO  impl.RoleInfo (RoleInfo.java:updateAndGet(143)) - 12504079-0622-447a-92a3-9106641c158d: start FollowerState
2019-10-01 23:50:32,212 [ForkJoinPool.commonPool-worker-0] INFO  ozoneimpl.OzoneContainer (OzoneContainer.java:stop(231)) - Attempting to stop container services.
2019-10-01 23:50:32,213 [ForkJoinPool.commonPool-worker-0] INFO  impl.RaftServerProxy (RaftServerProxy.java:lambda$close$4(314)) - 12504079-0622-447a-92a3-9106641c158d: close
2019-10-01 23:50:32,214 [ForkJoinPool.commonPool-worker-0] INFO  impl.RaftServerImpl (RaftServerImpl.java:lambda$shutdown$3(247)) - 12504079-0622-447a-92a3-9106641c158d@group-EB44F1D94B02: shutdown
2019-10-01 23:50:32,214 [ForkJoinPool.commonPool-worker-0] INFO  util.JmxRegister (JmxRegister.java:unregister(73)) - Successfully un-registered JMX Bean with object name Ratis:service=RaftServer,group=group-EB44F1D94B02,id=12504079-0622-447a-92a3-9106641c158d
2019-10-01 23:50:32,214 [ForkJoinPool.commonPool-worker-0] INFO  impl.RoleInfo (RoleInfo.java:shutdownLeaderState(104)) - 12504079-0622-447a-92a3-9106641c158d: shutdown LeaderState
2019-10-01 23:50:32,214 [ForkJoinPool.commonPool-worker-0] INFO  impl.PendingRequests (PendingRequests.java:sendNotLeaderResponses(202)) - 12504079-0622-447a-92a3-9106641c158d@group-EB44F1D94B02-PendingRequests: sendNotLeaderResponses
2019-10-01 23:50:32,215 [ForkJoinPool.commonPool-worker-0] INFO  impl.StateMachineUpdater (StateMachineUpdater.java:stopAndJoin(136)) - 12504079-0622-447a-92a3-9106641c158d@group-EB44F1D94B02-StateMachineUpdater: set stopIndex = 0
2019-10-01 23:50:32,215 [ForkJoinPool.commonPool-worker-0] INFO  impl.RaftServerImpl (ServerState.java:close(387)) - 12504079-0622-447a-92a3-9106641c158d@group-EB44F1D94B02: closes. applyIndex: 0
2019-10-01 23:50:32,216 [12504079-0622-447a-92a3-9106641c158d@group-EB44F1D94B02-SegmentedRaftLogWorker] INFO  segmented.SegmentedRaftLogWorker (SegmentedRaftLogWorker.java:run(316)) - 12504079-0622-447a-92a3-9106641c158d@group-EB44F1D94B02-SegmentedRaftLogWorker was interrupted, exiting. There are 0 tasks remaining in the queue.
2019-10-01 23:50:32,216 [ForkJoinPool.commonPool-worker-0] INFO  segmented.SegmentedRaftLogWorker (SegmentedRaftLogWorker.java:close(224)) - 12504079-0622-447a-92a3-9106641c158d@group-EB44F1D94B02-SegmentedRaftLogWorker close()
2019-10-01 23:50:32,216 [ForkJoinPool.commonPool-worker-0] INFO  impl.RaftServerImpl (RaftServerImpl.java:lambda$shutdown$3(247)) - 12504079-0622-447a-92a3-9106641c158d@group-90F5B60C18EA: shutdown
2019-10-01 23:50:32,217 [ForkJoinPool.commonPool-worker-0] INFO  util.JmxRegister (JmxRegister.java:unregister(73)) - Successfully un-registered JMX Bean with object name Ratis:service=RaftServer,group=group-90F5B60C18EA,id=12504079-0622-447a-92a3-9106641c158d
2019-10-01 23:50:32,217 [ForkJoinPool.commonPool-worker-0] INFO  impl.RoleInfo (RoleInfo.java:shutdownFollowerState(121)) - 12504079-0622-447a-92a3-9106641c158d: shutdown FollowerState
2019-10-01 23:50:32,217 [ForkJoinPool.commonPool-worker-0] INFO  impl.StateMachineUpdater (StateMachineUpdater.java:stopAndJoin(136)) - 12504079-0622-447a-92a3-9106641c158d@group-90F5B60C18EA-StateMachineUpdater: set stopIndex = 8
2019-10-01 23:50:32,218 [12504079-0622-447a-92a3-9106641c158d@group-90F5B60C18EA-StateMachineUpdater] INFO  ratis.ContainerStateMachine (ContainerStateMachine.java:takeSnapshot(289)) - group-90F5B60C18EA: Taking a snapshot at:(t:1, i:5) file /workdir/hadoop-ozone/integration-test/target/test-dir/MiniOzoneClusterImpl-86593db2-05eb-48a7-b50a-ea57df30e816/datanode-5/data/ratis/be7cb5fe-a69e-4379-9fc8-90f5b60c18ea/sm/snapshot.1_5
2019-10-01 23:50:32,218 [Thread-1350] INFO  impl.FollowerState (FollowerState.java:run(117)) - 12504079-0622-447a-92a3-9106641c158d@group-90F5B60C18EA-FollowerState was interrupted: java.lang.InterruptedException: sleep interrupted
2019-10-01 23:50:32,242 [12504079-0622-447a-92a3-9106641c158d@group-90F5B60C18EA-StateMachineUpdater] INFO  ratis.ContainerStateMachine (ContainerStateMachine.java:takeSnapshot(300)) - group-90F5B60C18EA: Finished taking a snapshot at:(t:1, i:5) file:/workdir/hadoop-ozone/integration-test/target/test-dir/MiniOzoneClusterImpl-86593db2-05eb-48a7-b50a-ea57df30e816/datanode-5/data/ratis/be7cb5fe-a69e-4379-9fc8-90f5b60c18ea/sm/snapshot.1_5 time:24
2019-10-01 23:50:32,243 [12504079-0622-447a-92a3-9106641c158d@group-90F5B60C18EA-StateMachineUpdater] INFO  impl.StateMachineUpdater (StateMachineUpdater.java:takeSnapshot(269)) - 12504079-0622-447a-92a3-9106641c158d@group-90F5B60C18EA-StateMachineUpdater: Took a snapshot at index 5
2019-10-01 23:50:32,243 [12504079-0622-447a-92a3-9106641c158d@group-90F5B60C18EA-StateMachineUpdater] INFO  impl.StateMachineUpdater (StateMachineUpdater.java:lambda$new$0(84)) - 12504079-0622-447a-92a3-9106641c158d@group-90F5B60C18EA-StateMachineUpdater: snapshotIndex: updateIncreasingly -1 -> 5
2019-10-01 23:50:32,243 [12504079-0622-447a-92a3-9106641c158d@group-90F5B60C18EA-StateMachineUpdater] INFO  ratis.ContainerStateMachine (ContainerStateMachine.java:takeSnapshot(289)) - group-90F5B60C18EA: Taking a snapshot at:(t:1, i:5) file /workdir/hadoop-ozone/integration-test/target/test-dir/MiniOzoneClusterImpl-86593db2-05eb-48a7-b50a-ea57df30e816/datanode-5/data/ratis/be7cb5fe-a69e-4379-9fc8-90f5b60c18ea/sm/snapshot.1_5
2019-10-01 23:50:32,265 [12504079-0622-447a-92a3-9106641c158d@group-90F5B60C18EA-StateMachineUpdater] INFO  ratis.ContainerStateMachine (ContainerStateMachine.java:takeSnapshot(300)) - group-90F5B60C18EA: Finished taking a snapshot at:(t:1, i:5) file:/workdir/hadoop-ozone/integration-test/target/test-dir/MiniOzoneClusterImpl-86593db2-05eb-48a7-b50a-ea57df30e816/datanode-5/data/ratis/be7cb5fe-a69e-4379-9fc8-90f5b60c18ea/sm/snapshot.1_5 time:22
2019-10-01 23:50:32,265 [12504079-0622-447a-92a3-9106641c158d@group-90F5B60C18EA-StateMachineUpdater] INFO  impl.StateMachineUpdater (StateMachineUpdater.java:takeSnapshot(269)) - 12504079-0622-447a-92a3-9106641c158d@group-90F5B60C18EA-StateMachineUpdater: Took a snapshot at index 5
2019-10-01 23:50:32,265 [12504079-0622-447a-92a3-9106641c158d@group-90F5B60C18EA-StateMachineUpdater] INFO  impl.StateMachineUpdater (StateMachineUpdater.java:lambda$new$0(84)) - 12504079-0622-447a-92a3-9106641c158d@group-90F5B60C18EA-StateMachineUpdater: snapshotIndex: updateIncreasingly 5 -> 5
2019-10-01 23:50:32,266 [ForkJoinPool.commonPool-worker-0] INFO  impl.RaftServerImpl (ServerState.java:close(387)) - 12504079-0622-447a-92a3-9106641c158d@group-90F5B60C18EA: closes. applyIndex: 8
2019-10-01 23:50:32,266 [12504079-0622-447a-92a3-9106641c158d@group-90F5B60C18EA-SegmentedRaftLogWorker] INFO  segmented.SegmentedRaftLogWorker (SegmentedRaftLogWorker.java:run(316)) - 12504079-0622-447a-92a3-9106641c158d@group-90F5B60C18EA-SegmentedRaftLogWorker was interrupted, exiting. There are 0 tasks remaining in the queue.
2019-10-01 23:50:32,266 [ForkJoinPool.commonPool-worker-0] INFO  segmented.SegmentedRaftLogWorker (SegmentedRaftLogWorker.java:close(224)) - 12504079-0622-447a-92a3-9106641c158d@group-90F5B60C18EA-SegmentedRaftLogWorker close()
2019-10-01 23:50:32,267 [ForkJoinPool.commonPool-worker-0] INFO  server.GrpcService (GrpcService.java:closeImpl(164)) - 12504079-0622-447a-92a3-9106641c158d: shutdown server with port 34692 now
2019-10-01 23:50:32,267 [ForkJoinPool.commonPool-worker-0] INFO  server.GrpcService (GrpcService.java:closeImpl(172)) - 12504079-0622-447a-92a3-9106641c158d: shutdown server with port 34692 successfully
2019-10-01 23:50:32,271 [refreshUsed-/workdir/hadoop-ozone/integration-test/target/test-dir/MiniOzoneClusterImpl-86593db2-05eb-48a7-b50a-ea57df30e816/datanode-5/data/containers] WARN  fs.CachingGetSpaceUsed (CachingGetSpaceUsed.java:run(183)) - Thread Interrupted waiting to refresh disk information: sleep interrupted
2019-10-01 23:50:32,282 [ForkJoinPool.commonPool-worker-0] INFO  utils.BackgroundService (BackgroundService.java:shutdown(148)) - Shutting down service BlockDeletingService
2019-10-01 23:50:32,287 [ForkJoinPool.commonPool-worker-0] INFO  statemachine.DatanodeStateMachine (DatanodeStateMachine.java:stopDaemon(395)) - Ozone container server stopped.
2019-10-01 23:50:32,291 [ForkJoinPool.commonPool-worker-0] INFO  handler.ContextHandler (ContextHandler.java:doStop(910)) - Stopped o.e.j.w.WebAppContext@640cc04b{/,null,UNAVAILABLE}{/hddsDatanode}
2019-10-01 23:50:32,291 [ForkJoinPool.commonPool-worker-0] INFO  server.AbstractConnector (AbstractConnector.java:doStop(318)) - Stopped ServerConnector@630bf683{HTTP/1.1,[http/1.1]}{0.0.0.0:0}
2019-10-01 23:50:32,294 [ForkJoinPool.commonPool-worker-0] INFO  handler.ContextHandler (ContextHandler.java:doStop(910)) - Stopped o.e.j.s.ServletContextHandler@168b4cb0{/static,jar:file:/home/user/.m2/repository/org/apache/hadoop/hadoop-hdds-container-service/0.5.0-SNAPSHOT/hadoop-hdds-container-service-0.5.0-SNAPSHOT.jar!/webapps/static,UNAVAILABLE}
2019-10-01 23:50:32,294 [ForkJoinPool.commonPool-worker-0] INFO  handler.ContextHandler (ContextHandler.java:doStop(910)) - Stopped o.e.j.s.ServletContextHandler@7f9e8421{/logs,file:///workdir/hadoop-ozone/integration-test/target/log,UNAVAILABLE}
2019-10-01 23:50:32,295 [main] INFO  ozone.MiniOzoneClusterImpl (MiniOzoneClusterImpl.java:stopSCM(392)) - Stopping the StorageContainerManager
2019-10-01 23:50:32,296 [main] INFO  server.StorageContainerManager (StorageContainerManager.java:stop(808)) - Stopping Replication Manager Service.
2019-10-01 23:50:32,296 [main] INFO  container.ReplicationManager (ReplicationManager.java:stop(203)) - Stopping Replication Monitor Thread.
2019-10-01 23:50:32,296 [main] INFO  server.StorageContainerManager (StorageContainerManager.java:stop(815)) - Stopping Lease Manager of the command watchers
2019-10-01 23:50:32,296 [main] INFO  server.StorageContainerManager (StorageContainerManager.java:stop(822)) - Stopping datanode service RPC server
2019-10-01 23:50:32,296 [main] INFO  server.SCMDatanodeProtocolServer (SCMDatanodeProtocolServer.java:stop(367)) - Stopping the RPC server for DataNodes
2019-10-01 23:50:32,297 [main] INFO  ipc.Server (Server.java:stop(3082)) - Stopping server on 35532
2019-10-01 23:50:32,299 [IPC Server listener on 35532] INFO  ipc.Server (Server.java:run(1185)) - Stopping IPC Server listener on 35532
2019-10-01 23:50:32,299 [IPC Server Responder] INFO  ipc.Server (Server.java:run(1319)) - Stopping IPC Server Responder
2019-10-01 23:50:32,389 [SCM Heartbeat Processing Thread - 0] WARN  node.NodeStateManager (NodeStateManager.java:scheduleNextHealthCheck(646)) - Current Thread is interrupted, shutting down HB processing thread for Node Manager.
2019-10-01 23:50:32,389 [main] INFO  server.StorageContainerManager (StorageContainerManager.java:stop(830)) - Stopping block service RPC server
2019-10-01 23:50:32,390 [main] INFO  server.SCMBlockProtocolServer (SCMBlockProtocolServer.java:stop(155)) - Stopping the RPC server for Block Protocol
2019-10-01 23:50:32,390 [main] INFO  ipc.Server (Server.java:stop(3082)) - Stopping server on 32868
2019-10-01 23:50:32,391 [IPC Server listener on 32868] INFO  ipc.Server (Server.java:run(1185)) - Stopping IPC Server listener on 32868
2019-10-01 23:50:32,391 [main] INFO  server.StorageContainerManager (StorageContainerManager.java:stop(837)) - Stopping the StorageContainerLocationProtocol RPC server
2019-10-01 23:50:32,393 [IPC Server Responder] INFO  ipc.Server (Server.java:run(1319)) - Stopping IPC Server Responder
2019-10-01 23:50:32,393 [main] INFO  server.SCMClientProtocolServer (SCMClientProtocolServer.java:stop(158)) - Stopping the RPC server for Client Protocol
2019-10-01 23:50:32,393 [main] INFO  ipc.Server (Server.java:stop(3082)) - Stopping server on 39064
2019-10-01 23:50:32,395 [IPC Server listener on 39064] INFO  ipc.Server (Server.java:run(1185)) - Stopping IPC Server listener on 39064
2019-10-01 23:50:32,395 [main] INFO  server.StorageContainerManager (StorageContainerManager.java:stop(844)) - Stopping Storage Container Manager HTTP server.
2019-10-01 23:50:32,395 [IPC Server Responder] INFO  ipc.Server (Server.java:run(1319)) - Stopping IPC Server Responder
2019-10-01 23:50:32,397 [main] INFO  handler.ContextHandler (ContextHandler.java:doStop(910)) - Stopped o.e.j.w.WebAppContext@45b15381{/,null,UNAVAILABLE}{/scm}
2019-10-01 23:50:32,397 [main] INFO  server.AbstractConnector (AbstractConnector.java:doStop(318)) - Stopped ServerConnector@2dbfcf7{HTTP/1.1,[http/1.1]}{0.0.0.0:0}
2019-10-01 23:50:32,398 [main] INFO  handler.ContextHandler (ContextHandler.java:doStop(910)) - Stopped o.e.j.s.ServletContextHandler@4a3bd45b{/static,file:///workdir/hadoop-ozone/integration-test/target/test-classes/webapps/static,UNAVAILABLE}
2019-10-01 23:50:32,398 [main] INFO  handler.ContextHandler (ContextHandler.java:doStop(910)) - Stopped o.e.j.s.ServletContextHandler@14fded9d{/logs,file:///workdir/hadoop-ozone/integration-test/target/log,UNAVAILABLE}
2019-10-01 23:50:32,398 [main] INFO  server.StorageContainerManager (StorageContainerManager.java:stop(855)) - Stopping Block Manager Service.
2019-10-01 23:50:32,399 [main] INFO  utils.BackgroundService (BackgroundService.java:shutdown(148)) - Shutting down service SCMBlockDeletingService
2019-10-01 23:50:32,399 [main] INFO  utils.BackgroundService (BackgroundService.java:shutdown(148)) - Shutting down service SCMBlockDeletingService
2019-10-01 23:50:32,399 [main] INFO  server.StorageContainerManager (StorageContainerManager.java:stop(877)) - Stopping SCM Event Queue.
2019-10-01 23:50:32,402 [main] INFO  impl.MetricsSystemImpl (MetricsSystemImpl.java:stop(210)) - Stopping HddsDatanode metrics system...
2019-10-01 23:50:32,413 [main] INFO  impl.MetricsSystemImpl (MetricsSystemImpl.java:stop(216)) - HddsDatanode metrics system stopped.
]]></system-out>
    <system-err><![CDATA[Oct 01, 2019 11:50:17 PM org.apache.ratis.thirdparty.io.grpc.internal.SerializingExecutor run
SEVERE: Exception while executing runnable org.apache.ratis.thirdparty.io.grpc.internal.ServerImpl$JumpToApplicationThreadServerStreamListener$1Closed@a272d7d
org.apache.ratis.thirdparty.io.grpc.StatusRuntimeException: CANCELLED: call already cancelled
	at org.apache.ratis.thirdparty.io.grpc.Status.asRuntimeException(Status.java:517)
	at org.apache.ratis.thirdparty.io.grpc.stub.ServerCalls$ServerCallStreamObserverImpl.onCompleted(ServerCalls.java:356)
	at org.apache.ratis.grpc.server.GrpcServerProtocolService$ServerRequestStreamObserver.onError(GrpcServerProtocolService.java:121)
	at org.apache.ratis.thirdparty.io.grpc.stub.ServerCalls$StreamingServerCallHandler$StreamingServerCallListener.onCancel(ServerCalls.java:269)
	at org.apache.ratis.thirdparty.io.grpc.internal.ServerCallImpl$ServerStreamListenerImpl.closed(ServerCallImpl.java:293)
	at org.apache.ratis.thirdparty.io.grpc.internal.ServerImpl$JumpToApplicationThreadServerStreamListener$1Closed.runInContext(ServerImpl.java:741)
	at org.apache.ratis.thirdparty.io.grpc.internal.ContextRunnable.run(ContextRunnable.java:37)
	at org.apache.ratis.thirdparty.io.grpc.internal.SerializingExecutor.run(SerializingExecutor.java:123)
	at java.util.concurrent.ThreadPoolExecutor.runWorker(ThreadPoolExecutor.java:1149)
	at java.util.concurrent.ThreadPoolExecutor$Worker.run(ThreadPoolExecutor.java:624)
	at java.lang.Thread.run(Thread.java:748)

]]></system-err>
  </testcase>
</testsuite>