<?xml version="1.0" encoding="UTF-8"?>
<testsuite xmlns:xsi="http://www.w3.org/2001/XMLSchema-instance" xsi:noNamespaceSchemaLocation="https://maven.apache.org/surefire/maven-surefire-plugin/xsd/surefire-test-report.xsd" name="org.apache.hadoop.ozone.client.rpc.TestWatchForCommit" time="224.755" tests="5" errors="1" skipped="0" failures="1">
  <properties>
    <property name="awt.toolkit" value="sun.awt.X11.XToolkit"/>
    <property name="file.encoding.pkg" value="sun.io"/>
    <property name="java.specification.version" value="1.8"/>
    <property name="sun.cpu.isalist" value=""/>
    <property name="sun.jnu.encoding" value="UTF-8"/>
    <property name="java.class.path" value="/workdir/hadoop-ozone/integration-test/target/test-classes:/workdir/hadoop-ozone/integration-test/target/classes:/home/user/.m2/repository/org/apache/hadoop/hadoop-ozone-common/0.5.0-SNAPSHOT/hadoop-ozone-common-0.5.0-SNAPSHOT.jar:/home/user/.m2/repository/org/apache/commons/commons-compress/1.4.1/commons-compress-1.4.1.jar:/home/user/.m2/repository/org/tukaani/xz/1.0/xz-1.0.jar:/home/user/.m2/repository/org/apache/hadoop/hadoop-common/3.2.0/hadoop-common-3.2.0.jar:/home/user/.m2/repository/org/apache/hadoop/hadoop-hdfs/3.2.0/hadoop-hdfs-3.2.0.jar:/home/user/.m2/repository/org/apache/hadoop/hadoop-hdfs-client/3.2.0/hadoop-hdfs-client-3.2.0.jar:/home/user/.m2/repository/com/fasterxml/jackson/core/jackson-annotations/2.9.9/jackson-annotations-2.9.9.jar:/home/user/.m2/repository/org/apache/hadoop/hadoop-hdds-common/0.5.0-SNAPSHOT/hadoop-hdds-common-0.5.0-SNAPSHOT.jar:/home/user/.m2/repository/javax/annotation/javax.annotation-api/1.2/javax.annotation-api-1.2.jar:/home/user/.m2/repository/org/apache/ratis/ratis-server/0.5.0-201fc85-SNAPSHOT/ratis-server-0.5.0-201fc85-SNAPSHOT.jar:/home/user/.m2/repository/org/apache/ratis/ratis-thirdparty-misc/0.2.0/ratis-thirdparty-misc-0.2.0.jar:/home/user/.m2/repository/org/apache/ratis/ratis-proto/0.5.0-201fc85-SNAPSHOT/ratis-proto-0.5.0-201fc85-SNAPSHOT.jar:/home/user/.m2/repository/org/apache/ratis/ratis-common/0.5.0-201fc85-SNAPSHOT/ratis-common-0.5.0-201fc85-SNAPSHOT.jar:/home/user/.m2/repository/org/apache/ratis/ratis-client/0.5.0-201fc85-SNAPSHOT/ratis-client-0.5.0-201fc85-SNAPSHOT.jar:/home/user/.m2/repository/org/apache/ratis/ratis-metrics/0.5.0-201fc85-SNAPSHOT/ratis-metrics-0.5.0-201fc85-SNAPSHOT.jar:/home/user/.m2/repository/com/github/joshelser/dropwizard-metrics-hadoop-metrics2-reporter/0.1.2/dropwizard-metrics-hadoop-metrics2-reporter-0.1.2.jar:/home/user/.m2/repository/io/dropwizard/metrics/metrics-jvm/3.2.5/metrics-jvm-3.2.5.jar:/home/user/.m2/repository/io/dropwizard/metrics/metrics-ganglia/3.2.5/metrics-ganglia-3.2.5.jar:/home/user/.m2/repository/info/ganglia/gmetric4j/gmetric4j/1.0.7/gmetric4j-1.0.7.jar:/home/user/.m2/repository/org/apache/ratis/ratis-netty/0.5.0-201fc85-SNAPSHOT/ratis-netty-0.5.0-201fc85-SNAPSHOT.jar:/home/user/.m2/repository/org/apache/ratis/ratis-grpc/0.5.0-201fc85-SNAPSHOT/ratis-grpc-0.5.0-201fc85-SNAPSHOT.jar:/home/user/.m2/repository/org/rocksdb/rocksdbjni/6.0.1/rocksdbjni-6.0.1.jar:/home/user/.m2/repository/org/apache/logging/log4j/log4j-api/2.11.0/log4j-api-2.11.0.jar:/home/user/.m2/repository/org/apache/logging/log4j/log4j-core/2.11.0/log4j-core-2.11.0.jar:/home/user/.m2/repository/com/lmax/disruptor/3.4.2/disruptor-3.4.2.jar:/home/user/.m2/repository/org/apache/commons/commons-pool2/2.6.0/commons-pool2-2.6.0.jar:/home/user/.m2/repository/org/bouncycastle/bcpkix-jdk15on/1.60/bcpkix-jdk15on-1.60.jar:/home/user/.m2/repository/commons-validator/commons-validator/1.6/commons-validator-1.6.jar:/home/user/.m2/repository/commons-digester/commons-digester/1.8.1/commons-digester-1.8.1.jar:/home/user/.m2/repository/io/jaegertracing/jaeger-client/0.34.0/jaeger-client-0.34.0.jar:/home/user/.m2/repository/io/jaegertracing/jaeger-thrift/0.34.0/jaeger-thrift-0.34.0.jar:/home/user/.m2/repository/org/apache/thrift/libthrift/0.12.0/libthrift-0.12.0.jar:/home/user/.m2/repository/com/squareup/okhttp3/okhttp/3.9.0/okhttp-3.9.0.jar:/home/user/.m2/repository/com/squareup/okio/okio/1.13.0/okio-1.13.0.jar:/home/user/.m2/repository/io/jaegertracing/jaeger-core/0.34.0/jaeger-core-0.34.0.jar:/home/user/.m2/repository/io/jaegertracing/jaeger-tracerresolver/0.34.0/jaeger-tracerresolver-0.34.0.jar:/home/user/.m2/repository/io/opentracing/contrib/opentracing-tracerresolver/0.1.5/opentracing-tracerresolver-0.1.5.jar:/home/user/.m2/repository/io/opentracing/opentracing-util/0.31.0/opentracing-util-0.31.0.jar:/home/user/.m2/repository/io/opentracing/opentracing-api/0.31.0/opentracing-api-0.31.0.jar:/home/user/.m2/repository/io/opentracing/opentracing-noop/0.31.0/opentracing-noop-0.31.0.jar:/home/user/.m2/repository/org/apache/hadoop/hadoop-hdds-server-framework/0.5.0-SNAPSHOT/hadoop-hdds-server-framework-0.5.0-SNAPSHOT.jar:/home/user/.m2/repository/org/apache/hadoop/hadoop-hdds-container-service/0.5.0-SNAPSHOT/hadoop-hdds-container-service-0.5.0-SNAPSHOT.jar:/home/user/.m2/repository/org/apache/hadoop/hadoop-hdds-client/0.5.0-SNAPSHOT/hadoop-hdds-client-0.5.0-SNAPSHOT.jar:/home/user/.m2/repository/org/apache/hadoop/hadoop-hdds-tools/0.5.0-SNAPSHOT/hadoop-hdds-tools-0.5.0-SNAPSHOT.jar:/home/user/.m2/repository/org/apache/hadoop/hadoop-hdds-server-scm/0.5.0-SNAPSHOT/hadoop-hdds-server-scm-0.5.0-SNAPSHOT.jar:/home/user/.m2/repository/org/apache/hadoop/hadoop-hdds-docs/0.5.0-SNAPSHOT/hadoop-hdds-docs-0.5.0-SNAPSHOT.jar:/home/user/.m2/repository/io/dropwizard/metrics/metrics-core/3.2.4/metrics-core-3.2.4.jar:/home/user/.m2/repository/org/hamcrest/hamcrest-all/1.3/hamcrest-all-1.3.jar:/home/user/.m2/repository/org/bouncycastle/bcprov-jdk15on/1.60/bcprov-jdk15on-1.60.jar:/home/user/.m2/repository/info/picocli/picocli/3.9.6/picocli-3.9.6.jar:/home/user/.m2/repository/com/google/protobuf/protobuf-java/2.5.0/protobuf-java-2.5.0.jar:/home/user/.m2/repository/com/google/guava/guava/11.0.2/guava-11.0.2.jar:/home/user/.m2/repository/org/apache/hadoop/hadoop-ozone-ozone-manager/0.5.0-SNAPSHOT/hadoop-ozone-ozone-manager-0.5.0-SNAPSHOT.jar:/home/user/.m2/repository/org/apache/hadoop/hadoop-minikdc/3.2.0/hadoop-minikdc-3.2.0.jar:/home/user/.m2/repository/commons-io/commons-io/2.5/commons-io-2.5.jar:/home/user/.m2/repository/org/apache/kerby/kerb-simplekdc/1.0.1/kerb-simplekdc-1.0.1.jar:/home/user/.m2/repository/org/apache/kerby/kerb-client/1.0.1/kerb-client-1.0.1.jar:/home/user/.m2/repository/org/apache/kerby/kerby-config/1.0.1/kerby-config-1.0.1.jar:/home/user/.m2/repository/org/apache/kerby/kerb-core/1.0.1/kerb-core-1.0.1.jar:/home/user/.m2/repository/org/apache/kerby/kerby-pkix/1.0.1/kerby-pkix-1.0.1.jar:/home/user/.m2/repository/org/apache/kerby/kerby-asn1/1.0.1/kerby-asn1-1.0.1.jar:/home/user/.m2/repository/org/apache/kerby/kerby-util/1.0.1/kerby-util-1.0.1.jar:/home/user/.m2/repository/org/apache/kerby/kerb-common/1.0.1/kerb-common-1.0.1.jar:/home/user/.m2/repository/org/apache/kerby/kerb-crypto/1.0.1/kerb-crypto-1.0.1.jar:/home/user/.m2/repository/org/apache/kerby/kerb-util/1.0.1/kerb-util-1.0.1.jar:/home/user/.m2/repository/org/apache/kerby/token-provider/1.0.1/token-provider-1.0.1.jar:/home/user/.m2/repository/org/apache/kerby/kerb-admin/1.0.1/kerb-admin-1.0.1.jar:/home/user/.m2/repository/org/apache/kerby/kerb-server/1.0.1/kerb-server-1.0.1.jar:/home/user/.m2/repository/org/apache/kerby/kerb-identity/1.0.1/kerb-identity-1.0.1.jar:/home/user/.m2/repository/org/apache/kerby/kerby-xdr/1.0.1/kerby-xdr-1.0.1.jar:/home/user/.m2/repository/org/slf4j/slf4j-log4j12/1.7.25/slf4j-log4j12-1.7.25.jar:/home/user/.m2/repository/org/apache/hadoop/hadoop-ozone-s3gateway/0.5.0-SNAPSHOT/hadoop-ozone-s3gateway-0.5.0-SNAPSHOT.jar:/home/user/.m2/repository/org/jboss/weld/servlet/weld-servlet/2.4.7.Final/weld-servlet-2.4.7.Final.jar:/home/user/.m2/repository/org/glassfish/jersey/containers/jersey-container-servlet-core/2.27/jersey-container-servlet-core-2.27.jar:/home/user/.m2/repository/org/glassfish/hk2/external/javax.inject/2.5.0-b42/javax.inject-2.5.0-b42.jar:/home/user/.m2/repository/org/glassfish/jersey/core/jersey-common/2.27/jersey-common-2.27.jar:/home/user/.m2/repository/org/glassfish/hk2/osgi-resource-locator/1.0.1/osgi-resource-locator-1.0.1.jar:/home/user/.m2/repository/javax/ws/rs/javax.ws.rs-api/2.1/javax.ws.rs-api-2.1.jar:/home/user/.m2/repository/org/glassfish/jersey/ext/cdi/jersey-cdi1x/2.27/jersey-cdi1x-2.27.jar:/home/user/.m2/repository/org/glassfish/jersey/inject/jersey-hk2/2.27/jersey-hk2-2.27.jar:/home/user/.m2/repository/org/glassfish/hk2/hk2-locator/2.5.0-b42/hk2-locator-2.5.0-b42.jar:/home/user/.m2/repository/org/javassist/javassist/3.22.0-CR2/javassist-3.22.0-CR2.jar:/home/user/.m2/repository/org/glassfish/hk2/hk2-api/2.5.0/hk2-api-2.5.0.jar:/home/user/.m2/repository/org/glassfish/hk2/external/jakarta.inject/2.5.0/jakarta.inject-2.5.0.jar:/home/user/.m2/repository/org/glassfish/hk2/hk2-utils/2.5.0/hk2-utils-2.5.0.jar:/home/user/.m2/repository/jakarta/annotation/jakarta.annotation-api/1.3.4/jakarta.annotation-api-1.3.4.jar:/home/user/.m2/repository/org/glassfish/hk2/external/aopalliance-repackaged/2.5.0/aopalliance-repackaged-2.5.0.jar:/home/user/.m2/repository/com/fasterxml/jackson/dataformat/jackson-dataformat-xml/2.9.0/jackson-dataformat-xml-2.9.0.jar:/home/user/.m2/repository/com/fasterxml/jackson/core/jackson-core/2.9.9/jackson-core-2.9.9.jar:/home/user/.m2/repository/com/fasterxml/jackson/module/jackson-module-jaxb-annotations/2.9.9/jackson-module-jaxb-annotations-2.9.9.jar:/home/user/.m2/repository/javax/enterprise/cdi-api/1.2/cdi-api-1.2.jar:/home/user/.m2/repository/javax/el/javax.el-api/3.0.0/javax.el-api-3.0.0.jar:/home/user/.m2/repository/javax/interceptor/javax.interceptor-api/1.2/javax.interceptor-api-1.2.jar:/home/user/.m2/repository/javax/inject/javax.inject/1/javax.inject-1.jar:/home/user/.m2/repository/com/sun/xml/bind/jaxb-impl/2.3.0.1/jaxb-impl-2.3.0.1.jar:/home/user/.m2/repository/com/sun/xml/bind/jaxb-core/2.3.0.1/jaxb-core-2.3.0.1.jar:/home/user/.m2/repository/javax/xml/bind/jaxb-api/2.3.0/jaxb-api-2.3.0.jar:/home/user/.m2/repository/javax/activation/activation/1.1.1/activation-1.1.1.jar:/home/user/.m2/repository/org/apache/hadoop/hadoop-ozone-csi/0.5.0-SNAPSHOT/hadoop-ozone-csi-0.5.0-SNAPSHOT.jar:/home/user/.m2/repository/com/google/protobuf/protobuf-java-util/3.5.1/protobuf-java-util-3.5.1.jar:/home/user/.m2/repository/org/apache/hadoop/hadoop-hdds-config/0.5.0-SNAPSHOT/hadoop-hdds-config-0.5.0-SNAPSHOT.jar:/home/user/.m2/repository/io/grpc/grpc-netty/1.17.1/grpc-netty-1.17.1.jar:/home/user/.m2/repository/io/grpc/grpc-core/1.17.1/grpc-core-1.17.1.jar:/home/user/.m2/repository/io/grpc/grpc-context/1.17.1/grpc-context-1.17.1.jar:/home/user/.m2/repository/com/google/errorprone/error_prone_annotations/2.2.0/error_prone_annotations-2.2.0.jar:/home/user/.m2/repository/org/codehaus/mojo/animal-sniffer-annotations/1.17/animal-sniffer-annotations-1.17.jar:/home/user/.m2/repository/io/opencensus/opencensus-api/0.17.0/opencensus-api-0.17.0.jar:/home/user/.m2/repository/io/opencensus/opencensus-contrib-grpc-metrics/0.17.0/opencensus-contrib-grpc-metrics-0.17.0.jar:/home/user/.m2/repository/io/netty/netty-codec-http2/4.1.30.Final/netty-codec-http2-4.1.30.Final.jar:/home/user/.m2/repository/io/netty/netty-codec-http/4.1.30.Final/netty-codec-http-4.1.30.Final.jar:/home/user/.m2/repository/io/netty/netty-codec/4.1.30.Final/netty-codec-4.1.30.Final.jar:/home/user/.m2/repository/io/netty/netty-handler/4.1.30.Final/netty-handler-4.1.30.Final.jar:/home/user/.m2/repository/io/netty/netty-handler-proxy/4.1.30.Final/netty-handler-proxy-4.1.30.Final.jar:/home/user/.m2/repository/io/netty/netty-codec-socks/4.1.30.Final/netty-codec-socks-4.1.30.Final.jar:/home/user/.m2/repository/io/netty/netty-transport-native-epoll/4.1.30.Final/netty-transport-native-epoll-4.1.30.Final.jar:/home/user/.m2/repository/io/netty/netty-common/4.1.30.Final/netty-common-4.1.30.Final.jar:/home/user/.m2/repository/io/netty/netty-buffer/4.1.30.Final/netty-buffer-4.1.30.Final.jar:/home/user/.m2/repository/io/netty/netty-transport/4.1.30.Final/netty-transport-4.1.30.Final.jar:/home/user/.m2/repository/io/netty/netty-resolver/4.1.30.Final/netty-resolver-4.1.30.Final.jar:/home/user/.m2/repository/io/netty/netty-transport-native-unix-common/4.1.30.Final/netty-transport-native-unix-common-4.1.30.Final.jar:/home/user/.m2/repository/io/grpc/grpc-protobuf/1.17.1/grpc-protobuf-1.17.1.jar:/home/user/.m2/repository/com/google/api/grpc/proto-google-common-protos/1.0.0/proto-google-common-protos-1.0.0.jar:/home/user/.m2/repository/io/grpc/grpc-protobuf-lite/1.17.1/grpc-protobuf-lite-1.17.1.jar:/home/user/.m2/repository/io/grpc/grpc-stub/1.17.1/grpc-stub-1.17.1.jar:/home/user/.m2/repository/org/apache/hadoop/hadoop-ozone-recon/0.5.0-SNAPSHOT/hadoop-ozone-recon-0.5.0-SNAPSHOT.jar:/home/user/.m2/repository/org/apache/hadoop/hadoop-ozone-reconcodegen/0.5.0-SNAPSHOT/hadoop-ozone-reconcodegen-0.5.0-SNAPSHOT.jar:/home/user/.m2/repository/com/google/inject/extensions/guice-multibindings/4.0/guice-multibindings-4.0.jar:/home/user/.m2/repository/com/google/inject/guice/4.0/guice-4.0.jar:/home/user/.m2/repository/aopalliance/aopalliance/1.0/aopalliance-1.0.jar:/home/user/.m2/repository/com/google/inject/extensions/guice-servlet/4.0/guice-servlet-4.0.jar:/home/user/.m2/repository/org/glassfish/jersey/containers/jersey-container-servlet/2.27/jersey-container-servlet-2.27.jar:/home/user/.m2/repository/org/glassfish/hk2/guice-bridge/2.5.0/guice-bridge-2.5.0.jar:/home/user/.m2/repository/org/glassfish/jersey/core/jersey-server/2.27/jersey-server-2.27.jar:/home/user/.m2/repository/org/glassfish/jersey/core/jersey-client/2.27/jersey-client-2.27.jar:/home/user/.m2/repository/org/glassfish/jersey/media/jersey-media-jaxb/2.27/jersey-media-jaxb-2.27.jar:/home/user/.m2/repository/javax/validation/validation-api/1.1.0.Final/validation-api-1.1.0.Final.jar:/home/user/.m2/repository/org/glassfish/jersey/media/jersey-media-json-jackson/2.27/jersey-media-json-jackson-2.27.jar:/home/user/.m2/repository/org/glassfish/jersey/ext/jersey-entity-filtering/2.27/jersey-entity-filtering-2.27.jar:/home/user/.m2/repository/com/google/inject/extensions/guice-assistedinject/4.0/guice-assistedinject-4.0.jar:/home/user/.m2/repository/org/jooq/jooq/3.11.10/jooq-3.11.10.jar:/home/user/.m2/repository/org/jooq/jooq-meta/3.11.10/jooq-meta-3.11.10.jar:/home/user/.m2/repository/org/jooq/jooq-codegen/3.11.10/jooq-codegen-3.11.10.jar:/home/user/.m2/repository/com/jolbox/bonecp/0.8.0.RELEASE/bonecp-0.8.0.RELEASE.jar:/home/user/.m2/repository/org/xerial/sqlite-jdbc/3.25.2/sqlite-jdbc-3.25.2.jar:/home/user/.m2/repository/org/springframework/spring-jdbc/5.1.3.RELEASE/spring-jdbc-5.1.3.RELEASE.jar:/home/user/.m2/repository/org/springframework/spring-beans/5.1.3.RELEASE/spring-beans-5.1.3.RELEASE.jar:/home/user/.m2/repository/org/springframework/spring-core/5.1.3.RELEASE/spring-core-5.1.3.RELEASE.jar:/home/user/.m2/repository/org/springframework/spring-jcl/5.1.3.RELEASE/spring-jcl-5.1.3.RELEASE.jar:/home/user/.m2/repository/org/springframework/spring-tx/5.1.3.RELEASE/spring-tx-5.1.3.RELEASE.jar:/home/user/.m2/repository/org/apache/hadoop/hadoop-ozone-client/0.5.0-SNAPSHOT/hadoop-ozone-client-0.5.0-SNAPSHOT.jar:/home/user/.m2/repository/commons-lang/commons-lang/2.6/commons-lang-2.6.jar:/home/user/.m2/repository/org/apache/hadoop/hadoop-ozone-ozone-manager/0.5.0-SNAPSHOT/hadoop-ozone-ozone-manager-0.5.0-SNAPSHOT-tests.jar:/home/user/.m2/repository/junit/junit/4.11/junit-4.11.jar:/home/user/.m2/repository/org/hamcrest/hamcrest-core/1.3/hamcrest-core-1.3.jar:/home/user/.m2/repository/org/openjdk/jmh/jmh-core/1.19/jmh-core-1.19.jar:/home/user/.m2/repository/net/sf/jopt-simple/jopt-simple/4.6/jopt-simple-4.6.jar:/home/user/.m2/repository/org/apache/commons/commons-math3/3.1.1/commons-math3-3.1.1.jar:/home/user/.m2/repository/org/openjdk/jmh/jmh-generator-annprocess/1.19/jmh-generator-annprocess-1.19.jar:/home/user/.m2/repository/org/mockito/mockito-all/1.8.5/mockito-all-1.8.5.jar:/home/user/.m2/repository/org/apache/hadoop/hadoop-kms/3.2.0/hadoop-kms-3.2.0.jar:/home/user/.m2/repository/org/apache/hadoop/hadoop-auth/3.2.0/hadoop-auth-3.2.0.jar:/home/user/.m2/repository/com/nimbusds/nimbus-jose-jwt/4.41.1/nimbus-jose-jwt-4.41.1.jar:/home/user/.m2/repository/com/github/stephenc/jcip/jcip-annotations/1.0-1/jcip-annotations-1.0-1.jar:/home/user/.m2/repository/net/minidev/json-smart/2.3/json-smart-2.3.jar:/home/user/.m2/repository/net/minidev/accessors-smart/1.2/accessors-smart-1.2.jar:/home/user/.m2/repository/org/ow2/asm/asm/5.0.4/asm-5.0.4.jar:/home/user/.m2/repository/org/apache/curator/curator-framework/2.12.0/curator-framework-2.12.0.jar:/home/user/.m2/repository/com/sun/jersey/jersey-core/1.19/jersey-core-1.19.jar:/home/user/.m2/repository/javax/ws/rs/jsr311-api/1.1.1/jsr311-api-1.1.1.jar:/home/user/.m2/repository/com/sun/jersey/jersey-server/1.19/jersey-server-1.19.jar:/home/user/.m2/repository/javax/servlet/javax.servlet-api/3.1.0/javax.servlet-api-3.1.0.jar:/home/user/.m2/repository/org/eclipse/jetty/jetty-server/9.3.25.v20180904/jetty-server-9.3.25.v20180904.jar:/home/user/.m2/repository/org/eclipse/jetty/jetty-http/9.3.25.v20180904/jetty-http-9.3.25.v20180904.jar:/home/user/.m2/repository/org/eclipse/jetty/jetty-io/9.3.25.v20180904/jetty-io-9.3.25.v20180904.jar:/home/user/.m2/repository/org/eclipse/jetty/jetty-webapp/9.3.25.v20180904/jetty-webapp-9.3.25.v20180904.jar:/home/user/.m2/repository/org/eclipse/jetty/jetty-xml/9.3.25.v20180904/jetty-xml-9.3.25.v20180904.jar:/home/user/.m2/repository/log4j/log4j/1.2.17/log4j-1.2.17.jar:/home/user/.m2/repository/org/slf4j/slf4j-api/1.7.25/slf4j-api-1.7.25.jar:/home/user/.m2/repository/org/slf4j/jul-to-slf4j/1.7.25/jul-to-slf4j-1.7.25.jar:/home/user/.m2/repository/org/eclipse/jetty/jetty-util/9.3.25.v20180904/jetty-util-9.3.25.v20180904.jar:/home/user/.m2/repository/com/fasterxml/jackson/core/jackson-databind/2.9.9/jackson-databind-2.9.9.jar:/home/user/.m2/repository/org/apache/hadoop/hadoop-kms/3.2.0/hadoop-kms-3.2.0-tests.jar:/home/user/.m2/repository/org/apache/hadoop/hadoop-hdds-server-scm/0.5.0-SNAPSHOT/hadoop-hdds-server-scm-0.5.0-SNAPSHOT-tests.jar:/home/user/.m2/repository/org/apache/hadoop/hadoop-hdds-container-service/0.5.0-SNAPSHOT/hadoop-hdds-container-service-0.5.0-SNAPSHOT-tests.jar:/home/user/.m2/repository/org/yaml/snakeyaml/1.16/snakeyaml-1.16.jar:/home/user/.m2/repository/org/apache/hadoop/hadoop-common/3.2.0/hadoop-common-3.2.0-tests.jar:/home/user/.m2/repository/org/apache/hadoop/hadoop-annotations/3.2.0/hadoop-annotations-3.2.0.jar:/usr/lib/jvm/java-1.8-openjdk/jre/../lib/tools.jar:/home/user/.m2/repository/commons-cli/commons-cli/1.2/commons-cli-1.2.jar:/home/user/.m2/repository/org/apache/httpcomponents/httpclient/4.5.2/httpclient-4.5.2.jar:/home/user/.m2/repository/org/apache/httpcomponents/httpcore/4.4.4/httpcore-4.4.4.jar:/home/user/.m2/repository/commons-codec/commons-codec/1.11/commons-codec-1.11.jar:/home/user/.m2/repository/commons-net/commons-net/3.6/commons-net-3.6.jar:/home/user/.m2/repository/commons-collections/commons-collections/3.2.2/commons-collections-3.2.2.jar:/home/user/.m2/repository/org/eclipse/jetty/jetty-servlet/9.3.25.v20180904/jetty-servlet-9.3.25.v20180904.jar:/home/user/.m2/repository/org/eclipse/jetty/jetty-security/9.3.25.v20180904/jetty-security-9.3.25.v20180904.jar:/home/user/.m2/repository/javax/servlet/jsp/jsp-api/2.1/jsp-api-2.1.jar:/home/user/.m2/repository/com/sun/jersey/jersey-servlet/1.19/jersey-servlet-1.19.jar:/home/user/.m2/repository/com/sun/jersey/jersey-json/1.19/jersey-json-1.19.jar:/home/user/.m2/repository/org/codehaus/jettison/jettison/1.1/jettison-1.1.jar:/home/user/.m2/repository/org/codehaus/jackson/jackson-core-asl/1.9.13/jackson-core-asl-1.9.13.jar:/home/user/.m2/repository/org/codehaus/jackson/jackson-mapper-asl/1.9.13/jackson-mapper-asl-1.9.13.jar:/home/user/.m2/repository/org/codehaus/jackson/jackson-jaxrs/1.9.13/jackson-jaxrs-1.9.13.jar:/home/user/.m2/repository/org/codehaus/jackson/jackson-xc/1.9.13/jackson-xc-1.9.13.jar:/home/user/.m2/repository/commons-logging/commons-logging/1.1.3/commons-logging-1.1.3.jar:/home/user/.m2/repository/commons-beanutils/commons-beanutils/1.9.4/commons-beanutils-1.9.4.jar:/home/user/.m2/repository/org/apache/commons/commons-configuration2/2.1.1/commons-configuration2-2.1.1.jar:/home/user/.m2/repository/org/apache/commons/commons-lang3/3.7/commons-lang3-3.7.jar:/home/user/.m2/repository/org/apache/commons/commons-text/1.4/commons-text-1.4.jar:/home/user/.m2/repository/org/apache/avro/avro/1.7.7/avro-1.7.7.jar:/home/user/.m2/repository/com/thoughtworks/paranamer/paranamer/2.3/paranamer-2.3.jar:/home/user/.m2/repository/org/xerial/snappy/snappy-java/1.0.5/snappy-java-1.0.5.jar:/home/user/.m2/repository/com/google/re2j/re2j/1.1/re2j-1.1.jar:/home/user/.m2/repository/com/google/code/gson/gson/2.2.4/gson-2.2.4.jar:/home/user/.m2/repository/com/jcraft/jsch/0.1.54/jsch-0.1.54.jar:/home/user/.m2/repository/org/apache/curator/curator-client/2.12.0/curator-client-2.12.0.jar:/home/user/.m2/repository/org/apache/curator/curator-recipes/2.12.0/curator-recipes-2.12.0.jar:/home/user/.m2/repository/com/google/code/findbugs/jsr305/3.0.0/jsr305-3.0.0.jar:/home/user/.m2/repository/org/apache/htrace/htrace-core4/4.1.0-incubating/htrace-core4-4.1.0-incubating.jar:/home/user/.m2/repository/org/apache/zookeeper/zookeeper/3.4.13/zookeeper-3.4.13.jar:/home/user/.m2/repository/jline/jline/0.9.94/jline-0.9.94.jar:/home/user/.m2/repository/org/apache/yetus/audience-annotations/0.5.0/audience-annotations-0.5.0.jar:/home/user/.m2/repository/org/codehaus/woodstox/stax2-api/3.1.4/stax2-api-3.1.4.jar:/home/user/.m2/repository/com/fasterxml/woodstox/woodstox-core/5.0.3/woodstox-core-5.0.3.jar:/home/user/.m2/repository/dnsjava/dnsjava/2.1.7/dnsjava-2.1.7.jar:/home/user/.m2/repository/org/apache/hadoop/hadoop-hdfs/3.2.0/hadoop-hdfs-3.2.0-tests.jar:/home/user/.m2/repository/org/eclipse/jetty/jetty-util-ajax/9.3.25.v20180904/jetty-util-ajax-9.3.25.v20180904.jar:/home/user/.m2/repository/commons-daemon/commons-daemon/1.0.13/commons-daemon-1.0.13.jar:/home/user/.m2/repository/io/netty/netty/3.10.5.Final/netty-3.10.5.Final.jar:/home/user/.m2/repository/io/netty/netty-all/4.0.52.Final/netty-all-4.0.52.Final.jar:/home/user/.m2/repository/org/fusesource/leveldbjni/leveldbjni-all/1.8/leveldbjni-all-1.8.jar:"/>
    <property name="java.vm.vendor" value="IcedTea"/>
    <property name="sun.arch.data.model" value="64"/>
    <property name="test.build.dir" value="/workdir/hadoop-ozone/integration-test/target/test-dir"/>
    <property name="test.cache.data" value=""/>
    <property name="java.vendor.url" value="https://icedtea.classpath.org"/>
    <property name="user.timezone" value=""/>
    <property name="java.vm.specification.version" value="1.8"/>
    <property name="os.name" value="Linux"/>
    <property name="test.build.data" value="/workdir/hadoop-ozone/integration-test/target/test-dir"/>
    <property name="user.country" value="US"/>
    <property name="sun.java.launcher" value="SUN_STANDARD"/>
    <property name="sun.boot.library.path" value="/usr/lib/jvm/java-1.8-openjdk/jre/lib/amd64"/>
    <property name="sun.java.command" value="/workdir/hadoop-ozone/integration-test/target/surefire/surefirebooter4660993662117928051.jar /workdir/hadoop-ozone/integration-test/target/surefire 2019-10-01T23-11-30_719-jvmRun1 surefire847013771825237573tmp surefire_612426757502274683830tmp"/>
    <property name="test" value="!TestMiniChaosOzoneCluster"/>
    <property name="surefire.test.class.path" value="/workdir/hadoop-ozone/integration-test/target/test-classes:/workdir/hadoop-ozone/integration-test/target/classes:/home/user/.m2/repository/org/apache/hadoop/hadoop-ozone-common/0.5.0-SNAPSHOT/hadoop-ozone-common-0.5.0-SNAPSHOT.jar:/home/user/.m2/repository/org/apache/commons/commons-compress/1.4.1/commons-compress-1.4.1.jar:/home/user/.m2/repository/org/tukaani/xz/1.0/xz-1.0.jar:/home/user/.m2/repository/org/apache/hadoop/hadoop-common/3.2.0/hadoop-common-3.2.0.jar:/home/user/.m2/repository/org/apache/hadoop/hadoop-hdfs/3.2.0/hadoop-hdfs-3.2.0.jar:/home/user/.m2/repository/org/apache/hadoop/hadoop-hdfs-client/3.2.0/hadoop-hdfs-client-3.2.0.jar:/home/user/.m2/repository/com/fasterxml/jackson/core/jackson-annotations/2.9.9/jackson-annotations-2.9.9.jar:/home/user/.m2/repository/org/apache/hadoop/hadoop-hdds-common/0.5.0-SNAPSHOT/hadoop-hdds-common-0.5.0-SNAPSHOT.jar:/home/user/.m2/repository/javax/annotation/javax.annotation-api/1.2/javax.annotation-api-1.2.jar:/home/user/.m2/repository/org/apache/ratis/ratis-server/0.5.0-201fc85-SNAPSHOT/ratis-server-0.5.0-201fc85-SNAPSHOT.jar:/home/user/.m2/repository/org/apache/ratis/ratis-thirdparty-misc/0.2.0/ratis-thirdparty-misc-0.2.0.jar:/home/user/.m2/repository/org/apache/ratis/ratis-proto/0.5.0-201fc85-SNAPSHOT/ratis-proto-0.5.0-201fc85-SNAPSHOT.jar:/home/user/.m2/repository/org/apache/ratis/ratis-common/0.5.0-201fc85-SNAPSHOT/ratis-common-0.5.0-201fc85-SNAPSHOT.jar:/home/user/.m2/repository/org/apache/ratis/ratis-client/0.5.0-201fc85-SNAPSHOT/ratis-client-0.5.0-201fc85-SNAPSHOT.jar:/home/user/.m2/repository/org/apache/ratis/ratis-metrics/0.5.0-201fc85-SNAPSHOT/ratis-metrics-0.5.0-201fc85-SNAPSHOT.jar:/home/user/.m2/repository/com/github/joshelser/dropwizard-metrics-hadoop-metrics2-reporter/0.1.2/dropwizard-metrics-hadoop-metrics2-reporter-0.1.2.jar:/home/user/.m2/repository/io/dropwizard/metrics/metrics-jvm/3.2.5/metrics-jvm-3.2.5.jar:/home/user/.m2/repository/io/dropwizard/metrics/metrics-ganglia/3.2.5/metrics-ganglia-3.2.5.jar:/home/user/.m2/repository/info/ganglia/gmetric4j/gmetric4j/1.0.7/gmetric4j-1.0.7.jar:/home/user/.m2/repository/org/apache/ratis/ratis-netty/0.5.0-201fc85-SNAPSHOT/ratis-netty-0.5.0-201fc85-SNAPSHOT.jar:/home/user/.m2/repository/org/apache/ratis/ratis-grpc/0.5.0-201fc85-SNAPSHOT/ratis-grpc-0.5.0-201fc85-SNAPSHOT.jar:/home/user/.m2/repository/org/rocksdb/rocksdbjni/6.0.1/rocksdbjni-6.0.1.jar:/home/user/.m2/repository/org/apache/logging/log4j/log4j-api/2.11.0/log4j-api-2.11.0.jar:/home/user/.m2/repository/org/apache/logging/log4j/log4j-core/2.11.0/log4j-core-2.11.0.jar:/home/user/.m2/repository/com/lmax/disruptor/3.4.2/disruptor-3.4.2.jar:/home/user/.m2/repository/org/apache/commons/commons-pool2/2.6.0/commons-pool2-2.6.0.jar:/home/user/.m2/repository/org/bouncycastle/bcpkix-jdk15on/1.60/bcpkix-jdk15on-1.60.jar:/home/user/.m2/repository/commons-validator/commons-validator/1.6/commons-validator-1.6.jar:/home/user/.m2/repository/commons-digester/commons-digester/1.8.1/commons-digester-1.8.1.jar:/home/user/.m2/repository/io/jaegertracing/jaeger-client/0.34.0/jaeger-client-0.34.0.jar:/home/user/.m2/repository/io/jaegertracing/jaeger-thrift/0.34.0/jaeger-thrift-0.34.0.jar:/home/user/.m2/repository/org/apache/thrift/libthrift/0.12.0/libthrift-0.12.0.jar:/home/user/.m2/repository/com/squareup/okhttp3/okhttp/3.9.0/okhttp-3.9.0.jar:/home/user/.m2/repository/com/squareup/okio/okio/1.13.0/okio-1.13.0.jar:/home/user/.m2/repository/io/jaegertracing/jaeger-core/0.34.0/jaeger-core-0.34.0.jar:/home/user/.m2/repository/io/jaegertracing/jaeger-tracerresolver/0.34.0/jaeger-tracerresolver-0.34.0.jar:/home/user/.m2/repository/io/opentracing/contrib/opentracing-tracerresolver/0.1.5/opentracing-tracerresolver-0.1.5.jar:/home/user/.m2/repository/io/opentracing/opentracing-util/0.31.0/opentracing-util-0.31.0.jar:/home/user/.m2/repository/io/opentracing/opentracing-api/0.31.0/opentracing-api-0.31.0.jar:/home/user/.m2/repository/io/opentracing/opentracing-noop/0.31.0/opentracing-noop-0.31.0.jar:/home/user/.m2/repository/org/apache/hadoop/hadoop-hdds-server-framework/0.5.0-SNAPSHOT/hadoop-hdds-server-framework-0.5.0-SNAPSHOT.jar:/home/user/.m2/repository/org/apache/hadoop/hadoop-hdds-container-service/0.5.0-SNAPSHOT/hadoop-hdds-container-service-0.5.0-SNAPSHOT.jar:/home/user/.m2/repository/org/apache/hadoop/hadoop-hdds-client/0.5.0-SNAPSHOT/hadoop-hdds-client-0.5.0-SNAPSHOT.jar:/home/user/.m2/repository/org/apache/hadoop/hadoop-hdds-tools/0.5.0-SNAPSHOT/hadoop-hdds-tools-0.5.0-SNAPSHOT.jar:/home/user/.m2/repository/org/apache/hadoop/hadoop-hdds-server-scm/0.5.0-SNAPSHOT/hadoop-hdds-server-scm-0.5.0-SNAPSHOT.jar:/home/user/.m2/repository/org/apache/hadoop/hadoop-hdds-docs/0.5.0-SNAPSHOT/hadoop-hdds-docs-0.5.0-SNAPSHOT.jar:/home/user/.m2/repository/io/dropwizard/metrics/metrics-core/3.2.4/metrics-core-3.2.4.jar:/home/user/.m2/repository/org/hamcrest/hamcrest-all/1.3/hamcrest-all-1.3.jar:/home/user/.m2/repository/org/bouncycastle/bcprov-jdk15on/1.60/bcprov-jdk15on-1.60.jar:/home/user/.m2/repository/info/picocli/picocli/3.9.6/picocli-3.9.6.jar:/home/user/.m2/repository/com/google/protobuf/protobuf-java/2.5.0/protobuf-java-2.5.0.jar:/home/user/.m2/repository/com/google/guava/guava/11.0.2/guava-11.0.2.jar:/home/user/.m2/repository/org/apache/hadoop/hadoop-ozone-ozone-manager/0.5.0-SNAPSHOT/hadoop-ozone-ozone-manager-0.5.0-SNAPSHOT.jar:/home/user/.m2/repository/org/apache/hadoop/hadoop-minikdc/3.2.0/hadoop-minikdc-3.2.0.jar:/home/user/.m2/repository/commons-io/commons-io/2.5/commons-io-2.5.jar:/home/user/.m2/repository/org/apache/kerby/kerb-simplekdc/1.0.1/kerb-simplekdc-1.0.1.jar:/home/user/.m2/repository/org/apache/kerby/kerb-client/1.0.1/kerb-client-1.0.1.jar:/home/user/.m2/repository/org/apache/kerby/kerby-config/1.0.1/kerby-config-1.0.1.jar:/home/user/.m2/repository/org/apache/kerby/kerb-core/1.0.1/kerb-core-1.0.1.jar:/home/user/.m2/repository/org/apache/kerby/kerby-pkix/1.0.1/kerby-pkix-1.0.1.jar:/home/user/.m2/repository/org/apache/kerby/kerby-asn1/1.0.1/kerby-asn1-1.0.1.jar:/home/user/.m2/repository/org/apache/kerby/kerby-util/1.0.1/kerby-util-1.0.1.jar:/home/user/.m2/repository/org/apache/kerby/kerb-common/1.0.1/kerb-common-1.0.1.jar:/home/user/.m2/repository/org/apache/kerby/kerb-crypto/1.0.1/kerb-crypto-1.0.1.jar:/home/user/.m2/repository/org/apache/kerby/kerb-util/1.0.1/kerb-util-1.0.1.jar:/home/user/.m2/repository/org/apache/kerby/token-provider/1.0.1/token-provider-1.0.1.jar:/home/user/.m2/repository/org/apache/kerby/kerb-admin/1.0.1/kerb-admin-1.0.1.jar:/home/user/.m2/repository/org/apache/kerby/kerb-server/1.0.1/kerb-server-1.0.1.jar:/home/user/.m2/repository/org/apache/kerby/kerb-identity/1.0.1/kerb-identity-1.0.1.jar:/home/user/.m2/repository/org/apache/kerby/kerby-xdr/1.0.1/kerby-xdr-1.0.1.jar:/home/user/.m2/repository/org/slf4j/slf4j-log4j12/1.7.25/slf4j-log4j12-1.7.25.jar:/home/user/.m2/repository/org/apache/hadoop/hadoop-ozone-s3gateway/0.5.0-SNAPSHOT/hadoop-ozone-s3gateway-0.5.0-SNAPSHOT.jar:/home/user/.m2/repository/org/jboss/weld/servlet/weld-servlet/2.4.7.Final/weld-servlet-2.4.7.Final.jar:/home/user/.m2/repository/org/glassfish/jersey/containers/jersey-container-servlet-core/2.27/jersey-container-servlet-core-2.27.jar:/home/user/.m2/repository/org/glassfish/hk2/external/javax.inject/2.5.0-b42/javax.inject-2.5.0-b42.jar:/home/user/.m2/repository/org/glassfish/jersey/core/jersey-common/2.27/jersey-common-2.27.jar:/home/user/.m2/repository/org/glassfish/hk2/osgi-resource-locator/1.0.1/osgi-resource-locator-1.0.1.jar:/home/user/.m2/repository/javax/ws/rs/javax.ws.rs-api/2.1/javax.ws.rs-api-2.1.jar:/home/user/.m2/repository/org/glassfish/jersey/ext/cdi/jersey-cdi1x/2.27/jersey-cdi1x-2.27.jar:/home/user/.m2/repository/org/glassfish/jersey/inject/jersey-hk2/2.27/jersey-hk2-2.27.jar:/home/user/.m2/repository/org/glassfish/hk2/hk2-locator/2.5.0-b42/hk2-locator-2.5.0-b42.jar:/home/user/.m2/repository/org/javassist/javassist/3.22.0-CR2/javassist-3.22.0-CR2.jar:/home/user/.m2/repository/org/glassfish/hk2/hk2-api/2.5.0/hk2-api-2.5.0.jar:/home/user/.m2/repository/org/glassfish/hk2/external/jakarta.inject/2.5.0/jakarta.inject-2.5.0.jar:/home/user/.m2/repository/org/glassfish/hk2/hk2-utils/2.5.0/hk2-utils-2.5.0.jar:/home/user/.m2/repository/jakarta/annotation/jakarta.annotation-api/1.3.4/jakarta.annotation-api-1.3.4.jar:/home/user/.m2/repository/org/glassfish/hk2/external/aopalliance-repackaged/2.5.0/aopalliance-repackaged-2.5.0.jar:/home/user/.m2/repository/com/fasterxml/jackson/dataformat/jackson-dataformat-xml/2.9.0/jackson-dataformat-xml-2.9.0.jar:/home/user/.m2/repository/com/fasterxml/jackson/core/jackson-core/2.9.9/jackson-core-2.9.9.jar:/home/user/.m2/repository/com/fasterxml/jackson/module/jackson-module-jaxb-annotations/2.9.9/jackson-module-jaxb-annotations-2.9.9.jar:/home/user/.m2/repository/javax/enterprise/cdi-api/1.2/cdi-api-1.2.jar:/home/user/.m2/repository/javax/el/javax.el-api/3.0.0/javax.el-api-3.0.0.jar:/home/user/.m2/repository/javax/interceptor/javax.interceptor-api/1.2/javax.interceptor-api-1.2.jar:/home/user/.m2/repository/javax/inject/javax.inject/1/javax.inject-1.jar:/home/user/.m2/repository/com/sun/xml/bind/jaxb-impl/2.3.0.1/jaxb-impl-2.3.0.1.jar:/home/user/.m2/repository/com/sun/xml/bind/jaxb-core/2.3.0.1/jaxb-core-2.3.0.1.jar:/home/user/.m2/repository/javax/xml/bind/jaxb-api/2.3.0/jaxb-api-2.3.0.jar:/home/user/.m2/repository/javax/activation/activation/1.1.1/activation-1.1.1.jar:/home/user/.m2/repository/org/apache/hadoop/hadoop-ozone-csi/0.5.0-SNAPSHOT/hadoop-ozone-csi-0.5.0-SNAPSHOT.jar:/home/user/.m2/repository/com/google/protobuf/protobuf-java-util/3.5.1/protobuf-java-util-3.5.1.jar:/home/user/.m2/repository/org/apache/hadoop/hadoop-hdds-config/0.5.0-SNAPSHOT/hadoop-hdds-config-0.5.0-SNAPSHOT.jar:/home/user/.m2/repository/io/grpc/grpc-netty/1.17.1/grpc-netty-1.17.1.jar:/home/user/.m2/repository/io/grpc/grpc-core/1.17.1/grpc-core-1.17.1.jar:/home/user/.m2/repository/io/grpc/grpc-context/1.17.1/grpc-context-1.17.1.jar:/home/user/.m2/repository/com/google/errorprone/error_prone_annotations/2.2.0/error_prone_annotations-2.2.0.jar:/home/user/.m2/repository/org/codehaus/mojo/animal-sniffer-annotations/1.17/animal-sniffer-annotations-1.17.jar:/home/user/.m2/repository/io/opencensus/opencensus-api/0.17.0/opencensus-api-0.17.0.jar:/home/user/.m2/repository/io/opencensus/opencensus-contrib-grpc-metrics/0.17.0/opencensus-contrib-grpc-metrics-0.17.0.jar:/home/user/.m2/repository/io/netty/netty-codec-http2/4.1.30.Final/netty-codec-http2-4.1.30.Final.jar:/home/user/.m2/repository/io/netty/netty-codec-http/4.1.30.Final/netty-codec-http-4.1.30.Final.jar:/home/user/.m2/repository/io/netty/netty-codec/4.1.30.Final/netty-codec-4.1.30.Final.jar:/home/user/.m2/repository/io/netty/netty-handler/4.1.30.Final/netty-handler-4.1.30.Final.jar:/home/user/.m2/repository/io/netty/netty-handler-proxy/4.1.30.Final/netty-handler-proxy-4.1.30.Final.jar:/home/user/.m2/repository/io/netty/netty-codec-socks/4.1.30.Final/netty-codec-socks-4.1.30.Final.jar:/home/user/.m2/repository/io/netty/netty-transport-native-epoll/4.1.30.Final/netty-transport-native-epoll-4.1.30.Final.jar:/home/user/.m2/repository/io/netty/netty-common/4.1.30.Final/netty-common-4.1.30.Final.jar:/home/user/.m2/repository/io/netty/netty-buffer/4.1.30.Final/netty-buffer-4.1.30.Final.jar:/home/user/.m2/repository/io/netty/netty-transport/4.1.30.Final/netty-transport-4.1.30.Final.jar:/home/user/.m2/repository/io/netty/netty-resolver/4.1.30.Final/netty-resolver-4.1.30.Final.jar:/home/user/.m2/repository/io/netty/netty-transport-native-unix-common/4.1.30.Final/netty-transport-native-unix-common-4.1.30.Final.jar:/home/user/.m2/repository/io/grpc/grpc-protobuf/1.17.1/grpc-protobuf-1.17.1.jar:/home/user/.m2/repository/com/google/api/grpc/proto-google-common-protos/1.0.0/proto-google-common-protos-1.0.0.jar:/home/user/.m2/repository/io/grpc/grpc-protobuf-lite/1.17.1/grpc-protobuf-lite-1.17.1.jar:/home/user/.m2/repository/io/grpc/grpc-stub/1.17.1/grpc-stub-1.17.1.jar:/home/user/.m2/repository/org/apache/hadoop/hadoop-ozone-recon/0.5.0-SNAPSHOT/hadoop-ozone-recon-0.5.0-SNAPSHOT.jar:/home/user/.m2/repository/org/apache/hadoop/hadoop-ozone-reconcodegen/0.5.0-SNAPSHOT/hadoop-ozone-reconcodegen-0.5.0-SNAPSHOT.jar:/home/user/.m2/repository/com/google/inject/extensions/guice-multibindings/4.0/guice-multibindings-4.0.jar:/home/user/.m2/repository/com/google/inject/guice/4.0/guice-4.0.jar:/home/user/.m2/repository/aopalliance/aopalliance/1.0/aopalliance-1.0.jar:/home/user/.m2/repository/com/google/inject/extensions/guice-servlet/4.0/guice-servlet-4.0.jar:/home/user/.m2/repository/org/glassfish/jersey/containers/jersey-container-servlet/2.27/jersey-container-servlet-2.27.jar:/home/user/.m2/repository/org/glassfish/hk2/guice-bridge/2.5.0/guice-bridge-2.5.0.jar:/home/user/.m2/repository/org/glassfish/jersey/core/jersey-server/2.27/jersey-server-2.27.jar:/home/user/.m2/repository/org/glassfish/jersey/core/jersey-client/2.27/jersey-client-2.27.jar:/home/user/.m2/repository/org/glassfish/jersey/media/jersey-media-jaxb/2.27/jersey-media-jaxb-2.27.jar:/home/user/.m2/repository/javax/validation/validation-api/1.1.0.Final/validation-api-1.1.0.Final.jar:/home/user/.m2/repository/org/glassfish/jersey/media/jersey-media-json-jackson/2.27/jersey-media-json-jackson-2.27.jar:/home/user/.m2/repository/org/glassfish/jersey/ext/jersey-entity-filtering/2.27/jersey-entity-filtering-2.27.jar:/home/user/.m2/repository/com/google/inject/extensions/guice-assistedinject/4.0/guice-assistedinject-4.0.jar:/home/user/.m2/repository/org/jooq/jooq/3.11.10/jooq-3.11.10.jar:/home/user/.m2/repository/org/jooq/jooq-meta/3.11.10/jooq-meta-3.11.10.jar:/home/user/.m2/repository/org/jooq/jooq-codegen/3.11.10/jooq-codegen-3.11.10.jar:/home/user/.m2/repository/com/jolbox/bonecp/0.8.0.RELEASE/bonecp-0.8.0.RELEASE.jar:/home/user/.m2/repository/org/xerial/sqlite-jdbc/3.25.2/sqlite-jdbc-3.25.2.jar:/home/user/.m2/repository/org/springframework/spring-jdbc/5.1.3.RELEASE/spring-jdbc-5.1.3.RELEASE.jar:/home/user/.m2/repository/org/springframework/spring-beans/5.1.3.RELEASE/spring-beans-5.1.3.RELEASE.jar:/home/user/.m2/repository/org/springframework/spring-core/5.1.3.RELEASE/spring-core-5.1.3.RELEASE.jar:/home/user/.m2/repository/org/springframework/spring-jcl/5.1.3.RELEASE/spring-jcl-5.1.3.RELEASE.jar:/home/user/.m2/repository/org/springframework/spring-tx/5.1.3.RELEASE/spring-tx-5.1.3.RELEASE.jar:/home/user/.m2/repository/org/apache/hadoop/hadoop-ozone-client/0.5.0-SNAPSHOT/hadoop-ozone-client-0.5.0-SNAPSHOT.jar:/home/user/.m2/repository/commons-lang/commons-lang/2.6/commons-lang-2.6.jar:/home/user/.m2/repository/org/apache/hadoop/hadoop-ozone-ozone-manager/0.5.0-SNAPSHOT/hadoop-ozone-ozone-manager-0.5.0-SNAPSHOT-tests.jar:/home/user/.m2/repository/junit/junit/4.11/junit-4.11.jar:/home/user/.m2/repository/org/hamcrest/hamcrest-core/1.3/hamcrest-core-1.3.jar:/home/user/.m2/repository/org/openjdk/jmh/jmh-core/1.19/jmh-core-1.19.jar:/home/user/.m2/repository/net/sf/jopt-simple/jopt-simple/4.6/jopt-simple-4.6.jar:/home/user/.m2/repository/org/apache/commons/commons-math3/3.1.1/commons-math3-3.1.1.jar:/home/user/.m2/repository/org/openjdk/jmh/jmh-generator-annprocess/1.19/jmh-generator-annprocess-1.19.jar:/home/user/.m2/repository/org/mockito/mockito-all/1.8.5/mockito-all-1.8.5.jar:/home/user/.m2/repository/org/apache/hadoop/hadoop-kms/3.2.0/hadoop-kms-3.2.0.jar:/home/user/.m2/repository/org/apache/hadoop/hadoop-auth/3.2.0/hadoop-auth-3.2.0.jar:/home/user/.m2/repository/com/nimbusds/nimbus-jose-jwt/4.41.1/nimbus-jose-jwt-4.41.1.jar:/home/user/.m2/repository/com/github/stephenc/jcip/jcip-annotations/1.0-1/jcip-annotations-1.0-1.jar:/home/user/.m2/repository/net/minidev/json-smart/2.3/json-smart-2.3.jar:/home/user/.m2/repository/net/minidev/accessors-smart/1.2/accessors-smart-1.2.jar:/home/user/.m2/repository/org/ow2/asm/asm/5.0.4/asm-5.0.4.jar:/home/user/.m2/repository/org/apache/curator/curator-framework/2.12.0/curator-framework-2.12.0.jar:/home/user/.m2/repository/com/sun/jersey/jersey-core/1.19/jersey-core-1.19.jar:/home/user/.m2/repository/javax/ws/rs/jsr311-api/1.1.1/jsr311-api-1.1.1.jar:/home/user/.m2/repository/com/sun/jersey/jersey-server/1.19/jersey-server-1.19.jar:/home/user/.m2/repository/javax/servlet/javax.servlet-api/3.1.0/javax.servlet-api-3.1.0.jar:/home/user/.m2/repository/org/eclipse/jetty/jetty-server/9.3.25.v20180904/jetty-server-9.3.25.v20180904.jar:/home/user/.m2/repository/org/eclipse/jetty/jetty-http/9.3.25.v20180904/jetty-http-9.3.25.v20180904.jar:/home/user/.m2/repository/org/eclipse/jetty/jetty-io/9.3.25.v20180904/jetty-io-9.3.25.v20180904.jar:/home/user/.m2/repository/org/eclipse/jetty/jetty-webapp/9.3.25.v20180904/jetty-webapp-9.3.25.v20180904.jar:/home/user/.m2/repository/org/eclipse/jetty/jetty-xml/9.3.25.v20180904/jetty-xml-9.3.25.v20180904.jar:/home/user/.m2/repository/log4j/log4j/1.2.17/log4j-1.2.17.jar:/home/user/.m2/repository/org/slf4j/slf4j-api/1.7.25/slf4j-api-1.7.25.jar:/home/user/.m2/repository/org/slf4j/jul-to-slf4j/1.7.25/jul-to-slf4j-1.7.25.jar:/home/user/.m2/repository/org/eclipse/jetty/jetty-util/9.3.25.v20180904/jetty-util-9.3.25.v20180904.jar:/home/user/.m2/repository/com/fasterxml/jackson/core/jackson-databind/2.9.9/jackson-databind-2.9.9.jar:/home/user/.m2/repository/org/apache/hadoop/hadoop-kms/3.2.0/hadoop-kms-3.2.0-tests.jar:/home/user/.m2/repository/org/apache/hadoop/hadoop-hdds-server-scm/0.5.0-SNAPSHOT/hadoop-hdds-server-scm-0.5.0-SNAPSHOT-tests.jar:/home/user/.m2/repository/org/apache/hadoop/hadoop-hdds-container-service/0.5.0-SNAPSHOT/hadoop-hdds-container-service-0.5.0-SNAPSHOT-tests.jar:/home/user/.m2/repository/org/yaml/snakeyaml/1.16/snakeyaml-1.16.jar:/home/user/.m2/repository/org/apache/hadoop/hadoop-common/3.2.0/hadoop-common-3.2.0-tests.jar:/home/user/.m2/repository/org/apache/hadoop/hadoop-annotations/3.2.0/hadoop-annotations-3.2.0.jar:/usr/lib/jvm/java-1.8-openjdk/jre/../lib/tools.jar:/home/user/.m2/repository/commons-cli/commons-cli/1.2/commons-cli-1.2.jar:/home/user/.m2/repository/org/apache/httpcomponents/httpclient/4.5.2/httpclient-4.5.2.jar:/home/user/.m2/repository/org/apache/httpcomponents/httpcore/4.4.4/httpcore-4.4.4.jar:/home/user/.m2/repository/commons-codec/commons-codec/1.11/commons-codec-1.11.jar:/home/user/.m2/repository/commons-net/commons-net/3.6/commons-net-3.6.jar:/home/user/.m2/repository/commons-collections/commons-collections/3.2.2/commons-collections-3.2.2.jar:/home/user/.m2/repository/org/eclipse/jetty/jetty-servlet/9.3.25.v20180904/jetty-servlet-9.3.25.v20180904.jar:/home/user/.m2/repository/org/eclipse/jetty/jetty-security/9.3.25.v20180904/jetty-security-9.3.25.v20180904.jar:/home/user/.m2/repository/javax/servlet/jsp/jsp-api/2.1/jsp-api-2.1.jar:/home/user/.m2/repository/com/sun/jersey/jersey-servlet/1.19/jersey-servlet-1.19.jar:/home/user/.m2/repository/com/sun/jersey/jersey-json/1.19/jersey-json-1.19.jar:/home/user/.m2/repository/org/codehaus/jettison/jettison/1.1/jettison-1.1.jar:/home/user/.m2/repository/org/codehaus/jackson/jackson-core-asl/1.9.13/jackson-core-asl-1.9.13.jar:/home/user/.m2/repository/org/codehaus/jackson/jackson-mapper-asl/1.9.13/jackson-mapper-asl-1.9.13.jar:/home/user/.m2/repository/org/codehaus/jackson/jackson-jaxrs/1.9.13/jackson-jaxrs-1.9.13.jar:/home/user/.m2/repository/org/codehaus/jackson/jackson-xc/1.9.13/jackson-xc-1.9.13.jar:/home/user/.m2/repository/commons-logging/commons-logging/1.1.3/commons-logging-1.1.3.jar:/home/user/.m2/repository/commons-beanutils/commons-beanutils/1.9.4/commons-beanutils-1.9.4.jar:/home/user/.m2/repository/org/apache/commons/commons-configuration2/2.1.1/commons-configuration2-2.1.1.jar:/home/user/.m2/repository/org/apache/commons/commons-lang3/3.7/commons-lang3-3.7.jar:/home/user/.m2/repository/org/apache/commons/commons-text/1.4/commons-text-1.4.jar:/home/user/.m2/repository/org/apache/avro/avro/1.7.7/avro-1.7.7.jar:/home/user/.m2/repository/com/thoughtworks/paranamer/paranamer/2.3/paranamer-2.3.jar:/home/user/.m2/repository/org/xerial/snappy/snappy-java/1.0.5/snappy-java-1.0.5.jar:/home/user/.m2/repository/com/google/re2j/re2j/1.1/re2j-1.1.jar:/home/user/.m2/repository/com/google/code/gson/gson/2.2.4/gson-2.2.4.jar:/home/user/.m2/repository/com/jcraft/jsch/0.1.54/jsch-0.1.54.jar:/home/user/.m2/repository/org/apache/curator/curator-client/2.12.0/curator-client-2.12.0.jar:/home/user/.m2/repository/org/apache/curator/curator-recipes/2.12.0/curator-recipes-2.12.0.jar:/home/user/.m2/repository/com/google/code/findbugs/jsr305/3.0.0/jsr305-3.0.0.jar:/home/user/.m2/repository/org/apache/htrace/htrace-core4/4.1.0-incubating/htrace-core4-4.1.0-incubating.jar:/home/user/.m2/repository/org/apache/zookeeper/zookeeper/3.4.13/zookeeper-3.4.13.jar:/home/user/.m2/repository/jline/jline/0.9.94/jline-0.9.94.jar:/home/user/.m2/repository/org/apache/yetus/audience-annotations/0.5.0/audience-annotations-0.5.0.jar:/home/user/.m2/repository/org/codehaus/woodstox/stax2-api/3.1.4/stax2-api-3.1.4.jar:/home/user/.m2/repository/com/fasterxml/woodstox/woodstox-core/5.0.3/woodstox-core-5.0.3.jar:/home/user/.m2/repository/dnsjava/dnsjava/2.1.7/dnsjava-2.1.7.jar:/home/user/.m2/repository/org/apache/hadoop/hadoop-hdfs/3.2.0/hadoop-hdfs-3.2.0-tests.jar:/home/user/.m2/repository/org/eclipse/jetty/jetty-util-ajax/9.3.25.v20180904/jetty-util-ajax-9.3.25.v20180904.jar:/home/user/.m2/repository/commons-daemon/commons-daemon/1.0.13/commons-daemon-1.0.13.jar:/home/user/.m2/repository/io/netty/netty/3.10.5.Final/netty-3.10.5.Final.jar:/home/user/.m2/repository/io/netty/netty-all/4.0.52.Final/netty-all-4.0.52.Final.jar:/home/user/.m2/repository/org/fusesource/leveldbjni/leveldbjni-all/1.8/leveldbjni-all-1.8.jar:"/>
    <property name="sun.cpu.endian" value="little"/>
    <property name="user.home" value="/home/user"/>
    <property name="user.language" value="en"/>
    <property name="java.specification.vendor" value="Oracle Corporation"/>
    <property name="java.home" value="/usr/lib/jvm/java-1.8-openjdk/jre"/>
    <property name="java.security.krb5.conf" value="/workdir/hadoop-ozone/integration-test/target/test-classes/krb5.conf"/>
    <property name="basedir" value="/workdir/hadoop-ozone/integration-test"/>
    <property name="file.separator" value="/"/>
    <property name="line.separator" value="&#10;"/>
    <property name="java.vm.specification.vendor" value="Oracle Corporation"/>
    <property name="java.specification.name" value="Java Platform API Specification"/>
    <property name="java.awt.graphicsenv" value="sun.awt.X11GraphicsEnvironment"/>
    <property name="surefire.real.class.path" value="/workdir/hadoop-ozone/integration-test/target/surefire/surefirebooter4660993662117928051.jar"/>
    <property name="hadoop.log.dir" value="/workdir/hadoop-ozone/integration-test/target/log"/>
    <property name="sun.boot.class.path" value="/usr/lib/jvm/java-1.8-openjdk/jre/lib/resources.jar:/usr/lib/jvm/java-1.8-openjdk/jre/lib/rt.jar:/usr/lib/jvm/java-1.8-openjdk/jre/lib/sunrsasign.jar:/usr/lib/jvm/java-1.8-openjdk/jre/lib/jsse.jar:/usr/lib/jvm/java-1.8-openjdk/jre/lib/jce.jar:/usr/lib/jvm/java-1.8-openjdk/jre/lib/charsets.jar:/usr/lib/jvm/java-1.8-openjdk/jre/lib/jfr.jar:/usr/lib/jvm/java-1.8-openjdk/jre/classes"/>
    <property name="sun.management.compiler" value="HotSpot 64-Bit Tiered Compilers"/>
    <property name="java.runtime.version" value="1.8.0_212-b04"/>
    <property name="java.net.preferIPv4Stack" value="true"/>
    <property name="user.name" value="jenkins1000"/>
    <property name="path.separator" value=":"/>
    <property name="java.security.egd" value="file:///dev/urandom"/>
    <property name="os.version" value="3.10.0-957.12.2.el7.x86_64"/>
    <property name="java.endorsed.dirs" value="/usr/lib/jvm/java-1.8-openjdk/jre/lib/endorsed"/>
    <property name="java.runtime.name" value="OpenJDK Runtime Environment"/>
    <property name="file.encoding" value="UTF-8"/>
    <property name="java.vm.name" value="OpenJDK 64-Bit Server VM"/>
    <property name="test.build.webapps" value=""/>
    <property name="localRepository" value="/home/user/.m2/repository"/>
    <property name="java.vendor.url.bug" value="https://icedtea.classpath.org/bugzilla"/>
    <property name="java.io.tmpdir" value="/tmp"/>
    <property name="require.test.libhadoop" value=""/>
    <property name="java.version" value="1.8.0_212"/>
    <property name="user.dir" value="/workdir/hadoop-ozone/integration-test"/>
    <property name="os.arch" value="amd64"/>
    <property name="java.vm.specification.name" value="Java Virtual Machine Specification"/>
    <property name="test.build.classes" value="/workdir/hadoop-ozone/integration-test/target/test-classes"/>
    <property name="java.awt.printerjob" value="sun.print.PSPrinterJob"/>
    <property name="sun.os.patch.level" value="unknown"/>
    <property name="hadoop.tmp.dir" value="/workdir/hadoop-ozone/integration-test/target/tmp"/>
    <property name="java.library.path" value="/usr/lib/jvm/java-1.8-openjdk/jre/lib/amd64/server:/usr/lib/jvm/java-1.8-openjdk/jre/lib/amd64:/usr/lib/jvm/java-1.8-openjdk/jre/../lib/amd64:/workdir/hadoop-ozone/integration-test/target/native/target/usr/local/lib:/workdir/hadoop-ozone/integration-test/../../hadoop-common-project/hadoop-common/target/native/target/usr/local/lib:/usr/java/packages/lib/amd64:/usr/lib64:/lib64:/lib:/usr/lib"/>
    <property name="java.vm.info" value="mixed mode"/>
    <property name="java.vendor" value="IcedTea"/>
    <property name="java.vm.version" value="25.212-b04"/>
    <property name="java.ext.dirs" value="/usr/lib/jvm/java-1.8-openjdk/jre/lib/ext:/usr/java/packages/lib/ext"/>
    <property name="sun.io.unicode.encoding" value="UnicodeLittle"/>
    <property name="java.class.version" value="52.0"/>
  </properties>
  <testcase name="testWatchForCommitWithKeyWrite" classname="org.apache.hadoop.ozone.client.rpc.TestWatchForCommit" time="60.038"/>
  <testcase name="testWatchForCommitWithSmallerTimeoutValue" classname="org.apache.hadoop.ozone.client.rpc.TestWatchForCommit" time="44.374"/>
  <testcase name="testWatchForCommitForRetryfailure" classname="org.apache.hadoop.ozone.client.rpc.TestWatchForCommit" time="62.934">
    <failure type="java.lang.AssertionError">java.lang.AssertionError
	at org.junit.Assert.fail(Assert.java:86)
	at org.junit.Assert.assertTrue(Assert.java:41)
	at org.junit.Assert.assertTrue(Assert.java:52)
	at org.apache.hadoop.ozone.client.rpc.TestWatchForCommit.testWatchForCommitForRetryfailure(TestWatchForCommit.java:348)
	at sun.reflect.NativeMethodAccessorImpl.invoke0(Native Method)
	at sun.reflect.NativeMethodAccessorImpl.invoke(NativeMethodAccessorImpl.java:62)
	at sun.reflect.DelegatingMethodAccessorImpl.invoke(DelegatingMethodAccessorImpl.java:43)
	at java.lang.reflect.Method.invoke(Method.java:498)
	at org.junit.runners.model.FrameworkMethod$1.runReflectiveCall(FrameworkMethod.java:47)
	at org.junit.internal.runners.model.ReflectiveCallable.run(ReflectiveCallable.java:12)
	at org.junit.runners.model.FrameworkMethod.invokeExplosively(FrameworkMethod.java:44)
	at org.junit.internal.runners.statements.InvokeMethod.evaluate(InvokeMethod.java:17)
	at org.junit.runners.ParentRunner.runLeaf(ParentRunner.java:271)
	at org.junit.runners.BlockJUnit4ClassRunner.runChild(BlockJUnit4ClassRunner.java:70)
	at org.junit.runners.BlockJUnit4ClassRunner.runChild(BlockJUnit4ClassRunner.java:50)
	at org.junit.runners.ParentRunner$3.run(ParentRunner.java:238)
	at org.junit.runners.ParentRunner$1.schedule(ParentRunner.java:63)
	at org.junit.runners.ParentRunner.runChildren(ParentRunner.java:236)
	at org.junit.runners.ParentRunner.access$000(ParentRunner.java:53)
	at org.junit.runners.ParentRunner$2.evaluate(ParentRunner.java:229)
	at org.junit.runners.ParentRunner.run(ParentRunner.java:309)
	at org.apache.maven.surefire.junit4.JUnit4Provider.execute(JUnit4Provider.java:365)
	at org.apache.maven.surefire.junit4.JUnit4Provider.executeWithRerun(JUnit4Provider.java:273)
	at org.apache.maven.surefire.junit4.JUnit4Provider.executeTestSet(JUnit4Provider.java:238)
	at org.apache.maven.surefire.junit4.JUnit4Provider.invoke(JUnit4Provider.java:159)
	at org.apache.maven.surefire.booter.ForkedBooter.invokeProviderInSameClassLoader(ForkedBooter.java:384)
	at org.apache.maven.surefire.booter.ForkedBooter.runSuitesInProcess(ForkedBooter.java:345)
	at org.apache.maven.surefire.booter.ForkedBooter.execute(ForkedBooter.java:126)
	at org.apache.maven.surefire.booter.ForkedBooter.main(ForkedBooter.java:418)
</failure>
    <system-out><![CDATA[2019-10-02 00:22:57,250 [main] WARN  server.ServerUtils (ServerUtils.java:getScmDbDir(145)) - ozone.scm.db.dirs is not configured. We recommend adding this setting. Falling back to ozone.metadata.dirs instead.
2019-10-02 00:22:57,274 [main] WARN  server.ServerUtils (ServerUtils.java:getScmDbDir(145)) - ozone.scm.db.dirs is not configured. We recommend adding this setting. Falling back to ozone.metadata.dirs instead.
2019-10-02 00:22:57,274 [main] WARN  server.ServerUtils (ServerUtils.java:getScmDbDir(145)) - ozone.scm.db.dirs is not configured. We recommend adding this setting. Falling back to ozone.metadata.dirs instead.
2019-10-02 00:22:57,275 [main] INFO  db.DBStoreBuilder (DBStoreBuilder.java:addTable(110)) - using custom profile for table: deletedBlocks
2019-10-02 00:22:57,275 [main] INFO  db.DBStoreBuilder (DBStoreBuilder.java:processTables(161)) - Using default column profile:DBProfile.DISK for Table:deletedBlocks
2019-10-02 00:22:57,275 [main] INFO  db.DBStoreBuilder (DBStoreBuilder.java:addTable(110)) - using custom profile for table: validCerts
2019-10-02 00:22:57,275 [main] INFO  db.DBStoreBuilder (DBStoreBuilder.java:processTables(161)) - Using default column profile:DBProfile.DISK for Table:validCerts
2019-10-02 00:22:57,275 [main] INFO  db.DBStoreBuilder (DBStoreBuilder.java:addTable(110)) - using custom profile for table: revokedCerts
2019-10-02 00:22:57,276 [main] INFO  db.DBStoreBuilder (DBStoreBuilder.java:processTables(161)) - Using default column profile:DBProfile.DISK for Table:revokedCerts
2019-10-02 00:22:57,276 [main] INFO  db.DBStoreBuilder (DBStoreBuilder.java:addTable(110)) - using custom profile for table: default
2019-10-02 00:22:57,276 [main] INFO  db.DBStoreBuilder (DBStoreBuilder.java:processTables(167)) - Using default column profile:DBProfile.DISK for Table:default
2019-10-02 00:22:57,276 [main] INFO  db.DBStoreBuilder (DBStoreBuilder.java:getDbProfile(198)) - Using default options. DBProfile.DISK
2019-10-02 00:22:57,597 [main] INFO  net.NodeSchemaLoader (NodeSchemaLoader.java:loadSchemaFromFile(125)) - Loading file from sun.misc.CompoundEnumeration@2792b416
2019-10-02 00:22:57,597 [main] INFO  net.NodeSchemaLoader (NodeSchemaLoader.java:loadSchema(171)) - Loading network topology layer schema file
2019-10-02 00:22:57,603 [main] WARN  server.ServerUtils (ServerUtils.java:sanitizeUserArgs(70)) - ozone.scm.stale.node.interval value = 300000 is larger than max = 100000 based on the key value of ozone.scm.heartbeat.thread.interval, reset to the max value 100000.
2019-10-02 00:22:57,603 [main] WARN  server.ServerUtils (ServerUtils.java:sanitizeUserArgs(70)) - ozone.scm.stale.node.interval value = 300000 is larger than max = 100000 based on the key value of ozone.scm.heartbeat.thread.interval, reset to the max value 100000.
2019-10-02 00:22:57,603 [main] INFO  node.SCMNodeManager (SCMNodeManager.java:<init>(114)) - Entering startup safe mode.
2019-10-02 00:22:57,604 [main] INFO  algorithms.ContainerPlacementPolicyFactory (ContainerPlacementPolicyFactory.java:getPolicy(57)) - Create container placement policy of type org.apache.hadoop.hdds.scm.container.placement.algorithms.SCMContainerPlacementRandom
2019-10-02 00:22:57,605 [main] WARN  server.ServerUtils (ServerUtils.java:getScmDbDir(145)) - ozone.scm.db.dirs is not configured. We recommend adding this setting. Falling back to ozone.metadata.dirs instead.
2019-10-02 00:22:57,762 [main] INFO  pipeline.SCMPipelineManager (SCMPipelineManager.java:initializePipelineState(132)) - No pipeline exists in current db
2019-10-02 00:22:57,762 [main] WARN  server.ServerUtils (ServerUtils.java:getScmDbDir(145)) - ozone.scm.db.dirs is not configured. We recommend adding this setting. Falling back to ozone.metadata.dirs instead.
2019-10-02 00:22:57,899 [main] WARN  events.EventQueue (EventQueue.java:fireEvent(183)) - No event handler registered for event TypedEvent{payloadType=SafeModeStatus, name='SafeModeStatus'}
2019-10-02 00:22:57,900 [main] INFO  ipc.CallQueueManager (CallQueueManager.java:<init>(84)) - Using callQueue: class java.util.concurrent.LinkedBlockingQueue, queueCapacity: 2000, scheduler: class org.apache.hadoop.ipc.DefaultRpcScheduler, ipcBackoff: false.
2019-10-02 00:22:57,901 [Socket Reader #1 for port 39752] INFO  ipc.Server (Server.java:run(1074)) - Starting Socket Reader #1 for port 39752
2019-10-02 00:22:57,903 [main] INFO  ipc.CallQueueManager (CallQueueManager.java:<init>(84)) - Using callQueue: class java.util.concurrent.LinkedBlockingQueue, queueCapacity: 2000, scheduler: class org.apache.hadoop.ipc.DefaultRpcScheduler, ipcBackoff: false.
2019-10-02 00:22:57,903 [Socket Reader #1 for port 42127] INFO  ipc.Server (Server.java:run(1074)) - Starting Socket Reader #1 for port 42127
2019-10-02 00:22:57,905 [main] INFO  ipc.CallQueueManager (CallQueueManager.java:<init>(84)) - Using callQueue: class java.util.concurrent.LinkedBlockingQueue, queueCapacity: 2000, scheduler: class org.apache.hadoop.ipc.DefaultRpcScheduler, ipcBackoff: false.
2019-10-02 00:22:57,905 [Socket Reader #1 for port 43710] INFO  ipc.Server (Server.java:run(1074)) - Starting Socket Reader #1 for port 43710
2019-10-02 00:22:57,908 [main] INFO  hdfs.DFSUtil (DFSUtil.java:httpServerTemplateForNNAndJN(1641)) - Starting Web-server for scm at: http://0.0.0.0:0
2019-10-02 00:22:57,910 [main] INFO  server.AuthenticationFilter (AuthenticationFilter.java:constructSecretProvider(240)) - Unable to initialize FileSignerSecretProvider, falling back to use random secrets.
2019-10-02 00:22:57,910 [main] WARN  http.HttpRequestLog (HttpRequestLog.java:getRequestLog(97)) - Jetty request log can only be enabled using Log4j
2019-10-02 00:22:57,912 [main] INFO  http.HttpServer2 (HttpServer2.java:addGlobalFilter(975)) - Added global filter 'safety' (class=org.apache.hadoop.http.HttpServer2$QuotingInputFilter)
2019-10-02 00:22:57,912 [main] INFO  http.HttpServer2 (HttpServer2.java:addFilter(948)) - Added filter static_user_filter (class=org.apache.hadoop.http.lib.StaticUserWebFilter$StaticUserFilter) to context scm
2019-10-02 00:22:57,912 [main] INFO  http.HttpServer2 (HttpServer2.java:addFilter(958)) - Added filter static_user_filter (class=org.apache.hadoop.http.lib.StaticUserWebFilter$StaticUserFilter) to context logs
2019-10-02 00:22:57,913 [main] INFO  http.HttpServer2 (HttpServer2.java:addFilter(958)) - Added filter static_user_filter (class=org.apache.hadoop.http.lib.StaticUserWebFilter$StaticUserFilter) to context static
2019-10-02 00:22:57,915 [main] INFO  server.StorageContainerManager (StorageContainerManager.java:start(770)) - StorageContainerLocationProtocol RPC server is listening at /0.0.0.0:43710
2019-10-02 00:22:57,916 [main] WARN  impl.MetricsConfig (MetricsConfig.java:loadFirst(134)) - Cannot locate configuration: tried hadoop-metrics2-storagecontainermanager.properties,hadoop-metrics2.properties
2019-10-02 00:22:57,917 [main] INFO  impl.MetricsSystemImpl (MetricsSystemImpl.java:startTimer(374)) - Scheduled Metric snapshot period at 10 second(s).
2019-10-02 00:22:57,917 [main] INFO  impl.MetricsSystemImpl (MetricsSystemImpl.java:start(191)) - StorageContainerManager metrics system started
2019-10-02 00:22:57,932 [main] INFO  lib.Interns (Interns.java:removeEldestEntry(50)) - Metrics intern cache overflow at 2011 for MetricsSystem={MetricsSystem=MetricsInfoImpl{name=MetricsSystem, description=MetricsSystem}, MetricsSystem record=MetricsInfoImpl{name=MetricsSystem, description=MetricsSystem record}}
2019-10-02 00:22:57,949 [main] WARN  impl.MetricsSystemImpl (MetricsSystemImpl.java:register(276)) - Sink prometheus already exists!
2019-10-02 00:22:57,986 [main] INFO  server.SCMClientProtocolServer (SCMClientProtocolServer.java:start(150)) - RPC server for Client  is listening at /0.0.0.0:43710
2019-10-02 00:22:57,987 [IPC Server Responder] INFO  ipc.Server (Server.java:run(1314)) - IPC Server Responder: starting
2019-10-02 00:22:57,987 [IPC Server listener on 43710] INFO  ipc.Server (Server.java:run(1153)) - IPC Server listener on 43710: starting
2019-10-02 00:22:57,992 [main] INFO  server.StorageContainerManager (StorageContainerManager.java:start(780)) - ScmBlockLocationProtocol RPC server is listening at /0.0.0.0:42127
2019-10-02 00:22:57,992 [main] INFO  server.SCMBlockProtocolServer (SCMBlockProtocolServer.java:start(146)) - RPC server for Block Protocol is listening at /0.0.0.0:42127
2019-10-02 00:22:57,993 [IPC Server Responder] INFO  ipc.Server (Server.java:run(1314)) - IPC Server Responder: starting
2019-10-02 00:22:57,993 [IPC Server listener on 42127] INFO  ipc.Server (Server.java:run(1153)) - IPC Server listener on 42127: starting
2019-10-02 00:22:57,997 [main] INFO  server.StorageContainerManager (StorageContainerManager.java:start(784)) - ScmDatanodeProtocl RPC server is listening at /0.0.0.0:39752
2019-10-02 00:22:57,997 [main] INFO  server.SCMDatanodeProtocolServer (SCMDatanodeProtocolServer.java:start(191)) - RPC server for DataNodes is listening at /0.0.0.0:39752
2019-10-02 00:22:57,997 [IPC Server Responder] INFO  ipc.Server (Server.java:run(1314)) - IPC Server Responder: starting
2019-10-02 00:22:57,998 [IPC Server listener on 39752] INFO  ipc.Server (Server.java:run(1153)) - IPC Server listener on 39752: starting
2019-10-02 00:22:58,002 [main] INFO  http.HttpServer2 (HttpServer2.java:bindListener(1191)) - Jetty bound to port 44763
2019-10-02 00:22:58,003 [main] INFO  server.Server (Server.java:doStart(351)) - jetty-9.3.25.v20180904, build timestamp: 2018-09-04T21:11:46Z, git hash: 3ce520221d0240229c862b122d2b06c12a625732
2019-10-02 00:22:58,005 [main] INFO  handler.ContextHandler (ContextHandler.java:doStart(781)) - Started o.e.j.s.ServletContextHandler@9dada78{/logs,file:///workdir/hadoop-ozone/integration-test/target/log,AVAILABLE}
2019-10-02 00:22:58,006 [main] INFO  handler.ContextHandler (ContextHandler.java:doStart(781)) - Started o.e.j.s.ServletContextHandler@2c829dbc{/static,file:///workdir/hadoop-ozone/integration-test/target/test-classes/webapps/static,AVAILABLE}
2019-10-02 00:22:58,012 [main] INFO  handler.ContextHandler (ContextHandler.java:doStart(781)) - Started o.e.j.w.WebAppContext@32f5ecc4{/,file:///workdir/hadoop-ozone/integration-test/target/test-classes/webapps/scm/,AVAILABLE}{/scm}
2019-10-02 00:22:58,012 [main] INFO  server.AbstractConnector (AbstractConnector.java:doStart(278)) - Started ServerConnector@19bedeb8{HTTP/1.1,[http/1.1]}{0.0.0.0:44763}
2019-10-02 00:22:58,013 [main] INFO  server.Server (Server.java:doStart(419)) - Started @105600ms
2019-10-02 00:22:58,013 [main] WARN  impl.MetricsSystemImpl (MetricsSystemImpl.java:register(276)) - Sink prometheus already exists!
2019-10-02 00:22:58,014 [main] INFO  server.BaseHttpServer (BaseHttpServer.java:updateConnectorAddress(215)) - HTTP server of SCM is listening at http://0.0.0.0:44763
2019-10-02 00:22:58,015 [main] WARN  server.ServerUtils (ServerUtils.java:getDBPath(222)) - ozone.om.db.dirs is not configured. We recommend adding this setting. Falling back to ozone.metadata.dirs instead.
2019-10-02 00:22:58,016 [org.apache.hadoop.util.JvmPauseMonitor$Monitor@63f6bed1] INFO  util.JvmPauseMonitor (JvmPauseMonitor.java:run(188)) - Starting JVM pause monitor
2019-10-02 00:22:58,039 [main] WARN  server.ServerUtils (ServerUtils.java:getDBPath(222)) - ozone.om.db.dirs is not configured. We recommend adding this setting. Falling back to ozone.metadata.dirs instead.
2019-10-02 00:22:58,039 [main] WARN  server.ServerUtils (ServerUtils.java:getDBPath(222)) - ozone.om.db.dirs is not configured. We recommend adding this setting. Falling back to ozone.metadata.dirs instead.
2019-10-02 00:22:58,040 [main] INFO  om.OzoneManager (OzoneManager.java:setOMNodeDetails(652)) - OM Service ID is not set. Setting it to the default ID: omServiceIdDefault
2019-10-02 00:22:58,040 [main] INFO  om.OzoneManager (OzoneManager.java:setOMNodeDetails(658)) - OM Node ID is not set. Setting it to the OmStorage's OmID: d98f20fc-6197-45b9-8663-85aad9b64ddf
2019-10-02 00:22:58,040 [main] INFO  om.OzoneManager (OzoneManager.java:loadOMHAConfigs(609)) - Found matching OM address with OMServiceId: null, OMNodeId: null, RPC Address: localhost:0 and Ratis port: 9872
2019-10-02 00:22:58,048 [main] WARN  server.ServerUtils (ServerUtils.java:getDBPath(222)) - ozone.om.db.dirs is not configured. We recommend adding this setting. Falling back to ozone.metadata.dirs instead.
2019-10-02 00:22:58,049 [main] INFO  db.DBStoreBuilder (DBStoreBuilder.java:addTable(110)) - using custom profile for table: userTable
2019-10-02 00:22:58,049 [main] INFO  db.DBStoreBuilder (DBStoreBuilder.java:processTables(161)) - Using default column profile:DBProfile.DISK for Table:userTable
2019-10-02 00:22:58,049 [main] INFO  db.DBStoreBuilder (DBStoreBuilder.java:addTable(110)) - using custom profile for table: volumeTable
2019-10-02 00:22:58,049 [main] INFO  db.DBStoreBuilder (DBStoreBuilder.java:processTables(161)) - Using default column profile:DBProfile.DISK for Table:volumeTable
2019-10-02 00:22:58,050 [main] INFO  db.DBStoreBuilder (DBStoreBuilder.java:addTable(110)) - using custom profile for table: bucketTable
2019-10-02 00:22:58,050 [main] INFO  db.DBStoreBuilder (DBStoreBuilder.java:processTables(161)) - Using default column profile:DBProfile.DISK for Table:bucketTable
2019-10-02 00:22:58,050 [main] INFO  db.DBStoreBuilder (DBStoreBuilder.java:addTable(110)) - using custom profile for table: keyTable
2019-10-02 00:22:58,050 [main] INFO  db.DBStoreBuilder (DBStoreBuilder.java:processTables(161)) - Using default column profile:DBProfile.DISK for Table:keyTable
2019-10-02 00:22:58,051 [main] INFO  db.DBStoreBuilder (DBStoreBuilder.java:addTable(110)) - using custom profile for table: deletedTable
2019-10-02 00:22:58,051 [main] INFO  db.DBStoreBuilder (DBStoreBuilder.java:processTables(161)) - Using default column profile:DBProfile.DISK for Table:deletedTable
2019-10-02 00:22:58,051 [main] INFO  db.DBStoreBuilder (DBStoreBuilder.java:addTable(110)) - using custom profile for table: openKeyTable
2019-10-02 00:22:58,051 [main] INFO  db.DBStoreBuilder (DBStoreBuilder.java:processTables(161)) - Using default column profile:DBProfile.DISK for Table:openKeyTable
2019-10-02 00:22:58,052 [main] INFO  db.DBStoreBuilder (DBStoreBuilder.java:addTable(110)) - using custom profile for table: s3Table
2019-10-02 00:22:58,052 [main] INFO  db.DBStoreBuilder (DBStoreBuilder.java:processTables(161)) - Using default column profile:DBProfile.DISK for Table:s3Table
2019-10-02 00:22:58,052 [main] INFO  db.DBStoreBuilder (DBStoreBuilder.java:addTable(110)) - using custom profile for table: multipartInfoTable
2019-10-02 00:22:58,052 [main] INFO  db.DBStoreBuilder (DBStoreBuilder.java:processTables(161)) - Using default column profile:DBProfile.DISK for Table:multipartInfoTable
2019-10-02 00:22:58,053 [main] INFO  db.DBStoreBuilder (DBStoreBuilder.java:addTable(110)) - using custom profile for table: dTokenTable
2019-10-02 00:22:58,053 [main] INFO  db.DBStoreBuilder (DBStoreBuilder.java:processTables(161)) - Using default column profile:DBProfile.DISK for Table:dTokenTable
2019-10-02 00:22:58,053 [main] INFO  db.DBStoreBuilder (DBStoreBuilder.java:addTable(110)) - using custom profile for table: s3SecretTable
2019-10-02 00:22:58,053 [main] INFO  db.DBStoreBuilder (DBStoreBuilder.java:processTables(161)) - Using default column profile:DBProfile.DISK for Table:s3SecretTable
2019-10-02 00:22:58,054 [main] INFO  db.DBStoreBuilder (DBStoreBuilder.java:addTable(110)) - using custom profile for table: prefixTable
2019-10-02 00:22:58,054 [main] INFO  db.DBStoreBuilder (DBStoreBuilder.java:processTables(161)) - Using default column profile:DBProfile.DISK for Table:prefixTable
2019-10-02 00:22:58,054 [main] INFO  db.DBStoreBuilder (DBStoreBuilder.java:addTable(110)) - using custom profile for table: default
2019-10-02 00:22:58,054 [main] INFO  db.DBStoreBuilder (DBStoreBuilder.java:processTables(167)) - Using default column profile:DBProfile.DISK for Table:default
2019-10-02 00:22:58,054 [main] INFO  db.DBStoreBuilder (DBStoreBuilder.java:getDbProfile(198)) - Using default options. DBProfile.DISK
2019-10-02 00:22:58,881 [main] INFO  ipc.CallQueueManager (CallQueueManager.java:<init>(84)) - Using callQueue: class java.util.concurrent.LinkedBlockingQueue, queueCapacity: 2000, scheduler: class org.apache.hadoop.ipc.DefaultRpcScheduler, ipcBackoff: false.
2019-10-02 00:22:58,882 [Socket Reader #1 for port 44938] INFO  ipc.Server (Server.java:run(1074)) - Starting Socket Reader #1 for port 44938
2019-10-02 00:22:58,897 [main] INFO  om.OzoneManager (OzoneManager.java:start(1243)) - OzoneManager RPC server is listening at localhost/127.0.0.1:44938
2019-10-02 00:22:58,897 [main] INFO  impl.MetricsSystemImpl (MetricsSystemImpl.java:init(158)) - OzoneManager metrics system started (again)
2019-10-02 00:22:58,897 [IPC Server Responder] INFO  ipc.Server (Server.java:run(1314)) - IPC Server Responder: starting
2019-10-02 00:22:58,899 [IPC Server listener on 44938] INFO  ipc.Server (Server.java:run(1153)) - IPC Server listener on 44938: starting
2019-10-02 00:22:58,903 [main] INFO  hdfs.DFSUtil (DFSUtil.java:httpServerTemplateForNNAndJN(1641)) - Starting Web-server for ozoneManager at: http://0.0.0.0:0
2019-10-02 00:22:58,905 [main] INFO  server.AuthenticationFilter (AuthenticationFilter.java:constructSecretProvider(240)) - Unable to initialize FileSignerSecretProvider, falling back to use random secrets.
2019-10-02 00:22:58,906 [main] WARN  http.HttpRequestLog (HttpRequestLog.java:getRequestLog(97)) - Jetty request log can only be enabled using Log4j
2019-10-02 00:22:58,908 [main] INFO  http.HttpServer2 (HttpServer2.java:addGlobalFilter(975)) - Added global filter 'safety' (class=org.apache.hadoop.http.HttpServer2$QuotingInputFilter)
2019-10-02 00:22:58,909 [main] INFO  http.HttpServer2 (HttpServer2.java:addFilter(948)) - Added filter static_user_filter (class=org.apache.hadoop.http.lib.StaticUserWebFilter$StaticUserFilter) to context ozoneManager
2019-10-02 00:22:58,909 [main] INFO  http.HttpServer2 (HttpServer2.java:addFilter(958)) - Added filter static_user_filter (class=org.apache.hadoop.http.lib.StaticUserWebFilter$StaticUserFilter) to context logs
2019-10-02 00:22:58,909 [main] INFO  http.HttpServer2 (HttpServer2.java:addFilter(958)) - Added filter static_user_filter (class=org.apache.hadoop.http.lib.StaticUserWebFilter$StaticUserFilter) to context static
2019-10-02 00:22:58,910 [main] INFO  http.HttpServer2 (HttpServer2.java:bindListener(1191)) - Jetty bound to port 34172
2019-10-02 00:22:58,911 [main] INFO  server.Server (Server.java:doStart(351)) - jetty-9.3.25.v20180904, build timestamp: 2018-09-04T21:11:46Z, git hash: 3ce520221d0240229c862b122d2b06c12a625732
2019-10-02 00:22:58,913 [main] INFO  handler.ContextHandler (ContextHandler.java:doStart(781)) - Started o.e.j.s.ServletContextHandler@5f7eee96{/logs,file:///workdir/hadoop-ozone/integration-test/target/log,AVAILABLE}
2019-10-02 00:22:58,913 [main] INFO  handler.ContextHandler (ContextHandler.java:doStart(781)) - Started o.e.j.s.ServletContextHandler@53f0d09c{/static,file:///workdir/hadoop-ozone/integration-test/target/test-classes/webapps/static,AVAILABLE}
2019-10-02 00:22:58,919 [main] INFO  handler.ContextHandler (ContextHandler.java:doStart(781)) - Started o.e.j.w.WebAppContext@79476a4e{/,file:///workdir/hadoop-ozone/integration-test/target/test-classes/webapps/ozoneManager/,AVAILABLE}{/ozoneManager}
2019-10-02 00:22:58,919 [main] INFO  server.AbstractConnector (AbstractConnector.java:doStart(278)) - Started ServerConnector@52ae997b{HTTP/1.1,[http/1.1]}{0.0.0.0:34172}
2019-10-02 00:22:58,920 [main] INFO  server.Server (Server.java:doStart(419)) - Started @106507ms
2019-10-02 00:22:58,920 [main] WARN  impl.MetricsSystemImpl (MetricsSystemImpl.java:register(276)) - Sink prometheus already exists!
2019-10-02 00:22:58,921 [main] INFO  server.BaseHttpServer (BaseHttpServer.java:updateConnectorAddress(215)) - HTTP server of OZONEMANAGER is listening at http://0.0.0.0:34172
2019-10-02 00:22:58,942 [main] INFO  impl.MetricsSystemImpl (MetricsSystemImpl.java:init(158)) - HddsDatanode metrics system started (again)
2019-10-02 00:22:58,946 [main] INFO  ozone.HddsDatanodeService (HddsDatanodeService.java:start(184)) - HddsDatanodeService host:pr-hdds-2201-rename-25sj9-3976918760 ip:192.168.30.63
2019-10-02 00:22:58,953 [main] INFO  volume.HddsVolume (HddsVolume.java:<init>(176)) - Creating Volume: /workdir/hadoop-ozone/integration-test/target/test-dir/MiniOzoneClusterImpl-69d1aaba-645e-4570-a77a-1465b29f52f4/datanode-0/data/containers/hdds of  storage type : DISK and capacity : 1482555576320
2019-10-02 00:22:58,954 [main] INFO  volume.VolumeSet (VolumeSet.java:initializeVolumeSet(170)) - Added Volume : /workdir/hadoop-ozone/integration-test/target/test-dir/MiniOzoneClusterImpl-69d1aaba-645e-4570-a77a-1465b29f52f4/datanode-0/data/containers/hdds to VolumeSet
2019-10-02 00:22:58,954 [main] INFO  volume.ThrottledAsyncChecker (ThrottledAsyncChecker.java:schedule(139)) - Scheduling a check for org.apache.hadoop.ozone.container.common.volume.HddsVolume@306c7bf6
2019-10-02 00:22:58,954 [main] INFO  volume.HddsVolumeChecker (HddsVolumeChecker.java:checkAllVolumes(202)) - Scheduled health check for volume org.apache.hadoop.ozone.container.common.volume.HddsVolume@306c7bf6
2019-10-02 00:22:58,972 [main] INFO  impl.RaftServerProxy (ConfUtils.java:logGet(43)) - raft.rpc.type = GRPC (default)
2019-10-02 00:22:58,972 [main] INFO  grpc.GrpcFactory (GrpcFactory.java:checkPooledByteBufAllocatorUseCacheForAllThreads(45)) - PERFORMANCE WARNING: useCacheForAllThreads is true that may cause Netty to create a lot garbage objects and, as a result, trigger GC.
	It is recommended to disable useCacheForAllThreads by setting -Dorg.apache.ratis.thirdparty.io.netty.allocator.useCacheForAllThreads=false in command line.
2019-10-02 00:22:58,972 [main] INFO  grpc.GrpcConfigKeys$Server (ConfUtils.java:logGet(43)) - raft.grpc.server.port = 0 (default)
2019-10-02 00:22:58,972 [main] INFO  server.GrpcService (ConfUtils.java:logGet(43)) - raft.grpc.message.size.max = 33570816 (custom)
2019-10-02 00:22:58,973 [main] INFO  server.RaftServerConfigKeys (ConfUtils.java:logGet(43)) - raft.server.log.appender.buffer.byte-limit = 33554432 (custom)
2019-10-02 00:22:58,973 [main] INFO  server.GrpcService (ConfUtils.java:logGet(43)) - raft.grpc.flow.control.window = 1MB (=1048576) (default)
2019-10-02 00:22:58,973 [main] INFO  server.RaftServerConfigKeys (ConfUtils.java:logGet(43)) - raft.server.rpc.request.timeout = 3000ms (default)
2019-10-02 00:22:58,974 [main] INFO  server.RaftServerConfigKeys (ConfUtils.java:logGet(43)) - raft.server.storage.dir = [/workdir/hadoop-ozone/integration-test/target/test-dir/MiniOzoneClusterImpl-69d1aaba-645e-4570-a77a-1465b29f52f4/datanode-0/data/ratis] (custom)
2019-10-02 00:22:58,975 [main] INFO  hdfs.DFSUtil (DFSUtil.java:httpServerTemplateForNNAndJN(1641)) - Starting Web-server for hddsDatanode at: http://0.0.0.0:0
2019-10-02 00:22:58,980 [main] INFO  server.AuthenticationFilter (AuthenticationFilter.java:constructSecretProvider(240)) - Unable to initialize FileSignerSecretProvider, falling back to use random secrets.
2019-10-02 00:22:58,980 [main] WARN  http.HttpRequestLog (HttpRequestLog.java:getRequestLog(97)) - Jetty request log can only be enabled using Log4j
2019-10-02 00:22:58,982 [main] INFO  http.HttpServer2 (HttpServer2.java:addGlobalFilter(975)) - Added global filter 'safety' (class=org.apache.hadoop.http.HttpServer2$QuotingInputFilter)
2019-10-02 00:22:58,983 [main] INFO  http.HttpServer2 (HttpServer2.java:addFilter(948)) - Added filter static_user_filter (class=org.apache.hadoop.http.lib.StaticUserWebFilter$StaticUserFilter) to context hddsDatanode
2019-10-02 00:22:58,983 [main] INFO  http.HttpServer2 (HttpServer2.java:addFilter(958)) - Added filter static_user_filter (class=org.apache.hadoop.http.lib.StaticUserWebFilter$StaticUserFilter) to context static
2019-10-02 00:22:58,983 [main] INFO  http.HttpServer2 (HttpServer2.java:addFilter(958)) - Added filter static_user_filter (class=org.apache.hadoop.http.lib.StaticUserWebFilter$StaticUserFilter) to context logs
2019-10-02 00:22:58,984 [main] INFO  http.HttpServer2 (HttpServer2.java:bindListener(1191)) - Jetty bound to port 45383
2019-10-02 00:22:58,984 [main] INFO  server.Server (Server.java:doStart(351)) - jetty-9.3.25.v20180904, build timestamp: 2018-09-04T21:11:46Z, git hash: 3ce520221d0240229c862b122d2b06c12a625732
2019-10-02 00:22:58,986 [main] INFO  handler.ContextHandler (ContextHandler.java:doStart(781)) - Started o.e.j.s.ServletContextHandler@5529ff44{/logs,file:///workdir/hadoop-ozone/integration-test/target/log,AVAILABLE}
2019-10-02 00:22:58,986 [main] INFO  handler.ContextHandler (ContextHandler.java:doStart(781)) - Started o.e.j.s.ServletContextHandler@5eb5da12{/static,jar:file:/home/user/.m2/repository/org/apache/hadoop/hadoop-hdds-container-service/0.5.0-SNAPSHOT/hadoop-hdds-container-service-0.5.0-SNAPSHOT.jar!/webapps/static,AVAILABLE}
2019-10-02 00:22:59,024 [main] INFO  handler.ContextHandler (ContextHandler.java:doStart(781)) - Started o.e.j.w.WebAppContext@7d42542{/,file:///tmp/jetty-0.0.0.0-45383-hddsDatanode-_-any-7166602293880014069.dir/webapp/,AVAILABLE}{/hddsDatanode}
2019-10-02 00:22:59,024 [main] INFO  server.AbstractConnector (AbstractConnector.java:doStart(278)) - Started ServerConnector@4d09cade{HTTP/1.1,[http/1.1]}{0.0.0.0:45383}
2019-10-02 00:22:59,027 [main] INFO  server.Server (Server.java:doStart(419)) - Started @106614ms
2019-10-02 00:22:59,028 [main] WARN  impl.MetricsSystemImpl (MetricsSystemImpl.java:register(276)) - Sink prometheus already exists!
2019-10-02 00:22:59,030 [main] INFO  server.BaseHttpServer (BaseHttpServer.java:updateConnectorAddress(215)) - HTTP server of HDDSDATANODE is listening at http://0.0.0.0:45383
2019-10-02 00:22:59,030 [main] INFO  impl.MetricsSystemImpl (MetricsSystemImpl.java:init(158)) - HddsDatanode metrics system started (again)
2019-10-02 00:22:59,033 [org.apache.hadoop.util.JvmPauseMonitor$Monitor@1c43db05] INFO  util.JvmPauseMonitor (JvmPauseMonitor.java:run(188)) - Starting JVM pause monitor
2019-10-02 00:22:59,034 [main] INFO  ozone.HddsDatanodeService (HddsDatanodeService.java:start(184)) - HddsDatanodeService host:pr-hdds-2201-rename-25sj9-3976918760 ip:192.168.30.63
2019-10-02 00:22:59,035 [Datanode State Machine Thread - 0] INFO  datanode.InitDatanodeState (InitDatanodeState.java:persistContainerDatanodeDetails(140)) - DatanodeDetails is persisted to /workdir/hadoop-ozone/integration-test/target/test-dir/MiniOzoneClusterImpl-69d1aaba-645e-4570-a77a-1465b29f52f4/datanode-0/meta/datanode.id
2019-10-02 00:22:59,040 [main] INFO  volume.HddsVolume (HddsVolume.java:<init>(176)) - Creating Volume: /workdir/hadoop-ozone/integration-test/target/test-dir/MiniOzoneClusterImpl-69d1aaba-645e-4570-a77a-1465b29f52f4/datanode-1/data/containers/hdds of  storage type : DISK and capacity : 1482555576320
2019-10-02 00:22:59,040 [main] INFO  volume.VolumeSet (VolumeSet.java:initializeVolumeSet(170)) - Added Volume : /workdir/hadoop-ozone/integration-test/target/test-dir/MiniOzoneClusterImpl-69d1aaba-645e-4570-a77a-1465b29f52f4/datanode-1/data/containers/hdds to VolumeSet
2019-10-02 00:22:59,040 [main] INFO  volume.ThrottledAsyncChecker (ThrottledAsyncChecker.java:schedule(139)) - Scheduling a check for org.apache.hadoop.ozone.container.common.volume.HddsVolume@61615b4a
2019-10-02 00:22:59,041 [main] INFO  volume.HddsVolumeChecker (HddsVolumeChecker.java:checkAllVolumes(202)) - Scheduled health check for volume org.apache.hadoop.ozone.container.common.volume.HddsVolume@61615b4a
2019-10-02 00:22:59,055 [main] INFO  impl.RaftServerProxy (ConfUtils.java:logGet(43)) - raft.rpc.type = GRPC (default)
2019-10-02 00:22:59,055 [main] INFO  grpc.GrpcFactory (GrpcFactory.java:checkPooledByteBufAllocatorUseCacheForAllThreads(45)) - PERFORMANCE WARNING: useCacheForAllThreads is true that may cause Netty to create a lot garbage objects and, as a result, trigger GC.
	It is recommended to disable useCacheForAllThreads by setting -Dorg.apache.ratis.thirdparty.io.netty.allocator.useCacheForAllThreads=false in command line.
2019-10-02 00:22:59,055 [main] INFO  grpc.GrpcConfigKeys$Server (ConfUtils.java:logGet(43)) - raft.grpc.server.port = 0 (default)
2019-10-02 00:22:59,055 [main] INFO  server.GrpcService (ConfUtils.java:logGet(43)) - raft.grpc.message.size.max = 33570816 (custom)
2019-10-02 00:22:59,055 [main] INFO  server.RaftServerConfigKeys (ConfUtils.java:logGet(43)) - raft.server.log.appender.buffer.byte-limit = 33554432 (custom)
2019-10-02 00:22:59,055 [main] INFO  server.GrpcService (ConfUtils.java:logGet(43)) - raft.grpc.flow.control.window = 1MB (=1048576) (default)
2019-10-02 00:22:59,056 [main] INFO  server.RaftServerConfigKeys (ConfUtils.java:logGet(43)) - raft.server.rpc.request.timeout = 3000ms (default)
2019-10-02 00:22:59,056 [main] INFO  server.RaftServerConfigKeys (ConfUtils.java:logGet(43)) - raft.server.storage.dir = [/workdir/hadoop-ozone/integration-test/target/test-dir/MiniOzoneClusterImpl-69d1aaba-645e-4570-a77a-1465b29f52f4/datanode-1/data/ratis] (custom)
2019-10-02 00:22:59,058 [main] INFO  hdfs.DFSUtil (DFSUtil.java:httpServerTemplateForNNAndJN(1641)) - Starting Web-server for hddsDatanode at: http://0.0.0.0:0
2019-10-02 00:22:59,059 [main] INFO  server.AuthenticationFilter (AuthenticationFilter.java:constructSecretProvider(240)) - Unable to initialize FileSignerSecretProvider, falling back to use random secrets.
2019-10-02 00:22:59,060 [main] WARN  http.HttpRequestLog (HttpRequestLog.java:getRequestLog(97)) - Jetty request log can only be enabled using Log4j
2019-10-02 00:22:59,061 [main] INFO  http.HttpServer2 (HttpServer2.java:addGlobalFilter(975)) - Added global filter 'safety' (class=org.apache.hadoop.http.HttpServer2$QuotingInputFilter)
2019-10-02 00:22:59,061 [main] INFO  http.HttpServer2 (HttpServer2.java:addFilter(948)) - Added filter static_user_filter (class=org.apache.hadoop.http.lib.StaticUserWebFilter$StaticUserFilter) to context hddsDatanode
2019-10-02 00:22:59,061 [main] INFO  http.HttpServer2 (HttpServer2.java:addFilter(958)) - Added filter static_user_filter (class=org.apache.hadoop.http.lib.StaticUserWebFilter$StaticUserFilter) to context static
2019-10-02 00:22:59,062 [main] INFO  http.HttpServer2 (HttpServer2.java:addFilter(958)) - Added filter static_user_filter (class=org.apache.hadoop.http.lib.StaticUserWebFilter$StaticUserFilter) to context logs
2019-10-02 00:22:59,062 [main] INFO  http.HttpServer2 (HttpServer2.java:bindListener(1191)) - Jetty bound to port 33640
2019-10-02 00:22:59,062 [main] INFO  server.Server (Server.java:doStart(351)) - jetty-9.3.25.v20180904, build timestamp: 2018-09-04T21:11:46Z, git hash: 3ce520221d0240229c862b122d2b06c12a625732
2019-10-02 00:22:59,064 [main] INFO  handler.ContextHandler (ContextHandler.java:doStart(781)) - Started o.e.j.s.ServletContextHandler@4dcbae55{/logs,file:///workdir/hadoop-ozone/integration-test/target/log,AVAILABLE}
2019-10-02 00:22:59,064 [main] INFO  handler.ContextHandler (ContextHandler.java:doStart(781)) - Started o.e.j.s.ServletContextHandler@7ca16adc{/static,jar:file:/home/user/.m2/repository/org/apache/hadoop/hadoop-hdds-container-service/0.5.0-SNAPSHOT/hadoop-hdds-container-service-0.5.0-SNAPSHOT.jar!/webapps/static,AVAILABLE}
2019-10-02 00:22:59,091 [main] INFO  handler.ContextHandler (ContextHandler.java:doStart(781)) - Started o.e.j.w.WebAppContext@65ef48f2{/,file:///tmp/jetty-0.0.0.0-33640-hddsDatanode-_-any-6194492174505685401.dir/webapp/,AVAILABLE}{/hddsDatanode}
2019-10-02 00:22:59,091 [main] INFO  server.AbstractConnector (AbstractConnector.java:doStart(278)) - Started ServerConnector@36068727{HTTP/1.1,[http/1.1]}{0.0.0.0:33640}
2019-10-02 00:22:59,093 [main] INFO  server.Server (Server.java:doStart(419)) - Started @106680ms
2019-10-02 00:22:59,093 [main] WARN  impl.MetricsSystemImpl (MetricsSystemImpl.java:register(276)) - Sink prometheus already exists!
2019-10-02 00:22:59,093 [main] INFO  server.BaseHttpServer (BaseHttpServer.java:updateConnectorAddress(215)) - HTTP server of HDDSDATANODE is listening at http://0.0.0.0:33640
2019-10-02 00:22:59,094 [main] INFO  impl.MetricsSystemImpl (MetricsSystemImpl.java:init(158)) - HddsDatanode metrics system started (again)
2019-10-02 00:22:59,098 [org.apache.hadoop.util.JvmPauseMonitor$Monitor@61036eaf] INFO  util.JvmPauseMonitor (JvmPauseMonitor.java:run(188)) - Starting JVM pause monitor
2019-10-02 00:22:59,099 [main] INFO  ozone.HddsDatanodeService (HddsDatanodeService.java:start(184)) - HddsDatanodeService host:pr-hdds-2201-rename-25sj9-3976918760 ip:192.168.30.63
2019-10-02 00:22:59,101 [Datanode State Machine Thread - 0] INFO  datanode.InitDatanodeState (InitDatanodeState.java:persistContainerDatanodeDetails(140)) - DatanodeDetails is persisted to /workdir/hadoop-ozone/integration-test/target/test-dir/MiniOzoneClusterImpl-69d1aaba-645e-4570-a77a-1465b29f52f4/datanode-1/meta/datanode.id
2019-10-02 00:22:59,106 [main] INFO  volume.HddsVolume (HddsVolume.java:<init>(176)) - Creating Volume: /workdir/hadoop-ozone/integration-test/target/test-dir/MiniOzoneClusterImpl-69d1aaba-645e-4570-a77a-1465b29f52f4/datanode-2/data/containers/hdds of  storage type : DISK and capacity : 1482555576320
2019-10-02 00:22:59,107 [main] INFO  volume.VolumeSet (VolumeSet.java:initializeVolumeSet(170)) - Added Volume : /workdir/hadoop-ozone/integration-test/target/test-dir/MiniOzoneClusterImpl-69d1aaba-645e-4570-a77a-1465b29f52f4/datanode-2/data/containers/hdds to VolumeSet
2019-10-02 00:22:59,107 [main] INFO  volume.ThrottledAsyncChecker (ThrottledAsyncChecker.java:schedule(139)) - Scheduling a check for org.apache.hadoop.ozone.container.common.volume.HddsVolume@6a15b73
2019-10-02 00:22:59,107 [main] INFO  volume.HddsVolumeChecker (HddsVolumeChecker.java:checkAllVolumes(202)) - Scheduled health check for volume org.apache.hadoop.ozone.container.common.volume.HddsVolume@6a15b73
2019-10-02 00:22:59,126 [main] INFO  impl.RaftServerProxy (ConfUtils.java:logGet(43)) - raft.rpc.type = GRPC (default)
2019-10-02 00:22:59,126 [main] INFO  grpc.GrpcFactory (GrpcFactory.java:checkPooledByteBufAllocatorUseCacheForAllThreads(45)) - PERFORMANCE WARNING: useCacheForAllThreads is true that may cause Netty to create a lot garbage objects and, as a result, trigger GC.
	It is recommended to disable useCacheForAllThreads by setting -Dorg.apache.ratis.thirdparty.io.netty.allocator.useCacheForAllThreads=false in command line.
2019-10-02 00:22:59,126 [main] INFO  grpc.GrpcConfigKeys$Server (ConfUtils.java:logGet(43)) - raft.grpc.server.port = 0 (default)
2019-10-02 00:22:59,126 [main] INFO  server.GrpcService (ConfUtils.java:logGet(43)) - raft.grpc.message.size.max = 33570816 (custom)
2019-10-02 00:22:59,127 [main] INFO  server.RaftServerConfigKeys (ConfUtils.java:logGet(43)) - raft.server.log.appender.buffer.byte-limit = 33554432 (custom)
2019-10-02 00:22:59,127 [main] INFO  server.GrpcService (ConfUtils.java:logGet(43)) - raft.grpc.flow.control.window = 1MB (=1048576) (default)
2019-10-02 00:22:59,127 [main] INFO  server.RaftServerConfigKeys (ConfUtils.java:logGet(43)) - raft.server.rpc.request.timeout = 3000ms (default)
2019-10-02 00:22:59,128 [main] INFO  server.RaftServerConfigKeys (ConfUtils.java:logGet(43)) - raft.server.storage.dir = [/workdir/hadoop-ozone/integration-test/target/test-dir/MiniOzoneClusterImpl-69d1aaba-645e-4570-a77a-1465b29f52f4/datanode-2/data/ratis] (custom)
2019-10-02 00:22:59,129 [main] INFO  hdfs.DFSUtil (DFSUtil.java:httpServerTemplateForNNAndJN(1641)) - Starting Web-server for hddsDatanode at: http://0.0.0.0:0
2019-10-02 00:22:59,131 [main] INFO  server.AuthenticationFilter (AuthenticationFilter.java:constructSecretProvider(240)) - Unable to initialize FileSignerSecretProvider, falling back to use random secrets.
2019-10-02 00:22:59,131 [main] WARN  http.HttpRequestLog (HttpRequestLog.java:getRequestLog(97)) - Jetty request log can only be enabled using Log4j
2019-10-02 00:22:59,133 [main] INFO  http.HttpServer2 (HttpServer2.java:addGlobalFilter(975)) - Added global filter 'safety' (class=org.apache.hadoop.http.HttpServer2$QuotingInputFilter)
2019-10-02 00:22:59,133 [main] INFO  http.HttpServer2 (HttpServer2.java:addFilter(948)) - Added filter static_user_filter (class=org.apache.hadoop.http.lib.StaticUserWebFilter$StaticUserFilter) to context hddsDatanode
2019-10-02 00:22:59,134 [main] INFO  http.HttpServer2 (HttpServer2.java:addFilter(958)) - Added filter static_user_filter (class=org.apache.hadoop.http.lib.StaticUserWebFilter$StaticUserFilter) to context static
2019-10-02 00:22:59,134 [main] INFO  http.HttpServer2 (HttpServer2.java:addFilter(958)) - Added filter static_user_filter (class=org.apache.hadoop.http.lib.StaticUserWebFilter$StaticUserFilter) to context logs
2019-10-02 00:22:59,135 [main] INFO  http.HttpServer2 (HttpServer2.java:bindListener(1191)) - Jetty bound to port 41605
2019-10-02 00:22:59,135 [main] INFO  server.Server (Server.java:doStart(351)) - jetty-9.3.25.v20180904, build timestamp: 2018-09-04T21:11:46Z, git hash: 3ce520221d0240229c862b122d2b06c12a625732
2019-10-02 00:22:59,137 [main] INFO  handler.ContextHandler (ContextHandler.java:doStart(781)) - Started o.e.j.s.ServletContextHandler@7fedb795{/logs,file:///workdir/hadoop-ozone/integration-test/target/log,AVAILABLE}
2019-10-02 00:22:59,137 [main] INFO  handler.ContextHandler (ContextHandler.java:doStart(781)) - Started o.e.j.s.ServletContextHandler@51e754e1{/static,jar:file:/home/user/.m2/repository/org/apache/hadoop/hadoop-hdds-container-service/0.5.0-SNAPSHOT/hadoop-hdds-container-service-0.5.0-SNAPSHOT.jar!/webapps/static,AVAILABLE}
2019-10-02 00:22:59,173 [main] INFO  handler.ContextHandler (ContextHandler.java:doStart(781)) - Started o.e.j.w.WebAppContext@cfd1075{/,file:///tmp/jetty-0.0.0.0-41605-hddsDatanode-_-any-423810210977613618.dir/webapp/,AVAILABLE}{/hddsDatanode}
2019-10-02 00:22:59,173 [main] INFO  server.AbstractConnector (AbstractConnector.java:doStart(278)) - Started ServerConnector@45117dd{HTTP/1.1,[http/1.1]}{0.0.0.0:41605}
2019-10-02 00:22:59,175 [main] INFO  server.Server (Server.java:doStart(419)) - Started @106762ms
2019-10-02 00:22:59,175 [main] WARN  impl.MetricsSystemImpl (MetricsSystemImpl.java:register(276)) - Sink prometheus already exists!
2019-10-02 00:22:59,175 [main] INFO  server.BaseHttpServer (BaseHttpServer.java:updateConnectorAddress(215)) - HTTP server of HDDSDATANODE is listening at http://0.0.0.0:41605
2019-10-02 00:22:59,176 [main] INFO  impl.MetricsSystemImpl (MetricsSystemImpl.java:init(158)) - HddsDatanode metrics system started (again)
2019-10-02 00:22:59,179 [org.apache.hadoop.util.JvmPauseMonitor$Monitor@4102b060] INFO  util.JvmPauseMonitor (JvmPauseMonitor.java:run(188)) - Starting JVM pause monitor
2019-10-02 00:22:59,179 [main] INFO  ozone.HddsDatanodeService (HddsDatanodeService.java:start(184)) - HddsDatanodeService host:pr-hdds-2201-rename-25sj9-3976918760 ip:192.168.30.63
2019-10-02 00:22:59,181 [Datanode State Machine Thread - 0] INFO  datanode.InitDatanodeState (InitDatanodeState.java:persistContainerDatanodeDetails(140)) - DatanodeDetails is persisted to /workdir/hadoop-ozone/integration-test/target/test-dir/MiniOzoneClusterImpl-69d1aaba-645e-4570-a77a-1465b29f52f4/datanode-2/meta/datanode.id
2019-10-02 00:22:59,186 [main] INFO  volume.HddsVolume (HddsVolume.java:<init>(176)) - Creating Volume: /workdir/hadoop-ozone/integration-test/target/test-dir/MiniOzoneClusterImpl-69d1aaba-645e-4570-a77a-1465b29f52f4/datanode-3/data/containers/hdds of  storage type : DISK and capacity : 1482555576320
2019-10-02 00:22:59,186 [main] INFO  volume.VolumeSet (VolumeSet.java:initializeVolumeSet(170)) - Added Volume : /workdir/hadoop-ozone/integration-test/target/test-dir/MiniOzoneClusterImpl-69d1aaba-645e-4570-a77a-1465b29f52f4/datanode-3/data/containers/hdds to VolumeSet
2019-10-02 00:22:59,186 [main] INFO  volume.ThrottledAsyncChecker (ThrottledAsyncChecker.java:schedule(139)) - Scheduling a check for org.apache.hadoop.ozone.container.common.volume.HddsVolume@6eb089e6
2019-10-02 00:22:59,187 [main] INFO  volume.HddsVolumeChecker (HddsVolumeChecker.java:checkAllVolumes(202)) - Scheduled health check for volume org.apache.hadoop.ozone.container.common.volume.HddsVolume@6eb089e6
2019-10-02 00:22:59,201 [main] INFO  impl.RaftServerProxy (ConfUtils.java:logGet(43)) - raft.rpc.type = GRPC (default)
2019-10-02 00:22:59,201 [main] INFO  grpc.GrpcFactory (GrpcFactory.java:checkPooledByteBufAllocatorUseCacheForAllThreads(45)) - PERFORMANCE WARNING: useCacheForAllThreads is true that may cause Netty to create a lot garbage objects and, as a result, trigger GC.
	It is recommended to disable useCacheForAllThreads by setting -Dorg.apache.ratis.thirdparty.io.netty.allocator.useCacheForAllThreads=false in command line.
2019-10-02 00:22:59,201 [main] INFO  grpc.GrpcConfigKeys$Server (ConfUtils.java:logGet(43)) - raft.grpc.server.port = 0 (default)
2019-10-02 00:22:59,202 [main] INFO  server.GrpcService (ConfUtils.java:logGet(43)) - raft.grpc.message.size.max = 33570816 (custom)
2019-10-02 00:22:59,202 [main] INFO  server.RaftServerConfigKeys (ConfUtils.java:logGet(43)) - raft.server.log.appender.buffer.byte-limit = 33554432 (custom)
2019-10-02 00:22:59,202 [main] INFO  server.GrpcService (ConfUtils.java:logGet(43)) - raft.grpc.flow.control.window = 1MB (=1048576) (default)
2019-10-02 00:22:59,202 [main] INFO  server.RaftServerConfigKeys (ConfUtils.java:logGet(43)) - raft.server.rpc.request.timeout = 3000ms (default)
2019-10-02 00:22:59,203 [main] INFO  server.RaftServerConfigKeys (ConfUtils.java:logGet(43)) - raft.server.storage.dir = [/workdir/hadoop-ozone/integration-test/target/test-dir/MiniOzoneClusterImpl-69d1aaba-645e-4570-a77a-1465b29f52f4/datanode-3/data/ratis] (custom)
2019-10-02 00:22:59,204 [main] INFO  hdfs.DFSUtil (DFSUtil.java:httpServerTemplateForNNAndJN(1641)) - Starting Web-server for hddsDatanode at: http://0.0.0.0:0
2019-10-02 00:22:59,205 [main] INFO  server.AuthenticationFilter (AuthenticationFilter.java:constructSecretProvider(240)) - Unable to initialize FileSignerSecretProvider, falling back to use random secrets.
2019-10-02 00:22:59,205 [main] WARN  http.HttpRequestLog (HttpRequestLog.java:getRequestLog(97)) - Jetty request log can only be enabled using Log4j
2019-10-02 00:22:59,206 [main] INFO  http.HttpServer2 (HttpServer2.java:addGlobalFilter(975)) - Added global filter 'safety' (class=org.apache.hadoop.http.HttpServer2$QuotingInputFilter)
2019-10-02 00:22:59,207 [main] INFO  http.HttpServer2 (HttpServer2.java:addFilter(948)) - Added filter static_user_filter (class=org.apache.hadoop.http.lib.StaticUserWebFilter$StaticUserFilter) to context hddsDatanode
2019-10-02 00:22:59,207 [main] INFO  http.HttpServer2 (HttpServer2.java:addFilter(958)) - Added filter static_user_filter (class=org.apache.hadoop.http.lib.StaticUserWebFilter$StaticUserFilter) to context static
2019-10-02 00:22:59,207 [main] INFO  http.HttpServer2 (HttpServer2.java:addFilter(958)) - Added filter static_user_filter (class=org.apache.hadoop.http.lib.StaticUserWebFilter$StaticUserFilter) to context logs
2019-10-02 00:22:59,208 [main] INFO  http.HttpServer2 (HttpServer2.java:bindListener(1191)) - Jetty bound to port 42024
2019-10-02 00:22:59,208 [main] INFO  server.Server (Server.java:doStart(351)) - jetty-9.3.25.v20180904, build timestamp: 2018-09-04T21:11:46Z, git hash: 3ce520221d0240229c862b122d2b06c12a625732
2019-10-02 00:22:59,210 [main] INFO  handler.ContextHandler (ContextHandler.java:doStart(781)) - Started o.e.j.s.ServletContextHandler@576b7c74{/logs,file:///workdir/hadoop-ozone/integration-test/target/log,AVAILABLE}
2019-10-02 00:22:59,211 [main] INFO  handler.ContextHandler (ContextHandler.java:doStart(781)) - Started o.e.j.s.ServletContextHandler@73894c5a{/static,jar:file:/home/user/.m2/repository/org/apache/hadoop/hadoop-hdds-container-service/0.5.0-SNAPSHOT/hadoop-hdds-container-service-0.5.0-SNAPSHOT.jar!/webapps/static,AVAILABLE}
2019-10-02 00:22:59,251 [main] INFO  handler.ContextHandler (ContextHandler.java:doStart(781)) - Started o.e.j.w.WebAppContext@64b70f41{/,file:///tmp/jetty-0.0.0.0-42024-hddsDatanode-_-any-2664232071739691851.dir/webapp/,AVAILABLE}{/hddsDatanode}
2019-10-02 00:22:59,251 [main] INFO  server.AbstractConnector (AbstractConnector.java:doStart(278)) - Started ServerConnector@5f8d9767{HTTP/1.1,[http/1.1]}{0.0.0.0:42024}
2019-10-02 00:22:59,253 [main] INFO  server.Server (Server.java:doStart(419)) - Started @106840ms
2019-10-02 00:22:59,253 [main] WARN  impl.MetricsSystemImpl (MetricsSystemImpl.java:register(276)) - Sink prometheus already exists!
2019-10-02 00:22:59,254 [main] INFO  server.BaseHttpServer (BaseHttpServer.java:updateConnectorAddress(215)) - HTTP server of HDDSDATANODE is listening at http://0.0.0.0:42024
2019-10-02 00:22:59,254 [main] INFO  impl.MetricsSystemImpl (MetricsSystemImpl.java:init(158)) - HddsDatanode metrics system started (again)
2019-10-02 00:22:59,258 [org.apache.hadoop.util.JvmPauseMonitor$Monitor@382c4da7] INFO  util.JvmPauseMonitor (JvmPauseMonitor.java:run(188)) - Starting JVM pause monitor
2019-10-02 00:22:59,259 [main] INFO  ozone.HddsDatanodeService (HddsDatanodeService.java:start(184)) - HddsDatanodeService host:pr-hdds-2201-rename-25sj9-3976918760 ip:192.168.30.63
2019-10-02 00:22:59,260 [Datanode State Machine Thread - 0] INFO  datanode.InitDatanodeState (InitDatanodeState.java:persistContainerDatanodeDetails(140)) - DatanodeDetails is persisted to /workdir/hadoop-ozone/integration-test/target/test-dir/MiniOzoneClusterImpl-69d1aaba-645e-4570-a77a-1465b29f52f4/datanode-3/meta/datanode.id
2019-10-02 00:22:59,273 [main] INFO  volume.HddsVolume (HddsVolume.java:<init>(176)) - Creating Volume: /workdir/hadoop-ozone/integration-test/target/test-dir/MiniOzoneClusterImpl-69d1aaba-645e-4570-a77a-1465b29f52f4/datanode-4/data/containers/hdds of  storage type : DISK and capacity : 1482555576320
2019-10-02 00:22:59,274 [main] INFO  volume.VolumeSet (VolumeSet.java:initializeVolumeSet(170)) - Added Volume : /workdir/hadoop-ozone/integration-test/target/test-dir/MiniOzoneClusterImpl-69d1aaba-645e-4570-a77a-1465b29f52f4/datanode-4/data/containers/hdds to VolumeSet
2019-10-02 00:22:59,274 [main] INFO  volume.ThrottledAsyncChecker (ThrottledAsyncChecker.java:schedule(139)) - Scheduling a check for org.apache.hadoop.ozone.container.common.volume.HddsVolume@4c3de38e
2019-10-02 00:22:59,275 [main] INFO  volume.HddsVolumeChecker (HddsVolumeChecker.java:checkAllVolumes(202)) - Scheduled health check for volume org.apache.hadoop.ozone.container.common.volume.HddsVolume@4c3de38e
2019-10-02 00:22:59,295 [main] INFO  impl.RaftServerProxy (ConfUtils.java:logGet(43)) - raft.rpc.type = GRPC (default)
2019-10-02 00:22:59,295 [main] INFO  grpc.GrpcFactory (GrpcFactory.java:checkPooledByteBufAllocatorUseCacheForAllThreads(45)) - PERFORMANCE WARNING: useCacheForAllThreads is true that may cause Netty to create a lot garbage objects and, as a result, trigger GC.
	It is recommended to disable useCacheForAllThreads by setting -Dorg.apache.ratis.thirdparty.io.netty.allocator.useCacheForAllThreads=false in command line.
2019-10-02 00:22:59,295 [main] INFO  grpc.GrpcConfigKeys$Server (ConfUtils.java:logGet(43)) - raft.grpc.server.port = 0 (default)
2019-10-02 00:22:59,296 [main] INFO  server.GrpcService (ConfUtils.java:logGet(43)) - raft.grpc.message.size.max = 33570816 (custom)
2019-10-02 00:22:59,296 [main] INFO  server.RaftServerConfigKeys (ConfUtils.java:logGet(43)) - raft.server.log.appender.buffer.byte-limit = 33554432 (custom)
2019-10-02 00:22:59,296 [main] INFO  server.GrpcService (ConfUtils.java:logGet(43)) - raft.grpc.flow.control.window = 1MB (=1048576) (default)
2019-10-02 00:22:59,296 [main] INFO  server.RaftServerConfigKeys (ConfUtils.java:logGet(43)) - raft.server.rpc.request.timeout = 3000ms (default)
2019-10-02 00:22:59,297 [main] INFO  server.RaftServerConfigKeys (ConfUtils.java:logGet(43)) - raft.server.storage.dir = [/workdir/hadoop-ozone/integration-test/target/test-dir/MiniOzoneClusterImpl-69d1aaba-645e-4570-a77a-1465b29f52f4/datanode-4/data/ratis] (custom)
2019-10-02 00:22:59,299 [main] INFO  hdfs.DFSUtil (DFSUtil.java:httpServerTemplateForNNAndJN(1641)) - Starting Web-server for hddsDatanode at: http://0.0.0.0:0
2019-10-02 00:22:59,300 [main] INFO  server.AuthenticationFilter (AuthenticationFilter.java:constructSecretProvider(240)) - Unable to initialize FileSignerSecretProvider, falling back to use random secrets.
2019-10-02 00:22:59,301 [main] WARN  http.HttpRequestLog (HttpRequestLog.java:getRequestLog(97)) - Jetty request log can only be enabled using Log4j
2019-10-02 00:22:59,303 [main] INFO  http.HttpServer2 (HttpServer2.java:addGlobalFilter(975)) - Added global filter 'safety' (class=org.apache.hadoop.http.HttpServer2$QuotingInputFilter)
2019-10-02 00:22:59,304 [main] INFO  http.HttpServer2 (HttpServer2.java:addFilter(948)) - Added filter static_user_filter (class=org.apache.hadoop.http.lib.StaticUserWebFilter$StaticUserFilter) to context hddsDatanode
2019-10-02 00:22:59,304 [main] INFO  http.HttpServer2 (HttpServer2.java:addFilter(958)) - Added filter static_user_filter (class=org.apache.hadoop.http.lib.StaticUserWebFilter$StaticUserFilter) to context static
2019-10-02 00:22:59,304 [main] INFO  http.HttpServer2 (HttpServer2.java:addFilter(958)) - Added filter static_user_filter (class=org.apache.hadoop.http.lib.StaticUserWebFilter$StaticUserFilter) to context logs
2019-10-02 00:22:59,305 [main] INFO  http.HttpServer2 (HttpServer2.java:bindListener(1191)) - Jetty bound to port 44151
2019-10-02 00:22:59,305 [main] INFO  server.Server (Server.java:doStart(351)) - jetty-9.3.25.v20180904, build timestamp: 2018-09-04T21:11:46Z, git hash: 3ce520221d0240229c862b122d2b06c12a625732
2019-10-02 00:22:59,307 [main] INFO  handler.ContextHandler (ContextHandler.java:doStart(781)) - Started o.e.j.s.ServletContextHandler@78307a56{/logs,file:///workdir/hadoop-ozone/integration-test/target/log,AVAILABLE}
2019-10-02 00:22:59,307 [main] INFO  handler.ContextHandler (ContextHandler.java:doStart(781)) - Started o.e.j.s.ServletContextHandler@23ad71bf{/static,jar:file:/home/user/.m2/repository/org/apache/hadoop/hadoop-hdds-container-service/0.5.0-SNAPSHOT/hadoop-hdds-container-service-0.5.0-SNAPSHOT.jar!/webapps/static,AVAILABLE}
2019-10-02 00:22:59,340 [main] INFO  handler.ContextHandler (ContextHandler.java:doStart(781)) - Started o.e.j.w.WebAppContext@15a3b42{/,file:///tmp/jetty-0.0.0.0-44151-hddsDatanode-_-any-7124566989925012094.dir/webapp/,AVAILABLE}{/hddsDatanode}
2019-10-02 00:22:59,341 [main] INFO  server.AbstractConnector (AbstractConnector.java:doStart(278)) - Started ServerConnector@52c9d3d0{HTTP/1.1,[http/1.1]}{0.0.0.0:44151}
2019-10-02 00:22:59,343 [main] INFO  server.Server (Server.java:doStart(419)) - Started @106930ms
2019-10-02 00:22:59,343 [main] WARN  impl.MetricsSystemImpl (MetricsSystemImpl.java:register(276)) - Sink prometheus already exists!
2019-10-02 00:22:59,343 [main] INFO  server.BaseHttpServer (BaseHttpServer.java:updateConnectorAddress(215)) - HTTP server of HDDSDATANODE is listening at http://0.0.0.0:44151
2019-10-02 00:22:59,344 [main] INFO  impl.MetricsSystemImpl (MetricsSystemImpl.java:init(158)) - HddsDatanode metrics system started (again)
2019-10-02 00:22:59,348 [org.apache.hadoop.util.JvmPauseMonitor$Monitor@1dfb3ef3] INFO  util.JvmPauseMonitor (JvmPauseMonitor.java:run(188)) - Starting JVM pause monitor
2019-10-02 00:22:59,349 [main] INFO  ozone.HddsDatanodeService (HddsDatanodeService.java:start(184)) - HddsDatanodeService host:pr-hdds-2201-rename-25sj9-3976918760 ip:192.168.30.63
2019-10-02 00:22:59,350 [Datanode State Machine Thread - 0] INFO  datanode.InitDatanodeState (InitDatanodeState.java:persistContainerDatanodeDetails(140)) - DatanodeDetails is persisted to /workdir/hadoop-ozone/integration-test/target/test-dir/MiniOzoneClusterImpl-69d1aaba-645e-4570-a77a-1465b29f52f4/datanode-4/meta/datanode.id
2019-10-02 00:22:59,356 [main] INFO  volume.HddsVolume (HddsVolume.java:<init>(176)) - Creating Volume: /workdir/hadoop-ozone/integration-test/target/test-dir/MiniOzoneClusterImpl-69d1aaba-645e-4570-a77a-1465b29f52f4/datanode-5/data/containers/hdds of  storage type : DISK and capacity : 1482555576320
2019-10-02 00:22:59,356 [main] INFO  volume.VolumeSet (VolumeSet.java:initializeVolumeSet(170)) - Added Volume : /workdir/hadoop-ozone/integration-test/target/test-dir/MiniOzoneClusterImpl-69d1aaba-645e-4570-a77a-1465b29f52f4/datanode-5/data/containers/hdds to VolumeSet
2019-10-02 00:22:59,356 [main] INFO  volume.ThrottledAsyncChecker (ThrottledAsyncChecker.java:schedule(139)) - Scheduling a check for org.apache.hadoop.ozone.container.common.volume.HddsVolume@7c241a9f
2019-10-02 00:22:59,357 [main] INFO  volume.HddsVolumeChecker (HddsVolumeChecker.java:checkAllVolumes(202)) - Scheduled health check for volume org.apache.hadoop.ozone.container.common.volume.HddsVolume@7c241a9f
2019-10-02 00:22:59,374 [main] INFO  impl.RaftServerProxy (ConfUtils.java:logGet(43)) - raft.rpc.type = GRPC (default)
2019-10-02 00:22:59,375 [main] INFO  grpc.GrpcFactory (GrpcFactory.java:checkPooledByteBufAllocatorUseCacheForAllThreads(45)) - PERFORMANCE WARNING: useCacheForAllThreads is true that may cause Netty to create a lot garbage objects and, as a result, trigger GC.
	It is recommended to disable useCacheForAllThreads by setting -Dorg.apache.ratis.thirdparty.io.netty.allocator.useCacheForAllThreads=false in command line.
2019-10-02 00:22:59,375 [main] INFO  grpc.GrpcConfigKeys$Server (ConfUtils.java:logGet(43)) - raft.grpc.server.port = 0 (default)
2019-10-02 00:22:59,375 [main] INFO  server.GrpcService (ConfUtils.java:logGet(43)) - raft.grpc.message.size.max = 33570816 (custom)
2019-10-02 00:22:59,375 [main] INFO  server.RaftServerConfigKeys (ConfUtils.java:logGet(43)) - raft.server.log.appender.buffer.byte-limit = 33554432 (custom)
2019-10-02 00:22:59,376 [main] INFO  server.GrpcService (ConfUtils.java:logGet(43)) - raft.grpc.flow.control.window = 1MB (=1048576) (default)
2019-10-02 00:22:59,376 [main] INFO  server.RaftServerConfigKeys (ConfUtils.java:logGet(43)) - raft.server.rpc.request.timeout = 3000ms (default)
2019-10-02 00:22:59,376 [main] INFO  server.RaftServerConfigKeys (ConfUtils.java:logGet(43)) - raft.server.storage.dir = [/workdir/hadoop-ozone/integration-test/target/test-dir/MiniOzoneClusterImpl-69d1aaba-645e-4570-a77a-1465b29f52f4/datanode-5/data/ratis] (custom)
2019-10-02 00:22:59,378 [main] INFO  hdfs.DFSUtil (DFSUtil.java:httpServerTemplateForNNAndJN(1641)) - Starting Web-server for hddsDatanode at: http://0.0.0.0:0
2019-10-02 00:22:59,380 [main] INFO  server.AuthenticationFilter (AuthenticationFilter.java:constructSecretProvider(240)) - Unable to initialize FileSignerSecretProvider, falling back to use random secrets.
2019-10-02 00:22:59,381 [main] WARN  http.HttpRequestLog (HttpRequestLog.java:getRequestLog(97)) - Jetty request log can only be enabled using Log4j
2019-10-02 00:22:59,383 [main] INFO  http.HttpServer2 (HttpServer2.java:addGlobalFilter(975)) - Added global filter 'safety' (class=org.apache.hadoop.http.HttpServer2$QuotingInputFilter)
2019-10-02 00:22:59,384 [main] INFO  http.HttpServer2 (HttpServer2.java:addFilter(948)) - Added filter static_user_filter (class=org.apache.hadoop.http.lib.StaticUserWebFilter$StaticUserFilter) to context hddsDatanode
2019-10-02 00:22:59,384 [main] INFO  http.HttpServer2 (HttpServer2.java:addFilter(958)) - Added filter static_user_filter (class=org.apache.hadoop.http.lib.StaticUserWebFilter$StaticUserFilter) to context static
2019-10-02 00:22:59,384 [main] INFO  http.HttpServer2 (HttpServer2.java:addFilter(958)) - Added filter static_user_filter (class=org.apache.hadoop.http.lib.StaticUserWebFilter$StaticUserFilter) to context logs
2019-10-02 00:22:59,385 [main] INFO  http.HttpServer2 (HttpServer2.java:bindListener(1191)) - Jetty bound to port 33504
2019-10-02 00:22:59,386 [main] INFO  server.Server (Server.java:doStart(351)) - jetty-9.3.25.v20180904, build timestamp: 2018-09-04T21:11:46Z, git hash: 3ce520221d0240229c862b122d2b06c12a625732
2019-10-02 00:22:59,389 [main] INFO  handler.ContextHandler (ContextHandler.java:doStart(781)) - Started o.e.j.s.ServletContextHandler@433d9680{/logs,file:///workdir/hadoop-ozone/integration-test/target/log,AVAILABLE}
2019-10-02 00:22:59,389 [main] INFO  handler.ContextHandler (ContextHandler.java:doStart(781)) - Started o.e.j.s.ServletContextHandler@2da81754{/static,jar:file:/home/user/.m2/repository/org/apache/hadoop/hadoop-hdds-container-service/0.5.0-SNAPSHOT/hadoop-hdds-container-service-0.5.0-SNAPSHOT.jar!/webapps/static,AVAILABLE}
2019-10-02 00:22:59,426 [main] INFO  handler.ContextHandler (ContextHandler.java:doStart(781)) - Started o.e.j.w.WebAppContext@637791d{/,file:///tmp/jetty-0.0.0.0-33504-hddsDatanode-_-any-6131230232377498208.dir/webapp/,AVAILABLE}{/hddsDatanode}
2019-10-02 00:22:59,426 [main] INFO  server.AbstractConnector (AbstractConnector.java:doStart(278)) - Started ServerConnector@3b0c3951{HTTP/1.1,[http/1.1]}{0.0.0.0:33504}
2019-10-02 00:22:59,428 [main] INFO  server.Server (Server.java:doStart(419)) - Started @107015ms
2019-10-02 00:22:59,429 [main] WARN  impl.MetricsSystemImpl (MetricsSystemImpl.java:register(276)) - Sink prometheus already exists!
2019-10-02 00:22:59,429 [main] INFO  server.BaseHttpServer (BaseHttpServer.java:updateConnectorAddress(215)) - HTTP server of HDDSDATANODE is listening at http://0.0.0.0:33504
2019-10-02 00:22:59,430 [main] INFO  impl.MetricsSystemImpl (MetricsSystemImpl.java:init(158)) - HddsDatanode metrics system started (again)
2019-10-02 00:22:59,433 [org.apache.hadoop.util.JvmPauseMonitor$Monitor@672a3f3c] INFO  util.JvmPauseMonitor (JvmPauseMonitor.java:run(188)) - Starting JVM pause monitor
2019-10-02 00:22:59,434 [main] INFO  ozone.HddsDatanodeService (HddsDatanodeService.java:start(184)) - HddsDatanodeService host:pr-hdds-2201-rename-25sj9-3976918760 ip:192.168.30.63
2019-10-02 00:22:59,434 [Datanode State Machine Thread - 0] INFO  datanode.InitDatanodeState (InitDatanodeState.java:persistContainerDatanodeDetails(140)) - DatanodeDetails is persisted to /workdir/hadoop-ozone/integration-test/target/test-dir/MiniOzoneClusterImpl-69d1aaba-645e-4570-a77a-1465b29f52f4/datanode-5/meta/datanode.id
2019-10-02 00:22:59,439 [main] INFO  volume.HddsVolume (HddsVolume.java:<init>(176)) - Creating Volume: /workdir/hadoop-ozone/integration-test/target/test-dir/MiniOzoneClusterImpl-69d1aaba-645e-4570-a77a-1465b29f52f4/datanode-6/data/containers/hdds of  storage type : DISK and capacity : 1482555576320
2019-10-02 00:22:59,440 [main] INFO  volume.VolumeSet (VolumeSet.java:initializeVolumeSet(170)) - Added Volume : /workdir/hadoop-ozone/integration-test/target/test-dir/MiniOzoneClusterImpl-69d1aaba-645e-4570-a77a-1465b29f52f4/datanode-6/data/containers/hdds to VolumeSet
2019-10-02 00:22:59,440 [main] INFO  volume.ThrottledAsyncChecker (ThrottledAsyncChecker.java:schedule(139)) - Scheduling a check for org.apache.hadoop.ozone.container.common.volume.HddsVolume@3ad8717d
2019-10-02 00:22:59,440 [main] INFO  volume.HddsVolumeChecker (HddsVolumeChecker.java:checkAllVolumes(202)) - Scheduled health check for volume org.apache.hadoop.ozone.container.common.volume.HddsVolume@3ad8717d
2019-10-02 00:22:59,453 [main] INFO  impl.RaftServerProxy (ConfUtils.java:logGet(43)) - raft.rpc.type = GRPC (default)
2019-10-02 00:22:59,453 [main] INFO  grpc.GrpcFactory (GrpcFactory.java:checkPooledByteBufAllocatorUseCacheForAllThreads(45)) - PERFORMANCE WARNING: useCacheForAllThreads is true that may cause Netty to create a lot garbage objects and, as a result, trigger GC.
	It is recommended to disable useCacheForAllThreads by setting -Dorg.apache.ratis.thirdparty.io.netty.allocator.useCacheForAllThreads=false in command line.
2019-10-02 00:22:59,454 [main] INFO  grpc.GrpcConfigKeys$Server (ConfUtils.java:logGet(43)) - raft.grpc.server.port = 0 (default)
2019-10-02 00:22:59,454 [main] INFO  server.GrpcService (ConfUtils.java:logGet(43)) - raft.grpc.message.size.max = 33570816 (custom)
2019-10-02 00:22:59,454 [main] INFO  server.RaftServerConfigKeys (ConfUtils.java:logGet(43)) - raft.server.log.appender.buffer.byte-limit = 33554432 (custom)
2019-10-02 00:22:59,454 [main] INFO  server.GrpcService (ConfUtils.java:logGet(43)) - raft.grpc.flow.control.window = 1MB (=1048576) (default)
2019-10-02 00:22:59,454 [main] INFO  server.RaftServerConfigKeys (ConfUtils.java:logGet(43)) - raft.server.rpc.request.timeout = 3000ms (default)
2019-10-02 00:22:59,455 [main] INFO  server.RaftServerConfigKeys (ConfUtils.java:logGet(43)) - raft.server.storage.dir = [/workdir/hadoop-ozone/integration-test/target/test-dir/MiniOzoneClusterImpl-69d1aaba-645e-4570-a77a-1465b29f52f4/datanode-6/data/ratis] (custom)
2019-10-02 00:22:59,456 [main] INFO  hdfs.DFSUtil (DFSUtil.java:httpServerTemplateForNNAndJN(1641)) - Starting Web-server for hddsDatanode at: http://0.0.0.0:0
2019-10-02 00:22:59,457 [main] INFO  server.AuthenticationFilter (AuthenticationFilter.java:constructSecretProvider(240)) - Unable to initialize FileSignerSecretProvider, falling back to use random secrets.
2019-10-02 00:22:59,457 [main] WARN  http.HttpRequestLog (HttpRequestLog.java:getRequestLog(97)) - Jetty request log can only be enabled using Log4j
2019-10-02 00:22:59,458 [main] INFO  http.HttpServer2 (HttpServer2.java:addGlobalFilter(975)) - Added global filter 'safety' (class=org.apache.hadoop.http.HttpServer2$QuotingInputFilter)
2019-10-02 00:22:59,459 [main] INFO  http.HttpServer2 (HttpServer2.java:addFilter(948)) - Added filter static_user_filter (class=org.apache.hadoop.http.lib.StaticUserWebFilter$StaticUserFilter) to context hddsDatanode
2019-10-02 00:22:59,459 [main] INFO  http.HttpServer2 (HttpServer2.java:addFilter(958)) - Added filter static_user_filter (class=org.apache.hadoop.http.lib.StaticUserWebFilter$StaticUserFilter) to context static
2019-10-02 00:22:59,459 [main] INFO  http.HttpServer2 (HttpServer2.java:addFilter(958)) - Added filter static_user_filter (class=org.apache.hadoop.http.lib.StaticUserWebFilter$StaticUserFilter) to context logs
2019-10-02 00:22:59,460 [main] INFO  http.HttpServer2 (HttpServer2.java:bindListener(1191)) - Jetty bound to port 33617
2019-10-02 00:22:59,460 [main] INFO  server.Server (Server.java:doStart(351)) - jetty-9.3.25.v20180904, build timestamp: 2018-09-04T21:11:46Z, git hash: 3ce520221d0240229c862b122d2b06c12a625732
2019-10-02 00:22:59,461 [main] INFO  handler.ContextHandler (ContextHandler.java:doStart(781)) - Started o.e.j.s.ServletContextHandler@1fecfaea{/logs,file:///workdir/hadoop-ozone/integration-test/target/log,AVAILABLE}
2019-10-02 00:22:59,462 [main] INFO  handler.ContextHandler (ContextHandler.java:doStart(781)) - Started o.e.j.s.ServletContextHandler@483f286e{/static,jar:file:/home/user/.m2/repository/org/apache/hadoop/hadoop-hdds-container-service/0.5.0-SNAPSHOT/hadoop-hdds-container-service-0.5.0-SNAPSHOT.jar!/webapps/static,AVAILABLE}
2019-10-02 00:22:59,489 [main] INFO  handler.ContextHandler (ContextHandler.java:doStart(781)) - Started o.e.j.w.WebAppContext@581b1c08{/,file:///tmp/jetty-0.0.0.0-33617-hddsDatanode-_-any-2558085110204532576.dir/webapp/,AVAILABLE}{/hddsDatanode}
2019-10-02 00:22:59,489 [main] INFO  server.AbstractConnector (AbstractConnector.java:doStart(278)) - Started ServerConnector@1c240cf2{HTTP/1.1,[http/1.1]}{0.0.0.0:33617}
2019-10-02 00:22:59,490 [main] INFO  server.Server (Server.java:doStart(419)) - Started @107077ms
2019-10-02 00:22:59,490 [main] WARN  impl.MetricsSystemImpl (MetricsSystemImpl.java:register(276)) - Sink prometheus already exists!
2019-10-02 00:22:59,491 [main] INFO  server.BaseHttpServer (BaseHttpServer.java:updateConnectorAddress(215)) - HTTP server of HDDSDATANODE is listening at http://0.0.0.0:33617
2019-10-02 00:22:59,492 [main] INFO  ozone.MiniOzoneClusterImpl (MiniOzoneClusterImpl.java:lambda$waitForClusterToBeReady$0(147)) - Waiting for cluster to be ready. Got 0 of 7 DN Heartbeats.
2019-10-02 00:22:59,493 [org.apache.hadoop.util.JvmPauseMonitor$Monitor@9312454] INFO  util.JvmPauseMonitor (JvmPauseMonitor.java:run(188)) - Starting JVM pause monitor
2019-10-02 00:22:59,495 [Datanode State Machine Thread - 0] INFO  datanode.InitDatanodeState (InitDatanodeState.java:persistContainerDatanodeDetails(140)) - DatanodeDetails is persisted to /workdir/hadoop-ozone/integration-test/target/test-dir/MiniOzoneClusterImpl-69d1aaba-645e-4570-a77a-1465b29f52f4/datanode-6/meta/datanode.id
2019-10-02 00:23:00,492 [main] INFO  ozone.MiniOzoneClusterImpl (MiniOzoneClusterImpl.java:lambda$waitForClusterToBeReady$0(147)) - Waiting for cluster to be ready. Got 0 of 7 DN Heartbeats.
2019-10-02 00:23:01,090 [Datanode State Machine Thread - 0] INFO  ozoneimpl.OzoneContainer (OzoneContainer.java:start(217)) - Attempting to start container services.
2019-10-02 00:23:01,091 [Datanode State Machine Thread - 0] INFO  ozoneimpl.OzoneContainer (OzoneContainer.java:startContainerScrub(179)) - Background container scanner has been disabled.
2019-10-02 00:23:01,091 [Datanode State Machine Thread - 0] INFO  ratis.XceiverServerRatis (XceiverServerRatis.java:start(417)) - Starting XceiverServerRatis 6e95f05e-e2a5-4890-a0e7-0cff46ac429d at port 0
2019-10-02 00:23:01,102 [Datanode State Machine Thread - 0] INFO  impl.RaftServerProxy (RaftServerProxy.java:lambda$start$3(299)) - 6e95f05e-e2a5-4890-a0e7-0cff46ac429d: start RPC server
2019-10-02 00:23:01,105 [Datanode State Machine Thread - 0] INFO  server.GrpcService (GrpcService.java:startImpl(158)) - 6e95f05e-e2a5-4890-a0e7-0cff46ac429d: GrpcService started, listening on 0.0.0.0/0.0.0.0:43335
2019-10-02 00:23:01,106 [Datanode State Machine Thread - 0] INFO  ratis.XceiverServerRatis (XceiverServerRatis.java:start(427)) - XceiverServerRatis 6e95f05e-e2a5-4890-a0e7-0cff46ac429d is started using port 43335
2019-10-02 00:23:01,106 [Datanode State Machine Thread - 0] INFO  server.XceiverServerGrpc (XceiverServerGrpc.java:start(149)) - XceiverServerGrpc 6e95f05e-e2a5-4890-a0e7-0cff46ac429d is started using port 39059
2019-10-02 00:23:01,124 [Datanode State Machine Thread - 0] INFO  ozoneimpl.OzoneContainer (OzoneContainer.java:start(217)) - Attempting to start container services.
2019-10-02 00:23:01,126 [Datanode State Machine Thread - 0] INFO  ozoneimpl.OzoneContainer (OzoneContainer.java:startContainerScrub(179)) - Background container scanner has been disabled.
2019-10-02 00:23:01,126 [Datanode State Machine Thread - 0] INFO  ratis.XceiverServerRatis (XceiverServerRatis.java:start(417)) - Starting XceiverServerRatis 16ce8322-4822-4de8-bfd1-27f2ac1f3e97 at port 0
2019-10-02 00:23:01,132 [Datanode State Machine Thread - 0] INFO  impl.RaftServerProxy (RaftServerProxy.java:lambda$start$3(299)) - 16ce8322-4822-4de8-bfd1-27f2ac1f3e97: start RPC server
2019-10-02 00:23:01,134 [Datanode State Machine Thread - 0] INFO  server.GrpcService (GrpcService.java:startImpl(158)) - 16ce8322-4822-4de8-bfd1-27f2ac1f3e97: GrpcService started, listening on 0.0.0.0/0.0.0.0:43966
2019-10-02 00:23:01,134 [Datanode State Machine Thread - 0] INFO  ratis.XceiverServerRatis (XceiverServerRatis.java:start(427)) - XceiverServerRatis 16ce8322-4822-4de8-bfd1-27f2ac1f3e97 is started using port 43966
2019-10-02 00:23:01,135 [Datanode State Machine Thread - 0] INFO  server.XceiverServerGrpc (XceiverServerGrpc.java:start(149)) - XceiverServerGrpc 16ce8322-4822-4de8-bfd1-27f2ac1f3e97 is started using port 38069
2019-10-02 00:23:01,203 [Datanode State Machine Thread - 0] INFO  ozoneimpl.OzoneContainer (OzoneContainer.java:start(217)) - Attempting to start container services.
2019-10-02 00:23:01,204 [Datanode State Machine Thread - 0] INFO  ozoneimpl.OzoneContainer (OzoneContainer.java:startContainerScrub(179)) - Background container scanner has been disabled.
2019-10-02 00:23:01,204 [Datanode State Machine Thread - 0] INFO  ratis.XceiverServerRatis (XceiverServerRatis.java:start(417)) - Starting XceiverServerRatis 46b08147-e058-4424-8100-2a54324fd185 at port 0
2019-10-02 00:23:01,210 [Datanode State Machine Thread - 0] INFO  impl.RaftServerProxy (RaftServerProxy.java:lambda$start$3(299)) - 46b08147-e058-4424-8100-2a54324fd185: start RPC server
2019-10-02 00:23:01,212 [Datanode State Machine Thread - 0] INFO  server.GrpcService (GrpcService.java:startImpl(158)) - 46b08147-e058-4424-8100-2a54324fd185: GrpcService started, listening on 0.0.0.0/0.0.0.0:37180
2019-10-02 00:23:01,212 [Datanode State Machine Thread - 0] INFO  ratis.XceiverServerRatis (XceiverServerRatis.java:start(427)) - XceiverServerRatis 46b08147-e058-4424-8100-2a54324fd185 is started using port 37180
2019-10-02 00:23:01,213 [Datanode State Machine Thread - 0] INFO  server.XceiverServerGrpc (XceiverServerGrpc.java:start(149)) - XceiverServerGrpc 46b08147-e058-4424-8100-2a54324fd185 is started using port 44006
2019-10-02 00:23:01,288 [Datanode State Machine Thread - 0] INFO  ozoneimpl.OzoneContainer (OzoneContainer.java:start(217)) - Attempting to start container services.
2019-10-02 00:23:01,289 [Datanode State Machine Thread - 0] INFO  ozoneimpl.OzoneContainer (OzoneContainer.java:startContainerScrub(179)) - Background container scanner has been disabled.
2019-10-02 00:23:01,289 [Datanode State Machine Thread - 0] INFO  ratis.XceiverServerRatis (XceiverServerRatis.java:start(417)) - Starting XceiverServerRatis e38b2c57-da58-4cb4-9af3-56c45b505280 at port 0
2019-10-02 00:23:01,296 [Datanode State Machine Thread - 0] INFO  impl.RaftServerProxy (RaftServerProxy.java:lambda$start$3(299)) - e38b2c57-da58-4cb4-9af3-56c45b505280: start RPC server
2019-10-02 00:23:01,297 [Datanode State Machine Thread - 0] INFO  server.GrpcService (GrpcService.java:startImpl(158)) - e38b2c57-da58-4cb4-9af3-56c45b505280: GrpcService started, listening on 0.0.0.0/0.0.0.0:40776
2019-10-02 00:23:01,297 [Datanode State Machine Thread - 0] INFO  ratis.XceiverServerRatis (XceiverServerRatis.java:start(427)) - XceiverServerRatis e38b2c57-da58-4cb4-9af3-56c45b505280 is started using port 40776
2019-10-02 00:23:01,297 [Datanode State Machine Thread - 0] INFO  server.XceiverServerGrpc (XceiverServerGrpc.java:start(149)) - XceiverServerGrpc e38b2c57-da58-4cb4-9af3-56c45b505280 is started using port 37095
2019-10-02 00:23:01,373 [Datanode State Machine Thread - 0] INFO  ozoneimpl.OzoneContainer (OzoneContainer.java:start(217)) - Attempting to start container services.
2019-10-02 00:23:01,373 [Datanode State Machine Thread - 0] INFO  ozoneimpl.OzoneContainer (OzoneContainer.java:startContainerScrub(179)) - Background container scanner has been disabled.
2019-10-02 00:23:01,373 [Datanode State Machine Thread - 0] INFO  ratis.XceiverServerRatis (XceiverServerRatis.java:start(417)) - Starting XceiverServerRatis 30ddb538-5430-4b07-ac01-3a06f53f55c9 at port 0
2019-10-02 00:23:01,381 [Datanode State Machine Thread - 0] INFO  impl.RaftServerProxy (RaftServerProxy.java:lambda$start$3(299)) - 30ddb538-5430-4b07-ac01-3a06f53f55c9: start RPC server
2019-10-02 00:23:01,382 [Datanode State Machine Thread - 0] INFO  server.GrpcService (GrpcService.java:startImpl(158)) - 30ddb538-5430-4b07-ac01-3a06f53f55c9: GrpcService started, listening on 0.0.0.0/0.0.0.0:43140
2019-10-02 00:23:01,383 [Datanode State Machine Thread - 0] INFO  ratis.XceiverServerRatis (XceiverServerRatis.java:start(427)) - XceiverServerRatis 30ddb538-5430-4b07-ac01-3a06f53f55c9 is started using port 43140
2019-10-02 00:23:01,383 [Datanode State Machine Thread - 0] INFO  server.XceiverServerGrpc (XceiverServerGrpc.java:start(149)) - XceiverServerGrpc 30ddb538-5430-4b07-ac01-3a06f53f55c9 is started using port 32870
2019-10-02 00:23:01,457 [Datanode State Machine Thread - 0] INFO  ozoneimpl.OzoneContainer (OzoneContainer.java:start(217)) - Attempting to start container services.
2019-10-02 00:23:01,457 [Datanode State Machine Thread - 0] INFO  ozoneimpl.OzoneContainer (OzoneContainer.java:startContainerScrub(179)) - Background container scanner has been disabled.
2019-10-02 00:23:01,457 [Datanode State Machine Thread - 0] INFO  ratis.XceiverServerRatis (XceiverServerRatis.java:start(417)) - Starting XceiverServerRatis 6f4fc033-5a75-4f35-94b7-46b35564497b at port 0
2019-10-02 00:23:01,465 [Datanode State Machine Thread - 0] INFO  impl.RaftServerProxy (RaftServerProxy.java:lambda$start$3(299)) - 6f4fc033-5a75-4f35-94b7-46b35564497b: start RPC server
2019-10-02 00:23:01,468 [Datanode State Machine Thread - 0] INFO  server.GrpcService (GrpcService.java:startImpl(158)) - 6f4fc033-5a75-4f35-94b7-46b35564497b: GrpcService started, listening on 0.0.0.0/0.0.0.0:44376
2019-10-02 00:23:01,468 [Datanode State Machine Thread - 0] INFO  ratis.XceiverServerRatis (XceiverServerRatis.java:start(427)) - XceiverServerRatis 6f4fc033-5a75-4f35-94b7-46b35564497b is started using port 44376
2019-10-02 00:23:01,468 [Datanode State Machine Thread - 0] INFO  server.XceiverServerGrpc (XceiverServerGrpc.java:start(149)) - XceiverServerGrpc 6f4fc033-5a75-4f35-94b7-46b35564497b is started using port 39732
2019-10-02 00:23:01,493 [main] INFO  ozone.MiniOzoneClusterImpl (MiniOzoneClusterImpl.java:lambda$waitForClusterToBeReady$0(147)) - Waiting for cluster to be ready. Got 0 of 7 DN Heartbeats.
2019-10-02 00:23:01,517 [Datanode State Machine Thread - 0] INFO  ozoneimpl.OzoneContainer (OzoneContainer.java:start(217)) - Attempting to start container services.
2019-10-02 00:23:01,517 [Datanode State Machine Thread - 0] INFO  ozoneimpl.OzoneContainer (OzoneContainer.java:startContainerScrub(179)) - Background container scanner has been disabled.
2019-10-02 00:23:01,518 [Datanode State Machine Thread - 0] INFO  ratis.XceiverServerRatis (XceiverServerRatis.java:start(417)) - Starting XceiverServerRatis d5b358b0-3343-4ef6-8f4c-fc31889afd69 at port 0
2019-10-02 00:23:01,524 [Datanode State Machine Thread - 0] INFO  impl.RaftServerProxy (RaftServerProxy.java:lambda$start$3(299)) - d5b358b0-3343-4ef6-8f4c-fc31889afd69: start RPC server
2019-10-02 00:23:01,536 [Datanode State Machine Thread - 0] INFO  server.GrpcService (GrpcService.java:startImpl(158)) - d5b358b0-3343-4ef6-8f4c-fc31889afd69: GrpcService started, listening on 0.0.0.0/0.0.0.0:45861
2019-10-02 00:23:01,537 [Datanode State Machine Thread - 0] INFO  ratis.XceiverServerRatis (XceiverServerRatis.java:start(427)) - XceiverServerRatis d5b358b0-3343-4ef6-8f4c-fc31889afd69 is started using port 45861
2019-10-02 00:23:01,537 [Datanode State Machine Thread - 0] INFO  server.XceiverServerGrpc (XceiverServerGrpc.java:start(149)) - XceiverServerGrpc d5b358b0-3343-4ef6-8f4c-fc31889afd69 is started using port 35914
2019-10-02 00:23:02,494 [main] INFO  ozone.MiniOzoneClusterImpl (MiniOzoneClusterImpl.java:lambda$waitForClusterToBeReady$0(147)) - Waiting for cluster to be ready. Got 0 of 7 DN Heartbeats.
2019-10-02 00:23:03,038 [IPC Server handler 2 on 39752] INFO  net.NetworkTopology (NetworkTopologyImpl.java:add(111)) - Added a new node: /default-rack/6e95f05e-e2a5-4890-a0e7-0cff46ac429d
2019-10-02 00:23:03,041 [IPC Server handler 2 on 39752] INFO  node.SCMNodeManager (SCMNodeManager.java:register(266)) - Registered Data node : 6e95f05e-e2a5-4890-a0e7-0cff46ac429d{ip: 192.168.30.63, host: pr-hdds-2201-rename-25sj9-3976918760, networkLocation: /default-rack, certSerialId: null}
2019-10-02 00:23:03,042 [EventQueue-NodeRegistrationContainerReportForDataNodeSafeModeRule] INFO  safemode.SCMSafeModeManager (DataNodeSafeModeRule.java:process(71)) - SCM in safe mode. 1 DataNodes registered, 1 required.
2019-10-02 00:23:03,045 [EventQueue-NodeRegistrationContainerReportForDataNodeSafeModeRule] INFO  safemode.SCMSafeModeManager (SCMSafeModeManager.java:validateSafeModeExitRules(177)) - ScmSafeModeManager, all rules are successfully validated
2019-10-02 00:23:03,045 [EventQueue-NodeRegistrationContainerReportForDataNodeSafeModeRule] INFO  safemode.SCMSafeModeManager (SCMSafeModeManager.java:exitSafeMode(193)) - SCM exiting safe mode.
2019-10-02 00:23:03,058 [grpc-default-executor-6] INFO  impl.RaftServerProxy (RaftServerProxy.java:addNew(89)) - 6e95f05e-e2a5-4890-a0e7-0cff46ac429d: addNew group-1F4CA09E05A8:[6e95f05e-e2a5-4890-a0e7-0cff46ac429d:192.168.30.63:43335] returns group-1F4CA09E05A8:java.util.concurrent.CompletableFuture@7d12c580[Not completed]
2019-10-02 00:23:03,062 [pool-207-thread-1] INFO  impl.RaftServerImpl (RaftServerImpl.java:<init>(95)) - 6e95f05e-e2a5-4890-a0e7-0cff46ac429d: new RaftServerImpl for group-1F4CA09E05A8:[6e95f05e-e2a5-4890-a0e7-0cff46ac429d:192.168.30.63:43335] with ContainerStateMachine:uninitialized
2019-10-02 00:23:03,062 [pool-207-thread-1] INFO  server.RaftServerConfigKeys (ConfUtils.java:logGet(43)) - raft.server.rpc.timeout.min = 5s (custom)
2019-10-02 00:23:03,063 [pool-207-thread-1] INFO  server.RaftServerConfigKeys (ConfUtils.java:logGet(43)) - raft.server.rpc.timeout.max = 5200ms (custom)
2019-10-02 00:23:03,063 [pool-207-thread-1] INFO  server.RaftServerConfigKeys (ConfUtils.java:logGet(43)) - raft.server.rpcslowness.timeout = 120s (custom)
2019-10-02 00:23:03,063 [pool-207-thread-1] INFO  server.RaftServerConfigKeys (ConfUtils.java:logGet(43)) - raft.server.sleep.deviation.threshold = 300 (default)
2019-10-02 00:23:03,064 [pool-207-thread-1] INFO  server.RaftServerConfigKeys (ConfUtils.java:logGet(43)) - raft.server.log.appender.install.snapshot.enabled = false (custom)
2019-10-02 00:23:03,064 [pool-207-thread-1] INFO  impl.RaftServerImpl (ServerState.java:<init>(103)) - 6e95f05e-e2a5-4890-a0e7-0cff46ac429d@group-1F4CA09E05A8: ConfigurationManager, init=-1: [6e95f05e-e2a5-4890-a0e7-0cff46ac429d:192.168.30.63:43335], old=null, confs=<EMPTY_MAP>
2019-10-02 00:23:03,064 [pool-207-thread-1] INFO  server.RaftServerConfigKeys (ConfUtils.java:logGet(43)) - raft.server.storage.dir = [/workdir/hadoop-ozone/integration-test/target/test-dir/MiniOzoneClusterImpl-69d1aaba-645e-4570-a77a-1465b29f52f4/datanode-0/data/ratis] (custom)
2019-10-02 00:23:03,065 [pool-207-thread-1] INFO  server.RaftServerConfigKeys (ConfUtils.java:logGet(43)) - raft.server.log.corruption.policy = EXCEPTION (default)
2019-10-02 00:23:03,065 [pool-207-thread-1] INFO  storage.RaftStorageDirectory (RaftStorageDirectory.java:analyzeStorage(246)) - The storage directory /workdir/hadoop-ozone/integration-test/target/test-dir/MiniOzoneClusterImpl-69d1aaba-645e-4570-a77a-1465b29f52f4/datanode-0/data/ratis/ab97cff3-d85f-4585-9c2a-1f4ca09e05a8 does not exist. Creating ...
2019-10-02 00:23:03,089 [pool-207-thread-1] INFO  storage.RaftStorageDirectory (RaftStorageDirectory.java:tryLock(328)) - Lock on /workdir/hadoop-ozone/integration-test/target/test-dir/MiniOzoneClusterImpl-69d1aaba-645e-4570-a77a-1465b29f52f4/datanode-0/data/ratis/ab97cff3-d85f-4585-9c2a-1f4ca09e05a8/in_use.lock acquired by nodename 10586@pr-hdds-2201-rename-25sj9-3976918760
2019-10-02 00:23:03,099 [IPC Server handler 3 on 39752] INFO  net.NetworkTopology (NetworkTopologyImpl.java:add(111)) - Added a new node: /default-rack/16ce8322-4822-4de8-bfd1-27f2ac1f3e97
2019-10-02 00:23:03,100 [IPC Server handler 3 on 39752] INFO  node.SCMNodeManager (SCMNodeManager.java:register(266)) - Registered Data node : 16ce8322-4822-4de8-bfd1-27f2ac1f3e97{ip: 192.168.30.63, host: pr-hdds-2201-rename-25sj9-3976918760, networkLocation: /default-rack, certSerialId: null}
2019-10-02 00:23:03,113 [pool-207-thread-1] INFO  storage.RaftStorage (RaftStorage.java:format(84)) - Storage directory /workdir/hadoop-ozone/integration-test/target/test-dir/MiniOzoneClusterImpl-69d1aaba-645e-4570-a77a-1465b29f52f4/datanode-0/data/ratis/ab97cff3-d85f-4585-9c2a-1f4ca09e05a8 has been successfully formatted.
2019-10-02 00:23:03,113 [pool-207-thread-1] INFO  ratis.ContainerStateMachine (ContainerStateMachine.java:loadSnapshot(230)) - group-1F4CA09E05A8: The snapshot info is null. Setting the last applied indexto:(t:0, i:~)
2019-10-02 00:23:03,113 [pool-207-thread-1] INFO  server.RaftServerConfigKeys (ConfUtils.java:logGet(43)) - raft.server.notification.no-leader.timeout = 120s (custom)
2019-10-02 00:23:03,113 [pool-207-thread-1] INFO  server.RaftServerConfigKeys (ConfUtils.java:logGet(43)) - raft.server.log.use.memory = false (default)
2019-10-02 00:23:03,113 [pool-207-thread-1] INFO  server.RaftServerConfigKeys (ConfUtils.java:logGet(43)) - raft.server.log.purge.gap = 1000000 (custom)
2019-10-02 00:23:03,114 [pool-207-thread-1] INFO  server.RaftServerConfigKeys (ConfUtils.java:logGet(43)) - raft.server.log.appender.buffer.byte-limit = 33554432 (custom)
2019-10-02 00:23:03,114 [pool-207-thread-1] INFO  server.RaftServerConfigKeys (ConfUtils.java:logGet(43)) - raft.server.log.segment.size.max = 1048576 (custom)
2019-10-02 00:23:03,118 [pool-207-thread-1] INFO  server.RaftServerConfigKeys (ConfUtils.java:logGet(43)) - raft.server.log.segment.cache.num.max = 2 (custom)
2019-10-02 00:23:03,118 [pool-207-thread-1] INFO  segmented.SegmentedRaftLogWorker (SegmentedRaftLogWorker.java:<init>(173)) - new 6e95f05e-e2a5-4890-a0e7-0cff46ac429d@group-1F4CA09E05A8-SegmentedRaftLogWorker for RaftStorage:Storage Directory /workdir/hadoop-ozone/integration-test/target/test-dir/MiniOzoneClusterImpl-69d1aaba-645e-4570-a77a-1465b29f52f4/datanode-0/data/ratis/ab97cff3-d85f-4585-9c2a-1f4ca09e05a8
2019-10-02 00:23:03,118 [pool-207-thread-1] INFO  server.RaftServerConfigKeys (ConfUtils.java:logGet(43)) - raft.server.log.queue.byte-limit = 2147483647 (custom)
2019-10-02 00:23:03,118 [pool-207-thread-1] INFO  server.RaftServerConfigKeys (ConfUtils.java:logGet(43)) - raft.server.log.queue.element-limit = 1024 (custom)
2019-10-02 00:23:03,119 [pool-207-thread-1] INFO  server.RaftServerConfigKeys (ConfUtils.java:logGet(43)) - raft.server.log.segment.size.max = 1048576 (custom)
2019-10-02 00:23:03,119 [pool-207-thread-1] INFO  server.RaftServerConfigKeys (ConfUtils.java:logGet(43)) - raft.server.log.preallocated.size = 16384 (custom)
2019-10-02 00:23:03,119 [pool-207-thread-1] INFO  server.RaftServerConfigKeys (ConfUtils.java:logGet(43)) - raft.server.log.write.buffer.size = 33554432 (custom)
2019-10-02 00:23:03,120 [pool-207-thread-1] INFO  server.RaftServerConfigKeys (ConfUtils.java:logGet(43)) - raft.server.log.force.sync.num = 128 (default)
2019-10-02 00:23:03,120 [pool-207-thread-1] INFO  server.RaftServerConfigKeys (ConfUtils.java:logGet(43)) - raft.server.log.statemachine.data.sync = true (default)
2019-10-02 00:23:03,120 [pool-207-thread-1] INFO  server.RaftServerConfigKeys (ConfUtils.java:logGet(43)) - raft.server.log.statemachine.data.sync.timeout = 10s (default)
2019-10-02 00:23:03,120 [pool-207-thread-1] INFO  server.RaftServerConfigKeys (ConfUtils.java:logGet(43)) - raft.server.log.statemachine.data.sync.timeout.retry = -1 (default)
2019-10-02 00:23:03,121 [pool-207-thread-1] INFO  server.RaftServerConfigKeys (ConfUtils.java:logGet(43)) - raft.server.log.statemachine.data.caching.enabled = true (custom)
2019-10-02 00:23:03,122 [pool-207-thread-1] INFO  segmented.SegmentedRaftLogWorker (SegmentedRaftLogWorker.java:lambda$new$0(128)) - 6e95f05e-e2a5-4890-a0e7-0cff46ac429d@group-1F4CA09E05A8-SegmentedRaftLogWorker: flushIndex: setUnconditionally 0 -> -1
2019-10-02 00:23:03,122 [pool-207-thread-1] INFO  server.RaftServerConfigKeys (ConfUtils.java:logGet(43)) - raft.server.snapshot.auto.trigger.enabled = true (custom)
2019-10-02 00:23:03,122 [pool-207-thread-1] INFO  server.RaftServerConfigKeys (ConfUtils.java:logGet(43)) - raft.server.snapshot.auto.trigger.threshold = 10000 (custom)
2019-10-02 00:23:03,122 [pool-207-thread-1] INFO  server.RaftServerConfigKeys (ConfUtils.java:logGet(43)) - raft.server.snapshot.retention.file.num = 5 (custom)
2019-10-02 00:23:03,123 [pool-207-thread-1] INFO  server.RaftServerConfigKeys (ConfUtils.java:logGet(43)) - raft.server.retrycache.expirytime = 600000ms (custom)
2019-10-02 00:23:03,125 [pool-207-thread-1] INFO  impl.RaftServerImpl (RaftServerImpl.java:start(181)) - 6e95f05e-e2a5-4890-a0e7-0cff46ac429d@group-1F4CA09E05A8: start as a follower, conf=-1: [6e95f05e-e2a5-4890-a0e7-0cff46ac429d:192.168.30.63:43335], old=null
2019-10-02 00:23:03,125 [pool-207-thread-1] INFO  impl.RaftServerImpl (RaftServerImpl.java:setRole(170)) - 6e95f05e-e2a5-4890-a0e7-0cff46ac429d@group-1F4CA09E05A8: changes role from      null to FOLLOWER at term 0 for startAsFollower
2019-10-02 00:23:03,126 [pool-207-thread-1] INFO  impl.RoleInfo (RoleInfo.java:updateAndGet(143)) - 6e95f05e-e2a5-4890-a0e7-0cff46ac429d: start FollowerState
2019-10-02 00:23:03,126 [pool-207-thread-1] INFO  util.JmxRegister (JmxRegister.java:tryRegister(44)) - Successfully registered JMX Bean with object name Ratis:service=RaftServer,group=group-1F4CA09E05A8,id=6e95f05e-e2a5-4890-a0e7-0cff46ac429d
2019-10-02 00:23:03,136 [RatisPipelineUtilsThread] INFO  pipeline.PipelineStateManager (PipelineStateManager.java:addPipeline(56)) - Created pipeline Pipeline[ Id: ab97cff3-d85f-4585-9c2a-1f4ca09e05a8, Nodes: 6e95f05e-e2a5-4890-a0e7-0cff46ac429d{ip: 192.168.30.63, host: pr-hdds-2201-rename-25sj9-3976918760, networkLocation: /default-rack, certSerialId: null}, Type:RATIS, Factor:ONE, State:OPEN]
2019-10-02 00:23:03,161 [grpc-default-executor-6] INFO  impl.RaftServerProxy (RaftServerProxy.java:addNew(89)) - 16ce8322-4822-4de8-bfd1-27f2ac1f3e97: addNew group-081612049E27:[16ce8322-4822-4de8-bfd1-27f2ac1f3e97:192.168.30.63:43966] returns group-081612049E27:java.util.concurrent.CompletableFuture@35fd5b98[Not completed]
2019-10-02 00:23:03,162 [pool-217-thread-1] INFO  impl.RaftServerImpl (RaftServerImpl.java:<init>(95)) - 16ce8322-4822-4de8-bfd1-27f2ac1f3e97: new RaftServerImpl for group-081612049E27:[16ce8322-4822-4de8-bfd1-27f2ac1f3e97:192.168.30.63:43966] with ContainerStateMachine:uninitialized
2019-10-02 00:23:03,163 [pool-217-thread-1] INFO  server.RaftServerConfigKeys (ConfUtils.java:logGet(43)) - raft.server.rpc.timeout.min = 5s (custom)
2019-10-02 00:23:03,163 [pool-217-thread-1] INFO  server.RaftServerConfigKeys (ConfUtils.java:logGet(43)) - raft.server.rpc.timeout.max = 5200ms (custom)
2019-10-02 00:23:03,163 [pool-217-thread-1] INFO  server.RaftServerConfigKeys (ConfUtils.java:logGet(43)) - raft.server.rpcslowness.timeout = 120s (custom)
2019-10-02 00:23:03,163 [pool-217-thread-1] INFO  server.RaftServerConfigKeys (ConfUtils.java:logGet(43)) - raft.server.sleep.deviation.threshold = 300 (default)
2019-10-02 00:23:03,163 [pool-217-thread-1] INFO  server.RaftServerConfigKeys (ConfUtils.java:logGet(43)) - raft.server.log.appender.install.snapshot.enabled = false (custom)
2019-10-02 00:23:03,163 [pool-217-thread-1] INFO  impl.RaftServerImpl (ServerState.java:<init>(103)) - 16ce8322-4822-4de8-bfd1-27f2ac1f3e97@group-081612049E27: ConfigurationManager, init=-1: [16ce8322-4822-4de8-bfd1-27f2ac1f3e97:192.168.30.63:43966], old=null, confs=<EMPTY_MAP>
2019-10-02 00:23:03,164 [pool-217-thread-1] INFO  server.RaftServerConfigKeys (ConfUtils.java:logGet(43)) - raft.server.storage.dir = [/workdir/hadoop-ozone/integration-test/target/test-dir/MiniOzoneClusterImpl-69d1aaba-645e-4570-a77a-1465b29f52f4/datanode-1/data/ratis] (custom)
2019-10-02 00:23:03,164 [pool-217-thread-1] INFO  server.RaftServerConfigKeys (ConfUtils.java:logGet(43)) - raft.server.log.corruption.policy = EXCEPTION (default)
2019-10-02 00:23:03,164 [pool-217-thread-1] INFO  storage.RaftStorageDirectory (RaftStorageDirectory.java:analyzeStorage(246)) - The storage directory /workdir/hadoop-ozone/integration-test/target/test-dir/MiniOzoneClusterImpl-69d1aaba-645e-4570-a77a-1465b29f52f4/datanode-1/data/ratis/e4f74d66-5372-44f6-8e03-081612049e27 does not exist. Creating ...
2019-10-02 00:23:03,180 [IPC Server handler 0 on 39752] INFO  net.NetworkTopology (NetworkTopologyImpl.java:add(111)) - Added a new node: /default-rack/46b08147-e058-4424-8100-2a54324fd185
2019-10-02 00:23:03,180 [IPC Server handler 0 on 39752] INFO  node.SCMNodeManager (SCMNodeManager.java:register(266)) - Registered Data node : 46b08147-e058-4424-8100-2a54324fd185{ip: 192.168.30.63, host: pr-hdds-2201-rename-25sj9-3976918760, networkLocation: /default-rack, certSerialId: null}
2019-10-02 00:23:03,202 [pool-217-thread-1] INFO  storage.RaftStorageDirectory (RaftStorageDirectory.java:tryLock(328)) - Lock on /workdir/hadoop-ozone/integration-test/target/test-dir/MiniOzoneClusterImpl-69d1aaba-645e-4570-a77a-1465b29f52f4/datanode-1/data/ratis/e4f74d66-5372-44f6-8e03-081612049e27/in_use.lock acquired by nodename 10586@pr-hdds-2201-rename-25sj9-3976918760
2019-10-02 00:23:03,227 [pool-217-thread-1] INFO  storage.RaftStorage (RaftStorage.java:format(84)) - Storage directory /workdir/hadoop-ozone/integration-test/target/test-dir/MiniOzoneClusterImpl-69d1aaba-645e-4570-a77a-1465b29f52f4/datanode-1/data/ratis/e4f74d66-5372-44f6-8e03-081612049e27 has been successfully formatted.
2019-10-02 00:23:03,228 [pool-217-thread-1] INFO  ratis.ContainerStateMachine (ContainerStateMachine.java:loadSnapshot(230)) - group-081612049E27: The snapshot info is null. Setting the last applied indexto:(t:0, i:~)
2019-10-02 00:23:03,228 [pool-217-thread-1] INFO  server.RaftServerConfigKeys (ConfUtils.java:logGet(43)) - raft.server.notification.no-leader.timeout = 120s (custom)
2019-10-02 00:23:03,228 [pool-217-thread-1] INFO  server.RaftServerConfigKeys (ConfUtils.java:logGet(43)) - raft.server.log.use.memory = false (default)
2019-10-02 00:23:03,228 [pool-217-thread-1] INFO  server.RaftServerConfigKeys (ConfUtils.java:logGet(43)) - raft.server.log.purge.gap = 1000000 (custom)
2019-10-02 00:23:03,228 [pool-217-thread-1] INFO  server.RaftServerConfigKeys (ConfUtils.java:logGet(43)) - raft.server.log.appender.buffer.byte-limit = 33554432 (custom)
2019-10-02 00:23:03,228 [pool-217-thread-1] INFO  server.RaftServerConfigKeys (ConfUtils.java:logGet(43)) - raft.server.log.segment.size.max = 1048576 (custom)
2019-10-02 00:23:03,230 [pool-217-thread-1] INFO  server.RaftServerConfigKeys (ConfUtils.java:logGet(43)) - raft.server.log.segment.cache.num.max = 2 (custom)
2019-10-02 00:23:03,230 [pool-217-thread-1] INFO  segmented.SegmentedRaftLogWorker (SegmentedRaftLogWorker.java:<init>(173)) - new 16ce8322-4822-4de8-bfd1-27f2ac1f3e97@group-081612049E27-SegmentedRaftLogWorker for RaftStorage:Storage Directory /workdir/hadoop-ozone/integration-test/target/test-dir/MiniOzoneClusterImpl-69d1aaba-645e-4570-a77a-1465b29f52f4/datanode-1/data/ratis/e4f74d66-5372-44f6-8e03-081612049e27
2019-10-02 00:23:03,230 [pool-217-thread-1] INFO  server.RaftServerConfigKeys (ConfUtils.java:logGet(43)) - raft.server.log.queue.byte-limit = 2147483647 (custom)
2019-10-02 00:23:03,231 [pool-217-thread-1] INFO  server.RaftServerConfigKeys (ConfUtils.java:logGet(43)) - raft.server.log.queue.element-limit = 1024 (custom)
2019-10-02 00:23:03,231 [pool-217-thread-1] INFO  server.RaftServerConfigKeys (ConfUtils.java:logGet(43)) - raft.server.log.segment.size.max = 1048576 (custom)
2019-10-02 00:23:03,231 [pool-217-thread-1] INFO  server.RaftServerConfigKeys (ConfUtils.java:logGet(43)) - raft.server.log.preallocated.size = 16384 (custom)
2019-10-02 00:23:03,231 [pool-217-thread-1] INFO  server.RaftServerConfigKeys (ConfUtils.java:logGet(43)) - raft.server.log.write.buffer.size = 33554432 (custom)
2019-10-02 00:23:03,231 [pool-217-thread-1] INFO  server.RaftServerConfigKeys (ConfUtils.java:logGet(43)) - raft.server.log.force.sync.num = 128 (default)
2019-10-02 00:23:03,231 [pool-217-thread-1] INFO  server.RaftServerConfigKeys (ConfUtils.java:logGet(43)) - raft.server.log.statemachine.data.sync = true (default)
2019-10-02 00:23:03,231 [pool-217-thread-1] INFO  server.RaftServerConfigKeys (ConfUtils.java:logGet(43)) - raft.server.log.statemachine.data.sync.timeout = 10s (default)
2019-10-02 00:23:03,231 [pool-217-thread-1] INFO  server.RaftServerConfigKeys (ConfUtils.java:logGet(43)) - raft.server.log.statemachine.data.sync.timeout.retry = -1 (default)
2019-10-02 00:23:03,232 [pool-217-thread-1] INFO  server.RaftServerConfigKeys (ConfUtils.java:logGet(43)) - raft.server.log.statemachine.data.caching.enabled = true (custom)
2019-10-02 00:23:03,233 [pool-217-thread-1] INFO  segmented.SegmentedRaftLogWorker (SegmentedRaftLogWorker.java:lambda$new$0(128)) - 16ce8322-4822-4de8-bfd1-27f2ac1f3e97@group-081612049E27-SegmentedRaftLogWorker: flushIndex: setUnconditionally 0 -> -1
2019-10-02 00:23:03,233 [pool-217-thread-1] INFO  server.RaftServerConfigKeys (ConfUtils.java:logGet(43)) - raft.server.snapshot.auto.trigger.enabled = true (custom)
2019-10-02 00:23:03,233 [pool-217-thread-1] INFO  server.RaftServerConfigKeys (ConfUtils.java:logGet(43)) - raft.server.snapshot.auto.trigger.threshold = 10000 (custom)
2019-10-02 00:23:03,233 [pool-217-thread-1] INFO  server.RaftServerConfigKeys (ConfUtils.java:logGet(43)) - raft.server.snapshot.retention.file.num = 5 (custom)
2019-10-02 00:23:03,233 [pool-217-thread-1] INFO  server.RaftServerConfigKeys (ConfUtils.java:logGet(43)) - raft.server.retrycache.expirytime = 600000ms (custom)
2019-10-02 00:23:03,235 [pool-217-thread-1] INFO  impl.RaftServerImpl (RaftServerImpl.java:start(181)) - 16ce8322-4822-4de8-bfd1-27f2ac1f3e97@group-081612049E27: start as a follower, conf=-1: [16ce8322-4822-4de8-bfd1-27f2ac1f3e97:192.168.30.63:43966], old=null
2019-10-02 00:23:03,235 [pool-217-thread-1] INFO  impl.RaftServerImpl (RaftServerImpl.java:setRole(170)) - 16ce8322-4822-4de8-bfd1-27f2ac1f3e97@group-081612049E27: changes role from      null to FOLLOWER at term 0 for startAsFollower
2019-10-02 00:23:03,236 [pool-217-thread-1] INFO  impl.RoleInfo (RoleInfo.java:updateAndGet(143)) - 16ce8322-4822-4de8-bfd1-27f2ac1f3e97: start FollowerState
2019-10-02 00:23:03,236 [pool-217-thread-1] INFO  util.JmxRegister (JmxRegister.java:tryRegister(44)) - Successfully registered JMX Bean with object name Ratis:service=RaftServer,group=group-081612049E27,id=16ce8322-4822-4de8-bfd1-27f2ac1f3e97
2019-10-02 00:23:03,244 [RatisPipelineUtilsThread] INFO  pipeline.PipelineStateManager (PipelineStateManager.java:addPipeline(56)) - Created pipeline Pipeline[ Id: e4f74d66-5372-44f6-8e03-081612049e27, Nodes: 16ce8322-4822-4de8-bfd1-27f2ac1f3e97{ip: 192.168.30.63, host: pr-hdds-2201-rename-25sj9-3976918760, networkLocation: /default-rack, certSerialId: null}, Type:RATIS, Factor:ONE, State:OPEN]
2019-10-02 00:23:03,252 [grpc-default-executor-6] INFO  impl.RaftServerProxy (RaftServerProxy.java:addNew(89)) - 46b08147-e058-4424-8100-2a54324fd185: addNew group-DA51F844C4B8:[46b08147-e058-4424-8100-2a54324fd185:192.168.30.63:37180] returns group-DA51F844C4B8:java.util.concurrent.CompletableFuture@4e803a74[Not completed]
2019-10-02 00:23:03,254 [pool-227-thread-1] INFO  impl.RaftServerImpl (RaftServerImpl.java:<init>(95)) - 46b08147-e058-4424-8100-2a54324fd185: new RaftServerImpl for group-DA51F844C4B8:[46b08147-e058-4424-8100-2a54324fd185:192.168.30.63:37180] with ContainerStateMachine:uninitialized
2019-10-02 00:23:03,254 [pool-227-thread-1] INFO  server.RaftServerConfigKeys (ConfUtils.java:logGet(43)) - raft.server.rpc.timeout.min = 5s (custom)
2019-10-02 00:23:03,254 [pool-227-thread-1] INFO  server.RaftServerConfigKeys (ConfUtils.java:logGet(43)) - raft.server.rpc.timeout.max = 5200ms (custom)
2019-10-02 00:23:03,254 [pool-227-thread-1] INFO  server.RaftServerConfigKeys (ConfUtils.java:logGet(43)) - raft.server.rpcslowness.timeout = 120s (custom)
2019-10-02 00:23:03,254 [pool-227-thread-1] INFO  server.RaftServerConfigKeys (ConfUtils.java:logGet(43)) - raft.server.sleep.deviation.threshold = 300 (default)
2019-10-02 00:23:03,255 [pool-227-thread-1] INFO  server.RaftServerConfigKeys (ConfUtils.java:logGet(43)) - raft.server.log.appender.install.snapshot.enabled = false (custom)
2019-10-02 00:23:03,255 [pool-227-thread-1] INFO  impl.RaftServerImpl (ServerState.java:<init>(103)) - 46b08147-e058-4424-8100-2a54324fd185@group-DA51F844C4B8: ConfigurationManager, init=-1: [46b08147-e058-4424-8100-2a54324fd185:192.168.30.63:37180], old=null, confs=<EMPTY_MAP>
2019-10-02 00:23:03,255 [pool-227-thread-1] INFO  server.RaftServerConfigKeys (ConfUtils.java:logGet(43)) - raft.server.storage.dir = [/workdir/hadoop-ozone/integration-test/target/test-dir/MiniOzoneClusterImpl-69d1aaba-645e-4570-a77a-1465b29f52f4/datanode-2/data/ratis] (custom)
2019-10-02 00:23:03,255 [pool-227-thread-1] INFO  server.RaftServerConfigKeys (ConfUtils.java:logGet(43)) - raft.server.log.corruption.policy = EXCEPTION (default)
2019-10-02 00:23:03,256 [pool-227-thread-1] INFO  storage.RaftStorageDirectory (RaftStorageDirectory.java:analyzeStorage(246)) - The storage directory /workdir/hadoop-ozone/integration-test/target/test-dir/MiniOzoneClusterImpl-69d1aaba-645e-4570-a77a-1465b29f52f4/datanode-2/data/ratis/a696236f-dccd-473a-bd92-da51f844c4b8 does not exist. Creating ...
2019-10-02 00:23:03,259 [IPC Server handler 5 on 39752] INFO  net.NetworkTopology (NetworkTopologyImpl.java:add(111)) - Added a new node: /default-rack/e38b2c57-da58-4cb4-9af3-56c45b505280
2019-10-02 00:23:03,259 [IPC Server handler 5 on 39752] INFO  node.SCMNodeManager (SCMNodeManager.java:register(266)) - Registered Data node : e38b2c57-da58-4cb4-9af3-56c45b505280{ip: 192.168.30.63, host: pr-hdds-2201-rename-25sj9-3976918760, networkLocation: /default-rack, certSerialId: null}
2019-10-02 00:23:03,278 [pool-227-thread-1] INFO  storage.RaftStorageDirectory (RaftStorageDirectory.java:tryLock(328)) - Lock on /workdir/hadoop-ozone/integration-test/target/test-dir/MiniOzoneClusterImpl-69d1aaba-645e-4570-a77a-1465b29f52f4/datanode-2/data/ratis/a696236f-dccd-473a-bd92-da51f844c4b8/in_use.lock acquired by nodename 10586@pr-hdds-2201-rename-25sj9-3976918760
2019-10-02 00:23:03,303 [pool-227-thread-1] INFO  storage.RaftStorage (RaftStorage.java:format(84)) - Storage directory /workdir/hadoop-ozone/integration-test/target/test-dir/MiniOzoneClusterImpl-69d1aaba-645e-4570-a77a-1465b29f52f4/datanode-2/data/ratis/a696236f-dccd-473a-bd92-da51f844c4b8 has been successfully formatted.
2019-10-02 00:23:03,304 [pool-227-thread-1] INFO  ratis.ContainerStateMachine (ContainerStateMachine.java:loadSnapshot(230)) - group-DA51F844C4B8: The snapshot info is null. Setting the last applied indexto:(t:0, i:~)
2019-10-02 00:23:03,304 [pool-227-thread-1] INFO  server.RaftServerConfigKeys (ConfUtils.java:logGet(43)) - raft.server.notification.no-leader.timeout = 120s (custom)
2019-10-02 00:23:03,304 [pool-227-thread-1] INFO  server.RaftServerConfigKeys (ConfUtils.java:logGet(43)) - raft.server.log.use.memory = false (default)
2019-10-02 00:23:03,304 [pool-227-thread-1] INFO  server.RaftServerConfigKeys (ConfUtils.java:logGet(43)) - raft.server.log.purge.gap = 1000000 (custom)
2019-10-02 00:23:03,305 [pool-227-thread-1] INFO  server.RaftServerConfigKeys (ConfUtils.java:logGet(43)) - raft.server.log.appender.buffer.byte-limit = 33554432 (custom)
2019-10-02 00:23:03,305 [pool-227-thread-1] INFO  server.RaftServerConfigKeys (ConfUtils.java:logGet(43)) - raft.server.log.segment.size.max = 1048576 (custom)
2019-10-02 00:23:03,308 [pool-227-thread-1] INFO  server.RaftServerConfigKeys (ConfUtils.java:logGet(43)) - raft.server.log.segment.cache.num.max = 2 (custom)
2019-10-02 00:23:03,309 [pool-227-thread-1] INFO  segmented.SegmentedRaftLogWorker (SegmentedRaftLogWorker.java:<init>(173)) - new 46b08147-e058-4424-8100-2a54324fd185@group-DA51F844C4B8-SegmentedRaftLogWorker for RaftStorage:Storage Directory /workdir/hadoop-ozone/integration-test/target/test-dir/MiniOzoneClusterImpl-69d1aaba-645e-4570-a77a-1465b29f52f4/datanode-2/data/ratis/a696236f-dccd-473a-bd92-da51f844c4b8
2019-10-02 00:23:03,309 [pool-227-thread-1] INFO  server.RaftServerConfigKeys (ConfUtils.java:logGet(43)) - raft.server.log.queue.byte-limit = 2147483647 (custom)
2019-10-02 00:23:03,309 [pool-227-thread-1] INFO  server.RaftServerConfigKeys (ConfUtils.java:logGet(43)) - raft.server.log.queue.element-limit = 1024 (custom)
2019-10-02 00:23:03,309 [pool-227-thread-1] INFO  server.RaftServerConfigKeys (ConfUtils.java:logGet(43)) - raft.server.log.segment.size.max = 1048576 (custom)
2019-10-02 00:23:03,309 [pool-227-thread-1] INFO  server.RaftServerConfigKeys (ConfUtils.java:logGet(43)) - raft.server.log.preallocated.size = 16384 (custom)
2019-10-02 00:23:03,310 [pool-227-thread-1] INFO  server.RaftServerConfigKeys (ConfUtils.java:logGet(43)) - raft.server.log.write.buffer.size = 33554432 (custom)
2019-10-02 00:23:03,310 [pool-227-thread-1] INFO  server.RaftServerConfigKeys (ConfUtils.java:logGet(43)) - raft.server.log.force.sync.num = 128 (default)
2019-10-02 00:23:03,310 [pool-227-thread-1] INFO  server.RaftServerConfigKeys (ConfUtils.java:logGet(43)) - raft.server.log.statemachine.data.sync = true (default)
2019-10-02 00:23:03,310 [pool-227-thread-1] INFO  server.RaftServerConfigKeys (ConfUtils.java:logGet(43)) - raft.server.log.statemachine.data.sync.timeout = 10s (default)
2019-10-02 00:23:03,310 [pool-227-thread-1] INFO  server.RaftServerConfigKeys (ConfUtils.java:logGet(43)) - raft.server.log.statemachine.data.sync.timeout.retry = -1 (default)
2019-10-02 00:23:03,311 [pool-227-thread-1] INFO  server.RaftServerConfigKeys (ConfUtils.java:logGet(43)) - raft.server.log.statemachine.data.caching.enabled = true (custom)
2019-10-02 00:23:03,311 [pool-227-thread-1] INFO  segmented.SegmentedRaftLogWorker (SegmentedRaftLogWorker.java:lambda$new$0(128)) - 46b08147-e058-4424-8100-2a54324fd185@group-DA51F844C4B8-SegmentedRaftLogWorker: flushIndex: setUnconditionally 0 -> -1
2019-10-02 00:23:03,312 [pool-227-thread-1] INFO  server.RaftServerConfigKeys (ConfUtils.java:logGet(43)) - raft.server.snapshot.auto.trigger.enabled = true (custom)
2019-10-02 00:23:03,312 [pool-227-thread-1] INFO  server.RaftServerConfigKeys (ConfUtils.java:logGet(43)) - raft.server.snapshot.auto.trigger.threshold = 10000 (custom)
2019-10-02 00:23:03,312 [pool-227-thread-1] INFO  server.RaftServerConfigKeys (ConfUtils.java:logGet(43)) - raft.server.snapshot.retention.file.num = 5 (custom)
2019-10-02 00:23:03,312 [pool-227-thread-1] INFO  server.RaftServerConfigKeys (ConfUtils.java:logGet(43)) - raft.server.retrycache.expirytime = 600000ms (custom)
2019-10-02 00:23:03,315 [pool-227-thread-1] INFO  impl.RaftServerImpl (RaftServerImpl.java:start(181)) - 46b08147-e058-4424-8100-2a54324fd185@group-DA51F844C4B8: start as a follower, conf=-1: [46b08147-e058-4424-8100-2a54324fd185:192.168.30.63:37180], old=null
2019-10-02 00:23:03,315 [pool-227-thread-1] INFO  impl.RaftServerImpl (RaftServerImpl.java:setRole(170)) - 46b08147-e058-4424-8100-2a54324fd185@group-DA51F844C4B8: changes role from      null to FOLLOWER at term 0 for startAsFollower
2019-10-02 00:23:03,315 [pool-227-thread-1] INFO  impl.RoleInfo (RoleInfo.java:updateAndGet(143)) - 46b08147-e058-4424-8100-2a54324fd185: start FollowerState
2019-10-02 00:23:03,316 [pool-227-thread-1] INFO  util.JmxRegister (JmxRegister.java:tryRegister(44)) - Successfully registered JMX Bean with object name Ratis:service=RaftServer,group=group-DA51F844C4B8,id=46b08147-e058-4424-8100-2a54324fd185
2019-10-02 00:23:03,324 [RatisPipelineUtilsThread] INFO  pipeline.PipelineStateManager (PipelineStateManager.java:addPipeline(56)) - Created pipeline Pipeline[ Id: a696236f-dccd-473a-bd92-da51f844c4b8, Nodes: 46b08147-e058-4424-8100-2a54324fd185{ip: 192.168.30.63, host: pr-hdds-2201-rename-25sj9-3976918760, networkLocation: /default-rack, certSerialId: null}, Type:RATIS, Factor:ONE, State:OPEN]
2019-10-02 00:23:03,332 [grpc-default-executor-6] INFO  impl.RaftServerProxy (RaftServerProxy.java:addNew(89)) - e38b2c57-da58-4cb4-9af3-56c45b505280: addNew group-8B533F5FB304:[e38b2c57-da58-4cb4-9af3-56c45b505280:192.168.30.63:40776] returns group-8B533F5FB304:java.util.concurrent.CompletableFuture@94b7f45[Not completed]
2019-10-02 00:23:03,334 [pool-237-thread-1] INFO  impl.RaftServerImpl (RaftServerImpl.java:<init>(95)) - e38b2c57-da58-4cb4-9af3-56c45b505280: new RaftServerImpl for group-8B533F5FB304:[e38b2c57-da58-4cb4-9af3-56c45b505280:192.168.30.63:40776] with ContainerStateMachine:uninitialized
2019-10-02 00:23:03,334 [pool-237-thread-1] INFO  server.RaftServerConfigKeys (ConfUtils.java:logGet(43)) - raft.server.rpc.timeout.min = 5s (custom)
2019-10-02 00:23:03,334 [pool-237-thread-1] INFO  server.RaftServerConfigKeys (ConfUtils.java:logGet(43)) - raft.server.rpc.timeout.max = 5200ms (custom)
2019-10-02 00:23:03,334 [pool-237-thread-1] INFO  server.RaftServerConfigKeys (ConfUtils.java:logGet(43)) - raft.server.rpcslowness.timeout = 120s (custom)
2019-10-02 00:23:03,334 [pool-237-thread-1] INFO  server.RaftServerConfigKeys (ConfUtils.java:logGet(43)) - raft.server.sleep.deviation.threshold = 300 (default)
2019-10-02 00:23:03,334 [pool-237-thread-1] INFO  server.RaftServerConfigKeys (ConfUtils.java:logGet(43)) - raft.server.log.appender.install.snapshot.enabled = false (custom)
2019-10-02 00:23:03,334 [pool-237-thread-1] INFO  impl.RaftServerImpl (ServerState.java:<init>(103)) - e38b2c57-da58-4cb4-9af3-56c45b505280@group-8B533F5FB304: ConfigurationManager, init=-1: [e38b2c57-da58-4cb4-9af3-56c45b505280:192.168.30.63:40776], old=null, confs=<EMPTY_MAP>
2019-10-02 00:23:03,335 [pool-237-thread-1] INFO  server.RaftServerConfigKeys (ConfUtils.java:logGet(43)) - raft.server.storage.dir = [/workdir/hadoop-ozone/integration-test/target/test-dir/MiniOzoneClusterImpl-69d1aaba-645e-4570-a77a-1465b29f52f4/datanode-3/data/ratis] (custom)
2019-10-02 00:23:03,335 [pool-237-thread-1] INFO  server.RaftServerConfigKeys (ConfUtils.java:logGet(43)) - raft.server.log.corruption.policy = EXCEPTION (default)
2019-10-02 00:23:03,335 [pool-237-thread-1] INFO  storage.RaftStorageDirectory (RaftStorageDirectory.java:analyzeStorage(246)) - The storage directory /workdir/hadoop-ozone/integration-test/target/test-dir/MiniOzoneClusterImpl-69d1aaba-645e-4570-a77a-1465b29f52f4/datanode-3/data/ratis/5083abb3-3e22-4a1b-9024-8b533f5fb304 does not exist. Creating ...
2019-10-02 00:23:03,350 [IPC Server handler 4 on 39752] INFO  net.NetworkTopology (NetworkTopologyImpl.java:add(111)) - Added a new node: /default-rack/30ddb538-5430-4b07-ac01-3a06f53f55c9
2019-10-02 00:23:03,350 [IPC Server handler 4 on 39752] INFO  node.SCMNodeManager (SCMNodeManager.java:register(266)) - Registered Data node : 30ddb538-5430-4b07-ac01-3a06f53f55c9{ip: 192.168.30.63, host: pr-hdds-2201-rename-25sj9-3976918760, networkLocation: /default-rack, certSerialId: null}
2019-10-02 00:23:03,362 [pool-237-thread-1] INFO  storage.RaftStorageDirectory (RaftStorageDirectory.java:tryLock(328)) - Lock on /workdir/hadoop-ozone/integration-test/target/test-dir/MiniOzoneClusterImpl-69d1aaba-645e-4570-a77a-1465b29f52f4/datanode-3/data/ratis/5083abb3-3e22-4a1b-9024-8b533f5fb304/in_use.lock acquired by nodename 10586@pr-hdds-2201-rename-25sj9-3976918760
2019-10-02 00:23:03,379 [pool-237-thread-1] INFO  storage.RaftStorage (RaftStorage.java:format(84)) - Storage directory /workdir/hadoop-ozone/integration-test/target/test-dir/MiniOzoneClusterImpl-69d1aaba-645e-4570-a77a-1465b29f52f4/datanode-3/data/ratis/5083abb3-3e22-4a1b-9024-8b533f5fb304 has been successfully formatted.
2019-10-02 00:23:03,379 [pool-237-thread-1] INFO  ratis.ContainerStateMachine (ContainerStateMachine.java:loadSnapshot(230)) - group-8B533F5FB304: The snapshot info is null. Setting the last applied indexto:(t:0, i:~)
2019-10-02 00:23:03,379 [pool-237-thread-1] INFO  server.RaftServerConfigKeys (ConfUtils.java:logGet(43)) - raft.server.notification.no-leader.timeout = 120s (custom)
2019-10-02 00:23:03,379 [pool-237-thread-1] INFO  server.RaftServerConfigKeys (ConfUtils.java:logGet(43)) - raft.server.log.use.memory = false (default)
2019-10-02 00:23:03,380 [pool-237-thread-1] INFO  server.RaftServerConfigKeys (ConfUtils.java:logGet(43)) - raft.server.log.purge.gap = 1000000 (custom)
2019-10-02 00:23:03,380 [pool-237-thread-1] INFO  server.RaftServerConfigKeys (ConfUtils.java:logGet(43)) - raft.server.log.appender.buffer.byte-limit = 33554432 (custom)
2019-10-02 00:23:03,380 [pool-237-thread-1] INFO  server.RaftServerConfigKeys (ConfUtils.java:logGet(43)) - raft.server.log.segment.size.max = 1048576 (custom)
2019-10-02 00:23:03,383 [pool-237-thread-1] INFO  server.RaftServerConfigKeys (ConfUtils.java:logGet(43)) - raft.server.log.segment.cache.num.max = 2 (custom)
2019-10-02 00:23:03,383 [pool-237-thread-1] INFO  segmented.SegmentedRaftLogWorker (SegmentedRaftLogWorker.java:<init>(173)) - new e38b2c57-da58-4cb4-9af3-56c45b505280@group-8B533F5FB304-SegmentedRaftLogWorker for RaftStorage:Storage Directory /workdir/hadoop-ozone/integration-test/target/test-dir/MiniOzoneClusterImpl-69d1aaba-645e-4570-a77a-1465b29f52f4/datanode-3/data/ratis/5083abb3-3e22-4a1b-9024-8b533f5fb304
2019-10-02 00:23:03,383 [pool-237-thread-1] INFO  server.RaftServerConfigKeys (ConfUtils.java:logGet(43)) - raft.server.log.queue.byte-limit = 2147483647 (custom)
2019-10-02 00:23:03,383 [pool-237-thread-1] INFO  server.RaftServerConfigKeys (ConfUtils.java:logGet(43)) - raft.server.log.queue.element-limit = 1024 (custom)
2019-10-02 00:23:03,383 [pool-237-thread-1] INFO  server.RaftServerConfigKeys (ConfUtils.java:logGet(43)) - raft.server.log.segment.size.max = 1048576 (custom)
2019-10-02 00:23:03,383 [pool-237-thread-1] INFO  server.RaftServerConfigKeys (ConfUtils.java:logGet(43)) - raft.server.log.preallocated.size = 16384 (custom)
2019-10-02 00:23:03,384 [pool-237-thread-1] INFO  server.RaftServerConfigKeys (ConfUtils.java:logGet(43)) - raft.server.log.write.buffer.size = 33554432 (custom)
2019-10-02 00:23:03,384 [pool-237-thread-1] INFO  server.RaftServerConfigKeys (ConfUtils.java:logGet(43)) - raft.server.log.force.sync.num = 128 (default)
2019-10-02 00:23:03,384 [pool-237-thread-1] INFO  server.RaftServerConfigKeys (ConfUtils.java:logGet(43)) - raft.server.log.statemachine.data.sync = true (default)
2019-10-02 00:23:03,384 [pool-237-thread-1] INFO  server.RaftServerConfigKeys (ConfUtils.java:logGet(43)) - raft.server.log.statemachine.data.sync.timeout = 10s (default)
2019-10-02 00:23:03,384 [pool-237-thread-1] INFO  server.RaftServerConfigKeys (ConfUtils.java:logGet(43)) - raft.server.log.statemachine.data.sync.timeout.retry = -1 (default)
2019-10-02 00:23:03,385 [pool-237-thread-1] INFO  server.RaftServerConfigKeys (ConfUtils.java:logGet(43)) - raft.server.log.statemachine.data.caching.enabled = true (custom)
2019-10-02 00:23:03,385 [pool-237-thread-1] INFO  segmented.SegmentedRaftLogWorker (SegmentedRaftLogWorker.java:lambda$new$0(128)) - e38b2c57-da58-4cb4-9af3-56c45b505280@group-8B533F5FB304-SegmentedRaftLogWorker: flushIndex: setUnconditionally 0 -> -1
2019-10-02 00:23:03,385 [pool-237-thread-1] INFO  server.RaftServerConfigKeys (ConfUtils.java:logGet(43)) - raft.server.snapshot.auto.trigger.enabled = true (custom)
2019-10-02 00:23:03,386 [pool-237-thread-1] INFO  server.RaftServerConfigKeys (ConfUtils.java:logGet(43)) - raft.server.snapshot.auto.trigger.threshold = 10000 (custom)
2019-10-02 00:23:03,386 [pool-237-thread-1] INFO  server.RaftServerConfigKeys (ConfUtils.java:logGet(43)) - raft.server.snapshot.retention.file.num = 5 (custom)
2019-10-02 00:23:03,386 [pool-237-thread-1] INFO  server.RaftServerConfigKeys (ConfUtils.java:logGet(43)) - raft.server.retrycache.expirytime = 600000ms (custom)
2019-10-02 00:23:03,388 [pool-237-thread-1] INFO  impl.RaftServerImpl (RaftServerImpl.java:start(181)) - e38b2c57-da58-4cb4-9af3-56c45b505280@group-8B533F5FB304: start as a follower, conf=-1: [e38b2c57-da58-4cb4-9af3-56c45b505280:192.168.30.63:40776], old=null
2019-10-02 00:23:03,388 [pool-237-thread-1] INFO  impl.RaftServerImpl (RaftServerImpl.java:setRole(170)) - e38b2c57-da58-4cb4-9af3-56c45b505280@group-8B533F5FB304: changes role from      null to FOLLOWER at term 0 for startAsFollower
2019-10-02 00:23:03,389 [pool-237-thread-1] INFO  impl.RoleInfo (RoleInfo.java:updateAndGet(143)) - e38b2c57-da58-4cb4-9af3-56c45b505280: start FollowerState
2019-10-02 00:23:03,389 [pool-237-thread-1] INFO  util.JmxRegister (JmxRegister.java:tryRegister(44)) - Successfully registered JMX Bean with object name Ratis:service=RaftServer,group=group-8B533F5FB304,id=e38b2c57-da58-4cb4-9af3-56c45b505280
2019-10-02 00:23:03,397 [RatisPipelineUtilsThread] INFO  pipeline.PipelineStateManager (PipelineStateManager.java:addPipeline(56)) - Created pipeline Pipeline[ Id: 5083abb3-3e22-4a1b-9024-8b533f5fb304, Nodes: e38b2c57-da58-4cb4-9af3-56c45b505280{ip: 192.168.30.63, host: pr-hdds-2201-rename-25sj9-3976918760, networkLocation: /default-rack, certSerialId: null}, Type:RATIS, Factor:ONE, State:OPEN]
2019-10-02 00:23:03,404 [grpc-default-executor-6] INFO  impl.RaftServerProxy (RaftServerProxy.java:addNew(89)) - 30ddb538-5430-4b07-ac01-3a06f53f55c9: addNew group-77C62A427FB4:[30ddb538-5430-4b07-ac01-3a06f53f55c9:192.168.30.63:43140] returns group-77C62A427FB4:java.util.concurrent.CompletableFuture@58b633a4[Not completed]
2019-10-02 00:23:03,406 [pool-247-thread-1] INFO  impl.RaftServerImpl (RaftServerImpl.java:<init>(95)) - 30ddb538-5430-4b07-ac01-3a06f53f55c9: new RaftServerImpl for group-77C62A427FB4:[30ddb538-5430-4b07-ac01-3a06f53f55c9:192.168.30.63:43140] with ContainerStateMachine:uninitialized
2019-10-02 00:23:03,406 [pool-247-thread-1] INFO  server.RaftServerConfigKeys (ConfUtils.java:logGet(43)) - raft.server.rpc.timeout.min = 5s (custom)
2019-10-02 00:23:03,406 [pool-247-thread-1] INFO  server.RaftServerConfigKeys (ConfUtils.java:logGet(43)) - raft.server.rpc.timeout.max = 5200ms (custom)
2019-10-02 00:23:03,406 [pool-247-thread-1] INFO  server.RaftServerConfigKeys (ConfUtils.java:logGet(43)) - raft.server.rpcslowness.timeout = 120s (custom)
2019-10-02 00:23:03,406 [pool-247-thread-1] INFO  server.RaftServerConfigKeys (ConfUtils.java:logGet(43)) - raft.server.sleep.deviation.threshold = 300 (default)
2019-10-02 00:23:03,406 [pool-247-thread-1] INFO  server.RaftServerConfigKeys (ConfUtils.java:logGet(43)) - raft.server.log.appender.install.snapshot.enabled = false (custom)
2019-10-02 00:23:03,406 [pool-247-thread-1] INFO  impl.RaftServerImpl (ServerState.java:<init>(103)) - 30ddb538-5430-4b07-ac01-3a06f53f55c9@group-77C62A427FB4: ConfigurationManager, init=-1: [30ddb538-5430-4b07-ac01-3a06f53f55c9:192.168.30.63:43140], old=null, confs=<EMPTY_MAP>
2019-10-02 00:23:03,406 [pool-247-thread-1] INFO  server.RaftServerConfigKeys (ConfUtils.java:logGet(43)) - raft.server.storage.dir = [/workdir/hadoop-ozone/integration-test/target/test-dir/MiniOzoneClusterImpl-69d1aaba-645e-4570-a77a-1465b29f52f4/datanode-4/data/ratis] (custom)
2019-10-02 00:23:03,407 [pool-247-thread-1] INFO  server.RaftServerConfigKeys (ConfUtils.java:logGet(43)) - raft.server.log.corruption.policy = EXCEPTION (default)
2019-10-02 00:23:03,407 [pool-247-thread-1] INFO  storage.RaftStorageDirectory (RaftStorageDirectory.java:analyzeStorage(246)) - The storage directory /workdir/hadoop-ozone/integration-test/target/test-dir/MiniOzoneClusterImpl-69d1aaba-645e-4570-a77a-1465b29f52f4/datanode-4/data/ratis/c81eada6-4835-4257-8d13-77c62a427fb4 does not exist. Creating ...
2019-10-02 00:23:03,429 [pool-247-thread-1] INFO  storage.RaftStorageDirectory (RaftStorageDirectory.java:tryLock(328)) - Lock on /workdir/hadoop-ozone/integration-test/target/test-dir/MiniOzoneClusterImpl-69d1aaba-645e-4570-a77a-1465b29f52f4/datanode-4/data/ratis/c81eada6-4835-4257-8d13-77c62a427fb4/in_use.lock acquired by nodename 10586@pr-hdds-2201-rename-25sj9-3976918760
2019-10-02 00:23:03,435 [IPC Server handler 8 on 39752] INFO  net.NetworkTopology (NetworkTopologyImpl.java:add(111)) - Added a new node: /default-rack/6f4fc033-5a75-4f35-94b7-46b35564497b
2019-10-02 00:23:03,435 [IPC Server handler 8 on 39752] INFO  node.SCMNodeManager (SCMNodeManager.java:register(266)) - Registered Data node : 6f4fc033-5a75-4f35-94b7-46b35564497b{ip: 192.168.30.63, host: pr-hdds-2201-rename-25sj9-3976918760, networkLocation: /default-rack, certSerialId: null}
2019-10-02 00:23:03,455 [pool-247-thread-1] INFO  storage.RaftStorage (RaftStorage.java:format(84)) - Storage directory /workdir/hadoop-ozone/integration-test/target/test-dir/MiniOzoneClusterImpl-69d1aaba-645e-4570-a77a-1465b29f52f4/datanode-4/data/ratis/c81eada6-4835-4257-8d13-77c62a427fb4 has been successfully formatted.
2019-10-02 00:23:03,455 [pool-247-thread-1] INFO  ratis.ContainerStateMachine (ContainerStateMachine.java:loadSnapshot(230)) - group-77C62A427FB4: The snapshot info is null. Setting the last applied indexto:(t:0, i:~)
2019-10-02 00:23:03,455 [pool-247-thread-1] INFO  server.RaftServerConfigKeys (ConfUtils.java:logGet(43)) - raft.server.notification.no-leader.timeout = 120s (custom)
2019-10-02 00:23:03,456 [pool-247-thread-1] INFO  server.RaftServerConfigKeys (ConfUtils.java:logGet(43)) - raft.server.log.use.memory = false (default)
2019-10-02 00:23:03,456 [pool-247-thread-1] INFO  server.RaftServerConfigKeys (ConfUtils.java:logGet(43)) - raft.server.log.purge.gap = 1000000 (custom)
2019-10-02 00:23:03,456 [pool-247-thread-1] INFO  server.RaftServerConfigKeys (ConfUtils.java:logGet(43)) - raft.server.log.appender.buffer.byte-limit = 33554432 (custom)
2019-10-02 00:23:03,456 [pool-247-thread-1] INFO  server.RaftServerConfigKeys (ConfUtils.java:logGet(43)) - raft.server.log.segment.size.max = 1048576 (custom)
2019-10-02 00:23:03,458 [pool-247-thread-1] INFO  server.RaftServerConfigKeys (ConfUtils.java:logGet(43)) - raft.server.log.segment.cache.num.max = 2 (custom)
2019-10-02 00:23:03,458 [pool-247-thread-1] INFO  segmented.SegmentedRaftLogWorker (SegmentedRaftLogWorker.java:<init>(173)) - new 30ddb538-5430-4b07-ac01-3a06f53f55c9@group-77C62A427FB4-SegmentedRaftLogWorker for RaftStorage:Storage Directory /workdir/hadoop-ozone/integration-test/target/test-dir/MiniOzoneClusterImpl-69d1aaba-645e-4570-a77a-1465b29f52f4/datanode-4/data/ratis/c81eada6-4835-4257-8d13-77c62a427fb4
2019-10-02 00:23:03,458 [pool-247-thread-1] INFO  server.RaftServerConfigKeys (ConfUtils.java:logGet(43)) - raft.server.log.queue.byte-limit = 2147483647 (custom)
2019-10-02 00:23:03,458 [pool-247-thread-1] INFO  server.RaftServerConfigKeys (ConfUtils.java:logGet(43)) - raft.server.log.queue.element-limit = 1024 (custom)
2019-10-02 00:23:03,458 [pool-247-thread-1] INFO  server.RaftServerConfigKeys (ConfUtils.java:logGet(43)) - raft.server.log.segment.size.max = 1048576 (custom)
2019-10-02 00:23:03,458 [pool-247-thread-1] INFO  server.RaftServerConfigKeys (ConfUtils.java:logGet(43)) - raft.server.log.preallocated.size = 16384 (custom)
2019-10-02 00:23:03,458 [pool-247-thread-1] INFO  server.RaftServerConfigKeys (ConfUtils.java:logGet(43)) - raft.server.log.write.buffer.size = 33554432 (custom)
2019-10-02 00:23:03,458 [pool-247-thread-1] INFO  server.RaftServerConfigKeys (ConfUtils.java:logGet(43)) - raft.server.log.force.sync.num = 128 (default)
2019-10-02 00:23:03,458 [pool-247-thread-1] INFO  server.RaftServerConfigKeys (ConfUtils.java:logGet(43)) - raft.server.log.statemachine.data.sync = true (default)
2019-10-02 00:23:03,459 [pool-247-thread-1] INFO  server.RaftServerConfigKeys (ConfUtils.java:logGet(43)) - raft.server.log.statemachine.data.sync.timeout = 10s (default)
2019-10-02 00:23:03,459 [pool-247-thread-1] INFO  server.RaftServerConfigKeys (ConfUtils.java:logGet(43)) - raft.server.log.statemachine.data.sync.timeout.retry = -1 (default)
2019-10-02 00:23:03,459 [pool-247-thread-1] INFO  server.RaftServerConfigKeys (ConfUtils.java:logGet(43)) - raft.server.log.statemachine.data.caching.enabled = true (custom)
2019-10-02 00:23:03,459 [pool-247-thread-1] INFO  segmented.SegmentedRaftLogWorker (SegmentedRaftLogWorker.java:lambda$new$0(128)) - 30ddb538-5430-4b07-ac01-3a06f53f55c9@group-77C62A427FB4-SegmentedRaftLogWorker: flushIndex: setUnconditionally 0 -> -1
2019-10-02 00:23:03,459 [pool-247-thread-1] INFO  server.RaftServerConfigKeys (ConfUtils.java:logGet(43)) - raft.server.snapshot.auto.trigger.enabled = true (custom)
2019-10-02 00:23:03,460 [pool-247-thread-1] INFO  server.RaftServerConfigKeys (ConfUtils.java:logGet(43)) - raft.server.snapshot.auto.trigger.threshold = 10000 (custom)
2019-10-02 00:23:03,460 [pool-247-thread-1] INFO  server.RaftServerConfigKeys (ConfUtils.java:logGet(43)) - raft.server.snapshot.retention.file.num = 5 (custom)
2019-10-02 00:23:03,460 [pool-247-thread-1] INFO  server.RaftServerConfigKeys (ConfUtils.java:logGet(43)) - raft.server.retrycache.expirytime = 600000ms (custom)
2019-10-02 00:23:03,461 [pool-247-thread-1] INFO  impl.RaftServerImpl (RaftServerImpl.java:start(181)) - 30ddb538-5430-4b07-ac01-3a06f53f55c9@group-77C62A427FB4: start as a follower, conf=-1: [30ddb538-5430-4b07-ac01-3a06f53f55c9:192.168.30.63:43140], old=null
2019-10-02 00:23:03,461 [pool-247-thread-1] INFO  impl.RaftServerImpl (RaftServerImpl.java:setRole(170)) - 30ddb538-5430-4b07-ac01-3a06f53f55c9@group-77C62A427FB4: changes role from      null to FOLLOWER at term 0 for startAsFollower
2019-10-02 00:23:03,461 [pool-247-thread-1] INFO  impl.RoleInfo (RoleInfo.java:updateAndGet(143)) - 30ddb538-5430-4b07-ac01-3a06f53f55c9: start FollowerState
2019-10-02 00:23:03,462 [pool-247-thread-1] INFO  util.JmxRegister (JmxRegister.java:tryRegister(44)) - Successfully registered JMX Bean with object name Ratis:service=RaftServer,group=group-77C62A427FB4,id=30ddb538-5430-4b07-ac01-3a06f53f55c9
2019-10-02 00:23:03,468 [RatisPipelineUtilsThread] INFO  pipeline.PipelineStateManager (PipelineStateManager.java:addPipeline(56)) - Created pipeline Pipeline[ Id: c81eada6-4835-4257-8d13-77c62a427fb4, Nodes: 30ddb538-5430-4b07-ac01-3a06f53f55c9{ip: 192.168.30.63, host: pr-hdds-2201-rename-25sj9-3976918760, networkLocation: /default-rack, certSerialId: null}, Type:RATIS, Factor:ONE, State:OPEN]
2019-10-02 00:23:03,480 [grpc-default-executor-6] INFO  impl.RaftServerProxy (RaftServerProxy.java:addNew(89)) - 6f4fc033-5a75-4f35-94b7-46b35564497b: addNew group-9D88C2130B10:[6f4fc033-5a75-4f35-94b7-46b35564497b:192.168.30.63:44376] returns group-9D88C2130B10:java.util.concurrent.CompletableFuture@5f00abe4[Not completed]
2019-10-02 00:23:03,481 [pool-257-thread-1] INFO  impl.RaftServerImpl (RaftServerImpl.java:<init>(95)) - 6f4fc033-5a75-4f35-94b7-46b35564497b: new RaftServerImpl for group-9D88C2130B10:[6f4fc033-5a75-4f35-94b7-46b35564497b:192.168.30.63:44376] with ContainerStateMachine:uninitialized
2019-10-02 00:23:03,481 [pool-257-thread-1] INFO  server.RaftServerConfigKeys (ConfUtils.java:logGet(43)) - raft.server.rpc.timeout.min = 5s (custom)
2019-10-02 00:23:03,482 [pool-257-thread-1] INFO  server.RaftServerConfigKeys (ConfUtils.java:logGet(43)) - raft.server.rpc.timeout.max = 5200ms (custom)
2019-10-02 00:23:03,482 [pool-257-thread-1] INFO  server.RaftServerConfigKeys (ConfUtils.java:logGet(43)) - raft.server.rpcslowness.timeout = 120s (custom)
2019-10-02 00:23:03,482 [pool-257-thread-1] INFO  server.RaftServerConfigKeys (ConfUtils.java:logGet(43)) - raft.server.sleep.deviation.threshold = 300 (default)
2019-10-02 00:23:03,482 [pool-257-thread-1] INFO  server.RaftServerConfigKeys (ConfUtils.java:logGet(43)) - raft.server.log.appender.install.snapshot.enabled = false (custom)
2019-10-02 00:23:03,482 [pool-257-thread-1] INFO  impl.RaftServerImpl (ServerState.java:<init>(103)) - 6f4fc033-5a75-4f35-94b7-46b35564497b@group-9D88C2130B10: ConfigurationManager, init=-1: [6f4fc033-5a75-4f35-94b7-46b35564497b:192.168.30.63:44376], old=null, confs=<EMPTY_MAP>
2019-10-02 00:23:03,482 [pool-257-thread-1] INFO  server.RaftServerConfigKeys (ConfUtils.java:logGet(43)) - raft.server.storage.dir = [/workdir/hadoop-ozone/integration-test/target/test-dir/MiniOzoneClusterImpl-69d1aaba-645e-4570-a77a-1465b29f52f4/datanode-5/data/ratis] (custom)
2019-10-02 00:23:03,482 [pool-257-thread-1] INFO  server.RaftServerConfigKeys (ConfUtils.java:logGet(43)) - raft.server.log.corruption.policy = EXCEPTION (default)
2019-10-02 00:23:03,483 [pool-257-thread-1] INFO  storage.RaftStorageDirectory (RaftStorageDirectory.java:analyzeStorage(246)) - The storage directory /workdir/hadoop-ozone/integration-test/target/test-dir/MiniOzoneClusterImpl-69d1aaba-645e-4570-a77a-1465b29f52f4/datanode-5/data/ratis/e5d669f7-5a1c-43b8-aad0-9d88c2130b10 does not exist. Creating ...
2019-10-02 00:23:03,494 [main] INFO  ozone.MiniOzoneClusterImpl (MiniOzoneClusterImpl.java:lambda$waitForClusterToBeReady$0(147)) - Waiting for cluster to be ready. Got 6 of 7 DN Heartbeats.
2019-10-02 00:23:03,494 [IPC Server handler 9 on 39752] INFO  net.NetworkTopology (NetworkTopologyImpl.java:add(111)) - Added a new node: /default-rack/d5b358b0-3343-4ef6-8f4c-fc31889afd69
2019-10-02 00:23:03,494 [IPC Server handler 9 on 39752] INFO  node.SCMNodeManager (SCMNodeManager.java:register(266)) - Registered Data node : d5b358b0-3343-4ef6-8f4c-fc31889afd69{ip: 192.168.30.63, host: pr-hdds-2201-rename-25sj9-3976918760, networkLocation: /default-rack, certSerialId: null}
2019-10-02 00:23:03,505 [pool-257-thread-1] INFO  storage.RaftStorageDirectory (RaftStorageDirectory.java:tryLock(328)) - Lock on /workdir/hadoop-ozone/integration-test/target/test-dir/MiniOzoneClusterImpl-69d1aaba-645e-4570-a77a-1465b29f52f4/datanode-5/data/ratis/e5d669f7-5a1c-43b8-aad0-9d88c2130b10/in_use.lock acquired by nodename 10586@pr-hdds-2201-rename-25sj9-3976918760
2019-10-02 00:23:03,531 [pool-257-thread-1] INFO  storage.RaftStorage (RaftStorage.java:format(84)) - Storage directory /workdir/hadoop-ozone/integration-test/target/test-dir/MiniOzoneClusterImpl-69d1aaba-645e-4570-a77a-1465b29f52f4/datanode-5/data/ratis/e5d669f7-5a1c-43b8-aad0-9d88c2130b10 has been successfully formatted.
2019-10-02 00:23:03,531 [pool-257-thread-1] INFO  ratis.ContainerStateMachine (ContainerStateMachine.java:loadSnapshot(230)) - group-9D88C2130B10: The snapshot info is null. Setting the last applied indexto:(t:0, i:~)
2019-10-02 00:23:03,531 [pool-257-thread-1] INFO  server.RaftServerConfigKeys (ConfUtils.java:logGet(43)) - raft.server.notification.no-leader.timeout = 120s (custom)
2019-10-02 00:23:03,531 [pool-257-thread-1] INFO  server.RaftServerConfigKeys (ConfUtils.java:logGet(43)) - raft.server.log.use.memory = false (default)
2019-10-02 00:23:03,531 [pool-257-thread-1] INFO  server.RaftServerConfigKeys (ConfUtils.java:logGet(43)) - raft.server.log.purge.gap = 1000000 (custom)
2019-10-02 00:23:03,532 [pool-257-thread-1] INFO  server.RaftServerConfigKeys (ConfUtils.java:logGet(43)) - raft.server.log.appender.buffer.byte-limit = 33554432 (custom)
2019-10-02 00:23:03,532 [pool-257-thread-1] INFO  server.RaftServerConfigKeys (ConfUtils.java:logGet(43)) - raft.server.log.segment.size.max = 1048576 (custom)
2019-10-02 00:23:03,534 [pool-257-thread-1] INFO  server.RaftServerConfigKeys (ConfUtils.java:logGet(43)) - raft.server.log.segment.cache.num.max = 2 (custom)
2019-10-02 00:23:03,534 [pool-257-thread-1] INFO  segmented.SegmentedRaftLogWorker (SegmentedRaftLogWorker.java:<init>(173)) - new 6f4fc033-5a75-4f35-94b7-46b35564497b@group-9D88C2130B10-SegmentedRaftLogWorker for RaftStorage:Storage Directory /workdir/hadoop-ozone/integration-test/target/test-dir/MiniOzoneClusterImpl-69d1aaba-645e-4570-a77a-1465b29f52f4/datanode-5/data/ratis/e5d669f7-5a1c-43b8-aad0-9d88c2130b10
2019-10-02 00:23:03,534 [pool-257-thread-1] INFO  server.RaftServerConfigKeys (ConfUtils.java:logGet(43)) - raft.server.log.queue.byte-limit = 2147483647 (custom)
2019-10-02 00:23:03,534 [pool-257-thread-1] INFO  server.RaftServerConfigKeys (ConfUtils.java:logGet(43)) - raft.server.log.queue.element-limit = 1024 (custom)
2019-10-02 00:23:03,534 [pool-257-thread-1] INFO  server.RaftServerConfigKeys (ConfUtils.java:logGet(43)) - raft.server.log.segment.size.max = 1048576 (custom)
2019-10-02 00:23:03,535 [pool-257-thread-1] INFO  server.RaftServerConfigKeys (ConfUtils.java:logGet(43)) - raft.server.log.preallocated.size = 16384 (custom)
2019-10-02 00:23:03,535 [pool-257-thread-1] INFO  server.RaftServerConfigKeys (ConfUtils.java:logGet(43)) - raft.server.log.write.buffer.size = 33554432 (custom)
2019-10-02 00:23:03,535 [pool-257-thread-1] INFO  server.RaftServerConfigKeys (ConfUtils.java:logGet(43)) - raft.server.log.force.sync.num = 128 (default)
2019-10-02 00:23:03,535 [pool-257-thread-1] INFO  server.RaftServerConfigKeys (ConfUtils.java:logGet(43)) - raft.server.log.statemachine.data.sync = true (default)
2019-10-02 00:23:03,535 [pool-257-thread-1] INFO  server.RaftServerConfigKeys (ConfUtils.java:logGet(43)) - raft.server.log.statemachine.data.sync.timeout = 10s (default)
2019-10-02 00:23:03,535 [pool-257-thread-1] INFO  server.RaftServerConfigKeys (ConfUtils.java:logGet(43)) - raft.server.log.statemachine.data.sync.timeout.retry = -1 (default)
2019-10-02 00:23:03,536 [pool-257-thread-1] INFO  server.RaftServerConfigKeys (ConfUtils.java:logGet(43)) - raft.server.log.statemachine.data.caching.enabled = true (custom)
2019-10-02 00:23:03,536 [pool-257-thread-1] INFO  segmented.SegmentedRaftLogWorker (SegmentedRaftLogWorker.java:lambda$new$0(128)) - 6f4fc033-5a75-4f35-94b7-46b35564497b@group-9D88C2130B10-SegmentedRaftLogWorker: flushIndex: setUnconditionally 0 -> -1
2019-10-02 00:23:03,536 [pool-257-thread-1] INFO  server.RaftServerConfigKeys (ConfUtils.java:logGet(43)) - raft.server.snapshot.auto.trigger.enabled = true (custom)
2019-10-02 00:23:03,537 [pool-257-thread-1] INFO  server.RaftServerConfigKeys (ConfUtils.java:logGet(43)) - raft.server.snapshot.auto.trigger.threshold = 10000 (custom)
2019-10-02 00:23:03,537 [pool-257-thread-1] INFO  server.RaftServerConfigKeys (ConfUtils.java:logGet(43)) - raft.server.snapshot.retention.file.num = 5 (custom)
2019-10-02 00:23:03,537 [pool-257-thread-1] INFO  server.RaftServerConfigKeys (ConfUtils.java:logGet(43)) - raft.server.retrycache.expirytime = 600000ms (custom)
2019-10-02 00:23:03,539 [pool-257-thread-1] INFO  impl.RaftServerImpl (RaftServerImpl.java:start(181)) - 6f4fc033-5a75-4f35-94b7-46b35564497b@group-9D88C2130B10: start as a follower, conf=-1: [6f4fc033-5a75-4f35-94b7-46b35564497b:192.168.30.63:44376], old=null
2019-10-02 00:23:03,539 [pool-257-thread-1] INFO  impl.RaftServerImpl (RaftServerImpl.java:setRole(170)) - 6f4fc033-5a75-4f35-94b7-46b35564497b@group-9D88C2130B10: changes role from      null to FOLLOWER at term 0 for startAsFollower
2019-10-02 00:23:03,539 [pool-257-thread-1] INFO  impl.RoleInfo (RoleInfo.java:updateAndGet(143)) - 6f4fc033-5a75-4f35-94b7-46b35564497b: start FollowerState
2019-10-02 00:23:03,539 [pool-257-thread-1] INFO  util.JmxRegister (JmxRegister.java:tryRegister(44)) - Successfully registered JMX Bean with object name Ratis:service=RaftServer,group=group-9D88C2130B10,id=6f4fc033-5a75-4f35-94b7-46b35564497b
2019-10-02 00:23:03,547 [RatisPipelineUtilsThread] INFO  pipeline.PipelineStateManager (PipelineStateManager.java:addPipeline(56)) - Created pipeline Pipeline[ Id: e5d669f7-5a1c-43b8-aad0-9d88c2130b10, Nodes: 6f4fc033-5a75-4f35-94b7-46b35564497b{ip: 192.168.30.63, host: pr-hdds-2201-rename-25sj9-3976918760, networkLocation: /default-rack, certSerialId: null}, Type:RATIS, Factor:ONE, State:OPEN]
2019-10-02 00:23:03,555 [grpc-default-executor-6] INFO  impl.RaftServerProxy (RaftServerProxy.java:addNew(89)) - d5b358b0-3343-4ef6-8f4c-fc31889afd69: addNew group-0C93357B1BC4:[d5b358b0-3343-4ef6-8f4c-fc31889afd69:192.168.30.63:45861] returns group-0C93357B1BC4:java.util.concurrent.CompletableFuture@4fc05279[Not completed]
2019-10-02 00:23:03,557 [pool-267-thread-1] INFO  impl.RaftServerImpl (RaftServerImpl.java:<init>(95)) - d5b358b0-3343-4ef6-8f4c-fc31889afd69: new RaftServerImpl for group-0C93357B1BC4:[d5b358b0-3343-4ef6-8f4c-fc31889afd69:192.168.30.63:45861] with ContainerStateMachine:uninitialized
2019-10-02 00:23:03,557 [pool-267-thread-1] INFO  server.RaftServerConfigKeys (ConfUtils.java:logGet(43)) - raft.server.rpc.timeout.min = 5s (custom)
2019-10-02 00:23:03,557 [pool-267-thread-1] INFO  server.RaftServerConfigKeys (ConfUtils.java:logGet(43)) - raft.server.rpc.timeout.max = 5200ms (custom)
2019-10-02 00:23:03,557 [pool-267-thread-1] INFO  server.RaftServerConfigKeys (ConfUtils.java:logGet(43)) - raft.server.rpcslowness.timeout = 120s (custom)
2019-10-02 00:23:03,557 [pool-267-thread-1] INFO  server.RaftServerConfigKeys (ConfUtils.java:logGet(43)) - raft.server.sleep.deviation.threshold = 300 (default)
2019-10-02 00:23:03,557 [pool-267-thread-1] INFO  server.RaftServerConfigKeys (ConfUtils.java:logGet(43)) - raft.server.log.appender.install.snapshot.enabled = false (custom)
2019-10-02 00:23:03,557 [pool-267-thread-1] INFO  impl.RaftServerImpl (ServerState.java:<init>(103)) - d5b358b0-3343-4ef6-8f4c-fc31889afd69@group-0C93357B1BC4: ConfigurationManager, init=-1: [d5b358b0-3343-4ef6-8f4c-fc31889afd69:192.168.30.63:45861], old=null, confs=<EMPTY_MAP>
2019-10-02 00:23:03,557 [pool-267-thread-1] INFO  server.RaftServerConfigKeys (ConfUtils.java:logGet(43)) - raft.server.storage.dir = [/workdir/hadoop-ozone/integration-test/target/test-dir/MiniOzoneClusterImpl-69d1aaba-645e-4570-a77a-1465b29f52f4/datanode-6/data/ratis] (custom)
2019-10-02 00:23:03,557 [pool-267-thread-1] INFO  server.RaftServerConfigKeys (ConfUtils.java:logGet(43)) - raft.server.log.corruption.policy = EXCEPTION (default)
2019-10-02 00:23:03,558 [pool-267-thread-1] INFO  storage.RaftStorageDirectory (RaftStorageDirectory.java:analyzeStorage(246)) - The storage directory /workdir/hadoop-ozone/integration-test/target/test-dir/MiniOzoneClusterImpl-69d1aaba-645e-4570-a77a-1465b29f52f4/datanode-6/data/ratis/3ea5c252-a1f8-4e42-93aa-0c93357b1bc4 does not exist. Creating ...
2019-10-02 00:23:03,581 [pool-267-thread-1] INFO  storage.RaftStorageDirectory (RaftStorageDirectory.java:tryLock(328)) - Lock on /workdir/hadoop-ozone/integration-test/target/test-dir/MiniOzoneClusterImpl-69d1aaba-645e-4570-a77a-1465b29f52f4/datanode-6/data/ratis/3ea5c252-a1f8-4e42-93aa-0c93357b1bc4/in_use.lock acquired by nodename 10586@pr-hdds-2201-rename-25sj9-3976918760
2019-10-02 00:23:03,606 [pool-267-thread-1] INFO  storage.RaftStorage (RaftStorage.java:format(84)) - Storage directory /workdir/hadoop-ozone/integration-test/target/test-dir/MiniOzoneClusterImpl-69d1aaba-645e-4570-a77a-1465b29f52f4/datanode-6/data/ratis/3ea5c252-a1f8-4e42-93aa-0c93357b1bc4 has been successfully formatted.
2019-10-02 00:23:03,607 [pool-267-thread-1] INFO  ratis.ContainerStateMachine (ContainerStateMachine.java:loadSnapshot(230)) - group-0C93357B1BC4: The snapshot info is null. Setting the last applied indexto:(t:0, i:~)
2019-10-02 00:23:03,607 [pool-267-thread-1] INFO  server.RaftServerConfigKeys (ConfUtils.java:logGet(43)) - raft.server.notification.no-leader.timeout = 120s (custom)
2019-10-02 00:23:03,607 [pool-267-thread-1] INFO  server.RaftServerConfigKeys (ConfUtils.java:logGet(43)) - raft.server.log.use.memory = false (default)
2019-10-02 00:23:03,607 [pool-267-thread-1] INFO  server.RaftServerConfigKeys (ConfUtils.java:logGet(43)) - raft.server.log.purge.gap = 1000000 (custom)
2019-10-02 00:23:03,607 [pool-267-thread-1] INFO  server.RaftServerConfigKeys (ConfUtils.java:logGet(43)) - raft.server.log.appender.buffer.byte-limit = 33554432 (custom)
2019-10-02 00:23:03,607 [pool-267-thread-1] INFO  server.RaftServerConfigKeys (ConfUtils.java:logGet(43)) - raft.server.log.segment.size.max = 1048576 (custom)
2019-10-02 00:23:03,609 [pool-267-thread-1] INFO  server.RaftServerConfigKeys (ConfUtils.java:logGet(43)) - raft.server.log.segment.cache.num.max = 2 (custom)
2019-10-02 00:23:03,610 [pool-267-thread-1] INFO  segmented.SegmentedRaftLogWorker (SegmentedRaftLogWorker.java:<init>(173)) - new d5b358b0-3343-4ef6-8f4c-fc31889afd69@group-0C93357B1BC4-SegmentedRaftLogWorker for RaftStorage:Storage Directory /workdir/hadoop-ozone/integration-test/target/test-dir/MiniOzoneClusterImpl-69d1aaba-645e-4570-a77a-1465b29f52f4/datanode-6/data/ratis/3ea5c252-a1f8-4e42-93aa-0c93357b1bc4
2019-10-02 00:23:03,610 [pool-267-thread-1] INFO  server.RaftServerConfigKeys (ConfUtils.java:logGet(43)) - raft.server.log.queue.byte-limit = 2147483647 (custom)
2019-10-02 00:23:03,610 [pool-267-thread-1] INFO  server.RaftServerConfigKeys (ConfUtils.java:logGet(43)) - raft.server.log.queue.element-limit = 1024 (custom)
2019-10-02 00:23:03,610 [pool-267-thread-1] INFO  server.RaftServerConfigKeys (ConfUtils.java:logGet(43)) - raft.server.log.segment.size.max = 1048576 (custom)
2019-10-02 00:23:03,610 [pool-267-thread-1] INFO  server.RaftServerConfigKeys (ConfUtils.java:logGet(43)) - raft.server.log.preallocated.size = 16384 (custom)
2019-10-02 00:23:03,610 [pool-267-thread-1] INFO  server.RaftServerConfigKeys (ConfUtils.java:logGet(43)) - raft.server.log.write.buffer.size = 33554432 (custom)
2019-10-02 00:23:03,610 [pool-267-thread-1] INFO  server.RaftServerConfigKeys (ConfUtils.java:logGet(43)) - raft.server.log.force.sync.num = 128 (default)
2019-10-02 00:23:03,610 [pool-267-thread-1] INFO  server.RaftServerConfigKeys (ConfUtils.java:logGet(43)) - raft.server.log.statemachine.data.sync = true (default)
2019-10-02 00:23:03,610 [pool-267-thread-1] INFO  server.RaftServerConfigKeys (ConfUtils.java:logGet(43)) - raft.server.log.statemachine.data.sync.timeout = 10s (default)
2019-10-02 00:23:03,611 [pool-267-thread-1] INFO  server.RaftServerConfigKeys (ConfUtils.java:logGet(43)) - raft.server.log.statemachine.data.sync.timeout.retry = -1 (default)
2019-10-02 00:23:03,611 [pool-267-thread-1] INFO  server.RaftServerConfigKeys (ConfUtils.java:logGet(43)) - raft.server.log.statemachine.data.caching.enabled = true (custom)
2019-10-02 00:23:03,611 [pool-267-thread-1] INFO  segmented.SegmentedRaftLogWorker (SegmentedRaftLogWorker.java:lambda$new$0(128)) - d5b358b0-3343-4ef6-8f4c-fc31889afd69@group-0C93357B1BC4-SegmentedRaftLogWorker: flushIndex: setUnconditionally 0 -> -1
2019-10-02 00:23:03,612 [pool-267-thread-1] INFO  server.RaftServerConfigKeys (ConfUtils.java:logGet(43)) - raft.server.snapshot.auto.trigger.enabled = true (custom)
2019-10-02 00:23:03,612 [pool-267-thread-1] INFO  server.RaftServerConfigKeys (ConfUtils.java:logGet(43)) - raft.server.snapshot.auto.trigger.threshold = 10000 (custom)
2019-10-02 00:23:03,612 [pool-267-thread-1] INFO  server.RaftServerConfigKeys (ConfUtils.java:logGet(43)) - raft.server.snapshot.retention.file.num = 5 (custom)
2019-10-02 00:23:03,612 [pool-267-thread-1] INFO  server.RaftServerConfigKeys (ConfUtils.java:logGet(43)) - raft.server.retrycache.expirytime = 600000ms (custom)
2019-10-02 00:23:03,614 [pool-267-thread-1] INFO  impl.RaftServerImpl (RaftServerImpl.java:start(181)) - d5b358b0-3343-4ef6-8f4c-fc31889afd69@group-0C93357B1BC4: start as a follower, conf=-1: [d5b358b0-3343-4ef6-8f4c-fc31889afd69:192.168.30.63:45861], old=null
2019-10-02 00:23:03,614 [pool-267-thread-1] INFO  impl.RaftServerImpl (RaftServerImpl.java:setRole(170)) - d5b358b0-3343-4ef6-8f4c-fc31889afd69@group-0C93357B1BC4: changes role from      null to FOLLOWER at term 0 for startAsFollower
2019-10-02 00:23:03,614 [pool-267-thread-1] INFO  impl.RoleInfo (RoleInfo.java:updateAndGet(143)) - d5b358b0-3343-4ef6-8f4c-fc31889afd69: start FollowerState
2019-10-02 00:23:03,614 [pool-267-thread-1] INFO  util.JmxRegister (JmxRegister.java:tryRegister(44)) - Successfully registered JMX Bean with object name Ratis:service=RaftServer,group=group-0C93357B1BC4,id=d5b358b0-3343-4ef6-8f4c-fc31889afd69
2019-10-02 00:23:03,621 [RatisPipelineUtilsThread] INFO  pipeline.PipelineStateManager (PipelineStateManager.java:addPipeline(56)) - Created pipeline Pipeline[ Id: 3ea5c252-a1f8-4e42-93aa-0c93357b1bc4, Nodes: d5b358b0-3343-4ef6-8f4c-fc31889afd69{ip: 192.168.30.63, host: pr-hdds-2201-rename-25sj9-3976918760, networkLocation: /default-rack, certSerialId: null}, Type:RATIS, Factor:ONE, State:OPEN]
2019-10-02 00:23:03,633 [grpc-default-executor-7] INFO  impl.RaftServerProxy (RaftServerProxy.java:addNew(89)) - 46b08147-e058-4424-8100-2a54324fd185: addNew group-E65543CD1FD8:[30ddb538-5430-4b07-ac01-3a06f53f55c9:192.168.30.63:43140, 6e95f05e-e2a5-4890-a0e7-0cff46ac429d:192.168.30.63:43335, 46b08147-e058-4424-8100-2a54324fd185:192.168.30.63:37180] returns group-E65543CD1FD8:java.util.concurrent.CompletableFuture@50f1a95e[Not completed]
2019-10-02 00:23:03,634 [grpc-default-executor-1] INFO  impl.RaftServerProxy (RaftServerProxy.java:addNew(89)) - 30ddb538-5430-4b07-ac01-3a06f53f55c9: addNew group-E65543CD1FD8:[30ddb538-5430-4b07-ac01-3a06f53f55c9:192.168.30.63:43140, 6e95f05e-e2a5-4890-a0e7-0cff46ac429d:192.168.30.63:43335, 46b08147-e058-4424-8100-2a54324fd185:192.168.30.63:37180] returns group-E65543CD1FD8:java.util.concurrent.CompletableFuture@6ba51a34[Not completed]
2019-10-02 00:23:03,634 [pool-227-thread-1] INFO  impl.RaftServerImpl (RaftServerImpl.java:<init>(95)) - 46b08147-e058-4424-8100-2a54324fd185: new RaftServerImpl for group-E65543CD1FD8:[30ddb538-5430-4b07-ac01-3a06f53f55c9:192.168.30.63:43140, 6e95f05e-e2a5-4890-a0e7-0cff46ac429d:192.168.30.63:43335, 46b08147-e058-4424-8100-2a54324fd185:192.168.30.63:37180] with ContainerStateMachine:uninitialized
2019-10-02 00:23:03,634 [pool-227-thread-1] INFO  server.RaftServerConfigKeys (ConfUtils.java:logGet(43)) - raft.server.rpc.timeout.min = 5s (custom)
2019-10-02 00:23:03,634 [grpc-default-executor-1] INFO  impl.RaftServerProxy (RaftServerProxy.java:addNew(89)) - 6e95f05e-e2a5-4890-a0e7-0cff46ac429d: addNew group-E65543CD1FD8:[30ddb538-5430-4b07-ac01-3a06f53f55c9:192.168.30.63:43140, 6e95f05e-e2a5-4890-a0e7-0cff46ac429d:192.168.30.63:43335, 46b08147-e058-4424-8100-2a54324fd185:192.168.30.63:37180] returns group-E65543CD1FD8:java.util.concurrent.CompletableFuture@40a97b7[Not completed]
2019-10-02 00:23:03,634 [pool-227-thread-1] INFO  server.RaftServerConfigKeys (ConfUtils.java:logGet(43)) - raft.server.rpc.timeout.max = 5200ms (custom)
2019-10-02 00:23:03,635 [pool-227-thread-1] INFO  server.RaftServerConfigKeys (ConfUtils.java:logGet(43)) - raft.server.rpcslowness.timeout = 120s (custom)
2019-10-02 00:23:03,635 [pool-227-thread-1] INFO  server.RaftServerConfigKeys (ConfUtils.java:logGet(43)) - raft.server.sleep.deviation.threshold = 300 (default)
2019-10-02 00:23:03,635 [pool-227-thread-1] INFO  server.RaftServerConfigKeys (ConfUtils.java:logGet(43)) - raft.server.log.appender.install.snapshot.enabled = false (custom)
2019-10-02 00:23:03,635 [pool-227-thread-1] INFO  impl.RaftServerImpl (ServerState.java:<init>(103)) - 46b08147-e058-4424-8100-2a54324fd185@group-E65543CD1FD8: ConfigurationManager, init=-1: [30ddb538-5430-4b07-ac01-3a06f53f55c9:192.168.30.63:43140, 6e95f05e-e2a5-4890-a0e7-0cff46ac429d:192.168.30.63:43335, 46b08147-e058-4424-8100-2a54324fd185:192.168.30.63:37180], old=null, confs=<EMPTY_MAP>
2019-10-02 00:23:03,635 [pool-227-thread-1] INFO  server.RaftServerConfigKeys (ConfUtils.java:logGet(43)) - raft.server.storage.dir = [/workdir/hadoop-ozone/integration-test/target/test-dir/MiniOzoneClusterImpl-69d1aaba-645e-4570-a77a-1465b29f52f4/datanode-2/data/ratis] (custom)
2019-10-02 00:23:03,635 [pool-247-thread-1] INFO  impl.RaftServerImpl (RaftServerImpl.java:<init>(95)) - 30ddb538-5430-4b07-ac01-3a06f53f55c9: new RaftServerImpl for group-E65543CD1FD8:[30ddb538-5430-4b07-ac01-3a06f53f55c9:192.168.30.63:43140, 6e95f05e-e2a5-4890-a0e7-0cff46ac429d:192.168.30.63:43335, 46b08147-e058-4424-8100-2a54324fd185:192.168.30.63:37180] with ContainerStateMachine:uninitialized
2019-10-02 00:23:03,635 [pool-227-thread-1] INFO  server.RaftServerConfigKeys (ConfUtils.java:logGet(43)) - raft.server.log.corruption.policy = EXCEPTION (default)
2019-10-02 00:23:03,635 [pool-247-thread-1] INFO  server.RaftServerConfigKeys (ConfUtils.java:logGet(43)) - raft.server.rpc.timeout.min = 5s (custom)
2019-10-02 00:23:03,636 [pool-227-thread-1] INFO  storage.RaftStorageDirectory (RaftStorageDirectory.java:analyzeStorage(246)) - The storage directory /workdir/hadoop-ozone/integration-test/target/test-dir/MiniOzoneClusterImpl-69d1aaba-645e-4570-a77a-1465b29f52f4/datanode-2/data/ratis/c2b3c3da-15c4-40fa-b4a9-e65543cd1fd8 does not exist. Creating ...
2019-10-02 00:23:03,636 [pool-247-thread-1] INFO  server.RaftServerConfigKeys (ConfUtils.java:logGet(43)) - raft.server.rpc.timeout.max = 5200ms (custom)
2019-10-02 00:23:03,636 [pool-247-thread-1] INFO  server.RaftServerConfigKeys (ConfUtils.java:logGet(43)) - raft.server.rpcslowness.timeout = 120s (custom)
2019-10-02 00:23:03,636 [pool-247-thread-1] INFO  server.RaftServerConfigKeys (ConfUtils.java:logGet(43)) - raft.server.sleep.deviation.threshold = 300 (default)
2019-10-02 00:23:03,636 [pool-247-thread-1] INFO  server.RaftServerConfigKeys (ConfUtils.java:logGet(43)) - raft.server.log.appender.install.snapshot.enabled = false (custom)
2019-10-02 00:23:03,636 [pool-247-thread-1] INFO  impl.RaftServerImpl (ServerState.java:<init>(103)) - 30ddb538-5430-4b07-ac01-3a06f53f55c9@group-E65543CD1FD8: ConfigurationManager, init=-1: [30ddb538-5430-4b07-ac01-3a06f53f55c9:192.168.30.63:43140, 6e95f05e-e2a5-4890-a0e7-0cff46ac429d:192.168.30.63:43335, 46b08147-e058-4424-8100-2a54324fd185:192.168.30.63:37180], old=null, confs=<EMPTY_MAP>
2019-10-02 00:23:03,637 [pool-207-thread-1] INFO  impl.RaftServerImpl (RaftServerImpl.java:<init>(95)) - 6e95f05e-e2a5-4890-a0e7-0cff46ac429d: new RaftServerImpl for group-E65543CD1FD8:[30ddb538-5430-4b07-ac01-3a06f53f55c9:192.168.30.63:43140, 6e95f05e-e2a5-4890-a0e7-0cff46ac429d:192.168.30.63:43335, 46b08147-e058-4424-8100-2a54324fd185:192.168.30.63:37180] with ContainerStateMachine:uninitialized
2019-10-02 00:23:03,637 [pool-247-thread-1] INFO  server.RaftServerConfigKeys (ConfUtils.java:logGet(43)) - raft.server.storage.dir = [/workdir/hadoop-ozone/integration-test/target/test-dir/MiniOzoneClusterImpl-69d1aaba-645e-4570-a77a-1465b29f52f4/datanode-4/data/ratis] (custom)
2019-10-02 00:23:03,637 [pool-207-thread-1] INFO  server.RaftServerConfigKeys (ConfUtils.java:logGet(43)) - raft.server.rpc.timeout.min = 5s (custom)
2019-10-02 00:23:03,637 [pool-247-thread-1] INFO  server.RaftServerConfigKeys (ConfUtils.java:logGet(43)) - raft.server.log.corruption.policy = EXCEPTION (default)
2019-10-02 00:23:03,637 [pool-207-thread-1] INFO  server.RaftServerConfigKeys (ConfUtils.java:logGet(43)) - raft.server.rpc.timeout.max = 5200ms (custom)
2019-10-02 00:23:03,637 [pool-247-thread-1] INFO  storage.RaftStorageDirectory (RaftStorageDirectory.java:analyzeStorage(246)) - The storage directory /workdir/hadoop-ozone/integration-test/target/test-dir/MiniOzoneClusterImpl-69d1aaba-645e-4570-a77a-1465b29f52f4/datanode-4/data/ratis/c2b3c3da-15c4-40fa-b4a9-e65543cd1fd8 does not exist. Creating ...
2019-10-02 00:23:03,637 [pool-207-thread-1] INFO  server.RaftServerConfigKeys (ConfUtils.java:logGet(43)) - raft.server.rpcslowness.timeout = 120s (custom)
2019-10-02 00:23:03,638 [pool-207-thread-1] INFO  server.RaftServerConfigKeys (ConfUtils.java:logGet(43)) - raft.server.sleep.deviation.threshold = 300 (default)
2019-10-02 00:23:03,638 [pool-207-thread-1] INFO  server.RaftServerConfigKeys (ConfUtils.java:logGet(43)) - raft.server.log.appender.install.snapshot.enabled = false (custom)
2019-10-02 00:23:03,638 [pool-207-thread-1] INFO  impl.RaftServerImpl (ServerState.java:<init>(103)) - 6e95f05e-e2a5-4890-a0e7-0cff46ac429d@group-E65543CD1FD8: ConfigurationManager, init=-1: [30ddb538-5430-4b07-ac01-3a06f53f55c9:192.168.30.63:43140, 6e95f05e-e2a5-4890-a0e7-0cff46ac429d:192.168.30.63:43335, 46b08147-e058-4424-8100-2a54324fd185:192.168.30.63:37180], old=null, confs=<EMPTY_MAP>
2019-10-02 00:23:03,638 [pool-207-thread-1] INFO  server.RaftServerConfigKeys (ConfUtils.java:logGet(43)) - raft.server.storage.dir = [/workdir/hadoop-ozone/integration-test/target/test-dir/MiniOzoneClusterImpl-69d1aaba-645e-4570-a77a-1465b29f52f4/datanode-0/data/ratis] (custom)
2019-10-02 00:23:03,639 [pool-207-thread-1] INFO  server.RaftServerConfigKeys (ConfUtils.java:logGet(43)) - raft.server.log.corruption.policy = EXCEPTION (default)
2019-10-02 00:23:03,639 [pool-207-thread-1] INFO  storage.RaftStorageDirectory (RaftStorageDirectory.java:analyzeStorage(246)) - The storage directory /workdir/hadoop-ozone/integration-test/target/test-dir/MiniOzoneClusterImpl-69d1aaba-645e-4570-a77a-1465b29f52f4/datanode-0/data/ratis/c2b3c3da-15c4-40fa-b4a9-e65543cd1fd8 does not exist. Creating ...
2019-10-02 00:23:03,665 [pool-227-thread-1] INFO  storage.RaftStorageDirectory (RaftStorageDirectory.java:tryLock(328)) - Lock on /workdir/hadoop-ozone/integration-test/target/test-dir/MiniOzoneClusterImpl-69d1aaba-645e-4570-a77a-1465b29f52f4/datanode-2/data/ratis/c2b3c3da-15c4-40fa-b4a9-e65543cd1fd8/in_use.lock acquired by nodename 10586@pr-hdds-2201-rename-25sj9-3976918760
2019-10-02 00:23:03,665 [pool-207-thread-1] INFO  storage.RaftStorageDirectory (RaftStorageDirectory.java:tryLock(328)) - Lock on /workdir/hadoop-ozone/integration-test/target/test-dir/MiniOzoneClusterImpl-69d1aaba-645e-4570-a77a-1465b29f52f4/datanode-0/data/ratis/c2b3c3da-15c4-40fa-b4a9-e65543cd1fd8/in_use.lock acquired by nodename 10586@pr-hdds-2201-rename-25sj9-3976918760
2019-10-02 00:23:03,665 [pool-247-thread-1] INFO  storage.RaftStorageDirectory (RaftStorageDirectory.java:tryLock(328)) - Lock on /workdir/hadoop-ozone/integration-test/target/test-dir/MiniOzoneClusterImpl-69d1aaba-645e-4570-a77a-1465b29f52f4/datanode-4/data/ratis/c2b3c3da-15c4-40fa-b4a9-e65543cd1fd8/in_use.lock acquired by nodename 10586@pr-hdds-2201-rename-25sj9-3976918760
2019-10-02 00:23:03,691 [pool-227-thread-1] INFO  storage.RaftStorage (RaftStorage.java:format(84)) - Storage directory /workdir/hadoop-ozone/integration-test/target/test-dir/MiniOzoneClusterImpl-69d1aaba-645e-4570-a77a-1465b29f52f4/datanode-2/data/ratis/c2b3c3da-15c4-40fa-b4a9-e65543cd1fd8 has been successfully formatted.
2019-10-02 00:23:03,691 [pool-207-thread-1] INFO  storage.RaftStorage (RaftStorage.java:format(84)) - Storage directory /workdir/hadoop-ozone/integration-test/target/test-dir/MiniOzoneClusterImpl-69d1aaba-645e-4570-a77a-1465b29f52f4/datanode-0/data/ratis/c2b3c3da-15c4-40fa-b4a9-e65543cd1fd8 has been successfully formatted.
2019-10-02 00:23:03,691 [pool-247-thread-1] INFO  storage.RaftStorage (RaftStorage.java:format(84)) - Storage directory /workdir/hadoop-ozone/integration-test/target/test-dir/MiniOzoneClusterImpl-69d1aaba-645e-4570-a77a-1465b29f52f4/datanode-4/data/ratis/c2b3c3da-15c4-40fa-b4a9-e65543cd1fd8 has been successfully formatted.
2019-10-02 00:23:03,691 [pool-227-thread-1] INFO  ratis.ContainerStateMachine (ContainerStateMachine.java:loadSnapshot(230)) - group-E65543CD1FD8: The snapshot info is null. Setting the last applied indexto:(t:0, i:~)
2019-10-02 00:23:03,691 [pool-207-thread-1] INFO  ratis.ContainerStateMachine (ContainerStateMachine.java:loadSnapshot(230)) - group-E65543CD1FD8: The snapshot info is null. Setting the last applied indexto:(t:0, i:~)
2019-10-02 00:23:03,691 [pool-247-thread-1] INFO  ratis.ContainerStateMachine (ContainerStateMachine.java:loadSnapshot(230)) - group-E65543CD1FD8: The snapshot info is null. Setting the last applied indexto:(t:0, i:~)
2019-10-02 00:23:03,691 [pool-227-thread-1] INFO  server.RaftServerConfigKeys (ConfUtils.java:logGet(43)) - raft.server.notification.no-leader.timeout = 120s (custom)
2019-10-02 00:23:03,692 [pool-247-thread-1] INFO  server.RaftServerConfigKeys (ConfUtils.java:logGet(43)) - raft.server.notification.no-leader.timeout = 120s (custom)
2019-10-02 00:23:03,692 [pool-207-thread-1] INFO  server.RaftServerConfigKeys (ConfUtils.java:logGet(43)) - raft.server.notification.no-leader.timeout = 120s (custom)
2019-10-02 00:23:03,692 [pool-247-thread-1] INFO  server.RaftServerConfigKeys (ConfUtils.java:logGet(43)) - raft.server.log.use.memory = false (default)
2019-10-02 00:23:03,692 [pool-227-thread-1] INFO  server.RaftServerConfigKeys (ConfUtils.java:logGet(43)) - raft.server.log.use.memory = false (default)
2019-10-02 00:23:03,692 [pool-247-thread-1] INFO  server.RaftServerConfigKeys (ConfUtils.java:logGet(43)) - raft.server.log.purge.gap = 1000000 (custom)
2019-10-02 00:23:03,692 [pool-207-thread-1] INFO  server.RaftServerConfigKeys (ConfUtils.java:logGet(43)) - raft.server.log.use.memory = false (default)
2019-10-02 00:23:03,692 [pool-247-thread-1] INFO  server.RaftServerConfigKeys (ConfUtils.java:logGet(43)) - raft.server.log.appender.buffer.byte-limit = 33554432 (custom)
2019-10-02 00:23:03,692 [pool-227-thread-1] INFO  server.RaftServerConfigKeys (ConfUtils.java:logGet(43)) - raft.server.log.purge.gap = 1000000 (custom)
2019-10-02 00:23:03,693 [pool-247-thread-1] INFO  server.RaftServerConfigKeys (ConfUtils.java:logGet(43)) - raft.server.log.segment.size.max = 1048576 (custom)
2019-10-02 00:23:03,693 [pool-207-thread-1] INFO  server.RaftServerConfigKeys (ConfUtils.java:logGet(43)) - raft.server.log.purge.gap = 1000000 (custom)
2019-10-02 00:23:03,693 [pool-247-thread-1] INFO  server.RaftServerConfigKeys (ConfUtils.java:logGet(43)) - raft.server.log.segment.cache.num.max = 2 (custom)
2019-10-02 00:23:03,693 [pool-227-thread-1] INFO  server.RaftServerConfigKeys (ConfUtils.java:logGet(43)) - raft.server.log.appender.buffer.byte-limit = 33554432 (custom)
2019-10-02 00:23:03,693 [pool-247-thread-1] INFO  segmented.SegmentedRaftLogWorker (SegmentedRaftLogWorker.java:<init>(173)) - new 30ddb538-5430-4b07-ac01-3a06f53f55c9@group-E65543CD1FD8-SegmentedRaftLogWorker for RaftStorage:Storage Directory /workdir/hadoop-ozone/integration-test/target/test-dir/MiniOzoneClusterImpl-69d1aaba-645e-4570-a77a-1465b29f52f4/datanode-4/data/ratis/c2b3c3da-15c4-40fa-b4a9-e65543cd1fd8
2019-10-02 00:23:03,693 [pool-207-thread-1] INFO  server.RaftServerConfigKeys (ConfUtils.java:logGet(43)) - raft.server.log.appender.buffer.byte-limit = 33554432 (custom)
2019-10-02 00:23:03,693 [pool-247-thread-1] INFO  server.RaftServerConfigKeys (ConfUtils.java:logGet(43)) - raft.server.log.queue.byte-limit = 2147483647 (custom)
2019-10-02 00:23:03,693 [pool-227-thread-1] INFO  server.RaftServerConfigKeys (ConfUtils.java:logGet(43)) - raft.server.log.segment.size.max = 1048576 (custom)
2019-10-02 00:23:03,694 [pool-247-thread-1] INFO  server.RaftServerConfigKeys (ConfUtils.java:logGet(43)) - raft.server.log.queue.element-limit = 1024 (custom)
2019-10-02 00:23:03,694 [pool-207-thread-1] INFO  server.RaftServerConfigKeys (ConfUtils.java:logGet(43)) - raft.server.log.segment.size.max = 1048576 (custom)
2019-10-02 00:23:03,694 [pool-247-thread-1] INFO  server.RaftServerConfigKeys (ConfUtils.java:logGet(43)) - raft.server.log.segment.size.max = 1048576 (custom)
2019-10-02 00:23:03,694 [pool-227-thread-1] INFO  server.RaftServerConfigKeys (ConfUtils.java:logGet(43)) - raft.server.log.segment.cache.num.max = 2 (custom)
2019-10-02 00:23:03,694 [pool-247-thread-1] INFO  server.RaftServerConfigKeys (ConfUtils.java:logGet(43)) - raft.server.log.preallocated.size = 16384 (custom)
2019-10-02 00:23:03,694 [pool-207-thread-1] INFO  server.RaftServerConfigKeys (ConfUtils.java:logGet(43)) - raft.server.log.segment.cache.num.max = 2 (custom)
2019-10-02 00:23:03,694 [pool-247-thread-1] INFO  server.RaftServerConfigKeys (ConfUtils.java:logGet(43)) - raft.server.log.write.buffer.size = 33554432 (custom)
2019-10-02 00:23:03,694 [pool-227-thread-1] INFO  segmented.SegmentedRaftLogWorker (SegmentedRaftLogWorker.java:<init>(173)) - new 46b08147-e058-4424-8100-2a54324fd185@group-E65543CD1FD8-SegmentedRaftLogWorker for RaftStorage:Storage Directory /workdir/hadoop-ozone/integration-test/target/test-dir/MiniOzoneClusterImpl-69d1aaba-645e-4570-a77a-1465b29f52f4/datanode-2/data/ratis/c2b3c3da-15c4-40fa-b4a9-e65543cd1fd8
2019-10-02 00:23:03,695 [pool-247-thread-1] INFO  server.RaftServerConfigKeys (ConfUtils.java:logGet(43)) - raft.server.log.force.sync.num = 128 (default)
2019-10-02 00:23:03,695 [pool-207-thread-1] INFO  segmented.SegmentedRaftLogWorker (SegmentedRaftLogWorker.java:<init>(173)) - new 6e95f05e-e2a5-4890-a0e7-0cff46ac429d@group-E65543CD1FD8-SegmentedRaftLogWorker for RaftStorage:Storage Directory /workdir/hadoop-ozone/integration-test/target/test-dir/MiniOzoneClusterImpl-69d1aaba-645e-4570-a77a-1465b29f52f4/datanode-0/data/ratis/c2b3c3da-15c4-40fa-b4a9-e65543cd1fd8
2019-10-02 00:23:03,695 [pool-247-thread-1] INFO  server.RaftServerConfigKeys (ConfUtils.java:logGet(43)) - raft.server.log.statemachine.data.sync = true (default)
2019-10-02 00:23:03,695 [pool-227-thread-1] INFO  server.RaftServerConfigKeys (ConfUtils.java:logGet(43)) - raft.server.log.queue.byte-limit = 2147483647 (custom)
2019-10-02 00:23:03,695 [pool-247-thread-1] INFO  server.RaftServerConfigKeys (ConfUtils.java:logGet(43)) - raft.server.log.statemachine.data.sync.timeout = 10s (default)
2019-10-02 00:23:03,695 [pool-207-thread-1] INFO  server.RaftServerConfigKeys (ConfUtils.java:logGet(43)) - raft.server.log.queue.byte-limit = 2147483647 (custom)
2019-10-02 00:23:03,695 [pool-247-thread-1] INFO  server.RaftServerConfigKeys (ConfUtils.java:logGet(43)) - raft.server.log.statemachine.data.sync.timeout.retry = -1 (default)
2019-10-02 00:23:03,695 [pool-227-thread-1] INFO  server.RaftServerConfigKeys (ConfUtils.java:logGet(43)) - raft.server.log.queue.element-limit = 1024 (custom)
2019-10-02 00:23:03,696 [pool-247-thread-1] INFO  server.RaftServerConfigKeys (ConfUtils.java:logGet(43)) - raft.server.log.statemachine.data.caching.enabled = true (custom)
2019-10-02 00:23:03,696 [pool-207-thread-1] INFO  server.RaftServerConfigKeys (ConfUtils.java:logGet(43)) - raft.server.log.queue.element-limit = 1024 (custom)
2019-10-02 00:23:03,696 [pool-247-thread-1] INFO  segmented.SegmentedRaftLogWorker (SegmentedRaftLogWorker.java:lambda$new$0(128)) - 30ddb538-5430-4b07-ac01-3a06f53f55c9@group-E65543CD1FD8-SegmentedRaftLogWorker: flushIndex: setUnconditionally 0 -> -1
2019-10-02 00:23:03,696 [pool-227-thread-1] INFO  server.RaftServerConfigKeys (ConfUtils.java:logGet(43)) - raft.server.log.segment.size.max = 1048576 (custom)
2019-10-02 00:23:03,696 [pool-207-thread-1] INFO  server.RaftServerConfigKeys (ConfUtils.java:logGet(43)) - raft.server.log.segment.size.max = 1048576 (custom)
2019-10-02 00:23:03,696 [pool-247-thread-1] INFO  server.RaftServerConfigKeys (ConfUtils.java:logGet(43)) - raft.server.snapshot.auto.trigger.enabled = true (custom)
2019-10-02 00:23:03,696 [pool-227-thread-1] INFO  server.RaftServerConfigKeys (ConfUtils.java:logGet(43)) - raft.server.log.preallocated.size = 16384 (custom)
2019-10-02 00:23:03,696 [pool-207-thread-1] INFO  server.RaftServerConfigKeys (ConfUtils.java:logGet(43)) - raft.server.log.preallocated.size = 16384 (custom)
2019-10-02 00:23:03,697 [pool-247-thread-1] INFO  server.RaftServerConfigKeys (ConfUtils.java:logGet(43)) - raft.server.snapshot.auto.trigger.threshold = 10000 (custom)
2019-10-02 00:23:03,697 [pool-227-thread-1] INFO  server.RaftServerConfigKeys (ConfUtils.java:logGet(43)) - raft.server.log.write.buffer.size = 33554432 (custom)
2019-10-02 00:23:03,697 [pool-247-thread-1] INFO  server.RaftServerConfigKeys (ConfUtils.java:logGet(43)) - raft.server.snapshot.retention.file.num = 5 (custom)
2019-10-02 00:23:03,697 [pool-207-thread-1] INFO  server.RaftServerConfigKeys (ConfUtils.java:logGet(43)) - raft.server.log.write.buffer.size = 33554432 (custom)
2019-10-02 00:23:03,697 [pool-247-thread-1] INFO  server.RaftServerConfigKeys (ConfUtils.java:logGet(43)) - raft.server.retrycache.expirytime = 600000ms (custom)
2019-10-02 00:23:03,697 [pool-227-thread-1] INFO  server.RaftServerConfigKeys (ConfUtils.java:logGet(43)) - raft.server.log.force.sync.num = 128 (default)
2019-10-02 00:23:03,697 [pool-207-thread-1] INFO  server.RaftServerConfigKeys (ConfUtils.java:logGet(43)) - raft.server.log.force.sync.num = 128 (default)
2019-10-02 00:23:03,697 [pool-227-thread-1] INFO  server.RaftServerConfigKeys (ConfUtils.java:logGet(43)) - raft.server.log.statemachine.data.sync = true (default)
2019-10-02 00:23:03,698 [pool-207-thread-1] INFO  server.RaftServerConfigKeys (ConfUtils.java:logGet(43)) - raft.server.log.statemachine.data.sync = true (default)
2019-10-02 00:23:03,698 [pool-227-thread-1] INFO  server.RaftServerConfigKeys (ConfUtils.java:logGet(43)) - raft.server.log.statemachine.data.sync.timeout = 10s (default)
2019-10-02 00:23:03,698 [pool-207-thread-1] INFO  server.RaftServerConfigKeys (ConfUtils.java:logGet(43)) - raft.server.log.statemachine.data.sync.timeout = 10s (default)
2019-10-02 00:23:03,698 [pool-227-thread-1] INFO  server.RaftServerConfigKeys (ConfUtils.java:logGet(43)) - raft.server.log.statemachine.data.sync.timeout.retry = -1 (default)
2019-10-02 00:23:03,698 [pool-207-thread-1] INFO  server.RaftServerConfigKeys (ConfUtils.java:logGet(43)) - raft.server.log.statemachine.data.sync.timeout.retry = -1 (default)
2019-10-02 00:23:03,698 [pool-227-thread-1] INFO  server.RaftServerConfigKeys (ConfUtils.java:logGet(43)) - raft.server.log.statemachine.data.caching.enabled = true (custom)
2019-10-02 00:23:03,698 [pool-207-thread-1] INFO  server.RaftServerConfigKeys (ConfUtils.java:logGet(43)) - raft.server.log.statemachine.data.caching.enabled = true (custom)
2019-10-02 00:23:03,699 [pool-227-thread-1] INFO  segmented.SegmentedRaftLogWorker (SegmentedRaftLogWorker.java:lambda$new$0(128)) - 46b08147-e058-4424-8100-2a54324fd185@group-E65543CD1FD8-SegmentedRaftLogWorker: flushIndex: setUnconditionally 0 -> -1
2019-10-02 00:23:03,699 [pool-207-thread-1] INFO  segmented.SegmentedRaftLogWorker (SegmentedRaftLogWorker.java:lambda$new$0(128)) - 6e95f05e-e2a5-4890-a0e7-0cff46ac429d@group-E65543CD1FD8-SegmentedRaftLogWorker: flushIndex: setUnconditionally 0 -> -1
2019-10-02 00:23:03,699 [pool-247-thread-1] INFO  impl.RaftServerImpl (RaftServerImpl.java:start(181)) - 30ddb538-5430-4b07-ac01-3a06f53f55c9@group-E65543CD1FD8: start as a follower, conf=-1: [30ddb538-5430-4b07-ac01-3a06f53f55c9:192.168.30.63:43140, 6e95f05e-e2a5-4890-a0e7-0cff46ac429d:192.168.30.63:43335, 46b08147-e058-4424-8100-2a54324fd185:192.168.30.63:37180], old=null
2019-10-02 00:23:03,699 [pool-227-thread-1] INFO  server.RaftServerConfigKeys (ConfUtils.java:logGet(43)) - raft.server.snapshot.auto.trigger.enabled = true (custom)
2019-10-02 00:23:03,699 [pool-207-thread-1] INFO  server.RaftServerConfigKeys (ConfUtils.java:logGet(43)) - raft.server.snapshot.auto.trigger.enabled = true (custom)
2019-10-02 00:23:03,699 [pool-247-thread-1] INFO  impl.RaftServerImpl (RaftServerImpl.java:setRole(170)) - 30ddb538-5430-4b07-ac01-3a06f53f55c9@group-E65543CD1FD8: changes role from      null to FOLLOWER at term 0 for startAsFollower
2019-10-02 00:23:03,699 [pool-207-thread-1] INFO  server.RaftServerConfigKeys (ConfUtils.java:logGet(43)) - raft.server.snapshot.auto.trigger.threshold = 10000 (custom)
2019-10-02 00:23:03,699 [pool-227-thread-1] INFO  server.RaftServerConfigKeys (ConfUtils.java:logGet(43)) - raft.server.snapshot.auto.trigger.threshold = 10000 (custom)
2019-10-02 00:23:03,700 [pool-207-thread-1] INFO  server.RaftServerConfigKeys (ConfUtils.java:logGet(43)) - raft.server.snapshot.retention.file.num = 5 (custom)
2019-10-02 00:23:03,700 [pool-247-thread-1] INFO  impl.RoleInfo (RoleInfo.java:updateAndGet(143)) - 30ddb538-5430-4b07-ac01-3a06f53f55c9: start FollowerState
2019-10-02 00:23:03,700 [pool-207-thread-1] INFO  server.RaftServerConfigKeys (ConfUtils.java:logGet(43)) - raft.server.retrycache.expirytime = 600000ms (custom)
2019-10-02 00:23:03,700 [pool-227-thread-1] INFO  server.RaftServerConfigKeys (ConfUtils.java:logGet(43)) - raft.server.snapshot.retention.file.num = 5 (custom)
2019-10-02 00:23:03,700 [pool-247-thread-1] INFO  util.JmxRegister (JmxRegister.java:tryRegister(44)) - Successfully registered JMX Bean with object name Ratis:service=RaftServer,group=group-E65543CD1FD8,id=30ddb538-5430-4b07-ac01-3a06f53f55c9
2019-10-02 00:23:03,700 [pool-227-thread-1] INFO  server.RaftServerConfigKeys (ConfUtils.java:logGet(43)) - raft.server.retrycache.expirytime = 600000ms (custom)
2019-10-02 00:23:03,704 [pool-207-thread-1] INFO  impl.RaftServerImpl (RaftServerImpl.java:start(181)) - 6e95f05e-e2a5-4890-a0e7-0cff46ac429d@group-E65543CD1FD8: start as a follower, conf=-1: [30ddb538-5430-4b07-ac01-3a06f53f55c9:192.168.30.63:43140, 6e95f05e-e2a5-4890-a0e7-0cff46ac429d:192.168.30.63:43335, 46b08147-e058-4424-8100-2a54324fd185:192.168.30.63:37180], old=null
2019-10-02 00:23:03,704 [pool-207-thread-1] INFO  impl.RaftServerImpl (RaftServerImpl.java:setRole(170)) - 6e95f05e-e2a5-4890-a0e7-0cff46ac429d@group-E65543CD1FD8: changes role from      null to FOLLOWER at term 0 for startAsFollower
2019-10-02 00:23:03,704 [pool-227-thread-1] INFO  impl.RaftServerImpl (RaftServerImpl.java:start(181)) - 46b08147-e058-4424-8100-2a54324fd185@group-E65543CD1FD8: start as a follower, conf=-1: [30ddb538-5430-4b07-ac01-3a06f53f55c9:192.168.30.63:43140, 6e95f05e-e2a5-4890-a0e7-0cff46ac429d:192.168.30.63:43335, 46b08147-e058-4424-8100-2a54324fd185:192.168.30.63:37180], old=null
2019-10-02 00:23:03,705 [pool-207-thread-1] INFO  impl.RoleInfo (RoleInfo.java:updateAndGet(143)) - 6e95f05e-e2a5-4890-a0e7-0cff46ac429d: start FollowerState
2019-10-02 00:23:03,705 [pool-227-thread-1] INFO  impl.RaftServerImpl (RaftServerImpl.java:setRole(170)) - 46b08147-e058-4424-8100-2a54324fd185@group-E65543CD1FD8: changes role from      null to FOLLOWER at term 0 for startAsFollower
2019-10-02 00:23:03,705 [pool-227-thread-1] INFO  impl.RoleInfo (RoleInfo.java:updateAndGet(143)) - 46b08147-e058-4424-8100-2a54324fd185: start FollowerState
2019-10-02 00:23:03,705 [pool-207-thread-1] INFO  util.JmxRegister (JmxRegister.java:tryRegister(44)) - Successfully registered JMX Bean with object name Ratis:service=RaftServer,group=group-E65543CD1FD8,id=6e95f05e-e2a5-4890-a0e7-0cff46ac429d
2019-10-02 00:23:03,708 [pool-227-thread-1] INFO  util.JmxRegister (JmxRegister.java:tryRegister(44)) - Successfully registered JMX Bean with object name Ratis:service=RaftServer,group=group-E65543CD1FD8,id=46b08147-e058-4424-8100-2a54324fd185
2019-10-02 00:23:03,716 [RatisPipelineUtilsThread] INFO  pipeline.PipelineStateManager (PipelineStateManager.java:addPipeline(56)) - Created pipeline Pipeline[ Id: c2b3c3da-15c4-40fa-b4a9-e65543cd1fd8, Nodes: 30ddb538-5430-4b07-ac01-3a06f53f55c9{ip: 192.168.30.63, host: pr-hdds-2201-rename-25sj9-3976918760, networkLocation: /default-rack, certSerialId: null}46b08147-e058-4424-8100-2a54324fd185{ip: 192.168.30.63, host: pr-hdds-2201-rename-25sj9-3976918760, networkLocation: /default-rack, certSerialId: null}6e95f05e-e2a5-4890-a0e7-0cff46ac429d{ip: 192.168.30.63, host: pr-hdds-2201-rename-25sj9-3976918760, networkLocation: /default-rack, certSerialId: null}, Type:RATIS, Factor:THREE, State:OPEN]
2019-10-02 00:23:03,724 [grpc-default-executor-7] INFO  impl.RaftServerProxy (RaftServerProxy.java:addNew(89)) - d5b358b0-3343-4ef6-8f4c-fc31889afd69: addNew group-48D14385539C:[e38b2c57-da58-4cb4-9af3-56c45b505280:192.168.30.63:40776, 6f4fc033-5a75-4f35-94b7-46b35564497b:192.168.30.63:44376, d5b358b0-3343-4ef6-8f4c-fc31889afd69:192.168.30.63:45861] returns group-48D14385539C:java.util.concurrent.CompletableFuture@18193d3a[Not completed]
2019-10-02 00:23:03,724 [grpc-default-executor-1] INFO  impl.RaftServerProxy (RaftServerProxy.java:addNew(89)) - e38b2c57-da58-4cb4-9af3-56c45b505280: addNew group-48D14385539C:[e38b2c57-da58-4cb4-9af3-56c45b505280:192.168.30.63:40776, 6f4fc033-5a75-4f35-94b7-46b35564497b:192.168.30.63:44376, d5b358b0-3343-4ef6-8f4c-fc31889afd69:192.168.30.63:45861] returns group-48D14385539C:java.util.concurrent.CompletableFuture@447853c7[Not completed]
2019-10-02 00:23:03,724 [grpc-default-executor-6] INFO  impl.RaftServerProxy (RaftServerProxy.java:addNew(89)) - 6f4fc033-5a75-4f35-94b7-46b35564497b: addNew group-48D14385539C:[e38b2c57-da58-4cb4-9af3-56c45b505280:192.168.30.63:40776, 6f4fc033-5a75-4f35-94b7-46b35564497b:192.168.30.63:44376, d5b358b0-3343-4ef6-8f4c-fc31889afd69:192.168.30.63:45861] returns group-48D14385539C:java.util.concurrent.CompletableFuture@12039244[Not completed]
2019-10-02 00:23:03,725 [pool-267-thread-1] INFO  impl.RaftServerImpl (RaftServerImpl.java:<init>(95)) - d5b358b0-3343-4ef6-8f4c-fc31889afd69: new RaftServerImpl for group-48D14385539C:[e38b2c57-da58-4cb4-9af3-56c45b505280:192.168.30.63:40776, 6f4fc033-5a75-4f35-94b7-46b35564497b:192.168.30.63:44376, d5b358b0-3343-4ef6-8f4c-fc31889afd69:192.168.30.63:45861] with ContainerStateMachine:uninitialized
2019-10-02 00:23:03,725 [pool-267-thread-1] INFO  server.RaftServerConfigKeys (ConfUtils.java:logGet(43)) - raft.server.rpc.timeout.min = 5s (custom)
2019-10-02 00:23:03,725 [pool-267-thread-1] INFO  server.RaftServerConfigKeys (ConfUtils.java:logGet(43)) - raft.server.rpc.timeout.max = 5200ms (custom)
2019-10-02 00:23:03,726 [pool-267-thread-1] INFO  server.RaftServerConfigKeys (ConfUtils.java:logGet(43)) - raft.server.rpcslowness.timeout = 120s (custom)
2019-10-02 00:23:03,726 [pool-267-thread-1] INFO  server.RaftServerConfigKeys (ConfUtils.java:logGet(43)) - raft.server.sleep.deviation.threshold = 300 (default)
2019-10-02 00:23:03,726 [pool-267-thread-1] INFO  server.RaftServerConfigKeys (ConfUtils.java:logGet(43)) - raft.server.log.appender.install.snapshot.enabled = false (custom)
2019-10-02 00:23:03,726 [pool-267-thread-1] INFO  impl.RaftServerImpl (ServerState.java:<init>(103)) - d5b358b0-3343-4ef6-8f4c-fc31889afd69@group-48D14385539C: ConfigurationManager, init=-1: [e38b2c57-da58-4cb4-9af3-56c45b505280:192.168.30.63:40776, 6f4fc033-5a75-4f35-94b7-46b35564497b:192.168.30.63:44376, d5b358b0-3343-4ef6-8f4c-fc31889afd69:192.168.30.63:45861], old=null, confs=<EMPTY_MAP>
2019-10-02 00:23:03,726 [pool-267-thread-1] INFO  server.RaftServerConfigKeys (ConfUtils.java:logGet(43)) - raft.server.storage.dir = [/workdir/hadoop-ozone/integration-test/target/test-dir/MiniOzoneClusterImpl-69d1aaba-645e-4570-a77a-1465b29f52f4/datanode-6/data/ratis] (custom)
2019-10-02 00:23:03,726 [pool-257-thread-1] INFO  impl.RaftServerImpl (RaftServerImpl.java:<init>(95)) - 6f4fc033-5a75-4f35-94b7-46b35564497b: new RaftServerImpl for group-48D14385539C:[e38b2c57-da58-4cb4-9af3-56c45b505280:192.168.30.63:40776, 6f4fc033-5a75-4f35-94b7-46b35564497b:192.168.30.63:44376, d5b358b0-3343-4ef6-8f4c-fc31889afd69:192.168.30.63:45861] with ContainerStateMachine:uninitialized
2019-10-02 00:23:03,726 [pool-267-thread-1] INFO  server.RaftServerConfigKeys (ConfUtils.java:logGet(43)) - raft.server.log.corruption.policy = EXCEPTION (default)
2019-10-02 00:23:03,726 [pool-257-thread-1] INFO  server.RaftServerConfigKeys (ConfUtils.java:logGet(43)) - raft.server.rpc.timeout.min = 5s (custom)
2019-10-02 00:23:03,726 [pool-267-thread-1] INFO  storage.RaftStorageDirectory (RaftStorageDirectory.java:analyzeStorage(246)) - The storage directory /workdir/hadoop-ozone/integration-test/target/test-dir/MiniOzoneClusterImpl-69d1aaba-645e-4570-a77a-1465b29f52f4/datanode-6/data/ratis/4694eb55-2258-4dd1-8379-48d14385539c does not exist. Creating ...
2019-10-02 00:23:03,726 [pool-237-thread-1] INFO  impl.RaftServerImpl (RaftServerImpl.java:<init>(95)) - e38b2c57-da58-4cb4-9af3-56c45b505280: new RaftServerImpl for group-48D14385539C:[e38b2c57-da58-4cb4-9af3-56c45b505280:192.168.30.63:40776, 6f4fc033-5a75-4f35-94b7-46b35564497b:192.168.30.63:44376, d5b358b0-3343-4ef6-8f4c-fc31889afd69:192.168.30.63:45861] with ContainerStateMachine:uninitialized
2019-10-02 00:23:03,726 [pool-257-thread-1] INFO  server.RaftServerConfigKeys (ConfUtils.java:logGet(43)) - raft.server.rpc.timeout.max = 5200ms (custom)
2019-10-02 00:23:03,727 [pool-237-thread-1] INFO  server.RaftServerConfigKeys (ConfUtils.java:logGet(43)) - raft.server.rpc.timeout.min = 5s (custom)
2019-10-02 00:23:03,727 [pool-257-thread-1] INFO  server.RaftServerConfigKeys (ConfUtils.java:logGet(43)) - raft.server.rpcslowness.timeout = 120s (custom)
2019-10-02 00:23:03,727 [pool-237-thread-1] INFO  server.RaftServerConfigKeys (ConfUtils.java:logGet(43)) - raft.server.rpc.timeout.max = 5200ms (custom)
2019-10-02 00:23:03,727 [pool-257-thread-1] INFO  server.RaftServerConfigKeys (ConfUtils.java:logGet(43)) - raft.server.sleep.deviation.threshold = 300 (default)
2019-10-02 00:23:03,727 [pool-237-thread-1] INFO  server.RaftServerConfigKeys (ConfUtils.java:logGet(43)) - raft.server.rpcslowness.timeout = 120s (custom)
2019-10-02 00:23:03,727 [pool-257-thread-1] INFO  server.RaftServerConfigKeys (ConfUtils.java:logGet(43)) - raft.server.log.appender.install.snapshot.enabled = false (custom)
2019-10-02 00:23:03,727 [pool-237-thread-1] INFO  server.RaftServerConfigKeys (ConfUtils.java:logGet(43)) - raft.server.sleep.deviation.threshold = 300 (default)
2019-10-02 00:23:03,727 [pool-257-thread-1] INFO  impl.RaftServerImpl (ServerState.java:<init>(103)) - 6f4fc033-5a75-4f35-94b7-46b35564497b@group-48D14385539C: ConfigurationManager, init=-1: [e38b2c57-da58-4cb4-9af3-56c45b505280:192.168.30.63:40776, 6f4fc033-5a75-4f35-94b7-46b35564497b:192.168.30.63:44376, d5b358b0-3343-4ef6-8f4c-fc31889afd69:192.168.30.63:45861], old=null, confs=<EMPTY_MAP>
2019-10-02 00:23:03,727 [pool-237-thread-1] INFO  server.RaftServerConfigKeys (ConfUtils.java:logGet(43)) - raft.server.log.appender.install.snapshot.enabled = false (custom)
2019-10-02 00:23:03,728 [pool-257-thread-1] INFO  server.RaftServerConfigKeys (ConfUtils.java:logGet(43)) - raft.server.storage.dir = [/workdir/hadoop-ozone/integration-test/target/test-dir/MiniOzoneClusterImpl-69d1aaba-645e-4570-a77a-1465b29f52f4/datanode-5/data/ratis] (custom)
2019-10-02 00:23:03,728 [pool-237-thread-1] INFO  impl.RaftServerImpl (ServerState.java:<init>(103)) - e38b2c57-da58-4cb4-9af3-56c45b505280@group-48D14385539C: ConfigurationManager, init=-1: [e38b2c57-da58-4cb4-9af3-56c45b505280:192.168.30.63:40776, 6f4fc033-5a75-4f35-94b7-46b35564497b:192.168.30.63:44376, d5b358b0-3343-4ef6-8f4c-fc31889afd69:192.168.30.63:45861], old=null, confs=<EMPTY_MAP>
2019-10-02 00:23:03,728 [pool-237-thread-1] INFO  server.RaftServerConfigKeys (ConfUtils.java:logGet(43)) - raft.server.storage.dir = [/workdir/hadoop-ozone/integration-test/target/test-dir/MiniOzoneClusterImpl-69d1aaba-645e-4570-a77a-1465b29f52f4/datanode-3/data/ratis] (custom)
2019-10-02 00:23:03,728 [pool-257-thread-1] INFO  server.RaftServerConfigKeys (ConfUtils.java:logGet(43)) - raft.server.log.corruption.policy = EXCEPTION (default)
2019-10-02 00:23:03,728 [pool-237-thread-1] INFO  server.RaftServerConfigKeys (ConfUtils.java:logGet(43)) - raft.server.log.corruption.policy = EXCEPTION (default)
2019-10-02 00:23:03,728 [pool-257-thread-1] INFO  storage.RaftStorageDirectory (RaftStorageDirectory.java:analyzeStorage(246)) - The storage directory /workdir/hadoop-ozone/integration-test/target/test-dir/MiniOzoneClusterImpl-69d1aaba-645e-4570-a77a-1465b29f52f4/datanode-5/data/ratis/4694eb55-2258-4dd1-8379-48d14385539c does not exist. Creating ...
2019-10-02 00:23:03,728 [pool-237-thread-1] INFO  storage.RaftStorageDirectory (RaftStorageDirectory.java:analyzeStorage(246)) - The storage directory /workdir/hadoop-ozone/integration-test/target/test-dir/MiniOzoneClusterImpl-69d1aaba-645e-4570-a77a-1465b29f52f4/datanode-3/data/ratis/4694eb55-2258-4dd1-8379-48d14385539c does not exist. Creating ...
2019-10-02 00:23:03,750 [pool-257-thread-1] INFO  storage.RaftStorageDirectory (RaftStorageDirectory.java:tryLock(328)) - Lock on /workdir/hadoop-ozone/integration-test/target/test-dir/MiniOzoneClusterImpl-69d1aaba-645e-4570-a77a-1465b29f52f4/datanode-5/data/ratis/4694eb55-2258-4dd1-8379-48d14385539c/in_use.lock acquired by nodename 10586@pr-hdds-2201-rename-25sj9-3976918760
2019-10-02 00:23:03,750 [pool-237-thread-1] INFO  storage.RaftStorageDirectory (RaftStorageDirectory.java:tryLock(328)) - Lock on /workdir/hadoop-ozone/integration-test/target/test-dir/MiniOzoneClusterImpl-69d1aaba-645e-4570-a77a-1465b29f52f4/datanode-3/data/ratis/4694eb55-2258-4dd1-8379-48d14385539c/in_use.lock acquired by nodename 10586@pr-hdds-2201-rename-25sj9-3976918760
2019-10-02 00:23:03,750 [pool-267-thread-1] INFO  storage.RaftStorageDirectory (RaftStorageDirectory.java:tryLock(328)) - Lock on /workdir/hadoop-ozone/integration-test/target/test-dir/MiniOzoneClusterImpl-69d1aaba-645e-4570-a77a-1465b29f52f4/datanode-6/data/ratis/4694eb55-2258-4dd1-8379-48d14385539c/in_use.lock acquired by nodename 10586@pr-hdds-2201-rename-25sj9-3976918760
2019-10-02 00:23:03,776 [pool-257-thread-1] INFO  storage.RaftStorage (RaftStorage.java:format(84)) - Storage directory /workdir/hadoop-ozone/integration-test/target/test-dir/MiniOzoneClusterImpl-69d1aaba-645e-4570-a77a-1465b29f52f4/datanode-5/data/ratis/4694eb55-2258-4dd1-8379-48d14385539c has been successfully formatted.
2019-10-02 00:23:03,776 [pool-267-thread-1] INFO  storage.RaftStorage (RaftStorage.java:format(84)) - Storage directory /workdir/hadoop-ozone/integration-test/target/test-dir/MiniOzoneClusterImpl-69d1aaba-645e-4570-a77a-1465b29f52f4/datanode-6/data/ratis/4694eb55-2258-4dd1-8379-48d14385539c has been successfully formatted.
2019-10-02 00:23:03,776 [pool-237-thread-1] INFO  storage.RaftStorage (RaftStorage.java:format(84)) - Storage directory /workdir/hadoop-ozone/integration-test/target/test-dir/MiniOzoneClusterImpl-69d1aaba-645e-4570-a77a-1465b29f52f4/datanode-3/data/ratis/4694eb55-2258-4dd1-8379-48d14385539c has been successfully formatted.
2019-10-02 00:23:03,776 [pool-257-thread-1] INFO  ratis.ContainerStateMachine (ContainerStateMachine.java:loadSnapshot(230)) - group-48D14385539C: The snapshot info is null. Setting the last applied indexto:(t:0, i:~)
2019-10-02 00:23:03,776 [pool-267-thread-1] INFO  ratis.ContainerStateMachine (ContainerStateMachine.java:loadSnapshot(230)) - group-48D14385539C: The snapshot info is null. Setting the last applied indexto:(t:0, i:~)
2019-10-02 00:23:03,776 [pool-237-thread-1] INFO  ratis.ContainerStateMachine (ContainerStateMachine.java:loadSnapshot(230)) - group-48D14385539C: The snapshot info is null. Setting the last applied indexto:(t:0, i:~)
2019-10-02 00:23:03,776 [pool-257-thread-1] INFO  server.RaftServerConfigKeys (ConfUtils.java:logGet(43)) - raft.server.notification.no-leader.timeout = 120s (custom)
2019-10-02 00:23:03,776 [pool-237-thread-1] INFO  server.RaftServerConfigKeys (ConfUtils.java:logGet(43)) - raft.server.notification.no-leader.timeout = 120s (custom)
2019-10-02 00:23:03,776 [pool-267-thread-1] INFO  server.RaftServerConfigKeys (ConfUtils.java:logGet(43)) - raft.server.notification.no-leader.timeout = 120s (custom)
2019-10-02 00:23:03,777 [pool-237-thread-1] INFO  server.RaftServerConfigKeys (ConfUtils.java:logGet(43)) - raft.server.log.use.memory = false (default)
2019-10-02 00:23:03,777 [pool-257-thread-1] INFO  server.RaftServerConfigKeys (ConfUtils.java:logGet(43)) - raft.server.log.use.memory = false (default)
2019-10-02 00:23:03,777 [pool-237-thread-1] INFO  server.RaftServerConfigKeys (ConfUtils.java:logGet(43)) - raft.server.log.purge.gap = 1000000 (custom)
2019-10-02 00:23:03,777 [pool-267-thread-1] INFO  server.RaftServerConfigKeys (ConfUtils.java:logGet(43)) - raft.server.log.use.memory = false (default)
2019-10-02 00:23:03,777 [pool-237-thread-1] INFO  server.RaftServerConfigKeys (ConfUtils.java:logGet(43)) - raft.server.log.appender.buffer.byte-limit = 33554432 (custom)
2019-10-02 00:23:03,777 [pool-257-thread-1] INFO  server.RaftServerConfigKeys (ConfUtils.java:logGet(43)) - raft.server.log.purge.gap = 1000000 (custom)
2019-10-02 00:23:03,778 [pool-237-thread-1] INFO  server.RaftServerConfigKeys (ConfUtils.java:logGet(43)) - raft.server.log.segment.size.max = 1048576 (custom)
2019-10-02 00:23:03,777 [pool-267-thread-1] INFO  server.RaftServerConfigKeys (ConfUtils.java:logGet(43)) - raft.server.log.purge.gap = 1000000 (custom)
2019-10-02 00:23:03,778 [pool-237-thread-1] INFO  server.RaftServerConfigKeys (ConfUtils.java:logGet(43)) - raft.server.log.segment.cache.num.max = 2 (custom)
2019-10-02 00:23:03,778 [pool-257-thread-1] INFO  server.RaftServerConfigKeys (ConfUtils.java:logGet(43)) - raft.server.log.appender.buffer.byte-limit = 33554432 (custom)
2019-10-02 00:23:03,778 [pool-237-thread-1] INFO  segmented.SegmentedRaftLogWorker (SegmentedRaftLogWorker.java:<init>(173)) - new e38b2c57-da58-4cb4-9af3-56c45b505280@group-48D14385539C-SegmentedRaftLogWorker for RaftStorage:Storage Directory /workdir/hadoop-ozone/integration-test/target/test-dir/MiniOzoneClusterImpl-69d1aaba-645e-4570-a77a-1465b29f52f4/datanode-3/data/ratis/4694eb55-2258-4dd1-8379-48d14385539c
2019-10-02 00:23:03,778 [pool-237-thread-1] INFO  server.RaftServerConfigKeys (ConfUtils.java:logGet(43)) - raft.server.log.queue.byte-limit = 2147483647 (custom)
2019-10-02 00:23:03,778 [pool-267-thread-1] INFO  server.RaftServerConfigKeys (ConfUtils.java:logGet(43)) - raft.server.log.appender.buffer.byte-limit = 33554432 (custom)
2019-10-02 00:23:03,779 [pool-237-thread-1] INFO  server.RaftServerConfigKeys (ConfUtils.java:logGet(43)) - raft.server.log.queue.element-limit = 1024 (custom)
2019-10-02 00:23:03,778 [pool-257-thread-1] INFO  server.RaftServerConfigKeys (ConfUtils.java:logGet(43)) - raft.server.log.segment.size.max = 1048576 (custom)
2019-10-02 00:23:03,779 [pool-237-thread-1] INFO  server.RaftServerConfigKeys (ConfUtils.java:logGet(43)) - raft.server.log.segment.size.max = 1048576 (custom)
2019-10-02 00:23:03,779 [pool-267-thread-1] INFO  server.RaftServerConfigKeys (ConfUtils.java:logGet(43)) - raft.server.log.segment.size.max = 1048576 (custom)
2019-10-02 00:23:03,779 [pool-237-thread-1] INFO  server.RaftServerConfigKeys (ConfUtils.java:logGet(43)) - raft.server.log.preallocated.size = 16384 (custom)
2019-10-02 00:23:03,779 [pool-257-thread-1] INFO  server.RaftServerConfigKeys (ConfUtils.java:logGet(43)) - raft.server.log.segment.cache.num.max = 2 (custom)
2019-10-02 00:23:03,779 [pool-237-thread-1] INFO  server.RaftServerConfigKeys (ConfUtils.java:logGet(43)) - raft.server.log.write.buffer.size = 33554432 (custom)
2019-10-02 00:23:03,779 [pool-267-thread-1] INFO  server.RaftServerConfigKeys (ConfUtils.java:logGet(43)) - raft.server.log.segment.cache.num.max = 2 (custom)
2019-10-02 00:23:03,780 [pool-237-thread-1] INFO  server.RaftServerConfigKeys (ConfUtils.java:logGet(43)) - raft.server.log.force.sync.num = 128 (default)
2019-10-02 00:23:03,779 [pool-257-thread-1] INFO  segmented.SegmentedRaftLogWorker (SegmentedRaftLogWorker.java:<init>(173)) - new 6f4fc033-5a75-4f35-94b7-46b35564497b@group-48D14385539C-SegmentedRaftLogWorker for RaftStorage:Storage Directory /workdir/hadoop-ozone/integration-test/target/test-dir/MiniOzoneClusterImpl-69d1aaba-645e-4570-a77a-1465b29f52f4/datanode-5/data/ratis/4694eb55-2258-4dd1-8379-48d14385539c
2019-10-02 00:23:03,780 [pool-237-thread-1] INFO  server.RaftServerConfigKeys (ConfUtils.java:logGet(43)) - raft.server.log.statemachine.data.sync = true (default)
2019-10-02 00:23:03,780 [pool-237-thread-1] INFO  server.RaftServerConfigKeys (ConfUtils.java:logGet(43)) - raft.server.log.statemachine.data.sync.timeout = 10s (default)
2019-10-02 00:23:03,780 [pool-267-thread-1] INFO  segmented.SegmentedRaftLogWorker (SegmentedRaftLogWorker.java:<init>(173)) - new d5b358b0-3343-4ef6-8f4c-fc31889afd69@group-48D14385539C-SegmentedRaftLogWorker for RaftStorage:Storage Directory /workdir/hadoop-ozone/integration-test/target/test-dir/MiniOzoneClusterImpl-69d1aaba-645e-4570-a77a-1465b29f52f4/datanode-6/data/ratis/4694eb55-2258-4dd1-8379-48d14385539c
2019-10-02 00:23:03,780 [pool-237-thread-1] INFO  server.RaftServerConfigKeys (ConfUtils.java:logGet(43)) - raft.server.log.statemachine.data.sync.timeout.retry = -1 (default)
2019-10-02 00:23:03,780 [pool-257-thread-1] INFO  server.RaftServerConfigKeys (ConfUtils.java:logGet(43)) - raft.server.log.queue.byte-limit = 2147483647 (custom)
2019-10-02 00:23:03,780 [pool-237-thread-1] INFO  server.RaftServerConfigKeys (ConfUtils.java:logGet(43)) - raft.server.log.statemachine.data.caching.enabled = true (custom)
2019-10-02 00:23:03,780 [pool-267-thread-1] INFO  server.RaftServerConfigKeys (ConfUtils.java:logGet(43)) - raft.server.log.queue.byte-limit = 2147483647 (custom)
2019-10-02 00:23:03,780 [pool-257-thread-1] INFO  server.RaftServerConfigKeys (ConfUtils.java:logGet(43)) - raft.server.log.queue.element-limit = 1024 (custom)
2019-10-02 00:23:03,781 [pool-237-thread-1] INFO  segmented.SegmentedRaftLogWorker (SegmentedRaftLogWorker.java:lambda$new$0(128)) - e38b2c57-da58-4cb4-9af3-56c45b505280@group-48D14385539C-SegmentedRaftLogWorker: flushIndex: setUnconditionally 0 -> -1
2019-10-02 00:23:03,781 [pool-267-thread-1] INFO  server.RaftServerConfigKeys (ConfUtils.java:logGet(43)) - raft.server.log.queue.element-limit = 1024 (custom)
2019-10-02 00:23:03,781 [pool-257-thread-1] INFO  server.RaftServerConfigKeys (ConfUtils.java:logGet(43)) - raft.server.log.segment.size.max = 1048576 (custom)
2019-10-02 00:23:03,781 [pool-237-thread-1] INFO  server.RaftServerConfigKeys (ConfUtils.java:logGet(43)) - raft.server.snapshot.auto.trigger.enabled = true (custom)
2019-10-02 00:23:03,781 [pool-267-thread-1] INFO  server.RaftServerConfigKeys (ConfUtils.java:logGet(43)) - raft.server.log.segment.size.max = 1048576 (custom)
2019-10-02 00:23:03,781 [pool-257-thread-1] INFO  server.RaftServerConfigKeys (ConfUtils.java:logGet(43)) - raft.server.log.preallocated.size = 16384 (custom)
2019-10-02 00:23:03,781 [pool-267-thread-1] INFO  server.RaftServerConfigKeys (ConfUtils.java:logGet(43)) - raft.server.log.preallocated.size = 16384 (custom)
2019-10-02 00:23:03,781 [pool-237-thread-1] INFO  server.RaftServerConfigKeys (ConfUtils.java:logGet(43)) - raft.server.snapshot.auto.trigger.threshold = 10000 (custom)
2019-10-02 00:23:03,782 [pool-267-thread-1] INFO  server.RaftServerConfigKeys (ConfUtils.java:logGet(43)) - raft.server.log.write.buffer.size = 33554432 (custom)
2019-10-02 00:23:03,782 [pool-257-thread-1] INFO  server.RaftServerConfigKeys (ConfUtils.java:logGet(43)) - raft.server.log.write.buffer.size = 33554432 (custom)
2019-10-02 00:23:03,782 [pool-267-thread-1] INFO  server.RaftServerConfigKeys (ConfUtils.java:logGet(43)) - raft.server.log.force.sync.num = 128 (default)
2019-10-02 00:23:03,782 [pool-237-thread-1] INFO  server.RaftServerConfigKeys (ConfUtils.java:logGet(43)) - raft.server.snapshot.retention.file.num = 5 (custom)
2019-10-02 00:23:03,782 [pool-267-thread-1] INFO  server.RaftServerConfigKeys (ConfUtils.java:logGet(43)) - raft.server.log.statemachine.data.sync = true (default)
2019-10-02 00:23:03,782 [pool-257-thread-1] INFO  server.RaftServerConfigKeys (ConfUtils.java:logGet(43)) - raft.server.log.force.sync.num = 128 (default)
2019-10-02 00:23:03,782 [pool-267-thread-1] INFO  server.RaftServerConfigKeys (ConfUtils.java:logGet(43)) - raft.server.log.statemachine.data.sync.timeout = 10s (default)
2019-10-02 00:23:03,782 [pool-237-thread-1] INFO  server.RaftServerConfigKeys (ConfUtils.java:logGet(43)) - raft.server.retrycache.expirytime = 600000ms (custom)
2019-10-02 00:23:03,783 [pool-267-thread-1] INFO  server.RaftServerConfigKeys (ConfUtils.java:logGet(43)) - raft.server.log.statemachine.data.sync.timeout.retry = -1 (default)
2019-10-02 00:23:03,783 [pool-257-thread-1] INFO  server.RaftServerConfigKeys (ConfUtils.java:logGet(43)) - raft.server.log.statemachine.data.sync = true (default)
2019-10-02 00:23:03,783 [pool-267-thread-1] INFO  server.RaftServerConfigKeys (ConfUtils.java:logGet(43)) - raft.server.log.statemachine.data.caching.enabled = true (custom)
2019-10-02 00:23:03,783 [pool-257-thread-1] INFO  server.RaftServerConfigKeys (ConfUtils.java:logGet(43)) - raft.server.log.statemachine.data.sync.timeout = 10s (default)
2019-10-02 00:23:03,783 [pool-257-thread-1] INFO  server.RaftServerConfigKeys (ConfUtils.java:logGet(43)) - raft.server.log.statemachine.data.sync.timeout.retry = -1 (default)
2019-10-02 00:23:03,783 [pool-267-thread-1] INFO  segmented.SegmentedRaftLogWorker (SegmentedRaftLogWorker.java:lambda$new$0(128)) - d5b358b0-3343-4ef6-8f4c-fc31889afd69@group-48D14385539C-SegmentedRaftLogWorker: flushIndex: setUnconditionally 0 -> -1
2019-10-02 00:23:03,784 [pool-257-thread-1] INFO  server.RaftServerConfigKeys (ConfUtils.java:logGet(43)) - raft.server.log.statemachine.data.caching.enabled = true (custom)
2019-10-02 00:23:03,784 [pool-267-thread-1] INFO  server.RaftServerConfigKeys (ConfUtils.java:logGet(43)) - raft.server.snapshot.auto.trigger.enabled = true (custom)
2019-10-02 00:23:03,784 [pool-257-thread-1] INFO  segmented.SegmentedRaftLogWorker (SegmentedRaftLogWorker.java:lambda$new$0(128)) - 6f4fc033-5a75-4f35-94b7-46b35564497b@group-48D14385539C-SegmentedRaftLogWorker: flushIndex: setUnconditionally 0 -> -1
2019-10-02 00:23:03,784 [pool-267-thread-1] INFO  server.RaftServerConfigKeys (ConfUtils.java:logGet(43)) - raft.server.snapshot.auto.trigger.threshold = 10000 (custom)
2019-10-02 00:23:03,784 [pool-257-thread-1] INFO  server.RaftServerConfigKeys (ConfUtils.java:logGet(43)) - raft.server.snapshot.auto.trigger.enabled = true (custom)
2019-10-02 00:23:03,784 [pool-267-thread-1] INFO  server.RaftServerConfigKeys (ConfUtils.java:logGet(43)) - raft.server.snapshot.retention.file.num = 5 (custom)
2019-10-02 00:23:03,784 [pool-257-thread-1] INFO  server.RaftServerConfigKeys (ConfUtils.java:logGet(43)) - raft.server.snapshot.auto.trigger.threshold = 10000 (custom)
2019-10-02 00:23:03,784 [pool-267-thread-1] INFO  server.RaftServerConfigKeys (ConfUtils.java:logGet(43)) - raft.server.retrycache.expirytime = 600000ms (custom)
2019-10-02 00:23:03,784 [pool-257-thread-1] INFO  server.RaftServerConfigKeys (ConfUtils.java:logGet(43)) - raft.server.snapshot.retention.file.num = 5 (custom)
2019-10-02 00:23:03,785 [pool-237-thread-1] INFO  impl.RaftServerImpl (RaftServerImpl.java:start(181)) - e38b2c57-da58-4cb4-9af3-56c45b505280@group-48D14385539C: start as a follower, conf=-1: [e38b2c57-da58-4cb4-9af3-56c45b505280:192.168.30.63:40776, 6f4fc033-5a75-4f35-94b7-46b35564497b:192.168.30.63:44376, d5b358b0-3343-4ef6-8f4c-fc31889afd69:192.168.30.63:45861], old=null
2019-10-02 00:23:03,785 [pool-257-thread-1] INFO  server.RaftServerConfigKeys (ConfUtils.java:logGet(43)) - raft.server.retrycache.expirytime = 600000ms (custom)
2019-10-02 00:23:03,785 [pool-237-thread-1] INFO  impl.RaftServerImpl (RaftServerImpl.java:setRole(170)) - e38b2c57-da58-4cb4-9af3-56c45b505280@group-48D14385539C: changes role from      null to FOLLOWER at term 0 for startAsFollower
2019-10-02 00:23:03,785 [pool-237-thread-1] INFO  impl.RoleInfo (RoleInfo.java:updateAndGet(143)) - e38b2c57-da58-4cb4-9af3-56c45b505280: start FollowerState
2019-10-02 00:23:03,785 [pool-237-thread-1] INFO  util.JmxRegister (JmxRegister.java:tryRegister(44)) - Successfully registered JMX Bean with object name Ratis:service=RaftServer,group=group-48D14385539C,id=e38b2c57-da58-4cb4-9af3-56c45b505280
2019-10-02 00:23:03,787 [pool-267-thread-1] INFO  impl.RaftServerImpl (RaftServerImpl.java:start(181)) - d5b358b0-3343-4ef6-8f4c-fc31889afd69@group-48D14385539C: start as a follower, conf=-1: [e38b2c57-da58-4cb4-9af3-56c45b505280:192.168.30.63:40776, 6f4fc033-5a75-4f35-94b7-46b35564497b:192.168.30.63:44376, d5b358b0-3343-4ef6-8f4c-fc31889afd69:192.168.30.63:45861], old=null
2019-10-02 00:23:03,787 [pool-267-thread-1] INFO  impl.RaftServerImpl (RaftServerImpl.java:setRole(170)) - d5b358b0-3343-4ef6-8f4c-fc31889afd69@group-48D14385539C: changes role from      null to FOLLOWER at term 0 for startAsFollower
2019-10-02 00:23:03,787 [pool-267-thread-1] INFO  impl.RoleInfo (RoleInfo.java:updateAndGet(143)) - d5b358b0-3343-4ef6-8f4c-fc31889afd69: start FollowerState
2019-10-02 00:23:03,788 [pool-257-thread-1] INFO  impl.RaftServerImpl (RaftServerImpl.java:start(181)) - 6f4fc033-5a75-4f35-94b7-46b35564497b@group-48D14385539C: start as a follower, conf=-1: [e38b2c57-da58-4cb4-9af3-56c45b505280:192.168.30.63:40776, 6f4fc033-5a75-4f35-94b7-46b35564497b:192.168.30.63:44376, d5b358b0-3343-4ef6-8f4c-fc31889afd69:192.168.30.63:45861], old=null
2019-10-02 00:23:03,788 [pool-257-thread-1] INFO  impl.RaftServerImpl (RaftServerImpl.java:setRole(170)) - 6f4fc033-5a75-4f35-94b7-46b35564497b@group-48D14385539C: changes role from      null to FOLLOWER at term 0 for startAsFollower
2019-10-02 00:23:03,788 [pool-267-thread-1] INFO  util.JmxRegister (JmxRegister.java:tryRegister(44)) - Successfully registered JMX Bean with object name Ratis:service=RaftServer,group=group-48D14385539C,id=d5b358b0-3343-4ef6-8f4c-fc31889afd69
2019-10-02 00:23:03,788 [pool-257-thread-1] INFO  impl.RoleInfo (RoleInfo.java:updateAndGet(143)) - 6f4fc033-5a75-4f35-94b7-46b35564497b: start FollowerState
2019-10-02 00:23:03,788 [pool-257-thread-1] INFO  util.JmxRegister (JmxRegister.java:tryRegister(44)) - Successfully registered JMX Bean with object name Ratis:service=RaftServer,group=group-48D14385539C,id=6f4fc033-5a75-4f35-94b7-46b35564497b
2019-10-02 00:23:03,800 [RatisPipelineUtilsThread] INFO  pipeline.PipelineStateManager (PipelineStateManager.java:addPipeline(56)) - Created pipeline Pipeline[ Id: 4694eb55-2258-4dd1-8379-48d14385539c, Nodes: e38b2c57-da58-4cb4-9af3-56c45b505280{ip: 192.168.30.63, host: pr-hdds-2201-rename-25sj9-3976918760, networkLocation: /default-rack, certSerialId: null}6f4fc033-5a75-4f35-94b7-46b35564497b{ip: 192.168.30.63, host: pr-hdds-2201-rename-25sj9-3976918760, networkLocation: /default-rack, certSerialId: null}d5b358b0-3343-4ef6-8f4c-fc31889afd69{ip: 192.168.30.63, host: pr-hdds-2201-rename-25sj9-3976918760, networkLocation: /default-rack, certSerialId: null}, Type:RATIS, Factor:THREE, State:OPEN]
2019-10-02 00:23:04,494 [main] INFO  ozone.MiniOzoneClusterImpl (MiniOzoneClusterImpl.java:lambda$waitForClusterToBeReady$0(147)) - Cluster is ready. Got 7 of 7 DN Heartbeats.
2019-10-02 00:23:04,535 [main] INFO  rpc.RpcClient (RpcClient.java:createVolume(276)) - Creating Volume: watchforcommithandlingtest, with jenkins1000 as owner.
2019-10-02 00:23:04,539 [IPC Server handler 3 on 44938] INFO  volume.OMVolumeCreateRequest (OMVolumeCreateRequest.java:validateAndUpdateCache(193)) - created volume:watchforcommithandlingtest for user:jenkins1000
2019-10-02 00:23:04,554 [main] INFO  rpc.RpcClient (RpcClient.java:createBucket(415)) - Creating Bucket: watchforcommithandlingtest/watchforcommithandlingtest, with Versioning false and Storage Type set to DISK and Encryption set to false 
2019-10-02 00:23:04,560 [main] INFO  ozone.MiniOzoneClusterImpl (MiniOzoneClusterImpl.java:getStorageContainerLocationClient(234)) - Creating StorageContainerLocationProtocol RPC client with address /0.0.0.0:43710
2019-10-02 00:23:06,047 [Thread-1466] INFO  container.ReplicationManager (ReplicationManager.java:start(162)) - Starting Replication Monitor Thread.
2019-10-02 00:23:06,051 [ReplicationMonitor] INFO  container.ReplicationManager (ReplicationManager.java:run(225)) - Replication Monitor Thread took 0 milliseconds for processing 1 containers.
2019-10-02 00:23:08,245 [Thread-1468] INFO  impl.FollowerState (FollowerState.java:run(108)) - 6e95f05e-e2a5-4890-a0e7-0cff46ac429d@group-1F4CA09E05A8-FollowerState: change to CANDIDATE, lastRpcTime:5119ms, electionTimeout:5119ms
2019-10-02 00:23:08,246 [Thread-1468] INFO  impl.RoleInfo (RoleInfo.java:shutdownFollowerState(121)) - 6e95f05e-e2a5-4890-a0e7-0cff46ac429d: shutdown FollowerState
2019-10-02 00:23:08,246 [Thread-1468] INFO  impl.RaftServerImpl (RaftServerImpl.java:setRole(170)) - 6e95f05e-e2a5-4890-a0e7-0cff46ac429d@group-1F4CA09E05A8: changes role from  FOLLOWER to CANDIDATE at term 0 for changeToCandidate
2019-10-02 00:23:08,246 [Thread-1468] INFO  impl.RoleInfo (RoleInfo.java:updateAndGet(143)) - 6e95f05e-e2a5-4890-a0e7-0cff46ac429d: start LeaderElection
2019-10-02 00:23:08,255 [Thread-1471] INFO  impl.FollowerState (FollowerState.java:run(108)) - 16ce8322-4822-4de8-bfd1-27f2ac1f3e97@group-081612049E27-FollowerState: change to CANDIDATE, lastRpcTime:5019ms, electionTimeout:5016ms
2019-10-02 00:23:08,256 [Thread-1471] INFO  impl.RoleInfo (RoleInfo.java:shutdownFollowerState(121)) - 16ce8322-4822-4de8-bfd1-27f2ac1f3e97: shutdown FollowerState
2019-10-02 00:23:08,256 [Thread-1471] INFO  impl.RaftServerImpl (RaftServerImpl.java:setRole(170)) - 16ce8322-4822-4de8-bfd1-27f2ac1f3e97@group-081612049E27: changes role from  FOLLOWER to CANDIDATE at term 0 for changeToCandidate
2019-10-02 00:23:08,256 [Thread-1471] INFO  impl.RoleInfo (RoleInfo.java:updateAndGet(143)) - 16ce8322-4822-4de8-bfd1-27f2ac1f3e97: start LeaderElection
2019-10-02 00:23:08,293 [16ce8322-4822-4de8-bfd1-27f2ac1f3e97@group-081612049E27-LeaderElection60] INFO  impl.LeaderElection (LeaderElection.java:askForVotes(178)) - 16ce8322-4822-4de8-bfd1-27f2ac1f3e97@group-081612049E27-LeaderElection60: begin an election at term 1 for -1: [16ce8322-4822-4de8-bfd1-27f2ac1f3e97:192.168.30.63:43966], old=null
2019-10-02 00:23:08,293 [6e95f05e-e2a5-4890-a0e7-0cff46ac429d@group-1F4CA09E05A8-LeaderElection59] INFO  impl.LeaderElection (LeaderElection.java:askForVotes(178)) - 6e95f05e-e2a5-4890-a0e7-0cff46ac429d@group-1F4CA09E05A8-LeaderElection59: begin an election at term 1 for -1: [6e95f05e-e2a5-4890-a0e7-0cff46ac429d:192.168.30.63:43335], old=null
2019-10-02 00:23:08,293 [16ce8322-4822-4de8-bfd1-27f2ac1f3e97@group-081612049E27-LeaderElection60] INFO  impl.RoleInfo (RoleInfo.java:shutdownLeaderElection(134)) - 16ce8322-4822-4de8-bfd1-27f2ac1f3e97: shutdown LeaderElection
2019-10-02 00:23:08,293 [6e95f05e-e2a5-4890-a0e7-0cff46ac429d@group-1F4CA09E05A8-LeaderElection59] INFO  impl.RoleInfo (RoleInfo.java:shutdownLeaderElection(134)) - 6e95f05e-e2a5-4890-a0e7-0cff46ac429d: shutdown LeaderElection
2019-10-02 00:23:08,294 [16ce8322-4822-4de8-bfd1-27f2ac1f3e97@group-081612049E27-LeaderElection60] INFO  impl.RaftServerImpl (RaftServerImpl.java:setRole(170)) - 16ce8322-4822-4de8-bfd1-27f2ac1f3e97@group-081612049E27: changes role from CANDIDATE to LEADER at term 1 for changeToLeader
2019-10-02 00:23:08,294 [6e95f05e-e2a5-4890-a0e7-0cff46ac429d@group-1F4CA09E05A8-LeaderElection59] INFO  impl.RaftServerImpl (RaftServerImpl.java:setRole(170)) - 6e95f05e-e2a5-4890-a0e7-0cff46ac429d@group-1F4CA09E05A8: changes role from CANDIDATE to LEADER at term 1 for changeToLeader
2019-10-02 00:23:08,294 [16ce8322-4822-4de8-bfd1-27f2ac1f3e97@group-081612049E27-LeaderElection60] INFO  impl.RaftServerImpl (ServerState.java:setLeader(255)) - 16ce8322-4822-4de8-bfd1-27f2ac1f3e97@group-081612049E27: change Leader from null to 16ce8322-4822-4de8-bfd1-27f2ac1f3e97 at term 1 for becomeLeader, leader elected after 5065ms
2019-10-02 00:23:08,294 [6e95f05e-e2a5-4890-a0e7-0cff46ac429d@group-1F4CA09E05A8-LeaderElection59] INFO  impl.RaftServerImpl (ServerState.java:setLeader(255)) - 6e95f05e-e2a5-4890-a0e7-0cff46ac429d@group-1F4CA09E05A8: change Leader from null to 6e95f05e-e2a5-4890-a0e7-0cff46ac429d at term 1 for becomeLeader, leader elected after 5180ms
2019-10-02 00:23:08,294 [16ce8322-4822-4de8-bfd1-27f2ac1f3e97@group-081612049E27-LeaderElection60] INFO  server.RaftServerConfigKeys (ConfUtils.java:logGet(43)) - raft.server.staging.catchup.gap = 1000 (default)
2019-10-02 00:23:08,294 [6e95f05e-e2a5-4890-a0e7-0cff46ac429d@group-1F4CA09E05A8-LeaderElection59] INFO  server.RaftServerConfigKeys (ConfUtils.java:logGet(43)) - raft.server.staging.catchup.gap = 1000 (default)
2019-10-02 00:23:08,294 [16ce8322-4822-4de8-bfd1-27f2ac1f3e97@group-081612049E27-LeaderElection60] INFO  server.RaftServerConfigKeys (ConfUtils.java:logGet(43)) - raft.server.rpc.sleep.time = 25ms (default)
2019-10-02 00:23:08,294 [6e95f05e-e2a5-4890-a0e7-0cff46ac429d@group-1F4CA09E05A8-LeaderElection59] INFO  server.RaftServerConfigKeys (ConfUtils.java:logGet(43)) - raft.server.rpc.sleep.time = 25ms (default)
2019-10-02 00:23:08,295 [16ce8322-4822-4de8-bfd1-27f2ac1f3e97@group-081612049E27-LeaderElection60] INFO  server.RaftServerConfigKeys (ConfUtils.java:logGet(43)) - raft.server.write.element-limit = 4096 (default)
2019-10-02 00:23:08,295 [6e95f05e-e2a5-4890-a0e7-0cff46ac429d@group-1F4CA09E05A8-LeaderElection59] INFO  server.RaftServerConfigKeys (ConfUtils.java:logGet(43)) - raft.server.write.element-limit = 4096 (default)
2019-10-02 00:23:08,295 [16ce8322-4822-4de8-bfd1-27f2ac1f3e97@group-081612049E27-LeaderElection60] INFO  server.RaftServerConfigKeys (ConfUtils.java:logGet(43)) - raft.server.watch.timeout = 10s (default)
2019-10-02 00:23:08,295 [6e95f05e-e2a5-4890-a0e7-0cff46ac429d@group-1F4CA09E05A8-LeaderElection59] INFO  server.RaftServerConfigKeys (ConfUtils.java:logGet(43)) - raft.server.watch.timeout = 10s (default)
2019-10-02 00:23:08,295 [16ce8322-4822-4de8-bfd1-27f2ac1f3e97@group-081612049E27-LeaderElection60] INFO  server.RaftServerConfigKeys (ConfUtils.java:logGet(43)) - raft.server.watch.timeout.denomination = 1s (default)
2019-10-02 00:23:08,295 [6e95f05e-e2a5-4890-a0e7-0cff46ac429d@group-1F4CA09E05A8-LeaderElection59] INFO  server.RaftServerConfigKeys (ConfUtils.java:logGet(43)) - raft.server.watch.timeout.denomination = 1s (default)
2019-10-02 00:23:08,295 [16ce8322-4822-4de8-bfd1-27f2ac1f3e97@group-081612049E27-LeaderElection60] INFO  server.RaftServerConfigKeys (ConfUtils.java:logGet(43)) - raft.server.watch.element-limit = 65536 (default)
2019-10-02 00:23:08,296 [6e95f05e-e2a5-4890-a0e7-0cff46ac429d@group-1F4CA09E05A8-LeaderElection59] INFO  server.RaftServerConfigKeys (ConfUtils.java:logGet(43)) - raft.server.watch.element-limit = 65536 (default)
2019-10-02 00:23:08,299 [6e95f05e-e2a5-4890-a0e7-0cff46ac429d@group-1F4CA09E05A8-LeaderElection59] INFO  impl.RoleInfo (RoleInfo.java:updateAndGet(143)) - 6e95f05e-e2a5-4890-a0e7-0cff46ac429d: start LeaderState
2019-10-02 00:23:08,299 [16ce8322-4822-4de8-bfd1-27f2ac1f3e97@group-081612049E27-LeaderElection60] INFO  impl.RoleInfo (RoleInfo.java:updateAndGet(143)) - 16ce8322-4822-4de8-bfd1-27f2ac1f3e97: start LeaderState
2019-10-02 00:23:08,300 [16ce8322-4822-4de8-bfd1-27f2ac1f3e97@group-081612049E27-LeaderElection60] INFO  segmented.SegmentedRaftLogWorker (SegmentedRaftLogWorker.java:startLogSegment(385)) - 16ce8322-4822-4de8-bfd1-27f2ac1f3e97@group-081612049E27-SegmentedRaftLogWorker: Starting segment from index:0
2019-10-02 00:23:08,300 [6e95f05e-e2a5-4890-a0e7-0cff46ac429d@group-1F4CA09E05A8-LeaderElection59] INFO  segmented.SegmentedRaftLogWorker (SegmentedRaftLogWorker.java:startLogSegment(385)) - 6e95f05e-e2a5-4890-a0e7-0cff46ac429d@group-1F4CA09E05A8-SegmentedRaftLogWorker: Starting segment from index:0
2019-10-02 00:23:08,301 [16ce8322-4822-4de8-bfd1-27f2ac1f3e97@group-081612049E27-LeaderElection60] INFO  impl.RaftServerImpl (ServerState.java:setRaftConf(356)) - 16ce8322-4822-4de8-bfd1-27f2ac1f3e97@group-081612049E27: set configuration 0: [16ce8322-4822-4de8-bfd1-27f2ac1f3e97:192.168.30.63:43966], old=null at 0
2019-10-02 00:23:08,301 [6e95f05e-e2a5-4890-a0e7-0cff46ac429d@group-1F4CA09E05A8-LeaderElection59] INFO  impl.RaftServerImpl (ServerState.java:setRaftConf(356)) - 6e95f05e-e2a5-4890-a0e7-0cff46ac429d@group-1F4CA09E05A8: set configuration 0: [6e95f05e-e2a5-4890-a0e7-0cff46ac429d:192.168.30.63:43335], old=null at 0
2019-10-02 00:23:08,341 [Thread-1474] INFO  impl.FollowerState (FollowerState.java:run(108)) - 46b08147-e058-4424-8100-2a54324fd185@group-DA51F844C4B8-FollowerState: change to CANDIDATE, lastRpcTime:5025ms, electionTimeout:5025ms
2019-10-02 00:23:08,342 [Thread-1474] INFO  impl.RoleInfo (RoleInfo.java:shutdownFollowerState(121)) - 46b08147-e058-4424-8100-2a54324fd185: shutdown FollowerState
2019-10-02 00:23:08,342 [Thread-1474] INFO  impl.RaftServerImpl (RaftServerImpl.java:setRole(170)) - 46b08147-e058-4424-8100-2a54324fd185@group-DA51F844C4B8: changes role from  FOLLOWER to CANDIDATE at term 0 for changeToCandidate
2019-10-02 00:23:08,342 [Thread-1474] INFO  impl.RoleInfo (RoleInfo.java:updateAndGet(143)) - 46b08147-e058-4424-8100-2a54324fd185: start LeaderElection
2019-10-02 00:23:08,360 [6e95f05e-e2a5-4890-a0e7-0cff46ac429d@group-1F4CA09E05A8-SegmentedRaftLogWorker] INFO  segmented.SegmentedRaftLogWorker (SegmentedRaftLogWorker.java:execute(574)) - 6e95f05e-e2a5-4890-a0e7-0cff46ac429d@group-1F4CA09E05A8-SegmentedRaftLogWorker: created new log segment /workdir/hadoop-ozone/integration-test/target/test-dir/MiniOzoneClusterImpl-69d1aaba-645e-4570-a77a-1465b29f52f4/datanode-0/data/ratis/ab97cff3-d85f-4585-9c2a-1f4ca09e05a8/current/log_inprogress_0
2019-10-02 00:23:08,377 [16ce8322-4822-4de8-bfd1-27f2ac1f3e97@group-081612049E27-SegmentedRaftLogWorker] INFO  segmented.SegmentedRaftLogWorker (SegmentedRaftLogWorker.java:execute(574)) - 16ce8322-4822-4de8-bfd1-27f2ac1f3e97@group-081612049E27-SegmentedRaftLogWorker: created new log segment /workdir/hadoop-ozone/integration-test/target/test-dir/MiniOzoneClusterImpl-69d1aaba-645e-4570-a77a-1465b29f52f4/datanode-1/data/ratis/e4f74d66-5372-44f6-8e03-081612049e27/current/log_inprogress_0
2019-10-02 00:23:08,377 [46b08147-e058-4424-8100-2a54324fd185@group-DA51F844C4B8-LeaderElection61] INFO  impl.LeaderElection (LeaderElection.java:askForVotes(178)) - 46b08147-e058-4424-8100-2a54324fd185@group-DA51F844C4B8-LeaderElection61: begin an election at term 1 for -1: [46b08147-e058-4424-8100-2a54324fd185:192.168.30.63:37180], old=null
2019-10-02 00:23:08,377 [46b08147-e058-4424-8100-2a54324fd185@group-DA51F844C4B8-LeaderElection61] INFO  impl.RoleInfo (RoleInfo.java:shutdownLeaderElection(134)) - 46b08147-e058-4424-8100-2a54324fd185: shutdown LeaderElection
2019-10-02 00:23:08,377 [46b08147-e058-4424-8100-2a54324fd185@group-DA51F844C4B8-LeaderElection61] INFO  impl.RaftServerImpl (RaftServerImpl.java:setRole(170)) - 46b08147-e058-4424-8100-2a54324fd185@group-DA51F844C4B8: changes role from CANDIDATE to LEADER at term 1 for changeToLeader
2019-10-02 00:23:08,377 [46b08147-e058-4424-8100-2a54324fd185@group-DA51F844C4B8-LeaderElection61] INFO  impl.RaftServerImpl (ServerState.java:setLeader(255)) - 46b08147-e058-4424-8100-2a54324fd185@group-DA51F844C4B8: change Leader from null to 46b08147-e058-4424-8100-2a54324fd185 at term 1 for becomeLeader, leader elected after 5073ms
2019-10-02 00:23:08,378 [46b08147-e058-4424-8100-2a54324fd185@group-DA51F844C4B8-LeaderElection61] INFO  server.RaftServerConfigKeys (ConfUtils.java:logGet(43)) - raft.server.staging.catchup.gap = 1000 (default)
2019-10-02 00:23:08,378 [46b08147-e058-4424-8100-2a54324fd185@group-DA51F844C4B8-LeaderElection61] INFO  server.RaftServerConfigKeys (ConfUtils.java:logGet(43)) - raft.server.rpc.sleep.time = 25ms (default)
2019-10-02 00:23:08,378 [46b08147-e058-4424-8100-2a54324fd185@group-DA51F844C4B8-LeaderElection61] INFO  server.RaftServerConfigKeys (ConfUtils.java:logGet(43)) - raft.server.write.element-limit = 4096 (default)
2019-10-02 00:23:08,378 [46b08147-e058-4424-8100-2a54324fd185@group-DA51F844C4B8-LeaderElection61] INFO  server.RaftServerConfigKeys (ConfUtils.java:logGet(43)) - raft.server.watch.timeout = 10s (default)
2019-10-02 00:23:08,378 [46b08147-e058-4424-8100-2a54324fd185@group-DA51F844C4B8-LeaderElection61] INFO  server.RaftServerConfigKeys (ConfUtils.java:logGet(43)) - raft.server.watch.timeout.denomination = 1s (default)
2019-10-02 00:23:08,378 [46b08147-e058-4424-8100-2a54324fd185@group-DA51F844C4B8-LeaderElection61] INFO  server.RaftServerConfigKeys (ConfUtils.java:logGet(43)) - raft.server.watch.element-limit = 65536 (default)
2019-10-02 00:23:08,380 [46b08147-e058-4424-8100-2a54324fd185@group-DA51F844C4B8-LeaderElection61] INFO  impl.RoleInfo (RoleInfo.java:updateAndGet(143)) - 46b08147-e058-4424-8100-2a54324fd185: start LeaderState
2019-10-02 00:23:08,380 [46b08147-e058-4424-8100-2a54324fd185@group-DA51F844C4B8-LeaderElection61] INFO  segmented.SegmentedRaftLogWorker (SegmentedRaftLogWorker.java:startLogSegment(385)) - 46b08147-e058-4424-8100-2a54324fd185@group-DA51F844C4B8-SegmentedRaftLogWorker: Starting segment from index:0
2019-10-02 00:23:08,381 [46b08147-e058-4424-8100-2a54324fd185@group-DA51F844C4B8-LeaderElection61] INFO  impl.RaftServerImpl (ServerState.java:setRaftConf(356)) - 46b08147-e058-4424-8100-2a54324fd185@group-DA51F844C4B8: set configuration 0: [46b08147-e058-4424-8100-2a54324fd185:192.168.30.63:37180], old=null at 0
2019-10-02 00:23:08,425 [Thread-1477] INFO  impl.FollowerState (FollowerState.java:run(108)) - e38b2c57-da58-4cb4-9af3-56c45b505280@group-8B533F5FB304-FollowerState: change to CANDIDATE, lastRpcTime:5036ms, electionTimeout:5036ms
2019-10-02 00:23:08,425 [Thread-1477] INFO  impl.RoleInfo (RoleInfo.java:shutdownFollowerState(121)) - e38b2c57-da58-4cb4-9af3-56c45b505280: shutdown FollowerState
2019-10-02 00:23:08,426 [Thread-1477] INFO  impl.RaftServerImpl (RaftServerImpl.java:setRole(170)) - e38b2c57-da58-4cb4-9af3-56c45b505280@group-8B533F5FB304: changes role from  FOLLOWER to CANDIDATE at term 0 for changeToCandidate
2019-10-02 00:23:08,426 [Thread-1477] INFO  impl.RoleInfo (RoleInfo.java:updateAndGet(143)) - e38b2c57-da58-4cb4-9af3-56c45b505280: start LeaderElection
2019-10-02 00:23:08,436 [46b08147-e058-4424-8100-2a54324fd185@group-DA51F844C4B8-SegmentedRaftLogWorker] INFO  segmented.SegmentedRaftLogWorker (SegmentedRaftLogWorker.java:execute(574)) - 46b08147-e058-4424-8100-2a54324fd185@group-DA51F844C4B8-SegmentedRaftLogWorker: created new log segment /workdir/hadoop-ozone/integration-test/target/test-dir/MiniOzoneClusterImpl-69d1aaba-645e-4570-a77a-1465b29f52f4/datanode-2/data/ratis/a696236f-dccd-473a-bd92-da51f844c4b8/current/log_inprogress_0
2019-10-02 00:23:08,453 [e38b2c57-da58-4cb4-9af3-56c45b505280@group-8B533F5FB304-LeaderElection62] INFO  impl.LeaderElection (LeaderElection.java:askForVotes(178)) - e38b2c57-da58-4cb4-9af3-56c45b505280@group-8B533F5FB304-LeaderElection62: begin an election at term 1 for -1: [e38b2c57-da58-4cb4-9af3-56c45b505280:192.168.30.63:40776], old=null
2019-10-02 00:23:08,453 [e38b2c57-da58-4cb4-9af3-56c45b505280@group-8B533F5FB304-LeaderElection62] INFO  impl.RoleInfo (RoleInfo.java:shutdownLeaderElection(134)) - e38b2c57-da58-4cb4-9af3-56c45b505280: shutdown LeaderElection
2019-10-02 00:23:08,453 [e38b2c57-da58-4cb4-9af3-56c45b505280@group-8B533F5FB304-LeaderElection62] INFO  impl.RaftServerImpl (RaftServerImpl.java:setRole(170)) - e38b2c57-da58-4cb4-9af3-56c45b505280@group-8B533F5FB304: changes role from CANDIDATE to LEADER at term 1 for changeToLeader
2019-10-02 00:23:08,453 [e38b2c57-da58-4cb4-9af3-56c45b505280@group-8B533F5FB304-LeaderElection62] INFO  impl.RaftServerImpl (ServerState.java:setLeader(255)) - e38b2c57-da58-4cb4-9af3-56c45b505280@group-8B533F5FB304: change Leader from null to e38b2c57-da58-4cb4-9af3-56c45b505280 at term 1 for becomeLeader, leader elected after 5074ms
2019-10-02 00:23:08,454 [e38b2c57-da58-4cb4-9af3-56c45b505280@group-8B533F5FB304-LeaderElection62] INFO  server.RaftServerConfigKeys (ConfUtils.java:logGet(43)) - raft.server.staging.catchup.gap = 1000 (default)
2019-10-02 00:23:08,454 [e38b2c57-da58-4cb4-9af3-56c45b505280@group-8B533F5FB304-LeaderElection62] INFO  server.RaftServerConfigKeys (ConfUtils.java:logGet(43)) - raft.server.rpc.sleep.time = 25ms (default)
2019-10-02 00:23:08,454 [e38b2c57-da58-4cb4-9af3-56c45b505280@group-8B533F5FB304-LeaderElection62] INFO  server.RaftServerConfigKeys (ConfUtils.java:logGet(43)) - raft.server.write.element-limit = 4096 (default)
2019-10-02 00:23:08,454 [e38b2c57-da58-4cb4-9af3-56c45b505280@group-8B533F5FB304-LeaderElection62] INFO  server.RaftServerConfigKeys (ConfUtils.java:logGet(43)) - raft.server.watch.timeout = 10s (default)
2019-10-02 00:23:08,454 [e38b2c57-da58-4cb4-9af3-56c45b505280@group-8B533F5FB304-LeaderElection62] INFO  server.RaftServerConfigKeys (ConfUtils.java:logGet(43)) - raft.server.watch.timeout.denomination = 1s (default)
2019-10-02 00:23:08,454 [e38b2c57-da58-4cb4-9af3-56c45b505280@group-8B533F5FB304-LeaderElection62] INFO  server.RaftServerConfigKeys (ConfUtils.java:logGet(43)) - raft.server.watch.element-limit = 65536 (default)
2019-10-02 00:23:08,457 [e38b2c57-da58-4cb4-9af3-56c45b505280@group-8B533F5FB304-LeaderElection62] INFO  impl.RoleInfo (RoleInfo.java:updateAndGet(143)) - e38b2c57-da58-4cb4-9af3-56c45b505280: start LeaderState
2019-10-02 00:23:08,457 [e38b2c57-da58-4cb4-9af3-56c45b505280@group-8B533F5FB304-LeaderElection62] INFO  segmented.SegmentedRaftLogWorker (SegmentedRaftLogWorker.java:startLogSegment(385)) - e38b2c57-da58-4cb4-9af3-56c45b505280@group-8B533F5FB304-SegmentedRaftLogWorker: Starting segment from index:0
2019-10-02 00:23:08,458 [e38b2c57-da58-4cb4-9af3-56c45b505280@group-8B533F5FB304-LeaderElection62] INFO  impl.RaftServerImpl (ServerState.java:setRaftConf(356)) - e38b2c57-da58-4cb4-9af3-56c45b505280@group-8B533F5FB304: set configuration 0: [e38b2c57-da58-4cb4-9af3-56c45b505280:192.168.30.63:40776], old=null at 0
2019-10-02 00:23:08,511 [e38b2c57-da58-4cb4-9af3-56c45b505280@group-8B533F5FB304-SegmentedRaftLogWorker] INFO  segmented.SegmentedRaftLogWorker (SegmentedRaftLogWorker.java:execute(574)) - e38b2c57-da58-4cb4-9af3-56c45b505280@group-8B533F5FB304-SegmentedRaftLogWorker: created new log segment /workdir/hadoop-ozone/integration-test/target/test-dir/MiniOzoneClusterImpl-69d1aaba-645e-4570-a77a-1465b29f52f4/datanode-3/data/ratis/5083abb3-3e22-4a1b-9024-8b533f5fb304/current/log_inprogress_0
2019-10-02 00:23:08,610 [Thread-1483] INFO  impl.FollowerState (FollowerState.java:run(108)) - 6f4fc033-5a75-4f35-94b7-46b35564497b@group-9D88C2130B10-FollowerState: change to CANDIDATE, lastRpcTime:5070ms, electionTimeout:5070ms
2019-10-02 00:23:08,610 [Thread-1483] INFO  impl.RoleInfo (RoleInfo.java:shutdownFollowerState(121)) - 6f4fc033-5a75-4f35-94b7-46b35564497b: shutdown FollowerState
2019-10-02 00:23:08,610 [Thread-1483] INFO  impl.RaftServerImpl (RaftServerImpl.java:setRole(170)) - 6f4fc033-5a75-4f35-94b7-46b35564497b@group-9D88C2130B10: changes role from  FOLLOWER to CANDIDATE at term 0 for changeToCandidate
2019-10-02 00:23:08,610 [Thread-1483] INFO  impl.RoleInfo (RoleInfo.java:updateAndGet(143)) - 6f4fc033-5a75-4f35-94b7-46b35564497b: start LeaderElection
2019-10-02 00:23:08,645 [6f4fc033-5a75-4f35-94b7-46b35564497b@group-9D88C2130B10-LeaderElection63] INFO  impl.LeaderElection (LeaderElection.java:askForVotes(178)) - 6f4fc033-5a75-4f35-94b7-46b35564497b@group-9D88C2130B10-LeaderElection63: begin an election at term 1 for -1: [6f4fc033-5a75-4f35-94b7-46b35564497b:192.168.30.63:44376], old=null
2019-10-02 00:23:08,645 [6f4fc033-5a75-4f35-94b7-46b35564497b@group-9D88C2130B10-LeaderElection63] INFO  impl.RoleInfo (RoleInfo.java:shutdownLeaderElection(134)) - 6f4fc033-5a75-4f35-94b7-46b35564497b: shutdown LeaderElection
2019-10-02 00:23:08,646 [6f4fc033-5a75-4f35-94b7-46b35564497b@group-9D88C2130B10-LeaderElection63] INFO  impl.RaftServerImpl (RaftServerImpl.java:setRole(170)) - 6f4fc033-5a75-4f35-94b7-46b35564497b@group-9D88C2130B10: changes role from CANDIDATE to LEADER at term 1 for changeToLeader
2019-10-02 00:23:08,646 [6f4fc033-5a75-4f35-94b7-46b35564497b@group-9D88C2130B10-LeaderElection63] INFO  impl.RaftServerImpl (ServerState.java:setLeader(255)) - 6f4fc033-5a75-4f35-94b7-46b35564497b@group-9D88C2130B10: change Leader from null to 6f4fc033-5a75-4f35-94b7-46b35564497b at term 1 for becomeLeader, leader elected after 5114ms
2019-10-02 00:23:08,646 [6f4fc033-5a75-4f35-94b7-46b35564497b@group-9D88C2130B10-LeaderElection63] INFO  server.RaftServerConfigKeys (ConfUtils.java:logGet(43)) - raft.server.staging.catchup.gap = 1000 (default)
2019-10-02 00:23:08,646 [6f4fc033-5a75-4f35-94b7-46b35564497b@group-9D88C2130B10-LeaderElection63] INFO  server.RaftServerConfigKeys (ConfUtils.java:logGet(43)) - raft.server.rpc.sleep.time = 25ms (default)
2019-10-02 00:23:08,646 [6f4fc033-5a75-4f35-94b7-46b35564497b@group-9D88C2130B10-LeaderElection63] INFO  server.RaftServerConfigKeys (ConfUtils.java:logGet(43)) - raft.server.write.element-limit = 4096 (default)
2019-10-02 00:23:08,646 [6f4fc033-5a75-4f35-94b7-46b35564497b@group-9D88C2130B10-LeaderElection63] INFO  server.RaftServerConfigKeys (ConfUtils.java:logGet(43)) - raft.server.watch.timeout = 10s (default)
2019-10-02 00:23:08,647 [6f4fc033-5a75-4f35-94b7-46b35564497b@group-9D88C2130B10-LeaderElection63] INFO  server.RaftServerConfigKeys (ConfUtils.java:logGet(43)) - raft.server.watch.timeout.denomination = 1s (default)
2019-10-02 00:23:08,647 [6f4fc033-5a75-4f35-94b7-46b35564497b@group-9D88C2130B10-LeaderElection63] INFO  server.RaftServerConfigKeys (ConfUtils.java:logGet(43)) - raft.server.watch.element-limit = 65536 (default)
2019-10-02 00:23:08,649 [6f4fc033-5a75-4f35-94b7-46b35564497b@group-9D88C2130B10-LeaderElection63] INFO  impl.RoleInfo (RoleInfo.java:updateAndGet(143)) - 6f4fc033-5a75-4f35-94b7-46b35564497b: start LeaderState
2019-10-02 00:23:08,649 [6f4fc033-5a75-4f35-94b7-46b35564497b@group-9D88C2130B10-LeaderElection63] INFO  segmented.SegmentedRaftLogWorker (SegmentedRaftLogWorker.java:startLogSegment(385)) - 6f4fc033-5a75-4f35-94b7-46b35564497b@group-9D88C2130B10-SegmentedRaftLogWorker: Starting segment from index:0
2019-10-02 00:23:08,650 [6f4fc033-5a75-4f35-94b7-46b35564497b@group-9D88C2130B10-LeaderElection63] INFO  impl.RaftServerImpl (ServerState.java:setRaftConf(356)) - 6f4fc033-5a75-4f35-94b7-46b35564497b@group-9D88C2130B10: set configuration 0: [6f4fc033-5a75-4f35-94b7-46b35564497b:192.168.30.63:44376], old=null at 0
2019-10-02 00:23:08,661 [Thread-1480] INFO  impl.FollowerState (FollowerState.java:run(108)) - 30ddb538-5430-4b07-ac01-3a06f53f55c9@group-77C62A427FB4-FollowerState: change to CANDIDATE, lastRpcTime:5199ms, electionTimeout:5199ms
2019-10-02 00:23:08,661 [Thread-1480] INFO  impl.RoleInfo (RoleInfo.java:shutdownFollowerState(121)) - 30ddb538-5430-4b07-ac01-3a06f53f55c9: shutdown FollowerState
2019-10-02 00:23:08,661 [Thread-1480] INFO  impl.RaftServerImpl (RaftServerImpl.java:setRole(170)) - 30ddb538-5430-4b07-ac01-3a06f53f55c9@group-77C62A427FB4: changes role from  FOLLOWER to CANDIDATE at term 0 for changeToCandidate
2019-10-02 00:23:08,661 [Thread-1480] INFO  impl.RoleInfo (RoleInfo.java:updateAndGet(143)) - 30ddb538-5430-4b07-ac01-3a06f53f55c9: start LeaderElection
2019-10-02 00:23:08,714 [Thread-1492] INFO  impl.FollowerState (FollowerState.java:run(108)) - 6e95f05e-e2a5-4890-a0e7-0cff46ac429d@group-E65543CD1FD8-FollowerState: change to CANDIDATE, lastRpcTime:5009ms, electionTimeout:5009ms
2019-10-02 00:23:08,715 [Thread-1492] INFO  impl.RoleInfo (RoleInfo.java:shutdownFollowerState(121)) - 6e95f05e-e2a5-4890-a0e7-0cff46ac429d: shutdown FollowerState
2019-10-02 00:23:08,715 [Thread-1492] INFO  impl.RaftServerImpl (RaftServerImpl.java:setRole(170)) - 6e95f05e-e2a5-4890-a0e7-0cff46ac429d@group-E65543CD1FD8: changes role from  FOLLOWER to CANDIDATE at term 0 for changeToCandidate
2019-10-02 00:23:08,715 [Thread-1492] INFO  impl.RoleInfo (RoleInfo.java:updateAndGet(143)) - 6e95f05e-e2a5-4890-a0e7-0cff46ac429d: start LeaderElection
2019-10-02 00:23:08,720 [6f4fc033-5a75-4f35-94b7-46b35564497b@group-9D88C2130B10-SegmentedRaftLogWorker] INFO  segmented.SegmentedRaftLogWorker (SegmentedRaftLogWorker.java:execute(574)) - 6f4fc033-5a75-4f35-94b7-46b35564497b@group-9D88C2130B10-SegmentedRaftLogWorker: created new log segment /workdir/hadoop-ozone/integration-test/target/test-dir/MiniOzoneClusterImpl-69d1aaba-645e-4570-a77a-1465b29f52f4/datanode-5/data/ratis/e5d669f7-5a1c-43b8-aad0-9d88c2130b10/current/log_inprogress_0
2019-10-02 00:23:08,721 [30ddb538-5430-4b07-ac01-3a06f53f55c9@group-77C62A427FB4-LeaderElection64] INFO  impl.LeaderElection (LeaderElection.java:askForVotes(178)) - 30ddb538-5430-4b07-ac01-3a06f53f55c9@group-77C62A427FB4-LeaderElection64: begin an election at term 1 for -1: [30ddb538-5430-4b07-ac01-3a06f53f55c9:192.168.30.63:43140], old=null
2019-10-02 00:23:08,721 [30ddb538-5430-4b07-ac01-3a06f53f55c9@group-77C62A427FB4-LeaderElection64] INFO  impl.RoleInfo (RoleInfo.java:shutdownLeaderElection(134)) - 30ddb538-5430-4b07-ac01-3a06f53f55c9: shutdown LeaderElection
2019-10-02 00:23:08,721 [30ddb538-5430-4b07-ac01-3a06f53f55c9@group-77C62A427FB4-LeaderElection64] INFO  impl.RaftServerImpl (RaftServerImpl.java:setRole(170)) - 30ddb538-5430-4b07-ac01-3a06f53f55c9@group-77C62A427FB4: changes role from CANDIDATE to LEADER at term 1 for changeToLeader
2019-10-02 00:23:08,721 [30ddb538-5430-4b07-ac01-3a06f53f55c9@group-77C62A427FB4-LeaderElection64] INFO  impl.RaftServerImpl (ServerState.java:setLeader(255)) - 30ddb538-5430-4b07-ac01-3a06f53f55c9@group-77C62A427FB4: change Leader from null to 30ddb538-5430-4b07-ac01-3a06f53f55c9 at term 1 for becomeLeader, leader elected after 5265ms
2019-10-02 00:23:08,721 [30ddb538-5430-4b07-ac01-3a06f53f55c9@group-77C62A427FB4-LeaderElection64] INFO  server.RaftServerConfigKeys (ConfUtils.java:logGet(43)) - raft.server.staging.catchup.gap = 1000 (default)
2019-10-02 00:23:08,721 [30ddb538-5430-4b07-ac01-3a06f53f55c9@group-77C62A427FB4-LeaderElection64] INFO  server.RaftServerConfigKeys (ConfUtils.java:logGet(43)) - raft.server.rpc.sleep.time = 25ms (default)
2019-10-02 00:23:08,721 [30ddb538-5430-4b07-ac01-3a06f53f55c9@group-77C62A427FB4-LeaderElection64] INFO  server.RaftServerConfigKeys (ConfUtils.java:logGet(43)) - raft.server.write.element-limit = 4096 (default)
2019-10-02 00:23:08,722 [30ddb538-5430-4b07-ac01-3a06f53f55c9@group-77C62A427FB4-LeaderElection64] INFO  server.RaftServerConfigKeys (ConfUtils.java:logGet(43)) - raft.server.watch.timeout = 10s (default)
2019-10-02 00:23:08,722 [30ddb538-5430-4b07-ac01-3a06f53f55c9@group-77C62A427FB4-LeaderElection64] INFO  server.RaftServerConfigKeys (ConfUtils.java:logGet(43)) - raft.server.watch.timeout.denomination = 1s (default)
2019-10-02 00:23:08,722 [30ddb538-5430-4b07-ac01-3a06f53f55c9@group-77C62A427FB4-LeaderElection64] INFO  server.RaftServerConfigKeys (ConfUtils.java:logGet(43)) - raft.server.watch.element-limit = 65536 (default)
2019-10-02 00:23:08,723 [30ddb538-5430-4b07-ac01-3a06f53f55c9@group-77C62A427FB4-LeaderElection64] INFO  impl.RoleInfo (RoleInfo.java:updateAndGet(143)) - 30ddb538-5430-4b07-ac01-3a06f53f55c9: start LeaderState
2019-10-02 00:23:08,724 [30ddb538-5430-4b07-ac01-3a06f53f55c9@group-77C62A427FB4-LeaderElection64] INFO  segmented.SegmentedRaftLogWorker (SegmentedRaftLogWorker.java:startLogSegment(385)) - 30ddb538-5430-4b07-ac01-3a06f53f55c9@group-77C62A427FB4-SegmentedRaftLogWorker: Starting segment from index:0
2019-10-02 00:23:08,724 [30ddb538-5430-4b07-ac01-3a06f53f55c9@group-77C62A427FB4-LeaderElection64] INFO  impl.RaftServerImpl (ServerState.java:setRaftConf(356)) - 30ddb538-5430-4b07-ac01-3a06f53f55c9@group-77C62A427FB4: set configuration 0: [30ddb538-5430-4b07-ac01-3a06f53f55c9:192.168.30.63:43140], old=null at 0
2019-10-02 00:23:08,743 [Thread-1486] INFO  impl.FollowerState (FollowerState.java:run(108)) - d5b358b0-3343-4ef6-8f4c-fc31889afd69@group-0C93357B1BC4-FollowerState: change to CANDIDATE, lastRpcTime:5129ms, electionTimeout:5129ms
2019-10-02 00:23:08,744 [Thread-1486] INFO  impl.RoleInfo (RoleInfo.java:shutdownFollowerState(121)) - d5b358b0-3343-4ef6-8f4c-fc31889afd69: shutdown FollowerState
2019-10-02 00:23:08,744 [Thread-1486] INFO  impl.RaftServerImpl (RaftServerImpl.java:setRole(170)) - d5b358b0-3343-4ef6-8f4c-fc31889afd69@group-0C93357B1BC4: changes role from  FOLLOWER to CANDIDATE at term 0 for changeToCandidate
2019-10-02 00:23:08,744 [Thread-1486] INFO  impl.RoleInfo (RoleInfo.java:updateAndGet(143)) - d5b358b0-3343-4ef6-8f4c-fc31889afd69: start LeaderElection
2019-10-02 00:23:08,757 [Thread-1494] INFO  impl.FollowerState (FollowerState.java:run(108)) - 46b08147-e058-4424-8100-2a54324fd185@group-E65543CD1FD8-FollowerState: change to CANDIDATE, lastRpcTime:5051ms, electionTimeout:5045ms
2019-10-02 00:23:08,757 [6e95f05e-e2a5-4890-a0e7-0cff46ac429d@group-E65543CD1FD8-LeaderElection65] INFO  impl.LeaderElection (LeaderElection.java:askForVotes(178)) - 6e95f05e-e2a5-4890-a0e7-0cff46ac429d@group-E65543CD1FD8-LeaderElection65: begin an election at term 1 for -1: [30ddb538-5430-4b07-ac01-3a06f53f55c9:192.168.30.63:43140, 6e95f05e-e2a5-4890-a0e7-0cff46ac429d:192.168.30.63:43335, 46b08147-e058-4424-8100-2a54324fd185:192.168.30.63:37180], old=null
2019-10-02 00:23:08,761 [Thread-1494] INFO  impl.RoleInfo (RoleInfo.java:shutdownFollowerState(121)) - 46b08147-e058-4424-8100-2a54324fd185: shutdown FollowerState
2019-10-02 00:23:08,761 [Thread-1494] INFO  impl.RaftServerImpl (RaftServerImpl.java:setRole(170)) - 46b08147-e058-4424-8100-2a54324fd185@group-E65543CD1FD8: changes role from  FOLLOWER to CANDIDATE at term 0 for changeToCandidate
2019-10-02 00:23:08,761 [Thread-1494] INFO  impl.RoleInfo (RoleInfo.java:updateAndGet(143)) - 46b08147-e058-4424-8100-2a54324fd185: start LeaderElection
2019-10-02 00:23:08,769 [grpc-default-executor-6] INFO  impl.RaftServerImpl (RaftServerImpl.java:setRole(170)) - 30ddb538-5430-4b07-ac01-3a06f53f55c9@group-E65543CD1FD8: changes role from  FOLLOWER to FOLLOWER at term 1 for recognizeCandidate:6e95f05e-e2a5-4890-a0e7-0cff46ac429d
2019-10-02 00:23:08,770 [grpc-default-executor-6] INFO  impl.RoleInfo (RoleInfo.java:shutdownFollowerState(121)) - 30ddb538-5430-4b07-ac01-3a06f53f55c9: shutdown FollowerState
2019-10-02 00:23:08,770 [grpc-default-executor-6] INFO  impl.RoleInfo (RoleInfo.java:updateAndGet(143)) - 30ddb538-5430-4b07-ac01-3a06f53f55c9: start FollowerState
2019-10-02 00:23:08,770 [Thread-1489] INFO  impl.FollowerState (FollowerState.java:run(117)) - 30ddb538-5430-4b07-ac01-3a06f53f55c9@group-E65543CD1FD8-FollowerState was interrupted: java.lang.InterruptedException: sleep interrupted
2019-10-02 00:23:08,780 [30ddb538-5430-4b07-ac01-3a06f53f55c9@group-77C62A427FB4-SegmentedRaftLogWorker] INFO  segmented.SegmentedRaftLogWorker (SegmentedRaftLogWorker.java:execute(574)) - 30ddb538-5430-4b07-ac01-3a06f53f55c9@group-77C62A427FB4-SegmentedRaftLogWorker: created new log segment /workdir/hadoop-ozone/integration-test/target/test-dir/MiniOzoneClusterImpl-69d1aaba-645e-4570-a77a-1465b29f52f4/datanode-4/data/ratis/c81eada6-4835-4257-8d13-77c62a427fb4/current/log_inprogress_0
2019-10-02 00:23:08,780 [46b08147-e058-4424-8100-2a54324fd185@group-E65543CD1FD8-LeaderElection67] INFO  impl.LeaderElection (LeaderElection.java:askForVotes(178)) - 46b08147-e058-4424-8100-2a54324fd185@group-E65543CD1FD8-LeaderElection67: begin an election at term 1 for -1: [30ddb538-5430-4b07-ac01-3a06f53f55c9:192.168.30.63:43140, 6e95f05e-e2a5-4890-a0e7-0cff46ac429d:192.168.30.63:43335, 46b08147-e058-4424-8100-2a54324fd185:192.168.30.63:37180], old=null
2019-10-02 00:23:08,780 [d5b358b0-3343-4ef6-8f4c-fc31889afd69@group-0C93357B1BC4-LeaderElection66] INFO  impl.LeaderElection (LeaderElection.java:askForVotes(178)) - d5b358b0-3343-4ef6-8f4c-fc31889afd69@group-0C93357B1BC4-LeaderElection66: begin an election at term 1 for -1: [d5b358b0-3343-4ef6-8f4c-fc31889afd69:192.168.30.63:45861], old=null
2019-10-02 00:23:08,781 [d5b358b0-3343-4ef6-8f4c-fc31889afd69@group-0C93357B1BC4-LeaderElection66] INFO  impl.RoleInfo (RoleInfo.java:shutdownLeaderElection(134)) - d5b358b0-3343-4ef6-8f4c-fc31889afd69: shutdown LeaderElection
2019-10-02 00:23:08,781 [d5b358b0-3343-4ef6-8f4c-fc31889afd69@group-0C93357B1BC4-LeaderElection66] INFO  impl.RaftServerImpl (RaftServerImpl.java:setRole(170)) - d5b358b0-3343-4ef6-8f4c-fc31889afd69@group-0C93357B1BC4: changes role from CANDIDATE to LEADER at term 1 for changeToLeader
2019-10-02 00:23:08,783 [d5b358b0-3343-4ef6-8f4c-fc31889afd69@group-0C93357B1BC4-LeaderElection66] INFO  impl.RaftServerImpl (ServerState.java:setLeader(255)) - d5b358b0-3343-4ef6-8f4c-fc31889afd69@group-0C93357B1BC4: change Leader from null to d5b358b0-3343-4ef6-8f4c-fc31889afd69 at term 1 for becomeLeader, leader elected after 5174ms
2019-10-02 00:23:08,783 [d5b358b0-3343-4ef6-8f4c-fc31889afd69@group-0C93357B1BC4-LeaderElection66] INFO  server.RaftServerConfigKeys (ConfUtils.java:logGet(43)) - raft.server.staging.catchup.gap = 1000 (default)
2019-10-02 00:23:08,784 [d5b358b0-3343-4ef6-8f4c-fc31889afd69@group-0C93357B1BC4-LeaderElection66] INFO  server.RaftServerConfigKeys (ConfUtils.java:logGet(43)) - raft.server.rpc.sleep.time = 25ms (default)
2019-10-02 00:23:08,784 [d5b358b0-3343-4ef6-8f4c-fc31889afd69@group-0C93357B1BC4-LeaderElection66] INFO  server.RaftServerConfigKeys (ConfUtils.java:logGet(43)) - raft.server.write.element-limit = 4096 (default)
2019-10-02 00:23:08,784 [d5b358b0-3343-4ef6-8f4c-fc31889afd69@group-0C93357B1BC4-LeaderElection66] INFO  server.RaftServerConfigKeys (ConfUtils.java:logGet(43)) - raft.server.watch.timeout = 10s (default)
2019-10-02 00:23:08,784 [d5b358b0-3343-4ef6-8f4c-fc31889afd69@group-0C93357B1BC4-LeaderElection66] INFO  server.RaftServerConfigKeys (ConfUtils.java:logGet(43)) - raft.server.watch.timeout.denomination = 1s (default)
2019-10-02 00:23:08,784 [d5b358b0-3343-4ef6-8f4c-fc31889afd69@group-0C93357B1BC4-LeaderElection66] INFO  server.RaftServerConfigKeys (ConfUtils.java:logGet(43)) - raft.server.watch.element-limit = 65536 (default)
2019-10-02 00:23:08,791 [d5b358b0-3343-4ef6-8f4c-fc31889afd69@group-0C93357B1BC4-LeaderElection66] INFO  impl.RoleInfo (RoleInfo.java:updateAndGet(143)) - d5b358b0-3343-4ef6-8f4c-fc31889afd69: start LeaderState
2019-10-02 00:23:08,791 [d5b358b0-3343-4ef6-8f4c-fc31889afd69@group-0C93357B1BC4-LeaderElection66] INFO  segmented.SegmentedRaftLogWorker (SegmentedRaftLogWorker.java:startLogSegment(385)) - d5b358b0-3343-4ef6-8f4c-fc31889afd69@group-0C93357B1BC4-SegmentedRaftLogWorker: Starting segment from index:0
2019-10-02 00:23:08,792 [d5b358b0-3343-4ef6-8f4c-fc31889afd69@group-0C93357B1BC4-LeaderElection66] INFO  impl.RaftServerImpl (ServerState.java:setRaftConf(356)) - d5b358b0-3343-4ef6-8f4c-fc31889afd69@group-0C93357B1BC4: set configuration 0: [d5b358b0-3343-4ef6-8f4c-fc31889afd69:192.168.30.63:45861], old=null at 0
2019-10-02 00:23:08,825 [6e95f05e-e2a5-4890-a0e7-0cff46ac429d@group-E65543CD1FD8-LeaderElection65] INFO  impl.LeaderElection (LeaderElection.java:logAndReturn(56)) - 6e95f05e-e2a5-4890-a0e7-0cff46ac429d@group-E65543CD1FD8-LeaderElection65: Election PASSED; received 2 response(s) [6e95f05e-e2a5-4890-a0e7-0cff46ac429d<-30ddb538-5430-4b07-ac01-3a06f53f55c9#0:OK-t1, 6e95f05e-e2a5-4890-a0e7-0cff46ac429d<-46b08147-e058-4424-8100-2a54324fd185#0:FAIL-t1] and 0 exception(s); 6e95f05e-e2a5-4890-a0e7-0cff46ac429d@group-E65543CD1FD8:t1, leader=null, voted=6e95f05e-e2a5-4890-a0e7-0cff46ac429d, raftlog=6e95f05e-e2a5-4890-a0e7-0cff46ac429d@group-E65543CD1FD8-SegmentedRaftLog:OPENED:c-1,f-1,i0, conf=-1: [30ddb538-5430-4b07-ac01-3a06f53f55c9:192.168.30.63:43140, 6e95f05e-e2a5-4890-a0e7-0cff46ac429d:192.168.30.63:43335, 46b08147-e058-4424-8100-2a54324fd185:192.168.30.63:37180], old=null
2019-10-02 00:23:08,828 [6e95f05e-e2a5-4890-a0e7-0cff46ac429d@group-E65543CD1FD8-LeaderElection65] INFO  impl.RoleInfo (RoleInfo.java:shutdownLeaderElection(134)) - 6e95f05e-e2a5-4890-a0e7-0cff46ac429d: shutdown LeaderElection
2019-10-02 00:23:08,828 [6e95f05e-e2a5-4890-a0e7-0cff46ac429d@group-E65543CD1FD8-LeaderElection65] INFO  impl.RaftServerImpl (RaftServerImpl.java:setRole(170)) - 6e95f05e-e2a5-4890-a0e7-0cff46ac429d@group-E65543CD1FD8: changes role from CANDIDATE to LEADER at term 1 for changeToLeader
2019-10-02 00:23:08,828 [6e95f05e-e2a5-4890-a0e7-0cff46ac429d@group-E65543CD1FD8-LeaderElection65] INFO  impl.RaftServerImpl (ServerState.java:setLeader(255)) - 6e95f05e-e2a5-4890-a0e7-0cff46ac429d@group-E65543CD1FD8: change Leader from null to 6e95f05e-e2a5-4890-a0e7-0cff46ac429d at term 1 for becomeLeader, leader elected after 5136ms
2019-10-02 00:23:08,828 [46b08147-e058-4424-8100-2a54324fd185@group-E65543CD1FD8-LeaderElection67] INFO  impl.LeaderElection (LeaderElection.java:logAndReturn(56)) - 46b08147-e058-4424-8100-2a54324fd185@group-E65543CD1FD8-LeaderElection67: Election REJECTED; received 2 response(s) [46b08147-e058-4424-8100-2a54324fd185<-30ddb538-5430-4b07-ac01-3a06f53f55c9#0:FAIL-t1, 46b08147-e058-4424-8100-2a54324fd185<-6e95f05e-e2a5-4890-a0e7-0cff46ac429d#0:FAIL-t1] and 0 exception(s); 46b08147-e058-4424-8100-2a54324fd185@group-E65543CD1FD8:t1, leader=null, voted=46b08147-e058-4424-8100-2a54324fd185, raftlog=46b08147-e058-4424-8100-2a54324fd185@group-E65543CD1FD8-SegmentedRaftLog:OPENED:c-1,f-1,i0, conf=-1: [30ddb538-5430-4b07-ac01-3a06f53f55c9:192.168.30.63:43140, 6e95f05e-e2a5-4890-a0e7-0cff46ac429d:192.168.30.63:43335, 46b08147-e058-4424-8100-2a54324fd185:192.168.30.63:37180], old=null
2019-10-02 00:23:08,828 [6e95f05e-e2a5-4890-a0e7-0cff46ac429d@group-E65543CD1FD8-LeaderElection65] INFO  server.RaftServerConfigKeys (ConfUtils.java:logGet(43)) - raft.server.staging.catchup.gap = 1000 (default)
2019-10-02 00:23:08,828 [46b08147-e058-4424-8100-2a54324fd185@group-E65543CD1FD8-LeaderElection67] INFO  impl.RaftServerImpl (RaftServerImpl.java:setRole(170)) - 46b08147-e058-4424-8100-2a54324fd185@group-E65543CD1FD8: changes role from CANDIDATE to FOLLOWER at term 1 for DISCOVERED_A_NEW_TERM
2019-10-02 00:23:08,828 [6e95f05e-e2a5-4890-a0e7-0cff46ac429d@group-E65543CD1FD8-LeaderElection65] INFO  server.RaftServerConfigKeys (ConfUtils.java:logGet(43)) - raft.server.rpc.sleep.time = 25ms (default)
2019-10-02 00:23:08,828 [46b08147-e058-4424-8100-2a54324fd185@group-E65543CD1FD8-LeaderElection67] INFO  impl.RoleInfo (RoleInfo.java:shutdownLeaderElection(134)) - 46b08147-e058-4424-8100-2a54324fd185: shutdown LeaderElection
2019-10-02 00:23:08,829 [6e95f05e-e2a5-4890-a0e7-0cff46ac429d@group-E65543CD1FD8-LeaderElection65] INFO  server.RaftServerConfigKeys (ConfUtils.java:logGet(43)) - raft.server.write.element-limit = 4096 (default)
2019-10-02 00:23:08,829 [46b08147-e058-4424-8100-2a54324fd185@group-E65543CD1FD8-LeaderElection67] INFO  impl.RoleInfo (RoleInfo.java:updateAndGet(143)) - 46b08147-e058-4424-8100-2a54324fd185: start FollowerState
2019-10-02 00:23:08,829 [6e95f05e-e2a5-4890-a0e7-0cff46ac429d@group-E65543CD1FD8-LeaderElection65] INFO  server.RaftServerConfigKeys (ConfUtils.java:logGet(43)) - raft.server.watch.timeout = 10s (default)
2019-10-02 00:23:08,829 [6e95f05e-e2a5-4890-a0e7-0cff46ac429d@group-E65543CD1FD8-LeaderElection65] INFO  server.RaftServerConfigKeys (ConfUtils.java:logGet(43)) - raft.server.watch.timeout.denomination = 1s (default)
2019-10-02 00:23:08,829 [6e95f05e-e2a5-4890-a0e7-0cff46ac429d@group-E65543CD1FD8-LeaderElection65] INFO  server.RaftServerConfigKeys (ConfUtils.java:logGet(43)) - raft.server.watch.element-limit = 65536 (default)
2019-10-02 00:23:08,831 [6e95f05e-e2a5-4890-a0e7-0cff46ac429d@group-E65543CD1FD8-LeaderElection65] INFO  server.RaftServerConfigKeys (ConfUtils.java:logGet(43)) - raft.server.log.appender.snapshot.chunk.size.max = 16MB (=16777216) (default)
2019-10-02 00:23:08,832 [6e95f05e-e2a5-4890-a0e7-0cff46ac429d@group-E65543CD1FD8-LeaderElection65] INFO  server.RaftServerConfigKeys (ConfUtils.java:logGet(43)) - raft.server.log.appender.buffer.byte-limit = 33554432 (custom)
2019-10-02 00:23:08,832 [6e95f05e-e2a5-4890-a0e7-0cff46ac429d@group-E65543CD1FD8-LeaderElection65] INFO  server.RaftServerConfigKeys (ConfUtils.java:logGet(43)) - raft.server.log.appender.buffer.element-limit = 1 (custom)
2019-10-02 00:23:08,832 [6e95f05e-e2a5-4890-a0e7-0cff46ac429d@group-E65543CD1FD8-LeaderElection65] INFO  grpc.GrpcConfigKeys$Server (ConfUtils.java:logGet(43)) - raft.grpc.server.leader.outstanding.appends.max = 128 (default)
2019-10-02 00:23:08,833 [6e95f05e-e2a5-4890-a0e7-0cff46ac429d@group-E65543CD1FD8-LeaderElection65] INFO  server.RaftServerConfigKeys (ConfUtils.java:logGet(43)) - raft.server.rpc.request.timeout = 3000ms (default)
2019-10-02 00:23:08,833 [6e95f05e-e2a5-4890-a0e7-0cff46ac429d@group-E65543CD1FD8-LeaderElection65] INFO  server.RaftServerConfigKeys (ConfUtils.java:logGet(43)) - raft.server.log.appender.install.snapshot.enabled = false (custom)
2019-10-02 00:23:08,833 [6e95f05e-e2a5-4890-a0e7-0cff46ac429d@group-E65543CD1FD8-LeaderElection65] INFO  server.RaftServerConfigKeys (ConfUtils.java:logGet(43)) - raft.server.log.appender.snapshot.chunk.size.max = 16MB (=16777216) (default)
2019-10-02 00:23:08,833 [6e95f05e-e2a5-4890-a0e7-0cff46ac429d@group-E65543CD1FD8-LeaderElection65] INFO  server.RaftServerConfigKeys (ConfUtils.java:logGet(43)) - raft.server.log.appender.buffer.byte-limit = 33554432 (custom)
2019-10-02 00:23:08,834 [6e95f05e-e2a5-4890-a0e7-0cff46ac429d@group-E65543CD1FD8-LeaderElection65] INFO  server.RaftServerConfigKeys (ConfUtils.java:logGet(43)) - raft.server.log.appender.buffer.element-limit = 1 (custom)
2019-10-02 00:23:08,834 [6e95f05e-e2a5-4890-a0e7-0cff46ac429d@group-E65543CD1FD8-LeaderElection65] INFO  grpc.GrpcConfigKeys$Server (ConfUtils.java:logGet(43)) - raft.grpc.server.leader.outstanding.appends.max = 128 (default)
2019-10-02 00:23:08,834 [6e95f05e-e2a5-4890-a0e7-0cff46ac429d@group-E65543CD1FD8-LeaderElection65] INFO  server.RaftServerConfigKeys (ConfUtils.java:logGet(43)) - raft.server.rpc.request.timeout = 3000ms (default)
2019-10-02 00:23:08,834 [6e95f05e-e2a5-4890-a0e7-0cff46ac429d@group-E65543CD1FD8-LeaderElection65] INFO  server.RaftServerConfigKeys (ConfUtils.java:logGet(43)) - raft.server.log.appender.install.snapshot.enabled = false (custom)
2019-10-02 00:23:08,834 [6e95f05e-e2a5-4890-a0e7-0cff46ac429d@group-E65543CD1FD8-LeaderElection65] INFO  impl.RoleInfo (RoleInfo.java:updateAndGet(143)) - 6e95f05e-e2a5-4890-a0e7-0cff46ac429d: start LeaderState
2019-10-02 00:23:08,835 [6e95f05e-e2a5-4890-a0e7-0cff46ac429d@group-E65543CD1FD8-LeaderElection65] INFO  segmented.SegmentedRaftLogWorker (SegmentedRaftLogWorker.java:startLogSegment(385)) - 6e95f05e-e2a5-4890-a0e7-0cff46ac429d@group-E65543CD1FD8-SegmentedRaftLogWorker: Starting segment from index:0
2019-10-02 00:23:08,835 [6e95f05e-e2a5-4890-a0e7-0cff46ac429d@group-E65543CD1FD8-LeaderElection65] INFO  impl.RaftServerImpl (ServerState.java:setRaftConf(356)) - 6e95f05e-e2a5-4890-a0e7-0cff46ac429d@group-E65543CD1FD8: set configuration 0: [30ddb538-5430-4b07-ac01-3a06f53f55c9:192.168.30.63:43140, 6e95f05e-e2a5-4890-a0e7-0cff46ac429d:192.168.30.63:43335, 46b08147-e058-4424-8100-2a54324fd185:192.168.30.63:37180], old=null at 0
2019-10-02 00:23:08,837 [grpc-default-executor-6] INFO  impl.RaftServerImpl (ServerState.java:setLeader(255)) - 30ddb538-5430-4b07-ac01-3a06f53f55c9@group-E65543CD1FD8: change Leader from null to 6e95f05e-e2a5-4890-a0e7-0cff46ac429d at term 1 for appendEntries, leader elected after 5145ms
2019-10-02 00:23:08,837 [grpc-default-executor-7] INFO  impl.RaftServerImpl (ServerState.java:setLeader(255)) - 46b08147-e058-4424-8100-2a54324fd185@group-E65543CD1FD8: change Leader from null to 6e95f05e-e2a5-4890-a0e7-0cff46ac429d at term 1 for appendEntries, leader elected after 5145ms
2019-10-02 00:23:08,840 [grpc-default-executor-7] INFO  impl.RaftServerImpl (ServerState.java:setRaftConf(356)) - 30ddb538-5430-4b07-ac01-3a06f53f55c9@group-E65543CD1FD8: set configuration 0: [30ddb538-5430-4b07-ac01-3a06f53f55c9:192.168.30.63:43140, 6e95f05e-e2a5-4890-a0e7-0cff46ac429d:192.168.30.63:43335, 46b08147-e058-4424-8100-2a54324fd185:192.168.30.63:37180], old=null at 0
2019-10-02 00:23:08,840 [grpc-default-executor-6] INFO  impl.RaftServerImpl (ServerState.java:setRaftConf(356)) - 46b08147-e058-4424-8100-2a54324fd185@group-E65543CD1FD8: set configuration 0: [30ddb538-5430-4b07-ac01-3a06f53f55c9:192.168.30.63:43140, 6e95f05e-e2a5-4890-a0e7-0cff46ac429d:192.168.30.63:43335, 46b08147-e058-4424-8100-2a54324fd185:192.168.30.63:37180], old=null at 0
2019-10-02 00:23:08,840 [grpc-default-executor-7] INFO  segmented.SegmentedRaftLogWorker (SegmentedRaftLogWorker.java:startLogSegment(385)) - 30ddb538-5430-4b07-ac01-3a06f53f55c9@group-E65543CD1FD8-SegmentedRaftLogWorker: Starting segment from index:0
2019-10-02 00:23:08,840 [grpc-default-executor-6] INFO  segmented.SegmentedRaftLogWorker (SegmentedRaftLogWorker.java:startLogSegment(385)) - 46b08147-e058-4424-8100-2a54324fd185@group-E65543CD1FD8-SegmentedRaftLogWorker: Starting segment from index:0
2019-10-02 00:23:08,848 [d5b358b0-3343-4ef6-8f4c-fc31889afd69@group-0C93357B1BC4-SegmentedRaftLogWorker] INFO  segmented.SegmentedRaftLogWorker (SegmentedRaftLogWorker.java:execute(574)) - d5b358b0-3343-4ef6-8f4c-fc31889afd69@group-0C93357B1BC4-SegmentedRaftLogWorker: created new log segment /workdir/hadoop-ozone/integration-test/target/test-dir/MiniOzoneClusterImpl-69d1aaba-645e-4570-a77a-1465b29f52f4/datanode-6/data/ratis/3ea5c252-a1f8-4e42-93aa-0c93357b1bc4/current/log_inprogress_0
2019-10-02 00:23:08,873 [Thread-1500] INFO  impl.FollowerState (FollowerState.java:run(108)) - e38b2c57-da58-4cb4-9af3-56c45b505280@group-48D14385539C-FollowerState: change to CANDIDATE, lastRpcTime:5087ms, electionTimeout:5087ms
2019-10-02 00:23:08,873 [Thread-1500] INFO  impl.RoleInfo (RoleInfo.java:shutdownFollowerState(121)) - e38b2c57-da58-4cb4-9af3-56c45b505280: shutdown FollowerState
2019-10-02 00:23:08,873 [Thread-1500] INFO  impl.RaftServerImpl (RaftServerImpl.java:setRole(170)) - e38b2c57-da58-4cb4-9af3-56c45b505280@group-48D14385539C: changes role from  FOLLOWER to CANDIDATE at term 0 for changeToCandidate
2019-10-02 00:23:08,873 [Thread-1500] INFO  impl.RoleInfo (RoleInfo.java:updateAndGet(143)) - e38b2c57-da58-4cb4-9af3-56c45b505280: start LeaderElection
2019-10-02 00:23:08,890 [6e95f05e-e2a5-4890-a0e7-0cff46ac429d@group-E65543CD1FD8-SegmentedRaftLogWorker] INFO  segmented.SegmentedRaftLogWorker (SegmentedRaftLogWorker.java:execute(574)) - 6e95f05e-e2a5-4890-a0e7-0cff46ac429d@group-E65543CD1FD8-SegmentedRaftLogWorker: created new log segment /workdir/hadoop-ozone/integration-test/target/test-dir/MiniOzoneClusterImpl-69d1aaba-645e-4570-a77a-1465b29f52f4/datanode-0/data/ratis/c2b3c3da-15c4-40fa-b4a9-e65543cd1fd8/current/log_inprogress_0
2019-10-02 00:23:08,890 [46b08147-e058-4424-8100-2a54324fd185@group-E65543CD1FD8-SegmentedRaftLogWorker] INFO  segmented.SegmentedRaftLogWorker (SegmentedRaftLogWorker.java:execute(574)) - 46b08147-e058-4424-8100-2a54324fd185@group-E65543CD1FD8-SegmentedRaftLogWorker: created new log segment /workdir/hadoop-ozone/integration-test/target/test-dir/MiniOzoneClusterImpl-69d1aaba-645e-4570-a77a-1465b29f52f4/datanode-2/data/ratis/c2b3c3da-15c4-40fa-b4a9-e65543cd1fd8/current/log_inprogress_0
2019-10-02 00:23:08,890 [30ddb538-5430-4b07-ac01-3a06f53f55c9@group-E65543CD1FD8-SegmentedRaftLogWorker] INFO  segmented.SegmentedRaftLogWorker (SegmentedRaftLogWorker.java:execute(574)) - 30ddb538-5430-4b07-ac01-3a06f53f55c9@group-E65543CD1FD8-SegmentedRaftLogWorker: created new log segment /workdir/hadoop-ozone/integration-test/target/test-dir/MiniOzoneClusterImpl-69d1aaba-645e-4570-a77a-1465b29f52f4/datanode-4/data/ratis/c2b3c3da-15c4-40fa-b4a9-e65543cd1fd8/current/log_inprogress_0
2019-10-02 00:23:08,897 [Thread-1502] INFO  impl.FollowerState (FollowerState.java:run(108)) - 6f4fc033-5a75-4f35-94b7-46b35564497b@group-48D14385539C-FollowerState: change to CANDIDATE, lastRpcTime:5108ms, electionTimeout:5108ms
2019-10-02 00:23:08,897 [Thread-1502] INFO  impl.RoleInfo (RoleInfo.java:shutdownFollowerState(121)) - 6f4fc033-5a75-4f35-94b7-46b35564497b: shutdown FollowerState
2019-10-02 00:23:08,897 [Thread-1502] INFO  impl.RaftServerImpl (RaftServerImpl.java:setRole(170)) - 6f4fc033-5a75-4f35-94b7-46b35564497b@group-48D14385539C: changes role from  FOLLOWER to CANDIDATE at term 0 for changeToCandidate
2019-10-02 00:23:08,897 [Thread-1502] INFO  impl.RoleInfo (RoleInfo.java:updateAndGet(143)) - 6f4fc033-5a75-4f35-94b7-46b35564497b: start LeaderElection
2019-10-02 00:23:08,907 [e38b2c57-da58-4cb4-9af3-56c45b505280@group-48D14385539C-LeaderElection68] INFO  impl.LeaderElection (LeaderElection.java:askForVotes(178)) - e38b2c57-da58-4cb4-9af3-56c45b505280@group-48D14385539C-LeaderElection68: begin an election at term 1 for -1: [e38b2c57-da58-4cb4-9af3-56c45b505280:192.168.30.63:40776, 6f4fc033-5a75-4f35-94b7-46b35564497b:192.168.30.63:44376, d5b358b0-3343-4ef6-8f4c-fc31889afd69:192.168.30.63:45861], old=null
2019-10-02 00:23:08,913 [grpc-default-executor-7] INFO  impl.RaftServerImpl (RaftServerImpl.java:setRole(170)) - d5b358b0-3343-4ef6-8f4c-fc31889afd69@group-48D14385539C: changes role from  FOLLOWER to FOLLOWER at term 1 for recognizeCandidate:e38b2c57-da58-4cb4-9af3-56c45b505280
2019-10-02 00:23:08,913 [grpc-default-executor-7] INFO  impl.RoleInfo (RoleInfo.java:shutdownFollowerState(121)) - d5b358b0-3343-4ef6-8f4c-fc31889afd69: shutdown FollowerState
2019-10-02 00:23:08,913 [grpc-default-executor-7] INFO  impl.RoleInfo (RoleInfo.java:updateAndGet(143)) - d5b358b0-3343-4ef6-8f4c-fc31889afd69: start FollowerState
2019-10-02 00:23:08,913 [Thread-1501] INFO  impl.FollowerState (FollowerState.java:run(117)) - d5b358b0-3343-4ef6-8f4c-fc31889afd69@group-48D14385539C-FollowerState was interrupted: java.lang.InterruptedException: sleep interrupted
2019-10-02 00:23:08,924 [6f4fc033-5a75-4f35-94b7-46b35564497b@group-48D14385539C-LeaderElection69] INFO  impl.LeaderElection (LeaderElection.java:askForVotes(178)) - 6f4fc033-5a75-4f35-94b7-46b35564497b@group-48D14385539C-LeaderElection69: begin an election at term 1 for -1: [e38b2c57-da58-4cb4-9af3-56c45b505280:192.168.30.63:40776, 6f4fc033-5a75-4f35-94b7-46b35564497b:192.168.30.63:44376, d5b358b0-3343-4ef6-8f4c-fc31889afd69:192.168.30.63:45861], old=null
2019-10-02 00:23:08,945 [e38b2c57-da58-4cb4-9af3-56c45b505280@group-48D14385539C-LeaderElection68] INFO  impl.LeaderElection (LeaderElection.java:logAndReturn(56)) - e38b2c57-da58-4cb4-9af3-56c45b505280@group-48D14385539C-LeaderElection68: Election PASSED; received 2 response(s) [e38b2c57-da58-4cb4-9af3-56c45b505280<-6f4fc033-5a75-4f35-94b7-46b35564497b#0:FAIL-t1, e38b2c57-da58-4cb4-9af3-56c45b505280<-d5b358b0-3343-4ef6-8f4c-fc31889afd69#0:OK-t1] and 0 exception(s); e38b2c57-da58-4cb4-9af3-56c45b505280@group-48D14385539C:t1, leader=null, voted=e38b2c57-da58-4cb4-9af3-56c45b505280, raftlog=e38b2c57-da58-4cb4-9af3-56c45b505280@group-48D14385539C-SegmentedRaftLog:OPENED:c-1,f-1,i0, conf=-1: [e38b2c57-da58-4cb4-9af3-56c45b505280:192.168.30.63:40776, 6f4fc033-5a75-4f35-94b7-46b35564497b:192.168.30.63:44376, d5b358b0-3343-4ef6-8f4c-fc31889afd69:192.168.30.63:45861], old=null
2019-10-02 00:23:08,945 [e38b2c57-da58-4cb4-9af3-56c45b505280@group-48D14385539C-LeaderElection68] INFO  impl.RoleInfo (RoleInfo.java:shutdownLeaderElection(134)) - e38b2c57-da58-4cb4-9af3-56c45b505280: shutdown LeaderElection
2019-10-02 00:23:08,945 [e38b2c57-da58-4cb4-9af3-56c45b505280@group-48D14385539C-LeaderElection68] INFO  impl.RaftServerImpl (RaftServerImpl.java:setRole(170)) - e38b2c57-da58-4cb4-9af3-56c45b505280@group-48D14385539C: changes role from CANDIDATE to LEADER at term 1 for changeToLeader
2019-10-02 00:23:08,945 [6f4fc033-5a75-4f35-94b7-46b35564497b@group-48D14385539C-LeaderElection69] INFO  impl.LeaderElection (LeaderElection.java:logAndReturn(56)) - 6f4fc033-5a75-4f35-94b7-46b35564497b@group-48D14385539C-LeaderElection69: Election REJECTED; received 2 response(s) [6f4fc033-5a75-4f35-94b7-46b35564497b<-e38b2c57-da58-4cb4-9af3-56c45b505280#0:FAIL-t1, 6f4fc033-5a75-4f35-94b7-46b35564497b<-d5b358b0-3343-4ef6-8f4c-fc31889afd69#0:FAIL-t1] and 0 exception(s); 6f4fc033-5a75-4f35-94b7-46b35564497b@group-48D14385539C:t1, leader=null, voted=6f4fc033-5a75-4f35-94b7-46b35564497b, raftlog=6f4fc033-5a75-4f35-94b7-46b35564497b@group-48D14385539C-SegmentedRaftLog:OPENED:c-1,f-1,i0, conf=-1: [e38b2c57-da58-4cb4-9af3-56c45b505280:192.168.30.63:40776, 6f4fc033-5a75-4f35-94b7-46b35564497b:192.168.30.63:44376, d5b358b0-3343-4ef6-8f4c-fc31889afd69:192.168.30.63:45861], old=null
2019-10-02 00:23:08,945 [e38b2c57-da58-4cb4-9af3-56c45b505280@group-48D14385539C-LeaderElection68] INFO  impl.RaftServerImpl (ServerState.java:setLeader(255)) - e38b2c57-da58-4cb4-9af3-56c45b505280@group-48D14385539C: change Leader from null to e38b2c57-da58-4cb4-9af3-56c45b505280 at term 1 for becomeLeader, leader elected after 5168ms
2019-10-02 00:23:08,945 [6f4fc033-5a75-4f35-94b7-46b35564497b@group-48D14385539C-LeaderElection69] INFO  impl.RaftServerImpl (RaftServerImpl.java:setRole(170)) - 6f4fc033-5a75-4f35-94b7-46b35564497b@group-48D14385539C: changes role from CANDIDATE to FOLLOWER at term 1 for DISCOVERED_A_NEW_TERM
2019-10-02 00:23:08,945 [e38b2c57-da58-4cb4-9af3-56c45b505280@group-48D14385539C-LeaderElection68] INFO  server.RaftServerConfigKeys (ConfUtils.java:logGet(43)) - raft.server.staging.catchup.gap = 1000 (default)
2019-10-02 00:23:08,946 [6f4fc033-5a75-4f35-94b7-46b35564497b@group-48D14385539C-LeaderElection69] INFO  impl.RoleInfo (RoleInfo.java:shutdownLeaderElection(134)) - 6f4fc033-5a75-4f35-94b7-46b35564497b: shutdown LeaderElection
2019-10-02 00:23:08,946 [e38b2c57-da58-4cb4-9af3-56c45b505280@group-48D14385539C-LeaderElection68] INFO  server.RaftServerConfigKeys (ConfUtils.java:logGet(43)) - raft.server.rpc.sleep.time = 25ms (default)
2019-10-02 00:23:08,946 [6f4fc033-5a75-4f35-94b7-46b35564497b@group-48D14385539C-LeaderElection69] INFO  impl.RoleInfo (RoleInfo.java:updateAndGet(143)) - 6f4fc033-5a75-4f35-94b7-46b35564497b: start FollowerState
2019-10-02 00:23:08,946 [e38b2c57-da58-4cb4-9af3-56c45b505280@group-48D14385539C-LeaderElection68] INFO  server.RaftServerConfigKeys (ConfUtils.java:logGet(43)) - raft.server.write.element-limit = 4096 (default)
2019-10-02 00:23:08,946 [e38b2c57-da58-4cb4-9af3-56c45b505280@group-48D14385539C-LeaderElection68] INFO  server.RaftServerConfigKeys (ConfUtils.java:logGet(43)) - raft.server.watch.timeout = 10s (default)
2019-10-02 00:23:08,946 [e38b2c57-da58-4cb4-9af3-56c45b505280@group-48D14385539C-LeaderElection68] INFO  server.RaftServerConfigKeys (ConfUtils.java:logGet(43)) - raft.server.watch.timeout.denomination = 1s (default)
2019-10-02 00:23:08,946 [e38b2c57-da58-4cb4-9af3-56c45b505280@group-48D14385539C-LeaderElection68] INFO  server.RaftServerConfigKeys (ConfUtils.java:logGet(43)) - raft.server.watch.element-limit = 65536 (default)
2019-10-02 00:23:08,947 [e38b2c57-da58-4cb4-9af3-56c45b505280@group-48D14385539C-LeaderElection68] INFO  server.RaftServerConfigKeys (ConfUtils.java:logGet(43)) - raft.server.log.appender.snapshot.chunk.size.max = 16MB (=16777216) (default)
2019-10-02 00:23:08,948 [e38b2c57-da58-4cb4-9af3-56c45b505280@group-48D14385539C-LeaderElection68] INFO  server.RaftServerConfigKeys (ConfUtils.java:logGet(43)) - raft.server.log.appender.buffer.byte-limit = 33554432 (custom)
2019-10-02 00:23:08,948 [e38b2c57-da58-4cb4-9af3-56c45b505280@group-48D14385539C-LeaderElection68] INFO  server.RaftServerConfigKeys (ConfUtils.java:logGet(43)) - raft.server.log.appender.buffer.element-limit = 1 (custom)
2019-10-02 00:23:08,948 [e38b2c57-da58-4cb4-9af3-56c45b505280@group-48D14385539C-LeaderElection68] INFO  grpc.GrpcConfigKeys$Server (ConfUtils.java:logGet(43)) - raft.grpc.server.leader.outstanding.appends.max = 128 (default)
2019-10-02 00:23:08,948 [e38b2c57-da58-4cb4-9af3-56c45b505280@group-48D14385539C-LeaderElection68] INFO  server.RaftServerConfigKeys (ConfUtils.java:logGet(43)) - raft.server.rpc.request.timeout = 3000ms (default)
2019-10-02 00:23:08,948 [e38b2c57-da58-4cb4-9af3-56c45b505280@group-48D14385539C-LeaderElection68] INFO  server.RaftServerConfigKeys (ConfUtils.java:logGet(43)) - raft.server.log.appender.install.snapshot.enabled = false (custom)
2019-10-02 00:23:08,948 [e38b2c57-da58-4cb4-9af3-56c45b505280@group-48D14385539C-LeaderElection68] INFO  server.RaftServerConfigKeys (ConfUtils.java:logGet(43)) - raft.server.log.appender.snapshot.chunk.size.max = 16MB (=16777216) (default)
2019-10-02 00:23:08,948 [e38b2c57-da58-4cb4-9af3-56c45b505280@group-48D14385539C-LeaderElection68] INFO  server.RaftServerConfigKeys (ConfUtils.java:logGet(43)) - raft.server.log.appender.buffer.byte-limit = 33554432 (custom)
2019-10-02 00:23:08,948 [e38b2c57-da58-4cb4-9af3-56c45b505280@group-48D14385539C-LeaderElection68] INFO  server.RaftServerConfigKeys (ConfUtils.java:logGet(43)) - raft.server.log.appender.buffer.element-limit = 1 (custom)
2019-10-02 00:23:08,948 [e38b2c57-da58-4cb4-9af3-56c45b505280@group-48D14385539C-LeaderElection68] INFO  grpc.GrpcConfigKeys$Server (ConfUtils.java:logGet(43)) - raft.grpc.server.leader.outstanding.appends.max = 128 (default)
2019-10-02 00:23:08,949 [e38b2c57-da58-4cb4-9af3-56c45b505280@group-48D14385539C-LeaderElection68] INFO  server.RaftServerConfigKeys (ConfUtils.java:logGet(43)) - raft.server.rpc.request.timeout = 3000ms (default)
2019-10-02 00:23:08,949 [e38b2c57-da58-4cb4-9af3-56c45b505280@group-48D14385539C-LeaderElection68] INFO  server.RaftServerConfigKeys (ConfUtils.java:logGet(43)) - raft.server.log.appender.install.snapshot.enabled = false (custom)
2019-10-02 00:23:08,949 [e38b2c57-da58-4cb4-9af3-56c45b505280@group-48D14385539C-LeaderElection68] INFO  impl.RoleInfo (RoleInfo.java:updateAndGet(143)) - e38b2c57-da58-4cb4-9af3-56c45b505280: start LeaderState
2019-10-02 00:23:08,949 [e38b2c57-da58-4cb4-9af3-56c45b505280@group-48D14385539C-LeaderElection68] INFO  segmented.SegmentedRaftLogWorker (SegmentedRaftLogWorker.java:startLogSegment(385)) - e38b2c57-da58-4cb4-9af3-56c45b505280@group-48D14385539C-SegmentedRaftLogWorker: Starting segment from index:0
2019-10-02 00:23:08,950 [e38b2c57-da58-4cb4-9af3-56c45b505280@group-48D14385539C-LeaderElection68] INFO  impl.RaftServerImpl (ServerState.java:setRaftConf(356)) - e38b2c57-da58-4cb4-9af3-56c45b505280@group-48D14385539C: set configuration 0: [e38b2c57-da58-4cb4-9af3-56c45b505280:192.168.30.63:40776, 6f4fc033-5a75-4f35-94b7-46b35564497b:192.168.30.63:44376, d5b358b0-3343-4ef6-8f4c-fc31889afd69:192.168.30.63:45861], old=null at 0
2019-10-02 00:23:08,951 [grpc-default-executor-6] INFO  impl.RaftServerImpl (ServerState.java:setLeader(255)) - 6f4fc033-5a75-4f35-94b7-46b35564497b@group-48D14385539C: change Leader from null to e38b2c57-da58-4cb4-9af3-56c45b505280 at term 1 for appendEntries, leader elected after 5175ms
2019-10-02 00:23:08,954 [grpc-default-executor-6] INFO  impl.RaftServerImpl (ServerState.java:setRaftConf(356)) - 6f4fc033-5a75-4f35-94b7-46b35564497b@group-48D14385539C: set configuration 0: [e38b2c57-da58-4cb4-9af3-56c45b505280:192.168.30.63:40776, 6f4fc033-5a75-4f35-94b7-46b35564497b:192.168.30.63:44376, d5b358b0-3343-4ef6-8f4c-fc31889afd69:192.168.30.63:45861], old=null at 0
2019-10-02 00:23:08,954 [grpc-default-executor-6] INFO  segmented.SegmentedRaftLogWorker (SegmentedRaftLogWorker.java:startLogSegment(385)) - 6f4fc033-5a75-4f35-94b7-46b35564497b@group-48D14385539C-SegmentedRaftLogWorker: Starting segment from index:0
2019-10-02 00:23:08,955 [grpc-default-executor-7] INFO  impl.RaftServerImpl (ServerState.java:setLeader(255)) - d5b358b0-3343-4ef6-8f4c-fc31889afd69@group-48D14385539C: change Leader from null to e38b2c57-da58-4cb4-9af3-56c45b505280 at term 1 for appendEntries, leader elected after 5178ms
2019-10-02 00:23:08,962 [grpc-default-executor-7] INFO  impl.RaftServerImpl (ServerState.java:setRaftConf(356)) - d5b358b0-3343-4ef6-8f4c-fc31889afd69@group-48D14385539C: set configuration 0: [e38b2c57-da58-4cb4-9af3-56c45b505280:192.168.30.63:40776, 6f4fc033-5a75-4f35-94b7-46b35564497b:192.168.30.63:44376, d5b358b0-3343-4ef6-8f4c-fc31889afd69:192.168.30.63:45861], old=null at 0
2019-10-02 00:23:08,962 [grpc-default-executor-7] INFO  segmented.SegmentedRaftLogWorker (SegmentedRaftLogWorker.java:startLogSegment(385)) - d5b358b0-3343-4ef6-8f4c-fc31889afd69@group-48D14385539C-SegmentedRaftLogWorker: Starting segment from index:0
2019-10-02 00:23:09,008 [d5b358b0-3343-4ef6-8f4c-fc31889afd69@group-48D14385539C-SegmentedRaftLogWorker] INFO  segmented.SegmentedRaftLogWorker (SegmentedRaftLogWorker.java:execute(574)) - d5b358b0-3343-4ef6-8f4c-fc31889afd69@group-48D14385539C-SegmentedRaftLogWorker: created new log segment /workdir/hadoop-ozone/integration-test/target/test-dir/MiniOzoneClusterImpl-69d1aaba-645e-4570-a77a-1465b29f52f4/datanode-6/data/ratis/4694eb55-2258-4dd1-8379-48d14385539c/current/log_inprogress_0
2019-10-02 00:23:09,008 [e38b2c57-da58-4cb4-9af3-56c45b505280@group-48D14385539C-SegmentedRaftLogWorker] INFO  segmented.SegmentedRaftLogWorker (SegmentedRaftLogWorker.java:execute(574)) - e38b2c57-da58-4cb4-9af3-56c45b505280@group-48D14385539C-SegmentedRaftLogWorker: created new log segment /workdir/hadoop-ozone/integration-test/target/test-dir/MiniOzoneClusterImpl-69d1aaba-645e-4570-a77a-1465b29f52f4/datanode-3/data/ratis/4694eb55-2258-4dd1-8379-48d14385539c/current/log_inprogress_0
2019-10-02 00:23:09,008 [6f4fc033-5a75-4f35-94b7-46b35564497b@group-48D14385539C-SegmentedRaftLogWorker] INFO  segmented.SegmentedRaftLogWorker (SegmentedRaftLogWorker.java:execute(574)) - 6f4fc033-5a75-4f35-94b7-46b35564497b@group-48D14385539C-SegmentedRaftLogWorker: created new log segment /workdir/hadoop-ozone/integration-test/target/test-dir/MiniOzoneClusterImpl-69d1aaba-645e-4570-a77a-1465b29f52f4/datanode-5/data/ratis/4694eb55-2258-4dd1-8379-48d14385539c/current/log_inprogress_0
2019-10-02 00:23:09,974 [Datanode State Machine Thread - 0] INFO  statemachine.DatanodeStateMachine (DatanodeStateMachine.java:lambda$startDaemon$0(350)) - Ozone container server started.
2019-10-02 00:23:14,940 [main] INFO  ozoneimpl.OzoneContainer (OzoneContainer.java:stop(231)) - Attempting to stop container services.
2019-10-02 00:23:14,942 [main] INFO  impl.RaftServerProxy (RaftServerProxy.java:lambda$close$4(314)) - 30ddb538-5430-4b07-ac01-3a06f53f55c9: close
2019-10-02 00:23:14,942 [main] INFO  impl.RaftServerImpl (RaftServerImpl.java:lambda$shutdown$3(247)) - 30ddb538-5430-4b07-ac01-3a06f53f55c9@group-77C62A427FB4: shutdown
2019-10-02 00:23:14,943 [main] INFO  util.JmxRegister (JmxRegister.java:unregister(73)) - Successfully un-registered JMX Bean with object name Ratis:service=RaftServer,group=group-77C62A427FB4,id=30ddb538-5430-4b07-ac01-3a06f53f55c9
2019-10-02 00:23:14,943 [main] INFO  impl.RoleInfo (RoleInfo.java:shutdownLeaderState(104)) - 30ddb538-5430-4b07-ac01-3a06f53f55c9: shutdown LeaderState
2019-10-02 00:23:14,944 [main] INFO  impl.PendingRequests (PendingRequests.java:sendNotLeaderResponses(202)) - 30ddb538-5430-4b07-ac01-3a06f53f55c9@group-77C62A427FB4-PendingRequests: sendNotLeaderResponses
2019-10-02 00:23:14,944 [main] INFO  impl.StateMachineUpdater (StateMachineUpdater.java:stopAndJoin(136)) - 30ddb538-5430-4b07-ac01-3a06f53f55c9@group-77C62A427FB4-StateMachineUpdater: set stopIndex = 0
2019-10-02 00:23:14,945 [main] INFO  impl.RaftServerImpl (ServerState.java:close(387)) - 30ddb538-5430-4b07-ac01-3a06f53f55c9@group-77C62A427FB4: closes. applyIndex: 0
2019-10-02 00:23:14,945 [30ddb538-5430-4b07-ac01-3a06f53f55c9@group-77C62A427FB4-SegmentedRaftLogWorker] INFO  segmented.SegmentedRaftLogWorker (SegmentedRaftLogWorker.java:run(316)) - 30ddb538-5430-4b07-ac01-3a06f53f55c9@group-77C62A427FB4-SegmentedRaftLogWorker was interrupted, exiting. There are 0 tasks remaining in the queue.
2019-10-02 00:23:14,948 [main] INFO  segmented.SegmentedRaftLogWorker (SegmentedRaftLogWorker.java:close(224)) - 30ddb538-5430-4b07-ac01-3a06f53f55c9@group-77C62A427FB4-SegmentedRaftLogWorker close()
2019-10-02 00:23:14,953 [main] INFO  impl.RaftServerImpl (RaftServerImpl.java:lambda$shutdown$3(247)) - 30ddb538-5430-4b07-ac01-3a06f53f55c9@group-E65543CD1FD8: shutdown
2019-10-02 00:23:14,953 [main] INFO  util.JmxRegister (JmxRegister.java:unregister(73)) - Successfully un-registered JMX Bean with object name Ratis:service=RaftServer,group=group-E65543CD1FD8,id=30ddb538-5430-4b07-ac01-3a06f53f55c9
2019-10-02 00:23:14,953 [main] INFO  impl.RoleInfo (RoleInfo.java:shutdownFollowerState(121)) - 30ddb538-5430-4b07-ac01-3a06f53f55c9: shutdown FollowerState
2019-10-02 00:23:14,954 [main] INFO  impl.StateMachineUpdater (StateMachineUpdater.java:stopAndJoin(136)) - 30ddb538-5430-4b07-ac01-3a06f53f55c9@group-E65543CD1FD8-StateMachineUpdater: set stopIndex = 2
2019-10-02 00:23:14,954 [30ddb538-5430-4b07-ac01-3a06f53f55c9@group-E65543CD1FD8-StateMachineUpdater] INFO  ratis.ContainerStateMachine (ContainerStateMachine.java:takeSnapshot(289)) - group-E65543CD1FD8: Taking a snapshot at:(t:1, i:1) file /workdir/hadoop-ozone/integration-test/target/test-dir/MiniOzoneClusterImpl-69d1aaba-645e-4570-a77a-1465b29f52f4/datanode-4/data/ratis/c2b3c3da-15c4-40fa-b4a9-e65543cd1fd8/sm/snapshot.1_1
2019-10-02 00:23:14,954 [Thread-1537] INFO  impl.FollowerState (FollowerState.java:run(117)) - 30ddb538-5430-4b07-ac01-3a06f53f55c9@group-E65543CD1FD8-FollowerState was interrupted: java.lang.InterruptedException: sleep interrupted
2019-10-02 00:23:14,989 [30ddb538-5430-4b07-ac01-3a06f53f55c9@group-E65543CD1FD8-StateMachineUpdater] INFO  ratis.ContainerStateMachine (ContainerStateMachine.java:takeSnapshot(300)) - group-E65543CD1FD8: Finished taking a snapshot at:(t:1, i:1) file:/workdir/hadoop-ozone/integration-test/target/test-dir/MiniOzoneClusterImpl-69d1aaba-645e-4570-a77a-1465b29f52f4/datanode-4/data/ratis/c2b3c3da-15c4-40fa-b4a9-e65543cd1fd8/sm/snapshot.1_1 time:35
2019-10-02 00:23:14,989 [30ddb538-5430-4b07-ac01-3a06f53f55c9@group-E65543CD1FD8-StateMachineUpdater] INFO  impl.StateMachineUpdater (StateMachineUpdater.java:takeSnapshot(269)) - 30ddb538-5430-4b07-ac01-3a06f53f55c9@group-E65543CD1FD8-StateMachineUpdater: Took a snapshot at index 1
2019-10-02 00:23:14,989 [30ddb538-5430-4b07-ac01-3a06f53f55c9@group-E65543CD1FD8-StateMachineUpdater] INFO  impl.StateMachineUpdater (StateMachineUpdater.java:lambda$new$0(84)) - 30ddb538-5430-4b07-ac01-3a06f53f55c9@group-E65543CD1FD8-StateMachineUpdater: snapshotIndex: updateIncreasingly -1 -> 1
2019-10-02 00:23:14,990 [30ddb538-5430-4b07-ac01-3a06f53f55c9@group-E65543CD1FD8-StateMachineUpdater] INFO  ratis.ContainerStateMachine (ContainerStateMachine.java:takeSnapshot(289)) - group-E65543CD1FD8: Taking a snapshot at:(t:1, i:1) file /workdir/hadoop-ozone/integration-test/target/test-dir/MiniOzoneClusterImpl-69d1aaba-645e-4570-a77a-1465b29f52f4/datanode-4/data/ratis/c2b3c3da-15c4-40fa-b4a9-e65543cd1fd8/sm/snapshot.1_1
2019-10-02 00:23:15,014 [30ddb538-5430-4b07-ac01-3a06f53f55c9@group-E65543CD1FD8-StateMachineUpdater] INFO  ratis.ContainerStateMachine (ContainerStateMachine.java:takeSnapshot(300)) - group-E65543CD1FD8: Finished taking a snapshot at:(t:1, i:1) file:/workdir/hadoop-ozone/integration-test/target/test-dir/MiniOzoneClusterImpl-69d1aaba-645e-4570-a77a-1465b29f52f4/datanode-4/data/ratis/c2b3c3da-15c4-40fa-b4a9-e65543cd1fd8/sm/snapshot.1_1 time:24
2019-10-02 00:23:15,014 [30ddb538-5430-4b07-ac01-3a06f53f55c9@group-E65543CD1FD8-StateMachineUpdater] INFO  impl.StateMachineUpdater (StateMachineUpdater.java:takeSnapshot(269)) - 30ddb538-5430-4b07-ac01-3a06f53f55c9@group-E65543CD1FD8-StateMachineUpdater: Took a snapshot at index 1
2019-10-02 00:23:15,014 [30ddb538-5430-4b07-ac01-3a06f53f55c9@group-E65543CD1FD8-StateMachineUpdater] INFO  impl.StateMachineUpdater (StateMachineUpdater.java:lambda$new$0(84)) - 30ddb538-5430-4b07-ac01-3a06f53f55c9@group-E65543CD1FD8-StateMachineUpdater: snapshotIndex: updateIncreasingly 1 -> 1
2019-10-02 00:23:15,015 [main] INFO  impl.RaftServerImpl (ServerState.java:close(387)) - 30ddb538-5430-4b07-ac01-3a06f53f55c9@group-E65543CD1FD8: closes. applyIndex: 2
2019-10-02 00:23:15,015 [30ddb538-5430-4b07-ac01-3a06f53f55c9@group-E65543CD1FD8-SegmentedRaftLogWorker] INFO  segmented.SegmentedRaftLogWorker (SegmentedRaftLogWorker.java:run(316)) - 30ddb538-5430-4b07-ac01-3a06f53f55c9@group-E65543CD1FD8-SegmentedRaftLogWorker was interrupted, exiting. There are 0 tasks remaining in the queue.
2019-10-02 00:23:15,018 [main] INFO  segmented.SegmentedRaftLogWorker (SegmentedRaftLogWorker.java:close(224)) - 30ddb538-5430-4b07-ac01-3a06f53f55c9@group-E65543CD1FD8-SegmentedRaftLogWorker close()
2019-10-02 00:23:15,022 [main] INFO  server.GrpcService (GrpcService.java:closeImpl(164)) - 30ddb538-5430-4b07-ac01-3a06f53f55c9: shutdown server with port 43140 now
2019-10-02 00:23:15,024 [grpc-default-executor-1] WARN  server.GrpcServerProtocolService (LogUtils.java:warn(134)) - 30ddb538-5430-4b07-ac01-3a06f53f55c9: installSnapshot onError, lastRequest: 6e95f05e-e2a5-4890-a0e7-0cff46ac429d->30ddb538-5430-4b07-ac01-3a06f53f55c9#5-t1, previous=(t:1, i:2), leaderCommit=2, initializing? false, entries: <empty>: org.apache.ratis.thirdparty.io.grpc.StatusRuntimeException: CANCELLED: cancelled before receiving half close
2019-10-02 00:23:15,024 [grpc-default-executor-6] WARN  server.GrpcLogAppender (LogUtils.java:warn(134)) - 6e95f05e-e2a5-4890-a0e7-0cff46ac429d@group-E65543CD1FD8->30ddb538-5430-4b07-ac01-3a06f53f55c9-AppendLogResponseHandler: Failed appendEntries: org.apache.ratis.thirdparty.io.grpc.StatusRuntimeException: CANCELLED: HTTP/2 error code: CANCEL
Received Rst Stream
2019-10-02 00:23:15,025 [main] INFO  server.GrpcService (GrpcService.java:closeImpl(172)) - 30ddb538-5430-4b07-ac01-3a06f53f55c9: shutdown server with port 43140 successfully
2019-10-02 00:23:15,025 [grpc-default-executor-6] INFO  impl.FollowerInfo (FollowerInfo.java:lambda$new$0(51)) - 6e95f05e-e2a5-4890-a0e7-0cff46ac429d@group-E65543CD1FD8->30ddb538-5430-4b07-ac01-3a06f53f55c9: nextIndex: updateUnconditionally 3 -> 2
2019-10-02 00:23:15,026 [refreshUsed-/workdir/hadoop-ozone/integration-test/target/test-dir/MiniOzoneClusterImpl-69d1aaba-645e-4570-a77a-1465b29f52f4/datanode-4/data/containers] WARN  fs.CachingGetSpaceUsed (CachingGetSpaceUsed.java:run(183)) - Thread Interrupted waiting to refresh disk information: sleep interrupted
2019-10-02 00:23:15,042 [main] INFO  utils.BackgroundService (BackgroundService.java:shutdown(148)) - Shutting down service BlockDeletingService
2019-10-02 00:23:15,048 [main] INFO  statemachine.DatanodeStateMachine (DatanodeStateMachine.java:stopDaemon(395)) - Ozone container server stopped.
2019-10-02 00:23:15,049 [main] INFO  handler.ContextHandler (ContextHandler.java:doStop(910)) - Stopped o.e.j.w.WebAppContext@15a3b42{/,null,UNAVAILABLE}{/hddsDatanode}
2019-10-02 00:23:15,050 [main] INFO  server.AbstractConnector (AbstractConnector.java:doStop(318)) - Stopped ServerConnector@52c9d3d0{HTTP/1.1,[http/1.1]}{0.0.0.0:0}
2019-10-02 00:23:15,050 [main] INFO  handler.ContextHandler (ContextHandler.java:doStop(910)) - Stopped o.e.j.s.ServletContextHandler@23ad71bf{/static,jar:file:/home/user/.m2/repository/org/apache/hadoop/hadoop-hdds-container-service/0.5.0-SNAPSHOT/hadoop-hdds-container-service-0.5.0-SNAPSHOT.jar!/webapps/static,UNAVAILABLE}
2019-10-02 00:23:15,050 [main] INFO  handler.ContextHandler (ContextHandler.java:doStop(910)) - Stopped o.e.j.s.ServletContextHandler@78307a56{/logs,file:///workdir/hadoop-ozone/integration-test/target/log,UNAVAILABLE}
2019-10-02 00:23:15,951 [Datanode State Machine Thread - 0] INFO  statemachine.DatanodeStateMachine (DatanodeStateMachine.java:lambda$startDaemon$0(350)) - Ozone container server started.
2019-10-02 00:23:17,267 [grpc-default-executor-7] WARN  server.GrpcLogAppender (LogUtils.java:warn(134)) - 6e95f05e-e2a5-4890-a0e7-0cff46ac429d@group-E65543CD1FD8->30ddb538-5430-4b07-ac01-3a06f53f55c9-AppendLogResponseHandler: Failed appendEntries: org.apache.ratis.thirdparty.io.grpc.StatusRuntimeException: UNAVAILABLE: io exception
2019-10-02 00:23:17,268 [grpc-default-executor-7] INFO  impl.FollowerInfo (FollowerInfo.java:lambda$new$0(51)) - 6e95f05e-e2a5-4890-a0e7-0cff46ac429d@group-E65543CD1FD8->30ddb538-5430-4b07-ac01-3a06f53f55c9: nextIndex: updateUnconditionally 2 -> 1
2019-10-02 00:23:19,769 [grpc-default-executor-7] WARN  server.GrpcLogAppender (LogUtils.java:warn(134)) - 6e95f05e-e2a5-4890-a0e7-0cff46ac429d@group-E65543CD1FD8->30ddb538-5430-4b07-ac01-3a06f53f55c9-AppendLogResponseHandler: Failed appendEntries: org.apache.ratis.thirdparty.io.grpc.StatusRuntimeException: UNAVAILABLE: io exception
2019-10-02 00:23:19,770 [grpc-default-executor-7] INFO  impl.FollowerInfo (FollowerInfo.java:lambda$new$0(51)) - 6e95f05e-e2a5-4890-a0e7-0cff46ac429d@group-E65543CD1FD8->30ddb538-5430-4b07-ac01-3a06f53f55c9: nextIndex: updateUnconditionally 1 -> 0
2019-10-02 00:23:20,053 [main] INFO  ozoneimpl.OzoneContainer (OzoneContainer.java:stop(231)) - Attempting to stop container services.
2019-10-02 00:23:20,054 [main] INFO  impl.RaftServerProxy (RaftServerProxy.java:lambda$close$4(314)) - 46b08147-e058-4424-8100-2a54324fd185: close
2019-10-02 00:23:20,056 [main] INFO  impl.RaftServerImpl (RaftServerImpl.java:lambda$shutdown$3(247)) - 46b08147-e058-4424-8100-2a54324fd185@group-DA51F844C4B8: shutdown
2019-10-02 00:23:20,056 [ForkJoinPool.commonPool-worker-1] INFO  impl.RaftServerImpl (RaftServerImpl.java:lambda$shutdown$3(247)) - 46b08147-e058-4424-8100-2a54324fd185@group-E65543CD1FD8: shutdown
2019-10-02 00:23:20,056 [main] INFO  util.JmxRegister (JmxRegister.java:unregister(73)) - Successfully un-registered JMX Bean with object name Ratis:service=RaftServer,group=group-DA51F844C4B8,id=46b08147-e058-4424-8100-2a54324fd185
2019-10-02 00:23:20,057 [ForkJoinPool.commonPool-worker-1] INFO  util.JmxRegister (JmxRegister.java:unregister(73)) - Successfully un-registered JMX Bean with object name Ratis:service=RaftServer,group=group-E65543CD1FD8,id=46b08147-e058-4424-8100-2a54324fd185
2019-10-02 00:23:20,057 [main] INFO  impl.RoleInfo (RoleInfo.java:shutdownLeaderState(104)) - 46b08147-e058-4424-8100-2a54324fd185: shutdown LeaderState
2019-10-02 00:23:20,057 [ForkJoinPool.commonPool-worker-1] INFO  impl.RoleInfo (RoleInfo.java:shutdownFollowerState(121)) - 46b08147-e058-4424-8100-2a54324fd185: shutdown FollowerState
2019-10-02 00:23:20,058 [main] INFO  impl.PendingRequests (PendingRequests.java:sendNotLeaderResponses(202)) - 46b08147-e058-4424-8100-2a54324fd185@group-DA51F844C4B8-PendingRequests: sendNotLeaderResponses
2019-10-02 00:23:20,058 [46b08147-e058-4424-8100-2a54324fd185@group-E65543CD1FD8-StateMachineUpdater] INFO  ratis.ContainerStateMachine (ContainerStateMachine.java:takeSnapshot(289)) - group-E65543CD1FD8: Taking a snapshot at:(t:1, i:1) file /workdir/hadoop-ozone/integration-test/target/test-dir/MiniOzoneClusterImpl-69d1aaba-645e-4570-a77a-1465b29f52f4/datanode-2/data/ratis/c2b3c3da-15c4-40fa-b4a9-e65543cd1fd8/sm/snapshot.1_1
2019-10-02 00:23:20,058 [Thread-1542] INFO  impl.FollowerState (FollowerState.java:run(117)) - 46b08147-e058-4424-8100-2a54324fd185@group-E65543CD1FD8-FollowerState was interrupted: java.lang.InterruptedException: sleep interrupted
2019-10-02 00:23:20,058 [ForkJoinPool.commonPool-worker-1] INFO  impl.StateMachineUpdater (StateMachineUpdater.java:stopAndJoin(136)) - 46b08147-e058-4424-8100-2a54324fd185@group-E65543CD1FD8-StateMachineUpdater: set stopIndex = 2
2019-10-02 00:23:20,077 [main] INFO  impl.StateMachineUpdater (StateMachineUpdater.java:stopAndJoin(136)) - 46b08147-e058-4424-8100-2a54324fd185@group-DA51F844C4B8-StateMachineUpdater: set stopIndex = 0
2019-10-02 00:23:20,078 [main] INFO  impl.RaftServerImpl (ServerState.java:close(387)) - 46b08147-e058-4424-8100-2a54324fd185@group-DA51F844C4B8: closes. applyIndex: 0
2019-10-02 00:23:20,079 [46b08147-e058-4424-8100-2a54324fd185@group-DA51F844C4B8-SegmentedRaftLogWorker] INFO  segmented.SegmentedRaftLogWorker (SegmentedRaftLogWorker.java:run(316)) - 46b08147-e058-4424-8100-2a54324fd185@group-DA51F844C4B8-SegmentedRaftLogWorker was interrupted, exiting. There are 0 tasks remaining in the queue.
2019-10-02 00:23:20,082 [main] INFO  segmented.SegmentedRaftLogWorker (SegmentedRaftLogWorker.java:close(224)) - 46b08147-e058-4424-8100-2a54324fd185@group-DA51F844C4B8-SegmentedRaftLogWorker close()
2019-10-02 00:23:20,090 [46b08147-e058-4424-8100-2a54324fd185@group-E65543CD1FD8-StateMachineUpdater] INFO  ratis.ContainerStateMachine (ContainerStateMachine.java:takeSnapshot(300)) - group-E65543CD1FD8: Finished taking a snapshot at:(t:1, i:1) file:/workdir/hadoop-ozone/integration-test/target/test-dir/MiniOzoneClusterImpl-69d1aaba-645e-4570-a77a-1465b29f52f4/datanode-2/data/ratis/c2b3c3da-15c4-40fa-b4a9-e65543cd1fd8/sm/snapshot.1_1 time:32
2019-10-02 00:23:20,090 [46b08147-e058-4424-8100-2a54324fd185@group-E65543CD1FD8-StateMachineUpdater] INFO  impl.StateMachineUpdater (StateMachineUpdater.java:takeSnapshot(269)) - 46b08147-e058-4424-8100-2a54324fd185@group-E65543CD1FD8-StateMachineUpdater: Took a snapshot at index 1
2019-10-02 00:23:20,091 [46b08147-e058-4424-8100-2a54324fd185@group-E65543CD1FD8-StateMachineUpdater] INFO  impl.StateMachineUpdater (StateMachineUpdater.java:lambda$new$0(84)) - 46b08147-e058-4424-8100-2a54324fd185@group-E65543CD1FD8-StateMachineUpdater: snapshotIndex: updateIncreasingly -1 -> 1
2019-10-02 00:23:20,091 [46b08147-e058-4424-8100-2a54324fd185@group-E65543CD1FD8-StateMachineUpdater] INFO  ratis.ContainerStateMachine (ContainerStateMachine.java:takeSnapshot(289)) - group-E65543CD1FD8: Taking a snapshot at:(t:1, i:1) file /workdir/hadoop-ozone/integration-test/target/test-dir/MiniOzoneClusterImpl-69d1aaba-645e-4570-a77a-1465b29f52f4/datanode-2/data/ratis/c2b3c3da-15c4-40fa-b4a9-e65543cd1fd8/sm/snapshot.1_1
2019-10-02 00:23:20,103 [46b08147-e058-4424-8100-2a54324fd185@group-E65543CD1FD8-StateMachineUpdater] INFO  ratis.ContainerStateMachine (ContainerStateMachine.java:takeSnapshot(300)) - group-E65543CD1FD8: Finished taking a snapshot at:(t:1, i:1) file:/workdir/hadoop-ozone/integration-test/target/test-dir/MiniOzoneClusterImpl-69d1aaba-645e-4570-a77a-1465b29f52f4/datanode-2/data/ratis/c2b3c3da-15c4-40fa-b4a9-e65543cd1fd8/sm/snapshot.1_1 time:12
2019-10-02 00:23:20,104 [46b08147-e058-4424-8100-2a54324fd185@group-E65543CD1FD8-StateMachineUpdater] INFO  impl.StateMachineUpdater (StateMachineUpdater.java:takeSnapshot(269)) - 46b08147-e058-4424-8100-2a54324fd185@group-E65543CD1FD8-StateMachineUpdater: Took a snapshot at index 1
2019-10-02 00:23:20,104 [46b08147-e058-4424-8100-2a54324fd185@group-E65543CD1FD8-StateMachineUpdater] INFO  impl.StateMachineUpdater (StateMachineUpdater.java:lambda$new$0(84)) - 46b08147-e058-4424-8100-2a54324fd185@group-E65543CD1FD8-StateMachineUpdater: snapshotIndex: updateIncreasingly 1 -> 1
2019-10-02 00:23:20,104 [ForkJoinPool.commonPool-worker-1] INFO  impl.RaftServerImpl (ServerState.java:close(387)) - 46b08147-e058-4424-8100-2a54324fd185@group-E65543CD1FD8: closes. applyIndex: 2
2019-10-02 00:23:20,104 [46b08147-e058-4424-8100-2a54324fd185@group-E65543CD1FD8-SegmentedRaftLogWorker] INFO  segmented.SegmentedRaftLogWorker (SegmentedRaftLogWorker.java:run(316)) - 46b08147-e058-4424-8100-2a54324fd185@group-E65543CD1FD8-SegmentedRaftLogWorker was interrupted, exiting. There are 0 tasks remaining in the queue.
2019-10-02 00:23:20,107 [ForkJoinPool.commonPool-worker-1] INFO  segmented.SegmentedRaftLogWorker (SegmentedRaftLogWorker.java:close(224)) - 46b08147-e058-4424-8100-2a54324fd185@group-E65543CD1FD8-SegmentedRaftLogWorker close()
2019-10-02 00:23:20,112 [main] INFO  server.GrpcService (GrpcService.java:closeImpl(164)) - 46b08147-e058-4424-8100-2a54324fd185: shutdown server with port 37180 now
2019-10-02 00:23:20,113 [grpc-default-executor-1] WARN  server.GrpcServerProtocolService (LogUtils.java:warn(134)) - 46b08147-e058-4424-8100-2a54324fd185: installSnapshot onError, lastRequest: 6e95f05e-e2a5-4890-a0e7-0cff46ac429d->46b08147-e058-4424-8100-2a54324fd185#7-t1, previous=(t:1, i:2), leaderCommit=2, initializing? false, entries: <empty>: org.apache.ratis.thirdparty.io.grpc.StatusRuntimeException: CANCELLED: cancelled before receiving half close
2019-10-02 00:23:20,114 [main] INFO  server.GrpcService (GrpcService.java:closeImpl(172)) - 46b08147-e058-4424-8100-2a54324fd185: shutdown server with port 37180 successfully
2019-10-02 00:23:20,114 [grpc-default-executor-7] WARN  server.GrpcLogAppender (LogUtils.java:warn(134)) - 6e95f05e-e2a5-4890-a0e7-0cff46ac429d@group-E65543CD1FD8->46b08147-e058-4424-8100-2a54324fd185-AppendLogResponseHandler: Failed appendEntries: org.apache.ratis.thirdparty.io.grpc.StatusRuntimeException: CANCELLED: HTTP/2 error code: CANCEL
Received Rst Stream
2019-10-02 00:23:20,114 [grpc-default-executor-7] INFO  impl.FollowerInfo (FollowerInfo.java:lambda$new$0(51)) - 6e95f05e-e2a5-4890-a0e7-0cff46ac429d@group-E65543CD1FD8->46b08147-e058-4424-8100-2a54324fd185: nextIndex: updateUnconditionally 3 -> 2
2019-10-02 00:23:20,116 [refreshUsed-/workdir/hadoop-ozone/integration-test/target/test-dir/MiniOzoneClusterImpl-69d1aaba-645e-4570-a77a-1465b29f52f4/datanode-2/data/containers] WARN  fs.CachingGetSpaceUsed (CachingGetSpaceUsed.java:run(183)) - Thread Interrupted waiting to refresh disk information: sleep interrupted
2019-10-02 00:23:20,136 [main] INFO  utils.BackgroundService (BackgroundService.java:shutdown(148)) - Shutting down service BlockDeletingService
2019-10-02 00:23:20,143 [main] INFO  statemachine.DatanodeStateMachine (DatanodeStateMachine.java:stopDaemon(395)) - Ozone container server stopped.
2019-10-02 00:23:20,145 [main] INFO  handler.ContextHandler (ContextHandler.java:doStop(910)) - Stopped o.e.j.w.WebAppContext@cfd1075{/,null,UNAVAILABLE}{/hddsDatanode}
2019-10-02 00:23:20,146 [main] INFO  server.AbstractConnector (AbstractConnector.java:doStop(318)) - Stopped ServerConnector@45117dd{HTTP/1.1,[http/1.1]}{0.0.0.0:0}
2019-10-02 00:23:20,146 [main] INFO  handler.ContextHandler (ContextHandler.java:doStop(910)) - Stopped o.e.j.s.ServletContextHandler@51e754e1{/static,jar:file:/home/user/.m2/repository/org/apache/hadoop/hadoop-hdds-container-service/0.5.0-SNAPSHOT/hadoop-hdds-container-service-0.5.0-SNAPSHOT.jar!/webapps/static,UNAVAILABLE}
2019-10-02 00:23:20,147 [main] INFO  handler.ContextHandler (ContextHandler.java:doStop(910)) - Stopped o.e.j.s.ServletContextHandler@7fedb795{/logs,file:///workdir/hadoop-ozone/integration-test/target/log,UNAVAILABLE}
2019-10-02 00:23:22,271 [grpc-default-executor-6] WARN  server.GrpcLogAppender (LogUtils.java:warn(134)) - 6e95f05e-e2a5-4890-a0e7-0cff46ac429d@group-E65543CD1FD8->30ddb538-5430-4b07-ac01-3a06f53f55c9-AppendLogResponseHandler: Failed appendEntries: org.apache.ratis.thirdparty.io.grpc.StatusRuntimeException: UNAVAILABLE: io exception
2019-10-02 00:23:22,271 [grpc-default-executor-6] INFO  impl.FollowerInfo (FollowerInfo.java:lambda$new$0(51)) - 6e95f05e-e2a5-4890-a0e7-0cff46ac429d@group-E65543CD1FD8->30ddb538-5430-4b07-ac01-3a06f53f55c9: nextIndex: updateUnconditionally 0 -> 0
2019-10-02 00:23:22,272 [grpc-default-executor-1] WARN  server.GrpcLogAppender (LogUtils.java:warn(134)) - 6e95f05e-e2a5-4890-a0e7-0cff46ac429d@group-E65543CD1FD8->46b08147-e058-4424-8100-2a54324fd185-AppendLogResponseHandler: Failed appendEntries: org.apache.ratis.thirdparty.io.grpc.StatusRuntimeException: UNAVAILABLE: io exception
2019-10-02 00:23:22,273 [grpc-default-executor-1] INFO  impl.FollowerInfo (FollowerInfo.java:lambda$new$0(51)) - 6e95f05e-e2a5-4890-a0e7-0cff46ac429d@group-E65543CD1FD8->46b08147-e058-4424-8100-2a54324fd185: nextIndex: updateUnconditionally 2 -> 1
2019-10-02 00:23:24,777 [grpc-default-executor-1] WARN  server.GrpcLogAppender (LogUtils.java:warn(134)) - 6e95f05e-e2a5-4890-a0e7-0cff46ac429d@group-E65543CD1FD8->30ddb538-5430-4b07-ac01-3a06f53f55c9-AppendLogResponseHandler: Failed appendEntries: org.apache.ratis.thirdparty.io.grpc.StatusRuntimeException: UNAVAILABLE: io exception
2019-10-02 00:23:24,777 [grpc-default-executor-7] WARN  server.GrpcLogAppender (LogUtils.java:warn(134)) - 6e95f05e-e2a5-4890-a0e7-0cff46ac429d@group-E65543CD1FD8->46b08147-e058-4424-8100-2a54324fd185-AppendLogResponseHandler: Failed appendEntries: org.apache.ratis.thirdparty.io.grpc.StatusRuntimeException: UNAVAILABLE: io exception
2019-10-02 00:23:24,778 [grpc-default-executor-1] INFO  impl.FollowerInfo (FollowerInfo.java:lambda$new$0(51)) - 6e95f05e-e2a5-4890-a0e7-0cff46ac429d@group-E65543CD1FD8->30ddb538-5430-4b07-ac01-3a06f53f55c9: nextIndex: updateUnconditionally 0 -> 0
2019-10-02 00:23:24,778 [grpc-default-executor-7] INFO  impl.FollowerInfo (FollowerInfo.java:lambda$new$0(51)) - 6e95f05e-e2a5-4890-a0e7-0cff46ac429d@group-E65543CD1FD8->46b08147-e058-4424-8100-2a54324fd185: nextIndex: updateUnconditionally 1 -> 0
2019-10-02 00:23:27,279 [grpc-default-executor-1] WARN  server.GrpcLogAppender (LogUtils.java:warn(134)) - 6e95f05e-e2a5-4890-a0e7-0cff46ac429d@group-E65543CD1FD8->46b08147-e058-4424-8100-2a54324fd185-AppendLogResponseHandler: Failed appendEntries: org.apache.ratis.thirdparty.io.grpc.StatusRuntimeException: UNAVAILABLE: io exception
2019-10-02 00:23:27,279 [grpc-default-executor-7] WARN  server.GrpcLogAppender (LogUtils.java:warn(134)) - 6e95f05e-e2a5-4890-a0e7-0cff46ac429d@group-E65543CD1FD8->30ddb538-5430-4b07-ac01-3a06f53f55c9-AppendLogResponseHandler: Failed appendEntries: org.apache.ratis.thirdparty.io.grpc.StatusRuntimeException: UNAVAILABLE: io exception
2019-10-02 00:23:27,280 [grpc-default-executor-7] INFO  impl.FollowerInfo (FollowerInfo.java:lambda$new$0(51)) - 6e95f05e-e2a5-4890-a0e7-0cff46ac429d@group-E65543CD1FD8->30ddb538-5430-4b07-ac01-3a06f53f55c9: nextIndex: updateUnconditionally 0 -> 0
2019-10-02 00:23:27,280 [grpc-default-executor-1] INFO  impl.FollowerInfo (FollowerInfo.java:lambda$new$0(51)) - 6e95f05e-e2a5-4890-a0e7-0cff46ac429d@group-E65543CD1FD8->46b08147-e058-4424-8100-2a54324fd185: nextIndex: updateUnconditionally 0 -> 0
2019-10-02 00:23:29,777 [grpc-default-executor-1] WARN  server.GrpcLogAppender (LogUtils.java:warn(134)) - 6e95f05e-e2a5-4890-a0e7-0cff46ac429d@group-E65543CD1FD8->30ddb538-5430-4b07-ac01-3a06f53f55c9-AppendLogResponseHandler: Failed appendEntries: org.apache.ratis.thirdparty.io.grpc.StatusRuntimeException: UNAVAILABLE: io exception
2019-10-02 00:23:29,777 [grpc-default-executor-6] WARN  server.GrpcLogAppender (LogUtils.java:warn(134)) - 6e95f05e-e2a5-4890-a0e7-0cff46ac429d@group-E65543CD1FD8->46b08147-e058-4424-8100-2a54324fd185-AppendLogResponseHandler: Failed appendEntries: org.apache.ratis.thirdparty.io.grpc.StatusRuntimeException: UNAVAILABLE: io exception
2019-10-02 00:23:29,777 [grpc-default-executor-1] INFO  impl.FollowerInfo (FollowerInfo.java:lambda$new$0(51)) - 6e95f05e-e2a5-4890-a0e7-0cff46ac429d@group-E65543CD1FD8->30ddb538-5430-4b07-ac01-3a06f53f55c9: nextIndex: updateUnconditionally 0 -> 0
2019-10-02 00:23:29,778 [grpc-default-executor-6] INFO  impl.FollowerInfo (FollowerInfo.java:lambda$new$0(51)) - 6e95f05e-e2a5-4890-a0e7-0cff46ac429d@group-E65543CD1FD8->46b08147-e058-4424-8100-2a54324fd185: nextIndex: updateUnconditionally 0 -> 0
2019-10-02 00:23:30,571 [Thread-1607] INFO  client.GrpcClientProtocolService (GrpcClientProtocolService.java:lambda$processClientRequest$0(278)) - Failed RaftClientRequest:client-047231CE5FD0->6e95f05e-e2a5-4890-a0e7-0cff46ac429d@group-E65543CD1FD8, cid=67, seq=0, Watch-ALL_COMMITTED(36), Message:<EMPTY>, reply=RaftClientReply:client-047231CE5FD0->6e95f05e-e2a5-4890-a0e7-0cff46ac429d@group-E65543CD1FD8, cid=67, FAILED org.apache.ratis.protocol.NotReplicatedException: Request with call Id 67 and log index 36 is not yet replicated to ALL_COMMITTED, logIndex=36, commits[6e95f05e-e2a5-4890-a0e7-0cff46ac429d:c2, 30ddb538-5430-4b07-ac01-3a06f53f55c9:c2, 46b08147-e058-4424-8100-2a54324fd185:c2]
2019-10-02 00:23:32,278 [grpc-default-executor-10] WARN  server.GrpcLogAppender (LogUtils.java:warn(134)) - 6e95f05e-e2a5-4890-a0e7-0cff46ac429d@group-E65543CD1FD8->30ddb538-5430-4b07-ac01-3a06f53f55c9-AppendLogResponseHandler: Failed appendEntries: org.apache.ratis.thirdparty.io.grpc.StatusRuntimeException: UNAVAILABLE: io exception
2019-10-02 00:23:32,279 [grpc-default-executor-9] WARN  server.GrpcLogAppender (LogUtils.java:warn(134)) - 6e95f05e-e2a5-4890-a0e7-0cff46ac429d@group-E65543CD1FD8->46b08147-e058-4424-8100-2a54324fd185-AppendLogResponseHandler: Failed appendEntries: org.apache.ratis.thirdparty.io.grpc.StatusRuntimeException: UNAVAILABLE: io exception
2019-10-02 00:23:32,279 [grpc-default-executor-10] INFO  impl.FollowerInfo (FollowerInfo.java:lambda$new$0(51)) - 6e95f05e-e2a5-4890-a0e7-0cff46ac429d@group-E65543CD1FD8->30ddb538-5430-4b07-ac01-3a06f53f55c9: nextIndex: updateUnconditionally 0 -> 0
2019-10-02 00:23:32,279 [grpc-default-executor-9] INFO  impl.FollowerInfo (FollowerInfo.java:lambda$new$0(51)) - 6e95f05e-e2a5-4890-a0e7-0cff46ac429d@group-E65543CD1FD8->46b08147-e058-4424-8100-2a54324fd185: nextIndex: updateUnconditionally 0 -> 0
2019-10-02 00:23:34,781 [grpc-default-executor-8] WARN  server.GrpcLogAppender (LogUtils.java:warn(134)) - 6e95f05e-e2a5-4890-a0e7-0cff46ac429d@group-E65543CD1FD8->30ddb538-5430-4b07-ac01-3a06f53f55c9-AppendLogResponseHandler: Failed appendEntries: org.apache.ratis.thirdparty.io.grpc.StatusRuntimeException: UNAVAILABLE: io exception
2019-10-02 00:23:34,781 [grpc-default-executor-6] WARN  server.GrpcLogAppender (LogUtils.java:warn(134)) - 6e95f05e-e2a5-4890-a0e7-0cff46ac429d@group-E65543CD1FD8->46b08147-e058-4424-8100-2a54324fd185-AppendLogResponseHandler: Failed appendEntries: org.apache.ratis.thirdparty.io.grpc.StatusRuntimeException: UNAVAILABLE: io exception
2019-10-02 00:23:34,782 [grpc-default-executor-8] INFO  impl.FollowerInfo (FollowerInfo.java:lambda$new$0(51)) - 6e95f05e-e2a5-4890-a0e7-0cff46ac429d@group-E65543CD1FD8->30ddb538-5430-4b07-ac01-3a06f53f55c9: nextIndex: updateUnconditionally 0 -> 0
2019-10-02 00:23:34,782 [grpc-default-executor-6] INFO  impl.FollowerInfo (FollowerInfo.java:lambda$new$0(51)) - 6e95f05e-e2a5-4890-a0e7-0cff46ac429d@group-E65543CD1FD8->46b08147-e058-4424-8100-2a54324fd185: nextIndex: updateUnconditionally 0 -> 0
2019-10-02 00:23:37,283 [grpc-default-executor-6] WARN  server.GrpcLogAppender (LogUtils.java:warn(134)) - 6e95f05e-e2a5-4890-a0e7-0cff46ac429d@group-E65543CD1FD8->30ddb538-5430-4b07-ac01-3a06f53f55c9-AppendLogResponseHandler: Failed appendEntries: org.apache.ratis.thirdparty.io.grpc.StatusRuntimeException: UNAVAILABLE: io exception
2019-10-02 00:23:37,283 [grpc-default-executor-8] WARN  server.GrpcLogAppender (LogUtils.java:warn(134)) - 6e95f05e-e2a5-4890-a0e7-0cff46ac429d@group-E65543CD1FD8->46b08147-e058-4424-8100-2a54324fd185-AppendLogResponseHandler: Failed appendEntries: org.apache.ratis.thirdparty.io.grpc.StatusRuntimeException: UNAVAILABLE: io exception
2019-10-02 00:23:37,284 [grpc-default-executor-6] INFO  impl.FollowerInfo (FollowerInfo.java:lambda$new$0(51)) - 6e95f05e-e2a5-4890-a0e7-0cff46ac429d@group-E65543CD1FD8->30ddb538-5430-4b07-ac01-3a06f53f55c9: nextIndex: updateUnconditionally 0 -> 0
2019-10-02 00:23:37,284 [grpc-default-executor-8] INFO  impl.FollowerInfo (FollowerInfo.java:lambda$new$0(51)) - 6e95f05e-e2a5-4890-a0e7-0cff46ac429d@group-E65543CD1FD8->46b08147-e058-4424-8100-2a54324fd185: nextIndex: updateUnconditionally 0 -> 0
2019-10-02 00:23:39,783 [grpc-default-executor-9] WARN  server.GrpcLogAppender (LogUtils.java:warn(134)) - 6e95f05e-e2a5-4890-a0e7-0cff46ac429d@group-E65543CD1FD8->46b08147-e058-4424-8100-2a54324fd185-AppendLogResponseHandler: Failed appendEntries: org.apache.ratis.thirdparty.io.grpc.StatusRuntimeException: UNAVAILABLE: io exception
2019-10-02 00:23:39,783 [grpc-default-executor-10] WARN  server.GrpcLogAppender (LogUtils.java:warn(134)) - 6e95f05e-e2a5-4890-a0e7-0cff46ac429d@group-E65543CD1FD8->30ddb538-5430-4b07-ac01-3a06f53f55c9-AppendLogResponseHandler: Failed appendEntries: org.apache.ratis.thirdparty.io.grpc.StatusRuntimeException: UNAVAILABLE: io exception
2019-10-02 00:23:39,784 [grpc-default-executor-9] INFO  impl.FollowerInfo (FollowerInfo.java:lambda$new$0(51)) - 6e95f05e-e2a5-4890-a0e7-0cff46ac429d@group-E65543CD1FD8->46b08147-e058-4424-8100-2a54324fd185: nextIndex: updateUnconditionally 0 -> 0
2019-10-02 00:23:39,784 [grpc-default-executor-10] INFO  impl.FollowerInfo (FollowerInfo.java:lambda$new$0(51)) - 6e95f05e-e2a5-4890-a0e7-0cff46ac429d@group-E65543CD1FD8->30ddb538-5430-4b07-ac01-3a06f53f55c9: nextIndex: updateUnconditionally 0 -> 0
2019-10-02 00:23:40,150 [main] WARN  scm.XceiverClientRatis (XceiverClientRatis.java:watchForCommit(292)) - 3 way commit failed on pipeline Pipeline[ Id: c2b3c3da-15c4-40fa-b4a9-e65543cd1fd8, Nodes: 30ddb538-5430-4b07-ac01-3a06f53f55c9{ip: 192.168.30.63, host: pr-hdds-2201-rename-25sj9-3976918760, networkLocation: /default-rack, certSerialId: null}46b08147-e058-4424-8100-2a54324fd185{ip: 192.168.30.63, host: pr-hdds-2201-rename-25sj9-3976918760, networkLocation: /default-rack, certSerialId: null}6e95f05e-e2a5-4890-a0e7-0cff46ac429d{ip: 192.168.30.63, host: pr-hdds-2201-rename-25sj9-3976918760, networkLocation: /default-rack, certSerialId: null}, Type:RATIS, Factor:THREE, State:OPEN]
java.util.concurrent.TimeoutException
	at java.util.concurrent.CompletableFuture.timedGet(CompletableFuture.java:1771)
	at java.util.concurrent.CompletableFuture.get(CompletableFuture.java:1915)
	at org.apache.hadoop.hdds.scm.XceiverClientRatis.watchForCommit(XceiverClientRatis.java:289)
	at org.apache.hadoop.ozone.client.rpc.TestWatchForCommit.testWatchForCommitForRetryfailure(TestWatchForCommit.java:345)
	at sun.reflect.NativeMethodAccessorImpl.invoke0(Native Method)
	at sun.reflect.NativeMethodAccessorImpl.invoke(NativeMethodAccessorImpl.java:62)
	at sun.reflect.DelegatingMethodAccessorImpl.invoke(DelegatingMethodAccessorImpl.java:43)
	at java.lang.reflect.Method.invoke(Method.java:498)
	at org.junit.runners.model.FrameworkMethod$1.runReflectiveCall(FrameworkMethod.java:47)
	at org.junit.internal.runners.model.ReflectiveCallable.run(ReflectiveCallable.java:12)
	at org.junit.runners.model.FrameworkMethod.invokeExplosively(FrameworkMethod.java:44)
	at org.junit.internal.runners.statements.InvokeMethod.evaluate(InvokeMethod.java:17)
	at org.junit.runners.ParentRunner.runLeaf(ParentRunner.java:271)
	at org.junit.runners.BlockJUnit4ClassRunner.runChild(BlockJUnit4ClassRunner.java:70)
	at org.junit.runners.BlockJUnit4ClassRunner.runChild(BlockJUnit4ClassRunner.java:50)
	at org.junit.runners.ParentRunner$3.run(ParentRunner.java:238)
	at org.junit.runners.ParentRunner$1.schedule(ParentRunner.java:63)
	at org.junit.runners.ParentRunner.runChildren(ParentRunner.java:236)
	at org.junit.runners.ParentRunner.access$000(ParentRunner.java:53)
	at org.junit.runners.ParentRunner$2.evaluate(ParentRunner.java:229)
	at org.junit.runners.ParentRunner.run(ParentRunner.java:309)
	at org.apache.maven.surefire.junit4.JUnit4Provider.execute(JUnit4Provider.java:365)
	at org.apache.maven.surefire.junit4.JUnit4Provider.executeWithRerun(JUnit4Provider.java:273)
	at org.apache.maven.surefire.junit4.JUnit4Provider.executeTestSet(JUnit4Provider.java:238)
	at org.apache.maven.surefire.junit4.JUnit4Provider.invoke(JUnit4Provider.java:159)
	at org.apache.maven.surefire.booter.ForkedBooter.invokeProviderInSameClassLoader(ForkedBooter.java:384)
	at org.apache.maven.surefire.booter.ForkedBooter.runSuitesInProcess(ForkedBooter.java:345)
	at org.apache.maven.surefire.booter.ForkedBooter.execute(ForkedBooter.java:126)
	at org.apache.maven.surefire.booter.ForkedBooter.main(ForkedBooter.java:418)
2019-10-02 00:23:40,563 [Thread-1620] INFO  client.GrpcClientProtocolService (GrpcClientProtocolService.java:lambda$processClientRequest$0(278)) - Failed RaftClientRequest:client-047231CE5FD0->6e95f05e-e2a5-4890-a0e7-0cff46ac429d@group-E65543CD1FD8, cid=67, seq=0, Watch-ALL_COMMITTED(36), Message:<EMPTY>, reply=RaftClientReply:client-047231CE5FD0->6e95f05e-e2a5-4890-a0e7-0cff46ac429d@group-E65543CD1FD8, cid=67, FAILED org.apache.ratis.protocol.NotReplicatedException: Request with call Id 67 and log index 36 is not yet replicated to ALL_COMMITTED, logIndex=36, commits[6e95f05e-e2a5-4890-a0e7-0cff46ac429d:c2, 30ddb538-5430-4b07-ac01-3a06f53f55c9:c2, 46b08147-e058-4424-8100-2a54324fd185:c2]
2019-10-02 00:23:42,288 [grpc-default-executor-10] WARN  server.GrpcLogAppender (LogUtils.java:warn(134)) - 6e95f05e-e2a5-4890-a0e7-0cff46ac429d@group-E65543CD1FD8->30ddb538-5430-4b07-ac01-3a06f53f55c9-AppendLogResponseHandler: Failed appendEntries: org.apache.ratis.thirdparty.io.grpc.StatusRuntimeException: UNAVAILABLE: io exception
2019-10-02 00:23:42,288 [grpc-default-executor-9] WARN  server.GrpcLogAppender (LogUtils.java:warn(134)) - 6e95f05e-e2a5-4890-a0e7-0cff46ac429d@group-E65543CD1FD8->46b08147-e058-4424-8100-2a54324fd185-AppendLogResponseHandler: Failed appendEntries: org.apache.ratis.thirdparty.io.grpc.StatusRuntimeException: UNAVAILABLE: io exception
2019-10-02 00:23:42,289 [grpc-default-executor-10] INFO  impl.FollowerInfo (FollowerInfo.java:lambda$new$0(51)) - 6e95f05e-e2a5-4890-a0e7-0cff46ac429d@group-E65543CD1FD8->30ddb538-5430-4b07-ac01-3a06f53f55c9: nextIndex: updateUnconditionally 0 -> 0
2019-10-02 00:23:42,289 [grpc-default-executor-9] INFO  impl.FollowerInfo (FollowerInfo.java:lambda$new$0(51)) - 6e95f05e-e2a5-4890-a0e7-0cff46ac429d@group-E65543CD1FD8->46b08147-e058-4424-8100-2a54324fd185: nextIndex: updateUnconditionally 0 -> 0
2019-10-02 00:23:44,793 [grpc-default-executor-9] WARN  server.GrpcLogAppender (LogUtils.java:warn(134)) - 6e95f05e-e2a5-4890-a0e7-0cff46ac429d@group-E65543CD1FD8->30ddb538-5430-4b07-ac01-3a06f53f55c9-AppendLogResponseHandler: Failed appendEntries: org.apache.ratis.thirdparty.io.grpc.StatusRuntimeException: UNAVAILABLE: io exception
2019-10-02 00:23:44,793 [grpc-default-executor-7] WARN  server.GrpcLogAppender (LogUtils.java:warn(134)) - 6e95f05e-e2a5-4890-a0e7-0cff46ac429d@group-E65543CD1FD8->46b08147-e058-4424-8100-2a54324fd185-AppendLogResponseHandler: Failed appendEntries: org.apache.ratis.thirdparty.io.grpc.StatusRuntimeException: UNAVAILABLE: io exception
2019-10-02 00:23:44,794 [grpc-default-executor-9] INFO  impl.FollowerInfo (FollowerInfo.java:lambda$new$0(51)) - 6e95f05e-e2a5-4890-a0e7-0cff46ac429d@group-E65543CD1FD8->30ddb538-5430-4b07-ac01-3a06f53f55c9: nextIndex: updateUnconditionally 0 -> 0
2019-10-02 00:23:44,794 [grpc-default-executor-7] INFO  impl.FollowerInfo (FollowerInfo.java:lambda$new$0(51)) - 6e95f05e-e2a5-4890-a0e7-0cff46ac429d@group-E65543CD1FD8->46b08147-e058-4424-8100-2a54324fd185: nextIndex: updateUnconditionally 0 -> 0
2019-10-02 00:23:47,296 [grpc-default-executor-7] WARN  server.GrpcLogAppender (LogUtils.java:warn(134)) - 6e95f05e-e2a5-4890-a0e7-0cff46ac429d@group-E65543CD1FD8->30ddb538-5430-4b07-ac01-3a06f53f55c9-AppendLogResponseHandler: Failed appendEntries: org.apache.ratis.thirdparty.io.grpc.StatusRuntimeException: UNAVAILABLE: io exception
2019-10-02 00:23:47,296 [grpc-default-executor-9] WARN  server.GrpcLogAppender (LogUtils.java:warn(134)) - 6e95f05e-e2a5-4890-a0e7-0cff46ac429d@group-E65543CD1FD8->46b08147-e058-4424-8100-2a54324fd185-AppendLogResponseHandler: Failed appendEntries: org.apache.ratis.thirdparty.io.grpc.StatusRuntimeException: UNAVAILABLE: io exception
2019-10-02 00:23:47,297 [grpc-default-executor-7] INFO  impl.FollowerInfo (FollowerInfo.java:lambda$new$0(51)) - 6e95f05e-e2a5-4890-a0e7-0cff46ac429d@group-E65543CD1FD8->30ddb538-5430-4b07-ac01-3a06f53f55c9: nextIndex: updateUnconditionally 0 -> 0
2019-10-02 00:23:47,297 [grpc-default-executor-9] INFO  impl.FollowerInfo (FollowerInfo.java:lambda$new$0(51)) - 6e95f05e-e2a5-4890-a0e7-0cff46ac429d@group-E65543CD1FD8->46b08147-e058-4424-8100-2a54324fd185: nextIndex: updateUnconditionally 0 -> 0
2019-10-02 00:23:49,798 [grpc-default-executor-9] WARN  server.GrpcLogAppender (LogUtils.java:warn(134)) - 6e95f05e-e2a5-4890-a0e7-0cff46ac429d@group-E65543CD1FD8->46b08147-e058-4424-8100-2a54324fd185-AppendLogResponseHandler: Failed appendEntries: org.apache.ratis.thirdparty.io.grpc.StatusRuntimeException: UNAVAILABLE: io exception
2019-10-02 00:23:49,798 [grpc-default-executor-7] WARN  server.GrpcLogAppender (LogUtils.java:warn(134)) - 6e95f05e-e2a5-4890-a0e7-0cff46ac429d@group-E65543CD1FD8->30ddb538-5430-4b07-ac01-3a06f53f55c9-AppendLogResponseHandler: Failed appendEntries: org.apache.ratis.thirdparty.io.grpc.StatusRuntimeException: UNAVAILABLE: io exception
2019-10-02 00:23:49,799 [grpc-default-executor-9] INFO  impl.FollowerInfo (FollowerInfo.java:lambda$new$0(51)) - 6e95f05e-e2a5-4890-a0e7-0cff46ac429d@group-E65543CD1FD8->46b08147-e058-4424-8100-2a54324fd185: nextIndex: updateUnconditionally 0 -> 0
2019-10-02 00:23:49,799 [grpc-default-executor-7] INFO  impl.FollowerInfo (FollowerInfo.java:lambda$new$0(51)) - 6e95f05e-e2a5-4890-a0e7-0cff46ac429d@group-E65543CD1FD8->30ddb538-5430-4b07-ac01-3a06f53f55c9: nextIndex: updateUnconditionally 0 -> 0
2019-10-02 00:23:50,563 [Thread-1635] INFO  client.GrpcClientProtocolService (GrpcClientProtocolService.java:lambda$processClientRequest$0(278)) - Failed RaftClientRequest:client-047231CE5FD0->6e95f05e-e2a5-4890-a0e7-0cff46ac429d@group-E65543CD1FD8, cid=67, seq=0, Watch-ALL_COMMITTED(36), Message:<EMPTY>, reply=RaftClientReply:client-047231CE5FD0->6e95f05e-e2a5-4890-a0e7-0cff46ac429d@group-E65543CD1FD8, cid=67, FAILED org.apache.ratis.protocol.NotReplicatedException: Request with call Id 67 and log index 36 is not yet replicated to ALL_COMMITTED, logIndex=36, commits[6e95f05e-e2a5-4890-a0e7-0cff46ac429d:c2, 30ddb538-5430-4b07-ac01-3a06f53f55c9:c2, 46b08147-e058-4424-8100-2a54324fd185:c2]
2019-10-02 00:23:50,567 [Thread-1636] INFO  client.GrpcClientProtocolService (GrpcClientProtocolService.java:lambda$processClientRequest$0(278)) - Failed RaftClientRequest:client-047231CE5FD0->6e95f05e-e2a5-4890-a0e7-0cff46ac429d@group-E65543CD1FD8, cid=68, seq=0, Watch-MAJORITY_COMMITTED(36), Message:<EMPTY>, reply=RaftClientReply:client-047231CE5FD0->6e95f05e-e2a5-4890-a0e7-0cff46ac429d@group-E65543CD1FD8, cid=68, FAILED org.apache.ratis.protocol.NotReplicatedException: Request with call Id 68 and log index 36 is not yet replicated to MAJORITY_COMMITTED, logIndex=36, commits[6e95f05e-e2a5-4890-a0e7-0cff46ac429d:c2, 30ddb538-5430-4b07-ac01-3a06f53f55c9:c2, 46b08147-e058-4424-8100-2a54324fd185:c2]
2019-10-02 00:23:52,302 [grpc-default-executor-10] WARN  server.GrpcLogAppender (LogUtils.java:warn(134)) - 6e95f05e-e2a5-4890-a0e7-0cff46ac429d@group-E65543CD1FD8->30ddb538-5430-4b07-ac01-3a06f53f55c9-AppendLogResponseHandler: Failed appendEntries: org.apache.ratis.thirdparty.io.grpc.StatusRuntimeException: UNAVAILABLE: io exception
2019-10-02 00:23:52,302 [grpc-default-executor-1] WARN  server.GrpcLogAppender (LogUtils.java:warn(134)) - 6e95f05e-e2a5-4890-a0e7-0cff46ac429d@group-E65543CD1FD8->46b08147-e058-4424-8100-2a54324fd185-AppendLogResponseHandler: Failed appendEntries: org.apache.ratis.thirdparty.io.grpc.StatusRuntimeException: UNAVAILABLE: io exception
2019-10-02 00:23:52,303 [grpc-default-executor-10] INFO  impl.FollowerInfo (FollowerInfo.java:lambda$new$0(51)) - 6e95f05e-e2a5-4890-a0e7-0cff46ac429d@group-E65543CD1FD8->30ddb538-5430-4b07-ac01-3a06f53f55c9: nextIndex: updateUnconditionally 0 -> 0
2019-10-02 00:23:52,303 [grpc-default-executor-1] INFO  impl.FollowerInfo (FollowerInfo.java:lambda$new$0(51)) - 6e95f05e-e2a5-4890-a0e7-0cff46ac429d@group-E65543CD1FD8->46b08147-e058-4424-8100-2a54324fd185: nextIndex: updateUnconditionally 0 -> 0
2019-10-02 00:23:54,806 [grpc-default-executor-10] WARN  server.GrpcLogAppender (LogUtils.java:warn(134)) - 6e95f05e-e2a5-4890-a0e7-0cff46ac429d@group-E65543CD1FD8->46b08147-e058-4424-8100-2a54324fd185-AppendLogResponseHandler: Failed appendEntries: org.apache.ratis.thirdparty.io.grpc.StatusRuntimeException: UNAVAILABLE: io exception
2019-10-02 00:23:54,806 [grpc-default-executor-1] WARN  server.GrpcLogAppender (LogUtils.java:warn(134)) - 6e95f05e-e2a5-4890-a0e7-0cff46ac429d@group-E65543CD1FD8->30ddb538-5430-4b07-ac01-3a06f53f55c9-AppendLogResponseHandler: Failed appendEntries: org.apache.ratis.thirdparty.io.grpc.StatusRuntimeException: UNAVAILABLE: io exception
2019-10-02 00:23:54,807 [grpc-default-executor-10] INFO  impl.FollowerInfo (FollowerInfo.java:lambda$new$0(51)) - 6e95f05e-e2a5-4890-a0e7-0cff46ac429d@group-E65543CD1FD8->46b08147-e058-4424-8100-2a54324fd185: nextIndex: updateUnconditionally 0 -> 0
2019-10-02 00:23:54,807 [grpc-default-executor-1] INFO  impl.FollowerInfo (FollowerInfo.java:lambda$new$0(51)) - 6e95f05e-e2a5-4890-a0e7-0cff46ac429d@group-E65543CD1FD8->30ddb538-5430-4b07-ac01-3a06f53f55c9: nextIndex: updateUnconditionally 0 -> 0
2019-10-02 00:23:57,305 [grpc-default-executor-8] WARN  server.GrpcLogAppender (LogUtils.java:warn(134)) - 6e95f05e-e2a5-4890-a0e7-0cff46ac429d@group-E65543CD1FD8->46b08147-e058-4424-8100-2a54324fd185-AppendLogResponseHandler: Failed appendEntries: org.apache.ratis.thirdparty.io.grpc.StatusRuntimeException: UNAVAILABLE: io exception
2019-10-02 00:23:57,305 [grpc-default-executor-10] WARN  server.GrpcLogAppender (LogUtils.java:warn(134)) - 6e95f05e-e2a5-4890-a0e7-0cff46ac429d@group-E65543CD1FD8->30ddb538-5430-4b07-ac01-3a06f53f55c9-AppendLogResponseHandler: Failed appendEntries: org.apache.ratis.thirdparty.io.grpc.StatusRuntimeException: UNAVAILABLE: io exception
2019-10-02 00:23:57,306 [grpc-default-executor-8] INFO  impl.FollowerInfo (FollowerInfo.java:lambda$new$0(51)) - 6e95f05e-e2a5-4890-a0e7-0cff46ac429d@group-E65543CD1FD8->46b08147-e058-4424-8100-2a54324fd185: nextIndex: updateUnconditionally 0 -> 0
2019-10-02 00:23:57,306 [grpc-default-executor-10] INFO  impl.FollowerInfo (FollowerInfo.java:lambda$new$0(51)) - 6e95f05e-e2a5-4890-a0e7-0cff46ac429d@group-E65543CD1FD8->30ddb538-5430-4b07-ac01-3a06f53f55c9: nextIndex: updateUnconditionally 0 -> 0
2019-10-02 00:23:59,806 [grpc-default-executor-9] WARN  server.GrpcLogAppender (LogUtils.java:warn(134)) - 6e95f05e-e2a5-4890-a0e7-0cff46ac429d@group-E65543CD1FD8->30ddb538-5430-4b07-ac01-3a06f53f55c9-AppendLogResponseHandler: Failed appendEntries: org.apache.ratis.thirdparty.io.grpc.StatusRuntimeException: UNAVAILABLE: io exception
2019-10-02 00:23:59,806 [grpc-default-executor-10] WARN  server.GrpcLogAppender (LogUtils.java:warn(134)) - 6e95f05e-e2a5-4890-a0e7-0cff46ac429d@group-E65543CD1FD8->46b08147-e058-4424-8100-2a54324fd185-AppendLogResponseHandler: Failed appendEntries: org.apache.ratis.thirdparty.io.grpc.StatusRuntimeException: UNAVAILABLE: io exception
2019-10-02 00:23:59,806 [grpc-default-executor-9] INFO  impl.FollowerInfo (FollowerInfo.java:lambda$new$0(51)) - 6e95f05e-e2a5-4890-a0e7-0cff46ac429d@group-E65543CD1FD8->30ddb538-5430-4b07-ac01-3a06f53f55c9: nextIndex: updateUnconditionally 0 -> 0
2019-10-02 00:23:59,806 [grpc-default-executor-10] INFO  impl.FollowerInfo (FollowerInfo.java:lambda$new$0(51)) - 6e95f05e-e2a5-4890-a0e7-0cff46ac429d@group-E65543CD1FD8->46b08147-e058-4424-8100-2a54324fd185: nextIndex: updateUnconditionally 0 -> 0
]]></system-out>
    <system-err><![CDATA[Oct 02, 2019 12:23:15 AM org.apache.ratis.thirdparty.io.grpc.internal.SerializingExecutor run
SEVERE: Exception while executing runnable org.apache.ratis.thirdparty.io.grpc.internal.ServerImpl$JumpToApplicationThreadServerStreamListener$1Closed@44bcd089
org.apache.ratis.thirdparty.io.grpc.StatusRuntimeException: CANCELLED: call already cancelled
	at org.apache.ratis.thirdparty.io.grpc.Status.asRuntimeException(Status.java:517)
	at org.apache.ratis.thirdparty.io.grpc.stub.ServerCalls$ServerCallStreamObserverImpl.onCompleted(ServerCalls.java:356)
	at org.apache.ratis.grpc.server.GrpcServerProtocolService$ServerRequestStreamObserver.onError(GrpcServerProtocolService.java:121)
	at org.apache.ratis.thirdparty.io.grpc.stub.ServerCalls$StreamingServerCallHandler$StreamingServerCallListener.onCancel(ServerCalls.java:269)
	at org.apache.ratis.thirdparty.io.grpc.internal.ServerCallImpl$ServerStreamListenerImpl.closed(ServerCallImpl.java:293)
	at org.apache.ratis.thirdparty.io.grpc.internal.ServerImpl$JumpToApplicationThreadServerStreamListener$1Closed.runInContext(ServerImpl.java:741)
	at org.apache.ratis.thirdparty.io.grpc.internal.ContextRunnable.run(ContextRunnable.java:37)
	at org.apache.ratis.thirdparty.io.grpc.internal.SerializingExecutor.run(SerializingExecutor.java:123)
	at java.util.concurrent.ThreadPoolExecutor.runWorker(ThreadPoolExecutor.java:1149)
	at java.util.concurrent.ThreadPoolExecutor$Worker.run(ThreadPoolExecutor.java:624)
	at java.lang.Thread.run(Thread.java:748)

Oct 02, 2019 12:23:20 AM org.apache.ratis.thirdparty.io.grpc.internal.SerializingExecutor run
SEVERE: Exception while executing runnable org.apache.ratis.thirdparty.io.grpc.internal.ServerImpl$JumpToApplicationThreadServerStreamListener$1Closed@2475496
org.apache.ratis.thirdparty.io.grpc.StatusRuntimeException: CANCELLED: call already cancelled
	at org.apache.ratis.thirdparty.io.grpc.Status.asRuntimeException(Status.java:517)
	at org.apache.ratis.thirdparty.io.grpc.stub.ServerCalls$ServerCallStreamObserverImpl.onCompleted(ServerCalls.java:356)
	at org.apache.ratis.grpc.server.GrpcServerProtocolService$ServerRequestStreamObserver.onError(GrpcServerProtocolService.java:121)
	at org.apache.ratis.thirdparty.io.grpc.stub.ServerCalls$StreamingServerCallHandler$StreamingServerCallListener.onCancel(ServerCalls.java:269)
	at org.apache.ratis.thirdparty.io.grpc.internal.ServerCallImpl$ServerStreamListenerImpl.closed(ServerCallImpl.java:293)
	at org.apache.ratis.thirdparty.io.grpc.internal.ServerImpl$JumpToApplicationThreadServerStreamListener$1Closed.runInContext(ServerImpl.java:741)
	at org.apache.ratis.thirdparty.io.grpc.internal.ContextRunnable.run(ContextRunnable.java:37)
	at org.apache.ratis.thirdparty.io.grpc.internal.SerializingExecutor.run(SerializingExecutor.java:123)
	at java.util.concurrent.ThreadPoolExecutor.runWorker(ThreadPoolExecutor.java:1149)
	at java.util.concurrent.ThreadPoolExecutor$Worker.run(ThreadPoolExecutor.java:624)
	at java.lang.Thread.run(Thread.java:748)

]]></system-err>
  </testcase>
  <testcase name="testWatchForCommitForGroupMismatchException" classname="org.apache.hadoop.ozone.client.rpc.TestWatchForCommit" time="33.579"/>
  <testcase name="test2WayCommitForTimeoutException" classname="org.apache.hadoop.ozone.client.rpc.TestWatchForCommit" time="23.769">
    <error type="java.util.concurrent.TimeoutException">java.util.concurrent.TimeoutException
	at java.util.concurrent.CompletableFuture.timedGet(CompletableFuture.java:1771)
	at java.util.concurrent.CompletableFuture.get(CompletableFuture.java:1915)
	at org.apache.hadoop.hdds.scm.XceiverClientRatis.watchForCommit(XceiverClientRatis.java:298)
	at org.apache.hadoop.ozone.client.rpc.TestWatchForCommit.test2WayCommitForTimeoutException(TestWatchForCommit.java:391)
	at sun.reflect.NativeMethodAccessorImpl.invoke0(Native Method)
	at sun.reflect.NativeMethodAccessorImpl.invoke(NativeMethodAccessorImpl.java:62)
	at sun.reflect.DelegatingMethodAccessorImpl.invoke(DelegatingMethodAccessorImpl.java:43)
	at java.lang.reflect.Method.invoke(Method.java:498)
	at org.junit.runners.model.FrameworkMethod$1.runReflectiveCall(FrameworkMethod.java:47)
	at org.junit.internal.runners.model.ReflectiveCallable.run(ReflectiveCallable.java:12)
	at org.junit.runners.model.FrameworkMethod.invokeExplosively(FrameworkMethod.java:44)
	at org.junit.internal.runners.statements.InvokeMethod.evaluate(InvokeMethod.java:17)
	at org.junit.runners.ParentRunner.runLeaf(ParentRunner.java:271)
	at org.junit.runners.BlockJUnit4ClassRunner.runChild(BlockJUnit4ClassRunner.java:70)
	at org.junit.runners.BlockJUnit4ClassRunner.runChild(BlockJUnit4ClassRunner.java:50)
	at org.junit.runners.ParentRunner$3.run(ParentRunner.java:238)
	at org.junit.runners.ParentRunner$1.schedule(ParentRunner.java:63)
	at org.junit.runners.ParentRunner.runChildren(ParentRunner.java:236)
	at org.junit.runners.ParentRunner.access$000(ParentRunner.java:53)
	at org.junit.runners.ParentRunner$2.evaluate(ParentRunner.java:229)
	at org.junit.runners.ParentRunner.run(ParentRunner.java:309)
	at org.apache.maven.surefire.junit4.JUnit4Provider.execute(JUnit4Provider.java:365)
	at org.apache.maven.surefire.junit4.JUnit4Provider.executeWithRerun(JUnit4Provider.java:273)
	at org.apache.maven.surefire.junit4.JUnit4Provider.executeTestSet(JUnit4Provider.java:238)
	at org.apache.maven.surefire.junit4.JUnit4Provider.invoke(JUnit4Provider.java:159)
	at org.apache.maven.surefire.booter.ForkedBooter.invokeProviderInSameClassLoader(ForkedBooter.java:384)
	at org.apache.maven.surefire.booter.ForkedBooter.runSuitesInProcess(ForkedBooter.java:345)
	at org.apache.maven.surefire.booter.ForkedBooter.execute(ForkedBooter.java:126)
	at org.apache.maven.surefire.booter.ForkedBooter.main(ForkedBooter.java:418)
</error>
    <system-out><![CDATA[2019-10-02 00:24:33,766 [main] WARN  server.ServerUtils (ServerUtils.java:getScmDbDir(145)) - ozone.scm.db.dirs is not configured. We recommend adding this setting. Falling back to ozone.metadata.dirs instead.
2019-10-02 00:24:33,792 [main] WARN  server.ServerUtils (ServerUtils.java:getScmDbDir(145)) - ozone.scm.db.dirs is not configured. We recommend adding this setting. Falling back to ozone.metadata.dirs instead.
2019-10-02 00:24:33,792 [main] WARN  server.ServerUtils (ServerUtils.java:getScmDbDir(145)) - ozone.scm.db.dirs is not configured. We recommend adding this setting. Falling back to ozone.metadata.dirs instead.
2019-10-02 00:24:33,792 [main] INFO  db.DBStoreBuilder (DBStoreBuilder.java:addTable(110)) - using custom profile for table: deletedBlocks
2019-10-02 00:24:33,793 [main] INFO  db.DBStoreBuilder (DBStoreBuilder.java:processTables(161)) - Using default column profile:DBProfile.DISK for Table:deletedBlocks
2019-10-02 00:24:33,793 [main] INFO  db.DBStoreBuilder (DBStoreBuilder.java:addTable(110)) - using custom profile for table: validCerts
2019-10-02 00:24:33,793 [main] INFO  db.DBStoreBuilder (DBStoreBuilder.java:processTables(161)) - Using default column profile:DBProfile.DISK for Table:validCerts
2019-10-02 00:24:33,793 [main] INFO  db.DBStoreBuilder (DBStoreBuilder.java:addTable(110)) - using custom profile for table: revokedCerts
2019-10-02 00:24:33,793 [main] INFO  db.DBStoreBuilder (DBStoreBuilder.java:processTables(161)) - Using default column profile:DBProfile.DISK for Table:revokedCerts
2019-10-02 00:24:33,794 [main] INFO  db.DBStoreBuilder (DBStoreBuilder.java:addTable(110)) - using custom profile for table: default
2019-10-02 00:24:33,794 [main] INFO  db.DBStoreBuilder (DBStoreBuilder.java:processTables(167)) - Using default column profile:DBProfile.DISK for Table:default
2019-10-02 00:24:33,794 [main] INFO  db.DBStoreBuilder (DBStoreBuilder.java:getDbProfile(198)) - Using default options. DBProfile.DISK
2019-10-02 00:24:34,115 [main] INFO  net.NodeSchemaLoader (NodeSchemaLoader.java:loadSchemaFromFile(125)) - Loading file from sun.misc.CompoundEnumeration@7558c24b
2019-10-02 00:24:34,115 [main] INFO  net.NodeSchemaLoader (NodeSchemaLoader.java:loadSchema(171)) - Loading network topology layer schema file
2019-10-02 00:24:34,121 [main] WARN  server.ServerUtils (ServerUtils.java:sanitizeUserArgs(70)) - ozone.scm.stale.node.interval value = 300000 is larger than max = 100000 based on the key value of ozone.scm.heartbeat.thread.interval, reset to the max value 100000.
2019-10-02 00:24:34,121 [main] WARN  server.ServerUtils (ServerUtils.java:sanitizeUserArgs(70)) - ozone.scm.stale.node.interval value = 300000 is larger than max = 100000 based on the key value of ozone.scm.heartbeat.thread.interval, reset to the max value 100000.
2019-10-02 00:24:34,121 [main] INFO  node.SCMNodeManager (SCMNodeManager.java:<init>(114)) - Entering startup safe mode.
2019-10-02 00:24:34,122 [main] INFO  algorithms.ContainerPlacementPolicyFactory (ContainerPlacementPolicyFactory.java:getPolicy(57)) - Create container placement policy of type org.apache.hadoop.hdds.scm.container.placement.algorithms.SCMContainerPlacementRandom
2019-10-02 00:24:34,122 [main] WARN  server.ServerUtils (ServerUtils.java:getScmDbDir(145)) - ozone.scm.db.dirs is not configured. We recommend adding this setting. Falling back to ozone.metadata.dirs instead.
2019-10-02 00:24:34,256 [main] INFO  pipeline.SCMPipelineManager (SCMPipelineManager.java:initializePipelineState(132)) - No pipeline exists in current db
2019-10-02 00:24:34,256 [main] WARN  server.ServerUtils (ServerUtils.java:getScmDbDir(145)) - ozone.scm.db.dirs is not configured. We recommend adding this setting. Falling back to ozone.metadata.dirs instead.
2019-10-02 00:24:34,393 [main] WARN  events.EventQueue (EventQueue.java:fireEvent(183)) - No event handler registered for event TypedEvent{payloadType=SafeModeStatus, name='SafeModeStatus'}
2019-10-02 00:24:34,394 [main] INFO  ipc.CallQueueManager (CallQueueManager.java:<init>(84)) - Using callQueue: class java.util.concurrent.LinkedBlockingQueue, queueCapacity: 2000, scheduler: class org.apache.hadoop.ipc.DefaultRpcScheduler, ipcBackoff: false.
2019-10-02 00:24:34,396 [Socket Reader #1 for port 45789] INFO  ipc.Server (Server.java:run(1074)) - Starting Socket Reader #1 for port 45789
2019-10-02 00:24:34,401 [main] INFO  ipc.CallQueueManager (CallQueueManager.java:<init>(84)) - Using callQueue: class java.util.concurrent.LinkedBlockingQueue, queueCapacity: 2000, scheduler: class org.apache.hadoop.ipc.DefaultRpcScheduler, ipcBackoff: false.
2019-10-02 00:24:34,401 [Socket Reader #1 for port 40607] INFO  ipc.Server (Server.java:run(1074)) - Starting Socket Reader #1 for port 40607
2019-10-02 00:24:34,404 [main] INFO  ipc.CallQueueManager (CallQueueManager.java:<init>(84)) - Using callQueue: class java.util.concurrent.LinkedBlockingQueue, queueCapacity: 2000, scheduler: class org.apache.hadoop.ipc.DefaultRpcScheduler, ipcBackoff: false.
2019-10-02 00:24:34,405 [Socket Reader #1 for port 45467] INFO  ipc.Server (Server.java:run(1074)) - Starting Socket Reader #1 for port 45467
2019-10-02 00:24:34,410 [main] INFO  hdfs.DFSUtil (DFSUtil.java:httpServerTemplateForNNAndJN(1641)) - Starting Web-server for scm at: http://0.0.0.0:0
2019-10-02 00:24:34,412 [main] INFO  server.AuthenticationFilter (AuthenticationFilter.java:constructSecretProvider(240)) - Unable to initialize FileSignerSecretProvider, falling back to use random secrets.
2019-10-02 00:24:34,413 [main] WARN  http.HttpRequestLog (HttpRequestLog.java:getRequestLog(97)) - Jetty request log can only be enabled using Log4j
2019-10-02 00:24:34,415 [main] INFO  http.HttpServer2 (HttpServer2.java:addGlobalFilter(975)) - Added global filter 'safety' (class=org.apache.hadoop.http.HttpServer2$QuotingInputFilter)
2019-10-02 00:24:34,416 [main] INFO  http.HttpServer2 (HttpServer2.java:addFilter(948)) - Added filter static_user_filter (class=org.apache.hadoop.http.lib.StaticUserWebFilter$StaticUserFilter) to context scm
2019-10-02 00:24:34,416 [main] INFO  http.HttpServer2 (HttpServer2.java:addFilter(958)) - Added filter static_user_filter (class=org.apache.hadoop.http.lib.StaticUserWebFilter$StaticUserFilter) to context logs
2019-10-02 00:24:34,417 [main] INFO  http.HttpServer2 (HttpServer2.java:addFilter(958)) - Added filter static_user_filter (class=org.apache.hadoop.http.lib.StaticUserWebFilter$StaticUserFilter) to context static
2019-10-02 00:24:34,419 [main] INFO  server.StorageContainerManager (StorageContainerManager.java:start(770)) - StorageContainerLocationProtocol RPC server is listening at /0.0.0.0:45467
2019-10-02 00:24:34,422 [main] WARN  impl.MetricsConfig (MetricsConfig.java:loadFirst(134)) - Cannot locate configuration: tried hadoop-metrics2-storagecontainermanager.properties,hadoop-metrics2.properties
2019-10-02 00:24:34,423 [main] INFO  impl.MetricsSystemImpl (MetricsSystemImpl.java:startTimer(374)) - Scheduled Metric snapshot period at 10 second(s).
2019-10-02 00:24:34,423 [main] INFO  impl.MetricsSystemImpl (MetricsSystemImpl.java:start(191)) - StorageContainerManager metrics system started
2019-10-02 00:24:34,713 [main] WARN  impl.MetricsSystemImpl (MetricsSystemImpl.java:register(276)) - Sink prometheus already exists!
2019-10-02 00:24:34,821 [grpc-default-executor-9] WARN  server.GrpcLogAppender (LogUtils.java:warn(134)) - 6e95f05e-e2a5-4890-a0e7-0cff46ac429d@group-E65543CD1FD8->30ddb538-5430-4b07-ac01-3a06f53f55c9-AppendLogResponseHandler: Failed appendEntries: org.apache.ratis.thirdparty.io.grpc.StatusRuntimeException: UNAVAILABLE: io exception
2019-10-02 00:24:34,821 [grpc-default-executor-10] WARN  server.GrpcLogAppender (LogUtils.java:warn(134)) - 6e95f05e-e2a5-4890-a0e7-0cff46ac429d@group-E65543CD1FD8->46b08147-e058-4424-8100-2a54324fd185-AppendLogResponseHandler: Failed appendEntries: org.apache.ratis.thirdparty.io.grpc.StatusRuntimeException: UNAVAILABLE: io exception
2019-10-02 00:24:34,821 [grpc-default-executor-9] INFO  impl.FollowerInfo (FollowerInfo.java:lambda$new$0(51)) - 6e95f05e-e2a5-4890-a0e7-0cff46ac429d@group-E65543CD1FD8->30ddb538-5430-4b07-ac01-3a06f53f55c9: nextIndex: updateUnconditionally 0 -> 0
2019-10-02 00:24:34,822 [grpc-default-executor-10] INFO  impl.FollowerInfo (FollowerInfo.java:lambda$new$0(51)) - 6e95f05e-e2a5-4890-a0e7-0cff46ac429d@group-E65543CD1FD8->46b08147-e058-4424-8100-2a54324fd185: nextIndex: updateUnconditionally 0 -> 0
2019-10-02 00:24:34,982 [main] INFO  server.SCMClientProtocolServer (SCMClientProtocolServer.java:start(150)) - RPC server for Client  is listening at /0.0.0.0:45467
2019-10-02 00:24:34,982 [IPC Server Responder] INFO  ipc.Server (Server.java:run(1314)) - IPC Server Responder: starting
2019-10-02 00:24:34,982 [IPC Server listener on 45467] INFO  ipc.Server (Server.java:run(1153)) - IPC Server listener on 45467: starting
2019-10-02 00:24:34,993 [main] INFO  server.StorageContainerManager (StorageContainerManager.java:start(780)) - ScmBlockLocationProtocol RPC server is listening at /0.0.0.0:40607
2019-10-02 00:24:34,993 [main] INFO  server.SCMBlockProtocolServer (SCMBlockProtocolServer.java:start(146)) - RPC server for Block Protocol is listening at /0.0.0.0:40607
2019-10-02 00:24:34,993 [IPC Server Responder] INFO  ipc.Server (Server.java:run(1314)) - IPC Server Responder: starting
2019-10-02 00:24:34,993 [IPC Server listener on 40607] INFO  ipc.Server (Server.java:run(1153)) - IPC Server listener on 40607: starting
2019-10-02 00:24:35,010 [main] INFO  server.StorageContainerManager (StorageContainerManager.java:start(784)) - ScmDatanodeProtocl RPC server is listening at /0.0.0.0:45789
2019-10-02 00:24:35,010 [main] INFO  server.SCMDatanodeProtocolServer (SCMDatanodeProtocolServer.java:start(191)) - RPC server for DataNodes is listening at /0.0.0.0:45789
2019-10-02 00:24:35,011 [IPC Server Responder] INFO  ipc.Server (Server.java:run(1314)) - IPC Server Responder: starting
2019-10-02 00:24:35,011 [IPC Server listener on 45789] INFO  ipc.Server (Server.java:run(1153)) - IPC Server listener on 45789: starting
2019-10-02 00:24:35,017 [main] INFO  http.HttpServer2 (HttpServer2.java:bindListener(1191)) - Jetty bound to port 41967
2019-10-02 00:24:35,018 [main] INFO  server.Server (Server.java:doStart(351)) - jetty-9.3.25.v20180904, build timestamp: 2018-09-04T21:11:46Z, git hash: 3ce520221d0240229c862b122d2b06c12a625732
2019-10-02 00:24:35,020 [main] INFO  handler.ContextHandler (ContextHandler.java:doStart(781)) - Started o.e.j.s.ServletContextHandler@65eb3597{/logs,file:///workdir/hadoop-ozone/integration-test/target/log,AVAILABLE}
2019-10-02 00:24:35,020 [main] INFO  handler.ContextHandler (ContextHandler.java:doStart(781)) - Started o.e.j.s.ServletContextHandler@2bebd114{/static,file:///workdir/hadoop-ozone/integration-test/target/test-classes/webapps/static,AVAILABLE}
2019-10-02 00:24:35,025 [main] INFO  handler.ContextHandler (ContextHandler.java:doStart(781)) - Started o.e.j.w.WebAppContext@f5bf288{/,file:///workdir/hadoop-ozone/integration-test/target/test-classes/webapps/scm/,AVAILABLE}{/scm}
2019-10-02 00:24:35,026 [main] INFO  server.AbstractConnector (AbstractConnector.java:doStart(278)) - Started ServerConnector@2c1d57bc{HTTP/1.1,[http/1.1]}{0.0.0.0:41967}
2019-10-02 00:24:35,028 [main] INFO  server.Server (Server.java:doStart(419)) - Started @202615ms
2019-10-02 00:24:35,028 [main] WARN  impl.MetricsSystemImpl (MetricsSystemImpl.java:register(276)) - Sink prometheus already exists!
2019-10-02 00:24:35,029 [main] INFO  server.BaseHttpServer (BaseHttpServer.java:updateConnectorAddress(215)) - HTTP server of SCM is listening at http://0.0.0.0:41967
2019-10-02 00:24:35,030 [main] WARN  server.ServerUtils (ServerUtils.java:getDBPath(222)) - ozone.om.db.dirs is not configured. We recommend adding this setting. Falling back to ozone.metadata.dirs instead.
2019-10-02 00:24:35,032 [org.apache.hadoop.util.JvmPauseMonitor$Monitor@3e856100] INFO  util.JvmPauseMonitor (JvmPauseMonitor.java:run(188)) - Starting JVM pause monitor
2019-10-02 00:24:35,057 [main] WARN  server.ServerUtils (ServerUtils.java:getDBPath(222)) - ozone.om.db.dirs is not configured. We recommend adding this setting. Falling back to ozone.metadata.dirs instead.
2019-10-02 00:24:35,057 [main] WARN  server.ServerUtils (ServerUtils.java:getDBPath(222)) - ozone.om.db.dirs is not configured. We recommend adding this setting. Falling back to ozone.metadata.dirs instead.
2019-10-02 00:24:35,058 [main] INFO  om.OzoneManager (OzoneManager.java:setOMNodeDetails(652)) - OM Service ID is not set. Setting it to the default ID: omServiceIdDefault
2019-10-02 00:24:35,058 [main] INFO  om.OzoneManager (OzoneManager.java:setOMNodeDetails(658)) - OM Node ID is not set. Setting it to the OmStorage's OmID: dd5692a2-ab65-4b8d-8825-a87af0cd0f83
2019-10-02 00:24:35,058 [main] INFO  om.OzoneManager (OzoneManager.java:loadOMHAConfigs(609)) - Found matching OM address with OMServiceId: null, OMNodeId: null, RPC Address: localhost:0 and Ratis port: 9872
2019-10-02 00:24:35,068 [main] WARN  server.ServerUtils (ServerUtils.java:getDBPath(222)) - ozone.om.db.dirs is not configured. We recommend adding this setting. Falling back to ozone.metadata.dirs instead.
2019-10-02 00:24:35,069 [main] INFO  db.DBStoreBuilder (DBStoreBuilder.java:addTable(110)) - using custom profile for table: userTable
2019-10-02 00:24:35,069 [main] INFO  db.DBStoreBuilder (DBStoreBuilder.java:processTables(161)) - Using default column profile:DBProfile.DISK for Table:userTable
2019-10-02 00:24:35,069 [main] INFO  db.DBStoreBuilder (DBStoreBuilder.java:addTable(110)) - using custom profile for table: volumeTable
2019-10-02 00:24:35,069 [main] INFO  db.DBStoreBuilder (DBStoreBuilder.java:processTables(161)) - Using default column profile:DBProfile.DISK for Table:volumeTable
2019-10-02 00:24:35,070 [main] INFO  db.DBStoreBuilder (DBStoreBuilder.java:addTable(110)) - using custom profile for table: bucketTable
2019-10-02 00:24:35,070 [main] INFO  db.DBStoreBuilder (DBStoreBuilder.java:processTables(161)) - Using default column profile:DBProfile.DISK for Table:bucketTable
2019-10-02 00:24:35,070 [main] INFO  db.DBStoreBuilder (DBStoreBuilder.java:addTable(110)) - using custom profile for table: keyTable
2019-10-02 00:24:35,070 [main] INFO  db.DBStoreBuilder (DBStoreBuilder.java:processTables(161)) - Using default column profile:DBProfile.DISK for Table:keyTable
2019-10-02 00:24:35,070 [main] INFO  db.DBStoreBuilder (DBStoreBuilder.java:addTable(110)) - using custom profile for table: deletedTable
2019-10-02 00:24:35,071 [main] INFO  db.DBStoreBuilder (DBStoreBuilder.java:processTables(161)) - Using default column profile:DBProfile.DISK for Table:deletedTable
2019-10-02 00:24:35,071 [main] INFO  db.DBStoreBuilder (DBStoreBuilder.java:addTable(110)) - using custom profile for table: openKeyTable
2019-10-02 00:24:35,071 [main] INFO  db.DBStoreBuilder (DBStoreBuilder.java:processTables(161)) - Using default column profile:DBProfile.DISK for Table:openKeyTable
2019-10-02 00:24:35,071 [main] INFO  db.DBStoreBuilder (DBStoreBuilder.java:addTable(110)) - using custom profile for table: s3Table
2019-10-02 00:24:35,071 [main] INFO  db.DBStoreBuilder (DBStoreBuilder.java:processTables(161)) - Using default column profile:DBProfile.DISK for Table:s3Table
2019-10-02 00:24:35,072 [main] INFO  db.DBStoreBuilder (DBStoreBuilder.java:addTable(110)) - using custom profile for table: multipartInfoTable
2019-10-02 00:24:35,072 [main] INFO  db.DBStoreBuilder (DBStoreBuilder.java:processTables(161)) - Using default column profile:DBProfile.DISK for Table:multipartInfoTable
2019-10-02 00:24:35,072 [main] INFO  db.DBStoreBuilder (DBStoreBuilder.java:addTable(110)) - using custom profile for table: dTokenTable
2019-10-02 00:24:35,072 [main] INFO  db.DBStoreBuilder (DBStoreBuilder.java:processTables(161)) - Using default column profile:DBProfile.DISK for Table:dTokenTable
2019-10-02 00:24:35,072 [main] INFO  db.DBStoreBuilder (DBStoreBuilder.java:addTable(110)) - using custom profile for table: s3SecretTable
2019-10-02 00:24:35,072 [main] INFO  db.DBStoreBuilder (DBStoreBuilder.java:processTables(161)) - Using default column profile:DBProfile.DISK for Table:s3SecretTable
2019-10-02 00:24:35,073 [main] INFO  db.DBStoreBuilder (DBStoreBuilder.java:addTable(110)) - using custom profile for table: prefixTable
2019-10-02 00:24:35,073 [main] INFO  db.DBStoreBuilder (DBStoreBuilder.java:processTables(161)) - Using default column profile:DBProfile.DISK for Table:prefixTable
2019-10-02 00:24:35,073 [main] INFO  db.DBStoreBuilder (DBStoreBuilder.java:addTable(110)) - using custom profile for table: default
2019-10-02 00:24:35,073 [main] INFO  db.DBStoreBuilder (DBStoreBuilder.java:processTables(167)) - Using default column profile:DBProfile.DISK for Table:default
2019-10-02 00:24:35,073 [main] INFO  db.DBStoreBuilder (DBStoreBuilder.java:getDbProfile(198)) - Using default options. DBProfile.DISK
2019-10-02 00:24:35,922 [main] INFO  ipc.CallQueueManager (CallQueueManager.java:<init>(84)) - Using callQueue: class java.util.concurrent.LinkedBlockingQueue, queueCapacity: 2000, scheduler: class org.apache.hadoop.ipc.DefaultRpcScheduler, ipcBackoff: false.
2019-10-02 00:24:35,923 [Socket Reader #1 for port 37286] INFO  ipc.Server (Server.java:run(1074)) - Starting Socket Reader #1 for port 37286
2019-10-02 00:24:35,939 [main] INFO  om.OzoneManager (OzoneManager.java:start(1243)) - OzoneManager RPC server is listening at localhost/127.0.0.1:37286
2019-10-02 00:24:35,939 [main] INFO  impl.MetricsSystemImpl (MetricsSystemImpl.java:init(158)) - OzoneManager metrics system started (again)
2019-10-02 00:24:35,940 [IPC Server listener on 37286] INFO  ipc.Server (Server.java:run(1153)) - IPC Server listener on 37286: starting
2019-10-02 00:24:35,940 [IPC Server Responder] INFO  ipc.Server (Server.java:run(1314)) - IPC Server Responder: starting
2019-10-02 00:24:35,949 [main] INFO  hdfs.DFSUtil (DFSUtil.java:httpServerTemplateForNNAndJN(1641)) - Starting Web-server for ozoneManager at: http://0.0.0.0:0
2019-10-02 00:24:35,950 [main] INFO  server.AuthenticationFilter (AuthenticationFilter.java:constructSecretProvider(240)) - Unable to initialize FileSignerSecretProvider, falling back to use random secrets.
2019-10-02 00:24:35,951 [main] WARN  http.HttpRequestLog (HttpRequestLog.java:getRequestLog(97)) - Jetty request log can only be enabled using Log4j
2019-10-02 00:24:35,953 [main] INFO  http.HttpServer2 (HttpServer2.java:addGlobalFilter(975)) - Added global filter 'safety' (class=org.apache.hadoop.http.HttpServer2$QuotingInputFilter)
2019-10-02 00:24:35,953 [main] INFO  http.HttpServer2 (HttpServer2.java:addFilter(948)) - Added filter static_user_filter (class=org.apache.hadoop.http.lib.StaticUserWebFilter$StaticUserFilter) to context ozoneManager
2019-10-02 00:24:35,954 [main] INFO  http.HttpServer2 (HttpServer2.java:addFilter(958)) - Added filter static_user_filter (class=org.apache.hadoop.http.lib.StaticUserWebFilter$StaticUserFilter) to context logs
2019-10-02 00:24:35,954 [main] INFO  http.HttpServer2 (HttpServer2.java:addFilter(958)) - Added filter static_user_filter (class=org.apache.hadoop.http.lib.StaticUserWebFilter$StaticUserFilter) to context static
2019-10-02 00:24:35,955 [main] INFO  http.HttpServer2 (HttpServer2.java:bindListener(1191)) - Jetty bound to port 35610
2019-10-02 00:24:35,955 [main] INFO  server.Server (Server.java:doStart(351)) - jetty-9.3.25.v20180904, build timestamp: 2018-09-04T21:11:46Z, git hash: 3ce520221d0240229c862b122d2b06c12a625732
2019-10-02 00:24:35,956 [main] INFO  handler.ContextHandler (ContextHandler.java:doStart(781)) - Started o.e.j.s.ServletContextHandler@153d6d74{/logs,file:///workdir/hadoop-ozone/integration-test/target/log,AVAILABLE}
2019-10-02 00:24:35,957 [main] INFO  handler.ContextHandler (ContextHandler.java:doStart(781)) - Started o.e.j.s.ServletContextHandler@299b9851{/static,file:///workdir/hadoop-ozone/integration-test/target/test-classes/webapps/static,AVAILABLE}
2019-10-02 00:24:35,974 [main] INFO  handler.ContextHandler (ContextHandler.java:doStart(781)) - Started o.e.j.w.WebAppContext@281b2dfd{/,file:///workdir/hadoop-ozone/integration-test/target/test-classes/webapps/ozoneManager/,AVAILABLE}{/ozoneManager}
2019-10-02 00:24:35,974 [main] INFO  server.AbstractConnector (AbstractConnector.java:doStart(278)) - Started ServerConnector@492be039{HTTP/1.1,[http/1.1]}{0.0.0.0:35610}
2019-10-02 00:24:35,977 [main] INFO  server.Server (Server.java:doStart(419)) - Started @203564ms
2019-10-02 00:24:35,977 [main] WARN  impl.MetricsSystemImpl (MetricsSystemImpl.java:register(276)) - Sink prometheus already exists!
2019-10-02 00:24:35,978 [main] INFO  server.BaseHttpServer (BaseHttpServer.java:updateConnectorAddress(215)) - HTTP server of OZONEMANAGER is listening at http://0.0.0.0:35610
2019-10-02 00:24:35,999 [main] INFO  impl.MetricsSystemImpl (MetricsSystemImpl.java:init(158)) - HddsDatanode metrics system started (again)
2019-10-02 00:24:36,021 [main] INFO  ozone.HddsDatanodeService (HddsDatanodeService.java:start(184)) - HddsDatanodeService host:pr-hdds-2201-rename-25sj9-3976918760 ip:192.168.30.63
2019-10-02 00:24:36,032 [main] INFO  volume.HddsVolume (HddsVolume.java:<init>(176)) - Creating Volume: /workdir/hadoop-ozone/integration-test/target/test-dir/MiniOzoneClusterImpl-119a26f7-f77d-4643-9379-554c6d4b6695/datanode-0/data/containers/hdds of  storage type : DISK and capacity : 1482555576320
2019-10-02 00:24:36,032 [main] INFO  volume.VolumeSet (VolumeSet.java:initializeVolumeSet(170)) - Added Volume : /workdir/hadoop-ozone/integration-test/target/test-dir/MiniOzoneClusterImpl-119a26f7-f77d-4643-9379-554c6d4b6695/datanode-0/data/containers/hdds to VolumeSet
2019-10-02 00:24:36,032 [main] INFO  volume.ThrottledAsyncChecker (ThrottledAsyncChecker.java:schedule(139)) - Scheduling a check for org.apache.hadoop.ozone.container.common.volume.HddsVolume@372f0a99
2019-10-02 00:24:36,033 [main] INFO  volume.HddsVolumeChecker (HddsVolumeChecker.java:checkAllVolumes(202)) - Scheduled health check for volume org.apache.hadoop.ozone.container.common.volume.HddsVolume@372f0a99
2019-10-02 00:24:36,051 [main] INFO  impl.RaftServerProxy (ConfUtils.java:logGet(43)) - raft.rpc.type = GRPC (default)
2019-10-02 00:24:36,051 [main] INFO  grpc.GrpcFactory (GrpcFactory.java:checkPooledByteBufAllocatorUseCacheForAllThreads(45)) - PERFORMANCE WARNING: useCacheForAllThreads is true that may cause Netty to create a lot garbage objects and, as a result, trigger GC.
	It is recommended to disable useCacheForAllThreads by setting -Dorg.apache.ratis.thirdparty.io.netty.allocator.useCacheForAllThreads=false in command line.
2019-10-02 00:24:36,052 [main] INFO  grpc.GrpcConfigKeys$Server (ConfUtils.java:logGet(43)) - raft.grpc.server.port = 0 (default)
2019-10-02 00:24:36,052 [main] INFO  server.GrpcService (ConfUtils.java:logGet(43)) - raft.grpc.message.size.max = 33570816 (custom)
2019-10-02 00:24:36,052 [main] INFO  server.RaftServerConfigKeys (ConfUtils.java:logGet(43)) - raft.server.log.appender.buffer.byte-limit = 33554432 (custom)
2019-10-02 00:24:36,052 [main] INFO  server.GrpcService (ConfUtils.java:logGet(43)) - raft.grpc.flow.control.window = 1MB (=1048576) (default)
2019-10-02 00:24:36,053 [main] INFO  server.RaftServerConfigKeys (ConfUtils.java:logGet(43)) - raft.server.rpc.request.timeout = 3000ms (default)
2019-10-02 00:24:36,053 [main] INFO  server.RaftServerConfigKeys (ConfUtils.java:logGet(43)) - raft.server.storage.dir = [/workdir/hadoop-ozone/integration-test/target/test-dir/MiniOzoneClusterImpl-119a26f7-f77d-4643-9379-554c6d4b6695/datanode-0/data/ratis] (custom)
2019-10-02 00:24:36,055 [main] INFO  hdfs.DFSUtil (DFSUtil.java:httpServerTemplateForNNAndJN(1641)) - Starting Web-server for hddsDatanode at: http://0.0.0.0:0
2019-10-02 00:24:36,056 [main] INFO  server.AuthenticationFilter (AuthenticationFilter.java:constructSecretProvider(240)) - Unable to initialize FileSignerSecretProvider, falling back to use random secrets.
2019-10-02 00:24:36,057 [main] WARN  http.HttpRequestLog (HttpRequestLog.java:getRequestLog(97)) - Jetty request log can only be enabled using Log4j
2019-10-02 00:24:36,058 [main] INFO  http.HttpServer2 (HttpServer2.java:addGlobalFilter(975)) - Added global filter 'safety' (class=org.apache.hadoop.http.HttpServer2$QuotingInputFilter)
2019-10-02 00:24:36,059 [main] INFO  http.HttpServer2 (HttpServer2.java:addFilter(948)) - Added filter static_user_filter (class=org.apache.hadoop.http.lib.StaticUserWebFilter$StaticUserFilter) to context hddsDatanode
2019-10-02 00:24:36,059 [main] INFO  http.HttpServer2 (HttpServer2.java:addFilter(958)) - Added filter static_user_filter (class=org.apache.hadoop.http.lib.StaticUserWebFilter$StaticUserFilter) to context logs
2019-10-02 00:24:36,059 [main] INFO  http.HttpServer2 (HttpServer2.java:addFilter(958)) - Added filter static_user_filter (class=org.apache.hadoop.http.lib.StaticUserWebFilter$StaticUserFilter) to context static
2019-10-02 00:24:36,060 [main] INFO  http.HttpServer2 (HttpServer2.java:bindListener(1191)) - Jetty bound to port 42769
2019-10-02 00:24:36,060 [main] INFO  server.Server (Server.java:doStart(351)) - jetty-9.3.25.v20180904, build timestamp: 2018-09-04T21:11:46Z, git hash: 3ce520221d0240229c862b122d2b06c12a625732
2019-10-02 00:24:36,062 [main] INFO  handler.ContextHandler (ContextHandler.java:doStart(781)) - Started o.e.j.s.ServletContextHandler@6da54910{/logs,file:///workdir/hadoop-ozone/integration-test/target/log,AVAILABLE}
2019-10-02 00:24:36,062 [main] INFO  handler.ContextHandler (ContextHandler.java:doStart(781)) - Started o.e.j.s.ServletContextHandler@24134cbc{/static,jar:file:/home/user/.m2/repository/org/apache/hadoop/hadoop-hdds-container-service/0.5.0-SNAPSHOT/hadoop-hdds-container-service-0.5.0-SNAPSHOT.jar!/webapps/static,AVAILABLE}
2019-10-02 00:24:36,095 [main] INFO  handler.ContextHandler (ContextHandler.java:doStart(781)) - Started o.e.j.w.WebAppContext@5fef0c19{/,file:///tmp/jetty-0.0.0.0-42769-hddsDatanode-_-any-2083373474320793284.dir/webapp/,AVAILABLE}{/hddsDatanode}
2019-10-02 00:24:36,096 [main] INFO  server.AbstractConnector (AbstractConnector.java:doStart(278)) - Started ServerConnector@2e6d76ba{HTTP/1.1,[http/1.1]}{0.0.0.0:42769}
2019-10-02 00:24:36,098 [main] INFO  server.Server (Server.java:doStart(419)) - Started @203685ms
2019-10-02 00:24:36,098 [main] WARN  impl.MetricsSystemImpl (MetricsSystemImpl.java:register(276)) - Sink prometheus already exists!
2019-10-02 00:24:36,099 [main] INFO  server.BaseHttpServer (BaseHttpServer.java:updateConnectorAddress(215)) - HTTP server of HDDSDATANODE is listening at http://0.0.0.0:42769
2019-10-02 00:24:36,099 [main] INFO  impl.MetricsSystemImpl (MetricsSystemImpl.java:init(158)) - HddsDatanode metrics system started (again)
2019-10-02 00:24:36,115 [org.apache.hadoop.util.JvmPauseMonitor$Monitor@2e98b0ac] INFO  util.JvmPauseMonitor (JvmPauseMonitor.java:run(188)) - Starting JVM pause monitor
2019-10-02 00:24:36,116 [main] INFO  ozone.HddsDatanodeService (HddsDatanodeService.java:start(184)) - HddsDatanodeService host:pr-hdds-2201-rename-25sj9-3976918760 ip:192.168.30.63
2019-10-02 00:24:36,117 [Datanode State Machine Thread - 0] INFO  datanode.InitDatanodeState (InitDatanodeState.java:persistContainerDatanodeDetails(140)) - DatanodeDetails is persisted to /workdir/hadoop-ozone/integration-test/target/test-dir/MiniOzoneClusterImpl-119a26f7-f77d-4643-9379-554c6d4b6695/datanode-0/meta/datanode.id
2019-10-02 00:24:36,124 [main] INFO  volume.HddsVolume (HddsVolume.java:<init>(176)) - Creating Volume: /workdir/hadoop-ozone/integration-test/target/test-dir/MiniOzoneClusterImpl-119a26f7-f77d-4643-9379-554c6d4b6695/datanode-1/data/containers/hdds of  storage type : DISK and capacity : 1482555576320
2019-10-02 00:24:36,124 [main] INFO  volume.VolumeSet (VolumeSet.java:initializeVolumeSet(170)) - Added Volume : /workdir/hadoop-ozone/integration-test/target/test-dir/MiniOzoneClusterImpl-119a26f7-f77d-4643-9379-554c6d4b6695/datanode-1/data/containers/hdds to VolumeSet
2019-10-02 00:24:36,124 [main] INFO  volume.ThrottledAsyncChecker (ThrottledAsyncChecker.java:schedule(139)) - Scheduling a check for org.apache.hadoop.ozone.container.common.volume.HddsVolume@50598a1a
2019-10-02 00:24:36,125 [main] INFO  volume.HddsVolumeChecker (HddsVolumeChecker.java:checkAllVolumes(202)) - Scheduled health check for volume org.apache.hadoop.ozone.container.common.volume.HddsVolume@50598a1a
2019-10-02 00:24:36,140 [main] INFO  impl.RaftServerProxy (ConfUtils.java:logGet(43)) - raft.rpc.type = GRPC (default)
2019-10-02 00:24:36,140 [main] INFO  grpc.GrpcFactory (GrpcFactory.java:checkPooledByteBufAllocatorUseCacheForAllThreads(45)) - PERFORMANCE WARNING: useCacheForAllThreads is true that may cause Netty to create a lot garbage objects and, as a result, trigger GC.
	It is recommended to disable useCacheForAllThreads by setting -Dorg.apache.ratis.thirdparty.io.netty.allocator.useCacheForAllThreads=false in command line.
2019-10-02 00:24:36,140 [main] INFO  grpc.GrpcConfigKeys$Server (ConfUtils.java:logGet(43)) - raft.grpc.server.port = 0 (default)
2019-10-02 00:24:36,140 [main] INFO  server.GrpcService (ConfUtils.java:logGet(43)) - raft.grpc.message.size.max = 33570816 (custom)
2019-10-02 00:24:36,141 [main] INFO  server.RaftServerConfigKeys (ConfUtils.java:logGet(43)) - raft.server.log.appender.buffer.byte-limit = 33554432 (custom)
2019-10-02 00:24:36,141 [main] INFO  server.GrpcService (ConfUtils.java:logGet(43)) - raft.grpc.flow.control.window = 1MB (=1048576) (default)
2019-10-02 00:24:36,141 [main] INFO  server.RaftServerConfigKeys (ConfUtils.java:logGet(43)) - raft.server.rpc.request.timeout = 3000ms (default)
2019-10-02 00:24:36,141 [main] INFO  server.RaftServerConfigKeys (ConfUtils.java:logGet(43)) - raft.server.storage.dir = [/workdir/hadoop-ozone/integration-test/target/test-dir/MiniOzoneClusterImpl-119a26f7-f77d-4643-9379-554c6d4b6695/datanode-1/data/ratis] (custom)
2019-10-02 00:24:36,142 [main] INFO  hdfs.DFSUtil (DFSUtil.java:httpServerTemplateForNNAndJN(1641)) - Starting Web-server for hddsDatanode at: http://0.0.0.0:0
2019-10-02 00:24:36,144 [main] INFO  server.AuthenticationFilter (AuthenticationFilter.java:constructSecretProvider(240)) - Unable to initialize FileSignerSecretProvider, falling back to use random secrets.
2019-10-02 00:24:36,144 [main] WARN  http.HttpRequestLog (HttpRequestLog.java:getRequestLog(97)) - Jetty request log can only be enabled using Log4j
2019-10-02 00:24:36,146 [main] INFO  http.HttpServer2 (HttpServer2.java:addGlobalFilter(975)) - Added global filter 'safety' (class=org.apache.hadoop.http.HttpServer2$QuotingInputFilter)
2019-10-02 00:24:36,147 [main] INFO  http.HttpServer2 (HttpServer2.java:addFilter(948)) - Added filter static_user_filter (class=org.apache.hadoop.http.lib.StaticUserWebFilter$StaticUserFilter) to context hddsDatanode
2019-10-02 00:24:36,147 [main] INFO  http.HttpServer2 (HttpServer2.java:addFilter(958)) - Added filter static_user_filter (class=org.apache.hadoop.http.lib.StaticUserWebFilter$StaticUserFilter) to context logs
2019-10-02 00:24:36,147 [main] INFO  http.HttpServer2 (HttpServer2.java:addFilter(958)) - Added filter static_user_filter (class=org.apache.hadoop.http.lib.StaticUserWebFilter$StaticUserFilter) to context static
2019-10-02 00:24:36,148 [main] INFO  http.HttpServer2 (HttpServer2.java:bindListener(1191)) - Jetty bound to port 46338
2019-10-02 00:24:36,148 [main] INFO  server.Server (Server.java:doStart(351)) - jetty-9.3.25.v20180904, build timestamp: 2018-09-04T21:11:46Z, git hash: 3ce520221d0240229c862b122d2b06c12a625732
2019-10-02 00:24:36,150 [main] INFO  handler.ContextHandler (ContextHandler.java:doStart(781)) - Started o.e.j.s.ServletContextHandler@8b13d91{/logs,file:///workdir/hadoop-ozone/integration-test/target/log,AVAILABLE}
2019-10-02 00:24:36,150 [main] INFO  handler.ContextHandler (ContextHandler.java:doStart(781)) - Started o.e.j.s.ServletContextHandler@2589d787{/static,jar:file:/home/user/.m2/repository/org/apache/hadoop/hadoop-hdds-container-service/0.5.0-SNAPSHOT/hadoop-hdds-container-service-0.5.0-SNAPSHOT.jar!/webapps/static,AVAILABLE}
2019-10-02 00:24:36,189 [main] INFO  handler.ContextHandler (ContextHandler.java:doStart(781)) - Started o.e.j.w.WebAppContext@6cbb7a7d{/,file:///tmp/jetty-0.0.0.0-46338-hddsDatanode-_-any-9181821659446893480.dir/webapp/,AVAILABLE}{/hddsDatanode}
2019-10-02 00:24:36,189 [main] INFO  server.AbstractConnector (AbstractConnector.java:doStart(278)) - Started ServerConnector@cdb3c85{HTTP/1.1,[http/1.1]}{0.0.0.0:46338}
2019-10-02 00:24:36,191 [main] INFO  server.Server (Server.java:doStart(419)) - Started @203778ms
2019-10-02 00:24:36,191 [main] WARN  impl.MetricsSystemImpl (MetricsSystemImpl.java:register(276)) - Sink prometheus already exists!
2019-10-02 00:24:36,192 [main] INFO  server.BaseHttpServer (BaseHttpServer.java:updateConnectorAddress(215)) - HTTP server of HDDSDATANODE is listening at http://0.0.0.0:46338
2019-10-02 00:24:36,192 [main] INFO  impl.MetricsSystemImpl (MetricsSystemImpl.java:init(158)) - HddsDatanode metrics system started (again)
2019-10-02 00:24:36,211 [org.apache.hadoop.util.JvmPauseMonitor$Monitor@2128ee21] INFO  util.JvmPauseMonitor (JvmPauseMonitor.java:run(188)) - Starting JVM pause monitor
2019-10-02 00:24:36,212 [main] INFO  ozone.HddsDatanodeService (HddsDatanodeService.java:start(184)) - HddsDatanodeService host:pr-hdds-2201-rename-25sj9-3976918760 ip:192.168.30.63
2019-10-02 00:24:36,212 [Datanode State Machine Thread - 0] INFO  datanode.InitDatanodeState (InitDatanodeState.java:persistContainerDatanodeDetails(140)) - DatanodeDetails is persisted to /workdir/hadoop-ozone/integration-test/target/test-dir/MiniOzoneClusterImpl-119a26f7-f77d-4643-9379-554c6d4b6695/datanode-1/meta/datanode.id
2019-10-02 00:24:36,222 [main] INFO  volume.HddsVolume (HddsVolume.java:<init>(176)) - Creating Volume: /workdir/hadoop-ozone/integration-test/target/test-dir/MiniOzoneClusterImpl-119a26f7-f77d-4643-9379-554c6d4b6695/datanode-2/data/containers/hdds of  storage type : DISK and capacity : 1482555576320
2019-10-02 00:24:36,222 [main] INFO  volume.VolumeSet (VolumeSet.java:initializeVolumeSet(170)) - Added Volume : /workdir/hadoop-ozone/integration-test/target/test-dir/MiniOzoneClusterImpl-119a26f7-f77d-4643-9379-554c6d4b6695/datanode-2/data/containers/hdds to VolumeSet
2019-10-02 00:24:36,222 [main] INFO  volume.ThrottledAsyncChecker (ThrottledAsyncChecker.java:schedule(139)) - Scheduling a check for org.apache.hadoop.ozone.container.common.volume.HddsVolume@34279b8a
2019-10-02 00:24:36,223 [main] INFO  volume.HddsVolumeChecker (HddsVolumeChecker.java:checkAllVolumes(202)) - Scheduled health check for volume org.apache.hadoop.ozone.container.common.volume.HddsVolume@34279b8a
2019-10-02 00:24:36,238 [main] INFO  impl.RaftServerProxy (ConfUtils.java:logGet(43)) - raft.rpc.type = GRPC (default)
2019-10-02 00:24:36,238 [main] INFO  grpc.GrpcFactory (GrpcFactory.java:checkPooledByteBufAllocatorUseCacheForAllThreads(45)) - PERFORMANCE WARNING: useCacheForAllThreads is true that may cause Netty to create a lot garbage objects and, as a result, trigger GC.
	It is recommended to disable useCacheForAllThreads by setting -Dorg.apache.ratis.thirdparty.io.netty.allocator.useCacheForAllThreads=false in command line.
2019-10-02 00:24:36,238 [main] INFO  grpc.GrpcConfigKeys$Server (ConfUtils.java:logGet(43)) - raft.grpc.server.port = 0 (default)
2019-10-02 00:24:36,239 [main] INFO  server.GrpcService (ConfUtils.java:logGet(43)) - raft.grpc.message.size.max = 33570816 (custom)
2019-10-02 00:24:36,239 [main] INFO  server.RaftServerConfigKeys (ConfUtils.java:logGet(43)) - raft.server.log.appender.buffer.byte-limit = 33554432 (custom)
2019-10-02 00:24:36,239 [main] INFO  server.GrpcService (ConfUtils.java:logGet(43)) - raft.grpc.flow.control.window = 1MB (=1048576) (default)
2019-10-02 00:24:36,239 [main] INFO  server.RaftServerConfigKeys (ConfUtils.java:logGet(43)) - raft.server.rpc.request.timeout = 3000ms (default)
2019-10-02 00:24:36,240 [main] INFO  server.RaftServerConfigKeys (ConfUtils.java:logGet(43)) - raft.server.storage.dir = [/workdir/hadoop-ozone/integration-test/target/test-dir/MiniOzoneClusterImpl-119a26f7-f77d-4643-9379-554c6d4b6695/datanode-2/data/ratis] (custom)
2019-10-02 00:24:36,241 [main] INFO  hdfs.DFSUtil (DFSUtil.java:httpServerTemplateForNNAndJN(1641)) - Starting Web-server for hddsDatanode at: http://0.0.0.0:0
2019-10-02 00:24:36,242 [main] INFO  server.AuthenticationFilter (AuthenticationFilter.java:constructSecretProvider(240)) - Unable to initialize FileSignerSecretProvider, falling back to use random secrets.
2019-10-02 00:24:36,242 [main] WARN  http.HttpRequestLog (HttpRequestLog.java:getRequestLog(97)) - Jetty request log can only be enabled using Log4j
2019-10-02 00:24:36,243 [main] INFO  http.HttpServer2 (HttpServer2.java:addGlobalFilter(975)) - Added global filter 'safety' (class=org.apache.hadoop.http.HttpServer2$QuotingInputFilter)
2019-10-02 00:24:36,244 [main] INFO  http.HttpServer2 (HttpServer2.java:addFilter(948)) - Added filter static_user_filter (class=org.apache.hadoop.http.lib.StaticUserWebFilter$StaticUserFilter) to context hddsDatanode
2019-10-02 00:24:36,244 [main] INFO  http.HttpServer2 (HttpServer2.java:addFilter(958)) - Added filter static_user_filter (class=org.apache.hadoop.http.lib.StaticUserWebFilter$StaticUserFilter) to context static
2019-10-02 00:24:36,244 [main] INFO  http.HttpServer2 (HttpServer2.java:addFilter(958)) - Added filter static_user_filter (class=org.apache.hadoop.http.lib.StaticUserWebFilter$StaticUserFilter) to context logs
2019-10-02 00:24:36,245 [main] INFO  http.HttpServer2 (HttpServer2.java:bindListener(1191)) - Jetty bound to port 40263
2019-10-02 00:24:36,245 [main] INFO  server.Server (Server.java:doStart(351)) - jetty-9.3.25.v20180904, build timestamp: 2018-09-04T21:11:46Z, git hash: 3ce520221d0240229c862b122d2b06c12a625732
2019-10-02 00:24:36,246 [main] INFO  handler.ContextHandler (ContextHandler.java:doStart(781)) - Started o.e.j.s.ServletContextHandler@69a40b3c{/logs,file:///workdir/hadoop-ozone/integration-test/target/log,AVAILABLE}
2019-10-02 00:24:36,247 [main] INFO  handler.ContextHandler (ContextHandler.java:doStart(781)) - Started o.e.j.s.ServletContextHandler@6629643d{/static,jar:file:/home/user/.m2/repository/org/apache/hadoop/hadoop-hdds-container-service/0.5.0-SNAPSHOT/hadoop-hdds-container-service-0.5.0-SNAPSHOT.jar!/webapps/static,AVAILABLE}
2019-10-02 00:24:36,276 [main] INFO  handler.ContextHandler (ContextHandler.java:doStart(781)) - Started o.e.j.w.WebAppContext@2725ca05{/,file:///tmp/jetty-0.0.0.0-40263-hddsDatanode-_-any-5638598257031185642.dir/webapp/,AVAILABLE}{/hddsDatanode}
2019-10-02 00:24:36,277 [main] INFO  server.AbstractConnector (AbstractConnector.java:doStart(278)) - Started ServerConnector@7b9088f2{HTTP/1.1,[http/1.1]}{0.0.0.0:40263}
2019-10-02 00:24:36,281 [main] INFO  server.Server (Server.java:doStart(419)) - Started @203868ms
2019-10-02 00:24:36,281 [main] WARN  impl.MetricsSystemImpl (MetricsSystemImpl.java:register(276)) - Sink prometheus already exists!
2019-10-02 00:24:36,282 [main] INFO  server.BaseHttpServer (BaseHttpServer.java:updateConnectorAddress(215)) - HTTP server of HDDSDATANODE is listening at http://0.0.0.0:40263
2019-10-02 00:24:36,282 [main] INFO  impl.MetricsSystemImpl (MetricsSystemImpl.java:init(158)) - HddsDatanode metrics system started (again)
2019-10-02 00:24:36,284 [org.apache.hadoop.util.JvmPauseMonitor$Monitor@f4243bc] INFO  util.JvmPauseMonitor (JvmPauseMonitor.java:run(188)) - Starting JVM pause monitor
2019-10-02 00:24:36,285 [Datanode State Machine Thread - 0] INFO  datanode.InitDatanodeState (InitDatanodeState.java:persistContainerDatanodeDetails(140)) - DatanodeDetails is persisted to /workdir/hadoop-ozone/integration-test/target/test-dir/MiniOzoneClusterImpl-119a26f7-f77d-4643-9379-554c6d4b6695/datanode-2/meta/datanode.id
2019-10-02 00:24:36,307 [main] INFO  ozone.HddsDatanodeService (HddsDatanodeService.java:start(184)) - HddsDatanodeService host:pr-hdds-2201-rename-25sj9-3976918760 ip:192.168.30.63
2019-10-02 00:24:36,319 [main] INFO  volume.HddsVolume (HddsVolume.java:<init>(176)) - Creating Volume: /workdir/hadoop-ozone/integration-test/target/test-dir/MiniOzoneClusterImpl-119a26f7-f77d-4643-9379-554c6d4b6695/datanode-3/data/containers/hdds of  storage type : DISK and capacity : 1482555576320
2019-10-02 00:24:36,319 [main] INFO  volume.VolumeSet (VolumeSet.java:initializeVolumeSet(170)) - Added Volume : /workdir/hadoop-ozone/integration-test/target/test-dir/MiniOzoneClusterImpl-119a26f7-f77d-4643-9379-554c6d4b6695/datanode-3/data/containers/hdds to VolumeSet
2019-10-02 00:24:36,320 [main] INFO  volume.ThrottledAsyncChecker (ThrottledAsyncChecker.java:schedule(139)) - Scheduling a check for org.apache.hadoop.ozone.container.common.volume.HddsVolume@6ac45c0c
2019-10-02 00:24:36,320 [main] INFO  volume.HddsVolumeChecker (HddsVolumeChecker.java:checkAllVolumes(202)) - Scheduled health check for volume org.apache.hadoop.ozone.container.common.volume.HddsVolume@6ac45c0c
2019-10-02 00:24:36,339 [main] INFO  impl.RaftServerProxy (ConfUtils.java:logGet(43)) - raft.rpc.type = GRPC (default)
2019-10-02 00:24:36,339 [main] INFO  grpc.GrpcFactory (GrpcFactory.java:checkPooledByteBufAllocatorUseCacheForAllThreads(45)) - PERFORMANCE WARNING: useCacheForAllThreads is true that may cause Netty to create a lot garbage objects and, as a result, trigger GC.
	It is recommended to disable useCacheForAllThreads by setting -Dorg.apache.ratis.thirdparty.io.netty.allocator.useCacheForAllThreads=false in command line.
2019-10-02 00:24:36,339 [main] INFO  grpc.GrpcConfigKeys$Server (ConfUtils.java:logGet(43)) - raft.grpc.server.port = 0 (default)
2019-10-02 00:24:36,340 [main] INFO  server.GrpcService (ConfUtils.java:logGet(43)) - raft.grpc.message.size.max = 33570816 (custom)
2019-10-02 00:24:36,340 [main] INFO  server.RaftServerConfigKeys (ConfUtils.java:logGet(43)) - raft.server.log.appender.buffer.byte-limit = 33554432 (custom)
2019-10-02 00:24:36,340 [main] INFO  server.GrpcService (ConfUtils.java:logGet(43)) - raft.grpc.flow.control.window = 1MB (=1048576) (default)
2019-10-02 00:24:36,340 [main] INFO  server.RaftServerConfigKeys (ConfUtils.java:logGet(43)) - raft.server.rpc.request.timeout = 3000ms (default)
2019-10-02 00:24:36,341 [main] INFO  server.RaftServerConfigKeys (ConfUtils.java:logGet(43)) - raft.server.storage.dir = [/workdir/hadoop-ozone/integration-test/target/test-dir/MiniOzoneClusterImpl-119a26f7-f77d-4643-9379-554c6d4b6695/datanode-3/data/ratis] (custom)
2019-10-02 00:24:36,343 [main] INFO  hdfs.DFSUtil (DFSUtil.java:httpServerTemplateForNNAndJN(1641)) - Starting Web-server for hddsDatanode at: http://0.0.0.0:0
2019-10-02 00:24:36,345 [main] INFO  server.AuthenticationFilter (AuthenticationFilter.java:constructSecretProvider(240)) - Unable to initialize FileSignerSecretProvider, falling back to use random secrets.
2019-10-02 00:24:36,346 [main] WARN  http.HttpRequestLog (HttpRequestLog.java:getRequestLog(97)) - Jetty request log can only be enabled using Log4j
2019-10-02 00:24:36,349 [main] INFO  http.HttpServer2 (HttpServer2.java:addGlobalFilter(975)) - Added global filter 'safety' (class=org.apache.hadoop.http.HttpServer2$QuotingInputFilter)
2019-10-02 00:24:36,349 [main] INFO  http.HttpServer2 (HttpServer2.java:addFilter(948)) - Added filter static_user_filter (class=org.apache.hadoop.http.lib.StaticUserWebFilter$StaticUserFilter) to context hddsDatanode
2019-10-02 00:24:36,350 [main] INFO  http.HttpServer2 (HttpServer2.java:addFilter(958)) - Added filter static_user_filter (class=org.apache.hadoop.http.lib.StaticUserWebFilter$StaticUserFilter) to context logs
2019-10-02 00:24:36,350 [main] INFO  http.HttpServer2 (HttpServer2.java:addFilter(958)) - Added filter static_user_filter (class=org.apache.hadoop.http.lib.StaticUserWebFilter$StaticUserFilter) to context static
2019-10-02 00:24:36,351 [main] INFO  http.HttpServer2 (HttpServer2.java:bindListener(1191)) - Jetty bound to port 39113
2019-10-02 00:24:36,351 [main] INFO  server.Server (Server.java:doStart(351)) - jetty-9.3.25.v20180904, build timestamp: 2018-09-04T21:11:46Z, git hash: 3ce520221d0240229c862b122d2b06c12a625732
2019-10-02 00:24:36,353 [main] INFO  handler.ContextHandler (ContextHandler.java:doStart(781)) - Started o.e.j.s.ServletContextHandler@7d59e968{/logs,file:///workdir/hadoop-ozone/integration-test/target/log,AVAILABLE}
2019-10-02 00:24:36,354 [main] INFO  handler.ContextHandler (ContextHandler.java:doStart(781)) - Started o.e.j.s.ServletContextHandler@581c9bb7{/static,jar:file:/home/user/.m2/repository/org/apache/hadoop/hadoop-hdds-container-service/0.5.0-SNAPSHOT/hadoop-hdds-container-service-0.5.0-SNAPSHOT.jar!/webapps/static,AVAILABLE}
2019-10-02 00:24:36,395 [main] INFO  handler.ContextHandler (ContextHandler.java:doStart(781)) - Started o.e.j.w.WebAppContext@28b8f98a{/,file:///tmp/jetty-0.0.0.0-39113-hddsDatanode-_-any-7743199945932011234.dir/webapp/,AVAILABLE}{/hddsDatanode}
2019-10-02 00:24:36,395 [main] INFO  server.AbstractConnector (AbstractConnector.java:doStart(278)) - Started ServerConnector@3b4ef59f{HTTP/1.1,[http/1.1]}{0.0.0.0:39113}
2019-10-02 00:24:36,399 [main] INFO  server.Server (Server.java:doStart(419)) - Started @203986ms
2019-10-02 00:24:36,399 [main] WARN  impl.MetricsSystemImpl (MetricsSystemImpl.java:register(276)) - Sink prometheus already exists!
2019-10-02 00:24:36,400 [main] INFO  server.BaseHttpServer (BaseHttpServer.java:updateConnectorAddress(215)) - HTTP server of HDDSDATANODE is listening at http://0.0.0.0:39113
2019-10-02 00:24:36,400 [main] INFO  impl.MetricsSystemImpl (MetricsSystemImpl.java:init(158)) - HddsDatanode metrics system started (again)
2019-10-02 00:24:36,426 [org.apache.hadoop.util.JvmPauseMonitor$Monitor@6c28e06d] INFO  util.JvmPauseMonitor (JvmPauseMonitor.java:run(188)) - Starting JVM pause monitor
2019-10-02 00:24:36,427 [Datanode State Machine Thread - 0] INFO  datanode.InitDatanodeState (InitDatanodeState.java:persistContainerDatanodeDetails(140)) - DatanodeDetails is persisted to /workdir/hadoop-ozone/integration-test/target/test-dir/MiniOzoneClusterImpl-119a26f7-f77d-4643-9379-554c6d4b6695/datanode-3/meta/datanode.id
2019-10-02 00:24:36,427 [main] INFO  ozone.HddsDatanodeService (HddsDatanodeService.java:start(184)) - HddsDatanodeService host:pr-hdds-2201-rename-25sj9-3976918760 ip:192.168.30.63
2019-10-02 00:24:36,438 [main] INFO  volume.HddsVolume (HddsVolume.java:<init>(176)) - Creating Volume: /workdir/hadoop-ozone/integration-test/target/test-dir/MiniOzoneClusterImpl-119a26f7-f77d-4643-9379-554c6d4b6695/datanode-4/data/containers/hdds of  storage type : DISK and capacity : 1482555576320
2019-10-02 00:24:36,438 [main] INFO  volume.VolumeSet (VolumeSet.java:initializeVolumeSet(170)) - Added Volume : /workdir/hadoop-ozone/integration-test/target/test-dir/MiniOzoneClusterImpl-119a26f7-f77d-4643-9379-554c6d4b6695/datanode-4/data/containers/hdds to VolumeSet
2019-10-02 00:24:36,438 [main] INFO  volume.ThrottledAsyncChecker (ThrottledAsyncChecker.java:schedule(139)) - Scheduling a check for org.apache.hadoop.ozone.container.common.volume.HddsVolume@5eb87338
2019-10-02 00:24:36,439 [main] INFO  volume.HddsVolumeChecker (HddsVolumeChecker.java:checkAllVolumes(202)) - Scheduled health check for volume org.apache.hadoop.ozone.container.common.volume.HddsVolume@5eb87338
2019-10-02 00:24:36,459 [main] INFO  impl.RaftServerProxy (ConfUtils.java:logGet(43)) - raft.rpc.type = GRPC (default)
2019-10-02 00:24:36,459 [main] INFO  grpc.GrpcFactory (GrpcFactory.java:checkPooledByteBufAllocatorUseCacheForAllThreads(45)) - PERFORMANCE WARNING: useCacheForAllThreads is true that may cause Netty to create a lot garbage objects and, as a result, trigger GC.
	It is recommended to disable useCacheForAllThreads by setting -Dorg.apache.ratis.thirdparty.io.netty.allocator.useCacheForAllThreads=false in command line.
2019-10-02 00:24:36,459 [main] INFO  grpc.GrpcConfigKeys$Server (ConfUtils.java:logGet(43)) - raft.grpc.server.port = 0 (default)
2019-10-02 00:24:36,460 [main] INFO  server.GrpcService (ConfUtils.java:logGet(43)) - raft.grpc.message.size.max = 33570816 (custom)
2019-10-02 00:24:36,460 [main] INFO  server.RaftServerConfigKeys (ConfUtils.java:logGet(43)) - raft.server.log.appender.buffer.byte-limit = 33554432 (custom)
2019-10-02 00:24:36,460 [main] INFO  server.GrpcService (ConfUtils.java:logGet(43)) - raft.grpc.flow.control.window = 1MB (=1048576) (default)
2019-10-02 00:24:36,460 [main] INFO  server.RaftServerConfigKeys (ConfUtils.java:logGet(43)) - raft.server.rpc.request.timeout = 3000ms (default)
2019-10-02 00:24:36,461 [main] INFO  server.RaftServerConfigKeys (ConfUtils.java:logGet(43)) - raft.server.storage.dir = [/workdir/hadoop-ozone/integration-test/target/test-dir/MiniOzoneClusterImpl-119a26f7-f77d-4643-9379-554c6d4b6695/datanode-4/data/ratis] (custom)
2019-10-02 00:24:36,462 [main] INFO  hdfs.DFSUtil (DFSUtil.java:httpServerTemplateForNNAndJN(1641)) - Starting Web-server for hddsDatanode at: http://0.0.0.0:0
2019-10-02 00:24:36,464 [main] INFO  server.AuthenticationFilter (AuthenticationFilter.java:constructSecretProvider(240)) - Unable to initialize FileSignerSecretProvider, falling back to use random secrets.
2019-10-02 00:24:36,464 [main] WARN  http.HttpRequestLog (HttpRequestLog.java:getRequestLog(97)) - Jetty request log can only be enabled using Log4j
2019-10-02 00:24:36,466 [main] INFO  http.HttpServer2 (HttpServer2.java:addGlobalFilter(975)) - Added global filter 'safety' (class=org.apache.hadoop.http.HttpServer2$QuotingInputFilter)
2019-10-02 00:24:36,466 [main] INFO  http.HttpServer2 (HttpServer2.java:addFilter(948)) - Added filter static_user_filter (class=org.apache.hadoop.http.lib.StaticUserWebFilter$StaticUserFilter) to context hddsDatanode
2019-10-02 00:24:36,467 [main] INFO  http.HttpServer2 (HttpServer2.java:addFilter(958)) - Added filter static_user_filter (class=org.apache.hadoop.http.lib.StaticUserWebFilter$StaticUserFilter) to context static
2019-10-02 00:24:36,467 [main] INFO  http.HttpServer2 (HttpServer2.java:addFilter(958)) - Added filter static_user_filter (class=org.apache.hadoop.http.lib.StaticUserWebFilter$StaticUserFilter) to context logs
2019-10-02 00:24:36,468 [main] INFO  http.HttpServer2 (HttpServer2.java:bindListener(1191)) - Jetty bound to port 34902
2019-10-02 00:24:36,468 [main] INFO  server.Server (Server.java:doStart(351)) - jetty-9.3.25.v20180904, build timestamp: 2018-09-04T21:11:46Z, git hash: 3ce520221d0240229c862b122d2b06c12a625732
2019-10-02 00:24:36,469 [main] INFO  handler.ContextHandler (ContextHandler.java:doStart(781)) - Started o.e.j.s.ServletContextHandler@5b8853{/logs,file:///workdir/hadoop-ozone/integration-test/target/log,AVAILABLE}
2019-10-02 00:24:36,470 [main] INFO  handler.ContextHandler (ContextHandler.java:doStart(781)) - Started o.e.j.s.ServletContextHandler@5d1bdd4a{/static,jar:file:/home/user/.m2/repository/org/apache/hadoop/hadoop-hdds-container-service/0.5.0-SNAPSHOT/hadoop-hdds-container-service-0.5.0-SNAPSHOT.jar!/webapps/static,AVAILABLE}
2019-10-02 00:24:36,504 [main] INFO  handler.ContextHandler (ContextHandler.java:doStart(781)) - Started o.e.j.w.WebAppContext@7a606260{/,file:///tmp/jetty-0.0.0.0-34902-hddsDatanode-_-any-490833492037611975.dir/webapp/,AVAILABLE}{/hddsDatanode}
2019-10-02 00:24:36,504 [main] INFO  server.AbstractConnector (AbstractConnector.java:doStart(278)) - Started ServerConnector@5dbab232{HTTP/1.1,[http/1.1]}{0.0.0.0:34902}
2019-10-02 00:24:36,508 [main] INFO  server.Server (Server.java:doStart(419)) - Started @204095ms
2019-10-02 00:24:36,508 [main] WARN  impl.MetricsSystemImpl (MetricsSystemImpl.java:register(276)) - Sink prometheus already exists!
2019-10-02 00:24:36,508 [main] INFO  server.BaseHttpServer (BaseHttpServer.java:updateConnectorAddress(215)) - HTTP server of HDDSDATANODE is listening at http://0.0.0.0:34902
2019-10-02 00:24:36,509 [main] INFO  impl.MetricsSystemImpl (MetricsSystemImpl.java:init(158)) - HddsDatanode metrics system started (again)
2019-10-02 00:24:36,529 [org.apache.hadoop.util.JvmPauseMonitor$Monitor@68bbef6f] INFO  util.JvmPauseMonitor (JvmPauseMonitor.java:run(188)) - Starting JVM pause monitor
2019-10-02 00:24:36,530 [main] INFO  ozone.HddsDatanodeService (HddsDatanodeService.java:start(184)) - HddsDatanodeService host:pr-hdds-2201-rename-25sj9-3976918760 ip:192.168.30.63
2019-10-02 00:24:36,530 [Datanode State Machine Thread - 0] INFO  datanode.InitDatanodeState (InitDatanodeState.java:persistContainerDatanodeDetails(140)) - DatanodeDetails is persisted to /workdir/hadoop-ozone/integration-test/target/test-dir/MiniOzoneClusterImpl-119a26f7-f77d-4643-9379-554c6d4b6695/datanode-4/meta/datanode.id
2019-10-02 00:24:36,540 [main] INFO  volume.HddsVolume (HddsVolume.java:<init>(176)) - Creating Volume: /workdir/hadoop-ozone/integration-test/target/test-dir/MiniOzoneClusterImpl-119a26f7-f77d-4643-9379-554c6d4b6695/datanode-5/data/containers/hdds of  storage type : DISK and capacity : 1482555576320
2019-10-02 00:24:36,541 [main] INFO  volume.VolumeSet (VolumeSet.java:initializeVolumeSet(170)) - Added Volume : /workdir/hadoop-ozone/integration-test/target/test-dir/MiniOzoneClusterImpl-119a26f7-f77d-4643-9379-554c6d4b6695/datanode-5/data/containers/hdds to VolumeSet
2019-10-02 00:24:36,541 [main] INFO  volume.ThrottledAsyncChecker (ThrottledAsyncChecker.java:schedule(139)) - Scheduling a check for org.apache.hadoop.ozone.container.common.volume.HddsVolume@511da44f
2019-10-02 00:24:36,544 [main] INFO  volume.HddsVolumeChecker (HddsVolumeChecker.java:checkAllVolumes(202)) - Scheduled health check for volume org.apache.hadoop.ozone.container.common.volume.HddsVolume@511da44f
2019-10-02 00:24:36,561 [main] INFO  impl.RaftServerProxy (ConfUtils.java:logGet(43)) - raft.rpc.type = GRPC (default)
2019-10-02 00:24:36,562 [main] INFO  grpc.GrpcFactory (GrpcFactory.java:checkPooledByteBufAllocatorUseCacheForAllThreads(45)) - PERFORMANCE WARNING: useCacheForAllThreads is true that may cause Netty to create a lot garbage objects and, as a result, trigger GC.
	It is recommended to disable useCacheForAllThreads by setting -Dorg.apache.ratis.thirdparty.io.netty.allocator.useCacheForAllThreads=false in command line.
2019-10-02 00:24:36,562 [main] INFO  grpc.GrpcConfigKeys$Server (ConfUtils.java:logGet(43)) - raft.grpc.server.port = 0 (default)
2019-10-02 00:24:36,562 [Thread-2300] INFO  client.GrpcClientProtocolService (GrpcClientProtocolService.java:lambda$processClientRequest$0(278)) - Failed RaftClientRequest:client-047231CE5FD0->6e95f05e-e2a5-4890-a0e7-0cff46ac429d@group-E65543CD1FD8, cid=68, seq=0, Watch-MAJORITY_COMMITTED(36), Message:<EMPTY>, reply=RaftClientReply:client-047231CE5FD0->6e95f05e-e2a5-4890-a0e7-0cff46ac429d@group-E65543CD1FD8, cid=68, FAILED org.apache.ratis.protocol.NotReplicatedException: Request with call Id 68 and log index 36 is not yet replicated to MAJORITY_COMMITTED, logIndex=36, commits[6e95f05e-e2a5-4890-a0e7-0cff46ac429d:c2, 30ddb538-5430-4b07-ac01-3a06f53f55c9:c2, 46b08147-e058-4424-8100-2a54324fd185:c2]
2019-10-02 00:24:36,562 [Thread-2301] INFO  client.GrpcClientProtocolService (GrpcClientProtocolService.java:lambda$processClientRequest$0(278)) - Failed RaftClientRequest:client-047231CE5FD0->6e95f05e-e2a5-4890-a0e7-0cff46ac429d@group-E65543CD1FD8, cid=67, seq=0, Watch-ALL_COMMITTED(36), Message:<EMPTY>, reply=RaftClientReply:client-047231CE5FD0->6e95f05e-e2a5-4890-a0e7-0cff46ac429d@group-E65543CD1FD8, cid=67, FAILED org.apache.ratis.protocol.NotReplicatedException: Request with call Id 67 and log index 36 is not yet replicated to ALL_COMMITTED, logIndex=36, commits[6e95f05e-e2a5-4890-a0e7-0cff46ac429d:c2, 30ddb538-5430-4b07-ac01-3a06f53f55c9:c2, 46b08147-e058-4424-8100-2a54324fd185:c2]
2019-10-02 00:24:36,562 [main] INFO  server.GrpcService (ConfUtils.java:logGet(43)) - raft.grpc.message.size.max = 33570816 (custom)
2019-10-02 00:24:36,575 [main] INFO  server.RaftServerConfigKeys (ConfUtils.java:logGet(43)) - raft.server.log.appender.buffer.byte-limit = 33554432 (custom)
2019-10-02 00:24:36,575 [main] INFO  server.GrpcService (ConfUtils.java:logGet(43)) - raft.grpc.flow.control.window = 1MB (=1048576) (default)
2019-10-02 00:24:36,575 [main] INFO  server.RaftServerConfigKeys (ConfUtils.java:logGet(43)) - raft.server.rpc.request.timeout = 3000ms (default)
2019-10-02 00:24:36,576 [main] INFO  server.RaftServerConfigKeys (ConfUtils.java:logGet(43)) - raft.server.storage.dir = [/workdir/hadoop-ozone/integration-test/target/test-dir/MiniOzoneClusterImpl-119a26f7-f77d-4643-9379-554c6d4b6695/datanode-5/data/ratis] (custom)
2019-10-02 00:24:36,577 [main] INFO  hdfs.DFSUtil (DFSUtil.java:httpServerTemplateForNNAndJN(1641)) - Starting Web-server for hddsDatanode at: http://0.0.0.0:0
2019-10-02 00:24:36,579 [main] INFO  server.AuthenticationFilter (AuthenticationFilter.java:constructSecretProvider(240)) - Unable to initialize FileSignerSecretProvider, falling back to use random secrets.
2019-10-02 00:24:36,579 [main] WARN  http.HttpRequestLog (HttpRequestLog.java:getRequestLog(97)) - Jetty request log can only be enabled using Log4j
2019-10-02 00:24:36,581 [main] INFO  http.HttpServer2 (HttpServer2.java:addGlobalFilter(975)) - Added global filter 'safety' (class=org.apache.hadoop.http.HttpServer2$QuotingInputFilter)
2019-10-02 00:24:36,581 [main] INFO  http.HttpServer2 (HttpServer2.java:addFilter(948)) - Added filter static_user_filter (class=org.apache.hadoop.http.lib.StaticUserWebFilter$StaticUserFilter) to context hddsDatanode
2019-10-02 00:24:36,582 [main] INFO  http.HttpServer2 (HttpServer2.java:addFilter(958)) - Added filter static_user_filter (class=org.apache.hadoop.http.lib.StaticUserWebFilter$StaticUserFilter) to context logs
2019-10-02 00:24:36,582 [main] INFO  http.HttpServer2 (HttpServer2.java:addFilter(958)) - Added filter static_user_filter (class=org.apache.hadoop.http.lib.StaticUserWebFilter$StaticUserFilter) to context static
2019-10-02 00:24:36,583 [main] INFO  http.HttpServer2 (HttpServer2.java:bindListener(1191)) - Jetty bound to port 46760
2019-10-02 00:24:36,583 [main] INFO  server.Server (Server.java:doStart(351)) - jetty-9.3.25.v20180904, build timestamp: 2018-09-04T21:11:46Z, git hash: 3ce520221d0240229c862b122d2b06c12a625732
2019-10-02 00:24:36,584 [main] INFO  handler.ContextHandler (ContextHandler.java:doStart(781)) - Started o.e.j.s.ServletContextHandler@36478bce{/logs,file:///workdir/hadoop-ozone/integration-test/target/log,AVAILABLE}
2019-10-02 00:24:36,585 [main] INFO  handler.ContextHandler (ContextHandler.java:doStart(781)) - Started o.e.j.s.ServletContextHandler@75793f17{/static,jar:file:/home/user/.m2/repository/org/apache/hadoop/hadoop-hdds-container-service/0.5.0-SNAPSHOT/hadoop-hdds-container-service-0.5.0-SNAPSHOT.jar!/webapps/static,AVAILABLE}
2019-10-02 00:24:36,622 [main] INFO  handler.ContextHandler (ContextHandler.java:doStart(781)) - Started o.e.j.w.WebAppContext@430df350{/,file:///tmp/jetty-0.0.0.0-46760-hddsDatanode-_-any-4348689618949511350.dir/webapp/,AVAILABLE}{/hddsDatanode}
2019-10-02 00:24:36,622 [main] INFO  server.AbstractConnector (AbstractConnector.java:doStart(278)) - Started ServerConnector@1373e3ee{HTTP/1.1,[http/1.1]}{0.0.0.0:46760}
2019-10-02 00:24:36,625 [main] INFO  server.Server (Server.java:doStart(419)) - Started @204212ms
2019-10-02 00:24:36,626 [main] WARN  impl.MetricsSystemImpl (MetricsSystemImpl.java:register(276)) - Sink prometheus already exists!
2019-10-02 00:24:36,627 [main] INFO  server.BaseHttpServer (BaseHttpServer.java:updateConnectorAddress(215)) - HTTP server of HDDSDATANODE is listening at http://0.0.0.0:46760
2019-10-02 00:24:36,628 [main] INFO  impl.MetricsSystemImpl (MetricsSystemImpl.java:init(158)) - HddsDatanode metrics system started (again)
2019-10-02 00:24:36,652 [org.apache.hadoop.util.JvmPauseMonitor$Monitor@59293e11] INFO  util.JvmPauseMonitor (JvmPauseMonitor.java:run(188)) - Starting JVM pause monitor
2019-10-02 00:24:36,653 [Datanode State Machine Thread - 0] INFO  datanode.InitDatanodeState (InitDatanodeState.java:persistContainerDatanodeDetails(140)) - DatanodeDetails is persisted to /workdir/hadoop-ozone/integration-test/target/test-dir/MiniOzoneClusterImpl-119a26f7-f77d-4643-9379-554c6d4b6695/datanode-5/meta/datanode.id
2019-10-02 00:24:36,654 [main] INFO  ozone.HddsDatanodeService (HddsDatanodeService.java:start(184)) - HddsDatanodeService host:pr-hdds-2201-rename-25sj9-3976918760 ip:192.168.30.63
2019-10-02 00:24:36,663 [main] INFO  volume.HddsVolume (HddsVolume.java:<init>(176)) - Creating Volume: /workdir/hadoop-ozone/integration-test/target/test-dir/MiniOzoneClusterImpl-119a26f7-f77d-4643-9379-554c6d4b6695/datanode-6/data/containers/hdds of  storage type : DISK and capacity : 1482555576320
2019-10-02 00:24:36,663 [main] INFO  volume.VolumeSet (VolumeSet.java:initializeVolumeSet(170)) - Added Volume : /workdir/hadoop-ozone/integration-test/target/test-dir/MiniOzoneClusterImpl-119a26f7-f77d-4643-9379-554c6d4b6695/datanode-6/data/containers/hdds to VolumeSet
2019-10-02 00:24:36,663 [main] INFO  volume.ThrottledAsyncChecker (ThrottledAsyncChecker.java:schedule(139)) - Scheduling a check for org.apache.hadoop.ozone.container.common.volume.HddsVolume@55296b50
2019-10-02 00:24:36,664 [main] INFO  volume.HddsVolumeChecker (HddsVolumeChecker.java:checkAllVolumes(202)) - Scheduled health check for volume org.apache.hadoop.ozone.container.common.volume.HddsVolume@55296b50
2019-10-02 00:24:36,681 [main] INFO  impl.RaftServerProxy (ConfUtils.java:logGet(43)) - raft.rpc.type = GRPC (default)
2019-10-02 00:24:36,681 [main] INFO  grpc.GrpcFactory (GrpcFactory.java:checkPooledByteBufAllocatorUseCacheForAllThreads(45)) - PERFORMANCE WARNING: useCacheForAllThreads is true that may cause Netty to create a lot garbage objects and, as a result, trigger GC.
	It is recommended to disable useCacheForAllThreads by setting -Dorg.apache.ratis.thirdparty.io.netty.allocator.useCacheForAllThreads=false in command line.
2019-10-02 00:24:36,681 [main] INFO  grpc.GrpcConfigKeys$Server (ConfUtils.java:logGet(43)) - raft.grpc.server.port = 0 (default)
2019-10-02 00:24:36,682 [main] INFO  server.GrpcService (ConfUtils.java:logGet(43)) - raft.grpc.message.size.max = 33570816 (custom)
2019-10-02 00:24:36,682 [main] INFO  server.RaftServerConfigKeys (ConfUtils.java:logGet(43)) - raft.server.log.appender.buffer.byte-limit = 33554432 (custom)
2019-10-02 00:24:36,682 [main] INFO  server.GrpcService (ConfUtils.java:logGet(43)) - raft.grpc.flow.control.window = 1MB (=1048576) (default)
2019-10-02 00:24:36,682 [main] INFO  server.RaftServerConfigKeys (ConfUtils.java:logGet(43)) - raft.server.rpc.request.timeout = 3000ms (default)
2019-10-02 00:24:36,683 [main] INFO  server.RaftServerConfigKeys (ConfUtils.java:logGet(43)) - raft.server.storage.dir = [/workdir/hadoop-ozone/integration-test/target/test-dir/MiniOzoneClusterImpl-119a26f7-f77d-4643-9379-554c6d4b6695/datanode-6/data/ratis] (custom)
2019-10-02 00:24:36,684 [main] INFO  hdfs.DFSUtil (DFSUtil.java:httpServerTemplateForNNAndJN(1641)) - Starting Web-server for hddsDatanode at: http://0.0.0.0:0
2019-10-02 00:24:36,685 [main] INFO  server.AuthenticationFilter (AuthenticationFilter.java:constructSecretProvider(240)) - Unable to initialize FileSignerSecretProvider, falling back to use random secrets.
2019-10-02 00:24:36,686 [main] WARN  http.HttpRequestLog (HttpRequestLog.java:getRequestLog(97)) - Jetty request log can only be enabled using Log4j
2019-10-02 00:24:36,687 [main] INFO  http.HttpServer2 (HttpServer2.java:addGlobalFilter(975)) - Added global filter 'safety' (class=org.apache.hadoop.http.HttpServer2$QuotingInputFilter)
2019-10-02 00:24:36,687 [main] INFO  http.HttpServer2 (HttpServer2.java:addFilter(948)) - Added filter static_user_filter (class=org.apache.hadoop.http.lib.StaticUserWebFilter$StaticUserFilter) to context hddsDatanode
2019-10-02 00:24:36,687 [main] INFO  http.HttpServer2 (HttpServer2.java:addFilter(958)) - Added filter static_user_filter (class=org.apache.hadoop.http.lib.StaticUserWebFilter$StaticUserFilter) to context logs
2019-10-02 00:24:36,687 [main] INFO  http.HttpServer2 (HttpServer2.java:addFilter(958)) - Added filter static_user_filter (class=org.apache.hadoop.http.lib.StaticUserWebFilter$StaticUserFilter) to context static
2019-10-02 00:24:36,688 [main] INFO  http.HttpServer2 (HttpServer2.java:bindListener(1191)) - Jetty bound to port 39449
2019-10-02 00:24:36,688 [main] INFO  server.Server (Server.java:doStart(351)) - jetty-9.3.25.v20180904, build timestamp: 2018-09-04T21:11:46Z, git hash: 3ce520221d0240229c862b122d2b06c12a625732
2019-10-02 00:24:36,690 [main] INFO  handler.ContextHandler (ContextHandler.java:doStart(781)) - Started o.e.j.s.ServletContextHandler@7f4a1cac{/logs,file:///workdir/hadoop-ozone/integration-test/target/log,AVAILABLE}
2019-10-02 00:24:36,690 [main] INFO  handler.ContextHandler (ContextHandler.java:doStart(781)) - Started o.e.j.s.ServletContextHandler@c568f91{/static,jar:file:/home/user/.m2/repository/org/apache/hadoop/hadoop-hdds-container-service/0.5.0-SNAPSHOT/hadoop-hdds-container-service-0.5.0-SNAPSHOT.jar!/webapps/static,AVAILABLE}
2019-10-02 00:24:36,717 [main] INFO  handler.ContextHandler (ContextHandler.java:doStart(781)) - Started o.e.j.w.WebAppContext@3e53c4ad{/,file:///tmp/jetty-0.0.0.0-39449-hddsDatanode-_-any-6410363893693640838.dir/webapp/,AVAILABLE}{/hddsDatanode}
2019-10-02 00:24:36,718 [main] INFO  server.AbstractConnector (AbstractConnector.java:doStart(278)) - Started ServerConnector@33eb0d4{HTTP/1.1,[http/1.1]}{0.0.0.0:39449}
2019-10-02 00:24:36,722 [main] INFO  server.Server (Server.java:doStart(419)) - Started @204309ms
2019-10-02 00:24:36,722 [main] WARN  impl.MetricsSystemImpl (MetricsSystemImpl.java:register(276)) - Sink prometheus already exists!
2019-10-02 00:24:36,723 [main] INFO  server.BaseHttpServer (BaseHttpServer.java:updateConnectorAddress(215)) - HTTP server of HDDSDATANODE is listening at http://0.0.0.0:39449
2019-10-02 00:24:36,723 [main] INFO  ozone.MiniOzoneClusterImpl (MiniOzoneClusterImpl.java:lambda$waitForClusterToBeReady$0(147)) - Waiting for cluster to be ready. Got 0 of 7 DN Heartbeats.
2019-10-02 00:24:36,724 [org.apache.hadoop.util.JvmPauseMonitor$Monitor@35190b27] INFO  util.JvmPauseMonitor (JvmPauseMonitor.java:run(188)) - Starting JVM pause monitor
2019-10-02 00:24:36,725 [Datanode State Machine Thread - 0] INFO  datanode.InitDatanodeState (InitDatanodeState.java:persistContainerDatanodeDetails(140)) - DatanodeDetails is persisted to /workdir/hadoop-ozone/integration-test/target/test-dir/MiniOzoneClusterImpl-119a26f7-f77d-4643-9379-554c6d4b6695/datanode-6/meta/datanode.id
2019-10-02 00:24:37,321 [grpc-default-executor-10] WARN  server.GrpcLogAppender (LogUtils.java:warn(134)) - 6e95f05e-e2a5-4890-a0e7-0cff46ac429d@group-E65543CD1FD8->46b08147-e058-4424-8100-2a54324fd185-AppendLogResponseHandler: Failed appendEntries: org.apache.ratis.thirdparty.io.grpc.StatusRuntimeException: UNAVAILABLE: io exception
2019-10-02 00:24:37,321 [grpc-default-executor-1] WARN  server.GrpcLogAppender (LogUtils.java:warn(134)) - 6e95f05e-e2a5-4890-a0e7-0cff46ac429d@group-E65543CD1FD8->30ddb538-5430-4b07-ac01-3a06f53f55c9-AppendLogResponseHandler: Failed appendEntries: org.apache.ratis.thirdparty.io.grpc.StatusRuntimeException: UNAVAILABLE: io exception
2019-10-02 00:24:37,321 [grpc-default-executor-10] INFO  impl.FollowerInfo (FollowerInfo.java:lambda$new$0(51)) - 6e95f05e-e2a5-4890-a0e7-0cff46ac429d@group-E65543CD1FD8->46b08147-e058-4424-8100-2a54324fd185: nextIndex: updateUnconditionally 0 -> 0
2019-10-02 00:24:37,321 [grpc-default-executor-1] INFO  impl.FollowerInfo (FollowerInfo.java:lambda$new$0(51)) - 6e95f05e-e2a5-4890-a0e7-0cff46ac429d@group-E65543CD1FD8->30ddb538-5430-4b07-ac01-3a06f53f55c9: nextIndex: updateUnconditionally 0 -> 0
2019-10-02 00:24:37,723 [main] INFO  ozone.MiniOzoneClusterImpl (MiniOzoneClusterImpl.java:lambda$waitForClusterToBeReady$0(147)) - Waiting for cluster to be ready. Got 0 of 7 DN Heartbeats.
2019-10-02 00:24:38,201 [Datanode State Machine Thread - 0] INFO  ozoneimpl.OzoneContainer (OzoneContainer.java:start(217)) - Attempting to start container services.
2019-10-02 00:24:38,201 [Datanode State Machine Thread - 0] INFO  ozoneimpl.OzoneContainer (OzoneContainer.java:startContainerScrub(179)) - Background container scanner has been disabled.
2019-10-02 00:24:38,201 [Datanode State Machine Thread - 0] INFO  ratis.XceiverServerRatis (XceiverServerRatis.java:start(417)) - Starting XceiverServerRatis 26998e6e-3feb-4b5a-8f2f-bfc627af3153 at port 0
2019-10-02 00:24:38,208 [Datanode State Machine Thread - 0] INFO  impl.RaftServerProxy (RaftServerProxy.java:lambda$start$3(299)) - 26998e6e-3feb-4b5a-8f2f-bfc627af3153: start RPC server
2019-10-02 00:24:38,209 [Datanode State Machine Thread - 0] INFO  server.GrpcService (GrpcService.java:startImpl(158)) - 26998e6e-3feb-4b5a-8f2f-bfc627af3153: GrpcService started, listening on 0.0.0.0/0.0.0.0:43614
2019-10-02 00:24:38,209 [Datanode State Machine Thread - 0] INFO  ratis.XceiverServerRatis (XceiverServerRatis.java:start(427)) - XceiverServerRatis 26998e6e-3feb-4b5a-8f2f-bfc627af3153 is started using port 43614
2019-10-02 00:24:38,210 [Datanode State Machine Thread - 0] INFO  server.XceiverServerGrpc (XceiverServerGrpc.java:start(149)) - XceiverServerGrpc 26998e6e-3feb-4b5a-8f2f-bfc627af3153 is started using port 38870
2019-10-02 00:24:38,235 [Datanode State Machine Thread - 0] INFO  ozoneimpl.OzoneContainer (OzoneContainer.java:start(217)) - Attempting to start container services.
2019-10-02 00:24:38,235 [Datanode State Machine Thread - 0] INFO  ozoneimpl.OzoneContainer (OzoneContainer.java:startContainerScrub(179)) - Background container scanner has been disabled.
2019-10-02 00:24:38,235 [Datanode State Machine Thread - 0] INFO  ratis.XceiverServerRatis (XceiverServerRatis.java:start(417)) - Starting XceiverServerRatis e3ad8c63-52e8-493c-b7d8-17ae40d30799 at port 0
2019-10-02 00:24:38,242 [Datanode State Machine Thread - 0] INFO  impl.RaftServerProxy (RaftServerProxy.java:lambda$start$3(299)) - e3ad8c63-52e8-493c-b7d8-17ae40d30799: start RPC server
2019-10-02 00:24:38,242 [Datanode State Machine Thread - 0] INFO  server.GrpcService (GrpcService.java:startImpl(158)) - e3ad8c63-52e8-493c-b7d8-17ae40d30799: GrpcService started, listening on 0.0.0.0/0.0.0.0:40118
2019-10-02 00:24:38,242 [Datanode State Machine Thread - 0] INFO  ratis.XceiverServerRatis (XceiverServerRatis.java:start(427)) - XceiverServerRatis e3ad8c63-52e8-493c-b7d8-17ae40d30799 is started using port 40118
2019-10-02 00:24:38,242 [Datanode State Machine Thread - 0] INFO  server.XceiverServerGrpc (XceiverServerGrpc.java:start(149)) - XceiverServerGrpc e3ad8c63-52e8-493c-b7d8-17ae40d30799 is started using port 34145
2019-10-02 00:24:38,310 [Datanode State Machine Thread - 0] INFO  ozoneimpl.OzoneContainer (OzoneContainer.java:start(217)) - Attempting to start container services.
2019-10-02 00:24:38,311 [Datanode State Machine Thread - 0] INFO  ozoneimpl.OzoneContainer (OzoneContainer.java:startContainerScrub(179)) - Background container scanner has been disabled.
2019-10-02 00:24:38,311 [Datanode State Machine Thread - 0] INFO  ratis.XceiverServerRatis (XceiverServerRatis.java:start(417)) - Starting XceiverServerRatis 8f648e44-79c5-4c02-bc8a-5021643fedf8 at port 0
2019-10-02 00:24:38,317 [Datanode State Machine Thread - 0] INFO  impl.RaftServerProxy (RaftServerProxy.java:lambda$start$3(299)) - 8f648e44-79c5-4c02-bc8a-5021643fedf8: start RPC server
2019-10-02 00:24:38,318 [Datanode State Machine Thread - 0] INFO  server.GrpcService (GrpcService.java:startImpl(158)) - 8f648e44-79c5-4c02-bc8a-5021643fedf8: GrpcService started, listening on 0.0.0.0/0.0.0.0:42226
2019-10-02 00:24:38,318 [Datanode State Machine Thread - 0] INFO  ratis.XceiverServerRatis (XceiverServerRatis.java:start(427)) - XceiverServerRatis 8f648e44-79c5-4c02-bc8a-5021643fedf8 is started using port 42226
2019-10-02 00:24:38,319 [Datanode State Machine Thread - 0] INFO  server.XceiverServerGrpc (XceiverServerGrpc.java:start(149)) - XceiverServerGrpc 8f648e44-79c5-4c02-bc8a-5021643fedf8 is started using port 34331
2019-10-02 00:24:38,452 [Datanode State Machine Thread - 0] INFO  ozoneimpl.OzoneContainer (OzoneContainer.java:start(217)) - Attempting to start container services.
2019-10-02 00:24:38,453 [Datanode State Machine Thread - 0] INFO  ozoneimpl.OzoneContainer (OzoneContainer.java:startContainerScrub(179)) - Background container scanner has been disabled.
2019-10-02 00:24:38,453 [Datanode State Machine Thread - 0] INFO  ratis.XceiverServerRatis (XceiverServerRatis.java:start(417)) - Starting XceiverServerRatis d62de2c1-b5fa-499e-aedf-1a7d0068d3b5 at port 0
2019-10-02 00:24:38,459 [Datanode State Machine Thread - 0] INFO  impl.RaftServerProxy (RaftServerProxy.java:lambda$start$3(299)) - d62de2c1-b5fa-499e-aedf-1a7d0068d3b5: start RPC server
2019-10-02 00:24:38,463 [Datanode State Machine Thread - 0] INFO  server.GrpcService (GrpcService.java:startImpl(158)) - d62de2c1-b5fa-499e-aedf-1a7d0068d3b5: GrpcService started, listening on 0.0.0.0/0.0.0.0:39222
2019-10-02 00:24:38,464 [Datanode State Machine Thread - 0] INFO  ratis.XceiverServerRatis (XceiverServerRatis.java:start(427)) - XceiverServerRatis d62de2c1-b5fa-499e-aedf-1a7d0068d3b5 is started using port 39222
2019-10-02 00:24:38,464 [Datanode State Machine Thread - 0] INFO  server.XceiverServerGrpc (XceiverServerGrpc.java:start(149)) - XceiverServerGrpc d62de2c1-b5fa-499e-aedf-1a7d0068d3b5 is started using port 40695
2019-10-02 00:24:38,553 [Datanode State Machine Thread - 0] INFO  ozoneimpl.OzoneContainer (OzoneContainer.java:start(217)) - Attempting to start container services.
2019-10-02 00:24:38,553 [Datanode State Machine Thread - 0] INFO  ozoneimpl.OzoneContainer (OzoneContainer.java:startContainerScrub(179)) - Background container scanner has been disabled.
2019-10-02 00:24:38,553 [Datanode State Machine Thread - 0] INFO  ratis.XceiverServerRatis (XceiverServerRatis.java:start(417)) - Starting XceiverServerRatis bd57cbc4-0fd1-4057-b889-79cecd8b74ed at port 0
2019-10-02 00:24:38,560 [Datanode State Machine Thread - 0] INFO  impl.RaftServerProxy (RaftServerProxy.java:lambda$start$3(299)) - bd57cbc4-0fd1-4057-b889-79cecd8b74ed: start RPC server
2019-10-02 00:24:38,566 [Datanode State Machine Thread - 0] INFO  server.GrpcService (GrpcService.java:startImpl(158)) - bd57cbc4-0fd1-4057-b889-79cecd8b74ed: GrpcService started, listening on 0.0.0.0/0.0.0.0:43815
2019-10-02 00:24:38,566 [Datanode State Machine Thread - 0] INFO  ratis.XceiverServerRatis (XceiverServerRatis.java:start(427)) - XceiverServerRatis bd57cbc4-0fd1-4057-b889-79cecd8b74ed is started using port 43815
2019-10-02 00:24:38,566 [Datanode State Machine Thread - 0] INFO  server.XceiverServerGrpc (XceiverServerGrpc.java:start(149)) - XceiverServerGrpc bd57cbc4-0fd1-4057-b889-79cecd8b74ed is started using port 35922
2019-10-02 00:24:38,678 [Datanode State Machine Thread - 0] INFO  ozoneimpl.OzoneContainer (OzoneContainer.java:start(217)) - Attempting to start container services.
2019-10-02 00:24:38,678 [Datanode State Machine Thread - 0] INFO  ozoneimpl.OzoneContainer (OzoneContainer.java:startContainerScrub(179)) - Background container scanner has been disabled.
2019-10-02 00:24:38,678 [Datanode State Machine Thread - 0] INFO  ratis.XceiverServerRatis (XceiverServerRatis.java:start(417)) - Starting XceiverServerRatis 755d3141-7e66-461f-ae0c-644f826e160f at port 0
2019-10-02 00:24:38,685 [Datanode State Machine Thread - 0] INFO  impl.RaftServerProxy (RaftServerProxy.java:lambda$start$3(299)) - 755d3141-7e66-461f-ae0c-644f826e160f: start RPC server
2019-10-02 00:24:38,685 [Datanode State Machine Thread - 0] INFO  server.GrpcService (GrpcService.java:startImpl(158)) - 755d3141-7e66-461f-ae0c-644f826e160f: GrpcService started, listening on 0.0.0.0/0.0.0.0:41033
2019-10-02 00:24:38,685 [Datanode State Machine Thread - 0] INFO  ratis.XceiverServerRatis (XceiverServerRatis.java:start(427)) - XceiverServerRatis 755d3141-7e66-461f-ae0c-644f826e160f is started using port 41033
2019-10-02 00:24:38,686 [Datanode State Machine Thread - 0] INFO  server.XceiverServerGrpc (XceiverServerGrpc.java:start(149)) - XceiverServerGrpc 755d3141-7e66-461f-ae0c-644f826e160f is started using port 42691
2019-10-02 00:24:38,724 [main] INFO  ozone.MiniOzoneClusterImpl (MiniOzoneClusterImpl.java:lambda$waitForClusterToBeReady$0(147)) - Waiting for cluster to be ready. Got 0 of 7 DN Heartbeats.
2019-10-02 00:24:38,753 [Datanode State Machine Thread - 0] INFO  ozoneimpl.OzoneContainer (OzoneContainer.java:start(217)) - Attempting to start container services.
2019-10-02 00:24:38,754 [Datanode State Machine Thread - 0] INFO  ozoneimpl.OzoneContainer (OzoneContainer.java:startContainerScrub(179)) - Background container scanner has been disabled.
2019-10-02 00:24:38,754 [Datanode State Machine Thread - 0] INFO  ratis.XceiverServerRatis (XceiverServerRatis.java:start(417)) - Starting XceiverServerRatis d7c2efc8-63b7-4cfd-8c82-aae14753b902 at port 0
2019-10-02 00:24:38,761 [Datanode State Machine Thread - 0] INFO  impl.RaftServerProxy (RaftServerProxy.java:lambda$start$3(299)) - d7c2efc8-63b7-4cfd-8c82-aae14753b902: start RPC server
2019-10-02 00:24:38,767 [Datanode State Machine Thread - 0] INFO  server.GrpcService (GrpcService.java:startImpl(158)) - d7c2efc8-63b7-4cfd-8c82-aae14753b902: GrpcService started, listening on 0.0.0.0/0.0.0.0:33545
2019-10-02 00:24:38,767 [Datanode State Machine Thread - 0] INFO  ratis.XceiverServerRatis (XceiverServerRatis.java:start(427)) - XceiverServerRatis d7c2efc8-63b7-4cfd-8c82-aae14753b902 is started using port 33545
2019-10-02 00:24:38,786 [Datanode State Machine Thread - 0] INFO  server.XceiverServerGrpc (XceiverServerGrpc.java:start(149)) - XceiverServerGrpc d7c2efc8-63b7-4cfd-8c82-aae14753b902 is started using port 40493
2019-10-02 00:24:39,724 [main] INFO  ozone.MiniOzoneClusterImpl (MiniOzoneClusterImpl.java:lambda$waitForClusterToBeReady$0(147)) - Waiting for cluster to be ready. Got 0 of 7 DN Heartbeats.
2019-10-02 00:24:39,822 [grpc-default-executor-6] WARN  server.GrpcLogAppender (LogUtils.java:warn(134)) - 6e95f05e-e2a5-4890-a0e7-0cff46ac429d@group-E65543CD1FD8->46b08147-e058-4424-8100-2a54324fd185-AppendLogResponseHandler: Failed appendEntries: org.apache.ratis.thirdparty.io.grpc.StatusRuntimeException: UNAVAILABLE: io exception
2019-10-02 00:24:39,822 [grpc-default-executor-9] WARN  server.GrpcLogAppender (LogUtils.java:warn(134)) - 6e95f05e-e2a5-4890-a0e7-0cff46ac429d@group-E65543CD1FD8->30ddb538-5430-4b07-ac01-3a06f53f55c9-AppendLogResponseHandler: Failed appendEntries: org.apache.ratis.thirdparty.io.grpc.StatusRuntimeException: UNAVAILABLE: io exception
2019-10-02 00:24:39,822 [grpc-default-executor-6] INFO  impl.FollowerInfo (FollowerInfo.java:lambda$new$0(51)) - 6e95f05e-e2a5-4890-a0e7-0cff46ac429d@group-E65543CD1FD8->46b08147-e058-4424-8100-2a54324fd185: nextIndex: updateUnconditionally 0 -> 0
2019-10-02 00:24:39,822 [grpc-default-executor-9] INFO  impl.FollowerInfo (FollowerInfo.java:lambda$new$0(51)) - 6e95f05e-e2a5-4890-a0e7-0cff46ac429d@group-E65543CD1FD8->30ddb538-5430-4b07-ac01-3a06f53f55c9: nextIndex: updateUnconditionally 0 -> 0
2019-10-02 00:24:40,124 [IPC Server handler 0 on 45789] INFO  net.NetworkTopology (NetworkTopologyImpl.java:add(111)) - Added a new node: /default-rack/26998e6e-3feb-4b5a-8f2f-bfc627af3153
2019-10-02 00:24:40,130 [IPC Server handler 0 on 45789] INFO  node.SCMNodeManager (SCMNodeManager.java:register(266)) - Registered Data node : 26998e6e-3feb-4b5a-8f2f-bfc627af3153{ip: 192.168.30.63, host: pr-hdds-2201-rename-25sj9-3976918760, networkLocation: /default-rack, certSerialId: null}
2019-10-02 00:24:40,131 [EventQueue-NodeRegistrationContainerReportForDataNodeSafeModeRule] INFO  safemode.SCMSafeModeManager (DataNodeSafeModeRule.java:process(71)) - SCM in safe mode. 1 DataNodes registered, 1 required.
2019-10-02 00:24:40,135 [EventQueue-NodeRegistrationContainerReportForDataNodeSafeModeRule] INFO  safemode.SCMSafeModeManager (SCMSafeModeManager.java:validateSafeModeExitRules(177)) - ScmSafeModeManager, all rules are successfully validated
2019-10-02 00:24:40,135 [EventQueue-NodeRegistrationContainerReportForDataNodeSafeModeRule] INFO  safemode.SCMSafeModeManager (SCMSafeModeManager.java:exitSafeMode(193)) - SCM exiting safe mode.
2019-10-02 00:24:40,144 [grpc-default-executor-9] INFO  impl.RaftServerProxy (RaftServerProxy.java:addNew(89)) - 26998e6e-3feb-4b5a-8f2f-bfc627af3153: addNew group-B24AF73B07C3:[26998e6e-3feb-4b5a-8f2f-bfc627af3153:192.168.30.63:43614] returns group-B24AF73B07C3:java.util.concurrent.CompletableFuture@76a72a42[Not completed]
2019-10-02 00:24:40,145 [pool-383-thread-1] INFO  impl.RaftServerImpl (RaftServerImpl.java:<init>(95)) - 26998e6e-3feb-4b5a-8f2f-bfc627af3153: new RaftServerImpl for group-B24AF73B07C3:[26998e6e-3feb-4b5a-8f2f-bfc627af3153:192.168.30.63:43614] with ContainerStateMachine:uninitialized
2019-10-02 00:24:40,145 [pool-383-thread-1] INFO  server.RaftServerConfigKeys (ConfUtils.java:logGet(43)) - raft.server.rpc.timeout.min = 5s (custom)
2019-10-02 00:24:40,145 [pool-383-thread-1] INFO  server.RaftServerConfigKeys (ConfUtils.java:logGet(43)) - raft.server.rpc.timeout.max = 5200ms (custom)
2019-10-02 00:24:40,145 [pool-383-thread-1] INFO  server.RaftServerConfigKeys (ConfUtils.java:logGet(43)) - raft.server.rpcslowness.timeout = 120s (custom)
2019-10-02 00:24:40,146 [pool-383-thread-1] INFO  server.RaftServerConfigKeys (ConfUtils.java:logGet(43)) - raft.server.sleep.deviation.threshold = 300 (default)
2019-10-02 00:24:40,146 [pool-383-thread-1] INFO  server.RaftServerConfigKeys (ConfUtils.java:logGet(43)) - raft.server.log.appender.install.snapshot.enabled = false (custom)
2019-10-02 00:24:40,146 [pool-383-thread-1] INFO  impl.RaftServerImpl (ServerState.java:<init>(103)) - 26998e6e-3feb-4b5a-8f2f-bfc627af3153@group-B24AF73B07C3: ConfigurationManager, init=-1: [26998e6e-3feb-4b5a-8f2f-bfc627af3153:192.168.30.63:43614], old=null, confs=<EMPTY_MAP>
2019-10-02 00:24:40,146 [pool-383-thread-1] INFO  server.RaftServerConfigKeys (ConfUtils.java:logGet(43)) - raft.server.storage.dir = [/workdir/hadoop-ozone/integration-test/target/test-dir/MiniOzoneClusterImpl-119a26f7-f77d-4643-9379-554c6d4b6695/datanode-0/data/ratis] (custom)
2019-10-02 00:24:40,146 [pool-383-thread-1] INFO  server.RaftServerConfigKeys (ConfUtils.java:logGet(43)) - raft.server.log.corruption.policy = EXCEPTION (default)
2019-10-02 00:24:40,146 [pool-383-thread-1] INFO  storage.RaftStorageDirectory (RaftStorageDirectory.java:analyzeStorage(246)) - The storage directory /workdir/hadoop-ozone/integration-test/target/test-dir/MiniOzoneClusterImpl-119a26f7-f77d-4643-9379-554c6d4b6695/datanode-0/data/ratis/e617c08e-8401-4b40-8ebb-b24af73b07c3 does not exist. Creating ...
2019-10-02 00:24:40,187 [pool-383-thread-1] INFO  storage.RaftStorageDirectory (RaftStorageDirectory.java:tryLock(328)) - Lock on /workdir/hadoop-ozone/integration-test/target/test-dir/MiniOzoneClusterImpl-119a26f7-f77d-4643-9379-554c6d4b6695/datanode-0/data/ratis/e617c08e-8401-4b40-8ebb-b24af73b07c3/in_use.lock acquired by nodename 10586@pr-hdds-2201-rename-25sj9-3976918760
2019-10-02 00:24:40,212 [pool-383-thread-1] INFO  storage.RaftStorage (RaftStorage.java:format(84)) - Storage directory /workdir/hadoop-ozone/integration-test/target/test-dir/MiniOzoneClusterImpl-119a26f7-f77d-4643-9379-554c6d4b6695/datanode-0/data/ratis/e617c08e-8401-4b40-8ebb-b24af73b07c3 has been successfully formatted.
2019-10-02 00:24:40,213 [pool-383-thread-1] INFO  ratis.ContainerStateMachine (ContainerStateMachine.java:loadSnapshot(230)) - group-B24AF73B07C3: The snapshot info is null. Setting the last applied indexto:(t:0, i:~)
2019-10-02 00:24:40,213 [pool-383-thread-1] INFO  server.RaftServerConfigKeys (ConfUtils.java:logGet(43)) - raft.server.notification.no-leader.timeout = 120s (custom)
2019-10-02 00:24:40,213 [pool-383-thread-1] INFO  server.RaftServerConfigKeys (ConfUtils.java:logGet(43)) - raft.server.log.use.memory = false (default)
2019-10-02 00:24:40,213 [pool-383-thread-1] INFO  server.RaftServerConfigKeys (ConfUtils.java:logGet(43)) - raft.server.log.purge.gap = 1000000 (custom)
2019-10-02 00:24:40,213 [pool-383-thread-1] INFO  server.RaftServerConfigKeys (ConfUtils.java:logGet(43)) - raft.server.log.appender.buffer.byte-limit = 33554432 (custom)
2019-10-02 00:24:40,213 [pool-383-thread-1] INFO  server.RaftServerConfigKeys (ConfUtils.java:logGet(43)) - raft.server.log.segment.size.max = 1048576 (custom)
2019-10-02 00:24:40,215 [pool-383-thread-1] INFO  server.RaftServerConfigKeys (ConfUtils.java:logGet(43)) - raft.server.log.segment.cache.num.max = 2 (custom)
2019-10-02 00:24:40,215 [pool-383-thread-1] INFO  segmented.SegmentedRaftLogWorker (SegmentedRaftLogWorker.java:<init>(173)) - new 26998e6e-3feb-4b5a-8f2f-bfc627af3153@group-B24AF73B07C3-SegmentedRaftLogWorker for RaftStorage:Storage Directory /workdir/hadoop-ozone/integration-test/target/test-dir/MiniOzoneClusterImpl-119a26f7-f77d-4643-9379-554c6d4b6695/datanode-0/data/ratis/e617c08e-8401-4b40-8ebb-b24af73b07c3
2019-10-02 00:24:40,215 [IPC Server handler 2 on 45789] INFO  net.NetworkTopology (NetworkTopologyImpl.java:add(111)) - Added a new node: /default-rack/e3ad8c63-52e8-493c-b7d8-17ae40d30799
2019-10-02 00:24:40,215 [pool-383-thread-1] INFO  server.RaftServerConfigKeys (ConfUtils.java:logGet(43)) - raft.server.log.queue.byte-limit = 2147483647 (custom)
2019-10-02 00:24:40,215 [IPC Server handler 2 on 45789] INFO  node.SCMNodeManager (SCMNodeManager.java:register(266)) - Registered Data node : e3ad8c63-52e8-493c-b7d8-17ae40d30799{ip: 192.168.30.63, host: pr-hdds-2201-rename-25sj9-3976918760, networkLocation: /default-rack, certSerialId: null}
2019-10-02 00:24:40,215 [pool-383-thread-1] INFO  server.RaftServerConfigKeys (ConfUtils.java:logGet(43)) - raft.server.log.queue.element-limit = 1024 (custom)
2019-10-02 00:24:40,216 [pool-383-thread-1] INFO  server.RaftServerConfigKeys (ConfUtils.java:logGet(43)) - raft.server.log.segment.size.max = 1048576 (custom)
2019-10-02 00:24:40,216 [pool-383-thread-1] INFO  server.RaftServerConfigKeys (ConfUtils.java:logGet(43)) - raft.server.log.preallocated.size = 16384 (custom)
2019-10-02 00:24:40,216 [pool-383-thread-1] INFO  server.RaftServerConfigKeys (ConfUtils.java:logGet(43)) - raft.server.log.write.buffer.size = 33554432 (custom)
2019-10-02 00:24:40,216 [pool-383-thread-1] INFO  server.RaftServerConfigKeys (ConfUtils.java:logGet(43)) - raft.server.log.force.sync.num = 128 (default)
2019-10-02 00:24:40,216 [pool-383-thread-1] INFO  server.RaftServerConfigKeys (ConfUtils.java:logGet(43)) - raft.server.log.statemachine.data.sync = true (default)
2019-10-02 00:24:40,216 [pool-383-thread-1] INFO  server.RaftServerConfigKeys (ConfUtils.java:logGet(43)) - raft.server.log.statemachine.data.sync.timeout = 10s (default)
2019-10-02 00:24:40,216 [pool-383-thread-1] INFO  server.RaftServerConfigKeys (ConfUtils.java:logGet(43)) - raft.server.log.statemachine.data.sync.timeout.retry = -1 (default)
2019-10-02 00:24:40,217 [pool-383-thread-1] INFO  server.RaftServerConfigKeys (ConfUtils.java:logGet(43)) - raft.server.log.statemachine.data.caching.enabled = true (custom)
2019-10-02 00:24:40,217 [pool-383-thread-1] INFO  segmented.SegmentedRaftLogWorker (SegmentedRaftLogWorker.java:lambda$new$0(128)) - 26998e6e-3feb-4b5a-8f2f-bfc627af3153@group-B24AF73B07C3-SegmentedRaftLogWorker: flushIndex: setUnconditionally 0 -> -1
2019-10-02 00:24:40,217 [pool-383-thread-1] INFO  server.RaftServerConfigKeys (ConfUtils.java:logGet(43)) - raft.server.snapshot.auto.trigger.enabled = true (custom)
2019-10-02 00:24:40,217 [pool-383-thread-1] INFO  server.RaftServerConfigKeys (ConfUtils.java:logGet(43)) - raft.server.snapshot.auto.trigger.threshold = 10000 (custom)
2019-10-02 00:24:40,217 [pool-383-thread-1] INFO  server.RaftServerConfigKeys (ConfUtils.java:logGet(43)) - raft.server.snapshot.retention.file.num = 5 (custom)
2019-10-02 00:24:40,218 [pool-383-thread-1] INFO  server.RaftServerConfigKeys (ConfUtils.java:logGet(43)) - raft.server.retrycache.expirytime = 600000ms (custom)
2019-10-02 00:24:40,219 [pool-383-thread-1] INFO  impl.RaftServerImpl (RaftServerImpl.java:start(181)) - 26998e6e-3feb-4b5a-8f2f-bfc627af3153@group-B24AF73B07C3: start as a follower, conf=-1: [26998e6e-3feb-4b5a-8f2f-bfc627af3153:192.168.30.63:43614], old=null
2019-10-02 00:24:40,219 [pool-383-thread-1] INFO  impl.RaftServerImpl (RaftServerImpl.java:setRole(170)) - 26998e6e-3feb-4b5a-8f2f-bfc627af3153@group-B24AF73B07C3: changes role from      null to FOLLOWER at term 0 for startAsFollower
2019-10-02 00:24:40,219 [pool-383-thread-1] INFO  impl.RoleInfo (RoleInfo.java:updateAndGet(143)) - 26998e6e-3feb-4b5a-8f2f-bfc627af3153: start FollowerState
2019-10-02 00:24:40,219 [pool-383-thread-1] INFO  util.JmxRegister (JmxRegister.java:tryRegister(44)) - Successfully registered JMX Bean with object name Ratis:service=RaftServer,group=group-B24AF73B07C3,id=26998e6e-3feb-4b5a-8f2f-bfc627af3153
2019-10-02 00:24:40,237 [RatisPipelineUtilsThread] INFO  pipeline.PipelineStateManager (PipelineStateManager.java:addPipeline(56)) - Created pipeline Pipeline[ Id: e617c08e-8401-4b40-8ebb-b24af73b07c3, Nodes: 26998e6e-3feb-4b5a-8f2f-bfc627af3153{ip: 192.168.30.63, host: pr-hdds-2201-rename-25sj9-3976918760, networkLocation: /default-rack, certSerialId: null}, Type:RATIS, Factor:ONE, State:OPEN]
2019-10-02 00:24:40,248 [grpc-default-executor-9] INFO  impl.RaftServerProxy (RaftServerProxy.java:addNew(89)) - e3ad8c63-52e8-493c-b7d8-17ae40d30799: addNew group-9C2B3B270A6A:[e3ad8c63-52e8-493c-b7d8-17ae40d30799:192.168.30.63:40118] returns group-9C2B3B270A6A:java.util.concurrent.CompletableFuture@2f84794b[Not completed]
2019-10-02 00:24:40,249 [pool-393-thread-1] INFO  impl.RaftServerImpl (RaftServerImpl.java:<init>(95)) - e3ad8c63-52e8-493c-b7d8-17ae40d30799: new RaftServerImpl for group-9C2B3B270A6A:[e3ad8c63-52e8-493c-b7d8-17ae40d30799:192.168.30.63:40118] with ContainerStateMachine:uninitialized
2019-10-02 00:24:40,249 [pool-393-thread-1] INFO  server.RaftServerConfigKeys (ConfUtils.java:logGet(43)) - raft.server.rpc.timeout.min = 5s (custom)
2019-10-02 00:24:40,249 [pool-393-thread-1] INFO  server.RaftServerConfigKeys (ConfUtils.java:logGet(43)) - raft.server.rpc.timeout.max = 5200ms (custom)
2019-10-02 00:24:40,249 [pool-393-thread-1] INFO  server.RaftServerConfigKeys (ConfUtils.java:logGet(43)) - raft.server.rpcslowness.timeout = 120s (custom)
2019-10-02 00:24:40,249 [pool-393-thread-1] INFO  server.RaftServerConfigKeys (ConfUtils.java:logGet(43)) - raft.server.sleep.deviation.threshold = 300 (default)
2019-10-02 00:24:40,249 [pool-393-thread-1] INFO  server.RaftServerConfigKeys (ConfUtils.java:logGet(43)) - raft.server.log.appender.install.snapshot.enabled = false (custom)
2019-10-02 00:24:40,249 [pool-393-thread-1] INFO  impl.RaftServerImpl (ServerState.java:<init>(103)) - e3ad8c63-52e8-493c-b7d8-17ae40d30799@group-9C2B3B270A6A: ConfigurationManager, init=-1: [e3ad8c63-52e8-493c-b7d8-17ae40d30799:192.168.30.63:40118], old=null, confs=<EMPTY_MAP>
2019-10-02 00:24:40,249 [pool-393-thread-1] INFO  server.RaftServerConfigKeys (ConfUtils.java:logGet(43)) - raft.server.storage.dir = [/workdir/hadoop-ozone/integration-test/target/test-dir/MiniOzoneClusterImpl-119a26f7-f77d-4643-9379-554c6d4b6695/datanode-1/data/ratis] (custom)
2019-10-02 00:24:40,250 [pool-393-thread-1] INFO  server.RaftServerConfigKeys (ConfUtils.java:logGet(43)) - raft.server.log.corruption.policy = EXCEPTION (default)
2019-10-02 00:24:40,250 [pool-393-thread-1] INFO  storage.RaftStorageDirectory (RaftStorageDirectory.java:analyzeStorage(246)) - The storage directory /workdir/hadoop-ozone/integration-test/target/test-dir/MiniOzoneClusterImpl-119a26f7-f77d-4643-9379-554c6d4b6695/datanode-1/data/ratis/7cd46b27-8638-4f66-9768-9c2b3b270a6a does not exist. Creating ...
2019-10-02 00:24:40,279 [pool-393-thread-1] INFO  storage.RaftStorageDirectory (RaftStorageDirectory.java:tryLock(328)) - Lock on /workdir/hadoop-ozone/integration-test/target/test-dir/MiniOzoneClusterImpl-119a26f7-f77d-4643-9379-554c6d4b6695/datanode-1/data/ratis/7cd46b27-8638-4f66-9768-9c2b3b270a6a/in_use.lock acquired by nodename 10586@pr-hdds-2201-rename-25sj9-3976918760
2019-10-02 00:24:40,285 [IPC Server handler 3 on 45789] INFO  net.NetworkTopology (NetworkTopologyImpl.java:add(111)) - Added a new node: /default-rack/8f648e44-79c5-4c02-bc8a-5021643fedf8
2019-10-02 00:24:40,285 [IPC Server handler 3 on 45789] INFO  node.SCMNodeManager (SCMNodeManager.java:register(266)) - Registered Data node : 8f648e44-79c5-4c02-bc8a-5021643fedf8{ip: 192.168.30.63, host: pr-hdds-2201-rename-25sj9-3976918760, networkLocation: /default-rack, certSerialId: null}
2019-10-02 00:24:40,305 [pool-393-thread-1] INFO  storage.RaftStorage (RaftStorage.java:format(84)) - Storage directory /workdir/hadoop-ozone/integration-test/target/test-dir/MiniOzoneClusterImpl-119a26f7-f77d-4643-9379-554c6d4b6695/datanode-1/data/ratis/7cd46b27-8638-4f66-9768-9c2b3b270a6a has been successfully formatted.
2019-10-02 00:24:40,305 [pool-393-thread-1] INFO  ratis.ContainerStateMachine (ContainerStateMachine.java:loadSnapshot(230)) - group-9C2B3B270A6A: The snapshot info is null. Setting the last applied indexto:(t:0, i:~)
2019-10-02 00:24:40,305 [pool-393-thread-1] INFO  server.RaftServerConfigKeys (ConfUtils.java:logGet(43)) - raft.server.notification.no-leader.timeout = 120s (custom)
2019-10-02 00:24:40,305 [pool-393-thread-1] INFO  server.RaftServerConfigKeys (ConfUtils.java:logGet(43)) - raft.server.log.use.memory = false (default)
2019-10-02 00:24:40,305 [pool-393-thread-1] INFO  server.RaftServerConfigKeys (ConfUtils.java:logGet(43)) - raft.server.log.purge.gap = 1000000 (custom)
2019-10-02 00:24:40,305 [pool-393-thread-1] INFO  server.RaftServerConfigKeys (ConfUtils.java:logGet(43)) - raft.server.log.appender.buffer.byte-limit = 33554432 (custom)
2019-10-02 00:24:40,305 [pool-393-thread-1] INFO  server.RaftServerConfigKeys (ConfUtils.java:logGet(43)) - raft.server.log.segment.size.max = 1048576 (custom)
2019-10-02 00:24:40,306 [pool-393-thread-1] INFO  server.RaftServerConfigKeys (ConfUtils.java:logGet(43)) - raft.server.log.segment.cache.num.max = 2 (custom)
2019-10-02 00:24:40,307 [pool-393-thread-1] INFO  segmented.SegmentedRaftLogWorker (SegmentedRaftLogWorker.java:<init>(173)) - new e3ad8c63-52e8-493c-b7d8-17ae40d30799@group-9C2B3B270A6A-SegmentedRaftLogWorker for RaftStorage:Storage Directory /workdir/hadoop-ozone/integration-test/target/test-dir/MiniOzoneClusterImpl-119a26f7-f77d-4643-9379-554c6d4b6695/datanode-1/data/ratis/7cd46b27-8638-4f66-9768-9c2b3b270a6a
2019-10-02 00:24:40,307 [pool-393-thread-1] INFO  server.RaftServerConfigKeys (ConfUtils.java:logGet(43)) - raft.server.log.queue.byte-limit = 2147483647 (custom)
2019-10-02 00:24:40,307 [pool-393-thread-1] INFO  server.RaftServerConfigKeys (ConfUtils.java:logGet(43)) - raft.server.log.queue.element-limit = 1024 (custom)
2019-10-02 00:24:40,307 [pool-393-thread-1] INFO  server.RaftServerConfigKeys (ConfUtils.java:logGet(43)) - raft.server.log.segment.size.max = 1048576 (custom)
2019-10-02 00:24:40,307 [pool-393-thread-1] INFO  server.RaftServerConfigKeys (ConfUtils.java:logGet(43)) - raft.server.log.preallocated.size = 16384 (custom)
2019-10-02 00:24:40,307 [pool-393-thread-1] INFO  server.RaftServerConfigKeys (ConfUtils.java:logGet(43)) - raft.server.log.write.buffer.size = 33554432 (custom)
2019-10-02 00:24:40,307 [pool-393-thread-1] INFO  server.RaftServerConfigKeys (ConfUtils.java:logGet(43)) - raft.server.log.force.sync.num = 128 (default)
2019-10-02 00:24:40,307 [pool-393-thread-1] INFO  server.RaftServerConfigKeys (ConfUtils.java:logGet(43)) - raft.server.log.statemachine.data.sync = true (default)
2019-10-02 00:24:40,307 [pool-393-thread-1] INFO  server.RaftServerConfigKeys (ConfUtils.java:logGet(43)) - raft.server.log.statemachine.data.sync.timeout = 10s (default)
2019-10-02 00:24:40,307 [pool-393-thread-1] INFO  server.RaftServerConfigKeys (ConfUtils.java:logGet(43)) - raft.server.log.statemachine.data.sync.timeout.retry = -1 (default)
2019-10-02 00:24:40,308 [pool-393-thread-1] INFO  server.RaftServerConfigKeys (ConfUtils.java:logGet(43)) - raft.server.log.statemachine.data.caching.enabled = true (custom)
2019-10-02 00:24:40,308 [pool-393-thread-1] INFO  segmented.SegmentedRaftLogWorker (SegmentedRaftLogWorker.java:lambda$new$0(128)) - e3ad8c63-52e8-493c-b7d8-17ae40d30799@group-9C2B3B270A6A-SegmentedRaftLogWorker: flushIndex: setUnconditionally 0 -> -1
2019-10-02 00:24:40,308 [pool-393-thread-1] INFO  server.RaftServerConfigKeys (ConfUtils.java:logGet(43)) - raft.server.snapshot.auto.trigger.enabled = true (custom)
2019-10-02 00:24:40,308 [pool-393-thread-1] INFO  server.RaftServerConfigKeys (ConfUtils.java:logGet(43)) - raft.server.snapshot.auto.trigger.threshold = 10000 (custom)
2019-10-02 00:24:40,308 [pool-393-thread-1] INFO  server.RaftServerConfigKeys (ConfUtils.java:logGet(43)) - raft.server.snapshot.retention.file.num = 5 (custom)
2019-10-02 00:24:40,308 [pool-393-thread-1] INFO  server.RaftServerConfigKeys (ConfUtils.java:logGet(43)) - raft.server.retrycache.expirytime = 600000ms (custom)
2019-10-02 00:24:40,309 [pool-393-thread-1] INFO  impl.RaftServerImpl (RaftServerImpl.java:start(181)) - e3ad8c63-52e8-493c-b7d8-17ae40d30799@group-9C2B3B270A6A: start as a follower, conf=-1: [e3ad8c63-52e8-493c-b7d8-17ae40d30799:192.168.30.63:40118], old=null
2019-10-02 00:24:40,310 [pool-393-thread-1] INFO  impl.RaftServerImpl (RaftServerImpl.java:setRole(170)) - e3ad8c63-52e8-493c-b7d8-17ae40d30799@group-9C2B3B270A6A: changes role from      null to FOLLOWER at term 0 for startAsFollower
2019-10-02 00:24:40,310 [pool-393-thread-1] INFO  impl.RoleInfo (RoleInfo.java:updateAndGet(143)) - e3ad8c63-52e8-493c-b7d8-17ae40d30799: start FollowerState
2019-10-02 00:24:40,310 [pool-393-thread-1] INFO  util.JmxRegister (JmxRegister.java:tryRegister(44)) - Successfully registered JMX Bean with object name Ratis:service=RaftServer,group=group-9C2B3B270A6A,id=e3ad8c63-52e8-493c-b7d8-17ae40d30799
2019-10-02 00:24:40,313 [RatisPipelineUtilsThread] INFO  pipeline.PipelineStateManager (PipelineStateManager.java:addPipeline(56)) - Created pipeline Pipeline[ Id: 7cd46b27-8638-4f66-9768-9c2b3b270a6a, Nodes: e3ad8c63-52e8-493c-b7d8-17ae40d30799{ip: 192.168.30.63, host: pr-hdds-2201-rename-25sj9-3976918760, networkLocation: /default-rack, certSerialId: null}, Type:RATIS, Factor:ONE, State:OPEN]
2019-10-02 00:24:40,326 [grpc-default-executor-9] INFO  impl.RaftServerProxy (RaftServerProxy.java:addNew(89)) - 8f648e44-79c5-4c02-bc8a-5021643fedf8: addNew group-BE95D6738DB2:[8f648e44-79c5-4c02-bc8a-5021643fedf8:192.168.30.63:42226] returns group-BE95D6738DB2:java.util.concurrent.CompletableFuture@1fed107c[Not completed]
2019-10-02 00:24:40,327 [pool-403-thread-1] INFO  impl.RaftServerImpl (RaftServerImpl.java:<init>(95)) - 8f648e44-79c5-4c02-bc8a-5021643fedf8: new RaftServerImpl for group-BE95D6738DB2:[8f648e44-79c5-4c02-bc8a-5021643fedf8:192.168.30.63:42226] with ContainerStateMachine:uninitialized
2019-10-02 00:24:40,327 [pool-403-thread-1] INFO  server.RaftServerConfigKeys (ConfUtils.java:logGet(43)) - raft.server.rpc.timeout.min = 5s (custom)
2019-10-02 00:24:40,327 [pool-403-thread-1] INFO  server.RaftServerConfigKeys (ConfUtils.java:logGet(43)) - raft.server.rpc.timeout.max = 5200ms (custom)
2019-10-02 00:24:40,327 [pool-403-thread-1] INFO  server.RaftServerConfigKeys (ConfUtils.java:logGet(43)) - raft.server.rpcslowness.timeout = 120s (custom)
2019-10-02 00:24:40,327 [pool-403-thread-1] INFO  server.RaftServerConfigKeys (ConfUtils.java:logGet(43)) - raft.server.sleep.deviation.threshold = 300 (default)
2019-10-02 00:24:40,327 [pool-403-thread-1] INFO  server.RaftServerConfigKeys (ConfUtils.java:logGet(43)) - raft.server.log.appender.install.snapshot.enabled = false (custom)
2019-10-02 00:24:40,327 [pool-403-thread-1] INFO  impl.RaftServerImpl (ServerState.java:<init>(103)) - 8f648e44-79c5-4c02-bc8a-5021643fedf8@group-BE95D6738DB2: ConfigurationManager, init=-1: [8f648e44-79c5-4c02-bc8a-5021643fedf8:192.168.30.63:42226], old=null, confs=<EMPTY_MAP>
2019-10-02 00:24:40,328 [pool-403-thread-1] INFO  server.RaftServerConfigKeys (ConfUtils.java:logGet(43)) - raft.server.storage.dir = [/workdir/hadoop-ozone/integration-test/target/test-dir/MiniOzoneClusterImpl-119a26f7-f77d-4643-9379-554c6d4b6695/datanode-2/data/ratis] (custom)
2019-10-02 00:24:40,328 [pool-403-thread-1] INFO  server.RaftServerConfigKeys (ConfUtils.java:logGet(43)) - raft.server.log.corruption.policy = EXCEPTION (default)
2019-10-02 00:24:40,328 [pool-403-thread-1] INFO  storage.RaftStorageDirectory (RaftStorageDirectory.java:analyzeStorage(246)) - The storage directory /workdir/hadoop-ozone/integration-test/target/test-dir/MiniOzoneClusterImpl-119a26f7-f77d-4643-9379-554c6d4b6695/datanode-2/data/ratis/37ceb788-4fce-4bb6-b772-be95d6738db2 does not exist. Creating ...
2019-10-02 00:24:40,355 [pool-403-thread-1] INFO  storage.RaftStorageDirectory (RaftStorageDirectory.java:tryLock(328)) - Lock on /workdir/hadoop-ozone/integration-test/target/test-dir/MiniOzoneClusterImpl-119a26f7-f77d-4643-9379-554c6d4b6695/datanode-2/data/ratis/37ceb788-4fce-4bb6-b772-be95d6738db2/in_use.lock acquired by nodename 10586@pr-hdds-2201-rename-25sj9-3976918760
2019-10-02 00:24:40,381 [pool-403-thread-1] INFO  storage.RaftStorage (RaftStorage.java:format(84)) - Storage directory /workdir/hadoop-ozone/integration-test/target/test-dir/MiniOzoneClusterImpl-119a26f7-f77d-4643-9379-554c6d4b6695/datanode-2/data/ratis/37ceb788-4fce-4bb6-b772-be95d6738db2 has been successfully formatted.
2019-10-02 00:24:40,381 [pool-403-thread-1] INFO  ratis.ContainerStateMachine (ContainerStateMachine.java:loadSnapshot(230)) - group-BE95D6738DB2: The snapshot info is null. Setting the last applied indexto:(t:0, i:~)
2019-10-02 00:24:40,381 [pool-403-thread-1] INFO  server.RaftServerConfigKeys (ConfUtils.java:logGet(43)) - raft.server.notification.no-leader.timeout = 120s (custom)
2019-10-02 00:24:40,381 [pool-403-thread-1] INFO  server.RaftServerConfigKeys (ConfUtils.java:logGet(43)) - raft.server.log.use.memory = false (default)
2019-10-02 00:24:40,381 [pool-403-thread-1] INFO  server.RaftServerConfigKeys (ConfUtils.java:logGet(43)) - raft.server.log.purge.gap = 1000000 (custom)
2019-10-02 00:24:40,381 [pool-403-thread-1] INFO  server.RaftServerConfigKeys (ConfUtils.java:logGet(43)) - raft.server.log.appender.buffer.byte-limit = 33554432 (custom)
2019-10-02 00:24:40,382 [pool-403-thread-1] INFO  server.RaftServerConfigKeys (ConfUtils.java:logGet(43)) - raft.server.log.segment.size.max = 1048576 (custom)
2019-10-02 00:24:40,383 [pool-403-thread-1] INFO  server.RaftServerConfigKeys (ConfUtils.java:logGet(43)) - raft.server.log.segment.cache.num.max = 2 (custom)
2019-10-02 00:24:40,383 [pool-403-thread-1] INFO  segmented.SegmentedRaftLogWorker (SegmentedRaftLogWorker.java:<init>(173)) - new 8f648e44-79c5-4c02-bc8a-5021643fedf8@group-BE95D6738DB2-SegmentedRaftLogWorker for RaftStorage:Storage Directory /workdir/hadoop-ozone/integration-test/target/test-dir/MiniOzoneClusterImpl-119a26f7-f77d-4643-9379-554c6d4b6695/datanode-2/data/ratis/37ceb788-4fce-4bb6-b772-be95d6738db2
2019-10-02 00:24:40,383 [pool-403-thread-1] INFO  server.RaftServerConfigKeys (ConfUtils.java:logGet(43)) - raft.server.log.queue.byte-limit = 2147483647 (custom)
2019-10-02 00:24:40,384 [pool-403-thread-1] INFO  server.RaftServerConfigKeys (ConfUtils.java:logGet(43)) - raft.server.log.queue.element-limit = 1024 (custom)
2019-10-02 00:24:40,384 [pool-403-thread-1] INFO  server.RaftServerConfigKeys (ConfUtils.java:logGet(43)) - raft.server.log.segment.size.max = 1048576 (custom)
2019-10-02 00:24:40,384 [pool-403-thread-1] INFO  server.RaftServerConfigKeys (ConfUtils.java:logGet(43)) - raft.server.log.preallocated.size = 16384 (custom)
2019-10-02 00:24:40,384 [pool-403-thread-1] INFO  server.RaftServerConfigKeys (ConfUtils.java:logGet(43)) - raft.server.log.write.buffer.size = 33554432 (custom)
2019-10-02 00:24:40,384 [pool-403-thread-1] INFO  server.RaftServerConfigKeys (ConfUtils.java:logGet(43)) - raft.server.log.force.sync.num = 128 (default)
2019-10-02 00:24:40,384 [pool-403-thread-1] INFO  server.RaftServerConfigKeys (ConfUtils.java:logGet(43)) - raft.server.log.statemachine.data.sync = true (default)
2019-10-02 00:24:40,384 [pool-403-thread-1] INFO  server.RaftServerConfigKeys (ConfUtils.java:logGet(43)) - raft.server.log.statemachine.data.sync.timeout = 10s (default)
2019-10-02 00:24:40,385 [pool-403-thread-1] INFO  server.RaftServerConfigKeys (ConfUtils.java:logGet(43)) - raft.server.log.statemachine.data.sync.timeout.retry = -1 (default)
2019-10-02 00:24:40,385 [pool-403-thread-1] INFO  server.RaftServerConfigKeys (ConfUtils.java:logGet(43)) - raft.server.log.statemachine.data.caching.enabled = true (custom)
2019-10-02 00:24:40,385 [pool-403-thread-1] INFO  segmented.SegmentedRaftLogWorker (SegmentedRaftLogWorker.java:lambda$new$0(128)) - 8f648e44-79c5-4c02-bc8a-5021643fedf8@group-BE95D6738DB2-SegmentedRaftLogWorker: flushIndex: setUnconditionally 0 -> -1
2019-10-02 00:24:40,386 [pool-403-thread-1] INFO  server.RaftServerConfigKeys (ConfUtils.java:logGet(43)) - raft.server.snapshot.auto.trigger.enabled = true (custom)
2019-10-02 00:24:40,386 [pool-403-thread-1] INFO  server.RaftServerConfigKeys (ConfUtils.java:logGet(43)) - raft.server.snapshot.auto.trigger.threshold = 10000 (custom)
2019-10-02 00:24:40,386 [pool-403-thread-1] INFO  server.RaftServerConfigKeys (ConfUtils.java:logGet(43)) - raft.server.snapshot.retention.file.num = 5 (custom)
2019-10-02 00:24:40,386 [pool-403-thread-1] INFO  server.RaftServerConfigKeys (ConfUtils.java:logGet(43)) - raft.server.retrycache.expirytime = 600000ms (custom)
2019-10-02 00:24:40,388 [pool-403-thread-1] INFO  impl.RaftServerImpl (RaftServerImpl.java:start(181)) - 8f648e44-79c5-4c02-bc8a-5021643fedf8@group-BE95D6738DB2: start as a follower, conf=-1: [8f648e44-79c5-4c02-bc8a-5021643fedf8:192.168.30.63:42226], old=null
2019-10-02 00:24:40,388 [pool-403-thread-1] INFO  impl.RaftServerImpl (RaftServerImpl.java:setRole(170)) - 8f648e44-79c5-4c02-bc8a-5021643fedf8@group-BE95D6738DB2: changes role from      null to FOLLOWER at term 0 for startAsFollower
2019-10-02 00:24:40,388 [pool-403-thread-1] INFO  impl.RoleInfo (RoleInfo.java:updateAndGet(143)) - 8f648e44-79c5-4c02-bc8a-5021643fedf8: start FollowerState
2019-10-02 00:24:40,389 [pool-403-thread-1] INFO  util.JmxRegister (JmxRegister.java:tryRegister(44)) - Successfully registered JMX Bean with object name Ratis:service=RaftServer,group=group-BE95D6738DB2,id=8f648e44-79c5-4c02-bc8a-5021643fedf8
2019-10-02 00:24:40,392 [RatisPipelineUtilsThread] INFO  pipeline.PipelineStateManager (PipelineStateManager.java:addPipeline(56)) - Created pipeline Pipeline[ Id: 37ceb788-4fce-4bb6-b772-be95d6738db2, Nodes: 8f648e44-79c5-4c02-bc8a-5021643fedf8{ip: 192.168.30.63, host: pr-hdds-2201-rename-25sj9-3976918760, networkLocation: /default-rack, certSerialId: null}, Type:RATIS, Factor:ONE, State:OPEN]
2019-10-02 00:24:40,409 [grpc-default-executor-8] INFO  impl.RaftServerProxy (RaftServerProxy.java:addNew(89)) - 26998e6e-3feb-4b5a-8f2f-bfc627af3153: addNew group-C070EE65BA70:[26998e6e-3feb-4b5a-8f2f-bfc627af3153:192.168.30.63:43614, e3ad8c63-52e8-493c-b7d8-17ae40d30799:192.168.30.63:40118, 8f648e44-79c5-4c02-bc8a-5021643fedf8:192.168.30.63:42226] returns group-C070EE65BA70:java.util.concurrent.CompletableFuture@e4cf988[Not completed]
2019-10-02 00:24:40,409 [grpc-default-executor-6] INFO  impl.RaftServerProxy (RaftServerProxy.java:addNew(89)) - 8f648e44-79c5-4c02-bc8a-5021643fedf8: addNew group-C070EE65BA70:[26998e6e-3feb-4b5a-8f2f-bfc627af3153:192.168.30.63:43614, e3ad8c63-52e8-493c-b7d8-17ae40d30799:192.168.30.63:40118, 8f648e44-79c5-4c02-bc8a-5021643fedf8:192.168.30.63:42226] returns group-C070EE65BA70:java.util.concurrent.CompletableFuture@481de3b6[Not completed]
2019-10-02 00:24:40,409 [grpc-default-executor-9] INFO  impl.RaftServerProxy (RaftServerProxy.java:addNew(89)) - e3ad8c63-52e8-493c-b7d8-17ae40d30799: addNew group-C070EE65BA70:[26998e6e-3feb-4b5a-8f2f-bfc627af3153:192.168.30.63:43614, e3ad8c63-52e8-493c-b7d8-17ae40d30799:192.168.30.63:40118, 8f648e44-79c5-4c02-bc8a-5021643fedf8:192.168.30.63:42226] returns group-C070EE65BA70:java.util.concurrent.CompletableFuture@69a75f6[Not completed]
2019-10-02 00:24:40,410 [pool-393-thread-1] INFO  impl.RaftServerImpl (RaftServerImpl.java:<init>(95)) - e3ad8c63-52e8-493c-b7d8-17ae40d30799: new RaftServerImpl for group-C070EE65BA70:[26998e6e-3feb-4b5a-8f2f-bfc627af3153:192.168.30.63:43614, e3ad8c63-52e8-493c-b7d8-17ae40d30799:192.168.30.63:40118, 8f648e44-79c5-4c02-bc8a-5021643fedf8:192.168.30.63:42226] with ContainerStateMachine:uninitialized
2019-10-02 00:24:40,410 [pool-393-thread-1] INFO  server.RaftServerConfigKeys (ConfUtils.java:logGet(43)) - raft.server.rpc.timeout.min = 5s (custom)
2019-10-02 00:24:40,410 [pool-393-thread-1] INFO  server.RaftServerConfigKeys (ConfUtils.java:logGet(43)) - raft.server.rpc.timeout.max = 5200ms (custom)
2019-10-02 00:24:40,410 [pool-393-thread-1] INFO  server.RaftServerConfigKeys (ConfUtils.java:logGet(43)) - raft.server.rpcslowness.timeout = 120s (custom)
2019-10-02 00:24:40,410 [pool-403-thread-1] INFO  impl.RaftServerImpl (RaftServerImpl.java:<init>(95)) - 8f648e44-79c5-4c02-bc8a-5021643fedf8: new RaftServerImpl for group-C070EE65BA70:[26998e6e-3feb-4b5a-8f2f-bfc627af3153:192.168.30.63:43614, e3ad8c63-52e8-493c-b7d8-17ae40d30799:192.168.30.63:40118, 8f648e44-79c5-4c02-bc8a-5021643fedf8:192.168.30.63:42226] with ContainerStateMachine:uninitialized
2019-10-02 00:24:40,410 [pool-393-thread-1] INFO  server.RaftServerConfigKeys (ConfUtils.java:logGet(43)) - raft.server.sleep.deviation.threshold = 300 (default)
2019-10-02 00:24:40,411 [pool-403-thread-1] INFO  server.RaftServerConfigKeys (ConfUtils.java:logGet(43)) - raft.server.rpc.timeout.min = 5s (custom)
2019-10-02 00:24:40,411 [pool-383-thread-1] INFO  impl.RaftServerImpl (RaftServerImpl.java:<init>(95)) - 26998e6e-3feb-4b5a-8f2f-bfc627af3153: new RaftServerImpl for group-C070EE65BA70:[26998e6e-3feb-4b5a-8f2f-bfc627af3153:192.168.30.63:43614, e3ad8c63-52e8-493c-b7d8-17ae40d30799:192.168.30.63:40118, 8f648e44-79c5-4c02-bc8a-5021643fedf8:192.168.30.63:42226] with ContainerStateMachine:uninitialized
2019-10-02 00:24:40,411 [pool-393-thread-1] INFO  server.RaftServerConfigKeys (ConfUtils.java:logGet(43)) - raft.server.log.appender.install.snapshot.enabled = false (custom)
2019-10-02 00:24:40,411 [pool-383-thread-1] INFO  server.RaftServerConfigKeys (ConfUtils.java:logGet(43)) - raft.server.rpc.timeout.min = 5s (custom)
2019-10-02 00:24:40,411 [pool-383-thread-1] INFO  server.RaftServerConfigKeys (ConfUtils.java:logGet(43)) - raft.server.rpc.timeout.max = 5200ms (custom)
2019-10-02 00:24:40,411 [pool-403-thread-1] INFO  server.RaftServerConfigKeys (ConfUtils.java:logGet(43)) - raft.server.rpc.timeout.max = 5200ms (custom)
2019-10-02 00:24:40,411 [pool-383-thread-1] INFO  server.RaftServerConfigKeys (ConfUtils.java:logGet(43)) - raft.server.rpcslowness.timeout = 120s (custom)
2019-10-02 00:24:40,411 [pool-393-thread-1] INFO  impl.RaftServerImpl (ServerState.java:<init>(103)) - e3ad8c63-52e8-493c-b7d8-17ae40d30799@group-C070EE65BA70: ConfigurationManager, init=-1: [26998e6e-3feb-4b5a-8f2f-bfc627af3153:192.168.30.63:43614, e3ad8c63-52e8-493c-b7d8-17ae40d30799:192.168.30.63:40118, 8f648e44-79c5-4c02-bc8a-5021643fedf8:192.168.30.63:42226], old=null, confs=<EMPTY_MAP>
2019-10-02 00:24:40,412 [pool-383-thread-1] INFO  server.RaftServerConfigKeys (ConfUtils.java:logGet(43)) - raft.server.sleep.deviation.threshold = 300 (default)
2019-10-02 00:24:40,412 [pool-403-thread-1] INFO  server.RaftServerConfigKeys (ConfUtils.java:logGet(43)) - raft.server.rpcslowness.timeout = 120s (custom)
2019-10-02 00:24:40,412 [pool-383-thread-1] INFO  server.RaftServerConfigKeys (ConfUtils.java:logGet(43)) - raft.server.log.appender.install.snapshot.enabled = false (custom)
2019-10-02 00:24:40,412 [pool-393-thread-1] INFO  server.RaftServerConfigKeys (ConfUtils.java:logGet(43)) - raft.server.storage.dir = [/workdir/hadoop-ozone/integration-test/target/test-dir/MiniOzoneClusterImpl-119a26f7-f77d-4643-9379-554c6d4b6695/datanode-1/data/ratis] (custom)
2019-10-02 00:24:40,412 [pool-383-thread-1] INFO  impl.RaftServerImpl (ServerState.java:<init>(103)) - 26998e6e-3feb-4b5a-8f2f-bfc627af3153@group-C070EE65BA70: ConfigurationManager, init=-1: [26998e6e-3feb-4b5a-8f2f-bfc627af3153:192.168.30.63:43614, e3ad8c63-52e8-493c-b7d8-17ae40d30799:192.168.30.63:40118, 8f648e44-79c5-4c02-bc8a-5021643fedf8:192.168.30.63:42226], old=null, confs=<EMPTY_MAP>
2019-10-02 00:24:40,412 [pool-403-thread-1] INFO  server.RaftServerConfigKeys (ConfUtils.java:logGet(43)) - raft.server.sleep.deviation.threshold = 300 (default)
2019-10-02 00:24:40,412 [pool-383-thread-1] INFO  server.RaftServerConfigKeys (ConfUtils.java:logGet(43)) - raft.server.storage.dir = [/workdir/hadoop-ozone/integration-test/target/test-dir/MiniOzoneClusterImpl-119a26f7-f77d-4643-9379-554c6d4b6695/datanode-0/data/ratis] (custom)
2019-10-02 00:24:40,412 [pool-393-thread-1] INFO  server.RaftServerConfigKeys (ConfUtils.java:logGet(43)) - raft.server.log.corruption.policy = EXCEPTION (default)
2019-10-02 00:24:40,413 [pool-383-thread-1] INFO  server.RaftServerConfigKeys (ConfUtils.java:logGet(43)) - raft.server.log.corruption.policy = EXCEPTION (default)
2019-10-02 00:24:40,413 [pool-403-thread-1] INFO  server.RaftServerConfigKeys (ConfUtils.java:logGet(43)) - raft.server.log.appender.install.snapshot.enabled = false (custom)
2019-10-02 00:24:40,413 [pool-383-thread-1] INFO  storage.RaftStorageDirectory (RaftStorageDirectory.java:analyzeStorage(246)) - The storage directory /workdir/hadoop-ozone/integration-test/target/test-dir/MiniOzoneClusterImpl-119a26f7-f77d-4643-9379-554c6d4b6695/datanode-0/data/ratis/ea80f443-75fa-43d0-9d74-c070ee65ba70 does not exist. Creating ...
2019-10-02 00:24:40,413 [pool-393-thread-1] INFO  storage.RaftStorageDirectory (RaftStorageDirectory.java:analyzeStorage(246)) - The storage directory /workdir/hadoop-ozone/integration-test/target/test-dir/MiniOzoneClusterImpl-119a26f7-f77d-4643-9379-554c6d4b6695/datanode-1/data/ratis/ea80f443-75fa-43d0-9d74-c070ee65ba70 does not exist. Creating ...
2019-10-02 00:24:40,413 [pool-403-thread-1] INFO  impl.RaftServerImpl (ServerState.java:<init>(103)) - 8f648e44-79c5-4c02-bc8a-5021643fedf8@group-C070EE65BA70: ConfigurationManager, init=-1: [26998e6e-3feb-4b5a-8f2f-bfc627af3153:192.168.30.63:43614, e3ad8c63-52e8-493c-b7d8-17ae40d30799:192.168.30.63:40118, 8f648e44-79c5-4c02-bc8a-5021643fedf8:192.168.30.63:42226], old=null, confs=<EMPTY_MAP>
2019-10-02 00:24:40,414 [pool-403-thread-1] INFO  server.RaftServerConfigKeys (ConfUtils.java:logGet(43)) - raft.server.storage.dir = [/workdir/hadoop-ozone/integration-test/target/test-dir/MiniOzoneClusterImpl-119a26f7-f77d-4643-9379-554c6d4b6695/datanode-2/data/ratis] (custom)
2019-10-02 00:24:40,414 [pool-403-thread-1] INFO  server.RaftServerConfigKeys (ConfUtils.java:logGet(43)) - raft.server.log.corruption.policy = EXCEPTION (default)
2019-10-02 00:24:40,414 [pool-403-thread-1] INFO  storage.RaftStorageDirectory (RaftStorageDirectory.java:analyzeStorage(246)) - The storage directory /workdir/hadoop-ozone/integration-test/target/test-dir/MiniOzoneClusterImpl-119a26f7-f77d-4643-9379-554c6d4b6695/datanode-2/data/ratis/ea80f443-75fa-43d0-9d74-c070ee65ba70 does not exist. Creating ...
2019-10-02 00:24:40,428 [IPC Server handler 4 on 45789] INFO  net.NetworkTopology (NetworkTopologyImpl.java:add(111)) - Added a new node: /default-rack/d62de2c1-b5fa-499e-aedf-1a7d0068d3b5
2019-10-02 00:24:40,428 [IPC Server handler 4 on 45789] INFO  node.SCMNodeManager (SCMNodeManager.java:register(266)) - Registered Data node : d62de2c1-b5fa-499e-aedf-1a7d0068d3b5{ip: 192.168.30.63, host: pr-hdds-2201-rename-25sj9-3976918760, networkLocation: /default-rack, certSerialId: null}
2019-10-02 00:24:40,439 [pool-403-thread-1] INFO  storage.RaftStorageDirectory (RaftStorageDirectory.java:tryLock(328)) - Lock on /workdir/hadoop-ozone/integration-test/target/test-dir/MiniOzoneClusterImpl-119a26f7-f77d-4643-9379-554c6d4b6695/datanode-2/data/ratis/ea80f443-75fa-43d0-9d74-c070ee65ba70/in_use.lock acquired by nodename 10586@pr-hdds-2201-rename-25sj9-3976918760
2019-10-02 00:24:40,439 [pool-383-thread-1] INFO  storage.RaftStorageDirectory (RaftStorageDirectory.java:tryLock(328)) - Lock on /workdir/hadoop-ozone/integration-test/target/test-dir/MiniOzoneClusterImpl-119a26f7-f77d-4643-9379-554c6d4b6695/datanode-0/data/ratis/ea80f443-75fa-43d0-9d74-c070ee65ba70/in_use.lock acquired by nodename 10586@pr-hdds-2201-rename-25sj9-3976918760
2019-10-02 00:24:40,439 [pool-393-thread-1] INFO  storage.RaftStorageDirectory (RaftStorageDirectory.java:tryLock(328)) - Lock on /workdir/hadoop-ozone/integration-test/target/test-dir/MiniOzoneClusterImpl-119a26f7-f77d-4643-9379-554c6d4b6695/datanode-1/data/ratis/ea80f443-75fa-43d0-9d74-c070ee65ba70/in_use.lock acquired by nodename 10586@pr-hdds-2201-rename-25sj9-3976918760
2019-10-02 00:24:40,465 [pool-383-thread-1] INFO  storage.RaftStorage (RaftStorage.java:format(84)) - Storage directory /workdir/hadoop-ozone/integration-test/target/test-dir/MiniOzoneClusterImpl-119a26f7-f77d-4643-9379-554c6d4b6695/datanode-0/data/ratis/ea80f443-75fa-43d0-9d74-c070ee65ba70 has been successfully formatted.
2019-10-02 00:24:40,465 [pool-393-thread-1] INFO  storage.RaftStorage (RaftStorage.java:format(84)) - Storage directory /workdir/hadoop-ozone/integration-test/target/test-dir/MiniOzoneClusterImpl-119a26f7-f77d-4643-9379-554c6d4b6695/datanode-1/data/ratis/ea80f443-75fa-43d0-9d74-c070ee65ba70 has been successfully formatted.
2019-10-02 00:24:40,465 [pool-383-thread-1] INFO  ratis.ContainerStateMachine (ContainerStateMachine.java:loadSnapshot(230)) - group-C070EE65BA70: The snapshot info is null. Setting the last applied indexto:(t:0, i:~)
2019-10-02 00:24:40,465 [pool-403-thread-1] INFO  storage.RaftStorage (RaftStorage.java:format(84)) - Storage directory /workdir/hadoop-ozone/integration-test/target/test-dir/MiniOzoneClusterImpl-119a26f7-f77d-4643-9379-554c6d4b6695/datanode-2/data/ratis/ea80f443-75fa-43d0-9d74-c070ee65ba70 has been successfully formatted.
2019-10-02 00:24:40,466 [pool-383-thread-1] INFO  server.RaftServerConfigKeys (ConfUtils.java:logGet(43)) - raft.server.notification.no-leader.timeout = 120s (custom)
2019-10-02 00:24:40,465 [pool-393-thread-1] INFO  ratis.ContainerStateMachine (ContainerStateMachine.java:loadSnapshot(230)) - group-C070EE65BA70: The snapshot info is null. Setting the last applied indexto:(t:0, i:~)
2019-10-02 00:24:40,466 [pool-383-thread-1] INFO  server.RaftServerConfigKeys (ConfUtils.java:logGet(43)) - raft.server.log.use.memory = false (default)
2019-10-02 00:24:40,466 [pool-403-thread-1] INFO  ratis.ContainerStateMachine (ContainerStateMachine.java:loadSnapshot(230)) - group-C070EE65BA70: The snapshot info is null. Setting the last applied indexto:(t:0, i:~)
2019-10-02 00:24:40,466 [pool-383-thread-1] INFO  server.RaftServerConfigKeys (ConfUtils.java:logGet(43)) - raft.server.log.purge.gap = 1000000 (custom)
2019-10-02 00:24:40,466 [pool-383-thread-1] INFO  server.RaftServerConfigKeys (ConfUtils.java:logGet(43)) - raft.server.log.appender.buffer.byte-limit = 33554432 (custom)
2019-10-02 00:24:40,466 [pool-393-thread-1] INFO  server.RaftServerConfigKeys (ConfUtils.java:logGet(43)) - raft.server.notification.no-leader.timeout = 120s (custom)
2019-10-02 00:24:40,466 [pool-383-thread-1] INFO  server.RaftServerConfigKeys (ConfUtils.java:logGet(43)) - raft.server.log.segment.size.max = 1048576 (custom)
2019-10-02 00:24:40,466 [pool-403-thread-1] INFO  server.RaftServerConfigKeys (ConfUtils.java:logGet(43)) - raft.server.notification.no-leader.timeout = 120s (custom)
2019-10-02 00:24:40,467 [pool-383-thread-1] INFO  server.RaftServerConfigKeys (ConfUtils.java:logGet(43)) - raft.server.log.segment.cache.num.max = 2 (custom)
2019-10-02 00:24:40,466 [pool-393-thread-1] INFO  server.RaftServerConfigKeys (ConfUtils.java:logGet(43)) - raft.server.log.use.memory = false (default)
2019-10-02 00:24:40,467 [pool-383-thread-1] INFO  segmented.SegmentedRaftLogWorker (SegmentedRaftLogWorker.java:<init>(173)) - new 26998e6e-3feb-4b5a-8f2f-bfc627af3153@group-C070EE65BA70-SegmentedRaftLogWorker for RaftStorage:Storage Directory /workdir/hadoop-ozone/integration-test/target/test-dir/MiniOzoneClusterImpl-119a26f7-f77d-4643-9379-554c6d4b6695/datanode-0/data/ratis/ea80f443-75fa-43d0-9d74-c070ee65ba70
2019-10-02 00:24:40,467 [pool-403-thread-1] INFO  server.RaftServerConfigKeys (ConfUtils.java:logGet(43)) - raft.server.log.use.memory = false (default)
2019-10-02 00:24:40,467 [pool-383-thread-1] INFO  server.RaftServerConfigKeys (ConfUtils.java:logGet(43)) - raft.server.log.queue.byte-limit = 2147483647 (custom)
2019-10-02 00:24:40,467 [pool-393-thread-1] INFO  server.RaftServerConfigKeys (ConfUtils.java:logGet(43)) - raft.server.log.purge.gap = 1000000 (custom)
2019-10-02 00:24:40,467 [pool-383-thread-1] INFO  server.RaftServerConfigKeys (ConfUtils.java:logGet(43)) - raft.server.log.queue.element-limit = 1024 (custom)
2019-10-02 00:24:40,467 [pool-403-thread-1] INFO  server.RaftServerConfigKeys (ConfUtils.java:logGet(43)) - raft.server.log.purge.gap = 1000000 (custom)
2019-10-02 00:24:40,468 [pool-383-thread-1] INFO  server.RaftServerConfigKeys (ConfUtils.java:logGet(43)) - raft.server.log.segment.size.max = 1048576 (custom)
2019-10-02 00:24:40,467 [pool-393-thread-1] INFO  server.RaftServerConfigKeys (ConfUtils.java:logGet(43)) - raft.server.log.appender.buffer.byte-limit = 33554432 (custom)
2019-10-02 00:24:40,468 [pool-383-thread-1] INFO  server.RaftServerConfigKeys (ConfUtils.java:logGet(43)) - raft.server.log.preallocated.size = 16384 (custom)
2019-10-02 00:24:40,468 [pool-403-thread-1] INFO  server.RaftServerConfigKeys (ConfUtils.java:logGet(43)) - raft.server.log.appender.buffer.byte-limit = 33554432 (custom)
2019-10-02 00:24:40,468 [pool-383-thread-1] INFO  server.RaftServerConfigKeys (ConfUtils.java:logGet(43)) - raft.server.log.write.buffer.size = 33554432 (custom)
2019-10-02 00:24:40,468 [pool-393-thread-1] INFO  server.RaftServerConfigKeys (ConfUtils.java:logGet(43)) - raft.server.log.segment.size.max = 1048576 (custom)
2019-10-02 00:24:40,468 [pool-383-thread-1] INFO  server.RaftServerConfigKeys (ConfUtils.java:logGet(43)) - raft.server.log.force.sync.num = 128 (default)
2019-10-02 00:24:40,468 [pool-403-thread-1] INFO  server.RaftServerConfigKeys (ConfUtils.java:logGet(43)) - raft.server.log.segment.size.max = 1048576 (custom)
2019-10-02 00:24:40,469 [pool-383-thread-1] INFO  server.RaftServerConfigKeys (ConfUtils.java:logGet(43)) - raft.server.log.statemachine.data.sync = true (default)
2019-10-02 00:24:40,469 [pool-393-thread-1] INFO  server.RaftServerConfigKeys (ConfUtils.java:logGet(43)) - raft.server.log.segment.cache.num.max = 2 (custom)
2019-10-02 00:24:40,469 [pool-383-thread-1] INFO  server.RaftServerConfigKeys (ConfUtils.java:logGet(43)) - raft.server.log.statemachine.data.sync.timeout = 10s (default)
2019-10-02 00:24:40,469 [pool-383-thread-1] INFO  server.RaftServerConfigKeys (ConfUtils.java:logGet(43)) - raft.server.log.statemachine.data.sync.timeout.retry = -1 (default)
2019-10-02 00:24:40,469 [pool-403-thread-1] INFO  server.RaftServerConfigKeys (ConfUtils.java:logGet(43)) - raft.server.log.segment.cache.num.max = 2 (custom)
2019-10-02 00:24:40,469 [pool-383-thread-1] INFO  server.RaftServerConfigKeys (ConfUtils.java:logGet(43)) - raft.server.log.statemachine.data.caching.enabled = true (custom)
2019-10-02 00:24:40,469 [pool-393-thread-1] INFO  segmented.SegmentedRaftLogWorker (SegmentedRaftLogWorker.java:<init>(173)) - new e3ad8c63-52e8-493c-b7d8-17ae40d30799@group-C070EE65BA70-SegmentedRaftLogWorker for RaftStorage:Storage Directory /workdir/hadoop-ozone/integration-test/target/test-dir/MiniOzoneClusterImpl-119a26f7-f77d-4643-9379-554c6d4b6695/datanode-1/data/ratis/ea80f443-75fa-43d0-9d74-c070ee65ba70
2019-10-02 00:24:40,470 [pool-403-thread-1] INFO  segmented.SegmentedRaftLogWorker (SegmentedRaftLogWorker.java:<init>(173)) - new 8f648e44-79c5-4c02-bc8a-5021643fedf8@group-C070EE65BA70-SegmentedRaftLogWorker for RaftStorage:Storage Directory /workdir/hadoop-ozone/integration-test/target/test-dir/MiniOzoneClusterImpl-119a26f7-f77d-4643-9379-554c6d4b6695/datanode-2/data/ratis/ea80f443-75fa-43d0-9d74-c070ee65ba70
2019-10-02 00:24:40,470 [pool-383-thread-1] INFO  segmented.SegmentedRaftLogWorker (SegmentedRaftLogWorker.java:lambda$new$0(128)) - 26998e6e-3feb-4b5a-8f2f-bfc627af3153@group-C070EE65BA70-SegmentedRaftLogWorker: flushIndex: setUnconditionally 0 -> -1
2019-10-02 00:24:40,470 [pool-393-thread-1] INFO  server.RaftServerConfigKeys (ConfUtils.java:logGet(43)) - raft.server.log.queue.byte-limit = 2147483647 (custom)
2019-10-02 00:24:40,470 [pool-403-thread-1] INFO  server.RaftServerConfigKeys (ConfUtils.java:logGet(43)) - raft.server.log.queue.byte-limit = 2147483647 (custom)
2019-10-02 00:24:40,470 [pool-383-thread-1] INFO  server.RaftServerConfigKeys (ConfUtils.java:logGet(43)) - raft.server.snapshot.auto.trigger.enabled = true (custom)
2019-10-02 00:24:40,470 [pool-393-thread-1] INFO  server.RaftServerConfigKeys (ConfUtils.java:logGet(43)) - raft.server.log.queue.element-limit = 1024 (custom)
2019-10-02 00:24:40,470 [pool-383-thread-1] INFO  server.RaftServerConfigKeys (ConfUtils.java:logGet(43)) - raft.server.snapshot.auto.trigger.threshold = 10000 (custom)
2019-10-02 00:24:40,470 [pool-403-thread-1] INFO  server.RaftServerConfigKeys (ConfUtils.java:logGet(43)) - raft.server.log.queue.element-limit = 1024 (custom)
2019-10-02 00:24:40,471 [pool-383-thread-1] INFO  server.RaftServerConfigKeys (ConfUtils.java:logGet(43)) - raft.server.snapshot.retention.file.num = 5 (custom)
2019-10-02 00:24:40,471 [pool-393-thread-1] INFO  server.RaftServerConfigKeys (ConfUtils.java:logGet(43)) - raft.server.log.segment.size.max = 1048576 (custom)
2019-10-02 00:24:40,471 [pool-383-thread-1] INFO  server.RaftServerConfigKeys (ConfUtils.java:logGet(43)) - raft.server.retrycache.expirytime = 600000ms (custom)
2019-10-02 00:24:40,471 [pool-403-thread-1] INFO  server.RaftServerConfigKeys (ConfUtils.java:logGet(43)) - raft.server.log.segment.size.max = 1048576 (custom)
2019-10-02 00:24:40,471 [pool-393-thread-1] INFO  server.RaftServerConfigKeys (ConfUtils.java:logGet(43)) - raft.server.log.preallocated.size = 16384 (custom)
2019-10-02 00:24:40,471 [pool-403-thread-1] INFO  server.RaftServerConfigKeys (ConfUtils.java:logGet(43)) - raft.server.log.preallocated.size = 16384 (custom)
2019-10-02 00:24:40,471 [pool-393-thread-1] INFO  server.RaftServerConfigKeys (ConfUtils.java:logGet(43)) - raft.server.log.write.buffer.size = 33554432 (custom)
2019-10-02 00:24:40,472 [pool-403-thread-1] INFO  server.RaftServerConfigKeys (ConfUtils.java:logGet(43)) - raft.server.log.write.buffer.size = 33554432 (custom)
2019-10-02 00:24:40,472 [pool-393-thread-1] INFO  server.RaftServerConfigKeys (ConfUtils.java:logGet(43)) - raft.server.log.force.sync.num = 128 (default)
2019-10-02 00:24:40,472 [pool-403-thread-1] INFO  server.RaftServerConfigKeys (ConfUtils.java:logGet(43)) - raft.server.log.force.sync.num = 128 (default)
2019-10-02 00:24:40,472 [pool-393-thread-1] INFO  server.RaftServerConfigKeys (ConfUtils.java:logGet(43)) - raft.server.log.statemachine.data.sync = true (default)
2019-10-02 00:24:40,472 [pool-403-thread-1] INFO  server.RaftServerConfigKeys (ConfUtils.java:logGet(43)) - raft.server.log.statemachine.data.sync = true (default)
2019-10-02 00:24:40,472 [pool-393-thread-1] INFO  server.RaftServerConfigKeys (ConfUtils.java:logGet(43)) - raft.server.log.statemachine.data.sync.timeout = 10s (default)
2019-10-02 00:24:40,472 [pool-403-thread-1] INFO  server.RaftServerConfigKeys (ConfUtils.java:logGet(43)) - raft.server.log.statemachine.data.sync.timeout = 10s (default)
2019-10-02 00:24:40,473 [pool-383-thread-1] INFO  impl.RaftServerImpl (RaftServerImpl.java:start(181)) - 26998e6e-3feb-4b5a-8f2f-bfc627af3153@group-C070EE65BA70: start as a follower, conf=-1: [26998e6e-3feb-4b5a-8f2f-bfc627af3153:192.168.30.63:43614, e3ad8c63-52e8-493c-b7d8-17ae40d30799:192.168.30.63:40118, 8f648e44-79c5-4c02-bc8a-5021643fedf8:192.168.30.63:42226], old=null
2019-10-02 00:24:40,473 [pool-393-thread-1] INFO  server.RaftServerConfigKeys (ConfUtils.java:logGet(43)) - raft.server.log.statemachine.data.sync.timeout.retry = -1 (default)
2019-10-02 00:24:40,473 [pool-383-thread-1] INFO  impl.RaftServerImpl (RaftServerImpl.java:setRole(170)) - 26998e6e-3feb-4b5a-8f2f-bfc627af3153@group-C070EE65BA70: changes role from      null to FOLLOWER at term 0 for startAsFollower
2019-10-02 00:24:40,473 [pool-403-thread-1] INFO  server.RaftServerConfigKeys (ConfUtils.java:logGet(43)) - raft.server.log.statemachine.data.sync.timeout.retry = -1 (default)
2019-10-02 00:24:40,473 [pool-383-thread-1] INFO  impl.RoleInfo (RoleInfo.java:updateAndGet(143)) - 26998e6e-3feb-4b5a-8f2f-bfc627af3153: start FollowerState
2019-10-02 00:24:40,473 [pool-393-thread-1] INFO  server.RaftServerConfigKeys (ConfUtils.java:logGet(43)) - raft.server.log.statemachine.data.caching.enabled = true (custom)
2019-10-02 00:24:40,473 [pool-403-thread-1] INFO  server.RaftServerConfigKeys (ConfUtils.java:logGet(43)) - raft.server.log.statemachine.data.caching.enabled = true (custom)
2019-10-02 00:24:40,474 [pool-383-thread-1] INFO  util.JmxRegister (JmxRegister.java:tryRegister(44)) - Successfully registered JMX Bean with object name Ratis:service=RaftServer,group=group-C070EE65BA70,id=26998e6e-3feb-4b5a-8f2f-bfc627af3153
2019-10-02 00:24:40,474 [pool-393-thread-1] INFO  segmented.SegmentedRaftLogWorker (SegmentedRaftLogWorker.java:lambda$new$0(128)) - e3ad8c63-52e8-493c-b7d8-17ae40d30799@group-C070EE65BA70-SegmentedRaftLogWorker: flushIndex: setUnconditionally 0 -> -1
2019-10-02 00:24:40,474 [pool-403-thread-1] INFO  segmented.SegmentedRaftLogWorker (SegmentedRaftLogWorker.java:lambda$new$0(128)) - 8f648e44-79c5-4c02-bc8a-5021643fedf8@group-C070EE65BA70-SegmentedRaftLogWorker: flushIndex: setUnconditionally 0 -> -1
2019-10-02 00:24:40,474 [pool-393-thread-1] INFO  server.RaftServerConfigKeys (ConfUtils.java:logGet(43)) - raft.server.snapshot.auto.trigger.enabled = true (custom)
2019-10-02 00:24:40,474 [pool-393-thread-1] INFO  server.RaftServerConfigKeys (ConfUtils.java:logGet(43)) - raft.server.snapshot.auto.trigger.threshold = 10000 (custom)
2019-10-02 00:24:40,474 [pool-403-thread-1] INFO  server.RaftServerConfigKeys (ConfUtils.java:logGet(43)) - raft.server.snapshot.auto.trigger.enabled = true (custom)
2019-10-02 00:24:40,474 [pool-393-thread-1] INFO  server.RaftServerConfigKeys (ConfUtils.java:logGet(43)) - raft.server.snapshot.retention.file.num = 5 (custom)
2019-10-02 00:24:40,474 [pool-403-thread-1] INFO  server.RaftServerConfigKeys (ConfUtils.java:logGet(43)) - raft.server.snapshot.auto.trigger.threshold = 10000 (custom)
2019-10-02 00:24:40,474 [pool-393-thread-1] INFO  server.RaftServerConfigKeys (ConfUtils.java:logGet(43)) - raft.server.retrycache.expirytime = 600000ms (custom)
2019-10-02 00:24:40,474 [pool-403-thread-1] INFO  server.RaftServerConfigKeys (ConfUtils.java:logGet(43)) - raft.server.snapshot.retention.file.num = 5 (custom)
2019-10-02 00:24:40,475 [pool-403-thread-1] INFO  server.RaftServerConfigKeys (ConfUtils.java:logGet(43)) - raft.server.retrycache.expirytime = 600000ms (custom)
2019-10-02 00:24:40,477 [pool-393-thread-1] INFO  impl.RaftServerImpl (RaftServerImpl.java:start(181)) - e3ad8c63-52e8-493c-b7d8-17ae40d30799@group-C070EE65BA70: start as a follower, conf=-1: [26998e6e-3feb-4b5a-8f2f-bfc627af3153:192.168.30.63:43614, e3ad8c63-52e8-493c-b7d8-17ae40d30799:192.168.30.63:40118, 8f648e44-79c5-4c02-bc8a-5021643fedf8:192.168.30.63:42226], old=null
2019-10-02 00:24:40,477 [pool-393-thread-1] INFO  impl.RaftServerImpl (RaftServerImpl.java:setRole(170)) - e3ad8c63-52e8-493c-b7d8-17ae40d30799@group-C070EE65BA70: changes role from      null to FOLLOWER at term 0 for startAsFollower
2019-10-02 00:24:40,477 [pool-403-thread-1] INFO  impl.RaftServerImpl (RaftServerImpl.java:start(181)) - 8f648e44-79c5-4c02-bc8a-5021643fedf8@group-C070EE65BA70: start as a follower, conf=-1: [26998e6e-3feb-4b5a-8f2f-bfc627af3153:192.168.30.63:43614, e3ad8c63-52e8-493c-b7d8-17ae40d30799:192.168.30.63:40118, 8f648e44-79c5-4c02-bc8a-5021643fedf8:192.168.30.63:42226], old=null
2019-10-02 00:24:40,477 [pool-393-thread-1] INFO  impl.RoleInfo (RoleInfo.java:updateAndGet(143)) - e3ad8c63-52e8-493c-b7d8-17ae40d30799: start FollowerState
2019-10-02 00:24:40,477 [pool-403-thread-1] INFO  impl.RaftServerImpl (RaftServerImpl.java:setRole(170)) - 8f648e44-79c5-4c02-bc8a-5021643fedf8@group-C070EE65BA70: changes role from      null to FOLLOWER at term 0 for startAsFollower
2019-10-02 00:24:40,477 [pool-403-thread-1] INFO  impl.RoleInfo (RoleInfo.java:updateAndGet(143)) - 8f648e44-79c5-4c02-bc8a-5021643fedf8: start FollowerState
2019-10-02 00:24:40,477 [pool-393-thread-1] INFO  util.JmxRegister (JmxRegister.java:tryRegister(44)) - Successfully registered JMX Bean with object name Ratis:service=RaftServer,group=group-C070EE65BA70,id=e3ad8c63-52e8-493c-b7d8-17ae40d30799
2019-10-02 00:24:40,478 [pool-403-thread-1] INFO  util.JmxRegister (JmxRegister.java:tryRegister(44)) - Successfully registered JMX Bean with object name Ratis:service=RaftServer,group=group-C070EE65BA70,id=8f648e44-79c5-4c02-bc8a-5021643fedf8
2019-10-02 00:24:40,482 [RatisPipelineUtilsThread] INFO  pipeline.PipelineStateManager (PipelineStateManager.java:addPipeline(56)) - Created pipeline Pipeline[ Id: ea80f443-75fa-43d0-9d74-c070ee65ba70, Nodes: 26998e6e-3feb-4b5a-8f2f-bfc627af3153{ip: 192.168.30.63, host: pr-hdds-2201-rename-25sj9-3976918760, networkLocation: /default-rack, certSerialId: null}e3ad8c63-52e8-493c-b7d8-17ae40d30799{ip: 192.168.30.63, host: pr-hdds-2201-rename-25sj9-3976918760, networkLocation: /default-rack, certSerialId: null}8f648e44-79c5-4c02-bc8a-5021643fedf8{ip: 192.168.30.63, host: pr-hdds-2201-rename-25sj9-3976918760, networkLocation: /default-rack, certSerialId: null}, Type:RATIS, Factor:THREE, State:OPEN]
2019-10-02 00:24:40,491 [grpc-default-executor-9] INFO  impl.RaftServerProxy (RaftServerProxy.java:addNew(89)) - d62de2c1-b5fa-499e-aedf-1a7d0068d3b5: addNew group-5B7945C794EC:[d62de2c1-b5fa-499e-aedf-1a7d0068d3b5:192.168.30.63:39222] returns group-5B7945C794EC:java.util.concurrent.CompletableFuture@139d60ac[Not completed]
2019-10-02 00:24:40,492 [pool-413-thread-1] INFO  impl.RaftServerImpl (RaftServerImpl.java:<init>(95)) - d62de2c1-b5fa-499e-aedf-1a7d0068d3b5: new RaftServerImpl for group-5B7945C794EC:[d62de2c1-b5fa-499e-aedf-1a7d0068d3b5:192.168.30.63:39222] with ContainerStateMachine:uninitialized
2019-10-02 00:24:40,492 [pool-413-thread-1] INFO  server.RaftServerConfigKeys (ConfUtils.java:logGet(43)) - raft.server.rpc.timeout.min = 5s (custom)
2019-10-02 00:24:40,492 [pool-413-thread-1] INFO  server.RaftServerConfigKeys (ConfUtils.java:logGet(43)) - raft.server.rpc.timeout.max = 5200ms (custom)
2019-10-02 00:24:40,492 [pool-413-thread-1] INFO  server.RaftServerConfigKeys (ConfUtils.java:logGet(43)) - raft.server.rpcslowness.timeout = 120s (custom)
2019-10-02 00:24:40,492 [pool-413-thread-1] INFO  server.RaftServerConfigKeys (ConfUtils.java:logGet(43)) - raft.server.sleep.deviation.threshold = 300 (default)
2019-10-02 00:24:40,492 [pool-413-thread-1] INFO  server.RaftServerConfigKeys (ConfUtils.java:logGet(43)) - raft.server.log.appender.install.snapshot.enabled = false (custom)
2019-10-02 00:24:40,492 [pool-413-thread-1] INFO  impl.RaftServerImpl (ServerState.java:<init>(103)) - d62de2c1-b5fa-499e-aedf-1a7d0068d3b5@group-5B7945C794EC: ConfigurationManager, init=-1: [d62de2c1-b5fa-499e-aedf-1a7d0068d3b5:192.168.30.63:39222], old=null, confs=<EMPTY_MAP>
2019-10-02 00:24:40,493 [pool-413-thread-1] INFO  server.RaftServerConfigKeys (ConfUtils.java:logGet(43)) - raft.server.storage.dir = [/workdir/hadoop-ozone/integration-test/target/test-dir/MiniOzoneClusterImpl-119a26f7-f77d-4643-9379-554c6d4b6695/datanode-3/data/ratis] (custom)
2019-10-02 00:24:40,493 [pool-413-thread-1] INFO  server.RaftServerConfigKeys (ConfUtils.java:logGet(43)) - raft.server.log.corruption.policy = EXCEPTION (default)
2019-10-02 00:24:40,493 [pool-413-thread-1] INFO  storage.RaftStorageDirectory (RaftStorageDirectory.java:analyzeStorage(246)) - The storage directory /workdir/hadoop-ozone/integration-test/target/test-dir/MiniOzoneClusterImpl-119a26f7-f77d-4643-9379-554c6d4b6695/datanode-3/data/ratis/44d3e07a-66df-4308-80ec-5b7945c794ec does not exist. Creating ...
2019-10-02 00:24:40,515 [pool-413-thread-1] INFO  storage.RaftStorageDirectory (RaftStorageDirectory.java:tryLock(328)) - Lock on /workdir/hadoop-ozone/integration-test/target/test-dir/MiniOzoneClusterImpl-119a26f7-f77d-4643-9379-554c6d4b6695/datanode-3/data/ratis/44d3e07a-66df-4308-80ec-5b7945c794ec/in_use.lock acquired by nodename 10586@pr-hdds-2201-rename-25sj9-3976918760
2019-10-02 00:24:40,530 [IPC Server handler 5 on 45789] INFO  net.NetworkTopology (NetworkTopologyImpl.java:add(111)) - Added a new node: /default-rack/bd57cbc4-0fd1-4057-b889-79cecd8b74ed
2019-10-02 00:24:40,530 [IPC Server handler 5 on 45789] INFO  node.SCMNodeManager (SCMNodeManager.java:register(266)) - Registered Data node : bd57cbc4-0fd1-4057-b889-79cecd8b74ed{ip: 192.168.30.63, host: pr-hdds-2201-rename-25sj9-3976918760, networkLocation: /default-rack, certSerialId: null}
2019-10-02 00:24:40,541 [pool-413-thread-1] INFO  storage.RaftStorage (RaftStorage.java:format(84)) - Storage directory /workdir/hadoop-ozone/integration-test/target/test-dir/MiniOzoneClusterImpl-119a26f7-f77d-4643-9379-554c6d4b6695/datanode-3/data/ratis/44d3e07a-66df-4308-80ec-5b7945c794ec has been successfully formatted.
2019-10-02 00:24:40,541 [pool-413-thread-1] INFO  ratis.ContainerStateMachine (ContainerStateMachine.java:loadSnapshot(230)) - group-5B7945C794EC: The snapshot info is null. Setting the last applied indexto:(t:0, i:~)
2019-10-02 00:24:40,541 [pool-413-thread-1] INFO  server.RaftServerConfigKeys (ConfUtils.java:logGet(43)) - raft.server.notification.no-leader.timeout = 120s (custom)
2019-10-02 00:24:40,541 [pool-413-thread-1] INFO  server.RaftServerConfigKeys (ConfUtils.java:logGet(43)) - raft.server.log.use.memory = false (default)
2019-10-02 00:24:40,542 [pool-413-thread-1] INFO  server.RaftServerConfigKeys (ConfUtils.java:logGet(43)) - raft.server.log.purge.gap = 1000000 (custom)
2019-10-02 00:24:40,542 [pool-413-thread-1] INFO  server.RaftServerConfigKeys (ConfUtils.java:logGet(43)) - raft.server.log.appender.buffer.byte-limit = 33554432 (custom)
2019-10-02 00:24:40,542 [pool-413-thread-1] INFO  server.RaftServerConfigKeys (ConfUtils.java:logGet(43)) - raft.server.log.segment.size.max = 1048576 (custom)
2019-10-02 00:24:40,544 [pool-413-thread-1] INFO  server.RaftServerConfigKeys (ConfUtils.java:logGet(43)) - raft.server.log.segment.cache.num.max = 2 (custom)
2019-10-02 00:24:40,544 [pool-413-thread-1] INFO  segmented.SegmentedRaftLogWorker (SegmentedRaftLogWorker.java:<init>(173)) - new d62de2c1-b5fa-499e-aedf-1a7d0068d3b5@group-5B7945C794EC-SegmentedRaftLogWorker for RaftStorage:Storage Directory /workdir/hadoop-ozone/integration-test/target/test-dir/MiniOzoneClusterImpl-119a26f7-f77d-4643-9379-554c6d4b6695/datanode-3/data/ratis/44d3e07a-66df-4308-80ec-5b7945c794ec
2019-10-02 00:24:40,544 [pool-413-thread-1] INFO  server.RaftServerConfigKeys (ConfUtils.java:logGet(43)) - raft.server.log.queue.byte-limit = 2147483647 (custom)
2019-10-02 00:24:40,544 [pool-413-thread-1] INFO  server.RaftServerConfigKeys (ConfUtils.java:logGet(43)) - raft.server.log.queue.element-limit = 1024 (custom)
2019-10-02 00:24:40,544 [pool-413-thread-1] INFO  server.RaftServerConfigKeys (ConfUtils.java:logGet(43)) - raft.server.log.segment.size.max = 1048576 (custom)
2019-10-02 00:24:40,544 [pool-413-thread-1] INFO  server.RaftServerConfigKeys (ConfUtils.java:logGet(43)) - raft.server.log.preallocated.size = 16384 (custom)
2019-10-02 00:24:40,544 [pool-413-thread-1] INFO  server.RaftServerConfigKeys (ConfUtils.java:logGet(43)) - raft.server.log.write.buffer.size = 33554432 (custom)
2019-10-02 00:24:40,544 [pool-413-thread-1] INFO  server.RaftServerConfigKeys (ConfUtils.java:logGet(43)) - raft.server.log.force.sync.num = 128 (default)
2019-10-02 00:24:40,545 [pool-413-thread-1] INFO  server.RaftServerConfigKeys (ConfUtils.java:logGet(43)) - raft.server.log.statemachine.data.sync = true (default)
2019-10-02 00:24:40,545 [pool-413-thread-1] INFO  server.RaftServerConfigKeys (ConfUtils.java:logGet(43)) - raft.server.log.statemachine.data.sync.timeout = 10s (default)
2019-10-02 00:24:40,545 [pool-413-thread-1] INFO  server.RaftServerConfigKeys (ConfUtils.java:logGet(43)) - raft.server.log.statemachine.data.sync.timeout.retry = -1 (default)
2019-10-02 00:24:40,545 [pool-413-thread-1] INFO  server.RaftServerConfigKeys (ConfUtils.java:logGet(43)) - raft.server.log.statemachine.data.caching.enabled = true (custom)
2019-10-02 00:24:40,546 [pool-413-thread-1] INFO  segmented.SegmentedRaftLogWorker (SegmentedRaftLogWorker.java:lambda$new$0(128)) - d62de2c1-b5fa-499e-aedf-1a7d0068d3b5@group-5B7945C794EC-SegmentedRaftLogWorker: flushIndex: setUnconditionally 0 -> -1
2019-10-02 00:24:40,546 [pool-413-thread-1] INFO  server.RaftServerConfigKeys (ConfUtils.java:logGet(43)) - raft.server.snapshot.auto.trigger.enabled = true (custom)
2019-10-02 00:24:40,546 [pool-413-thread-1] INFO  server.RaftServerConfigKeys (ConfUtils.java:logGet(43)) - raft.server.snapshot.auto.trigger.threshold = 10000 (custom)
2019-10-02 00:24:40,546 [pool-413-thread-1] INFO  server.RaftServerConfigKeys (ConfUtils.java:logGet(43)) - raft.server.snapshot.retention.file.num = 5 (custom)
2019-10-02 00:24:40,546 [pool-413-thread-1] INFO  server.RaftServerConfigKeys (ConfUtils.java:logGet(43)) - raft.server.retrycache.expirytime = 600000ms (custom)
2019-10-02 00:24:40,548 [pool-413-thread-1] INFO  impl.RaftServerImpl (RaftServerImpl.java:start(181)) - d62de2c1-b5fa-499e-aedf-1a7d0068d3b5@group-5B7945C794EC: start as a follower, conf=-1: [d62de2c1-b5fa-499e-aedf-1a7d0068d3b5:192.168.30.63:39222], old=null
2019-10-02 00:24:40,548 [pool-413-thread-1] INFO  impl.RaftServerImpl (RaftServerImpl.java:setRole(170)) - d62de2c1-b5fa-499e-aedf-1a7d0068d3b5@group-5B7945C794EC: changes role from      null to FOLLOWER at term 0 for startAsFollower
2019-10-02 00:24:40,548 [pool-413-thread-1] INFO  impl.RoleInfo (RoleInfo.java:updateAndGet(143)) - d62de2c1-b5fa-499e-aedf-1a7d0068d3b5: start FollowerState
2019-10-02 00:24:40,549 [pool-413-thread-1] INFO  util.JmxRegister (JmxRegister.java:tryRegister(44)) - Successfully registered JMX Bean with object name Ratis:service=RaftServer,group=group-5B7945C794EC,id=d62de2c1-b5fa-499e-aedf-1a7d0068d3b5
2019-10-02 00:24:40,552 [RatisPipelineUtilsThread] INFO  pipeline.PipelineStateManager (PipelineStateManager.java:addPipeline(56)) - Created pipeline Pipeline[ Id: 44d3e07a-66df-4308-80ec-5b7945c794ec, Nodes: d62de2c1-b5fa-499e-aedf-1a7d0068d3b5{ip: 192.168.30.63, host: pr-hdds-2201-rename-25sj9-3976918760, networkLocation: /default-rack, certSerialId: null}, Type:RATIS, Factor:ONE, State:OPEN]
2019-10-02 00:24:40,561 [grpc-default-executor-9] INFO  impl.RaftServerProxy (RaftServerProxy.java:addNew(89)) - bd57cbc4-0fd1-4057-b889-79cecd8b74ed: addNew group-5B00FEFF2E12:[bd57cbc4-0fd1-4057-b889-79cecd8b74ed:192.168.30.63:43815] returns group-5B00FEFF2E12:java.util.concurrent.CompletableFuture@7da729a6[Not completed]
2019-10-02 00:24:40,562 [pool-423-thread-1] INFO  impl.RaftServerImpl (RaftServerImpl.java:<init>(95)) - bd57cbc4-0fd1-4057-b889-79cecd8b74ed: new RaftServerImpl for group-5B00FEFF2E12:[bd57cbc4-0fd1-4057-b889-79cecd8b74ed:192.168.30.63:43815] with ContainerStateMachine:uninitialized
2019-10-02 00:24:40,562 [pool-423-thread-1] INFO  server.RaftServerConfigKeys (ConfUtils.java:logGet(43)) - raft.server.rpc.timeout.min = 5s (custom)
2019-10-02 00:24:40,562 [pool-423-thread-1] INFO  server.RaftServerConfigKeys (ConfUtils.java:logGet(43)) - raft.server.rpc.timeout.max = 5200ms (custom)
2019-10-02 00:24:40,562 [pool-423-thread-1] INFO  server.RaftServerConfigKeys (ConfUtils.java:logGet(43)) - raft.server.rpcslowness.timeout = 120s (custom)
2019-10-02 00:24:40,562 [pool-423-thread-1] INFO  server.RaftServerConfigKeys (ConfUtils.java:logGet(43)) - raft.server.sleep.deviation.threshold = 300 (default)
2019-10-02 00:24:40,562 [pool-423-thread-1] INFO  server.RaftServerConfigKeys (ConfUtils.java:logGet(43)) - raft.server.log.appender.install.snapshot.enabled = false (custom)
2019-10-02 00:24:40,562 [pool-423-thread-1] INFO  impl.RaftServerImpl (ServerState.java:<init>(103)) - bd57cbc4-0fd1-4057-b889-79cecd8b74ed@group-5B00FEFF2E12: ConfigurationManager, init=-1: [bd57cbc4-0fd1-4057-b889-79cecd8b74ed:192.168.30.63:43815], old=null, confs=<EMPTY_MAP>
2019-10-02 00:24:40,563 [pool-423-thread-1] INFO  server.RaftServerConfigKeys (ConfUtils.java:logGet(43)) - raft.server.storage.dir = [/workdir/hadoop-ozone/integration-test/target/test-dir/MiniOzoneClusterImpl-119a26f7-f77d-4643-9379-554c6d4b6695/datanode-4/data/ratis] (custom)
2019-10-02 00:24:40,563 [pool-423-thread-1] INFO  server.RaftServerConfigKeys (ConfUtils.java:logGet(43)) - raft.server.log.corruption.policy = EXCEPTION (default)
2019-10-02 00:24:40,563 [pool-423-thread-1] INFO  storage.RaftStorageDirectory (RaftStorageDirectory.java:analyzeStorage(246)) - The storage directory /workdir/hadoop-ozone/integration-test/target/test-dir/MiniOzoneClusterImpl-119a26f7-f77d-4643-9379-554c6d4b6695/datanode-4/data/ratis/498fc0fb-0f78-4466-991e-5b00feff2e12 does not exist. Creating ...
2019-10-02 00:24:40,591 [pool-423-thread-1] INFO  storage.RaftStorageDirectory (RaftStorageDirectory.java:tryLock(328)) - Lock on /workdir/hadoop-ozone/integration-test/target/test-dir/MiniOzoneClusterImpl-119a26f7-f77d-4643-9379-554c6d4b6695/datanode-4/data/ratis/498fc0fb-0f78-4466-991e-5b00feff2e12/in_use.lock acquired by nodename 10586@pr-hdds-2201-rename-25sj9-3976918760
2019-10-02 00:24:40,617 [pool-423-thread-1] INFO  storage.RaftStorage (RaftStorage.java:format(84)) - Storage directory /workdir/hadoop-ozone/integration-test/target/test-dir/MiniOzoneClusterImpl-119a26f7-f77d-4643-9379-554c6d4b6695/datanode-4/data/ratis/498fc0fb-0f78-4466-991e-5b00feff2e12 has been successfully formatted.
2019-10-02 00:24:40,617 [pool-423-thread-1] INFO  ratis.ContainerStateMachine (ContainerStateMachine.java:loadSnapshot(230)) - group-5B00FEFF2E12: The snapshot info is null. Setting the last applied indexto:(t:0, i:~)
2019-10-02 00:24:40,617 [pool-423-thread-1] INFO  server.RaftServerConfigKeys (ConfUtils.java:logGet(43)) - raft.server.notification.no-leader.timeout = 120s (custom)
2019-10-02 00:24:40,617 [pool-423-thread-1] INFO  server.RaftServerConfigKeys (ConfUtils.java:logGet(43)) - raft.server.log.use.memory = false (default)
2019-10-02 00:24:40,617 [pool-423-thread-1] INFO  server.RaftServerConfigKeys (ConfUtils.java:logGet(43)) - raft.server.log.purge.gap = 1000000 (custom)
2019-10-02 00:24:40,617 [pool-423-thread-1] INFO  server.RaftServerConfigKeys (ConfUtils.java:logGet(43)) - raft.server.log.appender.buffer.byte-limit = 33554432 (custom)
2019-10-02 00:24:40,618 [pool-423-thread-1] INFO  server.RaftServerConfigKeys (ConfUtils.java:logGet(43)) - raft.server.log.segment.size.max = 1048576 (custom)
2019-10-02 00:24:40,619 [pool-423-thread-1] INFO  server.RaftServerConfigKeys (ConfUtils.java:logGet(43)) - raft.server.log.segment.cache.num.max = 2 (custom)
2019-10-02 00:24:40,620 [pool-423-thread-1] INFO  segmented.SegmentedRaftLogWorker (SegmentedRaftLogWorker.java:<init>(173)) - new bd57cbc4-0fd1-4057-b889-79cecd8b74ed@group-5B00FEFF2E12-SegmentedRaftLogWorker for RaftStorage:Storage Directory /workdir/hadoop-ozone/integration-test/target/test-dir/MiniOzoneClusterImpl-119a26f7-f77d-4643-9379-554c6d4b6695/datanode-4/data/ratis/498fc0fb-0f78-4466-991e-5b00feff2e12
2019-10-02 00:24:40,620 [pool-423-thread-1] INFO  server.RaftServerConfigKeys (ConfUtils.java:logGet(43)) - raft.server.log.queue.byte-limit = 2147483647 (custom)
2019-10-02 00:24:40,620 [pool-423-thread-1] INFO  server.RaftServerConfigKeys (ConfUtils.java:logGet(43)) - raft.server.log.queue.element-limit = 1024 (custom)
2019-10-02 00:24:40,620 [pool-423-thread-1] INFO  server.RaftServerConfigKeys (ConfUtils.java:logGet(43)) - raft.server.log.segment.size.max = 1048576 (custom)
2019-10-02 00:24:40,620 [pool-423-thread-1] INFO  server.RaftServerConfigKeys (ConfUtils.java:logGet(43)) - raft.server.log.preallocated.size = 16384 (custom)
2019-10-02 00:24:40,620 [pool-423-thread-1] INFO  server.RaftServerConfigKeys (ConfUtils.java:logGet(43)) - raft.server.log.write.buffer.size = 33554432 (custom)
2019-10-02 00:24:40,620 [pool-423-thread-1] INFO  server.RaftServerConfigKeys (ConfUtils.java:logGet(43)) - raft.server.log.force.sync.num = 128 (default)
2019-10-02 00:24:40,621 [pool-423-thread-1] INFO  server.RaftServerConfigKeys (ConfUtils.java:logGet(43)) - raft.server.log.statemachine.data.sync = true (default)
2019-10-02 00:24:40,621 [pool-423-thread-1] INFO  server.RaftServerConfigKeys (ConfUtils.java:logGet(43)) - raft.server.log.statemachine.data.sync.timeout = 10s (default)
2019-10-02 00:24:40,621 [pool-423-thread-1] INFO  server.RaftServerConfigKeys (ConfUtils.java:logGet(43)) - raft.server.log.statemachine.data.sync.timeout.retry = -1 (default)
2019-10-02 00:24:40,621 [pool-423-thread-1] INFO  server.RaftServerConfigKeys (ConfUtils.java:logGet(43)) - raft.server.log.statemachine.data.caching.enabled = true (custom)
2019-10-02 00:24:40,622 [pool-423-thread-1] INFO  segmented.SegmentedRaftLogWorker (SegmentedRaftLogWorker.java:lambda$new$0(128)) - bd57cbc4-0fd1-4057-b889-79cecd8b74ed@group-5B00FEFF2E12-SegmentedRaftLogWorker: flushIndex: setUnconditionally 0 -> -1
2019-10-02 00:24:40,622 [pool-423-thread-1] INFO  server.RaftServerConfigKeys (ConfUtils.java:logGet(43)) - raft.server.snapshot.auto.trigger.enabled = true (custom)
2019-10-02 00:24:40,622 [pool-423-thread-1] INFO  server.RaftServerConfigKeys (ConfUtils.java:logGet(43)) - raft.server.snapshot.auto.trigger.threshold = 10000 (custom)
2019-10-02 00:24:40,622 [pool-423-thread-1] INFO  server.RaftServerConfigKeys (ConfUtils.java:logGet(43)) - raft.server.snapshot.retention.file.num = 5 (custom)
2019-10-02 00:24:40,622 [pool-423-thread-1] INFO  server.RaftServerConfigKeys (ConfUtils.java:logGet(43)) - raft.server.retrycache.expirytime = 600000ms (custom)
2019-10-02 00:24:40,624 [pool-423-thread-1] INFO  impl.RaftServerImpl (RaftServerImpl.java:start(181)) - bd57cbc4-0fd1-4057-b889-79cecd8b74ed@group-5B00FEFF2E12: start as a follower, conf=-1: [bd57cbc4-0fd1-4057-b889-79cecd8b74ed:192.168.30.63:43815], old=null
2019-10-02 00:24:40,624 [pool-423-thread-1] INFO  impl.RaftServerImpl (RaftServerImpl.java:setRole(170)) - bd57cbc4-0fd1-4057-b889-79cecd8b74ed@group-5B00FEFF2E12: changes role from      null to FOLLOWER at term 0 for startAsFollower
2019-10-02 00:24:40,624 [pool-423-thread-1] INFO  impl.RoleInfo (RoleInfo.java:updateAndGet(143)) - bd57cbc4-0fd1-4057-b889-79cecd8b74ed: start FollowerState
2019-10-02 00:24:40,625 [pool-423-thread-1] INFO  util.JmxRegister (JmxRegister.java:tryRegister(44)) - Successfully registered JMX Bean with object name Ratis:service=RaftServer,group=group-5B00FEFF2E12,id=bd57cbc4-0fd1-4057-b889-79cecd8b74ed
2019-10-02 00:24:40,628 [RatisPipelineUtilsThread] INFO  pipeline.PipelineStateManager (PipelineStateManager.java:addPipeline(56)) - Created pipeline Pipeline[ Id: 498fc0fb-0f78-4466-991e-5b00feff2e12, Nodes: bd57cbc4-0fd1-4057-b889-79cecd8b74ed{ip: 192.168.30.63, host: pr-hdds-2201-rename-25sj9-3976918760, networkLocation: /default-rack, certSerialId: null}, Type:RATIS, Factor:ONE, State:OPEN]
2019-10-02 00:24:40,654 [IPC Server handler 6 on 45789] INFO  net.NetworkTopology (NetworkTopologyImpl.java:add(111)) - Added a new node: /default-rack/755d3141-7e66-461f-ae0c-644f826e160f
2019-10-02 00:24:40,654 [IPC Server handler 6 on 45789] INFO  node.SCMNodeManager (SCMNodeManager.java:register(266)) - Registered Data node : 755d3141-7e66-461f-ae0c-644f826e160f{ip: 192.168.30.63, host: pr-hdds-2201-rename-25sj9-3976918760, networkLocation: /default-rack, certSerialId: null}
2019-10-02 00:24:40,662 [grpc-default-executor-9] INFO  impl.RaftServerProxy (RaftServerProxy.java:addNew(89)) - 755d3141-7e66-461f-ae0c-644f826e160f: addNew group-538DB79A2944:[755d3141-7e66-461f-ae0c-644f826e160f:192.168.30.63:41033] returns group-538DB79A2944:java.util.concurrent.CompletableFuture@48679e01[Not completed]
2019-10-02 00:24:40,663 [pool-433-thread-1] INFO  impl.RaftServerImpl (RaftServerImpl.java:<init>(95)) - 755d3141-7e66-461f-ae0c-644f826e160f: new RaftServerImpl for group-538DB79A2944:[755d3141-7e66-461f-ae0c-644f826e160f:192.168.30.63:41033] with ContainerStateMachine:uninitialized
2019-10-02 00:24:40,663 [pool-433-thread-1] INFO  server.RaftServerConfigKeys (ConfUtils.java:logGet(43)) - raft.server.rpc.timeout.min = 5s (custom)
2019-10-02 00:24:40,663 [pool-433-thread-1] INFO  server.RaftServerConfigKeys (ConfUtils.java:logGet(43)) - raft.server.rpc.timeout.max = 5200ms (custom)
2019-10-02 00:24:40,663 [pool-433-thread-1] INFO  server.RaftServerConfigKeys (ConfUtils.java:logGet(43)) - raft.server.rpcslowness.timeout = 120s (custom)
2019-10-02 00:24:40,663 [pool-433-thread-1] INFO  server.RaftServerConfigKeys (ConfUtils.java:logGet(43)) - raft.server.sleep.deviation.threshold = 300 (default)
2019-10-02 00:24:40,663 [pool-433-thread-1] INFO  server.RaftServerConfigKeys (ConfUtils.java:logGet(43)) - raft.server.log.appender.install.snapshot.enabled = false (custom)
2019-10-02 00:24:40,663 [pool-433-thread-1] INFO  impl.RaftServerImpl (ServerState.java:<init>(103)) - 755d3141-7e66-461f-ae0c-644f826e160f@group-538DB79A2944: ConfigurationManager, init=-1: [755d3141-7e66-461f-ae0c-644f826e160f:192.168.30.63:41033], old=null, confs=<EMPTY_MAP>
2019-10-02 00:24:40,663 [pool-433-thread-1] INFO  server.RaftServerConfigKeys (ConfUtils.java:logGet(43)) - raft.server.storage.dir = [/workdir/hadoop-ozone/integration-test/target/test-dir/MiniOzoneClusterImpl-119a26f7-f77d-4643-9379-554c6d4b6695/datanode-5/data/ratis] (custom)
2019-10-02 00:24:40,663 [pool-433-thread-1] INFO  server.RaftServerConfigKeys (ConfUtils.java:logGet(43)) - raft.server.log.corruption.policy = EXCEPTION (default)
2019-10-02 00:24:40,664 [pool-433-thread-1] INFO  storage.RaftStorageDirectory (RaftStorageDirectory.java:analyzeStorage(246)) - The storage directory /workdir/hadoop-ozone/integration-test/target/test-dir/MiniOzoneClusterImpl-119a26f7-f77d-4643-9379-554c6d4b6695/datanode-5/data/ratis/fca0306c-fae4-49af-bcd2-538db79a2944 does not exist. Creating ...
2019-10-02 00:24:40,692 [pool-433-thread-1] INFO  storage.RaftStorageDirectory (RaftStorageDirectory.java:tryLock(328)) - Lock on /workdir/hadoop-ozone/integration-test/target/test-dir/MiniOzoneClusterImpl-119a26f7-f77d-4643-9379-554c6d4b6695/datanode-5/data/ratis/fca0306c-fae4-49af-bcd2-538db79a2944/in_use.lock acquired by nodename 10586@pr-hdds-2201-rename-25sj9-3976918760
2019-10-02 00:24:40,709 [pool-433-thread-1] INFO  storage.RaftStorage (RaftStorage.java:format(84)) - Storage directory /workdir/hadoop-ozone/integration-test/target/test-dir/MiniOzoneClusterImpl-119a26f7-f77d-4643-9379-554c6d4b6695/datanode-5/data/ratis/fca0306c-fae4-49af-bcd2-538db79a2944 has been successfully formatted.
2019-10-02 00:24:40,709 [pool-433-thread-1] INFO  ratis.ContainerStateMachine (ContainerStateMachine.java:loadSnapshot(230)) - group-538DB79A2944: The snapshot info is null. Setting the last applied indexto:(t:0, i:~)
2019-10-02 00:24:40,709 [pool-433-thread-1] INFO  server.RaftServerConfigKeys (ConfUtils.java:logGet(43)) - raft.server.notification.no-leader.timeout = 120s (custom)
2019-10-02 00:24:40,709 [pool-433-thread-1] INFO  server.RaftServerConfigKeys (ConfUtils.java:logGet(43)) - raft.server.log.use.memory = false (default)
2019-10-02 00:24:40,709 [pool-433-thread-1] INFO  server.RaftServerConfigKeys (ConfUtils.java:logGet(43)) - raft.server.log.purge.gap = 1000000 (custom)
2019-10-02 00:24:40,709 [pool-433-thread-1] INFO  server.RaftServerConfigKeys (ConfUtils.java:logGet(43)) - raft.server.log.appender.buffer.byte-limit = 33554432 (custom)
2019-10-02 00:24:40,710 [pool-433-thread-1] INFO  server.RaftServerConfigKeys (ConfUtils.java:logGet(43)) - raft.server.log.segment.size.max = 1048576 (custom)
2019-10-02 00:24:40,710 [pool-433-thread-1] INFO  server.RaftServerConfigKeys (ConfUtils.java:logGet(43)) - raft.server.log.segment.cache.num.max = 2 (custom)
2019-10-02 00:24:40,711 [pool-433-thread-1] INFO  segmented.SegmentedRaftLogWorker (SegmentedRaftLogWorker.java:<init>(173)) - new 755d3141-7e66-461f-ae0c-644f826e160f@group-538DB79A2944-SegmentedRaftLogWorker for RaftStorage:Storage Directory /workdir/hadoop-ozone/integration-test/target/test-dir/MiniOzoneClusterImpl-119a26f7-f77d-4643-9379-554c6d4b6695/datanode-5/data/ratis/fca0306c-fae4-49af-bcd2-538db79a2944
2019-10-02 00:24:40,711 [pool-433-thread-1] INFO  server.RaftServerConfigKeys (ConfUtils.java:logGet(43)) - raft.server.log.queue.byte-limit = 2147483647 (custom)
2019-10-02 00:24:40,711 [pool-433-thread-1] INFO  server.RaftServerConfigKeys (ConfUtils.java:logGet(43)) - raft.server.log.queue.element-limit = 1024 (custom)
2019-10-02 00:24:40,711 [pool-433-thread-1] INFO  server.RaftServerConfigKeys (ConfUtils.java:logGet(43)) - raft.server.log.segment.size.max = 1048576 (custom)
2019-10-02 00:24:40,711 [pool-433-thread-1] INFO  server.RaftServerConfigKeys (ConfUtils.java:logGet(43)) - raft.server.log.preallocated.size = 16384 (custom)
2019-10-02 00:24:40,711 [pool-433-thread-1] INFO  server.RaftServerConfigKeys (ConfUtils.java:logGet(43)) - raft.server.log.write.buffer.size = 33554432 (custom)
2019-10-02 00:24:40,711 [pool-433-thread-1] INFO  server.RaftServerConfigKeys (ConfUtils.java:logGet(43)) - raft.server.log.force.sync.num = 128 (default)
2019-10-02 00:24:40,711 [pool-433-thread-1] INFO  server.RaftServerConfigKeys (ConfUtils.java:logGet(43)) - raft.server.log.statemachine.data.sync = true (default)
2019-10-02 00:24:40,711 [pool-433-thread-1] INFO  server.RaftServerConfigKeys (ConfUtils.java:logGet(43)) - raft.server.log.statemachine.data.sync.timeout = 10s (default)
2019-10-02 00:24:40,711 [pool-433-thread-1] INFO  server.RaftServerConfigKeys (ConfUtils.java:logGet(43)) - raft.server.log.statemachine.data.sync.timeout.retry = -1 (default)
2019-10-02 00:24:40,712 [pool-433-thread-1] INFO  server.RaftServerConfigKeys (ConfUtils.java:logGet(43)) - raft.server.log.statemachine.data.caching.enabled = true (custom)
2019-10-02 00:24:40,712 [pool-433-thread-1] INFO  segmented.SegmentedRaftLogWorker (SegmentedRaftLogWorker.java:lambda$new$0(128)) - 755d3141-7e66-461f-ae0c-644f826e160f@group-538DB79A2944-SegmentedRaftLogWorker: flushIndex: setUnconditionally 0 -> -1
2019-10-02 00:24:40,712 [pool-433-thread-1] INFO  server.RaftServerConfigKeys (ConfUtils.java:logGet(43)) - raft.server.snapshot.auto.trigger.enabled = true (custom)
2019-10-02 00:24:40,712 [pool-433-thread-1] INFO  server.RaftServerConfigKeys (ConfUtils.java:logGet(43)) - raft.server.snapshot.auto.trigger.threshold = 10000 (custom)
2019-10-02 00:24:40,712 [pool-433-thread-1] INFO  server.RaftServerConfigKeys (ConfUtils.java:logGet(43)) - raft.server.snapshot.retention.file.num = 5 (custom)
2019-10-02 00:24:40,712 [pool-433-thread-1] INFO  server.RaftServerConfigKeys (ConfUtils.java:logGet(43)) - raft.server.retrycache.expirytime = 600000ms (custom)
2019-10-02 00:24:40,713 [pool-433-thread-1] INFO  impl.RaftServerImpl (RaftServerImpl.java:start(181)) - 755d3141-7e66-461f-ae0c-644f826e160f@group-538DB79A2944: start as a follower, conf=-1: [755d3141-7e66-461f-ae0c-644f826e160f:192.168.30.63:41033], old=null
2019-10-02 00:24:40,713 [pool-433-thread-1] INFO  impl.RaftServerImpl (RaftServerImpl.java:setRole(170)) - 755d3141-7e66-461f-ae0c-644f826e160f@group-538DB79A2944: changes role from      null to FOLLOWER at term 0 for startAsFollower
2019-10-02 00:24:40,713 [pool-433-thread-1] INFO  impl.RoleInfo (RoleInfo.java:updateAndGet(143)) - 755d3141-7e66-461f-ae0c-644f826e160f: start FollowerState
2019-10-02 00:24:40,714 [pool-433-thread-1] INFO  util.JmxRegister (JmxRegister.java:tryRegister(44)) - Successfully registered JMX Bean with object name Ratis:service=RaftServer,group=group-538DB79A2944,id=755d3141-7e66-461f-ae0c-644f826e160f
2019-10-02 00:24:40,717 [RatisPipelineUtilsThread] INFO  pipeline.PipelineStateManager (PipelineStateManager.java:addPipeline(56)) - Created pipeline Pipeline[ Id: fca0306c-fae4-49af-bcd2-538db79a2944, Nodes: 755d3141-7e66-461f-ae0c-644f826e160f{ip: 192.168.30.63, host: pr-hdds-2201-rename-25sj9-3976918760, networkLocation: /default-rack, certSerialId: null}, Type:RATIS, Factor:ONE, State:OPEN]
2019-10-02 00:24:40,725 [main] INFO  ozone.MiniOzoneClusterImpl (MiniOzoneClusterImpl.java:lambda$waitForClusterToBeReady$0(147)) - Waiting for cluster to be ready. Got 6 of 7 DN Heartbeats.
2019-10-02 00:24:40,726 [IPC Server handler 8 on 45789] INFO  net.NetworkTopology (NetworkTopologyImpl.java:add(111)) - Added a new node: /default-rack/d7c2efc8-63b7-4cfd-8c82-aae14753b902
2019-10-02 00:24:40,729 [IPC Server handler 8 on 45789] INFO  node.SCMNodeManager (SCMNodeManager.java:register(266)) - Registered Data node : d7c2efc8-63b7-4cfd-8c82-aae14753b902{ip: 192.168.30.63, host: pr-hdds-2201-rename-25sj9-3976918760, networkLocation: /default-rack, certSerialId: null}
2019-10-02 00:24:40,734 [grpc-default-executor-6] INFO  impl.RaftServerProxy (RaftServerProxy.java:addNew(89)) - 755d3141-7e66-461f-ae0c-644f826e160f: addNew group-9615F4E8D1C9:[d62de2c1-b5fa-499e-aedf-1a7d0068d3b5:192.168.30.63:39222, 755d3141-7e66-461f-ae0c-644f826e160f:192.168.30.63:41033, bd57cbc4-0fd1-4057-b889-79cecd8b74ed:192.168.30.63:43815] returns group-9615F4E8D1C9:java.util.concurrent.CompletableFuture@43b9667[Not completed]
2019-10-02 00:24:40,734 [grpc-default-executor-8] INFO  impl.RaftServerProxy (RaftServerProxy.java:addNew(89)) - d62de2c1-b5fa-499e-aedf-1a7d0068d3b5: addNew group-9615F4E8D1C9:[d62de2c1-b5fa-499e-aedf-1a7d0068d3b5:192.168.30.63:39222, 755d3141-7e66-461f-ae0c-644f826e160f:192.168.30.63:41033, bd57cbc4-0fd1-4057-b889-79cecd8b74ed:192.168.30.63:43815] returns group-9615F4E8D1C9:java.util.concurrent.CompletableFuture@3ce2eca5[Not completed]
2019-10-02 00:24:40,735 [grpc-default-executor-9] INFO  impl.RaftServerProxy (RaftServerProxy.java:addNew(89)) - bd57cbc4-0fd1-4057-b889-79cecd8b74ed: addNew group-9615F4E8D1C9:[d62de2c1-b5fa-499e-aedf-1a7d0068d3b5:192.168.30.63:39222, 755d3141-7e66-461f-ae0c-644f826e160f:192.168.30.63:41033, bd57cbc4-0fd1-4057-b889-79cecd8b74ed:192.168.30.63:43815] returns group-9615F4E8D1C9:java.util.concurrent.CompletableFuture@34c399db[Not completed]
2019-10-02 00:24:40,736 [pool-433-thread-1] INFO  impl.RaftServerImpl (RaftServerImpl.java:<init>(95)) - 755d3141-7e66-461f-ae0c-644f826e160f: new RaftServerImpl for group-9615F4E8D1C9:[d62de2c1-b5fa-499e-aedf-1a7d0068d3b5:192.168.30.63:39222, 755d3141-7e66-461f-ae0c-644f826e160f:192.168.30.63:41033, bd57cbc4-0fd1-4057-b889-79cecd8b74ed:192.168.30.63:43815] with ContainerStateMachine:uninitialized
2019-10-02 00:24:40,736 [pool-433-thread-1] INFO  server.RaftServerConfigKeys (ConfUtils.java:logGet(43)) - raft.server.rpc.timeout.min = 5s (custom)
2019-10-02 00:24:40,736 [pool-433-thread-1] INFO  server.RaftServerConfigKeys (ConfUtils.java:logGet(43)) - raft.server.rpc.timeout.max = 5200ms (custom)
2019-10-02 00:24:40,736 [pool-433-thread-1] INFO  server.RaftServerConfigKeys (ConfUtils.java:logGet(43)) - raft.server.rpcslowness.timeout = 120s (custom)
2019-10-02 00:24:40,736 [pool-433-thread-1] INFO  server.RaftServerConfigKeys (ConfUtils.java:logGet(43)) - raft.server.sleep.deviation.threshold = 300 (default)
2019-10-02 00:24:40,736 [pool-433-thread-1] INFO  server.RaftServerConfigKeys (ConfUtils.java:logGet(43)) - raft.server.log.appender.install.snapshot.enabled = false (custom)
2019-10-02 00:24:40,736 [pool-423-thread-1] INFO  impl.RaftServerImpl (RaftServerImpl.java:<init>(95)) - bd57cbc4-0fd1-4057-b889-79cecd8b74ed: new RaftServerImpl for group-9615F4E8D1C9:[d62de2c1-b5fa-499e-aedf-1a7d0068d3b5:192.168.30.63:39222, 755d3141-7e66-461f-ae0c-644f826e160f:192.168.30.63:41033, bd57cbc4-0fd1-4057-b889-79cecd8b74ed:192.168.30.63:43815] with ContainerStateMachine:uninitialized
2019-10-02 00:24:40,736 [pool-433-thread-1] INFO  impl.RaftServerImpl (ServerState.java:<init>(103)) - 755d3141-7e66-461f-ae0c-644f826e160f@group-9615F4E8D1C9: ConfigurationManager, init=-1: [d62de2c1-b5fa-499e-aedf-1a7d0068d3b5:192.168.30.63:39222, 755d3141-7e66-461f-ae0c-644f826e160f:192.168.30.63:41033, bd57cbc4-0fd1-4057-b889-79cecd8b74ed:192.168.30.63:43815], old=null, confs=<EMPTY_MAP>
2019-10-02 00:24:40,736 [pool-423-thread-1] INFO  server.RaftServerConfigKeys (ConfUtils.java:logGet(43)) - raft.server.rpc.timeout.min = 5s (custom)
2019-10-02 00:24:40,736 [pool-433-thread-1] INFO  server.RaftServerConfigKeys (ConfUtils.java:logGet(43)) - raft.server.storage.dir = [/workdir/hadoop-ozone/integration-test/target/test-dir/MiniOzoneClusterImpl-119a26f7-f77d-4643-9379-554c6d4b6695/datanode-5/data/ratis] (custom)
2019-10-02 00:24:40,736 [pool-423-thread-1] INFO  server.RaftServerConfigKeys (ConfUtils.java:logGet(43)) - raft.server.rpc.timeout.max = 5200ms (custom)
2019-10-02 00:24:40,736 [pool-423-thread-1] INFO  server.RaftServerConfigKeys (ConfUtils.java:logGet(43)) - raft.server.rpcslowness.timeout = 120s (custom)
2019-10-02 00:24:40,736 [pool-433-thread-1] INFO  server.RaftServerConfigKeys (ConfUtils.java:logGet(43)) - raft.server.log.corruption.policy = EXCEPTION (default)
2019-10-02 00:24:40,737 [pool-423-thread-1] INFO  server.RaftServerConfigKeys (ConfUtils.java:logGet(43)) - raft.server.sleep.deviation.threshold = 300 (default)
2019-10-02 00:24:40,737 [pool-413-thread-1] INFO  impl.RaftServerImpl (RaftServerImpl.java:<init>(95)) - d62de2c1-b5fa-499e-aedf-1a7d0068d3b5: new RaftServerImpl for group-9615F4E8D1C9:[d62de2c1-b5fa-499e-aedf-1a7d0068d3b5:192.168.30.63:39222, 755d3141-7e66-461f-ae0c-644f826e160f:192.168.30.63:41033, bd57cbc4-0fd1-4057-b889-79cecd8b74ed:192.168.30.63:43815] with ContainerStateMachine:uninitialized
2019-10-02 00:24:40,737 [pool-433-thread-1] INFO  storage.RaftStorageDirectory (RaftStorageDirectory.java:analyzeStorage(246)) - The storage directory /workdir/hadoop-ozone/integration-test/target/test-dir/MiniOzoneClusterImpl-119a26f7-f77d-4643-9379-554c6d4b6695/datanode-5/data/ratis/098ae44e-6eb4-43e3-845b-9615f4e8d1c9 does not exist. Creating ...
2019-10-02 00:24:40,737 [pool-413-thread-1] INFO  server.RaftServerConfigKeys (ConfUtils.java:logGet(43)) - raft.server.rpc.timeout.min = 5s (custom)
2019-10-02 00:24:40,737 [pool-423-thread-1] INFO  server.RaftServerConfigKeys (ConfUtils.java:logGet(43)) - raft.server.log.appender.install.snapshot.enabled = false (custom)
2019-10-02 00:24:40,737 [pool-413-thread-1] INFO  server.RaftServerConfigKeys (ConfUtils.java:logGet(43)) - raft.server.rpc.timeout.max = 5200ms (custom)
2019-10-02 00:24:40,737 [pool-423-thread-1] INFO  impl.RaftServerImpl (ServerState.java:<init>(103)) - bd57cbc4-0fd1-4057-b889-79cecd8b74ed@group-9615F4E8D1C9: ConfigurationManager, init=-1: [d62de2c1-b5fa-499e-aedf-1a7d0068d3b5:192.168.30.63:39222, 755d3141-7e66-461f-ae0c-644f826e160f:192.168.30.63:41033, bd57cbc4-0fd1-4057-b889-79cecd8b74ed:192.168.30.63:43815], old=null, confs=<EMPTY_MAP>
2019-10-02 00:24:40,737 [pool-413-thread-1] INFO  server.RaftServerConfigKeys (ConfUtils.java:logGet(43)) - raft.server.rpcslowness.timeout = 120s (custom)
2019-10-02 00:24:40,737 [pool-423-thread-1] INFO  server.RaftServerConfigKeys (ConfUtils.java:logGet(43)) - raft.server.storage.dir = [/workdir/hadoop-ozone/integration-test/target/test-dir/MiniOzoneClusterImpl-119a26f7-f77d-4643-9379-554c6d4b6695/datanode-4/data/ratis] (custom)
2019-10-02 00:24:40,738 [pool-413-thread-1] INFO  server.RaftServerConfigKeys (ConfUtils.java:logGet(43)) - raft.server.sleep.deviation.threshold = 300 (default)
2019-10-02 00:24:40,738 [pool-423-thread-1] INFO  server.RaftServerConfigKeys (ConfUtils.java:logGet(43)) - raft.server.log.corruption.policy = EXCEPTION (default)
2019-10-02 00:24:40,738 [pool-413-thread-1] INFO  server.RaftServerConfigKeys (ConfUtils.java:logGet(43)) - raft.server.log.appender.install.snapshot.enabled = false (custom)
2019-10-02 00:24:40,738 [pool-423-thread-1] INFO  storage.RaftStorageDirectory (RaftStorageDirectory.java:analyzeStorage(246)) - The storage directory /workdir/hadoop-ozone/integration-test/target/test-dir/MiniOzoneClusterImpl-119a26f7-f77d-4643-9379-554c6d4b6695/datanode-4/data/ratis/098ae44e-6eb4-43e3-845b-9615f4e8d1c9 does not exist. Creating ...
2019-10-02 00:24:40,738 [pool-413-thread-1] INFO  impl.RaftServerImpl (ServerState.java:<init>(103)) - d62de2c1-b5fa-499e-aedf-1a7d0068d3b5@group-9615F4E8D1C9: ConfigurationManager, init=-1: [d62de2c1-b5fa-499e-aedf-1a7d0068d3b5:192.168.30.63:39222, 755d3141-7e66-461f-ae0c-644f826e160f:192.168.30.63:41033, bd57cbc4-0fd1-4057-b889-79cecd8b74ed:192.168.30.63:43815], old=null, confs=<EMPTY_MAP>
2019-10-02 00:24:40,738 [pool-413-thread-1] INFO  server.RaftServerConfigKeys (ConfUtils.java:logGet(43)) - raft.server.storage.dir = [/workdir/hadoop-ozone/integration-test/target/test-dir/MiniOzoneClusterImpl-119a26f7-f77d-4643-9379-554c6d4b6695/datanode-3/data/ratis] (custom)
2019-10-02 00:24:40,739 [pool-413-thread-1] INFO  server.RaftServerConfigKeys (ConfUtils.java:logGet(43)) - raft.server.log.corruption.policy = EXCEPTION (default)
2019-10-02 00:24:40,739 [pool-413-thread-1] INFO  storage.RaftStorageDirectory (RaftStorageDirectory.java:analyzeStorage(246)) - The storage directory /workdir/hadoop-ozone/integration-test/target/test-dir/MiniOzoneClusterImpl-119a26f7-f77d-4643-9379-554c6d4b6695/datanode-3/data/ratis/098ae44e-6eb4-43e3-845b-9615f4e8d1c9 does not exist. Creating ...
2019-10-02 00:24:40,760 [pool-433-thread-1] INFO  storage.RaftStorageDirectory (RaftStorageDirectory.java:tryLock(328)) - Lock on /workdir/hadoop-ozone/integration-test/target/test-dir/MiniOzoneClusterImpl-119a26f7-f77d-4643-9379-554c6d4b6695/datanode-5/data/ratis/098ae44e-6eb4-43e3-845b-9615f4e8d1c9/in_use.lock acquired by nodename 10586@pr-hdds-2201-rename-25sj9-3976918760
2019-10-02 00:24:40,760 [pool-413-thread-1] INFO  storage.RaftStorageDirectory (RaftStorageDirectory.java:tryLock(328)) - Lock on /workdir/hadoop-ozone/integration-test/target/test-dir/MiniOzoneClusterImpl-119a26f7-f77d-4643-9379-554c6d4b6695/datanode-3/data/ratis/098ae44e-6eb4-43e3-845b-9615f4e8d1c9/in_use.lock acquired by nodename 10586@pr-hdds-2201-rename-25sj9-3976918760
2019-10-02 00:24:40,760 [pool-423-thread-1] INFO  storage.RaftStorageDirectory (RaftStorageDirectory.java:tryLock(328)) - Lock on /workdir/hadoop-ozone/integration-test/target/test-dir/MiniOzoneClusterImpl-119a26f7-f77d-4643-9379-554c6d4b6695/datanode-4/data/ratis/098ae44e-6eb4-43e3-845b-9615f4e8d1c9/in_use.lock acquired by nodename 10586@pr-hdds-2201-rename-25sj9-3976918760
2019-10-02 00:24:40,786 [pool-433-thread-1] INFO  storage.RaftStorage (RaftStorage.java:format(84)) - Storage directory /workdir/hadoop-ozone/integration-test/target/test-dir/MiniOzoneClusterImpl-119a26f7-f77d-4643-9379-554c6d4b6695/datanode-5/data/ratis/098ae44e-6eb4-43e3-845b-9615f4e8d1c9 has been successfully formatted.
2019-10-02 00:24:40,786 [pool-413-thread-1] INFO  storage.RaftStorage (RaftStorage.java:format(84)) - Storage directory /workdir/hadoop-ozone/integration-test/target/test-dir/MiniOzoneClusterImpl-119a26f7-f77d-4643-9379-554c6d4b6695/datanode-3/data/ratis/098ae44e-6eb4-43e3-845b-9615f4e8d1c9 has been successfully formatted.
2019-10-02 00:24:40,786 [pool-423-thread-1] INFO  storage.RaftStorage (RaftStorage.java:format(84)) - Storage directory /workdir/hadoop-ozone/integration-test/target/test-dir/MiniOzoneClusterImpl-119a26f7-f77d-4643-9379-554c6d4b6695/datanode-4/data/ratis/098ae44e-6eb4-43e3-845b-9615f4e8d1c9 has been successfully formatted.
2019-10-02 00:24:40,786 [pool-413-thread-1] INFO  ratis.ContainerStateMachine (ContainerStateMachine.java:loadSnapshot(230)) - group-9615F4E8D1C9: The snapshot info is null. Setting the last applied indexto:(t:0, i:~)
2019-10-02 00:24:40,786 [pool-433-thread-1] INFO  ratis.ContainerStateMachine (ContainerStateMachine.java:loadSnapshot(230)) - group-9615F4E8D1C9: The snapshot info is null. Setting the last applied indexto:(t:0, i:~)
2019-10-02 00:24:40,786 [pool-413-thread-1] INFO  server.RaftServerConfigKeys (ConfUtils.java:logGet(43)) - raft.server.notification.no-leader.timeout = 120s (custom)
2019-10-02 00:24:40,786 [pool-423-thread-1] INFO  ratis.ContainerStateMachine (ContainerStateMachine.java:loadSnapshot(230)) - group-9615F4E8D1C9: The snapshot info is null. Setting the last applied indexto:(t:0, i:~)
2019-10-02 00:24:40,787 [pool-413-thread-1] INFO  server.RaftServerConfigKeys (ConfUtils.java:logGet(43)) - raft.server.log.use.memory = false (default)
2019-10-02 00:24:40,787 [pool-433-thread-1] INFO  server.RaftServerConfigKeys (ConfUtils.java:logGet(43)) - raft.server.notification.no-leader.timeout = 120s (custom)
2019-10-02 00:24:40,787 [pool-423-thread-1] INFO  server.RaftServerConfigKeys (ConfUtils.java:logGet(43)) - raft.server.notification.no-leader.timeout = 120s (custom)
2019-10-02 00:24:40,787 [pool-413-thread-1] INFO  server.RaftServerConfigKeys (ConfUtils.java:logGet(43)) - raft.server.log.purge.gap = 1000000 (custom)
2019-10-02 00:24:40,787 [pool-433-thread-1] INFO  server.RaftServerConfigKeys (ConfUtils.java:logGet(43)) - raft.server.log.use.memory = false (default)
2019-10-02 00:24:40,788 [pool-413-thread-1] INFO  server.RaftServerConfigKeys (ConfUtils.java:logGet(43)) - raft.server.log.appender.buffer.byte-limit = 33554432 (custom)
2019-10-02 00:24:40,787 [pool-423-thread-1] INFO  server.RaftServerConfigKeys (ConfUtils.java:logGet(43)) - raft.server.log.use.memory = false (default)
2019-10-02 00:24:40,788 [pool-413-thread-1] INFO  server.RaftServerConfigKeys (ConfUtils.java:logGet(43)) - raft.server.log.segment.size.max = 1048576 (custom)
2019-10-02 00:24:40,788 [pool-433-thread-1] INFO  server.RaftServerConfigKeys (ConfUtils.java:logGet(43)) - raft.server.log.purge.gap = 1000000 (custom)
2019-10-02 00:24:40,788 [pool-413-thread-1] INFO  server.RaftServerConfigKeys (ConfUtils.java:logGet(43)) - raft.server.log.segment.cache.num.max = 2 (custom)
2019-10-02 00:24:40,788 [pool-423-thread-1] INFO  server.RaftServerConfigKeys (ConfUtils.java:logGet(43)) - raft.server.log.purge.gap = 1000000 (custom)
2019-10-02 00:24:40,789 [pool-413-thread-1] INFO  segmented.SegmentedRaftLogWorker (SegmentedRaftLogWorker.java:<init>(173)) - new d62de2c1-b5fa-499e-aedf-1a7d0068d3b5@group-9615F4E8D1C9-SegmentedRaftLogWorker for RaftStorage:Storage Directory /workdir/hadoop-ozone/integration-test/target/test-dir/MiniOzoneClusterImpl-119a26f7-f77d-4643-9379-554c6d4b6695/datanode-3/data/ratis/098ae44e-6eb4-43e3-845b-9615f4e8d1c9
2019-10-02 00:24:40,788 [pool-433-thread-1] INFO  server.RaftServerConfigKeys (ConfUtils.java:logGet(43)) - raft.server.log.appender.buffer.byte-limit = 33554432 (custom)
2019-10-02 00:24:40,789 [pool-413-thread-1] INFO  server.RaftServerConfigKeys (ConfUtils.java:logGet(43)) - raft.server.log.queue.byte-limit = 2147483647 (custom)
2019-10-02 00:24:40,789 [pool-423-thread-1] INFO  server.RaftServerConfigKeys (ConfUtils.java:logGet(43)) - raft.server.log.appender.buffer.byte-limit = 33554432 (custom)
2019-10-02 00:24:40,789 [pool-413-thread-1] INFO  server.RaftServerConfigKeys (ConfUtils.java:logGet(43)) - raft.server.log.queue.element-limit = 1024 (custom)
2019-10-02 00:24:40,789 [pool-433-thread-1] INFO  server.RaftServerConfigKeys (ConfUtils.java:logGet(43)) - raft.server.log.segment.size.max = 1048576 (custom)
2019-10-02 00:24:40,790 [pool-413-thread-1] INFO  server.RaftServerConfigKeys (ConfUtils.java:logGet(43)) - raft.server.log.segment.size.max = 1048576 (custom)
2019-10-02 00:24:40,790 [pool-423-thread-1] INFO  server.RaftServerConfigKeys (ConfUtils.java:logGet(43)) - raft.server.log.segment.size.max = 1048576 (custom)
2019-10-02 00:24:40,790 [pool-413-thread-1] INFO  server.RaftServerConfigKeys (ConfUtils.java:logGet(43)) - raft.server.log.preallocated.size = 16384 (custom)
2019-10-02 00:24:40,790 [pool-433-thread-1] INFO  server.RaftServerConfigKeys (ConfUtils.java:logGet(43)) - raft.server.log.segment.cache.num.max = 2 (custom)
2019-10-02 00:24:40,790 [pool-413-thread-1] INFO  server.RaftServerConfigKeys (ConfUtils.java:logGet(43)) - raft.server.log.write.buffer.size = 33554432 (custom)
2019-10-02 00:24:40,790 [pool-423-thread-1] INFO  server.RaftServerConfigKeys (ConfUtils.java:logGet(43)) - raft.server.log.segment.cache.num.max = 2 (custom)
2019-10-02 00:24:40,791 [pool-413-thread-1] INFO  server.RaftServerConfigKeys (ConfUtils.java:logGet(43)) - raft.server.log.force.sync.num = 128 (default)
2019-10-02 00:24:40,791 [pool-433-thread-1] INFO  segmented.SegmentedRaftLogWorker (SegmentedRaftLogWorker.java:<init>(173)) - new 755d3141-7e66-461f-ae0c-644f826e160f@group-9615F4E8D1C9-SegmentedRaftLogWorker for RaftStorage:Storage Directory /workdir/hadoop-ozone/integration-test/target/test-dir/MiniOzoneClusterImpl-119a26f7-f77d-4643-9379-554c6d4b6695/datanode-5/data/ratis/098ae44e-6eb4-43e3-845b-9615f4e8d1c9
2019-10-02 00:24:40,791 [pool-413-thread-1] INFO  server.RaftServerConfigKeys (ConfUtils.java:logGet(43)) - raft.server.log.statemachine.data.sync = true (default)
2019-10-02 00:24:40,791 [pool-423-thread-1] INFO  segmented.SegmentedRaftLogWorker (SegmentedRaftLogWorker.java:<init>(173)) - new bd57cbc4-0fd1-4057-b889-79cecd8b74ed@group-9615F4E8D1C9-SegmentedRaftLogWorker for RaftStorage:Storage Directory /workdir/hadoop-ozone/integration-test/target/test-dir/MiniOzoneClusterImpl-119a26f7-f77d-4643-9379-554c6d4b6695/datanode-4/data/ratis/098ae44e-6eb4-43e3-845b-9615f4e8d1c9
2019-10-02 00:24:40,792 [pool-413-thread-1] INFO  server.RaftServerConfigKeys (ConfUtils.java:logGet(43)) - raft.server.log.statemachine.data.sync.timeout = 10s (default)
2019-10-02 00:24:40,791 [pool-433-thread-1] INFO  server.RaftServerConfigKeys (ConfUtils.java:logGet(43)) - raft.server.log.queue.byte-limit = 2147483647 (custom)
2019-10-02 00:24:40,792 [pool-413-thread-1] INFO  server.RaftServerConfigKeys (ConfUtils.java:logGet(43)) - raft.server.log.statemachine.data.sync.timeout.retry = -1 (default)
2019-10-02 00:24:40,792 [pool-423-thread-1] INFO  server.RaftServerConfigKeys (ConfUtils.java:logGet(43)) - raft.server.log.queue.byte-limit = 2147483647 (custom)
2019-10-02 00:24:40,792 [pool-433-thread-1] INFO  server.RaftServerConfigKeys (ConfUtils.java:logGet(43)) - raft.server.log.queue.element-limit = 1024 (custom)
2019-10-02 00:24:40,792 [pool-423-thread-1] INFO  server.RaftServerConfigKeys (ConfUtils.java:logGet(43)) - raft.server.log.queue.element-limit = 1024 (custom)
2019-10-02 00:24:40,792 [pool-413-thread-1] INFO  server.RaftServerConfigKeys (ConfUtils.java:logGet(43)) - raft.server.log.statemachine.data.caching.enabled = true (custom)
2019-10-02 00:24:40,792 [pool-423-thread-1] INFO  server.RaftServerConfigKeys (ConfUtils.java:logGet(43)) - raft.server.log.segment.size.max = 1048576 (custom)
2019-10-02 00:24:40,792 [pool-433-thread-1] INFO  server.RaftServerConfigKeys (ConfUtils.java:logGet(43)) - raft.server.log.segment.size.max = 1048576 (custom)
2019-10-02 00:24:40,793 [pool-423-thread-1] INFO  server.RaftServerConfigKeys (ConfUtils.java:logGet(43)) - raft.server.log.preallocated.size = 16384 (custom)
2019-10-02 00:24:40,793 [pool-413-thread-1] INFO  segmented.SegmentedRaftLogWorker (SegmentedRaftLogWorker.java:lambda$new$0(128)) - d62de2c1-b5fa-499e-aedf-1a7d0068d3b5@group-9615F4E8D1C9-SegmentedRaftLogWorker: flushIndex: setUnconditionally 0 -> -1
2019-10-02 00:24:40,793 [pool-433-thread-1] INFO  server.RaftServerConfigKeys (ConfUtils.java:logGet(43)) - raft.server.log.preallocated.size = 16384 (custom)
2019-10-02 00:24:40,793 [pool-423-thread-1] INFO  server.RaftServerConfigKeys (ConfUtils.java:logGet(43)) - raft.server.log.write.buffer.size = 33554432 (custom)
2019-10-02 00:24:40,793 [pool-433-thread-1] INFO  server.RaftServerConfigKeys (ConfUtils.java:logGet(43)) - raft.server.log.write.buffer.size = 33554432 (custom)
2019-10-02 00:24:40,793 [pool-413-thread-1] INFO  server.RaftServerConfigKeys (ConfUtils.java:logGet(43)) - raft.server.snapshot.auto.trigger.enabled = true (custom)
2019-10-02 00:24:40,793 [pool-423-thread-1] INFO  server.RaftServerConfigKeys (ConfUtils.java:logGet(43)) - raft.server.log.force.sync.num = 128 (default)
2019-10-02 00:24:40,793 [pool-413-thread-1] INFO  server.RaftServerConfigKeys (ConfUtils.java:logGet(43)) - raft.server.snapshot.auto.trigger.threshold = 10000 (custom)
2019-10-02 00:24:40,793 [pool-433-thread-1] INFO  server.RaftServerConfigKeys (ConfUtils.java:logGet(43)) - raft.server.log.force.sync.num = 128 (default)
2019-10-02 00:24:40,794 [pool-413-thread-1] INFO  server.RaftServerConfigKeys (ConfUtils.java:logGet(43)) - raft.server.snapshot.retention.file.num = 5 (custom)
2019-10-02 00:24:40,794 [pool-423-thread-1] INFO  server.RaftServerConfigKeys (ConfUtils.java:logGet(43)) - raft.server.log.statemachine.data.sync = true (default)
2019-10-02 00:24:40,794 [pool-413-thread-1] INFO  server.RaftServerConfigKeys (ConfUtils.java:logGet(43)) - raft.server.retrycache.expirytime = 600000ms (custom)
2019-10-02 00:24:40,794 [pool-433-thread-1] INFO  server.RaftServerConfigKeys (ConfUtils.java:logGet(43)) - raft.server.log.statemachine.data.sync = true (default)
2019-10-02 00:24:40,794 [pool-423-thread-1] INFO  server.RaftServerConfigKeys (ConfUtils.java:logGet(43)) - raft.server.log.statemachine.data.sync.timeout = 10s (default)
2019-10-02 00:24:40,794 [pool-433-thread-1] INFO  server.RaftServerConfigKeys (ConfUtils.java:logGet(43)) - raft.server.log.statemachine.data.sync.timeout = 10s (default)
2019-10-02 00:24:40,794 [pool-423-thread-1] INFO  server.RaftServerConfigKeys (ConfUtils.java:logGet(43)) - raft.server.log.statemachine.data.sync.timeout.retry = -1 (default)
2019-10-02 00:24:40,794 [pool-433-thread-1] INFO  server.RaftServerConfigKeys (ConfUtils.java:logGet(43)) - raft.server.log.statemachine.data.sync.timeout.retry = -1 (default)
2019-10-02 00:24:40,795 [pool-423-thread-1] INFO  server.RaftServerConfigKeys (ConfUtils.java:logGet(43)) - raft.server.log.statemachine.data.caching.enabled = true (custom)
2019-10-02 00:24:40,795 [pool-433-thread-1] INFO  server.RaftServerConfigKeys (ConfUtils.java:logGet(43)) - raft.server.log.statemachine.data.caching.enabled = true (custom)
2019-10-02 00:24:40,795 [pool-423-thread-1] INFO  segmented.SegmentedRaftLogWorker (SegmentedRaftLogWorker.java:lambda$new$0(128)) - bd57cbc4-0fd1-4057-b889-79cecd8b74ed@group-9615F4E8D1C9-SegmentedRaftLogWorker: flushIndex: setUnconditionally 0 -> -1
2019-10-02 00:24:40,795 [pool-433-thread-1] INFO  segmented.SegmentedRaftLogWorker (SegmentedRaftLogWorker.java:lambda$new$0(128)) - 755d3141-7e66-461f-ae0c-644f826e160f@group-9615F4E8D1C9-SegmentedRaftLogWorker: flushIndex: setUnconditionally 0 -> -1
2019-10-02 00:24:40,795 [pool-423-thread-1] INFO  server.RaftServerConfigKeys (ConfUtils.java:logGet(43)) - raft.server.snapshot.auto.trigger.enabled = true (custom)
2019-10-02 00:24:40,795 [pool-423-thread-1] INFO  server.RaftServerConfigKeys (ConfUtils.java:logGet(43)) - raft.server.snapshot.auto.trigger.threshold = 10000 (custom)
2019-10-02 00:24:40,795 [pool-433-thread-1] INFO  server.RaftServerConfigKeys (ConfUtils.java:logGet(43)) - raft.server.snapshot.auto.trigger.enabled = true (custom)
2019-10-02 00:24:40,795 [pool-423-thread-1] INFO  server.RaftServerConfigKeys (ConfUtils.java:logGet(43)) - raft.server.snapshot.retention.file.num = 5 (custom)
2019-10-02 00:24:40,795 [pool-433-thread-1] INFO  server.RaftServerConfigKeys (ConfUtils.java:logGet(43)) - raft.server.snapshot.auto.trigger.threshold = 10000 (custom)
2019-10-02 00:24:40,795 [pool-423-thread-1] INFO  server.RaftServerConfigKeys (ConfUtils.java:logGet(43)) - raft.server.retrycache.expirytime = 600000ms (custom)
2019-10-02 00:24:40,796 [pool-433-thread-1] INFO  server.RaftServerConfigKeys (ConfUtils.java:logGet(43)) - raft.server.snapshot.retention.file.num = 5 (custom)
2019-10-02 00:24:40,796 [pool-433-thread-1] INFO  server.RaftServerConfigKeys (ConfUtils.java:logGet(43)) - raft.server.retrycache.expirytime = 600000ms (custom)
2019-10-02 00:24:40,796 [pool-413-thread-1] INFO  impl.RaftServerImpl (RaftServerImpl.java:start(181)) - d62de2c1-b5fa-499e-aedf-1a7d0068d3b5@group-9615F4E8D1C9: start as a follower, conf=-1: [d62de2c1-b5fa-499e-aedf-1a7d0068d3b5:192.168.30.63:39222, 755d3141-7e66-461f-ae0c-644f826e160f:192.168.30.63:41033, bd57cbc4-0fd1-4057-b889-79cecd8b74ed:192.168.30.63:43815], old=null
2019-10-02 00:24:40,796 [pool-413-thread-1] INFO  impl.RaftServerImpl (RaftServerImpl.java:setRole(170)) - d62de2c1-b5fa-499e-aedf-1a7d0068d3b5@group-9615F4E8D1C9: changes role from      null to FOLLOWER at term 0 for startAsFollower
2019-10-02 00:24:40,797 [pool-413-thread-1] INFO  impl.RoleInfo (RoleInfo.java:updateAndGet(143)) - d62de2c1-b5fa-499e-aedf-1a7d0068d3b5: start FollowerState
2019-10-02 00:24:40,797 [pool-413-thread-1] INFO  util.JmxRegister (JmxRegister.java:tryRegister(44)) - Successfully registered JMX Bean with object name Ratis:service=RaftServer,group=group-9615F4E8D1C9,id=d62de2c1-b5fa-499e-aedf-1a7d0068d3b5
2019-10-02 00:24:40,797 [pool-423-thread-1] INFO  impl.RaftServerImpl (RaftServerImpl.java:start(181)) - bd57cbc4-0fd1-4057-b889-79cecd8b74ed@group-9615F4E8D1C9: start as a follower, conf=-1: [d62de2c1-b5fa-499e-aedf-1a7d0068d3b5:192.168.30.63:39222, 755d3141-7e66-461f-ae0c-644f826e160f:192.168.30.63:41033, bd57cbc4-0fd1-4057-b889-79cecd8b74ed:192.168.30.63:43815], old=null
2019-10-02 00:24:40,797 [pool-433-thread-1] INFO  impl.RaftServerImpl (RaftServerImpl.java:start(181)) - 755d3141-7e66-461f-ae0c-644f826e160f@group-9615F4E8D1C9: start as a follower, conf=-1: [d62de2c1-b5fa-499e-aedf-1a7d0068d3b5:192.168.30.63:39222, 755d3141-7e66-461f-ae0c-644f826e160f:192.168.30.63:41033, bd57cbc4-0fd1-4057-b889-79cecd8b74ed:192.168.30.63:43815], old=null
2019-10-02 00:24:40,798 [pool-423-thread-1] INFO  impl.RaftServerImpl (RaftServerImpl.java:setRole(170)) - bd57cbc4-0fd1-4057-b889-79cecd8b74ed@group-9615F4E8D1C9: changes role from      null to FOLLOWER at term 0 for startAsFollower
2019-10-02 00:24:40,798 [pool-433-thread-1] INFO  impl.RaftServerImpl (RaftServerImpl.java:setRole(170)) - 755d3141-7e66-461f-ae0c-644f826e160f@group-9615F4E8D1C9: changes role from      null to FOLLOWER at term 0 for startAsFollower
2019-10-02 00:24:40,798 [pool-423-thread-1] INFO  impl.RoleInfo (RoleInfo.java:updateAndGet(143)) - bd57cbc4-0fd1-4057-b889-79cecd8b74ed: start FollowerState
2019-10-02 00:24:40,798 [pool-433-thread-1] INFO  impl.RoleInfo (RoleInfo.java:updateAndGet(143)) - 755d3141-7e66-461f-ae0c-644f826e160f: start FollowerState
2019-10-02 00:24:40,798 [pool-423-thread-1] INFO  util.JmxRegister (JmxRegister.java:tryRegister(44)) - Successfully registered JMX Bean with object name Ratis:service=RaftServer,group=group-9615F4E8D1C9,id=bd57cbc4-0fd1-4057-b889-79cecd8b74ed
2019-10-02 00:24:40,798 [pool-433-thread-1] INFO  util.JmxRegister (JmxRegister.java:tryRegister(44)) - Successfully registered JMX Bean with object name Ratis:service=RaftServer,group=group-9615F4E8D1C9,id=755d3141-7e66-461f-ae0c-644f826e160f
2019-10-02 00:24:40,803 [RatisPipelineUtilsThread] INFO  pipeline.PipelineStateManager (PipelineStateManager.java:addPipeline(56)) - Created pipeline Pipeline[ Id: 098ae44e-6eb4-43e3-845b-9615f4e8d1c9, Nodes: bd57cbc4-0fd1-4057-b889-79cecd8b74ed{ip: 192.168.30.63, host: pr-hdds-2201-rename-25sj9-3976918760, networkLocation: /default-rack, certSerialId: null}d62de2c1-b5fa-499e-aedf-1a7d0068d3b5{ip: 192.168.30.63, host: pr-hdds-2201-rename-25sj9-3976918760, networkLocation: /default-rack, certSerialId: null}755d3141-7e66-461f-ae0c-644f826e160f{ip: 192.168.30.63, host: pr-hdds-2201-rename-25sj9-3976918760, networkLocation: /default-rack, certSerialId: null}, Type:RATIS, Factor:THREE, State:OPEN]
2019-10-02 00:24:41,725 [main] INFO  ozone.MiniOzoneClusterImpl (MiniOzoneClusterImpl.java:lambda$waitForClusterToBeReady$0(147)) - Cluster is ready. Got 7 of 7 DN Heartbeats.
2019-10-02 00:24:41,774 [main] INFO  rpc.RpcClient (RpcClient.java:createVolume(276)) - Creating Volume: watchforcommithandlingtest, with jenkins1000 as owner.
2019-10-02 00:24:41,777 [IPC Server handler 1 on 37286] INFO  volume.OMVolumeCreateRequest (OMVolumeCreateRequest.java:validateAndUpdateCache(193)) - created volume:watchforcommithandlingtest for user:jenkins1000
2019-10-02 00:24:41,811 [main] INFO  rpc.RpcClient (RpcClient.java:createBucket(415)) - Creating Bucket: watchforcommithandlingtest/watchforcommithandlingtest, with Versioning false and Storage Type set to DISK and Encryption set to false 
2019-10-02 00:24:41,817 [main] INFO  ozone.MiniOzoneClusterImpl (MiniOzoneClusterImpl.java:getStorageContainerLocationClient(234)) - Creating StorageContainerLocationProtocol RPC client with address /0.0.0.0:45467
2019-10-02 00:24:42,323 [grpc-default-executor-10] WARN  server.GrpcLogAppender (LogUtils.java:warn(134)) - 6e95f05e-e2a5-4890-a0e7-0cff46ac429d@group-E65543CD1FD8->46b08147-e058-4424-8100-2a54324fd185-AppendLogResponseHandler: Failed appendEntries: org.apache.ratis.thirdparty.io.grpc.StatusRuntimeException: UNAVAILABLE: io exception
2019-10-02 00:24:42,323 [grpc-default-executor-7] WARN  server.GrpcLogAppender (LogUtils.java:warn(134)) - 6e95f05e-e2a5-4890-a0e7-0cff46ac429d@group-E65543CD1FD8->30ddb538-5430-4b07-ac01-3a06f53f55c9-AppendLogResponseHandler: Failed appendEntries: org.apache.ratis.thirdparty.io.grpc.StatusRuntimeException: UNAVAILABLE: io exception
2019-10-02 00:24:42,323 [grpc-default-executor-10] INFO  impl.FollowerInfo (FollowerInfo.java:lambda$new$0(51)) - 6e95f05e-e2a5-4890-a0e7-0cff46ac429d@group-E65543CD1FD8->46b08147-e058-4424-8100-2a54324fd185: nextIndex: updateUnconditionally 0 -> 0
2019-10-02 00:24:42,323 [grpc-default-executor-7] INFO  impl.FollowerInfo (FollowerInfo.java:lambda$new$0(51)) - 6e95f05e-e2a5-4890-a0e7-0cff46ac429d@group-E65543CD1FD8->30ddb538-5430-4b07-ac01-3a06f53f55c9: nextIndex: updateUnconditionally 0 -> 0
2019-10-02 00:24:43,136 [Thread-2352] INFO  container.ReplicationManager (ReplicationManager.java:start(162)) - Starting Replication Monitor Thread.
2019-10-02 00:24:43,142 [ReplicationMonitor] INFO  container.ReplicationManager (ReplicationManager.java:run(225)) - Replication Monitor Thread took 0 milliseconds for processing 1 containers.
2019-10-02 00:24:44,823 [grpc-default-executor-6] WARN  server.GrpcLogAppender (LogUtils.java:warn(134)) - 6e95f05e-e2a5-4890-a0e7-0cff46ac429d@group-E65543CD1FD8->30ddb538-5430-4b07-ac01-3a06f53f55c9-AppendLogResponseHandler: Failed appendEntries: org.apache.ratis.thirdparty.io.grpc.StatusRuntimeException: UNAVAILABLE: io exception
2019-10-02 00:24:44,823 [grpc-default-executor-7] WARN  server.GrpcLogAppender (LogUtils.java:warn(134)) - 6e95f05e-e2a5-4890-a0e7-0cff46ac429d@group-E65543CD1FD8->46b08147-e058-4424-8100-2a54324fd185-AppendLogResponseHandler: Failed appendEntries: org.apache.ratis.thirdparty.io.grpc.StatusRuntimeException: UNAVAILABLE: io exception
2019-10-02 00:24:44,823 [grpc-default-executor-6] INFO  impl.FollowerInfo (FollowerInfo.java:lambda$new$0(51)) - 6e95f05e-e2a5-4890-a0e7-0cff46ac429d@group-E65543CD1FD8->30ddb538-5430-4b07-ac01-3a06f53f55c9: nextIndex: updateUnconditionally 0 -> 0
2019-10-02 00:24:44,824 [grpc-default-executor-7] INFO  impl.FollowerInfo (FollowerInfo.java:lambda$new$0(51)) - 6e95f05e-e2a5-4890-a0e7-0cff46ac429d@group-E65543CD1FD8->46b08147-e058-4424-8100-2a54324fd185: nextIndex: updateUnconditionally 0 -> 0
2019-10-02 00:24:45,349 [Thread-2354] INFO  impl.FollowerState (FollowerState.java:run(108)) - 26998e6e-3feb-4b5a-8f2f-bfc627af3153@group-B24AF73B07C3-FollowerState: change to CANDIDATE, lastRpcTime:5130ms, electionTimeout:5130ms
2019-10-02 00:24:45,350 [Thread-2354] INFO  impl.RoleInfo (RoleInfo.java:shutdownFollowerState(121)) - 26998e6e-3feb-4b5a-8f2f-bfc627af3153: shutdown FollowerState
2019-10-02 00:24:45,350 [Thread-2354] INFO  impl.RaftServerImpl (RaftServerImpl.java:setRole(170)) - 26998e6e-3feb-4b5a-8f2f-bfc627af3153@group-B24AF73B07C3: changes role from  FOLLOWER to CANDIDATE at term 0 for changeToCandidate
2019-10-02 00:24:45,350 [Thread-2354] INFO  impl.RoleInfo (RoleInfo.java:updateAndGet(143)) - 26998e6e-3feb-4b5a-8f2f-bfc627af3153: start LeaderElection
2019-10-02 00:24:45,403 [26998e6e-3feb-4b5a-8f2f-bfc627af3153@group-B24AF73B07C3-LeaderElection83] INFO  impl.LeaderElection (LeaderElection.java:askForVotes(178)) - 26998e6e-3feb-4b5a-8f2f-bfc627af3153@group-B24AF73B07C3-LeaderElection83: begin an election at term 1 for -1: [26998e6e-3feb-4b5a-8f2f-bfc627af3153:192.168.30.63:43614], old=null
2019-10-02 00:24:45,403 [26998e6e-3feb-4b5a-8f2f-bfc627af3153@group-B24AF73B07C3-LeaderElection83] INFO  impl.RoleInfo (RoleInfo.java:shutdownLeaderElection(134)) - 26998e6e-3feb-4b5a-8f2f-bfc627af3153: shutdown LeaderElection
2019-10-02 00:24:45,403 [26998e6e-3feb-4b5a-8f2f-bfc627af3153@group-B24AF73B07C3-LeaderElection83] INFO  impl.RaftServerImpl (RaftServerImpl.java:setRole(170)) - 26998e6e-3feb-4b5a-8f2f-bfc627af3153@group-B24AF73B07C3: changes role from CANDIDATE to LEADER at term 1 for changeToLeader
2019-10-02 00:24:45,404 [26998e6e-3feb-4b5a-8f2f-bfc627af3153@group-B24AF73B07C3-LeaderElection83] INFO  impl.RaftServerImpl (ServerState.java:setLeader(255)) - 26998e6e-3feb-4b5a-8f2f-bfc627af3153@group-B24AF73B07C3: change Leader from null to 26998e6e-3feb-4b5a-8f2f-bfc627af3153 at term 1 for becomeLeader, leader elected after 5190ms
2019-10-02 00:24:45,404 [26998e6e-3feb-4b5a-8f2f-bfc627af3153@group-B24AF73B07C3-LeaderElection83] INFO  server.RaftServerConfigKeys (ConfUtils.java:logGet(43)) - raft.server.staging.catchup.gap = 1000 (default)
2019-10-02 00:24:45,404 [26998e6e-3feb-4b5a-8f2f-bfc627af3153@group-B24AF73B07C3-LeaderElection83] INFO  server.RaftServerConfigKeys (ConfUtils.java:logGet(43)) - raft.server.rpc.sleep.time = 25ms (default)
2019-10-02 00:24:45,404 [26998e6e-3feb-4b5a-8f2f-bfc627af3153@group-B24AF73B07C3-LeaderElection83] INFO  server.RaftServerConfigKeys (ConfUtils.java:logGet(43)) - raft.server.write.element-limit = 4096 (default)
2019-10-02 00:24:45,404 [26998e6e-3feb-4b5a-8f2f-bfc627af3153@group-B24AF73B07C3-LeaderElection83] INFO  server.RaftServerConfigKeys (ConfUtils.java:logGet(43)) - raft.server.watch.timeout = 10s (default)
2019-10-02 00:24:45,404 [26998e6e-3feb-4b5a-8f2f-bfc627af3153@group-B24AF73B07C3-LeaderElection83] INFO  server.RaftServerConfigKeys (ConfUtils.java:logGet(43)) - raft.server.watch.timeout.denomination = 1s (default)
2019-10-02 00:24:45,404 [26998e6e-3feb-4b5a-8f2f-bfc627af3153@group-B24AF73B07C3-LeaderElection83] INFO  server.RaftServerConfigKeys (ConfUtils.java:logGet(43)) - raft.server.watch.element-limit = 65536 (default)
2019-10-02 00:24:45,406 [26998e6e-3feb-4b5a-8f2f-bfc627af3153@group-B24AF73B07C3-LeaderElection83] INFO  impl.RoleInfo (RoleInfo.java:updateAndGet(143)) - 26998e6e-3feb-4b5a-8f2f-bfc627af3153: start LeaderState
2019-10-02 00:24:45,406 [26998e6e-3feb-4b5a-8f2f-bfc627af3153@group-B24AF73B07C3-LeaderElection83] INFO  segmented.SegmentedRaftLogWorker (SegmentedRaftLogWorker.java:startLogSegment(385)) - 26998e6e-3feb-4b5a-8f2f-bfc627af3153@group-B24AF73B07C3-SegmentedRaftLogWorker: Starting segment from index:0
2019-10-02 00:24:45,406 [26998e6e-3feb-4b5a-8f2f-bfc627af3153@group-B24AF73B07C3-LeaderElection83] INFO  impl.RaftServerImpl (ServerState.java:setRaftConf(356)) - 26998e6e-3feb-4b5a-8f2f-bfc627af3153@group-B24AF73B07C3: set configuration 0: [26998e6e-3feb-4b5a-8f2f-bfc627af3153:192.168.30.63:43614], old=null at 0
2019-10-02 00:24:45,446 [Thread-2357] INFO  impl.FollowerState (FollowerState.java:run(108)) - e3ad8c63-52e8-493c-b7d8-17ae40d30799@group-9C2B3B270A6A-FollowerState: change to CANDIDATE, lastRpcTime:5136ms, electionTimeout:5136ms
2019-10-02 00:24:45,446 [Thread-2357] INFO  impl.RoleInfo (RoleInfo.java:shutdownFollowerState(121)) - e3ad8c63-52e8-493c-b7d8-17ae40d30799: shutdown FollowerState
2019-10-02 00:24:45,446 [Thread-2357] INFO  impl.RaftServerImpl (RaftServerImpl.java:setRole(170)) - e3ad8c63-52e8-493c-b7d8-17ae40d30799@group-9C2B3B270A6A: changes role from  FOLLOWER to CANDIDATE at term 0 for changeToCandidate
2019-10-02 00:24:45,446 [Thread-2357] INFO  impl.RoleInfo (RoleInfo.java:updateAndGet(143)) - e3ad8c63-52e8-493c-b7d8-17ae40d30799: start LeaderElection
2019-10-02 00:24:45,457 [26998e6e-3feb-4b5a-8f2f-bfc627af3153@group-B24AF73B07C3-SegmentedRaftLogWorker] INFO  segmented.SegmentedRaftLogWorker (SegmentedRaftLogWorker.java:execute(574)) - 26998e6e-3feb-4b5a-8f2f-bfc627af3153@group-B24AF73B07C3-SegmentedRaftLogWorker: created new log segment /workdir/hadoop-ozone/integration-test/target/test-dir/MiniOzoneClusterImpl-119a26f7-f77d-4643-9379-554c6d4b6695/datanode-0/data/ratis/e617c08e-8401-4b40-8ebb-b24af73b07c3/current/log_inprogress_0
2019-10-02 00:24:45,479 [e3ad8c63-52e8-493c-b7d8-17ae40d30799@group-9C2B3B270A6A-LeaderElection84] INFO  impl.LeaderElection (LeaderElection.java:askForVotes(178)) - e3ad8c63-52e8-493c-b7d8-17ae40d30799@group-9C2B3B270A6A-LeaderElection84: begin an election at term 1 for -1: [e3ad8c63-52e8-493c-b7d8-17ae40d30799:192.168.30.63:40118], old=null
2019-10-02 00:24:45,479 [e3ad8c63-52e8-493c-b7d8-17ae40d30799@group-9C2B3B270A6A-LeaderElection84] INFO  impl.RoleInfo (RoleInfo.java:shutdownLeaderElection(134)) - e3ad8c63-52e8-493c-b7d8-17ae40d30799: shutdown LeaderElection
2019-10-02 00:24:45,479 [e3ad8c63-52e8-493c-b7d8-17ae40d30799@group-9C2B3B270A6A-LeaderElection84] INFO  impl.RaftServerImpl (RaftServerImpl.java:setRole(170)) - e3ad8c63-52e8-493c-b7d8-17ae40d30799@group-9C2B3B270A6A: changes role from CANDIDATE to LEADER at term 1 for changeToLeader
2019-10-02 00:24:45,479 [e3ad8c63-52e8-493c-b7d8-17ae40d30799@group-9C2B3B270A6A-LeaderElection84] INFO  impl.RaftServerImpl (ServerState.java:setLeader(255)) - e3ad8c63-52e8-493c-b7d8-17ae40d30799@group-9C2B3B270A6A: change Leader from null to e3ad8c63-52e8-493c-b7d8-17ae40d30799 at term 1 for becomeLeader, leader elected after 5173ms
2019-10-02 00:24:45,479 [e3ad8c63-52e8-493c-b7d8-17ae40d30799@group-9C2B3B270A6A-LeaderElection84] INFO  server.RaftServerConfigKeys (ConfUtils.java:logGet(43)) - raft.server.staging.catchup.gap = 1000 (default)
2019-10-02 00:24:45,479 [e3ad8c63-52e8-493c-b7d8-17ae40d30799@group-9C2B3B270A6A-LeaderElection84] INFO  server.RaftServerConfigKeys (ConfUtils.java:logGet(43)) - raft.server.rpc.sleep.time = 25ms (default)
2019-10-02 00:24:45,479 [e3ad8c63-52e8-493c-b7d8-17ae40d30799@group-9C2B3B270A6A-LeaderElection84] INFO  server.RaftServerConfigKeys (ConfUtils.java:logGet(43)) - raft.server.write.element-limit = 4096 (default)
2019-10-02 00:24:45,479 [e3ad8c63-52e8-493c-b7d8-17ae40d30799@group-9C2B3B270A6A-LeaderElection84] INFO  server.RaftServerConfigKeys (ConfUtils.java:logGet(43)) - raft.server.watch.timeout = 10s (default)
2019-10-02 00:24:45,480 [e3ad8c63-52e8-493c-b7d8-17ae40d30799@group-9C2B3B270A6A-LeaderElection84] INFO  server.RaftServerConfigKeys (ConfUtils.java:logGet(43)) - raft.server.watch.timeout.denomination = 1s (default)
2019-10-02 00:24:45,480 [e3ad8c63-52e8-493c-b7d8-17ae40d30799@group-9C2B3B270A6A-LeaderElection84] INFO  server.RaftServerConfigKeys (ConfUtils.java:logGet(43)) - raft.server.watch.element-limit = 65536 (default)
2019-10-02 00:24:45,481 [e3ad8c63-52e8-493c-b7d8-17ae40d30799@group-9C2B3B270A6A-LeaderElection84] INFO  impl.RoleInfo (RoleInfo.java:updateAndGet(143)) - e3ad8c63-52e8-493c-b7d8-17ae40d30799: start LeaderState
2019-10-02 00:24:45,481 [e3ad8c63-52e8-493c-b7d8-17ae40d30799@group-9C2B3B270A6A-LeaderElection84] INFO  segmented.SegmentedRaftLogWorker (SegmentedRaftLogWorker.java:startLogSegment(385)) - e3ad8c63-52e8-493c-b7d8-17ae40d30799@group-9C2B3B270A6A-SegmentedRaftLogWorker: Starting segment from index:0
2019-10-02 00:24:45,481 [e3ad8c63-52e8-493c-b7d8-17ae40d30799@group-9C2B3B270A6A-LeaderElection84] INFO  impl.RaftServerImpl (ServerState.java:setRaftConf(356)) - e3ad8c63-52e8-493c-b7d8-17ae40d30799@group-9C2B3B270A6A: set configuration 0: [e3ad8c63-52e8-493c-b7d8-17ae40d30799:192.168.30.63:40118], old=null at 0
2019-10-02 00:24:45,495 [Thread-2368] INFO  impl.FollowerState (FollowerState.java:run(108)) - 8f648e44-79c5-4c02-bc8a-5021643fedf8@group-C070EE65BA70-FollowerState: change to CANDIDATE, lastRpcTime:5017ms, electionTimeout:5017ms
2019-10-02 00:24:45,495 [Thread-2368] INFO  impl.RoleInfo (RoleInfo.java:shutdownFollowerState(121)) - 8f648e44-79c5-4c02-bc8a-5021643fedf8: shutdown FollowerState
2019-10-02 00:24:45,495 [Thread-2368] INFO  impl.RaftServerImpl (RaftServerImpl.java:setRole(170)) - 8f648e44-79c5-4c02-bc8a-5021643fedf8@group-C070EE65BA70: changes role from  FOLLOWER to CANDIDATE at term 0 for changeToCandidate
2019-10-02 00:24:45,495 [Thread-2368] INFO  impl.RoleInfo (RoleInfo.java:updateAndGet(143)) - 8f648e44-79c5-4c02-bc8a-5021643fedf8: start LeaderElection
2019-10-02 00:24:45,516 [Thread-2360] INFO  impl.FollowerState (FollowerState.java:run(108)) - 8f648e44-79c5-4c02-bc8a-5021643fedf8@group-BE95D6738DB2-FollowerState: change to CANDIDATE, lastRpcTime:5127ms, electionTimeout:5127ms
2019-10-02 00:24:45,516 [Thread-2360] INFO  impl.RoleInfo (RoleInfo.java:shutdownFollowerState(121)) - 8f648e44-79c5-4c02-bc8a-5021643fedf8: shutdown FollowerState
2019-10-02 00:24:45,516 [Thread-2360] INFO  impl.RaftServerImpl (RaftServerImpl.java:setRole(170)) - 8f648e44-79c5-4c02-bc8a-5021643fedf8@group-BE95D6738DB2: changes role from  FOLLOWER to CANDIDATE at term 0 for changeToCandidate
2019-10-02 00:24:45,516 [Thread-2360] INFO  impl.RoleInfo (RoleInfo.java:updateAndGet(143)) - 8f648e44-79c5-4c02-bc8a-5021643fedf8: start LeaderElection
2019-10-02 00:24:45,540 [e3ad8c63-52e8-493c-b7d8-17ae40d30799@group-9C2B3B270A6A-SegmentedRaftLogWorker] INFO  segmented.SegmentedRaftLogWorker (SegmentedRaftLogWorker.java:execute(574)) - e3ad8c63-52e8-493c-b7d8-17ae40d30799@group-9C2B3B270A6A-SegmentedRaftLogWorker: created new log segment /workdir/hadoop-ozone/integration-test/target/test-dir/MiniOzoneClusterImpl-119a26f7-f77d-4643-9379-554c6d4b6695/datanode-1/data/ratis/7cd46b27-8638-4f66-9768-9c2b3b270a6a/current/log_inprogress_0
2019-10-02 00:24:45,540 [8f648e44-79c5-4c02-bc8a-5021643fedf8@group-C070EE65BA70-LeaderElection85] INFO  impl.LeaderElection (LeaderElection.java:askForVotes(178)) - 8f648e44-79c5-4c02-bc8a-5021643fedf8@group-C070EE65BA70-LeaderElection85: begin an election at term 1 for -1: [26998e6e-3feb-4b5a-8f2f-bfc627af3153:192.168.30.63:43614, e3ad8c63-52e8-493c-b7d8-17ae40d30799:192.168.30.63:40118, 8f648e44-79c5-4c02-bc8a-5021643fedf8:192.168.30.63:42226], old=null
2019-10-02 00:24:45,544 [grpc-default-executor-7] INFO  impl.RaftServerImpl (RaftServerImpl.java:setRole(170)) - 26998e6e-3feb-4b5a-8f2f-bfc627af3153@group-C070EE65BA70: changes role from  FOLLOWER to FOLLOWER at term 1 for recognizeCandidate:8f648e44-79c5-4c02-bc8a-5021643fedf8
2019-10-02 00:24:45,544 [grpc-default-executor-6] INFO  impl.RaftServerImpl (RaftServerImpl.java:setRole(170)) - e3ad8c63-52e8-493c-b7d8-17ae40d30799@group-C070EE65BA70: changes role from  FOLLOWER to FOLLOWER at term 1 for recognizeCandidate:8f648e44-79c5-4c02-bc8a-5021643fedf8
2019-10-02 00:24:45,544 [grpc-default-executor-7] INFO  impl.RoleInfo (RoleInfo.java:shutdownFollowerState(121)) - 26998e6e-3feb-4b5a-8f2f-bfc627af3153: shutdown FollowerState
2019-10-02 00:24:45,544 [grpc-default-executor-6] INFO  impl.RoleInfo (RoleInfo.java:shutdownFollowerState(121)) - e3ad8c63-52e8-493c-b7d8-17ae40d30799: shutdown FollowerState
2019-10-02 00:24:45,545 [Thread-2363] INFO  impl.FollowerState (FollowerState.java:run(117)) - 26998e6e-3feb-4b5a-8f2f-bfc627af3153@group-C070EE65BA70-FollowerState was interrupted: java.lang.InterruptedException: sleep interrupted
2019-10-02 00:24:45,545 [grpc-default-executor-7] INFO  impl.RoleInfo (RoleInfo.java:updateAndGet(143)) - 26998e6e-3feb-4b5a-8f2f-bfc627af3153: start FollowerState
2019-10-02 00:24:45,545 [Thread-2367] INFO  impl.FollowerState (FollowerState.java:run(117)) - e3ad8c63-52e8-493c-b7d8-17ae40d30799@group-C070EE65BA70-FollowerState was interrupted: java.lang.InterruptedException: sleep interrupted
2019-10-02 00:24:45,545 [grpc-default-executor-6] INFO  impl.RoleInfo (RoleInfo.java:updateAndGet(143)) - e3ad8c63-52e8-493c-b7d8-17ae40d30799: start FollowerState
2019-10-02 00:24:45,563 [8f648e44-79c5-4c02-bc8a-5021643fedf8@group-BE95D6738DB2-LeaderElection86] INFO  impl.LeaderElection (LeaderElection.java:askForVotes(178)) - 8f648e44-79c5-4c02-bc8a-5021643fedf8@group-BE95D6738DB2-LeaderElection86: begin an election at term 1 for -1: [8f648e44-79c5-4c02-bc8a-5021643fedf8:192.168.30.63:42226], old=null
2019-10-02 00:24:45,563 [8f648e44-79c5-4c02-bc8a-5021643fedf8@group-BE95D6738DB2-LeaderElection86] INFO  impl.RoleInfo (RoleInfo.java:shutdownLeaderElection(134)) - 8f648e44-79c5-4c02-bc8a-5021643fedf8: shutdown LeaderElection
2019-10-02 00:24:45,563 [8f648e44-79c5-4c02-bc8a-5021643fedf8@group-BE95D6738DB2-LeaderElection86] INFO  impl.RaftServerImpl (RaftServerImpl.java:setRole(170)) - 8f648e44-79c5-4c02-bc8a-5021643fedf8@group-BE95D6738DB2: changes role from CANDIDATE to LEADER at term 1 for changeToLeader
2019-10-02 00:24:45,563 [8f648e44-79c5-4c02-bc8a-5021643fedf8@group-BE95D6738DB2-LeaderElection86] INFO  impl.RaftServerImpl (ServerState.java:setLeader(255)) - 8f648e44-79c5-4c02-bc8a-5021643fedf8@group-BE95D6738DB2: change Leader from null to 8f648e44-79c5-4c02-bc8a-5021643fedf8 at term 1 for becomeLeader, leader elected after 5182ms
2019-10-02 00:24:45,564 [8f648e44-79c5-4c02-bc8a-5021643fedf8@group-BE95D6738DB2-LeaderElection86] INFO  server.RaftServerConfigKeys (ConfUtils.java:logGet(43)) - raft.server.staging.catchup.gap = 1000 (default)
2019-10-02 00:24:45,564 [8f648e44-79c5-4c02-bc8a-5021643fedf8@group-BE95D6738DB2-LeaderElection86] INFO  server.RaftServerConfigKeys (ConfUtils.java:logGet(43)) - raft.server.rpc.sleep.time = 25ms (default)
2019-10-02 00:24:45,564 [8f648e44-79c5-4c02-bc8a-5021643fedf8@group-BE95D6738DB2-LeaderElection86] INFO  server.RaftServerConfigKeys (ConfUtils.java:logGet(43)) - raft.server.write.element-limit = 4096 (default)
2019-10-02 00:24:45,564 [8f648e44-79c5-4c02-bc8a-5021643fedf8@group-C070EE65BA70-LeaderElection85] INFO  impl.LeaderElection (LeaderElection.java:logAndReturn(56)) - 8f648e44-79c5-4c02-bc8a-5021643fedf8@group-C070EE65BA70-LeaderElection85: Election PASSED; received 1 response(s) [8f648e44-79c5-4c02-bc8a-5021643fedf8<-e3ad8c63-52e8-493c-b7d8-17ae40d30799#0:OK-t1] and 0 exception(s); 8f648e44-79c5-4c02-bc8a-5021643fedf8@group-C070EE65BA70:t1, leader=null, voted=8f648e44-79c5-4c02-bc8a-5021643fedf8, raftlog=8f648e44-79c5-4c02-bc8a-5021643fedf8@group-C070EE65BA70-SegmentedRaftLog:OPENED:c-1,f-1,i0, conf=-1: [26998e6e-3feb-4b5a-8f2f-bfc627af3153:192.168.30.63:43614, e3ad8c63-52e8-493c-b7d8-17ae40d30799:192.168.30.63:40118, 8f648e44-79c5-4c02-bc8a-5021643fedf8:192.168.30.63:42226], old=null
2019-10-02 00:24:45,564 [8f648e44-79c5-4c02-bc8a-5021643fedf8@group-BE95D6738DB2-LeaderElection86] INFO  server.RaftServerConfigKeys (ConfUtils.java:logGet(43)) - raft.server.watch.timeout = 10s (default)
2019-10-02 00:24:45,564 [8f648e44-79c5-4c02-bc8a-5021643fedf8@group-C070EE65BA70-LeaderElection85] INFO  impl.RoleInfo (RoleInfo.java:shutdownLeaderElection(134)) - 8f648e44-79c5-4c02-bc8a-5021643fedf8: shutdown LeaderElection
2019-10-02 00:24:45,564 [8f648e44-79c5-4c02-bc8a-5021643fedf8@group-BE95D6738DB2-LeaderElection86] INFO  server.RaftServerConfigKeys (ConfUtils.java:logGet(43)) - raft.server.watch.timeout.denomination = 1s (default)
2019-10-02 00:24:45,564 [8f648e44-79c5-4c02-bc8a-5021643fedf8@group-C070EE65BA70-LeaderElection85] INFO  impl.RaftServerImpl (RaftServerImpl.java:setRole(170)) - 8f648e44-79c5-4c02-bc8a-5021643fedf8@group-C070EE65BA70: changes role from CANDIDATE to LEADER at term 1 for changeToLeader
2019-10-02 00:24:45,564 [8f648e44-79c5-4c02-bc8a-5021643fedf8@group-BE95D6738DB2-LeaderElection86] INFO  server.RaftServerConfigKeys (ConfUtils.java:logGet(43)) - raft.server.watch.element-limit = 65536 (default)
2019-10-02 00:24:45,565 [8f648e44-79c5-4c02-bc8a-5021643fedf8@group-C070EE65BA70-LeaderElection85] INFO  impl.RaftServerImpl (ServerState.java:setLeader(255)) - 8f648e44-79c5-4c02-bc8a-5021643fedf8@group-C070EE65BA70: change Leader from null to 8f648e44-79c5-4c02-bc8a-5021643fedf8 at term 1 for becomeLeader, leader elected after 5098ms
2019-10-02 00:24:45,565 [8f648e44-79c5-4c02-bc8a-5021643fedf8@group-C070EE65BA70-LeaderElection85] INFO  server.RaftServerConfigKeys (ConfUtils.java:logGet(43)) - raft.server.staging.catchup.gap = 1000 (default)
2019-10-02 00:24:45,565 [8f648e44-79c5-4c02-bc8a-5021643fedf8@group-C070EE65BA70-LeaderElection85] INFO  server.RaftServerConfigKeys (ConfUtils.java:logGet(43)) - raft.server.rpc.sleep.time = 25ms (default)
2019-10-02 00:24:45,565 [8f648e44-79c5-4c02-bc8a-5021643fedf8@group-C070EE65BA70-LeaderElection85] INFO  server.RaftServerConfigKeys (ConfUtils.java:logGet(43)) - raft.server.write.element-limit = 4096 (default)
2019-10-02 00:24:45,565 [8f648e44-79c5-4c02-bc8a-5021643fedf8@group-C070EE65BA70-LeaderElection85] INFO  server.RaftServerConfigKeys (ConfUtils.java:logGet(43)) - raft.server.watch.timeout = 10s (default)
2019-10-02 00:24:45,565 [8f648e44-79c5-4c02-bc8a-5021643fedf8@group-C070EE65BA70-LeaderElection85] INFO  server.RaftServerConfigKeys (ConfUtils.java:logGet(43)) - raft.server.watch.timeout.denomination = 1s (default)
2019-10-02 00:24:45,565 [8f648e44-79c5-4c02-bc8a-5021643fedf8@group-C070EE65BA70-LeaderElection85] INFO  server.RaftServerConfigKeys (ConfUtils.java:logGet(43)) - raft.server.watch.element-limit = 65536 (default)
2019-10-02 00:24:45,567 [8f648e44-79c5-4c02-bc8a-5021643fedf8@group-BE95D6738DB2-LeaderElection86] INFO  impl.RoleInfo (RoleInfo.java:updateAndGet(143)) - 8f648e44-79c5-4c02-bc8a-5021643fedf8: start LeaderState
2019-10-02 00:24:45,567 [8f648e44-79c5-4c02-bc8a-5021643fedf8@group-C070EE65BA70-LeaderElection85] INFO  server.RaftServerConfigKeys (ConfUtils.java:logGet(43)) - raft.server.log.appender.snapshot.chunk.size.max = 16MB (=16777216) (default)
2019-10-02 00:24:45,567 [8f648e44-79c5-4c02-bc8a-5021643fedf8@group-BE95D6738DB2-LeaderElection86] INFO  segmented.SegmentedRaftLogWorker (SegmentedRaftLogWorker.java:startLogSegment(385)) - 8f648e44-79c5-4c02-bc8a-5021643fedf8@group-BE95D6738DB2-SegmentedRaftLogWorker: Starting segment from index:0
2019-10-02 00:24:45,567 [8f648e44-79c5-4c02-bc8a-5021643fedf8@group-C070EE65BA70-LeaderElection85] INFO  server.RaftServerConfigKeys (ConfUtils.java:logGet(43)) - raft.server.log.appender.buffer.byte-limit = 33554432 (custom)
2019-10-02 00:24:45,567 [8f648e44-79c5-4c02-bc8a-5021643fedf8@group-C070EE65BA70-LeaderElection85] INFO  server.RaftServerConfigKeys (ConfUtils.java:logGet(43)) - raft.server.log.appender.buffer.element-limit = 1 (custom)
2019-10-02 00:24:45,567 [8f648e44-79c5-4c02-bc8a-5021643fedf8@group-BE95D6738DB2-LeaderElection86] INFO  impl.RaftServerImpl (ServerState.java:setRaftConf(356)) - 8f648e44-79c5-4c02-bc8a-5021643fedf8@group-BE95D6738DB2: set configuration 0: [8f648e44-79c5-4c02-bc8a-5021643fedf8:192.168.30.63:42226], old=null at 0
2019-10-02 00:24:45,567 [8f648e44-79c5-4c02-bc8a-5021643fedf8@group-C070EE65BA70-LeaderElection85] INFO  grpc.GrpcConfigKeys$Server (ConfUtils.java:logGet(43)) - raft.grpc.server.leader.outstanding.appends.max = 128 (default)
2019-10-02 00:24:45,568 [8f648e44-79c5-4c02-bc8a-5021643fedf8@group-C070EE65BA70-LeaderElection85] INFO  server.RaftServerConfigKeys (ConfUtils.java:logGet(43)) - raft.server.rpc.request.timeout = 3000ms (default)
2019-10-02 00:24:45,568 [8f648e44-79c5-4c02-bc8a-5021643fedf8@group-C070EE65BA70-LeaderElection85] INFO  server.RaftServerConfigKeys (ConfUtils.java:logGet(43)) - raft.server.log.appender.install.snapshot.enabled = false (custom)
2019-10-02 00:24:45,568 [8f648e44-79c5-4c02-bc8a-5021643fedf8@group-C070EE65BA70-LeaderElection85] INFO  server.RaftServerConfigKeys (ConfUtils.java:logGet(43)) - raft.server.log.appender.snapshot.chunk.size.max = 16MB (=16777216) (default)
2019-10-02 00:24:45,568 [8f648e44-79c5-4c02-bc8a-5021643fedf8@group-C070EE65BA70-LeaderElection85] INFO  server.RaftServerConfigKeys (ConfUtils.java:logGet(43)) - raft.server.log.appender.buffer.byte-limit = 33554432 (custom)
2019-10-02 00:24:45,568 [8f648e44-79c5-4c02-bc8a-5021643fedf8@group-C070EE65BA70-LeaderElection85] INFO  server.RaftServerConfigKeys (ConfUtils.java:logGet(43)) - raft.server.log.appender.buffer.element-limit = 1 (custom)
2019-10-02 00:24:45,568 [8f648e44-79c5-4c02-bc8a-5021643fedf8@group-C070EE65BA70-LeaderElection85] INFO  grpc.GrpcConfigKeys$Server (ConfUtils.java:logGet(43)) - raft.grpc.server.leader.outstanding.appends.max = 128 (default)
2019-10-02 00:24:45,568 [8f648e44-79c5-4c02-bc8a-5021643fedf8@group-C070EE65BA70-LeaderElection85] INFO  server.RaftServerConfigKeys (ConfUtils.java:logGet(43)) - raft.server.rpc.request.timeout = 3000ms (default)
2019-10-02 00:24:45,568 [8f648e44-79c5-4c02-bc8a-5021643fedf8@group-C070EE65BA70-LeaderElection85] INFO  server.RaftServerConfigKeys (ConfUtils.java:logGet(43)) - raft.server.log.appender.install.snapshot.enabled = false (custom)
2019-10-02 00:24:45,568 [8f648e44-79c5-4c02-bc8a-5021643fedf8@group-C070EE65BA70-LeaderElection85] INFO  impl.RoleInfo (RoleInfo.java:updateAndGet(143)) - 8f648e44-79c5-4c02-bc8a-5021643fedf8: start LeaderState
2019-10-02 00:24:45,569 [8f648e44-79c5-4c02-bc8a-5021643fedf8@group-C070EE65BA70-LeaderElection85] INFO  segmented.SegmentedRaftLogWorker (SegmentedRaftLogWorker.java:startLogSegment(385)) - 8f648e44-79c5-4c02-bc8a-5021643fedf8@group-C070EE65BA70-SegmentedRaftLogWorker: Starting segment from index:0
2019-10-02 00:24:45,569 [8f648e44-79c5-4c02-bc8a-5021643fedf8@group-C070EE65BA70-LeaderElection85] INFO  impl.RaftServerImpl (ServerState.java:setRaftConf(356)) - 8f648e44-79c5-4c02-bc8a-5021643fedf8@group-C070EE65BA70: set configuration 0: [26998e6e-3feb-4b5a-8f2f-bfc627af3153:192.168.30.63:43614, e3ad8c63-52e8-493c-b7d8-17ae40d30799:192.168.30.63:40118, 8f648e44-79c5-4c02-bc8a-5021643fedf8:192.168.30.63:42226], old=null at 0
2019-10-02 00:24:45,570 [grpc-default-executor-6] INFO  impl.RaftServerImpl (ServerState.java:setLeader(255)) - e3ad8c63-52e8-493c-b7d8-17ae40d30799@group-C070EE65BA70: change Leader from null to 8f648e44-79c5-4c02-bc8a-5021643fedf8 at term 1 for appendEntries, leader elected after 5104ms
2019-10-02 00:24:45,628 [grpc-default-executor-7] INFO  impl.RaftServerImpl (ServerState.java:setLeader(255)) - 26998e6e-3feb-4b5a-8f2f-bfc627af3153@group-C070EE65BA70: change Leader from null to 8f648e44-79c5-4c02-bc8a-5021643fedf8 at term 1 for appendEntries, leader elected after 5162ms
2019-10-02 00:24:45,633 [Thread-2372] INFO  impl.FollowerState (FollowerState.java:run(108)) - d62de2c1-b5fa-499e-aedf-1a7d0068d3b5@group-5B7945C794EC-FollowerState: change to CANDIDATE, lastRpcTime:5084ms, electionTimeout:5082ms
2019-10-02 00:24:45,633 [Thread-2372] INFO  impl.RoleInfo (RoleInfo.java:shutdownFollowerState(121)) - d62de2c1-b5fa-499e-aedf-1a7d0068d3b5: shutdown FollowerState
2019-10-02 00:24:45,637 [Thread-2372] INFO  impl.RaftServerImpl (RaftServerImpl.java:setRole(170)) - d62de2c1-b5fa-499e-aedf-1a7d0068d3b5@group-5B7945C794EC: changes role from  FOLLOWER to CANDIDATE at term 0 for changeToCandidate
2019-10-02 00:24:45,637 [Thread-2372] INFO  impl.RoleInfo (RoleInfo.java:updateAndGet(143)) - d62de2c1-b5fa-499e-aedf-1a7d0068d3b5: start LeaderElection
2019-10-02 00:24:45,644 [grpc-default-executor-7] INFO  impl.RaftServerImpl (ServerState.java:setRaftConf(356)) - e3ad8c63-52e8-493c-b7d8-17ae40d30799@group-C070EE65BA70: set configuration 0: [26998e6e-3feb-4b5a-8f2f-bfc627af3153:192.168.30.63:43614, e3ad8c63-52e8-493c-b7d8-17ae40d30799:192.168.30.63:40118, 8f648e44-79c5-4c02-bc8a-5021643fedf8:192.168.30.63:42226], old=null at 0
2019-10-02 00:24:45,644 [grpc-default-executor-6] INFO  impl.RaftServerImpl (ServerState.java:setRaftConf(356)) - 26998e6e-3feb-4b5a-8f2f-bfc627af3153@group-C070EE65BA70: set configuration 0: [26998e6e-3feb-4b5a-8f2f-bfc627af3153:192.168.30.63:43614, e3ad8c63-52e8-493c-b7d8-17ae40d30799:192.168.30.63:40118, 8f648e44-79c5-4c02-bc8a-5021643fedf8:192.168.30.63:42226], old=null at 0
2019-10-02 00:24:45,644 [grpc-default-executor-7] INFO  segmented.SegmentedRaftLogWorker (SegmentedRaftLogWorker.java:startLogSegment(385)) - e3ad8c63-52e8-493c-b7d8-17ae40d30799@group-C070EE65BA70-SegmentedRaftLogWorker: Starting segment from index:0
2019-10-02 00:24:45,644 [grpc-default-executor-6] INFO  segmented.SegmentedRaftLogWorker (SegmentedRaftLogWorker.java:startLogSegment(385)) - 26998e6e-3feb-4b5a-8f2f-bfc627af3153@group-C070EE65BA70-SegmentedRaftLogWorker: Starting segment from index:0
2019-10-02 00:24:45,686 [d62de2c1-b5fa-499e-aedf-1a7d0068d3b5@group-5B7945C794EC-LeaderElection87] INFO  impl.LeaderElection (LeaderElection.java:askForVotes(178)) - d62de2c1-b5fa-499e-aedf-1a7d0068d3b5@group-5B7945C794EC-LeaderElection87: begin an election at term 1 for -1: [d62de2c1-b5fa-499e-aedf-1a7d0068d3b5:192.168.30.63:39222], old=null
2019-10-02 00:24:45,686 [8f648e44-79c5-4c02-bc8a-5021643fedf8@group-C070EE65BA70-SegmentedRaftLogWorker] INFO  segmented.SegmentedRaftLogWorker (SegmentedRaftLogWorker.java:execute(574)) - 8f648e44-79c5-4c02-bc8a-5021643fedf8@group-C070EE65BA70-SegmentedRaftLogWorker: created new log segment /workdir/hadoop-ozone/integration-test/target/test-dir/MiniOzoneClusterImpl-119a26f7-f77d-4643-9379-554c6d4b6695/datanode-2/data/ratis/ea80f443-75fa-43d0-9d74-c070ee65ba70/current/log_inprogress_0
2019-10-02 00:24:45,686 [d62de2c1-b5fa-499e-aedf-1a7d0068d3b5@group-5B7945C794EC-LeaderElection87] INFO  impl.RoleInfo (RoleInfo.java:shutdownLeaderElection(134)) - d62de2c1-b5fa-499e-aedf-1a7d0068d3b5: shutdown LeaderElection
2019-10-02 00:24:45,686 [8f648e44-79c5-4c02-bc8a-5021643fedf8@group-BE95D6738DB2-SegmentedRaftLogWorker] INFO  segmented.SegmentedRaftLogWorker (SegmentedRaftLogWorker.java:execute(574)) - 8f648e44-79c5-4c02-bc8a-5021643fedf8@group-BE95D6738DB2-SegmentedRaftLogWorker: created new log segment /workdir/hadoop-ozone/integration-test/target/test-dir/MiniOzoneClusterImpl-119a26f7-f77d-4643-9379-554c6d4b6695/datanode-2/data/ratis/37ceb788-4fce-4bb6-b772-be95d6738db2/current/log_inprogress_0
2019-10-02 00:24:45,686 [d62de2c1-b5fa-499e-aedf-1a7d0068d3b5@group-5B7945C794EC-LeaderElection87] INFO  impl.RaftServerImpl (RaftServerImpl.java:setRole(170)) - d62de2c1-b5fa-499e-aedf-1a7d0068d3b5@group-5B7945C794EC: changes role from CANDIDATE to LEADER at term 1 for changeToLeader
2019-10-02 00:24:45,686 [d62de2c1-b5fa-499e-aedf-1a7d0068d3b5@group-5B7945C794EC-LeaderElection87] INFO  impl.RaftServerImpl (ServerState.java:setLeader(255)) - d62de2c1-b5fa-499e-aedf-1a7d0068d3b5@group-5B7945C794EC: change Leader from null to d62de2c1-b5fa-499e-aedf-1a7d0068d3b5 at term 1 for becomeLeader, leader elected after 5144ms
2019-10-02 00:24:45,686 [d62de2c1-b5fa-499e-aedf-1a7d0068d3b5@group-5B7945C794EC-LeaderElection87] INFO  server.RaftServerConfigKeys (ConfUtils.java:logGet(43)) - raft.server.staging.catchup.gap = 1000 (default)
2019-10-02 00:24:45,686 [d62de2c1-b5fa-499e-aedf-1a7d0068d3b5@group-5B7945C794EC-LeaderElection87] INFO  server.RaftServerConfigKeys (ConfUtils.java:logGet(43)) - raft.server.rpc.sleep.time = 25ms (default)
2019-10-02 00:24:45,687 [d62de2c1-b5fa-499e-aedf-1a7d0068d3b5@group-5B7945C794EC-LeaderElection87] INFO  server.RaftServerConfigKeys (ConfUtils.java:logGet(43)) - raft.server.write.element-limit = 4096 (default)
2019-10-02 00:24:45,687 [d62de2c1-b5fa-499e-aedf-1a7d0068d3b5@group-5B7945C794EC-LeaderElection87] INFO  server.RaftServerConfigKeys (ConfUtils.java:logGet(43)) - raft.server.watch.timeout = 10s (default)
2019-10-02 00:24:45,687 [d62de2c1-b5fa-499e-aedf-1a7d0068d3b5@group-5B7945C794EC-LeaderElection87] INFO  server.RaftServerConfigKeys (ConfUtils.java:logGet(43)) - raft.server.watch.timeout.denomination = 1s (default)
2019-10-02 00:24:45,687 [d62de2c1-b5fa-499e-aedf-1a7d0068d3b5@group-5B7945C794EC-LeaderElection87] INFO  server.RaftServerConfigKeys (ConfUtils.java:logGet(43)) - raft.server.watch.element-limit = 65536 (default)
2019-10-02 00:24:45,688 [d62de2c1-b5fa-499e-aedf-1a7d0068d3b5@group-5B7945C794EC-LeaderElection87] INFO  impl.RoleInfo (RoleInfo.java:updateAndGet(143)) - d62de2c1-b5fa-499e-aedf-1a7d0068d3b5: start LeaderState
2019-10-02 00:24:45,689 [d62de2c1-b5fa-499e-aedf-1a7d0068d3b5@group-5B7945C794EC-LeaderElection87] INFO  segmented.SegmentedRaftLogWorker (SegmentedRaftLogWorker.java:startLogSegment(385)) - d62de2c1-b5fa-499e-aedf-1a7d0068d3b5@group-5B7945C794EC-SegmentedRaftLogWorker: Starting segment from index:0
2019-10-02 00:24:45,689 [d62de2c1-b5fa-499e-aedf-1a7d0068d3b5@group-5B7945C794EC-LeaderElection87] INFO  impl.RaftServerImpl (ServerState.java:setRaftConf(356)) - d62de2c1-b5fa-499e-aedf-1a7d0068d3b5@group-5B7945C794EC: set configuration 0: [d62de2c1-b5fa-499e-aedf-1a7d0068d3b5:192.168.30.63:39222], old=null at 0
2019-10-02 00:24:45,714 [26998e6e-3feb-4b5a-8f2f-bfc627af3153@group-C070EE65BA70-SegmentedRaftLogWorker] INFO  segmented.SegmentedRaftLogWorker (SegmentedRaftLogWorker.java:execute(574)) - 26998e6e-3feb-4b5a-8f2f-bfc627af3153@group-C070EE65BA70-SegmentedRaftLogWorker: created new log segment /workdir/hadoop-ozone/integration-test/target/test-dir/MiniOzoneClusterImpl-119a26f7-f77d-4643-9379-554c6d4b6695/datanode-0/data/ratis/ea80f443-75fa-43d0-9d74-c070ee65ba70/current/log_inprogress_0
2019-10-02 00:24:45,714 [e3ad8c63-52e8-493c-b7d8-17ae40d30799@group-C070EE65BA70-SegmentedRaftLogWorker] INFO  segmented.SegmentedRaftLogWorker (SegmentedRaftLogWorker.java:execute(574)) - e3ad8c63-52e8-493c-b7d8-17ae40d30799@group-C070EE65BA70-SegmentedRaftLogWorker: created new log segment /workdir/hadoop-ozone/integration-test/target/test-dir/MiniOzoneClusterImpl-119a26f7-f77d-4643-9379-554c6d4b6695/datanode-1/data/ratis/ea80f443-75fa-43d0-9d74-c070ee65ba70/current/log_inprogress_0
2019-10-02 00:24:45,739 [d62de2c1-b5fa-499e-aedf-1a7d0068d3b5@group-5B7945C794EC-SegmentedRaftLogWorker] INFO  segmented.SegmentedRaftLogWorker (SegmentedRaftLogWorker.java:execute(574)) - d62de2c1-b5fa-499e-aedf-1a7d0068d3b5@group-5B7945C794EC-SegmentedRaftLogWorker: created new log segment /workdir/hadoop-ozone/integration-test/target/test-dir/MiniOzoneClusterImpl-119a26f7-f77d-4643-9379-554c6d4b6695/datanode-3/data/ratis/44d3e07a-66df-4308-80ec-5b7945c794ec/current/log_inprogress_0
2019-10-02 00:24:45,756 [Thread-2378] INFO  impl.FollowerState (FollowerState.java:run(108)) - 755d3141-7e66-461f-ae0c-644f826e160f@group-538DB79A2944-FollowerState: change to CANDIDATE, lastRpcTime:5042ms, electionTimeout:5042ms
2019-10-02 00:24:45,756 [Thread-2378] INFO  impl.RoleInfo (RoleInfo.java:shutdownFollowerState(121)) - 755d3141-7e66-461f-ae0c-644f826e160f: shutdown FollowerState
2019-10-02 00:24:45,756 [Thread-2378] INFO  impl.RaftServerImpl (RaftServerImpl.java:setRole(170)) - 755d3141-7e66-461f-ae0c-644f826e160f@group-538DB79A2944: changes role from  FOLLOWER to CANDIDATE at term 0 for changeToCandidate
2019-10-02 00:24:45,756 [Thread-2378] INFO  impl.RoleInfo (RoleInfo.java:updateAndGet(143)) - 755d3141-7e66-461f-ae0c-644f826e160f: start LeaderElection
2019-10-02 00:24:45,790 [755d3141-7e66-461f-ae0c-644f826e160f@group-538DB79A2944-LeaderElection88] INFO  impl.LeaderElection (LeaderElection.java:askForVotes(178)) - 755d3141-7e66-461f-ae0c-644f826e160f@group-538DB79A2944-LeaderElection88: begin an election at term 1 for -1: [755d3141-7e66-461f-ae0c-644f826e160f:192.168.30.63:41033], old=null
2019-10-02 00:24:45,790 [755d3141-7e66-461f-ae0c-644f826e160f@group-538DB79A2944-LeaderElection88] INFO  impl.RoleInfo (RoleInfo.java:shutdownLeaderElection(134)) - 755d3141-7e66-461f-ae0c-644f826e160f: shutdown LeaderElection
2019-10-02 00:24:45,790 [755d3141-7e66-461f-ae0c-644f826e160f@group-538DB79A2944-LeaderElection88] INFO  impl.RaftServerImpl (RaftServerImpl.java:setRole(170)) - 755d3141-7e66-461f-ae0c-644f826e160f@group-538DB79A2944: changes role from CANDIDATE to LEADER at term 1 for changeToLeader
2019-10-02 00:24:45,790 [755d3141-7e66-461f-ae0c-644f826e160f@group-538DB79A2944-LeaderElection88] INFO  impl.RaftServerImpl (ServerState.java:setLeader(255)) - 755d3141-7e66-461f-ae0c-644f826e160f@group-538DB79A2944: change Leader from null to 755d3141-7e66-461f-ae0c-644f826e160f at term 1 for becomeLeader, leader elected after 5081ms
2019-10-02 00:24:45,791 [755d3141-7e66-461f-ae0c-644f826e160f@group-538DB79A2944-LeaderElection88] INFO  server.RaftServerConfigKeys (ConfUtils.java:logGet(43)) - raft.server.staging.catchup.gap = 1000 (default)
2019-10-02 00:24:45,791 [755d3141-7e66-461f-ae0c-644f826e160f@group-538DB79A2944-LeaderElection88] INFO  server.RaftServerConfigKeys (ConfUtils.java:logGet(43)) - raft.server.rpc.sleep.time = 25ms (default)
2019-10-02 00:24:45,791 [755d3141-7e66-461f-ae0c-644f826e160f@group-538DB79A2944-LeaderElection88] INFO  server.RaftServerConfigKeys (ConfUtils.java:logGet(43)) - raft.server.write.element-limit = 4096 (default)
2019-10-02 00:24:45,791 [755d3141-7e66-461f-ae0c-644f826e160f@group-538DB79A2944-LeaderElection88] INFO  server.RaftServerConfigKeys (ConfUtils.java:logGet(43)) - raft.server.watch.timeout = 10s (default)
2019-10-02 00:24:45,791 [755d3141-7e66-461f-ae0c-644f826e160f@group-538DB79A2944-LeaderElection88] INFO  server.RaftServerConfigKeys (ConfUtils.java:logGet(43)) - raft.server.watch.timeout.denomination = 1s (default)
2019-10-02 00:24:45,792 [755d3141-7e66-461f-ae0c-644f826e160f@group-538DB79A2944-LeaderElection88] INFO  server.RaftServerConfigKeys (ConfUtils.java:logGet(43)) - raft.server.watch.element-limit = 65536 (default)
2019-10-02 00:24:45,794 [755d3141-7e66-461f-ae0c-644f826e160f@group-538DB79A2944-LeaderElection88] INFO  impl.RoleInfo (RoleInfo.java:updateAndGet(143)) - 755d3141-7e66-461f-ae0c-644f826e160f: start LeaderState
2019-10-02 00:24:45,795 [755d3141-7e66-461f-ae0c-644f826e160f@group-538DB79A2944-LeaderElection88] INFO  segmented.SegmentedRaftLogWorker (SegmentedRaftLogWorker.java:startLogSegment(385)) - 755d3141-7e66-461f-ae0c-644f826e160f@group-538DB79A2944-SegmentedRaftLogWorker: Starting segment from index:0
2019-10-02 00:24:45,796 [755d3141-7e66-461f-ae0c-644f826e160f@group-538DB79A2944-LeaderElection88] INFO  impl.RaftServerImpl (ServerState.java:setRaftConf(356)) - 755d3141-7e66-461f-ae0c-644f826e160f@group-538DB79A2944: set configuration 0: [755d3141-7e66-461f-ae0c-644f826e160f:192.168.30.63:41033], old=null at 0
2019-10-02 00:24:45,805 [Thread-2375] INFO  impl.FollowerState (FollowerState.java:run(108)) - bd57cbc4-0fd1-4057-b889-79cecd8b74ed@group-5B00FEFF2E12-FollowerState: change to CANDIDATE, lastRpcTime:5180ms, electionTimeout:5180ms
2019-10-02 00:24:45,805 [Thread-2375] INFO  impl.RoleInfo (RoleInfo.java:shutdownFollowerState(121)) - bd57cbc4-0fd1-4057-b889-79cecd8b74ed: shutdown FollowerState
2019-10-02 00:24:45,805 [Thread-2375] INFO  impl.RaftServerImpl (RaftServerImpl.java:setRole(170)) - bd57cbc4-0fd1-4057-b889-79cecd8b74ed@group-5B00FEFF2E12: changes role from  FOLLOWER to CANDIDATE at term 0 for changeToCandidate
2019-10-02 00:24:45,805 [Thread-2375] INFO  impl.RoleInfo (RoleInfo.java:updateAndGet(143)) - bd57cbc4-0fd1-4057-b889-79cecd8b74ed: start LeaderElection
2019-10-02 00:24:45,857 [755d3141-7e66-461f-ae0c-644f826e160f@group-538DB79A2944-SegmentedRaftLogWorker] INFO  segmented.SegmentedRaftLogWorker (SegmentedRaftLogWorker.java:execute(574)) - 755d3141-7e66-461f-ae0c-644f826e160f@group-538DB79A2944-SegmentedRaftLogWorker: created new log segment /workdir/hadoop-ozone/integration-test/target/test-dir/MiniOzoneClusterImpl-119a26f7-f77d-4643-9379-554c6d4b6695/datanode-5/data/ratis/fca0306c-fae4-49af-bcd2-538db79a2944/current/log_inprogress_0
2019-10-02 00:24:45,857 [bd57cbc4-0fd1-4057-b889-79cecd8b74ed@group-5B00FEFF2E12-LeaderElection89] INFO  impl.LeaderElection (LeaderElection.java:askForVotes(178)) - bd57cbc4-0fd1-4057-b889-79cecd8b74ed@group-5B00FEFF2E12-LeaderElection89: begin an election at term 1 for -1: [bd57cbc4-0fd1-4057-b889-79cecd8b74ed:192.168.30.63:43815], old=null
2019-10-02 00:24:45,857 [bd57cbc4-0fd1-4057-b889-79cecd8b74ed@group-5B00FEFF2E12-LeaderElection89] INFO  impl.RoleInfo (RoleInfo.java:shutdownLeaderElection(134)) - bd57cbc4-0fd1-4057-b889-79cecd8b74ed: shutdown LeaderElection
2019-10-02 00:24:45,857 [bd57cbc4-0fd1-4057-b889-79cecd8b74ed@group-5B00FEFF2E12-LeaderElection89] INFO  impl.RaftServerImpl (RaftServerImpl.java:setRole(170)) - bd57cbc4-0fd1-4057-b889-79cecd8b74ed@group-5B00FEFF2E12: changes role from CANDIDATE to LEADER at term 1 for changeToLeader
2019-10-02 00:24:45,857 [bd57cbc4-0fd1-4057-b889-79cecd8b74ed@group-5B00FEFF2E12-LeaderElection89] INFO  impl.RaftServerImpl (ServerState.java:setLeader(255)) - bd57cbc4-0fd1-4057-b889-79cecd8b74ed@group-5B00FEFF2E12: change Leader from null to bd57cbc4-0fd1-4057-b889-79cecd8b74ed at term 1 for becomeLeader, leader elected after 5240ms
2019-10-02 00:24:45,858 [bd57cbc4-0fd1-4057-b889-79cecd8b74ed@group-5B00FEFF2E12-LeaderElection89] INFO  server.RaftServerConfigKeys (ConfUtils.java:logGet(43)) - raft.server.staging.catchup.gap = 1000 (default)
2019-10-02 00:24:45,858 [bd57cbc4-0fd1-4057-b889-79cecd8b74ed@group-5B00FEFF2E12-LeaderElection89] INFO  server.RaftServerConfigKeys (ConfUtils.java:logGet(43)) - raft.server.rpc.sleep.time = 25ms (default)
2019-10-02 00:24:45,858 [bd57cbc4-0fd1-4057-b889-79cecd8b74ed@group-5B00FEFF2E12-LeaderElection89] INFO  server.RaftServerConfigKeys (ConfUtils.java:logGet(43)) - raft.server.write.element-limit = 4096 (default)
2019-10-02 00:24:45,858 [bd57cbc4-0fd1-4057-b889-79cecd8b74ed@group-5B00FEFF2E12-LeaderElection89] INFO  server.RaftServerConfigKeys (ConfUtils.java:logGet(43)) - raft.server.watch.timeout = 10s (default)
2019-10-02 00:24:45,858 [bd57cbc4-0fd1-4057-b889-79cecd8b74ed@group-5B00FEFF2E12-LeaderElection89] INFO  server.RaftServerConfigKeys (ConfUtils.java:logGet(43)) - raft.server.watch.timeout.denomination = 1s (default)
2019-10-02 00:24:45,858 [bd57cbc4-0fd1-4057-b889-79cecd8b74ed@group-5B00FEFF2E12-LeaderElection89] INFO  server.RaftServerConfigKeys (ConfUtils.java:logGet(43)) - raft.server.watch.element-limit = 65536 (default)
2019-10-02 00:24:45,860 [bd57cbc4-0fd1-4057-b889-79cecd8b74ed@group-5B00FEFF2E12-LeaderElection89] INFO  impl.RoleInfo (RoleInfo.java:updateAndGet(143)) - bd57cbc4-0fd1-4057-b889-79cecd8b74ed: start LeaderState
2019-10-02 00:24:45,860 [Thread-2385] INFO  impl.FollowerState (FollowerState.java:run(108)) - 755d3141-7e66-461f-ae0c-644f826e160f@group-9615F4E8D1C9-FollowerState: change to CANDIDATE, lastRpcTime:5062ms, electionTimeout:5062ms
2019-10-02 00:24:45,860 [bd57cbc4-0fd1-4057-b889-79cecd8b74ed@group-5B00FEFF2E12-LeaderElection89] INFO  segmented.SegmentedRaftLogWorker (SegmentedRaftLogWorker.java:startLogSegment(385)) - bd57cbc4-0fd1-4057-b889-79cecd8b74ed@group-5B00FEFF2E12-SegmentedRaftLogWorker: Starting segment from index:0
2019-10-02 00:24:45,860 [Thread-2385] INFO  impl.RoleInfo (RoleInfo.java:shutdownFollowerState(121)) - 755d3141-7e66-461f-ae0c-644f826e160f: shutdown FollowerState
2019-10-02 00:24:45,861 [Thread-2385] INFO  impl.RaftServerImpl (RaftServerImpl.java:setRole(170)) - 755d3141-7e66-461f-ae0c-644f826e160f@group-9615F4E8D1C9: changes role from  FOLLOWER to CANDIDATE at term 0 for changeToCandidate
2019-10-02 00:24:45,861 [Thread-2385] INFO  impl.RoleInfo (RoleInfo.java:updateAndGet(143)) - 755d3141-7e66-461f-ae0c-644f826e160f: start LeaderElection
2019-10-02 00:24:45,861 [bd57cbc4-0fd1-4057-b889-79cecd8b74ed@group-5B00FEFF2E12-LeaderElection89] INFO  impl.RaftServerImpl (ServerState.java:setRaftConf(356)) - bd57cbc4-0fd1-4057-b889-79cecd8b74ed@group-5B00FEFF2E12: set configuration 0: [bd57cbc4-0fd1-4057-b889-79cecd8b74ed:192.168.30.63:43815], old=null at 0
2019-10-02 00:24:45,924 [bd57cbc4-0fd1-4057-b889-79cecd8b74ed@group-5B00FEFF2E12-SegmentedRaftLogWorker] INFO  segmented.SegmentedRaftLogWorker (SegmentedRaftLogWorker.java:execute(574)) - bd57cbc4-0fd1-4057-b889-79cecd8b74ed@group-5B00FEFF2E12-SegmentedRaftLogWorker: created new log segment /workdir/hadoop-ozone/integration-test/target/test-dir/MiniOzoneClusterImpl-119a26f7-f77d-4643-9379-554c6d4b6695/datanode-4/data/ratis/498fc0fb-0f78-4466-991e-5b00feff2e12/current/log_inprogress_0
2019-10-02 00:24:45,924 [755d3141-7e66-461f-ae0c-644f826e160f@group-9615F4E8D1C9-LeaderElection90] INFO  impl.LeaderElection (LeaderElection.java:askForVotes(178)) - 755d3141-7e66-461f-ae0c-644f826e160f@group-9615F4E8D1C9-LeaderElection90: begin an election at term 1 for -1: [d62de2c1-b5fa-499e-aedf-1a7d0068d3b5:192.168.30.63:39222, 755d3141-7e66-461f-ae0c-644f826e160f:192.168.30.63:41033, bd57cbc4-0fd1-4057-b889-79cecd8b74ed:192.168.30.63:43815], old=null
2019-10-02 00:24:45,932 [grpc-default-executor-7] INFO  impl.RaftServerImpl (RaftServerImpl.java:setRole(170)) - d62de2c1-b5fa-499e-aedf-1a7d0068d3b5@group-9615F4E8D1C9: changes role from  FOLLOWER to FOLLOWER at term 1 for recognizeCandidate:755d3141-7e66-461f-ae0c-644f826e160f
2019-10-02 00:24:45,932 [grpc-default-executor-7] INFO  impl.RoleInfo (RoleInfo.java:shutdownFollowerState(121)) - d62de2c1-b5fa-499e-aedf-1a7d0068d3b5: shutdown FollowerState
2019-10-02 00:24:45,936 [grpc-default-executor-6] INFO  impl.RaftServerImpl (RaftServerImpl.java:setRole(170)) - bd57cbc4-0fd1-4057-b889-79cecd8b74ed@group-9615F4E8D1C9: changes role from  FOLLOWER to FOLLOWER at term 1 for recognizeCandidate:755d3141-7e66-461f-ae0c-644f826e160f
2019-10-02 00:24:45,940 [grpc-default-executor-7] INFO  impl.RoleInfo (RoleInfo.java:updateAndGet(143)) - d62de2c1-b5fa-499e-aedf-1a7d0068d3b5: start FollowerState
2019-10-02 00:24:45,940 [grpc-default-executor-6] INFO  impl.RoleInfo (RoleInfo.java:shutdownFollowerState(121)) - bd57cbc4-0fd1-4057-b889-79cecd8b74ed: shutdown FollowerState
2019-10-02 00:24:45,941 [grpc-default-executor-6] INFO  impl.RoleInfo (RoleInfo.java:updateAndGet(143)) - bd57cbc4-0fd1-4057-b889-79cecd8b74ed: start FollowerState
2019-10-02 00:24:45,941 [Thread-2384] INFO  impl.FollowerState (FollowerState.java:run(117)) - bd57cbc4-0fd1-4057-b889-79cecd8b74ed@group-9615F4E8D1C9-FollowerState was interrupted: java.lang.InterruptedException: sleep interrupted
2019-10-02 00:24:45,971 [755d3141-7e66-461f-ae0c-644f826e160f@group-9615F4E8D1C9-LeaderElection90] INFO  impl.LeaderElection (LeaderElection.java:logAndReturn(56)) - 755d3141-7e66-461f-ae0c-644f826e160f@group-9615F4E8D1C9-LeaderElection90: Election PASSED; received 1 response(s) [755d3141-7e66-461f-ae0c-644f826e160f<-d62de2c1-b5fa-499e-aedf-1a7d0068d3b5#0:OK-t1] and 0 exception(s); 755d3141-7e66-461f-ae0c-644f826e160f@group-9615F4E8D1C9:t1, leader=null, voted=755d3141-7e66-461f-ae0c-644f826e160f, raftlog=755d3141-7e66-461f-ae0c-644f826e160f@group-9615F4E8D1C9-SegmentedRaftLog:OPENED:c-1,f-1,i0, conf=-1: [d62de2c1-b5fa-499e-aedf-1a7d0068d3b5:192.168.30.63:39222, 755d3141-7e66-461f-ae0c-644f826e160f:192.168.30.63:41033, bd57cbc4-0fd1-4057-b889-79cecd8b74ed:192.168.30.63:43815], old=null
2019-10-02 00:24:45,972 [755d3141-7e66-461f-ae0c-644f826e160f@group-9615F4E8D1C9-LeaderElection90] INFO  impl.RoleInfo (RoleInfo.java:shutdownLeaderElection(134)) - 755d3141-7e66-461f-ae0c-644f826e160f: shutdown LeaderElection
2019-10-02 00:24:45,972 [755d3141-7e66-461f-ae0c-644f826e160f@group-9615F4E8D1C9-LeaderElection90] INFO  impl.RaftServerImpl (RaftServerImpl.java:setRole(170)) - 755d3141-7e66-461f-ae0c-644f826e160f@group-9615F4E8D1C9: changes role from CANDIDATE to LEADER at term 1 for changeToLeader
2019-10-02 00:24:45,972 [755d3141-7e66-461f-ae0c-644f826e160f@group-9615F4E8D1C9-LeaderElection90] INFO  impl.RaftServerImpl (ServerState.java:setLeader(255)) - 755d3141-7e66-461f-ae0c-644f826e160f@group-9615F4E8D1C9: change Leader from null to 755d3141-7e66-461f-ae0c-644f826e160f at term 1 for becomeLeader, leader elected after 5185ms
2019-10-02 00:24:45,972 [755d3141-7e66-461f-ae0c-644f826e160f@group-9615F4E8D1C9-LeaderElection90] INFO  server.RaftServerConfigKeys (ConfUtils.java:logGet(43)) - raft.server.staging.catchup.gap = 1000 (default)
2019-10-02 00:24:45,972 [755d3141-7e66-461f-ae0c-644f826e160f@group-9615F4E8D1C9-LeaderElection90] INFO  server.RaftServerConfigKeys (ConfUtils.java:logGet(43)) - raft.server.rpc.sleep.time = 25ms (default)
2019-10-02 00:24:45,972 [755d3141-7e66-461f-ae0c-644f826e160f@group-9615F4E8D1C9-LeaderElection90] INFO  server.RaftServerConfigKeys (ConfUtils.java:logGet(43)) - raft.server.write.element-limit = 4096 (default)
2019-10-02 00:24:45,972 [755d3141-7e66-461f-ae0c-644f826e160f@group-9615F4E8D1C9-LeaderElection90] INFO  server.RaftServerConfigKeys (ConfUtils.java:logGet(43)) - raft.server.watch.timeout = 10s (default)
2019-10-02 00:24:45,972 [755d3141-7e66-461f-ae0c-644f826e160f@group-9615F4E8D1C9-LeaderElection90] INFO  server.RaftServerConfigKeys (ConfUtils.java:logGet(43)) - raft.server.watch.timeout.denomination = 1s (default)
2019-10-02 00:24:45,973 [755d3141-7e66-461f-ae0c-644f826e160f@group-9615F4E8D1C9-LeaderElection90] INFO  server.RaftServerConfigKeys (ConfUtils.java:logGet(43)) - raft.server.watch.element-limit = 65536 (default)
2019-10-02 00:24:45,974 [755d3141-7e66-461f-ae0c-644f826e160f@group-9615F4E8D1C9-LeaderElection90] INFO  server.RaftServerConfigKeys (ConfUtils.java:logGet(43)) - raft.server.log.appender.snapshot.chunk.size.max = 16MB (=16777216) (default)
2019-10-02 00:24:45,974 [755d3141-7e66-461f-ae0c-644f826e160f@group-9615F4E8D1C9-LeaderElection90] INFO  server.RaftServerConfigKeys (ConfUtils.java:logGet(43)) - raft.server.log.appender.buffer.byte-limit = 33554432 (custom)
2019-10-02 00:24:45,974 [755d3141-7e66-461f-ae0c-644f826e160f@group-9615F4E8D1C9-LeaderElection90] INFO  server.RaftServerConfigKeys (ConfUtils.java:logGet(43)) - raft.server.log.appender.buffer.element-limit = 1 (custom)
2019-10-02 00:24:45,974 [755d3141-7e66-461f-ae0c-644f826e160f@group-9615F4E8D1C9-LeaderElection90] INFO  grpc.GrpcConfigKeys$Server (ConfUtils.java:logGet(43)) - raft.grpc.server.leader.outstanding.appends.max = 128 (default)
2019-10-02 00:24:45,974 [755d3141-7e66-461f-ae0c-644f826e160f@group-9615F4E8D1C9-LeaderElection90] INFO  server.RaftServerConfigKeys (ConfUtils.java:logGet(43)) - raft.server.rpc.request.timeout = 3000ms (default)
2019-10-02 00:24:45,975 [755d3141-7e66-461f-ae0c-644f826e160f@group-9615F4E8D1C9-LeaderElection90] INFO  server.RaftServerConfigKeys (ConfUtils.java:logGet(43)) - raft.server.log.appender.install.snapshot.enabled = false (custom)
2019-10-02 00:24:45,975 [755d3141-7e66-461f-ae0c-644f826e160f@group-9615F4E8D1C9-LeaderElection90] INFO  server.RaftServerConfigKeys (ConfUtils.java:logGet(43)) - raft.server.log.appender.snapshot.chunk.size.max = 16MB (=16777216) (default)
2019-10-02 00:24:45,975 [755d3141-7e66-461f-ae0c-644f826e160f@group-9615F4E8D1C9-LeaderElection90] INFO  server.RaftServerConfigKeys (ConfUtils.java:logGet(43)) - raft.server.log.appender.buffer.byte-limit = 33554432 (custom)
2019-10-02 00:24:45,975 [755d3141-7e66-461f-ae0c-644f826e160f@group-9615F4E8D1C9-LeaderElection90] INFO  server.RaftServerConfigKeys (ConfUtils.java:logGet(43)) - raft.server.log.appender.buffer.element-limit = 1 (custom)
2019-10-02 00:24:45,975 [755d3141-7e66-461f-ae0c-644f826e160f@group-9615F4E8D1C9-LeaderElection90] INFO  grpc.GrpcConfigKeys$Server (ConfUtils.java:logGet(43)) - raft.grpc.server.leader.outstanding.appends.max = 128 (default)
2019-10-02 00:24:45,975 [755d3141-7e66-461f-ae0c-644f826e160f@group-9615F4E8D1C9-LeaderElection90] INFO  server.RaftServerConfigKeys (ConfUtils.java:logGet(43)) - raft.server.rpc.request.timeout = 3000ms (default)
2019-10-02 00:24:45,975 [755d3141-7e66-461f-ae0c-644f826e160f@group-9615F4E8D1C9-LeaderElection90] INFO  server.RaftServerConfigKeys (ConfUtils.java:logGet(43)) - raft.server.log.appender.install.snapshot.enabled = false (custom)
2019-10-02 00:24:45,975 [755d3141-7e66-461f-ae0c-644f826e160f@group-9615F4E8D1C9-LeaderElection90] INFO  impl.RoleInfo (RoleInfo.java:updateAndGet(143)) - 755d3141-7e66-461f-ae0c-644f826e160f: start LeaderState
2019-10-02 00:24:45,976 [755d3141-7e66-461f-ae0c-644f826e160f@group-9615F4E8D1C9-LeaderElection90] INFO  segmented.SegmentedRaftLogWorker (SegmentedRaftLogWorker.java:startLogSegment(385)) - 755d3141-7e66-461f-ae0c-644f826e160f@group-9615F4E8D1C9-SegmentedRaftLogWorker: Starting segment from index:0
2019-10-02 00:24:45,976 [755d3141-7e66-461f-ae0c-644f826e160f@group-9615F4E8D1C9-LeaderElection90] INFO  impl.RaftServerImpl (ServerState.java:setRaftConf(356)) - 755d3141-7e66-461f-ae0c-644f826e160f@group-9615F4E8D1C9: set configuration 0: [d62de2c1-b5fa-499e-aedf-1a7d0068d3b5:192.168.30.63:39222, 755d3141-7e66-461f-ae0c-644f826e160f:192.168.30.63:41033, bd57cbc4-0fd1-4057-b889-79cecd8b74ed:192.168.30.63:43815], old=null at 0
2019-10-02 00:24:45,978 [grpc-default-executor-7] INFO  impl.RaftServerImpl (ServerState.java:setLeader(255)) - d62de2c1-b5fa-499e-aedf-1a7d0068d3b5@group-9615F4E8D1C9: change Leader from null to 755d3141-7e66-461f-ae0c-644f826e160f at term 1 for appendEntries, leader elected after 5191ms
2019-10-02 00:24:45,978 [grpc-default-executor-6] INFO  impl.RaftServerImpl (ServerState.java:setLeader(255)) - bd57cbc4-0fd1-4057-b889-79cecd8b74ed@group-9615F4E8D1C9: change Leader from null to 755d3141-7e66-461f-ae0c-644f826e160f at term 1 for appendEntries, leader elected after 5191ms
2019-10-02 00:24:46,008 [grpc-default-executor-6] INFO  impl.RaftServerImpl (ServerState.java:setRaftConf(356)) - d62de2c1-b5fa-499e-aedf-1a7d0068d3b5@group-9615F4E8D1C9: set configuration 0: [d62de2c1-b5fa-499e-aedf-1a7d0068d3b5:192.168.30.63:39222, 755d3141-7e66-461f-ae0c-644f826e160f:192.168.30.63:41033, bd57cbc4-0fd1-4057-b889-79cecd8b74ed:192.168.30.63:43815], old=null at 0
2019-10-02 00:24:46,008 [grpc-default-executor-7] INFO  impl.RaftServerImpl (ServerState.java:setRaftConf(356)) - bd57cbc4-0fd1-4057-b889-79cecd8b74ed@group-9615F4E8D1C9: set configuration 0: [d62de2c1-b5fa-499e-aedf-1a7d0068d3b5:192.168.30.63:39222, 755d3141-7e66-461f-ae0c-644f826e160f:192.168.30.63:41033, bd57cbc4-0fd1-4057-b889-79cecd8b74ed:192.168.30.63:43815], old=null at 0
2019-10-02 00:24:46,009 [grpc-default-executor-6] INFO  segmented.SegmentedRaftLogWorker (SegmentedRaftLogWorker.java:startLogSegment(385)) - d62de2c1-b5fa-499e-aedf-1a7d0068d3b5@group-9615F4E8D1C9-SegmentedRaftLogWorker: Starting segment from index:0
2019-10-02 00:24:46,009 [grpc-default-executor-7] INFO  segmented.SegmentedRaftLogWorker (SegmentedRaftLogWorker.java:startLogSegment(385)) - bd57cbc4-0fd1-4057-b889-79cecd8b74ed@group-9615F4E8D1C9-SegmentedRaftLogWorker: Starting segment from index:0
2019-10-02 00:24:46,036 [755d3141-7e66-461f-ae0c-644f826e160f@group-9615F4E8D1C9-SegmentedRaftLogWorker] INFO  segmented.SegmentedRaftLogWorker (SegmentedRaftLogWorker.java:execute(574)) - 755d3141-7e66-461f-ae0c-644f826e160f@group-9615F4E8D1C9-SegmentedRaftLogWorker: created new log segment /workdir/hadoop-ozone/integration-test/target/test-dir/MiniOzoneClusterImpl-119a26f7-f77d-4643-9379-554c6d4b6695/datanode-5/data/ratis/098ae44e-6eb4-43e3-845b-9615f4e8d1c9/current/log_inprogress_0
2019-10-02 00:24:46,070 [bd57cbc4-0fd1-4057-b889-79cecd8b74ed@group-9615F4E8D1C9-SegmentedRaftLogWorker] INFO  segmented.SegmentedRaftLogWorker (SegmentedRaftLogWorker.java:execute(574)) - bd57cbc4-0fd1-4057-b889-79cecd8b74ed@group-9615F4E8D1C9-SegmentedRaftLogWorker: created new log segment /workdir/hadoop-ozone/integration-test/target/test-dir/MiniOzoneClusterImpl-119a26f7-f77d-4643-9379-554c6d4b6695/datanode-4/data/ratis/098ae44e-6eb4-43e3-845b-9615f4e8d1c9/current/log_inprogress_0
2019-10-02 00:24:46,070 [d62de2c1-b5fa-499e-aedf-1a7d0068d3b5@group-9615F4E8D1C9-SegmentedRaftLogWorker] INFO  segmented.SegmentedRaftLogWorker (SegmentedRaftLogWorker.java:execute(574)) - d62de2c1-b5fa-499e-aedf-1a7d0068d3b5@group-9615F4E8D1C9-SegmentedRaftLogWorker: created new log segment /workdir/hadoop-ozone/integration-test/target/test-dir/MiniOzoneClusterImpl-119a26f7-f77d-4643-9379-554c6d4b6695/datanode-3/data/ratis/098ae44e-6eb4-43e3-845b-9615f4e8d1c9/current/log_inprogress_0
2019-10-02 00:24:46,163 [Datanode State Machine Thread - 0] INFO  statemachine.DatanodeStateMachine (DatanodeStateMachine.java:lambda$startDaemon$0(350)) - Ozone container server started.
2019-10-02 00:24:46,562 [Thread-2458] INFO  client.GrpcClientProtocolService (GrpcClientProtocolService.java:lambda$processClientRequest$0(278)) - Failed RaftClientRequest:client-047231CE5FD0->6e95f05e-e2a5-4890-a0e7-0cff46ac429d@group-E65543CD1FD8, cid=68, seq=0, Watch-MAJORITY_COMMITTED(36), Message:<EMPTY>, reply=RaftClientReply:client-047231CE5FD0->6e95f05e-e2a5-4890-a0e7-0cff46ac429d@group-E65543CD1FD8, cid=68, FAILED org.apache.ratis.protocol.NotReplicatedException: Request with call Id 68 and log index 36 is not yet replicated to MAJORITY_COMMITTED, logIndex=36, commits[6e95f05e-e2a5-4890-a0e7-0cff46ac429d:c2, 30ddb538-5430-4b07-ac01-3a06f53f55c9:c2, 46b08147-e058-4424-8100-2a54324fd185:c2]
2019-10-02 00:24:47,324 [grpc-default-executor-8] WARN  server.GrpcLogAppender (LogUtils.java:warn(134)) - 6e95f05e-e2a5-4890-a0e7-0cff46ac429d@group-E65543CD1FD8->30ddb538-5430-4b07-ac01-3a06f53f55c9-AppendLogResponseHandler: Failed appendEntries: org.apache.ratis.thirdparty.io.grpc.StatusRuntimeException: UNAVAILABLE: io exception
2019-10-02 00:24:47,324 [grpc-default-executor-6] WARN  server.GrpcLogAppender (LogUtils.java:warn(134)) - 6e95f05e-e2a5-4890-a0e7-0cff46ac429d@group-E65543CD1FD8->46b08147-e058-4424-8100-2a54324fd185-AppendLogResponseHandler: Failed appendEntries: org.apache.ratis.thirdparty.io.grpc.StatusRuntimeException: UNAVAILABLE: io exception
2019-10-02 00:24:47,324 [grpc-default-executor-8] INFO  impl.FollowerInfo (FollowerInfo.java:lambda$new$0(51)) - 6e95f05e-e2a5-4890-a0e7-0cff46ac429d@group-E65543CD1FD8->30ddb538-5430-4b07-ac01-3a06f53f55c9: nextIndex: updateUnconditionally 0 -> 0
2019-10-02 00:24:47,324 [grpc-default-executor-6] INFO  impl.FollowerInfo (FollowerInfo.java:lambda$new$0(51)) - 6e95f05e-e2a5-4890-a0e7-0cff46ac429d@group-E65543CD1FD8->46b08147-e058-4424-8100-2a54324fd185: nextIndex: updateUnconditionally 0 -> 0
2019-10-02 00:24:49,445 [EventQueue-StaleNodeForStaleNodeHandler] INFO  node.StaleNodeHandler (StaleNodeHandler.java:onMessage(58)) - Datanode 30ddb538-5430-4b07-ac01-3a06f53f55c9{ip: 192.168.30.63, host: pr-hdds-2201-rename-25sj9-3976918760, networkLocation: /default-rack, certSerialId: null} moved to stale state. Finalizing its pipelines [PipelineID=c81eada6-4835-4257-8d13-77c62a427fb4, PipelineID=c2b3c3da-15c4-40fa-b4a9-e65543cd1fd8]
2019-10-02 00:24:49,445 [EventQueue-StaleNodeForStaleNodeHandler] INFO  pipeline.SCMPipelineManager (SCMPipelineManager.java:finalizeAndDestroyPipeline(315)) - destroying pipeline:Pipeline[ Id: c81eada6-4835-4257-8d13-77c62a427fb4, Nodes: 30ddb538-5430-4b07-ac01-3a06f53f55c9{ip: 192.168.30.63, host: pr-hdds-2201-rename-25sj9-3976918760, networkLocation: /default-rack, certSerialId: null}, Type:RATIS, Factor:ONE, State:OPEN]
2019-10-02 00:24:49,445 [EventQueue-StaleNodeForStaleNodeHandler] INFO  pipeline.PipelineStateManager (PipelineStateManager.java:finalizePipeline(123)) - Pipeline Pipeline[ Id: c81eada6-4835-4257-8d13-77c62a427fb4, Nodes: 30ddb538-5430-4b07-ac01-3a06f53f55c9{ip: 192.168.30.63, host: pr-hdds-2201-rename-25sj9-3976918760, networkLocation: /default-rack, certSerialId: null}, Type:RATIS, Factor:ONE, State:CLOSED] moved to CLOSED state
2019-10-02 00:24:49,446 [EventQueue-StaleNodeForStaleNodeHandler] INFO  pipeline.SCMPipelineManager (SCMPipelineManager.java:finalizeAndDestroyPipeline(315)) - destroying pipeline:Pipeline[ Id: c2b3c3da-15c4-40fa-b4a9-e65543cd1fd8, Nodes: 30ddb538-5430-4b07-ac01-3a06f53f55c9{ip: 192.168.30.63, host: pr-hdds-2201-rename-25sj9-3976918760, networkLocation: /default-rack, certSerialId: null}46b08147-e058-4424-8100-2a54324fd185{ip: 192.168.30.63, host: pr-hdds-2201-rename-25sj9-3976918760, networkLocation: /default-rack, certSerialId: null}6e95f05e-e2a5-4890-a0e7-0cff46ac429d{ip: 192.168.30.63, host: pr-hdds-2201-rename-25sj9-3976918760, networkLocation: /default-rack, certSerialId: null}, Type:RATIS, Factor:THREE, State:OPEN]
2019-10-02 00:24:49,446 [EventQueue-StaleNodeForStaleNodeHandler] INFO  pipeline.PipelineStateManager (PipelineStateManager.java:finalizePipeline(123)) - Pipeline Pipeline[ Id: c2b3c3da-15c4-40fa-b4a9-e65543cd1fd8, Nodes: 30ddb538-5430-4b07-ac01-3a06f53f55c9{ip: 192.168.30.63, host: pr-hdds-2201-rename-25sj9-3976918760, networkLocation: /default-rack, certSerialId: null}46b08147-e058-4424-8100-2a54324fd185{ip: 192.168.30.63, host: pr-hdds-2201-rename-25sj9-3976918760, networkLocation: /default-rack, certSerialId: null}6e95f05e-e2a5-4890-a0e7-0cff46ac429d{ip: 192.168.30.63, host: pr-hdds-2201-rename-25sj9-3976918760, networkLocation: /default-rack, certSerialId: null}, Type:RATIS, Factor:THREE, State:CLOSED] moved to CLOSED state
2019-10-02 00:24:49,447 [EventQueue-CloseContainerForCloseContainerEventHandler] INFO  container.CloseContainerEventHandler (CloseContainerEventHandler.java:onMessage(61)) - Close container Event triggered for container : #1
2019-10-02 00:24:49,825 [grpc-default-executor-7] WARN  server.GrpcLogAppender (LogUtils.java:warn(134)) - 6e95f05e-e2a5-4890-a0e7-0cff46ac429d@group-E65543CD1FD8->46b08147-e058-4424-8100-2a54324fd185-AppendLogResponseHandler: Failed appendEntries: org.apache.ratis.thirdparty.io.grpc.StatusRuntimeException: UNAVAILABLE: io exception
2019-10-02 00:24:49,826 [grpc-default-executor-8] WARN  server.GrpcLogAppender (LogUtils.java:warn(134)) - 6e95f05e-e2a5-4890-a0e7-0cff46ac429d@group-E65543CD1FD8->30ddb538-5430-4b07-ac01-3a06f53f55c9-AppendLogResponseHandler: Failed appendEntries: org.apache.ratis.thirdparty.io.grpc.StatusRuntimeException: UNAVAILABLE: io exception
2019-10-02 00:24:49,826 [grpc-default-executor-7] INFO  impl.FollowerInfo (FollowerInfo.java:lambda$new$0(51)) - 6e95f05e-e2a5-4890-a0e7-0cff46ac429d@group-E65543CD1FD8->46b08147-e058-4424-8100-2a54324fd185: nextIndex: updateUnconditionally 0 -> 0
2019-10-02 00:24:49,826 [grpc-default-executor-8] INFO  impl.FollowerInfo (FollowerInfo.java:lambda$new$0(51)) - 6e95f05e-e2a5-4890-a0e7-0cff46ac429d@group-E65543CD1FD8->30ddb538-5430-4b07-ac01-3a06f53f55c9: nextIndex: updateUnconditionally 0 -> 0
2019-10-02 00:24:51,134 [main] INFO  ozoneimpl.OzoneContainer (OzoneContainer.java:stop(231)) - Attempting to stop container services.
2019-10-02 00:24:51,135 [main] INFO  impl.RaftServerProxy (RaftServerProxy.java:lambda$close$4(314)) - 26998e6e-3feb-4b5a-8f2f-bfc627af3153: close
2019-10-02 00:24:51,135 [main] INFO  impl.RaftServerImpl (RaftServerImpl.java:lambda$shutdown$3(247)) - 26998e6e-3feb-4b5a-8f2f-bfc627af3153@group-B24AF73B07C3: shutdown
2019-10-02 00:24:51,136 [ForkJoinPool.commonPool-worker-0] INFO  impl.RaftServerImpl (RaftServerImpl.java:lambda$shutdown$3(247)) - 26998e6e-3feb-4b5a-8f2f-bfc627af3153@group-C070EE65BA70: shutdown
2019-10-02 00:24:51,136 [main] INFO  util.JmxRegister (JmxRegister.java:unregister(73)) - Successfully un-registered JMX Bean with object name Ratis:service=RaftServer,group=group-B24AF73B07C3,id=26998e6e-3feb-4b5a-8f2f-bfc627af3153
2019-10-02 00:24:51,136 [ForkJoinPool.commonPool-worker-0] INFO  util.JmxRegister (JmxRegister.java:unregister(73)) - Successfully un-registered JMX Bean with object name Ratis:service=RaftServer,group=group-C070EE65BA70,id=26998e6e-3feb-4b5a-8f2f-bfc627af3153
2019-10-02 00:24:51,136 [main] INFO  impl.RoleInfo (RoleInfo.java:shutdownLeaderState(104)) - 26998e6e-3feb-4b5a-8f2f-bfc627af3153: shutdown LeaderState
2019-10-02 00:24:51,136 [ForkJoinPool.commonPool-worker-0] INFO  impl.RoleInfo (RoleInfo.java:shutdownFollowerState(121)) - 26998e6e-3feb-4b5a-8f2f-bfc627af3153: shutdown FollowerState
2019-10-02 00:24:51,137 [main] INFO  impl.PendingRequests (PendingRequests.java:sendNotLeaderResponses(202)) - 26998e6e-3feb-4b5a-8f2f-bfc627af3153@group-B24AF73B07C3-PendingRequests: sendNotLeaderResponses
2019-10-02 00:24:51,137 [Thread-2415] INFO  impl.FollowerState (FollowerState.java:run(117)) - 26998e6e-3feb-4b5a-8f2f-bfc627af3153@group-C070EE65BA70-FollowerState was interrupted: java.lang.InterruptedException: sleep interrupted
2019-10-02 00:24:51,137 [26998e6e-3feb-4b5a-8f2f-bfc627af3153@group-C070EE65BA70-StateMachineUpdater] INFO  ratis.ContainerStateMachine (ContainerStateMachine.java:takeSnapshot(289)) - group-C070EE65BA70: Taking a snapshot at:(t:1, i:1) file /workdir/hadoop-ozone/integration-test/target/test-dir/MiniOzoneClusterImpl-119a26f7-f77d-4643-9379-554c6d4b6695/datanode-0/data/ratis/ea80f443-75fa-43d0-9d74-c070ee65ba70/sm/snapshot.1_1
2019-10-02 00:24:51,137 [ForkJoinPool.commonPool-worker-0] INFO  impl.StateMachineUpdater (StateMachineUpdater.java:stopAndJoin(136)) - 26998e6e-3feb-4b5a-8f2f-bfc627af3153@group-C070EE65BA70-StateMachineUpdater: set stopIndex = 2
2019-10-02 00:24:51,137 [main] INFO  impl.StateMachineUpdater (StateMachineUpdater.java:stopAndJoin(136)) - 26998e6e-3feb-4b5a-8f2f-bfc627af3153@group-B24AF73B07C3-StateMachineUpdater: set stopIndex = 0
2019-10-02 00:24:51,143 [main] INFO  impl.RaftServerImpl (ServerState.java:close(387)) - 26998e6e-3feb-4b5a-8f2f-bfc627af3153@group-B24AF73B07C3: closes. applyIndex: 0
2019-10-02 00:24:51,143 [26998e6e-3feb-4b5a-8f2f-bfc627af3153@group-B24AF73B07C3-SegmentedRaftLogWorker] INFO  segmented.SegmentedRaftLogWorker (SegmentedRaftLogWorker.java:run(316)) - 26998e6e-3feb-4b5a-8f2f-bfc627af3153@group-B24AF73B07C3-SegmentedRaftLogWorker was interrupted, exiting. There are 0 tasks remaining in the queue.
2019-10-02 00:24:51,147 [main] INFO  segmented.SegmentedRaftLogWorker (SegmentedRaftLogWorker.java:close(224)) - 26998e6e-3feb-4b5a-8f2f-bfc627af3153@group-B24AF73B07C3-SegmentedRaftLogWorker close()
2019-10-02 00:24:51,189 [26998e6e-3feb-4b5a-8f2f-bfc627af3153@group-C070EE65BA70-StateMachineUpdater] INFO  ratis.ContainerStateMachine (ContainerStateMachine.java:takeSnapshot(300)) - group-C070EE65BA70: Finished taking a snapshot at:(t:1, i:1) file:/workdir/hadoop-ozone/integration-test/target/test-dir/MiniOzoneClusterImpl-119a26f7-f77d-4643-9379-554c6d4b6695/datanode-0/data/ratis/ea80f443-75fa-43d0-9d74-c070ee65ba70/sm/snapshot.1_1 time:52
2019-10-02 00:24:51,189 [26998e6e-3feb-4b5a-8f2f-bfc627af3153@group-C070EE65BA70-StateMachineUpdater] INFO  impl.StateMachineUpdater (StateMachineUpdater.java:takeSnapshot(269)) - 26998e6e-3feb-4b5a-8f2f-bfc627af3153@group-C070EE65BA70-StateMachineUpdater: Took a snapshot at index 1
2019-10-02 00:24:51,189 [26998e6e-3feb-4b5a-8f2f-bfc627af3153@group-C070EE65BA70-StateMachineUpdater] INFO  impl.StateMachineUpdater (StateMachineUpdater.java:lambda$new$0(84)) - 26998e6e-3feb-4b5a-8f2f-bfc627af3153@group-C070EE65BA70-StateMachineUpdater: snapshotIndex: updateIncreasingly -1 -> 1
2019-10-02 00:24:51,189 [26998e6e-3feb-4b5a-8f2f-bfc627af3153@group-C070EE65BA70-StateMachineUpdater] INFO  ratis.ContainerStateMachine (ContainerStateMachine.java:takeSnapshot(289)) - group-C070EE65BA70: Taking a snapshot at:(t:1, i:1) file /workdir/hadoop-ozone/integration-test/target/test-dir/MiniOzoneClusterImpl-119a26f7-f77d-4643-9379-554c6d4b6695/datanode-0/data/ratis/ea80f443-75fa-43d0-9d74-c070ee65ba70/sm/snapshot.1_1
2019-10-02 00:24:51,206 [26998e6e-3feb-4b5a-8f2f-bfc627af3153@group-C070EE65BA70-StateMachineUpdater] INFO  ratis.ContainerStateMachine (ContainerStateMachine.java:takeSnapshot(300)) - group-C070EE65BA70: Finished taking a snapshot at:(t:1, i:1) file:/workdir/hadoop-ozone/integration-test/target/test-dir/MiniOzoneClusterImpl-119a26f7-f77d-4643-9379-554c6d4b6695/datanode-0/data/ratis/ea80f443-75fa-43d0-9d74-c070ee65ba70/sm/snapshot.1_1 time:17
2019-10-02 00:24:51,206 [26998e6e-3feb-4b5a-8f2f-bfc627af3153@group-C070EE65BA70-StateMachineUpdater] INFO  impl.StateMachineUpdater (StateMachineUpdater.java:takeSnapshot(269)) - 26998e6e-3feb-4b5a-8f2f-bfc627af3153@group-C070EE65BA70-StateMachineUpdater: Took a snapshot at index 1
2019-10-02 00:24:51,206 [26998e6e-3feb-4b5a-8f2f-bfc627af3153@group-C070EE65BA70-StateMachineUpdater] INFO  impl.StateMachineUpdater (StateMachineUpdater.java:lambda$new$0(84)) - 26998e6e-3feb-4b5a-8f2f-bfc627af3153@group-C070EE65BA70-StateMachineUpdater: snapshotIndex: updateIncreasingly 1 -> 1
2019-10-02 00:24:51,206 [ForkJoinPool.commonPool-worker-0] INFO  impl.RaftServerImpl (ServerState.java:close(387)) - 26998e6e-3feb-4b5a-8f2f-bfc627af3153@group-C070EE65BA70: closes. applyIndex: 2
2019-10-02 00:24:51,207 [26998e6e-3feb-4b5a-8f2f-bfc627af3153@group-C070EE65BA70-SegmentedRaftLogWorker] INFO  segmented.SegmentedRaftLogWorker (SegmentedRaftLogWorker.java:run(316)) - 26998e6e-3feb-4b5a-8f2f-bfc627af3153@group-C070EE65BA70-SegmentedRaftLogWorker was interrupted, exiting. There are 0 tasks remaining in the queue.
2019-10-02 00:24:51,212 [ForkJoinPool.commonPool-worker-0] INFO  segmented.SegmentedRaftLogWorker (SegmentedRaftLogWorker.java:close(224)) - 26998e6e-3feb-4b5a-8f2f-bfc627af3153@group-C070EE65BA70-SegmentedRaftLogWorker close()
2019-10-02 00:24:51,218 [main] INFO  server.GrpcService (GrpcService.java:closeImpl(164)) - 26998e6e-3feb-4b5a-8f2f-bfc627af3153: shutdown server with port 43614 now
2019-10-02 00:24:51,219 [grpc-default-executor-7] WARN  server.GrpcServerProtocolService (LogUtils.java:warn(134)) - 26998e6e-3feb-4b5a-8f2f-bfc627af3153: installSnapshot onError, lastRequest: 8f648e44-79c5-4c02-bc8a-5021643fedf8->26998e6e-3feb-4b5a-8f2f-bfc627af3153#5-t1, previous=(t:1, i:2), leaderCommit=2, initializing? false, entries: <empty>: org.apache.ratis.thirdparty.io.grpc.StatusRuntimeException: CANCELLED: cancelled before receiving half close
2019-10-02 00:24:51,219 [grpc-default-executor-8] WARN  server.GrpcLogAppender (LogUtils.java:warn(134)) - 8f648e44-79c5-4c02-bc8a-5021643fedf8@group-C070EE65BA70->26998e6e-3feb-4b5a-8f2f-bfc627af3153-AppendLogResponseHandler: Failed appendEntries: org.apache.ratis.thirdparty.io.grpc.StatusRuntimeException: CANCELLED: HTTP/2 error code: CANCEL
Received Rst Stream
2019-10-02 00:24:51,219 [main] INFO  server.GrpcService (GrpcService.java:closeImpl(172)) - 26998e6e-3feb-4b5a-8f2f-bfc627af3153: shutdown server with port 43614 successfully
2019-10-02 00:24:51,219 [grpc-default-executor-8] INFO  impl.FollowerInfo (FollowerInfo.java:lambda$new$0(51)) - 8f648e44-79c5-4c02-bc8a-5021643fedf8@group-C070EE65BA70->26998e6e-3feb-4b5a-8f2f-bfc627af3153: nextIndex: updateUnconditionally 3 -> 2
2019-10-02 00:24:51,221 [refreshUsed-/workdir/hadoop-ozone/integration-test/target/test-dir/MiniOzoneClusterImpl-119a26f7-f77d-4643-9379-554c6d4b6695/datanode-0/data/containers] WARN  fs.CachingGetSpaceUsed (CachingGetSpaceUsed.java:run(183)) - Thread Interrupted waiting to refresh disk information: sleep interrupted
2019-10-02 00:24:51,233 [main] INFO  utils.BackgroundService (BackgroundService.java:shutdown(148)) - Shutting down service BlockDeletingService
2019-10-02 00:24:51,243 [main] INFO  statemachine.DatanodeStateMachine (DatanodeStateMachine.java:stopDaemon(395)) - Ozone container server stopped.
2019-10-02 00:24:51,244 [main] INFO  handler.ContextHandler (ContextHandler.java:doStop(910)) - Stopped o.e.j.w.WebAppContext@5fef0c19{/,null,UNAVAILABLE}{/hddsDatanode}
2019-10-02 00:24:51,244 [main] INFO  server.AbstractConnector (AbstractConnector.java:doStop(318)) - Stopped ServerConnector@2e6d76ba{HTTP/1.1,[http/1.1]}{0.0.0.0:0}
2019-10-02 00:24:51,245 [main] INFO  handler.ContextHandler (ContextHandler.java:doStop(910)) - Stopped o.e.j.s.ServletContextHandler@24134cbc{/static,jar:file:/home/user/.m2/repository/org/apache/hadoop/hadoop-hdds-container-service/0.5.0-SNAPSHOT/hadoop-hdds-container-service-0.5.0-SNAPSHOT.jar!/webapps/static,UNAVAILABLE}
2019-10-02 00:24:51,245 [main] INFO  handler.ContextHandler (ContextHandler.java:doStop(910)) - Stopped o.e.j.s.ServletContextHandler@6da54910{/logs,file:///workdir/hadoop-ozone/integration-test/target/log,UNAVAILABLE}
2019-10-02 00:24:51,254 [grpc-default-executor-6] WARN  server.GrpcLogAppender (LogUtils.java:warn(134)) - 8f648e44-79c5-4c02-bc8a-5021643fedf8@group-C070EE65BA70->26998e6e-3feb-4b5a-8f2f-bfc627af3153-AppendLogResponseHandler: Failed appendEntries: org.apache.ratis.thirdparty.io.grpc.StatusRuntimeException: UNAVAILABLE: io exception
2019-10-02 00:24:51,254 [grpc-default-executor-6] INFO  impl.FollowerInfo (FollowerInfo.java:lambda$new$0(51)) - 8f648e44-79c5-4c02-bc8a-5021643fedf8@group-C070EE65BA70->26998e6e-3feb-4b5a-8f2f-bfc627af3153: nextIndex: updateUnconditionally 3 -> 2
2019-10-02 00:24:51,265 [grpc-default-executor-8] WARN  server.GrpcLogAppender (LogUtils.java:warn(134)) - 8f648e44-79c5-4c02-bc8a-5021643fedf8@group-C070EE65BA70->26998e6e-3feb-4b5a-8f2f-bfc627af3153-AppendLogResponseHandler: Failed appendEntries: org.apache.ratis.thirdparty.io.grpc.StatusRuntimeException: UNAVAILABLE: io exception
2019-10-02 00:24:51,265 [grpc-default-executor-8] INFO  impl.FollowerInfo (FollowerInfo.java:lambda$new$0(51)) - 8f648e44-79c5-4c02-bc8a-5021643fedf8@group-C070EE65BA70->26998e6e-3feb-4b5a-8f2f-bfc627af3153: nextIndex: updateUnconditionally 3 -> 2
2019-10-02 00:24:51,268 [grpc-default-executor-6] WARN  server.GrpcLogAppender (LogUtils.java:warn(134)) - 8f648e44-79c5-4c02-bc8a-5021643fedf8@group-C070EE65BA70->26998e6e-3feb-4b5a-8f2f-bfc627af3153-AppendLogResponseHandler: Failed appendEntries: org.apache.ratis.thirdparty.io.grpc.StatusRuntimeException: UNAVAILABLE: io exception
2019-10-02 00:24:51,269 [grpc-default-executor-6] INFO  impl.FollowerInfo (FollowerInfo.java:lambda$new$0(51)) - 8f648e44-79c5-4c02-bc8a-5021643fedf8@group-C070EE65BA70->26998e6e-3feb-4b5a-8f2f-bfc627af3153: nextIndex: updateUnconditionally 3 -> 2
2019-10-02 00:24:51,283 [EventQueue-IncrementalContainerReportForIncrementalContainerReportHandler] WARN  container.IncrementalContainerReportHandler (AbstractContainerReportHandler.java:updateContainerState(143)) - Container #1 is in OPEN state, but the datanode 8f648e44-79c5-4c02-bc8a-5021643fedf8{ip: 192.168.30.63, host: pr-hdds-2201-rename-25sj9-3976918760, networkLocation: /default-rack, certSerialId: null} reports an CLOSING replica.
2019-10-02 00:24:51,308 [EventQueue-IncrementalContainerReportForIncrementalContainerReportHandler] WARN  container.IncrementalContainerReportHandler (AbstractContainerReportHandler.java:updateContainerState(143)) - Container #1 is in OPEN state, but the datanode e3ad8c63-52e8-493c-b7d8-17ae40d30799{ip: 192.168.30.63, host: pr-hdds-2201-rename-25sj9-3976918760, networkLocation: /default-rack, certSerialId: null} reports an CLOSING replica.
2019-10-02 00:24:51,383 [RatisApplyTransactionExecutor 1] INFO  interfaces.Container (KeyValueContainer.java:flushAndSyncDB(386)) - Container 1 is synced with bcsId 0.
2019-10-02 00:24:51,461 [RatisApplyTransactionExecutor 1] INFO  interfaces.Container (KeyValueContainer.java:flushAndSyncDB(386)) - Container 1 is synced with bcsId 0.
2019-10-02 00:24:51,476 [RatisApplyTransactionExecutor 1] INFO  interfaces.Container (KeyValueContainer.java:flushAndSyncDB(386)) - Container 1 is synced with bcsId 0.
2019-10-02 00:24:51,476 [RatisApplyTransactionExecutor 1] INFO  interfaces.Container (KeyValueContainer.java:flushAndSyncDB(386)) - Container 1 is synced with bcsId 0.
2019-10-02 00:24:51,493 [RatisApplyTransactionExecutor 1] INFO  interfaces.Container (KeyValueContainer.java:close(335)) - Container 1 is closed with bcsId 0.
2019-10-02 00:24:51,493 [RatisApplyTransactionExecutor 1] INFO  interfaces.Container (KeyValueContainer.java:close(335)) - Container 1 is closed with bcsId 0.
2019-10-02 00:24:51,494 [EventQueue-IncrementalContainerReportForIncrementalContainerReportHandler] WARN  container.IncrementalContainerReportHandler (AbstractContainerReportHandler.java:updateContainerState(143)) - Container #1 is in OPEN state, but the datanode e3ad8c63-52e8-493c-b7d8-17ae40d30799{ip: 192.168.30.63, host: pr-hdds-2201-rename-25sj9-3976918760, networkLocation: /default-rack, certSerialId: null} reports an CLOSED replica.
2019-10-02 00:24:51,499 [EventQueue-IncrementalContainerReportForIncrementalContainerReportHandler] WARN  container.IncrementalContainerReportHandler (AbstractContainerReportHandler.java:updateContainerState(143)) - Container #1 is in OPEN state, but the datanode 8f648e44-79c5-4c02-bc8a-5021643fedf8{ip: 192.168.30.63, host: pr-hdds-2201-rename-25sj9-3976918760, networkLocation: /default-rack, certSerialId: null} reports an CLOSED replica.
2019-10-02 00:24:52,043 [grpc-default-executor-8] WARN  server.GrpcLogAppender (LogUtils.java:warn(134)) - 6e95f05e-e2a5-4890-a0e7-0cff46ac429d@group-E65543CD1FD8->30ddb538-5430-4b07-ac01-3a06f53f55c9-AppendLogResponseHandler: Failed appendEntries: org.apache.ratis.thirdparty.io.grpc.StatusRuntimeException: UNAVAILABLE: io exception
2019-10-02 00:24:52,043 [grpc-default-executor-9] WARN  server.GrpcLogAppender (LogUtils.java:warn(134)) - 6e95f05e-e2a5-4890-a0e7-0cff46ac429d@group-E65543CD1FD8->46b08147-e058-4424-8100-2a54324fd185-AppendLogResponseHandler: Failed appendEntries: org.apache.ratis.thirdparty.io.grpc.StatusRuntimeException: UNAVAILABLE: io exception
2019-10-02 00:24:52,044 [grpc-default-executor-8] INFO  impl.FollowerInfo (FollowerInfo.java:lambda$new$0(51)) - 6e95f05e-e2a5-4890-a0e7-0cff46ac429d@group-E65543CD1FD8->30ddb538-5430-4b07-ac01-3a06f53f55c9: nextIndex: updateUnconditionally 1 -> 0
2019-10-02 00:24:52,044 [grpc-default-executor-9] INFO  impl.FollowerInfo (FollowerInfo.java:lambda$new$0(51)) - 6e95f05e-e2a5-4890-a0e7-0cff46ac429d@group-E65543CD1FD8->46b08147-e058-4424-8100-2a54324fd185: nextIndex: updateUnconditionally 1 -> 0
2019-10-02 00:24:53,780 [grpc-default-executor-9] WARN  server.GrpcLogAppender (LogUtils.java:warn(134)) - 8f648e44-79c5-4c02-bc8a-5021643fedf8@group-C070EE65BA70->26998e6e-3feb-4b5a-8f2f-bfc627af3153-AppendLogResponseHandler: Failed appendEntries: org.apache.ratis.thirdparty.io.grpc.StatusRuntimeException: UNAVAILABLE: io exception
2019-10-02 00:24:53,780 [grpc-default-executor-9] INFO  impl.FollowerInfo (FollowerInfo.java:lambda$new$0(51)) - 8f648e44-79c5-4c02-bc8a-5021643fedf8@group-C070EE65BA70->26998e6e-3feb-4b5a-8f2f-bfc627af3153: nextIndex: updateUnconditionally 2 -> 1
2019-10-02 00:24:54,504 [main] WARN  scm.XceiverClientRatis (XceiverClientRatis.java:watchForCommit(292)) - 3 way commit failed on pipeline Pipeline[ Id: ea80f443-75fa-43d0-9d74-c070ee65ba70, Nodes: 26998e6e-3feb-4b5a-8f2f-bfc627af3153{ip: 192.168.30.63, host: pr-hdds-2201-rename-25sj9-3976918760, networkLocation: /default-rack, certSerialId: null}e3ad8c63-52e8-493c-b7d8-17ae40d30799{ip: 192.168.30.63, host: pr-hdds-2201-rename-25sj9-3976918760, networkLocation: /default-rack, certSerialId: null}8f648e44-79c5-4c02-bc8a-5021643fedf8{ip: 192.168.30.63, host: pr-hdds-2201-rename-25sj9-3976918760, networkLocation: /default-rack, certSerialId: null}, Type:RATIS, Factor:THREE, State:OPEN]
java.util.concurrent.TimeoutException
	at java.util.concurrent.CompletableFuture.timedGet(CompletableFuture.java:1771)
	at java.util.concurrent.CompletableFuture.get(CompletableFuture.java:1915)
	at org.apache.hadoop.hdds.scm.XceiverClientRatis.watchForCommit(XceiverClientRatis.java:289)
	at org.apache.hadoop.ozone.client.rpc.TestWatchForCommit.test2WayCommitForTimeoutException(TestWatchForCommit.java:391)
	at sun.reflect.NativeMethodAccessorImpl.invoke0(Native Method)
	at sun.reflect.NativeMethodAccessorImpl.invoke(NativeMethodAccessorImpl.java:62)
	at sun.reflect.DelegatingMethodAccessorImpl.invoke(DelegatingMethodAccessorImpl.java:43)
	at java.lang.reflect.Method.invoke(Method.java:498)
	at org.junit.runners.model.FrameworkMethod$1.runReflectiveCall(FrameworkMethod.java:47)
	at org.junit.internal.runners.model.ReflectiveCallable.run(ReflectiveCallable.java:12)
	at org.junit.runners.model.FrameworkMethod.invokeExplosively(FrameworkMethod.java:44)
	at org.junit.internal.runners.statements.InvokeMethod.evaluate(InvokeMethod.java:17)
	at org.junit.runners.ParentRunner.runLeaf(ParentRunner.java:271)
	at org.junit.runners.BlockJUnit4ClassRunner.runChild(BlockJUnit4ClassRunner.java:70)
	at org.junit.runners.BlockJUnit4ClassRunner.runChild(BlockJUnit4ClassRunner.java:50)
	at org.junit.runners.ParentRunner$3.run(ParentRunner.java:238)
	at org.junit.runners.ParentRunner$1.schedule(ParentRunner.java:63)
	at org.junit.runners.ParentRunner.runChildren(ParentRunner.java:236)
	at org.junit.runners.ParentRunner.access$000(ParentRunner.java:53)
	at org.junit.runners.ParentRunner$2.evaluate(ParentRunner.java:229)
	at org.junit.runners.ParentRunner.run(ParentRunner.java:309)
	at org.apache.maven.surefire.junit4.JUnit4Provider.execute(JUnit4Provider.java:365)
	at org.apache.maven.surefire.junit4.JUnit4Provider.executeWithRerun(JUnit4Provider.java:273)
	at org.apache.maven.surefire.junit4.JUnit4Provider.executeTestSet(JUnit4Provider.java:238)
	at org.apache.maven.surefire.junit4.JUnit4Provider.invoke(JUnit4Provider.java:159)
	at org.apache.maven.surefire.booter.ForkedBooter.invokeProviderInSameClassLoader(ForkedBooter.java:384)
	at org.apache.maven.surefire.booter.ForkedBooter.runSuitesInProcess(ForkedBooter.java:345)
	at org.apache.maven.surefire.booter.ForkedBooter.execute(ForkedBooter.java:126)
	at org.apache.maven.surefire.booter.ForkedBooter.main(ForkedBooter.java:418)
2019-10-02 00:24:54,544 [grpc-default-executor-9] WARN  server.GrpcLogAppender (LogUtils.java:warn(134)) - 6e95f05e-e2a5-4890-a0e7-0cff46ac429d@group-E65543CD1FD8->46b08147-e058-4424-8100-2a54324fd185-AppendLogResponseHandler: Failed appendEntries: org.apache.ratis.thirdparty.io.grpc.StatusRuntimeException: UNAVAILABLE: io exception
2019-10-02 00:24:54,544 [grpc-default-executor-10] WARN  server.GrpcLogAppender (LogUtils.java:warn(134)) - 6e95f05e-e2a5-4890-a0e7-0cff46ac429d@group-E65543CD1FD8->30ddb538-5430-4b07-ac01-3a06f53f55c9-AppendLogResponseHandler: Failed appendEntries: org.apache.ratis.thirdparty.io.grpc.StatusRuntimeException: UNAVAILABLE: io exception
2019-10-02 00:24:54,544 [grpc-default-executor-9] INFO  impl.FollowerInfo (FollowerInfo.java:lambda$new$0(51)) - 6e95f05e-e2a5-4890-a0e7-0cff46ac429d@group-E65543CD1FD8->46b08147-e058-4424-8100-2a54324fd185: nextIndex: updateUnconditionally 0 -> 0
2019-10-02 00:24:54,544 [grpc-default-executor-10] INFO  impl.FollowerInfo (FollowerInfo.java:lambda$new$0(51)) - 6e95f05e-e2a5-4890-a0e7-0cff46ac429d@group-E65543CD1FD8->30ddb538-5430-4b07-ac01-3a06f53f55c9: nextIndex: updateUnconditionally 0 -> 0
2019-10-02 00:24:55,052 [EventQueue-StaleNodeForStaleNodeHandler] INFO  node.StaleNodeHandler (StaleNodeHandler.java:onMessage(58)) - Datanode 46b08147-e058-4424-8100-2a54324fd185{ip: 192.168.30.63, host: pr-hdds-2201-rename-25sj9-3976918760, networkLocation: /default-rack, certSerialId: null} moved to stale state. Finalizing its pipelines [PipelineID=a696236f-dccd-473a-bd92-da51f844c4b8, PipelineID=c2b3c3da-15c4-40fa-b4a9-e65543cd1fd8]
2019-10-02 00:24:55,052 [EventQueue-StaleNodeForStaleNodeHandler] INFO  pipeline.SCMPipelineManager (SCMPipelineManager.java:finalizeAndDestroyPipeline(315)) - destroying pipeline:Pipeline[ Id: a696236f-dccd-473a-bd92-da51f844c4b8, Nodes: 46b08147-e058-4424-8100-2a54324fd185{ip: 192.168.30.63, host: pr-hdds-2201-rename-25sj9-3976918760, networkLocation: /default-rack, certSerialId: null}, Type:RATIS, Factor:ONE, State:OPEN]
2019-10-02 00:24:55,052 [EventQueue-StaleNodeForStaleNodeHandler] INFO  pipeline.PipelineStateManager (PipelineStateManager.java:finalizePipeline(123)) - Pipeline Pipeline[ Id: a696236f-dccd-473a-bd92-da51f844c4b8, Nodes: 46b08147-e058-4424-8100-2a54324fd185{ip: 192.168.30.63, host: pr-hdds-2201-rename-25sj9-3976918760, networkLocation: /default-rack, certSerialId: null}, Type:RATIS, Factor:ONE, State:CLOSED] moved to CLOSED state
2019-10-02 00:24:55,053 [EventQueue-StaleNodeForStaleNodeHandler] INFO  pipeline.SCMPipelineManager (SCMPipelineManager.java:finalizeAndDestroyPipeline(315)) - destroying pipeline:Pipeline[ Id: c2b3c3da-15c4-40fa-b4a9-e65543cd1fd8, Nodes: 30ddb538-5430-4b07-ac01-3a06f53f55c9{ip: 192.168.30.63, host: pr-hdds-2201-rename-25sj9-3976918760, networkLocation: /default-rack, certSerialId: null}46b08147-e058-4424-8100-2a54324fd185{ip: 192.168.30.63, host: pr-hdds-2201-rename-25sj9-3976918760, networkLocation: /default-rack, certSerialId: null}6e95f05e-e2a5-4890-a0e7-0cff46ac429d{ip: 192.168.30.63, host: pr-hdds-2201-rename-25sj9-3976918760, networkLocation: /default-rack, certSerialId: null}, Type:RATIS, Factor:THREE, State:CLOSED]
2019-10-02 00:24:56,271 [grpc-default-executor-9] WARN  server.GrpcLogAppender (LogUtils.java:warn(134)) - 8f648e44-79c5-4c02-bc8a-5021643fedf8@group-C070EE65BA70->26998e6e-3feb-4b5a-8f2f-bfc627af3153-AppendLogResponseHandler: Failed appendEntries: org.apache.ratis.thirdparty.io.grpc.StatusRuntimeException: UNAVAILABLE: io exception
2019-10-02 00:24:56,272 [grpc-default-executor-9] INFO  impl.FollowerInfo (FollowerInfo.java:lambda$new$0(51)) - 8f648e44-79c5-4c02-bc8a-5021643fedf8@group-C070EE65BA70->26998e6e-3feb-4b5a-8f2f-bfc627af3153: nextIndex: updateUnconditionally 1 -> 0
2019-10-02 00:24:56,563 [Thread-2492] INFO  client.GrpcClientProtocolService (GrpcClientProtocolService.java:lambda$processClientRequest$0(278)) - Failed RaftClientRequest:client-047231CE5FD0->6e95f05e-e2a5-4890-a0e7-0cff46ac429d@group-E65543CD1FD8, cid=68, seq=0, Watch-MAJORITY_COMMITTED(36), Message:<EMPTY>, reply=RaftClientReply:client-047231CE5FD0->6e95f05e-e2a5-4890-a0e7-0cff46ac429d@group-E65543CD1FD8, cid=68, FAILED org.apache.ratis.protocol.NotReplicatedException: Request with call Id 68 and log index 36 is not yet replicated to MAJORITY_COMMITTED, logIndex=36, commits[6e95f05e-e2a5-4890-a0e7-0cff46ac429d:c2, 30ddb538-5430-4b07-ac01-3a06f53f55c9:c2, 46b08147-e058-4424-8100-2a54324fd185:c2]
2019-10-02 00:24:57,045 [grpc-default-executor-8] WARN  server.GrpcLogAppender (LogUtils.java:warn(134)) - 6e95f05e-e2a5-4890-a0e7-0cff46ac429d@group-E65543CD1FD8->30ddb538-5430-4b07-ac01-3a06f53f55c9-AppendLogResponseHandler: Failed appendEntries: org.apache.ratis.thirdparty.io.grpc.StatusRuntimeException: UNAVAILABLE: io exception
2019-10-02 00:24:57,045 [grpc-default-executor-9] WARN  server.GrpcLogAppender (LogUtils.java:warn(134)) - 6e95f05e-e2a5-4890-a0e7-0cff46ac429d@group-E65543CD1FD8->46b08147-e058-4424-8100-2a54324fd185-AppendLogResponseHandler: Failed appendEntries: org.apache.ratis.thirdparty.io.grpc.StatusRuntimeException: UNAVAILABLE: io exception
2019-10-02 00:24:57,045 [grpc-default-executor-8] INFO  impl.FollowerInfo (FollowerInfo.java:lambda$new$0(51)) - 6e95f05e-e2a5-4890-a0e7-0cff46ac429d@group-E65543CD1FD8->30ddb538-5430-4b07-ac01-3a06f53f55c9: nextIndex: updateUnconditionally 0 -> 0
2019-10-02 00:24:57,046 [grpc-default-executor-9] INFO  impl.FollowerInfo (FollowerInfo.java:lambda$new$0(51)) - 6e95f05e-e2a5-4890-a0e7-0cff46ac429d@group-E65543CD1FD8->46b08147-e058-4424-8100-2a54324fd185: nextIndex: updateUnconditionally 0 -> 0
]]></system-out>
    <system-err><![CDATA[Oct 02, 2019 12:24:51 AM org.apache.ratis.thirdparty.io.grpc.internal.SerializingExecutor run
SEVERE: Exception while executing runnable org.apache.ratis.thirdparty.io.grpc.internal.ServerImpl$JumpToApplicationThreadServerStreamListener$1Closed@3535ebae
org.apache.ratis.thirdparty.io.grpc.StatusRuntimeException: CANCELLED: call already cancelled
	at org.apache.ratis.thirdparty.io.grpc.Status.asRuntimeException(Status.java:517)
	at org.apache.ratis.thirdparty.io.grpc.stub.ServerCalls$ServerCallStreamObserverImpl.onCompleted(ServerCalls.java:356)
	at org.apache.ratis.grpc.server.GrpcServerProtocolService$ServerRequestStreamObserver.onError(GrpcServerProtocolService.java:121)
	at org.apache.ratis.thirdparty.io.grpc.stub.ServerCalls$StreamingServerCallHandler$StreamingServerCallListener.onCancel(ServerCalls.java:269)
	at org.apache.ratis.thirdparty.io.grpc.internal.ServerCallImpl$ServerStreamListenerImpl.closed(ServerCallImpl.java:293)
	at org.apache.ratis.thirdparty.io.grpc.internal.ServerImpl$JumpToApplicationThreadServerStreamListener$1Closed.runInContext(ServerImpl.java:741)
	at org.apache.ratis.thirdparty.io.grpc.internal.ContextRunnable.run(ContextRunnable.java:37)
	at org.apache.ratis.thirdparty.io.grpc.internal.SerializingExecutor.run(SerializingExecutor.java:123)
	at java.util.concurrent.ThreadPoolExecutor.runWorker(ThreadPoolExecutor.java:1149)
	at java.util.concurrent.ThreadPoolExecutor$Worker.run(ThreadPoolExecutor.java:624)
	at java.lang.Thread.run(Thread.java:748)

]]></system-err>
  </testcase>
</testsuite>