<?xml version="1.0" encoding="UTF-8"?>
<testsuite xmlns:xsi="http://www.w3.org/2001/XMLSchema-instance" xsi:noNamespaceSchemaLocation="https://maven.apache.org/surefire/maven-surefire-plugin/xsd/surefire-test-report.xsd" name="org.apache.hadoop.ozone.client.rpc.TestBlockOutputStreamWithFailures" time="696.39" tests="8" errors="0" skipped="0" failures="1">
  <properties>
    <property name="awt.toolkit" value="sun.awt.X11.XToolkit"/>
    <property name="file.encoding.pkg" value="sun.io"/>
    <property name="java.specification.version" value="1.8"/>
    <property name="sun.cpu.isalist" value=""/>
    <property name="sun.jnu.encoding" value="UTF-8"/>
    <property name="java.class.path" value="/workdir/hadoop-ozone/integration-test/target/test-classes:/workdir/hadoop-ozone/integration-test/target/classes:/home/user/.m2/repository/org/apache/hadoop/hadoop-ozone-common/0.5.0-SNAPSHOT/hadoop-ozone-common-0.5.0-SNAPSHOT.jar:/home/user/.m2/repository/org/apache/commons/commons-compress/1.4.1/commons-compress-1.4.1.jar:/home/user/.m2/repository/org/tukaani/xz/1.0/xz-1.0.jar:/home/user/.m2/repository/org/apache/hadoop/hadoop-common/3.2.0/hadoop-common-3.2.0.jar:/home/user/.m2/repository/org/apache/hadoop/hadoop-hdfs/3.2.0/hadoop-hdfs-3.2.0.jar:/home/user/.m2/repository/org/apache/hadoop/hadoop-hdfs-client/3.2.0/hadoop-hdfs-client-3.2.0.jar:/home/user/.m2/repository/com/fasterxml/jackson/core/jackson-annotations/2.9.9/jackson-annotations-2.9.9.jar:/home/user/.m2/repository/org/apache/hadoop/hadoop-hdds-common/0.5.0-SNAPSHOT/hadoop-hdds-common-0.5.0-SNAPSHOT.jar:/home/user/.m2/repository/javax/annotation/javax.annotation-api/1.2/javax.annotation-api-1.2.jar:/home/user/.m2/repository/org/apache/ratis/ratis-server/0.5.0-201fc85-SNAPSHOT/ratis-server-0.5.0-201fc85-SNAPSHOT.jar:/home/user/.m2/repository/org/apache/ratis/ratis-thirdparty-misc/0.2.0/ratis-thirdparty-misc-0.2.0.jar:/home/user/.m2/repository/org/apache/ratis/ratis-proto/0.5.0-201fc85-SNAPSHOT/ratis-proto-0.5.0-201fc85-SNAPSHOT.jar:/home/user/.m2/repository/org/apache/ratis/ratis-common/0.5.0-201fc85-SNAPSHOT/ratis-common-0.5.0-201fc85-SNAPSHOT.jar:/home/user/.m2/repository/org/apache/ratis/ratis-client/0.5.0-201fc85-SNAPSHOT/ratis-client-0.5.0-201fc85-SNAPSHOT.jar:/home/user/.m2/repository/org/apache/ratis/ratis-metrics/0.5.0-201fc85-SNAPSHOT/ratis-metrics-0.5.0-201fc85-SNAPSHOT.jar:/home/user/.m2/repository/com/github/joshelser/dropwizard-metrics-hadoop-metrics2-reporter/0.1.2/dropwizard-metrics-hadoop-metrics2-reporter-0.1.2.jar:/home/user/.m2/repository/io/dropwizard/metrics/metrics-jvm/3.2.5/metrics-jvm-3.2.5.jar:/home/user/.m2/repository/io/dropwizard/metrics/metrics-ganglia/3.2.5/metrics-ganglia-3.2.5.jar:/home/user/.m2/repository/info/ganglia/gmetric4j/gmetric4j/1.0.7/gmetric4j-1.0.7.jar:/home/user/.m2/repository/org/apache/ratis/ratis-netty/0.5.0-201fc85-SNAPSHOT/ratis-netty-0.5.0-201fc85-SNAPSHOT.jar:/home/user/.m2/repository/org/apache/ratis/ratis-grpc/0.5.0-201fc85-SNAPSHOT/ratis-grpc-0.5.0-201fc85-SNAPSHOT.jar:/home/user/.m2/repository/org/rocksdb/rocksdbjni/6.0.1/rocksdbjni-6.0.1.jar:/home/user/.m2/repository/org/apache/logging/log4j/log4j-api/2.11.0/log4j-api-2.11.0.jar:/home/user/.m2/repository/org/apache/logging/log4j/log4j-core/2.11.0/log4j-core-2.11.0.jar:/home/user/.m2/repository/com/lmax/disruptor/3.4.2/disruptor-3.4.2.jar:/home/user/.m2/repository/org/apache/commons/commons-pool2/2.6.0/commons-pool2-2.6.0.jar:/home/user/.m2/repository/org/bouncycastle/bcpkix-jdk15on/1.60/bcpkix-jdk15on-1.60.jar:/home/user/.m2/repository/commons-validator/commons-validator/1.6/commons-validator-1.6.jar:/home/user/.m2/repository/commons-digester/commons-digester/1.8.1/commons-digester-1.8.1.jar:/home/user/.m2/repository/io/jaegertracing/jaeger-client/0.34.0/jaeger-client-0.34.0.jar:/home/user/.m2/repository/io/jaegertracing/jaeger-thrift/0.34.0/jaeger-thrift-0.34.0.jar:/home/user/.m2/repository/org/apache/thrift/libthrift/0.12.0/libthrift-0.12.0.jar:/home/user/.m2/repository/com/squareup/okhttp3/okhttp/3.9.0/okhttp-3.9.0.jar:/home/user/.m2/repository/com/squareup/okio/okio/1.13.0/okio-1.13.0.jar:/home/user/.m2/repository/io/jaegertracing/jaeger-core/0.34.0/jaeger-core-0.34.0.jar:/home/user/.m2/repository/io/jaegertracing/jaeger-tracerresolver/0.34.0/jaeger-tracerresolver-0.34.0.jar:/home/user/.m2/repository/io/opentracing/contrib/opentracing-tracerresolver/0.1.5/opentracing-tracerresolver-0.1.5.jar:/home/user/.m2/repository/io/opentracing/opentracing-util/0.31.0/opentracing-util-0.31.0.jar:/home/user/.m2/repository/io/opentracing/opentracing-api/0.31.0/opentracing-api-0.31.0.jar:/home/user/.m2/repository/io/opentracing/opentracing-noop/0.31.0/opentracing-noop-0.31.0.jar:/home/user/.m2/repository/org/apache/hadoop/hadoop-hdds-server-framework/0.5.0-SNAPSHOT/hadoop-hdds-server-framework-0.5.0-SNAPSHOT.jar:/home/user/.m2/repository/org/apache/hadoop/hadoop-hdds-container-service/0.5.0-SNAPSHOT/hadoop-hdds-container-service-0.5.0-SNAPSHOT.jar:/home/user/.m2/repository/org/apache/hadoop/hadoop-hdds-client/0.5.0-SNAPSHOT/hadoop-hdds-client-0.5.0-SNAPSHOT.jar:/home/user/.m2/repository/org/apache/hadoop/hadoop-hdds-tools/0.5.0-SNAPSHOT/hadoop-hdds-tools-0.5.0-SNAPSHOT.jar:/home/user/.m2/repository/org/apache/hadoop/hadoop-hdds-server-scm/0.5.0-SNAPSHOT/hadoop-hdds-server-scm-0.5.0-SNAPSHOT.jar:/home/user/.m2/repository/org/apache/hadoop/hadoop-hdds-docs/0.5.0-SNAPSHOT/hadoop-hdds-docs-0.5.0-SNAPSHOT.jar:/home/user/.m2/repository/io/dropwizard/metrics/metrics-core/3.2.4/metrics-core-3.2.4.jar:/home/user/.m2/repository/org/hamcrest/hamcrest-all/1.3/hamcrest-all-1.3.jar:/home/user/.m2/repository/org/bouncycastle/bcprov-jdk15on/1.60/bcprov-jdk15on-1.60.jar:/home/user/.m2/repository/info/picocli/picocli/3.9.6/picocli-3.9.6.jar:/home/user/.m2/repository/com/google/protobuf/protobuf-java/2.5.0/protobuf-java-2.5.0.jar:/home/user/.m2/repository/com/google/guava/guava/11.0.2/guava-11.0.2.jar:/home/user/.m2/repository/org/apache/hadoop/hadoop-ozone-ozone-manager/0.5.0-SNAPSHOT/hadoop-ozone-ozone-manager-0.5.0-SNAPSHOT.jar:/home/user/.m2/repository/org/apache/hadoop/hadoop-minikdc/3.2.0/hadoop-minikdc-3.2.0.jar:/home/user/.m2/repository/commons-io/commons-io/2.5/commons-io-2.5.jar:/home/user/.m2/repository/org/apache/kerby/kerb-simplekdc/1.0.1/kerb-simplekdc-1.0.1.jar:/home/user/.m2/repository/org/apache/kerby/kerb-client/1.0.1/kerb-client-1.0.1.jar:/home/user/.m2/repository/org/apache/kerby/kerby-config/1.0.1/kerby-config-1.0.1.jar:/home/user/.m2/repository/org/apache/kerby/kerb-core/1.0.1/kerb-core-1.0.1.jar:/home/user/.m2/repository/org/apache/kerby/kerby-pkix/1.0.1/kerby-pkix-1.0.1.jar:/home/user/.m2/repository/org/apache/kerby/kerby-asn1/1.0.1/kerby-asn1-1.0.1.jar:/home/user/.m2/repository/org/apache/kerby/kerby-util/1.0.1/kerby-util-1.0.1.jar:/home/user/.m2/repository/org/apache/kerby/kerb-common/1.0.1/kerb-common-1.0.1.jar:/home/user/.m2/repository/org/apache/kerby/kerb-crypto/1.0.1/kerb-crypto-1.0.1.jar:/home/user/.m2/repository/org/apache/kerby/kerb-util/1.0.1/kerb-util-1.0.1.jar:/home/user/.m2/repository/org/apache/kerby/token-provider/1.0.1/token-provider-1.0.1.jar:/home/user/.m2/repository/org/apache/kerby/kerb-admin/1.0.1/kerb-admin-1.0.1.jar:/home/user/.m2/repository/org/apache/kerby/kerb-server/1.0.1/kerb-server-1.0.1.jar:/home/user/.m2/repository/org/apache/kerby/kerb-identity/1.0.1/kerb-identity-1.0.1.jar:/home/user/.m2/repository/org/apache/kerby/kerby-xdr/1.0.1/kerby-xdr-1.0.1.jar:/home/user/.m2/repository/org/slf4j/slf4j-log4j12/1.7.25/slf4j-log4j12-1.7.25.jar:/home/user/.m2/repository/org/apache/hadoop/hadoop-ozone-s3gateway/0.5.0-SNAPSHOT/hadoop-ozone-s3gateway-0.5.0-SNAPSHOT.jar:/home/user/.m2/repository/org/jboss/weld/servlet/weld-servlet/2.4.7.Final/weld-servlet-2.4.7.Final.jar:/home/user/.m2/repository/org/glassfish/jersey/containers/jersey-container-servlet-core/2.27/jersey-container-servlet-core-2.27.jar:/home/user/.m2/repository/org/glassfish/hk2/external/javax.inject/2.5.0-b42/javax.inject-2.5.0-b42.jar:/home/user/.m2/repository/org/glassfish/jersey/core/jersey-common/2.27/jersey-common-2.27.jar:/home/user/.m2/repository/org/glassfish/hk2/osgi-resource-locator/1.0.1/osgi-resource-locator-1.0.1.jar:/home/user/.m2/repository/javax/ws/rs/javax.ws.rs-api/2.1/javax.ws.rs-api-2.1.jar:/home/user/.m2/repository/org/glassfish/jersey/ext/cdi/jersey-cdi1x/2.27/jersey-cdi1x-2.27.jar:/home/user/.m2/repository/org/glassfish/jersey/inject/jersey-hk2/2.27/jersey-hk2-2.27.jar:/home/user/.m2/repository/org/glassfish/hk2/hk2-locator/2.5.0-b42/hk2-locator-2.5.0-b42.jar:/home/user/.m2/repository/org/javassist/javassist/3.22.0-CR2/javassist-3.22.0-CR2.jar:/home/user/.m2/repository/org/glassfish/hk2/hk2-api/2.5.0/hk2-api-2.5.0.jar:/home/user/.m2/repository/org/glassfish/hk2/external/jakarta.inject/2.5.0/jakarta.inject-2.5.0.jar:/home/user/.m2/repository/org/glassfish/hk2/hk2-utils/2.5.0/hk2-utils-2.5.0.jar:/home/user/.m2/repository/jakarta/annotation/jakarta.annotation-api/1.3.4/jakarta.annotation-api-1.3.4.jar:/home/user/.m2/repository/org/glassfish/hk2/external/aopalliance-repackaged/2.5.0/aopalliance-repackaged-2.5.0.jar:/home/user/.m2/repository/com/fasterxml/jackson/dataformat/jackson-dataformat-xml/2.9.0/jackson-dataformat-xml-2.9.0.jar:/home/user/.m2/repository/com/fasterxml/jackson/core/jackson-core/2.9.9/jackson-core-2.9.9.jar:/home/user/.m2/repository/com/fasterxml/jackson/module/jackson-module-jaxb-annotations/2.9.9/jackson-module-jaxb-annotations-2.9.9.jar:/home/user/.m2/repository/javax/enterprise/cdi-api/1.2/cdi-api-1.2.jar:/home/user/.m2/repository/javax/el/javax.el-api/3.0.0/javax.el-api-3.0.0.jar:/home/user/.m2/repository/javax/interceptor/javax.interceptor-api/1.2/javax.interceptor-api-1.2.jar:/home/user/.m2/repository/javax/inject/javax.inject/1/javax.inject-1.jar:/home/user/.m2/repository/com/sun/xml/bind/jaxb-impl/2.3.0.1/jaxb-impl-2.3.0.1.jar:/home/user/.m2/repository/com/sun/xml/bind/jaxb-core/2.3.0.1/jaxb-core-2.3.0.1.jar:/home/user/.m2/repository/javax/xml/bind/jaxb-api/2.3.0/jaxb-api-2.3.0.jar:/home/user/.m2/repository/javax/activation/activation/1.1.1/activation-1.1.1.jar:/home/user/.m2/repository/org/apache/hadoop/hadoop-ozone-csi/0.5.0-SNAPSHOT/hadoop-ozone-csi-0.5.0-SNAPSHOT.jar:/home/user/.m2/repository/com/google/protobuf/protobuf-java-util/3.5.1/protobuf-java-util-3.5.1.jar:/home/user/.m2/repository/org/apache/hadoop/hadoop-hdds-config/0.5.0-SNAPSHOT/hadoop-hdds-config-0.5.0-SNAPSHOT.jar:/home/user/.m2/repository/io/grpc/grpc-netty/1.17.1/grpc-netty-1.17.1.jar:/home/user/.m2/repository/io/grpc/grpc-core/1.17.1/grpc-core-1.17.1.jar:/home/user/.m2/repository/io/grpc/grpc-context/1.17.1/grpc-context-1.17.1.jar:/home/user/.m2/repository/com/google/errorprone/error_prone_annotations/2.2.0/error_prone_annotations-2.2.0.jar:/home/user/.m2/repository/org/codehaus/mojo/animal-sniffer-annotations/1.17/animal-sniffer-annotations-1.17.jar:/home/user/.m2/repository/io/opencensus/opencensus-api/0.17.0/opencensus-api-0.17.0.jar:/home/user/.m2/repository/io/opencensus/opencensus-contrib-grpc-metrics/0.17.0/opencensus-contrib-grpc-metrics-0.17.0.jar:/home/user/.m2/repository/io/netty/netty-codec-http2/4.1.30.Final/netty-codec-http2-4.1.30.Final.jar:/home/user/.m2/repository/io/netty/netty-codec-http/4.1.30.Final/netty-codec-http-4.1.30.Final.jar:/home/user/.m2/repository/io/netty/netty-codec/4.1.30.Final/netty-codec-4.1.30.Final.jar:/home/user/.m2/repository/io/netty/netty-handler/4.1.30.Final/netty-handler-4.1.30.Final.jar:/home/user/.m2/repository/io/netty/netty-handler-proxy/4.1.30.Final/netty-handler-proxy-4.1.30.Final.jar:/home/user/.m2/repository/io/netty/netty-codec-socks/4.1.30.Final/netty-codec-socks-4.1.30.Final.jar:/home/user/.m2/repository/io/netty/netty-transport-native-epoll/4.1.30.Final/netty-transport-native-epoll-4.1.30.Final.jar:/home/user/.m2/repository/io/netty/netty-common/4.1.30.Final/netty-common-4.1.30.Final.jar:/home/user/.m2/repository/io/netty/netty-buffer/4.1.30.Final/netty-buffer-4.1.30.Final.jar:/home/user/.m2/repository/io/netty/netty-transport/4.1.30.Final/netty-transport-4.1.30.Final.jar:/home/user/.m2/repository/io/netty/netty-resolver/4.1.30.Final/netty-resolver-4.1.30.Final.jar:/home/user/.m2/repository/io/netty/netty-transport-native-unix-common/4.1.30.Final/netty-transport-native-unix-common-4.1.30.Final.jar:/home/user/.m2/repository/io/grpc/grpc-protobuf/1.17.1/grpc-protobuf-1.17.1.jar:/home/user/.m2/repository/com/google/api/grpc/proto-google-common-protos/1.0.0/proto-google-common-protos-1.0.0.jar:/home/user/.m2/repository/io/grpc/grpc-protobuf-lite/1.17.1/grpc-protobuf-lite-1.17.1.jar:/home/user/.m2/repository/io/grpc/grpc-stub/1.17.1/grpc-stub-1.17.1.jar:/home/user/.m2/repository/org/apache/hadoop/hadoop-ozone-recon/0.5.0-SNAPSHOT/hadoop-ozone-recon-0.5.0-SNAPSHOT.jar:/home/user/.m2/repository/org/apache/hadoop/hadoop-ozone-reconcodegen/0.5.0-SNAPSHOT/hadoop-ozone-reconcodegen-0.5.0-SNAPSHOT.jar:/home/user/.m2/repository/com/google/inject/extensions/guice-multibindings/4.0/guice-multibindings-4.0.jar:/home/user/.m2/repository/com/google/inject/guice/4.0/guice-4.0.jar:/home/user/.m2/repository/aopalliance/aopalliance/1.0/aopalliance-1.0.jar:/home/user/.m2/repository/com/google/inject/extensions/guice-servlet/4.0/guice-servlet-4.0.jar:/home/user/.m2/repository/org/glassfish/jersey/containers/jersey-container-servlet/2.27/jersey-container-servlet-2.27.jar:/home/user/.m2/repository/org/glassfish/hk2/guice-bridge/2.5.0/guice-bridge-2.5.0.jar:/home/user/.m2/repository/org/glassfish/jersey/core/jersey-server/2.27/jersey-server-2.27.jar:/home/user/.m2/repository/org/glassfish/jersey/core/jersey-client/2.27/jersey-client-2.27.jar:/home/user/.m2/repository/org/glassfish/jersey/media/jersey-media-jaxb/2.27/jersey-media-jaxb-2.27.jar:/home/user/.m2/repository/javax/validation/validation-api/1.1.0.Final/validation-api-1.1.0.Final.jar:/home/user/.m2/repository/org/glassfish/jersey/media/jersey-media-json-jackson/2.27/jersey-media-json-jackson-2.27.jar:/home/user/.m2/repository/org/glassfish/jersey/ext/jersey-entity-filtering/2.27/jersey-entity-filtering-2.27.jar:/home/user/.m2/repository/com/google/inject/extensions/guice-assistedinject/4.0/guice-assistedinject-4.0.jar:/home/user/.m2/repository/org/jooq/jooq/3.11.10/jooq-3.11.10.jar:/home/user/.m2/repository/org/jooq/jooq-meta/3.11.10/jooq-meta-3.11.10.jar:/home/user/.m2/repository/org/jooq/jooq-codegen/3.11.10/jooq-codegen-3.11.10.jar:/home/user/.m2/repository/com/jolbox/bonecp/0.8.0.RELEASE/bonecp-0.8.0.RELEASE.jar:/home/user/.m2/repository/org/xerial/sqlite-jdbc/3.25.2/sqlite-jdbc-3.25.2.jar:/home/user/.m2/repository/org/springframework/spring-jdbc/5.1.3.RELEASE/spring-jdbc-5.1.3.RELEASE.jar:/home/user/.m2/repository/org/springframework/spring-beans/5.1.3.RELEASE/spring-beans-5.1.3.RELEASE.jar:/home/user/.m2/repository/org/springframework/spring-core/5.1.3.RELEASE/spring-core-5.1.3.RELEASE.jar:/home/user/.m2/repository/org/springframework/spring-jcl/5.1.3.RELEASE/spring-jcl-5.1.3.RELEASE.jar:/home/user/.m2/repository/org/springframework/spring-tx/5.1.3.RELEASE/spring-tx-5.1.3.RELEASE.jar:/home/user/.m2/repository/org/apache/hadoop/hadoop-ozone-client/0.5.0-SNAPSHOT/hadoop-ozone-client-0.5.0-SNAPSHOT.jar:/home/user/.m2/repository/commons-lang/commons-lang/2.6/commons-lang-2.6.jar:/home/user/.m2/repository/org/apache/hadoop/hadoop-ozone-ozone-manager/0.5.0-SNAPSHOT/hadoop-ozone-ozone-manager-0.5.0-SNAPSHOT-tests.jar:/home/user/.m2/repository/junit/junit/4.11/junit-4.11.jar:/home/user/.m2/repository/org/hamcrest/hamcrest-core/1.3/hamcrest-core-1.3.jar:/home/user/.m2/repository/org/openjdk/jmh/jmh-core/1.19/jmh-core-1.19.jar:/home/user/.m2/repository/net/sf/jopt-simple/jopt-simple/4.6/jopt-simple-4.6.jar:/home/user/.m2/repository/org/apache/commons/commons-math3/3.1.1/commons-math3-3.1.1.jar:/home/user/.m2/repository/org/openjdk/jmh/jmh-generator-annprocess/1.19/jmh-generator-annprocess-1.19.jar:/home/user/.m2/repository/org/mockito/mockito-all/1.8.5/mockito-all-1.8.5.jar:/home/user/.m2/repository/org/apache/hadoop/hadoop-kms/3.2.0/hadoop-kms-3.2.0.jar:/home/user/.m2/repository/org/apache/hadoop/hadoop-auth/3.2.0/hadoop-auth-3.2.0.jar:/home/user/.m2/repository/com/nimbusds/nimbus-jose-jwt/4.41.1/nimbus-jose-jwt-4.41.1.jar:/home/user/.m2/repository/com/github/stephenc/jcip/jcip-annotations/1.0-1/jcip-annotations-1.0-1.jar:/home/user/.m2/repository/net/minidev/json-smart/2.3/json-smart-2.3.jar:/home/user/.m2/repository/net/minidev/accessors-smart/1.2/accessors-smart-1.2.jar:/home/user/.m2/repository/org/ow2/asm/asm/5.0.4/asm-5.0.4.jar:/home/user/.m2/repository/org/apache/curator/curator-framework/2.12.0/curator-framework-2.12.0.jar:/home/user/.m2/repository/com/sun/jersey/jersey-core/1.19/jersey-core-1.19.jar:/home/user/.m2/repository/javax/ws/rs/jsr311-api/1.1.1/jsr311-api-1.1.1.jar:/home/user/.m2/repository/com/sun/jersey/jersey-server/1.19/jersey-server-1.19.jar:/home/user/.m2/repository/javax/servlet/javax.servlet-api/3.1.0/javax.servlet-api-3.1.0.jar:/home/user/.m2/repository/org/eclipse/jetty/jetty-server/9.3.25.v20180904/jetty-server-9.3.25.v20180904.jar:/home/user/.m2/repository/org/eclipse/jetty/jetty-http/9.3.25.v20180904/jetty-http-9.3.25.v20180904.jar:/home/user/.m2/repository/org/eclipse/jetty/jetty-io/9.3.25.v20180904/jetty-io-9.3.25.v20180904.jar:/home/user/.m2/repository/org/eclipse/jetty/jetty-webapp/9.3.25.v20180904/jetty-webapp-9.3.25.v20180904.jar:/home/user/.m2/repository/org/eclipse/jetty/jetty-xml/9.3.25.v20180904/jetty-xml-9.3.25.v20180904.jar:/home/user/.m2/repository/log4j/log4j/1.2.17/log4j-1.2.17.jar:/home/user/.m2/repository/org/slf4j/slf4j-api/1.7.25/slf4j-api-1.7.25.jar:/home/user/.m2/repository/org/slf4j/jul-to-slf4j/1.7.25/jul-to-slf4j-1.7.25.jar:/home/user/.m2/repository/org/eclipse/jetty/jetty-util/9.3.25.v20180904/jetty-util-9.3.25.v20180904.jar:/home/user/.m2/repository/com/fasterxml/jackson/core/jackson-databind/2.9.9/jackson-databind-2.9.9.jar:/home/user/.m2/repository/org/apache/hadoop/hadoop-kms/3.2.0/hadoop-kms-3.2.0-tests.jar:/home/user/.m2/repository/org/apache/hadoop/hadoop-hdds-server-scm/0.5.0-SNAPSHOT/hadoop-hdds-server-scm-0.5.0-SNAPSHOT-tests.jar:/home/user/.m2/repository/org/apache/hadoop/hadoop-hdds-container-service/0.5.0-SNAPSHOT/hadoop-hdds-container-service-0.5.0-SNAPSHOT-tests.jar:/home/user/.m2/repository/org/yaml/snakeyaml/1.16/snakeyaml-1.16.jar:/home/user/.m2/repository/org/apache/hadoop/hadoop-common/3.2.0/hadoop-common-3.2.0-tests.jar:/home/user/.m2/repository/org/apache/hadoop/hadoop-annotations/3.2.0/hadoop-annotations-3.2.0.jar:/usr/lib/jvm/java-1.8-openjdk/jre/../lib/tools.jar:/home/user/.m2/repository/commons-cli/commons-cli/1.2/commons-cli-1.2.jar:/home/user/.m2/repository/org/apache/httpcomponents/httpclient/4.5.2/httpclient-4.5.2.jar:/home/user/.m2/repository/org/apache/httpcomponents/httpcore/4.4.4/httpcore-4.4.4.jar:/home/user/.m2/repository/commons-codec/commons-codec/1.11/commons-codec-1.11.jar:/home/user/.m2/repository/commons-net/commons-net/3.6/commons-net-3.6.jar:/home/user/.m2/repository/commons-collections/commons-collections/3.2.2/commons-collections-3.2.2.jar:/home/user/.m2/repository/org/eclipse/jetty/jetty-servlet/9.3.25.v20180904/jetty-servlet-9.3.25.v20180904.jar:/home/user/.m2/repository/org/eclipse/jetty/jetty-security/9.3.25.v20180904/jetty-security-9.3.25.v20180904.jar:/home/user/.m2/repository/javax/servlet/jsp/jsp-api/2.1/jsp-api-2.1.jar:/home/user/.m2/repository/com/sun/jersey/jersey-servlet/1.19/jersey-servlet-1.19.jar:/home/user/.m2/repository/com/sun/jersey/jersey-json/1.19/jersey-json-1.19.jar:/home/user/.m2/repository/org/codehaus/jettison/jettison/1.1/jettison-1.1.jar:/home/user/.m2/repository/org/codehaus/jackson/jackson-core-asl/1.9.13/jackson-core-asl-1.9.13.jar:/home/user/.m2/repository/org/codehaus/jackson/jackson-mapper-asl/1.9.13/jackson-mapper-asl-1.9.13.jar:/home/user/.m2/repository/org/codehaus/jackson/jackson-jaxrs/1.9.13/jackson-jaxrs-1.9.13.jar:/home/user/.m2/repository/org/codehaus/jackson/jackson-xc/1.9.13/jackson-xc-1.9.13.jar:/home/user/.m2/repository/commons-logging/commons-logging/1.1.3/commons-logging-1.1.3.jar:/home/user/.m2/repository/commons-beanutils/commons-beanutils/1.9.4/commons-beanutils-1.9.4.jar:/home/user/.m2/repository/org/apache/commons/commons-configuration2/2.1.1/commons-configuration2-2.1.1.jar:/home/user/.m2/repository/org/apache/commons/commons-lang3/3.7/commons-lang3-3.7.jar:/home/user/.m2/repository/org/apache/commons/commons-text/1.4/commons-text-1.4.jar:/home/user/.m2/repository/org/apache/avro/avro/1.7.7/avro-1.7.7.jar:/home/user/.m2/repository/com/thoughtworks/paranamer/paranamer/2.3/paranamer-2.3.jar:/home/user/.m2/repository/org/xerial/snappy/snappy-java/1.0.5/snappy-java-1.0.5.jar:/home/user/.m2/repository/com/google/re2j/re2j/1.1/re2j-1.1.jar:/home/user/.m2/repository/com/google/code/gson/gson/2.2.4/gson-2.2.4.jar:/home/user/.m2/repository/com/jcraft/jsch/0.1.54/jsch-0.1.54.jar:/home/user/.m2/repository/org/apache/curator/curator-client/2.12.0/curator-client-2.12.0.jar:/home/user/.m2/repository/org/apache/curator/curator-recipes/2.12.0/curator-recipes-2.12.0.jar:/home/user/.m2/repository/com/google/code/findbugs/jsr305/3.0.0/jsr305-3.0.0.jar:/home/user/.m2/repository/org/apache/htrace/htrace-core4/4.1.0-incubating/htrace-core4-4.1.0-incubating.jar:/home/user/.m2/repository/org/apache/zookeeper/zookeeper/3.4.13/zookeeper-3.4.13.jar:/home/user/.m2/repository/jline/jline/0.9.94/jline-0.9.94.jar:/home/user/.m2/repository/org/apache/yetus/audience-annotations/0.5.0/audience-annotations-0.5.0.jar:/home/user/.m2/repository/org/codehaus/woodstox/stax2-api/3.1.4/stax2-api-3.1.4.jar:/home/user/.m2/repository/com/fasterxml/woodstox/woodstox-core/5.0.3/woodstox-core-5.0.3.jar:/home/user/.m2/repository/dnsjava/dnsjava/2.1.7/dnsjava-2.1.7.jar:/home/user/.m2/repository/org/apache/hadoop/hadoop-hdfs/3.2.0/hadoop-hdfs-3.2.0-tests.jar:/home/user/.m2/repository/org/eclipse/jetty/jetty-util-ajax/9.3.25.v20180904/jetty-util-ajax-9.3.25.v20180904.jar:/home/user/.m2/repository/commons-daemon/commons-daemon/1.0.13/commons-daemon-1.0.13.jar:/home/user/.m2/repository/io/netty/netty/3.10.5.Final/netty-3.10.5.Final.jar:/home/user/.m2/repository/io/netty/netty-all/4.0.52.Final/netty-all-4.0.52.Final.jar:/home/user/.m2/repository/org/fusesource/leveldbjni/leveldbjni-all/1.8/leveldbjni-all-1.8.jar:"/>
    <property name="java.vm.vendor" value="IcedTea"/>
    <property name="sun.arch.data.model" value="64"/>
    <property name="test.build.dir" value="/workdir/hadoop-ozone/integration-test/target/test-dir"/>
    <property name="test.cache.data" value=""/>
    <property name="java.vendor.url" value="https://icedtea.classpath.org"/>
    <property name="user.timezone" value=""/>
    <property name="java.vm.specification.version" value="1.8"/>
    <property name="os.name" value="Linux"/>
    <property name="test.build.data" value="/workdir/hadoop-ozone/integration-test/target/test-dir"/>
    <property name="user.country" value="US"/>
    <property name="sun.java.launcher" value="SUN_STANDARD"/>
    <property name="sun.boot.library.path" value="/usr/lib/jvm/java-1.8-openjdk/jre/lib/amd64"/>
    <property name="sun.java.command" value="/workdir/hadoop-ozone/integration-test/target/surefire/surefirebooter687716381739523818.jar /workdir/hadoop-ozone/integration-test/target/surefire 2019-10-01T23-11-30_719-jvmRun1 surefire4866121381907073849tmp surefire_551181996416597799950tmp"/>
    <property name="test" value="!TestMiniChaosOzoneCluster"/>
    <property name="surefire.test.class.path" value="/workdir/hadoop-ozone/integration-test/target/test-classes:/workdir/hadoop-ozone/integration-test/target/classes:/home/user/.m2/repository/org/apache/hadoop/hadoop-ozone-common/0.5.0-SNAPSHOT/hadoop-ozone-common-0.5.0-SNAPSHOT.jar:/home/user/.m2/repository/org/apache/commons/commons-compress/1.4.1/commons-compress-1.4.1.jar:/home/user/.m2/repository/org/tukaani/xz/1.0/xz-1.0.jar:/home/user/.m2/repository/org/apache/hadoop/hadoop-common/3.2.0/hadoop-common-3.2.0.jar:/home/user/.m2/repository/org/apache/hadoop/hadoop-hdfs/3.2.0/hadoop-hdfs-3.2.0.jar:/home/user/.m2/repository/org/apache/hadoop/hadoop-hdfs-client/3.2.0/hadoop-hdfs-client-3.2.0.jar:/home/user/.m2/repository/com/fasterxml/jackson/core/jackson-annotations/2.9.9/jackson-annotations-2.9.9.jar:/home/user/.m2/repository/org/apache/hadoop/hadoop-hdds-common/0.5.0-SNAPSHOT/hadoop-hdds-common-0.5.0-SNAPSHOT.jar:/home/user/.m2/repository/javax/annotation/javax.annotation-api/1.2/javax.annotation-api-1.2.jar:/home/user/.m2/repository/org/apache/ratis/ratis-server/0.5.0-201fc85-SNAPSHOT/ratis-server-0.5.0-201fc85-SNAPSHOT.jar:/home/user/.m2/repository/org/apache/ratis/ratis-thirdparty-misc/0.2.0/ratis-thirdparty-misc-0.2.0.jar:/home/user/.m2/repository/org/apache/ratis/ratis-proto/0.5.0-201fc85-SNAPSHOT/ratis-proto-0.5.0-201fc85-SNAPSHOT.jar:/home/user/.m2/repository/org/apache/ratis/ratis-common/0.5.0-201fc85-SNAPSHOT/ratis-common-0.5.0-201fc85-SNAPSHOT.jar:/home/user/.m2/repository/org/apache/ratis/ratis-client/0.5.0-201fc85-SNAPSHOT/ratis-client-0.5.0-201fc85-SNAPSHOT.jar:/home/user/.m2/repository/org/apache/ratis/ratis-metrics/0.5.0-201fc85-SNAPSHOT/ratis-metrics-0.5.0-201fc85-SNAPSHOT.jar:/home/user/.m2/repository/com/github/joshelser/dropwizard-metrics-hadoop-metrics2-reporter/0.1.2/dropwizard-metrics-hadoop-metrics2-reporter-0.1.2.jar:/home/user/.m2/repository/io/dropwizard/metrics/metrics-jvm/3.2.5/metrics-jvm-3.2.5.jar:/home/user/.m2/repository/io/dropwizard/metrics/metrics-ganglia/3.2.5/metrics-ganglia-3.2.5.jar:/home/user/.m2/repository/info/ganglia/gmetric4j/gmetric4j/1.0.7/gmetric4j-1.0.7.jar:/home/user/.m2/repository/org/apache/ratis/ratis-netty/0.5.0-201fc85-SNAPSHOT/ratis-netty-0.5.0-201fc85-SNAPSHOT.jar:/home/user/.m2/repository/org/apache/ratis/ratis-grpc/0.5.0-201fc85-SNAPSHOT/ratis-grpc-0.5.0-201fc85-SNAPSHOT.jar:/home/user/.m2/repository/org/rocksdb/rocksdbjni/6.0.1/rocksdbjni-6.0.1.jar:/home/user/.m2/repository/org/apache/logging/log4j/log4j-api/2.11.0/log4j-api-2.11.0.jar:/home/user/.m2/repository/org/apache/logging/log4j/log4j-core/2.11.0/log4j-core-2.11.0.jar:/home/user/.m2/repository/com/lmax/disruptor/3.4.2/disruptor-3.4.2.jar:/home/user/.m2/repository/org/apache/commons/commons-pool2/2.6.0/commons-pool2-2.6.0.jar:/home/user/.m2/repository/org/bouncycastle/bcpkix-jdk15on/1.60/bcpkix-jdk15on-1.60.jar:/home/user/.m2/repository/commons-validator/commons-validator/1.6/commons-validator-1.6.jar:/home/user/.m2/repository/commons-digester/commons-digester/1.8.1/commons-digester-1.8.1.jar:/home/user/.m2/repository/io/jaegertracing/jaeger-client/0.34.0/jaeger-client-0.34.0.jar:/home/user/.m2/repository/io/jaegertracing/jaeger-thrift/0.34.0/jaeger-thrift-0.34.0.jar:/home/user/.m2/repository/org/apache/thrift/libthrift/0.12.0/libthrift-0.12.0.jar:/home/user/.m2/repository/com/squareup/okhttp3/okhttp/3.9.0/okhttp-3.9.0.jar:/home/user/.m2/repository/com/squareup/okio/okio/1.13.0/okio-1.13.0.jar:/home/user/.m2/repository/io/jaegertracing/jaeger-core/0.34.0/jaeger-core-0.34.0.jar:/home/user/.m2/repository/io/jaegertracing/jaeger-tracerresolver/0.34.0/jaeger-tracerresolver-0.34.0.jar:/home/user/.m2/repository/io/opentracing/contrib/opentracing-tracerresolver/0.1.5/opentracing-tracerresolver-0.1.5.jar:/home/user/.m2/repository/io/opentracing/opentracing-util/0.31.0/opentracing-util-0.31.0.jar:/home/user/.m2/repository/io/opentracing/opentracing-api/0.31.0/opentracing-api-0.31.0.jar:/home/user/.m2/repository/io/opentracing/opentracing-noop/0.31.0/opentracing-noop-0.31.0.jar:/home/user/.m2/repository/org/apache/hadoop/hadoop-hdds-server-framework/0.5.0-SNAPSHOT/hadoop-hdds-server-framework-0.5.0-SNAPSHOT.jar:/home/user/.m2/repository/org/apache/hadoop/hadoop-hdds-container-service/0.5.0-SNAPSHOT/hadoop-hdds-container-service-0.5.0-SNAPSHOT.jar:/home/user/.m2/repository/org/apache/hadoop/hadoop-hdds-client/0.5.0-SNAPSHOT/hadoop-hdds-client-0.5.0-SNAPSHOT.jar:/home/user/.m2/repository/org/apache/hadoop/hadoop-hdds-tools/0.5.0-SNAPSHOT/hadoop-hdds-tools-0.5.0-SNAPSHOT.jar:/home/user/.m2/repository/org/apache/hadoop/hadoop-hdds-server-scm/0.5.0-SNAPSHOT/hadoop-hdds-server-scm-0.5.0-SNAPSHOT.jar:/home/user/.m2/repository/org/apache/hadoop/hadoop-hdds-docs/0.5.0-SNAPSHOT/hadoop-hdds-docs-0.5.0-SNAPSHOT.jar:/home/user/.m2/repository/io/dropwizard/metrics/metrics-core/3.2.4/metrics-core-3.2.4.jar:/home/user/.m2/repository/org/hamcrest/hamcrest-all/1.3/hamcrest-all-1.3.jar:/home/user/.m2/repository/org/bouncycastle/bcprov-jdk15on/1.60/bcprov-jdk15on-1.60.jar:/home/user/.m2/repository/info/picocli/picocli/3.9.6/picocli-3.9.6.jar:/home/user/.m2/repository/com/google/protobuf/protobuf-java/2.5.0/protobuf-java-2.5.0.jar:/home/user/.m2/repository/com/google/guava/guava/11.0.2/guava-11.0.2.jar:/home/user/.m2/repository/org/apache/hadoop/hadoop-ozone-ozone-manager/0.5.0-SNAPSHOT/hadoop-ozone-ozone-manager-0.5.0-SNAPSHOT.jar:/home/user/.m2/repository/org/apache/hadoop/hadoop-minikdc/3.2.0/hadoop-minikdc-3.2.0.jar:/home/user/.m2/repository/commons-io/commons-io/2.5/commons-io-2.5.jar:/home/user/.m2/repository/org/apache/kerby/kerb-simplekdc/1.0.1/kerb-simplekdc-1.0.1.jar:/home/user/.m2/repository/org/apache/kerby/kerb-client/1.0.1/kerb-client-1.0.1.jar:/home/user/.m2/repository/org/apache/kerby/kerby-config/1.0.1/kerby-config-1.0.1.jar:/home/user/.m2/repository/org/apache/kerby/kerb-core/1.0.1/kerb-core-1.0.1.jar:/home/user/.m2/repository/org/apache/kerby/kerby-pkix/1.0.1/kerby-pkix-1.0.1.jar:/home/user/.m2/repository/org/apache/kerby/kerby-asn1/1.0.1/kerby-asn1-1.0.1.jar:/home/user/.m2/repository/org/apache/kerby/kerby-util/1.0.1/kerby-util-1.0.1.jar:/home/user/.m2/repository/org/apache/kerby/kerb-common/1.0.1/kerb-common-1.0.1.jar:/home/user/.m2/repository/org/apache/kerby/kerb-crypto/1.0.1/kerb-crypto-1.0.1.jar:/home/user/.m2/repository/org/apache/kerby/kerb-util/1.0.1/kerb-util-1.0.1.jar:/home/user/.m2/repository/org/apache/kerby/token-provider/1.0.1/token-provider-1.0.1.jar:/home/user/.m2/repository/org/apache/kerby/kerb-admin/1.0.1/kerb-admin-1.0.1.jar:/home/user/.m2/repository/org/apache/kerby/kerb-server/1.0.1/kerb-server-1.0.1.jar:/home/user/.m2/repository/org/apache/kerby/kerb-identity/1.0.1/kerb-identity-1.0.1.jar:/home/user/.m2/repository/org/apache/kerby/kerby-xdr/1.0.1/kerby-xdr-1.0.1.jar:/home/user/.m2/repository/org/slf4j/slf4j-log4j12/1.7.25/slf4j-log4j12-1.7.25.jar:/home/user/.m2/repository/org/apache/hadoop/hadoop-ozone-s3gateway/0.5.0-SNAPSHOT/hadoop-ozone-s3gateway-0.5.0-SNAPSHOT.jar:/home/user/.m2/repository/org/jboss/weld/servlet/weld-servlet/2.4.7.Final/weld-servlet-2.4.7.Final.jar:/home/user/.m2/repository/org/glassfish/jersey/containers/jersey-container-servlet-core/2.27/jersey-container-servlet-core-2.27.jar:/home/user/.m2/repository/org/glassfish/hk2/external/javax.inject/2.5.0-b42/javax.inject-2.5.0-b42.jar:/home/user/.m2/repository/org/glassfish/jersey/core/jersey-common/2.27/jersey-common-2.27.jar:/home/user/.m2/repository/org/glassfish/hk2/osgi-resource-locator/1.0.1/osgi-resource-locator-1.0.1.jar:/home/user/.m2/repository/javax/ws/rs/javax.ws.rs-api/2.1/javax.ws.rs-api-2.1.jar:/home/user/.m2/repository/org/glassfish/jersey/ext/cdi/jersey-cdi1x/2.27/jersey-cdi1x-2.27.jar:/home/user/.m2/repository/org/glassfish/jersey/inject/jersey-hk2/2.27/jersey-hk2-2.27.jar:/home/user/.m2/repository/org/glassfish/hk2/hk2-locator/2.5.0-b42/hk2-locator-2.5.0-b42.jar:/home/user/.m2/repository/org/javassist/javassist/3.22.0-CR2/javassist-3.22.0-CR2.jar:/home/user/.m2/repository/org/glassfish/hk2/hk2-api/2.5.0/hk2-api-2.5.0.jar:/home/user/.m2/repository/org/glassfish/hk2/external/jakarta.inject/2.5.0/jakarta.inject-2.5.0.jar:/home/user/.m2/repository/org/glassfish/hk2/hk2-utils/2.5.0/hk2-utils-2.5.0.jar:/home/user/.m2/repository/jakarta/annotation/jakarta.annotation-api/1.3.4/jakarta.annotation-api-1.3.4.jar:/home/user/.m2/repository/org/glassfish/hk2/external/aopalliance-repackaged/2.5.0/aopalliance-repackaged-2.5.0.jar:/home/user/.m2/repository/com/fasterxml/jackson/dataformat/jackson-dataformat-xml/2.9.0/jackson-dataformat-xml-2.9.0.jar:/home/user/.m2/repository/com/fasterxml/jackson/core/jackson-core/2.9.9/jackson-core-2.9.9.jar:/home/user/.m2/repository/com/fasterxml/jackson/module/jackson-module-jaxb-annotations/2.9.9/jackson-module-jaxb-annotations-2.9.9.jar:/home/user/.m2/repository/javax/enterprise/cdi-api/1.2/cdi-api-1.2.jar:/home/user/.m2/repository/javax/el/javax.el-api/3.0.0/javax.el-api-3.0.0.jar:/home/user/.m2/repository/javax/interceptor/javax.interceptor-api/1.2/javax.interceptor-api-1.2.jar:/home/user/.m2/repository/javax/inject/javax.inject/1/javax.inject-1.jar:/home/user/.m2/repository/com/sun/xml/bind/jaxb-impl/2.3.0.1/jaxb-impl-2.3.0.1.jar:/home/user/.m2/repository/com/sun/xml/bind/jaxb-core/2.3.0.1/jaxb-core-2.3.0.1.jar:/home/user/.m2/repository/javax/xml/bind/jaxb-api/2.3.0/jaxb-api-2.3.0.jar:/home/user/.m2/repository/javax/activation/activation/1.1.1/activation-1.1.1.jar:/home/user/.m2/repository/org/apache/hadoop/hadoop-ozone-csi/0.5.0-SNAPSHOT/hadoop-ozone-csi-0.5.0-SNAPSHOT.jar:/home/user/.m2/repository/com/google/protobuf/protobuf-java-util/3.5.1/protobuf-java-util-3.5.1.jar:/home/user/.m2/repository/org/apache/hadoop/hadoop-hdds-config/0.5.0-SNAPSHOT/hadoop-hdds-config-0.5.0-SNAPSHOT.jar:/home/user/.m2/repository/io/grpc/grpc-netty/1.17.1/grpc-netty-1.17.1.jar:/home/user/.m2/repository/io/grpc/grpc-core/1.17.1/grpc-core-1.17.1.jar:/home/user/.m2/repository/io/grpc/grpc-context/1.17.1/grpc-context-1.17.1.jar:/home/user/.m2/repository/com/google/errorprone/error_prone_annotations/2.2.0/error_prone_annotations-2.2.0.jar:/home/user/.m2/repository/org/codehaus/mojo/animal-sniffer-annotations/1.17/animal-sniffer-annotations-1.17.jar:/home/user/.m2/repository/io/opencensus/opencensus-api/0.17.0/opencensus-api-0.17.0.jar:/home/user/.m2/repository/io/opencensus/opencensus-contrib-grpc-metrics/0.17.0/opencensus-contrib-grpc-metrics-0.17.0.jar:/home/user/.m2/repository/io/netty/netty-codec-http2/4.1.30.Final/netty-codec-http2-4.1.30.Final.jar:/home/user/.m2/repository/io/netty/netty-codec-http/4.1.30.Final/netty-codec-http-4.1.30.Final.jar:/home/user/.m2/repository/io/netty/netty-codec/4.1.30.Final/netty-codec-4.1.30.Final.jar:/home/user/.m2/repository/io/netty/netty-handler/4.1.30.Final/netty-handler-4.1.30.Final.jar:/home/user/.m2/repository/io/netty/netty-handler-proxy/4.1.30.Final/netty-handler-proxy-4.1.30.Final.jar:/home/user/.m2/repository/io/netty/netty-codec-socks/4.1.30.Final/netty-codec-socks-4.1.30.Final.jar:/home/user/.m2/repository/io/netty/netty-transport-native-epoll/4.1.30.Final/netty-transport-native-epoll-4.1.30.Final.jar:/home/user/.m2/repository/io/netty/netty-common/4.1.30.Final/netty-common-4.1.30.Final.jar:/home/user/.m2/repository/io/netty/netty-buffer/4.1.30.Final/netty-buffer-4.1.30.Final.jar:/home/user/.m2/repository/io/netty/netty-transport/4.1.30.Final/netty-transport-4.1.30.Final.jar:/home/user/.m2/repository/io/netty/netty-resolver/4.1.30.Final/netty-resolver-4.1.30.Final.jar:/home/user/.m2/repository/io/netty/netty-transport-native-unix-common/4.1.30.Final/netty-transport-native-unix-common-4.1.30.Final.jar:/home/user/.m2/repository/io/grpc/grpc-protobuf/1.17.1/grpc-protobuf-1.17.1.jar:/home/user/.m2/repository/com/google/api/grpc/proto-google-common-protos/1.0.0/proto-google-common-protos-1.0.0.jar:/home/user/.m2/repository/io/grpc/grpc-protobuf-lite/1.17.1/grpc-protobuf-lite-1.17.1.jar:/home/user/.m2/repository/io/grpc/grpc-stub/1.17.1/grpc-stub-1.17.1.jar:/home/user/.m2/repository/org/apache/hadoop/hadoop-ozone-recon/0.5.0-SNAPSHOT/hadoop-ozone-recon-0.5.0-SNAPSHOT.jar:/home/user/.m2/repository/org/apache/hadoop/hadoop-ozone-reconcodegen/0.5.0-SNAPSHOT/hadoop-ozone-reconcodegen-0.5.0-SNAPSHOT.jar:/home/user/.m2/repository/com/google/inject/extensions/guice-multibindings/4.0/guice-multibindings-4.0.jar:/home/user/.m2/repository/com/google/inject/guice/4.0/guice-4.0.jar:/home/user/.m2/repository/aopalliance/aopalliance/1.0/aopalliance-1.0.jar:/home/user/.m2/repository/com/google/inject/extensions/guice-servlet/4.0/guice-servlet-4.0.jar:/home/user/.m2/repository/org/glassfish/jersey/containers/jersey-container-servlet/2.27/jersey-container-servlet-2.27.jar:/home/user/.m2/repository/org/glassfish/hk2/guice-bridge/2.5.0/guice-bridge-2.5.0.jar:/home/user/.m2/repository/org/glassfish/jersey/core/jersey-server/2.27/jersey-server-2.27.jar:/home/user/.m2/repository/org/glassfish/jersey/core/jersey-client/2.27/jersey-client-2.27.jar:/home/user/.m2/repository/org/glassfish/jersey/media/jersey-media-jaxb/2.27/jersey-media-jaxb-2.27.jar:/home/user/.m2/repository/javax/validation/validation-api/1.1.0.Final/validation-api-1.1.0.Final.jar:/home/user/.m2/repository/org/glassfish/jersey/media/jersey-media-json-jackson/2.27/jersey-media-json-jackson-2.27.jar:/home/user/.m2/repository/org/glassfish/jersey/ext/jersey-entity-filtering/2.27/jersey-entity-filtering-2.27.jar:/home/user/.m2/repository/com/google/inject/extensions/guice-assistedinject/4.0/guice-assistedinject-4.0.jar:/home/user/.m2/repository/org/jooq/jooq/3.11.10/jooq-3.11.10.jar:/home/user/.m2/repository/org/jooq/jooq-meta/3.11.10/jooq-meta-3.11.10.jar:/home/user/.m2/repository/org/jooq/jooq-codegen/3.11.10/jooq-codegen-3.11.10.jar:/home/user/.m2/repository/com/jolbox/bonecp/0.8.0.RELEASE/bonecp-0.8.0.RELEASE.jar:/home/user/.m2/repository/org/xerial/sqlite-jdbc/3.25.2/sqlite-jdbc-3.25.2.jar:/home/user/.m2/repository/org/springframework/spring-jdbc/5.1.3.RELEASE/spring-jdbc-5.1.3.RELEASE.jar:/home/user/.m2/repository/org/springframework/spring-beans/5.1.3.RELEASE/spring-beans-5.1.3.RELEASE.jar:/home/user/.m2/repository/org/springframework/spring-core/5.1.3.RELEASE/spring-core-5.1.3.RELEASE.jar:/home/user/.m2/repository/org/springframework/spring-jcl/5.1.3.RELEASE/spring-jcl-5.1.3.RELEASE.jar:/home/user/.m2/repository/org/springframework/spring-tx/5.1.3.RELEASE/spring-tx-5.1.3.RELEASE.jar:/home/user/.m2/repository/org/apache/hadoop/hadoop-ozone-client/0.5.0-SNAPSHOT/hadoop-ozone-client-0.5.0-SNAPSHOT.jar:/home/user/.m2/repository/commons-lang/commons-lang/2.6/commons-lang-2.6.jar:/home/user/.m2/repository/org/apache/hadoop/hadoop-ozone-ozone-manager/0.5.0-SNAPSHOT/hadoop-ozone-ozone-manager-0.5.0-SNAPSHOT-tests.jar:/home/user/.m2/repository/junit/junit/4.11/junit-4.11.jar:/home/user/.m2/repository/org/hamcrest/hamcrest-core/1.3/hamcrest-core-1.3.jar:/home/user/.m2/repository/org/openjdk/jmh/jmh-core/1.19/jmh-core-1.19.jar:/home/user/.m2/repository/net/sf/jopt-simple/jopt-simple/4.6/jopt-simple-4.6.jar:/home/user/.m2/repository/org/apache/commons/commons-math3/3.1.1/commons-math3-3.1.1.jar:/home/user/.m2/repository/org/openjdk/jmh/jmh-generator-annprocess/1.19/jmh-generator-annprocess-1.19.jar:/home/user/.m2/repository/org/mockito/mockito-all/1.8.5/mockito-all-1.8.5.jar:/home/user/.m2/repository/org/apache/hadoop/hadoop-kms/3.2.0/hadoop-kms-3.2.0.jar:/home/user/.m2/repository/org/apache/hadoop/hadoop-auth/3.2.0/hadoop-auth-3.2.0.jar:/home/user/.m2/repository/com/nimbusds/nimbus-jose-jwt/4.41.1/nimbus-jose-jwt-4.41.1.jar:/home/user/.m2/repository/com/github/stephenc/jcip/jcip-annotations/1.0-1/jcip-annotations-1.0-1.jar:/home/user/.m2/repository/net/minidev/json-smart/2.3/json-smart-2.3.jar:/home/user/.m2/repository/net/minidev/accessors-smart/1.2/accessors-smart-1.2.jar:/home/user/.m2/repository/org/ow2/asm/asm/5.0.4/asm-5.0.4.jar:/home/user/.m2/repository/org/apache/curator/curator-framework/2.12.0/curator-framework-2.12.0.jar:/home/user/.m2/repository/com/sun/jersey/jersey-core/1.19/jersey-core-1.19.jar:/home/user/.m2/repository/javax/ws/rs/jsr311-api/1.1.1/jsr311-api-1.1.1.jar:/home/user/.m2/repository/com/sun/jersey/jersey-server/1.19/jersey-server-1.19.jar:/home/user/.m2/repository/javax/servlet/javax.servlet-api/3.1.0/javax.servlet-api-3.1.0.jar:/home/user/.m2/repository/org/eclipse/jetty/jetty-server/9.3.25.v20180904/jetty-server-9.3.25.v20180904.jar:/home/user/.m2/repository/org/eclipse/jetty/jetty-http/9.3.25.v20180904/jetty-http-9.3.25.v20180904.jar:/home/user/.m2/repository/org/eclipse/jetty/jetty-io/9.3.25.v20180904/jetty-io-9.3.25.v20180904.jar:/home/user/.m2/repository/org/eclipse/jetty/jetty-webapp/9.3.25.v20180904/jetty-webapp-9.3.25.v20180904.jar:/home/user/.m2/repository/org/eclipse/jetty/jetty-xml/9.3.25.v20180904/jetty-xml-9.3.25.v20180904.jar:/home/user/.m2/repository/log4j/log4j/1.2.17/log4j-1.2.17.jar:/home/user/.m2/repository/org/slf4j/slf4j-api/1.7.25/slf4j-api-1.7.25.jar:/home/user/.m2/repository/org/slf4j/jul-to-slf4j/1.7.25/jul-to-slf4j-1.7.25.jar:/home/user/.m2/repository/org/eclipse/jetty/jetty-util/9.3.25.v20180904/jetty-util-9.3.25.v20180904.jar:/home/user/.m2/repository/com/fasterxml/jackson/core/jackson-databind/2.9.9/jackson-databind-2.9.9.jar:/home/user/.m2/repository/org/apache/hadoop/hadoop-kms/3.2.0/hadoop-kms-3.2.0-tests.jar:/home/user/.m2/repository/org/apache/hadoop/hadoop-hdds-server-scm/0.5.0-SNAPSHOT/hadoop-hdds-server-scm-0.5.0-SNAPSHOT-tests.jar:/home/user/.m2/repository/org/apache/hadoop/hadoop-hdds-container-service/0.5.0-SNAPSHOT/hadoop-hdds-container-service-0.5.0-SNAPSHOT-tests.jar:/home/user/.m2/repository/org/yaml/snakeyaml/1.16/snakeyaml-1.16.jar:/home/user/.m2/repository/org/apache/hadoop/hadoop-common/3.2.0/hadoop-common-3.2.0-tests.jar:/home/user/.m2/repository/org/apache/hadoop/hadoop-annotations/3.2.0/hadoop-annotations-3.2.0.jar:/usr/lib/jvm/java-1.8-openjdk/jre/../lib/tools.jar:/home/user/.m2/repository/commons-cli/commons-cli/1.2/commons-cli-1.2.jar:/home/user/.m2/repository/org/apache/httpcomponents/httpclient/4.5.2/httpclient-4.5.2.jar:/home/user/.m2/repository/org/apache/httpcomponents/httpcore/4.4.4/httpcore-4.4.4.jar:/home/user/.m2/repository/commons-codec/commons-codec/1.11/commons-codec-1.11.jar:/home/user/.m2/repository/commons-net/commons-net/3.6/commons-net-3.6.jar:/home/user/.m2/repository/commons-collections/commons-collections/3.2.2/commons-collections-3.2.2.jar:/home/user/.m2/repository/org/eclipse/jetty/jetty-servlet/9.3.25.v20180904/jetty-servlet-9.3.25.v20180904.jar:/home/user/.m2/repository/org/eclipse/jetty/jetty-security/9.3.25.v20180904/jetty-security-9.3.25.v20180904.jar:/home/user/.m2/repository/javax/servlet/jsp/jsp-api/2.1/jsp-api-2.1.jar:/home/user/.m2/repository/com/sun/jersey/jersey-servlet/1.19/jersey-servlet-1.19.jar:/home/user/.m2/repository/com/sun/jersey/jersey-json/1.19/jersey-json-1.19.jar:/home/user/.m2/repository/org/codehaus/jettison/jettison/1.1/jettison-1.1.jar:/home/user/.m2/repository/org/codehaus/jackson/jackson-core-asl/1.9.13/jackson-core-asl-1.9.13.jar:/home/user/.m2/repository/org/codehaus/jackson/jackson-mapper-asl/1.9.13/jackson-mapper-asl-1.9.13.jar:/home/user/.m2/repository/org/codehaus/jackson/jackson-jaxrs/1.9.13/jackson-jaxrs-1.9.13.jar:/home/user/.m2/repository/org/codehaus/jackson/jackson-xc/1.9.13/jackson-xc-1.9.13.jar:/home/user/.m2/repository/commons-logging/commons-logging/1.1.3/commons-logging-1.1.3.jar:/home/user/.m2/repository/commons-beanutils/commons-beanutils/1.9.4/commons-beanutils-1.9.4.jar:/home/user/.m2/repository/org/apache/commons/commons-configuration2/2.1.1/commons-configuration2-2.1.1.jar:/home/user/.m2/repository/org/apache/commons/commons-lang3/3.7/commons-lang3-3.7.jar:/home/user/.m2/repository/org/apache/commons/commons-text/1.4/commons-text-1.4.jar:/home/user/.m2/repository/org/apache/avro/avro/1.7.7/avro-1.7.7.jar:/home/user/.m2/repository/com/thoughtworks/paranamer/paranamer/2.3/paranamer-2.3.jar:/home/user/.m2/repository/org/xerial/snappy/snappy-java/1.0.5/snappy-java-1.0.5.jar:/home/user/.m2/repository/com/google/re2j/re2j/1.1/re2j-1.1.jar:/home/user/.m2/repository/com/google/code/gson/gson/2.2.4/gson-2.2.4.jar:/home/user/.m2/repository/com/jcraft/jsch/0.1.54/jsch-0.1.54.jar:/home/user/.m2/repository/org/apache/curator/curator-client/2.12.0/curator-client-2.12.0.jar:/home/user/.m2/repository/org/apache/curator/curator-recipes/2.12.0/curator-recipes-2.12.0.jar:/home/user/.m2/repository/com/google/code/findbugs/jsr305/3.0.0/jsr305-3.0.0.jar:/home/user/.m2/repository/org/apache/htrace/htrace-core4/4.1.0-incubating/htrace-core4-4.1.0-incubating.jar:/home/user/.m2/repository/org/apache/zookeeper/zookeeper/3.4.13/zookeeper-3.4.13.jar:/home/user/.m2/repository/jline/jline/0.9.94/jline-0.9.94.jar:/home/user/.m2/repository/org/apache/yetus/audience-annotations/0.5.0/audience-annotations-0.5.0.jar:/home/user/.m2/repository/org/codehaus/woodstox/stax2-api/3.1.4/stax2-api-3.1.4.jar:/home/user/.m2/repository/com/fasterxml/woodstox/woodstox-core/5.0.3/woodstox-core-5.0.3.jar:/home/user/.m2/repository/dnsjava/dnsjava/2.1.7/dnsjava-2.1.7.jar:/home/user/.m2/repository/org/apache/hadoop/hadoop-hdfs/3.2.0/hadoop-hdfs-3.2.0-tests.jar:/home/user/.m2/repository/org/eclipse/jetty/jetty-util-ajax/9.3.25.v20180904/jetty-util-ajax-9.3.25.v20180904.jar:/home/user/.m2/repository/commons-daemon/commons-daemon/1.0.13/commons-daemon-1.0.13.jar:/home/user/.m2/repository/io/netty/netty/3.10.5.Final/netty-3.10.5.Final.jar:/home/user/.m2/repository/io/netty/netty-all/4.0.52.Final/netty-all-4.0.52.Final.jar:/home/user/.m2/repository/org/fusesource/leveldbjni/leveldbjni-all/1.8/leveldbjni-all-1.8.jar:"/>
    <property name="sun.cpu.endian" value="little"/>
    <property name="user.home" value="/home/user"/>
    <property name="user.language" value="en"/>
    <property name="java.specification.vendor" value="Oracle Corporation"/>
    <property name="java.home" value="/usr/lib/jvm/java-1.8-openjdk/jre"/>
    <property name="java.security.krb5.conf" value="/workdir/hadoop-ozone/integration-test/target/test-classes/krb5.conf"/>
    <property name="basedir" value="/workdir/hadoop-ozone/integration-test"/>
    <property name="file.separator" value="/"/>
    <property name="line.separator" value="&#10;"/>
    <property name="java.vm.specification.vendor" value="Oracle Corporation"/>
    <property name="java.specification.name" value="Java Platform API Specification"/>
    <property name="java.awt.graphicsenv" value="sun.awt.X11GraphicsEnvironment"/>
    <property name="surefire.real.class.path" value="/workdir/hadoop-ozone/integration-test/target/surefire/surefirebooter687716381739523818.jar"/>
    <property name="hadoop.log.dir" value="/workdir/hadoop-ozone/integration-test/target/log"/>
    <property name="sun.boot.class.path" value="/usr/lib/jvm/java-1.8-openjdk/jre/lib/resources.jar:/usr/lib/jvm/java-1.8-openjdk/jre/lib/rt.jar:/usr/lib/jvm/java-1.8-openjdk/jre/lib/sunrsasign.jar:/usr/lib/jvm/java-1.8-openjdk/jre/lib/jsse.jar:/usr/lib/jvm/java-1.8-openjdk/jre/lib/jce.jar:/usr/lib/jvm/java-1.8-openjdk/jre/lib/charsets.jar:/usr/lib/jvm/java-1.8-openjdk/jre/lib/jfr.jar:/usr/lib/jvm/java-1.8-openjdk/jre/classes"/>
    <property name="sun.management.compiler" value="HotSpot 64-Bit Tiered Compilers"/>
    <property name="java.runtime.version" value="1.8.0_212-b04"/>
    <property name="java.net.preferIPv4Stack" value="true"/>
    <property name="user.name" value="jenkins1000"/>
    <property name="path.separator" value=":"/>
    <property name="java.security.egd" value="file:///dev/urandom"/>
    <property name="os.version" value="3.10.0-957.12.2.el7.x86_64"/>
    <property name="java.endorsed.dirs" value="/usr/lib/jvm/java-1.8-openjdk/jre/lib/endorsed"/>
    <property name="java.runtime.name" value="OpenJDK Runtime Environment"/>
    <property name="file.encoding" value="UTF-8"/>
    <property name="java.vm.name" value="OpenJDK 64-Bit Server VM"/>
    <property name="test.build.webapps" value=""/>
    <property name="localRepository" value="/home/user/.m2/repository"/>
    <property name="java.vendor.url.bug" value="https://icedtea.classpath.org/bugzilla"/>
    <property name="java.io.tmpdir" value="/tmp"/>
    <property name="require.test.libhadoop" value=""/>
    <property name="java.version" value="1.8.0_212"/>
    <property name="user.dir" value="/workdir/hadoop-ozone/integration-test"/>
    <property name="os.arch" value="amd64"/>
    <property name="java.vm.specification.name" value="Java Virtual Machine Specification"/>
    <property name="test.build.classes" value="/workdir/hadoop-ozone/integration-test/target/test-classes"/>
    <property name="java.awt.printerjob" value="sun.print.PSPrinterJob"/>
    <property name="sun.os.patch.level" value="unknown"/>
    <property name="hadoop.tmp.dir" value="/workdir/hadoop-ozone/integration-test/target/tmp"/>
    <property name="java.library.path" value="/usr/lib/jvm/java-1.8-openjdk/jre/lib/amd64/server:/usr/lib/jvm/java-1.8-openjdk/jre/lib/amd64:/usr/lib/jvm/java-1.8-openjdk/jre/../lib/amd64:/workdir/hadoop-ozone/integration-test/target/native/target/usr/local/lib:/workdir/hadoop-ozone/integration-test/../../hadoop-common-project/hadoop-common/target/native/target/usr/local/lib:/usr/java/packages/lib/amd64:/usr/lib64:/lib64:/lib:/usr/lib"/>
    <property name="java.vm.info" value="mixed mode"/>
    <property name="java.vendor" value="IcedTea"/>
    <property name="java.vm.version" value="25.212-b04"/>
    <property name="java.ext.dirs" value="/usr/lib/jvm/java-1.8-openjdk/jre/lib/ext:/usr/java/packages/lib/ext"/>
    <property name="sun.io.unicode.encoding" value="UnicodeLittle"/>
    <property name="java.class.version" value="52.0"/>
  </properties>
  <testcase name="test2DatanodesFailure" classname="org.apache.hadoop.ozone.client.rpc.TestBlockOutputStreamWithFailures" time="43.903"/>
  <testcase name="testDatanodeFailureWithPreAllocation" classname="org.apache.hadoop.ozone.client.rpc.TestBlockOutputStreamWithFailures" time="224.357"/>
  <testcase name="testDatanodeFailureWithSingleNodeRatis" classname="org.apache.hadoop.ozone.client.rpc.TestBlockOutputStreamWithFailures" time="222.441"/>
  <testcase name="testWatchForCommitWithSingleNodeRatis" classname="org.apache.hadoop.ozone.client.rpc.TestBlockOutputStreamWithFailures" time="35.96"/>
  <testcase name="testWatchForCommitDatanodeFailure" classname="org.apache.hadoop.ozone.client.rpc.TestBlockOutputStreamWithFailures" time="51.592">
    <failure message="expected:&lt;2&gt; but was:&lt;3&gt;" type="java.lang.AssertionError"><![CDATA[java.lang.AssertionError: expected:<2> but was:<3>
	at org.junit.Assert.fail(Assert.java:88)
	at org.junit.Assert.failNotEquals(Assert.java:743)
	at org.junit.Assert.assertEquals(Assert.java:118)
	at org.junit.Assert.assertEquals(Assert.java:555)
	at org.junit.Assert.assertEquals(Assert.java:542)
	at org.apache.hadoop.ozone.client.rpc.TestBlockOutputStreamWithFailures.testWatchForCommitDatanodeFailure(TestBlockOutputStreamWithFailures.java:366)
	at sun.reflect.NativeMethodAccessorImpl.invoke0(Native Method)
	at sun.reflect.NativeMethodAccessorImpl.invoke(NativeMethodAccessorImpl.java:62)
	at sun.reflect.DelegatingMethodAccessorImpl.invoke(DelegatingMethodAccessorImpl.java:43)
	at java.lang.reflect.Method.invoke(Method.java:498)
	at org.junit.runners.model.FrameworkMethod$1.runReflectiveCall(FrameworkMethod.java:47)
	at org.junit.internal.runners.model.ReflectiveCallable.run(ReflectiveCallable.java:12)
	at org.junit.runners.model.FrameworkMethod.invokeExplosively(FrameworkMethod.java:44)
	at org.junit.internal.runners.statements.InvokeMethod.evaluate(InvokeMethod.java:17)
	at org.junit.internal.runners.statements.RunBefores.evaluate(RunBefores.java:26)
	at org.junit.internal.runners.statements.RunAfters.evaluate(RunAfters.java:27)
	at org.junit.runners.ParentRunner.runLeaf(ParentRunner.java:271)
	at org.junit.runners.BlockJUnit4ClassRunner.runChild(BlockJUnit4ClassRunner.java:70)
	at org.junit.runners.BlockJUnit4ClassRunner.runChild(BlockJUnit4ClassRunner.java:50)
	at org.junit.runners.ParentRunner$3.run(ParentRunner.java:238)
	at org.junit.runners.ParentRunner$1.schedule(ParentRunner.java:63)
	at org.junit.runners.ParentRunner.runChildren(ParentRunner.java:236)
	at org.junit.runners.ParentRunner.access$000(ParentRunner.java:53)
	at org.junit.runners.ParentRunner$2.evaluate(ParentRunner.java:229)
	at org.junit.runners.ParentRunner.run(ParentRunner.java:309)
	at org.apache.maven.surefire.junit4.JUnit4Provider.execute(JUnit4Provider.java:365)
	at org.apache.maven.surefire.junit4.JUnit4Provider.executeWithRerun(JUnit4Provider.java:273)
	at org.apache.maven.surefire.junit4.JUnit4Provider.executeTestSet(JUnit4Provider.java:238)
	at org.apache.maven.surefire.junit4.JUnit4Provider.invoke(JUnit4Provider.java:159)
	at org.apache.maven.surefire.booter.ForkedBooter.invokeProviderInSameClassLoader(ForkedBooter.java:384)
	at org.apache.maven.surefire.booter.ForkedBooter.runSuitesInProcess(ForkedBooter.java:345)
	at org.apache.maven.surefire.booter.ForkedBooter.execute(ForkedBooter.java:126)
	at org.apache.maven.surefire.booter.ForkedBooter.main(ForkedBooter.java:418)
]]></failure>
    <system-out><![CDATA[2019-10-02 00:13:11,450 [main] WARN  server.ServerUtils (ServerUtils.java:getScmDbDir(145)) - ozone.scm.db.dirs is not configured. We recommend adding this setting. Falling back to ozone.metadata.dirs instead.
2019-10-02 00:13:11,475 [main] WARN  server.ServerUtils (ServerUtils.java:getScmDbDir(145)) - ozone.scm.db.dirs is not configured. We recommend adding this setting. Falling back to ozone.metadata.dirs instead.
2019-10-02 00:13:11,475 [main] WARN  server.ServerUtils (ServerUtils.java:getScmDbDir(145)) - ozone.scm.db.dirs is not configured. We recommend adding this setting. Falling back to ozone.metadata.dirs instead.
2019-10-02 00:13:11,476 [main] INFO  db.DBStoreBuilder (DBStoreBuilder.java:addTable(110)) - using custom profile for table: deletedBlocks
2019-10-02 00:13:11,476 [main] INFO  db.DBStoreBuilder (DBStoreBuilder.java:processTables(161)) - Using default column profile:DBProfile.DISK for Table:deletedBlocks
2019-10-02 00:13:11,476 [main] INFO  db.DBStoreBuilder (DBStoreBuilder.java:addTable(110)) - using custom profile for table: validCerts
2019-10-02 00:13:11,476 [main] INFO  db.DBStoreBuilder (DBStoreBuilder.java:processTables(161)) - Using default column profile:DBProfile.DISK for Table:validCerts
2019-10-02 00:13:11,477 [main] INFO  db.DBStoreBuilder (DBStoreBuilder.java:addTable(110)) - using custom profile for table: revokedCerts
2019-10-02 00:13:11,477 [main] INFO  db.DBStoreBuilder (DBStoreBuilder.java:processTables(161)) - Using default column profile:DBProfile.DISK for Table:revokedCerts
2019-10-02 00:13:11,477 [main] INFO  db.DBStoreBuilder (DBStoreBuilder.java:addTable(110)) - using custom profile for table: default
2019-10-02 00:13:11,477 [main] INFO  db.DBStoreBuilder (DBStoreBuilder.java:processTables(167)) - Using default column profile:DBProfile.DISK for Table:default
2019-10-02 00:13:11,478 [main] INFO  db.DBStoreBuilder (DBStoreBuilder.java:getDbProfile(198)) - Using default options. DBProfile.DISK
2019-10-02 00:13:11,822 [main] INFO  net.NodeSchemaLoader (NodeSchemaLoader.java:loadSchemaFromFile(125)) - Loading file from sun.misc.CompoundEnumeration@28be7fec
2019-10-02 00:13:11,822 [main] INFO  net.NodeSchemaLoader (NodeSchemaLoader.java:loadSchema(171)) - Loading network topology layer schema file
2019-10-02 00:13:11,827 [main] INFO  node.SCMNodeManager (SCMNodeManager.java:<init>(114)) - Entering startup safe mode.
2019-10-02 00:13:11,828 [main] INFO  algorithms.ContainerPlacementPolicyFactory (ContainerPlacementPolicyFactory.java:getPolicy(57)) - Create container placement policy of type org.apache.hadoop.hdds.scm.container.placement.algorithms.SCMContainerPlacementRandom
2019-10-02 00:13:11,828 [main] WARN  server.ServerUtils (ServerUtils.java:getScmDbDir(145)) - ozone.scm.db.dirs is not configured. We recommend adding this setting. Falling back to ozone.metadata.dirs instead.
2019-10-02 00:13:11,963 [main] INFO  pipeline.SCMPipelineManager (SCMPipelineManager.java:initializePipelineState(132)) - No pipeline exists in current db
2019-10-02 00:13:11,963 [main] WARN  server.ServerUtils (ServerUtils.java:getScmDbDir(145)) - ozone.scm.db.dirs is not configured. We recommend adding this setting. Falling back to ozone.metadata.dirs instead.
2019-10-02 00:13:12,100 [main] WARN  events.EventQueue (EventQueue.java:fireEvent(183)) - No event handler registered for event TypedEvent{payloadType=SafeModeStatus, name='SafeModeStatus'}
2019-10-02 00:13:12,101 [main] INFO  ipc.CallQueueManager (CallQueueManager.java:<init>(84)) - Using callQueue: class java.util.concurrent.LinkedBlockingQueue, queueCapacity: 2000, scheduler: class org.apache.hadoop.ipc.DefaultRpcScheduler, ipcBackoff: false.
2019-10-02 00:13:12,102 [Socket Reader #1 for port 46760] INFO  ipc.Server (Server.java:run(1074)) - Starting Socket Reader #1 for port 46760
2019-10-02 00:13:12,104 [main] INFO  ipc.CallQueueManager (CallQueueManager.java:<init>(84)) - Using callQueue: class java.util.concurrent.LinkedBlockingQueue, queueCapacity: 2000, scheduler: class org.apache.hadoop.ipc.DefaultRpcScheduler, ipcBackoff: false.
2019-10-02 00:13:12,105 [Socket Reader #1 for port 35823] INFO  ipc.Server (Server.java:run(1074)) - Starting Socket Reader #1 for port 35823
2019-10-02 00:13:12,107 [main] INFO  ipc.CallQueueManager (CallQueueManager.java:<init>(84)) - Using callQueue: class java.util.concurrent.LinkedBlockingQueue, queueCapacity: 2000, scheduler: class org.apache.hadoop.ipc.DefaultRpcScheduler, ipcBackoff: false.
2019-10-02 00:13:12,108 [Socket Reader #1 for port 39671] INFO  ipc.Server (Server.java:run(1074)) - Starting Socket Reader #1 for port 39671
2019-10-02 00:13:12,111 [main] INFO  hdfs.DFSUtil (DFSUtil.java:httpServerTemplateForNNAndJN(1641)) - Starting Web-server for scm at: http://0.0.0.0:0
2019-10-02 00:13:12,114 [main] INFO  server.AuthenticationFilter (AuthenticationFilter.java:constructSecretProvider(240)) - Unable to initialize FileSignerSecretProvider, falling back to use random secrets.
2019-10-02 00:13:12,115 [main] WARN  http.HttpRequestLog (HttpRequestLog.java:getRequestLog(97)) - Jetty request log can only be enabled using Log4j
2019-10-02 00:13:12,117 [main] INFO  http.HttpServer2 (HttpServer2.java:addGlobalFilter(975)) - Added global filter 'safety' (class=org.apache.hadoop.http.HttpServer2$QuotingInputFilter)
2019-10-02 00:13:12,118 [main] INFO  http.HttpServer2 (HttpServer2.java:addFilter(948)) - Added filter static_user_filter (class=org.apache.hadoop.http.lib.StaticUserWebFilter$StaticUserFilter) to context scm
2019-10-02 00:13:12,118 [main] INFO  http.HttpServer2 (HttpServer2.java:addFilter(958)) - Added filter static_user_filter (class=org.apache.hadoop.http.lib.StaticUserWebFilter$StaticUserFilter) to context logs
2019-10-02 00:13:12,118 [main] INFO  http.HttpServer2 (HttpServer2.java:addFilter(958)) - Added filter static_user_filter (class=org.apache.hadoop.http.lib.StaticUserWebFilter$StaticUserFilter) to context static
2019-10-02 00:13:12,120 [main] INFO  server.StorageContainerManager (StorageContainerManager.java:start(770)) - StorageContainerLocationProtocol RPC server is listening at /0.0.0.0:39671
2019-10-02 00:13:12,123 [main] WARN  impl.MetricsConfig (MetricsConfig.java:loadFirst(134)) - Cannot locate configuration: tried hadoop-metrics2-storagecontainermanager.properties,hadoop-metrics2.properties
2019-10-02 00:13:12,124 [main] INFO  impl.MetricsSystemImpl (MetricsSystemImpl.java:startTimer(374)) - Scheduled Metric snapshot period at 10 second(s).
2019-10-02 00:13:12,124 [main] INFO  impl.MetricsSystemImpl (MetricsSystemImpl.java:start(191)) - StorageContainerManager metrics system started
2019-10-02 00:13:12,237 [main] WARN  impl.MetricsSystemImpl (MetricsSystemImpl.java:register(276)) - Sink prometheus already exists!
2019-10-02 00:13:12,301 [main] INFO  server.SCMClientProtocolServer (SCMClientProtocolServer.java:start(150)) - RPC server for Client  is listening at /0.0.0.0:39671
2019-10-02 00:13:12,301 [IPC Server Responder] INFO  ipc.Server (Server.java:run(1314)) - IPC Server Responder: starting
2019-10-02 00:13:12,301 [IPC Server listener on 39671] INFO  ipc.Server (Server.java:run(1153)) - IPC Server listener on 39671: starting
2019-10-02 00:13:12,305 [main] INFO  server.StorageContainerManager (StorageContainerManager.java:start(780)) - ScmBlockLocationProtocol RPC server is listening at /0.0.0.0:35823
2019-10-02 00:13:12,305 [main] INFO  server.SCMBlockProtocolServer (SCMBlockProtocolServer.java:start(146)) - RPC server for Block Protocol is listening at /0.0.0.0:35823
2019-10-02 00:13:12,306 [IPC Server Responder] INFO  ipc.Server (Server.java:run(1314)) - IPC Server Responder: starting
2019-10-02 00:13:12,307 [IPC Server listener on 35823] INFO  ipc.Server (Server.java:run(1153)) - IPC Server listener on 35823: starting
2019-10-02 00:13:12,310 [main] INFO  server.StorageContainerManager (StorageContainerManager.java:start(784)) - ScmDatanodeProtocl RPC server is listening at /0.0.0.0:46760
2019-10-02 00:13:12,310 [main] INFO  server.SCMDatanodeProtocolServer (SCMDatanodeProtocolServer.java:start(191)) - RPC server for DataNodes is listening at /0.0.0.0:46760
2019-10-02 00:13:12,310 [IPC Server Responder] INFO  ipc.Server (Server.java:run(1314)) - IPC Server Responder: starting
2019-10-02 00:13:12,311 [IPC Server listener on 46760] INFO  ipc.Server (Server.java:run(1153)) - IPC Server listener on 46760: starting
2019-10-02 00:13:12,314 [main] INFO  http.HttpServer2 (HttpServer2.java:bindListener(1191)) - Jetty bound to port 44282
2019-10-02 00:13:12,315 [main] INFO  server.Server (Server.java:doStart(351)) - jetty-9.3.25.v20180904, build timestamp: 2018-09-04T21:11:46Z, git hash: 3ce520221d0240229c862b122d2b06c12a625732
2019-10-02 00:13:12,317 [main] INFO  handler.ContextHandler (ContextHandler.java:doStart(781)) - Started o.e.j.s.ServletContextHandler@578a5ce8{/logs,file:///workdir/hadoop-ozone/integration-test/target/log,AVAILABLE}
2019-10-02 00:13:12,317 [main] INFO  handler.ContextHandler (ContextHandler.java:doStart(781)) - Started o.e.j.s.ServletContextHandler@16cb9989{/static,file:///workdir/hadoop-ozone/integration-test/target/test-classes/webapps/static,AVAILABLE}
2019-10-02 00:13:12,322 [main] INFO  handler.ContextHandler (ContextHandler.java:doStart(781)) - Started o.e.j.w.WebAppContext@3002e397{/,file:///workdir/hadoop-ozone/integration-test/target/test-classes/webapps/scm/,AVAILABLE}{/scm}
2019-10-02 00:13:12,323 [main] INFO  server.AbstractConnector (AbstractConnector.java:doStart(278)) - Started ServerConnector@7da1e005{HTTP/1.1,[http/1.1]}{0.0.0.0:44282}
2019-10-02 00:13:12,323 [main] INFO  server.Server (Server.java:doStart(419)) - Started @528107ms
2019-10-02 00:13:12,323 [main] WARN  impl.MetricsSystemImpl (MetricsSystemImpl.java:register(276)) - Sink prometheus already exists!
2019-10-02 00:13:12,325 [main] INFO  server.BaseHttpServer (BaseHttpServer.java:updateConnectorAddress(215)) - HTTP server of SCM is listening at http://0.0.0.0:44282
2019-10-02 00:13:12,326 [main] WARN  server.ServerUtils (ServerUtils.java:getDBPath(222)) - ozone.om.db.dirs is not configured. We recommend adding this setting. Falling back to ozone.metadata.dirs instead.
2019-10-02 00:13:12,327 [org.apache.hadoop.util.JvmPauseMonitor$Monitor@55877274] INFO  util.JvmPauseMonitor (JvmPauseMonitor.java:run(188)) - Starting JVM pause monitor
2019-10-02 00:13:12,364 [main] WARN  server.ServerUtils (ServerUtils.java:getDBPath(222)) - ozone.om.db.dirs is not configured. We recommend adding this setting. Falling back to ozone.metadata.dirs instead.
2019-10-02 00:13:12,364 [main] WARN  server.ServerUtils (ServerUtils.java:getDBPath(222)) - ozone.om.db.dirs is not configured. We recommend adding this setting. Falling back to ozone.metadata.dirs instead.
2019-10-02 00:13:12,364 [main] INFO  om.OzoneManager (OzoneManager.java:setOMNodeDetails(652)) - OM Service ID is not set. Setting it to the default ID: omServiceIdDefault
2019-10-02 00:13:12,365 [main] INFO  om.OzoneManager (OzoneManager.java:setOMNodeDetails(658)) - OM Node ID is not set. Setting it to the OmStorage's OmID: 1ae3647d-a045-4151-a60e-4ce131a2713f
2019-10-02 00:13:12,365 [main] INFO  om.OzoneManager (OzoneManager.java:loadOMHAConfigs(609)) - Found matching OM address with OMServiceId: null, OMNodeId: null, RPC Address: localhost:0 and Ratis port: 9872
2019-10-02 00:13:12,371 [main] WARN  server.ServerUtils (ServerUtils.java:getDBPath(222)) - ozone.om.db.dirs is not configured. We recommend adding this setting. Falling back to ozone.metadata.dirs instead.
2019-10-02 00:13:12,372 [main] INFO  db.DBStoreBuilder (DBStoreBuilder.java:addTable(110)) - using custom profile for table: userTable
2019-10-02 00:13:12,372 [main] INFO  db.DBStoreBuilder (DBStoreBuilder.java:processTables(161)) - Using default column profile:DBProfile.DISK for Table:userTable
2019-10-02 00:13:12,372 [main] INFO  db.DBStoreBuilder (DBStoreBuilder.java:addTable(110)) - using custom profile for table: volumeTable
2019-10-02 00:13:12,372 [main] INFO  db.DBStoreBuilder (DBStoreBuilder.java:processTables(161)) - Using default column profile:DBProfile.DISK for Table:volumeTable
2019-10-02 00:13:12,373 [main] INFO  db.DBStoreBuilder (DBStoreBuilder.java:addTable(110)) - using custom profile for table: bucketTable
2019-10-02 00:13:12,373 [main] INFO  db.DBStoreBuilder (DBStoreBuilder.java:processTables(161)) - Using default column profile:DBProfile.DISK for Table:bucketTable
2019-10-02 00:13:12,373 [main] INFO  db.DBStoreBuilder (DBStoreBuilder.java:addTable(110)) - using custom profile for table: keyTable
2019-10-02 00:13:12,373 [main] INFO  db.DBStoreBuilder (DBStoreBuilder.java:processTables(161)) - Using default column profile:DBProfile.DISK for Table:keyTable
2019-10-02 00:13:12,373 [main] INFO  db.DBStoreBuilder (DBStoreBuilder.java:addTable(110)) - using custom profile for table: deletedTable
2019-10-02 00:13:12,373 [main] INFO  db.DBStoreBuilder (DBStoreBuilder.java:processTables(161)) - Using default column profile:DBProfile.DISK for Table:deletedTable
2019-10-02 00:13:12,374 [main] INFO  db.DBStoreBuilder (DBStoreBuilder.java:addTable(110)) - using custom profile for table: openKeyTable
2019-10-02 00:13:12,374 [main] INFO  db.DBStoreBuilder (DBStoreBuilder.java:processTables(161)) - Using default column profile:DBProfile.DISK for Table:openKeyTable
2019-10-02 00:13:12,374 [main] INFO  db.DBStoreBuilder (DBStoreBuilder.java:addTable(110)) - using custom profile for table: s3Table
2019-10-02 00:13:12,374 [main] INFO  db.DBStoreBuilder (DBStoreBuilder.java:processTables(161)) - Using default column profile:DBProfile.DISK for Table:s3Table
2019-10-02 00:13:12,374 [main] INFO  db.DBStoreBuilder (DBStoreBuilder.java:addTable(110)) - using custom profile for table: multipartInfoTable
2019-10-02 00:13:12,374 [main] INFO  db.DBStoreBuilder (DBStoreBuilder.java:processTables(161)) - Using default column profile:DBProfile.DISK for Table:multipartInfoTable
2019-10-02 00:13:12,374 [main] INFO  db.DBStoreBuilder (DBStoreBuilder.java:addTable(110)) - using custom profile for table: dTokenTable
2019-10-02 00:13:12,375 [main] INFO  db.DBStoreBuilder (DBStoreBuilder.java:processTables(161)) - Using default column profile:DBProfile.DISK for Table:dTokenTable
2019-10-02 00:13:12,375 [main] INFO  db.DBStoreBuilder (DBStoreBuilder.java:addTable(110)) - using custom profile for table: s3SecretTable
2019-10-02 00:13:12,375 [main] INFO  db.DBStoreBuilder (DBStoreBuilder.java:processTables(161)) - Using default column profile:DBProfile.DISK for Table:s3SecretTable
2019-10-02 00:13:12,375 [main] INFO  db.DBStoreBuilder (DBStoreBuilder.java:addTable(110)) - using custom profile for table: prefixTable
2019-10-02 00:13:12,375 [main] INFO  db.DBStoreBuilder (DBStoreBuilder.java:processTables(161)) - Using default column profile:DBProfile.DISK for Table:prefixTable
2019-10-02 00:13:12,376 [main] INFO  db.DBStoreBuilder (DBStoreBuilder.java:addTable(110)) - using custom profile for table: default
2019-10-02 00:13:12,376 [main] INFO  db.DBStoreBuilder (DBStoreBuilder.java:processTables(167)) - Using default column profile:DBProfile.DISK for Table:default
2019-10-02 00:13:12,376 [main] INFO  db.DBStoreBuilder (DBStoreBuilder.java:getDbProfile(198)) - Using default options. DBProfile.DISK
2019-10-02 00:13:13,174 [main] INFO  ipc.CallQueueManager (CallQueueManager.java:<init>(84)) - Using callQueue: class java.util.concurrent.LinkedBlockingQueue, queueCapacity: 2000, scheduler: class org.apache.hadoop.ipc.DefaultRpcScheduler, ipcBackoff: false.
2019-10-02 00:13:13,175 [Socket Reader #1 for port 33602] INFO  ipc.Server (Server.java:run(1074)) - Starting Socket Reader #1 for port 33602
2019-10-02 00:13:13,189 [main] INFO  om.OzoneManager (OzoneManager.java:start(1243)) - OzoneManager RPC server is listening at localhost/127.0.0.1:33602
2019-10-02 00:13:13,189 [main] INFO  impl.MetricsSystemImpl (MetricsSystemImpl.java:init(158)) - OzoneManager metrics system started (again)
2019-10-02 00:13:13,190 [IPC Server Responder] INFO  ipc.Server (Server.java:run(1314)) - IPC Server Responder: starting
2019-10-02 00:13:13,190 [IPC Server listener on 33602] INFO  ipc.Server (Server.java:run(1153)) - IPC Server listener on 33602: starting
2019-10-02 00:13:13,197 [main] INFO  hdfs.DFSUtil (DFSUtil.java:httpServerTemplateForNNAndJN(1641)) - Starting Web-server for ozoneManager at: http://0.0.0.0:0
2019-10-02 00:13:13,198 [main] INFO  server.AuthenticationFilter (AuthenticationFilter.java:constructSecretProvider(240)) - Unable to initialize FileSignerSecretProvider, falling back to use random secrets.
2019-10-02 00:13:13,198 [main] WARN  http.HttpRequestLog (HttpRequestLog.java:getRequestLog(97)) - Jetty request log can only be enabled using Log4j
2019-10-02 00:13:13,200 [main] INFO  http.HttpServer2 (HttpServer2.java:addGlobalFilter(975)) - Added global filter 'safety' (class=org.apache.hadoop.http.HttpServer2$QuotingInputFilter)
2019-10-02 00:13:13,200 [main] INFO  http.HttpServer2 (HttpServer2.java:addFilter(948)) - Added filter static_user_filter (class=org.apache.hadoop.http.lib.StaticUserWebFilter$StaticUserFilter) to context ozoneManager
2019-10-02 00:13:13,201 [main] INFO  http.HttpServer2 (HttpServer2.java:addFilter(958)) - Added filter static_user_filter (class=org.apache.hadoop.http.lib.StaticUserWebFilter$StaticUserFilter) to context static
2019-10-02 00:13:13,201 [main] INFO  http.HttpServer2 (HttpServer2.java:addFilter(958)) - Added filter static_user_filter (class=org.apache.hadoop.http.lib.StaticUserWebFilter$StaticUserFilter) to context logs
2019-10-02 00:13:13,202 [main] INFO  http.HttpServer2 (HttpServer2.java:bindListener(1191)) - Jetty bound to port 40441
2019-10-02 00:13:13,202 [main] INFO  server.Server (Server.java:doStart(351)) - jetty-9.3.25.v20180904, build timestamp: 2018-09-04T21:11:46Z, git hash: 3ce520221d0240229c862b122d2b06c12a625732
2019-10-02 00:13:13,204 [main] INFO  handler.ContextHandler (ContextHandler.java:doStart(781)) - Started o.e.j.s.ServletContextHandler@3487442d{/logs,file:///workdir/hadoop-ozone/integration-test/target/log,AVAILABLE}
2019-10-02 00:13:13,204 [main] INFO  handler.ContextHandler (ContextHandler.java:doStart(781)) - Started o.e.j.s.ServletContextHandler@3a3f96ab{/static,file:///workdir/hadoop-ozone/integration-test/target/test-classes/webapps/static,AVAILABLE}
2019-10-02 00:13:13,209 [main] INFO  handler.ContextHandler (ContextHandler.java:doStart(781)) - Started o.e.j.w.WebAppContext@5b48f0f4{/,file:///workdir/hadoop-ozone/integration-test/target/test-classes/webapps/ozoneManager/,AVAILABLE}{/ozoneManager}
2019-10-02 00:13:13,210 [main] INFO  server.AbstractConnector (AbstractConnector.java:doStart(278)) - Started ServerConnector@546ed2a0{HTTP/1.1,[http/1.1]}{0.0.0.0:40441}
2019-10-02 00:13:13,212 [main] INFO  server.Server (Server.java:doStart(419)) - Started @528996ms
2019-10-02 00:13:13,213 [main] WARN  impl.MetricsSystemImpl (MetricsSystemImpl.java:register(276)) - Sink prometheus already exists!
2019-10-02 00:13:13,214 [main] INFO  server.BaseHttpServer (BaseHttpServer.java:updateConnectorAddress(215)) - HTTP server of OZONEMANAGER is listening at http://0.0.0.0:40441
2019-10-02 00:13:13,233 [main] INFO  impl.MetricsSystemImpl (MetricsSystemImpl.java:init(158)) - HddsDatanode metrics system started (again)
2019-10-02 00:13:13,238 [main] INFO  ozone.HddsDatanodeService (HddsDatanodeService.java:start(184)) - HddsDatanodeService host:pr-hdds-2201-rename-25sj9-3976918760 ip:192.168.30.63
2019-10-02 00:13:13,245 [main] INFO  volume.HddsVolume (HddsVolume.java:<init>(176)) - Creating Volume: /workdir/hadoop-ozone/integration-test/target/test-dir/MiniOzoneClusterImpl-dde0f8af-4bf9-42cc-be8d-7f937630f525/datanode-0/data/containers/hdds of  storage type : DISK and capacity : 1482555576320
2019-10-02 00:13:13,245 [main] INFO  volume.VolumeSet (VolumeSet.java:initializeVolumeSet(170)) - Added Volume : /workdir/hadoop-ozone/integration-test/target/test-dir/MiniOzoneClusterImpl-dde0f8af-4bf9-42cc-be8d-7f937630f525/datanode-0/data/containers/hdds to VolumeSet
2019-10-02 00:13:13,245 [main] INFO  volume.ThrottledAsyncChecker (ThrottledAsyncChecker.java:schedule(139)) - Scheduling a check for org.apache.hadoop.ozone.container.common.volume.HddsVolume@539c4830
2019-10-02 00:13:13,246 [main] INFO  volume.HddsVolumeChecker (HddsVolumeChecker.java:checkAllVolumes(202)) - Scheduled health check for volume org.apache.hadoop.ozone.container.common.volume.HddsVolume@539c4830
2019-10-02 00:13:13,266 [main] INFO  impl.RaftServerProxy (ConfUtils.java:logGet(43)) - raft.rpc.type = GRPC (default)
2019-10-02 00:13:13,266 [main] INFO  grpc.GrpcFactory (GrpcFactory.java:checkPooledByteBufAllocatorUseCacheForAllThreads(45)) - PERFORMANCE WARNING: useCacheForAllThreads is true that may cause Netty to create a lot garbage objects and, as a result, trigger GC.
	It is recommended to disable useCacheForAllThreads by setting -Dorg.apache.ratis.thirdparty.io.netty.allocator.useCacheForAllThreads=false in command line.
2019-10-02 00:13:13,266 [main] INFO  grpc.GrpcConfigKeys$Server (ConfUtils.java:logGet(43)) - raft.grpc.server.port = 0 (default)
2019-10-02 00:13:13,267 [main] INFO  server.GrpcService (ConfUtils.java:logGet(43)) - raft.grpc.message.size.max = 33570816 (custom)
2019-10-02 00:13:13,267 [main] INFO  server.RaftServerConfigKeys (ConfUtils.java:logGet(43)) - raft.server.log.appender.buffer.byte-limit = 33554432 (custom)
2019-10-02 00:13:13,267 [main] INFO  server.GrpcService (ConfUtils.java:logGet(43)) - raft.grpc.flow.control.window = 1MB (=1048576) (default)
2019-10-02 00:13:13,267 [main] INFO  server.RaftServerConfigKeys (ConfUtils.java:logGet(43)) - raft.server.rpc.request.timeout = 3000ms (default)
2019-10-02 00:13:13,268 [main] INFO  server.RaftServerConfigKeys (ConfUtils.java:logGet(43)) - raft.server.storage.dir = [/workdir/hadoop-ozone/integration-test/target/test-dir/MiniOzoneClusterImpl-dde0f8af-4bf9-42cc-be8d-7f937630f525/datanode-0/data/ratis] (custom)
2019-10-02 00:13:13,273 [main] INFO  hdfs.DFSUtil (DFSUtil.java:httpServerTemplateForNNAndJN(1641)) - Starting Web-server for hddsDatanode at: http://0.0.0.0:0
2019-10-02 00:13:13,275 [main] INFO  server.AuthenticationFilter (AuthenticationFilter.java:constructSecretProvider(240)) - Unable to initialize FileSignerSecretProvider, falling back to use random secrets.
2019-10-02 00:13:13,275 [main] WARN  http.HttpRequestLog (HttpRequestLog.java:getRequestLog(97)) - Jetty request log can only be enabled using Log4j
2019-10-02 00:13:13,277 [main] INFO  http.HttpServer2 (HttpServer2.java:addGlobalFilter(975)) - Added global filter 'safety' (class=org.apache.hadoop.http.HttpServer2$QuotingInputFilter)
2019-10-02 00:13:13,278 [main] INFO  http.HttpServer2 (HttpServer2.java:addFilter(948)) - Added filter static_user_filter (class=org.apache.hadoop.http.lib.StaticUserWebFilter$StaticUserFilter) to context hddsDatanode
2019-10-02 00:13:13,278 [main] INFO  http.HttpServer2 (HttpServer2.java:addFilter(958)) - Added filter static_user_filter (class=org.apache.hadoop.http.lib.StaticUserWebFilter$StaticUserFilter) to context static
2019-10-02 00:13:13,278 [main] INFO  http.HttpServer2 (HttpServer2.java:addFilter(958)) - Added filter static_user_filter (class=org.apache.hadoop.http.lib.StaticUserWebFilter$StaticUserFilter) to context logs
2019-10-02 00:13:13,279 [main] INFO  http.HttpServer2 (HttpServer2.java:bindListener(1191)) - Jetty bound to port 44405
2019-10-02 00:13:13,279 [main] INFO  server.Server (Server.java:doStart(351)) - jetty-9.3.25.v20180904, build timestamp: 2018-09-04T21:11:46Z, git hash: 3ce520221d0240229c862b122d2b06c12a625732
2019-10-02 00:13:13,281 [main] INFO  handler.ContextHandler (ContextHandler.java:doStart(781)) - Started o.e.j.s.ServletContextHandler@4652c74d{/logs,file:///workdir/hadoop-ozone/integration-test/target/log,AVAILABLE}
2019-10-02 00:13:13,281 [main] INFO  handler.ContextHandler (ContextHandler.java:doStart(781)) - Started o.e.j.s.ServletContextHandler@5ea7bc4{/static,jar:file:/home/user/.m2/repository/org/apache/hadoop/hadoop-hdds-container-service/0.5.0-SNAPSHOT/hadoop-hdds-container-service-0.5.0-SNAPSHOT.jar!/webapps/static,AVAILABLE}
2019-10-02 00:13:13,320 [main] INFO  handler.ContextHandler (ContextHandler.java:doStart(781)) - Started o.e.j.w.WebAppContext@69a5c6be{/,file:///tmp/jetty-0.0.0.0-44405-hddsDatanode-_-any-9073227111398411431.dir/webapp/,AVAILABLE}{/hddsDatanode}
2019-10-02 00:13:13,321 [main] INFO  server.AbstractConnector (AbstractConnector.java:doStart(278)) - Started ServerConnector@451e2fa9{HTTP/1.1,[http/1.1]}{0.0.0.0:44405}
2019-10-02 00:13:13,322 [main] INFO  server.Server (Server.java:doStart(419)) - Started @529106ms
2019-10-02 00:13:13,323 [main] WARN  impl.MetricsSystemImpl (MetricsSystemImpl.java:register(276)) - Sink prometheus already exists!
2019-10-02 00:13:13,324 [main] INFO  server.BaseHttpServer (BaseHttpServer.java:updateConnectorAddress(215)) - HTTP server of HDDSDATANODE is listening at http://0.0.0.0:44405
2019-10-02 00:13:13,325 [main] INFO  impl.MetricsSystemImpl (MetricsSystemImpl.java:init(158)) - HddsDatanode metrics system started (again)
2019-10-02 00:13:13,329 [org.apache.hadoop.util.JvmPauseMonitor$Monitor@98fa888] INFO  util.JvmPauseMonitor (JvmPauseMonitor.java:run(188)) - Starting JVM pause monitor
2019-10-02 00:13:13,329 [main] INFO  ozone.HddsDatanodeService (HddsDatanodeService.java:start(184)) - HddsDatanodeService host:pr-hdds-2201-rename-25sj9-3976918760 ip:192.168.30.63
2019-10-02 00:13:13,330 [Datanode State Machine Thread - 0] INFO  datanode.InitDatanodeState (InitDatanodeState.java:persistContainerDatanodeDetails(140)) - DatanodeDetails is persisted to /workdir/hadoop-ozone/integration-test/target/test-dir/MiniOzoneClusterImpl-dde0f8af-4bf9-42cc-be8d-7f937630f525/datanode-0/meta/datanode.id
2019-10-02 00:13:13,335 [main] INFO  volume.HddsVolume (HddsVolume.java:<init>(176)) - Creating Volume: /workdir/hadoop-ozone/integration-test/target/test-dir/MiniOzoneClusterImpl-dde0f8af-4bf9-42cc-be8d-7f937630f525/datanode-1/data/containers/hdds of  storage type : DISK and capacity : 1482555576320
2019-10-02 00:13:13,336 [main] INFO  volume.VolumeSet (VolumeSet.java:initializeVolumeSet(170)) - Added Volume : /workdir/hadoop-ozone/integration-test/target/test-dir/MiniOzoneClusterImpl-dde0f8af-4bf9-42cc-be8d-7f937630f525/datanode-1/data/containers/hdds to VolumeSet
2019-10-02 00:13:13,336 [main] INFO  volume.ThrottledAsyncChecker (ThrottledAsyncChecker.java:schedule(139)) - Scheduling a check for org.apache.hadoop.ozone.container.common.volume.HddsVolume@29c53c4f
2019-10-02 00:13:13,336 [main] INFO  volume.HddsVolumeChecker (HddsVolumeChecker.java:checkAllVolumes(202)) - Scheduled health check for volume org.apache.hadoop.ozone.container.common.volume.HddsVolume@29c53c4f
2019-10-02 00:13:13,350 [main] INFO  impl.RaftServerProxy (ConfUtils.java:logGet(43)) - raft.rpc.type = GRPC (default)
2019-10-02 00:13:13,350 [main] INFO  grpc.GrpcFactory (GrpcFactory.java:checkPooledByteBufAllocatorUseCacheForAllThreads(45)) - PERFORMANCE WARNING: useCacheForAllThreads is true that may cause Netty to create a lot garbage objects and, as a result, trigger GC.
	It is recommended to disable useCacheForAllThreads by setting -Dorg.apache.ratis.thirdparty.io.netty.allocator.useCacheForAllThreads=false in command line.
2019-10-02 00:13:13,351 [main] INFO  grpc.GrpcConfigKeys$Server (ConfUtils.java:logGet(43)) - raft.grpc.server.port = 0 (default)
2019-10-02 00:13:13,351 [main] INFO  server.GrpcService (ConfUtils.java:logGet(43)) - raft.grpc.message.size.max = 33570816 (custom)
2019-10-02 00:13:13,351 [main] INFO  server.RaftServerConfigKeys (ConfUtils.java:logGet(43)) - raft.server.log.appender.buffer.byte-limit = 33554432 (custom)
2019-10-02 00:13:13,351 [main] INFO  server.GrpcService (ConfUtils.java:logGet(43)) - raft.grpc.flow.control.window = 1MB (=1048576) (default)
2019-10-02 00:13:13,351 [main] INFO  server.RaftServerConfigKeys (ConfUtils.java:logGet(43)) - raft.server.rpc.request.timeout = 3000ms (default)
2019-10-02 00:13:13,352 [main] INFO  server.RaftServerConfigKeys (ConfUtils.java:logGet(43)) - raft.server.storage.dir = [/workdir/hadoop-ozone/integration-test/target/test-dir/MiniOzoneClusterImpl-dde0f8af-4bf9-42cc-be8d-7f937630f525/datanode-1/data/ratis] (custom)
2019-10-02 00:13:13,353 [main] INFO  hdfs.DFSUtil (DFSUtil.java:httpServerTemplateForNNAndJN(1641)) - Starting Web-server for hddsDatanode at: http://0.0.0.0:0
2019-10-02 00:13:13,355 [main] INFO  server.AuthenticationFilter (AuthenticationFilter.java:constructSecretProvider(240)) - Unable to initialize FileSignerSecretProvider, falling back to use random secrets.
2019-10-02 00:13:13,356 [main] WARN  http.HttpRequestLog (HttpRequestLog.java:getRequestLog(97)) - Jetty request log can only be enabled using Log4j
2019-10-02 00:13:13,357 [main] INFO  http.HttpServer2 (HttpServer2.java:addGlobalFilter(975)) - Added global filter 'safety' (class=org.apache.hadoop.http.HttpServer2$QuotingInputFilter)
2019-10-02 00:13:13,358 [main] INFO  http.HttpServer2 (HttpServer2.java:addFilter(948)) - Added filter static_user_filter (class=org.apache.hadoop.http.lib.StaticUserWebFilter$StaticUserFilter) to context hddsDatanode
2019-10-02 00:13:13,358 [main] INFO  http.HttpServer2 (HttpServer2.java:addFilter(958)) - Added filter static_user_filter (class=org.apache.hadoop.http.lib.StaticUserWebFilter$StaticUserFilter) to context static
2019-10-02 00:13:13,359 [main] INFO  http.HttpServer2 (HttpServer2.java:addFilter(958)) - Added filter static_user_filter (class=org.apache.hadoop.http.lib.StaticUserWebFilter$StaticUserFilter) to context logs
2019-10-02 00:13:13,359 [main] INFO  http.HttpServer2 (HttpServer2.java:bindListener(1191)) - Jetty bound to port 45057
2019-10-02 00:13:13,360 [main] INFO  server.Server (Server.java:doStart(351)) - jetty-9.3.25.v20180904, build timestamp: 2018-09-04T21:11:46Z, git hash: 3ce520221d0240229c862b122d2b06c12a625732
2019-10-02 00:13:13,361 [main] INFO  handler.ContextHandler (ContextHandler.java:doStart(781)) - Started o.e.j.s.ServletContextHandler@c568f91{/logs,file:///workdir/hadoop-ozone/integration-test/target/log,AVAILABLE}
2019-10-02 00:13:13,362 [main] INFO  handler.ContextHandler (ContextHandler.java:doStart(781)) - Started o.e.j.s.ServletContextHandler@70d4f672{/static,jar:file:/home/user/.m2/repository/org/apache/hadoop/hadoop-hdds-container-service/0.5.0-SNAPSHOT/hadoop-hdds-container-service-0.5.0-SNAPSHOT.jar!/webapps/static,AVAILABLE}
2019-10-02 00:13:13,391 [main] INFO  handler.ContextHandler (ContextHandler.java:doStart(781)) - Started o.e.j.w.WebAppContext@224d86d2{/,file:///tmp/jetty-0.0.0.0-45057-hddsDatanode-_-any-2601033937489932528.dir/webapp/,AVAILABLE}{/hddsDatanode}
2019-10-02 00:13:13,391 [main] INFO  server.AbstractConnector (AbstractConnector.java:doStart(278)) - Started ServerConnector@a3cba3a{HTTP/1.1,[http/1.1]}{0.0.0.0:45057}
2019-10-02 00:13:13,393 [main] INFO  server.Server (Server.java:doStart(419)) - Started @529176ms
2019-10-02 00:13:13,393 [main] WARN  impl.MetricsSystemImpl (MetricsSystemImpl.java:register(276)) - Sink prometheus already exists!
2019-10-02 00:13:13,394 [main] INFO  server.BaseHttpServer (BaseHttpServer.java:updateConnectorAddress(215)) - HTTP server of HDDSDATANODE is listening at http://0.0.0.0:45057
2019-10-02 00:13:13,394 [main] INFO  impl.MetricsSystemImpl (MetricsSystemImpl.java:init(158)) - HddsDatanode metrics system started (again)
2019-10-02 00:13:13,399 [org.apache.hadoop.util.JvmPauseMonitor$Monitor@7b02cdb4] INFO  util.JvmPauseMonitor (JvmPauseMonitor.java:run(188)) - Starting JVM pause monitor
2019-10-02 00:13:13,400 [Datanode State Machine Thread - 0] INFO  datanode.InitDatanodeState (InitDatanodeState.java:persistContainerDatanodeDetails(140)) - DatanodeDetails is persisted to /workdir/hadoop-ozone/integration-test/target/test-dir/MiniOzoneClusterImpl-dde0f8af-4bf9-42cc-be8d-7f937630f525/datanode-1/meta/datanode.id
2019-10-02 00:13:13,400 [main] INFO  ozone.HddsDatanodeService (HddsDatanodeService.java:start(184)) - HddsDatanodeService host:pr-hdds-2201-rename-25sj9-3976918760 ip:192.168.30.63
2019-10-02 00:13:13,405 [main] INFO  volume.HddsVolume (HddsVolume.java:<init>(176)) - Creating Volume: /workdir/hadoop-ozone/integration-test/target/test-dir/MiniOzoneClusterImpl-dde0f8af-4bf9-42cc-be8d-7f937630f525/datanode-2/data/containers/hdds of  storage type : DISK and capacity : 1482555576320
2019-10-02 00:13:13,406 [main] INFO  volume.VolumeSet (VolumeSet.java:initializeVolumeSet(170)) - Added Volume : /workdir/hadoop-ozone/integration-test/target/test-dir/MiniOzoneClusterImpl-dde0f8af-4bf9-42cc-be8d-7f937630f525/datanode-2/data/containers/hdds to VolumeSet
2019-10-02 00:13:13,406 [main] INFO  volume.ThrottledAsyncChecker (ThrottledAsyncChecker.java:schedule(139)) - Scheduling a check for org.apache.hadoop.ozone.container.common.volume.HddsVolume@50e5032c
2019-10-02 00:13:13,406 [main] INFO  volume.HddsVolumeChecker (HddsVolumeChecker.java:checkAllVolumes(202)) - Scheduled health check for volume org.apache.hadoop.ozone.container.common.volume.HddsVolume@50e5032c
2019-10-02 00:13:13,419 [main] INFO  impl.RaftServerProxy (ConfUtils.java:logGet(43)) - raft.rpc.type = GRPC (default)
2019-10-02 00:13:13,419 [main] INFO  grpc.GrpcFactory (GrpcFactory.java:checkPooledByteBufAllocatorUseCacheForAllThreads(45)) - PERFORMANCE WARNING: useCacheForAllThreads is true that may cause Netty to create a lot garbage objects and, as a result, trigger GC.
	It is recommended to disable useCacheForAllThreads by setting -Dorg.apache.ratis.thirdparty.io.netty.allocator.useCacheForAllThreads=false in command line.
2019-10-02 00:13:13,419 [main] INFO  grpc.GrpcConfigKeys$Server (ConfUtils.java:logGet(43)) - raft.grpc.server.port = 0 (default)
2019-10-02 00:13:13,420 [main] INFO  server.GrpcService (ConfUtils.java:logGet(43)) - raft.grpc.message.size.max = 33570816 (custom)
2019-10-02 00:13:13,420 [main] INFO  server.RaftServerConfigKeys (ConfUtils.java:logGet(43)) - raft.server.log.appender.buffer.byte-limit = 33554432 (custom)
2019-10-02 00:13:13,420 [main] INFO  server.GrpcService (ConfUtils.java:logGet(43)) - raft.grpc.flow.control.window = 1MB (=1048576) (default)
2019-10-02 00:13:13,420 [main] INFO  server.RaftServerConfigKeys (ConfUtils.java:logGet(43)) - raft.server.rpc.request.timeout = 3000ms (default)
2019-10-02 00:13:13,420 [main] INFO  server.RaftServerConfigKeys (ConfUtils.java:logGet(43)) - raft.server.storage.dir = [/workdir/hadoop-ozone/integration-test/target/test-dir/MiniOzoneClusterImpl-dde0f8af-4bf9-42cc-be8d-7f937630f525/datanode-2/data/ratis] (custom)
2019-10-02 00:13:13,422 [main] INFO  hdfs.DFSUtil (DFSUtil.java:httpServerTemplateForNNAndJN(1641)) - Starting Web-server for hddsDatanode at: http://0.0.0.0:0
2019-10-02 00:13:13,423 [main] INFO  server.AuthenticationFilter (AuthenticationFilter.java:constructSecretProvider(240)) - Unable to initialize FileSignerSecretProvider, falling back to use random secrets.
2019-10-02 00:13:13,424 [main] WARN  http.HttpRequestLog (HttpRequestLog.java:getRequestLog(97)) - Jetty request log can only be enabled using Log4j
2019-10-02 00:13:13,425 [main] INFO  http.HttpServer2 (HttpServer2.java:addGlobalFilter(975)) - Added global filter 'safety' (class=org.apache.hadoop.http.HttpServer2$QuotingInputFilter)
2019-10-02 00:13:13,425 [main] INFO  http.HttpServer2 (HttpServer2.java:addFilter(948)) - Added filter static_user_filter (class=org.apache.hadoop.http.lib.StaticUserWebFilter$StaticUserFilter) to context hddsDatanode
2019-10-02 00:13:13,426 [main] INFO  http.HttpServer2 (HttpServer2.java:addFilter(958)) - Added filter static_user_filter (class=org.apache.hadoop.http.lib.StaticUserWebFilter$StaticUserFilter) to context static
2019-10-02 00:13:13,426 [main] INFO  http.HttpServer2 (HttpServer2.java:addFilter(958)) - Added filter static_user_filter (class=org.apache.hadoop.http.lib.StaticUserWebFilter$StaticUserFilter) to context logs
2019-10-02 00:13:13,426 [main] INFO  http.HttpServer2 (HttpServer2.java:bindListener(1191)) - Jetty bound to port 39984
2019-10-02 00:13:13,426 [main] INFO  server.Server (Server.java:doStart(351)) - jetty-9.3.25.v20180904, build timestamp: 2018-09-04T21:11:46Z, git hash: 3ce520221d0240229c862b122d2b06c12a625732
2019-10-02 00:13:13,428 [main] INFO  handler.ContextHandler (ContextHandler.java:doStart(781)) - Started o.e.j.s.ServletContextHandler@6aea99e7{/logs,file:///workdir/hadoop-ozone/integration-test/target/log,AVAILABLE}
2019-10-02 00:13:13,428 [main] INFO  handler.ContextHandler (ContextHandler.java:doStart(781)) - Started o.e.j.s.ServletContextHandler@7841bd30{/static,jar:file:/home/user/.m2/repository/org/apache/hadoop/hadoop-hdds-container-service/0.5.0-SNAPSHOT/hadoop-hdds-container-service-0.5.0-SNAPSHOT.jar!/webapps/static,AVAILABLE}
2019-10-02 00:13:13,464 [main] INFO  handler.ContextHandler (ContextHandler.java:doStart(781)) - Started o.e.j.w.WebAppContext@27e199ce{/,file:///tmp/jetty-0.0.0.0-39984-hddsDatanode-_-any-8830268899242057857.dir/webapp/,AVAILABLE}{/hddsDatanode}
2019-10-02 00:13:13,464 [main] INFO  server.AbstractConnector (AbstractConnector.java:doStart(278)) - Started ServerConnector@1c3b6963{HTTP/1.1,[http/1.1]}{0.0.0.0:39984}
2019-10-02 00:13:13,466 [main] INFO  server.Server (Server.java:doStart(419)) - Started @529249ms
2019-10-02 00:13:13,466 [main] WARN  impl.MetricsSystemImpl (MetricsSystemImpl.java:register(276)) - Sink prometheus already exists!
2019-10-02 00:13:13,466 [main] INFO  server.BaseHttpServer (BaseHttpServer.java:updateConnectorAddress(215)) - HTTP server of HDDSDATANODE is listening at http://0.0.0.0:39984
2019-10-02 00:13:13,467 [main] INFO  impl.MetricsSystemImpl (MetricsSystemImpl.java:init(158)) - HddsDatanode metrics system started (again)
2019-10-02 00:13:13,471 [org.apache.hadoop.util.JvmPauseMonitor$Monitor@563cebd1] INFO  util.JvmPauseMonitor (JvmPauseMonitor.java:run(188)) - Starting JVM pause monitor
2019-10-02 00:13:13,472 [main] INFO  ozone.HddsDatanodeService (HddsDatanodeService.java:start(184)) - HddsDatanodeService host:pr-hdds-2201-rename-25sj9-3976918760 ip:192.168.30.63
2019-10-02 00:13:13,472 [Datanode State Machine Thread - 0] INFO  datanode.InitDatanodeState (InitDatanodeState.java:persistContainerDatanodeDetails(140)) - DatanodeDetails is persisted to /workdir/hadoop-ozone/integration-test/target/test-dir/MiniOzoneClusterImpl-dde0f8af-4bf9-42cc-be8d-7f937630f525/datanode-2/meta/datanode.id
2019-10-02 00:13:13,477 [main] INFO  volume.HddsVolume (HddsVolume.java:<init>(176)) - Creating Volume: /workdir/hadoop-ozone/integration-test/target/test-dir/MiniOzoneClusterImpl-dde0f8af-4bf9-42cc-be8d-7f937630f525/datanode-3/data/containers/hdds of  storage type : DISK and capacity : 1482555576320
2019-10-02 00:13:13,477 [main] INFO  volume.VolumeSet (VolumeSet.java:initializeVolumeSet(170)) - Added Volume : /workdir/hadoop-ozone/integration-test/target/test-dir/MiniOzoneClusterImpl-dde0f8af-4bf9-42cc-be8d-7f937630f525/datanode-3/data/containers/hdds to VolumeSet
2019-10-02 00:13:13,478 [main] INFO  volume.ThrottledAsyncChecker (ThrottledAsyncChecker.java:schedule(139)) - Scheduling a check for org.apache.hadoop.ozone.container.common.volume.HddsVolume@54f6b629
2019-10-02 00:13:13,478 [main] INFO  volume.HddsVolumeChecker (HddsVolumeChecker.java:checkAllVolumes(202)) - Scheduled health check for volume org.apache.hadoop.ozone.container.common.volume.HddsVolume@54f6b629
2019-10-02 00:13:13,490 [main] INFO  impl.RaftServerProxy (ConfUtils.java:logGet(43)) - raft.rpc.type = GRPC (default)
2019-10-02 00:13:13,491 [main] INFO  grpc.GrpcFactory (GrpcFactory.java:checkPooledByteBufAllocatorUseCacheForAllThreads(45)) - PERFORMANCE WARNING: useCacheForAllThreads is true that may cause Netty to create a lot garbage objects and, as a result, trigger GC.
	It is recommended to disable useCacheForAllThreads by setting -Dorg.apache.ratis.thirdparty.io.netty.allocator.useCacheForAllThreads=false in command line.
2019-10-02 00:13:13,491 [main] INFO  grpc.GrpcConfigKeys$Server (ConfUtils.java:logGet(43)) - raft.grpc.server.port = 0 (default)
2019-10-02 00:13:13,491 [main] INFO  server.GrpcService (ConfUtils.java:logGet(43)) - raft.grpc.message.size.max = 33570816 (custom)
2019-10-02 00:13:13,491 [main] INFO  server.RaftServerConfigKeys (ConfUtils.java:logGet(43)) - raft.server.log.appender.buffer.byte-limit = 33554432 (custom)
2019-10-02 00:13:13,491 [main] INFO  server.GrpcService (ConfUtils.java:logGet(43)) - raft.grpc.flow.control.window = 1MB (=1048576) (default)
2019-10-02 00:13:13,492 [main] INFO  server.RaftServerConfigKeys (ConfUtils.java:logGet(43)) - raft.server.rpc.request.timeout = 3000ms (default)
2019-10-02 00:13:13,492 [main] INFO  server.RaftServerConfigKeys (ConfUtils.java:logGet(43)) - raft.server.storage.dir = [/workdir/hadoop-ozone/integration-test/target/test-dir/MiniOzoneClusterImpl-dde0f8af-4bf9-42cc-be8d-7f937630f525/datanode-3/data/ratis] (custom)
2019-10-02 00:13:13,493 [main] INFO  hdfs.DFSUtil (DFSUtil.java:httpServerTemplateForNNAndJN(1641)) - Starting Web-server for hddsDatanode at: http://0.0.0.0:0
2019-10-02 00:13:13,494 [main] INFO  server.AuthenticationFilter (AuthenticationFilter.java:constructSecretProvider(240)) - Unable to initialize FileSignerSecretProvider, falling back to use random secrets.
2019-10-02 00:13:13,495 [main] WARN  http.HttpRequestLog (HttpRequestLog.java:getRequestLog(97)) - Jetty request log can only be enabled using Log4j
2019-10-02 00:13:13,496 [main] INFO  http.HttpServer2 (HttpServer2.java:addGlobalFilter(975)) - Added global filter 'safety' (class=org.apache.hadoop.http.HttpServer2$QuotingInputFilter)
2019-10-02 00:13:13,496 [main] INFO  http.HttpServer2 (HttpServer2.java:addFilter(948)) - Added filter static_user_filter (class=org.apache.hadoop.http.lib.StaticUserWebFilter$StaticUserFilter) to context hddsDatanode
2019-10-02 00:13:13,496 [main] INFO  http.HttpServer2 (HttpServer2.java:addFilter(958)) - Added filter static_user_filter (class=org.apache.hadoop.http.lib.StaticUserWebFilter$StaticUserFilter) to context static
2019-10-02 00:13:13,497 [main] INFO  http.HttpServer2 (HttpServer2.java:addFilter(958)) - Added filter static_user_filter (class=org.apache.hadoop.http.lib.StaticUserWebFilter$StaticUserFilter) to context logs
2019-10-02 00:13:13,497 [main] INFO  http.HttpServer2 (HttpServer2.java:bindListener(1191)) - Jetty bound to port 46777
2019-10-02 00:13:13,497 [main] INFO  server.Server (Server.java:doStart(351)) - jetty-9.3.25.v20180904, build timestamp: 2018-09-04T21:11:46Z, git hash: 3ce520221d0240229c862b122d2b06c12a625732
2019-10-02 00:13:13,498 [main] INFO  handler.ContextHandler (ContextHandler.java:doStart(781)) - Started o.e.j.s.ServletContextHandler@6c2a95d5{/logs,file:///workdir/hadoop-ozone/integration-test/target/log,AVAILABLE}
2019-10-02 00:13:13,499 [main] INFO  handler.ContextHandler (ContextHandler.java:doStart(781)) - Started o.e.j.s.ServletContextHandler@3f048c86{/static,jar:file:/home/user/.m2/repository/org/apache/hadoop/hadoop-hdds-container-service/0.5.0-SNAPSHOT/hadoop-hdds-container-service-0.5.0-SNAPSHOT.jar!/webapps/static,AVAILABLE}
2019-10-02 00:13:13,526 [main] INFO  handler.ContextHandler (ContextHandler.java:doStart(781)) - Started o.e.j.w.WebAppContext@11c581a0{/,file:///tmp/jetty-0.0.0.0-46777-hddsDatanode-_-any-7208178242068471942.dir/webapp/,AVAILABLE}{/hddsDatanode}
2019-10-02 00:13:13,526 [main] INFO  server.AbstractConnector (AbstractConnector.java:doStart(278)) - Started ServerConnector@256589a1{HTTP/1.1,[http/1.1]}{0.0.0.0:46777}
2019-10-02 00:13:13,527 [main] INFO  server.Server (Server.java:doStart(419)) - Started @529311ms
2019-10-02 00:13:13,527 [main] WARN  impl.MetricsSystemImpl (MetricsSystemImpl.java:register(276)) - Sink prometheus already exists!
2019-10-02 00:13:13,528 [main] INFO  server.BaseHttpServer (BaseHttpServer.java:updateConnectorAddress(215)) - HTTP server of HDDSDATANODE is listening at http://0.0.0.0:46777
2019-10-02 00:13:13,529 [main] INFO  impl.MetricsSystemImpl (MetricsSystemImpl.java:init(158)) - HddsDatanode metrics system started (again)
2019-10-02 00:13:13,538 [org.apache.hadoop.util.JvmPauseMonitor$Monitor@4064e974] INFO  util.JvmPauseMonitor (JvmPauseMonitor.java:run(188)) - Starting JVM pause monitor
2019-10-02 00:13:13,539 [Datanode State Machine Thread - 0] INFO  datanode.InitDatanodeState (InitDatanodeState.java:persistContainerDatanodeDetails(140)) - DatanodeDetails is persisted to /workdir/hadoop-ozone/integration-test/target/test-dir/MiniOzoneClusterImpl-dde0f8af-4bf9-42cc-be8d-7f937630f525/datanode-3/meta/datanode.id
2019-10-02 00:13:13,540 [main] INFO  ozone.HddsDatanodeService (HddsDatanodeService.java:start(184)) - HddsDatanodeService host:pr-hdds-2201-rename-25sj9-3976918760 ip:192.168.30.63
2019-10-02 00:13:13,547 [main] INFO  volume.HddsVolume (HddsVolume.java:<init>(176)) - Creating Volume: /workdir/hadoop-ozone/integration-test/target/test-dir/MiniOzoneClusterImpl-dde0f8af-4bf9-42cc-be8d-7f937630f525/datanode-4/data/containers/hdds of  storage type : DISK and capacity : 1482555576320
2019-10-02 00:13:13,547 [main] INFO  volume.VolumeSet (VolumeSet.java:initializeVolumeSet(170)) - Added Volume : /workdir/hadoop-ozone/integration-test/target/test-dir/MiniOzoneClusterImpl-dde0f8af-4bf9-42cc-be8d-7f937630f525/datanode-4/data/containers/hdds to VolumeSet
2019-10-02 00:13:13,548 [main] INFO  volume.ThrottledAsyncChecker (ThrottledAsyncChecker.java:schedule(139)) - Scheduling a check for org.apache.hadoop.ozone.container.common.volume.HddsVolume@1edfedf1
2019-10-02 00:13:13,549 [main] INFO  volume.HddsVolumeChecker (HddsVolumeChecker.java:checkAllVolumes(202)) - Scheduled health check for volume org.apache.hadoop.ozone.container.common.volume.HddsVolume@1edfedf1
2019-10-02 00:13:13,571 [main] INFO  impl.RaftServerProxy (ConfUtils.java:logGet(43)) - raft.rpc.type = GRPC (default)
2019-10-02 00:13:13,571 [main] INFO  grpc.GrpcFactory (GrpcFactory.java:checkPooledByteBufAllocatorUseCacheForAllThreads(45)) - PERFORMANCE WARNING: useCacheForAllThreads is true that may cause Netty to create a lot garbage objects and, as a result, trigger GC.
	It is recommended to disable useCacheForAllThreads by setting -Dorg.apache.ratis.thirdparty.io.netty.allocator.useCacheForAllThreads=false in command line.
2019-10-02 00:13:13,572 [main] INFO  grpc.GrpcConfigKeys$Server (ConfUtils.java:logGet(43)) - raft.grpc.server.port = 0 (default)
2019-10-02 00:13:13,572 [main] INFO  server.GrpcService (ConfUtils.java:logGet(43)) - raft.grpc.message.size.max = 33570816 (custom)
2019-10-02 00:13:13,572 [main] INFO  server.RaftServerConfigKeys (ConfUtils.java:logGet(43)) - raft.server.log.appender.buffer.byte-limit = 33554432 (custom)
2019-10-02 00:13:13,572 [main] INFO  server.GrpcService (ConfUtils.java:logGet(43)) - raft.grpc.flow.control.window = 1MB (=1048576) (default)
2019-10-02 00:13:13,572 [main] INFO  server.RaftServerConfigKeys (ConfUtils.java:logGet(43)) - raft.server.rpc.request.timeout = 3000ms (default)
2019-10-02 00:13:13,573 [main] INFO  server.RaftServerConfigKeys (ConfUtils.java:logGet(43)) - raft.server.storage.dir = [/workdir/hadoop-ozone/integration-test/target/test-dir/MiniOzoneClusterImpl-dde0f8af-4bf9-42cc-be8d-7f937630f525/datanode-4/data/ratis] (custom)
2019-10-02 00:13:13,575 [main] INFO  hdfs.DFSUtil (DFSUtil.java:httpServerTemplateForNNAndJN(1641)) - Starting Web-server for hddsDatanode at: http://0.0.0.0:0
2019-10-02 00:13:13,576 [main] INFO  server.AuthenticationFilter (AuthenticationFilter.java:constructSecretProvider(240)) - Unable to initialize FileSignerSecretProvider, falling back to use random secrets.
2019-10-02 00:13:13,577 [main] WARN  http.HttpRequestLog (HttpRequestLog.java:getRequestLog(97)) - Jetty request log can only be enabled using Log4j
2019-10-02 00:13:13,579 [main] INFO  http.HttpServer2 (HttpServer2.java:addGlobalFilter(975)) - Added global filter 'safety' (class=org.apache.hadoop.http.HttpServer2$QuotingInputFilter)
2019-10-02 00:13:13,579 [main] INFO  http.HttpServer2 (HttpServer2.java:addFilter(948)) - Added filter static_user_filter (class=org.apache.hadoop.http.lib.StaticUserWebFilter$StaticUserFilter) to context hddsDatanode
2019-10-02 00:13:13,579 [main] INFO  http.HttpServer2 (HttpServer2.java:addFilter(958)) - Added filter static_user_filter (class=org.apache.hadoop.http.lib.StaticUserWebFilter$StaticUserFilter) to context static
2019-10-02 00:13:13,579 [main] INFO  http.HttpServer2 (HttpServer2.java:addFilter(958)) - Added filter static_user_filter (class=org.apache.hadoop.http.lib.StaticUserWebFilter$StaticUserFilter) to context logs
2019-10-02 00:13:13,580 [main] INFO  http.HttpServer2 (HttpServer2.java:bindListener(1191)) - Jetty bound to port 45175
2019-10-02 00:13:13,580 [main] INFO  server.Server (Server.java:doStart(351)) - jetty-9.3.25.v20180904, build timestamp: 2018-09-04T21:11:46Z, git hash: 3ce520221d0240229c862b122d2b06c12a625732
2019-10-02 00:13:13,582 [main] INFO  handler.ContextHandler (ContextHandler.java:doStart(781)) - Started o.e.j.s.ServletContextHandler@22a4ca4a{/logs,file:///workdir/hadoop-ozone/integration-test/target/log,AVAILABLE}
2019-10-02 00:13:13,582 [main] INFO  handler.ContextHandler (ContextHandler.java:doStart(781)) - Started o.e.j.s.ServletContextHandler@1e495414{/static,jar:file:/home/user/.m2/repository/org/apache/hadoop/hadoop-hdds-container-service/0.5.0-SNAPSHOT/hadoop-hdds-container-service-0.5.0-SNAPSHOT.jar!/webapps/static,AVAILABLE}
2019-10-02 00:13:13,612 [main] INFO  handler.ContextHandler (ContextHandler.java:doStart(781)) - Started o.e.j.w.WebAppContext@66713605{/,file:///tmp/jetty-0.0.0.0-45175-hddsDatanode-_-any-2311972845020385542.dir/webapp/,AVAILABLE}{/hddsDatanode}
2019-10-02 00:13:13,612 [main] INFO  server.AbstractConnector (AbstractConnector.java:doStart(278)) - Started ServerConnector@2ab09943{HTTP/1.1,[http/1.1]}{0.0.0.0:45175}
2019-10-02 00:13:13,614 [main] INFO  server.Server (Server.java:doStart(419)) - Started @529398ms
2019-10-02 00:13:13,615 [main] WARN  impl.MetricsSystemImpl (MetricsSystemImpl.java:register(276)) - Sink prometheus already exists!
2019-10-02 00:13:13,616 [main] INFO  server.BaseHttpServer (BaseHttpServer.java:updateConnectorAddress(215)) - HTTP server of HDDSDATANODE is listening at http://0.0.0.0:45175
2019-10-02 00:13:13,616 [main] INFO  impl.MetricsSystemImpl (MetricsSystemImpl.java:init(158)) - HddsDatanode metrics system started (again)
2019-10-02 00:13:13,621 [org.apache.hadoop.util.JvmPauseMonitor$Monitor@464f1e8e] INFO  util.JvmPauseMonitor (JvmPauseMonitor.java:run(188)) - Starting JVM pause monitor
2019-10-02 00:13:13,622 [main] INFO  ozone.HddsDatanodeService (HddsDatanodeService.java:start(184)) - HddsDatanodeService host:pr-hdds-2201-rename-25sj9-3976918760 ip:192.168.30.63
2019-10-02 00:13:13,623 [Datanode State Machine Thread - 0] INFO  datanode.InitDatanodeState (InitDatanodeState.java:persistContainerDatanodeDetails(140)) - DatanodeDetails is persisted to /workdir/hadoop-ozone/integration-test/target/test-dir/MiniOzoneClusterImpl-dde0f8af-4bf9-42cc-be8d-7f937630f525/datanode-4/meta/datanode.id
2019-10-02 00:13:13,628 [main] INFO  volume.HddsVolume (HddsVolume.java:<init>(176)) - Creating Volume: /workdir/hadoop-ozone/integration-test/target/test-dir/MiniOzoneClusterImpl-dde0f8af-4bf9-42cc-be8d-7f937630f525/datanode-5/data/containers/hdds of  storage type : DISK and capacity : 1482555576320
2019-10-02 00:13:13,628 [main] INFO  volume.VolumeSet (VolumeSet.java:initializeVolumeSet(170)) - Added Volume : /workdir/hadoop-ozone/integration-test/target/test-dir/MiniOzoneClusterImpl-dde0f8af-4bf9-42cc-be8d-7f937630f525/datanode-5/data/containers/hdds to VolumeSet
2019-10-02 00:13:13,628 [main] INFO  volume.ThrottledAsyncChecker (ThrottledAsyncChecker.java:schedule(139)) - Scheduling a check for org.apache.hadoop.ozone.container.common.volume.HddsVolume@6e3dd5ce
2019-10-02 00:13:13,629 [main] INFO  volume.HddsVolumeChecker (HddsVolumeChecker.java:checkAllVolumes(202)) - Scheduled health check for volume org.apache.hadoop.ozone.container.common.volume.HddsVolume@6e3dd5ce
2019-10-02 00:13:13,642 [main] INFO  impl.RaftServerProxy (ConfUtils.java:logGet(43)) - raft.rpc.type = GRPC (default)
2019-10-02 00:13:13,642 [main] INFO  grpc.GrpcFactory (GrpcFactory.java:checkPooledByteBufAllocatorUseCacheForAllThreads(45)) - PERFORMANCE WARNING: useCacheForAllThreads is true that may cause Netty to create a lot garbage objects and, as a result, trigger GC.
	It is recommended to disable useCacheForAllThreads by setting -Dorg.apache.ratis.thirdparty.io.netty.allocator.useCacheForAllThreads=false in command line.
2019-10-02 00:13:13,642 [main] INFO  grpc.GrpcConfigKeys$Server (ConfUtils.java:logGet(43)) - raft.grpc.server.port = 0 (default)
2019-10-02 00:13:13,642 [main] INFO  server.GrpcService (ConfUtils.java:logGet(43)) - raft.grpc.message.size.max = 33570816 (custom)
2019-10-02 00:13:13,643 [main] INFO  server.RaftServerConfigKeys (ConfUtils.java:logGet(43)) - raft.server.log.appender.buffer.byte-limit = 33554432 (custom)
2019-10-02 00:13:13,643 [main] INFO  server.GrpcService (ConfUtils.java:logGet(43)) - raft.grpc.flow.control.window = 1MB (=1048576) (default)
2019-10-02 00:13:13,643 [main] INFO  server.RaftServerConfigKeys (ConfUtils.java:logGet(43)) - raft.server.rpc.request.timeout = 3000ms (default)
2019-10-02 00:13:13,643 [main] INFO  server.RaftServerConfigKeys (ConfUtils.java:logGet(43)) - raft.server.storage.dir = [/workdir/hadoop-ozone/integration-test/target/test-dir/MiniOzoneClusterImpl-dde0f8af-4bf9-42cc-be8d-7f937630f525/datanode-5/data/ratis] (custom)
2019-10-02 00:13:13,644 [main] INFO  hdfs.DFSUtil (DFSUtil.java:httpServerTemplateForNNAndJN(1641)) - Starting Web-server for hddsDatanode at: http://0.0.0.0:0
2019-10-02 00:13:13,646 [main] INFO  server.AuthenticationFilter (AuthenticationFilter.java:constructSecretProvider(240)) - Unable to initialize FileSignerSecretProvider, falling back to use random secrets.
2019-10-02 00:13:13,646 [main] WARN  http.HttpRequestLog (HttpRequestLog.java:getRequestLog(97)) - Jetty request log can only be enabled using Log4j
2019-10-02 00:13:13,647 [main] INFO  http.HttpServer2 (HttpServer2.java:addGlobalFilter(975)) - Added global filter 'safety' (class=org.apache.hadoop.http.HttpServer2$QuotingInputFilter)
2019-10-02 00:13:13,648 [main] INFO  http.HttpServer2 (HttpServer2.java:addFilter(948)) - Added filter static_user_filter (class=org.apache.hadoop.http.lib.StaticUserWebFilter$StaticUserFilter) to context hddsDatanode
2019-10-02 00:13:13,648 [main] INFO  http.HttpServer2 (HttpServer2.java:addFilter(958)) - Added filter static_user_filter (class=org.apache.hadoop.http.lib.StaticUserWebFilter$StaticUserFilter) to context logs
2019-10-02 00:13:13,648 [main] INFO  http.HttpServer2 (HttpServer2.java:addFilter(958)) - Added filter static_user_filter (class=org.apache.hadoop.http.lib.StaticUserWebFilter$StaticUserFilter) to context static
2019-10-02 00:13:13,649 [main] INFO  http.HttpServer2 (HttpServer2.java:bindListener(1191)) - Jetty bound to port 46407
2019-10-02 00:13:13,649 [main] INFO  server.Server (Server.java:doStart(351)) - jetty-9.3.25.v20180904, build timestamp: 2018-09-04T21:11:46Z, git hash: 3ce520221d0240229c862b122d2b06c12a625732
2019-10-02 00:13:13,650 [main] INFO  handler.ContextHandler (ContextHandler.java:doStart(781)) - Started o.e.j.s.ServletContextHandler@5520f675{/logs,file:///workdir/hadoop-ozone/integration-test/target/log,AVAILABLE}
2019-10-02 00:13:13,650 [main] INFO  handler.ContextHandler (ContextHandler.java:doStart(781)) - Started o.e.j.s.ServletContextHandler@48f2054d{/static,jar:file:/home/user/.m2/repository/org/apache/hadoop/hadoop-hdds-container-service/0.5.0-SNAPSHOT/hadoop-hdds-container-service-0.5.0-SNAPSHOT.jar!/webapps/static,AVAILABLE}
2019-10-02 00:13:13,678 [main] INFO  handler.ContextHandler (ContextHandler.java:doStart(781)) - Started o.e.j.w.WebAppContext@3bbb8c16{/,file:///tmp/jetty-0.0.0.0-46407-hddsDatanode-_-any-6356837067217506316.dir/webapp/,AVAILABLE}{/hddsDatanode}
2019-10-02 00:13:13,678 [main] INFO  server.AbstractConnector (AbstractConnector.java:doStart(278)) - Started ServerConnector@73e1ecd0{HTTP/1.1,[http/1.1]}{0.0.0.0:46407}
2019-10-02 00:13:13,680 [main] INFO  server.Server (Server.java:doStart(419)) - Started @529463ms
2019-10-02 00:13:13,680 [main] WARN  impl.MetricsSystemImpl (MetricsSystemImpl.java:register(276)) - Sink prometheus already exists!
2019-10-02 00:13:13,680 [main] INFO  server.BaseHttpServer (BaseHttpServer.java:updateConnectorAddress(215)) - HTTP server of HDDSDATANODE is listening at http://0.0.0.0:46407
2019-10-02 00:13:13,681 [main] INFO  impl.MetricsSystemImpl (MetricsSystemImpl.java:init(158)) - HddsDatanode metrics system started (again)
2019-10-02 00:13:13,686 [org.apache.hadoop.util.JvmPauseMonitor$Monitor@1569c422] INFO  util.JvmPauseMonitor (JvmPauseMonitor.java:run(188)) - Starting JVM pause monitor
2019-10-02 00:13:13,687 [main] INFO  ozone.HddsDatanodeService (HddsDatanodeService.java:start(184)) - HddsDatanodeService host:pr-hdds-2201-rename-25sj9-3976918760 ip:192.168.30.63
2019-10-02 00:13:13,687 [Datanode State Machine Thread - 0] INFO  datanode.InitDatanodeState (InitDatanodeState.java:persistContainerDatanodeDetails(140)) - DatanodeDetails is persisted to /workdir/hadoop-ozone/integration-test/target/test-dir/MiniOzoneClusterImpl-dde0f8af-4bf9-42cc-be8d-7f937630f525/datanode-5/meta/datanode.id
2019-10-02 00:13:13,693 [main] INFO  volume.HddsVolume (HddsVolume.java:<init>(176)) - Creating Volume: /workdir/hadoop-ozone/integration-test/target/test-dir/MiniOzoneClusterImpl-dde0f8af-4bf9-42cc-be8d-7f937630f525/datanode-6/data/containers/hdds of  storage type : DISK and capacity : 1482555576320
2019-10-02 00:13:13,693 [main] INFO  volume.VolumeSet (VolumeSet.java:initializeVolumeSet(170)) - Added Volume : /workdir/hadoop-ozone/integration-test/target/test-dir/MiniOzoneClusterImpl-dde0f8af-4bf9-42cc-be8d-7f937630f525/datanode-6/data/containers/hdds to VolumeSet
2019-10-02 00:13:13,693 [main] INFO  volume.ThrottledAsyncChecker (ThrottledAsyncChecker.java:schedule(139)) - Scheduling a check for org.apache.hadoop.ozone.container.common.volume.HddsVolume@62ea8931
2019-10-02 00:13:13,694 [main] INFO  volume.HddsVolumeChecker (HddsVolumeChecker.java:checkAllVolumes(202)) - Scheduled health check for volume org.apache.hadoop.ozone.container.common.volume.HddsVolume@62ea8931
2019-10-02 00:13:13,706 [main] INFO  impl.RaftServerProxy (ConfUtils.java:logGet(43)) - raft.rpc.type = GRPC (default)
2019-10-02 00:13:13,707 [main] INFO  grpc.GrpcFactory (GrpcFactory.java:checkPooledByteBufAllocatorUseCacheForAllThreads(45)) - PERFORMANCE WARNING: useCacheForAllThreads is true that may cause Netty to create a lot garbage objects and, as a result, trigger GC.
	It is recommended to disable useCacheForAllThreads by setting -Dorg.apache.ratis.thirdparty.io.netty.allocator.useCacheForAllThreads=false in command line.
2019-10-02 00:13:13,707 [main] INFO  grpc.GrpcConfigKeys$Server (ConfUtils.java:logGet(43)) - raft.grpc.server.port = 0 (default)
2019-10-02 00:13:13,707 [main] INFO  server.GrpcService (ConfUtils.java:logGet(43)) - raft.grpc.message.size.max = 33570816 (custom)
2019-10-02 00:13:13,707 [main] INFO  server.RaftServerConfigKeys (ConfUtils.java:logGet(43)) - raft.server.log.appender.buffer.byte-limit = 33554432 (custom)
2019-10-02 00:13:13,707 [main] INFO  server.GrpcService (ConfUtils.java:logGet(43)) - raft.grpc.flow.control.window = 1MB (=1048576) (default)
2019-10-02 00:13:13,708 [main] INFO  server.RaftServerConfigKeys (ConfUtils.java:logGet(43)) - raft.server.rpc.request.timeout = 3000ms (default)
2019-10-02 00:13:13,708 [main] INFO  server.RaftServerConfigKeys (ConfUtils.java:logGet(43)) - raft.server.storage.dir = [/workdir/hadoop-ozone/integration-test/target/test-dir/MiniOzoneClusterImpl-dde0f8af-4bf9-42cc-be8d-7f937630f525/datanode-6/data/ratis] (custom)
2019-10-02 00:13:13,709 [main] INFO  hdfs.DFSUtil (DFSUtil.java:httpServerTemplateForNNAndJN(1641)) - Starting Web-server for hddsDatanode at: http://0.0.0.0:0
2019-10-02 00:13:13,710 [main] INFO  server.AuthenticationFilter (AuthenticationFilter.java:constructSecretProvider(240)) - Unable to initialize FileSignerSecretProvider, falling back to use random secrets.
2019-10-02 00:13:13,711 [main] WARN  http.HttpRequestLog (HttpRequestLog.java:getRequestLog(97)) - Jetty request log can only be enabled using Log4j
2019-10-02 00:13:13,712 [main] INFO  http.HttpServer2 (HttpServer2.java:addGlobalFilter(975)) - Added global filter 'safety' (class=org.apache.hadoop.http.HttpServer2$QuotingInputFilter)
2019-10-02 00:13:13,713 [main] INFO  http.HttpServer2 (HttpServer2.java:addFilter(948)) - Added filter static_user_filter (class=org.apache.hadoop.http.lib.StaticUserWebFilter$StaticUserFilter) to context hddsDatanode
2019-10-02 00:13:13,713 [main] INFO  http.HttpServer2 (HttpServer2.java:addFilter(958)) - Added filter static_user_filter (class=org.apache.hadoop.http.lib.StaticUserWebFilter$StaticUserFilter) to context static
2019-10-02 00:13:13,713 [main] INFO  http.HttpServer2 (HttpServer2.java:addFilter(958)) - Added filter static_user_filter (class=org.apache.hadoop.http.lib.StaticUserWebFilter$StaticUserFilter) to context logs
2019-10-02 00:13:13,714 [main] INFO  http.HttpServer2 (HttpServer2.java:bindListener(1191)) - Jetty bound to port 43233
2019-10-02 00:13:13,714 [main] INFO  server.Server (Server.java:doStart(351)) - jetty-9.3.25.v20180904, build timestamp: 2018-09-04T21:11:46Z, git hash: 3ce520221d0240229c862b122d2b06c12a625732
2019-10-02 00:13:13,715 [main] INFO  handler.ContextHandler (ContextHandler.java:doStart(781)) - Started o.e.j.s.ServletContextHandler@3cc9632d{/logs,file:///workdir/hadoop-ozone/integration-test/target/log,AVAILABLE}
2019-10-02 00:13:13,716 [main] INFO  handler.ContextHandler (ContextHandler.java:doStart(781)) - Started o.e.j.s.ServletContextHandler@489110c2{/static,jar:file:/home/user/.m2/repository/org/apache/hadoop/hadoop-hdds-container-service/0.5.0-SNAPSHOT/hadoop-hdds-container-service-0.5.0-SNAPSHOT.jar!/webapps/static,AVAILABLE}
2019-10-02 00:13:13,742 [main] INFO  handler.ContextHandler (ContextHandler.java:doStart(781)) - Started o.e.j.w.WebAppContext@3b57dba4{/,file:///tmp/jetty-0.0.0.0-43233-hddsDatanode-_-any-8969714177405025722.dir/webapp/,AVAILABLE}{/hddsDatanode}
2019-10-02 00:13:13,742 [main] INFO  server.AbstractConnector (AbstractConnector.java:doStart(278)) - Started ServerConnector@35f7969d{HTTP/1.1,[http/1.1]}{0.0.0.0:43233}
2019-10-02 00:13:13,742 [main] INFO  server.Server (Server.java:doStart(419)) - Started @529525ms
2019-10-02 00:13:13,749 [main] WARN  impl.MetricsSystemImpl (MetricsSystemImpl.java:register(276)) - Sink prometheus already exists!
2019-10-02 00:13:13,750 [main] INFO  server.BaseHttpServer (BaseHttpServer.java:updateConnectorAddress(215)) - HTTP server of HDDSDATANODE is listening at http://0.0.0.0:43233
2019-10-02 00:13:13,750 [main] INFO  ozone.MiniOzoneClusterImpl (MiniOzoneClusterImpl.java:lambda$waitForClusterToBeReady$0(147)) - Waiting for cluster to be ready. Got 0 of 7 DN Heartbeats.
2019-10-02 00:13:13,751 [org.apache.hadoop.util.JvmPauseMonitor$Monitor@752ef605] INFO  util.JvmPauseMonitor (JvmPauseMonitor.java:run(188)) - Starting JVM pause monitor
2019-10-02 00:13:13,753 [Datanode State Machine Thread - 0] INFO  datanode.InitDatanodeState (InitDatanodeState.java:persistContainerDatanodeDetails(140)) - DatanodeDetails is persisted to /workdir/hadoop-ozone/integration-test/target/test-dir/MiniOzoneClusterImpl-dde0f8af-4bf9-42cc-be8d-7f937630f525/datanode-6/meta/datanode.id
2019-10-02 00:13:14,751 [main] INFO  ozone.MiniOzoneClusterImpl (MiniOzoneClusterImpl.java:lambda$waitForClusterToBeReady$0(147)) - Waiting for cluster to be ready. Got 0 of 7 DN Heartbeats.
2019-10-02 00:13:15,376 [Datanode State Machine Thread - 0] INFO  ozoneimpl.OzoneContainer (OzoneContainer.java:start(217)) - Attempting to start container services.
2019-10-02 00:13:15,377 [Datanode State Machine Thread - 0] INFO  ozoneimpl.OzoneContainer (OzoneContainer.java:startContainerScrub(179)) - Background container scanner has been disabled.
2019-10-02 00:13:15,377 [Datanode State Machine Thread - 0] INFO  ratis.XceiverServerRatis (XceiverServerRatis.java:start(417)) - Starting XceiverServerRatis 5aed1388-c721-48a9-bd34-106b73a27ca6 at port 0
2019-10-02 00:13:15,383 [Datanode State Machine Thread - 0] INFO  impl.RaftServerProxy (RaftServerProxy.java:lambda$start$3(299)) - 5aed1388-c721-48a9-bd34-106b73a27ca6: start RPC server
2019-10-02 00:13:15,385 [Datanode State Machine Thread - 0] INFO  server.GrpcService (GrpcService.java:startImpl(158)) - 5aed1388-c721-48a9-bd34-106b73a27ca6: GrpcService started, listening on 0.0.0.0/0.0.0.0:35892
2019-10-02 00:13:15,385 [Datanode State Machine Thread - 0] INFO  ratis.XceiverServerRatis (XceiverServerRatis.java:start(427)) - XceiverServerRatis 5aed1388-c721-48a9-bd34-106b73a27ca6 is started using port 35892
2019-10-02 00:13:15,390 [Datanode State Machine Thread - 0] INFO  server.XceiverServerGrpc (XceiverServerGrpc.java:start(149)) - XceiverServerGrpc 5aed1388-c721-48a9-bd34-106b73a27ca6 is started using port 42002
2019-10-02 00:13:15,426 [Datanode State Machine Thread - 0] INFO  ozoneimpl.OzoneContainer (OzoneContainer.java:start(217)) - Attempting to start container services.
2019-10-02 00:13:15,427 [Datanode State Machine Thread - 0] INFO  ozoneimpl.OzoneContainer (OzoneContainer.java:startContainerScrub(179)) - Background container scanner has been disabled.
2019-10-02 00:13:15,427 [Datanode State Machine Thread - 0] INFO  ratis.XceiverServerRatis (XceiverServerRatis.java:start(417)) - Starting XceiverServerRatis a63184a2-e924-4873-b8f1-68ec2fadd2e2 at port 0
2019-10-02 00:13:15,432 [Datanode State Machine Thread - 0] INFO  impl.RaftServerProxy (RaftServerProxy.java:lambda$start$3(299)) - a63184a2-e924-4873-b8f1-68ec2fadd2e2: start RPC server
2019-10-02 00:13:15,435 [Datanode State Machine Thread - 0] INFO  server.GrpcService (GrpcService.java:startImpl(158)) - a63184a2-e924-4873-b8f1-68ec2fadd2e2: GrpcService started, listening on 0.0.0.0/0.0.0.0:46821
2019-10-02 00:13:15,435 [Datanode State Machine Thread - 0] INFO  ratis.XceiverServerRatis (XceiverServerRatis.java:start(427)) - XceiverServerRatis a63184a2-e924-4873-b8f1-68ec2fadd2e2 is started using port 46821
2019-10-02 00:13:15,436 [Datanode State Machine Thread - 0] INFO  server.XceiverServerGrpc (XceiverServerGrpc.java:start(149)) - XceiverServerGrpc a63184a2-e924-4873-b8f1-68ec2fadd2e2 is started using port 42428
2019-10-02 00:13:15,502 [Datanode State Machine Thread - 0] INFO  ozoneimpl.OzoneContainer (OzoneContainer.java:start(217)) - Attempting to start container services.
2019-10-02 00:13:15,502 [Datanode State Machine Thread - 0] INFO  ozoneimpl.OzoneContainer (OzoneContainer.java:startContainerScrub(179)) - Background container scanner has been disabled.
2019-10-02 00:13:15,502 [Datanode State Machine Thread - 0] INFO  ratis.XceiverServerRatis (XceiverServerRatis.java:start(417)) - Starting XceiverServerRatis c567e9db-e1d2-4fff-b8cd-45881b0c79e7 at port 0
2019-10-02 00:13:15,507 [Datanode State Machine Thread - 0] INFO  impl.RaftServerProxy (RaftServerProxy.java:lambda$start$3(299)) - c567e9db-e1d2-4fff-b8cd-45881b0c79e7: start RPC server
2019-10-02 00:13:15,510 [Datanode State Machine Thread - 0] INFO  server.GrpcService (GrpcService.java:startImpl(158)) - c567e9db-e1d2-4fff-b8cd-45881b0c79e7: GrpcService started, listening on 0.0.0.0/0.0.0.0:38263
2019-10-02 00:13:15,510 [Datanode State Machine Thread - 0] INFO  ratis.XceiverServerRatis (XceiverServerRatis.java:start(427)) - XceiverServerRatis c567e9db-e1d2-4fff-b8cd-45881b0c79e7 is started using port 38263
2019-10-02 00:13:15,511 [Datanode State Machine Thread - 0] INFO  server.XceiverServerGrpc (XceiverServerGrpc.java:start(149)) - XceiverServerGrpc c567e9db-e1d2-4fff-b8cd-45881b0c79e7 is started using port 45569
2019-10-02 00:13:15,569 [Datanode State Machine Thread - 0] INFO  ozoneimpl.OzoneContainer (OzoneContainer.java:start(217)) - Attempting to start container services.
2019-10-02 00:13:15,569 [Datanode State Machine Thread - 0] INFO  ozoneimpl.OzoneContainer (OzoneContainer.java:startContainerScrub(179)) - Background container scanner has been disabled.
2019-10-02 00:13:15,569 [Datanode State Machine Thread - 0] INFO  ratis.XceiverServerRatis (XceiverServerRatis.java:start(417)) - Starting XceiverServerRatis b2ccb09c-659d-4cb0-92b9-3179ded62f29 at port 0
2019-10-02 00:13:15,577 [Datanode State Machine Thread - 0] INFO  impl.RaftServerProxy (RaftServerProxy.java:lambda$start$3(299)) - b2ccb09c-659d-4cb0-92b9-3179ded62f29: start RPC server
2019-10-02 00:13:15,578 [Datanode State Machine Thread - 0] INFO  server.GrpcService (GrpcService.java:startImpl(158)) - b2ccb09c-659d-4cb0-92b9-3179ded62f29: GrpcService started, listening on 0.0.0.0/0.0.0.0:41168
2019-10-02 00:13:15,578 [Datanode State Machine Thread - 0] INFO  ratis.XceiverServerRatis (XceiverServerRatis.java:start(427)) - XceiverServerRatis b2ccb09c-659d-4cb0-92b9-3179ded62f29 is started using port 41168
2019-10-02 00:13:15,578 [Datanode State Machine Thread - 0] INFO  server.XceiverServerGrpc (XceiverServerGrpc.java:start(149)) - XceiverServerGrpc b2ccb09c-659d-4cb0-92b9-3179ded62f29 is started using port 33702
2019-10-02 00:13:15,652 [Datanode State Machine Thread - 0] INFO  ozoneimpl.OzoneContainer (OzoneContainer.java:start(217)) - Attempting to start container services.
2019-10-02 00:13:15,653 [Datanode State Machine Thread - 0] INFO  ozoneimpl.OzoneContainer (OzoneContainer.java:startContainerScrub(179)) - Background container scanner has been disabled.
2019-10-02 00:13:15,653 [Datanode State Machine Thread - 0] INFO  ratis.XceiverServerRatis (XceiverServerRatis.java:start(417)) - Starting XceiverServerRatis ac816572-adb8-4efa-a0d7-3d08ab4d48f3 at port 0
2019-10-02 00:13:15,658 [Datanode State Machine Thread - 0] INFO  impl.RaftServerProxy (RaftServerProxy.java:lambda$start$3(299)) - ac816572-adb8-4efa-a0d7-3d08ab4d48f3: start RPC server
2019-10-02 00:13:15,659 [Datanode State Machine Thread - 0] INFO  server.GrpcService (GrpcService.java:startImpl(158)) - ac816572-adb8-4efa-a0d7-3d08ab4d48f3: GrpcService started, listening on 0.0.0.0/0.0.0.0:43796
2019-10-02 00:13:15,659 [Datanode State Machine Thread - 0] INFO  ratis.XceiverServerRatis (XceiverServerRatis.java:start(427)) - XceiverServerRatis ac816572-adb8-4efa-a0d7-3d08ab4d48f3 is started using port 43796
2019-10-02 00:13:15,660 [Datanode State Machine Thread - 0] INFO  server.XceiverServerGrpc (XceiverServerGrpc.java:start(149)) - XceiverServerGrpc ac816572-adb8-4efa-a0d7-3d08ab4d48f3 is started using port 44637
2019-10-02 00:13:15,711 [Datanode State Machine Thread - 0] INFO  ozoneimpl.OzoneContainer (OzoneContainer.java:start(217)) - Attempting to start container services.
2019-10-02 00:13:15,711 [Datanode State Machine Thread - 0] INFO  ozoneimpl.OzoneContainer (OzoneContainer.java:startContainerScrub(179)) - Background container scanner has been disabled.
2019-10-02 00:13:15,712 [Datanode State Machine Thread - 0] INFO  ratis.XceiverServerRatis (XceiverServerRatis.java:start(417)) - Starting XceiverServerRatis 273bd3ba-db52-4655-bbb8-1c2df5793e49 at port 0
2019-10-02 00:13:15,718 [Datanode State Machine Thread - 0] INFO  impl.RaftServerProxy (RaftServerProxy.java:lambda$start$3(299)) - 273bd3ba-db52-4655-bbb8-1c2df5793e49: start RPC server
2019-10-02 00:13:15,718 [Datanode State Machine Thread - 0] INFO  server.GrpcService (GrpcService.java:startImpl(158)) - 273bd3ba-db52-4655-bbb8-1c2df5793e49: GrpcService started, listening on 0.0.0.0/0.0.0.0:39351
2019-10-02 00:13:15,718 [Datanode State Machine Thread - 0] INFO  ratis.XceiverServerRatis (XceiverServerRatis.java:start(427)) - XceiverServerRatis 273bd3ba-db52-4655-bbb8-1c2df5793e49 is started using port 39351
2019-10-02 00:13:15,722 [Datanode State Machine Thread - 0] INFO  server.XceiverServerGrpc (XceiverServerGrpc.java:start(149)) - XceiverServerGrpc 273bd3ba-db52-4655-bbb8-1c2df5793e49 is started using port 33335
2019-10-02 00:13:15,751 [main] INFO  ozone.MiniOzoneClusterImpl (MiniOzoneClusterImpl.java:lambda$waitForClusterToBeReady$0(147)) - Waiting for cluster to be ready. Got 0 of 7 DN Heartbeats.
2019-10-02 00:13:15,778 [Datanode State Machine Thread - 0] INFO  ozoneimpl.OzoneContainer (OzoneContainer.java:start(217)) - Attempting to start container services.
2019-10-02 00:13:15,779 [Datanode State Machine Thread - 0] INFO  ozoneimpl.OzoneContainer (OzoneContainer.java:startContainerScrub(179)) - Background container scanner has been disabled.
2019-10-02 00:13:15,779 [Datanode State Machine Thread - 0] INFO  ratis.XceiverServerRatis (XceiverServerRatis.java:start(417)) - Starting XceiverServerRatis 4db5ec50-aaae-4c5e-b67c-a912007a418d at port 0
2019-10-02 00:13:15,785 [Datanode State Machine Thread - 0] INFO  impl.RaftServerProxy (RaftServerProxy.java:lambda$start$3(299)) - 4db5ec50-aaae-4c5e-b67c-a912007a418d: start RPC server
2019-10-02 00:13:15,789 [Datanode State Machine Thread - 0] INFO  server.GrpcService (GrpcService.java:startImpl(158)) - 4db5ec50-aaae-4c5e-b67c-a912007a418d: GrpcService started, listening on 0.0.0.0/0.0.0.0:46233
2019-10-02 00:13:15,789 [Datanode State Machine Thread - 0] INFO  ratis.XceiverServerRatis (XceiverServerRatis.java:start(427)) - XceiverServerRatis 4db5ec50-aaae-4c5e-b67c-a912007a418d is started using port 46233
2019-10-02 00:13:15,797 [Datanode State Machine Thread - 0] INFO  server.XceiverServerGrpc (XceiverServerGrpc.java:start(149)) - XceiverServerGrpc 4db5ec50-aaae-4c5e-b67c-a912007a418d is started using port 45101
2019-10-02 00:13:16,752 [main] INFO  ozone.MiniOzoneClusterImpl (MiniOzoneClusterImpl.java:lambda$waitForClusterToBeReady$0(147)) - Waiting for cluster to be ready. Got 0 of 7 DN Heartbeats.
2019-10-02 00:13:17,333 [IPC Server handler 0 on 46760] INFO  net.NetworkTopology (NetworkTopologyImpl.java:add(111)) - Added a new node: /default-rack/5aed1388-c721-48a9-bd34-106b73a27ca6
2019-10-02 00:13:17,335 [IPC Server handler 0 on 46760] INFO  node.SCMNodeManager (SCMNodeManager.java:register(266)) - Registered Data node : 5aed1388-c721-48a9-bd34-106b73a27ca6{ip: 192.168.30.63, host: pr-hdds-2201-rename-25sj9-3976918760, networkLocation: /default-rack, certSerialId: null}
2019-10-02 00:13:17,336 [EventQueue-NodeRegistrationContainerReportForDataNodeSafeModeRule] INFO  safemode.SCMSafeModeManager (DataNodeSafeModeRule.java:process(71)) - SCM in safe mode. 1 DataNodes registered, 1 required.
2019-10-02 00:13:17,337 [EventQueue-NodeRegistrationContainerReportForDataNodeSafeModeRule] INFO  safemode.SCMSafeModeManager (SCMSafeModeManager.java:validateSafeModeExitRules(177)) - ScmSafeModeManager, all rules are successfully validated
2019-10-02 00:13:17,337 [EventQueue-NodeRegistrationContainerReportForDataNodeSafeModeRule] INFO  safemode.SCMSafeModeManager (SCMSafeModeManager.java:exitSafeMode(193)) - SCM exiting safe mode.
2019-10-02 00:13:17,346 [grpc-default-executor-10] INFO  impl.RaftServerProxy (RaftServerProxy.java:addNew(89)) - 5aed1388-c721-48a9-bd34-106b73a27ca6: addNew group-80536B2564A4:[5aed1388-c721-48a9-bd34-106b73a27ca6:192.168.30.63:35892] returns group-80536B2564A4:java.util.concurrent.CompletableFuture@1dfb7085[Not completed]
2019-10-02 00:13:17,348 [pool-409-thread-1] INFO  impl.RaftServerImpl (RaftServerImpl.java:<init>(95)) - 5aed1388-c721-48a9-bd34-106b73a27ca6: new RaftServerImpl for group-80536B2564A4:[5aed1388-c721-48a9-bd34-106b73a27ca6:192.168.30.63:35892] with ContainerStateMachine:uninitialized
2019-10-02 00:13:17,348 [pool-409-thread-1] INFO  server.RaftServerConfigKeys (ConfUtils.java:logGet(43)) - raft.server.rpc.timeout.min = 5s (custom)
2019-10-02 00:13:17,348 [pool-409-thread-1] INFO  server.RaftServerConfigKeys (ConfUtils.java:logGet(43)) - raft.server.rpc.timeout.max = 5200ms (custom)
2019-10-02 00:13:17,348 [pool-409-thread-1] INFO  server.RaftServerConfigKeys (ConfUtils.java:logGet(43)) - raft.server.rpcslowness.timeout = 120s (custom)
2019-10-02 00:13:17,348 [pool-409-thread-1] INFO  server.RaftServerConfigKeys (ConfUtils.java:logGet(43)) - raft.server.sleep.deviation.threshold = 300 (default)
2019-10-02 00:13:17,349 [pool-409-thread-1] INFO  server.RaftServerConfigKeys (ConfUtils.java:logGet(43)) - raft.server.log.appender.install.snapshot.enabled = false (custom)
2019-10-02 00:13:17,349 [pool-409-thread-1] INFO  impl.RaftServerImpl (ServerState.java:<init>(103)) - 5aed1388-c721-48a9-bd34-106b73a27ca6@group-80536B2564A4: ConfigurationManager, init=-1: [5aed1388-c721-48a9-bd34-106b73a27ca6:192.168.30.63:35892], old=null, confs=<EMPTY_MAP>
2019-10-02 00:13:17,349 [pool-409-thread-1] INFO  server.RaftServerConfigKeys (ConfUtils.java:logGet(43)) - raft.server.storage.dir = [/workdir/hadoop-ozone/integration-test/target/test-dir/MiniOzoneClusterImpl-dde0f8af-4bf9-42cc-be8d-7f937630f525/datanode-0/data/ratis] (custom)
2019-10-02 00:13:17,349 [pool-409-thread-1] INFO  server.RaftServerConfigKeys (ConfUtils.java:logGet(43)) - raft.server.log.corruption.policy = EXCEPTION (default)
2019-10-02 00:13:17,349 [pool-409-thread-1] INFO  storage.RaftStorageDirectory (RaftStorageDirectory.java:analyzeStorage(246)) - The storage directory /workdir/hadoop-ozone/integration-test/target/test-dir/MiniOzoneClusterImpl-dde0f8af-4bf9-42cc-be8d-7f937630f525/datanode-0/data/ratis/5d671ff4-1da8-4ac0-8900-80536b2564a4 does not exist. Creating ...
2019-10-02 00:13:17,400 [IPC Server handler 1 on 46760] INFO  net.NetworkTopology (NetworkTopologyImpl.java:add(111)) - Added a new node: /default-rack/a63184a2-e924-4873-b8f1-68ec2fadd2e2
2019-10-02 00:13:17,400 [IPC Server handler 1 on 46760] INFO  node.SCMNodeManager (SCMNodeManager.java:register(266)) - Registered Data node : a63184a2-e924-4873-b8f1-68ec2fadd2e2{ip: 192.168.30.63, host: pr-hdds-2201-rename-25sj9-3976918760, networkLocation: /default-rack, certSerialId: null}
2019-10-02 00:13:17,412 [pool-409-thread-1] INFO  storage.RaftStorageDirectory (RaftStorageDirectory.java:tryLock(328)) - Lock on /workdir/hadoop-ozone/integration-test/target/test-dir/MiniOzoneClusterImpl-dde0f8af-4bf9-42cc-be8d-7f937630f525/datanode-0/data/ratis/5d671ff4-1da8-4ac0-8900-80536b2564a4/in_use.lock acquired by nodename 23313@pr-hdds-2201-rename-25sj9-3976918760
2019-10-02 00:13:17,437 [pool-409-thread-1] INFO  storage.RaftStorage (RaftStorage.java:format(84)) - Storage directory /workdir/hadoop-ozone/integration-test/target/test-dir/MiniOzoneClusterImpl-dde0f8af-4bf9-42cc-be8d-7f937630f525/datanode-0/data/ratis/5d671ff4-1da8-4ac0-8900-80536b2564a4 has been successfully formatted.
2019-10-02 00:13:17,437 [pool-409-thread-1] INFO  ratis.ContainerStateMachine (ContainerStateMachine.java:loadSnapshot(230)) - group-80536B2564A4: The snapshot info is null. Setting the last applied indexto:(t:0, i:~)
2019-10-02 00:13:17,437 [pool-409-thread-1] INFO  server.RaftServerConfigKeys (ConfUtils.java:logGet(43)) - raft.server.notification.no-leader.timeout = 120s (custom)
2019-10-02 00:13:17,438 [pool-409-thread-1] INFO  server.RaftServerConfigKeys (ConfUtils.java:logGet(43)) - raft.server.log.use.memory = false (default)
2019-10-02 00:13:17,438 [pool-409-thread-1] INFO  server.RaftServerConfigKeys (ConfUtils.java:logGet(43)) - raft.server.log.purge.gap = 1000000 (custom)
2019-10-02 00:13:17,438 [pool-409-thread-1] INFO  server.RaftServerConfigKeys (ConfUtils.java:logGet(43)) - raft.server.log.appender.buffer.byte-limit = 33554432 (custom)
2019-10-02 00:13:17,438 [pool-409-thread-1] INFO  server.RaftServerConfigKeys (ConfUtils.java:logGet(43)) - raft.server.log.segment.size.max = 1048576 (custom)
2019-10-02 00:13:17,440 [pool-409-thread-1] INFO  server.RaftServerConfigKeys (ConfUtils.java:logGet(43)) - raft.server.log.segment.cache.num.max = 2 (custom)
2019-10-02 00:13:17,440 [pool-409-thread-1] INFO  segmented.SegmentedRaftLogWorker (SegmentedRaftLogWorker.java:<init>(173)) - new 5aed1388-c721-48a9-bd34-106b73a27ca6@group-80536B2564A4-SegmentedRaftLogWorker for RaftStorage:Storage Directory /workdir/hadoop-ozone/integration-test/target/test-dir/MiniOzoneClusterImpl-dde0f8af-4bf9-42cc-be8d-7f937630f525/datanode-0/data/ratis/5d671ff4-1da8-4ac0-8900-80536b2564a4
2019-10-02 00:13:17,440 [pool-409-thread-1] INFO  server.RaftServerConfigKeys (ConfUtils.java:logGet(43)) - raft.server.log.queue.byte-limit = 2147483647 (custom)
2019-10-02 00:13:17,440 [pool-409-thread-1] INFO  server.RaftServerConfigKeys (ConfUtils.java:logGet(43)) - raft.server.log.queue.element-limit = 1024 (custom)
2019-10-02 00:13:17,441 [pool-409-thread-1] INFO  server.RaftServerConfigKeys (ConfUtils.java:logGet(43)) - raft.server.log.segment.size.max = 1048576 (custom)
2019-10-02 00:13:17,441 [pool-409-thread-1] INFO  server.RaftServerConfigKeys (ConfUtils.java:logGet(43)) - raft.server.log.preallocated.size = 16384 (custom)
2019-10-02 00:13:17,441 [pool-409-thread-1] INFO  server.RaftServerConfigKeys (ConfUtils.java:logGet(43)) - raft.server.log.write.buffer.size = 33554432 (custom)
2019-10-02 00:13:17,441 [pool-409-thread-1] INFO  server.RaftServerConfigKeys (ConfUtils.java:logGet(43)) - raft.server.log.force.sync.num = 128 (default)
2019-10-02 00:13:17,441 [pool-409-thread-1] INFO  server.RaftServerConfigKeys (ConfUtils.java:logGet(43)) - raft.server.log.statemachine.data.sync = true (default)
2019-10-02 00:13:17,441 [pool-409-thread-1] INFO  server.RaftServerConfigKeys (ConfUtils.java:logGet(43)) - raft.server.log.statemachine.data.sync.timeout = 10s (default)
2019-10-02 00:13:17,441 [pool-409-thread-1] INFO  server.RaftServerConfigKeys (ConfUtils.java:logGet(43)) - raft.server.log.statemachine.data.sync.timeout.retry = -1 (default)
2019-10-02 00:13:17,442 [pool-409-thread-1] INFO  server.RaftServerConfigKeys (ConfUtils.java:logGet(43)) - raft.server.log.statemachine.data.caching.enabled = true (custom)
2019-10-02 00:13:17,442 [pool-409-thread-1] INFO  segmented.SegmentedRaftLogWorker (SegmentedRaftLogWorker.java:lambda$new$0(128)) - 5aed1388-c721-48a9-bd34-106b73a27ca6@group-80536B2564A4-SegmentedRaftLogWorker: flushIndex: setUnconditionally 0 -> -1
2019-10-02 00:13:17,442 [pool-409-thread-1] INFO  server.RaftServerConfigKeys (ConfUtils.java:logGet(43)) - raft.server.snapshot.auto.trigger.enabled = true (custom)
2019-10-02 00:13:17,443 [pool-409-thread-1] INFO  server.RaftServerConfigKeys (ConfUtils.java:logGet(43)) - raft.server.snapshot.auto.trigger.threshold = 10000 (custom)
2019-10-02 00:13:17,443 [pool-409-thread-1] INFO  server.RaftServerConfigKeys (ConfUtils.java:logGet(43)) - raft.server.snapshot.retention.file.num = 5 (custom)
2019-10-02 00:13:17,443 [pool-409-thread-1] INFO  server.RaftServerConfigKeys (ConfUtils.java:logGet(43)) - raft.server.retrycache.expirytime = 600000ms (custom)
2019-10-02 00:13:17,445 [pool-409-thread-1] INFO  impl.RaftServerImpl (RaftServerImpl.java:start(181)) - 5aed1388-c721-48a9-bd34-106b73a27ca6@group-80536B2564A4: start as a follower, conf=-1: [5aed1388-c721-48a9-bd34-106b73a27ca6:192.168.30.63:35892], old=null
2019-10-02 00:13:17,445 [pool-409-thread-1] INFO  impl.RaftServerImpl (RaftServerImpl.java:setRole(170)) - 5aed1388-c721-48a9-bd34-106b73a27ca6@group-80536B2564A4: changes role from      null to FOLLOWER at term 0 for startAsFollower
2019-10-02 00:13:17,445 [pool-409-thread-1] INFO  impl.RoleInfo (RoleInfo.java:updateAndGet(143)) - 5aed1388-c721-48a9-bd34-106b73a27ca6: start FollowerState
2019-10-02 00:13:17,446 [pool-409-thread-1] INFO  util.JmxRegister (JmxRegister.java:tryRegister(44)) - Successfully registered JMX Bean with object name Ratis:service=RaftServer,group=group-80536B2564A4,id=5aed1388-c721-48a9-bd34-106b73a27ca6
2019-10-02 00:13:17,450 [RatisPipelineUtilsThread] INFO  pipeline.PipelineStateManager (PipelineStateManager.java:addPipeline(56)) - Created pipeline Pipeline[ Id: 5d671ff4-1da8-4ac0-8900-80536b2564a4, Nodes: 5aed1388-c721-48a9-bd34-106b73a27ca6{ip: 192.168.30.63, host: pr-hdds-2201-rename-25sj9-3976918760, networkLocation: /default-rack, certSerialId: null}, Type:RATIS, Factor:ONE, State:OPEN]
2019-10-02 00:13:17,456 [grpc-default-executor-10] INFO  impl.RaftServerProxy (RaftServerProxy.java:addNew(89)) - a63184a2-e924-4873-b8f1-68ec2fadd2e2: addNew group-6F01D77A8403:[a63184a2-e924-4873-b8f1-68ec2fadd2e2:192.168.30.63:46821] returns group-6F01D77A8403:java.util.concurrent.CompletableFuture@4046c059[Not completed]
2019-10-02 00:13:17,457 [pool-419-thread-1] INFO  impl.RaftServerImpl (RaftServerImpl.java:<init>(95)) - a63184a2-e924-4873-b8f1-68ec2fadd2e2: new RaftServerImpl for group-6F01D77A8403:[a63184a2-e924-4873-b8f1-68ec2fadd2e2:192.168.30.63:46821] with ContainerStateMachine:uninitialized
2019-10-02 00:13:17,457 [pool-419-thread-1] INFO  server.RaftServerConfigKeys (ConfUtils.java:logGet(43)) - raft.server.rpc.timeout.min = 5s (custom)
2019-10-02 00:13:17,457 [pool-419-thread-1] INFO  server.RaftServerConfigKeys (ConfUtils.java:logGet(43)) - raft.server.rpc.timeout.max = 5200ms (custom)
2019-10-02 00:13:17,457 [pool-419-thread-1] INFO  server.RaftServerConfigKeys (ConfUtils.java:logGet(43)) - raft.server.rpcslowness.timeout = 120s (custom)
2019-10-02 00:13:17,457 [pool-419-thread-1] INFO  server.RaftServerConfigKeys (ConfUtils.java:logGet(43)) - raft.server.sleep.deviation.threshold = 300 (default)
2019-10-02 00:13:17,457 [pool-419-thread-1] INFO  server.RaftServerConfigKeys (ConfUtils.java:logGet(43)) - raft.server.log.appender.install.snapshot.enabled = false (custom)
2019-10-02 00:13:17,457 [pool-419-thread-1] INFO  impl.RaftServerImpl (ServerState.java:<init>(103)) - a63184a2-e924-4873-b8f1-68ec2fadd2e2@group-6F01D77A8403: ConfigurationManager, init=-1: [a63184a2-e924-4873-b8f1-68ec2fadd2e2:192.168.30.63:46821], old=null, confs=<EMPTY_MAP>
2019-10-02 00:13:17,457 [pool-419-thread-1] INFO  server.RaftServerConfigKeys (ConfUtils.java:logGet(43)) - raft.server.storage.dir = [/workdir/hadoop-ozone/integration-test/target/test-dir/MiniOzoneClusterImpl-dde0f8af-4bf9-42cc-be8d-7f937630f525/datanode-1/data/ratis] (custom)
2019-10-02 00:13:17,458 [pool-419-thread-1] INFO  server.RaftServerConfigKeys (ConfUtils.java:logGet(43)) - raft.server.log.corruption.policy = EXCEPTION (default)
2019-10-02 00:13:17,458 [pool-419-thread-1] INFO  storage.RaftStorageDirectory (RaftStorageDirectory.java:analyzeStorage(246)) - The storage directory /workdir/hadoop-ozone/integration-test/target/test-dir/MiniOzoneClusterImpl-dde0f8af-4bf9-42cc-be8d-7f937630f525/datanode-1/data/ratis/00077a43-dcce-4f0f-afe1-6f01d77a8403 does not exist. Creating ...
2019-10-02 00:13:17,473 [IPC Server handler 3 on 46760] INFO  net.NetworkTopology (NetworkTopologyImpl.java:add(111)) - Added a new node: /default-rack/c567e9db-e1d2-4fff-b8cd-45881b0c79e7
2019-10-02 00:13:17,473 [IPC Server handler 3 on 46760] INFO  node.SCMNodeManager (SCMNodeManager.java:register(266)) - Registered Data node : c567e9db-e1d2-4fff-b8cd-45881b0c79e7{ip: 192.168.30.63, host: pr-hdds-2201-rename-25sj9-3976918760, networkLocation: /default-rack, certSerialId: null}
2019-10-02 00:13:17,487 [pool-419-thread-1] INFO  storage.RaftStorageDirectory (RaftStorageDirectory.java:tryLock(328)) - Lock on /workdir/hadoop-ozone/integration-test/target/test-dir/MiniOzoneClusterImpl-dde0f8af-4bf9-42cc-be8d-7f937630f525/datanode-1/data/ratis/00077a43-dcce-4f0f-afe1-6f01d77a8403/in_use.lock acquired by nodename 23313@pr-hdds-2201-rename-25sj9-3976918760
2019-10-02 00:13:17,513 [pool-419-thread-1] INFO  storage.RaftStorage (RaftStorage.java:format(84)) - Storage directory /workdir/hadoop-ozone/integration-test/target/test-dir/MiniOzoneClusterImpl-dde0f8af-4bf9-42cc-be8d-7f937630f525/datanode-1/data/ratis/00077a43-dcce-4f0f-afe1-6f01d77a8403 has been successfully formatted.
2019-10-02 00:13:17,513 [pool-419-thread-1] INFO  ratis.ContainerStateMachine (ContainerStateMachine.java:loadSnapshot(230)) - group-6F01D77A8403: The snapshot info is null. Setting the last applied indexto:(t:0, i:~)
2019-10-02 00:13:17,513 [pool-419-thread-1] INFO  server.RaftServerConfigKeys (ConfUtils.java:logGet(43)) - raft.server.notification.no-leader.timeout = 120s (custom)
2019-10-02 00:13:17,513 [pool-419-thread-1] INFO  server.RaftServerConfigKeys (ConfUtils.java:logGet(43)) - raft.server.log.use.memory = false (default)
2019-10-02 00:13:17,513 [pool-419-thread-1] INFO  server.RaftServerConfigKeys (ConfUtils.java:logGet(43)) - raft.server.log.purge.gap = 1000000 (custom)
2019-10-02 00:13:17,513 [pool-419-thread-1] INFO  server.RaftServerConfigKeys (ConfUtils.java:logGet(43)) - raft.server.log.appender.buffer.byte-limit = 33554432 (custom)
2019-10-02 00:13:17,513 [pool-419-thread-1] INFO  server.RaftServerConfigKeys (ConfUtils.java:logGet(43)) - raft.server.log.segment.size.max = 1048576 (custom)
2019-10-02 00:13:17,515 [pool-419-thread-1] INFO  server.RaftServerConfigKeys (ConfUtils.java:logGet(43)) - raft.server.log.segment.cache.num.max = 2 (custom)
2019-10-02 00:13:17,515 [pool-419-thread-1] INFO  segmented.SegmentedRaftLogWorker (SegmentedRaftLogWorker.java:<init>(173)) - new a63184a2-e924-4873-b8f1-68ec2fadd2e2@group-6F01D77A8403-SegmentedRaftLogWorker for RaftStorage:Storage Directory /workdir/hadoop-ozone/integration-test/target/test-dir/MiniOzoneClusterImpl-dde0f8af-4bf9-42cc-be8d-7f937630f525/datanode-1/data/ratis/00077a43-dcce-4f0f-afe1-6f01d77a8403
2019-10-02 00:13:17,515 [pool-419-thread-1] INFO  server.RaftServerConfigKeys (ConfUtils.java:logGet(43)) - raft.server.log.queue.byte-limit = 2147483647 (custom)
2019-10-02 00:13:17,515 [pool-419-thread-1] INFO  server.RaftServerConfigKeys (ConfUtils.java:logGet(43)) - raft.server.log.queue.element-limit = 1024 (custom)
2019-10-02 00:13:17,515 [pool-419-thread-1] INFO  server.RaftServerConfigKeys (ConfUtils.java:logGet(43)) - raft.server.log.segment.size.max = 1048576 (custom)
2019-10-02 00:13:17,515 [pool-419-thread-1] INFO  server.RaftServerConfigKeys (ConfUtils.java:logGet(43)) - raft.server.log.preallocated.size = 16384 (custom)
2019-10-02 00:13:17,515 [pool-419-thread-1] INFO  server.RaftServerConfigKeys (ConfUtils.java:logGet(43)) - raft.server.log.write.buffer.size = 33554432 (custom)
2019-10-02 00:13:17,515 [pool-419-thread-1] INFO  server.RaftServerConfigKeys (ConfUtils.java:logGet(43)) - raft.server.log.force.sync.num = 128 (default)
2019-10-02 00:13:17,515 [pool-419-thread-1] INFO  server.RaftServerConfigKeys (ConfUtils.java:logGet(43)) - raft.server.log.statemachine.data.sync = true (default)
2019-10-02 00:13:17,515 [pool-419-thread-1] INFO  server.RaftServerConfigKeys (ConfUtils.java:logGet(43)) - raft.server.log.statemachine.data.sync.timeout = 10s (default)
2019-10-02 00:13:17,515 [pool-419-thread-1] INFO  server.RaftServerConfigKeys (ConfUtils.java:logGet(43)) - raft.server.log.statemachine.data.sync.timeout.retry = -1 (default)
2019-10-02 00:13:17,516 [pool-419-thread-1] INFO  server.RaftServerConfigKeys (ConfUtils.java:logGet(43)) - raft.server.log.statemachine.data.caching.enabled = true (custom)
2019-10-02 00:13:17,516 [pool-419-thread-1] INFO  segmented.SegmentedRaftLogWorker (SegmentedRaftLogWorker.java:lambda$new$0(128)) - a63184a2-e924-4873-b8f1-68ec2fadd2e2@group-6F01D77A8403-SegmentedRaftLogWorker: flushIndex: setUnconditionally 0 -> -1
2019-10-02 00:13:17,516 [pool-419-thread-1] INFO  server.RaftServerConfigKeys (ConfUtils.java:logGet(43)) - raft.server.snapshot.auto.trigger.enabled = true (custom)
2019-10-02 00:13:17,516 [pool-419-thread-1] INFO  server.RaftServerConfigKeys (ConfUtils.java:logGet(43)) - raft.server.snapshot.auto.trigger.threshold = 10000 (custom)
2019-10-02 00:13:17,516 [pool-419-thread-1] INFO  server.RaftServerConfigKeys (ConfUtils.java:logGet(43)) - raft.server.snapshot.retention.file.num = 5 (custom)
2019-10-02 00:13:17,516 [pool-419-thread-1] INFO  server.RaftServerConfigKeys (ConfUtils.java:logGet(43)) - raft.server.retrycache.expirytime = 600000ms (custom)
2019-10-02 00:13:17,517 [pool-419-thread-1] INFO  impl.RaftServerImpl (RaftServerImpl.java:start(181)) - a63184a2-e924-4873-b8f1-68ec2fadd2e2@group-6F01D77A8403: start as a follower, conf=-1: [a63184a2-e924-4873-b8f1-68ec2fadd2e2:192.168.30.63:46821], old=null
2019-10-02 00:13:17,517 [pool-419-thread-1] INFO  impl.RaftServerImpl (RaftServerImpl.java:setRole(170)) - a63184a2-e924-4873-b8f1-68ec2fadd2e2@group-6F01D77A8403: changes role from      null to FOLLOWER at term 0 for startAsFollower
2019-10-02 00:13:17,518 [pool-419-thread-1] INFO  impl.RoleInfo (RoleInfo.java:updateAndGet(143)) - a63184a2-e924-4873-b8f1-68ec2fadd2e2: start FollowerState
2019-10-02 00:13:17,518 [pool-419-thread-1] INFO  util.JmxRegister (JmxRegister.java:tryRegister(44)) - Successfully registered JMX Bean with object name Ratis:service=RaftServer,group=group-6F01D77A8403,id=a63184a2-e924-4873-b8f1-68ec2fadd2e2
2019-10-02 00:13:17,521 [RatisPipelineUtilsThread] INFO  pipeline.PipelineStateManager (PipelineStateManager.java:addPipeline(56)) - Created pipeline Pipeline[ Id: 00077a43-dcce-4f0f-afe1-6f01d77a8403, Nodes: a63184a2-e924-4873-b8f1-68ec2fadd2e2{ip: 192.168.30.63, host: pr-hdds-2201-rename-25sj9-3976918760, networkLocation: /default-rack, certSerialId: null}, Type:RATIS, Factor:ONE, State:OPEN]
2019-10-02 00:13:17,526 [grpc-default-executor-10] INFO  impl.RaftServerProxy (RaftServerProxy.java:addNew(89)) - c567e9db-e1d2-4fff-b8cd-45881b0c79e7: addNew group-0DB75B100145:[c567e9db-e1d2-4fff-b8cd-45881b0c79e7:192.168.30.63:38263] returns group-0DB75B100145:java.util.concurrent.CompletableFuture@2f27be9e[Not completed]
2019-10-02 00:13:17,527 [pool-429-thread-1] INFO  impl.RaftServerImpl (RaftServerImpl.java:<init>(95)) - c567e9db-e1d2-4fff-b8cd-45881b0c79e7: new RaftServerImpl for group-0DB75B100145:[c567e9db-e1d2-4fff-b8cd-45881b0c79e7:192.168.30.63:38263] with ContainerStateMachine:uninitialized
2019-10-02 00:13:17,528 [pool-429-thread-1] INFO  server.RaftServerConfigKeys (ConfUtils.java:logGet(43)) - raft.server.rpc.timeout.min = 5s (custom)
2019-10-02 00:13:17,528 [pool-429-thread-1] INFO  server.RaftServerConfigKeys (ConfUtils.java:logGet(43)) - raft.server.rpc.timeout.max = 5200ms (custom)
2019-10-02 00:13:17,528 [pool-429-thread-1] INFO  server.RaftServerConfigKeys (ConfUtils.java:logGet(43)) - raft.server.rpcslowness.timeout = 120s (custom)
2019-10-02 00:13:17,528 [pool-429-thread-1] INFO  server.RaftServerConfigKeys (ConfUtils.java:logGet(43)) - raft.server.sleep.deviation.threshold = 300 (default)
2019-10-02 00:13:17,528 [pool-429-thread-1] INFO  server.RaftServerConfigKeys (ConfUtils.java:logGet(43)) - raft.server.log.appender.install.snapshot.enabled = false (custom)
2019-10-02 00:13:17,528 [pool-429-thread-1] INFO  impl.RaftServerImpl (ServerState.java:<init>(103)) - c567e9db-e1d2-4fff-b8cd-45881b0c79e7@group-0DB75B100145: ConfigurationManager, init=-1: [c567e9db-e1d2-4fff-b8cd-45881b0c79e7:192.168.30.63:38263], old=null, confs=<EMPTY_MAP>
2019-10-02 00:13:17,528 [pool-429-thread-1] INFO  server.RaftServerConfigKeys (ConfUtils.java:logGet(43)) - raft.server.storage.dir = [/workdir/hadoop-ozone/integration-test/target/test-dir/MiniOzoneClusterImpl-dde0f8af-4bf9-42cc-be8d-7f937630f525/datanode-2/data/ratis] (custom)
2019-10-02 00:13:17,528 [pool-429-thread-1] INFO  server.RaftServerConfigKeys (ConfUtils.java:logGet(43)) - raft.server.log.corruption.policy = EXCEPTION (default)
2019-10-02 00:13:17,529 [pool-429-thread-1] INFO  storage.RaftStorageDirectory (RaftStorageDirectory.java:analyzeStorage(246)) - The storage directory /workdir/hadoop-ozone/integration-test/target/test-dir/MiniOzoneClusterImpl-dde0f8af-4bf9-42cc-be8d-7f937630f525/datanode-2/data/ratis/d6fe1c52-a3f5-4385-be48-0db75b100145 does not exist. Creating ...
2019-10-02 00:13:17,539 [IPC Server handler 4 on 46760] INFO  net.NetworkTopology (NetworkTopologyImpl.java:add(111)) - Added a new node: /default-rack/b2ccb09c-659d-4cb0-92b9-3179ded62f29
2019-10-02 00:13:17,539 [IPC Server handler 4 on 46760] INFO  node.SCMNodeManager (SCMNodeManager.java:register(266)) - Registered Data node : b2ccb09c-659d-4cb0-92b9-3179ded62f29{ip: 192.168.30.63, host: pr-hdds-2201-rename-25sj9-3976918760, networkLocation: /default-rack, certSerialId: null}
2019-10-02 00:13:17,555 [pool-429-thread-1] INFO  storage.RaftStorageDirectory (RaftStorageDirectory.java:tryLock(328)) - Lock on /workdir/hadoop-ozone/integration-test/target/test-dir/MiniOzoneClusterImpl-dde0f8af-4bf9-42cc-be8d-7f937630f525/datanode-2/data/ratis/d6fe1c52-a3f5-4385-be48-0db75b100145/in_use.lock acquired by nodename 23313@pr-hdds-2201-rename-25sj9-3976918760
2019-10-02 00:13:17,580 [pool-429-thread-1] INFO  storage.RaftStorage (RaftStorage.java:format(84)) - Storage directory /workdir/hadoop-ozone/integration-test/target/test-dir/MiniOzoneClusterImpl-dde0f8af-4bf9-42cc-be8d-7f937630f525/datanode-2/data/ratis/d6fe1c52-a3f5-4385-be48-0db75b100145 has been successfully formatted.
2019-10-02 00:13:17,580 [pool-429-thread-1] INFO  ratis.ContainerStateMachine (ContainerStateMachine.java:loadSnapshot(230)) - group-0DB75B100145: The snapshot info is null. Setting the last applied indexto:(t:0, i:~)
2019-10-02 00:13:17,581 [pool-429-thread-1] INFO  server.RaftServerConfigKeys (ConfUtils.java:logGet(43)) - raft.server.notification.no-leader.timeout = 120s (custom)
2019-10-02 00:13:17,581 [pool-429-thread-1] INFO  server.RaftServerConfigKeys (ConfUtils.java:logGet(43)) - raft.server.log.use.memory = false (default)
2019-10-02 00:13:17,581 [pool-429-thread-1] INFO  server.RaftServerConfigKeys (ConfUtils.java:logGet(43)) - raft.server.log.purge.gap = 1000000 (custom)
2019-10-02 00:13:17,581 [pool-429-thread-1] INFO  server.RaftServerConfigKeys (ConfUtils.java:logGet(43)) - raft.server.log.appender.buffer.byte-limit = 33554432 (custom)
2019-10-02 00:13:17,581 [pool-429-thread-1] INFO  server.RaftServerConfigKeys (ConfUtils.java:logGet(43)) - raft.server.log.segment.size.max = 1048576 (custom)
2019-10-02 00:13:17,583 [pool-429-thread-1] INFO  server.RaftServerConfigKeys (ConfUtils.java:logGet(43)) - raft.server.log.segment.cache.num.max = 2 (custom)
2019-10-02 00:13:17,583 [pool-429-thread-1] INFO  segmented.SegmentedRaftLogWorker (SegmentedRaftLogWorker.java:<init>(173)) - new c567e9db-e1d2-4fff-b8cd-45881b0c79e7@group-0DB75B100145-SegmentedRaftLogWorker for RaftStorage:Storage Directory /workdir/hadoop-ozone/integration-test/target/test-dir/MiniOzoneClusterImpl-dde0f8af-4bf9-42cc-be8d-7f937630f525/datanode-2/data/ratis/d6fe1c52-a3f5-4385-be48-0db75b100145
2019-10-02 00:13:17,583 [pool-429-thread-1] INFO  server.RaftServerConfigKeys (ConfUtils.java:logGet(43)) - raft.server.log.queue.byte-limit = 2147483647 (custom)
2019-10-02 00:13:17,583 [pool-429-thread-1] INFO  server.RaftServerConfigKeys (ConfUtils.java:logGet(43)) - raft.server.log.queue.element-limit = 1024 (custom)
2019-10-02 00:13:17,583 [pool-429-thread-1] INFO  server.RaftServerConfigKeys (ConfUtils.java:logGet(43)) - raft.server.log.segment.size.max = 1048576 (custom)
2019-10-02 00:13:17,583 [pool-429-thread-1] INFO  server.RaftServerConfigKeys (ConfUtils.java:logGet(43)) - raft.server.log.preallocated.size = 16384 (custom)
2019-10-02 00:13:17,583 [pool-429-thread-1] INFO  server.RaftServerConfigKeys (ConfUtils.java:logGet(43)) - raft.server.log.write.buffer.size = 33554432 (custom)
2019-10-02 00:13:17,583 [pool-429-thread-1] INFO  server.RaftServerConfigKeys (ConfUtils.java:logGet(43)) - raft.server.log.force.sync.num = 128 (default)
2019-10-02 00:13:17,583 [pool-429-thread-1] INFO  server.RaftServerConfigKeys (ConfUtils.java:logGet(43)) - raft.server.log.statemachine.data.sync = true (default)
2019-10-02 00:13:17,584 [pool-429-thread-1] INFO  server.RaftServerConfigKeys (ConfUtils.java:logGet(43)) - raft.server.log.statemachine.data.sync.timeout = 10s (default)
2019-10-02 00:13:17,584 [pool-429-thread-1] INFO  server.RaftServerConfigKeys (ConfUtils.java:logGet(43)) - raft.server.log.statemachine.data.sync.timeout.retry = -1 (default)
2019-10-02 00:13:17,584 [pool-429-thread-1] INFO  server.RaftServerConfigKeys (ConfUtils.java:logGet(43)) - raft.server.log.statemachine.data.caching.enabled = true (custom)
2019-10-02 00:13:17,584 [pool-429-thread-1] INFO  segmented.SegmentedRaftLogWorker (SegmentedRaftLogWorker.java:lambda$new$0(128)) - c567e9db-e1d2-4fff-b8cd-45881b0c79e7@group-0DB75B100145-SegmentedRaftLogWorker: flushIndex: setUnconditionally 0 -> -1
2019-10-02 00:13:17,584 [pool-429-thread-1] INFO  server.RaftServerConfigKeys (ConfUtils.java:logGet(43)) - raft.server.snapshot.auto.trigger.enabled = true (custom)
2019-10-02 00:13:17,585 [pool-429-thread-1] INFO  server.RaftServerConfigKeys (ConfUtils.java:logGet(43)) - raft.server.snapshot.auto.trigger.threshold = 10000 (custom)
2019-10-02 00:13:17,585 [pool-429-thread-1] INFO  server.RaftServerConfigKeys (ConfUtils.java:logGet(43)) - raft.server.snapshot.retention.file.num = 5 (custom)
2019-10-02 00:13:17,585 [pool-429-thread-1] INFO  server.RaftServerConfigKeys (ConfUtils.java:logGet(43)) - raft.server.retrycache.expirytime = 600000ms (custom)
2019-10-02 00:13:17,586 [pool-429-thread-1] INFO  impl.RaftServerImpl (RaftServerImpl.java:start(181)) - c567e9db-e1d2-4fff-b8cd-45881b0c79e7@group-0DB75B100145: start as a follower, conf=-1: [c567e9db-e1d2-4fff-b8cd-45881b0c79e7:192.168.30.63:38263], old=null
2019-10-02 00:13:17,586 [pool-429-thread-1] INFO  impl.RaftServerImpl (RaftServerImpl.java:setRole(170)) - c567e9db-e1d2-4fff-b8cd-45881b0c79e7@group-0DB75B100145: changes role from      null to FOLLOWER at term 0 for startAsFollower
2019-10-02 00:13:17,586 [pool-429-thread-1] INFO  impl.RoleInfo (RoleInfo.java:updateAndGet(143)) - c567e9db-e1d2-4fff-b8cd-45881b0c79e7: start FollowerState
2019-10-02 00:13:17,587 [pool-429-thread-1] INFO  util.JmxRegister (JmxRegister.java:tryRegister(44)) - Successfully registered JMX Bean with object name Ratis:service=RaftServer,group=group-0DB75B100145,id=c567e9db-e1d2-4fff-b8cd-45881b0c79e7
2019-10-02 00:13:17,590 [RatisPipelineUtilsThread] INFO  pipeline.PipelineStateManager (PipelineStateManager.java:addPipeline(56)) - Created pipeline Pipeline[ Id: d6fe1c52-a3f5-4385-be48-0db75b100145, Nodes: c567e9db-e1d2-4fff-b8cd-45881b0c79e7{ip: 192.168.30.63, host: pr-hdds-2201-rename-25sj9-3976918760, networkLocation: /default-rack, certSerialId: null}, Type:RATIS, Factor:ONE, State:OPEN]
2019-10-02 00:13:17,595 [grpc-default-executor-10] INFO  impl.RaftServerProxy (RaftServerProxy.java:addNew(89)) - b2ccb09c-659d-4cb0-92b9-3179ded62f29: addNew group-196D82474ABC:[b2ccb09c-659d-4cb0-92b9-3179ded62f29:192.168.30.63:41168] returns group-196D82474ABC:java.util.concurrent.CompletableFuture@72877ab6[Not completed]
2019-10-02 00:13:17,596 [pool-439-thread-1] INFO  impl.RaftServerImpl (RaftServerImpl.java:<init>(95)) - b2ccb09c-659d-4cb0-92b9-3179ded62f29: new RaftServerImpl for group-196D82474ABC:[b2ccb09c-659d-4cb0-92b9-3179ded62f29:192.168.30.63:41168] with ContainerStateMachine:uninitialized
2019-10-02 00:13:17,596 [pool-439-thread-1] INFO  server.RaftServerConfigKeys (ConfUtils.java:logGet(43)) - raft.server.rpc.timeout.min = 5s (custom)
2019-10-02 00:13:17,596 [pool-439-thread-1] INFO  server.RaftServerConfigKeys (ConfUtils.java:logGet(43)) - raft.server.rpc.timeout.max = 5200ms (custom)
2019-10-02 00:13:17,596 [pool-439-thread-1] INFO  server.RaftServerConfigKeys (ConfUtils.java:logGet(43)) - raft.server.rpcslowness.timeout = 120s (custom)
2019-10-02 00:13:17,596 [pool-439-thread-1] INFO  server.RaftServerConfigKeys (ConfUtils.java:logGet(43)) - raft.server.sleep.deviation.threshold = 300 (default)
2019-10-02 00:13:17,596 [pool-439-thread-1] INFO  server.RaftServerConfigKeys (ConfUtils.java:logGet(43)) - raft.server.log.appender.install.snapshot.enabled = false (custom)
2019-10-02 00:13:17,596 [pool-439-thread-1] INFO  impl.RaftServerImpl (ServerState.java:<init>(103)) - b2ccb09c-659d-4cb0-92b9-3179ded62f29@group-196D82474ABC: ConfigurationManager, init=-1: [b2ccb09c-659d-4cb0-92b9-3179ded62f29:192.168.30.63:41168], old=null, confs=<EMPTY_MAP>
2019-10-02 00:13:17,596 [pool-439-thread-1] INFO  server.RaftServerConfigKeys (ConfUtils.java:logGet(43)) - raft.server.storage.dir = [/workdir/hadoop-ozone/integration-test/target/test-dir/MiniOzoneClusterImpl-dde0f8af-4bf9-42cc-be8d-7f937630f525/datanode-3/data/ratis] (custom)
2019-10-02 00:13:17,597 [pool-439-thread-1] INFO  server.RaftServerConfigKeys (ConfUtils.java:logGet(43)) - raft.server.log.corruption.policy = EXCEPTION (default)
2019-10-02 00:13:17,597 [pool-439-thread-1] INFO  storage.RaftStorageDirectory (RaftStorageDirectory.java:analyzeStorage(246)) - The storage directory /workdir/hadoop-ozone/integration-test/target/test-dir/MiniOzoneClusterImpl-dde0f8af-4bf9-42cc-be8d-7f937630f525/datanode-3/data/ratis/84ccaddb-52ad-4644-9c50-196d82474abc does not exist. Creating ...
2019-10-02 00:13:17,622 [IPC Server handler 5 on 46760] INFO  net.NetworkTopology (NetworkTopologyImpl.java:add(111)) - Added a new node: /default-rack/ac816572-adb8-4efa-a0d7-3d08ab4d48f3
2019-10-02 00:13:17,622 [IPC Server handler 5 on 46760] INFO  node.SCMNodeManager (SCMNodeManager.java:register(266)) - Registered Data node : ac816572-adb8-4efa-a0d7-3d08ab4d48f3{ip: 192.168.30.63, host: pr-hdds-2201-rename-25sj9-3976918760, networkLocation: /default-rack, certSerialId: null}
2019-10-02 00:13:17,622 [pool-439-thread-1] INFO  storage.RaftStorageDirectory (RaftStorageDirectory.java:tryLock(328)) - Lock on /workdir/hadoop-ozone/integration-test/target/test-dir/MiniOzoneClusterImpl-dde0f8af-4bf9-42cc-be8d-7f937630f525/datanode-3/data/ratis/84ccaddb-52ad-4644-9c50-196d82474abc/in_use.lock acquired by nodename 23313@pr-hdds-2201-rename-25sj9-3976918760
2019-10-02 00:13:17,648 [pool-439-thread-1] INFO  storage.RaftStorage (RaftStorage.java:format(84)) - Storage directory /workdir/hadoop-ozone/integration-test/target/test-dir/MiniOzoneClusterImpl-dde0f8af-4bf9-42cc-be8d-7f937630f525/datanode-3/data/ratis/84ccaddb-52ad-4644-9c50-196d82474abc has been successfully formatted.
2019-10-02 00:13:17,648 [pool-439-thread-1] INFO  ratis.ContainerStateMachine (ContainerStateMachine.java:loadSnapshot(230)) - group-196D82474ABC: The snapshot info is null. Setting the last applied indexto:(t:0, i:~)
2019-10-02 00:13:17,648 [pool-439-thread-1] INFO  server.RaftServerConfigKeys (ConfUtils.java:logGet(43)) - raft.server.notification.no-leader.timeout = 120s (custom)
2019-10-02 00:13:17,648 [pool-439-thread-1] INFO  server.RaftServerConfigKeys (ConfUtils.java:logGet(43)) - raft.server.log.use.memory = false (default)
2019-10-02 00:13:17,648 [pool-439-thread-1] INFO  server.RaftServerConfigKeys (ConfUtils.java:logGet(43)) - raft.server.log.purge.gap = 1000000 (custom)
2019-10-02 00:13:17,649 [pool-439-thread-1] INFO  server.RaftServerConfigKeys (ConfUtils.java:logGet(43)) - raft.server.log.appender.buffer.byte-limit = 33554432 (custom)
2019-10-02 00:13:17,649 [pool-439-thread-1] INFO  server.RaftServerConfigKeys (ConfUtils.java:logGet(43)) - raft.server.log.segment.size.max = 1048576 (custom)
2019-10-02 00:13:17,651 [pool-439-thread-1] INFO  server.RaftServerConfigKeys (ConfUtils.java:logGet(43)) - raft.server.log.segment.cache.num.max = 2 (custom)
2019-10-02 00:13:17,651 [pool-439-thread-1] INFO  segmented.SegmentedRaftLogWorker (SegmentedRaftLogWorker.java:<init>(173)) - new b2ccb09c-659d-4cb0-92b9-3179ded62f29@group-196D82474ABC-SegmentedRaftLogWorker for RaftStorage:Storage Directory /workdir/hadoop-ozone/integration-test/target/test-dir/MiniOzoneClusterImpl-dde0f8af-4bf9-42cc-be8d-7f937630f525/datanode-3/data/ratis/84ccaddb-52ad-4644-9c50-196d82474abc
2019-10-02 00:13:17,651 [pool-439-thread-1] INFO  server.RaftServerConfigKeys (ConfUtils.java:logGet(43)) - raft.server.log.queue.byte-limit = 2147483647 (custom)
2019-10-02 00:13:17,651 [pool-439-thread-1] INFO  server.RaftServerConfigKeys (ConfUtils.java:logGet(43)) - raft.server.log.queue.element-limit = 1024 (custom)
2019-10-02 00:13:17,651 [pool-439-thread-1] INFO  server.RaftServerConfigKeys (ConfUtils.java:logGet(43)) - raft.server.log.segment.size.max = 1048576 (custom)
2019-10-02 00:13:17,651 [pool-439-thread-1] INFO  server.RaftServerConfigKeys (ConfUtils.java:logGet(43)) - raft.server.log.preallocated.size = 16384 (custom)
2019-10-02 00:13:17,651 [pool-439-thread-1] INFO  server.RaftServerConfigKeys (ConfUtils.java:logGet(43)) - raft.server.log.write.buffer.size = 33554432 (custom)
2019-10-02 00:13:17,651 [pool-439-thread-1] INFO  server.RaftServerConfigKeys (ConfUtils.java:logGet(43)) - raft.server.log.force.sync.num = 128 (default)
2019-10-02 00:13:17,652 [pool-439-thread-1] INFO  server.RaftServerConfigKeys (ConfUtils.java:logGet(43)) - raft.server.log.statemachine.data.sync = true (default)
2019-10-02 00:13:17,652 [pool-439-thread-1] INFO  server.RaftServerConfigKeys (ConfUtils.java:logGet(43)) - raft.server.log.statemachine.data.sync.timeout = 10s (default)
2019-10-02 00:13:17,652 [pool-439-thread-1] INFO  server.RaftServerConfigKeys (ConfUtils.java:logGet(43)) - raft.server.log.statemachine.data.sync.timeout.retry = -1 (default)
2019-10-02 00:13:17,652 [pool-439-thread-1] INFO  server.RaftServerConfigKeys (ConfUtils.java:logGet(43)) - raft.server.log.statemachine.data.caching.enabled = true (custom)
2019-10-02 00:13:17,652 [pool-439-thread-1] INFO  segmented.SegmentedRaftLogWorker (SegmentedRaftLogWorker.java:lambda$new$0(128)) - b2ccb09c-659d-4cb0-92b9-3179ded62f29@group-196D82474ABC-SegmentedRaftLogWorker: flushIndex: setUnconditionally 0 -> -1
2019-10-02 00:13:17,653 [pool-439-thread-1] INFO  server.RaftServerConfigKeys (ConfUtils.java:logGet(43)) - raft.server.snapshot.auto.trigger.enabled = true (custom)
2019-10-02 00:13:17,653 [pool-439-thread-1] INFO  server.RaftServerConfigKeys (ConfUtils.java:logGet(43)) - raft.server.snapshot.auto.trigger.threshold = 10000 (custom)
2019-10-02 00:13:17,653 [pool-439-thread-1] INFO  server.RaftServerConfigKeys (ConfUtils.java:logGet(43)) - raft.server.snapshot.retention.file.num = 5 (custom)
2019-10-02 00:13:17,653 [pool-439-thread-1] INFO  server.RaftServerConfigKeys (ConfUtils.java:logGet(43)) - raft.server.retrycache.expirytime = 600000ms (custom)
2019-10-02 00:13:17,654 [pool-439-thread-1] INFO  impl.RaftServerImpl (RaftServerImpl.java:start(181)) - b2ccb09c-659d-4cb0-92b9-3179ded62f29@group-196D82474ABC: start as a follower, conf=-1: [b2ccb09c-659d-4cb0-92b9-3179ded62f29:192.168.30.63:41168], old=null
2019-10-02 00:13:17,654 [pool-439-thread-1] INFO  impl.RaftServerImpl (RaftServerImpl.java:setRole(170)) - b2ccb09c-659d-4cb0-92b9-3179ded62f29@group-196D82474ABC: changes role from      null to FOLLOWER at term 0 for startAsFollower
2019-10-02 00:13:17,654 [pool-439-thread-1] INFO  impl.RoleInfo (RoleInfo.java:updateAndGet(143)) - b2ccb09c-659d-4cb0-92b9-3179ded62f29: start FollowerState
2019-10-02 00:13:17,662 [pool-439-thread-1] INFO  util.JmxRegister (JmxRegister.java:tryRegister(44)) - Successfully registered JMX Bean with object name Ratis:service=RaftServer,group=group-196D82474ABC,id=b2ccb09c-659d-4cb0-92b9-3179ded62f29
2019-10-02 00:13:17,672 [RatisPipelineUtilsThread] INFO  pipeline.PipelineStateManager (PipelineStateManager.java:addPipeline(56)) - Created pipeline Pipeline[ Id: 84ccaddb-52ad-4644-9c50-196d82474abc, Nodes: b2ccb09c-659d-4cb0-92b9-3179ded62f29{ip: 192.168.30.63, host: pr-hdds-2201-rename-25sj9-3976918760, networkLocation: /default-rack, certSerialId: null}, Type:RATIS, Factor:ONE, State:OPEN]
2019-10-02 00:13:17,677 [grpc-default-executor-10] INFO  impl.RaftServerProxy (RaftServerProxy.java:addNew(89)) - ac816572-adb8-4efa-a0d7-3d08ab4d48f3: addNew group-E2F886E2C96A:[ac816572-adb8-4efa-a0d7-3d08ab4d48f3:192.168.30.63:43796] returns group-E2F886E2C96A:java.util.concurrent.CompletableFuture@4da82b43[Not completed]
2019-10-02 00:13:17,679 [pool-449-thread-1] INFO  impl.RaftServerImpl (RaftServerImpl.java:<init>(95)) - ac816572-adb8-4efa-a0d7-3d08ab4d48f3: new RaftServerImpl for group-E2F886E2C96A:[ac816572-adb8-4efa-a0d7-3d08ab4d48f3:192.168.30.63:43796] with ContainerStateMachine:uninitialized
2019-10-02 00:13:17,679 [pool-449-thread-1] INFO  server.RaftServerConfigKeys (ConfUtils.java:logGet(43)) - raft.server.rpc.timeout.min = 5s (custom)
2019-10-02 00:13:17,679 [pool-449-thread-1] INFO  server.RaftServerConfigKeys (ConfUtils.java:logGet(43)) - raft.server.rpc.timeout.max = 5200ms (custom)
2019-10-02 00:13:17,679 [pool-449-thread-1] INFO  server.RaftServerConfigKeys (ConfUtils.java:logGet(43)) - raft.server.rpcslowness.timeout = 120s (custom)
2019-10-02 00:13:17,679 [pool-449-thread-1] INFO  server.RaftServerConfigKeys (ConfUtils.java:logGet(43)) - raft.server.sleep.deviation.threshold = 300 (default)
2019-10-02 00:13:17,679 [pool-449-thread-1] INFO  server.RaftServerConfigKeys (ConfUtils.java:logGet(43)) - raft.server.log.appender.install.snapshot.enabled = false (custom)
2019-10-02 00:13:17,679 [pool-449-thread-1] INFO  impl.RaftServerImpl (ServerState.java:<init>(103)) - ac816572-adb8-4efa-a0d7-3d08ab4d48f3@group-E2F886E2C96A: ConfigurationManager, init=-1: [ac816572-adb8-4efa-a0d7-3d08ab4d48f3:192.168.30.63:43796], old=null, confs=<EMPTY_MAP>
2019-10-02 00:13:17,680 [pool-449-thread-1] INFO  server.RaftServerConfigKeys (ConfUtils.java:logGet(43)) - raft.server.storage.dir = [/workdir/hadoop-ozone/integration-test/target/test-dir/MiniOzoneClusterImpl-dde0f8af-4bf9-42cc-be8d-7f937630f525/datanode-4/data/ratis] (custom)
2019-10-02 00:13:17,680 [pool-449-thread-1] INFO  server.RaftServerConfigKeys (ConfUtils.java:logGet(43)) - raft.server.log.corruption.policy = EXCEPTION (default)
2019-10-02 00:13:17,680 [pool-449-thread-1] INFO  storage.RaftStorageDirectory (RaftStorageDirectory.java:analyzeStorage(246)) - The storage directory /workdir/hadoop-ozone/integration-test/target/test-dir/MiniOzoneClusterImpl-dde0f8af-4bf9-42cc-be8d-7f937630f525/datanode-4/data/ratis/e7e791c3-59a0-4852-b4d9-e2f886e2c96a does not exist. Creating ...
2019-10-02 00:13:17,687 [IPC Server handler 6 on 46760] INFO  net.NetworkTopology (NetworkTopologyImpl.java:add(111)) - Added a new node: /default-rack/273bd3ba-db52-4655-bbb8-1c2df5793e49
2019-10-02 00:13:17,687 [IPC Server handler 6 on 46760] INFO  node.SCMNodeManager (SCMNodeManager.java:register(266)) - Registered Data node : 273bd3ba-db52-4655-bbb8-1c2df5793e49{ip: 192.168.30.63, host: pr-hdds-2201-rename-25sj9-3976918760, networkLocation: /default-rack, certSerialId: null}
2019-10-02 00:13:17,706 [pool-449-thread-1] INFO  storage.RaftStorageDirectory (RaftStorageDirectory.java:tryLock(328)) - Lock on /workdir/hadoop-ozone/integration-test/target/test-dir/MiniOzoneClusterImpl-dde0f8af-4bf9-42cc-be8d-7f937630f525/datanode-4/data/ratis/e7e791c3-59a0-4852-b4d9-e2f886e2c96a/in_use.lock acquired by nodename 23313@pr-hdds-2201-rename-25sj9-3976918760
2019-10-02 00:13:17,732 [pool-449-thread-1] INFO  storage.RaftStorage (RaftStorage.java:format(84)) - Storage directory /workdir/hadoop-ozone/integration-test/target/test-dir/MiniOzoneClusterImpl-dde0f8af-4bf9-42cc-be8d-7f937630f525/datanode-4/data/ratis/e7e791c3-59a0-4852-b4d9-e2f886e2c96a has been successfully formatted.
2019-10-02 00:13:17,732 [pool-449-thread-1] INFO  ratis.ContainerStateMachine (ContainerStateMachine.java:loadSnapshot(230)) - group-E2F886E2C96A: The snapshot info is null. Setting the last applied indexto:(t:0, i:~)
2019-10-02 00:13:17,732 [pool-449-thread-1] INFO  server.RaftServerConfigKeys (ConfUtils.java:logGet(43)) - raft.server.notification.no-leader.timeout = 120s (custom)
2019-10-02 00:13:17,732 [pool-449-thread-1] INFO  server.RaftServerConfigKeys (ConfUtils.java:logGet(43)) - raft.server.log.use.memory = false (default)
2019-10-02 00:13:17,732 [pool-449-thread-1] INFO  server.RaftServerConfigKeys (ConfUtils.java:logGet(43)) - raft.server.log.purge.gap = 1000000 (custom)
2019-10-02 00:13:17,732 [pool-449-thread-1] INFO  server.RaftServerConfigKeys (ConfUtils.java:logGet(43)) - raft.server.log.appender.buffer.byte-limit = 33554432 (custom)
2019-10-02 00:13:17,733 [pool-449-thread-1] INFO  server.RaftServerConfigKeys (ConfUtils.java:logGet(43)) - raft.server.log.segment.size.max = 1048576 (custom)
2019-10-02 00:13:17,734 [pool-449-thread-1] INFO  server.RaftServerConfigKeys (ConfUtils.java:logGet(43)) - raft.server.log.segment.cache.num.max = 2 (custom)
2019-10-02 00:13:17,734 [pool-449-thread-1] INFO  segmented.SegmentedRaftLogWorker (SegmentedRaftLogWorker.java:<init>(173)) - new ac816572-adb8-4efa-a0d7-3d08ab4d48f3@group-E2F886E2C96A-SegmentedRaftLogWorker for RaftStorage:Storage Directory /workdir/hadoop-ozone/integration-test/target/test-dir/MiniOzoneClusterImpl-dde0f8af-4bf9-42cc-be8d-7f937630f525/datanode-4/data/ratis/e7e791c3-59a0-4852-b4d9-e2f886e2c96a
2019-10-02 00:13:17,735 [pool-449-thread-1] INFO  server.RaftServerConfigKeys (ConfUtils.java:logGet(43)) - raft.server.log.queue.byte-limit = 2147483647 (custom)
2019-10-02 00:13:17,735 [pool-449-thread-1] INFO  server.RaftServerConfigKeys (ConfUtils.java:logGet(43)) - raft.server.log.queue.element-limit = 1024 (custom)
2019-10-02 00:13:17,735 [pool-449-thread-1] INFO  server.RaftServerConfigKeys (ConfUtils.java:logGet(43)) - raft.server.log.segment.size.max = 1048576 (custom)
2019-10-02 00:13:17,735 [pool-449-thread-1] INFO  server.RaftServerConfigKeys (ConfUtils.java:logGet(43)) - raft.server.log.preallocated.size = 16384 (custom)
2019-10-02 00:13:17,735 [pool-449-thread-1] INFO  server.RaftServerConfigKeys (ConfUtils.java:logGet(43)) - raft.server.log.write.buffer.size = 33554432 (custom)
2019-10-02 00:13:17,735 [pool-449-thread-1] INFO  server.RaftServerConfigKeys (ConfUtils.java:logGet(43)) - raft.server.log.force.sync.num = 128 (default)
2019-10-02 00:13:17,735 [pool-449-thread-1] INFO  server.RaftServerConfigKeys (ConfUtils.java:logGet(43)) - raft.server.log.statemachine.data.sync = true (default)
2019-10-02 00:13:17,735 [pool-449-thread-1] INFO  server.RaftServerConfigKeys (ConfUtils.java:logGet(43)) - raft.server.log.statemachine.data.sync.timeout = 10s (default)
2019-10-02 00:13:17,735 [pool-449-thread-1] INFO  server.RaftServerConfigKeys (ConfUtils.java:logGet(43)) - raft.server.log.statemachine.data.sync.timeout.retry = -1 (default)
2019-10-02 00:13:17,736 [pool-449-thread-1] INFO  server.RaftServerConfigKeys (ConfUtils.java:logGet(43)) - raft.server.log.statemachine.data.caching.enabled = true (custom)
2019-10-02 00:13:17,736 [pool-449-thread-1] INFO  segmented.SegmentedRaftLogWorker (SegmentedRaftLogWorker.java:lambda$new$0(128)) - ac816572-adb8-4efa-a0d7-3d08ab4d48f3@group-E2F886E2C96A-SegmentedRaftLogWorker: flushIndex: setUnconditionally 0 -> -1
2019-10-02 00:13:17,736 [pool-449-thread-1] INFO  server.RaftServerConfigKeys (ConfUtils.java:logGet(43)) - raft.server.snapshot.auto.trigger.enabled = true (custom)
2019-10-02 00:13:17,737 [pool-449-thread-1] INFO  server.RaftServerConfigKeys (ConfUtils.java:logGet(43)) - raft.server.snapshot.auto.trigger.threshold = 10000 (custom)
2019-10-02 00:13:17,737 [pool-449-thread-1] INFO  server.RaftServerConfigKeys (ConfUtils.java:logGet(43)) - raft.server.snapshot.retention.file.num = 5 (custom)
2019-10-02 00:13:17,737 [pool-449-thread-1] INFO  server.RaftServerConfigKeys (ConfUtils.java:logGet(43)) - raft.server.retrycache.expirytime = 600000ms (custom)
2019-10-02 00:13:17,739 [pool-449-thread-1] INFO  impl.RaftServerImpl (RaftServerImpl.java:start(181)) - ac816572-adb8-4efa-a0d7-3d08ab4d48f3@group-E2F886E2C96A: start as a follower, conf=-1: [ac816572-adb8-4efa-a0d7-3d08ab4d48f3:192.168.30.63:43796], old=null
2019-10-02 00:13:17,739 [pool-449-thread-1] INFO  impl.RaftServerImpl (RaftServerImpl.java:setRole(170)) - ac816572-adb8-4efa-a0d7-3d08ab4d48f3@group-E2F886E2C96A: changes role from      null to FOLLOWER at term 0 for startAsFollower
2019-10-02 00:13:17,739 [pool-449-thread-1] INFO  impl.RoleInfo (RoleInfo.java:updateAndGet(143)) - ac816572-adb8-4efa-a0d7-3d08ab4d48f3: start FollowerState
2019-10-02 00:13:17,739 [pool-449-thread-1] INFO  util.JmxRegister (JmxRegister.java:tryRegister(44)) - Successfully registered JMX Bean with object name Ratis:service=RaftServer,group=group-E2F886E2C96A,id=ac816572-adb8-4efa-a0d7-3d08ab4d48f3
2019-10-02 00:13:17,743 [RatisPipelineUtilsThread] INFO  pipeline.PipelineStateManager (PipelineStateManager.java:addPipeline(56)) - Created pipeline Pipeline[ Id: e7e791c3-59a0-4852-b4d9-e2f886e2c96a, Nodes: ac816572-adb8-4efa-a0d7-3d08ab4d48f3{ip: 192.168.30.63, host: pr-hdds-2201-rename-25sj9-3976918760, networkLocation: /default-rack, certSerialId: null}, Type:RATIS, Factor:ONE, State:OPEN]
2019-10-02 00:13:17,749 [grpc-default-executor-10] INFO  impl.RaftServerProxy (RaftServerProxy.java:addNew(89)) - 273bd3ba-db52-4655-bbb8-1c2df5793e49: addNew group-50F8C5C48E6D:[273bd3ba-db52-4655-bbb8-1c2df5793e49:192.168.30.63:39351] returns group-50F8C5C48E6D:java.util.concurrent.CompletableFuture@22b3f982[Not completed]
2019-10-02 00:13:17,751 [pool-459-thread-1] INFO  impl.RaftServerImpl (RaftServerImpl.java:<init>(95)) - 273bd3ba-db52-4655-bbb8-1c2df5793e49: new RaftServerImpl for group-50F8C5C48E6D:[273bd3ba-db52-4655-bbb8-1c2df5793e49:192.168.30.63:39351] with ContainerStateMachine:uninitialized
2019-10-02 00:13:17,751 [pool-459-thread-1] INFO  server.RaftServerConfigKeys (ConfUtils.java:logGet(43)) - raft.server.rpc.timeout.min = 5s (custom)
2019-10-02 00:13:17,751 [pool-459-thread-1] INFO  server.RaftServerConfigKeys (ConfUtils.java:logGet(43)) - raft.server.rpc.timeout.max = 5200ms (custom)
2019-10-02 00:13:17,751 [pool-459-thread-1] INFO  server.RaftServerConfigKeys (ConfUtils.java:logGet(43)) - raft.server.rpcslowness.timeout = 120s (custom)
2019-10-02 00:13:17,751 [pool-459-thread-1] INFO  server.RaftServerConfigKeys (ConfUtils.java:logGet(43)) - raft.server.sleep.deviation.threshold = 300 (default)
2019-10-02 00:13:17,751 [pool-459-thread-1] INFO  server.RaftServerConfigKeys (ConfUtils.java:logGet(43)) - raft.server.log.appender.install.snapshot.enabled = false (custom)
2019-10-02 00:13:17,752 [pool-459-thread-1] INFO  impl.RaftServerImpl (ServerState.java:<init>(103)) - 273bd3ba-db52-4655-bbb8-1c2df5793e49@group-50F8C5C48E6D: ConfigurationManager, init=-1: [273bd3ba-db52-4655-bbb8-1c2df5793e49:192.168.30.63:39351], old=null, confs=<EMPTY_MAP>
2019-10-02 00:13:17,752 [pool-459-thread-1] INFO  server.RaftServerConfigKeys (ConfUtils.java:logGet(43)) - raft.server.storage.dir = [/workdir/hadoop-ozone/integration-test/target/test-dir/MiniOzoneClusterImpl-dde0f8af-4bf9-42cc-be8d-7f937630f525/datanode-5/data/ratis] (custom)
2019-10-02 00:13:17,752 [pool-459-thread-1] INFO  server.RaftServerConfigKeys (ConfUtils.java:logGet(43)) - raft.server.log.corruption.policy = EXCEPTION (default)
2019-10-02 00:13:17,752 [main] INFO  ozone.MiniOzoneClusterImpl (MiniOzoneClusterImpl.java:lambda$waitForClusterToBeReady$0(147)) - Waiting for cluster to be ready. Got 6 of 7 DN Heartbeats.
2019-10-02 00:13:17,752 [pool-459-thread-1] INFO  storage.RaftStorageDirectory (RaftStorageDirectory.java:analyzeStorage(246)) - The storage directory /workdir/hadoop-ozone/integration-test/target/test-dir/MiniOzoneClusterImpl-dde0f8af-4bf9-42cc-be8d-7f937630f525/datanode-5/data/ratis/af8df4cc-6231-4138-b562-50f8c5c48e6d does not exist. Creating ...
2019-10-02 00:13:17,753 [IPC Server handler 7 on 46760] INFO  net.NetworkTopology (NetworkTopologyImpl.java:add(111)) - Added a new node: /default-rack/4db5ec50-aaae-4c5e-b67c-a912007a418d
2019-10-02 00:13:17,753 [IPC Server handler 7 on 46760] INFO  node.SCMNodeManager (SCMNodeManager.java:register(266)) - Registered Data node : 4db5ec50-aaae-4c5e-b67c-a912007a418d{ip: 192.168.30.63, host: pr-hdds-2201-rename-25sj9-3976918760, networkLocation: /default-rack, certSerialId: null}
2019-10-02 00:13:17,782 [pool-459-thread-1] INFO  storage.RaftStorageDirectory (RaftStorageDirectory.java:tryLock(328)) - Lock on /workdir/hadoop-ozone/integration-test/target/test-dir/MiniOzoneClusterImpl-dde0f8af-4bf9-42cc-be8d-7f937630f525/datanode-5/data/ratis/af8df4cc-6231-4138-b562-50f8c5c48e6d/in_use.lock acquired by nodename 23313@pr-hdds-2201-rename-25sj9-3976918760
2019-10-02 00:13:17,807 [pool-459-thread-1] INFO  storage.RaftStorage (RaftStorage.java:format(84)) - Storage directory /workdir/hadoop-ozone/integration-test/target/test-dir/MiniOzoneClusterImpl-dde0f8af-4bf9-42cc-be8d-7f937630f525/datanode-5/data/ratis/af8df4cc-6231-4138-b562-50f8c5c48e6d has been successfully formatted.
2019-10-02 00:13:17,808 [pool-459-thread-1] INFO  ratis.ContainerStateMachine (ContainerStateMachine.java:loadSnapshot(230)) - group-50F8C5C48E6D: The snapshot info is null. Setting the last applied indexto:(t:0, i:~)
2019-10-02 00:13:17,808 [pool-459-thread-1] INFO  server.RaftServerConfigKeys (ConfUtils.java:logGet(43)) - raft.server.notification.no-leader.timeout = 120s (custom)
2019-10-02 00:13:17,808 [pool-459-thread-1] INFO  server.RaftServerConfigKeys (ConfUtils.java:logGet(43)) - raft.server.log.use.memory = false (default)
2019-10-02 00:13:17,808 [pool-459-thread-1] INFO  server.RaftServerConfigKeys (ConfUtils.java:logGet(43)) - raft.server.log.purge.gap = 1000000 (custom)
2019-10-02 00:13:17,808 [pool-459-thread-1] INFO  server.RaftServerConfigKeys (ConfUtils.java:logGet(43)) - raft.server.log.appender.buffer.byte-limit = 33554432 (custom)
2019-10-02 00:13:17,808 [pool-459-thread-1] INFO  server.RaftServerConfigKeys (ConfUtils.java:logGet(43)) - raft.server.log.segment.size.max = 1048576 (custom)
2019-10-02 00:13:17,811 [pool-459-thread-1] INFO  server.RaftServerConfigKeys (ConfUtils.java:logGet(43)) - raft.server.log.segment.cache.num.max = 2 (custom)
2019-10-02 00:13:17,811 [pool-459-thread-1] INFO  segmented.SegmentedRaftLogWorker (SegmentedRaftLogWorker.java:<init>(173)) - new 273bd3ba-db52-4655-bbb8-1c2df5793e49@group-50F8C5C48E6D-SegmentedRaftLogWorker for RaftStorage:Storage Directory /workdir/hadoop-ozone/integration-test/target/test-dir/MiniOzoneClusterImpl-dde0f8af-4bf9-42cc-be8d-7f937630f525/datanode-5/data/ratis/af8df4cc-6231-4138-b562-50f8c5c48e6d
2019-10-02 00:13:17,811 [pool-459-thread-1] INFO  server.RaftServerConfigKeys (ConfUtils.java:logGet(43)) - raft.server.log.queue.byte-limit = 2147483647 (custom)
2019-10-02 00:13:17,811 [pool-459-thread-1] INFO  server.RaftServerConfigKeys (ConfUtils.java:logGet(43)) - raft.server.log.queue.element-limit = 1024 (custom)
2019-10-02 00:13:17,811 [pool-459-thread-1] INFO  server.RaftServerConfigKeys (ConfUtils.java:logGet(43)) - raft.server.log.segment.size.max = 1048576 (custom)
2019-10-02 00:13:17,811 [pool-459-thread-1] INFO  server.RaftServerConfigKeys (ConfUtils.java:logGet(43)) - raft.server.log.preallocated.size = 16384 (custom)
2019-10-02 00:13:17,811 [pool-459-thread-1] INFO  server.RaftServerConfigKeys (ConfUtils.java:logGet(43)) - raft.server.log.write.buffer.size = 33554432 (custom)
2019-10-02 00:13:17,811 [pool-459-thread-1] INFO  server.RaftServerConfigKeys (ConfUtils.java:logGet(43)) - raft.server.log.force.sync.num = 128 (default)
2019-10-02 00:13:17,812 [pool-459-thread-1] INFO  server.RaftServerConfigKeys (ConfUtils.java:logGet(43)) - raft.server.log.statemachine.data.sync = true (default)
2019-10-02 00:13:17,812 [pool-459-thread-1] INFO  server.RaftServerConfigKeys (ConfUtils.java:logGet(43)) - raft.server.log.statemachine.data.sync.timeout = 10s (default)
2019-10-02 00:13:17,812 [pool-459-thread-1] INFO  server.RaftServerConfigKeys (ConfUtils.java:logGet(43)) - raft.server.log.statemachine.data.sync.timeout.retry = -1 (default)
2019-10-02 00:13:17,812 [pool-459-thread-1] INFO  server.RaftServerConfigKeys (ConfUtils.java:logGet(43)) - raft.server.log.statemachine.data.caching.enabled = true (custom)
2019-10-02 00:13:17,812 [pool-459-thread-1] INFO  segmented.SegmentedRaftLogWorker (SegmentedRaftLogWorker.java:lambda$new$0(128)) - 273bd3ba-db52-4655-bbb8-1c2df5793e49@group-50F8C5C48E6D-SegmentedRaftLogWorker: flushIndex: setUnconditionally 0 -> -1
2019-10-02 00:13:17,813 [pool-459-thread-1] INFO  server.RaftServerConfigKeys (ConfUtils.java:logGet(43)) - raft.server.snapshot.auto.trigger.enabled = true (custom)
2019-10-02 00:13:17,813 [pool-459-thread-1] INFO  server.RaftServerConfigKeys (ConfUtils.java:logGet(43)) - raft.server.snapshot.auto.trigger.threshold = 10000 (custom)
2019-10-02 00:13:17,813 [pool-459-thread-1] INFO  server.RaftServerConfigKeys (ConfUtils.java:logGet(43)) - raft.server.snapshot.retention.file.num = 5 (custom)
2019-10-02 00:13:17,813 [pool-459-thread-1] INFO  server.RaftServerConfigKeys (ConfUtils.java:logGet(43)) - raft.server.retrycache.expirytime = 600000ms (custom)
2019-10-02 00:13:17,815 [pool-459-thread-1] INFO  impl.RaftServerImpl (RaftServerImpl.java:start(181)) - 273bd3ba-db52-4655-bbb8-1c2df5793e49@group-50F8C5C48E6D: start as a follower, conf=-1: [273bd3ba-db52-4655-bbb8-1c2df5793e49:192.168.30.63:39351], old=null
2019-10-02 00:13:17,815 [pool-459-thread-1] INFO  impl.RaftServerImpl (RaftServerImpl.java:setRole(170)) - 273bd3ba-db52-4655-bbb8-1c2df5793e49@group-50F8C5C48E6D: changes role from      null to FOLLOWER at term 0 for startAsFollower
2019-10-02 00:13:17,815 [pool-459-thread-1] INFO  impl.RoleInfo (RoleInfo.java:updateAndGet(143)) - 273bd3ba-db52-4655-bbb8-1c2df5793e49: start FollowerState
2019-10-02 00:13:17,815 [pool-459-thread-1] INFO  util.JmxRegister (JmxRegister.java:tryRegister(44)) - Successfully registered JMX Bean with object name Ratis:service=RaftServer,group=group-50F8C5C48E6D,id=273bd3ba-db52-4655-bbb8-1c2df5793e49
2019-10-02 00:13:17,819 [RatisPipelineUtilsThread] INFO  pipeline.PipelineStateManager (PipelineStateManager.java:addPipeline(56)) - Created pipeline Pipeline[ Id: af8df4cc-6231-4138-b562-50f8c5c48e6d, Nodes: 273bd3ba-db52-4655-bbb8-1c2df5793e49{ip: 192.168.30.63, host: pr-hdds-2201-rename-25sj9-3976918760, networkLocation: /default-rack, certSerialId: null}, Type:RATIS, Factor:ONE, State:OPEN]
2019-10-02 00:13:17,825 [grpc-default-executor-10] INFO  impl.RaftServerProxy (RaftServerProxy.java:addNew(89)) - 4db5ec50-aaae-4c5e-b67c-a912007a418d: addNew group-E8789C32BBCD:[4db5ec50-aaae-4c5e-b67c-a912007a418d:192.168.30.63:46233] returns group-E8789C32BBCD:java.util.concurrent.CompletableFuture@3fb34e6c[Not completed]
2019-10-02 00:13:17,826 [pool-469-thread-1] INFO  impl.RaftServerImpl (RaftServerImpl.java:<init>(95)) - 4db5ec50-aaae-4c5e-b67c-a912007a418d: new RaftServerImpl for group-E8789C32BBCD:[4db5ec50-aaae-4c5e-b67c-a912007a418d:192.168.30.63:46233] with ContainerStateMachine:uninitialized
2019-10-02 00:13:17,827 [pool-469-thread-1] INFO  server.RaftServerConfigKeys (ConfUtils.java:logGet(43)) - raft.server.rpc.timeout.min = 5s (custom)
2019-10-02 00:13:17,827 [pool-469-thread-1] INFO  server.RaftServerConfigKeys (ConfUtils.java:logGet(43)) - raft.server.rpc.timeout.max = 5200ms (custom)
2019-10-02 00:13:17,827 [pool-469-thread-1] INFO  server.RaftServerConfigKeys (ConfUtils.java:logGet(43)) - raft.server.rpcslowness.timeout = 120s (custom)
2019-10-02 00:13:17,827 [pool-469-thread-1] INFO  server.RaftServerConfigKeys (ConfUtils.java:logGet(43)) - raft.server.sleep.deviation.threshold = 300 (default)
2019-10-02 00:13:17,827 [pool-469-thread-1] INFO  server.RaftServerConfigKeys (ConfUtils.java:logGet(43)) - raft.server.log.appender.install.snapshot.enabled = false (custom)
2019-10-02 00:13:17,827 [pool-469-thread-1] INFO  impl.RaftServerImpl (ServerState.java:<init>(103)) - 4db5ec50-aaae-4c5e-b67c-a912007a418d@group-E8789C32BBCD: ConfigurationManager, init=-1: [4db5ec50-aaae-4c5e-b67c-a912007a418d:192.168.30.63:46233], old=null, confs=<EMPTY_MAP>
2019-10-02 00:13:17,827 [pool-469-thread-1] INFO  server.RaftServerConfigKeys (ConfUtils.java:logGet(43)) - raft.server.storage.dir = [/workdir/hadoop-ozone/integration-test/target/test-dir/MiniOzoneClusterImpl-dde0f8af-4bf9-42cc-be8d-7f937630f525/datanode-6/data/ratis] (custom)
2019-10-02 00:13:17,828 [pool-469-thread-1] INFO  server.RaftServerConfigKeys (ConfUtils.java:logGet(43)) - raft.server.log.corruption.policy = EXCEPTION (default)
2019-10-02 00:13:17,828 [pool-469-thread-1] INFO  storage.RaftStorageDirectory (RaftStorageDirectory.java:analyzeStorage(246)) - The storage directory /workdir/hadoop-ozone/integration-test/target/test-dir/MiniOzoneClusterImpl-dde0f8af-4bf9-42cc-be8d-7f937630f525/datanode-6/data/ratis/2527e915-a951-4627-b6d7-e8789c32bbcd does not exist. Creating ...
2019-10-02 00:13:17,858 [pool-469-thread-1] INFO  storage.RaftStorageDirectory (RaftStorageDirectory.java:tryLock(328)) - Lock on /workdir/hadoop-ozone/integration-test/target/test-dir/MiniOzoneClusterImpl-dde0f8af-4bf9-42cc-be8d-7f937630f525/datanode-6/data/ratis/2527e915-a951-4627-b6d7-e8789c32bbcd/in_use.lock acquired by nodename 23313@pr-hdds-2201-rename-25sj9-3976918760
2019-10-02 00:13:17,883 [pool-469-thread-1] INFO  storage.RaftStorage (RaftStorage.java:format(84)) - Storage directory /workdir/hadoop-ozone/integration-test/target/test-dir/MiniOzoneClusterImpl-dde0f8af-4bf9-42cc-be8d-7f937630f525/datanode-6/data/ratis/2527e915-a951-4627-b6d7-e8789c32bbcd has been successfully formatted.
2019-10-02 00:13:17,883 [pool-469-thread-1] INFO  ratis.ContainerStateMachine (ContainerStateMachine.java:loadSnapshot(230)) - group-E8789C32BBCD: The snapshot info is null. Setting the last applied indexto:(t:0, i:~)
2019-10-02 00:13:17,884 [pool-469-thread-1] INFO  server.RaftServerConfigKeys (ConfUtils.java:logGet(43)) - raft.server.notification.no-leader.timeout = 120s (custom)
2019-10-02 00:13:17,884 [pool-469-thread-1] INFO  server.RaftServerConfigKeys (ConfUtils.java:logGet(43)) - raft.server.log.use.memory = false (default)
2019-10-02 00:13:17,884 [pool-469-thread-1] INFO  server.RaftServerConfigKeys (ConfUtils.java:logGet(43)) - raft.server.log.purge.gap = 1000000 (custom)
2019-10-02 00:13:17,884 [pool-469-thread-1] INFO  server.RaftServerConfigKeys (ConfUtils.java:logGet(43)) - raft.server.log.appender.buffer.byte-limit = 33554432 (custom)
2019-10-02 00:13:17,884 [pool-469-thread-1] INFO  server.RaftServerConfigKeys (ConfUtils.java:logGet(43)) - raft.server.log.segment.size.max = 1048576 (custom)
2019-10-02 00:13:17,886 [pool-469-thread-1] INFO  server.RaftServerConfigKeys (ConfUtils.java:logGet(43)) - raft.server.log.segment.cache.num.max = 2 (custom)
2019-10-02 00:13:17,886 [pool-469-thread-1] INFO  segmented.SegmentedRaftLogWorker (SegmentedRaftLogWorker.java:<init>(173)) - new 4db5ec50-aaae-4c5e-b67c-a912007a418d@group-E8789C32BBCD-SegmentedRaftLogWorker for RaftStorage:Storage Directory /workdir/hadoop-ozone/integration-test/target/test-dir/MiniOzoneClusterImpl-dde0f8af-4bf9-42cc-be8d-7f937630f525/datanode-6/data/ratis/2527e915-a951-4627-b6d7-e8789c32bbcd
2019-10-02 00:13:17,886 [pool-469-thread-1] INFO  server.RaftServerConfigKeys (ConfUtils.java:logGet(43)) - raft.server.log.queue.byte-limit = 2147483647 (custom)
2019-10-02 00:13:17,886 [pool-469-thread-1] INFO  server.RaftServerConfigKeys (ConfUtils.java:logGet(43)) - raft.server.log.queue.element-limit = 1024 (custom)
2019-10-02 00:13:17,886 [pool-469-thread-1] INFO  server.RaftServerConfigKeys (ConfUtils.java:logGet(43)) - raft.server.log.segment.size.max = 1048576 (custom)
2019-10-02 00:13:17,887 [pool-469-thread-1] INFO  server.RaftServerConfigKeys (ConfUtils.java:logGet(43)) - raft.server.log.preallocated.size = 16384 (custom)
2019-10-02 00:13:17,887 [pool-469-thread-1] INFO  server.RaftServerConfigKeys (ConfUtils.java:logGet(43)) - raft.server.log.write.buffer.size = 33554432 (custom)
2019-10-02 00:13:17,887 [pool-469-thread-1] INFO  server.RaftServerConfigKeys (ConfUtils.java:logGet(43)) - raft.server.log.force.sync.num = 128 (default)
2019-10-02 00:13:17,887 [pool-469-thread-1] INFO  server.RaftServerConfigKeys (ConfUtils.java:logGet(43)) - raft.server.log.statemachine.data.sync = true (default)
2019-10-02 00:13:17,887 [pool-469-thread-1] INFO  server.RaftServerConfigKeys (ConfUtils.java:logGet(43)) - raft.server.log.statemachine.data.sync.timeout = 10s (default)
2019-10-02 00:13:17,887 [pool-469-thread-1] INFO  server.RaftServerConfigKeys (ConfUtils.java:logGet(43)) - raft.server.log.statemachine.data.sync.timeout.retry = -1 (default)
2019-10-02 00:13:17,887 [pool-469-thread-1] INFO  server.RaftServerConfigKeys (ConfUtils.java:logGet(43)) - raft.server.log.statemachine.data.caching.enabled = true (custom)
2019-10-02 00:13:17,888 [pool-469-thread-1] INFO  segmented.SegmentedRaftLogWorker (SegmentedRaftLogWorker.java:lambda$new$0(128)) - 4db5ec50-aaae-4c5e-b67c-a912007a418d@group-E8789C32BBCD-SegmentedRaftLogWorker: flushIndex: setUnconditionally 0 -> -1
2019-10-02 00:13:17,888 [pool-469-thread-1] INFO  server.RaftServerConfigKeys (ConfUtils.java:logGet(43)) - raft.server.snapshot.auto.trigger.enabled = true (custom)
2019-10-02 00:13:17,888 [pool-469-thread-1] INFO  server.RaftServerConfigKeys (ConfUtils.java:logGet(43)) - raft.server.snapshot.auto.trigger.threshold = 10000 (custom)
2019-10-02 00:13:17,888 [pool-469-thread-1] INFO  server.RaftServerConfigKeys (ConfUtils.java:logGet(43)) - raft.server.snapshot.retention.file.num = 5 (custom)
2019-10-02 00:13:17,888 [pool-469-thread-1] INFO  server.RaftServerConfigKeys (ConfUtils.java:logGet(43)) - raft.server.retrycache.expirytime = 600000ms (custom)
2019-10-02 00:13:17,890 [pool-469-thread-1] INFO  impl.RaftServerImpl (RaftServerImpl.java:start(181)) - 4db5ec50-aaae-4c5e-b67c-a912007a418d@group-E8789C32BBCD: start as a follower, conf=-1: [4db5ec50-aaae-4c5e-b67c-a912007a418d:192.168.30.63:46233], old=null
2019-10-02 00:13:17,890 [pool-469-thread-1] INFO  impl.RaftServerImpl (RaftServerImpl.java:setRole(170)) - 4db5ec50-aaae-4c5e-b67c-a912007a418d@group-E8789C32BBCD: changes role from      null to FOLLOWER at term 0 for startAsFollower
2019-10-02 00:13:17,890 [pool-469-thread-1] INFO  impl.RoleInfo (RoleInfo.java:updateAndGet(143)) - 4db5ec50-aaae-4c5e-b67c-a912007a418d: start FollowerState
2019-10-02 00:13:17,891 [pool-469-thread-1] INFO  util.JmxRegister (JmxRegister.java:tryRegister(44)) - Successfully registered JMX Bean with object name Ratis:service=RaftServer,group=group-E8789C32BBCD,id=4db5ec50-aaae-4c5e-b67c-a912007a418d
2019-10-02 00:13:17,894 [RatisPipelineUtilsThread] INFO  pipeline.PipelineStateManager (PipelineStateManager.java:addPipeline(56)) - Created pipeline Pipeline[ Id: 2527e915-a951-4627-b6d7-e8789c32bbcd, Nodes: 4db5ec50-aaae-4c5e-b67c-a912007a418d{ip: 192.168.30.63, host: pr-hdds-2201-rename-25sj9-3976918760, networkLocation: /default-rack, certSerialId: null}, Type:RATIS, Factor:ONE, State:OPEN]
2019-10-02 00:13:17,910 [grpc-default-executor-6] INFO  impl.RaftServerProxy (RaftServerProxy.java:addNew(89)) - 273bd3ba-db52-4655-bbb8-1c2df5793e49: addNew group-4822F4F6F8F9:[273bd3ba-db52-4655-bbb8-1c2df5793e49:192.168.30.63:39351, ac816572-adb8-4efa-a0d7-3d08ab4d48f3:192.168.30.63:43796, b2ccb09c-659d-4cb0-92b9-3179ded62f29:192.168.30.63:41168] returns group-4822F4F6F8F9:java.util.concurrent.CompletableFuture@526c8850[Not completed]
2019-10-02 00:13:17,910 [grpc-default-executor-5] INFO  impl.RaftServerProxy (RaftServerProxy.java:addNew(89)) - ac816572-adb8-4efa-a0d7-3d08ab4d48f3: addNew group-4822F4F6F8F9:[273bd3ba-db52-4655-bbb8-1c2df5793e49:192.168.30.63:39351, ac816572-adb8-4efa-a0d7-3d08ab4d48f3:192.168.30.63:43796, b2ccb09c-659d-4cb0-92b9-3179ded62f29:192.168.30.63:41168] returns group-4822F4F6F8F9:java.util.concurrent.CompletableFuture@4cef888c[Not completed]
2019-10-02 00:13:17,910 [grpc-default-executor-10] INFO  impl.RaftServerProxy (RaftServerProxy.java:addNew(89)) - b2ccb09c-659d-4cb0-92b9-3179ded62f29: addNew group-4822F4F6F8F9:[273bd3ba-db52-4655-bbb8-1c2df5793e49:192.168.30.63:39351, ac816572-adb8-4efa-a0d7-3d08ab4d48f3:192.168.30.63:43796, b2ccb09c-659d-4cb0-92b9-3179ded62f29:192.168.30.63:41168] returns group-4822F4F6F8F9:java.util.concurrent.CompletableFuture@451e7b07[Not completed]
2019-10-02 00:13:17,911 [pool-439-thread-1] INFO  impl.RaftServerImpl (RaftServerImpl.java:<init>(95)) - b2ccb09c-659d-4cb0-92b9-3179ded62f29: new RaftServerImpl for group-4822F4F6F8F9:[273bd3ba-db52-4655-bbb8-1c2df5793e49:192.168.30.63:39351, ac816572-adb8-4efa-a0d7-3d08ab4d48f3:192.168.30.63:43796, b2ccb09c-659d-4cb0-92b9-3179ded62f29:192.168.30.63:41168] with ContainerStateMachine:uninitialized
2019-10-02 00:13:17,911 [pool-439-thread-1] INFO  server.RaftServerConfigKeys (ConfUtils.java:logGet(43)) - raft.server.rpc.timeout.min = 5s (custom)
2019-10-02 00:13:17,911 [pool-439-thread-1] INFO  server.RaftServerConfigKeys (ConfUtils.java:logGet(43)) - raft.server.rpc.timeout.max = 5200ms (custom)
2019-10-02 00:13:17,911 [pool-439-thread-1] INFO  server.RaftServerConfigKeys (ConfUtils.java:logGet(43)) - raft.server.rpcslowness.timeout = 120s (custom)
2019-10-02 00:13:17,911 [pool-439-thread-1] INFO  server.RaftServerConfigKeys (ConfUtils.java:logGet(43)) - raft.server.sleep.deviation.threshold = 300 (default)
2019-10-02 00:13:17,911 [pool-439-thread-1] INFO  server.RaftServerConfigKeys (ConfUtils.java:logGet(43)) - raft.server.log.appender.install.snapshot.enabled = false (custom)
2019-10-02 00:13:17,911 [pool-439-thread-1] INFO  impl.RaftServerImpl (ServerState.java:<init>(103)) - b2ccb09c-659d-4cb0-92b9-3179ded62f29@group-4822F4F6F8F9: ConfigurationManager, init=-1: [273bd3ba-db52-4655-bbb8-1c2df5793e49:192.168.30.63:39351, ac816572-adb8-4efa-a0d7-3d08ab4d48f3:192.168.30.63:43796, b2ccb09c-659d-4cb0-92b9-3179ded62f29:192.168.30.63:41168], old=null, confs=<EMPTY_MAP>
2019-10-02 00:13:17,911 [pool-449-thread-1] INFO  impl.RaftServerImpl (RaftServerImpl.java:<init>(95)) - ac816572-adb8-4efa-a0d7-3d08ab4d48f3: new RaftServerImpl for group-4822F4F6F8F9:[273bd3ba-db52-4655-bbb8-1c2df5793e49:192.168.30.63:39351, ac816572-adb8-4efa-a0d7-3d08ab4d48f3:192.168.30.63:43796, b2ccb09c-659d-4cb0-92b9-3179ded62f29:192.168.30.63:41168] with ContainerStateMachine:uninitialized
2019-10-02 00:13:17,912 [pool-439-thread-1] INFO  server.RaftServerConfigKeys (ConfUtils.java:logGet(43)) - raft.server.storage.dir = [/workdir/hadoop-ozone/integration-test/target/test-dir/MiniOzoneClusterImpl-dde0f8af-4bf9-42cc-be8d-7f937630f525/datanode-3/data/ratis] (custom)
2019-10-02 00:13:17,912 [pool-449-thread-1] INFO  server.RaftServerConfigKeys (ConfUtils.java:logGet(43)) - raft.server.rpc.timeout.min = 5s (custom)
2019-10-02 00:13:17,912 [pool-449-thread-1] INFO  server.RaftServerConfigKeys (ConfUtils.java:logGet(43)) - raft.server.rpc.timeout.max = 5200ms (custom)
2019-10-02 00:13:17,912 [pool-439-thread-1] INFO  server.RaftServerConfigKeys (ConfUtils.java:logGet(43)) - raft.server.log.corruption.policy = EXCEPTION (default)
2019-10-02 00:13:17,912 [pool-459-thread-1] INFO  impl.RaftServerImpl (RaftServerImpl.java:<init>(95)) - 273bd3ba-db52-4655-bbb8-1c2df5793e49: new RaftServerImpl for group-4822F4F6F8F9:[273bd3ba-db52-4655-bbb8-1c2df5793e49:192.168.30.63:39351, ac816572-adb8-4efa-a0d7-3d08ab4d48f3:192.168.30.63:43796, b2ccb09c-659d-4cb0-92b9-3179ded62f29:192.168.30.63:41168] with ContainerStateMachine:uninitialized
2019-10-02 00:13:17,912 [pool-449-thread-1] INFO  server.RaftServerConfigKeys (ConfUtils.java:logGet(43)) - raft.server.rpcslowness.timeout = 120s (custom)
2019-10-02 00:13:17,912 [pool-459-thread-1] INFO  server.RaftServerConfigKeys (ConfUtils.java:logGet(43)) - raft.server.rpc.timeout.min = 5s (custom)
2019-10-02 00:13:17,912 [pool-439-thread-1] INFO  storage.RaftStorageDirectory (RaftStorageDirectory.java:analyzeStorage(246)) - The storage directory /workdir/hadoop-ozone/integration-test/target/test-dir/MiniOzoneClusterImpl-dde0f8af-4bf9-42cc-be8d-7f937630f525/datanode-3/data/ratis/ede7d205-12e0-4237-b6fa-4822f4f6f8f9 does not exist. Creating ...
2019-10-02 00:13:17,912 [pool-459-thread-1] INFO  server.RaftServerConfigKeys (ConfUtils.java:logGet(43)) - raft.server.rpc.timeout.max = 5200ms (custom)
2019-10-02 00:13:17,912 [pool-449-thread-1] INFO  server.RaftServerConfigKeys (ConfUtils.java:logGet(43)) - raft.server.sleep.deviation.threshold = 300 (default)
2019-10-02 00:13:17,912 [pool-459-thread-1] INFO  server.RaftServerConfigKeys (ConfUtils.java:logGet(43)) - raft.server.rpcslowness.timeout = 120s (custom)
2019-10-02 00:13:17,913 [pool-449-thread-1] INFO  server.RaftServerConfigKeys (ConfUtils.java:logGet(43)) - raft.server.log.appender.install.snapshot.enabled = false (custom)
2019-10-02 00:13:17,913 [pool-459-thread-1] INFO  server.RaftServerConfigKeys (ConfUtils.java:logGet(43)) - raft.server.sleep.deviation.threshold = 300 (default)
2019-10-02 00:13:17,913 [pool-449-thread-1] INFO  impl.RaftServerImpl (ServerState.java:<init>(103)) - ac816572-adb8-4efa-a0d7-3d08ab4d48f3@group-4822F4F6F8F9: ConfigurationManager, init=-1: [273bd3ba-db52-4655-bbb8-1c2df5793e49:192.168.30.63:39351, ac816572-adb8-4efa-a0d7-3d08ab4d48f3:192.168.30.63:43796, b2ccb09c-659d-4cb0-92b9-3179ded62f29:192.168.30.63:41168], old=null, confs=<EMPTY_MAP>
2019-10-02 00:13:17,913 [pool-459-thread-1] INFO  server.RaftServerConfigKeys (ConfUtils.java:logGet(43)) - raft.server.log.appender.install.snapshot.enabled = false (custom)
2019-10-02 00:13:17,913 [pool-449-thread-1] INFO  server.RaftServerConfigKeys (ConfUtils.java:logGet(43)) - raft.server.storage.dir = [/workdir/hadoop-ozone/integration-test/target/test-dir/MiniOzoneClusterImpl-dde0f8af-4bf9-42cc-be8d-7f937630f525/datanode-4/data/ratis] (custom)
2019-10-02 00:13:17,913 [pool-459-thread-1] INFO  impl.RaftServerImpl (ServerState.java:<init>(103)) - 273bd3ba-db52-4655-bbb8-1c2df5793e49@group-4822F4F6F8F9: ConfigurationManager, init=-1: [273bd3ba-db52-4655-bbb8-1c2df5793e49:192.168.30.63:39351, ac816572-adb8-4efa-a0d7-3d08ab4d48f3:192.168.30.63:43796, b2ccb09c-659d-4cb0-92b9-3179ded62f29:192.168.30.63:41168], old=null, confs=<EMPTY_MAP>
2019-10-02 00:13:17,913 [pool-459-thread-1] INFO  server.RaftServerConfigKeys (ConfUtils.java:logGet(43)) - raft.server.storage.dir = [/workdir/hadoop-ozone/integration-test/target/test-dir/MiniOzoneClusterImpl-dde0f8af-4bf9-42cc-be8d-7f937630f525/datanode-5/data/ratis] (custom)
2019-10-02 00:13:17,913 [pool-449-thread-1] INFO  server.RaftServerConfigKeys (ConfUtils.java:logGet(43)) - raft.server.log.corruption.policy = EXCEPTION (default)
2019-10-02 00:13:17,913 [pool-459-thread-1] INFO  server.RaftServerConfigKeys (ConfUtils.java:logGet(43)) - raft.server.log.corruption.policy = EXCEPTION (default)
2019-10-02 00:13:17,913 [pool-449-thread-1] INFO  storage.RaftStorageDirectory (RaftStorageDirectory.java:analyzeStorage(246)) - The storage directory /workdir/hadoop-ozone/integration-test/target/test-dir/MiniOzoneClusterImpl-dde0f8af-4bf9-42cc-be8d-7f937630f525/datanode-4/data/ratis/ede7d205-12e0-4237-b6fa-4822f4f6f8f9 does not exist. Creating ...
2019-10-02 00:13:17,913 [pool-459-thread-1] INFO  storage.RaftStorageDirectory (RaftStorageDirectory.java:analyzeStorage(246)) - The storage directory /workdir/hadoop-ozone/integration-test/target/test-dir/MiniOzoneClusterImpl-dde0f8af-4bf9-42cc-be8d-7f937630f525/datanode-5/data/ratis/ede7d205-12e0-4237-b6fa-4822f4f6f8f9 does not exist. Creating ...
2019-10-02 00:13:17,934 [pool-449-thread-1] INFO  storage.RaftStorageDirectory (RaftStorageDirectory.java:tryLock(328)) - Lock on /workdir/hadoop-ozone/integration-test/target/test-dir/MiniOzoneClusterImpl-dde0f8af-4bf9-42cc-be8d-7f937630f525/datanode-4/data/ratis/ede7d205-12e0-4237-b6fa-4822f4f6f8f9/in_use.lock acquired by nodename 23313@pr-hdds-2201-rename-25sj9-3976918760
2019-10-02 00:13:17,934 [pool-439-thread-1] INFO  storage.RaftStorageDirectory (RaftStorageDirectory.java:tryLock(328)) - Lock on /workdir/hadoop-ozone/integration-test/target/test-dir/MiniOzoneClusterImpl-dde0f8af-4bf9-42cc-be8d-7f937630f525/datanode-3/data/ratis/ede7d205-12e0-4237-b6fa-4822f4f6f8f9/in_use.lock acquired by nodename 23313@pr-hdds-2201-rename-25sj9-3976918760
2019-10-02 00:13:17,934 [pool-459-thread-1] INFO  storage.RaftStorageDirectory (RaftStorageDirectory.java:tryLock(328)) - Lock on /workdir/hadoop-ozone/integration-test/target/test-dir/MiniOzoneClusterImpl-dde0f8af-4bf9-42cc-be8d-7f937630f525/datanode-5/data/ratis/ede7d205-12e0-4237-b6fa-4822f4f6f8f9/in_use.lock acquired by nodename 23313@pr-hdds-2201-rename-25sj9-3976918760
2019-10-02 00:13:17,960 [pool-459-thread-1] INFO  storage.RaftStorage (RaftStorage.java:format(84)) - Storage directory /workdir/hadoop-ozone/integration-test/target/test-dir/MiniOzoneClusterImpl-dde0f8af-4bf9-42cc-be8d-7f937630f525/datanode-5/data/ratis/ede7d205-12e0-4237-b6fa-4822f4f6f8f9 has been successfully formatted.
2019-10-02 00:13:17,960 [pool-439-thread-1] INFO  storage.RaftStorage (RaftStorage.java:format(84)) - Storage directory /workdir/hadoop-ozone/integration-test/target/test-dir/MiniOzoneClusterImpl-dde0f8af-4bf9-42cc-be8d-7f937630f525/datanode-3/data/ratis/ede7d205-12e0-4237-b6fa-4822f4f6f8f9 has been successfully formatted.
2019-10-02 00:13:17,960 [pool-449-thread-1] INFO  storage.RaftStorage (RaftStorage.java:format(84)) - Storage directory /workdir/hadoop-ozone/integration-test/target/test-dir/MiniOzoneClusterImpl-dde0f8af-4bf9-42cc-be8d-7f937630f525/datanode-4/data/ratis/ede7d205-12e0-4237-b6fa-4822f4f6f8f9 has been successfully formatted.
2019-10-02 00:13:17,960 [pool-439-thread-1] INFO  ratis.ContainerStateMachine (ContainerStateMachine.java:loadSnapshot(230)) - group-4822F4F6F8F9: The snapshot info is null. Setting the last applied indexto:(t:0, i:~)
2019-10-02 00:13:17,960 [pool-459-thread-1] INFO  ratis.ContainerStateMachine (ContainerStateMachine.java:loadSnapshot(230)) - group-4822F4F6F8F9: The snapshot info is null. Setting the last applied indexto:(t:0, i:~)
2019-10-02 00:13:17,960 [pool-449-thread-1] INFO  ratis.ContainerStateMachine (ContainerStateMachine.java:loadSnapshot(230)) - group-4822F4F6F8F9: The snapshot info is null. Setting the last applied indexto:(t:0, i:~)
2019-10-02 00:13:17,960 [pool-439-thread-1] INFO  server.RaftServerConfigKeys (ConfUtils.java:logGet(43)) - raft.server.notification.no-leader.timeout = 120s (custom)
2019-10-02 00:13:17,960 [pool-449-thread-1] INFO  server.RaftServerConfigKeys (ConfUtils.java:logGet(43)) - raft.server.notification.no-leader.timeout = 120s (custom)
2019-10-02 00:13:17,960 [pool-459-thread-1] INFO  server.RaftServerConfigKeys (ConfUtils.java:logGet(43)) - raft.server.notification.no-leader.timeout = 120s (custom)
2019-10-02 00:13:17,961 [pool-449-thread-1] INFO  server.RaftServerConfigKeys (ConfUtils.java:logGet(43)) - raft.server.log.use.memory = false (default)
2019-10-02 00:13:17,960 [pool-439-thread-1] INFO  server.RaftServerConfigKeys (ConfUtils.java:logGet(43)) - raft.server.log.use.memory = false (default)
2019-10-02 00:13:17,961 [pool-449-thread-1] INFO  server.RaftServerConfigKeys (ConfUtils.java:logGet(43)) - raft.server.log.purge.gap = 1000000 (custom)
2019-10-02 00:13:17,961 [pool-459-thread-1] INFO  server.RaftServerConfigKeys (ConfUtils.java:logGet(43)) - raft.server.log.use.memory = false (default)
2019-10-02 00:13:17,961 [pool-449-thread-1] INFO  server.RaftServerConfigKeys (ConfUtils.java:logGet(43)) - raft.server.log.appender.buffer.byte-limit = 33554432 (custom)
2019-10-02 00:13:17,961 [pool-439-thread-1] INFO  server.RaftServerConfigKeys (ConfUtils.java:logGet(43)) - raft.server.log.purge.gap = 1000000 (custom)
2019-10-02 00:13:17,961 [pool-449-thread-1] INFO  server.RaftServerConfigKeys (ConfUtils.java:logGet(43)) - raft.server.log.segment.size.max = 1048576 (custom)
2019-10-02 00:13:17,961 [pool-459-thread-1] INFO  server.RaftServerConfigKeys (ConfUtils.java:logGet(43)) - raft.server.log.purge.gap = 1000000 (custom)
2019-10-02 00:13:17,961 [pool-449-thread-1] INFO  server.RaftServerConfigKeys (ConfUtils.java:logGet(43)) - raft.server.log.segment.cache.num.max = 2 (custom)
2019-10-02 00:13:17,961 [pool-439-thread-1] INFO  server.RaftServerConfigKeys (ConfUtils.java:logGet(43)) - raft.server.log.appender.buffer.byte-limit = 33554432 (custom)
2019-10-02 00:13:17,962 [pool-449-thread-1] INFO  segmented.SegmentedRaftLogWorker (SegmentedRaftLogWorker.java:<init>(173)) - new ac816572-adb8-4efa-a0d7-3d08ab4d48f3@group-4822F4F6F8F9-SegmentedRaftLogWorker for RaftStorage:Storage Directory /workdir/hadoop-ozone/integration-test/target/test-dir/MiniOzoneClusterImpl-dde0f8af-4bf9-42cc-be8d-7f937630f525/datanode-4/data/ratis/ede7d205-12e0-4237-b6fa-4822f4f6f8f9
2019-10-02 00:13:17,961 [pool-459-thread-1] INFO  server.RaftServerConfigKeys (ConfUtils.java:logGet(43)) - raft.server.log.appender.buffer.byte-limit = 33554432 (custom)
2019-10-02 00:13:17,962 [pool-449-thread-1] INFO  server.RaftServerConfigKeys (ConfUtils.java:logGet(43)) - raft.server.log.queue.byte-limit = 2147483647 (custom)
2019-10-02 00:13:17,962 [pool-439-thread-1] INFO  server.RaftServerConfigKeys (ConfUtils.java:logGet(43)) - raft.server.log.segment.size.max = 1048576 (custom)
2019-10-02 00:13:17,962 [pool-449-thread-1] INFO  server.RaftServerConfigKeys (ConfUtils.java:logGet(43)) - raft.server.log.queue.element-limit = 1024 (custom)
2019-10-02 00:13:17,962 [pool-459-thread-1] INFO  server.RaftServerConfigKeys (ConfUtils.java:logGet(43)) - raft.server.log.segment.size.max = 1048576 (custom)
2019-10-02 00:13:17,962 [pool-449-thread-1] INFO  server.RaftServerConfigKeys (ConfUtils.java:logGet(43)) - raft.server.log.segment.size.max = 1048576 (custom)
2019-10-02 00:13:17,962 [pool-439-thread-1] INFO  server.RaftServerConfigKeys (ConfUtils.java:logGet(43)) - raft.server.log.segment.cache.num.max = 2 (custom)
2019-10-02 00:13:17,962 [pool-449-thread-1] INFO  server.RaftServerConfigKeys (ConfUtils.java:logGet(43)) - raft.server.log.preallocated.size = 16384 (custom)
2019-10-02 00:13:17,962 [pool-459-thread-1] INFO  server.RaftServerConfigKeys (ConfUtils.java:logGet(43)) - raft.server.log.segment.cache.num.max = 2 (custom)
2019-10-02 00:13:17,963 [pool-449-thread-1] INFO  server.RaftServerConfigKeys (ConfUtils.java:logGet(43)) - raft.server.log.write.buffer.size = 33554432 (custom)
2019-10-02 00:13:17,962 [pool-439-thread-1] INFO  segmented.SegmentedRaftLogWorker (SegmentedRaftLogWorker.java:<init>(173)) - new b2ccb09c-659d-4cb0-92b9-3179ded62f29@group-4822F4F6F8F9-SegmentedRaftLogWorker for RaftStorage:Storage Directory /workdir/hadoop-ozone/integration-test/target/test-dir/MiniOzoneClusterImpl-dde0f8af-4bf9-42cc-be8d-7f937630f525/datanode-3/data/ratis/ede7d205-12e0-4237-b6fa-4822f4f6f8f9
2019-10-02 00:13:17,963 [pool-449-thread-1] INFO  server.RaftServerConfigKeys (ConfUtils.java:logGet(43)) - raft.server.log.force.sync.num = 128 (default)
2019-10-02 00:13:17,963 [pool-459-thread-1] INFO  segmented.SegmentedRaftLogWorker (SegmentedRaftLogWorker.java:<init>(173)) - new 273bd3ba-db52-4655-bbb8-1c2df5793e49@group-4822F4F6F8F9-SegmentedRaftLogWorker for RaftStorage:Storage Directory /workdir/hadoop-ozone/integration-test/target/test-dir/MiniOzoneClusterImpl-dde0f8af-4bf9-42cc-be8d-7f937630f525/datanode-5/data/ratis/ede7d205-12e0-4237-b6fa-4822f4f6f8f9
2019-10-02 00:13:17,963 [pool-449-thread-1] INFO  server.RaftServerConfigKeys (ConfUtils.java:logGet(43)) - raft.server.log.statemachine.data.sync = true (default)
2019-10-02 00:13:17,963 [pool-439-thread-1] INFO  server.RaftServerConfigKeys (ConfUtils.java:logGet(43)) - raft.server.log.queue.byte-limit = 2147483647 (custom)
2019-10-02 00:13:17,963 [pool-449-thread-1] INFO  server.RaftServerConfigKeys (ConfUtils.java:logGet(43)) - raft.server.log.statemachine.data.sync.timeout = 10s (default)
2019-10-02 00:13:17,963 [pool-459-thread-1] INFO  server.RaftServerConfigKeys (ConfUtils.java:logGet(43)) - raft.server.log.queue.byte-limit = 2147483647 (custom)
2019-10-02 00:13:17,963 [pool-449-thread-1] INFO  server.RaftServerConfigKeys (ConfUtils.java:logGet(43)) - raft.server.log.statemachine.data.sync.timeout.retry = -1 (default)
2019-10-02 00:13:17,963 [pool-439-thread-1] INFO  server.RaftServerConfigKeys (ConfUtils.java:logGet(43)) - raft.server.log.queue.element-limit = 1024 (custom)
2019-10-02 00:13:17,964 [pool-449-thread-1] INFO  server.RaftServerConfigKeys (ConfUtils.java:logGet(43)) - raft.server.log.statemachine.data.caching.enabled = true (custom)
2019-10-02 00:13:17,963 [pool-459-thread-1] INFO  server.RaftServerConfigKeys (ConfUtils.java:logGet(43)) - raft.server.log.queue.element-limit = 1024 (custom)
2019-10-02 00:13:17,964 [pool-439-thread-1] INFO  server.RaftServerConfigKeys (ConfUtils.java:logGet(43)) - raft.server.log.segment.size.max = 1048576 (custom)
2019-10-02 00:13:17,964 [pool-449-thread-1] INFO  segmented.SegmentedRaftLogWorker (SegmentedRaftLogWorker.java:lambda$new$0(128)) - ac816572-adb8-4efa-a0d7-3d08ab4d48f3@group-4822F4F6F8F9-SegmentedRaftLogWorker: flushIndex: setUnconditionally 0 -> -1
2019-10-02 00:13:17,964 [pool-459-thread-1] INFO  server.RaftServerConfigKeys (ConfUtils.java:logGet(43)) - raft.server.log.segment.size.max = 1048576 (custom)
2019-10-02 00:13:17,964 [pool-439-thread-1] INFO  server.RaftServerConfigKeys (ConfUtils.java:logGet(43)) - raft.server.log.preallocated.size = 16384 (custom)
2019-10-02 00:13:17,964 [pool-459-thread-1] INFO  server.RaftServerConfigKeys (ConfUtils.java:logGet(43)) - raft.server.log.preallocated.size = 16384 (custom)
2019-10-02 00:13:17,964 [pool-439-thread-1] INFO  server.RaftServerConfigKeys (ConfUtils.java:logGet(43)) - raft.server.log.write.buffer.size = 33554432 (custom)
2019-10-02 00:13:17,964 [pool-449-thread-1] INFO  server.RaftServerConfigKeys (ConfUtils.java:logGet(43)) - raft.server.snapshot.auto.trigger.enabled = true (custom)
2019-10-02 00:13:17,964 [pool-439-thread-1] INFO  server.RaftServerConfigKeys (ConfUtils.java:logGet(43)) - raft.server.log.force.sync.num = 128 (default)
2019-10-02 00:13:17,964 [pool-459-thread-1] INFO  server.RaftServerConfigKeys (ConfUtils.java:logGet(43)) - raft.server.log.write.buffer.size = 33554432 (custom)
2019-10-02 00:13:17,965 [pool-439-thread-1] INFO  server.RaftServerConfigKeys (ConfUtils.java:logGet(43)) - raft.server.log.statemachine.data.sync = true (default)
2019-10-02 00:13:17,965 [pool-449-thread-1] INFO  server.RaftServerConfigKeys (ConfUtils.java:logGet(43)) - raft.server.snapshot.auto.trigger.threshold = 10000 (custom)
2019-10-02 00:13:17,965 [pool-439-thread-1] INFO  server.RaftServerConfigKeys (ConfUtils.java:logGet(43)) - raft.server.log.statemachine.data.sync.timeout = 10s (default)
2019-10-02 00:13:17,965 [pool-459-thread-1] INFO  server.RaftServerConfigKeys (ConfUtils.java:logGet(43)) - raft.server.log.force.sync.num = 128 (default)
2019-10-02 00:13:17,965 [pool-439-thread-1] INFO  server.RaftServerConfigKeys (ConfUtils.java:logGet(43)) - raft.server.log.statemachine.data.sync.timeout.retry = -1 (default)
2019-10-02 00:13:17,965 [pool-449-thread-1] INFO  server.RaftServerConfigKeys (ConfUtils.java:logGet(43)) - raft.server.snapshot.retention.file.num = 5 (custom)
2019-10-02 00:13:17,965 [pool-439-thread-1] INFO  server.RaftServerConfigKeys (ConfUtils.java:logGet(43)) - raft.server.log.statemachine.data.caching.enabled = true (custom)
2019-10-02 00:13:17,965 [pool-459-thread-1] INFO  server.RaftServerConfigKeys (ConfUtils.java:logGet(43)) - raft.server.log.statemachine.data.sync = true (default)
2019-10-02 00:13:17,965 [pool-449-thread-1] INFO  server.RaftServerConfigKeys (ConfUtils.java:logGet(43)) - raft.server.retrycache.expirytime = 600000ms (custom)
2019-10-02 00:13:17,966 [pool-459-thread-1] INFO  server.RaftServerConfigKeys (ConfUtils.java:logGet(43)) - raft.server.log.statemachine.data.sync.timeout = 10s (default)
2019-10-02 00:13:17,966 [pool-459-thread-1] INFO  server.RaftServerConfigKeys (ConfUtils.java:logGet(43)) - raft.server.log.statemachine.data.sync.timeout.retry = -1 (default)
2019-10-02 00:13:17,966 [pool-439-thread-1] INFO  segmented.SegmentedRaftLogWorker (SegmentedRaftLogWorker.java:lambda$new$0(128)) - b2ccb09c-659d-4cb0-92b9-3179ded62f29@group-4822F4F6F8F9-SegmentedRaftLogWorker: flushIndex: setUnconditionally 0 -> -1
2019-10-02 00:13:17,966 [pool-459-thread-1] INFO  server.RaftServerConfigKeys (ConfUtils.java:logGet(43)) - raft.server.log.statemachine.data.caching.enabled = true (custom)
2019-10-02 00:13:17,966 [pool-439-thread-1] INFO  server.RaftServerConfigKeys (ConfUtils.java:logGet(43)) - raft.server.snapshot.auto.trigger.enabled = true (custom)
2019-10-02 00:13:17,966 [pool-459-thread-1] INFO  segmented.SegmentedRaftLogWorker (SegmentedRaftLogWorker.java:lambda$new$0(128)) - 273bd3ba-db52-4655-bbb8-1c2df5793e49@group-4822F4F6F8F9-SegmentedRaftLogWorker: flushIndex: setUnconditionally 0 -> -1
2019-10-02 00:13:17,966 [pool-439-thread-1] INFO  server.RaftServerConfigKeys (ConfUtils.java:logGet(43)) - raft.server.snapshot.auto.trigger.threshold = 10000 (custom)
2019-10-02 00:13:17,966 [pool-439-thread-1] INFO  server.RaftServerConfigKeys (ConfUtils.java:logGet(43)) - raft.server.snapshot.retention.file.num = 5 (custom)
2019-10-02 00:13:17,966 [pool-459-thread-1] INFO  server.RaftServerConfigKeys (ConfUtils.java:logGet(43)) - raft.server.snapshot.auto.trigger.enabled = true (custom)
2019-10-02 00:13:17,967 [pool-439-thread-1] INFO  server.RaftServerConfigKeys (ConfUtils.java:logGet(43)) - raft.server.retrycache.expirytime = 600000ms (custom)
2019-10-02 00:13:17,967 [pool-459-thread-1] INFO  server.RaftServerConfigKeys (ConfUtils.java:logGet(43)) - raft.server.snapshot.auto.trigger.threshold = 10000 (custom)
2019-10-02 00:13:17,967 [pool-459-thread-1] INFO  server.RaftServerConfigKeys (ConfUtils.java:logGet(43)) - raft.server.snapshot.retention.file.num = 5 (custom)
2019-10-02 00:13:17,967 [pool-459-thread-1] INFO  server.RaftServerConfigKeys (ConfUtils.java:logGet(43)) - raft.server.retrycache.expirytime = 600000ms (custom)
2019-10-02 00:13:17,969 [pool-449-thread-1] INFO  impl.RaftServerImpl (RaftServerImpl.java:start(181)) - ac816572-adb8-4efa-a0d7-3d08ab4d48f3@group-4822F4F6F8F9: start as a follower, conf=-1: [273bd3ba-db52-4655-bbb8-1c2df5793e49:192.168.30.63:39351, ac816572-adb8-4efa-a0d7-3d08ab4d48f3:192.168.30.63:43796, b2ccb09c-659d-4cb0-92b9-3179ded62f29:192.168.30.63:41168], old=null
2019-10-02 00:13:17,969 [pool-449-thread-1] INFO  impl.RaftServerImpl (RaftServerImpl.java:setRole(170)) - ac816572-adb8-4efa-a0d7-3d08ab4d48f3@group-4822F4F6F8F9: changes role from      null to FOLLOWER at term 0 for startAsFollower
2019-10-02 00:13:17,969 [pool-449-thread-1] INFO  impl.RoleInfo (RoleInfo.java:updateAndGet(143)) - ac816572-adb8-4efa-a0d7-3d08ab4d48f3: start FollowerState
2019-10-02 00:13:17,969 [pool-459-thread-1] INFO  impl.RaftServerImpl (RaftServerImpl.java:start(181)) - 273bd3ba-db52-4655-bbb8-1c2df5793e49@group-4822F4F6F8F9: start as a follower, conf=-1: [273bd3ba-db52-4655-bbb8-1c2df5793e49:192.168.30.63:39351, ac816572-adb8-4efa-a0d7-3d08ab4d48f3:192.168.30.63:43796, b2ccb09c-659d-4cb0-92b9-3179ded62f29:192.168.30.63:41168], old=null
2019-10-02 00:13:17,969 [pool-439-thread-1] INFO  impl.RaftServerImpl (RaftServerImpl.java:start(181)) - b2ccb09c-659d-4cb0-92b9-3179ded62f29@group-4822F4F6F8F9: start as a follower, conf=-1: [273bd3ba-db52-4655-bbb8-1c2df5793e49:192.168.30.63:39351, ac816572-adb8-4efa-a0d7-3d08ab4d48f3:192.168.30.63:43796, b2ccb09c-659d-4cb0-92b9-3179ded62f29:192.168.30.63:41168], old=null
2019-10-02 00:13:17,970 [pool-459-thread-1] INFO  impl.RaftServerImpl (RaftServerImpl.java:setRole(170)) - 273bd3ba-db52-4655-bbb8-1c2df5793e49@group-4822F4F6F8F9: changes role from      null to FOLLOWER at term 0 for startAsFollower
2019-10-02 00:13:17,970 [pool-439-thread-1] INFO  impl.RaftServerImpl (RaftServerImpl.java:setRole(170)) - b2ccb09c-659d-4cb0-92b9-3179ded62f29@group-4822F4F6F8F9: changes role from      null to FOLLOWER at term 0 for startAsFollower
2019-10-02 00:13:17,970 [pool-459-thread-1] INFO  impl.RoleInfo (RoleInfo.java:updateAndGet(143)) - 273bd3ba-db52-4655-bbb8-1c2df5793e49: start FollowerState
2019-10-02 00:13:17,970 [pool-449-thread-1] INFO  util.JmxRegister (JmxRegister.java:tryRegister(44)) - Successfully registered JMX Bean with object name Ratis:service=RaftServer,group=group-4822F4F6F8F9,id=ac816572-adb8-4efa-a0d7-3d08ab4d48f3
2019-10-02 00:13:17,970 [pool-439-thread-1] INFO  impl.RoleInfo (RoleInfo.java:updateAndGet(143)) - b2ccb09c-659d-4cb0-92b9-3179ded62f29: start FollowerState
2019-10-02 00:13:17,970 [pool-459-thread-1] INFO  util.JmxRegister (JmxRegister.java:tryRegister(44)) - Successfully registered JMX Bean with object name Ratis:service=RaftServer,group=group-4822F4F6F8F9,id=273bd3ba-db52-4655-bbb8-1c2df5793e49
2019-10-02 00:13:17,970 [pool-439-thread-1] INFO  util.JmxRegister (JmxRegister.java:tryRegister(44)) - Successfully registered JMX Bean with object name Ratis:service=RaftServer,group=group-4822F4F6F8F9,id=b2ccb09c-659d-4cb0-92b9-3179ded62f29
2019-10-02 00:13:17,976 [RatisPipelineUtilsThread] INFO  pipeline.PipelineStateManager (PipelineStateManager.java:addPipeline(56)) - Created pipeline Pipeline[ Id: ede7d205-12e0-4237-b6fa-4822f4f6f8f9, Nodes: ac816572-adb8-4efa-a0d7-3d08ab4d48f3{ip: 192.168.30.63, host: pr-hdds-2201-rename-25sj9-3976918760, networkLocation: /default-rack, certSerialId: null}b2ccb09c-659d-4cb0-92b9-3179ded62f29{ip: 192.168.30.63, host: pr-hdds-2201-rename-25sj9-3976918760, networkLocation: /default-rack, certSerialId: null}273bd3ba-db52-4655-bbb8-1c2df5793e49{ip: 192.168.30.63, host: pr-hdds-2201-rename-25sj9-3976918760, networkLocation: /default-rack, certSerialId: null}, Type:RATIS, Factor:THREE, State:OPEN]
2019-10-02 00:13:17,988 [grpc-default-executor-6] INFO  impl.RaftServerProxy (RaftServerProxy.java:addNew(89)) - 5aed1388-c721-48a9-bd34-106b73a27ca6: addNew group-0E9F5E39BA6E:[4db5ec50-aaae-4c5e-b67c-a912007a418d:192.168.30.63:46233, a63184a2-e924-4873-b8f1-68ec2fadd2e2:192.168.30.63:46821, 5aed1388-c721-48a9-bd34-106b73a27ca6:192.168.30.63:35892] returns group-0E9F5E39BA6E:java.util.concurrent.CompletableFuture@5820ed77[Not completed]
2019-10-02 00:13:17,988 [grpc-default-executor-10] INFO  impl.RaftServerProxy (RaftServerProxy.java:addNew(89)) - 4db5ec50-aaae-4c5e-b67c-a912007a418d: addNew group-0E9F5E39BA6E:[4db5ec50-aaae-4c5e-b67c-a912007a418d:192.168.30.63:46233, a63184a2-e924-4873-b8f1-68ec2fadd2e2:192.168.30.63:46821, 5aed1388-c721-48a9-bd34-106b73a27ca6:192.168.30.63:35892] returns group-0E9F5E39BA6E:java.util.concurrent.CompletableFuture@4e464fd3[Not completed]
2019-10-02 00:13:17,991 [grpc-default-executor-5] INFO  impl.RaftServerProxy (RaftServerProxy.java:addNew(89)) - a63184a2-e924-4873-b8f1-68ec2fadd2e2: addNew group-0E9F5E39BA6E:[4db5ec50-aaae-4c5e-b67c-a912007a418d:192.168.30.63:46233, a63184a2-e924-4873-b8f1-68ec2fadd2e2:192.168.30.63:46821, 5aed1388-c721-48a9-bd34-106b73a27ca6:192.168.30.63:35892] returns group-0E9F5E39BA6E:java.util.concurrent.CompletableFuture@7ccdc7f[Not completed]
2019-10-02 00:13:17,992 [pool-409-thread-1] INFO  impl.RaftServerImpl (RaftServerImpl.java:<init>(95)) - 5aed1388-c721-48a9-bd34-106b73a27ca6: new RaftServerImpl for group-0E9F5E39BA6E:[4db5ec50-aaae-4c5e-b67c-a912007a418d:192.168.30.63:46233, a63184a2-e924-4873-b8f1-68ec2fadd2e2:192.168.30.63:46821, 5aed1388-c721-48a9-bd34-106b73a27ca6:192.168.30.63:35892] with ContainerStateMachine:uninitialized
2019-10-02 00:13:17,992 [pool-409-thread-1] INFO  server.RaftServerConfigKeys (ConfUtils.java:logGet(43)) - raft.server.rpc.timeout.min = 5s (custom)
2019-10-02 00:13:17,992 [pool-409-thread-1] INFO  server.RaftServerConfigKeys (ConfUtils.java:logGet(43)) - raft.server.rpc.timeout.max = 5200ms (custom)
2019-10-02 00:13:17,992 [pool-409-thread-1] INFO  server.RaftServerConfigKeys (ConfUtils.java:logGet(43)) - raft.server.rpcslowness.timeout = 120s (custom)
2019-10-02 00:13:17,992 [pool-409-thread-1] INFO  server.RaftServerConfigKeys (ConfUtils.java:logGet(43)) - raft.server.sleep.deviation.threshold = 300 (default)
2019-10-02 00:13:17,992 [pool-409-thread-1] INFO  server.RaftServerConfigKeys (ConfUtils.java:logGet(43)) - raft.server.log.appender.install.snapshot.enabled = false (custom)
2019-10-02 00:13:17,992 [pool-419-thread-1] INFO  impl.RaftServerImpl (RaftServerImpl.java:<init>(95)) - a63184a2-e924-4873-b8f1-68ec2fadd2e2: new RaftServerImpl for group-0E9F5E39BA6E:[4db5ec50-aaae-4c5e-b67c-a912007a418d:192.168.30.63:46233, a63184a2-e924-4873-b8f1-68ec2fadd2e2:192.168.30.63:46821, 5aed1388-c721-48a9-bd34-106b73a27ca6:192.168.30.63:35892] with ContainerStateMachine:uninitialized
2019-10-02 00:13:17,992 [pool-409-thread-1] INFO  impl.RaftServerImpl (ServerState.java:<init>(103)) - 5aed1388-c721-48a9-bd34-106b73a27ca6@group-0E9F5E39BA6E: ConfigurationManager, init=-1: [4db5ec50-aaae-4c5e-b67c-a912007a418d:192.168.30.63:46233, a63184a2-e924-4873-b8f1-68ec2fadd2e2:192.168.30.63:46821, 5aed1388-c721-48a9-bd34-106b73a27ca6:192.168.30.63:35892], old=null, confs=<EMPTY_MAP>
2019-10-02 00:13:17,992 [pool-419-thread-1] INFO  server.RaftServerConfigKeys (ConfUtils.java:logGet(43)) - raft.server.rpc.timeout.min = 5s (custom)
2019-10-02 00:13:17,993 [pool-409-thread-1] INFO  server.RaftServerConfigKeys (ConfUtils.java:logGet(43)) - raft.server.storage.dir = [/workdir/hadoop-ozone/integration-test/target/test-dir/MiniOzoneClusterImpl-dde0f8af-4bf9-42cc-be8d-7f937630f525/datanode-0/data/ratis] (custom)
2019-10-02 00:13:17,993 [pool-469-thread-1] INFO  impl.RaftServerImpl (RaftServerImpl.java:<init>(95)) - 4db5ec50-aaae-4c5e-b67c-a912007a418d: new RaftServerImpl for group-0E9F5E39BA6E:[4db5ec50-aaae-4c5e-b67c-a912007a418d:192.168.30.63:46233, a63184a2-e924-4873-b8f1-68ec2fadd2e2:192.168.30.63:46821, 5aed1388-c721-48a9-bd34-106b73a27ca6:192.168.30.63:35892] with ContainerStateMachine:uninitialized
2019-10-02 00:13:17,993 [pool-419-thread-1] INFO  server.RaftServerConfigKeys (ConfUtils.java:logGet(43)) - raft.server.rpc.timeout.max = 5200ms (custom)
2019-10-02 00:13:17,993 [pool-409-thread-1] INFO  server.RaftServerConfigKeys (ConfUtils.java:logGet(43)) - raft.server.log.corruption.policy = EXCEPTION (default)
2019-10-02 00:13:17,993 [pool-469-thread-1] INFO  server.RaftServerConfigKeys (ConfUtils.java:logGet(43)) - raft.server.rpc.timeout.min = 5s (custom)
2019-10-02 00:13:17,993 [pool-409-thread-1] INFO  storage.RaftStorageDirectory (RaftStorageDirectory.java:analyzeStorage(246)) - The storage directory /workdir/hadoop-ozone/integration-test/target/test-dir/MiniOzoneClusterImpl-dde0f8af-4bf9-42cc-be8d-7f937630f525/datanode-0/data/ratis/9a8f3ce9-020f-49aa-ae88-0e9f5e39ba6e does not exist. Creating ...
2019-10-02 00:13:17,993 [pool-419-thread-1] INFO  server.RaftServerConfigKeys (ConfUtils.java:logGet(43)) - raft.server.rpcslowness.timeout = 120s (custom)
2019-10-02 00:13:17,993 [pool-469-thread-1] INFO  server.RaftServerConfigKeys (ConfUtils.java:logGet(43)) - raft.server.rpc.timeout.max = 5200ms (custom)
2019-10-02 00:13:17,993 [pool-419-thread-1] INFO  server.RaftServerConfigKeys (ConfUtils.java:logGet(43)) - raft.server.sleep.deviation.threshold = 300 (default)
2019-10-02 00:13:17,993 [pool-469-thread-1] INFO  server.RaftServerConfigKeys (ConfUtils.java:logGet(43)) - raft.server.rpcslowness.timeout = 120s (custom)
2019-10-02 00:13:17,993 [pool-419-thread-1] INFO  server.RaftServerConfigKeys (ConfUtils.java:logGet(43)) - raft.server.log.appender.install.snapshot.enabled = false (custom)
2019-10-02 00:13:17,994 [pool-469-thread-1] INFO  server.RaftServerConfigKeys (ConfUtils.java:logGet(43)) - raft.server.sleep.deviation.threshold = 300 (default)
2019-10-02 00:13:17,994 [pool-419-thread-1] INFO  impl.RaftServerImpl (ServerState.java:<init>(103)) - a63184a2-e924-4873-b8f1-68ec2fadd2e2@group-0E9F5E39BA6E: ConfigurationManager, init=-1: [4db5ec50-aaae-4c5e-b67c-a912007a418d:192.168.30.63:46233, a63184a2-e924-4873-b8f1-68ec2fadd2e2:192.168.30.63:46821, 5aed1388-c721-48a9-bd34-106b73a27ca6:192.168.30.63:35892], old=null, confs=<EMPTY_MAP>
2019-10-02 00:13:17,994 [pool-469-thread-1] INFO  server.RaftServerConfigKeys (ConfUtils.java:logGet(43)) - raft.server.log.appender.install.snapshot.enabled = false (custom)
2019-10-02 00:13:17,994 [pool-419-thread-1] INFO  server.RaftServerConfigKeys (ConfUtils.java:logGet(43)) - raft.server.storage.dir = [/workdir/hadoop-ozone/integration-test/target/test-dir/MiniOzoneClusterImpl-dde0f8af-4bf9-42cc-be8d-7f937630f525/datanode-1/data/ratis] (custom)
2019-10-02 00:13:17,994 [pool-469-thread-1] INFO  impl.RaftServerImpl (ServerState.java:<init>(103)) - 4db5ec50-aaae-4c5e-b67c-a912007a418d@group-0E9F5E39BA6E: ConfigurationManager, init=-1: [4db5ec50-aaae-4c5e-b67c-a912007a418d:192.168.30.63:46233, a63184a2-e924-4873-b8f1-68ec2fadd2e2:192.168.30.63:46821, 5aed1388-c721-48a9-bd34-106b73a27ca6:192.168.30.63:35892], old=null, confs=<EMPTY_MAP>
2019-10-02 00:13:17,994 [pool-469-thread-1] INFO  server.RaftServerConfigKeys (ConfUtils.java:logGet(43)) - raft.server.storage.dir = [/workdir/hadoop-ozone/integration-test/target/test-dir/MiniOzoneClusterImpl-dde0f8af-4bf9-42cc-be8d-7f937630f525/datanode-6/data/ratis] (custom)
2019-10-02 00:13:17,994 [pool-419-thread-1] INFO  server.RaftServerConfigKeys (ConfUtils.java:logGet(43)) - raft.server.log.corruption.policy = EXCEPTION (default)
2019-10-02 00:13:17,994 [pool-469-thread-1] INFO  server.RaftServerConfigKeys (ConfUtils.java:logGet(43)) - raft.server.log.corruption.policy = EXCEPTION (default)
2019-10-02 00:13:17,994 [pool-419-thread-1] INFO  storage.RaftStorageDirectory (RaftStorageDirectory.java:analyzeStorage(246)) - The storage directory /workdir/hadoop-ozone/integration-test/target/test-dir/MiniOzoneClusterImpl-dde0f8af-4bf9-42cc-be8d-7f937630f525/datanode-1/data/ratis/9a8f3ce9-020f-49aa-ae88-0e9f5e39ba6e does not exist. Creating ...
2019-10-02 00:13:17,994 [pool-469-thread-1] INFO  storage.RaftStorageDirectory (RaftStorageDirectory.java:analyzeStorage(246)) - The storage directory /workdir/hadoop-ozone/integration-test/target/test-dir/MiniOzoneClusterImpl-dde0f8af-4bf9-42cc-be8d-7f937630f525/datanode-6/data/ratis/9a8f3ce9-020f-49aa-ae88-0e9f5e39ba6e does not exist. Creating ...
2019-10-02 00:13:18,019 [pool-469-thread-1] INFO  storage.RaftStorageDirectory (RaftStorageDirectory.java:tryLock(328)) - Lock on /workdir/hadoop-ozone/integration-test/target/test-dir/MiniOzoneClusterImpl-dde0f8af-4bf9-42cc-be8d-7f937630f525/datanode-6/data/ratis/9a8f3ce9-020f-49aa-ae88-0e9f5e39ba6e/in_use.lock acquired by nodename 23313@pr-hdds-2201-rename-25sj9-3976918760
2019-10-02 00:13:18,019 [pool-419-thread-1] INFO  storage.RaftStorageDirectory (RaftStorageDirectory.java:tryLock(328)) - Lock on /workdir/hadoop-ozone/integration-test/target/test-dir/MiniOzoneClusterImpl-dde0f8af-4bf9-42cc-be8d-7f937630f525/datanode-1/data/ratis/9a8f3ce9-020f-49aa-ae88-0e9f5e39ba6e/in_use.lock acquired by nodename 23313@pr-hdds-2201-rename-25sj9-3976918760
2019-10-02 00:13:18,019 [pool-409-thread-1] INFO  storage.RaftStorageDirectory (RaftStorageDirectory.java:tryLock(328)) - Lock on /workdir/hadoop-ozone/integration-test/target/test-dir/MiniOzoneClusterImpl-dde0f8af-4bf9-42cc-be8d-7f937630f525/datanode-0/data/ratis/9a8f3ce9-020f-49aa-ae88-0e9f5e39ba6e/in_use.lock acquired by nodename 23313@pr-hdds-2201-rename-25sj9-3976918760
2019-10-02 00:13:18,045 [pool-419-thread-1] INFO  storage.RaftStorage (RaftStorage.java:format(84)) - Storage directory /workdir/hadoop-ozone/integration-test/target/test-dir/MiniOzoneClusterImpl-dde0f8af-4bf9-42cc-be8d-7f937630f525/datanode-1/data/ratis/9a8f3ce9-020f-49aa-ae88-0e9f5e39ba6e has been successfully formatted.
2019-10-02 00:13:18,045 [pool-409-thread-1] INFO  storage.RaftStorage (RaftStorage.java:format(84)) - Storage directory /workdir/hadoop-ozone/integration-test/target/test-dir/MiniOzoneClusterImpl-dde0f8af-4bf9-42cc-be8d-7f937630f525/datanode-0/data/ratis/9a8f3ce9-020f-49aa-ae88-0e9f5e39ba6e has been successfully formatted.
2019-10-02 00:13:18,045 [pool-469-thread-1] INFO  storage.RaftStorage (RaftStorage.java:format(84)) - Storage directory /workdir/hadoop-ozone/integration-test/target/test-dir/MiniOzoneClusterImpl-dde0f8af-4bf9-42cc-be8d-7f937630f525/datanode-6/data/ratis/9a8f3ce9-020f-49aa-ae88-0e9f5e39ba6e has been successfully formatted.
2019-10-02 00:13:18,045 [pool-419-thread-1] INFO  ratis.ContainerStateMachine (ContainerStateMachine.java:loadSnapshot(230)) - group-0E9F5E39BA6E: The snapshot info is null. Setting the last applied indexto:(t:0, i:~)
2019-10-02 00:13:18,045 [pool-469-thread-1] INFO  ratis.ContainerStateMachine (ContainerStateMachine.java:loadSnapshot(230)) - group-0E9F5E39BA6E: The snapshot info is null. Setting the last applied indexto:(t:0, i:~)
2019-10-02 00:13:18,045 [pool-409-thread-1] INFO  ratis.ContainerStateMachine (ContainerStateMachine.java:loadSnapshot(230)) - group-0E9F5E39BA6E: The snapshot info is null. Setting the last applied indexto:(t:0, i:~)
2019-10-02 00:13:18,045 [pool-469-thread-1] INFO  server.RaftServerConfigKeys (ConfUtils.java:logGet(43)) - raft.server.notification.no-leader.timeout = 120s (custom)
2019-10-02 00:13:18,045 [pool-419-thread-1] INFO  server.RaftServerConfigKeys (ConfUtils.java:logGet(43)) - raft.server.notification.no-leader.timeout = 120s (custom)
2019-10-02 00:13:18,046 [pool-419-thread-1] INFO  server.RaftServerConfigKeys (ConfUtils.java:logGet(43)) - raft.server.log.use.memory = false (default)
2019-10-02 00:13:18,046 [pool-419-thread-1] INFO  server.RaftServerConfigKeys (ConfUtils.java:logGet(43)) - raft.server.log.purge.gap = 1000000 (custom)
2019-10-02 00:13:18,046 [pool-419-thread-1] INFO  server.RaftServerConfigKeys (ConfUtils.java:logGet(43)) - raft.server.log.appender.buffer.byte-limit = 33554432 (custom)
2019-10-02 00:13:18,046 [pool-469-thread-1] INFO  server.RaftServerConfigKeys (ConfUtils.java:logGet(43)) - raft.server.log.use.memory = false (default)
2019-10-02 00:13:18,045 [pool-409-thread-1] INFO  server.RaftServerConfigKeys (ConfUtils.java:logGet(43)) - raft.server.notification.no-leader.timeout = 120s (custom)
2019-10-02 00:13:18,046 [pool-469-thread-1] INFO  server.RaftServerConfigKeys (ConfUtils.java:logGet(43)) - raft.server.log.purge.gap = 1000000 (custom)
2019-10-02 00:13:18,046 [pool-419-thread-1] INFO  server.RaftServerConfigKeys (ConfUtils.java:logGet(43)) - raft.server.log.segment.size.max = 1048576 (custom)
2019-10-02 00:13:18,046 [pool-469-thread-1] INFO  server.RaftServerConfigKeys (ConfUtils.java:logGet(43)) - raft.server.log.appender.buffer.byte-limit = 33554432 (custom)
2019-10-02 00:13:18,046 [pool-409-thread-1] INFO  server.RaftServerConfigKeys (ConfUtils.java:logGet(43)) - raft.server.log.use.memory = false (default)
2019-10-02 00:13:18,046 [pool-419-thread-1] INFO  server.RaftServerConfigKeys (ConfUtils.java:logGet(43)) - raft.server.log.segment.cache.num.max = 2 (custom)
2019-10-02 00:13:18,047 [pool-409-thread-1] INFO  server.RaftServerConfigKeys (ConfUtils.java:logGet(43)) - raft.server.log.purge.gap = 1000000 (custom)
2019-10-02 00:13:18,047 [pool-419-thread-1] INFO  segmented.SegmentedRaftLogWorker (SegmentedRaftLogWorker.java:<init>(173)) - new a63184a2-e924-4873-b8f1-68ec2fadd2e2@group-0E9F5E39BA6E-SegmentedRaftLogWorker for RaftStorage:Storage Directory /workdir/hadoop-ozone/integration-test/target/test-dir/MiniOzoneClusterImpl-dde0f8af-4bf9-42cc-be8d-7f937630f525/datanode-1/data/ratis/9a8f3ce9-020f-49aa-ae88-0e9f5e39ba6e
2019-10-02 00:13:18,047 [pool-409-thread-1] INFO  server.RaftServerConfigKeys (ConfUtils.java:logGet(43)) - raft.server.log.appender.buffer.byte-limit = 33554432 (custom)
2019-10-02 00:13:18,047 [pool-469-thread-1] INFO  server.RaftServerConfigKeys (ConfUtils.java:logGet(43)) - raft.server.log.segment.size.max = 1048576 (custom)
2019-10-02 00:13:18,047 [pool-419-thread-1] INFO  server.RaftServerConfigKeys (ConfUtils.java:logGet(43)) - raft.server.log.queue.byte-limit = 2147483647 (custom)
2019-10-02 00:13:18,047 [pool-469-thread-1] INFO  server.RaftServerConfigKeys (ConfUtils.java:logGet(43)) - raft.server.log.segment.cache.num.max = 2 (custom)
2019-10-02 00:13:18,047 [pool-409-thread-1] INFO  server.RaftServerConfigKeys (ConfUtils.java:logGet(43)) - raft.server.log.segment.size.max = 1048576 (custom)
2019-10-02 00:13:18,048 [pool-469-thread-1] INFO  segmented.SegmentedRaftLogWorker (SegmentedRaftLogWorker.java:<init>(173)) - new 4db5ec50-aaae-4c5e-b67c-a912007a418d@group-0E9F5E39BA6E-SegmentedRaftLogWorker for RaftStorage:Storage Directory /workdir/hadoop-ozone/integration-test/target/test-dir/MiniOzoneClusterImpl-dde0f8af-4bf9-42cc-be8d-7f937630f525/datanode-6/data/ratis/9a8f3ce9-020f-49aa-ae88-0e9f5e39ba6e
2019-10-02 00:13:18,047 [pool-419-thread-1] INFO  server.RaftServerConfigKeys (ConfUtils.java:logGet(43)) - raft.server.log.queue.element-limit = 1024 (custom)
2019-10-02 00:13:18,048 [pool-469-thread-1] INFO  server.RaftServerConfigKeys (ConfUtils.java:logGet(43)) - raft.server.log.queue.byte-limit = 2147483647 (custom)
2019-10-02 00:13:18,048 [pool-409-thread-1] INFO  server.RaftServerConfigKeys (ConfUtils.java:logGet(43)) - raft.server.log.segment.cache.num.max = 2 (custom)
2019-10-02 00:13:18,048 [pool-469-thread-1] INFO  server.RaftServerConfigKeys (ConfUtils.java:logGet(43)) - raft.server.log.queue.element-limit = 1024 (custom)
2019-10-02 00:13:18,048 [pool-419-thread-1] INFO  server.RaftServerConfigKeys (ConfUtils.java:logGet(43)) - raft.server.log.segment.size.max = 1048576 (custom)
2019-10-02 00:13:18,048 [pool-469-thread-1] INFO  server.RaftServerConfigKeys (ConfUtils.java:logGet(43)) - raft.server.log.segment.size.max = 1048576 (custom)
2019-10-02 00:13:18,048 [pool-409-thread-1] INFO  segmented.SegmentedRaftLogWorker (SegmentedRaftLogWorker.java:<init>(173)) - new 5aed1388-c721-48a9-bd34-106b73a27ca6@group-0E9F5E39BA6E-SegmentedRaftLogWorker for RaftStorage:Storage Directory /workdir/hadoop-ozone/integration-test/target/test-dir/MiniOzoneClusterImpl-dde0f8af-4bf9-42cc-be8d-7f937630f525/datanode-0/data/ratis/9a8f3ce9-020f-49aa-ae88-0e9f5e39ba6e
2019-10-02 00:13:18,048 [pool-469-thread-1] INFO  server.RaftServerConfigKeys (ConfUtils.java:logGet(43)) - raft.server.log.preallocated.size = 16384 (custom)
2019-10-02 00:13:18,049 [pool-469-thread-1] INFO  server.RaftServerConfigKeys (ConfUtils.java:logGet(43)) - raft.server.log.write.buffer.size = 33554432 (custom)
2019-10-02 00:13:18,048 [pool-419-thread-1] INFO  server.RaftServerConfigKeys (ConfUtils.java:logGet(43)) - raft.server.log.preallocated.size = 16384 (custom)
2019-10-02 00:13:18,049 [pool-469-thread-1] INFO  server.RaftServerConfigKeys (ConfUtils.java:logGet(43)) - raft.server.log.force.sync.num = 128 (default)
2019-10-02 00:13:18,048 [pool-409-thread-1] INFO  server.RaftServerConfigKeys (ConfUtils.java:logGet(43)) - raft.server.log.queue.byte-limit = 2147483647 (custom)
2019-10-02 00:13:18,049 [pool-469-thread-1] INFO  server.RaftServerConfigKeys (ConfUtils.java:logGet(43)) - raft.server.log.statemachine.data.sync = true (default)
2019-10-02 00:13:18,049 [pool-469-thread-1] INFO  server.RaftServerConfigKeys (ConfUtils.java:logGet(43)) - raft.server.log.statemachine.data.sync.timeout = 10s (default)
2019-10-02 00:13:18,049 [pool-419-thread-1] INFO  server.RaftServerConfigKeys (ConfUtils.java:logGet(43)) - raft.server.log.write.buffer.size = 33554432 (custom)
2019-10-02 00:13:18,049 [pool-469-thread-1] INFO  server.RaftServerConfigKeys (ConfUtils.java:logGet(43)) - raft.server.log.statemachine.data.sync.timeout.retry = -1 (default)
2019-10-02 00:13:18,049 [pool-409-thread-1] INFO  server.RaftServerConfigKeys (ConfUtils.java:logGet(43)) - raft.server.log.queue.element-limit = 1024 (custom)
2019-10-02 00:13:18,049 [pool-469-thread-1] INFO  server.RaftServerConfigKeys (ConfUtils.java:logGet(43)) - raft.server.log.statemachine.data.caching.enabled = true (custom)
2019-10-02 00:13:18,049 [pool-419-thread-1] INFO  server.RaftServerConfigKeys (ConfUtils.java:logGet(43)) - raft.server.log.force.sync.num = 128 (default)
2019-10-02 00:13:18,049 [pool-409-thread-1] INFO  server.RaftServerConfigKeys (ConfUtils.java:logGet(43)) - raft.server.log.segment.size.max = 1048576 (custom)
2019-10-02 00:13:18,050 [pool-469-thread-1] INFO  segmented.SegmentedRaftLogWorker (SegmentedRaftLogWorker.java:lambda$new$0(128)) - 4db5ec50-aaae-4c5e-b67c-a912007a418d@group-0E9F5E39BA6E-SegmentedRaftLogWorker: flushIndex: setUnconditionally 0 -> -1
2019-10-02 00:13:18,050 [pool-419-thread-1] INFO  server.RaftServerConfigKeys (ConfUtils.java:logGet(43)) - raft.server.log.statemachine.data.sync = true (default)
2019-10-02 00:13:18,050 [pool-409-thread-1] INFO  server.RaftServerConfigKeys (ConfUtils.java:logGet(43)) - raft.server.log.preallocated.size = 16384 (custom)
2019-10-02 00:13:18,050 [pool-469-thread-1] INFO  server.RaftServerConfigKeys (ConfUtils.java:logGet(43)) - raft.server.snapshot.auto.trigger.enabled = true (custom)
2019-10-02 00:13:18,050 [pool-419-thread-1] INFO  server.RaftServerConfigKeys (ConfUtils.java:logGet(43)) - raft.server.log.statemachine.data.sync.timeout = 10s (default)
2019-10-02 00:13:18,050 [pool-469-thread-1] INFO  server.RaftServerConfigKeys (ConfUtils.java:logGet(43)) - raft.server.snapshot.auto.trigger.threshold = 10000 (custom)
2019-10-02 00:13:18,050 [pool-409-thread-1] INFO  server.RaftServerConfigKeys (ConfUtils.java:logGet(43)) - raft.server.log.write.buffer.size = 33554432 (custom)
2019-10-02 00:13:18,050 [pool-469-thread-1] INFO  server.RaftServerConfigKeys (ConfUtils.java:logGet(43)) - raft.server.snapshot.retention.file.num = 5 (custom)
2019-10-02 00:13:18,050 [pool-419-thread-1] INFO  server.RaftServerConfigKeys (ConfUtils.java:logGet(43)) - raft.server.log.statemachine.data.sync.timeout.retry = -1 (default)
2019-10-02 00:13:18,051 [pool-469-thread-1] INFO  server.RaftServerConfigKeys (ConfUtils.java:logGet(43)) - raft.server.retrycache.expirytime = 600000ms (custom)
2019-10-02 00:13:18,050 [pool-409-thread-1] INFO  server.RaftServerConfigKeys (ConfUtils.java:logGet(43)) - raft.server.log.force.sync.num = 128 (default)
2019-10-02 00:13:18,051 [pool-419-thread-1] INFO  server.RaftServerConfigKeys (ConfUtils.java:logGet(43)) - raft.server.log.statemachine.data.caching.enabled = true (custom)
2019-10-02 00:13:18,051 [pool-409-thread-1] INFO  server.RaftServerConfigKeys (ConfUtils.java:logGet(43)) - raft.server.log.statemachine.data.sync = true (default)
2019-10-02 00:13:18,051 [pool-419-thread-1] INFO  segmented.SegmentedRaftLogWorker (SegmentedRaftLogWorker.java:lambda$new$0(128)) - a63184a2-e924-4873-b8f1-68ec2fadd2e2@group-0E9F5E39BA6E-SegmentedRaftLogWorker: flushIndex: setUnconditionally 0 -> -1
2019-10-02 00:13:18,051 [pool-409-thread-1] INFO  server.RaftServerConfigKeys (ConfUtils.java:logGet(43)) - raft.server.log.statemachine.data.sync.timeout = 10s (default)
2019-10-02 00:13:18,051 [pool-409-thread-1] INFO  server.RaftServerConfigKeys (ConfUtils.java:logGet(43)) - raft.server.log.statemachine.data.sync.timeout.retry = -1 (default)
2019-10-02 00:13:18,052 [pool-419-thread-1] INFO  server.RaftServerConfigKeys (ConfUtils.java:logGet(43)) - raft.server.snapshot.auto.trigger.enabled = true (custom)
2019-10-02 00:13:18,052 [pool-409-thread-1] INFO  server.RaftServerConfigKeys (ConfUtils.java:logGet(43)) - raft.server.log.statemachine.data.caching.enabled = true (custom)
2019-10-02 00:13:18,052 [pool-419-thread-1] INFO  server.RaftServerConfigKeys (ConfUtils.java:logGet(43)) - raft.server.snapshot.auto.trigger.threshold = 10000 (custom)
2019-10-02 00:13:18,052 [pool-419-thread-1] INFO  server.RaftServerConfigKeys (ConfUtils.java:logGet(43)) - raft.server.snapshot.retention.file.num = 5 (custom)
2019-10-02 00:13:18,052 [pool-409-thread-1] INFO  segmented.SegmentedRaftLogWorker (SegmentedRaftLogWorker.java:lambda$new$0(128)) - 5aed1388-c721-48a9-bd34-106b73a27ca6@group-0E9F5E39BA6E-SegmentedRaftLogWorker: flushIndex: setUnconditionally 0 -> -1
2019-10-02 00:13:18,052 [pool-419-thread-1] INFO  server.RaftServerConfigKeys (ConfUtils.java:logGet(43)) - raft.server.retrycache.expirytime = 600000ms (custom)
2019-10-02 00:13:18,052 [pool-469-thread-1] INFO  impl.RaftServerImpl (RaftServerImpl.java:start(181)) - 4db5ec50-aaae-4c5e-b67c-a912007a418d@group-0E9F5E39BA6E: start as a follower, conf=-1: [4db5ec50-aaae-4c5e-b67c-a912007a418d:192.168.30.63:46233, a63184a2-e924-4873-b8f1-68ec2fadd2e2:192.168.30.63:46821, 5aed1388-c721-48a9-bd34-106b73a27ca6:192.168.30.63:35892], old=null
2019-10-02 00:13:18,052 [pool-409-thread-1] INFO  server.RaftServerConfigKeys (ConfUtils.java:logGet(43)) - raft.server.snapshot.auto.trigger.enabled = true (custom)
2019-10-02 00:13:18,052 [pool-469-thread-1] INFO  impl.RaftServerImpl (RaftServerImpl.java:setRole(170)) - 4db5ec50-aaae-4c5e-b67c-a912007a418d@group-0E9F5E39BA6E: changes role from      null to FOLLOWER at term 0 for startAsFollower
2019-10-02 00:13:18,052 [pool-409-thread-1] INFO  server.RaftServerConfigKeys (ConfUtils.java:logGet(43)) - raft.server.snapshot.auto.trigger.threshold = 10000 (custom)
2019-10-02 00:13:18,052 [pool-469-thread-1] INFO  impl.RoleInfo (RoleInfo.java:updateAndGet(143)) - 4db5ec50-aaae-4c5e-b67c-a912007a418d: start FollowerState
2019-10-02 00:13:18,053 [pool-409-thread-1] INFO  server.RaftServerConfigKeys (ConfUtils.java:logGet(43)) - raft.server.snapshot.retention.file.num = 5 (custom)
2019-10-02 00:13:18,053 [pool-409-thread-1] INFO  server.RaftServerConfigKeys (ConfUtils.java:logGet(43)) - raft.server.retrycache.expirytime = 600000ms (custom)
2019-10-02 00:13:18,053 [pool-469-thread-1] INFO  util.JmxRegister (JmxRegister.java:tryRegister(44)) - Successfully registered JMX Bean with object name Ratis:service=RaftServer,group=group-0E9F5E39BA6E,id=4db5ec50-aaae-4c5e-b67c-a912007a418d
2019-10-02 00:13:18,054 [pool-419-thread-1] INFO  impl.RaftServerImpl (RaftServerImpl.java:start(181)) - a63184a2-e924-4873-b8f1-68ec2fadd2e2@group-0E9F5E39BA6E: start as a follower, conf=-1: [4db5ec50-aaae-4c5e-b67c-a912007a418d:192.168.30.63:46233, a63184a2-e924-4873-b8f1-68ec2fadd2e2:192.168.30.63:46821, 5aed1388-c721-48a9-bd34-106b73a27ca6:192.168.30.63:35892], old=null
2019-10-02 00:13:18,055 [pool-419-thread-1] INFO  impl.RaftServerImpl (RaftServerImpl.java:setRole(170)) - a63184a2-e924-4873-b8f1-68ec2fadd2e2@group-0E9F5E39BA6E: changes role from      null to FOLLOWER at term 0 for startAsFollower
2019-10-02 00:13:18,055 [pool-419-thread-1] INFO  impl.RoleInfo (RoleInfo.java:updateAndGet(143)) - a63184a2-e924-4873-b8f1-68ec2fadd2e2: start FollowerState
2019-10-02 00:13:18,055 [pool-419-thread-1] INFO  util.JmxRegister (JmxRegister.java:tryRegister(44)) - Successfully registered JMX Bean with object name Ratis:service=RaftServer,group=group-0E9F5E39BA6E,id=a63184a2-e924-4873-b8f1-68ec2fadd2e2
2019-10-02 00:13:18,056 [pool-409-thread-1] INFO  impl.RaftServerImpl (RaftServerImpl.java:start(181)) - 5aed1388-c721-48a9-bd34-106b73a27ca6@group-0E9F5E39BA6E: start as a follower, conf=-1: [4db5ec50-aaae-4c5e-b67c-a912007a418d:192.168.30.63:46233, a63184a2-e924-4873-b8f1-68ec2fadd2e2:192.168.30.63:46821, 5aed1388-c721-48a9-bd34-106b73a27ca6:192.168.30.63:35892], old=null
2019-10-02 00:13:18,056 [pool-409-thread-1] INFO  impl.RaftServerImpl (RaftServerImpl.java:setRole(170)) - 5aed1388-c721-48a9-bd34-106b73a27ca6@group-0E9F5E39BA6E: changes role from      null to FOLLOWER at term 0 for startAsFollower
2019-10-02 00:13:18,056 [pool-409-thread-1] INFO  impl.RoleInfo (RoleInfo.java:updateAndGet(143)) - 5aed1388-c721-48a9-bd34-106b73a27ca6: start FollowerState
2019-10-02 00:13:18,056 [pool-409-thread-1] INFO  util.JmxRegister (JmxRegister.java:tryRegister(44)) - Successfully registered JMX Bean with object name Ratis:service=RaftServer,group=group-0E9F5E39BA6E,id=5aed1388-c721-48a9-bd34-106b73a27ca6
2019-10-02 00:13:18,060 [RatisPipelineUtilsThread] INFO  pipeline.PipelineStateManager (PipelineStateManager.java:addPipeline(56)) - Created pipeline Pipeline[ Id: 9a8f3ce9-020f-49aa-ae88-0e9f5e39ba6e, Nodes: 5aed1388-c721-48a9-bd34-106b73a27ca6{ip: 192.168.30.63, host: pr-hdds-2201-rename-25sj9-3976918760, networkLocation: /default-rack, certSerialId: null}a63184a2-e924-4873-b8f1-68ec2fadd2e2{ip: 192.168.30.63, host: pr-hdds-2201-rename-25sj9-3976918760, networkLocation: /default-rack, certSerialId: null}4db5ec50-aaae-4c5e-b67c-a912007a418d{ip: 192.168.30.63, host: pr-hdds-2201-rename-25sj9-3976918760, networkLocation: /default-rack, certSerialId: null}, Type:RATIS, Factor:THREE, State:OPEN]
2019-10-02 00:13:18,753 [main] INFO  ozone.MiniOzoneClusterImpl (MiniOzoneClusterImpl.java:lambda$waitForClusterToBeReady$0(147)) - Cluster is ready. Got 7 of 7 DN Heartbeats.
2019-10-02 00:13:18,795 [main] INFO  rpc.RpcClient (RpcClient.java:createVolume(276)) - Creating Volume: testblockoutputstream, with jenkins1000 as owner.
2019-10-02 00:13:18,799 [IPC Server handler 2 on 33602] INFO  volume.OMVolumeCreateRequest (OMVolumeCreateRequest.java:validateAndUpdateCache(193)) - created volume:testblockoutputstream for user:jenkins1000
2019-10-02 00:13:18,815 [main] INFO  rpc.RpcClient (RpcClient.java:createBucket(415)) - Creating Bucket: testblockoutputstream/testblockoutputstream, with Versioning false and Storage Type set to DISK and Encryption set to false 
2019-10-02 00:13:20,339 [Thread-2869] INFO  container.ReplicationManager (ReplicationManager.java:start(162)) - Starting Replication Monitor Thread.
2019-10-02 00:13:20,343 [ReplicationMonitor] INFO  container.ReplicationManager (ReplicationManager.java:run(225)) - Replication Monitor Thread took 0 milliseconds for processing 1 containers.
2019-10-02 00:13:22,564 [Thread-2871] INFO  impl.FollowerState (FollowerState.java:run(108)) - 5aed1388-c721-48a9-bd34-106b73a27ca6@group-80536B2564A4-FollowerState: change to CANDIDATE, lastRpcTime:5118ms, electionTimeout:5118ms
2019-10-02 00:13:22,564 [Thread-2871] INFO  impl.RoleInfo (RoleInfo.java:shutdownFollowerState(121)) - 5aed1388-c721-48a9-bd34-106b73a27ca6: shutdown FollowerState
2019-10-02 00:13:22,564 [Thread-2871] INFO  impl.RaftServerImpl (RaftServerImpl.java:setRole(170)) - 5aed1388-c721-48a9-bd34-106b73a27ca6@group-80536B2564A4: changes role from  FOLLOWER to CANDIDATE at term 0 for changeToCandidate
2019-10-02 00:13:22,564 [Thread-2871] INFO  impl.RoleInfo (RoleInfo.java:updateAndGet(143)) - 5aed1388-c721-48a9-bd34-106b73a27ca6: start LeaderElection
2019-10-02 00:13:22,612 [5aed1388-c721-48a9-bd34-106b73a27ca6@group-80536B2564A4-LeaderElection52] INFO  impl.LeaderElection (LeaderElection.java:askForVotes(178)) - 5aed1388-c721-48a9-bd34-106b73a27ca6@group-80536B2564A4-LeaderElection52: begin an election at term 1 for -1: [5aed1388-c721-48a9-bd34-106b73a27ca6:192.168.30.63:35892], old=null
2019-10-02 00:13:22,612 [5aed1388-c721-48a9-bd34-106b73a27ca6@group-80536B2564A4-LeaderElection52] INFO  impl.RoleInfo (RoleInfo.java:shutdownLeaderElection(134)) - 5aed1388-c721-48a9-bd34-106b73a27ca6: shutdown LeaderElection
2019-10-02 00:13:22,612 [5aed1388-c721-48a9-bd34-106b73a27ca6@group-80536B2564A4-LeaderElection52] INFO  impl.RaftServerImpl (RaftServerImpl.java:setRole(170)) - 5aed1388-c721-48a9-bd34-106b73a27ca6@group-80536B2564A4: changes role from CANDIDATE to LEADER at term 1 for changeToLeader
2019-10-02 00:13:22,612 [5aed1388-c721-48a9-bd34-106b73a27ca6@group-80536B2564A4-LeaderElection52] INFO  impl.RaftServerImpl (ServerState.java:setLeader(255)) - 5aed1388-c721-48a9-bd34-106b73a27ca6@group-80536B2564A4: change Leader from null to 5aed1388-c721-48a9-bd34-106b73a27ca6 at term 1 for becomeLeader, leader elected after 5174ms
2019-10-02 00:13:22,612 [5aed1388-c721-48a9-bd34-106b73a27ca6@group-80536B2564A4-LeaderElection52] INFO  server.RaftServerConfigKeys (ConfUtils.java:logGet(43)) - raft.server.staging.catchup.gap = 1000 (default)
2019-10-02 00:13:22,613 [5aed1388-c721-48a9-bd34-106b73a27ca6@group-80536B2564A4-LeaderElection52] INFO  server.RaftServerConfigKeys (ConfUtils.java:logGet(43)) - raft.server.rpc.sleep.time = 25ms (default)
2019-10-02 00:13:22,613 [5aed1388-c721-48a9-bd34-106b73a27ca6@group-80536B2564A4-LeaderElection52] INFO  server.RaftServerConfigKeys (ConfUtils.java:logGet(43)) - raft.server.write.element-limit = 4096 (default)
2019-10-02 00:13:22,613 [5aed1388-c721-48a9-bd34-106b73a27ca6@group-80536B2564A4-LeaderElection52] INFO  server.RaftServerConfigKeys (ConfUtils.java:logGet(43)) - raft.server.watch.timeout = 10s (default)
2019-10-02 00:13:22,613 [5aed1388-c721-48a9-bd34-106b73a27ca6@group-80536B2564A4-LeaderElection52] INFO  server.RaftServerConfigKeys (ConfUtils.java:logGet(43)) - raft.server.watch.timeout.denomination = 1s (default)
2019-10-02 00:13:22,613 [5aed1388-c721-48a9-bd34-106b73a27ca6@group-80536B2564A4-LeaderElection52] INFO  server.RaftServerConfigKeys (ConfUtils.java:logGet(43)) - raft.server.watch.element-limit = 65536 (default)
2019-10-02 00:13:22,615 [5aed1388-c721-48a9-bd34-106b73a27ca6@group-80536B2564A4-LeaderElection52] INFO  impl.RoleInfo (RoleInfo.java:updateAndGet(143)) - 5aed1388-c721-48a9-bd34-106b73a27ca6: start LeaderState
2019-10-02 00:13:22,615 [5aed1388-c721-48a9-bd34-106b73a27ca6@group-80536B2564A4-LeaderElection52] INFO  segmented.SegmentedRaftLogWorker (SegmentedRaftLogWorker.java:startLogSegment(385)) - 5aed1388-c721-48a9-bd34-106b73a27ca6@group-80536B2564A4-SegmentedRaftLogWorker: Starting segment from index:0
2019-10-02 00:13:22,616 [5aed1388-c721-48a9-bd34-106b73a27ca6@group-80536B2564A4-LeaderElection52] INFO  impl.RaftServerImpl (ServerState.java:setRaftConf(356)) - 5aed1388-c721-48a9-bd34-106b73a27ca6@group-80536B2564A4: set configuration 0: [5aed1388-c721-48a9-bd34-106b73a27ca6:192.168.30.63:35892], old=null at 0
2019-10-02 00:13:22,626 [Thread-2874] INFO  impl.FollowerState (FollowerState.java:run(108)) - a63184a2-e924-4873-b8f1-68ec2fadd2e2@group-6F01D77A8403-FollowerState: change to CANDIDATE, lastRpcTime:5108ms, electionTimeout:5108ms
2019-10-02 00:13:22,626 [Thread-2874] INFO  impl.RoleInfo (RoleInfo.java:shutdownFollowerState(121)) - a63184a2-e924-4873-b8f1-68ec2fadd2e2: shutdown FollowerState
2019-10-02 00:13:22,626 [Thread-2874] INFO  impl.RaftServerImpl (RaftServerImpl.java:setRole(170)) - a63184a2-e924-4873-b8f1-68ec2fadd2e2@group-6F01D77A8403: changes role from  FOLLOWER to CANDIDATE at term 0 for changeToCandidate
2019-10-02 00:13:22,627 [Thread-2874] INFO  impl.RoleInfo (RoleInfo.java:updateAndGet(143)) - a63184a2-e924-4873-b8f1-68ec2fadd2e2: start LeaderElection
2019-10-02 00:13:22,676 [Thread-2880] INFO  impl.FollowerState (FollowerState.java:run(108)) - b2ccb09c-659d-4cb0-92b9-3179ded62f29@group-196D82474ABC-FollowerState: change to CANDIDATE, lastRpcTime:5021ms, electionTimeout:5013ms
2019-10-02 00:13:22,676 [Thread-2880] INFO  impl.RoleInfo (RoleInfo.java:shutdownFollowerState(121)) - b2ccb09c-659d-4cb0-92b9-3179ded62f29: shutdown FollowerState
2019-10-02 00:13:22,676 [Thread-2880] INFO  impl.RaftServerImpl (RaftServerImpl.java:setRole(170)) - b2ccb09c-659d-4cb0-92b9-3179ded62f29@group-196D82474ABC: changes role from  FOLLOWER to CANDIDATE at term 0 for changeToCandidate
2019-10-02 00:13:22,676 [Thread-2880] INFO  impl.RoleInfo (RoleInfo.java:updateAndGet(143)) - b2ccb09c-659d-4cb0-92b9-3179ded62f29: start LeaderElection
2019-10-02 00:13:22,679 [5aed1388-c721-48a9-bd34-106b73a27ca6@group-80536B2564A4-SegmentedRaftLogWorker] INFO  segmented.SegmentedRaftLogWorker (SegmentedRaftLogWorker.java:execute(574)) - 5aed1388-c721-48a9-bd34-106b73a27ca6@group-80536B2564A4-SegmentedRaftLogWorker: created new log segment /workdir/hadoop-ozone/integration-test/target/test-dir/MiniOzoneClusterImpl-dde0f8af-4bf9-42cc-be8d-7f937630f525/datanode-0/data/ratis/5d671ff4-1da8-4ac0-8900-80536b2564a4/current/log_inprogress_0
2019-10-02 00:13:22,679 [a63184a2-e924-4873-b8f1-68ec2fadd2e2@group-6F01D77A8403-LeaderElection53] INFO  impl.LeaderElection (LeaderElection.java:askForVotes(178)) - a63184a2-e924-4873-b8f1-68ec2fadd2e2@group-6F01D77A8403-LeaderElection53: begin an election at term 1 for -1: [a63184a2-e924-4873-b8f1-68ec2fadd2e2:192.168.30.63:46821], old=null
2019-10-02 00:13:22,680 [a63184a2-e924-4873-b8f1-68ec2fadd2e2@group-6F01D77A8403-LeaderElection53] INFO  impl.RoleInfo (RoleInfo.java:shutdownLeaderElection(134)) - a63184a2-e924-4873-b8f1-68ec2fadd2e2: shutdown LeaderElection
2019-10-02 00:13:22,680 [a63184a2-e924-4873-b8f1-68ec2fadd2e2@group-6F01D77A8403-LeaderElection53] INFO  impl.RaftServerImpl (RaftServerImpl.java:setRole(170)) - a63184a2-e924-4873-b8f1-68ec2fadd2e2@group-6F01D77A8403: changes role from CANDIDATE to LEADER at term 1 for changeToLeader
2019-10-02 00:13:22,680 [a63184a2-e924-4873-b8f1-68ec2fadd2e2@group-6F01D77A8403-LeaderElection53] INFO  impl.RaftServerImpl (ServerState.java:setLeader(255)) - a63184a2-e924-4873-b8f1-68ec2fadd2e2@group-6F01D77A8403: change Leader from null to a63184a2-e924-4873-b8f1-68ec2fadd2e2 at term 1 for becomeLeader, leader elected after 5166ms
2019-10-02 00:13:22,680 [a63184a2-e924-4873-b8f1-68ec2fadd2e2@group-6F01D77A8403-LeaderElection53] INFO  server.RaftServerConfigKeys (ConfUtils.java:logGet(43)) - raft.server.staging.catchup.gap = 1000 (default)
2019-10-02 00:13:22,680 [a63184a2-e924-4873-b8f1-68ec2fadd2e2@group-6F01D77A8403-LeaderElection53] INFO  server.RaftServerConfigKeys (ConfUtils.java:logGet(43)) - raft.server.rpc.sleep.time = 25ms (default)
2019-10-02 00:13:22,680 [a63184a2-e924-4873-b8f1-68ec2fadd2e2@group-6F01D77A8403-LeaderElection53] INFO  server.RaftServerConfigKeys (ConfUtils.java:logGet(43)) - raft.server.write.element-limit = 4096 (default)
2019-10-02 00:13:22,680 [a63184a2-e924-4873-b8f1-68ec2fadd2e2@group-6F01D77A8403-LeaderElection53] INFO  server.RaftServerConfigKeys (ConfUtils.java:logGet(43)) - raft.server.watch.timeout = 10s (default)
2019-10-02 00:13:22,680 [a63184a2-e924-4873-b8f1-68ec2fadd2e2@group-6F01D77A8403-LeaderElection53] INFO  server.RaftServerConfigKeys (ConfUtils.java:logGet(43)) - raft.server.watch.timeout.denomination = 1s (default)
2019-10-02 00:13:22,681 [a63184a2-e924-4873-b8f1-68ec2fadd2e2@group-6F01D77A8403-LeaderElection53] INFO  server.RaftServerConfigKeys (ConfUtils.java:logGet(43)) - raft.server.watch.element-limit = 65536 (default)
2019-10-02 00:13:22,682 [a63184a2-e924-4873-b8f1-68ec2fadd2e2@group-6F01D77A8403-LeaderElection53] INFO  impl.RoleInfo (RoleInfo.java:updateAndGet(143)) - a63184a2-e924-4873-b8f1-68ec2fadd2e2: start LeaderState
2019-10-02 00:13:22,682 [a63184a2-e924-4873-b8f1-68ec2fadd2e2@group-6F01D77A8403-LeaderElection53] INFO  segmented.SegmentedRaftLogWorker (SegmentedRaftLogWorker.java:startLogSegment(385)) - a63184a2-e924-4873-b8f1-68ec2fadd2e2@group-6F01D77A8403-SegmentedRaftLogWorker: Starting segment from index:0
2019-10-02 00:13:22,683 [a63184a2-e924-4873-b8f1-68ec2fadd2e2@group-6F01D77A8403-LeaderElection53] INFO  impl.RaftServerImpl (ServerState.java:setRaftConf(356)) - a63184a2-e924-4873-b8f1-68ec2fadd2e2@group-6F01D77A8403: set configuration 0: [a63184a2-e924-4873-b8f1-68ec2fadd2e2:192.168.30.63:46821], old=null at 0
2019-10-02 00:13:22,709 [b2ccb09c-659d-4cb0-92b9-3179ded62f29@group-196D82474ABC-LeaderElection54] INFO  impl.LeaderElection (LeaderElection.java:askForVotes(178)) - b2ccb09c-659d-4cb0-92b9-3179ded62f29@group-196D82474ABC-LeaderElection54: begin an election at term 1 for -1: [b2ccb09c-659d-4cb0-92b9-3179ded62f29:192.168.30.63:41168], old=null
2019-10-02 00:13:22,709 [b2ccb09c-659d-4cb0-92b9-3179ded62f29@group-196D82474ABC-LeaderElection54] INFO  impl.RoleInfo (RoleInfo.java:shutdownLeaderElection(134)) - b2ccb09c-659d-4cb0-92b9-3179ded62f29: shutdown LeaderElection
2019-10-02 00:13:22,709 [b2ccb09c-659d-4cb0-92b9-3179ded62f29@group-196D82474ABC-LeaderElection54] INFO  impl.RaftServerImpl (RaftServerImpl.java:setRole(170)) - b2ccb09c-659d-4cb0-92b9-3179ded62f29@group-196D82474ABC: changes role from CANDIDATE to LEADER at term 1 for changeToLeader
2019-10-02 00:13:22,709 [b2ccb09c-659d-4cb0-92b9-3179ded62f29@group-196D82474ABC-LeaderElection54] INFO  impl.RaftServerImpl (ServerState.java:setLeader(255)) - b2ccb09c-659d-4cb0-92b9-3179ded62f29@group-196D82474ABC: change Leader from null to b2ccb09c-659d-4cb0-92b9-3179ded62f29 at term 1 for becomeLeader, leader elected after 5061ms
2019-10-02 00:13:22,709 [b2ccb09c-659d-4cb0-92b9-3179ded62f29@group-196D82474ABC-LeaderElection54] INFO  server.RaftServerConfigKeys (ConfUtils.java:logGet(43)) - raft.server.staging.catchup.gap = 1000 (default)
2019-10-02 00:13:22,710 [b2ccb09c-659d-4cb0-92b9-3179ded62f29@group-196D82474ABC-LeaderElection54] INFO  server.RaftServerConfigKeys (ConfUtils.java:logGet(43)) - raft.server.rpc.sleep.time = 25ms (default)
2019-10-02 00:13:22,710 [b2ccb09c-659d-4cb0-92b9-3179ded62f29@group-196D82474ABC-LeaderElection54] INFO  server.RaftServerConfigKeys (ConfUtils.java:logGet(43)) - raft.server.write.element-limit = 4096 (default)
2019-10-02 00:13:22,710 [b2ccb09c-659d-4cb0-92b9-3179ded62f29@group-196D82474ABC-LeaderElection54] INFO  server.RaftServerConfigKeys (ConfUtils.java:logGet(43)) - raft.server.watch.timeout = 10s (default)
2019-10-02 00:13:22,710 [b2ccb09c-659d-4cb0-92b9-3179ded62f29@group-196D82474ABC-LeaderElection54] INFO  server.RaftServerConfigKeys (ConfUtils.java:logGet(43)) - raft.server.watch.timeout.denomination = 1s (default)
2019-10-02 00:13:22,710 [b2ccb09c-659d-4cb0-92b9-3179ded62f29@group-196D82474ABC-LeaderElection54] INFO  server.RaftServerConfigKeys (ConfUtils.java:logGet(43)) - raft.server.watch.element-limit = 65536 (default)
2019-10-02 00:13:22,711 [b2ccb09c-659d-4cb0-92b9-3179ded62f29@group-196D82474ABC-LeaderElection54] INFO  impl.RoleInfo (RoleInfo.java:updateAndGet(143)) - b2ccb09c-659d-4cb0-92b9-3179ded62f29: start LeaderState
2019-10-02 00:13:22,712 [b2ccb09c-659d-4cb0-92b9-3179ded62f29@group-196D82474ABC-LeaderElection54] INFO  segmented.SegmentedRaftLogWorker (SegmentedRaftLogWorker.java:startLogSegment(385)) - b2ccb09c-659d-4cb0-92b9-3179ded62f29@group-196D82474ABC-SegmentedRaftLogWorker: Starting segment from index:0
2019-10-02 00:13:22,712 [b2ccb09c-659d-4cb0-92b9-3179ded62f29@group-196D82474ABC-LeaderElection54] INFO  impl.RaftServerImpl (ServerState.java:setRaftConf(356)) - b2ccb09c-659d-4cb0-92b9-3179ded62f29@group-196D82474ABC: set configuration 0: [b2ccb09c-659d-4cb0-92b9-3179ded62f29:192.168.30.63:41168], old=null at 0
2019-10-02 00:13:22,736 [a63184a2-e924-4873-b8f1-68ec2fadd2e2@group-6F01D77A8403-SegmentedRaftLogWorker] INFO  segmented.SegmentedRaftLogWorker (SegmentedRaftLogWorker.java:execute(574)) - a63184a2-e924-4873-b8f1-68ec2fadd2e2@group-6F01D77A8403-SegmentedRaftLogWorker: created new log segment /workdir/hadoop-ozone/integration-test/target/test-dir/MiniOzoneClusterImpl-dde0f8af-4bf9-42cc-be8d-7f937630f525/datanode-1/data/ratis/00077a43-dcce-4f0f-afe1-6f01d77a8403/current/log_inprogress_0
2019-10-02 00:13:22,763 [b2ccb09c-659d-4cb0-92b9-3179ded62f29@group-196D82474ABC-SegmentedRaftLogWorker] INFO  segmented.SegmentedRaftLogWorker (SegmentedRaftLogWorker.java:execute(574)) - b2ccb09c-659d-4cb0-92b9-3179ded62f29@group-196D82474ABC-SegmentedRaftLogWorker: created new log segment /workdir/hadoop-ozone/integration-test/target/test-dir/MiniOzoneClusterImpl-dde0f8af-4bf9-42cc-be8d-7f937630f525/datanode-3/data/ratis/84ccaddb-52ad-4644-9c50-196d82474abc/current/log_inprogress_0
2019-10-02 00:13:22,785 [Thread-2877] INFO  impl.FollowerState (FollowerState.java:run(108)) - c567e9db-e1d2-4fff-b8cd-45881b0c79e7@group-0DB75B100145-FollowerState: change to CANDIDATE, lastRpcTime:5198ms, electionTimeout:5198ms
2019-10-02 00:13:22,785 [Thread-2877] INFO  impl.RoleInfo (RoleInfo.java:shutdownFollowerState(121)) - c567e9db-e1d2-4fff-b8cd-45881b0c79e7: shutdown FollowerState
2019-10-02 00:13:22,785 [Thread-2877] INFO  impl.RaftServerImpl (RaftServerImpl.java:setRole(170)) - c567e9db-e1d2-4fff-b8cd-45881b0c79e7@group-0DB75B100145: changes role from  FOLLOWER to CANDIDATE at term 0 for changeToCandidate
2019-10-02 00:13:22,785 [Thread-2877] INFO  impl.RoleInfo (RoleInfo.java:updateAndGet(143)) - c567e9db-e1d2-4fff-b8cd-45881b0c79e7: start LeaderElection
2019-10-02 00:13:22,814 [c567e9db-e1d2-4fff-b8cd-45881b0c79e7@group-0DB75B100145-LeaderElection55] INFO  impl.LeaderElection (LeaderElection.java:askForVotes(178)) - c567e9db-e1d2-4fff-b8cd-45881b0c79e7@group-0DB75B100145-LeaderElection55: begin an election at term 1 for -1: [c567e9db-e1d2-4fff-b8cd-45881b0c79e7:192.168.30.63:38263], old=null
2019-10-02 00:13:22,814 [c567e9db-e1d2-4fff-b8cd-45881b0c79e7@group-0DB75B100145-LeaderElection55] INFO  impl.RoleInfo (RoleInfo.java:shutdownLeaderElection(134)) - c567e9db-e1d2-4fff-b8cd-45881b0c79e7: shutdown LeaderElection
2019-10-02 00:13:22,814 [c567e9db-e1d2-4fff-b8cd-45881b0c79e7@group-0DB75B100145-LeaderElection55] INFO  impl.RaftServerImpl (RaftServerImpl.java:setRole(170)) - c567e9db-e1d2-4fff-b8cd-45881b0c79e7@group-0DB75B100145: changes role from CANDIDATE to LEADER at term 1 for changeToLeader
2019-10-02 00:13:22,814 [c567e9db-e1d2-4fff-b8cd-45881b0c79e7@group-0DB75B100145-LeaderElection55] INFO  impl.RaftServerImpl (ServerState.java:setLeader(255)) - c567e9db-e1d2-4fff-b8cd-45881b0c79e7@group-0DB75B100145: change Leader from null to c567e9db-e1d2-4fff-b8cd-45881b0c79e7 at term 1 for becomeLeader, leader elected after 5233ms
2019-10-02 00:13:22,814 [c567e9db-e1d2-4fff-b8cd-45881b0c79e7@group-0DB75B100145-LeaderElection55] INFO  server.RaftServerConfigKeys (ConfUtils.java:logGet(43)) - raft.server.staging.catchup.gap = 1000 (default)
2019-10-02 00:13:22,814 [c567e9db-e1d2-4fff-b8cd-45881b0c79e7@group-0DB75B100145-LeaderElection55] INFO  server.RaftServerConfigKeys (ConfUtils.java:logGet(43)) - raft.server.rpc.sleep.time = 25ms (default)
2019-10-02 00:13:22,814 [c567e9db-e1d2-4fff-b8cd-45881b0c79e7@group-0DB75B100145-LeaderElection55] INFO  server.RaftServerConfigKeys (ConfUtils.java:logGet(43)) - raft.server.write.element-limit = 4096 (default)
2019-10-02 00:13:22,815 [c567e9db-e1d2-4fff-b8cd-45881b0c79e7@group-0DB75B100145-LeaderElection55] INFO  server.RaftServerConfigKeys (ConfUtils.java:logGet(43)) - raft.server.watch.timeout = 10s (default)
2019-10-02 00:13:22,815 [c567e9db-e1d2-4fff-b8cd-45881b0c79e7@group-0DB75B100145-LeaderElection55] INFO  server.RaftServerConfigKeys (ConfUtils.java:logGet(43)) - raft.server.watch.timeout.denomination = 1s (default)
2019-10-02 00:13:22,815 [c567e9db-e1d2-4fff-b8cd-45881b0c79e7@group-0DB75B100145-LeaderElection55] INFO  server.RaftServerConfigKeys (ConfUtils.java:logGet(43)) - raft.server.watch.element-limit = 65536 (default)
2019-10-02 00:13:22,816 [c567e9db-e1d2-4fff-b8cd-45881b0c79e7@group-0DB75B100145-LeaderElection55] INFO  impl.RoleInfo (RoleInfo.java:updateAndGet(143)) - c567e9db-e1d2-4fff-b8cd-45881b0c79e7: start LeaderState
2019-10-02 00:13:22,817 [c567e9db-e1d2-4fff-b8cd-45881b0c79e7@group-0DB75B100145-LeaderElection55] INFO  segmented.SegmentedRaftLogWorker (SegmentedRaftLogWorker.java:startLogSegment(385)) - c567e9db-e1d2-4fff-b8cd-45881b0c79e7@group-0DB75B100145-SegmentedRaftLogWorker: Starting segment from index:0
2019-10-02 00:13:22,817 [c567e9db-e1d2-4fff-b8cd-45881b0c79e7@group-0DB75B100145-LeaderElection55] INFO  impl.RaftServerImpl (ServerState.java:setRaftConf(356)) - c567e9db-e1d2-4fff-b8cd-45881b0c79e7@group-0DB75B100145: set configuration 0: [c567e9db-e1d2-4fff-b8cd-45881b0c79e7:192.168.30.63:38263], old=null at 0
2019-10-02 00:13:22,872 [c567e9db-e1d2-4fff-b8cd-45881b0c79e7@group-0DB75B100145-SegmentedRaftLogWorker] INFO  segmented.SegmentedRaftLogWorker (SegmentedRaftLogWorker.java:execute(574)) - c567e9db-e1d2-4fff-b8cd-45881b0c79e7@group-0DB75B100145-SegmentedRaftLogWorker: created new log segment /workdir/hadoop-ozone/integration-test/target/test-dir/MiniOzoneClusterImpl-dde0f8af-4bf9-42cc-be8d-7f937630f525/datanode-2/data/ratis/d6fe1c52-a3f5-4385-be48-0db75b100145/current/log_inprogress_0
2019-10-02 00:13:22,895 [Thread-2883] INFO  impl.FollowerState (FollowerState.java:run(108)) - ac816572-adb8-4efa-a0d7-3d08ab4d48f3@group-E2F886E2C96A-FollowerState: change to CANDIDATE, lastRpcTime:5156ms, electionTimeout:5155ms
2019-10-02 00:13:22,895 [Thread-2883] INFO  impl.RoleInfo (RoleInfo.java:shutdownFollowerState(121)) - ac816572-adb8-4efa-a0d7-3d08ab4d48f3: shutdown FollowerState
2019-10-02 00:13:22,895 [Thread-2883] INFO  impl.RaftServerImpl (RaftServerImpl.java:setRole(170)) - ac816572-adb8-4efa-a0d7-3d08ab4d48f3@group-E2F886E2C96A: changes role from  FOLLOWER to CANDIDATE at term 0 for changeToCandidate
2019-10-02 00:13:22,896 [Thread-2883] INFO  impl.RoleInfo (RoleInfo.java:updateAndGet(143)) - ac816572-adb8-4efa-a0d7-3d08ab4d48f3: start LeaderElection
2019-10-02 00:13:22,901 [Thread-2886] INFO  impl.FollowerState (FollowerState.java:run(108)) - 273bd3ba-db52-4655-bbb8-1c2df5793e49@group-50F8C5C48E6D-FollowerState: change to CANDIDATE, lastRpcTime:5086ms, electionTimeout:5081ms
2019-10-02 00:13:22,901 [Thread-2886] INFO  impl.RoleInfo (RoleInfo.java:shutdownFollowerState(121)) - 273bd3ba-db52-4655-bbb8-1c2df5793e49: shutdown FollowerState
2019-10-02 00:13:22,901 [Thread-2886] INFO  impl.RaftServerImpl (RaftServerImpl.java:setRole(170)) - 273bd3ba-db52-4655-bbb8-1c2df5793e49@group-50F8C5C48E6D: changes role from  FOLLOWER to CANDIDATE at term 0 for changeToCandidate
2019-10-02 00:13:22,902 [Thread-2886] INFO  impl.RoleInfo (RoleInfo.java:updateAndGet(143)) - 273bd3ba-db52-4655-bbb8-1c2df5793e49: start LeaderElection
2019-10-02 00:13:22,931 [ac816572-adb8-4efa-a0d7-3d08ab4d48f3@group-E2F886E2C96A-LeaderElection56] INFO  impl.LeaderElection (LeaderElection.java:askForVotes(178)) - ac816572-adb8-4efa-a0d7-3d08ab4d48f3@group-E2F886E2C96A-LeaderElection56: begin an election at term 1 for -1: [ac816572-adb8-4efa-a0d7-3d08ab4d48f3:192.168.30.63:43796], old=null
2019-10-02 00:13:22,931 [ac816572-adb8-4efa-a0d7-3d08ab4d48f3@group-E2F886E2C96A-LeaderElection56] INFO  impl.RoleInfo (RoleInfo.java:shutdownLeaderElection(134)) - ac816572-adb8-4efa-a0d7-3d08ab4d48f3: shutdown LeaderElection
2019-10-02 00:13:22,931 [ac816572-adb8-4efa-a0d7-3d08ab4d48f3@group-E2F886E2C96A-LeaderElection56] INFO  impl.RaftServerImpl (RaftServerImpl.java:setRole(170)) - ac816572-adb8-4efa-a0d7-3d08ab4d48f3@group-E2F886E2C96A: changes role from CANDIDATE to LEADER at term 1 for changeToLeader
2019-10-02 00:13:22,931 [ac816572-adb8-4efa-a0d7-3d08ab4d48f3@group-E2F886E2C96A-LeaderElection56] INFO  impl.RaftServerImpl (ServerState.java:setLeader(255)) - ac816572-adb8-4efa-a0d7-3d08ab4d48f3@group-E2F886E2C96A: change Leader from null to ac816572-adb8-4efa-a0d7-3d08ab4d48f3 at term 1 for becomeLeader, leader elected after 5199ms
2019-10-02 00:13:22,931 [ac816572-adb8-4efa-a0d7-3d08ab4d48f3@group-E2F886E2C96A-LeaderElection56] INFO  server.RaftServerConfigKeys (ConfUtils.java:logGet(43)) - raft.server.staging.catchup.gap = 1000 (default)
2019-10-02 00:13:22,932 [ac816572-adb8-4efa-a0d7-3d08ab4d48f3@group-E2F886E2C96A-LeaderElection56] INFO  server.RaftServerConfigKeys (ConfUtils.java:logGet(43)) - raft.server.rpc.sleep.time = 25ms (default)
2019-10-02 00:13:22,932 [ac816572-adb8-4efa-a0d7-3d08ab4d48f3@group-E2F886E2C96A-LeaderElection56] INFO  server.RaftServerConfigKeys (ConfUtils.java:logGet(43)) - raft.server.write.element-limit = 4096 (default)
2019-10-02 00:13:22,932 [ac816572-adb8-4efa-a0d7-3d08ab4d48f3@group-E2F886E2C96A-LeaderElection56] INFO  server.RaftServerConfigKeys (ConfUtils.java:logGet(43)) - raft.server.watch.timeout = 10s (default)
2019-10-02 00:13:22,932 [ac816572-adb8-4efa-a0d7-3d08ab4d48f3@group-E2F886E2C96A-LeaderElection56] INFO  server.RaftServerConfigKeys (ConfUtils.java:logGet(43)) - raft.server.watch.timeout.denomination = 1s (default)
2019-10-02 00:13:22,932 [ac816572-adb8-4efa-a0d7-3d08ab4d48f3@group-E2F886E2C96A-LeaderElection56] INFO  server.RaftServerConfigKeys (ConfUtils.java:logGet(43)) - raft.server.watch.element-limit = 65536 (default)
2019-10-02 00:13:22,934 [ac816572-adb8-4efa-a0d7-3d08ab4d48f3@group-E2F886E2C96A-LeaderElection56] INFO  impl.RoleInfo (RoleInfo.java:updateAndGet(143)) - ac816572-adb8-4efa-a0d7-3d08ab4d48f3: start LeaderState
2019-10-02 00:13:22,934 [ac816572-adb8-4efa-a0d7-3d08ab4d48f3@group-E2F886E2C96A-LeaderElection56] INFO  segmented.SegmentedRaftLogWorker (SegmentedRaftLogWorker.java:startLogSegment(385)) - ac816572-adb8-4efa-a0d7-3d08ab4d48f3@group-E2F886E2C96A-SegmentedRaftLogWorker: Starting segment from index:0
2019-10-02 00:13:22,935 [ac816572-adb8-4efa-a0d7-3d08ab4d48f3@group-E2F886E2C96A-LeaderElection56] INFO  impl.RaftServerImpl (ServerState.java:setRaftConf(356)) - ac816572-adb8-4efa-a0d7-3d08ab4d48f3@group-E2F886E2C96A: set configuration 0: [ac816572-adb8-4efa-a0d7-3d08ab4d48f3:192.168.30.63:43796], old=null at 0
2019-10-02 00:13:22,948 [273bd3ba-db52-4655-bbb8-1c2df5793e49@group-50F8C5C48E6D-LeaderElection57] INFO  impl.LeaderElection (LeaderElection.java:askForVotes(178)) - 273bd3ba-db52-4655-bbb8-1c2df5793e49@group-50F8C5C48E6D-LeaderElection57: begin an election at term 1 for -1: [273bd3ba-db52-4655-bbb8-1c2df5793e49:192.168.30.63:39351], old=null
2019-10-02 00:13:22,948 [273bd3ba-db52-4655-bbb8-1c2df5793e49@group-50F8C5C48E6D-LeaderElection57] INFO  impl.RoleInfo (RoleInfo.java:shutdownLeaderElection(134)) - 273bd3ba-db52-4655-bbb8-1c2df5793e49: shutdown LeaderElection
2019-10-02 00:13:22,948 [273bd3ba-db52-4655-bbb8-1c2df5793e49@group-50F8C5C48E6D-LeaderElection57] INFO  impl.RaftServerImpl (RaftServerImpl.java:setRole(170)) - 273bd3ba-db52-4655-bbb8-1c2df5793e49@group-50F8C5C48E6D: changes role from CANDIDATE to LEADER at term 1 for changeToLeader
2019-10-02 00:13:22,948 [273bd3ba-db52-4655-bbb8-1c2df5793e49@group-50F8C5C48E6D-LeaderElection57] INFO  impl.RaftServerImpl (ServerState.java:setLeader(255)) - 273bd3ba-db52-4655-bbb8-1c2df5793e49@group-50F8C5C48E6D: change Leader from null to 273bd3ba-db52-4655-bbb8-1c2df5793e49 at term 1 for becomeLeader, leader elected after 5140ms
2019-10-02 00:13:22,949 [273bd3ba-db52-4655-bbb8-1c2df5793e49@group-50F8C5C48E6D-LeaderElection57] INFO  server.RaftServerConfigKeys (ConfUtils.java:logGet(43)) - raft.server.staging.catchup.gap = 1000 (default)
2019-10-02 00:13:22,949 [273bd3ba-db52-4655-bbb8-1c2df5793e49@group-50F8C5C48E6D-LeaderElection57] INFO  server.RaftServerConfigKeys (ConfUtils.java:logGet(43)) - raft.server.rpc.sleep.time = 25ms (default)
2019-10-02 00:13:22,949 [273bd3ba-db52-4655-bbb8-1c2df5793e49@group-50F8C5C48E6D-LeaderElection57] INFO  server.RaftServerConfigKeys (ConfUtils.java:logGet(43)) - raft.server.write.element-limit = 4096 (default)
2019-10-02 00:13:22,949 [273bd3ba-db52-4655-bbb8-1c2df5793e49@group-50F8C5C48E6D-LeaderElection57] INFO  server.RaftServerConfigKeys (ConfUtils.java:logGet(43)) - raft.server.watch.timeout = 10s (default)
2019-10-02 00:13:22,949 [273bd3ba-db52-4655-bbb8-1c2df5793e49@group-50F8C5C48E6D-LeaderElection57] INFO  server.RaftServerConfigKeys (ConfUtils.java:logGet(43)) - raft.server.watch.timeout.denomination = 1s (default)
2019-10-02 00:13:22,949 [273bd3ba-db52-4655-bbb8-1c2df5793e49@group-50F8C5C48E6D-LeaderElection57] INFO  server.RaftServerConfigKeys (ConfUtils.java:logGet(43)) - raft.server.watch.element-limit = 65536 (default)
2019-10-02 00:13:22,951 [273bd3ba-db52-4655-bbb8-1c2df5793e49@group-50F8C5C48E6D-LeaderElection57] INFO  impl.RoleInfo (RoleInfo.java:updateAndGet(143)) - 273bd3ba-db52-4655-bbb8-1c2df5793e49: start LeaderState
2019-10-02 00:13:22,951 [273bd3ba-db52-4655-bbb8-1c2df5793e49@group-50F8C5C48E6D-LeaderElection57] INFO  segmented.SegmentedRaftLogWorker (SegmentedRaftLogWorker.java:startLogSegment(385)) - 273bd3ba-db52-4655-bbb8-1c2df5793e49@group-50F8C5C48E6D-SegmentedRaftLogWorker: Starting segment from index:0
2019-10-02 00:13:22,952 [273bd3ba-db52-4655-bbb8-1c2df5793e49@group-50F8C5C48E6D-LeaderElection57] INFO  impl.RaftServerImpl (ServerState.java:setRaftConf(356)) - 273bd3ba-db52-4655-bbb8-1c2df5793e49@group-50F8C5C48E6D: set configuration 0: [273bd3ba-db52-4655-bbb8-1c2df5793e49:192.168.30.63:39351], old=null at 0
2019-10-02 00:13:22,984 [Thread-2894] INFO  impl.FollowerState (FollowerState.java:run(108)) - ac816572-adb8-4efa-a0d7-3d08ab4d48f3@group-4822F4F6F8F9-FollowerState: change to CANDIDATE, lastRpcTime:5014ms, electionTimeout:5005ms
2019-10-02 00:13:22,986 [Thread-2894] INFO  impl.RoleInfo (RoleInfo.java:shutdownFollowerState(121)) - ac816572-adb8-4efa-a0d7-3d08ab4d48f3: shutdown FollowerState
2019-10-02 00:13:22,986 [Thread-2894] INFO  impl.RaftServerImpl (RaftServerImpl.java:setRole(170)) - ac816572-adb8-4efa-a0d7-3d08ab4d48f3@group-4822F4F6F8F9: changes role from  FOLLOWER to CANDIDATE at term 0 for changeToCandidate
2019-10-02 00:13:22,987 [Thread-2894] INFO  impl.RoleInfo (RoleInfo.java:updateAndGet(143)) - ac816572-adb8-4efa-a0d7-3d08ab4d48f3: start LeaderElection
2019-10-02 00:13:23,007 [273bd3ba-db52-4655-bbb8-1c2df5793e49@group-50F8C5C48E6D-SegmentedRaftLogWorker] INFO  segmented.SegmentedRaftLogWorker (SegmentedRaftLogWorker.java:execute(574)) - 273bd3ba-db52-4655-bbb8-1c2df5793e49@group-50F8C5C48E6D-SegmentedRaftLogWorker: created new log segment /workdir/hadoop-ozone/integration-test/target/test-dir/MiniOzoneClusterImpl-dde0f8af-4bf9-42cc-be8d-7f937630f525/datanode-5/data/ratis/af8df4cc-6231-4138-b562-50f8c5c48e6d/current/log_inprogress_0
2019-10-02 00:13:23,007 [ac816572-adb8-4efa-a0d7-3d08ab4d48f3@group-4822F4F6F8F9-LeaderElection58] INFO  impl.LeaderElection (LeaderElection.java:askForVotes(178)) - ac816572-adb8-4efa-a0d7-3d08ab4d48f3@group-4822F4F6F8F9-LeaderElection58: begin an election at term 1 for -1: [273bd3ba-db52-4655-bbb8-1c2df5793e49:192.168.30.63:39351, ac816572-adb8-4efa-a0d7-3d08ab4d48f3:192.168.30.63:43796, b2ccb09c-659d-4cb0-92b9-3179ded62f29:192.168.30.63:41168], old=null
2019-10-02 00:13:23,007 [ac816572-adb8-4efa-a0d7-3d08ab4d48f3@group-E2F886E2C96A-SegmentedRaftLogWorker] INFO  segmented.SegmentedRaftLogWorker (SegmentedRaftLogWorker.java:execute(574)) - ac816572-adb8-4efa-a0d7-3d08ab4d48f3@group-E2F886E2C96A-SegmentedRaftLogWorker: created new log segment /workdir/hadoop-ozone/integration-test/target/test-dir/MiniOzoneClusterImpl-dde0f8af-4bf9-42cc-be8d-7f937630f525/datanode-4/data/ratis/e7e791c3-59a0-4852-b4d9-e2f886e2c96a/current/log_inprogress_0
2019-10-02 00:13:23,010 [Thread-2889] INFO  impl.FollowerState (FollowerState.java:run(108)) - 4db5ec50-aaae-4c5e-b67c-a912007a418d@group-E8789C32BBCD-FollowerState: change to CANDIDATE, lastRpcTime:5119ms, electionTimeout:5119ms
2019-10-02 00:13:23,010 [Thread-2889] INFO  impl.RoleInfo (RoleInfo.java:shutdownFollowerState(121)) - 4db5ec50-aaae-4c5e-b67c-a912007a418d: shutdown FollowerState
2019-10-02 00:13:23,010 [Thread-2889] INFO  impl.RaftServerImpl (RaftServerImpl.java:setRole(170)) - 4db5ec50-aaae-4c5e-b67c-a912007a418d@group-E8789C32BBCD: changes role from  FOLLOWER to CANDIDATE at term 0 for changeToCandidate
2019-10-02 00:13:23,010 [Thread-2889] INFO  impl.RoleInfo (RoleInfo.java:updateAndGet(143)) - 4db5ec50-aaae-4c5e-b67c-a912007a418d: start LeaderElection
2019-10-02 00:13:23,013 [Thread-2896] INFO  impl.FollowerState (FollowerState.java:run(108)) - b2ccb09c-659d-4cb0-92b9-3179ded62f29@group-4822F4F6F8F9-FollowerState: change to CANDIDATE, lastRpcTime:5042ms, electionTimeout:5040ms
2019-10-02 00:13:23,014 [Thread-2896] INFO  impl.RoleInfo (RoleInfo.java:shutdownFollowerState(121)) - b2ccb09c-659d-4cb0-92b9-3179ded62f29: shutdown FollowerState
2019-10-02 00:13:23,014 [Thread-2896] INFO  impl.RaftServerImpl (RaftServerImpl.java:setRole(170)) - b2ccb09c-659d-4cb0-92b9-3179ded62f29@group-4822F4F6F8F9: changes role from  FOLLOWER to CANDIDATE at term 0 for changeToCandidate
2019-10-02 00:13:23,016 [Thread-2896] INFO  impl.RoleInfo (RoleInfo.java:updateAndGet(143)) - b2ccb09c-659d-4cb0-92b9-3179ded62f29: start LeaderElection
2019-10-02 00:13:23,016 [grpc-default-executor-5] INFO  impl.RaftServerImpl (RaftServerImpl.java:setRole(170)) - 273bd3ba-db52-4655-bbb8-1c2df5793e49@group-4822F4F6F8F9: changes role from  FOLLOWER to FOLLOWER at term 1 for recognizeCandidate:ac816572-adb8-4efa-a0d7-3d08ab4d48f3
2019-10-02 00:13:23,018 [grpc-default-executor-5] INFO  impl.RoleInfo (RoleInfo.java:shutdownFollowerState(121)) - 273bd3ba-db52-4655-bbb8-1c2df5793e49: shutdown FollowerState
2019-10-02 00:13:23,018 [grpc-default-executor-5] INFO  impl.RoleInfo (RoleInfo.java:updateAndGet(143)) - 273bd3ba-db52-4655-bbb8-1c2df5793e49: start FollowerState
2019-10-02 00:13:23,018 [grpc-default-executor-10] INFO  impl.RaftServerImpl (RaftServerImpl.java:setRole(170)) - b2ccb09c-659d-4cb0-92b9-3179ded62f29@group-4822F4F6F8F9: changes role from CANDIDATE to FOLLOWER at term 1 for recognizeCandidate:ac816572-adb8-4efa-a0d7-3d08ab4d48f3
2019-10-02 00:13:23,018 [Thread-2895] INFO  impl.FollowerState (FollowerState.java:run(117)) - 273bd3ba-db52-4655-bbb8-1c2df5793e49@group-4822F4F6F8F9-FollowerState was interrupted: java.lang.InterruptedException: sleep interrupted
2019-10-02 00:13:23,019 [grpc-default-executor-10] INFO  impl.RoleInfo (RoleInfo.java:shutdownLeaderElection(134)) - b2ccb09c-659d-4cb0-92b9-3179ded62f29: shutdown LeaderElection
2019-10-02 00:13:23,020 [grpc-default-executor-10] INFO  impl.RoleInfo (RoleInfo.java:updateAndGet(143)) - b2ccb09c-659d-4cb0-92b9-3179ded62f29: start FollowerState
2019-10-02 00:13:23,032 [4db5ec50-aaae-4c5e-b67c-a912007a418d@group-E8789C32BBCD-LeaderElection59] INFO  impl.LeaderElection (LeaderElection.java:askForVotes(178)) - 4db5ec50-aaae-4c5e-b67c-a912007a418d@group-E8789C32BBCD-LeaderElection59: begin an election at term 1 for -1: [4db5ec50-aaae-4c5e-b67c-a912007a418d:192.168.30.63:46233], old=null
2019-10-02 00:13:23,032 [4db5ec50-aaae-4c5e-b67c-a912007a418d@group-E8789C32BBCD-LeaderElection59] INFO  impl.RoleInfo (RoleInfo.java:shutdownLeaderElection(134)) - 4db5ec50-aaae-4c5e-b67c-a912007a418d: shutdown LeaderElection
2019-10-02 00:13:23,032 [4db5ec50-aaae-4c5e-b67c-a912007a418d@group-E8789C32BBCD-LeaderElection59] INFO  impl.RaftServerImpl (RaftServerImpl.java:setRole(170)) - 4db5ec50-aaae-4c5e-b67c-a912007a418d@group-E8789C32BBCD: changes role from CANDIDATE to LEADER at term 1 for changeToLeader
2019-10-02 00:13:23,033 [4db5ec50-aaae-4c5e-b67c-a912007a418d@group-E8789C32BBCD-LeaderElection59] INFO  impl.RaftServerImpl (ServerState.java:setLeader(255)) - 4db5ec50-aaae-4c5e-b67c-a912007a418d@group-E8789C32BBCD: change Leader from null to 4db5ec50-aaae-4c5e-b67c-a912007a418d at term 1 for becomeLeader, leader elected after 5148ms
2019-10-02 00:13:23,033 [4db5ec50-aaae-4c5e-b67c-a912007a418d@group-E8789C32BBCD-LeaderElection59] INFO  server.RaftServerConfigKeys (ConfUtils.java:logGet(43)) - raft.server.staging.catchup.gap = 1000 (default)
2019-10-02 00:13:23,033 [4db5ec50-aaae-4c5e-b67c-a912007a418d@group-E8789C32BBCD-LeaderElection59] INFO  server.RaftServerConfigKeys (ConfUtils.java:logGet(43)) - raft.server.rpc.sleep.time = 25ms (default)
2019-10-02 00:13:23,033 [4db5ec50-aaae-4c5e-b67c-a912007a418d@group-E8789C32BBCD-LeaderElection59] INFO  server.RaftServerConfigKeys (ConfUtils.java:logGet(43)) - raft.server.write.element-limit = 4096 (default)
2019-10-02 00:13:23,033 [4db5ec50-aaae-4c5e-b67c-a912007a418d@group-E8789C32BBCD-LeaderElection59] INFO  server.RaftServerConfigKeys (ConfUtils.java:logGet(43)) - raft.server.watch.timeout = 10s (default)
2019-10-02 00:13:23,033 [4db5ec50-aaae-4c5e-b67c-a912007a418d@group-E8789C32BBCD-LeaderElection59] INFO  server.RaftServerConfigKeys (ConfUtils.java:logGet(43)) - raft.server.watch.timeout.denomination = 1s (default)
2019-10-02 00:13:23,033 [4db5ec50-aaae-4c5e-b67c-a912007a418d@group-E8789C32BBCD-LeaderElection59] INFO  server.RaftServerConfigKeys (ConfUtils.java:logGet(43)) - raft.server.watch.element-limit = 65536 (default)
2019-10-02 00:13:23,034 [4db5ec50-aaae-4c5e-b67c-a912007a418d@group-E8789C32BBCD-LeaderElection59] INFO  impl.RoleInfo (RoleInfo.java:updateAndGet(143)) - 4db5ec50-aaae-4c5e-b67c-a912007a418d: start LeaderState
2019-10-02 00:13:23,035 [4db5ec50-aaae-4c5e-b67c-a912007a418d@group-E8789C32BBCD-LeaderElection59] INFO  segmented.SegmentedRaftLogWorker (SegmentedRaftLogWorker.java:startLogSegment(385)) - 4db5ec50-aaae-4c5e-b67c-a912007a418d@group-E8789C32BBCD-SegmentedRaftLogWorker: Starting segment from index:0
2019-10-02 00:13:23,035 [4db5ec50-aaae-4c5e-b67c-a912007a418d@group-E8789C32BBCD-LeaderElection59] INFO  impl.RaftServerImpl (ServerState.java:setRaftConf(356)) - 4db5ec50-aaae-4c5e-b67c-a912007a418d@group-E8789C32BBCD: set configuration 0: [4db5ec50-aaae-4c5e-b67c-a912007a418d:192.168.30.63:46233], old=null at 0
2019-10-02 00:13:23,067 [ac816572-adb8-4efa-a0d7-3d08ab4d48f3@group-4822F4F6F8F9-LeaderElection58] INFO  impl.LeaderElection (LeaderElection.java:logAndReturn(56)) - ac816572-adb8-4efa-a0d7-3d08ab4d48f3@group-4822F4F6F8F9-LeaderElection58: Election PASSED; received 2 response(s) [ac816572-adb8-4efa-a0d7-3d08ab4d48f3<-273bd3ba-db52-4655-bbb8-1c2df5793e49#0:OK-t1, ac816572-adb8-4efa-a0d7-3d08ab4d48f3<-b2ccb09c-659d-4cb0-92b9-3179ded62f29#0:FAIL-t1] and 0 exception(s); ac816572-adb8-4efa-a0d7-3d08ab4d48f3@group-4822F4F6F8F9:t1, leader=null, voted=ac816572-adb8-4efa-a0d7-3d08ab4d48f3, raftlog=ac816572-adb8-4efa-a0d7-3d08ab4d48f3@group-4822F4F6F8F9-SegmentedRaftLog:OPENED:c-1,f-1,i0, conf=-1: [273bd3ba-db52-4655-bbb8-1c2df5793e49:192.168.30.63:39351, ac816572-adb8-4efa-a0d7-3d08ab4d48f3:192.168.30.63:43796, b2ccb09c-659d-4cb0-92b9-3179ded62f29:192.168.30.63:41168], old=null
2019-10-02 00:13:23,067 [ac816572-adb8-4efa-a0d7-3d08ab4d48f3@group-4822F4F6F8F9-LeaderElection58] INFO  impl.RoleInfo (RoleInfo.java:shutdownLeaderElection(134)) - ac816572-adb8-4efa-a0d7-3d08ab4d48f3: shutdown LeaderElection
2019-10-02 00:13:23,067 [ac816572-adb8-4efa-a0d7-3d08ab4d48f3@group-4822F4F6F8F9-LeaderElection58] INFO  impl.RaftServerImpl (RaftServerImpl.java:setRole(170)) - ac816572-adb8-4efa-a0d7-3d08ab4d48f3@group-4822F4F6F8F9: changes role from CANDIDATE to LEADER at term 1 for changeToLeader
2019-10-02 00:13:23,067 [ac816572-adb8-4efa-a0d7-3d08ab4d48f3@group-4822F4F6F8F9-LeaderElection58] INFO  impl.RaftServerImpl (ServerState.java:setLeader(255)) - ac816572-adb8-4efa-a0d7-3d08ab4d48f3@group-4822F4F6F8F9: change Leader from null to ac816572-adb8-4efa-a0d7-3d08ab4d48f3 at term 1 for becomeLeader, leader elected after 5106ms
2019-10-02 00:13:23,067 [ac816572-adb8-4efa-a0d7-3d08ab4d48f3@group-4822F4F6F8F9-LeaderElection58] INFO  server.RaftServerConfigKeys (ConfUtils.java:logGet(43)) - raft.server.staging.catchup.gap = 1000 (default)
2019-10-02 00:13:23,067 [ac816572-adb8-4efa-a0d7-3d08ab4d48f3@group-4822F4F6F8F9-LeaderElection58] INFO  server.RaftServerConfigKeys (ConfUtils.java:logGet(43)) - raft.server.rpc.sleep.time = 25ms (default)
2019-10-02 00:13:23,067 [ac816572-adb8-4efa-a0d7-3d08ab4d48f3@group-4822F4F6F8F9-LeaderElection58] INFO  server.RaftServerConfigKeys (ConfUtils.java:logGet(43)) - raft.server.write.element-limit = 4096 (default)
2019-10-02 00:13:23,067 [ac816572-adb8-4efa-a0d7-3d08ab4d48f3@group-4822F4F6F8F9-LeaderElection58] INFO  server.RaftServerConfigKeys (ConfUtils.java:logGet(43)) - raft.server.watch.timeout = 10s (default)
2019-10-02 00:13:23,068 [ac816572-adb8-4efa-a0d7-3d08ab4d48f3@group-4822F4F6F8F9-LeaderElection58] INFO  server.RaftServerConfigKeys (ConfUtils.java:logGet(43)) - raft.server.watch.timeout.denomination = 1s (default)
2019-10-02 00:13:23,068 [ac816572-adb8-4efa-a0d7-3d08ab4d48f3@group-4822F4F6F8F9-LeaderElection58] INFO  server.RaftServerConfigKeys (ConfUtils.java:logGet(43)) - raft.server.watch.element-limit = 65536 (default)
2019-10-02 00:13:23,091 [4db5ec50-aaae-4c5e-b67c-a912007a418d@group-E8789C32BBCD-SegmentedRaftLogWorker] INFO  segmented.SegmentedRaftLogWorker (SegmentedRaftLogWorker.java:execute(574)) - 4db5ec50-aaae-4c5e-b67c-a912007a418d@group-E8789C32BBCD-SegmentedRaftLogWorker: created new log segment /workdir/hadoop-ozone/integration-test/target/test-dir/MiniOzoneClusterImpl-dde0f8af-4bf9-42cc-be8d-7f937630f525/datanode-6/data/ratis/2527e915-a951-4627-b6d7-e8789c32bbcd/current/log_inprogress_0
2019-10-02 00:13:23,091 [b2ccb09c-659d-4cb0-92b9-3179ded62f29@group-4822F4F6F8F9-LeaderElection60] INFO  impl.LeaderElection (LeaderElection.java:askForVotes(178)) - b2ccb09c-659d-4cb0-92b9-3179ded62f29@group-4822F4F6F8F9-LeaderElection60: begin an election at term 2 for -1: [273bd3ba-db52-4655-bbb8-1c2df5793e49:192.168.30.63:39351, ac816572-adb8-4efa-a0d7-3d08ab4d48f3:192.168.30.63:43796, b2ccb09c-659d-4cb0-92b9-3179ded62f29:192.168.30.63:41168], old=null
2019-10-02 00:13:23,110 [b2ccb09c-659d-4cb0-92b9-3179ded62f29@group-4822F4F6F8F9-LeaderElection60] INFO  impl.LeaderElection (LeaderElection.java:logAndReturn(56)) - b2ccb09c-659d-4cb0-92b9-3179ded62f29@group-4822F4F6F8F9-LeaderElection60: Election REJECTED; received 0 response(s) [] and 0 exception(s); b2ccb09c-659d-4cb0-92b9-3179ded62f29@group-4822F4F6F8F9:t2, leader=null, voted=b2ccb09c-659d-4cb0-92b9-3179ded62f29, raftlog=b2ccb09c-659d-4cb0-92b9-3179ded62f29@group-4822F4F6F8F9-SegmentedRaftLog:OPENED:c-1,f-1,i0, conf=-1: [273bd3ba-db52-4655-bbb8-1c2df5793e49:192.168.30.63:39351, ac816572-adb8-4efa-a0d7-3d08ab4d48f3:192.168.30.63:43796, b2ccb09c-659d-4cb0-92b9-3179ded62f29:192.168.30.63:41168], old=null
2019-10-02 00:13:23,110 [ac816572-adb8-4efa-a0d7-3d08ab4d48f3@group-4822F4F6F8F9-LeaderElection58] INFO  server.RaftServerConfigKeys (ConfUtils.java:logGet(43)) - raft.server.log.appender.snapshot.chunk.size.max = 16MB (=16777216) (default)
2019-10-02 00:13:23,110 [ac816572-adb8-4efa-a0d7-3d08ab4d48f3@group-4822F4F6F8F9-LeaderElection58] INFO  server.RaftServerConfigKeys (ConfUtils.java:logGet(43)) - raft.server.log.appender.buffer.byte-limit = 33554432 (custom)
2019-10-02 00:13:23,110 [ac816572-adb8-4efa-a0d7-3d08ab4d48f3@group-4822F4F6F8F9-LeaderElection58] INFO  server.RaftServerConfigKeys (ConfUtils.java:logGet(43)) - raft.server.log.appender.buffer.element-limit = 1 (custom)
2019-10-02 00:13:23,110 [ac816572-adb8-4efa-a0d7-3d08ab4d48f3@group-4822F4F6F8F9-LeaderElection58] INFO  grpc.GrpcConfigKeys$Server (ConfUtils.java:logGet(43)) - raft.grpc.server.leader.outstanding.appends.max = 128 (default)
2019-10-02 00:13:23,110 [ac816572-adb8-4efa-a0d7-3d08ab4d48f3@group-4822F4F6F8F9-LeaderElection58] INFO  server.RaftServerConfigKeys (ConfUtils.java:logGet(43)) - raft.server.rpc.request.timeout = 3000ms (default)
2019-10-02 00:13:23,111 [ac816572-adb8-4efa-a0d7-3d08ab4d48f3@group-4822F4F6F8F9-LeaderElection58] INFO  server.RaftServerConfigKeys (ConfUtils.java:logGet(43)) - raft.server.log.appender.install.snapshot.enabled = false (custom)
2019-10-02 00:13:23,111 [ac816572-adb8-4efa-a0d7-3d08ab4d48f3@group-4822F4F6F8F9-LeaderElection58] INFO  server.RaftServerConfigKeys (ConfUtils.java:logGet(43)) - raft.server.log.appender.snapshot.chunk.size.max = 16MB (=16777216) (default)
2019-10-02 00:13:23,111 [ac816572-adb8-4efa-a0d7-3d08ab4d48f3@group-4822F4F6F8F9-LeaderElection58] INFO  server.RaftServerConfigKeys (ConfUtils.java:logGet(43)) - raft.server.log.appender.buffer.byte-limit = 33554432 (custom)
2019-10-02 00:13:23,111 [ac816572-adb8-4efa-a0d7-3d08ab4d48f3@group-4822F4F6F8F9-LeaderElection58] INFO  server.RaftServerConfigKeys (ConfUtils.java:logGet(43)) - raft.server.log.appender.buffer.element-limit = 1 (custom)
2019-10-02 00:13:23,111 [ac816572-adb8-4efa-a0d7-3d08ab4d48f3@group-4822F4F6F8F9-LeaderElection58] INFO  grpc.GrpcConfigKeys$Server (ConfUtils.java:logGet(43)) - raft.grpc.server.leader.outstanding.appends.max = 128 (default)
2019-10-02 00:13:23,111 [ac816572-adb8-4efa-a0d7-3d08ab4d48f3@group-4822F4F6F8F9-LeaderElection58] INFO  server.RaftServerConfigKeys (ConfUtils.java:logGet(43)) - raft.server.rpc.request.timeout = 3000ms (default)
2019-10-02 00:13:23,111 [ac816572-adb8-4efa-a0d7-3d08ab4d48f3@group-4822F4F6F8F9-LeaderElection58] INFO  server.RaftServerConfigKeys (ConfUtils.java:logGet(43)) - raft.server.log.appender.install.snapshot.enabled = false (custom)
2019-10-02 00:13:23,112 [ac816572-adb8-4efa-a0d7-3d08ab4d48f3@group-4822F4F6F8F9-LeaderElection58] INFO  impl.RoleInfo (RoleInfo.java:updateAndGet(143)) - ac816572-adb8-4efa-a0d7-3d08ab4d48f3: start LeaderState
2019-10-02 00:13:23,112 [ac816572-adb8-4efa-a0d7-3d08ab4d48f3@group-4822F4F6F8F9-LeaderElection58] INFO  segmented.SegmentedRaftLogWorker (SegmentedRaftLogWorker.java:startLogSegment(385)) - ac816572-adb8-4efa-a0d7-3d08ab4d48f3@group-4822F4F6F8F9-SegmentedRaftLogWorker: Starting segment from index:0
2019-10-02 00:13:23,113 [grpc-default-executor-5] INFO  impl.RaftServerImpl (RaftServerImpl.java:setRole(170)) - 273bd3ba-db52-4655-bbb8-1c2df5793e49@group-4822F4F6F8F9: changes role from  FOLLOWER to FOLLOWER at term 2 for recognizeCandidate:b2ccb09c-659d-4cb0-92b9-3179ded62f29
2019-10-02 00:13:23,149 [grpc-default-executor-5] INFO  impl.RoleInfo (RoleInfo.java:shutdownFollowerState(121)) - 273bd3ba-db52-4655-bbb8-1c2df5793e49: shutdown FollowerState
2019-10-02 00:13:23,113 [ac816572-adb8-4efa-a0d7-3d08ab4d48f3@group-4822F4F6F8F9-LeaderElection58] INFO  impl.RaftServerImpl (ServerState.java:setRaftConf(356)) - ac816572-adb8-4efa-a0d7-3d08ab4d48f3@group-4822F4F6F8F9: set configuration 0: [273bd3ba-db52-4655-bbb8-1c2df5793e49:192.168.30.63:39351, ac816572-adb8-4efa-a0d7-3d08ab4d48f3:192.168.30.63:43796, b2ccb09c-659d-4cb0-92b9-3179ded62f29:192.168.30.63:41168], old=null at 0
2019-10-02 00:13:23,149 [Thread-2940] INFO  impl.FollowerState (FollowerState.java:run(117)) - 273bd3ba-db52-4655-bbb8-1c2df5793e49@group-4822F4F6F8F9-FollowerState was interrupted: java.lang.InterruptedException: sleep interrupted
2019-10-02 00:13:23,149 [grpc-default-executor-5] INFO  impl.RoleInfo (RoleInfo.java:updateAndGet(143)) - 273bd3ba-db52-4655-bbb8-1c2df5793e49: start FollowerState
2019-10-02 00:13:23,152 [grpc-default-executor-10] INFO  impl.RaftServerImpl (ServerState.java:setLeader(255)) - ac816572-adb8-4efa-a0d7-3d08ab4d48f3@group-4822F4F6F8F9: change Leader from ac816572-adb8-4efa-a0d7-3d08ab4d48f3 to null at term 2 for updateCurrentTerm
2019-10-02 00:13:23,156 [grpc-default-executor-10] INFO  impl.RaftServerImpl (RaftServerImpl.java:setRole(170)) - ac816572-adb8-4efa-a0d7-3d08ab4d48f3@group-4822F4F6F8F9: changes role from    LEADER to FOLLOWER at term 2 for recognizeCandidate:b2ccb09c-659d-4cb0-92b9-3179ded62f29
2019-10-02 00:13:23,156 [grpc-default-executor-10] INFO  impl.RoleInfo (RoleInfo.java:shutdownLeaderState(104)) - ac816572-adb8-4efa-a0d7-3d08ab4d48f3: shutdown LeaderState
2019-10-02 00:13:23,160 [grpc-default-executor-10] INFO  impl.PendingRequests (PendingRequests.java:sendNotLeaderResponses(202)) - ac816572-adb8-4efa-a0d7-3d08ab4d48f3@group-4822F4F6F8F9-PendingRequests: sendNotLeaderResponses
2019-10-02 00:13:23,161 [org.apache.ratis.server.impl.LogAppender$AppenderDaemon$$Lambda$506/1310291072@45d25fae] WARN  server.GrpcLogAppender (GrpcLogAppender.java:mayWait(143)) - ac816572-adb8-4efa-a0d7-3d08ab4d48f3@group-4822F4F6F8F9->273bd3ba-db52-4655-bbb8-1c2df5793e49-GrpcLogAppender: Wait interrupted by java.lang.InterruptedException
2019-10-02 00:13:23,161 [org.apache.ratis.server.impl.LogAppender$AppenderDaemon$$Lambda$506/1310291072@ae0100e] WARN  server.GrpcLogAppender (GrpcLogAppender.java:mayWait(143)) - ac816572-adb8-4efa-a0d7-3d08ab4d48f3@group-4822F4F6F8F9->b2ccb09c-659d-4cb0-92b9-3179ded62f29-GrpcLogAppender: Wait interrupted by java.lang.InterruptedException
2019-10-02 00:13:23,161 [grpc-default-executor-10] INFO  impl.RoleInfo (RoleInfo.java:updateAndGet(143)) - ac816572-adb8-4efa-a0d7-3d08ab4d48f3: start FollowerState
2019-10-02 00:13:23,164 [grpc-default-executor-9] INFO  server.GrpcServerProtocolService (GrpcServerProtocolService.java:onCompleted(113)) - b2ccb09c-659d-4cb0-92b9-3179ded62f29: Completed APPEND_ENTRIES, lastRequest: null
2019-10-02 00:13:23,165 [grpc-default-executor-9] INFO  server.GrpcLogAppender (GrpcLogAppender.java:onCompleted(293)) - ac816572-adb8-4efa-a0d7-3d08ab4d48f3@group-4822F4F6F8F9->b2ccb09c-659d-4cb0-92b9-3179ded62f29-AppendLogResponseHandler: follower responses appendEntries COMPLETED
2019-10-02 00:13:23,165 [grpc-default-executor-9] INFO  impl.FollowerInfo (FollowerInfo.java:lambda$new$0(51)) - ac816572-adb8-4efa-a0d7-3d08ab4d48f3@group-4822F4F6F8F9->b2ccb09c-659d-4cb0-92b9-3179ded62f29: nextIndex: updateUnconditionally 0 -> 0
2019-10-02 00:13:23,175 [ac816572-adb8-4efa-a0d7-3d08ab4d48f3@group-4822F4F6F8F9-SegmentedRaftLogWorker] INFO  segmented.SegmentedRaftLogWorker (SegmentedRaftLogWorker.java:execute(574)) - ac816572-adb8-4efa-a0d7-3d08ab4d48f3@group-4822F4F6F8F9-SegmentedRaftLogWorker: created new log segment /workdir/hadoop-ozone/integration-test/target/test-dir/MiniOzoneClusterImpl-dde0f8af-4bf9-42cc-be8d-7f937630f525/datanode-4/data/ratis/ede7d205-12e0-4237-b6fa-4822f4f6f8f9/current/log_inprogress_0
2019-10-02 00:13:23,192 [grpc-default-executor-6] INFO  server.GrpcServerProtocolService (GrpcServerProtocolService.java:onCompleted(113)) - 273bd3ba-db52-4655-bbb8-1c2df5793e49: Completed APPEND_ENTRIES, lastRequest: ac816572-adb8-4efa-a0d7-3d08ab4d48f3->273bd3ba-db52-4655-bbb8-1c2df5793e49#0-t1, previous=(t:0, i:0), leaderCommit=-1, initializing? false, entries: <empty>
2019-10-02 00:13:23,193 [grpc-default-executor-5] INFO  server.GrpcLogAppender (GrpcLogAppender.java:onCompleted(293)) - ac816572-adb8-4efa-a0d7-3d08ab4d48f3@group-4822F4F6F8F9->273bd3ba-db52-4655-bbb8-1c2df5793e49-AppendLogResponseHandler: follower responses appendEntries COMPLETED
2019-10-02 00:13:23,193 [grpc-default-executor-5] INFO  impl.FollowerInfo (FollowerInfo.java:lambda$new$0(51)) - ac816572-adb8-4efa-a0d7-3d08ab4d48f3@group-4822F4F6F8F9->273bd3ba-db52-4655-bbb8-1c2df5793e49: nextIndex: updateUnconditionally 0 -> 0
2019-10-02 00:13:23,221 [Thread-2905] INFO  impl.FollowerState (FollowerState.java:run(108)) - 5aed1388-c721-48a9-bd34-106b73a27ca6@group-0E9F5E39BA6E-FollowerState: change to CANDIDATE, lastRpcTime:5164ms, electionTimeout:5164ms
2019-10-02 00:13:23,221 [Thread-2905] INFO  impl.RoleInfo (RoleInfo.java:shutdownFollowerState(121)) - 5aed1388-c721-48a9-bd34-106b73a27ca6: shutdown FollowerState
2019-10-02 00:13:23,221 [Thread-2905] INFO  impl.RaftServerImpl (RaftServerImpl.java:setRole(170)) - 5aed1388-c721-48a9-bd34-106b73a27ca6@group-0E9F5E39BA6E: changes role from  FOLLOWER to CANDIDATE at term 0 for changeToCandidate
2019-10-02 00:13:23,221 [Thread-2905] INFO  impl.RoleInfo (RoleInfo.java:updateAndGet(143)) - 5aed1388-c721-48a9-bd34-106b73a27ca6: start LeaderElection
2019-10-02 00:13:23,236 [Thread-2902] INFO  impl.FollowerState (FollowerState.java:run(108)) - 4db5ec50-aaae-4c5e-b67c-a912007a418d@group-0E9F5E39BA6E-FollowerState: change to CANDIDATE, lastRpcTime:5183ms, electionTimeout:5183ms
2019-10-02 00:13:23,236 [Thread-2902] INFO  impl.RoleInfo (RoleInfo.java:shutdownFollowerState(121)) - 4db5ec50-aaae-4c5e-b67c-a912007a418d: shutdown FollowerState
2019-10-02 00:13:23,236 [Thread-2902] INFO  impl.RaftServerImpl (RaftServerImpl.java:setRole(170)) - 4db5ec50-aaae-4c5e-b67c-a912007a418d@group-0E9F5E39BA6E: changes role from  FOLLOWER to CANDIDATE at term 0 for changeToCandidate
2019-10-02 00:13:23,236 [Thread-2902] INFO  impl.RoleInfo (RoleInfo.java:updateAndGet(143)) - 4db5ec50-aaae-4c5e-b67c-a912007a418d: start LeaderElection
2019-10-02 00:13:23,252 [5aed1388-c721-48a9-bd34-106b73a27ca6@group-0E9F5E39BA6E-LeaderElection61] INFO  impl.LeaderElection (LeaderElection.java:askForVotes(178)) - 5aed1388-c721-48a9-bd34-106b73a27ca6@group-0E9F5E39BA6E-LeaderElection61: begin an election at term 1 for -1: [4db5ec50-aaae-4c5e-b67c-a912007a418d:192.168.30.63:46233, a63184a2-e924-4873-b8f1-68ec2fadd2e2:192.168.30.63:46821, 5aed1388-c721-48a9-bd34-106b73a27ca6:192.168.30.63:35892], old=null
2019-10-02 00:13:23,253 [Thread-2904] INFO  impl.FollowerState (FollowerState.java:run(108)) - a63184a2-e924-4873-b8f1-68ec2fadd2e2@group-0E9F5E39BA6E-FollowerState: change to CANDIDATE, lastRpcTime:5198ms, electionTimeout:5198ms
2019-10-02 00:13:23,253 [Thread-2904] INFO  impl.RoleInfo (RoleInfo.java:shutdownFollowerState(121)) - a63184a2-e924-4873-b8f1-68ec2fadd2e2: shutdown FollowerState
2019-10-02 00:13:23,253 [Thread-2904] INFO  impl.RaftServerImpl (RaftServerImpl.java:setRole(170)) - a63184a2-e924-4873-b8f1-68ec2fadd2e2@group-0E9F5E39BA6E: changes role from  FOLLOWER to CANDIDATE at term 0 for changeToCandidate
2019-10-02 00:13:23,254 [Thread-2904] INFO  impl.RoleInfo (RoleInfo.java:updateAndGet(143)) - a63184a2-e924-4873-b8f1-68ec2fadd2e2: start LeaderElection
2019-10-02 00:13:23,269 [4db5ec50-aaae-4c5e-b67c-a912007a418d@group-0E9F5E39BA6E-LeaderElection62] INFO  impl.LeaderElection (LeaderElection.java:askForVotes(178)) - 4db5ec50-aaae-4c5e-b67c-a912007a418d@group-0E9F5E39BA6E-LeaderElection62: begin an election at term 1 for -1: [4db5ec50-aaae-4c5e-b67c-a912007a418d:192.168.30.63:46233, a63184a2-e924-4873-b8f1-68ec2fadd2e2:192.168.30.63:46821, 5aed1388-c721-48a9-bd34-106b73a27ca6:192.168.30.63:35892], old=null
2019-10-02 00:13:23,286 [a63184a2-e924-4873-b8f1-68ec2fadd2e2@group-0E9F5E39BA6E-LeaderElection63] INFO  impl.LeaderElection (LeaderElection.java:askForVotes(178)) - a63184a2-e924-4873-b8f1-68ec2fadd2e2@group-0E9F5E39BA6E-LeaderElection63: begin an election at term 1 for -1: [4db5ec50-aaae-4c5e-b67c-a912007a418d:192.168.30.63:46233, a63184a2-e924-4873-b8f1-68ec2fadd2e2:192.168.30.63:46821, 5aed1388-c721-48a9-bd34-106b73a27ca6:192.168.30.63:35892], old=null
2019-10-02 00:13:23,286 [4db5ec50-aaae-4c5e-b67c-a912007a418d@group-0E9F5E39BA6E-LeaderElection62] INFO  impl.LeaderElection (LeaderElection.java:logAndReturn(56)) - 4db5ec50-aaae-4c5e-b67c-a912007a418d@group-0E9F5E39BA6E-LeaderElection62: Election REJECTED; received 2 response(s) [4db5ec50-aaae-4c5e-b67c-a912007a418d<-a63184a2-e924-4873-b8f1-68ec2fadd2e2#0:FAIL-t1, 4db5ec50-aaae-4c5e-b67c-a912007a418d<-5aed1388-c721-48a9-bd34-106b73a27ca6#0:FAIL-t1] and 0 exception(s); 4db5ec50-aaae-4c5e-b67c-a912007a418d@group-0E9F5E39BA6E:t1, leader=null, voted=4db5ec50-aaae-4c5e-b67c-a912007a418d, raftlog=4db5ec50-aaae-4c5e-b67c-a912007a418d@group-0E9F5E39BA6E-SegmentedRaftLog:OPENED:c-1,f-1,i0, conf=-1: [4db5ec50-aaae-4c5e-b67c-a912007a418d:192.168.30.63:46233, a63184a2-e924-4873-b8f1-68ec2fadd2e2:192.168.30.63:46821, 5aed1388-c721-48a9-bd34-106b73a27ca6:192.168.30.63:35892], old=null
2019-10-02 00:13:23,287 [5aed1388-c721-48a9-bd34-106b73a27ca6@group-0E9F5E39BA6E-LeaderElection61] INFO  impl.LeaderElection (LeaderElection.java:logAndReturn(56)) - 5aed1388-c721-48a9-bd34-106b73a27ca6@group-0E9F5E39BA6E-LeaderElection61: Election REJECTED; received 2 response(s) [5aed1388-c721-48a9-bd34-106b73a27ca6<-4db5ec50-aaae-4c5e-b67c-a912007a418d#0:FAIL-t1, 5aed1388-c721-48a9-bd34-106b73a27ca6<-a63184a2-e924-4873-b8f1-68ec2fadd2e2#0:FAIL-t1] and 0 exception(s); 5aed1388-c721-48a9-bd34-106b73a27ca6@group-0E9F5E39BA6E:t1, leader=null, voted=5aed1388-c721-48a9-bd34-106b73a27ca6, raftlog=5aed1388-c721-48a9-bd34-106b73a27ca6@group-0E9F5E39BA6E-SegmentedRaftLog:OPENED:c-1,f-1,i0, conf=-1: [4db5ec50-aaae-4c5e-b67c-a912007a418d:192.168.30.63:46233, a63184a2-e924-4873-b8f1-68ec2fadd2e2:192.168.30.63:46821, 5aed1388-c721-48a9-bd34-106b73a27ca6:192.168.30.63:35892], old=null
2019-10-02 00:13:23,287 [4db5ec50-aaae-4c5e-b67c-a912007a418d@group-0E9F5E39BA6E-LeaderElection62] INFO  impl.RaftServerImpl (RaftServerImpl.java:setRole(170)) - 4db5ec50-aaae-4c5e-b67c-a912007a418d@group-0E9F5E39BA6E: changes role from CANDIDATE to FOLLOWER at term 1 for DISCOVERED_A_NEW_TERM
2019-10-02 00:13:23,290 [4db5ec50-aaae-4c5e-b67c-a912007a418d@group-0E9F5E39BA6E-LeaderElection62] INFO  impl.RoleInfo (RoleInfo.java:shutdownLeaderElection(134)) - 4db5ec50-aaae-4c5e-b67c-a912007a418d: shutdown LeaderElection
2019-10-02 00:13:23,287 [5aed1388-c721-48a9-bd34-106b73a27ca6@group-0E9F5E39BA6E-LeaderElection61] INFO  impl.RaftServerImpl (RaftServerImpl.java:setRole(170)) - 5aed1388-c721-48a9-bd34-106b73a27ca6@group-0E9F5E39BA6E: changes role from CANDIDATE to FOLLOWER at term 1 for DISCOVERED_A_NEW_TERM
2019-10-02 00:13:23,292 [5aed1388-c721-48a9-bd34-106b73a27ca6@group-0E9F5E39BA6E-LeaderElection61] INFO  impl.RoleInfo (RoleInfo.java:shutdownLeaderElection(134)) - 5aed1388-c721-48a9-bd34-106b73a27ca6: shutdown LeaderElection
2019-10-02 00:13:23,292 [4db5ec50-aaae-4c5e-b67c-a912007a418d@group-0E9F5E39BA6E-LeaderElection62] INFO  impl.RoleInfo (RoleInfo.java:updateAndGet(143)) - 4db5ec50-aaae-4c5e-b67c-a912007a418d: start FollowerState
2019-10-02 00:13:23,292 [5aed1388-c721-48a9-bd34-106b73a27ca6@group-0E9F5E39BA6E-LeaderElection61] INFO  impl.RoleInfo (RoleInfo.java:updateAndGet(143)) - 5aed1388-c721-48a9-bd34-106b73a27ca6: start FollowerState
2019-10-02 00:13:23,295 [a63184a2-e924-4873-b8f1-68ec2fadd2e2@group-0E9F5E39BA6E-LeaderElection63] INFO  impl.LeaderElection (LeaderElection.java:logAndReturn(56)) - a63184a2-e924-4873-b8f1-68ec2fadd2e2@group-0E9F5E39BA6E-LeaderElection63: Election REJECTED; received 2 response(s) [a63184a2-e924-4873-b8f1-68ec2fadd2e2<-4db5ec50-aaae-4c5e-b67c-a912007a418d#0:FAIL-t1, a63184a2-e924-4873-b8f1-68ec2fadd2e2<-5aed1388-c721-48a9-bd34-106b73a27ca6#0:FAIL-t1] and 0 exception(s); a63184a2-e924-4873-b8f1-68ec2fadd2e2@group-0E9F5E39BA6E:t1, leader=null, voted=a63184a2-e924-4873-b8f1-68ec2fadd2e2, raftlog=a63184a2-e924-4873-b8f1-68ec2fadd2e2@group-0E9F5E39BA6E-SegmentedRaftLog:OPENED:c-1,f-1,i0, conf=-1: [4db5ec50-aaae-4c5e-b67c-a912007a418d:192.168.30.63:46233, a63184a2-e924-4873-b8f1-68ec2fadd2e2:192.168.30.63:46821, 5aed1388-c721-48a9-bd34-106b73a27ca6:192.168.30.63:35892], old=null
2019-10-02 00:13:23,295 [a63184a2-e924-4873-b8f1-68ec2fadd2e2@group-0E9F5E39BA6E-LeaderElection63] INFO  impl.RaftServerImpl (RaftServerImpl.java:setRole(170)) - a63184a2-e924-4873-b8f1-68ec2fadd2e2@group-0E9F5E39BA6E: changes role from CANDIDATE to FOLLOWER at term 1 for DISCOVERED_A_NEW_TERM
2019-10-02 00:13:23,295 [a63184a2-e924-4873-b8f1-68ec2fadd2e2@group-0E9F5E39BA6E-LeaderElection63] INFO  impl.RoleInfo (RoleInfo.java:shutdownLeaderElection(134)) - a63184a2-e924-4873-b8f1-68ec2fadd2e2: shutdown LeaderElection
2019-10-02 00:13:23,295 [a63184a2-e924-4873-b8f1-68ec2fadd2e2@group-0E9F5E39BA6E-LeaderElection63] INFO  impl.RoleInfo (RoleInfo.java:updateAndGet(143)) - a63184a2-e924-4873-b8f1-68ec2fadd2e2: start FollowerState
2019-10-02 00:13:28,108 [Thread-2941] INFO  impl.FollowerState (FollowerState.java:run(108)) - b2ccb09c-659d-4cb0-92b9-3179ded62f29@group-4822F4F6F8F9-FollowerState: change to CANDIDATE, lastRpcTime:5087ms, electionTimeout:5087ms
2019-10-02 00:13:28,111 [Thread-2941] INFO  impl.RoleInfo (RoleInfo.java:shutdownFollowerState(121)) - b2ccb09c-659d-4cb0-92b9-3179ded62f29: shutdown FollowerState
2019-10-02 00:13:28,111 [Thread-2941] INFO  impl.RaftServerImpl (RaftServerImpl.java:setRole(170)) - b2ccb09c-659d-4cb0-92b9-3179ded62f29@group-4822F4F6F8F9: changes role from  FOLLOWER to CANDIDATE at term 2 for changeToCandidate
2019-10-02 00:13:28,112 [Thread-2941] INFO  impl.RoleInfo (RoleInfo.java:updateAndGet(143)) - b2ccb09c-659d-4cb0-92b9-3179ded62f29: start LeaderElection
2019-10-02 00:13:28,153 [b2ccb09c-659d-4cb0-92b9-3179ded62f29@group-4822F4F6F8F9-LeaderElection64] INFO  impl.LeaderElection (LeaderElection.java:askForVotes(178)) - b2ccb09c-659d-4cb0-92b9-3179ded62f29@group-4822F4F6F8F9-LeaderElection64: begin an election at term 3 for -1: [273bd3ba-db52-4655-bbb8-1c2df5793e49:192.168.30.63:39351, ac816572-adb8-4efa-a0d7-3d08ab4d48f3:192.168.30.63:43796, b2ccb09c-659d-4cb0-92b9-3179ded62f29:192.168.30.63:41168], old=null
2019-10-02 00:13:28,157 [grpc-default-executor-5] INFO  impl.RaftServerImpl (RaftServerImpl.java:setRole(170)) - ac816572-adb8-4efa-a0d7-3d08ab4d48f3@group-4822F4F6F8F9: changes role from  FOLLOWER to FOLLOWER at term 3 for recognizeCandidate:b2ccb09c-659d-4cb0-92b9-3179ded62f29
2019-10-02 00:13:28,160 [grpc-default-executor-6] INFO  impl.RaftServerImpl (RaftServerImpl.java:setRole(170)) - 273bd3ba-db52-4655-bbb8-1c2df5793e49@group-4822F4F6F8F9: changes role from  FOLLOWER to FOLLOWER at term 3 for recognizeCandidate:b2ccb09c-659d-4cb0-92b9-3179ded62f29
2019-10-02 00:13:28,160 [grpc-default-executor-5] INFO  impl.RoleInfo (RoleInfo.java:shutdownFollowerState(121)) - ac816572-adb8-4efa-a0d7-3d08ab4d48f3: shutdown FollowerState
2019-10-02 00:13:28,160 [grpc-default-executor-6] INFO  impl.RoleInfo (RoleInfo.java:shutdownFollowerState(121)) - 273bd3ba-db52-4655-bbb8-1c2df5793e49: shutdown FollowerState
2019-10-02 00:13:28,161 [Thread-2950] INFO  impl.FollowerState (FollowerState.java:run(117)) - ac816572-adb8-4efa-a0d7-3d08ab4d48f3@group-4822F4F6F8F9-FollowerState was interrupted: java.lang.InterruptedException: sleep interrupted
2019-10-02 00:13:28,161 [grpc-default-executor-5] INFO  impl.RoleInfo (RoleInfo.java:updateAndGet(143)) - ac816572-adb8-4efa-a0d7-3d08ab4d48f3: start FollowerState
2019-10-02 00:13:28,163 [Thread-2948] INFO  impl.FollowerState (FollowerState.java:run(117)) - 273bd3ba-db52-4655-bbb8-1c2df5793e49@group-4822F4F6F8F9-FollowerState was interrupted: java.lang.InterruptedException: sleep interrupted
2019-10-02 00:13:28,161 [grpc-default-executor-6] INFO  impl.RoleInfo (RoleInfo.java:updateAndGet(143)) - 273bd3ba-db52-4655-bbb8-1c2df5793e49: start FollowerState
2019-10-02 00:13:28,188 [b2ccb09c-659d-4cb0-92b9-3179ded62f29@group-4822F4F6F8F9-LeaderElection64] INFO  impl.LeaderElection (LeaderElection.java:logAndReturn(56)) - b2ccb09c-659d-4cb0-92b9-3179ded62f29@group-4822F4F6F8F9-LeaderElection64: Election PASSED; received 1 response(s) [b2ccb09c-659d-4cb0-92b9-3179ded62f29<-273bd3ba-db52-4655-bbb8-1c2df5793e49#0:OK-t3] and 0 exception(s); b2ccb09c-659d-4cb0-92b9-3179ded62f29@group-4822F4F6F8F9:t3, leader=null, voted=b2ccb09c-659d-4cb0-92b9-3179ded62f29, raftlog=b2ccb09c-659d-4cb0-92b9-3179ded62f29@group-4822F4F6F8F9-SegmentedRaftLog:OPENED:c-1,f-1,i0, conf=-1: [273bd3ba-db52-4655-bbb8-1c2df5793e49:192.168.30.63:39351, ac816572-adb8-4efa-a0d7-3d08ab4d48f3:192.168.30.63:43796, b2ccb09c-659d-4cb0-92b9-3179ded62f29:192.168.30.63:41168], old=null
2019-10-02 00:13:28,188 [b2ccb09c-659d-4cb0-92b9-3179ded62f29@group-4822F4F6F8F9-LeaderElection64] INFO  impl.RoleInfo (RoleInfo.java:shutdownLeaderElection(134)) - b2ccb09c-659d-4cb0-92b9-3179ded62f29: shutdown LeaderElection
2019-10-02 00:13:28,189 [b2ccb09c-659d-4cb0-92b9-3179ded62f29@group-4822F4F6F8F9-LeaderElection64] INFO  impl.RaftServerImpl (RaftServerImpl.java:setRole(170)) - b2ccb09c-659d-4cb0-92b9-3179ded62f29@group-4822F4F6F8F9: changes role from CANDIDATE to LEADER at term 3 for changeToLeader
2019-10-02 00:13:28,189 [b2ccb09c-659d-4cb0-92b9-3179ded62f29@group-4822F4F6F8F9-LeaderElection64] INFO  impl.RaftServerImpl (ServerState.java:setLeader(255)) - b2ccb09c-659d-4cb0-92b9-3179ded62f29@group-4822F4F6F8F9: change Leader from null to b2ccb09c-659d-4cb0-92b9-3179ded62f29 at term 3 for becomeLeader, leader elected after 10228ms
2019-10-02 00:13:28,189 [b2ccb09c-659d-4cb0-92b9-3179ded62f29@group-4822F4F6F8F9-LeaderElection64] INFO  server.RaftServerConfigKeys (ConfUtils.java:logGet(43)) - raft.server.staging.catchup.gap = 1000 (default)
2019-10-02 00:13:28,190 [b2ccb09c-659d-4cb0-92b9-3179ded62f29@group-4822F4F6F8F9-LeaderElection64] INFO  server.RaftServerConfigKeys (ConfUtils.java:logGet(43)) - raft.server.rpc.sleep.time = 25ms (default)
2019-10-02 00:13:28,190 [b2ccb09c-659d-4cb0-92b9-3179ded62f29@group-4822F4F6F8F9-LeaderElection64] INFO  server.RaftServerConfigKeys (ConfUtils.java:logGet(43)) - raft.server.write.element-limit = 4096 (default)
2019-10-02 00:13:28,190 [b2ccb09c-659d-4cb0-92b9-3179ded62f29@group-4822F4F6F8F9-LeaderElection64] INFO  server.RaftServerConfigKeys (ConfUtils.java:logGet(43)) - raft.server.watch.timeout = 10s (default)
2019-10-02 00:13:28,191 [b2ccb09c-659d-4cb0-92b9-3179ded62f29@group-4822F4F6F8F9-LeaderElection64] INFO  server.RaftServerConfigKeys (ConfUtils.java:logGet(43)) - raft.server.watch.timeout.denomination = 1s (default)
2019-10-02 00:13:28,191 [b2ccb09c-659d-4cb0-92b9-3179ded62f29@group-4822F4F6F8F9-LeaderElection64] INFO  server.RaftServerConfigKeys (ConfUtils.java:logGet(43)) - raft.server.watch.element-limit = 65536 (default)
2019-10-02 00:13:28,196 [b2ccb09c-659d-4cb0-92b9-3179ded62f29@group-4822F4F6F8F9-LeaderElection64] INFO  server.RaftServerConfigKeys (ConfUtils.java:logGet(43)) - raft.server.log.appender.snapshot.chunk.size.max = 16MB (=16777216) (default)
2019-10-02 00:13:28,197 [b2ccb09c-659d-4cb0-92b9-3179ded62f29@group-4822F4F6F8F9-LeaderElection64] INFO  server.RaftServerConfigKeys (ConfUtils.java:logGet(43)) - raft.server.log.appender.buffer.byte-limit = 33554432 (custom)
2019-10-02 00:13:28,197 [b2ccb09c-659d-4cb0-92b9-3179ded62f29@group-4822F4F6F8F9-LeaderElection64] INFO  server.RaftServerConfigKeys (ConfUtils.java:logGet(43)) - raft.server.log.appender.buffer.element-limit = 1 (custom)
2019-10-02 00:13:28,197 [b2ccb09c-659d-4cb0-92b9-3179ded62f29@group-4822F4F6F8F9-LeaderElection64] INFO  grpc.GrpcConfigKeys$Server (ConfUtils.java:logGet(43)) - raft.grpc.server.leader.outstanding.appends.max = 128 (default)
2019-10-02 00:13:28,197 [b2ccb09c-659d-4cb0-92b9-3179ded62f29@group-4822F4F6F8F9-LeaderElection64] INFO  server.RaftServerConfigKeys (ConfUtils.java:logGet(43)) - raft.server.rpc.request.timeout = 3000ms (default)
2019-10-02 00:13:28,198 [b2ccb09c-659d-4cb0-92b9-3179ded62f29@group-4822F4F6F8F9-LeaderElection64] INFO  server.RaftServerConfigKeys (ConfUtils.java:logGet(43)) - raft.server.log.appender.install.snapshot.enabled = false (custom)
2019-10-02 00:13:28,198 [b2ccb09c-659d-4cb0-92b9-3179ded62f29@group-4822F4F6F8F9-LeaderElection64] INFO  server.RaftServerConfigKeys (ConfUtils.java:logGet(43)) - raft.server.log.appender.snapshot.chunk.size.max = 16MB (=16777216) (default)
2019-10-02 00:13:28,198 [b2ccb09c-659d-4cb0-92b9-3179ded62f29@group-4822F4F6F8F9-LeaderElection64] INFO  server.RaftServerConfigKeys (ConfUtils.java:logGet(43)) - raft.server.log.appender.buffer.byte-limit = 33554432 (custom)
2019-10-02 00:13:28,198 [b2ccb09c-659d-4cb0-92b9-3179ded62f29@group-4822F4F6F8F9-LeaderElection64] INFO  server.RaftServerConfigKeys (ConfUtils.java:logGet(43)) - raft.server.log.appender.buffer.element-limit = 1 (custom)
2019-10-02 00:13:28,198 [b2ccb09c-659d-4cb0-92b9-3179ded62f29@group-4822F4F6F8F9-LeaderElection64] INFO  grpc.GrpcConfigKeys$Server (ConfUtils.java:logGet(43)) - raft.grpc.server.leader.outstanding.appends.max = 128 (default)
2019-10-02 00:13:28,198 [b2ccb09c-659d-4cb0-92b9-3179ded62f29@group-4822F4F6F8F9-LeaderElection64] INFO  server.RaftServerConfigKeys (ConfUtils.java:logGet(43)) - raft.server.rpc.request.timeout = 3000ms (default)
2019-10-02 00:13:28,199 [b2ccb09c-659d-4cb0-92b9-3179ded62f29@group-4822F4F6F8F9-LeaderElection64] INFO  server.RaftServerConfigKeys (ConfUtils.java:logGet(43)) - raft.server.log.appender.install.snapshot.enabled = false (custom)
2019-10-02 00:13:28,199 [b2ccb09c-659d-4cb0-92b9-3179ded62f29@group-4822F4F6F8F9-LeaderElection64] INFO  impl.RoleInfo (RoleInfo.java:updateAndGet(143)) - b2ccb09c-659d-4cb0-92b9-3179ded62f29: start LeaderState
2019-10-02 00:13:28,200 [b2ccb09c-659d-4cb0-92b9-3179ded62f29@group-4822F4F6F8F9-LeaderElection64] INFO  segmented.SegmentedRaftLogWorker (SegmentedRaftLogWorker.java:startLogSegment(385)) - b2ccb09c-659d-4cb0-92b9-3179ded62f29@group-4822F4F6F8F9-SegmentedRaftLogWorker: Starting segment from index:0
2019-10-02 00:13:28,226 [b2ccb09c-659d-4cb0-92b9-3179ded62f29@group-4822F4F6F8F9-LeaderElection64] INFO  impl.RaftServerImpl (ServerState.java:setRaftConf(356)) - b2ccb09c-659d-4cb0-92b9-3179ded62f29@group-4822F4F6F8F9: set configuration 0: [273bd3ba-db52-4655-bbb8-1c2df5793e49:192.168.30.63:39351, ac816572-adb8-4efa-a0d7-3d08ab4d48f3:192.168.30.63:43796, b2ccb09c-659d-4cb0-92b9-3179ded62f29:192.168.30.63:41168], old=null at 0
2019-10-02 00:13:28,228 [grpc-default-executor-5] INFO  impl.RaftServerImpl (ServerState.java:setLeader(255)) - 273bd3ba-db52-4655-bbb8-1c2df5793e49@group-4822F4F6F8F9: change Leader from null to b2ccb09c-659d-4cb0-92b9-3179ded62f29 at term 3 for appendEntries, leader elected after 10267ms
2019-10-02 00:13:28,228 [grpc-default-executor-6] INFO  impl.RaftServerImpl (ServerState.java:setLeader(255)) - ac816572-adb8-4efa-a0d7-3d08ab4d48f3@group-4822F4F6F8F9: change Leader from null to b2ccb09c-659d-4cb0-92b9-3179ded62f29 at term 3 for appendEntries, leader elected after 5075ms
2019-10-02 00:13:28,232 [grpc-default-executor-5] INFO  impl.RaftServerImpl (ServerState.java:setRaftConf(356)) - 273bd3ba-db52-4655-bbb8-1c2df5793e49@group-4822F4F6F8F9: set configuration 0: [273bd3ba-db52-4655-bbb8-1c2df5793e49:192.168.30.63:39351, ac816572-adb8-4efa-a0d7-3d08ab4d48f3:192.168.30.63:43796, b2ccb09c-659d-4cb0-92b9-3179ded62f29:192.168.30.63:41168], old=null at 0
2019-10-02 00:13:28,232 [grpc-default-executor-5] INFO  segmented.SegmentedRaftLogWorker (SegmentedRaftLogWorker.java:startLogSegment(385)) - 273bd3ba-db52-4655-bbb8-1c2df5793e49@group-4822F4F6F8F9-SegmentedRaftLogWorker: Starting segment from index:0
2019-10-02 00:13:28,254 [b2ccb09c-659d-4cb0-92b9-3179ded62f29@group-4822F4F6F8F9-SegmentedRaftLogWorker] INFO  segmented.SegmentedRaftLogWorker (SegmentedRaftLogWorker.java:execute(574)) - b2ccb09c-659d-4cb0-92b9-3179ded62f29@group-4822F4F6F8F9-SegmentedRaftLogWorker: created new log segment /workdir/hadoop-ozone/integration-test/target/test-dir/MiniOzoneClusterImpl-dde0f8af-4bf9-42cc-be8d-7f937630f525/datanode-3/data/ratis/ede7d205-12e0-4237-b6fa-4822f4f6f8f9/current/log_inprogress_0
2019-10-02 00:13:28,278 [grpc-default-executor-5] INFO  impl.RaftServerImpl (ServerState.java:setRaftConf(356)) - ac816572-adb8-4efa-a0d7-3d08ab4d48f3@group-4822F4F6F8F9: set configuration 0: [273bd3ba-db52-4655-bbb8-1c2df5793e49:192.168.30.63:39351, ac816572-adb8-4efa-a0d7-3d08ab4d48f3:192.168.30.63:43796, b2ccb09c-659d-4cb0-92b9-3179ded62f29:192.168.30.63:41168], old=null at 0
2019-10-02 00:13:28,281 [grpc-default-executor-5] INFO  segmented.SegmentedRaftLogWorker (SegmentedRaftLogWorker.java:truncate(401)) - ac816572-adb8-4efa-a0d7-3d08ab4d48f3@group-4822F4F6F8F9-SegmentedRaftLogWorker: Truncating segments toTruncate: null
  toDelete: [(0, 0) isOpen? true, length=0, newEndIndex=-1], start index 0
2019-10-02 00:13:28,282 [grpc-default-executor-5] INFO  segmented.SegmentedRaftLogWorker (SegmentedRaftLogWorker.java:startLogSegment(385)) - ac816572-adb8-4efa-a0d7-3d08ab4d48f3@group-4822F4F6F8F9-SegmentedRaftLogWorker: Starting segment from index:0
2019-10-02 00:13:28,283 [ac816572-adb8-4efa-a0d7-3d08ab4d48f3@group-4822F4F6F8F9-SegmentedRaftLogWorker] INFO  segmented.SegmentedRaftLogWorker (SegmentedRaftLogWorker.java:execute(638)) - ac816572-adb8-4efa-a0d7-3d08ab4d48f3@group-4822F4F6F8F9-SegmentedRaftLogWorker: Deleted log file /workdir/hadoop-ozone/integration-test/target/test-dir/MiniOzoneClusterImpl-dde0f8af-4bf9-42cc-be8d-7f937630f525/datanode-4/data/ratis/ede7d205-12e0-4237-b6fa-4822f4f6f8f9/current/log_inprogress_0
2019-10-02 00:13:28,283 [ac816572-adb8-4efa-a0d7-3d08ab4d48f3@group-4822F4F6F8F9-SegmentedRaftLogWorker] INFO  segmented.SegmentedRaftLogWorker (SegmentedRaftLogWorker.java:lambda$new$0(128)) - ac816572-adb8-4efa-a0d7-3d08ab4d48f3@group-4822F4F6F8F9-SegmentedRaftLogWorker: flushIndex: setUnconditionally 0 -> -1
2019-10-02 00:13:28,307 [Thread-2961] INFO  impl.FollowerState (FollowerState.java:run(108)) - 5aed1388-c721-48a9-bd34-106b73a27ca6@group-0E9F5E39BA6E-FollowerState: change to CANDIDATE, lastRpcTime:5014ms, electionTimeout:5014ms
2019-10-02 00:13:28,307 [Thread-2961] INFO  impl.RoleInfo (RoleInfo.java:shutdownFollowerState(121)) - 5aed1388-c721-48a9-bd34-106b73a27ca6: shutdown FollowerState
2019-10-02 00:13:28,307 [Thread-2961] INFO  impl.RaftServerImpl (RaftServerImpl.java:setRole(170)) - 5aed1388-c721-48a9-bd34-106b73a27ca6@group-0E9F5E39BA6E: changes role from  FOLLOWER to CANDIDATE at term 1 for changeToCandidate
2019-10-02 00:13:28,307 [Thread-2961] INFO  impl.RoleInfo (RoleInfo.java:updateAndGet(143)) - 5aed1388-c721-48a9-bd34-106b73a27ca6: start LeaderElection
2019-10-02 00:13:28,329 [273bd3ba-db52-4655-bbb8-1c2df5793e49@group-4822F4F6F8F9-SegmentedRaftLogWorker] INFO  segmented.SegmentedRaftLogWorker (SegmentedRaftLogWorker.java:execute(574)) - 273bd3ba-db52-4655-bbb8-1c2df5793e49@group-4822F4F6F8F9-SegmentedRaftLogWorker: created new log segment /workdir/hadoop-ozone/integration-test/target/test-dir/MiniOzoneClusterImpl-dde0f8af-4bf9-42cc-be8d-7f937630f525/datanode-5/data/ratis/ede7d205-12e0-4237-b6fa-4822f4f6f8f9/current/log_inprogress_0
2019-10-02 00:13:28,329 [ac816572-adb8-4efa-a0d7-3d08ab4d48f3@group-4822F4F6F8F9-SegmentedRaftLogWorker] INFO  segmented.SegmentedRaftLogWorker (SegmentedRaftLogWorker.java:execute(574)) - ac816572-adb8-4efa-a0d7-3d08ab4d48f3@group-4822F4F6F8F9-SegmentedRaftLogWorker: created new log segment /workdir/hadoop-ozone/integration-test/target/test-dir/MiniOzoneClusterImpl-dde0f8af-4bf9-42cc-be8d-7f937630f525/datanode-4/data/ratis/ede7d205-12e0-4237-b6fa-4822f4f6f8f9/current/log_inprogress_0
2019-10-02 00:13:28,329 [5aed1388-c721-48a9-bd34-106b73a27ca6@group-0E9F5E39BA6E-LeaderElection65] INFO  impl.LeaderElection (LeaderElection.java:askForVotes(178)) - 5aed1388-c721-48a9-bd34-106b73a27ca6@group-0E9F5E39BA6E-LeaderElection65: begin an election at term 2 for -1: [4db5ec50-aaae-4c5e-b67c-a912007a418d:192.168.30.63:46233, a63184a2-e924-4873-b8f1-68ec2fadd2e2:192.168.30.63:46821, 5aed1388-c721-48a9-bd34-106b73a27ca6:192.168.30.63:35892], old=null
2019-10-02 00:13:28,331 [grpc-default-executor-6] INFO  impl.RaftServerImpl (RaftServerImpl.java:setRole(170)) - a63184a2-e924-4873-b8f1-68ec2fadd2e2@group-0E9F5E39BA6E: changes role from  FOLLOWER to FOLLOWER at term 2 for recognizeCandidate:5aed1388-c721-48a9-bd34-106b73a27ca6
2019-10-02 00:13:28,331 [grpc-default-executor-5] INFO  impl.RaftServerImpl (RaftServerImpl.java:setRole(170)) - 4db5ec50-aaae-4c5e-b67c-a912007a418d@group-0E9F5E39BA6E: changes role from  FOLLOWER to FOLLOWER at term 2 for recognizeCandidate:5aed1388-c721-48a9-bd34-106b73a27ca6
2019-10-02 00:13:28,332 [grpc-default-executor-6] INFO  impl.RoleInfo (RoleInfo.java:shutdownFollowerState(121)) - a63184a2-e924-4873-b8f1-68ec2fadd2e2: shutdown FollowerState
2019-10-02 00:13:28,332 [grpc-default-executor-5] INFO  impl.RoleInfo (RoleInfo.java:shutdownFollowerState(121)) - 4db5ec50-aaae-4c5e-b67c-a912007a418d: shutdown FollowerState
2019-10-02 00:13:28,332 [Thread-2962] INFO  impl.FollowerState (FollowerState.java:run(117)) - a63184a2-e924-4873-b8f1-68ec2fadd2e2@group-0E9F5E39BA6E-FollowerState was interrupted: java.lang.InterruptedException: sleep interrupted
2019-10-02 00:13:28,332 [grpc-default-executor-5] INFO  impl.RoleInfo (RoleInfo.java:updateAndGet(143)) - 4db5ec50-aaae-4c5e-b67c-a912007a418d: start FollowerState
2019-10-02 00:13:28,332 [grpc-default-executor-6] INFO  impl.RoleInfo (RoleInfo.java:updateAndGet(143)) - a63184a2-e924-4873-b8f1-68ec2fadd2e2: start FollowerState
2019-10-02 00:13:28,335 [Thread-2960] INFO  impl.FollowerState (FollowerState.java:run(117)) - 4db5ec50-aaae-4c5e-b67c-a912007a418d@group-0E9F5E39BA6E-FollowerState was interrupted: java.lang.InterruptedException: sleep interrupted
2019-10-02 00:13:28,372 [5aed1388-c721-48a9-bd34-106b73a27ca6@group-0E9F5E39BA6E-LeaderElection65] INFO  impl.LeaderElection (LeaderElection.java:logAndReturn(56)) - 5aed1388-c721-48a9-bd34-106b73a27ca6@group-0E9F5E39BA6E-LeaderElection65: Election PASSED; received 1 response(s) [5aed1388-c721-48a9-bd34-106b73a27ca6<-4db5ec50-aaae-4c5e-b67c-a912007a418d#0:OK-t2] and 0 exception(s); 5aed1388-c721-48a9-bd34-106b73a27ca6@group-0E9F5E39BA6E:t2, leader=null, voted=5aed1388-c721-48a9-bd34-106b73a27ca6, raftlog=5aed1388-c721-48a9-bd34-106b73a27ca6@group-0E9F5E39BA6E-SegmentedRaftLog:OPENED:c-1,f-1,i0, conf=-1: [4db5ec50-aaae-4c5e-b67c-a912007a418d:192.168.30.63:46233, a63184a2-e924-4873-b8f1-68ec2fadd2e2:192.168.30.63:46821, 5aed1388-c721-48a9-bd34-106b73a27ca6:192.168.30.63:35892], old=null
2019-10-02 00:13:28,372 [5aed1388-c721-48a9-bd34-106b73a27ca6@group-0E9F5E39BA6E-LeaderElection65] INFO  impl.RoleInfo (RoleInfo.java:shutdownLeaderElection(134)) - 5aed1388-c721-48a9-bd34-106b73a27ca6: shutdown LeaderElection
2019-10-02 00:13:28,373 [5aed1388-c721-48a9-bd34-106b73a27ca6@group-0E9F5E39BA6E-LeaderElection65] INFO  impl.RaftServerImpl (RaftServerImpl.java:setRole(170)) - 5aed1388-c721-48a9-bd34-106b73a27ca6@group-0E9F5E39BA6E: changes role from CANDIDATE to LEADER at term 2 for changeToLeader
2019-10-02 00:13:28,373 [5aed1388-c721-48a9-bd34-106b73a27ca6@group-0E9F5E39BA6E-LeaderElection65] INFO  impl.RaftServerImpl (ServerState.java:setLeader(255)) - 5aed1388-c721-48a9-bd34-106b73a27ca6@group-0E9F5E39BA6E: change Leader from null to 5aed1388-c721-48a9-bd34-106b73a27ca6 at term 2 for becomeLeader, leader elected after 10327ms
2019-10-02 00:13:28,373 [5aed1388-c721-48a9-bd34-106b73a27ca6@group-0E9F5E39BA6E-LeaderElection65] INFO  server.RaftServerConfigKeys (ConfUtils.java:logGet(43)) - raft.server.staging.catchup.gap = 1000 (default)
2019-10-02 00:13:28,373 [5aed1388-c721-48a9-bd34-106b73a27ca6@group-0E9F5E39BA6E-LeaderElection65] INFO  server.RaftServerConfigKeys (ConfUtils.java:logGet(43)) - raft.server.rpc.sleep.time = 25ms (default)
2019-10-02 00:13:28,373 [5aed1388-c721-48a9-bd34-106b73a27ca6@group-0E9F5E39BA6E-LeaderElection65] INFO  server.RaftServerConfigKeys (ConfUtils.java:logGet(43)) - raft.server.write.element-limit = 4096 (default)
2019-10-02 00:13:28,373 [5aed1388-c721-48a9-bd34-106b73a27ca6@group-0E9F5E39BA6E-LeaderElection65] INFO  server.RaftServerConfigKeys (ConfUtils.java:logGet(43)) - raft.server.watch.timeout = 10s (default)
2019-10-02 00:13:28,373 [5aed1388-c721-48a9-bd34-106b73a27ca6@group-0E9F5E39BA6E-LeaderElection65] INFO  server.RaftServerConfigKeys (ConfUtils.java:logGet(43)) - raft.server.watch.timeout.denomination = 1s (default)
2019-10-02 00:13:28,373 [5aed1388-c721-48a9-bd34-106b73a27ca6@group-0E9F5E39BA6E-LeaderElection65] INFO  server.RaftServerConfigKeys (ConfUtils.java:logGet(43)) - raft.server.watch.element-limit = 65536 (default)
2019-10-02 00:13:28,375 [5aed1388-c721-48a9-bd34-106b73a27ca6@group-0E9F5E39BA6E-LeaderElection65] INFO  server.RaftServerConfigKeys (ConfUtils.java:logGet(43)) - raft.server.log.appender.snapshot.chunk.size.max = 16MB (=16777216) (default)
2019-10-02 00:13:28,375 [5aed1388-c721-48a9-bd34-106b73a27ca6@group-0E9F5E39BA6E-LeaderElection65] INFO  server.RaftServerConfigKeys (ConfUtils.java:logGet(43)) - raft.server.log.appender.buffer.byte-limit = 33554432 (custom)
2019-10-02 00:13:28,375 [5aed1388-c721-48a9-bd34-106b73a27ca6@group-0E9F5E39BA6E-LeaderElection65] INFO  server.RaftServerConfigKeys (ConfUtils.java:logGet(43)) - raft.server.log.appender.buffer.element-limit = 1 (custom)
2019-10-02 00:13:28,375 [5aed1388-c721-48a9-bd34-106b73a27ca6@group-0E9F5E39BA6E-LeaderElection65] INFO  grpc.GrpcConfigKeys$Server (ConfUtils.java:logGet(43)) - raft.grpc.server.leader.outstanding.appends.max = 128 (default)
2019-10-02 00:13:28,375 [5aed1388-c721-48a9-bd34-106b73a27ca6@group-0E9F5E39BA6E-LeaderElection65] INFO  server.RaftServerConfigKeys (ConfUtils.java:logGet(43)) - raft.server.rpc.request.timeout = 3000ms (default)
2019-10-02 00:13:28,375 [5aed1388-c721-48a9-bd34-106b73a27ca6@group-0E9F5E39BA6E-LeaderElection65] INFO  server.RaftServerConfigKeys (ConfUtils.java:logGet(43)) - raft.server.log.appender.install.snapshot.enabled = false (custom)
2019-10-02 00:13:28,375 [5aed1388-c721-48a9-bd34-106b73a27ca6@group-0E9F5E39BA6E-LeaderElection65] INFO  server.RaftServerConfigKeys (ConfUtils.java:logGet(43)) - raft.server.log.appender.snapshot.chunk.size.max = 16MB (=16777216) (default)
2019-10-02 00:13:28,375 [5aed1388-c721-48a9-bd34-106b73a27ca6@group-0E9F5E39BA6E-LeaderElection65] INFO  server.RaftServerConfigKeys (ConfUtils.java:logGet(43)) - raft.server.log.appender.buffer.byte-limit = 33554432 (custom)
2019-10-02 00:13:28,376 [5aed1388-c721-48a9-bd34-106b73a27ca6@group-0E9F5E39BA6E-LeaderElection65] INFO  server.RaftServerConfigKeys (ConfUtils.java:logGet(43)) - raft.server.log.appender.buffer.element-limit = 1 (custom)
2019-10-02 00:13:28,376 [5aed1388-c721-48a9-bd34-106b73a27ca6@group-0E9F5E39BA6E-LeaderElection65] INFO  grpc.GrpcConfigKeys$Server (ConfUtils.java:logGet(43)) - raft.grpc.server.leader.outstanding.appends.max = 128 (default)
2019-10-02 00:13:28,376 [5aed1388-c721-48a9-bd34-106b73a27ca6@group-0E9F5E39BA6E-LeaderElection65] INFO  server.RaftServerConfigKeys (ConfUtils.java:logGet(43)) - raft.server.rpc.request.timeout = 3000ms (default)
2019-10-02 00:13:28,376 [5aed1388-c721-48a9-bd34-106b73a27ca6@group-0E9F5E39BA6E-LeaderElection65] INFO  server.RaftServerConfigKeys (ConfUtils.java:logGet(43)) - raft.server.log.appender.install.snapshot.enabled = false (custom)
2019-10-02 00:13:28,376 [5aed1388-c721-48a9-bd34-106b73a27ca6@group-0E9F5E39BA6E-LeaderElection65] INFO  impl.RoleInfo (RoleInfo.java:updateAndGet(143)) - 5aed1388-c721-48a9-bd34-106b73a27ca6: start LeaderState
2019-10-02 00:13:28,376 [5aed1388-c721-48a9-bd34-106b73a27ca6@group-0E9F5E39BA6E-LeaderElection65] INFO  segmented.SegmentedRaftLogWorker (SegmentedRaftLogWorker.java:startLogSegment(385)) - 5aed1388-c721-48a9-bd34-106b73a27ca6@group-0E9F5E39BA6E-SegmentedRaftLogWorker: Starting segment from index:0
2019-10-02 00:13:28,377 [5aed1388-c721-48a9-bd34-106b73a27ca6@group-0E9F5E39BA6E-LeaderElection65] INFO  impl.RaftServerImpl (ServerState.java:setRaftConf(356)) - 5aed1388-c721-48a9-bd34-106b73a27ca6@group-0E9F5E39BA6E: set configuration 0: [4db5ec50-aaae-4c5e-b67c-a912007a418d:192.168.30.63:46233, a63184a2-e924-4873-b8f1-68ec2fadd2e2:192.168.30.63:46821, 5aed1388-c721-48a9-bd34-106b73a27ca6:192.168.30.63:35892], old=null at 0
2019-10-02 00:13:28,378 [grpc-default-executor-5] INFO  impl.RaftServerImpl (ServerState.java:setLeader(255)) - 4db5ec50-aaae-4c5e-b67c-a912007a418d@group-0E9F5E39BA6E: change Leader from null to 5aed1388-c721-48a9-bd34-106b73a27ca6 at term 2 for appendEntries, leader elected after 10332ms
2019-10-02 00:13:28,403 [grpc-default-executor-6] INFO  impl.RaftServerImpl (ServerState.java:setLeader(255)) - a63184a2-e924-4873-b8f1-68ec2fadd2e2@group-0E9F5E39BA6E: change Leader from null to 5aed1388-c721-48a9-bd34-106b73a27ca6 at term 2 for appendEntries, leader elected after 10357ms
2019-10-02 00:13:28,404 [grpc-default-executor-6] INFO  impl.RaftServerImpl (ServerState.java:setRaftConf(356)) - a63184a2-e924-4873-b8f1-68ec2fadd2e2@group-0E9F5E39BA6E: set configuration 0: [4db5ec50-aaae-4c5e-b67c-a912007a418d:192.168.30.63:46233, a63184a2-e924-4873-b8f1-68ec2fadd2e2:192.168.30.63:46821, 5aed1388-c721-48a9-bd34-106b73a27ca6:192.168.30.63:35892], old=null at 0
2019-10-02 00:13:28,404 [grpc-default-executor-5] INFO  impl.RaftServerImpl (ServerState.java:setRaftConf(356)) - 4db5ec50-aaae-4c5e-b67c-a912007a418d@group-0E9F5E39BA6E: set configuration 0: [4db5ec50-aaae-4c5e-b67c-a912007a418d:192.168.30.63:46233, a63184a2-e924-4873-b8f1-68ec2fadd2e2:192.168.30.63:46821, 5aed1388-c721-48a9-bd34-106b73a27ca6:192.168.30.63:35892], old=null at 0
2019-10-02 00:13:28,405 [grpc-default-executor-6] INFO  segmented.SegmentedRaftLogWorker (SegmentedRaftLogWorker.java:startLogSegment(385)) - a63184a2-e924-4873-b8f1-68ec2fadd2e2@group-0E9F5E39BA6E-SegmentedRaftLogWorker: Starting segment from index:0
2019-10-02 00:13:28,405 [grpc-default-executor-5] INFO  segmented.SegmentedRaftLogWorker (SegmentedRaftLogWorker.java:startLogSegment(385)) - 4db5ec50-aaae-4c5e-b67c-a912007a418d@group-0E9F5E39BA6E-SegmentedRaftLogWorker: Starting segment from index:0
2019-10-02 00:13:28,430 [5aed1388-c721-48a9-bd34-106b73a27ca6@group-0E9F5E39BA6E-SegmentedRaftLogWorker] INFO  segmented.SegmentedRaftLogWorker (SegmentedRaftLogWorker.java:execute(574)) - 5aed1388-c721-48a9-bd34-106b73a27ca6@group-0E9F5E39BA6E-SegmentedRaftLogWorker: created new log segment /workdir/hadoop-ozone/integration-test/target/test-dir/MiniOzoneClusterImpl-dde0f8af-4bf9-42cc-be8d-7f937630f525/datanode-0/data/ratis/9a8f3ce9-020f-49aa-ae88-0e9f5e39ba6e/current/log_inprogress_0
2019-10-02 00:13:28,447 [a63184a2-e924-4873-b8f1-68ec2fadd2e2@group-0E9F5E39BA6E-SegmentedRaftLogWorker] INFO  segmented.SegmentedRaftLogWorker (SegmentedRaftLogWorker.java:execute(574)) - a63184a2-e924-4873-b8f1-68ec2fadd2e2@group-0E9F5E39BA6E-SegmentedRaftLogWorker: created new log segment /workdir/hadoop-ozone/integration-test/target/test-dir/MiniOzoneClusterImpl-dde0f8af-4bf9-42cc-be8d-7f937630f525/datanode-1/data/ratis/9a8f3ce9-020f-49aa-ae88-0e9f5e39ba6e/current/log_inprogress_0
2019-10-02 00:13:28,447 [4db5ec50-aaae-4c5e-b67c-a912007a418d@group-0E9F5E39BA6E-SegmentedRaftLogWorker] INFO  segmented.SegmentedRaftLogWorker (SegmentedRaftLogWorker.java:execute(574)) - 4db5ec50-aaae-4c5e-b67c-a912007a418d@group-0E9F5E39BA6E-SegmentedRaftLogWorker: created new log segment /workdir/hadoop-ozone/integration-test/target/test-dir/MiniOzoneClusterImpl-dde0f8af-4bf9-42cc-be8d-7f937630f525/datanode-6/data/ratis/9a8f3ce9-020f-49aa-ae88-0e9f5e39ba6e/current/log_inprogress_0
2019-10-02 00:13:30,208 [Datanode State Machine Thread - 0] INFO  statemachine.DatanodeStateMachine (DatanodeStateMachine.java:lambda$startDaemon$0(350)) - Ozone container server started.
2019-10-02 00:13:34,212 [EventQueue-StaleNodeForStaleNodeHandler] INFO  node.StaleNodeHandler (StaleNodeHandler.java:onMessage(58)) - Datanode 5aed1388-c721-48a9-bd34-106b73a27ca6{ip: 192.168.30.63, host: pr-hdds-2201-rename-25sj9-3976918760, networkLocation: /default-rack, certSerialId: null} moved to stale state. Finalizing its pipelines [PipelineID=9a8f3ce9-020f-49aa-ae88-0e9f5e39ba6e, PipelineID=5d671ff4-1da8-4ac0-8900-80536b2564a4]
2019-10-02 00:13:34,213 [EventQueue-StaleNodeForStaleNodeHandler] INFO  pipeline.SCMPipelineManager (SCMPipelineManager.java:finalizeAndDestroyPipeline(315)) - destroying pipeline:Pipeline[ Id: 9a8f3ce9-020f-49aa-ae88-0e9f5e39ba6e, Nodes: 5aed1388-c721-48a9-bd34-106b73a27ca6{ip: 192.168.30.63, host: pr-hdds-2201-rename-25sj9-3976918760, networkLocation: /default-rack, certSerialId: null}a63184a2-e924-4873-b8f1-68ec2fadd2e2{ip: 192.168.30.63, host: pr-hdds-2201-rename-25sj9-3976918760, networkLocation: /default-rack, certSerialId: null}4db5ec50-aaae-4c5e-b67c-a912007a418d{ip: 192.168.30.63, host: pr-hdds-2201-rename-25sj9-3976918760, networkLocation: /default-rack, certSerialId: null}, Type:RATIS, Factor:THREE, State:OPEN]
2019-10-02 00:13:34,213 [EventQueue-StaleNodeForStaleNodeHandler] INFO  pipeline.PipelineStateManager (PipelineStateManager.java:finalizePipeline(123)) - Pipeline Pipeline[ Id: 9a8f3ce9-020f-49aa-ae88-0e9f5e39ba6e, Nodes: 5aed1388-c721-48a9-bd34-106b73a27ca6{ip: 192.168.30.63, host: pr-hdds-2201-rename-25sj9-3976918760, networkLocation: /default-rack, certSerialId: null}a63184a2-e924-4873-b8f1-68ec2fadd2e2{ip: 192.168.30.63, host: pr-hdds-2201-rename-25sj9-3976918760, networkLocation: /default-rack, certSerialId: null}4db5ec50-aaae-4c5e-b67c-a912007a418d{ip: 192.168.30.63, host: pr-hdds-2201-rename-25sj9-3976918760, networkLocation: /default-rack, certSerialId: null}, Type:RATIS, Factor:THREE, State:CLOSED] moved to CLOSED state
2019-10-02 00:13:34,214 [EventQueue-CloseContainerForCloseContainerEventHandler] INFO  container.CloseContainerEventHandler (CloseContainerEventHandler.java:onMessage(61)) - Close container Event triggered for container : #1
2019-10-02 00:13:34,223 [EventQueue-StaleNodeForStaleNodeHandler] INFO  pipeline.SCMPipelineManager (SCMPipelineManager.java:finalizeAndDestroyPipeline(315)) - destroying pipeline:Pipeline[ Id: 5d671ff4-1da8-4ac0-8900-80536b2564a4, Nodes: 5aed1388-c721-48a9-bd34-106b73a27ca6{ip: 192.168.30.63, host: pr-hdds-2201-rename-25sj9-3976918760, networkLocation: /default-rack, certSerialId: null}, Type:RATIS, Factor:ONE, State:OPEN]
2019-10-02 00:13:34,226 [EventQueue-StaleNodeForStaleNodeHandler] INFO  pipeline.PipelineStateManager (PipelineStateManager.java:finalizePipeline(123)) - Pipeline Pipeline[ Id: 5d671ff4-1da8-4ac0-8900-80536b2564a4, Nodes: 5aed1388-c721-48a9-bd34-106b73a27ca6{ip: 192.168.30.63, host: pr-hdds-2201-rename-25sj9-3976918760, networkLocation: /default-rack, certSerialId: null}, Type:RATIS, Factor:ONE, State:CLOSED] moved to CLOSED state
2019-10-02 00:13:34,579 [main] INFO  ozoneimpl.OzoneContainer (OzoneContainer.java:stop(231)) - Attempting to stop container services.
2019-10-02 00:13:34,580 [main] INFO  impl.RaftServerProxy (RaftServerProxy.java:lambda$close$4(314)) - 5aed1388-c721-48a9-bd34-106b73a27ca6: close
2019-10-02 00:13:34,581 [main] INFO  impl.RaftServerImpl (RaftServerImpl.java:lambda$shutdown$3(247)) - 5aed1388-c721-48a9-bd34-106b73a27ca6@group-0E9F5E39BA6E: shutdown
2019-10-02 00:13:34,582 [ForkJoinPool.commonPool-worker-1] INFO  impl.RaftServerImpl (RaftServerImpl.java:lambda$shutdown$3(247)) - 5aed1388-c721-48a9-bd34-106b73a27ca6@group-80536B2564A4: shutdown
2019-10-02 00:13:34,582 [main] INFO  util.JmxRegister (JmxRegister.java:unregister(73)) - Successfully un-registered JMX Bean with object name Ratis:service=RaftServer,group=group-0E9F5E39BA6E,id=5aed1388-c721-48a9-bd34-106b73a27ca6
2019-10-02 00:13:34,582 [ForkJoinPool.commonPool-worker-1] INFO  util.JmxRegister (JmxRegister.java:unregister(73)) - Successfully un-registered JMX Bean with object name Ratis:service=RaftServer,group=group-80536B2564A4,id=5aed1388-c721-48a9-bd34-106b73a27ca6
2019-10-02 00:13:34,582 [main] INFO  impl.RoleInfo (RoleInfo.java:shutdownLeaderState(104)) - 5aed1388-c721-48a9-bd34-106b73a27ca6: shutdown LeaderState
2019-10-02 00:13:34,583 [ForkJoinPool.commonPool-worker-1] INFO  impl.RoleInfo (RoleInfo.java:shutdownLeaderState(104)) - 5aed1388-c721-48a9-bd34-106b73a27ca6: shutdown LeaderState
2019-10-02 00:13:34,589 [org.apache.ratis.server.impl.LogAppender$AppenderDaemon$$Lambda$506/1310291072@32d4704a] WARN  server.GrpcLogAppender (GrpcLogAppender.java:mayWait(143)) - 5aed1388-c721-48a9-bd34-106b73a27ca6@group-0E9F5E39BA6E->a63184a2-e924-4873-b8f1-68ec2fadd2e2-GrpcLogAppender: Wait interrupted by java.lang.InterruptedException
2019-10-02 00:13:34,589 [main] INFO  impl.PendingRequests (PendingRequests.java:sendNotLeaderResponses(202)) - 5aed1388-c721-48a9-bd34-106b73a27ca6@group-0E9F5E39BA6E-PendingRequests: sendNotLeaderResponses
2019-10-02 00:13:34,589 [org.apache.ratis.server.impl.LogAppender$AppenderDaemon$$Lambda$506/1310291072@6ed55e26] WARN  server.GrpcLogAppender (GrpcLogAppender.java:mayWait(143)) - 5aed1388-c721-48a9-bd34-106b73a27ca6@group-0E9F5E39BA6E->4db5ec50-aaae-4c5e-b67c-a912007a418d-GrpcLogAppender: Wait interrupted by java.lang.InterruptedException
2019-10-02 00:13:34,589 [ForkJoinPool.commonPool-worker-1] INFO  impl.PendingRequests (PendingRequests.java:sendNotLeaderResponses(202)) - 5aed1388-c721-48a9-bd34-106b73a27ca6@group-80536B2564A4-PendingRequests: sendNotLeaderResponses
2019-10-02 00:13:34,598 [ForkJoinPool.commonPool-worker-1] INFO  impl.StateMachineUpdater (StateMachineUpdater.java:stopAndJoin(136)) - 5aed1388-c721-48a9-bd34-106b73a27ca6@group-80536B2564A4-StateMachineUpdater: set stopIndex = 0
2019-10-02 00:13:34,598 [main] INFO  impl.StateMachineUpdater (StateMachineUpdater.java:stopAndJoin(136)) - 5aed1388-c721-48a9-bd34-106b73a27ca6@group-0E9F5E39BA6E-StateMachineUpdater: set stopIndex = 15
2019-10-02 00:13:34,598 [5aed1388-c721-48a9-bd34-106b73a27ca6@group-0E9F5E39BA6E-StateMachineUpdater] INFO  ratis.ContainerStateMachine (ContainerStateMachine.java:takeSnapshot(289)) - group-0E9F5E39BA6E: Taking a snapshot at:(t:2, i:13) file /workdir/hadoop-ozone/integration-test/target/test-dir/MiniOzoneClusterImpl-dde0f8af-4bf9-42cc-be8d-7f937630f525/datanode-0/data/ratis/9a8f3ce9-020f-49aa-ae88-0e9f5e39ba6e/sm/snapshot.2_13
2019-10-02 00:13:34,598 [grpc-default-executor-10] INFO  server.GrpcServerProtocolService (GrpcServerProtocolService.java:onCompleted(113)) - a63184a2-e924-4873-b8f1-68ec2fadd2e2: Completed APPEND_ENTRIES, lastRequest: 5aed1388-c721-48a9-bd34-106b73a27ca6->a63184a2-e924-4873-b8f1-68ec2fadd2e2#18-t2, previous=(t:2, i:15), leaderCommit=15, initializing? false, entries: <empty>
2019-10-02 00:13:34,598 [grpc-default-executor-6] INFO  server.GrpcServerProtocolService (GrpcServerProtocolService.java:onCompleted(113)) - 4db5ec50-aaae-4c5e-b67c-a912007a418d: Completed APPEND_ENTRIES, lastRequest: 5aed1388-c721-48a9-bd34-106b73a27ca6->4db5ec50-aaae-4c5e-b67c-a912007a418d#18-t2, previous=(t:2, i:15), leaderCommit=15, initializing? false, entries: <empty>
2019-10-02 00:13:34,599 [ForkJoinPool.commonPool-worker-1] INFO  impl.RaftServerImpl (ServerState.java:close(387)) - 5aed1388-c721-48a9-bd34-106b73a27ca6@group-80536B2564A4: closes. applyIndex: 0
2019-10-02 00:13:34,599 [grpc-default-executor-9] INFO  server.GrpcLogAppender (GrpcLogAppender.java:onCompleted(293)) - 5aed1388-c721-48a9-bd34-106b73a27ca6@group-0E9F5E39BA6E->a63184a2-e924-4873-b8f1-68ec2fadd2e2-AppendLogResponseHandler: follower responses appendEntries COMPLETED
2019-10-02 00:13:34,599 [grpc-default-executor-10] INFO  server.GrpcLogAppender (GrpcLogAppender.java:onCompleted(293)) - 5aed1388-c721-48a9-bd34-106b73a27ca6@group-0E9F5E39BA6E->4db5ec50-aaae-4c5e-b67c-a912007a418d-AppendLogResponseHandler: follower responses appendEntries COMPLETED
2019-10-02 00:13:34,600 [5aed1388-c721-48a9-bd34-106b73a27ca6@group-80536B2564A4-SegmentedRaftLogWorker] INFO  segmented.SegmentedRaftLogWorker (SegmentedRaftLogWorker.java:run(316)) - 5aed1388-c721-48a9-bd34-106b73a27ca6@group-80536B2564A4-SegmentedRaftLogWorker was interrupted, exiting. There are 0 tasks remaining in the queue.
2019-10-02 00:13:34,603 [grpc-default-executor-9] INFO  impl.FollowerInfo (FollowerInfo.java:lambda$new$0(51)) - 5aed1388-c721-48a9-bd34-106b73a27ca6@group-0E9F5E39BA6E->a63184a2-e924-4873-b8f1-68ec2fadd2e2: nextIndex: updateUnconditionally 16 -> 15
2019-10-02 00:13:34,603 [grpc-default-executor-10] INFO  impl.FollowerInfo (FollowerInfo.java:lambda$new$0(51)) - 5aed1388-c721-48a9-bd34-106b73a27ca6@group-0E9F5E39BA6E->4db5ec50-aaae-4c5e-b67c-a912007a418d: nextIndex: updateUnconditionally 16 -> 15
2019-10-02 00:13:34,610 [ForkJoinPool.commonPool-worker-1] INFO  segmented.SegmentedRaftLogWorker (SegmentedRaftLogWorker.java:close(224)) - 5aed1388-c721-48a9-bd34-106b73a27ca6@group-80536B2564A4-SegmentedRaftLogWorker close()
2019-10-02 00:13:34,632 [5aed1388-c721-48a9-bd34-106b73a27ca6@group-0E9F5E39BA6E-StateMachineUpdater] INFO  ratis.ContainerStateMachine (ContainerStateMachine.java:takeSnapshot(300)) - group-0E9F5E39BA6E: Finished taking a snapshot at:(t:2, i:13) file:/workdir/hadoop-ozone/integration-test/target/test-dir/MiniOzoneClusterImpl-dde0f8af-4bf9-42cc-be8d-7f937630f525/datanode-0/data/ratis/9a8f3ce9-020f-49aa-ae88-0e9f5e39ba6e/sm/snapshot.2_13 time:34
2019-10-02 00:13:34,633 [5aed1388-c721-48a9-bd34-106b73a27ca6@group-0E9F5E39BA6E-StateMachineUpdater] INFO  impl.StateMachineUpdater (StateMachineUpdater.java:takeSnapshot(269)) - 5aed1388-c721-48a9-bd34-106b73a27ca6@group-0E9F5E39BA6E-StateMachineUpdater: Took a snapshot at index 13
2019-10-02 00:13:34,633 [5aed1388-c721-48a9-bd34-106b73a27ca6@group-0E9F5E39BA6E-StateMachineUpdater] INFO  impl.StateMachineUpdater (StateMachineUpdater.java:lambda$new$0(84)) - 5aed1388-c721-48a9-bd34-106b73a27ca6@group-0E9F5E39BA6E-StateMachineUpdater: snapshotIndex: updateIncreasingly -1 -> 13
2019-10-02 00:13:34,633 [5aed1388-c721-48a9-bd34-106b73a27ca6@group-0E9F5E39BA6E-StateMachineUpdater] INFO  ratis.ContainerStateMachine (ContainerStateMachine.java:takeSnapshot(289)) - group-0E9F5E39BA6E: Taking a snapshot at:(t:2, i:13) file /workdir/hadoop-ozone/integration-test/target/test-dir/MiniOzoneClusterImpl-dde0f8af-4bf9-42cc-be8d-7f937630f525/datanode-0/data/ratis/9a8f3ce9-020f-49aa-ae88-0e9f5e39ba6e/sm/snapshot.2_13
2019-10-02 00:13:34,649 [5aed1388-c721-48a9-bd34-106b73a27ca6@group-0E9F5E39BA6E-StateMachineUpdater] INFO  ratis.ContainerStateMachine (ContainerStateMachine.java:takeSnapshot(300)) - group-0E9F5E39BA6E: Finished taking a snapshot at:(t:2, i:13) file:/workdir/hadoop-ozone/integration-test/target/test-dir/MiniOzoneClusterImpl-dde0f8af-4bf9-42cc-be8d-7f937630f525/datanode-0/data/ratis/9a8f3ce9-020f-49aa-ae88-0e9f5e39ba6e/sm/snapshot.2_13 time:16
2019-10-02 00:13:34,649 [5aed1388-c721-48a9-bd34-106b73a27ca6@group-0E9F5E39BA6E-StateMachineUpdater] INFO  impl.StateMachineUpdater (StateMachineUpdater.java:takeSnapshot(269)) - 5aed1388-c721-48a9-bd34-106b73a27ca6@group-0E9F5E39BA6E-StateMachineUpdater: Took a snapshot at index 13
2019-10-02 00:13:34,649 [5aed1388-c721-48a9-bd34-106b73a27ca6@group-0E9F5E39BA6E-StateMachineUpdater] INFO  impl.StateMachineUpdater (StateMachineUpdater.java:lambda$new$0(84)) - 5aed1388-c721-48a9-bd34-106b73a27ca6@group-0E9F5E39BA6E-StateMachineUpdater: snapshotIndex: updateIncreasingly 13 -> 13
2019-10-02 00:13:34,650 [main] INFO  impl.RaftServerImpl (ServerState.java:close(387)) - 5aed1388-c721-48a9-bd34-106b73a27ca6@group-0E9F5E39BA6E: closes. applyIndex: 15
2019-10-02 00:13:34,650 [5aed1388-c721-48a9-bd34-106b73a27ca6@group-0E9F5E39BA6E-SegmentedRaftLogWorker] INFO  segmented.SegmentedRaftLogWorker (SegmentedRaftLogWorker.java:run(316)) - 5aed1388-c721-48a9-bd34-106b73a27ca6@group-0E9F5E39BA6E-SegmentedRaftLogWorker was interrupted, exiting. There are 0 tasks remaining in the queue.
2019-10-02 00:13:34,653 [main] INFO  segmented.SegmentedRaftLogWorker (SegmentedRaftLogWorker.java:close(224)) - 5aed1388-c721-48a9-bd34-106b73a27ca6@group-0E9F5E39BA6E-SegmentedRaftLogWorker close()
2019-10-02 00:13:34,657 [main] INFO  server.GrpcService (GrpcService.java:closeImpl(164)) - 5aed1388-c721-48a9-bd34-106b73a27ca6: shutdown server with port 35892 now
2019-10-02 00:13:34,657 [grpc-default-executor-9] WARN  client.GrpcClientProtocolService (LogUtils.java:warn(134)) - 3-UnorderedRequestStreamObserver3: onError: org.apache.ratis.thirdparty.io.grpc.StatusRuntimeException: CANCELLED: cancelled before receiving half close
2019-10-02 00:13:34,658 [main] INFO  server.GrpcService (GrpcService.java:closeImpl(172)) - 5aed1388-c721-48a9-bd34-106b73a27ca6: shutdown server with port 35892 successfully
2019-10-02 00:13:34,660 [refreshUsed-/workdir/hadoop-ozone/integration-test/target/test-dir/MiniOzoneClusterImpl-dde0f8af-4bf9-42cc-be8d-7f937630f525/datanode-0/data/containers] WARN  fs.CachingGetSpaceUsed (CachingGetSpaceUsed.java:run(183)) - Thread Interrupted waiting to refresh disk information: sleep interrupted
2019-10-02 00:13:34,676 [main] INFO  utils.BackgroundService (BackgroundService.java:shutdown(148)) - Shutting down service BlockDeletingService
2019-10-02 00:13:34,683 [main] INFO  statemachine.DatanodeStateMachine (DatanodeStateMachine.java:stopDaemon(395)) - Ozone container server stopped.
2019-10-02 00:13:34,685 [main] INFO  handler.ContextHandler (ContextHandler.java:doStop(910)) - Stopped o.e.j.w.WebAppContext@69a5c6be{/,null,UNAVAILABLE}{/hddsDatanode}
2019-10-02 00:13:34,686 [main] INFO  server.AbstractConnector (AbstractConnector.java:doStop(318)) - Stopped ServerConnector@451e2fa9{HTTP/1.1,[http/1.1]}{0.0.0.0:0}
2019-10-02 00:13:34,686 [main] INFO  handler.ContextHandler (ContextHandler.java:doStop(910)) - Stopped o.e.j.s.ServletContextHandler@5ea7bc4{/static,jar:file:/home/user/.m2/repository/org/apache/hadoop/hadoop-hdds-container-service/0.5.0-SNAPSHOT/hadoop-hdds-container-service-0.5.0-SNAPSHOT.jar!/webapps/static,UNAVAILABLE}
2019-10-02 00:13:34,687 [main] INFO  handler.ContextHandler (ContextHandler.java:doStop(910)) - Stopped o.e.j.s.ServletContextHandler@4652c74d{/logs,file:///workdir/hadoop-ozone/integration-test/target/log,UNAVAILABLE}
2019-10-02 00:13:43,694 [Thread-2989] INFO  impl.FollowerState (FollowerState.java:run(108)) - 4db5ec50-aaae-4c5e-b67c-a912007a418d@group-0E9F5E39BA6E-FollowerState: change to CANDIDATE, lastRpcTime:9112ms, electionTimeout:5038ms
2019-10-02 00:13:43,695 [Thread-2989] INFO  impl.RoleInfo (RoleInfo.java:shutdownFollowerState(121)) - 4db5ec50-aaae-4c5e-b67c-a912007a418d: shutdown FollowerState
2019-10-02 00:13:43,695 [Thread-2989] INFO  impl.RaftServerImpl (RaftServerImpl.java:setRole(170)) - 4db5ec50-aaae-4c5e-b67c-a912007a418d@group-0E9F5E39BA6E: changes role from  FOLLOWER to CANDIDATE at term 2 for changeToCandidate
2019-10-02 00:13:43,695 [Thread-2989] INFO  impl.RoleInfo (RoleInfo.java:updateAndGet(143)) - 4db5ec50-aaae-4c5e-b67c-a912007a418d: start LeaderElection
2019-10-02 00:13:43,696 [4db5ec50-aaae-4c5e-b67c-a912007a418d@group-0E9F5E39BA6E-LeaderElection66] INFO  impl.RaftServerImpl (ServerState.java:setLeader(255)) - 4db5ec50-aaae-4c5e-b67c-a912007a418d@group-0E9F5E39BA6E: change Leader from 5aed1388-c721-48a9-bd34-106b73a27ca6 to null at term 2 for initElection
2019-10-02 00:13:43,720 [4db5ec50-aaae-4c5e-b67c-a912007a418d@group-0E9F5E39BA6E-LeaderElection66] INFO  impl.LeaderElection (LeaderElection.java:askForVotes(178)) - 4db5ec50-aaae-4c5e-b67c-a912007a418d@group-0E9F5E39BA6E-LeaderElection66: begin an election at term 3 for 0: [4db5ec50-aaae-4c5e-b67c-a912007a418d:192.168.30.63:46233, a63184a2-e924-4873-b8f1-68ec2fadd2e2:192.168.30.63:46821, 5aed1388-c721-48a9-bd34-106b73a27ca6:192.168.30.63:35892], old=null
2019-10-02 00:13:43,722 [4db5ec50-aaae-4c5e-b67c-a912007a418d@group-0E9F5E39BA6E-LeaderElection66] INFO  impl.LeaderElection (LogUtils.java:infoOrTrace(149)) - 4db5ec50-aaae-4c5e-b67c-a912007a418d@group-0E9F5E39BA6E-LeaderElection66 got exception when requesting votes: {}
java.util.concurrent.ExecutionException: org.apache.ratis.thirdparty.io.grpc.StatusRuntimeException: UNAVAILABLE: io exception
	at java.util.concurrent.FutureTask.report(FutureTask.java:122)
	at java.util.concurrent.FutureTask.get(FutureTask.java:192)
	at org.apache.ratis.server.impl.LeaderElection.waitForResults(LeaderElection.java:259)
	at org.apache.ratis.server.impl.LeaderElection.askForVotes(LeaderElection.java:197)
	at org.apache.ratis.server.impl.LeaderElection.run(LeaderElection.java:133)
	at java.lang.Thread.run(Thread.java:748)
Caused by: org.apache.ratis.thirdparty.io.grpc.StatusRuntimeException: UNAVAILABLE: io exception
	at org.apache.ratis.thirdparty.io.grpc.stub.ClientCalls.toStatusRuntimeException(ClientCalls.java:233)
	at org.apache.ratis.thirdparty.io.grpc.stub.ClientCalls.getUnchecked(ClientCalls.java:214)
	at org.apache.ratis.thirdparty.io.grpc.stub.ClientCalls.blockingUnaryCall(ClientCalls.java:139)
	at org.apache.ratis.proto.grpc.RaftServerProtocolServiceGrpc$RaftServerProtocolServiceBlockingStub.requestVote(RaftServerProtocolServiceGrpc.java:265)
	at org.apache.ratis.grpc.server.GrpcServerProtocolClient.requestVote(GrpcServerProtocolClient.java:99)
	at org.apache.ratis.grpc.server.GrpcService.requestVote(GrpcService.java:204)
	at org.apache.ratis.server.impl.LeaderElection.lambda$submitRequests$1(LeaderElection.java:234)
	at java.util.concurrent.FutureTask.run(FutureTask.java:266)
	at java.util.concurrent.Executors$RunnableAdapter.call(Executors.java:511)
	at java.util.concurrent.FutureTask.run(FutureTask.java:266)
	at java.util.concurrent.ThreadPoolExecutor.runWorker(ThreadPoolExecutor.java:1149)
	at java.util.concurrent.ThreadPoolExecutor$Worker.run(ThreadPoolExecutor.java:624)
	... 1 more
Caused by: org.apache.ratis.thirdparty.io.netty.channel.AbstractChannel$AnnotatedConnectException: Connection refused: /192.168.30.63:35892
	at sun.nio.ch.SocketChannelImpl.checkConnect(Native Method)
	at sun.nio.ch.SocketChannelImpl.finishConnect(SocketChannelImpl.java:717)
	at org.apache.ratis.thirdparty.io.netty.channel.socket.nio.NioSocketChannel.doFinishConnect(NioSocketChannel.java:327)
	at org.apache.ratis.thirdparty.io.netty.channel.nio.AbstractNioChannel$AbstractNioUnsafe.finishConnect(AbstractNioChannel.java:340)
	at org.apache.ratis.thirdparty.io.netty.channel.nio.NioEventLoop.processSelectedKey(NioEventLoop.java:632)
	at org.apache.ratis.thirdparty.io.netty.channel.nio.NioEventLoop.processSelectedKeysOptimized(NioEventLoop.java:579)
	at org.apache.ratis.thirdparty.io.netty.channel.nio.NioEventLoop.processSelectedKeys(NioEventLoop.java:496)
	at org.apache.ratis.thirdparty.io.netty.channel.nio.NioEventLoop.run(NioEventLoop.java:458)
	at org.apache.ratis.thirdparty.io.netty.util.concurrent.SingleThreadEventExecutor$5.run(SingleThreadEventExecutor.java:897)
	at org.apache.ratis.thirdparty.io.netty.util.concurrent.FastThreadLocalRunnable.run(FastThreadLocalRunnable.java:30)
	... 1 more
Caused by: java.net.ConnectException: Connection refused
	... 11 more
2019-10-02 00:13:43,722 [grpc-default-executor-9] INFO  impl.RaftServerImpl (ServerState.java:setLeader(255)) - a63184a2-e924-4873-b8f1-68ec2fadd2e2@group-0E9F5E39BA6E: change Leader from 5aed1388-c721-48a9-bd34-106b73a27ca6 to null at term 3 for updateCurrentTerm
2019-10-02 00:13:43,726 [grpc-default-executor-9] INFO  impl.RaftServerImpl (RaftServerImpl.java:setRole(170)) - a63184a2-e924-4873-b8f1-68ec2fadd2e2@group-0E9F5E39BA6E: changes role from  FOLLOWER to FOLLOWER at term 3 for recognizeCandidate:4db5ec50-aaae-4c5e-b67c-a912007a418d
2019-10-02 00:13:43,726 [grpc-default-executor-9] INFO  impl.RoleInfo (RoleInfo.java:shutdownFollowerState(121)) - a63184a2-e924-4873-b8f1-68ec2fadd2e2: shutdown FollowerState
2019-10-02 00:13:43,726 [grpc-default-executor-9] INFO  impl.RoleInfo (RoleInfo.java:updateAndGet(143)) - a63184a2-e924-4873-b8f1-68ec2fadd2e2: start FollowerState
2019-10-02 00:13:43,750 [4db5ec50-aaae-4c5e-b67c-a912007a418d@group-0E9F5E39BA6E-LeaderElection66] INFO  impl.LeaderElection (LeaderElection.java:logAndReturn(56)) - 4db5ec50-aaae-4c5e-b67c-a912007a418d@group-0E9F5E39BA6E-LeaderElection66: Election PASSED; received 1 response(s) [4db5ec50-aaae-4c5e-b67c-a912007a418d<-a63184a2-e924-4873-b8f1-68ec2fadd2e2#0:OK-t3] and 1 exception(s); 4db5ec50-aaae-4c5e-b67c-a912007a418d@group-0E9F5E39BA6E:t3, leader=null, voted=4db5ec50-aaae-4c5e-b67c-a912007a418d, raftlog=4db5ec50-aaae-4c5e-b67c-a912007a418d@group-0E9F5E39BA6E-SegmentedRaftLog:OPENED:c15,f15,i15, conf=0: [4db5ec50-aaae-4c5e-b67c-a912007a418d:192.168.30.63:46233, a63184a2-e924-4873-b8f1-68ec2fadd2e2:192.168.30.63:46821, 5aed1388-c721-48a9-bd34-106b73a27ca6:192.168.30.63:35892], old=null
2019-10-02 00:13:43,750 [4db5ec50-aaae-4c5e-b67c-a912007a418d@group-0E9F5E39BA6E-LeaderElection66] INFO  impl.LeaderElection (LogUtils.java:infoOrTrace(149)) -   Exception 0: {}
java.util.concurrent.ExecutionException: org.apache.ratis.thirdparty.io.grpc.StatusRuntimeException: UNAVAILABLE: io exception
	at java.util.concurrent.FutureTask.report(FutureTask.java:122)
	at java.util.concurrent.FutureTask.get(FutureTask.java:192)
	at org.apache.ratis.server.impl.LeaderElection.waitForResults(LeaderElection.java:259)
	at org.apache.ratis.server.impl.LeaderElection.askForVotes(LeaderElection.java:197)
	at org.apache.ratis.server.impl.LeaderElection.run(LeaderElection.java:133)
	at java.lang.Thread.run(Thread.java:748)
Caused by: org.apache.ratis.thirdparty.io.grpc.StatusRuntimeException: UNAVAILABLE: io exception
	at org.apache.ratis.thirdparty.io.grpc.stub.ClientCalls.toStatusRuntimeException(ClientCalls.java:233)
	at org.apache.ratis.thirdparty.io.grpc.stub.ClientCalls.getUnchecked(ClientCalls.java:214)
	at org.apache.ratis.thirdparty.io.grpc.stub.ClientCalls.blockingUnaryCall(ClientCalls.java:139)
	at org.apache.ratis.proto.grpc.RaftServerProtocolServiceGrpc$RaftServerProtocolServiceBlockingStub.requestVote(RaftServerProtocolServiceGrpc.java:265)
	at org.apache.ratis.grpc.server.GrpcServerProtocolClient.requestVote(GrpcServerProtocolClient.java:99)
	at org.apache.ratis.grpc.server.GrpcService.requestVote(GrpcService.java:204)
	at org.apache.ratis.server.impl.LeaderElection.lambda$submitRequests$1(LeaderElection.java:234)
	at java.util.concurrent.FutureTask.run(FutureTask.java:266)
	at java.util.concurrent.Executors$RunnableAdapter.call(Executors.java:511)
	at java.util.concurrent.FutureTask.run(FutureTask.java:266)
	at java.util.concurrent.ThreadPoolExecutor.runWorker(ThreadPoolExecutor.java:1149)
	at java.util.concurrent.ThreadPoolExecutor$Worker.run(ThreadPoolExecutor.java:624)
	... 1 more
Caused by: org.apache.ratis.thirdparty.io.netty.channel.AbstractChannel$AnnotatedConnectException: Connection refused: /192.168.30.63:35892
	at sun.nio.ch.SocketChannelImpl.checkConnect(Native Method)
	at sun.nio.ch.SocketChannelImpl.finishConnect(SocketChannelImpl.java:717)
	at org.apache.ratis.thirdparty.io.netty.channel.socket.nio.NioSocketChannel.doFinishConnect(NioSocketChannel.java:327)
	at org.apache.ratis.thirdparty.io.netty.channel.nio.AbstractNioChannel$AbstractNioUnsafe.finishConnect(AbstractNioChannel.java:340)
	at org.apache.ratis.thirdparty.io.netty.channel.nio.NioEventLoop.processSelectedKey(NioEventLoop.java:632)
	at org.apache.ratis.thirdparty.io.netty.channel.nio.NioEventLoop.processSelectedKeysOptimized(NioEventLoop.java:579)
	at org.apache.ratis.thirdparty.io.netty.channel.nio.NioEventLoop.processSelectedKeys(NioEventLoop.java:496)
	at org.apache.ratis.thirdparty.io.netty.channel.nio.NioEventLoop.run(NioEventLoop.java:458)
	at org.apache.ratis.thirdparty.io.netty.util.concurrent.SingleThreadEventExecutor$5.run(SingleThreadEventExecutor.java:897)
	at org.apache.ratis.thirdparty.io.netty.util.concurrent.FastThreadLocalRunnable.run(FastThreadLocalRunnable.java:30)
	... 1 more
Caused by: java.net.ConnectException: Connection refused
	... 11 more
2019-10-02 00:13:43,750 [4db5ec50-aaae-4c5e-b67c-a912007a418d@group-0E9F5E39BA6E-LeaderElection66] INFO  impl.RoleInfo (RoleInfo.java:shutdownLeaderElection(134)) - 4db5ec50-aaae-4c5e-b67c-a912007a418d: shutdown LeaderElection
2019-10-02 00:13:43,751 [4db5ec50-aaae-4c5e-b67c-a912007a418d@group-0E9F5E39BA6E-LeaderElection66] INFO  impl.RaftServerImpl (RaftServerImpl.java:setRole(170)) - 4db5ec50-aaae-4c5e-b67c-a912007a418d@group-0E9F5E39BA6E: changes role from CANDIDATE to LEADER at term 3 for changeToLeader
2019-10-02 00:13:43,751 [4db5ec50-aaae-4c5e-b67c-a912007a418d@group-0E9F5E39BA6E-LeaderElection66] INFO  impl.RaftServerImpl (ServerState.java:setLeader(255)) - 4db5ec50-aaae-4c5e-b67c-a912007a418d@group-0E9F5E39BA6E: change Leader from null to 4db5ec50-aaae-4c5e-b67c-a912007a418d at term 3 for becomeLeader, leader elected after 54ms
2019-10-02 00:13:43,751 [4db5ec50-aaae-4c5e-b67c-a912007a418d@group-0E9F5E39BA6E-LeaderElection66] INFO  server.RaftServerConfigKeys (ConfUtils.java:logGet(43)) - raft.server.staging.catchup.gap = 1000 (default)
2019-10-02 00:13:43,751 [4db5ec50-aaae-4c5e-b67c-a912007a418d@group-0E9F5E39BA6E-LeaderElection66] INFO  server.RaftServerConfigKeys (ConfUtils.java:logGet(43)) - raft.server.rpc.sleep.time = 25ms (default)
2019-10-02 00:13:43,751 [4db5ec50-aaae-4c5e-b67c-a912007a418d@group-0E9F5E39BA6E-LeaderElection66] INFO  server.RaftServerConfigKeys (ConfUtils.java:logGet(43)) - raft.server.write.element-limit = 4096 (default)
2019-10-02 00:13:43,751 [4db5ec50-aaae-4c5e-b67c-a912007a418d@group-0E9F5E39BA6E-LeaderElection66] INFO  server.RaftServerConfigKeys (ConfUtils.java:logGet(43)) - raft.server.watch.timeout = 10s (default)
2019-10-02 00:13:43,752 [4db5ec50-aaae-4c5e-b67c-a912007a418d@group-0E9F5E39BA6E-LeaderElection66] INFO  server.RaftServerConfigKeys (ConfUtils.java:logGet(43)) - raft.server.watch.timeout.denomination = 1s (default)
2019-10-02 00:13:43,752 [4db5ec50-aaae-4c5e-b67c-a912007a418d@group-0E9F5E39BA6E-LeaderElection66] INFO  server.RaftServerConfigKeys (ConfUtils.java:logGet(43)) - raft.server.watch.element-limit = 65536 (default)
2019-10-02 00:13:43,754 [4db5ec50-aaae-4c5e-b67c-a912007a418d@group-0E9F5E39BA6E-LeaderElection66] INFO  server.RaftServerConfigKeys (ConfUtils.java:logGet(43)) - raft.server.log.appender.snapshot.chunk.size.max = 16MB (=16777216) (default)
2019-10-02 00:13:43,754 [4db5ec50-aaae-4c5e-b67c-a912007a418d@group-0E9F5E39BA6E-LeaderElection66] INFO  server.RaftServerConfigKeys (ConfUtils.java:logGet(43)) - raft.server.log.appender.buffer.byte-limit = 33554432 (custom)
2019-10-02 00:13:43,755 [4db5ec50-aaae-4c5e-b67c-a912007a418d@group-0E9F5E39BA6E-LeaderElection66] INFO  server.RaftServerConfigKeys (ConfUtils.java:logGet(43)) - raft.server.log.appender.buffer.element-limit = 1 (custom)
2019-10-02 00:13:43,755 [4db5ec50-aaae-4c5e-b67c-a912007a418d@group-0E9F5E39BA6E-LeaderElection66] INFO  grpc.GrpcConfigKeys$Server (ConfUtils.java:logGet(43)) - raft.grpc.server.leader.outstanding.appends.max = 128 (default)
2019-10-02 00:13:43,755 [4db5ec50-aaae-4c5e-b67c-a912007a418d@group-0E9F5E39BA6E-LeaderElection66] INFO  server.RaftServerConfigKeys (ConfUtils.java:logGet(43)) - raft.server.rpc.request.timeout = 3000ms (default)
2019-10-02 00:13:43,755 [4db5ec50-aaae-4c5e-b67c-a912007a418d@group-0E9F5E39BA6E-LeaderElection66] INFO  server.RaftServerConfigKeys (ConfUtils.java:logGet(43)) - raft.server.log.appender.install.snapshot.enabled = false (custom)
2019-10-02 00:13:43,755 [4db5ec50-aaae-4c5e-b67c-a912007a418d@group-0E9F5E39BA6E-LeaderElection66] INFO  server.RaftServerConfigKeys (ConfUtils.java:logGet(43)) - raft.server.log.appender.snapshot.chunk.size.max = 16MB (=16777216) (default)
2019-10-02 00:13:43,756 [4db5ec50-aaae-4c5e-b67c-a912007a418d@group-0E9F5E39BA6E-LeaderElection66] INFO  server.RaftServerConfigKeys (ConfUtils.java:logGet(43)) - raft.server.log.appender.buffer.byte-limit = 33554432 (custom)
2019-10-02 00:13:43,756 [4db5ec50-aaae-4c5e-b67c-a912007a418d@group-0E9F5E39BA6E-LeaderElection66] INFO  server.RaftServerConfigKeys (ConfUtils.java:logGet(43)) - raft.server.log.appender.buffer.element-limit = 1 (custom)
2019-10-02 00:13:43,756 [4db5ec50-aaae-4c5e-b67c-a912007a418d@group-0E9F5E39BA6E-LeaderElection66] INFO  grpc.GrpcConfigKeys$Server (ConfUtils.java:logGet(43)) - raft.grpc.server.leader.outstanding.appends.max = 128 (default)
2019-10-02 00:13:43,756 [4db5ec50-aaae-4c5e-b67c-a912007a418d@group-0E9F5E39BA6E-LeaderElection66] INFO  server.RaftServerConfigKeys (ConfUtils.java:logGet(43)) - raft.server.rpc.request.timeout = 3000ms (default)
2019-10-02 00:13:43,756 [4db5ec50-aaae-4c5e-b67c-a912007a418d@group-0E9F5E39BA6E-LeaderElection66] INFO  server.RaftServerConfigKeys (ConfUtils.java:logGet(43)) - raft.server.log.appender.install.snapshot.enabled = false (custom)
2019-10-02 00:13:43,756 [4db5ec50-aaae-4c5e-b67c-a912007a418d@group-0E9F5E39BA6E-LeaderElection66] INFO  impl.RoleInfo (RoleInfo.java:updateAndGet(143)) - 4db5ec50-aaae-4c5e-b67c-a912007a418d: start LeaderState
2019-10-02 00:13:43,757 [4db5ec50-aaae-4c5e-b67c-a912007a418d@group-0E9F5E39BA6E-LeaderElection66] INFO  segmented.SegmentedRaftLogWorker (SegmentedRaftLogWorker.java:rollLogSegment(390)) - 4db5ec50-aaae-4c5e-b67c-a912007a418d@group-0E9F5E39BA6E-SegmentedRaftLogWorker: Rolling segment log-0_15 to index:15
2019-10-02 00:13:43,758 [4db5ec50-aaae-4c5e-b67c-a912007a418d@group-0E9F5E39BA6E-LeaderElection66] INFO  impl.RaftServerImpl (ServerState.java:setRaftConf(356)) - 4db5ec50-aaae-4c5e-b67c-a912007a418d@group-0E9F5E39BA6E: set configuration 16: [4db5ec50-aaae-4c5e-b67c-a912007a418d:192.168.30.63:46233, a63184a2-e924-4873-b8f1-68ec2fadd2e2:192.168.30.63:46821, 5aed1388-c721-48a9-bd34-106b73a27ca6:192.168.30.63:35892], old=null at 16
2019-10-02 00:13:43,759 [grpc-default-executor-9] WARN  server.GrpcLogAppender (LogUtils.java:warn(134)) - 4db5ec50-aaae-4c5e-b67c-a912007a418d@group-0E9F5E39BA6E->5aed1388-c721-48a9-bd34-106b73a27ca6-AppendLogResponseHandler: Failed appendEntries: org.apache.ratis.thirdparty.io.grpc.StatusRuntimeException: UNAVAILABLE: io exception
2019-10-02 00:13:43,759 [4db5ec50-aaae-4c5e-b67c-a912007a418d@group-0E9F5E39BA6E-SegmentedRaftLogWorker] INFO  segmented.SegmentedRaftLogWorker (SegmentedRaftLogWorker.java:execute(531)) - 4db5ec50-aaae-4c5e-b67c-a912007a418d@group-0E9F5E39BA6E-SegmentedRaftLogWorker: Rolled log segment from /workdir/hadoop-ozone/integration-test/target/test-dir/MiniOzoneClusterImpl-dde0f8af-4bf9-42cc-be8d-7f937630f525/datanode-6/data/ratis/9a8f3ce9-020f-49aa-ae88-0e9f5e39ba6e/current/log_inprogress_0 to /workdir/hadoop-ozone/integration-test/target/test-dir/MiniOzoneClusterImpl-dde0f8af-4bf9-42cc-be8d-7f937630f525/datanode-6/data/ratis/9a8f3ce9-020f-49aa-ae88-0e9f5e39ba6e/current/log_0-15
2019-10-02 00:13:43,761 [grpc-default-executor-9] INFO  impl.FollowerInfo (FollowerInfo.java:lambda$new$0(51)) - 4db5ec50-aaae-4c5e-b67c-a912007a418d@group-0E9F5E39BA6E->5aed1388-c721-48a9-bd34-106b73a27ca6: nextIndex: updateUnconditionally 16 -> 1
2019-10-02 00:13:43,761 [grpc-default-executor-9] INFO  impl.RaftServerImpl (ServerState.java:setLeader(255)) - a63184a2-e924-4873-b8f1-68ec2fadd2e2@group-0E9F5E39BA6E: change Leader from null to 4db5ec50-aaae-4c5e-b67c-a912007a418d at term 3 for appendEntries, leader elected after 38ms
2019-10-02 00:13:43,763 [grpc-default-executor-9] INFO  impl.RaftServerImpl (ServerState.java:setRaftConf(356)) - a63184a2-e924-4873-b8f1-68ec2fadd2e2@group-0E9F5E39BA6E: set configuration 16: [4db5ec50-aaae-4c5e-b67c-a912007a418d:192.168.30.63:46233, a63184a2-e924-4873-b8f1-68ec2fadd2e2:192.168.30.63:46821, 5aed1388-c721-48a9-bd34-106b73a27ca6:192.168.30.63:35892], old=null at 16
2019-10-02 00:13:43,763 [grpc-default-executor-9] INFO  segmented.SegmentedRaftLogWorker (SegmentedRaftLogWorker.java:rollLogSegment(390)) - a63184a2-e924-4873-b8f1-68ec2fadd2e2@group-0E9F5E39BA6E-SegmentedRaftLogWorker: Rolling segment log-0_15 to index:15
2019-10-02 00:13:43,764 [a63184a2-e924-4873-b8f1-68ec2fadd2e2@group-0E9F5E39BA6E-SegmentedRaftLogWorker] INFO  segmented.SegmentedRaftLogWorker (SegmentedRaftLogWorker.java:execute(531)) - a63184a2-e924-4873-b8f1-68ec2fadd2e2@group-0E9F5E39BA6E-SegmentedRaftLogWorker: Rolled log segment from /workdir/hadoop-ozone/integration-test/target/test-dir/MiniOzoneClusterImpl-dde0f8af-4bf9-42cc-be8d-7f937630f525/datanode-1/data/ratis/9a8f3ce9-020f-49aa-ae88-0e9f5e39ba6e/current/log_inprogress_0 to /workdir/hadoop-ozone/integration-test/target/test-dir/MiniOzoneClusterImpl-dde0f8af-4bf9-42cc-be8d-7f937630f525/datanode-1/data/ratis/9a8f3ce9-020f-49aa-ae88-0e9f5e39ba6e/current/log_0-15
2019-10-02 00:13:43,809 [4db5ec50-aaae-4c5e-b67c-a912007a418d@group-0E9F5E39BA6E-SegmentedRaftLogWorker] INFO  segmented.SegmentedRaftLogWorker (SegmentedRaftLogWorker.java:execute(574)) - 4db5ec50-aaae-4c5e-b67c-a912007a418d@group-0E9F5E39BA6E-SegmentedRaftLogWorker: created new log segment /workdir/hadoop-ozone/integration-test/target/test-dir/MiniOzoneClusterImpl-dde0f8af-4bf9-42cc-be8d-7f937630f525/datanode-6/data/ratis/9a8f3ce9-020f-49aa-ae88-0e9f5e39ba6e/current/log_inprogress_16
2019-10-02 00:13:43,832 [a63184a2-e924-4873-b8f1-68ec2fadd2e2@group-0E9F5E39BA6E-SegmentedRaftLogWorker] INFO  segmented.SegmentedRaftLogWorker (SegmentedRaftLogWorker.java:execute(574)) - a63184a2-e924-4873-b8f1-68ec2fadd2e2@group-0E9F5E39BA6E-SegmentedRaftLogWorker: created new log segment /workdir/hadoop-ozone/integration-test/target/test-dir/MiniOzoneClusterImpl-dde0f8af-4bf9-42cc-be8d-7f937630f525/datanode-1/data/ratis/9a8f3ce9-020f-49aa-ae88-0e9f5e39ba6e/current/log_inprogress_16
2019-10-02 00:13:43,853 [grpc-default-executor-10] WARN  server.GrpcLogAppender (LogUtils.java:warn(134)) - 4db5ec50-aaae-4c5e-b67c-a912007a418d@group-0E9F5E39BA6E->5aed1388-c721-48a9-bd34-106b73a27ca6-AppendLogResponseHandler: Failed appendEntries: org.apache.ratis.thirdparty.io.grpc.StatusRuntimeException: UNAVAILABLE: io exception
2019-10-02 00:13:43,853 [grpc-default-executor-10] INFO  impl.FollowerInfo (FollowerInfo.java:lambda$new$0(51)) - 4db5ec50-aaae-4c5e-b67c-a912007a418d@group-0E9F5E39BA6E->5aed1388-c721-48a9-bd34-106b73a27ca6: nextIndex: updateUnconditionally 2 -> 1
2019-10-02 00:13:43,864 [grpc-default-executor-9] WARN  server.GrpcLogAppender (LogUtils.java:warn(134)) - 4db5ec50-aaae-4c5e-b67c-a912007a418d@group-0E9F5E39BA6E->5aed1388-c721-48a9-bd34-106b73a27ca6-AppendLogResponseHandler: Failed appendEntries: org.apache.ratis.thirdparty.io.grpc.StatusRuntimeException: UNAVAILABLE: io exception
2019-10-02 00:13:43,865 [grpc-default-executor-9] INFO  impl.FollowerInfo (FollowerInfo.java:lambda$new$0(51)) - 4db5ec50-aaae-4c5e-b67c-a912007a418d@group-0E9F5E39BA6E->5aed1388-c721-48a9-bd34-106b73a27ca6: nextIndex: updateUnconditionally 2 -> 1
2019-10-02 00:13:46,366 [grpc-default-executor-10] WARN  server.GrpcLogAppender (LogUtils.java:warn(134)) - 4db5ec50-aaae-4c5e-b67c-a912007a418d@group-0E9F5E39BA6E->5aed1388-c721-48a9-bd34-106b73a27ca6-AppendLogResponseHandler: Failed appendEntries: org.apache.ratis.thirdparty.io.grpc.StatusRuntimeException: UNAVAILABLE: io exception
2019-10-02 00:13:46,366 [grpc-default-executor-10] INFO  impl.FollowerInfo (FollowerInfo.java:lambda$new$0(51)) - 4db5ec50-aaae-4c5e-b67c-a912007a418d@group-0E9F5E39BA6E->5aed1388-c721-48a9-bd34-106b73a27ca6: nextIndex: updateUnconditionally 1 -> 0
00:13:46.867 [grpc-default-executor-10] ERROR DNAudit - user=null | ip=null | op=WRITE_CHUNK {blockData=conID: 1 locID: 102889894630129677 bcsId: 13} | ret=FAILURE
org.apache.hadoop.hdds.scm.container.common.helpers.ContainerNotOpenException: Container 1 in CLOSING state
	at org.apache.hadoop.ozone.container.common.impl.HddsDispatcher.validateContainerCommand(HddsDispatcher.java:434) ~[hadoop-hdds-container-service-0.5.0-SNAPSHOT.jar:?]
	at org.apache.hadoop.ozone.container.common.transport.server.ratis.ContainerStateMachine.startTransaction(ContainerStateMachine.java:315) ~[hadoop-hdds-container-service-0.5.0-SNAPSHOT.jar:?]
	at org.apache.ratis.server.impl.RaftServerImpl.submitClientRequestAsync(RaftServerImpl.java:569) ~[ratis-server-0.5.0-201fc85-SNAPSHOT.jar:0.5.0-201fc85-SNAPSHOT]
	at org.apache.ratis.server.impl.RaftServerProxy.lambda$submitClientRequestAsync$7(RaftServerProxy.java:333) ~[ratis-server-0.5.0-201fc85-SNAPSHOT.jar:0.5.0-201fc85-SNAPSHOT]
	at org.apache.ratis.server.impl.RaftServerProxy.lambda$null$5(RaftServerProxy.java:328) ~[ratis-server-0.5.0-201fc85-SNAPSHOT.jar:0.5.0-201fc85-SNAPSHOT]
	at org.apache.ratis.util.JavaUtils.callAsUnchecked(JavaUtils.java:109) ~[ratis-common-0.5.0-201fc85-SNAPSHOT.jar:0.5.0-201fc85-SNAPSHOT]
	at org.apache.ratis.server.impl.RaftServerProxy.lambda$submitRequest$6(RaftServerProxy.java:328) ~[ratis-server-0.5.0-201fc85-SNAPSHOT.jar:0.5.0-201fc85-SNAPSHOT]
	at java.util.concurrent.CompletableFuture.uniComposeStage(CompletableFuture.java:981) ~[?:1.8.0_212]
	at java.util.concurrent.CompletableFuture.thenCompose(CompletableFuture.java:2124) ~[?:1.8.0_212]
	at org.apache.ratis.server.impl.RaftServerProxy.submitRequest(RaftServerProxy.java:327) ~[ratis-server-0.5.0-201fc85-SNAPSHOT.jar:0.5.0-201fc85-SNAPSHOT]
	at org.apache.ratis.server.impl.RaftServerProxy.submitClientRequestAsync(RaftServerProxy.java:333) ~[ratis-server-0.5.0-201fc85-SNAPSHOT.jar:0.5.0-201fc85-SNAPSHOT]
	at org.apache.ratis.grpc.client.GrpcClientProtocolService$RequestStreamObserver.processClientRequest(GrpcClientProtocolService.java:220) ~[ratis-grpc-0.5.0-201fc85-SNAPSHOT.jar:0.5.0-201fc85-SNAPSHOT]
	at org.apache.ratis.grpc.client.GrpcClientProtocolService$OrderedRequestStreamObserver.processClientRequest(GrpcClientProtocolService.java:326) ~[ratis-grpc-0.5.0-201fc85-SNAPSHOT.jar:0.5.0-201fc85-SNAPSHOT]
	at org.apache.ratis.util.SlidingWindow$Server.processRequestsFromHead(SlidingWindow.java:429) [ratis-common-0.5.0-201fc85-SNAPSHOT.jar:0.5.0-201fc85-SNAPSHOT]
	at org.apache.ratis.util.SlidingWindow$Server.receivedRequest(SlidingWindow.java:421) [ratis-common-0.5.0-201fc85-SNAPSHOT.jar:0.5.0-201fc85-SNAPSHOT]
	at org.apache.ratis.grpc.client.GrpcClientProtocolService$OrderedRequestStreamObserver.processClientRequest(GrpcClientProtocolService.java:345) [ratis-grpc-0.5.0-201fc85-SNAPSHOT.jar:0.5.0-201fc85-SNAPSHOT]
	at org.apache.ratis.grpc.client.GrpcClientProtocolService$RequestStreamObserver.onNext(GrpcClientProtocolService.java:240) [ratis-grpc-0.5.0-201fc85-SNAPSHOT.jar:0.5.0-201fc85-SNAPSHOT]
	at org.apache.ratis.grpc.client.GrpcClientProtocolService$RequestStreamObserver.onNext(GrpcClientProtocolService.java:168) [ratis-grpc-0.5.0-201fc85-SNAPSHOT.jar:0.5.0-201fc85-SNAPSHOT]
	at org.apache.ratis.thirdparty.io.grpc.stub.ServerCalls$StreamingServerCallHandler$StreamingServerCallListener.onMessage(ServerCalls.java:248) [ratis-thirdparty-misc-0.2.0.jar:0.2.0]
	at org.apache.ratis.thirdparty.io.grpc.internal.ServerCallImpl$ServerStreamListenerImpl.messagesAvailable(ServerCallImpl.java:263) [ratis-thirdparty-misc-0.2.0.jar:0.2.0]
	at org.apache.ratis.thirdparty.io.grpc.internal.ServerImpl$JumpToApplicationThreadServerStreamListener$1MessagesAvailable.runInContext(ServerImpl.java:686) [ratis-thirdparty-misc-0.2.0.jar:0.2.0]
	at org.apache.ratis.thirdparty.io.grpc.internal.ContextRunnable.run(ContextRunnable.java:37) [ratis-thirdparty-misc-0.2.0.jar:0.2.0]
	at org.apache.ratis.thirdparty.io.grpc.internal.SerializingExecutor.run(SerializingExecutor.java:123) [ratis-thirdparty-misc-0.2.0.jar:0.2.0]
	at java.util.concurrent.ThreadPoolExecutor.runWorker(ThreadPoolExecutor.java:1149) [?:1.8.0_212]
	at java.util.concurrent.ThreadPoolExecutor$Worker.run(ThreadPoolExecutor.java:624) [?:1.8.0_212]
	at java.lang.Thread.run(Thread.java:748) [?:1.8.0_212]
00:13:46.882 [grpc-default-executor-5] ERROR DNAudit - user=null | ip=null | op=WRITE_CHUNK {blockData=conID: 1 locID: 102889894630129677 bcsId: 13} | ret=FAILURE
org.apache.hadoop.hdds.scm.container.common.helpers.ContainerNotOpenException: Container 1 in CLOSING state
	at org.apache.hadoop.ozone.container.common.impl.HddsDispatcher.validateContainerCommand(HddsDispatcher.java:434) ~[hadoop-hdds-container-service-0.5.0-SNAPSHOT.jar:?]
	at org.apache.hadoop.ozone.container.common.transport.server.ratis.ContainerStateMachine.startTransaction(ContainerStateMachine.java:315) ~[hadoop-hdds-container-service-0.5.0-SNAPSHOT.jar:?]
	at org.apache.ratis.server.impl.RaftServerImpl.submitClientRequestAsync(RaftServerImpl.java:569) ~[ratis-server-0.5.0-201fc85-SNAPSHOT.jar:0.5.0-201fc85-SNAPSHOT]
	at org.apache.ratis.server.impl.RaftServerProxy.lambda$submitClientRequestAsync$7(RaftServerProxy.java:333) ~[ratis-server-0.5.0-201fc85-SNAPSHOT.jar:0.5.0-201fc85-SNAPSHOT]
	at org.apache.ratis.server.impl.RaftServerProxy.lambda$null$5(RaftServerProxy.java:328) ~[ratis-server-0.5.0-201fc85-SNAPSHOT.jar:0.5.0-201fc85-SNAPSHOT]
	at org.apache.ratis.util.JavaUtils.callAsUnchecked(JavaUtils.java:109) ~[ratis-common-0.5.0-201fc85-SNAPSHOT.jar:0.5.0-201fc85-SNAPSHOT]
	at org.apache.ratis.server.impl.RaftServerProxy.lambda$submitRequest$6(RaftServerProxy.java:328) ~[ratis-server-0.5.0-201fc85-SNAPSHOT.jar:0.5.0-201fc85-SNAPSHOT]
	at java.util.concurrent.CompletableFuture.uniComposeStage(CompletableFuture.java:981) ~[?:1.8.0_212]
	at java.util.concurrent.CompletableFuture.thenCompose(CompletableFuture.java:2124) ~[?:1.8.0_212]
	at org.apache.ratis.server.impl.RaftServerProxy.submitRequest(RaftServerProxy.java:327) ~[ratis-server-0.5.0-201fc85-SNAPSHOT.jar:0.5.0-201fc85-SNAPSHOT]
	at org.apache.ratis.server.impl.RaftServerProxy.submitClientRequestAsync(RaftServerProxy.java:333) ~[ratis-server-0.5.0-201fc85-SNAPSHOT.jar:0.5.0-201fc85-SNAPSHOT]
	at org.apache.ratis.grpc.client.GrpcClientProtocolService$RequestStreamObserver.processClientRequest(GrpcClientProtocolService.java:220) ~[ratis-grpc-0.5.0-201fc85-SNAPSHOT.jar:0.5.0-201fc85-SNAPSHOT]
	at org.apache.ratis.grpc.client.GrpcClientProtocolService$OrderedRequestStreamObserver.processClientRequest(GrpcClientProtocolService.java:326) ~[ratis-grpc-0.5.0-201fc85-SNAPSHOT.jar:0.5.0-201fc85-SNAPSHOT]
	at org.apache.ratis.util.SlidingWindow$Server.processRequestsFromHead(SlidingWindow.java:429) [ratis-common-0.5.0-201fc85-SNAPSHOT.jar:0.5.0-201fc85-SNAPSHOT]
	at org.apache.ratis.util.SlidingWindow$Server.receivedRequest(SlidingWindow.java:421) [ratis-common-0.5.0-201fc85-SNAPSHOT.jar:0.5.0-201fc85-SNAPSHOT]
	at org.apache.ratis.grpc.client.GrpcClientProtocolService$OrderedRequestStreamObserver.processClientRequest(GrpcClientProtocolService.java:345) [ratis-grpc-0.5.0-201fc85-SNAPSHOT.jar:0.5.0-201fc85-SNAPSHOT]
	at org.apache.ratis.grpc.client.GrpcClientProtocolService$RequestStreamObserver.onNext(GrpcClientProtocolService.java:240) [ratis-grpc-0.5.0-201fc85-SNAPSHOT.jar:0.5.0-201fc85-SNAPSHOT]
	at org.apache.ratis.grpc.client.GrpcClientProtocolService$RequestStreamObserver.onNext(GrpcClientProtocolService.java:168) [ratis-grpc-0.5.0-201fc85-SNAPSHOT.jar:0.5.0-201fc85-SNAPSHOT]
	at org.apache.ratis.thirdparty.io.grpc.stub.ServerCalls$StreamingServerCallHandler$StreamingServerCallListener.onMessage(ServerCalls.java:248) [ratis-thirdparty-misc-0.2.0.jar:0.2.0]
	at org.apache.ratis.thirdparty.io.grpc.internal.ServerCallImpl$ServerStreamListenerImpl.messagesAvailable(ServerCallImpl.java:263) [ratis-thirdparty-misc-0.2.0.jar:0.2.0]
	at org.apache.ratis.thirdparty.io.grpc.internal.ServerImpl$JumpToApplicationThreadServerStreamListener$1MessagesAvailable.runInContext(ServerImpl.java:686) [ratis-thirdparty-misc-0.2.0.jar:0.2.0]
	at org.apache.ratis.thirdparty.io.grpc.internal.ContextRunnable.run(ContextRunnable.java:37) [ratis-thirdparty-misc-0.2.0.jar:0.2.0]
	at org.apache.ratis.thirdparty.io.grpc.internal.SerializingExecutor.run(SerializingExecutor.java:123) [ratis-thirdparty-misc-0.2.0.jar:0.2.0]
	at java.util.concurrent.ThreadPoolExecutor.runWorker(ThreadPoolExecutor.java:1149) [?:1.8.0_212]
	at java.util.concurrent.ThreadPoolExecutor$Worker.run(ThreadPoolExecutor.java:624) [?:1.8.0_212]
	at java.lang.Thread.run(Thread.java:748) [?:1.8.0_212]
00:13:46.884 [grpc-default-executor-5] ERROR DNAudit - user=null | ip=null | op=PUT_BLOCK {blockData=[blockId=conID: 1 locID: 102889894630129677 bcsId: 0,size=650]} | ret=FAILURE
org.apache.hadoop.hdds.scm.container.common.helpers.ContainerNotOpenException: Container 1 in CLOSING state
	at org.apache.hadoop.ozone.container.common.impl.HddsDispatcher.validateContainerCommand(HddsDispatcher.java:434) ~[hadoop-hdds-container-service-0.5.0-SNAPSHOT.jar:?]
	at org.apache.hadoop.ozone.container.common.transport.server.ratis.ContainerStateMachine.startTransaction(ContainerStateMachine.java:315) ~[hadoop-hdds-container-service-0.5.0-SNAPSHOT.jar:?]
	at org.apache.ratis.server.impl.RaftServerImpl.submitClientRequestAsync(RaftServerImpl.java:569) ~[ratis-server-0.5.0-201fc85-SNAPSHOT.jar:0.5.0-201fc85-SNAPSHOT]
	at org.apache.ratis.server.impl.RaftServerProxy.lambda$submitClientRequestAsync$7(RaftServerProxy.java:333) ~[ratis-server-0.5.0-201fc85-SNAPSHOT.jar:0.5.0-201fc85-SNAPSHOT]
	at org.apache.ratis.server.impl.RaftServerProxy.lambda$null$5(RaftServerProxy.java:328) ~[ratis-server-0.5.0-201fc85-SNAPSHOT.jar:0.5.0-201fc85-SNAPSHOT]
	at org.apache.ratis.util.JavaUtils.callAsUnchecked(JavaUtils.java:109) ~[ratis-common-0.5.0-201fc85-SNAPSHOT.jar:0.5.0-201fc85-SNAPSHOT]
	at org.apache.ratis.server.impl.RaftServerProxy.lambda$submitRequest$6(RaftServerProxy.java:328) ~[ratis-server-0.5.0-201fc85-SNAPSHOT.jar:0.5.0-201fc85-SNAPSHOT]
	at java.util.concurrent.CompletableFuture.uniComposeStage(CompletableFuture.java:981) ~[?:1.8.0_212]
	at java.util.concurrent.CompletableFuture.thenCompose(CompletableFuture.java:2124) ~[?:1.8.0_212]
	at org.apache.ratis.server.impl.RaftServerProxy.submitRequest(RaftServerProxy.java:327) ~[ratis-server-0.5.0-201fc85-SNAPSHOT.jar:0.5.0-201fc85-SNAPSHOT]
	at org.apache.ratis.server.impl.RaftServerProxy.submitClientRequestAsync(RaftServerProxy.java:333) ~[ratis-server-0.5.0-201fc85-SNAPSHOT.jar:0.5.0-201fc85-SNAPSHOT]
	at org.apache.ratis.grpc.client.GrpcClientProtocolService$RequestStreamObserver.processClientRequest(GrpcClientProtocolService.java:220) ~[ratis-grpc-0.5.0-201fc85-SNAPSHOT.jar:0.5.0-201fc85-SNAPSHOT]
	at org.apache.ratis.grpc.client.GrpcClientProtocolService$OrderedRequestStreamObserver.processClientRequest(GrpcClientProtocolService.java:326) ~[ratis-grpc-0.5.0-201fc85-SNAPSHOT.jar:0.5.0-201fc85-SNAPSHOT]
	at org.apache.ratis.util.SlidingWindow$Server.processRequestsFromHead(SlidingWindow.java:429) [ratis-common-0.5.0-201fc85-SNAPSHOT.jar:0.5.0-201fc85-SNAPSHOT]
	at org.apache.ratis.util.SlidingWindow$Server.receivedRequest(SlidingWindow.java:421) [ratis-common-0.5.0-201fc85-SNAPSHOT.jar:0.5.0-201fc85-SNAPSHOT]
	at org.apache.ratis.grpc.client.GrpcClientProtocolService$OrderedRequestStreamObserver.processClientRequest(GrpcClientProtocolService.java:345) [ratis-grpc-0.5.0-201fc85-SNAPSHOT.jar:0.5.0-201fc85-SNAPSHOT]
	at org.apache.ratis.grpc.client.GrpcClientProtocolService$RequestStreamObserver.onNext(GrpcClientProtocolService.java:240) [ratis-grpc-0.5.0-201fc85-SNAPSHOT.jar:0.5.0-201fc85-SNAPSHOT]
	at org.apache.ratis.grpc.client.GrpcClientProtocolService$RequestStreamObserver.onNext(GrpcClientProtocolService.java:168) [ratis-grpc-0.5.0-201fc85-SNAPSHOT.jar:0.5.0-201fc85-SNAPSHOT]
	at org.apache.ratis.thirdparty.io.grpc.stub.ServerCalls$StreamingServerCallHandler$StreamingServerCallListener.onMessage(ServerCalls.java:248) [ratis-thirdparty-misc-0.2.0.jar:0.2.0]
	at org.apache.ratis.thirdparty.io.grpc.internal.ServerCallImpl$ServerStreamListenerImpl.messagesAvailable(ServerCallImpl.java:263) [ratis-thirdparty-misc-0.2.0.jar:0.2.0]
	at org.apache.ratis.thirdparty.io.grpc.internal.ServerImpl$JumpToApplicationThreadServerStreamListener$1MessagesAvailable.runInContext(ServerImpl.java:686) [ratis-thirdparty-misc-0.2.0.jar:0.2.0]
	at org.apache.ratis.thirdparty.io.grpc.internal.ContextRunnable.run(ContextRunnable.java:37) [ratis-thirdparty-misc-0.2.0.jar:0.2.0]
	at org.apache.ratis.thirdparty.io.grpc.internal.SerializingExecutor.run(SerializingExecutor.java:123) [ratis-thirdparty-misc-0.2.0.jar:0.2.0]
	at java.util.concurrent.ThreadPoolExecutor.runWorker(ThreadPoolExecutor.java:1149) [?:1.8.0_212]
	at java.util.concurrent.ThreadPoolExecutor$Worker.run(ThreadPoolExecutor.java:624) [?:1.8.0_212]
	at java.lang.Thread.run(Thread.java:748) [?:1.8.0_212]
00:13:46.895 [grpc-default-executor-5] ERROR DNAudit - user=null | ip=null | op=WRITE_CHUNK {blockData=conID: 1 locID: 102889894630129677 bcsId: 13} | ret=FAILURE
org.apache.hadoop.hdds.scm.container.common.helpers.ContainerNotOpenException: Container 1 in CLOSING state
	at org.apache.hadoop.ozone.container.common.impl.HddsDispatcher.validateContainerCommand(HddsDispatcher.java:434) ~[hadoop-hdds-container-service-0.5.0-SNAPSHOT.jar:?]
	at org.apache.hadoop.ozone.container.common.transport.server.ratis.ContainerStateMachine.startTransaction(ContainerStateMachine.java:315) ~[hadoop-hdds-container-service-0.5.0-SNAPSHOT.jar:?]
	at org.apache.ratis.server.impl.RaftServerImpl.submitClientRequestAsync(RaftServerImpl.java:569) ~[ratis-server-0.5.0-201fc85-SNAPSHOT.jar:0.5.0-201fc85-SNAPSHOT]
	at org.apache.ratis.server.impl.RaftServerProxy.lambda$submitClientRequestAsync$7(RaftServerProxy.java:333) ~[ratis-server-0.5.0-201fc85-SNAPSHOT.jar:0.5.0-201fc85-SNAPSHOT]
	at org.apache.ratis.server.impl.RaftServerProxy.lambda$null$5(RaftServerProxy.java:328) ~[ratis-server-0.5.0-201fc85-SNAPSHOT.jar:0.5.0-201fc85-SNAPSHOT]
	at org.apache.ratis.util.JavaUtils.callAsUnchecked(JavaUtils.java:109) ~[ratis-common-0.5.0-201fc85-SNAPSHOT.jar:0.5.0-201fc85-SNAPSHOT]
	at org.apache.ratis.server.impl.RaftServerProxy.lambda$submitRequest$6(RaftServerProxy.java:328) ~[ratis-server-0.5.0-201fc85-SNAPSHOT.jar:0.5.0-201fc85-SNAPSHOT]
	at java.util.concurrent.CompletableFuture.uniComposeStage(CompletableFuture.java:981) ~[?:1.8.0_212]
	at java.util.concurrent.CompletableFuture.thenCompose(CompletableFuture.java:2124) ~[?:1.8.0_212]
	at org.apache.ratis.server.impl.RaftServerProxy.submitRequest(RaftServerProxy.java:327) ~[ratis-server-0.5.0-201fc85-SNAPSHOT.jar:0.5.0-201fc85-SNAPSHOT]
	at org.apache.ratis.server.impl.RaftServerProxy.submitClientRequestAsync(RaftServerProxy.java:333) ~[ratis-server-0.5.0-201fc85-SNAPSHOT.jar:0.5.0-201fc85-SNAPSHOT]
	at org.apache.ratis.grpc.client.GrpcClientProtocolService$RequestStreamObserver.processClientRequest(GrpcClientProtocolService.java:220) ~[ratis-grpc-0.5.0-201fc85-SNAPSHOT.jar:0.5.0-201fc85-SNAPSHOT]
	at org.apache.ratis.grpc.client.GrpcClientProtocolService$OrderedRequestStreamObserver.processClientRequest(GrpcClientProtocolService.java:326) ~[ratis-grpc-0.5.0-201fc85-SNAPSHOT.jar:0.5.0-201fc85-SNAPSHOT]
	at org.apache.ratis.util.SlidingWindow$Server.processRequestsFromHead(SlidingWindow.java:429) [ratis-common-0.5.0-201fc85-SNAPSHOT.jar:0.5.0-201fc85-SNAPSHOT]
	at org.apache.ratis.util.SlidingWindow$Server.receivedRequest(SlidingWindow.java:421) [ratis-common-0.5.0-201fc85-SNAPSHOT.jar:0.5.0-201fc85-SNAPSHOT]
	at org.apache.ratis.grpc.client.GrpcClientProtocolService$OrderedRequestStreamObserver.processClientRequest(GrpcClientProtocolService.java:345) [ratis-grpc-0.5.0-201fc85-SNAPSHOT.jar:0.5.0-201fc85-SNAPSHOT]
	at org.apache.ratis.grpc.client.GrpcClientProtocolService$RequestStreamObserver.onNext(GrpcClientProtocolService.java:240) [ratis-grpc-0.5.0-201fc85-SNAPSHOT.jar:0.5.0-201fc85-SNAPSHOT]
	at org.apache.ratis.grpc.client.GrpcClientProtocolService$RequestStreamObserver.onNext(GrpcClientProtocolService.java:168) [ratis-grpc-0.5.0-201fc85-SNAPSHOT.jar:0.5.0-201fc85-SNAPSHOT]
	at org.apache.ratis.thirdparty.io.grpc.stub.ServerCalls$StreamingServerCallHandler$StreamingServerCallListener.onMessage(ServerCalls.java:248) [ratis-thirdparty-misc-0.2.0.jar:0.2.0]
	at org.apache.ratis.thirdparty.io.grpc.internal.ServerCallImpl$ServerStreamListenerImpl.messagesAvailable(ServerCallImpl.java:263) [ratis-thirdparty-misc-0.2.0.jar:0.2.0]
	at org.apache.ratis.thirdparty.io.grpc.internal.ServerImpl$JumpToApplicationThreadServerStreamListener$1MessagesAvailable.runInContext(ServerImpl.java:686) [ratis-thirdparty-misc-0.2.0.jar:0.2.0]
	at org.apache.ratis.thirdparty.io.grpc.internal.ContextRunnable.run(ContextRunnable.java:37) [ratis-thirdparty-misc-0.2.0.jar:0.2.0]
	at org.apache.ratis.thirdparty.io.grpc.internal.SerializingExecutor.run(SerializingExecutor.java:123) [ratis-thirdparty-misc-0.2.0.jar:0.2.0]
	at java.util.concurrent.ThreadPoolExecutor.runWorker(ThreadPoolExecutor.java:1149) [?:1.8.0_212]
	at java.util.concurrent.ThreadPoolExecutor$Worker.run(ThreadPoolExecutor.java:624) [?:1.8.0_212]
	at java.lang.Thread.run(Thread.java:748) [?:1.8.0_212]
00:13:46.897 [grpc-default-executor-5] ERROR DNAudit - user=null | ip=null | op=WRITE_CHUNK {blockData=conID: 1 locID: 102889894630129677 bcsId: 13} | ret=FAILURE
org.apache.hadoop.hdds.scm.container.common.helpers.ContainerNotOpenException: Container 1 in CLOSING state
	at org.apache.hadoop.ozone.container.common.impl.HddsDispatcher.validateContainerCommand(HddsDispatcher.java:434) ~[hadoop-hdds-container-service-0.5.0-SNAPSHOT.jar:?]
	at org.apache.hadoop.ozone.container.common.transport.server.ratis.ContainerStateMachine.startTransaction(ContainerStateMachine.java:315) ~[hadoop-hdds-container-service-0.5.0-SNAPSHOT.jar:?]
	at org.apache.ratis.server.impl.RaftServerImpl.submitClientRequestAsync(RaftServerImpl.java:569) ~[ratis-server-0.5.0-201fc85-SNAPSHOT.jar:0.5.0-201fc85-SNAPSHOT]
	at org.apache.ratis.server.impl.RaftServerProxy.lambda$submitClientRequestAsync$7(RaftServerProxy.java:333) ~[ratis-server-0.5.0-201fc85-SNAPSHOT.jar:0.5.0-201fc85-SNAPSHOT]
	at org.apache.ratis.server.impl.RaftServerProxy.lambda$null$5(RaftServerProxy.java:328) ~[ratis-server-0.5.0-201fc85-SNAPSHOT.jar:0.5.0-201fc85-SNAPSHOT]
	at org.apache.ratis.util.JavaUtils.callAsUnchecked(JavaUtils.java:109) ~[ratis-common-0.5.0-201fc85-SNAPSHOT.jar:0.5.0-201fc85-SNAPSHOT]
	at org.apache.ratis.server.impl.RaftServerProxy.lambda$submitRequest$6(RaftServerProxy.java:328) ~[ratis-server-0.5.0-201fc85-SNAPSHOT.jar:0.5.0-201fc85-SNAPSHOT]
	at java.util.concurrent.CompletableFuture.uniComposeStage(CompletableFuture.java:981) ~[?:1.8.0_212]
	at java.util.concurrent.CompletableFuture.thenCompose(CompletableFuture.java:2124) ~[?:1.8.0_212]
	at org.apache.ratis.server.impl.RaftServerProxy.submitRequest(RaftServerProxy.java:327) ~[ratis-server-0.5.0-201fc85-SNAPSHOT.jar:0.5.0-201fc85-SNAPSHOT]
	at org.apache.ratis.server.impl.RaftServerProxy.submitClientRequestAsync(RaftServerProxy.java:333) ~[ratis-server-0.5.0-201fc85-SNAPSHOT.jar:0.5.0-201fc85-SNAPSHOT]
	at org.apache.ratis.grpc.client.GrpcClientProtocolService$RequestStreamObserver.processClientRequest(GrpcClientProtocolService.java:220) ~[ratis-grpc-0.5.0-201fc85-SNAPSHOT.jar:0.5.0-201fc85-SNAPSHOT]
	at org.apache.ratis.grpc.client.GrpcClientProtocolService$OrderedRequestStreamObserver.processClientRequest(GrpcClientProtocolService.java:326) ~[ratis-grpc-0.5.0-201fc85-SNAPSHOT.jar:0.5.0-201fc85-SNAPSHOT]
	at org.apache.ratis.util.SlidingWindow$Server.processRequestsFromHead(SlidingWindow.java:429) [ratis-common-0.5.0-201fc85-SNAPSHOT.jar:0.5.0-201fc85-SNAPSHOT]
	at org.apache.ratis.util.SlidingWindow$Server.receivedRequest(SlidingWindow.java:421) [ratis-common-0.5.0-201fc85-SNAPSHOT.jar:0.5.0-201fc85-SNAPSHOT]
	at org.apache.ratis.grpc.client.GrpcClientProtocolService$OrderedRequestStreamObserver.processClientRequest(GrpcClientProtocolService.java:345) [ratis-grpc-0.5.0-201fc85-SNAPSHOT.jar:0.5.0-201fc85-SNAPSHOT]
	at org.apache.ratis.grpc.client.GrpcClientProtocolService$RequestStreamObserver.onNext(GrpcClientProtocolService.java:240) [ratis-grpc-0.5.0-201fc85-SNAPSHOT.jar:0.5.0-201fc85-SNAPSHOT]
	at org.apache.ratis.grpc.client.GrpcClientProtocolService$RequestStreamObserver.onNext(GrpcClientProtocolService.java:168) [ratis-grpc-0.5.0-201fc85-SNAPSHOT.jar:0.5.0-201fc85-SNAPSHOT]
	at org.apache.ratis.thirdparty.io.grpc.stub.ServerCalls$StreamingServerCallHandler$StreamingServerCallListener.onMessage(ServerCalls.java:248) [ratis-thirdparty-misc-0.2.0.jar:0.2.0]
	at org.apache.ratis.thirdparty.io.grpc.internal.ServerCallImpl$ServerStreamListenerImpl.messagesAvailable(ServerCallImpl.java:263) [ratis-thirdparty-misc-0.2.0.jar:0.2.0]
	at org.apache.ratis.thirdparty.io.grpc.internal.ServerImpl$JumpToApplicationThreadServerStreamListener$1MessagesAvailable.runInContext(ServerImpl.java:686) [ratis-thirdparty-misc-0.2.0.jar:0.2.0]
	at org.apache.ratis.thirdparty.io.grpc.internal.ContextRunnable.run(ContextRunnable.java:37) [ratis-thirdparty-misc-0.2.0.jar:0.2.0]
	at org.apache.ratis.thirdparty.io.grpc.internal.SerializingExecutor.run(SerializingExecutor.java:123) [ratis-thirdparty-misc-0.2.0.jar:0.2.0]
	at java.util.concurrent.ThreadPoolExecutor.runWorker(ThreadPoolExecutor.java:1149) [?:1.8.0_212]
	at java.util.concurrent.ThreadPoolExecutor$Worker.run(ThreadPoolExecutor.java:624) [?:1.8.0_212]
	at java.lang.Thread.run(Thread.java:748) [?:1.8.0_212]
00:13:46.906 [grpc-default-executor-5] ERROR DNAudit - user=null | ip=null | op=PUT_BLOCK {blockData=[blockId=conID: 1 locID: 102889894630129677 bcsId: 0,size=800]} | ret=FAILURE
org.apache.hadoop.hdds.scm.container.common.helpers.ContainerNotOpenException: Container 1 in CLOSING state
	at org.apache.hadoop.ozone.container.common.impl.HddsDispatcher.validateContainerCommand(HddsDispatcher.java:434) ~[hadoop-hdds-container-service-0.5.0-SNAPSHOT.jar:?]
	at org.apache.hadoop.ozone.container.common.transport.server.ratis.ContainerStateMachine.startTransaction(ContainerStateMachine.java:315) ~[hadoop-hdds-container-service-0.5.0-SNAPSHOT.jar:?]
	at org.apache.ratis.server.impl.RaftServerImpl.submitClientRequestAsync(RaftServerImpl.java:569) ~[ratis-server-0.5.0-201fc85-SNAPSHOT.jar:0.5.0-201fc85-SNAPSHOT]
	at org.apache.ratis.server.impl.RaftServerProxy.lambda$submitClientRequestAsync$7(RaftServerProxy.java:333) ~[ratis-server-0.5.0-201fc85-SNAPSHOT.jar:0.5.0-201fc85-SNAPSHOT]
	at org.apache.ratis.server.impl.RaftServerProxy.lambda$null$5(RaftServerProxy.java:328) ~[ratis-server-0.5.0-201fc85-SNAPSHOT.jar:0.5.0-201fc85-SNAPSHOT]
	at org.apache.ratis.util.JavaUtils.callAsUnchecked(JavaUtils.java:109) ~[ratis-common-0.5.0-201fc85-SNAPSHOT.jar:0.5.0-201fc85-SNAPSHOT]
	at org.apache.ratis.server.impl.RaftServerProxy.lambda$submitRequest$6(RaftServerProxy.java:328) ~[ratis-server-0.5.0-201fc85-SNAPSHOT.jar:0.5.0-201fc85-SNAPSHOT]
	at java.util.concurrent.CompletableFuture.uniComposeStage(CompletableFuture.java:981) ~[?:1.8.0_212]
	at java.util.concurrent.CompletableFuture.thenCompose(CompletableFuture.java:2124) ~[?:1.8.0_212]
	at org.apache.ratis.server.impl.RaftServerProxy.submitRequest(RaftServerProxy.java:327) ~[ratis-server-0.5.0-201fc85-SNAPSHOT.jar:0.5.0-201fc85-SNAPSHOT]
	at org.apache.ratis.server.impl.RaftServerProxy.submitClientRequestAsync(RaftServerProxy.java:333) ~[ratis-server-0.5.0-201fc85-SNAPSHOT.jar:0.5.0-201fc85-SNAPSHOT]
	at org.apache.ratis.grpc.client.GrpcClientProtocolService$RequestStreamObserver.processClientRequest(GrpcClientProtocolService.java:220) ~[ratis-grpc-0.5.0-201fc85-SNAPSHOT.jar:0.5.0-201fc85-SNAPSHOT]
	at org.apache.ratis.grpc.client.GrpcClientProtocolService$OrderedRequestStreamObserver.processClientRequest(GrpcClientProtocolService.java:326) ~[ratis-grpc-0.5.0-201fc85-SNAPSHOT.jar:0.5.0-201fc85-SNAPSHOT]
	at org.apache.ratis.util.SlidingWindow$Server.processRequestsFromHead(SlidingWindow.java:429) [ratis-common-0.5.0-201fc85-SNAPSHOT.jar:0.5.0-201fc85-SNAPSHOT]
	at org.apache.ratis.util.SlidingWindow$Server.receivedRequest(SlidingWindow.java:421) [ratis-common-0.5.0-201fc85-SNAPSHOT.jar:0.5.0-201fc85-SNAPSHOT]
	at org.apache.ratis.grpc.client.GrpcClientProtocolService$OrderedRequestStreamObserver.processClientRequest(GrpcClientProtocolService.java:345) [ratis-grpc-0.5.0-201fc85-SNAPSHOT.jar:0.5.0-201fc85-SNAPSHOT]
	at org.apache.ratis.grpc.client.GrpcClientProtocolService$RequestStreamObserver.onNext(GrpcClientProtocolService.java:240) [ratis-grpc-0.5.0-201fc85-SNAPSHOT.jar:0.5.0-201fc85-SNAPSHOT]
	at org.apache.ratis.grpc.client.GrpcClientProtocolService$RequestStreamObserver.onNext(GrpcClientProtocolService.java:168) [ratis-grpc-0.5.0-201fc85-SNAPSHOT.jar:0.5.0-201fc85-SNAPSHOT]
	at org.apache.ratis.thirdparty.io.grpc.stub.ServerCalls$StreamingServerCallHandler$StreamingServerCallListener.onMessage(ServerCalls.java:248) [ratis-thirdparty-misc-0.2.0.jar:0.2.0]
	at org.apache.ratis.thirdparty.io.grpc.internal.ServerCallImpl$ServerStreamListenerImpl.messagesAvailable(ServerCallImpl.java:263) [ratis-thirdparty-misc-0.2.0.jar:0.2.0]
	at org.apache.ratis.thirdparty.io.grpc.internal.ServerImpl$JumpToApplicationThreadServerStreamListener$1MessagesAvailable.runInContext(ServerImpl.java:686) [ratis-thirdparty-misc-0.2.0.jar:0.2.0]
	at org.apache.ratis.thirdparty.io.grpc.internal.ContextRunnable.run(ContextRunnable.java:37) [ratis-thirdparty-misc-0.2.0.jar:0.2.0]
	at org.apache.ratis.thirdparty.io.grpc.internal.SerializingExecutor.run(SerializingExecutor.java:123) [ratis-thirdparty-misc-0.2.0.jar:0.2.0]
	at java.util.concurrent.ThreadPoolExecutor.runWorker(ThreadPoolExecutor.java:1149) [?:1.8.0_212]
	at java.util.concurrent.ThreadPoolExecutor$Worker.run(ThreadPoolExecutor.java:624) [?:1.8.0_212]
	at java.lang.Thread.run(Thread.java:748) [?:1.8.0_212]
2019-10-02 00:13:47,490 [main] INFO  ozone.MiniOzoneClusterImpl (MiniOzoneClusterImpl.java:shutdown(314)) - Shutting down the Mini Ozone Cluster
2019-10-02 00:13:47,490 [main] INFO  ozone.MiniOzoneClusterImpl (MiniOzoneClusterImpl.java:stop(330)) - Stopping the Mini Ozone Cluster
2019-10-02 00:13:47,490 [main] INFO  ozone.MiniOzoneClusterImpl (MiniOzoneClusterImpl.java:stopOM(400)) - Stopping the OzoneManager
2019-10-02 00:13:47,490 [main] INFO  ipc.Server (Server.java:stop(3082)) - Stopping server on 33602
2019-10-02 00:13:47,499 [IPC Server listener on 33602] INFO  ipc.Server (Server.java:run(1185)) - Stopping IPC Server listener on 33602
2019-10-02 00:13:47,500 [IPC Server Responder] INFO  ipc.Server (Server.java:run(1319)) - Stopping IPC Server Responder
2019-10-02 00:13:47,499 [main] INFO  ratis.OzoneManagerDoubleBuffer (OzoneManagerDoubleBuffer.java:stop(248)) - Stopping OMDoubleBuffer flush thread
2019-10-02 00:13:47,519 [OMDoubleBufferFlushThread] INFO  ratis.OzoneManagerDoubleBuffer (OzoneManagerDoubleBuffer.java:flushTransactions(191)) - OMDoubleBuffer flush thread OMDoubleBufferFlushThread is interrupted and will exit. OMDoubleBufferFlushThread
2019-10-02 00:13:47,519 [main] INFO  utils.BackgroundService (BackgroundService.java:shutdown(148)) - Shutting down service KeyDeletingService
2019-10-02 00:13:47,521 [main] INFO  handler.ContextHandler (ContextHandler.java:doStop(910)) - Stopped o.e.j.w.WebAppContext@5b48f0f4{/,null,UNAVAILABLE}{/ozoneManager}
2019-10-02 00:13:47,522 [main] INFO  server.AbstractConnector (AbstractConnector.java:doStop(318)) - Stopped ServerConnector@546ed2a0{HTTP/1.1,[http/1.1]}{0.0.0.0:0}
2019-10-02 00:13:47,523 [main] INFO  handler.ContextHandler (ContextHandler.java:doStop(910)) - Stopped o.e.j.s.ServletContextHandler@3a3f96ab{/static,file:///workdir/hadoop-ozone/integration-test/target/test-classes/webapps/static,UNAVAILABLE}
2019-10-02 00:13:47,524 [main] INFO  handler.ContextHandler (ContextHandler.java:doStop(910)) - Stopped o.e.j.s.ServletContextHandler@3487442d{/logs,file:///workdir/hadoop-ozone/integration-test/target/log,UNAVAILABLE}
2019-10-02 00:13:47,526 [main] INFO  ozone.MiniOzoneClusterImpl (MiniOzoneClusterImpl.java:stopDatanodes(377)) - Stopping the HddsDatanodes
2019-10-02 00:13:48,159 [Datanode State Machine Thread - 0] INFO  statemachine.DatanodeStateMachine (DatanodeStateMachine.java:lambda$startDaemon$0(350)) - Ozone container server started.
2019-10-02 00:13:48,219 [Datanode State Machine Thread - 0] INFO  statemachine.DatanodeStateMachine (DatanodeStateMachine.java:lambda$startDaemon$0(350)) - Ozone container server started.
2019-10-02 00:13:48,867 [grpc-default-executor-9] WARN  server.GrpcLogAppender (LogUtils.java:warn(134)) - 4db5ec50-aaae-4c5e-b67c-a912007a418d@group-0E9F5E39BA6E->5aed1388-c721-48a9-bd34-106b73a27ca6-AppendLogResponseHandler: Failed appendEntries: org.apache.ratis.thirdparty.io.grpc.StatusRuntimeException: UNAVAILABLE: io exception
2019-10-02 00:13:48,867 [grpc-default-executor-9] INFO  impl.FollowerInfo (FollowerInfo.java:lambda$new$0(51)) - 4db5ec50-aaae-4c5e-b67c-a912007a418d@group-0E9F5E39BA6E->5aed1388-c721-48a9-bd34-106b73a27ca6: nextIndex: updateUnconditionally 0 -> 0
2019-10-02 00:13:51,370 [grpc-default-executor-9] WARN  server.GrpcLogAppender (LogUtils.java:warn(134)) - 4db5ec50-aaae-4c5e-b67c-a912007a418d@group-0E9F5E39BA6E->5aed1388-c721-48a9-bd34-106b73a27ca6-AppendLogResponseHandler: Failed appendEntries: org.apache.ratis.thirdparty.io.grpc.StatusRuntimeException: UNAVAILABLE: io exception
2019-10-02 00:13:51,371 [grpc-default-executor-9] INFO  impl.FollowerInfo (FollowerInfo.java:lambda$new$0(51)) - 4db5ec50-aaae-4c5e-b67c-a912007a418d@group-0E9F5E39BA6E->5aed1388-c721-48a9-bd34-106b73a27ca6: nextIndex: updateUnconditionally 0 -> 0
2019-10-02 00:13:52,240 [EventQueue-StaleNodeForStaleNodeHandler] INFO  node.StaleNodeHandler (StaleNodeHandler.java:onMessage(58)) - Datanode ac816572-adb8-4efa-a0d7-3d08ab4d48f3{ip: 192.168.30.63, host: pr-hdds-2201-rename-25sj9-3976918760, networkLocation: /default-rack, certSerialId: null} moved to stale state. Finalizing its pipelines [PipelineID=ede7d205-12e0-4237-b6fa-4822f4f6f8f9, PipelineID=e7e791c3-59a0-4852-b4d9-e2f886e2c96a]
2019-10-02 00:13:52,241 [EventQueue-StaleNodeForStaleNodeHandler] INFO  pipeline.SCMPipelineManager (SCMPipelineManager.java:finalizeAndDestroyPipeline(315)) - destroying pipeline:Pipeline[ Id: ede7d205-12e0-4237-b6fa-4822f4f6f8f9, Nodes: ac816572-adb8-4efa-a0d7-3d08ab4d48f3{ip: 192.168.30.63, host: pr-hdds-2201-rename-25sj9-3976918760, networkLocation: /default-rack, certSerialId: null}b2ccb09c-659d-4cb0-92b9-3179ded62f29{ip: 192.168.30.63, host: pr-hdds-2201-rename-25sj9-3976918760, networkLocation: /default-rack, certSerialId: null}273bd3ba-db52-4655-bbb8-1c2df5793e49{ip: 192.168.30.63, host: pr-hdds-2201-rename-25sj9-3976918760, networkLocation: /default-rack, certSerialId: null}, Type:RATIS, Factor:THREE, State:OPEN]
2019-10-02 00:13:52,241 [EventQueue-StaleNodeForStaleNodeHandler] INFO  pipeline.PipelineStateManager (PipelineStateManager.java:finalizePipeline(123)) - Pipeline Pipeline[ Id: ede7d205-12e0-4237-b6fa-4822f4f6f8f9, Nodes: ac816572-adb8-4efa-a0d7-3d08ab4d48f3{ip: 192.168.30.63, host: pr-hdds-2201-rename-25sj9-3976918760, networkLocation: /default-rack, certSerialId: null}b2ccb09c-659d-4cb0-92b9-3179ded62f29{ip: 192.168.30.63, host: pr-hdds-2201-rename-25sj9-3976918760, networkLocation: /default-rack, certSerialId: null}273bd3ba-db52-4655-bbb8-1c2df5793e49{ip: 192.168.30.63, host: pr-hdds-2201-rename-25sj9-3976918760, networkLocation: /default-rack, certSerialId: null}, Type:RATIS, Factor:THREE, State:CLOSED] moved to CLOSED state
2019-10-02 00:13:52,242 [EventQueue-CloseContainerForCloseContainerEventHandler] INFO  container.CloseContainerEventHandler (CloseContainerEventHandler.java:onMessage(61)) - Close container Event triggered for container : #2
2019-10-02 00:13:52,247 [EventQueue-StaleNodeForStaleNodeHandler] INFO  pipeline.SCMPipelineManager (SCMPipelineManager.java:finalizeAndDestroyPipeline(315)) - destroying pipeline:Pipeline[ Id: e7e791c3-59a0-4852-b4d9-e2f886e2c96a, Nodes: ac816572-adb8-4efa-a0d7-3d08ab4d48f3{ip: 192.168.30.63, host: pr-hdds-2201-rename-25sj9-3976918760, networkLocation: /default-rack, certSerialId: null}, Type:RATIS, Factor:ONE, State:OPEN]
2019-10-02 00:13:52,249 [EventQueue-StaleNodeForStaleNodeHandler] INFO  pipeline.PipelineStateManager (PipelineStateManager.java:finalizePipeline(123)) - Pipeline Pipeline[ Id: e7e791c3-59a0-4852-b4d9-e2f886e2c96a, Nodes: ac816572-adb8-4efa-a0d7-3d08ab4d48f3{ip: 192.168.30.63, host: pr-hdds-2201-rename-25sj9-3976918760, networkLocation: /default-rack, certSerialId: null}, Type:RATIS, Factor:ONE, State:CLOSED] moved to CLOSED state
2019-10-02 00:13:52,249 [EventQueue-StaleNodeForStaleNodeHandler] INFO  node.StaleNodeHandler (StaleNodeHandler.java:onMessage(58)) - Datanode a63184a2-e924-4873-b8f1-68ec2fadd2e2{ip: 192.168.30.63, host: pr-hdds-2201-rename-25sj9-3976918760, networkLocation: /default-rack, certSerialId: null} moved to stale state. Finalizing its pipelines [PipelineID=9a8f3ce9-020f-49aa-ae88-0e9f5e39ba6e, PipelineID=00077a43-dcce-4f0f-afe1-6f01d77a8403]
2019-10-02 00:13:52,249 [EventQueue-StaleNodeForStaleNodeHandler] INFO  pipeline.SCMPipelineManager (SCMPipelineManager.java:finalizeAndDestroyPipeline(315)) - destroying pipeline:Pipeline[ Id: 9a8f3ce9-020f-49aa-ae88-0e9f5e39ba6e, Nodes: 5aed1388-c721-48a9-bd34-106b73a27ca6{ip: 192.168.30.63, host: pr-hdds-2201-rename-25sj9-3976918760, networkLocation: /default-rack, certSerialId: null}a63184a2-e924-4873-b8f1-68ec2fadd2e2{ip: 192.168.30.63, host: pr-hdds-2201-rename-25sj9-3976918760, networkLocation: /default-rack, certSerialId: null}4db5ec50-aaae-4c5e-b67c-a912007a418d{ip: 192.168.30.63, host: pr-hdds-2201-rename-25sj9-3976918760, networkLocation: /default-rack, certSerialId: null}, Type:RATIS, Factor:THREE, State:CLOSED]
2019-10-02 00:13:52,250 [EventQueue-StaleNodeForStaleNodeHandler] INFO  pipeline.SCMPipelineManager (SCMPipelineManager.java:finalizeAndDestroyPipeline(315)) - destroying pipeline:Pipeline[ Id: 00077a43-dcce-4f0f-afe1-6f01d77a8403, Nodes: a63184a2-e924-4873-b8f1-68ec2fadd2e2{ip: 192.168.30.63, host: pr-hdds-2201-rename-25sj9-3976918760, networkLocation: /default-rack, certSerialId: null}, Type:RATIS, Factor:ONE, State:OPEN]
2019-10-02 00:13:52,250 [EventQueue-StaleNodeForStaleNodeHandler] INFO  pipeline.PipelineStateManager (PipelineStateManager.java:finalizePipeline(123)) - Pipeline Pipeline[ Id: 00077a43-dcce-4f0f-afe1-6f01d77a8403, Nodes: a63184a2-e924-4873-b8f1-68ec2fadd2e2{ip: 192.168.30.63, host: pr-hdds-2201-rename-25sj9-3976918760, networkLocation: /default-rack, certSerialId: null}, Type:RATIS, Factor:ONE, State:CLOSED] moved to CLOSED state
2019-10-02 00:13:52,527 [main] INFO  ozoneimpl.OzoneContainer (OzoneContainer.java:stop(231)) - Attempting to stop container services.
2019-10-02 00:13:52,527 [ForkJoinPool.commonPool-worker-0] INFO  ozoneimpl.OzoneContainer (OzoneContainer.java:stop(231)) - Attempting to stop container services.
2019-10-02 00:13:52,531 [main] INFO  impl.RaftServerProxy (RaftServerProxy.java:lambda$close$4(314)) - ac816572-adb8-4efa-a0d7-3d08ab4d48f3: close
2019-10-02 00:13:52,531 [ForkJoinPool.commonPool-worker-0] INFO  impl.RaftServerProxy (RaftServerProxy.java:lambda$close$4(314)) - a63184a2-e924-4873-b8f1-68ec2fadd2e2: close
2019-10-02 00:13:52,532 [ForkJoinPool.commonPool-worker-0] INFO  impl.RaftServerImpl (RaftServerImpl.java:lambda$shutdown$3(247)) - a63184a2-e924-4873-b8f1-68ec2fadd2e2@group-0E9F5E39BA6E: shutdown
2019-10-02 00:13:52,532 [main] INFO  impl.RaftServerImpl (RaftServerImpl.java:lambda$shutdown$3(247)) - ac816572-adb8-4efa-a0d7-3d08ab4d48f3@group-4822F4F6F8F9: shutdown
2019-10-02 00:13:52,532 [ForkJoinPool.commonPool-worker-0] INFO  util.JmxRegister (JmxRegister.java:unregister(73)) - Successfully un-registered JMX Bean with object name Ratis:service=RaftServer,group=group-0E9F5E39BA6E,id=a63184a2-e924-4873-b8f1-68ec2fadd2e2
2019-10-02 00:13:52,533 [main] INFO  util.JmxRegister (JmxRegister.java:unregister(73)) - Successfully un-registered JMX Bean with object name Ratis:service=RaftServer,group=group-4822F4F6F8F9,id=ac816572-adb8-4efa-a0d7-3d08ab4d48f3
2019-10-02 00:13:52,533 [ForkJoinPool.commonPool-worker-0] INFO  impl.RoleInfo (RoleInfo.java:shutdownFollowerState(121)) - a63184a2-e924-4873-b8f1-68ec2fadd2e2: shutdown FollowerState
2019-10-02 00:13:52,533 [main] INFO  impl.RoleInfo (RoleInfo.java:shutdownFollowerState(121)) - ac816572-adb8-4efa-a0d7-3d08ab4d48f3: shutdown FollowerState
2019-10-02 00:13:52,533 [a63184a2-e924-4873-b8f1-68ec2fadd2e2@group-0E9F5E39BA6E-StateMachineUpdater] INFO  ratis.ContainerStateMachine (ContainerStateMachine.java:takeSnapshot(289)) - group-0E9F5E39BA6E: Taking a snapshot at:(t:2, i:13) file /workdir/hadoop-ozone/integration-test/target/test-dir/MiniOzoneClusterImpl-dde0f8af-4bf9-42cc-be8d-7f937630f525/datanode-1/data/ratis/9a8f3ce9-020f-49aa-ae88-0e9f5e39ba6e/sm/snapshot.2_13
2019-10-02 00:13:52,533 [Thread-3095] INFO  impl.FollowerState (FollowerState.java:run(117)) - a63184a2-e924-4873-b8f1-68ec2fadd2e2@group-0E9F5E39BA6E-FollowerState was interrupted: java.lang.InterruptedException: sleep interrupted
2019-10-02 00:13:52,534 [Thread-2976] INFO  impl.FollowerState (FollowerState.java:run(117)) - ac816572-adb8-4efa-a0d7-3d08ab4d48f3@group-4822F4F6F8F9-FollowerState was interrupted: java.lang.InterruptedException: sleep interrupted
2019-10-02 00:13:52,533 [ForkJoinPool.commonPool-worker-0] INFO  impl.StateMachineUpdater (StateMachineUpdater.java:stopAndJoin(136)) - a63184a2-e924-4873-b8f1-68ec2fadd2e2@group-0E9F5E39BA6E-StateMachineUpdater: set stopIndex = 17
2019-10-02 00:13:52,534 [ac816572-adb8-4efa-a0d7-3d08ab4d48f3@group-4822F4F6F8F9-StateMachineUpdater] INFO  ratis.ContainerStateMachine (ContainerStateMachine.java:takeSnapshot(289)) - group-4822F4F6F8F9: Taking a snapshot at:(t:3, i:14) file /workdir/hadoop-ozone/integration-test/target/test-dir/MiniOzoneClusterImpl-dde0f8af-4bf9-42cc-be8d-7f937630f525/datanode-4/data/ratis/ede7d205-12e0-4237-b6fa-4822f4f6f8f9/sm/snapshot.3_14
2019-10-02 00:13:52,534 [main] INFO  impl.StateMachineUpdater (StateMachineUpdater.java:stopAndJoin(136)) - ac816572-adb8-4efa-a0d7-3d08ab4d48f3@group-4822F4F6F8F9-StateMachineUpdater: set stopIndex = 16
2019-10-02 00:13:52,581 [ac816572-adb8-4efa-a0d7-3d08ab4d48f3@group-4822F4F6F8F9-StateMachineUpdater] INFO  ratis.ContainerStateMachine (ContainerStateMachine.java:takeSnapshot(300)) - group-4822F4F6F8F9: Finished taking a snapshot at:(t:3, i:14) file:/workdir/hadoop-ozone/integration-test/target/test-dir/MiniOzoneClusterImpl-dde0f8af-4bf9-42cc-be8d-7f937630f525/datanode-4/data/ratis/ede7d205-12e0-4237-b6fa-4822f4f6f8f9/sm/snapshot.3_14 time:47
2019-10-02 00:13:52,581 [a63184a2-e924-4873-b8f1-68ec2fadd2e2@group-0E9F5E39BA6E-StateMachineUpdater] INFO  ratis.ContainerStateMachine (ContainerStateMachine.java:takeSnapshot(300)) - group-0E9F5E39BA6E: Finished taking a snapshot at:(t:2, i:13) file:/workdir/hadoop-ozone/integration-test/target/test-dir/MiniOzoneClusterImpl-dde0f8af-4bf9-42cc-be8d-7f937630f525/datanode-1/data/ratis/9a8f3ce9-020f-49aa-ae88-0e9f5e39ba6e/sm/snapshot.2_13 time:48
2019-10-02 00:13:52,581 [a63184a2-e924-4873-b8f1-68ec2fadd2e2@group-0E9F5E39BA6E-StateMachineUpdater] INFO  impl.StateMachineUpdater (StateMachineUpdater.java:takeSnapshot(269)) - a63184a2-e924-4873-b8f1-68ec2fadd2e2@group-0E9F5E39BA6E-StateMachineUpdater: Took a snapshot at index 13
2019-10-02 00:13:52,581 [ac816572-adb8-4efa-a0d7-3d08ab4d48f3@group-4822F4F6F8F9-StateMachineUpdater] INFO  impl.StateMachineUpdater (StateMachineUpdater.java:takeSnapshot(269)) - ac816572-adb8-4efa-a0d7-3d08ab4d48f3@group-4822F4F6F8F9-StateMachineUpdater: Took a snapshot at index 14
2019-10-02 00:13:52,581 [a63184a2-e924-4873-b8f1-68ec2fadd2e2@group-0E9F5E39BA6E-StateMachineUpdater] INFO  impl.StateMachineUpdater (StateMachineUpdater.java:lambda$new$0(84)) - a63184a2-e924-4873-b8f1-68ec2fadd2e2@group-0E9F5E39BA6E-StateMachineUpdater: snapshotIndex: updateIncreasingly -1 -> 13
2019-10-02 00:13:52,582 [ac816572-adb8-4efa-a0d7-3d08ab4d48f3@group-4822F4F6F8F9-StateMachineUpdater] INFO  impl.StateMachineUpdater (StateMachineUpdater.java:lambda$new$0(84)) - ac816572-adb8-4efa-a0d7-3d08ab4d48f3@group-4822F4F6F8F9-StateMachineUpdater: snapshotIndex: updateIncreasingly -1 -> 14
2019-10-02 00:13:52,582 [ac816572-adb8-4efa-a0d7-3d08ab4d48f3@group-4822F4F6F8F9-StateMachineUpdater] INFO  ratis.ContainerStateMachine (ContainerStateMachine.java:takeSnapshot(289)) - group-4822F4F6F8F9: Taking a snapshot at:(t:3, i:14) file /workdir/hadoop-ozone/integration-test/target/test-dir/MiniOzoneClusterImpl-dde0f8af-4bf9-42cc-be8d-7f937630f525/datanode-4/data/ratis/ede7d205-12e0-4237-b6fa-4822f4f6f8f9/sm/snapshot.3_14
2019-10-02 00:13:52,582 [a63184a2-e924-4873-b8f1-68ec2fadd2e2@group-0E9F5E39BA6E-StateMachineUpdater] INFO  ratis.ContainerStateMachine (ContainerStateMachine.java:takeSnapshot(289)) - group-0E9F5E39BA6E: Taking a snapshot at:(t:2, i:13) file /workdir/hadoop-ozone/integration-test/target/test-dir/MiniOzoneClusterImpl-dde0f8af-4bf9-42cc-be8d-7f937630f525/datanode-1/data/ratis/9a8f3ce9-020f-49aa-ae88-0e9f5e39ba6e/sm/snapshot.2_13
2019-10-02 00:13:52,606 [a63184a2-e924-4873-b8f1-68ec2fadd2e2@group-0E9F5E39BA6E-StateMachineUpdater] INFO  ratis.ContainerStateMachine (ContainerStateMachine.java:takeSnapshot(300)) - group-0E9F5E39BA6E: Finished taking a snapshot at:(t:2, i:13) file:/workdir/hadoop-ozone/integration-test/target/test-dir/MiniOzoneClusterImpl-dde0f8af-4bf9-42cc-be8d-7f937630f525/datanode-1/data/ratis/9a8f3ce9-020f-49aa-ae88-0e9f5e39ba6e/sm/snapshot.2_13 time:24
2019-10-02 00:13:52,606 [ac816572-adb8-4efa-a0d7-3d08ab4d48f3@group-4822F4F6F8F9-StateMachineUpdater] INFO  ratis.ContainerStateMachine (ContainerStateMachine.java:takeSnapshot(300)) - group-4822F4F6F8F9: Finished taking a snapshot at:(t:3, i:14) file:/workdir/hadoop-ozone/integration-test/target/test-dir/MiniOzoneClusterImpl-dde0f8af-4bf9-42cc-be8d-7f937630f525/datanode-4/data/ratis/ede7d205-12e0-4237-b6fa-4822f4f6f8f9/sm/snapshot.3_14 time:24
2019-10-02 00:13:52,607 [a63184a2-e924-4873-b8f1-68ec2fadd2e2@group-0E9F5E39BA6E-StateMachineUpdater] INFO  impl.StateMachineUpdater (StateMachineUpdater.java:takeSnapshot(269)) - a63184a2-e924-4873-b8f1-68ec2fadd2e2@group-0E9F5E39BA6E-StateMachineUpdater: Took a snapshot at index 13
2019-10-02 00:13:52,607 [a63184a2-e924-4873-b8f1-68ec2fadd2e2@group-0E9F5E39BA6E-StateMachineUpdater] INFO  impl.StateMachineUpdater (StateMachineUpdater.java:lambda$new$0(84)) - a63184a2-e924-4873-b8f1-68ec2fadd2e2@group-0E9F5E39BA6E-StateMachineUpdater: snapshotIndex: updateIncreasingly 13 -> 13
2019-10-02 00:13:52,607 [ac816572-adb8-4efa-a0d7-3d08ab4d48f3@group-4822F4F6F8F9-StateMachineUpdater] INFO  impl.StateMachineUpdater (StateMachineUpdater.java:takeSnapshot(269)) - ac816572-adb8-4efa-a0d7-3d08ab4d48f3@group-4822F4F6F8F9-StateMachineUpdater: Took a snapshot at index 14
2019-10-02 00:13:52,607 [ac816572-adb8-4efa-a0d7-3d08ab4d48f3@group-4822F4F6F8F9-StateMachineUpdater] INFO  impl.StateMachineUpdater (StateMachineUpdater.java:lambda$new$0(84)) - ac816572-adb8-4efa-a0d7-3d08ab4d48f3@group-4822F4F6F8F9-StateMachineUpdater: snapshotIndex: updateIncreasingly 14 -> 14
2019-10-02 00:13:52,607 [ForkJoinPool.commonPool-worker-0] INFO  impl.RaftServerImpl (ServerState.java:close(387)) - a63184a2-e924-4873-b8f1-68ec2fadd2e2@group-0E9F5E39BA6E: closes. applyIndex: 17
2019-10-02 00:13:52,607 [main] INFO  impl.RaftServerImpl (ServerState.java:close(387)) - ac816572-adb8-4efa-a0d7-3d08ab4d48f3@group-4822F4F6F8F9: closes. applyIndex: 16
2019-10-02 00:13:52,607 [ac816572-adb8-4efa-a0d7-3d08ab4d48f3@group-4822F4F6F8F9-SegmentedRaftLogWorker] INFO  segmented.SegmentedRaftLogWorker (SegmentedRaftLogWorker.java:run(316)) - ac816572-adb8-4efa-a0d7-3d08ab4d48f3@group-4822F4F6F8F9-SegmentedRaftLogWorker was interrupted, exiting. There are 0 tasks remaining in the queue.
2019-10-02 00:13:52,607 [a63184a2-e924-4873-b8f1-68ec2fadd2e2@group-0E9F5E39BA6E-SegmentedRaftLogWorker] INFO  segmented.SegmentedRaftLogWorker (SegmentedRaftLogWorker.java:run(316)) - a63184a2-e924-4873-b8f1-68ec2fadd2e2@group-0E9F5E39BA6E-SegmentedRaftLogWorker was interrupted, exiting. There are 0 tasks remaining in the queue.
2019-10-02 00:13:52,610 [main] INFO  segmented.SegmentedRaftLogWorker (SegmentedRaftLogWorker.java:close(224)) - ac816572-adb8-4efa-a0d7-3d08ab4d48f3@group-4822F4F6F8F9-SegmentedRaftLogWorker close()
2019-10-02 00:13:52,611 [ForkJoinPool.commonPool-worker-0] INFO  segmented.SegmentedRaftLogWorker (SegmentedRaftLogWorker.java:close(224)) - a63184a2-e924-4873-b8f1-68ec2fadd2e2@group-0E9F5E39BA6E-SegmentedRaftLogWorker close()
2019-10-02 00:13:52,615 [main] INFO  impl.RaftServerImpl (RaftServerImpl.java:lambda$shutdown$3(247)) - ac816572-adb8-4efa-a0d7-3d08ab4d48f3@group-E2F886E2C96A: shutdown
2019-10-02 00:13:52,618 [ForkJoinPool.commonPool-worker-0] INFO  impl.RaftServerImpl (RaftServerImpl.java:lambda$shutdown$3(247)) - a63184a2-e924-4873-b8f1-68ec2fadd2e2@group-6F01D77A8403: shutdown
2019-10-02 00:13:52,618 [main] INFO  util.JmxRegister (JmxRegister.java:unregister(73)) - Successfully un-registered JMX Bean with object name Ratis:service=RaftServer,group=group-E2F886E2C96A,id=ac816572-adb8-4efa-a0d7-3d08ab4d48f3
2019-10-02 00:13:52,618 [ForkJoinPool.commonPool-worker-0] INFO  util.JmxRegister (JmxRegister.java:unregister(73)) - Successfully un-registered JMX Bean with object name Ratis:service=RaftServer,group=group-6F01D77A8403,id=a63184a2-e924-4873-b8f1-68ec2fadd2e2
2019-10-02 00:13:52,619 [main] INFO  impl.RoleInfo (RoleInfo.java:shutdownLeaderState(104)) - ac816572-adb8-4efa-a0d7-3d08ab4d48f3: shutdown LeaderState
2019-10-02 00:13:52,619 [ForkJoinPool.commonPool-worker-0] INFO  impl.RoleInfo (RoleInfo.java:shutdownLeaderState(104)) - a63184a2-e924-4873-b8f1-68ec2fadd2e2: shutdown LeaderState
2019-10-02 00:13:52,619 [main] INFO  impl.PendingRequests (PendingRequests.java:sendNotLeaderResponses(202)) - ac816572-adb8-4efa-a0d7-3d08ab4d48f3@group-E2F886E2C96A-PendingRequests: sendNotLeaderResponses
2019-10-02 00:13:52,619 [ForkJoinPool.commonPool-worker-0] INFO  impl.PendingRequests (PendingRequests.java:sendNotLeaderResponses(202)) - a63184a2-e924-4873-b8f1-68ec2fadd2e2@group-6F01D77A8403-PendingRequests: sendNotLeaderResponses
2019-10-02 00:13:52,620 [main] INFO  impl.StateMachineUpdater (StateMachineUpdater.java:stopAndJoin(136)) - ac816572-adb8-4efa-a0d7-3d08ab4d48f3@group-E2F886E2C96A-StateMachineUpdater: set stopIndex = 0
2019-10-02 00:13:52,620 [ForkJoinPool.commonPool-worker-0] INFO  impl.StateMachineUpdater (StateMachineUpdater.java:stopAndJoin(136)) - a63184a2-e924-4873-b8f1-68ec2fadd2e2@group-6F01D77A8403-StateMachineUpdater: set stopIndex = 0
2019-10-02 00:13:52,620 [main] INFO  impl.RaftServerImpl (ServerState.java:close(387)) - ac816572-adb8-4efa-a0d7-3d08ab4d48f3@group-E2F886E2C96A: closes. applyIndex: 0
2019-10-02 00:13:52,620 [ForkJoinPool.commonPool-worker-0] INFO  impl.RaftServerImpl (ServerState.java:close(387)) - a63184a2-e924-4873-b8f1-68ec2fadd2e2@group-6F01D77A8403: closes. applyIndex: 0
2019-10-02 00:13:52,620 [ac816572-adb8-4efa-a0d7-3d08ab4d48f3@group-E2F886E2C96A-SegmentedRaftLogWorker] INFO  segmented.SegmentedRaftLogWorker (SegmentedRaftLogWorker.java:run(316)) - ac816572-adb8-4efa-a0d7-3d08ab4d48f3@group-E2F886E2C96A-SegmentedRaftLogWorker was interrupted, exiting. There are 0 tasks remaining in the queue.
2019-10-02 00:13:52,620 [a63184a2-e924-4873-b8f1-68ec2fadd2e2@group-6F01D77A8403-SegmentedRaftLogWorker] INFO  segmented.SegmentedRaftLogWorker (SegmentedRaftLogWorker.java:run(316)) - a63184a2-e924-4873-b8f1-68ec2fadd2e2@group-6F01D77A8403-SegmentedRaftLogWorker was interrupted, exiting. There are 0 tasks remaining in the queue.
2019-10-02 00:13:52,622 [main] INFO  segmented.SegmentedRaftLogWorker (SegmentedRaftLogWorker.java:close(224)) - ac816572-adb8-4efa-a0d7-3d08ab4d48f3@group-E2F886E2C96A-SegmentedRaftLogWorker close()
2019-10-02 00:13:52,624 [ForkJoinPool.commonPool-worker-0] INFO  segmented.SegmentedRaftLogWorker (SegmentedRaftLogWorker.java:close(224)) - a63184a2-e924-4873-b8f1-68ec2fadd2e2@group-6F01D77A8403-SegmentedRaftLogWorker close()
2019-10-02 00:13:52,628 [main] INFO  server.GrpcService (GrpcService.java:closeImpl(164)) - ac816572-adb8-4efa-a0d7-3d08ab4d48f3: shutdown server with port 43796 now
2019-10-02 00:13:52,631 [ForkJoinPool.commonPool-worker-0] INFO  server.GrpcService (GrpcService.java:closeImpl(164)) - a63184a2-e924-4873-b8f1-68ec2fadd2e2: shutdown server with port 46821 now
2019-10-02 00:13:52,632 [main] INFO  server.GrpcService (GrpcService.java:closeImpl(172)) - ac816572-adb8-4efa-a0d7-3d08ab4d48f3: shutdown server with port 43796 successfully
2019-10-02 00:13:52,632 [grpc-default-executor-9] WARN  server.GrpcLogAppender (LogUtils.java:warn(134)) - b2ccb09c-659d-4cb0-92b9-3179ded62f29@group-4822F4F6F8F9->ac816572-adb8-4efa-a0d7-3d08ab4d48f3-AppendLogResponseHandler: Failed appendEntries: org.apache.ratis.thirdparty.io.grpc.StatusRuntimeException: CANCELLED: HTTP/2 error code: CANCEL
Received Rst Stream
2019-10-02 00:13:52,632 [ForkJoinPool.commonPool-worker-0] INFO  server.GrpcService (GrpcService.java:closeImpl(172)) - a63184a2-e924-4873-b8f1-68ec2fadd2e2: shutdown server with port 46821 successfully
2019-10-02 00:13:52,632 [grpc-default-executor-6] WARN  server.GrpcServerProtocolService (LogUtils.java:warn(134)) - ac816572-adb8-4efa-a0d7-3d08ab4d48f3: installSnapshot onError, lastRequest: b2ccb09c-659d-4cb0-92b9-3179ded62f29->ac816572-adb8-4efa-a0d7-3d08ab4d48f3#26-t3, previous=(t:3, i:16), leaderCommit=16, initializing? false, entries: <empty>: org.apache.ratis.thirdparty.io.grpc.StatusRuntimeException: CANCELLED: cancelled before receiving half close
2019-10-02 00:13:52,632 [grpc-default-executor-5] WARN  server.GrpcServerProtocolService (LogUtils.java:warn(134)) - a63184a2-e924-4873-b8f1-68ec2fadd2e2: installSnapshot onError, lastRequest: 4db5ec50-aaae-4c5e-b67c-a912007a418d->a63184a2-e924-4873-b8f1-68ec2fadd2e2#5-t3, previous=(t:3, i:17), leaderCommit=17, initializing? false, entries: <empty>: org.apache.ratis.thirdparty.io.grpc.StatusRuntimeException: CANCELLED: cancelled before receiving half close
2019-10-02 00:13:52,632 [grpc-default-executor-10] WARN  server.GrpcLogAppender (LogUtils.java:warn(134)) - 4db5ec50-aaae-4c5e-b67c-a912007a418d@group-0E9F5E39BA6E->a63184a2-e924-4873-b8f1-68ec2fadd2e2-AppendLogResponseHandler: Failed appendEntries: org.apache.ratis.thirdparty.io.grpc.StatusRuntimeException: CANCELLED: HTTP/2 error code: CANCEL
Received Rst Stream
2019-10-02 00:13:52,633 [grpc-default-executor-9] INFO  impl.FollowerInfo (FollowerInfo.java:lambda$new$0(51)) - b2ccb09c-659d-4cb0-92b9-3179ded62f29@group-4822F4F6F8F9->ac816572-adb8-4efa-a0d7-3d08ab4d48f3: nextIndex: updateUnconditionally 17 -> 16
2019-10-02 00:13:52,633 [grpc-default-executor-10] INFO  impl.FollowerInfo (FollowerInfo.java:lambda$new$0(51)) - 4db5ec50-aaae-4c5e-b67c-a912007a418d@group-0E9F5E39BA6E->a63184a2-e924-4873-b8f1-68ec2fadd2e2: nextIndex: updateUnconditionally 18 -> 17
2019-10-02 00:13:52,634 [refreshUsed-/workdir/hadoop-ozone/integration-test/target/test-dir/MiniOzoneClusterImpl-dde0f8af-4bf9-42cc-be8d-7f937630f525/datanode-4/data/containers] WARN  fs.CachingGetSpaceUsed (CachingGetSpaceUsed.java:run(183)) - Thread Interrupted waiting to refresh disk information: sleep interrupted
2019-10-02 00:13:52,638 [refreshUsed-/workdir/hadoop-ozone/integration-test/target/test-dir/MiniOzoneClusterImpl-dde0f8af-4bf9-42cc-be8d-7f937630f525/datanode-1/data/containers] WARN  fs.CachingGetSpaceUsed (CachingGetSpaceUsed.java:run(183)) - Thread Interrupted waiting to refresh disk information: sleep interrupted
2019-10-02 00:13:52,652 [ForkJoinPool.commonPool-worker-0] INFO  utils.BackgroundService (BackgroundService.java:shutdown(148)) - Shutting down service BlockDeletingService
2019-10-02 00:13:52,657 [ForkJoinPool.commonPool-worker-0] INFO  statemachine.DatanodeStateMachine (DatanodeStateMachine.java:stopDaemon(395)) - Ozone container server stopped.
2019-10-02 00:13:52,662 [ForkJoinPool.commonPool-worker-0] INFO  handler.ContextHandler (ContextHandler.java:doStop(910)) - Stopped o.e.j.w.WebAppContext@224d86d2{/,null,UNAVAILABLE}{/hddsDatanode}
2019-10-02 00:13:52,662 [ForkJoinPool.commonPool-worker-0] INFO  server.AbstractConnector (AbstractConnector.java:doStop(318)) - Stopped ServerConnector@a3cba3a{HTTP/1.1,[http/1.1]}{0.0.0.0:0}
2019-10-02 00:13:52,664 [ForkJoinPool.commonPool-worker-0] INFO  handler.ContextHandler (ContextHandler.java:doStop(910)) - Stopped o.e.j.s.ServletContextHandler@70d4f672{/static,jar:file:/home/user/.m2/repository/org/apache/hadoop/hadoop-hdds-container-service/0.5.0-SNAPSHOT/hadoop-hdds-container-service-0.5.0-SNAPSHOT.jar!/webapps/static,UNAVAILABLE}
2019-10-02 00:13:52,665 [ForkJoinPool.commonPool-worker-0] INFO  handler.ContextHandler (ContextHandler.java:doStop(910)) - Stopped o.e.j.s.ServletContextHandler@c568f91{/logs,file:///workdir/hadoop-ozone/integration-test/target/log,UNAVAILABLE}
2019-10-02 00:13:52,669 [main] INFO  utils.BackgroundService (BackgroundService.java:shutdown(148)) - Shutting down service BlockDeletingService
2019-10-02 00:13:52,673 [main] INFO  statemachine.DatanodeStateMachine (DatanodeStateMachine.java:stopDaemon(395)) - Ozone container server stopped.
2019-10-02 00:13:52,674 [main] INFO  handler.ContextHandler (ContextHandler.java:doStop(910)) - Stopped o.e.j.w.WebAppContext@66713605{/,null,UNAVAILABLE}{/hddsDatanode}
2019-10-02 00:13:52,674 [main] INFO  server.AbstractConnector (AbstractConnector.java:doStop(318)) - Stopped ServerConnector@2ab09943{HTTP/1.1,[http/1.1]}{0.0.0.0:0}
2019-10-02 00:13:52,674 [main] INFO  handler.ContextHandler (ContextHandler.java:doStop(910)) - Stopped o.e.j.s.ServletContextHandler@1e495414{/static,jar:file:/home/user/.m2/repository/org/apache/hadoop/hadoop-hdds-container-service/0.5.0-SNAPSHOT/hadoop-hdds-container-service-0.5.0-SNAPSHOT.jar!/webapps/static,UNAVAILABLE}
2019-10-02 00:13:52,675 [main] INFO  handler.ContextHandler (ContextHandler.java:doStop(910)) - Stopped o.e.j.s.ServletContextHandler@22a4ca4a{/logs,file:///workdir/hadoop-ozone/integration-test/target/log,UNAVAILABLE}
2019-10-02 00:13:53,160 [Datanode State Machine Thread - 0] INFO  statemachine.DatanodeStateMachine (DatanodeStateMachine.java:lambda$startDaemon$0(350)) - Ozone container server started.
2019-10-02 00:13:53,474 [Datanode State Machine Thread - 0] INFO  statemachine.DatanodeStateMachine (DatanodeStateMachine.java:lambda$startDaemon$0(350)) - Ozone container server started.
2019-10-02 00:13:53,871 [grpc-default-executor-6] WARN  server.GrpcLogAppender (LogUtils.java:warn(134)) - 4db5ec50-aaae-4c5e-b67c-a912007a418d@group-0E9F5E39BA6E->5aed1388-c721-48a9-bd34-106b73a27ca6-AppendLogResponseHandler: Failed appendEntries: org.apache.ratis.thirdparty.io.grpc.StatusRuntimeException: UNAVAILABLE: io exception
2019-10-02 00:13:53,871 [grpc-default-executor-6] INFO  impl.FollowerInfo (FollowerInfo.java:lambda$new$0(51)) - 4db5ec50-aaae-4c5e-b67c-a912007a418d@group-0E9F5E39BA6E->5aed1388-c721-48a9-bd34-106b73a27ca6: nextIndex: updateUnconditionally 0 -> 0
2019-10-02 00:13:53,872 [grpc-default-executor-10] WARN  server.GrpcLogAppender (LogUtils.java:warn(134)) - 4db5ec50-aaae-4c5e-b67c-a912007a418d@group-0E9F5E39BA6E->a63184a2-e924-4873-b8f1-68ec2fadd2e2-AppendLogResponseHandler: Failed appendEntries: org.apache.ratis.thirdparty.io.grpc.StatusRuntimeException: UNAVAILABLE: io exception
2019-10-02 00:13:53,872 [grpc-default-executor-10] INFO  impl.FollowerInfo (FollowerInfo.java:lambda$new$0(51)) - 4db5ec50-aaae-4c5e-b67c-a912007a418d@group-0E9F5E39BA6E->a63184a2-e924-4873-b8f1-68ec2fadd2e2: nextIndex: updateUnconditionally 17 -> 16
2019-10-02 00:13:54,997 [grpc-default-executor-5] WARN  server.GrpcLogAppender (LogUtils.java:warn(134)) - b2ccb09c-659d-4cb0-92b9-3179ded62f29@group-4822F4F6F8F9->ac816572-adb8-4efa-a0d7-3d08ab4d48f3-AppendLogResponseHandler: Failed appendEntries: org.apache.ratis.thirdparty.io.grpc.StatusRuntimeException: UNAVAILABLE: io exception
2019-10-02 00:13:54,998 [grpc-default-executor-5] INFO  impl.FollowerInfo (FollowerInfo.java:lambda$new$0(51)) - b2ccb09c-659d-4cb0-92b9-3179ded62f29@group-4822F4F6F8F9->ac816572-adb8-4efa-a0d7-3d08ab4d48f3: nextIndex: updateUnconditionally 16 -> 15
2019-10-02 00:13:56,377 [grpc-default-executor-10] WARN  server.GrpcLogAppender (LogUtils.java:warn(134)) - 4db5ec50-aaae-4c5e-b67c-a912007a418d@group-0E9F5E39BA6E->5aed1388-c721-48a9-bd34-106b73a27ca6-AppendLogResponseHandler: Failed appendEntries: org.apache.ratis.thirdparty.io.grpc.StatusRuntimeException: UNAVAILABLE: io exception
2019-10-02 00:13:56,377 [grpc-default-executor-5] WARN  server.GrpcLogAppender (LogUtils.java:warn(134)) - 4db5ec50-aaae-4c5e-b67c-a912007a418d@group-0E9F5E39BA6E->a63184a2-e924-4873-b8f1-68ec2fadd2e2-AppendLogResponseHandler: Failed appendEntries: org.apache.ratis.thirdparty.io.grpc.StatusRuntimeException: UNAVAILABLE: io exception
2019-10-02 00:13:56,378 [grpc-default-executor-10] INFO  impl.FollowerInfo (FollowerInfo.java:lambda$new$0(51)) - 4db5ec50-aaae-4c5e-b67c-a912007a418d@group-0E9F5E39BA6E->5aed1388-c721-48a9-bd34-106b73a27ca6: nextIndex: updateUnconditionally 0 -> 0
2019-10-02 00:13:56,378 [grpc-default-executor-5] INFO  impl.FollowerInfo (FollowerInfo.java:lambda$new$0(51)) - 4db5ec50-aaae-4c5e-b67c-a912007a418d@group-0E9F5E39BA6E->a63184a2-e924-4873-b8f1-68ec2fadd2e2: nextIndex: updateUnconditionally 16 -> 15
2019-10-02 00:13:57,248 [EventQueue-StaleNodeForStaleNodeHandler] INFO  node.StaleNodeHandler (StaleNodeHandler.java:onMessage(58)) - Datanode b2ccb09c-659d-4cb0-92b9-3179ded62f29{ip: 192.168.30.63, host: pr-hdds-2201-rename-25sj9-3976918760, networkLocation: /default-rack, certSerialId: null} moved to stale state. Finalizing its pipelines [PipelineID=ede7d205-12e0-4237-b6fa-4822f4f6f8f9, PipelineID=84ccaddb-52ad-4644-9c50-196d82474abc]
2019-10-02 00:13:57,249 [EventQueue-StaleNodeForStaleNodeHandler] INFO  pipeline.SCMPipelineManager (SCMPipelineManager.java:finalizeAndDestroyPipeline(315)) - destroying pipeline:Pipeline[ Id: ede7d205-12e0-4237-b6fa-4822f4f6f8f9, Nodes: ac816572-adb8-4efa-a0d7-3d08ab4d48f3{ip: 192.168.30.63, host: pr-hdds-2201-rename-25sj9-3976918760, networkLocation: /default-rack, certSerialId: null}b2ccb09c-659d-4cb0-92b9-3179ded62f29{ip: 192.168.30.63, host: pr-hdds-2201-rename-25sj9-3976918760, networkLocation: /default-rack, certSerialId: null}273bd3ba-db52-4655-bbb8-1c2df5793e49{ip: 192.168.30.63, host: pr-hdds-2201-rename-25sj9-3976918760, networkLocation: /default-rack, certSerialId: null}, Type:RATIS, Factor:THREE, State:CLOSED]
2019-10-02 00:13:57,249 [EventQueue-StaleNodeForStaleNodeHandler] INFO  pipeline.SCMPipelineManager (SCMPipelineManager.java:finalizeAndDestroyPipeline(315)) - destroying pipeline:Pipeline[ Id: 84ccaddb-52ad-4644-9c50-196d82474abc, Nodes: b2ccb09c-659d-4cb0-92b9-3179ded62f29{ip: 192.168.30.63, host: pr-hdds-2201-rename-25sj9-3976918760, networkLocation: /default-rack, certSerialId: null}, Type:RATIS, Factor:ONE, State:OPEN]
2019-10-02 00:13:57,249 [EventQueue-StaleNodeForStaleNodeHandler] INFO  pipeline.PipelineStateManager (PipelineStateManager.java:finalizePipeline(123)) - Pipeline Pipeline[ Id: 84ccaddb-52ad-4644-9c50-196d82474abc, Nodes: b2ccb09c-659d-4cb0-92b9-3179ded62f29{ip: 192.168.30.63, host: pr-hdds-2201-rename-25sj9-3976918760, networkLocation: /default-rack, certSerialId: null}, Type:RATIS, Factor:ONE, State:CLOSED] moved to CLOSED state
2019-10-02 00:13:57,499 [grpc-default-executor-5] WARN  server.GrpcLogAppender (LogUtils.java:warn(134)) - b2ccb09c-659d-4cb0-92b9-3179ded62f29@group-4822F4F6F8F9->ac816572-adb8-4efa-a0d7-3d08ab4d48f3-AppendLogResponseHandler: Failed appendEntries: org.apache.ratis.thirdparty.io.grpc.StatusRuntimeException: UNAVAILABLE: io exception
2019-10-02 00:13:57,503 [grpc-default-executor-5] INFO  impl.FollowerInfo (FollowerInfo.java:lambda$new$0(51)) - b2ccb09c-659d-4cb0-92b9-3179ded62f29@group-4822F4F6F8F9->ac816572-adb8-4efa-a0d7-3d08ab4d48f3: nextIndex: updateUnconditionally 15 -> 14
2019-10-02 00:13:57,548 [EventQueue-StaleNodeForStaleNodeHandler] INFO  node.StaleNodeHandler (StaleNodeHandler.java:onMessage(58)) - Datanode c567e9db-e1d2-4fff-b8cd-45881b0c79e7{ip: 192.168.30.63, host: pr-hdds-2201-rename-25sj9-3976918760, networkLocation: /default-rack, certSerialId: null} moved to stale state. Finalizing its pipelines [PipelineID=d6fe1c52-a3f5-4385-be48-0db75b100145]
2019-10-02 00:13:57,549 [EventQueue-StaleNodeForStaleNodeHandler] INFO  pipeline.SCMPipelineManager (SCMPipelineManager.java:finalizeAndDestroyPipeline(315)) - destroying pipeline:Pipeline[ Id: d6fe1c52-a3f5-4385-be48-0db75b100145, Nodes: c567e9db-e1d2-4fff-b8cd-45881b0c79e7{ip: 192.168.30.63, host: pr-hdds-2201-rename-25sj9-3976918760, networkLocation: /default-rack, certSerialId: null}, Type:RATIS, Factor:ONE, State:OPEN]
2019-10-02 00:13:57,549 [EventQueue-StaleNodeForStaleNodeHandler] INFO  pipeline.PipelineStateManager (PipelineStateManager.java:finalizePipeline(123)) - Pipeline Pipeline[ Id: d6fe1c52-a3f5-4385-be48-0db75b100145, Nodes: c567e9db-e1d2-4fff-b8cd-45881b0c79e7{ip: 192.168.30.63, host: pr-hdds-2201-rename-25sj9-3976918760, networkLocation: /default-rack, certSerialId: null}, Type:RATIS, Factor:ONE, State:CLOSED] moved to CLOSED state
2019-10-02 00:13:57,667 [ForkJoinPool.commonPool-worker-0] INFO  ozoneimpl.OzoneContainer (OzoneContainer.java:stop(231)) - Attempting to stop container services.
2019-10-02 00:13:57,669 [ForkJoinPool.commonPool-worker-0] INFO  impl.RaftServerProxy (RaftServerProxy.java:lambda$close$4(314)) - c567e9db-e1d2-4fff-b8cd-45881b0c79e7: close
2019-10-02 00:13:57,669 [ForkJoinPool.commonPool-worker-0] INFO  impl.RaftServerImpl (RaftServerImpl.java:lambda$shutdown$3(247)) - c567e9db-e1d2-4fff-b8cd-45881b0c79e7@group-0DB75B100145: shutdown
2019-10-02 00:13:57,669 [ForkJoinPool.commonPool-worker-0] INFO  util.JmxRegister (JmxRegister.java:unregister(73)) - Successfully un-registered JMX Bean with object name Ratis:service=RaftServer,group=group-0DB75B100145,id=c567e9db-e1d2-4fff-b8cd-45881b0c79e7
2019-10-02 00:13:57,670 [ForkJoinPool.commonPool-worker-0] INFO  impl.RoleInfo (RoleInfo.java:shutdownLeaderState(104)) - c567e9db-e1d2-4fff-b8cd-45881b0c79e7: shutdown LeaderState
2019-10-02 00:13:57,670 [ForkJoinPool.commonPool-worker-0] INFO  impl.PendingRequests (PendingRequests.java:sendNotLeaderResponses(202)) - c567e9db-e1d2-4fff-b8cd-45881b0c79e7@group-0DB75B100145-PendingRequests: sendNotLeaderResponses
2019-10-02 00:13:57,671 [ForkJoinPool.commonPool-worker-0] INFO  impl.StateMachineUpdater (StateMachineUpdater.java:stopAndJoin(136)) - c567e9db-e1d2-4fff-b8cd-45881b0c79e7@group-0DB75B100145-StateMachineUpdater: set stopIndex = 0
2019-10-02 00:13:57,671 [ForkJoinPool.commonPool-worker-0] INFO  impl.RaftServerImpl (ServerState.java:close(387)) - c567e9db-e1d2-4fff-b8cd-45881b0c79e7@group-0DB75B100145: closes. applyIndex: 0
2019-10-02 00:13:57,672 [c567e9db-e1d2-4fff-b8cd-45881b0c79e7@group-0DB75B100145-SegmentedRaftLogWorker] INFO  segmented.SegmentedRaftLogWorker (SegmentedRaftLogWorker.java:run(316)) - c567e9db-e1d2-4fff-b8cd-45881b0c79e7@group-0DB75B100145-SegmentedRaftLogWorker was interrupted, exiting. There are 0 tasks remaining in the queue.
2019-10-02 00:13:57,676 [ForkJoinPool.commonPool-worker-0] INFO  segmented.SegmentedRaftLogWorker (SegmentedRaftLogWorker.java:close(224)) - c567e9db-e1d2-4fff-b8cd-45881b0c79e7@group-0DB75B100145-SegmentedRaftLogWorker close()
2019-10-02 00:13:57,676 [main] INFO  ozoneimpl.OzoneContainer (OzoneContainer.java:stop(231)) - Attempting to stop container services.
2019-10-02 00:13:57,679 [ForkJoinPool.commonPool-worker-0] INFO  server.GrpcService (GrpcService.java:closeImpl(164)) - c567e9db-e1d2-4fff-b8cd-45881b0c79e7: shutdown server with port 38263 now
2019-10-02 00:13:57,679 [main] INFO  impl.RaftServerProxy (RaftServerProxy.java:lambda$close$4(314)) - b2ccb09c-659d-4cb0-92b9-3179ded62f29: close
2019-10-02 00:13:57,680 [main] INFO  impl.RaftServerImpl (RaftServerImpl.java:lambda$shutdown$3(247)) - b2ccb09c-659d-4cb0-92b9-3179ded62f29@group-4822F4F6F8F9: shutdown
2019-10-02 00:13:57,680 [main] INFO  util.JmxRegister (JmxRegister.java:unregister(73)) - Successfully un-registered JMX Bean with object name Ratis:service=RaftServer,group=group-4822F4F6F8F9,id=b2ccb09c-659d-4cb0-92b9-3179ded62f29
2019-10-02 00:13:57,680 [ForkJoinPool.commonPool-worker-0] INFO  server.GrpcService (GrpcService.java:closeImpl(172)) - c567e9db-e1d2-4fff-b8cd-45881b0c79e7: shutdown server with port 38263 successfully
2019-10-02 00:13:57,680 [main] INFO  impl.RoleInfo (RoleInfo.java:shutdownLeaderState(104)) - b2ccb09c-659d-4cb0-92b9-3179ded62f29: shutdown LeaderState
2019-10-02 00:13:57,683 [main] INFO  impl.PendingRequests (PendingRequests.java:sendNotLeaderResponses(202)) - b2ccb09c-659d-4cb0-92b9-3179ded62f29@group-4822F4F6F8F9-PendingRequests: sendNotLeaderResponses
2019-10-02 00:13:57,683 [org.apache.ratis.server.impl.LogAppender$AppenderDaemon$$Lambda$506/1310291072@2f8ccc71] WARN  server.GrpcLogAppender (GrpcLogAppender.java:mayWait(143)) - b2ccb09c-659d-4cb0-92b9-3179ded62f29@group-4822F4F6F8F9->ac816572-adb8-4efa-a0d7-3d08ab4d48f3-GrpcLogAppender: Wait interrupted by java.lang.InterruptedException
2019-10-02 00:13:57,687 [org.apache.ratis.server.impl.LogAppender$AppenderDaemon$$Lambda$506/1310291072@74a6e69a] WARN  server.GrpcLogAppender (GrpcLogAppender.java:mayWait(143)) - b2ccb09c-659d-4cb0-92b9-3179ded62f29@group-4822F4F6F8F9->273bd3ba-db52-4655-bbb8-1c2df5793e49-GrpcLogAppender: Wait interrupted by java.lang.InterruptedException
2019-10-02 00:13:57,688 [main] INFO  impl.StateMachineUpdater (StateMachineUpdater.java:stopAndJoin(136)) - b2ccb09c-659d-4cb0-92b9-3179ded62f29@group-4822F4F6F8F9-StateMachineUpdater: set stopIndex = 16
2019-10-02 00:13:57,689 [b2ccb09c-659d-4cb0-92b9-3179ded62f29@group-4822F4F6F8F9-StateMachineUpdater] INFO  ratis.ContainerStateMachine (ContainerStateMachine.java:takeSnapshot(289)) - group-4822F4F6F8F9: Taking a snapshot at:(t:3, i:14) file /workdir/hadoop-ozone/integration-test/target/test-dir/MiniOzoneClusterImpl-dde0f8af-4bf9-42cc-be8d-7f937630f525/datanode-3/data/ratis/ede7d205-12e0-4237-b6fa-4822f4f6f8f9/sm/snapshot.3_14
2019-10-02 00:13:57,689 [refreshUsed-/workdir/hadoop-ozone/integration-test/target/test-dir/MiniOzoneClusterImpl-dde0f8af-4bf9-42cc-be8d-7f937630f525/datanode-2/data/containers] WARN  fs.CachingGetSpaceUsed (CachingGetSpaceUsed.java:run(183)) - Thread Interrupted waiting to refresh disk information: sleep interrupted
2019-10-02 00:13:57,694 [grpc-default-executor-10] INFO  server.GrpcServerProtocolService (GrpcServerProtocolService.java:onCompleted(113)) - 273bd3ba-db52-4655-bbb8-1c2df5793e49: Completed APPEND_ENTRIES, lastRequest: b2ccb09c-659d-4cb0-92b9-3179ded62f29->273bd3ba-db52-4655-bbb8-1c2df5793e49#28-t3, previous=(t:3, i:16), leaderCommit=16, initializing? false, entries: <empty>
2019-10-02 00:13:57,694 [grpc-default-executor-10] INFO  server.GrpcLogAppender (GrpcLogAppender.java:onCompleted(293)) - b2ccb09c-659d-4cb0-92b9-3179ded62f29@group-4822F4F6F8F9->273bd3ba-db52-4655-bbb8-1c2df5793e49-AppendLogResponseHandler: follower responses appendEntries COMPLETED
2019-10-02 00:13:57,695 [grpc-default-executor-10] INFO  impl.FollowerInfo (FollowerInfo.java:lambda$new$0(51)) - b2ccb09c-659d-4cb0-92b9-3179ded62f29@group-4822F4F6F8F9->273bd3ba-db52-4655-bbb8-1c2df5793e49: nextIndex: updateUnconditionally 17 -> 16
2019-10-02 00:13:57,710 [ForkJoinPool.commonPool-worker-0] INFO  utils.BackgroundService (BackgroundService.java:shutdown(148)) - Shutting down service BlockDeletingService
2019-10-02 00:13:57,714 [ForkJoinPool.commonPool-worker-0] INFO  statemachine.DatanodeStateMachine (DatanodeStateMachine.java:stopDaemon(395)) - Ozone container server stopped.
2019-10-02 00:13:57,717 [b2ccb09c-659d-4cb0-92b9-3179ded62f29@group-4822F4F6F8F9-StateMachineUpdater] INFO  ratis.ContainerStateMachine (ContainerStateMachine.java:takeSnapshot(300)) - group-4822F4F6F8F9: Finished taking a snapshot at:(t:3, i:14) file:/workdir/hadoop-ozone/integration-test/target/test-dir/MiniOzoneClusterImpl-dde0f8af-4bf9-42cc-be8d-7f937630f525/datanode-3/data/ratis/ede7d205-12e0-4237-b6fa-4822f4f6f8f9/sm/snapshot.3_14 time:28
2019-10-02 00:13:57,717 [b2ccb09c-659d-4cb0-92b9-3179ded62f29@group-4822F4F6F8F9-StateMachineUpdater] INFO  impl.StateMachineUpdater (StateMachineUpdater.java:takeSnapshot(269)) - b2ccb09c-659d-4cb0-92b9-3179ded62f29@group-4822F4F6F8F9-StateMachineUpdater: Took a snapshot at index 14
2019-10-02 00:13:57,717 [b2ccb09c-659d-4cb0-92b9-3179ded62f29@group-4822F4F6F8F9-StateMachineUpdater] INFO  impl.StateMachineUpdater (StateMachineUpdater.java:lambda$new$0(84)) - b2ccb09c-659d-4cb0-92b9-3179ded62f29@group-4822F4F6F8F9-StateMachineUpdater: snapshotIndex: updateIncreasingly -1 -> 14
2019-10-02 00:13:57,717 [b2ccb09c-659d-4cb0-92b9-3179ded62f29@group-4822F4F6F8F9-StateMachineUpdater] INFO  ratis.ContainerStateMachine (ContainerStateMachine.java:takeSnapshot(289)) - group-4822F4F6F8F9: Taking a snapshot at:(t:3, i:14) file /workdir/hadoop-ozone/integration-test/target/test-dir/MiniOzoneClusterImpl-dde0f8af-4bf9-42cc-be8d-7f937630f525/datanode-3/data/ratis/ede7d205-12e0-4237-b6fa-4822f4f6f8f9/sm/snapshot.3_14
2019-10-02 00:13:57,719 [ForkJoinPool.commonPool-worker-0] INFO  handler.ContextHandler (ContextHandler.java:doStop(910)) - Stopped o.e.j.w.WebAppContext@27e199ce{/,null,UNAVAILABLE}{/hddsDatanode}
2019-10-02 00:13:57,719 [ForkJoinPool.commonPool-worker-0] INFO  server.AbstractConnector (AbstractConnector.java:doStop(318)) - Stopped ServerConnector@1c3b6963{HTTP/1.1,[http/1.1]}{0.0.0.0:0}
2019-10-02 00:13:57,721 [ForkJoinPool.commonPool-worker-0] INFO  handler.ContextHandler (ContextHandler.java:doStop(910)) - Stopped o.e.j.s.ServletContextHandler@7841bd30{/static,jar:file:/home/user/.m2/repository/org/apache/hadoop/hadoop-hdds-container-service/0.5.0-SNAPSHOT/hadoop-hdds-container-service-0.5.0-SNAPSHOT.jar!/webapps/static,UNAVAILABLE}
2019-10-02 00:13:57,722 [ForkJoinPool.commonPool-worker-0] INFO  handler.ContextHandler (ContextHandler.java:doStop(910)) - Stopped o.e.j.s.ServletContextHandler@6aea99e7{/logs,file:///workdir/hadoop-ozone/integration-test/target/log,UNAVAILABLE}
2019-10-02 00:13:57,741 [b2ccb09c-659d-4cb0-92b9-3179ded62f29@group-4822F4F6F8F9-StateMachineUpdater] INFO  ratis.ContainerStateMachine (ContainerStateMachine.java:takeSnapshot(300)) - group-4822F4F6F8F9: Finished taking a snapshot at:(t:3, i:14) file:/workdir/hadoop-ozone/integration-test/target/test-dir/MiniOzoneClusterImpl-dde0f8af-4bf9-42cc-be8d-7f937630f525/datanode-3/data/ratis/ede7d205-12e0-4237-b6fa-4822f4f6f8f9/sm/snapshot.3_14 time:24
2019-10-02 00:13:57,741 [b2ccb09c-659d-4cb0-92b9-3179ded62f29@group-4822F4F6F8F9-StateMachineUpdater] INFO  impl.StateMachineUpdater (StateMachineUpdater.java:takeSnapshot(269)) - b2ccb09c-659d-4cb0-92b9-3179ded62f29@group-4822F4F6F8F9-StateMachineUpdater: Took a snapshot at index 14
2019-10-02 00:13:57,741 [b2ccb09c-659d-4cb0-92b9-3179ded62f29@group-4822F4F6F8F9-StateMachineUpdater] INFO  impl.StateMachineUpdater (StateMachineUpdater.java:lambda$new$0(84)) - b2ccb09c-659d-4cb0-92b9-3179ded62f29@group-4822F4F6F8F9-StateMachineUpdater: snapshotIndex: updateIncreasingly 14 -> 14
2019-10-02 00:13:57,741 [main] INFO  impl.RaftServerImpl (ServerState.java:close(387)) - b2ccb09c-659d-4cb0-92b9-3179ded62f29@group-4822F4F6F8F9: closes. applyIndex: 16
2019-10-02 00:13:57,742 [b2ccb09c-659d-4cb0-92b9-3179ded62f29@group-4822F4F6F8F9-SegmentedRaftLogWorker] INFO  segmented.SegmentedRaftLogWorker (SegmentedRaftLogWorker.java:run(316)) - b2ccb09c-659d-4cb0-92b9-3179ded62f29@group-4822F4F6F8F9-SegmentedRaftLogWorker was interrupted, exiting. There are 0 tasks remaining in the queue.
2019-10-02 00:13:57,743 [main] INFO  segmented.SegmentedRaftLogWorker (SegmentedRaftLogWorker.java:close(224)) - b2ccb09c-659d-4cb0-92b9-3179ded62f29@group-4822F4F6F8F9-SegmentedRaftLogWorker close()
2019-10-02 00:13:57,746 [main] INFO  impl.RaftServerImpl (RaftServerImpl.java:lambda$shutdown$3(247)) - b2ccb09c-659d-4cb0-92b9-3179ded62f29@group-196D82474ABC: shutdown
2019-10-02 00:13:57,746 [main] INFO  util.JmxRegister (JmxRegister.java:unregister(73)) - Successfully un-registered JMX Bean with object name Ratis:service=RaftServer,group=group-196D82474ABC,id=b2ccb09c-659d-4cb0-92b9-3179ded62f29
2019-10-02 00:13:57,746 [main] INFO  impl.RoleInfo (RoleInfo.java:shutdownLeaderState(104)) - b2ccb09c-659d-4cb0-92b9-3179ded62f29: shutdown LeaderState
2019-10-02 00:13:57,746 [main] INFO  impl.PendingRequests (PendingRequests.java:sendNotLeaderResponses(202)) - b2ccb09c-659d-4cb0-92b9-3179ded62f29@group-196D82474ABC-PendingRequests: sendNotLeaderResponses
2019-10-02 00:13:57,747 [main] INFO  impl.StateMachineUpdater (StateMachineUpdater.java:stopAndJoin(136)) - b2ccb09c-659d-4cb0-92b9-3179ded62f29@group-196D82474ABC-StateMachineUpdater: set stopIndex = 0
2019-10-02 00:13:57,747 [main] INFO  impl.RaftServerImpl (ServerState.java:close(387)) - b2ccb09c-659d-4cb0-92b9-3179ded62f29@group-196D82474ABC: closes. applyIndex: 0
2019-10-02 00:13:57,748 [b2ccb09c-659d-4cb0-92b9-3179ded62f29@group-196D82474ABC-SegmentedRaftLogWorker] INFO  segmented.SegmentedRaftLogWorker (SegmentedRaftLogWorker.java:run(316)) - b2ccb09c-659d-4cb0-92b9-3179ded62f29@group-196D82474ABC-SegmentedRaftLogWorker was interrupted, exiting. There are 0 tasks remaining in the queue.
2019-10-02 00:13:57,749 [main] INFO  segmented.SegmentedRaftLogWorker (SegmentedRaftLogWorker.java:close(224)) - b2ccb09c-659d-4cb0-92b9-3179ded62f29@group-196D82474ABC-SegmentedRaftLogWorker close()
2019-10-02 00:13:57,751 [main] INFO  server.GrpcService (GrpcService.java:closeImpl(164)) - b2ccb09c-659d-4cb0-92b9-3179ded62f29: shutdown server with port 41168 now
2019-10-02 00:13:57,752 [grpc-default-executor-5] WARN  client.GrpcClientProtocolService (LogUtils.java:warn(134)) - 1-UnorderedRequestStreamObserver1: onError: org.apache.ratis.thirdparty.io.grpc.StatusRuntimeException: CANCELLED: cancelled before receiving half close
2019-10-02 00:13:57,752 [main] INFO  server.GrpcService (GrpcService.java:closeImpl(172)) - b2ccb09c-659d-4cb0-92b9-3179ded62f29: shutdown server with port 41168 successfully
2019-10-02 00:13:57,754 [refreshUsed-/workdir/hadoop-ozone/integration-test/target/test-dir/MiniOzoneClusterImpl-dde0f8af-4bf9-42cc-be8d-7f937630f525/datanode-3/data/containers] WARN  fs.CachingGetSpaceUsed (CachingGetSpaceUsed.java:run(183)) - Thread Interrupted waiting to refresh disk information: sleep interrupted
2019-10-02 00:13:57,766 [main] INFO  utils.BackgroundService (BackgroundService.java:shutdown(148)) - Shutting down service BlockDeletingService
2019-10-02 00:13:57,769 [main] INFO  statemachine.DatanodeStateMachine (DatanodeStateMachine.java:stopDaemon(395)) - Ozone container server stopped.
2019-10-02 00:13:57,770 [main] INFO  handler.ContextHandler (ContextHandler.java:doStop(910)) - Stopped o.e.j.w.WebAppContext@11c581a0{/,null,UNAVAILABLE}{/hddsDatanode}
2019-10-02 00:13:57,770 [main] INFO  server.AbstractConnector (AbstractConnector.java:doStop(318)) - Stopped ServerConnector@256589a1{HTTP/1.1,[http/1.1]}{0.0.0.0:0}
2019-10-02 00:13:57,770 [main] INFO  handler.ContextHandler (ContextHandler.java:doStop(910)) - Stopped o.e.j.s.ServletContextHandler@3f048c86{/static,jar:file:/home/user/.m2/repository/org/apache/hadoop/hadoop-hdds-container-service/0.5.0-SNAPSHOT/hadoop-hdds-container-service-0.5.0-SNAPSHOT.jar!/webapps/static,UNAVAILABLE}
2019-10-02 00:13:57,771 [main] INFO  handler.ContextHandler (ContextHandler.java:doStop(910)) - Stopped o.e.j.s.ServletContextHandler@6c2a95d5{/logs,file:///workdir/hadoop-ozone/integration-test/target/log,UNAVAILABLE}
2019-10-02 00:13:58,188 [Datanode State Machine Thread - 0] INFO  statemachine.DatanodeStateMachine (DatanodeStateMachine.java:lambda$startDaemon$0(350)) - Ozone container server started.
2019-10-02 00:13:58,247 [Datanode State Machine Thread - 0] INFO  statemachine.DatanodeStateMachine (DatanodeStateMachine.java:lambda$startDaemon$0(350)) - Ozone container server started.
2019-10-02 00:13:58,874 [grpc-default-executor-10] WARN  server.GrpcLogAppender (LogUtils.java:warn(134)) - 4db5ec50-aaae-4c5e-b67c-a912007a418d@group-0E9F5E39BA6E->a63184a2-e924-4873-b8f1-68ec2fadd2e2-AppendLogResponseHandler: Failed appendEntries: org.apache.ratis.thirdparty.io.grpc.StatusRuntimeException: UNAVAILABLE: io exception
2019-10-02 00:13:58,874 [grpc-default-executor-5] WARN  server.GrpcLogAppender (LogUtils.java:warn(134)) - 4db5ec50-aaae-4c5e-b67c-a912007a418d@group-0E9F5E39BA6E->5aed1388-c721-48a9-bd34-106b73a27ca6-AppendLogResponseHandler: Failed appendEntries: org.apache.ratis.thirdparty.io.grpc.StatusRuntimeException: UNAVAILABLE: io exception
2019-10-02 00:13:58,874 [grpc-default-executor-10] INFO  impl.FollowerInfo (FollowerInfo.java:lambda$new$0(51)) - 4db5ec50-aaae-4c5e-b67c-a912007a418d@group-0E9F5E39BA6E->a63184a2-e924-4873-b8f1-68ec2fadd2e2: nextIndex: updateUnconditionally 15 -> 14
2019-10-02 00:13:58,874 [grpc-default-executor-5] INFO  impl.FollowerInfo (FollowerInfo.java:lambda$new$0(51)) - 4db5ec50-aaae-4c5e-b67c-a912007a418d@group-0E9F5E39BA6E->5aed1388-c721-48a9-bd34-106b73a27ca6: nextIndex: updateUnconditionally 0 -> 0
2019-10-02 00:14:01,378 [grpc-default-executor-6] WARN  server.GrpcLogAppender (LogUtils.java:warn(134)) - 4db5ec50-aaae-4c5e-b67c-a912007a418d@group-0E9F5E39BA6E->5aed1388-c721-48a9-bd34-106b73a27ca6-AppendLogResponseHandler: Failed appendEntries: org.apache.ratis.thirdparty.io.grpc.StatusRuntimeException: UNAVAILABLE: io exception
2019-10-02 00:14:01,378 [grpc-default-executor-5] WARN  server.GrpcLogAppender (LogUtils.java:warn(134)) - 4db5ec50-aaae-4c5e-b67c-a912007a418d@group-0E9F5E39BA6E->a63184a2-e924-4873-b8f1-68ec2fadd2e2-AppendLogResponseHandler: Failed appendEntries: org.apache.ratis.thirdparty.io.grpc.StatusRuntimeException: UNAVAILABLE: io exception
2019-10-02 00:14:01,379 [grpc-default-executor-6] INFO  impl.FollowerInfo (FollowerInfo.java:lambda$new$0(51)) - 4db5ec50-aaae-4c5e-b67c-a912007a418d@group-0E9F5E39BA6E->5aed1388-c721-48a9-bd34-106b73a27ca6: nextIndex: updateUnconditionally 0 -> 0
2019-10-02 00:14:01,379 [grpc-default-executor-5] INFO  impl.FollowerInfo (FollowerInfo.java:lambda$new$0(51)) - 4db5ec50-aaae-4c5e-b67c-a912007a418d@group-0E9F5E39BA6E->a63184a2-e924-4873-b8f1-68ec2fadd2e2: nextIndex: updateUnconditionally 14 -> 13
2019-10-02 00:14:02,255 [EventQueue-StaleNodeForStaleNodeHandler] INFO  node.StaleNodeHandler (StaleNodeHandler.java:onMessage(58)) - Datanode 273bd3ba-db52-4655-bbb8-1c2df5793e49{ip: 192.168.30.63, host: pr-hdds-2201-rename-25sj9-3976918760, networkLocation: /default-rack, certSerialId: null} moved to stale state. Finalizing its pipelines [PipelineID=ede7d205-12e0-4237-b6fa-4822f4f6f8f9, PipelineID=af8df4cc-6231-4138-b562-50f8c5c48e6d]
2019-10-02 00:14:02,256 [EventQueue-StaleNodeForStaleNodeHandler] INFO  pipeline.SCMPipelineManager (SCMPipelineManager.java:finalizeAndDestroyPipeline(315)) - destroying pipeline:Pipeline[ Id: ede7d205-12e0-4237-b6fa-4822f4f6f8f9, Nodes: ac816572-adb8-4efa-a0d7-3d08ab4d48f3{ip: 192.168.30.63, host: pr-hdds-2201-rename-25sj9-3976918760, networkLocation: /default-rack, certSerialId: null}b2ccb09c-659d-4cb0-92b9-3179ded62f29{ip: 192.168.30.63, host: pr-hdds-2201-rename-25sj9-3976918760, networkLocation: /default-rack, certSerialId: null}273bd3ba-db52-4655-bbb8-1c2df5793e49{ip: 192.168.30.63, host: pr-hdds-2201-rename-25sj9-3976918760, networkLocation: /default-rack, certSerialId: null}, Type:RATIS, Factor:THREE, State:CLOSED]
2019-10-02 00:14:02,257 [EventQueue-StaleNodeForStaleNodeHandler] INFO  pipeline.SCMPipelineManager (SCMPipelineManager.java:finalizeAndDestroyPipeline(315)) - destroying pipeline:Pipeline[ Id: af8df4cc-6231-4138-b562-50f8c5c48e6d, Nodes: 273bd3ba-db52-4655-bbb8-1c2df5793e49{ip: 192.168.30.63, host: pr-hdds-2201-rename-25sj9-3976918760, networkLocation: /default-rack, certSerialId: null}, Type:RATIS, Factor:ONE, State:OPEN]
2019-10-02 00:14:02,257 [EventQueue-StaleNodeForStaleNodeHandler] INFO  pipeline.PipelineStateManager (PipelineStateManager.java:finalizePipeline(123)) - Pipeline Pipeline[ Id: af8df4cc-6231-4138-b562-50f8c5c48e6d, Nodes: 273bd3ba-db52-4655-bbb8-1c2df5793e49{ip: 192.168.30.63, host: pr-hdds-2201-rename-25sj9-3976918760, networkLocation: /default-rack, certSerialId: null}, Type:RATIS, Factor:ONE, State:CLOSED] moved to CLOSED state
2019-10-02 00:14:02,257 [EventQueue-StaleNodeForStaleNodeHandler] INFO  node.StaleNodeHandler (StaleNodeHandler.java:onMessage(58)) - Datanode 4db5ec50-aaae-4c5e-b67c-a912007a418d{ip: 192.168.30.63, host: pr-hdds-2201-rename-25sj9-3976918760, networkLocation: /default-rack, certSerialId: null} moved to stale state. Finalizing its pipelines [PipelineID=9a8f3ce9-020f-49aa-ae88-0e9f5e39ba6e, PipelineID=2527e915-a951-4627-b6d7-e8789c32bbcd]
2019-10-02 00:14:02,257 [EventQueue-StaleNodeForStaleNodeHandler] INFO  pipeline.SCMPipelineManager (SCMPipelineManager.java:finalizeAndDestroyPipeline(315)) - destroying pipeline:Pipeline[ Id: 9a8f3ce9-020f-49aa-ae88-0e9f5e39ba6e, Nodes: 5aed1388-c721-48a9-bd34-106b73a27ca6{ip: 192.168.30.63, host: pr-hdds-2201-rename-25sj9-3976918760, networkLocation: /default-rack, certSerialId: null}a63184a2-e924-4873-b8f1-68ec2fadd2e2{ip: 192.168.30.63, host: pr-hdds-2201-rename-25sj9-3976918760, networkLocation: /default-rack, certSerialId: null}4db5ec50-aaae-4c5e-b67c-a912007a418d{ip: 192.168.30.63, host: pr-hdds-2201-rename-25sj9-3976918760, networkLocation: /default-rack, certSerialId: null}, Type:RATIS, Factor:THREE, State:CLOSED]
2019-10-02 00:14:02,258 [EventQueue-StaleNodeForStaleNodeHandler] INFO  pipeline.SCMPipelineManager (SCMPipelineManager.java:finalizeAndDestroyPipeline(315)) - destroying pipeline:Pipeline[ Id: 2527e915-a951-4627-b6d7-e8789c32bbcd, Nodes: 4db5ec50-aaae-4c5e-b67c-a912007a418d{ip: 192.168.30.63, host: pr-hdds-2201-rename-25sj9-3976918760, networkLocation: /default-rack, certSerialId: null}, Type:RATIS, Factor:ONE, State:OPEN]
2019-10-02 00:14:02,258 [EventQueue-StaleNodeForStaleNodeHandler] INFO  pipeline.PipelineStateManager (PipelineStateManager.java:finalizePipeline(123)) - Pipeline Pipeline[ Id: 2527e915-a951-4627-b6d7-e8789c32bbcd, Nodes: 4db5ec50-aaae-4c5e-b67c-a912007a418d{ip: 192.168.30.63, host: pr-hdds-2201-rename-25sj9-3976918760, networkLocation: /default-rack, certSerialId: null}, Type:RATIS, Factor:ONE, State:CLOSED] moved to CLOSED state
2019-10-02 00:14:02,724 [ForkJoinPool.commonPool-worker-0] INFO  ozoneimpl.OzoneContainer (OzoneContainer.java:stop(231)) - Attempting to stop container services.
2019-10-02 00:14:02,729 [ForkJoinPool.commonPool-worker-0] INFO  impl.RaftServerProxy (RaftServerProxy.java:lambda$close$4(314)) - 4db5ec50-aaae-4c5e-b67c-a912007a418d: close
2019-10-02 00:14:02,729 [ForkJoinPool.commonPool-worker-0] INFO  impl.RaftServerImpl (RaftServerImpl.java:lambda$shutdown$3(247)) - 4db5ec50-aaae-4c5e-b67c-a912007a418d@group-0E9F5E39BA6E: shutdown
2019-10-02 00:14:02,730 [ForkJoinPool.commonPool-worker-0] INFO  util.JmxRegister (JmxRegister.java:unregister(73)) - Successfully un-registered JMX Bean with object name Ratis:service=RaftServer,group=group-0E9F5E39BA6E,id=4db5ec50-aaae-4c5e-b67c-a912007a418d
2019-10-02 00:14:02,730 [ForkJoinPool.commonPool-worker-0] INFO  impl.RoleInfo (RoleInfo.java:shutdownLeaderState(104)) - 4db5ec50-aaae-4c5e-b67c-a912007a418d: shutdown LeaderState
2019-10-02 00:14:02,734 [org.apache.ratis.server.impl.LogAppender$AppenderDaemon$$Lambda$506/1310291072@2e000fd1] WARN  server.GrpcLogAppender (GrpcLogAppender.java:mayWait(143)) - 4db5ec50-aaae-4c5e-b67c-a912007a418d@group-0E9F5E39BA6E->5aed1388-c721-48a9-bd34-106b73a27ca6-GrpcLogAppender: Wait interrupted by java.lang.InterruptedException
2019-10-02 00:14:02,734 [ForkJoinPool.commonPool-worker-0] INFO  impl.PendingRequests (PendingRequests.java:sendNotLeaderResponses(202)) - 4db5ec50-aaae-4c5e-b67c-a912007a418d@group-0E9F5E39BA6E-PendingRequests: sendNotLeaderResponses
2019-10-02 00:14:02,734 [org.apache.ratis.server.impl.LogAppender$AppenderDaemon$$Lambda$506/1310291072@6456b51f] WARN  server.GrpcLogAppender (GrpcLogAppender.java:mayWait(143)) - 4db5ec50-aaae-4c5e-b67c-a912007a418d@group-0E9F5E39BA6E->a63184a2-e924-4873-b8f1-68ec2fadd2e2-GrpcLogAppender: Wait interrupted by java.lang.InterruptedException
2019-10-02 00:14:02,735 [ForkJoinPool.commonPool-worker-0] INFO  impl.StateMachineUpdater (StateMachineUpdater.java:stopAndJoin(136)) - 4db5ec50-aaae-4c5e-b67c-a912007a418d@group-0E9F5E39BA6E-StateMachineUpdater: set stopIndex = 17
2019-10-02 00:14:02,736 [4db5ec50-aaae-4c5e-b67c-a912007a418d@group-0E9F5E39BA6E-StateMachineUpdater] INFO  ratis.ContainerStateMachine (ContainerStateMachine.java:takeSnapshot(289)) - group-0E9F5E39BA6E: Taking a snapshot at:(t:2, i:13) file /workdir/hadoop-ozone/integration-test/target/test-dir/MiniOzoneClusterImpl-dde0f8af-4bf9-42cc-be8d-7f937630f525/datanode-6/data/ratis/9a8f3ce9-020f-49aa-ae88-0e9f5e39ba6e/sm/snapshot.2_13
2019-10-02 00:14:02,772 [main] INFO  ozoneimpl.OzoneContainer (OzoneContainer.java:stop(231)) - Attempting to stop container services.
2019-10-02 00:14:02,773 [main] INFO  impl.RaftServerProxy (RaftServerProxy.java:lambda$close$4(314)) - 273bd3ba-db52-4655-bbb8-1c2df5793e49: close
2019-10-02 00:14:02,773 [main] INFO  impl.RaftServerImpl (RaftServerImpl.java:lambda$shutdown$3(247)) - 273bd3ba-db52-4655-bbb8-1c2df5793e49@group-4822F4F6F8F9: shutdown
2019-10-02 00:14:02,774 [main] INFO  util.JmxRegister (JmxRegister.java:unregister(73)) - Successfully un-registered JMX Bean with object name Ratis:service=RaftServer,group=group-4822F4F6F8F9,id=273bd3ba-db52-4655-bbb8-1c2df5793e49
2019-10-02 00:14:02,774 [main] INFO  impl.RoleInfo (RoleInfo.java:shutdownFollowerState(121)) - 273bd3ba-db52-4655-bbb8-1c2df5793e49: shutdown FollowerState
2019-10-02 00:14:02,775 [main] INFO  impl.StateMachineUpdater (StateMachineUpdater.java:stopAndJoin(136)) - 273bd3ba-db52-4655-bbb8-1c2df5793e49@group-4822F4F6F8F9-StateMachineUpdater: set stopIndex = 16
2019-10-02 00:14:02,775 [Thread-2977] INFO  impl.FollowerState (FollowerState.java:run(117)) - 273bd3ba-db52-4655-bbb8-1c2df5793e49@group-4822F4F6F8F9-FollowerState was interrupted: java.lang.InterruptedException: sleep interrupted
2019-10-02 00:14:02,775 [273bd3ba-db52-4655-bbb8-1c2df5793e49@group-4822F4F6F8F9-StateMachineUpdater] INFO  ratis.ContainerStateMachine (ContainerStateMachine.java:takeSnapshot(289)) - group-4822F4F6F8F9: Taking a snapshot at:(t:3, i:14) file /workdir/hadoop-ozone/integration-test/target/test-dir/MiniOzoneClusterImpl-dde0f8af-4bf9-42cc-be8d-7f937630f525/datanode-5/data/ratis/ede7d205-12e0-4237-b6fa-4822f4f6f8f9/sm/snapshot.3_14
2019-10-02 00:14:02,777 [4db5ec50-aaae-4c5e-b67c-a912007a418d@group-0E9F5E39BA6E-StateMachineUpdater] INFO  ratis.ContainerStateMachine (ContainerStateMachine.java:takeSnapshot(300)) - group-0E9F5E39BA6E: Finished taking a snapshot at:(t:2, i:13) file:/workdir/hadoop-ozone/integration-test/target/test-dir/MiniOzoneClusterImpl-dde0f8af-4bf9-42cc-be8d-7f937630f525/datanode-6/data/ratis/9a8f3ce9-020f-49aa-ae88-0e9f5e39ba6e/sm/snapshot.2_13 time:42
2019-10-02 00:14:02,777 [4db5ec50-aaae-4c5e-b67c-a912007a418d@group-0E9F5E39BA6E-StateMachineUpdater] INFO  impl.StateMachineUpdater (StateMachineUpdater.java:takeSnapshot(269)) - 4db5ec50-aaae-4c5e-b67c-a912007a418d@group-0E9F5E39BA6E-StateMachineUpdater: Took a snapshot at index 13
2019-10-02 00:14:02,778 [4db5ec50-aaae-4c5e-b67c-a912007a418d@group-0E9F5E39BA6E-StateMachineUpdater] INFO  impl.StateMachineUpdater (StateMachineUpdater.java:lambda$new$0(84)) - 4db5ec50-aaae-4c5e-b67c-a912007a418d@group-0E9F5E39BA6E-StateMachineUpdater: snapshotIndex: updateIncreasingly -1 -> 13
2019-10-02 00:14:02,778 [4db5ec50-aaae-4c5e-b67c-a912007a418d@group-0E9F5E39BA6E-StateMachineUpdater] INFO  ratis.ContainerStateMachine (ContainerStateMachine.java:takeSnapshot(289)) - group-0E9F5E39BA6E: Taking a snapshot at:(t:2, i:13) file /workdir/hadoop-ozone/integration-test/target/test-dir/MiniOzoneClusterImpl-dde0f8af-4bf9-42cc-be8d-7f937630f525/datanode-6/data/ratis/9a8f3ce9-020f-49aa-ae88-0e9f5e39ba6e/sm/snapshot.2_13
2019-10-02 00:14:02,799 [4db5ec50-aaae-4c5e-b67c-a912007a418d@group-0E9F5E39BA6E-StateMachineUpdater] INFO  ratis.ContainerStateMachine (ContainerStateMachine.java:takeSnapshot(300)) - group-0E9F5E39BA6E: Finished taking a snapshot at:(t:2, i:13) file:/workdir/hadoop-ozone/integration-test/target/test-dir/MiniOzoneClusterImpl-dde0f8af-4bf9-42cc-be8d-7f937630f525/datanode-6/data/ratis/9a8f3ce9-020f-49aa-ae88-0e9f5e39ba6e/sm/snapshot.2_13 time:21
2019-10-02 00:14:02,799 [273bd3ba-db52-4655-bbb8-1c2df5793e49@group-4822F4F6F8F9-StateMachineUpdater] INFO  ratis.ContainerStateMachine (ContainerStateMachine.java:takeSnapshot(300)) - group-4822F4F6F8F9: Finished taking a snapshot at:(t:3, i:14) file:/workdir/hadoop-ozone/integration-test/target/test-dir/MiniOzoneClusterImpl-dde0f8af-4bf9-42cc-be8d-7f937630f525/datanode-5/data/ratis/ede7d205-12e0-4237-b6fa-4822f4f6f8f9/sm/snapshot.3_14 time:24
2019-10-02 00:14:02,799 [4db5ec50-aaae-4c5e-b67c-a912007a418d@group-0E9F5E39BA6E-StateMachineUpdater] INFO  impl.StateMachineUpdater (StateMachineUpdater.java:takeSnapshot(269)) - 4db5ec50-aaae-4c5e-b67c-a912007a418d@group-0E9F5E39BA6E-StateMachineUpdater: Took a snapshot at index 13
2019-10-02 00:14:02,799 [4db5ec50-aaae-4c5e-b67c-a912007a418d@group-0E9F5E39BA6E-StateMachineUpdater] INFO  impl.StateMachineUpdater (StateMachineUpdater.java:lambda$new$0(84)) - 4db5ec50-aaae-4c5e-b67c-a912007a418d@group-0E9F5E39BA6E-StateMachineUpdater: snapshotIndex: updateIncreasingly 13 -> 13
2019-10-02 00:14:02,799 [273bd3ba-db52-4655-bbb8-1c2df5793e49@group-4822F4F6F8F9-StateMachineUpdater] INFO  impl.StateMachineUpdater (StateMachineUpdater.java:takeSnapshot(269)) - 273bd3ba-db52-4655-bbb8-1c2df5793e49@group-4822F4F6F8F9-StateMachineUpdater: Took a snapshot at index 14
2019-10-02 00:14:02,800 [ForkJoinPool.commonPool-worker-0] INFO  impl.RaftServerImpl (ServerState.java:close(387)) - 4db5ec50-aaae-4c5e-b67c-a912007a418d@group-0E9F5E39BA6E: closes. applyIndex: 17
2019-10-02 00:14:02,800 [273bd3ba-db52-4655-bbb8-1c2df5793e49@group-4822F4F6F8F9-StateMachineUpdater] INFO  impl.StateMachineUpdater (StateMachineUpdater.java:lambda$new$0(84)) - 273bd3ba-db52-4655-bbb8-1c2df5793e49@group-4822F4F6F8F9-StateMachineUpdater: snapshotIndex: updateIncreasingly -1 -> 14
2019-10-02 00:14:02,800 [4db5ec50-aaae-4c5e-b67c-a912007a418d@group-0E9F5E39BA6E-SegmentedRaftLogWorker] INFO  segmented.SegmentedRaftLogWorker (SegmentedRaftLogWorker.java:run(316)) - 4db5ec50-aaae-4c5e-b67c-a912007a418d@group-0E9F5E39BA6E-SegmentedRaftLogWorker was interrupted, exiting. There are 0 tasks remaining in the queue.
2019-10-02 00:14:02,800 [273bd3ba-db52-4655-bbb8-1c2df5793e49@group-4822F4F6F8F9-StateMachineUpdater] INFO  ratis.ContainerStateMachine (ContainerStateMachine.java:takeSnapshot(289)) - group-4822F4F6F8F9: Taking a snapshot at:(t:3, i:14) file /workdir/hadoop-ozone/integration-test/target/test-dir/MiniOzoneClusterImpl-dde0f8af-4bf9-42cc-be8d-7f937630f525/datanode-5/data/ratis/ede7d205-12e0-4237-b6fa-4822f4f6f8f9/sm/snapshot.3_14
2019-10-02 00:14:02,802 [ForkJoinPool.commonPool-worker-0] INFO  segmented.SegmentedRaftLogWorker (SegmentedRaftLogWorker.java:close(224)) - 4db5ec50-aaae-4c5e-b67c-a912007a418d@group-0E9F5E39BA6E-SegmentedRaftLogWorker close()
2019-10-02 00:14:02,813 [ForkJoinPool.commonPool-worker-0] INFO  impl.RaftServerImpl (RaftServerImpl.java:lambda$shutdown$3(247)) - 4db5ec50-aaae-4c5e-b67c-a912007a418d@group-E8789C32BBCD: shutdown
2019-10-02 00:14:02,813 [ForkJoinPool.commonPool-worker-0] INFO  util.JmxRegister (JmxRegister.java:unregister(73)) - Successfully un-registered JMX Bean with object name Ratis:service=RaftServer,group=group-E8789C32BBCD,id=4db5ec50-aaae-4c5e-b67c-a912007a418d
2019-10-02 00:14:02,814 [ForkJoinPool.commonPool-worker-0] INFO  impl.RoleInfo (RoleInfo.java:shutdownLeaderState(104)) - 4db5ec50-aaae-4c5e-b67c-a912007a418d: shutdown LeaderState
2019-10-02 00:14:02,814 [ForkJoinPool.commonPool-worker-0] INFO  impl.PendingRequests (PendingRequests.java:sendNotLeaderResponses(202)) - 4db5ec50-aaae-4c5e-b67c-a912007a418d@group-E8789C32BBCD-PendingRequests: sendNotLeaderResponses
2019-10-02 00:14:02,815 [ForkJoinPool.commonPool-worker-0] INFO  impl.StateMachineUpdater (StateMachineUpdater.java:stopAndJoin(136)) - 4db5ec50-aaae-4c5e-b67c-a912007a418d@group-E8789C32BBCD-StateMachineUpdater: set stopIndex = 0
2019-10-02 00:14:02,815 [ForkJoinPool.commonPool-worker-0] INFO  impl.RaftServerImpl (ServerState.java:close(387)) - 4db5ec50-aaae-4c5e-b67c-a912007a418d@group-E8789C32BBCD: closes. applyIndex: 0
2019-10-02 00:14:02,815 [4db5ec50-aaae-4c5e-b67c-a912007a418d@group-E8789C32BBCD-SegmentedRaftLogWorker] INFO  segmented.SegmentedRaftLogWorker (SegmentedRaftLogWorker.java:run(316)) - 4db5ec50-aaae-4c5e-b67c-a912007a418d@group-E8789C32BBCD-SegmentedRaftLogWorker was interrupted, exiting. There are 0 tasks remaining in the queue.
2019-10-02 00:14:02,823 [ForkJoinPool.commonPool-worker-0] INFO  segmented.SegmentedRaftLogWorker (SegmentedRaftLogWorker.java:close(224)) - 4db5ec50-aaae-4c5e-b67c-a912007a418d@group-E8789C32BBCD-SegmentedRaftLogWorker close()
2019-10-02 00:14:02,825 [273bd3ba-db52-4655-bbb8-1c2df5793e49@group-4822F4F6F8F9-StateMachineUpdater] INFO  ratis.ContainerStateMachine (ContainerStateMachine.java:takeSnapshot(300)) - group-4822F4F6F8F9: Finished taking a snapshot at:(t:3, i:14) file:/workdir/hadoop-ozone/integration-test/target/test-dir/MiniOzoneClusterImpl-dde0f8af-4bf9-42cc-be8d-7f937630f525/datanode-5/data/ratis/ede7d205-12e0-4237-b6fa-4822f4f6f8f9/sm/snapshot.3_14 time:25
2019-10-02 00:14:02,826 [ForkJoinPool.commonPool-worker-0] INFO  server.GrpcService (GrpcService.java:closeImpl(164)) - 4db5ec50-aaae-4c5e-b67c-a912007a418d: shutdown server with port 46233 now
2019-10-02 00:14:02,826 [273bd3ba-db52-4655-bbb8-1c2df5793e49@group-4822F4F6F8F9-StateMachineUpdater] INFO  impl.StateMachineUpdater (StateMachineUpdater.java:takeSnapshot(269)) - 273bd3ba-db52-4655-bbb8-1c2df5793e49@group-4822F4F6F8F9-StateMachineUpdater: Took a snapshot at index 14
2019-10-02 00:14:02,826 [273bd3ba-db52-4655-bbb8-1c2df5793e49@group-4822F4F6F8F9-StateMachineUpdater] INFO  impl.StateMachineUpdater (StateMachineUpdater.java:lambda$new$0(84)) - 273bd3ba-db52-4655-bbb8-1c2df5793e49@group-4822F4F6F8F9-StateMachineUpdater: snapshotIndex: updateIncreasingly 14 -> 14
2019-10-02 00:14:02,826 [main] INFO  impl.RaftServerImpl (ServerState.java:close(387)) - 273bd3ba-db52-4655-bbb8-1c2df5793e49@group-4822F4F6F8F9: closes. applyIndex: 16
2019-10-02 00:14:02,826 [ForkJoinPool.commonPool-worker-0] INFO  server.GrpcService (GrpcService.java:closeImpl(172)) - 4db5ec50-aaae-4c5e-b67c-a912007a418d: shutdown server with port 46233 successfully
2019-10-02 00:14:02,826 [273bd3ba-db52-4655-bbb8-1c2df5793e49@group-4822F4F6F8F9-SegmentedRaftLogWorker] INFO  segmented.SegmentedRaftLogWorker (SegmentedRaftLogWorker.java:run(316)) - 273bd3ba-db52-4655-bbb8-1c2df5793e49@group-4822F4F6F8F9-SegmentedRaftLogWorker was interrupted, exiting. There are 0 tasks remaining in the queue.
2019-10-02 00:14:02,827 [main] INFO  segmented.SegmentedRaftLogWorker (SegmentedRaftLogWorker.java:close(224)) - 273bd3ba-db52-4655-bbb8-1c2df5793e49@group-4822F4F6F8F9-SegmentedRaftLogWorker close()
2019-10-02 00:14:02,829 [main] INFO  impl.RaftServerImpl (RaftServerImpl.java:lambda$shutdown$3(247)) - 273bd3ba-db52-4655-bbb8-1c2df5793e49@group-50F8C5C48E6D: shutdown
2019-10-02 00:14:02,830 [main] INFO  util.JmxRegister (JmxRegister.java:unregister(73)) - Successfully un-registered JMX Bean with object name Ratis:service=RaftServer,group=group-50F8C5C48E6D,id=273bd3ba-db52-4655-bbb8-1c2df5793e49
2019-10-02 00:14:02,830 [main] INFO  impl.RoleInfo (RoleInfo.java:shutdownLeaderState(104)) - 273bd3ba-db52-4655-bbb8-1c2df5793e49: shutdown LeaderState
2019-10-02 00:14:02,831 [main] INFO  impl.PendingRequests (PendingRequests.java:sendNotLeaderResponses(202)) - 273bd3ba-db52-4655-bbb8-1c2df5793e49@group-50F8C5C48E6D-PendingRequests: sendNotLeaderResponses
2019-10-02 00:14:02,831 [main] INFO  impl.StateMachineUpdater (StateMachineUpdater.java:stopAndJoin(136)) - 273bd3ba-db52-4655-bbb8-1c2df5793e49@group-50F8C5C48E6D-StateMachineUpdater: set stopIndex = 0
2019-10-02 00:14:02,832 [main] INFO  impl.RaftServerImpl (ServerState.java:close(387)) - 273bd3ba-db52-4655-bbb8-1c2df5793e49@group-50F8C5C48E6D: closes. applyIndex: 0
2019-10-02 00:14:02,834 [273bd3ba-db52-4655-bbb8-1c2df5793e49@group-50F8C5C48E6D-SegmentedRaftLogWorker] INFO  segmented.SegmentedRaftLogWorker (SegmentedRaftLogWorker.java:run(316)) - 273bd3ba-db52-4655-bbb8-1c2df5793e49@group-50F8C5C48E6D-SegmentedRaftLogWorker was interrupted, exiting. There are 0 tasks remaining in the queue.
2019-10-02 00:14:02,835 [main] INFO  segmented.SegmentedRaftLogWorker (SegmentedRaftLogWorker.java:close(224)) - 273bd3ba-db52-4655-bbb8-1c2df5793e49@group-50F8C5C48E6D-SegmentedRaftLogWorker close()
2019-10-02 00:14:02,835 [refreshUsed-/workdir/hadoop-ozone/integration-test/target/test-dir/MiniOzoneClusterImpl-dde0f8af-4bf9-42cc-be8d-7f937630f525/datanode-6/data/containers] WARN  fs.CachingGetSpaceUsed (CachingGetSpaceUsed.java:run(183)) - Thread Interrupted waiting to refresh disk information: sleep interrupted
2019-10-02 00:14:02,837 [main] INFO  server.GrpcService (GrpcService.java:closeImpl(164)) - 273bd3ba-db52-4655-bbb8-1c2df5793e49: shutdown server with port 39351 now
2019-10-02 00:14:02,838 [main] INFO  server.GrpcService (GrpcService.java:closeImpl(172)) - 273bd3ba-db52-4655-bbb8-1c2df5793e49: shutdown server with port 39351 successfully
2019-10-02 00:14:02,843 [refreshUsed-/workdir/hadoop-ozone/integration-test/target/test-dir/MiniOzoneClusterImpl-dde0f8af-4bf9-42cc-be8d-7f937630f525/datanode-5/data/containers] WARN  fs.CachingGetSpaceUsed (CachingGetSpaceUsed.java:run(183)) - Thread Interrupted waiting to refresh disk information: sleep interrupted
2019-10-02 00:14:02,853 [main] INFO  utils.BackgroundService (BackgroundService.java:shutdown(148)) - Shutting down service BlockDeletingService
2019-10-02 00:14:02,858 [main] INFO  statemachine.DatanodeStateMachine (DatanodeStateMachine.java:stopDaemon(395)) - Ozone container server stopped.
2019-10-02 00:14:02,860 [main] INFO  handler.ContextHandler (ContextHandler.java:doStop(910)) - Stopped o.e.j.w.WebAppContext@3bbb8c16{/,null,UNAVAILABLE}{/hddsDatanode}
2019-10-02 00:14:02,860 [ForkJoinPool.commonPool-worker-0] INFO  utils.BackgroundService (BackgroundService.java:shutdown(148)) - Shutting down service BlockDeletingService
2019-10-02 00:14:02,860 [main] INFO  server.AbstractConnector (AbstractConnector.java:doStop(318)) - Stopped ServerConnector@73e1ecd0{HTTP/1.1,[http/1.1]}{0.0.0.0:0}
2019-10-02 00:14:02,863 [ForkJoinPool.commonPool-worker-0] INFO  statemachine.DatanodeStateMachine (DatanodeStateMachine.java:stopDaemon(395)) - Ozone container server stopped.
2019-10-02 00:14:02,863 [main] INFO  handler.ContextHandler (ContextHandler.java:doStop(910)) - Stopped o.e.j.s.ServletContextHandler@48f2054d{/static,jar:file:/home/user/.m2/repository/org/apache/hadoop/hadoop-hdds-container-service/0.5.0-SNAPSHOT/hadoop-hdds-container-service-0.5.0-SNAPSHOT.jar!/webapps/static,UNAVAILABLE}
2019-10-02 00:14:02,866 [main] INFO  handler.ContextHandler (ContextHandler.java:doStop(910)) - Stopped o.e.j.s.ServletContextHandler@5520f675{/logs,file:///workdir/hadoop-ozone/integration-test/target/log,UNAVAILABLE}
2019-10-02 00:14:02,867 [ForkJoinPool.commonPool-worker-0] INFO  handler.ContextHandler (ContextHandler.java:doStop(910)) - Stopped o.e.j.w.WebAppContext@3b57dba4{/,null,UNAVAILABLE}{/hddsDatanode}
2019-10-02 00:14:02,869 [ForkJoinPool.commonPool-worker-0] INFO  server.AbstractConnector (AbstractConnector.java:doStop(318)) - Stopped ServerConnector@35f7969d{HTTP/1.1,[http/1.1]}{0.0.0.0:0}
2019-10-02 00:14:02,870 [ForkJoinPool.commonPool-worker-0] INFO  handler.ContextHandler (ContextHandler.java:doStop(910)) - Stopped o.e.j.s.ServletContextHandler@489110c2{/static,jar:file:/home/user/.m2/repository/org/apache/hadoop/hadoop-hdds-container-service/0.5.0-SNAPSHOT/hadoop-hdds-container-service-0.5.0-SNAPSHOT.jar!/webapps/static,UNAVAILABLE}
2019-10-02 00:14:02,872 [ForkJoinPool.commonPool-worker-0] INFO  handler.ContextHandler (ContextHandler.java:doStop(910)) - Stopped o.e.j.s.ServletContextHandler@3cc9632d{/logs,file:///workdir/hadoop-ozone/integration-test/target/log,UNAVAILABLE}
2019-10-02 00:14:02,873 [main] INFO  ozone.MiniOzoneClusterImpl (MiniOzoneClusterImpl.java:stopSCM(392)) - Stopping the StorageContainerManager
2019-10-02 00:14:02,873 [main] INFO  server.StorageContainerManager (StorageContainerManager.java:stop(808)) - Stopping Replication Manager Service.
2019-10-02 00:14:02,873 [main] INFO  container.ReplicationManager (ReplicationManager.java:stop(203)) - Stopping Replication Monitor Thread.
2019-10-02 00:14:02,873 [main] INFO  server.StorageContainerManager (StorageContainerManager.java:stop(815)) - Stopping Lease Manager of the command watchers
2019-10-02 00:14:02,873 [main] INFO  server.StorageContainerManager (StorageContainerManager.java:stop(822)) - Stopping datanode service RPC server
2019-10-02 00:14:02,874 [main] INFO  server.SCMDatanodeProtocolServer (SCMDatanodeProtocolServer.java:stop(367)) - Stopping the RPC server for DataNodes
2019-10-02 00:14:02,874 [main] INFO  ipc.Server (Server.java:stop(3082)) - Stopping server on 46760
2019-10-02 00:14:02,876 [IPC Server listener on 46760] INFO  ipc.Server (Server.java:run(1185)) - Stopping IPC Server listener on 46760
2019-10-02 00:14:02,878 [IPC Server Responder] INFO  ipc.Server (Server.java:run(1319)) - Stopping IPC Server Responder
2019-10-02 00:14:02,956 [SCM Heartbeat Processing Thread - 0] WARN  node.NodeStateManager (NodeStateManager.java:scheduleNextHealthCheck(646)) - Current Thread is interrupted, shutting down HB processing thread for Node Manager.
2019-10-02 00:14:02,956 [main] INFO  server.StorageContainerManager (StorageContainerManager.java:stop(830)) - Stopping block service RPC server
2019-10-02 00:14:02,956 [main] INFO  server.SCMBlockProtocolServer (SCMBlockProtocolServer.java:stop(155)) - Stopping the RPC server for Block Protocol
2019-10-02 00:14:02,956 [main] INFO  ipc.Server (Server.java:stop(3082)) - Stopping server on 35823
2019-10-02 00:14:02,958 [IPC Server listener on 35823] INFO  ipc.Server (Server.java:run(1185)) - Stopping IPC Server listener on 35823
2019-10-02 00:14:02,958 [main] INFO  server.StorageContainerManager (StorageContainerManager.java:stop(837)) - Stopping the StorageContainerLocationProtocol RPC server
2019-10-02 00:14:02,959 [main] INFO  server.SCMClientProtocolServer (SCMClientProtocolServer.java:stop(158)) - Stopping the RPC server for Client Protocol
2019-10-02 00:14:02,959 [IPC Server Responder] INFO  ipc.Server (Server.java:run(1319)) - Stopping IPC Server Responder
2019-10-02 00:14:02,960 [main] INFO  ipc.Server (Server.java:stop(3082)) - Stopping server on 39671
2019-10-02 00:14:02,962 [main] INFO  server.StorageContainerManager (StorageContainerManager.java:stop(844)) - Stopping Storage Container Manager HTTP server.
2019-10-02 00:14:02,962 [IPC Server Responder] INFO  ipc.Server (Server.java:run(1319)) - Stopping IPC Server Responder
2019-10-02 00:14:02,962 [IPC Server listener on 39671] INFO  ipc.Server (Server.java:run(1185)) - Stopping IPC Server listener on 39671
2019-10-02 00:14:02,964 [main] INFO  handler.ContextHandler (ContextHandler.java:doStop(910)) - Stopped o.e.j.w.WebAppContext@3002e397{/,null,UNAVAILABLE}{/scm}
2019-10-02 00:14:02,964 [main] INFO  server.AbstractConnector (AbstractConnector.java:doStop(318)) - Stopped ServerConnector@7da1e005{HTTP/1.1,[http/1.1]}{0.0.0.0:0}
2019-10-02 00:14:02,965 [main] INFO  handler.ContextHandler (ContextHandler.java:doStop(910)) - Stopped o.e.j.s.ServletContextHandler@16cb9989{/static,file:///workdir/hadoop-ozone/integration-test/target/test-classes/webapps/static,UNAVAILABLE}
2019-10-02 00:14:02,965 [main] INFO  handler.ContextHandler (ContextHandler.java:doStop(910)) - Stopped o.e.j.s.ServletContextHandler@578a5ce8{/logs,file:///workdir/hadoop-ozone/integration-test/target/log,UNAVAILABLE}
2019-10-02 00:14:02,966 [main] INFO  server.StorageContainerManager (StorageContainerManager.java:stop(855)) - Stopping Block Manager Service.
2019-10-02 00:14:02,966 [main] INFO  utils.BackgroundService (BackgroundService.java:shutdown(148)) - Shutting down service SCMBlockDeletingService
2019-10-02 00:14:02,967 [main] INFO  utils.BackgroundService (BackgroundService.java:shutdown(148)) - Shutting down service SCMBlockDeletingService
2019-10-02 00:14:02,967 [main] INFO  server.StorageContainerManager (StorageContainerManager.java:stop(877)) - Stopping SCM Event Queue.
2019-10-02 00:14:02,971 [main] INFO  impl.MetricsSystemImpl (MetricsSystemImpl.java:stop(210)) - Stopping HddsDatanode metrics system...
2019-10-02 00:14:02,995 [main] INFO  impl.MetricsSystemImpl (MetricsSystemImpl.java:stop(216)) - HddsDatanode metrics system stopped.
]]></system-out>
    <system-err><![CDATA[Oct 02, 2019 12:13:52 AM org.apache.ratis.thirdparty.io.grpc.internal.SerializingExecutor run
SEVERE: Exception while executing runnable org.apache.ratis.thirdparty.io.grpc.internal.ServerImpl$JumpToApplicationThreadServerStreamListener$1Closed@524f2811
org.apache.ratis.thirdparty.io.grpc.StatusRuntimeException: CANCELLED: call already cancelled
	at org.apache.ratis.thirdparty.io.grpc.Status.asRuntimeException(Status.java:517)
	at org.apache.ratis.thirdparty.io.grpc.stub.ServerCalls$ServerCallStreamObserverImpl.onCompleted(ServerCalls.java:356)
	at org.apache.ratis.grpc.server.GrpcServerProtocolService$ServerRequestStreamObserver.onError(GrpcServerProtocolService.java:121)
	at org.apache.ratis.thirdparty.io.grpc.stub.ServerCalls$StreamingServerCallHandler$StreamingServerCallListener.onCancel(ServerCalls.java:269)
	at org.apache.ratis.thirdparty.io.grpc.internal.ServerCallImpl$ServerStreamListenerImpl.closed(ServerCallImpl.java:293)
	at org.apache.ratis.thirdparty.io.grpc.internal.ServerImpl$JumpToApplicationThreadServerStreamListener$1Closed.runInContext(ServerImpl.java:741)
	at org.apache.ratis.thirdparty.io.grpc.internal.ContextRunnable.run(ContextRunnable.java:37)
	at org.apache.ratis.thirdparty.io.grpc.internal.SerializingExecutor.run(SerializingExecutor.java:123)
	at java.util.concurrent.ThreadPoolExecutor.runWorker(ThreadPoolExecutor.java:1149)
	at java.util.concurrent.ThreadPoolExecutor$Worker.run(ThreadPoolExecutor.java:624)
	at java.lang.Thread.run(Thread.java:748)

Oct 02, 2019 12:13:52 AM org.apache.ratis.thirdparty.io.grpc.internal.SerializingExecutor run
SEVERE: Exception while executing runnable org.apache.ratis.thirdparty.io.grpc.internal.ServerImpl$JumpToApplicationThreadServerStreamListener$1Closed@2e7cab34
org.apache.ratis.thirdparty.io.grpc.StatusRuntimeException: CANCELLED: call already cancelled
	at org.apache.ratis.thirdparty.io.grpc.Status.asRuntimeException(Status.java:517)
	at org.apache.ratis.thirdparty.io.grpc.stub.ServerCalls$ServerCallStreamObserverImpl.onCompleted(ServerCalls.java:356)
	at org.apache.ratis.grpc.server.GrpcServerProtocolService$ServerRequestStreamObserver.onError(GrpcServerProtocolService.java:121)
	at org.apache.ratis.thirdparty.io.grpc.stub.ServerCalls$StreamingServerCallHandler$StreamingServerCallListener.onCancel(ServerCalls.java:269)
	at org.apache.ratis.thirdparty.io.grpc.internal.ServerCallImpl$ServerStreamListenerImpl.closed(ServerCallImpl.java:293)
	at org.apache.ratis.thirdparty.io.grpc.internal.ServerImpl$JumpToApplicationThreadServerStreamListener$1Closed.runInContext(ServerImpl.java:741)
	at org.apache.ratis.thirdparty.io.grpc.internal.ContextRunnable.run(ContextRunnable.java:37)
	at org.apache.ratis.thirdparty.io.grpc.internal.SerializingExecutor.run(SerializingExecutor.java:123)
	at java.util.concurrent.ThreadPoolExecutor.runWorker(ThreadPoolExecutor.java:1149)
	at java.util.concurrent.ThreadPoolExecutor$Worker.run(ThreadPoolExecutor.java:624)
	at java.lang.Thread.run(Thread.java:748)

]]></system-err>
  </testcase>
  <testcase name="testFailureWithPrimeSizedData" classname="org.apache.hadoop.ozone.client.rpc.TestBlockOutputStreamWithFailures" time="35.122"/>
  <testcase name="testWatchForCommitWithCloseContainerException" classname="org.apache.hadoop.ozone.client.rpc.TestBlockOutputStreamWithFailures" time="35.905"/>
  <testcase name="testExceptionDuringClose" classname="org.apache.hadoop.ozone.client.rpc.TestBlockOutputStreamWithFailures" time="46.886"/>
</testsuite>