<?xml version="1.0" encoding="UTF-8"?>
<testsuite xmlns:xsi="http://www.w3.org/2001/XMLSchema-instance" xsi:noNamespaceSchemaLocation="https://maven.apache.org/surefire/maven-surefire-plugin/xsd/surefire-test-report.xsd" name="org.apache.hadoop.ozone.client.rpc.TestOzoneAtRestEncryption" time="74.678" tests="69" errors="19" skipped="2" failures="0">
  <properties>
    <property name="awt.toolkit" value="sun.awt.X11.XToolkit"/>
    <property name="file.encoding.pkg" value="sun.io"/>
    <property name="java.specification.version" value="1.8"/>
    <property name="sun.cpu.isalist" value=""/>
    <property name="sun.jnu.encoding" value="UTF-8"/>
    <property name="java.class.path" value="/workdir/hadoop-ozone/integration-test/target/test-classes:/workdir/hadoop-ozone/integration-test/target/classes:/home/user/.m2/repository/org/apache/hadoop/hadoop-ozone-common/0.5.0-SNAPSHOT/hadoop-ozone-common-0.5.0-SNAPSHOT.jar:/home/user/.m2/repository/org/apache/commons/commons-compress/1.4.1/commons-compress-1.4.1.jar:/home/user/.m2/repository/org/tukaani/xz/1.0/xz-1.0.jar:/home/user/.m2/repository/org/apache/hadoop/hadoop-common/3.2.0/hadoop-common-3.2.0.jar:/home/user/.m2/repository/org/apache/hadoop/hadoop-hdfs/3.2.0/hadoop-hdfs-3.2.0.jar:/home/user/.m2/repository/org/apache/hadoop/hadoop-hdfs-client/3.2.0/hadoop-hdfs-client-3.2.0.jar:/home/user/.m2/repository/com/fasterxml/jackson/core/jackson-annotations/2.9.9/jackson-annotations-2.9.9.jar:/home/user/.m2/repository/org/apache/hadoop/hadoop-hdds-common/0.5.0-SNAPSHOT/hadoop-hdds-common-0.5.0-SNAPSHOT.jar:/home/user/.m2/repository/javax/annotation/javax.annotation-api/1.2/javax.annotation-api-1.2.jar:/home/user/.m2/repository/org/apache/ratis/ratis-server/0.4.0/ratis-server-0.4.0.jar:/home/user/.m2/repository/org/apache/ratis/ratis-thirdparty-misc/0.2.0/ratis-thirdparty-misc-0.2.0.jar:/home/user/.m2/repository/org/apache/ratis/ratis-proto/0.4.0/ratis-proto-0.4.0.jar:/home/user/.m2/repository/org/apache/ratis/ratis-common/0.4.0/ratis-common-0.4.0.jar:/home/user/.m2/repository/org/apache/ratis/ratis-client/0.4.0/ratis-client-0.4.0.jar:/home/user/.m2/repository/org/apache/ratis/ratis-metrics/0.4.0/ratis-metrics-0.4.0.jar:/home/user/.m2/repository/com/github/joshelser/dropwizard-metrics-hadoop-metrics2-reporter/0.1.2/dropwizard-metrics-hadoop-metrics2-reporter-0.1.2.jar:/home/user/.m2/repository/io/dropwizard/metrics/metrics-jvm/3.2.5/metrics-jvm-3.2.5.jar:/home/user/.m2/repository/io/dropwizard/metrics/metrics-ganglia/3.2.5/metrics-ganglia-3.2.5.jar:/home/user/.m2/repository/info/ganglia/gmetric4j/gmetric4j/1.0.7/gmetric4j-1.0.7.jar:/home/user/.m2/repository/org/apache/ratis/ratis-netty/0.4.0/ratis-netty-0.4.0.jar:/home/user/.m2/repository/org/apache/ratis/ratis-grpc/0.4.0/ratis-grpc-0.4.0.jar:/home/user/.m2/repository/org/rocksdb/rocksdbjni/6.0.1/rocksdbjni-6.0.1.jar:/home/user/.m2/repository/org/apache/logging/log4j/log4j-api/2.11.0/log4j-api-2.11.0.jar:/home/user/.m2/repository/org/apache/logging/log4j/log4j-core/2.11.0/log4j-core-2.11.0.jar:/home/user/.m2/repository/com/lmax/disruptor/3.4.2/disruptor-3.4.2.jar:/home/user/.m2/repository/org/apache/commons/commons-pool2/2.6.0/commons-pool2-2.6.0.jar:/home/user/.m2/repository/org/bouncycastle/bcpkix-jdk15on/1.60/bcpkix-jdk15on-1.60.jar:/home/user/.m2/repository/commons-validator/commons-validator/1.6/commons-validator-1.6.jar:/home/user/.m2/repository/commons-digester/commons-digester/1.8.1/commons-digester-1.8.1.jar:/home/user/.m2/repository/io/jaegertracing/jaeger-client/0.34.0/jaeger-client-0.34.0.jar:/home/user/.m2/repository/io/jaegertracing/jaeger-thrift/0.34.0/jaeger-thrift-0.34.0.jar:/home/user/.m2/repository/org/apache/thrift/libthrift/0.12.0/libthrift-0.12.0.jar:/home/user/.m2/repository/com/squareup/okhttp3/okhttp/3.9.0/okhttp-3.9.0.jar:/home/user/.m2/repository/com/squareup/okio/okio/1.13.0/okio-1.13.0.jar:/home/user/.m2/repository/io/jaegertracing/jaeger-core/0.34.0/jaeger-core-0.34.0.jar:/home/user/.m2/repository/io/jaegertracing/jaeger-tracerresolver/0.34.0/jaeger-tracerresolver-0.34.0.jar:/home/user/.m2/repository/io/opentracing/contrib/opentracing-tracerresolver/0.1.5/opentracing-tracerresolver-0.1.5.jar:/home/user/.m2/repository/io/opentracing/opentracing-util/0.31.0/opentracing-util-0.31.0.jar:/home/user/.m2/repository/io/opentracing/opentracing-api/0.31.0/opentracing-api-0.31.0.jar:/home/user/.m2/repository/io/opentracing/opentracing-noop/0.31.0/opentracing-noop-0.31.0.jar:/home/user/.m2/repository/org/apache/hadoop/hadoop-hdds-server-framework/0.5.0-SNAPSHOT/hadoop-hdds-server-framework-0.5.0-SNAPSHOT.jar:/home/user/.m2/repository/org/apache/hadoop/hadoop-hdds-container-service/0.5.0-SNAPSHOT/hadoop-hdds-container-service-0.5.0-SNAPSHOT.jar:/home/user/.m2/repository/org/apache/hadoop/hadoop-hdds-client/0.5.0-SNAPSHOT/hadoop-hdds-client-0.5.0-SNAPSHOT.jar:/home/user/.m2/repository/org/apache/hadoop/hadoop-hdds-tools/0.5.0-SNAPSHOT/hadoop-hdds-tools-0.5.0-SNAPSHOT.jar:/home/user/.m2/repository/org/apache/hadoop/hadoop-hdds-server-scm/0.5.0-SNAPSHOT/hadoop-hdds-server-scm-0.5.0-SNAPSHOT.jar:/home/user/.m2/repository/org/apache/hadoop/hadoop-hdds-docs/0.5.0-SNAPSHOT/hadoop-hdds-docs-0.5.0-SNAPSHOT.jar:/home/user/.m2/repository/io/dropwizard/metrics/metrics-core/3.2.4/metrics-core-3.2.4.jar:/home/user/.m2/repository/org/hamcrest/hamcrest-all/1.3/hamcrest-all-1.3.jar:/home/user/.m2/repository/org/bouncycastle/bcprov-jdk15on/1.60/bcprov-jdk15on-1.60.jar:/home/user/.m2/repository/info/picocli/picocli/3.9.6/picocli-3.9.6.jar:/home/user/.m2/repository/com/google/protobuf/protobuf-java/2.5.0/protobuf-java-2.5.0.jar:/home/user/.m2/repository/com/google/guava/guava/11.0.2/guava-11.0.2.jar:/home/user/.m2/repository/org/apache/hadoop/hadoop-ozone-ozone-manager/0.5.0-SNAPSHOT/hadoop-ozone-ozone-manager-0.5.0-SNAPSHOT.jar:/home/user/.m2/repository/org/apache/hadoop/hadoop-minikdc/3.2.0/hadoop-minikdc-3.2.0.jar:/home/user/.m2/repository/commons-io/commons-io/2.5/commons-io-2.5.jar:/home/user/.m2/repository/org/apache/kerby/kerb-simplekdc/1.0.1/kerb-simplekdc-1.0.1.jar:/home/user/.m2/repository/org/apache/kerby/kerb-client/1.0.1/kerb-client-1.0.1.jar:/home/user/.m2/repository/org/apache/kerby/kerby-config/1.0.1/kerby-config-1.0.1.jar:/home/user/.m2/repository/org/apache/kerby/kerb-core/1.0.1/kerb-core-1.0.1.jar:/home/user/.m2/repository/org/apache/kerby/kerby-pkix/1.0.1/kerby-pkix-1.0.1.jar:/home/user/.m2/repository/org/apache/kerby/kerby-asn1/1.0.1/kerby-asn1-1.0.1.jar:/home/user/.m2/repository/org/apache/kerby/kerby-util/1.0.1/kerby-util-1.0.1.jar:/home/user/.m2/repository/org/apache/kerby/kerb-common/1.0.1/kerb-common-1.0.1.jar:/home/user/.m2/repository/org/apache/kerby/kerb-crypto/1.0.1/kerb-crypto-1.0.1.jar:/home/user/.m2/repository/org/apache/kerby/kerb-util/1.0.1/kerb-util-1.0.1.jar:/home/user/.m2/repository/org/apache/kerby/token-provider/1.0.1/token-provider-1.0.1.jar:/home/user/.m2/repository/org/apache/kerby/kerb-admin/1.0.1/kerb-admin-1.0.1.jar:/home/user/.m2/repository/org/apache/kerby/kerb-server/1.0.1/kerb-server-1.0.1.jar:/home/user/.m2/repository/org/apache/kerby/kerb-identity/1.0.1/kerb-identity-1.0.1.jar:/home/user/.m2/repository/org/apache/kerby/kerby-xdr/1.0.1/kerby-xdr-1.0.1.jar:/home/user/.m2/repository/org/slf4j/slf4j-log4j12/1.7.25/slf4j-log4j12-1.7.25.jar:/home/user/.m2/repository/org/apache/hadoop/hadoop-ozone-s3gateway/0.5.0-SNAPSHOT/hadoop-ozone-s3gateway-0.5.0-SNAPSHOT.jar:/home/user/.m2/repository/org/jboss/weld/servlet/weld-servlet/2.4.7.Final/weld-servlet-2.4.7.Final.jar:/home/user/.m2/repository/org/glassfish/jersey/containers/jersey-container-servlet-core/2.27/jersey-container-servlet-core-2.27.jar:/home/user/.m2/repository/org/glassfish/hk2/external/javax.inject/2.5.0-b42/javax.inject-2.5.0-b42.jar:/home/user/.m2/repository/org/glassfish/jersey/core/jersey-common/2.27/jersey-common-2.27.jar:/home/user/.m2/repository/org/glassfish/hk2/osgi-resource-locator/1.0.1/osgi-resource-locator-1.0.1.jar:/home/user/.m2/repository/javax/ws/rs/javax.ws.rs-api/2.1/javax.ws.rs-api-2.1.jar:/home/user/.m2/repository/org/glassfish/jersey/ext/cdi/jersey-cdi1x/2.27/jersey-cdi1x-2.27.jar:/home/user/.m2/repository/org/glassfish/jersey/inject/jersey-hk2/2.27/jersey-hk2-2.27.jar:/home/user/.m2/repository/org/glassfish/hk2/hk2-locator/2.5.0-b42/hk2-locator-2.5.0-b42.jar:/home/user/.m2/repository/org/javassist/javassist/3.22.0-CR2/javassist-3.22.0-CR2.jar:/home/user/.m2/repository/org/glassfish/hk2/hk2-api/2.5.0/hk2-api-2.5.0.jar:/home/user/.m2/repository/org/glassfish/hk2/external/jakarta.inject/2.5.0/jakarta.inject-2.5.0.jar:/home/user/.m2/repository/org/glassfish/hk2/hk2-utils/2.5.0/hk2-utils-2.5.0.jar:/home/user/.m2/repository/jakarta/annotation/jakarta.annotation-api/1.3.4/jakarta.annotation-api-1.3.4.jar:/home/user/.m2/repository/org/glassfish/hk2/external/aopalliance-repackaged/2.5.0/aopalliance-repackaged-2.5.0.jar:/home/user/.m2/repository/com/fasterxml/jackson/dataformat/jackson-dataformat-xml/2.9.0/jackson-dataformat-xml-2.9.0.jar:/home/user/.m2/repository/com/fasterxml/jackson/core/jackson-core/2.9.9/jackson-core-2.9.9.jar:/home/user/.m2/repository/com/fasterxml/jackson/module/jackson-module-jaxb-annotations/2.9.9/jackson-module-jaxb-annotations-2.9.9.jar:/home/user/.m2/repository/javax/enterprise/cdi-api/1.2/cdi-api-1.2.jar:/home/user/.m2/repository/javax/el/javax.el-api/3.0.0/javax.el-api-3.0.0.jar:/home/user/.m2/repository/javax/interceptor/javax.interceptor-api/1.2/javax.interceptor-api-1.2.jar:/home/user/.m2/repository/javax/inject/javax.inject/1/javax.inject-1.jar:/home/user/.m2/repository/com/sun/xml/bind/jaxb-impl/2.3.0.1/jaxb-impl-2.3.0.1.jar:/home/user/.m2/repository/com/sun/xml/bind/jaxb-core/2.3.0.1/jaxb-core-2.3.0.1.jar:/home/user/.m2/repository/javax/xml/bind/jaxb-api/2.3.0/jaxb-api-2.3.0.jar:/home/user/.m2/repository/javax/activation/activation/1.1.1/activation-1.1.1.jar:/home/user/.m2/repository/org/apache/hadoop/hadoop-ozone-csi/0.5.0-SNAPSHOT/hadoop-ozone-csi-0.5.0-SNAPSHOT.jar:/home/user/.m2/repository/com/google/protobuf/protobuf-java-util/3.5.1/protobuf-java-util-3.5.1.jar:/home/user/.m2/repository/org/apache/hadoop/hadoop-hdds-config/0.5.0-SNAPSHOT/hadoop-hdds-config-0.5.0-SNAPSHOT.jar:/home/user/.m2/repository/io/grpc/grpc-netty/1.17.1/grpc-netty-1.17.1.jar:/home/user/.m2/repository/io/grpc/grpc-core/1.17.1/grpc-core-1.17.1.jar:/home/user/.m2/repository/io/grpc/grpc-context/1.17.1/grpc-context-1.17.1.jar:/home/user/.m2/repository/com/google/errorprone/error_prone_annotations/2.2.0/error_prone_annotations-2.2.0.jar:/home/user/.m2/repository/org/codehaus/mojo/animal-sniffer-annotations/1.17/animal-sniffer-annotations-1.17.jar:/home/user/.m2/repository/io/opencensus/opencensus-api/0.17.0/opencensus-api-0.17.0.jar:/home/user/.m2/repository/io/opencensus/opencensus-contrib-grpc-metrics/0.17.0/opencensus-contrib-grpc-metrics-0.17.0.jar:/home/user/.m2/repository/io/netty/netty-codec-http2/4.1.30.Final/netty-codec-http2-4.1.30.Final.jar:/home/user/.m2/repository/io/netty/netty-codec-http/4.1.30.Final/netty-codec-http-4.1.30.Final.jar:/home/user/.m2/repository/io/netty/netty-codec/4.1.30.Final/netty-codec-4.1.30.Final.jar:/home/user/.m2/repository/io/netty/netty-handler/4.1.30.Final/netty-handler-4.1.30.Final.jar:/home/user/.m2/repository/io/netty/netty-handler-proxy/4.1.30.Final/netty-handler-proxy-4.1.30.Final.jar:/home/user/.m2/repository/io/netty/netty-codec-socks/4.1.30.Final/netty-codec-socks-4.1.30.Final.jar:/home/user/.m2/repository/io/netty/netty-transport-native-epoll/4.1.30.Final/netty-transport-native-epoll-4.1.30.Final.jar:/home/user/.m2/repository/io/netty/netty-common/4.1.30.Final/netty-common-4.1.30.Final.jar:/home/user/.m2/repository/io/netty/netty-buffer/4.1.30.Final/netty-buffer-4.1.30.Final.jar:/home/user/.m2/repository/io/netty/netty-transport/4.1.30.Final/netty-transport-4.1.30.Final.jar:/home/user/.m2/repository/io/netty/netty-resolver/4.1.30.Final/netty-resolver-4.1.30.Final.jar:/home/user/.m2/repository/io/netty/netty-transport-native-unix-common/4.1.30.Final/netty-transport-native-unix-common-4.1.30.Final.jar:/home/user/.m2/repository/io/grpc/grpc-protobuf/1.17.1/grpc-protobuf-1.17.1.jar:/home/user/.m2/repository/com/google/api/grpc/proto-google-common-protos/1.0.0/proto-google-common-protos-1.0.0.jar:/home/user/.m2/repository/io/grpc/grpc-protobuf-lite/1.17.1/grpc-protobuf-lite-1.17.1.jar:/home/user/.m2/repository/io/grpc/grpc-stub/1.17.1/grpc-stub-1.17.1.jar:/home/user/.m2/repository/org/apache/hadoop/hadoop-ozone-recon/0.5.0-SNAPSHOT/hadoop-ozone-recon-0.5.0-SNAPSHOT.jar:/home/user/.m2/repository/org/apache/hadoop/hadoop-ozone-reconcodegen/0.5.0-SNAPSHOT/hadoop-ozone-reconcodegen-0.5.0-SNAPSHOT.jar:/home/user/.m2/repository/com/google/inject/extensions/guice-multibindings/4.0/guice-multibindings-4.0.jar:/home/user/.m2/repository/com/google/inject/guice/4.0/guice-4.0.jar:/home/user/.m2/repository/aopalliance/aopalliance/1.0/aopalliance-1.0.jar:/home/user/.m2/repository/com/google/inject/extensions/guice-servlet/4.0/guice-servlet-4.0.jar:/home/user/.m2/repository/org/glassfish/jersey/containers/jersey-container-servlet/2.27/jersey-container-servlet-2.27.jar:/home/user/.m2/repository/org/glassfish/hk2/guice-bridge/2.5.0/guice-bridge-2.5.0.jar:/home/user/.m2/repository/org/glassfish/jersey/core/jersey-server/2.27/jersey-server-2.27.jar:/home/user/.m2/repository/org/glassfish/jersey/core/jersey-client/2.27/jersey-client-2.27.jar:/home/user/.m2/repository/org/glassfish/jersey/media/jersey-media-jaxb/2.27/jersey-media-jaxb-2.27.jar:/home/user/.m2/repository/javax/validation/validation-api/1.1.0.Final/validation-api-1.1.0.Final.jar:/home/user/.m2/repository/org/glassfish/jersey/media/jersey-media-json-jackson/2.27/jersey-media-json-jackson-2.27.jar:/home/user/.m2/repository/org/glassfish/jersey/ext/jersey-entity-filtering/2.27/jersey-entity-filtering-2.27.jar:/home/user/.m2/repository/com/google/inject/extensions/guice-assistedinject/4.0/guice-assistedinject-4.0.jar:/home/user/.m2/repository/org/jooq/jooq/3.11.10/jooq-3.11.10.jar:/home/user/.m2/repository/org/jooq/jooq-meta/3.11.10/jooq-meta-3.11.10.jar:/home/user/.m2/repository/org/jooq/jooq-codegen/3.11.10/jooq-codegen-3.11.10.jar:/home/user/.m2/repository/com/jolbox/bonecp/0.8.0.RELEASE/bonecp-0.8.0.RELEASE.jar:/home/user/.m2/repository/org/xerial/sqlite-jdbc/3.25.2/sqlite-jdbc-3.25.2.jar:/home/user/.m2/repository/org/springframework/spring-jdbc/5.1.3.RELEASE/spring-jdbc-5.1.3.RELEASE.jar:/home/user/.m2/repository/org/springframework/spring-beans/5.1.3.RELEASE/spring-beans-5.1.3.RELEASE.jar:/home/user/.m2/repository/org/springframework/spring-core/5.1.3.RELEASE/spring-core-5.1.3.RELEASE.jar:/home/user/.m2/repository/org/springframework/spring-jcl/5.1.3.RELEASE/spring-jcl-5.1.3.RELEASE.jar:/home/user/.m2/repository/org/springframework/spring-tx/5.1.3.RELEASE/spring-tx-5.1.3.RELEASE.jar:/home/user/.m2/repository/org/apache/hadoop/hadoop-ozone-client/0.5.0-SNAPSHOT/hadoop-ozone-client-0.5.0-SNAPSHOT.jar:/home/user/.m2/repository/commons-lang/commons-lang/2.6/commons-lang-2.6.jar:/home/user/.m2/repository/org/apache/hadoop/hadoop-ozone-ozone-manager/0.5.0-SNAPSHOT/hadoop-ozone-ozone-manager-0.5.0-SNAPSHOT-tests.jar:/home/user/.m2/repository/junit/junit/4.11/junit-4.11.jar:/home/user/.m2/repository/org/hamcrest/hamcrest-core/1.3/hamcrest-core-1.3.jar:/home/user/.m2/repository/org/openjdk/jmh/jmh-core/1.19/jmh-core-1.19.jar:/home/user/.m2/repository/net/sf/jopt-simple/jopt-simple/4.6/jopt-simple-4.6.jar:/home/user/.m2/repository/org/apache/commons/commons-math3/3.1.1/commons-math3-3.1.1.jar:/home/user/.m2/repository/org/openjdk/jmh/jmh-generator-annprocess/1.19/jmh-generator-annprocess-1.19.jar:/home/user/.m2/repository/org/mockito/mockito-all/1.8.5/mockito-all-1.8.5.jar:/home/user/.m2/repository/org/apache/hadoop/hadoop-kms/3.2.0/hadoop-kms-3.2.0.jar:/home/user/.m2/repository/org/apache/hadoop/hadoop-auth/3.2.0/hadoop-auth-3.2.0.jar:/home/user/.m2/repository/com/nimbusds/nimbus-jose-jwt/4.41.1/nimbus-jose-jwt-4.41.1.jar:/home/user/.m2/repository/com/github/stephenc/jcip/jcip-annotations/1.0-1/jcip-annotations-1.0-1.jar:/home/user/.m2/repository/net/minidev/json-smart/2.3/json-smart-2.3.jar:/home/user/.m2/repository/net/minidev/accessors-smart/1.2/accessors-smart-1.2.jar:/home/user/.m2/repository/org/ow2/asm/asm/5.0.4/asm-5.0.4.jar:/home/user/.m2/repository/org/apache/curator/curator-framework/2.12.0/curator-framework-2.12.0.jar:/home/user/.m2/repository/com/sun/jersey/jersey-core/1.19/jersey-core-1.19.jar:/home/user/.m2/repository/javax/ws/rs/jsr311-api/1.1.1/jsr311-api-1.1.1.jar:/home/user/.m2/repository/com/sun/jersey/jersey-server/1.19/jersey-server-1.19.jar:/home/user/.m2/repository/javax/servlet/javax.servlet-api/3.1.0/javax.servlet-api-3.1.0.jar:/home/user/.m2/repository/org/eclipse/jetty/jetty-server/9.3.25.v20180904/jetty-server-9.3.25.v20180904.jar:/home/user/.m2/repository/org/eclipse/jetty/jetty-http/9.3.25.v20180904/jetty-http-9.3.25.v20180904.jar:/home/user/.m2/repository/org/eclipse/jetty/jetty-io/9.3.25.v20180904/jetty-io-9.3.25.v20180904.jar:/home/user/.m2/repository/org/eclipse/jetty/jetty-webapp/9.3.25.v20180904/jetty-webapp-9.3.25.v20180904.jar:/home/user/.m2/repository/org/eclipse/jetty/jetty-xml/9.3.25.v20180904/jetty-xml-9.3.25.v20180904.jar:/home/user/.m2/repository/log4j/log4j/1.2.17/log4j-1.2.17.jar:/home/user/.m2/repository/org/slf4j/slf4j-api/1.7.25/slf4j-api-1.7.25.jar:/home/user/.m2/repository/org/slf4j/jul-to-slf4j/1.7.25/jul-to-slf4j-1.7.25.jar:/home/user/.m2/repository/org/eclipse/jetty/jetty-util/9.3.25.v20180904/jetty-util-9.3.25.v20180904.jar:/home/user/.m2/repository/com/fasterxml/jackson/core/jackson-databind/2.9.9/jackson-databind-2.9.9.jar:/home/user/.m2/repository/org/apache/hadoop/hadoop-kms/3.2.0/hadoop-kms-3.2.0-tests.jar:/home/user/.m2/repository/org/apache/hadoop/hadoop-hdds-server-scm/0.5.0-SNAPSHOT/hadoop-hdds-server-scm-0.5.0-SNAPSHOT-tests.jar:/home/user/.m2/repository/org/apache/hadoop/hadoop-hdds-container-service/0.5.0-SNAPSHOT/hadoop-hdds-container-service-0.5.0-SNAPSHOT-tests.jar:/home/user/.m2/repository/org/yaml/snakeyaml/1.16/snakeyaml-1.16.jar:/home/user/.m2/repository/org/apache/hadoop/hadoop-common/3.2.0/hadoop-common-3.2.0-tests.jar:/home/user/.m2/repository/org/apache/hadoop/hadoop-annotations/3.2.0/hadoop-annotations-3.2.0.jar:/usr/lib/jvm/java-1.8-openjdk/jre/../lib/tools.jar:/home/user/.m2/repository/commons-cli/commons-cli/1.2/commons-cli-1.2.jar:/home/user/.m2/repository/org/apache/httpcomponents/httpclient/4.5.2/httpclient-4.5.2.jar:/home/user/.m2/repository/org/apache/httpcomponents/httpcore/4.4.4/httpcore-4.4.4.jar:/home/user/.m2/repository/commons-codec/commons-codec/1.11/commons-codec-1.11.jar:/home/user/.m2/repository/commons-net/commons-net/3.6/commons-net-3.6.jar:/home/user/.m2/repository/commons-collections/commons-collections/3.2.2/commons-collections-3.2.2.jar:/home/user/.m2/repository/org/eclipse/jetty/jetty-servlet/9.3.25.v20180904/jetty-servlet-9.3.25.v20180904.jar:/home/user/.m2/repository/org/eclipse/jetty/jetty-security/9.3.25.v20180904/jetty-security-9.3.25.v20180904.jar:/home/user/.m2/repository/javax/servlet/jsp/jsp-api/2.1/jsp-api-2.1.jar:/home/user/.m2/repository/com/sun/jersey/jersey-servlet/1.19/jersey-servlet-1.19.jar:/home/user/.m2/repository/com/sun/jersey/jersey-json/1.19/jersey-json-1.19.jar:/home/user/.m2/repository/org/codehaus/jettison/jettison/1.1/jettison-1.1.jar:/home/user/.m2/repository/org/codehaus/jackson/jackson-core-asl/1.9.13/jackson-core-asl-1.9.13.jar:/home/user/.m2/repository/org/codehaus/jackson/jackson-mapper-asl/1.9.13/jackson-mapper-asl-1.9.13.jar:/home/user/.m2/repository/org/codehaus/jackson/jackson-jaxrs/1.9.13/jackson-jaxrs-1.9.13.jar:/home/user/.m2/repository/org/codehaus/jackson/jackson-xc/1.9.13/jackson-xc-1.9.13.jar:/home/user/.m2/repository/commons-logging/commons-logging/1.1.3/commons-logging-1.1.3.jar:/home/user/.m2/repository/commons-beanutils/commons-beanutils/1.9.4/commons-beanutils-1.9.4.jar:/home/user/.m2/repository/org/apache/commons/commons-configuration2/2.1.1/commons-configuration2-2.1.1.jar:/home/user/.m2/repository/org/apache/commons/commons-lang3/3.7/commons-lang3-3.7.jar:/home/user/.m2/repository/org/apache/commons/commons-text/1.4/commons-text-1.4.jar:/home/user/.m2/repository/org/apache/avro/avro/1.7.7/avro-1.7.7.jar:/home/user/.m2/repository/com/thoughtworks/paranamer/paranamer/2.3/paranamer-2.3.jar:/home/user/.m2/repository/org/xerial/snappy/snappy-java/1.0.5/snappy-java-1.0.5.jar:/home/user/.m2/repository/com/google/re2j/re2j/1.1/re2j-1.1.jar:/home/user/.m2/repository/com/google/code/gson/gson/2.2.4/gson-2.2.4.jar:/home/user/.m2/repository/com/jcraft/jsch/0.1.54/jsch-0.1.54.jar:/home/user/.m2/repository/org/apache/curator/curator-client/2.12.0/curator-client-2.12.0.jar:/home/user/.m2/repository/org/apache/curator/curator-recipes/2.12.0/curator-recipes-2.12.0.jar:/home/user/.m2/repository/com/google/code/findbugs/jsr305/3.0.0/jsr305-3.0.0.jar:/home/user/.m2/repository/org/apache/htrace/htrace-core4/4.1.0-incubating/htrace-core4-4.1.0-incubating.jar:/home/user/.m2/repository/org/apache/zookeeper/zookeeper/3.4.13/zookeeper-3.4.13.jar:/home/user/.m2/repository/jline/jline/0.9.94/jline-0.9.94.jar:/home/user/.m2/repository/org/apache/yetus/audience-annotations/0.5.0/audience-annotations-0.5.0.jar:/home/user/.m2/repository/org/codehaus/woodstox/stax2-api/3.1.4/stax2-api-3.1.4.jar:/home/user/.m2/repository/com/fasterxml/woodstox/woodstox-core/5.0.3/woodstox-core-5.0.3.jar:/home/user/.m2/repository/dnsjava/dnsjava/2.1.7/dnsjava-2.1.7.jar:/home/user/.m2/repository/org/apache/hadoop/hadoop-hdfs/3.2.0/hadoop-hdfs-3.2.0-tests.jar:/home/user/.m2/repository/org/eclipse/jetty/jetty-util-ajax/9.3.25.v20180904/jetty-util-ajax-9.3.25.v20180904.jar:/home/user/.m2/repository/commons-daemon/commons-daemon/1.0.13/commons-daemon-1.0.13.jar:/home/user/.m2/repository/io/netty/netty/3.10.5.Final/netty-3.10.5.Final.jar:/home/user/.m2/repository/io/netty/netty-all/4.0.52.Final/netty-all-4.0.52.Final.jar:/home/user/.m2/repository/org/fusesource/leveldbjni/leveldbjni-all/1.8/leveldbjni-all-1.8.jar:"/>
    <property name="java.vm.vendor" value="IcedTea"/>
    <property name="sun.arch.data.model" value="64"/>
    <property name="test.build.dir" value="/workdir/hadoop-ozone/integration-test/target/test-dir"/>
    <property name="test.cache.data" value=""/>
    <property name="java.vendor.url" value="https://icedtea.classpath.org"/>
    <property name="user.timezone" value=""/>
    <property name="java.vm.specification.version" value="1.8"/>
    <property name="os.name" value="Linux"/>
    <property name="test.build.data" value="/workdir/hadoop-ozone/integration-test/target/test-dir"/>
    <property name="user.country" value="US"/>
    <property name="sun.java.launcher" value="SUN_STANDARD"/>
    <property name="sun.boot.library.path" value="/usr/lib/jvm/java-1.8-openjdk/jre/lib/amd64"/>
    <property name="sun.java.command" value="/workdir/hadoop-ozone/integration-test/target/surefire/surefirebooter243452903347197160.jar /workdir/hadoop-ozone/integration-test/target/surefire 2019-09-29T10-15-16_651-jvmRun1 surefire5461663046229569356tmp surefire_457064240653132932245tmp"/>
    <property name="test" value="!TestMiniChaosOzoneCluster"/>
    <property name="surefire.test.class.path" value="/workdir/hadoop-ozone/integration-test/target/test-classes:/workdir/hadoop-ozone/integration-test/target/classes:/home/user/.m2/repository/org/apache/hadoop/hadoop-ozone-common/0.5.0-SNAPSHOT/hadoop-ozone-common-0.5.0-SNAPSHOT.jar:/home/user/.m2/repository/org/apache/commons/commons-compress/1.4.1/commons-compress-1.4.1.jar:/home/user/.m2/repository/org/tukaani/xz/1.0/xz-1.0.jar:/home/user/.m2/repository/org/apache/hadoop/hadoop-common/3.2.0/hadoop-common-3.2.0.jar:/home/user/.m2/repository/org/apache/hadoop/hadoop-hdfs/3.2.0/hadoop-hdfs-3.2.0.jar:/home/user/.m2/repository/org/apache/hadoop/hadoop-hdfs-client/3.2.0/hadoop-hdfs-client-3.2.0.jar:/home/user/.m2/repository/com/fasterxml/jackson/core/jackson-annotations/2.9.9/jackson-annotations-2.9.9.jar:/home/user/.m2/repository/org/apache/hadoop/hadoop-hdds-common/0.5.0-SNAPSHOT/hadoop-hdds-common-0.5.0-SNAPSHOT.jar:/home/user/.m2/repository/javax/annotation/javax.annotation-api/1.2/javax.annotation-api-1.2.jar:/home/user/.m2/repository/org/apache/ratis/ratis-server/0.4.0/ratis-server-0.4.0.jar:/home/user/.m2/repository/org/apache/ratis/ratis-thirdparty-misc/0.2.0/ratis-thirdparty-misc-0.2.0.jar:/home/user/.m2/repository/org/apache/ratis/ratis-proto/0.4.0/ratis-proto-0.4.0.jar:/home/user/.m2/repository/org/apache/ratis/ratis-common/0.4.0/ratis-common-0.4.0.jar:/home/user/.m2/repository/org/apache/ratis/ratis-client/0.4.0/ratis-client-0.4.0.jar:/home/user/.m2/repository/org/apache/ratis/ratis-metrics/0.4.0/ratis-metrics-0.4.0.jar:/home/user/.m2/repository/com/github/joshelser/dropwizard-metrics-hadoop-metrics2-reporter/0.1.2/dropwizard-metrics-hadoop-metrics2-reporter-0.1.2.jar:/home/user/.m2/repository/io/dropwizard/metrics/metrics-jvm/3.2.5/metrics-jvm-3.2.5.jar:/home/user/.m2/repository/io/dropwizard/metrics/metrics-ganglia/3.2.5/metrics-ganglia-3.2.5.jar:/home/user/.m2/repository/info/ganglia/gmetric4j/gmetric4j/1.0.7/gmetric4j-1.0.7.jar:/home/user/.m2/repository/org/apache/ratis/ratis-netty/0.4.0/ratis-netty-0.4.0.jar:/home/user/.m2/repository/org/apache/ratis/ratis-grpc/0.4.0/ratis-grpc-0.4.0.jar:/home/user/.m2/repository/org/rocksdb/rocksdbjni/6.0.1/rocksdbjni-6.0.1.jar:/home/user/.m2/repository/org/apache/logging/log4j/log4j-api/2.11.0/log4j-api-2.11.0.jar:/home/user/.m2/repository/org/apache/logging/log4j/log4j-core/2.11.0/log4j-core-2.11.0.jar:/home/user/.m2/repository/com/lmax/disruptor/3.4.2/disruptor-3.4.2.jar:/home/user/.m2/repository/org/apache/commons/commons-pool2/2.6.0/commons-pool2-2.6.0.jar:/home/user/.m2/repository/org/bouncycastle/bcpkix-jdk15on/1.60/bcpkix-jdk15on-1.60.jar:/home/user/.m2/repository/commons-validator/commons-validator/1.6/commons-validator-1.6.jar:/home/user/.m2/repository/commons-digester/commons-digester/1.8.1/commons-digester-1.8.1.jar:/home/user/.m2/repository/io/jaegertracing/jaeger-client/0.34.0/jaeger-client-0.34.0.jar:/home/user/.m2/repository/io/jaegertracing/jaeger-thrift/0.34.0/jaeger-thrift-0.34.0.jar:/home/user/.m2/repository/org/apache/thrift/libthrift/0.12.0/libthrift-0.12.0.jar:/home/user/.m2/repository/com/squareup/okhttp3/okhttp/3.9.0/okhttp-3.9.0.jar:/home/user/.m2/repository/com/squareup/okio/okio/1.13.0/okio-1.13.0.jar:/home/user/.m2/repository/io/jaegertracing/jaeger-core/0.34.0/jaeger-core-0.34.0.jar:/home/user/.m2/repository/io/jaegertracing/jaeger-tracerresolver/0.34.0/jaeger-tracerresolver-0.34.0.jar:/home/user/.m2/repository/io/opentracing/contrib/opentracing-tracerresolver/0.1.5/opentracing-tracerresolver-0.1.5.jar:/home/user/.m2/repository/io/opentracing/opentracing-util/0.31.0/opentracing-util-0.31.0.jar:/home/user/.m2/repository/io/opentracing/opentracing-api/0.31.0/opentracing-api-0.31.0.jar:/home/user/.m2/repository/io/opentracing/opentracing-noop/0.31.0/opentracing-noop-0.31.0.jar:/home/user/.m2/repository/org/apache/hadoop/hadoop-hdds-server-framework/0.5.0-SNAPSHOT/hadoop-hdds-server-framework-0.5.0-SNAPSHOT.jar:/home/user/.m2/repository/org/apache/hadoop/hadoop-hdds-container-service/0.5.0-SNAPSHOT/hadoop-hdds-container-service-0.5.0-SNAPSHOT.jar:/home/user/.m2/repository/org/apache/hadoop/hadoop-hdds-client/0.5.0-SNAPSHOT/hadoop-hdds-client-0.5.0-SNAPSHOT.jar:/home/user/.m2/repository/org/apache/hadoop/hadoop-hdds-tools/0.5.0-SNAPSHOT/hadoop-hdds-tools-0.5.0-SNAPSHOT.jar:/home/user/.m2/repository/org/apache/hadoop/hadoop-hdds-server-scm/0.5.0-SNAPSHOT/hadoop-hdds-server-scm-0.5.0-SNAPSHOT.jar:/home/user/.m2/repository/org/apache/hadoop/hadoop-hdds-docs/0.5.0-SNAPSHOT/hadoop-hdds-docs-0.5.0-SNAPSHOT.jar:/home/user/.m2/repository/io/dropwizard/metrics/metrics-core/3.2.4/metrics-core-3.2.4.jar:/home/user/.m2/repository/org/hamcrest/hamcrest-all/1.3/hamcrest-all-1.3.jar:/home/user/.m2/repository/org/bouncycastle/bcprov-jdk15on/1.60/bcprov-jdk15on-1.60.jar:/home/user/.m2/repository/info/picocli/picocli/3.9.6/picocli-3.9.6.jar:/home/user/.m2/repository/com/google/protobuf/protobuf-java/2.5.0/protobuf-java-2.5.0.jar:/home/user/.m2/repository/com/google/guava/guava/11.0.2/guava-11.0.2.jar:/home/user/.m2/repository/org/apache/hadoop/hadoop-ozone-ozone-manager/0.5.0-SNAPSHOT/hadoop-ozone-ozone-manager-0.5.0-SNAPSHOT.jar:/home/user/.m2/repository/org/apache/hadoop/hadoop-minikdc/3.2.0/hadoop-minikdc-3.2.0.jar:/home/user/.m2/repository/commons-io/commons-io/2.5/commons-io-2.5.jar:/home/user/.m2/repository/org/apache/kerby/kerb-simplekdc/1.0.1/kerb-simplekdc-1.0.1.jar:/home/user/.m2/repository/org/apache/kerby/kerb-client/1.0.1/kerb-client-1.0.1.jar:/home/user/.m2/repository/org/apache/kerby/kerby-config/1.0.1/kerby-config-1.0.1.jar:/home/user/.m2/repository/org/apache/kerby/kerb-core/1.0.1/kerb-core-1.0.1.jar:/home/user/.m2/repository/org/apache/kerby/kerby-pkix/1.0.1/kerby-pkix-1.0.1.jar:/home/user/.m2/repository/org/apache/kerby/kerby-asn1/1.0.1/kerby-asn1-1.0.1.jar:/home/user/.m2/repository/org/apache/kerby/kerby-util/1.0.1/kerby-util-1.0.1.jar:/home/user/.m2/repository/org/apache/kerby/kerb-common/1.0.1/kerb-common-1.0.1.jar:/home/user/.m2/repository/org/apache/kerby/kerb-crypto/1.0.1/kerb-crypto-1.0.1.jar:/home/user/.m2/repository/org/apache/kerby/kerb-util/1.0.1/kerb-util-1.0.1.jar:/home/user/.m2/repository/org/apache/kerby/token-provider/1.0.1/token-provider-1.0.1.jar:/home/user/.m2/repository/org/apache/kerby/kerb-admin/1.0.1/kerb-admin-1.0.1.jar:/home/user/.m2/repository/org/apache/kerby/kerb-server/1.0.1/kerb-server-1.0.1.jar:/home/user/.m2/repository/org/apache/kerby/kerb-identity/1.0.1/kerb-identity-1.0.1.jar:/home/user/.m2/repository/org/apache/kerby/kerby-xdr/1.0.1/kerby-xdr-1.0.1.jar:/home/user/.m2/repository/org/slf4j/slf4j-log4j12/1.7.25/slf4j-log4j12-1.7.25.jar:/home/user/.m2/repository/org/apache/hadoop/hadoop-ozone-s3gateway/0.5.0-SNAPSHOT/hadoop-ozone-s3gateway-0.5.0-SNAPSHOT.jar:/home/user/.m2/repository/org/jboss/weld/servlet/weld-servlet/2.4.7.Final/weld-servlet-2.4.7.Final.jar:/home/user/.m2/repository/org/glassfish/jersey/containers/jersey-container-servlet-core/2.27/jersey-container-servlet-core-2.27.jar:/home/user/.m2/repository/org/glassfish/hk2/external/javax.inject/2.5.0-b42/javax.inject-2.5.0-b42.jar:/home/user/.m2/repository/org/glassfish/jersey/core/jersey-common/2.27/jersey-common-2.27.jar:/home/user/.m2/repository/org/glassfish/hk2/osgi-resource-locator/1.0.1/osgi-resource-locator-1.0.1.jar:/home/user/.m2/repository/javax/ws/rs/javax.ws.rs-api/2.1/javax.ws.rs-api-2.1.jar:/home/user/.m2/repository/org/glassfish/jersey/ext/cdi/jersey-cdi1x/2.27/jersey-cdi1x-2.27.jar:/home/user/.m2/repository/org/glassfish/jersey/inject/jersey-hk2/2.27/jersey-hk2-2.27.jar:/home/user/.m2/repository/org/glassfish/hk2/hk2-locator/2.5.0-b42/hk2-locator-2.5.0-b42.jar:/home/user/.m2/repository/org/javassist/javassist/3.22.0-CR2/javassist-3.22.0-CR2.jar:/home/user/.m2/repository/org/glassfish/hk2/hk2-api/2.5.0/hk2-api-2.5.0.jar:/home/user/.m2/repository/org/glassfish/hk2/external/jakarta.inject/2.5.0/jakarta.inject-2.5.0.jar:/home/user/.m2/repository/org/glassfish/hk2/hk2-utils/2.5.0/hk2-utils-2.5.0.jar:/home/user/.m2/repository/jakarta/annotation/jakarta.annotation-api/1.3.4/jakarta.annotation-api-1.3.4.jar:/home/user/.m2/repository/org/glassfish/hk2/external/aopalliance-repackaged/2.5.0/aopalliance-repackaged-2.5.0.jar:/home/user/.m2/repository/com/fasterxml/jackson/dataformat/jackson-dataformat-xml/2.9.0/jackson-dataformat-xml-2.9.0.jar:/home/user/.m2/repository/com/fasterxml/jackson/core/jackson-core/2.9.9/jackson-core-2.9.9.jar:/home/user/.m2/repository/com/fasterxml/jackson/module/jackson-module-jaxb-annotations/2.9.9/jackson-module-jaxb-annotations-2.9.9.jar:/home/user/.m2/repository/javax/enterprise/cdi-api/1.2/cdi-api-1.2.jar:/home/user/.m2/repository/javax/el/javax.el-api/3.0.0/javax.el-api-3.0.0.jar:/home/user/.m2/repository/javax/interceptor/javax.interceptor-api/1.2/javax.interceptor-api-1.2.jar:/home/user/.m2/repository/javax/inject/javax.inject/1/javax.inject-1.jar:/home/user/.m2/repository/com/sun/xml/bind/jaxb-impl/2.3.0.1/jaxb-impl-2.3.0.1.jar:/home/user/.m2/repository/com/sun/xml/bind/jaxb-core/2.3.0.1/jaxb-core-2.3.0.1.jar:/home/user/.m2/repository/javax/xml/bind/jaxb-api/2.3.0/jaxb-api-2.3.0.jar:/home/user/.m2/repository/javax/activation/activation/1.1.1/activation-1.1.1.jar:/home/user/.m2/repository/org/apache/hadoop/hadoop-ozone-csi/0.5.0-SNAPSHOT/hadoop-ozone-csi-0.5.0-SNAPSHOT.jar:/home/user/.m2/repository/com/google/protobuf/protobuf-java-util/3.5.1/protobuf-java-util-3.5.1.jar:/home/user/.m2/repository/org/apache/hadoop/hadoop-hdds-config/0.5.0-SNAPSHOT/hadoop-hdds-config-0.5.0-SNAPSHOT.jar:/home/user/.m2/repository/io/grpc/grpc-netty/1.17.1/grpc-netty-1.17.1.jar:/home/user/.m2/repository/io/grpc/grpc-core/1.17.1/grpc-core-1.17.1.jar:/home/user/.m2/repository/io/grpc/grpc-context/1.17.1/grpc-context-1.17.1.jar:/home/user/.m2/repository/com/google/errorprone/error_prone_annotations/2.2.0/error_prone_annotations-2.2.0.jar:/home/user/.m2/repository/org/codehaus/mojo/animal-sniffer-annotations/1.17/animal-sniffer-annotations-1.17.jar:/home/user/.m2/repository/io/opencensus/opencensus-api/0.17.0/opencensus-api-0.17.0.jar:/home/user/.m2/repository/io/opencensus/opencensus-contrib-grpc-metrics/0.17.0/opencensus-contrib-grpc-metrics-0.17.0.jar:/home/user/.m2/repository/io/netty/netty-codec-http2/4.1.30.Final/netty-codec-http2-4.1.30.Final.jar:/home/user/.m2/repository/io/netty/netty-codec-http/4.1.30.Final/netty-codec-http-4.1.30.Final.jar:/home/user/.m2/repository/io/netty/netty-codec/4.1.30.Final/netty-codec-4.1.30.Final.jar:/home/user/.m2/repository/io/netty/netty-handler/4.1.30.Final/netty-handler-4.1.30.Final.jar:/home/user/.m2/repository/io/netty/netty-handler-proxy/4.1.30.Final/netty-handler-proxy-4.1.30.Final.jar:/home/user/.m2/repository/io/netty/netty-codec-socks/4.1.30.Final/netty-codec-socks-4.1.30.Final.jar:/home/user/.m2/repository/io/netty/netty-transport-native-epoll/4.1.30.Final/netty-transport-native-epoll-4.1.30.Final.jar:/home/user/.m2/repository/io/netty/netty-common/4.1.30.Final/netty-common-4.1.30.Final.jar:/home/user/.m2/repository/io/netty/netty-buffer/4.1.30.Final/netty-buffer-4.1.30.Final.jar:/home/user/.m2/repository/io/netty/netty-transport/4.1.30.Final/netty-transport-4.1.30.Final.jar:/home/user/.m2/repository/io/netty/netty-resolver/4.1.30.Final/netty-resolver-4.1.30.Final.jar:/home/user/.m2/repository/io/netty/netty-transport-native-unix-common/4.1.30.Final/netty-transport-native-unix-common-4.1.30.Final.jar:/home/user/.m2/repository/io/grpc/grpc-protobuf/1.17.1/grpc-protobuf-1.17.1.jar:/home/user/.m2/repository/com/google/api/grpc/proto-google-common-protos/1.0.0/proto-google-common-protos-1.0.0.jar:/home/user/.m2/repository/io/grpc/grpc-protobuf-lite/1.17.1/grpc-protobuf-lite-1.17.1.jar:/home/user/.m2/repository/io/grpc/grpc-stub/1.17.1/grpc-stub-1.17.1.jar:/home/user/.m2/repository/org/apache/hadoop/hadoop-ozone-recon/0.5.0-SNAPSHOT/hadoop-ozone-recon-0.5.0-SNAPSHOT.jar:/home/user/.m2/repository/org/apache/hadoop/hadoop-ozone-reconcodegen/0.5.0-SNAPSHOT/hadoop-ozone-reconcodegen-0.5.0-SNAPSHOT.jar:/home/user/.m2/repository/com/google/inject/extensions/guice-multibindings/4.0/guice-multibindings-4.0.jar:/home/user/.m2/repository/com/google/inject/guice/4.0/guice-4.0.jar:/home/user/.m2/repository/aopalliance/aopalliance/1.0/aopalliance-1.0.jar:/home/user/.m2/repository/com/google/inject/extensions/guice-servlet/4.0/guice-servlet-4.0.jar:/home/user/.m2/repository/org/glassfish/jersey/containers/jersey-container-servlet/2.27/jersey-container-servlet-2.27.jar:/home/user/.m2/repository/org/glassfish/hk2/guice-bridge/2.5.0/guice-bridge-2.5.0.jar:/home/user/.m2/repository/org/glassfish/jersey/core/jersey-server/2.27/jersey-server-2.27.jar:/home/user/.m2/repository/org/glassfish/jersey/core/jersey-client/2.27/jersey-client-2.27.jar:/home/user/.m2/repository/org/glassfish/jersey/media/jersey-media-jaxb/2.27/jersey-media-jaxb-2.27.jar:/home/user/.m2/repository/javax/validation/validation-api/1.1.0.Final/validation-api-1.1.0.Final.jar:/home/user/.m2/repository/org/glassfish/jersey/media/jersey-media-json-jackson/2.27/jersey-media-json-jackson-2.27.jar:/home/user/.m2/repository/org/glassfish/jersey/ext/jersey-entity-filtering/2.27/jersey-entity-filtering-2.27.jar:/home/user/.m2/repository/com/google/inject/extensions/guice-assistedinject/4.0/guice-assistedinject-4.0.jar:/home/user/.m2/repository/org/jooq/jooq/3.11.10/jooq-3.11.10.jar:/home/user/.m2/repository/org/jooq/jooq-meta/3.11.10/jooq-meta-3.11.10.jar:/home/user/.m2/repository/org/jooq/jooq-codegen/3.11.10/jooq-codegen-3.11.10.jar:/home/user/.m2/repository/com/jolbox/bonecp/0.8.0.RELEASE/bonecp-0.8.0.RELEASE.jar:/home/user/.m2/repository/org/xerial/sqlite-jdbc/3.25.2/sqlite-jdbc-3.25.2.jar:/home/user/.m2/repository/org/springframework/spring-jdbc/5.1.3.RELEASE/spring-jdbc-5.1.3.RELEASE.jar:/home/user/.m2/repository/org/springframework/spring-beans/5.1.3.RELEASE/spring-beans-5.1.3.RELEASE.jar:/home/user/.m2/repository/org/springframework/spring-core/5.1.3.RELEASE/spring-core-5.1.3.RELEASE.jar:/home/user/.m2/repository/org/springframework/spring-jcl/5.1.3.RELEASE/spring-jcl-5.1.3.RELEASE.jar:/home/user/.m2/repository/org/springframework/spring-tx/5.1.3.RELEASE/spring-tx-5.1.3.RELEASE.jar:/home/user/.m2/repository/org/apache/hadoop/hadoop-ozone-client/0.5.0-SNAPSHOT/hadoop-ozone-client-0.5.0-SNAPSHOT.jar:/home/user/.m2/repository/commons-lang/commons-lang/2.6/commons-lang-2.6.jar:/home/user/.m2/repository/org/apache/hadoop/hadoop-ozone-ozone-manager/0.5.0-SNAPSHOT/hadoop-ozone-ozone-manager-0.5.0-SNAPSHOT-tests.jar:/home/user/.m2/repository/junit/junit/4.11/junit-4.11.jar:/home/user/.m2/repository/org/hamcrest/hamcrest-core/1.3/hamcrest-core-1.3.jar:/home/user/.m2/repository/org/openjdk/jmh/jmh-core/1.19/jmh-core-1.19.jar:/home/user/.m2/repository/net/sf/jopt-simple/jopt-simple/4.6/jopt-simple-4.6.jar:/home/user/.m2/repository/org/apache/commons/commons-math3/3.1.1/commons-math3-3.1.1.jar:/home/user/.m2/repository/org/openjdk/jmh/jmh-generator-annprocess/1.19/jmh-generator-annprocess-1.19.jar:/home/user/.m2/repository/org/mockito/mockito-all/1.8.5/mockito-all-1.8.5.jar:/home/user/.m2/repository/org/apache/hadoop/hadoop-kms/3.2.0/hadoop-kms-3.2.0.jar:/home/user/.m2/repository/org/apache/hadoop/hadoop-auth/3.2.0/hadoop-auth-3.2.0.jar:/home/user/.m2/repository/com/nimbusds/nimbus-jose-jwt/4.41.1/nimbus-jose-jwt-4.41.1.jar:/home/user/.m2/repository/com/github/stephenc/jcip/jcip-annotations/1.0-1/jcip-annotations-1.0-1.jar:/home/user/.m2/repository/net/minidev/json-smart/2.3/json-smart-2.3.jar:/home/user/.m2/repository/net/minidev/accessors-smart/1.2/accessors-smart-1.2.jar:/home/user/.m2/repository/org/ow2/asm/asm/5.0.4/asm-5.0.4.jar:/home/user/.m2/repository/org/apache/curator/curator-framework/2.12.0/curator-framework-2.12.0.jar:/home/user/.m2/repository/com/sun/jersey/jersey-core/1.19/jersey-core-1.19.jar:/home/user/.m2/repository/javax/ws/rs/jsr311-api/1.1.1/jsr311-api-1.1.1.jar:/home/user/.m2/repository/com/sun/jersey/jersey-server/1.19/jersey-server-1.19.jar:/home/user/.m2/repository/javax/servlet/javax.servlet-api/3.1.0/javax.servlet-api-3.1.0.jar:/home/user/.m2/repository/org/eclipse/jetty/jetty-server/9.3.25.v20180904/jetty-server-9.3.25.v20180904.jar:/home/user/.m2/repository/org/eclipse/jetty/jetty-http/9.3.25.v20180904/jetty-http-9.3.25.v20180904.jar:/home/user/.m2/repository/org/eclipse/jetty/jetty-io/9.3.25.v20180904/jetty-io-9.3.25.v20180904.jar:/home/user/.m2/repository/org/eclipse/jetty/jetty-webapp/9.3.25.v20180904/jetty-webapp-9.3.25.v20180904.jar:/home/user/.m2/repository/org/eclipse/jetty/jetty-xml/9.3.25.v20180904/jetty-xml-9.3.25.v20180904.jar:/home/user/.m2/repository/log4j/log4j/1.2.17/log4j-1.2.17.jar:/home/user/.m2/repository/org/slf4j/slf4j-api/1.7.25/slf4j-api-1.7.25.jar:/home/user/.m2/repository/org/slf4j/jul-to-slf4j/1.7.25/jul-to-slf4j-1.7.25.jar:/home/user/.m2/repository/org/eclipse/jetty/jetty-util/9.3.25.v20180904/jetty-util-9.3.25.v20180904.jar:/home/user/.m2/repository/com/fasterxml/jackson/core/jackson-databind/2.9.9/jackson-databind-2.9.9.jar:/home/user/.m2/repository/org/apache/hadoop/hadoop-kms/3.2.0/hadoop-kms-3.2.0-tests.jar:/home/user/.m2/repository/org/apache/hadoop/hadoop-hdds-server-scm/0.5.0-SNAPSHOT/hadoop-hdds-server-scm-0.5.0-SNAPSHOT-tests.jar:/home/user/.m2/repository/org/apache/hadoop/hadoop-hdds-container-service/0.5.0-SNAPSHOT/hadoop-hdds-container-service-0.5.0-SNAPSHOT-tests.jar:/home/user/.m2/repository/org/yaml/snakeyaml/1.16/snakeyaml-1.16.jar:/home/user/.m2/repository/org/apache/hadoop/hadoop-common/3.2.0/hadoop-common-3.2.0-tests.jar:/home/user/.m2/repository/org/apache/hadoop/hadoop-annotations/3.2.0/hadoop-annotations-3.2.0.jar:/usr/lib/jvm/java-1.8-openjdk/jre/../lib/tools.jar:/home/user/.m2/repository/commons-cli/commons-cli/1.2/commons-cli-1.2.jar:/home/user/.m2/repository/org/apache/httpcomponents/httpclient/4.5.2/httpclient-4.5.2.jar:/home/user/.m2/repository/org/apache/httpcomponents/httpcore/4.4.4/httpcore-4.4.4.jar:/home/user/.m2/repository/commons-codec/commons-codec/1.11/commons-codec-1.11.jar:/home/user/.m2/repository/commons-net/commons-net/3.6/commons-net-3.6.jar:/home/user/.m2/repository/commons-collections/commons-collections/3.2.2/commons-collections-3.2.2.jar:/home/user/.m2/repository/org/eclipse/jetty/jetty-servlet/9.3.25.v20180904/jetty-servlet-9.3.25.v20180904.jar:/home/user/.m2/repository/org/eclipse/jetty/jetty-security/9.3.25.v20180904/jetty-security-9.3.25.v20180904.jar:/home/user/.m2/repository/javax/servlet/jsp/jsp-api/2.1/jsp-api-2.1.jar:/home/user/.m2/repository/com/sun/jersey/jersey-servlet/1.19/jersey-servlet-1.19.jar:/home/user/.m2/repository/com/sun/jersey/jersey-json/1.19/jersey-json-1.19.jar:/home/user/.m2/repository/org/codehaus/jettison/jettison/1.1/jettison-1.1.jar:/home/user/.m2/repository/org/codehaus/jackson/jackson-core-asl/1.9.13/jackson-core-asl-1.9.13.jar:/home/user/.m2/repository/org/codehaus/jackson/jackson-mapper-asl/1.9.13/jackson-mapper-asl-1.9.13.jar:/home/user/.m2/repository/org/codehaus/jackson/jackson-jaxrs/1.9.13/jackson-jaxrs-1.9.13.jar:/home/user/.m2/repository/org/codehaus/jackson/jackson-xc/1.9.13/jackson-xc-1.9.13.jar:/home/user/.m2/repository/commons-logging/commons-logging/1.1.3/commons-logging-1.1.3.jar:/home/user/.m2/repository/commons-beanutils/commons-beanutils/1.9.4/commons-beanutils-1.9.4.jar:/home/user/.m2/repository/org/apache/commons/commons-configuration2/2.1.1/commons-configuration2-2.1.1.jar:/home/user/.m2/repository/org/apache/commons/commons-lang3/3.7/commons-lang3-3.7.jar:/home/user/.m2/repository/org/apache/commons/commons-text/1.4/commons-text-1.4.jar:/home/user/.m2/repository/org/apache/avro/avro/1.7.7/avro-1.7.7.jar:/home/user/.m2/repository/com/thoughtworks/paranamer/paranamer/2.3/paranamer-2.3.jar:/home/user/.m2/repository/org/xerial/snappy/snappy-java/1.0.5/snappy-java-1.0.5.jar:/home/user/.m2/repository/com/google/re2j/re2j/1.1/re2j-1.1.jar:/home/user/.m2/repository/com/google/code/gson/gson/2.2.4/gson-2.2.4.jar:/home/user/.m2/repository/com/jcraft/jsch/0.1.54/jsch-0.1.54.jar:/home/user/.m2/repository/org/apache/curator/curator-client/2.12.0/curator-client-2.12.0.jar:/home/user/.m2/repository/org/apache/curator/curator-recipes/2.12.0/curator-recipes-2.12.0.jar:/home/user/.m2/repository/com/google/code/findbugs/jsr305/3.0.0/jsr305-3.0.0.jar:/home/user/.m2/repository/org/apache/htrace/htrace-core4/4.1.0-incubating/htrace-core4-4.1.0-incubating.jar:/home/user/.m2/repository/org/apache/zookeeper/zookeeper/3.4.13/zookeeper-3.4.13.jar:/home/user/.m2/repository/jline/jline/0.9.94/jline-0.9.94.jar:/home/user/.m2/repository/org/apache/yetus/audience-annotations/0.5.0/audience-annotations-0.5.0.jar:/home/user/.m2/repository/org/codehaus/woodstox/stax2-api/3.1.4/stax2-api-3.1.4.jar:/home/user/.m2/repository/com/fasterxml/woodstox/woodstox-core/5.0.3/woodstox-core-5.0.3.jar:/home/user/.m2/repository/dnsjava/dnsjava/2.1.7/dnsjava-2.1.7.jar:/home/user/.m2/repository/org/apache/hadoop/hadoop-hdfs/3.2.0/hadoop-hdfs-3.2.0-tests.jar:/home/user/.m2/repository/org/eclipse/jetty/jetty-util-ajax/9.3.25.v20180904/jetty-util-ajax-9.3.25.v20180904.jar:/home/user/.m2/repository/commons-daemon/commons-daemon/1.0.13/commons-daemon-1.0.13.jar:/home/user/.m2/repository/io/netty/netty/3.10.5.Final/netty-3.10.5.Final.jar:/home/user/.m2/repository/io/netty/netty-all/4.0.52.Final/netty-all-4.0.52.Final.jar:/home/user/.m2/repository/org/fusesource/leveldbjni/leveldbjni-all/1.8/leveldbjni-all-1.8.jar:"/>
    <property name="sun.cpu.endian" value="little"/>
    <property name="user.home" value="/home/user"/>
    <property name="user.language" value="en"/>
    <property name="java.specification.vendor" value="Oracle Corporation"/>
    <property name="java.home" value="/usr/lib/jvm/java-1.8-openjdk/jre"/>
    <property name="java.security.krb5.conf" value="/workdir/hadoop-ozone/integration-test/target/test-classes/krb5.conf"/>
    <property name="basedir" value="/workdir/hadoop-ozone/integration-test"/>
    <property name="file.separator" value="/"/>
    <property name="line.separator" value="&#10;"/>
    <property name="java.vm.specification.vendor" value="Oracle Corporation"/>
    <property name="java.specification.name" value="Java Platform API Specification"/>
    <property name="java.awt.graphicsenv" value="sun.awt.X11GraphicsEnvironment"/>
    <property name="surefire.real.class.path" value="/workdir/hadoop-ozone/integration-test/target/surefire/surefirebooter243452903347197160.jar"/>
    <property name="hadoop.log.dir" value="/workdir/hadoop-ozone/integration-test/target/log"/>
    <property name="sun.boot.class.path" value="/usr/lib/jvm/java-1.8-openjdk/jre/lib/resources.jar:/usr/lib/jvm/java-1.8-openjdk/jre/lib/rt.jar:/usr/lib/jvm/java-1.8-openjdk/jre/lib/sunrsasign.jar:/usr/lib/jvm/java-1.8-openjdk/jre/lib/jsse.jar:/usr/lib/jvm/java-1.8-openjdk/jre/lib/jce.jar:/usr/lib/jvm/java-1.8-openjdk/jre/lib/charsets.jar:/usr/lib/jvm/java-1.8-openjdk/jre/lib/jfr.jar:/usr/lib/jvm/java-1.8-openjdk/jre/classes"/>
    <property name="sun.management.compiler" value="HotSpot 64-Bit Tiered Compilers"/>
    <property name="java.runtime.version" value="1.8.0_212-b04"/>
    <property name="java.net.preferIPv4Stack" value="true"/>
    <property name="user.name" value="jenkins1000"/>
    <property name="path.separator" value=":"/>
    <property name="java.security.egd" value="file:///dev/urandom"/>
    <property name="os.version" value="3.10.0-957.12.2.el7.x86_64"/>
    <property name="java.endorsed.dirs" value="/usr/lib/jvm/java-1.8-openjdk/jre/lib/endorsed"/>
    <property name="java.runtime.name" value="OpenJDK Runtime Environment"/>
    <property name="file.encoding" value="UTF-8"/>
    <property name="java.vm.name" value="OpenJDK 64-Bit Server VM"/>
    <property name="test.build.webapps" value=""/>
    <property name="localRepository" value="/home/user/.m2/repository"/>
    <property name="java.vendor.url.bug" value="https://icedtea.classpath.org/bugzilla"/>
    <property name="java.io.tmpdir" value="/tmp"/>
    <property name="require.test.libhadoop" value=""/>
    <property name="java.version" value="1.8.0_212"/>
    <property name="user.dir" value="/workdir/hadoop-ozone/integration-test"/>
    <property name="os.arch" value="amd64"/>
    <property name="java.vm.specification.name" value="Java Virtual Machine Specification"/>
    <property name="test.build.classes" value="/workdir/hadoop-ozone/integration-test/target/test-classes"/>
    <property name="java.awt.printerjob" value="sun.print.PSPrinterJob"/>
    <property name="sun.os.patch.level" value="unknown"/>
    <property name="hadoop.tmp.dir" value="/workdir/hadoop-ozone/integration-test/target/tmp"/>
    <property name="java.library.path" value="/usr/lib/jvm/java-1.8-openjdk/jre/lib/amd64/server:/usr/lib/jvm/java-1.8-openjdk/jre/lib/amd64:/usr/lib/jvm/java-1.8-openjdk/jre/../lib/amd64:/workdir/hadoop-ozone/integration-test/target/native/target/usr/local/lib:/workdir/hadoop-ozone/integration-test/../../hadoop-common-project/hadoop-common/target/native/target/usr/local/lib:/usr/java/packages/lib/amd64:/usr/lib64:/lib64:/lib:/usr/lib"/>
    <property name="java.vm.info" value="mixed mode"/>
    <property name="java.vendor" value="IcedTea"/>
    <property name="java.vm.version" value="25.212-b04"/>
    <property name="java.ext.dirs" value="/usr/lib/jvm/java-1.8-openjdk/jre/lib/ext:/usr/java/packages/lib/ext"/>
    <property name="sun.io.unicode.encoding" value="UnicodeLittle"/>
    <property name="java.class.version" value="52.0"/>
  </properties>
  <testcase name="testPutKeyWithEncryption" classname="org.apache.hadoop.ozone.client.rpc.TestOzoneAtRestEncryption" time="0.597">
    <error message="Allocated 0 blocks. Requested 1 blocks" type="INTERNAL_ERROR org.apache.hadoop.ozone.om.exceptions.OMException">INTERNAL_ERROR org.apache.hadoop.ozone.om.exceptions.OMException: Allocated 0 blocks. Requested 1 blocks
	at org.apache.hadoop.ozone.om.protocolPB.OzoneManagerProtocolClientSideTranslatorPB.handleError(OzoneManagerProtocolClientSideTranslatorPB.java:732)
	at org.apache.hadoop.ozone.om.protocolPB.OzoneManagerProtocolClientSideTranslatorPB.openKey(OzoneManagerProtocolClientSideTranslatorPB.java:723)
	at sun.reflect.NativeMethodAccessorImpl.invoke0(Native Method)
	at sun.reflect.NativeMethodAccessorImpl.invoke(NativeMethodAccessorImpl.java:62)
	at sun.reflect.DelegatingMethodAccessorImpl.invoke(DelegatingMethodAccessorImpl.java:43)
	at java.lang.reflect.Method.invoke(Method.java:498)
	at org.apache.hadoop.hdds.tracing.TraceAllMethod.invoke(TraceAllMethod.java:66)
	at com.sun.proxy.$Proxy86.openKey(Unknown Source)
	at org.apache.hadoop.ozone.client.rpc.RpcClient.createKey(RpcClient.java:614)
	at org.apache.hadoop.ozone.client.OzoneBucket.createKey(OzoneBucket.java:325)
	at org.apache.hadoop.ozone.client.rpc.TestOzoneAtRestEncryption.testPutKeyWithEncryption(TestOzoneAtRestEncryption.java:173)
	at sun.reflect.NativeMethodAccessorImpl.invoke0(Native Method)
	at sun.reflect.NativeMethodAccessorImpl.invoke(NativeMethodAccessorImpl.java:62)
	at sun.reflect.DelegatingMethodAccessorImpl.invoke(DelegatingMethodAccessorImpl.java:43)
	at java.lang.reflect.Method.invoke(Method.java:498)
	at org.junit.runners.model.FrameworkMethod$1.runReflectiveCall(FrameworkMethod.java:47)
	at org.junit.internal.runners.model.ReflectiveCallable.run(ReflectiveCallable.java:12)
	at org.junit.runners.model.FrameworkMethod.invokeExplosively(FrameworkMethod.java:44)
	at org.junit.internal.runners.statements.InvokeMethod.evaluate(InvokeMethod.java:17)
	at org.junit.runners.ParentRunner.runLeaf(ParentRunner.java:271)
	at org.junit.runners.BlockJUnit4ClassRunner.runChild(BlockJUnit4ClassRunner.java:70)
	at org.junit.runners.BlockJUnit4ClassRunner.runChild(BlockJUnit4ClassRunner.java:50)
	at org.junit.runners.ParentRunner$3.run(ParentRunner.java:238)
	at org.junit.runners.ParentRunner$1.schedule(ParentRunner.java:63)
	at org.junit.runners.ParentRunner.runChildren(ParentRunner.java:236)
	at org.junit.runners.ParentRunner.access$000(ParentRunner.java:53)
	at org.junit.runners.ParentRunner$2.evaluate(ParentRunner.java:229)
	at org.junit.internal.runners.statements.RunBefores.evaluate(RunBefores.java:26)
	at org.junit.internal.runners.statements.RunAfters.evaluate(RunAfters.java:27)
	at org.junit.runners.ParentRunner.run(ParentRunner.java:309)
	at org.apache.maven.surefire.junit4.JUnit4Provider.execute(JUnit4Provider.java:365)
	at org.apache.maven.surefire.junit4.JUnit4Provider.executeWithRerun(JUnit4Provider.java:273)
	at org.apache.maven.surefire.junit4.JUnit4Provider.executeTestSet(JUnit4Provider.java:238)
	at org.apache.maven.surefire.junit4.JUnit4Provider.invoke(JUnit4Provider.java:159)
	at org.apache.maven.surefire.booter.ForkedBooter.invokeProviderInSameClassLoader(ForkedBooter.java:384)
	at org.apache.maven.surefire.booter.ForkedBooter.runSuitesInProcess(ForkedBooter.java:345)
	at org.apache.maven.surefire.booter.ForkedBooter.execute(ForkedBooter.java:126)
	at org.apache.maven.surefire.booter.ForkedBooter.main(ForkedBooter.java:418)
</error>
    <system-out><![CDATA[2019-09-29 10:45:27,438 [main] INFO  util.log (Log.java:initialized(192)) - Logging initialized @1170ms
2019-09-29 10:45:27,920 [main] WARN  http.HttpRequestLog (HttpRequestLog.java:getRequestLog(97)) - Jetty request log can only be enabled using Log4j
2019-09-29 10:45:27,932 [main] INFO  http.HttpServer2 (HttpServer2.java:addGlobalFilter(975)) - Added global filter 'safety' (class=org.apache.hadoop.http.HttpServer2$QuotingInputFilter)
2019-09-29 10:45:27,934 [main] INFO  http.HttpServer2 (HttpServer2.java:addFilter(948)) - Added filter static_user_filter (class=org.apache.hadoop.http.lib.StaticUserWebFilter$StaticUserFilter) to context kms
2019-09-29 10:45:27,935 [main] INFO  http.HttpServer2 (HttpServer2.java:addFilter(958)) - Added filter static_user_filter (class=org.apache.hadoop.http.lib.StaticUserWebFilter$StaticUserFilter) to context logs
2019-09-29 10:45:27,935 [main] INFO  http.HttpServer2 (HttpServer2.java:addFilter(958)) - Added filter static_user_filter (class=org.apache.hadoop.http.lib.StaticUserWebFilter$StaticUserFilter) to context static
2019-09-29 10:45:27,971 [main] INFO  http.HttpServer2 (HttpServer2.java:bindListener(1191)) - Jetty bound to port 32975
2019-09-29 10:45:27,973 [main] INFO  server.Server (Server.java:doStart(351)) - jetty-9.3.25.v20180904, build timestamp: 2018-09-04T21:11:46Z, git hash: 3ce520221d0240229c862b122d2b06c12a625732
2019-09-29 10:45:28,022 [main] INFO  handler.ContextHandler (ContextHandler.java:doStart(781)) - Started o.e.j.s.ServletContextHandler@49c90a9c{/logs,file:///workdir/hadoop-ozone/integration-test/target/log,AVAILABLE}
2019-09-29 10:45:28,023 [main] INFO  handler.ContextHandler (ContextHandler.java:doStart(781)) - Started o.e.j.s.ServletContextHandler@6f36c2f0{/static,jar:file:/home/user/.m2/repository/org/apache/hadoop/hadoop-kms/3.2.0/hadoop-kms-3.2.0.jar!/webapps/static,AVAILABLE}
2019-09-29 10:45:28,226 [main] INFO  server.KMSWebApp (KMSWebApp.java:contextInitialized(88)) - -------------------------------------------------------------
2019-09-29 10:45:28,226 [main] INFO  server.KMSWebApp (KMSWebApp.java:contextInitialized(89)) -   Java runtime version : 1.8.0_212-b04
2019-09-29 10:45:28,226 [main] INFO  server.KMSWebApp (KMSWebApp.java:contextInitialized(91)) -   User: jenkins1000
2019-09-29 10:45:28,229 [main] INFO  server.KMSWebApp (KMSWebApp.java:contextInitialized(92)) -   KMS Hadoop Version: 3.2.0
2019-09-29 10:45:28,229 [main] INFO  server.KMSWebApp (KMSWebApp.java:contextInitialized(93)) - -------------------------------------------------------------
2019-09-29 10:45:28,243 [main] INFO  server.KMSACLs (KMSACLs.java:setKMSACLs(107)) - 'CREATE' ACL '*'
2019-09-29 10:45:28,244 [main] INFO  server.KMSACLs (KMSACLs.java:setKMSACLs(107)) - 'DELETE' ACL '*'
2019-09-29 10:45:28,245 [main] INFO  server.KMSACLs (KMSACLs.java:setKMSACLs(107)) - 'ROLLOVER' ACL '*'
2019-09-29 10:45:28,245 [main] INFO  server.KMSACLs (KMSACLs.java:setKMSACLs(107)) - 'GET' ACL '*'
2019-09-29 10:45:28,245 [main] INFO  server.KMSACLs (KMSACLs.java:setKMSACLs(107)) - 'GET_KEYS' ACL '*'
2019-09-29 10:45:28,245 [main] INFO  server.KMSACLs (KMSACLs.java:setKMSACLs(107)) - 'GET_METADATA' ACL '*'
2019-09-29 10:45:28,245 [main] INFO  server.KMSACLs (KMSACLs.java:setKMSACLs(107)) - 'SET_KEY_MATERIAL' ACL '*'
2019-09-29 10:45:28,246 [main] INFO  server.KMSACLs (KMSACLs.java:setKMSACLs(107)) - 'GENERATE_EEK' ACL '*'
2019-09-29 10:45:28,246 [main] INFO  server.KMSACLs (KMSACLs.java:setKMSACLs(107)) - 'DECRYPT_EEK' ACL '*'
2019-09-29 10:45:28,247 [main] INFO  server.KMSACLs (KMSACLs.java:parseAclsWithPrefix(185)) - default.key.acl. for KEY_OP 'READ' is set to '*'
2019-09-29 10:45:28,247 [main] INFO  server.KMSACLs (KMSACLs.java:parseAclsWithPrefix(185)) - default.key.acl. for KEY_OP 'MANAGEMENT' is set to '*'
2019-09-29 10:45:28,248 [main] INFO  server.KMSACLs (KMSACLs.java:parseAclsWithPrefix(185)) - default.key.acl. for KEY_OP 'GENERATE_EEK' is set to '*'
2019-09-29 10:45:28,248 [main] INFO  server.KMSACLs (KMSACLs.java:parseAclsWithPrefix(185)) - default.key.acl. for KEY_OP 'DECRYPT_EEK' is set to '*'
2019-09-29 10:45:28,366 [main] INFO  server.KMSAudit (KMSAudit.java:initializeAuditLoggers(157)) - Initializing audit logger class org.apache.hadoop.crypto.key.kms.server.SimpleKMSAuditLogger
2019-09-29 10:45:28,623 [main] INFO  server.KMSWebApp (KMSWebApp.java:contextInitialized(143)) - Initialized KeyProvider CachingKeyProvider: jceks://file@/workdir/hadoop-ozone/integration-test/target/test-dir/TestSecureOzoneRpcClient/f2da26ab-a13a-4312-a30d-9be271145b0d/kms.keystore
2019-09-29 10:45:28,633 [main] INFO  server.KMSWebApp (KMSWebApp.java:contextInitialized(157)) - Initialized KeyProviderCryptoExtension EagerKeyGeneratorKeyProviderCryptoExtension: KeyProviderCryptoExtension: CachingKeyProvider: jceks://file@/workdir/hadoop-ozone/integration-test/target/test-dir/TestSecureOzoneRpcClient/f2da26ab-a13a-4312-a30d-9be271145b0d/kms.keystore
2019-09-29 10:45:28,634 [main] INFO  server.KMSWebApp (KMSWebApp.java:contextInitialized(162)) - Default key bitlength is 128
2019-09-29 10:45:28,634 [main] INFO  server.KMSWebApp (KMSWebApp.java:contextInitialized(163)) - KMS Started
2019-09-29 10:45:28,672 [main] INFO  delegation.AbstractDelegationTokenSecretManager (AbstractDelegationTokenSecretManager.java:updateCurrentKey(343)) - Updating the current master key for generating delegation tokens
2019-09-29 10:45:28,675 [Thread[Thread-12,5,main]] INFO  delegation.AbstractDelegationTokenSecretManager (AbstractDelegationTokenSecretManager.java:run(675)) - Starting expired delegation token remover thread, tokenRemoverScanInterval=60 min(s)
2019-09-29 10:45:28,675 [Thread[Thread-12,5,main]] INFO  delegation.AbstractDelegationTokenSecretManager (AbstractDelegationTokenSecretManager.java:updateCurrentKey(343)) - Updating the current master key for generating delegation tokens
2019-09-29 10:45:30,170 [main] INFO  handler.ContextHandler (ContextHandler.java:doStart(781)) - Started o.e.j.w.WebAppContext@245a060f{/,file:///workdir/hadoop-ozone/integration-test/target/tmp/kms/webapp/,AVAILABLE}{/kms}
2019-09-29 10:45:30,184 [main] INFO  server.AbstractConnector (AbstractConnector.java:doStart(278)) - Started ServerConnector@a50ae65{HTTP/1.1,[http/1.1]}{localhost:32975}
2019-09-29 10:45:30,185 [main] INFO  server.Server (Server.java:doStart(419)) - Started @3920ms
2019-09-29 10:45:30,282 [main] WARN  impl.MetricsConfig (MetricsConfig.java:loadFirst(134)) - Cannot locate configuration: tried hadoop-metrics2-kms.properties,hadoop-metrics2.properties
2019-09-29 10:45:30,305 [main] INFO  impl.MetricsSystemImpl (MetricsSystemImpl.java:startTimer(374)) - Scheduled Metric snapshot period at 10 second(s).
2019-09-29 10:45:30,306 [main] INFO  impl.MetricsSystemImpl (MetricsSystemImpl.java:start(191)) - KMS metrics system started
2019-09-29 10:45:30,315 [org.apache.hadoop.util.JvmPauseMonitor$Monitor@23e44287] INFO  util.JvmPauseMonitor (JvmPauseMonitor.java:run(188)) - Starting JVM pause monitor
2019-09-29 10:45:31,682 [main] WARN  server.ServerUtils (ServerUtils.java:getScmDbDir(145)) - ozone.scm.db.dirs is not configured. We recommend adding this setting. Falling back to ozone.metadata.dirs instead.
2019-09-29 10:45:31,714 [main] WARN  server.ServerUtils (ServerUtils.java:getScmDbDir(145)) - ozone.scm.db.dirs is not configured. We recommend adding this setting. Falling back to ozone.metadata.dirs instead.
2019-09-29 10:45:31,716 [main] WARN  server.ServerUtils (ServerUtils.java:getScmDbDir(145)) - ozone.scm.db.dirs is not configured. We recommend adding this setting. Falling back to ozone.metadata.dirs instead.
2019-09-29 10:45:31,964 [main] INFO  db.DBStoreBuilder (DBStoreBuilder.java:addTable(110)) - using custom profile for table: deletedBlocks
2019-09-29 10:45:31,964 [main] INFO  db.DBStoreBuilder (DBStoreBuilder.java:processTables(161)) - Using default column profile:DBProfile.DISK for Table:deletedBlocks
2019-09-29 10:45:31,965 [main] INFO  db.DBStoreBuilder (DBStoreBuilder.java:addTable(110)) - using custom profile for table: validCerts
2019-09-29 10:45:31,965 [main] INFO  db.DBStoreBuilder (DBStoreBuilder.java:processTables(161)) - Using default column profile:DBProfile.DISK for Table:validCerts
2019-09-29 10:45:31,966 [main] INFO  db.DBStoreBuilder (DBStoreBuilder.java:addTable(110)) - using custom profile for table: revokedCerts
2019-09-29 10:45:31,966 [main] INFO  db.DBStoreBuilder (DBStoreBuilder.java:processTables(161)) - Using default column profile:DBProfile.DISK for Table:revokedCerts
2019-09-29 10:45:31,980 [main] INFO  db.DBStoreBuilder (DBStoreBuilder.java:addTable(110)) - using custom profile for table: default
2019-09-29 10:45:31,980 [main] INFO  db.DBStoreBuilder (DBStoreBuilder.java:processTables(167)) - Using default column profile:DBProfile.DISK for Table:default
2019-09-29 10:45:31,981 [main] INFO  db.DBStoreBuilder (DBStoreBuilder.java:getDbProfile(198)) - Using default options. DBProfile.DISK
2019-09-29 10:45:32,284 [main] INFO  net.NodeSchemaLoader (NodeSchemaLoader.java:loadSchemaFromFile(125)) - Loading file from sun.misc.CompoundEnumeration@1317b708
2019-09-29 10:45:32,285 [main] INFO  net.NodeSchemaLoader (NodeSchemaLoader.java:loadSchema(171)) - Loading network topology layer schema file
2019-09-29 10:45:32,313 [main] WARN  server.ServerUtils (ServerUtils.java:sanitizeUserArgs(70)) - ozone.scm.stale.node.interval value = 300000 is larger than max = 100000 based on the key value of ozone.scm.heartbeat.thread.interval, reset to the max value 100000.
2019-09-29 10:45:32,313 [main] WARN  server.ServerUtils (ServerUtils.java:sanitizeUserArgs(70)) - ozone.scm.stale.node.interval value = 300000 is larger than max = 100000 based on the key value of ozone.scm.heartbeat.thread.interval, reset to the max value 100000.
2019-09-29 10:45:32,315 [main] INFO  node.SCMNodeManager (SCMNodeManager.java:<init>(114)) - Entering startup safe mode.
2019-09-29 10:45:32,324 [main] INFO  algorithms.ContainerPlacementPolicyFactory (ContainerPlacementPolicyFactory.java:getPolicy(59)) - Create container placement policy of type org.apache.hadoop.hdds.scm.container.placement.algorithms.SCMContainerPlacementRandom
2019-09-29 10:45:32,339 [main] WARN  server.ServerUtils (ServerUtils.java:getScmDbDir(145)) - ozone.scm.db.dirs is not configured. We recommend adding this setting. Falling back to ozone.metadata.dirs instead.
2019-09-29 10:45:32,426 [main] INFO  pipeline.SCMPipelineManager (SCMPipelineManager.java:initializePipelineState(137)) - No pipeline exists in current db
2019-09-29 10:45:32,429 [main] WARN  server.ServerUtils (ServerUtils.java:getScmDbDir(145)) - ozone.scm.db.dirs is not configured. We recommend adding this setting. Falling back to ozone.metadata.dirs instead.
2019-09-29 10:45:32,564 [main] WARN  events.EventQueue (EventQueue.java:fireEvent(183)) - No event handler registered for event TypedEvent{payloadType=SafeModeStatus, name='SafeModeStatus'}
2019-09-29 10:45:32,601 [main] INFO  ipc.CallQueueManager (CallQueueManager.java:<init>(84)) - Using callQueue: class java.util.concurrent.LinkedBlockingQueue, queueCapacity: 2000, scheduler: class org.apache.hadoop.ipc.DefaultRpcScheduler, ipcBackoff: false.
2019-09-29 10:45:32,619 [Socket Reader #1 for port 38987] INFO  ipc.Server (Server.java:run(1074)) - Starting Socket Reader #1 for port 38987
2019-09-29 10:45:32,655 [main] INFO  ipc.CallQueueManager (CallQueueManager.java:<init>(84)) - Using callQueue: class java.util.concurrent.LinkedBlockingQueue, queueCapacity: 2000, scheduler: class org.apache.hadoop.ipc.DefaultRpcScheduler, ipcBackoff: false.
2019-09-29 10:45:32,656 [Socket Reader #1 for port 39734] INFO  ipc.Server (Server.java:run(1074)) - Starting Socket Reader #1 for port 39734
2019-09-29 10:45:32,666 [main] INFO  ipc.CallQueueManager (CallQueueManager.java:<init>(84)) - Using callQueue: class java.util.concurrent.LinkedBlockingQueue, queueCapacity: 2000, scheduler: class org.apache.hadoop.ipc.DefaultRpcScheduler, ipcBackoff: false.
2019-09-29 10:45:32,667 [Socket Reader #1 for port 41470] INFO  ipc.Server (Server.java:run(1074)) - Starting Socket Reader #1 for port 41470
2019-09-29 10:45:32,685 [main] INFO  hdfs.DFSUtil (DFSUtil.java:httpServerTemplateForNNAndJN(1641)) - Starting Web-server for scm at: http://0.0.0.0:0
2019-09-29 10:45:32,687 [main] INFO  server.AuthenticationFilter (AuthenticationFilter.java:constructSecretProvider(240)) - Unable to initialize FileSignerSecretProvider, falling back to use random secrets.
2019-09-29 10:45:32,688 [main] WARN  http.HttpRequestLog (HttpRequestLog.java:getRequestLog(97)) - Jetty request log can only be enabled using Log4j
2019-09-29 10:45:32,690 [main] INFO  http.HttpServer2 (HttpServer2.java:addGlobalFilter(975)) - Added global filter 'safety' (class=org.apache.hadoop.http.HttpServer2$QuotingInputFilter)
2019-09-29 10:45:32,690 [main] INFO  http.HttpServer2 (HttpServer2.java:addFilter(948)) - Added filter static_user_filter (class=org.apache.hadoop.http.lib.StaticUserWebFilter$StaticUserFilter) to context scm
2019-09-29 10:45:32,691 [main] INFO  http.HttpServer2 (HttpServer2.java:addFilter(958)) - Added filter static_user_filter (class=org.apache.hadoop.http.lib.StaticUserWebFilter$StaticUserFilter) to context logs
2019-09-29 10:45:32,691 [main] INFO  http.HttpServer2 (HttpServer2.java:addFilter(958)) - Added filter static_user_filter (class=org.apache.hadoop.http.lib.StaticUserWebFilter$StaticUserFilter) to context static
2019-09-29 10:45:32,702 [main] INFO  server.StorageContainerManager (StorageContainerManager.java:start(770)) - StorageContainerLocationProtocol RPC server is listening at /0.0.0.0:41470
2019-09-29 10:45:32,702 [main] INFO  impl.MetricsSystemImpl (MetricsSystemImpl.java:init(158)) - StorageContainerManager metrics system started (again)
2019-09-29 10:45:32,705 [main] INFO  server.SCMClientProtocolServer (SCMClientProtocolServer.java:start(151)) - RPC server for Client  is listening at /0.0.0.0:41470
2019-09-29 10:45:32,705 [IPC Server Responder] INFO  ipc.Server (Server.java:run(1314)) - IPC Server Responder: starting
2019-09-29 10:45:32,705 [IPC Server listener on 41470] INFO  ipc.Server (Server.java:run(1153)) - IPC Server listener on 41470: starting
2019-09-29 10:45:32,708 [main] INFO  server.StorageContainerManager (StorageContainerManager.java:start(780)) - ScmBlockLocationProtocol RPC server is listening at /0.0.0.0:39734
2019-09-29 10:45:32,709 [main] INFO  server.SCMBlockProtocolServer (SCMBlockProtocolServer.java:start(146)) - RPC server for Block Protocol is listening at /0.0.0.0:39734
2019-09-29 10:45:32,710 [IPC Server Responder] INFO  ipc.Server (Server.java:run(1314)) - IPC Server Responder: starting
2019-09-29 10:45:32,710 [IPC Server listener on 39734] INFO  ipc.Server (Server.java:run(1153)) - IPC Server listener on 39734: starting
2019-09-29 10:45:32,712 [main] INFO  server.StorageContainerManager (StorageContainerManager.java:start(784)) - ScmDatanodeProtocl RPC server is listening at /0.0.0.0:38987
2019-09-29 10:45:32,713 [main] INFO  server.SCMDatanodeProtocolServer (SCMDatanodeProtocolServer.java:start(191)) - RPC server for DataNodes is listening at /0.0.0.0:38987
2019-09-29 10:45:32,713 [IPC Server Responder] INFO  ipc.Server (Server.java:run(1314)) - IPC Server Responder: starting
2019-09-29 10:45:32,713 [IPC Server listener on 38987] INFO  ipc.Server (Server.java:run(1153)) - IPC Server listener on 38987: starting
2019-09-29 10:45:32,717 [main] INFO  http.HttpServer2 (HttpServer2.java:bindListener(1191)) - Jetty bound to port 42221
2019-09-29 10:45:32,717 [main] INFO  server.Server (Server.java:doStart(351)) - jetty-9.3.25.v20180904, build timestamp: 2018-09-04T21:11:46Z, git hash: 3ce520221d0240229c862b122d2b06c12a625732
2019-09-29 10:45:32,719 [main] INFO  handler.ContextHandler (ContextHandler.java:doStart(781)) - Started o.e.j.s.ServletContextHandler@4c58255{/logs,file:///workdir/hadoop-ozone/integration-test/target/log,AVAILABLE}
2019-09-29 10:45:32,720 [main] INFO  handler.ContextHandler (ContextHandler.java:doStart(781)) - Started o.e.j.s.ServletContextHandler@10b1a751{/static,file:///workdir/hadoop-ozone/integration-test/target/test-classes/webapps/static,AVAILABLE}
2019-09-29 10:45:32,724 [main] INFO  handler.ContextHandler (ContextHandler.java:doStart(781)) - Started o.e.j.w.WebAppContext@173a6728{/,file:///workdir/hadoop-ozone/integration-test/target/test-classes/webapps/scm/,AVAILABLE}{/scm}
2019-09-29 10:45:32,725 [main] INFO  server.AbstractConnector (AbstractConnector.java:doStart(278)) - Started ServerConnector@1a22e0ef{HTTP/1.1,[http/1.1]}{0.0.0.0:42221}
2019-09-29 10:45:32,726 [main] INFO  server.Server (Server.java:doStart(419)) - Started @6461ms
2019-09-29 10:45:32,728 [main] INFO  impl.MetricsSinkAdapter (MetricsSinkAdapter.java:start(204)) - Sink prometheus started
2019-09-29 10:45:32,728 [main] INFO  impl.MetricsSystemImpl (MetricsSystemImpl.java:registerSink(301)) - Registered sink prometheus
2019-09-29 10:45:32,729 [main] INFO  server.BaseHttpServer (BaseHttpServer.java:updateConnectorAddress(215)) - HTTP server of SCM is listening at http://0.0.0.0:42221
2019-09-29 10:45:32,730 [org.apache.hadoop.util.JvmPauseMonitor$Monitor@7c8c70d6] INFO  util.JvmPauseMonitor (JvmPauseMonitor.java:run(188)) - Starting JVM pause monitor
2019-09-29 10:45:32,734 [main] WARN  server.ServerUtils (ServerUtils.java:getDBPath(222)) - ozone.om.db.dirs is not configured. We recommend adding this setting. Falling back to ozone.metadata.dirs instead.
2019-09-29 10:45:32,761 [main] WARN  server.ServerUtils (ServerUtils.java:getDBPath(222)) - ozone.om.db.dirs is not configured. We recommend adding this setting. Falling back to ozone.metadata.dirs instead.
2019-09-29 10:45:32,762 [main] WARN  server.ServerUtils (ServerUtils.java:getDBPath(222)) - ozone.om.db.dirs is not configured. We recommend adding this setting. Falling back to ozone.metadata.dirs instead.
2019-09-29 10:45:32,762 [main] INFO  om.OzoneManager (OzoneManager.java:setOMNodeDetails(652)) - OM Service ID is not set. Setting it to the default ID: omServiceIdDefault
2019-09-29 10:45:32,763 [main] INFO  om.OzoneManager (OzoneManager.java:setOMNodeDetails(658)) - OM Node ID is not set. Setting it to the OmStorage's OmID: 03ee0495-6d29-42fd-93c0-faa33e51a7cf
2019-09-29 10:45:32,764 [main] INFO  om.OzoneManager (OzoneManager.java:loadOMHAConfigs(609)) - Found matching OM address with OMServiceId: null, OMNodeId: null, RPC Address: localhost:0 and Ratis port: 9872
2019-09-29 10:45:32,857 [main] WARN  server.ServerUtils (ServerUtils.java:getDBPath(222)) - ozone.om.db.dirs is not configured. We recommend adding this setting. Falling back to ozone.metadata.dirs instead.
2019-09-29 10:45:32,863 [main] INFO  db.DBStoreBuilder (DBStoreBuilder.java:addTable(110)) - using custom profile for table: userTable
2019-09-29 10:45:32,863 [main] INFO  db.DBStoreBuilder (DBStoreBuilder.java:processTables(161)) - Using default column profile:DBProfile.DISK for Table:userTable
2019-09-29 10:45:32,863 [main] INFO  db.DBStoreBuilder (DBStoreBuilder.java:addTable(110)) - using custom profile for table: volumeTable
2019-09-29 10:45:32,863 [main] INFO  db.DBStoreBuilder (DBStoreBuilder.java:processTables(161)) - Using default column profile:DBProfile.DISK for Table:volumeTable
2019-09-29 10:45:32,863 [main] INFO  db.DBStoreBuilder (DBStoreBuilder.java:addTable(110)) - using custom profile for table: bucketTable
2019-09-29 10:45:32,863 [main] INFO  db.DBStoreBuilder (DBStoreBuilder.java:processTables(161)) - Using default column profile:DBProfile.DISK for Table:bucketTable
2019-09-29 10:45:32,864 [main] INFO  db.DBStoreBuilder (DBStoreBuilder.java:addTable(110)) - using custom profile for table: keyTable
2019-09-29 10:45:32,864 [main] INFO  db.DBStoreBuilder (DBStoreBuilder.java:processTables(161)) - Using default column profile:DBProfile.DISK for Table:keyTable
2019-09-29 10:45:32,864 [main] INFO  db.DBStoreBuilder (DBStoreBuilder.java:addTable(110)) - using custom profile for table: deletedTable
2019-09-29 10:45:32,864 [main] INFO  db.DBStoreBuilder (DBStoreBuilder.java:processTables(161)) - Using default column profile:DBProfile.DISK for Table:deletedTable
2019-09-29 10:45:32,864 [main] INFO  db.DBStoreBuilder (DBStoreBuilder.java:addTable(110)) - using custom profile for table: openKeyTable
2019-09-29 10:45:32,865 [main] INFO  db.DBStoreBuilder (DBStoreBuilder.java:processTables(161)) - Using default column profile:DBProfile.DISK for Table:openKeyTable
2019-09-29 10:45:32,865 [main] INFO  db.DBStoreBuilder (DBStoreBuilder.java:addTable(110)) - using custom profile for table: s3Table
2019-09-29 10:45:32,865 [main] INFO  db.DBStoreBuilder (DBStoreBuilder.java:processTables(161)) - Using default column profile:DBProfile.DISK for Table:s3Table
2019-09-29 10:45:32,865 [main] INFO  db.DBStoreBuilder (DBStoreBuilder.java:addTable(110)) - using custom profile for table: multipartInfoTable
2019-09-29 10:45:32,865 [main] INFO  db.DBStoreBuilder (DBStoreBuilder.java:processTables(161)) - Using default column profile:DBProfile.DISK for Table:multipartInfoTable
2019-09-29 10:45:32,866 [main] INFO  db.DBStoreBuilder (DBStoreBuilder.java:addTable(110)) - using custom profile for table: dTokenTable
2019-09-29 10:45:32,866 [main] INFO  db.DBStoreBuilder (DBStoreBuilder.java:processTables(161)) - Using default column profile:DBProfile.DISK for Table:dTokenTable
2019-09-29 10:45:32,866 [main] INFO  db.DBStoreBuilder (DBStoreBuilder.java:addTable(110)) - using custom profile for table: s3SecretTable
2019-09-29 10:45:32,866 [main] INFO  db.DBStoreBuilder (DBStoreBuilder.java:processTables(161)) - Using default column profile:DBProfile.DISK for Table:s3SecretTable
2019-09-29 10:45:32,866 [main] INFO  db.DBStoreBuilder (DBStoreBuilder.java:addTable(110)) - using custom profile for table: prefixTable
2019-09-29 10:45:32,866 [main] INFO  db.DBStoreBuilder (DBStoreBuilder.java:processTables(161)) - Using default column profile:DBProfile.DISK for Table:prefixTable
2019-09-29 10:45:32,867 [main] INFO  db.DBStoreBuilder (DBStoreBuilder.java:addTable(110)) - using custom profile for table: default
2019-09-29 10:45:32,867 [main] INFO  db.DBStoreBuilder (DBStoreBuilder.java:processTables(167)) - Using default column profile:DBProfile.DISK for Table:default
2019-09-29 10:45:32,867 [main] INFO  db.DBStoreBuilder (DBStoreBuilder.java:getDbProfile(198)) - Using default options. DBProfile.DISK
2019-09-29 10:45:33,544 [main] INFO  ipc.CallQueueManager (CallQueueManager.java:<init>(84)) - Using callQueue: class java.util.concurrent.LinkedBlockingQueue, queueCapacity: 2000, scheduler: class org.apache.hadoop.ipc.DefaultRpcScheduler, ipcBackoff: false.
2019-09-29 10:45:33,545 [Socket Reader #1 for port 38976] INFO  ipc.Server (Server.java:run(1074)) - Starting Socket Reader #1 for port 38976
2019-09-29 10:45:33,566 [main] INFO  om.OzoneManager (OzoneManager.java:start(1243)) - OzoneManager RPC server is listening at localhost/127.0.0.1:38976
2019-09-29 10:45:33,566 [main] INFO  impl.MetricsSystemImpl (MetricsSystemImpl.java:init(158)) - OzoneManager metrics system started (again)
2019-09-29 10:45:33,579 [IPC Server Responder] INFO  ipc.Server (Server.java:run(1314)) - IPC Server Responder: starting
2019-09-29 10:45:33,579 [IPC Server listener on 38976] INFO  ipc.Server (Server.java:run(1153)) - IPC Server listener on 38976: starting
2019-09-29 10:45:33,585 [main] INFO  hdfs.DFSUtil (DFSUtil.java:httpServerTemplateForNNAndJN(1641)) - Starting Web-server for ozoneManager at: http://0.0.0.0:0
2019-09-29 10:45:33,587 [main] INFO  server.AuthenticationFilter (AuthenticationFilter.java:constructSecretProvider(240)) - Unable to initialize FileSignerSecretProvider, falling back to use random secrets.
2019-09-29 10:45:33,587 [main] WARN  http.HttpRequestLog (HttpRequestLog.java:getRequestLog(97)) - Jetty request log can only be enabled using Log4j
2019-09-29 10:45:33,589 [main] INFO  http.HttpServer2 (HttpServer2.java:addGlobalFilter(975)) - Added global filter 'safety' (class=org.apache.hadoop.http.HttpServer2$QuotingInputFilter)
2019-09-29 10:45:33,589 [main] INFO  http.HttpServer2 (HttpServer2.java:addFilter(948)) - Added filter static_user_filter (class=org.apache.hadoop.http.lib.StaticUserWebFilter$StaticUserFilter) to context ozoneManager
2019-09-29 10:45:33,589 [main] INFO  http.HttpServer2 (HttpServer2.java:addFilter(958)) - Added filter static_user_filter (class=org.apache.hadoop.http.lib.StaticUserWebFilter$StaticUserFilter) to context static
2019-09-29 10:45:33,590 [main] INFO  http.HttpServer2 (HttpServer2.java:addFilter(958)) - Added filter static_user_filter (class=org.apache.hadoop.http.lib.StaticUserWebFilter$StaticUserFilter) to context logs
2019-09-29 10:45:33,591 [main] INFO  http.HttpServer2 (HttpServer2.java:bindListener(1191)) - Jetty bound to port 46617
2019-09-29 10:45:33,592 [main] INFO  server.Server (Server.java:doStart(351)) - jetty-9.3.25.v20180904, build timestamp: 2018-09-04T21:11:46Z, git hash: 3ce520221d0240229c862b122d2b06c12a625732
2019-09-29 10:45:33,593 [main] INFO  handler.ContextHandler (ContextHandler.java:doStart(781)) - Started o.e.j.s.ServletContextHandler@4fd05028{/logs,file:///workdir/hadoop-ozone/integration-test/target/log,AVAILABLE}
2019-09-29 10:45:33,593 [main] INFO  handler.ContextHandler (ContextHandler.java:doStart(781)) - Started o.e.j.s.ServletContextHandler@4fb392c4{/static,file:///workdir/hadoop-ozone/integration-test/target/test-classes/webapps/static,AVAILABLE}
2019-09-29 10:45:33,597 [main] INFO  handler.ContextHandler (ContextHandler.java:doStart(781)) - Started o.e.j.w.WebAppContext@35f3a22c{/,file:///workdir/hadoop-ozone/integration-test/target/test-classes/webapps/ozoneManager/,AVAILABLE}{/ozoneManager}
2019-09-29 10:45:33,598 [main] INFO  server.AbstractConnector (AbstractConnector.java:doStart(278)) - Started ServerConnector@1a0c5e9{HTTP/1.1,[http/1.1]}{0.0.0.0:46617}
2019-09-29 10:45:33,598 [main] INFO  server.Server (Server.java:doStart(419)) - Started @7333ms
2019-09-29 10:45:33,598 [main] WARN  impl.MetricsSystemImpl (MetricsSystemImpl.java:register(276)) - Sink prometheus already exists!
2019-09-29 10:45:33,599 [main] INFO  server.BaseHttpServer (BaseHttpServer.java:updateConnectorAddress(215)) - HTTP server of OZONEMANAGER is listening at http://0.0.0.0:46617
2019-09-29 10:45:33,695 [main] INFO  impl.MetricsSystemImpl (MetricsSystemImpl.java:init(158)) - HddsDatanode metrics system started (again)
2019-09-29 10:45:33,737 [main] INFO  ozone.HddsDatanodeService (HddsDatanodeService.java:start(184)) - HddsDatanodeService host:pr-hdds-1569-p5qg8-3770903209 ip:192.168.164.250
2019-09-29 10:45:33,763 [main] INFO  volume.HddsVolume (HddsVolume.java:<init>(176)) - Creating Volume: /workdir/hadoop-ozone/integration-test/target/test-dir/MiniOzoneClusterImpl-f2f1897c-7c9f-4d93-a036-cb01af022a4f/datanode-0/data/containers/hdds of  storage type : DISK and capacity : 1482555576320
2019-09-29 10:45:33,765 [main] INFO  volume.VolumeSet (VolumeSet.java:initializeVolumeSet(170)) - Added Volume : /workdir/hadoop-ozone/integration-test/target/test-dir/MiniOzoneClusterImpl-f2f1897c-7c9f-4d93-a036-cb01af022a4f/datanode-0/data/containers/hdds to VolumeSet
2019-09-29 10:45:33,767 [main] INFO  volume.ThrottledAsyncChecker (ThrottledAsyncChecker.java:schedule(139)) - Scheduling a check for org.apache.hadoop.ozone.container.common.volume.HddsVolume@14fded9d
2019-09-29 10:45:33,783 [main] INFO  volume.HddsVolumeChecker (HddsVolumeChecker.java:checkAllVolumes(202)) - Scheduled health check for volume org.apache.hadoop.ozone.container.common.volume.HddsVolume@14fded9d
2019-09-29 10:45:33,887 [main] INFO  impl.RaftServerProxy (ConfUtils.java:logGet(43)) - raft.rpc.type = GRPC (default)
2019-09-29 10:45:33,946 [main] INFO  grpc.GrpcFactory (GrpcFactory.java:checkPooledByteBufAllocatorUseCacheForAllThreads(45)) - PERFORMANCE WARNING: useCacheForAllThreads is true that may cause Netty to create a lot garbage objects and, as a result, trigger GC.
	It is recommended to disable useCacheForAllThreads by setting -Dorg.apache.ratis.thirdparty.io.netty.allocator.useCacheForAllThreads=false in command line.
2019-09-29 10:45:33,951 [main] INFO  grpc.GrpcConfigKeys$Server (ConfUtils.java:logGet(43)) - raft.grpc.server.port = 0 (default)
2019-09-29 10:45:33,952 [main] INFO  server.GrpcService (ConfUtils.java:logGet(43)) - raft.grpc.message.size.max = 33570816 (custom)
2019-09-29 10:45:33,953 [main] INFO  server.RaftServerConfigKeys (ConfUtils.java:logGet(43)) - raft.server.log.appender.buffer.byte-limit = 33554432 (custom)
2019-09-29 10:45:33,954 [main] INFO  server.GrpcService (ConfUtils.java:logGet(43)) - raft.grpc.flow.control.window = 1MB (=1048576) (default)
2019-09-29 10:45:33,955 [main] INFO  server.RaftServerConfigKeys (ConfUtils.java:logGet(43)) - raft.server.rpc.request.timeout = 3000ms (default)
2019-09-29 10:45:34,109 [main] INFO  server.RaftServerConfigKeys (ConfUtils.java:logGet(43)) - raft.server.storage.dir = [/workdir/hadoop-ozone/integration-test/target/test-dir/MiniOzoneClusterImpl-f2f1897c-7c9f-4d93-a036-cb01af022a4f/datanode-0/data/ratis] (custom)
2019-09-29 10:45:34,158 [main] INFO  hdfs.DFSUtil (DFSUtil.java:httpServerTemplateForNNAndJN(1641)) - Starting Web-server for hddsDatanode at: http://0.0.0.0:0
2019-09-29 10:45:34,159 [main] INFO  server.AuthenticationFilter (AuthenticationFilter.java:constructSecretProvider(240)) - Unable to initialize FileSignerSecretProvider, falling back to use random secrets.
2019-09-29 10:45:34,160 [main] WARN  http.HttpRequestLog (HttpRequestLog.java:getRequestLog(97)) - Jetty request log can only be enabled using Log4j
2019-09-29 10:45:34,162 [main] INFO  http.HttpServer2 (HttpServer2.java:addGlobalFilter(975)) - Added global filter 'safety' (class=org.apache.hadoop.http.HttpServer2$QuotingInputFilter)
2019-09-29 10:45:34,163 [main] INFO  http.HttpServer2 (HttpServer2.java:addFilter(948)) - Added filter static_user_filter (class=org.apache.hadoop.http.lib.StaticUserWebFilter$StaticUserFilter) to context hddsDatanode
2019-09-29 10:45:34,163 [main] INFO  http.HttpServer2 (HttpServer2.java:addFilter(958)) - Added filter static_user_filter (class=org.apache.hadoop.http.lib.StaticUserWebFilter$StaticUserFilter) to context static
2019-09-29 10:45:34,163 [main] INFO  http.HttpServer2 (HttpServer2.java:addFilter(958)) - Added filter static_user_filter (class=org.apache.hadoop.http.lib.StaticUserWebFilter$StaticUserFilter) to context logs
2019-09-29 10:45:34,164 [main] INFO  http.HttpServer2 (HttpServer2.java:bindListener(1191)) - Jetty bound to port 41447
2019-09-29 10:45:34,165 [main] INFO  server.Server (Server.java:doStart(351)) - jetty-9.3.25.v20180904, build timestamp: 2018-09-04T21:11:46Z, git hash: 3ce520221d0240229c862b122d2b06c12a625732
2019-09-29 10:45:34,168 [main] INFO  handler.ContextHandler (ContextHandler.java:doStart(781)) - Started o.e.j.s.ServletContextHandler@445821a6{/logs,file:///workdir/hadoop-ozone/integration-test/target/log,AVAILABLE}
2019-09-29 10:45:34,169 [main] INFO  handler.ContextHandler (ContextHandler.java:doStart(781)) - Started o.e.j.s.ServletContextHandler@35d26ad2{/static,jar:file:/home/user/.m2/repository/org/apache/hadoop/hadoop-hdds-container-service/0.5.0-SNAPSHOT/hadoop-hdds-container-service-0.5.0-SNAPSHOT.jar!/webapps/static,AVAILABLE}
2019-09-29 10:45:34,201 [main] INFO  handler.ContextHandler (ContextHandler.java:doStart(781)) - Started o.e.j.w.WebAppContext@251c4280{/,file:///workdir/hadoop-ozone/integration-test/target/tmp/kms/webapp/,AVAILABLE}{/hddsDatanode}
2019-09-29 10:45:34,202 [main] INFO  server.AbstractConnector (AbstractConnector.java:doStart(278)) - Started ServerConnector@35650279{HTTP/1.1,[http/1.1]}{0.0.0.0:41447}
2019-09-29 10:45:34,203 [main] INFO  server.Server (Server.java:doStart(419)) - Started @7938ms
2019-09-29 10:45:34,204 [main] WARN  impl.MetricsSystemImpl (MetricsSystemImpl.java:register(276)) - Sink prometheus already exists!
2019-09-29 10:45:34,204 [main] INFO  server.BaseHttpServer (BaseHttpServer.java:updateConnectorAddress(215)) - HTTP server of HDDSDATANODE is listening at http://0.0.0.0:41447
2019-09-29 10:45:34,206 [main] INFO  impl.MetricsSystemImpl (MetricsSystemImpl.java:init(158)) - HddsDatanode metrics system started (again)
2019-09-29 10:45:34,209 [main] INFO  ozone.HddsDatanodeService (HddsDatanodeService.java:start(184)) - HddsDatanodeService host:pr-hdds-1569-p5qg8-3770903209 ip:192.168.164.250
2019-09-29 10:45:34,210 [org.apache.hadoop.util.JvmPauseMonitor$Monitor@77924c47] INFO  util.JvmPauseMonitor (JvmPauseMonitor.java:run(188)) - Starting JVM pause monitor
2019-09-29 10:45:34,220 [main] INFO  volume.HddsVolume (HddsVolume.java:<init>(176)) - Creating Volume: /workdir/hadoop-ozone/integration-test/target/test-dir/MiniOzoneClusterImpl-f2f1897c-7c9f-4d93-a036-cb01af022a4f/datanode-1/data/containers/hdds of  storage type : DISK and capacity : 1482555576320
2019-09-29 10:45:34,221 [main] INFO  volume.VolumeSet (VolumeSet.java:initializeVolumeSet(170)) - Added Volume : /workdir/hadoop-ozone/integration-test/target/test-dir/MiniOzoneClusterImpl-f2f1897c-7c9f-4d93-a036-cb01af022a4f/datanode-1/data/containers/hdds to VolumeSet
2019-09-29 10:45:34,221 [main] INFO  volume.ThrottledAsyncChecker (ThrottledAsyncChecker.java:schedule(139)) - Scheduling a check for org.apache.hadoop.ozone.container.common.volume.HddsVolume@656a3d6b
2019-09-29 10:45:34,222 [main] INFO  volume.HddsVolumeChecker (HddsVolumeChecker.java:checkAllVolumes(202)) - Scheduled health check for volume org.apache.hadoop.ozone.container.common.volume.HddsVolume@656a3d6b
2019-09-29 10:45:34,239 [main] INFO  impl.RaftServerProxy (ConfUtils.java:logGet(43)) - raft.rpc.type = GRPC (default)
2019-09-29 10:45:34,239 [main] INFO  grpc.GrpcFactory (GrpcFactory.java:checkPooledByteBufAllocatorUseCacheForAllThreads(45)) - PERFORMANCE WARNING: useCacheForAllThreads is true that may cause Netty to create a lot garbage objects and, as a result, trigger GC.
	It is recommended to disable useCacheForAllThreads by setting -Dorg.apache.ratis.thirdparty.io.netty.allocator.useCacheForAllThreads=false in command line.
2019-09-29 10:45:34,239 [main] INFO  grpc.GrpcConfigKeys$Server (ConfUtils.java:logGet(43)) - raft.grpc.server.port = 0 (default)
2019-09-29 10:45:34,240 [main] INFO  server.GrpcService (ConfUtils.java:logGet(43)) - raft.grpc.message.size.max = 33570816 (custom)
2019-09-29 10:45:34,240 [main] INFO  server.RaftServerConfigKeys (ConfUtils.java:logGet(43)) - raft.server.log.appender.buffer.byte-limit = 33554432 (custom)
2019-09-29 10:45:34,240 [main] INFO  server.GrpcService (ConfUtils.java:logGet(43)) - raft.grpc.flow.control.window = 1MB (=1048576) (default)
2019-09-29 10:45:34,240 [main] INFO  server.RaftServerConfigKeys (ConfUtils.java:logGet(43)) - raft.server.rpc.request.timeout = 3000ms (default)
2019-09-29 10:45:34,241 [main] INFO  server.RaftServerConfigKeys (ConfUtils.java:logGet(43)) - raft.server.storage.dir = [/workdir/hadoop-ozone/integration-test/target/test-dir/MiniOzoneClusterImpl-f2f1897c-7c9f-4d93-a036-cb01af022a4f/datanode-1/data/ratis] (custom)
2019-09-29 10:45:34,243 [main] INFO  hdfs.DFSUtil (DFSUtil.java:httpServerTemplateForNNAndJN(1641)) - Starting Web-server for hddsDatanode at: http://0.0.0.0:0
2019-09-29 10:45:34,244 [main] INFO  server.AuthenticationFilter (AuthenticationFilter.java:constructSecretProvider(240)) - Unable to initialize FileSignerSecretProvider, falling back to use random secrets.
2019-09-29 10:45:34,245 [main] WARN  http.HttpRequestLog (HttpRequestLog.java:getRequestLog(97)) - Jetty request log can only be enabled using Log4j
2019-09-29 10:45:34,247 [main] INFO  http.HttpServer2 (HttpServer2.java:addGlobalFilter(975)) - Added global filter 'safety' (class=org.apache.hadoop.http.HttpServer2$QuotingInputFilter)
2019-09-29 10:45:34,247 [main] INFO  http.HttpServer2 (HttpServer2.java:addFilter(948)) - Added filter static_user_filter (class=org.apache.hadoop.http.lib.StaticUserWebFilter$StaticUserFilter) to context hddsDatanode
2019-09-29 10:45:34,247 [main] INFO  http.HttpServer2 (HttpServer2.java:addFilter(958)) - Added filter static_user_filter (class=org.apache.hadoop.http.lib.StaticUserWebFilter$StaticUserFilter) to context static
2019-09-29 10:45:34,248 [main] INFO  http.HttpServer2 (HttpServer2.java:addFilter(958)) - Added filter static_user_filter (class=org.apache.hadoop.http.lib.StaticUserWebFilter$StaticUserFilter) to context logs
2019-09-29 10:45:34,248 [main] INFO  http.HttpServer2 (HttpServer2.java:bindListener(1191)) - Jetty bound to port 40562
2019-09-29 10:45:34,249 [main] INFO  server.Server (Server.java:doStart(351)) - jetty-9.3.25.v20180904, build timestamp: 2018-09-04T21:11:46Z, git hash: 3ce520221d0240229c862b122d2b06c12a625732
2019-09-29 10:45:34,251 [main] INFO  handler.ContextHandler (ContextHandler.java:doStart(781)) - Started o.e.j.s.ServletContextHandler@623e0631{/logs,file:///workdir/hadoop-ozone/integration-test/target/log,AVAILABLE}
2019-09-29 10:45:34,252 [main] INFO  handler.ContextHandler (ContextHandler.java:doStart(781)) - Started o.e.j.s.ServletContextHandler@385dfb63{/static,jar:file:/home/user/.m2/repository/org/apache/hadoop/hadoop-hdds-container-service/0.5.0-SNAPSHOT/hadoop-hdds-container-service-0.5.0-SNAPSHOT.jar!/webapps/static,AVAILABLE}
2019-09-29 10:45:34,281 [main] INFO  handler.ContextHandler (ContextHandler.java:doStart(781)) - Started o.e.j.w.WebAppContext@7d42404e{/,file:///workdir/hadoop-ozone/integration-test/target/tmp/kms/webapp/,AVAILABLE}{/hddsDatanode}
2019-09-29 10:45:34,283 [main] INFO  server.AbstractConnector (AbstractConnector.java:doStart(278)) - Started ServerConnector@6af5b246{HTTP/1.1,[http/1.1]}{0.0.0.0:40562}
2019-09-29 10:45:34,283 [main] INFO  server.Server (Server.java:doStart(419)) - Started @8018ms
2019-09-29 10:45:34,283 [main] WARN  impl.MetricsSystemImpl (MetricsSystemImpl.java:register(276)) - Sink prometheus already exists!
2019-09-29 10:45:34,284 [main] INFO  server.BaseHttpServer (BaseHttpServer.java:updateConnectorAddress(215)) - HTTP server of HDDSDATANODE is listening at http://0.0.0.0:40562
2019-09-29 10:45:34,284 [main] INFO  impl.MetricsSystemImpl (MetricsSystemImpl.java:init(158)) - HddsDatanode metrics system started (again)
2019-09-29 10:45:34,286 [org.apache.hadoop.util.JvmPauseMonitor$Monitor@dc0a276] INFO  util.JvmPauseMonitor (JvmPauseMonitor.java:run(188)) - Starting JVM pause monitor
2019-09-29 10:45:34,286 [main] INFO  ozone.HddsDatanodeService (HddsDatanodeService.java:start(184)) - HddsDatanodeService host:pr-hdds-1569-p5qg8-3770903209 ip:192.168.164.250
2019-09-29 10:45:34,292 [main] INFO  volume.HddsVolume (HddsVolume.java:<init>(176)) - Creating Volume: /workdir/hadoop-ozone/integration-test/target/test-dir/MiniOzoneClusterImpl-f2f1897c-7c9f-4d93-a036-cb01af022a4f/datanode-2/data/containers/hdds of  storage type : DISK and capacity : 1482555576320
2019-09-29 10:45:34,293 [main] INFO  volume.VolumeSet (VolumeSet.java:initializeVolumeSet(170)) - Added Volume : /workdir/hadoop-ozone/integration-test/target/test-dir/MiniOzoneClusterImpl-f2f1897c-7c9f-4d93-a036-cb01af022a4f/datanode-2/data/containers/hdds to VolumeSet
2019-09-29 10:45:34,293 [main] INFO  volume.ThrottledAsyncChecker (ThrottledAsyncChecker.java:schedule(139)) - Scheduling a check for org.apache.hadoop.ozone.container.common.volume.HddsVolume@23cd5d42
2019-09-29 10:45:34,293 [main] INFO  volume.HddsVolumeChecker (HddsVolumeChecker.java:checkAllVolumes(202)) - Scheduled health check for volume org.apache.hadoop.ozone.container.common.volume.HddsVolume@23cd5d42
2019-09-29 10:45:34,308 [main] INFO  impl.RaftServerProxy (ConfUtils.java:logGet(43)) - raft.rpc.type = GRPC (default)
2019-09-29 10:45:34,308 [main] INFO  grpc.GrpcFactory (GrpcFactory.java:checkPooledByteBufAllocatorUseCacheForAllThreads(45)) - PERFORMANCE WARNING: useCacheForAllThreads is true that may cause Netty to create a lot garbage objects and, as a result, trigger GC.
	It is recommended to disable useCacheForAllThreads by setting -Dorg.apache.ratis.thirdparty.io.netty.allocator.useCacheForAllThreads=false in command line.
2019-09-29 10:45:34,308 [main] INFO  grpc.GrpcConfigKeys$Server (ConfUtils.java:logGet(43)) - raft.grpc.server.port = 0 (default)
2019-09-29 10:45:34,309 [main] INFO  server.GrpcService (ConfUtils.java:logGet(43)) - raft.grpc.message.size.max = 33570816 (custom)
2019-09-29 10:45:34,309 [main] INFO  server.RaftServerConfigKeys (ConfUtils.java:logGet(43)) - raft.server.log.appender.buffer.byte-limit = 33554432 (custom)
2019-09-29 10:45:34,309 [Datanode State Machine Thread - 0] INFO  datanode.InitDatanodeState (InitDatanodeState.java:persistContainerDatanodeDetails(140)) - DatanodeDetails is persisted to /workdir/hadoop-ozone/integration-test/target/test-dir/MiniOzoneClusterImpl-f2f1897c-7c9f-4d93-a036-cb01af022a4f/datanode-0/meta/datanode.id
2019-09-29 10:45:34,309 [main] INFO  server.GrpcService (ConfUtils.java:logGet(43)) - raft.grpc.flow.control.window = 1MB (=1048576) (default)
2019-09-29 10:45:34,310 [main] INFO  server.RaftServerConfigKeys (ConfUtils.java:logGet(43)) - raft.server.rpc.request.timeout = 3000ms (default)
2019-09-29 10:45:34,312 [main] INFO  server.RaftServerConfigKeys (ConfUtils.java:logGet(43)) - raft.server.storage.dir = [/workdir/hadoop-ozone/integration-test/target/test-dir/MiniOzoneClusterImpl-f2f1897c-7c9f-4d93-a036-cb01af022a4f/datanode-2/data/ratis] (custom)
2019-09-29 10:45:34,312 [Datanode State Machine Thread - 0] INFO  datanode.InitDatanodeState (InitDatanodeState.java:persistContainerDatanodeDetails(140)) - DatanodeDetails is persisted to /workdir/hadoop-ozone/integration-test/target/test-dir/MiniOzoneClusterImpl-f2f1897c-7c9f-4d93-a036-cb01af022a4f/datanode-1/meta/datanode.id
2019-09-29 10:45:34,314 [main] INFO  hdfs.DFSUtil (DFSUtil.java:httpServerTemplateForNNAndJN(1641)) - Starting Web-server for hddsDatanode at: http://0.0.0.0:0
2019-09-29 10:45:34,316 [main] INFO  server.AuthenticationFilter (AuthenticationFilter.java:constructSecretProvider(240)) - Unable to initialize FileSignerSecretProvider, falling back to use random secrets.
2019-09-29 10:45:34,316 [main] WARN  http.HttpRequestLog (HttpRequestLog.java:getRequestLog(97)) - Jetty request log can only be enabled using Log4j
2019-09-29 10:45:34,318 [main] INFO  http.HttpServer2 (HttpServer2.java:addGlobalFilter(975)) - Added global filter 'safety' (class=org.apache.hadoop.http.HttpServer2$QuotingInputFilter)
2019-09-29 10:45:34,319 [main] INFO  http.HttpServer2 (HttpServer2.java:addFilter(948)) - Added filter static_user_filter (class=org.apache.hadoop.http.lib.StaticUserWebFilter$StaticUserFilter) to context hddsDatanode
2019-09-29 10:45:34,319 [main] INFO  http.HttpServer2 (HttpServer2.java:addFilter(958)) - Added filter static_user_filter (class=org.apache.hadoop.http.lib.StaticUserWebFilter$StaticUserFilter) to context logs
2019-09-29 10:45:34,319 [main] INFO  http.HttpServer2 (HttpServer2.java:addFilter(958)) - Added filter static_user_filter (class=org.apache.hadoop.http.lib.StaticUserWebFilter$StaticUserFilter) to context static
2019-09-29 10:45:34,320 [main] INFO  http.HttpServer2 (HttpServer2.java:bindListener(1191)) - Jetty bound to port 38852
2019-09-29 10:45:34,321 [main] INFO  server.Server (Server.java:doStart(351)) - jetty-9.3.25.v20180904, build timestamp: 2018-09-04T21:11:46Z, git hash: 3ce520221d0240229c862b122d2b06c12a625732
2019-09-29 10:45:34,325 [main] INFO  handler.ContextHandler (ContextHandler.java:doStart(781)) - Started o.e.j.s.ServletContextHandler@1c628f6a{/logs,file:///workdir/hadoop-ozone/integration-test/target/log,AVAILABLE}
2019-09-29 10:45:34,326 [main] INFO  handler.ContextHandler (ContextHandler.java:doStart(781)) - Started o.e.j.s.ServletContextHandler@747835f5{/static,jar:file:/home/user/.m2/repository/org/apache/hadoop/hadoop-hdds-container-service/0.5.0-SNAPSHOT/hadoop-hdds-container-service-0.5.0-SNAPSHOT.jar!/webapps/static,AVAILABLE}
2019-09-29 10:45:34,354 [main] INFO  handler.ContextHandler (ContextHandler.java:doStart(781)) - Started o.e.j.w.WebAppContext@499ee966{/,file:///workdir/hadoop-ozone/integration-test/target/tmp/kms/webapp/,AVAILABLE}{/hddsDatanode}
2019-09-29 10:45:34,355 [main] INFO  server.AbstractConnector (AbstractConnector.java:doStart(278)) - Started ServerConnector@76f2dad9{HTTP/1.1,[http/1.1]}{0.0.0.0:38852}
2019-09-29 10:45:34,356 [main] INFO  server.Server (Server.java:doStart(419)) - Started @8091ms
2019-09-29 10:45:34,356 [main] WARN  impl.MetricsSystemImpl (MetricsSystemImpl.java:register(276)) - Sink prometheus already exists!
2019-09-29 10:45:34,357 [main] INFO  server.BaseHttpServer (BaseHttpServer.java:updateConnectorAddress(215)) - HTTP server of HDDSDATANODE is listening at http://0.0.0.0:38852
2019-09-29 10:45:34,358 [main] INFO  impl.MetricsSystemImpl (MetricsSystemImpl.java:init(158)) - HddsDatanode metrics system started (again)
2019-09-29 10:45:34,360 [org.apache.hadoop.util.JvmPauseMonitor$Monitor@5da3b902] INFO  util.JvmPauseMonitor (JvmPauseMonitor.java:run(188)) - Starting JVM pause monitor
2019-09-29 10:45:34,361 [main] INFO  ozone.HddsDatanodeService (HddsDatanodeService.java:start(184)) - HddsDatanodeService host:pr-hdds-1569-p5qg8-3770903209 ip:192.168.164.250
2019-09-29 10:45:34,362 [Datanode State Machine Thread - 0] INFO  datanode.InitDatanodeState (InitDatanodeState.java:persistContainerDatanodeDetails(140)) - DatanodeDetails is persisted to /workdir/hadoop-ozone/integration-test/target/test-dir/MiniOzoneClusterImpl-f2f1897c-7c9f-4d93-a036-cb01af022a4f/datanode-2/meta/datanode.id
2019-09-29 10:45:34,367 [main] INFO  volume.HddsVolume (HddsVolume.java:<init>(176)) - Creating Volume: /workdir/hadoop-ozone/integration-test/target/test-dir/MiniOzoneClusterImpl-f2f1897c-7c9f-4d93-a036-cb01af022a4f/datanode-3/data/containers/hdds of  storage type : DISK and capacity : 1482555576320
2019-09-29 10:45:34,368 [main] INFO  volume.VolumeSet (VolumeSet.java:initializeVolumeSet(170)) - Added Volume : /workdir/hadoop-ozone/integration-test/target/test-dir/MiniOzoneClusterImpl-f2f1897c-7c9f-4d93-a036-cb01af022a4f/datanode-3/data/containers/hdds to VolumeSet
2019-09-29 10:45:34,368 [main] INFO  volume.ThrottledAsyncChecker (ThrottledAsyncChecker.java:schedule(139)) - Scheduling a check for org.apache.hadoop.ozone.container.common.volume.HddsVolume@740fefc6
2019-09-29 10:45:34,368 [main] INFO  volume.HddsVolumeChecker (HddsVolumeChecker.java:checkAllVolumes(202)) - Scheduled health check for volume org.apache.hadoop.ozone.container.common.volume.HddsVolume@740fefc6
2019-09-29 10:45:34,384 [main] INFO  impl.RaftServerProxy (ConfUtils.java:logGet(43)) - raft.rpc.type = GRPC (default)
2019-09-29 10:45:34,384 [main] INFO  grpc.GrpcFactory (GrpcFactory.java:checkPooledByteBufAllocatorUseCacheForAllThreads(45)) - PERFORMANCE WARNING: useCacheForAllThreads is true that may cause Netty to create a lot garbage objects and, as a result, trigger GC.
	It is recommended to disable useCacheForAllThreads by setting -Dorg.apache.ratis.thirdparty.io.netty.allocator.useCacheForAllThreads=false in command line.
2019-09-29 10:45:34,385 [main] INFO  grpc.GrpcConfigKeys$Server (ConfUtils.java:logGet(43)) - raft.grpc.server.port = 0 (default)
2019-09-29 10:45:34,385 [main] INFO  server.GrpcService (ConfUtils.java:logGet(43)) - raft.grpc.message.size.max = 33570816 (custom)
2019-09-29 10:45:34,385 [main] INFO  server.RaftServerConfigKeys (ConfUtils.java:logGet(43)) - raft.server.log.appender.buffer.byte-limit = 33554432 (custom)
2019-09-29 10:45:34,386 [main] INFO  server.GrpcService (ConfUtils.java:logGet(43)) - raft.grpc.flow.control.window = 1MB (=1048576) (default)
2019-09-29 10:45:34,386 [main] INFO  server.RaftServerConfigKeys (ConfUtils.java:logGet(43)) - raft.server.rpc.request.timeout = 3000ms (default)
2019-09-29 10:45:34,387 [main] INFO  server.RaftServerConfigKeys (ConfUtils.java:logGet(43)) - raft.server.storage.dir = [/workdir/hadoop-ozone/integration-test/target/test-dir/MiniOzoneClusterImpl-f2f1897c-7c9f-4d93-a036-cb01af022a4f/datanode-3/data/ratis] (custom)
2019-09-29 10:45:34,388 [main] INFO  hdfs.DFSUtil (DFSUtil.java:httpServerTemplateForNNAndJN(1641)) - Starting Web-server for hddsDatanode at: http://0.0.0.0:0
2019-09-29 10:45:34,389 [main] INFO  server.AuthenticationFilter (AuthenticationFilter.java:constructSecretProvider(240)) - Unable to initialize FileSignerSecretProvider, falling back to use random secrets.
2019-09-29 10:45:34,390 [main] WARN  http.HttpRequestLog (HttpRequestLog.java:getRequestLog(97)) - Jetty request log can only be enabled using Log4j
2019-09-29 10:45:34,392 [main] INFO  http.HttpServer2 (HttpServer2.java:addGlobalFilter(975)) - Added global filter 'safety' (class=org.apache.hadoop.http.HttpServer2$QuotingInputFilter)
2019-09-29 10:45:34,393 [main] INFO  http.HttpServer2 (HttpServer2.java:addFilter(948)) - Added filter static_user_filter (class=org.apache.hadoop.http.lib.StaticUserWebFilter$StaticUserFilter) to context hddsDatanode
2019-09-29 10:45:34,393 [main] INFO  http.HttpServer2 (HttpServer2.java:addFilter(958)) - Added filter static_user_filter (class=org.apache.hadoop.http.lib.StaticUserWebFilter$StaticUserFilter) to context logs
2019-09-29 10:45:34,393 [main] INFO  http.HttpServer2 (HttpServer2.java:addFilter(958)) - Added filter static_user_filter (class=org.apache.hadoop.http.lib.StaticUserWebFilter$StaticUserFilter) to context static
2019-09-29 10:45:34,394 [main] INFO  http.HttpServer2 (HttpServer2.java:bindListener(1191)) - Jetty bound to port 34244
2019-09-29 10:45:34,394 [main] INFO  server.Server (Server.java:doStart(351)) - jetty-9.3.25.v20180904, build timestamp: 2018-09-04T21:11:46Z, git hash: 3ce520221d0240229c862b122d2b06c12a625732
2019-09-29 10:45:34,397 [main] INFO  handler.ContextHandler (ContextHandler.java:doStart(781)) - Started o.e.j.s.ServletContextHandler@5934ca1e{/logs,file:///workdir/hadoop-ozone/integration-test/target/log,AVAILABLE}
2019-09-29 10:45:34,397 [main] INFO  handler.ContextHandler (ContextHandler.java:doStart(781)) - Started o.e.j.s.ServletContextHandler@477021ee{/static,jar:file:/home/user/.m2/repository/org/apache/hadoop/hadoop-hdds-container-service/0.5.0-SNAPSHOT/hadoop-hdds-container-service-0.5.0-SNAPSHOT.jar!/webapps/static,AVAILABLE}
2019-09-29 10:45:34,426 [main] INFO  handler.ContextHandler (ContextHandler.java:doStart(781)) - Started o.e.j.w.WebAppContext@7634f2b{/,file:///workdir/hadoop-ozone/integration-test/target/tmp/kms/webapp/,AVAILABLE}{/hddsDatanode}
2019-09-29 10:45:34,427 [main] INFO  server.AbstractConnector (AbstractConnector.java:doStart(278)) - Started ServerConnector@1d15c0a1{HTTP/1.1,[http/1.1]}{0.0.0.0:34244}
2019-09-29 10:45:34,428 [main] INFO  server.Server (Server.java:doStart(419)) - Started @8163ms
2019-09-29 10:45:34,428 [main] WARN  impl.MetricsSystemImpl (MetricsSystemImpl.java:register(276)) - Sink prometheus already exists!
2019-09-29 10:45:34,429 [main] INFO  server.BaseHttpServer (BaseHttpServer.java:updateConnectorAddress(215)) - HTTP server of HDDSDATANODE is listening at http://0.0.0.0:34244
2019-09-29 10:45:34,429 [main] INFO  impl.MetricsSystemImpl (MetricsSystemImpl.java:init(158)) - HddsDatanode metrics system started (again)
2019-09-29 10:45:34,432 [org.apache.hadoop.util.JvmPauseMonitor$Monitor@7af4718d] INFO  util.JvmPauseMonitor (JvmPauseMonitor.java:run(188)) - Starting JVM pause monitor
2019-09-29 10:45:34,432 [main] INFO  ozone.HddsDatanodeService (HddsDatanodeService.java:start(184)) - HddsDatanodeService host:pr-hdds-1569-p5qg8-3770903209 ip:192.168.164.250
2019-09-29 10:45:34,433 [Datanode State Machine Thread - 0] INFO  datanode.InitDatanodeState (InitDatanodeState.java:persistContainerDatanodeDetails(140)) - DatanodeDetails is persisted to /workdir/hadoop-ozone/integration-test/target/test-dir/MiniOzoneClusterImpl-f2f1897c-7c9f-4d93-a036-cb01af022a4f/datanode-3/meta/datanode.id
2019-09-29 10:45:34,438 [main] INFO  volume.HddsVolume (HddsVolume.java:<init>(176)) - Creating Volume: /workdir/hadoop-ozone/integration-test/target/test-dir/MiniOzoneClusterImpl-f2f1897c-7c9f-4d93-a036-cb01af022a4f/datanode-4/data/containers/hdds of  storage type : DISK and capacity : 1482555576320
2019-09-29 10:45:34,438 [main] INFO  volume.VolumeSet (VolumeSet.java:initializeVolumeSet(170)) - Added Volume : /workdir/hadoop-ozone/integration-test/target/test-dir/MiniOzoneClusterImpl-f2f1897c-7c9f-4d93-a036-cb01af022a4f/datanode-4/data/containers/hdds to VolumeSet
2019-09-29 10:45:34,439 [main] INFO  volume.ThrottledAsyncChecker (ThrottledAsyncChecker.java:schedule(139)) - Scheduling a check for org.apache.hadoop.ozone.container.common.volume.HddsVolume@58eac00e
2019-09-29 10:45:34,439 [main] INFO  volume.HddsVolumeChecker (HddsVolumeChecker.java:checkAllVolumes(202)) - Scheduled health check for volume org.apache.hadoop.ozone.container.common.volume.HddsVolume@58eac00e
2019-09-29 10:45:34,456 [main] INFO  impl.RaftServerProxy (ConfUtils.java:logGet(43)) - raft.rpc.type = GRPC (default)
2019-09-29 10:45:34,456 [main] INFO  grpc.GrpcFactory (GrpcFactory.java:checkPooledByteBufAllocatorUseCacheForAllThreads(45)) - PERFORMANCE WARNING: useCacheForAllThreads is true that may cause Netty to create a lot garbage objects and, as a result, trigger GC.
	It is recommended to disable useCacheForAllThreads by setting -Dorg.apache.ratis.thirdparty.io.netty.allocator.useCacheForAllThreads=false in command line.
2019-09-29 10:45:34,457 [main] INFO  grpc.GrpcConfigKeys$Server (ConfUtils.java:logGet(43)) - raft.grpc.server.port = 0 (default)
2019-09-29 10:45:34,457 [main] INFO  server.GrpcService (ConfUtils.java:logGet(43)) - raft.grpc.message.size.max = 33570816 (custom)
2019-09-29 10:45:34,457 [main] INFO  server.RaftServerConfigKeys (ConfUtils.java:logGet(43)) - raft.server.log.appender.buffer.byte-limit = 33554432 (custom)
2019-09-29 10:45:34,457 [main] INFO  server.GrpcService (ConfUtils.java:logGet(43)) - raft.grpc.flow.control.window = 1MB (=1048576) (default)
2019-09-29 10:45:34,458 [main] INFO  server.RaftServerConfigKeys (ConfUtils.java:logGet(43)) - raft.server.rpc.request.timeout = 3000ms (default)
2019-09-29 10:45:34,458 [main] INFO  server.RaftServerConfigKeys (ConfUtils.java:logGet(43)) - raft.server.storage.dir = [/workdir/hadoop-ozone/integration-test/target/test-dir/MiniOzoneClusterImpl-f2f1897c-7c9f-4d93-a036-cb01af022a4f/datanode-4/data/ratis] (custom)
2019-09-29 10:45:34,460 [main] INFO  hdfs.DFSUtil (DFSUtil.java:httpServerTemplateForNNAndJN(1641)) - Starting Web-server for hddsDatanode at: http://0.0.0.0:0
2019-09-29 10:45:34,462 [main] INFO  server.AuthenticationFilter (AuthenticationFilter.java:constructSecretProvider(240)) - Unable to initialize FileSignerSecretProvider, falling back to use random secrets.
2019-09-29 10:45:34,463 [main] WARN  http.HttpRequestLog (HttpRequestLog.java:getRequestLog(97)) - Jetty request log can only be enabled using Log4j
2019-09-29 10:45:34,465 [main] INFO  http.HttpServer2 (HttpServer2.java:addGlobalFilter(975)) - Added global filter 'safety' (class=org.apache.hadoop.http.HttpServer2$QuotingInputFilter)
2019-09-29 10:45:34,466 [main] INFO  http.HttpServer2 (HttpServer2.java:addFilter(948)) - Added filter static_user_filter (class=org.apache.hadoop.http.lib.StaticUserWebFilter$StaticUserFilter) to context hddsDatanode
2019-09-29 10:45:34,466 [main] INFO  http.HttpServer2 (HttpServer2.java:addFilter(958)) - Added filter static_user_filter (class=org.apache.hadoop.http.lib.StaticUserWebFilter$StaticUserFilter) to context static
2019-09-29 10:45:34,466 [main] INFO  http.HttpServer2 (HttpServer2.java:addFilter(958)) - Added filter static_user_filter (class=org.apache.hadoop.http.lib.StaticUserWebFilter$StaticUserFilter) to context logs
2019-09-29 10:45:34,467 [main] INFO  http.HttpServer2 (HttpServer2.java:bindListener(1191)) - Jetty bound to port 41284
2019-09-29 10:45:34,467 [main] INFO  server.Server (Server.java:doStart(351)) - jetty-9.3.25.v20180904, build timestamp: 2018-09-04T21:11:46Z, git hash: 3ce520221d0240229c862b122d2b06c12a625732
2019-09-29 10:45:34,469 [main] INFO  handler.ContextHandler (ContextHandler.java:doStart(781)) - Started o.e.j.s.ServletContextHandler@4a89ef44{/logs,file:///workdir/hadoop-ozone/integration-test/target/log,AVAILABLE}
2019-09-29 10:45:34,470 [main] INFO  handler.ContextHandler (ContextHandler.java:doStart(781)) - Started o.e.j.s.ServletContextHandler@1cbc1dde{/static,jar:file:/home/user/.m2/repository/org/apache/hadoop/hadoop-hdds-container-service/0.5.0-SNAPSHOT/hadoop-hdds-container-service-0.5.0-SNAPSHOT.jar!/webapps/static,AVAILABLE}
2019-09-29 10:45:34,496 [main] INFO  handler.ContextHandler (ContextHandler.java:doStart(781)) - Started o.e.j.w.WebAppContext@6c17c0f8{/,file:///workdir/hadoop-ozone/integration-test/target/tmp/kms/webapp/,AVAILABLE}{/hddsDatanode}
2019-09-29 10:45:34,498 [main] INFO  server.AbstractConnector (AbstractConnector.java:doStart(278)) - Started ServerConnector@260e3837{HTTP/1.1,[http/1.1]}{0.0.0.0:41284}
2019-09-29 10:45:34,498 [main] INFO  server.Server (Server.java:doStart(419)) - Started @8233ms
2019-09-29 10:45:34,498 [main] WARN  impl.MetricsSystemImpl (MetricsSystemImpl.java:register(276)) - Sink prometheus already exists!
2019-09-29 10:45:34,499 [main] INFO  server.BaseHttpServer (BaseHttpServer.java:updateConnectorAddress(215)) - HTTP server of HDDSDATANODE is listening at http://0.0.0.0:41284
2019-09-29 10:45:34,499 [main] INFO  impl.MetricsSystemImpl (MetricsSystemImpl.java:init(158)) - HddsDatanode metrics system started (again)
2019-09-29 10:45:34,502 [org.apache.hadoop.util.JvmPauseMonitor$Monitor@6ed9e7ca] INFO  util.JvmPauseMonitor (JvmPauseMonitor.java:run(188)) - Starting JVM pause monitor
2019-09-29 10:45:34,502 [main] INFO  ozone.HddsDatanodeService (HddsDatanodeService.java:start(184)) - HddsDatanodeService host:pr-hdds-1569-p5qg8-3770903209 ip:192.168.164.250
2019-09-29 10:45:34,503 [Datanode State Machine Thread - 0] INFO  datanode.InitDatanodeState (InitDatanodeState.java:persistContainerDatanodeDetails(140)) - DatanodeDetails is persisted to /workdir/hadoop-ozone/integration-test/target/test-dir/MiniOzoneClusterImpl-f2f1897c-7c9f-4d93-a036-cb01af022a4f/datanode-4/meta/datanode.id
2019-09-29 10:45:34,509 [main] INFO  volume.HddsVolume (HddsVolume.java:<init>(176)) - Creating Volume: /workdir/hadoop-ozone/integration-test/target/test-dir/MiniOzoneClusterImpl-f2f1897c-7c9f-4d93-a036-cb01af022a4f/datanode-5/data/containers/hdds of  storage type : DISK and capacity : 1482555576320
2019-09-29 10:45:34,509 [main] INFO  volume.VolumeSet (VolumeSet.java:initializeVolumeSet(170)) - Added Volume : /workdir/hadoop-ozone/integration-test/target/test-dir/MiniOzoneClusterImpl-f2f1897c-7c9f-4d93-a036-cb01af022a4f/datanode-5/data/containers/hdds to VolumeSet
2019-09-29 10:45:34,509 [main] INFO  volume.ThrottledAsyncChecker (ThrottledAsyncChecker.java:schedule(139)) - Scheduling a check for org.apache.hadoop.ozone.container.common.volume.HddsVolume@7df6d663
2019-09-29 10:45:34,510 [main] INFO  volume.HddsVolumeChecker (HddsVolumeChecker.java:checkAllVolumes(202)) - Scheduled health check for volume org.apache.hadoop.ozone.container.common.volume.HddsVolume@7df6d663
2019-09-29 10:45:34,525 [main] INFO  impl.RaftServerProxy (ConfUtils.java:logGet(43)) - raft.rpc.type = GRPC (default)
2019-09-29 10:45:34,525 [main] INFO  grpc.GrpcFactory (GrpcFactory.java:checkPooledByteBufAllocatorUseCacheForAllThreads(45)) - PERFORMANCE WARNING: useCacheForAllThreads is true that may cause Netty to create a lot garbage objects and, as a result, trigger GC.
	It is recommended to disable useCacheForAllThreads by setting -Dorg.apache.ratis.thirdparty.io.netty.allocator.useCacheForAllThreads=false in command line.
2019-09-29 10:45:34,525 [main] INFO  grpc.GrpcConfigKeys$Server (ConfUtils.java:logGet(43)) - raft.grpc.server.port = 0 (default)
2019-09-29 10:45:34,525 [main] INFO  server.GrpcService (ConfUtils.java:logGet(43)) - raft.grpc.message.size.max = 33570816 (custom)
2019-09-29 10:45:34,526 [main] INFO  server.RaftServerConfigKeys (ConfUtils.java:logGet(43)) - raft.server.log.appender.buffer.byte-limit = 33554432 (custom)
2019-09-29 10:45:34,526 [main] INFO  server.GrpcService (ConfUtils.java:logGet(43)) - raft.grpc.flow.control.window = 1MB (=1048576) (default)
2019-09-29 10:45:34,526 [main] INFO  server.RaftServerConfigKeys (ConfUtils.java:logGet(43)) - raft.server.rpc.request.timeout = 3000ms (default)
2019-09-29 10:45:34,527 [main] INFO  server.RaftServerConfigKeys (ConfUtils.java:logGet(43)) - raft.server.storage.dir = [/workdir/hadoop-ozone/integration-test/target/test-dir/MiniOzoneClusterImpl-f2f1897c-7c9f-4d93-a036-cb01af022a4f/datanode-5/data/ratis] (custom)
2019-09-29 10:45:34,528 [main] INFO  hdfs.DFSUtil (DFSUtil.java:httpServerTemplateForNNAndJN(1641)) - Starting Web-server for hddsDatanode at: http://0.0.0.0:0
2019-09-29 10:45:34,530 [main] INFO  server.AuthenticationFilter (AuthenticationFilter.java:constructSecretProvider(240)) - Unable to initialize FileSignerSecretProvider, falling back to use random secrets.
2019-09-29 10:45:34,531 [main] WARN  http.HttpRequestLog (HttpRequestLog.java:getRequestLog(97)) - Jetty request log can only be enabled using Log4j
2019-09-29 10:45:34,533 [main] INFO  http.HttpServer2 (HttpServer2.java:addGlobalFilter(975)) - Added global filter 'safety' (class=org.apache.hadoop.http.HttpServer2$QuotingInputFilter)
2019-09-29 10:45:34,534 [main] INFO  http.HttpServer2 (HttpServer2.java:addFilter(948)) - Added filter static_user_filter (class=org.apache.hadoop.http.lib.StaticUserWebFilter$StaticUserFilter) to context hddsDatanode
2019-09-29 10:45:34,534 [main] INFO  http.HttpServer2 (HttpServer2.java:addFilter(958)) - Added filter static_user_filter (class=org.apache.hadoop.http.lib.StaticUserWebFilter$StaticUserFilter) to context static
2019-09-29 10:45:34,534 [main] INFO  http.HttpServer2 (HttpServer2.java:addFilter(958)) - Added filter static_user_filter (class=org.apache.hadoop.http.lib.StaticUserWebFilter$StaticUserFilter) to context logs
2019-09-29 10:45:34,535 [main] INFO  http.HttpServer2 (HttpServer2.java:bindListener(1191)) - Jetty bound to port 33105
2019-09-29 10:45:34,535 [main] INFO  server.Server (Server.java:doStart(351)) - jetty-9.3.25.v20180904, build timestamp: 2018-09-04T21:11:46Z, git hash: 3ce520221d0240229c862b122d2b06c12a625732
2019-09-29 10:45:34,579 [main] INFO  handler.ContextHandler (ContextHandler.java:doStart(781)) - Started o.e.j.s.ServletContextHandler@49edcb30{/logs,file:///workdir/hadoop-ozone/integration-test/target/log,AVAILABLE}
2019-09-29 10:45:34,580 [main] INFO  handler.ContextHandler (ContextHandler.java:doStart(781)) - Started o.e.j.s.ServletContextHandler@61e86192{/static,jar:file:/home/user/.m2/repository/org/apache/hadoop/hadoop-hdds-container-service/0.5.0-SNAPSHOT/hadoop-hdds-container-service-0.5.0-SNAPSHOT.jar!/webapps/static,AVAILABLE}
2019-09-29 10:45:34,612 [main] INFO  handler.ContextHandler (ContextHandler.java:doStart(781)) - Started o.e.j.w.WebAppContext@230a73f2{/,file:///workdir/hadoop-ozone/integration-test/target/tmp/kms/webapp/,AVAILABLE}{/hddsDatanode}
2019-09-29 10:45:34,613 [main] INFO  server.AbstractConnector (AbstractConnector.java:doStart(278)) - Started ServerConnector@4b97b3d2{HTTP/1.1,[http/1.1]}{0.0.0.0:33105}
2019-09-29 10:45:34,614 [main] INFO  server.Server (Server.java:doStart(419)) - Started @8349ms
2019-09-29 10:45:34,614 [main] WARN  impl.MetricsSystemImpl (MetricsSystemImpl.java:register(276)) - Sink prometheus already exists!
2019-09-29 10:45:34,614 [main] INFO  server.BaseHttpServer (BaseHttpServer.java:updateConnectorAddress(215)) - HTTP server of HDDSDATANODE is listening at http://0.0.0.0:33105
2019-09-29 10:45:34,615 [main] INFO  impl.MetricsSystemImpl (MetricsSystemImpl.java:init(158)) - HddsDatanode metrics system started (again)
2019-09-29 10:45:34,618 [main] INFO  ozone.HddsDatanodeService (HddsDatanodeService.java:start(184)) - HddsDatanodeService host:pr-hdds-1569-p5qg8-3770903209 ip:192.168.164.250
2019-09-29 10:45:34,618 [org.apache.hadoop.util.JvmPauseMonitor$Monitor@627618d5] INFO  util.JvmPauseMonitor (JvmPauseMonitor.java:run(188)) - Starting JVM pause monitor
2019-09-29 10:45:34,620 [Datanode State Machine Thread - 0] INFO  datanode.InitDatanodeState (InitDatanodeState.java:persistContainerDatanodeDetails(140)) - DatanodeDetails is persisted to /workdir/hadoop-ozone/integration-test/target/test-dir/MiniOzoneClusterImpl-f2f1897c-7c9f-4d93-a036-cb01af022a4f/datanode-5/meta/datanode.id
2019-09-29 10:45:34,624 [main] INFO  volume.HddsVolume (HddsVolume.java:<init>(176)) - Creating Volume: /workdir/hadoop-ozone/integration-test/target/test-dir/MiniOzoneClusterImpl-f2f1897c-7c9f-4d93-a036-cb01af022a4f/datanode-6/data/containers/hdds of  storage type : DISK and capacity : 1482555576320
2019-09-29 10:45:34,625 [main] INFO  volume.VolumeSet (VolumeSet.java:initializeVolumeSet(170)) - Added Volume : /workdir/hadoop-ozone/integration-test/target/test-dir/MiniOzoneClusterImpl-f2f1897c-7c9f-4d93-a036-cb01af022a4f/datanode-6/data/containers/hdds to VolumeSet
2019-09-29 10:45:34,625 [main] INFO  volume.ThrottledAsyncChecker (ThrottledAsyncChecker.java:schedule(139)) - Scheduling a check for org.apache.hadoop.ozone.container.common.volume.HddsVolume@7f3fc42f
2019-09-29 10:45:34,625 [main] INFO  volume.HddsVolumeChecker (HddsVolumeChecker.java:checkAllVolumes(202)) - Scheduled health check for volume org.apache.hadoop.ozone.container.common.volume.HddsVolume@7f3fc42f
2019-09-29 10:45:34,641 [main] INFO  impl.RaftServerProxy (ConfUtils.java:logGet(43)) - raft.rpc.type = GRPC (default)
2019-09-29 10:45:34,641 [main] INFO  grpc.GrpcFactory (GrpcFactory.java:checkPooledByteBufAllocatorUseCacheForAllThreads(45)) - PERFORMANCE WARNING: useCacheForAllThreads is true that may cause Netty to create a lot garbage objects and, as a result, trigger GC.
	It is recommended to disable useCacheForAllThreads by setting -Dorg.apache.ratis.thirdparty.io.netty.allocator.useCacheForAllThreads=false in command line.
2019-09-29 10:45:34,641 [main] INFO  grpc.GrpcConfigKeys$Server (ConfUtils.java:logGet(43)) - raft.grpc.server.port = 0 (default)
2019-09-29 10:45:34,642 [main] INFO  server.GrpcService (ConfUtils.java:logGet(43)) - raft.grpc.message.size.max = 33570816 (custom)
2019-09-29 10:45:34,642 [main] INFO  server.RaftServerConfigKeys (ConfUtils.java:logGet(43)) - raft.server.log.appender.buffer.byte-limit = 33554432 (custom)
2019-09-29 10:45:34,642 [main] INFO  server.GrpcService (ConfUtils.java:logGet(43)) - raft.grpc.flow.control.window = 1MB (=1048576) (default)
2019-09-29 10:45:34,642 [main] INFO  server.RaftServerConfigKeys (ConfUtils.java:logGet(43)) - raft.server.rpc.request.timeout = 3000ms (default)
2019-09-29 10:45:34,643 [main] INFO  server.RaftServerConfigKeys (ConfUtils.java:logGet(43)) - raft.server.storage.dir = [/workdir/hadoop-ozone/integration-test/target/test-dir/MiniOzoneClusterImpl-f2f1897c-7c9f-4d93-a036-cb01af022a4f/datanode-6/data/ratis] (custom)
2019-09-29 10:45:34,644 [main] INFO  hdfs.DFSUtil (DFSUtil.java:httpServerTemplateForNNAndJN(1641)) - Starting Web-server for hddsDatanode at: http://0.0.0.0:0
2019-09-29 10:45:34,645 [main] INFO  server.AuthenticationFilter (AuthenticationFilter.java:constructSecretProvider(240)) - Unable to initialize FileSignerSecretProvider, falling back to use random secrets.
2019-09-29 10:45:34,645 [main] WARN  http.HttpRequestLog (HttpRequestLog.java:getRequestLog(97)) - Jetty request log can only be enabled using Log4j
2019-09-29 10:45:34,647 [main] INFO  http.HttpServer2 (HttpServer2.java:addGlobalFilter(975)) - Added global filter 'safety' (class=org.apache.hadoop.http.HttpServer2$QuotingInputFilter)
2019-09-29 10:45:34,647 [main] INFO  http.HttpServer2 (HttpServer2.java:addFilter(948)) - Added filter static_user_filter (class=org.apache.hadoop.http.lib.StaticUserWebFilter$StaticUserFilter) to context hddsDatanode
2019-09-29 10:45:34,647 [main] INFO  http.HttpServer2 (HttpServer2.java:addFilter(958)) - Added filter static_user_filter (class=org.apache.hadoop.http.lib.StaticUserWebFilter$StaticUserFilter) to context logs
2019-09-29 10:45:34,648 [main] INFO  http.HttpServer2 (HttpServer2.java:addFilter(958)) - Added filter static_user_filter (class=org.apache.hadoop.http.lib.StaticUserWebFilter$StaticUserFilter) to context static
2019-09-29 10:45:34,648 [main] INFO  http.HttpServer2 (HttpServer2.java:bindListener(1191)) - Jetty bound to port 37724
2019-09-29 10:45:34,648 [main] INFO  server.Server (Server.java:doStart(351)) - jetty-9.3.25.v20180904, build timestamp: 2018-09-04T21:11:46Z, git hash: 3ce520221d0240229c862b122d2b06c12a625732
2019-09-29 10:45:34,650 [main] INFO  handler.ContextHandler (ContextHandler.java:doStart(781)) - Started o.e.j.s.ServletContextHandler@113ee1ce{/logs,file:///workdir/hadoop-ozone/integration-test/target/log,AVAILABLE}
2019-09-29 10:45:34,650 [main] INFO  handler.ContextHandler (ContextHandler.java:doStart(781)) - Started o.e.j.s.ServletContextHandler@43da0955{/static,jar:file:/home/user/.m2/repository/org/apache/hadoop/hadoop-hdds-container-service/0.5.0-SNAPSHOT/hadoop-hdds-container-service-0.5.0-SNAPSHOT.jar!/webapps/static,AVAILABLE}
2019-09-29 10:45:34,677 [main] INFO  handler.ContextHandler (ContextHandler.java:doStart(781)) - Started o.e.j.w.WebAppContext@7243145f{/,file:///workdir/hadoop-ozone/integration-test/target/tmp/kms/webapp/,AVAILABLE}{/hddsDatanode}
2019-09-29 10:45:34,678 [main] INFO  server.AbstractConnector (AbstractConnector.java:doStart(278)) - Started ServerConnector@15c6027d{HTTP/1.1,[http/1.1]}{0.0.0.0:37724}
2019-09-29 10:45:34,679 [main] INFO  server.Server (Server.java:doStart(419)) - Started @8414ms
2019-09-29 10:45:34,679 [main] WARN  impl.MetricsSystemImpl (MetricsSystemImpl.java:register(276)) - Sink prometheus already exists!
2019-09-29 10:45:34,680 [main] INFO  server.BaseHttpServer (BaseHttpServer.java:updateConnectorAddress(215)) - HTTP server of HDDSDATANODE is listening at http://0.0.0.0:37724
2019-09-29 10:45:34,680 [main] INFO  impl.MetricsSystemImpl (MetricsSystemImpl.java:init(158)) - HddsDatanode metrics system started (again)
2019-09-29 10:45:34,683 [org.apache.hadoop.util.JvmPauseMonitor$Monitor@30697ed1] INFO  util.JvmPauseMonitor (JvmPauseMonitor.java:run(188)) - Starting JVM pause monitor
2019-09-29 10:45:34,684 [main] INFO  ozone.HddsDatanodeService (HddsDatanodeService.java:start(184)) - HddsDatanodeService host:pr-hdds-1569-p5qg8-3770903209 ip:192.168.164.250
2019-09-29 10:45:34,685 [Datanode State Machine Thread - 0] INFO  datanode.InitDatanodeState (InitDatanodeState.java:persistContainerDatanodeDetails(140)) - DatanodeDetails is persisted to /workdir/hadoop-ozone/integration-test/target/test-dir/MiniOzoneClusterImpl-f2f1897c-7c9f-4d93-a036-cb01af022a4f/datanode-6/meta/datanode.id
2019-09-29 10:45:34,693 [main] INFO  volume.HddsVolume (HddsVolume.java:<init>(176)) - Creating Volume: /workdir/hadoop-ozone/integration-test/target/test-dir/MiniOzoneClusterImpl-f2f1897c-7c9f-4d93-a036-cb01af022a4f/datanode-7/data/containers/hdds of  storage type : DISK and capacity : 1482555576320
2019-09-29 10:45:34,693 [main] INFO  volume.VolumeSet (VolumeSet.java:initializeVolumeSet(170)) - Added Volume : /workdir/hadoop-ozone/integration-test/target/test-dir/MiniOzoneClusterImpl-f2f1897c-7c9f-4d93-a036-cb01af022a4f/datanode-7/data/containers/hdds to VolumeSet
2019-09-29 10:45:34,693 [main] INFO  volume.ThrottledAsyncChecker (ThrottledAsyncChecker.java:schedule(139)) - Scheduling a check for org.apache.hadoop.ozone.container.common.volume.HddsVolume@eed890d
2019-09-29 10:45:34,693 [main] INFO  volume.HddsVolumeChecker (HddsVolumeChecker.java:checkAllVolumes(202)) - Scheduled health check for volume org.apache.hadoop.ozone.container.common.volume.HddsVolume@eed890d
2019-09-29 10:45:34,708 [main] INFO  impl.RaftServerProxy (ConfUtils.java:logGet(43)) - raft.rpc.type = GRPC (default)
2019-09-29 10:45:34,708 [main] INFO  grpc.GrpcFactory (GrpcFactory.java:checkPooledByteBufAllocatorUseCacheForAllThreads(45)) - PERFORMANCE WARNING: useCacheForAllThreads is true that may cause Netty to create a lot garbage objects and, as a result, trigger GC.
	It is recommended to disable useCacheForAllThreads by setting -Dorg.apache.ratis.thirdparty.io.netty.allocator.useCacheForAllThreads=false in command line.
2019-09-29 10:45:34,708 [main] INFO  grpc.GrpcConfigKeys$Server (ConfUtils.java:logGet(43)) - raft.grpc.server.port = 0 (default)
2019-09-29 10:45:34,709 [main] INFO  server.GrpcService (ConfUtils.java:logGet(43)) - raft.grpc.message.size.max = 33570816 (custom)
2019-09-29 10:45:34,709 [main] INFO  server.RaftServerConfigKeys (ConfUtils.java:logGet(43)) - raft.server.log.appender.buffer.byte-limit = 33554432 (custom)
2019-09-29 10:45:34,709 [main] INFO  server.GrpcService (ConfUtils.java:logGet(43)) - raft.grpc.flow.control.window = 1MB (=1048576) (default)
2019-09-29 10:45:34,709 [main] INFO  server.RaftServerConfigKeys (ConfUtils.java:logGet(43)) - raft.server.rpc.request.timeout = 3000ms (default)
2019-09-29 10:45:34,710 [main] INFO  server.RaftServerConfigKeys (ConfUtils.java:logGet(43)) - raft.server.storage.dir = [/workdir/hadoop-ozone/integration-test/target/test-dir/MiniOzoneClusterImpl-f2f1897c-7c9f-4d93-a036-cb01af022a4f/datanode-7/data/ratis] (custom)
2019-09-29 10:45:34,711 [main] INFO  hdfs.DFSUtil (DFSUtil.java:httpServerTemplateForNNAndJN(1641)) - Starting Web-server for hddsDatanode at: http://0.0.0.0:0
2019-09-29 10:45:34,712 [main] INFO  server.AuthenticationFilter (AuthenticationFilter.java:constructSecretProvider(240)) - Unable to initialize FileSignerSecretProvider, falling back to use random secrets.
2019-09-29 10:45:34,713 [main] WARN  http.HttpRequestLog (HttpRequestLog.java:getRequestLog(97)) - Jetty request log can only be enabled using Log4j
2019-09-29 10:45:34,714 [main] INFO  http.HttpServer2 (HttpServer2.java:addGlobalFilter(975)) - Added global filter 'safety' (class=org.apache.hadoop.http.HttpServer2$QuotingInputFilter)
2019-09-29 10:45:34,714 [main] INFO  http.HttpServer2 (HttpServer2.java:addFilter(948)) - Added filter static_user_filter (class=org.apache.hadoop.http.lib.StaticUserWebFilter$StaticUserFilter) to context hddsDatanode
2019-09-29 10:45:34,714 [main] INFO  http.HttpServer2 (HttpServer2.java:addFilter(958)) - Added filter static_user_filter (class=org.apache.hadoop.http.lib.StaticUserWebFilter$StaticUserFilter) to context logs
2019-09-29 10:45:34,715 [main] INFO  http.HttpServer2 (HttpServer2.java:addFilter(958)) - Added filter static_user_filter (class=org.apache.hadoop.http.lib.StaticUserWebFilter$StaticUserFilter) to context static
2019-09-29 10:45:34,715 [main] INFO  http.HttpServer2 (HttpServer2.java:bindListener(1191)) - Jetty bound to port 45195
2019-09-29 10:45:34,715 [main] INFO  server.Server (Server.java:doStart(351)) - jetty-9.3.25.v20180904, build timestamp: 2018-09-04T21:11:46Z, git hash: 3ce520221d0240229c862b122d2b06c12a625732
2019-09-29 10:45:34,717 [main] INFO  handler.ContextHandler (ContextHandler.java:doStart(781)) - Started o.e.j.s.ServletContextHandler@27b337bb{/logs,file:///workdir/hadoop-ozone/integration-test/target/log,AVAILABLE}
2019-09-29 10:45:34,717 [main] INFO  handler.ContextHandler (ContextHandler.java:doStart(781)) - Started o.e.j.s.ServletContextHandler@5c18d6d4{/static,jar:file:/home/user/.m2/repository/org/apache/hadoop/hadoop-hdds-container-service/0.5.0-SNAPSHOT/hadoop-hdds-container-service-0.5.0-SNAPSHOT.jar!/webapps/static,AVAILABLE}
2019-09-29 10:45:34,743 [main] INFO  handler.ContextHandler (ContextHandler.java:doStart(781)) - Started o.e.j.w.WebAppContext@49fdbe2b{/,file:///workdir/hadoop-ozone/integration-test/target/tmp/kms/webapp/,AVAILABLE}{/hddsDatanode}
2019-09-29 10:45:34,744 [main] INFO  server.AbstractConnector (AbstractConnector.java:doStart(278)) - Started ServerConnector@53eba4b8{HTTP/1.1,[http/1.1]}{0.0.0.0:45195}
2019-09-29 10:45:34,745 [main] INFO  server.Server (Server.java:doStart(419)) - Started @8480ms
2019-09-29 10:45:34,745 [main] WARN  impl.MetricsSystemImpl (MetricsSystemImpl.java:register(276)) - Sink prometheus already exists!
2019-09-29 10:45:34,745 [main] INFO  server.BaseHttpServer (BaseHttpServer.java:updateConnectorAddress(215)) - HTTP server of HDDSDATANODE is listening at http://0.0.0.0:45195
2019-09-29 10:45:34,746 [main] INFO  impl.MetricsSystemImpl (MetricsSystemImpl.java:init(158)) - HddsDatanode metrics system started (again)
2019-09-29 10:45:34,749 [org.apache.hadoop.util.JvmPauseMonitor$Monitor@2057f02] INFO  util.JvmPauseMonitor (JvmPauseMonitor.java:run(188)) - Starting JVM pause monitor
2019-09-29 10:45:34,750 [main] INFO  ozone.HddsDatanodeService (HddsDatanodeService.java:start(184)) - HddsDatanodeService host:pr-hdds-1569-p5qg8-3770903209 ip:192.168.164.250
2019-09-29 10:45:34,750 [Datanode State Machine Thread - 0] INFO  datanode.InitDatanodeState (InitDatanodeState.java:persistContainerDatanodeDetails(140)) - DatanodeDetails is persisted to /workdir/hadoop-ozone/integration-test/target/test-dir/MiniOzoneClusterImpl-f2f1897c-7c9f-4d93-a036-cb01af022a4f/datanode-7/meta/datanode.id
2019-09-29 10:45:34,756 [main] INFO  volume.HddsVolume (HddsVolume.java:<init>(176)) - Creating Volume: /workdir/hadoop-ozone/integration-test/target/test-dir/MiniOzoneClusterImpl-f2f1897c-7c9f-4d93-a036-cb01af022a4f/datanode-8/data/containers/hdds of  storage type : DISK and capacity : 1482555576320
2019-09-29 10:45:34,757 [main] INFO  volume.VolumeSet (VolumeSet.java:initializeVolumeSet(170)) - Added Volume : /workdir/hadoop-ozone/integration-test/target/test-dir/MiniOzoneClusterImpl-f2f1897c-7c9f-4d93-a036-cb01af022a4f/datanode-8/data/containers/hdds to VolumeSet
2019-09-29 10:45:34,757 [main] INFO  volume.ThrottledAsyncChecker (ThrottledAsyncChecker.java:schedule(139)) - Scheduling a check for org.apache.hadoop.ozone.container.common.volume.HddsVolume@2415e4c7
2019-09-29 10:45:34,757 [main] INFO  volume.HddsVolumeChecker (HddsVolumeChecker.java:checkAllVolumes(202)) - Scheduled health check for volume org.apache.hadoop.ozone.container.common.volume.HddsVolume@2415e4c7
2019-09-29 10:45:34,771 [main] INFO  impl.RaftServerProxy (ConfUtils.java:logGet(43)) - raft.rpc.type = GRPC (default)
2019-09-29 10:45:34,771 [main] INFO  grpc.GrpcFactory (GrpcFactory.java:checkPooledByteBufAllocatorUseCacheForAllThreads(45)) - PERFORMANCE WARNING: useCacheForAllThreads is true that may cause Netty to create a lot garbage objects and, as a result, trigger GC.
	It is recommended to disable useCacheForAllThreads by setting -Dorg.apache.ratis.thirdparty.io.netty.allocator.useCacheForAllThreads=false in command line.
2019-09-29 10:45:34,771 [main] INFO  grpc.GrpcConfigKeys$Server (ConfUtils.java:logGet(43)) - raft.grpc.server.port = 0 (default)
2019-09-29 10:45:34,772 [main] INFO  server.GrpcService (ConfUtils.java:logGet(43)) - raft.grpc.message.size.max = 33570816 (custom)
2019-09-29 10:45:34,772 [main] INFO  server.RaftServerConfigKeys (ConfUtils.java:logGet(43)) - raft.server.log.appender.buffer.byte-limit = 33554432 (custom)
2019-09-29 10:45:34,772 [main] INFO  server.GrpcService (ConfUtils.java:logGet(43)) - raft.grpc.flow.control.window = 1MB (=1048576) (default)
2019-09-29 10:45:34,773 [main] INFO  server.RaftServerConfigKeys (ConfUtils.java:logGet(43)) - raft.server.rpc.request.timeout = 3000ms (default)
2019-09-29 10:45:34,773 [main] INFO  server.RaftServerConfigKeys (ConfUtils.java:logGet(43)) - raft.server.storage.dir = [/workdir/hadoop-ozone/integration-test/target/test-dir/MiniOzoneClusterImpl-f2f1897c-7c9f-4d93-a036-cb01af022a4f/datanode-8/data/ratis] (custom)
2019-09-29 10:45:34,775 [main] INFO  hdfs.DFSUtil (DFSUtil.java:httpServerTemplateForNNAndJN(1641)) - Starting Web-server for hddsDatanode at: http://0.0.0.0:0
2019-09-29 10:45:34,776 [main] INFO  server.AuthenticationFilter (AuthenticationFilter.java:constructSecretProvider(240)) - Unable to initialize FileSignerSecretProvider, falling back to use random secrets.
2019-09-29 10:45:34,776 [main] WARN  http.HttpRequestLog (HttpRequestLog.java:getRequestLog(97)) - Jetty request log can only be enabled using Log4j
2019-09-29 10:45:34,778 [main] INFO  http.HttpServer2 (HttpServer2.java:addGlobalFilter(975)) - Added global filter 'safety' (class=org.apache.hadoop.http.HttpServer2$QuotingInputFilter)
2019-09-29 10:45:34,779 [main] INFO  http.HttpServer2 (HttpServer2.java:addFilter(948)) - Added filter static_user_filter (class=org.apache.hadoop.http.lib.StaticUserWebFilter$StaticUserFilter) to context hddsDatanode
2019-09-29 10:45:34,779 [main] INFO  http.HttpServer2 (HttpServer2.java:addFilter(958)) - Added filter static_user_filter (class=org.apache.hadoop.http.lib.StaticUserWebFilter$StaticUserFilter) to context static
2019-09-29 10:45:34,779 [main] INFO  http.HttpServer2 (HttpServer2.java:addFilter(958)) - Added filter static_user_filter (class=org.apache.hadoop.http.lib.StaticUserWebFilter$StaticUserFilter) to context logs
2019-09-29 10:45:34,780 [main] INFO  http.HttpServer2 (HttpServer2.java:bindListener(1191)) - Jetty bound to port 39375
2019-09-29 10:45:34,780 [main] INFO  server.Server (Server.java:doStart(351)) - jetty-9.3.25.v20180904, build timestamp: 2018-09-04T21:11:46Z, git hash: 3ce520221d0240229c862b122d2b06c12a625732
2019-09-29 10:45:34,782 [main] INFO  handler.ContextHandler (ContextHandler.java:doStart(781)) - Started o.e.j.s.ServletContextHandler@1a21f43f{/logs,file:///workdir/hadoop-ozone/integration-test/target/log,AVAILABLE}
2019-09-29 10:45:34,782 [main] INFO  handler.ContextHandler (ContextHandler.java:doStart(781)) - Started o.e.j.s.ServletContextHandler@241fbec{/static,jar:file:/home/user/.m2/repository/org/apache/hadoop/hadoop-hdds-container-service/0.5.0-SNAPSHOT/hadoop-hdds-container-service-0.5.0-SNAPSHOT.jar!/webapps/static,AVAILABLE}
2019-09-29 10:45:34,809 [main] INFO  handler.ContextHandler (ContextHandler.java:doStart(781)) - Started o.e.j.w.WebAppContext@c2cf597{/,file:///workdir/hadoop-ozone/integration-test/target/tmp/kms/webapp/,AVAILABLE}{/hddsDatanode}
2019-09-29 10:45:34,810 [main] INFO  server.AbstractConnector (AbstractConnector.java:doStart(278)) - Started ServerConnector@724bf25f{HTTP/1.1,[http/1.1]}{0.0.0.0:39375}
2019-09-29 10:45:34,811 [main] INFO  server.Server (Server.java:doStart(419)) - Started @8546ms
2019-09-29 10:45:34,811 [main] WARN  impl.MetricsSystemImpl (MetricsSystemImpl.java:register(276)) - Sink prometheus already exists!
2019-09-29 10:45:34,811 [main] INFO  server.BaseHttpServer (BaseHttpServer.java:updateConnectorAddress(215)) - HTTP server of HDDSDATANODE is listening at http://0.0.0.0:39375
2019-09-29 10:45:34,812 [main] INFO  impl.MetricsSystemImpl (MetricsSystemImpl.java:init(158)) - HddsDatanode metrics system started (again)
2019-09-29 10:45:34,815 [org.apache.hadoop.util.JvmPauseMonitor$Monitor@64532fe4] INFO  util.JvmPauseMonitor (JvmPauseMonitor.java:run(188)) - Starting JVM pause monitor
2019-09-29 10:45:34,816 [main] INFO  ozone.HddsDatanodeService (HddsDatanodeService.java:start(184)) - HddsDatanodeService host:pr-hdds-1569-p5qg8-3770903209 ip:192.168.164.250
2019-09-29 10:45:34,817 [Datanode State Machine Thread - 0] INFO  datanode.InitDatanodeState (InitDatanodeState.java:persistContainerDatanodeDetails(140)) - DatanodeDetails is persisted to /workdir/hadoop-ozone/integration-test/target/test-dir/MiniOzoneClusterImpl-f2f1897c-7c9f-4d93-a036-cb01af022a4f/datanode-8/meta/datanode.id
2019-09-29 10:45:34,821 [main] INFO  volume.HddsVolume (HddsVolume.java:<init>(176)) - Creating Volume: /workdir/hadoop-ozone/integration-test/target/test-dir/MiniOzoneClusterImpl-f2f1897c-7c9f-4d93-a036-cb01af022a4f/datanode-9/data/containers/hdds of  storage type : DISK and capacity : 1482555576320
2019-09-29 10:45:34,822 [main] INFO  volume.VolumeSet (VolumeSet.java:initializeVolumeSet(170)) - Added Volume : /workdir/hadoop-ozone/integration-test/target/test-dir/MiniOzoneClusterImpl-f2f1897c-7c9f-4d93-a036-cb01af022a4f/datanode-9/data/containers/hdds to VolumeSet
2019-09-29 10:45:34,822 [main] INFO  volume.ThrottledAsyncChecker (ThrottledAsyncChecker.java:schedule(139)) - Scheduling a check for org.apache.hadoop.ozone.container.common.volume.HddsVolume@26582ca
2019-09-29 10:45:34,822 [main] INFO  volume.HddsVolumeChecker (HddsVolumeChecker.java:checkAllVolumes(202)) - Scheduled health check for volume org.apache.hadoop.ozone.container.common.volume.HddsVolume@26582ca
2019-09-29 10:45:34,835 [main] INFO  impl.RaftServerProxy (ConfUtils.java:logGet(43)) - raft.rpc.type = GRPC (default)
2019-09-29 10:45:34,836 [main] INFO  grpc.GrpcFactory (GrpcFactory.java:checkPooledByteBufAllocatorUseCacheForAllThreads(45)) - PERFORMANCE WARNING: useCacheForAllThreads is true that may cause Netty to create a lot garbage objects and, as a result, trigger GC.
	It is recommended to disable useCacheForAllThreads by setting -Dorg.apache.ratis.thirdparty.io.netty.allocator.useCacheForAllThreads=false in command line.
2019-09-29 10:45:34,836 [main] INFO  grpc.GrpcConfigKeys$Server (ConfUtils.java:logGet(43)) - raft.grpc.server.port = 0 (default)
2019-09-29 10:45:34,836 [main] INFO  server.GrpcService (ConfUtils.java:logGet(43)) - raft.grpc.message.size.max = 33570816 (custom)
2019-09-29 10:45:34,836 [main] INFO  server.RaftServerConfigKeys (ConfUtils.java:logGet(43)) - raft.server.log.appender.buffer.byte-limit = 33554432 (custom)
2019-09-29 10:45:34,836 [main] INFO  server.GrpcService (ConfUtils.java:logGet(43)) - raft.grpc.flow.control.window = 1MB (=1048576) (default)
2019-09-29 10:45:34,836 [main] INFO  server.RaftServerConfigKeys (ConfUtils.java:logGet(43)) - raft.server.rpc.request.timeout = 3000ms (default)
2019-09-29 10:45:34,837 [main] INFO  server.RaftServerConfigKeys (ConfUtils.java:logGet(43)) - raft.server.storage.dir = [/workdir/hadoop-ozone/integration-test/target/test-dir/MiniOzoneClusterImpl-f2f1897c-7c9f-4d93-a036-cb01af022a4f/datanode-9/data/ratis] (custom)
2019-09-29 10:45:34,838 [main] INFO  hdfs.DFSUtil (DFSUtil.java:httpServerTemplateForNNAndJN(1641)) - Starting Web-server for hddsDatanode at: http://0.0.0.0:0
2019-09-29 10:45:34,839 [main] INFO  server.AuthenticationFilter (AuthenticationFilter.java:constructSecretProvider(240)) - Unable to initialize FileSignerSecretProvider, falling back to use random secrets.
2019-09-29 10:45:34,840 [main] WARN  http.HttpRequestLog (HttpRequestLog.java:getRequestLog(97)) - Jetty request log can only be enabled using Log4j
2019-09-29 10:45:34,841 [main] INFO  http.HttpServer2 (HttpServer2.java:addGlobalFilter(975)) - Added global filter 'safety' (class=org.apache.hadoop.http.HttpServer2$QuotingInputFilter)
2019-09-29 10:45:34,842 [main] INFO  http.HttpServer2 (HttpServer2.java:addFilter(948)) - Added filter static_user_filter (class=org.apache.hadoop.http.lib.StaticUserWebFilter$StaticUserFilter) to context hddsDatanode
2019-09-29 10:45:34,843 [main] INFO  http.HttpServer2 (HttpServer2.java:addFilter(958)) - Added filter static_user_filter (class=org.apache.hadoop.http.lib.StaticUserWebFilter$StaticUserFilter) to context static
2019-09-29 10:45:34,843 [main] INFO  http.HttpServer2 (HttpServer2.java:addFilter(958)) - Added filter static_user_filter (class=org.apache.hadoop.http.lib.StaticUserWebFilter$StaticUserFilter) to context logs
2019-09-29 10:45:34,843 [main] INFO  http.HttpServer2 (HttpServer2.java:bindListener(1191)) - Jetty bound to port 35944
2019-09-29 10:45:34,843 [main] INFO  server.Server (Server.java:doStart(351)) - jetty-9.3.25.v20180904, build timestamp: 2018-09-04T21:11:46Z, git hash: 3ce520221d0240229c862b122d2b06c12a625732
2019-09-29 10:45:34,845 [main] INFO  handler.ContextHandler (ContextHandler.java:doStart(781)) - Started o.e.j.s.ServletContextHandler@9cfc77{/logs,file:///workdir/hadoop-ozone/integration-test/target/log,AVAILABLE}
2019-09-29 10:45:34,845 [main] INFO  handler.ContextHandler (ContextHandler.java:doStart(781)) - Started o.e.j.s.ServletContextHandler@601eb4af{/static,jar:file:/home/user/.m2/repository/org/apache/hadoop/hadoop-hdds-container-service/0.5.0-SNAPSHOT/hadoop-hdds-container-service-0.5.0-SNAPSHOT.jar!/webapps/static,AVAILABLE}
2019-09-29 10:45:34,871 [main] INFO  handler.ContextHandler (ContextHandler.java:doStart(781)) - Started o.e.j.w.WebAppContext@2744dcae{/,file:///workdir/hadoop-ozone/integration-test/target/tmp/kms/webapp/,AVAILABLE}{/hddsDatanode}
2019-09-29 10:45:34,872 [main] INFO  server.AbstractConnector (AbstractConnector.java:doStart(278)) - Started ServerConnector@16d0e521{HTTP/1.1,[http/1.1]}{0.0.0.0:35944}
2019-09-29 10:45:34,872 [main] INFO  server.Server (Server.java:doStart(419)) - Started @8608ms
2019-09-29 10:45:34,873 [main] WARN  impl.MetricsSystemImpl (MetricsSystemImpl.java:register(276)) - Sink prometheus already exists!
2019-09-29 10:45:34,873 [main] INFO  server.BaseHttpServer (BaseHttpServer.java:updateConnectorAddress(215)) - HTTP server of HDDSDATANODE is listening at http://0.0.0.0:35944
2019-09-29 10:45:34,874 [main] INFO  om.OzoneManager (OzoneManager.java:readKeyPair(887)) - Reading keypair and certificate from file system.
2019-09-29 10:45:34,874 [main] INFO  om.OzoneManager (OzoneManager.java:startSecretManager(853)) - Starting OM block token secret manager
2019-09-29 10:45:34,876 [main] INFO  security.OzoneBlockTokenSecretManager (OzoneSecretManager.java:updateCurrentKey(167)) - Updating the current master key for generating tokens
2019-09-29 10:45:34,877 [org.apache.hadoop.util.JvmPauseMonitor$Monitor@48b32975] INFO  util.JvmPauseMonitor (JvmPauseMonitor.java:run(188)) - Starting JVM pause monitor
2019-09-29 10:45:34,878 [main] INFO  ozone.MiniOzoneClusterImpl (MiniOzoneClusterImpl.java:lambda$waitForClusterToBeReady$0(147)) - Waiting for cluster to be ready. Got 0 of 10 DN Heartbeats.
2019-09-29 10:45:34,879 [Datanode State Machine Thread - 0] INFO  datanode.InitDatanodeState (InitDatanodeState.java:persistContainerDatanodeDetails(140)) - DatanodeDetails is persisted to /workdir/hadoop-ozone/integration-test/target/test-dir/MiniOzoneClusterImpl-f2f1897c-7c9f-4d93-a036-cb01af022a4f/datanode-9/meta/datanode.id
2019-09-29 10:45:35,879 [main] INFO  ozone.MiniOzoneClusterImpl (MiniOzoneClusterImpl.java:lambda$waitForClusterToBeReady$0(147)) - Waiting for cluster to be ready. Got 0 of 10 DN Heartbeats.
2019-09-29 10:45:36,428 [Datanode State Machine Thread - 0] INFO  ozoneimpl.OzoneContainer (OzoneContainer.java:start(217)) - Attempting to start container services.
2019-09-29 10:45:36,428 [Datanode State Machine Thread - 0] INFO  ozoneimpl.OzoneContainer (OzoneContainer.java:start(217)) - Attempting to start container services.
2019-09-29 10:45:36,428 [Datanode State Machine Thread - 0] INFO  ozoneimpl.OzoneContainer (OzoneContainer.java:start(217)) - Attempting to start container services.
2019-09-29 10:45:36,431 [Datanode State Machine Thread - 0] INFO  ozoneimpl.OzoneContainer (OzoneContainer.java:startContainerScrub(179)) - Background container scanner has been disabled.
2019-09-29 10:45:36,431 [Datanode State Machine Thread - 0] INFO  ozoneimpl.OzoneContainer (OzoneContainer.java:startContainerScrub(179)) - Background container scanner has been disabled.
2019-09-29 10:45:36,431 [Datanode State Machine Thread - 0] INFO  ozoneimpl.OzoneContainer (OzoneContainer.java:startContainerScrub(179)) - Background container scanner has been disabled.
2019-09-29 10:45:36,431 [Datanode State Machine Thread - 0] INFO  ratis.XceiverServerRatis (XceiverServerRatis.java:start(411)) - Starting XceiverServerRatis ee6e2480-a858-4088-9e49-9e4fbb679147 at port 0
2019-09-29 10:45:36,431 [Datanode State Machine Thread - 0] INFO  ratis.XceiverServerRatis (XceiverServerRatis.java:start(411)) - Starting XceiverServerRatis 3dbd689a-2750-45ec-99bd-6797480bf36f at port 0
2019-09-29 10:45:36,432 [Datanode State Machine Thread - 0] INFO  ratis.XceiverServerRatis (XceiverServerRatis.java:start(411)) - Starting XceiverServerRatis 7574d721-5bcf-4f23-8a98-e60195e51239 at port 0
2019-09-29 10:45:36,451 [Datanode State Machine Thread - 0] INFO  ozoneimpl.OzoneContainer (OzoneContainer.java:start(217)) - Attempting to start container services.
2019-09-29 10:45:36,456 [Datanode State Machine Thread - 0] INFO  ozoneimpl.OzoneContainer (OzoneContainer.java:startContainerScrub(179)) - Background container scanner has been disabled.
2019-09-29 10:45:36,456 [Datanode State Machine Thread - 0] INFO  ratis.XceiverServerRatis (XceiverServerRatis.java:start(411)) - Starting XceiverServerRatis db756f0c-6aee-46d9-ae72-02f4945ba453 at port 0
2019-09-29 10:45:36,465 [Datanode State Machine Thread - 0] INFO  impl.RaftServerProxy (RaftServerProxy.java:lambda$start$3(299)) - 7574d721-5bcf-4f23-8a98-e60195e51239: start RPC server
2019-09-29 10:45:36,466 [Datanode State Machine Thread - 0] INFO  impl.RaftServerProxy (RaftServerProxy.java:lambda$start$3(299)) - db756f0c-6aee-46d9-ae72-02f4945ba453: start RPC server
2019-09-29 10:45:36,465 [Datanode State Machine Thread - 0] INFO  impl.RaftServerProxy (RaftServerProxy.java:lambda$start$3(299)) - ee6e2480-a858-4088-9e49-9e4fbb679147: start RPC server
2019-09-29 10:45:36,465 [Datanode State Machine Thread - 0] INFO  impl.RaftServerProxy (RaftServerProxy.java:lambda$start$3(299)) - 3dbd689a-2750-45ec-99bd-6797480bf36f: start RPC server
2019-09-29 10:45:36,518 [Datanode State Machine Thread - 0] INFO  ozoneimpl.OzoneContainer (OzoneContainer.java:start(217)) - Attempting to start container services.
2019-09-29 10:45:36,518 [Datanode State Machine Thread - 0] INFO  ozoneimpl.OzoneContainer (OzoneContainer.java:startContainerScrub(179)) - Background container scanner has been disabled.
2019-09-29 10:45:36,518 [Datanode State Machine Thread - 0] INFO  ratis.XceiverServerRatis (XceiverServerRatis.java:start(411)) - Starting XceiverServerRatis 42e28882-afd5-40d9-af35-6e13b3e6644c at port 0
2019-09-29 10:45:36,524 [Datanode State Machine Thread - 0] INFO  impl.RaftServerProxy (RaftServerProxy.java:lambda$start$3(299)) - 42e28882-afd5-40d9-af35-6e13b3e6644c: start RPC server
2019-09-29 10:45:36,599 [Datanode State Machine Thread - 0] INFO  server.GrpcService (GrpcService.java:startImpl(158)) - db756f0c-6aee-46d9-ae72-02f4945ba453: GrpcService started, listening on 0.0.0.0/0.0.0.0:33209
2019-09-29 10:45:36,599 [Datanode State Machine Thread - 0] INFO  server.GrpcService (GrpcService.java:startImpl(158)) - 7574d721-5bcf-4f23-8a98-e60195e51239: GrpcService started, listening on 0.0.0.0/0.0.0.0:44824
2019-09-29 10:45:36,599 [Datanode State Machine Thread - 0] INFO  server.GrpcService (GrpcService.java:startImpl(158)) - 3dbd689a-2750-45ec-99bd-6797480bf36f: GrpcService started, listening on 0.0.0.0/0.0.0.0:46694
2019-09-29 10:45:36,599 [Datanode State Machine Thread - 0] INFO  server.GrpcService (GrpcService.java:startImpl(158)) - ee6e2480-a858-4088-9e49-9e4fbb679147: GrpcService started, listening on 0.0.0.0/0.0.0.0:39192
2019-09-29 10:45:36,599 [Datanode State Machine Thread - 0] INFO  server.GrpcService (GrpcService.java:startImpl(158)) - 42e28882-afd5-40d9-af35-6e13b3e6644c: GrpcService started, listening on 0.0.0.0/0.0.0.0:45196
2019-09-29 10:45:36,600 [Datanode State Machine Thread - 0] INFO  ratis.XceiverServerRatis (XceiverServerRatis.java:start(421)) - XceiverServerRatis ee6e2480-a858-4088-9e49-9e4fbb679147 is started using port 39192
2019-09-29 10:45:36,600 [Datanode State Machine Thread - 0] INFO  ratis.XceiverServerRatis (XceiverServerRatis.java:start(421)) - XceiverServerRatis 3dbd689a-2750-45ec-99bd-6797480bf36f is started using port 46694
2019-09-29 10:45:36,600 [Datanode State Machine Thread - 0] INFO  ratis.XceiverServerRatis (XceiverServerRatis.java:start(421)) - XceiverServerRatis 7574d721-5bcf-4f23-8a98-e60195e51239 is started using port 44824
2019-09-29 10:45:36,600 [Datanode State Machine Thread - 0] INFO  ratis.XceiverServerRatis (XceiverServerRatis.java:start(421)) - XceiverServerRatis db756f0c-6aee-46d9-ae72-02f4945ba453 is started using port 33209
2019-09-29 10:45:36,600 [Datanode State Machine Thread - 0] INFO  ratis.XceiverServerRatis (XceiverServerRatis.java:start(421)) - XceiverServerRatis 42e28882-afd5-40d9-af35-6e13b3e6644c is started using port 45196
2019-09-29 10:45:36,611 [Datanode State Machine Thread - 0] INFO  server.XceiverServerGrpc (XceiverServerGrpc.java:start(149)) - XceiverServerGrpc 42e28882-afd5-40d9-af35-6e13b3e6644c is started using port 45327
2019-09-29 10:45:36,611 [Datanode State Machine Thread - 0] INFO  server.XceiverServerGrpc (XceiverServerGrpc.java:start(149)) - XceiverServerGrpc 7574d721-5bcf-4f23-8a98-e60195e51239 is started using port 46611
2019-09-29 10:45:36,611 [Datanode State Machine Thread - 0] INFO  server.XceiverServerGrpc (XceiverServerGrpc.java:start(149)) - XceiverServerGrpc db756f0c-6aee-46d9-ae72-02f4945ba453 is started using port 46265
2019-09-29 10:45:36,611 [Datanode State Machine Thread - 0] INFO  server.XceiverServerGrpc (XceiverServerGrpc.java:start(149)) - XceiverServerGrpc 3dbd689a-2750-45ec-99bd-6797480bf36f is started using port 46861
2019-09-29 10:45:36,611 [Datanode State Machine Thread - 0] INFO  server.XceiverServerGrpc (XceiverServerGrpc.java:start(149)) - XceiverServerGrpc ee6e2480-a858-4088-9e49-9e4fbb679147 is started using port 40966
2019-09-29 10:45:36,641 [Datanode State Machine Thread - 0] INFO  ozoneimpl.OzoneContainer (OzoneContainer.java:start(217)) - Attempting to start container services.
2019-09-29 10:45:36,642 [Datanode State Machine Thread - 0] INFO  ozoneimpl.OzoneContainer (OzoneContainer.java:startContainerScrub(179)) - Background container scanner has been disabled.
2019-09-29 10:45:36,642 [Datanode State Machine Thread - 0] INFO  ratis.XceiverServerRatis (XceiverServerRatis.java:start(411)) - Starting XceiverServerRatis e6f39937-60ec-46c9-815a-299b64bb7849 at port 0
2019-09-29 10:45:36,647 [Datanode State Machine Thread - 0] INFO  impl.RaftServerProxy (RaftServerProxy.java:lambda$start$3(299)) - e6f39937-60ec-46c9-815a-299b64bb7849: start RPC server
2019-09-29 10:45:36,650 [Datanode State Machine Thread - 0] INFO  server.GrpcService (GrpcService.java:startImpl(158)) - e6f39937-60ec-46c9-815a-299b64bb7849: GrpcService started, listening on 0.0.0.0/0.0.0.0:33528
2019-09-29 10:45:36,650 [Datanode State Machine Thread - 0] INFO  ratis.XceiverServerRatis (XceiverServerRatis.java:start(421)) - XceiverServerRatis e6f39937-60ec-46c9-815a-299b64bb7849 is started using port 33528
2019-09-29 10:45:36,652 [Datanode State Machine Thread - 0] INFO  server.XceiverServerGrpc (XceiverServerGrpc.java:start(149)) - XceiverServerGrpc e6f39937-60ec-46c9-815a-299b64bb7849 is started using port 34227
2019-09-29 10:45:36,689 [Datanode State Machine Thread - 0] INFO  ozoneimpl.OzoneContainer (OzoneContainer.java:start(217)) - Attempting to start container services.
2019-09-29 10:45:36,689 [Datanode State Machine Thread - 0] INFO  ozoneimpl.OzoneContainer (OzoneContainer.java:startContainerScrub(179)) - Background container scanner has been disabled.
2019-09-29 10:45:36,690 [Datanode State Machine Thread - 0] INFO  ratis.XceiverServerRatis (XceiverServerRatis.java:start(411)) - Starting XceiverServerRatis f6b95176-143b-4dc2-a9fd-5757f55b0b36 at port 0
2019-09-29 10:45:36,696 [Datanode State Machine Thread - 0] INFO  impl.RaftServerProxy (RaftServerProxy.java:lambda$start$3(299)) - f6b95176-143b-4dc2-a9fd-5757f55b0b36: start RPC server
2019-09-29 10:45:36,699 [Datanode State Machine Thread - 0] INFO  server.GrpcService (GrpcService.java:startImpl(158)) - f6b95176-143b-4dc2-a9fd-5757f55b0b36: GrpcService started, listening on 0.0.0.0/0.0.0.0:36206
2019-09-29 10:45:36,699 [Datanode State Machine Thread - 0] INFO  ratis.XceiverServerRatis (XceiverServerRatis.java:start(421)) - XceiverServerRatis f6b95176-143b-4dc2-a9fd-5757f55b0b36 is started using port 36206
2019-09-29 10:45:36,702 [Datanode State Machine Thread - 0] INFO  server.XceiverServerGrpc (XceiverServerGrpc.java:start(149)) - XceiverServerGrpc f6b95176-143b-4dc2-a9fd-5757f55b0b36 is started using port 37592
2019-09-29 10:45:36,786 [Datanode State Machine Thread - 0] INFO  ozoneimpl.OzoneContainer (OzoneContainer.java:start(217)) - Attempting to start container services.
2019-09-29 10:45:36,786 [Datanode State Machine Thread - 0] INFO  ozoneimpl.OzoneContainer (OzoneContainer.java:startContainerScrub(179)) - Background container scanner has been disabled.
2019-09-29 10:45:36,786 [Datanode State Machine Thread - 0] INFO  ratis.XceiverServerRatis (XceiverServerRatis.java:start(411)) - Starting XceiverServerRatis 19ac22ad-a7e8-44db-a57e-9403c5c93f71 at port 0
2019-09-29 10:45:36,791 [Datanode State Machine Thread - 0] INFO  impl.RaftServerProxy (RaftServerProxy.java:lambda$start$3(299)) - 19ac22ad-a7e8-44db-a57e-9403c5c93f71: start RPC server
2019-09-29 10:45:36,794 [Datanode State Machine Thread - 0] INFO  server.GrpcService (GrpcService.java:startImpl(158)) - 19ac22ad-a7e8-44db-a57e-9403c5c93f71: GrpcService started, listening on 0.0.0.0/0.0.0.0:42136
2019-09-29 10:45:36,795 [Datanode State Machine Thread - 0] INFO  ratis.XceiverServerRatis (XceiverServerRatis.java:start(421)) - XceiverServerRatis 19ac22ad-a7e8-44db-a57e-9403c5c93f71 is started using port 42136
2019-09-29 10:45:36,798 [Datanode State Machine Thread - 0] INFO  server.XceiverServerGrpc (XceiverServerGrpc.java:start(149)) - XceiverServerGrpc 19ac22ad-a7e8-44db-a57e-9403c5c93f71 is started using port 44526
2019-09-29 10:45:36,832 [Datanode State Machine Thread - 0] INFO  ozoneimpl.OzoneContainer (OzoneContainer.java:start(217)) - Attempting to start container services.
2019-09-29 10:45:36,833 [Datanode State Machine Thread - 0] INFO  ozoneimpl.OzoneContainer (OzoneContainer.java:startContainerScrub(179)) - Background container scanner has been disabled.
2019-09-29 10:45:36,833 [Datanode State Machine Thread - 0] INFO  ratis.XceiverServerRatis (XceiverServerRatis.java:start(411)) - Starting XceiverServerRatis b4c55648-87b6-4e79-b00f-c984487255b4 at port 0
2019-09-29 10:45:36,837 [Datanode State Machine Thread - 0] INFO  impl.RaftServerProxy (RaftServerProxy.java:lambda$start$3(299)) - b4c55648-87b6-4e79-b00f-c984487255b4: start RPC server
2019-09-29 10:45:36,840 [Datanode State Machine Thread - 0] INFO  server.GrpcService (GrpcService.java:startImpl(158)) - b4c55648-87b6-4e79-b00f-c984487255b4: GrpcService started, listening on 0.0.0.0/0.0.0.0:43919
2019-09-29 10:45:36,840 [Datanode State Machine Thread - 0] INFO  ratis.XceiverServerRatis (XceiverServerRatis.java:start(421)) - XceiverServerRatis b4c55648-87b6-4e79-b00f-c984487255b4 is started using port 43919
2019-09-29 10:45:36,843 [Datanode State Machine Thread - 0] INFO  server.XceiverServerGrpc (XceiverServerGrpc.java:start(149)) - XceiverServerGrpc b4c55648-87b6-4e79-b00f-c984487255b4 is started using port 44690
2019-09-29 10:45:36,879 [main] INFO  ozone.MiniOzoneClusterImpl (MiniOzoneClusterImpl.java:lambda$waitForClusterToBeReady$0(147)) - Waiting for cluster to be ready. Got 0 of 10 DN Heartbeats.
2019-09-29 10:45:36,894 [Datanode State Machine Thread - 0] INFO  ozoneimpl.OzoneContainer (OzoneContainer.java:start(217)) - Attempting to start container services.
2019-09-29 10:45:36,894 [Datanode State Machine Thread - 0] INFO  ozoneimpl.OzoneContainer (OzoneContainer.java:startContainerScrub(179)) - Background container scanner has been disabled.
2019-09-29 10:45:36,894 [Datanode State Machine Thread - 0] INFO  ratis.XceiverServerRatis (XceiverServerRatis.java:start(411)) - Starting XceiverServerRatis e4db0e37-bc49-4be6-9bd0-4993ec9e8976 at port 0
2019-09-29 10:45:36,899 [Datanode State Machine Thread - 0] INFO  impl.RaftServerProxy (RaftServerProxy.java:lambda$start$3(299)) - e4db0e37-bc49-4be6-9bd0-4993ec9e8976: start RPC server
2019-09-29 10:45:36,902 [Datanode State Machine Thread - 0] INFO  server.GrpcService (GrpcService.java:startImpl(158)) - e4db0e37-bc49-4be6-9bd0-4993ec9e8976: GrpcService started, listening on 0.0.0.0/0.0.0.0:46823
2019-09-29 10:45:36,902 [Datanode State Machine Thread - 0] INFO  ratis.XceiverServerRatis (XceiverServerRatis.java:start(421)) - XceiverServerRatis e4db0e37-bc49-4be6-9bd0-4993ec9e8976 is started using port 46823
2019-09-29 10:45:36,923 [Datanode State Machine Thread - 0] INFO  server.XceiverServerGrpc (XceiverServerGrpc.java:start(149)) - XceiverServerGrpc e4db0e37-bc49-4be6-9bd0-4993ec9e8976 is started using port 32773
2019-09-29 10:45:37,880 [main] INFO  ozone.MiniOzoneClusterImpl (MiniOzoneClusterImpl.java:lambda$waitForClusterToBeReady$0(147)) - Waiting for cluster to be ready. Got 0 of 10 DN Heartbeats.
2019-09-29 10:45:38,240 [IPC Server handler 3 on 38987] INFO  net.NetworkTopology (NetworkTopologyImpl.java:add(111)) - Added a new node: /default-rack/ee6e2480-a858-4088-9e49-9e4fbb679147
2019-09-29 10:45:38,241 [IPC Server handler 3 on 38987] INFO  node.SCMNodeManager (SCMNodeManager.java:register(266)) - Registered Data node : ee6e2480-a858-4088-9e49-9e4fbb679147{ip: 192.168.164.250, host: pr-hdds-1569-p5qg8-3770903209, networkLocation: /default-rack, certSerialId: null}
2019-09-29 10:45:38,246 [EventQueue-NodeRegistrationContainerReportForDataNodeSafeModeRule] INFO  safemode.SCMSafeModeManager (DataNodeSafeModeRule.java:process(71)) - SCM in safe mode. 1 DataNodes registered, 1 required.
2019-09-29 10:45:38,248 [EventQueue-NodeRegistrationContainerReportForDataNodeSafeModeRule] INFO  safemode.SCMSafeModeManager (SCMSafeModeManager.java:validateSafeModeExitRules(177)) - ScmSafeModeManager, all rules are successfully validated
2019-09-29 10:45:38,248 [EventQueue-NodeRegistrationContainerReportForDataNodeSafeModeRule] INFO  safemode.SCMSafeModeManager (SCMSafeModeManager.java:exitSafeMode(193)) - SCM exiting safe mode.
2019-09-29 10:45:38,289 [IPC Server handler 4 on 38987] INFO  net.NetworkTopology (NetworkTopologyImpl.java:add(111)) - Added a new node: /default-rack/3dbd689a-2750-45ec-99bd-6797480bf36f
2019-09-29 10:45:38,291 [IPC Server handler 4 on 38987] INFO  node.SCMNodeManager (SCMNodeManager.java:register(266)) - Registered Data node : 3dbd689a-2750-45ec-99bd-6797480bf36f{ip: 192.168.164.250, host: pr-hdds-1569-p5qg8-3770903209, networkLocation: /default-rack, certSerialId: null}
2019-09-29 10:45:38,365 [IPC Server handler 5 on 38987] INFO  net.NetworkTopology (NetworkTopologyImpl.java:add(111)) - Added a new node: /default-rack/7574d721-5bcf-4f23-8a98-e60195e51239
2019-09-29 10:45:38,365 [IPC Server handler 5 on 38987] INFO  node.SCMNodeManager (SCMNodeManager.java:register(266)) - Registered Data node : 7574d721-5bcf-4f23-8a98-e60195e51239{ip: 192.168.164.250, host: pr-hdds-1569-p5qg8-3770903209, networkLocation: /default-rack, certSerialId: null}
2019-09-29 10:45:38,436 [IPC Server handler 6 on 38987] INFO  net.NetworkTopology (NetworkTopologyImpl.java:add(111)) - Added a new node: /default-rack/db756f0c-6aee-46d9-ae72-02f4945ba453
2019-09-29 10:45:38,437 [IPC Server handler 6 on 38987] INFO  node.SCMNodeManager (SCMNodeManager.java:register(266)) - Registered Data node : db756f0c-6aee-46d9-ae72-02f4945ba453{ip: 192.168.164.250, host: pr-hdds-1569-p5qg8-3770903209, networkLocation: /default-rack, certSerialId: null}
2019-09-29 10:45:38,506 [IPC Server handler 7 on 38987] INFO  net.NetworkTopology (NetworkTopologyImpl.java:add(111)) - Added a new node: /default-rack/42e28882-afd5-40d9-af35-6e13b3e6644c
2019-09-29 10:45:38,506 [IPC Server handler 7 on 38987] INFO  node.SCMNodeManager (SCMNodeManager.java:register(266)) - Registered Data node : 42e28882-afd5-40d9-af35-6e13b3e6644c{ip: 192.168.164.250, host: pr-hdds-1569-p5qg8-3770903209, networkLocation: /default-rack, certSerialId: null}
2019-09-29 10:45:38,648 [IPC Server handler 8 on 38987] INFO  net.NetworkTopology (NetworkTopologyImpl.java:add(111)) - Added a new node: /default-rack/e6f39937-60ec-46c9-815a-299b64bb7849
2019-09-29 10:45:38,648 [IPC Server handler 8 on 38987] INFO  node.SCMNodeManager (SCMNodeManager.java:register(266)) - Registered Data node : e6f39937-60ec-46c9-815a-299b64bb7849{ip: 192.168.164.250, host: pr-hdds-1569-p5qg8-3770903209, networkLocation: /default-rack, certSerialId: null}
2019-09-29 10:45:38,689 [IPC Server handler 10 on 38987] INFO  net.NetworkTopology (NetworkTopologyImpl.java:add(111)) - Added a new node: /default-rack/f6b95176-143b-4dc2-a9fd-5757f55b0b36
2019-09-29 10:45:38,690 [IPC Server handler 10 on 38987] INFO  node.SCMNodeManager (SCMNodeManager.java:register(266)) - Registered Data node : f6b95176-143b-4dc2-a9fd-5757f55b0b36{ip: 192.168.164.250, host: pr-hdds-1569-p5qg8-3770903209, networkLocation: /default-rack, certSerialId: null}
2019-09-29 10:45:38,752 [IPC Server handler 2 on 38987] INFO  net.NetworkTopology (NetworkTopologyImpl.java:add(111)) - Added a new node: /default-rack/19ac22ad-a7e8-44db-a57e-9403c5c93f71
2019-09-29 10:45:38,752 [IPC Server handler 2 on 38987] INFO  node.SCMNodeManager (SCMNodeManager.java:register(266)) - Registered Data node : 19ac22ad-a7e8-44db-a57e-9403c5c93f71{ip: 192.168.164.250, host: pr-hdds-1569-p5qg8-3770903209, networkLocation: /default-rack, certSerialId: null}
2019-09-29 10:45:38,815 [grpc-default-executor-0] INFO  impl.RaftServerProxy (RaftServerProxy.java:addNew(89)) - ee6e2480-a858-4088-9e49-9e4fbb679147: addNew group-D7FB59DF1930:[ee6e2480-a858-4088-9e49-9e4fbb679147:192.168.164.250:39192] returns group-D7FB59DF1930:java.util.concurrent.CompletableFuture@22fb5bd2[Not completed]
2019-09-29 10:45:38,819 [IPC Server handler 1 on 38987] INFO  net.NetworkTopology (NetworkTopologyImpl.java:add(111)) - Added a new node: /default-rack/b4c55648-87b6-4e79-b00f-c984487255b4
2019-09-29 10:45:38,820 [IPC Server handler 1 on 38987] INFO  node.SCMNodeManager (SCMNodeManager.java:register(266)) - Registered Data node : b4c55648-87b6-4e79-b00f-c984487255b4{ip: 192.168.164.250, host: pr-hdds-1569-p5qg8-3770903209, networkLocation: /default-rack, certSerialId: null}
2019-09-29 10:45:38,835 [pool-32-thread-1] INFO  impl.RaftServerImpl (RaftServerImpl.java:<init>(95)) - ee6e2480-a858-4088-9e49-9e4fbb679147: new RaftServerImpl for group-D7FB59DF1930:[ee6e2480-a858-4088-9e49-9e4fbb679147:192.168.164.250:39192] with ContainerStateMachine:uninitialized
2019-09-29 10:45:38,837 [pool-32-thread-1] INFO  server.RaftServerConfigKeys (ConfUtils.java:logGet(43)) - raft.server.rpc.timeout.min = 5s (custom)
2019-09-29 10:45:38,847 [pool-32-thread-1] INFO  server.RaftServerConfigKeys (ConfUtils.java:logGet(43)) - raft.server.rpc.timeout.max = 5200ms (custom)
2019-09-29 10:45:38,847 [pool-32-thread-1] INFO  server.RaftServerConfigKeys (ConfUtils.java:logGet(43)) - raft.server.rpcslowness.timeout = 120s (custom)
2019-09-29 10:45:38,848 [pool-32-thread-1] INFO  server.RaftServerConfigKeys (ConfUtils.java:logGet(43)) - raft.server.sleep.deviation.threshold = 300 (default)
2019-09-29 10:45:38,849 [pool-32-thread-1] INFO  server.RaftServerConfigKeys (ConfUtils.java:logGet(43)) - raft.server.log.appender.install.snapshot.enabled = false (custom)
2019-09-29 10:45:38,859 [pool-32-thread-1] INFO  impl.RaftServerImpl (ServerState.java:<init>(103)) - ee6e2480-a858-4088-9e49-9e4fbb679147@group-D7FB59DF1930: ConfigurationManager, init=-1: [ee6e2480-a858-4088-9e49-9e4fbb679147:192.168.164.250:39192], old=null, confs=<EMPTY_MAP>
2019-09-29 10:45:38,859 [pool-32-thread-1] INFO  server.RaftServerConfigKeys (ConfUtils.java:logGet(43)) - raft.server.storage.dir = [/workdir/hadoop-ozone/integration-test/target/test-dir/MiniOzoneClusterImpl-f2f1897c-7c9f-4d93-a036-cb01af022a4f/datanode-0/data/ratis] (custom)
2019-09-29 10:45:38,868 [pool-32-thread-1] INFO  storage.RaftStorageDirectory (RaftStorageDirectory.java:analyzeStorage(246)) - The storage directory /workdir/hadoop-ozone/integration-test/target/test-dir/MiniOzoneClusterImpl-f2f1897c-7c9f-4d93-a036-cb01af022a4f/datanode-0/data/ratis/99159a60-8876-477c-9c6a-d7fb59df1930 does not exist. Creating ...
2019-09-29 10:45:38,884 [main] INFO  ozone.MiniOzoneClusterImpl (MiniOzoneClusterImpl.java:lambda$waitForClusterToBeReady$0(147)) - Waiting for cluster to be ready. Got 9 of 10 DN Heartbeats.
2019-09-29 10:45:38,890 [pool-32-thread-1] INFO  storage.RaftStorageDirectory (RaftStorageDirectory.java:tryLock(328)) - Lock on /workdir/hadoop-ozone/integration-test/target/test-dir/MiniOzoneClusterImpl-f2f1897c-7c9f-4d93-a036-cb01af022a4f/datanode-0/data/ratis/99159a60-8876-477c-9c6a-d7fb59df1930/in_use.lock acquired by nodename 23044@pr-hdds-1569-p5qg8-3770903209
2019-09-29 10:45:38,890 [IPC Server handler 3 on 38987] INFO  net.NetworkTopology (NetworkTopologyImpl.java:add(111)) - Added a new node: /default-rack/e4db0e37-bc49-4be6-9bd0-4993ec9e8976
2019-09-29 10:45:38,890 [IPC Server handler 3 on 38987] INFO  node.SCMNodeManager (SCMNodeManager.java:register(266)) - Registered Data node : e4db0e37-bc49-4be6-9bd0-4993ec9e8976{ip: 192.168.164.250, host: pr-hdds-1569-p5qg8-3770903209, networkLocation: /default-rack, certSerialId: null}
2019-09-29 10:45:38,904 [pool-32-thread-1] INFO  storage.RaftStorage (RaftStorage.java:format(72)) - Storage directory /workdir/hadoop-ozone/integration-test/target/test-dir/MiniOzoneClusterImpl-f2f1897c-7c9f-4d93-a036-cb01af022a4f/datanode-0/data/ratis/99159a60-8876-477c-9c6a-d7fb59df1930 has been successfully formatted.
2019-09-29 10:45:38,906 [pool-32-thread-1] INFO  ratis.ContainerStateMachine (ContainerStateMachine.java:loadSnapshot(230)) - group-D7FB59DF1930: The snapshot info is null. Setting the last applied indexto:(t:0, i:~)
2019-09-29 10:45:38,907 [pool-32-thread-1] INFO  server.RaftServerConfigKeys (ConfUtils.java:logGet(43)) - raft.server.notification.no-leader.timeout = 120s (custom)
2019-09-29 10:45:38,909 [pool-32-thread-1] INFO  server.RaftServerConfigKeys (ConfUtils.java:logGet(43)) - raft.server.log.use.memory = false (default)
2019-09-29 10:45:39,219 [pool-32-thread-1] INFO  server.RaftServerConfigKeys (ConfUtils.java:logGet(43)) - raft.server.log.purge.gap = 1000000 (custom)
2019-09-29 10:45:39,219 [pool-32-thread-1] INFO  server.RaftServerConfigKeys (ConfUtils.java:logGet(43)) - raft.server.log.appender.buffer.byte-limit = 33554432 (custom)
2019-09-29 10:45:39,274 [pool-32-thread-1] INFO  server.RaftServerConfigKeys (ConfUtils.java:logGet(43)) - raft.server.log.segment.size.max = 1048576 (custom)
2019-09-29 10:45:39,281 [pool-32-thread-1] INFO  server.RaftServerConfigKeys (ConfUtils.java:logGet(43)) - raft.server.log.segment.cache.num.max = 2 (custom)
2019-09-29 10:45:39,287 [pool-32-thread-1] INFO  segmented.SegmentedRaftLogWorker (SegmentedRaftLogWorker.java:<init>(172)) - new ee6e2480-a858-4088-9e49-9e4fbb679147@group-D7FB59DF1930-SegmentedRaftLogWorker for RaftStorage:Storage Directory /workdir/hadoop-ozone/integration-test/target/test-dir/MiniOzoneClusterImpl-f2f1897c-7c9f-4d93-a036-cb01af022a4f/datanode-0/data/ratis/99159a60-8876-477c-9c6a-d7fb59df1930
2019-09-29 10:45:39,288 [pool-32-thread-1] INFO  impl.MetricsSystemImpl (MetricsSystemImpl.java:init(158)) - ratis metrics system started (again)
2019-09-29 10:45:39,293 [pool-32-thread-1] INFO  metrics.MetricRegistries (MetricRegistriesLoader.java:load(64)) - Loaded MetricRegistries class org.apache.ratis.metrics.impl.MetricRegistriesImpl
2019-09-29 10:45:39,326 [pool-32-thread-1] INFO  server.RaftServerConfigKeys (ConfUtils.java:logGet(43)) - raft.server.log.queue.byte-limit = 2147483647 (custom)
2019-09-29 10:45:39,326 [pool-32-thread-1] INFO  server.RaftServerConfigKeys (ConfUtils.java:logGet(43)) - raft.server.log.queue.element-limit = 1024 (custom)
2019-09-29 10:45:39,330 [pool-32-thread-1] INFO  server.RaftServerConfigKeys (ConfUtils.java:logGet(43)) - raft.server.log.segment.size.max = 1048576 (custom)
2019-09-29 10:45:39,330 [pool-32-thread-1] INFO  server.RaftServerConfigKeys (ConfUtils.java:logGet(43)) - raft.server.log.preallocated.size = 16384 (custom)
2019-09-29 10:45:39,331 [pool-32-thread-1] INFO  server.RaftServerConfigKeys (ConfUtils.java:logGet(43)) - raft.server.log.write.buffer.size = 33554432 (custom)
2019-09-29 10:45:39,331 [pool-32-thread-1] INFO  server.RaftServerConfigKeys (ConfUtils.java:logGet(43)) - raft.server.log.force.sync.num = 128 (default)
2019-09-29 10:45:39,332 [pool-32-thread-1] INFO  server.RaftServerConfigKeys (ConfUtils.java:logGet(43)) - raft.server.log.statemachine.data.sync = true (default)
2019-09-29 10:45:39,332 [pool-32-thread-1] INFO  server.RaftServerConfigKeys (ConfUtils.java:logGet(43)) - raft.server.log.statemachine.data.sync.timeout = 10s (default)
2019-09-29 10:45:39,333 [pool-32-thread-1] INFO  server.RaftServerConfigKeys (ConfUtils.java:logGet(43)) - raft.server.log.statemachine.data.sync.timeout.retry = -1 (default)
2019-09-29 10:45:39,338 [pool-32-thread-1] INFO  server.RaftServerConfigKeys (ConfUtils.java:logGet(43)) - raft.server.log.statemachine.data.caching.enabled = true (custom)
2019-09-29 10:45:39,342 [pool-32-thread-1] INFO  segmented.SegmentedRaftLogWorker (SegmentedRaftLogWorker.java:lambda$new$0(132)) - ee6e2480-a858-4088-9e49-9e4fbb679147@group-D7FB59DF1930-SegmentedRaftLogWorker: flushIndex: setUnconditionally 0 -> -1
2019-09-29 10:45:39,348 [pool-32-thread-1] INFO  server.RaftServerConfigKeys (ConfUtils.java:logGet(43)) - raft.server.snapshot.auto.trigger.enabled = true (custom)
2019-09-29 10:45:39,349 [pool-32-thread-1] INFO  server.RaftServerConfigKeys (ConfUtils.java:logGet(43)) - raft.server.snapshot.auto.trigger.threshold = 10000 (custom)
2019-09-29 10:45:39,350 [pool-32-thread-1] INFO  server.RaftServerConfigKeys (ConfUtils.java:logGet(43)) - raft.server.snapshot.retention.num.files = 5 (custom)
2019-09-29 10:45:39,350 [pool-32-thread-1] INFO  server.RaftServerConfigKeys (ConfUtils.java:logGet(43)) - raft.server.retrycache.expirytime = 600000ms (custom)
2019-09-29 10:45:39,387 [pool-32-thread-1] INFO  impl.RaftServerImpl (RaftServerImpl.java:start(185)) - ee6e2480-a858-4088-9e49-9e4fbb679147@group-D7FB59DF1930: start as a follower, conf=-1: [ee6e2480-a858-4088-9e49-9e4fbb679147:192.168.164.250:39192], old=null
2019-09-29 10:45:39,388 [pool-32-thread-1] INFO  impl.RaftServerImpl (RaftServerImpl.java:setRole(174)) - ee6e2480-a858-4088-9e49-9e4fbb679147@group-D7FB59DF1930: changes role from      null to FOLLOWER at term 0 for startAsFollower
2019-09-29 10:45:39,389 [pool-32-thread-1] INFO  impl.RoleInfo (RoleInfo.java:updateAndGet(143)) - ee6e2480-a858-4088-9e49-9e4fbb679147: start FollowerState
2019-09-29 10:45:39,391 [pool-32-thread-1] INFO  util.JmxRegister (JmxRegister.java:tryRegister(44)) - Successfully registered JMX Bean with object name Ratis:service=RaftServer,group=group-D7FB59DF1930,id=ee6e2480-a858-4088-9e49-9e4fbb679147
2019-09-29 10:45:39,456 [RatisPipelineUtilsThread] INFO  pipeline.PipelineStateManager (PipelineStateManager.java:addPipeline(56)) - Created pipeline Pipeline[ Id: 99159a60-8876-477c-9c6a-d7fb59df1930, Nodes: ee6e2480-a858-4088-9e49-9e4fbb679147{ip: 192.168.164.250, host: pr-hdds-1569-p5qg8-3770903209, networkLocation: /default-rack, certSerialId: null}, Type:RATIS, Factor:ONE, State:OPEN]
2019-09-29 10:45:39,485 [grpc-default-executor-0] INFO  impl.RaftServerProxy (RaftServerProxy.java:addNew(89)) - db756f0c-6aee-46d9-ae72-02f4945ba453: addNew group-35E3413F5CD9:[db756f0c-6aee-46d9-ae72-02f4945ba453:192.168.164.250:33209] returns group-35E3413F5CD9:java.util.concurrent.CompletableFuture@70c2901d[Not completed]
2019-09-29 10:45:39,548 [pool-62-thread-1] INFO  impl.RaftServerImpl (RaftServerImpl.java:<init>(95)) - db756f0c-6aee-46d9-ae72-02f4945ba453: new RaftServerImpl for group-35E3413F5CD9:[db756f0c-6aee-46d9-ae72-02f4945ba453:192.168.164.250:33209] with ContainerStateMachine:uninitialized
2019-09-29 10:45:39,550 [pool-62-thread-1] INFO  server.RaftServerConfigKeys (ConfUtils.java:logGet(43)) - raft.server.rpc.timeout.min = 5s (custom)
2019-09-29 10:45:39,551 [pool-62-thread-1] INFO  server.RaftServerConfigKeys (ConfUtils.java:logGet(43)) - raft.server.rpc.timeout.max = 5200ms (custom)
2019-09-29 10:45:39,551 [pool-62-thread-1] INFO  server.RaftServerConfigKeys (ConfUtils.java:logGet(43)) - raft.server.rpcslowness.timeout = 120s (custom)
2019-09-29 10:45:39,551 [pool-62-thread-1] INFO  server.RaftServerConfigKeys (ConfUtils.java:logGet(43)) - raft.server.sleep.deviation.threshold = 300 (default)
2019-09-29 10:45:39,552 [pool-62-thread-1] INFO  server.RaftServerConfigKeys (ConfUtils.java:logGet(43)) - raft.server.log.appender.install.snapshot.enabled = false (custom)
2019-09-29 10:45:39,552 [pool-62-thread-1] INFO  impl.RaftServerImpl (ServerState.java:<init>(103)) - db756f0c-6aee-46d9-ae72-02f4945ba453@group-35E3413F5CD9: ConfigurationManager, init=-1: [db756f0c-6aee-46d9-ae72-02f4945ba453:192.168.164.250:33209], old=null, confs=<EMPTY_MAP>
2019-09-29 10:45:39,552 [pool-62-thread-1] INFO  server.RaftServerConfigKeys (ConfUtils.java:logGet(43)) - raft.server.storage.dir = [/workdir/hadoop-ozone/integration-test/target/test-dir/MiniOzoneClusterImpl-f2f1897c-7c9f-4d93-a036-cb01af022a4f/datanode-3/data/ratis] (custom)
2019-09-29 10:45:39,552 [pool-62-thread-1] INFO  storage.RaftStorageDirectory (RaftStorageDirectory.java:analyzeStorage(246)) - The storage directory /workdir/hadoop-ozone/integration-test/target/test-dir/MiniOzoneClusterImpl-f2f1897c-7c9f-4d93-a036-cb01af022a4f/datanode-3/data/ratis/7481214b-7260-4d36-b894-35e3413f5cd9 does not exist. Creating ...
2019-09-29 10:45:39,568 [pool-62-thread-1] INFO  storage.RaftStorageDirectory (RaftStorageDirectory.java:tryLock(328)) - Lock on /workdir/hadoop-ozone/integration-test/target/test-dir/MiniOzoneClusterImpl-f2f1897c-7c9f-4d93-a036-cb01af022a4f/datanode-3/data/ratis/7481214b-7260-4d36-b894-35e3413f5cd9/in_use.lock acquired by nodename 23044@pr-hdds-1569-p5qg8-3770903209
2019-09-29 10:45:39,580 [pool-62-thread-1] INFO  storage.RaftStorage (RaftStorage.java:format(72)) - Storage directory /workdir/hadoop-ozone/integration-test/target/test-dir/MiniOzoneClusterImpl-f2f1897c-7c9f-4d93-a036-cb01af022a4f/datanode-3/data/ratis/7481214b-7260-4d36-b894-35e3413f5cd9 has been successfully formatted.
2019-09-29 10:45:39,583 [pool-62-thread-1] INFO  ratis.ContainerStateMachine (ContainerStateMachine.java:loadSnapshot(230)) - group-35E3413F5CD9: The snapshot info is null. Setting the last applied indexto:(t:0, i:~)
2019-09-29 10:45:39,585 [pool-62-thread-1] INFO  server.RaftServerConfigKeys (ConfUtils.java:logGet(43)) - raft.server.notification.no-leader.timeout = 120s (custom)
2019-09-29 10:45:39,585 [pool-62-thread-1] INFO  server.RaftServerConfigKeys (ConfUtils.java:logGet(43)) - raft.server.log.use.memory = false (default)
2019-09-29 10:45:39,586 [pool-62-thread-1] INFO  server.RaftServerConfigKeys (ConfUtils.java:logGet(43)) - raft.server.log.purge.gap = 1000000 (custom)
2019-09-29 10:45:39,586 [pool-62-thread-1] INFO  server.RaftServerConfigKeys (ConfUtils.java:logGet(43)) - raft.server.log.appender.buffer.byte-limit = 33554432 (custom)
2019-09-29 10:45:39,586 [pool-62-thread-1] INFO  server.RaftServerConfigKeys (ConfUtils.java:logGet(43)) - raft.server.log.segment.size.max = 1048576 (custom)
2019-09-29 10:45:39,586 [pool-62-thread-1] INFO  server.RaftServerConfigKeys (ConfUtils.java:logGet(43)) - raft.server.log.segment.cache.num.max = 2 (custom)
2019-09-29 10:45:39,586 [pool-62-thread-1] INFO  segmented.SegmentedRaftLogWorker (SegmentedRaftLogWorker.java:<init>(172)) - new db756f0c-6aee-46d9-ae72-02f4945ba453@group-35E3413F5CD9-SegmentedRaftLogWorker for RaftStorage:Storage Directory /workdir/hadoop-ozone/integration-test/target/test-dir/MiniOzoneClusterImpl-f2f1897c-7c9f-4d93-a036-cb01af022a4f/datanode-3/data/ratis/7481214b-7260-4d36-b894-35e3413f5cd9
2019-09-29 10:45:39,592 [pool-62-thread-1] INFO  server.RaftServerConfigKeys (ConfUtils.java:logGet(43)) - raft.server.log.queue.byte-limit = 2147483647 (custom)
2019-09-29 10:45:39,592 [pool-62-thread-1] INFO  server.RaftServerConfigKeys (ConfUtils.java:logGet(43)) - raft.server.log.queue.element-limit = 1024 (custom)
2019-09-29 10:45:39,592 [pool-62-thread-1] INFO  server.RaftServerConfigKeys (ConfUtils.java:logGet(43)) - raft.server.log.segment.size.max = 1048576 (custom)
2019-09-29 10:45:39,592 [pool-62-thread-1] INFO  server.RaftServerConfigKeys (ConfUtils.java:logGet(43)) - raft.server.log.preallocated.size = 16384 (custom)
2019-09-29 10:45:39,592 [pool-62-thread-1] INFO  server.RaftServerConfigKeys (ConfUtils.java:logGet(43)) - raft.server.log.write.buffer.size = 33554432 (custom)
2019-09-29 10:45:39,593 [pool-62-thread-1] INFO  server.RaftServerConfigKeys (ConfUtils.java:logGet(43)) - raft.server.log.force.sync.num = 128 (default)
2019-09-29 10:45:39,593 [pool-62-thread-1] INFO  server.RaftServerConfigKeys (ConfUtils.java:logGet(43)) - raft.server.log.statemachine.data.sync = true (default)
2019-09-29 10:45:39,593 [pool-62-thread-1] INFO  server.RaftServerConfigKeys (ConfUtils.java:logGet(43)) - raft.server.log.statemachine.data.sync.timeout = 10s (default)
2019-09-29 10:45:39,593 [pool-62-thread-1] INFO  server.RaftServerConfigKeys (ConfUtils.java:logGet(43)) - raft.server.log.statemachine.data.sync.timeout.retry = -1 (default)
2019-09-29 10:45:39,593 [pool-62-thread-1] INFO  server.RaftServerConfigKeys (ConfUtils.java:logGet(43)) - raft.server.log.statemachine.data.caching.enabled = true (custom)
2019-09-29 10:45:39,593 [pool-62-thread-1] INFO  segmented.SegmentedRaftLogWorker (SegmentedRaftLogWorker.java:lambda$new$0(132)) - db756f0c-6aee-46d9-ae72-02f4945ba453@group-35E3413F5CD9-SegmentedRaftLogWorker: flushIndex: setUnconditionally 0 -> -1
2019-09-29 10:45:39,594 [pool-62-thread-1] INFO  server.RaftServerConfigKeys (ConfUtils.java:logGet(43)) - raft.server.snapshot.auto.trigger.enabled = true (custom)
2019-09-29 10:45:39,594 [pool-62-thread-1] INFO  server.RaftServerConfigKeys (ConfUtils.java:logGet(43)) - raft.server.snapshot.auto.trigger.threshold = 10000 (custom)
2019-09-29 10:45:39,594 [pool-62-thread-1] INFO  server.RaftServerConfigKeys (ConfUtils.java:logGet(43)) - raft.server.snapshot.retention.num.files = 5 (custom)
2019-09-29 10:45:39,594 [pool-62-thread-1] INFO  server.RaftServerConfigKeys (ConfUtils.java:logGet(43)) - raft.server.retrycache.expirytime = 600000ms (custom)
2019-09-29 10:45:39,597 [pool-62-thread-1] INFO  impl.RaftServerImpl (RaftServerImpl.java:start(185)) - db756f0c-6aee-46d9-ae72-02f4945ba453@group-35E3413F5CD9: start as a follower, conf=-1: [db756f0c-6aee-46d9-ae72-02f4945ba453:192.168.164.250:33209], old=null
2019-09-29 10:45:39,597 [pool-62-thread-1] INFO  impl.RaftServerImpl (RaftServerImpl.java:setRole(174)) - db756f0c-6aee-46d9-ae72-02f4945ba453@group-35E3413F5CD9: changes role from      null to FOLLOWER at term 0 for startAsFollower
2019-09-29 10:45:39,598 [pool-62-thread-1] INFO  impl.RoleInfo (RoleInfo.java:updateAndGet(143)) - db756f0c-6aee-46d9-ae72-02f4945ba453: start FollowerState
2019-09-29 10:45:39,601 [pool-62-thread-1] INFO  util.JmxRegister (JmxRegister.java:tryRegister(44)) - Successfully registered JMX Bean with object name Ratis:service=RaftServer,group=group-35E3413F5CD9,id=db756f0c-6aee-46d9-ae72-02f4945ba453
2019-09-29 10:45:39,619 [RatisPipelineUtilsThread] INFO  pipeline.PipelineStateManager (PipelineStateManager.java:addPipeline(56)) - Created pipeline Pipeline[ Id: 7481214b-7260-4d36-b894-35e3413f5cd9, Nodes: db756f0c-6aee-46d9-ae72-02f4945ba453{ip: 192.168.164.250, host: pr-hdds-1569-p5qg8-3770903209, networkLocation: /default-rack, certSerialId: null}, Type:RATIS, Factor:ONE, State:OPEN]
2019-09-29 10:45:39,642 [grpc-default-executor-0] INFO  impl.RaftServerProxy (RaftServerProxy.java:addNew(89)) - 42e28882-afd5-40d9-af35-6e13b3e6644c: addNew group-215E881EF932:[42e28882-afd5-40d9-af35-6e13b3e6644c:192.168.164.250:45196] returns group-215E881EF932:java.util.concurrent.CompletableFuture@52a7e8d6[Not completed]
2019-09-29 10:45:39,691 [pool-72-thread-1] INFO  impl.RaftServerImpl (RaftServerImpl.java:<init>(95)) - 42e28882-afd5-40d9-af35-6e13b3e6644c: new RaftServerImpl for group-215E881EF932:[42e28882-afd5-40d9-af35-6e13b3e6644c:192.168.164.250:45196] with ContainerStateMachine:uninitialized
2019-09-29 10:45:39,691 [pool-72-thread-1] INFO  server.RaftServerConfigKeys (ConfUtils.java:logGet(43)) - raft.server.rpc.timeout.min = 5s (custom)
2019-09-29 10:45:39,691 [pool-72-thread-1] INFO  server.RaftServerConfigKeys (ConfUtils.java:logGet(43)) - raft.server.rpc.timeout.max = 5200ms (custom)
2019-09-29 10:45:39,692 [pool-72-thread-1] INFO  server.RaftServerConfigKeys (ConfUtils.java:logGet(43)) - raft.server.rpcslowness.timeout = 120s (custom)
2019-09-29 10:45:39,692 [pool-72-thread-1] INFO  server.RaftServerConfigKeys (ConfUtils.java:logGet(43)) - raft.server.sleep.deviation.threshold = 300 (default)
2019-09-29 10:45:39,692 [pool-72-thread-1] INFO  server.RaftServerConfigKeys (ConfUtils.java:logGet(43)) - raft.server.log.appender.install.snapshot.enabled = false (custom)
2019-09-29 10:45:39,692 [pool-72-thread-1] INFO  impl.RaftServerImpl (ServerState.java:<init>(103)) - 42e28882-afd5-40d9-af35-6e13b3e6644c@group-215E881EF932: ConfigurationManager, init=-1: [42e28882-afd5-40d9-af35-6e13b3e6644c:192.168.164.250:45196], old=null, confs=<EMPTY_MAP>
2019-09-29 10:45:39,692 [pool-72-thread-1] INFO  server.RaftServerConfigKeys (ConfUtils.java:logGet(43)) - raft.server.storage.dir = [/workdir/hadoop-ozone/integration-test/target/test-dir/MiniOzoneClusterImpl-f2f1897c-7c9f-4d93-a036-cb01af022a4f/datanode-4/data/ratis] (custom)
2019-09-29 10:45:39,693 [pool-72-thread-1] INFO  storage.RaftStorageDirectory (RaftStorageDirectory.java:analyzeStorage(246)) - The storage directory /workdir/hadoop-ozone/integration-test/target/test-dir/MiniOzoneClusterImpl-f2f1897c-7c9f-4d93-a036-cb01af022a4f/datanode-4/data/ratis/44564e39-6332-4dad-9f69-215e881ef932 does not exist. Creating ...
2019-09-29 10:45:39,705 [pool-72-thread-1] INFO  storage.RaftStorageDirectory (RaftStorageDirectory.java:tryLock(328)) - Lock on /workdir/hadoop-ozone/integration-test/target/test-dir/MiniOzoneClusterImpl-f2f1897c-7c9f-4d93-a036-cb01af022a4f/datanode-4/data/ratis/44564e39-6332-4dad-9f69-215e881ef932/in_use.lock acquired by nodename 23044@pr-hdds-1569-p5qg8-3770903209
2019-09-29 10:45:39,721 [pool-72-thread-1] INFO  storage.RaftStorage (RaftStorage.java:format(72)) - Storage directory /workdir/hadoop-ozone/integration-test/target/test-dir/MiniOzoneClusterImpl-f2f1897c-7c9f-4d93-a036-cb01af022a4f/datanode-4/data/ratis/44564e39-6332-4dad-9f69-215e881ef932 has been successfully formatted.
2019-09-29 10:45:39,721 [pool-72-thread-1] INFO  ratis.ContainerStateMachine (ContainerStateMachine.java:loadSnapshot(230)) - group-215E881EF932: The snapshot info is null. Setting the last applied indexto:(t:0, i:~)
2019-09-29 10:45:39,721 [pool-72-thread-1] INFO  server.RaftServerConfigKeys (ConfUtils.java:logGet(43)) - raft.server.notification.no-leader.timeout = 120s (custom)
2019-09-29 10:45:39,721 [pool-72-thread-1] INFO  server.RaftServerConfigKeys (ConfUtils.java:logGet(43)) - raft.server.log.use.memory = false (default)
2019-09-29 10:45:39,722 [pool-72-thread-1] INFO  server.RaftServerConfigKeys (ConfUtils.java:logGet(43)) - raft.server.log.purge.gap = 1000000 (custom)
2019-09-29 10:45:39,722 [pool-72-thread-1] INFO  server.RaftServerConfigKeys (ConfUtils.java:logGet(43)) - raft.server.log.appender.buffer.byte-limit = 33554432 (custom)
2019-09-29 10:45:39,722 [pool-72-thread-1] INFO  server.RaftServerConfigKeys (ConfUtils.java:logGet(43)) - raft.server.log.segment.size.max = 1048576 (custom)
2019-09-29 10:45:39,722 [pool-72-thread-1] INFO  server.RaftServerConfigKeys (ConfUtils.java:logGet(43)) - raft.server.log.segment.cache.num.max = 2 (custom)
2019-09-29 10:45:39,722 [pool-72-thread-1] INFO  segmented.SegmentedRaftLogWorker (SegmentedRaftLogWorker.java:<init>(172)) - new 42e28882-afd5-40d9-af35-6e13b3e6644c@group-215E881EF932-SegmentedRaftLogWorker for RaftStorage:Storage Directory /workdir/hadoop-ozone/integration-test/target/test-dir/MiniOzoneClusterImpl-f2f1897c-7c9f-4d93-a036-cb01af022a4f/datanode-4/data/ratis/44564e39-6332-4dad-9f69-215e881ef932
2019-09-29 10:45:39,767 [pool-72-thread-1] INFO  server.RaftServerConfigKeys (ConfUtils.java:logGet(43)) - raft.server.log.queue.byte-limit = 2147483647 (custom)
2019-09-29 10:45:39,767 [pool-72-thread-1] INFO  server.RaftServerConfigKeys (ConfUtils.java:logGet(43)) - raft.server.log.queue.element-limit = 1024 (custom)
2019-09-29 10:45:39,767 [pool-72-thread-1] INFO  server.RaftServerConfigKeys (ConfUtils.java:logGet(43)) - raft.server.log.segment.size.max = 1048576 (custom)
2019-09-29 10:45:39,767 [pool-72-thread-1] INFO  server.RaftServerConfigKeys (ConfUtils.java:logGet(43)) - raft.server.log.preallocated.size = 16384 (custom)
2019-09-29 10:45:39,768 [pool-72-thread-1] INFO  server.RaftServerConfigKeys (ConfUtils.java:logGet(43)) - raft.server.log.write.buffer.size = 33554432 (custom)
2019-09-29 10:45:39,768 [pool-72-thread-1] INFO  server.RaftServerConfigKeys (ConfUtils.java:logGet(43)) - raft.server.log.force.sync.num = 128 (default)
2019-09-29 10:45:39,768 [pool-72-thread-1] INFO  server.RaftServerConfigKeys (ConfUtils.java:logGet(43)) - raft.server.log.statemachine.data.sync = true (default)
2019-09-29 10:45:39,768 [pool-72-thread-1] INFO  server.RaftServerConfigKeys (ConfUtils.java:logGet(43)) - raft.server.log.statemachine.data.sync.timeout = 10s (default)
2019-09-29 10:45:39,779 [pool-72-thread-1] INFO  server.RaftServerConfigKeys (ConfUtils.java:logGet(43)) - raft.server.log.statemachine.data.sync.timeout.retry = -1 (default)
2019-09-29 10:45:39,780 [pool-72-thread-1] INFO  server.RaftServerConfigKeys (ConfUtils.java:logGet(43)) - raft.server.log.statemachine.data.caching.enabled = true (custom)
2019-09-29 10:45:39,780 [pool-72-thread-1] INFO  segmented.SegmentedRaftLogWorker (SegmentedRaftLogWorker.java:lambda$new$0(132)) - 42e28882-afd5-40d9-af35-6e13b3e6644c@group-215E881EF932-SegmentedRaftLogWorker: flushIndex: setUnconditionally 0 -> -1
2019-09-29 10:45:39,781 [pool-72-thread-1] INFO  server.RaftServerConfigKeys (ConfUtils.java:logGet(43)) - raft.server.snapshot.auto.trigger.enabled = true (custom)
2019-09-29 10:45:39,781 [pool-72-thread-1] INFO  server.RaftServerConfigKeys (ConfUtils.java:logGet(43)) - raft.server.snapshot.auto.trigger.threshold = 10000 (custom)
2019-09-29 10:45:39,781 [pool-72-thread-1] INFO  server.RaftServerConfigKeys (ConfUtils.java:logGet(43)) - raft.server.snapshot.retention.num.files = 5 (custom)
2019-09-29 10:45:39,782 [pool-72-thread-1] INFO  server.RaftServerConfigKeys (ConfUtils.java:logGet(43)) - raft.server.retrycache.expirytime = 600000ms (custom)
2019-09-29 10:45:39,789 [pool-72-thread-1] INFO  impl.RaftServerImpl (RaftServerImpl.java:start(185)) - 42e28882-afd5-40d9-af35-6e13b3e6644c@group-215E881EF932: start as a follower, conf=-1: [42e28882-afd5-40d9-af35-6e13b3e6644c:192.168.164.250:45196], old=null
2019-09-29 10:45:39,789 [pool-72-thread-1] INFO  impl.RaftServerImpl (RaftServerImpl.java:setRole(174)) - 42e28882-afd5-40d9-af35-6e13b3e6644c@group-215E881EF932: changes role from      null to FOLLOWER at term 0 for startAsFollower
2019-09-29 10:45:39,790 [pool-72-thread-1] INFO  impl.RoleInfo (RoleInfo.java:updateAndGet(143)) - 42e28882-afd5-40d9-af35-6e13b3e6644c: start FollowerState
2019-09-29 10:45:39,790 [pool-72-thread-1] INFO  util.JmxRegister (JmxRegister.java:tryRegister(44)) - Successfully registered JMX Bean with object name Ratis:service=RaftServer,group=group-215E881EF932,id=42e28882-afd5-40d9-af35-6e13b3e6644c
2019-09-29 10:45:39,808 [RatisPipelineUtilsThread] INFO  pipeline.PipelineStateManager (PipelineStateManager.java:addPipeline(56)) - Created pipeline Pipeline[ Id: 44564e39-6332-4dad-9f69-215e881ef932, Nodes: 42e28882-afd5-40d9-af35-6e13b3e6644c{ip: 192.168.164.250, host: pr-hdds-1569-p5qg8-3770903209, networkLocation: /default-rack, certSerialId: null}, Type:RATIS, Factor:ONE, State:OPEN]
2019-09-29 10:45:39,837 [grpc-default-executor-0] INFO  impl.RaftServerProxy (RaftServerProxy.java:addNew(89)) - f6b95176-143b-4dc2-a9fd-5757f55b0b36: addNew group-2308762EB1EA:[f6b95176-143b-4dc2-a9fd-5757f55b0b36:192.168.164.250:36206] returns group-2308762EB1EA:java.util.concurrent.CompletableFuture@2203479[Not completed]
2019-09-29 10:45:39,843 [pool-92-thread-1] INFO  impl.RaftServerImpl (RaftServerImpl.java:<init>(95)) - f6b95176-143b-4dc2-a9fd-5757f55b0b36: new RaftServerImpl for group-2308762EB1EA:[f6b95176-143b-4dc2-a9fd-5757f55b0b36:192.168.164.250:36206] with ContainerStateMachine:uninitialized
2019-09-29 10:45:39,843 [pool-92-thread-1] INFO  server.RaftServerConfigKeys (ConfUtils.java:logGet(43)) - raft.server.rpc.timeout.min = 5s (custom)
2019-09-29 10:45:39,843 [pool-92-thread-1] INFO  server.RaftServerConfigKeys (ConfUtils.java:logGet(43)) - raft.server.rpc.timeout.max = 5200ms (custom)
2019-09-29 10:45:39,843 [pool-92-thread-1] INFO  server.RaftServerConfigKeys (ConfUtils.java:logGet(43)) - raft.server.rpcslowness.timeout = 120s (custom)
2019-09-29 10:45:39,843 [pool-92-thread-1] INFO  server.RaftServerConfigKeys (ConfUtils.java:logGet(43)) - raft.server.sleep.deviation.threshold = 300 (default)
2019-09-29 10:45:39,843 [pool-92-thread-1] INFO  server.RaftServerConfigKeys (ConfUtils.java:logGet(43)) - raft.server.log.appender.install.snapshot.enabled = false (custom)
2019-09-29 10:45:39,843 [pool-92-thread-1] INFO  impl.RaftServerImpl (ServerState.java:<init>(103)) - f6b95176-143b-4dc2-a9fd-5757f55b0b36@group-2308762EB1EA: ConfigurationManager, init=-1: [f6b95176-143b-4dc2-a9fd-5757f55b0b36:192.168.164.250:36206], old=null, confs=<EMPTY_MAP>
2019-09-29 10:45:39,844 [pool-92-thread-1] INFO  server.RaftServerConfigKeys (ConfUtils.java:logGet(43)) - raft.server.storage.dir = [/workdir/hadoop-ozone/integration-test/target/test-dir/MiniOzoneClusterImpl-f2f1897c-7c9f-4d93-a036-cb01af022a4f/datanode-6/data/ratis] (custom)
2019-09-29 10:45:39,844 [pool-92-thread-1] INFO  storage.RaftStorageDirectory (RaftStorageDirectory.java:analyzeStorage(246)) - The storage directory /workdir/hadoop-ozone/integration-test/target/test-dir/MiniOzoneClusterImpl-f2f1897c-7c9f-4d93-a036-cb01af022a4f/datanode-6/data/ratis/c6bcde37-519e-4df4-aede-2308762eb1ea does not exist. Creating ...
2019-09-29 10:45:39,856 [pool-92-thread-1] INFO  storage.RaftStorageDirectory (RaftStorageDirectory.java:tryLock(328)) - Lock on /workdir/hadoop-ozone/integration-test/target/test-dir/MiniOzoneClusterImpl-f2f1897c-7c9f-4d93-a036-cb01af022a4f/datanode-6/data/ratis/c6bcde37-519e-4df4-aede-2308762eb1ea/in_use.lock acquired by nodename 23044@pr-hdds-1569-p5qg8-3770903209
2019-09-29 10:45:39,869 [pool-92-thread-1] INFO  storage.RaftStorage (RaftStorage.java:format(72)) - Storage directory /workdir/hadoop-ozone/integration-test/target/test-dir/MiniOzoneClusterImpl-f2f1897c-7c9f-4d93-a036-cb01af022a4f/datanode-6/data/ratis/c6bcde37-519e-4df4-aede-2308762eb1ea has been successfully formatted.
2019-09-29 10:45:39,869 [pool-92-thread-1] INFO  ratis.ContainerStateMachine (ContainerStateMachine.java:loadSnapshot(230)) - group-2308762EB1EA: The snapshot info is null. Setting the last applied indexto:(t:0, i:~)
2019-09-29 10:45:39,869 [pool-92-thread-1] INFO  server.RaftServerConfigKeys (ConfUtils.java:logGet(43)) - raft.server.notification.no-leader.timeout = 120s (custom)
2019-09-29 10:45:39,869 [pool-92-thread-1] INFO  server.RaftServerConfigKeys (ConfUtils.java:logGet(43)) - raft.server.log.use.memory = false (default)
2019-09-29 10:45:39,869 [pool-92-thread-1] INFO  server.RaftServerConfigKeys (ConfUtils.java:logGet(43)) - raft.server.log.purge.gap = 1000000 (custom)
2019-09-29 10:45:39,870 [pool-92-thread-1] INFO  server.RaftServerConfigKeys (ConfUtils.java:logGet(43)) - raft.server.log.appender.buffer.byte-limit = 33554432 (custom)
2019-09-29 10:45:39,870 [pool-92-thread-1] INFO  server.RaftServerConfigKeys (ConfUtils.java:logGet(43)) - raft.server.log.segment.size.max = 1048576 (custom)
2019-09-29 10:45:39,870 [pool-92-thread-1] INFO  server.RaftServerConfigKeys (ConfUtils.java:logGet(43)) - raft.server.log.segment.cache.num.max = 2 (custom)
2019-09-29 10:45:39,870 [pool-92-thread-1] INFO  segmented.SegmentedRaftLogWorker (SegmentedRaftLogWorker.java:<init>(172)) - new f6b95176-143b-4dc2-a9fd-5757f55b0b36@group-2308762EB1EA-SegmentedRaftLogWorker for RaftStorage:Storage Directory /workdir/hadoop-ozone/integration-test/target/test-dir/MiniOzoneClusterImpl-f2f1897c-7c9f-4d93-a036-cb01af022a4f/datanode-6/data/ratis/c6bcde37-519e-4df4-aede-2308762eb1ea
2019-09-29 10:45:39,873 [pool-92-thread-1] INFO  server.RaftServerConfigKeys (ConfUtils.java:logGet(43)) - raft.server.log.queue.byte-limit = 2147483647 (custom)
2019-09-29 10:45:39,873 [pool-92-thread-1] INFO  server.RaftServerConfigKeys (ConfUtils.java:logGet(43)) - raft.server.log.queue.element-limit = 1024 (custom)
2019-09-29 10:45:39,874 [pool-92-thread-1] INFO  server.RaftServerConfigKeys (ConfUtils.java:logGet(43)) - raft.server.log.segment.size.max = 1048576 (custom)
2019-09-29 10:45:39,874 [pool-92-thread-1] INFO  server.RaftServerConfigKeys (ConfUtils.java:logGet(43)) - raft.server.log.preallocated.size = 16384 (custom)
2019-09-29 10:45:39,874 [pool-92-thread-1] INFO  server.RaftServerConfigKeys (ConfUtils.java:logGet(43)) - raft.server.log.write.buffer.size = 33554432 (custom)
2019-09-29 10:45:39,874 [pool-92-thread-1] INFO  server.RaftServerConfigKeys (ConfUtils.java:logGet(43)) - raft.server.log.force.sync.num = 128 (default)
2019-09-29 10:45:39,874 [pool-92-thread-1] INFO  server.RaftServerConfigKeys (ConfUtils.java:logGet(43)) - raft.server.log.statemachine.data.sync = true (default)
2019-09-29 10:45:39,874 [pool-92-thread-1] INFO  server.RaftServerConfigKeys (ConfUtils.java:logGet(43)) - raft.server.log.statemachine.data.sync.timeout = 10s (default)
2019-09-29 10:45:39,874 [pool-92-thread-1] INFO  server.RaftServerConfigKeys (ConfUtils.java:logGet(43)) - raft.server.log.statemachine.data.sync.timeout.retry = -1 (default)
2019-09-29 10:45:39,874 [pool-92-thread-1] INFO  server.RaftServerConfigKeys (ConfUtils.java:logGet(43)) - raft.server.log.statemachine.data.caching.enabled = true (custom)
2019-09-29 10:45:39,875 [pool-92-thread-1] INFO  segmented.SegmentedRaftLogWorker (SegmentedRaftLogWorker.java:lambda$new$0(132)) - f6b95176-143b-4dc2-a9fd-5757f55b0b36@group-2308762EB1EA-SegmentedRaftLogWorker: flushIndex: setUnconditionally 0 -> -1
2019-09-29 10:45:39,875 [pool-92-thread-1] INFO  server.RaftServerConfigKeys (ConfUtils.java:logGet(43)) - raft.server.snapshot.auto.trigger.enabled = true (custom)
2019-09-29 10:45:39,875 [pool-92-thread-1] INFO  server.RaftServerConfigKeys (ConfUtils.java:logGet(43)) - raft.server.snapshot.auto.trigger.threshold = 10000 (custom)
2019-09-29 10:45:39,875 [pool-92-thread-1] INFO  server.RaftServerConfigKeys (ConfUtils.java:logGet(43)) - raft.server.snapshot.retention.num.files = 5 (custom)
2019-09-29 10:45:39,875 [pool-92-thread-1] INFO  server.RaftServerConfigKeys (ConfUtils.java:logGet(43)) - raft.server.retrycache.expirytime = 600000ms (custom)
2019-09-29 10:45:39,879 [pool-92-thread-1] INFO  impl.RaftServerImpl (RaftServerImpl.java:start(185)) - f6b95176-143b-4dc2-a9fd-5757f55b0b36@group-2308762EB1EA: start as a follower, conf=-1: [f6b95176-143b-4dc2-a9fd-5757f55b0b36:192.168.164.250:36206], old=null
2019-09-29 10:45:39,879 [pool-92-thread-1] INFO  impl.RaftServerImpl (RaftServerImpl.java:setRole(174)) - f6b95176-143b-4dc2-a9fd-5757f55b0b36@group-2308762EB1EA: changes role from      null to FOLLOWER at term 0 for startAsFollower
2019-09-29 10:45:39,879 [pool-92-thread-1] INFO  impl.RoleInfo (RoleInfo.java:updateAndGet(143)) - f6b95176-143b-4dc2-a9fd-5757f55b0b36: start FollowerState
2019-09-29 10:45:39,879 [pool-92-thread-1] INFO  util.JmxRegister (JmxRegister.java:tryRegister(44)) - Successfully registered JMX Bean with object name Ratis:service=RaftServer,group=group-2308762EB1EA,id=f6b95176-143b-4dc2-a9fd-5757f55b0b36
2019-09-29 10:45:39,893 [main] INFO  ozone.MiniOzoneClusterImpl (MiniOzoneClusterImpl.java:lambda$waitForClusterToBeReady$0(147)) - Cluster is ready. Got 10 of 10 DN Heartbeats.
2019-09-29 10:45:39,899 [RatisPipelineUtilsThread] INFO  pipeline.PipelineStateManager (PipelineStateManager.java:addPipeline(56)) - Created pipeline Pipeline[ Id: c6bcde37-519e-4df4-aede-2308762eb1ea, Nodes: f6b95176-143b-4dc2-a9fd-5757f55b0b36{ip: 192.168.164.250, host: pr-hdds-1569-p5qg8-3770903209, networkLocation: /default-rack, certSerialId: null}, Type:RATIS, Factor:ONE, State:OPEN]
2019-09-29 10:45:39,913 [grpc-default-executor-0] INFO  impl.RaftServerProxy (RaftServerProxy.java:addNew(89)) - e6f39937-60ec-46c9-815a-299b64bb7849: addNew group-E212C505D80A:[e6f39937-60ec-46c9-815a-299b64bb7849:192.168.164.250:33528] returns group-E212C505D80A:java.util.concurrent.CompletableFuture@3b3a508d[Not completed]
2019-09-29 10:45:39,919 [pool-82-thread-1] INFO  impl.RaftServerImpl (RaftServerImpl.java:<init>(95)) - e6f39937-60ec-46c9-815a-299b64bb7849: new RaftServerImpl for group-E212C505D80A:[e6f39937-60ec-46c9-815a-299b64bb7849:192.168.164.250:33528] with ContainerStateMachine:uninitialized
2019-09-29 10:45:39,920 [pool-82-thread-1] INFO  server.RaftServerConfigKeys (ConfUtils.java:logGet(43)) - raft.server.rpc.timeout.min = 5s (custom)
2019-09-29 10:45:39,920 [pool-82-thread-1] INFO  server.RaftServerConfigKeys (ConfUtils.java:logGet(43)) - raft.server.rpc.timeout.max = 5200ms (custom)
2019-09-29 10:45:39,920 [pool-82-thread-1] INFO  server.RaftServerConfigKeys (ConfUtils.java:logGet(43)) - raft.server.rpcslowness.timeout = 120s (custom)
2019-09-29 10:45:39,920 [pool-82-thread-1] INFO  server.RaftServerConfigKeys (ConfUtils.java:logGet(43)) - raft.server.sleep.deviation.threshold = 300 (default)
2019-09-29 10:45:39,920 [pool-82-thread-1] INFO  server.RaftServerConfigKeys (ConfUtils.java:logGet(43)) - raft.server.log.appender.install.snapshot.enabled = false (custom)
2019-09-29 10:45:39,920 [pool-82-thread-1] INFO  impl.RaftServerImpl (ServerState.java:<init>(103)) - e6f39937-60ec-46c9-815a-299b64bb7849@group-E212C505D80A: ConfigurationManager, init=-1: [e6f39937-60ec-46c9-815a-299b64bb7849:192.168.164.250:33528], old=null, confs=<EMPTY_MAP>
2019-09-29 10:45:39,920 [pool-82-thread-1] INFO  server.RaftServerConfigKeys (ConfUtils.java:logGet(43)) - raft.server.storage.dir = [/workdir/hadoop-ozone/integration-test/target/test-dir/MiniOzoneClusterImpl-f2f1897c-7c9f-4d93-a036-cb01af022a4f/datanode-5/data/ratis] (custom)
2019-09-29 10:45:39,921 [pool-82-thread-1] INFO  storage.RaftStorageDirectory (RaftStorageDirectory.java:analyzeStorage(246)) - The storage directory /workdir/hadoop-ozone/integration-test/target/test-dir/MiniOzoneClusterImpl-f2f1897c-7c9f-4d93-a036-cb01af022a4f/datanode-5/data/ratis/9c8c9fa5-3117-4f61-ba0b-e212c505d80a does not exist. Creating ...
2019-09-29 10:45:39,933 [pool-82-thread-1] INFO  storage.RaftStorageDirectory (RaftStorageDirectory.java:tryLock(328)) - Lock on /workdir/hadoop-ozone/integration-test/target/test-dir/MiniOzoneClusterImpl-f2f1897c-7c9f-4d93-a036-cb01af022a4f/datanode-5/data/ratis/9c8c9fa5-3117-4f61-ba0b-e212c505d80a/in_use.lock acquired by nodename 23044@pr-hdds-1569-p5qg8-3770903209
2019-09-29 10:45:39,945 [pool-82-thread-1] INFO  storage.RaftStorage (RaftStorage.java:format(72)) - Storage directory /workdir/hadoop-ozone/integration-test/target/test-dir/MiniOzoneClusterImpl-f2f1897c-7c9f-4d93-a036-cb01af022a4f/datanode-5/data/ratis/9c8c9fa5-3117-4f61-ba0b-e212c505d80a has been successfully formatted.
2019-09-29 10:45:39,945 [pool-82-thread-1] INFO  ratis.ContainerStateMachine (ContainerStateMachine.java:loadSnapshot(230)) - group-E212C505D80A: The snapshot info is null. Setting the last applied indexto:(t:0, i:~)
2019-09-29 10:45:39,946 [pool-82-thread-1] INFO  server.RaftServerConfigKeys (ConfUtils.java:logGet(43)) - raft.server.notification.no-leader.timeout = 120s (custom)
2019-09-29 10:45:39,946 [pool-82-thread-1] INFO  server.RaftServerConfigKeys (ConfUtils.java:logGet(43)) - raft.server.log.use.memory = false (default)
2019-09-29 10:45:39,946 [pool-82-thread-1] INFO  server.RaftServerConfigKeys (ConfUtils.java:logGet(43)) - raft.server.log.purge.gap = 1000000 (custom)
2019-09-29 10:45:39,946 [pool-82-thread-1] INFO  server.RaftServerConfigKeys (ConfUtils.java:logGet(43)) - raft.server.log.appender.buffer.byte-limit = 33554432 (custom)
2019-09-29 10:45:39,946 [pool-82-thread-1] INFO  server.RaftServerConfigKeys (ConfUtils.java:logGet(43)) - raft.server.log.segment.size.max = 1048576 (custom)
2019-09-29 10:45:39,946 [pool-82-thread-1] INFO  server.RaftServerConfigKeys (ConfUtils.java:logGet(43)) - raft.server.log.segment.cache.num.max = 2 (custom)
2019-09-29 10:45:39,946 [pool-82-thread-1] INFO  segmented.SegmentedRaftLogWorker (SegmentedRaftLogWorker.java:<init>(172)) - new e6f39937-60ec-46c9-815a-299b64bb7849@group-E212C505D80A-SegmentedRaftLogWorker for RaftStorage:Storage Directory /workdir/hadoop-ozone/integration-test/target/test-dir/MiniOzoneClusterImpl-f2f1897c-7c9f-4d93-a036-cb01af022a4f/datanode-5/data/ratis/9c8c9fa5-3117-4f61-ba0b-e212c505d80a
2019-09-29 10:45:39,949 [pool-82-thread-1] INFO  server.RaftServerConfigKeys (ConfUtils.java:logGet(43)) - raft.server.log.queue.byte-limit = 2147483647 (custom)
2019-09-29 10:45:39,949 [pool-82-thread-1] INFO  server.RaftServerConfigKeys (ConfUtils.java:logGet(43)) - raft.server.log.queue.element-limit = 1024 (custom)
2019-09-29 10:45:39,949 [pool-82-thread-1] INFO  server.RaftServerConfigKeys (ConfUtils.java:logGet(43)) - raft.server.log.segment.size.max = 1048576 (custom)
2019-09-29 10:45:39,949 [pool-82-thread-1] INFO  server.RaftServerConfigKeys (ConfUtils.java:logGet(43)) - raft.server.log.preallocated.size = 16384 (custom)
2019-09-29 10:45:39,949 [pool-82-thread-1] INFO  server.RaftServerConfigKeys (ConfUtils.java:logGet(43)) - raft.server.log.write.buffer.size = 33554432 (custom)
2019-09-29 10:45:39,949 [pool-82-thread-1] INFO  server.RaftServerConfigKeys (ConfUtils.java:logGet(43)) - raft.server.log.force.sync.num = 128 (default)
2019-09-29 10:45:39,949 [pool-82-thread-1] INFO  server.RaftServerConfigKeys (ConfUtils.java:logGet(43)) - raft.server.log.statemachine.data.sync = true (default)
2019-09-29 10:45:39,949 [pool-82-thread-1] INFO  server.RaftServerConfigKeys (ConfUtils.java:logGet(43)) - raft.server.log.statemachine.data.sync.timeout = 10s (default)
2019-09-29 10:45:39,950 [pool-82-thread-1] INFO  server.RaftServerConfigKeys (ConfUtils.java:logGet(43)) - raft.server.log.statemachine.data.sync.timeout.retry = -1 (default)
2019-09-29 10:45:39,950 [pool-82-thread-1] INFO  server.RaftServerConfigKeys (ConfUtils.java:logGet(43)) - raft.server.log.statemachine.data.caching.enabled = true (custom)
2019-09-29 10:45:39,950 [pool-82-thread-1] INFO  segmented.SegmentedRaftLogWorker (SegmentedRaftLogWorker.java:lambda$new$0(132)) - e6f39937-60ec-46c9-815a-299b64bb7849@group-E212C505D80A-SegmentedRaftLogWorker: flushIndex: setUnconditionally 0 -> -1
2019-09-29 10:45:39,950 [pool-82-thread-1] INFO  server.RaftServerConfigKeys (ConfUtils.java:logGet(43)) - raft.server.snapshot.auto.trigger.enabled = true (custom)
2019-09-29 10:45:39,950 [pool-82-thread-1] INFO  server.RaftServerConfigKeys (ConfUtils.java:logGet(43)) - raft.server.snapshot.auto.trigger.threshold = 10000 (custom)
2019-09-29 10:45:39,950 [pool-82-thread-1] INFO  server.RaftServerConfigKeys (ConfUtils.java:logGet(43)) - raft.server.snapshot.retention.num.files = 5 (custom)
2019-09-29 10:45:39,951 [pool-82-thread-1] INFO  server.RaftServerConfigKeys (ConfUtils.java:logGet(43)) - raft.server.retrycache.expirytime = 600000ms (custom)
2019-09-29 10:45:39,954 [pool-82-thread-1] INFO  impl.RaftServerImpl (RaftServerImpl.java:start(185)) - e6f39937-60ec-46c9-815a-299b64bb7849@group-E212C505D80A: start as a follower, conf=-1: [e6f39937-60ec-46c9-815a-299b64bb7849:192.168.164.250:33528], old=null
2019-09-29 10:45:39,954 [pool-82-thread-1] INFO  impl.RaftServerImpl (RaftServerImpl.java:setRole(174)) - e6f39937-60ec-46c9-815a-299b64bb7849@group-E212C505D80A: changes role from      null to FOLLOWER at term 0 for startAsFollower
2019-09-29 10:45:39,954 [pool-82-thread-1] INFO  impl.RoleInfo (RoleInfo.java:updateAndGet(143)) - e6f39937-60ec-46c9-815a-299b64bb7849: start FollowerState
2019-09-29 10:45:39,955 [pool-82-thread-1] INFO  util.JmxRegister (JmxRegister.java:tryRegister(44)) - Successfully registered JMX Bean with object name Ratis:service=RaftServer,group=group-E212C505D80A,id=e6f39937-60ec-46c9-815a-299b64bb7849
2019-09-29 10:45:39,971 [RatisPipelineUtilsThread] INFO  pipeline.PipelineStateManager (PipelineStateManager.java:addPipeline(56)) - Created pipeline Pipeline[ Id: 9c8c9fa5-3117-4f61-ba0b-e212c505d80a, Nodes: e6f39937-60ec-46c9-815a-299b64bb7849{ip: 192.168.164.250, host: pr-hdds-1569-p5qg8-3770903209, networkLocation: /default-rack, certSerialId: null}, Type:RATIS, Factor:ONE, State:OPEN]
2019-09-29 10:45:39,989 [grpc-default-executor-0] INFO  impl.RaftServerProxy (RaftServerProxy.java:addNew(89)) - 3dbd689a-2750-45ec-99bd-6797480bf36f: addNew group-0F18240FFC7C:[3dbd689a-2750-45ec-99bd-6797480bf36f:192.168.164.250:46694] returns group-0F18240FFC7C:java.util.concurrent.CompletableFuture@71d2b35f[Not completed]
2019-09-29 10:45:39,994 [pool-42-thread-1] INFO  impl.RaftServerImpl (RaftServerImpl.java:<init>(95)) - 3dbd689a-2750-45ec-99bd-6797480bf36f: new RaftServerImpl for group-0F18240FFC7C:[3dbd689a-2750-45ec-99bd-6797480bf36f:192.168.164.250:46694] with ContainerStateMachine:uninitialized
2019-09-29 10:45:39,995 [pool-42-thread-1] INFO  server.RaftServerConfigKeys (ConfUtils.java:logGet(43)) - raft.server.rpc.timeout.min = 5s (custom)
2019-09-29 10:45:39,995 [pool-42-thread-1] INFO  server.RaftServerConfigKeys (ConfUtils.java:logGet(43)) - raft.server.rpc.timeout.max = 5200ms (custom)
2019-09-29 10:45:39,995 [pool-42-thread-1] INFO  server.RaftServerConfigKeys (ConfUtils.java:logGet(43)) - raft.server.rpcslowness.timeout = 120s (custom)
2019-09-29 10:45:39,995 [pool-42-thread-1] INFO  server.RaftServerConfigKeys (ConfUtils.java:logGet(43)) - raft.server.sleep.deviation.threshold = 300 (default)
2019-09-29 10:45:39,995 [pool-42-thread-1] INFO  server.RaftServerConfigKeys (ConfUtils.java:logGet(43)) - raft.server.log.appender.install.snapshot.enabled = false (custom)
2019-09-29 10:45:39,995 [pool-42-thread-1] INFO  impl.RaftServerImpl (ServerState.java:<init>(103)) - 3dbd689a-2750-45ec-99bd-6797480bf36f@group-0F18240FFC7C: ConfigurationManager, init=-1: [3dbd689a-2750-45ec-99bd-6797480bf36f:192.168.164.250:46694], old=null, confs=<EMPTY_MAP>
2019-09-29 10:45:39,995 [pool-42-thread-1] INFO  server.RaftServerConfigKeys (ConfUtils.java:logGet(43)) - raft.server.storage.dir = [/workdir/hadoop-ozone/integration-test/target/test-dir/MiniOzoneClusterImpl-f2f1897c-7c9f-4d93-a036-cb01af022a4f/datanode-1/data/ratis] (custom)
2019-09-29 10:45:39,996 [pool-42-thread-1] INFO  storage.RaftStorageDirectory (RaftStorageDirectory.java:analyzeStorage(246)) - The storage directory /workdir/hadoop-ozone/integration-test/target/test-dir/MiniOzoneClusterImpl-f2f1897c-7c9f-4d93-a036-cb01af022a4f/datanode-1/data/ratis/e40f1c29-f3c4-4696-93a4-0f18240ffc7c does not exist. Creating ...
2019-09-29 10:45:40,008 [pool-42-thread-1] INFO  storage.RaftStorageDirectory (RaftStorageDirectory.java:tryLock(328)) - Lock on /workdir/hadoop-ozone/integration-test/target/test-dir/MiniOzoneClusterImpl-f2f1897c-7c9f-4d93-a036-cb01af022a4f/datanode-1/data/ratis/e40f1c29-f3c4-4696-93a4-0f18240ffc7c/in_use.lock acquired by nodename 23044@pr-hdds-1569-p5qg8-3770903209
2019-09-29 10:45:40,022 [pool-42-thread-1] INFO  storage.RaftStorage (RaftStorage.java:format(72)) - Storage directory /workdir/hadoop-ozone/integration-test/target/test-dir/MiniOzoneClusterImpl-f2f1897c-7c9f-4d93-a036-cb01af022a4f/datanode-1/data/ratis/e40f1c29-f3c4-4696-93a4-0f18240ffc7c has been successfully formatted.
2019-09-29 10:45:40,022 [pool-42-thread-1] INFO  ratis.ContainerStateMachine (ContainerStateMachine.java:loadSnapshot(230)) - group-0F18240FFC7C: The snapshot info is null. Setting the last applied indexto:(t:0, i:~)
2019-09-29 10:45:40,022 [pool-42-thread-1] INFO  server.RaftServerConfigKeys (ConfUtils.java:logGet(43)) - raft.server.notification.no-leader.timeout = 120s (custom)
2019-09-29 10:45:40,022 [pool-42-thread-1] INFO  server.RaftServerConfigKeys (ConfUtils.java:logGet(43)) - raft.server.log.use.memory = false (default)
2019-09-29 10:45:40,022 [pool-42-thread-1] INFO  server.RaftServerConfigKeys (ConfUtils.java:logGet(43)) - raft.server.log.purge.gap = 1000000 (custom)
2019-09-29 10:45:40,022 [pool-42-thread-1] INFO  server.RaftServerConfigKeys (ConfUtils.java:logGet(43)) - raft.server.log.appender.buffer.byte-limit = 33554432 (custom)
2019-09-29 10:45:40,023 [pool-42-thread-1] INFO  server.RaftServerConfigKeys (ConfUtils.java:logGet(43)) - raft.server.log.segment.size.max = 1048576 (custom)
2019-09-29 10:45:40,023 [pool-42-thread-1] INFO  server.RaftServerConfigKeys (ConfUtils.java:logGet(43)) - raft.server.log.segment.cache.num.max = 2 (custom)
2019-09-29 10:45:40,023 [pool-42-thread-1] INFO  segmented.SegmentedRaftLogWorker (SegmentedRaftLogWorker.java:<init>(172)) - new 3dbd689a-2750-45ec-99bd-6797480bf36f@group-0F18240FFC7C-SegmentedRaftLogWorker for RaftStorage:Storage Directory /workdir/hadoop-ozone/integration-test/target/test-dir/MiniOzoneClusterImpl-f2f1897c-7c9f-4d93-a036-cb01af022a4f/datanode-1/data/ratis/e40f1c29-f3c4-4696-93a4-0f18240ffc7c
2019-09-29 10:45:40,026 [pool-42-thread-1] INFO  server.RaftServerConfigKeys (ConfUtils.java:logGet(43)) - raft.server.log.queue.byte-limit = 2147483647 (custom)
2019-09-29 10:45:40,026 [pool-42-thread-1] INFO  server.RaftServerConfigKeys (ConfUtils.java:logGet(43)) - raft.server.log.queue.element-limit = 1024 (custom)
2019-09-29 10:45:40,026 [pool-42-thread-1] INFO  server.RaftServerConfigKeys (ConfUtils.java:logGet(43)) - raft.server.log.segment.size.max = 1048576 (custom)
2019-09-29 10:45:40,026 [pool-42-thread-1] INFO  server.RaftServerConfigKeys (ConfUtils.java:logGet(43)) - raft.server.log.preallocated.size = 16384 (custom)
2019-09-29 10:45:40,026 [pool-42-thread-1] INFO  server.RaftServerConfigKeys (ConfUtils.java:logGet(43)) - raft.server.log.write.buffer.size = 33554432 (custom)
2019-09-29 10:45:40,026 [pool-42-thread-1] INFO  server.RaftServerConfigKeys (ConfUtils.java:logGet(43)) - raft.server.log.force.sync.num = 128 (default)
2019-09-29 10:45:40,026 [pool-42-thread-1] INFO  server.RaftServerConfigKeys (ConfUtils.java:logGet(43)) - raft.server.log.statemachine.data.sync = true (default)
2019-09-29 10:45:40,026 [pool-42-thread-1] INFO  server.RaftServerConfigKeys (ConfUtils.java:logGet(43)) - raft.server.log.statemachine.data.sync.timeout = 10s (default)
2019-09-29 10:45:40,027 [pool-42-thread-1] INFO  server.RaftServerConfigKeys (ConfUtils.java:logGet(43)) - raft.server.log.statemachine.data.sync.timeout.retry = -1 (default)
2019-09-29 10:45:40,027 [pool-42-thread-1] INFO  server.RaftServerConfigKeys (ConfUtils.java:logGet(43)) - raft.server.log.statemachine.data.caching.enabled = true (custom)
2019-09-29 10:45:40,027 [pool-42-thread-1] INFO  segmented.SegmentedRaftLogWorker (SegmentedRaftLogWorker.java:lambda$new$0(132)) - 3dbd689a-2750-45ec-99bd-6797480bf36f@group-0F18240FFC7C-SegmentedRaftLogWorker: flushIndex: setUnconditionally 0 -> -1
2019-09-29 10:45:40,027 [pool-42-thread-1] INFO  server.RaftServerConfigKeys (ConfUtils.java:logGet(43)) - raft.server.snapshot.auto.trigger.enabled = true (custom)
2019-09-29 10:45:40,027 [pool-42-thread-1] INFO  server.RaftServerConfigKeys (ConfUtils.java:logGet(43)) - raft.server.snapshot.auto.trigger.threshold = 10000 (custom)
2019-09-29 10:45:40,028 [pool-42-thread-1] INFO  server.RaftServerConfigKeys (ConfUtils.java:logGet(43)) - raft.server.snapshot.retention.num.files = 5 (custom)
2019-09-29 10:45:40,028 [pool-42-thread-1] INFO  server.RaftServerConfigKeys (ConfUtils.java:logGet(43)) - raft.server.retrycache.expirytime = 600000ms (custom)
2019-09-29 10:45:40,030 [pool-42-thread-1] INFO  impl.RaftServerImpl (RaftServerImpl.java:start(185)) - 3dbd689a-2750-45ec-99bd-6797480bf36f@group-0F18240FFC7C: start as a follower, conf=-1: [3dbd689a-2750-45ec-99bd-6797480bf36f:192.168.164.250:46694], old=null
2019-09-29 10:45:40,030 [pool-42-thread-1] INFO  impl.RaftServerImpl (RaftServerImpl.java:setRole(174)) - 3dbd689a-2750-45ec-99bd-6797480bf36f@group-0F18240FFC7C: changes role from      null to FOLLOWER at term 0 for startAsFollower
2019-09-29 10:45:40,030 [pool-42-thread-1] INFO  impl.RoleInfo (RoleInfo.java:updateAndGet(143)) - 3dbd689a-2750-45ec-99bd-6797480bf36f: start FollowerState
2019-09-29 10:45:40,031 [pool-42-thread-1] INFO  util.JmxRegister (JmxRegister.java:tryRegister(44)) - Successfully registered JMX Bean with object name Ratis:service=RaftServer,group=group-0F18240FFC7C,id=3dbd689a-2750-45ec-99bd-6797480bf36f
2019-09-29 10:45:40,042 [RatisPipelineUtilsThread] INFO  pipeline.PipelineStateManager (PipelineStateManager.java:addPipeline(56)) - Created pipeline Pipeline[ Id: e40f1c29-f3c4-4696-93a4-0f18240ffc7c, Nodes: 3dbd689a-2750-45ec-99bd-6797480bf36f{ip: 192.168.164.250, host: pr-hdds-1569-p5qg8-3770903209, networkLocation: /default-rack, certSerialId: null}, Type:RATIS, Factor:ONE, State:OPEN]
2019-09-29 10:45:40,058 [grpc-default-executor-0] INFO  impl.RaftServerProxy (RaftServerProxy.java:addNew(89)) - 19ac22ad-a7e8-44db-a57e-9403c5c93f71: addNew group-9760FE285B0C:[19ac22ad-a7e8-44db-a57e-9403c5c93f71:192.168.164.250:42136] returns group-9760FE285B0C:java.util.concurrent.CompletableFuture@458f2a18[Not completed]
2019-09-29 10:45:40,063 [pool-102-thread-1] INFO  impl.RaftServerImpl (RaftServerImpl.java:<init>(95)) - 19ac22ad-a7e8-44db-a57e-9403c5c93f71: new RaftServerImpl for group-9760FE285B0C:[19ac22ad-a7e8-44db-a57e-9403c5c93f71:192.168.164.250:42136] with ContainerStateMachine:uninitialized
2019-09-29 10:45:40,063 [pool-102-thread-1] INFO  server.RaftServerConfigKeys (ConfUtils.java:logGet(43)) - raft.server.rpc.timeout.min = 5s (custom)
2019-09-29 10:45:40,063 [pool-102-thread-1] INFO  server.RaftServerConfigKeys (ConfUtils.java:logGet(43)) - raft.server.rpc.timeout.max = 5200ms (custom)
2019-09-29 10:45:40,064 [pool-102-thread-1] INFO  server.RaftServerConfigKeys (ConfUtils.java:logGet(43)) - raft.server.rpcslowness.timeout = 120s (custom)
2019-09-29 10:45:40,064 [pool-102-thread-1] INFO  server.RaftServerConfigKeys (ConfUtils.java:logGet(43)) - raft.server.sleep.deviation.threshold = 300 (default)
2019-09-29 10:45:40,064 [pool-102-thread-1] INFO  server.RaftServerConfigKeys (ConfUtils.java:logGet(43)) - raft.server.log.appender.install.snapshot.enabled = false (custom)
2019-09-29 10:45:40,064 [pool-102-thread-1] INFO  impl.RaftServerImpl (ServerState.java:<init>(103)) - 19ac22ad-a7e8-44db-a57e-9403c5c93f71@group-9760FE285B0C: ConfigurationManager, init=-1: [19ac22ad-a7e8-44db-a57e-9403c5c93f71:192.168.164.250:42136], old=null, confs=<EMPTY_MAP>
2019-09-29 10:45:40,064 [pool-102-thread-1] INFO  server.RaftServerConfigKeys (ConfUtils.java:logGet(43)) - raft.server.storage.dir = [/workdir/hadoop-ozone/integration-test/target/test-dir/MiniOzoneClusterImpl-f2f1897c-7c9f-4d93-a036-cb01af022a4f/datanode-7/data/ratis] (custom)
2019-09-29 10:45:40,065 [pool-102-thread-1] INFO  storage.RaftStorageDirectory (RaftStorageDirectory.java:analyzeStorage(246)) - The storage directory /workdir/hadoop-ozone/integration-test/target/test-dir/MiniOzoneClusterImpl-f2f1897c-7c9f-4d93-a036-cb01af022a4f/datanode-7/data/ratis/fc5bd6f4-f00d-429f-96b9-9760fe285b0c does not exist. Creating ...
2019-09-29 10:45:40,078 [pool-102-thread-1] INFO  storage.RaftStorageDirectory (RaftStorageDirectory.java:tryLock(328)) - Lock on /workdir/hadoop-ozone/integration-test/target/test-dir/MiniOzoneClusterImpl-f2f1897c-7c9f-4d93-a036-cb01af022a4f/datanode-7/data/ratis/fc5bd6f4-f00d-429f-96b9-9760fe285b0c/in_use.lock acquired by nodename 23044@pr-hdds-1569-p5qg8-3770903209
2019-09-29 10:45:40,104 [pool-102-thread-1] INFO  storage.RaftStorage (RaftStorage.java:format(72)) - Storage directory /workdir/hadoop-ozone/integration-test/target/test-dir/MiniOzoneClusterImpl-f2f1897c-7c9f-4d93-a036-cb01af022a4f/datanode-7/data/ratis/fc5bd6f4-f00d-429f-96b9-9760fe285b0c has been successfully formatted.
2019-09-29 10:45:40,104 [pool-102-thread-1] INFO  ratis.ContainerStateMachine (ContainerStateMachine.java:loadSnapshot(230)) - group-9760FE285B0C: The snapshot info is null. Setting the last applied indexto:(t:0, i:~)
2019-09-29 10:45:40,105 [pool-102-thread-1] INFO  server.RaftServerConfigKeys (ConfUtils.java:logGet(43)) - raft.server.notification.no-leader.timeout = 120s (custom)
2019-09-29 10:45:40,105 [pool-102-thread-1] INFO  server.RaftServerConfigKeys (ConfUtils.java:logGet(43)) - raft.server.log.use.memory = false (default)
2019-09-29 10:45:40,106 [pool-102-thread-1] INFO  server.RaftServerConfigKeys (ConfUtils.java:logGet(43)) - raft.server.log.purge.gap = 1000000 (custom)
2019-09-29 10:45:40,106 [pool-102-thread-1] INFO  server.RaftServerConfigKeys (ConfUtils.java:logGet(43)) - raft.server.log.appender.buffer.byte-limit = 33554432 (custom)
2019-09-29 10:45:40,106 [pool-102-thread-1] INFO  server.RaftServerConfigKeys (ConfUtils.java:logGet(43)) - raft.server.log.segment.size.max = 1048576 (custom)
2019-09-29 10:45:40,106 [pool-102-thread-1] INFO  server.RaftServerConfigKeys (ConfUtils.java:logGet(43)) - raft.server.log.segment.cache.num.max = 2 (custom)
2019-09-29 10:45:40,107 [pool-102-thread-1] INFO  segmented.SegmentedRaftLogWorker (SegmentedRaftLogWorker.java:<init>(172)) - new 19ac22ad-a7e8-44db-a57e-9403c5c93f71@group-9760FE285B0C-SegmentedRaftLogWorker for RaftStorage:Storage Directory /workdir/hadoop-ozone/integration-test/target/test-dir/MiniOzoneClusterImpl-f2f1897c-7c9f-4d93-a036-cb01af022a4f/datanode-7/data/ratis/fc5bd6f4-f00d-429f-96b9-9760fe285b0c
2019-09-29 10:45:40,109 [pool-102-thread-1] INFO  server.RaftServerConfigKeys (ConfUtils.java:logGet(43)) - raft.server.log.queue.byte-limit = 2147483647 (custom)
2019-09-29 10:45:40,109 [pool-102-thread-1] INFO  server.RaftServerConfigKeys (ConfUtils.java:logGet(43)) - raft.server.log.queue.element-limit = 1024 (custom)
2019-09-29 10:45:40,109 [pool-102-thread-1] INFO  server.RaftServerConfigKeys (ConfUtils.java:logGet(43)) - raft.server.log.segment.size.max = 1048576 (custom)
2019-09-29 10:45:40,110 [pool-102-thread-1] INFO  server.RaftServerConfigKeys (ConfUtils.java:logGet(43)) - raft.server.log.preallocated.size = 16384 (custom)
2019-09-29 10:45:40,110 [pool-102-thread-1] INFO  server.RaftServerConfigKeys (ConfUtils.java:logGet(43)) - raft.server.log.write.buffer.size = 33554432 (custom)
2019-09-29 10:45:40,110 [pool-102-thread-1] INFO  server.RaftServerConfigKeys (ConfUtils.java:logGet(43)) - raft.server.log.force.sync.num = 128 (default)
2019-09-29 10:45:40,110 [pool-102-thread-1] INFO  server.RaftServerConfigKeys (ConfUtils.java:logGet(43)) - raft.server.log.statemachine.data.sync = true (default)
2019-09-29 10:45:40,110 [pool-102-thread-1] INFO  server.RaftServerConfigKeys (ConfUtils.java:logGet(43)) - raft.server.log.statemachine.data.sync.timeout = 10s (default)
2019-09-29 10:45:40,110 [pool-102-thread-1] INFO  server.RaftServerConfigKeys (ConfUtils.java:logGet(43)) - raft.server.log.statemachine.data.sync.timeout.retry = -1 (default)
2019-09-29 10:45:40,110 [pool-102-thread-1] INFO  server.RaftServerConfigKeys (ConfUtils.java:logGet(43)) - raft.server.log.statemachine.data.caching.enabled = true (custom)
2019-09-29 10:45:40,111 [pool-102-thread-1] INFO  segmented.SegmentedRaftLogWorker (SegmentedRaftLogWorker.java:lambda$new$0(132)) - 19ac22ad-a7e8-44db-a57e-9403c5c93f71@group-9760FE285B0C-SegmentedRaftLogWorker: flushIndex: setUnconditionally 0 -> -1
2019-09-29 10:45:40,111 [pool-102-thread-1] INFO  server.RaftServerConfigKeys (ConfUtils.java:logGet(43)) - raft.server.snapshot.auto.trigger.enabled = true (custom)
2019-09-29 10:45:40,111 [pool-102-thread-1] INFO  server.RaftServerConfigKeys (ConfUtils.java:logGet(43)) - raft.server.snapshot.auto.trigger.threshold = 10000 (custom)
2019-09-29 10:45:40,111 [pool-102-thread-1] INFO  server.RaftServerConfigKeys (ConfUtils.java:logGet(43)) - raft.server.snapshot.retention.num.files = 5 (custom)
2019-09-29 10:45:40,112 [pool-102-thread-1] INFO  server.RaftServerConfigKeys (ConfUtils.java:logGet(43)) - raft.server.retrycache.expirytime = 600000ms (custom)
2019-09-29 10:45:40,113 [pool-102-thread-1] INFO  impl.RaftServerImpl (RaftServerImpl.java:start(185)) - 19ac22ad-a7e8-44db-a57e-9403c5c93f71@group-9760FE285B0C: start as a follower, conf=-1: [19ac22ad-a7e8-44db-a57e-9403c5c93f71:192.168.164.250:42136], old=null
2019-09-29 10:45:40,114 [pool-102-thread-1] INFO  impl.RaftServerImpl (RaftServerImpl.java:setRole(174)) - 19ac22ad-a7e8-44db-a57e-9403c5c93f71@group-9760FE285B0C: changes role from      null to FOLLOWER at term 0 for startAsFollower
2019-09-29 10:45:40,114 [pool-102-thread-1] INFO  impl.RoleInfo (RoleInfo.java:updateAndGet(143)) - 19ac22ad-a7e8-44db-a57e-9403c5c93f71: start FollowerState
2019-09-29 10:45:40,114 [pool-102-thread-1] INFO  util.JmxRegister (JmxRegister.java:tryRegister(44)) - Successfully registered JMX Bean with object name Ratis:service=RaftServer,group=group-9760FE285B0C,id=19ac22ad-a7e8-44db-a57e-9403c5c93f71
2019-09-29 10:45:40,152 [RatisPipelineUtilsThread] INFO  pipeline.PipelineStateManager (PipelineStateManager.java:addPipeline(56)) - Created pipeline Pipeline[ Id: fc5bd6f4-f00d-429f-96b9-9760fe285b0c, Nodes: 19ac22ad-a7e8-44db-a57e-9403c5c93f71{ip: 192.168.164.250, host: pr-hdds-1569-p5qg8-3770903209, networkLocation: /default-rack, certSerialId: null}, Type:RATIS, Factor:ONE, State:OPEN]
2019-09-29 10:45:40,167 [grpc-default-executor-0] INFO  impl.RaftServerProxy (RaftServerProxy.java:addNew(89)) - e4db0e37-bc49-4be6-9bd0-4993ec9e8976: addNew group-79C0F2EA35AD:[e4db0e37-bc49-4be6-9bd0-4993ec9e8976:192.168.164.250:46823] returns group-79C0F2EA35AD:java.util.concurrent.CompletableFuture@4d8e246d[Not completed]
2019-09-29 10:45:40,177 [pool-122-thread-1] INFO  impl.RaftServerImpl (RaftServerImpl.java:<init>(95)) - e4db0e37-bc49-4be6-9bd0-4993ec9e8976: new RaftServerImpl for group-79C0F2EA35AD:[e4db0e37-bc49-4be6-9bd0-4993ec9e8976:192.168.164.250:46823] with ContainerStateMachine:uninitialized
2019-09-29 10:45:40,177 [pool-122-thread-1] INFO  server.RaftServerConfigKeys (ConfUtils.java:logGet(43)) - raft.server.rpc.timeout.min = 5s (custom)
2019-09-29 10:45:40,177 [pool-122-thread-1] INFO  server.RaftServerConfigKeys (ConfUtils.java:logGet(43)) - raft.server.rpc.timeout.max = 5200ms (custom)
2019-09-29 10:45:40,177 [pool-122-thread-1] INFO  server.RaftServerConfigKeys (ConfUtils.java:logGet(43)) - raft.server.rpcslowness.timeout = 120s (custom)
2019-09-29 10:45:40,177 [pool-122-thread-1] INFO  server.RaftServerConfigKeys (ConfUtils.java:logGet(43)) - raft.server.sleep.deviation.threshold = 300 (default)
2019-09-29 10:45:40,177 [pool-122-thread-1] INFO  server.RaftServerConfigKeys (ConfUtils.java:logGet(43)) - raft.server.log.appender.install.snapshot.enabled = false (custom)
2019-09-29 10:45:40,177 [pool-122-thread-1] INFO  impl.RaftServerImpl (ServerState.java:<init>(103)) - e4db0e37-bc49-4be6-9bd0-4993ec9e8976@group-79C0F2EA35AD: ConfigurationManager, init=-1: [e4db0e37-bc49-4be6-9bd0-4993ec9e8976:192.168.164.250:46823], old=null, confs=<EMPTY_MAP>
2019-09-29 10:45:40,178 [pool-122-thread-1] INFO  server.RaftServerConfigKeys (ConfUtils.java:logGet(43)) - raft.server.storage.dir = [/workdir/hadoop-ozone/integration-test/target/test-dir/MiniOzoneClusterImpl-f2f1897c-7c9f-4d93-a036-cb01af022a4f/datanode-9/data/ratis] (custom)
2019-09-29 10:45:40,178 [pool-122-thread-1] INFO  storage.RaftStorageDirectory (RaftStorageDirectory.java:analyzeStorage(246)) - The storage directory /workdir/hadoop-ozone/integration-test/target/test-dir/MiniOzoneClusterImpl-f2f1897c-7c9f-4d93-a036-cb01af022a4f/datanode-9/data/ratis/64922874-00b1-45f0-9336-79c0f2ea35ad does not exist. Creating ...
2019-09-29 10:45:40,190 [pool-122-thread-1] INFO  storage.RaftStorageDirectory (RaftStorageDirectory.java:tryLock(328)) - Lock on /workdir/hadoop-ozone/integration-test/target/test-dir/MiniOzoneClusterImpl-f2f1897c-7c9f-4d93-a036-cb01af022a4f/datanode-9/data/ratis/64922874-00b1-45f0-9336-79c0f2ea35ad/in_use.lock acquired by nodename 23044@pr-hdds-1569-p5qg8-3770903209
2019-09-29 10:45:40,202 [pool-122-thread-1] INFO  storage.RaftStorage (RaftStorage.java:format(72)) - Storage directory /workdir/hadoop-ozone/integration-test/target/test-dir/MiniOzoneClusterImpl-f2f1897c-7c9f-4d93-a036-cb01af022a4f/datanode-9/data/ratis/64922874-00b1-45f0-9336-79c0f2ea35ad has been successfully formatted.
2019-09-29 10:45:40,202 [pool-122-thread-1] INFO  ratis.ContainerStateMachine (ContainerStateMachine.java:loadSnapshot(230)) - group-79C0F2EA35AD: The snapshot info is null. Setting the last applied indexto:(t:0, i:~)
2019-09-29 10:45:40,202 [pool-122-thread-1] INFO  server.RaftServerConfigKeys (ConfUtils.java:logGet(43)) - raft.server.notification.no-leader.timeout = 120s (custom)
2019-09-29 10:45:40,202 [pool-122-thread-1] INFO  server.RaftServerConfigKeys (ConfUtils.java:logGet(43)) - raft.server.log.use.memory = false (default)
2019-09-29 10:45:40,202 [pool-122-thread-1] INFO  server.RaftServerConfigKeys (ConfUtils.java:logGet(43)) - raft.server.log.purge.gap = 1000000 (custom)
2019-09-29 10:45:40,202 [pool-122-thread-1] INFO  server.RaftServerConfigKeys (ConfUtils.java:logGet(43)) - raft.server.log.appender.buffer.byte-limit = 33554432 (custom)
2019-09-29 10:45:40,203 [pool-122-thread-1] INFO  server.RaftServerConfigKeys (ConfUtils.java:logGet(43)) - raft.server.log.segment.size.max = 1048576 (custom)
2019-09-29 10:45:40,203 [pool-122-thread-1] INFO  server.RaftServerConfigKeys (ConfUtils.java:logGet(43)) - raft.server.log.segment.cache.num.max = 2 (custom)
2019-09-29 10:45:40,203 [pool-122-thread-1] INFO  segmented.SegmentedRaftLogWorker (SegmentedRaftLogWorker.java:<init>(172)) - new e4db0e37-bc49-4be6-9bd0-4993ec9e8976@group-79C0F2EA35AD-SegmentedRaftLogWorker for RaftStorage:Storage Directory /workdir/hadoop-ozone/integration-test/target/test-dir/MiniOzoneClusterImpl-f2f1897c-7c9f-4d93-a036-cb01af022a4f/datanode-9/data/ratis/64922874-00b1-45f0-9336-79c0f2ea35ad
2019-09-29 10:45:40,205 [pool-122-thread-1] INFO  server.RaftServerConfigKeys (ConfUtils.java:logGet(43)) - raft.server.log.queue.byte-limit = 2147483647 (custom)
2019-09-29 10:45:40,205 [pool-122-thread-1] INFO  server.RaftServerConfigKeys (ConfUtils.java:logGet(43)) - raft.server.log.queue.element-limit = 1024 (custom)
2019-09-29 10:45:40,205 [pool-122-thread-1] INFO  server.RaftServerConfigKeys (ConfUtils.java:logGet(43)) - raft.server.log.segment.size.max = 1048576 (custom)
2019-09-29 10:45:40,205 [pool-122-thread-1] INFO  server.RaftServerConfigKeys (ConfUtils.java:logGet(43)) - raft.server.log.preallocated.size = 16384 (custom)
2019-09-29 10:45:40,205 [pool-122-thread-1] INFO  server.RaftServerConfigKeys (ConfUtils.java:logGet(43)) - raft.server.log.write.buffer.size = 33554432 (custom)
2019-09-29 10:45:40,205 [pool-122-thread-1] INFO  server.RaftServerConfigKeys (ConfUtils.java:logGet(43)) - raft.server.log.force.sync.num = 128 (default)
2019-09-29 10:45:40,205 [pool-122-thread-1] INFO  server.RaftServerConfigKeys (ConfUtils.java:logGet(43)) - raft.server.log.statemachine.data.sync = true (default)
2019-09-29 10:45:40,206 [pool-122-thread-1] INFO  server.RaftServerConfigKeys (ConfUtils.java:logGet(43)) - raft.server.log.statemachine.data.sync.timeout = 10s (default)
2019-09-29 10:45:40,206 [pool-122-thread-1] INFO  server.RaftServerConfigKeys (ConfUtils.java:logGet(43)) - raft.server.log.statemachine.data.sync.timeout.retry = -1 (default)
2019-09-29 10:45:40,206 [pool-122-thread-1] INFO  server.RaftServerConfigKeys (ConfUtils.java:logGet(43)) - raft.server.log.statemachine.data.caching.enabled = true (custom)
2019-09-29 10:45:40,206 [pool-122-thread-1] INFO  segmented.SegmentedRaftLogWorker (SegmentedRaftLogWorker.java:lambda$new$0(132)) - e4db0e37-bc49-4be6-9bd0-4993ec9e8976@group-79C0F2EA35AD-SegmentedRaftLogWorker: flushIndex: setUnconditionally 0 -> -1
2019-09-29 10:45:40,206 [pool-122-thread-1] INFO  server.RaftServerConfigKeys (ConfUtils.java:logGet(43)) - raft.server.snapshot.auto.trigger.enabled = true (custom)
2019-09-29 10:45:40,206 [pool-122-thread-1] INFO  server.RaftServerConfigKeys (ConfUtils.java:logGet(43)) - raft.server.snapshot.auto.trigger.threshold = 10000 (custom)
2019-09-29 10:45:40,207 [pool-122-thread-1] INFO  server.RaftServerConfigKeys (ConfUtils.java:logGet(43)) - raft.server.snapshot.retention.num.files = 5 (custom)
2019-09-29 10:45:40,207 [pool-122-thread-1] INFO  server.RaftServerConfigKeys (ConfUtils.java:logGet(43)) - raft.server.retrycache.expirytime = 600000ms (custom)
2019-09-29 10:45:40,208 [pool-122-thread-1] INFO  impl.RaftServerImpl (RaftServerImpl.java:start(185)) - e4db0e37-bc49-4be6-9bd0-4993ec9e8976@group-79C0F2EA35AD: start as a follower, conf=-1: [e4db0e37-bc49-4be6-9bd0-4993ec9e8976:192.168.164.250:46823], old=null
2019-09-29 10:45:40,209 [pool-122-thread-1] INFO  impl.RaftServerImpl (RaftServerImpl.java:setRole(174)) - e4db0e37-bc49-4be6-9bd0-4993ec9e8976@group-79C0F2EA35AD: changes role from      null to FOLLOWER at term 0 for startAsFollower
2019-09-29 10:45:40,209 [pool-122-thread-1] INFO  impl.RoleInfo (RoleInfo.java:updateAndGet(143)) - e4db0e37-bc49-4be6-9bd0-4993ec9e8976: start FollowerState
2019-09-29 10:45:40,209 [pool-122-thread-1] INFO  util.JmxRegister (JmxRegister.java:tryRegister(44)) - Successfully registered JMX Bean with object name Ratis:service=RaftServer,group=group-79C0F2EA35AD,id=e4db0e37-bc49-4be6-9bd0-4993ec9e8976
2019-09-29 10:45:40,221 [RatisPipelineUtilsThread] INFO  pipeline.PipelineStateManager (PipelineStateManager.java:addPipeline(56)) - Created pipeline Pipeline[ Id: 64922874-00b1-45f0-9336-79c0f2ea35ad, Nodes: e4db0e37-bc49-4be6-9bd0-4993ec9e8976{ip: 192.168.164.250, host: pr-hdds-1569-p5qg8-3770903209, networkLocation: /default-rack, certSerialId: null}, Type:RATIS, Factor:ONE, State:OPEN]
2019-09-29 10:45:40,238 [grpc-default-executor-0] INFO  impl.RaftServerProxy (RaftServerProxy.java:addNew(89)) - 7574d721-5bcf-4f23-8a98-e60195e51239: addNew group-1360A873DE8D:[7574d721-5bcf-4f23-8a98-e60195e51239:192.168.164.250:44824] returns group-1360A873DE8D:java.util.concurrent.CompletableFuture@17c34bef[Not completed]
2019-09-29 10:45:40,240 [pool-52-thread-1] INFO  impl.RaftServerImpl (RaftServerImpl.java:<init>(95)) - 7574d721-5bcf-4f23-8a98-e60195e51239: new RaftServerImpl for group-1360A873DE8D:[7574d721-5bcf-4f23-8a98-e60195e51239:192.168.164.250:44824] with ContainerStateMachine:uninitialized
2019-09-29 10:45:40,240 [pool-52-thread-1] INFO  server.RaftServerConfigKeys (ConfUtils.java:logGet(43)) - raft.server.rpc.timeout.min = 5s (custom)
2019-09-29 10:45:40,240 [pool-52-thread-1] INFO  server.RaftServerConfigKeys (ConfUtils.java:logGet(43)) - raft.server.rpc.timeout.max = 5200ms (custom)
2019-09-29 10:45:40,240 [pool-52-thread-1] INFO  server.RaftServerConfigKeys (ConfUtils.java:logGet(43)) - raft.server.rpcslowness.timeout = 120s (custom)
2019-09-29 10:45:40,240 [pool-52-thread-1] INFO  server.RaftServerConfigKeys (ConfUtils.java:logGet(43)) - raft.server.sleep.deviation.threshold = 300 (default)
2019-09-29 10:45:40,240 [pool-52-thread-1] INFO  server.RaftServerConfigKeys (ConfUtils.java:logGet(43)) - raft.server.log.appender.install.snapshot.enabled = false (custom)
2019-09-29 10:45:40,240 [pool-52-thread-1] INFO  impl.RaftServerImpl (ServerState.java:<init>(103)) - 7574d721-5bcf-4f23-8a98-e60195e51239@group-1360A873DE8D: ConfigurationManager, init=-1: [7574d721-5bcf-4f23-8a98-e60195e51239:192.168.164.250:44824], old=null, confs=<EMPTY_MAP>
2019-09-29 10:45:40,240 [pool-52-thread-1] INFO  server.RaftServerConfigKeys (ConfUtils.java:logGet(43)) - raft.server.storage.dir = [/workdir/hadoop-ozone/integration-test/target/test-dir/MiniOzoneClusterImpl-f2f1897c-7c9f-4d93-a036-cb01af022a4f/datanode-2/data/ratis] (custom)
2019-09-29 10:45:40,241 [pool-52-thread-1] INFO  storage.RaftStorageDirectory (RaftStorageDirectory.java:analyzeStorage(246)) - The storage directory /workdir/hadoop-ozone/integration-test/target/test-dir/MiniOzoneClusterImpl-f2f1897c-7c9f-4d93-a036-cb01af022a4f/datanode-2/data/ratis/740e4d8b-0ff6-4365-9651-1360a873de8d does not exist. Creating ...
2019-09-29 10:45:40,253 [pool-52-thread-1] INFO  storage.RaftStorageDirectory (RaftStorageDirectory.java:tryLock(328)) - Lock on /workdir/hadoop-ozone/integration-test/target/test-dir/MiniOzoneClusterImpl-f2f1897c-7c9f-4d93-a036-cb01af022a4f/datanode-2/data/ratis/740e4d8b-0ff6-4365-9651-1360a873de8d/in_use.lock acquired by nodename 23044@pr-hdds-1569-p5qg8-3770903209
2019-09-29 10:45:40,266 [pool-52-thread-1] INFO  storage.RaftStorage (RaftStorage.java:format(72)) - Storage directory /workdir/hadoop-ozone/integration-test/target/test-dir/MiniOzoneClusterImpl-f2f1897c-7c9f-4d93-a036-cb01af022a4f/datanode-2/data/ratis/740e4d8b-0ff6-4365-9651-1360a873de8d has been successfully formatted.
2019-09-29 10:45:40,266 [pool-52-thread-1] INFO  ratis.ContainerStateMachine (ContainerStateMachine.java:loadSnapshot(230)) - group-1360A873DE8D: The snapshot info is null. Setting the last applied indexto:(t:0, i:~)
2019-09-29 10:45:40,266 [pool-52-thread-1] INFO  server.RaftServerConfigKeys (ConfUtils.java:logGet(43)) - raft.server.notification.no-leader.timeout = 120s (custom)
2019-09-29 10:45:40,267 [pool-52-thread-1] INFO  server.RaftServerConfigKeys (ConfUtils.java:logGet(43)) - raft.server.log.use.memory = false (default)
2019-09-29 10:45:40,267 [pool-52-thread-1] INFO  server.RaftServerConfigKeys (ConfUtils.java:logGet(43)) - raft.server.log.purge.gap = 1000000 (custom)
2019-09-29 10:45:40,267 [pool-52-thread-1] INFO  server.RaftServerConfigKeys (ConfUtils.java:logGet(43)) - raft.server.log.appender.buffer.byte-limit = 33554432 (custom)
2019-09-29 10:45:40,267 [pool-52-thread-1] INFO  server.RaftServerConfigKeys (ConfUtils.java:logGet(43)) - raft.server.log.segment.size.max = 1048576 (custom)
2019-09-29 10:45:40,267 [pool-52-thread-1] INFO  server.RaftServerConfigKeys (ConfUtils.java:logGet(43)) - raft.server.log.segment.cache.num.max = 2 (custom)
2019-09-29 10:45:40,267 [pool-52-thread-1] INFO  segmented.SegmentedRaftLogWorker (SegmentedRaftLogWorker.java:<init>(172)) - new 7574d721-5bcf-4f23-8a98-e60195e51239@group-1360A873DE8D-SegmentedRaftLogWorker for RaftStorage:Storage Directory /workdir/hadoop-ozone/integration-test/target/test-dir/MiniOzoneClusterImpl-f2f1897c-7c9f-4d93-a036-cb01af022a4f/datanode-2/data/ratis/740e4d8b-0ff6-4365-9651-1360a873de8d
2019-09-29 10:45:40,270 [pool-52-thread-1] INFO  server.RaftServerConfigKeys (ConfUtils.java:logGet(43)) - raft.server.log.queue.byte-limit = 2147483647 (custom)
2019-09-29 10:45:40,270 [pool-52-thread-1] INFO  server.RaftServerConfigKeys (ConfUtils.java:logGet(43)) - raft.server.log.queue.element-limit = 1024 (custom)
2019-09-29 10:45:40,270 [pool-52-thread-1] INFO  server.RaftServerConfigKeys (ConfUtils.java:logGet(43)) - raft.server.log.segment.size.max = 1048576 (custom)
2019-09-29 10:45:40,270 [pool-52-thread-1] INFO  server.RaftServerConfigKeys (ConfUtils.java:logGet(43)) - raft.server.log.preallocated.size = 16384 (custom)
2019-09-29 10:45:40,270 [pool-52-thread-1] INFO  server.RaftServerConfigKeys (ConfUtils.java:logGet(43)) - raft.server.log.write.buffer.size = 33554432 (custom)
2019-09-29 10:45:40,270 [pool-52-thread-1] INFO  server.RaftServerConfigKeys (ConfUtils.java:logGet(43)) - raft.server.log.force.sync.num = 128 (default)
2019-09-29 10:45:40,270 [pool-52-thread-1] INFO  server.RaftServerConfigKeys (ConfUtils.java:logGet(43)) - raft.server.log.statemachine.data.sync = true (default)
2019-09-29 10:45:40,270 [pool-52-thread-1] INFO  server.RaftServerConfigKeys (ConfUtils.java:logGet(43)) - raft.server.log.statemachine.data.sync.timeout = 10s (default)
2019-09-29 10:45:40,270 [pool-52-thread-1] INFO  server.RaftServerConfigKeys (ConfUtils.java:logGet(43)) - raft.server.log.statemachine.data.sync.timeout.retry = -1 (default)
2019-09-29 10:45:40,271 [pool-52-thread-1] INFO  server.RaftServerConfigKeys (ConfUtils.java:logGet(43)) - raft.server.log.statemachine.data.caching.enabled = true (custom)
2019-09-29 10:45:40,271 [pool-52-thread-1] INFO  segmented.SegmentedRaftLogWorker (SegmentedRaftLogWorker.java:lambda$new$0(132)) - 7574d721-5bcf-4f23-8a98-e60195e51239@group-1360A873DE8D-SegmentedRaftLogWorker: flushIndex: setUnconditionally 0 -> -1
2019-09-29 10:45:40,271 [pool-52-thread-1] INFO  server.RaftServerConfigKeys (ConfUtils.java:logGet(43)) - raft.server.snapshot.auto.trigger.enabled = true (custom)
2019-09-29 10:45:40,271 [pool-52-thread-1] INFO  server.RaftServerConfigKeys (ConfUtils.java:logGet(43)) - raft.server.snapshot.auto.trigger.threshold = 10000 (custom)
2019-09-29 10:45:40,271 [pool-52-thread-1] INFO  server.RaftServerConfigKeys (ConfUtils.java:logGet(43)) - raft.server.snapshot.retention.num.files = 5 (custom)
2019-09-29 10:45:40,272 [pool-52-thread-1] INFO  server.RaftServerConfigKeys (ConfUtils.java:logGet(43)) - raft.server.retrycache.expirytime = 600000ms (custom)
2019-09-29 10:45:40,274 [pool-52-thread-1] INFO  impl.RaftServerImpl (RaftServerImpl.java:start(185)) - 7574d721-5bcf-4f23-8a98-e60195e51239@group-1360A873DE8D: start as a follower, conf=-1: [7574d721-5bcf-4f23-8a98-e60195e51239:192.168.164.250:44824], old=null
2019-09-29 10:45:40,274 [pool-52-thread-1] INFO  impl.RaftServerImpl (RaftServerImpl.java:setRole(174)) - 7574d721-5bcf-4f23-8a98-e60195e51239@group-1360A873DE8D: changes role from      null to FOLLOWER at term 0 for startAsFollower
2019-09-29 10:45:40,274 [pool-52-thread-1] INFO  impl.RoleInfo (RoleInfo.java:updateAndGet(143)) - 7574d721-5bcf-4f23-8a98-e60195e51239: start FollowerState
2019-09-29 10:45:40,274 [pool-52-thread-1] INFO  util.JmxRegister (JmxRegister.java:tryRegister(44)) - Successfully registered JMX Bean with object name Ratis:service=RaftServer,group=group-1360A873DE8D,id=7574d721-5bcf-4f23-8a98-e60195e51239
2019-09-29 10:45:40,285 [RatisPipelineUtilsThread] INFO  pipeline.PipelineStateManager (PipelineStateManager.java:addPipeline(56)) - Created pipeline Pipeline[ Id: 740e4d8b-0ff6-4365-9651-1360a873de8d, Nodes: 7574d721-5bcf-4f23-8a98-e60195e51239{ip: 192.168.164.250, host: pr-hdds-1569-p5qg8-3770903209, networkLocation: /default-rack, certSerialId: null}, Type:RATIS, Factor:ONE, State:OPEN]
2019-09-29 10:45:40,308 [grpc-default-executor-0] INFO  impl.RaftServerProxy (RaftServerProxy.java:addNew(89)) - b4c55648-87b6-4e79-b00f-c984487255b4: addNew group-2DF386AA6023:[b4c55648-87b6-4e79-b00f-c984487255b4:192.168.164.250:43919] returns group-2DF386AA6023:java.util.concurrent.CompletableFuture@2005c6f8[Not completed]
2019-09-29 10:45:40,631 [main] INFO  ozone.MiniOzoneClusterImpl (MiniOzoneClusterImpl.java:getStorageContainerLocationClient(234)) - Creating StorageContainerLocationProtocol RPC client with address /0.0.0.0:41470
2019-09-29 10:45:40,743 [pool-112-thread-1] INFO  impl.RaftServerImpl (RaftServerImpl.java:<init>(95)) - b4c55648-87b6-4e79-b00f-c984487255b4: new RaftServerImpl for group-2DF386AA6023:[b4c55648-87b6-4e79-b00f-c984487255b4:192.168.164.250:43919] with ContainerStateMachine:uninitialized
2019-09-29 10:45:40,743 [pool-112-thread-1] INFO  server.RaftServerConfigKeys (ConfUtils.java:logGet(43)) - raft.server.rpc.timeout.min = 5s (custom)
2019-09-29 10:45:40,743 [pool-112-thread-1] INFO  server.RaftServerConfigKeys (ConfUtils.java:logGet(43)) - raft.server.rpc.timeout.max = 5200ms (custom)
2019-09-29 10:45:40,744 [pool-112-thread-1] INFO  server.RaftServerConfigKeys (ConfUtils.java:logGet(43)) - raft.server.rpcslowness.timeout = 120s (custom)
2019-09-29 10:45:40,744 [pool-112-thread-1] INFO  server.RaftServerConfigKeys (ConfUtils.java:logGet(43)) - raft.server.sleep.deviation.threshold = 300 (default)
2019-09-29 10:45:40,744 [pool-112-thread-1] INFO  server.RaftServerConfigKeys (ConfUtils.java:logGet(43)) - raft.server.log.appender.install.snapshot.enabled = false (custom)
2019-09-29 10:45:40,744 [pool-112-thread-1] INFO  impl.RaftServerImpl (ServerState.java:<init>(103)) - b4c55648-87b6-4e79-b00f-c984487255b4@group-2DF386AA6023: ConfigurationManager, init=-1: [b4c55648-87b6-4e79-b00f-c984487255b4:192.168.164.250:43919], old=null, confs=<EMPTY_MAP>
2019-09-29 10:45:40,744 [pool-112-thread-1] INFO  server.RaftServerConfigKeys (ConfUtils.java:logGet(43)) - raft.server.storage.dir = [/workdir/hadoop-ozone/integration-test/target/test-dir/MiniOzoneClusterImpl-f2f1897c-7c9f-4d93-a036-cb01af022a4f/datanode-8/data/ratis] (custom)
2019-09-29 10:45:40,745 [pool-112-thread-1] INFO  storage.RaftStorageDirectory (RaftStorageDirectory.java:analyzeStorage(246)) - The storage directory /workdir/hadoop-ozone/integration-test/target/test-dir/MiniOzoneClusterImpl-f2f1897c-7c9f-4d93-a036-cb01af022a4f/datanode-8/data/ratis/969dd3d4-1cac-45ee-8c36-2df386aa6023 does not exist. Creating ...
2019-09-29 10:45:40,758 [pool-112-thread-1] INFO  storage.RaftStorageDirectory (RaftStorageDirectory.java:tryLock(328)) - Lock on /workdir/hadoop-ozone/integration-test/target/test-dir/MiniOzoneClusterImpl-f2f1897c-7c9f-4d93-a036-cb01af022a4f/datanode-8/data/ratis/969dd3d4-1cac-45ee-8c36-2df386aa6023/in_use.lock acquired by nodename 23044@pr-hdds-1569-p5qg8-3770903209
2019-09-29 10:45:40,772 [pool-112-thread-1] INFO  storage.RaftStorage (RaftStorage.java:format(72)) - Storage directory /workdir/hadoop-ozone/integration-test/target/test-dir/MiniOzoneClusterImpl-f2f1897c-7c9f-4d93-a036-cb01af022a4f/datanode-8/data/ratis/969dd3d4-1cac-45ee-8c36-2df386aa6023 has been successfully formatted.
2019-09-29 10:45:40,772 [pool-112-thread-1] INFO  ratis.ContainerStateMachine (ContainerStateMachine.java:loadSnapshot(230)) - group-2DF386AA6023: The snapshot info is null. Setting the last applied indexto:(t:0, i:~)
2019-09-29 10:45:40,772 [pool-112-thread-1] INFO  server.RaftServerConfigKeys (ConfUtils.java:logGet(43)) - raft.server.notification.no-leader.timeout = 120s (custom)
2019-09-29 10:45:40,773 [pool-112-thread-1] INFO  server.RaftServerConfigKeys (ConfUtils.java:logGet(43)) - raft.server.log.use.memory = false (default)
2019-09-29 10:45:40,773 [pool-112-thread-1] INFO  server.RaftServerConfigKeys (ConfUtils.java:logGet(43)) - raft.server.log.purge.gap = 1000000 (custom)
2019-09-29 10:45:40,773 [pool-112-thread-1] INFO  server.RaftServerConfigKeys (ConfUtils.java:logGet(43)) - raft.server.log.appender.buffer.byte-limit = 33554432 (custom)
2019-09-29 10:45:40,773 [pool-112-thread-1] INFO  server.RaftServerConfigKeys (ConfUtils.java:logGet(43)) - raft.server.log.segment.size.max = 1048576 (custom)
2019-09-29 10:45:40,773 [pool-112-thread-1] INFO  server.RaftServerConfigKeys (ConfUtils.java:logGet(43)) - raft.server.log.segment.cache.num.max = 2 (custom)
2019-09-29 10:45:40,773 [pool-112-thread-1] INFO  segmented.SegmentedRaftLogWorker (SegmentedRaftLogWorker.java:<init>(172)) - new b4c55648-87b6-4e79-b00f-c984487255b4@group-2DF386AA6023-SegmentedRaftLogWorker for RaftStorage:Storage Directory /workdir/hadoop-ozone/integration-test/target/test-dir/MiniOzoneClusterImpl-f2f1897c-7c9f-4d93-a036-cb01af022a4f/datanode-8/data/ratis/969dd3d4-1cac-45ee-8c36-2df386aa6023
2019-09-29 10:45:40,776 [pool-112-thread-1] INFO  server.RaftServerConfigKeys (ConfUtils.java:logGet(43)) - raft.server.log.queue.byte-limit = 2147483647 (custom)
2019-09-29 10:45:40,777 [pool-112-thread-1] INFO  server.RaftServerConfigKeys (ConfUtils.java:logGet(43)) - raft.server.log.queue.element-limit = 1024 (custom)
2019-09-29 10:45:40,780 [pool-112-thread-1] INFO  server.RaftServerConfigKeys (ConfUtils.java:logGet(43)) - raft.server.log.segment.size.max = 1048576 (custom)
2019-09-29 10:45:40,782 [pool-112-thread-1] INFO  server.RaftServerConfigKeys (ConfUtils.java:logGet(43)) - raft.server.log.preallocated.size = 16384 (custom)
2019-09-29 10:45:40,782 [pool-112-thread-1] INFO  server.RaftServerConfigKeys (ConfUtils.java:logGet(43)) - raft.server.log.write.buffer.size = 33554432 (custom)
2019-09-29 10:45:40,783 [pool-112-thread-1] INFO  server.RaftServerConfigKeys (ConfUtils.java:logGet(43)) - raft.server.log.force.sync.num = 128 (default)
2019-09-29 10:45:40,783 [pool-112-thread-1] INFO  server.RaftServerConfigKeys (ConfUtils.java:logGet(43)) - raft.server.log.statemachine.data.sync = true (default)
2019-09-29 10:45:40,783 [pool-112-thread-1] INFO  server.RaftServerConfigKeys (ConfUtils.java:logGet(43)) - raft.server.log.statemachine.data.sync.timeout = 10s (default)
2019-09-29 10:45:40,783 [pool-112-thread-1] INFO  server.RaftServerConfigKeys (ConfUtils.java:logGet(43)) - raft.server.log.statemachine.data.sync.timeout.retry = -1 (default)
2019-09-29 10:45:40,783 [pool-112-thread-1] INFO  server.RaftServerConfigKeys (ConfUtils.java:logGet(43)) - raft.server.log.statemachine.data.caching.enabled = true (custom)
2019-09-29 10:45:40,784 [pool-112-thread-1] INFO  segmented.SegmentedRaftLogWorker (SegmentedRaftLogWorker.java:lambda$new$0(132)) - b4c55648-87b6-4e79-b00f-c984487255b4@group-2DF386AA6023-SegmentedRaftLogWorker: flushIndex: setUnconditionally 0 -> -1
2019-09-29 10:45:40,784 [pool-112-thread-1] INFO  server.RaftServerConfigKeys (ConfUtils.java:logGet(43)) - raft.server.snapshot.auto.trigger.enabled = true (custom)
2019-09-29 10:45:40,784 [pool-112-thread-1] INFO  server.RaftServerConfigKeys (ConfUtils.java:logGet(43)) - raft.server.snapshot.auto.trigger.threshold = 10000 (custom)
2019-09-29 10:45:40,785 [pool-112-thread-1] INFO  server.RaftServerConfigKeys (ConfUtils.java:logGet(43)) - raft.server.snapshot.retention.num.files = 5 (custom)
2019-09-29 10:45:40,785 [pool-112-thread-1] INFO  server.RaftServerConfigKeys (ConfUtils.java:logGet(43)) - raft.server.retrycache.expirytime = 600000ms (custom)
2019-09-29 10:45:40,789 [pool-112-thread-1] INFO  impl.RaftServerImpl (RaftServerImpl.java:start(185)) - b4c55648-87b6-4e79-b00f-c984487255b4@group-2DF386AA6023: start as a follower, conf=-1: [b4c55648-87b6-4e79-b00f-c984487255b4:192.168.164.250:43919], old=null
2019-09-29 10:45:40,789 [pool-112-thread-1] INFO  impl.RaftServerImpl (RaftServerImpl.java:setRole(174)) - b4c55648-87b6-4e79-b00f-c984487255b4@group-2DF386AA6023: changes role from      null to FOLLOWER at term 0 for startAsFollower
2019-09-29 10:45:40,789 [pool-112-thread-1] INFO  impl.RoleInfo (RoleInfo.java:updateAndGet(143)) - b4c55648-87b6-4e79-b00f-c984487255b4: start FollowerState
2019-09-29 10:45:40,790 [pool-112-thread-1] INFO  util.JmxRegister (JmxRegister.java:tryRegister(44)) - Successfully registered JMX Bean with object name Ratis:service=RaftServer,group=group-2DF386AA6023,id=b4c55648-87b6-4e79-b00f-c984487255b4
2019-09-29 10:45:40,800 [RatisPipelineUtilsThread] INFO  pipeline.PipelineStateManager (PipelineStateManager.java:addPipeline(56)) - Created pipeline Pipeline[ Id: 969dd3d4-1cac-45ee-8c36-2df386aa6023, Nodes: b4c55648-87b6-4e79-b00f-c984487255b4{ip: 192.168.164.250, host: pr-hdds-1569-p5qg8-3770903209, networkLocation: /default-rack, certSerialId: null}, Type:RATIS, Factor:ONE, State:OPEN]
2019-09-29 10:45:40,802 [RatisPipelineUtilsThread] ERROR pipeline.SCMPipelineManager (SCMPipelineManager.java:createPipeline(188)) - Pipeline creation failed.
org.apache.hadoop.hdds.scm.exceptions.SCMException: Cannot create pipeline of factor 1 using 0 nodes.
	at org.apache.hadoop.hdds.scm.pipeline.RatisPipelineProvider.pickNodesNeverUsed(RatisPipelineProvider.java:113)
	at org.apache.hadoop.hdds.scm.pipeline.RatisPipelineProvider.create(RatisPipelineProvider.java:125)
	at org.apache.hadoop.hdds.scm.pipeline.PipelineFactory.create(PipelineFactory.java:58)
	at org.apache.hadoop.hdds.scm.pipeline.SCMPipelineManager.createPipeline(SCMPipelineManager.java:179)
	at org.apache.hadoop.hdds.scm.pipeline.BackgroundPipelineCreator.createPipelines(BackgroundPipelineCreator.java:100)
	at java.util.concurrent.Executors$RunnableAdapter.call(Executors.java:511)
	at java.util.concurrent.FutureTask.run(FutureTask.java:266)
	at java.util.concurrent.ScheduledThreadPoolExecutor$ScheduledFutureTask.access$201(ScheduledThreadPoolExecutor.java:180)
	at java.util.concurrent.ScheduledThreadPoolExecutor$ScheduledFutureTask.run(ScheduledThreadPoolExecutor.java:293)
	at java.util.concurrent.ThreadPoolExecutor.runWorker(ThreadPoolExecutor.java:1149)
	at java.util.concurrent.ThreadPoolExecutor$Worker.run(ThreadPoolExecutor.java:624)
	at java.lang.Thread.run(Thread.java:748)
2019-09-29 10:45:40,833 [grpc-default-executor-1] INFO  impl.RaftServerProxy (RaftServerProxy.java:addNew(89)) - f6b95176-143b-4dc2-a9fd-5757f55b0b36: addNew group-A8D78A3F7F6B:[f6b95176-143b-4dc2-a9fd-5757f55b0b36:192.168.164.250:36206, db756f0c-6aee-46d9-ae72-02f4945ba453:192.168.164.250:33209, 42e28882-afd5-40d9-af35-6e13b3e6644c:192.168.164.250:45196] returns group-A8D78A3F7F6B:java.util.concurrent.CompletableFuture@3cfb4e80[Not completed]
2019-09-29 10:45:40,833 [grpc-default-executor-0] INFO  impl.RaftServerProxy (RaftServerProxy.java:addNew(89)) - 42e28882-afd5-40d9-af35-6e13b3e6644c: addNew group-A8D78A3F7F6B:[f6b95176-143b-4dc2-a9fd-5757f55b0b36:192.168.164.250:36206, db756f0c-6aee-46d9-ae72-02f4945ba453:192.168.164.250:33209, 42e28882-afd5-40d9-af35-6e13b3e6644c:192.168.164.250:45196] returns group-A8D78A3F7F6B:java.util.concurrent.CompletableFuture@133963b8[Not completed]
2019-09-29 10:45:40,833 [grpc-default-executor-2] INFO  impl.RaftServerProxy (RaftServerProxy.java:addNew(89)) - db756f0c-6aee-46d9-ae72-02f4945ba453: addNew group-A8D78A3F7F6B:[f6b95176-143b-4dc2-a9fd-5757f55b0b36:192.168.164.250:36206, db756f0c-6aee-46d9-ae72-02f4945ba453:192.168.164.250:33209, 42e28882-afd5-40d9-af35-6e13b3e6644c:192.168.164.250:45196] returns group-A8D78A3F7F6B:java.util.concurrent.CompletableFuture@46f33f34[Not completed]
2019-09-29 10:45:40,835 [pool-92-thread-1] INFO  impl.RaftServerImpl (RaftServerImpl.java:<init>(95)) - f6b95176-143b-4dc2-a9fd-5757f55b0b36: new RaftServerImpl for group-A8D78A3F7F6B:[f6b95176-143b-4dc2-a9fd-5757f55b0b36:192.168.164.250:36206, db756f0c-6aee-46d9-ae72-02f4945ba453:192.168.164.250:33209, 42e28882-afd5-40d9-af35-6e13b3e6644c:192.168.164.250:45196] with ContainerStateMachine:uninitialized
2019-09-29 10:45:40,835 [pool-92-thread-1] INFO  server.RaftServerConfigKeys (ConfUtils.java:logGet(43)) - raft.server.rpc.timeout.min = 5s (custom)
2019-09-29 10:45:40,835 [pool-92-thread-1] INFO  server.RaftServerConfigKeys (ConfUtils.java:logGet(43)) - raft.server.rpc.timeout.max = 5200ms (custom)
2019-09-29 10:45:40,835 [pool-92-thread-1] INFO  server.RaftServerConfigKeys (ConfUtils.java:logGet(43)) - raft.server.rpcslowness.timeout = 120s (custom)
2019-09-29 10:45:40,835 [pool-92-thread-1] INFO  server.RaftServerConfigKeys (ConfUtils.java:logGet(43)) - raft.server.sleep.deviation.threshold = 300 (default)
2019-09-29 10:45:40,835 [pool-92-thread-1] INFO  server.RaftServerConfigKeys (ConfUtils.java:logGet(43)) - raft.server.log.appender.install.snapshot.enabled = false (custom)
2019-09-29 10:45:40,836 [pool-92-thread-1] INFO  impl.RaftServerImpl (ServerState.java:<init>(103)) - f6b95176-143b-4dc2-a9fd-5757f55b0b36@group-A8D78A3F7F6B: ConfigurationManager, init=-1: [f6b95176-143b-4dc2-a9fd-5757f55b0b36:192.168.164.250:36206, db756f0c-6aee-46d9-ae72-02f4945ba453:192.168.164.250:33209, 42e28882-afd5-40d9-af35-6e13b3e6644c:192.168.164.250:45196], old=null, confs=<EMPTY_MAP>
2019-09-29 10:45:40,836 [pool-92-thread-1] INFO  server.RaftServerConfigKeys (ConfUtils.java:logGet(43)) - raft.server.storage.dir = [/workdir/hadoop-ozone/integration-test/target/test-dir/MiniOzoneClusterImpl-f2f1897c-7c9f-4d93-a036-cb01af022a4f/datanode-6/data/ratis] (custom)
2019-09-29 10:45:40,836 [pool-72-thread-1] INFO  impl.RaftServerImpl (RaftServerImpl.java:<init>(95)) - 42e28882-afd5-40d9-af35-6e13b3e6644c: new RaftServerImpl for group-A8D78A3F7F6B:[f6b95176-143b-4dc2-a9fd-5757f55b0b36:192.168.164.250:36206, db756f0c-6aee-46d9-ae72-02f4945ba453:192.168.164.250:33209, 42e28882-afd5-40d9-af35-6e13b3e6644c:192.168.164.250:45196] with ContainerStateMachine:uninitialized
2019-09-29 10:45:40,836 [pool-72-thread-1] INFO  server.RaftServerConfigKeys (ConfUtils.java:logGet(43)) - raft.server.rpc.timeout.min = 5s (custom)
2019-09-29 10:45:40,836 [pool-92-thread-1] INFO  storage.RaftStorageDirectory (RaftStorageDirectory.java:analyzeStorage(246)) - The storage directory /workdir/hadoop-ozone/integration-test/target/test-dir/MiniOzoneClusterImpl-f2f1897c-7c9f-4d93-a036-cb01af022a4f/datanode-6/data/ratis/75e9f8d6-c929-42e5-b15e-a8d78a3f7f6b does not exist. Creating ...
2019-09-29 10:45:40,836 [pool-62-thread-1] INFO  impl.RaftServerImpl (RaftServerImpl.java:<init>(95)) - db756f0c-6aee-46d9-ae72-02f4945ba453: new RaftServerImpl for group-A8D78A3F7F6B:[f6b95176-143b-4dc2-a9fd-5757f55b0b36:192.168.164.250:36206, db756f0c-6aee-46d9-ae72-02f4945ba453:192.168.164.250:33209, 42e28882-afd5-40d9-af35-6e13b3e6644c:192.168.164.250:45196] with ContainerStateMachine:uninitialized
2019-09-29 10:45:40,836 [pool-72-thread-1] INFO  server.RaftServerConfigKeys (ConfUtils.java:logGet(43)) - raft.server.rpc.timeout.max = 5200ms (custom)
2019-09-29 10:45:40,837 [pool-62-thread-1] INFO  server.RaftServerConfigKeys (ConfUtils.java:logGet(43)) - raft.server.rpc.timeout.min = 5s (custom)
2019-09-29 10:45:40,837 [pool-72-thread-1] INFO  server.RaftServerConfigKeys (ConfUtils.java:logGet(43)) - raft.server.rpcslowness.timeout = 120s (custom)
2019-09-29 10:45:40,837 [pool-62-thread-1] INFO  server.RaftServerConfigKeys (ConfUtils.java:logGet(43)) - raft.server.rpc.timeout.max = 5200ms (custom)
2019-09-29 10:45:40,837 [pool-72-thread-1] INFO  server.RaftServerConfigKeys (ConfUtils.java:logGet(43)) - raft.server.sleep.deviation.threshold = 300 (default)
2019-09-29 10:45:40,837 [pool-62-thread-1] INFO  server.RaftServerConfigKeys (ConfUtils.java:logGet(43)) - raft.server.rpcslowness.timeout = 120s (custom)
2019-09-29 10:45:40,837 [pool-72-thread-1] INFO  server.RaftServerConfigKeys (ConfUtils.java:logGet(43)) - raft.server.log.appender.install.snapshot.enabled = false (custom)
2019-09-29 10:45:40,837 [pool-62-thread-1] INFO  server.RaftServerConfigKeys (ConfUtils.java:logGet(43)) - raft.server.sleep.deviation.threshold = 300 (default)
2019-09-29 10:45:40,838 [pool-72-thread-1] INFO  impl.RaftServerImpl (ServerState.java:<init>(103)) - 42e28882-afd5-40d9-af35-6e13b3e6644c@group-A8D78A3F7F6B: ConfigurationManager, init=-1: [f6b95176-143b-4dc2-a9fd-5757f55b0b36:192.168.164.250:36206, db756f0c-6aee-46d9-ae72-02f4945ba453:192.168.164.250:33209, 42e28882-afd5-40d9-af35-6e13b3e6644c:192.168.164.250:45196], old=null, confs=<EMPTY_MAP>
2019-09-29 10:45:40,838 [pool-62-thread-1] INFO  server.RaftServerConfigKeys (ConfUtils.java:logGet(43)) - raft.server.log.appender.install.snapshot.enabled = false (custom)
2019-09-29 10:45:40,838 [pool-62-thread-1] INFO  impl.RaftServerImpl (ServerState.java:<init>(103)) - db756f0c-6aee-46d9-ae72-02f4945ba453@group-A8D78A3F7F6B: ConfigurationManager, init=-1: [f6b95176-143b-4dc2-a9fd-5757f55b0b36:192.168.164.250:36206, db756f0c-6aee-46d9-ae72-02f4945ba453:192.168.164.250:33209, 42e28882-afd5-40d9-af35-6e13b3e6644c:192.168.164.250:45196], old=null, confs=<EMPTY_MAP>
2019-09-29 10:45:40,838 [pool-72-thread-1] INFO  server.RaftServerConfigKeys (ConfUtils.java:logGet(43)) - raft.server.storage.dir = [/workdir/hadoop-ozone/integration-test/target/test-dir/MiniOzoneClusterImpl-f2f1897c-7c9f-4d93-a036-cb01af022a4f/datanode-4/data/ratis] (custom)
2019-09-29 10:45:40,838 [pool-62-thread-1] INFO  server.RaftServerConfigKeys (ConfUtils.java:logGet(43)) - raft.server.storage.dir = [/workdir/hadoop-ozone/integration-test/target/test-dir/MiniOzoneClusterImpl-f2f1897c-7c9f-4d93-a036-cb01af022a4f/datanode-3/data/ratis] (custom)
2019-09-29 10:45:40,838 [pool-62-thread-1] INFO  storage.RaftStorageDirectory (RaftStorageDirectory.java:analyzeStorage(246)) - The storage directory /workdir/hadoop-ozone/integration-test/target/test-dir/MiniOzoneClusterImpl-f2f1897c-7c9f-4d93-a036-cb01af022a4f/datanode-3/data/ratis/75e9f8d6-c929-42e5-b15e-a8d78a3f7f6b does not exist. Creating ...
2019-09-29 10:45:40,838 [pool-72-thread-1] INFO  storage.RaftStorageDirectory (RaftStorageDirectory.java:analyzeStorage(246)) - The storage directory /workdir/hadoop-ozone/integration-test/target/test-dir/MiniOzoneClusterImpl-f2f1897c-7c9f-4d93-a036-cb01af022a4f/datanode-4/data/ratis/75e9f8d6-c929-42e5-b15e-a8d78a3f7f6b does not exist. Creating ...
2019-09-29 10:45:40,891 [pool-72-thread-1] INFO  storage.RaftStorageDirectory (RaftStorageDirectory.java:tryLock(328)) - Lock on /workdir/hadoop-ozone/integration-test/target/test-dir/MiniOzoneClusterImpl-f2f1897c-7c9f-4d93-a036-cb01af022a4f/datanode-4/data/ratis/75e9f8d6-c929-42e5-b15e-a8d78a3f7f6b/in_use.lock acquired by nodename 23044@pr-hdds-1569-p5qg8-3770903209
2019-09-29 10:45:40,891 [pool-92-thread-1] INFO  storage.RaftStorageDirectory (RaftStorageDirectory.java:tryLock(328)) - Lock on /workdir/hadoop-ozone/integration-test/target/test-dir/MiniOzoneClusterImpl-f2f1897c-7c9f-4d93-a036-cb01af022a4f/datanode-6/data/ratis/75e9f8d6-c929-42e5-b15e-a8d78a3f7f6b/in_use.lock acquired by nodename 23044@pr-hdds-1569-p5qg8-3770903209
2019-09-29 10:45:40,891 [pool-62-thread-1] INFO  storage.RaftStorageDirectory (RaftStorageDirectory.java:tryLock(328)) - Lock on /workdir/hadoop-ozone/integration-test/target/test-dir/MiniOzoneClusterImpl-f2f1897c-7c9f-4d93-a036-cb01af022a4f/datanode-3/data/ratis/75e9f8d6-c929-42e5-b15e-a8d78a3f7f6b/in_use.lock acquired by nodename 23044@pr-hdds-1569-p5qg8-3770903209
2019-09-29 10:45:40,909 [pool-72-thread-1] INFO  storage.RaftStorage (RaftStorage.java:format(72)) - Storage directory /workdir/hadoop-ozone/integration-test/target/test-dir/MiniOzoneClusterImpl-f2f1897c-7c9f-4d93-a036-cb01af022a4f/datanode-4/data/ratis/75e9f8d6-c929-42e5-b15e-a8d78a3f7f6b has been successfully formatted.
2019-09-29 10:45:40,909 [pool-62-thread-1] INFO  storage.RaftStorage (RaftStorage.java:format(72)) - Storage directory /workdir/hadoop-ozone/integration-test/target/test-dir/MiniOzoneClusterImpl-f2f1897c-7c9f-4d93-a036-cb01af022a4f/datanode-3/data/ratis/75e9f8d6-c929-42e5-b15e-a8d78a3f7f6b has been successfully formatted.
2019-09-29 10:45:40,909 [pool-92-thread-1] INFO  storage.RaftStorage (RaftStorage.java:format(72)) - Storage directory /workdir/hadoop-ozone/integration-test/target/test-dir/MiniOzoneClusterImpl-f2f1897c-7c9f-4d93-a036-cb01af022a4f/datanode-6/data/ratis/75e9f8d6-c929-42e5-b15e-a8d78a3f7f6b has been successfully formatted.
2019-09-29 10:45:40,909 [pool-72-thread-1] INFO  ratis.ContainerStateMachine (ContainerStateMachine.java:loadSnapshot(230)) - group-A8D78A3F7F6B: The snapshot info is null. Setting the last applied indexto:(t:0, i:~)
2019-09-29 10:45:40,910 [pool-62-thread-1] INFO  ratis.ContainerStateMachine (ContainerStateMachine.java:loadSnapshot(230)) - group-A8D78A3F7F6B: The snapshot info is null. Setting the last applied indexto:(t:0, i:~)
2019-09-29 10:45:40,910 [pool-72-thread-1] INFO  server.RaftServerConfigKeys (ConfUtils.java:logGet(43)) - raft.server.notification.no-leader.timeout = 120s (custom)
2019-09-29 10:45:40,910 [pool-92-thread-1] INFO  ratis.ContainerStateMachine (ContainerStateMachine.java:loadSnapshot(230)) - group-A8D78A3F7F6B: The snapshot info is null. Setting the last applied indexto:(t:0, i:~)
2019-09-29 10:45:40,910 [pool-72-thread-1] INFO  server.RaftServerConfigKeys (ConfUtils.java:logGet(43)) - raft.server.log.use.memory = false (default)
2019-09-29 10:45:40,910 [pool-62-thread-1] INFO  server.RaftServerConfigKeys (ConfUtils.java:logGet(43)) - raft.server.notification.no-leader.timeout = 120s (custom)
2019-09-29 10:45:40,910 [pool-72-thread-1] INFO  server.RaftServerConfigKeys (ConfUtils.java:logGet(43)) - raft.server.log.purge.gap = 1000000 (custom)
2019-09-29 10:45:40,910 [pool-92-thread-1] INFO  server.RaftServerConfigKeys (ConfUtils.java:logGet(43)) - raft.server.notification.no-leader.timeout = 120s (custom)
2019-09-29 10:45:40,910 [pool-72-thread-1] INFO  server.RaftServerConfigKeys (ConfUtils.java:logGet(43)) - raft.server.log.appender.buffer.byte-limit = 33554432 (custom)
2019-09-29 10:45:40,910 [pool-62-thread-1] INFO  server.RaftServerConfigKeys (ConfUtils.java:logGet(43)) - raft.server.log.use.memory = false (default)
2019-09-29 10:45:40,911 [pool-72-thread-1] INFO  server.RaftServerConfigKeys (ConfUtils.java:logGet(43)) - raft.server.log.segment.size.max = 1048576 (custom)
2019-09-29 10:45:40,910 [pool-92-thread-1] INFO  server.RaftServerConfigKeys (ConfUtils.java:logGet(43)) - raft.server.log.use.memory = false (default)
2019-09-29 10:45:40,911 [pool-72-thread-1] INFO  server.RaftServerConfigKeys (ConfUtils.java:logGet(43)) - raft.server.log.segment.cache.num.max = 2 (custom)
2019-09-29 10:45:40,911 [pool-62-thread-1] INFO  server.RaftServerConfigKeys (ConfUtils.java:logGet(43)) - raft.server.log.purge.gap = 1000000 (custom)
2019-09-29 10:45:40,911 [pool-72-thread-1] INFO  segmented.SegmentedRaftLogWorker (SegmentedRaftLogWorker.java:<init>(172)) - new 42e28882-afd5-40d9-af35-6e13b3e6644c@group-A8D78A3F7F6B-SegmentedRaftLogWorker for RaftStorage:Storage Directory /workdir/hadoop-ozone/integration-test/target/test-dir/MiniOzoneClusterImpl-f2f1897c-7c9f-4d93-a036-cb01af022a4f/datanode-4/data/ratis/75e9f8d6-c929-42e5-b15e-a8d78a3f7f6b
2019-09-29 10:45:40,911 [pool-92-thread-1] INFO  server.RaftServerConfigKeys (ConfUtils.java:logGet(43)) - raft.server.log.purge.gap = 1000000 (custom)
2019-09-29 10:45:40,911 [pool-72-thread-1] INFO  server.RaftServerConfigKeys (ConfUtils.java:logGet(43)) - raft.server.log.queue.byte-limit = 2147483647 (custom)
2019-09-29 10:45:40,911 [pool-62-thread-1] INFO  server.RaftServerConfigKeys (ConfUtils.java:logGet(43)) - raft.server.log.appender.buffer.byte-limit = 33554432 (custom)
2019-09-29 10:45:40,911 [pool-72-thread-1] INFO  server.RaftServerConfigKeys (ConfUtils.java:logGet(43)) - raft.server.log.queue.element-limit = 1024 (custom)
2019-09-29 10:45:40,911 [pool-92-thread-1] INFO  server.RaftServerConfigKeys (ConfUtils.java:logGet(43)) - raft.server.log.appender.buffer.byte-limit = 33554432 (custom)
2019-09-29 10:45:40,911 [pool-72-thread-1] INFO  server.RaftServerConfigKeys (ConfUtils.java:logGet(43)) - raft.server.log.segment.size.max = 1048576 (custom)
2019-09-29 10:45:40,911 [pool-62-thread-1] INFO  server.RaftServerConfigKeys (ConfUtils.java:logGet(43)) - raft.server.log.segment.size.max = 1048576 (custom)
2019-09-29 10:45:40,912 [pool-72-thread-1] INFO  server.RaftServerConfigKeys (ConfUtils.java:logGet(43)) - raft.server.log.preallocated.size = 16384 (custom)
2019-09-29 10:45:40,912 [pool-92-thread-1] INFO  server.RaftServerConfigKeys (ConfUtils.java:logGet(43)) - raft.server.log.segment.size.max = 1048576 (custom)
2019-09-29 10:45:40,912 [pool-62-thread-1] INFO  server.RaftServerConfigKeys (ConfUtils.java:logGet(43)) - raft.server.log.segment.cache.num.max = 2 (custom)
2019-09-29 10:45:40,912 [pool-72-thread-1] INFO  server.RaftServerConfigKeys (ConfUtils.java:logGet(43)) - raft.server.log.write.buffer.size = 33554432 (custom)
2019-09-29 10:45:40,912 [pool-62-thread-1] INFO  segmented.SegmentedRaftLogWorker (SegmentedRaftLogWorker.java:<init>(172)) - new db756f0c-6aee-46d9-ae72-02f4945ba453@group-A8D78A3F7F6B-SegmentedRaftLogWorker for RaftStorage:Storage Directory /workdir/hadoop-ozone/integration-test/target/test-dir/MiniOzoneClusterImpl-f2f1897c-7c9f-4d93-a036-cb01af022a4f/datanode-3/data/ratis/75e9f8d6-c929-42e5-b15e-a8d78a3f7f6b
2019-09-29 10:45:40,912 [pool-92-thread-1] INFO  server.RaftServerConfigKeys (ConfUtils.java:logGet(43)) - raft.server.log.segment.cache.num.max = 2 (custom)
2019-09-29 10:45:40,912 [pool-62-thread-1] INFO  server.RaftServerConfigKeys (ConfUtils.java:logGet(43)) - raft.server.log.queue.byte-limit = 2147483647 (custom)
2019-09-29 10:45:40,912 [pool-72-thread-1] INFO  server.RaftServerConfigKeys (ConfUtils.java:logGet(43)) - raft.server.log.force.sync.num = 128 (default)
2019-09-29 10:45:40,913 [pool-62-thread-1] INFO  server.RaftServerConfigKeys (ConfUtils.java:logGet(43)) - raft.server.log.queue.element-limit = 1024 (custom)
2019-09-29 10:45:40,912 [pool-92-thread-1] INFO  segmented.SegmentedRaftLogWorker (SegmentedRaftLogWorker.java:<init>(172)) - new f6b95176-143b-4dc2-a9fd-5757f55b0b36@group-A8D78A3F7F6B-SegmentedRaftLogWorker for RaftStorage:Storage Directory /workdir/hadoop-ozone/integration-test/target/test-dir/MiniOzoneClusterImpl-f2f1897c-7c9f-4d93-a036-cb01af022a4f/datanode-6/data/ratis/75e9f8d6-c929-42e5-b15e-a8d78a3f7f6b
2019-09-29 10:45:40,913 [pool-62-thread-1] INFO  server.RaftServerConfigKeys (ConfUtils.java:logGet(43)) - raft.server.log.segment.size.max = 1048576 (custom)
2019-09-29 10:45:40,913 [pool-72-thread-1] INFO  server.RaftServerConfigKeys (ConfUtils.java:logGet(43)) - raft.server.log.statemachine.data.sync = true (default)
2019-09-29 10:45:40,913 [pool-62-thread-1] INFO  server.RaftServerConfigKeys (ConfUtils.java:logGet(43)) - raft.server.log.preallocated.size = 16384 (custom)
2019-09-29 10:45:40,913 [pool-92-thread-1] INFO  server.RaftServerConfigKeys (ConfUtils.java:logGet(43)) - raft.server.log.queue.byte-limit = 2147483647 (custom)
2019-09-29 10:45:40,913 [pool-62-thread-1] INFO  server.RaftServerConfigKeys (ConfUtils.java:logGet(43)) - raft.server.log.write.buffer.size = 33554432 (custom)
2019-09-29 10:45:40,913 [pool-72-thread-1] INFO  server.RaftServerConfigKeys (ConfUtils.java:logGet(43)) - raft.server.log.statemachine.data.sync.timeout = 10s (default)
2019-09-29 10:45:40,913 [pool-62-thread-1] INFO  server.RaftServerConfigKeys (ConfUtils.java:logGet(43)) - raft.server.log.force.sync.num = 128 (default)
2019-09-29 10:45:40,913 [pool-92-thread-1] INFO  server.RaftServerConfigKeys (ConfUtils.java:logGet(43)) - raft.server.log.queue.element-limit = 1024 (custom)
2019-09-29 10:45:40,914 [pool-62-thread-1] INFO  server.RaftServerConfigKeys (ConfUtils.java:logGet(43)) - raft.server.log.statemachine.data.sync = true (default)
2019-09-29 10:45:40,914 [pool-72-thread-1] INFO  server.RaftServerConfigKeys (ConfUtils.java:logGet(43)) - raft.server.log.statemachine.data.sync.timeout.retry = -1 (default)
2019-09-29 10:45:40,914 [pool-62-thread-1] INFO  server.RaftServerConfigKeys (ConfUtils.java:logGet(43)) - raft.server.log.statemachine.data.sync.timeout = 10s (default)
2019-09-29 10:45:40,914 [pool-92-thread-1] INFO  server.RaftServerConfigKeys (ConfUtils.java:logGet(43)) - raft.server.log.segment.size.max = 1048576 (custom)
2019-09-29 10:45:40,914 [pool-72-thread-1] INFO  server.RaftServerConfigKeys (ConfUtils.java:logGet(43)) - raft.server.log.statemachine.data.caching.enabled = true (custom)
2019-09-29 10:45:40,914 [pool-62-thread-1] INFO  server.RaftServerConfigKeys (ConfUtils.java:logGet(43)) - raft.server.log.statemachine.data.sync.timeout.retry = -1 (default)
2019-09-29 10:45:40,914 [pool-92-thread-1] INFO  server.RaftServerConfigKeys (ConfUtils.java:logGet(43)) - raft.server.log.preallocated.size = 16384 (custom)
2019-09-29 10:45:40,914 [pool-72-thread-1] INFO  segmented.SegmentedRaftLogWorker (SegmentedRaftLogWorker.java:lambda$new$0(132)) - 42e28882-afd5-40d9-af35-6e13b3e6644c@group-A8D78A3F7F6B-SegmentedRaftLogWorker: flushIndex: setUnconditionally 0 -> -1
2019-09-29 10:45:40,914 [pool-62-thread-1] INFO  server.RaftServerConfigKeys (ConfUtils.java:logGet(43)) - raft.server.log.statemachine.data.caching.enabled = true (custom)
2019-09-29 10:45:40,914 [pool-92-thread-1] INFO  server.RaftServerConfigKeys (ConfUtils.java:logGet(43)) - raft.server.log.write.buffer.size = 33554432 (custom)
2019-09-29 10:45:40,915 [pool-72-thread-1] INFO  server.RaftServerConfigKeys (ConfUtils.java:logGet(43)) - raft.server.snapshot.auto.trigger.enabled = true (custom)
2019-09-29 10:45:40,915 [pool-62-thread-1] INFO  segmented.SegmentedRaftLogWorker (SegmentedRaftLogWorker.java:lambda$new$0(132)) - db756f0c-6aee-46d9-ae72-02f4945ba453@group-A8D78A3F7F6B-SegmentedRaftLogWorker: flushIndex: setUnconditionally 0 -> -1
2019-09-29 10:45:40,915 [pool-92-thread-1] INFO  server.RaftServerConfigKeys (ConfUtils.java:logGet(43)) - raft.server.log.force.sync.num = 128 (default)
2019-09-29 10:45:40,915 [pool-72-thread-1] INFO  server.RaftServerConfigKeys (ConfUtils.java:logGet(43)) - raft.server.snapshot.auto.trigger.threshold = 10000 (custom)
2019-09-29 10:45:40,915 [pool-92-thread-1] INFO  server.RaftServerConfigKeys (ConfUtils.java:logGet(43)) - raft.server.log.statemachine.data.sync = true (default)
2019-09-29 10:45:40,915 [pool-62-thread-1] INFO  server.RaftServerConfigKeys (ConfUtils.java:logGet(43)) - raft.server.snapshot.auto.trigger.enabled = true (custom)
2019-09-29 10:45:40,915 [pool-92-thread-1] INFO  server.RaftServerConfigKeys (ConfUtils.java:logGet(43)) - raft.server.log.statemachine.data.sync.timeout = 10s (default)
2019-09-29 10:45:40,915 [pool-72-thread-1] INFO  server.RaftServerConfigKeys (ConfUtils.java:logGet(43)) - raft.server.snapshot.retention.num.files = 5 (custom)
2019-09-29 10:45:40,916 [pool-92-thread-1] INFO  server.RaftServerConfigKeys (ConfUtils.java:logGet(43)) - raft.server.log.statemachine.data.sync.timeout.retry = -1 (default)
2019-09-29 10:45:40,916 [pool-62-thread-1] INFO  server.RaftServerConfigKeys (ConfUtils.java:logGet(43)) - raft.server.snapshot.auto.trigger.threshold = 10000 (custom)
2019-09-29 10:45:40,916 [pool-92-thread-1] INFO  server.RaftServerConfigKeys (ConfUtils.java:logGet(43)) - raft.server.log.statemachine.data.caching.enabled = true (custom)
2019-09-29 10:45:40,916 [pool-72-thread-1] INFO  server.RaftServerConfigKeys (ConfUtils.java:logGet(43)) - raft.server.retrycache.expirytime = 600000ms (custom)
2019-09-29 10:45:40,916 [pool-62-thread-1] INFO  server.RaftServerConfigKeys (ConfUtils.java:logGet(43)) - raft.server.snapshot.retention.num.files = 5 (custom)
2019-09-29 10:45:40,916 [pool-92-thread-1] INFO  segmented.SegmentedRaftLogWorker (SegmentedRaftLogWorker.java:lambda$new$0(132)) - f6b95176-143b-4dc2-a9fd-5757f55b0b36@group-A8D78A3F7F6B-SegmentedRaftLogWorker: flushIndex: setUnconditionally 0 -> -1
2019-09-29 10:45:40,916 [pool-62-thread-1] INFO  server.RaftServerConfigKeys (ConfUtils.java:logGet(43)) - raft.server.retrycache.expirytime = 600000ms (custom)
2019-09-29 10:45:40,916 [pool-92-thread-1] INFO  server.RaftServerConfigKeys (ConfUtils.java:logGet(43)) - raft.server.snapshot.auto.trigger.enabled = true (custom)
2019-09-29 10:45:40,917 [pool-92-thread-1] INFO  server.RaftServerConfigKeys (ConfUtils.java:logGet(43)) - raft.server.snapshot.auto.trigger.threshold = 10000 (custom)
2019-09-29 10:45:40,917 [pool-92-thread-1] INFO  server.RaftServerConfigKeys (ConfUtils.java:logGet(43)) - raft.server.snapshot.retention.num.files = 5 (custom)
2019-09-29 10:45:40,917 [pool-92-thread-1] INFO  server.RaftServerConfigKeys (ConfUtils.java:logGet(43)) - raft.server.retrycache.expirytime = 600000ms (custom)
2019-09-29 10:45:40,924 [pool-72-thread-1] INFO  impl.RaftServerImpl (RaftServerImpl.java:start(185)) - 42e28882-afd5-40d9-af35-6e13b3e6644c@group-A8D78A3F7F6B: start as a follower, conf=-1: [f6b95176-143b-4dc2-a9fd-5757f55b0b36:192.168.164.250:36206, db756f0c-6aee-46d9-ae72-02f4945ba453:192.168.164.250:33209, 42e28882-afd5-40d9-af35-6e13b3e6644c:192.168.164.250:45196], old=null
2019-09-29 10:45:40,925 [pool-72-thread-1] INFO  impl.RaftServerImpl (RaftServerImpl.java:setRole(174)) - 42e28882-afd5-40d9-af35-6e13b3e6644c@group-A8D78A3F7F6B: changes role from      null to FOLLOWER at term 0 for startAsFollower
2019-09-29 10:45:40,925 [pool-62-thread-1] INFO  impl.RaftServerImpl (RaftServerImpl.java:start(185)) - db756f0c-6aee-46d9-ae72-02f4945ba453@group-A8D78A3F7F6B: start as a follower, conf=-1: [f6b95176-143b-4dc2-a9fd-5757f55b0b36:192.168.164.250:36206, db756f0c-6aee-46d9-ae72-02f4945ba453:192.168.164.250:33209, 42e28882-afd5-40d9-af35-6e13b3e6644c:192.168.164.250:45196], old=null
2019-09-29 10:45:40,925 [pool-72-thread-1] INFO  impl.RoleInfo (RoleInfo.java:updateAndGet(143)) - 42e28882-afd5-40d9-af35-6e13b3e6644c: start FollowerState
2019-09-29 10:45:40,925 [pool-92-thread-1] INFO  impl.RaftServerImpl (RaftServerImpl.java:start(185)) - f6b95176-143b-4dc2-a9fd-5757f55b0b36@group-A8D78A3F7F6B: start as a follower, conf=-1: [f6b95176-143b-4dc2-a9fd-5757f55b0b36:192.168.164.250:36206, db756f0c-6aee-46d9-ae72-02f4945ba453:192.168.164.250:33209, 42e28882-afd5-40d9-af35-6e13b3e6644c:192.168.164.250:45196], old=null
2019-09-29 10:45:40,925 [pool-62-thread-1] INFO  impl.RaftServerImpl (RaftServerImpl.java:setRole(174)) - db756f0c-6aee-46d9-ae72-02f4945ba453@group-A8D78A3F7F6B: changes role from      null to FOLLOWER at term 0 for startAsFollower
2019-09-29 10:45:40,925 [pool-92-thread-1] INFO  impl.RaftServerImpl (RaftServerImpl.java:setRole(174)) - f6b95176-143b-4dc2-a9fd-5757f55b0b36@group-A8D78A3F7F6B: changes role from      null to FOLLOWER at term 0 for startAsFollower
2019-09-29 10:45:40,925 [pool-72-thread-1] INFO  util.JmxRegister (JmxRegister.java:tryRegister(44)) - Successfully registered JMX Bean with object name Ratis:service=RaftServer,group=group-A8D78A3F7F6B,id=42e28882-afd5-40d9-af35-6e13b3e6644c
2019-09-29 10:45:40,925 [pool-62-thread-1] INFO  impl.RoleInfo (RoleInfo.java:updateAndGet(143)) - db756f0c-6aee-46d9-ae72-02f4945ba453: start FollowerState
2019-09-29 10:45:40,925 [pool-92-thread-1] INFO  impl.RoleInfo (RoleInfo.java:updateAndGet(143)) - f6b95176-143b-4dc2-a9fd-5757f55b0b36: start FollowerState
2019-09-29 10:45:40,926 [pool-62-thread-1] INFO  util.JmxRegister (JmxRegister.java:tryRegister(44)) - Successfully registered JMX Bean with object name Ratis:service=RaftServer,group=group-A8D78A3F7F6B,id=db756f0c-6aee-46d9-ae72-02f4945ba453
2019-09-29 10:45:40,926 [pool-92-thread-1] INFO  util.JmxRegister (JmxRegister.java:tryRegister(44)) - Successfully registered JMX Bean with object name Ratis:service=RaftServer,group=group-A8D78A3F7F6B,id=f6b95176-143b-4dc2-a9fd-5757f55b0b36
2019-09-29 10:45:40,949 [RatisPipelineUtilsThread] INFO  pipeline.PipelineStateManager (PipelineStateManager.java:addPipeline(56)) - Created pipeline Pipeline[ Id: 75e9f8d6-c929-42e5-b15e-a8d78a3f7f6b, Nodes: f6b95176-143b-4dc2-a9fd-5757f55b0b36{ip: 192.168.164.250, host: pr-hdds-1569-p5qg8-3770903209, networkLocation: /default-rack, certSerialId: null}42e28882-afd5-40d9-af35-6e13b3e6644c{ip: 192.168.164.250, host: pr-hdds-1569-p5qg8-3770903209, networkLocation: /default-rack, certSerialId: null}db756f0c-6aee-46d9-ae72-02f4945ba453{ip: 192.168.164.250, host: pr-hdds-1569-p5qg8-3770903209, networkLocation: /default-rack, certSerialId: null}, Type:RATIS, Factor:THREE, State:OPEN]
2019-09-29 10:45:40,968 [grpc-default-executor-2] INFO  impl.RaftServerProxy (RaftServerProxy.java:addNew(89)) - f6b95176-143b-4dc2-a9fd-5757f55b0b36: addNew group-FD891568C631:[f6b95176-143b-4dc2-a9fd-5757f55b0b36:192.168.164.250:36206, db756f0c-6aee-46d9-ae72-02f4945ba453:192.168.164.250:33209, 42e28882-afd5-40d9-af35-6e13b3e6644c:192.168.164.250:45196] returns group-FD891568C631:java.util.concurrent.CompletableFuture@6d6d3f3b[Not completed]
2019-09-29 10:45:40,968 [grpc-default-executor-0] INFO  impl.RaftServerProxy (RaftServerProxy.java:addNew(89)) - 42e28882-afd5-40d9-af35-6e13b3e6644c: addNew group-FD891568C631:[f6b95176-143b-4dc2-a9fd-5757f55b0b36:192.168.164.250:36206, db756f0c-6aee-46d9-ae72-02f4945ba453:192.168.164.250:33209, 42e28882-afd5-40d9-af35-6e13b3e6644c:192.168.164.250:45196] returns group-FD891568C631:java.util.concurrent.CompletableFuture@10a7d0c1[Not completed]
2019-09-29 10:45:40,968 [grpc-default-executor-1] INFO  impl.RaftServerProxy (RaftServerProxy.java:addNew(89)) - db756f0c-6aee-46d9-ae72-02f4945ba453: addNew group-FD891568C631:[f6b95176-143b-4dc2-a9fd-5757f55b0b36:192.168.164.250:36206, db756f0c-6aee-46d9-ae72-02f4945ba453:192.168.164.250:33209, 42e28882-afd5-40d9-af35-6e13b3e6644c:192.168.164.250:45196] returns group-FD891568C631:java.util.concurrent.CompletableFuture@56fa4111[Not completed]
2019-09-29 10:45:40,972 [pool-62-thread-1] INFO  impl.RaftServerImpl (RaftServerImpl.java:<init>(95)) - db756f0c-6aee-46d9-ae72-02f4945ba453: new RaftServerImpl for group-FD891568C631:[f6b95176-143b-4dc2-a9fd-5757f55b0b36:192.168.164.250:36206, db756f0c-6aee-46d9-ae72-02f4945ba453:192.168.164.250:33209, 42e28882-afd5-40d9-af35-6e13b3e6644c:192.168.164.250:45196] with ContainerStateMachine:uninitialized
2019-09-29 10:45:40,972 [pool-62-thread-1] INFO  server.RaftServerConfigKeys (ConfUtils.java:logGet(43)) - raft.server.rpc.timeout.min = 5s (custom)
2019-09-29 10:45:40,972 [pool-62-thread-1] INFO  server.RaftServerConfigKeys (ConfUtils.java:logGet(43)) - raft.server.rpc.timeout.max = 5200ms (custom)
2019-09-29 10:45:40,972 [pool-62-thread-1] INFO  server.RaftServerConfigKeys (ConfUtils.java:logGet(43)) - raft.server.rpcslowness.timeout = 120s (custom)
2019-09-29 10:45:40,972 [pool-62-thread-1] INFO  server.RaftServerConfigKeys (ConfUtils.java:logGet(43)) - raft.server.sleep.deviation.threshold = 300 (default)
2019-09-29 10:45:40,972 [pool-72-thread-1] INFO  impl.RaftServerImpl (RaftServerImpl.java:<init>(95)) - 42e28882-afd5-40d9-af35-6e13b3e6644c: new RaftServerImpl for group-FD891568C631:[f6b95176-143b-4dc2-a9fd-5757f55b0b36:192.168.164.250:36206, db756f0c-6aee-46d9-ae72-02f4945ba453:192.168.164.250:33209, 42e28882-afd5-40d9-af35-6e13b3e6644c:192.168.164.250:45196] with ContainerStateMachine:uninitialized
2019-09-29 10:45:40,972 [pool-62-thread-1] INFO  server.RaftServerConfigKeys (ConfUtils.java:logGet(43)) - raft.server.log.appender.install.snapshot.enabled = false (custom)
2019-09-29 10:45:40,972 [pool-72-thread-1] INFO  server.RaftServerConfigKeys (ConfUtils.java:logGet(43)) - raft.server.rpc.timeout.min = 5s (custom)
2019-09-29 10:45:40,972 [pool-62-thread-1] INFO  impl.RaftServerImpl (ServerState.java:<init>(103)) - db756f0c-6aee-46d9-ae72-02f4945ba453@group-FD891568C631: ConfigurationManager, init=-1: [f6b95176-143b-4dc2-a9fd-5757f55b0b36:192.168.164.250:36206, db756f0c-6aee-46d9-ae72-02f4945ba453:192.168.164.250:33209, 42e28882-afd5-40d9-af35-6e13b3e6644c:192.168.164.250:45196], old=null, confs=<EMPTY_MAP>
2019-09-29 10:45:40,972 [pool-72-thread-1] INFO  server.RaftServerConfigKeys (ConfUtils.java:logGet(43)) - raft.server.rpc.timeout.max = 5200ms (custom)
2019-09-29 10:45:40,973 [pool-72-thread-1] INFO  server.RaftServerConfigKeys (ConfUtils.java:logGet(43)) - raft.server.rpcslowness.timeout = 120s (custom)
2019-09-29 10:45:40,973 [pool-62-thread-1] INFO  server.RaftServerConfigKeys (ConfUtils.java:logGet(43)) - raft.server.storage.dir = [/workdir/hadoop-ozone/integration-test/target/test-dir/MiniOzoneClusterImpl-f2f1897c-7c9f-4d93-a036-cb01af022a4f/datanode-3/data/ratis] (custom)
2019-09-29 10:45:40,973 [pool-72-thread-1] INFO  server.RaftServerConfigKeys (ConfUtils.java:logGet(43)) - raft.server.sleep.deviation.threshold = 300 (default)
2019-09-29 10:45:40,973 [pool-92-thread-1] INFO  impl.RaftServerImpl (RaftServerImpl.java:<init>(95)) - f6b95176-143b-4dc2-a9fd-5757f55b0b36: new RaftServerImpl for group-FD891568C631:[f6b95176-143b-4dc2-a9fd-5757f55b0b36:192.168.164.250:36206, db756f0c-6aee-46d9-ae72-02f4945ba453:192.168.164.250:33209, 42e28882-afd5-40d9-af35-6e13b3e6644c:192.168.164.250:45196] with ContainerStateMachine:uninitialized
2019-09-29 10:45:40,973 [pool-72-thread-1] INFO  server.RaftServerConfigKeys (ConfUtils.java:logGet(43)) - raft.server.log.appender.install.snapshot.enabled = false (custom)
2019-09-29 10:45:40,973 [pool-92-thread-1] INFO  server.RaftServerConfigKeys (ConfUtils.java:logGet(43)) - raft.server.rpc.timeout.min = 5s (custom)
2019-09-29 10:45:40,973 [pool-62-thread-1] INFO  storage.RaftStorageDirectory (RaftStorageDirectory.java:analyzeStorage(246)) - The storage directory /workdir/hadoop-ozone/integration-test/target/test-dir/MiniOzoneClusterImpl-f2f1897c-7c9f-4d93-a036-cb01af022a4f/datanode-3/data/ratis/55c2baab-14fc-4c38-a84a-fd891568c631 does not exist. Creating ...
2019-09-29 10:45:40,973 [pool-92-thread-1] INFO  server.RaftServerConfigKeys (ConfUtils.java:logGet(43)) - raft.server.rpc.timeout.max = 5200ms (custom)
2019-09-29 10:45:40,973 [pool-72-thread-1] INFO  impl.RaftServerImpl (ServerState.java:<init>(103)) - 42e28882-afd5-40d9-af35-6e13b3e6644c@group-FD891568C631: ConfigurationManager, init=-1: [f6b95176-143b-4dc2-a9fd-5757f55b0b36:192.168.164.250:36206, db756f0c-6aee-46d9-ae72-02f4945ba453:192.168.164.250:33209, 42e28882-afd5-40d9-af35-6e13b3e6644c:192.168.164.250:45196], old=null, confs=<EMPTY_MAP>
2019-09-29 10:45:40,973 [pool-92-thread-1] INFO  server.RaftServerConfigKeys (ConfUtils.java:logGet(43)) - raft.server.rpcslowness.timeout = 120s (custom)
2019-09-29 10:45:40,973 [pool-72-thread-1] INFO  server.RaftServerConfigKeys (ConfUtils.java:logGet(43)) - raft.server.storage.dir = [/workdir/hadoop-ozone/integration-test/target/test-dir/MiniOzoneClusterImpl-f2f1897c-7c9f-4d93-a036-cb01af022a4f/datanode-4/data/ratis] (custom)
2019-09-29 10:45:40,973 [pool-92-thread-1] INFO  server.RaftServerConfigKeys (ConfUtils.java:logGet(43)) - raft.server.sleep.deviation.threshold = 300 (default)
2019-09-29 10:45:40,974 [pool-92-thread-1] INFO  server.RaftServerConfigKeys (ConfUtils.java:logGet(43)) - raft.server.log.appender.install.snapshot.enabled = false (custom)
2019-09-29 10:45:40,974 [pool-72-thread-1] INFO  storage.RaftStorageDirectory (RaftStorageDirectory.java:analyzeStorage(246)) - The storage directory /workdir/hadoop-ozone/integration-test/target/test-dir/MiniOzoneClusterImpl-f2f1897c-7c9f-4d93-a036-cb01af022a4f/datanode-4/data/ratis/55c2baab-14fc-4c38-a84a-fd891568c631 does not exist. Creating ...
2019-09-29 10:45:40,974 [pool-92-thread-1] INFO  impl.RaftServerImpl (ServerState.java:<init>(103)) - f6b95176-143b-4dc2-a9fd-5757f55b0b36@group-FD891568C631: ConfigurationManager, init=-1: [f6b95176-143b-4dc2-a9fd-5757f55b0b36:192.168.164.250:36206, db756f0c-6aee-46d9-ae72-02f4945ba453:192.168.164.250:33209, 42e28882-afd5-40d9-af35-6e13b3e6644c:192.168.164.250:45196], old=null, confs=<EMPTY_MAP>
2019-09-29 10:45:40,974 [pool-92-thread-1] INFO  server.RaftServerConfigKeys (ConfUtils.java:logGet(43)) - raft.server.storage.dir = [/workdir/hadoop-ozone/integration-test/target/test-dir/MiniOzoneClusterImpl-f2f1897c-7c9f-4d93-a036-cb01af022a4f/datanode-6/data/ratis] (custom)
2019-09-29 10:45:40,974 [pool-92-thread-1] INFO  storage.RaftStorageDirectory (RaftStorageDirectory.java:analyzeStorage(246)) - The storage directory /workdir/hadoop-ozone/integration-test/target/test-dir/MiniOzoneClusterImpl-f2f1897c-7c9f-4d93-a036-cb01af022a4f/datanode-6/data/ratis/55c2baab-14fc-4c38-a84a-fd891568c631 does not exist. Creating ...
2019-09-29 10:45:40,986 [pool-72-thread-1] INFO  storage.RaftStorageDirectory (RaftStorageDirectory.java:tryLock(328)) - Lock on /workdir/hadoop-ozone/integration-test/target/test-dir/MiniOzoneClusterImpl-f2f1897c-7c9f-4d93-a036-cb01af022a4f/datanode-4/data/ratis/55c2baab-14fc-4c38-a84a-fd891568c631/in_use.lock acquired by nodename 23044@pr-hdds-1569-p5qg8-3770903209
2019-09-29 10:45:40,986 [pool-62-thread-1] INFO  storage.RaftStorageDirectory (RaftStorageDirectory.java:tryLock(328)) - Lock on /workdir/hadoop-ozone/integration-test/target/test-dir/MiniOzoneClusterImpl-f2f1897c-7c9f-4d93-a036-cb01af022a4f/datanode-3/data/ratis/55c2baab-14fc-4c38-a84a-fd891568c631/in_use.lock acquired by nodename 23044@pr-hdds-1569-p5qg8-3770903209
2019-09-29 10:45:40,986 [pool-92-thread-1] INFO  storage.RaftStorageDirectory (RaftStorageDirectory.java:tryLock(328)) - Lock on /workdir/hadoop-ozone/integration-test/target/test-dir/MiniOzoneClusterImpl-f2f1897c-7c9f-4d93-a036-cb01af022a4f/datanode-6/data/ratis/55c2baab-14fc-4c38-a84a-fd891568c631/in_use.lock acquired by nodename 23044@pr-hdds-1569-p5qg8-3770903209
2019-09-29 10:45:41,000 [pool-92-thread-1] INFO  storage.RaftStorage (RaftStorage.java:format(72)) - Storage directory /workdir/hadoop-ozone/integration-test/target/test-dir/MiniOzoneClusterImpl-f2f1897c-7c9f-4d93-a036-cb01af022a4f/datanode-6/data/ratis/55c2baab-14fc-4c38-a84a-fd891568c631 has been successfully formatted.
2019-09-29 10:45:41,000 [pool-62-thread-1] INFO  storage.RaftStorage (RaftStorage.java:format(72)) - Storage directory /workdir/hadoop-ozone/integration-test/target/test-dir/MiniOzoneClusterImpl-f2f1897c-7c9f-4d93-a036-cb01af022a4f/datanode-3/data/ratis/55c2baab-14fc-4c38-a84a-fd891568c631 has been successfully formatted.
2019-09-29 10:45:41,000 [pool-72-thread-1] INFO  storage.RaftStorage (RaftStorage.java:format(72)) - Storage directory /workdir/hadoop-ozone/integration-test/target/test-dir/MiniOzoneClusterImpl-f2f1897c-7c9f-4d93-a036-cb01af022a4f/datanode-4/data/ratis/55c2baab-14fc-4c38-a84a-fd891568c631 has been successfully formatted.
2019-09-29 10:45:41,000 [pool-92-thread-1] INFO  ratis.ContainerStateMachine (ContainerStateMachine.java:loadSnapshot(230)) - group-FD891568C631: The snapshot info is null. Setting the last applied indexto:(t:0, i:~)
2019-09-29 10:45:41,000 [pool-72-thread-1] INFO  ratis.ContainerStateMachine (ContainerStateMachine.java:loadSnapshot(230)) - group-FD891568C631: The snapshot info is null. Setting the last applied indexto:(t:0, i:~)
2019-09-29 10:45:41,000 [pool-62-thread-1] INFO  ratis.ContainerStateMachine (ContainerStateMachine.java:loadSnapshot(230)) - group-FD891568C631: The snapshot info is null. Setting the last applied indexto:(t:0, i:~)
2019-09-29 10:45:41,001 [pool-72-thread-1] INFO  server.RaftServerConfigKeys (ConfUtils.java:logGet(43)) - raft.server.notification.no-leader.timeout = 120s (custom)
2019-09-29 10:45:41,000 [pool-92-thread-1] INFO  server.RaftServerConfigKeys (ConfUtils.java:logGet(43)) - raft.server.notification.no-leader.timeout = 120s (custom)
2019-09-29 10:45:41,001 [pool-72-thread-1] INFO  server.RaftServerConfigKeys (ConfUtils.java:logGet(43)) - raft.server.log.use.memory = false (default)
2019-09-29 10:45:41,001 [pool-62-thread-1] INFO  server.RaftServerConfigKeys (ConfUtils.java:logGet(43)) - raft.server.notification.no-leader.timeout = 120s (custom)
2019-09-29 10:45:41,001 [pool-72-thread-1] INFO  server.RaftServerConfigKeys (ConfUtils.java:logGet(43)) - raft.server.log.purge.gap = 1000000 (custom)
2019-09-29 10:45:41,001 [pool-92-thread-1] INFO  server.RaftServerConfigKeys (ConfUtils.java:logGet(43)) - raft.server.log.use.memory = false (default)
2019-09-29 10:45:41,001 [pool-72-thread-1] INFO  server.RaftServerConfigKeys (ConfUtils.java:logGet(43)) - raft.server.log.appender.buffer.byte-limit = 33554432 (custom)
2019-09-29 10:45:41,001 [pool-62-thread-1] INFO  server.RaftServerConfigKeys (ConfUtils.java:logGet(43)) - raft.server.log.use.memory = false (default)
2019-09-29 10:45:41,001 [pool-72-thread-1] INFO  server.RaftServerConfigKeys (ConfUtils.java:logGet(43)) - raft.server.log.segment.size.max = 1048576 (custom)
2019-09-29 10:45:41,001 [pool-92-thread-1] INFO  server.RaftServerConfigKeys (ConfUtils.java:logGet(43)) - raft.server.log.purge.gap = 1000000 (custom)
2019-09-29 10:45:41,002 [pool-72-thread-1] INFO  server.RaftServerConfigKeys (ConfUtils.java:logGet(43)) - raft.server.log.segment.cache.num.max = 2 (custom)
2019-09-29 10:45:41,001 [pool-62-thread-1] INFO  server.RaftServerConfigKeys (ConfUtils.java:logGet(43)) - raft.server.log.purge.gap = 1000000 (custom)
2019-09-29 10:45:41,002 [pool-72-thread-1] INFO  segmented.SegmentedRaftLogWorker (SegmentedRaftLogWorker.java:<init>(172)) - new 42e28882-afd5-40d9-af35-6e13b3e6644c@group-FD891568C631-SegmentedRaftLogWorker for RaftStorage:Storage Directory /workdir/hadoop-ozone/integration-test/target/test-dir/MiniOzoneClusterImpl-f2f1897c-7c9f-4d93-a036-cb01af022a4f/datanode-4/data/ratis/55c2baab-14fc-4c38-a84a-fd891568c631
2019-09-29 10:45:41,002 [pool-92-thread-1] INFO  server.RaftServerConfigKeys (ConfUtils.java:logGet(43)) - raft.server.log.appender.buffer.byte-limit = 33554432 (custom)
2019-09-29 10:45:41,002 [pool-72-thread-1] INFO  server.RaftServerConfigKeys (ConfUtils.java:logGet(43)) - raft.server.log.queue.byte-limit = 2147483647 (custom)
2019-09-29 10:45:41,002 [pool-62-thread-1] INFO  server.RaftServerConfigKeys (ConfUtils.java:logGet(43)) - raft.server.log.appender.buffer.byte-limit = 33554432 (custom)
2019-09-29 10:45:41,002 [pool-72-thread-1] INFO  server.RaftServerConfigKeys (ConfUtils.java:logGet(43)) - raft.server.log.queue.element-limit = 1024 (custom)
2019-09-29 10:45:41,002 [pool-92-thread-1] INFO  server.RaftServerConfigKeys (ConfUtils.java:logGet(43)) - raft.server.log.segment.size.max = 1048576 (custom)
2019-09-29 10:45:41,002 [pool-72-thread-1] INFO  server.RaftServerConfigKeys (ConfUtils.java:logGet(43)) - raft.server.log.segment.size.max = 1048576 (custom)
2019-09-29 10:45:41,002 [pool-62-thread-1] INFO  server.RaftServerConfigKeys (ConfUtils.java:logGet(43)) - raft.server.log.segment.size.max = 1048576 (custom)
2019-09-29 10:45:41,003 [pool-72-thread-1] INFO  server.RaftServerConfigKeys (ConfUtils.java:logGet(43)) - raft.server.log.preallocated.size = 16384 (custom)
2019-09-29 10:45:41,003 [pool-92-thread-1] INFO  server.RaftServerConfigKeys (ConfUtils.java:logGet(43)) - raft.server.log.segment.cache.num.max = 2 (custom)
2019-09-29 10:45:41,003 [pool-72-thread-1] INFO  server.RaftServerConfigKeys (ConfUtils.java:logGet(43)) - raft.server.log.write.buffer.size = 33554432 (custom)
2019-09-29 10:45:41,003 [pool-62-thread-1] INFO  server.RaftServerConfigKeys (ConfUtils.java:logGet(43)) - raft.server.log.segment.cache.num.max = 2 (custom)
2019-09-29 10:45:41,003 [pool-72-thread-1] INFO  server.RaftServerConfigKeys (ConfUtils.java:logGet(43)) - raft.server.log.force.sync.num = 128 (default)
2019-09-29 10:45:41,003 [pool-92-thread-1] INFO  segmented.SegmentedRaftLogWorker (SegmentedRaftLogWorker.java:<init>(172)) - new f6b95176-143b-4dc2-a9fd-5757f55b0b36@group-FD891568C631-SegmentedRaftLogWorker for RaftStorage:Storage Directory /workdir/hadoop-ozone/integration-test/target/test-dir/MiniOzoneClusterImpl-f2f1897c-7c9f-4d93-a036-cb01af022a4f/datanode-6/data/ratis/55c2baab-14fc-4c38-a84a-fd891568c631
2019-09-29 10:45:41,003 [pool-72-thread-1] INFO  server.RaftServerConfigKeys (ConfUtils.java:logGet(43)) - raft.server.log.statemachine.data.sync = true (default)
2019-09-29 10:45:41,003 [pool-62-thread-1] INFO  segmented.SegmentedRaftLogWorker (SegmentedRaftLogWorker.java:<init>(172)) - new db756f0c-6aee-46d9-ae72-02f4945ba453@group-FD891568C631-SegmentedRaftLogWorker for RaftStorage:Storage Directory /workdir/hadoop-ozone/integration-test/target/test-dir/MiniOzoneClusterImpl-f2f1897c-7c9f-4d93-a036-cb01af022a4f/datanode-3/data/ratis/55c2baab-14fc-4c38-a84a-fd891568c631
2019-09-29 10:45:41,004 [pool-72-thread-1] INFO  server.RaftServerConfigKeys (ConfUtils.java:logGet(43)) - raft.server.log.statemachine.data.sync.timeout = 10s (default)
2019-09-29 10:45:41,003 [pool-92-thread-1] INFO  server.RaftServerConfigKeys (ConfUtils.java:logGet(43)) - raft.server.log.queue.byte-limit = 2147483647 (custom)
2019-09-29 10:45:41,004 [pool-72-thread-1] INFO  server.RaftServerConfigKeys (ConfUtils.java:logGet(43)) - raft.server.log.statemachine.data.sync.timeout.retry = -1 (default)
2019-09-29 10:45:41,004 [pool-62-thread-1] INFO  server.RaftServerConfigKeys (ConfUtils.java:logGet(43)) - raft.server.log.queue.byte-limit = 2147483647 (custom)
2019-09-29 10:45:41,004 [pool-72-thread-1] INFO  server.RaftServerConfigKeys (ConfUtils.java:logGet(43)) - raft.server.log.statemachine.data.caching.enabled = true (custom)
2019-09-29 10:45:41,004 [pool-92-thread-1] INFO  server.RaftServerConfigKeys (ConfUtils.java:logGet(43)) - raft.server.log.queue.element-limit = 1024 (custom)
2019-09-29 10:45:41,004 [pool-62-thread-1] INFO  server.RaftServerConfigKeys (ConfUtils.java:logGet(43)) - raft.server.log.queue.element-limit = 1024 (custom)
2019-09-29 10:45:41,004 [pool-92-thread-1] INFO  server.RaftServerConfigKeys (ConfUtils.java:logGet(43)) - raft.server.log.segment.size.max = 1048576 (custom)
2019-09-29 10:45:41,004 [pool-72-thread-1] INFO  segmented.SegmentedRaftLogWorker (SegmentedRaftLogWorker.java:lambda$new$0(132)) - 42e28882-afd5-40d9-af35-6e13b3e6644c@group-FD891568C631-SegmentedRaftLogWorker: flushIndex: setUnconditionally 0 -> -1
2019-09-29 10:45:41,005 [pool-92-thread-1] INFO  server.RaftServerConfigKeys (ConfUtils.java:logGet(43)) - raft.server.log.preallocated.size = 16384 (custom)
2019-09-29 10:45:41,005 [pool-72-thread-1] INFO  server.RaftServerConfigKeys (ConfUtils.java:logGet(43)) - raft.server.snapshot.auto.trigger.enabled = true (custom)
2019-09-29 10:45:41,004 [pool-62-thread-1] INFO  server.RaftServerConfigKeys (ConfUtils.java:logGet(43)) - raft.server.log.segment.size.max = 1048576 (custom)
2019-09-29 10:45:41,005 [pool-72-thread-1] INFO  server.RaftServerConfigKeys (ConfUtils.java:logGet(43)) - raft.server.snapshot.auto.trigger.threshold = 10000 (custom)
2019-09-29 10:45:41,005 [pool-92-thread-1] INFO  server.RaftServerConfigKeys (ConfUtils.java:logGet(43)) - raft.server.log.write.buffer.size = 33554432 (custom)
2019-09-29 10:45:41,005 [pool-72-thread-1] INFO  server.RaftServerConfigKeys (ConfUtils.java:logGet(43)) - raft.server.snapshot.retention.num.files = 5 (custom)
2019-09-29 10:45:41,005 [pool-62-thread-1] INFO  server.RaftServerConfigKeys (ConfUtils.java:logGet(43)) - raft.server.log.preallocated.size = 16384 (custom)
2019-09-29 10:45:41,005 [pool-72-thread-1] INFO  server.RaftServerConfigKeys (ConfUtils.java:logGet(43)) - raft.server.retrycache.expirytime = 600000ms (custom)
2019-09-29 10:45:41,005 [pool-92-thread-1] INFO  server.RaftServerConfigKeys (ConfUtils.java:logGet(43)) - raft.server.log.force.sync.num = 128 (default)
2019-09-29 10:45:41,006 [pool-62-thread-1] INFO  server.RaftServerConfigKeys (ConfUtils.java:logGet(43)) - raft.server.log.write.buffer.size = 33554432 (custom)
2019-09-29 10:45:41,006 [pool-92-thread-1] INFO  server.RaftServerConfigKeys (ConfUtils.java:logGet(43)) - raft.server.log.statemachine.data.sync = true (default)
2019-09-29 10:45:41,006 [pool-92-thread-1] INFO  server.RaftServerConfigKeys (ConfUtils.java:logGet(43)) - raft.server.log.statemachine.data.sync.timeout = 10s (default)
2019-09-29 10:45:41,006 [pool-62-thread-1] INFO  server.RaftServerConfigKeys (ConfUtils.java:logGet(43)) - raft.server.log.force.sync.num = 128 (default)
2019-09-29 10:45:41,006 [pool-92-thread-1] INFO  server.RaftServerConfigKeys (ConfUtils.java:logGet(43)) - raft.server.log.statemachine.data.sync.timeout.retry = -1 (default)
2019-09-29 10:45:41,006 [pool-62-thread-1] INFO  server.RaftServerConfigKeys (ConfUtils.java:logGet(43)) - raft.server.log.statemachine.data.sync = true (default)
2019-09-29 10:45:41,007 [pool-92-thread-1] INFO  server.RaftServerConfigKeys (ConfUtils.java:logGet(43)) - raft.server.log.statemachine.data.caching.enabled = true (custom)
2019-09-29 10:45:41,007 [pool-62-thread-1] INFO  server.RaftServerConfigKeys (ConfUtils.java:logGet(43)) - raft.server.log.statemachine.data.sync.timeout = 10s (default)
2019-09-29 10:45:41,007 [pool-62-thread-1] INFO  server.RaftServerConfigKeys (ConfUtils.java:logGet(43)) - raft.server.log.statemachine.data.sync.timeout.retry = -1 (default)
2019-09-29 10:45:41,007 [pool-92-thread-1] INFO  segmented.SegmentedRaftLogWorker (SegmentedRaftLogWorker.java:lambda$new$0(132)) - f6b95176-143b-4dc2-a9fd-5757f55b0b36@group-FD891568C631-SegmentedRaftLogWorker: flushIndex: setUnconditionally 0 -> -1
2019-09-29 10:45:41,007 [pool-62-thread-1] INFO  server.RaftServerConfigKeys (ConfUtils.java:logGet(43)) - raft.server.log.statemachine.data.caching.enabled = true (custom)
2019-09-29 10:45:41,007 [pool-92-thread-1] INFO  server.RaftServerConfigKeys (ConfUtils.java:logGet(43)) - raft.server.snapshot.auto.trigger.enabled = true (custom)
2019-09-29 10:45:41,007 [pool-62-thread-1] INFO  segmented.SegmentedRaftLogWorker (SegmentedRaftLogWorker.java:lambda$new$0(132)) - db756f0c-6aee-46d9-ae72-02f4945ba453@group-FD891568C631-SegmentedRaftLogWorker: flushIndex: setUnconditionally 0 -> -1
2019-09-29 10:45:41,008 [pool-92-thread-1] INFO  server.RaftServerConfigKeys (ConfUtils.java:logGet(43)) - raft.server.snapshot.auto.trigger.threshold = 10000 (custom)
2019-09-29 10:45:41,008 [pool-62-thread-1] INFO  server.RaftServerConfigKeys (ConfUtils.java:logGet(43)) - raft.server.snapshot.auto.trigger.enabled = true (custom)
2019-09-29 10:45:41,008 [pool-72-thread-1] INFO  impl.RaftServerImpl (RaftServerImpl.java:start(185)) - 42e28882-afd5-40d9-af35-6e13b3e6644c@group-FD891568C631: start as a follower, conf=-1: [f6b95176-143b-4dc2-a9fd-5757f55b0b36:192.168.164.250:36206, db756f0c-6aee-46d9-ae72-02f4945ba453:192.168.164.250:33209, 42e28882-afd5-40d9-af35-6e13b3e6644c:192.168.164.250:45196], old=null
2019-09-29 10:45:41,008 [pool-92-thread-1] INFO  server.RaftServerConfigKeys (ConfUtils.java:logGet(43)) - raft.server.snapshot.retention.num.files = 5 (custom)
2019-09-29 10:45:41,008 [pool-72-thread-1] INFO  impl.RaftServerImpl (RaftServerImpl.java:setRole(174)) - 42e28882-afd5-40d9-af35-6e13b3e6644c@group-FD891568C631: changes role from      null to FOLLOWER at term 0 for startAsFollower
2019-09-29 10:45:41,008 [pool-62-thread-1] INFO  server.RaftServerConfigKeys (ConfUtils.java:logGet(43)) - raft.server.snapshot.auto.trigger.threshold = 10000 (custom)
2019-09-29 10:45:41,008 [pool-72-thread-1] INFO  impl.RoleInfo (RoleInfo.java:updateAndGet(143)) - 42e28882-afd5-40d9-af35-6e13b3e6644c: start FollowerState
2019-09-29 10:45:41,008 [pool-92-thread-1] INFO  server.RaftServerConfigKeys (ConfUtils.java:logGet(43)) - raft.server.retrycache.expirytime = 600000ms (custom)
2019-09-29 10:45:41,008 [pool-62-thread-1] INFO  server.RaftServerConfigKeys (ConfUtils.java:logGet(43)) - raft.server.snapshot.retention.num.files = 5 (custom)
2019-09-29 10:45:41,009 [pool-72-thread-1] INFO  util.JmxRegister (JmxRegister.java:tryRegister(44)) - Successfully registered JMX Bean with object name Ratis:service=RaftServer,group=group-FD891568C631,id=42e28882-afd5-40d9-af35-6e13b3e6644c
2019-09-29 10:45:41,009 [pool-62-thread-1] INFO  server.RaftServerConfigKeys (ConfUtils.java:logGet(43)) - raft.server.retrycache.expirytime = 600000ms (custom)
2019-09-29 10:45:41,023 [pool-92-thread-1] INFO  impl.RaftServerImpl (RaftServerImpl.java:start(185)) - f6b95176-143b-4dc2-a9fd-5757f55b0b36@group-FD891568C631: start as a follower, conf=-1: [f6b95176-143b-4dc2-a9fd-5757f55b0b36:192.168.164.250:36206, db756f0c-6aee-46d9-ae72-02f4945ba453:192.168.164.250:33209, 42e28882-afd5-40d9-af35-6e13b3e6644c:192.168.164.250:45196], old=null
2019-09-29 10:45:41,023 [pool-62-thread-1] INFO  impl.RaftServerImpl (RaftServerImpl.java:start(185)) - db756f0c-6aee-46d9-ae72-02f4945ba453@group-FD891568C631: start as a follower, conf=-1: [f6b95176-143b-4dc2-a9fd-5757f55b0b36:192.168.164.250:36206, db756f0c-6aee-46d9-ae72-02f4945ba453:192.168.164.250:33209, 42e28882-afd5-40d9-af35-6e13b3e6644c:192.168.164.250:45196], old=null
2019-09-29 10:45:41,023 [pool-92-thread-1] INFO  impl.RaftServerImpl (RaftServerImpl.java:setRole(174)) - f6b95176-143b-4dc2-a9fd-5757f55b0b36@group-FD891568C631: changes role from      null to FOLLOWER at term 0 for startAsFollower
2019-09-29 10:45:41,023 [pool-62-thread-1] INFO  impl.RaftServerImpl (RaftServerImpl.java:setRole(174)) - db756f0c-6aee-46d9-ae72-02f4945ba453@group-FD891568C631: changes role from      null to FOLLOWER at term 0 for startAsFollower
2019-09-29 10:45:41,023 [pool-92-thread-1] INFO  impl.RoleInfo (RoleInfo.java:updateAndGet(143)) - f6b95176-143b-4dc2-a9fd-5757f55b0b36: start FollowerState
2019-09-29 10:45:41,023 [pool-62-thread-1] INFO  impl.RoleInfo (RoleInfo.java:updateAndGet(143)) - db756f0c-6aee-46d9-ae72-02f4945ba453: start FollowerState
2019-09-29 10:45:41,023 [pool-92-thread-1] INFO  util.JmxRegister (JmxRegister.java:tryRegister(44)) - Successfully registered JMX Bean with object name Ratis:service=RaftServer,group=group-FD891568C631,id=f6b95176-143b-4dc2-a9fd-5757f55b0b36
2019-09-29 10:45:41,023 [pool-62-thread-1] INFO  util.JmxRegister (JmxRegister.java:tryRegister(44)) - Successfully registered JMX Bean with object name Ratis:service=RaftServer,group=group-FD891568C631,id=db756f0c-6aee-46d9-ae72-02f4945ba453
2019-09-29 10:45:41,030 [RatisPipelineUtilsThread] INFO  pipeline.PipelineStateManager (PipelineStateManager.java:addPipeline(56)) - Created pipeline Pipeline[ Id: 55c2baab-14fc-4c38-a84a-fd891568c631, Nodes: db756f0c-6aee-46d9-ae72-02f4945ba453{ip: 192.168.164.250, host: pr-hdds-1569-p5qg8-3770903209, networkLocation: /default-rack, certSerialId: null}42e28882-afd5-40d9-af35-6e13b3e6644c{ip: 192.168.164.250, host: pr-hdds-1569-p5qg8-3770903209, networkLocation: /default-rack, certSerialId: null}f6b95176-143b-4dc2-a9fd-5757f55b0b36{ip: 192.168.164.250, host: pr-hdds-1569-p5qg8-3770903209, networkLocation: /default-rack, certSerialId: null}, Type:RATIS, Factor:THREE, State:OPEN]
2019-09-29 10:45:41,043 [grpc-default-executor-1] INFO  impl.RaftServerProxy (RaftServerProxy.java:addNew(89)) - db756f0c-6aee-46d9-ae72-02f4945ba453: addNew group-54DC38C7438B:[f6b95176-143b-4dc2-a9fd-5757f55b0b36:192.168.164.250:36206, db756f0c-6aee-46d9-ae72-02f4945ba453:192.168.164.250:33209, 42e28882-afd5-40d9-af35-6e13b3e6644c:192.168.164.250:45196] returns group-54DC38C7438B:java.util.concurrent.CompletableFuture@2ea36094[Not completed]
2019-09-29 10:45:41,043 [grpc-default-executor-0] INFO  impl.RaftServerProxy (RaftServerProxy.java:addNew(89)) - 42e28882-afd5-40d9-af35-6e13b3e6644c: addNew group-54DC38C7438B:[f6b95176-143b-4dc2-a9fd-5757f55b0b36:192.168.164.250:36206, db756f0c-6aee-46d9-ae72-02f4945ba453:192.168.164.250:33209, 42e28882-afd5-40d9-af35-6e13b3e6644c:192.168.164.250:45196] returns group-54DC38C7438B:java.util.concurrent.CompletableFuture@4628766d[Not completed]
2019-09-29 10:45:41,045 [grpc-default-executor-2] INFO  impl.RaftServerProxy (RaftServerProxy.java:addNew(89)) - f6b95176-143b-4dc2-a9fd-5757f55b0b36: addNew group-54DC38C7438B:[f6b95176-143b-4dc2-a9fd-5757f55b0b36:192.168.164.250:36206, db756f0c-6aee-46d9-ae72-02f4945ba453:192.168.164.250:33209, 42e28882-afd5-40d9-af35-6e13b3e6644c:192.168.164.250:45196] returns group-54DC38C7438B:java.util.concurrent.CompletableFuture@72f90c77[Not completed]
2019-09-29 10:45:41,046 [pool-62-thread-1] INFO  impl.RaftServerImpl (RaftServerImpl.java:<init>(95)) - db756f0c-6aee-46d9-ae72-02f4945ba453: new RaftServerImpl for group-54DC38C7438B:[f6b95176-143b-4dc2-a9fd-5757f55b0b36:192.168.164.250:36206, db756f0c-6aee-46d9-ae72-02f4945ba453:192.168.164.250:33209, 42e28882-afd5-40d9-af35-6e13b3e6644c:192.168.164.250:45196] with ContainerStateMachine:uninitialized
2019-09-29 10:45:41,046 [pool-62-thread-1] INFO  server.RaftServerConfigKeys (ConfUtils.java:logGet(43)) - raft.server.rpc.timeout.min = 5s (custom)
2019-09-29 10:45:41,046 [pool-62-thread-1] INFO  server.RaftServerConfigKeys (ConfUtils.java:logGet(43)) - raft.server.rpc.timeout.max = 5200ms (custom)
2019-09-29 10:45:41,046 [pool-62-thread-1] INFO  server.RaftServerConfigKeys (ConfUtils.java:logGet(43)) - raft.server.rpcslowness.timeout = 120s (custom)
2019-09-29 10:45:41,046 [pool-62-thread-1] INFO  server.RaftServerConfigKeys (ConfUtils.java:logGet(43)) - raft.server.sleep.deviation.threshold = 300 (default)
2019-09-29 10:45:41,046 [pool-62-thread-1] INFO  server.RaftServerConfigKeys (ConfUtils.java:logGet(43)) - raft.server.log.appender.install.snapshot.enabled = false (custom)
2019-09-29 10:45:41,046 [pool-62-thread-1] INFO  impl.RaftServerImpl (ServerState.java:<init>(103)) - db756f0c-6aee-46d9-ae72-02f4945ba453@group-54DC38C7438B: ConfigurationManager, init=-1: [f6b95176-143b-4dc2-a9fd-5757f55b0b36:192.168.164.250:36206, db756f0c-6aee-46d9-ae72-02f4945ba453:192.168.164.250:33209, 42e28882-afd5-40d9-af35-6e13b3e6644c:192.168.164.250:45196], old=null, confs=<EMPTY_MAP>
2019-09-29 10:45:41,046 [pool-92-thread-1] INFO  impl.RaftServerImpl (RaftServerImpl.java:<init>(95)) - f6b95176-143b-4dc2-a9fd-5757f55b0b36: new RaftServerImpl for group-54DC38C7438B:[f6b95176-143b-4dc2-a9fd-5757f55b0b36:192.168.164.250:36206, db756f0c-6aee-46d9-ae72-02f4945ba453:192.168.164.250:33209, 42e28882-afd5-40d9-af35-6e13b3e6644c:192.168.164.250:45196] with ContainerStateMachine:uninitialized
2019-09-29 10:45:41,047 [pool-62-thread-1] INFO  server.RaftServerConfigKeys (ConfUtils.java:logGet(43)) - raft.server.storage.dir = [/workdir/hadoop-ozone/integration-test/target/test-dir/MiniOzoneClusterImpl-f2f1897c-7c9f-4d93-a036-cb01af022a4f/datanode-3/data/ratis] (custom)
2019-09-29 10:45:41,047 [pool-92-thread-1] INFO  server.RaftServerConfigKeys (ConfUtils.java:logGet(43)) - raft.server.rpc.timeout.min = 5s (custom)
2019-09-29 10:45:41,047 [pool-92-thread-1] INFO  server.RaftServerConfigKeys (ConfUtils.java:logGet(43)) - raft.server.rpc.timeout.max = 5200ms (custom)
2019-09-29 10:45:41,047 [pool-62-thread-1] INFO  storage.RaftStorageDirectory (RaftStorageDirectory.java:analyzeStorage(246)) - The storage directory /workdir/hadoop-ozone/integration-test/target/test-dir/MiniOzoneClusterImpl-f2f1897c-7c9f-4d93-a036-cb01af022a4f/datanode-3/data/ratis/c01f5b1d-645b-49a2-92e5-54dc38c7438b does not exist. Creating ...
2019-09-29 10:45:41,047 [pool-92-thread-1] INFO  server.RaftServerConfigKeys (ConfUtils.java:logGet(43)) - raft.server.rpcslowness.timeout = 120s (custom)
2019-09-29 10:45:41,047 [pool-92-thread-1] INFO  server.RaftServerConfigKeys (ConfUtils.java:logGet(43)) - raft.server.sleep.deviation.threshold = 300 (default)
2019-09-29 10:45:41,047 [pool-72-thread-1] INFO  impl.RaftServerImpl (RaftServerImpl.java:<init>(95)) - 42e28882-afd5-40d9-af35-6e13b3e6644c: new RaftServerImpl for group-54DC38C7438B:[f6b95176-143b-4dc2-a9fd-5757f55b0b36:192.168.164.250:36206, db756f0c-6aee-46d9-ae72-02f4945ba453:192.168.164.250:33209, 42e28882-afd5-40d9-af35-6e13b3e6644c:192.168.164.250:45196] with ContainerStateMachine:uninitialized
2019-09-29 10:45:41,047 [pool-92-thread-1] INFO  server.RaftServerConfigKeys (ConfUtils.java:logGet(43)) - raft.server.log.appender.install.snapshot.enabled = false (custom)
2019-09-29 10:45:41,047 [pool-72-thread-1] INFO  server.RaftServerConfigKeys (ConfUtils.java:logGet(43)) - raft.server.rpc.timeout.min = 5s (custom)
2019-09-29 10:45:41,047 [pool-92-thread-1] INFO  impl.RaftServerImpl (ServerState.java:<init>(103)) - f6b95176-143b-4dc2-a9fd-5757f55b0b36@group-54DC38C7438B: ConfigurationManager, init=-1: [f6b95176-143b-4dc2-a9fd-5757f55b0b36:192.168.164.250:36206, db756f0c-6aee-46d9-ae72-02f4945ba453:192.168.164.250:33209, 42e28882-afd5-40d9-af35-6e13b3e6644c:192.168.164.250:45196], old=null, confs=<EMPTY_MAP>
2019-09-29 10:45:41,048 [pool-72-thread-1] INFO  server.RaftServerConfigKeys (ConfUtils.java:logGet(43)) - raft.server.rpc.timeout.max = 5200ms (custom)
2019-09-29 10:45:41,048 [pool-92-thread-1] INFO  server.RaftServerConfigKeys (ConfUtils.java:logGet(43)) - raft.server.storage.dir = [/workdir/hadoop-ozone/integration-test/target/test-dir/MiniOzoneClusterImpl-f2f1897c-7c9f-4d93-a036-cb01af022a4f/datanode-6/data/ratis] (custom)
2019-09-29 10:45:41,048 [pool-72-thread-1] INFO  server.RaftServerConfigKeys (ConfUtils.java:logGet(43)) - raft.server.rpcslowness.timeout = 120s (custom)
2019-09-29 10:45:41,048 [pool-72-thread-1] INFO  server.RaftServerConfigKeys (ConfUtils.java:logGet(43)) - raft.server.sleep.deviation.threshold = 300 (default)
2019-09-29 10:45:41,048 [pool-72-thread-1] INFO  server.RaftServerConfigKeys (ConfUtils.java:logGet(43)) - raft.server.log.appender.install.snapshot.enabled = false (custom)
2019-09-29 10:45:41,048 [pool-92-thread-1] INFO  storage.RaftStorageDirectory (RaftStorageDirectory.java:analyzeStorage(246)) - The storage directory /workdir/hadoop-ozone/integration-test/target/test-dir/MiniOzoneClusterImpl-f2f1897c-7c9f-4d93-a036-cb01af022a4f/datanode-6/data/ratis/c01f5b1d-645b-49a2-92e5-54dc38c7438b does not exist. Creating ...
2019-09-29 10:45:41,048 [pool-72-thread-1] INFO  impl.RaftServerImpl (ServerState.java:<init>(103)) - 42e28882-afd5-40d9-af35-6e13b3e6644c@group-54DC38C7438B: ConfigurationManager, init=-1: [f6b95176-143b-4dc2-a9fd-5757f55b0b36:192.168.164.250:36206, db756f0c-6aee-46d9-ae72-02f4945ba453:192.168.164.250:33209, 42e28882-afd5-40d9-af35-6e13b3e6644c:192.168.164.250:45196], old=null, confs=<EMPTY_MAP>
2019-09-29 10:45:41,048 [pool-72-thread-1] INFO  server.RaftServerConfigKeys (ConfUtils.java:logGet(43)) - raft.server.storage.dir = [/workdir/hadoop-ozone/integration-test/target/test-dir/MiniOzoneClusterImpl-f2f1897c-7c9f-4d93-a036-cb01af022a4f/datanode-4/data/ratis] (custom)
2019-09-29 10:45:41,048 [pool-72-thread-1] INFO  storage.RaftStorageDirectory (RaftStorageDirectory.java:analyzeStorage(246)) - The storage directory /workdir/hadoop-ozone/integration-test/target/test-dir/MiniOzoneClusterImpl-f2f1897c-7c9f-4d93-a036-cb01af022a4f/datanode-4/data/ratis/c01f5b1d-645b-49a2-92e5-54dc38c7438b does not exist. Creating ...
2019-09-29 10:45:41,061 [pool-92-thread-1] INFO  storage.RaftStorageDirectory (RaftStorageDirectory.java:tryLock(328)) - Lock on /workdir/hadoop-ozone/integration-test/target/test-dir/MiniOzoneClusterImpl-f2f1897c-7c9f-4d93-a036-cb01af022a4f/datanode-6/data/ratis/c01f5b1d-645b-49a2-92e5-54dc38c7438b/in_use.lock acquired by nodename 23044@pr-hdds-1569-p5qg8-3770903209
2019-09-29 10:45:41,061 [pool-62-thread-1] INFO  storage.RaftStorageDirectory (RaftStorageDirectory.java:tryLock(328)) - Lock on /workdir/hadoop-ozone/integration-test/target/test-dir/MiniOzoneClusterImpl-f2f1897c-7c9f-4d93-a036-cb01af022a4f/datanode-3/data/ratis/c01f5b1d-645b-49a2-92e5-54dc38c7438b/in_use.lock acquired by nodename 23044@pr-hdds-1569-p5qg8-3770903209
2019-09-29 10:45:41,061 [pool-72-thread-1] INFO  storage.RaftStorageDirectory (RaftStorageDirectory.java:tryLock(328)) - Lock on /workdir/hadoop-ozone/integration-test/target/test-dir/MiniOzoneClusterImpl-f2f1897c-7c9f-4d93-a036-cb01af022a4f/datanode-4/data/ratis/c01f5b1d-645b-49a2-92e5-54dc38c7438b/in_use.lock acquired by nodename 23044@pr-hdds-1569-p5qg8-3770903209
2019-09-29 10:45:41,074 [pool-62-thread-1] INFO  storage.RaftStorage (RaftStorage.java:format(72)) - Storage directory /workdir/hadoop-ozone/integration-test/target/test-dir/MiniOzoneClusterImpl-f2f1897c-7c9f-4d93-a036-cb01af022a4f/datanode-3/data/ratis/c01f5b1d-645b-49a2-92e5-54dc38c7438b has been successfully formatted.
2019-09-29 10:45:41,074 [pool-72-thread-1] INFO  storage.RaftStorage (RaftStorage.java:format(72)) - Storage directory /workdir/hadoop-ozone/integration-test/target/test-dir/MiniOzoneClusterImpl-f2f1897c-7c9f-4d93-a036-cb01af022a4f/datanode-4/data/ratis/c01f5b1d-645b-49a2-92e5-54dc38c7438b has been successfully formatted.
2019-09-29 10:45:41,074 [pool-92-thread-1] INFO  storage.RaftStorage (RaftStorage.java:format(72)) - Storage directory /workdir/hadoop-ozone/integration-test/target/test-dir/MiniOzoneClusterImpl-f2f1897c-7c9f-4d93-a036-cb01af022a4f/datanode-6/data/ratis/c01f5b1d-645b-49a2-92e5-54dc38c7438b has been successfully formatted.
2019-09-29 10:45:41,075 [pool-72-thread-1] INFO  ratis.ContainerStateMachine (ContainerStateMachine.java:loadSnapshot(230)) - group-54DC38C7438B: The snapshot info is null. Setting the last applied indexto:(t:0, i:~)
2019-09-29 10:45:41,074 [pool-62-thread-1] INFO  ratis.ContainerStateMachine (ContainerStateMachine.java:loadSnapshot(230)) - group-54DC38C7438B: The snapshot info is null. Setting the last applied indexto:(t:0, i:~)
2019-09-29 10:45:41,075 [pool-92-thread-1] INFO  ratis.ContainerStateMachine (ContainerStateMachine.java:loadSnapshot(230)) - group-54DC38C7438B: The snapshot info is null. Setting the last applied indexto:(t:0, i:~)
2019-09-29 10:45:41,075 [pool-72-thread-1] INFO  server.RaftServerConfigKeys (ConfUtils.java:logGet(43)) - raft.server.notification.no-leader.timeout = 120s (custom)
2019-09-29 10:45:41,075 [pool-92-thread-1] INFO  server.RaftServerConfigKeys (ConfUtils.java:logGet(43)) - raft.server.notification.no-leader.timeout = 120s (custom)
2019-09-29 10:45:41,075 [pool-62-thread-1] INFO  server.RaftServerConfigKeys (ConfUtils.java:logGet(43)) - raft.server.notification.no-leader.timeout = 120s (custom)
2019-09-29 10:45:41,075 [pool-92-thread-1] INFO  server.RaftServerConfigKeys (ConfUtils.java:logGet(43)) - raft.server.log.use.memory = false (default)
2019-09-29 10:45:41,075 [pool-72-thread-1] INFO  server.RaftServerConfigKeys (ConfUtils.java:logGet(43)) - raft.server.log.use.memory = false (default)
2019-09-29 10:45:41,075 [pool-92-thread-1] INFO  server.RaftServerConfigKeys (ConfUtils.java:logGet(43)) - raft.server.log.purge.gap = 1000000 (custom)
2019-09-29 10:45:41,075 [pool-62-thread-1] INFO  server.RaftServerConfigKeys (ConfUtils.java:logGet(43)) - raft.server.log.use.memory = false (default)
2019-09-29 10:45:41,076 [pool-92-thread-1] INFO  server.RaftServerConfigKeys (ConfUtils.java:logGet(43)) - raft.server.log.appender.buffer.byte-limit = 33554432 (custom)
2019-09-29 10:45:41,075 [pool-72-thread-1] INFO  server.RaftServerConfigKeys (ConfUtils.java:logGet(43)) - raft.server.log.purge.gap = 1000000 (custom)
2019-09-29 10:45:41,076 [pool-92-thread-1] INFO  server.RaftServerConfigKeys (ConfUtils.java:logGet(43)) - raft.server.log.segment.size.max = 1048576 (custom)
2019-09-29 10:45:41,076 [pool-62-thread-1] INFO  server.RaftServerConfigKeys (ConfUtils.java:logGet(43)) - raft.server.log.purge.gap = 1000000 (custom)
2019-09-29 10:45:41,076 [pool-92-thread-1] INFO  server.RaftServerConfigKeys (ConfUtils.java:logGet(43)) - raft.server.log.segment.cache.num.max = 2 (custom)
2019-09-29 10:45:41,076 [pool-72-thread-1] INFO  server.RaftServerConfigKeys (ConfUtils.java:logGet(43)) - raft.server.log.appender.buffer.byte-limit = 33554432 (custom)
2019-09-29 10:45:41,076 [pool-92-thread-1] INFO  segmented.SegmentedRaftLogWorker (SegmentedRaftLogWorker.java:<init>(172)) - new f6b95176-143b-4dc2-a9fd-5757f55b0b36@group-54DC38C7438B-SegmentedRaftLogWorker for RaftStorage:Storage Directory /workdir/hadoop-ozone/integration-test/target/test-dir/MiniOzoneClusterImpl-f2f1897c-7c9f-4d93-a036-cb01af022a4f/datanode-6/data/ratis/c01f5b1d-645b-49a2-92e5-54dc38c7438b
2019-09-29 10:45:41,076 [pool-62-thread-1] INFO  server.RaftServerConfigKeys (ConfUtils.java:logGet(43)) - raft.server.log.appender.buffer.byte-limit = 33554432 (custom)
2019-09-29 10:45:41,076 [pool-92-thread-1] INFO  server.RaftServerConfigKeys (ConfUtils.java:logGet(43)) - raft.server.log.queue.byte-limit = 2147483647 (custom)
2019-09-29 10:45:41,076 [pool-72-thread-1] INFO  server.RaftServerConfigKeys (ConfUtils.java:logGet(43)) - raft.server.log.segment.size.max = 1048576 (custom)
2019-09-29 10:45:41,077 [pool-92-thread-1] INFO  server.RaftServerConfigKeys (ConfUtils.java:logGet(43)) - raft.server.log.queue.element-limit = 1024 (custom)
2019-09-29 10:45:41,077 [pool-62-thread-1] INFO  server.RaftServerConfigKeys (ConfUtils.java:logGet(43)) - raft.server.log.segment.size.max = 1048576 (custom)
2019-09-29 10:45:41,077 [pool-92-thread-1] INFO  server.RaftServerConfigKeys (ConfUtils.java:logGet(43)) - raft.server.log.segment.size.max = 1048576 (custom)
2019-09-29 10:45:41,077 [pool-72-thread-1] INFO  server.RaftServerConfigKeys (ConfUtils.java:logGet(43)) - raft.server.log.segment.cache.num.max = 2 (custom)
2019-09-29 10:45:41,077 [pool-92-thread-1] INFO  server.RaftServerConfigKeys (ConfUtils.java:logGet(43)) - raft.server.log.preallocated.size = 16384 (custom)
2019-09-29 10:45:41,077 [pool-62-thread-1] INFO  server.RaftServerConfigKeys (ConfUtils.java:logGet(43)) - raft.server.log.segment.cache.num.max = 2 (custom)
2019-09-29 10:45:41,077 [pool-92-thread-1] INFO  server.RaftServerConfigKeys (ConfUtils.java:logGet(43)) - raft.server.log.write.buffer.size = 33554432 (custom)
2019-09-29 10:45:41,077 [pool-72-thread-1] INFO  segmented.SegmentedRaftLogWorker (SegmentedRaftLogWorker.java:<init>(172)) - new 42e28882-afd5-40d9-af35-6e13b3e6644c@group-54DC38C7438B-SegmentedRaftLogWorker for RaftStorage:Storage Directory /workdir/hadoop-ozone/integration-test/target/test-dir/MiniOzoneClusterImpl-f2f1897c-7c9f-4d93-a036-cb01af022a4f/datanode-4/data/ratis/c01f5b1d-645b-49a2-92e5-54dc38c7438b
2019-09-29 10:45:41,077 [pool-92-thread-1] INFO  server.RaftServerConfigKeys (ConfUtils.java:logGet(43)) - raft.server.log.force.sync.num = 128 (default)
2019-09-29 10:45:41,077 [pool-62-thread-1] INFO  segmented.SegmentedRaftLogWorker (SegmentedRaftLogWorker.java:<init>(172)) - new db756f0c-6aee-46d9-ae72-02f4945ba453@group-54DC38C7438B-SegmentedRaftLogWorker for RaftStorage:Storage Directory /workdir/hadoop-ozone/integration-test/target/test-dir/MiniOzoneClusterImpl-f2f1897c-7c9f-4d93-a036-cb01af022a4f/datanode-3/data/ratis/c01f5b1d-645b-49a2-92e5-54dc38c7438b
2019-09-29 10:45:41,078 [pool-92-thread-1] INFO  server.RaftServerConfigKeys (ConfUtils.java:logGet(43)) - raft.server.log.statemachine.data.sync = true (default)
2019-09-29 10:45:41,078 [pool-72-thread-1] INFO  server.RaftServerConfigKeys (ConfUtils.java:logGet(43)) - raft.server.log.queue.byte-limit = 2147483647 (custom)
2019-09-29 10:45:41,078 [pool-92-thread-1] INFO  server.RaftServerConfigKeys (ConfUtils.java:logGet(43)) - raft.server.log.statemachine.data.sync.timeout = 10s (default)
2019-09-29 10:45:41,078 [pool-62-thread-1] INFO  server.RaftServerConfigKeys (ConfUtils.java:logGet(43)) - raft.server.log.queue.byte-limit = 2147483647 (custom)
2019-09-29 10:45:41,078 [pool-92-thread-1] INFO  server.RaftServerConfigKeys (ConfUtils.java:logGet(43)) - raft.server.log.statemachine.data.sync.timeout.retry = -1 (default)
2019-09-29 10:45:41,078 [pool-72-thread-1] INFO  server.RaftServerConfigKeys (ConfUtils.java:logGet(43)) - raft.server.log.queue.element-limit = 1024 (custom)
2019-09-29 10:45:41,078 [pool-92-thread-1] INFO  server.RaftServerConfigKeys (ConfUtils.java:logGet(43)) - raft.server.log.statemachine.data.caching.enabled = true (custom)
2019-09-29 10:45:41,078 [pool-62-thread-1] INFO  server.RaftServerConfigKeys (ConfUtils.java:logGet(43)) - raft.server.log.queue.element-limit = 1024 (custom)
2019-09-29 10:45:41,078 [pool-72-thread-1] INFO  server.RaftServerConfigKeys (ConfUtils.java:logGet(43)) - raft.server.log.segment.size.max = 1048576 (custom)
2019-09-29 10:45:41,079 [pool-92-thread-1] INFO  segmented.SegmentedRaftLogWorker (SegmentedRaftLogWorker.java:lambda$new$0(132)) - f6b95176-143b-4dc2-a9fd-5757f55b0b36@group-54DC38C7438B-SegmentedRaftLogWorker: flushIndex: setUnconditionally 0 -> -1
2019-09-29 10:45:41,079 [pool-62-thread-1] INFO  server.RaftServerConfigKeys (ConfUtils.java:logGet(43)) - raft.server.log.segment.size.max = 1048576 (custom)
2019-09-29 10:45:41,079 [pool-72-thread-1] INFO  server.RaftServerConfigKeys (ConfUtils.java:logGet(43)) - raft.server.log.preallocated.size = 16384 (custom)
2019-09-29 10:45:41,079 [pool-92-thread-1] INFO  server.RaftServerConfigKeys (ConfUtils.java:logGet(43)) - raft.server.snapshot.auto.trigger.enabled = true (custom)
2019-09-29 10:45:41,079 [pool-62-thread-1] INFO  server.RaftServerConfigKeys (ConfUtils.java:logGet(43)) - raft.server.log.preallocated.size = 16384 (custom)
2019-09-29 10:45:41,079 [pool-92-thread-1] INFO  server.RaftServerConfigKeys (ConfUtils.java:logGet(43)) - raft.server.snapshot.auto.trigger.threshold = 10000 (custom)
2019-09-29 10:45:41,079 [pool-72-thread-1] INFO  server.RaftServerConfigKeys (ConfUtils.java:logGet(43)) - raft.server.log.write.buffer.size = 33554432 (custom)
2019-09-29 10:45:41,079 [pool-92-thread-1] INFO  server.RaftServerConfigKeys (ConfUtils.java:logGet(43)) - raft.server.snapshot.retention.num.files = 5 (custom)
2019-09-29 10:45:41,079 [pool-62-thread-1] INFO  server.RaftServerConfigKeys (ConfUtils.java:logGet(43)) - raft.server.log.write.buffer.size = 33554432 (custom)
2019-09-29 10:45:41,080 [pool-92-thread-1] INFO  server.RaftServerConfigKeys (ConfUtils.java:logGet(43)) - raft.server.retrycache.expirytime = 600000ms (custom)
2019-09-29 10:45:41,079 [pool-72-thread-1] INFO  server.RaftServerConfigKeys (ConfUtils.java:logGet(43)) - raft.server.log.force.sync.num = 128 (default)
2019-09-29 10:45:41,080 [pool-62-thread-1] INFO  server.RaftServerConfigKeys (ConfUtils.java:logGet(43)) - raft.server.log.force.sync.num = 128 (default)
2019-09-29 10:45:41,080 [pool-72-thread-1] INFO  server.RaftServerConfigKeys (ConfUtils.java:logGet(43)) - raft.server.log.statemachine.data.sync = true (default)
2019-09-29 10:45:41,080 [pool-62-thread-1] INFO  server.RaftServerConfigKeys (ConfUtils.java:logGet(43)) - raft.server.log.statemachine.data.sync = true (default)
2019-09-29 10:45:41,080 [pool-72-thread-1] INFO  server.RaftServerConfigKeys (ConfUtils.java:logGet(43)) - raft.server.log.statemachine.data.sync.timeout = 10s (default)
2019-09-29 10:45:41,080 [pool-62-thread-1] INFO  server.RaftServerConfigKeys (ConfUtils.java:logGet(43)) - raft.server.log.statemachine.data.sync.timeout = 10s (default)
2019-09-29 10:45:41,080 [pool-72-thread-1] INFO  server.RaftServerConfigKeys (ConfUtils.java:logGet(43)) - raft.server.log.statemachine.data.sync.timeout.retry = -1 (default)
2019-09-29 10:45:41,080 [pool-62-thread-1] INFO  server.RaftServerConfigKeys (ConfUtils.java:logGet(43)) - raft.server.log.statemachine.data.sync.timeout.retry = -1 (default)
2019-09-29 10:45:41,081 [pool-72-thread-1] INFO  server.RaftServerConfigKeys (ConfUtils.java:logGet(43)) - raft.server.log.statemachine.data.caching.enabled = true (custom)
2019-09-29 10:45:41,081 [pool-62-thread-1] INFO  server.RaftServerConfigKeys (ConfUtils.java:logGet(43)) - raft.server.log.statemachine.data.caching.enabled = true (custom)
2019-09-29 10:45:41,081 [pool-72-thread-1] INFO  segmented.SegmentedRaftLogWorker (SegmentedRaftLogWorker.java:lambda$new$0(132)) - 42e28882-afd5-40d9-af35-6e13b3e6644c@group-54DC38C7438B-SegmentedRaftLogWorker: flushIndex: setUnconditionally 0 -> -1
2019-09-29 10:45:41,081 [pool-62-thread-1] INFO  segmented.SegmentedRaftLogWorker (SegmentedRaftLogWorker.java:lambda$new$0(132)) - db756f0c-6aee-46d9-ae72-02f4945ba453@group-54DC38C7438B-SegmentedRaftLogWorker: flushIndex: setUnconditionally 0 -> -1
2019-09-29 10:45:41,081 [pool-72-thread-1] INFO  server.RaftServerConfigKeys (ConfUtils.java:logGet(43)) - raft.server.snapshot.auto.trigger.enabled = true (custom)
2019-09-29 10:45:41,081 [pool-62-thread-1] INFO  server.RaftServerConfigKeys (ConfUtils.java:logGet(43)) - raft.server.snapshot.auto.trigger.enabled = true (custom)
2019-09-29 10:45:41,081 [pool-72-thread-1] INFO  server.RaftServerConfigKeys (ConfUtils.java:logGet(43)) - raft.server.snapshot.auto.trigger.threshold = 10000 (custom)
2019-09-29 10:45:41,082 [pool-62-thread-1] INFO  server.RaftServerConfigKeys (ConfUtils.java:logGet(43)) - raft.server.snapshot.auto.trigger.threshold = 10000 (custom)
2019-09-29 10:45:41,082 [pool-72-thread-1] INFO  server.RaftServerConfigKeys (ConfUtils.java:logGet(43)) - raft.server.snapshot.retention.num.files = 5 (custom)
2019-09-29 10:45:41,082 [pool-62-thread-1] INFO  server.RaftServerConfigKeys (ConfUtils.java:logGet(43)) - raft.server.snapshot.retention.num.files = 5 (custom)
2019-09-29 10:45:41,085 [pool-72-thread-1] INFO  server.RaftServerConfigKeys (ConfUtils.java:logGet(43)) - raft.server.retrycache.expirytime = 600000ms (custom)
2019-09-29 10:45:41,085 [pool-62-thread-1] INFO  server.RaftServerConfigKeys (ConfUtils.java:logGet(43)) - raft.server.retrycache.expirytime = 600000ms (custom)
2019-09-29 10:45:41,085 [pool-92-thread-1] INFO  impl.RaftServerImpl (RaftServerImpl.java:start(185)) - f6b95176-143b-4dc2-a9fd-5757f55b0b36@group-54DC38C7438B: start as a follower, conf=-1: [f6b95176-143b-4dc2-a9fd-5757f55b0b36:192.168.164.250:36206, db756f0c-6aee-46d9-ae72-02f4945ba453:192.168.164.250:33209, 42e28882-afd5-40d9-af35-6e13b3e6644c:192.168.164.250:45196], old=null
2019-09-29 10:45:41,086 [pool-92-thread-1] INFO  impl.RaftServerImpl (RaftServerImpl.java:setRole(174)) - f6b95176-143b-4dc2-a9fd-5757f55b0b36@group-54DC38C7438B: changes role from      null to FOLLOWER at term 0 for startAsFollower
2019-09-29 10:45:41,086 [pool-92-thread-1] INFO  impl.RoleInfo (RoleInfo.java:updateAndGet(143)) - f6b95176-143b-4dc2-a9fd-5757f55b0b36: start FollowerState
2019-09-29 10:45:41,086 [pool-92-thread-1] INFO  util.JmxRegister (JmxRegister.java:tryRegister(44)) - Successfully registered JMX Bean with object name Ratis:service=RaftServer,group=group-54DC38C7438B,id=f6b95176-143b-4dc2-a9fd-5757f55b0b36
2019-09-29 10:45:41,091 [pool-72-thread-1] INFO  impl.RaftServerImpl (RaftServerImpl.java:start(185)) - 42e28882-afd5-40d9-af35-6e13b3e6644c@group-54DC38C7438B: start as a follower, conf=-1: [f6b95176-143b-4dc2-a9fd-5757f55b0b36:192.168.164.250:36206, db756f0c-6aee-46d9-ae72-02f4945ba453:192.168.164.250:33209, 42e28882-afd5-40d9-af35-6e13b3e6644c:192.168.164.250:45196], old=null
2019-09-29 10:45:41,091 [pool-72-thread-1] INFO  impl.RaftServerImpl (RaftServerImpl.java:setRole(174)) - 42e28882-afd5-40d9-af35-6e13b3e6644c@group-54DC38C7438B: changes role from      null to FOLLOWER at term 0 for startAsFollower
2019-09-29 10:45:41,091 [pool-72-thread-1] INFO  impl.RoleInfo (RoleInfo.java:updateAndGet(143)) - 42e28882-afd5-40d9-af35-6e13b3e6644c: start FollowerState
2019-09-29 10:45:41,091 [pool-62-thread-1] INFO  impl.RaftServerImpl (RaftServerImpl.java:start(185)) - db756f0c-6aee-46d9-ae72-02f4945ba453@group-54DC38C7438B: start as a follower, conf=-1: [f6b95176-143b-4dc2-a9fd-5757f55b0b36:192.168.164.250:36206, db756f0c-6aee-46d9-ae72-02f4945ba453:192.168.164.250:33209, 42e28882-afd5-40d9-af35-6e13b3e6644c:192.168.164.250:45196], old=null
2019-09-29 10:45:41,091 [pool-62-thread-1] INFO  impl.RaftServerImpl (RaftServerImpl.java:setRole(174)) - db756f0c-6aee-46d9-ae72-02f4945ba453@group-54DC38C7438B: changes role from      null to FOLLOWER at term 0 for startAsFollower
2019-09-29 10:45:41,091 [pool-72-thread-1] INFO  util.JmxRegister (JmxRegister.java:tryRegister(44)) - Successfully registered JMX Bean with object name Ratis:service=RaftServer,group=group-54DC38C7438B,id=42e28882-afd5-40d9-af35-6e13b3e6644c
2019-09-29 10:45:41,092 [pool-62-thread-1] INFO  impl.RoleInfo (RoleInfo.java:updateAndGet(143)) - db756f0c-6aee-46d9-ae72-02f4945ba453: start FollowerState
2019-09-29 10:45:41,092 [pool-62-thread-1] INFO  util.JmxRegister (JmxRegister.java:tryRegister(44)) - Successfully registered JMX Bean with object name Ratis:service=RaftServer,group=group-54DC38C7438B,id=db756f0c-6aee-46d9-ae72-02f4945ba453
2019-09-29 10:45:41,097 [RatisPipelineUtilsThread] INFO  pipeline.PipelineStateManager (PipelineStateManager.java:addPipeline(56)) - Created pipeline Pipeline[ Id: c01f5b1d-645b-49a2-92e5-54dc38c7438b, Nodes: 42e28882-afd5-40d9-af35-6e13b3e6644c{ip: 192.168.164.250, host: pr-hdds-1569-p5qg8-3770903209, networkLocation: /default-rack, certSerialId: null}f6b95176-143b-4dc2-a9fd-5757f55b0b36{ip: 192.168.164.250, host: pr-hdds-1569-p5qg8-3770903209, networkLocation: /default-rack, certSerialId: null}db756f0c-6aee-46d9-ae72-02f4945ba453{ip: 192.168.164.250, host: pr-hdds-1569-p5qg8-3770903209, networkLocation: /default-rack, certSerialId: null}, Type:RATIS, Factor:THREE, State:OPEN]
2019-09-29 10:45:41,129 [grpc-default-executor-1] INFO  impl.RaftServerProxy (RaftServerProxy.java:addNew(89)) - f6b95176-143b-4dc2-a9fd-5757f55b0b36: addNew group-9E486C03C3E7:[f6b95176-143b-4dc2-a9fd-5757f55b0b36:192.168.164.250:36206, db756f0c-6aee-46d9-ae72-02f4945ba453:192.168.164.250:33209, 42e28882-afd5-40d9-af35-6e13b3e6644c:192.168.164.250:45196] returns group-9E486C03C3E7:java.util.concurrent.CompletableFuture@1d2010d6[Not completed]
2019-09-29 10:45:41,129 [grpc-default-executor-0] INFO  impl.RaftServerProxy (RaftServerProxy.java:addNew(89)) - 42e28882-afd5-40d9-af35-6e13b3e6644c: addNew group-9E486C03C3E7:[f6b95176-143b-4dc2-a9fd-5757f55b0b36:192.168.164.250:36206, db756f0c-6aee-46d9-ae72-02f4945ba453:192.168.164.250:33209, 42e28882-afd5-40d9-af35-6e13b3e6644c:192.168.164.250:45196] returns group-9E486C03C3E7:java.util.concurrent.CompletableFuture@29c234a3[Not completed]
2019-09-29 10:45:41,129 [grpc-default-executor-2] INFO  impl.RaftServerProxy (RaftServerProxy.java:addNew(89)) - db756f0c-6aee-46d9-ae72-02f4945ba453: addNew group-9E486C03C3E7:[f6b95176-143b-4dc2-a9fd-5757f55b0b36:192.168.164.250:36206, db756f0c-6aee-46d9-ae72-02f4945ba453:192.168.164.250:33209, 42e28882-afd5-40d9-af35-6e13b3e6644c:192.168.164.250:45196] returns group-9E486C03C3E7:java.util.concurrent.CompletableFuture@679049a6[Not completed]
2019-09-29 10:45:41,133 [pool-92-thread-1] INFO  impl.RaftServerImpl (RaftServerImpl.java:<init>(95)) - f6b95176-143b-4dc2-a9fd-5757f55b0b36: new RaftServerImpl for group-9E486C03C3E7:[f6b95176-143b-4dc2-a9fd-5757f55b0b36:192.168.164.250:36206, db756f0c-6aee-46d9-ae72-02f4945ba453:192.168.164.250:33209, 42e28882-afd5-40d9-af35-6e13b3e6644c:192.168.164.250:45196] with ContainerStateMachine:uninitialized
2019-09-29 10:45:41,133 [pool-92-thread-1] INFO  server.RaftServerConfigKeys (ConfUtils.java:logGet(43)) - raft.server.rpc.timeout.min = 5s (custom)
2019-09-29 10:45:41,133 [pool-92-thread-1] INFO  server.RaftServerConfigKeys (ConfUtils.java:logGet(43)) - raft.server.rpc.timeout.max = 5200ms (custom)
2019-09-29 10:45:41,133 [pool-92-thread-1] INFO  server.RaftServerConfigKeys (ConfUtils.java:logGet(43)) - raft.server.rpcslowness.timeout = 120s (custom)
2019-09-29 10:45:41,133 [pool-92-thread-1] INFO  server.RaftServerConfigKeys (ConfUtils.java:logGet(43)) - raft.server.sleep.deviation.threshold = 300 (default)
2019-09-29 10:45:41,133 [pool-92-thread-1] INFO  server.RaftServerConfigKeys (ConfUtils.java:logGet(43)) - raft.server.log.appender.install.snapshot.enabled = false (custom)
2019-09-29 10:45:41,134 [pool-92-thread-1] INFO  impl.RaftServerImpl (ServerState.java:<init>(103)) - f6b95176-143b-4dc2-a9fd-5757f55b0b36@group-9E486C03C3E7: ConfigurationManager, init=-1: [f6b95176-143b-4dc2-a9fd-5757f55b0b36:192.168.164.250:36206, db756f0c-6aee-46d9-ae72-02f4945ba453:192.168.164.250:33209, 42e28882-afd5-40d9-af35-6e13b3e6644c:192.168.164.250:45196], old=null, confs=<EMPTY_MAP>
2019-09-29 10:45:41,134 [pool-92-thread-1] INFO  server.RaftServerConfigKeys (ConfUtils.java:logGet(43)) - raft.server.storage.dir = [/workdir/hadoop-ozone/integration-test/target/test-dir/MiniOzoneClusterImpl-f2f1897c-7c9f-4d93-a036-cb01af022a4f/datanode-6/data/ratis] (custom)
2019-09-29 10:45:41,134 [pool-72-thread-1] INFO  impl.RaftServerImpl (RaftServerImpl.java:<init>(95)) - 42e28882-afd5-40d9-af35-6e13b3e6644c: new RaftServerImpl for group-9E486C03C3E7:[f6b95176-143b-4dc2-a9fd-5757f55b0b36:192.168.164.250:36206, db756f0c-6aee-46d9-ae72-02f4945ba453:192.168.164.250:33209, 42e28882-afd5-40d9-af35-6e13b3e6644c:192.168.164.250:45196] with ContainerStateMachine:uninitialized
2019-09-29 10:45:41,134 [pool-92-thread-1] INFO  storage.RaftStorageDirectory (RaftStorageDirectory.java:analyzeStorage(246)) - The storage directory /workdir/hadoop-ozone/integration-test/target/test-dir/MiniOzoneClusterImpl-f2f1897c-7c9f-4d93-a036-cb01af022a4f/datanode-6/data/ratis/04bc5a62-a5e4-4666-9fff-9e486c03c3e7 does not exist. Creating ...
2019-09-29 10:45:41,134 [pool-72-thread-1] INFO  server.RaftServerConfigKeys (ConfUtils.java:logGet(43)) - raft.server.rpc.timeout.min = 5s (custom)
2019-09-29 10:45:41,134 [pool-72-thread-1] INFO  server.RaftServerConfigKeys (ConfUtils.java:logGet(43)) - raft.server.rpc.timeout.max = 5200ms (custom)
2019-09-29 10:45:41,134 [pool-72-thread-1] INFO  server.RaftServerConfigKeys (ConfUtils.java:logGet(43)) - raft.server.rpcslowness.timeout = 120s (custom)
2019-09-29 10:45:41,135 [pool-72-thread-1] INFO  server.RaftServerConfigKeys (ConfUtils.java:logGet(43)) - raft.server.sleep.deviation.threshold = 300 (default)
2019-09-29 10:45:41,135 [pool-72-thread-1] INFO  server.RaftServerConfigKeys (ConfUtils.java:logGet(43)) - raft.server.log.appender.install.snapshot.enabled = false (custom)
2019-09-29 10:45:41,135 [pool-72-thread-1] INFO  impl.RaftServerImpl (ServerState.java:<init>(103)) - 42e28882-afd5-40d9-af35-6e13b3e6644c@group-9E486C03C3E7: ConfigurationManager, init=-1: [f6b95176-143b-4dc2-a9fd-5757f55b0b36:192.168.164.250:36206, db756f0c-6aee-46d9-ae72-02f4945ba453:192.168.164.250:33209, 42e28882-afd5-40d9-af35-6e13b3e6644c:192.168.164.250:45196], old=null, confs=<EMPTY_MAP>
2019-09-29 10:45:41,135 [pool-72-thread-1] INFO  server.RaftServerConfigKeys (ConfUtils.java:logGet(43)) - raft.server.storage.dir = [/workdir/hadoop-ozone/integration-test/target/test-dir/MiniOzoneClusterImpl-f2f1897c-7c9f-4d93-a036-cb01af022a4f/datanode-4/data/ratis] (custom)
2019-09-29 10:45:41,135 [pool-62-thread-1] INFO  impl.RaftServerImpl (RaftServerImpl.java:<init>(95)) - db756f0c-6aee-46d9-ae72-02f4945ba453: new RaftServerImpl for group-9E486C03C3E7:[f6b95176-143b-4dc2-a9fd-5757f55b0b36:192.168.164.250:36206, db756f0c-6aee-46d9-ae72-02f4945ba453:192.168.164.250:33209, 42e28882-afd5-40d9-af35-6e13b3e6644c:192.168.164.250:45196] with ContainerStateMachine:uninitialized
2019-09-29 10:45:41,135 [pool-72-thread-1] INFO  storage.RaftStorageDirectory (RaftStorageDirectory.java:analyzeStorage(246)) - The storage directory /workdir/hadoop-ozone/integration-test/target/test-dir/MiniOzoneClusterImpl-f2f1897c-7c9f-4d93-a036-cb01af022a4f/datanode-4/data/ratis/04bc5a62-a5e4-4666-9fff-9e486c03c3e7 does not exist. Creating ...
2019-09-29 10:45:41,135 [pool-62-thread-1] INFO  server.RaftServerConfigKeys (ConfUtils.java:logGet(43)) - raft.server.rpc.timeout.min = 5s (custom)
2019-09-29 10:45:41,135 [pool-62-thread-1] INFO  server.RaftServerConfigKeys (ConfUtils.java:logGet(43)) - raft.server.rpc.timeout.max = 5200ms (custom)
2019-09-29 10:45:41,136 [pool-62-thread-1] INFO  server.RaftServerConfigKeys (ConfUtils.java:logGet(43)) - raft.server.rpcslowness.timeout = 120s (custom)
2019-09-29 10:45:41,136 [pool-62-thread-1] INFO  server.RaftServerConfigKeys (ConfUtils.java:logGet(43)) - raft.server.sleep.deviation.threshold = 300 (default)
2019-09-29 10:45:41,136 [pool-62-thread-1] INFO  server.RaftServerConfigKeys (ConfUtils.java:logGet(43)) - raft.server.log.appender.install.snapshot.enabled = false (custom)
2019-09-29 10:45:41,136 [pool-62-thread-1] INFO  impl.RaftServerImpl (ServerState.java:<init>(103)) - db756f0c-6aee-46d9-ae72-02f4945ba453@group-9E486C03C3E7: ConfigurationManager, init=-1: [f6b95176-143b-4dc2-a9fd-5757f55b0b36:192.168.164.250:36206, db756f0c-6aee-46d9-ae72-02f4945ba453:192.168.164.250:33209, 42e28882-afd5-40d9-af35-6e13b3e6644c:192.168.164.250:45196], old=null, confs=<EMPTY_MAP>
2019-09-29 10:45:41,136 [pool-62-thread-1] INFO  server.RaftServerConfigKeys (ConfUtils.java:logGet(43)) - raft.server.storage.dir = [/workdir/hadoop-ozone/integration-test/target/test-dir/MiniOzoneClusterImpl-f2f1897c-7c9f-4d93-a036-cb01af022a4f/datanode-3/data/ratis] (custom)
2019-09-29 10:45:41,137 [pool-62-thread-1] INFO  storage.RaftStorageDirectory (RaftStorageDirectory.java:analyzeStorage(246)) - The storage directory /workdir/hadoop-ozone/integration-test/target/test-dir/MiniOzoneClusterImpl-f2f1897c-7c9f-4d93-a036-cb01af022a4f/datanode-3/data/ratis/04bc5a62-a5e4-4666-9fff-9e486c03c3e7 does not exist. Creating ...
2019-09-29 10:45:41,148 [pool-92-thread-1] INFO  storage.RaftStorageDirectory (RaftStorageDirectory.java:tryLock(328)) - Lock on /workdir/hadoop-ozone/integration-test/target/test-dir/MiniOzoneClusterImpl-f2f1897c-7c9f-4d93-a036-cb01af022a4f/datanode-6/data/ratis/04bc5a62-a5e4-4666-9fff-9e486c03c3e7/in_use.lock acquired by nodename 23044@pr-hdds-1569-p5qg8-3770903209
2019-09-29 10:45:41,148 [pool-72-thread-1] INFO  storage.RaftStorageDirectory (RaftStorageDirectory.java:tryLock(328)) - Lock on /workdir/hadoop-ozone/integration-test/target/test-dir/MiniOzoneClusterImpl-f2f1897c-7c9f-4d93-a036-cb01af022a4f/datanode-4/data/ratis/04bc5a62-a5e4-4666-9fff-9e486c03c3e7/in_use.lock acquired by nodename 23044@pr-hdds-1569-p5qg8-3770903209
2019-09-29 10:45:41,148 [pool-62-thread-1] INFO  storage.RaftStorageDirectory (RaftStorageDirectory.java:tryLock(328)) - Lock on /workdir/hadoop-ozone/integration-test/target/test-dir/MiniOzoneClusterImpl-f2f1897c-7c9f-4d93-a036-cb01af022a4f/datanode-3/data/ratis/04bc5a62-a5e4-4666-9fff-9e486c03c3e7/in_use.lock acquired by nodename 23044@pr-hdds-1569-p5qg8-3770903209
2019-09-29 10:45:41,166 [pool-92-thread-1] INFO  storage.RaftStorage (RaftStorage.java:format(72)) - Storage directory /workdir/hadoop-ozone/integration-test/target/test-dir/MiniOzoneClusterImpl-f2f1897c-7c9f-4d93-a036-cb01af022a4f/datanode-6/data/ratis/04bc5a62-a5e4-4666-9fff-9e486c03c3e7 has been successfully formatted.
2019-09-29 10:45:41,166 [pool-72-thread-1] INFO  storage.RaftStorage (RaftStorage.java:format(72)) - Storage directory /workdir/hadoop-ozone/integration-test/target/test-dir/MiniOzoneClusterImpl-f2f1897c-7c9f-4d93-a036-cb01af022a4f/datanode-4/data/ratis/04bc5a62-a5e4-4666-9fff-9e486c03c3e7 has been successfully formatted.
2019-09-29 10:45:41,167 [pool-92-thread-1] INFO  ratis.ContainerStateMachine (ContainerStateMachine.java:loadSnapshot(230)) - group-9E486C03C3E7: The snapshot info is null. Setting the last applied indexto:(t:0, i:~)
2019-09-29 10:45:41,166 [pool-62-thread-1] INFO  storage.RaftStorage (RaftStorage.java:format(72)) - Storage directory /workdir/hadoop-ozone/integration-test/target/test-dir/MiniOzoneClusterImpl-f2f1897c-7c9f-4d93-a036-cb01af022a4f/datanode-3/data/ratis/04bc5a62-a5e4-4666-9fff-9e486c03c3e7 has been successfully formatted.
2019-09-29 10:45:41,167 [pool-72-thread-1] INFO  ratis.ContainerStateMachine (ContainerStateMachine.java:loadSnapshot(230)) - group-9E486C03C3E7: The snapshot info is null. Setting the last applied indexto:(t:0, i:~)
2019-09-29 10:45:41,167 [pool-62-thread-1] INFO  ratis.ContainerStateMachine (ContainerStateMachine.java:loadSnapshot(230)) - group-9E486C03C3E7: The snapshot info is null. Setting the last applied indexto:(t:0, i:~)
2019-09-29 10:45:41,167 [pool-92-thread-1] INFO  server.RaftServerConfigKeys (ConfUtils.java:logGet(43)) - raft.server.notification.no-leader.timeout = 120s (custom)
2019-09-29 10:45:41,167 [pool-62-thread-1] INFO  server.RaftServerConfigKeys (ConfUtils.java:logGet(43)) - raft.server.notification.no-leader.timeout = 120s (custom)
2019-09-29 10:45:41,167 [pool-72-thread-1] INFO  server.RaftServerConfigKeys (ConfUtils.java:logGet(43)) - raft.server.notification.no-leader.timeout = 120s (custom)
2019-09-29 10:45:41,167 [pool-62-thread-1] INFO  server.RaftServerConfigKeys (ConfUtils.java:logGet(43)) - raft.server.log.use.memory = false (default)
2019-09-29 10:45:41,167 [pool-92-thread-1] INFO  server.RaftServerConfigKeys (ConfUtils.java:logGet(43)) - raft.server.log.use.memory = false (default)
2019-09-29 10:45:41,167 [pool-62-thread-1] INFO  server.RaftServerConfigKeys (ConfUtils.java:logGet(43)) - raft.server.log.purge.gap = 1000000 (custom)
2019-09-29 10:45:41,167 [pool-72-thread-1] INFO  server.RaftServerConfigKeys (ConfUtils.java:logGet(43)) - raft.server.log.use.memory = false (default)
2019-09-29 10:45:41,168 [pool-62-thread-1] INFO  server.RaftServerConfigKeys (ConfUtils.java:logGet(43)) - raft.server.log.appender.buffer.byte-limit = 33554432 (custom)
2019-09-29 10:45:41,167 [pool-92-thread-1] INFO  server.RaftServerConfigKeys (ConfUtils.java:logGet(43)) - raft.server.log.purge.gap = 1000000 (custom)
2019-09-29 10:45:41,168 [pool-62-thread-1] INFO  server.RaftServerConfigKeys (ConfUtils.java:logGet(43)) - raft.server.log.segment.size.max = 1048576 (custom)
2019-09-29 10:45:41,168 [pool-72-thread-1] INFO  server.RaftServerConfigKeys (ConfUtils.java:logGet(43)) - raft.server.log.purge.gap = 1000000 (custom)
2019-09-29 10:45:41,168 [pool-62-thread-1] INFO  server.RaftServerConfigKeys (ConfUtils.java:logGet(43)) - raft.server.log.segment.cache.num.max = 2 (custom)
2019-09-29 10:45:41,168 [pool-92-thread-1] INFO  server.RaftServerConfigKeys (ConfUtils.java:logGet(43)) - raft.server.log.appender.buffer.byte-limit = 33554432 (custom)
2019-09-29 10:45:41,168 [pool-62-thread-1] INFO  segmented.SegmentedRaftLogWorker (SegmentedRaftLogWorker.java:<init>(172)) - new db756f0c-6aee-46d9-ae72-02f4945ba453@group-9E486C03C3E7-SegmentedRaftLogWorker for RaftStorage:Storage Directory /workdir/hadoop-ozone/integration-test/target/test-dir/MiniOzoneClusterImpl-f2f1897c-7c9f-4d93-a036-cb01af022a4f/datanode-3/data/ratis/04bc5a62-a5e4-4666-9fff-9e486c03c3e7
2019-09-29 10:45:41,168 [pool-72-thread-1] INFO  server.RaftServerConfigKeys (ConfUtils.java:logGet(43)) - raft.server.log.appender.buffer.byte-limit = 33554432 (custom)
2019-09-29 10:45:41,168 [pool-62-thread-1] INFO  server.RaftServerConfigKeys (ConfUtils.java:logGet(43)) - raft.server.log.queue.byte-limit = 2147483647 (custom)
2019-09-29 10:45:41,168 [pool-92-thread-1] INFO  server.RaftServerConfigKeys (ConfUtils.java:logGet(43)) - raft.server.log.segment.size.max = 1048576 (custom)
2019-09-29 10:45:41,168 [pool-62-thread-1] INFO  server.RaftServerConfigKeys (ConfUtils.java:logGet(43)) - raft.server.log.queue.element-limit = 1024 (custom)
2019-09-29 10:45:41,168 [pool-72-thread-1] INFO  server.RaftServerConfigKeys (ConfUtils.java:logGet(43)) - raft.server.log.segment.size.max = 1048576 (custom)
2019-09-29 10:45:41,169 [pool-62-thread-1] INFO  server.RaftServerConfigKeys (ConfUtils.java:logGet(43)) - raft.server.log.segment.size.max = 1048576 (custom)
2019-09-29 10:45:41,169 [pool-92-thread-1] INFO  server.RaftServerConfigKeys (ConfUtils.java:logGet(43)) - raft.server.log.segment.cache.num.max = 2 (custom)
2019-09-29 10:45:41,169 [pool-62-thread-1] INFO  server.RaftServerConfigKeys (ConfUtils.java:logGet(43)) - raft.server.log.preallocated.size = 16384 (custom)
2019-09-29 10:45:41,169 [pool-72-thread-1] INFO  server.RaftServerConfigKeys (ConfUtils.java:logGet(43)) - raft.server.log.segment.cache.num.max = 2 (custom)
2019-09-29 10:45:41,169 [pool-62-thread-1] INFO  server.RaftServerConfigKeys (ConfUtils.java:logGet(43)) - raft.server.log.write.buffer.size = 33554432 (custom)
2019-09-29 10:45:41,169 [pool-92-thread-1] INFO  segmented.SegmentedRaftLogWorker (SegmentedRaftLogWorker.java:<init>(172)) - new f6b95176-143b-4dc2-a9fd-5757f55b0b36@group-9E486C03C3E7-SegmentedRaftLogWorker for RaftStorage:Storage Directory /workdir/hadoop-ozone/integration-test/target/test-dir/MiniOzoneClusterImpl-f2f1897c-7c9f-4d93-a036-cb01af022a4f/datanode-6/data/ratis/04bc5a62-a5e4-4666-9fff-9e486c03c3e7
2019-09-29 10:45:41,169 [pool-62-thread-1] INFO  server.RaftServerConfigKeys (ConfUtils.java:logGet(43)) - raft.server.log.force.sync.num = 128 (default)
2019-09-29 10:45:41,169 [pool-72-thread-1] INFO  segmented.SegmentedRaftLogWorker (SegmentedRaftLogWorker.java:<init>(172)) - new 42e28882-afd5-40d9-af35-6e13b3e6644c@group-9E486C03C3E7-SegmentedRaftLogWorker for RaftStorage:Storage Directory /workdir/hadoop-ozone/integration-test/target/test-dir/MiniOzoneClusterImpl-f2f1897c-7c9f-4d93-a036-cb01af022a4f/datanode-4/data/ratis/04bc5a62-a5e4-4666-9fff-9e486c03c3e7
2019-09-29 10:45:41,169 [pool-62-thread-1] INFO  server.RaftServerConfigKeys (ConfUtils.java:logGet(43)) - raft.server.log.statemachine.data.sync = true (default)
2019-09-29 10:45:41,169 [pool-92-thread-1] INFO  server.RaftServerConfigKeys (ConfUtils.java:logGet(43)) - raft.server.log.queue.byte-limit = 2147483647 (custom)
2019-09-29 10:45:41,169 [pool-62-thread-1] INFO  server.RaftServerConfigKeys (ConfUtils.java:logGet(43)) - raft.server.log.statemachine.data.sync.timeout = 10s (default)
2019-09-29 10:45:41,169 [pool-72-thread-1] INFO  server.RaftServerConfigKeys (ConfUtils.java:logGet(43)) - raft.server.log.queue.byte-limit = 2147483647 (custom)
2019-09-29 10:45:41,170 [pool-62-thread-1] INFO  server.RaftServerConfigKeys (ConfUtils.java:logGet(43)) - raft.server.log.statemachine.data.sync.timeout.retry = -1 (default)
2019-09-29 10:45:41,170 [pool-92-thread-1] INFO  server.RaftServerConfigKeys (ConfUtils.java:logGet(43)) - raft.server.log.queue.element-limit = 1024 (custom)
2019-09-29 10:45:41,170 [pool-62-thread-1] INFO  server.RaftServerConfigKeys (ConfUtils.java:logGet(43)) - raft.server.log.statemachine.data.caching.enabled = true (custom)
2019-09-29 10:45:41,170 [pool-72-thread-1] INFO  server.RaftServerConfigKeys (ConfUtils.java:logGet(43)) - raft.server.log.queue.element-limit = 1024 (custom)
2019-09-29 10:45:41,170 [pool-92-thread-1] INFO  server.RaftServerConfigKeys (ConfUtils.java:logGet(43)) - raft.server.log.segment.size.max = 1048576 (custom)
2019-09-29 10:45:41,170 [pool-62-thread-1] INFO  segmented.SegmentedRaftLogWorker (SegmentedRaftLogWorker.java:lambda$new$0(132)) - db756f0c-6aee-46d9-ae72-02f4945ba453@group-9E486C03C3E7-SegmentedRaftLogWorker: flushIndex: setUnconditionally 0 -> -1
2019-09-29 10:45:41,170 [pool-72-thread-1] INFO  server.RaftServerConfigKeys (ConfUtils.java:logGet(43)) - raft.server.log.segment.size.max = 1048576 (custom)
2019-09-29 10:45:41,170 [pool-92-thread-1] INFO  server.RaftServerConfigKeys (ConfUtils.java:logGet(43)) - raft.server.log.preallocated.size = 16384 (custom)
2019-09-29 10:45:41,170 [pool-62-thread-1] INFO  server.RaftServerConfigKeys (ConfUtils.java:logGet(43)) - raft.server.snapshot.auto.trigger.enabled = true (custom)
2019-09-29 10:45:41,170 [pool-72-thread-1] INFO  server.RaftServerConfigKeys (ConfUtils.java:logGet(43)) - raft.server.log.preallocated.size = 16384 (custom)
2019-09-29 10:45:41,170 [pool-62-thread-1] INFO  server.RaftServerConfigKeys (ConfUtils.java:logGet(43)) - raft.server.snapshot.auto.trigger.threshold = 10000 (custom)
2019-09-29 10:45:41,170 [pool-92-thread-1] INFO  server.RaftServerConfigKeys (ConfUtils.java:logGet(43)) - raft.server.log.write.buffer.size = 33554432 (custom)
2019-09-29 10:45:41,171 [pool-62-thread-1] INFO  server.RaftServerConfigKeys (ConfUtils.java:logGet(43)) - raft.server.snapshot.retention.num.files = 5 (custom)
2019-09-29 10:45:41,171 [pool-72-thread-1] INFO  server.RaftServerConfigKeys (ConfUtils.java:logGet(43)) - raft.server.log.write.buffer.size = 33554432 (custom)
2019-09-29 10:45:41,171 [pool-62-thread-1] INFO  server.RaftServerConfigKeys (ConfUtils.java:logGet(43)) - raft.server.retrycache.expirytime = 600000ms (custom)
2019-09-29 10:45:41,171 [pool-92-thread-1] INFO  server.RaftServerConfigKeys (ConfUtils.java:logGet(43)) - raft.server.log.force.sync.num = 128 (default)
2019-09-29 10:45:41,171 [pool-72-thread-1] INFO  server.RaftServerConfigKeys (ConfUtils.java:logGet(43)) - raft.server.log.force.sync.num = 128 (default)
2019-09-29 10:45:41,171 [pool-92-thread-1] INFO  server.RaftServerConfigKeys (ConfUtils.java:logGet(43)) - raft.server.log.statemachine.data.sync = true (default)
2019-09-29 10:45:41,171 [pool-72-thread-1] INFO  server.RaftServerConfigKeys (ConfUtils.java:logGet(43)) - raft.server.log.statemachine.data.sync = true (default)
2019-09-29 10:45:41,171 [pool-92-thread-1] INFO  server.RaftServerConfigKeys (ConfUtils.java:logGet(43)) - raft.server.log.statemachine.data.sync.timeout = 10s (default)
2019-09-29 10:45:41,171 [pool-72-thread-1] INFO  server.RaftServerConfigKeys (ConfUtils.java:logGet(43)) - raft.server.log.statemachine.data.sync.timeout = 10s (default)
2019-09-29 10:45:41,171 [pool-92-thread-1] INFO  server.RaftServerConfigKeys (ConfUtils.java:logGet(43)) - raft.server.log.statemachine.data.sync.timeout.retry = -1 (default)
2019-09-29 10:45:41,172 [pool-72-thread-1] INFO  server.RaftServerConfigKeys (ConfUtils.java:logGet(43)) - raft.server.log.statemachine.data.sync.timeout.retry = -1 (default)
2019-09-29 10:45:41,172 [pool-92-thread-1] INFO  server.RaftServerConfigKeys (ConfUtils.java:logGet(43)) - raft.server.log.statemachine.data.caching.enabled = true (custom)
2019-09-29 10:45:41,172 [pool-72-thread-1] INFO  server.RaftServerConfigKeys (ConfUtils.java:logGet(43)) - raft.server.log.statemachine.data.caching.enabled = true (custom)
2019-09-29 10:45:41,172 [pool-92-thread-1] INFO  segmented.SegmentedRaftLogWorker (SegmentedRaftLogWorker.java:lambda$new$0(132)) - f6b95176-143b-4dc2-a9fd-5757f55b0b36@group-9E486C03C3E7-SegmentedRaftLogWorker: flushIndex: setUnconditionally 0 -> -1
2019-09-29 10:45:41,172 [pool-72-thread-1] INFO  segmented.SegmentedRaftLogWorker (SegmentedRaftLogWorker.java:lambda$new$0(132)) - 42e28882-afd5-40d9-af35-6e13b3e6644c@group-9E486C03C3E7-SegmentedRaftLogWorker: flushIndex: setUnconditionally 0 -> -1
2019-09-29 10:45:41,172 [pool-92-thread-1] INFO  server.RaftServerConfigKeys (ConfUtils.java:logGet(43)) - raft.server.snapshot.auto.trigger.enabled = true (custom)
2019-09-29 10:45:41,172 [pool-92-thread-1] INFO  server.RaftServerConfigKeys (ConfUtils.java:logGet(43)) - raft.server.snapshot.auto.trigger.threshold = 10000 (custom)
2019-09-29 10:45:41,172 [pool-72-thread-1] INFO  server.RaftServerConfigKeys (ConfUtils.java:logGet(43)) - raft.server.snapshot.auto.trigger.enabled = true (custom)
2019-09-29 10:45:41,172 [pool-92-thread-1] INFO  server.RaftServerConfigKeys (ConfUtils.java:logGet(43)) - raft.server.snapshot.retention.num.files = 5 (custom)
2019-09-29 10:45:41,172 [pool-72-thread-1] INFO  server.RaftServerConfigKeys (ConfUtils.java:logGet(43)) - raft.server.snapshot.auto.trigger.threshold = 10000 (custom)
2019-09-29 10:45:41,173 [pool-92-thread-1] INFO  server.RaftServerConfigKeys (ConfUtils.java:logGet(43)) - raft.server.retrycache.expirytime = 600000ms (custom)
2019-09-29 10:45:41,173 [pool-72-thread-1] INFO  server.RaftServerConfigKeys (ConfUtils.java:logGet(43)) - raft.server.snapshot.retention.num.files = 5 (custom)
2019-09-29 10:45:41,173 [pool-62-thread-1] INFO  impl.RaftServerImpl (RaftServerImpl.java:start(185)) - db756f0c-6aee-46d9-ae72-02f4945ba453@group-9E486C03C3E7: start as a follower, conf=-1: [f6b95176-143b-4dc2-a9fd-5757f55b0b36:192.168.164.250:36206, db756f0c-6aee-46d9-ae72-02f4945ba453:192.168.164.250:33209, 42e28882-afd5-40d9-af35-6e13b3e6644c:192.168.164.250:45196], old=null
2019-09-29 10:45:41,173 [pool-72-thread-1] INFO  server.RaftServerConfigKeys (ConfUtils.java:logGet(43)) - raft.server.retrycache.expirytime = 600000ms (custom)
2019-09-29 10:45:41,173 [pool-62-thread-1] INFO  impl.RaftServerImpl (RaftServerImpl.java:setRole(174)) - db756f0c-6aee-46d9-ae72-02f4945ba453@group-9E486C03C3E7: changes role from      null to FOLLOWER at term 0 for startAsFollower
2019-09-29 10:45:41,173 [pool-62-thread-1] INFO  impl.RoleInfo (RoleInfo.java:updateAndGet(143)) - db756f0c-6aee-46d9-ae72-02f4945ba453: start FollowerState
2019-09-29 10:45:41,181 [pool-62-thread-1] INFO  util.JmxRegister (JmxRegister.java:tryRegister(44)) - Successfully registered JMX Bean with object name Ratis:service=RaftServer,group=group-9E486C03C3E7,id=db756f0c-6aee-46d9-ae72-02f4945ba453
2019-09-29 10:45:41,193 [pool-92-thread-1] INFO  impl.RaftServerImpl (RaftServerImpl.java:start(185)) - f6b95176-143b-4dc2-a9fd-5757f55b0b36@group-9E486C03C3E7: start as a follower, conf=-1: [f6b95176-143b-4dc2-a9fd-5757f55b0b36:192.168.164.250:36206, db756f0c-6aee-46d9-ae72-02f4945ba453:192.168.164.250:33209, 42e28882-afd5-40d9-af35-6e13b3e6644c:192.168.164.250:45196], old=null
2019-09-29 10:45:41,198 [pool-92-thread-1] INFO  impl.RaftServerImpl (RaftServerImpl.java:setRole(174)) - f6b95176-143b-4dc2-a9fd-5757f55b0b36@group-9E486C03C3E7: changes role from      null to FOLLOWER at term 0 for startAsFollower
2019-09-29 10:45:41,198 [pool-72-thread-1] INFO  impl.RaftServerImpl (RaftServerImpl.java:start(185)) - 42e28882-afd5-40d9-af35-6e13b3e6644c@group-9E486C03C3E7: start as a follower, conf=-1: [f6b95176-143b-4dc2-a9fd-5757f55b0b36:192.168.164.250:36206, db756f0c-6aee-46d9-ae72-02f4945ba453:192.168.164.250:33209, 42e28882-afd5-40d9-af35-6e13b3e6644c:192.168.164.250:45196], old=null
2019-09-29 10:45:41,199 [pool-92-thread-1] INFO  impl.RoleInfo (RoleInfo.java:updateAndGet(143)) - f6b95176-143b-4dc2-a9fd-5757f55b0b36: start FollowerState
2019-09-29 10:45:41,199 [pool-72-thread-1] INFO  impl.RaftServerImpl (RaftServerImpl.java:setRole(174)) - 42e28882-afd5-40d9-af35-6e13b3e6644c@group-9E486C03C3E7: changes role from      null to FOLLOWER at term 0 for startAsFollower
2019-09-29 10:45:41,199 [pool-72-thread-1] INFO  impl.RoleInfo (RoleInfo.java:updateAndGet(143)) - 42e28882-afd5-40d9-af35-6e13b3e6644c: start FollowerState
2019-09-29 10:45:41,199 [pool-92-thread-1] INFO  util.JmxRegister (JmxRegister.java:tryRegister(44)) - Successfully registered JMX Bean with object name Ratis:service=RaftServer,group=group-9E486C03C3E7,id=f6b95176-143b-4dc2-a9fd-5757f55b0b36
2019-09-29 10:45:41,199 [pool-72-thread-1] INFO  util.JmxRegister (JmxRegister.java:tryRegister(44)) - Successfully registered JMX Bean with object name Ratis:service=RaftServer,group=group-9E486C03C3E7,id=42e28882-afd5-40d9-af35-6e13b3e6644c
2019-09-29 10:45:41,206 [RatisPipelineUtilsThread] INFO  pipeline.PipelineStateManager (PipelineStateManager.java:addPipeline(56)) - Created pipeline Pipeline[ Id: 04bc5a62-a5e4-4666-9fff-9e486c03c3e7, Nodes: f6b95176-143b-4dc2-a9fd-5757f55b0b36{ip: 192.168.164.250, host: pr-hdds-1569-p5qg8-3770903209, networkLocation: /default-rack, certSerialId: null}42e28882-afd5-40d9-af35-6e13b3e6644c{ip: 192.168.164.250, host: pr-hdds-1569-p5qg8-3770903209, networkLocation: /default-rack, certSerialId: null}db756f0c-6aee-46d9-ae72-02f4945ba453{ip: 192.168.164.250, host: pr-hdds-1569-p5qg8-3770903209, networkLocation: /default-rack, certSerialId: null}, Type:RATIS, Factor:THREE, State:OPEN]
2019-09-29 10:45:41,224 [grpc-default-executor-2] INFO  impl.RaftServerProxy (RaftServerProxy.java:addNew(89)) - db756f0c-6aee-46d9-ae72-02f4945ba453: addNew group-02E4DE3C0267:[f6b95176-143b-4dc2-a9fd-5757f55b0b36:192.168.164.250:36206, db756f0c-6aee-46d9-ae72-02f4945ba453:192.168.164.250:33209, 42e28882-afd5-40d9-af35-6e13b3e6644c:192.168.164.250:45196] returns group-02E4DE3C0267:java.util.concurrent.CompletableFuture@5a572121[Not completed]
2019-09-29 10:45:41,224 [grpc-default-executor-1] INFO  impl.RaftServerProxy (RaftServerProxy.java:addNew(89)) - f6b95176-143b-4dc2-a9fd-5757f55b0b36: addNew group-02E4DE3C0267:[f6b95176-143b-4dc2-a9fd-5757f55b0b36:192.168.164.250:36206, db756f0c-6aee-46d9-ae72-02f4945ba453:192.168.164.250:33209, 42e28882-afd5-40d9-af35-6e13b3e6644c:192.168.164.250:45196] returns group-02E4DE3C0267:java.util.concurrent.CompletableFuture@35a74c43[Not completed]
2019-09-29 10:45:41,224 [grpc-default-executor-0] INFO  impl.RaftServerProxy (RaftServerProxy.java:addNew(89)) - 42e28882-afd5-40d9-af35-6e13b3e6644c: addNew group-02E4DE3C0267:[f6b95176-143b-4dc2-a9fd-5757f55b0b36:192.168.164.250:36206, db756f0c-6aee-46d9-ae72-02f4945ba453:192.168.164.250:33209, 42e28882-afd5-40d9-af35-6e13b3e6644c:192.168.164.250:45196] returns group-02E4DE3C0267:java.util.concurrent.CompletableFuture@152475d1[Not completed]
2019-09-29 10:45:41,228 [pool-62-thread-1] INFO  impl.RaftServerImpl (RaftServerImpl.java:<init>(95)) - db756f0c-6aee-46d9-ae72-02f4945ba453: new RaftServerImpl for group-02E4DE3C0267:[f6b95176-143b-4dc2-a9fd-5757f55b0b36:192.168.164.250:36206, db756f0c-6aee-46d9-ae72-02f4945ba453:192.168.164.250:33209, 42e28882-afd5-40d9-af35-6e13b3e6644c:192.168.164.250:45196] with ContainerStateMachine:uninitialized
2019-09-29 10:45:41,228 [pool-62-thread-1] INFO  server.RaftServerConfigKeys (ConfUtils.java:logGet(43)) - raft.server.rpc.timeout.min = 5s (custom)
2019-09-29 10:45:41,228 [pool-62-thread-1] INFO  server.RaftServerConfigKeys (ConfUtils.java:logGet(43)) - raft.server.rpc.timeout.max = 5200ms (custom)
2019-09-29 10:45:41,228 [pool-62-thread-1] INFO  server.RaftServerConfigKeys (ConfUtils.java:logGet(43)) - raft.server.rpcslowness.timeout = 120s (custom)
2019-09-29 10:45:41,228 [pool-62-thread-1] INFO  server.RaftServerConfigKeys (ConfUtils.java:logGet(43)) - raft.server.sleep.deviation.threshold = 300 (default)
2019-09-29 10:45:41,228 [pool-62-thread-1] INFO  server.RaftServerConfigKeys (ConfUtils.java:logGet(43)) - raft.server.log.appender.install.snapshot.enabled = false (custom)
2019-09-29 10:45:41,229 [pool-62-thread-1] INFO  impl.RaftServerImpl (ServerState.java:<init>(103)) - db756f0c-6aee-46d9-ae72-02f4945ba453@group-02E4DE3C0267: ConfigurationManager, init=-1: [f6b95176-143b-4dc2-a9fd-5757f55b0b36:192.168.164.250:36206, db756f0c-6aee-46d9-ae72-02f4945ba453:192.168.164.250:33209, 42e28882-afd5-40d9-af35-6e13b3e6644c:192.168.164.250:45196], old=null, confs=<EMPTY_MAP>
2019-09-29 10:45:41,229 [pool-62-thread-1] INFO  server.RaftServerConfigKeys (ConfUtils.java:logGet(43)) - raft.server.storage.dir = [/workdir/hadoop-ozone/integration-test/target/test-dir/MiniOzoneClusterImpl-f2f1897c-7c9f-4d93-a036-cb01af022a4f/datanode-3/data/ratis] (custom)
2019-09-29 10:45:41,229 [pool-72-thread-1] INFO  impl.RaftServerImpl (RaftServerImpl.java:<init>(95)) - 42e28882-afd5-40d9-af35-6e13b3e6644c: new RaftServerImpl for group-02E4DE3C0267:[f6b95176-143b-4dc2-a9fd-5757f55b0b36:192.168.164.250:36206, db756f0c-6aee-46d9-ae72-02f4945ba453:192.168.164.250:33209, 42e28882-afd5-40d9-af35-6e13b3e6644c:192.168.164.250:45196] with ContainerStateMachine:uninitialized
2019-09-29 10:45:41,229 [pool-72-thread-1] INFO  server.RaftServerConfigKeys (ConfUtils.java:logGet(43)) - raft.server.rpc.timeout.min = 5s (custom)
2019-09-29 10:45:41,229 [pool-62-thread-1] INFO  storage.RaftStorageDirectory (RaftStorageDirectory.java:analyzeStorage(246)) - The storage directory /workdir/hadoop-ozone/integration-test/target/test-dir/MiniOzoneClusterImpl-f2f1897c-7c9f-4d93-a036-cb01af022a4f/datanode-3/data/ratis/4f926db9-9601-461f-a522-02e4de3c0267 does not exist. Creating ...
2019-09-29 10:45:41,229 [pool-72-thread-1] INFO  server.RaftServerConfigKeys (ConfUtils.java:logGet(43)) - raft.server.rpc.timeout.max = 5200ms (custom)
2019-09-29 10:45:41,229 [pool-72-thread-1] INFO  server.RaftServerConfigKeys (ConfUtils.java:logGet(43)) - raft.server.rpcslowness.timeout = 120s (custom)
2019-09-29 10:45:41,229 [pool-72-thread-1] INFO  server.RaftServerConfigKeys (ConfUtils.java:logGet(43)) - raft.server.sleep.deviation.threshold = 300 (default)
2019-09-29 10:45:41,229 [pool-92-thread-1] INFO  impl.RaftServerImpl (RaftServerImpl.java:<init>(95)) - f6b95176-143b-4dc2-a9fd-5757f55b0b36: new RaftServerImpl for group-02E4DE3C0267:[f6b95176-143b-4dc2-a9fd-5757f55b0b36:192.168.164.250:36206, db756f0c-6aee-46d9-ae72-02f4945ba453:192.168.164.250:33209, 42e28882-afd5-40d9-af35-6e13b3e6644c:192.168.164.250:45196] with ContainerStateMachine:uninitialized
2019-09-29 10:45:41,229 [pool-72-thread-1] INFO  server.RaftServerConfigKeys (ConfUtils.java:logGet(43)) - raft.server.log.appender.install.snapshot.enabled = false (custom)
2019-09-29 10:45:41,230 [pool-92-thread-1] INFO  server.RaftServerConfigKeys (ConfUtils.java:logGet(43)) - raft.server.rpc.timeout.min = 5s (custom)
2019-09-29 10:45:41,230 [pool-72-thread-1] INFO  impl.RaftServerImpl (ServerState.java:<init>(103)) - 42e28882-afd5-40d9-af35-6e13b3e6644c@group-02E4DE3C0267: ConfigurationManager, init=-1: [f6b95176-143b-4dc2-a9fd-5757f55b0b36:192.168.164.250:36206, db756f0c-6aee-46d9-ae72-02f4945ba453:192.168.164.250:33209, 42e28882-afd5-40d9-af35-6e13b3e6644c:192.168.164.250:45196], old=null, confs=<EMPTY_MAP>
2019-09-29 10:45:41,230 [pool-92-thread-1] INFO  server.RaftServerConfigKeys (ConfUtils.java:logGet(43)) - raft.server.rpc.timeout.max = 5200ms (custom)
2019-09-29 10:45:41,230 [pool-72-thread-1] INFO  server.RaftServerConfigKeys (ConfUtils.java:logGet(43)) - raft.server.storage.dir = [/workdir/hadoop-ozone/integration-test/target/test-dir/MiniOzoneClusterImpl-f2f1897c-7c9f-4d93-a036-cb01af022a4f/datanode-4/data/ratis] (custom)
2019-09-29 10:45:41,230 [pool-92-thread-1] INFO  server.RaftServerConfigKeys (ConfUtils.java:logGet(43)) - raft.server.rpcslowness.timeout = 120s (custom)
2019-09-29 10:45:41,230 [pool-92-thread-1] INFO  server.RaftServerConfigKeys (ConfUtils.java:logGet(43)) - raft.server.sleep.deviation.threshold = 300 (default)
2019-09-29 10:45:41,230 [pool-72-thread-1] INFO  storage.RaftStorageDirectory (RaftStorageDirectory.java:analyzeStorage(246)) - The storage directory /workdir/hadoop-ozone/integration-test/target/test-dir/MiniOzoneClusterImpl-f2f1897c-7c9f-4d93-a036-cb01af022a4f/datanode-4/data/ratis/4f926db9-9601-461f-a522-02e4de3c0267 does not exist. Creating ...
2019-09-29 10:45:41,230 [pool-92-thread-1] INFO  server.RaftServerConfigKeys (ConfUtils.java:logGet(43)) - raft.server.log.appender.install.snapshot.enabled = false (custom)
2019-09-29 10:45:41,231 [pool-92-thread-1] INFO  impl.RaftServerImpl (ServerState.java:<init>(103)) - f6b95176-143b-4dc2-a9fd-5757f55b0b36@group-02E4DE3C0267: ConfigurationManager, init=-1: [f6b95176-143b-4dc2-a9fd-5757f55b0b36:192.168.164.250:36206, db756f0c-6aee-46d9-ae72-02f4945ba453:192.168.164.250:33209, 42e28882-afd5-40d9-af35-6e13b3e6644c:192.168.164.250:45196], old=null, confs=<EMPTY_MAP>
2019-09-29 10:45:41,231 [pool-92-thread-1] INFO  server.RaftServerConfigKeys (ConfUtils.java:logGet(43)) - raft.server.storage.dir = [/workdir/hadoop-ozone/integration-test/target/test-dir/MiniOzoneClusterImpl-f2f1897c-7c9f-4d93-a036-cb01af022a4f/datanode-6/data/ratis] (custom)
2019-09-29 10:45:41,231 [pool-92-thread-1] INFO  storage.RaftStorageDirectory (RaftStorageDirectory.java:analyzeStorage(246)) - The storage directory /workdir/hadoop-ozone/integration-test/target/test-dir/MiniOzoneClusterImpl-f2f1897c-7c9f-4d93-a036-cb01af022a4f/datanode-6/data/ratis/4f926db9-9601-461f-a522-02e4de3c0267 does not exist. Creating ...
2019-09-29 10:45:41,254 [pool-62-thread-1] INFO  storage.RaftStorageDirectory (RaftStorageDirectory.java:tryLock(328)) - Lock on /workdir/hadoop-ozone/integration-test/target/test-dir/MiniOzoneClusterImpl-f2f1897c-7c9f-4d93-a036-cb01af022a4f/datanode-3/data/ratis/4f926db9-9601-461f-a522-02e4de3c0267/in_use.lock acquired by nodename 23044@pr-hdds-1569-p5qg8-3770903209
2019-09-29 10:45:41,254 [pool-92-thread-1] INFO  storage.RaftStorageDirectory (RaftStorageDirectory.java:tryLock(328)) - Lock on /workdir/hadoop-ozone/integration-test/target/test-dir/MiniOzoneClusterImpl-f2f1897c-7c9f-4d93-a036-cb01af022a4f/datanode-6/data/ratis/4f926db9-9601-461f-a522-02e4de3c0267/in_use.lock acquired by nodename 23044@pr-hdds-1569-p5qg8-3770903209
2019-09-29 10:45:41,255 [pool-72-thread-1] INFO  storage.RaftStorageDirectory (RaftStorageDirectory.java:tryLock(328)) - Lock on /workdir/hadoop-ozone/integration-test/target/test-dir/MiniOzoneClusterImpl-f2f1897c-7c9f-4d93-a036-cb01af022a4f/datanode-4/data/ratis/4f926db9-9601-461f-a522-02e4de3c0267/in_use.lock acquired by nodename 23044@pr-hdds-1569-p5qg8-3770903209
2019-09-29 10:45:41,256 [Thread-294] INFO  container.ReplicationManager (ReplicationManager.java:start(163)) - Starting Replication Monitor Thread.
2019-09-29 10:45:41,259 [ReplicationMonitor] INFO  container.ReplicationManager (ReplicationManager.java:run(226)) - Replication Monitor Thread took 1 milliseconds for processing 0 containers.
2019-09-29 10:45:41,273 [pool-62-thread-1] INFO  storage.RaftStorage (RaftStorage.java:format(72)) - Storage directory /workdir/hadoop-ozone/integration-test/target/test-dir/MiniOzoneClusterImpl-f2f1897c-7c9f-4d93-a036-cb01af022a4f/datanode-3/data/ratis/4f926db9-9601-461f-a522-02e4de3c0267 has been successfully formatted.
2019-09-29 10:45:41,273 [pool-72-thread-1] INFO  storage.RaftStorage (RaftStorage.java:format(72)) - Storage directory /workdir/hadoop-ozone/integration-test/target/test-dir/MiniOzoneClusterImpl-f2f1897c-7c9f-4d93-a036-cb01af022a4f/datanode-4/data/ratis/4f926db9-9601-461f-a522-02e4de3c0267 has been successfully formatted.
2019-09-29 10:45:41,273 [pool-92-thread-1] INFO  storage.RaftStorage (RaftStorage.java:format(72)) - Storage directory /workdir/hadoop-ozone/integration-test/target/test-dir/MiniOzoneClusterImpl-f2f1897c-7c9f-4d93-a036-cb01af022a4f/datanode-6/data/ratis/4f926db9-9601-461f-a522-02e4de3c0267 has been successfully formatted.
2019-09-29 10:45:41,274 [pool-62-thread-1] INFO  ratis.ContainerStateMachine (ContainerStateMachine.java:loadSnapshot(230)) - group-02E4DE3C0267: The snapshot info is null. Setting the last applied indexto:(t:0, i:~)
2019-09-29 10:45:41,274 [pool-92-thread-1] INFO  ratis.ContainerStateMachine (ContainerStateMachine.java:loadSnapshot(230)) - group-02E4DE3C0267: The snapshot info is null. Setting the last applied indexto:(t:0, i:~)
2019-09-29 10:45:41,274 [pool-72-thread-1] INFO  ratis.ContainerStateMachine (ContainerStateMachine.java:loadSnapshot(230)) - group-02E4DE3C0267: The snapshot info is null. Setting the last applied indexto:(t:0, i:~)
2019-09-29 10:45:41,274 [pool-92-thread-1] INFO  server.RaftServerConfigKeys (ConfUtils.java:logGet(43)) - raft.server.notification.no-leader.timeout = 120s (custom)
2019-09-29 10:45:41,274 [pool-62-thread-1] INFO  server.RaftServerConfigKeys (ConfUtils.java:logGet(43)) - raft.server.notification.no-leader.timeout = 120s (custom)
2019-09-29 10:45:41,274 [pool-92-thread-1] INFO  server.RaftServerConfigKeys (ConfUtils.java:logGet(43)) - raft.server.log.use.memory = false (default)
2019-09-29 10:45:41,274 [pool-72-thread-1] INFO  server.RaftServerConfigKeys (ConfUtils.java:logGet(43)) - raft.server.notification.no-leader.timeout = 120s (custom)
2019-09-29 10:45:41,274 [pool-92-thread-1] INFO  server.RaftServerConfigKeys (ConfUtils.java:logGet(43)) - raft.server.log.purge.gap = 1000000 (custom)
2019-09-29 10:45:41,274 [pool-62-thread-1] INFO  server.RaftServerConfigKeys (ConfUtils.java:logGet(43)) - raft.server.log.use.memory = false (default)
2019-09-29 10:45:41,278 [pool-92-thread-1] INFO  server.RaftServerConfigKeys (ConfUtils.java:logGet(43)) - raft.server.log.appender.buffer.byte-limit = 33554432 (custom)
2019-09-29 10:45:41,274 [pool-72-thread-1] INFO  server.RaftServerConfigKeys (ConfUtils.java:logGet(43)) - raft.server.log.use.memory = false (default)
2019-09-29 10:45:41,278 [pool-92-thread-1] INFO  server.RaftServerConfigKeys (ConfUtils.java:logGet(43)) - raft.server.log.segment.size.max = 1048576 (custom)
2019-09-29 10:45:41,278 [pool-62-thread-1] INFO  server.RaftServerConfigKeys (ConfUtils.java:logGet(43)) - raft.server.log.purge.gap = 1000000 (custom)
2019-09-29 10:45:41,278 [pool-92-thread-1] INFO  server.RaftServerConfigKeys (ConfUtils.java:logGet(43)) - raft.server.log.segment.cache.num.max = 2 (custom)
2019-09-29 10:45:41,278 [pool-72-thread-1] INFO  server.RaftServerConfigKeys (ConfUtils.java:logGet(43)) - raft.server.log.purge.gap = 1000000 (custom)
2019-09-29 10:45:41,279 [pool-92-thread-1] INFO  segmented.SegmentedRaftLogWorker (SegmentedRaftLogWorker.java:<init>(172)) - new f6b95176-143b-4dc2-a9fd-5757f55b0b36@group-02E4DE3C0267-SegmentedRaftLogWorker for RaftStorage:Storage Directory /workdir/hadoop-ozone/integration-test/target/test-dir/MiniOzoneClusterImpl-f2f1897c-7c9f-4d93-a036-cb01af022a4f/datanode-6/data/ratis/4f926db9-9601-461f-a522-02e4de3c0267
2019-09-29 10:45:41,279 [pool-62-thread-1] INFO  server.RaftServerConfigKeys (ConfUtils.java:logGet(43)) - raft.server.log.appender.buffer.byte-limit = 33554432 (custom)
2019-09-29 10:45:41,279 [pool-92-thread-1] INFO  server.RaftServerConfigKeys (ConfUtils.java:logGet(43)) - raft.server.log.queue.byte-limit = 2147483647 (custom)
2019-09-29 10:45:41,279 [pool-72-thread-1] INFO  server.RaftServerConfigKeys (ConfUtils.java:logGet(43)) - raft.server.log.appender.buffer.byte-limit = 33554432 (custom)
2019-09-29 10:45:41,279 [pool-92-thread-1] INFO  server.RaftServerConfigKeys (ConfUtils.java:logGet(43)) - raft.server.log.queue.element-limit = 1024 (custom)
2019-09-29 10:45:41,279 [pool-62-thread-1] INFO  server.RaftServerConfigKeys (ConfUtils.java:logGet(43)) - raft.server.log.segment.size.max = 1048576 (custom)
2019-09-29 10:45:41,279 [pool-92-thread-1] INFO  server.RaftServerConfigKeys (ConfUtils.java:logGet(43)) - raft.server.log.segment.size.max = 1048576 (custom)
2019-09-29 10:45:41,279 [pool-72-thread-1] INFO  server.RaftServerConfigKeys (ConfUtils.java:logGet(43)) - raft.server.log.segment.size.max = 1048576 (custom)
2019-09-29 10:45:41,280 [pool-92-thread-1] INFO  server.RaftServerConfigKeys (ConfUtils.java:logGet(43)) - raft.server.log.preallocated.size = 16384 (custom)
2019-09-29 10:45:41,280 [pool-62-thread-1] INFO  server.RaftServerConfigKeys (ConfUtils.java:logGet(43)) - raft.server.log.segment.cache.num.max = 2 (custom)
2019-09-29 10:45:41,280 [pool-92-thread-1] INFO  server.RaftServerConfigKeys (ConfUtils.java:logGet(43)) - raft.server.log.write.buffer.size = 33554432 (custom)
2019-09-29 10:45:41,280 [pool-72-thread-1] INFO  server.RaftServerConfigKeys (ConfUtils.java:logGet(43)) - raft.server.log.segment.cache.num.max = 2 (custom)
2019-09-29 10:45:41,280 [pool-92-thread-1] INFO  server.RaftServerConfigKeys (ConfUtils.java:logGet(43)) - raft.server.log.force.sync.num = 128 (default)
2019-09-29 10:45:41,280 [pool-62-thread-1] INFO  segmented.SegmentedRaftLogWorker (SegmentedRaftLogWorker.java:<init>(172)) - new db756f0c-6aee-46d9-ae72-02f4945ba453@group-02E4DE3C0267-SegmentedRaftLogWorker for RaftStorage:Storage Directory /workdir/hadoop-ozone/integration-test/target/test-dir/MiniOzoneClusterImpl-f2f1897c-7c9f-4d93-a036-cb01af022a4f/datanode-3/data/ratis/4f926db9-9601-461f-a522-02e4de3c0267
2019-09-29 10:45:41,280 [pool-92-thread-1] INFO  server.RaftServerConfigKeys (ConfUtils.java:logGet(43)) - raft.server.log.statemachine.data.sync = true (default)
2019-09-29 10:45:41,280 [pool-72-thread-1] INFO  segmented.SegmentedRaftLogWorker (SegmentedRaftLogWorker.java:<init>(172)) - new 42e28882-afd5-40d9-af35-6e13b3e6644c@group-02E4DE3C0267-SegmentedRaftLogWorker for RaftStorage:Storage Directory /workdir/hadoop-ozone/integration-test/target/test-dir/MiniOzoneClusterImpl-f2f1897c-7c9f-4d93-a036-cb01af022a4f/datanode-4/data/ratis/4f926db9-9601-461f-a522-02e4de3c0267
2019-09-29 10:45:41,280 [pool-92-thread-1] INFO  server.RaftServerConfigKeys (ConfUtils.java:logGet(43)) - raft.server.log.statemachine.data.sync.timeout = 10s (default)
2019-09-29 10:45:41,280 [pool-62-thread-1] INFO  server.RaftServerConfigKeys (ConfUtils.java:logGet(43)) - raft.server.log.queue.byte-limit = 2147483647 (custom)
2019-09-29 10:45:41,281 [pool-92-thread-1] INFO  server.RaftServerConfigKeys (ConfUtils.java:logGet(43)) - raft.server.log.statemachine.data.sync.timeout.retry = -1 (default)
2019-09-29 10:45:41,281 [pool-72-thread-1] INFO  server.RaftServerConfigKeys (ConfUtils.java:logGet(43)) - raft.server.log.queue.byte-limit = 2147483647 (custom)
2019-09-29 10:45:41,281 [pool-92-thread-1] INFO  server.RaftServerConfigKeys (ConfUtils.java:logGet(43)) - raft.server.log.statemachine.data.caching.enabled = true (custom)
2019-09-29 10:45:41,281 [pool-62-thread-1] INFO  server.RaftServerConfigKeys (ConfUtils.java:logGet(43)) - raft.server.log.queue.element-limit = 1024 (custom)
2019-09-29 10:45:41,281 [pool-72-thread-1] INFO  server.RaftServerConfigKeys (ConfUtils.java:logGet(43)) - raft.server.log.queue.element-limit = 1024 (custom)
2019-09-29 10:45:41,281 [pool-62-thread-1] INFO  server.RaftServerConfigKeys (ConfUtils.java:logGet(43)) - raft.server.log.segment.size.max = 1048576 (custom)
2019-09-29 10:45:41,281 [pool-62-thread-1] INFO  server.RaftServerConfigKeys (ConfUtils.java:logGet(43)) - raft.server.log.preallocated.size = 16384 (custom)
2019-09-29 10:45:41,282 [pool-62-thread-1] INFO  server.RaftServerConfigKeys (ConfUtils.java:logGet(43)) - raft.server.log.write.buffer.size = 33554432 (custom)
2019-09-29 10:45:41,282 [pool-62-thread-1] INFO  server.RaftServerConfigKeys (ConfUtils.java:logGet(43)) - raft.server.log.force.sync.num = 128 (default)
2019-09-29 10:45:41,282 [pool-62-thread-1] INFO  server.RaftServerConfigKeys (ConfUtils.java:logGet(43)) - raft.server.log.statemachine.data.sync = true (default)
2019-09-29 10:45:41,282 [pool-62-thread-1] INFO  server.RaftServerConfigKeys (ConfUtils.java:logGet(43)) - raft.server.log.statemachine.data.sync.timeout = 10s (default)
2019-09-29 10:45:41,282 [pool-62-thread-1] INFO  server.RaftServerConfigKeys (ConfUtils.java:logGet(43)) - raft.server.log.statemachine.data.sync.timeout.retry = -1 (default)
2019-09-29 10:45:41,282 [pool-62-thread-1] INFO  server.RaftServerConfigKeys (ConfUtils.java:logGet(43)) - raft.server.log.statemachine.data.caching.enabled = true (custom)
2019-09-29 10:45:41,282 [pool-62-thread-1] INFO  segmented.SegmentedRaftLogWorker (SegmentedRaftLogWorker.java:lambda$new$0(132)) - db756f0c-6aee-46d9-ae72-02f4945ba453@group-02E4DE3C0267-SegmentedRaftLogWorker: flushIndex: setUnconditionally 0 -> -1
2019-09-29 10:45:41,281 [pool-92-thread-1] INFO  segmented.SegmentedRaftLogWorker (SegmentedRaftLogWorker.java:lambda$new$0(132)) - f6b95176-143b-4dc2-a9fd-5757f55b0b36@group-02E4DE3C0267-SegmentedRaftLogWorker: flushIndex: setUnconditionally 0 -> -1
2019-09-29 10:45:41,282 [pool-62-thread-1] INFO  server.RaftServerConfigKeys (ConfUtils.java:logGet(43)) - raft.server.snapshot.auto.trigger.enabled = true (custom)
2019-09-29 10:45:41,281 [pool-72-thread-1] INFO  server.RaftServerConfigKeys (ConfUtils.java:logGet(43)) - raft.server.log.segment.size.max = 1048576 (custom)
2019-09-29 10:45:41,283 [pool-92-thread-1] INFO  server.RaftServerConfigKeys (ConfUtils.java:logGet(43)) - raft.server.snapshot.auto.trigger.enabled = true (custom)
2019-09-29 10:45:41,283 [pool-62-thread-1] INFO  server.RaftServerConfigKeys (ConfUtils.java:logGet(43)) - raft.server.snapshot.auto.trigger.threshold = 10000 (custom)
2019-09-29 10:45:41,283 [pool-92-thread-1] INFO  server.RaftServerConfigKeys (ConfUtils.java:logGet(43)) - raft.server.snapshot.auto.trigger.threshold = 10000 (custom)
2019-09-29 10:45:41,283 [pool-72-thread-1] INFO  server.RaftServerConfigKeys (ConfUtils.java:logGet(43)) - raft.server.log.preallocated.size = 16384 (custom)
2019-09-29 10:45:41,283 [pool-92-thread-1] INFO  server.RaftServerConfigKeys (ConfUtils.java:logGet(43)) - raft.server.snapshot.retention.num.files = 5 (custom)
2019-09-29 10:45:41,283 [pool-62-thread-1] INFO  server.RaftServerConfigKeys (ConfUtils.java:logGet(43)) - raft.server.snapshot.retention.num.files = 5 (custom)
2019-09-29 10:45:41,283 [pool-72-thread-1] INFO  server.RaftServerConfigKeys (ConfUtils.java:logGet(43)) - raft.server.log.write.buffer.size = 33554432 (custom)
2019-09-29 10:45:41,283 [pool-62-thread-1] INFO  server.RaftServerConfigKeys (ConfUtils.java:logGet(43)) - raft.server.retrycache.expirytime = 600000ms (custom)
2019-09-29 10:45:41,283 [pool-92-thread-1] INFO  server.RaftServerConfigKeys (ConfUtils.java:logGet(43)) - raft.server.retrycache.expirytime = 600000ms (custom)
2019-09-29 10:45:41,283 [pool-72-thread-1] INFO  server.RaftServerConfigKeys (ConfUtils.java:logGet(43)) - raft.server.log.force.sync.num = 128 (default)
2019-09-29 10:45:41,284 [pool-72-thread-1] INFO  server.RaftServerConfigKeys (ConfUtils.java:logGet(43)) - raft.server.log.statemachine.data.sync = true (default)
2019-09-29 10:45:41,284 [pool-72-thread-1] INFO  server.RaftServerConfigKeys (ConfUtils.java:logGet(43)) - raft.server.log.statemachine.data.sync.timeout = 10s (default)
2019-09-29 10:45:41,284 [pool-72-thread-1] INFO  server.RaftServerConfigKeys (ConfUtils.java:logGet(43)) - raft.server.log.statemachine.data.sync.timeout.retry = -1 (default)
2019-09-29 10:45:41,284 [pool-72-thread-1] INFO  server.RaftServerConfigKeys (ConfUtils.java:logGet(43)) - raft.server.log.statemachine.data.caching.enabled = true (custom)
2019-09-29 10:45:41,284 [pool-72-thread-1] INFO  segmented.SegmentedRaftLogWorker (SegmentedRaftLogWorker.java:lambda$new$0(132)) - 42e28882-afd5-40d9-af35-6e13b3e6644c@group-02E4DE3C0267-SegmentedRaftLogWorker: flushIndex: setUnconditionally 0 -> -1
2019-09-29 10:45:41,284 [pool-72-thread-1] INFO  server.RaftServerConfigKeys (ConfUtils.java:logGet(43)) - raft.server.snapshot.auto.trigger.enabled = true (custom)
2019-09-29 10:45:41,285 [pool-72-thread-1] INFO  server.RaftServerConfigKeys (ConfUtils.java:logGet(43)) - raft.server.snapshot.auto.trigger.threshold = 10000 (custom)
2019-09-29 10:45:41,285 [pool-72-thread-1] INFO  server.RaftServerConfigKeys (ConfUtils.java:logGet(43)) - raft.server.snapshot.retention.num.files = 5 (custom)
2019-09-29 10:45:41,285 [pool-72-thread-1] INFO  server.RaftServerConfigKeys (ConfUtils.java:logGet(43)) - raft.server.retrycache.expirytime = 600000ms (custom)
2019-09-29 10:45:41,298 [pool-62-thread-1] INFO  impl.RaftServerImpl (RaftServerImpl.java:start(185)) - db756f0c-6aee-46d9-ae72-02f4945ba453@group-02E4DE3C0267: start as a follower, conf=-1: [f6b95176-143b-4dc2-a9fd-5757f55b0b36:192.168.164.250:36206, db756f0c-6aee-46d9-ae72-02f4945ba453:192.168.164.250:33209, 42e28882-afd5-40d9-af35-6e13b3e6644c:192.168.164.250:45196], old=null
2019-09-29 10:45:41,299 [pool-92-thread-1] INFO  impl.RaftServerImpl (RaftServerImpl.java:start(185)) - f6b95176-143b-4dc2-a9fd-5757f55b0b36@group-02E4DE3C0267: start as a follower, conf=-1: [f6b95176-143b-4dc2-a9fd-5757f55b0b36:192.168.164.250:36206, db756f0c-6aee-46d9-ae72-02f4945ba453:192.168.164.250:33209, 42e28882-afd5-40d9-af35-6e13b3e6644c:192.168.164.250:45196], old=null
2019-09-29 10:45:41,299 [pool-62-thread-1] INFO  impl.RaftServerImpl (RaftServerImpl.java:setRole(174)) - db756f0c-6aee-46d9-ae72-02f4945ba453@group-02E4DE3C0267: changes role from      null to FOLLOWER at term 0 for startAsFollower
2019-09-29 10:45:41,299 [pool-92-thread-1] INFO  impl.RaftServerImpl (RaftServerImpl.java:setRole(174)) - f6b95176-143b-4dc2-a9fd-5757f55b0b36@group-02E4DE3C0267: changes role from      null to FOLLOWER at term 0 for startAsFollower
2019-09-29 10:45:41,299 [pool-62-thread-1] INFO  impl.RoleInfo (RoleInfo.java:updateAndGet(143)) - db756f0c-6aee-46d9-ae72-02f4945ba453: start FollowerState
2019-09-29 10:45:41,299 [pool-72-thread-1] INFO  impl.RaftServerImpl (RaftServerImpl.java:start(185)) - 42e28882-afd5-40d9-af35-6e13b3e6644c@group-02E4DE3C0267: start as a follower, conf=-1: [f6b95176-143b-4dc2-a9fd-5757f55b0b36:192.168.164.250:36206, db756f0c-6aee-46d9-ae72-02f4945ba453:192.168.164.250:33209, 42e28882-afd5-40d9-af35-6e13b3e6644c:192.168.164.250:45196], old=null
2019-09-29 10:45:41,299 [pool-92-thread-1] INFO  impl.RoleInfo (RoleInfo.java:updateAndGet(143)) - f6b95176-143b-4dc2-a9fd-5757f55b0b36: start FollowerState
2019-09-29 10:45:41,299 [pool-72-thread-1] INFO  impl.RaftServerImpl (RaftServerImpl.java:setRole(174)) - 42e28882-afd5-40d9-af35-6e13b3e6644c@group-02E4DE3C0267: changes role from      null to FOLLOWER at term 0 for startAsFollower
2019-09-29 10:45:41,299 [pool-62-thread-1] INFO  util.JmxRegister (JmxRegister.java:tryRegister(44)) - Successfully registered JMX Bean with object name Ratis:service=RaftServer,group=group-02E4DE3C0267,id=db756f0c-6aee-46d9-ae72-02f4945ba453
2019-09-29 10:45:41,300 [pool-92-thread-1] INFO  util.JmxRegister (JmxRegister.java:tryRegister(44)) - Successfully registered JMX Bean with object name Ratis:service=RaftServer,group=group-02E4DE3C0267,id=f6b95176-143b-4dc2-a9fd-5757f55b0b36
2019-09-29 10:45:41,299 [pool-72-thread-1] INFO  impl.RoleInfo (RoleInfo.java:updateAndGet(143)) - 42e28882-afd5-40d9-af35-6e13b3e6644c: start FollowerState
2019-09-29 10:45:41,300 [pool-72-thread-1] INFO  util.JmxRegister (JmxRegister.java:tryRegister(44)) - Successfully registered JMX Bean with object name Ratis:service=RaftServer,group=group-02E4DE3C0267,id=42e28882-afd5-40d9-af35-6e13b3e6644c
2019-09-29 10:45:41,306 [RatisPipelineUtilsThread] INFO  pipeline.PipelineStateManager (PipelineStateManager.java:addPipeline(56)) - Created pipeline Pipeline[ Id: 4f926db9-9601-461f-a522-02e4de3c0267, Nodes: f6b95176-143b-4dc2-a9fd-5757f55b0b36{ip: 192.168.164.250, host: pr-hdds-1569-p5qg8-3770903209, networkLocation: /default-rack, certSerialId: null}db756f0c-6aee-46d9-ae72-02f4945ba453{ip: 192.168.164.250, host: pr-hdds-1569-p5qg8-3770903209, networkLocation: /default-rack, certSerialId: null}42e28882-afd5-40d9-af35-6e13b3e6644c{ip: 192.168.164.250, host: pr-hdds-1569-p5qg8-3770903209, networkLocation: /default-rack, certSerialId: null}, Type:RATIS, Factor:THREE, State:OPEN]
2019-09-29 10:45:41,324 [grpc-default-executor-1] INFO  impl.RaftServerProxy (RaftServerProxy.java:addNew(89)) - db756f0c-6aee-46d9-ae72-02f4945ba453: addNew group-185341EB059C:[f6b95176-143b-4dc2-a9fd-5757f55b0b36:192.168.164.250:36206, db756f0c-6aee-46d9-ae72-02f4945ba453:192.168.164.250:33209, 42e28882-afd5-40d9-af35-6e13b3e6644c:192.168.164.250:45196] returns group-185341EB059C:java.util.concurrent.CompletableFuture@23408e[Not completed]
2019-09-29 10:45:41,327 [grpc-default-executor-1] INFO  impl.RaftServerProxy (RaftServerProxy.java:addNew(89)) - 42e28882-afd5-40d9-af35-6e13b3e6644c: addNew group-185341EB059C:[f6b95176-143b-4dc2-a9fd-5757f55b0b36:192.168.164.250:36206, db756f0c-6aee-46d9-ae72-02f4945ba453:192.168.164.250:33209, 42e28882-afd5-40d9-af35-6e13b3e6644c:192.168.164.250:45196] returns group-185341EB059C:java.util.concurrent.CompletableFuture@29e79e38[Not completed]
2019-09-29 10:45:41,327 [pool-62-thread-1] INFO  impl.RaftServerImpl (RaftServerImpl.java:<init>(95)) - db756f0c-6aee-46d9-ae72-02f4945ba453: new RaftServerImpl for group-185341EB059C:[f6b95176-143b-4dc2-a9fd-5757f55b0b36:192.168.164.250:36206, db756f0c-6aee-46d9-ae72-02f4945ba453:192.168.164.250:33209, 42e28882-afd5-40d9-af35-6e13b3e6644c:192.168.164.250:45196] with ContainerStateMachine:uninitialized
2019-09-29 10:45:41,329 [grpc-default-executor-2] INFO  impl.RaftServerProxy (RaftServerProxy.java:addNew(89)) - f6b95176-143b-4dc2-a9fd-5757f55b0b36: addNew group-185341EB059C:[f6b95176-143b-4dc2-a9fd-5757f55b0b36:192.168.164.250:36206, db756f0c-6aee-46d9-ae72-02f4945ba453:192.168.164.250:33209, 42e28882-afd5-40d9-af35-6e13b3e6644c:192.168.164.250:45196] returns group-185341EB059C:java.util.concurrent.CompletableFuture@234b560[Not completed]
2019-09-29 10:45:41,329 [pool-62-thread-1] INFO  server.RaftServerConfigKeys (ConfUtils.java:logGet(43)) - raft.server.rpc.timeout.min = 5s (custom)
2019-09-29 10:45:41,329 [pool-62-thread-1] INFO  server.RaftServerConfigKeys (ConfUtils.java:logGet(43)) - raft.server.rpc.timeout.max = 5200ms (custom)
2019-09-29 10:45:41,330 [pool-62-thread-1] INFO  server.RaftServerConfigKeys (ConfUtils.java:logGet(43)) - raft.server.rpcslowness.timeout = 120s (custom)
2019-09-29 10:45:41,330 [pool-62-thread-1] INFO  server.RaftServerConfigKeys (ConfUtils.java:logGet(43)) - raft.server.sleep.deviation.threshold = 300 (default)
2019-09-29 10:45:41,330 [pool-62-thread-1] INFO  server.RaftServerConfigKeys (ConfUtils.java:logGet(43)) - raft.server.log.appender.install.snapshot.enabled = false (custom)
2019-09-29 10:45:41,330 [pool-62-thread-1] INFO  impl.RaftServerImpl (ServerState.java:<init>(103)) - db756f0c-6aee-46d9-ae72-02f4945ba453@group-185341EB059C: ConfigurationManager, init=-1: [f6b95176-143b-4dc2-a9fd-5757f55b0b36:192.168.164.250:36206, db756f0c-6aee-46d9-ae72-02f4945ba453:192.168.164.250:33209, 42e28882-afd5-40d9-af35-6e13b3e6644c:192.168.164.250:45196], old=null, confs=<EMPTY_MAP>
2019-09-29 10:45:41,330 [pool-62-thread-1] INFO  server.RaftServerConfigKeys (ConfUtils.java:logGet(43)) - raft.server.storage.dir = [/workdir/hadoop-ozone/integration-test/target/test-dir/MiniOzoneClusterImpl-f2f1897c-7c9f-4d93-a036-cb01af022a4f/datanode-3/data/ratis] (custom)
2019-09-29 10:45:41,330 [pool-72-thread-1] INFO  impl.RaftServerImpl (RaftServerImpl.java:<init>(95)) - 42e28882-afd5-40d9-af35-6e13b3e6644c: new RaftServerImpl for group-185341EB059C:[f6b95176-143b-4dc2-a9fd-5757f55b0b36:192.168.164.250:36206, db756f0c-6aee-46d9-ae72-02f4945ba453:192.168.164.250:33209, 42e28882-afd5-40d9-af35-6e13b3e6644c:192.168.164.250:45196] with ContainerStateMachine:uninitialized
2019-09-29 10:45:41,330 [pool-72-thread-1] INFO  server.RaftServerConfigKeys (ConfUtils.java:logGet(43)) - raft.server.rpc.timeout.min = 5s (custom)
2019-09-29 10:45:41,330 [pool-62-thread-1] INFO  storage.RaftStorageDirectory (RaftStorageDirectory.java:analyzeStorage(246)) - The storage directory /workdir/hadoop-ozone/integration-test/target/test-dir/MiniOzoneClusterImpl-f2f1897c-7c9f-4d93-a036-cb01af022a4f/datanode-3/data/ratis/8b8e32eb-2257-4e3f-ac63-185341eb059c does not exist. Creating ...
2019-09-29 10:45:41,331 [pool-72-thread-1] INFO  server.RaftServerConfigKeys (ConfUtils.java:logGet(43)) - raft.server.rpc.timeout.max = 5200ms (custom)
2019-09-29 10:45:41,331 [pool-72-thread-1] INFO  server.RaftServerConfigKeys (ConfUtils.java:logGet(43)) - raft.server.rpcslowness.timeout = 120s (custom)
2019-09-29 10:45:41,331 [pool-72-thread-1] INFO  server.RaftServerConfigKeys (ConfUtils.java:logGet(43)) - raft.server.sleep.deviation.threshold = 300 (default)
2019-09-29 10:45:41,331 [pool-72-thread-1] INFO  server.RaftServerConfigKeys (ConfUtils.java:logGet(43)) - raft.server.log.appender.install.snapshot.enabled = false (custom)
2019-09-29 10:45:41,331 [pool-72-thread-1] INFO  impl.RaftServerImpl (ServerState.java:<init>(103)) - 42e28882-afd5-40d9-af35-6e13b3e6644c@group-185341EB059C: ConfigurationManager, init=-1: [f6b95176-143b-4dc2-a9fd-5757f55b0b36:192.168.164.250:36206, db756f0c-6aee-46d9-ae72-02f4945ba453:192.168.164.250:33209, 42e28882-afd5-40d9-af35-6e13b3e6644c:192.168.164.250:45196], old=null, confs=<EMPTY_MAP>
2019-09-29 10:45:41,331 [pool-92-thread-1] INFO  impl.RaftServerImpl (RaftServerImpl.java:<init>(95)) - f6b95176-143b-4dc2-a9fd-5757f55b0b36: new RaftServerImpl for group-185341EB059C:[f6b95176-143b-4dc2-a9fd-5757f55b0b36:192.168.164.250:36206, db756f0c-6aee-46d9-ae72-02f4945ba453:192.168.164.250:33209, 42e28882-afd5-40d9-af35-6e13b3e6644c:192.168.164.250:45196] with ContainerStateMachine:uninitialized
2019-09-29 10:45:41,331 [pool-72-thread-1] INFO  server.RaftServerConfigKeys (ConfUtils.java:logGet(43)) - raft.server.storage.dir = [/workdir/hadoop-ozone/integration-test/target/test-dir/MiniOzoneClusterImpl-f2f1897c-7c9f-4d93-a036-cb01af022a4f/datanode-4/data/ratis] (custom)
2019-09-29 10:45:41,331 [pool-92-thread-1] INFO  server.RaftServerConfigKeys (ConfUtils.java:logGet(43)) - raft.server.rpc.timeout.min = 5s (custom)
2019-09-29 10:45:41,332 [pool-92-thread-1] INFO  server.RaftServerConfigKeys (ConfUtils.java:logGet(43)) - raft.server.rpc.timeout.max = 5200ms (custom)
2019-09-29 10:45:41,332 [pool-72-thread-1] INFO  storage.RaftStorageDirectory (RaftStorageDirectory.java:analyzeStorage(246)) - The storage directory /workdir/hadoop-ozone/integration-test/target/test-dir/MiniOzoneClusterImpl-f2f1897c-7c9f-4d93-a036-cb01af022a4f/datanode-4/data/ratis/8b8e32eb-2257-4e3f-ac63-185341eb059c does not exist. Creating ...
2019-09-29 10:45:41,332 [pool-92-thread-1] INFO  server.RaftServerConfigKeys (ConfUtils.java:logGet(43)) - raft.server.rpcslowness.timeout = 120s (custom)
2019-09-29 10:45:41,332 [pool-92-thread-1] INFO  server.RaftServerConfigKeys (ConfUtils.java:logGet(43)) - raft.server.sleep.deviation.threshold = 300 (default)
2019-09-29 10:45:41,332 [pool-92-thread-1] INFO  server.RaftServerConfigKeys (ConfUtils.java:logGet(43)) - raft.server.log.appender.install.snapshot.enabled = false (custom)
2019-09-29 10:45:41,332 [pool-92-thread-1] INFO  impl.RaftServerImpl (ServerState.java:<init>(103)) - f6b95176-143b-4dc2-a9fd-5757f55b0b36@group-185341EB059C: ConfigurationManager, init=-1: [f6b95176-143b-4dc2-a9fd-5757f55b0b36:192.168.164.250:36206, db756f0c-6aee-46d9-ae72-02f4945ba453:192.168.164.250:33209, 42e28882-afd5-40d9-af35-6e13b3e6644c:192.168.164.250:45196], old=null, confs=<EMPTY_MAP>
2019-09-29 10:45:41,332 [pool-92-thread-1] INFO  server.RaftServerConfigKeys (ConfUtils.java:logGet(43)) - raft.server.storage.dir = [/workdir/hadoop-ozone/integration-test/target/test-dir/MiniOzoneClusterImpl-f2f1897c-7c9f-4d93-a036-cb01af022a4f/datanode-6/data/ratis] (custom)
2019-09-29 10:45:41,333 [pool-92-thread-1] INFO  storage.RaftStorageDirectory (RaftStorageDirectory.java:analyzeStorage(246)) - The storage directory /workdir/hadoop-ozone/integration-test/target/test-dir/MiniOzoneClusterImpl-f2f1897c-7c9f-4d93-a036-cb01af022a4f/datanode-6/data/ratis/8b8e32eb-2257-4e3f-ac63-185341eb059c does not exist. Creating ...
2019-09-29 10:45:41,355 [pool-72-thread-1] INFO  storage.RaftStorageDirectory (RaftStorageDirectory.java:tryLock(328)) - Lock on /workdir/hadoop-ozone/integration-test/target/test-dir/MiniOzoneClusterImpl-f2f1897c-7c9f-4d93-a036-cb01af022a4f/datanode-4/data/ratis/8b8e32eb-2257-4e3f-ac63-185341eb059c/in_use.lock acquired by nodename 23044@pr-hdds-1569-p5qg8-3770903209
2019-09-29 10:45:41,355 [pool-92-thread-1] INFO  storage.RaftStorageDirectory (RaftStorageDirectory.java:tryLock(328)) - Lock on /workdir/hadoop-ozone/integration-test/target/test-dir/MiniOzoneClusterImpl-f2f1897c-7c9f-4d93-a036-cb01af022a4f/datanode-6/data/ratis/8b8e32eb-2257-4e3f-ac63-185341eb059c/in_use.lock acquired by nodename 23044@pr-hdds-1569-p5qg8-3770903209
2019-09-29 10:45:41,355 [pool-62-thread-1] INFO  storage.RaftStorageDirectory (RaftStorageDirectory.java:tryLock(328)) - Lock on /workdir/hadoop-ozone/integration-test/target/test-dir/MiniOzoneClusterImpl-f2f1897c-7c9f-4d93-a036-cb01af022a4f/datanode-3/data/ratis/8b8e32eb-2257-4e3f-ac63-185341eb059c/in_use.lock acquired by nodename 23044@pr-hdds-1569-p5qg8-3770903209
2019-09-29 10:45:41,380 [pool-62-thread-1] INFO  storage.RaftStorage (RaftStorage.java:format(72)) - Storage directory /workdir/hadoop-ozone/integration-test/target/test-dir/MiniOzoneClusterImpl-f2f1897c-7c9f-4d93-a036-cb01af022a4f/datanode-3/data/ratis/8b8e32eb-2257-4e3f-ac63-185341eb059c has been successfully formatted.
2019-09-29 10:45:41,380 [pool-92-thread-1] INFO  storage.RaftStorage (RaftStorage.java:format(72)) - Storage directory /workdir/hadoop-ozone/integration-test/target/test-dir/MiniOzoneClusterImpl-f2f1897c-7c9f-4d93-a036-cb01af022a4f/datanode-6/data/ratis/8b8e32eb-2257-4e3f-ac63-185341eb059c has been successfully formatted.
2019-09-29 10:45:41,381 [pool-62-thread-1] INFO  ratis.ContainerStateMachine (ContainerStateMachine.java:loadSnapshot(230)) - group-185341EB059C: The snapshot info is null. Setting the last applied indexto:(t:0, i:~)
2019-09-29 10:45:41,380 [pool-72-thread-1] INFO  storage.RaftStorage (RaftStorage.java:format(72)) - Storage directory /workdir/hadoop-ozone/integration-test/target/test-dir/MiniOzoneClusterImpl-f2f1897c-7c9f-4d93-a036-cb01af022a4f/datanode-4/data/ratis/8b8e32eb-2257-4e3f-ac63-185341eb059c has been successfully formatted.
2019-09-29 10:45:41,381 [pool-92-thread-1] INFO  ratis.ContainerStateMachine (ContainerStateMachine.java:loadSnapshot(230)) - group-185341EB059C: The snapshot info is null. Setting the last applied indexto:(t:0, i:~)
2019-09-29 10:45:41,381 [pool-62-thread-1] INFO  server.RaftServerConfigKeys (ConfUtils.java:logGet(43)) - raft.server.notification.no-leader.timeout = 120s (custom)
2019-09-29 10:45:41,381 [pool-92-thread-1] INFO  server.RaftServerConfigKeys (ConfUtils.java:logGet(43)) - raft.server.notification.no-leader.timeout = 120s (custom)
2019-09-29 10:45:41,381 [pool-72-thread-1] INFO  ratis.ContainerStateMachine (ContainerStateMachine.java:loadSnapshot(230)) - group-185341EB059C: The snapshot info is null. Setting the last applied indexto:(t:0, i:~)
2019-09-29 10:45:41,381 [pool-92-thread-1] INFO  server.RaftServerConfigKeys (ConfUtils.java:logGet(43)) - raft.server.log.use.memory = false (default)
2019-09-29 10:45:41,381 [pool-62-thread-1] INFO  server.RaftServerConfigKeys (ConfUtils.java:logGet(43)) - raft.server.log.use.memory = false (default)
2019-09-29 10:45:41,381 [pool-92-thread-1] INFO  server.RaftServerConfigKeys (ConfUtils.java:logGet(43)) - raft.server.log.purge.gap = 1000000 (custom)
2019-09-29 10:45:41,381 [pool-72-thread-1] INFO  server.RaftServerConfigKeys (ConfUtils.java:logGet(43)) - raft.server.notification.no-leader.timeout = 120s (custom)
2019-09-29 10:45:41,382 [pool-92-thread-1] INFO  server.RaftServerConfigKeys (ConfUtils.java:logGet(43)) - raft.server.log.appender.buffer.byte-limit = 33554432 (custom)
2019-09-29 10:45:41,381 [pool-62-thread-1] INFO  server.RaftServerConfigKeys (ConfUtils.java:logGet(43)) - raft.server.log.purge.gap = 1000000 (custom)
2019-09-29 10:45:41,382 [pool-92-thread-1] INFO  server.RaftServerConfigKeys (ConfUtils.java:logGet(43)) - raft.server.log.segment.size.max = 1048576 (custom)
2019-09-29 10:45:41,382 [pool-72-thread-1] INFO  server.RaftServerConfigKeys (ConfUtils.java:logGet(43)) - raft.server.log.use.memory = false (default)
2019-09-29 10:45:41,382 [pool-92-thread-1] INFO  server.RaftServerConfigKeys (ConfUtils.java:logGet(43)) - raft.server.log.segment.cache.num.max = 2 (custom)
2019-09-29 10:45:41,382 [pool-62-thread-1] INFO  server.RaftServerConfigKeys (ConfUtils.java:logGet(43)) - raft.server.log.appender.buffer.byte-limit = 33554432 (custom)
2019-09-29 10:45:41,382 [pool-92-thread-1] INFO  segmented.SegmentedRaftLogWorker (SegmentedRaftLogWorker.java:<init>(172)) - new f6b95176-143b-4dc2-a9fd-5757f55b0b36@group-185341EB059C-SegmentedRaftLogWorker for RaftStorage:Storage Directory /workdir/hadoop-ozone/integration-test/target/test-dir/MiniOzoneClusterImpl-f2f1897c-7c9f-4d93-a036-cb01af022a4f/datanode-6/data/ratis/8b8e32eb-2257-4e3f-ac63-185341eb059c
2019-09-29 10:45:41,382 [pool-72-thread-1] INFO  server.RaftServerConfigKeys (ConfUtils.java:logGet(43)) - raft.server.log.purge.gap = 1000000 (custom)
2019-09-29 10:45:41,383 [pool-92-thread-1] INFO  server.RaftServerConfigKeys (ConfUtils.java:logGet(43)) - raft.server.log.queue.byte-limit = 2147483647 (custom)
2019-09-29 10:45:41,382 [pool-62-thread-1] INFO  server.RaftServerConfigKeys (ConfUtils.java:logGet(43)) - raft.server.log.segment.size.max = 1048576 (custom)
2019-09-29 10:45:41,383 [pool-92-thread-1] INFO  server.RaftServerConfigKeys (ConfUtils.java:logGet(43)) - raft.server.log.queue.element-limit = 1024 (custom)
2019-09-29 10:45:41,383 [pool-72-thread-1] INFO  server.RaftServerConfigKeys (ConfUtils.java:logGet(43)) - raft.server.log.appender.buffer.byte-limit = 33554432 (custom)
2019-09-29 10:45:41,383 [pool-92-thread-1] INFO  server.RaftServerConfigKeys (ConfUtils.java:logGet(43)) - raft.server.log.segment.size.max = 1048576 (custom)
2019-09-29 10:45:41,383 [pool-62-thread-1] INFO  server.RaftServerConfigKeys (ConfUtils.java:logGet(43)) - raft.server.log.segment.cache.num.max = 2 (custom)
2019-09-29 10:45:41,383 [pool-92-thread-1] INFO  server.RaftServerConfigKeys (ConfUtils.java:logGet(43)) - raft.server.log.preallocated.size = 16384 (custom)
2019-09-29 10:45:41,383 [pool-72-thread-1] INFO  server.RaftServerConfigKeys (ConfUtils.java:logGet(43)) - raft.server.log.segment.size.max = 1048576 (custom)
2019-09-29 10:45:41,384 [pool-92-thread-1] INFO  server.RaftServerConfigKeys (ConfUtils.java:logGet(43)) - raft.server.log.write.buffer.size = 33554432 (custom)
2019-09-29 10:45:41,383 [pool-62-thread-1] INFO  segmented.SegmentedRaftLogWorker (SegmentedRaftLogWorker.java:<init>(172)) - new db756f0c-6aee-46d9-ae72-02f4945ba453@group-185341EB059C-SegmentedRaftLogWorker for RaftStorage:Storage Directory /workdir/hadoop-ozone/integration-test/target/test-dir/MiniOzoneClusterImpl-f2f1897c-7c9f-4d93-a036-cb01af022a4f/datanode-3/data/ratis/8b8e32eb-2257-4e3f-ac63-185341eb059c
2019-09-29 10:45:41,384 [pool-92-thread-1] INFO  server.RaftServerConfigKeys (ConfUtils.java:logGet(43)) - raft.server.log.force.sync.num = 128 (default)
2019-09-29 10:45:41,384 [pool-72-thread-1] INFO  server.RaftServerConfigKeys (ConfUtils.java:logGet(43)) - raft.server.log.segment.cache.num.max = 2 (custom)
2019-09-29 10:45:41,384 [pool-92-thread-1] INFO  server.RaftServerConfigKeys (ConfUtils.java:logGet(43)) - raft.server.log.statemachine.data.sync = true (default)
2019-09-29 10:45:41,384 [pool-62-thread-1] INFO  server.RaftServerConfigKeys (ConfUtils.java:logGet(43)) - raft.server.log.queue.byte-limit = 2147483647 (custom)
2019-09-29 10:45:41,384 [pool-92-thread-1] INFO  server.RaftServerConfigKeys (ConfUtils.java:logGet(43)) - raft.server.log.statemachine.data.sync.timeout = 10s (default)
2019-09-29 10:45:41,384 [pool-72-thread-1] INFO  segmented.SegmentedRaftLogWorker (SegmentedRaftLogWorker.java:<init>(172)) - new 42e28882-afd5-40d9-af35-6e13b3e6644c@group-185341EB059C-SegmentedRaftLogWorker for RaftStorage:Storage Directory /workdir/hadoop-ozone/integration-test/target/test-dir/MiniOzoneClusterImpl-f2f1897c-7c9f-4d93-a036-cb01af022a4f/datanode-4/data/ratis/8b8e32eb-2257-4e3f-ac63-185341eb059c
2019-09-29 10:45:41,385 [pool-92-thread-1] INFO  server.RaftServerConfigKeys (ConfUtils.java:logGet(43)) - raft.server.log.statemachine.data.sync.timeout.retry = -1 (default)
2019-09-29 10:45:41,385 [pool-62-thread-1] INFO  server.RaftServerConfigKeys (ConfUtils.java:logGet(43)) - raft.server.log.queue.element-limit = 1024 (custom)
2019-09-29 10:45:41,385 [pool-72-thread-1] INFO  server.RaftServerConfigKeys (ConfUtils.java:logGet(43)) - raft.server.log.queue.byte-limit = 2147483647 (custom)
2019-09-29 10:45:41,385 [pool-62-thread-1] INFO  server.RaftServerConfigKeys (ConfUtils.java:logGet(43)) - raft.server.log.segment.size.max = 1048576 (custom)
2019-09-29 10:45:41,385 [pool-92-thread-1] INFO  server.RaftServerConfigKeys (ConfUtils.java:logGet(43)) - raft.server.log.statemachine.data.caching.enabled = true (custom)
2019-09-29 10:45:41,385 [pool-62-thread-1] INFO  server.RaftServerConfigKeys (ConfUtils.java:logGet(43)) - raft.server.log.preallocated.size = 16384 (custom)
2019-09-29 10:45:41,385 [pool-72-thread-1] INFO  server.RaftServerConfigKeys (ConfUtils.java:logGet(43)) - raft.server.log.queue.element-limit = 1024 (custom)
2019-09-29 10:45:41,386 [pool-92-thread-1] INFO  segmented.SegmentedRaftLogWorker (SegmentedRaftLogWorker.java:lambda$new$0(132)) - f6b95176-143b-4dc2-a9fd-5757f55b0b36@group-185341EB059C-SegmentedRaftLogWorker: flushIndex: setUnconditionally 0 -> -1
2019-09-29 10:45:41,386 [pool-62-thread-1] INFO  server.RaftServerConfigKeys (ConfUtils.java:logGet(43)) - raft.server.log.write.buffer.size = 33554432 (custom)
2019-09-29 10:45:41,386 [pool-72-thread-1] INFO  server.RaftServerConfigKeys (ConfUtils.java:logGet(43)) - raft.server.log.segment.size.max = 1048576 (custom)
2019-09-29 10:45:41,386 [pool-62-thread-1] INFO  server.RaftServerConfigKeys (ConfUtils.java:logGet(43)) - raft.server.log.force.sync.num = 128 (default)
2019-09-29 10:45:41,386 [pool-92-thread-1] INFO  server.RaftServerConfigKeys (ConfUtils.java:logGet(43)) - raft.server.snapshot.auto.trigger.enabled = true (custom)
2019-09-29 10:45:41,386 [pool-72-thread-1] INFO  server.RaftServerConfigKeys (ConfUtils.java:logGet(43)) - raft.server.log.preallocated.size = 16384 (custom)
2019-09-29 10:45:41,386 [pool-92-thread-1] INFO  server.RaftServerConfigKeys (ConfUtils.java:logGet(43)) - raft.server.snapshot.auto.trigger.threshold = 10000 (custom)
2019-09-29 10:45:41,386 [pool-62-thread-1] INFO  server.RaftServerConfigKeys (ConfUtils.java:logGet(43)) - raft.server.log.statemachine.data.sync = true (default)
2019-09-29 10:45:41,386 [pool-92-thread-1] INFO  server.RaftServerConfigKeys (ConfUtils.java:logGet(43)) - raft.server.snapshot.retention.num.files = 5 (custom)
2019-09-29 10:45:41,386 [pool-72-thread-1] INFO  server.RaftServerConfigKeys (ConfUtils.java:logGet(43)) - raft.server.log.write.buffer.size = 33554432 (custom)
2019-09-29 10:45:41,387 [pool-92-thread-1] INFO  server.RaftServerConfigKeys (ConfUtils.java:logGet(43)) - raft.server.retrycache.expirytime = 600000ms (custom)
2019-09-29 10:45:41,387 [pool-62-thread-1] INFO  server.RaftServerConfigKeys (ConfUtils.java:logGet(43)) - raft.server.log.statemachine.data.sync.timeout = 10s (default)
2019-09-29 10:45:41,387 [pool-72-thread-1] INFO  server.RaftServerConfigKeys (ConfUtils.java:logGet(43)) - raft.server.log.force.sync.num = 128 (default)
2019-09-29 10:45:41,387 [pool-62-thread-1] INFO  server.RaftServerConfigKeys (ConfUtils.java:logGet(43)) - raft.server.log.statemachine.data.sync.timeout.retry = -1 (default)
2019-09-29 10:45:41,387 [pool-72-thread-1] INFO  server.RaftServerConfigKeys (ConfUtils.java:logGet(43)) - raft.server.log.statemachine.data.sync = true (default)
2019-09-29 10:45:41,387 [pool-62-thread-1] INFO  server.RaftServerConfigKeys (ConfUtils.java:logGet(43)) - raft.server.log.statemachine.data.caching.enabled = true (custom)
2019-09-29 10:45:41,387 [pool-72-thread-1] INFO  server.RaftServerConfigKeys (ConfUtils.java:logGet(43)) - raft.server.log.statemachine.data.sync.timeout = 10s (default)
2019-09-29 10:45:41,387 [pool-72-thread-1] INFO  server.RaftServerConfigKeys (ConfUtils.java:logGet(43)) - raft.server.log.statemachine.data.sync.timeout.retry = -1 (default)
2019-09-29 10:45:41,387 [pool-62-thread-1] INFO  segmented.SegmentedRaftLogWorker (SegmentedRaftLogWorker.java:lambda$new$0(132)) - db756f0c-6aee-46d9-ae72-02f4945ba453@group-185341EB059C-SegmentedRaftLogWorker: flushIndex: setUnconditionally 0 -> -1
2019-09-29 10:45:41,388 [pool-72-thread-1] INFO  server.RaftServerConfigKeys (ConfUtils.java:logGet(43)) - raft.server.log.statemachine.data.caching.enabled = true (custom)
2019-09-29 10:45:41,388 [pool-62-thread-1] INFO  server.RaftServerConfigKeys (ConfUtils.java:logGet(43)) - raft.server.snapshot.auto.trigger.enabled = true (custom)
2019-09-29 10:45:41,388 [pool-72-thread-1] INFO  segmented.SegmentedRaftLogWorker (SegmentedRaftLogWorker.java:lambda$new$0(132)) - 42e28882-afd5-40d9-af35-6e13b3e6644c@group-185341EB059C-SegmentedRaftLogWorker: flushIndex: setUnconditionally 0 -> -1
2019-09-29 10:45:41,388 [pool-62-thread-1] INFO  server.RaftServerConfigKeys (ConfUtils.java:logGet(43)) - raft.server.snapshot.auto.trigger.threshold = 10000 (custom)
2019-09-29 10:45:41,388 [pool-62-thread-1] INFO  server.RaftServerConfigKeys (ConfUtils.java:logGet(43)) - raft.server.snapshot.retention.num.files = 5 (custom)
2019-09-29 10:45:41,388 [pool-72-thread-1] INFO  server.RaftServerConfigKeys (ConfUtils.java:logGet(43)) - raft.server.snapshot.auto.trigger.enabled = true (custom)
2019-09-29 10:45:41,388 [pool-62-thread-1] INFO  server.RaftServerConfigKeys (ConfUtils.java:logGet(43)) - raft.server.retrycache.expirytime = 600000ms (custom)
2019-09-29 10:45:41,388 [pool-72-thread-1] INFO  server.RaftServerConfigKeys (ConfUtils.java:logGet(43)) - raft.server.snapshot.auto.trigger.threshold = 10000 (custom)
2019-09-29 10:45:41,389 [pool-72-thread-1] INFO  server.RaftServerConfigKeys (ConfUtils.java:logGet(43)) - raft.server.snapshot.retention.num.files = 5 (custom)
2019-09-29 10:45:41,389 [pool-72-thread-1] INFO  server.RaftServerConfigKeys (ConfUtils.java:logGet(43)) - raft.server.retrycache.expirytime = 600000ms (custom)
2019-09-29 10:45:41,390 [pool-92-thread-1] INFO  impl.RaftServerImpl (RaftServerImpl.java:start(185)) - f6b95176-143b-4dc2-a9fd-5757f55b0b36@group-185341EB059C: start as a follower, conf=-1: [f6b95176-143b-4dc2-a9fd-5757f55b0b36:192.168.164.250:36206, db756f0c-6aee-46d9-ae72-02f4945ba453:192.168.164.250:33209, 42e28882-afd5-40d9-af35-6e13b3e6644c:192.168.164.250:45196], old=null
2019-09-29 10:45:41,390 [pool-92-thread-1] INFO  impl.RaftServerImpl (RaftServerImpl.java:setRole(174)) - f6b95176-143b-4dc2-a9fd-5757f55b0b36@group-185341EB059C: changes role from      null to FOLLOWER at term 0 for startAsFollower
2019-09-29 10:45:41,390 [pool-92-thread-1] INFO  impl.RoleInfo (RoleInfo.java:updateAndGet(143)) - f6b95176-143b-4dc2-a9fd-5757f55b0b36: start FollowerState
2019-09-29 10:45:41,391 [pool-92-thread-1] INFO  util.JmxRegister (JmxRegister.java:tryRegister(44)) - Successfully registered JMX Bean with object name Ratis:service=RaftServer,group=group-185341EB059C,id=f6b95176-143b-4dc2-a9fd-5757f55b0b36
2019-09-29 10:45:41,392 [pool-62-thread-1] INFO  impl.RaftServerImpl (RaftServerImpl.java:start(185)) - db756f0c-6aee-46d9-ae72-02f4945ba453@group-185341EB059C: start as a follower, conf=-1: [f6b95176-143b-4dc2-a9fd-5757f55b0b36:192.168.164.250:36206, db756f0c-6aee-46d9-ae72-02f4945ba453:192.168.164.250:33209, 42e28882-afd5-40d9-af35-6e13b3e6644c:192.168.164.250:45196], old=null
2019-09-29 10:45:41,392 [pool-72-thread-1] INFO  impl.RaftServerImpl (RaftServerImpl.java:start(185)) - 42e28882-afd5-40d9-af35-6e13b3e6644c@group-185341EB059C: start as a follower, conf=-1: [f6b95176-143b-4dc2-a9fd-5757f55b0b36:192.168.164.250:36206, db756f0c-6aee-46d9-ae72-02f4945ba453:192.168.164.250:33209, 42e28882-afd5-40d9-af35-6e13b3e6644c:192.168.164.250:45196], old=null
2019-09-29 10:45:41,392 [pool-62-thread-1] INFO  impl.RaftServerImpl (RaftServerImpl.java:setRole(174)) - db756f0c-6aee-46d9-ae72-02f4945ba453@group-185341EB059C: changes role from      null to FOLLOWER at term 0 for startAsFollower
2019-09-29 10:45:41,392 [pool-72-thread-1] INFO  impl.RaftServerImpl (RaftServerImpl.java:setRole(174)) - 42e28882-afd5-40d9-af35-6e13b3e6644c@group-185341EB059C: changes role from      null to FOLLOWER at term 0 for startAsFollower
2019-09-29 10:45:41,393 [pool-62-thread-1] INFO  impl.RoleInfo (RoleInfo.java:updateAndGet(143)) - db756f0c-6aee-46d9-ae72-02f4945ba453: start FollowerState
2019-09-29 10:45:41,395 [pool-72-thread-1] INFO  impl.RoleInfo (RoleInfo.java:updateAndGet(143)) - 42e28882-afd5-40d9-af35-6e13b3e6644c: start FollowerState
2019-09-29 10:45:41,395 [pool-62-thread-1] INFO  util.JmxRegister (JmxRegister.java:tryRegister(44)) - Successfully registered JMX Bean with object name Ratis:service=RaftServer,group=group-185341EB059C,id=db756f0c-6aee-46d9-ae72-02f4945ba453
2019-09-29 10:45:41,396 [pool-72-thread-1] INFO  util.JmxRegister (JmxRegister.java:tryRegister(44)) - Successfully registered JMX Bean with object name Ratis:service=RaftServer,group=group-185341EB059C,id=42e28882-afd5-40d9-af35-6e13b3e6644c
2019-09-29 10:45:41,402 [RatisPipelineUtilsThread] INFO  pipeline.PipelineStateManager (PipelineStateManager.java:addPipeline(56)) - Created pipeline Pipeline[ Id: 8b8e32eb-2257-4e3f-ac63-185341eb059c, Nodes: 42e28882-afd5-40d9-af35-6e13b3e6644c{ip: 192.168.164.250, host: pr-hdds-1569-p5qg8-3770903209, networkLocation: /default-rack, certSerialId: null}db756f0c-6aee-46d9-ae72-02f4945ba453{ip: 192.168.164.250, host: pr-hdds-1569-p5qg8-3770903209, networkLocation: /default-rack, certSerialId: null}f6b95176-143b-4dc2-a9fd-5757f55b0b36{ip: 192.168.164.250, host: pr-hdds-1569-p5qg8-3770903209, networkLocation: /default-rack, certSerialId: null}, Type:RATIS, Factor:THREE, State:OPEN]
2019-09-29 10:45:41,420 [grpc-default-executor-1] INFO  impl.RaftServerProxy (RaftServerProxy.java:addNew(89)) - db756f0c-6aee-46d9-ae72-02f4945ba453: addNew group-DF75E291C832:[f6b95176-143b-4dc2-a9fd-5757f55b0b36:192.168.164.250:36206, db756f0c-6aee-46d9-ae72-02f4945ba453:192.168.164.250:33209, 42e28882-afd5-40d9-af35-6e13b3e6644c:192.168.164.250:45196] returns group-DF75E291C832:java.util.concurrent.CompletableFuture@79403190[Not completed]
2019-09-29 10:45:41,420 [grpc-default-executor-2] INFO  impl.RaftServerProxy (RaftServerProxy.java:addNew(89)) - f6b95176-143b-4dc2-a9fd-5757f55b0b36: addNew group-DF75E291C832:[f6b95176-143b-4dc2-a9fd-5757f55b0b36:192.168.164.250:36206, db756f0c-6aee-46d9-ae72-02f4945ba453:192.168.164.250:33209, 42e28882-afd5-40d9-af35-6e13b3e6644c:192.168.164.250:45196] returns group-DF75E291C832:java.util.concurrent.CompletableFuture@393952e1[Not completed]
2019-09-29 10:45:41,420 [grpc-default-executor-0] INFO  impl.RaftServerProxy (RaftServerProxy.java:addNew(89)) - 42e28882-afd5-40d9-af35-6e13b3e6644c: addNew group-DF75E291C832:[f6b95176-143b-4dc2-a9fd-5757f55b0b36:192.168.164.250:36206, db756f0c-6aee-46d9-ae72-02f4945ba453:192.168.164.250:33209, 42e28882-afd5-40d9-af35-6e13b3e6644c:192.168.164.250:45196] returns group-DF75E291C832:java.util.concurrent.CompletableFuture@35dac18[Not completed]
2019-09-29 10:45:41,424 [pool-72-thread-1] INFO  impl.RaftServerImpl (RaftServerImpl.java:<init>(95)) - 42e28882-afd5-40d9-af35-6e13b3e6644c: new RaftServerImpl for group-DF75E291C832:[f6b95176-143b-4dc2-a9fd-5757f55b0b36:192.168.164.250:36206, db756f0c-6aee-46d9-ae72-02f4945ba453:192.168.164.250:33209, 42e28882-afd5-40d9-af35-6e13b3e6644c:192.168.164.250:45196] with ContainerStateMachine:uninitialized
2019-09-29 10:45:41,424 [pool-72-thread-1] INFO  server.RaftServerConfigKeys (ConfUtils.java:logGet(43)) - raft.server.rpc.timeout.min = 5s (custom)
2019-09-29 10:45:41,424 [pool-72-thread-1] INFO  server.RaftServerConfigKeys (ConfUtils.java:logGet(43)) - raft.server.rpc.timeout.max = 5200ms (custom)
2019-09-29 10:45:41,424 [pool-72-thread-1] INFO  server.RaftServerConfigKeys (ConfUtils.java:logGet(43)) - raft.server.rpcslowness.timeout = 120s (custom)
2019-09-29 10:45:41,424 [pool-72-thread-1] INFO  server.RaftServerConfigKeys (ConfUtils.java:logGet(43)) - raft.server.sleep.deviation.threshold = 300 (default)
2019-09-29 10:45:41,425 [pool-72-thread-1] INFO  server.RaftServerConfigKeys (ConfUtils.java:logGet(43)) - raft.server.log.appender.install.snapshot.enabled = false (custom)
2019-09-29 10:45:41,425 [pool-72-thread-1] INFO  impl.RaftServerImpl (ServerState.java:<init>(103)) - 42e28882-afd5-40d9-af35-6e13b3e6644c@group-DF75E291C832: ConfigurationManager, init=-1: [f6b95176-143b-4dc2-a9fd-5757f55b0b36:192.168.164.250:36206, db756f0c-6aee-46d9-ae72-02f4945ba453:192.168.164.250:33209, 42e28882-afd5-40d9-af35-6e13b3e6644c:192.168.164.250:45196], old=null, confs=<EMPTY_MAP>
2019-09-29 10:45:41,425 [pool-62-thread-1] INFO  impl.RaftServerImpl (RaftServerImpl.java:<init>(95)) - db756f0c-6aee-46d9-ae72-02f4945ba453: new RaftServerImpl for group-DF75E291C832:[f6b95176-143b-4dc2-a9fd-5757f55b0b36:192.168.164.250:36206, db756f0c-6aee-46d9-ae72-02f4945ba453:192.168.164.250:33209, 42e28882-afd5-40d9-af35-6e13b3e6644c:192.168.164.250:45196] with ContainerStateMachine:uninitialized
2019-09-29 10:45:41,425 [pool-72-thread-1] INFO  server.RaftServerConfigKeys (ConfUtils.java:logGet(43)) - raft.server.storage.dir = [/workdir/hadoop-ozone/integration-test/target/test-dir/MiniOzoneClusterImpl-f2f1897c-7c9f-4d93-a036-cb01af022a4f/datanode-4/data/ratis] (custom)
2019-09-29 10:45:41,425 [pool-62-thread-1] INFO  server.RaftServerConfigKeys (ConfUtils.java:logGet(43)) - raft.server.rpc.timeout.min = 5s (custom)
2019-09-29 10:45:41,425 [pool-62-thread-1] INFO  server.RaftServerConfigKeys (ConfUtils.java:logGet(43)) - raft.server.rpc.timeout.max = 5200ms (custom)
2019-09-29 10:45:41,425 [pool-72-thread-1] INFO  storage.RaftStorageDirectory (RaftStorageDirectory.java:analyzeStorage(246)) - The storage directory /workdir/hadoop-ozone/integration-test/target/test-dir/MiniOzoneClusterImpl-f2f1897c-7c9f-4d93-a036-cb01af022a4f/datanode-4/data/ratis/b9013883-e70e-4a18-8b5e-df75e291c832 does not exist. Creating ...
2019-09-29 10:45:41,425 [pool-92-thread-1] INFO  impl.RaftServerImpl (RaftServerImpl.java:<init>(95)) - f6b95176-143b-4dc2-a9fd-5757f55b0b36: new RaftServerImpl for group-DF75E291C832:[f6b95176-143b-4dc2-a9fd-5757f55b0b36:192.168.164.250:36206, db756f0c-6aee-46d9-ae72-02f4945ba453:192.168.164.250:33209, 42e28882-afd5-40d9-af35-6e13b3e6644c:192.168.164.250:45196] with ContainerStateMachine:uninitialized
2019-09-29 10:45:41,425 [pool-62-thread-1] INFO  server.RaftServerConfigKeys (ConfUtils.java:logGet(43)) - raft.server.rpcslowness.timeout = 120s (custom)
2019-09-29 10:45:41,426 [pool-92-thread-1] INFO  server.RaftServerConfigKeys (ConfUtils.java:logGet(43)) - raft.server.rpc.timeout.min = 5s (custom)
2019-09-29 10:45:41,426 [pool-62-thread-1] INFO  server.RaftServerConfigKeys (ConfUtils.java:logGet(43)) - raft.server.sleep.deviation.threshold = 300 (default)
2019-09-29 10:45:41,426 [pool-92-thread-1] INFO  server.RaftServerConfigKeys (ConfUtils.java:logGet(43)) - raft.server.rpc.timeout.max = 5200ms (custom)
2019-09-29 10:45:41,426 [pool-62-thread-1] INFO  server.RaftServerConfigKeys (ConfUtils.java:logGet(43)) - raft.server.log.appender.install.snapshot.enabled = false (custom)
2019-09-29 10:45:41,426 [pool-92-thread-1] INFO  server.RaftServerConfigKeys (ConfUtils.java:logGet(43)) - raft.server.rpcslowness.timeout = 120s (custom)
2019-09-29 10:45:41,426 [pool-62-thread-1] INFO  impl.RaftServerImpl (ServerState.java:<init>(103)) - db756f0c-6aee-46d9-ae72-02f4945ba453@group-DF75E291C832: ConfigurationManager, init=-1: [f6b95176-143b-4dc2-a9fd-5757f55b0b36:192.168.164.250:36206, db756f0c-6aee-46d9-ae72-02f4945ba453:192.168.164.250:33209, 42e28882-afd5-40d9-af35-6e13b3e6644c:192.168.164.250:45196], old=null, confs=<EMPTY_MAP>
2019-09-29 10:45:41,426 [pool-92-thread-1] INFO  server.RaftServerConfigKeys (ConfUtils.java:logGet(43)) - raft.server.sleep.deviation.threshold = 300 (default)
2019-09-29 10:45:41,427 [pool-62-thread-1] INFO  server.RaftServerConfigKeys (ConfUtils.java:logGet(43)) - raft.server.storage.dir = [/workdir/hadoop-ozone/integration-test/target/test-dir/MiniOzoneClusterImpl-f2f1897c-7c9f-4d93-a036-cb01af022a4f/datanode-3/data/ratis] (custom)
2019-09-29 10:45:41,427 [pool-92-thread-1] INFO  server.RaftServerConfigKeys (ConfUtils.java:logGet(43)) - raft.server.log.appender.install.snapshot.enabled = false (custom)
2019-09-29 10:45:41,427 [pool-92-thread-1] INFO  impl.RaftServerImpl (ServerState.java:<init>(103)) - f6b95176-143b-4dc2-a9fd-5757f55b0b36@group-DF75E291C832: ConfigurationManager, init=-1: [f6b95176-143b-4dc2-a9fd-5757f55b0b36:192.168.164.250:36206, db756f0c-6aee-46d9-ae72-02f4945ba453:192.168.164.250:33209, 42e28882-afd5-40d9-af35-6e13b3e6644c:192.168.164.250:45196], old=null, confs=<EMPTY_MAP>
2019-09-29 10:45:41,427 [pool-62-thread-1] INFO  storage.RaftStorageDirectory (RaftStorageDirectory.java:analyzeStorage(246)) - The storage directory /workdir/hadoop-ozone/integration-test/target/test-dir/MiniOzoneClusterImpl-f2f1897c-7c9f-4d93-a036-cb01af022a4f/datanode-3/data/ratis/b9013883-e70e-4a18-8b5e-df75e291c832 does not exist. Creating ...
2019-09-29 10:45:41,427 [pool-92-thread-1] INFO  server.RaftServerConfigKeys (ConfUtils.java:logGet(43)) - raft.server.storage.dir = [/workdir/hadoop-ozone/integration-test/target/test-dir/MiniOzoneClusterImpl-f2f1897c-7c9f-4d93-a036-cb01af022a4f/datanode-6/data/ratis] (custom)
2019-09-29 10:45:41,427 [pool-92-thread-1] INFO  storage.RaftStorageDirectory (RaftStorageDirectory.java:analyzeStorage(246)) - The storage directory /workdir/hadoop-ozone/integration-test/target/test-dir/MiniOzoneClusterImpl-f2f1897c-7c9f-4d93-a036-cb01af022a4f/datanode-6/data/ratis/b9013883-e70e-4a18-8b5e-df75e291c832 does not exist. Creating ...
2019-09-29 10:45:41,438 [pool-92-thread-1] INFO  storage.RaftStorageDirectory (RaftStorageDirectory.java:tryLock(328)) - Lock on /workdir/hadoop-ozone/integration-test/target/test-dir/MiniOzoneClusterImpl-f2f1897c-7c9f-4d93-a036-cb01af022a4f/datanode-6/data/ratis/b9013883-e70e-4a18-8b5e-df75e291c832/in_use.lock acquired by nodename 23044@pr-hdds-1569-p5qg8-3770903209
2019-09-29 10:45:41,438 [pool-72-thread-1] INFO  storage.RaftStorageDirectory (RaftStorageDirectory.java:tryLock(328)) - Lock on /workdir/hadoop-ozone/integration-test/target/test-dir/MiniOzoneClusterImpl-f2f1897c-7c9f-4d93-a036-cb01af022a4f/datanode-4/data/ratis/b9013883-e70e-4a18-8b5e-df75e291c832/in_use.lock acquired by nodename 23044@pr-hdds-1569-p5qg8-3770903209
2019-09-29 10:45:41,439 [pool-62-thread-1] INFO  storage.RaftStorageDirectory (RaftStorageDirectory.java:tryLock(328)) - Lock on /workdir/hadoop-ozone/integration-test/target/test-dir/MiniOzoneClusterImpl-f2f1897c-7c9f-4d93-a036-cb01af022a4f/datanode-3/data/ratis/b9013883-e70e-4a18-8b5e-df75e291c832/in_use.lock acquired by nodename 23044@pr-hdds-1569-p5qg8-3770903209
2019-09-29 10:45:41,450 [pool-92-thread-1] INFO  storage.RaftStorage (RaftStorage.java:format(72)) - Storage directory /workdir/hadoop-ozone/integration-test/target/test-dir/MiniOzoneClusterImpl-f2f1897c-7c9f-4d93-a036-cb01af022a4f/datanode-6/data/ratis/b9013883-e70e-4a18-8b5e-df75e291c832 has been successfully formatted.
2019-09-29 10:45:41,450 [pool-62-thread-1] INFO  storage.RaftStorage (RaftStorage.java:format(72)) - Storage directory /workdir/hadoop-ozone/integration-test/target/test-dir/MiniOzoneClusterImpl-f2f1897c-7c9f-4d93-a036-cb01af022a4f/datanode-3/data/ratis/b9013883-e70e-4a18-8b5e-df75e291c832 has been successfully formatted.
2019-09-29 10:45:41,450 [pool-72-thread-1] INFO  storage.RaftStorage (RaftStorage.java:format(72)) - Storage directory /workdir/hadoop-ozone/integration-test/target/test-dir/MiniOzoneClusterImpl-f2f1897c-7c9f-4d93-a036-cb01af022a4f/datanode-4/data/ratis/b9013883-e70e-4a18-8b5e-df75e291c832 has been successfully formatted.
2019-09-29 10:45:41,450 [pool-62-thread-1] INFO  ratis.ContainerStateMachine (ContainerStateMachine.java:loadSnapshot(230)) - group-DF75E291C832: The snapshot info is null. Setting the last applied indexto:(t:0, i:~)
2019-09-29 10:45:41,450 [pool-92-thread-1] INFO  ratis.ContainerStateMachine (ContainerStateMachine.java:loadSnapshot(230)) - group-DF75E291C832: The snapshot info is null. Setting the last applied indexto:(t:0, i:~)
2019-09-29 10:45:41,450 [pool-62-thread-1] INFO  server.RaftServerConfigKeys (ConfUtils.java:logGet(43)) - raft.server.notification.no-leader.timeout = 120s (custom)
2019-09-29 10:45:41,450 [pool-72-thread-1] INFO  ratis.ContainerStateMachine (ContainerStateMachine.java:loadSnapshot(230)) - group-DF75E291C832: The snapshot info is null. Setting the last applied indexto:(t:0, i:~)
2019-09-29 10:45:41,450 [pool-62-thread-1] INFO  server.RaftServerConfigKeys (ConfUtils.java:logGet(43)) - raft.server.log.use.memory = false (default)
2019-09-29 10:45:41,450 [pool-92-thread-1] INFO  server.RaftServerConfigKeys (ConfUtils.java:logGet(43)) - raft.server.notification.no-leader.timeout = 120s (custom)
2019-09-29 10:45:41,451 [pool-62-thread-1] INFO  server.RaftServerConfigKeys (ConfUtils.java:logGet(43)) - raft.server.log.purge.gap = 1000000 (custom)
2019-09-29 10:45:41,451 [pool-72-thread-1] INFO  server.RaftServerConfigKeys (ConfUtils.java:logGet(43)) - raft.server.notification.no-leader.timeout = 120s (custom)
2019-09-29 10:45:41,451 [pool-62-thread-1] INFO  server.RaftServerConfigKeys (ConfUtils.java:logGet(43)) - raft.server.log.appender.buffer.byte-limit = 33554432 (custom)
2019-09-29 10:45:41,451 [pool-92-thread-1] INFO  server.RaftServerConfigKeys (ConfUtils.java:logGet(43)) - raft.server.log.use.memory = false (default)
2019-09-29 10:45:41,451 [pool-62-thread-1] INFO  server.RaftServerConfigKeys (ConfUtils.java:logGet(43)) - raft.server.log.segment.size.max = 1048576 (custom)
2019-09-29 10:45:41,451 [pool-72-thread-1] INFO  server.RaftServerConfigKeys (ConfUtils.java:logGet(43)) - raft.server.log.use.memory = false (default)
2019-09-29 10:45:41,451 [pool-62-thread-1] INFO  server.RaftServerConfigKeys (ConfUtils.java:logGet(43)) - raft.server.log.segment.cache.num.max = 2 (custom)
2019-09-29 10:45:41,451 [pool-92-thread-1] INFO  server.RaftServerConfigKeys (ConfUtils.java:logGet(43)) - raft.server.log.purge.gap = 1000000 (custom)
2019-09-29 10:45:41,451 [pool-62-thread-1] INFO  segmented.SegmentedRaftLogWorker (SegmentedRaftLogWorker.java:<init>(172)) - new db756f0c-6aee-46d9-ae72-02f4945ba453@group-DF75E291C832-SegmentedRaftLogWorker for RaftStorage:Storage Directory /workdir/hadoop-ozone/integration-test/target/test-dir/MiniOzoneClusterImpl-f2f1897c-7c9f-4d93-a036-cb01af022a4f/datanode-3/data/ratis/b9013883-e70e-4a18-8b5e-df75e291c832
2019-09-29 10:45:41,451 [pool-72-thread-1] INFO  server.RaftServerConfigKeys (ConfUtils.java:logGet(43)) - raft.server.log.purge.gap = 1000000 (custom)
2019-09-29 10:45:41,452 [pool-62-thread-1] INFO  server.RaftServerConfigKeys (ConfUtils.java:logGet(43)) - raft.server.log.queue.byte-limit = 2147483647 (custom)
2019-09-29 10:45:41,452 [pool-92-thread-1] INFO  server.RaftServerConfigKeys (ConfUtils.java:logGet(43)) - raft.server.log.appender.buffer.byte-limit = 33554432 (custom)
2019-09-29 10:45:41,452 [pool-62-thread-1] INFO  server.RaftServerConfigKeys (ConfUtils.java:logGet(43)) - raft.server.log.queue.element-limit = 1024 (custom)
2019-09-29 10:45:41,452 [pool-72-thread-1] INFO  server.RaftServerConfigKeys (ConfUtils.java:logGet(43)) - raft.server.log.appender.buffer.byte-limit = 33554432 (custom)
2019-09-29 10:45:41,452 [pool-62-thread-1] INFO  server.RaftServerConfigKeys (ConfUtils.java:logGet(43)) - raft.server.log.segment.size.max = 1048576 (custom)
2019-09-29 10:45:41,452 [pool-92-thread-1] INFO  server.RaftServerConfigKeys (ConfUtils.java:logGet(43)) - raft.server.log.segment.size.max = 1048576 (custom)
2019-09-29 10:45:41,452 [pool-62-thread-1] INFO  server.RaftServerConfigKeys (ConfUtils.java:logGet(43)) - raft.server.log.preallocated.size = 16384 (custom)
2019-09-29 10:45:41,452 [pool-72-thread-1] INFO  server.RaftServerConfigKeys (ConfUtils.java:logGet(43)) - raft.server.log.segment.size.max = 1048576 (custom)
2019-09-29 10:45:41,452 [pool-62-thread-1] INFO  server.RaftServerConfigKeys (ConfUtils.java:logGet(43)) - raft.server.log.write.buffer.size = 33554432 (custom)
2019-09-29 10:45:41,452 [pool-92-thread-1] INFO  server.RaftServerConfigKeys (ConfUtils.java:logGet(43)) - raft.server.log.segment.cache.num.max = 2 (custom)
2019-09-29 10:45:41,453 [pool-62-thread-1] INFO  server.RaftServerConfigKeys (ConfUtils.java:logGet(43)) - raft.server.log.force.sync.num = 128 (default)
2019-09-29 10:45:41,453 [pool-72-thread-1] INFO  server.RaftServerConfigKeys (ConfUtils.java:logGet(43)) - raft.server.log.segment.cache.num.max = 2 (custom)
2019-09-29 10:45:41,453 [pool-62-thread-1] INFO  server.RaftServerConfigKeys (ConfUtils.java:logGet(43)) - raft.server.log.statemachine.data.sync = true (default)
2019-09-29 10:45:41,453 [pool-92-thread-1] INFO  segmented.SegmentedRaftLogWorker (SegmentedRaftLogWorker.java:<init>(172)) - new f6b95176-143b-4dc2-a9fd-5757f55b0b36@group-DF75E291C832-SegmentedRaftLogWorker for RaftStorage:Storage Directory /workdir/hadoop-ozone/integration-test/target/test-dir/MiniOzoneClusterImpl-f2f1897c-7c9f-4d93-a036-cb01af022a4f/datanode-6/data/ratis/b9013883-e70e-4a18-8b5e-df75e291c832
2019-09-29 10:45:41,453 [pool-62-thread-1] INFO  server.RaftServerConfigKeys (ConfUtils.java:logGet(43)) - raft.server.log.statemachine.data.sync.timeout = 10s (default)
2019-09-29 10:45:41,453 [pool-72-thread-1] INFO  segmented.SegmentedRaftLogWorker (SegmentedRaftLogWorker.java:<init>(172)) - new 42e28882-afd5-40d9-af35-6e13b3e6644c@group-DF75E291C832-SegmentedRaftLogWorker for RaftStorage:Storage Directory /workdir/hadoop-ozone/integration-test/target/test-dir/MiniOzoneClusterImpl-f2f1897c-7c9f-4d93-a036-cb01af022a4f/datanode-4/data/ratis/b9013883-e70e-4a18-8b5e-df75e291c832
2019-09-29 10:45:41,453 [pool-62-thread-1] INFO  server.RaftServerConfigKeys (ConfUtils.java:logGet(43)) - raft.server.log.statemachine.data.sync.timeout.retry = -1 (default)
2019-09-29 10:45:41,453 [pool-92-thread-1] INFO  server.RaftServerConfigKeys (ConfUtils.java:logGet(43)) - raft.server.log.queue.byte-limit = 2147483647 (custom)
2019-09-29 10:45:41,453 [pool-62-thread-1] INFO  server.RaftServerConfigKeys (ConfUtils.java:logGet(43)) - raft.server.log.statemachine.data.caching.enabled = true (custom)
2019-09-29 10:45:41,453 [pool-72-thread-1] INFO  server.RaftServerConfigKeys (ConfUtils.java:logGet(43)) - raft.server.log.queue.byte-limit = 2147483647 (custom)
2019-09-29 10:45:41,454 [pool-92-thread-1] INFO  server.RaftServerConfigKeys (ConfUtils.java:logGet(43)) - raft.server.log.queue.element-limit = 1024 (custom)
2019-09-29 10:45:41,454 [pool-62-thread-1] INFO  segmented.SegmentedRaftLogWorker (SegmentedRaftLogWorker.java:lambda$new$0(132)) - db756f0c-6aee-46d9-ae72-02f4945ba453@group-DF75E291C832-SegmentedRaftLogWorker: flushIndex: setUnconditionally 0 -> -1
2019-09-29 10:45:41,454 [pool-72-thread-1] INFO  server.RaftServerConfigKeys (ConfUtils.java:logGet(43)) - raft.server.log.queue.element-limit = 1024 (custom)
2019-09-29 10:45:41,454 [pool-92-thread-1] INFO  server.RaftServerConfigKeys (ConfUtils.java:logGet(43)) - raft.server.log.segment.size.max = 1048576 (custom)
2019-09-29 10:45:41,454 [pool-62-thread-1] INFO  server.RaftServerConfigKeys (ConfUtils.java:logGet(43)) - raft.server.snapshot.auto.trigger.enabled = true (custom)
2019-09-29 10:45:41,454 [pool-72-thread-1] INFO  server.RaftServerConfigKeys (ConfUtils.java:logGet(43)) - raft.server.log.segment.size.max = 1048576 (custom)
2019-09-29 10:45:41,454 [pool-62-thread-1] INFO  server.RaftServerConfigKeys (ConfUtils.java:logGet(43)) - raft.server.snapshot.auto.trigger.threshold = 10000 (custom)
2019-09-29 10:45:41,454 [pool-92-thread-1] INFO  server.RaftServerConfigKeys (ConfUtils.java:logGet(43)) - raft.server.log.preallocated.size = 16384 (custom)
2019-09-29 10:45:41,454 [pool-62-thread-1] INFO  server.RaftServerConfigKeys (ConfUtils.java:logGet(43)) - raft.server.snapshot.retention.num.files = 5 (custom)
2019-09-29 10:45:41,454 [pool-72-thread-1] INFO  server.RaftServerConfigKeys (ConfUtils.java:logGet(43)) - raft.server.log.preallocated.size = 16384 (custom)
2019-09-29 10:45:41,455 [pool-62-thread-1] INFO  server.RaftServerConfigKeys (ConfUtils.java:logGet(43)) - raft.server.retrycache.expirytime = 600000ms (custom)
2019-09-29 10:45:41,455 [pool-92-thread-1] INFO  server.RaftServerConfigKeys (ConfUtils.java:logGet(43)) - raft.server.log.write.buffer.size = 33554432 (custom)
2019-09-29 10:45:41,455 [pool-72-thread-1] INFO  server.RaftServerConfigKeys (ConfUtils.java:logGet(43)) - raft.server.log.write.buffer.size = 33554432 (custom)
2019-09-29 10:45:41,455 [pool-92-thread-1] INFO  server.RaftServerConfigKeys (ConfUtils.java:logGet(43)) - raft.server.log.force.sync.num = 128 (default)
2019-09-29 10:45:41,455 [pool-72-thread-1] INFO  server.RaftServerConfigKeys (ConfUtils.java:logGet(43)) - raft.server.log.force.sync.num = 128 (default)
2019-09-29 10:45:41,455 [pool-92-thread-1] INFO  server.RaftServerConfigKeys (ConfUtils.java:logGet(43)) - raft.server.log.statemachine.data.sync = true (default)
2019-09-29 10:45:41,455 [pool-72-thread-1] INFO  server.RaftServerConfigKeys (ConfUtils.java:logGet(43)) - raft.server.log.statemachine.data.sync = true (default)
2019-09-29 10:45:41,455 [pool-92-thread-1] INFO  server.RaftServerConfigKeys (ConfUtils.java:logGet(43)) - raft.server.log.statemachine.data.sync.timeout = 10s (default)
2019-09-29 10:45:41,456 [pool-72-thread-1] INFO  server.RaftServerConfigKeys (ConfUtils.java:logGet(43)) - raft.server.log.statemachine.data.sync.timeout = 10s (default)
2019-09-29 10:45:41,456 [pool-92-thread-1] INFO  server.RaftServerConfigKeys (ConfUtils.java:logGet(43)) - raft.server.log.statemachine.data.sync.timeout.retry = -1 (default)
2019-09-29 10:45:41,456 [pool-72-thread-1] INFO  server.RaftServerConfigKeys (ConfUtils.java:logGet(43)) - raft.server.log.statemachine.data.sync.timeout.retry = -1 (default)
2019-09-29 10:45:41,456 [pool-92-thread-1] INFO  server.RaftServerConfigKeys (ConfUtils.java:logGet(43)) - raft.server.log.statemachine.data.caching.enabled = true (custom)
2019-09-29 10:45:41,456 [pool-72-thread-1] INFO  server.RaftServerConfigKeys (ConfUtils.java:logGet(43)) - raft.server.log.statemachine.data.caching.enabled = true (custom)
2019-09-29 10:45:41,456 [pool-92-thread-1] INFO  segmented.SegmentedRaftLogWorker (SegmentedRaftLogWorker.java:lambda$new$0(132)) - f6b95176-143b-4dc2-a9fd-5757f55b0b36@group-DF75E291C832-SegmentedRaftLogWorker: flushIndex: setUnconditionally 0 -> -1
2019-09-29 10:45:41,456 [pool-72-thread-1] INFO  segmented.SegmentedRaftLogWorker (SegmentedRaftLogWorker.java:lambda$new$0(132)) - 42e28882-afd5-40d9-af35-6e13b3e6644c@group-DF75E291C832-SegmentedRaftLogWorker: flushIndex: setUnconditionally 0 -> -1
2019-09-29 10:45:41,457 [pool-92-thread-1] INFO  server.RaftServerConfigKeys (ConfUtils.java:logGet(43)) - raft.server.snapshot.auto.trigger.enabled = true (custom)
2019-09-29 10:45:41,457 [pool-92-thread-1] INFO  server.RaftServerConfigKeys (ConfUtils.java:logGet(43)) - raft.server.snapshot.auto.trigger.threshold = 10000 (custom)
2019-09-29 10:45:41,457 [pool-72-thread-1] INFO  server.RaftServerConfigKeys (ConfUtils.java:logGet(43)) - raft.server.snapshot.auto.trigger.enabled = true (custom)
2019-09-29 10:45:41,457 [pool-92-thread-1] INFO  server.RaftServerConfigKeys (ConfUtils.java:logGet(43)) - raft.server.snapshot.retention.num.files = 5 (custom)
2019-09-29 10:45:41,457 [pool-72-thread-1] INFO  server.RaftServerConfigKeys (ConfUtils.java:logGet(43)) - raft.server.snapshot.auto.trigger.threshold = 10000 (custom)
2019-09-29 10:45:41,457 [pool-72-thread-1] INFO  server.RaftServerConfigKeys (ConfUtils.java:logGet(43)) - raft.server.snapshot.retention.num.files = 5 (custom)
2019-09-29 10:45:41,457 [pool-92-thread-1] INFO  server.RaftServerConfigKeys (ConfUtils.java:logGet(43)) - raft.server.retrycache.expirytime = 600000ms (custom)
2019-09-29 10:45:41,457 [pool-72-thread-1] INFO  server.RaftServerConfigKeys (ConfUtils.java:logGet(43)) - raft.server.retrycache.expirytime = 600000ms (custom)
2019-09-29 10:45:41,457 [pool-62-thread-1] INFO  impl.RaftServerImpl (RaftServerImpl.java:start(185)) - db756f0c-6aee-46d9-ae72-02f4945ba453@group-DF75E291C832: start as a follower, conf=-1: [f6b95176-143b-4dc2-a9fd-5757f55b0b36:192.168.164.250:36206, db756f0c-6aee-46d9-ae72-02f4945ba453:192.168.164.250:33209, 42e28882-afd5-40d9-af35-6e13b3e6644c:192.168.164.250:45196], old=null
2019-09-29 10:45:41,458 [pool-62-thread-1] INFO  impl.RaftServerImpl (RaftServerImpl.java:setRole(174)) - db756f0c-6aee-46d9-ae72-02f4945ba453@group-DF75E291C832: changes role from      null to FOLLOWER at term 0 for startAsFollower
2019-09-29 10:45:41,458 [pool-62-thread-1] INFO  impl.RoleInfo (RoleInfo.java:updateAndGet(143)) - db756f0c-6aee-46d9-ae72-02f4945ba453: start FollowerState
2019-09-29 10:45:41,458 [pool-62-thread-1] INFO  util.JmxRegister (JmxRegister.java:tryRegister(44)) - Successfully registered JMX Bean with object name Ratis:service=RaftServer,group=group-DF75E291C832,id=db756f0c-6aee-46d9-ae72-02f4945ba453
2019-09-29 10:45:41,462 [pool-92-thread-1] INFO  impl.RaftServerImpl (RaftServerImpl.java:start(185)) - f6b95176-143b-4dc2-a9fd-5757f55b0b36@group-DF75E291C832: start as a follower, conf=-1: [f6b95176-143b-4dc2-a9fd-5757f55b0b36:192.168.164.250:36206, db756f0c-6aee-46d9-ae72-02f4945ba453:192.168.164.250:33209, 42e28882-afd5-40d9-af35-6e13b3e6644c:192.168.164.250:45196], old=null
2019-09-29 10:45:41,462 [pool-92-thread-1] INFO  impl.RaftServerImpl (RaftServerImpl.java:setRole(174)) - f6b95176-143b-4dc2-a9fd-5757f55b0b36@group-DF75E291C832: changes role from      null to FOLLOWER at term 0 for startAsFollower
2019-09-29 10:45:41,462 [pool-92-thread-1] INFO  impl.RoleInfo (RoleInfo.java:updateAndGet(143)) - f6b95176-143b-4dc2-a9fd-5757f55b0b36: start FollowerState
2019-09-29 10:45:41,462 [pool-72-thread-1] INFO  impl.RaftServerImpl (RaftServerImpl.java:start(185)) - 42e28882-afd5-40d9-af35-6e13b3e6644c@group-DF75E291C832: start as a follower, conf=-1: [f6b95176-143b-4dc2-a9fd-5757f55b0b36:192.168.164.250:36206, db756f0c-6aee-46d9-ae72-02f4945ba453:192.168.164.250:33209, 42e28882-afd5-40d9-af35-6e13b3e6644c:192.168.164.250:45196], old=null
2019-09-29 10:45:41,462 [pool-72-thread-1] INFO  impl.RaftServerImpl (RaftServerImpl.java:setRole(174)) - 42e28882-afd5-40d9-af35-6e13b3e6644c@group-DF75E291C832: changes role from      null to FOLLOWER at term 0 for startAsFollower
2019-09-29 10:45:41,462 [pool-92-thread-1] INFO  util.JmxRegister (JmxRegister.java:tryRegister(44)) - Successfully registered JMX Bean with object name Ratis:service=RaftServer,group=group-DF75E291C832,id=f6b95176-143b-4dc2-a9fd-5757f55b0b36
2019-09-29 10:45:41,462 [pool-72-thread-1] INFO  impl.RoleInfo (RoleInfo.java:updateAndGet(143)) - 42e28882-afd5-40d9-af35-6e13b3e6644c: start FollowerState
2019-09-29 10:45:41,462 [pool-72-thread-1] INFO  util.JmxRegister (JmxRegister.java:tryRegister(44)) - Successfully registered JMX Bean with object name Ratis:service=RaftServer,group=group-DF75E291C832,id=42e28882-afd5-40d9-af35-6e13b3e6644c
2019-09-29 10:45:41,469 [RatisPipelineUtilsThread] INFO  pipeline.PipelineStateManager (PipelineStateManager.java:addPipeline(56)) - Created pipeline Pipeline[ Id: b9013883-e70e-4a18-8b5e-df75e291c832, Nodes: f6b95176-143b-4dc2-a9fd-5757f55b0b36{ip: 192.168.164.250, host: pr-hdds-1569-p5qg8-3770903209, networkLocation: /default-rack, certSerialId: null}42e28882-afd5-40d9-af35-6e13b3e6644c{ip: 192.168.164.250, host: pr-hdds-1569-p5qg8-3770903209, networkLocation: /default-rack, certSerialId: null}db756f0c-6aee-46d9-ae72-02f4945ba453{ip: 192.168.164.250, host: pr-hdds-1569-p5qg8-3770903209, networkLocation: /default-rack, certSerialId: null}, Type:RATIS, Factor:THREE, State:OPEN]
2019-09-29 10:45:41,483 [grpc-default-executor-2] INFO  impl.RaftServerProxy (RaftServerProxy.java:addNew(89)) - f6b95176-143b-4dc2-a9fd-5757f55b0b36: addNew group-3B715C885BAF:[f6b95176-143b-4dc2-a9fd-5757f55b0b36:192.168.164.250:36206, db756f0c-6aee-46d9-ae72-02f4945ba453:192.168.164.250:33209, 42e28882-afd5-40d9-af35-6e13b3e6644c:192.168.164.250:45196] returns group-3B715C885BAF:java.util.concurrent.CompletableFuture@196073fb[Not completed]
2019-09-29 10:45:41,483 [grpc-default-executor-0] INFO  impl.RaftServerProxy (RaftServerProxy.java:addNew(89)) - db756f0c-6aee-46d9-ae72-02f4945ba453: addNew group-3B715C885BAF:[f6b95176-143b-4dc2-a9fd-5757f55b0b36:192.168.164.250:36206, db756f0c-6aee-46d9-ae72-02f4945ba453:192.168.164.250:33209, 42e28882-afd5-40d9-af35-6e13b3e6644c:192.168.164.250:45196] returns group-3B715C885BAF:java.util.concurrent.CompletableFuture@1d8c151d[Not completed]
2019-09-29 10:45:41,483 [grpc-default-executor-1] INFO  impl.RaftServerProxy (RaftServerProxy.java:addNew(89)) - 42e28882-afd5-40d9-af35-6e13b3e6644c: addNew group-3B715C885BAF:[f6b95176-143b-4dc2-a9fd-5757f55b0b36:192.168.164.250:36206, db756f0c-6aee-46d9-ae72-02f4945ba453:192.168.164.250:33209, 42e28882-afd5-40d9-af35-6e13b3e6644c:192.168.164.250:45196] returns group-3B715C885BAF:java.util.concurrent.CompletableFuture@76fe7d1f[Not completed]
2019-09-29 10:45:41,487 [pool-72-thread-1] INFO  impl.RaftServerImpl (RaftServerImpl.java:<init>(95)) - 42e28882-afd5-40d9-af35-6e13b3e6644c: new RaftServerImpl for group-3B715C885BAF:[f6b95176-143b-4dc2-a9fd-5757f55b0b36:192.168.164.250:36206, db756f0c-6aee-46d9-ae72-02f4945ba453:192.168.164.250:33209, 42e28882-afd5-40d9-af35-6e13b3e6644c:192.168.164.250:45196] with ContainerStateMachine:uninitialized
2019-09-29 10:45:41,487 [pool-72-thread-1] INFO  server.RaftServerConfigKeys (ConfUtils.java:logGet(43)) - raft.server.rpc.timeout.min = 5s (custom)
2019-09-29 10:45:41,487 [pool-72-thread-1] INFO  server.RaftServerConfigKeys (ConfUtils.java:logGet(43)) - raft.server.rpc.timeout.max = 5200ms (custom)
2019-09-29 10:45:41,487 [pool-72-thread-1] INFO  server.RaftServerConfigKeys (ConfUtils.java:logGet(43)) - raft.server.rpcslowness.timeout = 120s (custom)
2019-09-29 10:45:41,487 [pool-72-thread-1] INFO  server.RaftServerConfigKeys (ConfUtils.java:logGet(43)) - raft.server.sleep.deviation.threshold = 300 (default)
2019-09-29 10:45:41,487 [pool-72-thread-1] INFO  server.RaftServerConfigKeys (ConfUtils.java:logGet(43)) - raft.server.log.appender.install.snapshot.enabled = false (custom)
2019-09-29 10:45:41,487 [pool-62-thread-1] INFO  impl.RaftServerImpl (RaftServerImpl.java:<init>(95)) - db756f0c-6aee-46d9-ae72-02f4945ba453: new RaftServerImpl for group-3B715C885BAF:[f6b95176-143b-4dc2-a9fd-5757f55b0b36:192.168.164.250:36206, db756f0c-6aee-46d9-ae72-02f4945ba453:192.168.164.250:33209, 42e28882-afd5-40d9-af35-6e13b3e6644c:192.168.164.250:45196] with ContainerStateMachine:uninitialized
2019-09-29 10:45:41,487 [pool-72-thread-1] INFO  impl.RaftServerImpl (ServerState.java:<init>(103)) - 42e28882-afd5-40d9-af35-6e13b3e6644c@group-3B715C885BAF: ConfigurationManager, init=-1: [f6b95176-143b-4dc2-a9fd-5757f55b0b36:192.168.164.250:36206, db756f0c-6aee-46d9-ae72-02f4945ba453:192.168.164.250:33209, 42e28882-afd5-40d9-af35-6e13b3e6644c:192.168.164.250:45196], old=null, confs=<EMPTY_MAP>
2019-09-29 10:45:41,487 [pool-62-thread-1] INFO  server.RaftServerConfigKeys (ConfUtils.java:logGet(43)) - raft.server.rpc.timeout.min = 5s (custom)
2019-09-29 10:45:41,488 [pool-72-thread-1] INFO  server.RaftServerConfigKeys (ConfUtils.java:logGet(43)) - raft.server.storage.dir = [/workdir/hadoop-ozone/integration-test/target/test-dir/MiniOzoneClusterImpl-f2f1897c-7c9f-4d93-a036-cb01af022a4f/datanode-4/data/ratis] (custom)
2019-09-29 10:45:41,488 [pool-62-thread-1] INFO  server.RaftServerConfigKeys (ConfUtils.java:logGet(43)) - raft.server.rpc.timeout.max = 5200ms (custom)
2019-09-29 10:45:41,488 [pool-62-thread-1] INFO  server.RaftServerConfigKeys (ConfUtils.java:logGet(43)) - raft.server.rpcslowness.timeout = 120s (custom)
2019-09-29 10:45:41,488 [pool-72-thread-1] INFO  storage.RaftStorageDirectory (RaftStorageDirectory.java:analyzeStorage(246)) - The storage directory /workdir/hadoop-ozone/integration-test/target/test-dir/MiniOzoneClusterImpl-f2f1897c-7c9f-4d93-a036-cb01af022a4f/datanode-4/data/ratis/36d652bd-c0cf-4eac-aafb-3b715c885baf does not exist. Creating ...
2019-09-29 10:45:41,488 [pool-62-thread-1] INFO  server.RaftServerConfigKeys (ConfUtils.java:logGet(43)) - raft.server.sleep.deviation.threshold = 300 (default)
2019-09-29 10:45:41,488 [pool-62-thread-1] INFO  server.RaftServerConfigKeys (ConfUtils.java:logGet(43)) - raft.server.log.appender.install.snapshot.enabled = false (custom)
2019-09-29 10:45:41,488 [pool-92-thread-1] INFO  impl.RaftServerImpl (RaftServerImpl.java:<init>(95)) - f6b95176-143b-4dc2-a9fd-5757f55b0b36: new RaftServerImpl for group-3B715C885BAF:[f6b95176-143b-4dc2-a9fd-5757f55b0b36:192.168.164.250:36206, db756f0c-6aee-46d9-ae72-02f4945ba453:192.168.164.250:33209, 42e28882-afd5-40d9-af35-6e13b3e6644c:192.168.164.250:45196] with ContainerStateMachine:uninitialized
2019-09-29 10:45:41,489 [pool-62-thread-1] INFO  impl.RaftServerImpl (ServerState.java:<init>(103)) - db756f0c-6aee-46d9-ae72-02f4945ba453@group-3B715C885BAF: ConfigurationManager, init=-1: [f6b95176-143b-4dc2-a9fd-5757f55b0b36:192.168.164.250:36206, db756f0c-6aee-46d9-ae72-02f4945ba453:192.168.164.250:33209, 42e28882-afd5-40d9-af35-6e13b3e6644c:192.168.164.250:45196], old=null, confs=<EMPTY_MAP>
2019-09-29 10:45:41,489 [pool-92-thread-1] INFO  server.RaftServerConfigKeys (ConfUtils.java:logGet(43)) - raft.server.rpc.timeout.min = 5s (custom)
2019-09-29 10:45:41,489 [pool-62-thread-1] INFO  server.RaftServerConfigKeys (ConfUtils.java:logGet(43)) - raft.server.storage.dir = [/workdir/hadoop-ozone/integration-test/target/test-dir/MiniOzoneClusterImpl-f2f1897c-7c9f-4d93-a036-cb01af022a4f/datanode-3/data/ratis] (custom)
2019-09-29 10:45:41,489 [pool-92-thread-1] INFO  server.RaftServerConfigKeys (ConfUtils.java:logGet(43)) - raft.server.rpc.timeout.max = 5200ms (custom)
2019-09-29 10:45:41,489 [pool-92-thread-1] INFO  server.RaftServerConfigKeys (ConfUtils.java:logGet(43)) - raft.server.rpcslowness.timeout = 120s (custom)
2019-09-29 10:45:41,489 [pool-62-thread-1] INFO  storage.RaftStorageDirectory (RaftStorageDirectory.java:analyzeStorage(246)) - The storage directory /workdir/hadoop-ozone/integration-test/target/test-dir/MiniOzoneClusterImpl-f2f1897c-7c9f-4d93-a036-cb01af022a4f/datanode-3/data/ratis/36d652bd-c0cf-4eac-aafb-3b715c885baf does not exist. Creating ...
2019-09-29 10:45:41,489 [pool-92-thread-1] INFO  server.RaftServerConfigKeys (ConfUtils.java:logGet(43)) - raft.server.sleep.deviation.threshold = 300 (default)
2019-09-29 10:45:41,489 [pool-92-thread-1] INFO  server.RaftServerConfigKeys (ConfUtils.java:logGet(43)) - raft.server.log.appender.install.snapshot.enabled = false (custom)
2019-09-29 10:45:41,490 [pool-92-thread-1] INFO  impl.RaftServerImpl (ServerState.java:<init>(103)) - f6b95176-143b-4dc2-a9fd-5757f55b0b36@group-3B715C885BAF: ConfigurationManager, init=-1: [f6b95176-143b-4dc2-a9fd-5757f55b0b36:192.168.164.250:36206, db756f0c-6aee-46d9-ae72-02f4945ba453:192.168.164.250:33209, 42e28882-afd5-40d9-af35-6e13b3e6644c:192.168.164.250:45196], old=null, confs=<EMPTY_MAP>
2019-09-29 10:45:41,490 [pool-92-thread-1] INFO  server.RaftServerConfigKeys (ConfUtils.java:logGet(43)) - raft.server.storage.dir = [/workdir/hadoop-ozone/integration-test/target/test-dir/MiniOzoneClusterImpl-f2f1897c-7c9f-4d93-a036-cb01af022a4f/datanode-6/data/ratis] (custom)
2019-09-29 10:45:41,490 [pool-92-thread-1] INFO  storage.RaftStorageDirectory (RaftStorageDirectory.java:analyzeStorage(246)) - The storage directory /workdir/hadoop-ozone/integration-test/target/test-dir/MiniOzoneClusterImpl-f2f1897c-7c9f-4d93-a036-cb01af022a4f/datanode-6/data/ratis/36d652bd-c0cf-4eac-aafb-3b715c885baf does not exist. Creating ...
2019-09-29 10:45:41,500 [pool-72-thread-1] INFO  storage.RaftStorageDirectory (RaftStorageDirectory.java:tryLock(328)) - Lock on /workdir/hadoop-ozone/integration-test/target/test-dir/MiniOzoneClusterImpl-f2f1897c-7c9f-4d93-a036-cb01af022a4f/datanode-4/data/ratis/36d652bd-c0cf-4eac-aafb-3b715c885baf/in_use.lock acquired by nodename 23044@pr-hdds-1569-p5qg8-3770903209
2019-09-29 10:45:41,500 [pool-92-thread-1] INFO  storage.RaftStorageDirectory (RaftStorageDirectory.java:tryLock(328)) - Lock on /workdir/hadoop-ozone/integration-test/target/test-dir/MiniOzoneClusterImpl-f2f1897c-7c9f-4d93-a036-cb01af022a4f/datanode-6/data/ratis/36d652bd-c0cf-4eac-aafb-3b715c885baf/in_use.lock acquired by nodename 23044@pr-hdds-1569-p5qg8-3770903209
2019-09-29 10:45:41,500 [pool-62-thread-1] INFO  storage.RaftStorageDirectory (RaftStorageDirectory.java:tryLock(328)) - Lock on /workdir/hadoop-ozone/integration-test/target/test-dir/MiniOzoneClusterImpl-f2f1897c-7c9f-4d93-a036-cb01af022a4f/datanode-3/data/ratis/36d652bd-c0cf-4eac-aafb-3b715c885baf/in_use.lock acquired by nodename 23044@pr-hdds-1569-p5qg8-3770903209
2019-09-29 10:45:41,506 [pool-62-thread-1] INFO  storage.RaftStorage (RaftStorage.java:format(72)) - Storage directory /workdir/hadoop-ozone/integration-test/target/test-dir/MiniOzoneClusterImpl-f2f1897c-7c9f-4d93-a036-cb01af022a4f/datanode-3/data/ratis/36d652bd-c0cf-4eac-aafb-3b715c885baf has been successfully formatted.
2019-09-29 10:45:41,506 [pool-72-thread-1] INFO  storage.RaftStorage (RaftStorage.java:format(72)) - Storage directory /workdir/hadoop-ozone/integration-test/target/test-dir/MiniOzoneClusterImpl-f2f1897c-7c9f-4d93-a036-cb01af022a4f/datanode-4/data/ratis/36d652bd-c0cf-4eac-aafb-3b715c885baf has been successfully formatted.
2019-09-29 10:45:41,506 [pool-62-thread-1] INFO  ratis.ContainerStateMachine (ContainerStateMachine.java:loadSnapshot(230)) - group-3B715C885BAF: The snapshot info is null. Setting the last applied indexto:(t:0, i:~)
2019-09-29 10:45:41,506 [pool-62-thread-1] INFO  server.RaftServerConfigKeys (ConfUtils.java:logGet(43)) - raft.server.notification.no-leader.timeout = 120s (custom)
2019-09-29 10:45:41,506 [pool-92-thread-1] INFO  storage.RaftStorage (RaftStorage.java:format(72)) - Storage directory /workdir/hadoop-ozone/integration-test/target/test-dir/MiniOzoneClusterImpl-f2f1897c-7c9f-4d93-a036-cb01af022a4f/datanode-6/data/ratis/36d652bd-c0cf-4eac-aafb-3b715c885baf has been successfully formatted.
2019-09-29 10:45:41,506 [pool-92-thread-1] INFO  ratis.ContainerStateMachine (ContainerStateMachine.java:loadSnapshot(230)) - group-3B715C885BAF: The snapshot info is null. Setting the last applied indexto:(t:0, i:~)
2019-09-29 10:45:41,506 [pool-92-thread-1] INFO  server.RaftServerConfigKeys (ConfUtils.java:logGet(43)) - raft.server.notification.no-leader.timeout = 120s (custom)
2019-09-29 10:45:41,506 [pool-92-thread-1] INFO  server.RaftServerConfigKeys (ConfUtils.java:logGet(43)) - raft.server.log.use.memory = false (default)
2019-09-29 10:45:41,506 [pool-92-thread-1] INFO  server.RaftServerConfigKeys (ConfUtils.java:logGet(43)) - raft.server.log.purge.gap = 1000000 (custom)
2019-09-29 10:45:41,507 [pool-92-thread-1] INFO  server.RaftServerConfigKeys (ConfUtils.java:logGet(43)) - raft.server.log.appender.buffer.byte-limit = 33554432 (custom)
2019-09-29 10:45:41,507 [pool-92-thread-1] INFO  server.RaftServerConfigKeys (ConfUtils.java:logGet(43)) - raft.server.log.segment.size.max = 1048576 (custom)
2019-09-29 10:45:41,507 [pool-92-thread-1] INFO  server.RaftServerConfigKeys (ConfUtils.java:logGet(43)) - raft.server.log.segment.cache.num.max = 2 (custom)
2019-09-29 10:45:41,507 [pool-92-thread-1] INFO  segmented.SegmentedRaftLogWorker (SegmentedRaftLogWorker.java:<init>(172)) - new f6b95176-143b-4dc2-a9fd-5757f55b0b36@group-3B715C885BAF-SegmentedRaftLogWorker for RaftStorage:Storage Directory /workdir/hadoop-ozone/integration-test/target/test-dir/MiniOzoneClusterImpl-f2f1897c-7c9f-4d93-a036-cb01af022a4f/datanode-6/data/ratis/36d652bd-c0cf-4eac-aafb-3b715c885baf
2019-09-29 10:45:41,507 [pool-92-thread-1] INFO  server.RaftServerConfigKeys (ConfUtils.java:logGet(43)) - raft.server.log.queue.byte-limit = 2147483647 (custom)
2019-09-29 10:45:41,507 [pool-92-thread-1] INFO  server.RaftServerConfigKeys (ConfUtils.java:logGet(43)) - raft.server.log.queue.element-limit = 1024 (custom)
2019-09-29 10:45:41,507 [pool-92-thread-1] INFO  server.RaftServerConfigKeys (ConfUtils.java:logGet(43)) - raft.server.log.segment.size.max = 1048576 (custom)
2019-09-29 10:45:41,508 [pool-92-thread-1] INFO  server.RaftServerConfigKeys (ConfUtils.java:logGet(43)) - raft.server.log.preallocated.size = 16384 (custom)
2019-09-29 10:45:41,508 [pool-92-thread-1] INFO  server.RaftServerConfigKeys (ConfUtils.java:logGet(43)) - raft.server.log.write.buffer.size = 33554432 (custom)
2019-09-29 10:45:41,508 [pool-92-thread-1] INFO  server.RaftServerConfigKeys (ConfUtils.java:logGet(43)) - raft.server.log.force.sync.num = 128 (default)
2019-09-29 10:45:41,508 [pool-92-thread-1] INFO  server.RaftServerConfigKeys (ConfUtils.java:logGet(43)) - raft.server.log.statemachine.data.sync = true (default)
2019-09-29 10:45:41,508 [pool-92-thread-1] INFO  server.RaftServerConfigKeys (ConfUtils.java:logGet(43)) - raft.server.log.statemachine.data.sync.timeout = 10s (default)
2019-09-29 10:45:41,508 [pool-92-thread-1] INFO  server.RaftServerConfigKeys (ConfUtils.java:logGet(43)) - raft.server.log.statemachine.data.sync.timeout.retry = -1 (default)
2019-09-29 10:45:41,508 [pool-92-thread-1] INFO  server.RaftServerConfigKeys (ConfUtils.java:logGet(43)) - raft.server.log.statemachine.data.caching.enabled = true (custom)
2019-09-29 10:45:41,509 [pool-92-thread-1] INFO  segmented.SegmentedRaftLogWorker (SegmentedRaftLogWorker.java:lambda$new$0(132)) - f6b95176-143b-4dc2-a9fd-5757f55b0b36@group-3B715C885BAF-SegmentedRaftLogWorker: flushIndex: setUnconditionally 0 -> -1
2019-09-29 10:45:41,506 [pool-72-thread-1] INFO  ratis.ContainerStateMachine (ContainerStateMachine.java:loadSnapshot(230)) - group-3B715C885BAF: The snapshot info is null. Setting the last applied indexto:(t:0, i:~)
2019-09-29 10:45:41,506 [pool-62-thread-1] INFO  server.RaftServerConfigKeys (ConfUtils.java:logGet(43)) - raft.server.log.use.memory = false (default)
2019-09-29 10:45:41,509 [pool-72-thread-1] INFO  server.RaftServerConfigKeys (ConfUtils.java:logGet(43)) - raft.server.notification.no-leader.timeout = 120s (custom)
2019-09-29 10:45:41,509 [pool-92-thread-1] INFO  server.RaftServerConfigKeys (ConfUtils.java:logGet(43)) - raft.server.snapshot.auto.trigger.enabled = true (custom)
2019-09-29 10:45:41,509 [pool-72-thread-1] INFO  server.RaftServerConfigKeys (ConfUtils.java:logGet(43)) - raft.server.log.use.memory = false (default)
2019-09-29 10:45:41,509 [pool-62-thread-1] INFO  server.RaftServerConfigKeys (ConfUtils.java:logGet(43)) - raft.server.log.purge.gap = 1000000 (custom)
2019-09-29 10:45:41,509 [pool-72-thread-1] INFO  server.RaftServerConfigKeys (ConfUtils.java:logGet(43)) - raft.server.log.purge.gap = 1000000 (custom)
2019-09-29 10:45:41,509 [pool-92-thread-1] INFO  server.RaftServerConfigKeys (ConfUtils.java:logGet(43)) - raft.server.snapshot.auto.trigger.threshold = 10000 (custom)
2019-09-29 10:45:41,509 [pool-72-thread-1] INFO  server.RaftServerConfigKeys (ConfUtils.java:logGet(43)) - raft.server.log.appender.buffer.byte-limit = 33554432 (custom)
2019-09-29 10:45:41,509 [pool-62-thread-1] INFO  server.RaftServerConfigKeys (ConfUtils.java:logGet(43)) - raft.server.log.appender.buffer.byte-limit = 33554432 (custom)
2019-09-29 10:45:41,510 [pool-72-thread-1] INFO  server.RaftServerConfigKeys (ConfUtils.java:logGet(43)) - raft.server.log.segment.size.max = 1048576 (custom)
2019-09-29 10:45:41,510 [pool-92-thread-1] INFO  server.RaftServerConfigKeys (ConfUtils.java:logGet(43)) - raft.server.snapshot.retention.num.files = 5 (custom)
2019-09-29 10:45:41,510 [pool-72-thread-1] INFO  server.RaftServerConfigKeys (ConfUtils.java:logGet(43)) - raft.server.log.segment.cache.num.max = 2 (custom)
2019-09-29 10:45:41,510 [pool-62-thread-1] INFO  server.RaftServerConfigKeys (ConfUtils.java:logGet(43)) - raft.server.log.segment.size.max = 1048576 (custom)
2019-09-29 10:45:41,510 [pool-72-thread-1] INFO  segmented.SegmentedRaftLogWorker (SegmentedRaftLogWorker.java:<init>(172)) - new 42e28882-afd5-40d9-af35-6e13b3e6644c@group-3B715C885BAF-SegmentedRaftLogWorker for RaftStorage:Storage Directory /workdir/hadoop-ozone/integration-test/target/test-dir/MiniOzoneClusterImpl-f2f1897c-7c9f-4d93-a036-cb01af022a4f/datanode-4/data/ratis/36d652bd-c0cf-4eac-aafb-3b715c885baf
2019-09-29 10:45:41,510 [pool-92-thread-1] INFO  server.RaftServerConfigKeys (ConfUtils.java:logGet(43)) - raft.server.retrycache.expirytime = 600000ms (custom)
2019-09-29 10:45:41,510 [pool-72-thread-1] INFO  server.RaftServerConfigKeys (ConfUtils.java:logGet(43)) - raft.server.log.queue.byte-limit = 2147483647 (custom)
2019-09-29 10:45:41,510 [pool-62-thread-1] INFO  server.RaftServerConfigKeys (ConfUtils.java:logGet(43)) - raft.server.log.segment.cache.num.max = 2 (custom)
2019-09-29 10:45:41,510 [pool-72-thread-1] INFO  server.RaftServerConfigKeys (ConfUtils.java:logGet(43)) - raft.server.log.queue.element-limit = 1024 (custom)
2019-09-29 10:45:41,511 [pool-62-thread-1] INFO  segmented.SegmentedRaftLogWorker (SegmentedRaftLogWorker.java:<init>(172)) - new db756f0c-6aee-46d9-ae72-02f4945ba453@group-3B715C885BAF-SegmentedRaftLogWorker for RaftStorage:Storage Directory /workdir/hadoop-ozone/integration-test/target/test-dir/MiniOzoneClusterImpl-f2f1897c-7c9f-4d93-a036-cb01af022a4f/datanode-3/data/ratis/36d652bd-c0cf-4eac-aafb-3b715c885baf
2019-09-29 10:45:41,511 [pool-72-thread-1] INFO  server.RaftServerConfigKeys (ConfUtils.java:logGet(43)) - raft.server.log.segment.size.max = 1048576 (custom)
2019-09-29 10:45:41,511 [pool-62-thread-1] INFO  server.RaftServerConfigKeys (ConfUtils.java:logGet(43)) - raft.server.log.queue.byte-limit = 2147483647 (custom)
2019-09-29 10:45:41,511 [pool-72-thread-1] INFO  server.RaftServerConfigKeys (ConfUtils.java:logGet(43)) - raft.server.log.preallocated.size = 16384 (custom)
2019-09-29 10:45:41,511 [pool-62-thread-1] INFO  server.RaftServerConfigKeys (ConfUtils.java:logGet(43)) - raft.server.log.queue.element-limit = 1024 (custom)
2019-09-29 10:45:41,511 [pool-72-thread-1] INFO  server.RaftServerConfigKeys (ConfUtils.java:logGet(43)) - raft.server.log.write.buffer.size = 33554432 (custom)
2019-09-29 10:45:41,511 [pool-62-thread-1] INFO  server.RaftServerConfigKeys (ConfUtils.java:logGet(43)) - raft.server.log.segment.size.max = 1048576 (custom)
2019-09-29 10:45:41,511 [pool-72-thread-1] INFO  server.RaftServerConfigKeys (ConfUtils.java:logGet(43)) - raft.server.log.force.sync.num = 128 (default)
2019-09-29 10:45:41,511 [pool-62-thread-1] INFO  server.RaftServerConfigKeys (ConfUtils.java:logGet(43)) - raft.server.log.preallocated.size = 16384 (custom)
2019-09-29 10:45:41,512 [pool-72-thread-1] INFO  server.RaftServerConfigKeys (ConfUtils.java:logGet(43)) - raft.server.log.statemachine.data.sync = true (default)
2019-09-29 10:45:41,512 [pool-62-thread-1] INFO  server.RaftServerConfigKeys (ConfUtils.java:logGet(43)) - raft.server.log.write.buffer.size = 33554432 (custom)
2019-09-29 10:45:41,512 [pool-72-thread-1] INFO  server.RaftServerConfigKeys (ConfUtils.java:logGet(43)) - raft.server.log.statemachine.data.sync.timeout = 10s (default)
2019-09-29 10:45:41,512 [pool-62-thread-1] INFO  server.RaftServerConfigKeys (ConfUtils.java:logGet(43)) - raft.server.log.force.sync.num = 128 (default)
2019-09-29 10:45:41,512 [pool-72-thread-1] INFO  server.RaftServerConfigKeys (ConfUtils.java:logGet(43)) - raft.server.log.statemachine.data.sync.timeout.retry = -1 (default)
2019-09-29 10:45:41,512 [pool-62-thread-1] INFO  server.RaftServerConfigKeys (ConfUtils.java:logGet(43)) - raft.server.log.statemachine.data.sync = true (default)
2019-09-29 10:45:41,512 [pool-72-thread-1] INFO  server.RaftServerConfigKeys (ConfUtils.java:logGet(43)) - raft.server.log.statemachine.data.caching.enabled = true (custom)
2019-09-29 10:45:41,513 [pool-62-thread-1] INFO  server.RaftServerConfigKeys (ConfUtils.java:logGet(43)) - raft.server.log.statemachine.data.sync.timeout = 10s (default)
2019-09-29 10:45:41,513 [pool-92-thread-1] INFO  impl.RaftServerImpl (RaftServerImpl.java:start(185)) - f6b95176-143b-4dc2-a9fd-5757f55b0b36@group-3B715C885BAF: start as a follower, conf=-1: [f6b95176-143b-4dc2-a9fd-5757f55b0b36:192.168.164.250:36206, db756f0c-6aee-46d9-ae72-02f4945ba453:192.168.164.250:33209, 42e28882-afd5-40d9-af35-6e13b3e6644c:192.168.164.250:45196], old=null
2019-09-29 10:45:41,513 [pool-62-thread-1] INFO  server.RaftServerConfigKeys (ConfUtils.java:logGet(43)) - raft.server.log.statemachine.data.sync.timeout.retry = -1 (default)
2019-09-29 10:45:41,513 [pool-92-thread-1] INFO  impl.RaftServerImpl (RaftServerImpl.java:setRole(174)) - f6b95176-143b-4dc2-a9fd-5757f55b0b36@group-3B715C885BAF: changes role from      null to FOLLOWER at term 0 for startAsFollower
2019-09-29 10:45:41,513 [pool-62-thread-1] INFO  server.RaftServerConfigKeys (ConfUtils.java:logGet(43)) - raft.server.log.statemachine.data.caching.enabled = true (custom)
2019-09-29 10:45:41,513 [pool-92-thread-1] INFO  impl.RoleInfo (RoleInfo.java:updateAndGet(143)) - f6b95176-143b-4dc2-a9fd-5757f55b0b36: start FollowerState
2019-09-29 10:45:41,513 [pool-72-thread-1] INFO  segmented.SegmentedRaftLogWorker (SegmentedRaftLogWorker.java:lambda$new$0(132)) - 42e28882-afd5-40d9-af35-6e13b3e6644c@group-3B715C885BAF-SegmentedRaftLogWorker: flushIndex: setUnconditionally 0 -> -1
2019-09-29 10:45:41,513 [pool-62-thread-1] INFO  segmented.SegmentedRaftLogWorker (SegmentedRaftLogWorker.java:lambda$new$0(132)) - db756f0c-6aee-46d9-ae72-02f4945ba453@group-3B715C885BAF-SegmentedRaftLogWorker: flushIndex: setUnconditionally 0 -> -1
2019-09-29 10:45:41,514 [pool-92-thread-1] INFO  util.JmxRegister (JmxRegister.java:tryRegister(44)) - Successfully registered JMX Bean with object name Ratis:service=RaftServer,group=group-3B715C885BAF,id=f6b95176-143b-4dc2-a9fd-5757f55b0b36
2019-09-29 10:45:41,514 [pool-72-thread-1] INFO  server.RaftServerConfigKeys (ConfUtils.java:logGet(43)) - raft.server.snapshot.auto.trigger.enabled = true (custom)
2019-09-29 10:45:41,514 [pool-62-thread-1] INFO  server.RaftServerConfigKeys (ConfUtils.java:logGet(43)) - raft.server.snapshot.auto.trigger.enabled = true (custom)
2019-09-29 10:45:41,514 [pool-72-thread-1] INFO  server.RaftServerConfigKeys (ConfUtils.java:logGet(43)) - raft.server.snapshot.auto.trigger.threshold = 10000 (custom)
2019-09-29 10:45:41,514 [pool-62-thread-1] INFO  server.RaftServerConfigKeys (ConfUtils.java:logGet(43)) - raft.server.snapshot.auto.trigger.threshold = 10000 (custom)
2019-09-29 10:45:41,514 [pool-72-thread-1] INFO  server.RaftServerConfigKeys (ConfUtils.java:logGet(43)) - raft.server.snapshot.retention.num.files = 5 (custom)
2019-09-29 10:45:41,514 [pool-62-thread-1] INFO  server.RaftServerConfigKeys (ConfUtils.java:logGet(43)) - raft.server.snapshot.retention.num.files = 5 (custom)
2019-09-29 10:45:41,514 [pool-72-thread-1] INFO  server.RaftServerConfigKeys (ConfUtils.java:logGet(43)) - raft.server.retrycache.expirytime = 600000ms (custom)
2019-09-29 10:45:41,514 [pool-62-thread-1] INFO  server.RaftServerConfigKeys (ConfUtils.java:logGet(43)) - raft.server.retrycache.expirytime = 600000ms (custom)
2019-09-29 10:45:41,519 [pool-72-thread-1] INFO  impl.RaftServerImpl (RaftServerImpl.java:start(185)) - 42e28882-afd5-40d9-af35-6e13b3e6644c@group-3B715C885BAF: start as a follower, conf=-1: [f6b95176-143b-4dc2-a9fd-5757f55b0b36:192.168.164.250:36206, db756f0c-6aee-46d9-ae72-02f4945ba453:192.168.164.250:33209, 42e28882-afd5-40d9-af35-6e13b3e6644c:192.168.164.250:45196], old=null
2019-09-29 10:45:41,519 [pool-62-thread-1] INFO  impl.RaftServerImpl (RaftServerImpl.java:start(185)) - db756f0c-6aee-46d9-ae72-02f4945ba453@group-3B715C885BAF: start as a follower, conf=-1: [f6b95176-143b-4dc2-a9fd-5757f55b0b36:192.168.164.250:36206, db756f0c-6aee-46d9-ae72-02f4945ba453:192.168.164.250:33209, 42e28882-afd5-40d9-af35-6e13b3e6644c:192.168.164.250:45196], old=null
2019-09-29 10:45:41,519 [pool-72-thread-1] INFO  impl.RaftServerImpl (RaftServerImpl.java:setRole(174)) - 42e28882-afd5-40d9-af35-6e13b3e6644c@group-3B715C885BAF: changes role from      null to FOLLOWER at term 0 for startAsFollower
2019-09-29 10:45:41,519 [pool-62-thread-1] INFO  impl.RaftServerImpl (RaftServerImpl.java:setRole(174)) - db756f0c-6aee-46d9-ae72-02f4945ba453@group-3B715C885BAF: changes role from      null to FOLLOWER at term 0 for startAsFollower
2019-09-29 10:45:41,519 [pool-72-thread-1] INFO  impl.RoleInfo (RoleInfo.java:updateAndGet(143)) - 42e28882-afd5-40d9-af35-6e13b3e6644c: start FollowerState
2019-09-29 10:45:41,519 [pool-62-thread-1] INFO  impl.RoleInfo (RoleInfo.java:updateAndGet(143)) - db756f0c-6aee-46d9-ae72-02f4945ba453: start FollowerState
2019-09-29 10:45:41,520 [pool-72-thread-1] INFO  util.JmxRegister (JmxRegister.java:tryRegister(44)) - Successfully registered JMX Bean with object name Ratis:service=RaftServer,group=group-3B715C885BAF,id=42e28882-afd5-40d9-af35-6e13b3e6644c
2019-09-29 10:45:41,520 [pool-62-thread-1] INFO  util.JmxRegister (JmxRegister.java:tryRegister(44)) - Successfully registered JMX Bean with object name Ratis:service=RaftServer,group=group-3B715C885BAF,id=db756f0c-6aee-46d9-ae72-02f4945ba453
2019-09-29 10:45:41,528 [RatisPipelineUtilsThread] INFO  pipeline.PipelineStateManager (PipelineStateManager.java:addPipeline(56)) - Created pipeline Pipeline[ Id: 36d652bd-c0cf-4eac-aafb-3b715c885baf, Nodes: db756f0c-6aee-46d9-ae72-02f4945ba453{ip: 192.168.164.250, host: pr-hdds-1569-p5qg8-3770903209, networkLocation: /default-rack, certSerialId: null}f6b95176-143b-4dc2-a9fd-5757f55b0b36{ip: 192.168.164.250, host: pr-hdds-1569-p5qg8-3770903209, networkLocation: /default-rack, certSerialId: null}42e28882-afd5-40d9-af35-6e13b3e6644c{ip: 192.168.164.250, host: pr-hdds-1569-p5qg8-3770903209, networkLocation: /default-rack, certSerialId: null}, Type:RATIS, Factor:THREE, State:OPEN]
2019-09-29 10:45:41,542 [grpc-default-executor-0] INFO  impl.RaftServerProxy (RaftServerProxy.java:addNew(89)) - 42e28882-afd5-40d9-af35-6e13b3e6644c: addNew group-DA340D7001FC:[f6b95176-143b-4dc2-a9fd-5757f55b0b36:192.168.164.250:36206, db756f0c-6aee-46d9-ae72-02f4945ba453:192.168.164.250:33209, 42e28882-afd5-40d9-af35-6e13b3e6644c:192.168.164.250:45196] returns group-DA340D7001FC:java.util.concurrent.CompletableFuture@190fba0b[Not completed]
2019-09-29 10:45:41,542 [grpc-default-executor-1] INFO  impl.RaftServerProxy (RaftServerProxy.java:addNew(89)) - f6b95176-143b-4dc2-a9fd-5757f55b0b36: addNew group-DA340D7001FC:[f6b95176-143b-4dc2-a9fd-5757f55b0b36:192.168.164.250:36206, db756f0c-6aee-46d9-ae72-02f4945ba453:192.168.164.250:33209, 42e28882-afd5-40d9-af35-6e13b3e6644c:192.168.164.250:45196] returns group-DA340D7001FC:java.util.concurrent.CompletableFuture@4079e679[Not completed]
2019-09-29 10:45:41,545 [grpc-default-executor-0] INFO  impl.RaftServerProxy (RaftServerProxy.java:addNew(89)) - db756f0c-6aee-46d9-ae72-02f4945ba453: addNew group-DA340D7001FC:[f6b95176-143b-4dc2-a9fd-5757f55b0b36:192.168.164.250:36206, db756f0c-6aee-46d9-ae72-02f4945ba453:192.168.164.250:33209, 42e28882-afd5-40d9-af35-6e13b3e6644c:192.168.164.250:45196] returns group-DA340D7001FC:java.util.concurrent.CompletableFuture@220f2156[Not completed]
2019-09-29 10:45:41,546 [pool-92-thread-1] INFO  impl.RaftServerImpl (RaftServerImpl.java:<init>(95)) - f6b95176-143b-4dc2-a9fd-5757f55b0b36: new RaftServerImpl for group-DA340D7001FC:[f6b95176-143b-4dc2-a9fd-5757f55b0b36:192.168.164.250:36206, db756f0c-6aee-46d9-ae72-02f4945ba453:192.168.164.250:33209, 42e28882-afd5-40d9-af35-6e13b3e6644c:192.168.164.250:45196] with ContainerStateMachine:uninitialized
2019-09-29 10:45:41,546 [pool-92-thread-1] INFO  server.RaftServerConfigKeys (ConfUtils.java:logGet(43)) - raft.server.rpc.timeout.min = 5s (custom)
2019-09-29 10:45:41,546 [pool-92-thread-1] INFO  server.RaftServerConfigKeys (ConfUtils.java:logGet(43)) - raft.server.rpc.timeout.max = 5200ms (custom)
2019-09-29 10:45:41,546 [pool-92-thread-1] INFO  server.RaftServerConfigKeys (ConfUtils.java:logGet(43)) - raft.server.rpcslowness.timeout = 120s (custom)
2019-09-29 10:45:41,546 [pool-92-thread-1] INFO  server.RaftServerConfigKeys (ConfUtils.java:logGet(43)) - raft.server.sleep.deviation.threshold = 300 (default)
2019-09-29 10:45:41,546 [pool-92-thread-1] INFO  server.RaftServerConfigKeys (ConfUtils.java:logGet(43)) - raft.server.log.appender.install.snapshot.enabled = false (custom)
2019-09-29 10:45:41,546 [pool-72-thread-1] INFO  impl.RaftServerImpl (RaftServerImpl.java:<init>(95)) - 42e28882-afd5-40d9-af35-6e13b3e6644c: new RaftServerImpl for group-DA340D7001FC:[f6b95176-143b-4dc2-a9fd-5757f55b0b36:192.168.164.250:36206, db756f0c-6aee-46d9-ae72-02f4945ba453:192.168.164.250:33209, 42e28882-afd5-40d9-af35-6e13b3e6644c:192.168.164.250:45196] with ContainerStateMachine:uninitialized
2019-09-29 10:45:41,546 [pool-92-thread-1] INFO  impl.RaftServerImpl (ServerState.java:<init>(103)) - f6b95176-143b-4dc2-a9fd-5757f55b0b36@group-DA340D7001FC: ConfigurationManager, init=-1: [f6b95176-143b-4dc2-a9fd-5757f55b0b36:192.168.164.250:36206, db756f0c-6aee-46d9-ae72-02f4945ba453:192.168.164.250:33209, 42e28882-afd5-40d9-af35-6e13b3e6644c:192.168.164.250:45196], old=null, confs=<EMPTY_MAP>
2019-09-29 10:45:41,546 [pool-72-thread-1] INFO  server.RaftServerConfigKeys (ConfUtils.java:logGet(43)) - raft.server.rpc.timeout.min = 5s (custom)
2019-09-29 10:45:41,546 [pool-92-thread-1] INFO  server.RaftServerConfigKeys (ConfUtils.java:logGet(43)) - raft.server.storage.dir = [/workdir/hadoop-ozone/integration-test/target/test-dir/MiniOzoneClusterImpl-f2f1897c-7c9f-4d93-a036-cb01af022a4f/datanode-6/data/ratis] (custom)
2019-09-29 10:45:41,547 [pool-72-thread-1] INFO  server.RaftServerConfigKeys (ConfUtils.java:logGet(43)) - raft.server.rpc.timeout.max = 5200ms (custom)
2019-09-29 10:45:41,547 [pool-72-thread-1] INFO  server.RaftServerConfigKeys (ConfUtils.java:logGet(43)) - raft.server.rpcslowness.timeout = 120s (custom)
2019-09-29 10:45:41,547 [pool-72-thread-1] INFO  server.RaftServerConfigKeys (ConfUtils.java:logGet(43)) - raft.server.sleep.deviation.threshold = 300 (default)
2019-09-29 10:45:41,547 [pool-92-thread-1] INFO  storage.RaftStorageDirectory (RaftStorageDirectory.java:analyzeStorage(246)) - The storage directory /workdir/hadoop-ozone/integration-test/target/test-dir/MiniOzoneClusterImpl-f2f1897c-7c9f-4d93-a036-cb01af022a4f/datanode-6/data/ratis/ce5bc87e-5df4-468c-9aab-da340d7001fc does not exist. Creating ...
2019-09-29 10:45:41,547 [pool-62-thread-1] INFO  impl.RaftServerImpl (RaftServerImpl.java:<init>(95)) - db756f0c-6aee-46d9-ae72-02f4945ba453: new RaftServerImpl for group-DA340D7001FC:[f6b95176-143b-4dc2-a9fd-5757f55b0b36:192.168.164.250:36206, db756f0c-6aee-46d9-ae72-02f4945ba453:192.168.164.250:33209, 42e28882-afd5-40d9-af35-6e13b3e6644c:192.168.164.250:45196] with ContainerStateMachine:uninitialized
2019-09-29 10:45:41,547 [pool-72-thread-1] INFO  server.RaftServerConfigKeys (ConfUtils.java:logGet(43)) - raft.server.log.appender.install.snapshot.enabled = false (custom)
2019-09-29 10:45:41,547 [pool-62-thread-1] INFO  server.RaftServerConfigKeys (ConfUtils.java:logGet(43)) - raft.server.rpc.timeout.min = 5s (custom)
2019-09-29 10:45:41,547 [pool-72-thread-1] INFO  impl.RaftServerImpl (ServerState.java:<init>(103)) - 42e28882-afd5-40d9-af35-6e13b3e6644c@group-DA340D7001FC: ConfigurationManager, init=-1: [f6b95176-143b-4dc2-a9fd-5757f55b0b36:192.168.164.250:36206, db756f0c-6aee-46d9-ae72-02f4945ba453:192.168.164.250:33209, 42e28882-afd5-40d9-af35-6e13b3e6644c:192.168.164.250:45196], old=null, confs=<EMPTY_MAP>
2019-09-29 10:45:41,547 [pool-62-thread-1] INFO  server.RaftServerConfigKeys (ConfUtils.java:logGet(43)) - raft.server.rpc.timeout.max = 5200ms (custom)
2019-09-29 10:45:41,547 [pool-72-thread-1] INFO  server.RaftServerConfigKeys (ConfUtils.java:logGet(43)) - raft.server.storage.dir = [/workdir/hadoop-ozone/integration-test/target/test-dir/MiniOzoneClusterImpl-f2f1897c-7c9f-4d93-a036-cb01af022a4f/datanode-4/data/ratis] (custom)
2019-09-29 10:45:41,548 [pool-62-thread-1] INFO  server.RaftServerConfigKeys (ConfUtils.java:logGet(43)) - raft.server.rpcslowness.timeout = 120s (custom)
2019-09-29 10:45:41,548 [pool-62-thread-1] INFO  server.RaftServerConfigKeys (ConfUtils.java:logGet(43)) - raft.server.sleep.deviation.threshold = 300 (default)
2019-09-29 10:45:41,548 [pool-72-thread-1] INFO  storage.RaftStorageDirectory (RaftStorageDirectory.java:analyzeStorage(246)) - The storage directory /workdir/hadoop-ozone/integration-test/target/test-dir/MiniOzoneClusterImpl-f2f1897c-7c9f-4d93-a036-cb01af022a4f/datanode-4/data/ratis/ce5bc87e-5df4-468c-9aab-da340d7001fc does not exist. Creating ...
2019-09-29 10:45:41,548 [pool-62-thread-1] INFO  server.RaftServerConfigKeys (ConfUtils.java:logGet(43)) - raft.server.log.appender.install.snapshot.enabled = false (custom)
2019-09-29 10:45:41,548 [pool-62-thread-1] INFO  impl.RaftServerImpl (ServerState.java:<init>(103)) - db756f0c-6aee-46d9-ae72-02f4945ba453@group-DA340D7001FC: ConfigurationManager, init=-1: [f6b95176-143b-4dc2-a9fd-5757f55b0b36:192.168.164.250:36206, db756f0c-6aee-46d9-ae72-02f4945ba453:192.168.164.250:33209, 42e28882-afd5-40d9-af35-6e13b3e6644c:192.168.164.250:45196], old=null, confs=<EMPTY_MAP>
2019-09-29 10:45:41,548 [pool-62-thread-1] INFO  server.RaftServerConfigKeys (ConfUtils.java:logGet(43)) - raft.server.storage.dir = [/workdir/hadoop-ozone/integration-test/target/test-dir/MiniOzoneClusterImpl-f2f1897c-7c9f-4d93-a036-cb01af022a4f/datanode-3/data/ratis] (custom)
2019-09-29 10:45:41,549 [pool-62-thread-1] INFO  storage.RaftStorageDirectory (RaftStorageDirectory.java:analyzeStorage(246)) - The storage directory /workdir/hadoop-ozone/integration-test/target/test-dir/MiniOzoneClusterImpl-f2f1897c-7c9f-4d93-a036-cb01af022a4f/datanode-3/data/ratis/ce5bc87e-5df4-468c-9aab-da340d7001fc does not exist. Creating ...
2019-09-29 10:45:41,560 [pool-72-thread-1] INFO  storage.RaftStorageDirectory (RaftStorageDirectory.java:tryLock(328)) - Lock on /workdir/hadoop-ozone/integration-test/target/test-dir/MiniOzoneClusterImpl-f2f1897c-7c9f-4d93-a036-cb01af022a4f/datanode-4/data/ratis/ce5bc87e-5df4-468c-9aab-da340d7001fc/in_use.lock acquired by nodename 23044@pr-hdds-1569-p5qg8-3770903209
2019-09-29 10:45:41,560 [pool-62-thread-1] INFO  storage.RaftStorageDirectory (RaftStorageDirectory.java:tryLock(328)) - Lock on /workdir/hadoop-ozone/integration-test/target/test-dir/MiniOzoneClusterImpl-f2f1897c-7c9f-4d93-a036-cb01af022a4f/datanode-3/data/ratis/ce5bc87e-5df4-468c-9aab-da340d7001fc/in_use.lock acquired by nodename 23044@pr-hdds-1569-p5qg8-3770903209
2019-09-29 10:45:41,560 [pool-92-thread-1] INFO  storage.RaftStorageDirectory (RaftStorageDirectory.java:tryLock(328)) - Lock on /workdir/hadoop-ozone/integration-test/target/test-dir/MiniOzoneClusterImpl-f2f1897c-7c9f-4d93-a036-cb01af022a4f/datanode-6/data/ratis/ce5bc87e-5df4-468c-9aab-da340d7001fc/in_use.lock acquired by nodename 23044@pr-hdds-1569-p5qg8-3770903209
2019-09-29 10:45:41,574 [pool-62-thread-1] INFO  storage.RaftStorage (RaftStorage.java:format(72)) - Storage directory /workdir/hadoop-ozone/integration-test/target/test-dir/MiniOzoneClusterImpl-f2f1897c-7c9f-4d93-a036-cb01af022a4f/datanode-3/data/ratis/ce5bc87e-5df4-468c-9aab-da340d7001fc has been successfully formatted.
2019-09-29 10:45:41,574 [pool-92-thread-1] INFO  storage.RaftStorage (RaftStorage.java:format(72)) - Storage directory /workdir/hadoop-ozone/integration-test/target/test-dir/MiniOzoneClusterImpl-f2f1897c-7c9f-4d93-a036-cb01af022a4f/datanode-6/data/ratis/ce5bc87e-5df4-468c-9aab-da340d7001fc has been successfully formatted.
2019-09-29 10:45:41,574 [pool-72-thread-1] INFO  storage.RaftStorage (RaftStorage.java:format(72)) - Storage directory /workdir/hadoop-ozone/integration-test/target/test-dir/MiniOzoneClusterImpl-f2f1897c-7c9f-4d93-a036-cb01af022a4f/datanode-4/data/ratis/ce5bc87e-5df4-468c-9aab-da340d7001fc has been successfully formatted.
2019-09-29 10:45:41,574 [pool-92-thread-1] INFO  ratis.ContainerStateMachine (ContainerStateMachine.java:loadSnapshot(230)) - group-DA340D7001FC: The snapshot info is null. Setting the last applied indexto:(t:0, i:~)
2019-09-29 10:45:41,574 [pool-62-thread-1] INFO  ratis.ContainerStateMachine (ContainerStateMachine.java:loadSnapshot(230)) - group-DA340D7001FC: The snapshot info is null. Setting the last applied indexto:(t:0, i:~)
2019-09-29 10:45:41,574 [pool-92-thread-1] INFO  server.RaftServerConfigKeys (ConfUtils.java:logGet(43)) - raft.server.notification.no-leader.timeout = 120s (custom)
2019-09-29 10:45:41,574 [pool-72-thread-1] INFO  ratis.ContainerStateMachine (ContainerStateMachine.java:loadSnapshot(230)) - group-DA340D7001FC: The snapshot info is null. Setting the last applied indexto:(t:0, i:~)
2019-09-29 10:45:41,574 [pool-92-thread-1] INFO  server.RaftServerConfigKeys (ConfUtils.java:logGet(43)) - raft.server.log.use.memory = false (default)
2019-09-29 10:45:41,574 [pool-62-thread-1] INFO  server.RaftServerConfigKeys (ConfUtils.java:logGet(43)) - raft.server.notification.no-leader.timeout = 120s (custom)
2019-09-29 10:45:41,575 [pool-92-thread-1] INFO  server.RaftServerConfigKeys (ConfUtils.java:logGet(43)) - raft.server.log.purge.gap = 1000000 (custom)
2019-09-29 10:45:41,575 [pool-72-thread-1] INFO  server.RaftServerConfigKeys (ConfUtils.java:logGet(43)) - raft.server.notification.no-leader.timeout = 120s (custom)
2019-09-29 10:45:41,575 [pool-72-thread-1] INFO  server.RaftServerConfigKeys (ConfUtils.java:logGet(43)) - raft.server.log.use.memory = false (default)
2019-09-29 10:45:41,575 [pool-72-thread-1] INFO  server.RaftServerConfigKeys (ConfUtils.java:logGet(43)) - raft.server.log.purge.gap = 1000000 (custom)
2019-09-29 10:45:41,575 [pool-92-thread-1] INFO  server.RaftServerConfigKeys (ConfUtils.java:logGet(43)) - raft.server.log.appender.buffer.byte-limit = 33554432 (custom)
2019-09-29 10:45:41,575 [pool-62-thread-1] INFO  server.RaftServerConfigKeys (ConfUtils.java:logGet(43)) - raft.server.log.use.memory = false (default)
2019-09-29 10:45:41,575 [pool-92-thread-1] INFO  server.RaftServerConfigKeys (ConfUtils.java:logGet(43)) - raft.server.log.segment.size.max = 1048576 (custom)
2019-09-29 10:45:41,575 [pool-72-thread-1] INFO  server.RaftServerConfigKeys (ConfUtils.java:logGet(43)) - raft.server.log.appender.buffer.byte-limit = 33554432 (custom)
2019-09-29 10:45:41,576 [pool-92-thread-1] INFO  server.RaftServerConfigKeys (ConfUtils.java:logGet(43)) - raft.server.log.segment.cache.num.max = 2 (custom)
2019-09-29 10:45:41,575 [pool-62-thread-1] INFO  server.RaftServerConfigKeys (ConfUtils.java:logGet(43)) - raft.server.log.purge.gap = 1000000 (custom)
2019-09-29 10:45:41,576 [pool-92-thread-1] INFO  segmented.SegmentedRaftLogWorker (SegmentedRaftLogWorker.java:<init>(172)) - new f6b95176-143b-4dc2-a9fd-5757f55b0b36@group-DA340D7001FC-SegmentedRaftLogWorker for RaftStorage:Storage Directory /workdir/hadoop-ozone/integration-test/target/test-dir/MiniOzoneClusterImpl-f2f1897c-7c9f-4d93-a036-cb01af022a4f/datanode-6/data/ratis/ce5bc87e-5df4-468c-9aab-da340d7001fc
2019-09-29 10:45:41,576 [pool-72-thread-1] INFO  server.RaftServerConfigKeys (ConfUtils.java:logGet(43)) - raft.server.log.segment.size.max = 1048576 (custom)
2019-09-29 10:45:41,576 [pool-92-thread-1] INFO  server.RaftServerConfigKeys (ConfUtils.java:logGet(43)) - raft.server.log.queue.byte-limit = 2147483647 (custom)
2019-09-29 10:45:41,576 [pool-62-thread-1] INFO  server.RaftServerConfigKeys (ConfUtils.java:logGet(43)) - raft.server.log.appender.buffer.byte-limit = 33554432 (custom)
2019-09-29 10:45:41,576 [pool-92-thread-1] INFO  server.RaftServerConfigKeys (ConfUtils.java:logGet(43)) - raft.server.log.queue.element-limit = 1024 (custom)
2019-09-29 10:45:41,576 [pool-72-thread-1] INFO  server.RaftServerConfigKeys (ConfUtils.java:logGet(43)) - raft.server.log.segment.cache.num.max = 2 (custom)
2019-09-29 10:45:41,576 [pool-92-thread-1] INFO  server.RaftServerConfigKeys (ConfUtils.java:logGet(43)) - raft.server.log.segment.size.max = 1048576 (custom)
2019-09-29 10:45:41,576 [pool-62-thread-1] INFO  server.RaftServerConfigKeys (ConfUtils.java:logGet(43)) - raft.server.log.segment.size.max = 1048576 (custom)
2019-09-29 10:45:41,577 [pool-92-thread-1] INFO  server.RaftServerConfigKeys (ConfUtils.java:logGet(43)) - raft.server.log.preallocated.size = 16384 (custom)
2019-09-29 10:45:41,576 [pool-72-thread-1] INFO  segmented.SegmentedRaftLogWorker (SegmentedRaftLogWorker.java:<init>(172)) - new 42e28882-afd5-40d9-af35-6e13b3e6644c@group-DA340D7001FC-SegmentedRaftLogWorker for RaftStorage:Storage Directory /workdir/hadoop-ozone/integration-test/target/test-dir/MiniOzoneClusterImpl-f2f1897c-7c9f-4d93-a036-cb01af022a4f/datanode-4/data/ratis/ce5bc87e-5df4-468c-9aab-da340d7001fc
2019-09-29 10:45:41,577 [pool-92-thread-1] INFO  server.RaftServerConfigKeys (ConfUtils.java:logGet(43)) - raft.server.log.write.buffer.size = 33554432 (custom)
2019-09-29 10:45:41,577 [pool-62-thread-1] INFO  server.RaftServerConfigKeys (ConfUtils.java:logGet(43)) - raft.server.log.segment.cache.num.max = 2 (custom)
2019-09-29 10:45:41,577 [pool-92-thread-1] INFO  server.RaftServerConfigKeys (ConfUtils.java:logGet(43)) - raft.server.log.force.sync.num = 128 (default)
2019-09-29 10:45:41,577 [pool-72-thread-1] INFO  server.RaftServerConfigKeys (ConfUtils.java:logGet(43)) - raft.server.log.queue.byte-limit = 2147483647 (custom)
2019-09-29 10:45:41,577 [pool-92-thread-1] INFO  server.RaftServerConfigKeys (ConfUtils.java:logGet(43)) - raft.server.log.statemachine.data.sync = true (default)
2019-09-29 10:45:41,577 [pool-62-thread-1] INFO  segmented.SegmentedRaftLogWorker (SegmentedRaftLogWorker.java:<init>(172)) - new db756f0c-6aee-46d9-ae72-02f4945ba453@group-DA340D7001FC-SegmentedRaftLogWorker for RaftStorage:Storage Directory /workdir/hadoop-ozone/integration-test/target/test-dir/MiniOzoneClusterImpl-f2f1897c-7c9f-4d93-a036-cb01af022a4f/datanode-3/data/ratis/ce5bc87e-5df4-468c-9aab-da340d7001fc
2019-09-29 10:45:41,578 [pool-92-thread-1] INFO  server.RaftServerConfigKeys (ConfUtils.java:logGet(43)) - raft.server.log.statemachine.data.sync.timeout = 10s (default)
2019-09-29 10:45:41,577 [pool-72-thread-1] INFO  server.RaftServerConfigKeys (ConfUtils.java:logGet(43)) - raft.server.log.queue.element-limit = 1024 (custom)
2019-09-29 10:45:41,578 [pool-92-thread-1] INFO  server.RaftServerConfigKeys (ConfUtils.java:logGet(43)) - raft.server.log.statemachine.data.sync.timeout.retry = -1 (default)
2019-09-29 10:45:41,578 [pool-62-thread-1] INFO  server.RaftServerConfigKeys (ConfUtils.java:logGet(43)) - raft.server.log.queue.byte-limit = 2147483647 (custom)
2019-09-29 10:45:41,578 [pool-92-thread-1] INFO  server.RaftServerConfigKeys (ConfUtils.java:logGet(43)) - raft.server.log.statemachine.data.caching.enabled = true (custom)
2019-09-29 10:45:41,578 [pool-72-thread-1] INFO  server.RaftServerConfigKeys (ConfUtils.java:logGet(43)) - raft.server.log.segment.size.max = 1048576 (custom)
2019-09-29 10:45:41,578 [pool-62-thread-1] INFO  server.RaftServerConfigKeys (ConfUtils.java:logGet(43)) - raft.server.log.queue.element-limit = 1024 (custom)
2019-09-29 10:45:41,578 [pool-92-thread-1] INFO  segmented.SegmentedRaftLogWorker (SegmentedRaftLogWorker.java:lambda$new$0(132)) - f6b95176-143b-4dc2-a9fd-5757f55b0b36@group-DA340D7001FC-SegmentedRaftLogWorker: flushIndex: setUnconditionally 0 -> -1
2019-09-29 10:45:41,578 [pool-72-thread-1] INFO  server.RaftServerConfigKeys (ConfUtils.java:logGet(43)) - raft.server.log.preallocated.size = 16384 (custom)
2019-09-29 10:45:41,578 [pool-62-thread-1] INFO  server.RaftServerConfigKeys (ConfUtils.java:logGet(43)) - raft.server.log.segment.size.max = 1048576 (custom)
2019-09-29 10:45:41,579 [pool-72-thread-1] INFO  server.RaftServerConfigKeys (ConfUtils.java:logGet(43)) - raft.server.log.write.buffer.size = 33554432 (custom)
2019-09-29 10:45:41,579 [pool-92-thread-1] INFO  server.RaftServerConfigKeys (ConfUtils.java:logGet(43)) - raft.server.snapshot.auto.trigger.enabled = true (custom)
2019-09-29 10:45:41,579 [pool-62-thread-1] INFO  server.RaftServerConfigKeys (ConfUtils.java:logGet(43)) - raft.server.log.preallocated.size = 16384 (custom)
2019-09-29 10:45:41,579 [pool-92-thread-1] INFO  server.RaftServerConfigKeys (ConfUtils.java:logGet(43)) - raft.server.snapshot.auto.trigger.threshold = 10000 (custom)
2019-09-29 10:45:41,579 [pool-72-thread-1] INFO  server.RaftServerConfigKeys (ConfUtils.java:logGet(43)) - raft.server.log.force.sync.num = 128 (default)
2019-09-29 10:45:41,579 [pool-92-thread-1] INFO  server.RaftServerConfigKeys (ConfUtils.java:logGet(43)) - raft.server.snapshot.retention.num.files = 5 (custom)
2019-09-29 10:45:41,579 [pool-62-thread-1] INFO  server.RaftServerConfigKeys (ConfUtils.java:logGet(43)) - raft.server.log.write.buffer.size = 33554432 (custom)
2019-09-29 10:45:41,579 [pool-92-thread-1] INFO  server.RaftServerConfigKeys (ConfUtils.java:logGet(43)) - raft.server.retrycache.expirytime = 600000ms (custom)
2019-09-29 10:45:41,579 [pool-72-thread-1] INFO  server.RaftServerConfigKeys (ConfUtils.java:logGet(43)) - raft.server.log.statemachine.data.sync = true (default)
2019-09-29 10:45:41,580 [pool-62-thread-1] INFO  server.RaftServerConfigKeys (ConfUtils.java:logGet(43)) - raft.server.log.force.sync.num = 128 (default)
2019-09-29 10:45:41,580 [pool-62-thread-1] INFO  server.RaftServerConfigKeys (ConfUtils.java:logGet(43)) - raft.server.log.statemachine.data.sync = true (default)
2019-09-29 10:45:41,580 [pool-72-thread-1] INFO  server.RaftServerConfigKeys (ConfUtils.java:logGet(43)) - raft.server.log.statemachine.data.sync.timeout = 10s (default)
2019-09-29 10:45:41,580 [pool-62-thread-1] INFO  server.RaftServerConfigKeys (ConfUtils.java:logGet(43)) - raft.server.log.statemachine.data.sync.timeout = 10s (default)
2019-09-29 10:45:41,580 [pool-72-thread-1] INFO  server.RaftServerConfigKeys (ConfUtils.java:logGet(43)) - raft.server.log.statemachine.data.sync.timeout.retry = -1 (default)
2019-09-29 10:45:41,580 [pool-62-thread-1] INFO  server.RaftServerConfigKeys (ConfUtils.java:logGet(43)) - raft.server.log.statemachine.data.sync.timeout.retry = -1 (default)
2019-09-29 10:45:41,580 [pool-72-thread-1] INFO  server.RaftServerConfigKeys (ConfUtils.java:logGet(43)) - raft.server.log.statemachine.data.caching.enabled = true (custom)
2019-09-29 10:45:41,580 [pool-62-thread-1] INFO  server.RaftServerConfigKeys (ConfUtils.java:logGet(43)) - raft.server.log.statemachine.data.caching.enabled = true (custom)
2019-09-29 10:45:41,581 [pool-72-thread-1] INFO  segmented.SegmentedRaftLogWorker (SegmentedRaftLogWorker.java:lambda$new$0(132)) - 42e28882-afd5-40d9-af35-6e13b3e6644c@group-DA340D7001FC-SegmentedRaftLogWorker: flushIndex: setUnconditionally 0 -> -1
2019-09-29 10:45:41,581 [pool-62-thread-1] INFO  segmented.SegmentedRaftLogWorker (SegmentedRaftLogWorker.java:lambda$new$0(132)) - db756f0c-6aee-46d9-ae72-02f4945ba453@group-DA340D7001FC-SegmentedRaftLogWorker: flushIndex: setUnconditionally 0 -> -1
2019-09-29 10:45:41,581 [pool-72-thread-1] INFO  server.RaftServerConfigKeys (ConfUtils.java:logGet(43)) - raft.server.snapshot.auto.trigger.enabled = true (custom)
2019-09-29 10:45:41,581 [pool-72-thread-1] INFO  server.RaftServerConfigKeys (ConfUtils.java:logGet(43)) - raft.server.snapshot.auto.trigger.threshold = 10000 (custom)
2019-09-29 10:45:41,581 [pool-62-thread-1] INFO  server.RaftServerConfigKeys (ConfUtils.java:logGet(43)) - raft.server.snapshot.auto.trigger.enabled = true (custom)
2019-09-29 10:45:41,581 [pool-72-thread-1] INFO  server.RaftServerConfigKeys (ConfUtils.java:logGet(43)) - raft.server.snapshot.retention.num.files = 5 (custom)
2019-09-29 10:45:41,581 [pool-92-thread-1] INFO  impl.RaftServerImpl (RaftServerImpl.java:start(185)) - f6b95176-143b-4dc2-a9fd-5757f55b0b36@group-DA340D7001FC: start as a follower, conf=-1: [f6b95176-143b-4dc2-a9fd-5757f55b0b36:192.168.164.250:36206, db756f0c-6aee-46d9-ae72-02f4945ba453:192.168.164.250:33209, 42e28882-afd5-40d9-af35-6e13b3e6644c:192.168.164.250:45196], old=null
2019-09-29 10:45:41,581 [pool-62-thread-1] INFO  server.RaftServerConfigKeys (ConfUtils.java:logGet(43)) - raft.server.snapshot.auto.trigger.threshold = 10000 (custom)
2019-09-29 10:45:41,581 [pool-92-thread-1] INFO  impl.RaftServerImpl (RaftServerImpl.java:setRole(174)) - f6b95176-143b-4dc2-a9fd-5757f55b0b36@group-DA340D7001FC: changes role from      null to FOLLOWER at term 0 for startAsFollower
2019-09-29 10:45:41,581 [pool-72-thread-1] INFO  server.RaftServerConfigKeys (ConfUtils.java:logGet(43)) - raft.server.retrycache.expirytime = 600000ms (custom)
2019-09-29 10:45:41,582 [pool-92-thread-1] INFO  impl.RoleInfo (RoleInfo.java:updateAndGet(143)) - f6b95176-143b-4dc2-a9fd-5757f55b0b36: start FollowerState
2019-09-29 10:45:41,581 [pool-62-thread-1] INFO  server.RaftServerConfigKeys (ConfUtils.java:logGet(43)) - raft.server.snapshot.retention.num.files = 5 (custom)
2019-09-29 10:45:41,582 [pool-62-thread-1] INFO  server.RaftServerConfigKeys (ConfUtils.java:logGet(43)) - raft.server.retrycache.expirytime = 600000ms (custom)
2019-09-29 10:45:41,582 [pool-92-thread-1] INFO  util.JmxRegister (JmxRegister.java:tryRegister(44)) - Successfully registered JMX Bean with object name Ratis:service=RaftServer,group=group-DA340D7001FC,id=f6b95176-143b-4dc2-a9fd-5757f55b0b36
2019-09-29 10:45:41,587 [pool-72-thread-1] INFO  impl.RaftServerImpl (RaftServerImpl.java:start(185)) - 42e28882-afd5-40d9-af35-6e13b3e6644c@group-DA340D7001FC: start as a follower, conf=-1: [f6b95176-143b-4dc2-a9fd-5757f55b0b36:192.168.164.250:36206, db756f0c-6aee-46d9-ae72-02f4945ba453:192.168.164.250:33209, 42e28882-afd5-40d9-af35-6e13b3e6644c:192.168.164.250:45196], old=null
2019-09-29 10:45:41,587 [pool-72-thread-1] INFO  impl.RaftServerImpl (RaftServerImpl.java:setRole(174)) - 42e28882-afd5-40d9-af35-6e13b3e6644c@group-DA340D7001FC: changes role from      null to FOLLOWER at term 0 for startAsFollower
2019-09-29 10:45:41,587 [pool-72-thread-1] INFO  impl.RoleInfo (RoleInfo.java:updateAndGet(143)) - 42e28882-afd5-40d9-af35-6e13b3e6644c: start FollowerState
2019-09-29 10:45:41,587 [pool-62-thread-1] INFO  impl.RaftServerImpl (RaftServerImpl.java:start(185)) - db756f0c-6aee-46d9-ae72-02f4945ba453@group-DA340D7001FC: start as a follower, conf=-1: [f6b95176-143b-4dc2-a9fd-5757f55b0b36:192.168.164.250:36206, db756f0c-6aee-46d9-ae72-02f4945ba453:192.168.164.250:33209, 42e28882-afd5-40d9-af35-6e13b3e6644c:192.168.164.250:45196], old=null
2019-09-29 10:45:41,587 [pool-72-thread-1] INFO  util.JmxRegister (JmxRegister.java:tryRegister(44)) - Successfully registered JMX Bean with object name Ratis:service=RaftServer,group=group-DA340D7001FC,id=42e28882-afd5-40d9-af35-6e13b3e6644c
2019-09-29 10:45:41,587 [pool-62-thread-1] INFO  impl.RaftServerImpl (RaftServerImpl.java:setRole(174)) - db756f0c-6aee-46d9-ae72-02f4945ba453@group-DA340D7001FC: changes role from      null to FOLLOWER at term 0 for startAsFollower
2019-09-29 10:45:41,588 [pool-62-thread-1] INFO  impl.RoleInfo (RoleInfo.java:updateAndGet(143)) - db756f0c-6aee-46d9-ae72-02f4945ba453: start FollowerState
2019-09-29 10:45:41,588 [pool-62-thread-1] INFO  util.JmxRegister (JmxRegister.java:tryRegister(44)) - Successfully registered JMX Bean with object name Ratis:service=RaftServer,group=group-DA340D7001FC,id=db756f0c-6aee-46d9-ae72-02f4945ba453
2019-09-29 10:45:41,597 [RatisPipelineUtilsThread] INFO  pipeline.PipelineStateManager (PipelineStateManager.java:addPipeline(56)) - Created pipeline Pipeline[ Id: ce5bc87e-5df4-468c-9aab-da340d7001fc, Nodes: f6b95176-143b-4dc2-a9fd-5757f55b0b36{ip: 192.168.164.250, host: pr-hdds-1569-p5qg8-3770903209, networkLocation: /default-rack, certSerialId: null}42e28882-afd5-40d9-af35-6e13b3e6644c{ip: 192.168.164.250, host: pr-hdds-1569-p5qg8-3770903209, networkLocation: /default-rack, certSerialId: null}db756f0c-6aee-46d9-ae72-02f4945ba453{ip: 192.168.164.250, host: pr-hdds-1569-p5qg8-3770903209, networkLocation: /default-rack, certSerialId: null}, Type:RATIS, Factor:THREE, State:OPEN]
2019-09-29 10:45:41,644 [grpc-default-executor-1] INFO  impl.RaftServerProxy (RaftServerProxy.java:addNew(89)) - f6b95176-143b-4dc2-a9fd-5757f55b0b36: addNew group-2F255C48AB44:[f6b95176-143b-4dc2-a9fd-5757f55b0b36:192.168.164.250:36206, db756f0c-6aee-46d9-ae72-02f4945ba453:192.168.164.250:33209, 42e28882-afd5-40d9-af35-6e13b3e6644c:192.168.164.250:45196] returns group-2F255C48AB44:java.util.concurrent.CompletableFuture@4fd5d8ab[Not completed]
2019-09-29 10:45:41,644 [grpc-default-executor-2] INFO  impl.RaftServerProxy (RaftServerProxy.java:addNew(89)) - 42e28882-afd5-40d9-af35-6e13b3e6644c: addNew group-2F255C48AB44:[f6b95176-143b-4dc2-a9fd-5757f55b0b36:192.168.164.250:36206, db756f0c-6aee-46d9-ae72-02f4945ba453:192.168.164.250:33209, 42e28882-afd5-40d9-af35-6e13b3e6644c:192.168.164.250:45196] returns group-2F255C48AB44:java.util.concurrent.CompletableFuture@6d64d4cb[Not completed]
2019-09-29 10:45:41,644 [grpc-default-executor-0] INFO  impl.RaftServerProxy (RaftServerProxy.java:addNew(89)) - db756f0c-6aee-46d9-ae72-02f4945ba453: addNew group-2F255C48AB44:[f6b95176-143b-4dc2-a9fd-5757f55b0b36:192.168.164.250:36206, db756f0c-6aee-46d9-ae72-02f4945ba453:192.168.164.250:33209, 42e28882-afd5-40d9-af35-6e13b3e6644c:192.168.164.250:45196] returns group-2F255C48AB44:java.util.concurrent.CompletableFuture@4fb6425c[Not completed]
2019-09-29 10:45:41,663 [pool-92-thread-1] INFO  impl.RaftServerImpl (RaftServerImpl.java:<init>(95)) - f6b95176-143b-4dc2-a9fd-5757f55b0b36: new RaftServerImpl for group-2F255C48AB44:[f6b95176-143b-4dc2-a9fd-5757f55b0b36:192.168.164.250:36206, db756f0c-6aee-46d9-ae72-02f4945ba453:192.168.164.250:33209, 42e28882-afd5-40d9-af35-6e13b3e6644c:192.168.164.250:45196] with ContainerStateMachine:uninitialized
2019-09-29 10:45:41,663 [pool-92-thread-1] INFO  server.RaftServerConfigKeys (ConfUtils.java:logGet(43)) - raft.server.rpc.timeout.min = 5s (custom)
2019-09-29 10:45:41,663 [pool-92-thread-1] INFO  server.RaftServerConfigKeys (ConfUtils.java:logGet(43)) - raft.server.rpc.timeout.max = 5200ms (custom)
2019-09-29 10:45:41,664 [pool-92-thread-1] INFO  server.RaftServerConfigKeys (ConfUtils.java:logGet(43)) - raft.server.rpcslowness.timeout = 120s (custom)
2019-09-29 10:45:41,664 [pool-62-thread-1] INFO  impl.RaftServerImpl (RaftServerImpl.java:<init>(95)) - db756f0c-6aee-46d9-ae72-02f4945ba453: new RaftServerImpl for group-2F255C48AB44:[f6b95176-143b-4dc2-a9fd-5757f55b0b36:192.168.164.250:36206, db756f0c-6aee-46d9-ae72-02f4945ba453:192.168.164.250:33209, 42e28882-afd5-40d9-af35-6e13b3e6644c:192.168.164.250:45196] with ContainerStateMachine:uninitialized
2019-09-29 10:45:41,664 [pool-92-thread-1] INFO  server.RaftServerConfigKeys (ConfUtils.java:logGet(43)) - raft.server.sleep.deviation.threshold = 300 (default)
2019-09-29 10:45:41,664 [pool-62-thread-1] INFO  server.RaftServerConfigKeys (ConfUtils.java:logGet(43)) - raft.server.rpc.timeout.min = 5s (custom)
2019-09-29 10:45:41,664 [pool-92-thread-1] INFO  server.RaftServerConfigKeys (ConfUtils.java:logGet(43)) - raft.server.log.appender.install.snapshot.enabled = false (custom)
2019-09-29 10:45:41,664 [pool-62-thread-1] INFO  server.RaftServerConfigKeys (ConfUtils.java:logGet(43)) - raft.server.rpc.timeout.max = 5200ms (custom)
2019-09-29 10:45:41,664 [pool-72-thread-1] INFO  impl.RaftServerImpl (RaftServerImpl.java:<init>(95)) - 42e28882-afd5-40d9-af35-6e13b3e6644c: new RaftServerImpl for group-2F255C48AB44:[f6b95176-143b-4dc2-a9fd-5757f55b0b36:192.168.164.250:36206, db756f0c-6aee-46d9-ae72-02f4945ba453:192.168.164.250:33209, 42e28882-afd5-40d9-af35-6e13b3e6644c:192.168.164.250:45196] with ContainerStateMachine:uninitialized
2019-09-29 10:45:41,664 [pool-92-thread-1] INFO  impl.RaftServerImpl (ServerState.java:<init>(103)) - f6b95176-143b-4dc2-a9fd-5757f55b0b36@group-2F255C48AB44: ConfigurationManager, init=-1: [f6b95176-143b-4dc2-a9fd-5757f55b0b36:192.168.164.250:36206, db756f0c-6aee-46d9-ae72-02f4945ba453:192.168.164.250:33209, 42e28882-afd5-40d9-af35-6e13b3e6644c:192.168.164.250:45196], old=null, confs=<EMPTY_MAP>
2019-09-29 10:45:41,664 [pool-72-thread-1] INFO  server.RaftServerConfigKeys (ConfUtils.java:logGet(43)) - raft.server.rpc.timeout.min = 5s (custom)
2019-09-29 10:45:41,664 [pool-92-thread-1] INFO  server.RaftServerConfigKeys (ConfUtils.java:logGet(43)) - raft.server.storage.dir = [/workdir/hadoop-ozone/integration-test/target/test-dir/MiniOzoneClusterImpl-f2f1897c-7c9f-4d93-a036-cb01af022a4f/datanode-6/data/ratis] (custom)
2019-09-29 10:45:41,664 [pool-62-thread-1] INFO  server.RaftServerConfigKeys (ConfUtils.java:logGet(43)) - raft.server.rpcslowness.timeout = 120s (custom)
2019-09-29 10:45:41,664 [pool-72-thread-1] INFO  server.RaftServerConfigKeys (ConfUtils.java:logGet(43)) - raft.server.rpc.timeout.max = 5200ms (custom)
2019-09-29 10:45:41,665 [pool-62-thread-1] INFO  server.RaftServerConfigKeys (ConfUtils.java:logGet(43)) - raft.server.sleep.deviation.threshold = 300 (default)
2019-09-29 10:45:41,665 [pool-92-thread-1] INFO  storage.RaftStorageDirectory (RaftStorageDirectory.java:analyzeStorage(246)) - The storage directory /workdir/hadoop-ozone/integration-test/target/test-dir/MiniOzoneClusterImpl-f2f1897c-7c9f-4d93-a036-cb01af022a4f/datanode-6/data/ratis/d9f93ba6-99ac-47d5-9321-2f255c48ab44 does not exist. Creating ...
2019-09-29 10:45:41,665 [pool-72-thread-1] INFO  server.RaftServerConfigKeys (ConfUtils.java:logGet(43)) - raft.server.rpcslowness.timeout = 120s (custom)
2019-09-29 10:45:41,665 [pool-62-thread-1] INFO  server.RaftServerConfigKeys (ConfUtils.java:logGet(43)) - raft.server.log.appender.install.snapshot.enabled = false (custom)
2019-09-29 10:45:41,665 [pool-72-thread-1] INFO  server.RaftServerConfigKeys (ConfUtils.java:logGet(43)) - raft.server.sleep.deviation.threshold = 300 (default)
2019-09-29 10:45:41,665 [pool-62-thread-1] INFO  impl.RaftServerImpl (ServerState.java:<init>(103)) - db756f0c-6aee-46d9-ae72-02f4945ba453@group-2F255C48AB44: ConfigurationManager, init=-1: [f6b95176-143b-4dc2-a9fd-5757f55b0b36:192.168.164.250:36206, db756f0c-6aee-46d9-ae72-02f4945ba453:192.168.164.250:33209, 42e28882-afd5-40d9-af35-6e13b3e6644c:192.168.164.250:45196], old=null, confs=<EMPTY_MAP>
2019-09-29 10:45:41,665 [pool-72-thread-1] INFO  server.RaftServerConfigKeys (ConfUtils.java:logGet(43)) - raft.server.log.appender.install.snapshot.enabled = false (custom)
2019-09-29 10:45:41,665 [pool-62-thread-1] INFO  server.RaftServerConfigKeys (ConfUtils.java:logGet(43)) - raft.server.storage.dir = [/workdir/hadoop-ozone/integration-test/target/test-dir/MiniOzoneClusterImpl-f2f1897c-7c9f-4d93-a036-cb01af022a4f/datanode-3/data/ratis] (custom)
2019-09-29 10:45:41,665 [pool-72-thread-1] INFO  impl.RaftServerImpl (ServerState.java:<init>(103)) - 42e28882-afd5-40d9-af35-6e13b3e6644c@group-2F255C48AB44: ConfigurationManager, init=-1: [f6b95176-143b-4dc2-a9fd-5757f55b0b36:192.168.164.250:36206, db756f0c-6aee-46d9-ae72-02f4945ba453:192.168.164.250:33209, 42e28882-afd5-40d9-af35-6e13b3e6644c:192.168.164.250:45196], old=null, confs=<EMPTY_MAP>
2019-09-29 10:45:41,665 [pool-72-thread-1] INFO  server.RaftServerConfigKeys (ConfUtils.java:logGet(43)) - raft.server.storage.dir = [/workdir/hadoop-ozone/integration-test/target/test-dir/MiniOzoneClusterImpl-f2f1897c-7c9f-4d93-a036-cb01af022a4f/datanode-4/data/ratis] (custom)
2019-09-29 10:45:41,665 [pool-62-thread-1] INFO  storage.RaftStorageDirectory (RaftStorageDirectory.java:analyzeStorage(246)) - The storage directory /workdir/hadoop-ozone/integration-test/target/test-dir/MiniOzoneClusterImpl-f2f1897c-7c9f-4d93-a036-cb01af022a4f/datanode-3/data/ratis/d9f93ba6-99ac-47d5-9321-2f255c48ab44 does not exist. Creating ...
2019-09-29 10:45:41,666 [pool-72-thread-1] INFO  storage.RaftStorageDirectory (RaftStorageDirectory.java:analyzeStorage(246)) - The storage directory /workdir/hadoop-ozone/integration-test/target/test-dir/MiniOzoneClusterImpl-f2f1897c-7c9f-4d93-a036-cb01af022a4f/datanode-4/data/ratis/d9f93ba6-99ac-47d5-9321-2f255c48ab44 does not exist. Creating ...
2019-09-29 10:45:41,690 [pool-72-thread-1] INFO  storage.RaftStorageDirectory (RaftStorageDirectory.java:tryLock(328)) - Lock on /workdir/hadoop-ozone/integration-test/target/test-dir/MiniOzoneClusterImpl-f2f1897c-7c9f-4d93-a036-cb01af022a4f/datanode-4/data/ratis/d9f93ba6-99ac-47d5-9321-2f255c48ab44/in_use.lock acquired by nodename 23044@pr-hdds-1569-p5qg8-3770903209
2019-09-29 10:45:41,690 [pool-62-thread-1] INFO  storage.RaftStorageDirectory (RaftStorageDirectory.java:tryLock(328)) - Lock on /workdir/hadoop-ozone/integration-test/target/test-dir/MiniOzoneClusterImpl-f2f1897c-7c9f-4d93-a036-cb01af022a4f/datanode-3/data/ratis/d9f93ba6-99ac-47d5-9321-2f255c48ab44/in_use.lock acquired by nodename 23044@pr-hdds-1569-p5qg8-3770903209
2019-09-29 10:45:41,690 [pool-92-thread-1] INFO  storage.RaftStorageDirectory (RaftStorageDirectory.java:tryLock(328)) - Lock on /workdir/hadoop-ozone/integration-test/target/test-dir/MiniOzoneClusterImpl-f2f1897c-7c9f-4d93-a036-cb01af022a4f/datanode-6/data/ratis/d9f93ba6-99ac-47d5-9321-2f255c48ab44/in_use.lock acquired by nodename 23044@pr-hdds-1569-p5qg8-3770903209
2019-09-29 10:45:41,703 [pool-62-thread-1] INFO  storage.RaftStorage (RaftStorage.java:format(72)) - Storage directory /workdir/hadoop-ozone/integration-test/target/test-dir/MiniOzoneClusterImpl-f2f1897c-7c9f-4d93-a036-cb01af022a4f/datanode-3/data/ratis/d9f93ba6-99ac-47d5-9321-2f255c48ab44 has been successfully formatted.
2019-09-29 10:45:41,703 [pool-92-thread-1] INFO  storage.RaftStorage (RaftStorage.java:format(72)) - Storage directory /workdir/hadoop-ozone/integration-test/target/test-dir/MiniOzoneClusterImpl-f2f1897c-7c9f-4d93-a036-cb01af022a4f/datanode-6/data/ratis/d9f93ba6-99ac-47d5-9321-2f255c48ab44 has been successfully formatted.
2019-09-29 10:45:41,703 [pool-72-thread-1] INFO  storage.RaftStorage (RaftStorage.java:format(72)) - Storage directory /workdir/hadoop-ozone/integration-test/target/test-dir/MiniOzoneClusterImpl-f2f1897c-7c9f-4d93-a036-cb01af022a4f/datanode-4/data/ratis/d9f93ba6-99ac-47d5-9321-2f255c48ab44 has been successfully formatted.
2019-09-29 10:45:41,703 [pool-62-thread-1] INFO  ratis.ContainerStateMachine (ContainerStateMachine.java:loadSnapshot(230)) - group-2F255C48AB44: The snapshot info is null. Setting the last applied indexto:(t:0, i:~)
2019-09-29 10:45:41,703 [pool-92-thread-1] INFO  ratis.ContainerStateMachine (ContainerStateMachine.java:loadSnapshot(230)) - group-2F255C48AB44: The snapshot info is null. Setting the last applied indexto:(t:0, i:~)
2019-09-29 10:45:41,703 [pool-62-thread-1] INFO  server.RaftServerConfigKeys (ConfUtils.java:logGet(43)) - raft.server.notification.no-leader.timeout = 120s (custom)
2019-09-29 10:45:41,703 [pool-72-thread-1] INFO  ratis.ContainerStateMachine (ContainerStateMachine.java:loadSnapshot(230)) - group-2F255C48AB44: The snapshot info is null. Setting the last applied indexto:(t:0, i:~)
2019-09-29 10:45:41,703 [pool-62-thread-1] INFO  server.RaftServerConfigKeys (ConfUtils.java:logGet(43)) - raft.server.log.use.memory = false (default)
2019-09-29 10:45:41,703 [pool-92-thread-1] INFO  server.RaftServerConfigKeys (ConfUtils.java:logGet(43)) - raft.server.notification.no-leader.timeout = 120s (custom)
2019-09-29 10:45:41,703 [pool-62-thread-1] INFO  server.RaftServerConfigKeys (ConfUtils.java:logGet(43)) - raft.server.log.purge.gap = 1000000 (custom)
2019-09-29 10:45:41,703 [pool-72-thread-1] INFO  server.RaftServerConfigKeys (ConfUtils.java:logGet(43)) - raft.server.notification.no-leader.timeout = 120s (custom)
2019-09-29 10:45:41,704 [pool-62-thread-1] INFO  server.RaftServerConfigKeys (ConfUtils.java:logGet(43)) - raft.server.log.appender.buffer.byte-limit = 33554432 (custom)
2019-09-29 10:45:41,704 [pool-92-thread-1] INFO  server.RaftServerConfigKeys (ConfUtils.java:logGet(43)) - raft.server.log.use.memory = false (default)
2019-09-29 10:45:41,704 [pool-62-thread-1] INFO  server.RaftServerConfigKeys (ConfUtils.java:logGet(43)) - raft.server.log.segment.size.max = 1048576 (custom)
2019-09-29 10:45:41,704 [pool-72-thread-1] INFO  server.RaftServerConfigKeys (ConfUtils.java:logGet(43)) - raft.server.log.use.memory = false (default)
2019-09-29 10:45:41,704 [pool-62-thread-1] INFO  server.RaftServerConfigKeys (ConfUtils.java:logGet(43)) - raft.server.log.segment.cache.num.max = 2 (custom)
2019-09-29 10:45:41,704 [pool-92-thread-1] INFO  server.RaftServerConfigKeys (ConfUtils.java:logGet(43)) - raft.server.log.purge.gap = 1000000 (custom)
2019-09-29 10:45:41,704 [pool-62-thread-1] INFO  segmented.SegmentedRaftLogWorker (SegmentedRaftLogWorker.java:<init>(172)) - new db756f0c-6aee-46d9-ae72-02f4945ba453@group-2F255C48AB44-SegmentedRaftLogWorker for RaftStorage:Storage Directory /workdir/hadoop-ozone/integration-test/target/test-dir/MiniOzoneClusterImpl-f2f1897c-7c9f-4d93-a036-cb01af022a4f/datanode-3/data/ratis/d9f93ba6-99ac-47d5-9321-2f255c48ab44
2019-09-29 10:45:41,704 [pool-72-thread-1] INFO  server.RaftServerConfigKeys (ConfUtils.java:logGet(43)) - raft.server.log.purge.gap = 1000000 (custom)
2019-09-29 10:45:41,704 [pool-62-thread-1] INFO  server.RaftServerConfigKeys (ConfUtils.java:logGet(43)) - raft.server.log.queue.byte-limit = 2147483647 (custom)
2019-09-29 10:45:41,704 [pool-92-thread-1] INFO  server.RaftServerConfigKeys (ConfUtils.java:logGet(43)) - raft.server.log.appender.buffer.byte-limit = 33554432 (custom)
2019-09-29 10:45:41,705 [pool-62-thread-1] INFO  server.RaftServerConfigKeys (ConfUtils.java:logGet(43)) - raft.server.log.queue.element-limit = 1024 (custom)
2019-09-29 10:45:41,704 [pool-72-thread-1] INFO  server.RaftServerConfigKeys (ConfUtils.java:logGet(43)) - raft.server.log.appender.buffer.byte-limit = 33554432 (custom)
2019-09-29 10:45:41,705 [pool-62-thread-1] INFO  server.RaftServerConfigKeys (ConfUtils.java:logGet(43)) - raft.server.log.segment.size.max = 1048576 (custom)
2019-09-29 10:45:41,705 [pool-92-thread-1] INFO  server.RaftServerConfigKeys (ConfUtils.java:logGet(43)) - raft.server.log.segment.size.max = 1048576 (custom)
2019-09-29 10:45:41,705 [pool-62-thread-1] INFO  server.RaftServerConfigKeys (ConfUtils.java:logGet(43)) - raft.server.log.preallocated.size = 16384 (custom)
2019-09-29 10:45:41,705 [pool-72-thread-1] INFO  server.RaftServerConfigKeys (ConfUtils.java:logGet(43)) - raft.server.log.segment.size.max = 1048576 (custom)
2019-09-29 10:45:41,705 [pool-62-thread-1] INFO  server.RaftServerConfigKeys (ConfUtils.java:logGet(43)) - raft.server.log.write.buffer.size = 33554432 (custom)
2019-09-29 10:45:41,705 [pool-92-thread-1] INFO  server.RaftServerConfigKeys (ConfUtils.java:logGet(43)) - raft.server.log.segment.cache.num.max = 2 (custom)
2019-09-29 10:45:41,705 [pool-62-thread-1] INFO  server.RaftServerConfigKeys (ConfUtils.java:logGet(43)) - raft.server.log.force.sync.num = 128 (default)
2019-09-29 10:45:41,705 [pool-72-thread-1] INFO  server.RaftServerConfigKeys (ConfUtils.java:logGet(43)) - raft.server.log.segment.cache.num.max = 2 (custom)
2019-09-29 10:45:41,705 [pool-62-thread-1] INFO  server.RaftServerConfigKeys (ConfUtils.java:logGet(43)) - raft.server.log.statemachine.data.sync = true (default)
2019-09-29 10:45:41,705 [pool-92-thread-1] INFO  segmented.SegmentedRaftLogWorker (SegmentedRaftLogWorker.java:<init>(172)) - new f6b95176-143b-4dc2-a9fd-5757f55b0b36@group-2F255C48AB44-SegmentedRaftLogWorker for RaftStorage:Storage Directory /workdir/hadoop-ozone/integration-test/target/test-dir/MiniOzoneClusterImpl-f2f1897c-7c9f-4d93-a036-cb01af022a4f/datanode-6/data/ratis/d9f93ba6-99ac-47d5-9321-2f255c48ab44
2019-09-29 10:45:41,706 [pool-62-thread-1] INFO  server.RaftServerConfigKeys (ConfUtils.java:logGet(43)) - raft.server.log.statemachine.data.sync.timeout = 10s (default)
2019-09-29 10:45:41,706 [pool-72-thread-1] INFO  segmented.SegmentedRaftLogWorker (SegmentedRaftLogWorker.java:<init>(172)) - new 42e28882-afd5-40d9-af35-6e13b3e6644c@group-2F255C48AB44-SegmentedRaftLogWorker for RaftStorage:Storage Directory /workdir/hadoop-ozone/integration-test/target/test-dir/MiniOzoneClusterImpl-f2f1897c-7c9f-4d93-a036-cb01af022a4f/datanode-4/data/ratis/d9f93ba6-99ac-47d5-9321-2f255c48ab44
2019-09-29 10:45:41,706 [pool-62-thread-1] INFO  server.RaftServerConfigKeys (ConfUtils.java:logGet(43)) - raft.server.log.statemachine.data.sync.timeout.retry = -1 (default)
2019-09-29 10:45:41,706 [pool-92-thread-1] INFO  server.RaftServerConfigKeys (ConfUtils.java:logGet(43)) - raft.server.log.queue.byte-limit = 2147483647 (custom)
2019-09-29 10:45:41,706 [pool-62-thread-1] INFO  server.RaftServerConfigKeys (ConfUtils.java:logGet(43)) - raft.server.log.statemachine.data.caching.enabled = true (custom)
2019-09-29 10:45:41,706 [pool-72-thread-1] INFO  server.RaftServerConfigKeys (ConfUtils.java:logGet(43)) - raft.server.log.queue.byte-limit = 2147483647 (custom)
2019-09-29 10:45:41,706 [pool-92-thread-1] INFO  server.RaftServerConfigKeys (ConfUtils.java:logGet(43)) - raft.server.log.queue.element-limit = 1024 (custom)
2019-09-29 10:45:41,706 [pool-62-thread-1] INFO  segmented.SegmentedRaftLogWorker (SegmentedRaftLogWorker.java:lambda$new$0(132)) - db756f0c-6aee-46d9-ae72-02f4945ba453@group-2F255C48AB44-SegmentedRaftLogWorker: flushIndex: setUnconditionally 0 -> -1
2019-09-29 10:45:41,706 [pool-72-thread-1] INFO  server.RaftServerConfigKeys (ConfUtils.java:logGet(43)) - raft.server.log.queue.element-limit = 1024 (custom)
2019-09-29 10:45:41,706 [pool-92-thread-1] INFO  server.RaftServerConfigKeys (ConfUtils.java:logGet(43)) - raft.server.log.segment.size.max = 1048576 (custom)
2019-09-29 10:45:41,707 [pool-62-thread-1] INFO  server.RaftServerConfigKeys (ConfUtils.java:logGet(43)) - raft.server.snapshot.auto.trigger.enabled = true (custom)
2019-09-29 10:45:41,707 [pool-72-thread-1] INFO  server.RaftServerConfigKeys (ConfUtils.java:logGet(43)) - raft.server.log.segment.size.max = 1048576 (custom)
2019-09-29 10:45:41,707 [pool-62-thread-1] INFO  server.RaftServerConfigKeys (ConfUtils.java:logGet(43)) - raft.server.snapshot.auto.trigger.threshold = 10000 (custom)
2019-09-29 10:45:41,707 [pool-92-thread-1] INFO  server.RaftServerConfigKeys (ConfUtils.java:logGet(43)) - raft.server.log.preallocated.size = 16384 (custom)
2019-09-29 10:45:41,707 [pool-62-thread-1] INFO  server.RaftServerConfigKeys (ConfUtils.java:logGet(43)) - raft.server.snapshot.retention.num.files = 5 (custom)
2019-09-29 10:45:41,707 [pool-72-thread-1] INFO  server.RaftServerConfigKeys (ConfUtils.java:logGet(43)) - raft.server.log.preallocated.size = 16384 (custom)
2019-09-29 10:45:41,707 [pool-62-thread-1] INFO  server.RaftServerConfigKeys (ConfUtils.java:logGet(43)) - raft.server.retrycache.expirytime = 600000ms (custom)
2019-09-29 10:45:41,707 [pool-92-thread-1] INFO  server.RaftServerConfigKeys (ConfUtils.java:logGet(43)) - raft.server.log.write.buffer.size = 33554432 (custom)
2019-09-29 10:45:41,707 [pool-72-thread-1] INFO  server.RaftServerConfigKeys (ConfUtils.java:logGet(43)) - raft.server.log.write.buffer.size = 33554432 (custom)
2019-09-29 10:45:41,707 [pool-92-thread-1] INFO  server.RaftServerConfigKeys (ConfUtils.java:logGet(43)) - raft.server.log.force.sync.num = 128 (default)
2019-09-29 10:45:41,707 [pool-72-thread-1] INFO  server.RaftServerConfigKeys (ConfUtils.java:logGet(43)) - raft.server.log.force.sync.num = 128 (default)
2019-09-29 10:45:41,708 [pool-72-thread-1] INFO  server.RaftServerConfigKeys (ConfUtils.java:logGet(43)) - raft.server.log.statemachine.data.sync = true (default)
2019-09-29 10:45:41,708 [pool-92-thread-1] INFO  server.RaftServerConfigKeys (ConfUtils.java:logGet(43)) - raft.server.log.statemachine.data.sync = true (default)
2019-09-29 10:45:41,708 [pool-72-thread-1] INFO  server.RaftServerConfigKeys (ConfUtils.java:logGet(43)) - raft.server.log.statemachine.data.sync.timeout = 10s (default)
2019-09-29 10:45:41,708 [pool-92-thread-1] INFO  server.RaftServerConfigKeys (ConfUtils.java:logGet(43)) - raft.server.log.statemachine.data.sync.timeout = 10s (default)
2019-09-29 10:45:41,708 [pool-72-thread-1] INFO  server.RaftServerConfigKeys (ConfUtils.java:logGet(43)) - raft.server.log.statemachine.data.sync.timeout.retry = -1 (default)
2019-09-29 10:45:41,708 [pool-92-thread-1] INFO  server.RaftServerConfigKeys (ConfUtils.java:logGet(43)) - raft.server.log.statemachine.data.sync.timeout.retry = -1 (default)
2019-09-29 10:45:41,708 [pool-72-thread-1] INFO  server.RaftServerConfigKeys (ConfUtils.java:logGet(43)) - raft.server.log.statemachine.data.caching.enabled = true (custom)
2019-09-29 10:45:41,708 [pool-92-thread-1] INFO  server.RaftServerConfigKeys (ConfUtils.java:logGet(43)) - raft.server.log.statemachine.data.caching.enabled = true (custom)
2019-09-29 10:45:41,709 [pool-72-thread-1] INFO  segmented.SegmentedRaftLogWorker (SegmentedRaftLogWorker.java:lambda$new$0(132)) - 42e28882-afd5-40d9-af35-6e13b3e6644c@group-2F255C48AB44-SegmentedRaftLogWorker: flushIndex: setUnconditionally 0 -> -1
2019-09-29 10:45:41,709 [pool-92-thread-1] INFO  segmented.SegmentedRaftLogWorker (SegmentedRaftLogWorker.java:lambda$new$0(132)) - f6b95176-143b-4dc2-a9fd-5757f55b0b36@group-2F255C48AB44-SegmentedRaftLogWorker: flushIndex: setUnconditionally 0 -> -1
2019-09-29 10:45:41,709 [pool-72-thread-1] INFO  server.RaftServerConfigKeys (ConfUtils.java:logGet(43)) - raft.server.snapshot.auto.trigger.enabled = true (custom)
2019-09-29 10:45:41,709 [pool-92-thread-1] INFO  server.RaftServerConfigKeys (ConfUtils.java:logGet(43)) - raft.server.snapshot.auto.trigger.enabled = true (custom)
2019-09-29 10:45:41,709 [pool-62-thread-1] INFO  impl.RaftServerImpl (RaftServerImpl.java:start(185)) - db756f0c-6aee-46d9-ae72-02f4945ba453@group-2F255C48AB44: start as a follower, conf=-1: [f6b95176-143b-4dc2-a9fd-5757f55b0b36:192.168.164.250:36206, db756f0c-6aee-46d9-ae72-02f4945ba453:192.168.164.250:33209, 42e28882-afd5-40d9-af35-6e13b3e6644c:192.168.164.250:45196], old=null
2019-09-29 10:45:41,709 [pool-92-thread-1] INFO  server.RaftServerConfigKeys (ConfUtils.java:logGet(43)) - raft.server.snapshot.auto.trigger.threshold = 10000 (custom)
2019-09-29 10:45:41,709 [pool-72-thread-1] INFO  server.RaftServerConfigKeys (ConfUtils.java:logGet(43)) - raft.server.snapshot.auto.trigger.threshold = 10000 (custom)
2019-09-29 10:45:41,709 [pool-92-thread-1] INFO  server.RaftServerConfigKeys (ConfUtils.java:logGet(43)) - raft.server.snapshot.retention.num.files = 5 (custom)
2019-09-29 10:45:41,709 [pool-62-thread-1] INFO  impl.RaftServerImpl (RaftServerImpl.java:setRole(174)) - db756f0c-6aee-46d9-ae72-02f4945ba453@group-2F255C48AB44: changes role from      null to FOLLOWER at term 0 for startAsFollower
2019-09-29 10:45:41,709 [pool-92-thread-1] INFO  server.RaftServerConfigKeys (ConfUtils.java:logGet(43)) - raft.server.retrycache.expirytime = 600000ms (custom)
2019-09-29 10:45:41,709 [pool-72-thread-1] INFO  server.RaftServerConfigKeys (ConfUtils.java:logGet(43)) - raft.server.snapshot.retention.num.files = 5 (custom)
2019-09-29 10:45:41,709 [pool-62-thread-1] INFO  impl.RoleInfo (RoleInfo.java:updateAndGet(143)) - db756f0c-6aee-46d9-ae72-02f4945ba453: start FollowerState
2019-09-29 10:45:41,710 [pool-72-thread-1] INFO  server.RaftServerConfigKeys (ConfUtils.java:logGet(43)) - raft.server.retrycache.expirytime = 600000ms (custom)
2019-09-29 10:45:41,710 [pool-62-thread-1] INFO  util.JmxRegister (JmxRegister.java:tryRegister(44)) - Successfully registered JMX Bean with object name Ratis:service=RaftServer,group=group-2F255C48AB44,id=db756f0c-6aee-46d9-ae72-02f4945ba453
2019-09-29 10:45:41,712 [pool-92-thread-1] INFO  impl.RaftServerImpl (RaftServerImpl.java:start(185)) - f6b95176-143b-4dc2-a9fd-5757f55b0b36@group-2F255C48AB44: start as a follower, conf=-1: [f6b95176-143b-4dc2-a9fd-5757f55b0b36:192.168.164.250:36206, db756f0c-6aee-46d9-ae72-02f4945ba453:192.168.164.250:33209, 42e28882-afd5-40d9-af35-6e13b3e6644c:192.168.164.250:45196], old=null
2019-09-29 10:45:41,712 [pool-92-thread-1] INFO  impl.RaftServerImpl (RaftServerImpl.java:setRole(174)) - f6b95176-143b-4dc2-a9fd-5757f55b0b36@group-2F255C48AB44: changes role from      null to FOLLOWER at term 0 for startAsFollower
2019-09-29 10:45:41,712 [pool-92-thread-1] INFO  impl.RoleInfo (RoleInfo.java:updateAndGet(143)) - f6b95176-143b-4dc2-a9fd-5757f55b0b36: start FollowerState
2019-09-29 10:45:41,712 [pool-72-thread-1] INFO  impl.RaftServerImpl (RaftServerImpl.java:start(185)) - 42e28882-afd5-40d9-af35-6e13b3e6644c@group-2F255C48AB44: start as a follower, conf=-1: [f6b95176-143b-4dc2-a9fd-5757f55b0b36:192.168.164.250:36206, db756f0c-6aee-46d9-ae72-02f4945ba453:192.168.164.250:33209, 42e28882-afd5-40d9-af35-6e13b3e6644c:192.168.164.250:45196], old=null
2019-09-29 10:45:41,712 [pool-72-thread-1] INFO  impl.RaftServerImpl (RaftServerImpl.java:setRole(174)) - 42e28882-afd5-40d9-af35-6e13b3e6644c@group-2F255C48AB44: changes role from      null to FOLLOWER at term 0 for startAsFollower
2019-09-29 10:45:41,712 [pool-92-thread-1] INFO  util.JmxRegister (JmxRegister.java:tryRegister(44)) - Successfully registered JMX Bean with object name Ratis:service=RaftServer,group=group-2F255C48AB44,id=f6b95176-143b-4dc2-a9fd-5757f55b0b36
2019-09-29 10:45:41,712 [pool-72-thread-1] INFO  impl.RoleInfo (RoleInfo.java:updateAndGet(143)) - 42e28882-afd5-40d9-af35-6e13b3e6644c: start FollowerState
2019-09-29 10:45:41,723 [pool-72-thread-1] INFO  util.JmxRegister (JmxRegister.java:tryRegister(44)) - Successfully registered JMX Bean with object name Ratis:service=RaftServer,group=group-2F255C48AB44,id=42e28882-afd5-40d9-af35-6e13b3e6644c
2019-09-29 10:45:41,740 [RatisPipelineUtilsThread] INFO  pipeline.PipelineStateManager (PipelineStateManager.java:addPipeline(56)) - Created pipeline Pipeline[ Id: d9f93ba6-99ac-47d5-9321-2f255c48ab44, Nodes: f6b95176-143b-4dc2-a9fd-5757f55b0b36{ip: 192.168.164.250, host: pr-hdds-1569-p5qg8-3770903209, networkLocation: /default-rack, certSerialId: null}42e28882-afd5-40d9-af35-6e13b3e6644c{ip: 192.168.164.250, host: pr-hdds-1569-p5qg8-3770903209, networkLocation: /default-rack, certSerialId: null}db756f0c-6aee-46d9-ae72-02f4945ba453{ip: 192.168.164.250, host: pr-hdds-1569-p5qg8-3770903209, networkLocation: /default-rack, certSerialId: null}, Type:RATIS, Factor:THREE, State:OPEN]
2019-09-29 10:45:41,913 [qtp1183888521-18] INFO  kms-audit (SimpleKMSAuditLogger.java:logAuditSimpleFormat(93)) - OK[op=CREATE_KEY, key=key1, user=jenkins1000] UserProvidedMaterial:false Description:key1
2019-09-29 10:45:41,942 [main] INFO  rpc.RpcClient (RpcClient.java:createVolume(276)) - Creating Volume: 2eeb065f-3938-47cf-8155-c29676d23bb3, with jenkins1000 as owner.
2019-09-29 10:45:42,043 [IPC Server handler 1 on 38976] INFO  volume.OMVolumeCreateRequest (OMVolumeCreateRequest.java:validateAndUpdateCache(189)) - created volume:2eeb065f-3938-47cf-8155-c29676d23bb3 for user:jenkins1000
2019-09-29 10:45:42,073 [main] INFO  rpc.RpcClient (RpcClient.java:createBucket(415)) - Creating Bucket: 2eeb065f-3938-47cf-8155-c29676d23bb3/500010ae-2f7c-4ed0-87fd-242a71d2e259, with Versioning false and Storage Type set to DISK and Encryption set to true 
2019-09-29 10:45:42,107 [qtp1183888521-20] INFO  kms-audit (SimpleKMSAuditLogger.java:logAuditSimpleFormat(93)) - OK[op=GET_METADATA, key=key1, user=jenkins1000] 
2019-09-29 10:45:42,398 [qtp1183888521-21] INFO  kms-audit (SimpleKMSAuditLogger.java:logAuditEvent(59)) - OK[op=GENERATE_EEK, key=key1, user=jenkins1000, accessCount=1, interval=0ms] 
2019-09-29 10:45:42,501 [IPC Server handler 0 on 39734] WARN  block.BlockManagerImpl (BlockManagerImpl.java:allocateBlock(192)) - Pipeline creation failed for type:STAND_ALONE factor:ONE. Datanodes may be used up.
org.apache.hadoop.hdds.scm.exceptions.SCMException: Pipeline number meets the limit: 20
	at org.apache.hadoop.hdds.scm.pipeline.SCMPipelineManager.createPipeline(SCMPipelineManager.java:174)
	at org.apache.hadoop.hdds.scm.block.BlockManagerImpl.allocateBlock(BlockManagerImpl.java:190)
	at org.apache.hadoop.hdds.scm.server.SCMBlockProtocolServer.allocateBlock(SCMBlockProtocolServer.java:182)
	at org.apache.hadoop.ozone.protocolPB.ScmBlockLocationProtocolServerSideTranslatorPB.allocateScmBlock(ScmBlockLocationProtocolServerSideTranslatorPB.java:183)
	at org.apache.hadoop.ozone.protocolPB.ScmBlockLocationProtocolServerSideTranslatorPB.processMessage(ScmBlockLocationProtocolServerSideTranslatorPB.java:141)
	at org.apache.hadoop.ozone.protocolPB.ScmBlockLocationProtocolServerSideTranslatorPB.send(ScmBlockLocationProtocolServerSideTranslatorPB.java:116)
	at org.apache.hadoop.hdds.protocol.proto.ScmBlockLocationProtocolProtos$ScmBlockLocationProtocolService$2.callBlockingMethod(ScmBlockLocationProtocolProtos.java:13157)
	at org.apache.hadoop.ipc.ProtobufRpcEngine$Server$ProtoBufRpcInvoker.call(ProtobufRpcEngine.java:524)
	at org.apache.hadoop.ipc.RPC$Server.call(RPC.java:1025)
	at org.apache.hadoop.ipc.Server$RpcCall.run(Server.java:876)
	at org.apache.hadoop.ipc.Server$RpcCall.run(Server.java:822)
	at java.security.AccessController.doPrivileged(Native Method)
	at javax.security.auth.Subject.doAs(Subject.java:422)
	at org.apache.hadoop.security.UserGroupInformation.doAs(UserGroupInformation.java:1730)
	at org.apache.hadoop.ipc.Server$Handler.run(Server.java:2682)
2019-09-29 10:45:42,502 [IPC Server handler 0 on 39734] ERROR block.BlockManagerImpl (BlockManagerImpl.java:allocateBlock(226)) - Unable to allocate a block for the size: 4194304, type: STAND_ALONE, factor: ONE
]]></system-out>
    <system-err><![CDATA[ERROR StatusLogger No Log4j 2 configuration file found. Using default configuration (logging only errors to the console), or user programmatically provided configurations. Set system property 'log4j2.debug' to show Log4j 2 internal initialization logging. See https://logging.apache.org/log4j/2.x/manual/configuration.html for instructions on how to configure Log4j 2
Sep 29, 2019 10:45:28 AM com.sun.jersey.api.core.PackagesResourceConfig init
INFO: Scanning for root resource and provider classes in the packages:
  org.apache.hadoop.crypto.key.kms.server
Sep 29, 2019 10:45:28 AM com.sun.jersey.api.core.ScanningResourceConfig logClasses
INFO: Root resource classes found:
  class org.apache.hadoop.crypto.key.kms.server.KMS
Sep 29, 2019 10:45:28 AM com.sun.jersey.api.core.ScanningResourceConfig logClasses
INFO: Provider classes found:
  class org.apache.hadoop.crypto.key.kms.server.KMSJSONReader
  class org.apache.hadoop.crypto.key.kms.server.KMSJSONWriter
  class org.apache.hadoop.crypto.key.kms.server.KMSExceptionsProvider
Sep 29, 2019 10:45:29 AM com.sun.jersey.server.impl.application.WebApplicationImpl _initiate
INFO: Initiating Jersey application, version 'Jersey: 1.19 02/11/2015 03:25 AM'
Sep 29, 2019 10:45:41 AM com.sun.jersey.server.wadl.generators.WadlGeneratorJAXBGrammarGenerator buildModelAndSchemas
SEVERE: Failed to generate the schema for the JAX-B elements
com.sun.xml.bind.v2.runtime.IllegalAnnotationsException: 1 counts of IllegalAnnotationExceptions
java.util.Map is an interface, and JAXB can't handle interfaces.
	this problem is related to the following location:
		at java.util.Map

	at com.sun.xml.bind.v2.runtime.IllegalAnnotationsException$Builder.check(IllegalAnnotationsException.java:106)
	at com.sun.xml.bind.v2.runtime.JAXBContextImpl.getTypeInfoSet(JAXBContextImpl.java:471)
	at com.sun.xml.bind.v2.runtime.JAXBContextImpl.<init>(JAXBContextImpl.java:303)
	at com.sun.xml.bind.v2.runtime.JAXBContextImpl.<init>(JAXBContextImpl.java:139)
	at com.sun.xml.bind.v2.runtime.JAXBContextImpl$JAXBContextBuilder.build(JAXBContextImpl.java:1156)
	at com.sun.xml.bind.v2.ContextFactory.createContext(ContextFactory.java:165)
	at sun.reflect.NativeMethodAccessorImpl.invoke0(Native Method)
	at sun.reflect.NativeMethodAccessorImpl.invoke(NativeMethodAccessorImpl.java:62)
	at sun.reflect.DelegatingMethodAccessorImpl.invoke(DelegatingMethodAccessorImpl.java:43)
	at java.lang.reflect.Method.invoke(Method.java:498)
	at javax.xml.bind.ContextFinder.newInstance(ContextFinder.java:247)
	at javax.xml.bind.ContextFinder.newInstance(ContextFinder.java:234)
	at javax.xml.bind.ContextFinder.find(ContextFinder.java:441)
	at javax.xml.bind.JAXBContext.newInstance(JAXBContext.java:641)
	at javax.xml.bind.JAXBContext.newInstance(JAXBContext.java:584)
	at com.sun.jersey.server.wadl.generators.WadlGeneratorJAXBGrammarGenerator.buildModelAndSchemas(WadlGeneratorJAXBGrammarGenerator.java:169)
	at com.sun.jersey.server.wadl.generators.AbstractWadlGeneratorGrammarGenerator.createExternalGrammar(AbstractWadlGeneratorGrammarGenerator.java:405)
	at com.sun.jersey.server.wadl.WadlBuilder.generate(WadlBuilder.java:149)
	at com.sun.jersey.server.impl.wadl.WadlApplicationContextImpl.getApplication(WadlApplicationContextImpl.java:119)
	at com.sun.jersey.server.impl.wadl.WadlApplicationContextImpl.getApplication(WadlApplicationContextImpl.java:138)
	at com.sun.jersey.server.impl.wadl.WadlMethodFactory$WadlOptionsMethodDispatcher.dispatch(WadlMethodFactory.java:110)
	at com.sun.jersey.server.impl.uri.rules.HttpMethodRule.accept(HttpMethodRule.java:302)
	at com.sun.jersey.server.impl.uri.rules.RightHandPathRule.accept(RightHandPathRule.java:147)
	at com.sun.jersey.server.impl.uri.rules.ResourceClassRule.accept(ResourceClassRule.java:108)
	at com.sun.jersey.server.impl.uri.rules.RightHandPathRule.accept(RightHandPathRule.java:147)
	at com.sun.jersey.server.impl.uri.rules.RootResourceClassesRule.accept(RootResourceClassesRule.java:84)
	at com.sun.jersey.server.impl.application.WebApplicationImpl._handleRequest(WebApplicationImpl.java:1542)
	at com.sun.jersey.server.impl.application.WebApplicationImpl._handleRequest(WebApplicationImpl.java:1473)
	at com.sun.jersey.server.impl.application.WebApplicationImpl.handleRequest(WebApplicationImpl.java:1419)
	at com.sun.jersey.server.impl.application.WebApplicationImpl.handleRequest(WebApplicationImpl.java:1409)
	at com.sun.jersey.spi.container.servlet.WebComponent.service(WebComponent.java:409)
	at com.sun.jersey.spi.container.servlet.ServletContainer.service(ServletContainer.java:558)
	at com.sun.jersey.spi.container.servlet.ServletContainer.service(ServletContainer.java:733)
	at javax.servlet.http.HttpServlet.service(HttpServlet.java:790)
	at org.eclipse.jetty.servlet.ServletHolder.handle(ServletHolder.java:848)
	at org.eclipse.jetty.servlet.ServletHandler$CachedChain.doFilter(ServletHandler.java:1780)
	at org.apache.hadoop.crypto.key.kms.server.KMSMDCFilter.doFilter(KMSMDCFilter.java:84)
	at org.eclipse.jetty.servlet.ServletHandler$CachedChain.doFilter(ServletHandler.java:1767)
	at org.apache.hadoop.security.authentication.server.AuthenticationFilter.doFilter(AuthenticationFilter.java:644)
	at org.apache.hadoop.security.token.delegation.web.DelegationTokenAuthenticationFilter.doFilter(DelegationTokenAuthenticationFilter.java:304)
	at org.apache.hadoop.security.authentication.server.AuthenticationFilter.doFilter(AuthenticationFilter.java:592)
	at org.apache.hadoop.crypto.key.kms.server.KMSAuthenticationFilter.doFilter(KMSAuthenticationFilter.java:142)
	at org.eclipse.jetty.servlet.ServletHandler$CachedChain.doFilter(ServletHandler.java:1759)
	at org.apache.hadoop.http.HttpServer2$QuotingInputFilter.doFilter(HttpServer2.java:1609)
	at org.eclipse.jetty.servlet.ServletHandler$CachedChain.doFilter(ServletHandler.java:1767)
	at org.apache.hadoop.http.NoCacheFilter.doFilter(NoCacheFilter.java:45)
	at org.eclipse.jetty.servlet.ServletHandler$CachedChain.doFilter(ServletHandler.java:1767)
	at org.eclipse.jetty.servlet.ServletHandler.doHandle(ServletHandler.java:583)
	at org.eclipse.jetty.server.handler.ScopedHandler.handle(ScopedHandler.java:143)
	at org.eclipse.jetty.security.SecurityHandler.handle(SecurityHandler.java:548)
	at org.eclipse.jetty.server.session.SessionHandler.doHandle(SessionHandler.java:226)
	at org.eclipse.jetty.server.handler.ContextHandler.doHandle(ContextHandler.java:1180)
	at org.eclipse.jetty.servlet.ServletHandler.doScope(ServletHandler.java:513)
	at org.eclipse.jetty.server.session.SessionHandler.doScope(SessionHandler.java:185)
	at org.eclipse.jetty.server.handler.ContextHandler.doScope(ContextHandler.java:1112)
	at org.eclipse.jetty.server.handler.ScopedHandler.handle(ScopedHandler.java:141)
	at org.eclipse.jetty.server.handler.HandlerCollection.handle(HandlerCollection.java:119)
	at org.eclipse.jetty.server.handler.HandlerWrapper.handle(HandlerWrapper.java:134)
	at org.eclipse.jetty.server.Server.handle(Server.java:536)
	at org.eclipse.jetty.server.HttpChannel.handle(HttpChannel.java:333)
	at org.eclipse.jetty.server.HttpConnection.onFillable(HttpConnection.java:251)
	at org.eclipse.jetty.io.AbstractConnection$ReadCallback.succeeded(AbstractConnection.java:283)
	at org.eclipse.jetty.io.FillInterest.fillable(FillInterest.java:108)
	at org.eclipse.jetty.io.SelectChannelEndPoint$2.run(SelectChannelEndPoint.java:93)
	at org.eclipse.jetty.util.thread.strategy.ExecuteProduceConsume.executeProduceConsume(ExecuteProduceConsume.java:303)
	at org.eclipse.jetty.util.thread.strategy.ExecuteProduceConsume.produceConsume(ExecuteProduceConsume.java:148)
	at org.eclipse.jetty.util.thread.strategy.ExecuteProduceConsume.run(ExecuteProduceConsume.java:136)
	at org.eclipse.jetty.util.thread.QueuedThreadPool.runJob(QueuedThreadPool.java:671)
	at org.eclipse.jetty.util.thread.QueuedThreadPool$2.run(QueuedThreadPool.java:589)
	at java.lang.Thread.run(Thread.java:748)

Sep 29, 2019 10:45:41 AM com.sun.jersey.server.wadl.generators.AbstractWadlGeneratorGrammarGenerator attachTypes
INFO: Couldn't find grammar element for class java.util.Map
Sep 29, 2019 10:45:41 AM com.sun.jersey.server.wadl.generators.AbstractWadlGeneratorGrammarGenerator attachTypes
INFO: Couldn't find grammar element for class javax.ws.rs.core.Response
Sep 29, 2019 10:45:41 AM com.sun.jersey.server.wadl.generators.AbstractWadlGeneratorGrammarGenerator attachTypes
INFO: Couldn't find grammar element for class java.util.Map
Sep 29, 2019 10:45:41 AM com.sun.jersey.server.wadl.generators.AbstractWadlGeneratorGrammarGenerator attachTypes
INFO: Couldn't find grammar element for class javax.ws.rs.core.Response
Sep 29, 2019 10:45:41 AM com.sun.jersey.server.wadl.generators.AbstractWadlGeneratorGrammarGenerator attachTypes
INFO: Couldn't find grammar element for class java.util.Map
Sep 29, 2019 10:45:41 AM com.sun.jersey.server.wadl.generators.AbstractWadlGeneratorGrammarGenerator attachTypes
INFO: Couldn't find grammar element for class java.util.Map
Sep 29, 2019 10:45:41 AM com.sun.jersey.server.wadl.generators.AbstractWadlGeneratorGrammarGenerator attachTypes
INFO: Couldn't find grammar element for class javax.ws.rs.core.Response
Sep 29, 2019 10:45:41 AM com.sun.jersey.server.wadl.generators.AbstractWadlGeneratorGrammarGenerator attachTypes
INFO: Couldn't find grammar element for class java.util.Map
]]></system-err>
  </testcase>
  <testcase name="testMultipartUpload" classname="org.apache.hadoop.ozone.client.rpc.TestOzoneAtRestEncryption" time="16.564"/>
  <testcase name="testInitiateMultipartUploadWithReplicationInformationSet" classname="org.apache.hadoop.ozone.client.rpc.TestOzoneAtRestEncryption" time="0.014"/>
  <testcase name="testRenameKey" classname="org.apache.hadoop.ozone.client.rpc.TestOzoneAtRestEncryption" time="0.02">
    <error message="Allocated 0 blocks. Requested 1 blocks" type="INTERNAL_ERROR org.apache.hadoop.ozone.om.exceptions.OMException">INTERNAL_ERROR org.apache.hadoop.ozone.om.exceptions.OMException: Allocated 0 blocks. Requested 1 blocks
	at org.apache.hadoop.ozone.om.protocolPB.OzoneManagerProtocolClientSideTranslatorPB.handleError(OzoneManagerProtocolClientSideTranslatorPB.java:732)
	at org.apache.hadoop.ozone.om.protocolPB.OzoneManagerProtocolClientSideTranslatorPB.openKey(OzoneManagerProtocolClientSideTranslatorPB.java:723)
	at sun.reflect.NativeMethodAccessorImpl.invoke0(Native Method)
	at sun.reflect.NativeMethodAccessorImpl.invoke(NativeMethodAccessorImpl.java:62)
	at sun.reflect.DelegatingMethodAccessorImpl.invoke(DelegatingMethodAccessorImpl.java:43)
	at java.lang.reflect.Method.invoke(Method.java:498)
	at org.apache.hadoop.hdds.tracing.TraceAllMethod.invoke(TraceAllMethod.java:66)
	at com.sun.proxy.$Proxy86.openKey(Unknown Source)
	at org.apache.hadoop.ozone.client.rpc.RpcClient.createKey(RpcClient.java:614)
	at org.apache.hadoop.ozone.client.OzoneBucket.createKey(OzoneBucket.java:325)
	at org.apache.hadoop.ozone.client.rpc.TestOzoneRpcClientAbstract.testRenameKey(TestOzoneRpcClientAbstract.java:1273)
	at sun.reflect.NativeMethodAccessorImpl.invoke0(Native Method)
	at sun.reflect.NativeMethodAccessorImpl.invoke(NativeMethodAccessorImpl.java:62)
	at sun.reflect.DelegatingMethodAccessorImpl.invoke(DelegatingMethodAccessorImpl.java:43)
	at java.lang.reflect.Method.invoke(Method.java:498)
	at org.junit.runners.model.FrameworkMethod$1.runReflectiveCall(FrameworkMethod.java:47)
	at org.junit.internal.runners.model.ReflectiveCallable.run(ReflectiveCallable.java:12)
	at org.junit.runners.model.FrameworkMethod.invokeExplosively(FrameworkMethod.java:44)
	at org.junit.internal.runners.statements.InvokeMethod.evaluate(InvokeMethod.java:17)
	at org.junit.runners.ParentRunner.runLeaf(ParentRunner.java:271)
	at org.junit.runners.BlockJUnit4ClassRunner.runChild(BlockJUnit4ClassRunner.java:70)
	at org.junit.runners.BlockJUnit4ClassRunner.runChild(BlockJUnit4ClassRunner.java:50)
	at org.junit.runners.ParentRunner$3.run(ParentRunner.java:238)
	at org.junit.runners.ParentRunner$1.schedule(ParentRunner.java:63)
	at org.junit.runners.ParentRunner.runChildren(ParentRunner.java:236)
	at org.junit.runners.ParentRunner.access$000(ParentRunner.java:53)
	at org.junit.runners.ParentRunner$2.evaluate(ParentRunner.java:229)
	at org.junit.internal.runners.statements.RunBefores.evaluate(RunBefores.java:26)
	at org.junit.internal.runners.statements.RunAfters.evaluate(RunAfters.java:27)
	at org.junit.runners.ParentRunner.run(ParentRunner.java:309)
	at org.apache.maven.surefire.junit4.JUnit4Provider.execute(JUnit4Provider.java:365)
	at org.apache.maven.surefire.junit4.JUnit4Provider.executeWithRerun(JUnit4Provider.java:273)
	at org.apache.maven.surefire.junit4.JUnit4Provider.executeTestSet(JUnit4Provider.java:238)
	at org.apache.maven.surefire.junit4.JUnit4Provider.invoke(JUnit4Provider.java:159)
	at org.apache.maven.surefire.booter.ForkedBooter.invokeProviderInSameClassLoader(ForkedBooter.java:384)
	at org.apache.maven.surefire.booter.ForkedBooter.runSuitesInProcess(ForkedBooter.java:345)
	at org.apache.maven.surefire.booter.ForkedBooter.execute(ForkedBooter.java:126)
	at org.apache.maven.surefire.booter.ForkedBooter.main(ForkedBooter.java:418)
</error>
    <system-out><![CDATA[2019-09-29 10:45:59,101 [main] INFO  rpc.RpcClient (RpcClient.java:createVolume(276)) - Creating Volume: e09b52e7-6263-4274-a786-4fa5ca3aaca2, with jenkins1000 as owner.
2019-09-29 10:45:59,103 [IPC Server handler 13 on 38976] INFO  volume.OMVolumeCreateRequest (OMVolumeCreateRequest.java:validateAndUpdateCache(189)) - created volume:e09b52e7-6263-4274-a786-4fa5ca3aaca2 for user:jenkins1000
2019-09-29 10:45:59,105 [main] INFO  rpc.RpcClient (RpcClient.java:createBucket(415)) - Creating Bucket: e09b52e7-6263-4274-a786-4fa5ca3aaca2/95c74bfc-06b2-4385-b0da-63d9475305dd, with Versioning false and Storage Type set to DISK and Encryption set to false 
2019-09-29 10:45:59,110 [IPC Server handler 2 on 39734] WARN  block.BlockManagerImpl (BlockManagerImpl.java:allocateBlock(192)) - Pipeline creation failed for type:STAND_ALONE factor:ONE. Datanodes may be used up.
org.apache.hadoop.hdds.scm.exceptions.SCMException: Pipeline number meets the limit: 20
	at org.apache.hadoop.hdds.scm.pipeline.SCMPipelineManager.createPipeline(SCMPipelineManager.java:174)
	at org.apache.hadoop.hdds.scm.block.BlockManagerImpl.allocateBlock(BlockManagerImpl.java:190)
	at org.apache.hadoop.hdds.scm.server.SCMBlockProtocolServer.allocateBlock(SCMBlockProtocolServer.java:182)
	at org.apache.hadoop.ozone.protocolPB.ScmBlockLocationProtocolServerSideTranslatorPB.allocateScmBlock(ScmBlockLocationProtocolServerSideTranslatorPB.java:183)
	at org.apache.hadoop.ozone.protocolPB.ScmBlockLocationProtocolServerSideTranslatorPB.processMessage(ScmBlockLocationProtocolServerSideTranslatorPB.java:141)
	at org.apache.hadoop.ozone.protocolPB.ScmBlockLocationProtocolServerSideTranslatorPB.send(ScmBlockLocationProtocolServerSideTranslatorPB.java:116)
	at org.apache.hadoop.hdds.protocol.proto.ScmBlockLocationProtocolProtos$ScmBlockLocationProtocolService$2.callBlockingMethod(ScmBlockLocationProtocolProtos.java:13157)
	at org.apache.hadoop.ipc.ProtobufRpcEngine$Server$ProtoBufRpcInvoker.call(ProtobufRpcEngine.java:524)
	at org.apache.hadoop.ipc.RPC$Server.call(RPC.java:1025)
	at org.apache.hadoop.ipc.Server$RpcCall.run(Server.java:876)
	at org.apache.hadoop.ipc.Server$RpcCall.run(Server.java:822)
	at java.security.AccessController.doPrivileged(Native Method)
	at javax.security.auth.Subject.doAs(Subject.java:422)
	at org.apache.hadoop.security.UserGroupInformation.doAs(UserGroupInformation.java:1730)
	at org.apache.hadoop.ipc.Server$Handler.run(Server.java:2682)
2019-09-29 10:45:59,114 [IPC Server handler 2 on 39734] ERROR block.BlockManagerImpl (BlockManagerImpl.java:allocateBlock(226)) - Unable to allocate a block for the size: 4194304, type: STAND_ALONE, factor: ONE
]]></system-out>
  </testcase>
  <testcase name="testCreateBucketWithVersioning" classname="org.apache.hadoop.ozone.client.rpc.TestOzoneAtRestEncryption" time="0.005"/>
  <testcase name="testCreateS3Bucket" classname="org.apache.hadoop.ozone.client.rpc.TestOzoneAtRestEncryption" time="0.012"/>
  <testcase name="testUploadPartOverrideWithStandAlone" classname="org.apache.hadoop.ozone.client.rpc.TestOzoneAtRestEncryption" time="0.012">
    <error message="Allocated 0 blocks. Requested 1 blocks" type="INTERNAL_ERROR org.apache.hadoop.ozone.om.exceptions.OMException">INTERNAL_ERROR org.apache.hadoop.ozone.om.exceptions.OMException: Allocated 0 blocks. Requested 1 blocks
	at org.apache.hadoop.ozone.om.protocolPB.OzoneManagerProtocolClientSideTranslatorPB.handleError(OzoneManagerProtocolClientSideTranslatorPB.java:732)
	at org.apache.hadoop.ozone.om.protocolPB.OzoneManagerProtocolClientSideTranslatorPB.allocateBlock(OzoneManagerProtocolClientSideTranslatorPB.java:764)
	at sun.reflect.NativeMethodAccessorImpl.invoke0(Native Method)
	at sun.reflect.NativeMethodAccessorImpl.invoke(NativeMethodAccessorImpl.java:62)
	at sun.reflect.DelegatingMethodAccessorImpl.invoke(DelegatingMethodAccessorImpl.java:43)
	at java.lang.reflect.Method.invoke(Method.java:498)
	at org.apache.hadoop.hdds.tracing.TraceAllMethod.invoke(TraceAllMethod.java:66)
	at com.sun.proxy.$Proxy86.allocateBlock(Unknown Source)
	at org.apache.hadoop.ozone.client.io.BlockOutputStreamEntryPool.allocateNewBlock(BlockOutputStreamEntryPool.java:248)
	at org.apache.hadoop.ozone.client.io.BlockOutputStreamEntryPool.allocateBlockIfNeeded(BlockOutputStreamEntryPool.java:296)
	at org.apache.hadoop.ozone.client.io.KeyOutputStream.handleWrite(KeyOutputStream.java:198)
	at org.apache.hadoop.ozone.client.io.KeyOutputStream.write(KeyOutputStream.java:190)
	at org.apache.hadoop.ozone.client.io.OzoneOutputStream.write(OzoneOutputStream.java:49)
	at org.apache.hadoop.ozone.client.rpc.TestOzoneRpcClientAbstract.testUploadPartOverrideWithStandAlone(TestOzoneRpcClientAbstract.java:1718)
	at sun.reflect.NativeMethodAccessorImpl.invoke0(Native Method)
	at sun.reflect.NativeMethodAccessorImpl.invoke(NativeMethodAccessorImpl.java:62)
	at sun.reflect.DelegatingMethodAccessorImpl.invoke(DelegatingMethodAccessorImpl.java:43)
	at java.lang.reflect.Method.invoke(Method.java:498)
	at org.junit.runners.model.FrameworkMethod$1.runReflectiveCall(FrameworkMethod.java:47)
	at org.junit.internal.runners.model.ReflectiveCallable.run(ReflectiveCallable.java:12)
	at org.junit.runners.model.FrameworkMethod.invokeExplosively(FrameworkMethod.java:44)
	at org.junit.internal.runners.statements.InvokeMethod.evaluate(InvokeMethod.java:17)
	at org.junit.runners.ParentRunner.runLeaf(ParentRunner.java:271)
	at org.junit.runners.BlockJUnit4ClassRunner.runChild(BlockJUnit4ClassRunner.java:70)
	at org.junit.runners.BlockJUnit4ClassRunner.runChild(BlockJUnit4ClassRunner.java:50)
	at org.junit.runners.ParentRunner$3.run(ParentRunner.java:238)
	at org.junit.runners.ParentRunner$1.schedule(ParentRunner.java:63)
	at org.junit.runners.ParentRunner.runChildren(ParentRunner.java:236)
	at org.junit.runners.ParentRunner.access$000(ParentRunner.java:53)
	at org.junit.runners.ParentRunner$2.evaluate(ParentRunner.java:229)
	at org.junit.internal.runners.statements.RunBefores.evaluate(RunBefores.java:26)
	at org.junit.internal.runners.statements.RunAfters.evaluate(RunAfters.java:27)
	at org.junit.runners.ParentRunner.run(ParentRunner.java:309)
	at org.apache.maven.surefire.junit4.JUnit4Provider.execute(JUnit4Provider.java:365)
	at org.apache.maven.surefire.junit4.JUnit4Provider.executeWithRerun(JUnit4Provider.java:273)
	at org.apache.maven.surefire.junit4.JUnit4Provider.executeTestSet(JUnit4Provider.java:238)
	at org.apache.maven.surefire.junit4.JUnit4Provider.invoke(JUnit4Provider.java:159)
	at org.apache.maven.surefire.booter.ForkedBooter.invokeProviderInSameClassLoader(ForkedBooter.java:384)
	at org.apache.maven.surefire.booter.ForkedBooter.runSuitesInProcess(ForkedBooter.java:345)
	at org.apache.maven.surefire.booter.ForkedBooter.execute(ForkedBooter.java:126)
	at org.apache.maven.surefire.booter.ForkedBooter.main(ForkedBooter.java:418)
</error>
    <system-out><![CDATA[2019-09-29 10:45:59,137 [main] INFO  rpc.RpcClient (RpcClient.java:createVolume(276)) - Creating Volume: c881f0cc-dd7a-4722-ac5c-4d9dc8be4616, with jenkins1000 as owner.
2019-09-29 10:45:59,138 [IPC Server handler 3 on 38976] INFO  volume.OMVolumeCreateRequest (OMVolumeCreateRequest.java:validateAndUpdateCache(189)) - created volume:c881f0cc-dd7a-4722-ac5c-4d9dc8be4616 for user:jenkins1000
2019-09-29 10:45:59,139 [main] INFO  rpc.RpcClient (RpcClient.java:createBucket(415)) - Creating Bucket: c881f0cc-dd7a-4722-ac5c-4d9dc8be4616/a5549ec5-767f-4f0d-a731-250f4ac3cd8e, with Versioning false and Storage Type set to DISK and Encryption set to false 
2019-09-29 10:45:59,147 [IPC Server handler 13 on 39734] WARN  block.BlockManagerImpl (BlockManagerImpl.java:allocateBlock(192)) - Pipeline creation failed for type:STAND_ALONE factor:ONE. Datanodes may be used up.
org.apache.hadoop.hdds.scm.exceptions.SCMException: Pipeline number meets the limit: 20
	at org.apache.hadoop.hdds.scm.pipeline.SCMPipelineManager.createPipeline(SCMPipelineManager.java:174)
	at org.apache.hadoop.hdds.scm.block.BlockManagerImpl.allocateBlock(BlockManagerImpl.java:190)
	at org.apache.hadoop.hdds.scm.server.SCMBlockProtocolServer.allocateBlock(SCMBlockProtocolServer.java:182)
	at org.apache.hadoop.ozone.protocolPB.ScmBlockLocationProtocolServerSideTranslatorPB.allocateScmBlock(ScmBlockLocationProtocolServerSideTranslatorPB.java:183)
	at org.apache.hadoop.ozone.protocolPB.ScmBlockLocationProtocolServerSideTranslatorPB.processMessage(ScmBlockLocationProtocolServerSideTranslatorPB.java:141)
	at org.apache.hadoop.ozone.protocolPB.ScmBlockLocationProtocolServerSideTranslatorPB.send(ScmBlockLocationProtocolServerSideTranslatorPB.java:116)
	at org.apache.hadoop.hdds.protocol.proto.ScmBlockLocationProtocolProtos$ScmBlockLocationProtocolService$2.callBlockingMethod(ScmBlockLocationProtocolProtos.java:13157)
	at org.apache.hadoop.ipc.ProtobufRpcEngine$Server$ProtoBufRpcInvoker.call(ProtobufRpcEngine.java:524)
	at org.apache.hadoop.ipc.RPC$Server.call(RPC.java:1025)
	at org.apache.hadoop.ipc.Server$RpcCall.run(Server.java:876)
	at org.apache.hadoop.ipc.Server$RpcCall.run(Server.java:822)
	at java.security.AccessController.doPrivileged(Native Method)
	at javax.security.auth.Subject.doAs(Subject.java:422)
	at org.apache.hadoop.security.UserGroupInformation.doAs(UserGroupInformation.java:1730)
	at org.apache.hadoop.ipc.Server$Handler.run(Server.java:2682)
2019-09-29 10:45:59,147 [IPC Server handler 13 on 39734] ERROR block.BlockManagerImpl (BlockManagerImpl.java:allocateBlock(226)) - Unable to allocate a block for the size: 4194304, type: STAND_ALONE, factor: ONE
2019-09-29 10:45:59,148 [main] ERROR io.BlockOutputStreamEntryPool (BlockOutputStreamEntryPool.java:allocateBlockIfNeeded(299)) - Try to allocate more blocks for write failed, already allocated 0 blocks for this write.
INTERNAL_ERROR org.apache.hadoop.ozone.om.exceptions.OMException: Allocated 0 blocks. Requested 1 blocks
	at org.apache.hadoop.ozone.om.protocolPB.OzoneManagerProtocolClientSideTranslatorPB.handleError(OzoneManagerProtocolClientSideTranslatorPB.java:732)
	at org.apache.hadoop.ozone.om.protocolPB.OzoneManagerProtocolClientSideTranslatorPB.allocateBlock(OzoneManagerProtocolClientSideTranslatorPB.java:764)
	at sun.reflect.NativeMethodAccessorImpl.invoke0(Native Method)
	at sun.reflect.NativeMethodAccessorImpl.invoke(NativeMethodAccessorImpl.java:62)
	at sun.reflect.DelegatingMethodAccessorImpl.invoke(DelegatingMethodAccessorImpl.java:43)
	at java.lang.reflect.Method.invoke(Method.java:498)
	at org.apache.hadoop.hdds.tracing.TraceAllMethod.invoke(TraceAllMethod.java:66)
	at com.sun.proxy.$Proxy86.allocateBlock(Unknown Source)
	at org.apache.hadoop.ozone.client.io.BlockOutputStreamEntryPool.allocateNewBlock(BlockOutputStreamEntryPool.java:248)
	at org.apache.hadoop.ozone.client.io.BlockOutputStreamEntryPool.allocateBlockIfNeeded(BlockOutputStreamEntryPool.java:296)
	at org.apache.hadoop.ozone.client.io.KeyOutputStream.handleWrite(KeyOutputStream.java:198)
	at org.apache.hadoop.ozone.client.io.KeyOutputStream.write(KeyOutputStream.java:190)
	at org.apache.hadoop.ozone.client.io.OzoneOutputStream.write(OzoneOutputStream.java:49)
	at org.apache.hadoop.ozone.client.rpc.TestOzoneRpcClientAbstract.testUploadPartOverrideWithStandAlone(TestOzoneRpcClientAbstract.java:1718)
	at sun.reflect.NativeMethodAccessorImpl.invoke0(Native Method)
	at sun.reflect.NativeMethodAccessorImpl.invoke(NativeMethodAccessorImpl.java:62)
	at sun.reflect.DelegatingMethodAccessorImpl.invoke(DelegatingMethodAccessorImpl.java:43)
	at java.lang.reflect.Method.invoke(Method.java:498)
	at org.junit.runners.model.FrameworkMethod$1.runReflectiveCall(FrameworkMethod.java:47)
	at org.junit.internal.runners.model.ReflectiveCallable.run(ReflectiveCallable.java:12)
	at org.junit.runners.model.FrameworkMethod.invokeExplosively(FrameworkMethod.java:44)
	at org.junit.internal.runners.statements.InvokeMethod.evaluate(InvokeMethod.java:17)
	at org.junit.runners.ParentRunner.runLeaf(ParentRunner.java:271)
	at org.junit.runners.BlockJUnit4ClassRunner.runChild(BlockJUnit4ClassRunner.java:70)
	at org.junit.runners.BlockJUnit4ClassRunner.runChild(BlockJUnit4ClassRunner.java:50)
	at org.junit.runners.ParentRunner$3.run(ParentRunner.java:238)
	at org.junit.runners.ParentRunner$1.schedule(ParentRunner.java:63)
	at org.junit.runners.ParentRunner.runChildren(ParentRunner.java:236)
	at org.junit.runners.ParentRunner.access$000(ParentRunner.java:53)
	at org.junit.runners.ParentRunner$2.evaluate(ParentRunner.java:229)
	at org.junit.internal.runners.statements.RunBefores.evaluate(RunBefores.java:26)
	at org.junit.internal.runners.statements.RunAfters.evaluate(RunAfters.java:27)
	at org.junit.runners.ParentRunner.run(ParentRunner.java:309)
	at org.apache.maven.surefire.junit4.JUnit4Provider.execute(JUnit4Provider.java:365)
	at org.apache.maven.surefire.junit4.JUnit4Provider.executeWithRerun(JUnit4Provider.java:273)
	at org.apache.maven.surefire.junit4.JUnit4Provider.executeTestSet(JUnit4Provider.java:238)
	at org.apache.maven.surefire.junit4.JUnit4Provider.invoke(JUnit4Provider.java:159)
	at org.apache.maven.surefire.booter.ForkedBooter.invokeProviderInSameClassLoader(ForkedBooter.java:384)
	at org.apache.maven.surefire.booter.ForkedBooter.runSuitesInProcess(ForkedBooter.java:345)
	at org.apache.maven.surefire.booter.ForkedBooter.execute(ForkedBooter.java:126)
	at org.apache.maven.surefire.booter.ForkedBooter.main(ForkedBooter.java:418)
]]></system-out>
  </testcase>
  <testcase name="testNativeAclsForKey" classname="org.apache.hadoop.ozone.client.rpc.TestOzoneAtRestEncryption" time="0.01">
    <error message="Allocated 0 blocks. Requested 1 blocks" type="INTERNAL_ERROR org.apache.hadoop.ozone.om.exceptions.OMException">INTERNAL_ERROR org.apache.hadoop.ozone.om.exceptions.OMException: Allocated 0 blocks. Requested 1 blocks
	at org.apache.hadoop.ozone.om.protocolPB.OzoneManagerProtocolClientSideTranslatorPB.handleError(OzoneManagerProtocolClientSideTranslatorPB.java:732)
	at org.apache.hadoop.ozone.om.protocolPB.OzoneManagerProtocolClientSideTranslatorPB.openKey(OzoneManagerProtocolClientSideTranslatorPB.java:723)
	at sun.reflect.NativeMethodAccessorImpl.invoke0(Native Method)
	at sun.reflect.NativeMethodAccessorImpl.invoke(NativeMethodAccessorImpl.java:62)
	at sun.reflect.DelegatingMethodAccessorImpl.invoke(DelegatingMethodAccessorImpl.java:43)
	at java.lang.reflect.Method.invoke(Method.java:498)
	at org.apache.hadoop.hdds.tracing.TraceAllMethod.invoke(TraceAllMethod.java:66)
	at com.sun.proxy.$Proxy86.openKey(Unknown Source)
	at org.apache.hadoop.ozone.client.rpc.RpcClient.createKey(RpcClient.java:614)
	at org.apache.hadoop.ozone.client.OzoneBucket.createKey(OzoneBucket.java:325)
	at org.apache.hadoop.ozone.client.rpc.TestOzoneRpcClientAbstract.writeKey(TestOzoneRpcClientAbstract.java:2542)
	at org.apache.hadoop.ozone.client.rpc.TestOzoneRpcClientAbstract.testNativeAclsForKey(TestOzoneRpcClientAbstract.java:2309)
	at sun.reflect.NativeMethodAccessorImpl.invoke0(Native Method)
	at sun.reflect.NativeMethodAccessorImpl.invoke(NativeMethodAccessorImpl.java:62)
	at sun.reflect.DelegatingMethodAccessorImpl.invoke(DelegatingMethodAccessorImpl.java:43)
	at java.lang.reflect.Method.invoke(Method.java:498)
	at org.junit.runners.model.FrameworkMethod$1.runReflectiveCall(FrameworkMethod.java:47)
	at org.junit.internal.runners.model.ReflectiveCallable.run(ReflectiveCallable.java:12)
	at org.junit.runners.model.FrameworkMethod.invokeExplosively(FrameworkMethod.java:44)
	at org.junit.internal.runners.statements.InvokeMethod.evaluate(InvokeMethod.java:17)
	at org.junit.runners.ParentRunner.runLeaf(ParentRunner.java:271)
	at org.junit.runners.BlockJUnit4ClassRunner.runChild(BlockJUnit4ClassRunner.java:70)
	at org.junit.runners.BlockJUnit4ClassRunner.runChild(BlockJUnit4ClassRunner.java:50)
	at org.junit.runners.ParentRunner$3.run(ParentRunner.java:238)
	at org.junit.runners.ParentRunner$1.schedule(ParentRunner.java:63)
	at org.junit.runners.ParentRunner.runChildren(ParentRunner.java:236)
	at org.junit.runners.ParentRunner.access$000(ParentRunner.java:53)
	at org.junit.runners.ParentRunner$2.evaluate(ParentRunner.java:229)
	at org.junit.internal.runners.statements.RunBefores.evaluate(RunBefores.java:26)
	at org.junit.internal.runners.statements.RunAfters.evaluate(RunAfters.java:27)
	at org.junit.runners.ParentRunner.run(ParentRunner.java:309)
	at org.apache.maven.surefire.junit4.JUnit4Provider.execute(JUnit4Provider.java:365)
	at org.apache.maven.surefire.junit4.JUnit4Provider.executeWithRerun(JUnit4Provider.java:273)
	at org.apache.maven.surefire.junit4.JUnit4Provider.executeTestSet(JUnit4Provider.java:238)
	at org.apache.maven.surefire.junit4.JUnit4Provider.invoke(JUnit4Provider.java:159)
	at org.apache.maven.surefire.booter.ForkedBooter.invokeProviderInSameClassLoader(ForkedBooter.java:384)
	at org.apache.maven.surefire.booter.ForkedBooter.runSuitesInProcess(ForkedBooter.java:345)
	at org.apache.maven.surefire.booter.ForkedBooter.execute(ForkedBooter.java:126)
	at org.apache.maven.surefire.booter.ForkedBooter.main(ForkedBooter.java:418)
</error>
    <system-out><![CDATA[2019-09-29 10:45:59,149 [main] INFO  rpc.RpcClient (RpcClient.java:createVolume(276)) - Creating Volume: 25acb138-9b21-4239-ba11-1daec220142a, with jenkins1000 as owner.
2019-09-29 10:45:59,151 [IPC Server handler 13 on 38976] INFO  volume.OMVolumeCreateRequest (OMVolumeCreateRequest.java:validateAndUpdateCache(189)) - created volume:25acb138-9b21-4239-ba11-1daec220142a for user:jenkins1000
2019-09-29 10:45:59,152 [main] INFO  rpc.RpcClient (RpcClient.java:createBucket(415)) - Creating Bucket: 25acb138-9b21-4239-ba11-1daec220142a/2e3b127e-68eb-4e18-9746-af210dc3e8b8, with Versioning false and Storage Type set to DISK and Encryption set to false 
2019-09-29 10:45:59,157 [IPC Server handler 15 on 39734] WARN  block.BlockManagerImpl (BlockManagerImpl.java:allocateBlock(192)) - Pipeline creation failed for type:STAND_ALONE factor:ONE. Datanodes may be used up.
org.apache.hadoop.hdds.scm.exceptions.SCMException: Pipeline number meets the limit: 20
	at org.apache.hadoop.hdds.scm.pipeline.SCMPipelineManager.createPipeline(SCMPipelineManager.java:174)
	at org.apache.hadoop.hdds.scm.block.BlockManagerImpl.allocateBlock(BlockManagerImpl.java:190)
	at org.apache.hadoop.hdds.scm.server.SCMBlockProtocolServer.allocateBlock(SCMBlockProtocolServer.java:182)
	at org.apache.hadoop.ozone.protocolPB.ScmBlockLocationProtocolServerSideTranslatorPB.allocateScmBlock(ScmBlockLocationProtocolServerSideTranslatorPB.java:183)
	at org.apache.hadoop.ozone.protocolPB.ScmBlockLocationProtocolServerSideTranslatorPB.processMessage(ScmBlockLocationProtocolServerSideTranslatorPB.java:141)
	at org.apache.hadoop.ozone.protocolPB.ScmBlockLocationProtocolServerSideTranslatorPB.send(ScmBlockLocationProtocolServerSideTranslatorPB.java:116)
	at org.apache.hadoop.hdds.protocol.proto.ScmBlockLocationProtocolProtos$ScmBlockLocationProtocolService$2.callBlockingMethod(ScmBlockLocationProtocolProtos.java:13157)
	at org.apache.hadoop.ipc.ProtobufRpcEngine$Server$ProtoBufRpcInvoker.call(ProtobufRpcEngine.java:524)
	at org.apache.hadoop.ipc.RPC$Server.call(RPC.java:1025)
	at org.apache.hadoop.ipc.Server$RpcCall.run(Server.java:876)
	at org.apache.hadoop.ipc.Server$RpcCall.run(Server.java:822)
	at java.security.AccessController.doPrivileged(Native Method)
	at javax.security.auth.Subject.doAs(Subject.java:422)
	at org.apache.hadoop.security.UserGroupInformation.doAs(UserGroupInformation.java:1730)
	at org.apache.hadoop.ipc.Server$Handler.run(Server.java:2682)
2019-09-29 10:45:59,157 [IPC Server handler 15 on 39734] ERROR block.BlockManagerImpl (BlockManagerImpl.java:allocateBlock(226)) - Unable to allocate a block for the size: 4194304, type: STAND_ALONE, factor: ONE
]]></system-out>
  </testcase>
  <testcase name="testAddBucketAcl" classname="org.apache.hadoop.ozone.client.rpc.TestOzoneAtRestEncryption" time="0.029"/>
  <testcase name="testReadKeyWithVerifyChecksumFlagDisable" classname="org.apache.hadoop.ozone.client.rpc.TestOzoneAtRestEncryption" time="0.332"/>
  <testcase name="testAclsAfterCallingSetBucketProperty" classname="org.apache.hadoop.ozone.client.rpc.TestOzoneAtRestEncryption" time="0.018"/>
  <testcase name="testGDPR" classname="org.apache.hadoop.ozone.client.rpc.TestOzoneAtRestEncryption" time="0.013">
    <error message="Allocated 0 blocks. Requested 1 blocks" type="INTERNAL_ERROR org.apache.hadoop.ozone.om.exceptions.OMException">INTERNAL_ERROR org.apache.hadoop.ozone.om.exceptions.OMException: Allocated 0 blocks. Requested 1 blocks
	at org.apache.hadoop.ozone.om.protocolPB.OzoneManagerProtocolClientSideTranslatorPB.handleError(OzoneManagerProtocolClientSideTranslatorPB.java:732)
	at org.apache.hadoop.ozone.om.protocolPB.OzoneManagerProtocolClientSideTranslatorPB.openKey(OzoneManagerProtocolClientSideTranslatorPB.java:723)
	at sun.reflect.NativeMethodAccessorImpl.invoke0(Native Method)
	at sun.reflect.NativeMethodAccessorImpl.invoke(NativeMethodAccessorImpl.java:62)
	at sun.reflect.DelegatingMethodAccessorImpl.invoke(DelegatingMethodAccessorImpl.java:43)
	at java.lang.reflect.Method.invoke(Method.java:498)
	at org.apache.hadoop.hdds.tracing.TraceAllMethod.invoke(TraceAllMethod.java:66)
	at com.sun.proxy.$Proxy86.openKey(Unknown Source)
	at org.apache.hadoop.ozone.client.rpc.RpcClient.createKey(RpcClient.java:614)
	at org.apache.hadoop.ozone.client.OzoneBucket.createKey(OzoneBucket.java:325)
	at org.apache.hadoop.ozone.client.rpc.TestOzoneRpcClientAbstract.testGDPR(TestOzoneRpcClientAbstract.java:2691)
	at sun.reflect.NativeMethodAccessorImpl.invoke0(Native Method)
	at sun.reflect.NativeMethodAccessorImpl.invoke(NativeMethodAccessorImpl.java:62)
	at sun.reflect.DelegatingMethodAccessorImpl.invoke(DelegatingMethodAccessorImpl.java:43)
	at java.lang.reflect.Method.invoke(Method.java:498)
	at org.junit.runners.model.FrameworkMethod$1.runReflectiveCall(FrameworkMethod.java:47)
	at org.junit.internal.runners.model.ReflectiveCallable.run(ReflectiveCallable.java:12)
	at org.junit.runners.model.FrameworkMethod.invokeExplosively(FrameworkMethod.java:44)
	at org.junit.internal.runners.statements.InvokeMethod.evaluate(InvokeMethod.java:17)
	at org.junit.runners.ParentRunner.runLeaf(ParentRunner.java:271)
	at org.junit.runners.BlockJUnit4ClassRunner.runChild(BlockJUnit4ClassRunner.java:70)
	at org.junit.runners.BlockJUnit4ClassRunner.runChild(BlockJUnit4ClassRunner.java:50)
	at org.junit.runners.ParentRunner$3.run(ParentRunner.java:238)
	at org.junit.runners.ParentRunner$1.schedule(ParentRunner.java:63)
	at org.junit.runners.ParentRunner.runChildren(ParentRunner.java:236)
	at org.junit.runners.ParentRunner.access$000(ParentRunner.java:53)
	at org.junit.runners.ParentRunner$2.evaluate(ParentRunner.java:229)
	at org.junit.internal.runners.statements.RunBefores.evaluate(RunBefores.java:26)
	at org.junit.internal.runners.statements.RunAfters.evaluate(RunAfters.java:27)
	at org.junit.runners.ParentRunner.run(ParentRunner.java:309)
	at org.apache.maven.surefire.junit4.JUnit4Provider.execute(JUnit4Provider.java:365)
	at org.apache.maven.surefire.junit4.JUnit4Provider.executeWithRerun(JUnit4Provider.java:273)
	at org.apache.maven.surefire.junit4.JUnit4Provider.executeTestSet(JUnit4Provider.java:238)
	at org.apache.maven.surefire.junit4.JUnit4Provider.invoke(JUnit4Provider.java:159)
	at org.apache.maven.surefire.booter.ForkedBooter.invokeProviderInSameClassLoader(ForkedBooter.java:384)
	at org.apache.maven.surefire.booter.ForkedBooter.runSuitesInProcess(ForkedBooter.java:345)
	at org.apache.maven.surefire.booter.ForkedBooter.execute(ForkedBooter.java:126)
	at org.apache.maven.surefire.booter.ForkedBooter.main(ForkedBooter.java:418)
</error>
    <system-out><![CDATA[2019-09-29 10:45:59,538 [main] INFO  rpc.RpcClient (RpcClient.java:createVolume(276)) - Creating Volume: 16e2a7ee-70b3-49dd-a171-e8fb539d2411, with jenkins1000 as owner.
2019-09-29 10:45:59,540 [IPC Server handler 15 on 38976] INFO  volume.OMVolumeCreateRequest (OMVolumeCreateRequest.java:validateAndUpdateCache(189)) - created volume:16e2a7ee-70b3-49dd-a171-e8fb539d2411 for user:jenkins1000
2019-09-29 10:45:59,541 [main] INFO  rpc.RpcClient (RpcClient.java:createBucket(415)) - Creating Bucket: 16e2a7ee-70b3-49dd-a171-e8fb539d2411/1241c7c3-1bd8-442b-98e2-7273b52189d5, with Versioning false and Storage Type set to DISK and Encryption set to false 
2019-09-29 10:45:59,548 [IPC Server handler 7 on 39734] WARN  block.BlockManagerImpl (BlockManagerImpl.java:allocateBlock(192)) - Pipeline creation failed for type:STAND_ALONE factor:ONE. Datanodes may be used up.
org.apache.hadoop.hdds.scm.exceptions.SCMException: Pipeline number meets the limit: 20
	at org.apache.hadoop.hdds.scm.pipeline.SCMPipelineManager.createPipeline(SCMPipelineManager.java:174)
	at org.apache.hadoop.hdds.scm.block.BlockManagerImpl.allocateBlock(BlockManagerImpl.java:190)
	at org.apache.hadoop.hdds.scm.server.SCMBlockProtocolServer.allocateBlock(SCMBlockProtocolServer.java:182)
	at org.apache.hadoop.ozone.protocolPB.ScmBlockLocationProtocolServerSideTranslatorPB.allocateScmBlock(ScmBlockLocationProtocolServerSideTranslatorPB.java:183)
	at org.apache.hadoop.ozone.protocolPB.ScmBlockLocationProtocolServerSideTranslatorPB.processMessage(ScmBlockLocationProtocolServerSideTranslatorPB.java:141)
	at org.apache.hadoop.ozone.protocolPB.ScmBlockLocationProtocolServerSideTranslatorPB.send(ScmBlockLocationProtocolServerSideTranslatorPB.java:116)
	at org.apache.hadoop.hdds.protocol.proto.ScmBlockLocationProtocolProtos$ScmBlockLocationProtocolService$2.callBlockingMethod(ScmBlockLocationProtocolProtos.java:13157)
	at org.apache.hadoop.ipc.ProtobufRpcEngine$Server$ProtoBufRpcInvoker.call(ProtobufRpcEngine.java:524)
	at org.apache.hadoop.ipc.RPC$Server.call(RPC.java:1025)
	at org.apache.hadoop.ipc.Server$RpcCall.run(Server.java:876)
	at org.apache.hadoop.ipc.Server$RpcCall.run(Server.java:822)
	at java.security.AccessController.doPrivileged(Native Method)
	at javax.security.auth.Subject.doAs(Subject.java:422)
	at org.apache.hadoop.security.UserGroupInformation.doAs(UserGroupInformation.java:1730)
	at org.apache.hadoop.ipc.Server$Handler.run(Server.java:2682)
2019-09-29 10:45:59,549 [IPC Server handler 7 on 39734] ERROR block.BlockManagerImpl (BlockManagerImpl.java:allocateBlock(226)) - Unable to allocate a block for the size: 4194304, type: STAND_ALONE, factor: ONE
]]></system-out>
  </testcase>
  <testcase name="testListMultipartUploadParts" classname="org.apache.hadoop.ozone.client.rpc.TestOzoneAtRestEncryption" time="0.022">
    <error message="Allocated 0 blocks. Requested 1 blocks" type="INTERNAL_ERROR org.apache.hadoop.ozone.om.exceptions.OMException">INTERNAL_ERROR org.apache.hadoop.ozone.om.exceptions.OMException: Allocated 0 blocks. Requested 1 blocks
	at org.apache.hadoop.ozone.om.protocolPB.OzoneManagerProtocolClientSideTranslatorPB.handleError(OzoneManagerProtocolClientSideTranslatorPB.java:732)
	at org.apache.hadoop.ozone.om.protocolPB.OzoneManagerProtocolClientSideTranslatorPB.allocateBlock(OzoneManagerProtocolClientSideTranslatorPB.java:764)
	at sun.reflect.NativeMethodAccessorImpl.invoke0(Native Method)
	at sun.reflect.NativeMethodAccessorImpl.invoke(NativeMethodAccessorImpl.java:62)
	at sun.reflect.DelegatingMethodAccessorImpl.invoke(DelegatingMethodAccessorImpl.java:43)
	at java.lang.reflect.Method.invoke(Method.java:498)
	at org.apache.hadoop.hdds.tracing.TraceAllMethod.invoke(TraceAllMethod.java:66)
	at com.sun.proxy.$Proxy86.allocateBlock(Unknown Source)
	at org.apache.hadoop.ozone.client.io.BlockOutputStreamEntryPool.allocateNewBlock(BlockOutputStreamEntryPool.java:248)
	at org.apache.hadoop.ozone.client.io.BlockOutputStreamEntryPool.allocateBlockIfNeeded(BlockOutputStreamEntryPool.java:296)
	at org.apache.hadoop.ozone.client.io.KeyOutputStream.handleWrite(KeyOutputStream.java:198)
	at org.apache.hadoop.ozone.client.io.KeyOutputStream.write(KeyOutputStream.java:190)
	at org.apache.hadoop.ozone.client.io.OzoneOutputStream.write(OzoneOutputStream.java:49)
	at org.apache.hadoop.ozone.client.rpc.TestOzoneRpcClientAbstract.uploadPart(TestOzoneRpcClientAbstract.java:2625)
	at org.apache.hadoop.ozone.client.rpc.TestOzoneRpcClientAbstract.testListMultipartUploadParts(TestOzoneRpcClientAbstract.java:2029)
	at sun.reflect.NativeMethodAccessorImpl.invoke0(Native Method)
	at sun.reflect.NativeMethodAccessorImpl.invoke(NativeMethodAccessorImpl.java:62)
	at sun.reflect.DelegatingMethodAccessorImpl.invoke(DelegatingMethodAccessorImpl.java:43)
	at java.lang.reflect.Method.invoke(Method.java:498)
	at org.junit.runners.model.FrameworkMethod$1.runReflectiveCall(FrameworkMethod.java:47)
	at org.junit.internal.runners.model.ReflectiveCallable.run(ReflectiveCallable.java:12)
	at org.junit.runners.model.FrameworkMethod.invokeExplosively(FrameworkMethod.java:44)
	at org.junit.internal.runners.statements.InvokeMethod.evaluate(InvokeMethod.java:17)
	at org.junit.runners.ParentRunner.runLeaf(ParentRunner.java:271)
	at org.junit.runners.BlockJUnit4ClassRunner.runChild(BlockJUnit4ClassRunner.java:70)
	at org.junit.runners.BlockJUnit4ClassRunner.runChild(BlockJUnit4ClassRunner.java:50)
	at org.junit.runners.ParentRunner$3.run(ParentRunner.java:238)
	at org.junit.runners.ParentRunner$1.schedule(ParentRunner.java:63)
	at org.junit.runners.ParentRunner.runChildren(ParentRunner.java:236)
	at org.junit.runners.ParentRunner.access$000(ParentRunner.java:53)
	at org.junit.runners.ParentRunner$2.evaluate(ParentRunner.java:229)
	at org.junit.internal.runners.statements.RunBefores.evaluate(RunBefores.java:26)
	at org.junit.internal.runners.statements.RunAfters.evaluate(RunAfters.java:27)
	at org.junit.runners.ParentRunner.run(ParentRunner.java:309)
	at org.apache.maven.surefire.junit4.JUnit4Provider.execute(JUnit4Provider.java:365)
	at org.apache.maven.surefire.junit4.JUnit4Provider.executeWithRerun(JUnit4Provider.java:273)
	at org.apache.maven.surefire.junit4.JUnit4Provider.executeTestSet(JUnit4Provider.java:238)
	at org.apache.maven.surefire.junit4.JUnit4Provider.invoke(JUnit4Provider.java:159)
	at org.apache.maven.surefire.booter.ForkedBooter.invokeProviderInSameClassLoader(ForkedBooter.java:384)
	at org.apache.maven.surefire.booter.ForkedBooter.runSuitesInProcess(ForkedBooter.java:345)
	at org.apache.maven.surefire.booter.ForkedBooter.execute(ForkedBooter.java:126)
	at org.apache.maven.surefire.booter.ForkedBooter.main(ForkedBooter.java:418)
</error>
    <system-out><![CDATA[2019-09-29 10:45:59,551 [main] INFO  rpc.RpcClient (RpcClient.java:createVolume(276)) - Creating Volume: 70efd735-0fc5-4e32-9b42-6b9894a70fb2, with jenkins1000 as owner.
2019-09-29 10:45:59,552 [IPC Server handler 6 on 38976] INFO  volume.OMVolumeCreateRequest (OMVolumeCreateRequest.java:validateAndUpdateCache(189)) - created volume:70efd735-0fc5-4e32-9b42-6b9894a70fb2 for user:jenkins1000
2019-09-29 10:45:59,555 [main] INFO  rpc.RpcClient (RpcClient.java:createBucket(415)) - Creating Bucket: 70efd735-0fc5-4e32-9b42-6b9894a70fb2/6c9eb277-7c9c-4afd-a424-ff51337f628d, with Versioning false and Storage Type set to DISK and Encryption set to false 
2019-09-29 10:45:59,570 [IPC Server handler 3 on 39734] WARN  block.BlockManagerImpl (BlockManagerImpl.java:allocateBlock(192)) - Pipeline creation failed for type:STAND_ALONE factor:ONE. Datanodes may be used up.
org.apache.hadoop.hdds.scm.exceptions.SCMException: Pipeline number meets the limit: 20
	at org.apache.hadoop.hdds.scm.pipeline.SCMPipelineManager.createPipeline(SCMPipelineManager.java:174)
	at org.apache.hadoop.hdds.scm.block.BlockManagerImpl.allocateBlock(BlockManagerImpl.java:190)
	at org.apache.hadoop.hdds.scm.server.SCMBlockProtocolServer.allocateBlock(SCMBlockProtocolServer.java:182)
	at org.apache.hadoop.ozone.protocolPB.ScmBlockLocationProtocolServerSideTranslatorPB.allocateScmBlock(ScmBlockLocationProtocolServerSideTranslatorPB.java:183)
	at org.apache.hadoop.ozone.protocolPB.ScmBlockLocationProtocolServerSideTranslatorPB.processMessage(ScmBlockLocationProtocolServerSideTranslatorPB.java:141)
	at org.apache.hadoop.ozone.protocolPB.ScmBlockLocationProtocolServerSideTranslatorPB.send(ScmBlockLocationProtocolServerSideTranslatorPB.java:116)
	at org.apache.hadoop.hdds.protocol.proto.ScmBlockLocationProtocolProtos$ScmBlockLocationProtocolService$2.callBlockingMethod(ScmBlockLocationProtocolProtos.java:13157)
	at org.apache.hadoop.ipc.ProtobufRpcEngine$Server$ProtoBufRpcInvoker.call(ProtobufRpcEngine.java:524)
	at org.apache.hadoop.ipc.RPC$Server.call(RPC.java:1025)
	at org.apache.hadoop.ipc.Server$RpcCall.run(Server.java:876)
	at org.apache.hadoop.ipc.Server$RpcCall.run(Server.java:822)
	at java.security.AccessController.doPrivileged(Native Method)
	at javax.security.auth.Subject.doAs(Subject.java:422)
	at org.apache.hadoop.security.UserGroupInformation.doAs(UserGroupInformation.java:1730)
	at org.apache.hadoop.ipc.Server$Handler.run(Server.java:2682)
2019-09-29 10:45:59,570 [IPC Server handler 3 on 39734] ERROR block.BlockManagerImpl (BlockManagerImpl.java:allocateBlock(226)) - Unable to allocate a block for the size: 4194304, type: STAND_ALONE, factor: ONE
2019-09-29 10:45:59,571 [main] ERROR io.BlockOutputStreamEntryPool (BlockOutputStreamEntryPool.java:allocateBlockIfNeeded(299)) - Try to allocate more blocks for write failed, already allocated 0 blocks for this write.
INTERNAL_ERROR org.apache.hadoop.ozone.om.exceptions.OMException: Allocated 0 blocks. Requested 1 blocks
	at org.apache.hadoop.ozone.om.protocolPB.OzoneManagerProtocolClientSideTranslatorPB.handleError(OzoneManagerProtocolClientSideTranslatorPB.java:732)
	at org.apache.hadoop.ozone.om.protocolPB.OzoneManagerProtocolClientSideTranslatorPB.allocateBlock(OzoneManagerProtocolClientSideTranslatorPB.java:764)
	at sun.reflect.NativeMethodAccessorImpl.invoke0(Native Method)
	at sun.reflect.NativeMethodAccessorImpl.invoke(NativeMethodAccessorImpl.java:62)
	at sun.reflect.DelegatingMethodAccessorImpl.invoke(DelegatingMethodAccessorImpl.java:43)
	at java.lang.reflect.Method.invoke(Method.java:498)
	at org.apache.hadoop.hdds.tracing.TraceAllMethod.invoke(TraceAllMethod.java:66)
	at com.sun.proxy.$Proxy86.allocateBlock(Unknown Source)
	at org.apache.hadoop.ozone.client.io.BlockOutputStreamEntryPool.allocateNewBlock(BlockOutputStreamEntryPool.java:248)
	at org.apache.hadoop.ozone.client.io.BlockOutputStreamEntryPool.allocateBlockIfNeeded(BlockOutputStreamEntryPool.java:296)
	at org.apache.hadoop.ozone.client.io.KeyOutputStream.handleWrite(KeyOutputStream.java:198)
	at org.apache.hadoop.ozone.client.io.KeyOutputStream.write(KeyOutputStream.java:190)
	at org.apache.hadoop.ozone.client.io.OzoneOutputStream.write(OzoneOutputStream.java:49)
	at org.apache.hadoop.ozone.client.rpc.TestOzoneRpcClientAbstract.uploadPart(TestOzoneRpcClientAbstract.java:2625)
	at org.apache.hadoop.ozone.client.rpc.TestOzoneRpcClientAbstract.testListMultipartUploadParts(TestOzoneRpcClientAbstract.java:2029)
	at sun.reflect.NativeMethodAccessorImpl.invoke0(Native Method)
	at sun.reflect.NativeMethodAccessorImpl.invoke(NativeMethodAccessorImpl.java:62)
	at sun.reflect.DelegatingMethodAccessorImpl.invoke(DelegatingMethodAccessorImpl.java:43)
	at java.lang.reflect.Method.invoke(Method.java:498)
	at org.junit.runners.model.FrameworkMethod$1.runReflectiveCall(FrameworkMethod.java:47)
	at org.junit.internal.runners.model.ReflectiveCallable.run(ReflectiveCallable.java:12)
	at org.junit.runners.model.FrameworkMethod.invokeExplosively(FrameworkMethod.java:44)
	at org.junit.internal.runners.statements.InvokeMethod.evaluate(InvokeMethod.java:17)
	at org.junit.runners.ParentRunner.runLeaf(ParentRunner.java:271)
	at org.junit.runners.BlockJUnit4ClassRunner.runChild(BlockJUnit4ClassRunner.java:70)
	at org.junit.runners.BlockJUnit4ClassRunner.runChild(BlockJUnit4ClassRunner.java:50)
	at org.junit.runners.ParentRunner$3.run(ParentRunner.java:238)
	at org.junit.runners.ParentRunner$1.schedule(ParentRunner.java:63)
	at org.junit.runners.ParentRunner.runChildren(ParentRunner.java:236)
	at org.junit.runners.ParentRunner.access$000(ParentRunner.java:53)
	at org.junit.runners.ParentRunner$2.evaluate(ParentRunner.java:229)
	at org.junit.internal.runners.statements.RunBefores.evaluate(RunBefores.java:26)
	at org.junit.internal.runners.statements.RunAfters.evaluate(RunAfters.java:27)
	at org.junit.runners.ParentRunner.run(ParentRunner.java:309)
	at org.apache.maven.surefire.junit4.JUnit4Provider.execute(JUnit4Provider.java:365)
	at org.apache.maven.surefire.junit4.JUnit4Provider.executeWithRerun(JUnit4Provider.java:273)
	at org.apache.maven.surefire.junit4.JUnit4Provider.executeTestSet(JUnit4Provider.java:238)
	at org.apache.maven.surefire.junit4.JUnit4Provider.invoke(JUnit4Provider.java:159)
	at org.apache.maven.surefire.booter.ForkedBooter.invokeProviderInSameClassLoader(ForkedBooter.java:384)
	at org.apache.maven.surefire.booter.ForkedBooter.runSuitesInProcess(ForkedBooter.java:345)
	at org.apache.maven.surefire.booter.ForkedBooter.execute(ForkedBooter.java:126)
	at org.apache.maven.surefire.booter.ForkedBooter.main(ForkedBooter.java:418)
]]></system-out>
  </testcase>
  <testcase name="testNativeAclsForBucket" classname="org.apache.hadoop.ozone.client.rpc.TestOzoneAtRestEncryption" time="0.081"/>
  <testcase name="testPutKeyRatisThreeNodesParallel" classname="org.apache.hadoop.ozone.client.rpc.TestOzoneAtRestEncryption" time="0">
    <skipped message="Debug Jenkins Timeout"/>
  </testcase>
  <testcase name="testDeleteS3NonExistingBucket" classname="org.apache.hadoop.ozone.client.rpc.TestOzoneAtRestEncryption" time="0.017"/>
  <testcase name="testListPartsWithInvalidUploadID" classname="org.apache.hadoop.ozone.client.rpc.TestOzoneAtRestEncryption" time="0.018"/>
  <testcase name="testUploadPartOverrideWithRatis" classname="org.apache.hadoop.ozone.client.rpc.TestOzoneAtRestEncryption" time="0.597"/>
  <testcase name="testListBucket" classname="org.apache.hadoop.ozone.client.rpc.TestOzoneAtRestEncryption" time="0.102"/>
  <testcase name="testSetBucketStorageType" classname="org.apache.hadoop.ozone.client.rpc.TestOzoneAtRestEncryption" time="0.007"/>
  <testcase name="testGetKeyDetails" classname="org.apache.hadoop.ozone.client.rpc.TestOzoneAtRestEncryption" time="0.009">
    <error message="Allocated 0 blocks. Requested 1 blocks" type="INTERNAL_ERROR org.apache.hadoop.ozone.om.exceptions.OMException">INTERNAL_ERROR org.apache.hadoop.ozone.om.exceptions.OMException: Allocated 0 blocks. Requested 1 blocks
	at org.apache.hadoop.ozone.om.protocolPB.OzoneManagerProtocolClientSideTranslatorPB.handleError(OzoneManagerProtocolClientSideTranslatorPB.java:732)
	at org.apache.hadoop.ozone.om.protocolPB.OzoneManagerProtocolClientSideTranslatorPB.openKey(OzoneManagerProtocolClientSideTranslatorPB.java:723)
	at sun.reflect.NativeMethodAccessorImpl.invoke0(Native Method)
	at sun.reflect.NativeMethodAccessorImpl.invoke(NativeMethodAccessorImpl.java:62)
	at sun.reflect.DelegatingMethodAccessorImpl.invoke(DelegatingMethodAccessorImpl.java:43)
	at java.lang.reflect.Method.invoke(Method.java:498)
	at org.apache.hadoop.hdds.tracing.TraceAllMethod.invoke(TraceAllMethod.java:66)
	at com.sun.proxy.$Proxy86.openKey(Unknown Source)
	at org.apache.hadoop.ozone.client.rpc.RpcClient.createKey(RpcClient.java:614)
	at org.apache.hadoop.ozone.client.OzoneBucket.createKey(OzoneBucket.java:325)
	at org.apache.hadoop.ozone.client.rpc.TestOzoneRpcClientAbstract.testGetKeyDetails(TestOzoneRpcClientAbstract.java:992)
	at sun.reflect.NativeMethodAccessorImpl.invoke0(Native Method)
	at sun.reflect.NativeMethodAccessorImpl.invoke(NativeMethodAccessorImpl.java:62)
	at sun.reflect.DelegatingMethodAccessorImpl.invoke(DelegatingMethodAccessorImpl.java:43)
	at java.lang.reflect.Method.invoke(Method.java:498)
	at org.junit.runners.model.FrameworkMethod$1.runReflectiveCall(FrameworkMethod.java:47)
	at org.junit.internal.runners.model.ReflectiveCallable.run(ReflectiveCallable.java:12)
	at org.junit.runners.model.FrameworkMethod.invokeExplosively(FrameworkMethod.java:44)
	at org.junit.internal.runners.statements.InvokeMethod.evaluate(InvokeMethod.java:17)
	at org.junit.runners.ParentRunner.runLeaf(ParentRunner.java:271)
	at org.junit.runners.BlockJUnit4ClassRunner.runChild(BlockJUnit4ClassRunner.java:70)
	at org.junit.runners.BlockJUnit4ClassRunner.runChild(BlockJUnit4ClassRunner.java:50)
	at org.junit.runners.ParentRunner$3.run(ParentRunner.java:238)
	at org.junit.runners.ParentRunner$1.schedule(ParentRunner.java:63)
	at org.junit.runners.ParentRunner.runChildren(ParentRunner.java:236)
	at org.junit.runners.ParentRunner.access$000(ParentRunner.java:53)
	at org.junit.runners.ParentRunner$2.evaluate(ParentRunner.java:229)
	at org.junit.internal.runners.statements.RunBefores.evaluate(RunBefores.java:26)
	at org.junit.internal.runners.statements.RunAfters.evaluate(RunAfters.java:27)
	at org.junit.runners.ParentRunner.run(ParentRunner.java:309)
	at org.apache.maven.surefire.junit4.JUnit4Provider.execute(JUnit4Provider.java:365)
	at org.apache.maven.surefire.junit4.JUnit4Provider.executeWithRerun(JUnit4Provider.java:273)
	at org.apache.maven.surefire.junit4.JUnit4Provider.executeTestSet(JUnit4Provider.java:238)
	at org.apache.maven.surefire.junit4.JUnit4Provider.invoke(JUnit4Provider.java:159)
	at org.apache.maven.surefire.booter.ForkedBooter.invokeProviderInSameClassLoader(ForkedBooter.java:384)
	at org.apache.maven.surefire.booter.ForkedBooter.runSuitesInProcess(ForkedBooter.java:345)
	at org.apache.maven.surefire.booter.ForkedBooter.execute(ForkedBooter.java:126)
	at org.apache.maven.surefire.booter.ForkedBooter.main(ForkedBooter.java:418)
</error>
    <system-out><![CDATA[2019-09-29 10:46:00,397 [main] INFO  rpc.RpcClient (RpcClient.java:createVolume(276)) - Creating Volume: a848af50-c00b-4d52-a985-6a1140cdcc7b, with jenkins1000 as owner.
2019-09-29 10:46:00,398 [IPC Server handler 16 on 38976] INFO  volume.OMVolumeCreateRequest (OMVolumeCreateRequest.java:validateAndUpdateCache(189)) - created volume:a848af50-c00b-4d52-a985-6a1140cdcc7b for user:jenkins1000
2019-09-29 10:46:00,399 [main] INFO  rpc.RpcClient (RpcClient.java:createBucket(415)) - Creating Bucket: a848af50-c00b-4d52-a985-6a1140cdcc7b/87ac64bb-2677-4e99-8b87-2bf1209093b9, with Versioning false and Storage Type set to DISK and Encryption set to false 
2019-09-29 10:46:00,404 [IPC Server handler 7 on 39734] WARN  block.BlockManagerImpl (BlockManagerImpl.java:allocateBlock(192)) - Pipeline creation failed for type:STAND_ALONE factor:ONE. Datanodes may be used up.
org.apache.hadoop.hdds.scm.exceptions.SCMException: Pipeline number meets the limit: 20
	at org.apache.hadoop.hdds.scm.pipeline.SCMPipelineManager.createPipeline(SCMPipelineManager.java:174)
	at org.apache.hadoop.hdds.scm.block.BlockManagerImpl.allocateBlock(BlockManagerImpl.java:190)
	at org.apache.hadoop.hdds.scm.server.SCMBlockProtocolServer.allocateBlock(SCMBlockProtocolServer.java:182)
	at org.apache.hadoop.ozone.protocolPB.ScmBlockLocationProtocolServerSideTranslatorPB.allocateScmBlock(ScmBlockLocationProtocolServerSideTranslatorPB.java:183)
	at org.apache.hadoop.ozone.protocolPB.ScmBlockLocationProtocolServerSideTranslatorPB.processMessage(ScmBlockLocationProtocolServerSideTranslatorPB.java:141)
	at org.apache.hadoop.ozone.protocolPB.ScmBlockLocationProtocolServerSideTranslatorPB.send(ScmBlockLocationProtocolServerSideTranslatorPB.java:116)
	at org.apache.hadoop.hdds.protocol.proto.ScmBlockLocationProtocolProtos$ScmBlockLocationProtocolService$2.callBlockingMethod(ScmBlockLocationProtocolProtos.java:13157)
	at org.apache.hadoop.ipc.ProtobufRpcEngine$Server$ProtoBufRpcInvoker.call(ProtobufRpcEngine.java:524)
	at org.apache.hadoop.ipc.RPC$Server.call(RPC.java:1025)
	at org.apache.hadoop.ipc.Server$RpcCall.run(Server.java:876)
	at org.apache.hadoop.ipc.Server$RpcCall.run(Server.java:822)
	at java.security.AccessController.doPrivileged(Native Method)
	at javax.security.auth.Subject.doAs(Subject.java:422)
	at org.apache.hadoop.security.UserGroupInformation.doAs(UserGroupInformation.java:1730)
	at org.apache.hadoop.ipc.Server$Handler.run(Server.java:2682)
2019-09-29 10:46:00,405 [IPC Server handler 7 on 39734] ERROR block.BlockManagerImpl (BlockManagerImpl.java:allocateBlock(226)) - Unable to allocate a block for the size: 4194304, type: STAND_ALONE, factor: ONE
]]></system-out>
  </testcase>
  <testcase name="testNativeAclsForPrefix" classname="org.apache.hadoop.ozone.client.rpc.TestOzoneAtRestEncryption" time="0.008">
    <error message="Allocated 0 blocks. Requested 1 blocks" type="INTERNAL_ERROR org.apache.hadoop.ozone.om.exceptions.OMException">INTERNAL_ERROR org.apache.hadoop.ozone.om.exceptions.OMException: Allocated 0 blocks. Requested 1 blocks
	at org.apache.hadoop.ozone.om.protocolPB.OzoneManagerProtocolClientSideTranslatorPB.handleError(OzoneManagerProtocolClientSideTranslatorPB.java:732)
	at org.apache.hadoop.ozone.om.protocolPB.OzoneManagerProtocolClientSideTranslatorPB.openKey(OzoneManagerProtocolClientSideTranslatorPB.java:723)
	at sun.reflect.NativeMethodAccessorImpl.invoke0(Native Method)
	at sun.reflect.NativeMethodAccessorImpl.invoke(NativeMethodAccessorImpl.java:62)
	at sun.reflect.DelegatingMethodAccessorImpl.invoke(DelegatingMethodAccessorImpl.java:43)
	at java.lang.reflect.Method.invoke(Method.java:498)
	at org.apache.hadoop.hdds.tracing.TraceAllMethod.invoke(TraceAllMethod.java:66)
	at com.sun.proxy.$Proxy86.openKey(Unknown Source)
	at org.apache.hadoop.ozone.client.rpc.RpcClient.createKey(RpcClient.java:614)
	at org.apache.hadoop.ozone.client.OzoneBucket.createKey(OzoneBucket.java:325)
	at org.apache.hadoop.ozone.client.rpc.TestOzoneRpcClientAbstract.writeKey(TestOzoneRpcClientAbstract.java:2542)
	at org.apache.hadoop.ozone.client.rpc.TestOzoneRpcClientAbstract.testNativeAclsForPrefix(TestOzoneRpcClientAbstract.java:2375)
	at sun.reflect.NativeMethodAccessorImpl.invoke0(Native Method)
	at sun.reflect.NativeMethodAccessorImpl.invoke(NativeMethodAccessorImpl.java:62)
	at sun.reflect.DelegatingMethodAccessorImpl.invoke(DelegatingMethodAccessorImpl.java:43)
	at java.lang.reflect.Method.invoke(Method.java:498)
	at org.junit.runners.model.FrameworkMethod$1.runReflectiveCall(FrameworkMethod.java:47)
	at org.junit.internal.runners.model.ReflectiveCallable.run(ReflectiveCallable.java:12)
	at org.junit.runners.model.FrameworkMethod.invokeExplosively(FrameworkMethod.java:44)
	at org.junit.internal.runners.statements.InvokeMethod.evaluate(InvokeMethod.java:17)
	at org.junit.runners.ParentRunner.runLeaf(ParentRunner.java:271)
	at org.junit.runners.BlockJUnit4ClassRunner.runChild(BlockJUnit4ClassRunner.java:70)
	at org.junit.runners.BlockJUnit4ClassRunner.runChild(BlockJUnit4ClassRunner.java:50)
	at org.junit.runners.ParentRunner$3.run(ParentRunner.java:238)
	at org.junit.runners.ParentRunner$1.schedule(ParentRunner.java:63)
	at org.junit.runners.ParentRunner.runChildren(ParentRunner.java:236)
	at org.junit.runners.ParentRunner.access$000(ParentRunner.java:53)
	at org.junit.runners.ParentRunner$2.evaluate(ParentRunner.java:229)
	at org.junit.internal.runners.statements.RunBefores.evaluate(RunBefores.java:26)
	at org.junit.internal.runners.statements.RunAfters.evaluate(RunAfters.java:27)
	at org.junit.runners.ParentRunner.run(ParentRunner.java:309)
	at org.apache.maven.surefire.junit4.JUnit4Provider.execute(JUnit4Provider.java:365)
	at org.apache.maven.surefire.junit4.JUnit4Provider.executeWithRerun(JUnit4Provider.java:273)
	at org.apache.maven.surefire.junit4.JUnit4Provider.executeTestSet(JUnit4Provider.java:238)
	at org.apache.maven.surefire.junit4.JUnit4Provider.invoke(JUnit4Provider.java:159)
	at org.apache.maven.surefire.booter.ForkedBooter.invokeProviderInSameClassLoader(ForkedBooter.java:384)
	at org.apache.maven.surefire.booter.ForkedBooter.runSuitesInProcess(ForkedBooter.java:345)
	at org.apache.maven.surefire.booter.ForkedBooter.execute(ForkedBooter.java:126)
	at org.apache.maven.surefire.booter.ForkedBooter.main(ForkedBooter.java:418)
</error>
    <system-out><![CDATA[2019-09-29 10:46:00,406 [main] INFO  rpc.RpcClient (RpcClient.java:createVolume(276)) - Creating Volume: fbe1a655-5991-44b4-a51a-6a57e5582456, with jenkins1000 as owner.
2019-09-29 10:46:00,407 [IPC Server handler 2 on 38976] INFO  volume.OMVolumeCreateRequest (OMVolumeCreateRequest.java:validateAndUpdateCache(189)) - created volume:fbe1a655-5991-44b4-a51a-6a57e5582456 for user:jenkins1000
2019-09-29 10:46:00,408 [main] INFO  rpc.RpcClient (RpcClient.java:createBucket(415)) - Creating Bucket: fbe1a655-5991-44b4-a51a-6a57e5582456/6b0f9d65-b7b3-491d-8a28-91b781ef9568, with Versioning false and Storage Type set to DISK and Encryption set to false 
2019-09-29 10:46:00,412 [IPC Server handler 3 on 39734] WARN  block.BlockManagerImpl (BlockManagerImpl.java:allocateBlock(192)) - Pipeline creation failed for type:STAND_ALONE factor:ONE. Datanodes may be used up.
org.apache.hadoop.hdds.scm.exceptions.SCMException: Pipeline number meets the limit: 20
	at org.apache.hadoop.hdds.scm.pipeline.SCMPipelineManager.createPipeline(SCMPipelineManager.java:174)
	at org.apache.hadoop.hdds.scm.block.BlockManagerImpl.allocateBlock(BlockManagerImpl.java:190)
	at org.apache.hadoop.hdds.scm.server.SCMBlockProtocolServer.allocateBlock(SCMBlockProtocolServer.java:182)
	at org.apache.hadoop.ozone.protocolPB.ScmBlockLocationProtocolServerSideTranslatorPB.allocateScmBlock(ScmBlockLocationProtocolServerSideTranslatorPB.java:183)
	at org.apache.hadoop.ozone.protocolPB.ScmBlockLocationProtocolServerSideTranslatorPB.processMessage(ScmBlockLocationProtocolServerSideTranslatorPB.java:141)
	at org.apache.hadoop.ozone.protocolPB.ScmBlockLocationProtocolServerSideTranslatorPB.send(ScmBlockLocationProtocolServerSideTranslatorPB.java:116)
	at org.apache.hadoop.hdds.protocol.proto.ScmBlockLocationProtocolProtos$ScmBlockLocationProtocolService$2.callBlockingMethod(ScmBlockLocationProtocolProtos.java:13157)
	at org.apache.hadoop.ipc.ProtobufRpcEngine$Server$ProtoBufRpcInvoker.call(ProtobufRpcEngine.java:524)
	at org.apache.hadoop.ipc.RPC$Server.call(RPC.java:1025)
	at org.apache.hadoop.ipc.Server$RpcCall.run(Server.java:876)
	at org.apache.hadoop.ipc.Server$RpcCall.run(Server.java:822)
	at java.security.AccessController.doPrivileged(Native Method)
	at javax.security.auth.Subject.doAs(Subject.java:422)
	at org.apache.hadoop.security.UserGroupInformation.doAs(UserGroupInformation.java:1730)
	at org.apache.hadoop.ipc.Server$Handler.run(Server.java:2682)
2019-09-29 10:46:00,412 [IPC Server handler 3 on 39734] ERROR block.BlockManagerImpl (BlockManagerImpl.java:allocateBlock(226)) - Unable to allocate a block for the size: 4194304, type: STAND_ALONE, factor: ONE
]]></system-out>
  </testcase>
  <testcase name="testOMClientProxyProvider" classname="org.apache.hadoop.ozone.client.rpc.TestOzoneAtRestEncryption" time="0"/>
  <testcase name="testCreateBucketWithAllArgument" classname="org.apache.hadoop.ozone.client.rpc.TestOzoneAtRestEncryption" time="0.014"/>
  <testcase name="testRemoveBucketAcl" classname="org.apache.hadoop.ozone.client.rpc.TestOzoneAtRestEncryption" time="0.01"/>
  <testcase name="testNativeAclsForVolume" classname="org.apache.hadoop.ozone.client.rpc.TestOzoneAtRestEncryption" time="0.048"/>
  <testcase name="testDeleteS3Bucket" classname="org.apache.hadoop.ozone.client.rpc.TestOzoneAtRestEncryption" time="0.022"/>
  <testcase name="testCreateSecureS3Bucket" classname="org.apache.hadoop.ozone.client.rpc.TestOzoneAtRestEncryption" time="0.023"/>
  <testcase name="testMultipartUploadWithMissingParts" classname="org.apache.hadoop.ozone.client.rpc.TestOzoneAtRestEncryption" time="0.03">
    <error message="Allocated 0 blocks. Requested 1 blocks" type="INTERNAL_ERROR org.apache.hadoop.ozone.om.exceptions.OMException">INTERNAL_ERROR org.apache.hadoop.ozone.om.exceptions.OMException: Allocated 0 blocks. Requested 1 blocks
	at org.apache.hadoop.ozone.om.protocolPB.OzoneManagerProtocolClientSideTranslatorPB.handleError(OzoneManagerProtocolClientSideTranslatorPB.java:732)
	at org.apache.hadoop.ozone.om.protocolPB.OzoneManagerProtocolClientSideTranslatorPB.allocateBlock(OzoneManagerProtocolClientSideTranslatorPB.java:764)
	at sun.reflect.NativeMethodAccessorImpl.invoke0(Native Method)
	at sun.reflect.NativeMethodAccessorImpl.invoke(NativeMethodAccessorImpl.java:62)
	at sun.reflect.DelegatingMethodAccessorImpl.invoke(DelegatingMethodAccessorImpl.java:43)
	at java.lang.reflect.Method.invoke(Method.java:498)
	at org.apache.hadoop.hdds.tracing.TraceAllMethod.invoke(TraceAllMethod.java:66)
	at com.sun.proxy.$Proxy86.allocateBlock(Unknown Source)
	at org.apache.hadoop.ozone.client.io.BlockOutputStreamEntryPool.allocateNewBlock(BlockOutputStreamEntryPool.java:248)
	at org.apache.hadoop.ozone.client.io.BlockOutputStreamEntryPool.allocateBlockIfNeeded(BlockOutputStreamEntryPool.java:296)
	at org.apache.hadoop.ozone.client.io.KeyOutputStream.handleWrite(KeyOutputStream.java:198)
	at org.apache.hadoop.ozone.client.io.KeyOutputStream.write(KeyOutputStream.java:190)
	at org.apache.hadoop.ozone.client.io.OzoneOutputStream.write(OzoneOutputStream.java:49)
	at org.apache.hadoop.ozone.client.rpc.TestOzoneRpcClientAbstract.uploadPart(TestOzoneRpcClientAbstract.java:2625)
	at org.apache.hadoop.ozone.client.rpc.TestOzoneRpcClientAbstract.testMultipartUploadWithMissingParts(TestOzoneRpcClientAbstract.java:1956)
	at sun.reflect.NativeMethodAccessorImpl.invoke0(Native Method)
	at sun.reflect.NativeMethodAccessorImpl.invoke(NativeMethodAccessorImpl.java:62)
	at sun.reflect.DelegatingMethodAccessorImpl.invoke(DelegatingMethodAccessorImpl.java:43)
	at java.lang.reflect.Method.invoke(Method.java:498)
	at org.junit.runners.model.FrameworkMethod$1.runReflectiveCall(FrameworkMethod.java:47)
	at org.junit.internal.runners.model.ReflectiveCallable.run(ReflectiveCallable.java:12)
	at org.junit.runners.model.FrameworkMethod.invokeExplosively(FrameworkMethod.java:44)
	at org.junit.internal.runners.statements.InvokeMethod.evaluate(InvokeMethod.java:17)
	at org.junit.runners.ParentRunner.runLeaf(ParentRunner.java:271)
	at org.junit.runners.BlockJUnit4ClassRunner.runChild(BlockJUnit4ClassRunner.java:70)
	at org.junit.runners.BlockJUnit4ClassRunner.runChild(BlockJUnit4ClassRunner.java:50)
	at org.junit.runners.ParentRunner$3.run(ParentRunner.java:238)
	at org.junit.runners.ParentRunner$1.schedule(ParentRunner.java:63)
	at org.junit.runners.ParentRunner.runChildren(ParentRunner.java:236)
	at org.junit.runners.ParentRunner.access$000(ParentRunner.java:53)
	at org.junit.runners.ParentRunner$2.evaluate(ParentRunner.java:229)
	at org.junit.internal.runners.statements.RunBefores.evaluate(RunBefores.java:26)
	at org.junit.internal.runners.statements.RunAfters.evaluate(RunAfters.java:27)
	at org.junit.runners.ParentRunner.run(ParentRunner.java:309)
	at org.apache.maven.surefire.junit4.JUnit4Provider.execute(JUnit4Provider.java:365)
	at org.apache.maven.surefire.junit4.JUnit4Provider.executeWithRerun(JUnit4Provider.java:273)
	at org.apache.maven.surefire.junit4.JUnit4Provider.executeTestSet(JUnit4Provider.java:238)
	at org.apache.maven.surefire.junit4.JUnit4Provider.invoke(JUnit4Provider.java:159)
	at org.apache.maven.surefire.booter.ForkedBooter.invokeProviderInSameClassLoader(ForkedBooter.java:384)
	at org.apache.maven.surefire.booter.ForkedBooter.runSuitesInProcess(ForkedBooter.java:345)
	at org.apache.maven.surefire.booter.ForkedBooter.execute(ForkedBooter.java:126)
	at org.apache.maven.surefire.booter.ForkedBooter.main(ForkedBooter.java:418)
</error>
    <system-out><![CDATA[2019-09-29 10:46:00,531 [main] INFO  rpc.RpcClient (RpcClient.java:createVolume(276)) - Creating Volume: 69379518-9edc-4224-839c-2bce98d2856c, with jenkins1000 as owner.
2019-09-29 10:46:00,533 [IPC Server handler 11 on 38976] INFO  volume.OMVolumeCreateRequest (OMVolumeCreateRequest.java:validateAndUpdateCache(189)) - created volume:69379518-9edc-4224-839c-2bce98d2856c for user:jenkins1000
2019-09-29 10:46:00,534 [main] INFO  rpc.RpcClient (RpcClient.java:createBucket(415)) - Creating Bucket: 69379518-9edc-4224-839c-2bce98d2856c/d3b54e70-2e18-4358-91eb-a15ac9674ef1, with Versioning false and Storage Type set to DISK and Encryption set to false 
2019-09-29 10:46:00,540 [IPC Server handler 10 on 39734] WARN  block.BlockManagerImpl (BlockManagerImpl.java:allocateBlock(192)) - Pipeline creation failed for type:STAND_ALONE factor:ONE. Datanodes may be used up.
org.apache.hadoop.hdds.scm.exceptions.SCMException: Pipeline number meets the limit: 20
	at org.apache.hadoop.hdds.scm.pipeline.SCMPipelineManager.createPipeline(SCMPipelineManager.java:174)
	at org.apache.hadoop.hdds.scm.block.BlockManagerImpl.allocateBlock(BlockManagerImpl.java:190)
	at org.apache.hadoop.hdds.scm.server.SCMBlockProtocolServer.allocateBlock(SCMBlockProtocolServer.java:182)
	at org.apache.hadoop.ozone.protocolPB.ScmBlockLocationProtocolServerSideTranslatorPB.allocateScmBlock(ScmBlockLocationProtocolServerSideTranslatorPB.java:183)
	at org.apache.hadoop.ozone.protocolPB.ScmBlockLocationProtocolServerSideTranslatorPB.processMessage(ScmBlockLocationProtocolServerSideTranslatorPB.java:141)
	at org.apache.hadoop.ozone.protocolPB.ScmBlockLocationProtocolServerSideTranslatorPB.send(ScmBlockLocationProtocolServerSideTranslatorPB.java:116)
	at org.apache.hadoop.hdds.protocol.proto.ScmBlockLocationProtocolProtos$ScmBlockLocationProtocolService$2.callBlockingMethod(ScmBlockLocationProtocolProtos.java:13157)
	at org.apache.hadoop.ipc.ProtobufRpcEngine$Server$ProtoBufRpcInvoker.call(ProtobufRpcEngine.java:524)
	at org.apache.hadoop.ipc.RPC$Server.call(RPC.java:1025)
	at org.apache.hadoop.ipc.Server$RpcCall.run(Server.java:876)
	at org.apache.hadoop.ipc.Server$RpcCall.run(Server.java:822)
	at java.security.AccessController.doPrivileged(Native Method)
	at javax.security.auth.Subject.doAs(Subject.java:422)
	at org.apache.hadoop.security.UserGroupInformation.doAs(UserGroupInformation.java:1730)
	at org.apache.hadoop.ipc.Server$Handler.run(Server.java:2682)
2019-09-29 10:46:00,540 [IPC Server handler 10 on 39734] ERROR block.BlockManagerImpl (BlockManagerImpl.java:allocateBlock(226)) - Unable to allocate a block for the size: 4194304, type: STAND_ALONE, factor: ONE
2019-09-29 10:46:00,541 [main] ERROR io.BlockOutputStreamEntryPool (BlockOutputStreamEntryPool.java:allocateBlockIfNeeded(299)) - Try to allocate more blocks for write failed, already allocated 0 blocks for this write.
INTERNAL_ERROR org.apache.hadoop.ozone.om.exceptions.OMException: Allocated 0 blocks. Requested 1 blocks
	at org.apache.hadoop.ozone.om.protocolPB.OzoneManagerProtocolClientSideTranslatorPB.handleError(OzoneManagerProtocolClientSideTranslatorPB.java:732)
	at org.apache.hadoop.ozone.om.protocolPB.OzoneManagerProtocolClientSideTranslatorPB.allocateBlock(OzoneManagerProtocolClientSideTranslatorPB.java:764)
	at sun.reflect.NativeMethodAccessorImpl.invoke0(Native Method)
	at sun.reflect.NativeMethodAccessorImpl.invoke(NativeMethodAccessorImpl.java:62)
	at sun.reflect.DelegatingMethodAccessorImpl.invoke(DelegatingMethodAccessorImpl.java:43)
	at java.lang.reflect.Method.invoke(Method.java:498)
	at org.apache.hadoop.hdds.tracing.TraceAllMethod.invoke(TraceAllMethod.java:66)
	at com.sun.proxy.$Proxy86.allocateBlock(Unknown Source)
	at org.apache.hadoop.ozone.client.io.BlockOutputStreamEntryPool.allocateNewBlock(BlockOutputStreamEntryPool.java:248)
	at org.apache.hadoop.ozone.client.io.BlockOutputStreamEntryPool.allocateBlockIfNeeded(BlockOutputStreamEntryPool.java:296)
	at org.apache.hadoop.ozone.client.io.KeyOutputStream.handleWrite(KeyOutputStream.java:198)
	at org.apache.hadoop.ozone.client.io.KeyOutputStream.write(KeyOutputStream.java:190)
	at org.apache.hadoop.ozone.client.io.OzoneOutputStream.write(OzoneOutputStream.java:49)
	at org.apache.hadoop.ozone.client.rpc.TestOzoneRpcClientAbstract.uploadPart(TestOzoneRpcClientAbstract.java:2625)
	at org.apache.hadoop.ozone.client.rpc.TestOzoneRpcClientAbstract.testMultipartUploadWithMissingParts(TestOzoneRpcClientAbstract.java:1956)
	at sun.reflect.NativeMethodAccessorImpl.invoke0(Native Method)
	at sun.reflect.NativeMethodAccessorImpl.invoke(NativeMethodAccessorImpl.java:62)
	at sun.reflect.DelegatingMethodAccessorImpl.invoke(DelegatingMethodAccessorImpl.java:43)
	at java.lang.reflect.Method.invoke(Method.java:498)
	at org.junit.runners.model.FrameworkMethod$1.runReflectiveCall(FrameworkMethod.java:47)
	at org.junit.internal.runners.model.ReflectiveCallable.run(ReflectiveCallable.java:12)
	at org.junit.runners.model.FrameworkMethod.invokeExplosively(FrameworkMethod.java:44)
	at org.junit.internal.runners.statements.InvokeMethod.evaluate(InvokeMethod.java:17)
	at org.junit.runners.ParentRunner.runLeaf(ParentRunner.java:271)
	at org.junit.runners.BlockJUnit4ClassRunner.runChild(BlockJUnit4ClassRunner.java:70)
	at org.junit.runners.BlockJUnit4ClassRunner.runChild(BlockJUnit4ClassRunner.java:50)
	at org.junit.runners.ParentRunner$3.run(ParentRunner.java:238)
	at org.junit.runners.ParentRunner$1.schedule(ParentRunner.java:63)
	at org.junit.runners.ParentRunner.runChildren(ParentRunner.java:236)
	at org.junit.runners.ParentRunner.access$000(ParentRunner.java:53)
	at org.junit.runners.ParentRunner$2.evaluate(ParentRunner.java:229)
	at org.junit.internal.runners.statements.RunBefores.evaluate(RunBefores.java:26)
	at org.junit.internal.runners.statements.RunAfters.evaluate(RunAfters.java:27)
	at org.junit.runners.ParentRunner.run(ParentRunner.java:309)
	at org.apache.maven.surefire.junit4.JUnit4Provider.execute(JUnit4Provider.java:365)
	at org.apache.maven.surefire.junit4.JUnit4Provider.executeWithRerun(JUnit4Provider.java:273)
	at org.apache.maven.surefire.junit4.JUnit4Provider.executeTestSet(JUnit4Provider.java:238)
	at org.apache.maven.surefire.junit4.JUnit4Provider.invoke(JUnit4Provider.java:159)
	at org.apache.maven.surefire.booter.ForkedBooter.invokeProviderInSameClassLoader(ForkedBooter.java:384)
	at org.apache.maven.surefire.booter.ForkedBooter.runSuitesInProcess(ForkedBooter.java:345)
	at org.apache.maven.surefire.booter.ForkedBooter.execute(ForkedBooter.java:126)
	at org.apache.maven.surefire.booter.ForkedBooter.main(ForkedBooter.java:418)
]]></system-out>
  </testcase>
  <testcase name="testListVolume" classname="org.apache.hadoop.ozone.client.rpc.TestOzoneAtRestEncryption" time="0">
    <skipped/>
  </testcase>
  <testcase name="testSetVolumeQuota" classname="org.apache.hadoop.ozone.client.rpc.TestOzoneAtRestEncryption" time="0.009"/>
  <testcase name="testDeleteBucket" classname="org.apache.hadoop.ozone.client.rpc.TestOzoneAtRestEncryption" time="0.007"/>
  <testcase name="testListKey" classname="org.apache.hadoop.ozone.client.rpc.TestOzoneAtRestEncryption" time="0.026">
    <error message="Allocated 0 blocks. Requested 1 blocks" type="INTERNAL_ERROR org.apache.hadoop.ozone.om.exceptions.OMException">INTERNAL_ERROR org.apache.hadoop.ozone.om.exceptions.OMException: Allocated 0 blocks. Requested 1 blocks
	at org.apache.hadoop.ozone.om.protocolPB.OzoneManagerProtocolClientSideTranslatorPB.handleError(OzoneManagerProtocolClientSideTranslatorPB.java:732)
	at org.apache.hadoop.ozone.om.protocolPB.OzoneManagerProtocolClientSideTranslatorPB.openKey(OzoneManagerProtocolClientSideTranslatorPB.java:723)
	at sun.reflect.NativeMethodAccessorImpl.invoke0(Native Method)
	at sun.reflect.NativeMethodAccessorImpl.invoke(NativeMethodAccessorImpl.java:62)
	at sun.reflect.DelegatingMethodAccessorImpl.invoke(DelegatingMethodAccessorImpl.java:43)
	at java.lang.reflect.Method.invoke(Method.java:498)
	at org.apache.hadoop.hdds.tracing.TraceAllMethod.invoke(TraceAllMethod.java:66)
	at com.sun.proxy.$Proxy86.openKey(Unknown Source)
	at org.apache.hadoop.ozone.client.rpc.RpcClient.createKey(RpcClient.java:614)
	at org.apache.hadoop.ozone.client.OzoneBucket.createKey(OzoneBucket.java:325)
	at org.apache.hadoop.ozone.client.rpc.TestOzoneRpcClientAbstract.testListKey(TestOzoneRpcClientAbstract.java:1467)
	at sun.reflect.NativeMethodAccessorImpl.invoke0(Native Method)
	at sun.reflect.NativeMethodAccessorImpl.invoke(NativeMethodAccessorImpl.java:62)
	at sun.reflect.DelegatingMethodAccessorImpl.invoke(DelegatingMethodAccessorImpl.java:43)
	at java.lang.reflect.Method.invoke(Method.java:498)
	at org.junit.runners.model.FrameworkMethod$1.runReflectiveCall(FrameworkMethod.java:47)
	at org.junit.internal.runners.model.ReflectiveCallable.run(ReflectiveCallable.java:12)
	at org.junit.runners.model.FrameworkMethod.invokeExplosively(FrameworkMethod.java:44)
	at org.junit.internal.runners.statements.InvokeMethod.evaluate(InvokeMethod.java:17)
	at org.junit.runners.ParentRunner.runLeaf(ParentRunner.java:271)
	at org.junit.runners.BlockJUnit4ClassRunner.runChild(BlockJUnit4ClassRunner.java:70)
	at org.junit.runners.BlockJUnit4ClassRunner.runChild(BlockJUnit4ClassRunner.java:50)
	at org.junit.runners.ParentRunner$3.run(ParentRunner.java:238)
	at org.junit.runners.ParentRunner$1.schedule(ParentRunner.java:63)
	at org.junit.runners.ParentRunner.runChildren(ParentRunner.java:236)
	at org.junit.runners.ParentRunner.access$000(ParentRunner.java:53)
	at org.junit.runners.ParentRunner$2.evaluate(ParentRunner.java:229)
	at org.junit.internal.runners.statements.RunBefores.evaluate(RunBefores.java:26)
	at org.junit.internal.runners.statements.RunAfters.evaluate(RunAfters.java:27)
	at org.junit.runners.ParentRunner.run(ParentRunner.java:309)
	at org.apache.maven.surefire.junit4.JUnit4Provider.execute(JUnit4Provider.java:365)
	at org.apache.maven.surefire.junit4.JUnit4Provider.executeWithRerun(JUnit4Provider.java:273)
	at org.apache.maven.surefire.junit4.JUnit4Provider.executeTestSet(JUnit4Provider.java:238)
	at org.apache.maven.surefire.junit4.JUnit4Provider.invoke(JUnit4Provider.java:159)
	at org.apache.maven.surefire.booter.ForkedBooter.invokeProviderInSameClassLoader(ForkedBooter.java:384)
	at org.apache.maven.surefire.booter.ForkedBooter.runSuitesInProcess(ForkedBooter.java:345)
	at org.apache.maven.surefire.booter.ForkedBooter.execute(ForkedBooter.java:126)
	at org.apache.maven.surefire.booter.ForkedBooter.main(ForkedBooter.java:418)
</error>
    <system-out><![CDATA[2019-09-29 10:46:00,577 [main] INFO  rpc.RpcClient (RpcClient.java:createVolume(276)) - Creating Volume: vol-a-21084, with jenkins1000 as owner.
2019-09-29 10:46:00,578 [IPC Server handler 6 on 38976] INFO  volume.OMVolumeCreateRequest (OMVolumeCreateRequest.java:validateAndUpdateCache(189)) - created volume:vol-a-21084 for user:jenkins1000
2019-09-29 10:46:00,578 [main] INFO  rpc.RpcClient (RpcClient.java:createVolume(276)) - Creating Volume: vol-b-78741, with jenkins1000 as owner.
2019-09-29 10:46:00,579 [IPC Server handler 5 on 38976] INFO  volume.OMVolumeCreateRequest (OMVolumeCreateRequest.java:validateAndUpdateCache(189)) - created volume:vol-b-78741 for user:jenkins1000
2019-09-29 10:46:00,581 [main] INFO  rpc.RpcClient (RpcClient.java:createBucket(415)) - Creating Bucket: vol-a-21084/buc-a-59798, with Versioning false and Storage Type set to DISK and Encryption set to false 
2019-09-29 10:46:00,583 [main] INFO  rpc.RpcClient (RpcClient.java:createBucket(415)) - Creating Bucket: vol-a-21084/buc-b-66512, with Versioning false and Storage Type set to DISK and Encryption set to false 
2019-09-29 10:46:00,586 [main] INFO  rpc.RpcClient (RpcClient.java:createBucket(415)) - Creating Bucket: vol-b-78741/buc-a-59798, with Versioning false and Storage Type set to DISK and Encryption set to false 
2019-09-29 10:46:00,588 [main] INFO  rpc.RpcClient (RpcClient.java:createBucket(415)) - Creating Bucket: vol-b-78741/buc-b-66512, with Versioning false and Storage Type set to DISK and Encryption set to false 
2019-09-29 10:46:00,601 [IPC Server handler 16 on 39734] WARN  block.BlockManagerImpl (BlockManagerImpl.java:allocateBlock(192)) - Pipeline creation failed for type:STAND_ALONE factor:ONE. Datanodes may be used up.
org.apache.hadoop.hdds.scm.exceptions.SCMException: Pipeline number meets the limit: 20
	at org.apache.hadoop.hdds.scm.pipeline.SCMPipelineManager.createPipeline(SCMPipelineManager.java:174)
	at org.apache.hadoop.hdds.scm.block.BlockManagerImpl.allocateBlock(BlockManagerImpl.java:190)
	at org.apache.hadoop.hdds.scm.server.SCMBlockProtocolServer.allocateBlock(SCMBlockProtocolServer.java:182)
	at org.apache.hadoop.ozone.protocolPB.ScmBlockLocationProtocolServerSideTranslatorPB.allocateScmBlock(ScmBlockLocationProtocolServerSideTranslatorPB.java:183)
	at org.apache.hadoop.ozone.protocolPB.ScmBlockLocationProtocolServerSideTranslatorPB.processMessage(ScmBlockLocationProtocolServerSideTranslatorPB.java:141)
	at org.apache.hadoop.ozone.protocolPB.ScmBlockLocationProtocolServerSideTranslatorPB.send(ScmBlockLocationProtocolServerSideTranslatorPB.java:116)
	at org.apache.hadoop.hdds.protocol.proto.ScmBlockLocationProtocolProtos$ScmBlockLocationProtocolService$2.callBlockingMethod(ScmBlockLocationProtocolProtos.java:13157)
	at org.apache.hadoop.ipc.ProtobufRpcEngine$Server$ProtoBufRpcInvoker.call(ProtobufRpcEngine.java:524)
	at org.apache.hadoop.ipc.RPC$Server.call(RPC.java:1025)
	at org.apache.hadoop.ipc.Server$RpcCall.run(Server.java:876)
	at org.apache.hadoop.ipc.Server$RpcCall.run(Server.java:822)
	at java.security.AccessController.doPrivileged(Native Method)
	at javax.security.auth.Subject.doAs(Subject.java:422)
	at org.apache.hadoop.security.UserGroupInformation.doAs(UserGroupInformation.java:1730)
	at org.apache.hadoop.ipc.Server$Handler.run(Server.java:2682)
2019-09-29 10:46:00,601 [IPC Server handler 16 on 39734] ERROR block.BlockManagerImpl (BlockManagerImpl.java:allocateBlock(226)) - Unable to allocate a block for the size: 4194304, type: STAND_ALONE, factor: ONE
]]></system-out>
  </testcase>
  <testcase name="testListPartsInvalidPartMarker" classname="org.apache.hadoop.ozone.client.rpc.TestOzoneAtRestEncryption" time="0.008"/>
  <testcase name="testMultipartUploadWithPartsLessThanMinSize" classname="org.apache.hadoop.ozone.client.rpc.TestOzoneAtRestEncryption" time="0.017">
    <error message="Allocated 0 blocks. Requested 1 blocks" type="INTERNAL_ERROR org.apache.hadoop.ozone.om.exceptions.OMException">INTERNAL_ERROR org.apache.hadoop.ozone.om.exceptions.OMException: Allocated 0 blocks. Requested 1 blocks
	at org.apache.hadoop.ozone.om.protocolPB.OzoneManagerProtocolClientSideTranslatorPB.handleError(OzoneManagerProtocolClientSideTranslatorPB.java:732)
	at org.apache.hadoop.ozone.om.protocolPB.OzoneManagerProtocolClientSideTranslatorPB.allocateBlock(OzoneManagerProtocolClientSideTranslatorPB.java:764)
	at sun.reflect.NativeMethodAccessorImpl.invoke0(Native Method)
	at sun.reflect.NativeMethodAccessorImpl.invoke(NativeMethodAccessorImpl.java:62)
	at sun.reflect.DelegatingMethodAccessorImpl.invoke(DelegatingMethodAccessorImpl.java:43)
	at java.lang.reflect.Method.invoke(Method.java:498)
	at org.apache.hadoop.hdds.tracing.TraceAllMethod.invoke(TraceAllMethod.java:66)
	at com.sun.proxy.$Proxy86.allocateBlock(Unknown Source)
	at org.apache.hadoop.ozone.client.io.BlockOutputStreamEntryPool.allocateNewBlock(BlockOutputStreamEntryPool.java:248)
	at org.apache.hadoop.ozone.client.io.BlockOutputStreamEntryPool.allocateBlockIfNeeded(BlockOutputStreamEntryPool.java:296)
	at org.apache.hadoop.ozone.client.io.KeyOutputStream.handleWrite(KeyOutputStream.java:198)
	at org.apache.hadoop.ozone.client.io.KeyOutputStream.write(KeyOutputStream.java:190)
	at org.apache.hadoop.ozone.client.io.OzoneOutputStream.write(OzoneOutputStream.java:49)
	at org.apache.hadoop.ozone.client.rpc.TestOzoneRpcClientAbstract.uploadPart(TestOzoneRpcClientAbstract.java:2625)
	at org.apache.hadoop.ozone.client.rpc.TestOzoneRpcClientAbstract.testMultipartUploadWithPartsLessThanMinSize(TestOzoneRpcClientAbstract.java:1876)
	at sun.reflect.NativeMethodAccessorImpl.invoke0(Native Method)
	at sun.reflect.NativeMethodAccessorImpl.invoke(NativeMethodAccessorImpl.java:62)
	at sun.reflect.DelegatingMethodAccessorImpl.invoke(DelegatingMethodAccessorImpl.java:43)
	at java.lang.reflect.Method.invoke(Method.java:498)
	at org.junit.runners.model.FrameworkMethod$1.runReflectiveCall(FrameworkMethod.java:47)
	at org.junit.internal.runners.model.ReflectiveCallable.run(ReflectiveCallable.java:12)
	at org.junit.runners.model.FrameworkMethod.invokeExplosively(FrameworkMethod.java:44)
	at org.junit.internal.runners.statements.InvokeMethod.evaluate(InvokeMethod.java:17)
	at org.junit.runners.ParentRunner.runLeaf(ParentRunner.java:271)
	at org.junit.runners.BlockJUnit4ClassRunner.runChild(BlockJUnit4ClassRunner.java:70)
	at org.junit.runners.BlockJUnit4ClassRunner.runChild(BlockJUnit4ClassRunner.java:50)
	at org.junit.runners.ParentRunner$3.run(ParentRunner.java:238)
	at org.junit.runners.ParentRunner$1.schedule(ParentRunner.java:63)
	at org.junit.runners.ParentRunner.runChildren(ParentRunner.java:236)
	at org.junit.runners.ParentRunner.access$000(ParentRunner.java:53)
	at org.junit.runners.ParentRunner$2.evaluate(ParentRunner.java:229)
	at org.junit.internal.runners.statements.RunBefores.evaluate(RunBefores.java:26)
	at org.junit.internal.runners.statements.RunAfters.evaluate(RunAfters.java:27)
	at org.junit.runners.ParentRunner.run(ParentRunner.java:309)
	at org.apache.maven.surefire.junit4.JUnit4Provider.execute(JUnit4Provider.java:365)
	at org.apache.maven.surefire.junit4.JUnit4Provider.executeWithRerun(JUnit4Provider.java:273)
	at org.apache.maven.surefire.junit4.JUnit4Provider.executeTestSet(JUnit4Provider.java:238)
	at org.apache.maven.surefire.junit4.JUnit4Provider.invoke(JUnit4Provider.java:159)
	at org.apache.maven.surefire.booter.ForkedBooter.invokeProviderInSameClassLoader(ForkedBooter.java:384)
	at org.apache.maven.surefire.booter.ForkedBooter.runSuitesInProcess(ForkedBooter.java:345)
	at org.apache.maven.surefire.booter.ForkedBooter.execute(ForkedBooter.java:126)
	at org.apache.maven.surefire.booter.ForkedBooter.main(ForkedBooter.java:418)
</error>
    <system-out><![CDATA[2019-09-29 10:46:00,612 [main] INFO  rpc.RpcClient (RpcClient.java:createVolume(276)) - Creating Volume: d883ae19-3716-4021-8910-3827e3a25df5, with jenkins1000 as owner.
2019-09-29 10:46:00,615 [IPC Server handler 1 on 38976] INFO  volume.OMVolumeCreateRequest (OMVolumeCreateRequest.java:validateAndUpdateCache(189)) - created volume:d883ae19-3716-4021-8910-3827e3a25df5 for user:jenkins1000
2019-09-29 10:46:00,620 [main] INFO  rpc.RpcClient (RpcClient.java:createBucket(415)) - Creating Bucket: d883ae19-3716-4021-8910-3827e3a25df5/93ad4d04-7241-4939-959c-3baeade80406, with Versioning false and Storage Type set to DISK and Encryption set to false 
2019-09-29 10:46:00,626 [IPC Server handler 18 on 39734] WARN  block.BlockManagerImpl (BlockManagerImpl.java:allocateBlock(192)) - Pipeline creation failed for type:STAND_ALONE factor:ONE. Datanodes may be used up.
org.apache.hadoop.hdds.scm.exceptions.SCMException: Pipeline number meets the limit: 20
	at org.apache.hadoop.hdds.scm.pipeline.SCMPipelineManager.createPipeline(SCMPipelineManager.java:174)
	at org.apache.hadoop.hdds.scm.block.BlockManagerImpl.allocateBlock(BlockManagerImpl.java:190)
	at org.apache.hadoop.hdds.scm.server.SCMBlockProtocolServer.allocateBlock(SCMBlockProtocolServer.java:182)
	at org.apache.hadoop.ozone.protocolPB.ScmBlockLocationProtocolServerSideTranslatorPB.allocateScmBlock(ScmBlockLocationProtocolServerSideTranslatorPB.java:183)
	at org.apache.hadoop.ozone.protocolPB.ScmBlockLocationProtocolServerSideTranslatorPB.processMessage(ScmBlockLocationProtocolServerSideTranslatorPB.java:141)
	at org.apache.hadoop.ozone.protocolPB.ScmBlockLocationProtocolServerSideTranslatorPB.send(ScmBlockLocationProtocolServerSideTranslatorPB.java:116)
	at org.apache.hadoop.hdds.protocol.proto.ScmBlockLocationProtocolProtos$ScmBlockLocationProtocolService$2.callBlockingMethod(ScmBlockLocationProtocolProtos.java:13157)
	at org.apache.hadoop.ipc.ProtobufRpcEngine$Server$ProtoBufRpcInvoker.call(ProtobufRpcEngine.java:524)
	at org.apache.hadoop.ipc.RPC$Server.call(RPC.java:1025)
	at org.apache.hadoop.ipc.Server$RpcCall.run(Server.java:876)
	at org.apache.hadoop.ipc.Server$RpcCall.run(Server.java:822)
	at java.security.AccessController.doPrivileged(Native Method)
	at javax.security.auth.Subject.doAs(Subject.java:422)
	at org.apache.hadoop.security.UserGroupInformation.doAs(UserGroupInformation.java:1730)
	at org.apache.hadoop.ipc.Server$Handler.run(Server.java:2682)
2019-09-29 10:46:00,627 [IPC Server handler 18 on 39734] ERROR block.BlockManagerImpl (BlockManagerImpl.java:allocateBlock(226)) - Unable to allocate a block for the size: 4194304, type: STAND_ALONE, factor: ONE
2019-09-29 10:46:00,627 [main] ERROR io.BlockOutputStreamEntryPool (BlockOutputStreamEntryPool.java:allocateBlockIfNeeded(299)) - Try to allocate more blocks for write failed, already allocated 0 blocks for this write.
INTERNAL_ERROR org.apache.hadoop.ozone.om.exceptions.OMException: Allocated 0 blocks. Requested 1 blocks
	at org.apache.hadoop.ozone.om.protocolPB.OzoneManagerProtocolClientSideTranslatorPB.handleError(OzoneManagerProtocolClientSideTranslatorPB.java:732)
	at org.apache.hadoop.ozone.om.protocolPB.OzoneManagerProtocolClientSideTranslatorPB.allocateBlock(OzoneManagerProtocolClientSideTranslatorPB.java:764)
	at sun.reflect.NativeMethodAccessorImpl.invoke0(Native Method)
	at sun.reflect.NativeMethodAccessorImpl.invoke(NativeMethodAccessorImpl.java:62)
	at sun.reflect.DelegatingMethodAccessorImpl.invoke(DelegatingMethodAccessorImpl.java:43)
	at java.lang.reflect.Method.invoke(Method.java:498)
	at org.apache.hadoop.hdds.tracing.TraceAllMethod.invoke(TraceAllMethod.java:66)
	at com.sun.proxy.$Proxy86.allocateBlock(Unknown Source)
	at org.apache.hadoop.ozone.client.io.BlockOutputStreamEntryPool.allocateNewBlock(BlockOutputStreamEntryPool.java:248)
	at org.apache.hadoop.ozone.client.io.BlockOutputStreamEntryPool.allocateBlockIfNeeded(BlockOutputStreamEntryPool.java:296)
	at org.apache.hadoop.ozone.client.io.KeyOutputStream.handleWrite(KeyOutputStream.java:198)
	at org.apache.hadoop.ozone.client.io.KeyOutputStream.write(KeyOutputStream.java:190)
	at org.apache.hadoop.ozone.client.io.OzoneOutputStream.write(OzoneOutputStream.java:49)
	at org.apache.hadoop.ozone.client.rpc.TestOzoneRpcClientAbstract.uploadPart(TestOzoneRpcClientAbstract.java:2625)
	at org.apache.hadoop.ozone.client.rpc.TestOzoneRpcClientAbstract.testMultipartUploadWithPartsLessThanMinSize(TestOzoneRpcClientAbstract.java:1876)
	at sun.reflect.NativeMethodAccessorImpl.invoke0(Native Method)
	at sun.reflect.NativeMethodAccessorImpl.invoke(NativeMethodAccessorImpl.java:62)
	at sun.reflect.DelegatingMethodAccessorImpl.invoke(DelegatingMethodAccessorImpl.java:43)
	at java.lang.reflect.Method.invoke(Method.java:498)
	at org.junit.runners.model.FrameworkMethod$1.runReflectiveCall(FrameworkMethod.java:47)
	at org.junit.internal.runners.model.ReflectiveCallable.run(ReflectiveCallable.java:12)
	at org.junit.runners.model.FrameworkMethod.invokeExplosively(FrameworkMethod.java:44)
	at org.junit.internal.runners.statements.InvokeMethod.evaluate(InvokeMethod.java:17)
	at org.junit.runners.ParentRunner.runLeaf(ParentRunner.java:271)
	at org.junit.runners.BlockJUnit4ClassRunner.runChild(BlockJUnit4ClassRunner.java:70)
	at org.junit.runners.BlockJUnit4ClassRunner.runChild(BlockJUnit4ClassRunner.java:50)
	at org.junit.runners.ParentRunner$3.run(ParentRunner.java:238)
	at org.junit.runners.ParentRunner$1.schedule(ParentRunner.java:63)
	at org.junit.runners.ParentRunner.runChildren(ParentRunner.java:236)
	at org.junit.runners.ParentRunner.access$000(ParentRunner.java:53)
	at org.junit.runners.ParentRunner$2.evaluate(ParentRunner.java:229)
	at org.junit.internal.runners.statements.RunBefores.evaluate(RunBefores.java:26)
	at org.junit.internal.runners.statements.RunAfters.evaluate(RunAfters.java:27)
	at org.junit.runners.ParentRunner.run(ParentRunner.java:309)
	at org.apache.maven.surefire.junit4.JUnit4Provider.execute(JUnit4Provider.java:365)
	at org.apache.maven.surefire.junit4.JUnit4Provider.executeWithRerun(JUnit4Provider.java:273)
	at org.apache.maven.surefire.junit4.JUnit4Provider.executeTestSet(JUnit4Provider.java:238)
	at org.apache.maven.surefire.junit4.JUnit4Provider.invoke(JUnit4Provider.java:159)
	at org.apache.maven.surefire.booter.ForkedBooter.invokeProviderInSameClassLoader(ForkedBooter.java:384)
	at org.apache.maven.surefire.booter.ForkedBooter.runSuitesInProcess(ForkedBooter.java:345)
	at org.apache.maven.surefire.booter.ForkedBooter.execute(ForkedBooter.java:126)
	at org.apache.maven.surefire.booter.ForkedBooter.main(ForkedBooter.java:418)
]]></system-out>
  </testcase>
  <testcase name="testPutKeyRatisOneNode" classname="org.apache.hadoop.ozone.client.rpc.TestOzoneAtRestEncryption" time="2.52"/>
  <testcase name="testListS3Buckets" classname="org.apache.hadoop.ozone.client.rpc.TestOzoneAtRestEncryption" time="0.019"/>
  <testcase name="testAbortUploadSuccessWithParts" classname="org.apache.hadoop.ozone.client.rpc.TestOzoneAtRestEncryption" time="0.013">
    <error message="Allocated 0 blocks. Requested 1 blocks" type="INTERNAL_ERROR org.apache.hadoop.ozone.om.exceptions.OMException">INTERNAL_ERROR org.apache.hadoop.ozone.om.exceptions.OMException: Allocated 0 blocks. Requested 1 blocks
	at org.apache.hadoop.ozone.om.protocolPB.OzoneManagerProtocolClientSideTranslatorPB.handleError(OzoneManagerProtocolClientSideTranslatorPB.java:732)
	at org.apache.hadoop.ozone.om.protocolPB.OzoneManagerProtocolClientSideTranslatorPB.allocateBlock(OzoneManagerProtocolClientSideTranslatorPB.java:764)
	at sun.reflect.NativeMethodAccessorImpl.invoke0(Native Method)
	at sun.reflect.NativeMethodAccessorImpl.invoke(NativeMethodAccessorImpl.java:62)
	at sun.reflect.DelegatingMethodAccessorImpl.invoke(DelegatingMethodAccessorImpl.java:43)
	at java.lang.reflect.Method.invoke(Method.java:498)
	at org.apache.hadoop.hdds.tracing.TraceAllMethod.invoke(TraceAllMethod.java:66)
	at com.sun.proxy.$Proxy86.allocateBlock(Unknown Source)
	at org.apache.hadoop.ozone.client.io.BlockOutputStreamEntryPool.allocateNewBlock(BlockOutputStreamEntryPool.java:248)
	at org.apache.hadoop.ozone.client.io.BlockOutputStreamEntryPool.allocateBlockIfNeeded(BlockOutputStreamEntryPool.java:296)
	at org.apache.hadoop.ozone.client.io.KeyOutputStream.handleWrite(KeyOutputStream.java:198)
	at org.apache.hadoop.ozone.client.io.KeyOutputStream.write(KeyOutputStream.java:190)
	at org.apache.hadoop.ozone.client.io.OzoneOutputStream.write(OzoneOutputStream.java:49)
	at org.apache.hadoop.ozone.client.rpc.TestOzoneRpcClientAbstract.uploadPart(TestOzoneRpcClientAbstract.java:2625)
	at org.apache.hadoop.ozone.client.rpc.TestOzoneRpcClientAbstract.testAbortUploadSuccessWithParts(TestOzoneRpcClientAbstract.java:2011)
	at sun.reflect.NativeMethodAccessorImpl.invoke0(Native Method)
	at sun.reflect.NativeMethodAccessorImpl.invoke(NativeMethodAccessorImpl.java:62)
	at sun.reflect.DelegatingMethodAccessorImpl.invoke(DelegatingMethodAccessorImpl.java:43)
	at java.lang.reflect.Method.invoke(Method.java:498)
	at org.junit.runners.model.FrameworkMethod$1.runReflectiveCall(FrameworkMethod.java:47)
	at org.junit.internal.runners.model.ReflectiveCallable.run(ReflectiveCallable.java:12)
	at org.junit.runners.model.FrameworkMethod.invokeExplosively(FrameworkMethod.java:44)
	at org.junit.internal.runners.statements.InvokeMethod.evaluate(InvokeMethod.java:17)
	at org.junit.runners.ParentRunner.runLeaf(ParentRunner.java:271)
	at org.junit.runners.BlockJUnit4ClassRunner.runChild(BlockJUnit4ClassRunner.java:70)
	at org.junit.runners.BlockJUnit4ClassRunner.runChild(BlockJUnit4ClassRunner.java:50)
	at org.junit.runners.ParentRunner$3.run(ParentRunner.java:238)
	at org.junit.runners.ParentRunner$1.schedule(ParentRunner.java:63)
	at org.junit.runners.ParentRunner.runChildren(ParentRunner.java:236)
	at org.junit.runners.ParentRunner.access$000(ParentRunner.java:53)
	at org.junit.runners.ParentRunner$2.evaluate(ParentRunner.java:229)
	at org.junit.internal.runners.statements.RunBefores.evaluate(RunBefores.java:26)
	at org.junit.internal.runners.statements.RunAfters.evaluate(RunAfters.java:27)
	at org.junit.runners.ParentRunner.run(ParentRunner.java:309)
	at org.apache.maven.surefire.junit4.JUnit4Provider.execute(JUnit4Provider.java:365)
	at org.apache.maven.surefire.junit4.JUnit4Provider.executeWithRerun(JUnit4Provider.java:273)
	at org.apache.maven.surefire.junit4.JUnit4Provider.executeTestSet(JUnit4Provider.java:238)
	at org.apache.maven.surefire.junit4.JUnit4Provider.invoke(JUnit4Provider.java:159)
	at org.apache.maven.surefire.booter.ForkedBooter.invokeProviderInSameClassLoader(ForkedBooter.java:384)
	at org.apache.maven.surefire.booter.ForkedBooter.runSuitesInProcess(ForkedBooter.java:345)
	at org.apache.maven.surefire.booter.ForkedBooter.execute(ForkedBooter.java:126)
	at org.apache.maven.surefire.booter.ForkedBooter.main(ForkedBooter.java:418)
</error>
    <system-out><![CDATA[2019-09-29 10:46:03,168 [main] INFO  rpc.RpcClient (RpcClient.java:createVolume(276)) - Creating Volume: a0ff1548-4109-456f-be38-8c78b01fe8cc, with jenkins1000 as owner.
2019-09-29 10:46:03,170 [IPC Server handler 4 on 38976] INFO  volume.OMVolumeCreateRequest (OMVolumeCreateRequest.java:validateAndUpdateCache(189)) - created volume:a0ff1548-4109-456f-be38-8c78b01fe8cc for user:jenkins1000
2019-09-29 10:46:03,171 [main] INFO  rpc.RpcClient (RpcClient.java:createBucket(415)) - Creating Bucket: a0ff1548-4109-456f-be38-8c78b01fe8cc/df1f8542-0729-4042-9b03-a98500e7a718, with Versioning false and Storage Type set to DISK and Encryption set to false 
2019-09-29 10:46:03,179 [IPC Server handler 14 on 39734] WARN  block.BlockManagerImpl (BlockManagerImpl.java:allocateBlock(192)) - Pipeline creation failed for type:STAND_ALONE factor:ONE. Datanodes may be used up.
org.apache.hadoop.hdds.scm.exceptions.SCMException: Pipeline number meets the limit: 20
	at org.apache.hadoop.hdds.scm.pipeline.SCMPipelineManager.createPipeline(SCMPipelineManager.java:174)
	at org.apache.hadoop.hdds.scm.block.BlockManagerImpl.allocateBlock(BlockManagerImpl.java:190)
	at org.apache.hadoop.hdds.scm.server.SCMBlockProtocolServer.allocateBlock(SCMBlockProtocolServer.java:182)
	at org.apache.hadoop.ozone.protocolPB.ScmBlockLocationProtocolServerSideTranslatorPB.allocateScmBlock(ScmBlockLocationProtocolServerSideTranslatorPB.java:183)
	at org.apache.hadoop.ozone.protocolPB.ScmBlockLocationProtocolServerSideTranslatorPB.processMessage(ScmBlockLocationProtocolServerSideTranslatorPB.java:141)
	at org.apache.hadoop.ozone.protocolPB.ScmBlockLocationProtocolServerSideTranslatorPB.send(ScmBlockLocationProtocolServerSideTranslatorPB.java:116)
	at org.apache.hadoop.hdds.protocol.proto.ScmBlockLocationProtocolProtos$ScmBlockLocationProtocolService$2.callBlockingMethod(ScmBlockLocationProtocolProtos.java:13157)
	at org.apache.hadoop.ipc.ProtobufRpcEngine$Server$ProtoBufRpcInvoker.call(ProtobufRpcEngine.java:524)
	at org.apache.hadoop.ipc.RPC$Server.call(RPC.java:1025)
	at org.apache.hadoop.ipc.Server$RpcCall.run(Server.java:876)
	at org.apache.hadoop.ipc.Server$RpcCall.run(Server.java:822)
	at java.security.AccessController.doPrivileged(Native Method)
	at javax.security.auth.Subject.doAs(Subject.java:422)
	at org.apache.hadoop.security.UserGroupInformation.doAs(UserGroupInformation.java:1730)
	at org.apache.hadoop.ipc.Server$Handler.run(Server.java:2682)
2019-09-29 10:46:03,179 [IPC Server handler 14 on 39734] ERROR block.BlockManagerImpl (BlockManagerImpl.java:allocateBlock(226)) - Unable to allocate a block for the size: 4194304, type: STAND_ALONE, factor: ONE
2019-09-29 10:46:03,180 [main] ERROR io.BlockOutputStreamEntryPool (BlockOutputStreamEntryPool.java:allocateBlockIfNeeded(299)) - Try to allocate more blocks for write failed, already allocated 0 blocks for this write.
INTERNAL_ERROR org.apache.hadoop.ozone.om.exceptions.OMException: Allocated 0 blocks. Requested 1 blocks
	at org.apache.hadoop.ozone.om.protocolPB.OzoneManagerProtocolClientSideTranslatorPB.handleError(OzoneManagerProtocolClientSideTranslatorPB.java:732)
	at org.apache.hadoop.ozone.om.protocolPB.OzoneManagerProtocolClientSideTranslatorPB.allocateBlock(OzoneManagerProtocolClientSideTranslatorPB.java:764)
	at sun.reflect.NativeMethodAccessorImpl.invoke0(Native Method)
	at sun.reflect.NativeMethodAccessorImpl.invoke(NativeMethodAccessorImpl.java:62)
	at sun.reflect.DelegatingMethodAccessorImpl.invoke(DelegatingMethodAccessorImpl.java:43)
	at java.lang.reflect.Method.invoke(Method.java:498)
	at org.apache.hadoop.hdds.tracing.TraceAllMethod.invoke(TraceAllMethod.java:66)
	at com.sun.proxy.$Proxy86.allocateBlock(Unknown Source)
	at org.apache.hadoop.ozone.client.io.BlockOutputStreamEntryPool.allocateNewBlock(BlockOutputStreamEntryPool.java:248)
	at org.apache.hadoop.ozone.client.io.BlockOutputStreamEntryPool.allocateBlockIfNeeded(BlockOutputStreamEntryPool.java:296)
	at org.apache.hadoop.ozone.client.io.KeyOutputStream.handleWrite(KeyOutputStream.java:198)
	at org.apache.hadoop.ozone.client.io.KeyOutputStream.write(KeyOutputStream.java:190)
	at org.apache.hadoop.ozone.client.io.OzoneOutputStream.write(OzoneOutputStream.java:49)
	at org.apache.hadoop.ozone.client.rpc.TestOzoneRpcClientAbstract.uploadPart(TestOzoneRpcClientAbstract.java:2625)
	at org.apache.hadoop.ozone.client.rpc.TestOzoneRpcClientAbstract.testAbortUploadSuccessWithParts(TestOzoneRpcClientAbstract.java:2011)
	at sun.reflect.NativeMethodAccessorImpl.invoke0(Native Method)
	at sun.reflect.NativeMethodAccessorImpl.invoke(NativeMethodAccessorImpl.java:62)
	at sun.reflect.DelegatingMethodAccessorImpl.invoke(DelegatingMethodAccessorImpl.java:43)
	at java.lang.reflect.Method.invoke(Method.java:498)
	at org.junit.runners.model.FrameworkMethod$1.runReflectiveCall(FrameworkMethod.java:47)
	at org.junit.internal.runners.model.ReflectiveCallable.run(ReflectiveCallable.java:12)
	at org.junit.runners.model.FrameworkMethod.invokeExplosively(FrameworkMethod.java:44)
	at org.junit.internal.runners.statements.InvokeMethod.evaluate(InvokeMethod.java:17)
	at org.junit.runners.ParentRunner.runLeaf(ParentRunner.java:271)
	at org.junit.runners.BlockJUnit4ClassRunner.runChild(BlockJUnit4ClassRunner.java:70)
	at org.junit.runners.BlockJUnit4ClassRunner.runChild(BlockJUnit4ClassRunner.java:50)
	at org.junit.runners.ParentRunner$3.run(ParentRunner.java:238)
	at org.junit.runners.ParentRunner$1.schedule(ParentRunner.java:63)
	at org.junit.runners.ParentRunner.runChildren(ParentRunner.java:236)
	at org.junit.runners.ParentRunner.access$000(ParentRunner.java:53)
	at org.junit.runners.ParentRunner$2.evaluate(ParentRunner.java:229)
	at org.junit.internal.runners.statements.RunBefores.evaluate(RunBefores.java:26)
	at org.junit.internal.runners.statements.RunAfters.evaluate(RunAfters.java:27)
	at org.junit.runners.ParentRunner.run(ParentRunner.java:309)
	at org.apache.maven.surefire.junit4.JUnit4Provider.execute(JUnit4Provider.java:365)
	at org.apache.maven.surefire.junit4.JUnit4Provider.executeWithRerun(JUnit4Provider.java:273)
	at org.apache.maven.surefire.junit4.JUnit4Provider.executeTestSet(JUnit4Provider.java:238)
	at org.apache.maven.surefire.junit4.JUnit4Provider.invoke(JUnit4Provider.java:159)
	at org.apache.maven.surefire.booter.ForkedBooter.invokeProviderInSameClassLoader(ForkedBooter.java:384)
	at org.apache.maven.surefire.booter.ForkedBooter.runSuitesInProcess(ForkedBooter.java:345)
	at org.apache.maven.surefire.booter.ForkedBooter.execute(ForkedBooter.java:126)
	at org.apache.maven.surefire.booter.ForkedBooter.main(ForkedBooter.java:418)
]]></system-out>
  </testcase>
  <testcase name="testListS3BucketsFail" classname="org.apache.hadoop.ozone.client.rpc.TestOzoneAtRestEncryption" time="0.003"/>
  <testcase name="testListMultipartUploadPartsWithContinuation" classname="org.apache.hadoop.ozone.client.rpc.TestOzoneAtRestEncryption" time="0.011">
    <error message="Allocated 0 blocks. Requested 1 blocks" type="INTERNAL_ERROR org.apache.hadoop.ozone.om.exceptions.OMException">INTERNAL_ERROR org.apache.hadoop.ozone.om.exceptions.OMException: Allocated 0 blocks. Requested 1 blocks
	at org.apache.hadoop.ozone.om.protocolPB.OzoneManagerProtocolClientSideTranslatorPB.handleError(OzoneManagerProtocolClientSideTranslatorPB.java:732)
	at org.apache.hadoop.ozone.om.protocolPB.OzoneManagerProtocolClientSideTranslatorPB.allocateBlock(OzoneManagerProtocolClientSideTranslatorPB.java:764)
	at sun.reflect.NativeMethodAccessorImpl.invoke0(Native Method)
	at sun.reflect.NativeMethodAccessorImpl.invoke(NativeMethodAccessorImpl.java:62)
	at sun.reflect.DelegatingMethodAccessorImpl.invoke(DelegatingMethodAccessorImpl.java:43)
	at java.lang.reflect.Method.invoke(Method.java:498)
	at org.apache.hadoop.hdds.tracing.TraceAllMethod.invoke(TraceAllMethod.java:66)
	at com.sun.proxy.$Proxy86.allocateBlock(Unknown Source)
	at org.apache.hadoop.ozone.client.io.BlockOutputStreamEntryPool.allocateNewBlock(BlockOutputStreamEntryPool.java:248)
	at org.apache.hadoop.ozone.client.io.BlockOutputStreamEntryPool.allocateBlockIfNeeded(BlockOutputStreamEntryPool.java:296)
	at org.apache.hadoop.ozone.client.io.KeyOutputStream.handleWrite(KeyOutputStream.java:198)
	at org.apache.hadoop.ozone.client.io.KeyOutputStream.write(KeyOutputStream.java:190)
	at org.apache.hadoop.ozone.client.io.OzoneOutputStream.write(OzoneOutputStream.java:49)
	at org.apache.hadoop.ozone.client.rpc.TestOzoneRpcClientAbstract.uploadPart(TestOzoneRpcClientAbstract.java:2625)
	at org.apache.hadoop.ozone.client.rpc.TestOzoneRpcClientAbstract.testListMultipartUploadPartsWithContinuation(TestOzoneRpcClientAbstract.java:2080)
	at sun.reflect.NativeMethodAccessorImpl.invoke0(Native Method)
	at sun.reflect.NativeMethodAccessorImpl.invoke(NativeMethodAccessorImpl.java:62)
	at sun.reflect.DelegatingMethodAccessorImpl.invoke(DelegatingMethodAccessorImpl.java:43)
	at java.lang.reflect.Method.invoke(Method.java:498)
	at org.junit.runners.model.FrameworkMethod$1.runReflectiveCall(FrameworkMethod.java:47)
	at org.junit.internal.runners.model.ReflectiveCallable.run(ReflectiveCallable.java:12)
	at org.junit.runners.model.FrameworkMethod.invokeExplosively(FrameworkMethod.java:44)
	at org.junit.internal.runners.statements.InvokeMethod.evaluate(InvokeMethod.java:17)
	at org.junit.runners.ParentRunner.runLeaf(ParentRunner.java:271)
	at org.junit.runners.BlockJUnit4ClassRunner.runChild(BlockJUnit4ClassRunner.java:70)
	at org.junit.runners.BlockJUnit4ClassRunner.runChild(BlockJUnit4ClassRunner.java:50)
	at org.junit.runners.ParentRunner$3.run(ParentRunner.java:238)
	at org.junit.runners.ParentRunner$1.schedule(ParentRunner.java:63)
	at org.junit.runners.ParentRunner.runChildren(ParentRunner.java:236)
	at org.junit.runners.ParentRunner.access$000(ParentRunner.java:53)
	at org.junit.runners.ParentRunner$2.evaluate(ParentRunner.java:229)
	at org.junit.internal.runners.statements.RunBefores.evaluate(RunBefores.java:26)
	at org.junit.internal.runners.statements.RunAfters.evaluate(RunAfters.java:27)
	at org.junit.runners.ParentRunner.run(ParentRunner.java:309)
	at org.apache.maven.surefire.junit4.JUnit4Provider.execute(JUnit4Provider.java:365)
	at org.apache.maven.surefire.junit4.JUnit4Provider.executeWithRerun(JUnit4Provider.java:273)
	at org.apache.maven.surefire.junit4.JUnit4Provider.executeTestSet(JUnit4Provider.java:238)
	at org.apache.maven.surefire.junit4.JUnit4Provider.invoke(JUnit4Provider.java:159)
	at org.apache.maven.surefire.booter.ForkedBooter.invokeProviderInSameClassLoader(ForkedBooter.java:384)
	at org.apache.maven.surefire.booter.ForkedBooter.runSuitesInProcess(ForkedBooter.java:345)
	at org.apache.maven.surefire.booter.ForkedBooter.execute(ForkedBooter.java:126)
	at org.apache.maven.surefire.booter.ForkedBooter.main(ForkedBooter.java:418)
</error>
    <system-out><![CDATA[2019-09-29 10:46:03,184 [main] INFO  rpc.RpcClient (RpcClient.java:createVolume(276)) - Creating Volume: 2e761559-3ff5-48ca-b4d7-1045885277b3, with jenkins1000 as owner.
2019-09-29 10:46:03,185 [IPC Server handler 16 on 38976] INFO  volume.OMVolumeCreateRequest (OMVolumeCreateRequest.java:validateAndUpdateCache(189)) - created volume:2e761559-3ff5-48ca-b4d7-1045885277b3 for user:jenkins1000
2019-09-29 10:46:03,186 [main] INFO  rpc.RpcClient (RpcClient.java:createBucket(415)) - Creating Bucket: 2e761559-3ff5-48ca-b4d7-1045885277b3/e9eebbbf-f5ff-4f6d-a0c4-acebd5e1af92, with Versioning false and Storage Type set to DISK and Encryption set to false 
2019-09-29 10:46:03,193 [IPC Server handler 7 on 39734] WARN  block.BlockManagerImpl (BlockManagerImpl.java:allocateBlock(192)) - Pipeline creation failed for type:STAND_ALONE factor:ONE. Datanodes may be used up.
org.apache.hadoop.hdds.scm.exceptions.SCMException: Pipeline number meets the limit: 20
	at org.apache.hadoop.hdds.scm.pipeline.SCMPipelineManager.createPipeline(SCMPipelineManager.java:174)
	at org.apache.hadoop.hdds.scm.block.BlockManagerImpl.allocateBlock(BlockManagerImpl.java:190)
	at org.apache.hadoop.hdds.scm.server.SCMBlockProtocolServer.allocateBlock(SCMBlockProtocolServer.java:182)
	at org.apache.hadoop.ozone.protocolPB.ScmBlockLocationProtocolServerSideTranslatorPB.allocateScmBlock(ScmBlockLocationProtocolServerSideTranslatorPB.java:183)
	at org.apache.hadoop.ozone.protocolPB.ScmBlockLocationProtocolServerSideTranslatorPB.processMessage(ScmBlockLocationProtocolServerSideTranslatorPB.java:141)
	at org.apache.hadoop.ozone.protocolPB.ScmBlockLocationProtocolServerSideTranslatorPB.send(ScmBlockLocationProtocolServerSideTranslatorPB.java:116)
	at org.apache.hadoop.hdds.protocol.proto.ScmBlockLocationProtocolProtos$ScmBlockLocationProtocolService$2.callBlockingMethod(ScmBlockLocationProtocolProtos.java:13157)
	at org.apache.hadoop.ipc.ProtobufRpcEngine$Server$ProtoBufRpcInvoker.call(ProtobufRpcEngine.java:524)
	at org.apache.hadoop.ipc.RPC$Server.call(RPC.java:1025)
	at org.apache.hadoop.ipc.Server$RpcCall.run(Server.java:876)
	at org.apache.hadoop.ipc.Server$RpcCall.run(Server.java:822)
	at java.security.AccessController.doPrivileged(Native Method)
	at javax.security.auth.Subject.doAs(Subject.java:422)
	at org.apache.hadoop.security.UserGroupInformation.doAs(UserGroupInformation.java:1730)
	at org.apache.hadoop.ipc.Server$Handler.run(Server.java:2682)
2019-09-29 10:46:03,193 [IPC Server handler 7 on 39734] ERROR block.BlockManagerImpl (BlockManagerImpl.java:allocateBlock(226)) - Unable to allocate a block for the size: 4194304, type: STAND_ALONE, factor: ONE
2019-09-29 10:46:03,194 [main] ERROR io.BlockOutputStreamEntryPool (BlockOutputStreamEntryPool.java:allocateBlockIfNeeded(299)) - Try to allocate more blocks for write failed, already allocated 0 blocks for this write.
INTERNAL_ERROR org.apache.hadoop.ozone.om.exceptions.OMException: Allocated 0 blocks. Requested 1 blocks
	at org.apache.hadoop.ozone.om.protocolPB.OzoneManagerProtocolClientSideTranslatorPB.handleError(OzoneManagerProtocolClientSideTranslatorPB.java:732)
	at org.apache.hadoop.ozone.om.protocolPB.OzoneManagerProtocolClientSideTranslatorPB.allocateBlock(OzoneManagerProtocolClientSideTranslatorPB.java:764)
	at sun.reflect.NativeMethodAccessorImpl.invoke0(Native Method)
	at sun.reflect.NativeMethodAccessorImpl.invoke(NativeMethodAccessorImpl.java:62)
	at sun.reflect.DelegatingMethodAccessorImpl.invoke(DelegatingMethodAccessorImpl.java:43)
	at java.lang.reflect.Method.invoke(Method.java:498)
	at org.apache.hadoop.hdds.tracing.TraceAllMethod.invoke(TraceAllMethod.java:66)
	at com.sun.proxy.$Proxy86.allocateBlock(Unknown Source)
	at org.apache.hadoop.ozone.client.io.BlockOutputStreamEntryPool.allocateNewBlock(BlockOutputStreamEntryPool.java:248)
	at org.apache.hadoop.ozone.client.io.BlockOutputStreamEntryPool.allocateBlockIfNeeded(BlockOutputStreamEntryPool.java:296)
	at org.apache.hadoop.ozone.client.io.KeyOutputStream.handleWrite(KeyOutputStream.java:198)
	at org.apache.hadoop.ozone.client.io.KeyOutputStream.write(KeyOutputStream.java:190)
	at org.apache.hadoop.ozone.client.io.OzoneOutputStream.write(OzoneOutputStream.java:49)
	at org.apache.hadoop.ozone.client.rpc.TestOzoneRpcClientAbstract.uploadPart(TestOzoneRpcClientAbstract.java:2625)
	at org.apache.hadoop.ozone.client.rpc.TestOzoneRpcClientAbstract.testListMultipartUploadPartsWithContinuation(TestOzoneRpcClientAbstract.java:2080)
	at sun.reflect.NativeMethodAccessorImpl.invoke0(Native Method)
	at sun.reflect.NativeMethodAccessorImpl.invoke(NativeMethodAccessorImpl.java:62)
	at sun.reflect.DelegatingMethodAccessorImpl.invoke(DelegatingMethodAccessorImpl.java:43)
	at java.lang.reflect.Method.invoke(Method.java:498)
	at org.junit.runners.model.FrameworkMethod$1.runReflectiveCall(FrameworkMethod.java:47)
	at org.junit.internal.runners.model.ReflectiveCallable.run(ReflectiveCallable.java:12)
	at org.junit.runners.model.FrameworkMethod.invokeExplosively(FrameworkMethod.java:44)
	at org.junit.internal.runners.statements.InvokeMethod.evaluate(InvokeMethod.java:17)
	at org.junit.runners.ParentRunner.runLeaf(ParentRunner.java:271)
	at org.junit.runners.BlockJUnit4ClassRunner.runChild(BlockJUnit4ClassRunner.java:70)
	at org.junit.runners.BlockJUnit4ClassRunner.runChild(BlockJUnit4ClassRunner.java:50)
	at org.junit.runners.ParentRunner$3.run(ParentRunner.java:238)
	at org.junit.runners.ParentRunner$1.schedule(ParentRunner.java:63)
	at org.junit.runners.ParentRunner.runChildren(ParentRunner.java:236)
	at org.junit.runners.ParentRunner.access$000(ParentRunner.java:53)
	at org.junit.runners.ParentRunner$2.evaluate(ParentRunner.java:229)
	at org.junit.internal.runners.statements.RunBefores.evaluate(RunBefores.java:26)
	at org.junit.internal.runners.statements.RunAfters.evaluate(RunAfters.java:27)
	at org.junit.runners.ParentRunner.run(ParentRunner.java:309)
	at org.apache.maven.surefire.junit4.JUnit4Provider.execute(JUnit4Provider.java:365)
	at org.apache.maven.surefire.junit4.JUnit4Provider.executeWithRerun(JUnit4Provider.java:273)
	at org.apache.maven.surefire.junit4.JUnit4Provider.executeTestSet(JUnit4Provider.java:238)
	at org.apache.maven.surefire.junit4.JUnit4Provider.invoke(JUnit4Provider.java:159)
	at org.apache.maven.surefire.booter.ForkedBooter.invokeProviderInSameClassLoader(ForkedBooter.java:384)
	at org.apache.maven.surefire.booter.ForkedBooter.runSuitesInProcess(ForkedBooter.java:345)
	at org.apache.maven.surefire.booter.ForkedBooter.execute(ForkedBooter.java:126)
	at org.apache.maven.surefire.booter.ForkedBooter.main(ForkedBooter.java:418)
]]></system-out>
  </testcase>
  <testcase name="testListBucketsOnEmptyVolume" classname="org.apache.hadoop.ozone.client.rpc.TestOzoneAtRestEncryption" time="0.003"/>
  <testcase name="testCreateBucketWithStorageType" classname="org.apache.hadoop.ozone.client.rpc.TestOzoneAtRestEncryption" time="0.004"/>
  <testcase name="testRemoveBucketAclUsingRpcClientRemoveAcl" classname="org.apache.hadoop.ozone.client.rpc.TestOzoneAtRestEncryption" time="0.006"/>
  <testcase name="testDeleteKey" classname="org.apache.hadoop.ozone.client.rpc.TestOzoneAtRestEncryption" time="0.009">
    <error message="Allocated 0 blocks. Requested 1 blocks" type="INTERNAL_ERROR org.apache.hadoop.ozone.om.exceptions.OMException">INTERNAL_ERROR org.apache.hadoop.ozone.om.exceptions.OMException: Allocated 0 blocks. Requested 1 blocks
	at org.apache.hadoop.ozone.om.protocolPB.OzoneManagerProtocolClientSideTranslatorPB.handleError(OzoneManagerProtocolClientSideTranslatorPB.java:732)
	at org.apache.hadoop.ozone.om.protocolPB.OzoneManagerProtocolClientSideTranslatorPB.openKey(OzoneManagerProtocolClientSideTranslatorPB.java:723)
	at sun.reflect.GeneratedMethodAccessor260.invoke(Unknown Source)
	at sun.reflect.DelegatingMethodAccessorImpl.invoke(DelegatingMethodAccessorImpl.java:43)
	at java.lang.reflect.Method.invoke(Method.java:498)
	at org.apache.hadoop.hdds.tracing.TraceAllMethod.invoke(TraceAllMethod.java:66)
	at com.sun.proxy.$Proxy86.openKey(Unknown Source)
	at org.apache.hadoop.ozone.client.rpc.RpcClient.createKey(RpcClient.java:614)
	at org.apache.hadoop.ozone.client.OzoneBucket.createKey(OzoneBucket.java:325)
	at org.apache.hadoop.ozone.client.rpc.TestOzoneRpcClientAbstract.testDeleteKey(TestOzoneRpcClientAbstract.java:1249)
	at sun.reflect.NativeMethodAccessorImpl.invoke0(Native Method)
	at sun.reflect.NativeMethodAccessorImpl.invoke(NativeMethodAccessorImpl.java:62)
	at sun.reflect.DelegatingMethodAccessorImpl.invoke(DelegatingMethodAccessorImpl.java:43)
	at java.lang.reflect.Method.invoke(Method.java:498)
	at org.junit.runners.model.FrameworkMethod$1.runReflectiveCall(FrameworkMethod.java:47)
	at org.junit.internal.runners.model.ReflectiveCallable.run(ReflectiveCallable.java:12)
	at org.junit.runners.model.FrameworkMethod.invokeExplosively(FrameworkMethod.java:44)
	at org.junit.internal.runners.statements.InvokeMethod.evaluate(InvokeMethod.java:17)
	at org.junit.runners.ParentRunner.runLeaf(ParentRunner.java:271)
	at org.junit.runners.BlockJUnit4ClassRunner.runChild(BlockJUnit4ClassRunner.java:70)
	at org.junit.runners.BlockJUnit4ClassRunner.runChild(BlockJUnit4ClassRunner.java:50)
	at org.junit.runners.ParentRunner$3.run(ParentRunner.java:238)
	at org.junit.runners.ParentRunner$1.schedule(ParentRunner.java:63)
	at org.junit.runners.ParentRunner.runChildren(ParentRunner.java:236)
	at org.junit.runners.ParentRunner.access$000(ParentRunner.java:53)
	at org.junit.runners.ParentRunner$2.evaluate(ParentRunner.java:229)
	at org.junit.internal.runners.statements.RunBefores.evaluate(RunBefores.java:26)
	at org.junit.internal.runners.statements.RunAfters.evaluate(RunAfters.java:27)
	at org.junit.runners.ParentRunner.run(ParentRunner.java:309)
	at org.apache.maven.surefire.junit4.JUnit4Provider.execute(JUnit4Provider.java:365)
	at org.apache.maven.surefire.junit4.JUnit4Provider.executeWithRerun(JUnit4Provider.java:273)
	at org.apache.maven.surefire.junit4.JUnit4Provider.executeTestSet(JUnit4Provider.java:238)
	at org.apache.maven.surefire.junit4.JUnit4Provider.invoke(JUnit4Provider.java:159)
	at org.apache.maven.surefire.booter.ForkedBooter.invokeProviderInSameClassLoader(ForkedBooter.java:384)
	at org.apache.maven.surefire.booter.ForkedBooter.runSuitesInProcess(ForkedBooter.java:345)
	at org.apache.maven.surefire.booter.ForkedBooter.execute(ForkedBooter.java:126)
	at org.apache.maven.surefire.booter.ForkedBooter.main(ForkedBooter.java:418)
</error>
    <system-out><![CDATA[2019-09-29 10:46:03,210 [main] INFO  rpc.RpcClient (RpcClient.java:createVolume(276)) - Creating Volume: 9ffaaa53-08e6-4172-9c57-dab7e0a10be8, with jenkins1000 as owner.
2019-09-29 10:46:03,211 [IPC Server handler 15 on 38976] INFO  volume.OMVolumeCreateRequest (OMVolumeCreateRequest.java:validateAndUpdateCache(189)) - created volume:9ffaaa53-08e6-4172-9c57-dab7e0a10be8 for user:jenkins1000
2019-09-29 10:46:03,213 [main] INFO  rpc.RpcClient (RpcClient.java:createBucket(415)) - Creating Bucket: 9ffaaa53-08e6-4172-9c57-dab7e0a10be8/867c0589-d4d8-495a-8971-eacd46eb599b, with Versioning false and Storage Type set to DISK and Encryption set to false 
2019-09-29 10:46:03,216 [IPC Server handler 3 on 39734] WARN  block.BlockManagerImpl (BlockManagerImpl.java:allocateBlock(192)) - Pipeline creation failed for type:STAND_ALONE factor:ONE. Datanodes may be used up.
org.apache.hadoop.hdds.scm.exceptions.SCMException: Pipeline number meets the limit: 20
	at org.apache.hadoop.hdds.scm.pipeline.SCMPipelineManager.createPipeline(SCMPipelineManager.java:174)
	at org.apache.hadoop.hdds.scm.block.BlockManagerImpl.allocateBlock(BlockManagerImpl.java:190)
	at org.apache.hadoop.hdds.scm.server.SCMBlockProtocolServer.allocateBlock(SCMBlockProtocolServer.java:182)
	at org.apache.hadoop.ozone.protocolPB.ScmBlockLocationProtocolServerSideTranslatorPB.allocateScmBlock(ScmBlockLocationProtocolServerSideTranslatorPB.java:183)
	at org.apache.hadoop.ozone.protocolPB.ScmBlockLocationProtocolServerSideTranslatorPB.processMessage(ScmBlockLocationProtocolServerSideTranslatorPB.java:141)
	at org.apache.hadoop.ozone.protocolPB.ScmBlockLocationProtocolServerSideTranslatorPB.send(ScmBlockLocationProtocolServerSideTranslatorPB.java:116)
	at org.apache.hadoop.hdds.protocol.proto.ScmBlockLocationProtocolProtos$ScmBlockLocationProtocolService$2.callBlockingMethod(ScmBlockLocationProtocolProtos.java:13157)
	at org.apache.hadoop.ipc.ProtobufRpcEngine$Server$ProtoBufRpcInvoker.call(ProtobufRpcEngine.java:524)
	at org.apache.hadoop.ipc.RPC$Server.call(RPC.java:1025)
	at org.apache.hadoop.ipc.Server$RpcCall.run(Server.java:876)
	at org.apache.hadoop.ipc.Server$RpcCall.run(Server.java:822)
	at java.security.AccessController.doPrivileged(Native Method)
	at javax.security.auth.Subject.doAs(Subject.java:422)
	at org.apache.hadoop.security.UserGroupInformation.doAs(UserGroupInformation.java:1730)
	at org.apache.hadoop.ipc.Server$Handler.run(Server.java:2682)
2019-09-29 10:46:03,216 [IPC Server handler 3 on 39734] ERROR block.BlockManagerImpl (BlockManagerImpl.java:allocateBlock(226)) - Unable to allocate a block for the size: 4194304, type: STAND_ALONE, factor: ONE
]]></system-out>
  </testcase>
  <testcase name="testDeleteVolume" classname="org.apache.hadoop.ozone.client.rpc.TestOzoneAtRestEncryption" time="0.008"/>
  <testcase name="testInvalidBucketCreation" classname="org.apache.hadoop.ozone.client.rpc.TestOzoneAtRestEncryption" time="0.007"/>
  <testcase name="testReadKeyWithVerifyChecksumFlagEnable" classname="org.apache.hadoop.ozone.client.rpc.TestOzoneAtRestEncryption" time="0.079"/>
  <testcase name="testAbortUploadSuccessWithOutAnyParts" classname="org.apache.hadoop.ozone.client.rpc.TestOzoneAtRestEncryption" time="0.015"/>
  <testcase name="testListPartsInvalidMaxParts" classname="org.apache.hadoop.ozone.client.rpc.TestOzoneAtRestEncryption" time="0.004"/>
  <testcase name="testSetBucketVersioning" classname="org.apache.hadoop.ozone.client.rpc.TestOzoneAtRestEncryption" time="0.006"/>
  <testcase name="testAbortUploadFail" classname="org.apache.hadoop.ozone.client.rpc.TestOzoneAtRestEncryption" time="0.005"/>
  <testcase name="testCreateS3BucketMapping" classname="org.apache.hadoop.ozone.client.rpc.TestOzoneAtRestEncryption" time="0.005"/>
  <testcase name="testMultipartUploadOverride" classname="org.apache.hadoop.ozone.client.rpc.TestOzoneAtRestEncryption" time="3.848"/>
  <testcase name="testValidateBlockLengthWithCommitKey" classname="org.apache.hadoop.ozone.client.rpc.TestOzoneAtRestEncryption" time="0.01">
    <error message="Allocated 0 blocks. Requested 1 blocks" type="INTERNAL_ERROR org.apache.hadoop.ozone.om.exceptions.OMException">INTERNAL_ERROR org.apache.hadoop.ozone.om.exceptions.OMException: Allocated 0 blocks. Requested 1 blocks
	at org.apache.hadoop.ozone.om.protocolPB.OzoneManagerProtocolClientSideTranslatorPB.handleError(OzoneManagerProtocolClientSideTranslatorPB.java:732)
	at org.apache.hadoop.ozone.om.protocolPB.OzoneManagerProtocolClientSideTranslatorPB.openKey(OzoneManagerProtocolClientSideTranslatorPB.java:723)
	at sun.reflect.GeneratedMethodAccessor260.invoke(Unknown Source)
	at sun.reflect.DelegatingMethodAccessorImpl.invoke(DelegatingMethodAccessorImpl.java:43)
	at java.lang.reflect.Method.invoke(Method.java:498)
	at org.apache.hadoop.hdds.tracing.TraceAllMethod.invoke(TraceAllMethod.java:66)
	at com.sun.proxy.$Proxy86.openKey(Unknown Source)
	at org.apache.hadoop.ozone.client.rpc.RpcClient.createKey(RpcClient.java:614)
	at org.apache.hadoop.ozone.client.OzoneBucket.createKey(OzoneBucket.java:325)
	at org.apache.hadoop.ozone.client.rpc.TestOzoneRpcClientAbstract.testValidateBlockLengthWithCommitKey(TestOzoneRpcClientAbstract.java:728)
	at sun.reflect.NativeMethodAccessorImpl.invoke0(Native Method)
	at sun.reflect.NativeMethodAccessorImpl.invoke(NativeMethodAccessorImpl.java:62)
	at sun.reflect.DelegatingMethodAccessorImpl.invoke(DelegatingMethodAccessorImpl.java:43)
	at java.lang.reflect.Method.invoke(Method.java:498)
	at org.junit.runners.model.FrameworkMethod$1.runReflectiveCall(FrameworkMethod.java:47)
	at org.junit.internal.runners.model.ReflectiveCallable.run(ReflectiveCallable.java:12)
	at org.junit.runners.model.FrameworkMethod.invokeExplosively(FrameworkMethod.java:44)
	at org.junit.internal.runners.statements.InvokeMethod.evaluate(InvokeMethod.java:17)
	at org.junit.runners.ParentRunner.runLeaf(ParentRunner.java:271)
	at org.junit.runners.BlockJUnit4ClassRunner.runChild(BlockJUnit4ClassRunner.java:70)
	at org.junit.runners.BlockJUnit4ClassRunner.runChild(BlockJUnit4ClassRunner.java:50)
	at org.junit.runners.ParentRunner$3.run(ParentRunner.java:238)
	at org.junit.runners.ParentRunner$1.schedule(ParentRunner.java:63)
	at org.junit.runners.ParentRunner.runChildren(ParentRunner.java:236)
	at org.junit.runners.ParentRunner.access$000(ParentRunner.java:53)
	at org.junit.runners.ParentRunner$2.evaluate(ParentRunner.java:229)
	at org.junit.internal.runners.statements.RunBefores.evaluate(RunBefores.java:26)
	at org.junit.internal.runners.statements.RunAfters.evaluate(RunAfters.java:27)
	at org.junit.runners.ParentRunner.run(ParentRunner.java:309)
	at org.apache.maven.surefire.junit4.JUnit4Provider.execute(JUnit4Provider.java:365)
	at org.apache.maven.surefire.junit4.JUnit4Provider.executeWithRerun(JUnit4Provider.java:273)
	at org.apache.maven.surefire.junit4.JUnit4Provider.executeTestSet(JUnit4Provider.java:238)
	at org.apache.maven.surefire.junit4.JUnit4Provider.invoke(JUnit4Provider.java:159)
	at org.apache.maven.surefire.booter.ForkedBooter.invokeProviderInSameClassLoader(ForkedBooter.java:384)
	at org.apache.maven.surefire.booter.ForkedBooter.runSuitesInProcess(ForkedBooter.java:345)
	at org.apache.maven.surefire.booter.ForkedBooter.execute(ForkedBooter.java:126)
	at org.apache.maven.surefire.booter.ForkedBooter.main(ForkedBooter.java:418)
</error>
    <system-out><![CDATA[2019-09-29 10:46:07,199 [main] INFO  rpc.RpcClient (RpcClient.java:createVolume(276)) - Creating Volume: bb40f314-b56a-40cc-b868-2fa58bc61b21, with jenkins1000 as owner.
2019-09-29 10:46:07,201 [IPC Server handler 6 on 38976] INFO  volume.OMVolumeCreateRequest (OMVolumeCreateRequest.java:validateAndUpdateCache(189)) - created volume:bb40f314-b56a-40cc-b868-2fa58bc61b21 for user:jenkins1000
2019-09-29 10:46:07,202 [main] INFO  rpc.RpcClient (RpcClient.java:createBucket(415)) - Creating Bucket: bb40f314-b56a-40cc-b868-2fa58bc61b21/246a8d8a-668c-40e5-bfc3-41e285d17f4d, with Versioning false and Storage Type set to DISK and Encryption set to false 
2019-09-29 10:46:07,206 [IPC Server handler 10 on 39734] WARN  block.BlockManagerImpl (BlockManagerImpl.java:allocateBlock(192)) - Pipeline creation failed for type:STAND_ALONE factor:ONE. Datanodes may be used up.
org.apache.hadoop.hdds.scm.exceptions.SCMException: Pipeline number meets the limit: 20
	at org.apache.hadoop.hdds.scm.pipeline.SCMPipelineManager.createPipeline(SCMPipelineManager.java:174)
	at org.apache.hadoop.hdds.scm.block.BlockManagerImpl.allocateBlock(BlockManagerImpl.java:190)
	at org.apache.hadoop.hdds.scm.server.SCMBlockProtocolServer.allocateBlock(SCMBlockProtocolServer.java:182)
	at org.apache.hadoop.ozone.protocolPB.ScmBlockLocationProtocolServerSideTranslatorPB.allocateScmBlock(ScmBlockLocationProtocolServerSideTranslatorPB.java:183)
	at org.apache.hadoop.ozone.protocolPB.ScmBlockLocationProtocolServerSideTranslatorPB.processMessage(ScmBlockLocationProtocolServerSideTranslatorPB.java:141)
	at org.apache.hadoop.ozone.protocolPB.ScmBlockLocationProtocolServerSideTranslatorPB.send(ScmBlockLocationProtocolServerSideTranslatorPB.java:116)
	at org.apache.hadoop.hdds.protocol.proto.ScmBlockLocationProtocolProtos$ScmBlockLocationProtocolService$2.callBlockingMethod(ScmBlockLocationProtocolProtos.java:13157)
	at org.apache.hadoop.ipc.ProtobufRpcEngine$Server$ProtoBufRpcInvoker.call(ProtobufRpcEngine.java:524)
	at org.apache.hadoop.ipc.RPC$Server.call(RPC.java:1025)
	at org.apache.hadoop.ipc.Server$RpcCall.run(Server.java:876)
	at org.apache.hadoop.ipc.Server$RpcCall.run(Server.java:822)
	at java.security.AccessController.doPrivileged(Native Method)
	at javax.security.auth.Subject.doAs(Subject.java:422)
	at org.apache.hadoop.security.UserGroupInformation.doAs(UserGroupInformation.java:1730)
	at org.apache.hadoop.ipc.Server$Handler.run(Server.java:2682)
2019-09-29 10:46:07,206 [IPC Server handler 10 on 39734] ERROR block.BlockManagerImpl (BlockManagerImpl.java:allocateBlock(226)) - Unable to allocate a block for the size: 4194304, type: STAND_ALONE, factor: ONE
]]></system-out>
  </testcase>
  <testcase name="testMultipartUploadWithPartsMisMatchWithListSizeDifferent" classname="org.apache.hadoop.ozone.client.rpc.TestOzoneAtRestEncryption" time="0.008"/>
  <testcase name="testNoSuchUploadError" classname="org.apache.hadoop.ozone.client.rpc.TestOzoneAtRestEncryption" time="0.007"/>
  <testcase name="testPutKeyRatisThreeNodes" classname="org.apache.hadoop.ozone.client.rpc.TestOzoneAtRestEncryption" time="6.579"/>
  <testcase name="testListKeyOnEmptyBucket" classname="org.apache.hadoop.ozone.client.rpc.TestOzoneAtRestEncryption" time="0.03"/>
  <testcase name="testReadKeyWithCorruptedDataWithMutiNodes" classname="org.apache.hadoop.ozone.client.rpc.TestOzoneAtRestEncryption" time="0.476"/>
  <testcase name="testPutKey" classname="org.apache.hadoop.ozone.client.rpc.TestOzoneAtRestEncryption" time="0.061">
    <error message="Allocated 0 blocks. Requested 1 blocks" type="INTERNAL_ERROR org.apache.hadoop.ozone.om.exceptions.OMException">INTERNAL_ERROR org.apache.hadoop.ozone.om.exceptions.OMException: Allocated 0 blocks. Requested 1 blocks
	at org.apache.hadoop.ozone.om.protocolPB.OzoneManagerProtocolClientSideTranslatorPB.handleError(OzoneManagerProtocolClientSideTranslatorPB.java:732)
	at org.apache.hadoop.ozone.om.protocolPB.OzoneManagerProtocolClientSideTranslatorPB.openKey(OzoneManagerProtocolClientSideTranslatorPB.java:723)
	at sun.reflect.GeneratedMethodAccessor260.invoke(Unknown Source)
	at sun.reflect.DelegatingMethodAccessorImpl.invoke(DelegatingMethodAccessorImpl.java:43)
	at java.lang.reflect.Method.invoke(Method.java:498)
	at org.apache.hadoop.hdds.tracing.TraceAllMethod.invoke(TraceAllMethod.java:66)
	at com.sun.proxy.$Proxy86.openKey(Unknown Source)
	at org.apache.hadoop.ozone.client.rpc.RpcClient.createKey(RpcClient.java:614)
	at org.apache.hadoop.ozone.client.OzoneBucket.createKey(OzoneBucket.java:325)
	at org.apache.hadoop.ozone.client.rpc.TestOzoneRpcClientAbstract.testPutKey(TestOzoneRpcClientAbstract.java:696)
	at sun.reflect.NativeMethodAccessorImpl.invoke0(Native Method)
	at sun.reflect.NativeMethodAccessorImpl.invoke(NativeMethodAccessorImpl.java:62)
	at sun.reflect.DelegatingMethodAccessorImpl.invoke(DelegatingMethodAccessorImpl.java:43)
	at java.lang.reflect.Method.invoke(Method.java:498)
	at org.junit.runners.model.FrameworkMethod$1.runReflectiveCall(FrameworkMethod.java:47)
	at org.junit.internal.runners.model.ReflectiveCallable.run(ReflectiveCallable.java:12)
	at org.junit.runners.model.FrameworkMethod.invokeExplosively(FrameworkMethod.java:44)
	at org.junit.internal.runners.statements.InvokeMethod.evaluate(InvokeMethod.java:17)
	at org.junit.runners.ParentRunner.runLeaf(ParentRunner.java:271)
	at org.junit.runners.BlockJUnit4ClassRunner.runChild(BlockJUnit4ClassRunner.java:70)
	at org.junit.runners.BlockJUnit4ClassRunner.runChild(BlockJUnit4ClassRunner.java:50)
	at org.junit.runners.ParentRunner$3.run(ParentRunner.java:238)
	at org.junit.runners.ParentRunner$1.schedule(ParentRunner.java:63)
	at org.junit.runners.ParentRunner.runChildren(ParentRunner.java:236)
	at org.junit.runners.ParentRunner.access$000(ParentRunner.java:53)
	at org.junit.runners.ParentRunner$2.evaluate(ParentRunner.java:229)
	at org.junit.internal.runners.statements.RunBefores.evaluate(RunBefores.java:26)
	at org.junit.internal.runners.statements.RunAfters.evaluate(RunAfters.java:27)
	at org.junit.runners.ParentRunner.run(ParentRunner.java:309)
	at org.apache.maven.surefire.junit4.JUnit4Provider.execute(JUnit4Provider.java:365)
	at org.apache.maven.surefire.junit4.JUnit4Provider.executeWithRerun(JUnit4Provider.java:273)
	at org.apache.maven.surefire.junit4.JUnit4Provider.executeTestSet(JUnit4Provider.java:238)
	at org.apache.maven.surefire.junit4.JUnit4Provider.invoke(JUnit4Provider.java:159)
	at org.apache.maven.surefire.booter.ForkedBooter.invokeProviderInSameClassLoader(ForkedBooter.java:384)
	at org.apache.maven.surefire.booter.ForkedBooter.runSuitesInProcess(ForkedBooter.java:345)
	at org.apache.maven.surefire.booter.ForkedBooter.execute(ForkedBooter.java:126)
	at org.apache.maven.surefire.booter.ForkedBooter.main(ForkedBooter.java:418)
</error>
    <system-out><![CDATA[2019-09-29 10:46:14,311 [main] INFO  rpc.RpcClient (RpcClient.java:createVolume(276)) - Creating Volume: 96597ded-3660-4fb4-9cb5-e6967c759d48, with jenkins1000 as owner.
2019-09-29 10:46:14,313 [IPC Server handler 14 on 38976] INFO  volume.OMVolumeCreateRequest (OMVolumeCreateRequest.java:validateAndUpdateCache(189)) - created volume:96597ded-3660-4fb4-9cb5-e6967c759d48 for user:jenkins1000
2019-09-29 10:46:14,352 [main] INFO  rpc.RpcClient (RpcClient.java:createBucket(415)) - Creating Bucket: 96597ded-3660-4fb4-9cb5-e6967c759d48/7b7cb6b7-7031-48bf-a76e-3ed7e4f51d95, with Versioning false and Storage Type set to DISK and Encryption set to false 
2019-09-29 10:46:14,356 [IPC Server handler 18 on 39734] WARN  block.BlockManagerImpl (BlockManagerImpl.java:allocateBlock(192)) - Pipeline creation failed for type:STAND_ALONE factor:ONE. Datanodes may be used up.
org.apache.hadoop.hdds.scm.exceptions.SCMException: Pipeline number meets the limit: 20
	at org.apache.hadoop.hdds.scm.pipeline.SCMPipelineManager.createPipeline(SCMPipelineManager.java:174)
	at org.apache.hadoop.hdds.scm.block.BlockManagerImpl.allocateBlock(BlockManagerImpl.java:190)
	at org.apache.hadoop.hdds.scm.server.SCMBlockProtocolServer.allocateBlock(SCMBlockProtocolServer.java:182)
	at org.apache.hadoop.ozone.protocolPB.ScmBlockLocationProtocolServerSideTranslatorPB.allocateScmBlock(ScmBlockLocationProtocolServerSideTranslatorPB.java:183)
	at org.apache.hadoop.ozone.protocolPB.ScmBlockLocationProtocolServerSideTranslatorPB.processMessage(ScmBlockLocationProtocolServerSideTranslatorPB.java:141)
	at org.apache.hadoop.ozone.protocolPB.ScmBlockLocationProtocolServerSideTranslatorPB.send(ScmBlockLocationProtocolServerSideTranslatorPB.java:116)
	at org.apache.hadoop.hdds.protocol.proto.ScmBlockLocationProtocolProtos$ScmBlockLocationProtocolService$2.callBlockingMethod(ScmBlockLocationProtocolProtos.java:13157)
	at org.apache.hadoop.ipc.ProtobufRpcEngine$Server$ProtoBufRpcInvoker.call(ProtobufRpcEngine.java:524)
	at org.apache.hadoop.ipc.RPC$Server.call(RPC.java:1025)
	at org.apache.hadoop.ipc.Server$RpcCall.run(Server.java:876)
	at org.apache.hadoop.ipc.Server$RpcCall.run(Server.java:822)
	at java.security.AccessController.doPrivileged(Native Method)
	at javax.security.auth.Subject.doAs(Subject.java:422)
	at org.apache.hadoop.security.UserGroupInformation.doAs(UserGroupInformation.java:1730)
	at org.apache.hadoop.ipc.Server$Handler.run(Server.java:2682)
2019-09-29 10:46:14,357 [IPC Server handler 18 on 39734] ERROR block.BlockManagerImpl (BlockManagerImpl.java:allocateBlock(226)) - Unable to allocate a block for the size: 4194304, type: STAND_ALONE, factor: ONE
]]></system-out>
  </testcase>
  <testcase name="testReadKeyWithCorruptedData" classname="org.apache.hadoop.ozone.client.rpc.TestOzoneAtRestEncryption" time="0.442"/>
  <testcase name="testCreateBucketWithAcls" classname="org.apache.hadoop.ozone.client.rpc.TestOzoneAtRestEncryption" time="0.013"/>
  <testcase name="testMultipartUploadWithPartsMisMatchWithIncorrectPartName" classname="org.apache.hadoop.ozone.client.rpc.TestOzoneAtRestEncryption" time="0.013">
    <error message="Allocated 0 blocks. Requested 1 blocks" type="INTERNAL_ERROR org.apache.hadoop.ozone.om.exceptions.OMException">INTERNAL_ERROR org.apache.hadoop.ozone.om.exceptions.OMException: Allocated 0 blocks. Requested 1 blocks
	at org.apache.hadoop.ozone.om.protocolPB.OzoneManagerProtocolClientSideTranslatorPB.handleError(OzoneManagerProtocolClientSideTranslatorPB.java:732)
	at org.apache.hadoop.ozone.om.protocolPB.OzoneManagerProtocolClientSideTranslatorPB.allocateBlock(OzoneManagerProtocolClientSideTranslatorPB.java:764)
	at sun.reflect.GeneratedMethodAccessor292.invoke(Unknown Source)
	at sun.reflect.DelegatingMethodAccessorImpl.invoke(DelegatingMethodAccessorImpl.java:43)
	at java.lang.reflect.Method.invoke(Method.java:498)
	at org.apache.hadoop.hdds.tracing.TraceAllMethod.invoke(TraceAllMethod.java:66)
	at com.sun.proxy.$Proxy86.allocateBlock(Unknown Source)
	at org.apache.hadoop.ozone.client.io.BlockOutputStreamEntryPool.allocateNewBlock(BlockOutputStreamEntryPool.java:248)
	at org.apache.hadoop.ozone.client.io.BlockOutputStreamEntryPool.allocateBlockIfNeeded(BlockOutputStreamEntryPool.java:296)
	at org.apache.hadoop.ozone.client.io.KeyOutputStream.handleWrite(KeyOutputStream.java:198)
	at org.apache.hadoop.ozone.client.io.KeyOutputStream.write(KeyOutputStream.java:190)
	at org.apache.hadoop.ozone.client.io.OzoneOutputStream.write(OzoneOutputStream.java:49)
	at org.apache.hadoop.ozone.client.rpc.TestOzoneRpcClientAbstract.uploadPart(TestOzoneRpcClientAbstract.java:2625)
	at org.apache.hadoop.ozone.client.rpc.TestOzoneRpcClientAbstract.testMultipartUploadWithPartsMisMatchWithIncorrectPartName(TestOzoneRpcClientAbstract.java:1931)
	at sun.reflect.NativeMethodAccessorImpl.invoke0(Native Method)
	at sun.reflect.NativeMethodAccessorImpl.invoke(NativeMethodAccessorImpl.java:62)
	at sun.reflect.DelegatingMethodAccessorImpl.invoke(DelegatingMethodAccessorImpl.java:43)
	at java.lang.reflect.Method.invoke(Method.java:498)
	at org.junit.runners.model.FrameworkMethod$1.runReflectiveCall(FrameworkMethod.java:47)
	at org.junit.internal.runners.model.ReflectiveCallable.run(ReflectiveCallable.java:12)
	at org.junit.runners.model.FrameworkMethod.invokeExplosively(FrameworkMethod.java:44)
	at org.junit.internal.runners.statements.InvokeMethod.evaluate(InvokeMethod.java:17)
	at org.junit.runners.ParentRunner.runLeaf(ParentRunner.java:271)
	at org.junit.runners.BlockJUnit4ClassRunner.runChild(BlockJUnit4ClassRunner.java:70)
	at org.junit.runners.BlockJUnit4ClassRunner.runChild(BlockJUnit4ClassRunner.java:50)
	at org.junit.runners.ParentRunner$3.run(ParentRunner.java:238)
	at org.junit.runners.ParentRunner$1.schedule(ParentRunner.java:63)
	at org.junit.runners.ParentRunner.runChildren(ParentRunner.java:236)
	at org.junit.runners.ParentRunner.access$000(ParentRunner.java:53)
	at org.junit.runners.ParentRunner$2.evaluate(ParentRunner.java:229)
	at org.junit.internal.runners.statements.RunBefores.evaluate(RunBefores.java:26)
	at org.junit.internal.runners.statements.RunAfters.evaluate(RunAfters.java:27)
	at org.junit.runners.ParentRunner.run(ParentRunner.java:309)
	at org.apache.maven.surefire.junit4.JUnit4Provider.execute(JUnit4Provider.java:365)
	at org.apache.maven.surefire.junit4.JUnit4Provider.executeWithRerun(JUnit4Provider.java:273)
	at org.apache.maven.surefire.junit4.JUnit4Provider.executeTestSet(JUnit4Provider.java:238)
	at org.apache.maven.surefire.junit4.JUnit4Provider.invoke(JUnit4Provider.java:159)
	at org.apache.maven.surefire.booter.ForkedBooter.invokeProviderInSameClassLoader(ForkedBooter.java:384)
	at org.apache.maven.surefire.booter.ForkedBooter.runSuitesInProcess(ForkedBooter.java:345)
	at org.apache.maven.surefire.booter.ForkedBooter.execute(ForkedBooter.java:126)
	at org.apache.maven.surefire.booter.ForkedBooter.main(ForkedBooter.java:418)
</error>
    <system-out><![CDATA[2019-09-29 10:46:14,828 [main] INFO  rpc.RpcClient (RpcClient.java:createVolume(276)) - Creating Volume: 276b5260-44b1-4e10-8ce0-edde76c20556, with jenkins1000 as owner.
2019-09-29 10:46:14,830 [IPC Server handler 5 on 38976] INFO  volume.OMVolumeCreateRequest (OMVolumeCreateRequest.java:validateAndUpdateCache(189)) - created volume:276b5260-44b1-4e10-8ce0-edde76c20556 for user:jenkins1000
2019-09-29 10:46:14,832 [main] INFO  rpc.RpcClient (RpcClient.java:createBucket(415)) - Creating Bucket: 276b5260-44b1-4e10-8ce0-edde76c20556/c0d07c9e-d0d8-41e1-9a5d-bd96d08bc047, with Versioning false and Storage Type set to DISK and Encryption set to false 
2019-09-29 10:46:14,839 [IPC Server handler 13 on 39734] WARN  block.BlockManagerImpl (BlockManagerImpl.java:allocateBlock(192)) - Pipeline creation failed for type:STAND_ALONE factor:ONE. Datanodes may be used up.
org.apache.hadoop.hdds.scm.exceptions.SCMException: Pipeline number meets the limit: 20
	at org.apache.hadoop.hdds.scm.pipeline.SCMPipelineManager.createPipeline(SCMPipelineManager.java:174)
	at org.apache.hadoop.hdds.scm.block.BlockManagerImpl.allocateBlock(BlockManagerImpl.java:190)
	at org.apache.hadoop.hdds.scm.server.SCMBlockProtocolServer.allocateBlock(SCMBlockProtocolServer.java:182)
	at org.apache.hadoop.ozone.protocolPB.ScmBlockLocationProtocolServerSideTranslatorPB.allocateScmBlock(ScmBlockLocationProtocolServerSideTranslatorPB.java:183)
	at org.apache.hadoop.ozone.protocolPB.ScmBlockLocationProtocolServerSideTranslatorPB.processMessage(ScmBlockLocationProtocolServerSideTranslatorPB.java:141)
	at org.apache.hadoop.ozone.protocolPB.ScmBlockLocationProtocolServerSideTranslatorPB.send(ScmBlockLocationProtocolServerSideTranslatorPB.java:116)
	at org.apache.hadoop.hdds.protocol.proto.ScmBlockLocationProtocolProtos$ScmBlockLocationProtocolService$2.callBlockingMethod(ScmBlockLocationProtocolProtos.java:13157)
	at org.apache.hadoop.ipc.ProtobufRpcEngine$Server$ProtoBufRpcInvoker.call(ProtobufRpcEngine.java:524)
	at org.apache.hadoop.ipc.RPC$Server.call(RPC.java:1025)
	at org.apache.hadoop.ipc.Server$RpcCall.run(Server.java:876)
	at org.apache.hadoop.ipc.Server$RpcCall.run(Server.java:822)
	at java.security.AccessController.doPrivileged(Native Method)
	at javax.security.auth.Subject.doAs(Subject.java:422)
	at org.apache.hadoop.security.UserGroupInformation.doAs(UserGroupInformation.java:1730)
	at org.apache.hadoop.ipc.Server$Handler.run(Server.java:2682)
2019-09-29 10:46:14,839 [IPC Server handler 13 on 39734] ERROR block.BlockManagerImpl (BlockManagerImpl.java:allocateBlock(226)) - Unable to allocate a block for the size: 4194304, type: STAND_ALONE, factor: ONE
2019-09-29 10:46:14,840 [main] ERROR io.BlockOutputStreamEntryPool (BlockOutputStreamEntryPool.java:allocateBlockIfNeeded(299)) - Try to allocate more blocks for write failed, already allocated 0 blocks for this write.
INTERNAL_ERROR org.apache.hadoop.ozone.om.exceptions.OMException: Allocated 0 blocks. Requested 1 blocks
	at org.apache.hadoop.ozone.om.protocolPB.OzoneManagerProtocolClientSideTranslatorPB.handleError(OzoneManagerProtocolClientSideTranslatorPB.java:732)
	at org.apache.hadoop.ozone.om.protocolPB.OzoneManagerProtocolClientSideTranslatorPB.allocateBlock(OzoneManagerProtocolClientSideTranslatorPB.java:764)
	at sun.reflect.GeneratedMethodAccessor292.invoke(Unknown Source)
	at sun.reflect.DelegatingMethodAccessorImpl.invoke(DelegatingMethodAccessorImpl.java:43)
	at java.lang.reflect.Method.invoke(Method.java:498)
	at org.apache.hadoop.hdds.tracing.TraceAllMethod.invoke(TraceAllMethod.java:66)
	at com.sun.proxy.$Proxy86.allocateBlock(Unknown Source)
	at org.apache.hadoop.ozone.client.io.BlockOutputStreamEntryPool.allocateNewBlock(BlockOutputStreamEntryPool.java:248)
	at org.apache.hadoop.ozone.client.io.BlockOutputStreamEntryPool.allocateBlockIfNeeded(BlockOutputStreamEntryPool.java:296)
	at org.apache.hadoop.ozone.client.io.KeyOutputStream.handleWrite(KeyOutputStream.java:198)
	at org.apache.hadoop.ozone.client.io.KeyOutputStream.write(KeyOutputStream.java:190)
	at org.apache.hadoop.ozone.client.io.OzoneOutputStream.write(OzoneOutputStream.java:49)
	at org.apache.hadoop.ozone.client.rpc.TestOzoneRpcClientAbstract.uploadPart(TestOzoneRpcClientAbstract.java:2625)
	at org.apache.hadoop.ozone.client.rpc.TestOzoneRpcClientAbstract.testMultipartUploadWithPartsMisMatchWithIncorrectPartName(TestOzoneRpcClientAbstract.java:1931)
	at sun.reflect.NativeMethodAccessorImpl.invoke0(Native Method)
	at sun.reflect.NativeMethodAccessorImpl.invoke(NativeMethodAccessorImpl.java:62)
	at sun.reflect.DelegatingMethodAccessorImpl.invoke(DelegatingMethodAccessorImpl.java:43)
	at java.lang.reflect.Method.invoke(Method.java:498)
	at org.junit.runners.model.FrameworkMethod$1.runReflectiveCall(FrameworkMethod.java:47)
	at org.junit.internal.runners.model.ReflectiveCallable.run(ReflectiveCallable.java:12)
	at org.junit.runners.model.FrameworkMethod.invokeExplosively(FrameworkMethod.java:44)
	at org.junit.internal.runners.statements.InvokeMethod.evaluate(InvokeMethod.java:17)
	at org.junit.runners.ParentRunner.runLeaf(ParentRunner.java:271)
	at org.junit.runners.BlockJUnit4ClassRunner.runChild(BlockJUnit4ClassRunner.java:70)
	at org.junit.runners.BlockJUnit4ClassRunner.runChild(BlockJUnit4ClassRunner.java:50)
	at org.junit.runners.ParentRunner$3.run(ParentRunner.java:238)
	at org.junit.runners.ParentRunner$1.schedule(ParentRunner.java:63)
	at org.junit.runners.ParentRunner.runChildren(ParentRunner.java:236)
	at org.junit.runners.ParentRunner.access$000(ParentRunner.java:53)
	at org.junit.runners.ParentRunner$2.evaluate(ParentRunner.java:229)
	at org.junit.internal.runners.statements.RunBefores.evaluate(RunBefores.java:26)
	at org.junit.internal.runners.statements.RunAfters.evaluate(RunAfters.java:27)
	at org.junit.runners.ParentRunner.run(ParentRunner.java:309)
	at org.apache.maven.surefire.junit4.JUnit4Provider.execute(JUnit4Provider.java:365)
	at org.apache.maven.surefire.junit4.JUnit4Provider.executeWithRerun(JUnit4Provider.java:273)
	at org.apache.maven.surefire.junit4.JUnit4Provider.executeTestSet(JUnit4Provider.java:238)
	at org.apache.maven.surefire.junit4.JUnit4Provider.invoke(JUnit4Provider.java:159)
	at org.apache.maven.surefire.booter.ForkedBooter.invokeProviderInSameClassLoader(ForkedBooter.java:384)
	at org.apache.maven.surefire.booter.ForkedBooter.runSuitesInProcess(ForkedBooter.java:345)
	at org.apache.maven.surefire.booter.ForkedBooter.execute(ForkedBooter.java:126)
	at org.apache.maven.surefire.booter.ForkedBooter.main(ForkedBooter.java:418)
]]></system-out>
  </testcase>
  <testcase name="testCreateVolumeWithMetadata" classname="org.apache.hadoop.ozone.client.rpc.TestOzoneAtRestEncryption" time="0.003"/>
  <testcase name="testCreateBucketWithMetadata" classname="org.apache.hadoop.ozone.client.rpc.TestOzoneAtRestEncryption" time="0.006"/>
  <testcase name="testListPartsWithPartMarkerGreaterThanPartCount" classname="org.apache.hadoop.ozone.client.rpc.TestOzoneAtRestEncryption" time="0.025">
    <error message="Allocated 0 blocks. Requested 1 blocks" type="INTERNAL_ERROR org.apache.hadoop.ozone.om.exceptions.OMException">INTERNAL_ERROR org.apache.hadoop.ozone.om.exceptions.OMException: Allocated 0 blocks. Requested 1 blocks
	at org.apache.hadoop.ozone.om.protocolPB.OzoneManagerProtocolClientSideTranslatorPB.handleError(OzoneManagerProtocolClientSideTranslatorPB.java:732)
	at org.apache.hadoop.ozone.om.protocolPB.OzoneManagerProtocolClientSideTranslatorPB.allocateBlock(OzoneManagerProtocolClientSideTranslatorPB.java:764)
	at sun.reflect.GeneratedMethodAccessor292.invoke(Unknown Source)
	at sun.reflect.DelegatingMethodAccessorImpl.invoke(DelegatingMethodAccessorImpl.java:43)
	at java.lang.reflect.Method.invoke(Method.java:498)
	at org.apache.hadoop.hdds.tracing.TraceAllMethod.invoke(TraceAllMethod.java:66)
	at com.sun.proxy.$Proxy86.allocateBlock(Unknown Source)
	at org.apache.hadoop.ozone.client.io.BlockOutputStreamEntryPool.allocateNewBlock(BlockOutputStreamEntryPool.java:248)
	at org.apache.hadoop.ozone.client.io.BlockOutputStreamEntryPool.allocateBlockIfNeeded(BlockOutputStreamEntryPool.java:296)
	at org.apache.hadoop.ozone.client.io.KeyOutputStream.handleWrite(KeyOutputStream.java:198)
	at org.apache.hadoop.ozone.client.io.KeyOutputStream.write(KeyOutputStream.java:190)
	at org.apache.hadoop.ozone.client.io.OzoneOutputStream.write(OzoneOutputStream.java:49)
	at org.apache.hadoop.ozone.client.rpc.TestOzoneRpcClientAbstract.uploadPart(TestOzoneRpcClientAbstract.java:2625)
	at org.apache.hadoop.ozone.client.rpc.TestOzoneRpcClientAbstract.testListPartsWithPartMarkerGreaterThanPartCount(TestOzoneRpcClientAbstract.java:2185)
	at sun.reflect.NativeMethodAccessorImpl.invoke0(Native Method)
	at sun.reflect.NativeMethodAccessorImpl.invoke(NativeMethodAccessorImpl.java:62)
	at sun.reflect.DelegatingMethodAccessorImpl.invoke(DelegatingMethodAccessorImpl.java:43)
	at java.lang.reflect.Method.invoke(Method.java:498)
	at org.junit.runners.model.FrameworkMethod$1.runReflectiveCall(FrameworkMethod.java:47)
	at org.junit.internal.runners.model.ReflectiveCallable.run(ReflectiveCallable.java:12)
	at org.junit.runners.model.FrameworkMethod.invokeExplosively(FrameworkMethod.java:44)
	at org.junit.internal.runners.statements.InvokeMethod.evaluate(InvokeMethod.java:17)
	at org.junit.runners.ParentRunner.runLeaf(ParentRunner.java:271)
	at org.junit.runners.BlockJUnit4ClassRunner.runChild(BlockJUnit4ClassRunner.java:70)
	at org.junit.runners.BlockJUnit4ClassRunner.runChild(BlockJUnit4ClassRunner.java:50)
	at org.junit.runners.ParentRunner$3.run(ParentRunner.java:238)
	at org.junit.runners.ParentRunner$1.schedule(ParentRunner.java:63)
	at org.junit.runners.ParentRunner.runChildren(ParentRunner.java:236)
	at org.junit.runners.ParentRunner.access$000(ParentRunner.java:53)
	at org.junit.runners.ParentRunner$2.evaluate(ParentRunner.java:229)
	at org.junit.internal.runners.statements.RunBefores.evaluate(RunBefores.java:26)
	at org.junit.internal.runners.statements.RunAfters.evaluate(RunAfters.java:27)
	at org.junit.runners.ParentRunner.run(ParentRunner.java:309)
	at org.apache.maven.surefire.junit4.JUnit4Provider.execute(JUnit4Provider.java:365)
	at org.apache.maven.surefire.junit4.JUnit4Provider.executeWithRerun(JUnit4Provider.java:273)
	at org.apache.maven.surefire.junit4.JUnit4Provider.executeTestSet(JUnit4Provider.java:238)
	at org.apache.maven.surefire.junit4.JUnit4Provider.invoke(JUnit4Provider.java:159)
	at org.apache.maven.surefire.booter.ForkedBooter.invokeProviderInSameClassLoader(ForkedBooter.java:384)
	at org.apache.maven.surefire.booter.ForkedBooter.runSuitesInProcess(ForkedBooter.java:345)
	at org.apache.maven.surefire.booter.ForkedBooter.execute(ForkedBooter.java:126)
	at org.apache.maven.surefire.booter.ForkedBooter.main(ForkedBooter.java:418)
</error>
    <system-out><![CDATA[2019-09-29 10:46:14,850 [main] INFO  rpc.RpcClient (RpcClient.java:createVolume(276)) - Creating Volume: e48242a6-cf0f-466a-a4de-f904b53d1192, with jenkins1000 as owner.
2019-09-29 10:46:14,851 [IPC Server handler 15 on 38976] INFO  volume.OMVolumeCreateRequest (OMVolumeCreateRequest.java:validateAndUpdateCache(189)) - created volume:e48242a6-cf0f-466a-a4de-f904b53d1192 for user:jenkins1000
2019-09-29 10:46:14,852 [main] INFO  rpc.RpcClient (RpcClient.java:createBucket(415)) - Creating Bucket: e48242a6-cf0f-466a-a4de-f904b53d1192/e30a7b31-6ebb-4238-a3f0-fb9872402e92, with Versioning false and Storage Type set to DISK and Encryption set to false 
2019-09-29 10:46:14,873 [IPC Server handler 15 on 39734] WARN  block.BlockManagerImpl (BlockManagerImpl.java:allocateBlock(192)) - Pipeline creation failed for type:STAND_ALONE factor:ONE. Datanodes may be used up.
org.apache.hadoop.hdds.scm.exceptions.SCMException: Pipeline number meets the limit: 20
	at org.apache.hadoop.hdds.scm.pipeline.SCMPipelineManager.createPipeline(SCMPipelineManager.java:174)
	at org.apache.hadoop.hdds.scm.block.BlockManagerImpl.allocateBlock(BlockManagerImpl.java:190)
	at org.apache.hadoop.hdds.scm.server.SCMBlockProtocolServer.allocateBlock(SCMBlockProtocolServer.java:182)
	at org.apache.hadoop.ozone.protocolPB.ScmBlockLocationProtocolServerSideTranslatorPB.allocateScmBlock(ScmBlockLocationProtocolServerSideTranslatorPB.java:183)
	at org.apache.hadoop.ozone.protocolPB.ScmBlockLocationProtocolServerSideTranslatorPB.processMessage(ScmBlockLocationProtocolServerSideTranslatorPB.java:141)
	at org.apache.hadoop.ozone.protocolPB.ScmBlockLocationProtocolServerSideTranslatorPB.send(ScmBlockLocationProtocolServerSideTranslatorPB.java:116)
	at org.apache.hadoop.hdds.protocol.proto.ScmBlockLocationProtocolProtos$ScmBlockLocationProtocolService$2.callBlockingMethod(ScmBlockLocationProtocolProtos.java:13157)
	at org.apache.hadoop.ipc.ProtobufRpcEngine$Server$ProtoBufRpcInvoker.call(ProtobufRpcEngine.java:524)
	at org.apache.hadoop.ipc.RPC$Server.call(RPC.java:1025)
	at org.apache.hadoop.ipc.Server$RpcCall.run(Server.java:876)
	at org.apache.hadoop.ipc.Server$RpcCall.run(Server.java:822)
	at java.security.AccessController.doPrivileged(Native Method)
	at javax.security.auth.Subject.doAs(Subject.java:422)
	at org.apache.hadoop.security.UserGroupInformation.doAs(UserGroupInformation.java:1730)
	at org.apache.hadoop.ipc.Server$Handler.run(Server.java:2682)
2019-09-29 10:46:14,873 [IPC Server handler 15 on 39734] ERROR block.BlockManagerImpl (BlockManagerImpl.java:allocateBlock(226)) - Unable to allocate a block for the size: 4194304, type: STAND_ALONE, factor: ONE
2019-09-29 10:46:14,874 [main] ERROR io.BlockOutputStreamEntryPool (BlockOutputStreamEntryPool.java:allocateBlockIfNeeded(299)) - Try to allocate more blocks for write failed, already allocated 0 blocks for this write.
INTERNAL_ERROR org.apache.hadoop.ozone.om.exceptions.OMException: Allocated 0 blocks. Requested 1 blocks
	at org.apache.hadoop.ozone.om.protocolPB.OzoneManagerProtocolClientSideTranslatorPB.handleError(OzoneManagerProtocolClientSideTranslatorPB.java:732)
	at org.apache.hadoop.ozone.om.protocolPB.OzoneManagerProtocolClientSideTranslatorPB.allocateBlock(OzoneManagerProtocolClientSideTranslatorPB.java:764)
	at sun.reflect.GeneratedMethodAccessor292.invoke(Unknown Source)
	at sun.reflect.DelegatingMethodAccessorImpl.invoke(DelegatingMethodAccessorImpl.java:43)
	at java.lang.reflect.Method.invoke(Method.java:498)
	at org.apache.hadoop.hdds.tracing.TraceAllMethod.invoke(TraceAllMethod.java:66)
	at com.sun.proxy.$Proxy86.allocateBlock(Unknown Source)
	at org.apache.hadoop.ozone.client.io.BlockOutputStreamEntryPool.allocateNewBlock(BlockOutputStreamEntryPool.java:248)
	at org.apache.hadoop.ozone.client.io.BlockOutputStreamEntryPool.allocateBlockIfNeeded(BlockOutputStreamEntryPool.java:296)
	at org.apache.hadoop.ozone.client.io.KeyOutputStream.handleWrite(KeyOutputStream.java:198)
	at org.apache.hadoop.ozone.client.io.KeyOutputStream.write(KeyOutputStream.java:190)
	at org.apache.hadoop.ozone.client.io.OzoneOutputStream.write(OzoneOutputStream.java:49)
	at org.apache.hadoop.ozone.client.rpc.TestOzoneRpcClientAbstract.uploadPart(TestOzoneRpcClientAbstract.java:2625)
	at org.apache.hadoop.ozone.client.rpc.TestOzoneRpcClientAbstract.testListPartsWithPartMarkerGreaterThanPartCount(TestOzoneRpcClientAbstract.java:2185)
	at sun.reflect.NativeMethodAccessorImpl.invoke0(Native Method)
	at sun.reflect.NativeMethodAccessorImpl.invoke(NativeMethodAccessorImpl.java:62)
	at sun.reflect.DelegatingMethodAccessorImpl.invoke(DelegatingMethodAccessorImpl.java:43)
	at java.lang.reflect.Method.invoke(Method.java:498)
	at org.junit.runners.model.FrameworkMethod$1.runReflectiveCall(FrameworkMethod.java:47)
	at org.junit.internal.runners.model.ReflectiveCallable.run(ReflectiveCallable.java:12)
	at org.junit.runners.model.FrameworkMethod.invokeExplosively(FrameworkMethod.java:44)
	at org.junit.internal.runners.statements.InvokeMethod.evaluate(InvokeMethod.java:17)
	at org.junit.runners.ParentRunner.runLeaf(ParentRunner.java:271)
	at org.junit.runners.BlockJUnit4ClassRunner.runChild(BlockJUnit4ClassRunner.java:70)
	at org.junit.runners.BlockJUnit4ClassRunner.runChild(BlockJUnit4ClassRunner.java:50)
	at org.junit.runners.ParentRunner$3.run(ParentRunner.java:238)
	at org.junit.runners.ParentRunner$1.schedule(ParentRunner.java:63)
	at org.junit.runners.ParentRunner.runChildren(ParentRunner.java:236)
	at org.junit.runners.ParentRunner.access$000(ParentRunner.java:53)
	at org.junit.runners.ParentRunner$2.evaluate(ParentRunner.java:229)
	at org.junit.internal.runners.statements.RunBefores.evaluate(RunBefores.java:26)
	at org.junit.internal.runners.statements.RunAfters.evaluate(RunAfters.java:27)
	at org.junit.runners.ParentRunner.run(ParentRunner.java:309)
	at org.apache.maven.surefire.junit4.JUnit4Provider.execute(JUnit4Provider.java:365)
	at org.apache.maven.surefire.junit4.JUnit4Provider.executeWithRerun(JUnit4Provider.java:273)
	at org.apache.maven.surefire.junit4.JUnit4Provider.executeTestSet(JUnit4Provider.java:238)
	at org.apache.maven.surefire.junit4.JUnit4Provider.invoke(JUnit4Provider.java:159)
	at org.apache.maven.surefire.booter.ForkedBooter.invokeProviderInSameClassLoader(ForkedBooter.java:384)
	at org.apache.maven.surefire.booter.ForkedBooter.runSuitesInProcess(ForkedBooter.java:345)
	at org.apache.maven.surefire.booter.ForkedBooter.execute(ForkedBooter.java:126)
	at org.apache.maven.surefire.booter.ForkedBooter.main(ForkedBooter.java:418)
]]></system-out>
  </testcase>
  <testcase name="testCreateBucket" classname="org.apache.hadoop.ozone.client.rpc.TestOzoneAtRestEncryption" time="0.006"/>
  <testcase name="testUploadPartWithNoOverride" classname="org.apache.hadoop.ozone.client.rpc.TestOzoneAtRestEncryption" time="0.027">
    <error message="Allocated 0 blocks. Requested 1 blocks" type="INTERNAL_ERROR org.apache.hadoop.ozone.om.exceptions.OMException">INTERNAL_ERROR org.apache.hadoop.ozone.om.exceptions.OMException: Allocated 0 blocks. Requested 1 blocks
	at org.apache.hadoop.ozone.om.protocolPB.OzoneManagerProtocolClientSideTranslatorPB.handleError(OzoneManagerProtocolClientSideTranslatorPB.java:732)
	at org.apache.hadoop.ozone.om.protocolPB.OzoneManagerProtocolClientSideTranslatorPB.allocateBlock(OzoneManagerProtocolClientSideTranslatorPB.java:764)
	at sun.reflect.GeneratedMethodAccessor292.invoke(Unknown Source)
	at sun.reflect.DelegatingMethodAccessorImpl.invoke(DelegatingMethodAccessorImpl.java:43)
	at java.lang.reflect.Method.invoke(Method.java:498)
	at org.apache.hadoop.hdds.tracing.TraceAllMethod.invoke(TraceAllMethod.java:66)
	at com.sun.proxy.$Proxy86.allocateBlock(Unknown Source)
	at org.apache.hadoop.ozone.client.io.BlockOutputStreamEntryPool.allocateNewBlock(BlockOutputStreamEntryPool.java:248)
	at org.apache.hadoop.ozone.client.io.BlockOutputStreamEntryPool.allocateBlockIfNeeded(BlockOutputStreamEntryPool.java:296)
	at org.apache.hadoop.ozone.client.io.KeyOutputStream.handleWrite(KeyOutputStream.java:198)
	at org.apache.hadoop.ozone.client.io.KeyOutputStream.write(KeyOutputStream.java:190)
	at org.apache.hadoop.ozone.client.io.OzoneOutputStream.write(OzoneOutputStream.java:49)
	at org.apache.hadoop.ozone.client.rpc.TestOzoneRpcClientAbstract.testUploadPartWithNoOverride(TestOzoneRpcClientAbstract.java:1680)
	at sun.reflect.NativeMethodAccessorImpl.invoke0(Native Method)
	at sun.reflect.NativeMethodAccessorImpl.invoke(NativeMethodAccessorImpl.java:62)
	at sun.reflect.DelegatingMethodAccessorImpl.invoke(DelegatingMethodAccessorImpl.java:43)
	at java.lang.reflect.Method.invoke(Method.java:498)
	at org.junit.runners.model.FrameworkMethod$1.runReflectiveCall(FrameworkMethod.java:47)
	at org.junit.internal.runners.model.ReflectiveCallable.run(ReflectiveCallable.java:12)
	at org.junit.runners.model.FrameworkMethod.invokeExplosively(FrameworkMethod.java:44)
	at org.junit.internal.runners.statements.InvokeMethod.evaluate(InvokeMethod.java:17)
	at org.junit.runners.ParentRunner.runLeaf(ParentRunner.java:271)
	at org.junit.runners.BlockJUnit4ClassRunner.runChild(BlockJUnit4ClassRunner.java:70)
	at org.junit.runners.BlockJUnit4ClassRunner.runChild(BlockJUnit4ClassRunner.java:50)
	at org.junit.runners.ParentRunner$3.run(ParentRunner.java:238)
	at org.junit.runners.ParentRunner$1.schedule(ParentRunner.java:63)
	at org.junit.runners.ParentRunner.runChildren(ParentRunner.java:236)
	at org.junit.runners.ParentRunner.access$000(ParentRunner.java:53)
	at org.junit.runners.ParentRunner$2.evaluate(ParentRunner.java:229)
	at org.junit.internal.runners.statements.RunBefores.evaluate(RunBefores.java:26)
	at org.junit.internal.runners.statements.RunAfters.evaluate(RunAfters.java:27)
	at org.junit.runners.ParentRunner.run(ParentRunner.java:309)
	at org.apache.maven.surefire.junit4.JUnit4Provider.execute(JUnit4Provider.java:365)
	at org.apache.maven.surefire.junit4.JUnit4Provider.executeWithRerun(JUnit4Provider.java:273)
	at org.apache.maven.surefire.junit4.JUnit4Provider.executeTestSet(JUnit4Provider.java:238)
	at org.apache.maven.surefire.junit4.JUnit4Provider.invoke(JUnit4Provider.java:159)
	at org.apache.maven.surefire.booter.ForkedBooter.invokeProviderInSameClassLoader(ForkedBooter.java:384)
	at org.apache.maven.surefire.booter.ForkedBooter.runSuitesInProcess(ForkedBooter.java:345)
	at org.apache.maven.surefire.booter.ForkedBooter.execute(ForkedBooter.java:126)
	at org.apache.maven.surefire.booter.ForkedBooter.main(ForkedBooter.java:418)
</error>
    <system-out><![CDATA[2019-09-29 10:46:14,880 [main] INFO  rpc.RpcClient (RpcClient.java:createVolume(276)) - Creating Volume: 54ae296e-6604-4be7-a3b4-b08548100615, with jenkins1000 as owner.
2019-09-29 10:46:14,881 [IPC Server handler 8 on 38976] INFO  volume.OMVolumeCreateRequest (OMVolumeCreateRequest.java:validateAndUpdateCache(189)) - created volume:54ae296e-6604-4be7-a3b4-b08548100615 for user:jenkins1000
2019-09-29 10:46:14,883 [main] INFO  rpc.RpcClient (RpcClient.java:createBucket(415)) - Creating Bucket: 54ae296e-6604-4be7-a3b4-b08548100615/18aa74b0-f3a2-4129-8a46-21afaf8273ee, with Versioning false and Storage Type set to DISK and Encryption set to false 
2019-09-29 10:46:14,889 [IPC Server handler 10 on 39734] WARN  block.BlockManagerImpl (BlockManagerImpl.java:allocateBlock(192)) - Pipeline creation failed for type:STAND_ALONE factor:ONE. Datanodes may be used up.
org.apache.hadoop.hdds.scm.exceptions.SCMException: Pipeline number meets the limit: 20
	at org.apache.hadoop.hdds.scm.pipeline.SCMPipelineManager.createPipeline(SCMPipelineManager.java:174)
	at org.apache.hadoop.hdds.scm.block.BlockManagerImpl.allocateBlock(BlockManagerImpl.java:190)
	at org.apache.hadoop.hdds.scm.server.SCMBlockProtocolServer.allocateBlock(SCMBlockProtocolServer.java:182)
	at org.apache.hadoop.ozone.protocolPB.ScmBlockLocationProtocolServerSideTranslatorPB.allocateScmBlock(ScmBlockLocationProtocolServerSideTranslatorPB.java:183)
	at org.apache.hadoop.ozone.protocolPB.ScmBlockLocationProtocolServerSideTranslatorPB.processMessage(ScmBlockLocationProtocolServerSideTranslatorPB.java:141)
	at org.apache.hadoop.ozone.protocolPB.ScmBlockLocationProtocolServerSideTranslatorPB.send(ScmBlockLocationProtocolServerSideTranslatorPB.java:116)
	at org.apache.hadoop.hdds.protocol.proto.ScmBlockLocationProtocolProtos$ScmBlockLocationProtocolService$2.callBlockingMethod(ScmBlockLocationProtocolProtos.java:13157)
	at org.apache.hadoop.ipc.ProtobufRpcEngine$Server$ProtoBufRpcInvoker.call(ProtobufRpcEngine.java:524)
	at org.apache.hadoop.ipc.RPC$Server.call(RPC.java:1025)
	at org.apache.hadoop.ipc.Server$RpcCall.run(Server.java:876)
	at org.apache.hadoop.ipc.Server$RpcCall.run(Server.java:822)
	at java.security.AccessController.doPrivileged(Native Method)
	at javax.security.auth.Subject.doAs(Subject.java:422)
	at org.apache.hadoop.security.UserGroupInformation.doAs(UserGroupInformation.java:1730)
	at org.apache.hadoop.ipc.Server$Handler.run(Server.java:2682)
2019-09-29 10:46:14,906 [IPC Server handler 10 on 39734] ERROR block.BlockManagerImpl (BlockManagerImpl.java:allocateBlock(226)) - Unable to allocate a block for the size: 4194304, type: STAND_ALONE, factor: ONE
2019-09-29 10:46:14,907 [main] ERROR io.BlockOutputStreamEntryPool (BlockOutputStreamEntryPool.java:allocateBlockIfNeeded(299)) - Try to allocate more blocks for write failed, already allocated 0 blocks for this write.
INTERNAL_ERROR org.apache.hadoop.ozone.om.exceptions.OMException: Allocated 0 blocks. Requested 1 blocks
	at org.apache.hadoop.ozone.om.protocolPB.OzoneManagerProtocolClientSideTranslatorPB.handleError(OzoneManagerProtocolClientSideTranslatorPB.java:732)
	at org.apache.hadoop.ozone.om.protocolPB.OzoneManagerProtocolClientSideTranslatorPB.allocateBlock(OzoneManagerProtocolClientSideTranslatorPB.java:764)
	at sun.reflect.GeneratedMethodAccessor292.invoke(Unknown Source)
	at sun.reflect.DelegatingMethodAccessorImpl.invoke(DelegatingMethodAccessorImpl.java:43)
	at java.lang.reflect.Method.invoke(Method.java:498)
	at org.apache.hadoop.hdds.tracing.TraceAllMethod.invoke(TraceAllMethod.java:66)
	at com.sun.proxy.$Proxy86.allocateBlock(Unknown Source)
	at org.apache.hadoop.ozone.client.io.BlockOutputStreamEntryPool.allocateNewBlock(BlockOutputStreamEntryPool.java:248)
	at org.apache.hadoop.ozone.client.io.BlockOutputStreamEntryPool.allocateBlockIfNeeded(BlockOutputStreamEntryPool.java:296)
	at org.apache.hadoop.ozone.client.io.KeyOutputStream.handleWrite(KeyOutputStream.java:198)
	at org.apache.hadoop.ozone.client.io.KeyOutputStream.write(KeyOutputStream.java:190)
	at org.apache.hadoop.ozone.client.io.OzoneOutputStream.write(OzoneOutputStream.java:49)
	at org.apache.hadoop.ozone.client.rpc.TestOzoneRpcClientAbstract.testUploadPartWithNoOverride(TestOzoneRpcClientAbstract.java:1680)
	at sun.reflect.NativeMethodAccessorImpl.invoke0(Native Method)
	at sun.reflect.NativeMethodAccessorImpl.invoke(NativeMethodAccessorImpl.java:62)
	at sun.reflect.DelegatingMethodAccessorImpl.invoke(DelegatingMethodAccessorImpl.java:43)
	at java.lang.reflect.Method.invoke(Method.java:498)
	at org.junit.runners.model.FrameworkMethod$1.runReflectiveCall(FrameworkMethod.java:47)
	at org.junit.internal.runners.model.ReflectiveCallable.run(ReflectiveCallable.java:12)
	at org.junit.runners.model.FrameworkMethod.invokeExplosively(FrameworkMethod.java:44)
	at org.junit.internal.runners.statements.InvokeMethod.evaluate(InvokeMethod.java:17)
	at org.junit.runners.ParentRunner.runLeaf(ParentRunner.java:271)
	at org.junit.runners.BlockJUnit4ClassRunner.runChild(BlockJUnit4ClassRunner.java:70)
	at org.junit.runners.BlockJUnit4ClassRunner.runChild(BlockJUnit4ClassRunner.java:50)
	at org.junit.runners.ParentRunner$3.run(ParentRunner.java:238)
	at org.junit.runners.ParentRunner$1.schedule(ParentRunner.java:63)
	at org.junit.runners.ParentRunner.runChildren(ParentRunner.java:236)
	at org.junit.runners.ParentRunner.access$000(ParentRunner.java:53)
	at org.junit.runners.ParentRunner$2.evaluate(ParentRunner.java:229)
	at org.junit.internal.runners.statements.RunBefores.evaluate(RunBefores.java:26)
	at org.junit.internal.runners.statements.RunAfters.evaluate(RunAfters.java:27)
	at org.junit.runners.ParentRunner.run(ParentRunner.java:309)
	at org.apache.maven.surefire.junit4.JUnit4Provider.execute(JUnit4Provider.java:365)
	at org.apache.maven.surefire.junit4.JUnit4Provider.executeWithRerun(JUnit4Provider.java:273)
	at org.apache.maven.surefire.junit4.JUnit4Provider.executeTestSet(JUnit4Provider.java:238)
	at org.apache.maven.surefire.junit4.JUnit4Provider.invoke(JUnit4Provider.java:159)
	at org.apache.maven.surefire.booter.ForkedBooter.invokeProviderInSameClassLoader(ForkedBooter.java:384)
	at org.apache.maven.surefire.booter.ForkedBooter.runSuitesInProcess(ForkedBooter.java:345)
	at org.apache.maven.surefire.booter.ForkedBooter.execute(ForkedBooter.java:126)
	at org.apache.maven.surefire.booter.ForkedBooter.main(ForkedBooter.java:418)
]]></system-out>
  </testcase>
  <testcase name="testInitiateMultipartUploadWithDefaultReplication" classname="org.apache.hadoop.ozone.client.rpc.TestOzoneAtRestEncryption" time="0.014"/>
</testsuite>