<?xml version="1.0" encoding="UTF-8"?>
<testsuite xmlns:xsi="http://www.w3.org/2001/XMLSchema-instance" xsi:noNamespaceSchemaLocation="https://maven.apache.org/surefire/maven-surefire-plugin/xsd/surefire-test-report.xsd" name="org.apache.hadoop.ozone.client.rpc.TestWatchForCommit" time="278.62" tests="5" errors="1" skipped="0" failures="0">
  <properties>
    <property name="awt.toolkit" value="sun.awt.X11.XToolkit"/>
    <property name="file.encoding.pkg" value="sun.io"/>
    <property name="java.specification.version" value="1.8"/>
    <property name="sun.cpu.isalist" value=""/>
    <property name="sun.jnu.encoding" value="UTF-8"/>
    <property name="java.class.path" value="/workdir/hadoop-ozone/integration-test/target/test-classes:/workdir/hadoop-ozone/integration-test/target/classes:/home/user/.m2/repository/org/apache/hadoop/hadoop-ozone-common/0.5.0-SNAPSHOT/hadoop-ozone-common-0.5.0-SNAPSHOT.jar:/home/user/.m2/repository/org/apache/commons/commons-compress/1.4.1/commons-compress-1.4.1.jar:/home/user/.m2/repository/org/tukaani/xz/1.0/xz-1.0.jar:/home/user/.m2/repository/org/apache/hadoop/hadoop-common/3.2.0/hadoop-common-3.2.0.jar:/home/user/.m2/repository/org/apache/hadoop/hadoop-hdfs/3.2.0/hadoop-hdfs-3.2.0.jar:/home/user/.m2/repository/org/apache/hadoop/hadoop-hdfs-client/3.2.0/hadoop-hdfs-client-3.2.0.jar:/home/user/.m2/repository/com/fasterxml/jackson/core/jackson-annotations/2.9.9/jackson-annotations-2.9.9.jar:/home/user/.m2/repository/org/apache/hadoop/hadoop-hdds-common/0.5.0-SNAPSHOT/hadoop-hdds-common-0.5.0-SNAPSHOT.jar:/home/user/.m2/repository/javax/annotation/javax.annotation-api/1.2/javax.annotation-api-1.2.jar:/home/user/.m2/repository/org/apache/ratis/ratis-server/0.5.0-63cd2fb-SNAPSHOT/ratis-server-0.5.0-63cd2fb-SNAPSHOT.jar:/home/user/.m2/repository/org/apache/ratis/ratis-thirdparty-misc/0.2.0/ratis-thirdparty-misc-0.2.0.jar:/home/user/.m2/repository/org/apache/ratis/ratis-proto/0.5.0-63cd2fb-SNAPSHOT/ratis-proto-0.5.0-63cd2fb-SNAPSHOT.jar:/home/user/.m2/repository/org/apache/ratis/ratis-common/0.5.0-63cd2fb-SNAPSHOT/ratis-common-0.5.0-63cd2fb-SNAPSHOT.jar:/home/user/.m2/repository/org/apache/ratis/ratis-client/0.5.0-63cd2fb-SNAPSHOT/ratis-client-0.5.0-63cd2fb-SNAPSHOT.jar:/home/user/.m2/repository/org/apache/ratis/ratis-metrics/0.5.0-63cd2fb-SNAPSHOT/ratis-metrics-0.5.0-63cd2fb-SNAPSHOT.jar:/home/user/.m2/repository/com/github/joshelser/dropwizard-metrics-hadoop-metrics2-reporter/0.1.2/dropwizard-metrics-hadoop-metrics2-reporter-0.1.2.jar:/home/user/.m2/repository/io/dropwizard/metrics/metrics-jvm/3.2.5/metrics-jvm-3.2.5.jar:/home/user/.m2/repository/io/dropwizard/metrics/metrics-ganglia/3.2.5/metrics-ganglia-3.2.5.jar:/home/user/.m2/repository/info/ganglia/gmetric4j/gmetric4j/1.0.7/gmetric4j-1.0.7.jar:/home/user/.m2/repository/org/apache/ratis/ratis-netty/0.5.0-63cd2fb-SNAPSHOT/ratis-netty-0.5.0-63cd2fb-SNAPSHOT.jar:/home/user/.m2/repository/org/apache/ratis/ratis-grpc/0.5.0-63cd2fb-SNAPSHOT/ratis-grpc-0.5.0-63cd2fb-SNAPSHOT.jar:/home/user/.m2/repository/org/rocksdb/rocksdbjni/6.0.1/rocksdbjni-6.0.1.jar:/home/user/.m2/repository/org/apache/logging/log4j/log4j-api/2.11.0/log4j-api-2.11.0.jar:/home/user/.m2/repository/org/apache/logging/log4j/log4j-core/2.11.0/log4j-core-2.11.0.jar:/home/user/.m2/repository/com/lmax/disruptor/3.4.2/disruptor-3.4.2.jar:/home/user/.m2/repository/org/apache/commons/commons-pool2/2.6.0/commons-pool2-2.6.0.jar:/home/user/.m2/repository/org/bouncycastle/bcpkix-jdk15on/1.60/bcpkix-jdk15on-1.60.jar:/home/user/.m2/repository/commons-validator/commons-validator/1.6/commons-validator-1.6.jar:/home/user/.m2/repository/commons-digester/commons-digester/1.8.1/commons-digester-1.8.1.jar:/home/user/.m2/repository/io/jaegertracing/jaeger-client/0.34.0/jaeger-client-0.34.0.jar:/home/user/.m2/repository/io/jaegertracing/jaeger-thrift/0.34.0/jaeger-thrift-0.34.0.jar:/home/user/.m2/repository/org/apache/thrift/libthrift/0.12.0/libthrift-0.12.0.jar:/home/user/.m2/repository/com/squareup/okhttp3/okhttp/3.9.0/okhttp-3.9.0.jar:/home/user/.m2/repository/com/squareup/okio/okio/1.13.0/okio-1.13.0.jar:/home/user/.m2/repository/io/jaegertracing/jaeger-core/0.34.0/jaeger-core-0.34.0.jar:/home/user/.m2/repository/io/jaegertracing/jaeger-tracerresolver/0.34.0/jaeger-tracerresolver-0.34.0.jar:/home/user/.m2/repository/io/opentracing/contrib/opentracing-tracerresolver/0.1.5/opentracing-tracerresolver-0.1.5.jar:/home/user/.m2/repository/io/opentracing/opentracing-util/0.31.0/opentracing-util-0.31.0.jar:/home/user/.m2/repository/io/opentracing/opentracing-api/0.31.0/opentracing-api-0.31.0.jar:/home/user/.m2/repository/io/opentracing/opentracing-noop/0.31.0/opentracing-noop-0.31.0.jar:/home/user/.m2/repository/org/apache/hadoop/hadoop-hdds-server-framework/0.5.0-SNAPSHOT/hadoop-hdds-server-framework-0.5.0-SNAPSHOT.jar:/home/user/.m2/repository/org/apache/hadoop/hadoop-hdds-container-service/0.5.0-SNAPSHOT/hadoop-hdds-container-service-0.5.0-SNAPSHOT.jar:/home/user/.m2/repository/org/apache/hadoop/hadoop-hdds-client/0.5.0-SNAPSHOT/hadoop-hdds-client-0.5.0-SNAPSHOT.jar:/home/user/.m2/repository/org/apache/hadoop/hadoop-hdds-tools/0.5.0-SNAPSHOT/hadoop-hdds-tools-0.5.0-SNAPSHOT.jar:/home/user/.m2/repository/org/apache/hadoop/hadoop-hdds-server-scm/0.5.0-SNAPSHOT/hadoop-hdds-server-scm-0.5.0-SNAPSHOT.jar:/home/user/.m2/repository/org/apache/hadoop/hadoop-hdds-docs/0.5.0-SNAPSHOT/hadoop-hdds-docs-0.5.0-SNAPSHOT.jar:/home/user/.m2/repository/io/dropwizard/metrics/metrics-core/3.2.4/metrics-core-3.2.4.jar:/home/user/.m2/repository/org/hamcrest/hamcrest-all/1.3/hamcrest-all-1.3.jar:/home/user/.m2/repository/org/bouncycastle/bcprov-jdk15on/1.60/bcprov-jdk15on-1.60.jar:/home/user/.m2/repository/info/picocli/picocli/3.9.6/picocli-3.9.6.jar:/home/user/.m2/repository/com/google/protobuf/protobuf-java/2.5.0/protobuf-java-2.5.0.jar:/home/user/.m2/repository/com/google/guava/guava/11.0.2/guava-11.0.2.jar:/home/user/.m2/repository/org/apache/hadoop/hadoop-ozone-ozone-manager/0.5.0-SNAPSHOT/hadoop-ozone-ozone-manager-0.5.0-SNAPSHOT.jar:/home/user/.m2/repository/org/apache/hadoop/hadoop-minikdc/3.2.0/hadoop-minikdc-3.2.0.jar:/home/user/.m2/repository/commons-io/commons-io/2.5/commons-io-2.5.jar:/home/user/.m2/repository/org/apache/kerby/kerb-simplekdc/1.0.1/kerb-simplekdc-1.0.1.jar:/home/user/.m2/repository/org/apache/kerby/kerb-client/1.0.1/kerb-client-1.0.1.jar:/home/user/.m2/repository/org/apache/kerby/kerby-config/1.0.1/kerby-config-1.0.1.jar:/home/user/.m2/repository/org/apache/kerby/kerb-core/1.0.1/kerb-core-1.0.1.jar:/home/user/.m2/repository/org/apache/kerby/kerby-pkix/1.0.1/kerby-pkix-1.0.1.jar:/home/user/.m2/repository/org/apache/kerby/kerby-asn1/1.0.1/kerby-asn1-1.0.1.jar:/home/user/.m2/repository/org/apache/kerby/kerby-util/1.0.1/kerby-util-1.0.1.jar:/home/user/.m2/repository/org/apache/kerby/kerb-common/1.0.1/kerb-common-1.0.1.jar:/home/user/.m2/repository/org/apache/kerby/kerb-crypto/1.0.1/kerb-crypto-1.0.1.jar:/home/user/.m2/repository/org/apache/kerby/kerb-util/1.0.1/kerb-util-1.0.1.jar:/home/user/.m2/repository/org/apache/kerby/token-provider/1.0.1/token-provider-1.0.1.jar:/home/user/.m2/repository/org/apache/kerby/kerb-admin/1.0.1/kerb-admin-1.0.1.jar:/home/user/.m2/repository/org/apache/kerby/kerb-server/1.0.1/kerb-server-1.0.1.jar:/home/user/.m2/repository/org/apache/kerby/kerb-identity/1.0.1/kerb-identity-1.0.1.jar:/home/user/.m2/repository/org/apache/kerby/kerby-xdr/1.0.1/kerby-xdr-1.0.1.jar:/home/user/.m2/repository/org/slf4j/slf4j-log4j12/1.7.25/slf4j-log4j12-1.7.25.jar:/home/user/.m2/repository/org/apache/hadoop/hadoop-ozone-s3gateway/0.5.0-SNAPSHOT/hadoop-ozone-s3gateway-0.5.0-SNAPSHOT.jar:/home/user/.m2/repository/org/jboss/weld/servlet/weld-servlet/2.4.7.Final/weld-servlet-2.4.7.Final.jar:/home/user/.m2/repository/org/glassfish/jersey/containers/jersey-container-servlet-core/2.27/jersey-container-servlet-core-2.27.jar:/home/user/.m2/repository/org/glassfish/hk2/external/javax.inject/2.5.0-b42/javax.inject-2.5.0-b42.jar:/home/user/.m2/repository/org/glassfish/jersey/core/jersey-common/2.27/jersey-common-2.27.jar:/home/user/.m2/repository/org/glassfish/hk2/osgi-resource-locator/1.0.1/osgi-resource-locator-1.0.1.jar:/home/user/.m2/repository/javax/ws/rs/javax.ws.rs-api/2.1/javax.ws.rs-api-2.1.jar:/home/user/.m2/repository/org/glassfish/jersey/ext/cdi/jersey-cdi1x/2.27/jersey-cdi1x-2.27.jar:/home/user/.m2/repository/org/glassfish/jersey/inject/jersey-hk2/2.27/jersey-hk2-2.27.jar:/home/user/.m2/repository/org/glassfish/hk2/hk2-locator/2.5.0-b42/hk2-locator-2.5.0-b42.jar:/home/user/.m2/repository/org/javassist/javassist/3.22.0-CR2/javassist-3.22.0-CR2.jar:/home/user/.m2/repository/org/glassfish/hk2/hk2-api/2.5.0/hk2-api-2.5.0.jar:/home/user/.m2/repository/org/glassfish/hk2/external/jakarta.inject/2.5.0/jakarta.inject-2.5.0.jar:/home/user/.m2/repository/org/glassfish/hk2/hk2-utils/2.5.0/hk2-utils-2.5.0.jar:/home/user/.m2/repository/jakarta/annotation/jakarta.annotation-api/1.3.4/jakarta.annotation-api-1.3.4.jar:/home/user/.m2/repository/org/glassfish/hk2/external/aopalliance-repackaged/2.5.0/aopalliance-repackaged-2.5.0.jar:/home/user/.m2/repository/com/fasterxml/jackson/dataformat/jackson-dataformat-xml/2.9.0/jackson-dataformat-xml-2.9.0.jar:/home/user/.m2/repository/com/fasterxml/jackson/core/jackson-core/2.9.9/jackson-core-2.9.9.jar:/home/user/.m2/repository/com/fasterxml/jackson/module/jackson-module-jaxb-annotations/2.9.9/jackson-module-jaxb-annotations-2.9.9.jar:/home/user/.m2/repository/javax/enterprise/cdi-api/1.2/cdi-api-1.2.jar:/home/user/.m2/repository/javax/el/javax.el-api/3.0.0/javax.el-api-3.0.0.jar:/home/user/.m2/repository/javax/interceptor/javax.interceptor-api/1.2/javax.interceptor-api-1.2.jar:/home/user/.m2/repository/javax/inject/javax.inject/1/javax.inject-1.jar:/home/user/.m2/repository/com/sun/xml/bind/jaxb-impl/2.3.0.1/jaxb-impl-2.3.0.1.jar:/home/user/.m2/repository/com/sun/xml/bind/jaxb-core/2.3.0.1/jaxb-core-2.3.0.1.jar:/home/user/.m2/repository/javax/xml/bind/jaxb-api/2.3.0/jaxb-api-2.3.0.jar:/home/user/.m2/repository/javax/activation/activation/1.1.1/activation-1.1.1.jar:/home/user/.m2/repository/org/apache/hadoop/hadoop-ozone-csi/0.5.0-SNAPSHOT/hadoop-ozone-csi-0.5.0-SNAPSHOT.jar:/home/user/.m2/repository/com/google/protobuf/protobuf-java-util/3.5.1/protobuf-java-util-3.5.1.jar:/home/user/.m2/repository/org/apache/hadoop/hadoop-hdds-config/0.5.0-SNAPSHOT/hadoop-hdds-config-0.5.0-SNAPSHOT.jar:/home/user/.m2/repository/io/grpc/grpc-netty/1.17.1/grpc-netty-1.17.1.jar:/home/user/.m2/repository/io/grpc/grpc-core/1.17.1/grpc-core-1.17.1.jar:/home/user/.m2/repository/io/grpc/grpc-context/1.17.1/grpc-context-1.17.1.jar:/home/user/.m2/repository/com/google/errorprone/error_prone_annotations/2.2.0/error_prone_annotations-2.2.0.jar:/home/user/.m2/repository/org/codehaus/mojo/animal-sniffer-annotations/1.17/animal-sniffer-annotations-1.17.jar:/home/user/.m2/repository/io/opencensus/opencensus-api/0.17.0/opencensus-api-0.17.0.jar:/home/user/.m2/repository/io/opencensus/opencensus-contrib-grpc-metrics/0.17.0/opencensus-contrib-grpc-metrics-0.17.0.jar:/home/user/.m2/repository/io/netty/netty-codec-http2/4.1.30.Final/netty-codec-http2-4.1.30.Final.jar:/home/user/.m2/repository/io/netty/netty-codec-http/4.1.30.Final/netty-codec-http-4.1.30.Final.jar:/home/user/.m2/repository/io/netty/netty-codec/4.1.30.Final/netty-codec-4.1.30.Final.jar:/home/user/.m2/repository/io/netty/netty-handler/4.1.30.Final/netty-handler-4.1.30.Final.jar:/home/user/.m2/repository/io/netty/netty-handler-proxy/4.1.30.Final/netty-handler-proxy-4.1.30.Final.jar:/home/user/.m2/repository/io/netty/netty-codec-socks/4.1.30.Final/netty-codec-socks-4.1.30.Final.jar:/home/user/.m2/repository/io/netty/netty-transport-native-epoll/4.1.30.Final/netty-transport-native-epoll-4.1.30.Final.jar:/home/user/.m2/repository/io/netty/netty-common/4.1.30.Final/netty-common-4.1.30.Final.jar:/home/user/.m2/repository/io/netty/netty-buffer/4.1.30.Final/netty-buffer-4.1.30.Final.jar:/home/user/.m2/repository/io/netty/netty-transport/4.1.30.Final/netty-transport-4.1.30.Final.jar:/home/user/.m2/repository/io/netty/netty-resolver/4.1.30.Final/netty-resolver-4.1.30.Final.jar:/home/user/.m2/repository/io/netty/netty-transport-native-unix-common/4.1.30.Final/netty-transport-native-unix-common-4.1.30.Final.jar:/home/user/.m2/repository/io/grpc/grpc-protobuf/1.17.1/grpc-protobuf-1.17.1.jar:/home/user/.m2/repository/com/google/api/grpc/proto-google-common-protos/1.0.0/proto-google-common-protos-1.0.0.jar:/home/user/.m2/repository/io/grpc/grpc-protobuf-lite/1.17.1/grpc-protobuf-lite-1.17.1.jar:/home/user/.m2/repository/io/grpc/grpc-stub/1.17.1/grpc-stub-1.17.1.jar:/home/user/.m2/repository/org/apache/hadoop/hadoop-ozone-recon/0.5.0-SNAPSHOT/hadoop-ozone-recon-0.5.0-SNAPSHOT.jar:/home/user/.m2/repository/org/apache/hadoop/hadoop-ozone-reconcodegen/0.5.0-SNAPSHOT/hadoop-ozone-reconcodegen-0.5.0-SNAPSHOT.jar:/home/user/.m2/repository/com/google/inject/extensions/guice-multibindings/4.0/guice-multibindings-4.0.jar:/home/user/.m2/repository/com/google/inject/guice/4.0/guice-4.0.jar:/home/user/.m2/repository/aopalliance/aopalliance/1.0/aopalliance-1.0.jar:/home/user/.m2/repository/com/google/inject/extensions/guice-servlet/4.0/guice-servlet-4.0.jar:/home/user/.m2/repository/org/glassfish/jersey/containers/jersey-container-servlet/2.27/jersey-container-servlet-2.27.jar:/home/user/.m2/repository/org/glassfish/hk2/guice-bridge/2.5.0/guice-bridge-2.5.0.jar:/home/user/.m2/repository/org/glassfish/jersey/core/jersey-server/2.27/jersey-server-2.27.jar:/home/user/.m2/repository/org/glassfish/jersey/core/jersey-client/2.27/jersey-client-2.27.jar:/home/user/.m2/repository/org/glassfish/jersey/media/jersey-media-jaxb/2.27/jersey-media-jaxb-2.27.jar:/home/user/.m2/repository/javax/validation/validation-api/1.1.0.Final/validation-api-1.1.0.Final.jar:/home/user/.m2/repository/org/glassfish/jersey/media/jersey-media-json-jackson/2.27/jersey-media-json-jackson-2.27.jar:/home/user/.m2/repository/org/glassfish/jersey/ext/jersey-entity-filtering/2.27/jersey-entity-filtering-2.27.jar:/home/user/.m2/repository/com/google/inject/extensions/guice-assistedinject/4.0/guice-assistedinject-4.0.jar:/home/user/.m2/repository/org/jooq/jooq/3.11.10/jooq-3.11.10.jar:/home/user/.m2/repository/org/jooq/jooq-meta/3.11.10/jooq-meta-3.11.10.jar:/home/user/.m2/repository/org/jooq/jooq-codegen/3.11.10/jooq-codegen-3.11.10.jar:/home/user/.m2/repository/com/jolbox/bonecp/0.8.0.RELEASE/bonecp-0.8.0.RELEASE.jar:/home/user/.m2/repository/org/xerial/sqlite-jdbc/3.25.2/sqlite-jdbc-3.25.2.jar:/home/user/.m2/repository/org/springframework/spring-jdbc/5.1.3.RELEASE/spring-jdbc-5.1.3.RELEASE.jar:/home/user/.m2/repository/org/springframework/spring-beans/5.1.3.RELEASE/spring-beans-5.1.3.RELEASE.jar:/home/user/.m2/repository/org/springframework/spring-core/5.1.3.RELEASE/spring-core-5.1.3.RELEASE.jar:/home/user/.m2/repository/org/springframework/spring-jcl/5.1.3.RELEASE/spring-jcl-5.1.3.RELEASE.jar:/home/user/.m2/repository/org/springframework/spring-tx/5.1.3.RELEASE/spring-tx-5.1.3.RELEASE.jar:/home/user/.m2/repository/org/apache/hadoop/hadoop-ozone-client/0.5.0-SNAPSHOT/hadoop-ozone-client-0.5.0-SNAPSHOT.jar:/home/user/.m2/repository/commons-lang/commons-lang/2.6/commons-lang-2.6.jar:/home/user/.m2/repository/org/apache/hadoop/hadoop-ozone-ozone-manager/0.5.0-SNAPSHOT/hadoop-ozone-ozone-manager-0.5.0-SNAPSHOT-tests.jar:/home/user/.m2/repository/junit/junit/4.11/junit-4.11.jar:/home/user/.m2/repository/org/hamcrest/hamcrest-core/1.3/hamcrest-core-1.3.jar:/home/user/.m2/repository/org/openjdk/jmh/jmh-core/1.19/jmh-core-1.19.jar:/home/user/.m2/repository/net/sf/jopt-simple/jopt-simple/4.6/jopt-simple-4.6.jar:/home/user/.m2/repository/org/apache/commons/commons-math3/3.1.1/commons-math3-3.1.1.jar:/home/user/.m2/repository/org/openjdk/jmh/jmh-generator-annprocess/1.19/jmh-generator-annprocess-1.19.jar:/home/user/.m2/repository/org/mockito/mockito-all/1.8.5/mockito-all-1.8.5.jar:/home/user/.m2/repository/org/apache/hadoop/hadoop-kms/3.2.0/hadoop-kms-3.2.0.jar:/home/user/.m2/repository/org/apache/hadoop/hadoop-auth/3.2.0/hadoop-auth-3.2.0.jar:/home/user/.m2/repository/com/nimbusds/nimbus-jose-jwt/4.41.1/nimbus-jose-jwt-4.41.1.jar:/home/user/.m2/repository/com/github/stephenc/jcip/jcip-annotations/1.0-1/jcip-annotations-1.0-1.jar:/home/user/.m2/repository/net/minidev/json-smart/2.3/json-smart-2.3.jar:/home/user/.m2/repository/net/minidev/accessors-smart/1.2/accessors-smart-1.2.jar:/home/user/.m2/repository/org/ow2/asm/asm/5.0.4/asm-5.0.4.jar:/home/user/.m2/repository/org/apache/curator/curator-framework/2.12.0/curator-framework-2.12.0.jar:/home/user/.m2/repository/com/sun/jersey/jersey-core/1.19/jersey-core-1.19.jar:/home/user/.m2/repository/javax/ws/rs/jsr311-api/1.1.1/jsr311-api-1.1.1.jar:/home/user/.m2/repository/com/sun/jersey/jersey-server/1.19/jersey-server-1.19.jar:/home/user/.m2/repository/javax/servlet/javax.servlet-api/3.1.0/javax.servlet-api-3.1.0.jar:/home/user/.m2/repository/org/eclipse/jetty/jetty-server/9.3.25.v20180904/jetty-server-9.3.25.v20180904.jar:/home/user/.m2/repository/org/eclipse/jetty/jetty-http/9.3.25.v20180904/jetty-http-9.3.25.v20180904.jar:/home/user/.m2/repository/org/eclipse/jetty/jetty-io/9.3.25.v20180904/jetty-io-9.3.25.v20180904.jar:/home/user/.m2/repository/org/eclipse/jetty/jetty-webapp/9.3.25.v20180904/jetty-webapp-9.3.25.v20180904.jar:/home/user/.m2/repository/org/eclipse/jetty/jetty-xml/9.3.25.v20180904/jetty-xml-9.3.25.v20180904.jar:/home/user/.m2/repository/log4j/log4j/1.2.17/log4j-1.2.17.jar:/home/user/.m2/repository/org/slf4j/slf4j-api/1.7.25/slf4j-api-1.7.25.jar:/home/user/.m2/repository/org/slf4j/jul-to-slf4j/1.7.25/jul-to-slf4j-1.7.25.jar:/home/user/.m2/repository/org/eclipse/jetty/jetty-util/9.3.25.v20180904/jetty-util-9.3.25.v20180904.jar:/home/user/.m2/repository/com/fasterxml/jackson/core/jackson-databind/2.9.9/jackson-databind-2.9.9.jar:/home/user/.m2/repository/org/apache/hadoop/hadoop-kms/3.2.0/hadoop-kms-3.2.0-tests.jar:/home/user/.m2/repository/org/apache/hadoop/hadoop-hdds-server-scm/0.5.0-SNAPSHOT/hadoop-hdds-server-scm-0.5.0-SNAPSHOT-tests.jar:/home/user/.m2/repository/org/apache/hadoop/hadoop-hdds-container-service/0.5.0-SNAPSHOT/hadoop-hdds-container-service-0.5.0-SNAPSHOT-tests.jar:/home/user/.m2/repository/org/yaml/snakeyaml/1.16/snakeyaml-1.16.jar:/home/user/.m2/repository/org/apache/hadoop/hadoop-common/3.2.0/hadoop-common-3.2.0-tests.jar:/home/user/.m2/repository/org/apache/hadoop/hadoop-annotations/3.2.0/hadoop-annotations-3.2.0.jar:/usr/lib/jvm/java-1.8-openjdk/jre/../lib/tools.jar:/home/user/.m2/repository/commons-cli/commons-cli/1.2/commons-cli-1.2.jar:/home/user/.m2/repository/org/apache/httpcomponents/httpclient/4.5.2/httpclient-4.5.2.jar:/home/user/.m2/repository/org/apache/httpcomponents/httpcore/4.4.4/httpcore-4.4.4.jar:/home/user/.m2/repository/commons-codec/commons-codec/1.11/commons-codec-1.11.jar:/home/user/.m2/repository/commons-net/commons-net/3.6/commons-net-3.6.jar:/home/user/.m2/repository/commons-collections/commons-collections/3.2.2/commons-collections-3.2.2.jar:/home/user/.m2/repository/org/eclipse/jetty/jetty-servlet/9.3.25.v20180904/jetty-servlet-9.3.25.v20180904.jar:/home/user/.m2/repository/org/eclipse/jetty/jetty-security/9.3.25.v20180904/jetty-security-9.3.25.v20180904.jar:/home/user/.m2/repository/javax/servlet/jsp/jsp-api/2.1/jsp-api-2.1.jar:/home/user/.m2/repository/com/sun/jersey/jersey-servlet/1.19/jersey-servlet-1.19.jar:/home/user/.m2/repository/com/sun/jersey/jersey-json/1.19/jersey-json-1.19.jar:/home/user/.m2/repository/org/codehaus/jettison/jettison/1.1/jettison-1.1.jar:/home/user/.m2/repository/org/codehaus/jackson/jackson-core-asl/1.9.13/jackson-core-asl-1.9.13.jar:/home/user/.m2/repository/org/codehaus/jackson/jackson-mapper-asl/1.9.13/jackson-mapper-asl-1.9.13.jar:/home/user/.m2/repository/org/codehaus/jackson/jackson-jaxrs/1.9.13/jackson-jaxrs-1.9.13.jar:/home/user/.m2/repository/org/codehaus/jackson/jackson-xc/1.9.13/jackson-xc-1.9.13.jar:/home/user/.m2/repository/commons-logging/commons-logging/1.1.3/commons-logging-1.1.3.jar:/home/user/.m2/repository/commons-beanutils/commons-beanutils/1.9.4/commons-beanutils-1.9.4.jar:/home/user/.m2/repository/org/apache/commons/commons-configuration2/2.1.1/commons-configuration2-2.1.1.jar:/home/user/.m2/repository/org/apache/commons/commons-lang3/3.7/commons-lang3-3.7.jar:/home/user/.m2/repository/org/apache/commons/commons-text/1.4/commons-text-1.4.jar:/home/user/.m2/repository/org/apache/avro/avro/1.7.7/avro-1.7.7.jar:/home/user/.m2/repository/com/thoughtworks/paranamer/paranamer/2.3/paranamer-2.3.jar:/home/user/.m2/repository/org/xerial/snappy/snappy-java/1.0.5/snappy-java-1.0.5.jar:/home/user/.m2/repository/com/google/re2j/re2j/1.1/re2j-1.1.jar:/home/user/.m2/repository/com/google/code/gson/gson/2.2.4/gson-2.2.4.jar:/home/user/.m2/repository/com/jcraft/jsch/0.1.54/jsch-0.1.54.jar:/home/user/.m2/repository/org/apache/curator/curator-client/2.12.0/curator-client-2.12.0.jar:/home/user/.m2/repository/org/apache/curator/curator-recipes/2.12.0/curator-recipes-2.12.0.jar:/home/user/.m2/repository/com/google/code/findbugs/jsr305/3.0.0/jsr305-3.0.0.jar:/home/user/.m2/repository/org/apache/htrace/htrace-core4/4.1.0-incubating/htrace-core4-4.1.0-incubating.jar:/home/user/.m2/repository/org/apache/zookeeper/zookeeper/3.4.13/zookeeper-3.4.13.jar:/home/user/.m2/repository/jline/jline/0.9.94/jline-0.9.94.jar:/home/user/.m2/repository/org/apache/yetus/audience-annotations/0.5.0/audience-annotations-0.5.0.jar:/home/user/.m2/repository/org/codehaus/woodstox/stax2-api/3.1.4/stax2-api-3.1.4.jar:/home/user/.m2/repository/com/fasterxml/woodstox/woodstox-core/5.0.3/woodstox-core-5.0.3.jar:/home/user/.m2/repository/dnsjava/dnsjava/2.1.7/dnsjava-2.1.7.jar:/home/user/.m2/repository/org/apache/hadoop/hadoop-hdfs/3.2.0/hadoop-hdfs-3.2.0-tests.jar:/home/user/.m2/repository/org/eclipse/jetty/jetty-util-ajax/9.3.25.v20180904/jetty-util-ajax-9.3.25.v20180904.jar:/home/user/.m2/repository/commons-daemon/commons-daemon/1.0.13/commons-daemon-1.0.13.jar:/home/user/.m2/repository/io/netty/netty/3.10.5.Final/netty-3.10.5.Final.jar:/home/user/.m2/repository/io/netty/netty-all/4.0.52.Final/netty-all-4.0.52.Final.jar:/home/user/.m2/repository/org/fusesource/leveldbjni/leveldbjni-all/1.8/leveldbjni-all-1.8.jar:"/>
    <property name="java.vm.vendor" value="IcedTea"/>
    <property name="sun.arch.data.model" value="64"/>
    <property name="test.build.dir" value="/workdir/hadoop-ozone/integration-test/target/test-dir"/>
    <property name="test.cache.data" value=""/>
    <property name="java.vendor.url" value="https://icedtea.classpath.org"/>
    <property name="user.timezone" value=""/>
    <property name="java.vm.specification.version" value="1.8"/>
    <property name="os.name" value="Linux"/>
    <property name="test.build.data" value="/workdir/hadoop-ozone/integration-test/target/test-dir"/>
    <property name="user.country" value="US"/>
    <property name="sun.java.launcher" value="SUN_STANDARD"/>
    <property name="sun.boot.library.path" value="/usr/lib/jvm/java-1.8-openjdk/jre/lib/amd64"/>
    <property name="sun.java.command" value="/workdir/hadoop-ozone/integration-test/target/surefire/surefirebooter9180152981006112291.jar /workdir/hadoop-ozone/integration-test/target/surefire 2019-10-09T21-39-32_910-jvmRun1 surefire2308582175233735693tmp surefire_558756000933636789836tmp"/>
    <property name="test" value="!TestMiniChaosOzoneCluster"/>
    <property name="surefire.test.class.path" value="/workdir/hadoop-ozone/integration-test/target/test-classes:/workdir/hadoop-ozone/integration-test/target/classes:/home/user/.m2/repository/org/apache/hadoop/hadoop-ozone-common/0.5.0-SNAPSHOT/hadoop-ozone-common-0.5.0-SNAPSHOT.jar:/home/user/.m2/repository/org/apache/commons/commons-compress/1.4.1/commons-compress-1.4.1.jar:/home/user/.m2/repository/org/tukaani/xz/1.0/xz-1.0.jar:/home/user/.m2/repository/org/apache/hadoop/hadoop-common/3.2.0/hadoop-common-3.2.0.jar:/home/user/.m2/repository/org/apache/hadoop/hadoop-hdfs/3.2.0/hadoop-hdfs-3.2.0.jar:/home/user/.m2/repository/org/apache/hadoop/hadoop-hdfs-client/3.2.0/hadoop-hdfs-client-3.2.0.jar:/home/user/.m2/repository/com/fasterxml/jackson/core/jackson-annotations/2.9.9/jackson-annotations-2.9.9.jar:/home/user/.m2/repository/org/apache/hadoop/hadoop-hdds-common/0.5.0-SNAPSHOT/hadoop-hdds-common-0.5.0-SNAPSHOT.jar:/home/user/.m2/repository/javax/annotation/javax.annotation-api/1.2/javax.annotation-api-1.2.jar:/home/user/.m2/repository/org/apache/ratis/ratis-server/0.5.0-63cd2fb-SNAPSHOT/ratis-server-0.5.0-63cd2fb-SNAPSHOT.jar:/home/user/.m2/repository/org/apache/ratis/ratis-thirdparty-misc/0.2.0/ratis-thirdparty-misc-0.2.0.jar:/home/user/.m2/repository/org/apache/ratis/ratis-proto/0.5.0-63cd2fb-SNAPSHOT/ratis-proto-0.5.0-63cd2fb-SNAPSHOT.jar:/home/user/.m2/repository/org/apache/ratis/ratis-common/0.5.0-63cd2fb-SNAPSHOT/ratis-common-0.5.0-63cd2fb-SNAPSHOT.jar:/home/user/.m2/repository/org/apache/ratis/ratis-client/0.5.0-63cd2fb-SNAPSHOT/ratis-client-0.5.0-63cd2fb-SNAPSHOT.jar:/home/user/.m2/repository/org/apache/ratis/ratis-metrics/0.5.0-63cd2fb-SNAPSHOT/ratis-metrics-0.5.0-63cd2fb-SNAPSHOT.jar:/home/user/.m2/repository/com/github/joshelser/dropwizard-metrics-hadoop-metrics2-reporter/0.1.2/dropwizard-metrics-hadoop-metrics2-reporter-0.1.2.jar:/home/user/.m2/repository/io/dropwizard/metrics/metrics-jvm/3.2.5/metrics-jvm-3.2.5.jar:/home/user/.m2/repository/io/dropwizard/metrics/metrics-ganglia/3.2.5/metrics-ganglia-3.2.5.jar:/home/user/.m2/repository/info/ganglia/gmetric4j/gmetric4j/1.0.7/gmetric4j-1.0.7.jar:/home/user/.m2/repository/org/apache/ratis/ratis-netty/0.5.0-63cd2fb-SNAPSHOT/ratis-netty-0.5.0-63cd2fb-SNAPSHOT.jar:/home/user/.m2/repository/org/apache/ratis/ratis-grpc/0.5.0-63cd2fb-SNAPSHOT/ratis-grpc-0.5.0-63cd2fb-SNAPSHOT.jar:/home/user/.m2/repository/org/rocksdb/rocksdbjni/6.0.1/rocksdbjni-6.0.1.jar:/home/user/.m2/repository/org/apache/logging/log4j/log4j-api/2.11.0/log4j-api-2.11.0.jar:/home/user/.m2/repository/org/apache/logging/log4j/log4j-core/2.11.0/log4j-core-2.11.0.jar:/home/user/.m2/repository/com/lmax/disruptor/3.4.2/disruptor-3.4.2.jar:/home/user/.m2/repository/org/apache/commons/commons-pool2/2.6.0/commons-pool2-2.6.0.jar:/home/user/.m2/repository/org/bouncycastle/bcpkix-jdk15on/1.60/bcpkix-jdk15on-1.60.jar:/home/user/.m2/repository/commons-validator/commons-validator/1.6/commons-validator-1.6.jar:/home/user/.m2/repository/commons-digester/commons-digester/1.8.1/commons-digester-1.8.1.jar:/home/user/.m2/repository/io/jaegertracing/jaeger-client/0.34.0/jaeger-client-0.34.0.jar:/home/user/.m2/repository/io/jaegertracing/jaeger-thrift/0.34.0/jaeger-thrift-0.34.0.jar:/home/user/.m2/repository/org/apache/thrift/libthrift/0.12.0/libthrift-0.12.0.jar:/home/user/.m2/repository/com/squareup/okhttp3/okhttp/3.9.0/okhttp-3.9.0.jar:/home/user/.m2/repository/com/squareup/okio/okio/1.13.0/okio-1.13.0.jar:/home/user/.m2/repository/io/jaegertracing/jaeger-core/0.34.0/jaeger-core-0.34.0.jar:/home/user/.m2/repository/io/jaegertracing/jaeger-tracerresolver/0.34.0/jaeger-tracerresolver-0.34.0.jar:/home/user/.m2/repository/io/opentracing/contrib/opentracing-tracerresolver/0.1.5/opentracing-tracerresolver-0.1.5.jar:/home/user/.m2/repository/io/opentracing/opentracing-util/0.31.0/opentracing-util-0.31.0.jar:/home/user/.m2/repository/io/opentracing/opentracing-api/0.31.0/opentracing-api-0.31.0.jar:/home/user/.m2/repository/io/opentracing/opentracing-noop/0.31.0/opentracing-noop-0.31.0.jar:/home/user/.m2/repository/org/apache/hadoop/hadoop-hdds-server-framework/0.5.0-SNAPSHOT/hadoop-hdds-server-framework-0.5.0-SNAPSHOT.jar:/home/user/.m2/repository/org/apache/hadoop/hadoop-hdds-container-service/0.5.0-SNAPSHOT/hadoop-hdds-container-service-0.5.0-SNAPSHOT.jar:/home/user/.m2/repository/org/apache/hadoop/hadoop-hdds-client/0.5.0-SNAPSHOT/hadoop-hdds-client-0.5.0-SNAPSHOT.jar:/home/user/.m2/repository/org/apache/hadoop/hadoop-hdds-tools/0.5.0-SNAPSHOT/hadoop-hdds-tools-0.5.0-SNAPSHOT.jar:/home/user/.m2/repository/org/apache/hadoop/hadoop-hdds-server-scm/0.5.0-SNAPSHOT/hadoop-hdds-server-scm-0.5.0-SNAPSHOT.jar:/home/user/.m2/repository/org/apache/hadoop/hadoop-hdds-docs/0.5.0-SNAPSHOT/hadoop-hdds-docs-0.5.0-SNAPSHOT.jar:/home/user/.m2/repository/io/dropwizard/metrics/metrics-core/3.2.4/metrics-core-3.2.4.jar:/home/user/.m2/repository/org/hamcrest/hamcrest-all/1.3/hamcrest-all-1.3.jar:/home/user/.m2/repository/org/bouncycastle/bcprov-jdk15on/1.60/bcprov-jdk15on-1.60.jar:/home/user/.m2/repository/info/picocli/picocli/3.9.6/picocli-3.9.6.jar:/home/user/.m2/repository/com/google/protobuf/protobuf-java/2.5.0/protobuf-java-2.5.0.jar:/home/user/.m2/repository/com/google/guava/guava/11.0.2/guava-11.0.2.jar:/home/user/.m2/repository/org/apache/hadoop/hadoop-ozone-ozone-manager/0.5.0-SNAPSHOT/hadoop-ozone-ozone-manager-0.5.0-SNAPSHOT.jar:/home/user/.m2/repository/org/apache/hadoop/hadoop-minikdc/3.2.0/hadoop-minikdc-3.2.0.jar:/home/user/.m2/repository/commons-io/commons-io/2.5/commons-io-2.5.jar:/home/user/.m2/repository/org/apache/kerby/kerb-simplekdc/1.0.1/kerb-simplekdc-1.0.1.jar:/home/user/.m2/repository/org/apache/kerby/kerb-client/1.0.1/kerb-client-1.0.1.jar:/home/user/.m2/repository/org/apache/kerby/kerby-config/1.0.1/kerby-config-1.0.1.jar:/home/user/.m2/repository/org/apache/kerby/kerb-core/1.0.1/kerb-core-1.0.1.jar:/home/user/.m2/repository/org/apache/kerby/kerby-pkix/1.0.1/kerby-pkix-1.0.1.jar:/home/user/.m2/repository/org/apache/kerby/kerby-asn1/1.0.1/kerby-asn1-1.0.1.jar:/home/user/.m2/repository/org/apache/kerby/kerby-util/1.0.1/kerby-util-1.0.1.jar:/home/user/.m2/repository/org/apache/kerby/kerb-common/1.0.1/kerb-common-1.0.1.jar:/home/user/.m2/repository/org/apache/kerby/kerb-crypto/1.0.1/kerb-crypto-1.0.1.jar:/home/user/.m2/repository/org/apache/kerby/kerb-util/1.0.1/kerb-util-1.0.1.jar:/home/user/.m2/repository/org/apache/kerby/token-provider/1.0.1/token-provider-1.0.1.jar:/home/user/.m2/repository/org/apache/kerby/kerb-admin/1.0.1/kerb-admin-1.0.1.jar:/home/user/.m2/repository/org/apache/kerby/kerb-server/1.0.1/kerb-server-1.0.1.jar:/home/user/.m2/repository/org/apache/kerby/kerb-identity/1.0.1/kerb-identity-1.0.1.jar:/home/user/.m2/repository/org/apache/kerby/kerby-xdr/1.0.1/kerby-xdr-1.0.1.jar:/home/user/.m2/repository/org/slf4j/slf4j-log4j12/1.7.25/slf4j-log4j12-1.7.25.jar:/home/user/.m2/repository/org/apache/hadoop/hadoop-ozone-s3gateway/0.5.0-SNAPSHOT/hadoop-ozone-s3gateway-0.5.0-SNAPSHOT.jar:/home/user/.m2/repository/org/jboss/weld/servlet/weld-servlet/2.4.7.Final/weld-servlet-2.4.7.Final.jar:/home/user/.m2/repository/org/glassfish/jersey/containers/jersey-container-servlet-core/2.27/jersey-container-servlet-core-2.27.jar:/home/user/.m2/repository/org/glassfish/hk2/external/javax.inject/2.5.0-b42/javax.inject-2.5.0-b42.jar:/home/user/.m2/repository/org/glassfish/jersey/core/jersey-common/2.27/jersey-common-2.27.jar:/home/user/.m2/repository/org/glassfish/hk2/osgi-resource-locator/1.0.1/osgi-resource-locator-1.0.1.jar:/home/user/.m2/repository/javax/ws/rs/javax.ws.rs-api/2.1/javax.ws.rs-api-2.1.jar:/home/user/.m2/repository/org/glassfish/jersey/ext/cdi/jersey-cdi1x/2.27/jersey-cdi1x-2.27.jar:/home/user/.m2/repository/org/glassfish/jersey/inject/jersey-hk2/2.27/jersey-hk2-2.27.jar:/home/user/.m2/repository/org/glassfish/hk2/hk2-locator/2.5.0-b42/hk2-locator-2.5.0-b42.jar:/home/user/.m2/repository/org/javassist/javassist/3.22.0-CR2/javassist-3.22.0-CR2.jar:/home/user/.m2/repository/org/glassfish/hk2/hk2-api/2.5.0/hk2-api-2.5.0.jar:/home/user/.m2/repository/org/glassfish/hk2/external/jakarta.inject/2.5.0/jakarta.inject-2.5.0.jar:/home/user/.m2/repository/org/glassfish/hk2/hk2-utils/2.5.0/hk2-utils-2.5.0.jar:/home/user/.m2/repository/jakarta/annotation/jakarta.annotation-api/1.3.4/jakarta.annotation-api-1.3.4.jar:/home/user/.m2/repository/org/glassfish/hk2/external/aopalliance-repackaged/2.5.0/aopalliance-repackaged-2.5.0.jar:/home/user/.m2/repository/com/fasterxml/jackson/dataformat/jackson-dataformat-xml/2.9.0/jackson-dataformat-xml-2.9.0.jar:/home/user/.m2/repository/com/fasterxml/jackson/core/jackson-core/2.9.9/jackson-core-2.9.9.jar:/home/user/.m2/repository/com/fasterxml/jackson/module/jackson-module-jaxb-annotations/2.9.9/jackson-module-jaxb-annotations-2.9.9.jar:/home/user/.m2/repository/javax/enterprise/cdi-api/1.2/cdi-api-1.2.jar:/home/user/.m2/repository/javax/el/javax.el-api/3.0.0/javax.el-api-3.0.0.jar:/home/user/.m2/repository/javax/interceptor/javax.interceptor-api/1.2/javax.interceptor-api-1.2.jar:/home/user/.m2/repository/javax/inject/javax.inject/1/javax.inject-1.jar:/home/user/.m2/repository/com/sun/xml/bind/jaxb-impl/2.3.0.1/jaxb-impl-2.3.0.1.jar:/home/user/.m2/repository/com/sun/xml/bind/jaxb-core/2.3.0.1/jaxb-core-2.3.0.1.jar:/home/user/.m2/repository/javax/xml/bind/jaxb-api/2.3.0/jaxb-api-2.3.0.jar:/home/user/.m2/repository/javax/activation/activation/1.1.1/activation-1.1.1.jar:/home/user/.m2/repository/org/apache/hadoop/hadoop-ozone-csi/0.5.0-SNAPSHOT/hadoop-ozone-csi-0.5.0-SNAPSHOT.jar:/home/user/.m2/repository/com/google/protobuf/protobuf-java-util/3.5.1/protobuf-java-util-3.5.1.jar:/home/user/.m2/repository/org/apache/hadoop/hadoop-hdds-config/0.5.0-SNAPSHOT/hadoop-hdds-config-0.5.0-SNAPSHOT.jar:/home/user/.m2/repository/io/grpc/grpc-netty/1.17.1/grpc-netty-1.17.1.jar:/home/user/.m2/repository/io/grpc/grpc-core/1.17.1/grpc-core-1.17.1.jar:/home/user/.m2/repository/io/grpc/grpc-context/1.17.1/grpc-context-1.17.1.jar:/home/user/.m2/repository/com/google/errorprone/error_prone_annotations/2.2.0/error_prone_annotations-2.2.0.jar:/home/user/.m2/repository/org/codehaus/mojo/animal-sniffer-annotations/1.17/animal-sniffer-annotations-1.17.jar:/home/user/.m2/repository/io/opencensus/opencensus-api/0.17.0/opencensus-api-0.17.0.jar:/home/user/.m2/repository/io/opencensus/opencensus-contrib-grpc-metrics/0.17.0/opencensus-contrib-grpc-metrics-0.17.0.jar:/home/user/.m2/repository/io/netty/netty-codec-http2/4.1.30.Final/netty-codec-http2-4.1.30.Final.jar:/home/user/.m2/repository/io/netty/netty-codec-http/4.1.30.Final/netty-codec-http-4.1.30.Final.jar:/home/user/.m2/repository/io/netty/netty-codec/4.1.30.Final/netty-codec-4.1.30.Final.jar:/home/user/.m2/repository/io/netty/netty-handler/4.1.30.Final/netty-handler-4.1.30.Final.jar:/home/user/.m2/repository/io/netty/netty-handler-proxy/4.1.30.Final/netty-handler-proxy-4.1.30.Final.jar:/home/user/.m2/repository/io/netty/netty-codec-socks/4.1.30.Final/netty-codec-socks-4.1.30.Final.jar:/home/user/.m2/repository/io/netty/netty-transport-native-epoll/4.1.30.Final/netty-transport-native-epoll-4.1.30.Final.jar:/home/user/.m2/repository/io/netty/netty-common/4.1.30.Final/netty-common-4.1.30.Final.jar:/home/user/.m2/repository/io/netty/netty-buffer/4.1.30.Final/netty-buffer-4.1.30.Final.jar:/home/user/.m2/repository/io/netty/netty-transport/4.1.30.Final/netty-transport-4.1.30.Final.jar:/home/user/.m2/repository/io/netty/netty-resolver/4.1.30.Final/netty-resolver-4.1.30.Final.jar:/home/user/.m2/repository/io/netty/netty-transport-native-unix-common/4.1.30.Final/netty-transport-native-unix-common-4.1.30.Final.jar:/home/user/.m2/repository/io/grpc/grpc-protobuf/1.17.1/grpc-protobuf-1.17.1.jar:/home/user/.m2/repository/com/google/api/grpc/proto-google-common-protos/1.0.0/proto-google-common-protos-1.0.0.jar:/home/user/.m2/repository/io/grpc/grpc-protobuf-lite/1.17.1/grpc-protobuf-lite-1.17.1.jar:/home/user/.m2/repository/io/grpc/grpc-stub/1.17.1/grpc-stub-1.17.1.jar:/home/user/.m2/repository/org/apache/hadoop/hadoop-ozone-recon/0.5.0-SNAPSHOT/hadoop-ozone-recon-0.5.0-SNAPSHOT.jar:/home/user/.m2/repository/org/apache/hadoop/hadoop-ozone-reconcodegen/0.5.0-SNAPSHOT/hadoop-ozone-reconcodegen-0.5.0-SNAPSHOT.jar:/home/user/.m2/repository/com/google/inject/extensions/guice-multibindings/4.0/guice-multibindings-4.0.jar:/home/user/.m2/repository/com/google/inject/guice/4.0/guice-4.0.jar:/home/user/.m2/repository/aopalliance/aopalliance/1.0/aopalliance-1.0.jar:/home/user/.m2/repository/com/google/inject/extensions/guice-servlet/4.0/guice-servlet-4.0.jar:/home/user/.m2/repository/org/glassfish/jersey/containers/jersey-container-servlet/2.27/jersey-container-servlet-2.27.jar:/home/user/.m2/repository/org/glassfish/hk2/guice-bridge/2.5.0/guice-bridge-2.5.0.jar:/home/user/.m2/repository/org/glassfish/jersey/core/jersey-server/2.27/jersey-server-2.27.jar:/home/user/.m2/repository/org/glassfish/jersey/core/jersey-client/2.27/jersey-client-2.27.jar:/home/user/.m2/repository/org/glassfish/jersey/media/jersey-media-jaxb/2.27/jersey-media-jaxb-2.27.jar:/home/user/.m2/repository/javax/validation/validation-api/1.1.0.Final/validation-api-1.1.0.Final.jar:/home/user/.m2/repository/org/glassfish/jersey/media/jersey-media-json-jackson/2.27/jersey-media-json-jackson-2.27.jar:/home/user/.m2/repository/org/glassfish/jersey/ext/jersey-entity-filtering/2.27/jersey-entity-filtering-2.27.jar:/home/user/.m2/repository/com/google/inject/extensions/guice-assistedinject/4.0/guice-assistedinject-4.0.jar:/home/user/.m2/repository/org/jooq/jooq/3.11.10/jooq-3.11.10.jar:/home/user/.m2/repository/org/jooq/jooq-meta/3.11.10/jooq-meta-3.11.10.jar:/home/user/.m2/repository/org/jooq/jooq-codegen/3.11.10/jooq-codegen-3.11.10.jar:/home/user/.m2/repository/com/jolbox/bonecp/0.8.0.RELEASE/bonecp-0.8.0.RELEASE.jar:/home/user/.m2/repository/org/xerial/sqlite-jdbc/3.25.2/sqlite-jdbc-3.25.2.jar:/home/user/.m2/repository/org/springframework/spring-jdbc/5.1.3.RELEASE/spring-jdbc-5.1.3.RELEASE.jar:/home/user/.m2/repository/org/springframework/spring-beans/5.1.3.RELEASE/spring-beans-5.1.3.RELEASE.jar:/home/user/.m2/repository/org/springframework/spring-core/5.1.3.RELEASE/spring-core-5.1.3.RELEASE.jar:/home/user/.m2/repository/org/springframework/spring-jcl/5.1.3.RELEASE/spring-jcl-5.1.3.RELEASE.jar:/home/user/.m2/repository/org/springframework/spring-tx/5.1.3.RELEASE/spring-tx-5.1.3.RELEASE.jar:/home/user/.m2/repository/org/apache/hadoop/hadoop-ozone-client/0.5.0-SNAPSHOT/hadoop-ozone-client-0.5.0-SNAPSHOT.jar:/home/user/.m2/repository/commons-lang/commons-lang/2.6/commons-lang-2.6.jar:/home/user/.m2/repository/org/apache/hadoop/hadoop-ozone-ozone-manager/0.5.0-SNAPSHOT/hadoop-ozone-ozone-manager-0.5.0-SNAPSHOT-tests.jar:/home/user/.m2/repository/junit/junit/4.11/junit-4.11.jar:/home/user/.m2/repository/org/hamcrest/hamcrest-core/1.3/hamcrest-core-1.3.jar:/home/user/.m2/repository/org/openjdk/jmh/jmh-core/1.19/jmh-core-1.19.jar:/home/user/.m2/repository/net/sf/jopt-simple/jopt-simple/4.6/jopt-simple-4.6.jar:/home/user/.m2/repository/org/apache/commons/commons-math3/3.1.1/commons-math3-3.1.1.jar:/home/user/.m2/repository/org/openjdk/jmh/jmh-generator-annprocess/1.19/jmh-generator-annprocess-1.19.jar:/home/user/.m2/repository/org/mockito/mockito-all/1.8.5/mockito-all-1.8.5.jar:/home/user/.m2/repository/org/apache/hadoop/hadoop-kms/3.2.0/hadoop-kms-3.2.0.jar:/home/user/.m2/repository/org/apache/hadoop/hadoop-auth/3.2.0/hadoop-auth-3.2.0.jar:/home/user/.m2/repository/com/nimbusds/nimbus-jose-jwt/4.41.1/nimbus-jose-jwt-4.41.1.jar:/home/user/.m2/repository/com/github/stephenc/jcip/jcip-annotations/1.0-1/jcip-annotations-1.0-1.jar:/home/user/.m2/repository/net/minidev/json-smart/2.3/json-smart-2.3.jar:/home/user/.m2/repository/net/minidev/accessors-smart/1.2/accessors-smart-1.2.jar:/home/user/.m2/repository/org/ow2/asm/asm/5.0.4/asm-5.0.4.jar:/home/user/.m2/repository/org/apache/curator/curator-framework/2.12.0/curator-framework-2.12.0.jar:/home/user/.m2/repository/com/sun/jersey/jersey-core/1.19/jersey-core-1.19.jar:/home/user/.m2/repository/javax/ws/rs/jsr311-api/1.1.1/jsr311-api-1.1.1.jar:/home/user/.m2/repository/com/sun/jersey/jersey-server/1.19/jersey-server-1.19.jar:/home/user/.m2/repository/javax/servlet/javax.servlet-api/3.1.0/javax.servlet-api-3.1.0.jar:/home/user/.m2/repository/org/eclipse/jetty/jetty-server/9.3.25.v20180904/jetty-server-9.3.25.v20180904.jar:/home/user/.m2/repository/org/eclipse/jetty/jetty-http/9.3.25.v20180904/jetty-http-9.3.25.v20180904.jar:/home/user/.m2/repository/org/eclipse/jetty/jetty-io/9.3.25.v20180904/jetty-io-9.3.25.v20180904.jar:/home/user/.m2/repository/org/eclipse/jetty/jetty-webapp/9.3.25.v20180904/jetty-webapp-9.3.25.v20180904.jar:/home/user/.m2/repository/org/eclipse/jetty/jetty-xml/9.3.25.v20180904/jetty-xml-9.3.25.v20180904.jar:/home/user/.m2/repository/log4j/log4j/1.2.17/log4j-1.2.17.jar:/home/user/.m2/repository/org/slf4j/slf4j-api/1.7.25/slf4j-api-1.7.25.jar:/home/user/.m2/repository/org/slf4j/jul-to-slf4j/1.7.25/jul-to-slf4j-1.7.25.jar:/home/user/.m2/repository/org/eclipse/jetty/jetty-util/9.3.25.v20180904/jetty-util-9.3.25.v20180904.jar:/home/user/.m2/repository/com/fasterxml/jackson/core/jackson-databind/2.9.9/jackson-databind-2.9.9.jar:/home/user/.m2/repository/org/apache/hadoop/hadoop-kms/3.2.0/hadoop-kms-3.2.0-tests.jar:/home/user/.m2/repository/org/apache/hadoop/hadoop-hdds-server-scm/0.5.0-SNAPSHOT/hadoop-hdds-server-scm-0.5.0-SNAPSHOT-tests.jar:/home/user/.m2/repository/org/apache/hadoop/hadoop-hdds-container-service/0.5.0-SNAPSHOT/hadoop-hdds-container-service-0.5.0-SNAPSHOT-tests.jar:/home/user/.m2/repository/org/yaml/snakeyaml/1.16/snakeyaml-1.16.jar:/home/user/.m2/repository/org/apache/hadoop/hadoop-common/3.2.0/hadoop-common-3.2.0-tests.jar:/home/user/.m2/repository/org/apache/hadoop/hadoop-annotations/3.2.0/hadoop-annotations-3.2.0.jar:/usr/lib/jvm/java-1.8-openjdk/jre/../lib/tools.jar:/home/user/.m2/repository/commons-cli/commons-cli/1.2/commons-cli-1.2.jar:/home/user/.m2/repository/org/apache/httpcomponents/httpclient/4.5.2/httpclient-4.5.2.jar:/home/user/.m2/repository/org/apache/httpcomponents/httpcore/4.4.4/httpcore-4.4.4.jar:/home/user/.m2/repository/commons-codec/commons-codec/1.11/commons-codec-1.11.jar:/home/user/.m2/repository/commons-net/commons-net/3.6/commons-net-3.6.jar:/home/user/.m2/repository/commons-collections/commons-collections/3.2.2/commons-collections-3.2.2.jar:/home/user/.m2/repository/org/eclipse/jetty/jetty-servlet/9.3.25.v20180904/jetty-servlet-9.3.25.v20180904.jar:/home/user/.m2/repository/org/eclipse/jetty/jetty-security/9.3.25.v20180904/jetty-security-9.3.25.v20180904.jar:/home/user/.m2/repository/javax/servlet/jsp/jsp-api/2.1/jsp-api-2.1.jar:/home/user/.m2/repository/com/sun/jersey/jersey-servlet/1.19/jersey-servlet-1.19.jar:/home/user/.m2/repository/com/sun/jersey/jersey-json/1.19/jersey-json-1.19.jar:/home/user/.m2/repository/org/codehaus/jettison/jettison/1.1/jettison-1.1.jar:/home/user/.m2/repository/org/codehaus/jackson/jackson-core-asl/1.9.13/jackson-core-asl-1.9.13.jar:/home/user/.m2/repository/org/codehaus/jackson/jackson-mapper-asl/1.9.13/jackson-mapper-asl-1.9.13.jar:/home/user/.m2/repository/org/codehaus/jackson/jackson-jaxrs/1.9.13/jackson-jaxrs-1.9.13.jar:/home/user/.m2/repository/org/codehaus/jackson/jackson-xc/1.9.13/jackson-xc-1.9.13.jar:/home/user/.m2/repository/commons-logging/commons-logging/1.1.3/commons-logging-1.1.3.jar:/home/user/.m2/repository/commons-beanutils/commons-beanutils/1.9.4/commons-beanutils-1.9.4.jar:/home/user/.m2/repository/org/apache/commons/commons-configuration2/2.1.1/commons-configuration2-2.1.1.jar:/home/user/.m2/repository/org/apache/commons/commons-lang3/3.7/commons-lang3-3.7.jar:/home/user/.m2/repository/org/apache/commons/commons-text/1.4/commons-text-1.4.jar:/home/user/.m2/repository/org/apache/avro/avro/1.7.7/avro-1.7.7.jar:/home/user/.m2/repository/com/thoughtworks/paranamer/paranamer/2.3/paranamer-2.3.jar:/home/user/.m2/repository/org/xerial/snappy/snappy-java/1.0.5/snappy-java-1.0.5.jar:/home/user/.m2/repository/com/google/re2j/re2j/1.1/re2j-1.1.jar:/home/user/.m2/repository/com/google/code/gson/gson/2.2.4/gson-2.2.4.jar:/home/user/.m2/repository/com/jcraft/jsch/0.1.54/jsch-0.1.54.jar:/home/user/.m2/repository/org/apache/curator/curator-client/2.12.0/curator-client-2.12.0.jar:/home/user/.m2/repository/org/apache/curator/curator-recipes/2.12.0/curator-recipes-2.12.0.jar:/home/user/.m2/repository/com/google/code/findbugs/jsr305/3.0.0/jsr305-3.0.0.jar:/home/user/.m2/repository/org/apache/htrace/htrace-core4/4.1.0-incubating/htrace-core4-4.1.0-incubating.jar:/home/user/.m2/repository/org/apache/zookeeper/zookeeper/3.4.13/zookeeper-3.4.13.jar:/home/user/.m2/repository/jline/jline/0.9.94/jline-0.9.94.jar:/home/user/.m2/repository/org/apache/yetus/audience-annotations/0.5.0/audience-annotations-0.5.0.jar:/home/user/.m2/repository/org/codehaus/woodstox/stax2-api/3.1.4/stax2-api-3.1.4.jar:/home/user/.m2/repository/com/fasterxml/woodstox/woodstox-core/5.0.3/woodstox-core-5.0.3.jar:/home/user/.m2/repository/dnsjava/dnsjava/2.1.7/dnsjava-2.1.7.jar:/home/user/.m2/repository/org/apache/hadoop/hadoop-hdfs/3.2.0/hadoop-hdfs-3.2.0-tests.jar:/home/user/.m2/repository/org/eclipse/jetty/jetty-util-ajax/9.3.25.v20180904/jetty-util-ajax-9.3.25.v20180904.jar:/home/user/.m2/repository/commons-daemon/commons-daemon/1.0.13/commons-daemon-1.0.13.jar:/home/user/.m2/repository/io/netty/netty/3.10.5.Final/netty-3.10.5.Final.jar:/home/user/.m2/repository/io/netty/netty-all/4.0.52.Final/netty-all-4.0.52.Final.jar:/home/user/.m2/repository/org/fusesource/leveldbjni/leveldbjni-all/1.8/leveldbjni-all-1.8.jar:"/>
    <property name="sun.cpu.endian" value="little"/>
    <property name="user.home" value="/home/user"/>
    <property name="user.language" value="en"/>
    <property name="java.specification.vendor" value="Oracle Corporation"/>
    <property name="java.home" value="/usr/lib/jvm/java-1.8-openjdk/jre"/>
    <property name="java.security.krb5.conf" value="/workdir/hadoop-ozone/integration-test/target/test-classes/krb5.conf"/>
    <property name="basedir" value="/workdir/hadoop-ozone/integration-test"/>
    <property name="file.separator" value="/"/>
    <property name="line.separator" value="&#10;"/>
    <property name="java.vm.specification.vendor" value="Oracle Corporation"/>
    <property name="java.specification.name" value="Java Platform API Specification"/>
    <property name="java.awt.graphicsenv" value="sun.awt.X11GraphicsEnvironment"/>
    <property name="surefire.real.class.path" value="/workdir/hadoop-ozone/integration-test/target/surefire/surefirebooter9180152981006112291.jar"/>
    <property name="hadoop.log.dir" value="/workdir/hadoop-ozone/integration-test/target/log"/>
    <property name="sun.boot.class.path" value="/usr/lib/jvm/java-1.8-openjdk/jre/lib/resources.jar:/usr/lib/jvm/java-1.8-openjdk/jre/lib/rt.jar:/usr/lib/jvm/java-1.8-openjdk/jre/lib/sunrsasign.jar:/usr/lib/jvm/java-1.8-openjdk/jre/lib/jsse.jar:/usr/lib/jvm/java-1.8-openjdk/jre/lib/jce.jar:/usr/lib/jvm/java-1.8-openjdk/jre/lib/charsets.jar:/usr/lib/jvm/java-1.8-openjdk/jre/lib/jfr.jar:/usr/lib/jvm/java-1.8-openjdk/jre/classes"/>
    <property name="sun.management.compiler" value="HotSpot 64-Bit Tiered Compilers"/>
    <property name="java.runtime.version" value="1.8.0_212-b04"/>
    <property name="java.net.preferIPv4Stack" value="true"/>
    <property name="user.name" value="jenkins1000"/>
    <property name="path.separator" value=":"/>
    <property name="java.security.egd" value="file:///dev/urandom"/>
    <property name="os.version" value="3.10.0-957.12.2.el7.x86_64"/>
    <property name="java.endorsed.dirs" value="/usr/lib/jvm/java-1.8-openjdk/jre/lib/endorsed"/>
    <property name="java.runtime.name" value="OpenJDK Runtime Environment"/>
    <property name="file.encoding" value="UTF-8"/>
    <property name="java.vm.name" value="OpenJDK 64-Bit Server VM"/>
    <property name="test.build.webapps" value=""/>
    <property name="localRepository" value="/home/user/.m2/repository"/>
    <property name="java.vendor.url.bug" value="https://icedtea.classpath.org/bugzilla"/>
    <property name="java.io.tmpdir" value="/tmp"/>
    <property name="require.test.libhadoop" value=""/>
    <property name="java.version" value="1.8.0_212"/>
    <property name="user.dir" value="/workdir/hadoop-ozone/integration-test"/>
    <property name="os.arch" value="amd64"/>
    <property name="java.vm.specification.name" value="Java Virtual Machine Specification"/>
    <property name="test.build.classes" value="/workdir/hadoop-ozone/integration-test/target/test-classes"/>
    <property name="java.awt.printerjob" value="sun.print.PSPrinterJob"/>
    <property name="sun.os.patch.level" value="unknown"/>
    <property name="hadoop.tmp.dir" value="/workdir/hadoop-ozone/integration-test/target/tmp"/>
    <property name="java.library.path" value="/usr/lib/jvm/java-1.8-openjdk/jre/lib/amd64/server:/usr/lib/jvm/java-1.8-openjdk/jre/lib/amd64:/usr/lib/jvm/java-1.8-openjdk/jre/../lib/amd64:/workdir/hadoop-ozone/integration-test/target/native/target/usr/local/lib:/workdir/hadoop-ozone/integration-test/../../hadoop-common-project/hadoop-common/target/native/target/usr/local/lib:/usr/java/packages/lib/amd64:/usr/lib64:/lib64:/lib:/usr/lib"/>
    <property name="java.vm.info" value="mixed mode"/>
    <property name="java.vendor" value="IcedTea"/>
    <property name="java.vm.version" value="25.212-b04"/>
    <property name="java.ext.dirs" value="/usr/lib/jvm/java-1.8-openjdk/jre/lib/ext:/usr/java/packages/lib/ext"/>
    <property name="sun.io.unicode.encoding" value="UnicodeLittle"/>
    <property name="java.class.version" value="52.0"/>
  </properties>
  <testcase name="testWatchForCommitWithKeyWrite" classname="org.apache.hadoop.ozone.client.rpc.TestWatchForCommit" time="82.09"/>
  <testcase name="testWatchForCommitWithSmallerTimeoutValue" classname="org.apache.hadoop.ozone.client.rpc.TestWatchForCommit" time="48.607"/>
  <testcase name="testWatchForCommitForRetryfailure" classname="org.apache.hadoop.ozone.client.rpc.TestWatchForCommit" time="76.386"/>
  <testcase name="testWatchForCommitForGroupMismatchException" classname="org.apache.hadoop.ozone.client.rpc.TestWatchForCommit" time="35.902"/>
  <testcase name="test2WayCommitForTimeoutException" classname="org.apache.hadoop.ozone.client.rpc.TestWatchForCommit" time="35.572">
    <error type="java.util.concurrent.TimeoutException">java.util.concurrent.TimeoutException
	at java.util.concurrent.CompletableFuture.timedGet(CompletableFuture.java:1771)
	at java.util.concurrent.CompletableFuture.get(CompletableFuture.java:1915)
	at org.apache.hadoop.hdds.scm.XceiverClientRatis.watchForCommit(XceiverClientRatis.java:283)
	at org.apache.hadoop.ozone.client.rpc.TestWatchForCommit.test2WayCommitForTimeoutException(TestWatchForCommit.java:391)
	at sun.reflect.NativeMethodAccessorImpl.invoke0(Native Method)
	at sun.reflect.NativeMethodAccessorImpl.invoke(NativeMethodAccessorImpl.java:62)
	at sun.reflect.DelegatingMethodAccessorImpl.invoke(DelegatingMethodAccessorImpl.java:43)
	at java.lang.reflect.Method.invoke(Method.java:498)
	at org.junit.runners.model.FrameworkMethod$1.runReflectiveCall(FrameworkMethod.java:47)
	at org.junit.internal.runners.model.ReflectiveCallable.run(ReflectiveCallable.java:12)
	at org.junit.runners.model.FrameworkMethod.invokeExplosively(FrameworkMethod.java:44)
	at org.junit.internal.runners.statements.InvokeMethod.evaluate(InvokeMethod.java:17)
	at org.junit.runners.ParentRunner.runLeaf(ParentRunner.java:271)
	at org.junit.runners.BlockJUnit4ClassRunner.runChild(BlockJUnit4ClassRunner.java:70)
	at org.junit.runners.BlockJUnit4ClassRunner.runChild(BlockJUnit4ClassRunner.java:50)
	at org.junit.runners.ParentRunner$3.run(ParentRunner.java:238)
	at org.junit.runners.ParentRunner$1.schedule(ParentRunner.java:63)
	at org.junit.runners.ParentRunner.runChildren(ParentRunner.java:236)
	at org.junit.runners.ParentRunner.access$000(ParentRunner.java:53)
	at org.junit.runners.ParentRunner$2.evaluate(ParentRunner.java:229)
	at org.junit.runners.ParentRunner.run(ParentRunner.java:309)
	at org.apache.maven.surefire.junit4.JUnit4Provider.execute(JUnit4Provider.java:365)
	at org.apache.maven.surefire.junit4.JUnit4Provider.executeWithRerun(JUnit4Provider.java:273)
	at org.apache.maven.surefire.junit4.JUnit4Provider.executeTestSet(JUnit4Provider.java:238)
	at org.apache.maven.surefire.junit4.JUnit4Provider.invoke(JUnit4Provider.java:159)
	at org.apache.maven.surefire.booter.ForkedBooter.invokeProviderInSameClassLoader(ForkedBooter.java:384)
	at org.apache.maven.surefire.booter.ForkedBooter.runSuitesInProcess(ForkedBooter.java:345)
	at org.apache.maven.surefire.booter.ForkedBooter.execute(ForkedBooter.java:126)
	at org.apache.maven.surefire.booter.ForkedBooter.main(ForkedBooter.java:418)
</error>
    <system-out><![CDATA[2019-10-09 22:47:13,098 [main] WARN  server.ServerUtils (ServerUtils.java:getScmDbDir(145)) - ozone.scm.db.dirs is not configured. We recommend adding this setting. Falling back to ozone.metadata.dirs instead.
2019-10-09 22:47:13,112 [main] WARN  server.ServerUtils (ServerUtils.java:getScmDbDir(145)) - ozone.scm.db.dirs is not configured. We recommend adding this setting. Falling back to ozone.metadata.dirs instead.
2019-10-09 22:47:13,113 [main] WARN  server.ServerUtils (ServerUtils.java:getScmDbDir(145)) - ozone.scm.db.dirs is not configured. We recommend adding this setting. Falling back to ozone.metadata.dirs instead.
2019-10-09 22:47:13,113 [main] INFO  db.DBStoreBuilder (DBStoreBuilder.java:addTable(117)) - using custom profile for table: deletedBlocks
2019-10-09 22:47:13,113 [main] INFO  db.DBStoreBuilder (DBStoreBuilder.java:processTables(168)) - Using default column profile:DBProfile.DISK for Table:deletedBlocks
2019-10-09 22:47:13,113 [main] INFO  db.DBStoreBuilder (DBStoreBuilder.java:addTable(117)) - using custom profile for table: validCerts
2019-10-09 22:47:13,114 [main] INFO  db.DBStoreBuilder (DBStoreBuilder.java:processTables(168)) - Using default column profile:DBProfile.DISK for Table:validCerts
2019-10-09 22:47:13,114 [main] INFO  db.DBStoreBuilder (DBStoreBuilder.java:addTable(117)) - using custom profile for table: revokedCerts
2019-10-09 22:47:13,114 [main] INFO  db.DBStoreBuilder (DBStoreBuilder.java:processTables(168)) - Using default column profile:DBProfile.DISK for Table:revokedCerts
2019-10-09 22:47:13,114 [main] INFO  db.DBStoreBuilder (DBStoreBuilder.java:addTable(117)) - using custom profile for table: default
2019-10-09 22:47:13,114 [main] INFO  db.DBStoreBuilder (DBStoreBuilder.java:processTables(174)) - Using default column profile:DBProfile.DISK for Table:default
2019-10-09 22:47:13,114 [main] INFO  db.DBStoreBuilder (DBStoreBuilder.java:getDbProfile(205)) - Using default options. DBProfile.DISK
2019-10-09 22:47:13,332 [main] INFO  net.NodeSchemaLoader (NodeSchemaLoader.java:loadSchemaFromFile(125)) - Loading file from sun.misc.CompoundEnumeration@5b29ab61
2019-10-09 22:47:13,332 [main] INFO  net.NodeSchemaLoader (NodeSchemaLoader.java:loadSchema(171)) - Loading network topology layer schema file
2019-10-09 22:47:13,336 [main] WARN  server.ServerUtils (ServerUtils.java:sanitizeUserArgs(70)) - ozone.scm.stale.node.interval value = 300000 is larger than max = 100000 based on the key value of ozone.scm.heartbeat.thread.interval, reset to the max value 100000.
2019-10-09 22:47:13,336 [main] WARN  server.ServerUtils (ServerUtils.java:sanitizeUserArgs(70)) - ozone.scm.stale.node.interval value = 300000 is larger than max = 100000 based on the key value of ozone.scm.heartbeat.thread.interval, reset to the max value 100000.
2019-10-09 22:47:13,336 [main] INFO  node.SCMNodeManager (SCMNodeManager.java:<init>(116)) - Entering startup safe mode.
2019-10-09 22:47:13,337 [main] INFO  algorithms.ContainerPlacementPolicyFactory (ContainerPlacementPolicyFactory.java:getPolicy(57)) - Create container placement policy of type org.apache.hadoop.hdds.scm.container.placement.algorithms.SCMContainerPlacementRandom
2019-10-09 22:47:13,337 [main] WARN  server.ServerUtils (ServerUtils.java:getScmDbDir(145)) - ozone.scm.db.dirs is not configured. We recommend adding this setting. Falling back to ozone.metadata.dirs instead.
2019-10-09 22:47:13,413 [main] INFO  pipeline.SCMPipelineManager (SCMPipelineManager.java:initializePipelineState(132)) - No pipeline exists in current db
2019-10-09 22:47:13,414 [main] WARN  server.ServerUtils (ServerUtils.java:getScmDbDir(145)) - ozone.scm.db.dirs is not configured. We recommend adding this setting. Falling back to ozone.metadata.dirs instead.
2019-10-09 22:47:13,466 [main] WARN  events.EventQueue (EventQueue.java:fireEvent(183)) - No event handler registered for event TypedEvent{payloadType=SafeModeStatus, name='SafeModeStatus'}
2019-10-09 22:47:13,466 [main] INFO  ipc.CallQueueManager (CallQueueManager.java:<init>(84)) - Using callQueue: class java.util.concurrent.LinkedBlockingQueue, queueCapacity: 2000, scheduler: class org.apache.hadoop.ipc.DefaultRpcScheduler, ipcBackoff: false.
2019-10-09 22:47:13,467 [Socket Reader #1 for port 45861] INFO  ipc.Server (Server.java:run(1074)) - Starting Socket Reader #1 for port 45861
2019-10-09 22:47:13,469 [main] INFO  ipc.CallQueueManager (CallQueueManager.java:<init>(84)) - Using callQueue: class java.util.concurrent.LinkedBlockingQueue, queueCapacity: 2000, scheduler: class org.apache.hadoop.ipc.DefaultRpcScheduler, ipcBackoff: false.
2019-10-09 22:47:13,470 [Socket Reader #1 for port 45620] INFO  ipc.Server (Server.java:run(1074)) - Starting Socket Reader #1 for port 45620
2019-10-09 22:47:13,473 [main] INFO  ipc.CallQueueManager (CallQueueManager.java:<init>(84)) - Using callQueue: class java.util.concurrent.LinkedBlockingQueue, queueCapacity: 2000, scheduler: class org.apache.hadoop.ipc.DefaultRpcScheduler, ipcBackoff: false.
2019-10-09 22:47:13,473 [Socket Reader #1 for port 36760] INFO  ipc.Server (Server.java:run(1074)) - Starting Socket Reader #1 for port 36760
2019-10-09 22:47:13,476 [main] INFO  hdfs.DFSUtil (DFSUtil.java:httpServerTemplateForNNAndJN(1641)) - Starting Web-server for scm at: http://0.0.0.0:0
2019-10-09 22:47:13,477 [main] INFO  server.AuthenticationFilter (AuthenticationFilter.java:constructSecretProvider(240)) - Unable to initialize FileSignerSecretProvider, falling back to use random secrets.
2019-10-09 22:47:13,478 [main] WARN  http.HttpRequestLog (HttpRequestLog.java:getRequestLog(97)) - Jetty request log can only be enabled using Log4j
2019-10-09 22:47:13,479 [main] INFO  http.HttpServer2 (HttpServer2.java:addGlobalFilter(975)) - Added global filter 'safety' (class=org.apache.hadoop.http.HttpServer2$QuotingInputFilter)
2019-10-09 22:47:13,479 [main] INFO  http.HttpServer2 (HttpServer2.java:addFilter(948)) - Added filter static_user_filter (class=org.apache.hadoop.http.lib.StaticUserWebFilter$StaticUserFilter) to context scm
2019-10-09 22:47:13,480 [main] INFO  http.HttpServer2 (HttpServer2.java:addFilter(958)) - Added filter static_user_filter (class=org.apache.hadoop.http.lib.StaticUserWebFilter$StaticUserFilter) to context logs
2019-10-09 22:47:13,480 [main] INFO  http.HttpServer2 (HttpServer2.java:addFilter(958)) - Added filter static_user_filter (class=org.apache.hadoop.http.lib.StaticUserWebFilter$StaticUserFilter) to context static
2019-10-09 22:47:13,481 [main] INFO  server.StorageContainerManager (StorageContainerManager.java:start(772)) - StorageContainerLocationProtocol RPC server is listening at /0.0.0.0:36760
2019-10-09 22:47:13,483 [main] WARN  impl.MetricsConfig (MetricsConfig.java:loadFirst(134)) - Cannot locate configuration: tried hadoop-metrics2-storagecontainermanager.properties,hadoop-metrics2.properties
2019-10-09 22:47:13,484 [main] INFO  impl.MetricsSystemImpl (MetricsSystemImpl.java:startTimer(374)) - Scheduled Metric snapshot period at 10 second(s).
2019-10-09 22:47:13,484 [main] INFO  impl.MetricsSystemImpl (MetricsSystemImpl.java:start(191)) - StorageContainerManager metrics system started
2019-10-09 22:47:13,603 [main] WARN  impl.MetricsSystemImpl (MetricsSystemImpl.java:register(276)) - Sink prometheus already exists!
2019-10-09 22:47:13,669 [main] INFO  server.SCMClientProtocolServer (SCMClientProtocolServer.java:start(159)) - RPC server for Client  is listening at /0.0.0.0:36760
2019-10-09 22:47:13,669 [IPC Server Responder] INFO  ipc.Server (Server.java:run(1314)) - IPC Server Responder: starting
2019-10-09 22:47:13,669 [IPC Server listener on 36760] INFO  ipc.Server (Server.java:run(1153)) - IPC Server listener on 36760: starting
2019-10-09 22:47:13,676 [main] INFO  server.StorageContainerManager (StorageContainerManager.java:start(782)) - ScmBlockLocationProtocol RPC server is listening at /0.0.0.0:45620
2019-10-09 22:47:13,676 [main] INFO  server.SCMBlockProtocolServer (SCMBlockProtocolServer.java:start(146)) - RPC server for Block Protocol is listening at /0.0.0.0:45620
2019-10-09 22:47:13,677 [IPC Server Responder] INFO  ipc.Server (Server.java:run(1314)) - IPC Server Responder: starting
2019-10-09 22:47:13,677 [IPC Server listener on 45620] INFO  ipc.Server (Server.java:run(1153)) - IPC Server listener on 45620: starting
2019-10-09 22:47:13,680 [main] INFO  server.StorageContainerManager (StorageContainerManager.java:start(786)) - ScmDatanodeProtocl RPC server is listening at /0.0.0.0:45861
2019-10-09 22:47:13,680 [main] INFO  server.SCMDatanodeProtocolServer (SCMDatanodeProtocolServer.java:start(169)) - RPC server for DataNodes is listening at /0.0.0.0:45861
2019-10-09 22:47:13,680 [IPC Server Responder] INFO  ipc.Server (Server.java:run(1314)) - IPC Server Responder: starting
2019-10-09 22:47:13,680 [IPC Server listener on 45861] INFO  ipc.Server (Server.java:run(1153)) - IPC Server listener on 45861: starting
2019-10-09 22:47:13,683 [main] INFO  http.HttpServer2 (HttpServer2.java:bindListener(1191)) - Jetty bound to port 37977
2019-10-09 22:47:13,683 [main] INFO  server.Server (Server.java:doStart(351)) - jetty-9.3.25.v20180904, build timestamp: 2018-09-04T21:11:46Z, git hash: 3ce520221d0240229c862b122d2b06c12a625732
2019-10-09 22:47:13,685 [main] INFO  handler.ContextHandler (ContextHandler.java:doStart(781)) - Started o.e.j.s.ServletContextHandler@7b14c61{/logs,file:///workdir/hadoop-ozone/integration-test/target/log,AVAILABLE}
2019-10-09 22:47:13,685 [main] INFO  handler.ContextHandler (ContextHandler.java:doStart(781)) - Started o.e.j.s.ServletContextHandler@5e599100{/static,file:///workdir/hadoop-ozone/integration-test/target/test-classes/webapps/static,AVAILABLE}
2019-10-09 22:47:13,689 [main] INFO  handler.ContextHandler (ContextHandler.java:doStart(781)) - Started o.e.j.w.WebAppContext@240f350a{/,file:///workdir/hadoop-ozone/integration-test/target/test-classes/webapps/scm/,AVAILABLE}{/scm}
2019-10-09 22:47:13,690 [main] INFO  server.AbstractConnector (AbstractConnector.java:doStart(278)) - Started ServerConnector@706f6d26{HTTP/1.1,[http/1.1]}{0.0.0.0:37977}
2019-10-09 22:47:13,690 [main] INFO  server.Server (Server.java:doStart(419)) - Started @243978ms
2019-10-09 22:47:13,690 [main] WARN  impl.MetricsSystemImpl (MetricsSystemImpl.java:register(276)) - Sink prometheus already exists!
2019-10-09 22:47:13,691 [main] INFO  server.BaseHttpServer (BaseHttpServer.java:updateConnectorAddress(215)) - HTTP server of SCM is listening at http://0.0.0.0:37977
2019-10-09 22:47:13,692 [main] WARN  server.ServerUtils (ServerUtils.java:getDBPath(222)) - ozone.om.db.dirs is not configured. We recommend adding this setting. Falling back to ozone.metadata.dirs instead.
2019-10-09 22:47:13,692 [org.apache.hadoop.util.JvmPauseMonitor$Monitor@6af65f29] INFO  util.JvmPauseMonitor (JvmPauseMonitor.java:run(188)) - Starting JVM pause monitor
2019-10-09 22:47:13,705 [main] INFO  ha.OMHANodeDetails (OMHANodeDetails.java:loadOMHAConfig(190)) - Configuration either no ozone.om.address set. Falling back to the default OM address /127.0.0.1:0
2019-10-09 22:47:13,706 [main] INFO  ha.OMHANodeDetails (OMHANodeDetails.java:getOMNodeDetails(220)) - OM Service ID is not set. Setting it to the default ID: omServiceIdDefault
2019-10-09 22:47:13,706 [main] WARN  server.ServerUtils (ServerUtils.java:getDBPath(222)) - ozone.om.db.dirs is not configured. We recommend adding this setting. Falling back to ozone.metadata.dirs instead.
2019-10-09 22:47:13,706 [main] WARN  server.ServerUtils (ServerUtils.java:getDBPath(222)) - ozone.om.db.dirs is not configured. We recommend adding this setting. Falling back to ozone.metadata.dirs instead.
2019-10-09 22:47:13,720 [main] WARN  server.ServerUtils (ServerUtils.java:getDBPath(222)) - ozone.om.db.dirs is not configured. We recommend adding this setting. Falling back to ozone.metadata.dirs instead.
2019-10-09 22:47:13,721 [main] INFO  db.DBStoreBuilder (DBStoreBuilder.java:addTable(117)) - using custom profile for table: userTable
2019-10-09 22:47:13,721 [main] INFO  db.DBStoreBuilder (DBStoreBuilder.java:processTables(168)) - Using default column profile:DBProfile.DISK for Table:userTable
2019-10-09 22:47:13,721 [main] INFO  db.DBStoreBuilder (DBStoreBuilder.java:addTable(117)) - using custom profile for table: volumeTable
2019-10-09 22:47:13,721 [main] INFO  db.DBStoreBuilder (DBStoreBuilder.java:processTables(168)) - Using default column profile:DBProfile.DISK for Table:volumeTable
2019-10-09 22:47:13,721 [main] INFO  db.DBStoreBuilder (DBStoreBuilder.java:addTable(117)) - using custom profile for table: bucketTable
2019-10-09 22:47:13,722 [main] INFO  db.DBStoreBuilder (DBStoreBuilder.java:processTables(168)) - Using default column profile:DBProfile.DISK for Table:bucketTable
2019-10-09 22:47:13,722 [main] INFO  db.DBStoreBuilder (DBStoreBuilder.java:addTable(117)) - using custom profile for table: keyTable
2019-10-09 22:47:13,722 [main] INFO  db.DBStoreBuilder (DBStoreBuilder.java:processTables(168)) - Using default column profile:DBProfile.DISK for Table:keyTable
2019-10-09 22:47:13,722 [main] INFO  db.DBStoreBuilder (DBStoreBuilder.java:addTable(117)) - using custom profile for table: deletedTable
2019-10-09 22:47:13,722 [main] INFO  db.DBStoreBuilder (DBStoreBuilder.java:processTables(168)) - Using default column profile:DBProfile.DISK for Table:deletedTable
2019-10-09 22:47:13,722 [main] INFO  db.DBStoreBuilder (DBStoreBuilder.java:addTable(117)) - using custom profile for table: openKeyTable
2019-10-09 22:47:13,722 [main] INFO  db.DBStoreBuilder (DBStoreBuilder.java:processTables(168)) - Using default column profile:DBProfile.DISK for Table:openKeyTable
2019-10-09 22:47:13,723 [main] INFO  db.DBStoreBuilder (DBStoreBuilder.java:addTable(117)) - using custom profile for table: s3Table
2019-10-09 22:47:13,723 [main] INFO  db.DBStoreBuilder (DBStoreBuilder.java:processTables(168)) - Using default column profile:DBProfile.DISK for Table:s3Table
2019-10-09 22:47:13,723 [main] INFO  db.DBStoreBuilder (DBStoreBuilder.java:addTable(117)) - using custom profile for table: multipartInfoTable
2019-10-09 22:47:13,723 [main] INFO  db.DBStoreBuilder (DBStoreBuilder.java:processTables(168)) - Using default column profile:DBProfile.DISK for Table:multipartInfoTable
2019-10-09 22:47:13,723 [main] INFO  db.DBStoreBuilder (DBStoreBuilder.java:addTable(117)) - using custom profile for table: dTokenTable
2019-10-09 22:47:13,723 [main] INFO  db.DBStoreBuilder (DBStoreBuilder.java:processTables(168)) - Using default column profile:DBProfile.DISK for Table:dTokenTable
2019-10-09 22:47:13,724 [main] INFO  db.DBStoreBuilder (DBStoreBuilder.java:addTable(117)) - using custom profile for table: s3SecretTable
2019-10-09 22:47:13,724 [main] INFO  db.DBStoreBuilder (DBStoreBuilder.java:processTables(168)) - Using default column profile:DBProfile.DISK for Table:s3SecretTable
2019-10-09 22:47:13,724 [main] INFO  db.DBStoreBuilder (DBStoreBuilder.java:addTable(117)) - using custom profile for table: prefixTable
2019-10-09 22:47:13,724 [main] INFO  db.DBStoreBuilder (DBStoreBuilder.java:processTables(168)) - Using default column profile:DBProfile.DISK for Table:prefixTable
2019-10-09 22:47:13,724 [main] INFO  db.DBStoreBuilder (DBStoreBuilder.java:addTable(117)) - using custom profile for table: default
2019-10-09 22:47:13,725 [main] INFO  db.DBStoreBuilder (DBStoreBuilder.java:processTables(174)) - Using default column profile:DBProfile.DISK for Table:default
2019-10-09 22:47:13,725 [main] INFO  db.DBStoreBuilder (DBStoreBuilder.java:getDbProfile(205)) - Using default options. DBProfile.DISK
2019-10-09 22:47:14,311 [main] INFO  ipc.CallQueueManager (CallQueueManager.java:<init>(84)) - Using callQueue: class java.util.concurrent.LinkedBlockingQueue, queueCapacity: 2000, scheduler: class org.apache.hadoop.ipc.DefaultRpcScheduler, ipcBackoff: false.
2019-10-09 22:47:14,312 [Socket Reader #1 for port 37755] INFO  ipc.Server (Server.java:run(1074)) - Starting Socket Reader #1 for port 37755
2019-10-09 22:47:14,328 [main] INFO  om.OzoneManager (OzoneManager.java:start(1069)) - OzoneManager RPC server is listening at localhost/127.0.0.1:37755
2019-10-09 22:47:14,328 [main] INFO  impl.MetricsSystemImpl (MetricsSystemImpl.java:init(158)) - OzoneManager metrics system started (again)
2019-10-09 22:47:14,331 [IPC Server Responder] INFO  ipc.Server (Server.java:run(1314)) - IPC Server Responder: starting
2019-10-09 22:47:14,331 [IPC Server listener on 37755] INFO  ipc.Server (Server.java:run(1153)) - IPC Server listener on 37755: starting
2019-10-09 22:47:14,335 [main] INFO  hdfs.DFSUtil (DFSUtil.java:httpServerTemplateForNNAndJN(1641)) - Starting Web-server for ozoneManager at: http://0.0.0.0:0
2019-10-09 22:47:14,337 [main] INFO  server.AuthenticationFilter (AuthenticationFilter.java:constructSecretProvider(240)) - Unable to initialize FileSignerSecretProvider, falling back to use random secrets.
2019-10-09 22:47:14,337 [main] WARN  http.HttpRequestLog (HttpRequestLog.java:getRequestLog(97)) - Jetty request log can only be enabled using Log4j
2019-10-09 22:47:14,338 [main] INFO  http.HttpServer2 (HttpServer2.java:addGlobalFilter(975)) - Added global filter 'safety' (class=org.apache.hadoop.http.HttpServer2$QuotingInputFilter)
2019-10-09 22:47:14,339 [main] INFO  http.HttpServer2 (HttpServer2.java:addFilter(948)) - Added filter static_user_filter (class=org.apache.hadoop.http.lib.StaticUserWebFilter$StaticUserFilter) to context ozoneManager
2019-10-09 22:47:14,339 [main] INFO  http.HttpServer2 (HttpServer2.java:addFilter(958)) - Added filter static_user_filter (class=org.apache.hadoop.http.lib.StaticUserWebFilter$StaticUserFilter) to context logs
2019-10-09 22:47:14,339 [main] INFO  http.HttpServer2 (HttpServer2.java:addFilter(958)) - Added filter static_user_filter (class=org.apache.hadoop.http.lib.StaticUserWebFilter$StaticUserFilter) to context static
2019-10-09 22:47:14,339 [main] INFO  http.HttpServer2 (HttpServer2.java:bindListener(1191)) - Jetty bound to port 37057
2019-10-09 22:47:14,340 [main] INFO  server.Server (Server.java:doStart(351)) - jetty-9.3.25.v20180904, build timestamp: 2018-09-04T21:11:46Z, git hash: 3ce520221d0240229c862b122d2b06c12a625732
2019-10-09 22:47:14,341 [main] INFO  handler.ContextHandler (ContextHandler.java:doStart(781)) - Started o.e.j.s.ServletContextHandler@153d6d74{/logs,file:///workdir/hadoop-ozone/integration-test/target/log,AVAILABLE}
2019-10-09 22:47:14,341 [main] INFO  handler.ContextHandler (ContextHandler.java:doStart(781)) - Started o.e.j.s.ServletContextHandler@299b9851{/static,file:///workdir/hadoop-ozone/integration-test/target/test-classes/webapps/static,AVAILABLE}
2019-10-09 22:47:14,346 [main] INFO  handler.ContextHandler (ContextHandler.java:doStart(781)) - Started o.e.j.w.WebAppContext@281b2dfd{/,file:///workdir/hadoop-ozone/integration-test/target/test-classes/webapps/ozoneManager/,AVAILABLE}{/ozoneManager}
2019-10-09 22:47:14,346 [main] INFO  server.AbstractConnector (AbstractConnector.java:doStart(278)) - Started ServerConnector@492be039{HTTP/1.1,[http/1.1]}{0.0.0.0:37057}
2019-10-09 22:47:14,348 [main] INFO  server.Server (Server.java:doStart(419)) - Started @244636ms
2019-10-09 22:47:14,348 [main] WARN  impl.MetricsSystemImpl (MetricsSystemImpl.java:register(276)) - Sink prometheus already exists!
2019-10-09 22:47:14,349 [main] INFO  server.BaseHttpServer (BaseHttpServer.java:updateConnectorAddress(215)) - HTTP server of OZONEMANAGER is listening at http://0.0.0.0:37057
2019-10-09 22:47:14,364 [main] INFO  impl.MetricsSystemImpl (MetricsSystemImpl.java:init(158)) - HddsDatanode metrics system started (again)
2019-10-09 22:47:14,370 [main] INFO  ozone.HddsDatanodeService (HddsDatanodeService.java:start(184)) - HddsDatanodeService host:pr-hdds-1868-7c4vz-2804340038 ip:192.168.164.207
2019-10-09 22:47:14,376 [main] INFO  volume.HddsVolume (HddsVolume.java:<init>(176)) - Creating Volume: /workdir/hadoop-ozone/integration-test/target/test-dir/MiniOzoneClusterImpl-15c48851-1477-4c83-b9be-6d3ca511f7f9/datanode-0/data/containers/hdds of  storage type : DISK and capacity : 1482555576320
2019-10-09 22:47:14,376 [main] INFO  volume.VolumeSet (VolumeSet.java:initializeVolumeSet(170)) - Added Volume : /workdir/hadoop-ozone/integration-test/target/test-dir/MiniOzoneClusterImpl-15c48851-1477-4c83-b9be-6d3ca511f7f9/datanode-0/data/containers/hdds to VolumeSet
2019-10-09 22:47:14,376 [main] INFO  volume.ThrottledAsyncChecker (ThrottledAsyncChecker.java:schedule(141)) - Scheduling a check for org.apache.hadoop.ozone.container.common.volume.HddsVolume@372f0a99
2019-10-09 22:47:14,378 [main] INFO  volume.HddsVolumeChecker (HddsVolumeChecker.java:checkAllVolumes(204)) - Scheduled health check for volume org.apache.hadoop.ozone.container.common.volume.HddsVolume@372f0a99
2019-10-09 22:47:14,393 [main] INFO  impl.RaftServerProxy (ConfUtils.java:logGet(43)) - raft.rpc.type = GRPC (default)
2019-10-09 22:47:14,393 [main] INFO  grpc.GrpcFactory (GrpcFactory.java:checkPooledByteBufAllocatorUseCacheForAllThreads(45)) - PERFORMANCE WARNING: useCacheForAllThreads is true that may cause Netty to create a lot garbage objects and, as a result, trigger GC.
	It is recommended to disable useCacheForAllThreads by setting -Dorg.apache.ratis.thirdparty.io.netty.allocator.useCacheForAllThreads=false in command line.
2019-10-09 22:47:14,393 [main] INFO  grpc.GrpcConfigKeys$Server (ConfUtils.java:logGet(43)) - raft.grpc.server.port = 0 (default)
2019-10-09 22:47:14,394 [main] INFO  server.GrpcService (ConfUtils.java:logGet(43)) - raft.grpc.message.size.max = 33570816 (custom)
2019-10-09 22:47:14,394 [main] INFO  server.RaftServerConfigKeys (ConfUtils.java:logGet(43)) - raft.server.log.appender.buffer.byte-limit = 33554432 (custom)
2019-10-09 22:47:14,394 [main] INFO  server.GrpcService (ConfUtils.java:logGet(43)) - raft.grpc.flow.control.window = 1MB (=1048576) (default)
2019-10-09 22:47:14,394 [main] INFO  server.RaftServerConfigKeys (ConfUtils.java:logGet(43)) - raft.server.rpc.request.timeout = 3000ms (default)
2019-10-09 22:47:14,395 [main] INFO  server.RaftServerConfigKeys (ConfUtils.java:logGet(43)) - raft.server.storage.dir = [/workdir/hadoop-ozone/integration-test/target/test-dir/MiniOzoneClusterImpl-15c48851-1477-4c83-b9be-6d3ca511f7f9/datanode-0/data/ratis] (custom)
2019-10-09 22:47:14,396 [main] INFO  hdfs.DFSUtil (DFSUtil.java:httpServerTemplateForNNAndJN(1641)) - Starting Web-server for hddsDatanode at: http://0.0.0.0:0
2019-10-09 22:47:14,397 [main] INFO  server.AuthenticationFilter (AuthenticationFilter.java:constructSecretProvider(240)) - Unable to initialize FileSignerSecretProvider, falling back to use random secrets.
2019-10-09 22:47:14,397 [main] WARN  http.HttpRequestLog (HttpRequestLog.java:getRequestLog(97)) - Jetty request log can only be enabled using Log4j
2019-10-09 22:47:14,399 [main] INFO  http.HttpServer2 (HttpServer2.java:addGlobalFilter(975)) - Added global filter 'safety' (class=org.apache.hadoop.http.HttpServer2$QuotingInputFilter)
2019-10-09 22:47:14,400 [main] INFO  http.HttpServer2 (HttpServer2.java:addFilter(948)) - Added filter static_user_filter (class=org.apache.hadoop.http.lib.StaticUserWebFilter$StaticUserFilter) to context hddsDatanode
2019-10-09 22:47:14,400 [main] INFO  http.HttpServer2 (HttpServer2.java:addFilter(958)) - Added filter static_user_filter (class=org.apache.hadoop.http.lib.StaticUserWebFilter$StaticUserFilter) to context logs
2019-10-09 22:47:14,400 [main] INFO  http.HttpServer2 (HttpServer2.java:addFilter(958)) - Added filter static_user_filter (class=org.apache.hadoop.http.lib.StaticUserWebFilter$StaticUserFilter) to context static
2019-10-09 22:47:14,401 [main] INFO  http.HttpServer2 (HttpServer2.java:bindListener(1191)) - Jetty bound to port 40410
2019-10-09 22:47:14,401 [main] INFO  server.Server (Server.java:doStart(351)) - jetty-9.3.25.v20180904, build timestamp: 2018-09-04T21:11:46Z, git hash: 3ce520221d0240229c862b122d2b06c12a625732
2019-10-09 22:47:14,403 [main] INFO  handler.ContextHandler (ContextHandler.java:doStart(781)) - Started o.e.j.s.ServletContextHandler@6da54910{/logs,file:///workdir/hadoop-ozone/integration-test/target/log,AVAILABLE}
2019-10-09 22:47:14,403 [main] INFO  handler.ContextHandler (ContextHandler.java:doStart(781)) - Started o.e.j.s.ServletContextHandler@24134cbc{/static,jar:file:/home/user/.m2/repository/org/apache/hadoop/hadoop-hdds-container-service/0.5.0-SNAPSHOT/hadoop-hdds-container-service-0.5.0-SNAPSHOT.jar!/webapps/static,AVAILABLE}
2019-10-09 22:47:14,432 [main] INFO  handler.ContextHandler (ContextHandler.java:doStart(781)) - Started o.e.j.w.WebAppContext@5fef0c19{/,file:///tmp/jetty-0.0.0.0-40410-hddsDatanode-_-any-1158732212114492029.dir/webapp/,AVAILABLE}{/hddsDatanode}
2019-10-09 22:47:14,432 [main] INFO  server.AbstractConnector (AbstractConnector.java:doStart(278)) - Started ServerConnector@2e6d76ba{HTTP/1.1,[http/1.1]}{0.0.0.0:40410}
2019-10-09 22:47:14,434 [main] INFO  server.Server (Server.java:doStart(419)) - Started @244722ms
2019-10-09 22:47:14,434 [main] WARN  impl.MetricsSystemImpl (MetricsSystemImpl.java:register(276)) - Sink prometheus already exists!
2019-10-09 22:47:14,435 [main] INFO  server.BaseHttpServer (BaseHttpServer.java:updateConnectorAddress(215)) - HTTP server of HDDSDATANODE is listening at http://0.0.0.0:40410
2019-10-09 22:47:14,435 [main] INFO  impl.MetricsSystemImpl (MetricsSystemImpl.java:init(158)) - HddsDatanode metrics system started (again)
2019-10-09 22:47:14,439 [org.apache.hadoop.util.JvmPauseMonitor$Monitor@36aafbf7] INFO  util.JvmPauseMonitor (JvmPauseMonitor.java:run(188)) - Starting JVM pause monitor
2019-10-09 22:47:14,440 [main] INFO  ozone.HddsDatanodeService (HddsDatanodeService.java:start(184)) - HddsDatanodeService host:pr-hdds-1868-7c4vz-2804340038 ip:192.168.164.207
2019-10-09 22:47:14,441 [Datanode State Machine Thread - 0] INFO  datanode.InitDatanodeState (InitDatanodeState.java:persistContainerDatanodeDetails(140)) - DatanodeDetails is persisted to /workdir/hadoop-ozone/integration-test/target/test-dir/MiniOzoneClusterImpl-15c48851-1477-4c83-b9be-6d3ca511f7f9/datanode-0/meta/datanode.id
2019-10-09 22:47:14,445 [main] INFO  volume.HddsVolume (HddsVolume.java:<init>(176)) - Creating Volume: /workdir/hadoop-ozone/integration-test/target/test-dir/MiniOzoneClusterImpl-15c48851-1477-4c83-b9be-6d3ca511f7f9/datanode-1/data/containers/hdds of  storage type : DISK and capacity : 1482555576320
2019-10-09 22:47:14,446 [main] INFO  volume.VolumeSet (VolumeSet.java:initializeVolumeSet(170)) - Added Volume : /workdir/hadoop-ozone/integration-test/target/test-dir/MiniOzoneClusterImpl-15c48851-1477-4c83-b9be-6d3ca511f7f9/datanode-1/data/containers/hdds to VolumeSet
2019-10-09 22:47:14,446 [main] INFO  volume.ThrottledAsyncChecker (ThrottledAsyncChecker.java:schedule(141)) - Scheduling a check for org.apache.hadoop.ozone.container.common.volume.HddsVolume@50598a1a
2019-10-09 22:47:14,446 [main] INFO  volume.HddsVolumeChecker (HddsVolumeChecker.java:checkAllVolumes(204)) - Scheduled health check for volume org.apache.hadoop.ozone.container.common.volume.HddsVolume@50598a1a
2019-10-09 22:47:14,461 [main] INFO  impl.RaftServerProxy (ConfUtils.java:logGet(43)) - raft.rpc.type = GRPC (default)
2019-10-09 22:47:14,461 [main] INFO  grpc.GrpcFactory (GrpcFactory.java:checkPooledByteBufAllocatorUseCacheForAllThreads(45)) - PERFORMANCE WARNING: useCacheForAllThreads is true that may cause Netty to create a lot garbage objects and, as a result, trigger GC.
	It is recommended to disable useCacheForAllThreads by setting -Dorg.apache.ratis.thirdparty.io.netty.allocator.useCacheForAllThreads=false in command line.
2019-10-09 22:47:14,461 [main] INFO  grpc.GrpcConfigKeys$Server (ConfUtils.java:logGet(43)) - raft.grpc.server.port = 0 (default)
2019-10-09 22:47:14,462 [main] INFO  server.GrpcService (ConfUtils.java:logGet(43)) - raft.grpc.message.size.max = 33570816 (custom)
2019-10-09 22:47:14,462 [main] INFO  server.RaftServerConfigKeys (ConfUtils.java:logGet(43)) - raft.server.log.appender.buffer.byte-limit = 33554432 (custom)
2019-10-09 22:47:14,462 [main] INFO  server.GrpcService (ConfUtils.java:logGet(43)) - raft.grpc.flow.control.window = 1MB (=1048576) (default)
2019-10-09 22:47:14,462 [main] INFO  server.RaftServerConfigKeys (ConfUtils.java:logGet(43)) - raft.server.rpc.request.timeout = 3000ms (default)
2019-10-09 22:47:14,463 [main] INFO  server.RaftServerConfigKeys (ConfUtils.java:logGet(43)) - raft.server.storage.dir = [/workdir/hadoop-ozone/integration-test/target/test-dir/MiniOzoneClusterImpl-15c48851-1477-4c83-b9be-6d3ca511f7f9/datanode-1/data/ratis] (custom)
2019-10-09 22:47:14,464 [main] INFO  hdfs.DFSUtil (DFSUtil.java:httpServerTemplateForNNAndJN(1641)) - Starting Web-server for hddsDatanode at: http://0.0.0.0:0
2019-10-09 22:47:14,465 [main] INFO  server.AuthenticationFilter (AuthenticationFilter.java:constructSecretProvider(240)) - Unable to initialize FileSignerSecretProvider, falling back to use random secrets.
2019-10-09 22:47:14,465 [main] WARN  http.HttpRequestLog (HttpRequestLog.java:getRequestLog(97)) - Jetty request log can only be enabled using Log4j
2019-10-09 22:47:14,467 [main] INFO  http.HttpServer2 (HttpServer2.java:addGlobalFilter(975)) - Added global filter 'safety' (class=org.apache.hadoop.http.HttpServer2$QuotingInputFilter)
2019-10-09 22:47:14,467 [main] INFO  http.HttpServer2 (HttpServer2.java:addFilter(948)) - Added filter static_user_filter (class=org.apache.hadoop.http.lib.StaticUserWebFilter$StaticUserFilter) to context hddsDatanode
2019-10-09 22:47:14,468 [main] INFO  http.HttpServer2 (HttpServer2.java:addFilter(958)) - Added filter static_user_filter (class=org.apache.hadoop.http.lib.StaticUserWebFilter$StaticUserFilter) to context logs
2019-10-09 22:47:14,468 [main] INFO  http.HttpServer2 (HttpServer2.java:addFilter(958)) - Added filter static_user_filter (class=org.apache.hadoop.http.lib.StaticUserWebFilter$StaticUserFilter) to context static
2019-10-09 22:47:14,468 [main] INFO  http.HttpServer2 (HttpServer2.java:bindListener(1191)) - Jetty bound to port 34087
2019-10-09 22:47:14,469 [main] INFO  server.Server (Server.java:doStart(351)) - jetty-9.3.25.v20180904, build timestamp: 2018-09-04T21:11:46Z, git hash: 3ce520221d0240229c862b122d2b06c12a625732
2019-10-09 22:47:14,470 [main] INFO  handler.ContextHandler (ContextHandler.java:doStart(781)) - Started o.e.j.s.ServletContextHandler@8b13d91{/logs,file:///workdir/hadoop-ozone/integration-test/target/log,AVAILABLE}
2019-10-09 22:47:14,471 [main] INFO  handler.ContextHandler (ContextHandler.java:doStart(781)) - Started o.e.j.s.ServletContextHandler@2589d787{/static,jar:file:/home/user/.m2/repository/org/apache/hadoop/hadoop-hdds-container-service/0.5.0-SNAPSHOT/hadoop-hdds-container-service-0.5.0-SNAPSHOT.jar!/webapps/static,AVAILABLE}
2019-10-09 22:47:14,507 [main] INFO  handler.ContextHandler (ContextHandler.java:doStart(781)) - Started o.e.j.w.WebAppContext@6cbb7a7d{/,file:///tmp/jetty-0.0.0.0-34087-hddsDatanode-_-any-2035922803574845866.dir/webapp/,AVAILABLE}{/hddsDatanode}
2019-10-09 22:47:14,508 [main] INFO  server.AbstractConnector (AbstractConnector.java:doStart(278)) - Started ServerConnector@cdb3c85{HTTP/1.1,[http/1.1]}{0.0.0.0:34087}
2019-10-09 22:47:14,509 [main] INFO  server.Server (Server.java:doStart(419)) - Started @244798ms
2019-10-09 22:47:14,510 [main] WARN  impl.MetricsSystemImpl (MetricsSystemImpl.java:register(276)) - Sink prometheus already exists!
2019-10-09 22:47:14,510 [main] INFO  server.BaseHttpServer (BaseHttpServer.java:updateConnectorAddress(215)) - HTTP server of HDDSDATANODE is listening at http://0.0.0.0:34087
2019-10-09 22:47:14,511 [main] INFO  impl.MetricsSystemImpl (MetricsSystemImpl.java:init(158)) - HddsDatanode metrics system started (again)
2019-10-09 22:47:14,516 [org.apache.hadoop.util.JvmPauseMonitor$Monitor@6fd4b3cb] INFO  util.JvmPauseMonitor (JvmPauseMonitor.java:run(188)) - Starting JVM pause monitor
2019-10-09 22:47:14,517 [main] INFO  ozone.HddsDatanodeService (HddsDatanodeService.java:start(184)) - HddsDatanodeService host:pr-hdds-1868-7c4vz-2804340038 ip:192.168.164.207
2019-10-09 22:47:14,517 [Datanode State Machine Thread - 0] INFO  datanode.InitDatanodeState (InitDatanodeState.java:persistContainerDatanodeDetails(140)) - DatanodeDetails is persisted to /workdir/hadoop-ozone/integration-test/target/test-dir/MiniOzoneClusterImpl-15c48851-1477-4c83-b9be-6d3ca511f7f9/datanode-1/meta/datanode.id
2019-10-09 22:47:14,525 [main] INFO  volume.HddsVolume (HddsVolume.java:<init>(176)) - Creating Volume: /workdir/hadoop-ozone/integration-test/target/test-dir/MiniOzoneClusterImpl-15c48851-1477-4c83-b9be-6d3ca511f7f9/datanode-2/data/containers/hdds of  storage type : DISK and capacity : 1482555576320
2019-10-09 22:47:14,525 [main] INFO  volume.VolumeSet (VolumeSet.java:initializeVolumeSet(170)) - Added Volume : /workdir/hadoop-ozone/integration-test/target/test-dir/MiniOzoneClusterImpl-15c48851-1477-4c83-b9be-6d3ca511f7f9/datanode-2/data/containers/hdds to VolumeSet
2019-10-09 22:47:14,525 [main] INFO  volume.ThrottledAsyncChecker (ThrottledAsyncChecker.java:schedule(141)) - Scheduling a check for org.apache.hadoop.ozone.container.common.volume.HddsVolume@34279b8a
2019-10-09 22:47:14,526 [main] INFO  volume.HddsVolumeChecker (HddsVolumeChecker.java:checkAllVolumes(204)) - Scheduled health check for volume org.apache.hadoop.ozone.container.common.volume.HddsVolume@34279b8a
2019-10-09 22:47:14,542 [main] INFO  impl.RaftServerProxy (ConfUtils.java:logGet(43)) - raft.rpc.type = GRPC (default)
2019-10-09 22:47:14,542 [main] INFO  grpc.GrpcFactory (GrpcFactory.java:checkPooledByteBufAllocatorUseCacheForAllThreads(45)) - PERFORMANCE WARNING: useCacheForAllThreads is true that may cause Netty to create a lot garbage objects and, as a result, trigger GC.
	It is recommended to disable useCacheForAllThreads by setting -Dorg.apache.ratis.thirdparty.io.netty.allocator.useCacheForAllThreads=false in command line.
2019-10-09 22:47:14,543 [main] INFO  grpc.GrpcConfigKeys$Server (ConfUtils.java:logGet(43)) - raft.grpc.server.port = 0 (default)
2019-10-09 22:47:14,543 [main] INFO  server.GrpcService (ConfUtils.java:logGet(43)) - raft.grpc.message.size.max = 33570816 (custom)
2019-10-09 22:47:14,543 [main] INFO  server.RaftServerConfigKeys (ConfUtils.java:logGet(43)) - raft.server.log.appender.buffer.byte-limit = 33554432 (custom)
2019-10-09 22:47:14,543 [main] INFO  server.GrpcService (ConfUtils.java:logGet(43)) - raft.grpc.flow.control.window = 1MB (=1048576) (default)
2019-10-09 22:47:14,544 [main] INFO  server.RaftServerConfigKeys (ConfUtils.java:logGet(43)) - raft.server.rpc.request.timeout = 3000ms (default)
2019-10-09 22:47:14,544 [main] INFO  server.RaftServerConfigKeys (ConfUtils.java:logGet(43)) - raft.server.storage.dir = [/workdir/hadoop-ozone/integration-test/target/test-dir/MiniOzoneClusterImpl-15c48851-1477-4c83-b9be-6d3ca511f7f9/datanode-2/data/ratis] (custom)
2019-10-09 22:47:14,546 [main] INFO  hdfs.DFSUtil (DFSUtil.java:httpServerTemplateForNNAndJN(1641)) - Starting Web-server for hddsDatanode at: http://0.0.0.0:0
2019-10-09 22:47:14,547 [main] INFO  server.AuthenticationFilter (AuthenticationFilter.java:constructSecretProvider(240)) - Unable to initialize FileSignerSecretProvider, falling back to use random secrets.
2019-10-09 22:47:14,547 [main] WARN  http.HttpRequestLog (HttpRequestLog.java:getRequestLog(97)) - Jetty request log can only be enabled using Log4j
2019-10-09 22:47:14,549 [main] INFO  http.HttpServer2 (HttpServer2.java:addGlobalFilter(975)) - Added global filter 'safety' (class=org.apache.hadoop.http.HttpServer2$QuotingInputFilter)
2019-10-09 22:47:14,550 [main] INFO  http.HttpServer2 (HttpServer2.java:addFilter(948)) - Added filter static_user_filter (class=org.apache.hadoop.http.lib.StaticUserWebFilter$StaticUserFilter) to context hddsDatanode
2019-10-09 22:47:14,550 [main] INFO  http.HttpServer2 (HttpServer2.java:addFilter(958)) - Added filter static_user_filter (class=org.apache.hadoop.http.lib.StaticUserWebFilter$StaticUserFilter) to context static
2019-10-09 22:47:14,550 [main] INFO  http.HttpServer2 (HttpServer2.java:addFilter(958)) - Added filter static_user_filter (class=org.apache.hadoop.http.lib.StaticUserWebFilter$StaticUserFilter) to context logs
2019-10-09 22:47:14,551 [main] INFO  http.HttpServer2 (HttpServer2.java:bindListener(1191)) - Jetty bound to port 43894
2019-10-09 22:47:14,551 [main] INFO  server.Server (Server.java:doStart(351)) - jetty-9.3.25.v20180904, build timestamp: 2018-09-04T21:11:46Z, git hash: 3ce520221d0240229c862b122d2b06c12a625732
2019-10-09 22:47:14,552 [main] INFO  handler.ContextHandler (ContextHandler.java:doStart(781)) - Started o.e.j.s.ServletContextHandler@69a40b3c{/logs,file:///workdir/hadoop-ozone/integration-test/target/log,AVAILABLE}
2019-10-09 22:47:14,553 [main] INFO  handler.ContextHandler (ContextHandler.java:doStart(781)) - Started o.e.j.s.ServletContextHandler@6629643d{/static,jar:file:/home/user/.m2/repository/org/apache/hadoop/hadoop-hdds-container-service/0.5.0-SNAPSHOT/hadoop-hdds-container-service-0.5.0-SNAPSHOT.jar!/webapps/static,AVAILABLE}
2019-10-09 22:47:14,579 [main] INFO  handler.ContextHandler (ContextHandler.java:doStart(781)) - Started o.e.j.w.WebAppContext@2725ca05{/,file:///tmp/jetty-0.0.0.0-43894-hddsDatanode-_-any-4474781986450769611.dir/webapp/,AVAILABLE}{/hddsDatanode}
2019-10-09 22:47:14,580 [main] INFO  server.AbstractConnector (AbstractConnector.java:doStart(278)) - Started ServerConnector@7b9088f2{HTTP/1.1,[http/1.1]}{0.0.0.0:43894}
2019-10-09 22:47:14,582 [main] INFO  server.Server (Server.java:doStart(419)) - Started @244870ms
2019-10-09 22:47:14,582 [main] WARN  impl.MetricsSystemImpl (MetricsSystemImpl.java:register(276)) - Sink prometheus already exists!
2019-10-09 22:47:14,582 [main] INFO  server.BaseHttpServer (BaseHttpServer.java:updateConnectorAddress(215)) - HTTP server of HDDSDATANODE is listening at http://0.0.0.0:43894
2019-10-09 22:47:14,583 [main] INFO  impl.MetricsSystemImpl (MetricsSystemImpl.java:init(158)) - HddsDatanode metrics system started (again)
2019-10-09 22:47:14,588 [org.apache.hadoop.util.JvmPauseMonitor$Monitor@5d9e0829] INFO  util.JvmPauseMonitor (JvmPauseMonitor.java:run(188)) - Starting JVM pause monitor
2019-10-09 22:47:14,589 [main] INFO  ozone.HddsDatanodeService (HddsDatanodeService.java:start(184)) - HddsDatanodeService host:pr-hdds-1868-7c4vz-2804340038 ip:192.168.164.207
2019-10-09 22:47:14,589 [Datanode State Machine Thread - 0] INFO  datanode.InitDatanodeState (InitDatanodeState.java:persistContainerDatanodeDetails(140)) - DatanodeDetails is persisted to /workdir/hadoop-ozone/integration-test/target/test-dir/MiniOzoneClusterImpl-15c48851-1477-4c83-b9be-6d3ca511f7f9/datanode-2/meta/datanode.id
2019-10-09 22:47:14,595 [main] INFO  volume.HddsVolume (HddsVolume.java:<init>(176)) - Creating Volume: /workdir/hadoop-ozone/integration-test/target/test-dir/MiniOzoneClusterImpl-15c48851-1477-4c83-b9be-6d3ca511f7f9/datanode-3/data/containers/hdds of  storage type : DISK and capacity : 1482555576320
2019-10-09 22:47:14,595 [main] INFO  volume.VolumeSet (VolumeSet.java:initializeVolumeSet(170)) - Added Volume : /workdir/hadoop-ozone/integration-test/target/test-dir/MiniOzoneClusterImpl-15c48851-1477-4c83-b9be-6d3ca511f7f9/datanode-3/data/containers/hdds to VolumeSet
2019-10-09 22:47:14,596 [main] INFO  volume.ThrottledAsyncChecker (ThrottledAsyncChecker.java:schedule(141)) - Scheduling a check for org.apache.hadoop.ozone.container.common.volume.HddsVolume@6ac45c0c
2019-10-09 22:47:14,596 [main] INFO  volume.HddsVolumeChecker (HddsVolumeChecker.java:checkAllVolumes(204)) - Scheduled health check for volume org.apache.hadoop.ozone.container.common.volume.HddsVolume@6ac45c0c
2019-10-09 22:47:14,613 [main] INFO  impl.RaftServerProxy (ConfUtils.java:logGet(43)) - raft.rpc.type = GRPC (default)
2019-10-09 22:47:14,613 [main] INFO  grpc.GrpcFactory (GrpcFactory.java:checkPooledByteBufAllocatorUseCacheForAllThreads(45)) - PERFORMANCE WARNING: useCacheForAllThreads is true that may cause Netty to create a lot garbage objects and, as a result, trigger GC.
	It is recommended to disable useCacheForAllThreads by setting -Dorg.apache.ratis.thirdparty.io.netty.allocator.useCacheForAllThreads=false in command line.
2019-10-09 22:47:14,613 [main] INFO  grpc.GrpcConfigKeys$Server (ConfUtils.java:logGet(43)) - raft.grpc.server.port = 0 (default)
2019-10-09 22:47:14,614 [main] INFO  server.GrpcService (ConfUtils.java:logGet(43)) - raft.grpc.message.size.max = 33570816 (custom)
2019-10-09 22:47:14,614 [main] INFO  server.RaftServerConfigKeys (ConfUtils.java:logGet(43)) - raft.server.log.appender.buffer.byte-limit = 33554432 (custom)
2019-10-09 22:47:14,614 [main] INFO  server.GrpcService (ConfUtils.java:logGet(43)) - raft.grpc.flow.control.window = 1MB (=1048576) (default)
2019-10-09 22:47:14,614 [main] INFO  server.RaftServerConfigKeys (ConfUtils.java:logGet(43)) - raft.server.rpc.request.timeout = 3000ms (default)
2019-10-09 22:47:14,615 [main] INFO  server.RaftServerConfigKeys (ConfUtils.java:logGet(43)) - raft.server.storage.dir = [/workdir/hadoop-ozone/integration-test/target/test-dir/MiniOzoneClusterImpl-15c48851-1477-4c83-b9be-6d3ca511f7f9/datanode-3/data/ratis] (custom)
2019-10-09 22:47:14,616 [main] INFO  hdfs.DFSUtil (DFSUtil.java:httpServerTemplateForNNAndJN(1641)) - Starting Web-server for hddsDatanode at: http://0.0.0.0:0
2019-10-09 22:47:14,618 [main] INFO  server.AuthenticationFilter (AuthenticationFilter.java:constructSecretProvider(240)) - Unable to initialize FileSignerSecretProvider, falling back to use random secrets.
2019-10-09 22:47:14,618 [main] WARN  http.HttpRequestLog (HttpRequestLog.java:getRequestLog(97)) - Jetty request log can only be enabled using Log4j
2019-10-09 22:47:14,620 [main] INFO  http.HttpServer2 (HttpServer2.java:addGlobalFilter(975)) - Added global filter 'safety' (class=org.apache.hadoop.http.HttpServer2$QuotingInputFilter)
2019-10-09 22:47:14,620 [main] INFO  http.HttpServer2 (HttpServer2.java:addFilter(948)) - Added filter static_user_filter (class=org.apache.hadoop.http.lib.StaticUserWebFilter$StaticUserFilter) to context hddsDatanode
2019-10-09 22:47:14,621 [main] INFO  http.HttpServer2 (HttpServer2.java:addFilter(958)) - Added filter static_user_filter (class=org.apache.hadoop.http.lib.StaticUserWebFilter$StaticUserFilter) to context logs
2019-10-09 22:47:14,621 [main] INFO  http.HttpServer2 (HttpServer2.java:addFilter(958)) - Added filter static_user_filter (class=org.apache.hadoop.http.lib.StaticUserWebFilter$StaticUserFilter) to context static
2019-10-09 22:47:14,622 [main] INFO  http.HttpServer2 (HttpServer2.java:bindListener(1191)) - Jetty bound to port 38309
2019-10-09 22:47:14,622 [main] INFO  server.Server (Server.java:doStart(351)) - jetty-9.3.25.v20180904, build timestamp: 2018-09-04T21:11:46Z, git hash: 3ce520221d0240229c862b122d2b06c12a625732
2019-10-09 22:47:14,623 [main] INFO  handler.ContextHandler (ContextHandler.java:doStart(781)) - Started o.e.j.s.ServletContextHandler@7d59e968{/logs,file:///workdir/hadoop-ozone/integration-test/target/log,AVAILABLE}
2019-10-09 22:47:14,624 [main] INFO  handler.ContextHandler (ContextHandler.java:doStart(781)) - Started o.e.j.s.ServletContextHandler@581c9bb7{/static,jar:file:/home/user/.m2/repository/org/apache/hadoop/hadoop-hdds-container-service/0.5.0-SNAPSHOT/hadoop-hdds-container-service-0.5.0-SNAPSHOT.jar!/webapps/static,AVAILABLE}
2019-10-09 22:47:14,651 [main] INFO  handler.ContextHandler (ContextHandler.java:doStart(781)) - Started o.e.j.w.WebAppContext@28b8f98a{/,file:///tmp/jetty-0.0.0.0-38309-hddsDatanode-_-any-1672297689074488721.dir/webapp/,AVAILABLE}{/hddsDatanode}
2019-10-09 22:47:14,652 [main] INFO  server.AbstractConnector (AbstractConnector.java:doStart(278)) - Started ServerConnector@3b4ef59f{HTTP/1.1,[http/1.1]}{0.0.0.0:38309}
2019-10-09 22:47:14,654 [main] INFO  server.Server (Server.java:doStart(419)) - Started @244942ms
2019-10-09 22:47:14,654 [main] WARN  impl.MetricsSystemImpl (MetricsSystemImpl.java:register(276)) - Sink prometheus already exists!
2019-10-09 22:47:14,655 [main] INFO  server.BaseHttpServer (BaseHttpServer.java:updateConnectorAddress(215)) - HTTP server of HDDSDATANODE is listening at http://0.0.0.0:38309
2019-10-09 22:47:14,655 [main] INFO  impl.MetricsSystemImpl (MetricsSystemImpl.java:init(158)) - HddsDatanode metrics system started (again)
2019-10-09 22:47:14,661 [org.apache.hadoop.util.JvmPauseMonitor$Monitor@6dc1dd21] INFO  util.JvmPauseMonitor (JvmPauseMonitor.java:run(188)) - Starting JVM pause monitor
2019-10-09 22:47:14,662 [Datanode State Machine Thread - 0] INFO  datanode.InitDatanodeState (InitDatanodeState.java:persistContainerDatanodeDetails(140)) - DatanodeDetails is persisted to /workdir/hadoop-ozone/integration-test/target/test-dir/MiniOzoneClusterImpl-15c48851-1477-4c83-b9be-6d3ca511f7f9/datanode-3/meta/datanode.id
2019-10-09 22:47:14,663 [main] INFO  ozone.HddsDatanodeService (HddsDatanodeService.java:start(184)) - HddsDatanodeService host:pr-hdds-1868-7c4vz-2804340038 ip:192.168.164.207
2019-10-09 22:47:14,669 [main] INFO  volume.HddsVolume (HddsVolume.java:<init>(176)) - Creating Volume: /workdir/hadoop-ozone/integration-test/target/test-dir/MiniOzoneClusterImpl-15c48851-1477-4c83-b9be-6d3ca511f7f9/datanode-4/data/containers/hdds of  storage type : DISK and capacity : 1482555576320
2019-10-09 22:47:14,670 [main] INFO  volume.VolumeSet (VolumeSet.java:initializeVolumeSet(170)) - Added Volume : /workdir/hadoop-ozone/integration-test/target/test-dir/MiniOzoneClusterImpl-15c48851-1477-4c83-b9be-6d3ca511f7f9/datanode-4/data/containers/hdds to VolumeSet
2019-10-09 22:47:14,670 [main] INFO  volume.ThrottledAsyncChecker (ThrottledAsyncChecker.java:schedule(141)) - Scheduling a check for org.apache.hadoop.ozone.container.common.volume.HddsVolume@5eb87338
2019-10-09 22:47:14,670 [main] INFO  volume.HddsVolumeChecker (HddsVolumeChecker.java:checkAllVolumes(204)) - Scheduled health check for volume org.apache.hadoop.ozone.container.common.volume.HddsVolume@5eb87338
2019-10-09 22:47:14,685 [main] INFO  impl.RaftServerProxy (ConfUtils.java:logGet(43)) - raft.rpc.type = GRPC (default)
2019-10-09 22:47:14,685 [main] INFO  grpc.GrpcFactory (GrpcFactory.java:checkPooledByteBufAllocatorUseCacheForAllThreads(45)) - PERFORMANCE WARNING: useCacheForAllThreads is true that may cause Netty to create a lot garbage objects and, as a result, trigger GC.
	It is recommended to disable useCacheForAllThreads by setting -Dorg.apache.ratis.thirdparty.io.netty.allocator.useCacheForAllThreads=false in command line.
2019-10-09 22:47:14,685 [main] INFO  grpc.GrpcConfigKeys$Server (ConfUtils.java:logGet(43)) - raft.grpc.server.port = 0 (default)
2019-10-09 22:47:14,685 [main] INFO  server.GrpcService (ConfUtils.java:logGet(43)) - raft.grpc.message.size.max = 33570816 (custom)
2019-10-09 22:47:14,685 [main] INFO  server.RaftServerConfigKeys (ConfUtils.java:logGet(43)) - raft.server.log.appender.buffer.byte-limit = 33554432 (custom)
2019-10-09 22:47:14,686 [main] INFO  server.GrpcService (ConfUtils.java:logGet(43)) - raft.grpc.flow.control.window = 1MB (=1048576) (default)
2019-10-09 22:47:14,686 [main] INFO  server.RaftServerConfigKeys (ConfUtils.java:logGet(43)) - raft.server.rpc.request.timeout = 3000ms (default)
2019-10-09 22:47:14,686 [main] INFO  server.RaftServerConfigKeys (ConfUtils.java:logGet(43)) - raft.server.storage.dir = [/workdir/hadoop-ozone/integration-test/target/test-dir/MiniOzoneClusterImpl-15c48851-1477-4c83-b9be-6d3ca511f7f9/datanode-4/data/ratis] (custom)
2019-10-09 22:47:14,687 [main] INFO  hdfs.DFSUtil (DFSUtil.java:httpServerTemplateForNNAndJN(1641)) - Starting Web-server for hddsDatanode at: http://0.0.0.0:0
2019-10-09 22:47:14,689 [main] INFO  server.AuthenticationFilter (AuthenticationFilter.java:constructSecretProvider(240)) - Unable to initialize FileSignerSecretProvider, falling back to use random secrets.
2019-10-09 22:47:14,689 [main] WARN  http.HttpRequestLog (HttpRequestLog.java:getRequestLog(97)) - Jetty request log can only be enabled using Log4j
2019-10-09 22:47:14,690 [main] INFO  http.HttpServer2 (HttpServer2.java:addGlobalFilter(975)) - Added global filter 'safety' (class=org.apache.hadoop.http.HttpServer2$QuotingInputFilter)
2019-10-09 22:47:14,691 [main] INFO  http.HttpServer2 (HttpServer2.java:addFilter(948)) - Added filter static_user_filter (class=org.apache.hadoop.http.lib.StaticUserWebFilter$StaticUserFilter) to context hddsDatanode
2019-10-09 22:47:14,691 [main] INFO  http.HttpServer2 (HttpServer2.java:addFilter(958)) - Added filter static_user_filter (class=org.apache.hadoop.http.lib.StaticUserWebFilter$StaticUserFilter) to context static
2019-10-09 22:47:14,691 [main] INFO  http.HttpServer2 (HttpServer2.java:addFilter(958)) - Added filter static_user_filter (class=org.apache.hadoop.http.lib.StaticUserWebFilter$StaticUserFilter) to context logs
2019-10-09 22:47:14,692 [main] INFO  http.HttpServer2 (HttpServer2.java:bindListener(1191)) - Jetty bound to port 36060
2019-10-09 22:47:14,692 [main] INFO  server.Server (Server.java:doStart(351)) - jetty-9.3.25.v20180904, build timestamp: 2018-09-04T21:11:46Z, git hash: 3ce520221d0240229c862b122d2b06c12a625732
2019-10-09 22:47:14,693 [main] INFO  handler.ContextHandler (ContextHandler.java:doStart(781)) - Started o.e.j.s.ServletContextHandler@5b8853{/logs,file:///workdir/hadoop-ozone/integration-test/target/log,AVAILABLE}
2019-10-09 22:47:14,694 [main] INFO  handler.ContextHandler (ContextHandler.java:doStart(781)) - Started o.e.j.s.ServletContextHandler@5d1bdd4a{/static,jar:file:/home/user/.m2/repository/org/apache/hadoop/hadoop-hdds-container-service/0.5.0-SNAPSHOT/hadoop-hdds-container-service-0.5.0-SNAPSHOT.jar!/webapps/static,AVAILABLE}
2019-10-09 22:47:14,720 [main] INFO  handler.ContextHandler (ContextHandler.java:doStart(781)) - Started o.e.j.w.WebAppContext@7a606260{/,file:///tmp/jetty-0.0.0.0-36060-hddsDatanode-_-any-4483510332047683368.dir/webapp/,AVAILABLE}{/hddsDatanode}
2019-10-09 22:47:14,720 [main] INFO  server.AbstractConnector (AbstractConnector.java:doStart(278)) - Started ServerConnector@5dbab232{HTTP/1.1,[http/1.1]}{0.0.0.0:36060}
2019-10-09 22:47:14,722 [main] INFO  server.Server (Server.java:doStart(419)) - Started @245010ms
2019-10-09 22:47:14,722 [main] WARN  impl.MetricsSystemImpl (MetricsSystemImpl.java:register(276)) - Sink prometheus already exists!
2019-10-09 22:47:14,723 [main] INFO  server.BaseHttpServer (BaseHttpServer.java:updateConnectorAddress(215)) - HTTP server of HDDSDATANODE is listening at http://0.0.0.0:36060
2019-10-09 22:47:14,723 [main] INFO  impl.MetricsSystemImpl (MetricsSystemImpl.java:init(158)) - HddsDatanode metrics system started (again)
2019-10-09 22:47:14,729 [org.apache.hadoop.util.JvmPauseMonitor$Monitor@2bcc20a9] INFO  util.JvmPauseMonitor (JvmPauseMonitor.java:run(188)) - Starting JVM pause monitor
2019-10-09 22:47:14,730 [Datanode State Machine Thread - 0] INFO  datanode.InitDatanodeState (InitDatanodeState.java:persistContainerDatanodeDetails(140)) - DatanodeDetails is persisted to /workdir/hadoop-ozone/integration-test/target/test-dir/MiniOzoneClusterImpl-15c48851-1477-4c83-b9be-6d3ca511f7f9/datanode-4/meta/datanode.id
2019-10-09 22:47:14,730 [main] INFO  ozone.HddsDatanodeService (HddsDatanodeService.java:start(184)) - HddsDatanodeService host:pr-hdds-1868-7c4vz-2804340038 ip:192.168.164.207
2019-10-09 22:47:14,736 [main] INFO  volume.HddsVolume (HddsVolume.java:<init>(176)) - Creating Volume: /workdir/hadoop-ozone/integration-test/target/test-dir/MiniOzoneClusterImpl-15c48851-1477-4c83-b9be-6d3ca511f7f9/datanode-5/data/containers/hdds of  storage type : DISK and capacity : 1482555576320
2019-10-09 22:47:14,736 [main] INFO  volume.VolumeSet (VolumeSet.java:initializeVolumeSet(170)) - Added Volume : /workdir/hadoop-ozone/integration-test/target/test-dir/MiniOzoneClusterImpl-15c48851-1477-4c83-b9be-6d3ca511f7f9/datanode-5/data/containers/hdds to VolumeSet
2019-10-09 22:47:14,736 [main] INFO  volume.ThrottledAsyncChecker (ThrottledAsyncChecker.java:schedule(141)) - Scheduling a check for org.apache.hadoop.ozone.container.common.volume.HddsVolume@511da44f
2019-10-09 22:47:14,737 [main] INFO  volume.HddsVolumeChecker (HddsVolumeChecker.java:checkAllVolumes(204)) - Scheduled health check for volume org.apache.hadoop.ozone.container.common.volume.HddsVolume@511da44f
2019-10-09 22:47:14,752 [main] INFO  impl.RaftServerProxy (ConfUtils.java:logGet(43)) - raft.rpc.type = GRPC (default)
2019-10-09 22:47:14,753 [main] INFO  grpc.GrpcFactory (GrpcFactory.java:checkPooledByteBufAllocatorUseCacheForAllThreads(45)) - PERFORMANCE WARNING: useCacheForAllThreads is true that may cause Netty to create a lot garbage objects and, as a result, trigger GC.
	It is recommended to disable useCacheForAllThreads by setting -Dorg.apache.ratis.thirdparty.io.netty.allocator.useCacheForAllThreads=false in command line.
2019-10-09 22:47:14,753 [main] INFO  grpc.GrpcConfigKeys$Server (ConfUtils.java:logGet(43)) - raft.grpc.server.port = 0 (default)
2019-10-09 22:47:14,753 [main] INFO  server.GrpcService (ConfUtils.java:logGet(43)) - raft.grpc.message.size.max = 33570816 (custom)
2019-10-09 22:47:14,753 [main] INFO  server.RaftServerConfigKeys (ConfUtils.java:logGet(43)) - raft.server.log.appender.buffer.byte-limit = 33554432 (custom)
2019-10-09 22:47:14,753 [main] INFO  server.GrpcService (ConfUtils.java:logGet(43)) - raft.grpc.flow.control.window = 1MB (=1048576) (default)
2019-10-09 22:47:14,754 [main] INFO  server.RaftServerConfigKeys (ConfUtils.java:logGet(43)) - raft.server.rpc.request.timeout = 3000ms (default)
2019-10-09 22:47:14,754 [main] INFO  server.RaftServerConfigKeys (ConfUtils.java:logGet(43)) - raft.server.storage.dir = [/workdir/hadoop-ozone/integration-test/target/test-dir/MiniOzoneClusterImpl-15c48851-1477-4c83-b9be-6d3ca511f7f9/datanode-5/data/ratis] (custom)
2019-10-09 22:47:14,755 [main] INFO  hdfs.DFSUtil (DFSUtil.java:httpServerTemplateForNNAndJN(1641)) - Starting Web-server for hddsDatanode at: http://0.0.0.0:0
2019-10-09 22:47:14,757 [main] INFO  server.AuthenticationFilter (AuthenticationFilter.java:constructSecretProvider(240)) - Unable to initialize FileSignerSecretProvider, falling back to use random secrets.
2019-10-09 22:47:14,757 [main] WARN  http.HttpRequestLog (HttpRequestLog.java:getRequestLog(97)) - Jetty request log can only be enabled using Log4j
2019-10-09 22:47:14,758 [main] INFO  http.HttpServer2 (HttpServer2.java:addGlobalFilter(975)) - Added global filter 'safety' (class=org.apache.hadoop.http.HttpServer2$QuotingInputFilter)
2019-10-09 22:47:14,759 [main] INFO  http.HttpServer2 (HttpServer2.java:addFilter(948)) - Added filter static_user_filter (class=org.apache.hadoop.http.lib.StaticUserWebFilter$StaticUserFilter) to context hddsDatanode
2019-10-09 22:47:14,759 [main] INFO  http.HttpServer2 (HttpServer2.java:addFilter(958)) - Added filter static_user_filter (class=org.apache.hadoop.http.lib.StaticUserWebFilter$StaticUserFilter) to context logs
2019-10-09 22:47:14,759 [main] INFO  http.HttpServer2 (HttpServer2.java:addFilter(958)) - Added filter static_user_filter (class=org.apache.hadoop.http.lib.StaticUserWebFilter$StaticUserFilter) to context static
2019-10-09 22:47:14,760 [main] INFO  http.HttpServer2 (HttpServer2.java:bindListener(1191)) - Jetty bound to port 46807
2019-10-09 22:47:14,760 [main] INFO  server.Server (Server.java:doStart(351)) - jetty-9.3.25.v20180904, build timestamp: 2018-09-04T21:11:46Z, git hash: 3ce520221d0240229c862b122d2b06c12a625732
2019-10-09 22:47:14,761 [main] INFO  handler.ContextHandler (ContextHandler.java:doStart(781)) - Started o.e.j.s.ServletContextHandler@36478bce{/logs,file:///workdir/hadoop-ozone/integration-test/target/log,AVAILABLE}
2019-10-09 22:47:14,761 [main] INFO  handler.ContextHandler (ContextHandler.java:doStart(781)) - Started o.e.j.s.ServletContextHandler@75793f17{/static,jar:file:/home/user/.m2/repository/org/apache/hadoop/hadoop-hdds-container-service/0.5.0-SNAPSHOT/hadoop-hdds-container-service-0.5.0-SNAPSHOT.jar!/webapps/static,AVAILABLE}
2019-10-09 22:47:14,789 [main] INFO  handler.ContextHandler (ContextHandler.java:doStart(781)) - Started o.e.j.w.WebAppContext@430df350{/,file:///tmp/jetty-0.0.0.0-46807-hddsDatanode-_-any-8198743139994691396.dir/webapp/,AVAILABLE}{/hddsDatanode}
2019-10-09 22:47:14,789 [main] INFO  server.AbstractConnector (AbstractConnector.java:doStart(278)) - Started ServerConnector@1373e3ee{HTTP/1.1,[http/1.1]}{0.0.0.0:46807}
2019-10-09 22:47:14,791 [main] INFO  server.Server (Server.java:doStart(419)) - Started @245079ms
2019-10-09 22:47:14,791 [main] WARN  impl.MetricsSystemImpl (MetricsSystemImpl.java:register(276)) - Sink prometheus already exists!
2019-10-09 22:47:14,791 [main] INFO  server.BaseHttpServer (BaseHttpServer.java:updateConnectorAddress(215)) - HTTP server of HDDSDATANODE is listening at http://0.0.0.0:46807
2019-10-09 22:47:14,791 [main] INFO  impl.MetricsSystemImpl (MetricsSystemImpl.java:init(158)) - HddsDatanode metrics system started (again)
2019-10-09 22:47:14,797 [org.apache.hadoop.util.JvmPauseMonitor$Monitor@799a25a6] INFO  util.JvmPauseMonitor (JvmPauseMonitor.java:run(188)) - Starting JVM pause monitor
2019-10-09 22:47:14,798 [main] INFO  ozone.HddsDatanodeService (HddsDatanodeService.java:start(184)) - HddsDatanodeService host:pr-hdds-1868-7c4vz-2804340038 ip:192.168.164.207
2019-10-09 22:47:14,799 [Datanode State Machine Thread - 0] INFO  datanode.InitDatanodeState (InitDatanodeState.java:persistContainerDatanodeDetails(140)) - DatanodeDetails is persisted to /workdir/hadoop-ozone/integration-test/target/test-dir/MiniOzoneClusterImpl-15c48851-1477-4c83-b9be-6d3ca511f7f9/datanode-5/meta/datanode.id
2019-10-09 22:47:14,804 [main] INFO  volume.HddsVolume (HddsVolume.java:<init>(176)) - Creating Volume: /workdir/hadoop-ozone/integration-test/target/test-dir/MiniOzoneClusterImpl-15c48851-1477-4c83-b9be-6d3ca511f7f9/datanode-6/data/containers/hdds of  storage type : DISK and capacity : 1482555576320
2019-10-09 22:47:14,804 [main] INFO  volume.VolumeSet (VolumeSet.java:initializeVolumeSet(170)) - Added Volume : /workdir/hadoop-ozone/integration-test/target/test-dir/MiniOzoneClusterImpl-15c48851-1477-4c83-b9be-6d3ca511f7f9/datanode-6/data/containers/hdds to VolumeSet
2019-10-09 22:47:14,804 [main] INFO  volume.ThrottledAsyncChecker (ThrottledAsyncChecker.java:schedule(141)) - Scheduling a check for org.apache.hadoop.ozone.container.common.volume.HddsVolume@55296b50
2019-10-09 22:47:14,804 [main] INFO  volume.HddsVolumeChecker (HddsVolumeChecker.java:checkAllVolumes(204)) - Scheduled health check for volume org.apache.hadoop.ozone.container.common.volume.HddsVolume@55296b50
2019-10-09 22:47:14,815 [main] INFO  impl.RaftServerProxy (ConfUtils.java:logGet(43)) - raft.rpc.type = GRPC (default)
2019-10-09 22:47:14,815 [main] INFO  grpc.GrpcFactory (GrpcFactory.java:checkPooledByteBufAllocatorUseCacheForAllThreads(45)) - PERFORMANCE WARNING: useCacheForAllThreads is true that may cause Netty to create a lot garbage objects and, as a result, trigger GC.
	It is recommended to disable useCacheForAllThreads by setting -Dorg.apache.ratis.thirdparty.io.netty.allocator.useCacheForAllThreads=false in command line.
2019-10-09 22:47:14,815 [main] INFO  grpc.GrpcConfigKeys$Server (ConfUtils.java:logGet(43)) - raft.grpc.server.port = 0 (default)
2019-10-09 22:47:14,816 [main] INFO  server.GrpcService (ConfUtils.java:logGet(43)) - raft.grpc.message.size.max = 33570816 (custom)
2019-10-09 22:47:14,816 [main] INFO  server.RaftServerConfigKeys (ConfUtils.java:logGet(43)) - raft.server.log.appender.buffer.byte-limit = 33554432 (custom)
2019-10-09 22:47:14,816 [main] INFO  server.GrpcService (ConfUtils.java:logGet(43)) - raft.grpc.flow.control.window = 1MB (=1048576) (default)
2019-10-09 22:47:14,816 [main] INFO  server.RaftServerConfigKeys (ConfUtils.java:logGet(43)) - raft.server.rpc.request.timeout = 3000ms (default)
2019-10-09 22:47:14,816 [main] INFO  server.RaftServerConfigKeys (ConfUtils.java:logGet(43)) - raft.server.storage.dir = [/workdir/hadoop-ozone/integration-test/target/test-dir/MiniOzoneClusterImpl-15c48851-1477-4c83-b9be-6d3ca511f7f9/datanode-6/data/ratis] (custom)
2019-10-09 22:47:14,817 [main] INFO  hdfs.DFSUtil (DFSUtil.java:httpServerTemplateForNNAndJN(1641)) - Starting Web-server for hddsDatanode at: http://0.0.0.0:0
2019-10-09 22:47:14,818 [main] INFO  server.AuthenticationFilter (AuthenticationFilter.java:constructSecretProvider(240)) - Unable to initialize FileSignerSecretProvider, falling back to use random secrets.
2019-10-09 22:47:14,819 [main] WARN  http.HttpRequestLog (HttpRequestLog.java:getRequestLog(97)) - Jetty request log can only be enabled using Log4j
2019-10-09 22:47:14,820 [main] INFO  http.HttpServer2 (HttpServer2.java:addGlobalFilter(975)) - Added global filter 'safety' (class=org.apache.hadoop.http.HttpServer2$QuotingInputFilter)
2019-10-09 22:47:14,820 [main] INFO  http.HttpServer2 (HttpServer2.java:addFilter(948)) - Added filter static_user_filter (class=org.apache.hadoop.http.lib.StaticUserWebFilter$StaticUserFilter) to context hddsDatanode
2019-10-09 22:47:14,820 [main] INFO  http.HttpServer2 (HttpServer2.java:addFilter(958)) - Added filter static_user_filter (class=org.apache.hadoop.http.lib.StaticUserWebFilter$StaticUserFilter) to context logs
2019-10-09 22:47:14,821 [main] INFO  http.HttpServer2 (HttpServer2.java:addFilter(958)) - Added filter static_user_filter (class=org.apache.hadoop.http.lib.StaticUserWebFilter$StaticUserFilter) to context static
2019-10-09 22:47:14,821 [main] INFO  http.HttpServer2 (HttpServer2.java:bindListener(1191)) - Jetty bound to port 34916
2019-10-09 22:47:14,821 [main] INFO  server.Server (Server.java:doStart(351)) - jetty-9.3.25.v20180904, build timestamp: 2018-09-04T21:11:46Z, git hash: 3ce520221d0240229c862b122d2b06c12a625732
2019-10-09 22:47:14,823 [main] INFO  handler.ContextHandler (ContextHandler.java:doStart(781)) - Started o.e.j.s.ServletContextHandler@7f4a1cac{/logs,file:///workdir/hadoop-ozone/integration-test/target/log,AVAILABLE}
2019-10-09 22:47:14,823 [main] INFO  handler.ContextHandler (ContextHandler.java:doStart(781)) - Started o.e.j.s.ServletContextHandler@c568f91{/static,jar:file:/home/user/.m2/repository/org/apache/hadoop/hadoop-hdds-container-service/0.5.0-SNAPSHOT/hadoop-hdds-container-service-0.5.0-SNAPSHOT.jar!/webapps/static,AVAILABLE}
2019-10-09 22:47:14,848 [main] INFO  handler.ContextHandler (ContextHandler.java:doStart(781)) - Started o.e.j.w.WebAppContext@3e53c4ad{/,file:///tmp/jetty-0.0.0.0-34916-hddsDatanode-_-any-8354739469446573605.dir/webapp/,AVAILABLE}{/hddsDatanode}
2019-10-09 22:47:14,849 [main] INFO  server.AbstractConnector (AbstractConnector.java:doStart(278)) - Started ServerConnector@33eb0d4{HTTP/1.1,[http/1.1]}{0.0.0.0:34916}
2019-10-09 22:47:14,850 [main] INFO  server.Server (Server.java:doStart(419)) - Started @245139ms
2019-10-09 22:47:14,851 [main] WARN  impl.MetricsSystemImpl (MetricsSystemImpl.java:register(276)) - Sink prometheus already exists!
2019-10-09 22:47:14,851 [main] INFO  server.BaseHttpServer (BaseHttpServer.java:updateConnectorAddress(215)) - HTTP server of HDDSDATANODE is listening at http://0.0.0.0:34916
2019-10-09 22:47:14,851 [main] INFO  ozone.MiniOzoneClusterImpl (MiniOzoneClusterImpl.java:lambda$waitForClusterToBeReady$2(172)) - Waiting for cluster to be ready. Got 0 of 7 DN Heartbeats.
2019-10-09 22:47:14,852 [org.apache.hadoop.util.JvmPauseMonitor$Monitor@bba59aa] INFO  util.JvmPauseMonitor (JvmPauseMonitor.java:run(188)) - Starting JVM pause monitor
2019-10-09 22:47:14,853 [Datanode State Machine Thread - 0] INFO  datanode.InitDatanodeState (InitDatanodeState.java:persistContainerDatanodeDetails(140)) - DatanodeDetails is persisted to /workdir/hadoop-ozone/integration-test/target/test-dir/MiniOzoneClusterImpl-15c48851-1477-4c83-b9be-6d3ca511f7f9/datanode-6/meta/datanode.id
2019-10-09 22:47:15,852 [main] INFO  ozone.MiniOzoneClusterImpl (MiniOzoneClusterImpl.java:lambda$waitForClusterToBeReady$2(172)) - Waiting for cluster to be ready. Got 0 of 7 DN Heartbeats.
2019-10-09 22:47:16,484 [Datanode State Machine Thread - 0] INFO  ozoneimpl.OzoneContainer (OzoneContainer.java:start(213)) - Attempting to start container services.
2019-10-09 22:47:16,484 [Datanode State Machine Thread - 0] INFO  ozoneimpl.OzoneContainer (OzoneContainer.java:startContainerScrub(177)) - Background container scanner has been disabled.
2019-10-09 22:47:16,484 [Datanode State Machine Thread - 0] INFO  ratis.XceiverServerRatis (XceiverServerRatis.java:start(425)) - Starting XceiverServerRatis 0d6c1360-600e-4025-8081-764eff476ffd at port 0
2019-10-09 22:47:16,490 [Datanode State Machine Thread - 0] INFO  impl.RaftServerProxy (RaftServerProxy.java:lambda$start$3(299)) - 0d6c1360-600e-4025-8081-764eff476ffd: start RPC server
2019-10-09 22:47:16,502 [Datanode State Machine Thread - 0] INFO  server.GrpcService (GrpcService.java:startImpl(158)) - 0d6c1360-600e-4025-8081-764eff476ffd: GrpcService started, listening on 0.0.0.0/0.0.0.0:45425
2019-10-09 22:47:16,502 [Datanode State Machine Thread - 0] INFO  ratis.XceiverServerRatis (XceiverServerRatis.java:start(435)) - XceiverServerRatis 0d6c1360-600e-4025-8081-764eff476ffd is started using port 45425
2019-10-09 22:47:16,505 [Datanode State Machine Thread - 0] INFO  server.XceiverServerGrpc (XceiverServerGrpc.java:start(149)) - XceiverServerGrpc 0d6c1360-600e-4025-8081-764eff476ffd is started using port 37369
2019-10-09 22:47:16,532 [Datanode State Machine Thread - 0] INFO  ozoneimpl.OzoneContainer (OzoneContainer.java:start(213)) - Attempting to start container services.
2019-10-09 22:47:16,533 [Datanode State Machine Thread - 0] INFO  ozoneimpl.OzoneContainer (OzoneContainer.java:startContainerScrub(177)) - Background container scanner has been disabled.
2019-10-09 22:47:16,533 [Datanode State Machine Thread - 0] INFO  ratis.XceiverServerRatis (XceiverServerRatis.java:start(425)) - Starting XceiverServerRatis 8dcd39d9-bb30-415b-8513-406c1d30fe52 at port 0
2019-10-09 22:47:16,538 [Datanode State Machine Thread - 0] INFO  impl.RaftServerProxy (RaftServerProxy.java:lambda$start$3(299)) - 8dcd39d9-bb30-415b-8513-406c1d30fe52: start RPC server
2019-10-09 22:47:16,541 [Datanode State Machine Thread - 0] INFO  server.GrpcService (GrpcService.java:startImpl(158)) - 8dcd39d9-bb30-415b-8513-406c1d30fe52: GrpcService started, listening on 0.0.0.0/0.0.0.0:46061
2019-10-09 22:47:16,541 [Datanode State Machine Thread - 0] INFO  ratis.XceiverServerRatis (XceiverServerRatis.java:start(435)) - XceiverServerRatis 8dcd39d9-bb30-415b-8513-406c1d30fe52 is started using port 46061
2019-10-09 22:47:16,541 [Datanode State Machine Thread - 0] INFO  server.XceiverServerGrpc (XceiverServerGrpc.java:start(149)) - XceiverServerGrpc 8dcd39d9-bb30-415b-8513-406c1d30fe52 is started using port 39096
2019-10-09 22:47:16,602 [Datanode State Machine Thread - 0] INFO  ozoneimpl.OzoneContainer (OzoneContainer.java:start(213)) - Attempting to start container services.
2019-10-09 22:47:16,602 [Datanode State Machine Thread - 0] INFO  ozoneimpl.OzoneContainer (OzoneContainer.java:startContainerScrub(177)) - Background container scanner has been disabled.
2019-10-09 22:47:16,603 [Datanode State Machine Thread - 0] INFO  ratis.XceiverServerRatis (XceiverServerRatis.java:start(425)) - Starting XceiverServerRatis 2b32037e-5057-43b0-83a7-854222bbab73 at port 0
2019-10-09 22:47:16,773 [Datanode State Machine Thread - 0] INFO  impl.RaftServerProxy (RaftServerProxy.java:lambda$start$3(299)) - 2b32037e-5057-43b0-83a7-854222bbab73: start RPC server
2019-10-09 22:47:16,777 [Datanode State Machine Thread - 0] INFO  server.GrpcService (GrpcService.java:startImpl(158)) - 2b32037e-5057-43b0-83a7-854222bbab73: GrpcService started, listening on 0.0.0.0/0.0.0.0:46803
2019-10-09 22:47:16,777 [Datanode State Machine Thread - 0] INFO  ratis.XceiverServerRatis (XceiverServerRatis.java:start(435)) - XceiverServerRatis 2b32037e-5057-43b0-83a7-854222bbab73 is started using port 46803
2019-10-09 22:47:16,779 [Datanode State Machine Thread - 0] INFO  server.XceiverServerGrpc (XceiverServerGrpc.java:start(149)) - XceiverServerGrpc 2b32037e-5057-43b0-83a7-854222bbab73 is started using port 37247
2019-10-09 22:47:16,788 [Datanode State Machine Thread - 0] INFO  ozoneimpl.OzoneContainer (OzoneContainer.java:start(213)) - Attempting to start container services.
2019-10-09 22:47:16,788 [Datanode State Machine Thread - 0] INFO  ozoneimpl.OzoneContainer (OzoneContainer.java:startContainerScrub(177)) - Background container scanner has been disabled.
2019-10-09 22:47:16,788 [Datanode State Machine Thread - 0] INFO  ozoneimpl.OzoneContainer (OzoneContainer.java:start(213)) - Attempting to start container services.
2019-10-09 22:47:16,788 [Datanode State Machine Thread - 0] INFO  ratis.XceiverServerRatis (XceiverServerRatis.java:start(425)) - Starting XceiverServerRatis 4dd8b4db-5884-4afe-981d-0e381dbd16da at port 0
2019-10-09 22:47:16,788 [Datanode State Machine Thread - 0] INFO  ozoneimpl.OzoneContainer (OzoneContainer.java:startContainerScrub(177)) - Background container scanner has been disabled.
2019-10-09 22:47:16,788 [Datanode State Machine Thread - 0] INFO  ratis.XceiverServerRatis (XceiverServerRatis.java:start(425)) - Starting XceiverServerRatis 74a2e125-3a23-4be7-af2d-aa86912c3992 at port 0
2019-10-09 22:47:16,797 [Datanode State Machine Thread - 0] INFO  impl.RaftServerProxy (RaftServerProxy.java:lambda$start$3(299)) - 4dd8b4db-5884-4afe-981d-0e381dbd16da: start RPC server
2019-10-09 22:47:16,797 [Datanode State Machine Thread - 0] INFO  impl.RaftServerProxy (RaftServerProxy.java:lambda$start$3(299)) - 74a2e125-3a23-4be7-af2d-aa86912c3992: start RPC server
2019-10-09 22:47:16,798 [Datanode State Machine Thread - 0] INFO  server.GrpcService (GrpcService.java:startImpl(158)) - 4dd8b4db-5884-4afe-981d-0e381dbd16da: GrpcService started, listening on 0.0.0.0/0.0.0.0:40346
2019-10-09 22:47:16,798 [Datanode State Machine Thread - 0] INFO  server.GrpcService (GrpcService.java:startImpl(158)) - 74a2e125-3a23-4be7-af2d-aa86912c3992: GrpcService started, listening on 0.0.0.0/0.0.0.0:34683
2019-10-09 22:47:16,798 [Datanode State Machine Thread - 0] INFO  ratis.XceiverServerRatis (XceiverServerRatis.java:start(435)) - XceiverServerRatis 4dd8b4db-5884-4afe-981d-0e381dbd16da is started using port 40346
2019-10-09 22:47:16,798 [Datanode State Machine Thread - 0] INFO  ratis.XceiverServerRatis (XceiverServerRatis.java:start(435)) - XceiverServerRatis 74a2e125-3a23-4be7-af2d-aa86912c3992 is started using port 34683
2019-10-09 22:47:16,801 [Datanode State Machine Thread - 0] INFO  server.XceiverServerGrpc (XceiverServerGrpc.java:start(149)) - XceiverServerGrpc 4dd8b4db-5884-4afe-981d-0e381dbd16da is started using port 41921
2019-10-09 22:47:16,801 [Datanode State Machine Thread - 0] INFO  server.XceiverServerGrpc (XceiverServerGrpc.java:start(149)) - XceiverServerGrpc 74a2e125-3a23-4be7-af2d-aa86912c3992 is started using port 43954
2019-10-09 22:47:16,814 [Datanode State Machine Thread - 0] INFO  ozoneimpl.OzoneContainer (OzoneContainer.java:start(213)) - Attempting to start container services.
2019-10-09 22:47:16,815 [Datanode State Machine Thread - 0] INFO  ozoneimpl.OzoneContainer (OzoneContainer.java:startContainerScrub(177)) - Background container scanner has been disabled.
2019-10-09 22:47:16,815 [Datanode State Machine Thread - 0] INFO  ratis.XceiverServerRatis (XceiverServerRatis.java:start(425)) - Starting XceiverServerRatis cf6d329e-2567-41f2-b7ff-874aad889516 at port 0
2019-10-09 22:47:16,818 [Datanode State Machine Thread - 0] INFO  impl.RaftServerProxy (RaftServerProxy.java:lambda$start$3(299)) - cf6d329e-2567-41f2-b7ff-874aad889516: start RPC server
2019-10-09 22:47:16,819 [Datanode State Machine Thread - 0] INFO  server.GrpcService (GrpcService.java:startImpl(158)) - cf6d329e-2567-41f2-b7ff-874aad889516: GrpcService started, listening on 0.0.0.0/0.0.0.0:46390
2019-10-09 22:47:16,819 [Datanode State Machine Thread - 0] INFO  ratis.XceiverServerRatis (XceiverServerRatis.java:start(435)) - XceiverServerRatis cf6d329e-2567-41f2-b7ff-874aad889516 is started using port 46390
2019-10-09 22:47:16,819 [Datanode State Machine Thread - 0] INFO  server.XceiverServerGrpc (XceiverServerGrpc.java:start(149)) - XceiverServerGrpc cf6d329e-2567-41f2-b7ff-874aad889516 is started using port 45185
2019-10-09 22:47:16,852 [main] INFO  ozone.MiniOzoneClusterImpl (MiniOzoneClusterImpl.java:lambda$waitForClusterToBeReady$2(172)) - Waiting for cluster to be ready. Got 0 of 7 DN Heartbeats.
2019-10-09 22:47:16,866 [Datanode State Machine Thread - 0] INFO  ozoneimpl.OzoneContainer (OzoneContainer.java:start(213)) - Attempting to start container services.
2019-10-09 22:47:16,866 [Datanode State Machine Thread - 0] INFO  ozoneimpl.OzoneContainer (OzoneContainer.java:startContainerScrub(177)) - Background container scanner has been disabled.
2019-10-09 22:47:16,866 [Datanode State Machine Thread - 0] INFO  ratis.XceiverServerRatis (XceiverServerRatis.java:start(425)) - Starting XceiverServerRatis 08f99e19-a48a-4e34-b396-b5d0bb9c673f at port 0
2019-10-09 22:47:16,870 [Datanode State Machine Thread - 0] INFO  impl.RaftServerProxy (RaftServerProxy.java:lambda$start$3(299)) - 08f99e19-a48a-4e34-b396-b5d0bb9c673f: start RPC server
2019-10-09 22:47:16,871 [Datanode State Machine Thread - 0] INFO  server.GrpcService (GrpcService.java:startImpl(158)) - 08f99e19-a48a-4e34-b396-b5d0bb9c673f: GrpcService started, listening on 0.0.0.0/0.0.0.0:41324
2019-10-09 22:47:16,871 [Datanode State Machine Thread - 0] INFO  ratis.XceiverServerRatis (XceiverServerRatis.java:start(435)) - XceiverServerRatis 08f99e19-a48a-4e34-b396-b5d0bb9c673f is started using port 41324
2019-10-09 22:47:16,888 [Datanode State Machine Thread - 0] INFO  server.XceiverServerGrpc (XceiverServerGrpc.java:start(149)) - XceiverServerGrpc 08f99e19-a48a-4e34-b396-b5d0bb9c673f is started using port 46405
2019-10-09 22:47:17,852 [main] INFO  ozone.MiniOzoneClusterImpl (MiniOzoneClusterImpl.java:lambda$waitForClusterToBeReady$2(172)) - Waiting for cluster to be ready. Got 0 of 7 DN Heartbeats.
2019-10-09 22:47:18,445 [IPC Server handler 5 on 45861] INFO  net.NetworkTopology (NetworkTopologyImpl.java:add(111)) - Added a new node: /default-rack/0d6c1360-600e-4025-8081-764eff476ffd
2019-10-09 22:47:18,447 [IPC Server handler 5 on 45861] INFO  node.SCMNodeManager (SCMNodeManager.java:register(268)) - Registered Data node : 0d6c1360-600e-4025-8081-764eff476ffd{ip: 192.168.164.207, host: pr-hdds-1868-7c4vz-2804340038, networkLocation: /default-rack, certSerialId: null}
2019-10-09 22:47:18,447 [EventQueue-NodeRegistrationContainerReportForDataNodeSafeModeRule] INFO  safemode.SCMSafeModeManager (DataNodeSafeModeRule.java:process(71)) - SCM in safe mode. 1 DataNodes registered, 1 required.
2019-10-09 22:47:18,449 [EventQueue-NodeRegistrationContainerReportForDataNodeSafeModeRule] INFO  safemode.SCMSafeModeManager (SCMSafeModeManager.java:validateSafeModeExitRules(177)) - ScmSafeModeManager, all rules are successfully validated
2019-10-09 22:47:18,449 [EventQueue-NodeRegistrationContainerReportForDataNodeSafeModeRule] INFO  safemode.SCMSafeModeManager (SCMSafeModeManager.java:exitSafeMode(193)) - SCM exiting safe mode.
2019-10-09 22:47:18,457 [grpc-default-executor-6] INFO  impl.RaftServerProxy (RaftServerProxy.java:addNew(89)) - 0d6c1360-600e-4025-8081-764eff476ffd: addNew group-6752BF065307:[0d6c1360-600e-4025-8081-764eff476ffd:192.168.164.207:45425] returns group-6752BF065307:java.util.concurrent.CompletableFuture@4289d72e[Not completed]
2019-10-09 22:47:18,458 [pool-383-thread-1] INFO  impl.RaftServerImpl (RaftServerImpl.java:<init>(95)) - 0d6c1360-600e-4025-8081-764eff476ffd: new RaftServerImpl for group-6752BF065307:[0d6c1360-600e-4025-8081-764eff476ffd:192.168.164.207:45425] with ContainerStateMachine:uninitialized
2019-10-09 22:47:18,458 [pool-383-thread-1] INFO  server.RaftServerConfigKeys (ConfUtils.java:logGet(43)) - raft.server.rpc.timeout.min = 5s (custom)
2019-10-09 22:47:18,458 [pool-383-thread-1] INFO  server.RaftServerConfigKeys (ConfUtils.java:logGet(43)) - raft.server.rpc.timeout.max = 5200ms (custom)
2019-10-09 22:47:18,458 [pool-383-thread-1] INFO  server.RaftServerConfigKeys (ConfUtils.java:logGet(43)) - raft.server.rpcslowness.timeout = 120s (custom)
2019-10-09 22:47:18,459 [pool-383-thread-1] INFO  server.RaftServerConfigKeys (ConfUtils.java:logGet(43)) - raft.server.sleep.deviation.threshold = 300 (default)
2019-10-09 22:47:18,459 [pool-383-thread-1] INFO  server.RaftServerConfigKeys (ConfUtils.java:logGet(43)) - raft.server.log.appender.install.snapshot.enabled = false (custom)
2019-10-09 22:47:18,459 [pool-383-thread-1] INFO  impl.RaftServerImpl (ServerState.java:<init>(103)) - 0d6c1360-600e-4025-8081-764eff476ffd@group-6752BF065307: ConfigurationManager, init=-1: [0d6c1360-600e-4025-8081-764eff476ffd:192.168.164.207:45425], old=null, confs=<EMPTY_MAP>
2019-10-09 22:47:18,459 [pool-383-thread-1] INFO  server.RaftServerConfigKeys (ConfUtils.java:logGet(43)) - raft.server.storage.dir = [/workdir/hadoop-ozone/integration-test/target/test-dir/MiniOzoneClusterImpl-15c48851-1477-4c83-b9be-6d3ca511f7f9/datanode-0/data/ratis] (custom)
2019-10-09 22:47:18,459 [pool-383-thread-1] INFO  server.RaftServerConfigKeys (ConfUtils.java:logGet(43)) - raft.server.log.corruption.policy = EXCEPTION (default)
2019-10-09 22:47:18,459 [pool-383-thread-1] INFO  storage.RaftStorageDirectory (RaftStorageDirectory.java:analyzeStorage(246)) - The storage directory /workdir/hadoop-ozone/integration-test/target/test-dir/MiniOzoneClusterImpl-15c48851-1477-4c83-b9be-6d3ca511f7f9/datanode-0/data/ratis/01f7e044-68dc-4e13-8d47-6752bf065307 does not exist. Creating ...
2019-10-09 22:47:18,473 [pool-383-thread-1] INFO  storage.RaftStorageDirectory (RaftStorageDirectory.java:tryLock(328)) - Lock on /workdir/hadoop-ozone/integration-test/target/test-dir/MiniOzoneClusterImpl-15c48851-1477-4c83-b9be-6d3ca511f7f9/datanode-0/data/ratis/01f7e044-68dc-4e13-8d47-6752bf065307/in_use.lock acquired by nodename 20079@pr-hdds-1868-7c4vz-2804340038
2019-10-09 22:47:18,486 [pool-383-thread-1] INFO  storage.RaftStorage (RaftStorage.java:format(84)) - Storage directory /workdir/hadoop-ozone/integration-test/target/test-dir/MiniOzoneClusterImpl-15c48851-1477-4c83-b9be-6d3ca511f7f9/datanode-0/data/ratis/01f7e044-68dc-4e13-8d47-6752bf065307 has been successfully formatted.
2019-10-09 22:47:18,486 [pool-383-thread-1] INFO  ratis.ContainerStateMachine (ContainerStateMachine.java:loadSnapshot(233)) - group-6752BF065307: The snapshot info is null. Setting the last applied indexto:(t:0, i:~)
2019-10-09 22:47:18,486 [pool-383-thread-1] INFO  server.RaftServerConfigKeys (ConfUtils.java:logGet(43)) - raft.server.notification.no-leader.timeout = 120s (custom)
2019-10-09 22:47:18,486 [pool-383-thread-1] INFO  server.RaftServerConfigKeys (ConfUtils.java:logGet(43)) - raft.server.log.use.memory = false (default)
2019-10-09 22:47:18,486 [pool-383-thread-1] INFO  server.RaftServerConfigKeys (ConfUtils.java:logGet(43)) - raft.server.log.purge.gap = 1000000 (custom)
2019-10-09 22:47:18,487 [pool-383-thread-1] INFO  server.RaftServerConfigKeys (ConfUtils.java:logGet(43)) - raft.server.log.appender.buffer.byte-limit = 33554432 (custom)
2019-10-09 22:47:18,487 [pool-383-thread-1] INFO  server.RaftServerConfigKeys (ConfUtils.java:logGet(43)) - raft.server.log.segment.size.max = 1048576 (custom)
2019-10-09 22:47:18,488 [pool-383-thread-1] INFO  server.RaftServerConfigKeys (ConfUtils.java:logGet(43)) - raft.server.log.segment.cache.num.max = 2 (custom)
2019-10-09 22:47:18,489 [pool-383-thread-1] INFO  segmented.SegmentedRaftLogWorker (SegmentedRaftLogWorker.java:<init>(173)) - new 0d6c1360-600e-4025-8081-764eff476ffd@group-6752BF065307-SegmentedRaftLogWorker for RaftStorage:Storage Directory /workdir/hadoop-ozone/integration-test/target/test-dir/MiniOzoneClusterImpl-15c48851-1477-4c83-b9be-6d3ca511f7f9/datanode-0/data/ratis/01f7e044-68dc-4e13-8d47-6752bf065307
2019-10-09 22:47:18,489 [pool-383-thread-1] INFO  server.RaftServerConfigKeys (ConfUtils.java:logGet(43)) - raft.server.log.queue.byte-limit = 2147483647 (custom)
2019-10-09 22:47:18,489 [pool-383-thread-1] INFO  server.RaftServerConfigKeys (ConfUtils.java:logGet(43)) - raft.server.log.queue.element-limit = 1024 (custom)
2019-10-09 22:47:18,489 [pool-383-thread-1] INFO  server.RaftServerConfigKeys (ConfUtils.java:logGet(43)) - raft.server.log.segment.size.max = 1048576 (custom)
2019-10-09 22:47:18,489 [pool-383-thread-1] INFO  server.RaftServerConfigKeys (ConfUtils.java:logGet(43)) - raft.server.log.preallocated.size = 16384 (custom)
2019-10-09 22:47:18,489 [pool-383-thread-1] INFO  server.RaftServerConfigKeys (ConfUtils.java:logGet(43)) - raft.server.log.write.buffer.size = 33554432 (custom)
2019-10-09 22:47:18,489 [pool-383-thread-1] INFO  server.RaftServerConfigKeys (ConfUtils.java:logGet(43)) - raft.server.log.force.sync.num = 128 (default)
2019-10-09 22:47:18,490 [pool-383-thread-1] INFO  server.RaftServerConfigKeys (ConfUtils.java:logGet(43)) - raft.server.log.statemachine.data.sync = true (default)
2019-10-09 22:47:18,490 [pool-383-thread-1] INFO  server.RaftServerConfigKeys (ConfUtils.java:logGet(43)) - raft.server.log.statemachine.data.sync.timeout = 10s (default)
2019-10-09 22:47:18,490 [pool-383-thread-1] INFO  server.RaftServerConfigKeys (ConfUtils.java:logGet(43)) - raft.server.log.statemachine.data.sync.timeout.retry = -1 (default)
2019-10-09 22:47:18,490 [pool-383-thread-1] INFO  server.RaftServerConfigKeys (ConfUtils.java:logGet(43)) - raft.server.log.statemachine.data.caching.enabled = true (custom)
2019-10-09 22:47:18,491 [pool-383-thread-1] INFO  segmented.SegmentedRaftLogWorker (SegmentedRaftLogWorker.java:lambda$new$0(128)) - 0d6c1360-600e-4025-8081-764eff476ffd@group-6752BF065307-SegmentedRaftLogWorker: flushIndex: setUnconditionally 0 -> -1
2019-10-09 22:47:18,491 [pool-383-thread-1] INFO  server.RaftServerConfigKeys (ConfUtils.java:logGet(43)) - raft.server.snapshot.auto.trigger.enabled = true (custom)
2019-10-09 22:47:18,491 [pool-383-thread-1] INFO  server.RaftServerConfigKeys (ConfUtils.java:logGet(43)) - raft.server.snapshot.auto.trigger.threshold = 10000 (custom)
2019-10-09 22:47:18,491 [pool-383-thread-1] INFO  server.RaftServerConfigKeys (ConfUtils.java:logGet(43)) - raft.server.snapshot.retention.file.num = 5 (custom)
2019-10-09 22:47:18,491 [pool-383-thread-1] INFO  server.RaftServerConfigKeys (ConfUtils.java:logGet(43)) - raft.server.retrycache.expirytime = 600000ms (custom)
2019-10-09 22:47:18,493 [pool-383-thread-1] INFO  impl.RaftServerImpl (RaftServerImpl.java:start(181)) - 0d6c1360-600e-4025-8081-764eff476ffd@group-6752BF065307: start as a follower, conf=-1: [0d6c1360-600e-4025-8081-764eff476ffd:192.168.164.207:45425], old=null
2019-10-09 22:47:18,493 [pool-383-thread-1] INFO  impl.RaftServerImpl (RaftServerImpl.java:setRole(170)) - 0d6c1360-600e-4025-8081-764eff476ffd@group-6752BF065307: changes role from      null to FOLLOWER at term 0 for startAsFollower
2019-10-09 22:47:18,493 [pool-383-thread-1] INFO  impl.RoleInfo (RoleInfo.java:updateAndGet(143)) - 0d6c1360-600e-4025-8081-764eff476ffd: start FollowerState
2019-10-09 22:47:18,493 [pool-383-thread-1] INFO  util.JmxRegister (JmxRegister.java:tryRegister(44)) - Successfully registered JMX Bean with object name Ratis:service=RaftServer,group=group-6752BF065307,id=0d6c1360-600e-4025-8081-764eff476ffd
2019-10-09 22:47:18,497 [RatisPipelineUtilsThread] INFO  pipeline.PipelineStateManager (PipelineStateManager.java:addPipeline(57)) - Created pipeline Pipeline[ Id: 01f7e044-68dc-4e13-8d47-6752bf065307, Nodes: 0d6c1360-600e-4025-8081-764eff476ffd{ip: 192.168.164.207, host: pr-hdds-1868-7c4vz-2804340038, networkLocation: /default-rack, certSerialId: null}, Type:RATIS, Factor:ONE, State:ALLOCATED]
2019-10-09 22:47:18,517 [IPC Server handler 6 on 45861] INFO  net.NetworkTopology (NetworkTopologyImpl.java:add(111)) - Added a new node: /default-rack/8dcd39d9-bb30-415b-8513-406c1d30fe52
2019-10-09 22:47:18,517 [IPC Server handler 6 on 45861] INFO  node.SCMNodeManager (SCMNodeManager.java:register(268)) - Registered Data node : 8dcd39d9-bb30-415b-8513-406c1d30fe52{ip: 192.168.164.207, host: pr-hdds-1868-7c4vz-2804340038, networkLocation: /default-rack, certSerialId: null}
2019-10-09 22:47:18,525 [grpc-default-executor-6] INFO  impl.RaftServerProxy (RaftServerProxy.java:addNew(89)) - 8dcd39d9-bb30-415b-8513-406c1d30fe52: addNew group-AE5A23F40CBE:[8dcd39d9-bb30-415b-8513-406c1d30fe52:192.168.164.207:46061] returns group-AE5A23F40CBE:java.util.concurrent.CompletableFuture@71c25f97[Not completed]
2019-10-09 22:47:18,526 [pool-393-thread-1] INFO  impl.RaftServerImpl (RaftServerImpl.java:<init>(95)) - 8dcd39d9-bb30-415b-8513-406c1d30fe52: new RaftServerImpl for group-AE5A23F40CBE:[8dcd39d9-bb30-415b-8513-406c1d30fe52:192.168.164.207:46061] with ContainerStateMachine:uninitialized
2019-10-09 22:47:18,526 [pool-393-thread-1] INFO  server.RaftServerConfigKeys (ConfUtils.java:logGet(43)) - raft.server.rpc.timeout.min = 5s (custom)
2019-10-09 22:47:18,526 [pool-393-thread-1] INFO  server.RaftServerConfigKeys (ConfUtils.java:logGet(43)) - raft.server.rpc.timeout.max = 5200ms (custom)
2019-10-09 22:47:18,526 [pool-393-thread-1] INFO  server.RaftServerConfigKeys (ConfUtils.java:logGet(43)) - raft.server.rpcslowness.timeout = 120s (custom)
2019-10-09 22:47:18,526 [pool-393-thread-1] INFO  server.RaftServerConfigKeys (ConfUtils.java:logGet(43)) - raft.server.sleep.deviation.threshold = 300 (default)
2019-10-09 22:47:18,527 [pool-393-thread-1] INFO  server.RaftServerConfigKeys (ConfUtils.java:logGet(43)) - raft.server.log.appender.install.snapshot.enabled = false (custom)
2019-10-09 22:47:18,527 [pool-393-thread-1] INFO  impl.RaftServerImpl (ServerState.java:<init>(103)) - 8dcd39d9-bb30-415b-8513-406c1d30fe52@group-AE5A23F40CBE: ConfigurationManager, init=-1: [8dcd39d9-bb30-415b-8513-406c1d30fe52:192.168.164.207:46061], old=null, confs=<EMPTY_MAP>
2019-10-09 22:47:18,527 [pool-393-thread-1] INFO  server.RaftServerConfigKeys (ConfUtils.java:logGet(43)) - raft.server.storage.dir = [/workdir/hadoop-ozone/integration-test/target/test-dir/MiniOzoneClusterImpl-15c48851-1477-4c83-b9be-6d3ca511f7f9/datanode-1/data/ratis] (custom)
2019-10-09 22:47:18,527 [pool-393-thread-1] INFO  server.RaftServerConfigKeys (ConfUtils.java:logGet(43)) - raft.server.log.corruption.policy = EXCEPTION (default)
2019-10-09 22:47:18,527 [pool-393-thread-1] INFO  storage.RaftStorageDirectory (RaftStorageDirectory.java:analyzeStorage(246)) - The storage directory /workdir/hadoop-ozone/integration-test/target/test-dir/MiniOzoneClusterImpl-15c48851-1477-4c83-b9be-6d3ca511f7f9/datanode-1/data/ratis/f79bd3dc-2580-4ab1-b657-ae5a23f40cbe does not exist. Creating ...
2019-10-09 22:47:18,540 [pool-393-thread-1] INFO  storage.RaftStorageDirectory (RaftStorageDirectory.java:tryLock(328)) - Lock on /workdir/hadoop-ozone/integration-test/target/test-dir/MiniOzoneClusterImpl-15c48851-1477-4c83-b9be-6d3ca511f7f9/datanode-1/data/ratis/f79bd3dc-2580-4ab1-b657-ae5a23f40cbe/in_use.lock acquired by nodename 20079@pr-hdds-1868-7c4vz-2804340038
2019-10-09 22:47:18,552 [pool-393-thread-1] INFO  storage.RaftStorage (RaftStorage.java:format(84)) - Storage directory /workdir/hadoop-ozone/integration-test/target/test-dir/MiniOzoneClusterImpl-15c48851-1477-4c83-b9be-6d3ca511f7f9/datanode-1/data/ratis/f79bd3dc-2580-4ab1-b657-ae5a23f40cbe has been successfully formatted.
2019-10-09 22:47:18,553 [pool-393-thread-1] INFO  ratis.ContainerStateMachine (ContainerStateMachine.java:loadSnapshot(233)) - group-AE5A23F40CBE: The snapshot info is null. Setting the last applied indexto:(t:0, i:~)
2019-10-09 22:47:18,553 [pool-393-thread-1] INFO  server.RaftServerConfigKeys (ConfUtils.java:logGet(43)) - raft.server.notification.no-leader.timeout = 120s (custom)
2019-10-09 22:47:18,553 [pool-393-thread-1] INFO  server.RaftServerConfigKeys (ConfUtils.java:logGet(43)) - raft.server.log.use.memory = false (default)
2019-10-09 22:47:18,553 [pool-393-thread-1] INFO  server.RaftServerConfigKeys (ConfUtils.java:logGet(43)) - raft.server.log.purge.gap = 1000000 (custom)
2019-10-09 22:47:18,553 [pool-393-thread-1] INFO  server.RaftServerConfigKeys (ConfUtils.java:logGet(43)) - raft.server.log.appender.buffer.byte-limit = 33554432 (custom)
2019-10-09 22:47:18,553 [pool-393-thread-1] INFO  server.RaftServerConfigKeys (ConfUtils.java:logGet(43)) - raft.server.log.segment.size.max = 1048576 (custom)
2019-10-09 22:47:18,554 [pool-393-thread-1] INFO  server.RaftServerConfigKeys (ConfUtils.java:logGet(43)) - raft.server.log.segment.cache.num.max = 2 (custom)
2019-10-09 22:47:18,554 [pool-393-thread-1] INFO  segmented.SegmentedRaftLogWorker (SegmentedRaftLogWorker.java:<init>(173)) - new 8dcd39d9-bb30-415b-8513-406c1d30fe52@group-AE5A23F40CBE-SegmentedRaftLogWorker for RaftStorage:Storage Directory /workdir/hadoop-ozone/integration-test/target/test-dir/MiniOzoneClusterImpl-15c48851-1477-4c83-b9be-6d3ca511f7f9/datanode-1/data/ratis/f79bd3dc-2580-4ab1-b657-ae5a23f40cbe
2019-10-09 22:47:18,555 [pool-393-thread-1] INFO  server.RaftServerConfigKeys (ConfUtils.java:logGet(43)) - raft.server.log.queue.byte-limit = 2147483647 (custom)
2019-10-09 22:47:18,555 [pool-393-thread-1] INFO  server.RaftServerConfigKeys (ConfUtils.java:logGet(43)) - raft.server.log.queue.element-limit = 1024 (custom)
2019-10-09 22:47:18,555 [pool-393-thread-1] INFO  server.RaftServerConfigKeys (ConfUtils.java:logGet(43)) - raft.server.log.segment.size.max = 1048576 (custom)
2019-10-09 22:47:18,555 [pool-393-thread-1] INFO  server.RaftServerConfigKeys (ConfUtils.java:logGet(43)) - raft.server.log.preallocated.size = 16384 (custom)
2019-10-09 22:47:18,555 [pool-393-thread-1] INFO  server.RaftServerConfigKeys (ConfUtils.java:logGet(43)) - raft.server.log.write.buffer.size = 33554432 (custom)
2019-10-09 22:47:18,555 [pool-393-thread-1] INFO  server.RaftServerConfigKeys (ConfUtils.java:logGet(43)) - raft.server.log.force.sync.num = 128 (default)
2019-10-09 22:47:18,555 [pool-393-thread-1] INFO  server.RaftServerConfigKeys (ConfUtils.java:logGet(43)) - raft.server.log.statemachine.data.sync = true (default)
2019-10-09 22:47:18,555 [pool-393-thread-1] INFO  server.RaftServerConfigKeys (ConfUtils.java:logGet(43)) - raft.server.log.statemachine.data.sync.timeout = 10s (default)
2019-10-09 22:47:18,555 [pool-393-thread-1] INFO  server.RaftServerConfigKeys (ConfUtils.java:logGet(43)) - raft.server.log.statemachine.data.sync.timeout.retry = -1 (default)
2019-10-09 22:47:18,556 [pool-393-thread-1] INFO  server.RaftServerConfigKeys (ConfUtils.java:logGet(43)) - raft.server.log.statemachine.data.caching.enabled = true (custom)
2019-10-09 22:47:18,556 [pool-393-thread-1] INFO  segmented.SegmentedRaftLogWorker (SegmentedRaftLogWorker.java:lambda$new$0(128)) - 8dcd39d9-bb30-415b-8513-406c1d30fe52@group-AE5A23F40CBE-SegmentedRaftLogWorker: flushIndex: setUnconditionally 0 -> -1
2019-10-09 22:47:18,556 [pool-393-thread-1] INFO  server.RaftServerConfigKeys (ConfUtils.java:logGet(43)) - raft.server.snapshot.auto.trigger.enabled = true (custom)
2019-10-09 22:47:18,556 [pool-393-thread-1] INFO  server.RaftServerConfigKeys (ConfUtils.java:logGet(43)) - raft.server.snapshot.auto.trigger.threshold = 10000 (custom)
2019-10-09 22:47:18,556 [pool-393-thread-1] INFO  server.RaftServerConfigKeys (ConfUtils.java:logGet(43)) - raft.server.snapshot.retention.file.num = 5 (custom)
2019-10-09 22:47:18,557 [pool-393-thread-1] INFO  server.RaftServerConfigKeys (ConfUtils.java:logGet(43)) - raft.server.retrycache.expirytime = 600000ms (custom)
2019-10-09 22:47:18,558 [pool-393-thread-1] INFO  impl.RaftServerImpl (RaftServerImpl.java:start(181)) - 8dcd39d9-bb30-415b-8513-406c1d30fe52@group-AE5A23F40CBE: start as a follower, conf=-1: [8dcd39d9-bb30-415b-8513-406c1d30fe52:192.168.164.207:46061], old=null
2019-10-09 22:47:18,558 [pool-393-thread-1] INFO  impl.RaftServerImpl (RaftServerImpl.java:setRole(170)) - 8dcd39d9-bb30-415b-8513-406c1d30fe52@group-AE5A23F40CBE: changes role from      null to FOLLOWER at term 0 for startAsFollower
2019-10-09 22:47:18,558 [pool-393-thread-1] INFO  impl.RoleInfo (RoleInfo.java:updateAndGet(143)) - 8dcd39d9-bb30-415b-8513-406c1d30fe52: start FollowerState
2019-10-09 22:47:18,559 [pool-393-thread-1] INFO  util.JmxRegister (JmxRegister.java:tryRegister(44)) - Successfully registered JMX Bean with object name Ratis:service=RaftServer,group=group-AE5A23F40CBE,id=8dcd39d9-bb30-415b-8513-406c1d30fe52
2019-10-09 22:47:18,562 [RatisPipelineUtilsThread] INFO  pipeline.PipelineStateManager (PipelineStateManager.java:addPipeline(57)) - Created pipeline Pipeline[ Id: f79bd3dc-2580-4ab1-b657-ae5a23f40cbe, Nodes: 8dcd39d9-bb30-415b-8513-406c1d30fe52{ip: 192.168.164.207, host: pr-hdds-1868-7c4vz-2804340038, networkLocation: /default-rack, certSerialId: null}, Type:RATIS, Factor:ONE, State:ALLOCATED]
2019-10-09 22:47:18,589 [IPC Server handler 7 on 45861] INFO  net.NetworkTopology (NetworkTopologyImpl.java:add(111)) - Added a new node: /default-rack/2b32037e-5057-43b0-83a7-854222bbab73
2019-10-09 22:47:18,590 [IPC Server handler 7 on 45861] INFO  node.SCMNodeManager (SCMNodeManager.java:register(268)) - Registered Data node : 2b32037e-5057-43b0-83a7-854222bbab73{ip: 192.168.164.207, host: pr-hdds-1868-7c4vz-2804340038, networkLocation: /default-rack, certSerialId: null}
2019-10-09 22:47:18,599 [grpc-default-executor-6] INFO  impl.RaftServerProxy (RaftServerProxy.java:addNew(89)) - 2b32037e-5057-43b0-83a7-854222bbab73: addNew group-525D17AF1B97:[2b32037e-5057-43b0-83a7-854222bbab73:192.168.164.207:46803] returns group-525D17AF1B97:java.util.concurrent.CompletableFuture@71c47f0f[Not completed]
2019-10-09 22:47:18,600 [pool-403-thread-1] INFO  impl.RaftServerImpl (RaftServerImpl.java:<init>(95)) - 2b32037e-5057-43b0-83a7-854222bbab73: new RaftServerImpl for group-525D17AF1B97:[2b32037e-5057-43b0-83a7-854222bbab73:192.168.164.207:46803] with ContainerStateMachine:uninitialized
2019-10-09 22:47:18,600 [pool-403-thread-1] INFO  server.RaftServerConfigKeys (ConfUtils.java:logGet(43)) - raft.server.rpc.timeout.min = 5s (custom)
2019-10-09 22:47:18,600 [pool-403-thread-1] INFO  server.RaftServerConfigKeys (ConfUtils.java:logGet(43)) - raft.server.rpc.timeout.max = 5200ms (custom)
2019-10-09 22:47:18,601 [pool-403-thread-1] INFO  server.RaftServerConfigKeys (ConfUtils.java:logGet(43)) - raft.server.rpcslowness.timeout = 120s (custom)
2019-10-09 22:47:18,601 [pool-403-thread-1] INFO  server.RaftServerConfigKeys (ConfUtils.java:logGet(43)) - raft.server.sleep.deviation.threshold = 300 (default)
2019-10-09 22:47:18,601 [pool-403-thread-1] INFO  server.RaftServerConfigKeys (ConfUtils.java:logGet(43)) - raft.server.log.appender.install.snapshot.enabled = false (custom)
2019-10-09 22:47:18,601 [pool-403-thread-1] INFO  impl.RaftServerImpl (ServerState.java:<init>(103)) - 2b32037e-5057-43b0-83a7-854222bbab73@group-525D17AF1B97: ConfigurationManager, init=-1: [2b32037e-5057-43b0-83a7-854222bbab73:192.168.164.207:46803], old=null, confs=<EMPTY_MAP>
2019-10-09 22:47:18,601 [pool-403-thread-1] INFO  server.RaftServerConfigKeys (ConfUtils.java:logGet(43)) - raft.server.storage.dir = [/workdir/hadoop-ozone/integration-test/target/test-dir/MiniOzoneClusterImpl-15c48851-1477-4c83-b9be-6d3ca511f7f9/datanode-2/data/ratis] (custom)
2019-10-09 22:47:18,601 [pool-403-thread-1] INFO  server.RaftServerConfigKeys (ConfUtils.java:logGet(43)) - raft.server.log.corruption.policy = EXCEPTION (default)
2019-10-09 22:47:18,602 [pool-403-thread-1] INFO  storage.RaftStorageDirectory (RaftStorageDirectory.java:analyzeStorage(246)) - The storage directory /workdir/hadoop-ozone/integration-test/target/test-dir/MiniOzoneClusterImpl-15c48851-1477-4c83-b9be-6d3ca511f7f9/datanode-2/data/ratis/8314269a-fc11-42d5-9291-525d17af1b97 does not exist. Creating ...
2019-10-09 22:47:18,614 [pool-403-thread-1] INFO  storage.RaftStorageDirectory (RaftStorageDirectory.java:tryLock(328)) - Lock on /workdir/hadoop-ozone/integration-test/target/test-dir/MiniOzoneClusterImpl-15c48851-1477-4c83-b9be-6d3ca511f7f9/datanode-2/data/ratis/8314269a-fc11-42d5-9291-525d17af1b97/in_use.lock acquired by nodename 20079@pr-hdds-1868-7c4vz-2804340038
2019-10-09 22:47:18,627 [pool-403-thread-1] INFO  storage.RaftStorage (RaftStorage.java:format(84)) - Storage directory /workdir/hadoop-ozone/integration-test/target/test-dir/MiniOzoneClusterImpl-15c48851-1477-4c83-b9be-6d3ca511f7f9/datanode-2/data/ratis/8314269a-fc11-42d5-9291-525d17af1b97 has been successfully formatted.
2019-10-09 22:47:18,627 [pool-403-thread-1] INFO  ratis.ContainerStateMachine (ContainerStateMachine.java:loadSnapshot(233)) - group-525D17AF1B97: The snapshot info is null. Setting the last applied indexto:(t:0, i:~)
2019-10-09 22:47:18,627 [pool-403-thread-1] INFO  server.RaftServerConfigKeys (ConfUtils.java:logGet(43)) - raft.server.notification.no-leader.timeout = 120s (custom)
2019-10-09 22:47:18,627 [pool-403-thread-1] INFO  server.RaftServerConfigKeys (ConfUtils.java:logGet(43)) - raft.server.log.use.memory = false (default)
2019-10-09 22:47:18,627 [pool-403-thread-1] INFO  server.RaftServerConfigKeys (ConfUtils.java:logGet(43)) - raft.server.log.purge.gap = 1000000 (custom)
2019-10-09 22:47:18,627 [pool-403-thread-1] INFO  server.RaftServerConfigKeys (ConfUtils.java:logGet(43)) - raft.server.log.appender.buffer.byte-limit = 33554432 (custom)
2019-10-09 22:47:18,627 [pool-403-thread-1] INFO  server.RaftServerConfigKeys (ConfUtils.java:logGet(43)) - raft.server.log.segment.size.max = 1048576 (custom)
2019-10-09 22:47:18,629 [pool-403-thread-1] INFO  server.RaftServerConfigKeys (ConfUtils.java:logGet(43)) - raft.server.log.segment.cache.num.max = 2 (custom)
2019-10-09 22:47:18,629 [pool-403-thread-1] INFO  segmented.SegmentedRaftLogWorker (SegmentedRaftLogWorker.java:<init>(173)) - new 2b32037e-5057-43b0-83a7-854222bbab73@group-525D17AF1B97-SegmentedRaftLogWorker for RaftStorage:Storage Directory /workdir/hadoop-ozone/integration-test/target/test-dir/MiniOzoneClusterImpl-15c48851-1477-4c83-b9be-6d3ca511f7f9/datanode-2/data/ratis/8314269a-fc11-42d5-9291-525d17af1b97
2019-10-09 22:47:18,629 [pool-403-thread-1] INFO  server.RaftServerConfigKeys (ConfUtils.java:logGet(43)) - raft.server.log.queue.byte-limit = 2147483647 (custom)
2019-10-09 22:47:18,629 [pool-403-thread-1] INFO  server.RaftServerConfigKeys (ConfUtils.java:logGet(43)) - raft.server.log.queue.element-limit = 1024 (custom)
2019-10-09 22:47:18,629 [pool-403-thread-1] INFO  server.RaftServerConfigKeys (ConfUtils.java:logGet(43)) - raft.server.log.segment.size.max = 1048576 (custom)
2019-10-09 22:47:18,629 [pool-403-thread-1] INFO  server.RaftServerConfigKeys (ConfUtils.java:logGet(43)) - raft.server.log.preallocated.size = 16384 (custom)
2019-10-09 22:47:18,629 [pool-403-thread-1] INFO  server.RaftServerConfigKeys (ConfUtils.java:logGet(43)) - raft.server.log.write.buffer.size = 33554432 (custom)
2019-10-09 22:47:18,629 [pool-403-thread-1] INFO  server.RaftServerConfigKeys (ConfUtils.java:logGet(43)) - raft.server.log.force.sync.num = 128 (default)
2019-10-09 22:47:18,629 [pool-403-thread-1] INFO  server.RaftServerConfigKeys (ConfUtils.java:logGet(43)) - raft.server.log.statemachine.data.sync = true (default)
2019-10-09 22:47:18,629 [pool-403-thread-1] INFO  server.RaftServerConfigKeys (ConfUtils.java:logGet(43)) - raft.server.log.statemachine.data.sync.timeout = 10s (default)
2019-10-09 22:47:18,630 [pool-403-thread-1] INFO  server.RaftServerConfigKeys (ConfUtils.java:logGet(43)) - raft.server.log.statemachine.data.sync.timeout.retry = -1 (default)
2019-10-09 22:47:18,630 [pool-403-thread-1] INFO  server.RaftServerConfigKeys (ConfUtils.java:logGet(43)) - raft.server.log.statemachine.data.caching.enabled = true (custom)
2019-10-09 22:47:18,630 [pool-403-thread-1] INFO  segmented.SegmentedRaftLogWorker (SegmentedRaftLogWorker.java:lambda$new$0(128)) - 2b32037e-5057-43b0-83a7-854222bbab73@group-525D17AF1B97-SegmentedRaftLogWorker: flushIndex: setUnconditionally 0 -> -1
2019-10-09 22:47:18,630 [pool-403-thread-1] INFO  server.RaftServerConfigKeys (ConfUtils.java:logGet(43)) - raft.server.snapshot.auto.trigger.enabled = true (custom)
2019-10-09 22:47:18,630 [pool-403-thread-1] INFO  server.RaftServerConfigKeys (ConfUtils.java:logGet(43)) - raft.server.snapshot.auto.trigger.threshold = 10000 (custom)
2019-10-09 22:47:18,630 [pool-403-thread-1] INFO  server.RaftServerConfigKeys (ConfUtils.java:logGet(43)) - raft.server.snapshot.retention.file.num = 5 (custom)
2019-10-09 22:47:18,631 [pool-403-thread-1] INFO  server.RaftServerConfigKeys (ConfUtils.java:logGet(43)) - raft.server.retrycache.expirytime = 600000ms (custom)
2019-10-09 22:47:18,632 [pool-403-thread-1] INFO  impl.RaftServerImpl (RaftServerImpl.java:start(181)) - 2b32037e-5057-43b0-83a7-854222bbab73@group-525D17AF1B97: start as a follower, conf=-1: [2b32037e-5057-43b0-83a7-854222bbab73:192.168.164.207:46803], old=null
2019-10-09 22:47:18,632 [pool-403-thread-1] INFO  impl.RaftServerImpl (RaftServerImpl.java:setRole(170)) - 2b32037e-5057-43b0-83a7-854222bbab73@group-525D17AF1B97: changes role from      null to FOLLOWER at term 0 for startAsFollower
2019-10-09 22:47:18,632 [pool-403-thread-1] INFO  impl.RoleInfo (RoleInfo.java:updateAndGet(143)) - 2b32037e-5057-43b0-83a7-854222bbab73: start FollowerState
2019-10-09 22:47:18,632 [pool-403-thread-1] INFO  util.JmxRegister (JmxRegister.java:tryRegister(44)) - Successfully registered JMX Bean with object name Ratis:service=RaftServer,group=group-525D17AF1B97,id=2b32037e-5057-43b0-83a7-854222bbab73
2019-10-09 22:47:18,635 [RatisPipelineUtilsThread] INFO  pipeline.PipelineStateManager (PipelineStateManager.java:addPipeline(57)) - Created pipeline Pipeline[ Id: 8314269a-fc11-42d5-9291-525d17af1b97, Nodes: 2b32037e-5057-43b0-83a7-854222bbab73{ip: 192.168.164.207, host: pr-hdds-1868-7c4vz-2804340038, networkLocation: /default-rack, certSerialId: null}, Type:RATIS, Factor:ONE, State:ALLOCATED]
2019-10-09 22:47:18,645 [grpc-default-executor-3] INFO  impl.RaftServerProxy (RaftServerProxy.java:addNew(89)) - 8dcd39d9-bb30-415b-8513-406c1d30fe52: addNew group-018EABB5E04B:[8dcd39d9-bb30-415b-8513-406c1d30fe52:192.168.164.207:46061, 0d6c1360-600e-4025-8081-764eff476ffd:192.168.164.207:45425, 2b32037e-5057-43b0-83a7-854222bbab73:192.168.164.207:46803] returns group-018EABB5E04B:java.util.concurrent.CompletableFuture@4784392c[Not completed]
2019-10-09 22:47:18,645 [grpc-default-executor-6] INFO  impl.RaftServerProxy (RaftServerProxy.java:addNew(89)) - 0d6c1360-600e-4025-8081-764eff476ffd: addNew group-018EABB5E04B:[8dcd39d9-bb30-415b-8513-406c1d30fe52:192.168.164.207:46061, 0d6c1360-600e-4025-8081-764eff476ffd:192.168.164.207:45425, 2b32037e-5057-43b0-83a7-854222bbab73:192.168.164.207:46803] returns group-018EABB5E04B:java.util.concurrent.CompletableFuture@19dd93c4[Not completed]
2019-10-09 22:47:18,645 [grpc-default-executor-4] INFO  impl.RaftServerProxy (RaftServerProxy.java:addNew(89)) - 2b32037e-5057-43b0-83a7-854222bbab73: addNew group-018EABB5E04B:[8dcd39d9-bb30-415b-8513-406c1d30fe52:192.168.164.207:46061, 0d6c1360-600e-4025-8081-764eff476ffd:192.168.164.207:45425, 2b32037e-5057-43b0-83a7-854222bbab73:192.168.164.207:46803] returns group-018EABB5E04B:java.util.concurrent.CompletableFuture@3538d98f[Not completed]
2019-10-09 22:47:18,646 [pool-403-thread-1] INFO  impl.RaftServerImpl (RaftServerImpl.java:<init>(95)) - 2b32037e-5057-43b0-83a7-854222bbab73: new RaftServerImpl for group-018EABB5E04B:[8dcd39d9-bb30-415b-8513-406c1d30fe52:192.168.164.207:46061, 0d6c1360-600e-4025-8081-764eff476ffd:192.168.164.207:45425, 2b32037e-5057-43b0-83a7-854222bbab73:192.168.164.207:46803] with ContainerStateMachine:uninitialized
2019-10-09 22:47:18,646 [pool-403-thread-1] INFO  server.RaftServerConfigKeys (ConfUtils.java:logGet(43)) - raft.server.rpc.timeout.min = 5s (custom)
2019-10-09 22:47:18,646 [pool-403-thread-1] INFO  server.RaftServerConfigKeys (ConfUtils.java:logGet(43)) - raft.server.rpc.timeout.max = 5200ms (custom)
2019-10-09 22:47:18,646 [pool-403-thread-1] INFO  server.RaftServerConfigKeys (ConfUtils.java:logGet(43)) - raft.server.rpcslowness.timeout = 120s (custom)
2019-10-09 22:47:18,646 [pool-403-thread-1] INFO  server.RaftServerConfigKeys (ConfUtils.java:logGet(43)) - raft.server.sleep.deviation.threshold = 300 (default)
2019-10-09 22:47:18,646 [pool-403-thread-1] INFO  server.RaftServerConfigKeys (ConfUtils.java:logGet(43)) - raft.server.log.appender.install.snapshot.enabled = false (custom)
2019-10-09 22:47:18,646 [pool-403-thread-1] INFO  impl.RaftServerImpl (ServerState.java:<init>(103)) - 2b32037e-5057-43b0-83a7-854222bbab73@group-018EABB5E04B: ConfigurationManager, init=-1: [8dcd39d9-bb30-415b-8513-406c1d30fe52:192.168.164.207:46061, 0d6c1360-600e-4025-8081-764eff476ffd:192.168.164.207:45425, 2b32037e-5057-43b0-83a7-854222bbab73:192.168.164.207:46803], old=null, confs=<EMPTY_MAP>
2019-10-09 22:47:18,646 [pool-383-thread-1] INFO  impl.RaftServerImpl (RaftServerImpl.java:<init>(95)) - 0d6c1360-600e-4025-8081-764eff476ffd: new RaftServerImpl for group-018EABB5E04B:[8dcd39d9-bb30-415b-8513-406c1d30fe52:192.168.164.207:46061, 0d6c1360-600e-4025-8081-764eff476ffd:192.168.164.207:45425, 2b32037e-5057-43b0-83a7-854222bbab73:192.168.164.207:46803] with ContainerStateMachine:uninitialized
2019-10-09 22:47:18,646 [pool-403-thread-1] INFO  server.RaftServerConfigKeys (ConfUtils.java:logGet(43)) - raft.server.storage.dir = [/workdir/hadoop-ozone/integration-test/target/test-dir/MiniOzoneClusterImpl-15c48851-1477-4c83-b9be-6d3ca511f7f9/datanode-2/data/ratis] (custom)
2019-10-09 22:47:18,646 [pool-383-thread-1] INFO  server.RaftServerConfigKeys (ConfUtils.java:logGet(43)) - raft.server.rpc.timeout.min = 5s (custom)
2019-10-09 22:47:18,646 [pool-403-thread-1] INFO  server.RaftServerConfigKeys (ConfUtils.java:logGet(43)) - raft.server.log.corruption.policy = EXCEPTION (default)
2019-10-09 22:47:18,646 [pool-393-thread-1] INFO  impl.RaftServerImpl (RaftServerImpl.java:<init>(95)) - 8dcd39d9-bb30-415b-8513-406c1d30fe52: new RaftServerImpl for group-018EABB5E04B:[8dcd39d9-bb30-415b-8513-406c1d30fe52:192.168.164.207:46061, 0d6c1360-600e-4025-8081-764eff476ffd:192.168.164.207:45425, 2b32037e-5057-43b0-83a7-854222bbab73:192.168.164.207:46803] with ContainerStateMachine:uninitialized
2019-10-09 22:47:18,647 [pool-403-thread-1] INFO  storage.RaftStorageDirectory (RaftStorageDirectory.java:analyzeStorage(246)) - The storage directory /workdir/hadoop-ozone/integration-test/target/test-dir/MiniOzoneClusterImpl-15c48851-1477-4c83-b9be-6d3ca511f7f9/datanode-2/data/ratis/b1429914-0520-44e4-bfc3-018eabb5e04b does not exist. Creating ...
2019-10-09 22:47:18,647 [pool-383-thread-1] INFO  server.RaftServerConfigKeys (ConfUtils.java:logGet(43)) - raft.server.rpc.timeout.max = 5200ms (custom)
2019-10-09 22:47:18,647 [pool-393-thread-1] INFO  server.RaftServerConfigKeys (ConfUtils.java:logGet(43)) - raft.server.rpc.timeout.min = 5s (custom)
2019-10-09 22:47:18,647 [pool-383-thread-1] INFO  server.RaftServerConfigKeys (ConfUtils.java:logGet(43)) - raft.server.rpcslowness.timeout = 120s (custom)
2019-10-09 22:47:18,647 [pool-393-thread-1] INFO  server.RaftServerConfigKeys (ConfUtils.java:logGet(43)) - raft.server.rpc.timeout.max = 5200ms (custom)
2019-10-09 22:47:18,647 [pool-383-thread-1] INFO  server.RaftServerConfigKeys (ConfUtils.java:logGet(43)) - raft.server.sleep.deviation.threshold = 300 (default)
2019-10-09 22:47:18,647 [pool-393-thread-1] INFO  server.RaftServerConfigKeys (ConfUtils.java:logGet(43)) - raft.server.rpcslowness.timeout = 120s (custom)
2019-10-09 22:47:18,647 [pool-383-thread-1] INFO  server.RaftServerConfigKeys (ConfUtils.java:logGet(43)) - raft.server.log.appender.install.snapshot.enabled = false (custom)
2019-10-09 22:47:18,647 [pool-393-thread-1] INFO  server.RaftServerConfigKeys (ConfUtils.java:logGet(43)) - raft.server.sleep.deviation.threshold = 300 (default)
2019-10-09 22:47:18,647 [pool-383-thread-1] INFO  impl.RaftServerImpl (ServerState.java:<init>(103)) - 0d6c1360-600e-4025-8081-764eff476ffd@group-018EABB5E04B: ConfigurationManager, init=-1: [8dcd39d9-bb30-415b-8513-406c1d30fe52:192.168.164.207:46061, 0d6c1360-600e-4025-8081-764eff476ffd:192.168.164.207:45425, 2b32037e-5057-43b0-83a7-854222bbab73:192.168.164.207:46803], old=null, confs=<EMPTY_MAP>
2019-10-09 22:47:18,647 [pool-393-thread-1] INFO  server.RaftServerConfigKeys (ConfUtils.java:logGet(43)) - raft.server.log.appender.install.snapshot.enabled = false (custom)
2019-10-09 22:47:18,648 [pool-383-thread-1] INFO  server.RaftServerConfigKeys (ConfUtils.java:logGet(43)) - raft.server.storage.dir = [/workdir/hadoop-ozone/integration-test/target/test-dir/MiniOzoneClusterImpl-15c48851-1477-4c83-b9be-6d3ca511f7f9/datanode-0/data/ratis] (custom)
2019-10-09 22:47:18,648 [pool-393-thread-1] INFO  impl.RaftServerImpl (ServerState.java:<init>(103)) - 8dcd39d9-bb30-415b-8513-406c1d30fe52@group-018EABB5E04B: ConfigurationManager, init=-1: [8dcd39d9-bb30-415b-8513-406c1d30fe52:192.168.164.207:46061, 0d6c1360-600e-4025-8081-764eff476ffd:192.168.164.207:45425, 2b32037e-5057-43b0-83a7-854222bbab73:192.168.164.207:46803], old=null, confs=<EMPTY_MAP>
2019-10-09 22:47:18,648 [pool-393-thread-1] INFO  server.RaftServerConfigKeys (ConfUtils.java:logGet(43)) - raft.server.storage.dir = [/workdir/hadoop-ozone/integration-test/target/test-dir/MiniOzoneClusterImpl-15c48851-1477-4c83-b9be-6d3ca511f7f9/datanode-1/data/ratis] (custom)
2019-10-09 22:47:18,648 [pool-383-thread-1] INFO  server.RaftServerConfigKeys (ConfUtils.java:logGet(43)) - raft.server.log.corruption.policy = EXCEPTION (default)
2019-10-09 22:47:18,648 [pool-393-thread-1] INFO  server.RaftServerConfigKeys (ConfUtils.java:logGet(43)) - raft.server.log.corruption.policy = EXCEPTION (default)
2019-10-09 22:47:18,648 [pool-383-thread-1] INFO  storage.RaftStorageDirectory (RaftStorageDirectory.java:analyzeStorage(246)) - The storage directory /workdir/hadoop-ozone/integration-test/target/test-dir/MiniOzoneClusterImpl-15c48851-1477-4c83-b9be-6d3ca511f7f9/datanode-0/data/ratis/b1429914-0520-44e4-bfc3-018eabb5e04b does not exist. Creating ...
2019-10-09 22:47:18,648 [pool-393-thread-1] INFO  storage.RaftStorageDirectory (RaftStorageDirectory.java:analyzeStorage(246)) - The storage directory /workdir/hadoop-ozone/integration-test/target/test-dir/MiniOzoneClusterImpl-15c48851-1477-4c83-b9be-6d3ca511f7f9/datanode-1/data/ratis/b1429914-0520-44e4-bfc3-018eabb5e04b does not exist. Creating ...
2019-10-09 22:47:18,660 [pool-403-thread-1] INFO  storage.RaftStorageDirectory (RaftStorageDirectory.java:tryLock(328)) - Lock on /workdir/hadoop-ozone/integration-test/target/test-dir/MiniOzoneClusterImpl-15c48851-1477-4c83-b9be-6d3ca511f7f9/datanode-2/data/ratis/b1429914-0520-44e4-bfc3-018eabb5e04b/in_use.lock acquired by nodename 20079@pr-hdds-1868-7c4vz-2804340038
2019-10-09 22:47:18,660 [pool-393-thread-1] INFO  storage.RaftStorageDirectory (RaftStorageDirectory.java:tryLock(328)) - Lock on /workdir/hadoop-ozone/integration-test/target/test-dir/MiniOzoneClusterImpl-15c48851-1477-4c83-b9be-6d3ca511f7f9/datanode-1/data/ratis/b1429914-0520-44e4-bfc3-018eabb5e04b/in_use.lock acquired by nodename 20079@pr-hdds-1868-7c4vz-2804340038
2019-10-09 22:47:18,660 [pool-383-thread-1] INFO  storage.RaftStorageDirectory (RaftStorageDirectory.java:tryLock(328)) - Lock on /workdir/hadoop-ozone/integration-test/target/test-dir/MiniOzoneClusterImpl-15c48851-1477-4c83-b9be-6d3ca511f7f9/datanode-0/data/ratis/b1429914-0520-44e4-bfc3-018eabb5e04b/in_use.lock acquired by nodename 20079@pr-hdds-1868-7c4vz-2804340038
2019-10-09 22:47:18,662 [IPC Server handler 8 on 45861] INFO  net.NetworkTopology (NetworkTopologyImpl.java:add(111)) - Added a new node: /default-rack/74a2e125-3a23-4be7-af2d-aa86912c3992
2019-10-09 22:47:18,662 [IPC Server handler 8 on 45861] INFO  node.SCMNodeManager (SCMNodeManager.java:register(268)) - Registered Data node : 74a2e125-3a23-4be7-af2d-aa86912c3992{ip: 192.168.164.207, host: pr-hdds-1868-7c4vz-2804340038, networkLocation: /default-rack, certSerialId: null}
2019-10-09 22:47:18,673 [pool-383-thread-1] INFO  storage.RaftStorage (RaftStorage.java:format(84)) - Storage directory /workdir/hadoop-ozone/integration-test/target/test-dir/MiniOzoneClusterImpl-15c48851-1477-4c83-b9be-6d3ca511f7f9/datanode-0/data/ratis/b1429914-0520-44e4-bfc3-018eabb5e04b has been successfully formatted.
2019-10-09 22:47:18,673 [pool-403-thread-1] INFO  storage.RaftStorage (RaftStorage.java:format(84)) - Storage directory /workdir/hadoop-ozone/integration-test/target/test-dir/MiniOzoneClusterImpl-15c48851-1477-4c83-b9be-6d3ca511f7f9/datanode-2/data/ratis/b1429914-0520-44e4-bfc3-018eabb5e04b has been successfully formatted.
2019-10-09 22:47:18,673 [pool-393-thread-1] INFO  storage.RaftStorage (RaftStorage.java:format(84)) - Storage directory /workdir/hadoop-ozone/integration-test/target/test-dir/MiniOzoneClusterImpl-15c48851-1477-4c83-b9be-6d3ca511f7f9/datanode-1/data/ratis/b1429914-0520-44e4-bfc3-018eabb5e04b has been successfully formatted.
2019-10-09 22:47:18,673 [pool-383-thread-1] INFO  ratis.ContainerStateMachine (ContainerStateMachine.java:loadSnapshot(233)) - group-018EABB5E04B: The snapshot info is null. Setting the last applied indexto:(t:0, i:~)
2019-10-09 22:47:18,673 [pool-393-thread-1] INFO  ratis.ContainerStateMachine (ContainerStateMachine.java:loadSnapshot(233)) - group-018EABB5E04B: The snapshot info is null. Setting the last applied indexto:(t:0, i:~)
2019-10-09 22:47:18,673 [pool-383-thread-1] INFO  server.RaftServerConfigKeys (ConfUtils.java:logGet(43)) - raft.server.notification.no-leader.timeout = 120s (custom)
2019-10-09 22:47:18,673 [pool-403-thread-1] INFO  ratis.ContainerStateMachine (ContainerStateMachine.java:loadSnapshot(233)) - group-018EABB5E04B: The snapshot info is null. Setting the last applied indexto:(t:0, i:~)
2019-10-09 22:47:18,673 [pool-383-thread-1] INFO  server.RaftServerConfigKeys (ConfUtils.java:logGet(43)) - raft.server.log.use.memory = false (default)
2019-10-09 22:47:18,673 [pool-393-thread-1] INFO  server.RaftServerConfigKeys (ConfUtils.java:logGet(43)) - raft.server.notification.no-leader.timeout = 120s (custom)
2019-10-09 22:47:18,674 [pool-383-thread-1] INFO  server.RaftServerConfigKeys (ConfUtils.java:logGet(43)) - raft.server.log.purge.gap = 1000000 (custom)
2019-10-09 22:47:18,674 [pool-403-thread-1] INFO  server.RaftServerConfigKeys (ConfUtils.java:logGet(43)) - raft.server.notification.no-leader.timeout = 120s (custom)
2019-10-09 22:47:18,674 [pool-383-thread-1] INFO  server.RaftServerConfigKeys (ConfUtils.java:logGet(43)) - raft.server.log.appender.buffer.byte-limit = 33554432 (custom)
2019-10-09 22:47:18,674 [pool-393-thread-1] INFO  server.RaftServerConfigKeys (ConfUtils.java:logGet(43)) - raft.server.log.use.memory = false (default)
2019-10-09 22:47:18,674 [pool-383-thread-1] INFO  server.RaftServerConfigKeys (ConfUtils.java:logGet(43)) - raft.server.log.segment.size.max = 1048576 (custom)
2019-10-09 22:47:18,674 [pool-403-thread-1] INFO  server.RaftServerConfigKeys (ConfUtils.java:logGet(43)) - raft.server.log.use.memory = false (default)
2019-10-09 22:47:18,674 [pool-383-thread-1] INFO  server.RaftServerConfigKeys (ConfUtils.java:logGet(43)) - raft.server.log.segment.cache.num.max = 2 (custom)
2019-10-09 22:47:18,674 [pool-393-thread-1] INFO  server.RaftServerConfigKeys (ConfUtils.java:logGet(43)) - raft.server.log.purge.gap = 1000000 (custom)
2019-10-09 22:47:18,674 [pool-383-thread-1] INFO  segmented.SegmentedRaftLogWorker (SegmentedRaftLogWorker.java:<init>(173)) - new 0d6c1360-600e-4025-8081-764eff476ffd@group-018EABB5E04B-SegmentedRaftLogWorker for RaftStorage:Storage Directory /workdir/hadoop-ozone/integration-test/target/test-dir/MiniOzoneClusterImpl-15c48851-1477-4c83-b9be-6d3ca511f7f9/datanode-0/data/ratis/b1429914-0520-44e4-bfc3-018eabb5e04b
2019-10-09 22:47:18,674 [pool-403-thread-1] INFO  server.RaftServerConfigKeys (ConfUtils.java:logGet(43)) - raft.server.log.purge.gap = 1000000 (custom)
2019-10-09 22:47:18,675 [pool-383-thread-1] INFO  server.RaftServerConfigKeys (ConfUtils.java:logGet(43)) - raft.server.log.queue.byte-limit = 2147483647 (custom)
2019-10-09 22:47:18,674 [pool-393-thread-1] INFO  server.RaftServerConfigKeys (ConfUtils.java:logGet(43)) - raft.server.log.appender.buffer.byte-limit = 33554432 (custom)
2019-10-09 22:47:18,675 [pool-383-thread-1] INFO  server.RaftServerConfigKeys (ConfUtils.java:logGet(43)) - raft.server.log.queue.element-limit = 1024 (custom)
2019-10-09 22:47:18,675 [pool-403-thread-1] INFO  server.RaftServerConfigKeys (ConfUtils.java:logGet(43)) - raft.server.log.appender.buffer.byte-limit = 33554432 (custom)
2019-10-09 22:47:18,675 [pool-383-thread-1] INFO  server.RaftServerConfigKeys (ConfUtils.java:logGet(43)) - raft.server.log.segment.size.max = 1048576 (custom)
2019-10-09 22:47:18,675 [pool-393-thread-1] INFO  server.RaftServerConfigKeys (ConfUtils.java:logGet(43)) - raft.server.log.segment.size.max = 1048576 (custom)
2019-10-09 22:47:18,675 [pool-383-thread-1] INFO  server.RaftServerConfigKeys (ConfUtils.java:logGet(43)) - raft.server.log.preallocated.size = 16384 (custom)
2019-10-09 22:47:18,675 [pool-403-thread-1] INFO  server.RaftServerConfigKeys (ConfUtils.java:logGet(43)) - raft.server.log.segment.size.max = 1048576 (custom)
2019-10-09 22:47:18,675 [pool-383-thread-1] INFO  server.RaftServerConfigKeys (ConfUtils.java:logGet(43)) - raft.server.log.write.buffer.size = 33554432 (custom)
2019-10-09 22:47:18,675 [pool-393-thread-1] INFO  server.RaftServerConfigKeys (ConfUtils.java:logGet(43)) - raft.server.log.segment.cache.num.max = 2 (custom)
2019-10-09 22:47:18,676 [pool-383-thread-1] INFO  server.RaftServerConfigKeys (ConfUtils.java:logGet(43)) - raft.server.log.force.sync.num = 128 (default)
2019-10-09 22:47:18,676 [pool-403-thread-1] INFO  server.RaftServerConfigKeys (ConfUtils.java:logGet(43)) - raft.server.log.segment.cache.num.max = 2 (custom)
2019-10-09 22:47:18,676 [pool-383-thread-1] INFO  server.RaftServerConfigKeys (ConfUtils.java:logGet(43)) - raft.server.log.statemachine.data.sync = true (default)
2019-10-09 22:47:18,676 [pool-393-thread-1] INFO  segmented.SegmentedRaftLogWorker (SegmentedRaftLogWorker.java:<init>(173)) - new 8dcd39d9-bb30-415b-8513-406c1d30fe52@group-018EABB5E04B-SegmentedRaftLogWorker for RaftStorage:Storage Directory /workdir/hadoop-ozone/integration-test/target/test-dir/MiniOzoneClusterImpl-15c48851-1477-4c83-b9be-6d3ca511f7f9/datanode-1/data/ratis/b1429914-0520-44e4-bfc3-018eabb5e04b
2019-10-09 22:47:18,676 [pool-383-thread-1] INFO  server.RaftServerConfigKeys (ConfUtils.java:logGet(43)) - raft.server.log.statemachine.data.sync.timeout = 10s (default)
2019-10-09 22:47:18,676 [pool-403-thread-1] INFO  segmented.SegmentedRaftLogWorker (SegmentedRaftLogWorker.java:<init>(173)) - new 2b32037e-5057-43b0-83a7-854222bbab73@group-018EABB5E04B-SegmentedRaftLogWorker for RaftStorage:Storage Directory /workdir/hadoop-ozone/integration-test/target/test-dir/MiniOzoneClusterImpl-15c48851-1477-4c83-b9be-6d3ca511f7f9/datanode-2/data/ratis/b1429914-0520-44e4-bfc3-018eabb5e04b
2019-10-09 22:47:18,676 [pool-383-thread-1] INFO  server.RaftServerConfigKeys (ConfUtils.java:logGet(43)) - raft.server.log.statemachine.data.sync.timeout.retry = -1 (default)
2019-10-09 22:47:18,676 [pool-393-thread-1] INFO  server.RaftServerConfigKeys (ConfUtils.java:logGet(43)) - raft.server.log.queue.byte-limit = 2147483647 (custom)
2019-10-09 22:47:18,676 [pool-383-thread-1] INFO  server.RaftServerConfigKeys (ConfUtils.java:logGet(43)) - raft.server.log.statemachine.data.caching.enabled = true (custom)
2019-10-09 22:47:18,676 [pool-403-thread-1] INFO  server.RaftServerConfigKeys (ConfUtils.java:logGet(43)) - raft.server.log.queue.byte-limit = 2147483647 (custom)
2019-10-09 22:47:18,677 [pool-383-thread-1] INFO  segmented.SegmentedRaftLogWorker (SegmentedRaftLogWorker.java:lambda$new$0(128)) - 0d6c1360-600e-4025-8081-764eff476ffd@group-018EABB5E04B-SegmentedRaftLogWorker: flushIndex: setUnconditionally 0 -> -1
2019-10-09 22:47:18,676 [pool-393-thread-1] INFO  server.RaftServerConfigKeys (ConfUtils.java:logGet(43)) - raft.server.log.queue.element-limit = 1024 (custom)
2019-10-09 22:47:18,677 [pool-403-thread-1] INFO  server.RaftServerConfigKeys (ConfUtils.java:logGet(43)) - raft.server.log.queue.element-limit = 1024 (custom)
2019-10-09 22:47:18,677 [pool-383-thread-1] INFO  server.RaftServerConfigKeys (ConfUtils.java:logGet(43)) - raft.server.snapshot.auto.trigger.enabled = true (custom)
2019-10-09 22:47:18,677 [pool-393-thread-1] INFO  server.RaftServerConfigKeys (ConfUtils.java:logGet(43)) - raft.server.log.segment.size.max = 1048576 (custom)
2019-10-09 22:47:18,677 [pool-383-thread-1] INFO  server.RaftServerConfigKeys (ConfUtils.java:logGet(43)) - raft.server.snapshot.auto.trigger.threshold = 10000 (custom)
2019-10-09 22:47:18,677 [pool-403-thread-1] INFO  server.RaftServerConfigKeys (ConfUtils.java:logGet(43)) - raft.server.log.segment.size.max = 1048576 (custom)
2019-10-09 22:47:18,677 [pool-383-thread-1] INFO  server.RaftServerConfigKeys (ConfUtils.java:logGet(43)) - raft.server.snapshot.retention.file.num = 5 (custom)
2019-10-09 22:47:18,677 [pool-393-thread-1] INFO  server.RaftServerConfigKeys (ConfUtils.java:logGet(43)) - raft.server.log.preallocated.size = 16384 (custom)
2019-10-09 22:47:18,677 [pool-383-thread-1] INFO  server.RaftServerConfigKeys (ConfUtils.java:logGet(43)) - raft.server.retrycache.expirytime = 600000ms (custom)
2019-10-09 22:47:18,677 [pool-403-thread-1] INFO  server.RaftServerConfigKeys (ConfUtils.java:logGet(43)) - raft.server.log.preallocated.size = 16384 (custom)
2019-10-09 22:47:18,677 [pool-393-thread-1] INFO  server.RaftServerConfigKeys (ConfUtils.java:logGet(43)) - raft.server.log.write.buffer.size = 33554432 (custom)
2019-10-09 22:47:18,678 [pool-403-thread-1] INFO  server.RaftServerConfigKeys (ConfUtils.java:logGet(43)) - raft.server.log.write.buffer.size = 33554432 (custom)
2019-10-09 22:47:18,678 [pool-393-thread-1] INFO  server.RaftServerConfigKeys (ConfUtils.java:logGet(43)) - raft.server.log.force.sync.num = 128 (default)
2019-10-09 22:47:18,678 [pool-403-thread-1] INFO  server.RaftServerConfigKeys (ConfUtils.java:logGet(43)) - raft.server.log.force.sync.num = 128 (default)
2019-10-09 22:47:18,678 [pool-393-thread-1] INFO  server.RaftServerConfigKeys (ConfUtils.java:logGet(43)) - raft.server.log.statemachine.data.sync = true (default)
2019-10-09 22:47:18,678 [pool-403-thread-1] INFO  server.RaftServerConfigKeys (ConfUtils.java:logGet(43)) - raft.server.log.statemachine.data.sync = true (default)
2019-10-09 22:47:18,678 [pool-393-thread-1] INFO  server.RaftServerConfigKeys (ConfUtils.java:logGet(43)) - raft.server.log.statemachine.data.sync.timeout = 10s (default)
2019-10-09 22:47:18,678 [pool-403-thread-1] INFO  server.RaftServerConfigKeys (ConfUtils.java:logGet(43)) - raft.server.log.statemachine.data.sync.timeout = 10s (default)
2019-10-09 22:47:18,678 [pool-393-thread-1] INFO  server.RaftServerConfigKeys (ConfUtils.java:logGet(43)) - raft.server.log.statemachine.data.sync.timeout.retry = -1 (default)
2019-10-09 22:47:18,679 [pool-403-thread-1] INFO  server.RaftServerConfigKeys (ConfUtils.java:logGet(43)) - raft.server.log.statemachine.data.sync.timeout.retry = -1 (default)
2019-10-09 22:47:18,679 [pool-393-thread-1] INFO  server.RaftServerConfigKeys (ConfUtils.java:logGet(43)) - raft.server.log.statemachine.data.caching.enabled = true (custom)
2019-10-09 22:47:18,679 [pool-403-thread-1] INFO  server.RaftServerConfigKeys (ConfUtils.java:logGet(43)) - raft.server.log.statemachine.data.caching.enabled = true (custom)
2019-10-09 22:47:18,679 [pool-393-thread-1] INFO  segmented.SegmentedRaftLogWorker (SegmentedRaftLogWorker.java:lambda$new$0(128)) - 8dcd39d9-bb30-415b-8513-406c1d30fe52@group-018EABB5E04B-SegmentedRaftLogWorker: flushIndex: setUnconditionally 0 -> -1
2019-10-09 22:47:18,679 [pool-383-thread-1] INFO  impl.RaftServerImpl (RaftServerImpl.java:start(181)) - 0d6c1360-600e-4025-8081-764eff476ffd@group-018EABB5E04B: start as a follower, conf=-1: [8dcd39d9-bb30-415b-8513-406c1d30fe52:192.168.164.207:46061, 0d6c1360-600e-4025-8081-764eff476ffd:192.168.164.207:45425, 2b32037e-5057-43b0-83a7-854222bbab73:192.168.164.207:46803], old=null
2019-10-09 22:47:18,679 [pool-403-thread-1] INFO  segmented.SegmentedRaftLogWorker (SegmentedRaftLogWorker.java:lambda$new$0(128)) - 2b32037e-5057-43b0-83a7-854222bbab73@group-018EABB5E04B-SegmentedRaftLogWorker: flushIndex: setUnconditionally 0 -> -1
2019-10-09 22:47:18,679 [pool-383-thread-1] INFO  impl.RaftServerImpl (RaftServerImpl.java:setRole(170)) - 0d6c1360-600e-4025-8081-764eff476ffd@group-018EABB5E04B: changes role from      null to FOLLOWER at term 0 for startAsFollower
2019-10-09 22:47:18,679 [pool-393-thread-1] INFO  server.RaftServerConfigKeys (ConfUtils.java:logGet(43)) - raft.server.snapshot.auto.trigger.enabled = true (custom)
2019-10-09 22:47:18,680 [pool-403-thread-1] INFO  server.RaftServerConfigKeys (ConfUtils.java:logGet(43)) - raft.server.snapshot.auto.trigger.enabled = true (custom)
2019-10-09 22:47:18,680 [pool-383-thread-1] INFO  impl.RoleInfo (RoleInfo.java:updateAndGet(143)) - 0d6c1360-600e-4025-8081-764eff476ffd: start FollowerState
2019-10-09 22:47:18,680 [pool-403-thread-1] INFO  server.RaftServerConfigKeys (ConfUtils.java:logGet(43)) - raft.server.snapshot.auto.trigger.threshold = 10000 (custom)
2019-10-09 22:47:18,680 [pool-393-thread-1] INFO  server.RaftServerConfigKeys (ConfUtils.java:logGet(43)) - raft.server.snapshot.auto.trigger.threshold = 10000 (custom)
2019-10-09 22:47:18,680 [pool-383-thread-1] INFO  util.JmxRegister (JmxRegister.java:tryRegister(44)) - Successfully registered JMX Bean with object name Ratis:service=RaftServer,group=group-018EABB5E04B,id=0d6c1360-600e-4025-8081-764eff476ffd
2019-10-09 22:47:18,680 [pool-403-thread-1] INFO  server.RaftServerConfigKeys (ConfUtils.java:logGet(43)) - raft.server.snapshot.retention.file.num = 5 (custom)
2019-10-09 22:47:18,680 [pool-393-thread-1] INFO  server.RaftServerConfigKeys (ConfUtils.java:logGet(43)) - raft.server.snapshot.retention.file.num = 5 (custom)
2019-10-09 22:47:18,680 [pool-403-thread-1] INFO  server.RaftServerConfigKeys (ConfUtils.java:logGet(43)) - raft.server.retrycache.expirytime = 600000ms (custom)
2019-10-09 22:47:18,680 [pool-393-thread-1] INFO  server.RaftServerConfigKeys (ConfUtils.java:logGet(43)) - raft.server.retrycache.expirytime = 600000ms (custom)
2019-10-09 22:47:18,684 [pool-393-thread-1] INFO  impl.RaftServerImpl (RaftServerImpl.java:start(181)) - 8dcd39d9-bb30-415b-8513-406c1d30fe52@group-018EABB5E04B: start as a follower, conf=-1: [8dcd39d9-bb30-415b-8513-406c1d30fe52:192.168.164.207:46061, 0d6c1360-600e-4025-8081-764eff476ffd:192.168.164.207:45425, 2b32037e-5057-43b0-83a7-854222bbab73:192.168.164.207:46803], old=null
2019-10-09 22:47:18,684 [pool-403-thread-1] INFO  impl.RaftServerImpl (RaftServerImpl.java:start(181)) - 2b32037e-5057-43b0-83a7-854222bbab73@group-018EABB5E04B: start as a follower, conf=-1: [8dcd39d9-bb30-415b-8513-406c1d30fe52:192.168.164.207:46061, 0d6c1360-600e-4025-8081-764eff476ffd:192.168.164.207:45425, 2b32037e-5057-43b0-83a7-854222bbab73:192.168.164.207:46803], old=null
2019-10-09 22:47:18,684 [pool-393-thread-1] INFO  impl.RaftServerImpl (RaftServerImpl.java:setRole(170)) - 8dcd39d9-bb30-415b-8513-406c1d30fe52@group-018EABB5E04B: changes role from      null to FOLLOWER at term 0 for startAsFollower
2019-10-09 22:47:18,684 [pool-403-thread-1] INFO  impl.RaftServerImpl (RaftServerImpl.java:setRole(170)) - 2b32037e-5057-43b0-83a7-854222bbab73@group-018EABB5E04B: changes role from      null to FOLLOWER at term 0 for startAsFollower
2019-10-09 22:47:18,684 [pool-393-thread-1] INFO  impl.RoleInfo (RoleInfo.java:updateAndGet(143)) - 8dcd39d9-bb30-415b-8513-406c1d30fe52: start FollowerState
2019-10-09 22:47:18,685 [pool-403-thread-1] INFO  impl.RoleInfo (RoleInfo.java:updateAndGet(143)) - 2b32037e-5057-43b0-83a7-854222bbab73: start FollowerState
2019-10-09 22:47:18,685 [pool-393-thread-1] INFO  util.JmxRegister (JmxRegister.java:tryRegister(44)) - Successfully registered JMX Bean with object name Ratis:service=RaftServer,group=group-018EABB5E04B,id=8dcd39d9-bb30-415b-8513-406c1d30fe52
2019-10-09 22:47:18,685 [pool-403-thread-1] INFO  util.JmxRegister (JmxRegister.java:tryRegister(44)) - Successfully registered JMX Bean with object name Ratis:service=RaftServer,group=group-018EABB5E04B,id=2b32037e-5057-43b0-83a7-854222bbab73
2019-10-09 22:47:18,689 [RatisPipelineUtilsThread] INFO  pipeline.PipelineStateManager (PipelineStateManager.java:addPipeline(57)) - Created pipeline Pipeline[ Id: b1429914-0520-44e4-bfc3-018eabb5e04b, Nodes: 0d6c1360-600e-4025-8081-764eff476ffd{ip: 192.168.164.207, host: pr-hdds-1868-7c4vz-2804340038, networkLocation: /default-rack, certSerialId: null}8dcd39d9-bb30-415b-8513-406c1d30fe52{ip: 192.168.164.207, host: pr-hdds-1868-7c4vz-2804340038, networkLocation: /default-rack, certSerialId: null}2b32037e-5057-43b0-83a7-854222bbab73{ip: 192.168.164.207, host: pr-hdds-1868-7c4vz-2804340038, networkLocation: /default-rack, certSerialId: null}, Type:RATIS, Factor:THREE, State:ALLOCATED]
2019-10-09 22:47:18,730 [IPC Server handler 2 on 45861] INFO  net.NetworkTopology (NetworkTopologyImpl.java:add(111)) - Added a new node: /default-rack/4dd8b4db-5884-4afe-981d-0e381dbd16da
2019-10-09 22:47:18,730 [IPC Server handler 2 on 45861] INFO  node.SCMNodeManager (SCMNodeManager.java:register(268)) - Registered Data node : 4dd8b4db-5884-4afe-981d-0e381dbd16da{ip: 192.168.164.207, host: pr-hdds-1868-7c4vz-2804340038, networkLocation: /default-rack, certSerialId: null}
2019-10-09 22:47:18,737 [grpc-default-executor-4] INFO  impl.RaftServerProxy (RaftServerProxy.java:addNew(89)) - 74a2e125-3a23-4be7-af2d-aa86912c3992: addNew group-164C93D0EF19:[74a2e125-3a23-4be7-af2d-aa86912c3992:192.168.164.207:34683] returns group-164C93D0EF19:java.util.concurrent.CompletableFuture@2541de11[Not completed]
2019-10-09 22:47:18,738 [pool-413-thread-1] INFO  impl.RaftServerImpl (RaftServerImpl.java:<init>(95)) - 74a2e125-3a23-4be7-af2d-aa86912c3992: new RaftServerImpl for group-164C93D0EF19:[74a2e125-3a23-4be7-af2d-aa86912c3992:192.168.164.207:34683] with ContainerStateMachine:uninitialized
2019-10-09 22:47:18,738 [pool-413-thread-1] INFO  server.RaftServerConfigKeys (ConfUtils.java:logGet(43)) - raft.server.rpc.timeout.min = 5s (custom)
2019-10-09 22:47:18,739 [pool-413-thread-1] INFO  server.RaftServerConfigKeys (ConfUtils.java:logGet(43)) - raft.server.rpc.timeout.max = 5200ms (custom)
2019-10-09 22:47:18,739 [pool-413-thread-1] INFO  server.RaftServerConfigKeys (ConfUtils.java:logGet(43)) - raft.server.rpcslowness.timeout = 120s (custom)
2019-10-09 22:47:18,739 [pool-413-thread-1] INFO  server.RaftServerConfigKeys (ConfUtils.java:logGet(43)) - raft.server.sleep.deviation.threshold = 300 (default)
2019-10-09 22:47:18,739 [pool-413-thread-1] INFO  server.RaftServerConfigKeys (ConfUtils.java:logGet(43)) - raft.server.log.appender.install.snapshot.enabled = false (custom)
2019-10-09 22:47:18,739 [pool-413-thread-1] INFO  impl.RaftServerImpl (ServerState.java:<init>(103)) - 74a2e125-3a23-4be7-af2d-aa86912c3992@group-164C93D0EF19: ConfigurationManager, init=-1: [74a2e125-3a23-4be7-af2d-aa86912c3992:192.168.164.207:34683], old=null, confs=<EMPTY_MAP>
2019-10-09 22:47:18,739 [pool-413-thread-1] INFO  server.RaftServerConfigKeys (ConfUtils.java:logGet(43)) - raft.server.storage.dir = [/workdir/hadoop-ozone/integration-test/target/test-dir/MiniOzoneClusterImpl-15c48851-1477-4c83-b9be-6d3ca511f7f9/datanode-3/data/ratis] (custom)
2019-10-09 22:47:18,739 [pool-413-thread-1] INFO  server.RaftServerConfigKeys (ConfUtils.java:logGet(43)) - raft.server.log.corruption.policy = EXCEPTION (default)
2019-10-09 22:47:18,739 [pool-413-thread-1] INFO  storage.RaftStorageDirectory (RaftStorageDirectory.java:analyzeStorage(246)) - The storage directory /workdir/hadoop-ozone/integration-test/target/test-dir/MiniOzoneClusterImpl-15c48851-1477-4c83-b9be-6d3ca511f7f9/datanode-3/data/ratis/51c615a4-cea1-45ce-a7a9-164c93d0ef19 does not exist. Creating ...
2019-10-09 22:47:18,752 [pool-413-thread-1] INFO  storage.RaftStorageDirectory (RaftStorageDirectory.java:tryLock(328)) - Lock on /workdir/hadoop-ozone/integration-test/target/test-dir/MiniOzoneClusterImpl-15c48851-1477-4c83-b9be-6d3ca511f7f9/datanode-3/data/ratis/51c615a4-cea1-45ce-a7a9-164c93d0ef19/in_use.lock acquired by nodename 20079@pr-hdds-1868-7c4vz-2804340038
2019-10-09 22:47:18,771 [pool-413-thread-1] INFO  storage.RaftStorage (RaftStorage.java:format(84)) - Storage directory /workdir/hadoop-ozone/integration-test/target/test-dir/MiniOzoneClusterImpl-15c48851-1477-4c83-b9be-6d3ca511f7f9/datanode-3/data/ratis/51c615a4-cea1-45ce-a7a9-164c93d0ef19 has been successfully formatted.
2019-10-09 22:47:18,771 [pool-413-thread-1] INFO  ratis.ContainerStateMachine (ContainerStateMachine.java:loadSnapshot(233)) - group-164C93D0EF19: The snapshot info is null. Setting the last applied indexto:(t:0, i:~)
2019-10-09 22:47:18,771 [pool-413-thread-1] INFO  server.RaftServerConfigKeys (ConfUtils.java:logGet(43)) - raft.server.notification.no-leader.timeout = 120s (custom)
2019-10-09 22:47:18,771 [pool-413-thread-1] INFO  server.RaftServerConfigKeys (ConfUtils.java:logGet(43)) - raft.server.log.use.memory = false (default)
2019-10-09 22:47:18,772 [pool-413-thread-1] INFO  server.RaftServerConfigKeys (ConfUtils.java:logGet(43)) - raft.server.log.purge.gap = 1000000 (custom)
2019-10-09 22:47:18,772 [pool-413-thread-1] INFO  server.RaftServerConfigKeys (ConfUtils.java:logGet(43)) - raft.server.log.appender.buffer.byte-limit = 33554432 (custom)
2019-10-09 22:47:18,772 [pool-413-thread-1] INFO  server.RaftServerConfigKeys (ConfUtils.java:logGet(43)) - raft.server.log.segment.size.max = 1048576 (custom)
2019-10-09 22:47:18,773 [pool-413-thread-1] INFO  server.RaftServerConfigKeys (ConfUtils.java:logGet(43)) - raft.server.log.segment.cache.num.max = 2 (custom)
2019-10-09 22:47:18,773 [pool-413-thread-1] INFO  segmented.SegmentedRaftLogWorker (SegmentedRaftLogWorker.java:<init>(173)) - new 74a2e125-3a23-4be7-af2d-aa86912c3992@group-164C93D0EF19-SegmentedRaftLogWorker for RaftStorage:Storage Directory /workdir/hadoop-ozone/integration-test/target/test-dir/MiniOzoneClusterImpl-15c48851-1477-4c83-b9be-6d3ca511f7f9/datanode-3/data/ratis/51c615a4-cea1-45ce-a7a9-164c93d0ef19
2019-10-09 22:47:18,773 [pool-413-thread-1] INFO  server.RaftServerConfigKeys (ConfUtils.java:logGet(43)) - raft.server.log.queue.byte-limit = 2147483647 (custom)
2019-10-09 22:47:18,773 [pool-413-thread-1] INFO  server.RaftServerConfigKeys (ConfUtils.java:logGet(43)) - raft.server.log.queue.element-limit = 1024 (custom)
2019-10-09 22:47:18,773 [pool-413-thread-1] INFO  server.RaftServerConfigKeys (ConfUtils.java:logGet(43)) - raft.server.log.segment.size.max = 1048576 (custom)
2019-10-09 22:47:18,773 [pool-413-thread-1] INFO  server.RaftServerConfigKeys (ConfUtils.java:logGet(43)) - raft.server.log.preallocated.size = 16384 (custom)
2019-10-09 22:47:18,773 [pool-413-thread-1] INFO  server.RaftServerConfigKeys (ConfUtils.java:logGet(43)) - raft.server.log.write.buffer.size = 33554432 (custom)
2019-10-09 22:47:18,773 [pool-413-thread-1] INFO  server.RaftServerConfigKeys (ConfUtils.java:logGet(43)) - raft.server.log.force.sync.num = 128 (default)
2019-10-09 22:47:18,774 [pool-413-thread-1] INFO  server.RaftServerConfigKeys (ConfUtils.java:logGet(43)) - raft.server.log.statemachine.data.sync = true (default)
2019-10-09 22:47:18,774 [pool-413-thread-1] INFO  server.RaftServerConfigKeys (ConfUtils.java:logGet(43)) - raft.server.log.statemachine.data.sync.timeout = 10s (default)
2019-10-09 22:47:18,774 [pool-413-thread-1] INFO  server.RaftServerConfigKeys (ConfUtils.java:logGet(43)) - raft.server.log.statemachine.data.sync.timeout.retry = -1 (default)
2019-10-09 22:47:18,774 [pool-413-thread-1] INFO  server.RaftServerConfigKeys (ConfUtils.java:logGet(43)) - raft.server.log.statemachine.data.caching.enabled = true (custom)
2019-10-09 22:47:18,774 [pool-413-thread-1] INFO  segmented.SegmentedRaftLogWorker (SegmentedRaftLogWorker.java:lambda$new$0(128)) - 74a2e125-3a23-4be7-af2d-aa86912c3992@group-164C93D0EF19-SegmentedRaftLogWorker: flushIndex: setUnconditionally 0 -> -1
2019-10-09 22:47:18,774 [pool-413-thread-1] INFO  server.RaftServerConfigKeys (ConfUtils.java:logGet(43)) - raft.server.snapshot.auto.trigger.enabled = true (custom)
2019-10-09 22:47:18,774 [pool-413-thread-1] INFO  server.RaftServerConfigKeys (ConfUtils.java:logGet(43)) - raft.server.snapshot.auto.trigger.threshold = 10000 (custom)
2019-10-09 22:47:18,775 [pool-413-thread-1] INFO  server.RaftServerConfigKeys (ConfUtils.java:logGet(43)) - raft.server.snapshot.retention.file.num = 5 (custom)
2019-10-09 22:47:18,775 [pool-413-thread-1] INFO  server.RaftServerConfigKeys (ConfUtils.java:logGet(43)) - raft.server.retrycache.expirytime = 600000ms (custom)
2019-10-09 22:47:18,776 [pool-413-thread-1] INFO  impl.RaftServerImpl (RaftServerImpl.java:start(181)) - 74a2e125-3a23-4be7-af2d-aa86912c3992@group-164C93D0EF19: start as a follower, conf=-1: [74a2e125-3a23-4be7-af2d-aa86912c3992:192.168.164.207:34683], old=null
2019-10-09 22:47:18,776 [pool-413-thread-1] INFO  impl.RaftServerImpl (RaftServerImpl.java:setRole(170)) - 74a2e125-3a23-4be7-af2d-aa86912c3992@group-164C93D0EF19: changes role from      null to FOLLOWER at term 0 for startAsFollower
2019-10-09 22:47:18,776 [pool-413-thread-1] INFO  impl.RoleInfo (RoleInfo.java:updateAndGet(143)) - 74a2e125-3a23-4be7-af2d-aa86912c3992: start FollowerState
2019-10-09 22:47:18,776 [pool-413-thread-1] INFO  util.JmxRegister (JmxRegister.java:tryRegister(44)) - Successfully registered JMX Bean with object name Ratis:service=RaftServer,group=group-164C93D0EF19,id=74a2e125-3a23-4be7-af2d-aa86912c3992
2019-10-09 22:47:18,779 [RatisPipelineUtilsThread] INFO  pipeline.PipelineStateManager (PipelineStateManager.java:addPipeline(57)) - Created pipeline Pipeline[ Id: 51c615a4-cea1-45ce-a7a9-164c93d0ef19, Nodes: 74a2e125-3a23-4be7-af2d-aa86912c3992{ip: 192.168.164.207, host: pr-hdds-1868-7c4vz-2804340038, networkLocation: /default-rack, certSerialId: null}, Type:RATIS, Factor:ONE, State:ALLOCATED]
2019-10-09 22:47:18,786 [grpc-default-executor-4] INFO  impl.RaftServerProxy (RaftServerProxy.java:addNew(89)) - 4dd8b4db-5884-4afe-981d-0e381dbd16da: addNew group-E6783EC97624:[4dd8b4db-5884-4afe-981d-0e381dbd16da:192.168.164.207:40346] returns group-E6783EC97624:java.util.concurrent.CompletableFuture@74b4c1b0[Not completed]
2019-10-09 22:47:18,787 [pool-423-thread-1] INFO  impl.RaftServerImpl (RaftServerImpl.java:<init>(95)) - 4dd8b4db-5884-4afe-981d-0e381dbd16da: new RaftServerImpl for group-E6783EC97624:[4dd8b4db-5884-4afe-981d-0e381dbd16da:192.168.164.207:40346] with ContainerStateMachine:uninitialized
2019-10-09 22:47:18,787 [pool-423-thread-1] INFO  server.RaftServerConfigKeys (ConfUtils.java:logGet(43)) - raft.server.rpc.timeout.min = 5s (custom)
2019-10-09 22:47:18,787 [pool-423-thread-1] INFO  server.RaftServerConfigKeys (ConfUtils.java:logGet(43)) - raft.server.rpc.timeout.max = 5200ms (custom)
2019-10-09 22:47:18,787 [pool-423-thread-1] INFO  server.RaftServerConfigKeys (ConfUtils.java:logGet(43)) - raft.server.rpcslowness.timeout = 120s (custom)
2019-10-09 22:47:18,787 [pool-423-thread-1] INFO  server.RaftServerConfigKeys (ConfUtils.java:logGet(43)) - raft.server.sleep.deviation.threshold = 300 (default)
2019-10-09 22:47:18,787 [pool-423-thread-1] INFO  server.RaftServerConfigKeys (ConfUtils.java:logGet(43)) - raft.server.log.appender.install.snapshot.enabled = false (custom)
2019-10-09 22:47:18,788 [pool-423-thread-1] INFO  impl.RaftServerImpl (ServerState.java:<init>(103)) - 4dd8b4db-5884-4afe-981d-0e381dbd16da@group-E6783EC97624: ConfigurationManager, init=-1: [4dd8b4db-5884-4afe-981d-0e381dbd16da:192.168.164.207:40346], old=null, confs=<EMPTY_MAP>
2019-10-09 22:47:18,788 [pool-423-thread-1] INFO  server.RaftServerConfigKeys (ConfUtils.java:logGet(43)) - raft.server.storage.dir = [/workdir/hadoop-ozone/integration-test/target/test-dir/MiniOzoneClusterImpl-15c48851-1477-4c83-b9be-6d3ca511f7f9/datanode-4/data/ratis] (custom)
2019-10-09 22:47:18,788 [pool-423-thread-1] INFO  server.RaftServerConfigKeys (ConfUtils.java:logGet(43)) - raft.server.log.corruption.policy = EXCEPTION (default)
2019-10-09 22:47:18,788 [pool-423-thread-1] INFO  storage.RaftStorageDirectory (RaftStorageDirectory.java:analyzeStorage(246)) - The storage directory /workdir/hadoop-ozone/integration-test/target/test-dir/MiniOzoneClusterImpl-15c48851-1477-4c83-b9be-6d3ca511f7f9/datanode-4/data/ratis/bcf5daea-b55c-45bb-a943-e6783ec97624 does not exist. Creating ...
2019-10-09 22:47:18,798 [IPC Server handler 4 on 45861] INFO  net.NetworkTopology (NetworkTopologyImpl.java:add(111)) - Added a new node: /default-rack/cf6d329e-2567-41f2-b7ff-874aad889516
2019-10-09 22:47:18,798 [IPC Server handler 4 on 45861] INFO  node.SCMNodeManager (SCMNodeManager.java:register(268)) - Registered Data node : cf6d329e-2567-41f2-b7ff-874aad889516{ip: 192.168.164.207, host: pr-hdds-1868-7c4vz-2804340038, networkLocation: /default-rack, certSerialId: null}
2019-10-09 22:47:18,801 [pool-423-thread-1] INFO  storage.RaftStorageDirectory (RaftStorageDirectory.java:tryLock(328)) - Lock on /workdir/hadoop-ozone/integration-test/target/test-dir/MiniOzoneClusterImpl-15c48851-1477-4c83-b9be-6d3ca511f7f9/datanode-4/data/ratis/bcf5daea-b55c-45bb-a943-e6783ec97624/in_use.lock acquired by nodename 20079@pr-hdds-1868-7c4vz-2804340038
2019-10-09 22:47:18,814 [pool-423-thread-1] INFO  storage.RaftStorage (RaftStorage.java:format(84)) - Storage directory /workdir/hadoop-ozone/integration-test/target/test-dir/MiniOzoneClusterImpl-15c48851-1477-4c83-b9be-6d3ca511f7f9/datanode-4/data/ratis/bcf5daea-b55c-45bb-a943-e6783ec97624 has been successfully formatted.
2019-10-09 22:47:18,814 [pool-423-thread-1] INFO  ratis.ContainerStateMachine (ContainerStateMachine.java:loadSnapshot(233)) - group-E6783EC97624: The snapshot info is null. Setting the last applied indexto:(t:0, i:~)
2019-10-09 22:47:18,814 [pool-423-thread-1] INFO  server.RaftServerConfigKeys (ConfUtils.java:logGet(43)) - raft.server.notification.no-leader.timeout = 120s (custom)
2019-10-09 22:47:18,814 [pool-423-thread-1] INFO  server.RaftServerConfigKeys (ConfUtils.java:logGet(43)) - raft.server.log.use.memory = false (default)
2019-10-09 22:47:18,814 [pool-423-thread-1] INFO  server.RaftServerConfigKeys (ConfUtils.java:logGet(43)) - raft.server.log.purge.gap = 1000000 (custom)
2019-10-09 22:47:18,814 [pool-423-thread-1] INFO  server.RaftServerConfigKeys (ConfUtils.java:logGet(43)) - raft.server.log.appender.buffer.byte-limit = 33554432 (custom)
2019-10-09 22:47:18,814 [pool-423-thread-1] INFO  server.RaftServerConfigKeys (ConfUtils.java:logGet(43)) - raft.server.log.segment.size.max = 1048576 (custom)
2019-10-09 22:47:18,815 [pool-423-thread-1] INFO  server.RaftServerConfigKeys (ConfUtils.java:logGet(43)) - raft.server.log.segment.cache.num.max = 2 (custom)
2019-10-09 22:47:18,815 [pool-423-thread-1] INFO  segmented.SegmentedRaftLogWorker (SegmentedRaftLogWorker.java:<init>(173)) - new 4dd8b4db-5884-4afe-981d-0e381dbd16da@group-E6783EC97624-SegmentedRaftLogWorker for RaftStorage:Storage Directory /workdir/hadoop-ozone/integration-test/target/test-dir/MiniOzoneClusterImpl-15c48851-1477-4c83-b9be-6d3ca511f7f9/datanode-4/data/ratis/bcf5daea-b55c-45bb-a943-e6783ec97624
2019-10-09 22:47:18,816 [pool-423-thread-1] INFO  server.RaftServerConfigKeys (ConfUtils.java:logGet(43)) - raft.server.log.queue.byte-limit = 2147483647 (custom)
2019-10-09 22:47:18,816 [pool-423-thread-1] INFO  server.RaftServerConfigKeys (ConfUtils.java:logGet(43)) - raft.server.log.queue.element-limit = 1024 (custom)
2019-10-09 22:47:18,816 [pool-423-thread-1] INFO  server.RaftServerConfigKeys (ConfUtils.java:logGet(43)) - raft.server.log.segment.size.max = 1048576 (custom)
2019-10-09 22:47:18,816 [pool-423-thread-1] INFO  server.RaftServerConfigKeys (ConfUtils.java:logGet(43)) - raft.server.log.preallocated.size = 16384 (custom)
2019-10-09 22:47:18,816 [pool-423-thread-1] INFO  server.RaftServerConfigKeys (ConfUtils.java:logGet(43)) - raft.server.log.write.buffer.size = 33554432 (custom)
2019-10-09 22:47:18,816 [pool-423-thread-1] INFO  server.RaftServerConfigKeys (ConfUtils.java:logGet(43)) - raft.server.log.force.sync.num = 128 (default)
2019-10-09 22:47:18,816 [pool-423-thread-1] INFO  server.RaftServerConfigKeys (ConfUtils.java:logGet(43)) - raft.server.log.statemachine.data.sync = true (default)
2019-10-09 22:47:18,816 [pool-423-thread-1] INFO  server.RaftServerConfigKeys (ConfUtils.java:logGet(43)) - raft.server.log.statemachine.data.sync.timeout = 10s (default)
2019-10-09 22:47:18,816 [pool-423-thread-1] INFO  server.RaftServerConfigKeys (ConfUtils.java:logGet(43)) - raft.server.log.statemachine.data.sync.timeout.retry = -1 (default)
2019-10-09 22:47:18,816 [pool-423-thread-1] INFO  server.RaftServerConfigKeys (ConfUtils.java:logGet(43)) - raft.server.log.statemachine.data.caching.enabled = true (custom)
2019-10-09 22:47:18,817 [pool-423-thread-1] INFO  segmented.SegmentedRaftLogWorker (SegmentedRaftLogWorker.java:lambda$new$0(128)) - 4dd8b4db-5884-4afe-981d-0e381dbd16da@group-E6783EC97624-SegmentedRaftLogWorker: flushIndex: setUnconditionally 0 -> -1
2019-10-09 22:47:18,817 [pool-423-thread-1] INFO  server.RaftServerConfigKeys (ConfUtils.java:logGet(43)) - raft.server.snapshot.auto.trigger.enabled = true (custom)
2019-10-09 22:47:18,817 [pool-423-thread-1] INFO  server.RaftServerConfigKeys (ConfUtils.java:logGet(43)) - raft.server.snapshot.auto.trigger.threshold = 10000 (custom)
2019-10-09 22:47:18,817 [pool-423-thread-1] INFO  server.RaftServerConfigKeys (ConfUtils.java:logGet(43)) - raft.server.snapshot.retention.file.num = 5 (custom)
2019-10-09 22:47:18,817 [pool-423-thread-1] INFO  server.RaftServerConfigKeys (ConfUtils.java:logGet(43)) - raft.server.retrycache.expirytime = 600000ms (custom)
2019-10-09 22:47:18,818 [pool-423-thread-1] INFO  impl.RaftServerImpl (RaftServerImpl.java:start(181)) - 4dd8b4db-5884-4afe-981d-0e381dbd16da@group-E6783EC97624: start as a follower, conf=-1: [4dd8b4db-5884-4afe-981d-0e381dbd16da:192.168.164.207:40346], old=null
2019-10-09 22:47:18,818 [pool-423-thread-1] INFO  impl.RaftServerImpl (RaftServerImpl.java:setRole(170)) - 4dd8b4db-5884-4afe-981d-0e381dbd16da@group-E6783EC97624: changes role from      null to FOLLOWER at term 0 for startAsFollower
2019-10-09 22:47:18,818 [pool-423-thread-1] INFO  impl.RoleInfo (RoleInfo.java:updateAndGet(143)) - 4dd8b4db-5884-4afe-981d-0e381dbd16da: start FollowerState
2019-10-09 22:47:18,819 [pool-423-thread-1] INFO  util.JmxRegister (JmxRegister.java:tryRegister(44)) - Successfully registered JMX Bean with object name Ratis:service=RaftServer,group=group-E6783EC97624,id=4dd8b4db-5884-4afe-981d-0e381dbd16da
2019-10-09 22:47:18,822 [RatisPipelineUtilsThread] INFO  pipeline.PipelineStateManager (PipelineStateManager.java:addPipeline(57)) - Created pipeline Pipeline[ Id: bcf5daea-b55c-45bb-a943-e6783ec97624, Nodes: 4dd8b4db-5884-4afe-981d-0e381dbd16da{ip: 192.168.164.207, host: pr-hdds-1868-7c4vz-2804340038, networkLocation: /default-rack, certSerialId: null}, Type:RATIS, Factor:ONE, State:ALLOCATED]
2019-10-09 22:47:18,828 [grpc-default-executor-4] INFO  impl.RaftServerProxy (RaftServerProxy.java:addNew(89)) - cf6d329e-2567-41f2-b7ff-874aad889516: addNew group-C6276FDF7EFE:[cf6d329e-2567-41f2-b7ff-874aad889516:192.168.164.207:46390] returns group-C6276FDF7EFE:java.util.concurrent.CompletableFuture@69340cff[Not completed]
2019-10-09 22:47:18,829 [pool-433-thread-1] INFO  impl.RaftServerImpl (RaftServerImpl.java:<init>(95)) - cf6d329e-2567-41f2-b7ff-874aad889516: new RaftServerImpl for group-C6276FDF7EFE:[cf6d329e-2567-41f2-b7ff-874aad889516:192.168.164.207:46390] with ContainerStateMachine:uninitialized
2019-10-09 22:47:18,829 [pool-433-thread-1] INFO  server.RaftServerConfigKeys (ConfUtils.java:logGet(43)) - raft.server.rpc.timeout.min = 5s (custom)
2019-10-09 22:47:18,829 [pool-433-thread-1] INFO  server.RaftServerConfigKeys (ConfUtils.java:logGet(43)) - raft.server.rpc.timeout.max = 5200ms (custom)
2019-10-09 22:47:18,829 [pool-433-thread-1] INFO  server.RaftServerConfigKeys (ConfUtils.java:logGet(43)) - raft.server.rpcslowness.timeout = 120s (custom)
2019-10-09 22:47:18,829 [pool-433-thread-1] INFO  server.RaftServerConfigKeys (ConfUtils.java:logGet(43)) - raft.server.sleep.deviation.threshold = 300 (default)
2019-10-09 22:47:18,829 [pool-433-thread-1] INFO  server.RaftServerConfigKeys (ConfUtils.java:logGet(43)) - raft.server.log.appender.install.snapshot.enabled = false (custom)
2019-10-09 22:47:18,830 [pool-433-thread-1] INFO  impl.RaftServerImpl (ServerState.java:<init>(103)) - cf6d329e-2567-41f2-b7ff-874aad889516@group-C6276FDF7EFE: ConfigurationManager, init=-1: [cf6d329e-2567-41f2-b7ff-874aad889516:192.168.164.207:46390], old=null, confs=<EMPTY_MAP>
2019-10-09 22:47:18,830 [pool-433-thread-1] INFO  server.RaftServerConfigKeys (ConfUtils.java:logGet(43)) - raft.server.storage.dir = [/workdir/hadoop-ozone/integration-test/target/test-dir/MiniOzoneClusterImpl-15c48851-1477-4c83-b9be-6d3ca511f7f9/datanode-5/data/ratis] (custom)
2019-10-09 22:47:18,830 [pool-433-thread-1] INFO  server.RaftServerConfigKeys (ConfUtils.java:logGet(43)) - raft.server.log.corruption.policy = EXCEPTION (default)
2019-10-09 22:47:18,830 [pool-433-thread-1] INFO  storage.RaftStorageDirectory (RaftStorageDirectory.java:analyzeStorage(246)) - The storage directory /workdir/hadoop-ozone/integration-test/target/test-dir/MiniOzoneClusterImpl-15c48851-1477-4c83-b9be-6d3ca511f7f9/datanode-5/data/ratis/fbb3e3cb-dfa4-4faa-a177-c6276fdf7efe does not exist. Creating ...
2019-10-09 22:47:18,843 [pool-433-thread-1] INFO  storage.RaftStorageDirectory (RaftStorageDirectory.java:tryLock(328)) - Lock on /workdir/hadoop-ozone/integration-test/target/test-dir/MiniOzoneClusterImpl-15c48851-1477-4c83-b9be-6d3ca511f7f9/datanode-5/data/ratis/fbb3e3cb-dfa4-4faa-a177-c6276fdf7efe/in_use.lock acquired by nodename 20079@pr-hdds-1868-7c4vz-2804340038
2019-10-09 22:47:18,853 [IPC Server handler 5 on 45861] INFO  net.NetworkTopology (NetworkTopologyImpl.java:add(111)) - Added a new node: /default-rack/08f99e19-a48a-4e34-b396-b5d0bb9c673f
2019-10-09 22:47:18,853 [IPC Server handler 5 on 45861] INFO  node.SCMNodeManager (SCMNodeManager.java:register(268)) - Registered Data node : 08f99e19-a48a-4e34-b396-b5d0bb9c673f{ip: 192.168.164.207, host: pr-hdds-1868-7c4vz-2804340038, networkLocation: /default-rack, certSerialId: null}
2019-10-09 22:47:18,855 [pool-433-thread-1] INFO  storage.RaftStorage (RaftStorage.java:format(84)) - Storage directory /workdir/hadoop-ozone/integration-test/target/test-dir/MiniOzoneClusterImpl-15c48851-1477-4c83-b9be-6d3ca511f7f9/datanode-5/data/ratis/fbb3e3cb-dfa4-4faa-a177-c6276fdf7efe has been successfully formatted.
2019-10-09 22:47:18,856 [pool-433-thread-1] INFO  ratis.ContainerStateMachine (ContainerStateMachine.java:loadSnapshot(233)) - group-C6276FDF7EFE: The snapshot info is null. Setting the last applied indexto:(t:0, i:~)
2019-10-09 22:47:18,856 [pool-433-thread-1] INFO  server.RaftServerConfigKeys (ConfUtils.java:logGet(43)) - raft.server.notification.no-leader.timeout = 120s (custom)
2019-10-09 22:47:18,856 [pool-433-thread-1] INFO  server.RaftServerConfigKeys (ConfUtils.java:logGet(43)) - raft.server.log.use.memory = false (default)
2019-10-09 22:47:18,856 [pool-433-thread-1] INFO  server.RaftServerConfigKeys (ConfUtils.java:logGet(43)) - raft.server.log.purge.gap = 1000000 (custom)
2019-10-09 22:47:18,856 [pool-433-thread-1] INFO  server.RaftServerConfigKeys (ConfUtils.java:logGet(43)) - raft.server.log.appender.buffer.byte-limit = 33554432 (custom)
2019-10-09 22:47:18,856 [pool-433-thread-1] INFO  server.RaftServerConfigKeys (ConfUtils.java:logGet(43)) - raft.server.log.segment.size.max = 1048576 (custom)
2019-10-09 22:47:18,858 [pool-433-thread-1] INFO  server.RaftServerConfigKeys (ConfUtils.java:logGet(43)) - raft.server.log.segment.cache.num.max = 2 (custom)
2019-10-09 22:47:18,858 [pool-433-thread-1] INFO  segmented.SegmentedRaftLogWorker (SegmentedRaftLogWorker.java:<init>(173)) - new cf6d329e-2567-41f2-b7ff-874aad889516@group-C6276FDF7EFE-SegmentedRaftLogWorker for RaftStorage:Storage Directory /workdir/hadoop-ozone/integration-test/target/test-dir/MiniOzoneClusterImpl-15c48851-1477-4c83-b9be-6d3ca511f7f9/datanode-5/data/ratis/fbb3e3cb-dfa4-4faa-a177-c6276fdf7efe
2019-10-09 22:47:18,858 [pool-433-thread-1] INFO  server.RaftServerConfigKeys (ConfUtils.java:logGet(43)) - raft.server.log.queue.byte-limit = 2147483647 (custom)
2019-10-09 22:47:18,858 [pool-433-thread-1] INFO  server.RaftServerConfigKeys (ConfUtils.java:logGet(43)) - raft.server.log.queue.element-limit = 1024 (custom)
2019-10-09 22:47:18,858 [pool-433-thread-1] INFO  server.RaftServerConfigKeys (ConfUtils.java:logGet(43)) - raft.server.log.segment.size.max = 1048576 (custom)
2019-10-09 22:47:18,859 [pool-433-thread-1] INFO  server.RaftServerConfigKeys (ConfUtils.java:logGet(43)) - raft.server.log.preallocated.size = 16384 (custom)
2019-10-09 22:47:18,859 [pool-433-thread-1] INFO  server.RaftServerConfigKeys (ConfUtils.java:logGet(43)) - raft.server.log.write.buffer.size = 33554432 (custom)
2019-10-09 22:47:18,859 [pool-433-thread-1] INFO  server.RaftServerConfigKeys (ConfUtils.java:logGet(43)) - raft.server.log.force.sync.num = 128 (default)
2019-10-09 22:47:18,859 [pool-433-thread-1] INFO  server.RaftServerConfigKeys (ConfUtils.java:logGet(43)) - raft.server.log.statemachine.data.sync = true (default)
2019-10-09 22:47:18,859 [pool-433-thread-1] INFO  server.RaftServerConfigKeys (ConfUtils.java:logGet(43)) - raft.server.log.statemachine.data.sync.timeout = 10s (default)
2019-10-09 22:47:18,859 [pool-433-thread-1] INFO  server.RaftServerConfigKeys (ConfUtils.java:logGet(43)) - raft.server.log.statemachine.data.sync.timeout.retry = -1 (default)
2019-10-09 22:47:18,859 [pool-433-thread-1] INFO  server.RaftServerConfigKeys (ConfUtils.java:logGet(43)) - raft.server.log.statemachine.data.caching.enabled = true (custom)
2019-10-09 22:47:18,860 [pool-433-thread-1] INFO  segmented.SegmentedRaftLogWorker (SegmentedRaftLogWorker.java:lambda$new$0(128)) - cf6d329e-2567-41f2-b7ff-874aad889516@group-C6276FDF7EFE-SegmentedRaftLogWorker: flushIndex: setUnconditionally 0 -> -1
2019-10-09 22:47:18,860 [pool-433-thread-1] INFO  server.RaftServerConfigKeys (ConfUtils.java:logGet(43)) - raft.server.snapshot.auto.trigger.enabled = true (custom)
2019-10-09 22:47:18,860 [pool-433-thread-1] INFO  server.RaftServerConfigKeys (ConfUtils.java:logGet(43)) - raft.server.snapshot.auto.trigger.threshold = 10000 (custom)
2019-10-09 22:47:18,860 [pool-433-thread-1] INFO  server.RaftServerConfigKeys (ConfUtils.java:logGet(43)) - raft.server.snapshot.retention.file.num = 5 (custom)
2019-10-09 22:47:18,860 [pool-433-thread-1] INFO  server.RaftServerConfigKeys (ConfUtils.java:logGet(43)) - raft.server.retrycache.expirytime = 600000ms (custom)
2019-10-09 22:47:18,862 [pool-433-thread-1] INFO  impl.RaftServerImpl (RaftServerImpl.java:start(181)) - cf6d329e-2567-41f2-b7ff-874aad889516@group-C6276FDF7EFE: start as a follower, conf=-1: [cf6d329e-2567-41f2-b7ff-874aad889516:192.168.164.207:46390], old=null
2019-10-09 22:47:18,862 [pool-433-thread-1] INFO  impl.RaftServerImpl (RaftServerImpl.java:setRole(170)) - cf6d329e-2567-41f2-b7ff-874aad889516@group-C6276FDF7EFE: changes role from      null to FOLLOWER at term 0 for startAsFollower
2019-10-09 22:47:18,862 [pool-433-thread-1] INFO  impl.RoleInfo (RoleInfo.java:updateAndGet(143)) - cf6d329e-2567-41f2-b7ff-874aad889516: start FollowerState
2019-10-09 22:47:18,862 [pool-433-thread-1] INFO  util.JmxRegister (JmxRegister.java:tryRegister(44)) - Successfully registered JMX Bean with object name Ratis:service=RaftServer,group=group-C6276FDF7EFE,id=cf6d329e-2567-41f2-b7ff-874aad889516
2019-10-09 22:47:18,865 [RatisPipelineUtilsThread] INFO  pipeline.PipelineStateManager (PipelineStateManager.java:addPipeline(57)) - Created pipeline Pipeline[ Id: fbb3e3cb-dfa4-4faa-a177-c6276fdf7efe, Nodes: cf6d329e-2567-41f2-b7ff-874aad889516{ip: 192.168.164.207, host: pr-hdds-1868-7c4vz-2804340038, networkLocation: /default-rack, certSerialId: null}, Type:RATIS, Factor:ONE, State:ALLOCATED]
2019-10-09 22:47:18,871 [grpc-default-executor-4] INFO  impl.RaftServerProxy (RaftServerProxy.java:addNew(89)) - 08f99e19-a48a-4e34-b396-b5d0bb9c673f: addNew group-A4CAA3DF5ACE:[08f99e19-a48a-4e34-b396-b5d0bb9c673f:192.168.164.207:41324] returns group-A4CAA3DF5ACE:java.util.concurrent.CompletableFuture@1d13b80b[Not completed]
2019-10-09 22:47:18,872 [pool-443-thread-1] INFO  impl.RaftServerImpl (RaftServerImpl.java:<init>(95)) - 08f99e19-a48a-4e34-b396-b5d0bb9c673f: new RaftServerImpl for group-A4CAA3DF5ACE:[08f99e19-a48a-4e34-b396-b5d0bb9c673f:192.168.164.207:41324] with ContainerStateMachine:uninitialized
2019-10-09 22:47:18,872 [pool-443-thread-1] INFO  server.RaftServerConfigKeys (ConfUtils.java:logGet(43)) - raft.server.rpc.timeout.min = 5s (custom)
2019-10-09 22:47:18,872 [pool-443-thread-1] INFO  server.RaftServerConfigKeys (ConfUtils.java:logGet(43)) - raft.server.rpc.timeout.max = 5200ms (custom)
2019-10-09 22:47:18,872 [pool-443-thread-1] INFO  server.RaftServerConfigKeys (ConfUtils.java:logGet(43)) - raft.server.rpcslowness.timeout = 120s (custom)
2019-10-09 22:47:18,872 [pool-443-thread-1] INFO  server.RaftServerConfigKeys (ConfUtils.java:logGet(43)) - raft.server.sleep.deviation.threshold = 300 (default)
2019-10-09 22:47:18,872 [pool-443-thread-1] INFO  server.RaftServerConfigKeys (ConfUtils.java:logGet(43)) - raft.server.log.appender.install.snapshot.enabled = false (custom)
2019-10-09 22:47:18,873 [pool-443-thread-1] INFO  impl.RaftServerImpl (ServerState.java:<init>(103)) - 08f99e19-a48a-4e34-b396-b5d0bb9c673f@group-A4CAA3DF5ACE: ConfigurationManager, init=-1: [08f99e19-a48a-4e34-b396-b5d0bb9c673f:192.168.164.207:41324], old=null, confs=<EMPTY_MAP>
2019-10-09 22:47:18,873 [pool-443-thread-1] INFO  server.RaftServerConfigKeys (ConfUtils.java:logGet(43)) - raft.server.storage.dir = [/workdir/hadoop-ozone/integration-test/target/test-dir/MiniOzoneClusterImpl-15c48851-1477-4c83-b9be-6d3ca511f7f9/datanode-6/data/ratis] (custom)
2019-10-09 22:47:18,873 [pool-443-thread-1] INFO  server.RaftServerConfigKeys (ConfUtils.java:logGet(43)) - raft.server.log.corruption.policy = EXCEPTION (default)
2019-10-09 22:47:18,873 [pool-443-thread-1] INFO  storage.RaftStorageDirectory (RaftStorageDirectory.java:analyzeStorage(246)) - The storage directory /workdir/hadoop-ozone/integration-test/target/test-dir/MiniOzoneClusterImpl-15c48851-1477-4c83-b9be-6d3ca511f7f9/datanode-6/data/ratis/e617158e-20b4-4b8b-838e-a4caa3df5ace does not exist. Creating ...
2019-10-09 22:47:18,886 [pool-443-thread-1] INFO  storage.RaftStorageDirectory (RaftStorageDirectory.java:tryLock(328)) - Lock on /workdir/hadoop-ozone/integration-test/target/test-dir/MiniOzoneClusterImpl-15c48851-1477-4c83-b9be-6d3ca511f7f9/datanode-6/data/ratis/e617158e-20b4-4b8b-838e-a4caa3df5ace/in_use.lock acquired by nodename 20079@pr-hdds-1868-7c4vz-2804340038
2019-10-09 22:47:18,898 [pool-443-thread-1] INFO  storage.RaftStorage (RaftStorage.java:format(84)) - Storage directory /workdir/hadoop-ozone/integration-test/target/test-dir/MiniOzoneClusterImpl-15c48851-1477-4c83-b9be-6d3ca511f7f9/datanode-6/data/ratis/e617158e-20b4-4b8b-838e-a4caa3df5ace has been successfully formatted.
2019-10-09 22:47:18,898 [pool-443-thread-1] INFO  ratis.ContainerStateMachine (ContainerStateMachine.java:loadSnapshot(233)) - group-A4CAA3DF5ACE: The snapshot info is null. Setting the last applied indexto:(t:0, i:~)
2019-10-09 22:47:18,899 [pool-443-thread-1] INFO  server.RaftServerConfigKeys (ConfUtils.java:logGet(43)) - raft.server.notification.no-leader.timeout = 120s (custom)
2019-10-09 22:47:18,899 [pool-443-thread-1] INFO  server.RaftServerConfigKeys (ConfUtils.java:logGet(43)) - raft.server.log.use.memory = false (default)
2019-10-09 22:47:18,899 [pool-443-thread-1] INFO  server.RaftServerConfigKeys (ConfUtils.java:logGet(43)) - raft.server.log.purge.gap = 1000000 (custom)
2019-10-09 22:47:18,899 [pool-443-thread-1] INFO  server.RaftServerConfigKeys (ConfUtils.java:logGet(43)) - raft.server.log.appender.buffer.byte-limit = 33554432 (custom)
2019-10-09 22:47:18,899 [pool-443-thread-1] INFO  server.RaftServerConfigKeys (ConfUtils.java:logGet(43)) - raft.server.log.segment.size.max = 1048576 (custom)
2019-10-09 22:47:18,900 [pool-443-thread-1] INFO  server.RaftServerConfigKeys (ConfUtils.java:logGet(43)) - raft.server.log.segment.cache.num.max = 2 (custom)
2019-10-09 22:47:18,900 [pool-443-thread-1] INFO  segmented.SegmentedRaftLogWorker (SegmentedRaftLogWorker.java:<init>(173)) - new 08f99e19-a48a-4e34-b396-b5d0bb9c673f@group-A4CAA3DF5ACE-SegmentedRaftLogWorker for RaftStorage:Storage Directory /workdir/hadoop-ozone/integration-test/target/test-dir/MiniOzoneClusterImpl-15c48851-1477-4c83-b9be-6d3ca511f7f9/datanode-6/data/ratis/e617158e-20b4-4b8b-838e-a4caa3df5ace
2019-10-09 22:47:18,900 [pool-443-thread-1] INFO  server.RaftServerConfigKeys (ConfUtils.java:logGet(43)) - raft.server.log.queue.byte-limit = 2147483647 (custom)
2019-10-09 22:47:18,900 [pool-443-thread-1] INFO  server.RaftServerConfigKeys (ConfUtils.java:logGet(43)) - raft.server.log.queue.element-limit = 1024 (custom)
2019-10-09 22:47:18,900 [pool-443-thread-1] INFO  server.RaftServerConfigKeys (ConfUtils.java:logGet(43)) - raft.server.log.segment.size.max = 1048576 (custom)
2019-10-09 22:47:18,900 [pool-443-thread-1] INFO  server.RaftServerConfigKeys (ConfUtils.java:logGet(43)) - raft.server.log.preallocated.size = 16384 (custom)
2019-10-09 22:47:18,901 [pool-443-thread-1] INFO  server.RaftServerConfigKeys (ConfUtils.java:logGet(43)) - raft.server.log.write.buffer.size = 33554432 (custom)
2019-10-09 22:47:18,901 [pool-443-thread-1] INFO  server.RaftServerConfigKeys (ConfUtils.java:logGet(43)) - raft.server.log.force.sync.num = 128 (default)
2019-10-09 22:47:18,901 [pool-443-thread-1] INFO  server.RaftServerConfigKeys (ConfUtils.java:logGet(43)) - raft.server.log.statemachine.data.sync = true (default)
2019-10-09 22:47:18,901 [pool-443-thread-1] INFO  server.RaftServerConfigKeys (ConfUtils.java:logGet(43)) - raft.server.log.statemachine.data.sync.timeout = 10s (default)
2019-10-09 22:47:18,901 [pool-443-thread-1] INFO  server.RaftServerConfigKeys (ConfUtils.java:logGet(43)) - raft.server.log.statemachine.data.sync.timeout.retry = -1 (default)
2019-10-09 22:47:18,901 [pool-443-thread-1] INFO  server.RaftServerConfigKeys (ConfUtils.java:logGet(43)) - raft.server.log.statemachine.data.caching.enabled = true (custom)
2019-10-09 22:47:18,901 [pool-443-thread-1] INFO  segmented.SegmentedRaftLogWorker (SegmentedRaftLogWorker.java:lambda$new$0(128)) - 08f99e19-a48a-4e34-b396-b5d0bb9c673f@group-A4CAA3DF5ACE-SegmentedRaftLogWorker: flushIndex: setUnconditionally 0 -> -1
2019-10-09 22:47:18,902 [pool-443-thread-1] INFO  server.RaftServerConfigKeys (ConfUtils.java:logGet(43)) - raft.server.snapshot.auto.trigger.enabled = true (custom)
2019-10-09 22:47:18,902 [pool-443-thread-1] INFO  server.RaftServerConfigKeys (ConfUtils.java:logGet(43)) - raft.server.snapshot.auto.trigger.threshold = 10000 (custom)
2019-10-09 22:47:18,902 [pool-443-thread-1] INFO  server.RaftServerConfigKeys (ConfUtils.java:logGet(43)) - raft.server.snapshot.retention.file.num = 5 (custom)
2019-10-09 22:47:18,902 [pool-443-thread-1] INFO  server.RaftServerConfigKeys (ConfUtils.java:logGet(43)) - raft.server.retrycache.expirytime = 600000ms (custom)
2019-10-09 22:47:18,903 [pool-443-thread-1] INFO  impl.RaftServerImpl (RaftServerImpl.java:start(181)) - 08f99e19-a48a-4e34-b396-b5d0bb9c673f@group-A4CAA3DF5ACE: start as a follower, conf=-1: [08f99e19-a48a-4e34-b396-b5d0bb9c673f:192.168.164.207:41324], old=null
2019-10-09 22:47:18,903 [pool-443-thread-1] INFO  impl.RaftServerImpl (RaftServerImpl.java:setRole(170)) - 08f99e19-a48a-4e34-b396-b5d0bb9c673f@group-A4CAA3DF5ACE: changes role from      null to FOLLOWER at term 0 for startAsFollower
2019-10-09 22:47:18,903 [pool-443-thread-1] INFO  impl.RoleInfo (RoleInfo.java:updateAndGet(143)) - 08f99e19-a48a-4e34-b396-b5d0bb9c673f: start FollowerState
2019-10-09 22:47:18,903 [pool-443-thread-1] INFO  util.JmxRegister (JmxRegister.java:tryRegister(44)) - Successfully registered JMX Bean with object name Ratis:service=RaftServer,group=group-A4CAA3DF5ACE,id=08f99e19-a48a-4e34-b396-b5d0bb9c673f
2019-10-09 22:47:18,906 [RatisPipelineUtilsThread] INFO  pipeline.PipelineStateManager (PipelineStateManager.java:addPipeline(57)) - Created pipeline Pipeline[ Id: e617158e-20b4-4b8b-838e-a4caa3df5ace, Nodes: 08f99e19-a48a-4e34-b396-b5d0bb9c673f{ip: 192.168.164.207, host: pr-hdds-1868-7c4vz-2804340038, networkLocation: /default-rack, certSerialId: null}, Type:RATIS, Factor:ONE, State:ALLOCATED]
2019-10-09 22:47:18,915 [grpc-default-executor-3] INFO  impl.RaftServerProxy (RaftServerProxy.java:addNew(89)) - 08f99e19-a48a-4e34-b396-b5d0bb9c673f: addNew group-8D224628DC16:[08f99e19-a48a-4e34-b396-b5d0bb9c673f:192.168.164.207:41324, 4dd8b4db-5884-4afe-981d-0e381dbd16da:192.168.164.207:40346, 74a2e125-3a23-4be7-af2d-aa86912c3992:192.168.164.207:34683] returns group-8D224628DC16:java.util.concurrent.CompletableFuture@4ea62dd3[Not completed]
2019-10-09 22:47:18,915 [grpc-default-executor-4] INFO  impl.RaftServerProxy (RaftServerProxy.java:addNew(89)) - 74a2e125-3a23-4be7-af2d-aa86912c3992: addNew group-8D224628DC16:[08f99e19-a48a-4e34-b396-b5d0bb9c673f:192.168.164.207:41324, 4dd8b4db-5884-4afe-981d-0e381dbd16da:192.168.164.207:40346, 74a2e125-3a23-4be7-af2d-aa86912c3992:192.168.164.207:34683] returns group-8D224628DC16:java.util.concurrent.CompletableFuture@10dba9a2[Not completed]
2019-10-09 22:47:18,915 [grpc-default-executor-6] INFO  impl.RaftServerProxy (RaftServerProxy.java:addNew(89)) - 4dd8b4db-5884-4afe-981d-0e381dbd16da: addNew group-8D224628DC16:[08f99e19-a48a-4e34-b396-b5d0bb9c673f:192.168.164.207:41324, 4dd8b4db-5884-4afe-981d-0e381dbd16da:192.168.164.207:40346, 74a2e125-3a23-4be7-af2d-aa86912c3992:192.168.164.207:34683] returns group-8D224628DC16:java.util.concurrent.CompletableFuture@1f7d4818[Not completed]
2019-10-09 22:47:18,916 [pool-423-thread-1] INFO  impl.RaftServerImpl (RaftServerImpl.java:<init>(95)) - 4dd8b4db-5884-4afe-981d-0e381dbd16da: new RaftServerImpl for group-8D224628DC16:[08f99e19-a48a-4e34-b396-b5d0bb9c673f:192.168.164.207:41324, 4dd8b4db-5884-4afe-981d-0e381dbd16da:192.168.164.207:40346, 74a2e125-3a23-4be7-af2d-aa86912c3992:192.168.164.207:34683] with ContainerStateMachine:uninitialized
2019-10-09 22:47:18,916 [pool-423-thread-1] INFO  server.RaftServerConfigKeys (ConfUtils.java:logGet(43)) - raft.server.rpc.timeout.min = 5s (custom)
2019-10-09 22:47:18,916 [pool-423-thread-1] INFO  server.RaftServerConfigKeys (ConfUtils.java:logGet(43)) - raft.server.rpc.timeout.max = 5200ms (custom)
2019-10-09 22:47:18,916 [pool-423-thread-1] INFO  server.RaftServerConfigKeys (ConfUtils.java:logGet(43)) - raft.server.rpcslowness.timeout = 120s (custom)
2019-10-09 22:47:18,916 [pool-423-thread-1] INFO  server.RaftServerConfigKeys (ConfUtils.java:logGet(43)) - raft.server.sleep.deviation.threshold = 300 (default)
2019-10-09 22:47:18,916 [pool-423-thread-1] INFO  server.RaftServerConfigKeys (ConfUtils.java:logGet(43)) - raft.server.log.appender.install.snapshot.enabled = false (custom)
2019-10-09 22:47:18,916 [pool-423-thread-1] INFO  impl.RaftServerImpl (ServerState.java:<init>(103)) - 4dd8b4db-5884-4afe-981d-0e381dbd16da@group-8D224628DC16: ConfigurationManager, init=-1: [08f99e19-a48a-4e34-b396-b5d0bb9c673f:192.168.164.207:41324, 4dd8b4db-5884-4afe-981d-0e381dbd16da:192.168.164.207:40346, 74a2e125-3a23-4be7-af2d-aa86912c3992:192.168.164.207:34683], old=null, confs=<EMPTY_MAP>
2019-10-09 22:47:18,916 [pool-423-thread-1] INFO  server.RaftServerConfigKeys (ConfUtils.java:logGet(43)) - raft.server.storage.dir = [/workdir/hadoop-ozone/integration-test/target/test-dir/MiniOzoneClusterImpl-15c48851-1477-4c83-b9be-6d3ca511f7f9/datanode-4/data/ratis] (custom)
2019-10-09 22:47:18,917 [pool-423-thread-1] INFO  server.RaftServerConfigKeys (ConfUtils.java:logGet(43)) - raft.server.log.corruption.policy = EXCEPTION (default)
2019-10-09 22:47:18,917 [pool-413-thread-1] INFO  impl.RaftServerImpl (RaftServerImpl.java:<init>(95)) - 74a2e125-3a23-4be7-af2d-aa86912c3992: new RaftServerImpl for group-8D224628DC16:[08f99e19-a48a-4e34-b396-b5d0bb9c673f:192.168.164.207:41324, 4dd8b4db-5884-4afe-981d-0e381dbd16da:192.168.164.207:40346, 74a2e125-3a23-4be7-af2d-aa86912c3992:192.168.164.207:34683] with ContainerStateMachine:uninitialized
2019-10-09 22:47:18,917 [pool-423-thread-1] INFO  storage.RaftStorageDirectory (RaftStorageDirectory.java:analyzeStorage(246)) - The storage directory /workdir/hadoop-ozone/integration-test/target/test-dir/MiniOzoneClusterImpl-15c48851-1477-4c83-b9be-6d3ca511f7f9/datanode-4/data/ratis/cf51787b-81d3-4b86-8976-8d224628dc16 does not exist. Creating ...
2019-10-09 22:47:18,917 [pool-443-thread-1] INFO  impl.RaftServerImpl (RaftServerImpl.java:<init>(95)) - 08f99e19-a48a-4e34-b396-b5d0bb9c673f: new RaftServerImpl for group-8D224628DC16:[08f99e19-a48a-4e34-b396-b5d0bb9c673f:192.168.164.207:41324, 4dd8b4db-5884-4afe-981d-0e381dbd16da:192.168.164.207:40346, 74a2e125-3a23-4be7-af2d-aa86912c3992:192.168.164.207:34683] with ContainerStateMachine:uninitialized
2019-10-09 22:47:18,917 [pool-413-thread-1] INFO  server.RaftServerConfigKeys (ConfUtils.java:logGet(43)) - raft.server.rpc.timeout.min = 5s (custom)
2019-10-09 22:47:18,917 [pool-443-thread-1] INFO  server.RaftServerConfigKeys (ConfUtils.java:logGet(43)) - raft.server.rpc.timeout.min = 5s (custom)
2019-10-09 22:47:18,917 [pool-413-thread-1] INFO  server.RaftServerConfigKeys (ConfUtils.java:logGet(43)) - raft.server.rpc.timeout.max = 5200ms (custom)
2019-10-09 22:47:18,917 [pool-443-thread-1] INFO  server.RaftServerConfigKeys (ConfUtils.java:logGet(43)) - raft.server.rpc.timeout.max = 5200ms (custom)
2019-10-09 22:47:18,917 [pool-413-thread-1] INFO  server.RaftServerConfigKeys (ConfUtils.java:logGet(43)) - raft.server.rpcslowness.timeout = 120s (custom)
2019-10-09 22:47:18,917 [pool-443-thread-1] INFO  server.RaftServerConfigKeys (ConfUtils.java:logGet(43)) - raft.server.rpcslowness.timeout = 120s (custom)
2019-10-09 22:47:18,918 [pool-413-thread-1] INFO  server.RaftServerConfigKeys (ConfUtils.java:logGet(43)) - raft.server.sleep.deviation.threshold = 300 (default)
2019-10-09 22:47:18,918 [pool-443-thread-1] INFO  server.RaftServerConfigKeys (ConfUtils.java:logGet(43)) - raft.server.sleep.deviation.threshold = 300 (default)
2019-10-09 22:47:18,918 [pool-413-thread-1] INFO  server.RaftServerConfigKeys (ConfUtils.java:logGet(43)) - raft.server.log.appender.install.snapshot.enabled = false (custom)
2019-10-09 22:47:18,918 [pool-443-thread-1] INFO  server.RaftServerConfigKeys (ConfUtils.java:logGet(43)) - raft.server.log.appender.install.snapshot.enabled = false (custom)
2019-10-09 22:47:18,918 [pool-413-thread-1] INFO  impl.RaftServerImpl (ServerState.java:<init>(103)) - 74a2e125-3a23-4be7-af2d-aa86912c3992@group-8D224628DC16: ConfigurationManager, init=-1: [08f99e19-a48a-4e34-b396-b5d0bb9c673f:192.168.164.207:41324, 4dd8b4db-5884-4afe-981d-0e381dbd16da:192.168.164.207:40346, 74a2e125-3a23-4be7-af2d-aa86912c3992:192.168.164.207:34683], old=null, confs=<EMPTY_MAP>
2019-10-09 22:47:18,918 [pool-443-thread-1] INFO  impl.RaftServerImpl (ServerState.java:<init>(103)) - 08f99e19-a48a-4e34-b396-b5d0bb9c673f@group-8D224628DC16: ConfigurationManager, init=-1: [08f99e19-a48a-4e34-b396-b5d0bb9c673f:192.168.164.207:41324, 4dd8b4db-5884-4afe-981d-0e381dbd16da:192.168.164.207:40346, 74a2e125-3a23-4be7-af2d-aa86912c3992:192.168.164.207:34683], old=null, confs=<EMPTY_MAP>
2019-10-09 22:47:18,918 [pool-443-thread-1] INFO  server.RaftServerConfigKeys (ConfUtils.java:logGet(43)) - raft.server.storage.dir = [/workdir/hadoop-ozone/integration-test/target/test-dir/MiniOzoneClusterImpl-15c48851-1477-4c83-b9be-6d3ca511f7f9/datanode-6/data/ratis] (custom)
2019-10-09 22:47:18,918 [pool-413-thread-1] INFO  server.RaftServerConfigKeys (ConfUtils.java:logGet(43)) - raft.server.storage.dir = [/workdir/hadoop-ozone/integration-test/target/test-dir/MiniOzoneClusterImpl-15c48851-1477-4c83-b9be-6d3ca511f7f9/datanode-3/data/ratis] (custom)
2019-10-09 22:47:18,919 [pool-443-thread-1] INFO  server.RaftServerConfigKeys (ConfUtils.java:logGet(43)) - raft.server.log.corruption.policy = EXCEPTION (default)
2019-10-09 22:47:18,919 [pool-443-thread-1] INFO  storage.RaftStorageDirectory (RaftStorageDirectory.java:analyzeStorage(246)) - The storage directory /workdir/hadoop-ozone/integration-test/target/test-dir/MiniOzoneClusterImpl-15c48851-1477-4c83-b9be-6d3ca511f7f9/datanode-6/data/ratis/cf51787b-81d3-4b86-8976-8d224628dc16 does not exist. Creating ...
2019-10-09 22:47:18,919 [pool-413-thread-1] INFO  server.RaftServerConfigKeys (ConfUtils.java:logGet(43)) - raft.server.log.corruption.policy = EXCEPTION (default)
2019-10-09 22:47:18,919 [pool-413-thread-1] INFO  storage.RaftStorageDirectory (RaftStorageDirectory.java:analyzeStorage(246)) - The storage directory /workdir/hadoop-ozone/integration-test/target/test-dir/MiniOzoneClusterImpl-15c48851-1477-4c83-b9be-6d3ca511f7f9/datanode-3/data/ratis/cf51787b-81d3-4b86-8976-8d224628dc16 does not exist. Creating ...
2019-10-09 22:47:18,930 [pool-413-thread-1] INFO  storage.RaftStorageDirectory (RaftStorageDirectory.java:tryLock(328)) - Lock on /workdir/hadoop-ozone/integration-test/target/test-dir/MiniOzoneClusterImpl-15c48851-1477-4c83-b9be-6d3ca511f7f9/datanode-3/data/ratis/cf51787b-81d3-4b86-8976-8d224628dc16/in_use.lock acquired by nodename 20079@pr-hdds-1868-7c4vz-2804340038
2019-10-09 22:47:18,930 [pool-443-thread-1] INFO  storage.RaftStorageDirectory (RaftStorageDirectory.java:tryLock(328)) - Lock on /workdir/hadoop-ozone/integration-test/target/test-dir/MiniOzoneClusterImpl-15c48851-1477-4c83-b9be-6d3ca511f7f9/datanode-6/data/ratis/cf51787b-81d3-4b86-8976-8d224628dc16/in_use.lock acquired by nodename 20079@pr-hdds-1868-7c4vz-2804340038
2019-10-09 22:47:18,930 [pool-423-thread-1] INFO  storage.RaftStorageDirectory (RaftStorageDirectory.java:tryLock(328)) - Lock on /workdir/hadoop-ozone/integration-test/target/test-dir/MiniOzoneClusterImpl-15c48851-1477-4c83-b9be-6d3ca511f7f9/datanode-4/data/ratis/cf51787b-81d3-4b86-8976-8d224628dc16/in_use.lock acquired by nodename 20079@pr-hdds-1868-7c4vz-2804340038
2019-10-09 22:47:18,944 [pool-443-thread-1] INFO  storage.RaftStorage (RaftStorage.java:format(84)) - Storage directory /workdir/hadoop-ozone/integration-test/target/test-dir/MiniOzoneClusterImpl-15c48851-1477-4c83-b9be-6d3ca511f7f9/datanode-6/data/ratis/cf51787b-81d3-4b86-8976-8d224628dc16 has been successfully formatted.
2019-10-09 22:47:18,944 [pool-423-thread-1] INFO  storage.RaftStorage (RaftStorage.java:format(84)) - Storage directory /workdir/hadoop-ozone/integration-test/target/test-dir/MiniOzoneClusterImpl-15c48851-1477-4c83-b9be-6d3ca511f7f9/datanode-4/data/ratis/cf51787b-81d3-4b86-8976-8d224628dc16 has been successfully formatted.
2019-10-09 22:47:18,944 [pool-413-thread-1] INFO  storage.RaftStorage (RaftStorage.java:format(84)) - Storage directory /workdir/hadoop-ozone/integration-test/target/test-dir/MiniOzoneClusterImpl-15c48851-1477-4c83-b9be-6d3ca511f7f9/datanode-3/data/ratis/cf51787b-81d3-4b86-8976-8d224628dc16 has been successfully formatted.
2019-10-09 22:47:18,944 [pool-423-thread-1] INFO  ratis.ContainerStateMachine (ContainerStateMachine.java:loadSnapshot(233)) - group-8D224628DC16: The snapshot info is null. Setting the last applied indexto:(t:0, i:~)
2019-10-09 22:47:18,944 [pool-443-thread-1] INFO  ratis.ContainerStateMachine (ContainerStateMachine.java:loadSnapshot(233)) - group-8D224628DC16: The snapshot info is null. Setting the last applied indexto:(t:0, i:~)
2019-10-09 22:47:18,944 [pool-423-thread-1] INFO  server.RaftServerConfigKeys (ConfUtils.java:logGet(43)) - raft.server.notification.no-leader.timeout = 120s (custom)
2019-10-09 22:47:18,944 [pool-413-thread-1] INFO  ratis.ContainerStateMachine (ContainerStateMachine.java:loadSnapshot(233)) - group-8D224628DC16: The snapshot info is null. Setting the last applied indexto:(t:0, i:~)
2019-10-09 22:47:18,945 [pool-423-thread-1] INFO  server.RaftServerConfigKeys (ConfUtils.java:logGet(43)) - raft.server.log.use.memory = false (default)
2019-10-09 22:47:18,944 [pool-443-thread-1] INFO  server.RaftServerConfigKeys (ConfUtils.java:logGet(43)) - raft.server.notification.no-leader.timeout = 120s (custom)
2019-10-09 22:47:18,945 [pool-423-thread-1] INFO  server.RaftServerConfigKeys (ConfUtils.java:logGet(43)) - raft.server.log.purge.gap = 1000000 (custom)
2019-10-09 22:47:18,945 [pool-413-thread-1] INFO  server.RaftServerConfigKeys (ConfUtils.java:logGet(43)) - raft.server.notification.no-leader.timeout = 120s (custom)
2019-10-09 22:47:18,945 [pool-423-thread-1] INFO  server.RaftServerConfigKeys (ConfUtils.java:logGet(43)) - raft.server.log.appender.buffer.byte-limit = 33554432 (custom)
2019-10-09 22:47:18,945 [pool-443-thread-1] INFO  server.RaftServerConfigKeys (ConfUtils.java:logGet(43)) - raft.server.log.use.memory = false (default)
2019-10-09 22:47:18,945 [pool-423-thread-1] INFO  server.RaftServerConfigKeys (ConfUtils.java:logGet(43)) - raft.server.log.segment.size.max = 1048576 (custom)
2019-10-09 22:47:18,945 [pool-413-thread-1] INFO  server.RaftServerConfigKeys (ConfUtils.java:logGet(43)) - raft.server.log.use.memory = false (default)
2019-10-09 22:47:18,945 [pool-423-thread-1] INFO  server.RaftServerConfigKeys (ConfUtils.java:logGet(43)) - raft.server.log.segment.cache.num.max = 2 (custom)
2019-10-09 22:47:18,945 [pool-443-thread-1] INFO  server.RaftServerConfigKeys (ConfUtils.java:logGet(43)) - raft.server.log.purge.gap = 1000000 (custom)
2019-10-09 22:47:18,945 [pool-423-thread-1] INFO  segmented.SegmentedRaftLogWorker (SegmentedRaftLogWorker.java:<init>(173)) - new 4dd8b4db-5884-4afe-981d-0e381dbd16da@group-8D224628DC16-SegmentedRaftLogWorker for RaftStorage:Storage Directory /workdir/hadoop-ozone/integration-test/target/test-dir/MiniOzoneClusterImpl-15c48851-1477-4c83-b9be-6d3ca511f7f9/datanode-4/data/ratis/cf51787b-81d3-4b86-8976-8d224628dc16
2019-10-09 22:47:18,945 [pool-413-thread-1] INFO  server.RaftServerConfigKeys (ConfUtils.java:logGet(43)) - raft.server.log.purge.gap = 1000000 (custom)
2019-10-09 22:47:18,946 [pool-423-thread-1] INFO  server.RaftServerConfigKeys (ConfUtils.java:logGet(43)) - raft.server.log.queue.byte-limit = 2147483647 (custom)
2019-10-09 22:47:18,945 [pool-443-thread-1] INFO  server.RaftServerConfigKeys (ConfUtils.java:logGet(43)) - raft.server.log.appender.buffer.byte-limit = 33554432 (custom)
2019-10-09 22:47:18,946 [pool-423-thread-1] INFO  server.RaftServerConfigKeys (ConfUtils.java:logGet(43)) - raft.server.log.queue.element-limit = 1024 (custom)
2019-10-09 22:47:18,946 [pool-413-thread-1] INFO  server.RaftServerConfigKeys (ConfUtils.java:logGet(43)) - raft.server.log.appender.buffer.byte-limit = 33554432 (custom)
2019-10-09 22:47:18,946 [pool-423-thread-1] INFO  server.RaftServerConfigKeys (ConfUtils.java:logGet(43)) - raft.server.log.segment.size.max = 1048576 (custom)
2019-10-09 22:47:18,946 [pool-443-thread-1] INFO  server.RaftServerConfigKeys (ConfUtils.java:logGet(43)) - raft.server.log.segment.size.max = 1048576 (custom)
2019-10-09 22:47:18,946 [pool-423-thread-1] INFO  server.RaftServerConfigKeys (ConfUtils.java:logGet(43)) - raft.server.log.preallocated.size = 16384 (custom)
2019-10-09 22:47:18,946 [pool-413-thread-1] INFO  server.RaftServerConfigKeys (ConfUtils.java:logGet(43)) - raft.server.log.segment.size.max = 1048576 (custom)
2019-10-09 22:47:18,946 [pool-423-thread-1] INFO  server.RaftServerConfigKeys (ConfUtils.java:logGet(43)) - raft.server.log.write.buffer.size = 33554432 (custom)
2019-10-09 22:47:18,946 [pool-443-thread-1] INFO  server.RaftServerConfigKeys (ConfUtils.java:logGet(43)) - raft.server.log.segment.cache.num.max = 2 (custom)
2019-10-09 22:47:18,946 [pool-423-thread-1] INFO  server.RaftServerConfigKeys (ConfUtils.java:logGet(43)) - raft.server.log.force.sync.num = 128 (default)
2019-10-09 22:47:18,946 [pool-413-thread-1] INFO  server.RaftServerConfigKeys (ConfUtils.java:logGet(43)) - raft.server.log.segment.cache.num.max = 2 (custom)
2019-10-09 22:47:18,946 [pool-423-thread-1] INFO  server.RaftServerConfigKeys (ConfUtils.java:logGet(43)) - raft.server.log.statemachine.data.sync = true (default)
2019-10-09 22:47:18,946 [pool-443-thread-1] INFO  segmented.SegmentedRaftLogWorker (SegmentedRaftLogWorker.java:<init>(173)) - new 08f99e19-a48a-4e34-b396-b5d0bb9c673f@group-8D224628DC16-SegmentedRaftLogWorker for RaftStorage:Storage Directory /workdir/hadoop-ozone/integration-test/target/test-dir/MiniOzoneClusterImpl-15c48851-1477-4c83-b9be-6d3ca511f7f9/datanode-6/data/ratis/cf51787b-81d3-4b86-8976-8d224628dc16
2019-10-09 22:47:18,947 [pool-423-thread-1] INFO  server.RaftServerConfigKeys (ConfUtils.java:logGet(43)) - raft.server.log.statemachine.data.sync.timeout = 10s (default)
2019-10-09 22:47:18,947 [pool-413-thread-1] INFO  segmented.SegmentedRaftLogWorker (SegmentedRaftLogWorker.java:<init>(173)) - new 74a2e125-3a23-4be7-af2d-aa86912c3992@group-8D224628DC16-SegmentedRaftLogWorker for RaftStorage:Storage Directory /workdir/hadoop-ozone/integration-test/target/test-dir/MiniOzoneClusterImpl-15c48851-1477-4c83-b9be-6d3ca511f7f9/datanode-3/data/ratis/cf51787b-81d3-4b86-8976-8d224628dc16
2019-10-09 22:47:18,947 [pool-423-thread-1] INFO  server.RaftServerConfigKeys (ConfUtils.java:logGet(43)) - raft.server.log.statemachine.data.sync.timeout.retry = -1 (default)
2019-10-09 22:47:18,947 [pool-443-thread-1] INFO  server.RaftServerConfigKeys (ConfUtils.java:logGet(43)) - raft.server.log.queue.byte-limit = 2147483647 (custom)
2019-10-09 22:47:18,947 [pool-423-thread-1] INFO  server.RaftServerConfigKeys (ConfUtils.java:logGet(43)) - raft.server.log.statemachine.data.caching.enabled = true (custom)
2019-10-09 22:47:18,947 [pool-413-thread-1] INFO  server.RaftServerConfigKeys (ConfUtils.java:logGet(43)) - raft.server.log.queue.byte-limit = 2147483647 (custom)
2019-10-09 22:47:18,947 [pool-423-thread-1] INFO  segmented.SegmentedRaftLogWorker (SegmentedRaftLogWorker.java:lambda$new$0(128)) - 4dd8b4db-5884-4afe-981d-0e381dbd16da@group-8D224628DC16-SegmentedRaftLogWorker: flushIndex: setUnconditionally 0 -> -1
2019-10-09 22:47:18,947 [pool-443-thread-1] INFO  server.RaftServerConfigKeys (ConfUtils.java:logGet(43)) - raft.server.log.queue.element-limit = 1024 (custom)
2019-10-09 22:47:18,947 [pool-413-thread-1] INFO  server.RaftServerConfigKeys (ConfUtils.java:logGet(43)) - raft.server.log.queue.element-limit = 1024 (custom)
2019-10-09 22:47:18,947 [pool-423-thread-1] INFO  server.RaftServerConfigKeys (ConfUtils.java:logGet(43)) - raft.server.snapshot.auto.trigger.enabled = true (custom)
2019-10-09 22:47:18,947 [pool-443-thread-1] INFO  server.RaftServerConfigKeys (ConfUtils.java:logGet(43)) - raft.server.log.segment.size.max = 1048576 (custom)
2019-10-09 22:47:18,948 [pool-443-thread-1] INFO  server.RaftServerConfigKeys (ConfUtils.java:logGet(43)) - raft.server.log.preallocated.size = 16384 (custom)
2019-10-09 22:47:18,948 [pool-423-thread-1] INFO  server.RaftServerConfigKeys (ConfUtils.java:logGet(43)) - raft.server.snapshot.auto.trigger.threshold = 10000 (custom)
2019-10-09 22:47:18,948 [pool-413-thread-1] INFO  server.RaftServerConfigKeys (ConfUtils.java:logGet(43)) - raft.server.log.segment.size.max = 1048576 (custom)
2019-10-09 22:47:18,948 [pool-423-thread-1] INFO  server.RaftServerConfigKeys (ConfUtils.java:logGet(43)) - raft.server.snapshot.retention.file.num = 5 (custom)
2019-10-09 22:47:18,948 [pool-443-thread-1] INFO  server.RaftServerConfigKeys (ConfUtils.java:logGet(43)) - raft.server.log.write.buffer.size = 33554432 (custom)
2019-10-09 22:47:18,948 [pool-423-thread-1] INFO  server.RaftServerConfigKeys (ConfUtils.java:logGet(43)) - raft.server.retrycache.expirytime = 600000ms (custom)
2019-10-09 22:47:18,948 [pool-413-thread-1] INFO  server.RaftServerConfigKeys (ConfUtils.java:logGet(43)) - raft.server.log.preallocated.size = 16384 (custom)
2019-10-09 22:47:18,948 [pool-443-thread-1] INFO  server.RaftServerConfigKeys (ConfUtils.java:logGet(43)) - raft.server.log.force.sync.num = 128 (default)
2019-10-09 22:47:18,948 [pool-413-thread-1] INFO  server.RaftServerConfigKeys (ConfUtils.java:logGet(43)) - raft.server.log.write.buffer.size = 33554432 (custom)
2019-10-09 22:47:18,948 [pool-443-thread-1] INFO  server.RaftServerConfigKeys (ConfUtils.java:logGet(43)) - raft.server.log.statemachine.data.sync = true (default)
2019-10-09 22:47:18,948 [pool-413-thread-1] INFO  server.RaftServerConfigKeys (ConfUtils.java:logGet(43)) - raft.server.log.force.sync.num = 128 (default)
2019-10-09 22:47:18,949 [pool-443-thread-1] INFO  server.RaftServerConfigKeys (ConfUtils.java:logGet(43)) - raft.server.log.statemachine.data.sync.timeout = 10s (default)
2019-10-09 22:47:18,949 [pool-413-thread-1] INFO  server.RaftServerConfigKeys (ConfUtils.java:logGet(43)) - raft.server.log.statemachine.data.sync = true (default)
2019-10-09 22:47:18,949 [pool-443-thread-1] INFO  server.RaftServerConfigKeys (ConfUtils.java:logGet(43)) - raft.server.log.statemachine.data.sync.timeout.retry = -1 (default)
2019-10-09 22:47:18,949 [pool-413-thread-1] INFO  server.RaftServerConfigKeys (ConfUtils.java:logGet(43)) - raft.server.log.statemachine.data.sync.timeout = 10s (default)
2019-10-09 22:47:18,949 [pool-443-thread-1] INFO  server.RaftServerConfigKeys (ConfUtils.java:logGet(43)) - raft.server.log.statemachine.data.caching.enabled = true (custom)
2019-10-09 22:47:18,949 [pool-413-thread-1] INFO  server.RaftServerConfigKeys (ConfUtils.java:logGet(43)) - raft.server.log.statemachine.data.sync.timeout.retry = -1 (default)
2019-10-09 22:47:18,949 [pool-443-thread-1] INFO  segmented.SegmentedRaftLogWorker (SegmentedRaftLogWorker.java:lambda$new$0(128)) - 08f99e19-a48a-4e34-b396-b5d0bb9c673f@group-8D224628DC16-SegmentedRaftLogWorker: flushIndex: setUnconditionally 0 -> -1
2019-10-09 22:47:18,949 [pool-413-thread-1] INFO  server.RaftServerConfigKeys (ConfUtils.java:logGet(43)) - raft.server.log.statemachine.data.caching.enabled = true (custom)
2019-10-09 22:47:18,949 [pool-423-thread-1] INFO  impl.RaftServerImpl (RaftServerImpl.java:start(181)) - 4dd8b4db-5884-4afe-981d-0e381dbd16da@group-8D224628DC16: start as a follower, conf=-1: [08f99e19-a48a-4e34-b396-b5d0bb9c673f:192.168.164.207:41324, 4dd8b4db-5884-4afe-981d-0e381dbd16da:192.168.164.207:40346, 74a2e125-3a23-4be7-af2d-aa86912c3992:192.168.164.207:34683], old=null
2019-10-09 22:47:18,949 [pool-443-thread-1] INFO  server.RaftServerConfigKeys (ConfUtils.java:logGet(43)) - raft.server.snapshot.auto.trigger.enabled = true (custom)
2019-10-09 22:47:18,950 [pool-413-thread-1] INFO  segmented.SegmentedRaftLogWorker (SegmentedRaftLogWorker.java:lambda$new$0(128)) - 74a2e125-3a23-4be7-af2d-aa86912c3992@group-8D224628DC16-SegmentedRaftLogWorker: flushIndex: setUnconditionally 0 -> -1
2019-10-09 22:47:18,949 [pool-423-thread-1] INFO  impl.RaftServerImpl (RaftServerImpl.java:setRole(170)) - 4dd8b4db-5884-4afe-981d-0e381dbd16da@group-8D224628DC16: changes role from      null to FOLLOWER at term 0 for startAsFollower
2019-10-09 22:47:18,950 [pool-443-thread-1] INFO  server.RaftServerConfigKeys (ConfUtils.java:logGet(43)) - raft.server.snapshot.auto.trigger.threshold = 10000 (custom)
2019-10-09 22:47:18,950 [pool-413-thread-1] INFO  server.RaftServerConfigKeys (ConfUtils.java:logGet(43)) - raft.server.snapshot.auto.trigger.enabled = true (custom)
2019-10-09 22:47:18,950 [pool-423-thread-1] INFO  impl.RoleInfo (RoleInfo.java:updateAndGet(143)) - 4dd8b4db-5884-4afe-981d-0e381dbd16da: start FollowerState
2019-10-09 22:47:18,950 [pool-413-thread-1] INFO  server.RaftServerConfigKeys (ConfUtils.java:logGet(43)) - raft.server.snapshot.auto.trigger.threshold = 10000 (custom)
2019-10-09 22:47:18,950 [pool-443-thread-1] INFO  server.RaftServerConfigKeys (ConfUtils.java:logGet(43)) - raft.server.snapshot.retention.file.num = 5 (custom)
2019-10-09 22:47:18,950 [pool-413-thread-1] INFO  server.RaftServerConfigKeys (ConfUtils.java:logGet(43)) - raft.server.snapshot.retention.file.num = 5 (custom)
2019-10-09 22:47:18,950 [pool-423-thread-1] INFO  util.JmxRegister (JmxRegister.java:tryRegister(44)) - Successfully registered JMX Bean with object name Ratis:service=RaftServer,group=group-8D224628DC16,id=4dd8b4db-5884-4afe-981d-0e381dbd16da
2019-10-09 22:47:18,950 [pool-443-thread-1] INFO  server.RaftServerConfigKeys (ConfUtils.java:logGet(43)) - raft.server.retrycache.expirytime = 600000ms (custom)
2019-10-09 22:47:18,950 [pool-413-thread-1] INFO  server.RaftServerConfigKeys (ConfUtils.java:logGet(43)) - raft.server.retrycache.expirytime = 600000ms (custom)
2019-10-09 22:47:18,954 [pool-443-thread-1] INFO  impl.RaftServerImpl (RaftServerImpl.java:start(181)) - 08f99e19-a48a-4e34-b396-b5d0bb9c673f@group-8D224628DC16: start as a follower, conf=-1: [08f99e19-a48a-4e34-b396-b5d0bb9c673f:192.168.164.207:41324, 4dd8b4db-5884-4afe-981d-0e381dbd16da:192.168.164.207:40346, 74a2e125-3a23-4be7-af2d-aa86912c3992:192.168.164.207:34683], old=null
2019-10-09 22:47:18,954 [pool-443-thread-1] INFO  impl.RaftServerImpl (RaftServerImpl.java:setRole(170)) - 08f99e19-a48a-4e34-b396-b5d0bb9c673f@group-8D224628DC16: changes role from      null to FOLLOWER at term 0 for startAsFollower
2019-10-09 22:47:18,954 [pool-413-thread-1] INFO  impl.RaftServerImpl (RaftServerImpl.java:start(181)) - 74a2e125-3a23-4be7-af2d-aa86912c3992@group-8D224628DC16: start as a follower, conf=-1: [08f99e19-a48a-4e34-b396-b5d0bb9c673f:192.168.164.207:41324, 4dd8b4db-5884-4afe-981d-0e381dbd16da:192.168.164.207:40346, 74a2e125-3a23-4be7-af2d-aa86912c3992:192.168.164.207:34683], old=null
2019-10-09 22:47:18,954 [pool-443-thread-1] INFO  impl.RoleInfo (RoleInfo.java:updateAndGet(143)) - 08f99e19-a48a-4e34-b396-b5d0bb9c673f: start FollowerState
2019-10-09 22:47:18,954 [pool-413-thread-1] INFO  impl.RaftServerImpl (RaftServerImpl.java:setRole(170)) - 74a2e125-3a23-4be7-af2d-aa86912c3992@group-8D224628DC16: changes role from      null to FOLLOWER at term 0 for startAsFollower
2019-10-09 22:47:18,954 [pool-413-thread-1] INFO  impl.RoleInfo (RoleInfo.java:updateAndGet(143)) - 74a2e125-3a23-4be7-af2d-aa86912c3992: start FollowerState
2019-10-09 22:47:18,954 [pool-443-thread-1] INFO  util.JmxRegister (JmxRegister.java:tryRegister(44)) - Successfully registered JMX Bean with object name Ratis:service=RaftServer,group=group-8D224628DC16,id=08f99e19-a48a-4e34-b396-b5d0bb9c673f
2019-10-09 22:47:18,954 [pool-413-thread-1] INFO  util.JmxRegister (JmxRegister.java:tryRegister(44)) - Successfully registered JMX Bean with object name Ratis:service=RaftServer,group=group-8D224628DC16,id=74a2e125-3a23-4be7-af2d-aa86912c3992
2019-10-09 22:47:18,958 [RatisPipelineUtilsThread] INFO  pipeline.PipelineStateManager (PipelineStateManager.java:addPipeline(57)) - Created pipeline Pipeline[ Id: cf51787b-81d3-4b86-8976-8d224628dc16, Nodes: 74a2e125-3a23-4be7-af2d-aa86912c3992{ip: 192.168.164.207, host: pr-hdds-1868-7c4vz-2804340038, networkLocation: /default-rack, certSerialId: null}4dd8b4db-5884-4afe-981d-0e381dbd16da{ip: 192.168.164.207, host: pr-hdds-1868-7c4vz-2804340038, networkLocation: /default-rack, certSerialId: null}08f99e19-a48a-4e34-b396-b5d0bb9c673f{ip: 192.168.164.207, host: pr-hdds-1868-7c4vz-2804340038, networkLocation: /default-rack, certSerialId: null}, Type:RATIS, Factor:THREE, State:ALLOCATED]
2019-10-09 22:47:18,959 [main] INFO  ozone.MiniOzoneClusterImpl (MiniOzoneClusterImpl.java:lambda$waitForClusterToBeReady$2(164)) - Waiting for 9 number of pipelines out of 9, to report a leader.
2019-10-09 22:47:19,959 [main] INFO  ozone.MiniOzoneClusterImpl (MiniOzoneClusterImpl.java:lambda$waitForClusterToBeReady$2(164)) - Waiting for 9 number of pipelines out of 9, to report a leader.
2019-10-09 22:47:20,961 [main] INFO  ozone.MiniOzoneClusterImpl (MiniOzoneClusterImpl.java:lambda$waitForClusterToBeReady$2(164)) - Waiting for 9 number of pipelines out of 9, to report a leader.
2019-10-09 22:47:21,450 [Thread-2517] INFO  container.ReplicationManager (ReplicationManager.java:start(162)) - Starting Replication Monitor Thread.
2019-10-09 22:47:21,451 [Thread-2517] INFO  pipeline.SCMPipelineManager (SCMPipelineManager.java:finalizeAndDestroyPipeline(315)) - destroying pipeline:Pipeline[ Id: f79bd3dc-2580-4ab1-b657-ae5a23f40cbe, Nodes: 8dcd39d9-bb30-415b-8513-406c1d30fe52{ip: 192.168.164.207, host: pr-hdds-1868-7c4vz-2804340038, networkLocation: /default-rack, certSerialId: null}, Type:RATIS, Factor:ONE, State:ALLOCATED]
2019-10-09 22:47:21,454 [Thread-2517] INFO  pipeline.PipelineStateManager (PipelineStateManager.java:finalizePipeline(123)) - Pipeline Pipeline[ Id: f79bd3dc-2580-4ab1-b657-ae5a23f40cbe, Nodes: 8dcd39d9-bb30-415b-8513-406c1d30fe52{ip: 192.168.164.207, host: pr-hdds-1868-7c4vz-2804340038, networkLocation: /default-rack, certSerialId: null}, Type:RATIS, Factor:ONE, State:CLOSED] moved to CLOSED state
2019-10-09 22:47:21,454 [ReplicationMonitor] INFO  container.ReplicationManager (ReplicationManager.java:run(225)) - Replication Monitor Thread took 0 milliseconds for processing 0 containers.
2019-10-09 22:47:21,460 [grpc-default-executor-6] INFO  impl.RaftServerProxy (RaftServerProxy.java:remove(95)) - 8dcd39d9-bb30-415b-8513-406c1d30fe52: remove  FOLLOWER 8dcd39d9-bb30-415b-8513-406c1d30fe52@group-AE5A23F40CBE:t0, leader=null, voted=null, raftlog=8dcd39d9-bb30-415b-8513-406c1d30fe52@group-AE5A23F40CBE-SegmentedRaftLog:OPENED:c-1,f-1,i0, conf=-1: [8dcd39d9-bb30-415b-8513-406c1d30fe52:192.168.164.207:46061], old=null RUNNING
2019-10-09 22:47:21,460 [grpc-default-executor-6] INFO  impl.RaftServerImpl (RaftServerImpl.java:lambda$shutdown$3(247)) - 8dcd39d9-bb30-415b-8513-406c1d30fe52@group-AE5A23F40CBE: shutdown
2019-10-09 22:47:21,460 [grpc-default-executor-6] INFO  util.JmxRegister (JmxRegister.java:unregister(73)) - Successfully un-registered JMX Bean with object name Ratis:service=RaftServer,group=group-AE5A23F40CBE,id=8dcd39d9-bb30-415b-8513-406c1d30fe52
2019-10-09 22:47:21,460 [grpc-default-executor-6] INFO  impl.RoleInfo (RoleInfo.java:shutdownFollowerState(121)) - 8dcd39d9-bb30-415b-8513-406c1d30fe52: shutdown FollowerState
2019-10-09 22:47:21,460 [grpc-default-executor-6] INFO  impl.StateMachineUpdater (StateMachineUpdater.java:stopAndJoin(136)) - 8dcd39d9-bb30-415b-8513-406c1d30fe52@group-AE5A23F40CBE-StateMachineUpdater: set stopIndex = -1
2019-10-09 22:47:21,460 [Thread-2522] INFO  impl.FollowerState (FollowerState.java:run(117)) - 8dcd39d9-bb30-415b-8513-406c1d30fe52@group-AE5A23F40CBE-FollowerState was interrupted: java.lang.InterruptedException: sleep interrupted
2019-10-09 22:47:21,461 [grpc-default-executor-6] INFO  impl.RaftServerImpl (ServerState.java:close(387)) - 8dcd39d9-bb30-415b-8513-406c1d30fe52@group-AE5A23F40CBE: closes. applyIndex: -1
2019-10-09 22:47:21,463 [8dcd39d9-bb30-415b-8513-406c1d30fe52@group-AE5A23F40CBE-SegmentedRaftLogWorker] INFO  segmented.SegmentedRaftLogWorker (SegmentedRaftLogWorker.java:run(316)) - 8dcd39d9-bb30-415b-8513-406c1d30fe52@group-AE5A23F40CBE-SegmentedRaftLogWorker was interrupted, exiting. There are 0 tasks remaining in the queue.
2019-10-09 22:47:21,463 [grpc-default-executor-6] INFO  segmented.SegmentedRaftLogWorker (SegmentedRaftLogWorker.java:close(224)) - 8dcd39d9-bb30-415b-8513-406c1d30fe52@group-AE5A23F40CBE-SegmentedRaftLogWorker close()
2019-10-09 22:47:21,468 [Thread-2517] INFO  pipeline.PipelineStateManager (PipelineStateManager.java:removePipeline(108)) - Pipeline Pipeline[ Id: f79bd3dc-2580-4ab1-b657-ae5a23f40cbe, Nodes: 8dcd39d9-bb30-415b-8513-406c1d30fe52{ip: 192.168.164.207, host: pr-hdds-1868-7c4vz-2804340038, networkLocation: /default-rack, certSerialId: null}, Type:RATIS, Factor:ONE, State:CLOSED] removed from db
2019-10-09 22:47:21,471 [Thread-2517] INFO  pipeline.SCMPipelineManager (SCMPipelineManager.java:finalizeAndDestroyPipeline(315)) - destroying pipeline:Pipeline[ Id: b1429914-0520-44e4-bfc3-018eabb5e04b, Nodes: 0d6c1360-600e-4025-8081-764eff476ffd{ip: 192.168.164.207, host: pr-hdds-1868-7c4vz-2804340038, networkLocation: /default-rack, certSerialId: null}8dcd39d9-bb30-415b-8513-406c1d30fe52{ip: 192.168.164.207, host: pr-hdds-1868-7c4vz-2804340038, networkLocation: /default-rack, certSerialId: null}2b32037e-5057-43b0-83a7-854222bbab73{ip: 192.168.164.207, host: pr-hdds-1868-7c4vz-2804340038, networkLocation: /default-rack, certSerialId: null}, Type:RATIS, Factor:THREE, State:ALLOCATED]
2019-10-09 22:47:21,474 [grpc-default-executor-6] INFO  impl.RaftServerProxy (RaftServerProxy.java:addNew(89)) - 8dcd39d9-bb30-415b-8513-406c1d30fe52: addNew group-9BC4BE198F30:[8dcd39d9-bb30-415b-8513-406c1d30fe52:192.168.164.207:46061] returns group-9BC4BE198F30:java.util.concurrent.CompletableFuture@635fc229[Not completed]
2019-10-09 22:47:21,475 [pool-393-thread-1] INFO  impl.RaftServerImpl (RaftServerImpl.java:<init>(95)) - 8dcd39d9-bb30-415b-8513-406c1d30fe52: new RaftServerImpl for group-9BC4BE198F30:[8dcd39d9-bb30-415b-8513-406c1d30fe52:192.168.164.207:46061] with ContainerStateMachine:uninitialized
2019-10-09 22:47:21,475 [pool-393-thread-1] INFO  server.RaftServerConfigKeys (ConfUtils.java:logGet(43)) - raft.server.rpc.timeout.min = 5s (custom)
2019-10-09 22:47:21,475 [pool-393-thread-1] INFO  server.RaftServerConfigKeys (ConfUtils.java:logGet(43)) - raft.server.rpc.timeout.max = 5200ms (custom)
2019-10-09 22:47:21,476 [pool-393-thread-1] INFO  server.RaftServerConfigKeys (ConfUtils.java:logGet(43)) - raft.server.rpcslowness.timeout = 120s (custom)
2019-10-09 22:47:21,476 [pool-393-thread-1] INFO  server.RaftServerConfigKeys (ConfUtils.java:logGet(43)) - raft.server.sleep.deviation.threshold = 300 (default)
2019-10-09 22:47:21,476 [pool-393-thread-1] INFO  server.RaftServerConfigKeys (ConfUtils.java:logGet(43)) - raft.server.log.appender.install.snapshot.enabled = false (custom)
2019-10-09 22:47:21,476 [pool-393-thread-1] INFO  impl.RaftServerImpl (ServerState.java:<init>(103)) - 8dcd39d9-bb30-415b-8513-406c1d30fe52@group-9BC4BE198F30: ConfigurationManager, init=-1: [8dcd39d9-bb30-415b-8513-406c1d30fe52:192.168.164.207:46061], old=null, confs=<EMPTY_MAP>
2019-10-09 22:47:21,476 [pool-393-thread-1] INFO  server.RaftServerConfigKeys (ConfUtils.java:logGet(43)) - raft.server.storage.dir = [/workdir/hadoop-ozone/integration-test/target/test-dir/MiniOzoneClusterImpl-15c48851-1477-4c83-b9be-6d3ca511f7f9/datanode-1/data/ratis] (custom)
2019-10-09 22:47:21,476 [pool-393-thread-1] INFO  server.RaftServerConfigKeys (ConfUtils.java:logGet(43)) - raft.server.log.corruption.policy = EXCEPTION (default)
2019-10-09 22:47:21,476 [pool-393-thread-1] INFO  storage.RaftStorageDirectory (RaftStorageDirectory.java:analyzeStorage(246)) - The storage directory /workdir/hadoop-ozone/integration-test/target/test-dir/MiniOzoneClusterImpl-15c48851-1477-4c83-b9be-6d3ca511f7f9/datanode-1/data/ratis/323043a9-e444-4575-9825-9bc4be198f30 does not exist. Creating ...
2019-10-09 22:47:21,490 [pool-393-thread-1] INFO  storage.RaftStorageDirectory (RaftStorageDirectory.java:tryLock(328)) - Lock on /workdir/hadoop-ozone/integration-test/target/test-dir/MiniOzoneClusterImpl-15c48851-1477-4c83-b9be-6d3ca511f7f9/datanode-1/data/ratis/323043a9-e444-4575-9825-9bc4be198f30/in_use.lock acquired by nodename 20079@pr-hdds-1868-7c4vz-2804340038
2019-10-09 22:47:21,502 [pool-393-thread-1] INFO  storage.RaftStorage (RaftStorage.java:format(84)) - Storage directory /workdir/hadoop-ozone/integration-test/target/test-dir/MiniOzoneClusterImpl-15c48851-1477-4c83-b9be-6d3ca511f7f9/datanode-1/data/ratis/323043a9-e444-4575-9825-9bc4be198f30 has been successfully formatted.
2019-10-09 22:47:21,503 [pool-393-thread-1] INFO  ratis.ContainerStateMachine (ContainerStateMachine.java:loadSnapshot(233)) - group-9BC4BE198F30: The snapshot info is null. Setting the last applied indexto:(t:0, i:~)
2019-10-09 22:47:21,503 [pool-393-thread-1] INFO  server.RaftServerConfigKeys (ConfUtils.java:logGet(43)) - raft.server.notification.no-leader.timeout = 120s (custom)
2019-10-09 22:47:21,503 [pool-393-thread-1] INFO  server.RaftServerConfigKeys (ConfUtils.java:logGet(43)) - raft.server.log.use.memory = false (default)
2019-10-09 22:47:21,503 [pool-393-thread-1] INFO  server.RaftServerConfigKeys (ConfUtils.java:logGet(43)) - raft.server.log.purge.gap = 1000000 (custom)
2019-10-09 22:47:21,503 [pool-393-thread-1] INFO  server.RaftServerConfigKeys (ConfUtils.java:logGet(43)) - raft.server.log.appender.buffer.byte-limit = 33554432 (custom)
2019-10-09 22:47:21,503 [pool-393-thread-1] INFO  server.RaftServerConfigKeys (ConfUtils.java:logGet(43)) - raft.server.log.segment.size.max = 1048576 (custom)
2019-10-09 22:47:21,504 [pool-393-thread-1] INFO  server.RaftServerConfigKeys (ConfUtils.java:logGet(43)) - raft.server.log.segment.cache.num.max = 2 (custom)
2019-10-09 22:47:21,504 [pool-393-thread-1] INFO  segmented.SegmentedRaftLogWorker (SegmentedRaftLogWorker.java:<init>(173)) - new 8dcd39d9-bb30-415b-8513-406c1d30fe52@group-9BC4BE198F30-SegmentedRaftLogWorker for RaftStorage:Storage Directory /workdir/hadoop-ozone/integration-test/target/test-dir/MiniOzoneClusterImpl-15c48851-1477-4c83-b9be-6d3ca511f7f9/datanode-1/data/ratis/323043a9-e444-4575-9825-9bc4be198f30
2019-10-09 22:47:21,504 [pool-393-thread-1] INFO  server.RaftServerConfigKeys (ConfUtils.java:logGet(43)) - raft.server.log.queue.byte-limit = 2147483647 (custom)
2019-10-09 22:47:21,504 [pool-393-thread-1] INFO  server.RaftServerConfigKeys (ConfUtils.java:logGet(43)) - raft.server.log.queue.element-limit = 1024 (custom)
2019-10-09 22:47:21,504 [pool-393-thread-1] INFO  server.RaftServerConfigKeys (ConfUtils.java:logGet(43)) - raft.server.log.segment.size.max = 1048576 (custom)
2019-10-09 22:47:21,504 [pool-393-thread-1] INFO  server.RaftServerConfigKeys (ConfUtils.java:logGet(43)) - raft.server.log.preallocated.size = 16384 (custom)
2019-10-09 22:47:21,504 [pool-393-thread-1] INFO  server.RaftServerConfigKeys (ConfUtils.java:logGet(43)) - raft.server.log.write.buffer.size = 33554432 (custom)
2019-10-09 22:47:21,504 [pool-393-thread-1] INFO  server.RaftServerConfigKeys (ConfUtils.java:logGet(43)) - raft.server.log.force.sync.num = 128 (default)
2019-10-09 22:47:21,504 [pool-393-thread-1] INFO  server.RaftServerConfigKeys (ConfUtils.java:logGet(43)) - raft.server.log.statemachine.data.sync = true (default)
2019-10-09 22:47:21,504 [pool-393-thread-1] INFO  server.RaftServerConfigKeys (ConfUtils.java:logGet(43)) - raft.server.log.statemachine.data.sync.timeout = 10s (default)
2019-10-09 22:47:21,504 [pool-393-thread-1] INFO  server.RaftServerConfigKeys (ConfUtils.java:logGet(43)) - raft.server.log.statemachine.data.sync.timeout.retry = -1 (default)
2019-10-09 22:47:21,505 [pool-393-thread-1] INFO  server.RaftServerConfigKeys (ConfUtils.java:logGet(43)) - raft.server.log.statemachine.data.caching.enabled = true (custom)
2019-10-09 22:47:21,505 [pool-393-thread-1] INFO  segmented.SegmentedRaftLogWorker (SegmentedRaftLogWorker.java:lambda$new$0(128)) - 8dcd39d9-bb30-415b-8513-406c1d30fe52@group-9BC4BE198F30-SegmentedRaftLogWorker: flushIndex: setUnconditionally 0 -> -1
2019-10-09 22:47:21,505 [pool-393-thread-1] INFO  server.RaftServerConfigKeys (ConfUtils.java:logGet(43)) - raft.server.snapshot.auto.trigger.enabled = true (custom)
2019-10-09 22:47:21,505 [pool-393-thread-1] INFO  server.RaftServerConfigKeys (ConfUtils.java:logGet(43)) - raft.server.snapshot.auto.trigger.threshold = 10000 (custom)
2019-10-09 22:47:21,505 [pool-393-thread-1] INFO  server.RaftServerConfigKeys (ConfUtils.java:logGet(43)) - raft.server.snapshot.retention.file.num = 5 (custom)
2019-10-09 22:47:21,505 [pool-393-thread-1] INFO  server.RaftServerConfigKeys (ConfUtils.java:logGet(43)) - raft.server.retrycache.expirytime = 600000ms (custom)
2019-10-09 22:47:21,506 [pool-393-thread-1] INFO  impl.RaftServerImpl (RaftServerImpl.java:start(181)) - 8dcd39d9-bb30-415b-8513-406c1d30fe52@group-9BC4BE198F30: start as a follower, conf=-1: [8dcd39d9-bb30-415b-8513-406c1d30fe52:192.168.164.207:46061], old=null
2019-10-09 22:47:21,507 [pool-393-thread-1] INFO  impl.RaftServerImpl (RaftServerImpl.java:setRole(170)) - 8dcd39d9-bb30-415b-8513-406c1d30fe52@group-9BC4BE198F30: changes role from      null to FOLLOWER at term 0 for startAsFollower
2019-10-09 22:47:21,507 [pool-393-thread-1] INFO  impl.RoleInfo (RoleInfo.java:updateAndGet(143)) - 8dcd39d9-bb30-415b-8513-406c1d30fe52: start FollowerState
2019-10-09 22:47:21,507 [pool-393-thread-1] INFO  util.JmxRegister (JmxRegister.java:tryRegister(44)) - Successfully registered JMX Bean with object name Ratis:service=RaftServer,group=group-9BC4BE198F30,id=8dcd39d9-bb30-415b-8513-406c1d30fe52
2019-10-09 22:47:21,509 [RatisPipelineUtilsThread] INFO  pipeline.PipelineStateManager (PipelineStateManager.java:addPipeline(57)) - Created pipeline Pipeline[ Id: 323043a9-e444-4575-9825-9bc4be198f30, Nodes: 8dcd39d9-bb30-415b-8513-406c1d30fe52{ip: 192.168.164.207, host: pr-hdds-1868-7c4vz-2804340038, networkLocation: /default-rack, certSerialId: null}, Type:RATIS, Factor:ONE, State:ALLOCATED]
2019-10-09 22:47:21,510 [Thread-2517] INFO  pipeline.PipelineStateManager (PipelineStateManager.java:finalizePipeline(123)) - Pipeline Pipeline[ Id: b1429914-0520-44e4-bfc3-018eabb5e04b, Nodes: 0d6c1360-600e-4025-8081-764eff476ffd{ip: 192.168.164.207, host: pr-hdds-1868-7c4vz-2804340038, networkLocation: /default-rack, certSerialId: null}8dcd39d9-bb30-415b-8513-406c1d30fe52{ip: 192.168.164.207, host: pr-hdds-1868-7c4vz-2804340038, networkLocation: /default-rack, certSerialId: null}2b32037e-5057-43b0-83a7-854222bbab73{ip: 192.168.164.207, host: pr-hdds-1868-7c4vz-2804340038, networkLocation: /default-rack, certSerialId: null}, Type:RATIS, Factor:THREE, State:CLOSED] moved to CLOSED state
2019-10-09 22:47:21,516 [grpc-default-executor-6] INFO  impl.RaftServerProxy (RaftServerProxy.java:remove(95)) - 0d6c1360-600e-4025-8081-764eff476ffd: remove  FOLLOWER 0d6c1360-600e-4025-8081-764eff476ffd@group-018EABB5E04B:t0, leader=null, voted=null, raftlog=0d6c1360-600e-4025-8081-764eff476ffd@group-018EABB5E04B-SegmentedRaftLog:OPENED:c-1,f-1,i0, conf=-1: [8dcd39d9-bb30-415b-8513-406c1d30fe52:192.168.164.207:46061, 0d6c1360-600e-4025-8081-764eff476ffd:192.168.164.207:45425, 2b32037e-5057-43b0-83a7-854222bbab73:192.168.164.207:46803], old=null RUNNING
2019-10-09 22:47:21,516 [grpc-default-executor-6] INFO  impl.RaftServerImpl (RaftServerImpl.java:lambda$shutdown$3(247)) - 0d6c1360-600e-4025-8081-764eff476ffd@group-018EABB5E04B: shutdown
2019-10-09 22:47:21,516 [grpc-default-executor-6] INFO  util.JmxRegister (JmxRegister.java:unregister(73)) - Successfully un-registered JMX Bean with object name Ratis:service=RaftServer,group=group-018EABB5E04B,id=0d6c1360-600e-4025-8081-764eff476ffd
2019-10-09 22:47:21,516 [grpc-default-executor-6] INFO  impl.RoleInfo (RoleInfo.java:shutdownFollowerState(121)) - 0d6c1360-600e-4025-8081-764eff476ffd: shutdown FollowerState
2019-10-09 22:47:21,516 [grpc-default-executor-6] INFO  impl.StateMachineUpdater (StateMachineUpdater.java:stopAndJoin(136)) - 0d6c1360-600e-4025-8081-764eff476ffd@group-018EABB5E04B-StateMachineUpdater: set stopIndex = -1
2019-10-09 22:47:21,516 [Thread-2528] INFO  impl.FollowerState (FollowerState.java:run(117)) - 0d6c1360-600e-4025-8081-764eff476ffd@group-018EABB5E04B-FollowerState was interrupted: java.lang.InterruptedException: sleep interrupted
2019-10-09 22:47:21,516 [grpc-default-executor-6] INFO  impl.RaftServerImpl (ServerState.java:close(387)) - 0d6c1360-600e-4025-8081-764eff476ffd@group-018EABB5E04B: closes. applyIndex: -1
2019-10-09 22:47:21,518 [0d6c1360-600e-4025-8081-764eff476ffd@group-018EABB5E04B-SegmentedRaftLogWorker] INFO  segmented.SegmentedRaftLogWorker (SegmentedRaftLogWorker.java:run(316)) - 0d6c1360-600e-4025-8081-764eff476ffd@group-018EABB5E04B-SegmentedRaftLogWorker was interrupted, exiting. There are 0 tasks remaining in the queue.
2019-10-09 22:47:21,519 [grpc-default-executor-6] INFO  segmented.SegmentedRaftLogWorker (SegmentedRaftLogWorker.java:close(224)) - 0d6c1360-600e-4025-8081-764eff476ffd@group-018EABB5E04B-SegmentedRaftLogWorker close()
2019-10-09 22:47:21,528 [grpc-default-executor-6] INFO  impl.RaftServerProxy (RaftServerProxy.java:remove(95)) - 8dcd39d9-bb30-415b-8513-406c1d30fe52: remove  FOLLOWER 8dcd39d9-bb30-415b-8513-406c1d30fe52@group-018EABB5E04B:t0, leader=null, voted=null, raftlog=8dcd39d9-bb30-415b-8513-406c1d30fe52@group-018EABB5E04B-SegmentedRaftLog:OPENED:c-1,f-1,i0, conf=-1: [8dcd39d9-bb30-415b-8513-406c1d30fe52:192.168.164.207:46061, 0d6c1360-600e-4025-8081-764eff476ffd:192.168.164.207:45425, 2b32037e-5057-43b0-83a7-854222bbab73:192.168.164.207:46803], old=null RUNNING
2019-10-09 22:47:21,529 [grpc-default-executor-6] INFO  impl.RaftServerImpl (RaftServerImpl.java:lambda$shutdown$3(247)) - 8dcd39d9-bb30-415b-8513-406c1d30fe52@group-018EABB5E04B: shutdown
2019-10-09 22:47:21,529 [grpc-default-executor-6] INFO  util.JmxRegister (JmxRegister.java:unregister(73)) - Successfully un-registered JMX Bean with object name Ratis:service=RaftServer,group=group-018EABB5E04B,id=8dcd39d9-bb30-415b-8513-406c1d30fe52
2019-10-09 22:47:21,529 [grpc-default-executor-6] INFO  impl.RoleInfo (RoleInfo.java:shutdownFollowerState(121)) - 8dcd39d9-bb30-415b-8513-406c1d30fe52: shutdown FollowerState
2019-10-09 22:47:21,529 [grpc-default-executor-6] INFO  impl.StateMachineUpdater (StateMachineUpdater.java:stopAndJoin(136)) - 8dcd39d9-bb30-415b-8513-406c1d30fe52@group-018EABB5E04B-StateMachineUpdater: set stopIndex = -1
2019-10-09 22:47:21,529 [Thread-2532] INFO  impl.FollowerState (FollowerState.java:run(117)) - 8dcd39d9-bb30-415b-8513-406c1d30fe52@group-018EABB5E04B-FollowerState was interrupted: java.lang.InterruptedException: sleep interrupted
2019-10-09 22:47:21,529 [grpc-default-executor-6] INFO  impl.RaftServerImpl (ServerState.java:close(387)) - 8dcd39d9-bb30-415b-8513-406c1d30fe52@group-018EABB5E04B: closes. applyIndex: -1
2019-10-09 22:47:21,531 [8dcd39d9-bb30-415b-8513-406c1d30fe52@group-018EABB5E04B-SegmentedRaftLogWorker] INFO  segmented.SegmentedRaftLogWorker (SegmentedRaftLogWorker.java:run(316)) - 8dcd39d9-bb30-415b-8513-406c1d30fe52@group-018EABB5E04B-SegmentedRaftLogWorker was interrupted, exiting. There are 0 tasks remaining in the queue.
2019-10-09 22:47:21,532 [grpc-default-executor-6] INFO  segmented.SegmentedRaftLogWorker (SegmentedRaftLogWorker.java:close(224)) - 8dcd39d9-bb30-415b-8513-406c1d30fe52@group-018EABB5E04B-SegmentedRaftLogWorker close()
2019-10-09 22:47:21,540 [grpc-default-executor-6] INFO  impl.RaftServerProxy (RaftServerProxy.java:remove(95)) - 2b32037e-5057-43b0-83a7-854222bbab73: remove  FOLLOWER 2b32037e-5057-43b0-83a7-854222bbab73@group-018EABB5E04B:t0, leader=null, voted=null, raftlog=2b32037e-5057-43b0-83a7-854222bbab73@group-018EABB5E04B-SegmentedRaftLog:OPENED:c-1,f-1,i0, conf=-1: [8dcd39d9-bb30-415b-8513-406c1d30fe52:192.168.164.207:46061, 0d6c1360-600e-4025-8081-764eff476ffd:192.168.164.207:45425, 2b32037e-5057-43b0-83a7-854222bbab73:192.168.164.207:46803], old=null RUNNING
2019-10-09 22:47:21,541 [grpc-default-executor-6] INFO  impl.RaftServerImpl (RaftServerImpl.java:lambda$shutdown$3(247)) - 2b32037e-5057-43b0-83a7-854222bbab73@group-018EABB5E04B: shutdown
2019-10-09 22:47:21,541 [grpc-default-executor-6] INFO  util.JmxRegister (JmxRegister.java:unregister(73)) - Successfully un-registered JMX Bean with object name Ratis:service=RaftServer,group=group-018EABB5E04B,id=2b32037e-5057-43b0-83a7-854222bbab73
2019-10-09 22:47:21,541 [grpc-default-executor-6] INFO  impl.RoleInfo (RoleInfo.java:shutdownFollowerState(121)) - 2b32037e-5057-43b0-83a7-854222bbab73: shutdown FollowerState
2019-10-09 22:47:21,541 [grpc-default-executor-6] INFO  impl.StateMachineUpdater (StateMachineUpdater.java:stopAndJoin(136)) - 2b32037e-5057-43b0-83a7-854222bbab73@group-018EABB5E04B-StateMachineUpdater: set stopIndex = -1
2019-10-09 22:47:21,541 [Thread-2533] INFO  impl.FollowerState (FollowerState.java:run(117)) - 2b32037e-5057-43b0-83a7-854222bbab73@group-018EABB5E04B-FollowerState was interrupted: java.lang.InterruptedException: sleep interrupted
2019-10-09 22:47:21,541 [grpc-default-executor-6] INFO  impl.RaftServerImpl (ServerState.java:close(387)) - 2b32037e-5057-43b0-83a7-854222bbab73@group-018EABB5E04B: closes. applyIndex: -1
2019-10-09 22:47:21,543 [2b32037e-5057-43b0-83a7-854222bbab73@group-018EABB5E04B-SegmentedRaftLogWorker] INFO  segmented.SegmentedRaftLogWorker (SegmentedRaftLogWorker.java:run(316)) - 2b32037e-5057-43b0-83a7-854222bbab73@group-018EABB5E04B-SegmentedRaftLogWorker was interrupted, exiting. There are 0 tasks remaining in the queue.
2019-10-09 22:47:21,543 [grpc-default-executor-6] INFO  segmented.SegmentedRaftLogWorker (SegmentedRaftLogWorker.java:close(224)) - 2b32037e-5057-43b0-83a7-854222bbab73@group-018EABB5E04B-SegmentedRaftLogWorker close()
2019-10-09 22:47:21,548 [Thread-2517] INFO  pipeline.PipelineStateManager (PipelineStateManager.java:removePipeline(108)) - Pipeline Pipeline[ Id: b1429914-0520-44e4-bfc3-018eabb5e04b, Nodes: 0d6c1360-600e-4025-8081-764eff476ffd{ip: 192.168.164.207, host: pr-hdds-1868-7c4vz-2804340038, networkLocation: /default-rack, certSerialId: null}8dcd39d9-bb30-415b-8513-406c1d30fe52{ip: 192.168.164.207, host: pr-hdds-1868-7c4vz-2804340038, networkLocation: /default-rack, certSerialId: null}2b32037e-5057-43b0-83a7-854222bbab73{ip: 192.168.164.207, host: pr-hdds-1868-7c4vz-2804340038, networkLocation: /default-rack, certSerialId: null}, Type:RATIS, Factor:THREE, State:CLOSED] removed from db
2019-10-09 22:47:21,548 [Thread-2517] INFO  pipeline.SCMPipelineManager (SCMPipelineManager.java:finalizeAndDestroyPipeline(315)) - destroying pipeline:Pipeline[ Id: 51c615a4-cea1-45ce-a7a9-164c93d0ef19, Nodes: 74a2e125-3a23-4be7-af2d-aa86912c3992{ip: 192.168.164.207, host: pr-hdds-1868-7c4vz-2804340038, networkLocation: /default-rack, certSerialId: null}, Type:RATIS, Factor:ONE, State:ALLOCATED]
2019-10-09 22:47:21,569 [grpc-default-executor-4] INFO  impl.RaftServerProxy (RaftServerProxy.java:addNew(89)) - 8dcd39d9-bb30-415b-8513-406c1d30fe52: addNew group-EE90CBDC8AA9:[8dcd39d9-bb30-415b-8513-406c1d30fe52:192.168.164.207:46061, 0d6c1360-600e-4025-8081-764eff476ffd:192.168.164.207:45425, 2b32037e-5057-43b0-83a7-854222bbab73:192.168.164.207:46803] returns group-EE90CBDC8AA9:java.util.concurrent.CompletableFuture@6478a3f6[Not completed]
2019-10-09 22:47:21,569 [grpc-default-executor-3] INFO  impl.RaftServerProxy (RaftServerProxy.java:addNew(89)) - 0d6c1360-600e-4025-8081-764eff476ffd: addNew group-EE90CBDC8AA9:[8dcd39d9-bb30-415b-8513-406c1d30fe52:192.168.164.207:46061, 0d6c1360-600e-4025-8081-764eff476ffd:192.168.164.207:45425, 2b32037e-5057-43b0-83a7-854222bbab73:192.168.164.207:46803] returns group-EE90CBDC8AA9:java.util.concurrent.CompletableFuture@3c815d25[Not completed]
2019-10-09 22:47:21,569 [grpc-default-executor-6] INFO  impl.RaftServerProxy (RaftServerProxy.java:addNew(89)) - 2b32037e-5057-43b0-83a7-854222bbab73: addNew group-EE90CBDC8AA9:[8dcd39d9-bb30-415b-8513-406c1d30fe52:192.168.164.207:46061, 0d6c1360-600e-4025-8081-764eff476ffd:192.168.164.207:45425, 2b32037e-5057-43b0-83a7-854222bbab73:192.168.164.207:46803] returns group-EE90CBDC8AA9:java.util.concurrent.CompletableFuture@6497c23c[Not completed]
2019-10-09 22:47:21,573 [pool-393-thread-1] INFO  impl.RaftServerImpl (RaftServerImpl.java:<init>(95)) - 8dcd39d9-bb30-415b-8513-406c1d30fe52: new RaftServerImpl for group-EE90CBDC8AA9:[8dcd39d9-bb30-415b-8513-406c1d30fe52:192.168.164.207:46061, 0d6c1360-600e-4025-8081-764eff476ffd:192.168.164.207:45425, 2b32037e-5057-43b0-83a7-854222bbab73:192.168.164.207:46803] with ContainerStateMachine:uninitialized
2019-10-09 22:47:21,573 [pool-393-thread-1] INFO  server.RaftServerConfigKeys (ConfUtils.java:logGet(43)) - raft.server.rpc.timeout.min = 5s (custom)
2019-10-09 22:47:21,573 [pool-393-thread-1] INFO  server.RaftServerConfigKeys (ConfUtils.java:logGet(43)) - raft.server.rpc.timeout.max = 5200ms (custom)
2019-10-09 22:47:21,573 [pool-393-thread-1] INFO  server.RaftServerConfigKeys (ConfUtils.java:logGet(43)) - raft.server.rpcslowness.timeout = 120s (custom)
2019-10-09 22:47:21,573 [pool-393-thread-1] INFO  server.RaftServerConfigKeys (ConfUtils.java:logGet(43)) - raft.server.sleep.deviation.threshold = 300 (default)
2019-10-09 22:47:21,573 [pool-383-thread-1] INFO  impl.RaftServerImpl (RaftServerImpl.java:<init>(95)) - 0d6c1360-600e-4025-8081-764eff476ffd: new RaftServerImpl for group-EE90CBDC8AA9:[8dcd39d9-bb30-415b-8513-406c1d30fe52:192.168.164.207:46061, 0d6c1360-600e-4025-8081-764eff476ffd:192.168.164.207:45425, 2b32037e-5057-43b0-83a7-854222bbab73:192.168.164.207:46803] with ContainerStateMachine:uninitialized
2019-10-09 22:47:21,573 [pool-393-thread-1] INFO  server.RaftServerConfigKeys (ConfUtils.java:logGet(43)) - raft.server.log.appender.install.snapshot.enabled = false (custom)
2019-10-09 22:47:21,573 [pool-383-thread-1] INFO  server.RaftServerConfigKeys (ConfUtils.java:logGet(43)) - raft.server.rpc.timeout.min = 5s (custom)
2019-10-09 22:47:21,573 [pool-393-thread-1] INFO  impl.RaftServerImpl (ServerState.java:<init>(103)) - 8dcd39d9-bb30-415b-8513-406c1d30fe52@group-EE90CBDC8AA9: ConfigurationManager, init=-1: [8dcd39d9-bb30-415b-8513-406c1d30fe52:192.168.164.207:46061, 0d6c1360-600e-4025-8081-764eff476ffd:192.168.164.207:45425, 2b32037e-5057-43b0-83a7-854222bbab73:192.168.164.207:46803], old=null, confs=<EMPTY_MAP>
2019-10-09 22:47:21,573 [pool-383-thread-1] INFO  server.RaftServerConfigKeys (ConfUtils.java:logGet(43)) - raft.server.rpc.timeout.max = 5200ms (custom)
2019-10-09 22:47:21,573 [pool-403-thread-1] INFO  impl.RaftServerImpl (RaftServerImpl.java:<init>(95)) - 2b32037e-5057-43b0-83a7-854222bbab73: new RaftServerImpl for group-EE90CBDC8AA9:[8dcd39d9-bb30-415b-8513-406c1d30fe52:192.168.164.207:46061, 0d6c1360-600e-4025-8081-764eff476ffd:192.168.164.207:45425, 2b32037e-5057-43b0-83a7-854222bbab73:192.168.164.207:46803] with ContainerStateMachine:uninitialized
2019-10-09 22:47:21,573 [pool-393-thread-1] INFO  server.RaftServerConfigKeys (ConfUtils.java:logGet(43)) - raft.server.storage.dir = [/workdir/hadoop-ozone/integration-test/target/test-dir/MiniOzoneClusterImpl-15c48851-1477-4c83-b9be-6d3ca511f7f9/datanode-1/data/ratis] (custom)
2019-10-09 22:47:21,574 [pool-403-thread-1] INFO  server.RaftServerConfigKeys (ConfUtils.java:logGet(43)) - raft.server.rpc.timeout.min = 5s (custom)
2019-10-09 22:47:21,573 [pool-383-thread-1] INFO  server.RaftServerConfigKeys (ConfUtils.java:logGet(43)) - raft.server.rpcslowness.timeout = 120s (custom)
2019-10-09 22:47:21,574 [pool-393-thread-1] INFO  server.RaftServerConfigKeys (ConfUtils.java:logGet(43)) - raft.server.log.corruption.policy = EXCEPTION (default)
2019-10-09 22:47:21,574 [pool-403-thread-1] INFO  server.RaftServerConfigKeys (ConfUtils.java:logGet(43)) - raft.server.rpc.timeout.max = 5200ms (custom)
2019-10-09 22:47:21,574 [pool-393-thread-1] INFO  storage.RaftStorageDirectory (RaftStorageDirectory.java:analyzeStorage(246)) - The storage directory /workdir/hadoop-ozone/integration-test/target/test-dir/MiniOzoneClusterImpl-15c48851-1477-4c83-b9be-6d3ca511f7f9/datanode-1/data/ratis/d65d0ce5-e331-4972-a1a3-ee90cbdc8aa9 does not exist. Creating ...
2019-10-09 22:47:21,574 [pool-383-thread-1] INFO  server.RaftServerConfigKeys (ConfUtils.java:logGet(43)) - raft.server.sleep.deviation.threshold = 300 (default)
2019-10-09 22:47:21,574 [pool-403-thread-1] INFO  server.RaftServerConfigKeys (ConfUtils.java:logGet(43)) - raft.server.rpcslowness.timeout = 120s (custom)
2019-10-09 22:47:21,574 [pool-383-thread-1] INFO  server.RaftServerConfigKeys (ConfUtils.java:logGet(43)) - raft.server.log.appender.install.snapshot.enabled = false (custom)
2019-10-09 22:47:21,574 [pool-403-thread-1] INFO  server.RaftServerConfigKeys (ConfUtils.java:logGet(43)) - raft.server.sleep.deviation.threshold = 300 (default)
2019-10-09 22:47:21,574 [pool-383-thread-1] INFO  impl.RaftServerImpl (ServerState.java:<init>(103)) - 0d6c1360-600e-4025-8081-764eff476ffd@group-EE90CBDC8AA9: ConfigurationManager, init=-1: [8dcd39d9-bb30-415b-8513-406c1d30fe52:192.168.164.207:46061, 0d6c1360-600e-4025-8081-764eff476ffd:192.168.164.207:45425, 2b32037e-5057-43b0-83a7-854222bbab73:192.168.164.207:46803], old=null, confs=<EMPTY_MAP>
2019-10-09 22:47:21,574 [pool-403-thread-1] INFO  server.RaftServerConfigKeys (ConfUtils.java:logGet(43)) - raft.server.log.appender.install.snapshot.enabled = false (custom)
2019-10-09 22:47:21,575 [pool-383-thread-1] INFO  server.RaftServerConfigKeys (ConfUtils.java:logGet(43)) - raft.server.storage.dir = [/workdir/hadoop-ozone/integration-test/target/test-dir/MiniOzoneClusterImpl-15c48851-1477-4c83-b9be-6d3ca511f7f9/datanode-0/data/ratis] (custom)
2019-10-09 22:47:21,575 [pool-403-thread-1] INFO  impl.RaftServerImpl (ServerState.java:<init>(103)) - 2b32037e-5057-43b0-83a7-854222bbab73@group-EE90CBDC8AA9: ConfigurationManager, init=-1: [8dcd39d9-bb30-415b-8513-406c1d30fe52:192.168.164.207:46061, 0d6c1360-600e-4025-8081-764eff476ffd:192.168.164.207:45425, 2b32037e-5057-43b0-83a7-854222bbab73:192.168.164.207:46803], old=null, confs=<EMPTY_MAP>
2019-10-09 22:47:21,575 [pool-383-thread-1] INFO  server.RaftServerConfigKeys (ConfUtils.java:logGet(43)) - raft.server.log.corruption.policy = EXCEPTION (default)
2019-10-09 22:47:21,575 [pool-403-thread-1] INFO  server.RaftServerConfigKeys (ConfUtils.java:logGet(43)) - raft.server.storage.dir = [/workdir/hadoop-ozone/integration-test/target/test-dir/MiniOzoneClusterImpl-15c48851-1477-4c83-b9be-6d3ca511f7f9/datanode-2/data/ratis] (custom)
2019-10-09 22:47:21,575 [pool-383-thread-1] INFO  storage.RaftStorageDirectory (RaftStorageDirectory.java:analyzeStorage(246)) - The storage directory /workdir/hadoop-ozone/integration-test/target/test-dir/MiniOzoneClusterImpl-15c48851-1477-4c83-b9be-6d3ca511f7f9/datanode-0/data/ratis/d65d0ce5-e331-4972-a1a3-ee90cbdc8aa9 does not exist. Creating ...
2019-10-09 22:47:21,575 [pool-403-thread-1] INFO  server.RaftServerConfigKeys (ConfUtils.java:logGet(43)) - raft.server.log.corruption.policy = EXCEPTION (default)
2019-10-09 22:47:21,575 [pool-403-thread-1] INFO  storage.RaftStorageDirectory (RaftStorageDirectory.java:analyzeStorage(246)) - The storage directory /workdir/hadoop-ozone/integration-test/target/test-dir/MiniOzoneClusterImpl-15c48851-1477-4c83-b9be-6d3ca511f7f9/datanode-2/data/ratis/d65d0ce5-e331-4972-a1a3-ee90cbdc8aa9 does not exist. Creating ...
2019-10-09 22:47:21,587 [pool-403-thread-1] INFO  storage.RaftStorageDirectory (RaftStorageDirectory.java:tryLock(328)) - Lock on /workdir/hadoop-ozone/integration-test/target/test-dir/MiniOzoneClusterImpl-15c48851-1477-4c83-b9be-6d3ca511f7f9/datanode-2/data/ratis/d65d0ce5-e331-4972-a1a3-ee90cbdc8aa9/in_use.lock acquired by nodename 20079@pr-hdds-1868-7c4vz-2804340038
2019-10-09 22:47:21,587 [pool-393-thread-1] INFO  storage.RaftStorageDirectory (RaftStorageDirectory.java:tryLock(328)) - Lock on /workdir/hadoop-ozone/integration-test/target/test-dir/MiniOzoneClusterImpl-15c48851-1477-4c83-b9be-6d3ca511f7f9/datanode-1/data/ratis/d65d0ce5-e331-4972-a1a3-ee90cbdc8aa9/in_use.lock acquired by nodename 20079@pr-hdds-1868-7c4vz-2804340038
2019-10-09 22:47:21,587 [pool-383-thread-1] INFO  storage.RaftStorageDirectory (RaftStorageDirectory.java:tryLock(328)) - Lock on /workdir/hadoop-ozone/integration-test/target/test-dir/MiniOzoneClusterImpl-15c48851-1477-4c83-b9be-6d3ca511f7f9/datanode-0/data/ratis/d65d0ce5-e331-4972-a1a3-ee90cbdc8aa9/in_use.lock acquired by nodename 20079@pr-hdds-1868-7c4vz-2804340038
2019-10-09 22:47:21,601 [pool-403-thread-1] INFO  storage.RaftStorage (RaftStorage.java:format(84)) - Storage directory /workdir/hadoop-ozone/integration-test/target/test-dir/MiniOzoneClusterImpl-15c48851-1477-4c83-b9be-6d3ca511f7f9/datanode-2/data/ratis/d65d0ce5-e331-4972-a1a3-ee90cbdc8aa9 has been successfully formatted.
2019-10-09 22:47:21,602 [pool-403-thread-1] INFO  ratis.ContainerStateMachine (ContainerStateMachine.java:loadSnapshot(233)) - group-EE90CBDC8AA9: The snapshot info is null. Setting the last applied indexto:(t:0, i:~)
2019-10-09 22:47:21,602 [pool-393-thread-1] INFO  storage.RaftStorage (RaftStorage.java:format(84)) - Storage directory /workdir/hadoop-ozone/integration-test/target/test-dir/MiniOzoneClusterImpl-15c48851-1477-4c83-b9be-6d3ca511f7f9/datanode-1/data/ratis/d65d0ce5-e331-4972-a1a3-ee90cbdc8aa9 has been successfully formatted.
2019-10-09 22:47:21,602 [pool-383-thread-1] INFO  storage.RaftStorage (RaftStorage.java:format(84)) - Storage directory /workdir/hadoop-ozone/integration-test/target/test-dir/MiniOzoneClusterImpl-15c48851-1477-4c83-b9be-6d3ca511f7f9/datanode-0/data/ratis/d65d0ce5-e331-4972-a1a3-ee90cbdc8aa9 has been successfully formatted.
2019-10-09 22:47:21,602 [pool-393-thread-1] INFO  ratis.ContainerStateMachine (ContainerStateMachine.java:loadSnapshot(233)) - group-EE90CBDC8AA9: The snapshot info is null. Setting the last applied indexto:(t:0, i:~)
2019-10-09 22:47:21,602 [pool-403-thread-1] INFO  server.RaftServerConfigKeys (ConfUtils.java:logGet(43)) - raft.server.notification.no-leader.timeout = 120s (custom)
2019-10-09 22:47:21,602 [pool-393-thread-1] INFO  server.RaftServerConfigKeys (ConfUtils.java:logGet(43)) - raft.server.notification.no-leader.timeout = 120s (custom)
2019-10-09 22:47:21,602 [pool-383-thread-1] INFO  ratis.ContainerStateMachine (ContainerStateMachine.java:loadSnapshot(233)) - group-EE90CBDC8AA9: The snapshot info is null. Setting the last applied indexto:(t:0, i:~)
2019-10-09 22:47:21,602 [pool-393-thread-1] INFO  server.RaftServerConfigKeys (ConfUtils.java:logGet(43)) - raft.server.log.use.memory = false (default)
2019-10-09 22:47:21,602 [pool-403-thread-1] INFO  server.RaftServerConfigKeys (ConfUtils.java:logGet(43)) - raft.server.log.use.memory = false (default)
2019-10-09 22:47:21,602 [pool-393-thread-1] INFO  server.RaftServerConfigKeys (ConfUtils.java:logGet(43)) - raft.server.log.purge.gap = 1000000 (custom)
2019-10-09 22:47:21,602 [pool-383-thread-1] INFO  server.RaftServerConfigKeys (ConfUtils.java:logGet(43)) - raft.server.notification.no-leader.timeout = 120s (custom)
2019-10-09 22:47:21,602 [pool-393-thread-1] INFO  server.RaftServerConfigKeys (ConfUtils.java:logGet(43)) - raft.server.log.appender.buffer.byte-limit = 33554432 (custom)
2019-10-09 22:47:21,602 [pool-403-thread-1] INFO  server.RaftServerConfigKeys (ConfUtils.java:logGet(43)) - raft.server.log.purge.gap = 1000000 (custom)
2019-10-09 22:47:21,603 [pool-393-thread-1] INFO  server.RaftServerConfigKeys (ConfUtils.java:logGet(43)) - raft.server.log.segment.size.max = 1048576 (custom)
2019-10-09 22:47:21,602 [pool-383-thread-1] INFO  server.RaftServerConfigKeys (ConfUtils.java:logGet(43)) - raft.server.log.use.memory = false (default)
2019-10-09 22:47:21,603 [pool-393-thread-1] INFO  server.RaftServerConfigKeys (ConfUtils.java:logGet(43)) - raft.server.log.segment.cache.num.max = 2 (custom)
2019-10-09 22:47:21,603 [pool-403-thread-1] INFO  server.RaftServerConfigKeys (ConfUtils.java:logGet(43)) - raft.server.log.appender.buffer.byte-limit = 33554432 (custom)
2019-10-09 22:47:21,603 [pool-393-thread-1] INFO  segmented.SegmentedRaftLogWorker (SegmentedRaftLogWorker.java:<init>(173)) - new 8dcd39d9-bb30-415b-8513-406c1d30fe52@group-EE90CBDC8AA9-SegmentedRaftLogWorker for RaftStorage:Storage Directory /workdir/hadoop-ozone/integration-test/target/test-dir/MiniOzoneClusterImpl-15c48851-1477-4c83-b9be-6d3ca511f7f9/datanode-1/data/ratis/d65d0ce5-e331-4972-a1a3-ee90cbdc8aa9
2019-10-09 22:47:21,603 [pool-383-thread-1] INFO  server.RaftServerConfigKeys (ConfUtils.java:logGet(43)) - raft.server.log.purge.gap = 1000000 (custom)
2019-10-09 22:47:21,603 [pool-393-thread-1] INFO  server.RaftServerConfigKeys (ConfUtils.java:logGet(43)) - raft.server.log.queue.byte-limit = 2147483647 (custom)
2019-10-09 22:47:21,603 [pool-403-thread-1] INFO  server.RaftServerConfigKeys (ConfUtils.java:logGet(43)) - raft.server.log.segment.size.max = 1048576 (custom)
2019-10-09 22:47:21,603 [pool-393-thread-1] INFO  server.RaftServerConfigKeys (ConfUtils.java:logGet(43)) - raft.server.log.queue.element-limit = 1024 (custom)
2019-10-09 22:47:21,603 [pool-383-thread-1] INFO  server.RaftServerConfigKeys (ConfUtils.java:logGet(43)) - raft.server.log.appender.buffer.byte-limit = 33554432 (custom)
2019-10-09 22:47:21,603 [pool-393-thread-1] INFO  server.RaftServerConfigKeys (ConfUtils.java:logGet(43)) - raft.server.log.segment.size.max = 1048576 (custom)
2019-10-09 22:47:21,603 [pool-403-thread-1] INFO  server.RaftServerConfigKeys (ConfUtils.java:logGet(43)) - raft.server.log.segment.cache.num.max = 2 (custom)
2019-10-09 22:47:21,604 [pool-393-thread-1] INFO  server.RaftServerConfigKeys (ConfUtils.java:logGet(43)) - raft.server.log.preallocated.size = 16384 (custom)
2019-10-09 22:47:21,604 [pool-383-thread-1] INFO  server.RaftServerConfigKeys (ConfUtils.java:logGet(43)) - raft.server.log.segment.size.max = 1048576 (custom)
2019-10-09 22:47:21,604 [pool-393-thread-1] INFO  server.RaftServerConfigKeys (ConfUtils.java:logGet(43)) - raft.server.log.write.buffer.size = 33554432 (custom)
2019-10-09 22:47:21,604 [pool-403-thread-1] INFO  segmented.SegmentedRaftLogWorker (SegmentedRaftLogWorker.java:<init>(173)) - new 2b32037e-5057-43b0-83a7-854222bbab73@group-EE90CBDC8AA9-SegmentedRaftLogWorker for RaftStorage:Storage Directory /workdir/hadoop-ozone/integration-test/target/test-dir/MiniOzoneClusterImpl-15c48851-1477-4c83-b9be-6d3ca511f7f9/datanode-2/data/ratis/d65d0ce5-e331-4972-a1a3-ee90cbdc8aa9
2019-10-09 22:47:21,604 [pool-393-thread-1] INFO  server.RaftServerConfigKeys (ConfUtils.java:logGet(43)) - raft.server.log.force.sync.num = 128 (default)
2019-10-09 22:47:21,604 [pool-383-thread-1] INFO  server.RaftServerConfigKeys (ConfUtils.java:logGet(43)) - raft.server.log.segment.cache.num.max = 2 (custom)
2019-10-09 22:47:21,604 [pool-393-thread-1] INFO  server.RaftServerConfigKeys (ConfUtils.java:logGet(43)) - raft.server.log.statemachine.data.sync = true (default)
2019-10-09 22:47:21,604 [pool-403-thread-1] INFO  server.RaftServerConfigKeys (ConfUtils.java:logGet(43)) - raft.server.log.queue.byte-limit = 2147483647 (custom)
2019-10-09 22:47:21,604 [pool-393-thread-1] INFO  server.RaftServerConfigKeys (ConfUtils.java:logGet(43)) - raft.server.log.statemachine.data.sync.timeout = 10s (default)
2019-10-09 22:47:21,604 [pool-383-thread-1] INFO  segmented.SegmentedRaftLogWorker (SegmentedRaftLogWorker.java:<init>(173)) - new 0d6c1360-600e-4025-8081-764eff476ffd@group-EE90CBDC8AA9-SegmentedRaftLogWorker for RaftStorage:Storage Directory /workdir/hadoop-ozone/integration-test/target/test-dir/MiniOzoneClusterImpl-15c48851-1477-4c83-b9be-6d3ca511f7f9/datanode-0/data/ratis/d65d0ce5-e331-4972-a1a3-ee90cbdc8aa9
2019-10-09 22:47:21,605 [pool-393-thread-1] INFO  server.RaftServerConfigKeys (ConfUtils.java:logGet(43)) - raft.server.log.statemachine.data.sync.timeout.retry = -1 (default)
2019-10-09 22:47:21,605 [pool-403-thread-1] INFO  server.RaftServerConfigKeys (ConfUtils.java:logGet(43)) - raft.server.log.queue.element-limit = 1024 (custom)
2019-10-09 22:47:21,605 [pool-393-thread-1] INFO  server.RaftServerConfigKeys (ConfUtils.java:logGet(43)) - raft.server.log.statemachine.data.caching.enabled = true (custom)
2019-10-09 22:47:21,605 [pool-383-thread-1] INFO  server.RaftServerConfigKeys (ConfUtils.java:logGet(43)) - raft.server.log.queue.byte-limit = 2147483647 (custom)
2019-10-09 22:47:21,605 [pool-403-thread-1] INFO  server.RaftServerConfigKeys (ConfUtils.java:logGet(43)) - raft.server.log.segment.size.max = 1048576 (custom)
2019-10-09 22:47:21,605 [pool-383-thread-1] INFO  server.RaftServerConfigKeys (ConfUtils.java:logGet(43)) - raft.server.log.queue.element-limit = 1024 (custom)
2019-10-09 22:47:21,605 [pool-393-thread-1] INFO  segmented.SegmentedRaftLogWorker (SegmentedRaftLogWorker.java:lambda$new$0(128)) - 8dcd39d9-bb30-415b-8513-406c1d30fe52@group-EE90CBDC8AA9-SegmentedRaftLogWorker: flushIndex: setUnconditionally 0 -> -1
2019-10-09 22:47:21,605 [pool-383-thread-1] INFO  server.RaftServerConfigKeys (ConfUtils.java:logGet(43)) - raft.server.log.segment.size.max = 1048576 (custom)
2019-10-09 22:47:21,605 [pool-403-thread-1] INFO  server.RaftServerConfigKeys (ConfUtils.java:logGet(43)) - raft.server.log.preallocated.size = 16384 (custom)
2019-10-09 22:47:21,606 [pool-393-thread-1] INFO  server.RaftServerConfigKeys (ConfUtils.java:logGet(43)) - raft.server.snapshot.auto.trigger.enabled = true (custom)
2019-10-09 22:47:21,606 [pool-383-thread-1] INFO  server.RaftServerConfigKeys (ConfUtils.java:logGet(43)) - raft.server.log.preallocated.size = 16384 (custom)
2019-10-09 22:47:21,606 [pool-393-thread-1] INFO  server.RaftServerConfigKeys (ConfUtils.java:logGet(43)) - raft.server.snapshot.auto.trigger.threshold = 10000 (custom)
2019-10-09 22:47:21,606 [pool-403-thread-1] INFO  server.RaftServerConfigKeys (ConfUtils.java:logGet(43)) - raft.server.log.write.buffer.size = 33554432 (custom)
2019-10-09 22:47:21,606 [pool-393-thread-1] INFO  server.RaftServerConfigKeys (ConfUtils.java:logGet(43)) - raft.server.snapshot.retention.file.num = 5 (custom)
2019-10-09 22:47:21,606 [pool-383-thread-1] INFO  server.RaftServerConfigKeys (ConfUtils.java:logGet(43)) - raft.server.log.write.buffer.size = 33554432 (custom)
2019-10-09 22:47:21,606 [pool-393-thread-1] INFO  server.RaftServerConfigKeys (ConfUtils.java:logGet(43)) - raft.server.retrycache.expirytime = 600000ms (custom)
2019-10-09 22:47:21,606 [pool-403-thread-1] INFO  server.RaftServerConfigKeys (ConfUtils.java:logGet(43)) - raft.server.log.force.sync.num = 128 (default)
2019-10-09 22:47:21,606 [pool-383-thread-1] INFO  server.RaftServerConfigKeys (ConfUtils.java:logGet(43)) - raft.server.log.force.sync.num = 128 (default)
2019-10-09 22:47:21,606 [pool-403-thread-1] INFO  server.RaftServerConfigKeys (ConfUtils.java:logGet(43)) - raft.server.log.statemachine.data.sync = true (default)
2019-10-09 22:47:21,607 [pool-383-thread-1] INFO  server.RaftServerConfigKeys (ConfUtils.java:logGet(43)) - raft.server.log.statemachine.data.sync = true (default)
2019-10-09 22:47:21,607 [pool-403-thread-1] INFO  server.RaftServerConfigKeys (ConfUtils.java:logGet(43)) - raft.server.log.statemachine.data.sync.timeout = 10s (default)
2019-10-09 22:47:21,607 [pool-383-thread-1] INFO  server.RaftServerConfigKeys (ConfUtils.java:logGet(43)) - raft.server.log.statemachine.data.sync.timeout = 10s (default)
2019-10-09 22:47:21,607 [pool-403-thread-1] INFO  server.RaftServerConfigKeys (ConfUtils.java:logGet(43)) - raft.server.log.statemachine.data.sync.timeout.retry = -1 (default)
2019-10-09 22:47:21,607 [pool-383-thread-1] INFO  server.RaftServerConfigKeys (ConfUtils.java:logGet(43)) - raft.server.log.statemachine.data.sync.timeout.retry = -1 (default)
2019-10-09 22:47:21,607 [pool-403-thread-1] INFO  server.RaftServerConfigKeys (ConfUtils.java:logGet(43)) - raft.server.log.statemachine.data.caching.enabled = true (custom)
2019-10-09 22:47:21,607 [pool-383-thread-1] INFO  server.RaftServerConfigKeys (ConfUtils.java:logGet(43)) - raft.server.log.statemachine.data.caching.enabled = true (custom)
2019-10-09 22:47:21,607 [pool-403-thread-1] INFO  segmented.SegmentedRaftLogWorker (SegmentedRaftLogWorker.java:lambda$new$0(128)) - 2b32037e-5057-43b0-83a7-854222bbab73@group-EE90CBDC8AA9-SegmentedRaftLogWorker: flushIndex: setUnconditionally 0 -> -1
2019-10-09 22:47:21,608 [pool-393-thread-1] INFO  impl.RaftServerImpl (RaftServerImpl.java:start(181)) - 8dcd39d9-bb30-415b-8513-406c1d30fe52@group-EE90CBDC8AA9: start as a follower, conf=-1: [8dcd39d9-bb30-415b-8513-406c1d30fe52:192.168.164.207:46061, 0d6c1360-600e-4025-8081-764eff476ffd:192.168.164.207:45425, 2b32037e-5057-43b0-83a7-854222bbab73:192.168.164.207:46803], old=null
2019-10-09 22:47:21,608 [pool-383-thread-1] INFO  segmented.SegmentedRaftLogWorker (SegmentedRaftLogWorker.java:lambda$new$0(128)) - 0d6c1360-600e-4025-8081-764eff476ffd@group-EE90CBDC8AA9-SegmentedRaftLogWorker: flushIndex: setUnconditionally 0 -> -1
2019-10-09 22:47:21,608 [pool-403-thread-1] INFO  server.RaftServerConfigKeys (ConfUtils.java:logGet(43)) - raft.server.snapshot.auto.trigger.enabled = true (custom)
2019-10-09 22:47:21,608 [pool-393-thread-1] INFO  impl.RaftServerImpl (RaftServerImpl.java:setRole(170)) - 8dcd39d9-bb30-415b-8513-406c1d30fe52@group-EE90CBDC8AA9: changes role from      null to FOLLOWER at term 0 for startAsFollower
2019-10-09 22:47:21,608 [pool-403-thread-1] INFO  server.RaftServerConfigKeys (ConfUtils.java:logGet(43)) - raft.server.snapshot.auto.trigger.threshold = 10000 (custom)
2019-10-09 22:47:21,608 [pool-383-thread-1] INFO  server.RaftServerConfigKeys (ConfUtils.java:logGet(43)) - raft.server.snapshot.auto.trigger.enabled = true (custom)
2019-10-09 22:47:21,608 [pool-403-thread-1] INFO  server.RaftServerConfigKeys (ConfUtils.java:logGet(43)) - raft.server.snapshot.retention.file.num = 5 (custom)
2019-10-09 22:47:21,608 [pool-393-thread-1] INFO  impl.RoleInfo (RoleInfo.java:updateAndGet(143)) - 8dcd39d9-bb30-415b-8513-406c1d30fe52: start FollowerState
2019-10-09 22:47:21,608 [pool-403-thread-1] INFO  server.RaftServerConfigKeys (ConfUtils.java:logGet(43)) - raft.server.retrycache.expirytime = 600000ms (custom)
2019-10-09 22:47:21,608 [pool-383-thread-1] INFO  server.RaftServerConfigKeys (ConfUtils.java:logGet(43)) - raft.server.snapshot.auto.trigger.threshold = 10000 (custom)
2019-10-09 22:47:21,609 [pool-393-thread-1] INFO  util.JmxRegister (JmxRegister.java:tryRegister(44)) - Successfully registered JMX Bean with object name Ratis:service=RaftServer,group=group-EE90CBDC8AA9,id=8dcd39d9-bb30-415b-8513-406c1d30fe52
2019-10-09 22:47:21,609 [pool-383-thread-1] INFO  server.RaftServerConfigKeys (ConfUtils.java:logGet(43)) - raft.server.snapshot.retention.file.num = 5 (custom)
2019-10-09 22:47:21,609 [pool-383-thread-1] INFO  server.RaftServerConfigKeys (ConfUtils.java:logGet(43)) - raft.server.retrycache.expirytime = 600000ms (custom)
2019-10-09 22:47:21,611 [pool-403-thread-1] INFO  impl.RaftServerImpl (RaftServerImpl.java:start(181)) - 2b32037e-5057-43b0-83a7-854222bbab73@group-EE90CBDC8AA9: start as a follower, conf=-1: [8dcd39d9-bb30-415b-8513-406c1d30fe52:192.168.164.207:46061, 0d6c1360-600e-4025-8081-764eff476ffd:192.168.164.207:45425, 2b32037e-5057-43b0-83a7-854222bbab73:192.168.164.207:46803], old=null
2019-10-09 22:47:21,611 [pool-403-thread-1] INFO  impl.RaftServerImpl (RaftServerImpl.java:setRole(170)) - 2b32037e-5057-43b0-83a7-854222bbab73@group-EE90CBDC8AA9: changes role from      null to FOLLOWER at term 0 for startAsFollower
2019-10-09 22:47:21,611 [pool-403-thread-1] INFO  impl.RoleInfo (RoleInfo.java:updateAndGet(143)) - 2b32037e-5057-43b0-83a7-854222bbab73: start FollowerState
2019-10-09 22:47:21,611 [pool-403-thread-1] INFO  util.JmxRegister (JmxRegister.java:tryRegister(44)) - Successfully registered JMX Bean with object name Ratis:service=RaftServer,group=group-EE90CBDC8AA9,id=2b32037e-5057-43b0-83a7-854222bbab73
2019-10-09 22:47:21,611 [pool-383-thread-1] INFO  impl.RaftServerImpl (RaftServerImpl.java:start(181)) - 0d6c1360-600e-4025-8081-764eff476ffd@group-EE90CBDC8AA9: start as a follower, conf=-1: [8dcd39d9-bb30-415b-8513-406c1d30fe52:192.168.164.207:46061, 0d6c1360-600e-4025-8081-764eff476ffd:192.168.164.207:45425, 2b32037e-5057-43b0-83a7-854222bbab73:192.168.164.207:46803], old=null
2019-10-09 22:47:21,612 [pool-383-thread-1] INFO  impl.RaftServerImpl (RaftServerImpl.java:setRole(170)) - 0d6c1360-600e-4025-8081-764eff476ffd@group-EE90CBDC8AA9: changes role from      null to FOLLOWER at term 0 for startAsFollower
2019-10-09 22:47:21,612 [pool-383-thread-1] INFO  impl.RoleInfo (RoleInfo.java:updateAndGet(143)) - 0d6c1360-600e-4025-8081-764eff476ffd: start FollowerState
2019-10-09 22:47:21,612 [pool-383-thread-1] INFO  util.JmxRegister (JmxRegister.java:tryRegister(44)) - Successfully registered JMX Bean with object name Ratis:service=RaftServer,group=group-EE90CBDC8AA9,id=0d6c1360-600e-4025-8081-764eff476ffd
2019-10-09 22:47:21,615 [RatisPipelineUtilsThread] INFO  pipeline.PipelineStateManager (PipelineStateManager.java:addPipeline(57)) - Created pipeline Pipeline[ Id: d65d0ce5-e331-4972-a1a3-ee90cbdc8aa9, Nodes: 0d6c1360-600e-4025-8081-764eff476ffd{ip: 192.168.164.207, host: pr-hdds-1868-7c4vz-2804340038, networkLocation: /default-rack, certSerialId: null}8dcd39d9-bb30-415b-8513-406c1d30fe52{ip: 192.168.164.207, host: pr-hdds-1868-7c4vz-2804340038, networkLocation: /default-rack, certSerialId: null}2b32037e-5057-43b0-83a7-854222bbab73{ip: 192.168.164.207, host: pr-hdds-1868-7c4vz-2804340038, networkLocation: /default-rack, certSerialId: null}, Type:RATIS, Factor:THREE, State:ALLOCATED]
2019-10-09 22:47:21,616 [Thread-2517] INFO  pipeline.PipelineStateManager (PipelineStateManager.java:finalizePipeline(123)) - Pipeline Pipeline[ Id: 51c615a4-cea1-45ce-a7a9-164c93d0ef19, Nodes: 74a2e125-3a23-4be7-af2d-aa86912c3992{ip: 192.168.164.207, host: pr-hdds-1868-7c4vz-2804340038, networkLocation: /default-rack, certSerialId: null}, Type:RATIS, Factor:ONE, State:CLOSED] moved to CLOSED state
2019-10-09 22:47:21,622 [grpc-default-executor-6] INFO  impl.RaftServerProxy (RaftServerProxy.java:remove(95)) - 74a2e125-3a23-4be7-af2d-aa86912c3992: remove  FOLLOWER 74a2e125-3a23-4be7-af2d-aa86912c3992@group-164C93D0EF19:t0, leader=null, voted=null, raftlog=74a2e125-3a23-4be7-af2d-aa86912c3992@group-164C93D0EF19-SegmentedRaftLog:OPENED:c-1,f-1,i0, conf=-1: [74a2e125-3a23-4be7-af2d-aa86912c3992:192.168.164.207:34683], old=null RUNNING
2019-10-09 22:47:21,622 [grpc-default-executor-6] INFO  impl.RaftServerImpl (RaftServerImpl.java:lambda$shutdown$3(247)) - 74a2e125-3a23-4be7-af2d-aa86912c3992@group-164C93D0EF19: shutdown
2019-10-09 22:47:21,622 [grpc-default-executor-6] INFO  util.JmxRegister (JmxRegister.java:unregister(73)) - Successfully un-registered JMX Bean with object name Ratis:service=RaftServer,group=group-164C93D0EF19,id=74a2e125-3a23-4be7-af2d-aa86912c3992
2019-10-09 22:47:21,622 [grpc-default-executor-6] INFO  impl.RoleInfo (RoleInfo.java:shutdownFollowerState(121)) - 74a2e125-3a23-4be7-af2d-aa86912c3992: shutdown FollowerState
2019-10-09 22:47:21,622 [grpc-default-executor-6] INFO  impl.StateMachineUpdater (StateMachineUpdater.java:stopAndJoin(136)) - 74a2e125-3a23-4be7-af2d-aa86912c3992@group-164C93D0EF19-StateMachineUpdater: set stopIndex = -1
2019-10-09 22:47:21,622 [Thread-2537] INFO  impl.FollowerState (FollowerState.java:run(117)) - 74a2e125-3a23-4be7-af2d-aa86912c3992@group-164C93D0EF19-FollowerState was interrupted: java.lang.InterruptedException: sleep interrupted
2019-10-09 22:47:21,622 [grpc-default-executor-6] INFO  impl.RaftServerImpl (ServerState.java:close(387)) - 74a2e125-3a23-4be7-af2d-aa86912c3992@group-164C93D0EF19: closes. applyIndex: -1
2019-10-09 22:47:21,625 [74a2e125-3a23-4be7-af2d-aa86912c3992@group-164C93D0EF19-SegmentedRaftLogWorker] INFO  segmented.SegmentedRaftLogWorker (SegmentedRaftLogWorker.java:run(316)) - 74a2e125-3a23-4be7-af2d-aa86912c3992@group-164C93D0EF19-SegmentedRaftLogWorker was interrupted, exiting. There are 0 tasks remaining in the queue.
2019-10-09 22:47:21,625 [grpc-default-executor-6] INFO  segmented.SegmentedRaftLogWorker (SegmentedRaftLogWorker.java:close(224)) - 74a2e125-3a23-4be7-af2d-aa86912c3992@group-164C93D0EF19-SegmentedRaftLogWorker close()
2019-10-09 22:47:21,633 [Thread-2517] INFO  pipeline.PipelineStateManager (PipelineStateManager.java:removePipeline(108)) - Pipeline Pipeline[ Id: 51c615a4-cea1-45ce-a7a9-164c93d0ef19, Nodes: 74a2e125-3a23-4be7-af2d-aa86912c3992{ip: 192.168.164.207, host: pr-hdds-1868-7c4vz-2804340038, networkLocation: /default-rack, certSerialId: null}, Type:RATIS, Factor:ONE, State:CLOSED] removed from db
2019-10-09 22:47:21,633 [Thread-2517] INFO  pipeline.SCMPipelineManager (SCMPipelineManager.java:finalizeAndDestroyPipeline(315)) - destroying pipeline:Pipeline[ Id: e617158e-20b4-4b8b-838e-a4caa3df5ace, Nodes: 08f99e19-a48a-4e34-b396-b5d0bb9c673f{ip: 192.168.164.207, host: pr-hdds-1868-7c4vz-2804340038, networkLocation: /default-rack, certSerialId: null}, Type:RATIS, Factor:ONE, State:ALLOCATED]
2019-10-09 22:47:21,633 [Thread-2517] INFO  pipeline.PipelineStateManager (PipelineStateManager.java:finalizePipeline(123)) - Pipeline Pipeline[ Id: e617158e-20b4-4b8b-838e-a4caa3df5ace, Nodes: 08f99e19-a48a-4e34-b396-b5d0bb9c673f{ip: 192.168.164.207, host: pr-hdds-1868-7c4vz-2804340038, networkLocation: /default-rack, certSerialId: null}, Type:RATIS, Factor:ONE, State:CLOSED] moved to CLOSED state
2019-10-09 22:47:21,641 [grpc-default-executor-6] INFO  impl.RaftServerProxy (RaftServerProxy.java:remove(95)) - 08f99e19-a48a-4e34-b396-b5d0bb9c673f: remove  FOLLOWER 08f99e19-a48a-4e34-b396-b5d0bb9c673f@group-A4CAA3DF5ACE:t0, leader=null, voted=null, raftlog=08f99e19-a48a-4e34-b396-b5d0bb9c673f@group-A4CAA3DF5ACE-SegmentedRaftLog:OPENED:c-1,f-1,i0, conf=-1: [08f99e19-a48a-4e34-b396-b5d0bb9c673f:192.168.164.207:41324], old=null RUNNING
2019-10-09 22:47:21,644 [grpc-default-executor-6] INFO  impl.RaftServerImpl (RaftServerImpl.java:lambda$shutdown$3(247)) - 08f99e19-a48a-4e34-b396-b5d0bb9c673f@group-A4CAA3DF5ACE: shutdown
2019-10-09 22:47:21,644 [grpc-default-executor-6] INFO  util.JmxRegister (JmxRegister.java:unregister(73)) - Successfully un-registered JMX Bean with object name Ratis:service=RaftServer,group=group-A4CAA3DF5ACE,id=08f99e19-a48a-4e34-b396-b5d0bb9c673f
2019-10-09 22:47:21,644 [grpc-default-executor-6] INFO  impl.RoleInfo (RoleInfo.java:shutdownFollowerState(121)) - 08f99e19-a48a-4e34-b396-b5d0bb9c673f: shutdown FollowerState
2019-10-09 22:47:21,645 [grpc-default-executor-6] INFO  impl.StateMachineUpdater (StateMachineUpdater.java:stopAndJoin(136)) - 08f99e19-a48a-4e34-b396-b5d0bb9c673f@group-A4CAA3DF5ACE-StateMachineUpdater: set stopIndex = -1
2019-10-09 22:47:21,645 [grpc-default-executor-6] INFO  impl.RaftServerImpl (ServerState.java:close(387)) - 08f99e19-a48a-4e34-b396-b5d0bb9c673f@group-A4CAA3DF5ACE: closes. applyIndex: -1
2019-10-09 22:47:21,645 [grpc-default-executor-3] INFO  impl.RaftServerProxy (RaftServerProxy.java:addNew(89)) - 74a2e125-3a23-4be7-af2d-aa86912c3992: addNew group-E3183BC18981:[74a2e125-3a23-4be7-af2d-aa86912c3992:192.168.164.207:34683] returns group-E3183BC18981:java.util.concurrent.CompletableFuture@4f939c91[Not completed]
2019-10-09 22:47:21,645 [08f99e19-a48a-4e34-b396-b5d0bb9c673f@group-A4CAA3DF5ACE-SegmentedRaftLogWorker] INFO  segmented.SegmentedRaftLogWorker (SegmentedRaftLogWorker.java:run(316)) - 08f99e19-a48a-4e34-b396-b5d0bb9c673f@group-A4CAA3DF5ACE-SegmentedRaftLogWorker was interrupted, exiting. There are 0 tasks remaining in the queue.
2019-10-09 22:47:21,645 [Thread-2546] INFO  impl.FollowerState (FollowerState.java:run(117)) - 08f99e19-a48a-4e34-b396-b5d0bb9c673f@group-A4CAA3DF5ACE-FollowerState was interrupted: java.lang.InterruptedException: sleep interrupted
2019-10-09 22:47:21,645 [grpc-default-executor-6] INFO  segmented.SegmentedRaftLogWorker (SegmentedRaftLogWorker.java:close(224)) - 08f99e19-a48a-4e34-b396-b5d0bb9c673f@group-A4CAA3DF5ACE-SegmentedRaftLogWorker close()
2019-10-09 22:47:21,653 [pool-413-thread-1] INFO  impl.RaftServerImpl (RaftServerImpl.java:<init>(95)) - 74a2e125-3a23-4be7-af2d-aa86912c3992: new RaftServerImpl for group-E3183BC18981:[74a2e125-3a23-4be7-af2d-aa86912c3992:192.168.164.207:34683] with ContainerStateMachine:uninitialized
2019-10-09 22:47:21,653 [pool-413-thread-1] INFO  server.RaftServerConfigKeys (ConfUtils.java:logGet(43)) - raft.server.rpc.timeout.min = 5s (custom)
2019-10-09 22:47:21,653 [pool-413-thread-1] INFO  server.RaftServerConfigKeys (ConfUtils.java:logGet(43)) - raft.server.rpc.timeout.max = 5200ms (custom)
2019-10-09 22:47:21,653 [pool-413-thread-1] INFO  server.RaftServerConfigKeys (ConfUtils.java:logGet(43)) - raft.server.rpcslowness.timeout = 120s (custom)
2019-10-09 22:47:21,654 [pool-413-thread-1] INFO  server.RaftServerConfigKeys (ConfUtils.java:logGet(43)) - raft.server.sleep.deviation.threshold = 300 (default)
2019-10-09 22:47:21,654 [pool-413-thread-1] INFO  server.RaftServerConfigKeys (ConfUtils.java:logGet(43)) - raft.server.log.appender.install.snapshot.enabled = false (custom)
2019-10-09 22:47:21,654 [pool-413-thread-1] INFO  impl.RaftServerImpl (ServerState.java:<init>(103)) - 74a2e125-3a23-4be7-af2d-aa86912c3992@group-E3183BC18981: ConfigurationManager, init=-1: [74a2e125-3a23-4be7-af2d-aa86912c3992:192.168.164.207:34683], old=null, confs=<EMPTY_MAP>
2019-10-09 22:47:21,654 [pool-413-thread-1] INFO  server.RaftServerConfigKeys (ConfUtils.java:logGet(43)) - raft.server.storage.dir = [/workdir/hadoop-ozone/integration-test/target/test-dir/MiniOzoneClusterImpl-15c48851-1477-4c83-b9be-6d3ca511f7f9/datanode-3/data/ratis] (custom)
2019-10-09 22:47:21,654 [pool-413-thread-1] INFO  server.RaftServerConfigKeys (ConfUtils.java:logGet(43)) - raft.server.log.corruption.policy = EXCEPTION (default)
2019-10-09 22:47:21,654 [pool-413-thread-1] INFO  storage.RaftStorageDirectory (RaftStorageDirectory.java:analyzeStorage(246)) - The storage directory /workdir/hadoop-ozone/integration-test/target/test-dir/MiniOzoneClusterImpl-15c48851-1477-4c83-b9be-6d3ca511f7f9/datanode-3/data/ratis/fd9f4dff-d966-40b9-b5f1-e3183bc18981 does not exist. Creating ...
2019-10-09 22:47:21,667 [pool-413-thread-1] INFO  storage.RaftStorageDirectory (RaftStorageDirectory.java:tryLock(328)) - Lock on /workdir/hadoop-ozone/integration-test/target/test-dir/MiniOzoneClusterImpl-15c48851-1477-4c83-b9be-6d3ca511f7f9/datanode-3/data/ratis/fd9f4dff-d966-40b9-b5f1-e3183bc18981/in_use.lock acquired by nodename 20079@pr-hdds-1868-7c4vz-2804340038
2019-10-09 22:47:21,679 [pool-413-thread-1] INFO  storage.RaftStorage (RaftStorage.java:format(84)) - Storage directory /workdir/hadoop-ozone/integration-test/target/test-dir/MiniOzoneClusterImpl-15c48851-1477-4c83-b9be-6d3ca511f7f9/datanode-3/data/ratis/fd9f4dff-d966-40b9-b5f1-e3183bc18981 has been successfully formatted.
2019-10-09 22:47:21,679 [pool-413-thread-1] INFO  ratis.ContainerStateMachine (ContainerStateMachine.java:loadSnapshot(233)) - group-E3183BC18981: The snapshot info is null. Setting the last applied indexto:(t:0, i:~)
2019-10-09 22:47:21,679 [pool-413-thread-1] INFO  server.RaftServerConfigKeys (ConfUtils.java:logGet(43)) - raft.server.notification.no-leader.timeout = 120s (custom)
2019-10-09 22:47:21,679 [pool-413-thread-1] INFO  server.RaftServerConfigKeys (ConfUtils.java:logGet(43)) - raft.server.log.use.memory = false (default)
2019-10-09 22:47:21,680 [pool-413-thread-1] INFO  server.RaftServerConfigKeys (ConfUtils.java:logGet(43)) - raft.server.log.purge.gap = 1000000 (custom)
2019-10-09 22:47:21,680 [pool-413-thread-1] INFO  server.RaftServerConfigKeys (ConfUtils.java:logGet(43)) - raft.server.log.appender.buffer.byte-limit = 33554432 (custom)
2019-10-09 22:47:21,680 [pool-413-thread-1] INFO  server.RaftServerConfigKeys (ConfUtils.java:logGet(43)) - raft.server.log.segment.size.max = 1048576 (custom)
2019-10-09 22:47:21,680 [pool-413-thread-1] INFO  server.RaftServerConfigKeys (ConfUtils.java:logGet(43)) - raft.server.log.segment.cache.num.max = 2 (custom)
2019-10-09 22:47:21,680 [pool-413-thread-1] INFO  segmented.SegmentedRaftLogWorker (SegmentedRaftLogWorker.java:<init>(173)) - new 74a2e125-3a23-4be7-af2d-aa86912c3992@group-E3183BC18981-SegmentedRaftLogWorker for RaftStorage:Storage Directory /workdir/hadoop-ozone/integration-test/target/test-dir/MiniOzoneClusterImpl-15c48851-1477-4c83-b9be-6d3ca511f7f9/datanode-3/data/ratis/fd9f4dff-d966-40b9-b5f1-e3183bc18981
2019-10-09 22:47:21,680 [pool-413-thread-1] INFO  server.RaftServerConfigKeys (ConfUtils.java:logGet(43)) - raft.server.log.queue.byte-limit = 2147483647 (custom)
2019-10-09 22:47:21,680 [pool-413-thread-1] INFO  server.RaftServerConfigKeys (ConfUtils.java:logGet(43)) - raft.server.log.queue.element-limit = 1024 (custom)
2019-10-09 22:47:21,680 [pool-413-thread-1] INFO  server.RaftServerConfigKeys (ConfUtils.java:logGet(43)) - raft.server.log.segment.size.max = 1048576 (custom)
2019-10-09 22:47:21,680 [pool-413-thread-1] INFO  server.RaftServerConfigKeys (ConfUtils.java:logGet(43)) - raft.server.log.preallocated.size = 16384 (custom)
2019-10-09 22:47:21,680 [pool-413-thread-1] INFO  server.RaftServerConfigKeys (ConfUtils.java:logGet(43)) - raft.server.log.write.buffer.size = 33554432 (custom)
2019-10-09 22:47:21,681 [pool-413-thread-1] INFO  server.RaftServerConfigKeys (ConfUtils.java:logGet(43)) - raft.server.log.force.sync.num = 128 (default)
2019-10-09 22:47:21,681 [pool-413-thread-1] INFO  server.RaftServerConfigKeys (ConfUtils.java:logGet(43)) - raft.server.log.statemachine.data.sync = true (default)
2019-10-09 22:47:21,681 [pool-413-thread-1] INFO  server.RaftServerConfigKeys (ConfUtils.java:logGet(43)) - raft.server.log.statemachine.data.sync.timeout = 10s (default)
2019-10-09 22:47:21,681 [pool-413-thread-1] INFO  server.RaftServerConfigKeys (ConfUtils.java:logGet(43)) - raft.server.log.statemachine.data.sync.timeout.retry = -1 (default)
2019-10-09 22:47:21,681 [pool-413-thread-1] INFO  server.RaftServerConfigKeys (ConfUtils.java:logGet(43)) - raft.server.log.statemachine.data.caching.enabled = true (custom)
2019-10-09 22:47:21,681 [pool-413-thread-1] INFO  segmented.SegmentedRaftLogWorker (SegmentedRaftLogWorker.java:lambda$new$0(128)) - 74a2e125-3a23-4be7-af2d-aa86912c3992@group-E3183BC18981-SegmentedRaftLogWorker: flushIndex: setUnconditionally 0 -> -1
2019-10-09 22:47:21,682 [pool-413-thread-1] INFO  server.RaftServerConfigKeys (ConfUtils.java:logGet(43)) - raft.server.snapshot.auto.trigger.enabled = true (custom)
2019-10-09 22:47:21,682 [pool-413-thread-1] INFO  server.RaftServerConfigKeys (ConfUtils.java:logGet(43)) - raft.server.snapshot.auto.trigger.threshold = 10000 (custom)
2019-10-09 22:47:21,682 [pool-413-thread-1] INFO  server.RaftServerConfigKeys (ConfUtils.java:logGet(43)) - raft.server.snapshot.retention.file.num = 5 (custom)
2019-10-09 22:47:21,682 [pool-413-thread-1] INFO  server.RaftServerConfigKeys (ConfUtils.java:logGet(43)) - raft.server.retrycache.expirytime = 600000ms (custom)
2019-10-09 22:47:21,683 [pool-413-thread-1] INFO  impl.RaftServerImpl (RaftServerImpl.java:start(181)) - 74a2e125-3a23-4be7-af2d-aa86912c3992@group-E3183BC18981: start as a follower, conf=-1: [74a2e125-3a23-4be7-af2d-aa86912c3992:192.168.164.207:34683], old=null
2019-10-09 22:47:21,684 [pool-413-thread-1] INFO  impl.RaftServerImpl (RaftServerImpl.java:setRole(170)) - 74a2e125-3a23-4be7-af2d-aa86912c3992@group-E3183BC18981: changes role from      null to FOLLOWER at term 0 for startAsFollower
2019-10-09 22:47:21,684 [pool-413-thread-1] INFO  impl.RoleInfo (RoleInfo.java:updateAndGet(143)) - 74a2e125-3a23-4be7-af2d-aa86912c3992: start FollowerState
2019-10-09 22:47:21,684 [pool-413-thread-1] INFO  util.JmxRegister (JmxRegister.java:tryRegister(44)) - Successfully registered JMX Bean with object name Ratis:service=RaftServer,group=group-E3183BC18981,id=74a2e125-3a23-4be7-af2d-aa86912c3992
2019-10-09 22:47:21,687 [RatisPipelineUtilsThread] INFO  pipeline.PipelineStateManager (PipelineStateManager.java:addPipeline(57)) - Created pipeline Pipeline[ Id: fd9f4dff-d966-40b9-b5f1-e3183bc18981, Nodes: 74a2e125-3a23-4be7-af2d-aa86912c3992{ip: 192.168.164.207, host: pr-hdds-1868-7c4vz-2804340038, networkLocation: /default-rack, certSerialId: null}, Type:RATIS, Factor:ONE, State:ALLOCATED]
2019-10-09 22:47:21,690 [grpc-default-executor-6] INFO  impl.RaftServerProxy (RaftServerProxy.java:addNew(89)) - 08f99e19-a48a-4e34-b396-b5d0bb9c673f: addNew group-D06F4D4C0107:[08f99e19-a48a-4e34-b396-b5d0bb9c673f:192.168.164.207:41324] returns group-D06F4D4C0107:java.util.concurrent.CompletableFuture@3b8653d2[Not completed]
2019-10-09 22:47:21,692 [pool-443-thread-1] INFO  impl.RaftServerImpl (RaftServerImpl.java:<init>(95)) - 08f99e19-a48a-4e34-b396-b5d0bb9c673f: new RaftServerImpl for group-D06F4D4C0107:[08f99e19-a48a-4e34-b396-b5d0bb9c673f:192.168.164.207:41324] with ContainerStateMachine:uninitialized
2019-10-09 22:47:21,692 [pool-443-thread-1] INFO  server.RaftServerConfigKeys (ConfUtils.java:logGet(43)) - raft.server.rpc.timeout.min = 5s (custom)
2019-10-09 22:47:21,692 [pool-443-thread-1] INFO  server.RaftServerConfigKeys (ConfUtils.java:logGet(43)) - raft.server.rpc.timeout.max = 5200ms (custom)
2019-10-09 22:47:21,692 [pool-443-thread-1] INFO  server.RaftServerConfigKeys (ConfUtils.java:logGet(43)) - raft.server.rpcslowness.timeout = 120s (custom)
2019-10-09 22:47:21,692 [pool-443-thread-1] INFO  server.RaftServerConfigKeys (ConfUtils.java:logGet(43)) - raft.server.sleep.deviation.threshold = 300 (default)
2019-10-09 22:47:21,692 [pool-443-thread-1] INFO  server.RaftServerConfigKeys (ConfUtils.java:logGet(43)) - raft.server.log.appender.install.snapshot.enabled = false (custom)
2019-10-09 22:47:21,692 [pool-443-thread-1] INFO  impl.RaftServerImpl (ServerState.java:<init>(103)) - 08f99e19-a48a-4e34-b396-b5d0bb9c673f@group-D06F4D4C0107: ConfigurationManager, init=-1: [08f99e19-a48a-4e34-b396-b5d0bb9c673f:192.168.164.207:41324], old=null, confs=<EMPTY_MAP>
2019-10-09 22:47:21,692 [pool-443-thread-1] INFO  server.RaftServerConfigKeys (ConfUtils.java:logGet(43)) - raft.server.storage.dir = [/workdir/hadoop-ozone/integration-test/target/test-dir/MiniOzoneClusterImpl-15c48851-1477-4c83-b9be-6d3ca511f7f9/datanode-6/data/ratis] (custom)
2019-10-09 22:47:21,693 [pool-443-thread-1] INFO  server.RaftServerConfigKeys (ConfUtils.java:logGet(43)) - raft.server.log.corruption.policy = EXCEPTION (default)
2019-10-09 22:47:21,693 [pool-443-thread-1] INFO  storage.RaftStorageDirectory (RaftStorageDirectory.java:analyzeStorage(246)) - The storage directory /workdir/hadoop-ozone/integration-test/target/test-dir/MiniOzoneClusterImpl-15c48851-1477-4c83-b9be-6d3ca511f7f9/datanode-6/data/ratis/3895d59f-d74b-435f-b2fc-d06f4d4c0107 does not exist. Creating ...
2019-10-09 22:47:21,706 [pool-443-thread-1] INFO  storage.RaftStorageDirectory (RaftStorageDirectory.java:tryLock(328)) - Lock on /workdir/hadoop-ozone/integration-test/target/test-dir/MiniOzoneClusterImpl-15c48851-1477-4c83-b9be-6d3ca511f7f9/datanode-6/data/ratis/3895d59f-d74b-435f-b2fc-d06f4d4c0107/in_use.lock acquired by nodename 20079@pr-hdds-1868-7c4vz-2804340038
2019-10-09 22:47:21,718 [pool-443-thread-1] INFO  storage.RaftStorage (RaftStorage.java:format(84)) - Storage directory /workdir/hadoop-ozone/integration-test/target/test-dir/MiniOzoneClusterImpl-15c48851-1477-4c83-b9be-6d3ca511f7f9/datanode-6/data/ratis/3895d59f-d74b-435f-b2fc-d06f4d4c0107 has been successfully formatted.
2019-10-09 22:47:21,719 [pool-443-thread-1] INFO  ratis.ContainerStateMachine (ContainerStateMachine.java:loadSnapshot(233)) - group-D06F4D4C0107: The snapshot info is null. Setting the last applied indexto:(t:0, i:~)
2019-10-09 22:47:21,719 [pool-443-thread-1] INFO  server.RaftServerConfigKeys (ConfUtils.java:logGet(43)) - raft.server.notification.no-leader.timeout = 120s (custom)
2019-10-09 22:47:21,719 [pool-443-thread-1] INFO  server.RaftServerConfigKeys (ConfUtils.java:logGet(43)) - raft.server.log.use.memory = false (default)
2019-10-09 22:47:21,719 [pool-443-thread-1] INFO  server.RaftServerConfigKeys (ConfUtils.java:logGet(43)) - raft.server.log.purge.gap = 1000000 (custom)
2019-10-09 22:47:21,719 [pool-443-thread-1] INFO  server.RaftServerConfigKeys (ConfUtils.java:logGet(43)) - raft.server.log.appender.buffer.byte-limit = 33554432 (custom)
2019-10-09 22:47:21,719 [pool-443-thread-1] INFO  server.RaftServerConfigKeys (ConfUtils.java:logGet(43)) - raft.server.log.segment.size.max = 1048576 (custom)
2019-10-09 22:47:21,719 [pool-443-thread-1] INFO  server.RaftServerConfigKeys (ConfUtils.java:logGet(43)) - raft.server.log.segment.cache.num.max = 2 (custom)
2019-10-09 22:47:21,720 [pool-443-thread-1] INFO  segmented.SegmentedRaftLogWorker (SegmentedRaftLogWorker.java:<init>(173)) - new 08f99e19-a48a-4e34-b396-b5d0bb9c673f@group-D06F4D4C0107-SegmentedRaftLogWorker for RaftStorage:Storage Directory /workdir/hadoop-ozone/integration-test/target/test-dir/MiniOzoneClusterImpl-15c48851-1477-4c83-b9be-6d3ca511f7f9/datanode-6/data/ratis/3895d59f-d74b-435f-b2fc-d06f4d4c0107
2019-10-09 22:47:21,720 [pool-443-thread-1] INFO  server.RaftServerConfigKeys (ConfUtils.java:logGet(43)) - raft.server.log.queue.byte-limit = 2147483647 (custom)
2019-10-09 22:47:21,720 [pool-443-thread-1] INFO  server.RaftServerConfigKeys (ConfUtils.java:logGet(43)) - raft.server.log.queue.element-limit = 1024 (custom)
2019-10-09 22:47:21,720 [pool-443-thread-1] INFO  server.RaftServerConfigKeys (ConfUtils.java:logGet(43)) - raft.server.log.segment.size.max = 1048576 (custom)
2019-10-09 22:47:21,720 [pool-443-thread-1] INFO  server.RaftServerConfigKeys (ConfUtils.java:logGet(43)) - raft.server.log.preallocated.size = 16384 (custom)
2019-10-09 22:47:21,720 [pool-443-thread-1] INFO  server.RaftServerConfigKeys (ConfUtils.java:logGet(43)) - raft.server.log.write.buffer.size = 33554432 (custom)
2019-10-09 22:47:21,720 [pool-443-thread-1] INFO  server.RaftServerConfigKeys (ConfUtils.java:logGet(43)) - raft.server.log.force.sync.num = 128 (default)
2019-10-09 22:47:21,720 [pool-443-thread-1] INFO  server.RaftServerConfigKeys (ConfUtils.java:logGet(43)) - raft.server.log.statemachine.data.sync = true (default)
2019-10-09 22:47:21,721 [pool-443-thread-1] INFO  server.RaftServerConfigKeys (ConfUtils.java:logGet(43)) - raft.server.log.statemachine.data.sync.timeout = 10s (default)
2019-10-09 22:47:21,721 [pool-443-thread-1] INFO  server.RaftServerConfigKeys (ConfUtils.java:logGet(43)) - raft.server.log.statemachine.data.sync.timeout.retry = -1 (default)
2019-10-09 22:47:21,721 [pool-443-thread-1] INFO  server.RaftServerConfigKeys (ConfUtils.java:logGet(43)) - raft.server.log.statemachine.data.caching.enabled = true (custom)
2019-10-09 22:47:21,721 [pool-443-thread-1] INFO  segmented.SegmentedRaftLogWorker (SegmentedRaftLogWorker.java:lambda$new$0(128)) - 08f99e19-a48a-4e34-b396-b5d0bb9c673f@group-D06F4D4C0107-SegmentedRaftLogWorker: flushIndex: setUnconditionally 0 -> -1
2019-10-09 22:47:21,721 [pool-443-thread-1] INFO  server.RaftServerConfigKeys (ConfUtils.java:logGet(43)) - raft.server.snapshot.auto.trigger.enabled = true (custom)
2019-10-09 22:47:21,721 [pool-443-thread-1] INFO  server.RaftServerConfigKeys (ConfUtils.java:logGet(43)) - raft.server.snapshot.auto.trigger.threshold = 10000 (custom)
2019-10-09 22:47:21,722 [pool-443-thread-1] INFO  server.RaftServerConfigKeys (ConfUtils.java:logGet(43)) - raft.server.snapshot.retention.file.num = 5 (custom)
2019-10-09 22:47:21,722 [pool-443-thread-1] INFO  server.RaftServerConfigKeys (ConfUtils.java:logGet(43)) - raft.server.retrycache.expirytime = 600000ms (custom)
2019-10-09 22:47:21,724 [pool-443-thread-1] INFO  impl.RaftServerImpl (RaftServerImpl.java:start(181)) - 08f99e19-a48a-4e34-b396-b5d0bb9c673f@group-D06F4D4C0107: start as a follower, conf=-1: [08f99e19-a48a-4e34-b396-b5d0bb9c673f:192.168.164.207:41324], old=null
2019-10-09 22:47:21,724 [pool-443-thread-1] INFO  impl.RaftServerImpl (RaftServerImpl.java:setRole(170)) - 08f99e19-a48a-4e34-b396-b5d0bb9c673f@group-D06F4D4C0107: changes role from      null to FOLLOWER at term 0 for startAsFollower
2019-10-09 22:47:21,724 [pool-443-thread-1] INFO  impl.RoleInfo (RoleInfo.java:updateAndGet(143)) - 08f99e19-a48a-4e34-b396-b5d0bb9c673f: start FollowerState
2019-10-09 22:47:21,724 [pool-443-thread-1] INFO  util.JmxRegister (JmxRegister.java:tryRegister(44)) - Successfully registered JMX Bean with object name Ratis:service=RaftServer,group=group-D06F4D4C0107,id=08f99e19-a48a-4e34-b396-b5d0bb9c673f
2019-10-09 22:47:21,727 [RatisPipelineUtilsThread] INFO  pipeline.PipelineStateManager (PipelineStateManager.java:addPipeline(57)) - Created pipeline Pipeline[ Id: 3895d59f-d74b-435f-b2fc-d06f4d4c0107, Nodes: 08f99e19-a48a-4e34-b396-b5d0bb9c673f{ip: 192.168.164.207, host: pr-hdds-1868-7c4vz-2804340038, networkLocation: /default-rack, certSerialId: null}, Type:RATIS, Factor:ONE, State:ALLOCATED]
2019-10-09 22:47:21,728 [Thread-2517] INFO  pipeline.PipelineStateManager (PipelineStateManager.java:removePipeline(108)) - Pipeline Pipeline[ Id: e617158e-20b4-4b8b-838e-a4caa3df5ace, Nodes: 08f99e19-a48a-4e34-b396-b5d0bb9c673f{ip: 192.168.164.207, host: pr-hdds-1868-7c4vz-2804340038, networkLocation: /default-rack, certSerialId: null}, Type:RATIS, Factor:ONE, State:CLOSED] removed from db
2019-10-09 22:47:21,728 [Thread-2517] INFO  pipeline.SCMPipelineManager (SCMPipelineManager.java:finalizeAndDestroyPipeline(315)) - destroying pipeline:Pipeline[ Id: cf51787b-81d3-4b86-8976-8d224628dc16, Nodes: 74a2e125-3a23-4be7-af2d-aa86912c3992{ip: 192.168.164.207, host: pr-hdds-1868-7c4vz-2804340038, networkLocation: /default-rack, certSerialId: null}4dd8b4db-5884-4afe-981d-0e381dbd16da{ip: 192.168.164.207, host: pr-hdds-1868-7c4vz-2804340038, networkLocation: /default-rack, certSerialId: null}08f99e19-a48a-4e34-b396-b5d0bb9c673f{ip: 192.168.164.207, host: pr-hdds-1868-7c4vz-2804340038, networkLocation: /default-rack, certSerialId: null}, Type:RATIS, Factor:THREE, State:ALLOCATED]
2019-10-09 22:47:21,728 [Thread-2517] INFO  pipeline.PipelineStateManager (PipelineStateManager.java:finalizePipeline(123)) - Pipeline Pipeline[ Id: cf51787b-81d3-4b86-8976-8d224628dc16, Nodes: 74a2e125-3a23-4be7-af2d-aa86912c3992{ip: 192.168.164.207, host: pr-hdds-1868-7c4vz-2804340038, networkLocation: /default-rack, certSerialId: null}4dd8b4db-5884-4afe-981d-0e381dbd16da{ip: 192.168.164.207, host: pr-hdds-1868-7c4vz-2804340038, networkLocation: /default-rack, certSerialId: null}08f99e19-a48a-4e34-b396-b5d0bb9c673f{ip: 192.168.164.207, host: pr-hdds-1868-7c4vz-2804340038, networkLocation: /default-rack, certSerialId: null}, Type:RATIS, Factor:THREE, State:CLOSED] moved to CLOSED state
2019-10-09 22:47:21,734 [grpc-default-executor-6] INFO  impl.RaftServerProxy (RaftServerProxy.java:remove(95)) - 74a2e125-3a23-4be7-af2d-aa86912c3992: remove  FOLLOWER 74a2e125-3a23-4be7-af2d-aa86912c3992@group-8D224628DC16:t0, leader=null, voted=null, raftlog=74a2e125-3a23-4be7-af2d-aa86912c3992@group-8D224628DC16-SegmentedRaftLog:OPENED:c-1,f-1,i0, conf=-1: [08f99e19-a48a-4e34-b396-b5d0bb9c673f:192.168.164.207:41324, 4dd8b4db-5884-4afe-981d-0e381dbd16da:192.168.164.207:40346, 74a2e125-3a23-4be7-af2d-aa86912c3992:192.168.164.207:34683], old=null RUNNING
2019-10-09 22:47:21,734 [grpc-default-executor-6] INFO  impl.RaftServerImpl (RaftServerImpl.java:lambda$shutdown$3(247)) - 74a2e125-3a23-4be7-af2d-aa86912c3992@group-8D224628DC16: shutdown
2019-10-09 22:47:21,734 [grpc-default-executor-6] INFO  util.JmxRegister (JmxRegister.java:unregister(73)) - Successfully un-registered JMX Bean with object name Ratis:service=RaftServer,group=group-8D224628DC16,id=74a2e125-3a23-4be7-af2d-aa86912c3992
2019-10-09 22:47:21,734 [grpc-default-executor-6] INFO  impl.RoleInfo (RoleInfo.java:shutdownFollowerState(121)) - 74a2e125-3a23-4be7-af2d-aa86912c3992: shutdown FollowerState
2019-10-09 22:47:21,735 [grpc-default-executor-6] INFO  impl.StateMachineUpdater (StateMachineUpdater.java:stopAndJoin(136)) - 74a2e125-3a23-4be7-af2d-aa86912c3992@group-8D224628DC16-StateMachineUpdater: set stopIndex = -1
2019-10-09 22:47:21,735 [Thread-2554] INFO  impl.FollowerState (FollowerState.java:run(117)) - 74a2e125-3a23-4be7-af2d-aa86912c3992@group-8D224628DC16-FollowerState was interrupted: java.lang.InterruptedException: sleep interrupted
2019-10-09 22:47:21,735 [grpc-default-executor-6] INFO  impl.RaftServerImpl (ServerState.java:close(387)) - 74a2e125-3a23-4be7-af2d-aa86912c3992@group-8D224628DC16: closes. applyIndex: -1
2019-10-09 22:47:21,737 [74a2e125-3a23-4be7-af2d-aa86912c3992@group-8D224628DC16-SegmentedRaftLogWorker] INFO  segmented.SegmentedRaftLogWorker (SegmentedRaftLogWorker.java:run(316)) - 74a2e125-3a23-4be7-af2d-aa86912c3992@group-8D224628DC16-SegmentedRaftLogWorker was interrupted, exiting. There are 0 tasks remaining in the queue.
2019-10-09 22:47:21,737 [grpc-default-executor-6] INFO  segmented.SegmentedRaftLogWorker (SegmentedRaftLogWorker.java:close(224)) - 74a2e125-3a23-4be7-af2d-aa86912c3992@group-8D224628DC16-SegmentedRaftLogWorker close()
2019-10-09 22:47:21,747 [grpc-default-executor-6] INFO  impl.RaftServerProxy (RaftServerProxy.java:remove(95)) - 4dd8b4db-5884-4afe-981d-0e381dbd16da: remove  FOLLOWER 4dd8b4db-5884-4afe-981d-0e381dbd16da@group-8D224628DC16:t0, leader=null, voted=null, raftlog=4dd8b4db-5884-4afe-981d-0e381dbd16da@group-8D224628DC16-SegmentedRaftLog:OPENED:c-1,f-1,i0, conf=-1: [08f99e19-a48a-4e34-b396-b5d0bb9c673f:192.168.164.207:41324, 4dd8b4db-5884-4afe-981d-0e381dbd16da:192.168.164.207:40346, 74a2e125-3a23-4be7-af2d-aa86912c3992:192.168.164.207:34683], old=null RUNNING
2019-10-09 22:47:21,747 [grpc-default-executor-6] INFO  impl.RaftServerImpl (RaftServerImpl.java:lambda$shutdown$3(247)) - 4dd8b4db-5884-4afe-981d-0e381dbd16da@group-8D224628DC16: shutdown
2019-10-09 22:47:21,747 [grpc-default-executor-6] INFO  util.JmxRegister (JmxRegister.java:unregister(73)) - Successfully un-registered JMX Bean with object name Ratis:service=RaftServer,group=group-8D224628DC16,id=4dd8b4db-5884-4afe-981d-0e381dbd16da
2019-10-09 22:47:21,747 [grpc-default-executor-6] INFO  impl.RoleInfo (RoleInfo.java:shutdownFollowerState(121)) - 4dd8b4db-5884-4afe-981d-0e381dbd16da: shutdown FollowerState
2019-10-09 22:47:21,747 [grpc-default-executor-6] INFO  impl.StateMachineUpdater (StateMachineUpdater.java:stopAndJoin(136)) - 4dd8b4db-5884-4afe-981d-0e381dbd16da@group-8D224628DC16-StateMachineUpdater: set stopIndex = -1
2019-10-09 22:47:21,747 [grpc-default-executor-6] INFO  impl.RaftServerImpl (ServerState.java:close(387)) - 4dd8b4db-5884-4afe-981d-0e381dbd16da@group-8D224628DC16: closes. applyIndex: -1
2019-10-09 22:47:21,747 [Thread-2549] INFO  impl.FollowerState (FollowerState.java:run(117)) - 4dd8b4db-5884-4afe-981d-0e381dbd16da@group-8D224628DC16-FollowerState was interrupted: java.lang.InterruptedException: sleep interrupted
2019-10-09 22:47:21,748 [4dd8b4db-5884-4afe-981d-0e381dbd16da@group-8D224628DC16-SegmentedRaftLogWorker] INFO  segmented.SegmentedRaftLogWorker (SegmentedRaftLogWorker.java:run(316)) - 4dd8b4db-5884-4afe-981d-0e381dbd16da@group-8D224628DC16-SegmentedRaftLogWorker was interrupted, exiting. There are 0 tasks remaining in the queue.
2019-10-09 22:47:21,750 [grpc-default-executor-6] INFO  segmented.SegmentedRaftLogWorker (SegmentedRaftLogWorker.java:close(224)) - 4dd8b4db-5884-4afe-981d-0e381dbd16da@group-8D224628DC16-SegmentedRaftLogWorker close()
2019-10-09 22:47:21,758 [grpc-default-executor-6] INFO  impl.RaftServerProxy (RaftServerProxy.java:remove(95)) - 08f99e19-a48a-4e34-b396-b5d0bb9c673f: remove  FOLLOWER 08f99e19-a48a-4e34-b396-b5d0bb9c673f@group-8D224628DC16:t0, leader=null, voted=null, raftlog=08f99e19-a48a-4e34-b396-b5d0bb9c673f@group-8D224628DC16-SegmentedRaftLog:OPENED:c-1,f-1,i0, conf=-1: [08f99e19-a48a-4e34-b396-b5d0bb9c673f:192.168.164.207:41324, 4dd8b4db-5884-4afe-981d-0e381dbd16da:192.168.164.207:40346, 74a2e125-3a23-4be7-af2d-aa86912c3992:192.168.164.207:34683], old=null RUNNING
2019-10-09 22:47:21,759 [grpc-default-executor-6] INFO  impl.RaftServerImpl (RaftServerImpl.java:lambda$shutdown$3(247)) - 08f99e19-a48a-4e34-b396-b5d0bb9c673f@group-8D224628DC16: shutdown
2019-10-09 22:47:21,759 [grpc-default-executor-6] INFO  util.JmxRegister (JmxRegister.java:unregister(73)) - Successfully un-registered JMX Bean with object name Ratis:service=RaftServer,group=group-8D224628DC16,id=08f99e19-a48a-4e34-b396-b5d0bb9c673f
2019-10-09 22:47:21,759 [grpc-default-executor-6] INFO  impl.RoleInfo (RoleInfo.java:shutdownFollowerState(121)) - 08f99e19-a48a-4e34-b396-b5d0bb9c673f: shutdown FollowerState
2019-10-09 22:47:21,759 [grpc-default-executor-6] INFO  impl.StateMachineUpdater (StateMachineUpdater.java:stopAndJoin(136)) - 08f99e19-a48a-4e34-b396-b5d0bb9c673f@group-8D224628DC16-StateMachineUpdater: set stopIndex = -1
2019-10-09 22:47:21,759 [Thread-2553] INFO  impl.FollowerState (FollowerState.java:run(117)) - 08f99e19-a48a-4e34-b396-b5d0bb9c673f@group-8D224628DC16-FollowerState was interrupted: java.lang.InterruptedException: sleep interrupted
2019-10-09 22:47:21,759 [grpc-default-executor-6] INFO  impl.RaftServerImpl (ServerState.java:close(387)) - 08f99e19-a48a-4e34-b396-b5d0bb9c673f@group-8D224628DC16: closes. applyIndex: -1
2019-10-09 22:47:21,761 [08f99e19-a48a-4e34-b396-b5d0bb9c673f@group-8D224628DC16-SegmentedRaftLogWorker] INFO  segmented.SegmentedRaftLogWorker (SegmentedRaftLogWorker.java:run(316)) - 08f99e19-a48a-4e34-b396-b5d0bb9c673f@group-8D224628DC16-SegmentedRaftLogWorker was interrupted, exiting. There are 0 tasks remaining in the queue.
2019-10-09 22:47:21,761 [grpc-default-executor-6] INFO  segmented.SegmentedRaftLogWorker (SegmentedRaftLogWorker.java:close(224)) - 08f99e19-a48a-4e34-b396-b5d0bb9c673f@group-8D224628DC16-SegmentedRaftLogWorker close()
2019-10-09 22:47:21,766 [Thread-2517] INFO  pipeline.PipelineStateManager (PipelineStateManager.java:removePipeline(108)) - Pipeline Pipeline[ Id: cf51787b-81d3-4b86-8976-8d224628dc16, Nodes: 74a2e125-3a23-4be7-af2d-aa86912c3992{ip: 192.168.164.207, host: pr-hdds-1868-7c4vz-2804340038, networkLocation: /default-rack, certSerialId: null}4dd8b4db-5884-4afe-981d-0e381dbd16da{ip: 192.168.164.207, host: pr-hdds-1868-7c4vz-2804340038, networkLocation: /default-rack, certSerialId: null}08f99e19-a48a-4e34-b396-b5d0bb9c673f{ip: 192.168.164.207, host: pr-hdds-1868-7c4vz-2804340038, networkLocation: /default-rack, certSerialId: null}, Type:RATIS, Factor:THREE, State:CLOSED] removed from db
2019-10-09 22:47:21,766 [Thread-2517] INFO  pipeline.SCMPipelineManager (SCMPipelineManager.java:finalizeAndDestroyPipeline(315)) - destroying pipeline:Pipeline[ Id: fbb3e3cb-dfa4-4faa-a177-c6276fdf7efe, Nodes: cf6d329e-2567-41f2-b7ff-874aad889516{ip: 192.168.164.207, host: pr-hdds-1868-7c4vz-2804340038, networkLocation: /default-rack, certSerialId: null}, Type:RATIS, Factor:ONE, State:ALLOCATED]
2019-10-09 22:47:21,767 [Thread-2517] INFO  pipeline.PipelineStateManager (PipelineStateManager.java:finalizePipeline(123)) - Pipeline Pipeline[ Id: fbb3e3cb-dfa4-4faa-a177-c6276fdf7efe, Nodes: cf6d329e-2567-41f2-b7ff-874aad889516{ip: 192.168.164.207, host: pr-hdds-1868-7c4vz-2804340038, networkLocation: /default-rack, certSerialId: null}, Type:RATIS, Factor:ONE, State:CLOSED] moved to CLOSED state
2019-10-09 22:47:21,776 [grpc-default-executor-6] INFO  impl.RaftServerProxy (RaftServerProxy.java:addNew(89)) - 4dd8b4db-5884-4afe-981d-0e381dbd16da: addNew group-FC814F7C7543:[08f99e19-a48a-4e34-b396-b5d0bb9c673f:192.168.164.207:41324, 4dd8b4db-5884-4afe-981d-0e381dbd16da:192.168.164.207:40346, 74a2e125-3a23-4be7-af2d-aa86912c3992:192.168.164.207:34683] returns group-FC814F7C7543:java.util.concurrent.CompletableFuture@e1cf8b2[Not completed]
2019-10-09 22:47:21,778 [grpc-default-executor-3] INFO  impl.RaftServerProxy (RaftServerProxy.java:remove(95)) - cf6d329e-2567-41f2-b7ff-874aad889516: remove  FOLLOWER cf6d329e-2567-41f2-b7ff-874aad889516@group-C6276FDF7EFE:t0, leader=null, voted=null, raftlog=cf6d329e-2567-41f2-b7ff-874aad889516@group-C6276FDF7EFE-SegmentedRaftLog:OPENED:c-1,f-1,i0, conf=-1: [cf6d329e-2567-41f2-b7ff-874aad889516:192.168.164.207:46390], old=null RUNNING
2019-10-09 22:47:21,778 [grpc-default-executor-0] INFO  impl.RaftServerProxy (RaftServerProxy.java:addNew(89)) - 74a2e125-3a23-4be7-af2d-aa86912c3992: addNew group-FC814F7C7543:[08f99e19-a48a-4e34-b396-b5d0bb9c673f:192.168.164.207:41324, 4dd8b4db-5884-4afe-981d-0e381dbd16da:192.168.164.207:40346, 74a2e125-3a23-4be7-af2d-aa86912c3992:192.168.164.207:34683] returns group-FC814F7C7543:java.util.concurrent.CompletableFuture@6ed64e93[Not completed]
2019-10-09 22:47:21,776 [grpc-default-executor-4] INFO  impl.RaftServerProxy (RaftServerProxy.java:addNew(89)) - 08f99e19-a48a-4e34-b396-b5d0bb9c673f: addNew group-FC814F7C7543:[08f99e19-a48a-4e34-b396-b5d0bb9c673f:192.168.164.207:41324, 4dd8b4db-5884-4afe-981d-0e381dbd16da:192.168.164.207:40346, 74a2e125-3a23-4be7-af2d-aa86912c3992:192.168.164.207:34683] returns group-FC814F7C7543:java.util.concurrent.CompletableFuture@35d3efcd[Not completed]
2019-10-09 22:47:21,779 [grpc-default-executor-3] INFO  impl.RaftServerImpl (RaftServerImpl.java:lambda$shutdown$3(247)) - cf6d329e-2567-41f2-b7ff-874aad889516@group-C6276FDF7EFE: shutdown
2019-10-09 22:47:21,779 [grpc-default-executor-3] INFO  util.JmxRegister (JmxRegister.java:unregister(73)) - Successfully un-registered JMX Bean with object name Ratis:service=RaftServer,group=group-C6276FDF7EFE,id=cf6d329e-2567-41f2-b7ff-874aad889516
2019-10-09 22:47:21,779 [grpc-default-executor-3] INFO  impl.RoleInfo (RoleInfo.java:shutdownFollowerState(121)) - cf6d329e-2567-41f2-b7ff-874aad889516: shutdown FollowerState
2019-10-09 22:47:21,780 [grpc-default-executor-3] INFO  impl.StateMachineUpdater (StateMachineUpdater.java:stopAndJoin(136)) - cf6d329e-2567-41f2-b7ff-874aad889516@group-C6276FDF7EFE-StateMachineUpdater: set stopIndex = -1
2019-10-09 22:47:21,780 [Thread-2543] INFO  impl.FollowerState (FollowerState.java:run(117)) - cf6d329e-2567-41f2-b7ff-874aad889516@group-C6276FDF7EFE-FollowerState was interrupted: java.lang.InterruptedException: sleep interrupted
2019-10-09 22:47:21,780 [grpc-default-executor-3] INFO  impl.RaftServerImpl (ServerState.java:close(387)) - cf6d329e-2567-41f2-b7ff-874aad889516@group-C6276FDF7EFE: closes. applyIndex: -1
2019-10-09 22:47:21,785 [cf6d329e-2567-41f2-b7ff-874aad889516@group-C6276FDF7EFE-SegmentedRaftLogWorker] INFO  segmented.SegmentedRaftLogWorker (SegmentedRaftLogWorker.java:run(316)) - cf6d329e-2567-41f2-b7ff-874aad889516@group-C6276FDF7EFE-SegmentedRaftLogWorker was interrupted, exiting. There are 0 tasks remaining in the queue.
2019-10-09 22:47:21,786 [pool-423-thread-1] INFO  impl.RaftServerImpl (RaftServerImpl.java:<init>(95)) - 4dd8b4db-5884-4afe-981d-0e381dbd16da: new RaftServerImpl for group-FC814F7C7543:[08f99e19-a48a-4e34-b396-b5d0bb9c673f:192.168.164.207:41324, 4dd8b4db-5884-4afe-981d-0e381dbd16da:192.168.164.207:40346, 74a2e125-3a23-4be7-af2d-aa86912c3992:192.168.164.207:34683] with ContainerStateMachine:uninitialized
2019-10-09 22:47:21,786 [grpc-default-executor-3] INFO  segmented.SegmentedRaftLogWorker (SegmentedRaftLogWorker.java:close(224)) - cf6d329e-2567-41f2-b7ff-874aad889516@group-C6276FDF7EFE-SegmentedRaftLogWorker close()
2019-10-09 22:47:21,786 [pool-423-thread-1] INFO  server.RaftServerConfigKeys (ConfUtils.java:logGet(43)) - raft.server.rpc.timeout.min = 5s (custom)
2019-10-09 22:47:21,786 [pool-423-thread-1] INFO  server.RaftServerConfigKeys (ConfUtils.java:logGet(43)) - raft.server.rpc.timeout.max = 5200ms (custom)
2019-10-09 22:47:21,786 [pool-423-thread-1] INFO  server.RaftServerConfigKeys (ConfUtils.java:logGet(43)) - raft.server.rpcslowness.timeout = 120s (custom)
2019-10-09 22:47:21,786 [pool-423-thread-1] INFO  server.RaftServerConfigKeys (ConfUtils.java:logGet(43)) - raft.server.sleep.deviation.threshold = 300 (default)
2019-10-09 22:47:21,786 [pool-423-thread-1] INFO  server.RaftServerConfigKeys (ConfUtils.java:logGet(43)) - raft.server.log.appender.install.snapshot.enabled = false (custom)
2019-10-09 22:47:21,786 [pool-423-thread-1] INFO  impl.RaftServerImpl (ServerState.java:<init>(103)) - 4dd8b4db-5884-4afe-981d-0e381dbd16da@group-FC814F7C7543: ConfigurationManager, init=-1: [08f99e19-a48a-4e34-b396-b5d0bb9c673f:192.168.164.207:41324, 4dd8b4db-5884-4afe-981d-0e381dbd16da:192.168.164.207:40346, 74a2e125-3a23-4be7-af2d-aa86912c3992:192.168.164.207:34683], old=null, confs=<EMPTY_MAP>
2019-10-09 22:47:21,787 [pool-423-thread-1] INFO  server.RaftServerConfigKeys (ConfUtils.java:logGet(43)) - raft.server.storage.dir = [/workdir/hadoop-ozone/integration-test/target/test-dir/MiniOzoneClusterImpl-15c48851-1477-4c83-b9be-6d3ca511f7f9/datanode-4/data/ratis] (custom)
2019-10-09 22:47:21,787 [pool-413-thread-1] INFO  impl.RaftServerImpl (RaftServerImpl.java:<init>(95)) - 74a2e125-3a23-4be7-af2d-aa86912c3992: new RaftServerImpl for group-FC814F7C7543:[08f99e19-a48a-4e34-b396-b5d0bb9c673f:192.168.164.207:41324, 4dd8b4db-5884-4afe-981d-0e381dbd16da:192.168.164.207:40346, 74a2e125-3a23-4be7-af2d-aa86912c3992:192.168.164.207:34683] with ContainerStateMachine:uninitialized
2019-10-09 22:47:21,787 [pool-413-thread-1] INFO  server.RaftServerConfigKeys (ConfUtils.java:logGet(43)) - raft.server.rpc.timeout.min = 5s (custom)
2019-10-09 22:47:21,787 [pool-413-thread-1] INFO  server.RaftServerConfigKeys (ConfUtils.java:logGet(43)) - raft.server.rpc.timeout.max = 5200ms (custom)
2019-10-09 22:47:21,787 [pool-413-thread-1] INFO  server.RaftServerConfigKeys (ConfUtils.java:logGet(43)) - raft.server.rpcslowness.timeout = 120s (custom)
2019-10-09 22:47:21,787 [pool-413-thread-1] INFO  server.RaftServerConfigKeys (ConfUtils.java:logGet(43)) - raft.server.sleep.deviation.threshold = 300 (default)
2019-10-09 22:47:21,794 [pool-413-thread-1] INFO  server.RaftServerConfigKeys (ConfUtils.java:logGet(43)) - raft.server.log.appender.install.snapshot.enabled = false (custom)
2019-10-09 22:47:21,794 [pool-413-thread-1] INFO  impl.RaftServerImpl (ServerState.java:<init>(103)) - 74a2e125-3a23-4be7-af2d-aa86912c3992@group-FC814F7C7543: ConfigurationManager, init=-1: [08f99e19-a48a-4e34-b396-b5d0bb9c673f:192.168.164.207:41324, 4dd8b4db-5884-4afe-981d-0e381dbd16da:192.168.164.207:40346, 74a2e125-3a23-4be7-af2d-aa86912c3992:192.168.164.207:34683], old=null, confs=<EMPTY_MAP>
2019-10-09 22:47:21,795 [pool-413-thread-1] INFO  server.RaftServerConfigKeys (ConfUtils.java:logGet(43)) - raft.server.storage.dir = [/workdir/hadoop-ozone/integration-test/target/test-dir/MiniOzoneClusterImpl-15c48851-1477-4c83-b9be-6d3ca511f7f9/datanode-3/data/ratis] (custom)
2019-10-09 22:47:21,795 [pool-413-thread-1] INFO  server.RaftServerConfigKeys (ConfUtils.java:logGet(43)) - raft.server.log.corruption.policy = EXCEPTION (default)
2019-10-09 22:47:21,795 [pool-413-thread-1] INFO  storage.RaftStorageDirectory (RaftStorageDirectory.java:analyzeStorage(246)) - The storage directory /workdir/hadoop-ozone/integration-test/target/test-dir/MiniOzoneClusterImpl-15c48851-1477-4c83-b9be-6d3ca511f7f9/datanode-3/data/ratis/5b4a5ef2-cd6a-459e-9b51-fc814f7c7543 does not exist. Creating ...
2019-10-09 22:47:21,786 [pool-443-thread-1] INFO  impl.RaftServerImpl (RaftServerImpl.java:<init>(95)) - 08f99e19-a48a-4e34-b396-b5d0bb9c673f: new RaftServerImpl for group-FC814F7C7543:[08f99e19-a48a-4e34-b396-b5d0bb9c673f:192.168.164.207:41324, 4dd8b4db-5884-4afe-981d-0e381dbd16da:192.168.164.207:40346, 74a2e125-3a23-4be7-af2d-aa86912c3992:192.168.164.207:34683] with ContainerStateMachine:uninitialized
2019-10-09 22:47:21,787 [pool-423-thread-1] INFO  server.RaftServerConfigKeys (ConfUtils.java:logGet(43)) - raft.server.log.corruption.policy = EXCEPTION (default)
2019-10-09 22:47:21,796 [pool-443-thread-1] INFO  server.RaftServerConfigKeys (ConfUtils.java:logGet(43)) - raft.server.rpc.timeout.min = 5s (custom)
2019-10-09 22:47:21,796 [pool-423-thread-1] INFO  storage.RaftStorageDirectory (RaftStorageDirectory.java:analyzeStorage(246)) - The storage directory /workdir/hadoop-ozone/integration-test/target/test-dir/MiniOzoneClusterImpl-15c48851-1477-4c83-b9be-6d3ca511f7f9/datanode-4/data/ratis/5b4a5ef2-cd6a-459e-9b51-fc814f7c7543 does not exist. Creating ...
2019-10-09 22:47:21,796 [pool-443-thread-1] INFO  server.RaftServerConfigKeys (ConfUtils.java:logGet(43)) - raft.server.rpc.timeout.max = 5200ms (custom)
2019-10-09 22:47:21,796 [pool-443-thread-1] INFO  server.RaftServerConfigKeys (ConfUtils.java:logGet(43)) - raft.server.rpcslowness.timeout = 120s (custom)
2019-10-09 22:47:21,797 [pool-443-thread-1] INFO  server.RaftServerConfigKeys (ConfUtils.java:logGet(43)) - raft.server.sleep.deviation.threshold = 300 (default)
2019-10-09 22:47:21,797 [pool-443-thread-1] INFO  server.RaftServerConfigKeys (ConfUtils.java:logGet(43)) - raft.server.log.appender.install.snapshot.enabled = false (custom)
2019-10-09 22:47:21,797 [pool-443-thread-1] INFO  impl.RaftServerImpl (ServerState.java:<init>(103)) - 08f99e19-a48a-4e34-b396-b5d0bb9c673f@group-FC814F7C7543: ConfigurationManager, init=-1: [08f99e19-a48a-4e34-b396-b5d0bb9c673f:192.168.164.207:41324, 4dd8b4db-5884-4afe-981d-0e381dbd16da:192.168.164.207:40346, 74a2e125-3a23-4be7-af2d-aa86912c3992:192.168.164.207:34683], old=null, confs=<EMPTY_MAP>
2019-10-09 22:47:21,797 [pool-443-thread-1] INFO  server.RaftServerConfigKeys (ConfUtils.java:logGet(43)) - raft.server.storage.dir = [/workdir/hadoop-ozone/integration-test/target/test-dir/MiniOzoneClusterImpl-15c48851-1477-4c83-b9be-6d3ca511f7f9/datanode-6/data/ratis] (custom)
2019-10-09 22:47:21,797 [pool-443-thread-1] INFO  server.RaftServerConfigKeys (ConfUtils.java:logGet(43)) - raft.server.log.corruption.policy = EXCEPTION (default)
2019-10-09 22:47:21,797 [pool-443-thread-1] INFO  storage.RaftStorageDirectory (RaftStorageDirectory.java:analyzeStorage(246)) - The storage directory /workdir/hadoop-ozone/integration-test/target/test-dir/MiniOzoneClusterImpl-15c48851-1477-4c83-b9be-6d3ca511f7f9/datanode-6/data/ratis/5b4a5ef2-cd6a-459e-9b51-fc814f7c7543 does not exist. Creating ...
2019-10-09 22:47:21,809 [pool-423-thread-1] INFO  storage.RaftStorageDirectory (RaftStorageDirectory.java:tryLock(328)) - Lock on /workdir/hadoop-ozone/integration-test/target/test-dir/MiniOzoneClusterImpl-15c48851-1477-4c83-b9be-6d3ca511f7f9/datanode-4/data/ratis/5b4a5ef2-cd6a-459e-9b51-fc814f7c7543/in_use.lock acquired by nodename 20079@pr-hdds-1868-7c4vz-2804340038
2019-10-09 22:47:21,809 [pool-413-thread-1] INFO  storage.RaftStorageDirectory (RaftStorageDirectory.java:tryLock(328)) - Lock on /workdir/hadoop-ozone/integration-test/target/test-dir/MiniOzoneClusterImpl-15c48851-1477-4c83-b9be-6d3ca511f7f9/datanode-3/data/ratis/5b4a5ef2-cd6a-459e-9b51-fc814f7c7543/in_use.lock acquired by nodename 20079@pr-hdds-1868-7c4vz-2804340038
2019-10-09 22:47:21,809 [pool-443-thread-1] INFO  storage.RaftStorageDirectory (RaftStorageDirectory.java:tryLock(328)) - Lock on /workdir/hadoop-ozone/integration-test/target/test-dir/MiniOzoneClusterImpl-15c48851-1477-4c83-b9be-6d3ca511f7f9/datanode-6/data/ratis/5b4a5ef2-cd6a-459e-9b51-fc814f7c7543/in_use.lock acquired by nodename 20079@pr-hdds-1868-7c4vz-2804340038
2019-10-09 22:47:21,822 [pool-443-thread-1] INFO  storage.RaftStorage (RaftStorage.java:format(84)) - Storage directory /workdir/hadoop-ozone/integration-test/target/test-dir/MiniOzoneClusterImpl-15c48851-1477-4c83-b9be-6d3ca511f7f9/datanode-6/data/ratis/5b4a5ef2-cd6a-459e-9b51-fc814f7c7543 has been successfully formatted.
2019-10-09 22:47:21,822 [pool-413-thread-1] INFO  storage.RaftStorage (RaftStorage.java:format(84)) - Storage directory /workdir/hadoop-ozone/integration-test/target/test-dir/MiniOzoneClusterImpl-15c48851-1477-4c83-b9be-6d3ca511f7f9/datanode-3/data/ratis/5b4a5ef2-cd6a-459e-9b51-fc814f7c7543 has been successfully formatted.
2019-10-09 22:47:21,822 [pool-423-thread-1] INFO  storage.RaftStorage (RaftStorage.java:format(84)) - Storage directory /workdir/hadoop-ozone/integration-test/target/test-dir/MiniOzoneClusterImpl-15c48851-1477-4c83-b9be-6d3ca511f7f9/datanode-4/data/ratis/5b4a5ef2-cd6a-459e-9b51-fc814f7c7543 has been successfully formatted.
2019-10-09 22:47:21,823 [pool-413-thread-1] INFO  ratis.ContainerStateMachine (ContainerStateMachine.java:loadSnapshot(233)) - group-FC814F7C7543: The snapshot info is null. Setting the last applied indexto:(t:0, i:~)
2019-10-09 22:47:21,823 [pool-443-thread-1] INFO  ratis.ContainerStateMachine (ContainerStateMachine.java:loadSnapshot(233)) - group-FC814F7C7543: The snapshot info is null. Setting the last applied indexto:(t:0, i:~)
2019-10-09 22:47:21,823 [pool-413-thread-1] INFO  server.RaftServerConfigKeys (ConfUtils.java:logGet(43)) - raft.server.notification.no-leader.timeout = 120s (custom)
2019-10-09 22:47:21,823 [pool-443-thread-1] INFO  server.RaftServerConfigKeys (ConfUtils.java:logGet(43)) - raft.server.notification.no-leader.timeout = 120s (custom)
2019-10-09 22:47:21,823 [pool-423-thread-1] INFO  ratis.ContainerStateMachine (ContainerStateMachine.java:loadSnapshot(233)) - group-FC814F7C7543: The snapshot info is null. Setting the last applied indexto:(t:0, i:~)
2019-10-09 22:47:21,823 [pool-443-thread-1] INFO  server.RaftServerConfigKeys (ConfUtils.java:logGet(43)) - raft.server.log.use.memory = false (default)
2019-10-09 22:47:21,823 [pool-413-thread-1] INFO  server.RaftServerConfigKeys (ConfUtils.java:logGet(43)) - raft.server.log.use.memory = false (default)
2019-10-09 22:47:21,824 [pool-443-thread-1] INFO  server.RaftServerConfigKeys (ConfUtils.java:logGet(43)) - raft.server.log.purge.gap = 1000000 (custom)
2019-10-09 22:47:21,823 [pool-423-thread-1] INFO  server.RaftServerConfigKeys (ConfUtils.java:logGet(43)) - raft.server.notification.no-leader.timeout = 120s (custom)
2019-10-09 22:47:21,824 [pool-423-thread-1] INFO  server.RaftServerConfigKeys (ConfUtils.java:logGet(43)) - raft.server.log.use.memory = false (default)
2019-10-09 22:47:21,824 [pool-443-thread-1] INFO  server.RaftServerConfigKeys (ConfUtils.java:logGet(43)) - raft.server.log.appender.buffer.byte-limit = 33554432 (custom)
2019-10-09 22:47:21,824 [pool-413-thread-1] INFO  server.RaftServerConfigKeys (ConfUtils.java:logGet(43)) - raft.server.log.purge.gap = 1000000 (custom)
2019-10-09 22:47:21,824 [pool-443-thread-1] INFO  server.RaftServerConfigKeys (ConfUtils.java:logGet(43)) - raft.server.log.segment.size.max = 1048576 (custom)
2019-10-09 22:47:21,824 [pool-423-thread-1] INFO  server.RaftServerConfigKeys (ConfUtils.java:logGet(43)) - raft.server.log.purge.gap = 1000000 (custom)
2019-10-09 22:47:21,824 [pool-443-thread-1] INFO  server.RaftServerConfigKeys (ConfUtils.java:logGet(43)) - raft.server.log.segment.cache.num.max = 2 (custom)
2019-10-09 22:47:21,824 [pool-413-thread-1] INFO  server.RaftServerConfigKeys (ConfUtils.java:logGet(43)) - raft.server.log.appender.buffer.byte-limit = 33554432 (custom)
2019-10-09 22:47:21,825 [pool-443-thread-1] INFO  segmented.SegmentedRaftLogWorker (SegmentedRaftLogWorker.java:<init>(173)) - new 08f99e19-a48a-4e34-b396-b5d0bb9c673f@group-FC814F7C7543-SegmentedRaftLogWorker for RaftStorage:Storage Directory /workdir/hadoop-ozone/integration-test/target/test-dir/MiniOzoneClusterImpl-15c48851-1477-4c83-b9be-6d3ca511f7f9/datanode-6/data/ratis/5b4a5ef2-cd6a-459e-9b51-fc814f7c7543
2019-10-09 22:47:21,824 [pool-423-thread-1] INFO  server.RaftServerConfigKeys (ConfUtils.java:logGet(43)) - raft.server.log.appender.buffer.byte-limit = 33554432 (custom)
2019-10-09 22:47:21,825 [pool-443-thread-1] INFO  server.RaftServerConfigKeys (ConfUtils.java:logGet(43)) - raft.server.log.queue.byte-limit = 2147483647 (custom)
2019-10-09 22:47:21,825 [pool-413-thread-1] INFO  server.RaftServerConfigKeys (ConfUtils.java:logGet(43)) - raft.server.log.segment.size.max = 1048576 (custom)
2019-10-09 22:47:21,825 [pool-443-thread-1] INFO  server.RaftServerConfigKeys (ConfUtils.java:logGet(43)) - raft.server.log.queue.element-limit = 1024 (custom)
2019-10-09 22:47:21,825 [pool-423-thread-1] INFO  server.RaftServerConfigKeys (ConfUtils.java:logGet(43)) - raft.server.log.segment.size.max = 1048576 (custom)
2019-10-09 22:47:21,825 [pool-443-thread-1] INFO  server.RaftServerConfigKeys (ConfUtils.java:logGet(43)) - raft.server.log.segment.size.max = 1048576 (custom)
2019-10-09 22:47:21,825 [pool-413-thread-1] INFO  server.RaftServerConfigKeys (ConfUtils.java:logGet(43)) - raft.server.log.segment.cache.num.max = 2 (custom)
2019-10-09 22:47:21,826 [pool-443-thread-1] INFO  server.RaftServerConfigKeys (ConfUtils.java:logGet(43)) - raft.server.log.preallocated.size = 16384 (custom)
2019-10-09 22:47:21,826 [pool-443-thread-1] INFO  server.RaftServerConfigKeys (ConfUtils.java:logGet(43)) - raft.server.log.write.buffer.size = 33554432 (custom)
2019-10-09 22:47:21,825 [pool-423-thread-1] INFO  server.RaftServerConfigKeys (ConfUtils.java:logGet(43)) - raft.server.log.segment.cache.num.max = 2 (custom)
2019-10-09 22:47:21,826 [pool-443-thread-1] INFO  server.RaftServerConfigKeys (ConfUtils.java:logGet(43)) - raft.server.log.force.sync.num = 128 (default)
2019-10-09 22:47:21,826 [pool-413-thread-1] INFO  segmented.SegmentedRaftLogWorker (SegmentedRaftLogWorker.java:<init>(173)) - new 74a2e125-3a23-4be7-af2d-aa86912c3992@group-FC814F7C7543-SegmentedRaftLogWorker for RaftStorage:Storage Directory /workdir/hadoop-ozone/integration-test/target/test-dir/MiniOzoneClusterImpl-15c48851-1477-4c83-b9be-6d3ca511f7f9/datanode-3/data/ratis/5b4a5ef2-cd6a-459e-9b51-fc814f7c7543
2019-10-09 22:47:21,826 [pool-443-thread-1] INFO  server.RaftServerConfigKeys (ConfUtils.java:logGet(43)) - raft.server.log.statemachine.data.sync = true (default)
2019-10-09 22:47:21,826 [pool-423-thread-1] INFO  segmented.SegmentedRaftLogWorker (SegmentedRaftLogWorker.java:<init>(173)) - new 4dd8b4db-5884-4afe-981d-0e381dbd16da@group-FC814F7C7543-SegmentedRaftLogWorker for RaftStorage:Storage Directory /workdir/hadoop-ozone/integration-test/target/test-dir/MiniOzoneClusterImpl-15c48851-1477-4c83-b9be-6d3ca511f7f9/datanode-4/data/ratis/5b4a5ef2-cd6a-459e-9b51-fc814f7c7543
2019-10-09 22:47:21,826 [pool-443-thread-1] INFO  server.RaftServerConfigKeys (ConfUtils.java:logGet(43)) - raft.server.log.statemachine.data.sync.timeout = 10s (default)
2019-10-09 22:47:21,826 [pool-413-thread-1] INFO  server.RaftServerConfigKeys (ConfUtils.java:logGet(43)) - raft.server.log.queue.byte-limit = 2147483647 (custom)
2019-10-09 22:47:21,827 [pool-443-thread-1] INFO  server.RaftServerConfigKeys (ConfUtils.java:logGet(43)) - raft.server.log.statemachine.data.sync.timeout.retry = -1 (default)
2019-10-09 22:47:21,827 [pool-423-thread-1] INFO  server.RaftServerConfigKeys (ConfUtils.java:logGet(43)) - raft.server.log.queue.byte-limit = 2147483647 (custom)
2019-10-09 22:47:21,827 [pool-443-thread-1] INFO  server.RaftServerConfigKeys (ConfUtils.java:logGet(43)) - raft.server.log.statemachine.data.caching.enabled = true (custom)
2019-10-09 22:47:21,827 [pool-413-thread-1] INFO  server.RaftServerConfigKeys (ConfUtils.java:logGet(43)) - raft.server.log.queue.element-limit = 1024 (custom)
2019-10-09 22:47:21,827 [pool-423-thread-1] INFO  server.RaftServerConfigKeys (ConfUtils.java:logGet(43)) - raft.server.log.queue.element-limit = 1024 (custom)
2019-10-09 22:47:21,827 [pool-443-thread-1] INFO  segmented.SegmentedRaftLogWorker (SegmentedRaftLogWorker.java:lambda$new$0(128)) - 08f99e19-a48a-4e34-b396-b5d0bb9c673f@group-FC814F7C7543-SegmentedRaftLogWorker: flushIndex: setUnconditionally 0 -> -1
2019-10-09 22:47:21,827 [pool-413-thread-1] INFO  server.RaftServerConfigKeys (ConfUtils.java:logGet(43)) - raft.server.log.segment.size.max = 1048576 (custom)
2019-10-09 22:47:21,828 [pool-423-thread-1] INFO  server.RaftServerConfigKeys (ConfUtils.java:logGet(43)) - raft.server.log.segment.size.max = 1048576 (custom)
2019-10-09 22:47:21,828 [pool-413-thread-1] INFO  server.RaftServerConfigKeys (ConfUtils.java:logGet(43)) - raft.server.log.preallocated.size = 16384 (custom)
2019-10-09 22:47:21,828 [pool-443-thread-1] INFO  server.RaftServerConfigKeys (ConfUtils.java:logGet(43)) - raft.server.snapshot.auto.trigger.enabled = true (custom)
2019-10-09 22:47:21,828 [pool-423-thread-1] INFO  server.RaftServerConfigKeys (ConfUtils.java:logGet(43)) - raft.server.log.preallocated.size = 16384 (custom)
2019-10-09 22:47:21,828 [pool-443-thread-1] INFO  server.RaftServerConfigKeys (ConfUtils.java:logGet(43)) - raft.server.snapshot.auto.trigger.threshold = 10000 (custom)
2019-10-09 22:47:21,828 [pool-413-thread-1] INFO  server.RaftServerConfigKeys (ConfUtils.java:logGet(43)) - raft.server.log.write.buffer.size = 33554432 (custom)
2019-10-09 22:47:21,828 [pool-443-thread-1] INFO  server.RaftServerConfigKeys (ConfUtils.java:logGet(43)) - raft.server.snapshot.retention.file.num = 5 (custom)
2019-10-09 22:47:21,828 [pool-423-thread-1] INFO  server.RaftServerConfigKeys (ConfUtils.java:logGet(43)) - raft.server.log.write.buffer.size = 33554432 (custom)
2019-10-09 22:47:21,829 [pool-443-thread-1] INFO  server.RaftServerConfigKeys (ConfUtils.java:logGet(43)) - raft.server.retrycache.expirytime = 600000ms (custom)
2019-10-09 22:47:21,828 [pool-413-thread-1] INFO  server.RaftServerConfigKeys (ConfUtils.java:logGet(43)) - raft.server.log.force.sync.num = 128 (default)
2019-10-09 22:47:21,829 [pool-423-thread-1] INFO  server.RaftServerConfigKeys (ConfUtils.java:logGet(43)) - raft.server.log.force.sync.num = 128 (default)
2019-10-09 22:47:21,829 [pool-413-thread-1] INFO  server.RaftServerConfigKeys (ConfUtils.java:logGet(43)) - raft.server.log.statemachine.data.sync = true (default)
2019-10-09 22:47:21,829 [pool-423-thread-1] INFO  server.RaftServerConfigKeys (ConfUtils.java:logGet(43)) - raft.server.log.statemachine.data.sync = true (default)
2019-10-09 22:47:21,829 [pool-413-thread-1] INFO  server.RaftServerConfigKeys (ConfUtils.java:logGet(43)) - raft.server.log.statemachine.data.sync.timeout = 10s (default)
2019-10-09 22:47:21,829 [pool-423-thread-1] INFO  server.RaftServerConfigKeys (ConfUtils.java:logGet(43)) - raft.server.log.statemachine.data.sync.timeout = 10s (default)
2019-10-09 22:47:21,829 [pool-413-thread-1] INFO  server.RaftServerConfigKeys (ConfUtils.java:logGet(43)) - raft.server.log.statemachine.data.sync.timeout.retry = -1 (default)
2019-10-09 22:47:21,830 [pool-423-thread-1] INFO  server.RaftServerConfigKeys (ConfUtils.java:logGet(43)) - raft.server.log.statemachine.data.sync.timeout.retry = -1 (default)
2019-10-09 22:47:21,830 [pool-413-thread-1] INFO  server.RaftServerConfigKeys (ConfUtils.java:logGet(43)) - raft.server.log.statemachine.data.caching.enabled = true (custom)
2019-10-09 22:47:21,830 [pool-423-thread-1] INFO  server.RaftServerConfigKeys (ConfUtils.java:logGet(43)) - raft.server.log.statemachine.data.caching.enabled = true (custom)
2019-10-09 22:47:21,830 [pool-413-thread-1] INFO  segmented.SegmentedRaftLogWorker (SegmentedRaftLogWorker.java:lambda$new$0(128)) - 74a2e125-3a23-4be7-af2d-aa86912c3992@group-FC814F7C7543-SegmentedRaftLogWorker: flushIndex: setUnconditionally 0 -> -1
2019-10-09 22:47:21,830 [pool-423-thread-1] INFO  segmented.SegmentedRaftLogWorker (SegmentedRaftLogWorker.java:lambda$new$0(128)) - 4dd8b4db-5884-4afe-981d-0e381dbd16da@group-FC814F7C7543-SegmentedRaftLogWorker: flushIndex: setUnconditionally 0 -> -1
2019-10-09 22:47:21,830 [pool-413-thread-1] INFO  server.RaftServerConfigKeys (ConfUtils.java:logGet(43)) - raft.server.snapshot.auto.trigger.enabled = true (custom)
2019-10-09 22:47:21,830 [pool-423-thread-1] INFO  server.RaftServerConfigKeys (ConfUtils.java:logGet(43)) - raft.server.snapshot.auto.trigger.enabled = true (custom)
2019-10-09 22:47:21,830 [pool-413-thread-1] INFO  server.RaftServerConfigKeys (ConfUtils.java:logGet(43)) - raft.server.snapshot.auto.trigger.threshold = 10000 (custom)
2019-10-09 22:47:21,830 [pool-423-thread-1] INFO  server.RaftServerConfigKeys (ConfUtils.java:logGet(43)) - raft.server.snapshot.auto.trigger.threshold = 10000 (custom)
2019-10-09 22:47:21,830 [pool-413-thread-1] INFO  server.RaftServerConfigKeys (ConfUtils.java:logGet(43)) - raft.server.snapshot.retention.file.num = 5 (custom)
2019-10-09 22:47:21,831 [pool-423-thread-1] INFO  server.RaftServerConfigKeys (ConfUtils.java:logGet(43)) - raft.server.snapshot.retention.file.num = 5 (custom)
2019-10-09 22:47:21,831 [pool-413-thread-1] INFO  server.RaftServerConfigKeys (ConfUtils.java:logGet(43)) - raft.server.retrycache.expirytime = 600000ms (custom)
2019-10-09 22:47:21,831 [pool-443-thread-1] INFO  impl.RaftServerImpl (RaftServerImpl.java:start(181)) - 08f99e19-a48a-4e34-b396-b5d0bb9c673f@group-FC814F7C7543: start as a follower, conf=-1: [08f99e19-a48a-4e34-b396-b5d0bb9c673f:192.168.164.207:41324, 4dd8b4db-5884-4afe-981d-0e381dbd16da:192.168.164.207:40346, 74a2e125-3a23-4be7-af2d-aa86912c3992:192.168.164.207:34683], old=null
2019-10-09 22:47:21,831 [pool-423-thread-1] INFO  server.RaftServerConfigKeys (ConfUtils.java:logGet(43)) - raft.server.retrycache.expirytime = 600000ms (custom)
2019-10-09 22:47:21,831 [pool-443-thread-1] INFO  impl.RaftServerImpl (RaftServerImpl.java:setRole(170)) - 08f99e19-a48a-4e34-b396-b5d0bb9c673f@group-FC814F7C7543: changes role from      null to FOLLOWER at term 0 for startAsFollower
2019-10-09 22:47:21,831 [pool-443-thread-1] INFO  impl.RoleInfo (RoleInfo.java:updateAndGet(143)) - 08f99e19-a48a-4e34-b396-b5d0bb9c673f: start FollowerState
2019-10-09 22:47:21,843 [pool-443-thread-1] INFO  util.JmxRegister (JmxRegister.java:tryRegister(44)) - Successfully registered JMX Bean with object name Ratis:service=RaftServer,group=group-FC814F7C7543,id=08f99e19-a48a-4e34-b396-b5d0bb9c673f
2019-10-09 22:47:21,844 [pool-413-thread-1] INFO  impl.RaftServerImpl (RaftServerImpl.java:start(181)) - 74a2e125-3a23-4be7-af2d-aa86912c3992@group-FC814F7C7543: start as a follower, conf=-1: [08f99e19-a48a-4e34-b396-b5d0bb9c673f:192.168.164.207:41324, 4dd8b4db-5884-4afe-981d-0e381dbd16da:192.168.164.207:40346, 74a2e125-3a23-4be7-af2d-aa86912c3992:192.168.164.207:34683], old=null
2019-10-09 22:47:21,844 [pool-413-thread-1] INFO  impl.RaftServerImpl (RaftServerImpl.java:setRole(170)) - 74a2e125-3a23-4be7-af2d-aa86912c3992@group-FC814F7C7543: changes role from      null to FOLLOWER at term 0 for startAsFollower
2019-10-09 22:47:21,844 [pool-423-thread-1] INFO  impl.RaftServerImpl (RaftServerImpl.java:start(181)) - 4dd8b4db-5884-4afe-981d-0e381dbd16da@group-FC814F7C7543: start as a follower, conf=-1: [08f99e19-a48a-4e34-b396-b5d0bb9c673f:192.168.164.207:41324, 4dd8b4db-5884-4afe-981d-0e381dbd16da:192.168.164.207:40346, 74a2e125-3a23-4be7-af2d-aa86912c3992:192.168.164.207:34683], old=null
2019-10-09 22:47:21,844 [pool-413-thread-1] INFO  impl.RoleInfo (RoleInfo.java:updateAndGet(143)) - 74a2e125-3a23-4be7-af2d-aa86912c3992: start FollowerState
2019-10-09 22:47:21,844 [pool-423-thread-1] INFO  impl.RaftServerImpl (RaftServerImpl.java:setRole(170)) - 4dd8b4db-5884-4afe-981d-0e381dbd16da@group-FC814F7C7543: changes role from      null to FOLLOWER at term 0 for startAsFollower
2019-10-09 22:47:21,845 [pool-423-thread-1] INFO  impl.RoleInfo (RoleInfo.java:updateAndGet(143)) - 4dd8b4db-5884-4afe-981d-0e381dbd16da: start FollowerState
2019-10-09 22:47:21,845 [pool-413-thread-1] INFO  util.JmxRegister (JmxRegister.java:tryRegister(44)) - Successfully registered JMX Bean with object name Ratis:service=RaftServer,group=group-FC814F7C7543,id=74a2e125-3a23-4be7-af2d-aa86912c3992
2019-10-09 22:47:21,845 [pool-423-thread-1] INFO  util.JmxRegister (JmxRegister.java:tryRegister(44)) - Successfully registered JMX Bean with object name Ratis:service=RaftServer,group=group-FC814F7C7543,id=4dd8b4db-5884-4afe-981d-0e381dbd16da
2019-10-09 22:47:21,860 [RatisPipelineUtilsThread] INFO  pipeline.PipelineStateManager (PipelineStateManager.java:addPipeline(57)) - Created pipeline Pipeline[ Id: 5b4a5ef2-cd6a-459e-9b51-fc814f7c7543, Nodes: 74a2e125-3a23-4be7-af2d-aa86912c3992{ip: 192.168.164.207, host: pr-hdds-1868-7c4vz-2804340038, networkLocation: /default-rack, certSerialId: null}4dd8b4db-5884-4afe-981d-0e381dbd16da{ip: 192.168.164.207, host: pr-hdds-1868-7c4vz-2804340038, networkLocation: /default-rack, certSerialId: null}08f99e19-a48a-4e34-b396-b5d0bb9c673f{ip: 192.168.164.207, host: pr-hdds-1868-7c4vz-2804340038, networkLocation: /default-rack, certSerialId: null}, Type:RATIS, Factor:THREE, State:ALLOCATED]
2019-10-09 22:47:21,860 [Thread-2517] INFO  pipeline.PipelineStateManager (PipelineStateManager.java:removePipeline(108)) - Pipeline Pipeline[ Id: fbb3e3cb-dfa4-4faa-a177-c6276fdf7efe, Nodes: cf6d329e-2567-41f2-b7ff-874aad889516{ip: 192.168.164.207, host: pr-hdds-1868-7c4vz-2804340038, networkLocation: /default-rack, certSerialId: null}, Type:RATIS, Factor:ONE, State:CLOSED] removed from db
2019-10-09 22:47:21,860 [Thread-2517] INFO  pipeline.SCMPipelineManager (SCMPipelineManager.java:finalizeAndDestroyPipeline(315)) - destroying pipeline:Pipeline[ Id: 01f7e044-68dc-4e13-8d47-6752bf065307, Nodes: 0d6c1360-600e-4025-8081-764eff476ffd{ip: 192.168.164.207, host: pr-hdds-1868-7c4vz-2804340038, networkLocation: /default-rack, certSerialId: null}, Type:RATIS, Factor:ONE, State:ALLOCATED]
2019-10-09 22:47:21,863 [grpc-default-executor-3] INFO  impl.RaftServerProxy (RaftServerProxy.java:addNew(89)) - cf6d329e-2567-41f2-b7ff-874aad889516: addNew group-CCF6FB9CD3AF:[cf6d329e-2567-41f2-b7ff-874aad889516:192.168.164.207:46390] returns group-CCF6FB9CD3AF:java.util.concurrent.CompletableFuture@6673aa8b[Not completed]
2019-10-09 22:47:21,863 [pool-433-thread-1] INFO  impl.RaftServerImpl (RaftServerImpl.java:<init>(95)) - cf6d329e-2567-41f2-b7ff-874aad889516: new RaftServerImpl for group-CCF6FB9CD3AF:[cf6d329e-2567-41f2-b7ff-874aad889516:192.168.164.207:46390] with ContainerStateMachine:uninitialized
2019-10-09 22:47:21,863 [pool-433-thread-1] INFO  server.RaftServerConfigKeys (ConfUtils.java:logGet(43)) - raft.server.rpc.timeout.min = 5s (custom)
2019-10-09 22:47:21,864 [pool-433-thread-1] INFO  server.RaftServerConfigKeys (ConfUtils.java:logGet(43)) - raft.server.rpc.timeout.max = 5200ms (custom)
2019-10-09 22:47:21,864 [pool-433-thread-1] INFO  server.RaftServerConfigKeys (ConfUtils.java:logGet(43)) - raft.server.rpcslowness.timeout = 120s (custom)
2019-10-09 22:47:21,864 [pool-433-thread-1] INFO  server.RaftServerConfigKeys (ConfUtils.java:logGet(43)) - raft.server.sleep.deviation.threshold = 300 (default)
2019-10-09 22:47:21,864 [pool-433-thread-1] INFO  server.RaftServerConfigKeys (ConfUtils.java:logGet(43)) - raft.server.log.appender.install.snapshot.enabled = false (custom)
2019-10-09 22:47:21,864 [pool-433-thread-1] INFO  impl.RaftServerImpl (ServerState.java:<init>(103)) - cf6d329e-2567-41f2-b7ff-874aad889516@group-CCF6FB9CD3AF: ConfigurationManager, init=-1: [cf6d329e-2567-41f2-b7ff-874aad889516:192.168.164.207:46390], old=null, confs=<EMPTY_MAP>
2019-10-09 22:47:21,864 [pool-433-thread-1] INFO  server.RaftServerConfigKeys (ConfUtils.java:logGet(43)) - raft.server.storage.dir = [/workdir/hadoop-ozone/integration-test/target/test-dir/MiniOzoneClusterImpl-15c48851-1477-4c83-b9be-6d3ca511f7f9/datanode-5/data/ratis] (custom)
2019-10-09 22:47:21,864 [pool-433-thread-1] INFO  server.RaftServerConfigKeys (ConfUtils.java:logGet(43)) - raft.server.log.corruption.policy = EXCEPTION (default)
2019-10-09 22:47:21,864 [pool-433-thread-1] INFO  storage.RaftStorageDirectory (RaftStorageDirectory.java:analyzeStorage(246)) - The storage directory /workdir/hadoop-ozone/integration-test/target/test-dir/MiniOzoneClusterImpl-15c48851-1477-4c83-b9be-6d3ca511f7f9/datanode-5/data/ratis/79a1e26d-154f-4d36-af65-ccf6fb9cd3af does not exist. Creating ...
2019-10-09 22:47:21,877 [pool-433-thread-1] INFO  storage.RaftStorageDirectory (RaftStorageDirectory.java:tryLock(328)) - Lock on /workdir/hadoop-ozone/integration-test/target/test-dir/MiniOzoneClusterImpl-15c48851-1477-4c83-b9be-6d3ca511f7f9/datanode-5/data/ratis/79a1e26d-154f-4d36-af65-ccf6fb9cd3af/in_use.lock acquired by nodename 20079@pr-hdds-1868-7c4vz-2804340038
2019-10-09 22:47:21,889 [pool-433-thread-1] INFO  storage.RaftStorage (RaftStorage.java:format(84)) - Storage directory /workdir/hadoop-ozone/integration-test/target/test-dir/MiniOzoneClusterImpl-15c48851-1477-4c83-b9be-6d3ca511f7f9/datanode-5/data/ratis/79a1e26d-154f-4d36-af65-ccf6fb9cd3af has been successfully formatted.
2019-10-09 22:47:21,890 [pool-433-thread-1] INFO  ratis.ContainerStateMachine (ContainerStateMachine.java:loadSnapshot(233)) - group-CCF6FB9CD3AF: The snapshot info is null. Setting the last applied indexto:(t:0, i:~)
2019-10-09 22:47:21,890 [pool-433-thread-1] INFO  server.RaftServerConfigKeys (ConfUtils.java:logGet(43)) - raft.server.notification.no-leader.timeout = 120s (custom)
2019-10-09 22:47:21,890 [pool-433-thread-1] INFO  server.RaftServerConfigKeys (ConfUtils.java:logGet(43)) - raft.server.log.use.memory = false (default)
2019-10-09 22:47:21,890 [pool-433-thread-1] INFO  server.RaftServerConfigKeys (ConfUtils.java:logGet(43)) - raft.server.log.purge.gap = 1000000 (custom)
2019-10-09 22:47:21,890 [pool-433-thread-1] INFO  server.RaftServerConfigKeys (ConfUtils.java:logGet(43)) - raft.server.log.appender.buffer.byte-limit = 33554432 (custom)
2019-10-09 22:47:21,890 [pool-433-thread-1] INFO  server.RaftServerConfigKeys (ConfUtils.java:logGet(43)) - raft.server.log.segment.size.max = 1048576 (custom)
2019-10-09 22:47:21,890 [pool-433-thread-1] INFO  server.RaftServerConfigKeys (ConfUtils.java:logGet(43)) - raft.server.log.segment.cache.num.max = 2 (custom)
2019-10-09 22:47:21,891 [pool-433-thread-1] INFO  segmented.SegmentedRaftLogWorker (SegmentedRaftLogWorker.java:<init>(173)) - new cf6d329e-2567-41f2-b7ff-874aad889516@group-CCF6FB9CD3AF-SegmentedRaftLogWorker for RaftStorage:Storage Directory /workdir/hadoop-ozone/integration-test/target/test-dir/MiniOzoneClusterImpl-15c48851-1477-4c83-b9be-6d3ca511f7f9/datanode-5/data/ratis/79a1e26d-154f-4d36-af65-ccf6fb9cd3af
2019-10-09 22:47:21,891 [pool-433-thread-1] INFO  server.RaftServerConfigKeys (ConfUtils.java:logGet(43)) - raft.server.log.queue.byte-limit = 2147483647 (custom)
2019-10-09 22:47:21,891 [pool-433-thread-1] INFO  server.RaftServerConfigKeys (ConfUtils.java:logGet(43)) - raft.server.log.queue.element-limit = 1024 (custom)
2019-10-09 22:47:21,891 [pool-433-thread-1] INFO  server.RaftServerConfigKeys (ConfUtils.java:logGet(43)) - raft.server.log.segment.size.max = 1048576 (custom)
2019-10-09 22:47:21,891 [pool-433-thread-1] INFO  server.RaftServerConfigKeys (ConfUtils.java:logGet(43)) - raft.server.log.preallocated.size = 16384 (custom)
2019-10-09 22:47:21,891 [pool-433-thread-1] INFO  server.RaftServerConfigKeys (ConfUtils.java:logGet(43)) - raft.server.log.write.buffer.size = 33554432 (custom)
2019-10-09 22:47:21,892 [pool-433-thread-1] INFO  server.RaftServerConfigKeys (ConfUtils.java:logGet(43)) - raft.server.log.force.sync.num = 128 (default)
2019-10-09 22:47:21,892 [pool-433-thread-1] INFO  server.RaftServerConfigKeys (ConfUtils.java:logGet(43)) - raft.server.log.statemachine.data.sync = true (default)
2019-10-09 22:47:21,892 [pool-433-thread-1] INFO  server.RaftServerConfigKeys (ConfUtils.java:logGet(43)) - raft.server.log.statemachine.data.sync.timeout = 10s (default)
2019-10-09 22:47:21,892 [pool-433-thread-1] INFO  server.RaftServerConfigKeys (ConfUtils.java:logGet(43)) - raft.server.log.statemachine.data.sync.timeout.retry = -1 (default)
2019-10-09 22:47:21,892 [pool-433-thread-1] INFO  server.RaftServerConfigKeys (ConfUtils.java:logGet(43)) - raft.server.log.statemachine.data.caching.enabled = true (custom)
2019-10-09 22:47:21,892 [pool-433-thread-1] INFO  segmented.SegmentedRaftLogWorker (SegmentedRaftLogWorker.java:lambda$new$0(128)) - cf6d329e-2567-41f2-b7ff-874aad889516@group-CCF6FB9CD3AF-SegmentedRaftLogWorker: flushIndex: setUnconditionally 0 -> -1
2019-10-09 22:47:21,893 [pool-433-thread-1] INFO  server.RaftServerConfigKeys (ConfUtils.java:logGet(43)) - raft.server.snapshot.auto.trigger.enabled = true (custom)
2019-10-09 22:47:21,893 [pool-433-thread-1] INFO  server.RaftServerConfigKeys (ConfUtils.java:logGet(43)) - raft.server.snapshot.auto.trigger.threshold = 10000 (custom)
2019-10-09 22:47:21,893 [pool-433-thread-1] INFO  server.RaftServerConfigKeys (ConfUtils.java:logGet(43)) - raft.server.snapshot.retention.file.num = 5 (custom)
2019-10-09 22:47:21,893 [pool-433-thread-1] INFO  server.RaftServerConfigKeys (ConfUtils.java:logGet(43)) - raft.server.retrycache.expirytime = 600000ms (custom)
2019-10-09 22:47:21,895 [pool-433-thread-1] INFO  impl.RaftServerImpl (RaftServerImpl.java:start(181)) - cf6d329e-2567-41f2-b7ff-874aad889516@group-CCF6FB9CD3AF: start as a follower, conf=-1: [cf6d329e-2567-41f2-b7ff-874aad889516:192.168.164.207:46390], old=null
2019-10-09 22:47:21,895 [pool-433-thread-1] INFO  impl.RaftServerImpl (RaftServerImpl.java:setRole(170)) - cf6d329e-2567-41f2-b7ff-874aad889516@group-CCF6FB9CD3AF: changes role from      null to FOLLOWER at term 0 for startAsFollower
2019-10-09 22:47:21,896 [pool-433-thread-1] INFO  impl.RoleInfo (RoleInfo.java:updateAndGet(143)) - cf6d329e-2567-41f2-b7ff-874aad889516: start FollowerState
2019-10-09 22:47:21,896 [pool-433-thread-1] INFO  util.JmxRegister (JmxRegister.java:tryRegister(44)) - Successfully registered JMX Bean with object name Ratis:service=RaftServer,group=group-CCF6FB9CD3AF,id=cf6d329e-2567-41f2-b7ff-874aad889516
2019-10-09 22:47:21,899 [RatisPipelineUtilsThread] INFO  pipeline.PipelineStateManager (PipelineStateManager.java:addPipeline(57)) - Created pipeline Pipeline[ Id: 79a1e26d-154f-4d36-af65-ccf6fb9cd3af, Nodes: cf6d329e-2567-41f2-b7ff-874aad889516{ip: 192.168.164.207, host: pr-hdds-1868-7c4vz-2804340038, networkLocation: /default-rack, certSerialId: null}, Type:RATIS, Factor:ONE, State:ALLOCATED]
2019-10-09 22:47:21,899 [Thread-2517] INFO  pipeline.PipelineStateManager (PipelineStateManager.java:finalizePipeline(123)) - Pipeline Pipeline[ Id: 01f7e044-68dc-4e13-8d47-6752bf065307, Nodes: 0d6c1360-600e-4025-8081-764eff476ffd{ip: 192.168.164.207, host: pr-hdds-1868-7c4vz-2804340038, networkLocation: /default-rack, certSerialId: null}, Type:RATIS, Factor:ONE, State:CLOSED] moved to CLOSED state
2019-10-09 22:47:21,905 [grpc-default-executor-3] INFO  impl.RaftServerProxy (RaftServerProxy.java:remove(95)) - 0d6c1360-600e-4025-8081-764eff476ffd: remove  FOLLOWER 0d6c1360-600e-4025-8081-764eff476ffd@group-6752BF065307:t0, leader=null, voted=null, raftlog=0d6c1360-600e-4025-8081-764eff476ffd@group-6752BF065307-SegmentedRaftLog:OPENED:c-1,f-1,i0, conf=-1: [0d6c1360-600e-4025-8081-764eff476ffd:192.168.164.207:45425], old=null RUNNING
2019-10-09 22:47:21,905 [grpc-default-executor-3] INFO  impl.RaftServerImpl (RaftServerImpl.java:lambda$shutdown$3(247)) - 0d6c1360-600e-4025-8081-764eff476ffd@group-6752BF065307: shutdown
2019-10-09 22:47:21,906 [grpc-default-executor-3] INFO  util.JmxRegister (JmxRegister.java:unregister(73)) - Successfully un-registered JMX Bean with object name Ratis:service=RaftServer,group=group-6752BF065307,id=0d6c1360-600e-4025-8081-764eff476ffd
2019-10-09 22:47:21,906 [grpc-default-executor-3] INFO  impl.RoleInfo (RoleInfo.java:shutdownFollowerState(121)) - 0d6c1360-600e-4025-8081-764eff476ffd: shutdown FollowerState
2019-10-09 22:47:21,906 [grpc-default-executor-3] INFO  impl.StateMachineUpdater (StateMachineUpdater.java:stopAndJoin(136)) - 0d6c1360-600e-4025-8081-764eff476ffd@group-6752BF065307-StateMachineUpdater: set stopIndex = -1
2019-10-09 22:47:21,906 [Thread-2519] INFO  impl.FollowerState (FollowerState.java:run(117)) - 0d6c1360-600e-4025-8081-764eff476ffd@group-6752BF065307-FollowerState was interrupted: java.lang.InterruptedException: sleep interrupted
2019-10-09 22:47:21,906 [grpc-default-executor-3] INFO  impl.RaftServerImpl (ServerState.java:close(387)) - 0d6c1360-600e-4025-8081-764eff476ffd@group-6752BF065307: closes. applyIndex: -1
2019-10-09 22:47:21,909 [0d6c1360-600e-4025-8081-764eff476ffd@group-6752BF065307-SegmentedRaftLogWorker] INFO  segmented.SegmentedRaftLogWorker (SegmentedRaftLogWorker.java:run(316)) - 0d6c1360-600e-4025-8081-764eff476ffd@group-6752BF065307-SegmentedRaftLogWorker was interrupted, exiting. There are 0 tasks remaining in the queue.
2019-10-09 22:47:21,909 [grpc-default-executor-3] INFO  segmented.SegmentedRaftLogWorker (SegmentedRaftLogWorker.java:close(224)) - 0d6c1360-600e-4025-8081-764eff476ffd@group-6752BF065307-SegmentedRaftLogWorker close()
2019-10-09 22:47:21,916 [Thread-2517] INFO  pipeline.PipelineStateManager (PipelineStateManager.java:removePipeline(108)) - Pipeline Pipeline[ Id: 01f7e044-68dc-4e13-8d47-6752bf065307, Nodes: 0d6c1360-600e-4025-8081-764eff476ffd{ip: 192.168.164.207, host: pr-hdds-1868-7c4vz-2804340038, networkLocation: /default-rack, certSerialId: null}, Type:RATIS, Factor:ONE, State:CLOSED] removed from db
2019-10-09 22:47:21,916 [Thread-2517] INFO  pipeline.SCMPipelineManager (SCMPipelineManager.java:finalizeAndDestroyPipeline(315)) - destroying pipeline:Pipeline[ Id: 8314269a-fc11-42d5-9291-525d17af1b97, Nodes: 2b32037e-5057-43b0-83a7-854222bbab73{ip: 192.168.164.207, host: pr-hdds-1868-7c4vz-2804340038, networkLocation: /default-rack, certSerialId: null}, Type:RATIS, Factor:ONE, State:ALLOCATED]
2019-10-09 22:47:21,918 [grpc-default-executor-3] INFO  impl.RaftServerProxy (RaftServerProxy.java:addNew(89)) - 0d6c1360-600e-4025-8081-764eff476ffd: addNew group-1F871900CF63:[0d6c1360-600e-4025-8081-764eff476ffd:192.168.164.207:45425] returns group-1F871900CF63:java.util.concurrent.CompletableFuture@73621ae9[Not completed]
2019-10-09 22:47:21,919 [pool-383-thread-1] INFO  impl.RaftServerImpl (RaftServerImpl.java:<init>(95)) - 0d6c1360-600e-4025-8081-764eff476ffd: new RaftServerImpl for group-1F871900CF63:[0d6c1360-600e-4025-8081-764eff476ffd:192.168.164.207:45425] with ContainerStateMachine:uninitialized
2019-10-09 22:47:21,919 [pool-383-thread-1] INFO  server.RaftServerConfigKeys (ConfUtils.java:logGet(43)) - raft.server.rpc.timeout.min = 5s (custom)
2019-10-09 22:47:21,919 [pool-383-thread-1] INFO  server.RaftServerConfigKeys (ConfUtils.java:logGet(43)) - raft.server.rpc.timeout.max = 5200ms (custom)
2019-10-09 22:47:21,919 [pool-383-thread-1] INFO  server.RaftServerConfigKeys (ConfUtils.java:logGet(43)) - raft.server.rpcslowness.timeout = 120s (custom)
2019-10-09 22:47:21,919 [pool-383-thread-1] INFO  server.RaftServerConfigKeys (ConfUtils.java:logGet(43)) - raft.server.sleep.deviation.threshold = 300 (default)
2019-10-09 22:47:21,920 [pool-383-thread-1] INFO  server.RaftServerConfigKeys (ConfUtils.java:logGet(43)) - raft.server.log.appender.install.snapshot.enabled = false (custom)
2019-10-09 22:47:21,920 [pool-383-thread-1] INFO  impl.RaftServerImpl (ServerState.java:<init>(103)) - 0d6c1360-600e-4025-8081-764eff476ffd@group-1F871900CF63: ConfigurationManager, init=-1: [0d6c1360-600e-4025-8081-764eff476ffd:192.168.164.207:45425], old=null, confs=<EMPTY_MAP>
2019-10-09 22:47:21,920 [pool-383-thread-1] INFO  server.RaftServerConfigKeys (ConfUtils.java:logGet(43)) - raft.server.storage.dir = [/workdir/hadoop-ozone/integration-test/target/test-dir/MiniOzoneClusterImpl-15c48851-1477-4c83-b9be-6d3ca511f7f9/datanode-0/data/ratis] (custom)
2019-10-09 22:47:21,920 [pool-383-thread-1] INFO  server.RaftServerConfigKeys (ConfUtils.java:logGet(43)) - raft.server.log.corruption.policy = EXCEPTION (default)
2019-10-09 22:47:21,920 [pool-383-thread-1] INFO  storage.RaftStorageDirectory (RaftStorageDirectory.java:analyzeStorage(246)) - The storage directory /workdir/hadoop-ozone/integration-test/target/test-dir/MiniOzoneClusterImpl-15c48851-1477-4c83-b9be-6d3ca511f7f9/datanode-0/data/ratis/a1b72299-ad4f-4b03-a3f5-1f871900cf63 does not exist. Creating ...
2019-10-09 22:47:21,932 [pool-383-thread-1] INFO  storage.RaftStorageDirectory (RaftStorageDirectory.java:tryLock(328)) - Lock on /workdir/hadoop-ozone/integration-test/target/test-dir/MiniOzoneClusterImpl-15c48851-1477-4c83-b9be-6d3ca511f7f9/datanode-0/data/ratis/a1b72299-ad4f-4b03-a3f5-1f871900cf63/in_use.lock acquired by nodename 20079@pr-hdds-1868-7c4vz-2804340038
2019-10-09 22:47:21,945 [pool-383-thread-1] INFO  storage.RaftStorage (RaftStorage.java:format(84)) - Storage directory /workdir/hadoop-ozone/integration-test/target/test-dir/MiniOzoneClusterImpl-15c48851-1477-4c83-b9be-6d3ca511f7f9/datanode-0/data/ratis/a1b72299-ad4f-4b03-a3f5-1f871900cf63 has been successfully formatted.
2019-10-09 22:47:21,945 [pool-383-thread-1] INFO  ratis.ContainerStateMachine (ContainerStateMachine.java:loadSnapshot(233)) - group-1F871900CF63: The snapshot info is null. Setting the last applied indexto:(t:0, i:~)
2019-10-09 22:47:21,945 [pool-383-thread-1] INFO  server.RaftServerConfigKeys (ConfUtils.java:logGet(43)) - raft.server.notification.no-leader.timeout = 120s (custom)
2019-10-09 22:47:21,945 [pool-383-thread-1] INFO  server.RaftServerConfigKeys (ConfUtils.java:logGet(43)) - raft.server.log.use.memory = false (default)
2019-10-09 22:47:21,945 [pool-383-thread-1] INFO  server.RaftServerConfigKeys (ConfUtils.java:logGet(43)) - raft.server.log.purge.gap = 1000000 (custom)
2019-10-09 22:47:21,945 [pool-383-thread-1] INFO  server.RaftServerConfigKeys (ConfUtils.java:logGet(43)) - raft.server.log.appender.buffer.byte-limit = 33554432 (custom)
2019-10-09 22:47:21,946 [pool-383-thread-1] INFO  server.RaftServerConfigKeys (ConfUtils.java:logGet(43)) - raft.server.log.segment.size.max = 1048576 (custom)
2019-10-09 22:47:21,946 [pool-383-thread-1] INFO  server.RaftServerConfigKeys (ConfUtils.java:logGet(43)) - raft.server.log.segment.cache.num.max = 2 (custom)
2019-10-09 22:47:21,946 [pool-383-thread-1] INFO  segmented.SegmentedRaftLogWorker (SegmentedRaftLogWorker.java:<init>(173)) - new 0d6c1360-600e-4025-8081-764eff476ffd@group-1F871900CF63-SegmentedRaftLogWorker for RaftStorage:Storage Directory /workdir/hadoop-ozone/integration-test/target/test-dir/MiniOzoneClusterImpl-15c48851-1477-4c83-b9be-6d3ca511f7f9/datanode-0/data/ratis/a1b72299-ad4f-4b03-a3f5-1f871900cf63
2019-10-09 22:47:21,946 [pool-383-thread-1] INFO  server.RaftServerConfigKeys (ConfUtils.java:logGet(43)) - raft.server.log.queue.byte-limit = 2147483647 (custom)
2019-10-09 22:47:21,946 [pool-383-thread-1] INFO  server.RaftServerConfigKeys (ConfUtils.java:logGet(43)) - raft.server.log.queue.element-limit = 1024 (custom)
2019-10-09 22:47:21,946 [pool-383-thread-1] INFO  server.RaftServerConfigKeys (ConfUtils.java:logGet(43)) - raft.server.log.segment.size.max = 1048576 (custom)
2019-10-09 22:47:21,946 [pool-383-thread-1] INFO  server.RaftServerConfigKeys (ConfUtils.java:logGet(43)) - raft.server.log.preallocated.size = 16384 (custom)
2019-10-09 22:47:21,946 [pool-383-thread-1] INFO  server.RaftServerConfigKeys (ConfUtils.java:logGet(43)) - raft.server.log.write.buffer.size = 33554432 (custom)
2019-10-09 22:47:21,946 [pool-383-thread-1] INFO  server.RaftServerConfigKeys (ConfUtils.java:logGet(43)) - raft.server.log.force.sync.num = 128 (default)
2019-10-09 22:47:21,946 [pool-383-thread-1] INFO  server.RaftServerConfigKeys (ConfUtils.java:logGet(43)) - raft.server.log.statemachine.data.sync = true (default)
2019-10-09 22:47:21,946 [pool-383-thread-1] INFO  server.RaftServerConfigKeys (ConfUtils.java:logGet(43)) - raft.server.log.statemachine.data.sync.timeout = 10s (default)
2019-10-09 22:47:21,946 [pool-383-thread-1] INFO  server.RaftServerConfigKeys (ConfUtils.java:logGet(43)) - raft.server.log.statemachine.data.sync.timeout.retry = -1 (default)
2019-10-09 22:47:21,947 [pool-383-thread-1] INFO  server.RaftServerConfigKeys (ConfUtils.java:logGet(43)) - raft.server.log.statemachine.data.caching.enabled = true (custom)
2019-10-09 22:47:21,947 [pool-383-thread-1] INFO  segmented.SegmentedRaftLogWorker (SegmentedRaftLogWorker.java:lambda$new$0(128)) - 0d6c1360-600e-4025-8081-764eff476ffd@group-1F871900CF63-SegmentedRaftLogWorker: flushIndex: setUnconditionally 0 -> -1
2019-10-09 22:47:21,947 [pool-383-thread-1] INFO  server.RaftServerConfigKeys (ConfUtils.java:logGet(43)) - raft.server.snapshot.auto.trigger.enabled = true (custom)
2019-10-09 22:47:21,947 [pool-383-thread-1] INFO  server.RaftServerConfigKeys (ConfUtils.java:logGet(43)) - raft.server.snapshot.auto.trigger.threshold = 10000 (custom)
2019-10-09 22:47:21,947 [pool-383-thread-1] INFO  server.RaftServerConfigKeys (ConfUtils.java:logGet(43)) - raft.server.snapshot.retention.file.num = 5 (custom)
2019-10-09 22:47:21,947 [pool-383-thread-1] INFO  server.RaftServerConfigKeys (ConfUtils.java:logGet(43)) - raft.server.retrycache.expirytime = 600000ms (custom)
2019-10-09 22:47:21,948 [pool-383-thread-1] INFO  impl.RaftServerImpl (RaftServerImpl.java:start(181)) - 0d6c1360-600e-4025-8081-764eff476ffd@group-1F871900CF63: start as a follower, conf=-1: [0d6c1360-600e-4025-8081-764eff476ffd:192.168.164.207:45425], old=null
2019-10-09 22:47:21,949 [pool-383-thread-1] INFO  impl.RaftServerImpl (RaftServerImpl.java:setRole(170)) - 0d6c1360-600e-4025-8081-764eff476ffd@group-1F871900CF63: changes role from      null to FOLLOWER at term 0 for startAsFollower
2019-10-09 22:47:21,949 [pool-383-thread-1] INFO  impl.RoleInfo (RoleInfo.java:updateAndGet(143)) - 0d6c1360-600e-4025-8081-764eff476ffd: start FollowerState
2019-10-09 22:47:21,949 [pool-383-thread-1] INFO  util.JmxRegister (JmxRegister.java:tryRegister(44)) - Successfully registered JMX Bean with object name Ratis:service=RaftServer,group=group-1F871900CF63,id=0d6c1360-600e-4025-8081-764eff476ffd
2019-10-09 22:47:21,951 [RatisPipelineUtilsThread] INFO  pipeline.PipelineStateManager (PipelineStateManager.java:addPipeline(57)) - Created pipeline Pipeline[ Id: a1b72299-ad4f-4b03-a3f5-1f871900cf63, Nodes: 0d6c1360-600e-4025-8081-764eff476ffd{ip: 192.168.164.207, host: pr-hdds-1868-7c4vz-2804340038, networkLocation: /default-rack, certSerialId: null}, Type:RATIS, Factor:ONE, State:ALLOCATED]
2019-10-09 22:47:21,952 [Thread-2517] INFO  pipeline.PipelineStateManager (PipelineStateManager.java:finalizePipeline(123)) - Pipeline Pipeline[ Id: 8314269a-fc11-42d5-9291-525d17af1b97, Nodes: 2b32037e-5057-43b0-83a7-854222bbab73{ip: 192.168.164.207, host: pr-hdds-1868-7c4vz-2804340038, networkLocation: /default-rack, certSerialId: null}, Type:RATIS, Factor:ONE, State:CLOSED] moved to CLOSED state
2019-10-09 22:47:21,957 [grpc-default-executor-3] INFO  impl.RaftServerProxy (RaftServerProxy.java:remove(95)) - 2b32037e-5057-43b0-83a7-854222bbab73: remove  FOLLOWER 2b32037e-5057-43b0-83a7-854222bbab73@group-525D17AF1B97:t0, leader=null, voted=null, raftlog=2b32037e-5057-43b0-83a7-854222bbab73@group-525D17AF1B97-SegmentedRaftLog:OPENED:c-1,f-1,i0, conf=-1: [2b32037e-5057-43b0-83a7-854222bbab73:192.168.164.207:46803], old=null RUNNING
2019-10-09 22:47:21,957 [grpc-default-executor-3] INFO  impl.RaftServerImpl (RaftServerImpl.java:lambda$shutdown$3(247)) - 2b32037e-5057-43b0-83a7-854222bbab73@group-525D17AF1B97: shutdown
2019-10-09 22:47:21,957 [grpc-default-executor-3] INFO  util.JmxRegister (JmxRegister.java:unregister(73)) - Successfully un-registered JMX Bean with object name Ratis:service=RaftServer,group=group-525D17AF1B97,id=2b32037e-5057-43b0-83a7-854222bbab73
2019-10-09 22:47:21,958 [grpc-default-executor-3] INFO  impl.RoleInfo (RoleInfo.java:shutdownFollowerState(121)) - 2b32037e-5057-43b0-83a7-854222bbab73: shutdown FollowerState
2019-10-09 22:47:21,958 [grpc-default-executor-3] INFO  impl.StateMachineUpdater (StateMachineUpdater.java:stopAndJoin(136)) - 2b32037e-5057-43b0-83a7-854222bbab73@group-525D17AF1B97-StateMachineUpdater: set stopIndex = -1
2019-10-09 22:47:21,958 [Thread-2525] INFO  impl.FollowerState (FollowerState.java:run(117)) - 2b32037e-5057-43b0-83a7-854222bbab73@group-525D17AF1B97-FollowerState was interrupted: java.lang.InterruptedException: sleep interrupted
2019-10-09 22:47:21,960 [grpc-default-executor-3] INFO  impl.RaftServerImpl (ServerState.java:close(387)) - 2b32037e-5057-43b0-83a7-854222bbab73@group-525D17AF1B97: closes. applyIndex: -1
2019-10-09 22:47:21,960 [2b32037e-5057-43b0-83a7-854222bbab73@group-525D17AF1B97-SegmentedRaftLogWorker] INFO  segmented.SegmentedRaftLogWorker (SegmentedRaftLogWorker.java:run(316)) - 2b32037e-5057-43b0-83a7-854222bbab73@group-525D17AF1B97-SegmentedRaftLogWorker was interrupted, exiting. There are 0 tasks remaining in the queue.
2019-10-09 22:47:21,960 [grpc-default-executor-3] INFO  segmented.SegmentedRaftLogWorker (SegmentedRaftLogWorker.java:close(224)) - 2b32037e-5057-43b0-83a7-854222bbab73@group-525D17AF1B97-SegmentedRaftLogWorker close()
2019-10-09 22:47:21,964 [main] INFO  ozone.MiniOzoneClusterImpl (MiniOzoneClusterImpl.java:lambda$waitForClusterToBeReady$2(164)) - Waiting for 8 number of pipelines out of 9, to report a leader.
2019-10-09 22:47:21,965 [Thread-2517] INFO  pipeline.PipelineStateManager (PipelineStateManager.java:removePipeline(108)) - Pipeline Pipeline[ Id: 8314269a-fc11-42d5-9291-525d17af1b97, Nodes: 2b32037e-5057-43b0-83a7-854222bbab73{ip: 192.168.164.207, host: pr-hdds-1868-7c4vz-2804340038, networkLocation: /default-rack, certSerialId: null}, Type:RATIS, Factor:ONE, State:CLOSED] removed from db
2019-10-09 22:47:21,966 [Thread-2517] INFO  pipeline.SCMPipelineManager (SCMPipelineManager.java:finalizeAndDestroyPipeline(315)) - destroying pipeline:Pipeline[ Id: bcf5daea-b55c-45bb-a943-e6783ec97624, Nodes: 4dd8b4db-5884-4afe-981d-0e381dbd16da{ip: 192.168.164.207, host: pr-hdds-1868-7c4vz-2804340038, networkLocation: /default-rack, certSerialId: null}, Type:RATIS, Factor:ONE, State:ALLOCATED]
2019-10-09 22:47:21,968 [grpc-default-executor-3] INFO  impl.RaftServerProxy (RaftServerProxy.java:addNew(89)) - 2b32037e-5057-43b0-83a7-854222bbab73: addNew group-704429A17D11:[2b32037e-5057-43b0-83a7-854222bbab73:192.168.164.207:46803] returns group-704429A17D11:java.util.concurrent.CompletableFuture@40e2e6b3[Not completed]
2019-10-09 22:47:21,969 [pool-403-thread-1] INFO  impl.RaftServerImpl (RaftServerImpl.java:<init>(95)) - 2b32037e-5057-43b0-83a7-854222bbab73: new RaftServerImpl for group-704429A17D11:[2b32037e-5057-43b0-83a7-854222bbab73:192.168.164.207:46803] with ContainerStateMachine:uninitialized
2019-10-09 22:47:21,969 [pool-403-thread-1] INFO  server.RaftServerConfigKeys (ConfUtils.java:logGet(43)) - raft.server.rpc.timeout.min = 5s (custom)
2019-10-09 22:47:21,969 [pool-403-thread-1] INFO  server.RaftServerConfigKeys (ConfUtils.java:logGet(43)) - raft.server.rpc.timeout.max = 5200ms (custom)
2019-10-09 22:47:21,969 [pool-403-thread-1] INFO  server.RaftServerConfigKeys (ConfUtils.java:logGet(43)) - raft.server.rpcslowness.timeout = 120s (custom)
2019-10-09 22:47:21,969 [pool-403-thread-1] INFO  server.RaftServerConfigKeys (ConfUtils.java:logGet(43)) - raft.server.sleep.deviation.threshold = 300 (default)
2019-10-09 22:47:21,969 [pool-403-thread-1] INFO  server.RaftServerConfigKeys (ConfUtils.java:logGet(43)) - raft.server.log.appender.install.snapshot.enabled = false (custom)
2019-10-09 22:47:21,969 [pool-403-thread-1] INFO  impl.RaftServerImpl (ServerState.java:<init>(103)) - 2b32037e-5057-43b0-83a7-854222bbab73@group-704429A17D11: ConfigurationManager, init=-1: [2b32037e-5057-43b0-83a7-854222bbab73:192.168.164.207:46803], old=null, confs=<EMPTY_MAP>
2019-10-09 22:47:21,969 [pool-403-thread-1] INFO  server.RaftServerConfigKeys (ConfUtils.java:logGet(43)) - raft.server.storage.dir = [/workdir/hadoop-ozone/integration-test/target/test-dir/MiniOzoneClusterImpl-15c48851-1477-4c83-b9be-6d3ca511f7f9/datanode-2/data/ratis] (custom)
2019-10-09 22:47:21,970 [pool-403-thread-1] INFO  server.RaftServerConfigKeys (ConfUtils.java:logGet(43)) - raft.server.log.corruption.policy = EXCEPTION (default)
2019-10-09 22:47:21,970 [pool-403-thread-1] INFO  storage.RaftStorageDirectory (RaftStorageDirectory.java:analyzeStorage(246)) - The storage directory /workdir/hadoop-ozone/integration-test/target/test-dir/MiniOzoneClusterImpl-15c48851-1477-4c83-b9be-6d3ca511f7f9/datanode-2/data/ratis/2f198e7c-e7e8-4599-b439-704429a17d11 does not exist. Creating ...
2019-10-09 22:47:21,982 [pool-403-thread-1] INFO  storage.RaftStorageDirectory (RaftStorageDirectory.java:tryLock(328)) - Lock on /workdir/hadoop-ozone/integration-test/target/test-dir/MiniOzoneClusterImpl-15c48851-1477-4c83-b9be-6d3ca511f7f9/datanode-2/data/ratis/2f198e7c-e7e8-4599-b439-704429a17d11/in_use.lock acquired by nodename 20079@pr-hdds-1868-7c4vz-2804340038
2019-10-09 22:47:21,995 [pool-403-thread-1] INFO  storage.RaftStorage (RaftStorage.java:format(84)) - Storage directory /workdir/hadoop-ozone/integration-test/target/test-dir/MiniOzoneClusterImpl-15c48851-1477-4c83-b9be-6d3ca511f7f9/datanode-2/data/ratis/2f198e7c-e7e8-4599-b439-704429a17d11 has been successfully formatted.
2019-10-09 22:47:21,995 [pool-403-thread-1] INFO  ratis.ContainerStateMachine (ContainerStateMachine.java:loadSnapshot(233)) - group-704429A17D11: The snapshot info is null. Setting the last applied indexto:(t:0, i:~)
2019-10-09 22:47:21,996 [pool-403-thread-1] INFO  server.RaftServerConfigKeys (ConfUtils.java:logGet(43)) - raft.server.notification.no-leader.timeout = 120s (custom)
2019-10-09 22:47:21,996 [pool-403-thread-1] INFO  server.RaftServerConfigKeys (ConfUtils.java:logGet(43)) - raft.server.log.use.memory = false (default)
2019-10-09 22:47:21,996 [pool-403-thread-1] INFO  server.RaftServerConfigKeys (ConfUtils.java:logGet(43)) - raft.server.log.purge.gap = 1000000 (custom)
2019-10-09 22:47:21,996 [pool-403-thread-1] INFO  server.RaftServerConfigKeys (ConfUtils.java:logGet(43)) - raft.server.log.appender.buffer.byte-limit = 33554432 (custom)
2019-10-09 22:47:21,996 [pool-403-thread-1] INFO  server.RaftServerConfigKeys (ConfUtils.java:logGet(43)) - raft.server.log.segment.size.max = 1048576 (custom)
2019-10-09 22:47:21,996 [pool-403-thread-1] INFO  server.RaftServerConfigKeys (ConfUtils.java:logGet(43)) - raft.server.log.segment.cache.num.max = 2 (custom)
2019-10-09 22:47:21,996 [pool-403-thread-1] INFO  segmented.SegmentedRaftLogWorker (SegmentedRaftLogWorker.java:<init>(173)) - new 2b32037e-5057-43b0-83a7-854222bbab73@group-704429A17D11-SegmentedRaftLogWorker for RaftStorage:Storage Directory /workdir/hadoop-ozone/integration-test/target/test-dir/MiniOzoneClusterImpl-15c48851-1477-4c83-b9be-6d3ca511f7f9/datanode-2/data/ratis/2f198e7c-e7e8-4599-b439-704429a17d11
2019-10-09 22:47:21,996 [pool-403-thread-1] INFO  server.RaftServerConfigKeys (ConfUtils.java:logGet(43)) - raft.server.log.queue.byte-limit = 2147483647 (custom)
2019-10-09 22:47:21,997 [pool-403-thread-1] INFO  server.RaftServerConfigKeys (ConfUtils.java:logGet(43)) - raft.server.log.queue.element-limit = 1024 (custom)
2019-10-09 22:47:21,997 [pool-403-thread-1] INFO  server.RaftServerConfigKeys (ConfUtils.java:logGet(43)) - raft.server.log.segment.size.max = 1048576 (custom)
2019-10-09 22:47:21,997 [pool-403-thread-1] INFO  server.RaftServerConfigKeys (ConfUtils.java:logGet(43)) - raft.server.log.preallocated.size = 16384 (custom)
2019-10-09 22:47:21,997 [pool-403-thread-1] INFO  server.RaftServerConfigKeys (ConfUtils.java:logGet(43)) - raft.server.log.write.buffer.size = 33554432 (custom)
2019-10-09 22:47:21,997 [pool-403-thread-1] INFO  server.RaftServerConfigKeys (ConfUtils.java:logGet(43)) - raft.server.log.force.sync.num = 128 (default)
2019-10-09 22:47:21,997 [pool-403-thread-1] INFO  server.RaftServerConfigKeys (ConfUtils.java:logGet(43)) - raft.server.log.statemachine.data.sync = true (default)
2019-10-09 22:47:21,997 [pool-403-thread-1] INFO  server.RaftServerConfigKeys (ConfUtils.java:logGet(43)) - raft.server.log.statemachine.data.sync.timeout = 10s (default)
2019-10-09 22:47:21,997 [pool-403-thread-1] INFO  server.RaftServerConfigKeys (ConfUtils.java:logGet(43)) - raft.server.log.statemachine.data.sync.timeout.retry = -1 (default)
2019-10-09 22:47:21,997 [pool-403-thread-1] INFO  server.RaftServerConfigKeys (ConfUtils.java:logGet(43)) - raft.server.log.statemachine.data.caching.enabled = true (custom)
2019-10-09 22:47:21,998 [pool-403-thread-1] INFO  segmented.SegmentedRaftLogWorker (SegmentedRaftLogWorker.java:lambda$new$0(128)) - 2b32037e-5057-43b0-83a7-854222bbab73@group-704429A17D11-SegmentedRaftLogWorker: flushIndex: setUnconditionally 0 -> -1
2019-10-09 22:47:21,998 [pool-403-thread-1] INFO  server.RaftServerConfigKeys (ConfUtils.java:logGet(43)) - raft.server.snapshot.auto.trigger.enabled = true (custom)
2019-10-09 22:47:21,998 [pool-403-thread-1] INFO  server.RaftServerConfigKeys (ConfUtils.java:logGet(43)) - raft.server.snapshot.auto.trigger.threshold = 10000 (custom)
2019-10-09 22:47:21,998 [pool-403-thread-1] INFO  server.RaftServerConfigKeys (ConfUtils.java:logGet(43)) - raft.server.snapshot.retention.file.num = 5 (custom)
2019-10-09 22:47:21,998 [pool-403-thread-1] INFO  server.RaftServerConfigKeys (ConfUtils.java:logGet(43)) - raft.server.retrycache.expirytime = 600000ms (custom)
2019-10-09 22:47:21,999 [pool-403-thread-1] INFO  impl.RaftServerImpl (RaftServerImpl.java:start(181)) - 2b32037e-5057-43b0-83a7-854222bbab73@group-704429A17D11: start as a follower, conf=-1: [2b32037e-5057-43b0-83a7-854222bbab73:192.168.164.207:46803], old=null
2019-10-09 22:47:22,000 [pool-403-thread-1] INFO  impl.RaftServerImpl (RaftServerImpl.java:setRole(170)) - 2b32037e-5057-43b0-83a7-854222bbab73@group-704429A17D11: changes role from      null to FOLLOWER at term 0 for startAsFollower
2019-10-09 22:47:22,000 [pool-403-thread-1] INFO  impl.RoleInfo (RoleInfo.java:updateAndGet(143)) - 2b32037e-5057-43b0-83a7-854222bbab73: start FollowerState
2019-10-09 22:47:22,000 [pool-403-thread-1] INFO  util.JmxRegister (JmxRegister.java:tryRegister(44)) - Successfully registered JMX Bean with object name Ratis:service=RaftServer,group=group-704429A17D11,id=2b32037e-5057-43b0-83a7-854222bbab73
2019-10-09 22:47:22,003 [RatisPipelineUtilsThread] INFO  pipeline.PipelineStateManager (PipelineStateManager.java:addPipeline(57)) - Created pipeline Pipeline[ Id: 2f198e7c-e7e8-4599-b439-704429a17d11, Nodes: 2b32037e-5057-43b0-83a7-854222bbab73{ip: 192.168.164.207, host: pr-hdds-1868-7c4vz-2804340038, networkLocation: /default-rack, certSerialId: null}, Type:RATIS, Factor:ONE, State:ALLOCATED]
2019-10-09 22:47:22,003 [Thread-2517] INFO  pipeline.PipelineStateManager (PipelineStateManager.java:finalizePipeline(123)) - Pipeline Pipeline[ Id: bcf5daea-b55c-45bb-a943-e6783ec97624, Nodes: 4dd8b4db-5884-4afe-981d-0e381dbd16da{ip: 192.168.164.207, host: pr-hdds-1868-7c4vz-2804340038, networkLocation: /default-rack, certSerialId: null}, Type:RATIS, Factor:ONE, State:CLOSED] moved to CLOSED state
2019-10-09 22:47:22,008 [grpc-default-executor-3] INFO  impl.RaftServerProxy (RaftServerProxy.java:remove(95)) - 4dd8b4db-5884-4afe-981d-0e381dbd16da: remove  FOLLOWER 4dd8b4db-5884-4afe-981d-0e381dbd16da@group-E6783EC97624:t0, leader=null, voted=null, raftlog=4dd8b4db-5884-4afe-981d-0e381dbd16da@group-E6783EC97624-SegmentedRaftLog:OPENED:c-1,f-1,i0, conf=-1: [4dd8b4db-5884-4afe-981d-0e381dbd16da:192.168.164.207:40346], old=null RUNNING
2019-10-09 22:47:22,009 [grpc-default-executor-3] INFO  impl.RaftServerImpl (RaftServerImpl.java:lambda$shutdown$3(247)) - 4dd8b4db-5884-4afe-981d-0e381dbd16da@group-E6783EC97624: shutdown
2019-10-09 22:47:22,009 [grpc-default-executor-3] INFO  util.JmxRegister (JmxRegister.java:unregister(73)) - Successfully un-registered JMX Bean with object name Ratis:service=RaftServer,group=group-E6783EC97624,id=4dd8b4db-5884-4afe-981d-0e381dbd16da
2019-10-09 22:47:22,009 [grpc-default-executor-3] INFO  impl.RoleInfo (RoleInfo.java:shutdownFollowerState(121)) - 4dd8b4db-5884-4afe-981d-0e381dbd16da: shutdown FollowerState
2019-10-09 22:47:22,009 [grpc-default-executor-3] INFO  impl.StateMachineUpdater (StateMachineUpdater.java:stopAndJoin(136)) - 4dd8b4db-5884-4afe-981d-0e381dbd16da@group-E6783EC97624-StateMachineUpdater: set stopIndex = -1
2019-10-09 22:47:22,009 [Thread-2540] INFO  impl.FollowerState (FollowerState.java:run(117)) - 4dd8b4db-5884-4afe-981d-0e381dbd16da@group-E6783EC97624-FollowerState was interrupted: java.lang.InterruptedException: sleep interrupted
2019-10-09 22:47:22,009 [grpc-default-executor-3] INFO  impl.RaftServerImpl (ServerState.java:close(387)) - 4dd8b4db-5884-4afe-981d-0e381dbd16da@group-E6783EC97624: closes. applyIndex: -1
2019-10-09 22:47:22,011 [4dd8b4db-5884-4afe-981d-0e381dbd16da@group-E6783EC97624-SegmentedRaftLogWorker] INFO  segmented.SegmentedRaftLogWorker (SegmentedRaftLogWorker.java:run(316)) - 4dd8b4db-5884-4afe-981d-0e381dbd16da@group-E6783EC97624-SegmentedRaftLogWorker was interrupted, exiting. There are 0 tasks remaining in the queue.
2019-10-09 22:47:22,011 [grpc-default-executor-3] INFO  segmented.SegmentedRaftLogWorker (SegmentedRaftLogWorker.java:close(224)) - 4dd8b4db-5884-4afe-981d-0e381dbd16da@group-E6783EC97624-SegmentedRaftLogWorker close()
2019-10-09 22:47:22,016 [Thread-2517] INFO  pipeline.PipelineStateManager (PipelineStateManager.java:removePipeline(108)) - Pipeline Pipeline[ Id: bcf5daea-b55c-45bb-a943-e6783ec97624, Nodes: 4dd8b4db-5884-4afe-981d-0e381dbd16da{ip: 192.168.164.207, host: pr-hdds-1868-7c4vz-2804340038, networkLocation: /default-rack, certSerialId: null}, Type:RATIS, Factor:ONE, State:CLOSED] removed from db
2019-10-09 22:47:22,019 [grpc-default-executor-3] INFO  impl.RaftServerProxy (RaftServerProxy.java:addNew(89)) - 4dd8b4db-5884-4afe-981d-0e381dbd16da: addNew group-F296CA5B5166:[4dd8b4db-5884-4afe-981d-0e381dbd16da:192.168.164.207:40346] returns group-F296CA5B5166:java.util.concurrent.CompletableFuture@3934a172[Not completed]
2019-10-09 22:47:22,019 [pool-423-thread-1] INFO  impl.RaftServerImpl (RaftServerImpl.java:<init>(95)) - 4dd8b4db-5884-4afe-981d-0e381dbd16da: new RaftServerImpl for group-F296CA5B5166:[4dd8b4db-5884-4afe-981d-0e381dbd16da:192.168.164.207:40346] with ContainerStateMachine:uninitialized
2019-10-09 22:47:22,019 [pool-423-thread-1] INFO  server.RaftServerConfigKeys (ConfUtils.java:logGet(43)) - raft.server.rpc.timeout.min = 5s (custom)
2019-10-09 22:47:22,020 [pool-423-thread-1] INFO  server.RaftServerConfigKeys (ConfUtils.java:logGet(43)) - raft.server.rpc.timeout.max = 5200ms (custom)
2019-10-09 22:47:22,020 [pool-423-thread-1] INFO  server.RaftServerConfigKeys (ConfUtils.java:logGet(43)) - raft.server.rpcslowness.timeout = 120s (custom)
2019-10-09 22:47:22,020 [pool-423-thread-1] INFO  server.RaftServerConfigKeys (ConfUtils.java:logGet(43)) - raft.server.sleep.deviation.threshold = 300 (default)
2019-10-09 22:47:22,020 [pool-423-thread-1] INFO  server.RaftServerConfigKeys (ConfUtils.java:logGet(43)) - raft.server.log.appender.install.snapshot.enabled = false (custom)
2019-10-09 22:47:22,020 [pool-423-thread-1] INFO  impl.RaftServerImpl (ServerState.java:<init>(103)) - 4dd8b4db-5884-4afe-981d-0e381dbd16da@group-F296CA5B5166: ConfigurationManager, init=-1: [4dd8b4db-5884-4afe-981d-0e381dbd16da:192.168.164.207:40346], old=null, confs=<EMPTY_MAP>
2019-10-09 22:47:22,020 [pool-423-thread-1] INFO  server.RaftServerConfigKeys (ConfUtils.java:logGet(43)) - raft.server.storage.dir = [/workdir/hadoop-ozone/integration-test/target/test-dir/MiniOzoneClusterImpl-15c48851-1477-4c83-b9be-6d3ca511f7f9/datanode-4/data/ratis] (custom)
2019-10-09 22:47:22,020 [pool-423-thread-1] INFO  server.RaftServerConfigKeys (ConfUtils.java:logGet(43)) - raft.server.log.corruption.policy = EXCEPTION (default)
2019-10-09 22:47:22,020 [pool-423-thread-1] INFO  storage.RaftStorageDirectory (RaftStorageDirectory.java:analyzeStorage(246)) - The storage directory /workdir/hadoop-ozone/integration-test/target/test-dir/MiniOzoneClusterImpl-15c48851-1477-4c83-b9be-6d3ca511f7f9/datanode-4/data/ratis/8ec0409c-975d-4a59-8125-f296ca5b5166 does not exist. Creating ...
2019-10-09 22:47:22,033 [pool-423-thread-1] INFO  storage.RaftStorageDirectory (RaftStorageDirectory.java:tryLock(328)) - Lock on /workdir/hadoop-ozone/integration-test/target/test-dir/MiniOzoneClusterImpl-15c48851-1477-4c83-b9be-6d3ca511f7f9/datanode-4/data/ratis/8ec0409c-975d-4a59-8125-f296ca5b5166/in_use.lock acquired by nodename 20079@pr-hdds-1868-7c4vz-2804340038
2019-10-09 22:47:22,055 [pool-423-thread-1] INFO  storage.RaftStorage (RaftStorage.java:format(84)) - Storage directory /workdir/hadoop-ozone/integration-test/target/test-dir/MiniOzoneClusterImpl-15c48851-1477-4c83-b9be-6d3ca511f7f9/datanode-4/data/ratis/8ec0409c-975d-4a59-8125-f296ca5b5166 has been successfully formatted.
2019-10-09 22:47:22,055 [pool-423-thread-1] INFO  ratis.ContainerStateMachine (ContainerStateMachine.java:loadSnapshot(233)) - group-F296CA5B5166: The snapshot info is null. Setting the last applied indexto:(t:0, i:~)
2019-10-09 22:47:22,055 [pool-423-thread-1] INFO  server.RaftServerConfigKeys (ConfUtils.java:logGet(43)) - raft.server.notification.no-leader.timeout = 120s (custom)
2019-10-09 22:47:22,055 [pool-423-thread-1] INFO  server.RaftServerConfigKeys (ConfUtils.java:logGet(43)) - raft.server.log.use.memory = false (default)
2019-10-09 22:47:22,055 [pool-423-thread-1] INFO  server.RaftServerConfigKeys (ConfUtils.java:logGet(43)) - raft.server.log.purge.gap = 1000000 (custom)
2019-10-09 22:47:22,055 [pool-423-thread-1] INFO  server.RaftServerConfigKeys (ConfUtils.java:logGet(43)) - raft.server.log.appender.buffer.byte-limit = 33554432 (custom)
2019-10-09 22:47:22,056 [pool-423-thread-1] INFO  server.RaftServerConfigKeys (ConfUtils.java:logGet(43)) - raft.server.log.segment.size.max = 1048576 (custom)
2019-10-09 22:47:22,056 [pool-423-thread-1] INFO  server.RaftServerConfigKeys (ConfUtils.java:logGet(43)) - raft.server.log.segment.cache.num.max = 2 (custom)
2019-10-09 22:47:22,056 [pool-423-thread-1] INFO  segmented.SegmentedRaftLogWorker (SegmentedRaftLogWorker.java:<init>(173)) - new 4dd8b4db-5884-4afe-981d-0e381dbd16da@group-F296CA5B5166-SegmentedRaftLogWorker for RaftStorage:Storage Directory /workdir/hadoop-ozone/integration-test/target/test-dir/MiniOzoneClusterImpl-15c48851-1477-4c83-b9be-6d3ca511f7f9/datanode-4/data/ratis/8ec0409c-975d-4a59-8125-f296ca5b5166
2019-10-09 22:47:22,056 [pool-423-thread-1] INFO  server.RaftServerConfigKeys (ConfUtils.java:logGet(43)) - raft.server.log.queue.byte-limit = 2147483647 (custom)
2019-10-09 22:47:22,056 [pool-423-thread-1] INFO  server.RaftServerConfigKeys (ConfUtils.java:logGet(43)) - raft.server.log.queue.element-limit = 1024 (custom)
2019-10-09 22:47:22,056 [pool-423-thread-1] INFO  server.RaftServerConfigKeys (ConfUtils.java:logGet(43)) - raft.server.log.segment.size.max = 1048576 (custom)
2019-10-09 22:47:22,056 [pool-423-thread-1] INFO  server.RaftServerConfigKeys (ConfUtils.java:logGet(43)) - raft.server.log.preallocated.size = 16384 (custom)
2019-10-09 22:47:22,057 [pool-423-thread-1] INFO  server.RaftServerConfigKeys (ConfUtils.java:logGet(43)) - raft.server.log.write.buffer.size = 33554432 (custom)
2019-10-09 22:47:22,057 [pool-423-thread-1] INFO  server.RaftServerConfigKeys (ConfUtils.java:logGet(43)) - raft.server.log.force.sync.num = 128 (default)
2019-10-09 22:47:22,057 [pool-423-thread-1] INFO  server.RaftServerConfigKeys (ConfUtils.java:logGet(43)) - raft.server.log.statemachine.data.sync = true (default)
2019-10-09 22:47:22,057 [pool-423-thread-1] INFO  server.RaftServerConfigKeys (ConfUtils.java:logGet(43)) - raft.server.log.statemachine.data.sync.timeout = 10s (default)
2019-10-09 22:47:22,057 [pool-423-thread-1] INFO  server.RaftServerConfigKeys (ConfUtils.java:logGet(43)) - raft.server.log.statemachine.data.sync.timeout.retry = -1 (default)
2019-10-09 22:47:22,057 [pool-423-thread-1] INFO  server.RaftServerConfigKeys (ConfUtils.java:logGet(43)) - raft.server.log.statemachine.data.caching.enabled = true (custom)
2019-10-09 22:47:22,057 [pool-423-thread-1] INFO  segmented.SegmentedRaftLogWorker (SegmentedRaftLogWorker.java:lambda$new$0(128)) - 4dd8b4db-5884-4afe-981d-0e381dbd16da@group-F296CA5B5166-SegmentedRaftLogWorker: flushIndex: setUnconditionally 0 -> -1
2019-10-09 22:47:22,058 [pool-423-thread-1] INFO  server.RaftServerConfigKeys (ConfUtils.java:logGet(43)) - raft.server.snapshot.auto.trigger.enabled = true (custom)
2019-10-09 22:47:22,058 [pool-423-thread-1] INFO  server.RaftServerConfigKeys (ConfUtils.java:logGet(43)) - raft.server.snapshot.auto.trigger.threshold = 10000 (custom)
2019-10-09 22:47:22,058 [pool-423-thread-1] INFO  server.RaftServerConfigKeys (ConfUtils.java:logGet(43)) - raft.server.snapshot.retention.file.num = 5 (custom)
2019-10-09 22:47:22,058 [pool-423-thread-1] INFO  server.RaftServerConfigKeys (ConfUtils.java:logGet(43)) - raft.server.retrycache.expirytime = 600000ms (custom)
2019-10-09 22:47:22,060 [pool-423-thread-1] INFO  impl.RaftServerImpl (RaftServerImpl.java:start(181)) - 4dd8b4db-5884-4afe-981d-0e381dbd16da@group-F296CA5B5166: start as a follower, conf=-1: [4dd8b4db-5884-4afe-981d-0e381dbd16da:192.168.164.207:40346], old=null
2019-10-09 22:47:22,060 [pool-423-thread-1] INFO  impl.RaftServerImpl (RaftServerImpl.java:setRole(170)) - 4dd8b4db-5884-4afe-981d-0e381dbd16da@group-F296CA5B5166: changes role from      null to FOLLOWER at term 0 for startAsFollower
2019-10-09 22:47:22,060 [pool-423-thread-1] INFO  impl.RoleInfo (RoleInfo.java:updateAndGet(143)) - 4dd8b4db-5884-4afe-981d-0e381dbd16da: start FollowerState
2019-10-09 22:47:22,061 [pool-423-thread-1] INFO  util.JmxRegister (JmxRegister.java:tryRegister(44)) - Successfully registered JMX Bean with object name Ratis:service=RaftServer,group=group-F296CA5B5166,id=4dd8b4db-5884-4afe-981d-0e381dbd16da
2019-10-09 22:47:22,065 [RatisPipelineUtilsThread] INFO  pipeline.PipelineStateManager (PipelineStateManager.java:addPipeline(57)) - Created pipeline Pipeline[ Id: 8ec0409c-975d-4a59-8125-f296ca5b5166, Nodes: 4dd8b4db-5884-4afe-981d-0e381dbd16da{ip: 192.168.164.207, host: pr-hdds-1868-7c4vz-2804340038, networkLocation: /default-rack, certSerialId: null}, Type:RATIS, Factor:ONE, State:ALLOCATED]
2019-10-09 22:47:22,964 [main] INFO  ozone.MiniOzoneClusterImpl (MiniOzoneClusterImpl.java:lambda$waitForClusterToBeReady$2(164)) - Waiting for 9 number of pipelines out of 9, to report a leader.
2019-10-09 22:47:23,964 [main] INFO  ozone.MiniOzoneClusterImpl (MiniOzoneClusterImpl.java:lambda$waitForClusterToBeReady$2(164)) - Waiting for 9 number of pipelines out of 9, to report a leader.
2019-10-09 22:47:24,965 [main] INFO  ozone.MiniOzoneClusterImpl (MiniOzoneClusterImpl.java:lambda$waitForClusterToBeReady$2(164)) - Waiting for 9 number of pipelines out of 9, to report a leader.
2019-10-09 22:47:25,965 [main] INFO  ozone.MiniOzoneClusterImpl (MiniOzoneClusterImpl.java:lambda$waitForClusterToBeReady$2(164)) - Waiting for 9 number of pipelines out of 9, to report a leader.
2019-10-09 22:47:26,545 [Thread-2560] INFO  impl.FollowerState (FollowerState.java:run(108)) - 8dcd39d9-bb30-415b-8513-406c1d30fe52@group-9BC4BE198F30-FollowerState: change to CANDIDATE, lastRpcTime:5038ms, electionTimeout:5038ms
2019-10-09 22:47:26,545 [Thread-2560] INFO  impl.RoleInfo (RoleInfo.java:shutdownFollowerState(121)) - 8dcd39d9-bb30-415b-8513-406c1d30fe52: shutdown FollowerState
2019-10-09 22:47:26,546 [Thread-2560] INFO  impl.RaftServerImpl (RaftServerImpl.java:setRole(170)) - 8dcd39d9-bb30-415b-8513-406c1d30fe52@group-9BC4BE198F30: changes role from  FOLLOWER to CANDIDATE at term 0 for changeToCandidate
2019-10-09 22:47:26,546 [Thread-2560] INFO  impl.RoleInfo (RoleInfo.java:updateAndGet(143)) - 8dcd39d9-bb30-415b-8513-406c1d30fe52: start LeaderElection
2019-10-09 22:47:26,568 [8dcd39d9-bb30-415b-8513-406c1d30fe52@group-9BC4BE198F30-LeaderElection74] INFO  impl.LeaderElection (LeaderElection.java:askForVotes(178)) - 8dcd39d9-bb30-415b-8513-406c1d30fe52@group-9BC4BE198F30-LeaderElection74: begin an election at term 1 for -1: [8dcd39d9-bb30-415b-8513-406c1d30fe52:192.168.164.207:46061], old=null
2019-10-09 22:47:26,568 [8dcd39d9-bb30-415b-8513-406c1d30fe52@group-9BC4BE198F30-LeaderElection74] INFO  impl.RoleInfo (RoleInfo.java:shutdownLeaderElection(134)) - 8dcd39d9-bb30-415b-8513-406c1d30fe52: shutdown LeaderElection
2019-10-09 22:47:26,568 [8dcd39d9-bb30-415b-8513-406c1d30fe52@group-9BC4BE198F30-LeaderElection74] INFO  impl.RaftServerImpl (RaftServerImpl.java:setRole(170)) - 8dcd39d9-bb30-415b-8513-406c1d30fe52@group-9BC4BE198F30: changes role from CANDIDATE to LEADER at term 1 for changeToLeader
2019-10-09 22:47:26,568 [8dcd39d9-bb30-415b-8513-406c1d30fe52@group-9BC4BE198F30-LeaderElection74] INFO  ratis.XceiverServerRatis (XceiverServerRatis.java:handleLeaderChangedNotification(702)) - Leader change notification received for group: group-9BC4BE198F30 with new leaderId: 8dcd39d9-bb30-415b-8513-406c1d30fe52
2019-10-09 22:47:26,571 [8dcd39d9-bb30-415b-8513-406c1d30fe52@group-9BC4BE198F30-LeaderElection74] INFO  impl.RaftServerImpl (ServerState.java:setLeader(255)) - 8dcd39d9-bb30-415b-8513-406c1d30fe52@group-9BC4BE198F30: change Leader from null to 8dcd39d9-bb30-415b-8513-406c1d30fe52 at term 1 for becomeLeader, leader elected after 5065ms
2019-10-09 22:47:26,572 [8dcd39d9-bb30-415b-8513-406c1d30fe52@group-9BC4BE198F30-LeaderElection74] INFO  server.RaftServerConfigKeys (ConfUtils.java:logGet(43)) - raft.server.staging.catchup.gap = 1000 (default)
2019-10-09 22:47:26,572 [8dcd39d9-bb30-415b-8513-406c1d30fe52@group-9BC4BE198F30-LeaderElection74] INFO  server.RaftServerConfigKeys (ConfUtils.java:logGet(43)) - raft.server.rpc.sleep.time = 25ms (default)
2019-10-09 22:47:26,572 [8dcd39d9-bb30-415b-8513-406c1d30fe52@group-9BC4BE198F30-LeaderElection74] INFO  server.RaftServerConfigKeys (ConfUtils.java:logGet(43)) - raft.server.write.element-limit = 4096 (default)
2019-10-09 22:47:26,572 [8dcd39d9-bb30-415b-8513-406c1d30fe52@group-9BC4BE198F30-LeaderElection74] INFO  server.RaftServerConfigKeys (ConfUtils.java:logGet(43)) - raft.server.watch.timeout = 10s (default)
2019-10-09 22:47:26,572 [EventQueue-PipelineReportForPipelineReportHandler] INFO  pipeline.PipelineReportHandler (PipelineReportHandler.java:processPipelineReport(120)) - Pipeline PipelineID=323043a9-e444-4575-9825-9bc4be198f30 reported by 8dcd39d9-bb30-415b-8513-406c1d30fe52{ip: 192.168.164.207, host: pr-hdds-1868-7c4vz-2804340038, networkLocation: /default-rack, certSerialId: null} with leaderId 8dcd39d9-bb30-415b-8513-406c1d30fe52
2019-10-09 22:47:26,572 [8dcd39d9-bb30-415b-8513-406c1d30fe52@group-9BC4BE198F30-LeaderElection74] INFO  server.RaftServerConfigKeys (ConfUtils.java:logGet(43)) - raft.server.watch.timeout.denomination = 1s (default)
2019-10-09 22:47:26,573 [8dcd39d9-bb30-415b-8513-406c1d30fe52@group-9BC4BE198F30-LeaderElection74] INFO  server.RaftServerConfigKeys (ConfUtils.java:logGet(43)) - raft.server.watch.element-limit = 65536 (default)
2019-10-09 22:47:26,573 [EventQueue-PipelineReportForPipelineReportHandler] INFO  pipeline.PipelineStateManager (PipelineStateManager.java:openPipeline(136)) - Pipeline Pipeline[ Id: 323043a9-e444-4575-9825-9bc4be198f30, Nodes: 8dcd39d9-bb30-415b-8513-406c1d30fe52{ip: 192.168.164.207, host: pr-hdds-1868-7c4vz-2804340038, networkLocation: /default-rack, certSerialId: null}, Type:RATIS, Factor:ONE, State:OPEN] moved to OPEN state
2019-10-09 22:47:26,573 [EventQueue-PipelineReportForPipelineReportHandler] INFO  pipeline.PipelineReportHandler (PipelineReportHandler.java:processPipelineReport(120)) - Pipeline PipelineID=d65d0ce5-e331-4972-a1a3-ee90cbdc8aa9 reported by 8dcd39d9-bb30-415b-8513-406c1d30fe52{ip: 192.168.164.207, host: pr-hdds-1868-7c4vz-2804340038, networkLocation: /default-rack, certSerialId: null} with leaderId 
2019-10-09 22:47:26,575 [8dcd39d9-bb30-415b-8513-406c1d30fe52@group-9BC4BE198F30-LeaderElection74] INFO  impl.RoleInfo (RoleInfo.java:updateAndGet(143)) - 8dcd39d9-bb30-415b-8513-406c1d30fe52: start LeaderState
2019-10-09 22:47:26,575 [8dcd39d9-bb30-415b-8513-406c1d30fe52@group-9BC4BE198F30-LeaderElection74] INFO  segmented.SegmentedRaftLogWorker (SegmentedRaftLogWorker.java:startLogSegment(385)) - 8dcd39d9-bb30-415b-8513-406c1d30fe52@group-9BC4BE198F30-SegmentedRaftLogWorker: Starting segment from index:0
2019-10-09 22:47:26,576 [8dcd39d9-bb30-415b-8513-406c1d30fe52@group-9BC4BE198F30-LeaderElection74] INFO  impl.RaftServerImpl (ServerState.java:setRaftConf(356)) - 8dcd39d9-bb30-415b-8513-406c1d30fe52@group-9BC4BE198F30: set configuration 0: [8dcd39d9-bb30-415b-8513-406c1d30fe52:192.168.164.207:46061], old=null at 0
2019-10-09 22:47:26,610 [8dcd39d9-bb30-415b-8513-406c1d30fe52@group-9BC4BE198F30-SegmentedRaftLogWorker] INFO  segmented.SegmentedRaftLogWorker (SegmentedRaftLogWorker.java:execute(576)) - 8dcd39d9-bb30-415b-8513-406c1d30fe52@group-9BC4BE198F30-SegmentedRaftLogWorker: created new log segment /workdir/hadoop-ozone/integration-test/target/test-dir/MiniOzoneClusterImpl-15c48851-1477-4c83-b9be-6d3ca511f7f9/datanode-1/data/ratis/323043a9-e444-4575-9825-9bc4be198f30/current/log_inprogress_0
2019-10-09 22:47:26,704 [Thread-2571] INFO  impl.FollowerState (FollowerState.java:run(108)) - 0d6c1360-600e-4025-8081-764eff476ffd@group-EE90CBDC8AA9-FollowerState: change to CANDIDATE, lastRpcTime:5092ms, electionTimeout:5092ms
2019-10-09 22:47:26,704 [Thread-2571] INFO  impl.RoleInfo (RoleInfo.java:shutdownFollowerState(121)) - 0d6c1360-600e-4025-8081-764eff476ffd: shutdown FollowerState
2019-10-09 22:47:26,704 [Thread-2571] INFO  impl.RaftServerImpl (RaftServerImpl.java:setRole(170)) - 0d6c1360-600e-4025-8081-764eff476ffd@group-EE90CBDC8AA9: changes role from  FOLLOWER to CANDIDATE at term 0 for changeToCandidate
2019-10-09 22:47:26,705 [Thread-2571] INFO  impl.RoleInfo (RoleInfo.java:updateAndGet(143)) - 0d6c1360-600e-4025-8081-764eff476ffd: start LeaderElection
2019-10-09 22:47:26,733 [Thread-2566] INFO  impl.FollowerState (FollowerState.java:run(108)) - 8dcd39d9-bb30-415b-8513-406c1d30fe52@group-EE90CBDC8AA9-FollowerState: change to CANDIDATE, lastRpcTime:5124ms, electionTimeout:5124ms
2019-10-09 22:47:26,733 [Thread-2566] INFO  impl.RoleInfo (RoleInfo.java:shutdownFollowerState(121)) - 8dcd39d9-bb30-415b-8513-406c1d30fe52: shutdown FollowerState
2019-10-09 22:47:26,733 [Thread-2566] INFO  impl.RaftServerImpl (RaftServerImpl.java:setRole(170)) - 8dcd39d9-bb30-415b-8513-406c1d30fe52@group-EE90CBDC8AA9: changes role from  FOLLOWER to CANDIDATE at term 0 for changeToCandidate
2019-10-09 22:47:26,733 [Thread-2566] INFO  impl.RoleInfo (RoleInfo.java:updateAndGet(143)) - 8dcd39d9-bb30-415b-8513-406c1d30fe52: start LeaderElection
2019-10-09 22:47:26,743 [0d6c1360-600e-4025-8081-764eff476ffd@group-EE90CBDC8AA9-LeaderElection75] INFO  impl.LeaderElection (LeaderElection.java:askForVotes(178)) - 0d6c1360-600e-4025-8081-764eff476ffd@group-EE90CBDC8AA9-LeaderElection75: begin an election at term 1 for -1: [8dcd39d9-bb30-415b-8513-406c1d30fe52:192.168.164.207:46061, 0d6c1360-600e-4025-8081-764eff476ffd:192.168.164.207:45425, 2b32037e-5057-43b0-83a7-854222bbab73:192.168.164.207:46803], old=null
2019-10-09 22:47:26,750 [grpc-default-executor-3] INFO  impl.RaftServerImpl (RaftServerImpl.java:setRole(170)) - 2b32037e-5057-43b0-83a7-854222bbab73@group-EE90CBDC8AA9: changes role from  FOLLOWER to FOLLOWER at term 1 for recognizeCandidate:0d6c1360-600e-4025-8081-764eff476ffd
2019-10-09 22:47:26,750 [grpc-default-executor-3] INFO  impl.RoleInfo (RoleInfo.java:shutdownFollowerState(121)) - 2b32037e-5057-43b0-83a7-854222bbab73: shutdown FollowerState
2019-10-09 22:47:26,750 [grpc-default-executor-3] INFO  impl.RoleInfo (RoleInfo.java:updateAndGet(143)) - 2b32037e-5057-43b0-83a7-854222bbab73: start FollowerState
2019-10-09 22:47:26,750 [Thread-2569] INFO  impl.FollowerState (FollowerState.java:run(117)) - 2b32037e-5057-43b0-83a7-854222bbab73@group-EE90CBDC8AA9-FollowerState was interrupted: java.lang.InterruptedException: sleep interrupted
2019-10-09 22:47:26,757 [8dcd39d9-bb30-415b-8513-406c1d30fe52@group-EE90CBDC8AA9-LeaderElection76] INFO  impl.LeaderElection (LeaderElection.java:askForVotes(178)) - 8dcd39d9-bb30-415b-8513-406c1d30fe52@group-EE90CBDC8AA9-LeaderElection76: begin an election at term 1 for -1: [8dcd39d9-bb30-415b-8513-406c1d30fe52:192.168.164.207:46061, 0d6c1360-600e-4025-8081-764eff476ffd:192.168.164.207:45425, 2b32037e-5057-43b0-83a7-854222bbab73:192.168.164.207:46803], old=null
2019-10-09 22:47:26,758 [0d6c1360-600e-4025-8081-764eff476ffd@group-EE90CBDC8AA9-LeaderElection75] INFO  impl.LeaderElection (LeaderElection.java:logAndReturn(56)) - 0d6c1360-600e-4025-8081-764eff476ffd@group-EE90CBDC8AA9-LeaderElection75: Election PASSED; received 2 response(s) [0d6c1360-600e-4025-8081-764eff476ffd<-8dcd39d9-bb30-415b-8513-406c1d30fe52#0:FAIL-t1, 0d6c1360-600e-4025-8081-764eff476ffd<-2b32037e-5057-43b0-83a7-854222bbab73#0:OK-t1] and 0 exception(s); 0d6c1360-600e-4025-8081-764eff476ffd@group-EE90CBDC8AA9:t1, leader=null, voted=0d6c1360-600e-4025-8081-764eff476ffd, raftlog=0d6c1360-600e-4025-8081-764eff476ffd@group-EE90CBDC8AA9-SegmentedRaftLog:OPENED:c-1,f-1,i0, conf=-1: [8dcd39d9-bb30-415b-8513-406c1d30fe52:192.168.164.207:46061, 0d6c1360-600e-4025-8081-764eff476ffd:192.168.164.207:45425, 2b32037e-5057-43b0-83a7-854222bbab73:192.168.164.207:46803], old=null
2019-10-09 22:47:26,758 [0d6c1360-600e-4025-8081-764eff476ffd@group-EE90CBDC8AA9-LeaderElection75] INFO  impl.RoleInfo (RoleInfo.java:shutdownLeaderElection(134)) - 0d6c1360-600e-4025-8081-764eff476ffd: shutdown LeaderElection
2019-10-09 22:47:26,758 [0d6c1360-600e-4025-8081-764eff476ffd@group-EE90CBDC8AA9-LeaderElection75] INFO  impl.RaftServerImpl (RaftServerImpl.java:setRole(170)) - 0d6c1360-600e-4025-8081-764eff476ffd@group-EE90CBDC8AA9: changes role from CANDIDATE to LEADER at term 1 for changeToLeader
2019-10-09 22:47:26,758 [0d6c1360-600e-4025-8081-764eff476ffd@group-EE90CBDC8AA9-LeaderElection75] INFO  ratis.XceiverServerRatis (XceiverServerRatis.java:handleLeaderChangedNotification(702)) - Leader change notification received for group: group-EE90CBDC8AA9 with new leaderId: 0d6c1360-600e-4025-8081-764eff476ffd
2019-10-09 22:47:26,761 [0d6c1360-600e-4025-8081-764eff476ffd@group-EE90CBDC8AA9-LeaderElection75] INFO  impl.RaftServerImpl (ServerState.java:setLeader(255)) - 0d6c1360-600e-4025-8081-764eff476ffd@group-EE90CBDC8AA9: change Leader from null to 0d6c1360-600e-4025-8081-764eff476ffd at term 1 for becomeLeader, leader elected after 5155ms
2019-10-09 22:47:26,761 [0d6c1360-600e-4025-8081-764eff476ffd@group-EE90CBDC8AA9-LeaderElection75] INFO  server.RaftServerConfigKeys (ConfUtils.java:logGet(43)) - raft.server.staging.catchup.gap = 1000 (default)
2019-10-09 22:47:26,761 [0d6c1360-600e-4025-8081-764eff476ffd@group-EE90CBDC8AA9-LeaderElection75] INFO  server.RaftServerConfigKeys (ConfUtils.java:logGet(43)) - raft.server.rpc.sleep.time = 25ms (default)
2019-10-09 22:47:26,762 [0d6c1360-600e-4025-8081-764eff476ffd@group-EE90CBDC8AA9-LeaderElection75] INFO  server.RaftServerConfigKeys (ConfUtils.java:logGet(43)) - raft.server.write.element-limit = 4096 (default)
2019-10-09 22:47:26,762 [0d6c1360-600e-4025-8081-764eff476ffd@group-EE90CBDC8AA9-LeaderElection75] INFO  server.RaftServerConfigKeys (ConfUtils.java:logGet(43)) - raft.server.watch.timeout = 10s (default)
2019-10-09 22:47:26,762 [0d6c1360-600e-4025-8081-764eff476ffd@group-EE90CBDC8AA9-LeaderElection75] INFO  server.RaftServerConfigKeys (ConfUtils.java:logGet(43)) - raft.server.watch.timeout.denomination = 1s (default)
2019-10-09 22:47:26,762 [0d6c1360-600e-4025-8081-764eff476ffd@group-EE90CBDC8AA9-LeaderElection75] INFO  server.RaftServerConfigKeys (ConfUtils.java:logGet(43)) - raft.server.watch.element-limit = 65536 (default)
2019-10-09 22:47:26,762 [EventQueue-PipelineReportForPipelineReportHandler] INFO  pipeline.PipelineReportHandler (PipelineReportHandler.java:processPipelineReport(120)) - Pipeline PipelineID=a1b72299-ad4f-4b03-a3f5-1f871900cf63 reported by 0d6c1360-600e-4025-8081-764eff476ffd{ip: 192.168.164.207, host: pr-hdds-1868-7c4vz-2804340038, networkLocation: /default-rack, certSerialId: null} with leaderId 
2019-10-09 22:47:26,762 [EventQueue-PipelineReportForPipelineReportHandler] INFO  pipeline.PipelineStateManager (PipelineStateManager.java:openPipeline(136)) - Pipeline Pipeline[ Id: a1b72299-ad4f-4b03-a3f5-1f871900cf63, Nodes: 0d6c1360-600e-4025-8081-764eff476ffd{ip: 192.168.164.207, host: pr-hdds-1868-7c4vz-2804340038, networkLocation: /default-rack, certSerialId: null}, Type:RATIS, Factor:ONE, State:OPEN] moved to OPEN state
2019-10-09 22:47:26,763 [EventQueue-PipelineReportForPipelineReportHandler] INFO  pipeline.PipelineReportHandler (PipelineReportHandler.java:processPipelineReport(120)) - Pipeline PipelineID=d65d0ce5-e331-4972-a1a3-ee90cbdc8aa9 reported by 0d6c1360-600e-4025-8081-764eff476ffd{ip: 192.168.164.207, host: pr-hdds-1868-7c4vz-2804340038, networkLocation: /default-rack, certSerialId: null} with leaderId 0d6c1360-600e-4025-8081-764eff476ffd
2019-10-09 22:47:26,767 [0d6c1360-600e-4025-8081-764eff476ffd@group-EE90CBDC8AA9-LeaderElection75] INFO  server.RaftServerConfigKeys (ConfUtils.java:logGet(43)) - raft.server.log.appender.snapshot.chunk.size.max = 16MB (=16777216) (default)
2019-10-09 22:47:26,767 [0d6c1360-600e-4025-8081-764eff476ffd@group-EE90CBDC8AA9-LeaderElection75] INFO  server.RaftServerConfigKeys (ConfUtils.java:logGet(43)) - raft.server.log.appender.buffer.byte-limit = 33554432 (custom)
2019-10-09 22:47:26,767 [0d6c1360-600e-4025-8081-764eff476ffd@group-EE90CBDC8AA9-LeaderElection75] INFO  server.RaftServerConfigKeys (ConfUtils.java:logGet(43)) - raft.server.log.appender.buffer.element-limit = 1 (custom)
2019-10-09 22:47:26,767 [0d6c1360-600e-4025-8081-764eff476ffd@group-EE90CBDC8AA9-LeaderElection75] INFO  grpc.GrpcConfigKeys$Server (ConfUtils.java:logGet(43)) - raft.grpc.server.leader.outstanding.appends.max = 128 (default)
2019-10-09 22:47:26,768 [0d6c1360-600e-4025-8081-764eff476ffd@group-EE90CBDC8AA9-LeaderElection75] INFO  server.RaftServerConfigKeys (ConfUtils.java:logGet(43)) - raft.server.rpc.request.timeout = 3000ms (default)
2019-10-09 22:47:26,768 [0d6c1360-600e-4025-8081-764eff476ffd@group-EE90CBDC8AA9-LeaderElection75] INFO  server.RaftServerConfigKeys (ConfUtils.java:logGet(43)) - raft.server.log.appender.install.snapshot.enabled = false (custom)
2019-10-09 22:47:26,768 [0d6c1360-600e-4025-8081-764eff476ffd@group-EE90CBDC8AA9-LeaderElection75] INFO  server.RaftServerConfigKeys (ConfUtils.java:logGet(43)) - raft.server.log.appender.snapshot.chunk.size.max = 16MB (=16777216) (default)
2019-10-09 22:47:26,768 [0d6c1360-600e-4025-8081-764eff476ffd@group-EE90CBDC8AA9-LeaderElection75] INFO  server.RaftServerConfigKeys (ConfUtils.java:logGet(43)) - raft.server.log.appender.buffer.byte-limit = 33554432 (custom)
2019-10-09 22:47:26,768 [0d6c1360-600e-4025-8081-764eff476ffd@group-EE90CBDC8AA9-LeaderElection75] INFO  server.RaftServerConfigKeys (ConfUtils.java:logGet(43)) - raft.server.log.appender.buffer.element-limit = 1 (custom)
2019-10-09 22:47:26,768 [0d6c1360-600e-4025-8081-764eff476ffd@group-EE90CBDC8AA9-LeaderElection75] INFO  grpc.GrpcConfigKeys$Server (ConfUtils.java:logGet(43)) - raft.grpc.server.leader.outstanding.appends.max = 128 (default)
2019-10-09 22:47:26,768 [0d6c1360-600e-4025-8081-764eff476ffd@group-EE90CBDC8AA9-LeaderElection75] INFO  server.RaftServerConfigKeys (ConfUtils.java:logGet(43)) - raft.server.rpc.request.timeout = 3000ms (default)
2019-10-09 22:47:26,768 [0d6c1360-600e-4025-8081-764eff476ffd@group-EE90CBDC8AA9-LeaderElection75] INFO  server.RaftServerConfigKeys (ConfUtils.java:logGet(43)) - raft.server.log.appender.install.snapshot.enabled = false (custom)
2019-10-09 22:47:26,769 [0d6c1360-600e-4025-8081-764eff476ffd@group-EE90CBDC8AA9-LeaderElection75] INFO  impl.RoleInfo (RoleInfo.java:updateAndGet(143)) - 0d6c1360-600e-4025-8081-764eff476ffd: start LeaderState
2019-10-09 22:47:26,769 [0d6c1360-600e-4025-8081-764eff476ffd@group-EE90CBDC8AA9-LeaderElection75] INFO  segmented.SegmentedRaftLogWorker (SegmentedRaftLogWorker.java:startLogSegment(385)) - 0d6c1360-600e-4025-8081-764eff476ffd@group-EE90CBDC8AA9-SegmentedRaftLogWorker: Starting segment from index:0
2019-10-09 22:47:26,769 [0d6c1360-600e-4025-8081-764eff476ffd@group-EE90CBDC8AA9-LeaderElection75] INFO  impl.RaftServerImpl (ServerState.java:setRaftConf(356)) - 0d6c1360-600e-4025-8081-764eff476ffd@group-EE90CBDC8AA9: set configuration 0: [8dcd39d9-bb30-415b-8513-406c1d30fe52:192.168.164.207:46061, 0d6c1360-600e-4025-8081-764eff476ffd:192.168.164.207:45425, 2b32037e-5057-43b0-83a7-854222bbab73:192.168.164.207:46803], old=null at 0
2019-10-09 22:47:26,770 [grpc-default-executor-3] INFO  impl.RaftServerImpl (RaftServerImpl.java:requestVote(762)) - 0d6c1360-600e-4025-8081-764eff476ffd@group-EE90CBDC8AA9-   LEADER: Withhold vote from candidate 8dcd39d9-bb30-415b-8513-406c1d30fe52 with term 1. State: leader=0d6c1360-600e-4025-8081-764eff476ffd, term=1, lastRpcElapsed=null
2019-10-09 22:47:26,806 [8dcd39d9-bb30-415b-8513-406c1d30fe52@group-EE90CBDC8AA9-LeaderElection76] INFO  impl.LeaderElection (LeaderElection.java:logAndReturn(56)) - 8dcd39d9-bb30-415b-8513-406c1d30fe52@group-EE90CBDC8AA9-LeaderElection76: Election REJECTED; received 2 response(s) [8dcd39d9-bb30-415b-8513-406c1d30fe52<-0d6c1360-600e-4025-8081-764eff476ffd#0:FAIL-t1, 8dcd39d9-bb30-415b-8513-406c1d30fe52<-2b32037e-5057-43b0-83a7-854222bbab73#0:FAIL-t1] and 0 exception(s); 8dcd39d9-bb30-415b-8513-406c1d30fe52@group-EE90CBDC8AA9:t1, leader=null, voted=8dcd39d9-bb30-415b-8513-406c1d30fe52, raftlog=8dcd39d9-bb30-415b-8513-406c1d30fe52@group-EE90CBDC8AA9-SegmentedRaftLog:OPENED:c-1,f-1,i0, conf=-1: [8dcd39d9-bb30-415b-8513-406c1d30fe52:192.168.164.207:46061, 0d6c1360-600e-4025-8081-764eff476ffd:192.168.164.207:45425, 2b32037e-5057-43b0-83a7-854222bbab73:192.168.164.207:46803], old=null
2019-10-09 22:47:26,806 [grpc-default-executor-3] INFO  ratis.XceiverServerRatis (XceiverServerRatis.java:handleLeaderChangedNotification(702)) - Leader change notification received for group: group-EE90CBDC8AA9 with new leaderId: 0d6c1360-600e-4025-8081-764eff476ffd
2019-10-09 22:47:26,806 [8dcd39d9-bb30-415b-8513-406c1d30fe52@group-EE90CBDC8AA9-LeaderElection76] INFO  impl.RaftServerImpl (RaftServerImpl.java:setRole(170)) - 8dcd39d9-bb30-415b-8513-406c1d30fe52@group-EE90CBDC8AA9: changes role from CANDIDATE to FOLLOWER at term 1 for DISCOVERED_A_NEW_TERM
2019-10-09 22:47:26,807 [8dcd39d9-bb30-415b-8513-406c1d30fe52@group-EE90CBDC8AA9-LeaderElection76] INFO  impl.RoleInfo (RoleInfo.java:shutdownLeaderElection(134)) - 8dcd39d9-bb30-415b-8513-406c1d30fe52: shutdown LeaderElection
2019-10-09 22:47:26,809 [grpc-default-executor-3] INFO  impl.RaftServerImpl (ServerState.java:setLeader(255)) - 2b32037e-5057-43b0-83a7-854222bbab73@group-EE90CBDC8AA9: change Leader from null to 0d6c1360-600e-4025-8081-764eff476ffd at term 1 for appendEntries, leader elected after 5204ms
2019-10-09 22:47:26,809 [8dcd39d9-bb30-415b-8513-406c1d30fe52@group-EE90CBDC8AA9-LeaderElection76] INFO  impl.RoleInfo (RoleInfo.java:updateAndGet(143)) - 8dcd39d9-bb30-415b-8513-406c1d30fe52: start FollowerState
2019-10-09 22:47:26,809 [grpc-default-executor-4] INFO  ratis.XceiverServerRatis (XceiverServerRatis.java:handleLeaderChangedNotification(702)) - Leader change notification received for group: group-EE90CBDC8AA9 with new leaderId: 0d6c1360-600e-4025-8081-764eff476ffd
2019-10-09 22:47:26,809 [grpc-default-executor-4] INFO  impl.RaftServerImpl (ServerState.java:setLeader(255)) - 8dcd39d9-bb30-415b-8513-406c1d30fe52@group-EE90CBDC8AA9: change Leader from null to 0d6c1360-600e-4025-8081-764eff476ffd at term 1 for appendEntries, leader elected after 5207ms
2019-10-09 22:47:26,809 [EventQueue-PipelineReportForPipelineReportHandler] INFO  pipeline.PipelineReportHandler (PipelineReportHandler.java:processPipelineReport(120)) - Pipeline PipelineID=2f198e7c-e7e8-4599-b439-704429a17d11 reported by 2b32037e-5057-43b0-83a7-854222bbab73{ip: 192.168.164.207, host: pr-hdds-1868-7c4vz-2804340038, networkLocation: /default-rack, certSerialId: null} with leaderId 
2019-10-09 22:47:26,810 [EventQueue-PipelineReportForPipelineReportHandler] INFO  pipeline.PipelineStateManager (PipelineStateManager.java:openPipeline(136)) - Pipeline Pipeline[ Id: 2f198e7c-e7e8-4599-b439-704429a17d11, Nodes: 2b32037e-5057-43b0-83a7-854222bbab73{ip: 192.168.164.207, host: pr-hdds-1868-7c4vz-2804340038, networkLocation: /default-rack, certSerialId: null}, Type:RATIS, Factor:ONE, State:OPEN] moved to OPEN state
2019-10-09 22:47:26,810 [EventQueue-PipelineReportForPipelineReportHandler] INFO  pipeline.PipelineReportHandler (PipelineReportHandler.java:processPipelineReport(120)) - Pipeline PipelineID=d65d0ce5-e331-4972-a1a3-ee90cbdc8aa9 reported by 2b32037e-5057-43b0-83a7-854222bbab73{ip: 192.168.164.207, host: pr-hdds-1868-7c4vz-2804340038, networkLocation: /default-rack, certSerialId: null} with leaderId 0d6c1360-600e-4025-8081-764eff476ffd
2019-10-09 22:47:26,810 [EventQueue-PipelineReportForPipelineReportHandler] INFO  pipeline.PipelineReportHandler (PipelineReportHandler.java:processPipelineReport(120)) - Pipeline PipelineID=d65d0ce5-e331-4972-a1a3-ee90cbdc8aa9 reported by 8dcd39d9-bb30-415b-8513-406c1d30fe52{ip: 192.168.164.207, host: pr-hdds-1868-7c4vz-2804340038, networkLocation: /default-rack, certSerialId: null} with leaderId 0d6c1360-600e-4025-8081-764eff476ffd
2019-10-09 22:47:26,811 [EventQueue-PipelineReportForPipelineReportHandler] INFO  pipeline.PipelineStateManager (PipelineStateManager.java:openPipeline(136)) - Pipeline Pipeline[ Id: d65d0ce5-e331-4972-a1a3-ee90cbdc8aa9, Nodes: 0d6c1360-600e-4025-8081-764eff476ffd{ip: 192.168.164.207, host: pr-hdds-1868-7c4vz-2804340038, networkLocation: /default-rack, certSerialId: null}8dcd39d9-bb30-415b-8513-406c1d30fe52{ip: 192.168.164.207, host: pr-hdds-1868-7c4vz-2804340038, networkLocation: /default-rack, certSerialId: null}2b32037e-5057-43b0-83a7-854222bbab73{ip: 192.168.164.207, host: pr-hdds-1868-7c4vz-2804340038, networkLocation: /default-rack, certSerialId: null}, Type:RATIS, Factor:THREE, State:OPEN] moved to OPEN state
2019-10-09 22:47:26,811 [grpc-default-executor-4] INFO  impl.RaftServerImpl (ServerState.java:setRaftConf(356)) - 2b32037e-5057-43b0-83a7-854222bbab73@group-EE90CBDC8AA9: set configuration 0: [8dcd39d9-bb30-415b-8513-406c1d30fe52:192.168.164.207:46061, 0d6c1360-600e-4025-8081-764eff476ffd:192.168.164.207:45425, 2b32037e-5057-43b0-83a7-854222bbab73:192.168.164.207:46803], old=null at 0
2019-10-09 22:47:26,811 [grpc-default-executor-3] INFO  impl.RaftServerImpl (ServerState.java:setRaftConf(356)) - 8dcd39d9-bb30-415b-8513-406c1d30fe52@group-EE90CBDC8AA9: set configuration 0: [8dcd39d9-bb30-415b-8513-406c1d30fe52:192.168.164.207:46061, 0d6c1360-600e-4025-8081-764eff476ffd:192.168.164.207:45425, 2b32037e-5057-43b0-83a7-854222bbab73:192.168.164.207:46803], old=null at 0
2019-10-09 22:47:26,811 [grpc-default-executor-4] INFO  segmented.SegmentedRaftLogWorker (SegmentedRaftLogWorker.java:startLogSegment(385)) - 2b32037e-5057-43b0-83a7-854222bbab73@group-EE90CBDC8AA9-SegmentedRaftLogWorker: Starting segment from index:0
2019-10-09 22:47:26,811 [grpc-default-executor-3] INFO  segmented.SegmentedRaftLogWorker (SegmentedRaftLogWorker.java:startLogSegment(385)) - 8dcd39d9-bb30-415b-8513-406c1d30fe52@group-EE90CBDC8AA9-SegmentedRaftLogWorker: Starting segment from index:0
2019-10-09 22:47:26,815 [0d6c1360-600e-4025-8081-764eff476ffd@group-EE90CBDC8AA9-SegmentedRaftLogWorker] INFO  segmented.SegmentedRaftLogWorker (SegmentedRaftLogWorker.java:execute(576)) - 0d6c1360-600e-4025-8081-764eff476ffd@group-EE90CBDC8AA9-SegmentedRaftLogWorker: created new log segment /workdir/hadoop-ozone/integration-test/target/test-dir/MiniOzoneClusterImpl-15c48851-1477-4c83-b9be-6d3ca511f7f9/datanode-0/data/ratis/d65d0ce5-e331-4972-a1a3-ee90cbdc8aa9/current/log_inprogress_0
2019-10-09 22:47:26,845 [Thread-2580] INFO  impl.FollowerState (FollowerState.java:run(108)) - 08f99e19-a48a-4e34-b396-b5d0bb9c673f@group-D06F4D4C0107-FollowerState: change to CANDIDATE, lastRpcTime:5121ms, electionTimeout:5121ms
2019-10-09 22:47:26,845 [Thread-2580] INFO  impl.RoleInfo (RoleInfo.java:shutdownFollowerState(121)) - 08f99e19-a48a-4e34-b396-b5d0bb9c673f: shutdown FollowerState
2019-10-09 22:47:26,846 [Thread-2580] INFO  impl.RaftServerImpl (RaftServerImpl.java:setRole(170)) - 08f99e19-a48a-4e34-b396-b5d0bb9c673f@group-D06F4D4C0107: changes role from  FOLLOWER to CANDIDATE at term 0 for changeToCandidate
2019-10-09 22:47:26,846 [Thread-2580] INFO  impl.RoleInfo (RoleInfo.java:updateAndGet(143)) - 08f99e19-a48a-4e34-b396-b5d0bb9c673f: start LeaderElection
2019-10-09 22:47:26,849 [2b32037e-5057-43b0-83a7-854222bbab73@group-EE90CBDC8AA9-SegmentedRaftLogWorker] INFO  segmented.SegmentedRaftLogWorker (SegmentedRaftLogWorker.java:execute(576)) - 2b32037e-5057-43b0-83a7-854222bbab73@group-EE90CBDC8AA9-SegmentedRaftLogWorker: created new log segment /workdir/hadoop-ozone/integration-test/target/test-dir/MiniOzoneClusterImpl-15c48851-1477-4c83-b9be-6d3ca511f7f9/datanode-2/data/ratis/d65d0ce5-e331-4972-a1a3-ee90cbdc8aa9/current/log_inprogress_0
2019-10-09 22:47:26,849 [8dcd39d9-bb30-415b-8513-406c1d30fe52@group-EE90CBDC8AA9-SegmentedRaftLogWorker] INFO  segmented.SegmentedRaftLogWorker (SegmentedRaftLogWorker.java:execute(576)) - 8dcd39d9-bb30-415b-8513-406c1d30fe52@group-EE90CBDC8AA9-SegmentedRaftLogWorker: created new log segment /workdir/hadoop-ozone/integration-test/target/test-dir/MiniOzoneClusterImpl-15c48851-1477-4c83-b9be-6d3ca511f7f9/datanode-1/data/ratis/d65d0ce5-e331-4972-a1a3-ee90cbdc8aa9/current/log_inprogress_0
2019-10-09 22:47:26,853 [Thread-2577] INFO  impl.FollowerState (FollowerState.java:run(108)) - 74a2e125-3a23-4be7-af2d-aa86912c3992@group-E3183BC18981-FollowerState: change to CANDIDATE, lastRpcTime:5169ms, electionTimeout:5168ms
2019-10-09 22:47:26,854 [Thread-2577] INFO  impl.RoleInfo (RoleInfo.java:shutdownFollowerState(121)) - 74a2e125-3a23-4be7-af2d-aa86912c3992: shutdown FollowerState
2019-10-09 22:47:26,854 [Thread-2577] INFO  impl.RaftServerImpl (RaftServerImpl.java:setRole(170)) - 74a2e125-3a23-4be7-af2d-aa86912c3992@group-E3183BC18981: changes role from  FOLLOWER to CANDIDATE at term 0 for changeToCandidate
2019-10-09 22:47:26,854 [Thread-2577] INFO  impl.RoleInfo (RoleInfo.java:updateAndGet(143)) - 74a2e125-3a23-4be7-af2d-aa86912c3992: start LeaderElection
2019-10-09 22:47:26,867 [74a2e125-3a23-4be7-af2d-aa86912c3992@group-E3183BC18981-LeaderElection78] INFO  impl.LeaderElection (LeaderElection.java:askForVotes(178)) - 74a2e125-3a23-4be7-af2d-aa86912c3992@group-E3183BC18981-LeaderElection78: begin an election at term 1 for -1: [74a2e125-3a23-4be7-af2d-aa86912c3992:192.168.164.207:34683], old=null
2019-10-09 22:47:26,868 [74a2e125-3a23-4be7-af2d-aa86912c3992@group-E3183BC18981-LeaderElection78] INFO  impl.RoleInfo (RoleInfo.java:shutdownLeaderElection(134)) - 74a2e125-3a23-4be7-af2d-aa86912c3992: shutdown LeaderElection
2019-10-09 22:47:26,867 [08f99e19-a48a-4e34-b396-b5d0bb9c673f@group-D06F4D4C0107-LeaderElection77] INFO  impl.LeaderElection (LeaderElection.java:askForVotes(178)) - 08f99e19-a48a-4e34-b396-b5d0bb9c673f@group-D06F4D4C0107-LeaderElection77: begin an election at term 1 for -1: [08f99e19-a48a-4e34-b396-b5d0bb9c673f:192.168.164.207:41324], old=null
2019-10-09 22:47:26,868 [08f99e19-a48a-4e34-b396-b5d0bb9c673f@group-D06F4D4C0107-LeaderElection77] INFO  impl.RoleInfo (RoleInfo.java:shutdownLeaderElection(134)) - 08f99e19-a48a-4e34-b396-b5d0bb9c673f: shutdown LeaderElection
2019-10-09 22:47:26,868 [08f99e19-a48a-4e34-b396-b5d0bb9c673f@group-D06F4D4C0107-LeaderElection77] INFO  impl.RaftServerImpl (RaftServerImpl.java:setRole(170)) - 08f99e19-a48a-4e34-b396-b5d0bb9c673f@group-D06F4D4C0107: changes role from CANDIDATE to LEADER at term 1 for changeToLeader
2019-10-09 22:47:26,868 [08f99e19-a48a-4e34-b396-b5d0bb9c673f@group-D06F4D4C0107-LeaderElection77] INFO  ratis.XceiverServerRatis (XceiverServerRatis.java:handleLeaderChangedNotification(702)) - Leader change notification received for group: group-D06F4D4C0107 with new leaderId: 08f99e19-a48a-4e34-b396-b5d0bb9c673f
2019-10-09 22:47:26,868 [74a2e125-3a23-4be7-af2d-aa86912c3992@group-E3183BC18981-LeaderElection78] INFO  impl.RaftServerImpl (RaftServerImpl.java:setRole(170)) - 74a2e125-3a23-4be7-af2d-aa86912c3992@group-E3183BC18981: changes role from CANDIDATE to LEADER at term 1 for changeToLeader
2019-10-09 22:47:26,871 [08f99e19-a48a-4e34-b396-b5d0bb9c673f@group-D06F4D4C0107-LeaderElection77] INFO  impl.RaftServerImpl (ServerState.java:setLeader(255)) - 08f99e19-a48a-4e34-b396-b5d0bb9c673f@group-D06F4D4C0107: change Leader from null to 08f99e19-a48a-4e34-b396-b5d0bb9c673f at term 1 for becomeLeader, leader elected after 5149ms
2019-10-09 22:47:26,871 [Thread-2591] INFO  impl.FollowerState (FollowerState.java:run(108)) - 4dd8b4db-5884-4afe-981d-0e381dbd16da@group-FC814F7C7543-FollowerState: change to CANDIDATE, lastRpcTime:5026ms, electionTimeout:5025ms
2019-10-09 22:47:26,871 [Thread-2591] INFO  impl.RoleInfo (RoleInfo.java:shutdownFollowerState(121)) - 4dd8b4db-5884-4afe-981d-0e381dbd16da: shutdown FollowerState
2019-10-09 22:47:26,871 [08f99e19-a48a-4e34-b396-b5d0bb9c673f@group-D06F4D4C0107-LeaderElection77] INFO  server.RaftServerConfigKeys (ConfUtils.java:logGet(43)) - raft.server.staging.catchup.gap = 1000 (default)
2019-10-09 22:47:26,871 [74a2e125-3a23-4be7-af2d-aa86912c3992@group-E3183BC18981-LeaderElection78] INFO  ratis.XceiverServerRatis (XceiverServerRatis.java:handleLeaderChangedNotification(702)) - Leader change notification received for group: group-E3183BC18981 with new leaderId: 74a2e125-3a23-4be7-af2d-aa86912c3992
2019-10-09 22:47:26,872 [EventQueue-PipelineReportForPipelineReportHandler] INFO  pipeline.PipelineReportHandler (PipelineReportHandler.java:processPipelineReport(120)) - Pipeline PipelineID=5b4a5ef2-cd6a-459e-9b51-fc814f7c7543 reported by 08f99e19-a48a-4e34-b396-b5d0bb9c673f{ip: 192.168.164.207, host: pr-hdds-1868-7c4vz-2804340038, networkLocation: /default-rack, certSerialId: null} with leaderId 
2019-10-09 22:47:26,872 [08f99e19-a48a-4e34-b396-b5d0bb9c673f@group-D06F4D4C0107-LeaderElection77] INFO  server.RaftServerConfigKeys (ConfUtils.java:logGet(43)) - raft.server.rpc.sleep.time = 25ms (default)
2019-10-09 22:47:26,871 [Thread-2591] INFO  impl.RaftServerImpl (RaftServerImpl.java:setRole(170)) - 4dd8b4db-5884-4afe-981d-0e381dbd16da@group-FC814F7C7543: changes role from  FOLLOWER to CANDIDATE at term 0 for changeToCandidate
2019-10-09 22:47:26,874 [08f99e19-a48a-4e34-b396-b5d0bb9c673f@group-D06F4D4C0107-LeaderElection77] INFO  server.RaftServerConfigKeys (ConfUtils.java:logGet(43)) - raft.server.write.element-limit = 4096 (default)
2019-10-09 22:47:26,874 [EventQueue-PipelineReportForPipelineReportHandler] INFO  pipeline.PipelineReportHandler (PipelineReportHandler.java:processPipelineReport(120)) - Pipeline PipelineID=3895d59f-d74b-435f-b2fc-d06f4d4c0107 reported by 08f99e19-a48a-4e34-b396-b5d0bb9c673f{ip: 192.168.164.207, host: pr-hdds-1868-7c4vz-2804340038, networkLocation: /default-rack, certSerialId: null} with leaderId 08f99e19-a48a-4e34-b396-b5d0bb9c673f
2019-10-09 22:47:26,874 [74a2e125-3a23-4be7-af2d-aa86912c3992@group-E3183BC18981-LeaderElection78] INFO  impl.RaftServerImpl (ServerState.java:setLeader(255)) - 74a2e125-3a23-4be7-af2d-aa86912c3992@group-E3183BC18981: change Leader from null to 74a2e125-3a23-4be7-af2d-aa86912c3992 at term 1 for becomeLeader, leader elected after 5191ms
2019-10-09 22:47:26,874 [08f99e19-a48a-4e34-b396-b5d0bb9c673f@group-D06F4D4C0107-LeaderElection77] INFO  server.RaftServerConfigKeys (ConfUtils.java:logGet(43)) - raft.server.watch.timeout = 10s (default)
2019-10-09 22:47:26,874 [Thread-2591] INFO  impl.RoleInfo (RoleInfo.java:updateAndGet(143)) - 4dd8b4db-5884-4afe-981d-0e381dbd16da: start LeaderElection
2019-10-09 22:47:26,875 [08f99e19-a48a-4e34-b396-b5d0bb9c673f@group-D06F4D4C0107-LeaderElection77] INFO  server.RaftServerConfigKeys (ConfUtils.java:logGet(43)) - raft.server.watch.timeout.denomination = 1s (default)
2019-10-09 22:47:26,875 [74a2e125-3a23-4be7-af2d-aa86912c3992@group-E3183BC18981-LeaderElection78] INFO  server.RaftServerConfigKeys (ConfUtils.java:logGet(43)) - raft.server.staging.catchup.gap = 1000 (default)
2019-10-09 22:47:26,875 [EventQueue-PipelineReportForPipelineReportHandler] INFO  pipeline.PipelineStateManager (PipelineStateManager.java:openPipeline(136)) - Pipeline Pipeline[ Id: 3895d59f-d74b-435f-b2fc-d06f4d4c0107, Nodes: 08f99e19-a48a-4e34-b396-b5d0bb9c673f{ip: 192.168.164.207, host: pr-hdds-1868-7c4vz-2804340038, networkLocation: /default-rack, certSerialId: null}, Type:RATIS, Factor:ONE, State:OPEN] moved to OPEN state
2019-10-09 22:47:26,890 [74a2e125-3a23-4be7-af2d-aa86912c3992@group-E3183BC18981-LeaderElection78] INFO  server.RaftServerConfigKeys (ConfUtils.java:logGet(43)) - raft.server.rpc.sleep.time = 25ms (default)
2019-10-09 22:47:26,875 [08f99e19-a48a-4e34-b396-b5d0bb9c673f@group-D06F4D4C0107-LeaderElection77] INFO  server.RaftServerConfigKeys (ConfUtils.java:logGet(43)) - raft.server.watch.element-limit = 65536 (default)
2019-10-09 22:47:26,901 [EventQueue-PipelineReportForPipelineReportHandler] INFO  pipeline.PipelineReportHandler (PipelineReportHandler.java:processPipelineReport(120)) - Pipeline PipelineID=5b4a5ef2-cd6a-459e-9b51-fc814f7c7543 reported by 74a2e125-3a23-4be7-af2d-aa86912c3992{ip: 192.168.164.207, host: pr-hdds-1868-7c4vz-2804340038, networkLocation: /default-rack, certSerialId: null} with leaderId 
2019-10-09 22:47:26,901 [74a2e125-3a23-4be7-af2d-aa86912c3992@group-E3183BC18981-LeaderElection78] INFO  server.RaftServerConfigKeys (ConfUtils.java:logGet(43)) - raft.server.write.element-limit = 4096 (default)
2019-10-09 22:47:26,901 [EventQueue-PipelineReportForPipelineReportHandler] INFO  pipeline.PipelineReportHandler (PipelineReportHandler.java:processPipelineReport(120)) - Pipeline PipelineID=fd9f4dff-d966-40b9-b5f1-e3183bc18981 reported by 74a2e125-3a23-4be7-af2d-aa86912c3992{ip: 192.168.164.207, host: pr-hdds-1868-7c4vz-2804340038, networkLocation: /default-rack, certSerialId: null} with leaderId 74a2e125-3a23-4be7-af2d-aa86912c3992
2019-10-09 22:47:26,901 [74a2e125-3a23-4be7-af2d-aa86912c3992@group-E3183BC18981-LeaderElection78] INFO  server.RaftServerConfigKeys (ConfUtils.java:logGet(43)) - raft.server.watch.timeout = 10s (default)
2019-10-09 22:47:26,901 [EventQueue-PipelineReportForPipelineReportHandler] INFO  pipeline.PipelineStateManager (PipelineStateManager.java:openPipeline(136)) - Pipeline Pipeline[ Id: fd9f4dff-d966-40b9-b5f1-e3183bc18981, Nodes: 74a2e125-3a23-4be7-af2d-aa86912c3992{ip: 192.168.164.207, host: pr-hdds-1868-7c4vz-2804340038, networkLocation: /default-rack, certSerialId: null}, Type:RATIS, Factor:ONE, State:OPEN] moved to OPEN state
2019-10-09 22:47:26,901 [74a2e125-3a23-4be7-af2d-aa86912c3992@group-E3183BC18981-LeaderElection78] INFO  server.RaftServerConfigKeys (ConfUtils.java:logGet(43)) - raft.server.watch.timeout.denomination = 1s (default)
2019-10-09 22:47:26,902 [74a2e125-3a23-4be7-af2d-aa86912c3992@group-E3183BC18981-LeaderElection78] INFO  server.RaftServerConfigKeys (ConfUtils.java:logGet(43)) - raft.server.watch.element-limit = 65536 (default)
2019-10-09 22:47:26,904 [08f99e19-a48a-4e34-b396-b5d0bb9c673f@group-D06F4D4C0107-LeaderElection77] INFO  impl.RoleInfo (RoleInfo.java:updateAndGet(143)) - 08f99e19-a48a-4e34-b396-b5d0bb9c673f: start LeaderState
2019-10-09 22:47:26,904 [74a2e125-3a23-4be7-af2d-aa86912c3992@group-E3183BC18981-LeaderElection78] INFO  impl.RoleInfo (RoleInfo.java:updateAndGet(143)) - 74a2e125-3a23-4be7-af2d-aa86912c3992: start LeaderState
2019-10-09 22:47:26,904 [08f99e19-a48a-4e34-b396-b5d0bb9c673f@group-D06F4D4C0107-LeaderElection77] INFO  segmented.SegmentedRaftLogWorker (SegmentedRaftLogWorker.java:startLogSegment(385)) - 08f99e19-a48a-4e34-b396-b5d0bb9c673f@group-D06F4D4C0107-SegmentedRaftLogWorker: Starting segment from index:0
2019-10-09 22:47:26,904 [74a2e125-3a23-4be7-af2d-aa86912c3992@group-E3183BC18981-LeaderElection78] INFO  segmented.SegmentedRaftLogWorker (SegmentedRaftLogWorker.java:startLogSegment(385)) - 74a2e125-3a23-4be7-af2d-aa86912c3992@group-E3183BC18981-SegmentedRaftLogWorker: Starting segment from index:0
2019-10-09 22:47:26,904 [08f99e19-a48a-4e34-b396-b5d0bb9c673f@group-D06F4D4C0107-LeaderElection77] INFO  impl.RaftServerImpl (ServerState.java:setRaftConf(356)) - 08f99e19-a48a-4e34-b396-b5d0bb9c673f@group-D06F4D4C0107: set configuration 0: [08f99e19-a48a-4e34-b396-b5d0bb9c673f:192.168.164.207:41324], old=null at 0
2019-10-09 22:47:26,905 [74a2e125-3a23-4be7-af2d-aa86912c3992@group-E3183BC18981-LeaderElection78] INFO  impl.RaftServerImpl (ServerState.java:setRaftConf(356)) - 74a2e125-3a23-4be7-af2d-aa86912c3992@group-E3183BC18981: set configuration 0: [74a2e125-3a23-4be7-af2d-aa86912c3992:192.168.164.207:34683], old=null at 0
2019-10-09 22:47:26,914 [4dd8b4db-5884-4afe-981d-0e381dbd16da@group-FC814F7C7543-LeaderElection79] INFO  impl.LeaderElection (LeaderElection.java:askForVotes(178)) - 4dd8b4db-5884-4afe-981d-0e381dbd16da@group-FC814F7C7543-LeaderElection79: begin an election at term 1 for -1: [08f99e19-a48a-4e34-b396-b5d0bb9c673f:192.168.164.207:41324, 4dd8b4db-5884-4afe-981d-0e381dbd16da:192.168.164.207:40346, 74a2e125-3a23-4be7-af2d-aa86912c3992:192.168.164.207:34683], old=null
2019-10-09 22:47:26,914 [Thread-2596] INFO  impl.FollowerState (FollowerState.java:run(108)) - cf6d329e-2567-41f2-b7ff-874aad889516@group-CCF6FB9CD3AF-FollowerState: change to CANDIDATE, lastRpcTime:5018ms, electionTimeout:5018ms
2019-10-09 22:47:26,914 [Thread-2596] INFO  impl.RoleInfo (RoleInfo.java:shutdownFollowerState(121)) - cf6d329e-2567-41f2-b7ff-874aad889516: shutdown FollowerState
2019-10-09 22:47:26,914 [Thread-2596] INFO  impl.RaftServerImpl (RaftServerImpl.java:setRole(170)) - cf6d329e-2567-41f2-b7ff-874aad889516@group-CCF6FB9CD3AF: changes role from  FOLLOWER to CANDIDATE at term 0 for changeToCandidate
2019-10-09 22:47:26,914 [Thread-2596] INFO  impl.RoleInfo (RoleInfo.java:updateAndGet(143)) - cf6d329e-2567-41f2-b7ff-874aad889516: start LeaderElection
2019-10-09 22:47:26,936 [grpc-default-executor-3] INFO  impl.RaftServerImpl (RaftServerImpl.java:setRole(170)) - 08f99e19-a48a-4e34-b396-b5d0bb9c673f@group-FC814F7C7543: changes role from  FOLLOWER to FOLLOWER at term 1 for recognizeCandidate:4dd8b4db-5884-4afe-981d-0e381dbd16da
2019-10-09 22:47:26,936 [grpc-default-executor-4] INFO  impl.RaftServerImpl (RaftServerImpl.java:setRole(170)) - 74a2e125-3a23-4be7-af2d-aa86912c3992@group-FC814F7C7543: changes role from  FOLLOWER to FOLLOWER at term 1 for recognizeCandidate:4dd8b4db-5884-4afe-981d-0e381dbd16da
2019-10-09 22:47:26,936 [grpc-default-executor-3] INFO  impl.RoleInfo (RoleInfo.java:shutdownFollowerState(121)) - 08f99e19-a48a-4e34-b396-b5d0bb9c673f: shutdown FollowerState
2019-10-09 22:47:26,937 [grpc-default-executor-4] INFO  impl.RoleInfo (RoleInfo.java:shutdownFollowerState(121)) - 74a2e125-3a23-4be7-af2d-aa86912c3992: shutdown FollowerState
2019-10-09 22:47:26,937 [grpc-default-executor-3] INFO  impl.RoleInfo (RoleInfo.java:updateAndGet(143)) - 08f99e19-a48a-4e34-b396-b5d0bb9c673f: start FollowerState
2019-10-09 22:47:26,937 [Thread-2590] INFO  impl.FollowerState (FollowerState.java:run(117)) - 74a2e125-3a23-4be7-af2d-aa86912c3992@group-FC814F7C7543-FollowerState was interrupted: java.lang.InterruptedException: sleep interrupted
2019-10-09 22:47:26,937 [grpc-default-executor-4] INFO  impl.RoleInfo (RoleInfo.java:updateAndGet(143)) - 74a2e125-3a23-4be7-af2d-aa86912c3992: start FollowerState
2019-10-09 22:47:26,937 [Thread-2589] INFO  impl.FollowerState (FollowerState.java:run(117)) - 08f99e19-a48a-4e34-b396-b5d0bb9c673f@group-FC814F7C7543-FollowerState was interrupted: java.lang.InterruptedException: sleep interrupted
2019-10-09 22:47:26,947 [74a2e125-3a23-4be7-af2d-aa86912c3992@group-E3183BC18981-SegmentedRaftLogWorker] INFO  segmented.SegmentedRaftLogWorker (SegmentedRaftLogWorker.java:execute(576)) - 74a2e125-3a23-4be7-af2d-aa86912c3992@group-E3183BC18981-SegmentedRaftLogWorker: created new log segment /workdir/hadoop-ozone/integration-test/target/test-dir/MiniOzoneClusterImpl-15c48851-1477-4c83-b9be-6d3ca511f7f9/datanode-3/data/ratis/fd9f4dff-d966-40b9-b5f1-e3183bc18981/current/log_inprogress_0
2019-10-09 22:47:26,947 [cf6d329e-2567-41f2-b7ff-874aad889516@group-CCF6FB9CD3AF-LeaderElection80] INFO  impl.LeaderElection (LeaderElection.java:askForVotes(178)) - cf6d329e-2567-41f2-b7ff-874aad889516@group-CCF6FB9CD3AF-LeaderElection80: begin an election at term 1 for -1: [cf6d329e-2567-41f2-b7ff-874aad889516:192.168.164.207:46390], old=null
2019-10-09 22:47:26,947 [08f99e19-a48a-4e34-b396-b5d0bb9c673f@group-D06F4D4C0107-SegmentedRaftLogWorker] INFO  segmented.SegmentedRaftLogWorker (SegmentedRaftLogWorker.java:execute(576)) - 08f99e19-a48a-4e34-b396-b5d0bb9c673f@group-D06F4D4C0107-SegmentedRaftLogWorker: created new log segment /workdir/hadoop-ozone/integration-test/target/test-dir/MiniOzoneClusterImpl-15c48851-1477-4c83-b9be-6d3ca511f7f9/datanode-6/data/ratis/3895d59f-d74b-435f-b2fc-d06f4d4c0107/current/log_inprogress_0
2019-10-09 22:47:26,947 [cf6d329e-2567-41f2-b7ff-874aad889516@group-CCF6FB9CD3AF-LeaderElection80] INFO  impl.RoleInfo (RoleInfo.java:shutdownLeaderElection(134)) - cf6d329e-2567-41f2-b7ff-874aad889516: shutdown LeaderElection
2019-10-09 22:47:26,948 [cf6d329e-2567-41f2-b7ff-874aad889516@group-CCF6FB9CD3AF-LeaderElection80] INFO  impl.RaftServerImpl (RaftServerImpl.java:setRole(170)) - cf6d329e-2567-41f2-b7ff-874aad889516@group-CCF6FB9CD3AF: changes role from CANDIDATE to LEADER at term 1 for changeToLeader
2019-10-09 22:47:26,948 [cf6d329e-2567-41f2-b7ff-874aad889516@group-CCF6FB9CD3AF-LeaderElection80] INFO  ratis.XceiverServerRatis (XceiverServerRatis.java:handleLeaderChangedNotification(702)) - Leader change notification received for group: group-CCF6FB9CD3AF with new leaderId: cf6d329e-2567-41f2-b7ff-874aad889516
2019-10-09 22:47:26,948 [4dd8b4db-5884-4afe-981d-0e381dbd16da@group-FC814F7C7543-LeaderElection79] INFO  impl.LeaderElection (LeaderElection.java:logAndReturn(56)) - 4dd8b4db-5884-4afe-981d-0e381dbd16da@group-FC814F7C7543-LeaderElection79: Election PASSED; received 1 response(s) [4dd8b4db-5884-4afe-981d-0e381dbd16da<-74a2e125-3a23-4be7-af2d-aa86912c3992#0:OK-t1] and 0 exception(s); 4dd8b4db-5884-4afe-981d-0e381dbd16da@group-FC814F7C7543:t1, leader=null, voted=4dd8b4db-5884-4afe-981d-0e381dbd16da, raftlog=4dd8b4db-5884-4afe-981d-0e381dbd16da@group-FC814F7C7543-SegmentedRaftLog:OPENED:c-1,f-1,i0, conf=-1: [08f99e19-a48a-4e34-b396-b5d0bb9c673f:192.168.164.207:41324, 4dd8b4db-5884-4afe-981d-0e381dbd16da:192.168.164.207:40346, 74a2e125-3a23-4be7-af2d-aa86912c3992:192.168.164.207:34683], old=null
2019-10-09 22:47:26,950 [cf6d329e-2567-41f2-b7ff-874aad889516@group-CCF6FB9CD3AF-LeaderElection80] INFO  impl.RaftServerImpl (ServerState.java:setLeader(255)) - cf6d329e-2567-41f2-b7ff-874aad889516@group-CCF6FB9CD3AF: change Leader from null to cf6d329e-2567-41f2-b7ff-874aad889516 at term 1 for becomeLeader, leader elected after 5057ms
2019-10-09 22:47:26,951 [cf6d329e-2567-41f2-b7ff-874aad889516@group-CCF6FB9CD3AF-LeaderElection80] INFO  server.RaftServerConfigKeys (ConfUtils.java:logGet(43)) - raft.server.staging.catchup.gap = 1000 (default)
2019-10-09 22:47:26,951 [4dd8b4db-5884-4afe-981d-0e381dbd16da@group-FC814F7C7543-LeaderElection79] INFO  impl.RoleInfo (RoleInfo.java:shutdownLeaderElection(134)) - 4dd8b4db-5884-4afe-981d-0e381dbd16da: shutdown LeaderElection
2019-10-09 22:47:26,951 [cf6d329e-2567-41f2-b7ff-874aad889516@group-CCF6FB9CD3AF-LeaderElection80] INFO  server.RaftServerConfigKeys (ConfUtils.java:logGet(43)) - raft.server.rpc.sleep.time = 25ms (default)
2019-10-09 22:47:26,951 [4dd8b4db-5884-4afe-981d-0e381dbd16da@group-FC814F7C7543-LeaderElection79] INFO  impl.RaftServerImpl (RaftServerImpl.java:setRole(170)) - 4dd8b4db-5884-4afe-981d-0e381dbd16da@group-FC814F7C7543: changes role from CANDIDATE to LEADER at term 1 for changeToLeader
2019-10-09 22:47:26,951 [cf6d329e-2567-41f2-b7ff-874aad889516@group-CCF6FB9CD3AF-LeaderElection80] INFO  server.RaftServerConfigKeys (ConfUtils.java:logGet(43)) - raft.server.write.element-limit = 4096 (default)
2019-10-09 22:47:26,951 [4dd8b4db-5884-4afe-981d-0e381dbd16da@group-FC814F7C7543-LeaderElection79] INFO  ratis.XceiverServerRatis (XceiverServerRatis.java:handleLeaderChangedNotification(702)) - Leader change notification received for group: group-FC814F7C7543 with new leaderId: 4dd8b4db-5884-4afe-981d-0e381dbd16da
2019-10-09 22:47:26,951 [EventQueue-PipelineReportForPipelineReportHandler] INFO  pipeline.PipelineReportHandler (PipelineReportHandler.java:processPipelineReport(120)) - Pipeline PipelineID=79a1e26d-154f-4d36-af65-ccf6fb9cd3af reported by cf6d329e-2567-41f2-b7ff-874aad889516{ip: 192.168.164.207, host: pr-hdds-1868-7c4vz-2804340038, networkLocation: /default-rack, certSerialId: null} with leaderId cf6d329e-2567-41f2-b7ff-874aad889516
2019-10-09 22:47:26,953 [4dd8b4db-5884-4afe-981d-0e381dbd16da@group-FC814F7C7543-LeaderElection79] INFO  impl.RaftServerImpl (ServerState.java:setLeader(255)) - 4dd8b4db-5884-4afe-981d-0e381dbd16da@group-FC814F7C7543: change Leader from null to 4dd8b4db-5884-4afe-981d-0e381dbd16da at term 1 for becomeLeader, leader elected after 5127ms
2019-10-09 22:47:26,951 [cf6d329e-2567-41f2-b7ff-874aad889516@group-CCF6FB9CD3AF-LeaderElection80] INFO  server.RaftServerConfigKeys (ConfUtils.java:logGet(43)) - raft.server.watch.timeout = 10s (default)
2019-10-09 22:47:26,953 [EventQueue-PipelineReportForPipelineReportHandler] INFO  pipeline.PipelineStateManager (PipelineStateManager.java:openPipeline(136)) - Pipeline Pipeline[ Id: 79a1e26d-154f-4d36-af65-ccf6fb9cd3af, Nodes: cf6d329e-2567-41f2-b7ff-874aad889516{ip: 192.168.164.207, host: pr-hdds-1868-7c4vz-2804340038, networkLocation: /default-rack, certSerialId: null}, Type:RATIS, Factor:ONE, State:OPEN] moved to OPEN state
2019-10-09 22:47:26,953 [4dd8b4db-5884-4afe-981d-0e381dbd16da@group-FC814F7C7543-LeaderElection79] INFO  server.RaftServerConfigKeys (ConfUtils.java:logGet(43)) - raft.server.staging.catchup.gap = 1000 (default)
2019-10-09 22:47:26,954 [EventQueue-PipelineReportForPipelineReportHandler] INFO  pipeline.PipelineReportHandler (PipelineReportHandler.java:processPipelineReport(120)) - Pipeline PipelineID=5b4a5ef2-cd6a-459e-9b51-fc814f7c7543 reported by 4dd8b4db-5884-4afe-981d-0e381dbd16da{ip: 192.168.164.207, host: pr-hdds-1868-7c4vz-2804340038, networkLocation: /default-rack, certSerialId: null} with leaderId 4dd8b4db-5884-4afe-981d-0e381dbd16da
2019-10-09 22:47:26,954 [cf6d329e-2567-41f2-b7ff-874aad889516@group-CCF6FB9CD3AF-LeaderElection80] INFO  server.RaftServerConfigKeys (ConfUtils.java:logGet(43)) - raft.server.watch.timeout.denomination = 1s (default)
2019-10-09 22:47:26,954 [EventQueue-PipelineReportForPipelineReportHandler] INFO  pipeline.PipelineReportHandler (PipelineReportHandler.java:processPipelineReport(120)) - Pipeline PipelineID=8ec0409c-975d-4a59-8125-f296ca5b5166 reported by 4dd8b4db-5884-4afe-981d-0e381dbd16da{ip: 192.168.164.207, host: pr-hdds-1868-7c4vz-2804340038, networkLocation: /default-rack, certSerialId: null} with leaderId 
2019-10-09 22:47:26,954 [4dd8b4db-5884-4afe-981d-0e381dbd16da@group-FC814F7C7543-LeaderElection79] INFO  server.RaftServerConfigKeys (ConfUtils.java:logGet(43)) - raft.server.rpc.sleep.time = 25ms (default)
2019-10-09 22:47:26,954 [EventQueue-PipelineReportForPipelineReportHandler] INFO  pipeline.PipelineStateManager (PipelineStateManager.java:openPipeline(136)) - Pipeline Pipeline[ Id: 8ec0409c-975d-4a59-8125-f296ca5b5166, Nodes: 4dd8b4db-5884-4afe-981d-0e381dbd16da{ip: 192.168.164.207, host: pr-hdds-1868-7c4vz-2804340038, networkLocation: /default-rack, certSerialId: null}, Type:RATIS, Factor:ONE, State:OPEN] moved to OPEN state
2019-10-09 22:47:26,954 [cf6d329e-2567-41f2-b7ff-874aad889516@group-CCF6FB9CD3AF-LeaderElection80] INFO  server.RaftServerConfigKeys (ConfUtils.java:logGet(43)) - raft.server.watch.element-limit = 65536 (default)
2019-10-09 22:47:26,954 [4dd8b4db-5884-4afe-981d-0e381dbd16da@group-FC814F7C7543-LeaderElection79] INFO  server.RaftServerConfigKeys (ConfUtils.java:logGet(43)) - raft.server.write.element-limit = 4096 (default)
2019-10-09 22:47:26,954 [4dd8b4db-5884-4afe-981d-0e381dbd16da@group-FC814F7C7543-LeaderElection79] INFO  server.RaftServerConfigKeys (ConfUtils.java:logGet(43)) - raft.server.watch.timeout = 10s (default)
2019-10-09 22:47:26,954 [4dd8b4db-5884-4afe-981d-0e381dbd16da@group-FC814F7C7543-LeaderElection79] INFO  server.RaftServerConfigKeys (ConfUtils.java:logGet(43)) - raft.server.watch.timeout.denomination = 1s (default)
2019-10-09 22:47:26,955 [4dd8b4db-5884-4afe-981d-0e381dbd16da@group-FC814F7C7543-LeaderElection79] INFO  server.RaftServerConfigKeys (ConfUtils.java:logGet(43)) - raft.server.watch.element-limit = 65536 (default)
2019-10-09 22:47:26,956 [cf6d329e-2567-41f2-b7ff-874aad889516@group-CCF6FB9CD3AF-LeaderElection80] INFO  impl.RoleInfo (RoleInfo.java:updateAndGet(143)) - cf6d329e-2567-41f2-b7ff-874aad889516: start LeaderState
2019-10-09 22:47:26,956 [cf6d329e-2567-41f2-b7ff-874aad889516@group-CCF6FB9CD3AF-LeaderElection80] INFO  segmented.SegmentedRaftLogWorker (SegmentedRaftLogWorker.java:startLogSegment(385)) - cf6d329e-2567-41f2-b7ff-874aad889516@group-CCF6FB9CD3AF-SegmentedRaftLogWorker: Starting segment from index:0
2019-10-09 22:47:26,956 [4dd8b4db-5884-4afe-981d-0e381dbd16da@group-FC814F7C7543-LeaderElection79] INFO  server.RaftServerConfigKeys (ConfUtils.java:logGet(43)) - raft.server.log.appender.snapshot.chunk.size.max = 16MB (=16777216) (default)
2019-10-09 22:47:26,956 [4dd8b4db-5884-4afe-981d-0e381dbd16da@group-FC814F7C7543-LeaderElection79] INFO  server.RaftServerConfigKeys (ConfUtils.java:logGet(43)) - raft.server.log.appender.buffer.byte-limit = 33554432 (custom)
2019-10-09 22:47:26,956 [cf6d329e-2567-41f2-b7ff-874aad889516@group-CCF6FB9CD3AF-LeaderElection80] INFO  impl.RaftServerImpl (ServerState.java:setRaftConf(356)) - cf6d329e-2567-41f2-b7ff-874aad889516@group-CCF6FB9CD3AF: set configuration 0: [cf6d329e-2567-41f2-b7ff-874aad889516:192.168.164.207:46390], old=null at 0
2019-10-09 22:47:26,956 [4dd8b4db-5884-4afe-981d-0e381dbd16da@group-FC814F7C7543-LeaderElection79] INFO  server.RaftServerConfigKeys (ConfUtils.java:logGet(43)) - raft.server.log.appender.buffer.element-limit = 1 (custom)
2019-10-09 22:47:26,981 [main] INFO  ozone.MiniOzoneClusterImpl (MiniOzoneClusterImpl.java:lambda$waitForClusterToBeReady$2(164)) - Waiting for 1 number of pipelines out of 9, to report a leader.
2019-10-09 22:47:26,981 [4dd8b4db-5884-4afe-981d-0e381dbd16da@group-FC814F7C7543-LeaderElection79] INFO  grpc.GrpcConfigKeys$Server (ConfUtils.java:logGet(43)) - raft.grpc.server.leader.outstanding.appends.max = 128 (default)
2019-10-09 22:47:26,981 [4dd8b4db-5884-4afe-981d-0e381dbd16da@group-FC814F7C7543-LeaderElection79] INFO  server.RaftServerConfigKeys (ConfUtils.java:logGet(43)) - raft.server.rpc.request.timeout = 3000ms (default)
2019-10-09 22:47:26,981 [4dd8b4db-5884-4afe-981d-0e381dbd16da@group-FC814F7C7543-LeaderElection79] INFO  server.RaftServerConfigKeys (ConfUtils.java:logGet(43)) - raft.server.log.appender.install.snapshot.enabled = false (custom)
2019-10-09 22:47:26,982 [4dd8b4db-5884-4afe-981d-0e381dbd16da@group-FC814F7C7543-LeaderElection79] INFO  server.RaftServerConfigKeys (ConfUtils.java:logGet(43)) - raft.server.log.appender.snapshot.chunk.size.max = 16MB (=16777216) (default)
2019-10-09 22:47:26,982 [4dd8b4db-5884-4afe-981d-0e381dbd16da@group-FC814F7C7543-LeaderElection79] INFO  server.RaftServerConfigKeys (ConfUtils.java:logGet(43)) - raft.server.log.appender.buffer.byte-limit = 33554432 (custom)
2019-10-09 22:47:26,982 [4dd8b4db-5884-4afe-981d-0e381dbd16da@group-FC814F7C7543-LeaderElection79] INFO  server.RaftServerConfigKeys (ConfUtils.java:logGet(43)) - raft.server.log.appender.buffer.element-limit = 1 (custom)
2019-10-09 22:47:26,982 [4dd8b4db-5884-4afe-981d-0e381dbd16da@group-FC814F7C7543-LeaderElection79] INFO  grpc.GrpcConfigKeys$Server (ConfUtils.java:logGet(43)) - raft.grpc.server.leader.outstanding.appends.max = 128 (default)
2019-10-09 22:47:26,982 [4dd8b4db-5884-4afe-981d-0e381dbd16da@group-FC814F7C7543-LeaderElection79] INFO  server.RaftServerConfigKeys (ConfUtils.java:logGet(43)) - raft.server.rpc.request.timeout = 3000ms (default)
2019-10-09 22:47:26,982 [4dd8b4db-5884-4afe-981d-0e381dbd16da@group-FC814F7C7543-LeaderElection79] INFO  server.RaftServerConfigKeys (ConfUtils.java:logGet(43)) - raft.server.log.appender.install.snapshot.enabled = false (custom)
2019-10-09 22:47:26,982 [4dd8b4db-5884-4afe-981d-0e381dbd16da@group-FC814F7C7543-LeaderElection79] INFO  impl.RoleInfo (RoleInfo.java:updateAndGet(143)) - 4dd8b4db-5884-4afe-981d-0e381dbd16da: start LeaderState
2019-10-09 22:47:26,982 [4dd8b4db-5884-4afe-981d-0e381dbd16da@group-FC814F7C7543-LeaderElection79] INFO  segmented.SegmentedRaftLogWorker (SegmentedRaftLogWorker.java:startLogSegment(385)) - 4dd8b4db-5884-4afe-981d-0e381dbd16da@group-FC814F7C7543-SegmentedRaftLogWorker: Starting segment from index:0
2019-10-09 22:47:26,983 [4dd8b4db-5884-4afe-981d-0e381dbd16da@group-FC814F7C7543-LeaderElection79] INFO  impl.RaftServerImpl (ServerState.java:setRaftConf(356)) - 4dd8b4db-5884-4afe-981d-0e381dbd16da@group-FC814F7C7543: set configuration 0: [08f99e19-a48a-4e34-b396-b5d0bb9c673f:192.168.164.207:41324, 4dd8b4db-5884-4afe-981d-0e381dbd16da:192.168.164.207:40346, 74a2e125-3a23-4be7-af2d-aa86912c3992:192.168.164.207:34683], old=null at 0
2019-10-09 22:47:27,005 [cf6d329e-2567-41f2-b7ff-874aad889516@group-CCF6FB9CD3AF-SegmentedRaftLogWorker] INFO  segmented.SegmentedRaftLogWorker (SegmentedRaftLogWorker.java:execute(576)) - cf6d329e-2567-41f2-b7ff-874aad889516@group-CCF6FB9CD3AF-SegmentedRaftLogWorker: created new log segment /workdir/hadoop-ozone/integration-test/target/test-dir/MiniOzoneClusterImpl-15c48851-1477-4c83-b9be-6d3ca511f7f9/datanode-5/data/ratis/79a1e26d-154f-4d36-af65-ccf6fb9cd3af/current/log_inprogress_0
2019-10-09 22:47:27,006 [grpc-default-executor-3] INFO  ratis.XceiverServerRatis (XceiverServerRatis.java:handleLeaderChangedNotification(702)) - Leader change notification received for group: group-FC814F7C7543 with new leaderId: 4dd8b4db-5884-4afe-981d-0e381dbd16da
2019-10-09 22:47:27,007 [grpc-default-executor-3] INFO  impl.RaftServerImpl (ServerState.java:setLeader(255)) - 08f99e19-a48a-4e34-b396-b5d0bb9c673f@group-FC814F7C7543: change Leader from null to 4dd8b4db-5884-4afe-981d-0e381dbd16da at term 1 for appendEntries, leader elected after 5183ms
2019-10-09 22:47:27,010 [grpc-default-executor-3] INFO  ratis.XceiverServerRatis (XceiverServerRatis.java:handleLeaderChangedNotification(702)) - Leader change notification received for group: group-FC814F7C7543 with new leaderId: 4dd8b4db-5884-4afe-981d-0e381dbd16da
2019-10-09 22:47:27,010 [EventQueue-PipelineReportForPipelineReportHandler] INFO  pipeline.PipelineReportHandler (PipelineReportHandler.java:processPipelineReport(120)) - Pipeline PipelineID=5b4a5ef2-cd6a-459e-9b51-fc814f7c7543 reported by 08f99e19-a48a-4e34-b396-b5d0bb9c673f{ip: 192.168.164.207, host: pr-hdds-1868-7c4vz-2804340038, networkLocation: /default-rack, certSerialId: null} with leaderId 4dd8b4db-5884-4afe-981d-0e381dbd16da
2019-10-09 22:47:27,010 [grpc-default-executor-3] INFO  impl.RaftServerImpl (ServerState.java:setLeader(255)) - 74a2e125-3a23-4be7-af2d-aa86912c3992@group-FC814F7C7543: change Leader from null to 4dd8b4db-5884-4afe-981d-0e381dbd16da at term 1 for appendEntries, leader elected after 5186ms
2019-10-09 22:47:27,013 [grpc-default-executor-4] INFO  impl.RaftServerImpl (ServerState.java:setRaftConf(356)) - 08f99e19-a48a-4e34-b396-b5d0bb9c673f@group-FC814F7C7543: set configuration 0: [08f99e19-a48a-4e34-b396-b5d0bb9c673f:192.168.164.207:41324, 4dd8b4db-5884-4afe-981d-0e381dbd16da:192.168.164.207:40346, 74a2e125-3a23-4be7-af2d-aa86912c3992:192.168.164.207:34683], old=null at 0
2019-10-09 22:47:27,013 [4dd8b4db-5884-4afe-981d-0e381dbd16da@group-FC814F7C7543-SegmentedRaftLogWorker] INFO  segmented.SegmentedRaftLogWorker (SegmentedRaftLogWorker.java:execute(576)) - 4dd8b4db-5884-4afe-981d-0e381dbd16da@group-FC814F7C7543-SegmentedRaftLogWorker: created new log segment /workdir/hadoop-ozone/integration-test/target/test-dir/MiniOzoneClusterImpl-15c48851-1477-4c83-b9be-6d3ca511f7f9/datanode-4/data/ratis/5b4a5ef2-cd6a-459e-9b51-fc814f7c7543/current/log_inprogress_0
2019-10-09 22:47:27,013 [grpc-default-executor-4] INFO  segmented.SegmentedRaftLogWorker (SegmentedRaftLogWorker.java:startLogSegment(385)) - 08f99e19-a48a-4e34-b396-b5d0bb9c673f@group-FC814F7C7543-SegmentedRaftLogWorker: Starting segment from index:0
2019-10-09 22:47:27,013 [EventQueue-PipelineReportForPipelineReportHandler] INFO  pipeline.PipelineReportHandler (PipelineReportHandler.java:processPipelineReport(120)) - Pipeline PipelineID=5b4a5ef2-cd6a-459e-9b51-fc814f7c7543 reported by 74a2e125-3a23-4be7-af2d-aa86912c3992{ip: 192.168.164.207, host: pr-hdds-1868-7c4vz-2804340038, networkLocation: /default-rack, certSerialId: null} with leaderId 4dd8b4db-5884-4afe-981d-0e381dbd16da
2019-10-09 22:47:27,014 [EventQueue-PipelineReportForPipelineReportHandler] INFO  pipeline.PipelineStateManager (PipelineStateManager.java:openPipeline(136)) - Pipeline Pipeline[ Id: 5b4a5ef2-cd6a-459e-9b51-fc814f7c7543, Nodes: 74a2e125-3a23-4be7-af2d-aa86912c3992{ip: 192.168.164.207, host: pr-hdds-1868-7c4vz-2804340038, networkLocation: /default-rack, certSerialId: null}4dd8b4db-5884-4afe-981d-0e381dbd16da{ip: 192.168.164.207, host: pr-hdds-1868-7c4vz-2804340038, networkLocation: /default-rack, certSerialId: null}08f99e19-a48a-4e34-b396-b5d0bb9c673f{ip: 192.168.164.207, host: pr-hdds-1868-7c4vz-2804340038, networkLocation: /default-rack, certSerialId: null}, Type:RATIS, Factor:THREE, State:OPEN] moved to OPEN state
2019-10-09 22:47:27,014 [grpc-default-executor-4] INFO  impl.RaftServerImpl (ServerState.java:setRaftConf(356)) - 74a2e125-3a23-4be7-af2d-aa86912c3992@group-FC814F7C7543: set configuration 0: [08f99e19-a48a-4e34-b396-b5d0bb9c673f:192.168.164.207:41324, 4dd8b4db-5884-4afe-981d-0e381dbd16da:192.168.164.207:40346, 74a2e125-3a23-4be7-af2d-aa86912c3992:192.168.164.207:34683], old=null at 0
2019-10-09 22:47:27,014 [grpc-default-executor-4] INFO  segmented.SegmentedRaftLogWorker (SegmentedRaftLogWorker.java:startLogSegment(385)) - 74a2e125-3a23-4be7-af2d-aa86912c3992@group-FC814F7C7543-SegmentedRaftLogWorker: Starting segment from index:0
2019-10-09 22:47:27,054 [74a2e125-3a23-4be7-af2d-aa86912c3992@group-FC814F7C7543-SegmentedRaftLogWorker] INFO  segmented.SegmentedRaftLogWorker (SegmentedRaftLogWorker.java:execute(576)) - 74a2e125-3a23-4be7-af2d-aa86912c3992@group-FC814F7C7543-SegmentedRaftLogWorker: created new log segment /workdir/hadoop-ozone/integration-test/target/test-dir/MiniOzoneClusterImpl-15c48851-1477-4c83-b9be-6d3ca511f7f9/datanode-3/data/ratis/5b4a5ef2-cd6a-459e-9b51-fc814f7c7543/current/log_inprogress_0
2019-10-09 22:47:27,054 [08f99e19-a48a-4e34-b396-b5d0bb9c673f@group-FC814F7C7543-SegmentedRaftLogWorker] INFO  segmented.SegmentedRaftLogWorker (SegmentedRaftLogWorker.java:execute(576)) - 08f99e19-a48a-4e34-b396-b5d0bb9c673f@group-FC814F7C7543-SegmentedRaftLogWorker: created new log segment /workdir/hadoop-ozone/integration-test/target/test-dir/MiniOzoneClusterImpl-15c48851-1477-4c83-b9be-6d3ca511f7f9/datanode-6/data/ratis/5b4a5ef2-cd6a-459e-9b51-fc814f7c7543/current/log_inprogress_0
2019-10-09 22:47:27,077 [Thread-2604] INFO  impl.FollowerState (FollowerState.java:run(108)) - 2b32037e-5057-43b0-83a7-854222bbab73@group-704429A17D11-FollowerState: change to CANDIDATE, lastRpcTime:5077ms, electionTimeout:5077ms
2019-10-09 22:47:27,077 [Thread-2604] INFO  impl.RoleInfo (RoleInfo.java:shutdownFollowerState(121)) - 2b32037e-5057-43b0-83a7-854222bbab73: shutdown FollowerState
2019-10-09 22:47:27,077 [Thread-2604] INFO  impl.RaftServerImpl (RaftServerImpl.java:setRole(170)) - 2b32037e-5057-43b0-83a7-854222bbab73@group-704429A17D11: changes role from  FOLLOWER to CANDIDATE at term 0 for changeToCandidate
2019-10-09 22:47:27,078 [Thread-2604] INFO  impl.RoleInfo (RoleInfo.java:updateAndGet(143)) - 2b32037e-5057-43b0-83a7-854222bbab73: start LeaderElection
2019-10-09 22:47:27,094 [2b32037e-5057-43b0-83a7-854222bbab73@group-704429A17D11-LeaderElection81] INFO  impl.LeaderElection (LeaderElection.java:askForVotes(178)) - 2b32037e-5057-43b0-83a7-854222bbab73@group-704429A17D11-LeaderElection81: begin an election at term 1 for -1: [2b32037e-5057-43b0-83a7-854222bbab73:192.168.164.207:46803], old=null
2019-10-09 22:47:27,094 [2b32037e-5057-43b0-83a7-854222bbab73@group-704429A17D11-LeaderElection81] INFO  impl.RoleInfo (RoleInfo.java:shutdownLeaderElection(134)) - 2b32037e-5057-43b0-83a7-854222bbab73: shutdown LeaderElection
2019-10-09 22:47:27,094 [2b32037e-5057-43b0-83a7-854222bbab73@group-704429A17D11-LeaderElection81] INFO  impl.RaftServerImpl (RaftServerImpl.java:setRole(170)) - 2b32037e-5057-43b0-83a7-854222bbab73@group-704429A17D11: changes role from CANDIDATE to LEADER at term 1 for changeToLeader
2019-10-09 22:47:27,094 [2b32037e-5057-43b0-83a7-854222bbab73@group-704429A17D11-LeaderElection81] INFO  ratis.XceiverServerRatis (XceiverServerRatis.java:handleLeaderChangedNotification(702)) - Leader change notification received for group: group-704429A17D11 with new leaderId: 2b32037e-5057-43b0-83a7-854222bbab73
2019-10-09 22:47:27,095 [2b32037e-5057-43b0-83a7-854222bbab73@group-704429A17D11-LeaderElection81] INFO  impl.RaftServerImpl (ServerState.java:setLeader(255)) - 2b32037e-5057-43b0-83a7-854222bbab73@group-704429A17D11: change Leader from null to 2b32037e-5057-43b0-83a7-854222bbab73 at term 1 for becomeLeader, leader elected after 5098ms
2019-10-09 22:47:27,095 [2b32037e-5057-43b0-83a7-854222bbab73@group-704429A17D11-LeaderElection81] INFO  server.RaftServerConfigKeys (ConfUtils.java:logGet(43)) - raft.server.staging.catchup.gap = 1000 (default)
2019-10-09 22:47:27,095 [2b32037e-5057-43b0-83a7-854222bbab73@group-704429A17D11-LeaderElection81] INFO  server.RaftServerConfigKeys (ConfUtils.java:logGet(43)) - raft.server.rpc.sleep.time = 25ms (default)
2019-10-09 22:47:27,095 [2b32037e-5057-43b0-83a7-854222bbab73@group-704429A17D11-LeaderElection81] INFO  server.RaftServerConfigKeys (ConfUtils.java:logGet(43)) - raft.server.write.element-limit = 4096 (default)
2019-10-09 22:47:27,095 [2b32037e-5057-43b0-83a7-854222bbab73@group-704429A17D11-LeaderElection81] INFO  server.RaftServerConfigKeys (ConfUtils.java:logGet(43)) - raft.server.watch.timeout = 10s (default)
2019-10-09 22:47:27,095 [2b32037e-5057-43b0-83a7-854222bbab73@group-704429A17D11-LeaderElection81] INFO  server.RaftServerConfigKeys (ConfUtils.java:logGet(43)) - raft.server.watch.timeout.denomination = 1s (default)
2019-10-09 22:47:27,095 [2b32037e-5057-43b0-83a7-854222bbab73@group-704429A17D11-LeaderElection81] INFO  server.RaftServerConfigKeys (ConfUtils.java:logGet(43)) - raft.server.watch.element-limit = 65536 (default)
2019-10-09 22:47:27,097 [2b32037e-5057-43b0-83a7-854222bbab73@group-704429A17D11-LeaderElection81] INFO  impl.RoleInfo (RoleInfo.java:updateAndGet(143)) - 2b32037e-5057-43b0-83a7-854222bbab73: start LeaderState
2019-10-09 22:47:27,097 [2b32037e-5057-43b0-83a7-854222bbab73@group-704429A17D11-LeaderElection81] INFO  segmented.SegmentedRaftLogWorker (SegmentedRaftLogWorker.java:startLogSegment(385)) - 2b32037e-5057-43b0-83a7-854222bbab73@group-704429A17D11-SegmentedRaftLogWorker: Starting segment from index:0
2019-10-09 22:47:27,097 [2b32037e-5057-43b0-83a7-854222bbab73@group-704429A17D11-LeaderElection81] INFO  impl.RaftServerImpl (ServerState.java:setRaftConf(356)) - 2b32037e-5057-43b0-83a7-854222bbab73@group-704429A17D11: set configuration 0: [2b32037e-5057-43b0-83a7-854222bbab73:192.168.164.207:46803], old=null at 0
2019-10-09 22:47:27,133 [2b32037e-5057-43b0-83a7-854222bbab73@group-704429A17D11-SegmentedRaftLogWorker] INFO  segmented.SegmentedRaftLogWorker (SegmentedRaftLogWorker.java:execute(576)) - 2b32037e-5057-43b0-83a7-854222bbab73@group-704429A17D11-SegmentedRaftLogWorker: created new log segment /workdir/hadoop-ozone/integration-test/target/test-dir/MiniOzoneClusterImpl-15c48851-1477-4c83-b9be-6d3ca511f7f9/datanode-2/data/ratis/2f198e7c-e7e8-4599-b439-704429a17d11/current/log_inprogress_0
2019-10-09 22:47:27,136 [Thread-2600] INFO  impl.FollowerState (FollowerState.java:run(108)) - 0d6c1360-600e-4025-8081-764eff476ffd@group-1F871900CF63-FollowerState: change to CANDIDATE, lastRpcTime:5187ms, electionTimeout:5187ms
2019-10-09 22:47:27,136 [Thread-2600] INFO  impl.RoleInfo (RoleInfo.java:shutdownFollowerState(121)) - 0d6c1360-600e-4025-8081-764eff476ffd: shutdown FollowerState
2019-10-09 22:47:27,136 [Thread-2600] INFO  impl.RaftServerImpl (RaftServerImpl.java:setRole(170)) - 0d6c1360-600e-4025-8081-764eff476ffd@group-1F871900CF63: changes role from  FOLLOWER to CANDIDATE at term 0 for changeToCandidate
2019-10-09 22:47:27,137 [Thread-2600] INFO  impl.RoleInfo (RoleInfo.java:updateAndGet(143)) - 0d6c1360-600e-4025-8081-764eff476ffd: start LeaderElection
2019-10-09 22:47:27,152 [0d6c1360-600e-4025-8081-764eff476ffd@group-1F871900CF63-LeaderElection82] INFO  impl.LeaderElection (LeaderElection.java:askForVotes(178)) - 0d6c1360-600e-4025-8081-764eff476ffd@group-1F871900CF63-LeaderElection82: begin an election at term 1 for -1: [0d6c1360-600e-4025-8081-764eff476ffd:192.168.164.207:45425], old=null
2019-10-09 22:47:27,152 [0d6c1360-600e-4025-8081-764eff476ffd@group-1F871900CF63-LeaderElection82] INFO  impl.RoleInfo (RoleInfo.java:shutdownLeaderElection(134)) - 0d6c1360-600e-4025-8081-764eff476ffd: shutdown LeaderElection
2019-10-09 22:47:27,152 [0d6c1360-600e-4025-8081-764eff476ffd@group-1F871900CF63-LeaderElection82] INFO  impl.RaftServerImpl (RaftServerImpl.java:setRole(170)) - 0d6c1360-600e-4025-8081-764eff476ffd@group-1F871900CF63: changes role from CANDIDATE to LEADER at term 1 for changeToLeader
2019-10-09 22:47:27,152 [0d6c1360-600e-4025-8081-764eff476ffd@group-1F871900CF63-LeaderElection82] INFO  ratis.XceiverServerRatis (XceiverServerRatis.java:handleLeaderChangedNotification(702)) - Leader change notification received for group: group-1F871900CF63 with new leaderId: 0d6c1360-600e-4025-8081-764eff476ffd
2019-10-09 22:47:27,152 [0d6c1360-600e-4025-8081-764eff476ffd@group-1F871900CF63-LeaderElection82] INFO  impl.RaftServerImpl (ServerState.java:setLeader(255)) - 0d6c1360-600e-4025-8081-764eff476ffd@group-1F871900CF63: change Leader from null to 0d6c1360-600e-4025-8081-764eff476ffd at term 1 for becomeLeader, leader elected after 5207ms
2019-10-09 22:47:27,153 [0d6c1360-600e-4025-8081-764eff476ffd@group-1F871900CF63-LeaderElection82] INFO  server.RaftServerConfigKeys (ConfUtils.java:logGet(43)) - raft.server.staging.catchup.gap = 1000 (default)
2019-10-09 22:47:27,153 [0d6c1360-600e-4025-8081-764eff476ffd@group-1F871900CF63-LeaderElection82] INFO  server.RaftServerConfigKeys (ConfUtils.java:logGet(43)) - raft.server.rpc.sleep.time = 25ms (default)
2019-10-09 22:47:27,153 [0d6c1360-600e-4025-8081-764eff476ffd@group-1F871900CF63-LeaderElection82] INFO  server.RaftServerConfigKeys (ConfUtils.java:logGet(43)) - raft.server.write.element-limit = 4096 (default)
2019-10-09 22:47:27,153 [0d6c1360-600e-4025-8081-764eff476ffd@group-1F871900CF63-LeaderElection82] INFO  server.RaftServerConfigKeys (ConfUtils.java:logGet(43)) - raft.server.watch.timeout = 10s (default)
2019-10-09 22:47:27,153 [0d6c1360-600e-4025-8081-764eff476ffd@group-1F871900CF63-LeaderElection82] INFO  server.RaftServerConfigKeys (ConfUtils.java:logGet(43)) - raft.server.watch.timeout.denomination = 1s (default)
2019-10-09 22:47:27,153 [0d6c1360-600e-4025-8081-764eff476ffd@group-1F871900CF63-LeaderElection82] INFO  server.RaftServerConfigKeys (ConfUtils.java:logGet(43)) - raft.server.watch.element-limit = 65536 (default)
2019-10-09 22:47:27,155 [0d6c1360-600e-4025-8081-764eff476ffd@group-1F871900CF63-LeaderElection82] INFO  impl.RoleInfo (RoleInfo.java:updateAndGet(143)) - 0d6c1360-600e-4025-8081-764eff476ffd: start LeaderState
2019-10-09 22:47:27,155 [0d6c1360-600e-4025-8081-764eff476ffd@group-1F871900CF63-LeaderElection82] INFO  segmented.SegmentedRaftLogWorker (SegmentedRaftLogWorker.java:startLogSegment(385)) - 0d6c1360-600e-4025-8081-764eff476ffd@group-1F871900CF63-SegmentedRaftLogWorker: Starting segment from index:0
2019-10-09 22:47:27,155 [0d6c1360-600e-4025-8081-764eff476ffd@group-1F871900CF63-LeaderElection82] INFO  impl.RaftServerImpl (ServerState.java:setRaftConf(356)) - 0d6c1360-600e-4025-8081-764eff476ffd@group-1F871900CF63: set configuration 0: [0d6c1360-600e-4025-8081-764eff476ffd:192.168.164.207:45425], old=null at 0
2019-10-09 22:47:27,186 [Thread-2608] INFO  impl.FollowerState (FollowerState.java:run(108)) - 4dd8b4db-5884-4afe-981d-0e381dbd16da@group-F296CA5B5166-FollowerState: change to CANDIDATE, lastRpcTime:5125ms, electionTimeout:5100ms
2019-10-09 22:47:27,186 [Thread-2608] INFO  impl.RoleInfo (RoleInfo.java:shutdownFollowerState(121)) - 4dd8b4db-5884-4afe-981d-0e381dbd16da: shutdown FollowerState
2019-10-09 22:47:27,187 [Thread-2608] INFO  impl.RaftServerImpl (RaftServerImpl.java:setRole(170)) - 4dd8b4db-5884-4afe-981d-0e381dbd16da@group-F296CA5B5166: changes role from  FOLLOWER to CANDIDATE at term 0 for changeToCandidate
2019-10-09 22:47:27,187 [Thread-2608] INFO  impl.RoleInfo (RoleInfo.java:updateAndGet(143)) - 4dd8b4db-5884-4afe-981d-0e381dbd16da: start LeaderElection
2019-10-09 22:47:27,199 [0d6c1360-600e-4025-8081-764eff476ffd@group-1F871900CF63-SegmentedRaftLogWorker] INFO  segmented.SegmentedRaftLogWorker (SegmentedRaftLogWorker.java:execute(576)) - 0d6c1360-600e-4025-8081-764eff476ffd@group-1F871900CF63-SegmentedRaftLogWorker: created new log segment /workdir/hadoop-ozone/integration-test/target/test-dir/MiniOzoneClusterImpl-15c48851-1477-4c83-b9be-6d3ca511f7f9/datanode-0/data/ratis/a1b72299-ad4f-4b03-a3f5-1f871900cf63/current/log_inprogress_0
2019-10-09 22:47:27,199 [4dd8b4db-5884-4afe-981d-0e381dbd16da@group-F296CA5B5166-LeaderElection83] INFO  impl.LeaderElection (LeaderElection.java:askForVotes(178)) - 4dd8b4db-5884-4afe-981d-0e381dbd16da@group-F296CA5B5166-LeaderElection83: begin an election at term 1 for -1: [4dd8b4db-5884-4afe-981d-0e381dbd16da:192.168.164.207:40346], old=null
2019-10-09 22:47:27,199 [4dd8b4db-5884-4afe-981d-0e381dbd16da@group-F296CA5B5166-LeaderElection83] INFO  impl.RoleInfo (RoleInfo.java:shutdownLeaderElection(134)) - 4dd8b4db-5884-4afe-981d-0e381dbd16da: shutdown LeaderElection
2019-10-09 22:47:27,199 [4dd8b4db-5884-4afe-981d-0e381dbd16da@group-F296CA5B5166-LeaderElection83] INFO  impl.RaftServerImpl (RaftServerImpl.java:setRole(170)) - 4dd8b4db-5884-4afe-981d-0e381dbd16da@group-F296CA5B5166: changes role from CANDIDATE to LEADER at term 1 for changeToLeader
2019-10-09 22:47:27,199 [4dd8b4db-5884-4afe-981d-0e381dbd16da@group-F296CA5B5166-LeaderElection83] INFO  ratis.XceiverServerRatis (XceiverServerRatis.java:handleLeaderChangedNotification(702)) - Leader change notification received for group: group-F296CA5B5166 with new leaderId: 4dd8b4db-5884-4afe-981d-0e381dbd16da
2019-10-09 22:47:27,200 [4dd8b4db-5884-4afe-981d-0e381dbd16da@group-F296CA5B5166-LeaderElection83] INFO  impl.RaftServerImpl (ServerState.java:setLeader(255)) - 4dd8b4db-5884-4afe-981d-0e381dbd16da@group-F296CA5B5166: change Leader from null to 4dd8b4db-5884-4afe-981d-0e381dbd16da at term 1 for becomeLeader, leader elected after 5144ms
2019-10-09 22:47:27,200 [4dd8b4db-5884-4afe-981d-0e381dbd16da@group-F296CA5B5166-LeaderElection83] INFO  server.RaftServerConfigKeys (ConfUtils.java:logGet(43)) - raft.server.staging.catchup.gap = 1000 (default)
2019-10-09 22:47:27,200 [4dd8b4db-5884-4afe-981d-0e381dbd16da@group-F296CA5B5166-LeaderElection83] INFO  server.RaftServerConfigKeys (ConfUtils.java:logGet(43)) - raft.server.rpc.sleep.time = 25ms (default)
2019-10-09 22:47:27,200 [4dd8b4db-5884-4afe-981d-0e381dbd16da@group-F296CA5B5166-LeaderElection83] INFO  server.RaftServerConfigKeys (ConfUtils.java:logGet(43)) - raft.server.write.element-limit = 4096 (default)
2019-10-09 22:47:27,200 [4dd8b4db-5884-4afe-981d-0e381dbd16da@group-F296CA5B5166-LeaderElection83] INFO  server.RaftServerConfigKeys (ConfUtils.java:logGet(43)) - raft.server.watch.timeout = 10s (default)
2019-10-09 22:47:27,200 [4dd8b4db-5884-4afe-981d-0e381dbd16da@group-F296CA5B5166-LeaderElection83] INFO  server.RaftServerConfigKeys (ConfUtils.java:logGet(43)) - raft.server.watch.timeout.denomination = 1s (default)
2019-10-09 22:47:27,200 [4dd8b4db-5884-4afe-981d-0e381dbd16da@group-F296CA5B5166-LeaderElection83] INFO  server.RaftServerConfigKeys (ConfUtils.java:logGet(43)) - raft.server.watch.element-limit = 65536 (default)
2019-10-09 22:47:27,202 [4dd8b4db-5884-4afe-981d-0e381dbd16da@group-F296CA5B5166-LeaderElection83] INFO  impl.RoleInfo (RoleInfo.java:updateAndGet(143)) - 4dd8b4db-5884-4afe-981d-0e381dbd16da: start LeaderState
2019-10-09 22:47:27,202 [4dd8b4db-5884-4afe-981d-0e381dbd16da@group-F296CA5B5166-LeaderElection83] INFO  segmented.SegmentedRaftLogWorker (SegmentedRaftLogWorker.java:startLogSegment(385)) - 4dd8b4db-5884-4afe-981d-0e381dbd16da@group-F296CA5B5166-SegmentedRaftLogWorker: Starting segment from index:0
2019-10-09 22:47:27,203 [4dd8b4db-5884-4afe-981d-0e381dbd16da@group-F296CA5B5166-LeaderElection83] INFO  impl.RaftServerImpl (ServerState.java:setRaftConf(356)) - 4dd8b4db-5884-4afe-981d-0e381dbd16da@group-F296CA5B5166: set configuration 0: [4dd8b4db-5884-4afe-981d-0e381dbd16da:192.168.164.207:40346], old=null at 0
2019-10-09 22:47:27,240 [4dd8b4db-5884-4afe-981d-0e381dbd16da@group-F296CA5B5166-SegmentedRaftLogWorker] INFO  segmented.SegmentedRaftLogWorker (SegmentedRaftLogWorker.java:execute(576)) - 4dd8b4db-5884-4afe-981d-0e381dbd16da@group-F296CA5B5166-SegmentedRaftLogWorker: created new log segment /workdir/hadoop-ozone/integration-test/target/test-dir/MiniOzoneClusterImpl-15c48851-1477-4c83-b9be-6d3ca511f7f9/datanode-4/data/ratis/8ec0409c-975d-4a59-8125-f296ca5b5166/current/log_inprogress_0
2019-10-09 22:47:27,981 [main] INFO  ozone.MiniOzoneClusterImpl (MiniOzoneClusterImpl.java:lambda$waitForClusterToBeReady$2(172)) - Cluster is ready. Got 7 of 7 DN Heartbeats.
2019-10-09 22:47:28,041 [main] INFO  rpc.RpcClient (RpcClient.java:createVolume(272)) - Creating Volume: watchforcommithandlingtest, with jenkins1000 as owner.
2019-10-09 22:47:28,043 [IPC Server handler 2 on 37755] INFO  volume.OMVolumeCreateRequest (OMVolumeCreateRequest.java:validateAndUpdateCache(193)) - created volume:watchforcommithandlingtest for user:jenkins1000
2019-10-09 22:47:28,059 [main] INFO  rpc.RpcClient (RpcClient.java:createBucket(411)) - Creating Bucket: watchforcommithandlingtest/watchforcommithandlingtest, with Versioning false and Storage Type set to DISK and Encryption set to false 
2019-10-09 22:47:28,064 [main] INFO  ozone.MiniOzoneClusterImpl (MiniOzoneClusterImpl.java:getStorageContainerLocationClient(260)) - Creating StorageContainerLocationProtocol RPC client with address /0.0.0.0:36760
2019-10-09 22:47:33,235 [Datanode State Machine Thread - 0] INFO  statemachine.DatanodeStateMachine (DatanodeStateMachine.java:lambda$startDaemon$0(350)) - Ozone container server started.
2019-10-09 22:47:33,236 [main] INFO  ozoneimpl.OzoneContainer (OzoneContainer.java:stop(227)) - Attempting to stop container services.
2019-10-09 22:47:33,237 [main] INFO  impl.RaftServerProxy (RaftServerProxy.java:lambda$close$4(314)) - 0d6c1360-600e-4025-8081-764eff476ffd: close
2019-10-09 22:47:33,239 [main] INFO  impl.RaftServerImpl (RaftServerImpl.java:lambda$shutdown$3(247)) - 0d6c1360-600e-4025-8081-764eff476ffd@group-1F871900CF63: shutdown
2019-10-09 22:47:33,239 [ForkJoinPool.commonPool-worker-1] INFO  impl.RaftServerImpl (RaftServerImpl.java:lambda$shutdown$3(247)) - 0d6c1360-600e-4025-8081-764eff476ffd@group-EE90CBDC8AA9: shutdown
2019-10-09 22:47:33,239 [main] INFO  util.JmxRegister (JmxRegister.java:unregister(73)) - Successfully un-registered JMX Bean with object name Ratis:service=RaftServer,group=group-1F871900CF63,id=0d6c1360-600e-4025-8081-764eff476ffd
2019-10-09 22:47:33,240 [ForkJoinPool.commonPool-worker-1] INFO  util.JmxRegister (JmxRegister.java:unregister(73)) - Successfully un-registered JMX Bean with object name Ratis:service=RaftServer,group=group-EE90CBDC8AA9,id=0d6c1360-600e-4025-8081-764eff476ffd
2019-10-09 22:47:33,240 [main] INFO  impl.RoleInfo (RoleInfo.java:shutdownLeaderState(104)) - 0d6c1360-600e-4025-8081-764eff476ffd: shutdown LeaderState
2019-10-09 22:47:33,240 [ForkJoinPool.commonPool-worker-1] INFO  impl.RoleInfo (RoleInfo.java:shutdownLeaderState(104)) - 0d6c1360-600e-4025-8081-764eff476ffd: shutdown LeaderState
2019-10-09 22:47:33,241 [main] INFO  impl.PendingRequests (PendingRequests.java:sendNotLeaderResponses(202)) - 0d6c1360-600e-4025-8081-764eff476ffd@group-1F871900CF63-PendingRequests: sendNotLeaderResponses
2019-10-09 22:47:33,254 [org.apache.ratis.server.impl.LogAppender$AppenderDaemon$$Lambda$440/572893407@e15de4b] WARN  server.GrpcLogAppender (GrpcLogAppender.java:mayWait(143)) - 0d6c1360-600e-4025-8081-764eff476ffd@group-EE90CBDC8AA9->8dcd39d9-bb30-415b-8513-406c1d30fe52-GrpcLogAppender: Wait interrupted by java.lang.InterruptedException
2019-10-09 22:47:33,254 [ForkJoinPool.commonPool-worker-1] INFO  impl.PendingRequests (PendingRequests.java:sendNotLeaderResponses(202)) - 0d6c1360-600e-4025-8081-764eff476ffd@group-EE90CBDC8AA9-PendingRequests: sendNotLeaderResponses
2019-10-09 22:47:33,254 [org.apache.ratis.server.impl.LogAppender$AppenderDaemon$$Lambda$440/572893407@36d37b6e] WARN  server.GrpcLogAppender (GrpcLogAppender.java:mayWait(143)) - 0d6c1360-600e-4025-8081-764eff476ffd@group-EE90CBDC8AA9->2b32037e-5057-43b0-83a7-854222bbab73-GrpcLogAppender: Wait interrupted by java.lang.InterruptedException
2019-10-09 22:47:33,255 [main] INFO  impl.StateMachineUpdater (StateMachineUpdater.java:stopAndJoin(136)) - 0d6c1360-600e-4025-8081-764eff476ffd@group-1F871900CF63-StateMachineUpdater: set stopIndex = 0
2019-10-09 22:47:33,271 [main] INFO  impl.RaftServerImpl (ServerState.java:close(387)) - 0d6c1360-600e-4025-8081-764eff476ffd@group-1F871900CF63: closes. applyIndex: 0
2019-10-09 22:47:33,271 [0d6c1360-600e-4025-8081-764eff476ffd@group-EE90CBDC8AA9-StateMachineUpdater] INFO  ratis.ContainerStateMachine (ContainerStateMachine.java:takeSnapshot(296)) - group-EE90CBDC8AA9: Taking a snapshot at:(t:1, i:2) file /workdir/hadoop-ozone/integration-test/target/test-dir/MiniOzoneClusterImpl-15c48851-1477-4c83-b9be-6d3ca511f7f9/datanode-0/data/ratis/d65d0ce5-e331-4972-a1a3-ee90cbdc8aa9/sm/snapshot.1_2
2019-10-09 22:47:33,271 [ForkJoinPool.commonPool-worker-1] INFO  impl.StateMachineUpdater (StateMachineUpdater.java:stopAndJoin(136)) - 0d6c1360-600e-4025-8081-764eff476ffd@group-EE90CBDC8AA9-StateMachineUpdater: set stopIndex = 2
2019-10-09 22:47:33,271 [0d6c1360-600e-4025-8081-764eff476ffd@group-1F871900CF63-SegmentedRaftLogWorker] INFO  segmented.SegmentedRaftLogWorker (SegmentedRaftLogWorker.java:run(316)) - 0d6c1360-600e-4025-8081-764eff476ffd@group-1F871900CF63-SegmentedRaftLogWorker was interrupted, exiting. There are 0 tasks remaining in the queue.
2019-10-09 22:47:33,271 [grpc-default-executor-3] INFO  server.GrpcServerProtocolService (GrpcServerProtocolService.java:onCompleted(113)) - 8dcd39d9-bb30-415b-8513-406c1d30fe52: Completed APPEND_ENTRIES, lastRequest: 0d6c1360-600e-4025-8081-764eff476ffd->8dcd39d9-bb30-415b-8513-406c1d30fe52#5-t1, previous=(t:1, i:2), leaderCommit=2, initializing? false, entries: <empty>
2019-10-09 22:47:33,272 [grpc-default-executor-4] INFO  server.GrpcServerProtocolService (GrpcServerProtocolService.java:onCompleted(113)) - 2b32037e-5057-43b0-83a7-854222bbab73: Completed APPEND_ENTRIES, lastRequest: 0d6c1360-600e-4025-8081-764eff476ffd->2b32037e-5057-43b0-83a7-854222bbab73#5-t1, previous=(t:1, i:2), leaderCommit=2, initializing? false, entries: <empty>
2019-10-09 22:47:33,275 [grpc-default-executor-3] INFO  server.GrpcLogAppender (GrpcLogAppender.java:onCompleted(293)) - 0d6c1360-600e-4025-8081-764eff476ffd@group-EE90CBDC8AA9->8dcd39d9-bb30-415b-8513-406c1d30fe52-AppendLogResponseHandler: follower responses appendEntries COMPLETED
2019-10-09 22:47:33,275 [grpc-default-executor-4] INFO  server.GrpcLogAppender (GrpcLogAppender.java:onCompleted(293)) - 0d6c1360-600e-4025-8081-764eff476ffd@group-EE90CBDC8AA9->2b32037e-5057-43b0-83a7-854222bbab73-AppendLogResponseHandler: follower responses appendEntries COMPLETED
2019-10-09 22:47:33,276 [grpc-default-executor-3] INFO  impl.FollowerInfo (FollowerInfo.java:lambda$new$0(51)) - 0d6c1360-600e-4025-8081-764eff476ffd@group-EE90CBDC8AA9->8dcd39d9-bb30-415b-8513-406c1d30fe52: nextIndex: updateUnconditionally 3 -> 2
2019-10-09 22:47:33,277 [grpc-default-executor-4] INFO  impl.FollowerInfo (FollowerInfo.java:lambda$new$0(51)) - 0d6c1360-600e-4025-8081-764eff476ffd@group-EE90CBDC8AA9->2b32037e-5057-43b0-83a7-854222bbab73: nextIndex: updateUnconditionally 3 -> 2
2019-10-09 22:47:33,283 [main] INFO  segmented.SegmentedRaftLogWorker (SegmentedRaftLogWorker.java:close(224)) - 0d6c1360-600e-4025-8081-764eff476ffd@group-1F871900CF63-SegmentedRaftLogWorker close()
2019-10-09 22:47:33,288 [0d6c1360-600e-4025-8081-764eff476ffd@group-EE90CBDC8AA9-StateMachineUpdater] INFO  ratis.ContainerStateMachine (ContainerStateMachine.java:takeSnapshot(307)) - group-EE90CBDC8AA9: Finished taking a snapshot at:(t:1, i:2) file:/workdir/hadoop-ozone/integration-test/target/test-dir/MiniOzoneClusterImpl-15c48851-1477-4c83-b9be-6d3ca511f7f9/datanode-0/data/ratis/d65d0ce5-e331-4972-a1a3-ee90cbdc8aa9/sm/snapshot.1_2 time:15
2019-10-09 22:47:33,288 [0d6c1360-600e-4025-8081-764eff476ffd@group-EE90CBDC8AA9-StateMachineUpdater] INFO  impl.StateMachineUpdater (StateMachineUpdater.java:takeSnapshot(269)) - 0d6c1360-600e-4025-8081-764eff476ffd@group-EE90CBDC8AA9-StateMachineUpdater: Took a snapshot at index 2
2019-10-09 22:47:33,288 [0d6c1360-600e-4025-8081-764eff476ffd@group-EE90CBDC8AA9-StateMachineUpdater] INFO  impl.StateMachineUpdater (StateMachineUpdater.java:lambda$new$0(84)) - 0d6c1360-600e-4025-8081-764eff476ffd@group-EE90CBDC8AA9-StateMachineUpdater: snapshotIndex: updateIncreasingly -1 -> 2
2019-10-09 22:47:33,289 [ForkJoinPool.commonPool-worker-1] INFO  impl.RaftServerImpl (ServerState.java:close(387)) - 0d6c1360-600e-4025-8081-764eff476ffd@group-EE90CBDC8AA9: closes. applyIndex: 2
2019-10-09 22:47:33,289 [0d6c1360-600e-4025-8081-764eff476ffd@group-EE90CBDC8AA9-SegmentedRaftLogWorker] INFO  segmented.SegmentedRaftLogWorker (SegmentedRaftLogWorker.java:run(316)) - 0d6c1360-600e-4025-8081-764eff476ffd@group-EE90CBDC8AA9-SegmentedRaftLogWorker was interrupted, exiting. There are 0 tasks remaining in the queue.
2019-10-09 22:47:33,291 [ForkJoinPool.commonPool-worker-1] INFO  segmented.SegmentedRaftLogWorker (SegmentedRaftLogWorker.java:close(224)) - 0d6c1360-600e-4025-8081-764eff476ffd@group-EE90CBDC8AA9-SegmentedRaftLogWorker close()
2019-10-09 22:47:33,295 [main] INFO  server.GrpcService (GrpcService.java:closeImpl(164)) - 0d6c1360-600e-4025-8081-764eff476ffd: shutdown server with port 45425 now
2019-10-09 22:47:33,296 [main] INFO  server.GrpcService (GrpcService.java:closeImpl(172)) - 0d6c1360-600e-4025-8081-764eff476ffd: shutdown server with port 45425 successfully
2019-10-09 22:47:33,299 [refreshUsed-/workdir/hadoop-ozone/integration-test/target/test-dir/MiniOzoneClusterImpl-15c48851-1477-4c83-b9be-6d3ca511f7f9/datanode-0/data/containers] WARN  fs.CachingGetSpaceUsed (CachingGetSpaceUsed.java:run(183)) - Thread Interrupted waiting to refresh disk information: sleep interrupted
2019-10-09 22:47:33,314 [main] INFO  utils.BackgroundService (BackgroundService.java:shutdown(151)) - Shutting down service BlockDeletingService
2019-10-09 22:47:33,321 [main] INFO  statemachine.DatanodeStateMachine (DatanodeStateMachine.java:stopDaemon(395)) - Ozone container server stopped.
2019-10-09 22:47:33,322 [main] INFO  handler.ContextHandler (ContextHandler.java:doStop(910)) - Stopped o.e.j.w.WebAppContext@5fef0c19{/,null,UNAVAILABLE}{/hddsDatanode}
2019-10-09 22:47:33,322 [main] INFO  server.AbstractConnector (AbstractConnector.java:doStop(318)) - Stopped ServerConnector@2e6d76ba{HTTP/1.1,[http/1.1]}{0.0.0.0:0}
2019-10-09 22:47:33,322 [main] INFO  handler.ContextHandler (ContextHandler.java:doStop(910)) - Stopped o.e.j.s.ServletContextHandler@24134cbc{/static,jar:file:/home/user/.m2/repository/org/apache/hadoop/hadoop-hdds-container-service/0.5.0-SNAPSHOT/hadoop-hdds-container-service-0.5.0-SNAPSHOT.jar!/webapps/static,UNAVAILABLE}
2019-10-09 22:47:33,336 [main] INFO  handler.ContextHandler (ContextHandler.java:doStop(910)) - Stopped o.e.j.s.ServletContextHandler@6da54910{/logs,file:///workdir/hadoop-ozone/integration-test/target/log,UNAVAILABLE}
2019-10-09 22:47:41,955 [Thread-2616] INFO  impl.FollowerState (FollowerState.java:run(108)) - 2b32037e-5057-43b0-83a7-854222bbab73@group-EE90CBDC8AA9-FollowerState: change to CANDIDATE, lastRpcTime:8827ms, electionTimeout:5078ms
2019-10-09 22:47:41,956 [Thread-2616] INFO  impl.RoleInfo (RoleInfo.java:shutdownFollowerState(121)) - 2b32037e-5057-43b0-83a7-854222bbab73: shutdown FollowerState
2019-10-09 22:47:41,956 [Thread-2616] INFO  impl.RaftServerImpl (RaftServerImpl.java:setRole(170)) - 2b32037e-5057-43b0-83a7-854222bbab73@group-EE90CBDC8AA9: changes role from  FOLLOWER to CANDIDATE at term 1 for changeToCandidate
2019-10-09 22:47:41,956 [Thread-2616] INFO  impl.RoleInfo (RoleInfo.java:updateAndGet(143)) - 2b32037e-5057-43b0-83a7-854222bbab73: start LeaderElection
2019-10-09 22:47:41,956 [2b32037e-5057-43b0-83a7-854222bbab73@group-EE90CBDC8AA9-LeaderElection84] INFO  impl.RaftServerImpl (ServerState.java:setLeader(255)) - 2b32037e-5057-43b0-83a7-854222bbab73@group-EE90CBDC8AA9: change Leader from 0d6c1360-600e-4025-8081-764eff476ffd to null at term 1 for initElection
2019-10-09 22:47:41,970 [2b32037e-5057-43b0-83a7-854222bbab73@group-EE90CBDC8AA9-LeaderElection84] INFO  impl.LeaderElection (LeaderElection.java:askForVotes(178)) - 2b32037e-5057-43b0-83a7-854222bbab73@group-EE90CBDC8AA9-LeaderElection84: begin an election at term 2 for 0: [8dcd39d9-bb30-415b-8513-406c1d30fe52:192.168.164.207:46061, 0d6c1360-600e-4025-8081-764eff476ffd:192.168.164.207:45425, 2b32037e-5057-43b0-83a7-854222bbab73:192.168.164.207:46803], old=null
2019-10-09 22:47:41,972 [2b32037e-5057-43b0-83a7-854222bbab73@group-EE90CBDC8AA9-LeaderElection84] INFO  impl.LeaderElection (LogUtils.java:infoOrTrace(149)) - 2b32037e-5057-43b0-83a7-854222bbab73@group-EE90CBDC8AA9-LeaderElection84 got exception when requesting votes: {}
java.util.concurrent.ExecutionException: org.apache.ratis.thirdparty.io.grpc.StatusRuntimeException: UNAVAILABLE: io exception
	at java.util.concurrent.FutureTask.report(FutureTask.java:122)
	at java.util.concurrent.FutureTask.get(FutureTask.java:192)
	at org.apache.ratis.server.impl.LeaderElection.waitForResults(LeaderElection.java:259)
	at org.apache.ratis.server.impl.LeaderElection.askForVotes(LeaderElection.java:197)
	at org.apache.ratis.server.impl.LeaderElection.run(LeaderElection.java:133)
	at java.lang.Thread.run(Thread.java:748)
Caused by: org.apache.ratis.thirdparty.io.grpc.StatusRuntimeException: UNAVAILABLE: io exception
	at org.apache.ratis.thirdparty.io.grpc.stub.ClientCalls.toStatusRuntimeException(ClientCalls.java:233)
	at org.apache.ratis.thirdparty.io.grpc.stub.ClientCalls.getUnchecked(ClientCalls.java:214)
	at org.apache.ratis.thirdparty.io.grpc.stub.ClientCalls.blockingUnaryCall(ClientCalls.java:139)
	at org.apache.ratis.proto.grpc.RaftServerProtocolServiceGrpc$RaftServerProtocolServiceBlockingStub.requestVote(RaftServerProtocolServiceGrpc.java:265)
	at org.apache.ratis.grpc.server.GrpcServerProtocolClient.requestVote(GrpcServerProtocolClient.java:99)
	at org.apache.ratis.grpc.server.GrpcService.requestVote(GrpcService.java:204)
	at org.apache.ratis.server.impl.LeaderElection.lambda$submitRequests$1(LeaderElection.java:234)
	at java.util.concurrent.FutureTask.run(FutureTask.java:266)
	at java.util.concurrent.Executors$RunnableAdapter.call(Executors.java:511)
	at java.util.concurrent.FutureTask.run(FutureTask.java:266)
	at java.util.concurrent.ThreadPoolExecutor.runWorker(ThreadPoolExecutor.java:1149)
	at java.util.concurrent.ThreadPoolExecutor$Worker.run(ThreadPoolExecutor.java:624)
	... 1 more
Caused by: org.apache.ratis.thirdparty.io.netty.channel.AbstractChannel$AnnotatedConnectException: Connection refused: /192.168.164.207:45425
	at sun.nio.ch.SocketChannelImpl.checkConnect(Native Method)
	at sun.nio.ch.SocketChannelImpl.finishConnect(SocketChannelImpl.java:717)
	at org.apache.ratis.thirdparty.io.netty.channel.socket.nio.NioSocketChannel.doFinishConnect(NioSocketChannel.java:327)
	at org.apache.ratis.thirdparty.io.netty.channel.nio.AbstractNioChannel$AbstractNioUnsafe.finishConnect(AbstractNioChannel.java:340)
	at org.apache.ratis.thirdparty.io.netty.channel.nio.NioEventLoop.processSelectedKey(NioEventLoop.java:632)
	at org.apache.ratis.thirdparty.io.netty.channel.nio.NioEventLoop.processSelectedKeysOptimized(NioEventLoop.java:579)
	at org.apache.ratis.thirdparty.io.netty.channel.nio.NioEventLoop.processSelectedKeys(NioEventLoop.java:496)
	at org.apache.ratis.thirdparty.io.netty.channel.nio.NioEventLoop.run(NioEventLoop.java:458)
	at org.apache.ratis.thirdparty.io.netty.util.concurrent.SingleThreadEventExecutor$5.run(SingleThreadEventExecutor.java:897)
	at org.apache.ratis.thirdparty.io.netty.util.concurrent.FastThreadLocalRunnable.run(FastThreadLocalRunnable.java:30)
	... 1 more
Caused by: java.net.ConnectException: Connection refused
	... 11 more
2019-10-09 22:47:41,977 [grpc-default-executor-0] INFO  impl.RaftServerImpl (ServerState.java:setLeader(255)) - 8dcd39d9-bb30-415b-8513-406c1d30fe52@group-EE90CBDC8AA9: change Leader from 0d6c1360-600e-4025-8081-764eff476ffd to null at term 2 for updateCurrentTerm
2019-10-09 22:47:41,977 [grpc-default-executor-0] INFO  impl.RaftServerImpl (RaftServerImpl.java:setRole(170)) - 8dcd39d9-bb30-415b-8513-406c1d30fe52@group-EE90CBDC8AA9: changes role from  FOLLOWER to FOLLOWER at term 2 for recognizeCandidate:2b32037e-5057-43b0-83a7-854222bbab73
2019-10-09 22:47:41,977 [grpc-default-executor-0] INFO  impl.RoleInfo (RoleInfo.java:shutdownFollowerState(121)) - 8dcd39d9-bb30-415b-8513-406c1d30fe52: shutdown FollowerState
2019-10-09 22:47:41,978 [grpc-default-executor-0] INFO  impl.RoleInfo (RoleInfo.java:updateAndGet(143)) - 8dcd39d9-bb30-415b-8513-406c1d30fe52: start FollowerState
2019-10-09 22:47:41,978 [Thread-2624] INFO  impl.FollowerState (FollowerState.java:run(117)) - 8dcd39d9-bb30-415b-8513-406c1d30fe52@group-EE90CBDC8AA9-FollowerState was interrupted: java.lang.InterruptedException: sleep interrupted
2019-10-09 22:47:41,992 [2b32037e-5057-43b0-83a7-854222bbab73@group-EE90CBDC8AA9-LeaderElection84] INFO  impl.LeaderElection (LeaderElection.java:logAndReturn(56)) - 2b32037e-5057-43b0-83a7-854222bbab73@group-EE90CBDC8AA9-LeaderElection84: Election PASSED; received 1 response(s) [2b32037e-5057-43b0-83a7-854222bbab73<-8dcd39d9-bb30-415b-8513-406c1d30fe52#0:OK-t2] and 1 exception(s); 2b32037e-5057-43b0-83a7-854222bbab73@group-EE90CBDC8AA9:t2, leader=null, voted=2b32037e-5057-43b0-83a7-854222bbab73, raftlog=2b32037e-5057-43b0-83a7-854222bbab73@group-EE90CBDC8AA9-SegmentedRaftLog:OPENED:c2,f2,i2, conf=0: [8dcd39d9-bb30-415b-8513-406c1d30fe52:192.168.164.207:46061, 0d6c1360-600e-4025-8081-764eff476ffd:192.168.164.207:45425, 2b32037e-5057-43b0-83a7-854222bbab73:192.168.164.207:46803], old=null
2019-10-09 22:47:41,992 [2b32037e-5057-43b0-83a7-854222bbab73@group-EE90CBDC8AA9-LeaderElection84] INFO  impl.LeaderElection (LogUtils.java:infoOrTrace(149)) -   Exception 0: {}
java.util.concurrent.ExecutionException: org.apache.ratis.thirdparty.io.grpc.StatusRuntimeException: UNAVAILABLE: io exception
	at java.util.concurrent.FutureTask.report(FutureTask.java:122)
	at java.util.concurrent.FutureTask.get(FutureTask.java:192)
	at org.apache.ratis.server.impl.LeaderElection.waitForResults(LeaderElection.java:259)
	at org.apache.ratis.server.impl.LeaderElection.askForVotes(LeaderElection.java:197)
	at org.apache.ratis.server.impl.LeaderElection.run(LeaderElection.java:133)
	at java.lang.Thread.run(Thread.java:748)
Caused by: org.apache.ratis.thirdparty.io.grpc.StatusRuntimeException: UNAVAILABLE: io exception
	at org.apache.ratis.thirdparty.io.grpc.stub.ClientCalls.toStatusRuntimeException(ClientCalls.java:233)
	at org.apache.ratis.thirdparty.io.grpc.stub.ClientCalls.getUnchecked(ClientCalls.java:214)
	at org.apache.ratis.thirdparty.io.grpc.stub.ClientCalls.blockingUnaryCall(ClientCalls.java:139)
	at org.apache.ratis.proto.grpc.RaftServerProtocolServiceGrpc$RaftServerProtocolServiceBlockingStub.requestVote(RaftServerProtocolServiceGrpc.java:265)
	at org.apache.ratis.grpc.server.GrpcServerProtocolClient.requestVote(GrpcServerProtocolClient.java:99)
	at org.apache.ratis.grpc.server.GrpcService.requestVote(GrpcService.java:204)
	at org.apache.ratis.server.impl.LeaderElection.lambda$submitRequests$1(LeaderElection.java:234)
	at java.util.concurrent.FutureTask.run(FutureTask.java:266)
	at java.util.concurrent.Executors$RunnableAdapter.call(Executors.java:511)
	at java.util.concurrent.FutureTask.run(FutureTask.java:266)
	at java.util.concurrent.ThreadPoolExecutor.runWorker(ThreadPoolExecutor.java:1149)
	at java.util.concurrent.ThreadPoolExecutor$Worker.run(ThreadPoolExecutor.java:624)
	... 1 more
Caused by: org.apache.ratis.thirdparty.io.netty.channel.AbstractChannel$AnnotatedConnectException: Connection refused: /192.168.164.207:45425
	at sun.nio.ch.SocketChannelImpl.checkConnect(Native Method)
	at sun.nio.ch.SocketChannelImpl.finishConnect(SocketChannelImpl.java:717)
	at org.apache.ratis.thirdparty.io.netty.channel.socket.nio.NioSocketChannel.doFinishConnect(NioSocketChannel.java:327)
	at org.apache.ratis.thirdparty.io.netty.channel.nio.AbstractNioChannel$AbstractNioUnsafe.finishConnect(AbstractNioChannel.java:340)
	at org.apache.ratis.thirdparty.io.netty.channel.nio.NioEventLoop.processSelectedKey(NioEventLoop.java:632)
	at org.apache.ratis.thirdparty.io.netty.channel.nio.NioEventLoop.processSelectedKeysOptimized(NioEventLoop.java:579)
	at org.apache.ratis.thirdparty.io.netty.channel.nio.NioEventLoop.processSelectedKeys(NioEventLoop.java:496)
	at org.apache.ratis.thirdparty.io.netty.channel.nio.NioEventLoop.run(NioEventLoop.java:458)
	at org.apache.ratis.thirdparty.io.netty.util.concurrent.SingleThreadEventExecutor$5.run(SingleThreadEventExecutor.java:897)
	at org.apache.ratis.thirdparty.io.netty.util.concurrent.FastThreadLocalRunnable.run(FastThreadLocalRunnable.java:30)
	... 1 more
Caused by: java.net.ConnectException: Connection refused
	... 11 more
2019-10-09 22:47:41,992 [2b32037e-5057-43b0-83a7-854222bbab73@group-EE90CBDC8AA9-LeaderElection84] INFO  impl.RoleInfo (RoleInfo.java:shutdownLeaderElection(134)) - 2b32037e-5057-43b0-83a7-854222bbab73: shutdown LeaderElection
2019-10-09 22:47:41,992 [2b32037e-5057-43b0-83a7-854222bbab73@group-EE90CBDC8AA9-LeaderElection84] INFO  impl.RaftServerImpl (RaftServerImpl.java:setRole(170)) - 2b32037e-5057-43b0-83a7-854222bbab73@group-EE90CBDC8AA9: changes role from CANDIDATE to LEADER at term 2 for changeToLeader
2019-10-09 22:47:41,992 [2b32037e-5057-43b0-83a7-854222bbab73@group-EE90CBDC8AA9-LeaderElection84] INFO  ratis.XceiverServerRatis (XceiverServerRatis.java:handleLeaderChangedNotification(702)) - Leader change notification received for group: group-EE90CBDC8AA9 with new leaderId: 2b32037e-5057-43b0-83a7-854222bbab73
2019-10-09 22:47:41,993 [2b32037e-5057-43b0-83a7-854222bbab73@group-EE90CBDC8AA9-LeaderElection84] INFO  impl.RaftServerImpl (ServerState.java:setLeader(255)) - 2b32037e-5057-43b0-83a7-854222bbab73@group-EE90CBDC8AA9: change Leader from null to 2b32037e-5057-43b0-83a7-854222bbab73 at term 2 for becomeLeader, leader elected after 35ms
2019-10-09 22:47:41,993 [2b32037e-5057-43b0-83a7-854222bbab73@group-EE90CBDC8AA9-LeaderElection84] INFO  server.RaftServerConfigKeys (ConfUtils.java:logGet(43)) - raft.server.staging.catchup.gap = 1000 (default)
2019-10-09 22:47:41,993 [2b32037e-5057-43b0-83a7-854222bbab73@group-EE90CBDC8AA9-LeaderElection84] INFO  server.RaftServerConfigKeys (ConfUtils.java:logGet(43)) - raft.server.rpc.sleep.time = 25ms (default)
2019-10-09 22:47:41,993 [2b32037e-5057-43b0-83a7-854222bbab73@group-EE90CBDC8AA9-LeaderElection84] INFO  server.RaftServerConfigKeys (ConfUtils.java:logGet(43)) - raft.server.write.element-limit = 4096 (default)
2019-10-09 22:47:41,993 [2b32037e-5057-43b0-83a7-854222bbab73@group-EE90CBDC8AA9-LeaderElection84] INFO  server.RaftServerConfigKeys (ConfUtils.java:logGet(43)) - raft.server.watch.timeout = 10s (default)
2019-10-09 22:47:41,993 [2b32037e-5057-43b0-83a7-854222bbab73@group-EE90CBDC8AA9-LeaderElection84] INFO  server.RaftServerConfigKeys (ConfUtils.java:logGet(43)) - raft.server.watch.timeout.denomination = 1s (default)
2019-10-09 22:47:41,994 [2b32037e-5057-43b0-83a7-854222bbab73@group-EE90CBDC8AA9-LeaderElection84] INFO  server.RaftServerConfigKeys (ConfUtils.java:logGet(43)) - raft.server.watch.element-limit = 65536 (default)
2019-10-09 22:47:41,995 [2b32037e-5057-43b0-83a7-854222bbab73@group-EE90CBDC8AA9-LeaderElection84] INFO  server.RaftServerConfigKeys (ConfUtils.java:logGet(43)) - raft.server.log.appender.snapshot.chunk.size.max = 16MB (=16777216) (default)
2019-10-09 22:47:41,996 [2b32037e-5057-43b0-83a7-854222bbab73@group-EE90CBDC8AA9-LeaderElection84] INFO  server.RaftServerConfigKeys (ConfUtils.java:logGet(43)) - raft.server.log.appender.buffer.byte-limit = 33554432 (custom)
2019-10-09 22:47:41,996 [2b32037e-5057-43b0-83a7-854222bbab73@group-EE90CBDC8AA9-LeaderElection84] INFO  server.RaftServerConfigKeys (ConfUtils.java:logGet(43)) - raft.server.log.appender.buffer.element-limit = 1 (custom)
2019-10-09 22:47:41,996 [2b32037e-5057-43b0-83a7-854222bbab73@group-EE90CBDC8AA9-LeaderElection84] INFO  grpc.GrpcConfigKeys$Server (ConfUtils.java:logGet(43)) - raft.grpc.server.leader.outstanding.appends.max = 128 (default)
2019-10-09 22:47:41,996 [2b32037e-5057-43b0-83a7-854222bbab73@group-EE90CBDC8AA9-LeaderElection84] INFO  server.RaftServerConfigKeys (ConfUtils.java:logGet(43)) - raft.server.rpc.request.timeout = 3000ms (default)
2019-10-09 22:47:41,996 [2b32037e-5057-43b0-83a7-854222bbab73@group-EE90CBDC8AA9-LeaderElection84] INFO  server.RaftServerConfigKeys (ConfUtils.java:logGet(43)) - raft.server.log.appender.install.snapshot.enabled = false (custom)
2019-10-09 22:47:41,996 [2b32037e-5057-43b0-83a7-854222bbab73@group-EE90CBDC8AA9-LeaderElection84] INFO  server.RaftServerConfigKeys (ConfUtils.java:logGet(43)) - raft.server.log.appender.snapshot.chunk.size.max = 16MB (=16777216) (default)
2019-10-09 22:47:41,996 [2b32037e-5057-43b0-83a7-854222bbab73@group-EE90CBDC8AA9-LeaderElection84] INFO  server.RaftServerConfigKeys (ConfUtils.java:logGet(43)) - raft.server.log.appender.buffer.byte-limit = 33554432 (custom)
2019-10-09 22:47:41,997 [2b32037e-5057-43b0-83a7-854222bbab73@group-EE90CBDC8AA9-LeaderElection84] INFO  server.RaftServerConfigKeys (ConfUtils.java:logGet(43)) - raft.server.log.appender.buffer.element-limit = 1 (custom)
2019-10-09 22:47:41,997 [2b32037e-5057-43b0-83a7-854222bbab73@group-EE90CBDC8AA9-LeaderElection84] INFO  grpc.GrpcConfigKeys$Server (ConfUtils.java:logGet(43)) - raft.grpc.server.leader.outstanding.appends.max = 128 (default)
2019-10-09 22:47:41,997 [2b32037e-5057-43b0-83a7-854222bbab73@group-EE90CBDC8AA9-LeaderElection84] INFO  server.RaftServerConfigKeys (ConfUtils.java:logGet(43)) - raft.server.rpc.request.timeout = 3000ms (default)
2019-10-09 22:47:41,997 [2b32037e-5057-43b0-83a7-854222bbab73@group-EE90CBDC8AA9-LeaderElection84] INFO  server.RaftServerConfigKeys (ConfUtils.java:logGet(43)) - raft.server.log.appender.install.snapshot.enabled = false (custom)
2019-10-09 22:47:41,997 [2b32037e-5057-43b0-83a7-854222bbab73@group-EE90CBDC8AA9-LeaderElection84] INFO  impl.RoleInfo (RoleInfo.java:updateAndGet(143)) - 2b32037e-5057-43b0-83a7-854222bbab73: start LeaderState
2019-10-09 22:47:41,997 [2b32037e-5057-43b0-83a7-854222bbab73@group-EE90CBDC8AA9-LeaderElection84] INFO  segmented.SegmentedRaftLogWorker (SegmentedRaftLogWorker.java:rollLogSegment(390)) - 2b32037e-5057-43b0-83a7-854222bbab73@group-EE90CBDC8AA9-SegmentedRaftLogWorker: Rolling segment log-0_2 to index:2
2019-10-09 22:47:41,998 [2b32037e-5057-43b0-83a7-854222bbab73@group-EE90CBDC8AA9-LeaderElection84] INFO  impl.RaftServerImpl (ServerState.java:setRaftConf(356)) - 2b32037e-5057-43b0-83a7-854222bbab73@group-EE90CBDC8AA9: set configuration 3: [8dcd39d9-bb30-415b-8513-406c1d30fe52:192.168.164.207:46061, 0d6c1360-600e-4025-8081-764eff476ffd:192.168.164.207:45425, 2b32037e-5057-43b0-83a7-854222bbab73:192.168.164.207:46803], old=null at 3
2019-10-09 22:47:41,998 [2b32037e-5057-43b0-83a7-854222bbab73@group-EE90CBDC8AA9-SegmentedRaftLogWorker] INFO  segmented.SegmentedRaftLogWorker (SegmentedRaftLogWorker.java:execute(533)) - 2b32037e-5057-43b0-83a7-854222bbab73@group-EE90CBDC8AA9-SegmentedRaftLogWorker: Rolled log segment from /workdir/hadoop-ozone/integration-test/target/test-dir/MiniOzoneClusterImpl-15c48851-1477-4c83-b9be-6d3ca511f7f9/datanode-2/data/ratis/d65d0ce5-e331-4972-a1a3-ee90cbdc8aa9/current/log_inprogress_0 to /workdir/hadoop-ozone/integration-test/target/test-dir/MiniOzoneClusterImpl-15c48851-1477-4c83-b9be-6d3ca511f7f9/datanode-2/data/ratis/d65d0ce5-e331-4972-a1a3-ee90cbdc8aa9/current/log_0-2
2019-10-09 22:47:41,998 [grpc-default-executor-0] WARN  server.GrpcLogAppender (LogUtils.java:warn(134)) - 2b32037e-5057-43b0-83a7-854222bbab73@group-EE90CBDC8AA9->0d6c1360-600e-4025-8081-764eff476ffd-AppendLogResponseHandler: Failed appendEntries: org.apache.ratis.thirdparty.io.grpc.StatusRuntimeException: UNAVAILABLE: io exception
2019-10-09 22:47:41,999 [grpc-default-executor-0] INFO  impl.FollowerInfo (FollowerInfo.java:lambda$new$0(51)) - 2b32037e-5057-43b0-83a7-854222bbab73@group-EE90CBDC8AA9->0d6c1360-600e-4025-8081-764eff476ffd: nextIndex: updateUnconditionally 3 -> 1
2019-10-09 22:47:41,999 [grpc-default-executor-0] INFO  ratis.XceiverServerRatis (XceiverServerRatis.java:handleLeaderChangedNotification(702)) - Leader change notification received for group: group-EE90CBDC8AA9 with new leaderId: 2b32037e-5057-43b0-83a7-854222bbab73
2019-10-09 22:47:42,000 [grpc-default-executor-0] INFO  impl.RaftServerImpl (ServerState.java:setLeader(255)) - 8dcd39d9-bb30-415b-8513-406c1d30fe52@group-EE90CBDC8AA9: change Leader from null to 2b32037e-5057-43b0-83a7-854222bbab73 at term 2 for appendEntries, leader elected after 22ms
2019-10-09 22:47:42,002 [grpc-default-executor-0] INFO  impl.RaftServerImpl (ServerState.java:setRaftConf(356)) - 8dcd39d9-bb30-415b-8513-406c1d30fe52@group-EE90CBDC8AA9: set configuration 3: [8dcd39d9-bb30-415b-8513-406c1d30fe52:192.168.164.207:46061, 0d6c1360-600e-4025-8081-764eff476ffd:192.168.164.207:45425, 2b32037e-5057-43b0-83a7-854222bbab73:192.168.164.207:46803], old=null at 3
2019-10-09 22:47:42,002 [grpc-default-executor-0] INFO  segmented.SegmentedRaftLogWorker (SegmentedRaftLogWorker.java:rollLogSegment(390)) - 8dcd39d9-bb30-415b-8513-406c1d30fe52@group-EE90CBDC8AA9-SegmentedRaftLogWorker: Rolling segment log-0_2 to index:2
2019-10-09 22:47:42,002 [8dcd39d9-bb30-415b-8513-406c1d30fe52@group-EE90CBDC8AA9-SegmentedRaftLogWorker] INFO  segmented.SegmentedRaftLogWorker (SegmentedRaftLogWorker.java:execute(533)) - 8dcd39d9-bb30-415b-8513-406c1d30fe52@group-EE90CBDC8AA9-SegmentedRaftLogWorker: Rolled log segment from /workdir/hadoop-ozone/integration-test/target/test-dir/MiniOzoneClusterImpl-15c48851-1477-4c83-b9be-6d3ca511f7f9/datanode-1/data/ratis/d65d0ce5-e331-4972-a1a3-ee90cbdc8aa9/current/log_inprogress_0 to /workdir/hadoop-ozone/integration-test/target/test-dir/MiniOzoneClusterImpl-15c48851-1477-4c83-b9be-6d3ca511f7f9/datanode-1/data/ratis/d65d0ce5-e331-4972-a1a3-ee90cbdc8aa9/current/log_0-2
2019-10-09 22:47:42,035 [2b32037e-5057-43b0-83a7-854222bbab73@group-EE90CBDC8AA9-SegmentedRaftLogWorker] INFO  segmented.SegmentedRaftLogWorker (SegmentedRaftLogWorker.java:execute(576)) - 2b32037e-5057-43b0-83a7-854222bbab73@group-EE90CBDC8AA9-SegmentedRaftLogWorker: created new log segment /workdir/hadoop-ozone/integration-test/target/test-dir/MiniOzoneClusterImpl-15c48851-1477-4c83-b9be-6d3ca511f7f9/datanode-2/data/ratis/d65d0ce5-e331-4972-a1a3-ee90cbdc8aa9/current/log_inprogress_3
2019-10-09 22:47:42,039 [8dcd39d9-bb30-415b-8513-406c1d30fe52@group-EE90CBDC8AA9-SegmentedRaftLogWorker] INFO  segmented.SegmentedRaftLogWorker (SegmentedRaftLogWorker.java:execute(576)) - 8dcd39d9-bb30-415b-8513-406c1d30fe52@group-EE90CBDC8AA9-SegmentedRaftLogWorker: created new log segment /workdir/hadoop-ozone/integration-test/target/test-dir/MiniOzoneClusterImpl-15c48851-1477-4c83-b9be-6d3ca511f7f9/datanode-1/data/ratis/d65d0ce5-e331-4972-a1a3-ee90cbdc8aa9/current/log_inprogress_3
2019-10-09 22:47:42,052 [grpc-default-executor-0] WARN  server.GrpcLogAppender (LogUtils.java:warn(134)) - 2b32037e-5057-43b0-83a7-854222bbab73@group-EE90CBDC8AA9->0d6c1360-600e-4025-8081-764eff476ffd-AppendLogResponseHandler: Failed appendEntries: org.apache.ratis.thirdparty.io.grpc.StatusRuntimeException: UNAVAILABLE: io exception
2019-10-09 22:47:42,052 [grpc-default-executor-0] INFO  impl.FollowerInfo (FollowerInfo.java:lambda$new$0(51)) - 2b32037e-5057-43b0-83a7-854222bbab73@group-EE90CBDC8AA9->0d6c1360-600e-4025-8081-764eff476ffd: nextIndex: updateUnconditionally 2 -> 1
2019-10-09 22:47:42,064 [grpc-default-executor-4] WARN  server.GrpcLogAppender (LogUtils.java:warn(134)) - 2b32037e-5057-43b0-83a7-854222bbab73@group-EE90CBDC8AA9->0d6c1360-600e-4025-8081-764eff476ffd-AppendLogResponseHandler: Failed appendEntries: org.apache.ratis.thirdparty.io.grpc.StatusRuntimeException: UNAVAILABLE: io exception
2019-10-09 22:47:42,064 [grpc-default-executor-4] INFO  impl.FollowerInfo (FollowerInfo.java:lambda$new$0(51)) - 2b32037e-5057-43b0-83a7-854222bbab73@group-EE90CBDC8AA9->0d6c1360-600e-4025-8081-764eff476ffd: nextIndex: updateUnconditionally 2 -> 1
2019-10-09 22:47:42,465 [grpc-default-executor-0] WARN  server.GrpcLogAppender (LogUtils.java:warn(134)) - 2b32037e-5057-43b0-83a7-854222bbab73@group-EE90CBDC8AA9->0d6c1360-600e-4025-8081-764eff476ffd-AppendLogResponseHandler: Failed appendEntries: org.apache.ratis.thirdparty.io.grpc.StatusRuntimeException: UNAVAILABLE: io exception
2019-10-09 22:47:42,465 [grpc-default-executor-0] INFO  impl.FollowerInfo (FollowerInfo.java:lambda$new$0(51)) - 2b32037e-5057-43b0-83a7-854222bbab73@group-EE90CBDC8AA9->0d6c1360-600e-4025-8081-764eff476ffd: nextIndex: updateUnconditionally 2 -> 1
2019-10-09 22:47:42,478 [grpc-default-executor-0] WARN  server.GrpcLogAppender (LogUtils.java:warn(134)) - 2b32037e-5057-43b0-83a7-854222bbab73@group-EE90CBDC8AA9->0d6c1360-600e-4025-8081-764eff476ffd-AppendLogResponseHandler: Failed appendEntries: org.apache.ratis.thirdparty.io.grpc.StatusRuntimeException: UNAVAILABLE: io exception
2019-10-09 22:47:42,478 [grpc-default-executor-0] INFO  impl.FollowerInfo (FollowerInfo.java:lambda$new$0(51)) - 2b32037e-5057-43b0-83a7-854222bbab73@group-EE90CBDC8AA9->0d6c1360-600e-4025-8081-764eff476ffd: nextIndex: updateUnconditionally 2 -> 1
2019-10-09 22:47:42,490 [grpc-default-executor-4] WARN  server.GrpcLogAppender (LogUtils.java:warn(134)) - 2b32037e-5057-43b0-83a7-854222bbab73@group-EE90CBDC8AA9->0d6c1360-600e-4025-8081-764eff476ffd-AppendLogResponseHandler: Failed appendEntries: org.apache.ratis.thirdparty.io.grpc.StatusRuntimeException: UNAVAILABLE: io exception
2019-10-09 22:47:42,491 [grpc-default-executor-4] INFO  impl.FollowerInfo (FollowerInfo.java:lambda$new$0(51)) - 2b32037e-5057-43b0-83a7-854222bbab73@group-EE90CBDC8AA9->0d6c1360-600e-4025-8081-764eff476ffd: nextIndex: updateUnconditionally 2 -> 1
2019-10-09 22:47:42,491 [EventQueue-IncrementalContainerReportForIncrementalContainerReportHandler] WARN  container.IncrementalContainerReportHandler (AbstractContainerReportHandler.java:updateContainerState(145)) - Container #1 is in OPEN state, but the datanode 2b32037e-5057-43b0-83a7-854222bbab73{ip: 192.168.164.207, host: pr-hdds-1868-7c4vz-2804340038, networkLocation: /default-rack, certSerialId: null} reports an CLOSING replica.
2019-10-09 22:47:42,493 [EventQueue-IncrementalContainerReportForIncrementalContainerReportHandler] WARN  container.IncrementalContainerReportHandler (AbstractContainerReportHandler.java:updateContainerState(145)) - Container #1 is in OPEN state, but the datanode 8dcd39d9-bb30-415b-8513-406c1d30fe52{ip: 192.168.164.207, host: pr-hdds-1868-7c4vz-2804340038, networkLocation: /default-rack, certSerialId: null} reports an CLOSING replica.
2019-10-09 22:47:42,560 [RatisApplyTransactionExecutor 1] INFO  interfaces.Container (KeyValueContainer.java:flushAndSyncDB(386)) - Container 1 is synced with bcsId 0.
2019-10-09 22:47:42,603 [RatisApplyTransactionExecutor 1] INFO  interfaces.Container (KeyValueContainer.java:flushAndSyncDB(386)) - Container 1 is synced with bcsId 0.
2019-10-09 22:47:42,615 [RatisApplyTransactionExecutor 1] INFO  interfaces.Container (KeyValueContainer.java:flushAndSyncDB(386)) - Container 1 is synced with bcsId 0.
2019-10-09 22:47:42,615 [RatisApplyTransactionExecutor 1] INFO  interfaces.Container (KeyValueContainer.java:flushAndSyncDB(386)) - Container 1 is synced with bcsId 0.
2019-10-09 22:47:42,617 [RatisApplyTransactionExecutor 1] INFO  interfaces.Container (KeyValueContainer.java:close(335)) - Container 1 is closed with bcsId 0.
2019-10-09 22:47:42,621 [RatisApplyTransactionExecutor 1] INFO  interfaces.Container (KeyValueContainer.java:close(335)) - Container 1 is closed with bcsId 0.
2019-10-09 22:47:42,621 [EventQueue-IncrementalContainerReportForIncrementalContainerReportHandler] WARN  container.IncrementalContainerReportHandler (AbstractContainerReportHandler.java:updateContainerState(145)) - Container #1 is in OPEN state, but the datanode 2b32037e-5057-43b0-83a7-854222bbab73{ip: 192.168.164.207, host: pr-hdds-1868-7c4vz-2804340038, networkLocation: /default-rack, certSerialId: null} reports an CLOSED replica.
2019-10-09 22:47:42,622 [EventQueue-IncrementalContainerReportForIncrementalContainerReportHandler] WARN  container.IncrementalContainerReportHandler (AbstractContainerReportHandler.java:updateContainerState(145)) - Container #1 is in OPEN state, but the datanode 8dcd39d9-bb30-415b-8513-406c1d30fe52{ip: 192.168.164.207, host: pr-hdds-1868-7c4vz-2804340038, networkLocation: /default-rack, certSerialId: null} reports an CLOSED replica.
2019-10-09 22:47:44,997 [grpc-default-executor-0] WARN  server.GrpcLogAppender (LogUtils.java:warn(134)) - 2b32037e-5057-43b0-83a7-854222bbab73@group-EE90CBDC8AA9->0d6c1360-600e-4025-8081-764eff476ffd-AppendLogResponseHandler: Failed appendEntries: org.apache.ratis.thirdparty.io.grpc.StatusRuntimeException: UNAVAILABLE: io exception
2019-10-09 22:47:44,998 [grpc-default-executor-0] INFO  impl.FollowerInfo (FollowerInfo.java:lambda$new$0(51)) - 2b32037e-5057-43b0-83a7-854222bbab73@group-EE90CBDC8AA9->0d6c1360-600e-4025-8081-764eff476ffd: nextIndex: updateUnconditionally 1 -> 0
2019-10-09 22:47:45,623 [main] WARN  scm.XceiverClientRatis (XceiverClientRatis.java:watchForCommit(277)) - 3 way commit failed on pipeline Pipeline[ Id: d65d0ce5-e331-4972-a1a3-ee90cbdc8aa9, Nodes: 0d6c1360-600e-4025-8081-764eff476ffd{ip: 192.168.164.207, host: pr-hdds-1868-7c4vz-2804340038, networkLocation: /default-rack, certSerialId: null}8dcd39d9-bb30-415b-8513-406c1d30fe52{ip: 192.168.164.207, host: pr-hdds-1868-7c4vz-2804340038, networkLocation: /default-rack, certSerialId: null}2b32037e-5057-43b0-83a7-854222bbab73{ip: 192.168.164.207, host: pr-hdds-1868-7c4vz-2804340038, networkLocation: /default-rack, certSerialId: null}, Type:RATIS, Factor:THREE, State:OPEN]
java.util.concurrent.TimeoutException
	at java.util.concurrent.CompletableFuture.timedGet(CompletableFuture.java:1771)
	at java.util.concurrent.CompletableFuture.get(CompletableFuture.java:1915)
	at org.apache.hadoop.hdds.scm.XceiverClientRatis.watchForCommit(XceiverClientRatis.java:274)
	at org.apache.hadoop.ozone.client.rpc.TestWatchForCommit.test2WayCommitForTimeoutException(TestWatchForCommit.java:391)
	at sun.reflect.NativeMethodAccessorImpl.invoke0(Native Method)
	at sun.reflect.NativeMethodAccessorImpl.invoke(NativeMethodAccessorImpl.java:62)
	at sun.reflect.DelegatingMethodAccessorImpl.invoke(DelegatingMethodAccessorImpl.java:43)
	at java.lang.reflect.Method.invoke(Method.java:498)
	at org.junit.runners.model.FrameworkMethod$1.runReflectiveCall(FrameworkMethod.java:47)
	at org.junit.internal.runners.model.ReflectiveCallable.run(ReflectiveCallable.java:12)
	at org.junit.runners.model.FrameworkMethod.invokeExplosively(FrameworkMethod.java:44)
	at org.junit.internal.runners.statements.InvokeMethod.evaluate(InvokeMethod.java:17)
	at org.junit.runners.ParentRunner.runLeaf(ParentRunner.java:271)
	at org.junit.runners.BlockJUnit4ClassRunner.runChild(BlockJUnit4ClassRunner.java:70)
	at org.junit.runners.BlockJUnit4ClassRunner.runChild(BlockJUnit4ClassRunner.java:50)
	at org.junit.runners.ParentRunner$3.run(ParentRunner.java:238)
	at org.junit.runners.ParentRunner$1.schedule(ParentRunner.java:63)
	at org.junit.runners.ParentRunner.runChildren(ParentRunner.java:236)
	at org.junit.runners.ParentRunner.access$000(ParentRunner.java:53)
	at org.junit.runners.ParentRunner$2.evaluate(ParentRunner.java:229)
	at org.junit.runners.ParentRunner.run(ParentRunner.java:309)
	at org.apache.maven.surefire.junit4.JUnit4Provider.execute(JUnit4Provider.java:365)
	at org.apache.maven.surefire.junit4.JUnit4Provider.executeWithRerun(JUnit4Provider.java:273)
	at org.apache.maven.surefire.junit4.JUnit4Provider.executeTestSet(JUnit4Provider.java:238)
	at org.apache.maven.surefire.junit4.JUnit4Provider.invoke(JUnit4Provider.java:159)
	at org.apache.maven.surefire.booter.ForkedBooter.invokeProviderInSameClassLoader(ForkedBooter.java:384)
	at org.apache.maven.surefire.booter.ForkedBooter.runSuitesInProcess(ForkedBooter.java:345)
	at org.apache.maven.surefire.booter.ForkedBooter.execute(ForkedBooter.java:126)
	at org.apache.maven.surefire.booter.ForkedBooter.main(ForkedBooter.java:418)
2019-10-09 22:47:47,501 [grpc-default-executor-4] WARN  server.GrpcLogAppender (LogUtils.java:warn(134)) - 2b32037e-5057-43b0-83a7-854222bbab73@group-EE90CBDC8AA9->0d6c1360-600e-4025-8081-764eff476ffd-AppendLogResponseHandler: Failed appendEntries: org.apache.ratis.thirdparty.io.grpc.StatusRuntimeException: UNAVAILABLE: io exception
2019-10-09 22:47:47,501 [grpc-default-executor-4] INFO  impl.FollowerInfo (FollowerInfo.java:lambda$new$0(51)) - 2b32037e-5057-43b0-83a7-854222bbab73@group-EE90CBDC8AA9->0d6c1360-600e-4025-8081-764eff476ffd: nextIndex: updateUnconditionally 0 -> 0
]]></system-out>
    <system-err><![CDATA[Oct 09, 2019 10:47:47 PM org.apache.ratis.thirdparty.io.grpc.internal.ManagedChannelOrphanWrapper$ManagedChannelReference cleanQueue
SEVERE: *~*~*~ Channel ManagedChannelImpl{logId=2410, target=192.168.164.207:38356} was not shutdown properly!!! ~*~*~*
    Make sure to call shutdown()/shutdownNow() and wait until awaitTermination() returns true.
java.lang.RuntimeException: ManagedChannel allocation site
	at org.apache.ratis.thirdparty.io.grpc.internal.ManagedChannelOrphanWrapper$ManagedChannelReference.<init>(ManagedChannelOrphanWrapper.java:103)
	at org.apache.ratis.thirdparty.io.grpc.internal.ManagedChannelOrphanWrapper.<init>(ManagedChannelOrphanWrapper.java:53)
	at org.apache.ratis.thirdparty.io.grpc.internal.ManagedChannelOrphanWrapper.<init>(ManagedChannelOrphanWrapper.java:44)
	at org.apache.ratis.thirdparty.io.grpc.internal.AbstractManagedChannelImplBuilder.build(AbstractManagedChannelImplBuilder.java:411)
	at org.apache.ratis.grpc.client.GrpcClientProtocolClient.<init>(GrpcClientProtocolClient.java:128)
	at org.apache.ratis.grpc.client.GrpcClientRpc.lambda$new$0(GrpcClientRpc.java:55)
	at org.apache.ratis.util.PeerProxyMap$PeerAndProxy.lambda$getProxy$0(PeerProxyMap.java:61)
	at org.apache.ratis.util.LifeCycle.startAndTransition(LifeCycle.java:202)
	at org.apache.ratis.util.PeerProxyMap$PeerAndProxy.getProxy(PeerProxyMap.java:60)
	at org.apache.ratis.util.PeerProxyMap.getProxy(PeerProxyMap.java:108)
	at org.apache.ratis.grpc.client.GrpcClientRpc.sendRequestAsync(GrpcClientRpc.java:66)
	at org.apache.ratis.client.impl.OrderedAsync.sendRequest(OrderedAsync.java:208)
	at org.apache.ratis.client.impl.OrderedAsync.sendRequestWithRetry(OrderedAsync.java:169)
	at org.apache.ratis.util.SlidingWindow$Client.sendOrDelayRequest(SlidingWindow.java:278)
	at org.apache.ratis.util.SlidingWindow$Client.retry(SlidingWindow.java:294)
	at org.apache.ratis.client.impl.OrderedAsync.lambda$scheduleWithTimeout$7(OrderedAsync.java:195)
	at org.apache.ratis.util.TimeoutScheduler.lambda$onTimeout$0(TimeoutScheduler.java:113)
	at org.apache.ratis.util.TimeoutScheduler.lambda$onTimeout$1(TimeoutScheduler.java:133)
	at org.apache.ratis.util.LogUtils.runAndLog(LogUtils.java:50)
	at org.apache.ratis.util.LogUtils$1.run(LogUtils.java:91)
	at java.util.concurrent.Executors$RunnableAdapter.call(Executors.java:511)
	at java.util.concurrent.FutureTask.run(FutureTask.java:266)
	at java.util.concurrent.ScheduledThreadPoolExecutor$ScheduledFutureTask.access$201(ScheduledThreadPoolExecutor.java:180)
	at java.util.concurrent.ScheduledThreadPoolExecutor$ScheduledFutureTask.run(ScheduledThreadPoolExecutor.java:293)
	at java.util.concurrent.ThreadPoolExecutor.runWorker(ThreadPoolExecutor.java:1149)
	at java.util.concurrent.ThreadPoolExecutor$Worker.run(ThreadPoolExecutor.java:624)
	at java.lang.Thread.run(Thread.java:748)

Oct 09, 2019 10:47:47 PM org.apache.ratis.thirdparty.io.grpc.internal.ManagedChannelOrphanWrapper$ManagedChannelReference cleanQueue
SEVERE: *~*~*~ Channel ManagedChannelImpl{logId=2084, target=192.168.164.207:35475} was not shutdown properly!!! ~*~*~*
    Make sure to call shutdown()/shutdownNow() and wait until awaitTermination() returns true.
java.lang.RuntimeException: ManagedChannel allocation site
	at org.apache.ratis.thirdparty.io.grpc.internal.ManagedChannelOrphanWrapper$ManagedChannelReference.<init>(ManagedChannelOrphanWrapper.java:103)
	at org.apache.ratis.thirdparty.io.grpc.internal.ManagedChannelOrphanWrapper.<init>(ManagedChannelOrphanWrapper.java:53)
	at org.apache.ratis.thirdparty.io.grpc.internal.ManagedChannelOrphanWrapper.<init>(ManagedChannelOrphanWrapper.java:44)
	at org.apache.ratis.thirdparty.io.grpc.internal.AbstractManagedChannelImplBuilder.build(AbstractManagedChannelImplBuilder.java:411)
	at org.apache.ratis.grpc.client.GrpcClientProtocolClient.<init>(GrpcClientProtocolClient.java:128)
	at org.apache.ratis.grpc.client.GrpcClientRpc.lambda$new$0(GrpcClientRpc.java:55)
	at org.apache.ratis.util.PeerProxyMap$PeerAndProxy.lambda$getProxy$0(PeerProxyMap.java:61)
	at org.apache.ratis.util.LifeCycle.startAndTransition(LifeCycle.java:202)
	at org.apache.ratis.util.PeerProxyMap$PeerAndProxy.getProxy(PeerProxyMap.java:60)
	at org.apache.ratis.util.PeerProxyMap.getProxy(PeerProxyMap.java:108)
	at org.apache.ratis.grpc.client.GrpcClientRpc.sendRequestAsyncUnordered(GrpcClientRpc.java:78)
	at org.apache.ratis.client.impl.UnorderedAsync.sendRequestWithRetry(UnorderedAsync.java:75)
	at org.apache.ratis.client.impl.UnorderedAsync.lambda$null$2(UnorderedAsync.java:120)
	at org.apache.ratis.util.TimeoutScheduler.lambda$onTimeout$0(TimeoutScheduler.java:113)
	at org.apache.ratis.util.TimeoutScheduler.lambda$onTimeout$1(TimeoutScheduler.java:133)
	at org.apache.ratis.util.LogUtils.runAndLog(LogUtils.java:50)
	at org.apache.ratis.util.LogUtils$1.run(LogUtils.java:91)
	at java.util.concurrent.Executors$RunnableAdapter.call(Executors.java:511)
	at java.util.concurrent.FutureTask.run(FutureTask.java:266)
	at java.util.concurrent.ScheduledThreadPoolExecutor$ScheduledFutureTask.access$201(ScheduledThreadPoolExecutor.java:180)
	at java.util.concurrent.ScheduledThreadPoolExecutor$ScheduledFutureTask.run(ScheduledThreadPoolExecutor.java:293)
	at java.util.concurrent.ThreadPoolExecutor.runWorker(ThreadPoolExecutor.java:1149)
	at java.util.concurrent.ThreadPoolExecutor$Worker.run(ThreadPoolExecutor.java:624)
	at java.lang.Thread.run(Thread.java:748)

]]></system-err>
  </testcase>
</testsuite>