<?xml version="1.0" encoding="UTF-8"?>
<testsuite xmlns:xsi="http://www.w3.org/2001/XMLSchema-instance" xsi:noNamespaceSchemaLocation="https://maven.apache.org/surefire/maven-surefire-plugin/xsd/surefire-test-report.xsd" name="org.apache.hadoop.ozone.scm.pipeline.TestSCMPipelineMetrics" time="152.694" tests="3" errors="0" skipped="0" failures="1">
  <properties>
    <property name="awt.toolkit" value="sun.awt.X11.XToolkit"/>
    <property name="file.encoding.pkg" value="sun.io"/>
    <property name="java.specification.version" value="1.8"/>
    <property name="sun.cpu.isalist" value=""/>
    <property name="sun.jnu.encoding" value="UTF-8"/>
    <property name="java.class.path" value="/workdir/hadoop-ozone/integration-test/target/test-classes:/workdir/hadoop-ozone/integration-test/target/classes:/home/user/.m2/repository/org/apache/hadoop/hadoop-ozone-common/0.5.0-SNAPSHOT/hadoop-ozone-common-0.5.0-SNAPSHOT.jar:/home/user/.m2/repository/org/apache/commons/commons-compress/1.4.1/commons-compress-1.4.1.jar:/home/user/.m2/repository/org/tukaani/xz/1.0/xz-1.0.jar:/home/user/.m2/repository/org/apache/hadoop/hadoop-common/3.2.0/hadoop-common-3.2.0.jar:/home/user/.m2/repository/org/apache/hadoop/hadoop-hdfs/3.2.0/hadoop-hdfs-3.2.0.jar:/home/user/.m2/repository/org/apache/hadoop/hadoop-hdfs-client/3.2.0/hadoop-hdfs-client-3.2.0.jar:/home/user/.m2/repository/com/fasterxml/jackson/core/jackson-annotations/2.9.9/jackson-annotations-2.9.9.jar:/home/user/.m2/repository/org/apache/hadoop/hadoop-hdds-common/0.5.0-SNAPSHOT/hadoop-hdds-common-0.5.0-SNAPSHOT.jar:/home/user/.m2/repository/javax/annotation/javax.annotation-api/1.2/javax.annotation-api-1.2.jar:/home/user/.m2/repository/org/apache/ratis/ratis-server/0.5.0-63cd2fb-SNAPSHOT/ratis-server-0.5.0-63cd2fb-SNAPSHOT.jar:/home/user/.m2/repository/org/apache/ratis/ratis-thirdparty-misc/0.2.0/ratis-thirdparty-misc-0.2.0.jar:/home/user/.m2/repository/org/apache/ratis/ratis-proto/0.5.0-63cd2fb-SNAPSHOT/ratis-proto-0.5.0-63cd2fb-SNAPSHOT.jar:/home/user/.m2/repository/org/apache/ratis/ratis-common/0.5.0-63cd2fb-SNAPSHOT/ratis-common-0.5.0-63cd2fb-SNAPSHOT.jar:/home/user/.m2/repository/org/apache/ratis/ratis-client/0.5.0-63cd2fb-SNAPSHOT/ratis-client-0.5.0-63cd2fb-SNAPSHOT.jar:/home/user/.m2/repository/org/apache/ratis/ratis-metrics/0.5.0-63cd2fb-SNAPSHOT/ratis-metrics-0.5.0-63cd2fb-SNAPSHOT.jar:/home/user/.m2/repository/com/github/joshelser/dropwizard-metrics-hadoop-metrics2-reporter/0.1.2/dropwizard-metrics-hadoop-metrics2-reporter-0.1.2.jar:/home/user/.m2/repository/io/dropwizard/metrics/metrics-jvm/3.2.5/metrics-jvm-3.2.5.jar:/home/user/.m2/repository/io/dropwizard/metrics/metrics-ganglia/3.2.5/metrics-ganglia-3.2.5.jar:/home/user/.m2/repository/info/ganglia/gmetric4j/gmetric4j/1.0.7/gmetric4j-1.0.7.jar:/home/user/.m2/repository/org/apache/ratis/ratis-netty/0.5.0-63cd2fb-SNAPSHOT/ratis-netty-0.5.0-63cd2fb-SNAPSHOT.jar:/home/user/.m2/repository/org/apache/ratis/ratis-grpc/0.5.0-63cd2fb-SNAPSHOT/ratis-grpc-0.5.0-63cd2fb-SNAPSHOT.jar:/home/user/.m2/repository/org/rocksdb/rocksdbjni/6.0.1/rocksdbjni-6.0.1.jar:/home/user/.m2/repository/org/apache/logging/log4j/log4j-api/2.11.0/log4j-api-2.11.0.jar:/home/user/.m2/repository/org/apache/logging/log4j/log4j-core/2.11.0/log4j-core-2.11.0.jar:/home/user/.m2/repository/com/lmax/disruptor/3.4.2/disruptor-3.4.2.jar:/home/user/.m2/repository/org/apache/commons/commons-pool2/2.6.0/commons-pool2-2.6.0.jar:/home/user/.m2/repository/org/bouncycastle/bcpkix-jdk15on/1.60/bcpkix-jdk15on-1.60.jar:/home/user/.m2/repository/commons-validator/commons-validator/1.6/commons-validator-1.6.jar:/home/user/.m2/repository/commons-digester/commons-digester/1.8.1/commons-digester-1.8.1.jar:/home/user/.m2/repository/io/jaegertracing/jaeger-client/0.34.0/jaeger-client-0.34.0.jar:/home/user/.m2/repository/io/jaegertracing/jaeger-thrift/0.34.0/jaeger-thrift-0.34.0.jar:/home/user/.m2/repository/org/apache/thrift/libthrift/0.12.0/libthrift-0.12.0.jar:/home/user/.m2/repository/com/squareup/okhttp3/okhttp/3.9.0/okhttp-3.9.0.jar:/home/user/.m2/repository/com/squareup/okio/okio/1.13.0/okio-1.13.0.jar:/home/user/.m2/repository/io/jaegertracing/jaeger-core/0.34.0/jaeger-core-0.34.0.jar:/home/user/.m2/repository/io/jaegertracing/jaeger-tracerresolver/0.34.0/jaeger-tracerresolver-0.34.0.jar:/home/user/.m2/repository/io/opentracing/contrib/opentracing-tracerresolver/0.1.5/opentracing-tracerresolver-0.1.5.jar:/home/user/.m2/repository/io/opentracing/opentracing-util/0.31.0/opentracing-util-0.31.0.jar:/home/user/.m2/repository/io/opentracing/opentracing-api/0.31.0/opentracing-api-0.31.0.jar:/home/user/.m2/repository/io/opentracing/opentracing-noop/0.31.0/opentracing-noop-0.31.0.jar:/home/user/.m2/repository/org/apache/hadoop/hadoop-hdds-server-framework/0.5.0-SNAPSHOT/hadoop-hdds-server-framework-0.5.0-SNAPSHOT.jar:/home/user/.m2/repository/org/apache/hadoop/hadoop-hdds-container-service/0.5.0-SNAPSHOT/hadoop-hdds-container-service-0.5.0-SNAPSHOT.jar:/home/user/.m2/repository/org/apache/hadoop/hadoop-hdds-client/0.5.0-SNAPSHOT/hadoop-hdds-client-0.5.0-SNAPSHOT.jar:/home/user/.m2/repository/org/apache/hadoop/hadoop-hdds-tools/0.5.0-SNAPSHOT/hadoop-hdds-tools-0.5.0-SNAPSHOT.jar:/home/user/.m2/repository/org/apache/hadoop/hadoop-hdds-server-scm/0.5.0-SNAPSHOT/hadoop-hdds-server-scm-0.5.0-SNAPSHOT.jar:/home/user/.m2/repository/org/apache/hadoop/hadoop-hdds-docs/0.5.0-SNAPSHOT/hadoop-hdds-docs-0.5.0-SNAPSHOT.jar:/home/user/.m2/repository/io/dropwizard/metrics/metrics-core/3.2.4/metrics-core-3.2.4.jar:/home/user/.m2/repository/org/hamcrest/hamcrest-all/1.3/hamcrest-all-1.3.jar:/home/user/.m2/repository/org/bouncycastle/bcprov-jdk15on/1.60/bcprov-jdk15on-1.60.jar:/home/user/.m2/repository/info/picocli/picocli/3.9.6/picocli-3.9.6.jar:/home/user/.m2/repository/com/google/protobuf/protobuf-java/2.5.0/protobuf-java-2.5.0.jar:/home/user/.m2/repository/com/google/guava/guava/11.0.2/guava-11.0.2.jar:/home/user/.m2/repository/org/apache/hadoop/hadoop-ozone-ozone-manager/0.5.0-SNAPSHOT/hadoop-ozone-ozone-manager-0.5.0-SNAPSHOT.jar:/home/user/.m2/repository/org/apache/hadoop/hadoop-minikdc/3.2.0/hadoop-minikdc-3.2.0.jar:/home/user/.m2/repository/commons-io/commons-io/2.5/commons-io-2.5.jar:/home/user/.m2/repository/org/apache/kerby/kerb-simplekdc/1.0.1/kerb-simplekdc-1.0.1.jar:/home/user/.m2/repository/org/apache/kerby/kerb-client/1.0.1/kerb-client-1.0.1.jar:/home/user/.m2/repository/org/apache/kerby/kerby-config/1.0.1/kerby-config-1.0.1.jar:/home/user/.m2/repository/org/apache/kerby/kerb-core/1.0.1/kerb-core-1.0.1.jar:/home/user/.m2/repository/org/apache/kerby/kerby-pkix/1.0.1/kerby-pkix-1.0.1.jar:/home/user/.m2/repository/org/apache/kerby/kerby-asn1/1.0.1/kerby-asn1-1.0.1.jar:/home/user/.m2/repository/org/apache/kerby/kerby-util/1.0.1/kerby-util-1.0.1.jar:/home/user/.m2/repository/org/apache/kerby/kerb-common/1.0.1/kerb-common-1.0.1.jar:/home/user/.m2/repository/org/apache/kerby/kerb-crypto/1.0.1/kerb-crypto-1.0.1.jar:/home/user/.m2/repository/org/apache/kerby/kerb-util/1.0.1/kerb-util-1.0.1.jar:/home/user/.m2/repository/org/apache/kerby/token-provider/1.0.1/token-provider-1.0.1.jar:/home/user/.m2/repository/org/apache/kerby/kerb-admin/1.0.1/kerb-admin-1.0.1.jar:/home/user/.m2/repository/org/apache/kerby/kerb-server/1.0.1/kerb-server-1.0.1.jar:/home/user/.m2/repository/org/apache/kerby/kerb-identity/1.0.1/kerb-identity-1.0.1.jar:/home/user/.m2/repository/org/apache/kerby/kerby-xdr/1.0.1/kerby-xdr-1.0.1.jar:/home/user/.m2/repository/org/slf4j/slf4j-log4j12/1.7.25/slf4j-log4j12-1.7.25.jar:/home/user/.m2/repository/org/apache/hadoop/hadoop-ozone-s3gateway/0.5.0-SNAPSHOT/hadoop-ozone-s3gateway-0.5.0-SNAPSHOT.jar:/home/user/.m2/repository/org/jboss/weld/servlet/weld-servlet/2.4.7.Final/weld-servlet-2.4.7.Final.jar:/home/user/.m2/repository/org/glassfish/jersey/containers/jersey-container-servlet-core/2.27/jersey-container-servlet-core-2.27.jar:/home/user/.m2/repository/org/glassfish/hk2/external/javax.inject/2.5.0-b42/javax.inject-2.5.0-b42.jar:/home/user/.m2/repository/org/glassfish/jersey/core/jersey-common/2.27/jersey-common-2.27.jar:/home/user/.m2/repository/org/glassfish/hk2/osgi-resource-locator/1.0.1/osgi-resource-locator-1.0.1.jar:/home/user/.m2/repository/javax/ws/rs/javax.ws.rs-api/2.1/javax.ws.rs-api-2.1.jar:/home/user/.m2/repository/org/glassfish/jersey/ext/cdi/jersey-cdi1x/2.27/jersey-cdi1x-2.27.jar:/home/user/.m2/repository/org/glassfish/jersey/inject/jersey-hk2/2.27/jersey-hk2-2.27.jar:/home/user/.m2/repository/org/glassfish/hk2/hk2-locator/2.5.0-b42/hk2-locator-2.5.0-b42.jar:/home/user/.m2/repository/org/javassist/javassist/3.22.0-CR2/javassist-3.22.0-CR2.jar:/home/user/.m2/repository/org/glassfish/hk2/hk2-api/2.5.0/hk2-api-2.5.0.jar:/home/user/.m2/repository/org/glassfish/hk2/external/jakarta.inject/2.5.0/jakarta.inject-2.5.0.jar:/home/user/.m2/repository/org/glassfish/hk2/hk2-utils/2.5.0/hk2-utils-2.5.0.jar:/home/user/.m2/repository/jakarta/annotation/jakarta.annotation-api/1.3.4/jakarta.annotation-api-1.3.4.jar:/home/user/.m2/repository/org/glassfish/hk2/external/aopalliance-repackaged/2.5.0/aopalliance-repackaged-2.5.0.jar:/home/user/.m2/repository/com/fasterxml/jackson/dataformat/jackson-dataformat-xml/2.9.0/jackson-dataformat-xml-2.9.0.jar:/home/user/.m2/repository/com/fasterxml/jackson/core/jackson-core/2.9.9/jackson-core-2.9.9.jar:/home/user/.m2/repository/com/fasterxml/jackson/module/jackson-module-jaxb-annotations/2.9.9/jackson-module-jaxb-annotations-2.9.9.jar:/home/user/.m2/repository/javax/enterprise/cdi-api/1.2/cdi-api-1.2.jar:/home/user/.m2/repository/javax/el/javax.el-api/3.0.0/javax.el-api-3.0.0.jar:/home/user/.m2/repository/javax/interceptor/javax.interceptor-api/1.2/javax.interceptor-api-1.2.jar:/home/user/.m2/repository/javax/inject/javax.inject/1/javax.inject-1.jar:/home/user/.m2/repository/com/sun/xml/bind/jaxb-impl/2.3.0.1/jaxb-impl-2.3.0.1.jar:/home/user/.m2/repository/com/sun/xml/bind/jaxb-core/2.3.0.1/jaxb-core-2.3.0.1.jar:/home/user/.m2/repository/javax/xml/bind/jaxb-api/2.3.0/jaxb-api-2.3.0.jar:/home/user/.m2/repository/javax/activation/activation/1.1.1/activation-1.1.1.jar:/home/user/.m2/repository/org/apache/hadoop/hadoop-ozone-csi/0.5.0-SNAPSHOT/hadoop-ozone-csi-0.5.0-SNAPSHOT.jar:/home/user/.m2/repository/com/google/protobuf/protobuf-java-util/3.5.1/protobuf-java-util-3.5.1.jar:/home/user/.m2/repository/org/apache/hadoop/hadoop-hdds-config/0.5.0-SNAPSHOT/hadoop-hdds-config-0.5.0-SNAPSHOT.jar:/home/user/.m2/repository/io/grpc/grpc-netty/1.17.1/grpc-netty-1.17.1.jar:/home/user/.m2/repository/io/grpc/grpc-core/1.17.1/grpc-core-1.17.1.jar:/home/user/.m2/repository/io/grpc/grpc-context/1.17.1/grpc-context-1.17.1.jar:/home/user/.m2/repository/com/google/errorprone/error_prone_annotations/2.2.0/error_prone_annotations-2.2.0.jar:/home/user/.m2/repository/org/codehaus/mojo/animal-sniffer-annotations/1.17/animal-sniffer-annotations-1.17.jar:/home/user/.m2/repository/io/opencensus/opencensus-api/0.17.0/opencensus-api-0.17.0.jar:/home/user/.m2/repository/io/opencensus/opencensus-contrib-grpc-metrics/0.17.0/opencensus-contrib-grpc-metrics-0.17.0.jar:/home/user/.m2/repository/io/netty/netty-codec-http2/4.1.30.Final/netty-codec-http2-4.1.30.Final.jar:/home/user/.m2/repository/io/netty/netty-codec-http/4.1.30.Final/netty-codec-http-4.1.30.Final.jar:/home/user/.m2/repository/io/netty/netty-codec/4.1.30.Final/netty-codec-4.1.30.Final.jar:/home/user/.m2/repository/io/netty/netty-handler/4.1.30.Final/netty-handler-4.1.30.Final.jar:/home/user/.m2/repository/io/netty/netty-handler-proxy/4.1.30.Final/netty-handler-proxy-4.1.30.Final.jar:/home/user/.m2/repository/io/netty/netty-codec-socks/4.1.30.Final/netty-codec-socks-4.1.30.Final.jar:/home/user/.m2/repository/io/netty/netty-transport-native-epoll/4.1.30.Final/netty-transport-native-epoll-4.1.30.Final.jar:/home/user/.m2/repository/io/netty/netty-common/4.1.30.Final/netty-common-4.1.30.Final.jar:/home/user/.m2/repository/io/netty/netty-buffer/4.1.30.Final/netty-buffer-4.1.30.Final.jar:/home/user/.m2/repository/io/netty/netty-transport/4.1.30.Final/netty-transport-4.1.30.Final.jar:/home/user/.m2/repository/io/netty/netty-resolver/4.1.30.Final/netty-resolver-4.1.30.Final.jar:/home/user/.m2/repository/io/netty/netty-transport-native-unix-common/4.1.30.Final/netty-transport-native-unix-common-4.1.30.Final.jar:/home/user/.m2/repository/io/grpc/grpc-protobuf/1.17.1/grpc-protobuf-1.17.1.jar:/home/user/.m2/repository/com/google/api/grpc/proto-google-common-protos/1.0.0/proto-google-common-protos-1.0.0.jar:/home/user/.m2/repository/io/grpc/grpc-protobuf-lite/1.17.1/grpc-protobuf-lite-1.17.1.jar:/home/user/.m2/repository/io/grpc/grpc-stub/1.17.1/grpc-stub-1.17.1.jar:/home/user/.m2/repository/org/apache/hadoop/hadoop-ozone-recon/0.5.0-SNAPSHOT/hadoop-ozone-recon-0.5.0-SNAPSHOT.jar:/home/user/.m2/repository/org/apache/hadoop/hadoop-ozone-reconcodegen/0.5.0-SNAPSHOT/hadoop-ozone-reconcodegen-0.5.0-SNAPSHOT.jar:/home/user/.m2/repository/com/google/inject/extensions/guice-multibindings/4.0/guice-multibindings-4.0.jar:/home/user/.m2/repository/com/google/inject/guice/4.0/guice-4.0.jar:/home/user/.m2/repository/aopalliance/aopalliance/1.0/aopalliance-1.0.jar:/home/user/.m2/repository/com/google/inject/extensions/guice-servlet/4.0/guice-servlet-4.0.jar:/home/user/.m2/repository/org/glassfish/jersey/containers/jersey-container-servlet/2.27/jersey-container-servlet-2.27.jar:/home/user/.m2/repository/org/glassfish/hk2/guice-bridge/2.5.0/guice-bridge-2.5.0.jar:/home/user/.m2/repository/org/glassfish/jersey/core/jersey-server/2.27/jersey-server-2.27.jar:/home/user/.m2/repository/org/glassfish/jersey/core/jersey-client/2.27/jersey-client-2.27.jar:/home/user/.m2/repository/org/glassfish/jersey/media/jersey-media-jaxb/2.27/jersey-media-jaxb-2.27.jar:/home/user/.m2/repository/javax/validation/validation-api/1.1.0.Final/validation-api-1.1.0.Final.jar:/home/user/.m2/repository/org/glassfish/jersey/media/jersey-media-json-jackson/2.27/jersey-media-json-jackson-2.27.jar:/home/user/.m2/repository/org/glassfish/jersey/ext/jersey-entity-filtering/2.27/jersey-entity-filtering-2.27.jar:/home/user/.m2/repository/com/google/inject/extensions/guice-assistedinject/4.0/guice-assistedinject-4.0.jar:/home/user/.m2/repository/org/jooq/jooq/3.11.10/jooq-3.11.10.jar:/home/user/.m2/repository/org/jooq/jooq-meta/3.11.10/jooq-meta-3.11.10.jar:/home/user/.m2/repository/org/jooq/jooq-codegen/3.11.10/jooq-codegen-3.11.10.jar:/home/user/.m2/repository/com/jolbox/bonecp/0.8.0.RELEASE/bonecp-0.8.0.RELEASE.jar:/home/user/.m2/repository/org/xerial/sqlite-jdbc/3.25.2/sqlite-jdbc-3.25.2.jar:/home/user/.m2/repository/org/springframework/spring-jdbc/5.1.3.RELEASE/spring-jdbc-5.1.3.RELEASE.jar:/home/user/.m2/repository/org/springframework/spring-beans/5.1.3.RELEASE/spring-beans-5.1.3.RELEASE.jar:/home/user/.m2/repository/org/springframework/spring-core/5.1.3.RELEASE/spring-core-5.1.3.RELEASE.jar:/home/user/.m2/repository/org/springframework/spring-jcl/5.1.3.RELEASE/spring-jcl-5.1.3.RELEASE.jar:/home/user/.m2/repository/org/springframework/spring-tx/5.1.3.RELEASE/spring-tx-5.1.3.RELEASE.jar:/home/user/.m2/repository/org/apache/hadoop/hadoop-ozone-client/0.5.0-SNAPSHOT/hadoop-ozone-client-0.5.0-SNAPSHOT.jar:/home/user/.m2/repository/commons-lang/commons-lang/2.6/commons-lang-2.6.jar:/home/user/.m2/repository/org/apache/hadoop/hadoop-ozone-ozone-manager/0.5.0-SNAPSHOT/hadoop-ozone-ozone-manager-0.5.0-SNAPSHOT-tests.jar:/home/user/.m2/repository/junit/junit/4.11/junit-4.11.jar:/home/user/.m2/repository/org/hamcrest/hamcrest-core/1.3/hamcrest-core-1.3.jar:/home/user/.m2/repository/org/openjdk/jmh/jmh-core/1.19/jmh-core-1.19.jar:/home/user/.m2/repository/net/sf/jopt-simple/jopt-simple/4.6/jopt-simple-4.6.jar:/home/user/.m2/repository/org/apache/commons/commons-math3/3.1.1/commons-math3-3.1.1.jar:/home/user/.m2/repository/org/openjdk/jmh/jmh-generator-annprocess/1.19/jmh-generator-annprocess-1.19.jar:/home/user/.m2/repository/org/mockito/mockito-all/1.8.5/mockito-all-1.8.5.jar:/home/user/.m2/repository/org/apache/hadoop/hadoop-kms/3.2.0/hadoop-kms-3.2.0.jar:/home/user/.m2/repository/org/apache/hadoop/hadoop-auth/3.2.0/hadoop-auth-3.2.0.jar:/home/user/.m2/repository/com/nimbusds/nimbus-jose-jwt/4.41.1/nimbus-jose-jwt-4.41.1.jar:/home/user/.m2/repository/com/github/stephenc/jcip/jcip-annotations/1.0-1/jcip-annotations-1.0-1.jar:/home/user/.m2/repository/net/minidev/json-smart/2.3/json-smart-2.3.jar:/home/user/.m2/repository/net/minidev/accessors-smart/1.2/accessors-smart-1.2.jar:/home/user/.m2/repository/org/ow2/asm/asm/5.0.4/asm-5.0.4.jar:/home/user/.m2/repository/org/apache/curator/curator-framework/2.12.0/curator-framework-2.12.0.jar:/home/user/.m2/repository/com/sun/jersey/jersey-core/1.19/jersey-core-1.19.jar:/home/user/.m2/repository/javax/ws/rs/jsr311-api/1.1.1/jsr311-api-1.1.1.jar:/home/user/.m2/repository/com/sun/jersey/jersey-server/1.19/jersey-server-1.19.jar:/home/user/.m2/repository/javax/servlet/javax.servlet-api/3.1.0/javax.servlet-api-3.1.0.jar:/home/user/.m2/repository/org/eclipse/jetty/jetty-server/9.3.25.v20180904/jetty-server-9.3.25.v20180904.jar:/home/user/.m2/repository/org/eclipse/jetty/jetty-http/9.3.25.v20180904/jetty-http-9.3.25.v20180904.jar:/home/user/.m2/repository/org/eclipse/jetty/jetty-io/9.3.25.v20180904/jetty-io-9.3.25.v20180904.jar:/home/user/.m2/repository/org/eclipse/jetty/jetty-webapp/9.3.25.v20180904/jetty-webapp-9.3.25.v20180904.jar:/home/user/.m2/repository/org/eclipse/jetty/jetty-xml/9.3.25.v20180904/jetty-xml-9.3.25.v20180904.jar:/home/user/.m2/repository/log4j/log4j/1.2.17/log4j-1.2.17.jar:/home/user/.m2/repository/org/slf4j/slf4j-api/1.7.25/slf4j-api-1.7.25.jar:/home/user/.m2/repository/org/slf4j/jul-to-slf4j/1.7.25/jul-to-slf4j-1.7.25.jar:/home/user/.m2/repository/org/eclipse/jetty/jetty-util/9.3.25.v20180904/jetty-util-9.3.25.v20180904.jar:/home/user/.m2/repository/com/fasterxml/jackson/core/jackson-databind/2.9.9/jackson-databind-2.9.9.jar:/home/user/.m2/repository/org/apache/hadoop/hadoop-kms/3.2.0/hadoop-kms-3.2.0-tests.jar:/home/user/.m2/repository/org/apache/hadoop/hadoop-hdds-server-scm/0.5.0-SNAPSHOT/hadoop-hdds-server-scm-0.5.0-SNAPSHOT-tests.jar:/home/user/.m2/repository/org/apache/hadoop/hadoop-hdds-container-service/0.5.0-SNAPSHOT/hadoop-hdds-container-service-0.5.0-SNAPSHOT-tests.jar:/home/user/.m2/repository/org/yaml/snakeyaml/1.16/snakeyaml-1.16.jar:/home/user/.m2/repository/org/apache/hadoop/hadoop-common/3.2.0/hadoop-common-3.2.0-tests.jar:/home/user/.m2/repository/org/apache/hadoop/hadoop-annotations/3.2.0/hadoop-annotations-3.2.0.jar:/usr/lib/jvm/java-1.8-openjdk/jre/../lib/tools.jar:/home/user/.m2/repository/commons-cli/commons-cli/1.2/commons-cli-1.2.jar:/home/user/.m2/repository/org/apache/httpcomponents/httpclient/4.5.2/httpclient-4.5.2.jar:/home/user/.m2/repository/org/apache/httpcomponents/httpcore/4.4.4/httpcore-4.4.4.jar:/home/user/.m2/repository/commons-codec/commons-codec/1.11/commons-codec-1.11.jar:/home/user/.m2/repository/commons-net/commons-net/3.6/commons-net-3.6.jar:/home/user/.m2/repository/commons-collections/commons-collections/3.2.2/commons-collections-3.2.2.jar:/home/user/.m2/repository/org/eclipse/jetty/jetty-servlet/9.3.25.v20180904/jetty-servlet-9.3.25.v20180904.jar:/home/user/.m2/repository/org/eclipse/jetty/jetty-security/9.3.25.v20180904/jetty-security-9.3.25.v20180904.jar:/home/user/.m2/repository/javax/servlet/jsp/jsp-api/2.1/jsp-api-2.1.jar:/home/user/.m2/repository/com/sun/jersey/jersey-servlet/1.19/jersey-servlet-1.19.jar:/home/user/.m2/repository/com/sun/jersey/jersey-json/1.19/jersey-json-1.19.jar:/home/user/.m2/repository/org/codehaus/jettison/jettison/1.1/jettison-1.1.jar:/home/user/.m2/repository/org/codehaus/jackson/jackson-core-asl/1.9.13/jackson-core-asl-1.9.13.jar:/home/user/.m2/repository/org/codehaus/jackson/jackson-mapper-asl/1.9.13/jackson-mapper-asl-1.9.13.jar:/home/user/.m2/repository/org/codehaus/jackson/jackson-jaxrs/1.9.13/jackson-jaxrs-1.9.13.jar:/home/user/.m2/repository/org/codehaus/jackson/jackson-xc/1.9.13/jackson-xc-1.9.13.jar:/home/user/.m2/repository/commons-logging/commons-logging/1.1.3/commons-logging-1.1.3.jar:/home/user/.m2/repository/commons-beanutils/commons-beanutils/1.9.4/commons-beanutils-1.9.4.jar:/home/user/.m2/repository/org/apache/commons/commons-configuration2/2.1.1/commons-configuration2-2.1.1.jar:/home/user/.m2/repository/org/apache/commons/commons-lang3/3.7/commons-lang3-3.7.jar:/home/user/.m2/repository/org/apache/commons/commons-text/1.4/commons-text-1.4.jar:/home/user/.m2/repository/org/apache/avro/avro/1.7.7/avro-1.7.7.jar:/home/user/.m2/repository/com/thoughtworks/paranamer/paranamer/2.3/paranamer-2.3.jar:/home/user/.m2/repository/org/xerial/snappy/snappy-java/1.0.5/snappy-java-1.0.5.jar:/home/user/.m2/repository/com/google/re2j/re2j/1.1/re2j-1.1.jar:/home/user/.m2/repository/com/google/code/gson/gson/2.2.4/gson-2.2.4.jar:/home/user/.m2/repository/com/jcraft/jsch/0.1.54/jsch-0.1.54.jar:/home/user/.m2/repository/org/apache/curator/curator-client/2.12.0/curator-client-2.12.0.jar:/home/user/.m2/repository/org/apache/curator/curator-recipes/2.12.0/curator-recipes-2.12.0.jar:/home/user/.m2/repository/com/google/code/findbugs/jsr305/3.0.0/jsr305-3.0.0.jar:/home/user/.m2/repository/org/apache/htrace/htrace-core4/4.1.0-incubating/htrace-core4-4.1.0-incubating.jar:/home/user/.m2/repository/org/apache/zookeeper/zookeeper/3.4.13/zookeeper-3.4.13.jar:/home/user/.m2/repository/jline/jline/0.9.94/jline-0.9.94.jar:/home/user/.m2/repository/org/apache/yetus/audience-annotations/0.5.0/audience-annotations-0.5.0.jar:/home/user/.m2/repository/org/codehaus/woodstox/stax2-api/3.1.4/stax2-api-3.1.4.jar:/home/user/.m2/repository/com/fasterxml/woodstox/woodstox-core/5.0.3/woodstox-core-5.0.3.jar:/home/user/.m2/repository/dnsjava/dnsjava/2.1.7/dnsjava-2.1.7.jar:/home/user/.m2/repository/org/apache/hadoop/hadoop-hdfs/3.2.0/hadoop-hdfs-3.2.0-tests.jar:/home/user/.m2/repository/org/eclipse/jetty/jetty-util-ajax/9.3.25.v20180904/jetty-util-ajax-9.3.25.v20180904.jar:/home/user/.m2/repository/commons-daemon/commons-daemon/1.0.13/commons-daemon-1.0.13.jar:/home/user/.m2/repository/io/netty/netty/3.10.5.Final/netty-3.10.5.Final.jar:/home/user/.m2/repository/io/netty/netty-all/4.0.52.Final/netty-all-4.0.52.Final.jar:/home/user/.m2/repository/org/fusesource/leveldbjni/leveldbjni-all/1.8/leveldbjni-all-1.8.jar:"/>
    <property name="java.vm.vendor" value="IcedTea"/>
    <property name="sun.arch.data.model" value="64"/>
    <property name="test.build.dir" value="/workdir/hadoop-ozone/integration-test/target/test-dir"/>
    <property name="test.cache.data" value=""/>
    <property name="java.vendor.url" value="https://icedtea.classpath.org"/>
    <property name="user.timezone" value=""/>
    <property name="java.vm.specification.version" value="1.8"/>
    <property name="os.name" value="Linux"/>
    <property name="test.build.data" value="/workdir/hadoop-ozone/integration-test/target/test-dir"/>
    <property name="user.country" value="US"/>
    <property name="sun.java.launcher" value="SUN_STANDARD"/>
    <property name="sun.boot.library.path" value="/usr/lib/jvm/java-1.8-openjdk/jre/lib/amd64"/>
    <property name="sun.java.command" value="/workdir/hadoop-ozone/integration-test/target/surefire/surefirebooter3050178078920855283.jar /workdir/hadoop-ozone/integration-test/target/surefire 2019-10-09T21-39-32_910-jvmRun1 surefire8197045371311396127tmp surefire_701514315662644303343tmp"/>
    <property name="test" value="!TestMiniChaosOzoneCluster"/>
    <property name="surefire.test.class.path" value="/workdir/hadoop-ozone/integration-test/target/test-classes:/workdir/hadoop-ozone/integration-test/target/classes:/home/user/.m2/repository/org/apache/hadoop/hadoop-ozone-common/0.5.0-SNAPSHOT/hadoop-ozone-common-0.5.0-SNAPSHOT.jar:/home/user/.m2/repository/org/apache/commons/commons-compress/1.4.1/commons-compress-1.4.1.jar:/home/user/.m2/repository/org/tukaani/xz/1.0/xz-1.0.jar:/home/user/.m2/repository/org/apache/hadoop/hadoop-common/3.2.0/hadoop-common-3.2.0.jar:/home/user/.m2/repository/org/apache/hadoop/hadoop-hdfs/3.2.0/hadoop-hdfs-3.2.0.jar:/home/user/.m2/repository/org/apache/hadoop/hadoop-hdfs-client/3.2.0/hadoop-hdfs-client-3.2.0.jar:/home/user/.m2/repository/com/fasterxml/jackson/core/jackson-annotations/2.9.9/jackson-annotations-2.9.9.jar:/home/user/.m2/repository/org/apache/hadoop/hadoop-hdds-common/0.5.0-SNAPSHOT/hadoop-hdds-common-0.5.0-SNAPSHOT.jar:/home/user/.m2/repository/javax/annotation/javax.annotation-api/1.2/javax.annotation-api-1.2.jar:/home/user/.m2/repository/org/apache/ratis/ratis-server/0.5.0-63cd2fb-SNAPSHOT/ratis-server-0.5.0-63cd2fb-SNAPSHOT.jar:/home/user/.m2/repository/org/apache/ratis/ratis-thirdparty-misc/0.2.0/ratis-thirdparty-misc-0.2.0.jar:/home/user/.m2/repository/org/apache/ratis/ratis-proto/0.5.0-63cd2fb-SNAPSHOT/ratis-proto-0.5.0-63cd2fb-SNAPSHOT.jar:/home/user/.m2/repository/org/apache/ratis/ratis-common/0.5.0-63cd2fb-SNAPSHOT/ratis-common-0.5.0-63cd2fb-SNAPSHOT.jar:/home/user/.m2/repository/org/apache/ratis/ratis-client/0.5.0-63cd2fb-SNAPSHOT/ratis-client-0.5.0-63cd2fb-SNAPSHOT.jar:/home/user/.m2/repository/org/apache/ratis/ratis-metrics/0.5.0-63cd2fb-SNAPSHOT/ratis-metrics-0.5.0-63cd2fb-SNAPSHOT.jar:/home/user/.m2/repository/com/github/joshelser/dropwizard-metrics-hadoop-metrics2-reporter/0.1.2/dropwizard-metrics-hadoop-metrics2-reporter-0.1.2.jar:/home/user/.m2/repository/io/dropwizard/metrics/metrics-jvm/3.2.5/metrics-jvm-3.2.5.jar:/home/user/.m2/repository/io/dropwizard/metrics/metrics-ganglia/3.2.5/metrics-ganglia-3.2.5.jar:/home/user/.m2/repository/info/ganglia/gmetric4j/gmetric4j/1.0.7/gmetric4j-1.0.7.jar:/home/user/.m2/repository/org/apache/ratis/ratis-netty/0.5.0-63cd2fb-SNAPSHOT/ratis-netty-0.5.0-63cd2fb-SNAPSHOT.jar:/home/user/.m2/repository/org/apache/ratis/ratis-grpc/0.5.0-63cd2fb-SNAPSHOT/ratis-grpc-0.5.0-63cd2fb-SNAPSHOT.jar:/home/user/.m2/repository/org/rocksdb/rocksdbjni/6.0.1/rocksdbjni-6.0.1.jar:/home/user/.m2/repository/org/apache/logging/log4j/log4j-api/2.11.0/log4j-api-2.11.0.jar:/home/user/.m2/repository/org/apache/logging/log4j/log4j-core/2.11.0/log4j-core-2.11.0.jar:/home/user/.m2/repository/com/lmax/disruptor/3.4.2/disruptor-3.4.2.jar:/home/user/.m2/repository/org/apache/commons/commons-pool2/2.6.0/commons-pool2-2.6.0.jar:/home/user/.m2/repository/org/bouncycastle/bcpkix-jdk15on/1.60/bcpkix-jdk15on-1.60.jar:/home/user/.m2/repository/commons-validator/commons-validator/1.6/commons-validator-1.6.jar:/home/user/.m2/repository/commons-digester/commons-digester/1.8.1/commons-digester-1.8.1.jar:/home/user/.m2/repository/io/jaegertracing/jaeger-client/0.34.0/jaeger-client-0.34.0.jar:/home/user/.m2/repository/io/jaegertracing/jaeger-thrift/0.34.0/jaeger-thrift-0.34.0.jar:/home/user/.m2/repository/org/apache/thrift/libthrift/0.12.0/libthrift-0.12.0.jar:/home/user/.m2/repository/com/squareup/okhttp3/okhttp/3.9.0/okhttp-3.9.0.jar:/home/user/.m2/repository/com/squareup/okio/okio/1.13.0/okio-1.13.0.jar:/home/user/.m2/repository/io/jaegertracing/jaeger-core/0.34.0/jaeger-core-0.34.0.jar:/home/user/.m2/repository/io/jaegertracing/jaeger-tracerresolver/0.34.0/jaeger-tracerresolver-0.34.0.jar:/home/user/.m2/repository/io/opentracing/contrib/opentracing-tracerresolver/0.1.5/opentracing-tracerresolver-0.1.5.jar:/home/user/.m2/repository/io/opentracing/opentracing-util/0.31.0/opentracing-util-0.31.0.jar:/home/user/.m2/repository/io/opentracing/opentracing-api/0.31.0/opentracing-api-0.31.0.jar:/home/user/.m2/repository/io/opentracing/opentracing-noop/0.31.0/opentracing-noop-0.31.0.jar:/home/user/.m2/repository/org/apache/hadoop/hadoop-hdds-server-framework/0.5.0-SNAPSHOT/hadoop-hdds-server-framework-0.5.0-SNAPSHOT.jar:/home/user/.m2/repository/org/apache/hadoop/hadoop-hdds-container-service/0.5.0-SNAPSHOT/hadoop-hdds-container-service-0.5.0-SNAPSHOT.jar:/home/user/.m2/repository/org/apache/hadoop/hadoop-hdds-client/0.5.0-SNAPSHOT/hadoop-hdds-client-0.5.0-SNAPSHOT.jar:/home/user/.m2/repository/org/apache/hadoop/hadoop-hdds-tools/0.5.0-SNAPSHOT/hadoop-hdds-tools-0.5.0-SNAPSHOT.jar:/home/user/.m2/repository/org/apache/hadoop/hadoop-hdds-server-scm/0.5.0-SNAPSHOT/hadoop-hdds-server-scm-0.5.0-SNAPSHOT.jar:/home/user/.m2/repository/org/apache/hadoop/hadoop-hdds-docs/0.5.0-SNAPSHOT/hadoop-hdds-docs-0.5.0-SNAPSHOT.jar:/home/user/.m2/repository/io/dropwizard/metrics/metrics-core/3.2.4/metrics-core-3.2.4.jar:/home/user/.m2/repository/org/hamcrest/hamcrest-all/1.3/hamcrest-all-1.3.jar:/home/user/.m2/repository/org/bouncycastle/bcprov-jdk15on/1.60/bcprov-jdk15on-1.60.jar:/home/user/.m2/repository/info/picocli/picocli/3.9.6/picocli-3.9.6.jar:/home/user/.m2/repository/com/google/protobuf/protobuf-java/2.5.0/protobuf-java-2.5.0.jar:/home/user/.m2/repository/com/google/guava/guava/11.0.2/guava-11.0.2.jar:/home/user/.m2/repository/org/apache/hadoop/hadoop-ozone-ozone-manager/0.5.0-SNAPSHOT/hadoop-ozone-ozone-manager-0.5.0-SNAPSHOT.jar:/home/user/.m2/repository/org/apache/hadoop/hadoop-minikdc/3.2.0/hadoop-minikdc-3.2.0.jar:/home/user/.m2/repository/commons-io/commons-io/2.5/commons-io-2.5.jar:/home/user/.m2/repository/org/apache/kerby/kerb-simplekdc/1.0.1/kerb-simplekdc-1.0.1.jar:/home/user/.m2/repository/org/apache/kerby/kerb-client/1.0.1/kerb-client-1.0.1.jar:/home/user/.m2/repository/org/apache/kerby/kerby-config/1.0.1/kerby-config-1.0.1.jar:/home/user/.m2/repository/org/apache/kerby/kerb-core/1.0.1/kerb-core-1.0.1.jar:/home/user/.m2/repository/org/apache/kerby/kerby-pkix/1.0.1/kerby-pkix-1.0.1.jar:/home/user/.m2/repository/org/apache/kerby/kerby-asn1/1.0.1/kerby-asn1-1.0.1.jar:/home/user/.m2/repository/org/apache/kerby/kerby-util/1.0.1/kerby-util-1.0.1.jar:/home/user/.m2/repository/org/apache/kerby/kerb-common/1.0.1/kerb-common-1.0.1.jar:/home/user/.m2/repository/org/apache/kerby/kerb-crypto/1.0.1/kerb-crypto-1.0.1.jar:/home/user/.m2/repository/org/apache/kerby/kerb-util/1.0.1/kerb-util-1.0.1.jar:/home/user/.m2/repository/org/apache/kerby/token-provider/1.0.1/token-provider-1.0.1.jar:/home/user/.m2/repository/org/apache/kerby/kerb-admin/1.0.1/kerb-admin-1.0.1.jar:/home/user/.m2/repository/org/apache/kerby/kerb-server/1.0.1/kerb-server-1.0.1.jar:/home/user/.m2/repository/org/apache/kerby/kerb-identity/1.0.1/kerb-identity-1.0.1.jar:/home/user/.m2/repository/org/apache/kerby/kerby-xdr/1.0.1/kerby-xdr-1.0.1.jar:/home/user/.m2/repository/org/slf4j/slf4j-log4j12/1.7.25/slf4j-log4j12-1.7.25.jar:/home/user/.m2/repository/org/apache/hadoop/hadoop-ozone-s3gateway/0.5.0-SNAPSHOT/hadoop-ozone-s3gateway-0.5.0-SNAPSHOT.jar:/home/user/.m2/repository/org/jboss/weld/servlet/weld-servlet/2.4.7.Final/weld-servlet-2.4.7.Final.jar:/home/user/.m2/repository/org/glassfish/jersey/containers/jersey-container-servlet-core/2.27/jersey-container-servlet-core-2.27.jar:/home/user/.m2/repository/org/glassfish/hk2/external/javax.inject/2.5.0-b42/javax.inject-2.5.0-b42.jar:/home/user/.m2/repository/org/glassfish/jersey/core/jersey-common/2.27/jersey-common-2.27.jar:/home/user/.m2/repository/org/glassfish/hk2/osgi-resource-locator/1.0.1/osgi-resource-locator-1.0.1.jar:/home/user/.m2/repository/javax/ws/rs/javax.ws.rs-api/2.1/javax.ws.rs-api-2.1.jar:/home/user/.m2/repository/org/glassfish/jersey/ext/cdi/jersey-cdi1x/2.27/jersey-cdi1x-2.27.jar:/home/user/.m2/repository/org/glassfish/jersey/inject/jersey-hk2/2.27/jersey-hk2-2.27.jar:/home/user/.m2/repository/org/glassfish/hk2/hk2-locator/2.5.0-b42/hk2-locator-2.5.0-b42.jar:/home/user/.m2/repository/org/javassist/javassist/3.22.0-CR2/javassist-3.22.0-CR2.jar:/home/user/.m2/repository/org/glassfish/hk2/hk2-api/2.5.0/hk2-api-2.5.0.jar:/home/user/.m2/repository/org/glassfish/hk2/external/jakarta.inject/2.5.0/jakarta.inject-2.5.0.jar:/home/user/.m2/repository/org/glassfish/hk2/hk2-utils/2.5.0/hk2-utils-2.5.0.jar:/home/user/.m2/repository/jakarta/annotation/jakarta.annotation-api/1.3.4/jakarta.annotation-api-1.3.4.jar:/home/user/.m2/repository/org/glassfish/hk2/external/aopalliance-repackaged/2.5.0/aopalliance-repackaged-2.5.0.jar:/home/user/.m2/repository/com/fasterxml/jackson/dataformat/jackson-dataformat-xml/2.9.0/jackson-dataformat-xml-2.9.0.jar:/home/user/.m2/repository/com/fasterxml/jackson/core/jackson-core/2.9.9/jackson-core-2.9.9.jar:/home/user/.m2/repository/com/fasterxml/jackson/module/jackson-module-jaxb-annotations/2.9.9/jackson-module-jaxb-annotations-2.9.9.jar:/home/user/.m2/repository/javax/enterprise/cdi-api/1.2/cdi-api-1.2.jar:/home/user/.m2/repository/javax/el/javax.el-api/3.0.0/javax.el-api-3.0.0.jar:/home/user/.m2/repository/javax/interceptor/javax.interceptor-api/1.2/javax.interceptor-api-1.2.jar:/home/user/.m2/repository/javax/inject/javax.inject/1/javax.inject-1.jar:/home/user/.m2/repository/com/sun/xml/bind/jaxb-impl/2.3.0.1/jaxb-impl-2.3.0.1.jar:/home/user/.m2/repository/com/sun/xml/bind/jaxb-core/2.3.0.1/jaxb-core-2.3.0.1.jar:/home/user/.m2/repository/javax/xml/bind/jaxb-api/2.3.0/jaxb-api-2.3.0.jar:/home/user/.m2/repository/javax/activation/activation/1.1.1/activation-1.1.1.jar:/home/user/.m2/repository/org/apache/hadoop/hadoop-ozone-csi/0.5.0-SNAPSHOT/hadoop-ozone-csi-0.5.0-SNAPSHOT.jar:/home/user/.m2/repository/com/google/protobuf/protobuf-java-util/3.5.1/protobuf-java-util-3.5.1.jar:/home/user/.m2/repository/org/apache/hadoop/hadoop-hdds-config/0.5.0-SNAPSHOT/hadoop-hdds-config-0.5.0-SNAPSHOT.jar:/home/user/.m2/repository/io/grpc/grpc-netty/1.17.1/grpc-netty-1.17.1.jar:/home/user/.m2/repository/io/grpc/grpc-core/1.17.1/grpc-core-1.17.1.jar:/home/user/.m2/repository/io/grpc/grpc-context/1.17.1/grpc-context-1.17.1.jar:/home/user/.m2/repository/com/google/errorprone/error_prone_annotations/2.2.0/error_prone_annotations-2.2.0.jar:/home/user/.m2/repository/org/codehaus/mojo/animal-sniffer-annotations/1.17/animal-sniffer-annotations-1.17.jar:/home/user/.m2/repository/io/opencensus/opencensus-api/0.17.0/opencensus-api-0.17.0.jar:/home/user/.m2/repository/io/opencensus/opencensus-contrib-grpc-metrics/0.17.0/opencensus-contrib-grpc-metrics-0.17.0.jar:/home/user/.m2/repository/io/netty/netty-codec-http2/4.1.30.Final/netty-codec-http2-4.1.30.Final.jar:/home/user/.m2/repository/io/netty/netty-codec-http/4.1.30.Final/netty-codec-http-4.1.30.Final.jar:/home/user/.m2/repository/io/netty/netty-codec/4.1.30.Final/netty-codec-4.1.30.Final.jar:/home/user/.m2/repository/io/netty/netty-handler/4.1.30.Final/netty-handler-4.1.30.Final.jar:/home/user/.m2/repository/io/netty/netty-handler-proxy/4.1.30.Final/netty-handler-proxy-4.1.30.Final.jar:/home/user/.m2/repository/io/netty/netty-codec-socks/4.1.30.Final/netty-codec-socks-4.1.30.Final.jar:/home/user/.m2/repository/io/netty/netty-transport-native-epoll/4.1.30.Final/netty-transport-native-epoll-4.1.30.Final.jar:/home/user/.m2/repository/io/netty/netty-common/4.1.30.Final/netty-common-4.1.30.Final.jar:/home/user/.m2/repository/io/netty/netty-buffer/4.1.30.Final/netty-buffer-4.1.30.Final.jar:/home/user/.m2/repository/io/netty/netty-transport/4.1.30.Final/netty-transport-4.1.30.Final.jar:/home/user/.m2/repository/io/netty/netty-resolver/4.1.30.Final/netty-resolver-4.1.30.Final.jar:/home/user/.m2/repository/io/netty/netty-transport-native-unix-common/4.1.30.Final/netty-transport-native-unix-common-4.1.30.Final.jar:/home/user/.m2/repository/io/grpc/grpc-protobuf/1.17.1/grpc-protobuf-1.17.1.jar:/home/user/.m2/repository/com/google/api/grpc/proto-google-common-protos/1.0.0/proto-google-common-protos-1.0.0.jar:/home/user/.m2/repository/io/grpc/grpc-protobuf-lite/1.17.1/grpc-protobuf-lite-1.17.1.jar:/home/user/.m2/repository/io/grpc/grpc-stub/1.17.1/grpc-stub-1.17.1.jar:/home/user/.m2/repository/org/apache/hadoop/hadoop-ozone-recon/0.5.0-SNAPSHOT/hadoop-ozone-recon-0.5.0-SNAPSHOT.jar:/home/user/.m2/repository/org/apache/hadoop/hadoop-ozone-reconcodegen/0.5.0-SNAPSHOT/hadoop-ozone-reconcodegen-0.5.0-SNAPSHOT.jar:/home/user/.m2/repository/com/google/inject/extensions/guice-multibindings/4.0/guice-multibindings-4.0.jar:/home/user/.m2/repository/com/google/inject/guice/4.0/guice-4.0.jar:/home/user/.m2/repository/aopalliance/aopalliance/1.0/aopalliance-1.0.jar:/home/user/.m2/repository/com/google/inject/extensions/guice-servlet/4.0/guice-servlet-4.0.jar:/home/user/.m2/repository/org/glassfish/jersey/containers/jersey-container-servlet/2.27/jersey-container-servlet-2.27.jar:/home/user/.m2/repository/org/glassfish/hk2/guice-bridge/2.5.0/guice-bridge-2.5.0.jar:/home/user/.m2/repository/org/glassfish/jersey/core/jersey-server/2.27/jersey-server-2.27.jar:/home/user/.m2/repository/org/glassfish/jersey/core/jersey-client/2.27/jersey-client-2.27.jar:/home/user/.m2/repository/org/glassfish/jersey/media/jersey-media-jaxb/2.27/jersey-media-jaxb-2.27.jar:/home/user/.m2/repository/javax/validation/validation-api/1.1.0.Final/validation-api-1.1.0.Final.jar:/home/user/.m2/repository/org/glassfish/jersey/media/jersey-media-json-jackson/2.27/jersey-media-json-jackson-2.27.jar:/home/user/.m2/repository/org/glassfish/jersey/ext/jersey-entity-filtering/2.27/jersey-entity-filtering-2.27.jar:/home/user/.m2/repository/com/google/inject/extensions/guice-assistedinject/4.0/guice-assistedinject-4.0.jar:/home/user/.m2/repository/org/jooq/jooq/3.11.10/jooq-3.11.10.jar:/home/user/.m2/repository/org/jooq/jooq-meta/3.11.10/jooq-meta-3.11.10.jar:/home/user/.m2/repository/org/jooq/jooq-codegen/3.11.10/jooq-codegen-3.11.10.jar:/home/user/.m2/repository/com/jolbox/bonecp/0.8.0.RELEASE/bonecp-0.8.0.RELEASE.jar:/home/user/.m2/repository/org/xerial/sqlite-jdbc/3.25.2/sqlite-jdbc-3.25.2.jar:/home/user/.m2/repository/org/springframework/spring-jdbc/5.1.3.RELEASE/spring-jdbc-5.1.3.RELEASE.jar:/home/user/.m2/repository/org/springframework/spring-beans/5.1.3.RELEASE/spring-beans-5.1.3.RELEASE.jar:/home/user/.m2/repository/org/springframework/spring-core/5.1.3.RELEASE/spring-core-5.1.3.RELEASE.jar:/home/user/.m2/repository/org/springframework/spring-jcl/5.1.3.RELEASE/spring-jcl-5.1.3.RELEASE.jar:/home/user/.m2/repository/org/springframework/spring-tx/5.1.3.RELEASE/spring-tx-5.1.3.RELEASE.jar:/home/user/.m2/repository/org/apache/hadoop/hadoop-ozone-client/0.5.0-SNAPSHOT/hadoop-ozone-client-0.5.0-SNAPSHOT.jar:/home/user/.m2/repository/commons-lang/commons-lang/2.6/commons-lang-2.6.jar:/home/user/.m2/repository/org/apache/hadoop/hadoop-ozone-ozone-manager/0.5.0-SNAPSHOT/hadoop-ozone-ozone-manager-0.5.0-SNAPSHOT-tests.jar:/home/user/.m2/repository/junit/junit/4.11/junit-4.11.jar:/home/user/.m2/repository/org/hamcrest/hamcrest-core/1.3/hamcrest-core-1.3.jar:/home/user/.m2/repository/org/openjdk/jmh/jmh-core/1.19/jmh-core-1.19.jar:/home/user/.m2/repository/net/sf/jopt-simple/jopt-simple/4.6/jopt-simple-4.6.jar:/home/user/.m2/repository/org/apache/commons/commons-math3/3.1.1/commons-math3-3.1.1.jar:/home/user/.m2/repository/org/openjdk/jmh/jmh-generator-annprocess/1.19/jmh-generator-annprocess-1.19.jar:/home/user/.m2/repository/org/mockito/mockito-all/1.8.5/mockito-all-1.8.5.jar:/home/user/.m2/repository/org/apache/hadoop/hadoop-kms/3.2.0/hadoop-kms-3.2.0.jar:/home/user/.m2/repository/org/apache/hadoop/hadoop-auth/3.2.0/hadoop-auth-3.2.0.jar:/home/user/.m2/repository/com/nimbusds/nimbus-jose-jwt/4.41.1/nimbus-jose-jwt-4.41.1.jar:/home/user/.m2/repository/com/github/stephenc/jcip/jcip-annotations/1.0-1/jcip-annotations-1.0-1.jar:/home/user/.m2/repository/net/minidev/json-smart/2.3/json-smart-2.3.jar:/home/user/.m2/repository/net/minidev/accessors-smart/1.2/accessors-smart-1.2.jar:/home/user/.m2/repository/org/ow2/asm/asm/5.0.4/asm-5.0.4.jar:/home/user/.m2/repository/org/apache/curator/curator-framework/2.12.0/curator-framework-2.12.0.jar:/home/user/.m2/repository/com/sun/jersey/jersey-core/1.19/jersey-core-1.19.jar:/home/user/.m2/repository/javax/ws/rs/jsr311-api/1.1.1/jsr311-api-1.1.1.jar:/home/user/.m2/repository/com/sun/jersey/jersey-server/1.19/jersey-server-1.19.jar:/home/user/.m2/repository/javax/servlet/javax.servlet-api/3.1.0/javax.servlet-api-3.1.0.jar:/home/user/.m2/repository/org/eclipse/jetty/jetty-server/9.3.25.v20180904/jetty-server-9.3.25.v20180904.jar:/home/user/.m2/repository/org/eclipse/jetty/jetty-http/9.3.25.v20180904/jetty-http-9.3.25.v20180904.jar:/home/user/.m2/repository/org/eclipse/jetty/jetty-io/9.3.25.v20180904/jetty-io-9.3.25.v20180904.jar:/home/user/.m2/repository/org/eclipse/jetty/jetty-webapp/9.3.25.v20180904/jetty-webapp-9.3.25.v20180904.jar:/home/user/.m2/repository/org/eclipse/jetty/jetty-xml/9.3.25.v20180904/jetty-xml-9.3.25.v20180904.jar:/home/user/.m2/repository/log4j/log4j/1.2.17/log4j-1.2.17.jar:/home/user/.m2/repository/org/slf4j/slf4j-api/1.7.25/slf4j-api-1.7.25.jar:/home/user/.m2/repository/org/slf4j/jul-to-slf4j/1.7.25/jul-to-slf4j-1.7.25.jar:/home/user/.m2/repository/org/eclipse/jetty/jetty-util/9.3.25.v20180904/jetty-util-9.3.25.v20180904.jar:/home/user/.m2/repository/com/fasterxml/jackson/core/jackson-databind/2.9.9/jackson-databind-2.9.9.jar:/home/user/.m2/repository/org/apache/hadoop/hadoop-kms/3.2.0/hadoop-kms-3.2.0-tests.jar:/home/user/.m2/repository/org/apache/hadoop/hadoop-hdds-server-scm/0.5.0-SNAPSHOT/hadoop-hdds-server-scm-0.5.0-SNAPSHOT-tests.jar:/home/user/.m2/repository/org/apache/hadoop/hadoop-hdds-container-service/0.5.0-SNAPSHOT/hadoop-hdds-container-service-0.5.0-SNAPSHOT-tests.jar:/home/user/.m2/repository/org/yaml/snakeyaml/1.16/snakeyaml-1.16.jar:/home/user/.m2/repository/org/apache/hadoop/hadoop-common/3.2.0/hadoop-common-3.2.0-tests.jar:/home/user/.m2/repository/org/apache/hadoop/hadoop-annotations/3.2.0/hadoop-annotations-3.2.0.jar:/usr/lib/jvm/java-1.8-openjdk/jre/../lib/tools.jar:/home/user/.m2/repository/commons-cli/commons-cli/1.2/commons-cli-1.2.jar:/home/user/.m2/repository/org/apache/httpcomponents/httpclient/4.5.2/httpclient-4.5.2.jar:/home/user/.m2/repository/org/apache/httpcomponents/httpcore/4.4.4/httpcore-4.4.4.jar:/home/user/.m2/repository/commons-codec/commons-codec/1.11/commons-codec-1.11.jar:/home/user/.m2/repository/commons-net/commons-net/3.6/commons-net-3.6.jar:/home/user/.m2/repository/commons-collections/commons-collections/3.2.2/commons-collections-3.2.2.jar:/home/user/.m2/repository/org/eclipse/jetty/jetty-servlet/9.3.25.v20180904/jetty-servlet-9.3.25.v20180904.jar:/home/user/.m2/repository/org/eclipse/jetty/jetty-security/9.3.25.v20180904/jetty-security-9.3.25.v20180904.jar:/home/user/.m2/repository/javax/servlet/jsp/jsp-api/2.1/jsp-api-2.1.jar:/home/user/.m2/repository/com/sun/jersey/jersey-servlet/1.19/jersey-servlet-1.19.jar:/home/user/.m2/repository/com/sun/jersey/jersey-json/1.19/jersey-json-1.19.jar:/home/user/.m2/repository/org/codehaus/jettison/jettison/1.1/jettison-1.1.jar:/home/user/.m2/repository/org/codehaus/jackson/jackson-core-asl/1.9.13/jackson-core-asl-1.9.13.jar:/home/user/.m2/repository/org/codehaus/jackson/jackson-mapper-asl/1.9.13/jackson-mapper-asl-1.9.13.jar:/home/user/.m2/repository/org/codehaus/jackson/jackson-jaxrs/1.9.13/jackson-jaxrs-1.9.13.jar:/home/user/.m2/repository/org/codehaus/jackson/jackson-xc/1.9.13/jackson-xc-1.9.13.jar:/home/user/.m2/repository/commons-logging/commons-logging/1.1.3/commons-logging-1.1.3.jar:/home/user/.m2/repository/commons-beanutils/commons-beanutils/1.9.4/commons-beanutils-1.9.4.jar:/home/user/.m2/repository/org/apache/commons/commons-configuration2/2.1.1/commons-configuration2-2.1.1.jar:/home/user/.m2/repository/org/apache/commons/commons-lang3/3.7/commons-lang3-3.7.jar:/home/user/.m2/repository/org/apache/commons/commons-text/1.4/commons-text-1.4.jar:/home/user/.m2/repository/org/apache/avro/avro/1.7.7/avro-1.7.7.jar:/home/user/.m2/repository/com/thoughtworks/paranamer/paranamer/2.3/paranamer-2.3.jar:/home/user/.m2/repository/org/xerial/snappy/snappy-java/1.0.5/snappy-java-1.0.5.jar:/home/user/.m2/repository/com/google/re2j/re2j/1.1/re2j-1.1.jar:/home/user/.m2/repository/com/google/code/gson/gson/2.2.4/gson-2.2.4.jar:/home/user/.m2/repository/com/jcraft/jsch/0.1.54/jsch-0.1.54.jar:/home/user/.m2/repository/org/apache/curator/curator-client/2.12.0/curator-client-2.12.0.jar:/home/user/.m2/repository/org/apache/curator/curator-recipes/2.12.0/curator-recipes-2.12.0.jar:/home/user/.m2/repository/com/google/code/findbugs/jsr305/3.0.0/jsr305-3.0.0.jar:/home/user/.m2/repository/org/apache/htrace/htrace-core4/4.1.0-incubating/htrace-core4-4.1.0-incubating.jar:/home/user/.m2/repository/org/apache/zookeeper/zookeeper/3.4.13/zookeeper-3.4.13.jar:/home/user/.m2/repository/jline/jline/0.9.94/jline-0.9.94.jar:/home/user/.m2/repository/org/apache/yetus/audience-annotations/0.5.0/audience-annotations-0.5.0.jar:/home/user/.m2/repository/org/codehaus/woodstox/stax2-api/3.1.4/stax2-api-3.1.4.jar:/home/user/.m2/repository/com/fasterxml/woodstox/woodstox-core/5.0.3/woodstox-core-5.0.3.jar:/home/user/.m2/repository/dnsjava/dnsjava/2.1.7/dnsjava-2.1.7.jar:/home/user/.m2/repository/org/apache/hadoop/hadoop-hdfs/3.2.0/hadoop-hdfs-3.2.0-tests.jar:/home/user/.m2/repository/org/eclipse/jetty/jetty-util-ajax/9.3.25.v20180904/jetty-util-ajax-9.3.25.v20180904.jar:/home/user/.m2/repository/commons-daemon/commons-daemon/1.0.13/commons-daemon-1.0.13.jar:/home/user/.m2/repository/io/netty/netty/3.10.5.Final/netty-3.10.5.Final.jar:/home/user/.m2/repository/io/netty/netty-all/4.0.52.Final/netty-all-4.0.52.Final.jar:/home/user/.m2/repository/org/fusesource/leveldbjni/leveldbjni-all/1.8/leveldbjni-all-1.8.jar:"/>
    <property name="sun.cpu.endian" value="little"/>
    <property name="user.home" value="/home/user"/>
    <property name="user.language" value="en"/>
    <property name="java.specification.vendor" value="Oracle Corporation"/>
    <property name="java.home" value="/usr/lib/jvm/java-1.8-openjdk/jre"/>
    <property name="java.security.krb5.conf" value="/workdir/hadoop-ozone/integration-test/target/test-classes/krb5.conf"/>
    <property name="basedir" value="/workdir/hadoop-ozone/integration-test"/>
    <property name="file.separator" value="/"/>
    <property name="line.separator" value="&#10;"/>
    <property name="java.vm.specification.vendor" value="Oracle Corporation"/>
    <property name="java.specification.name" value="Java Platform API Specification"/>
    <property name="java.awt.graphicsenv" value="sun.awt.X11GraphicsEnvironment"/>
    <property name="surefire.real.class.path" value="/workdir/hadoop-ozone/integration-test/target/surefire/surefirebooter3050178078920855283.jar"/>
    <property name="hadoop.log.dir" value="/workdir/hadoop-ozone/integration-test/target/log"/>
    <property name="sun.boot.class.path" value="/usr/lib/jvm/java-1.8-openjdk/jre/lib/resources.jar:/usr/lib/jvm/java-1.8-openjdk/jre/lib/rt.jar:/usr/lib/jvm/java-1.8-openjdk/jre/lib/sunrsasign.jar:/usr/lib/jvm/java-1.8-openjdk/jre/lib/jsse.jar:/usr/lib/jvm/java-1.8-openjdk/jre/lib/jce.jar:/usr/lib/jvm/java-1.8-openjdk/jre/lib/charsets.jar:/usr/lib/jvm/java-1.8-openjdk/jre/lib/jfr.jar:/usr/lib/jvm/java-1.8-openjdk/jre/classes"/>
    <property name="sun.management.compiler" value="HotSpot 64-Bit Tiered Compilers"/>
    <property name="java.runtime.version" value="1.8.0_212-b04"/>
    <property name="java.net.preferIPv4Stack" value="true"/>
    <property name="user.name" value="jenkins1000"/>
    <property name="path.separator" value=":"/>
    <property name="java.security.egd" value="file:///dev/urandom"/>
    <property name="os.version" value="3.10.0-957.12.2.el7.x86_64"/>
    <property name="java.endorsed.dirs" value="/usr/lib/jvm/java-1.8-openjdk/jre/lib/endorsed"/>
    <property name="java.runtime.name" value="OpenJDK Runtime Environment"/>
    <property name="file.encoding" value="UTF-8"/>
    <property name="java.vm.name" value="OpenJDK 64-Bit Server VM"/>
    <property name="test.build.webapps" value=""/>
    <property name="localRepository" value="/home/user/.m2/repository"/>
    <property name="java.vendor.url.bug" value="https://icedtea.classpath.org/bugzilla"/>
    <property name="java.io.tmpdir" value="/tmp"/>
    <property name="require.test.libhadoop" value=""/>
    <property name="java.version" value="1.8.0_212"/>
    <property name="user.dir" value="/workdir/hadoop-ozone/integration-test"/>
    <property name="os.arch" value="amd64"/>
    <property name="java.vm.specification.name" value="Java Virtual Machine Specification"/>
    <property name="test.build.classes" value="/workdir/hadoop-ozone/integration-test/target/test-classes"/>
    <property name="java.awt.printerjob" value="sun.print.PSPrinterJob"/>
    <property name="sun.os.patch.level" value="unknown"/>
    <property name="hadoop.tmp.dir" value="/workdir/hadoop-ozone/integration-test/target/tmp"/>
    <property name="java.library.path" value="/usr/lib/jvm/java-1.8-openjdk/jre/lib/amd64/server:/usr/lib/jvm/java-1.8-openjdk/jre/lib/amd64:/usr/lib/jvm/java-1.8-openjdk/jre/../lib/amd64:/workdir/hadoop-ozone/integration-test/target/native/target/usr/local/lib:/workdir/hadoop-ozone/integration-test/../../hadoop-common-project/hadoop-common/target/native/target/usr/local/lib:/usr/java/packages/lib/amd64:/usr/lib64:/lib64:/lib:/usr/lib"/>
    <property name="java.vm.info" value="mixed mode"/>
    <property name="java.vendor" value="IcedTea"/>
    <property name="java.vm.version" value="25.212-b04"/>
    <property name="java.ext.dirs" value="/usr/lib/jvm/java-1.8-openjdk/jre/lib/ext:/usr/java/packages/lib/ext"/>
    <property name="sun.io.unicode.encoding" value="UnicodeLittle"/>
    <property name="java.class.version" value="52.0"/>
  </properties>
  <testcase name="testPipelineDestroy" classname="org.apache.hadoop.ozone.scm.pipeline.TestSCMPipelineMetrics" time="29.489">
    <failure message="Bad value for metric NumPipelineDestroyed expected:&lt;1&gt; but was:&lt;5&gt;" type="java.lang.AssertionError"><![CDATA[java.lang.AssertionError: Bad value for metric NumPipelineDestroyed expected:<1> but was:<5>
	at org.junit.Assert.fail(Assert.java:88)
	at org.junit.Assert.failNotEquals(Assert.java:743)
	at org.junit.Assert.assertEquals(Assert.java:118)
	at org.junit.Assert.assertEquals(Assert.java:555)
	at org.apache.hadoop.test.MetricsAsserts.assertCounter(MetricsAsserts.java:227)
	at org.apache.hadoop.ozone.scm.pipeline.TestSCMPipelineMetrics.testPipelineDestroy(TestSCMPipelineMetrics.java:93)
	at sun.reflect.NativeMethodAccessorImpl.invoke0(Native Method)
	at sun.reflect.NativeMethodAccessorImpl.invoke(NativeMethodAccessorImpl.java:62)
	at sun.reflect.DelegatingMethodAccessorImpl.invoke(DelegatingMethodAccessorImpl.java:43)
	at java.lang.reflect.Method.invoke(Method.java:498)
	at org.junit.runners.model.FrameworkMethod$1.runReflectiveCall(FrameworkMethod.java:47)
	at org.junit.internal.runners.model.ReflectiveCallable.run(ReflectiveCallable.java:12)
	at org.junit.runners.model.FrameworkMethod.invokeExplosively(FrameworkMethod.java:44)
	at org.junit.internal.runners.statements.InvokeMethod.evaluate(InvokeMethod.java:17)
	at org.junit.internal.runners.statements.RunBefores.evaluate(RunBefores.java:26)
	at org.junit.internal.runners.statements.RunAfters.evaluate(RunAfters.java:27)
	at org.junit.runners.ParentRunner.runLeaf(ParentRunner.java:271)
	at org.junit.runners.BlockJUnit4ClassRunner.runChild(BlockJUnit4ClassRunner.java:70)
	at org.junit.runners.BlockJUnit4ClassRunner.runChild(BlockJUnit4ClassRunner.java:50)
	at org.junit.runners.ParentRunner$3.run(ParentRunner.java:238)
	at org.junit.runners.ParentRunner$1.schedule(ParentRunner.java:63)
	at org.junit.runners.ParentRunner.runChildren(ParentRunner.java:236)
	at org.junit.runners.ParentRunner.access$000(ParentRunner.java:53)
	at org.junit.runners.ParentRunner$2.evaluate(ParentRunner.java:229)
	at org.junit.runners.ParentRunner.run(ParentRunner.java:309)
	at org.apache.maven.surefire.junit4.JUnit4Provider.execute(JUnit4Provider.java:365)
	at org.apache.maven.surefire.junit4.JUnit4Provider.executeWithRerun(JUnit4Provider.java:273)
	at org.apache.maven.surefire.junit4.JUnit4Provider.executeTestSet(JUnit4Provider.java:238)
	at org.apache.maven.surefire.junit4.JUnit4Provider.invoke(JUnit4Provider.java:159)
	at org.apache.maven.surefire.booter.ForkedBooter.invokeProviderInSameClassLoader(ForkedBooter.java:384)
	at org.apache.maven.surefire.booter.ForkedBooter.runSuitesInProcess(ForkedBooter.java:345)
	at org.apache.maven.surefire.booter.ForkedBooter.execute(ForkedBooter.java:126)
	at org.apache.maven.surefire.booter.ForkedBooter.main(ForkedBooter.java:418)
]]></failure>
    <system-out><![CDATA[2019-10-09 23:14:24,107 [main] WARN  server.ServerUtils (ServerUtils.java:getScmDbDir(145)) - ozone.scm.db.dirs is not configured. We recommend adding this setting. Falling back to ozone.metadata.dirs instead.
2019-10-09 23:14:24,237 [main] WARN  server.ServerUtils (ServerUtils.java:getScmDbDir(145)) - ozone.scm.db.dirs is not configured. We recommend adding this setting. Falling back to ozone.metadata.dirs instead.
2019-10-09 23:14:24,242 [main] WARN  server.ServerUtils (ServerUtils.java:getScmDbDir(145)) - ozone.scm.db.dirs is not configured. We recommend adding this setting. Falling back to ozone.metadata.dirs instead.
2019-10-09 23:14:24,269 [main] INFO  util.log (Log.java:initialized(192)) - Logging initialized @989ms
2019-10-09 23:14:24,376 [main] INFO  db.DBStoreBuilder (DBStoreBuilder.java:addTable(117)) - using custom profile for table: deletedBlocks
2019-10-09 23:14:24,377 [main] INFO  db.DBStoreBuilder (DBStoreBuilder.java:processTables(168)) - Using default column profile:DBProfile.DISK for Table:deletedBlocks
2019-10-09 23:14:24,377 [main] INFO  db.DBStoreBuilder (DBStoreBuilder.java:addTable(117)) - using custom profile for table: validCerts
2019-10-09 23:14:24,377 [main] INFO  db.DBStoreBuilder (DBStoreBuilder.java:processTables(168)) - Using default column profile:DBProfile.DISK for Table:validCerts
2019-10-09 23:14:24,378 [main] INFO  db.DBStoreBuilder (DBStoreBuilder.java:addTable(117)) - using custom profile for table: revokedCerts
2019-10-09 23:14:24,378 [main] INFO  db.DBStoreBuilder (DBStoreBuilder.java:processTables(168)) - Using default column profile:DBProfile.DISK for Table:revokedCerts
2019-10-09 23:14:24,391 [main] INFO  db.DBStoreBuilder (DBStoreBuilder.java:addTable(117)) - using custom profile for table: default
2019-10-09 23:14:24,391 [main] INFO  db.DBStoreBuilder (DBStoreBuilder.java:processTables(174)) - Using default column profile:DBProfile.DISK for Table:default
2019-10-09 23:14:24,392 [main] INFO  db.DBStoreBuilder (DBStoreBuilder.java:getDbProfile(205)) - Using default options. DBProfile.DISK
2019-10-09 23:14:24,703 [main] INFO  net.NodeSchemaLoader (NodeSchemaLoader.java:loadSchemaFromFile(125)) - Loading file from sun.misc.CompoundEnumeration@74235045
2019-10-09 23:14:24,705 [main] INFO  net.NodeSchemaLoader (NodeSchemaLoader.java:loadSchema(171)) - Loading network topology layer schema file
2019-10-09 23:14:24,772 [main] WARN  server.ServerUtils (ServerUtils.java:sanitizeUserArgs(70)) - ozone.scm.stale.node.interval value = 300000 is larger than max = 100000 based on the key value of ozone.scm.heartbeat.thread.interval, reset to the max value 100000.
2019-10-09 23:14:24,774 [main] WARN  server.ServerUtils (ServerUtils.java:sanitizeUserArgs(70)) - ozone.scm.stale.node.interval value = 300000 is larger than max = 100000 based on the key value of ozone.scm.heartbeat.thread.interval, reset to the max value 100000.
2019-10-09 23:14:24,776 [main] INFO  node.SCMNodeManager (SCMNodeManager.java:<init>(116)) - Entering startup safe mode.
2019-10-09 23:14:24,843 [main] INFO  algorithms.ContainerPlacementPolicyFactory (ContainerPlacementPolicyFactory.java:getPolicy(57)) - Create container placement policy of type org.apache.hadoop.hdds.scm.container.placement.algorithms.SCMContainerPlacementRandom
2019-10-09 23:14:24,857 [main] WARN  server.ServerUtils (ServerUtils.java:getScmDbDir(145)) - ozone.scm.db.dirs is not configured. We recommend adding this setting. Falling back to ozone.metadata.dirs instead.
2019-10-09 23:14:24,989 [main] INFO  pipeline.SCMPipelineManager (SCMPipelineManager.java:initializePipelineState(132)) - No pipeline exists in current db
2019-10-09 23:14:24,993 [main] WARN  server.ServerUtils (ServerUtils.java:getScmDbDir(145)) - ozone.scm.db.dirs is not configured. We recommend adding this setting. Falling back to ozone.metadata.dirs instead.
2019-10-09 23:14:25,137 [main] WARN  events.EventQueue (EventQueue.java:fireEvent(183)) - No event handler registered for event TypedEvent{payloadType=SafeModeStatus, name='SafeModeStatus'}
2019-10-09 23:14:25,534 [main] INFO  ipc.CallQueueManager (CallQueueManager.java:<init>(84)) - Using callQueue: class java.util.concurrent.LinkedBlockingQueue, queueCapacity: 2000, scheduler: class org.apache.hadoop.ipc.DefaultRpcScheduler, ipcBackoff: false.
2019-10-09 23:14:25,564 [Socket Reader #1 for port 46575] INFO  ipc.Server (Server.java:run(1074)) - Starting Socket Reader #1 for port 46575
2019-10-09 23:14:25,725 [main] INFO  ipc.CallQueueManager (CallQueueManager.java:<init>(84)) - Using callQueue: class java.util.concurrent.LinkedBlockingQueue, queueCapacity: 2000, scheduler: class org.apache.hadoop.ipc.DefaultRpcScheduler, ipcBackoff: false.
2019-10-09 23:14:25,726 [Socket Reader #1 for port 35534] INFO  ipc.Server (Server.java:run(1074)) - Starting Socket Reader #1 for port 35534
2019-10-09 23:14:25,734 [main] INFO  ipc.CallQueueManager (CallQueueManager.java:<init>(84)) - Using callQueue: class java.util.concurrent.LinkedBlockingQueue, queueCapacity: 2000, scheduler: class org.apache.hadoop.ipc.DefaultRpcScheduler, ipcBackoff: false.
2019-10-09 23:14:25,735 [Socket Reader #1 for port 43898] INFO  ipc.Server (Server.java:run(1074)) - Starting Socket Reader #1 for port 43898
2019-10-09 23:14:25,756 [main] INFO  hdfs.DFSUtil (DFSUtil.java:httpServerTemplateForNNAndJN(1641)) - Starting Web-server for scm at: http://0.0.0.0:0
2019-10-09 23:14:25,941 [main] INFO  server.AuthenticationFilter (AuthenticationFilter.java:constructSecretProvider(240)) - Unable to initialize FileSignerSecretProvider, falling back to use random secrets.
2019-10-09 23:14:25,950 [main] WARN  http.HttpRequestLog (HttpRequestLog.java:getRequestLog(97)) - Jetty request log can only be enabled using Log4j
2019-10-09 23:14:25,960 [main] INFO  http.HttpServer2 (HttpServer2.java:addGlobalFilter(975)) - Added global filter 'safety' (class=org.apache.hadoop.http.HttpServer2$QuotingInputFilter)
2019-10-09 23:14:25,963 [main] INFO  http.HttpServer2 (HttpServer2.java:addFilter(948)) - Added filter static_user_filter (class=org.apache.hadoop.http.lib.StaticUserWebFilter$StaticUserFilter) to context scm
2019-10-09 23:14:25,963 [main] INFO  http.HttpServer2 (HttpServer2.java:addFilter(958)) - Added filter static_user_filter (class=org.apache.hadoop.http.lib.StaticUserWebFilter$StaticUserFilter) to context static
2019-10-09 23:14:25,963 [main] INFO  http.HttpServer2 (HttpServer2.java:addFilter(958)) - Added filter static_user_filter (class=org.apache.hadoop.http.lib.StaticUserWebFilter$StaticUserFilter) to context logs
2019-10-09 23:14:26,001 [main] INFO  server.StorageContainerManager (StorageContainerManager.java:start(772)) - StorageContainerLocationProtocol RPC server is listening at /0.0.0.0:43898
2019-10-09 23:14:26,088 [main] WARN  impl.MetricsConfig (MetricsConfig.java:loadFirst(134)) - Cannot locate configuration: tried hadoop-metrics2-storagecontainermanager.properties,hadoop-metrics2.properties
2019-10-09 23:14:26,106 [main] INFO  impl.MetricsSystemImpl (MetricsSystemImpl.java:startTimer(374)) - Scheduled Metric snapshot period at 10 second(s).
2019-10-09 23:14:26,107 [main] INFO  impl.MetricsSystemImpl (MetricsSystemImpl.java:start(191)) - StorageContainerManager metrics system started
2019-10-09 23:14:26,332 [main] INFO  server.SCMClientProtocolServer (SCMClientProtocolServer.java:start(159)) - RPC server for Client  is listening at /0.0.0.0:43898
2019-10-09 23:14:26,333 [IPC Server Responder] INFO  ipc.Server (Server.java:run(1314)) - IPC Server Responder: starting
2019-10-09 23:14:26,333 [IPC Server listener on 43898] INFO  ipc.Server (Server.java:run(1153)) - IPC Server listener on 43898: starting
2019-10-09 23:14:26,335 [main] INFO  server.StorageContainerManager (StorageContainerManager.java:start(782)) - ScmBlockLocationProtocol RPC server is listening at /0.0.0.0:35534
2019-10-09 23:14:26,336 [main] INFO  server.SCMBlockProtocolServer (SCMBlockProtocolServer.java:start(146)) - RPC server for Block Protocol is listening at /0.0.0.0:35534
2019-10-09 23:14:26,337 [IPC Server Responder] INFO  ipc.Server (Server.java:run(1314)) - IPC Server Responder: starting
2019-10-09 23:14:26,337 [IPC Server listener on 35534] INFO  ipc.Server (Server.java:run(1153)) - IPC Server listener on 35534: starting
2019-10-09 23:14:26,339 [main] INFO  server.StorageContainerManager (StorageContainerManager.java:start(786)) - ScmDatanodeProtocl RPC server is listening at /0.0.0.0:46575
2019-10-09 23:14:26,340 [main] INFO  server.SCMDatanodeProtocolServer (SCMDatanodeProtocolServer.java:start(169)) - RPC server for DataNodes is listening at /0.0.0.0:46575
2019-10-09 23:14:26,341 [IPC Server Responder] INFO  ipc.Server (Server.java:run(1314)) - IPC Server Responder: starting
2019-10-09 23:14:26,341 [IPC Server listener on 46575] INFO  ipc.Server (Server.java:run(1153)) - IPC Server listener on 46575: starting
2019-10-09 23:14:26,350 [main] INFO  http.HttpServer2 (HttpServer2.java:bindListener(1191)) - Jetty bound to port 32976
2019-10-09 23:14:26,353 [main] INFO  server.Server (Server.java:doStart(351)) - jetty-9.3.25.v20180904, build timestamp: 2018-09-04T21:11:46Z, git hash: 3ce520221d0240229c862b122d2b06c12a625732
2019-10-09 23:14:26,401 [main] INFO  handler.ContextHandler (ContextHandler.java:doStart(781)) - Started o.e.j.s.ServletContextHandler@65fe9e33{/logs,file:///workdir/hadoop-ozone/integration-test/target/log,AVAILABLE}
2019-10-09 23:14:26,402 [main] INFO  handler.ContextHandler (ContextHandler.java:doStart(781)) - Started o.e.j.s.ServletContextHandler@42f8285e{/static,file:///workdir/hadoop-ozone/integration-test/target/test-classes/webapps/static,AVAILABLE}
2019-10-09 23:14:26,442 [main] INFO  handler.ContextHandler (ContextHandler.java:doStart(781)) - Started o.e.j.w.WebAppContext@3d6300e8{/,file:///workdir/hadoop-ozone/integration-test/target/test-classes/webapps/scm/,AVAILABLE}{/scm}
2019-10-09 23:14:26,451 [main] INFO  server.AbstractConnector (AbstractConnector.java:doStart(278)) - Started ServerConnector@3af4e0bf{HTTP/1.1,[http/1.1]}{0.0.0.0:32976}
2019-10-09 23:14:26,452 [main] INFO  server.Server (Server.java:doStart(419)) - Started @3172ms
2019-10-09 23:14:26,455 [main] INFO  impl.MetricsSinkAdapter (MetricsSinkAdapter.java:start(204)) - Sink prometheus started
2019-10-09 23:14:26,455 [main] INFO  impl.MetricsSystemImpl (MetricsSystemImpl.java:registerSink(301)) - Registered sink prometheus
2019-10-09 23:14:26,457 [main] INFO  server.BaseHttpServer (BaseHttpServer.java:updateConnectorAddress(215)) - HTTP server of SCM is listening at http://0.0.0.0:32976
2019-10-09 23:14:26,463 [org.apache.hadoop.util.JvmPauseMonitor$Monitor@1a2e2935] INFO  util.JvmPauseMonitor (JvmPauseMonitor.java:run(188)) - Starting JVM pause monitor
2019-10-09 23:14:26,466 [main] WARN  server.ServerUtils (ServerUtils.java:getDBPath(222)) - ozone.om.db.dirs is not configured. We recommend adding this setting. Falling back to ozone.metadata.dirs instead.
2019-10-09 23:14:26,774 [main] INFO  ha.OMHANodeDetails (OMHANodeDetails.java:loadOMHAConfig(190)) - Configuration either no ozone.om.address set. Falling back to the default OM address /127.0.0.1:0
2019-10-09 23:14:26,775 [main] INFO  ha.OMHANodeDetails (OMHANodeDetails.java:getOMNodeDetails(220)) - OM Service ID is not set. Setting it to the default ID: omServiceIdDefault
2019-10-09 23:14:26,776 [main] WARN  server.ServerUtils (ServerUtils.java:getDBPath(222)) - ozone.om.db.dirs is not configured. We recommend adding this setting. Falling back to ozone.metadata.dirs instead.
2019-10-09 23:14:26,777 [main] WARN  server.ServerUtils (ServerUtils.java:getDBPath(222)) - ozone.om.db.dirs is not configured. We recommend adding this setting. Falling back to ozone.metadata.dirs instead.
2019-10-09 23:14:27,528 [main] WARN  server.ServerUtils (ServerUtils.java:getDBPath(222)) - ozone.om.db.dirs is not configured. We recommend adding this setting. Falling back to ozone.metadata.dirs instead.
2019-10-09 23:14:27,539 [main] INFO  db.DBStoreBuilder (DBStoreBuilder.java:addTable(117)) - using custom profile for table: userTable
2019-10-09 23:14:27,539 [main] INFO  db.DBStoreBuilder (DBStoreBuilder.java:processTables(168)) - Using default column profile:DBProfile.DISK for Table:userTable
2019-10-09 23:14:27,540 [main] INFO  db.DBStoreBuilder (DBStoreBuilder.java:addTable(117)) - using custom profile for table: volumeTable
2019-10-09 23:14:27,540 [main] INFO  db.DBStoreBuilder (DBStoreBuilder.java:processTables(168)) - Using default column profile:DBProfile.DISK for Table:volumeTable
2019-10-09 23:14:27,540 [main] INFO  db.DBStoreBuilder (DBStoreBuilder.java:addTable(117)) - using custom profile for table: bucketTable
2019-10-09 23:14:27,541 [main] INFO  db.DBStoreBuilder (DBStoreBuilder.java:processTables(168)) - Using default column profile:DBProfile.DISK for Table:bucketTable
2019-10-09 23:14:27,541 [main] INFO  db.DBStoreBuilder (DBStoreBuilder.java:addTable(117)) - using custom profile for table: keyTable
2019-10-09 23:14:27,541 [main] INFO  db.DBStoreBuilder (DBStoreBuilder.java:processTables(168)) - Using default column profile:DBProfile.DISK for Table:keyTable
2019-10-09 23:14:27,542 [main] INFO  db.DBStoreBuilder (DBStoreBuilder.java:addTable(117)) - using custom profile for table: deletedTable
2019-10-09 23:14:27,542 [main] INFO  db.DBStoreBuilder (DBStoreBuilder.java:processTables(168)) - Using default column profile:DBProfile.DISK for Table:deletedTable
2019-10-09 23:14:27,542 [main] INFO  db.DBStoreBuilder (DBStoreBuilder.java:addTable(117)) - using custom profile for table: openKeyTable
2019-10-09 23:14:27,543 [main] INFO  db.DBStoreBuilder (DBStoreBuilder.java:processTables(168)) - Using default column profile:DBProfile.DISK for Table:openKeyTable
2019-10-09 23:14:27,543 [main] INFO  db.DBStoreBuilder (DBStoreBuilder.java:addTable(117)) - using custom profile for table: s3Table
2019-10-09 23:14:27,543 [main] INFO  db.DBStoreBuilder (DBStoreBuilder.java:processTables(168)) - Using default column profile:DBProfile.DISK for Table:s3Table
2019-10-09 23:14:27,544 [main] INFO  db.DBStoreBuilder (DBStoreBuilder.java:addTable(117)) - using custom profile for table: multipartInfoTable
2019-10-09 23:14:27,544 [main] INFO  db.DBStoreBuilder (DBStoreBuilder.java:processTables(168)) - Using default column profile:DBProfile.DISK for Table:multipartInfoTable
2019-10-09 23:14:27,544 [main] INFO  db.DBStoreBuilder (DBStoreBuilder.java:addTable(117)) - using custom profile for table: dTokenTable
2019-10-09 23:14:27,545 [main] INFO  db.DBStoreBuilder (DBStoreBuilder.java:processTables(168)) - Using default column profile:DBProfile.DISK for Table:dTokenTable
2019-10-09 23:14:27,545 [main] INFO  db.DBStoreBuilder (DBStoreBuilder.java:addTable(117)) - using custom profile for table: s3SecretTable
2019-10-09 23:14:27,545 [main] INFO  db.DBStoreBuilder (DBStoreBuilder.java:processTables(168)) - Using default column profile:DBProfile.DISK for Table:s3SecretTable
2019-10-09 23:14:27,546 [main] INFO  db.DBStoreBuilder (DBStoreBuilder.java:addTable(117)) - using custom profile for table: prefixTable
2019-10-09 23:14:27,546 [main] INFO  db.DBStoreBuilder (DBStoreBuilder.java:processTables(168)) - Using default column profile:DBProfile.DISK for Table:prefixTable
2019-10-09 23:14:27,546 [main] INFO  db.DBStoreBuilder (DBStoreBuilder.java:addTable(117)) - using custom profile for table: default
2019-10-09 23:14:27,547 [main] INFO  db.DBStoreBuilder (DBStoreBuilder.java:processTables(174)) - Using default column profile:DBProfile.DISK for Table:default
2019-10-09 23:14:27,547 [main] INFO  db.DBStoreBuilder (DBStoreBuilder.java:getDbProfile(205)) - Using default options. DBProfile.DISK
2019-10-09 23:14:28,177 [main] INFO  ipc.CallQueueManager (CallQueueManager.java:<init>(84)) - Using callQueue: class java.util.concurrent.LinkedBlockingQueue, queueCapacity: 2000, scheduler: class org.apache.hadoop.ipc.DefaultRpcScheduler, ipcBackoff: false.
2019-10-09 23:14:28,178 [Socket Reader #1 for port 35685] INFO  ipc.Server (Server.java:run(1074)) - Starting Socket Reader #1 for port 35685
2019-10-09 23:14:28,200 [main] INFO  om.OzoneManager (OzoneManager.java:start(1069)) - OzoneManager RPC server is listening at localhost/127.0.0.1:35685
2019-10-09 23:14:28,200 [main] INFO  impl.MetricsSystemImpl (MetricsSystemImpl.java:init(158)) - OzoneManager metrics system started (again)
2019-10-09 23:14:28,210 [IPC Server Responder] INFO  ipc.Server (Server.java:run(1314)) - IPC Server Responder: starting
2019-10-09 23:14:28,210 [IPC Server listener on 35685] INFO  ipc.Server (Server.java:run(1153)) - IPC Server listener on 35685: starting
2019-10-09 23:14:28,216 [main] INFO  hdfs.DFSUtil (DFSUtil.java:httpServerTemplateForNNAndJN(1641)) - Starting Web-server for ozoneManager at: http://0.0.0.0:0
2019-10-09 23:14:28,217 [main] INFO  server.AuthenticationFilter (AuthenticationFilter.java:constructSecretProvider(240)) - Unable to initialize FileSignerSecretProvider, falling back to use random secrets.
2019-10-09 23:14:28,218 [main] WARN  http.HttpRequestLog (HttpRequestLog.java:getRequestLog(97)) - Jetty request log can only be enabled using Log4j
2019-10-09 23:14:28,220 [main] INFO  http.HttpServer2 (HttpServer2.java:addGlobalFilter(975)) - Added global filter 'safety' (class=org.apache.hadoop.http.HttpServer2$QuotingInputFilter)
2019-10-09 23:14:28,221 [main] INFO  http.HttpServer2 (HttpServer2.java:addFilter(948)) - Added filter static_user_filter (class=org.apache.hadoop.http.lib.StaticUserWebFilter$StaticUserFilter) to context ozoneManager
2019-10-09 23:14:28,221 [main] INFO  http.HttpServer2 (HttpServer2.java:addFilter(958)) - Added filter static_user_filter (class=org.apache.hadoop.http.lib.StaticUserWebFilter$StaticUserFilter) to context logs
2019-10-09 23:14:28,221 [main] INFO  http.HttpServer2 (HttpServer2.java:addFilter(958)) - Added filter static_user_filter (class=org.apache.hadoop.http.lib.StaticUserWebFilter$StaticUserFilter) to context static
2019-10-09 23:14:28,223 [main] INFO  http.HttpServer2 (HttpServer2.java:bindListener(1191)) - Jetty bound to port 37853
2019-10-09 23:14:28,224 [main] INFO  server.Server (Server.java:doStart(351)) - jetty-9.3.25.v20180904, build timestamp: 2018-09-04T21:11:46Z, git hash: 3ce520221d0240229c862b122d2b06c12a625732
2019-10-09 23:14:28,225 [main] INFO  handler.ContextHandler (ContextHandler.java:doStart(781)) - Started o.e.j.s.ServletContextHandler@1542af63{/logs,file:///workdir/hadoop-ozone/integration-test/target/log,AVAILABLE}
2019-10-09 23:14:28,226 [main] INFO  handler.ContextHandler (ContextHandler.java:doStart(781)) - Started o.e.j.s.ServletContextHandler@20ed3303{/static,file:///workdir/hadoop-ozone/integration-test/target/test-classes/webapps/static,AVAILABLE}
2019-10-09 23:14:28,231 [main] INFO  handler.ContextHandler (ContextHandler.java:doStart(781)) - Started o.e.j.w.WebAppContext@319854f0{/,file:///workdir/hadoop-ozone/integration-test/target/test-classes/webapps/ozoneManager/,AVAILABLE}{/ozoneManager}
2019-10-09 23:14:28,232 [main] INFO  server.AbstractConnector (AbstractConnector.java:doStart(278)) - Started ServerConnector@748fe51d{HTTP/1.1,[http/1.1]}{0.0.0.0:37853}
2019-10-09 23:14:28,233 [main] INFO  server.Server (Server.java:doStart(419)) - Started @4953ms
2019-10-09 23:14:28,233 [main] WARN  impl.MetricsSystemImpl (MetricsSystemImpl.java:register(276)) - Sink prometheus already exists!
2019-10-09 23:14:28,234 [main] INFO  server.BaseHttpServer (BaseHttpServer.java:updateConnectorAddress(215)) - HTTP server of OZONEMANAGER is listening at http://0.0.0.0:37853
2019-10-09 23:14:28,517 [main] INFO  impl.MetricsSystemImpl (MetricsSystemImpl.java:init(158)) - HddsDatanode metrics system started (again)
2019-10-09 23:14:28,580 [main] INFO  ozone.HddsDatanodeService (HddsDatanodeService.java:start(184)) - HddsDatanodeService host:pr-hdds-1868-7c4vz-2804340038 ip:192.168.164.207
2019-10-09 23:14:28,622 [main] INFO  volume.HddsVolume (HddsVolume.java:<init>(176)) - Creating Volume: /workdir/hadoop-ozone/integration-test/target/test-dir/MiniOzoneClusterImpl-e385a4c1-c95f-41f6-a4f8-a3d6a12eb9e0/datanode-0/data/containers/hdds of  storage type : DISK and capacity : 1482555576320
2019-10-09 23:14:28,624 [main] INFO  volume.VolumeSet (VolumeSet.java:initializeVolumeSet(170)) - Added Volume : /workdir/hadoop-ozone/integration-test/target/test-dir/MiniOzoneClusterImpl-e385a4c1-c95f-41f6-a4f8-a3d6a12eb9e0/datanode-0/data/containers/hdds to VolumeSet
2019-10-09 23:14:28,628 [main] INFO  volume.ThrottledAsyncChecker (ThrottledAsyncChecker.java:schedule(141)) - Scheduling a check for org.apache.hadoop.ozone.container.common.volume.HddsVolume@50194e8d
2019-10-09 23:14:28,649 [main] INFO  volume.HddsVolumeChecker (HddsVolumeChecker.java:checkAllVolumes(204)) - Scheduled health check for volume org.apache.hadoop.ozone.container.common.volume.HddsVolume@50194e8d
2019-10-09 23:14:28,787 [main] INFO  impl.RaftServerProxy (ConfUtils.java:logGet(43)) - raft.rpc.type = GRPC (default)
2019-10-09 23:14:28,858 [main] INFO  grpc.GrpcFactory (GrpcFactory.java:checkPooledByteBufAllocatorUseCacheForAllThreads(45)) - PERFORMANCE WARNING: useCacheForAllThreads is true that may cause Netty to create a lot garbage objects and, as a result, trigger GC.
	It is recommended to disable useCacheForAllThreads by setting -Dorg.apache.ratis.thirdparty.io.netty.allocator.useCacheForAllThreads=false in command line.
2019-10-09 23:14:28,863 [main] INFO  grpc.GrpcConfigKeys$Server (ConfUtils.java:logGet(43)) - raft.grpc.server.port = 0 (default)
2019-10-09 23:14:28,864 [main] INFO  server.GrpcService (ConfUtils.java:logGet(43)) - raft.grpc.message.size.max = 33570816 (custom)
2019-10-09 23:14:28,866 [main] INFO  server.RaftServerConfigKeys (ConfUtils.java:logGet(43)) - raft.server.log.appender.buffer.byte-limit = 33554432 (custom)
2019-10-09 23:14:28,867 [main] INFO  server.GrpcService (ConfUtils.java:logGet(43)) - raft.grpc.flow.control.window = 1MB (=1048576) (default)
2019-10-09 23:14:28,868 [main] INFO  server.RaftServerConfigKeys (ConfUtils.java:logGet(43)) - raft.server.rpc.request.timeout = 3000ms (default)
2019-10-09 23:14:29,029 [main] INFO  server.RaftServerConfigKeys (ConfUtils.java:logGet(43)) - raft.server.storage.dir = [/workdir/hadoop-ozone/integration-test/target/test-dir/MiniOzoneClusterImpl-e385a4c1-c95f-41f6-a4f8-a3d6a12eb9e0/datanode-0/data/ratis] (custom)
2019-10-09 23:14:29,090 [main] INFO  hdfs.DFSUtil (DFSUtil.java:httpServerTemplateForNNAndJN(1641)) - Starting Web-server for hddsDatanode at: http://0.0.0.0:0
2019-10-09 23:14:29,093 [main] INFO  server.AuthenticationFilter (AuthenticationFilter.java:constructSecretProvider(240)) - Unable to initialize FileSignerSecretProvider, falling back to use random secrets.
2019-10-09 23:14:29,094 [main] WARN  http.HttpRequestLog (HttpRequestLog.java:getRequestLog(97)) - Jetty request log can only be enabled using Log4j
2019-10-09 23:14:29,096 [main] INFO  http.HttpServer2 (HttpServer2.java:addGlobalFilter(975)) - Added global filter 'safety' (class=org.apache.hadoop.http.HttpServer2$QuotingInputFilter)
2019-10-09 23:14:29,097 [main] INFO  http.HttpServer2 (HttpServer2.java:addFilter(948)) - Added filter static_user_filter (class=org.apache.hadoop.http.lib.StaticUserWebFilter$StaticUserFilter) to context hddsDatanode
2019-10-09 23:14:29,097 [main] INFO  http.HttpServer2 (HttpServer2.java:addFilter(958)) - Added filter static_user_filter (class=org.apache.hadoop.http.lib.StaticUserWebFilter$StaticUserFilter) to context static
2019-10-09 23:14:29,098 [main] INFO  http.HttpServer2 (HttpServer2.java:addFilter(958)) - Added filter static_user_filter (class=org.apache.hadoop.http.lib.StaticUserWebFilter$StaticUserFilter) to context logs
2019-10-09 23:14:29,099 [main] INFO  http.HttpServer2 (HttpServer2.java:bindListener(1191)) - Jetty bound to port 34405
2019-10-09 23:14:29,099 [main] INFO  server.Server (Server.java:doStart(351)) - jetty-9.3.25.v20180904, build timestamp: 2018-09-04T21:11:46Z, git hash: 3ce520221d0240229c862b122d2b06c12a625732
2019-10-09 23:14:29,102 [main] INFO  handler.ContextHandler (ContextHandler.java:doStart(781)) - Started o.e.j.s.ServletContextHandler@d109c4f{/logs,file:///workdir/hadoop-ozone/integration-test/target/log,AVAILABLE}
2019-10-09 23:14:29,103 [main] INFO  handler.ContextHandler (ContextHandler.java:doStart(781)) - Started o.e.j.s.ServletContextHandler@26f46fa6{/static,jar:file:/home/user/.m2/repository/org/apache/hadoop/hadoop-hdds-container-service/0.5.0-SNAPSHOT/hadoop-hdds-container-service-0.5.0-SNAPSHOT.jar!/webapps/static,AVAILABLE}
2019-10-09 23:14:29,147 [main] INFO  handler.ContextHandler (ContextHandler.java:doStart(781)) - Started o.e.j.w.WebAppContext@6981f8f3{/,file:///tmp/jetty-0.0.0.0-34405-hddsDatanode-_-any-3382143014999528105.dir/webapp/,AVAILABLE}{/hddsDatanode}
2019-10-09 23:14:29,148 [main] INFO  server.AbstractConnector (AbstractConnector.java:doStart(278)) - Started ServerConnector@623dcf2a{HTTP/1.1,[http/1.1]}{0.0.0.0:34405}
2019-10-09 23:14:29,149 [main] INFO  server.Server (Server.java:doStart(419)) - Started @5869ms
2019-10-09 23:14:29,149 [main] WARN  impl.MetricsSystemImpl (MetricsSystemImpl.java:register(276)) - Sink prometheus already exists!
2019-10-09 23:14:29,150 [main] INFO  server.BaseHttpServer (BaseHttpServer.java:updateConnectorAddress(215)) - HTTP server of HDDSDATANODE is listening at http://0.0.0.0:34405
2019-10-09 23:14:29,151 [main] INFO  impl.MetricsSystemImpl (MetricsSystemImpl.java:init(158)) - HddsDatanode metrics system started (again)
2019-10-09 23:14:29,154 [org.apache.hadoop.util.JvmPauseMonitor$Monitor@634dbcbd] INFO  util.JvmPauseMonitor (JvmPauseMonitor.java:run(188)) - Starting JVM pause monitor
2019-10-09 23:14:29,155 [main] INFO  ozone.HddsDatanodeService (HddsDatanodeService.java:start(184)) - HddsDatanodeService host:pr-hdds-1868-7c4vz-2804340038 ip:192.168.164.207
2019-10-09 23:14:29,162 [main] INFO  volume.HddsVolume (HddsVolume.java:<init>(176)) - Creating Volume: /workdir/hadoop-ozone/integration-test/target/test-dir/MiniOzoneClusterImpl-e385a4c1-c95f-41f6-a4f8-a3d6a12eb9e0/datanode-1/data/containers/hdds of  storage type : DISK and capacity : 1482555576320
2019-10-09 23:14:29,163 [main] INFO  volume.VolumeSet (VolumeSet.java:initializeVolumeSet(170)) - Added Volume : /workdir/hadoop-ozone/integration-test/target/test-dir/MiniOzoneClusterImpl-e385a4c1-c95f-41f6-a4f8-a3d6a12eb9e0/datanode-1/data/containers/hdds to VolumeSet
2019-10-09 23:14:29,163 [main] INFO  volume.ThrottledAsyncChecker (ThrottledAsyncChecker.java:schedule(141)) - Scheduling a check for org.apache.hadoop.ozone.container.common.volume.HddsVolume@561b61ed
2019-10-09 23:14:29,163 [main] INFO  volume.HddsVolumeChecker (HddsVolumeChecker.java:checkAllVolumes(204)) - Scheduled health check for volume org.apache.hadoop.ozone.container.common.volume.HddsVolume@561b61ed
2019-10-09 23:14:29,181 [main] INFO  impl.RaftServerProxy (ConfUtils.java:logGet(43)) - raft.rpc.type = GRPC (default)
2019-10-09 23:14:29,181 [main] INFO  grpc.GrpcFactory (GrpcFactory.java:checkPooledByteBufAllocatorUseCacheForAllThreads(45)) - PERFORMANCE WARNING: useCacheForAllThreads is true that may cause Netty to create a lot garbage objects and, as a result, trigger GC.
	It is recommended to disable useCacheForAllThreads by setting -Dorg.apache.ratis.thirdparty.io.netty.allocator.useCacheForAllThreads=false in command line.
2019-10-09 23:14:29,182 [main] INFO  grpc.GrpcConfigKeys$Server (ConfUtils.java:logGet(43)) - raft.grpc.server.port = 0 (default)
2019-10-09 23:14:29,182 [main] INFO  server.GrpcService (ConfUtils.java:logGet(43)) - raft.grpc.message.size.max = 33570816 (custom)
2019-10-09 23:14:29,182 [main] INFO  server.RaftServerConfigKeys (ConfUtils.java:logGet(43)) - raft.server.log.appender.buffer.byte-limit = 33554432 (custom)
2019-10-09 23:14:29,182 [main] INFO  server.GrpcService (ConfUtils.java:logGet(43)) - raft.grpc.flow.control.window = 1MB (=1048576) (default)
2019-10-09 23:14:29,183 [main] INFO  server.RaftServerConfigKeys (ConfUtils.java:logGet(43)) - raft.server.rpc.request.timeout = 3000ms (default)
2019-10-09 23:14:29,183 [main] INFO  server.RaftServerConfigKeys (ConfUtils.java:logGet(43)) - raft.server.storage.dir = [/workdir/hadoop-ozone/integration-test/target/test-dir/MiniOzoneClusterImpl-e385a4c1-c95f-41f6-a4f8-a3d6a12eb9e0/datanode-1/data/ratis] (custom)
2019-10-09 23:14:29,185 [main] INFO  hdfs.DFSUtil (DFSUtil.java:httpServerTemplateForNNAndJN(1641)) - Starting Web-server for hddsDatanode at: http://0.0.0.0:0
2019-10-09 23:14:29,186 [main] INFO  server.AuthenticationFilter (AuthenticationFilter.java:constructSecretProvider(240)) - Unable to initialize FileSignerSecretProvider, falling back to use random secrets.
2019-10-09 23:14:29,186 [main] WARN  http.HttpRequestLog (HttpRequestLog.java:getRequestLog(97)) - Jetty request log can only be enabled using Log4j
2019-10-09 23:14:29,188 [main] INFO  http.HttpServer2 (HttpServer2.java:addGlobalFilter(975)) - Added global filter 'safety' (class=org.apache.hadoop.http.HttpServer2$QuotingInputFilter)
2019-10-09 23:14:29,188 [main] INFO  http.HttpServer2 (HttpServer2.java:addFilter(948)) - Added filter static_user_filter (class=org.apache.hadoop.http.lib.StaticUserWebFilter$StaticUserFilter) to context hddsDatanode
2019-10-09 23:14:29,189 [main] INFO  http.HttpServer2 (HttpServer2.java:addFilter(958)) - Added filter static_user_filter (class=org.apache.hadoop.http.lib.StaticUserWebFilter$StaticUserFilter) to context static
2019-10-09 23:14:29,189 [main] INFO  http.HttpServer2 (HttpServer2.java:addFilter(958)) - Added filter static_user_filter (class=org.apache.hadoop.http.lib.StaticUserWebFilter$StaticUserFilter) to context logs
2019-10-09 23:14:29,190 [main] INFO  http.HttpServer2 (HttpServer2.java:bindListener(1191)) - Jetty bound to port 34114
2019-10-09 23:14:29,190 [main] INFO  server.Server (Server.java:doStart(351)) - jetty-9.3.25.v20180904, build timestamp: 2018-09-04T21:11:46Z, git hash: 3ce520221d0240229c862b122d2b06c12a625732
2019-10-09 23:14:29,193 [main] INFO  handler.ContextHandler (ContextHandler.java:doStart(781)) - Started o.e.j.s.ServletContextHandler@5679e96b{/logs,file:///workdir/hadoop-ozone/integration-test/target/log,AVAILABLE}
2019-10-09 23:14:29,194 [main] INFO  handler.ContextHandler (ContextHandler.java:doStart(781)) - Started o.e.j.s.ServletContextHandler@3bbf841e{/static,jar:file:/home/user/.m2/repository/org/apache/hadoop/hadoop-hdds-container-service/0.5.0-SNAPSHOT/hadoop-hdds-container-service-0.5.0-SNAPSHOT.jar!/webapps/static,AVAILABLE}
2019-10-09 23:14:29,229 [main] INFO  handler.ContextHandler (ContextHandler.java:doStart(781)) - Started o.e.j.w.WebAppContext@5b5e7036{/,file:///tmp/jetty-0.0.0.0-34114-hddsDatanode-_-any-2734724859026951689.dir/webapp/,AVAILABLE}{/hddsDatanode}
2019-10-09 23:14:29,231 [main] INFO  server.AbstractConnector (AbstractConnector.java:doStart(278)) - Started ServerConnector@62dbe64e{HTTP/1.1,[http/1.1]}{0.0.0.0:34114}
2019-10-09 23:14:29,232 [main] INFO  server.Server (Server.java:doStart(419)) - Started @5952ms
2019-10-09 23:14:29,232 [main] WARN  impl.MetricsSystemImpl (MetricsSystemImpl.java:register(276)) - Sink prometheus already exists!
2019-10-09 23:14:29,233 [main] INFO  server.BaseHttpServer (BaseHttpServer.java:updateConnectorAddress(215)) - HTTP server of HDDSDATANODE is listening at http://0.0.0.0:34114
2019-10-09 23:14:29,233 [main] INFO  impl.MetricsSystemImpl (MetricsSystemImpl.java:init(158)) - HddsDatanode metrics system started (again)
2019-10-09 23:14:29,236 [org.apache.hadoop.util.JvmPauseMonitor$Monitor@85d02d8] INFO  util.JvmPauseMonitor (JvmPauseMonitor.java:run(188)) - Starting JVM pause monitor
2019-10-09 23:14:29,238 [main] INFO  ozone.HddsDatanodeService (HddsDatanodeService.java:start(184)) - HddsDatanodeService host:pr-hdds-1868-7c4vz-2804340038 ip:192.168.164.207
2019-10-09 23:14:29,245 [main] INFO  volume.HddsVolume (HddsVolume.java:<init>(176)) - Creating Volume: /workdir/hadoop-ozone/integration-test/target/test-dir/MiniOzoneClusterImpl-e385a4c1-c95f-41f6-a4f8-a3d6a12eb9e0/datanode-2/data/containers/hdds of  storage type : DISK and capacity : 1482555576320
2019-10-09 23:14:29,246 [main] INFO  volume.VolumeSet (VolumeSet.java:initializeVolumeSet(170)) - Added Volume : /workdir/hadoop-ozone/integration-test/target/test-dir/MiniOzoneClusterImpl-e385a4c1-c95f-41f6-a4f8-a3d6a12eb9e0/datanode-2/data/containers/hdds to VolumeSet
2019-10-09 23:14:29,247 [main] INFO  volume.ThrottledAsyncChecker (ThrottledAsyncChecker.java:schedule(141)) - Scheduling a check for org.apache.hadoop.ozone.container.common.volume.HddsVolume@c3edf4c
2019-10-09 23:14:29,247 [main] INFO  volume.HddsVolumeChecker (HddsVolumeChecker.java:checkAllVolumes(204)) - Scheduled health check for volume org.apache.hadoop.ozone.container.common.volume.HddsVolume@c3edf4c
2019-10-09 23:14:29,256 [Datanode State Machine Thread - 0] INFO  datanode.InitDatanodeState (InitDatanodeState.java:persistContainerDatanodeDetails(140)) - DatanodeDetails is persisted to /workdir/hadoop-ozone/integration-test/target/test-dir/MiniOzoneClusterImpl-e385a4c1-c95f-41f6-a4f8-a3d6a12eb9e0/datanode-0/meta/datanode.id
2019-10-09 23:14:29,260 [Datanode State Machine Thread - 0] INFO  datanode.InitDatanodeState (InitDatanodeState.java:persistContainerDatanodeDetails(140)) - DatanodeDetails is persisted to /workdir/hadoop-ozone/integration-test/target/test-dir/MiniOzoneClusterImpl-e385a4c1-c95f-41f6-a4f8-a3d6a12eb9e0/datanode-1/meta/datanode.id
2019-10-09 23:14:29,266 [main] INFO  impl.RaftServerProxy (ConfUtils.java:logGet(43)) - raft.rpc.type = GRPC (default)
2019-10-09 23:14:29,266 [main] INFO  grpc.GrpcFactory (GrpcFactory.java:checkPooledByteBufAllocatorUseCacheForAllThreads(45)) - PERFORMANCE WARNING: useCacheForAllThreads is true that may cause Netty to create a lot garbage objects and, as a result, trigger GC.
	It is recommended to disable useCacheForAllThreads by setting -Dorg.apache.ratis.thirdparty.io.netty.allocator.useCacheForAllThreads=false in command line.
2019-10-09 23:14:29,266 [main] INFO  grpc.GrpcConfigKeys$Server (ConfUtils.java:logGet(43)) - raft.grpc.server.port = 0 (default)
2019-10-09 23:14:29,267 [main] INFO  server.GrpcService (ConfUtils.java:logGet(43)) - raft.grpc.message.size.max = 33570816 (custom)
2019-10-09 23:14:29,267 [main] INFO  server.RaftServerConfigKeys (ConfUtils.java:logGet(43)) - raft.server.log.appender.buffer.byte-limit = 33554432 (custom)
2019-10-09 23:14:29,267 [main] INFO  server.GrpcService (ConfUtils.java:logGet(43)) - raft.grpc.flow.control.window = 1MB (=1048576) (default)
2019-10-09 23:14:29,268 [main] INFO  server.RaftServerConfigKeys (ConfUtils.java:logGet(43)) - raft.server.rpc.request.timeout = 3000ms (default)
2019-10-09 23:14:29,269 [main] INFO  server.RaftServerConfigKeys (ConfUtils.java:logGet(43)) - raft.server.storage.dir = [/workdir/hadoop-ozone/integration-test/target/test-dir/MiniOzoneClusterImpl-e385a4c1-c95f-41f6-a4f8-a3d6a12eb9e0/datanode-2/data/ratis] (custom)
2019-10-09 23:14:29,272 [main] INFO  hdfs.DFSUtil (DFSUtil.java:httpServerTemplateForNNAndJN(1641)) - Starting Web-server for hddsDatanode at: http://0.0.0.0:0
2019-10-09 23:14:29,274 [main] INFO  server.AuthenticationFilter (AuthenticationFilter.java:constructSecretProvider(240)) - Unable to initialize FileSignerSecretProvider, falling back to use random secrets.
2019-10-09 23:14:29,274 [main] WARN  http.HttpRequestLog (HttpRequestLog.java:getRequestLog(97)) - Jetty request log can only be enabled using Log4j
2019-10-09 23:14:29,276 [main] INFO  http.HttpServer2 (HttpServer2.java:addGlobalFilter(975)) - Added global filter 'safety' (class=org.apache.hadoop.http.HttpServer2$QuotingInputFilter)
2019-10-09 23:14:29,277 [main] INFO  http.HttpServer2 (HttpServer2.java:addFilter(948)) - Added filter static_user_filter (class=org.apache.hadoop.http.lib.StaticUserWebFilter$StaticUserFilter) to context hddsDatanode
2019-10-09 23:14:29,277 [main] INFO  http.HttpServer2 (HttpServer2.java:addFilter(958)) - Added filter static_user_filter (class=org.apache.hadoop.http.lib.StaticUserWebFilter$StaticUserFilter) to context logs
2019-10-09 23:14:29,277 [main] INFO  http.HttpServer2 (HttpServer2.java:addFilter(958)) - Added filter static_user_filter (class=org.apache.hadoop.http.lib.StaticUserWebFilter$StaticUserFilter) to context static
2019-10-09 23:14:29,278 [main] INFO  http.HttpServer2 (HttpServer2.java:bindListener(1191)) - Jetty bound to port 45100
2019-10-09 23:14:29,278 [main] INFO  server.Server (Server.java:doStart(351)) - jetty-9.3.25.v20180904, build timestamp: 2018-09-04T21:11:46Z, git hash: 3ce520221d0240229c862b122d2b06c12a625732
2019-10-09 23:14:29,280 [main] INFO  handler.ContextHandler (ContextHandler.java:doStart(781)) - Started o.e.j.s.ServletContextHandler@1cd3b138{/logs,file:///workdir/hadoop-ozone/integration-test/target/log,AVAILABLE}
2019-10-09 23:14:29,280 [main] INFO  handler.ContextHandler (ContextHandler.java:doStart(781)) - Started o.e.j.s.ServletContextHandler@5a6d30e2{/static,jar:file:/home/user/.m2/repository/org/apache/hadoop/hadoop-hdds-container-service/0.5.0-SNAPSHOT/hadoop-hdds-container-service-0.5.0-SNAPSHOT.jar!/webapps/static,AVAILABLE}
2019-10-09 23:14:29,311 [main] INFO  handler.ContextHandler (ContextHandler.java:doStart(781)) - Started o.e.j.w.WebAppContext@6342d610{/,file:///tmp/jetty-0.0.0.0-45100-hddsDatanode-_-any-6461764587806779087.dir/webapp/,AVAILABLE}{/hddsDatanode}
2019-10-09 23:14:29,312 [main] INFO  server.AbstractConnector (AbstractConnector.java:doStart(278)) - Started ServerConnector@dc4a691{HTTP/1.1,[http/1.1]}{0.0.0.0:45100}
2019-10-09 23:14:29,313 [main] INFO  server.Server (Server.java:doStart(419)) - Started @6033ms
2019-10-09 23:14:29,313 [main] WARN  impl.MetricsSystemImpl (MetricsSystemImpl.java:register(276)) - Sink prometheus already exists!
2019-10-09 23:14:29,314 [main] INFO  server.BaseHttpServer (BaseHttpServer.java:updateConnectorAddress(215)) - HTTP server of HDDSDATANODE is listening at http://0.0.0.0:45100
2019-10-09 23:14:29,316 [main] INFO  ozone.MiniOzoneClusterImpl (MiniOzoneClusterImpl.java:lambda$waitForClusterToBeReady$2(172)) - Waiting for cluster to be ready. Got 0 of 3 DN Heartbeats.
2019-10-09 23:14:29,316 [org.apache.hadoop.util.JvmPauseMonitor$Monitor@17a61ef6] INFO  util.JvmPauseMonitor (JvmPauseMonitor.java:run(188)) - Starting JVM pause monitor
2019-10-09 23:14:29,319 [Datanode State Machine Thread - 0] INFO  datanode.InitDatanodeState (InitDatanodeState.java:persistContainerDatanodeDetails(140)) - DatanodeDetails is persisted to /workdir/hadoop-ozone/integration-test/target/test-dir/MiniOzoneClusterImpl-e385a4c1-c95f-41f6-a4f8-a3d6a12eb9e0/datanode-2/meta/datanode.id
2019-10-09 23:14:30,316 [main] INFO  ozone.MiniOzoneClusterImpl (MiniOzoneClusterImpl.java:lambda$waitForClusterToBeReady$2(172)) - Waiting for cluster to be ready. Got 0 of 3 DN Heartbeats.
2019-10-09 23:14:31,260 [Datanode State Machine Thread - 0] INFO  ozoneimpl.OzoneContainer (OzoneContainer.java:start(213)) - Attempting to start container services.
2019-10-09 23:14:31,262 [Datanode State Machine Thread - 0] INFO  ozoneimpl.OzoneContainer (OzoneContainer.java:start(213)) - Attempting to start container services.
2019-10-09 23:14:31,265 [Datanode State Machine Thread - 0] INFO  ozoneimpl.OzoneContainer (OzoneContainer.java:startContainerScrub(177)) - Background container scanner has been disabled.
2019-10-09 23:14:31,266 [Datanode State Machine Thread - 0] INFO  ratis.XceiverServerRatis (XceiverServerRatis.java:start(425)) - Starting XceiverServerRatis 45d92652-3396-41b7-9b8f-6c58248e1da2 at port 0
2019-10-09 23:14:31,267 [Datanode State Machine Thread - 0] INFO  ozoneimpl.OzoneContainer (OzoneContainer.java:startContainerScrub(177)) - Background container scanner has been disabled.
2019-10-09 23:14:31,267 [Datanode State Machine Thread - 0] INFO  ratis.XceiverServerRatis (XceiverServerRatis.java:start(425)) - Starting XceiverServerRatis fdee42a1-84ef-4e78-88cb-8a42c5a899c2 at port 0
2019-10-09 23:14:31,293 [Datanode State Machine Thread - 0] INFO  impl.RaftServerProxy (RaftServerProxy.java:lambda$start$3(299)) - 45d92652-3396-41b7-9b8f-6c58248e1da2: start RPC server
2019-10-09 23:14:31,293 [Datanode State Machine Thread - 0] INFO  impl.RaftServerProxy (RaftServerProxy.java:lambda$start$3(299)) - fdee42a1-84ef-4e78-88cb-8a42c5a899c2: start RPC server
2019-10-09 23:14:31,317 [main] INFO  ozone.MiniOzoneClusterImpl (MiniOzoneClusterImpl.java:lambda$waitForClusterToBeReady$2(172)) - Waiting for cluster to be ready. Got 0 of 3 DN Heartbeats.
2019-10-09 23:14:31,331 [Datanode State Machine Thread - 0] INFO  ozoneimpl.OzoneContainer (OzoneContainer.java:start(213)) - Attempting to start container services.
2019-10-09 23:14:31,333 [Datanode State Machine Thread - 0] INFO  ozoneimpl.OzoneContainer (OzoneContainer.java:startContainerScrub(177)) - Background container scanner has been disabled.
2019-10-09 23:14:31,333 [Datanode State Machine Thread - 0] INFO  ratis.XceiverServerRatis (XceiverServerRatis.java:start(425)) - Starting XceiverServerRatis e0660db2-f32f-4529-820c-e994e15ad9e7 at port 0
2019-10-09 23:14:31,339 [Datanode State Machine Thread - 0] INFO  impl.RaftServerProxy (RaftServerProxy.java:lambda$start$3(299)) - e0660db2-f32f-4529-820c-e994e15ad9e7: start RPC server
2019-10-09 23:14:31,432 [Datanode State Machine Thread - 0] INFO  server.GrpcService (GrpcService.java:startImpl(158)) - fdee42a1-84ef-4e78-88cb-8a42c5a899c2: GrpcService started, listening on 0.0.0.0/0.0.0.0:39873
2019-10-09 23:14:31,433 [Datanode State Machine Thread - 0] INFO  ratis.XceiverServerRatis (XceiverServerRatis.java:start(435)) - XceiverServerRatis fdee42a1-84ef-4e78-88cb-8a42c5a899c2 is started using port 39873
2019-10-09 23:14:31,432 [Datanode State Machine Thread - 0] INFO  server.GrpcService (GrpcService.java:startImpl(158)) - 45d92652-3396-41b7-9b8f-6c58248e1da2: GrpcService started, listening on 0.0.0.0/0.0.0.0:38030
2019-10-09 23:14:31,432 [Datanode State Machine Thread - 0] INFO  server.GrpcService (GrpcService.java:startImpl(158)) - e0660db2-f32f-4529-820c-e994e15ad9e7: GrpcService started, listening on 0.0.0.0/0.0.0.0:42825
2019-10-09 23:14:31,436 [Datanode State Machine Thread - 0] INFO  ratis.XceiverServerRatis (XceiverServerRatis.java:start(435)) - XceiverServerRatis e0660db2-f32f-4529-820c-e994e15ad9e7 is started using port 42825
2019-10-09 23:14:31,436 [Datanode State Machine Thread - 0] INFO  ratis.XceiverServerRatis (XceiverServerRatis.java:start(435)) - XceiverServerRatis 45d92652-3396-41b7-9b8f-6c58248e1da2 is started using port 38030
2019-10-09 23:14:31,436 [Datanode State Machine Thread - 0] INFO  server.XceiverServerGrpc (XceiverServerGrpc.java:start(149)) - XceiverServerGrpc fdee42a1-84ef-4e78-88cb-8a42c5a899c2 is started using port 38423
2019-10-09 23:14:31,442 [Datanode State Machine Thread - 0] INFO  server.XceiverServerGrpc (XceiverServerGrpc.java:start(149)) - XceiverServerGrpc e0660db2-f32f-4529-820c-e994e15ad9e7 is started using port 34726
2019-10-09 23:14:31,442 [Datanode State Machine Thread - 0] INFO  server.XceiverServerGrpc (XceiverServerGrpc.java:start(149)) - XceiverServerGrpc 45d92652-3396-41b7-9b8f-6c58248e1da2 is started using port 45610
2019-10-09 23:14:32,318 [main] INFO  ozone.MiniOzoneClusterImpl (MiniOzoneClusterImpl.java:lambda$waitForClusterToBeReady$2(172)) - Waiting for cluster to be ready. Got 0 of 3 DN Heartbeats.
2019-10-09 23:14:33,187 [IPC Server handler 19 on 46575] INFO  net.NetworkTopology (NetworkTopologyImpl.java:add(111)) - Added a new node: /default-rack/45d92652-3396-41b7-9b8f-6c58248e1da2
2019-10-09 23:14:33,188 [IPC Server handler 19 on 46575] INFO  node.SCMNodeManager (SCMNodeManager.java:register(268)) - Registered Data node : 45d92652-3396-41b7-9b8f-6c58248e1da2{ip: 192.168.164.207, host: pr-hdds-1868-7c4vz-2804340038, networkLocation: /default-rack, certSerialId: null}
2019-10-09 23:14:33,190 [EventQueue-NodeRegistrationContainerReportForDataNodeSafeModeRule] INFO  safemode.SCMSafeModeManager (DataNodeSafeModeRule.java:process(71)) - SCM in safe mode. 1 DataNodes registered, 1 required.
2019-10-09 23:14:33,191 [EventQueue-NodeRegistrationContainerReportForDataNodeSafeModeRule] INFO  safemode.SCMSafeModeManager (SCMSafeModeManager.java:validateSafeModeExitRules(177)) - ScmSafeModeManager, all rules are successfully validated
2019-10-09 23:14:33,191 [EventQueue-NodeRegistrationContainerReportForDataNodeSafeModeRule] INFO  safemode.SCMSafeModeManager (SCMSafeModeManager.java:exitSafeMode(193)) - SCM exiting safe mode.
2019-10-09 23:14:33,238 [IPC Server handler 17 on 46575] INFO  net.NetworkTopology (NetworkTopologyImpl.java:add(111)) - Added a new node: /default-rack/fdee42a1-84ef-4e78-88cb-8a42c5a899c2
2019-10-09 23:14:33,238 [IPC Server handler 17 on 46575] INFO  node.SCMNodeManager (SCMNodeManager.java:register(268)) - Registered Data node : fdee42a1-84ef-4e78-88cb-8a42c5a899c2{ip: 192.168.164.207, host: pr-hdds-1868-7c4vz-2804340038, networkLocation: /default-rack, certSerialId: null}
2019-10-09 23:14:33,319 [IPC Server handler 14 on 46575] INFO  net.NetworkTopology (NetworkTopologyImpl.java:add(111)) - Added a new node: /default-rack/e0660db2-f32f-4529-820c-e994e15ad9e7
2019-10-09 23:14:33,319 [IPC Server handler 14 on 46575] INFO  node.SCMNodeManager (SCMNodeManager.java:register(268)) - Registered Data node : e0660db2-f32f-4529-820c-e994e15ad9e7{ip: 192.168.164.207, host: pr-hdds-1868-7c4vz-2804340038, networkLocation: /default-rack, certSerialId: null}
2019-10-09 23:14:33,658 [grpc-default-executor-0] INFO  impl.RaftServerProxy (RaftServerProxy.java:addNew(89)) - 45d92652-3396-41b7-9b8f-6c58248e1da2: addNew group-7F9F9A110718:[45d92652-3396-41b7-9b8f-6c58248e1da2:192.168.164.207:38030] returns group-7F9F9A110718:java.util.concurrent.CompletableFuture@67efaefa[Not completed]
2019-10-09 23:14:33,674 [pool-27-thread-1] INFO  impl.RaftServerImpl (RaftServerImpl.java:<init>(95)) - 45d92652-3396-41b7-9b8f-6c58248e1da2: new RaftServerImpl for group-7F9F9A110718:[45d92652-3396-41b7-9b8f-6c58248e1da2:192.168.164.207:38030] with ContainerStateMachine:uninitialized
2019-10-09 23:14:33,677 [pool-27-thread-1] INFO  server.RaftServerConfigKeys (ConfUtils.java:logGet(43)) - raft.server.rpc.timeout.min = 5s (custom)
2019-10-09 23:14:33,678 [pool-27-thread-1] INFO  server.RaftServerConfigKeys (ConfUtils.java:logGet(43)) - raft.server.rpc.timeout.max = 5200ms (custom)
2019-10-09 23:14:33,678 [pool-27-thread-1] INFO  server.RaftServerConfigKeys (ConfUtils.java:logGet(43)) - raft.server.rpcslowness.timeout = 120s (custom)
2019-10-09 23:14:33,680 [pool-27-thread-1] INFO  server.RaftServerConfigKeys (ConfUtils.java:logGet(43)) - raft.server.sleep.deviation.threshold = 300 (default)
2019-10-09 23:14:33,681 [pool-27-thread-1] INFO  server.RaftServerConfigKeys (ConfUtils.java:logGet(43)) - raft.server.log.appender.install.snapshot.enabled = false (custom)
2019-10-09 23:14:33,691 [pool-27-thread-1] INFO  impl.RaftServerImpl (ServerState.java:<init>(103)) - 45d92652-3396-41b7-9b8f-6c58248e1da2@group-7F9F9A110718: ConfigurationManager, init=-1: [45d92652-3396-41b7-9b8f-6c58248e1da2:192.168.164.207:38030], old=null, confs=<EMPTY_MAP>
2019-10-09 23:14:33,692 [pool-27-thread-1] INFO  server.RaftServerConfigKeys (ConfUtils.java:logGet(43)) - raft.server.storage.dir = [/workdir/hadoop-ozone/integration-test/target/test-dir/MiniOzoneClusterImpl-e385a4c1-c95f-41f6-a4f8-a3d6a12eb9e0/datanode-0/data/ratis] (custom)
2019-10-09 23:14:33,699 [pool-27-thread-1] INFO  server.RaftServerConfigKeys (ConfUtils.java:logGet(43)) - raft.server.log.corruption.policy = EXCEPTION (default)
2019-10-09 23:14:33,701 [pool-27-thread-1] INFO  storage.RaftStorageDirectory (RaftStorageDirectory.java:analyzeStorage(246)) - The storage directory /workdir/hadoop-ozone/integration-test/target/test-dir/MiniOzoneClusterImpl-e385a4c1-c95f-41f6-a4f8-a3d6a12eb9e0/datanode-0/data/ratis/730a91ea-9e77-4600-a47a-7f9f9a110718 does not exist. Creating ...
2019-10-09 23:14:33,718 [pool-27-thread-1] INFO  storage.RaftStorageDirectory (RaftStorageDirectory.java:tryLock(328)) - Lock on /workdir/hadoop-ozone/integration-test/target/test-dir/MiniOzoneClusterImpl-e385a4c1-c95f-41f6-a4f8-a3d6a12eb9e0/datanode-0/data/ratis/730a91ea-9e77-4600-a47a-7f9f9a110718/in_use.lock acquired by nodename 1712@pr-hdds-1868-7c4vz-2804340038
2019-10-09 23:14:33,733 [pool-27-thread-1] INFO  storage.RaftStorage (RaftStorage.java:format(84)) - Storage directory /workdir/hadoop-ozone/integration-test/target/test-dir/MiniOzoneClusterImpl-e385a4c1-c95f-41f6-a4f8-a3d6a12eb9e0/datanode-0/data/ratis/730a91ea-9e77-4600-a47a-7f9f9a110718 has been successfully formatted.
2019-10-09 23:14:33,736 [pool-27-thread-1] INFO  ratis.ContainerStateMachine (ContainerStateMachine.java:loadSnapshot(233)) - group-7F9F9A110718: The snapshot info is null. Setting the last applied indexto:(t:0, i:~)
2019-10-09 23:14:33,736 [pool-27-thread-1] INFO  server.RaftServerConfigKeys (ConfUtils.java:logGet(43)) - raft.server.notification.no-leader.timeout = 120s (custom)
2019-10-09 23:14:33,738 [pool-27-thread-1] INFO  server.RaftServerConfigKeys (ConfUtils.java:logGet(43)) - raft.server.log.use.memory = false (default)
2019-10-09 23:14:33,743 [pool-27-thread-1] INFO  server.RaftServerConfigKeys (ConfUtils.java:logGet(43)) - raft.server.log.purge.gap = 1000000 (custom)
2019-10-09 23:14:33,743 [pool-27-thread-1] INFO  server.RaftServerConfigKeys (ConfUtils.java:logGet(43)) - raft.server.log.appender.buffer.byte-limit = 33554432 (custom)
2019-10-09 23:14:33,745 [pool-27-thread-1] INFO  server.RaftServerConfigKeys (ConfUtils.java:logGet(43)) - raft.server.log.segment.size.max = 1048576 (custom)
2019-10-09 23:14:33,747 [pool-27-thread-1] INFO  impl.MetricsSystemImpl (MetricsSystemImpl.java:init(158)) - ratis metrics system started (again)
2019-10-09 23:14:33,750 [pool-27-thread-1] INFO  metrics.MetricRegistries (MetricRegistriesLoader.java:load(64)) - Loaded MetricRegistries class org.apache.ratis.metrics.impl.MetricRegistriesImpl
2019-10-09 23:14:33,786 [pool-27-thread-1] INFO  server.RaftServerConfigKeys (ConfUtils.java:logGet(43)) - raft.server.log.segment.cache.num.max = 2 (custom)
2019-10-09 23:14:33,791 [pool-27-thread-1] INFO  segmented.SegmentedRaftLogWorker (SegmentedRaftLogWorker.java:<init>(173)) - new 45d92652-3396-41b7-9b8f-6c58248e1da2@group-7F9F9A110718-SegmentedRaftLogWorker for RaftStorage:Storage Directory /workdir/hadoop-ozone/integration-test/target/test-dir/MiniOzoneClusterImpl-e385a4c1-c95f-41f6-a4f8-a3d6a12eb9e0/datanode-0/data/ratis/730a91ea-9e77-4600-a47a-7f9f9a110718
2019-10-09 23:14:33,792 [pool-27-thread-1] INFO  server.RaftServerConfigKeys (ConfUtils.java:logGet(43)) - raft.server.log.queue.byte-limit = 2147483647 (custom)
2019-10-09 23:14:33,792 [pool-27-thread-1] INFO  server.RaftServerConfigKeys (ConfUtils.java:logGet(43)) - raft.server.log.queue.element-limit = 1024 (custom)
2019-10-09 23:14:33,794 [pool-27-thread-1] INFO  server.RaftServerConfigKeys (ConfUtils.java:logGet(43)) - raft.server.log.segment.size.max = 1048576 (custom)
2019-10-09 23:14:33,794 [pool-27-thread-1] INFO  server.RaftServerConfigKeys (ConfUtils.java:logGet(43)) - raft.server.log.preallocated.size = 16384 (custom)
2019-10-09 23:14:33,795 [pool-27-thread-1] INFO  server.RaftServerConfigKeys (ConfUtils.java:logGet(43)) - raft.server.log.write.buffer.size = 33554432 (custom)
2019-10-09 23:14:33,795 [pool-27-thread-1] INFO  server.RaftServerConfigKeys (ConfUtils.java:logGet(43)) - raft.server.log.force.sync.num = 128 (default)
2019-10-09 23:14:33,796 [pool-27-thread-1] INFO  server.RaftServerConfigKeys (ConfUtils.java:logGet(43)) - raft.server.log.statemachine.data.sync = true (default)
2019-10-09 23:14:33,796 [pool-27-thread-1] INFO  server.RaftServerConfigKeys (ConfUtils.java:logGet(43)) - raft.server.log.statemachine.data.sync.timeout = 10s (default)
2019-10-09 23:14:33,797 [pool-27-thread-1] INFO  server.RaftServerConfigKeys (ConfUtils.java:logGet(43)) - raft.server.log.statemachine.data.sync.timeout.retry = -1 (default)
2019-10-09 23:14:33,808 [pool-27-thread-1] INFO  server.RaftServerConfigKeys (ConfUtils.java:logGet(43)) - raft.server.log.statemachine.data.caching.enabled = true (custom)
2019-10-09 23:14:33,812 [pool-27-thread-1] INFO  segmented.SegmentedRaftLogWorker (SegmentedRaftLogWorker.java:lambda$new$0(128)) - 45d92652-3396-41b7-9b8f-6c58248e1da2@group-7F9F9A110718-SegmentedRaftLogWorker: flushIndex: setUnconditionally 0 -> -1
2019-10-09 23:14:33,816 [pool-27-thread-1] INFO  server.RaftServerConfigKeys (ConfUtils.java:logGet(43)) - raft.server.snapshot.auto.trigger.enabled = true (custom)
2019-10-09 23:14:33,817 [pool-27-thread-1] INFO  server.RaftServerConfigKeys (ConfUtils.java:logGet(43)) - raft.server.snapshot.auto.trigger.threshold = 10000 (custom)
2019-10-09 23:14:33,818 [pool-27-thread-1] INFO  server.RaftServerConfigKeys (ConfUtils.java:logGet(43)) - raft.server.snapshot.retention.file.num = 5 (custom)
2019-10-09 23:14:33,819 [pool-27-thread-1] INFO  server.RaftServerConfigKeys (ConfUtils.java:logGet(43)) - raft.server.retrycache.expirytime = 600000ms (custom)
2019-10-09 23:14:33,845 [pool-27-thread-1] INFO  impl.RaftServerImpl (RaftServerImpl.java:start(181)) - 45d92652-3396-41b7-9b8f-6c58248e1da2@group-7F9F9A110718: start as a follower, conf=-1: [45d92652-3396-41b7-9b8f-6c58248e1da2:192.168.164.207:38030], old=null
2019-10-09 23:14:33,847 [pool-27-thread-1] INFO  impl.RaftServerImpl (RaftServerImpl.java:setRole(170)) - 45d92652-3396-41b7-9b8f-6c58248e1da2@group-7F9F9A110718: changes role from      null to FOLLOWER at term 0 for startAsFollower
2019-10-09 23:14:33,849 [pool-27-thread-1] INFO  impl.RoleInfo (RoleInfo.java:updateAndGet(143)) - 45d92652-3396-41b7-9b8f-6c58248e1da2: start FollowerState
2019-10-09 23:14:33,851 [pool-27-thread-1] INFO  util.JmxRegister (JmxRegister.java:tryRegister(44)) - Successfully registered JMX Bean with object name Ratis:service=RaftServer,group=group-7F9F9A110718,id=45d92652-3396-41b7-9b8f-6c58248e1da2
2019-10-09 23:14:33,938 [RatisPipelineUtilsThread] INFO  pipeline.PipelineStateManager (PipelineStateManager.java:addPipeline(57)) - Created pipeline Pipeline[ Id: 730a91ea-9e77-4600-a47a-7f9f9a110718, Nodes: 45d92652-3396-41b7-9b8f-6c58248e1da2{ip: 192.168.164.207, host: pr-hdds-1868-7c4vz-2804340038, networkLocation: /default-rack, certSerialId: null}, Type:RATIS, Factor:ONE, State:ALLOCATED]
2019-10-09 23:14:33,960 [grpc-default-executor-0] INFO  impl.RaftServerProxy (RaftServerProxy.java:addNew(89)) - e0660db2-f32f-4529-820c-e994e15ad9e7: addNew group-AF5DAFE510E2:[e0660db2-f32f-4529-820c-e994e15ad9e7:192.168.164.207:42825] returns group-AF5DAFE510E2:java.util.concurrent.CompletableFuture@610eb926[Not completed]
2019-10-09 23:14:33,987 [pool-47-thread-1] INFO  impl.RaftServerImpl (RaftServerImpl.java:<init>(95)) - e0660db2-f32f-4529-820c-e994e15ad9e7: new RaftServerImpl for group-AF5DAFE510E2:[e0660db2-f32f-4529-820c-e994e15ad9e7:192.168.164.207:42825] with ContainerStateMachine:uninitialized
2019-10-09 23:14:33,989 [pool-47-thread-1] INFO  server.RaftServerConfigKeys (ConfUtils.java:logGet(43)) - raft.server.rpc.timeout.min = 5s (custom)
2019-10-09 23:14:33,989 [pool-47-thread-1] INFO  server.RaftServerConfigKeys (ConfUtils.java:logGet(43)) - raft.server.rpc.timeout.max = 5200ms (custom)
2019-10-09 23:14:33,989 [pool-47-thread-1] INFO  server.RaftServerConfigKeys (ConfUtils.java:logGet(43)) - raft.server.rpcslowness.timeout = 120s (custom)
2019-10-09 23:14:33,989 [pool-47-thread-1] INFO  server.RaftServerConfigKeys (ConfUtils.java:logGet(43)) - raft.server.sleep.deviation.threshold = 300 (default)
2019-10-09 23:14:33,989 [pool-47-thread-1] INFO  server.RaftServerConfigKeys (ConfUtils.java:logGet(43)) - raft.server.log.appender.install.snapshot.enabled = false (custom)
2019-10-09 23:14:33,990 [pool-47-thread-1] INFO  impl.RaftServerImpl (ServerState.java:<init>(103)) - e0660db2-f32f-4529-820c-e994e15ad9e7@group-AF5DAFE510E2: ConfigurationManager, init=-1: [e0660db2-f32f-4529-820c-e994e15ad9e7:192.168.164.207:42825], old=null, confs=<EMPTY_MAP>
2019-10-09 23:14:33,990 [pool-47-thread-1] INFO  server.RaftServerConfigKeys (ConfUtils.java:logGet(43)) - raft.server.storage.dir = [/workdir/hadoop-ozone/integration-test/target/test-dir/MiniOzoneClusterImpl-e385a4c1-c95f-41f6-a4f8-a3d6a12eb9e0/datanode-2/data/ratis] (custom)
2019-10-09 23:14:33,990 [pool-47-thread-1] INFO  server.RaftServerConfigKeys (ConfUtils.java:logGet(43)) - raft.server.log.corruption.policy = EXCEPTION (default)
2019-10-09 23:14:33,990 [pool-47-thread-1] INFO  storage.RaftStorageDirectory (RaftStorageDirectory.java:analyzeStorage(246)) - The storage directory /workdir/hadoop-ozone/integration-test/target/test-dir/MiniOzoneClusterImpl-e385a4c1-c95f-41f6-a4f8-a3d6a12eb9e0/datanode-2/data/ratis/2e9f68c1-5496-4aa3-b7a9-af5dafe510e2 does not exist. Creating ...
2019-10-09 23:14:33,998 [pool-47-thread-1] INFO  storage.RaftStorageDirectory (RaftStorageDirectory.java:tryLock(328)) - Lock on /workdir/hadoop-ozone/integration-test/target/test-dir/MiniOzoneClusterImpl-e385a4c1-c95f-41f6-a4f8-a3d6a12eb9e0/datanode-2/data/ratis/2e9f68c1-5496-4aa3-b7a9-af5dafe510e2/in_use.lock acquired by nodename 1712@pr-hdds-1868-7c4vz-2804340038
2019-10-09 23:14:34,012 [pool-47-thread-1] INFO  storage.RaftStorage (RaftStorage.java:format(84)) - Storage directory /workdir/hadoop-ozone/integration-test/target/test-dir/MiniOzoneClusterImpl-e385a4c1-c95f-41f6-a4f8-a3d6a12eb9e0/datanode-2/data/ratis/2e9f68c1-5496-4aa3-b7a9-af5dafe510e2 has been successfully formatted.
2019-10-09 23:14:34,013 [pool-47-thread-1] INFO  ratis.ContainerStateMachine (ContainerStateMachine.java:loadSnapshot(233)) - group-AF5DAFE510E2: The snapshot info is null. Setting the last applied indexto:(t:0, i:~)
2019-10-09 23:14:34,014 [pool-47-thread-1] INFO  server.RaftServerConfigKeys (ConfUtils.java:logGet(43)) - raft.server.notification.no-leader.timeout = 120s (custom)
2019-10-09 23:14:34,014 [pool-47-thread-1] INFO  server.RaftServerConfigKeys (ConfUtils.java:logGet(43)) - raft.server.log.use.memory = false (default)
2019-10-09 23:14:34,014 [pool-47-thread-1] INFO  server.RaftServerConfigKeys (ConfUtils.java:logGet(43)) - raft.server.log.purge.gap = 1000000 (custom)
2019-10-09 23:14:34,015 [pool-47-thread-1] INFO  server.RaftServerConfigKeys (ConfUtils.java:logGet(43)) - raft.server.log.appender.buffer.byte-limit = 33554432 (custom)
2019-10-09 23:14:34,015 [pool-47-thread-1] INFO  server.RaftServerConfigKeys (ConfUtils.java:logGet(43)) - raft.server.log.segment.size.max = 1048576 (custom)
2019-10-09 23:14:34,020 [pool-47-thread-1] INFO  server.RaftServerConfigKeys (ConfUtils.java:logGet(43)) - raft.server.log.segment.cache.num.max = 2 (custom)
2019-10-09 23:14:34,020 [pool-47-thread-1] INFO  segmented.SegmentedRaftLogWorker (SegmentedRaftLogWorker.java:<init>(173)) - new e0660db2-f32f-4529-820c-e994e15ad9e7@group-AF5DAFE510E2-SegmentedRaftLogWorker for RaftStorage:Storage Directory /workdir/hadoop-ozone/integration-test/target/test-dir/MiniOzoneClusterImpl-e385a4c1-c95f-41f6-a4f8-a3d6a12eb9e0/datanode-2/data/ratis/2e9f68c1-5496-4aa3-b7a9-af5dafe510e2
2019-10-09 23:14:34,021 [pool-47-thread-1] INFO  server.RaftServerConfigKeys (ConfUtils.java:logGet(43)) - raft.server.log.queue.byte-limit = 2147483647 (custom)
2019-10-09 23:14:34,021 [pool-47-thread-1] INFO  server.RaftServerConfigKeys (ConfUtils.java:logGet(43)) - raft.server.log.queue.element-limit = 1024 (custom)
2019-10-09 23:14:34,021 [pool-47-thread-1] INFO  server.RaftServerConfigKeys (ConfUtils.java:logGet(43)) - raft.server.log.segment.size.max = 1048576 (custom)
2019-10-09 23:14:34,021 [pool-47-thread-1] INFO  server.RaftServerConfigKeys (ConfUtils.java:logGet(43)) - raft.server.log.preallocated.size = 16384 (custom)
2019-10-09 23:14:34,021 [pool-47-thread-1] INFO  server.RaftServerConfigKeys (ConfUtils.java:logGet(43)) - raft.server.log.write.buffer.size = 33554432 (custom)
2019-10-09 23:14:34,021 [pool-47-thread-1] INFO  server.RaftServerConfigKeys (ConfUtils.java:logGet(43)) - raft.server.log.force.sync.num = 128 (default)
2019-10-09 23:14:34,022 [pool-47-thread-1] INFO  server.RaftServerConfigKeys (ConfUtils.java:logGet(43)) - raft.server.log.statemachine.data.sync = true (default)
2019-10-09 23:14:34,022 [pool-47-thread-1] INFO  server.RaftServerConfigKeys (ConfUtils.java:logGet(43)) - raft.server.log.statemachine.data.sync.timeout = 10s (default)
2019-10-09 23:14:34,022 [pool-47-thread-1] INFO  server.RaftServerConfigKeys (ConfUtils.java:logGet(43)) - raft.server.log.statemachine.data.sync.timeout.retry = -1 (default)
2019-10-09 23:14:34,023 [pool-47-thread-1] INFO  server.RaftServerConfigKeys (ConfUtils.java:logGet(43)) - raft.server.log.statemachine.data.caching.enabled = true (custom)
2019-10-09 23:14:34,023 [pool-47-thread-1] INFO  segmented.SegmentedRaftLogWorker (SegmentedRaftLogWorker.java:lambda$new$0(128)) - e0660db2-f32f-4529-820c-e994e15ad9e7@group-AF5DAFE510E2-SegmentedRaftLogWorker: flushIndex: setUnconditionally 0 -> -1
2019-10-09 23:14:34,024 [pool-47-thread-1] INFO  server.RaftServerConfigKeys (ConfUtils.java:logGet(43)) - raft.server.snapshot.auto.trigger.enabled = true (custom)
2019-10-09 23:14:34,024 [pool-47-thread-1] INFO  server.RaftServerConfigKeys (ConfUtils.java:logGet(43)) - raft.server.snapshot.auto.trigger.threshold = 10000 (custom)
2019-10-09 23:14:34,024 [pool-47-thread-1] INFO  server.RaftServerConfigKeys (ConfUtils.java:logGet(43)) - raft.server.snapshot.retention.file.num = 5 (custom)
2019-10-09 23:14:34,025 [pool-47-thread-1] INFO  server.RaftServerConfigKeys (ConfUtils.java:logGet(43)) - raft.server.retrycache.expirytime = 600000ms (custom)
2019-10-09 23:14:34,031 [pool-47-thread-1] INFO  impl.RaftServerImpl (RaftServerImpl.java:start(181)) - e0660db2-f32f-4529-820c-e994e15ad9e7@group-AF5DAFE510E2: start as a follower, conf=-1: [e0660db2-f32f-4529-820c-e994e15ad9e7:192.168.164.207:42825], old=null
2019-10-09 23:14:34,031 [pool-47-thread-1] INFO  impl.RaftServerImpl (RaftServerImpl.java:setRole(170)) - e0660db2-f32f-4529-820c-e994e15ad9e7@group-AF5DAFE510E2: changes role from      null to FOLLOWER at term 0 for startAsFollower
2019-10-09 23:14:34,031 [pool-47-thread-1] INFO  impl.RoleInfo (RoleInfo.java:updateAndGet(143)) - e0660db2-f32f-4529-820c-e994e15ad9e7: start FollowerState
2019-10-09 23:14:34,033 [pool-47-thread-1] INFO  util.JmxRegister (JmxRegister.java:tryRegister(44)) - Successfully registered JMX Bean with object name Ratis:service=RaftServer,group=group-AF5DAFE510E2,id=e0660db2-f32f-4529-820c-e994e15ad9e7
2019-10-09 23:14:34,054 [RatisPipelineUtilsThread] INFO  pipeline.PipelineStateManager (PipelineStateManager.java:addPipeline(57)) - Created pipeline Pipeline[ Id: 2e9f68c1-5496-4aa3-b7a9-af5dafe510e2, Nodes: e0660db2-f32f-4529-820c-e994e15ad9e7{ip: 192.168.164.207, host: pr-hdds-1868-7c4vz-2804340038, networkLocation: /default-rack, certSerialId: null}, Type:RATIS, Factor:ONE, State:ALLOCATED]
2019-10-09 23:14:34,074 [grpc-default-executor-0] INFO  impl.RaftServerProxy (RaftServerProxy.java:addNew(89)) - fdee42a1-84ef-4e78-88cb-8a42c5a899c2: addNew group-D1E487E4EEF6:[fdee42a1-84ef-4e78-88cb-8a42c5a899c2:192.168.164.207:39873] returns group-D1E487E4EEF6:java.util.concurrent.CompletableFuture@38d2b475[Not completed]
2019-10-09 23:14:34,094 [pool-37-thread-1] INFO  impl.RaftServerImpl (RaftServerImpl.java:<init>(95)) - fdee42a1-84ef-4e78-88cb-8a42c5a899c2: new RaftServerImpl for group-D1E487E4EEF6:[fdee42a1-84ef-4e78-88cb-8a42c5a899c2:192.168.164.207:39873] with ContainerStateMachine:uninitialized
2019-10-09 23:14:34,095 [pool-37-thread-1] INFO  server.RaftServerConfigKeys (ConfUtils.java:logGet(43)) - raft.server.rpc.timeout.min = 5s (custom)
2019-10-09 23:14:34,095 [pool-37-thread-1] INFO  server.RaftServerConfigKeys (ConfUtils.java:logGet(43)) - raft.server.rpc.timeout.max = 5200ms (custom)
2019-10-09 23:14:34,096 [pool-37-thread-1] INFO  server.RaftServerConfigKeys (ConfUtils.java:logGet(43)) - raft.server.rpcslowness.timeout = 120s (custom)
2019-10-09 23:14:34,096 [pool-37-thread-1] INFO  server.RaftServerConfigKeys (ConfUtils.java:logGet(43)) - raft.server.sleep.deviation.threshold = 300 (default)
2019-10-09 23:14:34,096 [pool-37-thread-1] INFO  server.RaftServerConfigKeys (ConfUtils.java:logGet(43)) - raft.server.log.appender.install.snapshot.enabled = false (custom)
2019-10-09 23:14:34,096 [pool-37-thread-1] INFO  impl.RaftServerImpl (ServerState.java:<init>(103)) - fdee42a1-84ef-4e78-88cb-8a42c5a899c2@group-D1E487E4EEF6: ConfigurationManager, init=-1: [fdee42a1-84ef-4e78-88cb-8a42c5a899c2:192.168.164.207:39873], old=null, confs=<EMPTY_MAP>
2019-10-09 23:14:34,096 [pool-37-thread-1] INFO  server.RaftServerConfigKeys (ConfUtils.java:logGet(43)) - raft.server.storage.dir = [/workdir/hadoop-ozone/integration-test/target/test-dir/MiniOzoneClusterImpl-e385a4c1-c95f-41f6-a4f8-a3d6a12eb9e0/datanode-1/data/ratis] (custom)
2019-10-09 23:14:34,097 [pool-37-thread-1] INFO  server.RaftServerConfigKeys (ConfUtils.java:logGet(43)) - raft.server.log.corruption.policy = EXCEPTION (default)
2019-10-09 23:14:34,097 [pool-37-thread-1] INFO  storage.RaftStorageDirectory (RaftStorageDirectory.java:analyzeStorage(246)) - The storage directory /workdir/hadoop-ozone/integration-test/target/test-dir/MiniOzoneClusterImpl-e385a4c1-c95f-41f6-a4f8-a3d6a12eb9e0/datanode-1/data/ratis/6b25e96e-5aef-45f4-af1f-d1e487e4eef6 does not exist. Creating ...
2019-10-09 23:14:34,110 [pool-37-thread-1] INFO  storage.RaftStorageDirectory (RaftStorageDirectory.java:tryLock(328)) - Lock on /workdir/hadoop-ozone/integration-test/target/test-dir/MiniOzoneClusterImpl-e385a4c1-c95f-41f6-a4f8-a3d6a12eb9e0/datanode-1/data/ratis/6b25e96e-5aef-45f4-af1f-d1e487e4eef6/in_use.lock acquired by nodename 1712@pr-hdds-1868-7c4vz-2804340038
2019-10-09 23:14:34,123 [pool-37-thread-1] INFO  storage.RaftStorage (RaftStorage.java:format(84)) - Storage directory /workdir/hadoop-ozone/integration-test/target/test-dir/MiniOzoneClusterImpl-e385a4c1-c95f-41f6-a4f8-a3d6a12eb9e0/datanode-1/data/ratis/6b25e96e-5aef-45f4-af1f-d1e487e4eef6 has been successfully formatted.
2019-10-09 23:14:34,124 [pool-37-thread-1] INFO  ratis.ContainerStateMachine (ContainerStateMachine.java:loadSnapshot(233)) - group-D1E487E4EEF6: The snapshot info is null. Setting the last applied indexto:(t:0, i:~)
2019-10-09 23:14:34,124 [pool-37-thread-1] INFO  server.RaftServerConfigKeys (ConfUtils.java:logGet(43)) - raft.server.notification.no-leader.timeout = 120s (custom)
2019-10-09 23:14:34,124 [pool-37-thread-1] INFO  server.RaftServerConfigKeys (ConfUtils.java:logGet(43)) - raft.server.log.use.memory = false (default)
2019-10-09 23:14:34,124 [pool-37-thread-1] INFO  server.RaftServerConfigKeys (ConfUtils.java:logGet(43)) - raft.server.log.purge.gap = 1000000 (custom)
2019-10-09 23:14:34,125 [pool-37-thread-1] INFO  server.RaftServerConfigKeys (ConfUtils.java:logGet(43)) - raft.server.log.appender.buffer.byte-limit = 33554432 (custom)
2019-10-09 23:14:34,125 [pool-37-thread-1] INFO  server.RaftServerConfigKeys (ConfUtils.java:logGet(43)) - raft.server.log.segment.size.max = 1048576 (custom)
2019-10-09 23:14:34,145 [pool-37-thread-1] INFO  server.RaftServerConfigKeys (ConfUtils.java:logGet(43)) - raft.server.log.segment.cache.num.max = 2 (custom)
2019-10-09 23:14:34,145 [pool-37-thread-1] INFO  segmented.SegmentedRaftLogWorker (SegmentedRaftLogWorker.java:<init>(173)) - new fdee42a1-84ef-4e78-88cb-8a42c5a899c2@group-D1E487E4EEF6-SegmentedRaftLogWorker for RaftStorage:Storage Directory /workdir/hadoop-ozone/integration-test/target/test-dir/MiniOzoneClusterImpl-e385a4c1-c95f-41f6-a4f8-a3d6a12eb9e0/datanode-1/data/ratis/6b25e96e-5aef-45f4-af1f-d1e487e4eef6
2019-10-09 23:14:34,145 [pool-37-thread-1] INFO  server.RaftServerConfigKeys (ConfUtils.java:logGet(43)) - raft.server.log.queue.byte-limit = 2147483647 (custom)
2019-10-09 23:14:34,145 [pool-37-thread-1] INFO  server.RaftServerConfigKeys (ConfUtils.java:logGet(43)) - raft.server.log.queue.element-limit = 1024 (custom)
2019-10-09 23:14:34,145 [pool-37-thread-1] INFO  server.RaftServerConfigKeys (ConfUtils.java:logGet(43)) - raft.server.log.segment.size.max = 1048576 (custom)
2019-10-09 23:14:34,145 [pool-37-thread-1] INFO  server.RaftServerConfigKeys (ConfUtils.java:logGet(43)) - raft.server.log.preallocated.size = 16384 (custom)
2019-10-09 23:14:34,145 [pool-37-thread-1] INFO  server.RaftServerConfigKeys (ConfUtils.java:logGet(43)) - raft.server.log.write.buffer.size = 33554432 (custom)
2019-10-09 23:14:34,146 [pool-37-thread-1] INFO  server.RaftServerConfigKeys (ConfUtils.java:logGet(43)) - raft.server.log.force.sync.num = 128 (default)
2019-10-09 23:14:34,146 [pool-37-thread-1] INFO  server.RaftServerConfigKeys (ConfUtils.java:logGet(43)) - raft.server.log.statemachine.data.sync = true (default)
2019-10-09 23:14:34,146 [pool-37-thread-1] INFO  server.RaftServerConfigKeys (ConfUtils.java:logGet(43)) - raft.server.log.statemachine.data.sync.timeout = 10s (default)
2019-10-09 23:14:34,146 [pool-37-thread-1] INFO  server.RaftServerConfigKeys (ConfUtils.java:logGet(43)) - raft.server.log.statemachine.data.sync.timeout.retry = -1 (default)
2019-10-09 23:14:34,147 [pool-37-thread-1] INFO  server.RaftServerConfigKeys (ConfUtils.java:logGet(43)) - raft.server.log.statemachine.data.caching.enabled = true (custom)
2019-10-09 23:14:34,147 [pool-37-thread-1] INFO  segmented.SegmentedRaftLogWorker (SegmentedRaftLogWorker.java:lambda$new$0(128)) - fdee42a1-84ef-4e78-88cb-8a42c5a899c2@group-D1E487E4EEF6-SegmentedRaftLogWorker: flushIndex: setUnconditionally 0 -> -1
2019-10-09 23:14:34,147 [pool-37-thread-1] INFO  server.RaftServerConfigKeys (ConfUtils.java:logGet(43)) - raft.server.snapshot.auto.trigger.enabled = true (custom)
2019-10-09 23:14:34,148 [pool-37-thread-1] INFO  server.RaftServerConfigKeys (ConfUtils.java:logGet(43)) - raft.server.snapshot.auto.trigger.threshold = 10000 (custom)
2019-10-09 23:14:34,148 [pool-37-thread-1] INFO  server.RaftServerConfigKeys (ConfUtils.java:logGet(43)) - raft.server.snapshot.retention.file.num = 5 (custom)
2019-10-09 23:14:34,148 [pool-37-thread-1] INFO  server.RaftServerConfigKeys (ConfUtils.java:logGet(43)) - raft.server.retrycache.expirytime = 600000ms (custom)
2019-10-09 23:14:34,152 [pool-37-thread-1] INFO  impl.RaftServerImpl (RaftServerImpl.java:start(181)) - fdee42a1-84ef-4e78-88cb-8a42c5a899c2@group-D1E487E4EEF6: start as a follower, conf=-1: [fdee42a1-84ef-4e78-88cb-8a42c5a899c2:192.168.164.207:39873], old=null
2019-10-09 23:14:34,152 [pool-37-thread-1] INFO  impl.RaftServerImpl (RaftServerImpl.java:setRole(170)) - fdee42a1-84ef-4e78-88cb-8a42c5a899c2@group-D1E487E4EEF6: changes role from      null to FOLLOWER at term 0 for startAsFollower
2019-10-09 23:14:34,152 [pool-37-thread-1] INFO  impl.RoleInfo (RoleInfo.java:updateAndGet(143)) - fdee42a1-84ef-4e78-88cb-8a42c5a899c2: start FollowerState
2019-10-09 23:14:34,153 [pool-37-thread-1] INFO  util.JmxRegister (JmxRegister.java:tryRegister(44)) - Successfully registered JMX Bean with object name Ratis:service=RaftServer,group=group-D1E487E4EEF6,id=fdee42a1-84ef-4e78-88cb-8a42c5a899c2
2019-10-09 23:14:34,168 [RatisPipelineUtilsThread] INFO  pipeline.PipelineStateManager (PipelineStateManager.java:addPipeline(57)) - Created pipeline Pipeline[ Id: 6b25e96e-5aef-45f4-af1f-d1e487e4eef6, Nodes: fdee42a1-84ef-4e78-88cb-8a42c5a899c2{ip: 192.168.164.207, host: pr-hdds-1868-7c4vz-2804340038, networkLocation: /default-rack, certSerialId: null}, Type:RATIS, Factor:ONE, State:ALLOCATED]
2019-10-09 23:14:34,170 [main] INFO  ozone.MiniOzoneClusterImpl (MiniOzoneClusterImpl.java:lambda$waitForClusterToBeReady$2(164)) - Waiting for 3 number of pipelines out of 3, to report a leader.
2019-10-09 23:14:34,200 [grpc-default-executor-1] INFO  impl.RaftServerProxy (RaftServerProxy.java:addNew(89)) - e0660db2-f32f-4529-820c-e994e15ad9e7: addNew group-F71545BE5CD7:[e0660db2-f32f-4529-820c-e994e15ad9e7:192.168.164.207:42825, 45d92652-3396-41b7-9b8f-6c58248e1da2:192.168.164.207:38030, fdee42a1-84ef-4e78-88cb-8a42c5a899c2:192.168.164.207:39873] returns group-F71545BE5CD7:java.util.concurrent.CompletableFuture@28721c23[Not completed]
2019-10-09 23:14:34,201 [grpc-default-executor-2] INFO  impl.RaftServerProxy (RaftServerProxy.java:addNew(89)) - 45d92652-3396-41b7-9b8f-6c58248e1da2: addNew group-F71545BE5CD7:[e0660db2-f32f-4529-820c-e994e15ad9e7:192.168.164.207:42825, 45d92652-3396-41b7-9b8f-6c58248e1da2:192.168.164.207:38030, fdee42a1-84ef-4e78-88cb-8a42c5a899c2:192.168.164.207:39873] returns group-F71545BE5CD7:java.util.concurrent.CompletableFuture@7dfea450[Not completed]
2019-10-09 23:14:34,202 [grpc-default-executor-0] INFO  impl.RaftServerProxy (RaftServerProxy.java:addNew(89)) - fdee42a1-84ef-4e78-88cb-8a42c5a899c2: addNew group-F71545BE5CD7:[e0660db2-f32f-4529-820c-e994e15ad9e7:192.168.164.207:42825, 45d92652-3396-41b7-9b8f-6c58248e1da2:192.168.164.207:38030, fdee42a1-84ef-4e78-88cb-8a42c5a899c2:192.168.164.207:39873] returns group-F71545BE5CD7:java.util.concurrent.CompletableFuture@30594b3b[Not completed]
2019-10-09 23:14:34,203 [pool-27-thread-1] INFO  impl.RaftServerImpl (RaftServerImpl.java:<init>(95)) - 45d92652-3396-41b7-9b8f-6c58248e1da2: new RaftServerImpl for group-F71545BE5CD7:[e0660db2-f32f-4529-820c-e994e15ad9e7:192.168.164.207:42825, 45d92652-3396-41b7-9b8f-6c58248e1da2:192.168.164.207:38030, fdee42a1-84ef-4e78-88cb-8a42c5a899c2:192.168.164.207:39873] with ContainerStateMachine:uninitialized
2019-10-09 23:14:34,203 [pool-27-thread-1] INFO  server.RaftServerConfigKeys (ConfUtils.java:logGet(43)) - raft.server.rpc.timeout.min = 5s (custom)
2019-10-09 23:14:34,203 [pool-27-thread-1] INFO  server.RaftServerConfigKeys (ConfUtils.java:logGet(43)) - raft.server.rpc.timeout.max = 5200ms (custom)
2019-10-09 23:14:34,203 [pool-27-thread-1] INFO  server.RaftServerConfigKeys (ConfUtils.java:logGet(43)) - raft.server.rpcslowness.timeout = 120s (custom)
2019-10-09 23:14:34,203 [pool-27-thread-1] INFO  server.RaftServerConfigKeys (ConfUtils.java:logGet(43)) - raft.server.sleep.deviation.threshold = 300 (default)
2019-10-09 23:14:34,203 [pool-27-thread-1] INFO  server.RaftServerConfigKeys (ConfUtils.java:logGet(43)) - raft.server.log.appender.install.snapshot.enabled = false (custom)
2019-10-09 23:14:34,203 [pool-27-thread-1] INFO  impl.RaftServerImpl (ServerState.java:<init>(103)) - 45d92652-3396-41b7-9b8f-6c58248e1da2@group-F71545BE5CD7: ConfigurationManager, init=-1: [e0660db2-f32f-4529-820c-e994e15ad9e7:192.168.164.207:42825, 45d92652-3396-41b7-9b8f-6c58248e1da2:192.168.164.207:38030, fdee42a1-84ef-4e78-88cb-8a42c5a899c2:192.168.164.207:39873], old=null, confs=<EMPTY_MAP>
2019-10-09 23:14:34,204 [pool-27-thread-1] INFO  server.RaftServerConfigKeys (ConfUtils.java:logGet(43)) - raft.server.storage.dir = [/workdir/hadoop-ozone/integration-test/target/test-dir/MiniOzoneClusterImpl-e385a4c1-c95f-41f6-a4f8-a3d6a12eb9e0/datanode-0/data/ratis] (custom)
2019-10-09 23:14:34,204 [pool-37-thread-1] INFO  impl.RaftServerImpl (RaftServerImpl.java:<init>(95)) - fdee42a1-84ef-4e78-88cb-8a42c5a899c2: new RaftServerImpl for group-F71545BE5CD7:[e0660db2-f32f-4529-820c-e994e15ad9e7:192.168.164.207:42825, 45d92652-3396-41b7-9b8f-6c58248e1da2:192.168.164.207:38030, fdee42a1-84ef-4e78-88cb-8a42c5a899c2:192.168.164.207:39873] with ContainerStateMachine:uninitialized
2019-10-09 23:14:34,204 [pool-27-thread-1] INFO  server.RaftServerConfigKeys (ConfUtils.java:logGet(43)) - raft.server.log.corruption.policy = EXCEPTION (default)
2019-10-09 23:14:34,204 [pool-37-thread-1] INFO  server.RaftServerConfigKeys (ConfUtils.java:logGet(43)) - raft.server.rpc.timeout.min = 5s (custom)
2019-10-09 23:14:34,204 [pool-27-thread-1] INFO  storage.RaftStorageDirectory (RaftStorageDirectory.java:analyzeStorage(246)) - The storage directory /workdir/hadoop-ozone/integration-test/target/test-dir/MiniOzoneClusterImpl-e385a4c1-c95f-41f6-a4f8-a3d6a12eb9e0/datanode-0/data/ratis/f4514f06-3606-498f-9df2-f71545be5cd7 does not exist. Creating ...
2019-10-09 23:14:34,204 [pool-37-thread-1] INFO  server.RaftServerConfigKeys (ConfUtils.java:logGet(43)) - raft.server.rpc.timeout.max = 5200ms (custom)
2019-10-09 23:14:34,204 [pool-37-thread-1] INFO  server.RaftServerConfigKeys (ConfUtils.java:logGet(43)) - raft.server.rpcslowness.timeout = 120s (custom)
2019-10-09 23:14:34,205 [pool-47-thread-1] INFO  impl.RaftServerImpl (RaftServerImpl.java:<init>(95)) - e0660db2-f32f-4529-820c-e994e15ad9e7: new RaftServerImpl for group-F71545BE5CD7:[e0660db2-f32f-4529-820c-e994e15ad9e7:192.168.164.207:42825, 45d92652-3396-41b7-9b8f-6c58248e1da2:192.168.164.207:38030, fdee42a1-84ef-4e78-88cb-8a42c5a899c2:192.168.164.207:39873] with ContainerStateMachine:uninitialized
2019-10-09 23:14:34,205 [pool-37-thread-1] INFO  server.RaftServerConfigKeys (ConfUtils.java:logGet(43)) - raft.server.sleep.deviation.threshold = 300 (default)
2019-10-09 23:14:34,205 [pool-47-thread-1] INFO  server.RaftServerConfigKeys (ConfUtils.java:logGet(43)) - raft.server.rpc.timeout.min = 5s (custom)
2019-10-09 23:14:34,205 [pool-37-thread-1] INFO  server.RaftServerConfigKeys (ConfUtils.java:logGet(43)) - raft.server.log.appender.install.snapshot.enabled = false (custom)
2019-10-09 23:14:34,205 [pool-47-thread-1] INFO  server.RaftServerConfigKeys (ConfUtils.java:logGet(43)) - raft.server.rpc.timeout.max = 5200ms (custom)
2019-10-09 23:14:34,205 [pool-37-thread-1] INFO  impl.RaftServerImpl (ServerState.java:<init>(103)) - fdee42a1-84ef-4e78-88cb-8a42c5a899c2@group-F71545BE5CD7: ConfigurationManager, init=-1: [e0660db2-f32f-4529-820c-e994e15ad9e7:192.168.164.207:42825, 45d92652-3396-41b7-9b8f-6c58248e1da2:192.168.164.207:38030, fdee42a1-84ef-4e78-88cb-8a42c5a899c2:192.168.164.207:39873], old=null, confs=<EMPTY_MAP>
2019-10-09 23:14:34,205 [pool-47-thread-1] INFO  server.RaftServerConfigKeys (ConfUtils.java:logGet(43)) - raft.server.rpcslowness.timeout = 120s (custom)
2019-10-09 23:14:34,205 [pool-47-thread-1] INFO  server.RaftServerConfigKeys (ConfUtils.java:logGet(43)) - raft.server.sleep.deviation.threshold = 300 (default)
2019-10-09 23:14:34,205 [pool-37-thread-1] INFO  server.RaftServerConfigKeys (ConfUtils.java:logGet(43)) - raft.server.storage.dir = [/workdir/hadoop-ozone/integration-test/target/test-dir/MiniOzoneClusterImpl-e385a4c1-c95f-41f6-a4f8-a3d6a12eb9e0/datanode-1/data/ratis] (custom)
2019-10-09 23:14:34,205 [pool-47-thread-1] INFO  server.RaftServerConfigKeys (ConfUtils.java:logGet(43)) - raft.server.log.appender.install.snapshot.enabled = false (custom)
2019-10-09 23:14:34,206 [pool-47-thread-1] INFO  impl.RaftServerImpl (ServerState.java:<init>(103)) - e0660db2-f32f-4529-820c-e994e15ad9e7@group-F71545BE5CD7: ConfigurationManager, init=-1: [e0660db2-f32f-4529-820c-e994e15ad9e7:192.168.164.207:42825, 45d92652-3396-41b7-9b8f-6c58248e1da2:192.168.164.207:38030, fdee42a1-84ef-4e78-88cb-8a42c5a899c2:192.168.164.207:39873], old=null, confs=<EMPTY_MAP>
2019-10-09 23:14:34,206 [pool-37-thread-1] INFO  server.RaftServerConfigKeys (ConfUtils.java:logGet(43)) - raft.server.log.corruption.policy = EXCEPTION (default)
2019-10-09 23:14:34,206 [pool-47-thread-1] INFO  server.RaftServerConfigKeys (ConfUtils.java:logGet(43)) - raft.server.storage.dir = [/workdir/hadoop-ozone/integration-test/target/test-dir/MiniOzoneClusterImpl-e385a4c1-c95f-41f6-a4f8-a3d6a12eb9e0/datanode-2/data/ratis] (custom)
2019-10-09 23:14:34,206 [pool-37-thread-1] INFO  storage.RaftStorageDirectory (RaftStorageDirectory.java:analyzeStorage(246)) - The storage directory /workdir/hadoop-ozone/integration-test/target/test-dir/MiniOzoneClusterImpl-e385a4c1-c95f-41f6-a4f8-a3d6a12eb9e0/datanode-1/data/ratis/f4514f06-3606-498f-9df2-f71545be5cd7 does not exist. Creating ...
2019-10-09 23:14:34,206 [pool-47-thread-1] INFO  server.RaftServerConfigKeys (ConfUtils.java:logGet(43)) - raft.server.log.corruption.policy = EXCEPTION (default)
2019-10-09 23:14:34,206 [pool-47-thread-1] INFO  storage.RaftStorageDirectory (RaftStorageDirectory.java:analyzeStorage(246)) - The storage directory /workdir/hadoop-ozone/integration-test/target/test-dir/MiniOzoneClusterImpl-e385a4c1-c95f-41f6-a4f8-a3d6a12eb9e0/datanode-2/data/ratis/f4514f06-3606-498f-9df2-f71545be5cd7 does not exist. Creating ...
2019-10-09 23:14:34,218 [pool-27-thread-1] INFO  storage.RaftStorageDirectory (RaftStorageDirectory.java:tryLock(328)) - Lock on /workdir/hadoop-ozone/integration-test/target/test-dir/MiniOzoneClusterImpl-e385a4c1-c95f-41f6-a4f8-a3d6a12eb9e0/datanode-0/data/ratis/f4514f06-3606-498f-9df2-f71545be5cd7/in_use.lock acquired by nodename 1712@pr-hdds-1868-7c4vz-2804340038
2019-10-09 23:14:34,218 [pool-47-thread-1] INFO  storage.RaftStorageDirectory (RaftStorageDirectory.java:tryLock(328)) - Lock on /workdir/hadoop-ozone/integration-test/target/test-dir/MiniOzoneClusterImpl-e385a4c1-c95f-41f6-a4f8-a3d6a12eb9e0/datanode-2/data/ratis/f4514f06-3606-498f-9df2-f71545be5cd7/in_use.lock acquired by nodename 1712@pr-hdds-1868-7c4vz-2804340038
2019-10-09 23:14:34,218 [pool-37-thread-1] INFO  storage.RaftStorageDirectory (RaftStorageDirectory.java:tryLock(328)) - Lock on /workdir/hadoop-ozone/integration-test/target/test-dir/MiniOzoneClusterImpl-e385a4c1-c95f-41f6-a4f8-a3d6a12eb9e0/datanode-1/data/ratis/f4514f06-3606-498f-9df2-f71545be5cd7/in_use.lock acquired by nodename 1712@pr-hdds-1868-7c4vz-2804340038
2019-10-09 23:14:34,231 [pool-47-thread-1] INFO  storage.RaftStorage (RaftStorage.java:format(84)) - Storage directory /workdir/hadoop-ozone/integration-test/target/test-dir/MiniOzoneClusterImpl-e385a4c1-c95f-41f6-a4f8-a3d6a12eb9e0/datanode-2/data/ratis/f4514f06-3606-498f-9df2-f71545be5cd7 has been successfully formatted.
2019-10-09 23:14:34,231 [pool-37-thread-1] INFO  storage.RaftStorage (RaftStorage.java:format(84)) - Storage directory /workdir/hadoop-ozone/integration-test/target/test-dir/MiniOzoneClusterImpl-e385a4c1-c95f-41f6-a4f8-a3d6a12eb9e0/datanode-1/data/ratis/f4514f06-3606-498f-9df2-f71545be5cd7 has been successfully formatted.
2019-10-09 23:14:34,231 [pool-27-thread-1] INFO  storage.RaftStorage (RaftStorage.java:format(84)) - Storage directory /workdir/hadoop-ozone/integration-test/target/test-dir/MiniOzoneClusterImpl-e385a4c1-c95f-41f6-a4f8-a3d6a12eb9e0/datanode-0/data/ratis/f4514f06-3606-498f-9df2-f71545be5cd7 has been successfully formatted.
2019-10-09 23:14:34,232 [pool-47-thread-1] INFO  ratis.ContainerStateMachine (ContainerStateMachine.java:loadSnapshot(233)) - group-F71545BE5CD7: The snapshot info is null. Setting the last applied indexto:(t:0, i:~)
2019-10-09 23:14:34,232 [pool-37-thread-1] INFO  ratis.ContainerStateMachine (ContainerStateMachine.java:loadSnapshot(233)) - group-F71545BE5CD7: The snapshot info is null. Setting the last applied indexto:(t:0, i:~)
2019-10-09 23:14:34,232 [pool-47-thread-1] INFO  server.RaftServerConfigKeys (ConfUtils.java:logGet(43)) - raft.server.notification.no-leader.timeout = 120s (custom)
2019-10-09 23:14:34,232 [pool-27-thread-1] INFO  ratis.ContainerStateMachine (ContainerStateMachine.java:loadSnapshot(233)) - group-F71545BE5CD7: The snapshot info is null. Setting the last applied indexto:(t:0, i:~)
2019-10-09 23:14:34,233 [pool-47-thread-1] INFO  server.RaftServerConfigKeys (ConfUtils.java:logGet(43)) - raft.server.log.use.memory = false (default)
2019-10-09 23:14:34,233 [pool-37-thread-1] INFO  server.RaftServerConfigKeys (ConfUtils.java:logGet(43)) - raft.server.notification.no-leader.timeout = 120s (custom)
2019-10-09 23:14:34,233 [pool-47-thread-1] INFO  server.RaftServerConfigKeys (ConfUtils.java:logGet(43)) - raft.server.log.purge.gap = 1000000 (custom)
2019-10-09 23:14:34,233 [pool-27-thread-1] INFO  server.RaftServerConfigKeys (ConfUtils.java:logGet(43)) - raft.server.notification.no-leader.timeout = 120s (custom)
2019-10-09 23:14:34,233 [pool-47-thread-1] INFO  server.RaftServerConfigKeys (ConfUtils.java:logGet(43)) - raft.server.log.appender.buffer.byte-limit = 33554432 (custom)
2019-10-09 23:14:34,233 [pool-37-thread-1] INFO  server.RaftServerConfigKeys (ConfUtils.java:logGet(43)) - raft.server.log.use.memory = false (default)
2019-10-09 23:14:34,234 [pool-47-thread-1] INFO  server.RaftServerConfigKeys (ConfUtils.java:logGet(43)) - raft.server.log.segment.size.max = 1048576 (custom)
2019-10-09 23:14:34,234 [pool-27-thread-1] INFO  server.RaftServerConfigKeys (ConfUtils.java:logGet(43)) - raft.server.log.use.memory = false (default)
2019-10-09 23:14:34,234 [pool-47-thread-1] INFO  server.RaftServerConfigKeys (ConfUtils.java:logGet(43)) - raft.server.log.segment.cache.num.max = 2 (custom)
2019-10-09 23:14:34,234 [pool-37-thread-1] INFO  server.RaftServerConfigKeys (ConfUtils.java:logGet(43)) - raft.server.log.purge.gap = 1000000 (custom)
2019-10-09 23:14:34,234 [pool-47-thread-1] INFO  segmented.SegmentedRaftLogWorker (SegmentedRaftLogWorker.java:<init>(173)) - new e0660db2-f32f-4529-820c-e994e15ad9e7@group-F71545BE5CD7-SegmentedRaftLogWorker for RaftStorage:Storage Directory /workdir/hadoop-ozone/integration-test/target/test-dir/MiniOzoneClusterImpl-e385a4c1-c95f-41f6-a4f8-a3d6a12eb9e0/datanode-2/data/ratis/f4514f06-3606-498f-9df2-f71545be5cd7
2019-10-09 23:14:34,234 [pool-27-thread-1] INFO  server.RaftServerConfigKeys (ConfUtils.java:logGet(43)) - raft.server.log.purge.gap = 1000000 (custom)
2019-10-09 23:14:34,235 [pool-47-thread-1] INFO  server.RaftServerConfigKeys (ConfUtils.java:logGet(43)) - raft.server.log.queue.byte-limit = 2147483647 (custom)
2019-10-09 23:14:34,235 [pool-37-thread-1] INFO  server.RaftServerConfigKeys (ConfUtils.java:logGet(43)) - raft.server.log.appender.buffer.byte-limit = 33554432 (custom)
2019-10-09 23:14:34,235 [pool-47-thread-1] INFO  server.RaftServerConfigKeys (ConfUtils.java:logGet(43)) - raft.server.log.queue.element-limit = 1024 (custom)
2019-10-09 23:14:34,235 [pool-27-thread-1] INFO  server.RaftServerConfigKeys (ConfUtils.java:logGet(43)) - raft.server.log.appender.buffer.byte-limit = 33554432 (custom)
2019-10-09 23:14:34,236 [pool-47-thread-1] INFO  server.RaftServerConfigKeys (ConfUtils.java:logGet(43)) - raft.server.log.segment.size.max = 1048576 (custom)
2019-10-09 23:14:34,235 [pool-37-thread-1] INFO  server.RaftServerConfigKeys (ConfUtils.java:logGet(43)) - raft.server.log.segment.size.max = 1048576 (custom)
2019-10-09 23:14:34,236 [pool-47-thread-1] INFO  server.RaftServerConfigKeys (ConfUtils.java:logGet(43)) - raft.server.log.preallocated.size = 16384 (custom)
2019-10-09 23:14:34,236 [pool-27-thread-1] INFO  server.RaftServerConfigKeys (ConfUtils.java:logGet(43)) - raft.server.log.segment.size.max = 1048576 (custom)
2019-10-09 23:14:34,236 [pool-47-thread-1] INFO  server.RaftServerConfigKeys (ConfUtils.java:logGet(43)) - raft.server.log.write.buffer.size = 33554432 (custom)
2019-10-09 23:14:34,236 [pool-37-thread-1] INFO  server.RaftServerConfigKeys (ConfUtils.java:logGet(43)) - raft.server.log.segment.cache.num.max = 2 (custom)
2019-10-09 23:14:34,236 [pool-47-thread-1] INFO  server.RaftServerConfigKeys (ConfUtils.java:logGet(43)) - raft.server.log.force.sync.num = 128 (default)
2019-10-09 23:14:34,236 [pool-27-thread-1] INFO  server.RaftServerConfigKeys (ConfUtils.java:logGet(43)) - raft.server.log.segment.cache.num.max = 2 (custom)
2019-10-09 23:14:34,237 [pool-47-thread-1] INFO  server.RaftServerConfigKeys (ConfUtils.java:logGet(43)) - raft.server.log.statemachine.data.sync = true (default)
2019-10-09 23:14:34,237 [pool-37-thread-1] INFO  segmented.SegmentedRaftLogWorker (SegmentedRaftLogWorker.java:<init>(173)) - new fdee42a1-84ef-4e78-88cb-8a42c5a899c2@group-F71545BE5CD7-SegmentedRaftLogWorker for RaftStorage:Storage Directory /workdir/hadoop-ozone/integration-test/target/test-dir/MiniOzoneClusterImpl-e385a4c1-c95f-41f6-a4f8-a3d6a12eb9e0/datanode-1/data/ratis/f4514f06-3606-498f-9df2-f71545be5cd7
2019-10-09 23:14:34,237 [pool-47-thread-1] INFO  server.RaftServerConfigKeys (ConfUtils.java:logGet(43)) - raft.server.log.statemachine.data.sync.timeout = 10s (default)
2019-10-09 23:14:34,237 [pool-27-thread-1] INFO  segmented.SegmentedRaftLogWorker (SegmentedRaftLogWorker.java:<init>(173)) - new 45d92652-3396-41b7-9b8f-6c58248e1da2@group-F71545BE5CD7-SegmentedRaftLogWorker for RaftStorage:Storage Directory /workdir/hadoop-ozone/integration-test/target/test-dir/MiniOzoneClusterImpl-e385a4c1-c95f-41f6-a4f8-a3d6a12eb9e0/datanode-0/data/ratis/f4514f06-3606-498f-9df2-f71545be5cd7
2019-10-09 23:14:34,237 [pool-47-thread-1] INFO  server.RaftServerConfigKeys (ConfUtils.java:logGet(43)) - raft.server.log.statemachine.data.sync.timeout.retry = -1 (default)
2019-10-09 23:14:34,237 [pool-37-thread-1] INFO  server.RaftServerConfigKeys (ConfUtils.java:logGet(43)) - raft.server.log.queue.byte-limit = 2147483647 (custom)
2019-10-09 23:14:34,238 [pool-47-thread-1] INFO  server.RaftServerConfigKeys (ConfUtils.java:logGet(43)) - raft.server.log.statemachine.data.caching.enabled = true (custom)
2019-10-09 23:14:34,238 [pool-27-thread-1] INFO  server.RaftServerConfigKeys (ConfUtils.java:logGet(43)) - raft.server.log.queue.byte-limit = 2147483647 (custom)
2019-10-09 23:14:34,238 [pool-37-thread-1] INFO  server.RaftServerConfigKeys (ConfUtils.java:logGet(43)) - raft.server.log.queue.element-limit = 1024 (custom)
2019-10-09 23:14:34,238 [pool-47-thread-1] INFO  segmented.SegmentedRaftLogWorker (SegmentedRaftLogWorker.java:lambda$new$0(128)) - e0660db2-f32f-4529-820c-e994e15ad9e7@group-F71545BE5CD7-SegmentedRaftLogWorker: flushIndex: setUnconditionally 0 -> -1
2019-10-09 23:14:34,238 [pool-27-thread-1] INFO  server.RaftServerConfigKeys (ConfUtils.java:logGet(43)) - raft.server.log.queue.element-limit = 1024 (custom)
2019-10-09 23:14:34,239 [pool-37-thread-1] INFO  server.RaftServerConfigKeys (ConfUtils.java:logGet(43)) - raft.server.log.segment.size.max = 1048576 (custom)
2019-10-09 23:14:34,239 [pool-47-thread-1] INFO  server.RaftServerConfigKeys (ConfUtils.java:logGet(43)) - raft.server.snapshot.auto.trigger.enabled = true (custom)
2019-10-09 23:14:34,239 [pool-27-thread-1] INFO  server.RaftServerConfigKeys (ConfUtils.java:logGet(43)) - raft.server.log.segment.size.max = 1048576 (custom)
2019-10-09 23:14:34,239 [pool-47-thread-1] INFO  server.RaftServerConfigKeys (ConfUtils.java:logGet(43)) - raft.server.snapshot.auto.trigger.threshold = 10000 (custom)
2019-10-09 23:14:34,239 [pool-37-thread-1] INFO  server.RaftServerConfigKeys (ConfUtils.java:logGet(43)) - raft.server.log.preallocated.size = 16384 (custom)
2019-10-09 23:14:34,239 [pool-47-thread-1] INFO  server.RaftServerConfigKeys (ConfUtils.java:logGet(43)) - raft.server.snapshot.retention.file.num = 5 (custom)
2019-10-09 23:14:34,239 [pool-27-thread-1] INFO  server.RaftServerConfigKeys (ConfUtils.java:logGet(43)) - raft.server.log.preallocated.size = 16384 (custom)
2019-10-09 23:14:34,240 [pool-37-thread-1] INFO  server.RaftServerConfigKeys (ConfUtils.java:logGet(43)) - raft.server.log.write.buffer.size = 33554432 (custom)
2019-10-09 23:14:34,240 [pool-27-thread-1] INFO  server.RaftServerConfigKeys (ConfUtils.java:logGet(43)) - raft.server.log.write.buffer.size = 33554432 (custom)
2019-10-09 23:14:34,240 [pool-47-thread-1] INFO  server.RaftServerConfigKeys (ConfUtils.java:logGet(43)) - raft.server.retrycache.expirytime = 600000ms (custom)
2019-10-09 23:14:34,240 [pool-27-thread-1] INFO  server.RaftServerConfigKeys (ConfUtils.java:logGet(43)) - raft.server.log.force.sync.num = 128 (default)
2019-10-09 23:14:34,240 [pool-37-thread-1] INFO  server.RaftServerConfigKeys (ConfUtils.java:logGet(43)) - raft.server.log.force.sync.num = 128 (default)
2019-10-09 23:14:34,240 [pool-27-thread-1] INFO  server.RaftServerConfigKeys (ConfUtils.java:logGet(43)) - raft.server.log.statemachine.data.sync = true (default)
2019-10-09 23:14:34,241 [pool-37-thread-1] INFO  server.RaftServerConfigKeys (ConfUtils.java:logGet(43)) - raft.server.log.statemachine.data.sync = true (default)
2019-10-09 23:14:34,241 [pool-27-thread-1] INFO  server.RaftServerConfigKeys (ConfUtils.java:logGet(43)) - raft.server.log.statemachine.data.sync.timeout = 10s (default)
2019-10-09 23:14:34,241 [pool-37-thread-1] INFO  server.RaftServerConfigKeys (ConfUtils.java:logGet(43)) - raft.server.log.statemachine.data.sync.timeout = 10s (default)
2019-10-09 23:14:34,241 [pool-27-thread-1] INFO  server.RaftServerConfigKeys (ConfUtils.java:logGet(43)) - raft.server.log.statemachine.data.sync.timeout.retry = -1 (default)
2019-10-09 23:14:34,241 [pool-37-thread-1] INFO  server.RaftServerConfigKeys (ConfUtils.java:logGet(43)) - raft.server.log.statemachine.data.sync.timeout.retry = -1 (default)
2019-10-09 23:14:34,242 [pool-27-thread-1] INFO  server.RaftServerConfigKeys (ConfUtils.java:logGet(43)) - raft.server.log.statemachine.data.caching.enabled = true (custom)
2019-10-09 23:14:34,242 [pool-37-thread-1] INFO  server.RaftServerConfigKeys (ConfUtils.java:logGet(43)) - raft.server.log.statemachine.data.caching.enabled = true (custom)
2019-10-09 23:14:34,242 [pool-27-thread-1] INFO  segmented.SegmentedRaftLogWorker (SegmentedRaftLogWorker.java:lambda$new$0(128)) - 45d92652-3396-41b7-9b8f-6c58248e1da2@group-F71545BE5CD7-SegmentedRaftLogWorker: flushIndex: setUnconditionally 0 -> -1
2019-10-09 23:14:34,242 [pool-37-thread-1] INFO  segmented.SegmentedRaftLogWorker (SegmentedRaftLogWorker.java:lambda$new$0(128)) - fdee42a1-84ef-4e78-88cb-8a42c5a899c2@group-F71545BE5CD7-SegmentedRaftLogWorker: flushIndex: setUnconditionally 0 -> -1
2019-10-09 23:14:34,242 [pool-27-thread-1] INFO  server.RaftServerConfigKeys (ConfUtils.java:logGet(43)) - raft.server.snapshot.auto.trigger.enabled = true (custom)
2019-10-09 23:14:34,242 [pool-27-thread-1] INFO  server.RaftServerConfigKeys (ConfUtils.java:logGet(43)) - raft.server.snapshot.auto.trigger.threshold = 10000 (custom)
2019-10-09 23:14:34,242 [pool-37-thread-1] INFO  server.RaftServerConfigKeys (ConfUtils.java:logGet(43)) - raft.server.snapshot.auto.trigger.enabled = true (custom)
2019-10-09 23:14:34,242 [pool-27-thread-1] INFO  server.RaftServerConfigKeys (ConfUtils.java:logGet(43)) - raft.server.snapshot.retention.file.num = 5 (custom)
2019-10-09 23:14:34,243 [pool-37-thread-1] INFO  server.RaftServerConfigKeys (ConfUtils.java:logGet(43)) - raft.server.snapshot.auto.trigger.threshold = 10000 (custom)
2019-10-09 23:14:34,243 [pool-27-thread-1] INFO  server.RaftServerConfigKeys (ConfUtils.java:logGet(43)) - raft.server.retrycache.expirytime = 600000ms (custom)
2019-10-09 23:14:34,243 [pool-37-thread-1] INFO  server.RaftServerConfigKeys (ConfUtils.java:logGet(43)) - raft.server.snapshot.retention.file.num = 5 (custom)
2019-10-09 23:14:34,243 [pool-37-thread-1] INFO  server.RaftServerConfigKeys (ConfUtils.java:logGet(43)) - raft.server.retrycache.expirytime = 600000ms (custom)
2019-10-09 23:14:34,247 [pool-47-thread-1] INFO  impl.RaftServerImpl (RaftServerImpl.java:start(181)) - e0660db2-f32f-4529-820c-e994e15ad9e7@group-F71545BE5CD7: start as a follower, conf=-1: [e0660db2-f32f-4529-820c-e994e15ad9e7:192.168.164.207:42825, 45d92652-3396-41b7-9b8f-6c58248e1da2:192.168.164.207:38030, fdee42a1-84ef-4e78-88cb-8a42c5a899c2:192.168.164.207:39873], old=null
2019-10-09 23:14:34,247 [pool-47-thread-1] INFO  impl.RaftServerImpl (RaftServerImpl.java:setRole(170)) - e0660db2-f32f-4529-820c-e994e15ad9e7@group-F71545BE5CD7: changes role from      null to FOLLOWER at term 0 for startAsFollower
2019-10-09 23:14:34,247 [pool-47-thread-1] INFO  impl.RoleInfo (RoleInfo.java:updateAndGet(143)) - e0660db2-f32f-4529-820c-e994e15ad9e7: start FollowerState
2019-10-09 23:14:34,248 [pool-47-thread-1] INFO  util.JmxRegister (JmxRegister.java:tryRegister(44)) - Successfully registered JMX Bean with object name Ratis:service=RaftServer,group=group-F71545BE5CD7,id=e0660db2-f32f-4529-820c-e994e15ad9e7
2019-10-09 23:14:34,248 [pool-27-thread-1] INFO  impl.RaftServerImpl (RaftServerImpl.java:start(181)) - 45d92652-3396-41b7-9b8f-6c58248e1da2@group-F71545BE5CD7: start as a follower, conf=-1: [e0660db2-f32f-4529-820c-e994e15ad9e7:192.168.164.207:42825, 45d92652-3396-41b7-9b8f-6c58248e1da2:192.168.164.207:38030, fdee42a1-84ef-4e78-88cb-8a42c5a899c2:192.168.164.207:39873], old=null
2019-10-09 23:14:34,248 [pool-27-thread-1] INFO  impl.RaftServerImpl (RaftServerImpl.java:setRole(170)) - 45d92652-3396-41b7-9b8f-6c58248e1da2@group-F71545BE5CD7: changes role from      null to FOLLOWER at term 0 for startAsFollower
2019-10-09 23:14:34,248 [pool-27-thread-1] INFO  impl.RoleInfo (RoleInfo.java:updateAndGet(143)) - 45d92652-3396-41b7-9b8f-6c58248e1da2: start FollowerState
2019-10-09 23:14:34,249 [pool-37-thread-1] INFO  impl.RaftServerImpl (RaftServerImpl.java:start(181)) - fdee42a1-84ef-4e78-88cb-8a42c5a899c2@group-F71545BE5CD7: start as a follower, conf=-1: [e0660db2-f32f-4529-820c-e994e15ad9e7:192.168.164.207:42825, 45d92652-3396-41b7-9b8f-6c58248e1da2:192.168.164.207:38030, fdee42a1-84ef-4e78-88cb-8a42c5a899c2:192.168.164.207:39873], old=null
2019-10-09 23:14:34,249 [pool-37-thread-1] INFO  impl.RaftServerImpl (RaftServerImpl.java:setRole(170)) - fdee42a1-84ef-4e78-88cb-8a42c5a899c2@group-F71545BE5CD7: changes role from      null to FOLLOWER at term 0 for startAsFollower
2019-10-09 23:14:34,249 [pool-27-thread-1] INFO  util.JmxRegister (JmxRegister.java:tryRegister(44)) - Successfully registered JMX Bean with object name Ratis:service=RaftServer,group=group-F71545BE5CD7,id=45d92652-3396-41b7-9b8f-6c58248e1da2
2019-10-09 23:14:34,249 [pool-37-thread-1] INFO  impl.RoleInfo (RoleInfo.java:updateAndGet(143)) - fdee42a1-84ef-4e78-88cb-8a42c5a899c2: start FollowerState
2019-10-09 23:14:34,249 [pool-37-thread-1] INFO  util.JmxRegister (JmxRegister.java:tryRegister(44)) - Successfully registered JMX Bean with object name Ratis:service=RaftServer,group=group-F71545BE5CD7,id=fdee42a1-84ef-4e78-88cb-8a42c5a899c2
2019-10-09 23:14:34,280 [RatisPipelineUtilsThread] INFO  pipeline.PipelineStateManager (PipelineStateManager.java:addPipeline(57)) - Created pipeline Pipeline[ Id: f4514f06-3606-498f-9df2-f71545be5cd7, Nodes: 45d92652-3396-41b7-9b8f-6c58248e1da2{ip: 192.168.164.207, host: pr-hdds-1868-7c4vz-2804340038, networkLocation: /default-rack, certSerialId: null}e0660db2-f32f-4529-820c-e994e15ad9e7{ip: 192.168.164.207, host: pr-hdds-1868-7c4vz-2804340038, networkLocation: /default-rack, certSerialId: null}fdee42a1-84ef-4e78-88cb-8a42c5a899c2{ip: 192.168.164.207, host: pr-hdds-1868-7c4vz-2804340038, networkLocation: /default-rack, certSerialId: null}, Type:RATIS, Factor:THREE, State:ALLOCATED]
2019-10-09 23:14:35,170 [main] INFO  ozone.MiniOzoneClusterImpl (MiniOzoneClusterImpl.java:lambda$waitForClusterToBeReady$2(164)) - Waiting for 4 number of pipelines out of 4, to report a leader.
2019-10-09 23:14:36,171 [main] INFO  ozone.MiniOzoneClusterImpl (MiniOzoneClusterImpl.java:lambda$waitForClusterToBeReady$2(164)) - Waiting for 4 number of pipelines out of 4, to report a leader.
2019-10-09 23:14:36,195 [Thread-178] INFO  container.ReplicationManager (ReplicationManager.java:start(162)) - Starting Replication Monitor Thread.
2019-10-09 23:14:36,198 [Thread-178] INFO  pipeline.SCMPipelineManager (SCMPipelineManager.java:finalizeAndDestroyPipeline(315)) - destroying pipeline:Pipeline[ Id: f4514f06-3606-498f-9df2-f71545be5cd7, Nodes: 45d92652-3396-41b7-9b8f-6c58248e1da2{ip: 192.168.164.207, host: pr-hdds-1868-7c4vz-2804340038, networkLocation: /default-rack, certSerialId: null}e0660db2-f32f-4529-820c-e994e15ad9e7{ip: 192.168.164.207, host: pr-hdds-1868-7c4vz-2804340038, networkLocation: /default-rack, certSerialId: null}fdee42a1-84ef-4e78-88cb-8a42c5a899c2{ip: 192.168.164.207, host: pr-hdds-1868-7c4vz-2804340038, networkLocation: /default-rack, certSerialId: null}, Type:RATIS, Factor:THREE, State:ALLOCATED]
2019-10-09 23:14:36,199 [ReplicationMonitor] INFO  container.ReplicationManager (ReplicationManager.java:run(225)) - Replication Monitor Thread took 1 milliseconds for processing 0 containers.
2019-10-09 23:14:36,199 [Thread-178] INFO  pipeline.PipelineStateManager (PipelineStateManager.java:finalizePipeline(123)) - Pipeline Pipeline[ Id: f4514f06-3606-498f-9df2-f71545be5cd7, Nodes: 45d92652-3396-41b7-9b8f-6c58248e1da2{ip: 192.168.164.207, host: pr-hdds-1868-7c4vz-2804340038, networkLocation: /default-rack, certSerialId: null}e0660db2-f32f-4529-820c-e994e15ad9e7{ip: 192.168.164.207, host: pr-hdds-1868-7c4vz-2804340038, networkLocation: /default-rack, certSerialId: null}fdee42a1-84ef-4e78-88cb-8a42c5a899c2{ip: 192.168.164.207, host: pr-hdds-1868-7c4vz-2804340038, networkLocation: /default-rack, certSerialId: null}, Type:RATIS, Factor:THREE, State:CLOSED] moved to CLOSED state
2019-10-09 23:14:36,222 [grpc-default-executor-0] INFO  impl.RaftServerProxy (RaftServerProxy.java:remove(95)) - 45d92652-3396-41b7-9b8f-6c58248e1da2: remove  FOLLOWER 45d92652-3396-41b7-9b8f-6c58248e1da2@group-F71545BE5CD7:t0, leader=null, voted=null, raftlog=45d92652-3396-41b7-9b8f-6c58248e1da2@group-F71545BE5CD7-SegmentedRaftLog:OPENED:c-1,f-1,i0, conf=-1: [e0660db2-f32f-4529-820c-e994e15ad9e7:192.168.164.207:42825, 45d92652-3396-41b7-9b8f-6c58248e1da2:192.168.164.207:38030, fdee42a1-84ef-4e78-88cb-8a42c5a899c2:192.168.164.207:39873], old=null RUNNING
2019-10-09 23:14:36,225 [grpc-default-executor-0] INFO  impl.RaftServerImpl (RaftServerImpl.java:lambda$shutdown$3(247)) - 45d92652-3396-41b7-9b8f-6c58248e1da2@group-F71545BE5CD7: shutdown
2019-10-09 23:14:36,226 [grpc-default-executor-0] INFO  util.JmxRegister (JmxRegister.java:unregister(73)) - Successfully un-registered JMX Bean with object name Ratis:service=RaftServer,group=group-F71545BE5CD7,id=45d92652-3396-41b7-9b8f-6c58248e1da2
2019-10-09 23:14:36,226 [grpc-default-executor-0] INFO  impl.RoleInfo (RoleInfo.java:shutdownFollowerState(121)) - 45d92652-3396-41b7-9b8f-6c58248e1da2: shutdown FollowerState
2019-10-09 23:14:36,227 [grpc-default-executor-0] INFO  impl.StateMachineUpdater (StateMachineUpdater.java:stopAndJoin(136)) - 45d92652-3396-41b7-9b8f-6c58248e1da2@group-F71545BE5CD7-StateMachineUpdater: set stopIndex = -1
2019-10-09 23:14:36,227 [Thread-192] INFO  impl.FollowerState (FollowerState.java:run(117)) - 45d92652-3396-41b7-9b8f-6c58248e1da2@group-F71545BE5CD7-FollowerState was interrupted: java.lang.InterruptedException: sleep interrupted
2019-10-09 23:14:36,229 [grpc-default-executor-0] INFO  impl.RaftServerImpl (ServerState.java:close(387)) - 45d92652-3396-41b7-9b8f-6c58248e1da2@group-F71545BE5CD7: closes. applyIndex: -1
2019-10-09 23:14:36,234 [45d92652-3396-41b7-9b8f-6c58248e1da2@group-F71545BE5CD7-SegmentedRaftLogWorker] INFO  segmented.SegmentedRaftLogWorker (SegmentedRaftLogWorker.java:run(316)) - 45d92652-3396-41b7-9b8f-6c58248e1da2@group-F71545BE5CD7-SegmentedRaftLogWorker was interrupted, exiting. There are 0 tasks remaining in the queue.
2019-10-09 23:14:36,236 [grpc-default-executor-0] INFO  segmented.SegmentedRaftLogWorker (SegmentedRaftLogWorker.java:close(224)) - 45d92652-3396-41b7-9b8f-6c58248e1da2@group-F71545BE5CD7-SegmentedRaftLogWorker close()
2019-10-09 23:14:36,264 [grpc-default-executor-0] INFO  impl.RaftServerProxy (RaftServerProxy.java:remove(95)) - e0660db2-f32f-4529-820c-e994e15ad9e7: remove  FOLLOWER e0660db2-f32f-4529-820c-e994e15ad9e7@group-F71545BE5CD7:t0, leader=null, voted=null, raftlog=e0660db2-f32f-4529-820c-e994e15ad9e7@group-F71545BE5CD7-SegmentedRaftLog:OPENED:c-1,f-1,i0, conf=-1: [e0660db2-f32f-4529-820c-e994e15ad9e7:192.168.164.207:42825, 45d92652-3396-41b7-9b8f-6c58248e1da2:192.168.164.207:38030, fdee42a1-84ef-4e78-88cb-8a42c5a899c2:192.168.164.207:39873], old=null RUNNING
2019-10-09 23:14:36,264 [grpc-default-executor-0] INFO  impl.RaftServerImpl (RaftServerImpl.java:lambda$shutdown$3(247)) - e0660db2-f32f-4529-820c-e994e15ad9e7@group-F71545BE5CD7: shutdown
2019-10-09 23:14:36,265 [grpc-default-executor-0] INFO  util.JmxRegister (JmxRegister.java:unregister(73)) - Successfully un-registered JMX Bean with object name Ratis:service=RaftServer,group=group-F71545BE5CD7,id=e0660db2-f32f-4529-820c-e994e15ad9e7
2019-10-09 23:14:36,265 [grpc-default-executor-0] INFO  impl.RoleInfo (RoleInfo.java:shutdownFollowerState(121)) - e0660db2-f32f-4529-820c-e994e15ad9e7: shutdown FollowerState
2019-10-09 23:14:36,265 [grpc-default-executor-0] INFO  impl.StateMachineUpdater (StateMachineUpdater.java:stopAndJoin(136)) - e0660db2-f32f-4529-820c-e994e15ad9e7@group-F71545BE5CD7-StateMachineUpdater: set stopIndex = -1
2019-10-09 23:14:36,265 [Thread-191] INFO  impl.FollowerState (FollowerState.java:run(117)) - e0660db2-f32f-4529-820c-e994e15ad9e7@group-F71545BE5CD7-FollowerState was interrupted: java.lang.InterruptedException: sleep interrupted
2019-10-09 23:14:36,267 [grpc-default-executor-0] INFO  impl.RaftServerImpl (ServerState.java:close(387)) - e0660db2-f32f-4529-820c-e994e15ad9e7@group-F71545BE5CD7: closes. applyIndex: -1
2019-10-09 23:14:36,269 [e0660db2-f32f-4529-820c-e994e15ad9e7@group-F71545BE5CD7-SegmentedRaftLogWorker] INFO  segmented.SegmentedRaftLogWorker (SegmentedRaftLogWorker.java:run(316)) - e0660db2-f32f-4529-820c-e994e15ad9e7@group-F71545BE5CD7-SegmentedRaftLogWorker was interrupted, exiting. There are 0 tasks remaining in the queue.
2019-10-09 23:14:36,269 [grpc-default-executor-0] INFO  segmented.SegmentedRaftLogWorker (SegmentedRaftLogWorker.java:close(224)) - e0660db2-f32f-4529-820c-e994e15ad9e7@group-F71545BE5CD7-SegmentedRaftLogWorker close()
2019-10-09 23:14:36,291 [grpc-default-executor-0] INFO  impl.RaftServerProxy (RaftServerProxy.java:remove(95)) - fdee42a1-84ef-4e78-88cb-8a42c5a899c2: remove  FOLLOWER fdee42a1-84ef-4e78-88cb-8a42c5a899c2@group-F71545BE5CD7:t0, leader=null, voted=null, raftlog=fdee42a1-84ef-4e78-88cb-8a42c5a899c2@group-F71545BE5CD7-SegmentedRaftLog:OPENED:c-1,f-1,i0, conf=-1: [e0660db2-f32f-4529-820c-e994e15ad9e7:192.168.164.207:42825, 45d92652-3396-41b7-9b8f-6c58248e1da2:192.168.164.207:38030, fdee42a1-84ef-4e78-88cb-8a42c5a899c2:192.168.164.207:39873], old=null RUNNING
2019-10-09 23:14:36,291 [grpc-default-executor-0] INFO  impl.RaftServerImpl (RaftServerImpl.java:lambda$shutdown$3(247)) - fdee42a1-84ef-4e78-88cb-8a42c5a899c2@group-F71545BE5CD7: shutdown
2019-10-09 23:14:36,292 [grpc-default-executor-0] INFO  util.JmxRegister (JmxRegister.java:unregister(73)) - Successfully un-registered JMX Bean with object name Ratis:service=RaftServer,group=group-F71545BE5CD7,id=fdee42a1-84ef-4e78-88cb-8a42c5a899c2
2019-10-09 23:14:36,292 [grpc-default-executor-0] INFO  impl.RoleInfo (RoleInfo.java:shutdownFollowerState(121)) - fdee42a1-84ef-4e78-88cb-8a42c5a899c2: shutdown FollowerState
2019-10-09 23:14:36,292 [grpc-default-executor-0] INFO  impl.StateMachineUpdater (StateMachineUpdater.java:stopAndJoin(136)) - fdee42a1-84ef-4e78-88cb-8a42c5a899c2@group-F71545BE5CD7-StateMachineUpdater: set stopIndex = -1
2019-10-09 23:14:36,292 [Thread-193] INFO  impl.FollowerState (FollowerState.java:run(117)) - fdee42a1-84ef-4e78-88cb-8a42c5a899c2@group-F71545BE5CD7-FollowerState was interrupted: java.lang.InterruptedException: sleep interrupted
2019-10-09 23:14:36,293 [grpc-default-executor-0] INFO  impl.RaftServerImpl (ServerState.java:close(387)) - fdee42a1-84ef-4e78-88cb-8a42c5a899c2@group-F71545BE5CD7: closes. applyIndex: -1
2019-10-09 23:14:36,295 [fdee42a1-84ef-4e78-88cb-8a42c5a899c2@group-F71545BE5CD7-SegmentedRaftLogWorker] INFO  segmented.SegmentedRaftLogWorker (SegmentedRaftLogWorker.java:run(316)) - fdee42a1-84ef-4e78-88cb-8a42c5a899c2@group-F71545BE5CD7-SegmentedRaftLogWorker was interrupted, exiting. There are 0 tasks remaining in the queue.
2019-10-09 23:14:36,295 [grpc-default-executor-0] INFO  segmented.SegmentedRaftLogWorker (SegmentedRaftLogWorker.java:close(224)) - fdee42a1-84ef-4e78-88cb-8a42c5a899c2@group-F71545BE5CD7-SegmentedRaftLogWorker close()
2019-10-09 23:14:36,305 [Thread-178] INFO  pipeline.PipelineStateManager (PipelineStateManager.java:removePipeline(108)) - Pipeline Pipeline[ Id: f4514f06-3606-498f-9df2-f71545be5cd7, Nodes: 45d92652-3396-41b7-9b8f-6c58248e1da2{ip: 192.168.164.207, host: pr-hdds-1868-7c4vz-2804340038, networkLocation: /default-rack, certSerialId: null}e0660db2-f32f-4529-820c-e994e15ad9e7{ip: 192.168.164.207, host: pr-hdds-1868-7c4vz-2804340038, networkLocation: /default-rack, certSerialId: null}fdee42a1-84ef-4e78-88cb-8a42c5a899c2{ip: 192.168.164.207, host: pr-hdds-1868-7c4vz-2804340038, networkLocation: /default-rack, certSerialId: null}, Type:RATIS, Factor:THREE, State:CLOSED] removed from db
2019-10-09 23:14:36,306 [Thread-178] INFO  pipeline.SCMPipelineManager (SCMPipelineManager.java:finalizeAndDestroyPipeline(315)) - destroying pipeline:Pipeline[ Id: 2e9f68c1-5496-4aa3-b7a9-af5dafe510e2, Nodes: e0660db2-f32f-4529-820c-e994e15ad9e7{ip: 192.168.164.207, host: pr-hdds-1868-7c4vz-2804340038, networkLocation: /default-rack, certSerialId: null}, Type:RATIS, Factor:ONE, State:ALLOCATED]
2019-10-09 23:14:36,323 [grpc-default-executor-1] INFO  impl.RaftServerProxy (RaftServerProxy.java:addNew(89)) - e0660db2-f32f-4529-820c-e994e15ad9e7: addNew group-92AD35C80E49:[e0660db2-f32f-4529-820c-e994e15ad9e7:192.168.164.207:42825, 45d92652-3396-41b7-9b8f-6c58248e1da2:192.168.164.207:38030, fdee42a1-84ef-4e78-88cb-8a42c5a899c2:192.168.164.207:39873] returns group-92AD35C80E49:java.util.concurrent.CompletableFuture@1c31455b[Not completed]
2019-10-09 23:14:36,324 [grpc-default-executor-0] INFO  impl.RaftServerProxy (RaftServerProxy.java:addNew(89)) - 45d92652-3396-41b7-9b8f-6c58248e1da2: addNew group-92AD35C80E49:[e0660db2-f32f-4529-820c-e994e15ad9e7:192.168.164.207:42825, 45d92652-3396-41b7-9b8f-6c58248e1da2:192.168.164.207:38030, fdee42a1-84ef-4e78-88cb-8a42c5a899c2:192.168.164.207:39873] returns group-92AD35C80E49:java.util.concurrent.CompletableFuture@480265b9[Not completed]
2019-10-09 23:14:36,326 [grpc-default-executor-0] INFO  impl.RaftServerProxy (RaftServerProxy.java:addNew(89)) - fdee42a1-84ef-4e78-88cb-8a42c5a899c2: addNew group-92AD35C80E49:[e0660db2-f32f-4529-820c-e994e15ad9e7:192.168.164.207:42825, 45d92652-3396-41b7-9b8f-6c58248e1da2:192.168.164.207:38030, fdee42a1-84ef-4e78-88cb-8a42c5a899c2:192.168.164.207:39873] returns group-92AD35C80E49:java.util.concurrent.CompletableFuture@6036fb89[Not completed]
2019-10-09 23:14:36,327 [pool-47-thread-1] INFO  impl.RaftServerImpl (RaftServerImpl.java:<init>(95)) - e0660db2-f32f-4529-820c-e994e15ad9e7: new RaftServerImpl for group-92AD35C80E49:[e0660db2-f32f-4529-820c-e994e15ad9e7:192.168.164.207:42825, 45d92652-3396-41b7-9b8f-6c58248e1da2:192.168.164.207:38030, fdee42a1-84ef-4e78-88cb-8a42c5a899c2:192.168.164.207:39873] with ContainerStateMachine:uninitialized
2019-10-09 23:14:36,327 [pool-47-thread-1] INFO  server.RaftServerConfigKeys (ConfUtils.java:logGet(43)) - raft.server.rpc.timeout.min = 5s (custom)
2019-10-09 23:14:36,327 [pool-47-thread-1] INFO  server.RaftServerConfigKeys (ConfUtils.java:logGet(43)) - raft.server.rpc.timeout.max = 5200ms (custom)
2019-10-09 23:14:36,328 [pool-47-thread-1] INFO  server.RaftServerConfigKeys (ConfUtils.java:logGet(43)) - raft.server.rpcslowness.timeout = 120s (custom)
2019-10-09 23:14:36,328 [pool-47-thread-1] INFO  server.RaftServerConfigKeys (ConfUtils.java:logGet(43)) - raft.server.sleep.deviation.threshold = 300 (default)
2019-10-09 23:14:36,328 [pool-27-thread-1] INFO  impl.RaftServerImpl (RaftServerImpl.java:<init>(95)) - 45d92652-3396-41b7-9b8f-6c58248e1da2: new RaftServerImpl for group-92AD35C80E49:[e0660db2-f32f-4529-820c-e994e15ad9e7:192.168.164.207:42825, 45d92652-3396-41b7-9b8f-6c58248e1da2:192.168.164.207:38030, fdee42a1-84ef-4e78-88cb-8a42c5a899c2:192.168.164.207:39873] with ContainerStateMachine:uninitialized
2019-10-09 23:14:36,328 [pool-47-thread-1] INFO  server.RaftServerConfigKeys (ConfUtils.java:logGet(43)) - raft.server.log.appender.install.snapshot.enabled = false (custom)
2019-10-09 23:14:36,328 [pool-27-thread-1] INFO  server.RaftServerConfigKeys (ConfUtils.java:logGet(43)) - raft.server.rpc.timeout.min = 5s (custom)
2019-10-09 23:14:36,328 [pool-47-thread-1] INFO  impl.RaftServerImpl (ServerState.java:<init>(103)) - e0660db2-f32f-4529-820c-e994e15ad9e7@group-92AD35C80E49: ConfigurationManager, init=-1: [e0660db2-f32f-4529-820c-e994e15ad9e7:192.168.164.207:42825, 45d92652-3396-41b7-9b8f-6c58248e1da2:192.168.164.207:38030, fdee42a1-84ef-4e78-88cb-8a42c5a899c2:192.168.164.207:39873], old=null, confs=<EMPTY_MAP>
2019-10-09 23:14:36,328 [pool-27-thread-1] INFO  server.RaftServerConfigKeys (ConfUtils.java:logGet(43)) - raft.server.rpc.timeout.max = 5200ms (custom)
2019-10-09 23:14:36,329 [pool-27-thread-1] INFO  server.RaftServerConfigKeys (ConfUtils.java:logGet(43)) - raft.server.rpcslowness.timeout = 120s (custom)
2019-10-09 23:14:36,329 [pool-47-thread-1] INFO  server.RaftServerConfigKeys (ConfUtils.java:logGet(43)) - raft.server.storage.dir = [/workdir/hadoop-ozone/integration-test/target/test-dir/MiniOzoneClusterImpl-e385a4c1-c95f-41f6-a4f8-a3d6a12eb9e0/datanode-2/data/ratis] (custom)
2019-10-09 23:14:36,329 [pool-27-thread-1] INFO  server.RaftServerConfigKeys (ConfUtils.java:logGet(43)) - raft.server.sleep.deviation.threshold = 300 (default)
2019-10-09 23:14:36,329 [pool-27-thread-1] INFO  server.RaftServerConfigKeys (ConfUtils.java:logGet(43)) - raft.server.log.appender.install.snapshot.enabled = false (custom)
2019-10-09 23:14:36,329 [pool-37-thread-1] INFO  impl.RaftServerImpl (RaftServerImpl.java:<init>(95)) - fdee42a1-84ef-4e78-88cb-8a42c5a899c2: new RaftServerImpl for group-92AD35C80E49:[e0660db2-f32f-4529-820c-e994e15ad9e7:192.168.164.207:42825, 45d92652-3396-41b7-9b8f-6c58248e1da2:192.168.164.207:38030, fdee42a1-84ef-4e78-88cb-8a42c5a899c2:192.168.164.207:39873] with ContainerStateMachine:uninitialized
2019-10-09 23:14:36,330 [pool-27-thread-1] INFO  impl.RaftServerImpl (ServerState.java:<init>(103)) - 45d92652-3396-41b7-9b8f-6c58248e1da2@group-92AD35C80E49: ConfigurationManager, init=-1: [e0660db2-f32f-4529-820c-e994e15ad9e7:192.168.164.207:42825, 45d92652-3396-41b7-9b8f-6c58248e1da2:192.168.164.207:38030, fdee42a1-84ef-4e78-88cb-8a42c5a899c2:192.168.164.207:39873], old=null, confs=<EMPTY_MAP>
2019-10-09 23:14:36,330 [pool-47-thread-1] INFO  server.RaftServerConfigKeys (ConfUtils.java:logGet(43)) - raft.server.log.corruption.policy = EXCEPTION (default)
2019-10-09 23:14:36,330 [pool-27-thread-1] INFO  server.RaftServerConfigKeys (ConfUtils.java:logGet(43)) - raft.server.storage.dir = [/workdir/hadoop-ozone/integration-test/target/test-dir/MiniOzoneClusterImpl-e385a4c1-c95f-41f6-a4f8-a3d6a12eb9e0/datanode-0/data/ratis] (custom)
2019-10-09 23:14:36,330 [pool-37-thread-1] INFO  server.RaftServerConfigKeys (ConfUtils.java:logGet(43)) - raft.server.rpc.timeout.min = 5s (custom)
2019-10-09 23:14:36,330 [pool-47-thread-1] INFO  storage.RaftStorageDirectory (RaftStorageDirectory.java:analyzeStorage(246)) - The storage directory /workdir/hadoop-ozone/integration-test/target/test-dir/MiniOzoneClusterImpl-e385a4c1-c95f-41f6-a4f8-a3d6a12eb9e0/datanode-2/data/ratis/9710e888-e1cc-49d1-bdd1-92ad35c80e49 does not exist. Creating ...
2019-10-09 23:14:36,330 [pool-37-thread-1] INFO  server.RaftServerConfigKeys (ConfUtils.java:logGet(43)) - raft.server.rpc.timeout.max = 5200ms (custom)
2019-10-09 23:14:36,330 [pool-27-thread-1] INFO  server.RaftServerConfigKeys (ConfUtils.java:logGet(43)) - raft.server.log.corruption.policy = EXCEPTION (default)
2019-10-09 23:14:36,331 [pool-37-thread-1] INFO  server.RaftServerConfigKeys (ConfUtils.java:logGet(43)) - raft.server.rpcslowness.timeout = 120s (custom)
2019-10-09 23:14:36,331 [pool-27-thread-1] INFO  storage.RaftStorageDirectory (RaftStorageDirectory.java:analyzeStorage(246)) - The storage directory /workdir/hadoop-ozone/integration-test/target/test-dir/MiniOzoneClusterImpl-e385a4c1-c95f-41f6-a4f8-a3d6a12eb9e0/datanode-0/data/ratis/9710e888-e1cc-49d1-bdd1-92ad35c80e49 does not exist. Creating ...
2019-10-09 23:14:36,331 [pool-37-thread-1] INFO  server.RaftServerConfigKeys (ConfUtils.java:logGet(43)) - raft.server.sleep.deviation.threshold = 300 (default)
2019-10-09 23:14:36,331 [pool-37-thread-1] INFO  server.RaftServerConfigKeys (ConfUtils.java:logGet(43)) - raft.server.log.appender.install.snapshot.enabled = false (custom)
2019-10-09 23:14:36,332 [pool-37-thread-1] INFO  impl.RaftServerImpl (ServerState.java:<init>(103)) - fdee42a1-84ef-4e78-88cb-8a42c5a899c2@group-92AD35C80E49: ConfigurationManager, init=-1: [e0660db2-f32f-4529-820c-e994e15ad9e7:192.168.164.207:42825, 45d92652-3396-41b7-9b8f-6c58248e1da2:192.168.164.207:38030, fdee42a1-84ef-4e78-88cb-8a42c5a899c2:192.168.164.207:39873], old=null, confs=<EMPTY_MAP>
2019-10-09 23:14:36,332 [pool-37-thread-1] INFO  server.RaftServerConfigKeys (ConfUtils.java:logGet(43)) - raft.server.storage.dir = [/workdir/hadoop-ozone/integration-test/target/test-dir/MiniOzoneClusterImpl-e385a4c1-c95f-41f6-a4f8-a3d6a12eb9e0/datanode-1/data/ratis] (custom)
2019-10-09 23:14:36,332 [pool-37-thread-1] INFO  server.RaftServerConfigKeys (ConfUtils.java:logGet(43)) - raft.server.log.corruption.policy = EXCEPTION (default)
2019-10-09 23:14:36,333 [pool-37-thread-1] INFO  storage.RaftStorageDirectory (RaftStorageDirectory.java:analyzeStorage(246)) - The storage directory /workdir/hadoop-ozone/integration-test/target/test-dir/MiniOzoneClusterImpl-e385a4c1-c95f-41f6-a4f8-a3d6a12eb9e0/datanode-1/data/ratis/9710e888-e1cc-49d1-bdd1-92ad35c80e49 does not exist. Creating ...
2019-10-09 23:14:36,365 [pool-37-thread-1] INFO  storage.RaftStorageDirectory (RaftStorageDirectory.java:tryLock(328)) - Lock on /workdir/hadoop-ozone/integration-test/target/test-dir/MiniOzoneClusterImpl-e385a4c1-c95f-41f6-a4f8-a3d6a12eb9e0/datanode-1/data/ratis/9710e888-e1cc-49d1-bdd1-92ad35c80e49/in_use.lock acquired by nodename 1712@pr-hdds-1868-7c4vz-2804340038
2019-10-09 23:14:36,365 [pool-47-thread-1] INFO  storage.RaftStorageDirectory (RaftStorageDirectory.java:tryLock(328)) - Lock on /workdir/hadoop-ozone/integration-test/target/test-dir/MiniOzoneClusterImpl-e385a4c1-c95f-41f6-a4f8-a3d6a12eb9e0/datanode-2/data/ratis/9710e888-e1cc-49d1-bdd1-92ad35c80e49/in_use.lock acquired by nodename 1712@pr-hdds-1868-7c4vz-2804340038
2019-10-09 23:14:36,365 [pool-27-thread-1] INFO  storage.RaftStorageDirectory (RaftStorageDirectory.java:tryLock(328)) - Lock on /workdir/hadoop-ozone/integration-test/target/test-dir/MiniOzoneClusterImpl-e385a4c1-c95f-41f6-a4f8-a3d6a12eb9e0/datanode-0/data/ratis/9710e888-e1cc-49d1-bdd1-92ad35c80e49/in_use.lock acquired by nodename 1712@pr-hdds-1868-7c4vz-2804340038
2019-10-09 23:14:36,404 [pool-47-thread-1] INFO  storage.RaftStorage (RaftStorage.java:format(84)) - Storage directory /workdir/hadoop-ozone/integration-test/target/test-dir/MiniOzoneClusterImpl-e385a4c1-c95f-41f6-a4f8-a3d6a12eb9e0/datanode-2/data/ratis/9710e888-e1cc-49d1-bdd1-92ad35c80e49 has been successfully formatted.
2019-10-09 23:14:36,404 [pool-27-thread-1] INFO  storage.RaftStorage (RaftStorage.java:format(84)) - Storage directory /workdir/hadoop-ozone/integration-test/target/test-dir/MiniOzoneClusterImpl-e385a4c1-c95f-41f6-a4f8-a3d6a12eb9e0/datanode-0/data/ratis/9710e888-e1cc-49d1-bdd1-92ad35c80e49 has been successfully formatted.
2019-10-09 23:14:36,404 [pool-37-thread-1] INFO  storage.RaftStorage (RaftStorage.java:format(84)) - Storage directory /workdir/hadoop-ozone/integration-test/target/test-dir/MiniOzoneClusterImpl-e385a4c1-c95f-41f6-a4f8-a3d6a12eb9e0/datanode-1/data/ratis/9710e888-e1cc-49d1-bdd1-92ad35c80e49 has been successfully formatted.
2019-10-09 23:14:36,405 [pool-47-thread-1] INFO  ratis.ContainerStateMachine (ContainerStateMachine.java:loadSnapshot(233)) - group-92AD35C80E49: The snapshot info is null. Setting the last applied indexto:(t:0, i:~)
2019-10-09 23:14:36,405 [pool-37-thread-1] INFO  ratis.ContainerStateMachine (ContainerStateMachine.java:loadSnapshot(233)) - group-92AD35C80E49: The snapshot info is null. Setting the last applied indexto:(t:0, i:~)
2019-10-09 23:14:36,405 [pool-27-thread-1] INFO  ratis.ContainerStateMachine (ContainerStateMachine.java:loadSnapshot(233)) - group-92AD35C80E49: The snapshot info is null. Setting the last applied indexto:(t:0, i:~)
2019-10-09 23:14:36,405 [pool-37-thread-1] INFO  server.RaftServerConfigKeys (ConfUtils.java:logGet(43)) - raft.server.notification.no-leader.timeout = 120s (custom)
2019-10-09 23:14:36,405 [pool-47-thread-1] INFO  server.RaftServerConfigKeys (ConfUtils.java:logGet(43)) - raft.server.notification.no-leader.timeout = 120s (custom)
2019-10-09 23:14:36,406 [pool-37-thread-1] INFO  server.RaftServerConfigKeys (ConfUtils.java:logGet(43)) - raft.server.log.use.memory = false (default)
2019-10-09 23:14:36,406 [pool-27-thread-1] INFO  server.RaftServerConfigKeys (ConfUtils.java:logGet(43)) - raft.server.notification.no-leader.timeout = 120s (custom)
2019-10-09 23:14:36,406 [pool-37-thread-1] INFO  server.RaftServerConfigKeys (ConfUtils.java:logGet(43)) - raft.server.log.purge.gap = 1000000 (custom)
2019-10-09 23:14:36,406 [pool-47-thread-1] INFO  server.RaftServerConfigKeys (ConfUtils.java:logGet(43)) - raft.server.log.use.memory = false (default)
2019-10-09 23:14:36,406 [pool-37-thread-1] INFO  server.RaftServerConfigKeys (ConfUtils.java:logGet(43)) - raft.server.log.appender.buffer.byte-limit = 33554432 (custom)
2019-10-09 23:14:36,406 [pool-27-thread-1] INFO  server.RaftServerConfigKeys (ConfUtils.java:logGet(43)) - raft.server.log.use.memory = false (default)
2019-10-09 23:14:36,407 [pool-37-thread-1] INFO  server.RaftServerConfigKeys (ConfUtils.java:logGet(43)) - raft.server.log.segment.size.max = 1048576 (custom)
2019-10-09 23:14:36,407 [pool-47-thread-1] INFO  server.RaftServerConfigKeys (ConfUtils.java:logGet(43)) - raft.server.log.purge.gap = 1000000 (custom)
2019-10-09 23:14:36,407 [pool-37-thread-1] INFO  server.RaftServerConfigKeys (ConfUtils.java:logGet(43)) - raft.server.log.segment.cache.num.max = 2 (custom)
2019-10-09 23:14:36,407 [pool-47-thread-1] INFO  server.RaftServerConfigKeys (ConfUtils.java:logGet(43)) - raft.server.log.appender.buffer.byte-limit = 33554432 (custom)
2019-10-09 23:14:36,407 [pool-27-thread-1] INFO  server.RaftServerConfigKeys (ConfUtils.java:logGet(43)) - raft.server.log.purge.gap = 1000000 (custom)
2019-10-09 23:14:36,408 [pool-47-thread-1] INFO  server.RaftServerConfigKeys (ConfUtils.java:logGet(43)) - raft.server.log.segment.size.max = 1048576 (custom)
2019-10-09 23:14:36,407 [pool-37-thread-1] INFO  segmented.SegmentedRaftLogWorker (SegmentedRaftLogWorker.java:<init>(173)) - new fdee42a1-84ef-4e78-88cb-8a42c5a899c2@group-92AD35C80E49-SegmentedRaftLogWorker for RaftStorage:Storage Directory /workdir/hadoop-ozone/integration-test/target/test-dir/MiniOzoneClusterImpl-e385a4c1-c95f-41f6-a4f8-a3d6a12eb9e0/datanode-1/data/ratis/9710e888-e1cc-49d1-bdd1-92ad35c80e49
2019-10-09 23:14:36,408 [pool-47-thread-1] INFO  server.RaftServerConfigKeys (ConfUtils.java:logGet(43)) - raft.server.log.segment.cache.num.max = 2 (custom)
2019-10-09 23:14:36,408 [pool-27-thread-1] INFO  server.RaftServerConfigKeys (ConfUtils.java:logGet(43)) - raft.server.log.appender.buffer.byte-limit = 33554432 (custom)
2019-10-09 23:14:36,408 [pool-47-thread-1] INFO  segmented.SegmentedRaftLogWorker (SegmentedRaftLogWorker.java:<init>(173)) - new e0660db2-f32f-4529-820c-e994e15ad9e7@group-92AD35C80E49-SegmentedRaftLogWorker for RaftStorage:Storage Directory /workdir/hadoop-ozone/integration-test/target/test-dir/MiniOzoneClusterImpl-e385a4c1-c95f-41f6-a4f8-a3d6a12eb9e0/datanode-2/data/ratis/9710e888-e1cc-49d1-bdd1-92ad35c80e49
2019-10-09 23:14:36,408 [pool-37-thread-1] INFO  server.RaftServerConfigKeys (ConfUtils.java:logGet(43)) - raft.server.log.queue.byte-limit = 2147483647 (custom)
2019-10-09 23:14:36,409 [pool-47-thread-1] INFO  server.RaftServerConfigKeys (ConfUtils.java:logGet(43)) - raft.server.log.queue.byte-limit = 2147483647 (custom)
2019-10-09 23:14:36,409 [pool-27-thread-1] INFO  server.RaftServerConfigKeys (ConfUtils.java:logGet(43)) - raft.server.log.segment.size.max = 1048576 (custom)
2019-10-09 23:14:36,409 [pool-47-thread-1] INFO  server.RaftServerConfigKeys (ConfUtils.java:logGet(43)) - raft.server.log.queue.element-limit = 1024 (custom)
2019-10-09 23:14:36,409 [pool-37-thread-1] INFO  server.RaftServerConfigKeys (ConfUtils.java:logGet(43)) - raft.server.log.queue.element-limit = 1024 (custom)
2019-10-09 23:14:36,410 [pool-47-thread-1] INFO  server.RaftServerConfigKeys (ConfUtils.java:logGet(43)) - raft.server.log.segment.size.max = 1048576 (custom)
2019-10-09 23:14:36,409 [pool-27-thread-1] INFO  server.RaftServerConfigKeys (ConfUtils.java:logGet(43)) - raft.server.log.segment.cache.num.max = 2 (custom)
2019-10-09 23:14:36,410 [pool-47-thread-1] INFO  server.RaftServerConfigKeys (ConfUtils.java:logGet(43)) - raft.server.log.preallocated.size = 16384 (custom)
2019-10-09 23:14:36,410 [pool-37-thread-1] INFO  server.RaftServerConfigKeys (ConfUtils.java:logGet(43)) - raft.server.log.segment.size.max = 1048576 (custom)
2019-10-09 23:14:36,410 [pool-47-thread-1] INFO  server.RaftServerConfigKeys (ConfUtils.java:logGet(43)) - raft.server.log.write.buffer.size = 33554432 (custom)
2019-10-09 23:14:36,410 [pool-27-thread-1] INFO  segmented.SegmentedRaftLogWorker (SegmentedRaftLogWorker.java:<init>(173)) - new 45d92652-3396-41b7-9b8f-6c58248e1da2@group-92AD35C80E49-SegmentedRaftLogWorker for RaftStorage:Storage Directory /workdir/hadoop-ozone/integration-test/target/test-dir/MiniOzoneClusterImpl-e385a4c1-c95f-41f6-a4f8-a3d6a12eb9e0/datanode-0/data/ratis/9710e888-e1cc-49d1-bdd1-92ad35c80e49
2019-10-09 23:14:36,410 [pool-47-thread-1] INFO  server.RaftServerConfigKeys (ConfUtils.java:logGet(43)) - raft.server.log.force.sync.num = 128 (default)
2019-10-09 23:14:36,410 [pool-37-thread-1] INFO  server.RaftServerConfigKeys (ConfUtils.java:logGet(43)) - raft.server.log.preallocated.size = 16384 (custom)
2019-10-09 23:14:36,411 [pool-47-thread-1] INFO  server.RaftServerConfigKeys (ConfUtils.java:logGet(43)) - raft.server.log.statemachine.data.sync = true (default)
2019-10-09 23:14:36,411 [pool-27-thread-1] INFO  server.RaftServerConfigKeys (ConfUtils.java:logGet(43)) - raft.server.log.queue.byte-limit = 2147483647 (custom)
2019-10-09 23:14:36,411 [pool-47-thread-1] INFO  server.RaftServerConfigKeys (ConfUtils.java:logGet(43)) - raft.server.log.statemachine.data.sync.timeout = 10s (default)
2019-10-09 23:14:36,411 [pool-37-thread-1] INFO  server.RaftServerConfigKeys (ConfUtils.java:logGet(43)) - raft.server.log.write.buffer.size = 33554432 (custom)
2019-10-09 23:14:36,411 [pool-27-thread-1] INFO  server.RaftServerConfigKeys (ConfUtils.java:logGet(43)) - raft.server.log.queue.element-limit = 1024 (custom)
2019-10-09 23:14:36,412 [pool-37-thread-1] INFO  server.RaftServerConfigKeys (ConfUtils.java:logGet(43)) - raft.server.log.force.sync.num = 128 (default)
2019-10-09 23:14:36,412 [pool-37-thread-1] INFO  server.RaftServerConfigKeys (ConfUtils.java:logGet(43)) - raft.server.log.statemachine.data.sync = true (default)
2019-10-09 23:14:36,412 [pool-47-thread-1] INFO  server.RaftServerConfigKeys (ConfUtils.java:logGet(43)) - raft.server.log.statemachine.data.sync.timeout.retry = -1 (default)
2019-10-09 23:14:36,412 [pool-37-thread-1] INFO  server.RaftServerConfigKeys (ConfUtils.java:logGet(43)) - raft.server.log.statemachine.data.sync.timeout = 10s (default)
2019-10-09 23:14:36,412 [pool-27-thread-1] INFO  server.RaftServerConfigKeys (ConfUtils.java:logGet(43)) - raft.server.log.segment.size.max = 1048576 (custom)
2019-10-09 23:14:36,413 [pool-47-thread-1] INFO  server.RaftServerConfigKeys (ConfUtils.java:logGet(43)) - raft.server.log.statemachine.data.caching.enabled = true (custom)
2019-10-09 23:14:36,413 [pool-37-thread-1] INFO  server.RaftServerConfigKeys (ConfUtils.java:logGet(43)) - raft.server.log.statemachine.data.sync.timeout.retry = -1 (default)
2019-10-09 23:14:36,413 [pool-27-thread-1] INFO  server.RaftServerConfigKeys (ConfUtils.java:logGet(43)) - raft.server.log.preallocated.size = 16384 (custom)
2019-10-09 23:14:36,413 [pool-47-thread-1] INFO  segmented.SegmentedRaftLogWorker (SegmentedRaftLogWorker.java:lambda$new$0(128)) - e0660db2-f32f-4529-820c-e994e15ad9e7@group-92AD35C80E49-SegmentedRaftLogWorker: flushIndex: setUnconditionally 0 -> -1
2019-10-09 23:14:36,413 [pool-37-thread-1] INFO  server.RaftServerConfigKeys (ConfUtils.java:logGet(43)) - raft.server.log.statemachine.data.caching.enabled = true (custom)
2019-10-09 23:14:36,413 [pool-27-thread-1] INFO  server.RaftServerConfigKeys (ConfUtils.java:logGet(43)) - raft.server.log.write.buffer.size = 33554432 (custom)
2019-10-09 23:14:36,414 [pool-37-thread-1] INFO  segmented.SegmentedRaftLogWorker (SegmentedRaftLogWorker.java:lambda$new$0(128)) - fdee42a1-84ef-4e78-88cb-8a42c5a899c2@group-92AD35C80E49-SegmentedRaftLogWorker: flushIndex: setUnconditionally 0 -> -1
2019-10-09 23:14:36,414 [pool-47-thread-1] INFO  server.RaftServerConfigKeys (ConfUtils.java:logGet(43)) - raft.server.snapshot.auto.trigger.enabled = true (custom)
2019-10-09 23:14:36,414 [pool-27-thread-1] INFO  server.RaftServerConfigKeys (ConfUtils.java:logGet(43)) - raft.server.log.force.sync.num = 128 (default)
2019-10-09 23:14:36,414 [pool-47-thread-1] INFO  server.RaftServerConfigKeys (ConfUtils.java:logGet(43)) - raft.server.snapshot.auto.trigger.threshold = 10000 (custom)
2019-10-09 23:14:36,414 [pool-37-thread-1] INFO  server.RaftServerConfigKeys (ConfUtils.java:logGet(43)) - raft.server.snapshot.auto.trigger.enabled = true (custom)
2019-10-09 23:14:36,415 [pool-47-thread-1] INFO  server.RaftServerConfigKeys (ConfUtils.java:logGet(43)) - raft.server.snapshot.retention.file.num = 5 (custom)
2019-10-09 23:14:36,414 [pool-27-thread-1] INFO  server.RaftServerConfigKeys (ConfUtils.java:logGet(43)) - raft.server.log.statemachine.data.sync = true (default)
2019-10-09 23:14:36,415 [pool-47-thread-1] INFO  server.RaftServerConfigKeys (ConfUtils.java:logGet(43)) - raft.server.retrycache.expirytime = 600000ms (custom)
2019-10-09 23:14:36,415 [pool-37-thread-1] INFO  server.RaftServerConfigKeys (ConfUtils.java:logGet(43)) - raft.server.snapshot.auto.trigger.threshold = 10000 (custom)
2019-10-09 23:14:36,415 [pool-27-thread-1] INFO  server.RaftServerConfigKeys (ConfUtils.java:logGet(43)) - raft.server.log.statemachine.data.sync.timeout = 10s (default)
2019-10-09 23:14:36,415 [pool-37-thread-1] INFO  server.RaftServerConfigKeys (ConfUtils.java:logGet(43)) - raft.server.snapshot.retention.file.num = 5 (custom)
2019-10-09 23:14:36,416 [pool-27-thread-1] INFO  server.RaftServerConfigKeys (ConfUtils.java:logGet(43)) - raft.server.log.statemachine.data.sync.timeout.retry = -1 (default)
2019-10-09 23:14:36,416 [pool-37-thread-1] INFO  server.RaftServerConfigKeys (ConfUtils.java:logGet(43)) - raft.server.retrycache.expirytime = 600000ms (custom)
2019-10-09 23:14:36,416 [pool-27-thread-1] INFO  server.RaftServerConfigKeys (ConfUtils.java:logGet(43)) - raft.server.log.statemachine.data.caching.enabled = true (custom)
2019-10-09 23:14:36,416 [pool-27-thread-1] INFO  segmented.SegmentedRaftLogWorker (SegmentedRaftLogWorker.java:lambda$new$0(128)) - 45d92652-3396-41b7-9b8f-6c58248e1da2@group-92AD35C80E49-SegmentedRaftLogWorker: flushIndex: setUnconditionally 0 -> -1
2019-10-09 23:14:36,417 [pool-27-thread-1] INFO  server.RaftServerConfigKeys (ConfUtils.java:logGet(43)) - raft.server.snapshot.auto.trigger.enabled = true (custom)
2019-10-09 23:14:36,417 [pool-27-thread-1] INFO  server.RaftServerConfigKeys (ConfUtils.java:logGet(43)) - raft.server.snapshot.auto.trigger.threshold = 10000 (custom)
2019-10-09 23:14:36,417 [pool-27-thread-1] INFO  server.RaftServerConfigKeys (ConfUtils.java:logGet(43)) - raft.server.snapshot.retention.file.num = 5 (custom)
2019-10-09 23:14:36,417 [pool-27-thread-1] INFO  server.RaftServerConfigKeys (ConfUtils.java:logGet(43)) - raft.server.retrycache.expirytime = 600000ms (custom)
2019-10-09 23:14:36,419 [pool-47-thread-1] INFO  impl.RaftServerImpl (RaftServerImpl.java:start(181)) - e0660db2-f32f-4529-820c-e994e15ad9e7@group-92AD35C80E49: start as a follower, conf=-1: [e0660db2-f32f-4529-820c-e994e15ad9e7:192.168.164.207:42825, 45d92652-3396-41b7-9b8f-6c58248e1da2:192.168.164.207:38030, fdee42a1-84ef-4e78-88cb-8a42c5a899c2:192.168.164.207:39873], old=null
2019-10-09 23:14:36,420 [pool-47-thread-1] INFO  impl.RaftServerImpl (RaftServerImpl.java:setRole(170)) - e0660db2-f32f-4529-820c-e994e15ad9e7@group-92AD35C80E49: changes role from      null to FOLLOWER at term 0 for startAsFollower
2019-10-09 23:14:36,420 [pool-37-thread-1] INFO  impl.RaftServerImpl (RaftServerImpl.java:start(181)) - fdee42a1-84ef-4e78-88cb-8a42c5a899c2@group-92AD35C80E49: start as a follower, conf=-1: [e0660db2-f32f-4529-820c-e994e15ad9e7:192.168.164.207:42825, 45d92652-3396-41b7-9b8f-6c58248e1da2:192.168.164.207:38030, fdee42a1-84ef-4e78-88cb-8a42c5a899c2:192.168.164.207:39873], old=null
2019-10-09 23:14:36,420 [pool-47-thread-1] INFO  impl.RoleInfo (RoleInfo.java:updateAndGet(143)) - e0660db2-f32f-4529-820c-e994e15ad9e7: start FollowerState
2019-10-09 23:14:36,420 [pool-37-thread-1] INFO  impl.RaftServerImpl (RaftServerImpl.java:setRole(170)) - fdee42a1-84ef-4e78-88cb-8a42c5a899c2@group-92AD35C80E49: changes role from      null to FOLLOWER at term 0 for startAsFollower
2019-10-09 23:14:36,420 [pool-37-thread-1] INFO  impl.RoleInfo (RoleInfo.java:updateAndGet(143)) - fdee42a1-84ef-4e78-88cb-8a42c5a899c2: start FollowerState
2019-10-09 23:14:36,420 [pool-47-thread-1] INFO  util.JmxRegister (JmxRegister.java:tryRegister(44)) - Successfully registered JMX Bean with object name Ratis:service=RaftServer,group=group-92AD35C80E49,id=e0660db2-f32f-4529-820c-e994e15ad9e7
2019-10-09 23:14:36,421 [pool-37-thread-1] INFO  util.JmxRegister (JmxRegister.java:tryRegister(44)) - Successfully registered JMX Bean with object name Ratis:service=RaftServer,group=group-92AD35C80E49,id=fdee42a1-84ef-4e78-88cb-8a42c5a899c2
2019-10-09 23:14:36,421 [pool-27-thread-1] INFO  impl.RaftServerImpl (RaftServerImpl.java:start(181)) - 45d92652-3396-41b7-9b8f-6c58248e1da2@group-92AD35C80E49: start as a follower, conf=-1: [e0660db2-f32f-4529-820c-e994e15ad9e7:192.168.164.207:42825, 45d92652-3396-41b7-9b8f-6c58248e1da2:192.168.164.207:38030, fdee42a1-84ef-4e78-88cb-8a42c5a899c2:192.168.164.207:39873], old=null
2019-10-09 23:14:36,421 [pool-27-thread-1] INFO  impl.RaftServerImpl (RaftServerImpl.java:setRole(170)) - 45d92652-3396-41b7-9b8f-6c58248e1da2@group-92AD35C80E49: changes role from      null to FOLLOWER at term 0 for startAsFollower
2019-10-09 23:14:36,421 [pool-27-thread-1] INFO  impl.RoleInfo (RoleInfo.java:updateAndGet(143)) - 45d92652-3396-41b7-9b8f-6c58248e1da2: start FollowerState
2019-10-09 23:14:36,422 [pool-27-thread-1] INFO  util.JmxRegister (JmxRegister.java:tryRegister(44)) - Successfully registered JMX Bean with object name Ratis:service=RaftServer,group=group-92AD35C80E49,id=45d92652-3396-41b7-9b8f-6c58248e1da2
2019-10-09 23:14:36,441 [RatisPipelineUtilsThread] INFO  pipeline.PipelineStateManager (PipelineStateManager.java:addPipeline(57)) - Created pipeline Pipeline[ Id: 9710e888-e1cc-49d1-bdd1-92ad35c80e49, Nodes: 45d92652-3396-41b7-9b8f-6c58248e1da2{ip: 192.168.164.207, host: pr-hdds-1868-7c4vz-2804340038, networkLocation: /default-rack, certSerialId: null}e0660db2-f32f-4529-820c-e994e15ad9e7{ip: 192.168.164.207, host: pr-hdds-1868-7c4vz-2804340038, networkLocation: /default-rack, certSerialId: null}fdee42a1-84ef-4e78-88cb-8a42c5a899c2{ip: 192.168.164.207, host: pr-hdds-1868-7c4vz-2804340038, networkLocation: /default-rack, certSerialId: null}, Type:RATIS, Factor:THREE, State:ALLOCATED]
2019-10-09 23:14:36,442 [Thread-178] INFO  pipeline.PipelineStateManager (PipelineStateManager.java:finalizePipeline(123)) - Pipeline Pipeline[ Id: 2e9f68c1-5496-4aa3-b7a9-af5dafe510e2, Nodes: e0660db2-f32f-4529-820c-e994e15ad9e7{ip: 192.168.164.207, host: pr-hdds-1868-7c4vz-2804340038, networkLocation: /default-rack, certSerialId: null}, Type:RATIS, Factor:ONE, State:CLOSED] moved to CLOSED state
2019-10-09 23:14:36,454 [grpc-default-executor-0] INFO  impl.RaftServerProxy (RaftServerProxy.java:remove(95)) - e0660db2-f32f-4529-820c-e994e15ad9e7: remove  FOLLOWER e0660db2-f32f-4529-820c-e994e15ad9e7@group-AF5DAFE510E2:t0, leader=null, voted=null, raftlog=e0660db2-f32f-4529-820c-e994e15ad9e7@group-AF5DAFE510E2-SegmentedRaftLog:OPENED:c-1,f-1,i0, conf=-1: [e0660db2-f32f-4529-820c-e994e15ad9e7:192.168.164.207:42825], old=null RUNNING
2019-10-09 23:14:36,455 [grpc-default-executor-0] INFO  impl.RaftServerImpl (RaftServerImpl.java:lambda$shutdown$3(247)) - e0660db2-f32f-4529-820c-e994e15ad9e7@group-AF5DAFE510E2: shutdown
2019-10-09 23:14:36,456 [grpc-default-executor-0] INFO  util.JmxRegister (JmxRegister.java:unregister(73)) - Successfully un-registered JMX Bean with object name Ratis:service=RaftServer,group=group-AF5DAFE510E2,id=e0660db2-f32f-4529-820c-e994e15ad9e7
2019-10-09 23:14:36,456 [grpc-default-executor-0] INFO  impl.RoleInfo (RoleInfo.java:shutdownFollowerState(121)) - e0660db2-f32f-4529-820c-e994e15ad9e7: shutdown FollowerState
2019-10-09 23:14:36,456 [grpc-default-executor-0] INFO  impl.StateMachineUpdater (StateMachineUpdater.java:stopAndJoin(136)) - e0660db2-f32f-4529-820c-e994e15ad9e7@group-AF5DAFE510E2-StateMachineUpdater: set stopIndex = -1
2019-10-09 23:14:36,456 [Thread-183] INFO  impl.FollowerState (FollowerState.java:run(117)) - e0660db2-f32f-4529-820c-e994e15ad9e7@group-AF5DAFE510E2-FollowerState was interrupted: java.lang.InterruptedException: sleep interrupted
2019-10-09 23:14:36,457 [grpc-default-executor-0] INFO  impl.RaftServerImpl (ServerState.java:close(387)) - e0660db2-f32f-4529-820c-e994e15ad9e7@group-AF5DAFE510E2: closes. applyIndex: -1
2019-10-09 23:14:36,458 [e0660db2-f32f-4529-820c-e994e15ad9e7@group-AF5DAFE510E2-SegmentedRaftLogWorker] INFO  segmented.SegmentedRaftLogWorker (SegmentedRaftLogWorker.java:run(316)) - e0660db2-f32f-4529-820c-e994e15ad9e7@group-AF5DAFE510E2-SegmentedRaftLogWorker was interrupted, exiting. There are 0 tasks remaining in the queue.
2019-10-09 23:14:36,458 [grpc-default-executor-0] INFO  segmented.SegmentedRaftLogWorker (SegmentedRaftLogWorker.java:close(224)) - e0660db2-f32f-4529-820c-e994e15ad9e7@group-AF5DAFE510E2-SegmentedRaftLogWorker close()
2019-10-09 23:14:36,468 [Thread-178] INFO  pipeline.PipelineStateManager (PipelineStateManager.java:removePipeline(108)) - Pipeline Pipeline[ Id: 2e9f68c1-5496-4aa3-b7a9-af5dafe510e2, Nodes: e0660db2-f32f-4529-820c-e994e15ad9e7{ip: 192.168.164.207, host: pr-hdds-1868-7c4vz-2804340038, networkLocation: /default-rack, certSerialId: null}, Type:RATIS, Factor:ONE, State:CLOSED] removed from db
2019-10-09 23:14:36,468 [Thread-178] INFO  pipeline.SCMPipelineManager (SCMPipelineManager.java:finalizeAndDestroyPipeline(315)) - destroying pipeline:Pipeline[ Id: 6b25e96e-5aef-45f4-af1f-d1e487e4eef6, Nodes: fdee42a1-84ef-4e78-88cb-8a42c5a899c2{ip: 192.168.164.207, host: pr-hdds-1868-7c4vz-2804340038, networkLocation: /default-rack, certSerialId: null}, Type:RATIS, Factor:ONE, State:ALLOCATED]
2019-10-09 23:14:36,478 [grpc-default-executor-0] INFO  impl.RaftServerProxy (RaftServerProxy.java:addNew(89)) - e0660db2-f32f-4529-820c-e994e15ad9e7: addNew group-FBEAD38E08F3:[e0660db2-f32f-4529-820c-e994e15ad9e7:192.168.164.207:42825] returns group-FBEAD38E08F3:java.util.concurrent.CompletableFuture@19c8ca27[Not completed]
2019-10-09 23:14:36,480 [pool-47-thread-1] INFO  impl.RaftServerImpl (RaftServerImpl.java:<init>(95)) - e0660db2-f32f-4529-820c-e994e15ad9e7: new RaftServerImpl for group-FBEAD38E08F3:[e0660db2-f32f-4529-820c-e994e15ad9e7:192.168.164.207:42825] with ContainerStateMachine:uninitialized
2019-10-09 23:14:36,480 [pool-47-thread-1] INFO  server.RaftServerConfigKeys (ConfUtils.java:logGet(43)) - raft.server.rpc.timeout.min = 5s (custom)
2019-10-09 23:14:36,481 [pool-47-thread-1] INFO  server.RaftServerConfigKeys (ConfUtils.java:logGet(43)) - raft.server.rpc.timeout.max = 5200ms (custom)
2019-10-09 23:14:36,481 [pool-47-thread-1] INFO  server.RaftServerConfigKeys (ConfUtils.java:logGet(43)) - raft.server.rpcslowness.timeout = 120s (custom)
2019-10-09 23:14:36,481 [pool-47-thread-1] INFO  server.RaftServerConfigKeys (ConfUtils.java:logGet(43)) - raft.server.sleep.deviation.threshold = 300 (default)
2019-10-09 23:14:36,481 [pool-47-thread-1] INFO  server.RaftServerConfigKeys (ConfUtils.java:logGet(43)) - raft.server.log.appender.install.snapshot.enabled = false (custom)
2019-10-09 23:14:36,481 [pool-47-thread-1] INFO  impl.RaftServerImpl (ServerState.java:<init>(103)) - e0660db2-f32f-4529-820c-e994e15ad9e7@group-FBEAD38E08F3: ConfigurationManager, init=-1: [e0660db2-f32f-4529-820c-e994e15ad9e7:192.168.164.207:42825], old=null, confs=<EMPTY_MAP>
2019-10-09 23:14:36,481 [pool-47-thread-1] INFO  server.RaftServerConfigKeys (ConfUtils.java:logGet(43)) - raft.server.storage.dir = [/workdir/hadoop-ozone/integration-test/target/test-dir/MiniOzoneClusterImpl-e385a4c1-c95f-41f6-a4f8-a3d6a12eb9e0/datanode-2/data/ratis] (custom)
2019-10-09 23:14:36,482 [pool-47-thread-1] INFO  server.RaftServerConfigKeys (ConfUtils.java:logGet(43)) - raft.server.log.corruption.policy = EXCEPTION (default)
2019-10-09 23:14:36,482 [pool-47-thread-1] INFO  storage.RaftStorageDirectory (RaftStorageDirectory.java:analyzeStorage(246)) - The storage directory /workdir/hadoop-ozone/integration-test/target/test-dir/MiniOzoneClusterImpl-e385a4c1-c95f-41f6-a4f8-a3d6a12eb9e0/datanode-2/data/ratis/44fc74d1-5b65-4d8c-98b0-fbead38e08f3 does not exist. Creating ...
2019-10-09 23:14:36,495 [pool-47-thread-1] INFO  storage.RaftStorageDirectory (RaftStorageDirectory.java:tryLock(328)) - Lock on /workdir/hadoop-ozone/integration-test/target/test-dir/MiniOzoneClusterImpl-e385a4c1-c95f-41f6-a4f8-a3d6a12eb9e0/datanode-2/data/ratis/44fc74d1-5b65-4d8c-98b0-fbead38e08f3/in_use.lock acquired by nodename 1712@pr-hdds-1868-7c4vz-2804340038
2019-10-09 23:14:36,509 [pool-47-thread-1] INFO  storage.RaftStorage (RaftStorage.java:format(84)) - Storage directory /workdir/hadoop-ozone/integration-test/target/test-dir/MiniOzoneClusterImpl-e385a4c1-c95f-41f6-a4f8-a3d6a12eb9e0/datanode-2/data/ratis/44fc74d1-5b65-4d8c-98b0-fbead38e08f3 has been successfully formatted.
2019-10-09 23:14:36,509 [pool-47-thread-1] INFO  ratis.ContainerStateMachine (ContainerStateMachine.java:loadSnapshot(233)) - group-FBEAD38E08F3: The snapshot info is null. Setting the last applied indexto:(t:0, i:~)
2019-10-09 23:14:36,509 [pool-47-thread-1] INFO  server.RaftServerConfigKeys (ConfUtils.java:logGet(43)) - raft.server.notification.no-leader.timeout = 120s (custom)
2019-10-09 23:14:36,509 [pool-47-thread-1] INFO  server.RaftServerConfigKeys (ConfUtils.java:logGet(43)) - raft.server.log.use.memory = false (default)
2019-10-09 23:14:36,509 [pool-47-thread-1] INFO  server.RaftServerConfigKeys (ConfUtils.java:logGet(43)) - raft.server.log.purge.gap = 1000000 (custom)
2019-10-09 23:14:36,510 [pool-47-thread-1] INFO  server.RaftServerConfigKeys (ConfUtils.java:logGet(43)) - raft.server.log.appender.buffer.byte-limit = 33554432 (custom)
2019-10-09 23:14:36,510 [pool-47-thread-1] INFO  server.RaftServerConfigKeys (ConfUtils.java:logGet(43)) - raft.server.log.segment.size.max = 1048576 (custom)
2019-10-09 23:14:36,510 [pool-47-thread-1] INFO  server.RaftServerConfigKeys (ConfUtils.java:logGet(43)) - raft.server.log.segment.cache.num.max = 2 (custom)
2019-10-09 23:14:36,510 [pool-47-thread-1] INFO  segmented.SegmentedRaftLogWorker (SegmentedRaftLogWorker.java:<init>(173)) - new e0660db2-f32f-4529-820c-e994e15ad9e7@group-FBEAD38E08F3-SegmentedRaftLogWorker for RaftStorage:Storage Directory /workdir/hadoop-ozone/integration-test/target/test-dir/MiniOzoneClusterImpl-e385a4c1-c95f-41f6-a4f8-a3d6a12eb9e0/datanode-2/data/ratis/44fc74d1-5b65-4d8c-98b0-fbead38e08f3
2019-10-09 23:14:36,510 [pool-47-thread-1] INFO  server.RaftServerConfigKeys (ConfUtils.java:logGet(43)) - raft.server.log.queue.byte-limit = 2147483647 (custom)
2019-10-09 23:14:36,510 [pool-47-thread-1] INFO  server.RaftServerConfigKeys (ConfUtils.java:logGet(43)) - raft.server.log.queue.element-limit = 1024 (custom)
2019-10-09 23:14:36,510 [pool-47-thread-1] INFO  server.RaftServerConfigKeys (ConfUtils.java:logGet(43)) - raft.server.log.segment.size.max = 1048576 (custom)
2019-10-09 23:14:36,511 [pool-47-thread-1] INFO  server.RaftServerConfigKeys (ConfUtils.java:logGet(43)) - raft.server.log.preallocated.size = 16384 (custom)
2019-10-09 23:14:36,511 [pool-47-thread-1] INFO  server.RaftServerConfigKeys (ConfUtils.java:logGet(43)) - raft.server.log.write.buffer.size = 33554432 (custom)
2019-10-09 23:14:36,511 [pool-47-thread-1] INFO  server.RaftServerConfigKeys (ConfUtils.java:logGet(43)) - raft.server.log.force.sync.num = 128 (default)
2019-10-09 23:14:36,511 [pool-47-thread-1] INFO  server.RaftServerConfigKeys (ConfUtils.java:logGet(43)) - raft.server.log.statemachine.data.sync = true (default)
2019-10-09 23:14:36,511 [pool-47-thread-1] INFO  server.RaftServerConfigKeys (ConfUtils.java:logGet(43)) - raft.server.log.statemachine.data.sync.timeout = 10s (default)
2019-10-09 23:14:36,511 [pool-47-thread-1] INFO  server.RaftServerConfigKeys (ConfUtils.java:logGet(43)) - raft.server.log.statemachine.data.sync.timeout.retry = -1 (default)
2019-10-09 23:14:36,512 [pool-47-thread-1] INFO  server.RaftServerConfigKeys (ConfUtils.java:logGet(43)) - raft.server.log.statemachine.data.caching.enabled = true (custom)
2019-10-09 23:14:36,512 [pool-47-thread-1] INFO  segmented.SegmentedRaftLogWorker (SegmentedRaftLogWorker.java:lambda$new$0(128)) - e0660db2-f32f-4529-820c-e994e15ad9e7@group-FBEAD38E08F3-SegmentedRaftLogWorker: flushIndex: setUnconditionally 0 -> -1
2019-10-09 23:14:36,512 [pool-47-thread-1] INFO  server.RaftServerConfigKeys (ConfUtils.java:logGet(43)) - raft.server.snapshot.auto.trigger.enabled = true (custom)
2019-10-09 23:14:36,512 [pool-47-thread-1] INFO  server.RaftServerConfigKeys (ConfUtils.java:logGet(43)) - raft.server.snapshot.auto.trigger.threshold = 10000 (custom)
2019-10-09 23:14:36,512 [pool-47-thread-1] INFO  server.RaftServerConfigKeys (ConfUtils.java:logGet(43)) - raft.server.snapshot.retention.file.num = 5 (custom)
2019-10-09 23:14:36,513 [pool-47-thread-1] INFO  server.RaftServerConfigKeys (ConfUtils.java:logGet(43)) - raft.server.retrycache.expirytime = 600000ms (custom)
2019-10-09 23:14:36,517 [pool-47-thread-1] INFO  impl.RaftServerImpl (RaftServerImpl.java:start(181)) - e0660db2-f32f-4529-820c-e994e15ad9e7@group-FBEAD38E08F3: start as a follower, conf=-1: [e0660db2-f32f-4529-820c-e994e15ad9e7:192.168.164.207:42825], old=null
2019-10-09 23:14:36,517 [pool-47-thread-1] INFO  impl.RaftServerImpl (RaftServerImpl.java:setRole(170)) - e0660db2-f32f-4529-820c-e994e15ad9e7@group-FBEAD38E08F3: changes role from      null to FOLLOWER at term 0 for startAsFollower
2019-10-09 23:14:36,518 [pool-47-thread-1] INFO  impl.RoleInfo (RoleInfo.java:updateAndGet(143)) - e0660db2-f32f-4529-820c-e994e15ad9e7: start FollowerState
2019-10-09 23:14:36,518 [pool-47-thread-1] INFO  util.JmxRegister (JmxRegister.java:tryRegister(44)) - Successfully registered JMX Bean with object name Ratis:service=RaftServer,group=group-FBEAD38E08F3,id=e0660db2-f32f-4529-820c-e994e15ad9e7
2019-10-09 23:14:36,530 [RatisPipelineUtilsThread] INFO  pipeline.PipelineStateManager (PipelineStateManager.java:addPipeline(57)) - Created pipeline Pipeline[ Id: 44fc74d1-5b65-4d8c-98b0-fbead38e08f3, Nodes: e0660db2-f32f-4529-820c-e994e15ad9e7{ip: 192.168.164.207, host: pr-hdds-1868-7c4vz-2804340038, networkLocation: /default-rack, certSerialId: null}, Type:RATIS, Factor:ONE, State:ALLOCATED]
2019-10-09 23:14:36,531 [Thread-178] INFO  pipeline.PipelineStateManager (PipelineStateManager.java:finalizePipeline(123)) - Pipeline Pipeline[ Id: 6b25e96e-5aef-45f4-af1f-d1e487e4eef6, Nodes: fdee42a1-84ef-4e78-88cb-8a42c5a899c2{ip: 192.168.164.207, host: pr-hdds-1868-7c4vz-2804340038, networkLocation: /default-rack, certSerialId: null}, Type:RATIS, Factor:ONE, State:CLOSED] moved to CLOSED state
2019-10-09 23:14:36,542 [grpc-default-executor-0] INFO  impl.RaftServerProxy (RaftServerProxy.java:remove(95)) - fdee42a1-84ef-4e78-88cb-8a42c5a899c2: remove  FOLLOWER fdee42a1-84ef-4e78-88cb-8a42c5a899c2@group-D1E487E4EEF6:t0, leader=null, voted=null, raftlog=fdee42a1-84ef-4e78-88cb-8a42c5a899c2@group-D1E487E4EEF6-SegmentedRaftLog:OPENED:c-1,f-1,i0, conf=-1: [fdee42a1-84ef-4e78-88cb-8a42c5a899c2:192.168.164.207:39873], old=null RUNNING
2019-10-09 23:14:36,542 [grpc-default-executor-0] INFO  impl.RaftServerImpl (RaftServerImpl.java:lambda$shutdown$3(247)) - fdee42a1-84ef-4e78-88cb-8a42c5a899c2@group-D1E487E4EEF6: shutdown
2019-10-09 23:14:36,542 [grpc-default-executor-0] INFO  util.JmxRegister (JmxRegister.java:unregister(73)) - Successfully un-registered JMX Bean with object name Ratis:service=RaftServer,group=group-D1E487E4EEF6,id=fdee42a1-84ef-4e78-88cb-8a42c5a899c2
2019-10-09 23:14:36,543 [grpc-default-executor-0] INFO  impl.RoleInfo (RoleInfo.java:shutdownFollowerState(121)) - fdee42a1-84ef-4e78-88cb-8a42c5a899c2: shutdown FollowerState
2019-10-09 23:14:36,543 [grpc-default-executor-0] INFO  impl.StateMachineUpdater (StateMachineUpdater.java:stopAndJoin(136)) - fdee42a1-84ef-4e78-88cb-8a42c5a899c2@group-D1E487E4EEF6-StateMachineUpdater: set stopIndex = -1
2019-10-09 23:14:36,543 [Thread-186] INFO  impl.FollowerState (FollowerState.java:run(117)) - fdee42a1-84ef-4e78-88cb-8a42c5a899c2@group-D1E487E4EEF6-FollowerState was interrupted: java.lang.InterruptedException: sleep interrupted
2019-10-09 23:14:36,544 [grpc-default-executor-0] INFO  impl.RaftServerImpl (ServerState.java:close(387)) - fdee42a1-84ef-4e78-88cb-8a42c5a899c2@group-D1E487E4EEF6: closes. applyIndex: -1
2019-10-09 23:14:36,545 [fdee42a1-84ef-4e78-88cb-8a42c5a899c2@group-D1E487E4EEF6-SegmentedRaftLogWorker] INFO  segmented.SegmentedRaftLogWorker (SegmentedRaftLogWorker.java:run(316)) - fdee42a1-84ef-4e78-88cb-8a42c5a899c2@group-D1E487E4EEF6-SegmentedRaftLogWorker was interrupted, exiting. There are 0 tasks remaining in the queue.
2019-10-09 23:14:36,545 [grpc-default-executor-0] INFO  segmented.SegmentedRaftLogWorker (SegmentedRaftLogWorker.java:close(224)) - fdee42a1-84ef-4e78-88cb-8a42c5a899c2@group-D1E487E4EEF6-SegmentedRaftLogWorker close()
2019-10-09 23:14:36,551 [Thread-178] INFO  pipeline.PipelineStateManager (PipelineStateManager.java:removePipeline(108)) - Pipeline Pipeline[ Id: 6b25e96e-5aef-45f4-af1f-d1e487e4eef6, Nodes: fdee42a1-84ef-4e78-88cb-8a42c5a899c2{ip: 192.168.164.207, host: pr-hdds-1868-7c4vz-2804340038, networkLocation: /default-rack, certSerialId: null}, Type:RATIS, Factor:ONE, State:CLOSED] removed from db
2019-10-09 23:14:36,552 [Thread-178] INFO  pipeline.SCMPipelineManager (SCMPipelineManager.java:finalizeAndDestroyPipeline(315)) - destroying pipeline:Pipeline[ Id: 730a91ea-9e77-4600-a47a-7f9f9a110718, Nodes: 45d92652-3396-41b7-9b8f-6c58248e1da2{ip: 192.168.164.207, host: pr-hdds-1868-7c4vz-2804340038, networkLocation: /default-rack, certSerialId: null}, Type:RATIS, Factor:ONE, State:ALLOCATED]
2019-10-09 23:14:36,561 [grpc-default-executor-0] INFO  impl.RaftServerProxy (RaftServerProxy.java:addNew(89)) - fdee42a1-84ef-4e78-88cb-8a42c5a899c2: addNew group-AB94E7A42471:[fdee42a1-84ef-4e78-88cb-8a42c5a899c2:192.168.164.207:39873] returns group-AB94E7A42471:java.util.concurrent.CompletableFuture@57212434[Not completed]
2019-10-09 23:14:36,563 [pool-37-thread-1] INFO  impl.RaftServerImpl (RaftServerImpl.java:<init>(95)) - fdee42a1-84ef-4e78-88cb-8a42c5a899c2: new RaftServerImpl for group-AB94E7A42471:[fdee42a1-84ef-4e78-88cb-8a42c5a899c2:192.168.164.207:39873] with ContainerStateMachine:uninitialized
2019-10-09 23:14:36,563 [pool-37-thread-1] INFO  server.RaftServerConfigKeys (ConfUtils.java:logGet(43)) - raft.server.rpc.timeout.min = 5s (custom)
2019-10-09 23:14:36,563 [pool-37-thread-1] INFO  server.RaftServerConfigKeys (ConfUtils.java:logGet(43)) - raft.server.rpc.timeout.max = 5200ms (custom)
2019-10-09 23:14:36,563 [pool-37-thread-1] INFO  server.RaftServerConfigKeys (ConfUtils.java:logGet(43)) - raft.server.rpcslowness.timeout = 120s (custom)
2019-10-09 23:14:36,563 [pool-37-thread-1] INFO  server.RaftServerConfigKeys (ConfUtils.java:logGet(43)) - raft.server.sleep.deviation.threshold = 300 (default)
2019-10-09 23:14:36,563 [pool-37-thread-1] INFO  server.RaftServerConfigKeys (ConfUtils.java:logGet(43)) - raft.server.log.appender.install.snapshot.enabled = false (custom)
2019-10-09 23:14:36,563 [pool-37-thread-1] INFO  impl.RaftServerImpl (ServerState.java:<init>(103)) - fdee42a1-84ef-4e78-88cb-8a42c5a899c2@group-AB94E7A42471: ConfigurationManager, init=-1: [fdee42a1-84ef-4e78-88cb-8a42c5a899c2:192.168.164.207:39873], old=null, confs=<EMPTY_MAP>
2019-10-09 23:14:36,564 [pool-37-thread-1] INFO  server.RaftServerConfigKeys (ConfUtils.java:logGet(43)) - raft.server.storage.dir = [/workdir/hadoop-ozone/integration-test/target/test-dir/MiniOzoneClusterImpl-e385a4c1-c95f-41f6-a4f8-a3d6a12eb9e0/datanode-1/data/ratis] (custom)
2019-10-09 23:14:36,564 [pool-37-thread-1] INFO  server.RaftServerConfigKeys (ConfUtils.java:logGet(43)) - raft.server.log.corruption.policy = EXCEPTION (default)
2019-10-09 23:14:36,564 [pool-37-thread-1] INFO  storage.RaftStorageDirectory (RaftStorageDirectory.java:analyzeStorage(246)) - The storage directory /workdir/hadoop-ozone/integration-test/target/test-dir/MiniOzoneClusterImpl-e385a4c1-c95f-41f6-a4f8-a3d6a12eb9e0/datanode-1/data/ratis/ee975b06-839c-4c57-be47-ab94e7a42471 does not exist. Creating ...
2019-10-09 23:14:36,577 [pool-37-thread-1] INFO  storage.RaftStorageDirectory (RaftStorageDirectory.java:tryLock(328)) - Lock on /workdir/hadoop-ozone/integration-test/target/test-dir/MiniOzoneClusterImpl-e385a4c1-c95f-41f6-a4f8-a3d6a12eb9e0/datanode-1/data/ratis/ee975b06-839c-4c57-be47-ab94e7a42471/in_use.lock acquired by nodename 1712@pr-hdds-1868-7c4vz-2804340038
2019-10-09 23:14:36,590 [pool-37-thread-1] INFO  storage.RaftStorage (RaftStorage.java:format(84)) - Storage directory /workdir/hadoop-ozone/integration-test/target/test-dir/MiniOzoneClusterImpl-e385a4c1-c95f-41f6-a4f8-a3d6a12eb9e0/datanode-1/data/ratis/ee975b06-839c-4c57-be47-ab94e7a42471 has been successfully formatted.
2019-10-09 23:14:36,590 [pool-37-thread-1] INFO  ratis.ContainerStateMachine (ContainerStateMachine.java:loadSnapshot(233)) - group-AB94E7A42471: The snapshot info is null. Setting the last applied indexto:(t:0, i:~)
2019-10-09 23:14:36,591 [pool-37-thread-1] INFO  server.RaftServerConfigKeys (ConfUtils.java:logGet(43)) - raft.server.notification.no-leader.timeout = 120s (custom)
2019-10-09 23:14:36,591 [pool-37-thread-1] INFO  server.RaftServerConfigKeys (ConfUtils.java:logGet(43)) - raft.server.log.use.memory = false (default)
2019-10-09 23:14:36,591 [pool-37-thread-1] INFO  server.RaftServerConfigKeys (ConfUtils.java:logGet(43)) - raft.server.log.purge.gap = 1000000 (custom)
2019-10-09 23:14:36,591 [pool-37-thread-1] INFO  server.RaftServerConfigKeys (ConfUtils.java:logGet(43)) - raft.server.log.appender.buffer.byte-limit = 33554432 (custom)
2019-10-09 23:14:36,591 [pool-37-thread-1] INFO  server.RaftServerConfigKeys (ConfUtils.java:logGet(43)) - raft.server.log.segment.size.max = 1048576 (custom)
2019-10-09 23:14:36,592 [pool-37-thread-1] INFO  server.RaftServerConfigKeys (ConfUtils.java:logGet(43)) - raft.server.log.segment.cache.num.max = 2 (custom)
2019-10-09 23:14:36,592 [pool-37-thread-1] INFO  segmented.SegmentedRaftLogWorker (SegmentedRaftLogWorker.java:<init>(173)) - new fdee42a1-84ef-4e78-88cb-8a42c5a899c2@group-AB94E7A42471-SegmentedRaftLogWorker for RaftStorage:Storage Directory /workdir/hadoop-ozone/integration-test/target/test-dir/MiniOzoneClusterImpl-e385a4c1-c95f-41f6-a4f8-a3d6a12eb9e0/datanode-1/data/ratis/ee975b06-839c-4c57-be47-ab94e7a42471
2019-10-09 23:14:36,592 [pool-37-thread-1] INFO  server.RaftServerConfigKeys (ConfUtils.java:logGet(43)) - raft.server.log.queue.byte-limit = 2147483647 (custom)
2019-10-09 23:14:36,592 [pool-37-thread-1] INFO  server.RaftServerConfigKeys (ConfUtils.java:logGet(43)) - raft.server.log.queue.element-limit = 1024 (custom)
2019-10-09 23:14:36,592 [pool-37-thread-1] INFO  server.RaftServerConfigKeys (ConfUtils.java:logGet(43)) - raft.server.log.segment.size.max = 1048576 (custom)
2019-10-09 23:14:36,593 [pool-37-thread-1] INFO  server.RaftServerConfigKeys (ConfUtils.java:logGet(43)) - raft.server.log.preallocated.size = 16384 (custom)
2019-10-09 23:14:36,593 [pool-37-thread-1] INFO  server.RaftServerConfigKeys (ConfUtils.java:logGet(43)) - raft.server.log.write.buffer.size = 33554432 (custom)
2019-10-09 23:14:36,593 [pool-37-thread-1] INFO  server.RaftServerConfigKeys (ConfUtils.java:logGet(43)) - raft.server.log.force.sync.num = 128 (default)
2019-10-09 23:14:36,593 [pool-37-thread-1] INFO  server.RaftServerConfigKeys (ConfUtils.java:logGet(43)) - raft.server.log.statemachine.data.sync = true (default)
2019-10-09 23:14:36,593 [pool-37-thread-1] INFO  server.RaftServerConfigKeys (ConfUtils.java:logGet(43)) - raft.server.log.statemachine.data.sync.timeout = 10s (default)
2019-10-09 23:14:36,593 [pool-37-thread-1] INFO  server.RaftServerConfigKeys (ConfUtils.java:logGet(43)) - raft.server.log.statemachine.data.sync.timeout.retry = -1 (default)
2019-10-09 23:14:36,594 [pool-37-thread-1] INFO  server.RaftServerConfigKeys (ConfUtils.java:logGet(43)) - raft.server.log.statemachine.data.caching.enabled = true (custom)
2019-10-09 23:14:36,594 [pool-37-thread-1] INFO  segmented.SegmentedRaftLogWorker (SegmentedRaftLogWorker.java:lambda$new$0(128)) - fdee42a1-84ef-4e78-88cb-8a42c5a899c2@group-AB94E7A42471-SegmentedRaftLogWorker: flushIndex: setUnconditionally 0 -> -1
2019-10-09 23:14:36,595 [pool-37-thread-1] INFO  server.RaftServerConfigKeys (ConfUtils.java:logGet(43)) - raft.server.snapshot.auto.trigger.enabled = true (custom)
2019-10-09 23:14:36,595 [pool-37-thread-1] INFO  server.RaftServerConfigKeys (ConfUtils.java:logGet(43)) - raft.server.snapshot.auto.trigger.threshold = 10000 (custom)
2019-10-09 23:14:36,595 [pool-37-thread-1] INFO  server.RaftServerConfigKeys (ConfUtils.java:logGet(43)) - raft.server.snapshot.retention.file.num = 5 (custom)
2019-10-09 23:14:36,595 [pool-37-thread-1] INFO  server.RaftServerConfigKeys (ConfUtils.java:logGet(43)) - raft.server.retrycache.expirytime = 600000ms (custom)
2019-10-09 23:14:36,599 [pool-37-thread-1] INFO  impl.RaftServerImpl (RaftServerImpl.java:start(181)) - fdee42a1-84ef-4e78-88cb-8a42c5a899c2@group-AB94E7A42471: start as a follower, conf=-1: [fdee42a1-84ef-4e78-88cb-8a42c5a899c2:192.168.164.207:39873], old=null
2019-10-09 23:14:36,599 [pool-37-thread-1] INFO  impl.RaftServerImpl (RaftServerImpl.java:setRole(170)) - fdee42a1-84ef-4e78-88cb-8a42c5a899c2@group-AB94E7A42471: changes role from      null to FOLLOWER at term 0 for startAsFollower
2019-10-09 23:14:36,599 [pool-37-thread-1] INFO  impl.RoleInfo (RoleInfo.java:updateAndGet(143)) - fdee42a1-84ef-4e78-88cb-8a42c5a899c2: start FollowerState
2019-10-09 23:14:36,599 [pool-37-thread-1] INFO  util.JmxRegister (JmxRegister.java:tryRegister(44)) - Successfully registered JMX Bean with object name Ratis:service=RaftServer,group=group-AB94E7A42471,id=fdee42a1-84ef-4e78-88cb-8a42c5a899c2
2019-10-09 23:14:36,607 [RatisPipelineUtilsThread] INFO  pipeline.PipelineStateManager (PipelineStateManager.java:addPipeline(57)) - Created pipeline Pipeline[ Id: ee975b06-839c-4c57-be47-ab94e7a42471, Nodes: fdee42a1-84ef-4e78-88cb-8a42c5a899c2{ip: 192.168.164.207, host: pr-hdds-1868-7c4vz-2804340038, networkLocation: /default-rack, certSerialId: null}, Type:RATIS, Factor:ONE, State:ALLOCATED]
2019-10-09 23:14:36,608 [Thread-178] INFO  pipeline.PipelineStateManager (PipelineStateManager.java:finalizePipeline(123)) - Pipeline Pipeline[ Id: 730a91ea-9e77-4600-a47a-7f9f9a110718, Nodes: 45d92652-3396-41b7-9b8f-6c58248e1da2{ip: 192.168.164.207, host: pr-hdds-1868-7c4vz-2804340038, networkLocation: /default-rack, certSerialId: null}, Type:RATIS, Factor:ONE, State:CLOSED] moved to CLOSED state
2019-10-09 23:14:36,621 [grpc-default-executor-0] INFO  impl.RaftServerProxy (RaftServerProxy.java:remove(95)) - 45d92652-3396-41b7-9b8f-6c58248e1da2: remove  FOLLOWER 45d92652-3396-41b7-9b8f-6c58248e1da2@group-7F9F9A110718:t0, leader=null, voted=null, raftlog=45d92652-3396-41b7-9b8f-6c58248e1da2@group-7F9F9A110718-SegmentedRaftLog:OPENED:c-1,f-1,i0, conf=-1: [45d92652-3396-41b7-9b8f-6c58248e1da2:192.168.164.207:38030], old=null RUNNING
2019-10-09 23:14:36,621 [grpc-default-executor-0] INFO  impl.RaftServerImpl (RaftServerImpl.java:lambda$shutdown$3(247)) - 45d92652-3396-41b7-9b8f-6c58248e1da2@group-7F9F9A110718: shutdown
2019-10-09 23:14:36,621 [grpc-default-executor-0] INFO  util.JmxRegister (JmxRegister.java:unregister(73)) - Successfully un-registered JMX Bean with object name Ratis:service=RaftServer,group=group-7F9F9A110718,id=45d92652-3396-41b7-9b8f-6c58248e1da2
2019-10-09 23:14:36,621 [grpc-default-executor-0] INFO  impl.RoleInfo (RoleInfo.java:shutdownFollowerState(121)) - 45d92652-3396-41b7-9b8f-6c58248e1da2: shutdown FollowerState
2019-10-09 23:14:36,622 [grpc-default-executor-0] INFO  impl.StateMachineUpdater (StateMachineUpdater.java:stopAndJoin(136)) - 45d92652-3396-41b7-9b8f-6c58248e1da2@group-7F9F9A110718-StateMachineUpdater: set stopIndex = -1
2019-10-09 23:14:36,622 [Thread-180] INFO  impl.FollowerState (FollowerState.java:run(117)) - 45d92652-3396-41b7-9b8f-6c58248e1da2@group-7F9F9A110718-FollowerState was interrupted: java.lang.InterruptedException: sleep interrupted
2019-10-09 23:14:36,623 [grpc-default-executor-0] INFO  impl.RaftServerImpl (ServerState.java:close(387)) - 45d92652-3396-41b7-9b8f-6c58248e1da2@group-7F9F9A110718: closes. applyIndex: -1
2019-10-09 23:14:36,624 [45d92652-3396-41b7-9b8f-6c58248e1da2@group-7F9F9A110718-SegmentedRaftLogWorker] INFO  segmented.SegmentedRaftLogWorker (SegmentedRaftLogWorker.java:run(316)) - 45d92652-3396-41b7-9b8f-6c58248e1da2@group-7F9F9A110718-SegmentedRaftLogWorker was interrupted, exiting. There are 0 tasks remaining in the queue.
2019-10-09 23:14:36,624 [grpc-default-executor-0] INFO  segmented.SegmentedRaftLogWorker (SegmentedRaftLogWorker.java:close(224)) - 45d92652-3396-41b7-9b8f-6c58248e1da2@group-7F9F9A110718-SegmentedRaftLogWorker close()
2019-10-09 23:14:36,629 [Thread-178] INFO  pipeline.PipelineStateManager (PipelineStateManager.java:removePipeline(108)) - Pipeline Pipeline[ Id: 730a91ea-9e77-4600-a47a-7f9f9a110718, Nodes: 45d92652-3396-41b7-9b8f-6c58248e1da2{ip: 192.168.164.207, host: pr-hdds-1868-7c4vz-2804340038, networkLocation: /default-rack, certSerialId: null}, Type:RATIS, Factor:ONE, State:CLOSED] removed from db
2019-10-09 23:14:36,637 [grpc-default-executor-0] INFO  impl.RaftServerProxy (RaftServerProxy.java:addNew(89)) - 45d92652-3396-41b7-9b8f-6c58248e1da2: addNew group-B0828147E25B:[45d92652-3396-41b7-9b8f-6c58248e1da2:192.168.164.207:38030] returns group-B0828147E25B:java.util.concurrent.CompletableFuture@75bd085[Not completed]
2019-10-09 23:14:36,639 [pool-27-thread-1] INFO  impl.RaftServerImpl (RaftServerImpl.java:<init>(95)) - 45d92652-3396-41b7-9b8f-6c58248e1da2: new RaftServerImpl for group-B0828147E25B:[45d92652-3396-41b7-9b8f-6c58248e1da2:192.168.164.207:38030] with ContainerStateMachine:uninitialized
2019-10-09 23:14:36,639 [pool-27-thread-1] INFO  server.RaftServerConfigKeys (ConfUtils.java:logGet(43)) - raft.server.rpc.timeout.min = 5s (custom)
2019-10-09 23:14:36,639 [pool-27-thread-1] INFO  server.RaftServerConfigKeys (ConfUtils.java:logGet(43)) - raft.server.rpc.timeout.max = 5200ms (custom)
2019-10-09 23:14:36,639 [pool-27-thread-1] INFO  server.RaftServerConfigKeys (ConfUtils.java:logGet(43)) - raft.server.rpcslowness.timeout = 120s (custom)
2019-10-09 23:14:36,639 [pool-27-thread-1] INFO  server.RaftServerConfigKeys (ConfUtils.java:logGet(43)) - raft.server.sleep.deviation.threshold = 300 (default)
2019-10-09 23:14:36,639 [pool-27-thread-1] INFO  server.RaftServerConfigKeys (ConfUtils.java:logGet(43)) - raft.server.log.appender.install.snapshot.enabled = false (custom)
2019-10-09 23:14:36,639 [pool-27-thread-1] INFO  impl.RaftServerImpl (ServerState.java:<init>(103)) - 45d92652-3396-41b7-9b8f-6c58248e1da2@group-B0828147E25B: ConfigurationManager, init=-1: [45d92652-3396-41b7-9b8f-6c58248e1da2:192.168.164.207:38030], old=null, confs=<EMPTY_MAP>
2019-10-09 23:14:36,639 [pool-27-thread-1] INFO  server.RaftServerConfigKeys (ConfUtils.java:logGet(43)) - raft.server.storage.dir = [/workdir/hadoop-ozone/integration-test/target/test-dir/MiniOzoneClusterImpl-e385a4c1-c95f-41f6-a4f8-a3d6a12eb9e0/datanode-0/data/ratis] (custom)
2019-10-09 23:14:36,640 [pool-27-thread-1] INFO  server.RaftServerConfigKeys (ConfUtils.java:logGet(43)) - raft.server.log.corruption.policy = EXCEPTION (default)
2019-10-09 23:14:36,640 [pool-27-thread-1] INFO  storage.RaftStorageDirectory (RaftStorageDirectory.java:analyzeStorage(246)) - The storage directory /workdir/hadoop-ozone/integration-test/target/test-dir/MiniOzoneClusterImpl-e385a4c1-c95f-41f6-a4f8-a3d6a12eb9e0/datanode-0/data/ratis/4100d82e-a828-49ca-ad7c-b0828147e25b does not exist. Creating ...
2019-10-09 23:14:36,652 [pool-27-thread-1] INFO  storage.RaftStorageDirectory (RaftStorageDirectory.java:tryLock(328)) - Lock on /workdir/hadoop-ozone/integration-test/target/test-dir/MiniOzoneClusterImpl-e385a4c1-c95f-41f6-a4f8-a3d6a12eb9e0/datanode-0/data/ratis/4100d82e-a828-49ca-ad7c-b0828147e25b/in_use.lock acquired by nodename 1712@pr-hdds-1868-7c4vz-2804340038
2019-10-09 23:14:36,666 [pool-27-thread-1] INFO  storage.RaftStorage (RaftStorage.java:format(84)) - Storage directory /workdir/hadoop-ozone/integration-test/target/test-dir/MiniOzoneClusterImpl-e385a4c1-c95f-41f6-a4f8-a3d6a12eb9e0/datanode-0/data/ratis/4100d82e-a828-49ca-ad7c-b0828147e25b has been successfully formatted.
2019-10-09 23:14:36,666 [pool-27-thread-1] INFO  ratis.ContainerStateMachine (ContainerStateMachine.java:loadSnapshot(233)) - group-B0828147E25B: The snapshot info is null. Setting the last applied indexto:(t:0, i:~)
2019-10-09 23:14:36,666 [pool-27-thread-1] INFO  server.RaftServerConfigKeys (ConfUtils.java:logGet(43)) - raft.server.notification.no-leader.timeout = 120s (custom)
2019-10-09 23:14:36,666 [pool-27-thread-1] INFO  server.RaftServerConfigKeys (ConfUtils.java:logGet(43)) - raft.server.log.use.memory = false (default)
2019-10-09 23:14:36,666 [pool-27-thread-1] INFO  server.RaftServerConfigKeys (ConfUtils.java:logGet(43)) - raft.server.log.purge.gap = 1000000 (custom)
2019-10-09 23:14:36,666 [pool-27-thread-1] INFO  server.RaftServerConfigKeys (ConfUtils.java:logGet(43)) - raft.server.log.appender.buffer.byte-limit = 33554432 (custom)
2019-10-09 23:14:36,667 [pool-27-thread-1] INFO  server.RaftServerConfigKeys (ConfUtils.java:logGet(43)) - raft.server.log.segment.size.max = 1048576 (custom)
2019-10-09 23:14:36,667 [pool-27-thread-1] INFO  server.RaftServerConfigKeys (ConfUtils.java:logGet(43)) - raft.server.log.segment.cache.num.max = 2 (custom)
2019-10-09 23:14:36,667 [pool-27-thread-1] INFO  segmented.SegmentedRaftLogWorker (SegmentedRaftLogWorker.java:<init>(173)) - new 45d92652-3396-41b7-9b8f-6c58248e1da2@group-B0828147E25B-SegmentedRaftLogWorker for RaftStorage:Storage Directory /workdir/hadoop-ozone/integration-test/target/test-dir/MiniOzoneClusterImpl-e385a4c1-c95f-41f6-a4f8-a3d6a12eb9e0/datanode-0/data/ratis/4100d82e-a828-49ca-ad7c-b0828147e25b
2019-10-09 23:14:36,667 [pool-27-thread-1] INFO  server.RaftServerConfigKeys (ConfUtils.java:logGet(43)) - raft.server.log.queue.byte-limit = 2147483647 (custom)
2019-10-09 23:14:36,667 [pool-27-thread-1] INFO  server.RaftServerConfigKeys (ConfUtils.java:logGet(43)) - raft.server.log.queue.element-limit = 1024 (custom)
2019-10-09 23:14:36,667 [pool-27-thread-1] INFO  server.RaftServerConfigKeys (ConfUtils.java:logGet(43)) - raft.server.log.segment.size.max = 1048576 (custom)
2019-10-09 23:14:36,667 [pool-27-thread-1] INFO  server.RaftServerConfigKeys (ConfUtils.java:logGet(43)) - raft.server.log.preallocated.size = 16384 (custom)
2019-10-09 23:14:36,667 [pool-27-thread-1] INFO  server.RaftServerConfigKeys (ConfUtils.java:logGet(43)) - raft.server.log.write.buffer.size = 33554432 (custom)
2019-10-09 23:14:36,668 [pool-27-thread-1] INFO  server.RaftServerConfigKeys (ConfUtils.java:logGet(43)) - raft.server.log.force.sync.num = 128 (default)
2019-10-09 23:14:36,668 [pool-27-thread-1] INFO  server.RaftServerConfigKeys (ConfUtils.java:logGet(43)) - raft.server.log.statemachine.data.sync = true (default)
2019-10-09 23:14:36,668 [pool-27-thread-1] INFO  server.RaftServerConfigKeys (ConfUtils.java:logGet(43)) - raft.server.log.statemachine.data.sync.timeout = 10s (default)
2019-10-09 23:14:36,668 [pool-27-thread-1] INFO  server.RaftServerConfigKeys (ConfUtils.java:logGet(43)) - raft.server.log.statemachine.data.sync.timeout.retry = -1 (default)
2019-10-09 23:14:36,668 [pool-27-thread-1] INFO  server.RaftServerConfigKeys (ConfUtils.java:logGet(43)) - raft.server.log.statemachine.data.caching.enabled = true (custom)
2019-10-09 23:14:36,669 [pool-27-thread-1] INFO  segmented.SegmentedRaftLogWorker (SegmentedRaftLogWorker.java:lambda$new$0(128)) - 45d92652-3396-41b7-9b8f-6c58248e1da2@group-B0828147E25B-SegmentedRaftLogWorker: flushIndex: setUnconditionally 0 -> -1
2019-10-09 23:14:36,669 [pool-27-thread-1] INFO  server.RaftServerConfigKeys (ConfUtils.java:logGet(43)) - raft.server.snapshot.auto.trigger.enabled = true (custom)
2019-10-09 23:14:36,669 [pool-27-thread-1] INFO  server.RaftServerConfigKeys (ConfUtils.java:logGet(43)) - raft.server.snapshot.auto.trigger.threshold = 10000 (custom)
2019-10-09 23:14:36,669 [pool-27-thread-1] INFO  server.RaftServerConfigKeys (ConfUtils.java:logGet(43)) - raft.server.snapshot.retention.file.num = 5 (custom)
2019-10-09 23:14:36,669 [pool-27-thread-1] INFO  server.RaftServerConfigKeys (ConfUtils.java:logGet(43)) - raft.server.retrycache.expirytime = 600000ms (custom)
2019-10-09 23:14:36,672 [pool-27-thread-1] INFO  impl.RaftServerImpl (RaftServerImpl.java:start(181)) - 45d92652-3396-41b7-9b8f-6c58248e1da2@group-B0828147E25B: start as a follower, conf=-1: [45d92652-3396-41b7-9b8f-6c58248e1da2:192.168.164.207:38030], old=null
2019-10-09 23:14:36,672 [pool-27-thread-1] INFO  impl.RaftServerImpl (RaftServerImpl.java:setRole(170)) - 45d92652-3396-41b7-9b8f-6c58248e1da2@group-B0828147E25B: changes role from      null to FOLLOWER at term 0 for startAsFollower
2019-10-09 23:14:36,672 [pool-27-thread-1] INFO  impl.RoleInfo (RoleInfo.java:updateAndGet(143)) - 45d92652-3396-41b7-9b8f-6c58248e1da2: start FollowerState
2019-10-09 23:14:36,673 [pool-27-thread-1] INFO  util.JmxRegister (JmxRegister.java:tryRegister(44)) - Successfully registered JMX Bean with object name Ratis:service=RaftServer,group=group-B0828147E25B,id=45d92652-3396-41b7-9b8f-6c58248e1da2
2019-10-09 23:14:36,679 [RatisPipelineUtilsThread] INFO  pipeline.PipelineStateManager (PipelineStateManager.java:addPipeline(57)) - Created pipeline Pipeline[ Id: 4100d82e-a828-49ca-ad7c-b0828147e25b, Nodes: 45d92652-3396-41b7-9b8f-6c58248e1da2{ip: 192.168.164.207, host: pr-hdds-1868-7c4vz-2804340038, networkLocation: /default-rack, certSerialId: null}, Type:RATIS, Factor:ONE, State:ALLOCATED]
2019-10-09 23:14:37,172 [main] INFO  ozone.MiniOzoneClusterImpl (MiniOzoneClusterImpl.java:lambda$waitForClusterToBeReady$2(164)) - Waiting for 4 number of pipelines out of 4, to report a leader.
2019-10-09 23:14:38,172 [main] INFO  ozone.MiniOzoneClusterImpl (MiniOzoneClusterImpl.java:lambda$waitForClusterToBeReady$2(164)) - Waiting for 4 number of pipelines out of 4, to report a leader.
2019-10-09 23:14:39,173 [main] INFO  ozone.MiniOzoneClusterImpl (MiniOzoneClusterImpl.java:lambda$waitForClusterToBeReady$2(164)) - Waiting for 4 number of pipelines out of 4, to report a leader.
2019-10-09 23:14:40,173 [main] INFO  ozone.MiniOzoneClusterImpl (MiniOzoneClusterImpl.java:lambda$waitForClusterToBeReady$2(164)) - Waiting for 4 number of pipelines out of 4, to report a leader.
2019-10-09 23:14:41,174 [main] INFO  ozone.MiniOzoneClusterImpl (MiniOzoneClusterImpl.java:lambda$waitForClusterToBeReady$2(164)) - Waiting for 4 number of pipelines out of 4, to report a leader.
2019-10-09 23:14:41,447 [Thread-206] INFO  impl.FollowerState (FollowerState.java:run(108)) - 45d92652-3396-41b7-9b8f-6c58248e1da2@group-92AD35C80E49-FollowerState: change to CANDIDATE, lastRpcTime:5025ms, electionTimeout:5025ms
2019-10-09 23:14:41,449 [Thread-206] INFO  impl.RoleInfo (RoleInfo.java:shutdownFollowerState(121)) - 45d92652-3396-41b7-9b8f-6c58248e1da2: shutdown FollowerState
2019-10-09 23:14:41,449 [Thread-206] INFO  impl.RaftServerImpl (RaftServerImpl.java:setRole(170)) - 45d92652-3396-41b7-9b8f-6c58248e1da2@group-92AD35C80E49: changes role from  FOLLOWER to CANDIDATE at term 0 for changeToCandidate
2019-10-09 23:14:41,451 [Thread-204] INFO  impl.FollowerState (FollowerState.java:run(108)) - e0660db2-f32f-4529-820c-e994e15ad9e7@group-92AD35C80E49-FollowerState: change to CANDIDATE, lastRpcTime:5031ms, electionTimeout:5031ms
2019-10-09 23:14:41,451 [Thread-204] INFO  impl.RoleInfo (RoleInfo.java:shutdownFollowerState(121)) - e0660db2-f32f-4529-820c-e994e15ad9e7: shutdown FollowerState
2019-10-09 23:14:41,452 [Thread-204] INFO  impl.RaftServerImpl (RaftServerImpl.java:setRole(170)) - e0660db2-f32f-4529-820c-e994e15ad9e7@group-92AD35C80E49: changes role from  FOLLOWER to CANDIDATE at term 0 for changeToCandidate
2019-10-09 23:14:41,454 [Thread-204] INFO  impl.RoleInfo (RoleInfo.java:updateAndGet(143)) - e0660db2-f32f-4529-820c-e994e15ad9e7: start LeaderElection
2019-10-09 23:14:41,454 [Thread-206] INFO  impl.RoleInfo (RoleInfo.java:updateAndGet(143)) - 45d92652-3396-41b7-9b8f-6c58248e1da2: start LeaderElection
2019-10-09 23:14:41,498 [Thread-205] INFO  impl.FollowerState (FollowerState.java:run(108)) - fdee42a1-84ef-4e78-88cb-8a42c5a899c2@group-92AD35C80E49-FollowerState: change to CANDIDATE, lastRpcTime:5077ms, electionTimeout:5077ms
2019-10-09 23:14:41,498 [Thread-205] INFO  impl.RoleInfo (RoleInfo.java:shutdownFollowerState(121)) - fdee42a1-84ef-4e78-88cb-8a42c5a899c2: shutdown FollowerState
2019-10-09 23:14:41,498 [Thread-205] INFO  impl.RaftServerImpl (RaftServerImpl.java:setRole(170)) - fdee42a1-84ef-4e78-88cb-8a42c5a899c2@group-92AD35C80E49: changes role from  FOLLOWER to CANDIDATE at term 0 for changeToCandidate
2019-10-09 23:14:41,498 [Thread-205] INFO  impl.RoleInfo (RoleInfo.java:updateAndGet(143)) - fdee42a1-84ef-4e78-88cb-8a42c5a899c2: start LeaderElection
2019-10-09 23:14:41,550 [45d92652-3396-41b7-9b8f-6c58248e1da2@group-92AD35C80E49-LeaderElection2] INFO  impl.LeaderElection (LeaderElection.java:askForVotes(178)) - 45d92652-3396-41b7-9b8f-6c58248e1da2@group-92AD35C80E49-LeaderElection2: begin an election at term 1 for -1: [e0660db2-f32f-4529-820c-e994e15ad9e7:192.168.164.207:42825, 45d92652-3396-41b7-9b8f-6c58248e1da2:192.168.164.207:38030, fdee42a1-84ef-4e78-88cb-8a42c5a899c2:192.168.164.207:39873], old=null
2019-10-09 23:14:41,555 [fdee42a1-84ef-4e78-88cb-8a42c5a899c2@group-92AD35C80E49-LeaderElection3] INFO  impl.LeaderElection (LeaderElection.java:askForVotes(178)) - fdee42a1-84ef-4e78-88cb-8a42c5a899c2@group-92AD35C80E49-LeaderElection3: begin an election at term 1 for -1: [e0660db2-f32f-4529-820c-e994e15ad9e7:192.168.164.207:42825, 45d92652-3396-41b7-9b8f-6c58248e1da2:192.168.164.207:38030, fdee42a1-84ef-4e78-88cb-8a42c5a899c2:192.168.164.207:39873], old=null
2019-10-09 23:14:41,551 [e0660db2-f32f-4529-820c-e994e15ad9e7@group-92AD35C80E49-LeaderElection1] INFO  impl.LeaderElection (LeaderElection.java:askForVotes(178)) - e0660db2-f32f-4529-820c-e994e15ad9e7@group-92AD35C80E49-LeaderElection1: begin an election at term 1 for -1: [e0660db2-f32f-4529-820c-e994e15ad9e7:192.168.164.207:42825, 45d92652-3396-41b7-9b8f-6c58248e1da2:192.168.164.207:38030, fdee42a1-84ef-4e78-88cb-8a42c5a899c2:192.168.164.207:39873], old=null
2019-10-09 23:14:41,571 [Thread-212] INFO  impl.FollowerState (FollowerState.java:run(108)) - e0660db2-f32f-4529-820c-e994e15ad9e7@group-FBEAD38E08F3-FollowerState: change to CANDIDATE, lastRpcTime:5053ms, electionTimeout:5051ms
2019-10-09 23:14:41,572 [Thread-212] INFO  impl.RoleInfo (RoleInfo.java:shutdownFollowerState(121)) - e0660db2-f32f-4529-820c-e994e15ad9e7: shutdown FollowerState
2019-10-09 23:14:41,574 [Thread-212] INFO  impl.RaftServerImpl (RaftServerImpl.java:setRole(170)) - e0660db2-f32f-4529-820c-e994e15ad9e7@group-FBEAD38E08F3: changes role from  FOLLOWER to CANDIDATE at term 0 for changeToCandidate
2019-10-09 23:14:41,575 [Thread-212] INFO  impl.RoleInfo (RoleInfo.java:updateAndGet(143)) - e0660db2-f32f-4529-820c-e994e15ad9e7: start LeaderElection
2019-10-09 23:14:41,591 [e0660db2-f32f-4529-820c-e994e15ad9e7@group-FBEAD38E08F3-LeaderElection4] INFO  impl.LeaderElection (LeaderElection.java:askForVotes(178)) - e0660db2-f32f-4529-820c-e994e15ad9e7@group-FBEAD38E08F3-LeaderElection4: begin an election at term 1 for -1: [e0660db2-f32f-4529-820c-e994e15ad9e7:192.168.164.207:42825], old=null
2019-10-09 23:14:41,598 [e0660db2-f32f-4529-820c-e994e15ad9e7@group-FBEAD38E08F3-LeaderElection4] INFO  impl.RoleInfo (RoleInfo.java:shutdownLeaderElection(134)) - e0660db2-f32f-4529-820c-e994e15ad9e7: shutdown LeaderElection
2019-10-09 23:14:41,600 [e0660db2-f32f-4529-820c-e994e15ad9e7@group-FBEAD38E08F3-LeaderElection4] INFO  impl.RaftServerImpl (RaftServerImpl.java:setRole(170)) - e0660db2-f32f-4529-820c-e994e15ad9e7@group-FBEAD38E08F3: changes role from CANDIDATE to LEADER at term 1 for changeToLeader
2019-10-09 23:14:41,600 [e0660db2-f32f-4529-820c-e994e15ad9e7@group-FBEAD38E08F3-LeaderElection4] INFO  ratis.XceiverServerRatis (XceiverServerRatis.java:handleLeaderChangedNotification(702)) - Leader change notification received for group: group-FBEAD38E08F3 with new leaderId: e0660db2-f32f-4529-820c-e994e15ad9e7
2019-10-09 23:14:41,609 [e0660db2-f32f-4529-820c-e994e15ad9e7@group-FBEAD38E08F3-LeaderElection4] INFO  impl.RaftServerImpl (ServerState.java:setLeader(255)) - e0660db2-f32f-4529-820c-e994e15ad9e7@group-FBEAD38E08F3: change Leader from null to e0660db2-f32f-4529-820c-e994e15ad9e7 at term 1 for becomeLeader, leader elected after 5091ms
2019-10-09 23:14:41,612 [45d92652-3396-41b7-9b8f-6c58248e1da2@group-92AD35C80E49-LeaderElection2] INFO  impl.LeaderElection (LeaderElection.java:logAndReturn(56)) - 45d92652-3396-41b7-9b8f-6c58248e1da2@group-92AD35C80E49-LeaderElection2: Election REJECTED; received 2 response(s) [45d92652-3396-41b7-9b8f-6c58248e1da2<-e0660db2-f32f-4529-820c-e994e15ad9e7#0:FAIL-t1, 45d92652-3396-41b7-9b8f-6c58248e1da2<-fdee42a1-84ef-4e78-88cb-8a42c5a899c2#0:FAIL-t1] and 0 exception(s); 45d92652-3396-41b7-9b8f-6c58248e1da2@group-92AD35C80E49:t1, leader=null, voted=45d92652-3396-41b7-9b8f-6c58248e1da2, raftlog=45d92652-3396-41b7-9b8f-6c58248e1da2@group-92AD35C80E49-SegmentedRaftLog:OPENED:c-1,f-1,i0, conf=-1: [e0660db2-f32f-4529-820c-e994e15ad9e7:192.168.164.207:42825, 45d92652-3396-41b7-9b8f-6c58248e1da2:192.168.164.207:38030, fdee42a1-84ef-4e78-88cb-8a42c5a899c2:192.168.164.207:39873], old=null
2019-10-09 23:14:41,612 [fdee42a1-84ef-4e78-88cb-8a42c5a899c2@group-92AD35C80E49-LeaderElection3] INFO  impl.LeaderElection (LeaderElection.java:logAndReturn(56)) - fdee42a1-84ef-4e78-88cb-8a42c5a899c2@group-92AD35C80E49-LeaderElection3: Election REJECTED; received 2 response(s) [fdee42a1-84ef-4e78-88cb-8a42c5a899c2<-e0660db2-f32f-4529-820c-e994e15ad9e7#0:FAIL-t1, fdee42a1-84ef-4e78-88cb-8a42c5a899c2<-45d92652-3396-41b7-9b8f-6c58248e1da2#0:FAIL-t1] and 0 exception(s); fdee42a1-84ef-4e78-88cb-8a42c5a899c2@group-92AD35C80E49:t1, leader=null, voted=fdee42a1-84ef-4e78-88cb-8a42c5a899c2, raftlog=fdee42a1-84ef-4e78-88cb-8a42c5a899c2@group-92AD35C80E49-SegmentedRaftLog:OPENED:c-1,f-1,i0, conf=-1: [e0660db2-f32f-4529-820c-e994e15ad9e7:192.168.164.207:42825, 45d92652-3396-41b7-9b8f-6c58248e1da2:192.168.164.207:38030, fdee42a1-84ef-4e78-88cb-8a42c5a899c2:192.168.164.207:39873], old=null
2019-10-09 23:14:41,612 [e0660db2-f32f-4529-820c-e994e15ad9e7@group-92AD35C80E49-LeaderElection1] INFO  impl.LeaderElection (LeaderElection.java:logAndReturn(56)) - e0660db2-f32f-4529-820c-e994e15ad9e7@group-92AD35C80E49-LeaderElection1: Election REJECTED; received 2 response(s) [e0660db2-f32f-4529-820c-e994e15ad9e7<-45d92652-3396-41b7-9b8f-6c58248e1da2#0:FAIL-t1, e0660db2-f32f-4529-820c-e994e15ad9e7<-fdee42a1-84ef-4e78-88cb-8a42c5a899c2#0:FAIL-t1] and 0 exception(s); e0660db2-f32f-4529-820c-e994e15ad9e7@group-92AD35C80E49:t1, leader=null, voted=e0660db2-f32f-4529-820c-e994e15ad9e7, raftlog=e0660db2-f32f-4529-820c-e994e15ad9e7@group-92AD35C80E49-SegmentedRaftLog:OPENED:c-1,f-1,i0, conf=-1: [e0660db2-f32f-4529-820c-e994e15ad9e7:192.168.164.207:42825, 45d92652-3396-41b7-9b8f-6c58248e1da2:192.168.164.207:38030, fdee42a1-84ef-4e78-88cb-8a42c5a899c2:192.168.164.207:39873], old=null
2019-10-09 23:14:41,618 [45d92652-3396-41b7-9b8f-6c58248e1da2@group-92AD35C80E49-LeaderElection2] INFO  impl.RaftServerImpl (RaftServerImpl.java:setRole(170)) - 45d92652-3396-41b7-9b8f-6c58248e1da2@group-92AD35C80E49: changes role from CANDIDATE to FOLLOWER at term 1 for DISCOVERED_A_NEW_TERM
2019-10-09 23:14:41,618 [fdee42a1-84ef-4e78-88cb-8a42c5a899c2@group-92AD35C80E49-LeaderElection3] INFO  impl.RaftServerImpl (RaftServerImpl.java:setRole(170)) - fdee42a1-84ef-4e78-88cb-8a42c5a899c2@group-92AD35C80E49: changes role from CANDIDATE to FOLLOWER at term 1 for DISCOVERED_A_NEW_TERM
2019-10-09 23:14:41,618 [e0660db2-f32f-4529-820c-e994e15ad9e7@group-92AD35C80E49-LeaderElection1] INFO  impl.RaftServerImpl (RaftServerImpl.java:setRole(170)) - e0660db2-f32f-4529-820c-e994e15ad9e7@group-92AD35C80E49: changes role from CANDIDATE to FOLLOWER at term 1 for DISCOVERED_A_NEW_TERM
2019-10-09 23:14:41,620 [fdee42a1-84ef-4e78-88cb-8a42c5a899c2@group-92AD35C80E49-LeaderElection3] INFO  impl.RoleInfo (RoleInfo.java:shutdownLeaderElection(134)) - fdee42a1-84ef-4e78-88cb-8a42c5a899c2: shutdown LeaderElection
2019-10-09 23:14:41,619 [45d92652-3396-41b7-9b8f-6c58248e1da2@group-92AD35C80E49-LeaderElection2] INFO  impl.RoleInfo (RoleInfo.java:shutdownLeaderElection(134)) - 45d92652-3396-41b7-9b8f-6c58248e1da2: shutdown LeaderElection
2019-10-09 23:14:41,620 [e0660db2-f32f-4529-820c-e994e15ad9e7@group-92AD35C80E49-LeaderElection1] INFO  impl.RoleInfo (RoleInfo.java:shutdownLeaderElection(134)) - e0660db2-f32f-4529-820c-e994e15ad9e7: shutdown LeaderElection
2019-10-09 23:14:41,620 [fdee42a1-84ef-4e78-88cb-8a42c5a899c2@group-92AD35C80E49-LeaderElection3] INFO  impl.RoleInfo (RoleInfo.java:updateAndGet(143)) - fdee42a1-84ef-4e78-88cb-8a42c5a899c2: start FollowerState
2019-10-09 23:14:41,620 [45d92652-3396-41b7-9b8f-6c58248e1da2@group-92AD35C80E49-LeaderElection2] INFO  impl.RoleInfo (RoleInfo.java:updateAndGet(143)) - 45d92652-3396-41b7-9b8f-6c58248e1da2: start FollowerState
2019-10-09 23:14:41,620 [e0660db2-f32f-4529-820c-e994e15ad9e7@group-92AD35C80E49-LeaderElection1] INFO  impl.RoleInfo (RoleInfo.java:updateAndGet(143)) - e0660db2-f32f-4529-820c-e994e15ad9e7: start FollowerState
2019-10-09 23:14:41,624 [e0660db2-f32f-4529-820c-e994e15ad9e7@group-FBEAD38E08F3-LeaderElection4] INFO  server.RaftServerConfigKeys (ConfUtils.java:logGet(43)) - raft.server.staging.catchup.gap = 1000 (default)
2019-10-09 23:14:41,624 [e0660db2-f32f-4529-820c-e994e15ad9e7@group-FBEAD38E08F3-LeaderElection4] INFO  server.RaftServerConfigKeys (ConfUtils.java:logGet(43)) - raft.server.rpc.sleep.time = 25ms (default)
2019-10-09 23:14:41,627 [e0660db2-f32f-4529-820c-e994e15ad9e7@group-FBEAD38E08F3-LeaderElection4] INFO  server.RaftServerConfigKeys (ConfUtils.java:logGet(43)) - raft.server.write.element-limit = 4096 (default)
2019-10-09 23:14:41,629 [e0660db2-f32f-4529-820c-e994e15ad9e7@group-FBEAD38E08F3-LeaderElection4] INFO  server.RaftServerConfigKeys (ConfUtils.java:logGet(43)) - raft.server.watch.timeout = 10s (default)
2019-10-09 23:14:41,629 [e0660db2-f32f-4529-820c-e994e15ad9e7@group-FBEAD38E08F3-LeaderElection4] INFO  server.RaftServerConfigKeys (ConfUtils.java:logGet(43)) - raft.server.watch.timeout.denomination = 1s (default)
2019-10-09 23:14:41,630 [e0660db2-f32f-4529-820c-e994e15ad9e7@group-FBEAD38E08F3-LeaderElection4] INFO  server.RaftServerConfigKeys (ConfUtils.java:logGet(43)) - raft.server.watch.element-limit = 65536 (default)
2019-10-09 23:14:41,637 [EventQueue-PipelineReportForPipelineReportHandler] INFO  pipeline.PipelineReportHandler (PipelineReportHandler.java:processPipelineReport(120)) - Pipeline PipelineID=44fc74d1-5b65-4d8c-98b0-fbead38e08f3 reported by e0660db2-f32f-4529-820c-e994e15ad9e7{ip: 192.168.164.207, host: pr-hdds-1868-7c4vz-2804340038, networkLocation: /default-rack, certSerialId: null} with leaderId e0660db2-f32f-4529-820c-e994e15ad9e7
2019-10-09 23:14:41,640 [e0660db2-f32f-4529-820c-e994e15ad9e7@group-FBEAD38E08F3-LeaderElection4] INFO  impl.RoleInfo (RoleInfo.java:updateAndGet(143)) - e0660db2-f32f-4529-820c-e994e15ad9e7: start LeaderState
2019-10-09 23:14:41,641 [EventQueue-PipelineReportForPipelineReportHandler] INFO  pipeline.PipelineStateManager (PipelineStateManager.java:openPipeline(136)) - Pipeline Pipeline[ Id: 44fc74d1-5b65-4d8c-98b0-fbead38e08f3, Nodes: e0660db2-f32f-4529-820c-e994e15ad9e7{ip: 192.168.164.207, host: pr-hdds-1868-7c4vz-2804340038, networkLocation: /default-rack, certSerialId: null}, Type:RATIS, Factor:ONE, State:OPEN] moved to OPEN state
2019-10-09 23:14:41,641 [EventQueue-PipelineReportForPipelineReportHandler] INFO  pipeline.PipelineReportHandler (PipelineReportHandler.java:processPipelineReport(120)) - Pipeline PipelineID=9710e888-e1cc-49d1-bdd1-92ad35c80e49 reported by e0660db2-f32f-4529-820c-e994e15ad9e7{ip: 192.168.164.207, host: pr-hdds-1868-7c4vz-2804340038, networkLocation: /default-rack, certSerialId: null} with leaderId 
2019-10-09 23:14:41,654 [e0660db2-f32f-4529-820c-e994e15ad9e7@group-FBEAD38E08F3-LeaderElection4] INFO  segmented.SegmentedRaftLogWorker (SegmentedRaftLogWorker.java:startLogSegment(385)) - e0660db2-f32f-4529-820c-e994e15ad9e7@group-FBEAD38E08F3-SegmentedRaftLogWorker: Starting segment from index:0
2019-10-09 23:14:41,662 [e0660db2-f32f-4529-820c-e994e15ad9e7@group-FBEAD38E08F3-LeaderElection4] INFO  impl.RaftServerImpl (ServerState.java:setRaftConf(356)) - e0660db2-f32f-4529-820c-e994e15ad9e7@group-FBEAD38E08F3: set configuration 0: [e0660db2-f32f-4529-820c-e994e15ad9e7:192.168.164.207:42825], old=null at 0
2019-10-09 23:14:41,692 [Thread-220] INFO  impl.FollowerState (FollowerState.java:run(108)) - 45d92652-3396-41b7-9b8f-6c58248e1da2@group-B0828147E25B-FollowerState: change to CANDIDATE, lastRpcTime:5019ms, electionTimeout:5019ms
2019-10-09 23:14:41,692 [Thread-220] INFO  impl.RoleInfo (RoleInfo.java:shutdownFollowerState(121)) - 45d92652-3396-41b7-9b8f-6c58248e1da2: shutdown FollowerState
2019-10-09 23:14:41,692 [Thread-220] INFO  impl.RaftServerImpl (RaftServerImpl.java:setRole(170)) - 45d92652-3396-41b7-9b8f-6c58248e1da2@group-B0828147E25B: changes role from  FOLLOWER to CANDIDATE at term 0 for changeToCandidate
2019-10-09 23:14:41,692 [Thread-220] INFO  impl.RoleInfo (RoleInfo.java:updateAndGet(143)) - 45d92652-3396-41b7-9b8f-6c58248e1da2: start LeaderElection
2019-10-09 23:14:41,708 [45d92652-3396-41b7-9b8f-6c58248e1da2@group-B0828147E25B-LeaderElection5] INFO  impl.LeaderElection (LeaderElection.java:askForVotes(178)) - 45d92652-3396-41b7-9b8f-6c58248e1da2@group-B0828147E25B-LeaderElection5: begin an election at term 1 for -1: [45d92652-3396-41b7-9b8f-6c58248e1da2:192.168.164.207:38030], old=null
2019-10-09 23:14:41,708 [45d92652-3396-41b7-9b8f-6c58248e1da2@group-B0828147E25B-LeaderElection5] INFO  impl.RoleInfo (RoleInfo.java:shutdownLeaderElection(134)) - 45d92652-3396-41b7-9b8f-6c58248e1da2: shutdown LeaderElection
2019-10-09 23:14:41,708 [45d92652-3396-41b7-9b8f-6c58248e1da2@group-B0828147E25B-LeaderElection5] INFO  impl.RaftServerImpl (RaftServerImpl.java:setRole(170)) - 45d92652-3396-41b7-9b8f-6c58248e1da2@group-B0828147E25B: changes role from CANDIDATE to LEADER at term 1 for changeToLeader
2019-10-09 23:14:41,709 [45d92652-3396-41b7-9b8f-6c58248e1da2@group-B0828147E25B-LeaderElection5] INFO  ratis.XceiverServerRatis (XceiverServerRatis.java:handleLeaderChangedNotification(702)) - Leader change notification received for group: group-B0828147E25B with new leaderId: 45d92652-3396-41b7-9b8f-6c58248e1da2
2019-10-09 23:14:41,709 [45d92652-3396-41b7-9b8f-6c58248e1da2@group-B0828147E25B-LeaderElection5] INFO  impl.RaftServerImpl (ServerState.java:setLeader(255)) - 45d92652-3396-41b7-9b8f-6c58248e1da2@group-B0828147E25B: change Leader from null to 45d92652-3396-41b7-9b8f-6c58248e1da2 at term 1 for becomeLeader, leader elected after 5042ms
2019-10-09 23:14:41,710 [45d92652-3396-41b7-9b8f-6c58248e1da2@group-B0828147E25B-LeaderElection5] INFO  server.RaftServerConfigKeys (ConfUtils.java:logGet(43)) - raft.server.staging.catchup.gap = 1000 (default)
2019-10-09 23:14:41,710 [45d92652-3396-41b7-9b8f-6c58248e1da2@group-B0828147E25B-LeaderElection5] INFO  server.RaftServerConfigKeys (ConfUtils.java:logGet(43)) - raft.server.rpc.sleep.time = 25ms (default)
2019-10-09 23:14:41,710 [45d92652-3396-41b7-9b8f-6c58248e1da2@group-B0828147E25B-LeaderElection5] INFO  server.RaftServerConfigKeys (ConfUtils.java:logGet(43)) - raft.server.write.element-limit = 4096 (default)
2019-10-09 23:14:41,711 [45d92652-3396-41b7-9b8f-6c58248e1da2@group-B0828147E25B-LeaderElection5] INFO  server.RaftServerConfigKeys (ConfUtils.java:logGet(43)) - raft.server.watch.timeout = 10s (default)
2019-10-09 23:14:41,711 [45d92652-3396-41b7-9b8f-6c58248e1da2@group-B0828147E25B-LeaderElection5] INFO  server.RaftServerConfigKeys (ConfUtils.java:logGet(43)) - raft.server.watch.timeout.denomination = 1s (default)
2019-10-09 23:14:41,711 [45d92652-3396-41b7-9b8f-6c58248e1da2@group-B0828147E25B-LeaderElection5] INFO  server.RaftServerConfigKeys (ConfUtils.java:logGet(43)) - raft.server.watch.element-limit = 65536 (default)
2019-10-09 23:14:41,711 [EventQueue-PipelineReportForPipelineReportHandler] INFO  pipeline.PipelineReportHandler (PipelineReportHandler.java:processPipelineReport(120)) - Pipeline PipelineID=9710e888-e1cc-49d1-bdd1-92ad35c80e49 reported by 45d92652-3396-41b7-9b8f-6c58248e1da2{ip: 192.168.164.207, host: pr-hdds-1868-7c4vz-2804340038, networkLocation: /default-rack, certSerialId: null} with leaderId 
2019-10-09 23:14:41,712 [EventQueue-PipelineReportForPipelineReportHandler] INFO  pipeline.PipelineReportHandler (PipelineReportHandler.java:processPipelineReport(120)) - Pipeline PipelineID=4100d82e-a828-49ca-ad7c-b0828147e25b reported by 45d92652-3396-41b7-9b8f-6c58248e1da2{ip: 192.168.164.207, host: pr-hdds-1868-7c4vz-2804340038, networkLocation: /default-rack, certSerialId: null} with leaderId 45d92652-3396-41b7-9b8f-6c58248e1da2
2019-10-09 23:14:41,712 [EventQueue-PipelineReportForPipelineReportHandler] INFO  pipeline.PipelineStateManager (PipelineStateManager.java:openPipeline(136)) - Pipeline Pipeline[ Id: 4100d82e-a828-49ca-ad7c-b0828147e25b, Nodes: 45d92652-3396-41b7-9b8f-6c58248e1da2{ip: 192.168.164.207, host: pr-hdds-1868-7c4vz-2804340038, networkLocation: /default-rack, certSerialId: null}, Type:RATIS, Factor:ONE, State:OPEN] moved to OPEN state
2019-10-09 23:14:41,714 [45d92652-3396-41b7-9b8f-6c58248e1da2@group-B0828147E25B-LeaderElection5] INFO  impl.RoleInfo (RoleInfo.java:updateAndGet(143)) - 45d92652-3396-41b7-9b8f-6c58248e1da2: start LeaderState
2019-10-09 23:14:41,714 [45d92652-3396-41b7-9b8f-6c58248e1da2@group-B0828147E25B-LeaderElection5] INFO  segmented.SegmentedRaftLogWorker (SegmentedRaftLogWorker.java:startLogSegment(385)) - 45d92652-3396-41b7-9b8f-6c58248e1da2@group-B0828147E25B-SegmentedRaftLogWorker: Starting segment from index:0
2019-10-09 23:14:41,715 [45d92652-3396-41b7-9b8f-6c58248e1da2@group-B0828147E25B-LeaderElection5] INFO  impl.RaftServerImpl (ServerState.java:setRaftConf(356)) - 45d92652-3396-41b7-9b8f-6c58248e1da2@group-B0828147E25B: set configuration 0: [45d92652-3396-41b7-9b8f-6c58248e1da2:192.168.164.207:38030], old=null at 0
2019-10-09 23:14:41,769 [Thread-216] INFO  impl.FollowerState (FollowerState.java:run(108)) - fdee42a1-84ef-4e78-88cb-8a42c5a899c2@group-AB94E7A42471-FollowerState: change to CANDIDATE, lastRpcTime:5169ms, electionTimeout:5169ms
2019-10-09 23:14:41,769 [Thread-216] INFO  impl.RoleInfo (RoleInfo.java:shutdownFollowerState(121)) - fdee42a1-84ef-4e78-88cb-8a42c5a899c2: shutdown FollowerState
2019-10-09 23:14:41,769 [Thread-216] INFO  impl.RaftServerImpl (RaftServerImpl.java:setRole(170)) - fdee42a1-84ef-4e78-88cb-8a42c5a899c2@group-AB94E7A42471: changes role from  FOLLOWER to CANDIDATE at term 0 for changeToCandidate
2019-10-09 23:14:41,769 [Thread-216] INFO  impl.RoleInfo (RoleInfo.java:updateAndGet(143)) - fdee42a1-84ef-4e78-88cb-8a42c5a899c2: start LeaderElection
2019-10-09 23:14:41,785 [fdee42a1-84ef-4e78-88cb-8a42c5a899c2@group-AB94E7A42471-LeaderElection6] INFO  impl.LeaderElection (LeaderElection.java:askForVotes(178)) - fdee42a1-84ef-4e78-88cb-8a42c5a899c2@group-AB94E7A42471-LeaderElection6: begin an election at term 1 for -1: [fdee42a1-84ef-4e78-88cb-8a42c5a899c2:192.168.164.207:39873], old=null
2019-10-09 23:14:41,785 [fdee42a1-84ef-4e78-88cb-8a42c5a899c2@group-AB94E7A42471-LeaderElection6] INFO  impl.RoleInfo (RoleInfo.java:shutdownLeaderElection(134)) - fdee42a1-84ef-4e78-88cb-8a42c5a899c2: shutdown LeaderElection
2019-10-09 23:14:41,785 [fdee42a1-84ef-4e78-88cb-8a42c5a899c2@group-AB94E7A42471-LeaderElection6] INFO  impl.RaftServerImpl (RaftServerImpl.java:setRole(170)) - fdee42a1-84ef-4e78-88cb-8a42c5a899c2@group-AB94E7A42471: changes role from CANDIDATE to LEADER at term 1 for changeToLeader
2019-10-09 23:14:41,785 [fdee42a1-84ef-4e78-88cb-8a42c5a899c2@group-AB94E7A42471-LeaderElection6] INFO  ratis.XceiverServerRatis (XceiverServerRatis.java:handleLeaderChangedNotification(702)) - Leader change notification received for group: group-AB94E7A42471 with new leaderId: fdee42a1-84ef-4e78-88cb-8a42c5a899c2
2019-10-09 23:14:41,787 [fdee42a1-84ef-4e78-88cb-8a42c5a899c2@group-AB94E7A42471-LeaderElection6] INFO  impl.RaftServerImpl (ServerState.java:setLeader(255)) - fdee42a1-84ef-4e78-88cb-8a42c5a899c2@group-AB94E7A42471: change Leader from null to fdee42a1-84ef-4e78-88cb-8a42c5a899c2 at term 1 for becomeLeader, leader elected after 5194ms
2019-10-09 23:14:41,787 [fdee42a1-84ef-4e78-88cb-8a42c5a899c2@group-AB94E7A42471-LeaderElection6] INFO  server.RaftServerConfigKeys (ConfUtils.java:logGet(43)) - raft.server.staging.catchup.gap = 1000 (default)
2019-10-09 23:14:41,787 [fdee42a1-84ef-4e78-88cb-8a42c5a899c2@group-AB94E7A42471-LeaderElection6] INFO  server.RaftServerConfigKeys (ConfUtils.java:logGet(43)) - raft.server.rpc.sleep.time = 25ms (default)
2019-10-09 23:14:41,787 [fdee42a1-84ef-4e78-88cb-8a42c5a899c2@group-AB94E7A42471-LeaderElection6] INFO  server.RaftServerConfigKeys (ConfUtils.java:logGet(43)) - raft.server.write.element-limit = 4096 (default)
2019-10-09 23:14:41,787 [fdee42a1-84ef-4e78-88cb-8a42c5a899c2@group-AB94E7A42471-LeaderElection6] INFO  server.RaftServerConfigKeys (ConfUtils.java:logGet(43)) - raft.server.watch.timeout = 10s (default)
2019-10-09 23:14:41,788 [fdee42a1-84ef-4e78-88cb-8a42c5a899c2@group-AB94E7A42471-LeaderElection6] INFO  server.RaftServerConfigKeys (ConfUtils.java:logGet(43)) - raft.server.watch.timeout.denomination = 1s (default)
2019-10-09 23:14:41,789 [fdee42a1-84ef-4e78-88cb-8a42c5a899c2@group-AB94E7A42471-LeaderElection6] INFO  server.RaftServerConfigKeys (ConfUtils.java:logGet(43)) - raft.server.watch.element-limit = 65536 (default)
2019-10-09 23:14:41,789 [EventQueue-PipelineReportForPipelineReportHandler] INFO  pipeline.PipelineReportHandler (PipelineReportHandler.java:processPipelineReport(120)) - Pipeline PipelineID=9710e888-e1cc-49d1-bdd1-92ad35c80e49 reported by fdee42a1-84ef-4e78-88cb-8a42c5a899c2{ip: 192.168.164.207, host: pr-hdds-1868-7c4vz-2804340038, networkLocation: /default-rack, certSerialId: null} with leaderId 
2019-10-09 23:14:41,789 [EventQueue-PipelineReportForPipelineReportHandler] INFO  pipeline.PipelineStateManager (PipelineStateManager.java:openPipeline(136)) - Pipeline Pipeline[ Id: 9710e888-e1cc-49d1-bdd1-92ad35c80e49, Nodes: 45d92652-3396-41b7-9b8f-6c58248e1da2{ip: 192.168.164.207, host: pr-hdds-1868-7c4vz-2804340038, networkLocation: /default-rack, certSerialId: null}e0660db2-f32f-4529-820c-e994e15ad9e7{ip: 192.168.164.207, host: pr-hdds-1868-7c4vz-2804340038, networkLocation: /default-rack, certSerialId: null}fdee42a1-84ef-4e78-88cb-8a42c5a899c2{ip: 192.168.164.207, host: pr-hdds-1868-7c4vz-2804340038, networkLocation: /default-rack, certSerialId: null}, Type:RATIS, Factor:THREE, State:OPEN] moved to OPEN state
2019-10-09 23:14:41,790 [EventQueue-PipelineReportForPipelineReportHandler] INFO  pipeline.PipelineReportHandler (PipelineReportHandler.java:processPipelineReport(120)) - Pipeline PipelineID=ee975b06-839c-4c57-be47-ab94e7a42471 reported by fdee42a1-84ef-4e78-88cb-8a42c5a899c2{ip: 192.168.164.207, host: pr-hdds-1868-7c4vz-2804340038, networkLocation: /default-rack, certSerialId: null} with leaderId fdee42a1-84ef-4e78-88cb-8a42c5a899c2
2019-10-09 23:14:41,790 [EventQueue-PipelineReportForPipelineReportHandler] INFO  pipeline.PipelineStateManager (PipelineStateManager.java:openPipeline(136)) - Pipeline Pipeline[ Id: ee975b06-839c-4c57-be47-ab94e7a42471, Nodes: fdee42a1-84ef-4e78-88cb-8a42c5a899c2{ip: 192.168.164.207, host: pr-hdds-1868-7c4vz-2804340038, networkLocation: /default-rack, certSerialId: null}, Type:RATIS, Factor:ONE, State:OPEN] moved to OPEN state
2019-10-09 23:14:41,791 [fdee42a1-84ef-4e78-88cb-8a42c5a899c2@group-AB94E7A42471-LeaderElection6] INFO  impl.RoleInfo (RoleInfo.java:updateAndGet(143)) - fdee42a1-84ef-4e78-88cb-8a42c5a899c2: start LeaderState
2019-10-09 23:14:41,792 [fdee42a1-84ef-4e78-88cb-8a42c5a899c2@group-AB94E7A42471-LeaderElection6] INFO  segmented.SegmentedRaftLogWorker (SegmentedRaftLogWorker.java:startLogSegment(385)) - fdee42a1-84ef-4e78-88cb-8a42c5a899c2@group-AB94E7A42471-SegmentedRaftLogWorker: Starting segment from index:0
2019-10-09 23:14:41,792 [fdee42a1-84ef-4e78-88cb-8a42c5a899c2@group-AB94E7A42471-LeaderElection6] INFO  impl.RaftServerImpl (ServerState.java:setRaftConf(356)) - fdee42a1-84ef-4e78-88cb-8a42c5a899c2@group-AB94E7A42471: set configuration 0: [fdee42a1-84ef-4e78-88cb-8a42c5a899c2:192.168.164.207:39873], old=null at 0
2019-10-09 23:14:41,833 [45d92652-3396-41b7-9b8f-6c58248e1da2@group-B0828147E25B-SegmentedRaftLogWorker] INFO  segmented.SegmentedRaftLogWorker (SegmentedRaftLogWorker.java:execute(576)) - 45d92652-3396-41b7-9b8f-6c58248e1da2@group-B0828147E25B-SegmentedRaftLogWorker: created new log segment /workdir/hadoop-ozone/integration-test/target/test-dir/MiniOzoneClusterImpl-e385a4c1-c95f-41f6-a4f8-a3d6a12eb9e0/datanode-0/data/ratis/4100d82e-a828-49ca-ad7c-b0828147e25b/current/log_inprogress_0
2019-10-09 23:14:41,833 [fdee42a1-84ef-4e78-88cb-8a42c5a899c2@group-AB94E7A42471-SegmentedRaftLogWorker] INFO  segmented.SegmentedRaftLogWorker (SegmentedRaftLogWorker.java:execute(576)) - fdee42a1-84ef-4e78-88cb-8a42c5a899c2@group-AB94E7A42471-SegmentedRaftLogWorker: created new log segment /workdir/hadoop-ozone/integration-test/target/test-dir/MiniOzoneClusterImpl-e385a4c1-c95f-41f6-a4f8-a3d6a12eb9e0/datanode-1/data/ratis/ee975b06-839c-4c57-be47-ab94e7a42471/current/log_inprogress_0
2019-10-09 23:14:41,833 [e0660db2-f32f-4529-820c-e994e15ad9e7@group-FBEAD38E08F3-SegmentedRaftLogWorker] INFO  segmented.SegmentedRaftLogWorker (SegmentedRaftLogWorker.java:execute(576)) - e0660db2-f32f-4529-820c-e994e15ad9e7@group-FBEAD38E08F3-SegmentedRaftLogWorker: created new log segment /workdir/hadoop-ozone/integration-test/target/test-dir/MiniOzoneClusterImpl-e385a4c1-c95f-41f6-a4f8-a3d6a12eb9e0/datanode-2/data/ratis/44fc74d1-5b65-4d8c-98b0-fbead38e08f3/current/log_inprogress_0
2019-10-09 23:14:42,174 [main] INFO  ozone.MiniOzoneClusterImpl (MiniOzoneClusterImpl.java:lambda$waitForClusterToBeReady$2(172)) - Cluster is ready. Got 3 of 3 DN Heartbeats.
2019-10-09 23:14:42,176 [main] INFO  pipeline.SCMPipelineManager (SCMPipelineManager.java:finalizeAndDestroyPipeline(315)) - destroying pipeline:Pipeline[ Id: 44fc74d1-5b65-4d8c-98b0-fbead38e08f3, Nodes: e0660db2-f32f-4529-820c-e994e15ad9e7{ip: 192.168.164.207, host: pr-hdds-1868-7c4vz-2804340038, networkLocation: /default-rack, certSerialId: null}, Type:RATIS, Factor:ONE, State:OPEN]
2019-10-09 23:14:42,177 [main] INFO  pipeline.PipelineStateManager (PipelineStateManager.java:finalizePipeline(123)) - Pipeline Pipeline[ Id: 44fc74d1-5b65-4d8c-98b0-fbead38e08f3, Nodes: e0660db2-f32f-4529-820c-e994e15ad9e7{ip: 192.168.164.207, host: pr-hdds-1868-7c4vz-2804340038, networkLocation: /default-rack, certSerialId: null}, Type:RATIS, Factor:ONE, State:CLOSED] moved to CLOSED state
2019-10-09 23:14:42,184 [grpc-default-executor-2] INFO  impl.RaftServerProxy (RaftServerProxy.java:remove(95)) - e0660db2-f32f-4529-820c-e994e15ad9e7: remove    LEADER e0660db2-f32f-4529-820c-e994e15ad9e7@group-FBEAD38E08F3:t1, leader=e0660db2-f32f-4529-820c-e994e15ad9e7, voted=e0660db2-f32f-4529-820c-e994e15ad9e7, raftlog=e0660db2-f32f-4529-820c-e994e15ad9e7@group-FBEAD38E08F3-SegmentedRaftLog:OPENED:c0,f0,i0, conf=0: [e0660db2-f32f-4529-820c-e994e15ad9e7:192.168.164.207:42825], old=null RUNNING
2019-10-09 23:14:42,185 [grpc-default-executor-2] INFO  impl.RaftServerImpl (RaftServerImpl.java:lambda$shutdown$3(247)) - e0660db2-f32f-4529-820c-e994e15ad9e7@group-FBEAD38E08F3: shutdown
2019-10-09 23:14:42,186 [grpc-default-executor-2] INFO  util.JmxRegister (JmxRegister.java:unregister(73)) - Successfully un-registered JMX Bean with object name Ratis:service=RaftServer,group=group-FBEAD38E08F3,id=e0660db2-f32f-4529-820c-e994e15ad9e7
2019-10-09 23:14:42,186 [grpc-default-executor-2] INFO  impl.RoleInfo (RoleInfo.java:shutdownLeaderState(104)) - e0660db2-f32f-4529-820c-e994e15ad9e7: shutdown LeaderState
2019-10-09 23:14:42,186 [grpc-default-executor-2] INFO  impl.PendingRequests (PendingRequests.java:sendNotLeaderResponses(202)) - e0660db2-f32f-4529-820c-e994e15ad9e7@group-FBEAD38E08F3-PendingRequests: sendNotLeaderResponses
2019-10-09 23:14:42,188 [grpc-default-executor-2] INFO  impl.StateMachineUpdater (StateMachineUpdater.java:stopAndJoin(136)) - e0660db2-f32f-4529-820c-e994e15ad9e7@group-FBEAD38E08F3-StateMachineUpdater: set stopIndex = 0
2019-10-09 23:14:42,191 [grpc-default-executor-2] INFO  impl.RaftServerImpl (ServerState.java:close(387)) - e0660db2-f32f-4529-820c-e994e15ad9e7@group-FBEAD38E08F3: closes. applyIndex: 0
2019-10-09 23:14:42,191 [e0660db2-f32f-4529-820c-e994e15ad9e7@group-FBEAD38E08F3-SegmentedRaftLogWorker] INFO  segmented.SegmentedRaftLogWorker (SegmentedRaftLogWorker.java:run(316)) - e0660db2-f32f-4529-820c-e994e15ad9e7@group-FBEAD38E08F3-SegmentedRaftLogWorker was interrupted, exiting. There are 0 tasks remaining in the queue.
2019-10-09 23:14:42,193 [grpc-default-executor-2] INFO  segmented.SegmentedRaftLogWorker (SegmentedRaftLogWorker.java:close(224)) - e0660db2-f32f-4529-820c-e994e15ad9e7@group-FBEAD38E08F3-SegmentedRaftLogWorker close()
2019-10-09 23:14:42,198 [main] INFO  pipeline.PipelineStateManager (PipelineStateManager.java:removePipeline(108)) - Pipeline Pipeline[ Id: 44fc74d1-5b65-4d8c-98b0-fbead38e08f3, Nodes: e0660db2-f32f-4529-820c-e994e15ad9e7{ip: 192.168.164.207, host: pr-hdds-1868-7c4vz-2804340038, networkLocation: /default-rack, certSerialId: null}, Type:RATIS, Factor:ONE, State:CLOSED] removed from db
2019-10-09 23:14:42,218 [grpc-default-executor-2] INFO  impl.RaftServerProxy (RaftServerProxy.java:addNew(89)) - e0660db2-f32f-4529-820c-e994e15ad9e7: addNew group-F442790225BC:[e0660db2-f32f-4529-820c-e994e15ad9e7:192.168.164.207:42825] returns group-F442790225BC:java.util.concurrent.CompletableFuture@74345bce[Not completed]
2019-10-09 23:14:42,221 [pool-47-thread-1] INFO  impl.RaftServerImpl (RaftServerImpl.java:<init>(95)) - e0660db2-f32f-4529-820c-e994e15ad9e7: new RaftServerImpl for group-F442790225BC:[e0660db2-f32f-4529-820c-e994e15ad9e7:192.168.164.207:42825] with ContainerStateMachine:uninitialized
2019-10-09 23:14:42,222 [pool-47-thread-1] INFO  server.RaftServerConfigKeys (ConfUtils.java:logGet(43)) - raft.server.rpc.timeout.min = 5s (custom)
2019-10-09 23:14:42,222 [pool-47-thread-1] INFO  server.RaftServerConfigKeys (ConfUtils.java:logGet(43)) - raft.server.rpc.timeout.max = 5200ms (custom)
2019-10-09 23:14:42,222 [pool-47-thread-1] INFO  server.RaftServerConfigKeys (ConfUtils.java:logGet(43)) - raft.server.rpcslowness.timeout = 120s (custom)
2019-10-09 23:14:42,223 [pool-47-thread-1] INFO  server.RaftServerConfigKeys (ConfUtils.java:logGet(43)) - raft.server.sleep.deviation.threshold = 300 (default)
2019-10-09 23:14:42,223 [pool-47-thread-1] INFO  server.RaftServerConfigKeys (ConfUtils.java:logGet(43)) - raft.server.log.appender.install.snapshot.enabled = false (custom)
2019-10-09 23:14:42,223 [pool-47-thread-1] INFO  impl.RaftServerImpl (ServerState.java:<init>(103)) - e0660db2-f32f-4529-820c-e994e15ad9e7@group-F442790225BC: ConfigurationManager, init=-1: [e0660db2-f32f-4529-820c-e994e15ad9e7:192.168.164.207:42825], old=null, confs=<EMPTY_MAP>
2019-10-09 23:14:42,223 [pool-47-thread-1] INFO  server.RaftServerConfigKeys (ConfUtils.java:logGet(43)) - raft.server.storage.dir = [/workdir/hadoop-ozone/integration-test/target/test-dir/MiniOzoneClusterImpl-e385a4c1-c95f-41f6-a4f8-a3d6a12eb9e0/datanode-2/data/ratis] (custom)
2019-10-09 23:14:42,224 [pool-47-thread-1] INFO  server.RaftServerConfigKeys (ConfUtils.java:logGet(43)) - raft.server.log.corruption.policy = EXCEPTION (default)
2019-10-09 23:14:42,224 [pool-47-thread-1] INFO  storage.RaftStorageDirectory (RaftStorageDirectory.java:analyzeStorage(246)) - The storage directory /workdir/hadoop-ozone/integration-test/target/test-dir/MiniOzoneClusterImpl-e385a4c1-c95f-41f6-a4f8-a3d6a12eb9e0/datanode-2/data/ratis/493fb58c-e07b-4068-991c-f442790225bc does not exist. Creating ...
2019-10-09 23:14:42,237 [pool-47-thread-1] INFO  storage.RaftStorageDirectory (RaftStorageDirectory.java:tryLock(328)) - Lock on /workdir/hadoop-ozone/integration-test/target/test-dir/MiniOzoneClusterImpl-e385a4c1-c95f-41f6-a4f8-a3d6a12eb9e0/datanode-2/data/ratis/493fb58c-e07b-4068-991c-f442790225bc/in_use.lock acquired by nodename 1712@pr-hdds-1868-7c4vz-2804340038
2019-10-09 23:14:42,251 [pool-47-thread-1] INFO  storage.RaftStorage (RaftStorage.java:format(84)) - Storage directory /workdir/hadoop-ozone/integration-test/target/test-dir/MiniOzoneClusterImpl-e385a4c1-c95f-41f6-a4f8-a3d6a12eb9e0/datanode-2/data/ratis/493fb58c-e07b-4068-991c-f442790225bc has been successfully formatted.
2019-10-09 23:14:42,251 [pool-47-thread-1] INFO  ratis.ContainerStateMachine (ContainerStateMachine.java:loadSnapshot(233)) - group-F442790225BC: The snapshot info is null. Setting the last applied indexto:(t:0, i:~)
2019-10-09 23:14:42,251 [pool-47-thread-1] INFO  server.RaftServerConfigKeys (ConfUtils.java:logGet(43)) - raft.server.notification.no-leader.timeout = 120s (custom)
2019-10-09 23:14:42,252 [pool-47-thread-1] INFO  server.RaftServerConfigKeys (ConfUtils.java:logGet(43)) - raft.server.log.use.memory = false (default)
2019-10-09 23:14:42,252 [pool-47-thread-1] INFO  server.RaftServerConfigKeys (ConfUtils.java:logGet(43)) - raft.server.log.purge.gap = 1000000 (custom)
2019-10-09 23:14:42,252 [pool-47-thread-1] INFO  server.RaftServerConfigKeys (ConfUtils.java:logGet(43)) - raft.server.log.appender.buffer.byte-limit = 33554432 (custom)
2019-10-09 23:14:42,252 [pool-47-thread-1] INFO  server.RaftServerConfigKeys (ConfUtils.java:logGet(43)) - raft.server.log.segment.size.max = 1048576 (custom)
2019-10-09 23:14:42,252 [pool-47-thread-1] INFO  server.RaftServerConfigKeys (ConfUtils.java:logGet(43)) - raft.server.log.segment.cache.num.max = 2 (custom)
2019-10-09 23:14:42,252 [pool-47-thread-1] INFO  segmented.SegmentedRaftLogWorker (SegmentedRaftLogWorker.java:<init>(173)) - new e0660db2-f32f-4529-820c-e994e15ad9e7@group-F442790225BC-SegmentedRaftLogWorker for RaftStorage:Storage Directory /workdir/hadoop-ozone/integration-test/target/test-dir/MiniOzoneClusterImpl-e385a4c1-c95f-41f6-a4f8-a3d6a12eb9e0/datanode-2/data/ratis/493fb58c-e07b-4068-991c-f442790225bc
2019-10-09 23:14:42,252 [pool-47-thread-1] INFO  server.RaftServerConfigKeys (ConfUtils.java:logGet(43)) - raft.server.log.queue.byte-limit = 2147483647 (custom)
2019-10-09 23:14:42,253 [pool-47-thread-1] INFO  server.RaftServerConfigKeys (ConfUtils.java:logGet(43)) - raft.server.log.queue.element-limit = 1024 (custom)
2019-10-09 23:14:42,253 [pool-47-thread-1] INFO  server.RaftServerConfigKeys (ConfUtils.java:logGet(43)) - raft.server.log.segment.size.max = 1048576 (custom)
2019-10-09 23:14:42,253 [pool-47-thread-1] INFO  server.RaftServerConfigKeys (ConfUtils.java:logGet(43)) - raft.server.log.preallocated.size = 16384 (custom)
2019-10-09 23:14:42,253 [pool-47-thread-1] INFO  server.RaftServerConfigKeys (ConfUtils.java:logGet(43)) - raft.server.log.write.buffer.size = 33554432 (custom)
2019-10-09 23:14:42,253 [pool-47-thread-1] INFO  server.RaftServerConfigKeys (ConfUtils.java:logGet(43)) - raft.server.log.force.sync.num = 128 (default)
2019-10-09 23:14:42,253 [pool-47-thread-1] INFO  server.RaftServerConfigKeys (ConfUtils.java:logGet(43)) - raft.server.log.statemachine.data.sync = true (default)
2019-10-09 23:14:42,253 [pool-47-thread-1] INFO  server.RaftServerConfigKeys (ConfUtils.java:logGet(43)) - raft.server.log.statemachine.data.sync.timeout = 10s (default)
2019-10-09 23:14:42,253 [pool-47-thread-1] INFO  server.RaftServerConfigKeys (ConfUtils.java:logGet(43)) - raft.server.log.statemachine.data.sync.timeout.retry = -1 (default)
2019-10-09 23:14:42,254 [pool-47-thread-1] INFO  server.RaftServerConfigKeys (ConfUtils.java:logGet(43)) - raft.server.log.statemachine.data.caching.enabled = true (custom)
2019-10-09 23:14:42,254 [pool-47-thread-1] INFO  segmented.SegmentedRaftLogWorker (SegmentedRaftLogWorker.java:lambda$new$0(128)) - e0660db2-f32f-4529-820c-e994e15ad9e7@group-F442790225BC-SegmentedRaftLogWorker: flushIndex: setUnconditionally 0 -> -1
2019-10-09 23:14:42,254 [pool-47-thread-1] INFO  server.RaftServerConfigKeys (ConfUtils.java:logGet(43)) - raft.server.snapshot.auto.trigger.enabled = true (custom)
2019-10-09 23:14:42,254 [pool-47-thread-1] INFO  server.RaftServerConfigKeys (ConfUtils.java:logGet(43)) - raft.server.snapshot.auto.trigger.threshold = 10000 (custom)
2019-10-09 23:14:42,255 [pool-47-thread-1] INFO  server.RaftServerConfigKeys (ConfUtils.java:logGet(43)) - raft.server.snapshot.retention.file.num = 5 (custom)
2019-10-09 23:14:42,255 [pool-47-thread-1] INFO  server.RaftServerConfigKeys (ConfUtils.java:logGet(43)) - raft.server.retrycache.expirytime = 600000ms (custom)
2019-10-09 23:14:42,257 [pool-47-thread-1] INFO  impl.RaftServerImpl (RaftServerImpl.java:start(181)) - e0660db2-f32f-4529-820c-e994e15ad9e7@group-F442790225BC: start as a follower, conf=-1: [e0660db2-f32f-4529-820c-e994e15ad9e7:192.168.164.207:42825], old=null
2019-10-09 23:14:42,257 [pool-47-thread-1] INFO  impl.RaftServerImpl (RaftServerImpl.java:setRole(170)) - e0660db2-f32f-4529-820c-e994e15ad9e7@group-F442790225BC: changes role from      null to FOLLOWER at term 0 for startAsFollower
2019-10-09 23:14:42,258 [pool-47-thread-1] INFO  impl.RoleInfo (RoleInfo.java:updateAndGet(143)) - e0660db2-f32f-4529-820c-e994e15ad9e7: start FollowerState
2019-10-09 23:14:42,258 [pool-47-thread-1] INFO  util.JmxRegister (JmxRegister.java:tryRegister(44)) - Successfully registered JMX Bean with object name Ratis:service=RaftServer,group=group-F442790225BC,id=e0660db2-f32f-4529-820c-e994e15ad9e7
2019-10-09 23:14:42,265 [RatisPipelineUtilsThread] INFO  pipeline.PipelineStateManager (PipelineStateManager.java:addPipeline(57)) - Created pipeline Pipeline[ Id: 493fb58c-e07b-4068-991c-f442790225bc, Nodes: e0660db2-f32f-4529-820c-e994e15ad9e7{ip: 192.168.164.207, host: pr-hdds-1868-7c4vz-2804340038, networkLocation: /default-rack, certSerialId: null}, Type:RATIS, Factor:ONE, State:ALLOCATED]
2019-10-09 23:14:42,367 [main] INFO  ozone.MiniOzoneClusterImpl (MiniOzoneClusterImpl.java:shutdown(352)) - Shutting down the Mini Ozone Cluster
2019-10-09 23:14:42,367 [main] INFO  ozone.MiniOzoneClusterImpl (MiniOzoneClusterImpl.java:stop(368)) - Stopping the Mini Ozone Cluster
2019-10-09 23:14:42,367 [main] INFO  ozone.MiniOzoneClusterImpl (MiniOzoneClusterImpl.java:stopOM(438)) - Stopping the OzoneManager
2019-10-09 23:14:42,368 [main] INFO  ipc.Server (Server.java:stop(3082)) - Stopping server on 35685
2019-10-09 23:14:42,373 [IPC Server listener on 35685] INFO  ipc.Server (Server.java:run(1185)) - Stopping IPC Server listener on 35685
2019-10-09 23:14:42,376 [main] INFO  ratis.OzoneManagerDoubleBuffer (OzoneManagerDoubleBuffer.java:stop(248)) - Stopping OMDoubleBuffer flush thread
2019-10-09 23:14:42,377 [IPC Server Responder] INFO  ipc.Server (Server.java:run(1319)) - Stopping IPC Server Responder
2019-10-09 23:14:42,385 [OMDoubleBufferFlushThread] INFO  ratis.OzoneManagerDoubleBuffer (OzoneManagerDoubleBuffer.java:flushTransactions(191)) - OMDoubleBuffer flush thread OMDoubleBufferFlushThread is interrupted and will exit. OMDoubleBufferFlushThread
2019-10-09 23:14:42,386 [main] INFO  utils.BackgroundService (BackgroundService.java:shutdown(151)) - Shutting down service KeyDeletingService
2019-10-09 23:14:42,391 [main] INFO  handler.ContextHandler (ContextHandler.java:doStop(910)) - Stopped o.e.j.w.WebAppContext@319854f0{/,null,UNAVAILABLE}{/ozoneManager}
2019-10-09 23:14:42,397 [main] INFO  server.AbstractConnector (AbstractConnector.java:doStop(318)) - Stopped ServerConnector@748fe51d{HTTP/1.1,[http/1.1]}{0.0.0.0:0}
2019-10-09 23:14:42,397 [main] INFO  handler.ContextHandler (ContextHandler.java:doStop(910)) - Stopped o.e.j.s.ServletContextHandler@20ed3303{/static,file:///workdir/hadoop-ozone/integration-test/target/test-classes/webapps/static,UNAVAILABLE}
2019-10-09 23:14:42,398 [main] INFO  handler.ContextHandler (ContextHandler.java:doStop(910)) - Stopped o.e.j.s.ServletContextHandler@1542af63{/logs,file:///workdir/hadoop-ozone/integration-test/target/log,UNAVAILABLE}
2019-10-09 23:14:42,402 [main] INFO  ozone.MiniOzoneClusterImpl (MiniOzoneClusterImpl.java:stopDatanodes(415)) - Stopping the HddsDatanodes
2019-10-09 23:14:42,710 [Datanode State Machine Thread - 0] INFO  statemachine.DatanodeStateMachine (DatanodeStateMachine.java:lambda$startDaemon$0(350)) - Ozone container server started.
2019-10-09 23:14:42,787 [Datanode State Machine Thread - 0] INFO  statemachine.DatanodeStateMachine (DatanodeStateMachine.java:lambda$startDaemon$0(350)) - Ozone container server started.
2019-10-09 23:14:46,735 [Thread-233] INFO  impl.FollowerState (FollowerState.java:run(108)) - 45d92652-3396-41b7-9b8f-6c58248e1da2@group-92AD35C80E49-FollowerState: change to CANDIDATE, lastRpcTime:5114ms, electionTimeout:5111ms
2019-10-09 23:14:46,735 [Thread-233] INFO  impl.RoleInfo (RoleInfo.java:shutdownFollowerState(121)) - 45d92652-3396-41b7-9b8f-6c58248e1da2: shutdown FollowerState
2019-10-09 23:14:46,735 [Thread-233] INFO  impl.RaftServerImpl (RaftServerImpl.java:setRole(170)) - 45d92652-3396-41b7-9b8f-6c58248e1da2@group-92AD35C80E49: changes role from  FOLLOWER to CANDIDATE at term 1 for changeToCandidate
2019-10-09 23:14:46,736 [Thread-233] INFO  impl.RoleInfo (RoleInfo.java:updateAndGet(143)) - 45d92652-3396-41b7-9b8f-6c58248e1da2: start LeaderElection
2019-10-09 23:14:46,744 [Thread-234] INFO  impl.FollowerState (FollowerState.java:run(108)) - e0660db2-f32f-4529-820c-e994e15ad9e7@group-92AD35C80E49-FollowerState: change to CANDIDATE, lastRpcTime:5123ms, electionTimeout:5120ms
2019-10-09 23:14:46,744 [Thread-234] INFO  impl.RoleInfo (RoleInfo.java:shutdownFollowerState(121)) - e0660db2-f32f-4529-820c-e994e15ad9e7: shutdown FollowerState
2019-10-09 23:14:46,744 [Thread-234] INFO  impl.RaftServerImpl (RaftServerImpl.java:setRole(170)) - e0660db2-f32f-4529-820c-e994e15ad9e7@group-92AD35C80E49: changes role from  FOLLOWER to CANDIDATE at term 1 for changeToCandidate
2019-10-09 23:14:46,744 [Thread-234] INFO  impl.RoleInfo (RoleInfo.java:updateAndGet(143)) - e0660db2-f32f-4529-820c-e994e15ad9e7: start LeaderElection
2019-10-09 23:14:46,815 [Thread-232] INFO  impl.FollowerState (FollowerState.java:run(108)) - fdee42a1-84ef-4e78-88cb-8a42c5a899c2@group-92AD35C80E49-FollowerState: change to CANDIDATE, lastRpcTime:5195ms, electionTimeout:5192ms
2019-10-09 23:14:46,815 [Thread-232] INFO  impl.RoleInfo (RoleInfo.java:shutdownFollowerState(121)) - fdee42a1-84ef-4e78-88cb-8a42c5a899c2: shutdown FollowerState
2019-10-09 23:14:46,815 [Thread-232] INFO  impl.RaftServerImpl (RaftServerImpl.java:setRole(170)) - fdee42a1-84ef-4e78-88cb-8a42c5a899c2@group-92AD35C80E49: changes role from  FOLLOWER to CANDIDATE at term 1 for changeToCandidate
2019-10-09 23:14:46,816 [Thread-232] INFO  impl.RoleInfo (RoleInfo.java:updateAndGet(143)) - fdee42a1-84ef-4e78-88cb-8a42c5a899c2: start LeaderElection
2019-10-09 23:14:46,821 [45d92652-3396-41b7-9b8f-6c58248e1da2@group-92AD35C80E49-LeaderElection7] INFO  impl.LeaderElection (LeaderElection.java:askForVotes(178)) - 45d92652-3396-41b7-9b8f-6c58248e1da2@group-92AD35C80E49-LeaderElection7: begin an election at term 2 for -1: [e0660db2-f32f-4529-820c-e994e15ad9e7:192.168.164.207:42825, 45d92652-3396-41b7-9b8f-6c58248e1da2:192.168.164.207:38030, fdee42a1-84ef-4e78-88cb-8a42c5a899c2:192.168.164.207:39873], old=null
2019-10-09 23:14:46,821 [e0660db2-f32f-4529-820c-e994e15ad9e7@group-92AD35C80E49-LeaderElection8] INFO  impl.LeaderElection (LeaderElection.java:askForVotes(178)) - e0660db2-f32f-4529-820c-e994e15ad9e7@group-92AD35C80E49-LeaderElection8: begin an election at term 2 for -1: [e0660db2-f32f-4529-820c-e994e15ad9e7:192.168.164.207:42825, 45d92652-3396-41b7-9b8f-6c58248e1da2:192.168.164.207:38030, fdee42a1-84ef-4e78-88cb-8a42c5a899c2:192.168.164.207:39873], old=null
2019-10-09 23:14:46,833 [fdee42a1-84ef-4e78-88cb-8a42c5a899c2@group-92AD35C80E49-LeaderElection9] INFO  impl.LeaderElection (LeaderElection.java:askForVotes(178)) - fdee42a1-84ef-4e78-88cb-8a42c5a899c2@group-92AD35C80E49-LeaderElection9: begin an election at term 2 for -1: [e0660db2-f32f-4529-820c-e994e15ad9e7:192.168.164.207:42825, 45d92652-3396-41b7-9b8f-6c58248e1da2:192.168.164.207:38030, fdee42a1-84ef-4e78-88cb-8a42c5a899c2:192.168.164.207:39873], old=null
2019-10-09 23:14:46,835 [45d92652-3396-41b7-9b8f-6c58248e1da2@group-92AD35C80E49-LeaderElection7] INFO  impl.LeaderElection (LeaderElection.java:logAndReturn(56)) - 45d92652-3396-41b7-9b8f-6c58248e1da2@group-92AD35C80E49-LeaderElection7: Election REJECTED; received 2 response(s) [45d92652-3396-41b7-9b8f-6c58248e1da2<-e0660db2-f32f-4529-820c-e994e15ad9e7#0:FAIL-t2, 45d92652-3396-41b7-9b8f-6c58248e1da2<-fdee42a1-84ef-4e78-88cb-8a42c5a899c2#0:FAIL-t2] and 0 exception(s); 45d92652-3396-41b7-9b8f-6c58248e1da2@group-92AD35C80E49:t2, leader=null, voted=45d92652-3396-41b7-9b8f-6c58248e1da2, raftlog=45d92652-3396-41b7-9b8f-6c58248e1da2@group-92AD35C80E49-SegmentedRaftLog:OPENED:c-1,f-1,i0, conf=-1: [e0660db2-f32f-4529-820c-e994e15ad9e7:192.168.164.207:42825, 45d92652-3396-41b7-9b8f-6c58248e1da2:192.168.164.207:38030, fdee42a1-84ef-4e78-88cb-8a42c5a899c2:192.168.164.207:39873], old=null
2019-10-09 23:14:46,837 [45d92652-3396-41b7-9b8f-6c58248e1da2@group-92AD35C80E49-LeaderElection7] INFO  impl.RaftServerImpl (RaftServerImpl.java:setRole(170)) - 45d92652-3396-41b7-9b8f-6c58248e1da2@group-92AD35C80E49: changes role from CANDIDATE to FOLLOWER at term 2 for DISCOVERED_A_NEW_TERM
2019-10-09 23:14:46,837 [45d92652-3396-41b7-9b8f-6c58248e1da2@group-92AD35C80E49-LeaderElection7] INFO  impl.RoleInfo (RoleInfo.java:shutdownLeaderElection(134)) - 45d92652-3396-41b7-9b8f-6c58248e1da2: shutdown LeaderElection
2019-10-09 23:14:46,837 [45d92652-3396-41b7-9b8f-6c58248e1da2@group-92AD35C80E49-LeaderElection7] INFO  impl.RoleInfo (RoleInfo.java:updateAndGet(143)) - 45d92652-3396-41b7-9b8f-6c58248e1da2: start FollowerState
2019-10-09 23:14:46,841 [e0660db2-f32f-4529-820c-e994e15ad9e7@group-92AD35C80E49-LeaderElection8] INFO  impl.LeaderElection (LeaderElection.java:logAndReturn(56)) - e0660db2-f32f-4529-820c-e994e15ad9e7@group-92AD35C80E49-LeaderElection8: Election REJECTED; received 2 response(s) [e0660db2-f32f-4529-820c-e994e15ad9e7<-45d92652-3396-41b7-9b8f-6c58248e1da2#0:FAIL-t2, e0660db2-f32f-4529-820c-e994e15ad9e7<-fdee42a1-84ef-4e78-88cb-8a42c5a899c2#0:FAIL-t2] and 0 exception(s); e0660db2-f32f-4529-820c-e994e15ad9e7@group-92AD35C80E49:t2, leader=null, voted=e0660db2-f32f-4529-820c-e994e15ad9e7, raftlog=e0660db2-f32f-4529-820c-e994e15ad9e7@group-92AD35C80E49-SegmentedRaftLog:OPENED:c-1,f-1,i0, conf=-1: [e0660db2-f32f-4529-820c-e994e15ad9e7:192.168.164.207:42825, 45d92652-3396-41b7-9b8f-6c58248e1da2:192.168.164.207:38030, fdee42a1-84ef-4e78-88cb-8a42c5a899c2:192.168.164.207:39873], old=null
2019-10-09 23:14:46,842 [e0660db2-f32f-4529-820c-e994e15ad9e7@group-92AD35C80E49-LeaderElection8] INFO  impl.RaftServerImpl (RaftServerImpl.java:setRole(170)) - e0660db2-f32f-4529-820c-e994e15ad9e7@group-92AD35C80E49: changes role from CANDIDATE to FOLLOWER at term 2 for DISCOVERED_A_NEW_TERM
2019-10-09 23:14:46,845 [e0660db2-f32f-4529-820c-e994e15ad9e7@group-92AD35C80E49-LeaderElection8] INFO  impl.RoleInfo (RoleInfo.java:shutdownLeaderElection(134)) - e0660db2-f32f-4529-820c-e994e15ad9e7: shutdown LeaderElection
2019-10-09 23:14:46,845 [e0660db2-f32f-4529-820c-e994e15ad9e7@group-92AD35C80E49-LeaderElection8] INFO  impl.RoleInfo (RoleInfo.java:updateAndGet(143)) - e0660db2-f32f-4529-820c-e994e15ad9e7: start FollowerState
2019-10-09 23:14:46,847 [fdee42a1-84ef-4e78-88cb-8a42c5a899c2@group-92AD35C80E49-LeaderElection9] INFO  impl.LeaderElection (LeaderElection.java:logAndReturn(56)) - fdee42a1-84ef-4e78-88cb-8a42c5a899c2@group-92AD35C80E49-LeaderElection9: Election REJECTED; received 2 response(s) [fdee42a1-84ef-4e78-88cb-8a42c5a899c2<-e0660db2-f32f-4529-820c-e994e15ad9e7#0:FAIL-t2, fdee42a1-84ef-4e78-88cb-8a42c5a899c2<-45d92652-3396-41b7-9b8f-6c58248e1da2#0:FAIL-t2] and 0 exception(s); fdee42a1-84ef-4e78-88cb-8a42c5a899c2@group-92AD35C80E49:t2, leader=null, voted=fdee42a1-84ef-4e78-88cb-8a42c5a899c2, raftlog=fdee42a1-84ef-4e78-88cb-8a42c5a899c2@group-92AD35C80E49-SegmentedRaftLog:OPENED:c-1,f-1,i0, conf=-1: [e0660db2-f32f-4529-820c-e994e15ad9e7:192.168.164.207:42825, 45d92652-3396-41b7-9b8f-6c58248e1da2:192.168.164.207:38030, fdee42a1-84ef-4e78-88cb-8a42c5a899c2:192.168.164.207:39873], old=null
2019-10-09 23:14:46,848 [fdee42a1-84ef-4e78-88cb-8a42c5a899c2@group-92AD35C80E49-LeaderElection9] INFO  impl.RaftServerImpl (RaftServerImpl.java:setRole(170)) - fdee42a1-84ef-4e78-88cb-8a42c5a899c2@group-92AD35C80E49: changes role from CANDIDATE to FOLLOWER at term 2 for DISCOVERED_A_NEW_TERM
2019-10-09 23:14:46,849 [fdee42a1-84ef-4e78-88cb-8a42c5a899c2@group-92AD35C80E49-LeaderElection9] INFO  impl.RoleInfo (RoleInfo.java:shutdownLeaderElection(134)) - fdee42a1-84ef-4e78-88cb-8a42c5a899c2: shutdown LeaderElection
2019-10-09 23:14:46,849 [fdee42a1-84ef-4e78-88cb-8a42c5a899c2@group-92AD35C80E49-LeaderElection9] INFO  impl.RoleInfo (RoleInfo.java:updateAndGet(143)) - fdee42a1-84ef-4e78-88cb-8a42c5a899c2: start FollowerState
2019-10-09 23:14:47,273 [Thread-242] INFO  impl.FollowerState (FollowerState.java:run(108)) - e0660db2-f32f-4529-820c-e994e15ad9e7@group-F442790225BC-FollowerState: change to CANDIDATE, lastRpcTime:5015ms, electionTimeout:5015ms
2019-10-09 23:14:47,275 [Thread-242] INFO  impl.RoleInfo (RoleInfo.java:shutdownFollowerState(121)) - e0660db2-f32f-4529-820c-e994e15ad9e7: shutdown FollowerState
2019-10-09 23:14:47,275 [Thread-242] INFO  impl.RaftServerImpl (RaftServerImpl.java:setRole(170)) - e0660db2-f32f-4529-820c-e994e15ad9e7@group-F442790225BC: changes role from  FOLLOWER to CANDIDATE at term 0 for changeToCandidate
2019-10-09 23:14:47,275 [Thread-242] INFO  impl.RoleInfo (RoleInfo.java:updateAndGet(143)) - e0660db2-f32f-4529-820c-e994e15ad9e7: start LeaderElection
2019-10-09 23:14:47,291 [e0660db2-f32f-4529-820c-e994e15ad9e7@group-F442790225BC-LeaderElection10] INFO  impl.LeaderElection (LeaderElection.java:askForVotes(178)) - e0660db2-f32f-4529-820c-e994e15ad9e7@group-F442790225BC-LeaderElection10: begin an election at term 1 for -1: [e0660db2-f32f-4529-820c-e994e15ad9e7:192.168.164.207:42825], old=null
2019-10-09 23:14:47,291 [e0660db2-f32f-4529-820c-e994e15ad9e7@group-F442790225BC-LeaderElection10] INFO  impl.RoleInfo (RoleInfo.java:shutdownLeaderElection(134)) - e0660db2-f32f-4529-820c-e994e15ad9e7: shutdown LeaderElection
2019-10-09 23:14:47,292 [e0660db2-f32f-4529-820c-e994e15ad9e7@group-F442790225BC-LeaderElection10] INFO  impl.RaftServerImpl (RaftServerImpl.java:setRole(170)) - e0660db2-f32f-4529-820c-e994e15ad9e7@group-F442790225BC: changes role from CANDIDATE to LEADER at term 1 for changeToLeader
2019-10-09 23:14:47,292 [e0660db2-f32f-4529-820c-e994e15ad9e7@group-F442790225BC-LeaderElection10] INFO  ratis.XceiverServerRatis (XceiverServerRatis.java:handleLeaderChangedNotification(702)) - Leader change notification received for group: group-F442790225BC with new leaderId: e0660db2-f32f-4529-820c-e994e15ad9e7
2019-10-09 23:14:47,292 [e0660db2-f32f-4529-820c-e994e15ad9e7@group-F442790225BC-LeaderElection10] INFO  impl.RaftServerImpl (ServerState.java:setLeader(255)) - e0660db2-f32f-4529-820c-e994e15ad9e7@group-F442790225BC: change Leader from null to e0660db2-f32f-4529-820c-e994e15ad9e7 at term 1 for becomeLeader, leader elected after 5040ms
2019-10-09 23:14:47,292 [e0660db2-f32f-4529-820c-e994e15ad9e7@group-F442790225BC-LeaderElection10] INFO  server.RaftServerConfigKeys (ConfUtils.java:logGet(43)) - raft.server.staging.catchup.gap = 1000 (default)
2019-10-09 23:14:47,292 [e0660db2-f32f-4529-820c-e994e15ad9e7@group-F442790225BC-LeaderElection10] INFO  server.RaftServerConfigKeys (ConfUtils.java:logGet(43)) - raft.server.rpc.sleep.time = 25ms (default)
2019-10-09 23:14:47,293 [e0660db2-f32f-4529-820c-e994e15ad9e7@group-F442790225BC-LeaderElection10] INFO  server.RaftServerConfigKeys (ConfUtils.java:logGet(43)) - raft.server.write.element-limit = 4096 (default)
2019-10-09 23:14:47,294 [e0660db2-f32f-4529-820c-e994e15ad9e7@group-F442790225BC-LeaderElection10] INFO  server.RaftServerConfigKeys (ConfUtils.java:logGet(43)) - raft.server.watch.timeout = 10s (default)
2019-10-09 23:14:47,294 [e0660db2-f32f-4529-820c-e994e15ad9e7@group-F442790225BC-LeaderElection10] INFO  server.RaftServerConfigKeys (ConfUtils.java:logGet(43)) - raft.server.watch.timeout.denomination = 1s (default)
2019-10-09 23:14:47,294 [e0660db2-f32f-4529-820c-e994e15ad9e7@group-F442790225BC-LeaderElection10] INFO  server.RaftServerConfigKeys (ConfUtils.java:logGet(43)) - raft.server.watch.element-limit = 65536 (default)
2019-10-09 23:14:47,295 [EventQueue-PipelineReportForPipelineReportHandler] INFO  pipeline.PipelineReportHandler (PipelineReportHandler.java:processPipelineReport(120)) - Pipeline PipelineID=493fb58c-e07b-4068-991c-f442790225bc reported by e0660db2-f32f-4529-820c-e994e15ad9e7{ip: 192.168.164.207, host: pr-hdds-1868-7c4vz-2804340038, networkLocation: /default-rack, certSerialId: null} with leaderId e0660db2-f32f-4529-820c-e994e15ad9e7
2019-10-09 23:14:47,295 [EventQueue-PipelineReportForPipelineReportHandler] INFO  pipeline.PipelineStateManager (PipelineStateManager.java:openPipeline(136)) - Pipeline Pipeline[ Id: 493fb58c-e07b-4068-991c-f442790225bc, Nodes: e0660db2-f32f-4529-820c-e994e15ad9e7{ip: 192.168.164.207, host: pr-hdds-1868-7c4vz-2804340038, networkLocation: /default-rack, certSerialId: null}, Type:RATIS, Factor:ONE, State:OPEN] moved to OPEN state
2019-10-09 23:14:47,297 [e0660db2-f32f-4529-820c-e994e15ad9e7@group-F442790225BC-LeaderElection10] INFO  impl.RoleInfo (RoleInfo.java:updateAndGet(143)) - e0660db2-f32f-4529-820c-e994e15ad9e7: start LeaderState
2019-10-09 23:14:47,298 [e0660db2-f32f-4529-820c-e994e15ad9e7@group-F442790225BC-LeaderElection10] INFO  segmented.SegmentedRaftLogWorker (SegmentedRaftLogWorker.java:startLogSegment(385)) - e0660db2-f32f-4529-820c-e994e15ad9e7@group-F442790225BC-SegmentedRaftLogWorker: Starting segment from index:0
2019-10-09 23:14:47,299 [e0660db2-f32f-4529-820c-e994e15ad9e7@group-F442790225BC-LeaderElection10] INFO  impl.RaftServerImpl (ServerState.java:setRaftConf(356)) - e0660db2-f32f-4529-820c-e994e15ad9e7@group-F442790225BC: set configuration 0: [e0660db2-f32f-4529-820c-e994e15ad9e7:192.168.164.207:42825], old=null at 0
2019-10-09 23:14:47,339 [e0660db2-f32f-4529-820c-e994e15ad9e7@group-F442790225BC-SegmentedRaftLogWorker] INFO  segmented.SegmentedRaftLogWorker (SegmentedRaftLogWorker.java:execute(576)) - e0660db2-f32f-4529-820c-e994e15ad9e7@group-F442790225BC-SegmentedRaftLogWorker: created new log segment /workdir/hadoop-ozone/integration-test/target/test-dir/MiniOzoneClusterImpl-e385a4c1-c95f-41f6-a4f8-a3d6a12eb9e0/datanode-2/data/ratis/493fb58c-e07b-4068-991c-f442790225bc/current/log_inprogress_0
2019-10-09 23:14:47,404 [main] INFO  ozoneimpl.OzoneContainer (OzoneContainer.java:stop(227)) - Attempting to stop container services.
2019-10-09 23:14:47,404 [ForkJoinPool.commonPool-worker-1] INFO  ozoneimpl.OzoneContainer (OzoneContainer.java:stop(227)) - Attempting to stop container services.
2019-10-09 23:14:47,405 [main] INFO  impl.RaftServerProxy (RaftServerProxy.java:lambda$close$4(314)) - fdee42a1-84ef-4e78-88cb-8a42c5a899c2: close
2019-10-09 23:14:47,405 [ForkJoinPool.commonPool-worker-1] INFO  impl.RaftServerProxy (RaftServerProxy.java:lambda$close$4(314)) - 45d92652-3396-41b7-9b8f-6c58248e1da2: close
2019-10-09 23:14:47,406 [ForkJoinPool.commonPool-worker-1] INFO  impl.RaftServerImpl (RaftServerImpl.java:lambda$shutdown$3(247)) - 45d92652-3396-41b7-9b8f-6c58248e1da2@group-92AD35C80E49: shutdown
2019-10-09 23:14:47,406 [main] INFO  impl.RaftServerImpl (RaftServerImpl.java:lambda$shutdown$3(247)) - fdee42a1-84ef-4e78-88cb-8a42c5a899c2@group-92AD35C80E49: shutdown
2019-10-09 23:14:47,406 [ForkJoinPool.commonPool-worker-1] INFO  util.JmxRegister (JmxRegister.java:unregister(73)) - Successfully un-registered JMX Bean with object name Ratis:service=RaftServer,group=group-92AD35C80E49,id=45d92652-3396-41b7-9b8f-6c58248e1da2
2019-10-09 23:14:47,407 [main] INFO  util.JmxRegister (JmxRegister.java:unregister(73)) - Successfully un-registered JMX Bean with object name Ratis:service=RaftServer,group=group-92AD35C80E49,id=fdee42a1-84ef-4e78-88cb-8a42c5a899c2
2019-10-09 23:14:47,407 [ForkJoinPool.commonPool-worker-1] INFO  impl.RoleInfo (RoleInfo.java:shutdownFollowerState(121)) - 45d92652-3396-41b7-9b8f-6c58248e1da2: shutdown FollowerState
2019-10-09 23:14:47,407 [main] INFO  impl.RoleInfo (RoleInfo.java:shutdownFollowerState(121)) - fdee42a1-84ef-4e78-88cb-8a42c5a899c2: shutdown FollowerState
2019-10-09 23:14:47,408 [Thread-253] INFO  impl.FollowerState (FollowerState.java:run(117)) - 45d92652-3396-41b7-9b8f-6c58248e1da2@group-92AD35C80E49-FollowerState was interrupted: java.lang.InterruptedException: sleep interrupted
2019-10-09 23:14:47,407 [ForkJoinPool.commonPool-worker-1] INFO  impl.StateMachineUpdater (StateMachineUpdater.java:stopAndJoin(136)) - 45d92652-3396-41b7-9b8f-6c58248e1da2@group-92AD35C80E49-StateMachineUpdater: set stopIndex = -1
2019-10-09 23:14:47,409 [Thread-255] INFO  impl.FollowerState (FollowerState.java:run(117)) - fdee42a1-84ef-4e78-88cb-8a42c5a899c2@group-92AD35C80E49-FollowerState was interrupted: java.lang.InterruptedException: sleep interrupted
2019-10-09 23:14:47,409 [main] INFO  impl.StateMachineUpdater (StateMachineUpdater.java:stopAndJoin(136)) - fdee42a1-84ef-4e78-88cb-8a42c5a899c2@group-92AD35C80E49-StateMachineUpdater: set stopIndex = -1
2019-10-09 23:14:47,411 [main] INFO  impl.RaftServerImpl (ServerState.java:close(387)) - fdee42a1-84ef-4e78-88cb-8a42c5a899c2@group-92AD35C80E49: closes. applyIndex: -1
2019-10-09 23:14:47,410 [ForkJoinPool.commonPool-worker-1] INFO  impl.RaftServerImpl (ServerState.java:close(387)) - 45d92652-3396-41b7-9b8f-6c58248e1da2@group-92AD35C80E49: closes. applyIndex: -1
2019-10-09 23:14:47,411 [fdee42a1-84ef-4e78-88cb-8a42c5a899c2@group-92AD35C80E49-SegmentedRaftLogWorker] INFO  segmented.SegmentedRaftLogWorker (SegmentedRaftLogWorker.java:run(316)) - fdee42a1-84ef-4e78-88cb-8a42c5a899c2@group-92AD35C80E49-SegmentedRaftLogWorker was interrupted, exiting. There are 0 tasks remaining in the queue.
2019-10-09 23:14:47,411 [45d92652-3396-41b7-9b8f-6c58248e1da2@group-92AD35C80E49-SegmentedRaftLogWorker] INFO  segmented.SegmentedRaftLogWorker (SegmentedRaftLogWorker.java:run(316)) - 45d92652-3396-41b7-9b8f-6c58248e1da2@group-92AD35C80E49-SegmentedRaftLogWorker was interrupted, exiting. There are 0 tasks remaining in the queue.
2019-10-09 23:14:47,411 [main] INFO  segmented.SegmentedRaftLogWorker (SegmentedRaftLogWorker.java:close(224)) - fdee42a1-84ef-4e78-88cb-8a42c5a899c2@group-92AD35C80E49-SegmentedRaftLogWorker close()
2019-10-09 23:14:47,411 [ForkJoinPool.commonPool-worker-1] INFO  segmented.SegmentedRaftLogWorker (SegmentedRaftLogWorker.java:close(224)) - 45d92652-3396-41b7-9b8f-6c58248e1da2@group-92AD35C80E49-SegmentedRaftLogWorker close()
2019-10-09 23:14:47,413 [main] INFO  impl.RaftServerImpl (RaftServerImpl.java:lambda$shutdown$3(247)) - fdee42a1-84ef-4e78-88cb-8a42c5a899c2@group-AB94E7A42471: shutdown
2019-10-09 23:14:47,414 [ForkJoinPool.commonPool-worker-1] INFO  impl.RaftServerImpl (RaftServerImpl.java:lambda$shutdown$3(247)) - 45d92652-3396-41b7-9b8f-6c58248e1da2@group-B0828147E25B: shutdown
2019-10-09 23:14:47,414 [main] INFO  util.JmxRegister (JmxRegister.java:unregister(73)) - Successfully un-registered JMX Bean with object name Ratis:service=RaftServer,group=group-AB94E7A42471,id=fdee42a1-84ef-4e78-88cb-8a42c5a899c2
2019-10-09 23:14:47,414 [ForkJoinPool.commonPool-worker-1] INFO  util.JmxRegister (JmxRegister.java:unregister(73)) - Successfully un-registered JMX Bean with object name Ratis:service=RaftServer,group=group-B0828147E25B,id=45d92652-3396-41b7-9b8f-6c58248e1da2
2019-10-09 23:14:47,415 [main] INFO  impl.RoleInfo (RoleInfo.java:shutdownLeaderState(104)) - fdee42a1-84ef-4e78-88cb-8a42c5a899c2: shutdown LeaderState
2019-10-09 23:14:47,415 [ForkJoinPool.commonPool-worker-1] INFO  impl.RoleInfo (RoleInfo.java:shutdownLeaderState(104)) - 45d92652-3396-41b7-9b8f-6c58248e1da2: shutdown LeaderState
2019-10-09 23:14:47,415 [main] INFO  impl.PendingRequests (PendingRequests.java:sendNotLeaderResponses(202)) - fdee42a1-84ef-4e78-88cb-8a42c5a899c2@group-AB94E7A42471-PendingRequests: sendNotLeaderResponses
2019-10-09 23:14:47,416 [ForkJoinPool.commonPool-worker-1] INFO  impl.PendingRequests (PendingRequests.java:sendNotLeaderResponses(202)) - 45d92652-3396-41b7-9b8f-6c58248e1da2@group-B0828147E25B-PendingRequests: sendNotLeaderResponses
2019-10-09 23:14:47,416 [main] INFO  impl.StateMachineUpdater (StateMachineUpdater.java:stopAndJoin(136)) - fdee42a1-84ef-4e78-88cb-8a42c5a899c2@group-AB94E7A42471-StateMachineUpdater: set stopIndex = 0
2019-10-09 23:14:47,416 [ForkJoinPool.commonPool-worker-1] INFO  impl.StateMachineUpdater (StateMachineUpdater.java:stopAndJoin(136)) - 45d92652-3396-41b7-9b8f-6c58248e1da2@group-B0828147E25B-StateMachineUpdater: set stopIndex = 0
2019-10-09 23:14:47,417 [main] INFO  impl.RaftServerImpl (ServerState.java:close(387)) - fdee42a1-84ef-4e78-88cb-8a42c5a899c2@group-AB94E7A42471: closes. applyIndex: 0
2019-10-09 23:14:47,417 [ForkJoinPool.commonPool-worker-1] INFO  impl.RaftServerImpl (ServerState.java:close(387)) - 45d92652-3396-41b7-9b8f-6c58248e1da2@group-B0828147E25B: closes. applyIndex: 0
2019-10-09 23:14:47,417 [fdee42a1-84ef-4e78-88cb-8a42c5a899c2@group-AB94E7A42471-SegmentedRaftLogWorker] INFO  segmented.SegmentedRaftLogWorker (SegmentedRaftLogWorker.java:run(316)) - fdee42a1-84ef-4e78-88cb-8a42c5a899c2@group-AB94E7A42471-SegmentedRaftLogWorker was interrupted, exiting. There are 0 tasks remaining in the queue.
2019-10-09 23:14:47,418 [45d92652-3396-41b7-9b8f-6c58248e1da2@group-B0828147E25B-SegmentedRaftLogWorker] INFO  segmented.SegmentedRaftLogWorker (SegmentedRaftLogWorker.java:run(316)) - 45d92652-3396-41b7-9b8f-6c58248e1da2@group-B0828147E25B-SegmentedRaftLogWorker was interrupted, exiting. There are 0 tasks remaining in the queue.
2019-10-09 23:14:47,419 [main] INFO  segmented.SegmentedRaftLogWorker (SegmentedRaftLogWorker.java:close(224)) - fdee42a1-84ef-4e78-88cb-8a42c5a899c2@group-AB94E7A42471-SegmentedRaftLogWorker close()
2019-10-09 23:14:47,420 [ForkJoinPool.commonPool-worker-1] INFO  segmented.SegmentedRaftLogWorker (SegmentedRaftLogWorker.java:close(224)) - 45d92652-3396-41b7-9b8f-6c58248e1da2@group-B0828147E25B-SegmentedRaftLogWorker close()
2019-10-09 23:14:47,423 [ForkJoinPool.commonPool-worker-1] INFO  server.GrpcService (GrpcService.java:closeImpl(164)) - 45d92652-3396-41b7-9b8f-6c58248e1da2: shutdown server with port 38030 now
2019-10-09 23:14:47,423 [main] INFO  server.GrpcService (GrpcService.java:closeImpl(164)) - fdee42a1-84ef-4e78-88cb-8a42c5a899c2: shutdown server with port 39873 now
2019-10-09 23:14:47,432 [main] INFO  server.GrpcService (GrpcService.java:closeImpl(172)) - fdee42a1-84ef-4e78-88cb-8a42c5a899c2: shutdown server with port 39873 successfully
2019-10-09 23:14:47,432 [ForkJoinPool.commonPool-worker-1] INFO  server.GrpcService (GrpcService.java:closeImpl(172)) - 45d92652-3396-41b7-9b8f-6c58248e1da2: shutdown server with port 38030 successfully
2019-10-09 23:14:47,436 [refreshUsed-/workdir/hadoop-ozone/integration-test/target/test-dir/MiniOzoneClusterImpl-e385a4c1-c95f-41f6-a4f8-a3d6a12eb9e0/datanode-0/data/containers] WARN  fs.CachingGetSpaceUsed (CachingGetSpaceUsed.java:run(183)) - Thread Interrupted waiting to refresh disk information: sleep interrupted
2019-10-09 23:14:47,442 [refreshUsed-/workdir/hadoop-ozone/integration-test/target/test-dir/MiniOzoneClusterImpl-e385a4c1-c95f-41f6-a4f8-a3d6a12eb9e0/datanode-1/data/containers] WARN  fs.CachingGetSpaceUsed (CachingGetSpaceUsed.java:run(183)) - Thread Interrupted waiting to refresh disk information: sleep interrupted
2019-10-09 23:14:47,455 [ForkJoinPool.commonPool-worker-1] INFO  utils.BackgroundService (BackgroundService.java:shutdown(151)) - Shutting down service BlockDeletingService
2019-10-09 23:14:47,458 [ForkJoinPool.commonPool-worker-1] INFO  statemachine.DatanodeStateMachine (DatanodeStateMachine.java:stopDaemon(395)) - Ozone container server stopped.
2019-10-09 23:14:47,460 [ForkJoinPool.commonPool-worker-1] INFO  handler.ContextHandler (ContextHandler.java:doStop(910)) - Stopped o.e.j.w.WebAppContext@6981f8f3{/,null,UNAVAILABLE}{/hddsDatanode}
2019-10-09 23:14:47,461 [ForkJoinPool.commonPool-worker-1] INFO  server.AbstractConnector (AbstractConnector.java:doStop(318)) - Stopped ServerConnector@623dcf2a{HTTP/1.1,[http/1.1]}{0.0.0.0:0}
2019-10-09 23:14:47,462 [ForkJoinPool.commonPool-worker-1] INFO  handler.ContextHandler (ContextHandler.java:doStop(910)) - Stopped o.e.j.s.ServletContextHandler@26f46fa6{/static,jar:file:/home/user/.m2/repository/org/apache/hadoop/hadoop-hdds-container-service/0.5.0-SNAPSHOT/hadoop-hdds-container-service-0.5.0-SNAPSHOT.jar!/webapps/static,UNAVAILABLE}
2019-10-09 23:14:47,463 [ForkJoinPool.commonPool-worker-1] INFO  handler.ContextHandler (ContextHandler.java:doStop(910)) - Stopped o.e.j.s.ServletContextHandler@d109c4f{/logs,file:///workdir/hadoop-ozone/integration-test/target/log,UNAVAILABLE}
2019-10-09 23:14:47,466 [main] INFO  utils.BackgroundService (BackgroundService.java:shutdown(151)) - Shutting down service BlockDeletingService
2019-10-09 23:14:47,468 [main] INFO  statemachine.DatanodeStateMachine (DatanodeStateMachine.java:stopDaemon(395)) - Ozone container server stopped.
2019-10-09 23:14:47,469 [main] INFO  handler.ContextHandler (ContextHandler.java:doStop(910)) - Stopped o.e.j.w.WebAppContext@5b5e7036{/,null,UNAVAILABLE}{/hddsDatanode}
2019-10-09 23:14:47,470 [main] INFO  server.AbstractConnector (AbstractConnector.java:doStop(318)) - Stopped ServerConnector@62dbe64e{HTTP/1.1,[http/1.1]}{0.0.0.0:0}
2019-10-09 23:14:47,470 [main] INFO  handler.ContextHandler (ContextHandler.java:doStop(910)) - Stopped o.e.j.s.ServletContextHandler@3bbf841e{/static,jar:file:/home/user/.m2/repository/org/apache/hadoop/hadoop-hdds-container-service/0.5.0-SNAPSHOT/hadoop-hdds-container-service-0.5.0-SNAPSHOT.jar!/webapps/static,UNAVAILABLE}
2019-10-09 23:14:47,471 [main] INFO  handler.ContextHandler (ContextHandler.java:doStop(910)) - Stopped o.e.j.s.ServletContextHandler@5679e96b{/logs,file:///workdir/hadoop-ozone/integration-test/target/log,UNAVAILABLE}
2019-10-09 23:14:48,292 [Datanode State Machine Thread - 0] INFO  statemachine.DatanodeStateMachine (DatanodeStateMachine.java:lambda$startDaemon$0(350)) - Ozone container server started.
2019-10-09 23:14:51,875 [Thread-254] INFO  impl.FollowerState (FollowerState.java:run(108)) - e0660db2-f32f-4529-820c-e994e15ad9e7@group-92AD35C80E49-FollowerState: change to CANDIDATE, lastRpcTime:5030ms, electionTimeout:5029ms
2019-10-09 23:14:51,876 [Thread-254] INFO  impl.RoleInfo (RoleInfo.java:shutdownFollowerState(121)) - e0660db2-f32f-4529-820c-e994e15ad9e7: shutdown FollowerState
2019-10-09 23:14:51,876 [Thread-254] INFO  impl.RaftServerImpl (RaftServerImpl.java:setRole(170)) - e0660db2-f32f-4529-820c-e994e15ad9e7@group-92AD35C80E49: changes role from  FOLLOWER to CANDIDATE at term 2 for changeToCandidate
2019-10-09 23:14:51,877 [Thread-254] INFO  impl.RoleInfo (RoleInfo.java:updateAndGet(143)) - e0660db2-f32f-4529-820c-e994e15ad9e7: start LeaderElection
2019-10-09 23:14:52,464 [ForkJoinPool.commonPool-worker-1] INFO  ozoneimpl.OzoneContainer (OzoneContainer.java:stop(227)) - Attempting to stop container services.
2019-10-09 23:14:52,464 [ForkJoinPool.commonPool-worker-1] INFO  impl.RaftServerProxy (RaftServerProxy.java:lambda$close$4(314)) - e0660db2-f32f-4529-820c-e994e15ad9e7: close
2019-10-09 23:14:52,465 [ForkJoinPool.commonPool-worker-1] INFO  impl.RaftServerImpl (RaftServerImpl.java:lambda$shutdown$3(247)) - e0660db2-f32f-4529-820c-e994e15ad9e7@group-F442790225BC: shutdown
2019-10-09 23:14:52,465 [ForkJoinPool.commonPool-worker-1] INFO  util.JmxRegister (JmxRegister.java:unregister(73)) - Successfully un-registered JMX Bean with object name Ratis:service=RaftServer,group=group-F442790225BC,id=e0660db2-f32f-4529-820c-e994e15ad9e7
2019-10-09 23:14:52,465 [ForkJoinPool.commonPool-worker-1] INFO  impl.RoleInfo (RoleInfo.java:shutdownLeaderState(104)) - e0660db2-f32f-4529-820c-e994e15ad9e7: shutdown LeaderState
2019-10-09 23:14:52,466 [ForkJoinPool.commonPool-worker-1] INFO  impl.PendingRequests (PendingRequests.java:sendNotLeaderResponses(202)) - e0660db2-f32f-4529-820c-e994e15ad9e7@group-F442790225BC-PendingRequests: sendNotLeaderResponses
2019-10-09 23:14:52,466 [ForkJoinPool.commonPool-worker-1] INFO  impl.StateMachineUpdater (StateMachineUpdater.java:stopAndJoin(136)) - e0660db2-f32f-4529-820c-e994e15ad9e7@group-F442790225BC-StateMachineUpdater: set stopIndex = 0
2019-10-09 23:14:52,467 [ForkJoinPool.commonPool-worker-1] INFO  impl.RaftServerImpl (ServerState.java:close(387)) - e0660db2-f32f-4529-820c-e994e15ad9e7@group-F442790225BC: closes. applyIndex: 0
2019-10-09 23:14:52,468 [e0660db2-f32f-4529-820c-e994e15ad9e7@group-F442790225BC-SegmentedRaftLogWorker] INFO  segmented.SegmentedRaftLogWorker (SegmentedRaftLogWorker.java:run(316)) - e0660db2-f32f-4529-820c-e994e15ad9e7@group-F442790225BC-SegmentedRaftLogWorker was interrupted, exiting. There are 0 tasks remaining in the queue.
2019-10-09 23:14:53,028 [ForkJoinPool.commonPool-worker-1] INFO  segmented.SegmentedRaftLogWorker (SegmentedRaftLogWorker.java:close(224)) - e0660db2-f32f-4529-820c-e994e15ad9e7@group-F442790225BC-SegmentedRaftLogWorker close()
2019-10-09 23:14:53,030 [ForkJoinPool.commonPool-worker-1] INFO  impl.RaftServerImpl (RaftServerImpl.java:lambda$shutdown$3(247)) - e0660db2-f32f-4529-820c-e994e15ad9e7@group-92AD35C80E49: shutdown
2019-10-09 23:14:53,030 [ForkJoinPool.commonPool-worker-1] INFO  util.JmxRegister (JmxRegister.java:unregister(73)) - Successfully un-registered JMX Bean with object name Ratis:service=RaftServer,group=group-92AD35C80E49,id=e0660db2-f32f-4529-820c-e994e15ad9e7
2019-10-09 23:14:53,031 [ForkJoinPool.commonPool-worker-1] INFO  impl.RoleInfo (RoleInfo.java:shutdownLeaderElection(134)) - e0660db2-f32f-4529-820c-e994e15ad9e7: shutdown LeaderElection
2019-10-09 23:14:53,031 [ForkJoinPool.commonPool-worker-1] INFO  impl.StateMachineUpdater (StateMachineUpdater.java:stopAndJoin(136)) - e0660db2-f32f-4529-820c-e994e15ad9e7@group-92AD35C80E49-StateMachineUpdater: set stopIndex = -1
2019-10-09 23:14:53,031 [ForkJoinPool.commonPool-worker-1] INFO  impl.RaftServerImpl (ServerState.java:close(387)) - e0660db2-f32f-4529-820c-e994e15ad9e7@group-92AD35C80E49: closes. applyIndex: -1
2019-10-09 23:14:53,032 [e0660db2-f32f-4529-820c-e994e15ad9e7@group-92AD35C80E49-SegmentedRaftLogWorker] INFO  segmented.SegmentedRaftLogWorker (SegmentedRaftLogWorker.java:run(316)) - e0660db2-f32f-4529-820c-e994e15ad9e7@group-92AD35C80E49-SegmentedRaftLogWorker was interrupted, exiting. There are 0 tasks remaining in the queue.
2019-10-09 23:14:53,032 [ForkJoinPool.commonPool-worker-1] INFO  segmented.SegmentedRaftLogWorker (SegmentedRaftLogWorker.java:close(224)) - e0660db2-f32f-4529-820c-e994e15ad9e7@group-92AD35C80E49-SegmentedRaftLogWorker close()
2019-10-09 23:14:53,034 [ForkJoinPool.commonPool-worker-1] INFO  server.GrpcService (GrpcService.java:closeImpl(164)) - e0660db2-f32f-4529-820c-e994e15ad9e7: shutdown server with port 42825 now
2019-10-09 23:14:53,035 [ForkJoinPool.commonPool-worker-1] INFO  server.GrpcService (GrpcService.java:closeImpl(172)) - e0660db2-f32f-4529-820c-e994e15ad9e7: shutdown server with port 42825 successfully
2019-10-09 23:14:53,047 [refreshUsed-/workdir/hadoop-ozone/integration-test/target/test-dir/MiniOzoneClusterImpl-e385a4c1-c95f-41f6-a4f8-a3d6a12eb9e0/datanode-2/data/containers] WARN  fs.CachingGetSpaceUsed (CachingGetSpaceUsed.java:run(183)) - Thread Interrupted waiting to refresh disk information: sleep interrupted
2019-10-09 23:14:53,066 [ForkJoinPool.commonPool-worker-1] INFO  utils.BackgroundService (BackgroundService.java:shutdown(151)) - Shutting down service BlockDeletingService
2019-10-09 23:14:53,068 [ForkJoinPool.commonPool-worker-1] INFO  statemachine.DatanodeStateMachine (DatanodeStateMachine.java:stopDaemon(395)) - Ozone container server stopped.
2019-10-09 23:14:53,071 [ForkJoinPool.commonPool-worker-1] INFO  handler.ContextHandler (ContextHandler.java:doStop(910)) - Stopped o.e.j.w.WebAppContext@6342d610{/,null,UNAVAILABLE}{/hddsDatanode}
2019-10-09 23:14:53,071 [ForkJoinPool.commonPool-worker-1] INFO  server.AbstractConnector (AbstractConnector.java:doStop(318)) - Stopped ServerConnector@dc4a691{HTTP/1.1,[http/1.1]}{0.0.0.0:0}
2019-10-09 23:14:53,072 [ForkJoinPool.commonPool-worker-1] INFO  handler.ContextHandler (ContextHandler.java:doStop(910)) - Stopped o.e.j.s.ServletContextHandler@5a6d30e2{/static,jar:file:/home/user/.m2/repository/org/apache/hadoop/hadoop-hdds-container-service/0.5.0-SNAPSHOT/hadoop-hdds-container-service-0.5.0-SNAPSHOT.jar!/webapps/static,UNAVAILABLE}
2019-10-09 23:14:53,073 [ForkJoinPool.commonPool-worker-1] INFO  handler.ContextHandler (ContextHandler.java:doStop(910)) - Stopped o.e.j.s.ServletContextHandler@1cd3b138{/logs,file:///workdir/hadoop-ozone/integration-test/target/log,UNAVAILABLE}
2019-10-09 23:14:53,074 [main] INFO  ozone.MiniOzoneClusterImpl (MiniOzoneClusterImpl.java:stopSCM(430)) - Stopping the StorageContainerManager
2019-10-09 23:14:53,074 [main] INFO  server.StorageContainerManager (StorageContainerManager.java:stop(810)) - Stopping Replication Manager Service.
2019-10-09 23:14:53,075 [main] INFO  container.ReplicationManager (ReplicationManager.java:stop(203)) - Stopping Replication Monitor Thread.
2019-10-09 23:14:53,075 [main] INFO  server.StorageContainerManager (StorageContainerManager.java:stop(817)) - Stopping Lease Manager of the command watchers
2019-10-09 23:14:53,075 [main] INFO  server.StorageContainerManager (StorageContainerManager.java:stop(824)) - Stopping datanode service RPC server
2019-10-09 23:14:53,075 [main] INFO  server.SCMDatanodeProtocolServer (SCMDatanodeProtocolServer.java:stop(346)) - Stopping the RPC server for DataNodes
2019-10-09 23:14:53,076 [main] INFO  ipc.Server (Server.java:stop(3082)) - Stopping server on 46575
2019-10-09 23:14:53,077 [IPC Server listener on 46575] INFO  ipc.Server (Server.java:run(1185)) - Stopping IPC Server listener on 46575
2019-10-09 23:14:53,078 [IPC Server Responder] INFO  ipc.Server (Server.java:run(1319)) - Stopping IPC Server Responder
2019-10-09 23:14:53,145 [SCM Heartbeat Processing Thread - 0] WARN  node.NodeStateManager (NodeStateManager.java:scheduleNextHealthCheck(646)) - Current Thread is interrupted, shutting down HB processing thread for Node Manager.
2019-10-09 23:14:53,145 [main] INFO  server.StorageContainerManager (StorageContainerManager.java:stop(832)) - Stopping block service RPC server
2019-10-09 23:14:53,145 [main] INFO  server.SCMBlockProtocolServer (SCMBlockProtocolServer.java:stop(155)) - Stopping the RPC server for Block Protocol
2019-10-09 23:14:53,146 [main] INFO  ipc.Server (Server.java:stop(3082)) - Stopping server on 35534
2019-10-09 23:14:53,146 [IPC Server listener on 35534] INFO  ipc.Server (Server.java:run(1185)) - Stopping IPC Server listener on 35534
2019-10-09 23:14:53,146 [main] INFO  server.StorageContainerManager (StorageContainerManager.java:stop(839)) - Stopping the StorageContainerLocationProtocol RPC server
2019-10-09 23:14:53,147 [IPC Server Responder] INFO  ipc.Server (Server.java:run(1319)) - Stopping IPC Server Responder
2019-10-09 23:14:53,148 [main] INFO  server.SCMClientProtocolServer (SCMClientProtocolServer.java:stop(168)) - Stopping the RPC server for Client Protocol
2019-10-09 23:14:53,148 [main] INFO  ipc.Server (Server.java:stop(3082)) - Stopping server on 43898
2019-10-09 23:14:53,149 [IPC Server listener on 43898] INFO  ipc.Server (Server.java:run(1185)) - Stopping IPC Server listener on 43898
2019-10-09 23:14:53,150 [IPC Server Responder] INFO  ipc.Server (Server.java:run(1319)) - Stopping IPC Server Responder
2019-10-09 23:14:53,150 [main] INFO  server.StorageContainerManager (StorageContainerManager.java:stop(846)) - Stopping Storage Container Manager HTTP server.
2019-10-09 23:14:53,151 [main] INFO  handler.ContextHandler (ContextHandler.java:doStop(910)) - Stopped o.e.j.w.WebAppContext@3d6300e8{/,null,UNAVAILABLE}{/scm}
2019-10-09 23:14:53,151 [main] INFO  server.AbstractConnector (AbstractConnector.java:doStop(318)) - Stopped ServerConnector@3af4e0bf{HTTP/1.1,[http/1.1]}{0.0.0.0:0}
2019-10-09 23:14:53,152 [main] INFO  handler.ContextHandler (ContextHandler.java:doStop(910)) - Stopped o.e.j.s.ServletContextHandler@42f8285e{/static,file:///workdir/hadoop-ozone/integration-test/target/test-classes/webapps/static,UNAVAILABLE}
2019-10-09 23:14:53,152 [main] INFO  handler.ContextHandler (ContextHandler.java:doStop(910)) - Stopped o.e.j.s.ServletContextHandler@65fe9e33{/logs,file:///workdir/hadoop-ozone/integration-test/target/log,UNAVAILABLE}
2019-10-09 23:14:53,153 [main] INFO  server.StorageContainerManager (StorageContainerManager.java:stop(857)) - Stopping Block Manager Service.
2019-10-09 23:14:53,153 [main] INFO  utils.BackgroundService (BackgroundService.java:shutdown(151)) - Shutting down service SCMBlockDeletingService
2019-10-09 23:14:53,153 [main] INFO  utils.BackgroundService (BackgroundService.java:shutdown(151)) - Shutting down service SCMBlockDeletingService
2019-10-09 23:14:53,154 [main] INFO  server.StorageContainerManager (StorageContainerManager.java:stop(879)) - Stopping SCM Event Queue.
2019-10-09 23:14:53,159 [main] INFO  impl.MetricsSystemImpl (MetricsSystemImpl.java:stop(210)) - Stopping ratis metrics system...
2019-10-09 23:14:53,167 [prometheus] INFO  impl.MetricsSinkAdapter (MetricsSinkAdapter.java:publishMetricsFromQueue(141)) - prometheus thread interrupted.
2019-10-09 23:14:53,167 [main] INFO  impl.MetricsSystemImpl (MetricsSystemImpl.java:stop(216)) - ratis metrics system stopped.
]]></system-out>
    <system-err><![CDATA[ERROR StatusLogger No Log4j 2 configuration file found. Using default configuration (logging only errors to the console), or user programmatically provided configurations. Set system property 'log4j2.debug' to show Log4j 2 internal initialization logging. See https://logging.apache.org/log4j/2.x/manual/configuration.html for instructions on how to configure Log4j 2
]]></system-err>
  </testcase>
  <testcase name="testNumBlocksAllocated" classname="org.apache.hadoop.ozone.scm.pipeline.TestSCMPipelineMetrics" time="30.161"/>
  <testcase name="testPipelineCreation" classname="org.apache.hadoop.ozone.scm.pipeline.TestSCMPipelineMetrics" time="92.982"/>
</testsuite>