<?xml version="1.0" encoding="UTF-8"?>
<testsuite xmlns:xsi="http://www.w3.org/2001/XMLSchema-instance" xsi:noNamespaceSchemaLocation="https://maven.apache.org/surefire/maven-surefire-plugin/xsd/surefire-test-report.xsd" name="org.apache.hadoop.ozone.client.rpc.TestBlockOutputStreamWithFailures" time="669.172" tests="8" errors="0" skipped="0" failures="1">
  <properties>
    <property name="awt.toolkit" value="sun.awt.X11.XToolkit"/>
    <property name="file.encoding.pkg" value="sun.io"/>
    <property name="java.specification.version" value="1.8"/>
    <property name="sun.cpu.isalist" value=""/>
    <property name="sun.jnu.encoding" value="UTF-8"/>
    <property name="java.class.path" value="/workdir/hadoop-ozone/integration-test/target/test-classes:/workdir/hadoop-ozone/integration-test/target/classes:/home/user/.m2/repository/org/apache/hadoop/hadoop-ozone-common/0.5.0-SNAPSHOT/hadoop-ozone-common-0.5.0-SNAPSHOT.jar:/home/user/.m2/repository/org/apache/commons/commons-compress/1.4.1/commons-compress-1.4.1.jar:/home/user/.m2/repository/org/tukaani/xz/1.0/xz-1.0.jar:/home/user/.m2/repository/org/apache/hadoop/hadoop-common/3.2.0/hadoop-common-3.2.0.jar:/home/user/.m2/repository/org/apache/hadoop/hadoop-hdfs/3.2.0/hadoop-hdfs-3.2.0.jar:/home/user/.m2/repository/org/apache/hadoop/hadoop-hdfs-client/3.2.0/hadoop-hdfs-client-3.2.0.jar:/home/user/.m2/repository/com/fasterxml/jackson/core/jackson-annotations/2.9.9/jackson-annotations-2.9.9.jar:/home/user/.m2/repository/org/apache/hadoop/hadoop-hdds-common/0.5.0-SNAPSHOT/hadoop-hdds-common-0.5.0-SNAPSHOT.jar:/home/user/.m2/repository/javax/annotation/javax.annotation-api/1.2/javax.annotation-api-1.2.jar:/home/user/.m2/repository/org/apache/ratis/ratis-server/0.5.0-201fc85-SNAPSHOT/ratis-server-0.5.0-201fc85-SNAPSHOT.jar:/home/user/.m2/repository/org/apache/ratis/ratis-thirdparty-misc/0.2.0/ratis-thirdparty-misc-0.2.0.jar:/home/user/.m2/repository/org/apache/ratis/ratis-proto/0.5.0-201fc85-SNAPSHOT/ratis-proto-0.5.0-201fc85-SNAPSHOT.jar:/home/user/.m2/repository/org/apache/ratis/ratis-common/0.5.0-201fc85-SNAPSHOT/ratis-common-0.5.0-201fc85-SNAPSHOT.jar:/home/user/.m2/repository/org/apache/ratis/ratis-client/0.5.0-201fc85-SNAPSHOT/ratis-client-0.5.0-201fc85-SNAPSHOT.jar:/home/user/.m2/repository/org/apache/ratis/ratis-metrics/0.5.0-201fc85-SNAPSHOT/ratis-metrics-0.5.0-201fc85-SNAPSHOT.jar:/home/user/.m2/repository/com/github/joshelser/dropwizard-metrics-hadoop-metrics2-reporter/0.1.2/dropwizard-metrics-hadoop-metrics2-reporter-0.1.2.jar:/home/user/.m2/repository/io/dropwizard/metrics/metrics-jvm/3.2.5/metrics-jvm-3.2.5.jar:/home/user/.m2/repository/io/dropwizard/metrics/metrics-ganglia/3.2.5/metrics-ganglia-3.2.5.jar:/home/user/.m2/repository/info/ganglia/gmetric4j/gmetric4j/1.0.7/gmetric4j-1.0.7.jar:/home/user/.m2/repository/org/apache/ratis/ratis-netty/0.5.0-201fc85-SNAPSHOT/ratis-netty-0.5.0-201fc85-SNAPSHOT.jar:/home/user/.m2/repository/org/apache/ratis/ratis-grpc/0.5.0-201fc85-SNAPSHOT/ratis-grpc-0.5.0-201fc85-SNAPSHOT.jar:/home/user/.m2/repository/org/rocksdb/rocksdbjni/6.0.1/rocksdbjni-6.0.1.jar:/home/user/.m2/repository/org/apache/logging/log4j/log4j-api/2.11.0/log4j-api-2.11.0.jar:/home/user/.m2/repository/org/apache/logging/log4j/log4j-core/2.11.0/log4j-core-2.11.0.jar:/home/user/.m2/repository/com/lmax/disruptor/3.4.2/disruptor-3.4.2.jar:/home/user/.m2/repository/org/apache/commons/commons-pool2/2.6.0/commons-pool2-2.6.0.jar:/home/user/.m2/repository/org/bouncycastle/bcpkix-jdk15on/1.60/bcpkix-jdk15on-1.60.jar:/home/user/.m2/repository/commons-validator/commons-validator/1.6/commons-validator-1.6.jar:/home/user/.m2/repository/commons-digester/commons-digester/1.8.1/commons-digester-1.8.1.jar:/home/user/.m2/repository/io/jaegertracing/jaeger-client/0.34.0/jaeger-client-0.34.0.jar:/home/user/.m2/repository/io/jaegertracing/jaeger-thrift/0.34.0/jaeger-thrift-0.34.0.jar:/home/user/.m2/repository/org/apache/thrift/libthrift/0.12.0/libthrift-0.12.0.jar:/home/user/.m2/repository/com/squareup/okhttp3/okhttp/3.9.0/okhttp-3.9.0.jar:/home/user/.m2/repository/com/squareup/okio/okio/1.13.0/okio-1.13.0.jar:/home/user/.m2/repository/io/jaegertracing/jaeger-core/0.34.0/jaeger-core-0.34.0.jar:/home/user/.m2/repository/io/jaegertracing/jaeger-tracerresolver/0.34.0/jaeger-tracerresolver-0.34.0.jar:/home/user/.m2/repository/io/opentracing/contrib/opentracing-tracerresolver/0.1.5/opentracing-tracerresolver-0.1.5.jar:/home/user/.m2/repository/io/opentracing/opentracing-util/0.31.0/opentracing-util-0.31.0.jar:/home/user/.m2/repository/io/opentracing/opentracing-api/0.31.0/opentracing-api-0.31.0.jar:/home/user/.m2/repository/io/opentracing/opentracing-noop/0.31.0/opentracing-noop-0.31.0.jar:/home/user/.m2/repository/org/apache/hadoop/hadoop-hdds-server-framework/0.5.0-SNAPSHOT/hadoop-hdds-server-framework-0.5.0-SNAPSHOT.jar:/home/user/.m2/repository/org/apache/hadoop/hadoop-hdds-container-service/0.5.0-SNAPSHOT/hadoop-hdds-container-service-0.5.0-SNAPSHOT.jar:/home/user/.m2/repository/org/apache/hadoop/hadoop-hdds-client/0.5.0-SNAPSHOT/hadoop-hdds-client-0.5.0-SNAPSHOT.jar:/home/user/.m2/repository/org/apache/hadoop/hadoop-hdds-tools/0.5.0-SNAPSHOT/hadoop-hdds-tools-0.5.0-SNAPSHOT.jar:/home/user/.m2/repository/org/apache/hadoop/hadoop-hdds-server-scm/0.5.0-SNAPSHOT/hadoop-hdds-server-scm-0.5.0-SNAPSHOT.jar:/home/user/.m2/repository/org/apache/hadoop/hadoop-hdds-docs/0.5.0-SNAPSHOT/hadoop-hdds-docs-0.5.0-SNAPSHOT.jar:/home/user/.m2/repository/io/dropwizard/metrics/metrics-core/3.2.4/metrics-core-3.2.4.jar:/home/user/.m2/repository/org/hamcrest/hamcrest-all/1.3/hamcrest-all-1.3.jar:/home/user/.m2/repository/org/bouncycastle/bcprov-jdk15on/1.60/bcprov-jdk15on-1.60.jar:/home/user/.m2/repository/info/picocli/picocli/3.9.6/picocli-3.9.6.jar:/home/user/.m2/repository/com/google/protobuf/protobuf-java/2.5.0/protobuf-java-2.5.0.jar:/home/user/.m2/repository/com/google/guava/guava/11.0.2/guava-11.0.2.jar:/home/user/.m2/repository/org/apache/hadoop/hadoop-ozone-ozone-manager/0.5.0-SNAPSHOT/hadoop-ozone-ozone-manager-0.5.0-SNAPSHOT.jar:/home/user/.m2/repository/org/apache/hadoop/hadoop-minikdc/3.2.0/hadoop-minikdc-3.2.0.jar:/home/user/.m2/repository/commons-io/commons-io/2.5/commons-io-2.5.jar:/home/user/.m2/repository/org/apache/kerby/kerb-simplekdc/1.0.1/kerb-simplekdc-1.0.1.jar:/home/user/.m2/repository/org/apache/kerby/kerb-client/1.0.1/kerb-client-1.0.1.jar:/home/user/.m2/repository/org/apache/kerby/kerby-config/1.0.1/kerby-config-1.0.1.jar:/home/user/.m2/repository/org/apache/kerby/kerb-core/1.0.1/kerb-core-1.0.1.jar:/home/user/.m2/repository/org/apache/kerby/kerby-pkix/1.0.1/kerby-pkix-1.0.1.jar:/home/user/.m2/repository/org/apache/kerby/kerby-asn1/1.0.1/kerby-asn1-1.0.1.jar:/home/user/.m2/repository/org/apache/kerby/kerby-util/1.0.1/kerby-util-1.0.1.jar:/home/user/.m2/repository/org/apache/kerby/kerb-common/1.0.1/kerb-common-1.0.1.jar:/home/user/.m2/repository/org/apache/kerby/kerb-crypto/1.0.1/kerb-crypto-1.0.1.jar:/home/user/.m2/repository/org/apache/kerby/kerb-util/1.0.1/kerb-util-1.0.1.jar:/home/user/.m2/repository/org/apache/kerby/token-provider/1.0.1/token-provider-1.0.1.jar:/home/user/.m2/repository/org/apache/kerby/kerb-admin/1.0.1/kerb-admin-1.0.1.jar:/home/user/.m2/repository/org/apache/kerby/kerb-server/1.0.1/kerb-server-1.0.1.jar:/home/user/.m2/repository/org/apache/kerby/kerb-identity/1.0.1/kerb-identity-1.0.1.jar:/home/user/.m2/repository/org/apache/kerby/kerby-xdr/1.0.1/kerby-xdr-1.0.1.jar:/home/user/.m2/repository/org/slf4j/slf4j-log4j12/1.7.25/slf4j-log4j12-1.7.25.jar:/home/user/.m2/repository/org/apache/hadoop/hadoop-ozone-s3gateway/0.5.0-SNAPSHOT/hadoop-ozone-s3gateway-0.5.0-SNAPSHOT.jar:/home/user/.m2/repository/org/jboss/weld/servlet/weld-servlet/2.4.7.Final/weld-servlet-2.4.7.Final.jar:/home/user/.m2/repository/org/glassfish/jersey/containers/jersey-container-servlet-core/2.27/jersey-container-servlet-core-2.27.jar:/home/user/.m2/repository/org/glassfish/hk2/external/javax.inject/2.5.0-b42/javax.inject-2.5.0-b42.jar:/home/user/.m2/repository/org/glassfish/jersey/core/jersey-common/2.27/jersey-common-2.27.jar:/home/user/.m2/repository/org/glassfish/hk2/osgi-resource-locator/1.0.1/osgi-resource-locator-1.0.1.jar:/home/user/.m2/repository/javax/ws/rs/javax.ws.rs-api/2.1/javax.ws.rs-api-2.1.jar:/home/user/.m2/repository/org/glassfish/jersey/ext/cdi/jersey-cdi1x/2.27/jersey-cdi1x-2.27.jar:/home/user/.m2/repository/org/glassfish/jersey/inject/jersey-hk2/2.27/jersey-hk2-2.27.jar:/home/user/.m2/repository/org/glassfish/hk2/hk2-locator/2.5.0-b42/hk2-locator-2.5.0-b42.jar:/home/user/.m2/repository/org/javassist/javassist/3.22.0-CR2/javassist-3.22.0-CR2.jar:/home/user/.m2/repository/org/glassfish/hk2/hk2-api/2.5.0/hk2-api-2.5.0.jar:/home/user/.m2/repository/org/glassfish/hk2/external/jakarta.inject/2.5.0/jakarta.inject-2.5.0.jar:/home/user/.m2/repository/org/glassfish/hk2/hk2-utils/2.5.0/hk2-utils-2.5.0.jar:/home/user/.m2/repository/jakarta/annotation/jakarta.annotation-api/1.3.4/jakarta.annotation-api-1.3.4.jar:/home/user/.m2/repository/org/glassfish/hk2/external/aopalliance-repackaged/2.5.0/aopalliance-repackaged-2.5.0.jar:/home/user/.m2/repository/com/fasterxml/jackson/dataformat/jackson-dataformat-xml/2.9.0/jackson-dataformat-xml-2.9.0.jar:/home/user/.m2/repository/com/fasterxml/jackson/core/jackson-core/2.9.9/jackson-core-2.9.9.jar:/home/user/.m2/repository/com/fasterxml/jackson/module/jackson-module-jaxb-annotations/2.9.9/jackson-module-jaxb-annotations-2.9.9.jar:/home/user/.m2/repository/javax/enterprise/cdi-api/1.2/cdi-api-1.2.jar:/home/user/.m2/repository/javax/el/javax.el-api/3.0.0/javax.el-api-3.0.0.jar:/home/user/.m2/repository/javax/interceptor/javax.interceptor-api/1.2/javax.interceptor-api-1.2.jar:/home/user/.m2/repository/javax/inject/javax.inject/1/javax.inject-1.jar:/home/user/.m2/repository/com/sun/xml/bind/jaxb-impl/2.3.0.1/jaxb-impl-2.3.0.1.jar:/home/user/.m2/repository/com/sun/xml/bind/jaxb-core/2.3.0.1/jaxb-core-2.3.0.1.jar:/home/user/.m2/repository/javax/xml/bind/jaxb-api/2.3.0/jaxb-api-2.3.0.jar:/home/user/.m2/repository/javax/activation/activation/1.1.1/activation-1.1.1.jar:/home/user/.m2/repository/org/apache/hadoop/hadoop-ozone-csi/0.5.0-SNAPSHOT/hadoop-ozone-csi-0.5.0-SNAPSHOT.jar:/home/user/.m2/repository/com/google/protobuf/protobuf-java-util/3.5.1/protobuf-java-util-3.5.1.jar:/home/user/.m2/repository/org/apache/hadoop/hadoop-hdds-config/0.5.0-SNAPSHOT/hadoop-hdds-config-0.5.0-SNAPSHOT.jar:/home/user/.m2/repository/io/grpc/grpc-netty/1.17.1/grpc-netty-1.17.1.jar:/home/user/.m2/repository/io/grpc/grpc-core/1.17.1/grpc-core-1.17.1.jar:/home/user/.m2/repository/io/grpc/grpc-context/1.17.1/grpc-context-1.17.1.jar:/home/user/.m2/repository/com/google/errorprone/error_prone_annotations/2.2.0/error_prone_annotations-2.2.0.jar:/home/user/.m2/repository/org/codehaus/mojo/animal-sniffer-annotations/1.17/animal-sniffer-annotations-1.17.jar:/home/user/.m2/repository/io/opencensus/opencensus-api/0.17.0/opencensus-api-0.17.0.jar:/home/user/.m2/repository/io/opencensus/opencensus-contrib-grpc-metrics/0.17.0/opencensus-contrib-grpc-metrics-0.17.0.jar:/home/user/.m2/repository/io/netty/netty-codec-http2/4.1.30.Final/netty-codec-http2-4.1.30.Final.jar:/home/user/.m2/repository/io/netty/netty-codec-http/4.1.30.Final/netty-codec-http-4.1.30.Final.jar:/home/user/.m2/repository/io/netty/netty-codec/4.1.30.Final/netty-codec-4.1.30.Final.jar:/home/user/.m2/repository/io/netty/netty-handler/4.1.30.Final/netty-handler-4.1.30.Final.jar:/home/user/.m2/repository/io/netty/netty-handler-proxy/4.1.30.Final/netty-handler-proxy-4.1.30.Final.jar:/home/user/.m2/repository/io/netty/netty-codec-socks/4.1.30.Final/netty-codec-socks-4.1.30.Final.jar:/home/user/.m2/repository/io/netty/netty-transport-native-epoll/4.1.30.Final/netty-transport-native-epoll-4.1.30.Final.jar:/home/user/.m2/repository/io/netty/netty-common/4.1.30.Final/netty-common-4.1.30.Final.jar:/home/user/.m2/repository/io/netty/netty-buffer/4.1.30.Final/netty-buffer-4.1.30.Final.jar:/home/user/.m2/repository/io/netty/netty-transport/4.1.30.Final/netty-transport-4.1.30.Final.jar:/home/user/.m2/repository/io/netty/netty-resolver/4.1.30.Final/netty-resolver-4.1.30.Final.jar:/home/user/.m2/repository/io/netty/netty-transport-native-unix-common/4.1.30.Final/netty-transport-native-unix-common-4.1.30.Final.jar:/home/user/.m2/repository/io/grpc/grpc-protobuf/1.17.1/grpc-protobuf-1.17.1.jar:/home/user/.m2/repository/com/google/api/grpc/proto-google-common-protos/1.0.0/proto-google-common-protos-1.0.0.jar:/home/user/.m2/repository/io/grpc/grpc-protobuf-lite/1.17.1/grpc-protobuf-lite-1.17.1.jar:/home/user/.m2/repository/io/grpc/grpc-stub/1.17.1/grpc-stub-1.17.1.jar:/home/user/.m2/repository/org/apache/hadoop/hadoop-ozone-recon/0.5.0-SNAPSHOT/hadoop-ozone-recon-0.5.0-SNAPSHOT.jar:/home/user/.m2/repository/org/apache/hadoop/hadoop-ozone-reconcodegen/0.5.0-SNAPSHOT/hadoop-ozone-reconcodegen-0.5.0-SNAPSHOT.jar:/home/user/.m2/repository/com/google/inject/extensions/guice-multibindings/4.0/guice-multibindings-4.0.jar:/home/user/.m2/repository/com/google/inject/guice/4.0/guice-4.0.jar:/home/user/.m2/repository/aopalliance/aopalliance/1.0/aopalliance-1.0.jar:/home/user/.m2/repository/com/google/inject/extensions/guice-servlet/4.0/guice-servlet-4.0.jar:/home/user/.m2/repository/org/glassfish/jersey/containers/jersey-container-servlet/2.27/jersey-container-servlet-2.27.jar:/home/user/.m2/repository/org/glassfish/hk2/guice-bridge/2.5.0/guice-bridge-2.5.0.jar:/home/user/.m2/repository/org/glassfish/jersey/core/jersey-server/2.27/jersey-server-2.27.jar:/home/user/.m2/repository/org/glassfish/jersey/core/jersey-client/2.27/jersey-client-2.27.jar:/home/user/.m2/repository/org/glassfish/jersey/media/jersey-media-jaxb/2.27/jersey-media-jaxb-2.27.jar:/home/user/.m2/repository/javax/validation/validation-api/1.1.0.Final/validation-api-1.1.0.Final.jar:/home/user/.m2/repository/org/glassfish/jersey/media/jersey-media-json-jackson/2.27/jersey-media-json-jackson-2.27.jar:/home/user/.m2/repository/org/glassfish/jersey/ext/jersey-entity-filtering/2.27/jersey-entity-filtering-2.27.jar:/home/user/.m2/repository/com/google/inject/extensions/guice-assistedinject/4.0/guice-assistedinject-4.0.jar:/home/user/.m2/repository/org/jooq/jooq/3.11.10/jooq-3.11.10.jar:/home/user/.m2/repository/org/jooq/jooq-meta/3.11.10/jooq-meta-3.11.10.jar:/home/user/.m2/repository/org/jooq/jooq-codegen/3.11.10/jooq-codegen-3.11.10.jar:/home/user/.m2/repository/com/jolbox/bonecp/0.8.0.RELEASE/bonecp-0.8.0.RELEASE.jar:/home/user/.m2/repository/org/xerial/sqlite-jdbc/3.25.2/sqlite-jdbc-3.25.2.jar:/home/user/.m2/repository/org/springframework/spring-jdbc/5.1.3.RELEASE/spring-jdbc-5.1.3.RELEASE.jar:/home/user/.m2/repository/org/springframework/spring-beans/5.1.3.RELEASE/spring-beans-5.1.3.RELEASE.jar:/home/user/.m2/repository/org/springframework/spring-core/5.1.3.RELEASE/spring-core-5.1.3.RELEASE.jar:/home/user/.m2/repository/org/springframework/spring-jcl/5.1.3.RELEASE/spring-jcl-5.1.3.RELEASE.jar:/home/user/.m2/repository/org/springframework/spring-tx/5.1.3.RELEASE/spring-tx-5.1.3.RELEASE.jar:/home/user/.m2/repository/org/apache/hadoop/hadoop-ozone-client/0.5.0-SNAPSHOT/hadoop-ozone-client-0.5.0-SNAPSHOT.jar:/home/user/.m2/repository/commons-lang/commons-lang/2.6/commons-lang-2.6.jar:/home/user/.m2/repository/org/apache/hadoop/hadoop-ozone-ozone-manager/0.5.0-SNAPSHOT/hadoop-ozone-ozone-manager-0.5.0-SNAPSHOT-tests.jar:/home/user/.m2/repository/junit/junit/4.11/junit-4.11.jar:/home/user/.m2/repository/org/hamcrest/hamcrest-core/1.3/hamcrest-core-1.3.jar:/home/user/.m2/repository/org/openjdk/jmh/jmh-core/1.19/jmh-core-1.19.jar:/home/user/.m2/repository/net/sf/jopt-simple/jopt-simple/4.6/jopt-simple-4.6.jar:/home/user/.m2/repository/org/apache/commons/commons-math3/3.1.1/commons-math3-3.1.1.jar:/home/user/.m2/repository/org/openjdk/jmh/jmh-generator-annprocess/1.19/jmh-generator-annprocess-1.19.jar:/home/user/.m2/repository/org/mockito/mockito-all/1.8.5/mockito-all-1.8.5.jar:/home/user/.m2/repository/org/apache/hadoop/hadoop-kms/3.2.0/hadoop-kms-3.2.0.jar:/home/user/.m2/repository/org/apache/hadoop/hadoop-auth/3.2.0/hadoop-auth-3.2.0.jar:/home/user/.m2/repository/com/nimbusds/nimbus-jose-jwt/4.41.1/nimbus-jose-jwt-4.41.1.jar:/home/user/.m2/repository/com/github/stephenc/jcip/jcip-annotations/1.0-1/jcip-annotations-1.0-1.jar:/home/user/.m2/repository/net/minidev/json-smart/2.3/json-smart-2.3.jar:/home/user/.m2/repository/net/minidev/accessors-smart/1.2/accessors-smart-1.2.jar:/home/user/.m2/repository/org/ow2/asm/asm/5.0.4/asm-5.0.4.jar:/home/user/.m2/repository/org/apache/curator/curator-framework/2.12.0/curator-framework-2.12.0.jar:/home/user/.m2/repository/com/sun/jersey/jersey-core/1.19/jersey-core-1.19.jar:/home/user/.m2/repository/javax/ws/rs/jsr311-api/1.1.1/jsr311-api-1.1.1.jar:/home/user/.m2/repository/com/sun/jersey/jersey-server/1.19/jersey-server-1.19.jar:/home/user/.m2/repository/javax/servlet/javax.servlet-api/3.1.0/javax.servlet-api-3.1.0.jar:/home/user/.m2/repository/org/eclipse/jetty/jetty-server/9.3.25.v20180904/jetty-server-9.3.25.v20180904.jar:/home/user/.m2/repository/org/eclipse/jetty/jetty-http/9.3.25.v20180904/jetty-http-9.3.25.v20180904.jar:/home/user/.m2/repository/org/eclipse/jetty/jetty-io/9.3.25.v20180904/jetty-io-9.3.25.v20180904.jar:/home/user/.m2/repository/org/eclipse/jetty/jetty-webapp/9.3.25.v20180904/jetty-webapp-9.3.25.v20180904.jar:/home/user/.m2/repository/org/eclipse/jetty/jetty-xml/9.3.25.v20180904/jetty-xml-9.3.25.v20180904.jar:/home/user/.m2/repository/log4j/log4j/1.2.17/log4j-1.2.17.jar:/home/user/.m2/repository/org/slf4j/slf4j-api/1.7.25/slf4j-api-1.7.25.jar:/home/user/.m2/repository/org/slf4j/jul-to-slf4j/1.7.25/jul-to-slf4j-1.7.25.jar:/home/user/.m2/repository/org/eclipse/jetty/jetty-util/9.3.25.v20180904/jetty-util-9.3.25.v20180904.jar:/home/user/.m2/repository/com/fasterxml/jackson/core/jackson-databind/2.9.9/jackson-databind-2.9.9.jar:/home/user/.m2/repository/org/apache/hadoop/hadoop-kms/3.2.0/hadoop-kms-3.2.0-tests.jar:/home/user/.m2/repository/org/apache/hadoop/hadoop-hdds-server-scm/0.5.0-SNAPSHOT/hadoop-hdds-server-scm-0.5.0-SNAPSHOT-tests.jar:/home/user/.m2/repository/org/apache/hadoop/hadoop-hdds-container-service/0.5.0-SNAPSHOT/hadoop-hdds-container-service-0.5.0-SNAPSHOT-tests.jar:/home/user/.m2/repository/org/yaml/snakeyaml/1.16/snakeyaml-1.16.jar:/home/user/.m2/repository/org/apache/hadoop/hadoop-common/3.2.0/hadoop-common-3.2.0-tests.jar:/home/user/.m2/repository/org/apache/hadoop/hadoop-annotations/3.2.0/hadoop-annotations-3.2.0.jar:/usr/lib/jvm/java-1.8-openjdk/jre/../lib/tools.jar:/home/user/.m2/repository/commons-cli/commons-cli/1.2/commons-cli-1.2.jar:/home/user/.m2/repository/org/apache/httpcomponents/httpclient/4.5.2/httpclient-4.5.2.jar:/home/user/.m2/repository/org/apache/httpcomponents/httpcore/4.4.4/httpcore-4.4.4.jar:/home/user/.m2/repository/commons-codec/commons-codec/1.11/commons-codec-1.11.jar:/home/user/.m2/repository/commons-net/commons-net/3.6/commons-net-3.6.jar:/home/user/.m2/repository/commons-collections/commons-collections/3.2.2/commons-collections-3.2.2.jar:/home/user/.m2/repository/org/eclipse/jetty/jetty-servlet/9.3.25.v20180904/jetty-servlet-9.3.25.v20180904.jar:/home/user/.m2/repository/org/eclipse/jetty/jetty-security/9.3.25.v20180904/jetty-security-9.3.25.v20180904.jar:/home/user/.m2/repository/javax/servlet/jsp/jsp-api/2.1/jsp-api-2.1.jar:/home/user/.m2/repository/com/sun/jersey/jersey-servlet/1.19/jersey-servlet-1.19.jar:/home/user/.m2/repository/com/sun/jersey/jersey-json/1.19/jersey-json-1.19.jar:/home/user/.m2/repository/org/codehaus/jettison/jettison/1.1/jettison-1.1.jar:/home/user/.m2/repository/org/codehaus/jackson/jackson-core-asl/1.9.13/jackson-core-asl-1.9.13.jar:/home/user/.m2/repository/org/codehaus/jackson/jackson-mapper-asl/1.9.13/jackson-mapper-asl-1.9.13.jar:/home/user/.m2/repository/org/codehaus/jackson/jackson-jaxrs/1.9.13/jackson-jaxrs-1.9.13.jar:/home/user/.m2/repository/org/codehaus/jackson/jackson-xc/1.9.13/jackson-xc-1.9.13.jar:/home/user/.m2/repository/commons-logging/commons-logging/1.1.3/commons-logging-1.1.3.jar:/home/user/.m2/repository/commons-beanutils/commons-beanutils/1.9.4/commons-beanutils-1.9.4.jar:/home/user/.m2/repository/org/apache/commons/commons-configuration2/2.1.1/commons-configuration2-2.1.1.jar:/home/user/.m2/repository/org/apache/commons/commons-lang3/3.7/commons-lang3-3.7.jar:/home/user/.m2/repository/org/apache/commons/commons-text/1.4/commons-text-1.4.jar:/home/user/.m2/repository/org/apache/avro/avro/1.7.7/avro-1.7.7.jar:/home/user/.m2/repository/com/thoughtworks/paranamer/paranamer/2.3/paranamer-2.3.jar:/home/user/.m2/repository/org/xerial/snappy/snappy-java/1.0.5/snappy-java-1.0.5.jar:/home/user/.m2/repository/com/google/re2j/re2j/1.1/re2j-1.1.jar:/home/user/.m2/repository/com/google/code/gson/gson/2.2.4/gson-2.2.4.jar:/home/user/.m2/repository/com/jcraft/jsch/0.1.54/jsch-0.1.54.jar:/home/user/.m2/repository/org/apache/curator/curator-client/2.12.0/curator-client-2.12.0.jar:/home/user/.m2/repository/org/apache/curator/curator-recipes/2.12.0/curator-recipes-2.12.0.jar:/home/user/.m2/repository/com/google/code/findbugs/jsr305/3.0.0/jsr305-3.0.0.jar:/home/user/.m2/repository/org/apache/htrace/htrace-core4/4.1.0-incubating/htrace-core4-4.1.0-incubating.jar:/home/user/.m2/repository/org/apache/zookeeper/zookeeper/3.4.13/zookeeper-3.4.13.jar:/home/user/.m2/repository/jline/jline/0.9.94/jline-0.9.94.jar:/home/user/.m2/repository/org/apache/yetus/audience-annotations/0.5.0/audience-annotations-0.5.0.jar:/home/user/.m2/repository/org/codehaus/woodstox/stax2-api/3.1.4/stax2-api-3.1.4.jar:/home/user/.m2/repository/com/fasterxml/woodstox/woodstox-core/5.0.3/woodstox-core-5.0.3.jar:/home/user/.m2/repository/dnsjava/dnsjava/2.1.7/dnsjava-2.1.7.jar:/home/user/.m2/repository/org/apache/hadoop/hadoop-hdfs/3.2.0/hadoop-hdfs-3.2.0-tests.jar:/home/user/.m2/repository/org/eclipse/jetty/jetty-util-ajax/9.3.25.v20180904/jetty-util-ajax-9.3.25.v20180904.jar:/home/user/.m2/repository/commons-daemon/commons-daemon/1.0.13/commons-daemon-1.0.13.jar:/home/user/.m2/repository/io/netty/netty/3.10.5.Final/netty-3.10.5.Final.jar:/home/user/.m2/repository/io/netty/netty-all/4.0.52.Final/netty-all-4.0.52.Final.jar:/home/user/.m2/repository/org/fusesource/leveldbjni/leveldbjni-all/1.8/leveldbjni-all-1.8.jar:"/>
    <property name="java.vm.vendor" value="IcedTea"/>
    <property name="sun.arch.data.model" value="64"/>
    <property name="test.build.dir" value="/workdir/hadoop-ozone/integration-test/target/test-dir"/>
    <property name="test.cache.data" value=""/>
    <property name="java.vendor.url" value="https://icedtea.classpath.org"/>
    <property name="user.timezone" value=""/>
    <property name="java.vm.specification.version" value="1.8"/>
    <property name="os.name" value="Linux"/>
    <property name="test.build.data" value="/workdir/hadoop-ozone/integration-test/target/test-dir"/>
    <property name="user.country" value="US"/>
    <property name="sun.java.launcher" value="SUN_STANDARD"/>
    <property name="sun.boot.library.path" value="/usr/lib/jvm/java-1.8-openjdk/jre/lib/amd64"/>
    <property name="sun.java.command" value="/workdir/hadoop-ozone/integration-test/target/surefire/surefirebooter1841499528701365538.jar /workdir/hadoop-ozone/integration-test/target/surefire 2019-10-03T07-24-34_290-jvmRun1 surefire2914378666315584338tmp surefire_633701344910585359348tmp"/>
    <property name="test" value="!TestMiniChaosOzoneCluster"/>
    <property name="surefire.test.class.path" value="/workdir/hadoop-ozone/integration-test/target/test-classes:/workdir/hadoop-ozone/integration-test/target/classes:/home/user/.m2/repository/org/apache/hadoop/hadoop-ozone-common/0.5.0-SNAPSHOT/hadoop-ozone-common-0.5.0-SNAPSHOT.jar:/home/user/.m2/repository/org/apache/commons/commons-compress/1.4.1/commons-compress-1.4.1.jar:/home/user/.m2/repository/org/tukaani/xz/1.0/xz-1.0.jar:/home/user/.m2/repository/org/apache/hadoop/hadoop-common/3.2.0/hadoop-common-3.2.0.jar:/home/user/.m2/repository/org/apache/hadoop/hadoop-hdfs/3.2.0/hadoop-hdfs-3.2.0.jar:/home/user/.m2/repository/org/apache/hadoop/hadoop-hdfs-client/3.2.0/hadoop-hdfs-client-3.2.0.jar:/home/user/.m2/repository/com/fasterxml/jackson/core/jackson-annotations/2.9.9/jackson-annotations-2.9.9.jar:/home/user/.m2/repository/org/apache/hadoop/hadoop-hdds-common/0.5.0-SNAPSHOT/hadoop-hdds-common-0.5.0-SNAPSHOT.jar:/home/user/.m2/repository/javax/annotation/javax.annotation-api/1.2/javax.annotation-api-1.2.jar:/home/user/.m2/repository/org/apache/ratis/ratis-server/0.5.0-201fc85-SNAPSHOT/ratis-server-0.5.0-201fc85-SNAPSHOT.jar:/home/user/.m2/repository/org/apache/ratis/ratis-thirdparty-misc/0.2.0/ratis-thirdparty-misc-0.2.0.jar:/home/user/.m2/repository/org/apache/ratis/ratis-proto/0.5.0-201fc85-SNAPSHOT/ratis-proto-0.5.0-201fc85-SNAPSHOT.jar:/home/user/.m2/repository/org/apache/ratis/ratis-common/0.5.0-201fc85-SNAPSHOT/ratis-common-0.5.0-201fc85-SNAPSHOT.jar:/home/user/.m2/repository/org/apache/ratis/ratis-client/0.5.0-201fc85-SNAPSHOT/ratis-client-0.5.0-201fc85-SNAPSHOT.jar:/home/user/.m2/repository/org/apache/ratis/ratis-metrics/0.5.0-201fc85-SNAPSHOT/ratis-metrics-0.5.0-201fc85-SNAPSHOT.jar:/home/user/.m2/repository/com/github/joshelser/dropwizard-metrics-hadoop-metrics2-reporter/0.1.2/dropwizard-metrics-hadoop-metrics2-reporter-0.1.2.jar:/home/user/.m2/repository/io/dropwizard/metrics/metrics-jvm/3.2.5/metrics-jvm-3.2.5.jar:/home/user/.m2/repository/io/dropwizard/metrics/metrics-ganglia/3.2.5/metrics-ganglia-3.2.5.jar:/home/user/.m2/repository/info/ganglia/gmetric4j/gmetric4j/1.0.7/gmetric4j-1.0.7.jar:/home/user/.m2/repository/org/apache/ratis/ratis-netty/0.5.0-201fc85-SNAPSHOT/ratis-netty-0.5.0-201fc85-SNAPSHOT.jar:/home/user/.m2/repository/org/apache/ratis/ratis-grpc/0.5.0-201fc85-SNAPSHOT/ratis-grpc-0.5.0-201fc85-SNAPSHOT.jar:/home/user/.m2/repository/org/rocksdb/rocksdbjni/6.0.1/rocksdbjni-6.0.1.jar:/home/user/.m2/repository/org/apache/logging/log4j/log4j-api/2.11.0/log4j-api-2.11.0.jar:/home/user/.m2/repository/org/apache/logging/log4j/log4j-core/2.11.0/log4j-core-2.11.0.jar:/home/user/.m2/repository/com/lmax/disruptor/3.4.2/disruptor-3.4.2.jar:/home/user/.m2/repository/org/apache/commons/commons-pool2/2.6.0/commons-pool2-2.6.0.jar:/home/user/.m2/repository/org/bouncycastle/bcpkix-jdk15on/1.60/bcpkix-jdk15on-1.60.jar:/home/user/.m2/repository/commons-validator/commons-validator/1.6/commons-validator-1.6.jar:/home/user/.m2/repository/commons-digester/commons-digester/1.8.1/commons-digester-1.8.1.jar:/home/user/.m2/repository/io/jaegertracing/jaeger-client/0.34.0/jaeger-client-0.34.0.jar:/home/user/.m2/repository/io/jaegertracing/jaeger-thrift/0.34.0/jaeger-thrift-0.34.0.jar:/home/user/.m2/repository/org/apache/thrift/libthrift/0.12.0/libthrift-0.12.0.jar:/home/user/.m2/repository/com/squareup/okhttp3/okhttp/3.9.0/okhttp-3.9.0.jar:/home/user/.m2/repository/com/squareup/okio/okio/1.13.0/okio-1.13.0.jar:/home/user/.m2/repository/io/jaegertracing/jaeger-core/0.34.0/jaeger-core-0.34.0.jar:/home/user/.m2/repository/io/jaegertracing/jaeger-tracerresolver/0.34.0/jaeger-tracerresolver-0.34.0.jar:/home/user/.m2/repository/io/opentracing/contrib/opentracing-tracerresolver/0.1.5/opentracing-tracerresolver-0.1.5.jar:/home/user/.m2/repository/io/opentracing/opentracing-util/0.31.0/opentracing-util-0.31.0.jar:/home/user/.m2/repository/io/opentracing/opentracing-api/0.31.0/opentracing-api-0.31.0.jar:/home/user/.m2/repository/io/opentracing/opentracing-noop/0.31.0/opentracing-noop-0.31.0.jar:/home/user/.m2/repository/org/apache/hadoop/hadoop-hdds-server-framework/0.5.0-SNAPSHOT/hadoop-hdds-server-framework-0.5.0-SNAPSHOT.jar:/home/user/.m2/repository/org/apache/hadoop/hadoop-hdds-container-service/0.5.0-SNAPSHOT/hadoop-hdds-container-service-0.5.0-SNAPSHOT.jar:/home/user/.m2/repository/org/apache/hadoop/hadoop-hdds-client/0.5.0-SNAPSHOT/hadoop-hdds-client-0.5.0-SNAPSHOT.jar:/home/user/.m2/repository/org/apache/hadoop/hadoop-hdds-tools/0.5.0-SNAPSHOT/hadoop-hdds-tools-0.5.0-SNAPSHOT.jar:/home/user/.m2/repository/org/apache/hadoop/hadoop-hdds-server-scm/0.5.0-SNAPSHOT/hadoop-hdds-server-scm-0.5.0-SNAPSHOT.jar:/home/user/.m2/repository/org/apache/hadoop/hadoop-hdds-docs/0.5.0-SNAPSHOT/hadoop-hdds-docs-0.5.0-SNAPSHOT.jar:/home/user/.m2/repository/io/dropwizard/metrics/metrics-core/3.2.4/metrics-core-3.2.4.jar:/home/user/.m2/repository/org/hamcrest/hamcrest-all/1.3/hamcrest-all-1.3.jar:/home/user/.m2/repository/org/bouncycastle/bcprov-jdk15on/1.60/bcprov-jdk15on-1.60.jar:/home/user/.m2/repository/info/picocli/picocli/3.9.6/picocli-3.9.6.jar:/home/user/.m2/repository/com/google/protobuf/protobuf-java/2.5.0/protobuf-java-2.5.0.jar:/home/user/.m2/repository/com/google/guava/guava/11.0.2/guava-11.0.2.jar:/home/user/.m2/repository/org/apache/hadoop/hadoop-ozone-ozone-manager/0.5.0-SNAPSHOT/hadoop-ozone-ozone-manager-0.5.0-SNAPSHOT.jar:/home/user/.m2/repository/org/apache/hadoop/hadoop-minikdc/3.2.0/hadoop-minikdc-3.2.0.jar:/home/user/.m2/repository/commons-io/commons-io/2.5/commons-io-2.5.jar:/home/user/.m2/repository/org/apache/kerby/kerb-simplekdc/1.0.1/kerb-simplekdc-1.0.1.jar:/home/user/.m2/repository/org/apache/kerby/kerb-client/1.0.1/kerb-client-1.0.1.jar:/home/user/.m2/repository/org/apache/kerby/kerby-config/1.0.1/kerby-config-1.0.1.jar:/home/user/.m2/repository/org/apache/kerby/kerb-core/1.0.1/kerb-core-1.0.1.jar:/home/user/.m2/repository/org/apache/kerby/kerby-pkix/1.0.1/kerby-pkix-1.0.1.jar:/home/user/.m2/repository/org/apache/kerby/kerby-asn1/1.0.1/kerby-asn1-1.0.1.jar:/home/user/.m2/repository/org/apache/kerby/kerby-util/1.0.1/kerby-util-1.0.1.jar:/home/user/.m2/repository/org/apache/kerby/kerb-common/1.0.1/kerb-common-1.0.1.jar:/home/user/.m2/repository/org/apache/kerby/kerb-crypto/1.0.1/kerb-crypto-1.0.1.jar:/home/user/.m2/repository/org/apache/kerby/kerb-util/1.0.1/kerb-util-1.0.1.jar:/home/user/.m2/repository/org/apache/kerby/token-provider/1.0.1/token-provider-1.0.1.jar:/home/user/.m2/repository/org/apache/kerby/kerb-admin/1.0.1/kerb-admin-1.0.1.jar:/home/user/.m2/repository/org/apache/kerby/kerb-server/1.0.1/kerb-server-1.0.1.jar:/home/user/.m2/repository/org/apache/kerby/kerb-identity/1.0.1/kerb-identity-1.0.1.jar:/home/user/.m2/repository/org/apache/kerby/kerby-xdr/1.0.1/kerby-xdr-1.0.1.jar:/home/user/.m2/repository/org/slf4j/slf4j-log4j12/1.7.25/slf4j-log4j12-1.7.25.jar:/home/user/.m2/repository/org/apache/hadoop/hadoop-ozone-s3gateway/0.5.0-SNAPSHOT/hadoop-ozone-s3gateway-0.5.0-SNAPSHOT.jar:/home/user/.m2/repository/org/jboss/weld/servlet/weld-servlet/2.4.7.Final/weld-servlet-2.4.7.Final.jar:/home/user/.m2/repository/org/glassfish/jersey/containers/jersey-container-servlet-core/2.27/jersey-container-servlet-core-2.27.jar:/home/user/.m2/repository/org/glassfish/hk2/external/javax.inject/2.5.0-b42/javax.inject-2.5.0-b42.jar:/home/user/.m2/repository/org/glassfish/jersey/core/jersey-common/2.27/jersey-common-2.27.jar:/home/user/.m2/repository/org/glassfish/hk2/osgi-resource-locator/1.0.1/osgi-resource-locator-1.0.1.jar:/home/user/.m2/repository/javax/ws/rs/javax.ws.rs-api/2.1/javax.ws.rs-api-2.1.jar:/home/user/.m2/repository/org/glassfish/jersey/ext/cdi/jersey-cdi1x/2.27/jersey-cdi1x-2.27.jar:/home/user/.m2/repository/org/glassfish/jersey/inject/jersey-hk2/2.27/jersey-hk2-2.27.jar:/home/user/.m2/repository/org/glassfish/hk2/hk2-locator/2.5.0-b42/hk2-locator-2.5.0-b42.jar:/home/user/.m2/repository/org/javassist/javassist/3.22.0-CR2/javassist-3.22.0-CR2.jar:/home/user/.m2/repository/org/glassfish/hk2/hk2-api/2.5.0/hk2-api-2.5.0.jar:/home/user/.m2/repository/org/glassfish/hk2/external/jakarta.inject/2.5.0/jakarta.inject-2.5.0.jar:/home/user/.m2/repository/org/glassfish/hk2/hk2-utils/2.5.0/hk2-utils-2.5.0.jar:/home/user/.m2/repository/jakarta/annotation/jakarta.annotation-api/1.3.4/jakarta.annotation-api-1.3.4.jar:/home/user/.m2/repository/org/glassfish/hk2/external/aopalliance-repackaged/2.5.0/aopalliance-repackaged-2.5.0.jar:/home/user/.m2/repository/com/fasterxml/jackson/dataformat/jackson-dataformat-xml/2.9.0/jackson-dataformat-xml-2.9.0.jar:/home/user/.m2/repository/com/fasterxml/jackson/core/jackson-core/2.9.9/jackson-core-2.9.9.jar:/home/user/.m2/repository/com/fasterxml/jackson/module/jackson-module-jaxb-annotations/2.9.9/jackson-module-jaxb-annotations-2.9.9.jar:/home/user/.m2/repository/javax/enterprise/cdi-api/1.2/cdi-api-1.2.jar:/home/user/.m2/repository/javax/el/javax.el-api/3.0.0/javax.el-api-3.0.0.jar:/home/user/.m2/repository/javax/interceptor/javax.interceptor-api/1.2/javax.interceptor-api-1.2.jar:/home/user/.m2/repository/javax/inject/javax.inject/1/javax.inject-1.jar:/home/user/.m2/repository/com/sun/xml/bind/jaxb-impl/2.3.0.1/jaxb-impl-2.3.0.1.jar:/home/user/.m2/repository/com/sun/xml/bind/jaxb-core/2.3.0.1/jaxb-core-2.3.0.1.jar:/home/user/.m2/repository/javax/xml/bind/jaxb-api/2.3.0/jaxb-api-2.3.0.jar:/home/user/.m2/repository/javax/activation/activation/1.1.1/activation-1.1.1.jar:/home/user/.m2/repository/org/apache/hadoop/hadoop-ozone-csi/0.5.0-SNAPSHOT/hadoop-ozone-csi-0.5.0-SNAPSHOT.jar:/home/user/.m2/repository/com/google/protobuf/protobuf-java-util/3.5.1/protobuf-java-util-3.5.1.jar:/home/user/.m2/repository/org/apache/hadoop/hadoop-hdds-config/0.5.0-SNAPSHOT/hadoop-hdds-config-0.5.0-SNAPSHOT.jar:/home/user/.m2/repository/io/grpc/grpc-netty/1.17.1/grpc-netty-1.17.1.jar:/home/user/.m2/repository/io/grpc/grpc-core/1.17.1/grpc-core-1.17.1.jar:/home/user/.m2/repository/io/grpc/grpc-context/1.17.1/grpc-context-1.17.1.jar:/home/user/.m2/repository/com/google/errorprone/error_prone_annotations/2.2.0/error_prone_annotations-2.2.0.jar:/home/user/.m2/repository/org/codehaus/mojo/animal-sniffer-annotations/1.17/animal-sniffer-annotations-1.17.jar:/home/user/.m2/repository/io/opencensus/opencensus-api/0.17.0/opencensus-api-0.17.0.jar:/home/user/.m2/repository/io/opencensus/opencensus-contrib-grpc-metrics/0.17.0/opencensus-contrib-grpc-metrics-0.17.0.jar:/home/user/.m2/repository/io/netty/netty-codec-http2/4.1.30.Final/netty-codec-http2-4.1.30.Final.jar:/home/user/.m2/repository/io/netty/netty-codec-http/4.1.30.Final/netty-codec-http-4.1.30.Final.jar:/home/user/.m2/repository/io/netty/netty-codec/4.1.30.Final/netty-codec-4.1.30.Final.jar:/home/user/.m2/repository/io/netty/netty-handler/4.1.30.Final/netty-handler-4.1.30.Final.jar:/home/user/.m2/repository/io/netty/netty-handler-proxy/4.1.30.Final/netty-handler-proxy-4.1.30.Final.jar:/home/user/.m2/repository/io/netty/netty-codec-socks/4.1.30.Final/netty-codec-socks-4.1.30.Final.jar:/home/user/.m2/repository/io/netty/netty-transport-native-epoll/4.1.30.Final/netty-transport-native-epoll-4.1.30.Final.jar:/home/user/.m2/repository/io/netty/netty-common/4.1.30.Final/netty-common-4.1.30.Final.jar:/home/user/.m2/repository/io/netty/netty-buffer/4.1.30.Final/netty-buffer-4.1.30.Final.jar:/home/user/.m2/repository/io/netty/netty-transport/4.1.30.Final/netty-transport-4.1.30.Final.jar:/home/user/.m2/repository/io/netty/netty-resolver/4.1.30.Final/netty-resolver-4.1.30.Final.jar:/home/user/.m2/repository/io/netty/netty-transport-native-unix-common/4.1.30.Final/netty-transport-native-unix-common-4.1.30.Final.jar:/home/user/.m2/repository/io/grpc/grpc-protobuf/1.17.1/grpc-protobuf-1.17.1.jar:/home/user/.m2/repository/com/google/api/grpc/proto-google-common-protos/1.0.0/proto-google-common-protos-1.0.0.jar:/home/user/.m2/repository/io/grpc/grpc-protobuf-lite/1.17.1/grpc-protobuf-lite-1.17.1.jar:/home/user/.m2/repository/io/grpc/grpc-stub/1.17.1/grpc-stub-1.17.1.jar:/home/user/.m2/repository/org/apache/hadoop/hadoop-ozone-recon/0.5.0-SNAPSHOT/hadoop-ozone-recon-0.5.0-SNAPSHOT.jar:/home/user/.m2/repository/org/apache/hadoop/hadoop-ozone-reconcodegen/0.5.0-SNAPSHOT/hadoop-ozone-reconcodegen-0.5.0-SNAPSHOT.jar:/home/user/.m2/repository/com/google/inject/extensions/guice-multibindings/4.0/guice-multibindings-4.0.jar:/home/user/.m2/repository/com/google/inject/guice/4.0/guice-4.0.jar:/home/user/.m2/repository/aopalliance/aopalliance/1.0/aopalliance-1.0.jar:/home/user/.m2/repository/com/google/inject/extensions/guice-servlet/4.0/guice-servlet-4.0.jar:/home/user/.m2/repository/org/glassfish/jersey/containers/jersey-container-servlet/2.27/jersey-container-servlet-2.27.jar:/home/user/.m2/repository/org/glassfish/hk2/guice-bridge/2.5.0/guice-bridge-2.5.0.jar:/home/user/.m2/repository/org/glassfish/jersey/core/jersey-server/2.27/jersey-server-2.27.jar:/home/user/.m2/repository/org/glassfish/jersey/core/jersey-client/2.27/jersey-client-2.27.jar:/home/user/.m2/repository/org/glassfish/jersey/media/jersey-media-jaxb/2.27/jersey-media-jaxb-2.27.jar:/home/user/.m2/repository/javax/validation/validation-api/1.1.0.Final/validation-api-1.1.0.Final.jar:/home/user/.m2/repository/org/glassfish/jersey/media/jersey-media-json-jackson/2.27/jersey-media-json-jackson-2.27.jar:/home/user/.m2/repository/org/glassfish/jersey/ext/jersey-entity-filtering/2.27/jersey-entity-filtering-2.27.jar:/home/user/.m2/repository/com/google/inject/extensions/guice-assistedinject/4.0/guice-assistedinject-4.0.jar:/home/user/.m2/repository/org/jooq/jooq/3.11.10/jooq-3.11.10.jar:/home/user/.m2/repository/org/jooq/jooq-meta/3.11.10/jooq-meta-3.11.10.jar:/home/user/.m2/repository/org/jooq/jooq-codegen/3.11.10/jooq-codegen-3.11.10.jar:/home/user/.m2/repository/com/jolbox/bonecp/0.8.0.RELEASE/bonecp-0.8.0.RELEASE.jar:/home/user/.m2/repository/org/xerial/sqlite-jdbc/3.25.2/sqlite-jdbc-3.25.2.jar:/home/user/.m2/repository/org/springframework/spring-jdbc/5.1.3.RELEASE/spring-jdbc-5.1.3.RELEASE.jar:/home/user/.m2/repository/org/springframework/spring-beans/5.1.3.RELEASE/spring-beans-5.1.3.RELEASE.jar:/home/user/.m2/repository/org/springframework/spring-core/5.1.3.RELEASE/spring-core-5.1.3.RELEASE.jar:/home/user/.m2/repository/org/springframework/spring-jcl/5.1.3.RELEASE/spring-jcl-5.1.3.RELEASE.jar:/home/user/.m2/repository/org/springframework/spring-tx/5.1.3.RELEASE/spring-tx-5.1.3.RELEASE.jar:/home/user/.m2/repository/org/apache/hadoop/hadoop-ozone-client/0.5.0-SNAPSHOT/hadoop-ozone-client-0.5.0-SNAPSHOT.jar:/home/user/.m2/repository/commons-lang/commons-lang/2.6/commons-lang-2.6.jar:/home/user/.m2/repository/org/apache/hadoop/hadoop-ozone-ozone-manager/0.5.0-SNAPSHOT/hadoop-ozone-ozone-manager-0.5.0-SNAPSHOT-tests.jar:/home/user/.m2/repository/junit/junit/4.11/junit-4.11.jar:/home/user/.m2/repository/org/hamcrest/hamcrest-core/1.3/hamcrest-core-1.3.jar:/home/user/.m2/repository/org/openjdk/jmh/jmh-core/1.19/jmh-core-1.19.jar:/home/user/.m2/repository/net/sf/jopt-simple/jopt-simple/4.6/jopt-simple-4.6.jar:/home/user/.m2/repository/org/apache/commons/commons-math3/3.1.1/commons-math3-3.1.1.jar:/home/user/.m2/repository/org/openjdk/jmh/jmh-generator-annprocess/1.19/jmh-generator-annprocess-1.19.jar:/home/user/.m2/repository/org/mockito/mockito-all/1.8.5/mockito-all-1.8.5.jar:/home/user/.m2/repository/org/apache/hadoop/hadoop-kms/3.2.0/hadoop-kms-3.2.0.jar:/home/user/.m2/repository/org/apache/hadoop/hadoop-auth/3.2.0/hadoop-auth-3.2.0.jar:/home/user/.m2/repository/com/nimbusds/nimbus-jose-jwt/4.41.1/nimbus-jose-jwt-4.41.1.jar:/home/user/.m2/repository/com/github/stephenc/jcip/jcip-annotations/1.0-1/jcip-annotations-1.0-1.jar:/home/user/.m2/repository/net/minidev/json-smart/2.3/json-smart-2.3.jar:/home/user/.m2/repository/net/minidev/accessors-smart/1.2/accessors-smart-1.2.jar:/home/user/.m2/repository/org/ow2/asm/asm/5.0.4/asm-5.0.4.jar:/home/user/.m2/repository/org/apache/curator/curator-framework/2.12.0/curator-framework-2.12.0.jar:/home/user/.m2/repository/com/sun/jersey/jersey-core/1.19/jersey-core-1.19.jar:/home/user/.m2/repository/javax/ws/rs/jsr311-api/1.1.1/jsr311-api-1.1.1.jar:/home/user/.m2/repository/com/sun/jersey/jersey-server/1.19/jersey-server-1.19.jar:/home/user/.m2/repository/javax/servlet/javax.servlet-api/3.1.0/javax.servlet-api-3.1.0.jar:/home/user/.m2/repository/org/eclipse/jetty/jetty-server/9.3.25.v20180904/jetty-server-9.3.25.v20180904.jar:/home/user/.m2/repository/org/eclipse/jetty/jetty-http/9.3.25.v20180904/jetty-http-9.3.25.v20180904.jar:/home/user/.m2/repository/org/eclipse/jetty/jetty-io/9.3.25.v20180904/jetty-io-9.3.25.v20180904.jar:/home/user/.m2/repository/org/eclipse/jetty/jetty-webapp/9.3.25.v20180904/jetty-webapp-9.3.25.v20180904.jar:/home/user/.m2/repository/org/eclipse/jetty/jetty-xml/9.3.25.v20180904/jetty-xml-9.3.25.v20180904.jar:/home/user/.m2/repository/log4j/log4j/1.2.17/log4j-1.2.17.jar:/home/user/.m2/repository/org/slf4j/slf4j-api/1.7.25/slf4j-api-1.7.25.jar:/home/user/.m2/repository/org/slf4j/jul-to-slf4j/1.7.25/jul-to-slf4j-1.7.25.jar:/home/user/.m2/repository/org/eclipse/jetty/jetty-util/9.3.25.v20180904/jetty-util-9.3.25.v20180904.jar:/home/user/.m2/repository/com/fasterxml/jackson/core/jackson-databind/2.9.9/jackson-databind-2.9.9.jar:/home/user/.m2/repository/org/apache/hadoop/hadoop-kms/3.2.0/hadoop-kms-3.2.0-tests.jar:/home/user/.m2/repository/org/apache/hadoop/hadoop-hdds-server-scm/0.5.0-SNAPSHOT/hadoop-hdds-server-scm-0.5.0-SNAPSHOT-tests.jar:/home/user/.m2/repository/org/apache/hadoop/hadoop-hdds-container-service/0.5.0-SNAPSHOT/hadoop-hdds-container-service-0.5.0-SNAPSHOT-tests.jar:/home/user/.m2/repository/org/yaml/snakeyaml/1.16/snakeyaml-1.16.jar:/home/user/.m2/repository/org/apache/hadoop/hadoop-common/3.2.0/hadoop-common-3.2.0-tests.jar:/home/user/.m2/repository/org/apache/hadoop/hadoop-annotations/3.2.0/hadoop-annotations-3.2.0.jar:/usr/lib/jvm/java-1.8-openjdk/jre/../lib/tools.jar:/home/user/.m2/repository/commons-cli/commons-cli/1.2/commons-cli-1.2.jar:/home/user/.m2/repository/org/apache/httpcomponents/httpclient/4.5.2/httpclient-4.5.2.jar:/home/user/.m2/repository/org/apache/httpcomponents/httpcore/4.4.4/httpcore-4.4.4.jar:/home/user/.m2/repository/commons-codec/commons-codec/1.11/commons-codec-1.11.jar:/home/user/.m2/repository/commons-net/commons-net/3.6/commons-net-3.6.jar:/home/user/.m2/repository/commons-collections/commons-collections/3.2.2/commons-collections-3.2.2.jar:/home/user/.m2/repository/org/eclipse/jetty/jetty-servlet/9.3.25.v20180904/jetty-servlet-9.3.25.v20180904.jar:/home/user/.m2/repository/org/eclipse/jetty/jetty-security/9.3.25.v20180904/jetty-security-9.3.25.v20180904.jar:/home/user/.m2/repository/javax/servlet/jsp/jsp-api/2.1/jsp-api-2.1.jar:/home/user/.m2/repository/com/sun/jersey/jersey-servlet/1.19/jersey-servlet-1.19.jar:/home/user/.m2/repository/com/sun/jersey/jersey-json/1.19/jersey-json-1.19.jar:/home/user/.m2/repository/org/codehaus/jettison/jettison/1.1/jettison-1.1.jar:/home/user/.m2/repository/org/codehaus/jackson/jackson-core-asl/1.9.13/jackson-core-asl-1.9.13.jar:/home/user/.m2/repository/org/codehaus/jackson/jackson-mapper-asl/1.9.13/jackson-mapper-asl-1.9.13.jar:/home/user/.m2/repository/org/codehaus/jackson/jackson-jaxrs/1.9.13/jackson-jaxrs-1.9.13.jar:/home/user/.m2/repository/org/codehaus/jackson/jackson-xc/1.9.13/jackson-xc-1.9.13.jar:/home/user/.m2/repository/commons-logging/commons-logging/1.1.3/commons-logging-1.1.3.jar:/home/user/.m2/repository/commons-beanutils/commons-beanutils/1.9.4/commons-beanutils-1.9.4.jar:/home/user/.m2/repository/org/apache/commons/commons-configuration2/2.1.1/commons-configuration2-2.1.1.jar:/home/user/.m2/repository/org/apache/commons/commons-lang3/3.7/commons-lang3-3.7.jar:/home/user/.m2/repository/org/apache/commons/commons-text/1.4/commons-text-1.4.jar:/home/user/.m2/repository/org/apache/avro/avro/1.7.7/avro-1.7.7.jar:/home/user/.m2/repository/com/thoughtworks/paranamer/paranamer/2.3/paranamer-2.3.jar:/home/user/.m2/repository/org/xerial/snappy/snappy-java/1.0.5/snappy-java-1.0.5.jar:/home/user/.m2/repository/com/google/re2j/re2j/1.1/re2j-1.1.jar:/home/user/.m2/repository/com/google/code/gson/gson/2.2.4/gson-2.2.4.jar:/home/user/.m2/repository/com/jcraft/jsch/0.1.54/jsch-0.1.54.jar:/home/user/.m2/repository/org/apache/curator/curator-client/2.12.0/curator-client-2.12.0.jar:/home/user/.m2/repository/org/apache/curator/curator-recipes/2.12.0/curator-recipes-2.12.0.jar:/home/user/.m2/repository/com/google/code/findbugs/jsr305/3.0.0/jsr305-3.0.0.jar:/home/user/.m2/repository/org/apache/htrace/htrace-core4/4.1.0-incubating/htrace-core4-4.1.0-incubating.jar:/home/user/.m2/repository/org/apache/zookeeper/zookeeper/3.4.13/zookeeper-3.4.13.jar:/home/user/.m2/repository/jline/jline/0.9.94/jline-0.9.94.jar:/home/user/.m2/repository/org/apache/yetus/audience-annotations/0.5.0/audience-annotations-0.5.0.jar:/home/user/.m2/repository/org/codehaus/woodstox/stax2-api/3.1.4/stax2-api-3.1.4.jar:/home/user/.m2/repository/com/fasterxml/woodstox/woodstox-core/5.0.3/woodstox-core-5.0.3.jar:/home/user/.m2/repository/dnsjava/dnsjava/2.1.7/dnsjava-2.1.7.jar:/home/user/.m2/repository/org/apache/hadoop/hadoop-hdfs/3.2.0/hadoop-hdfs-3.2.0-tests.jar:/home/user/.m2/repository/org/eclipse/jetty/jetty-util-ajax/9.3.25.v20180904/jetty-util-ajax-9.3.25.v20180904.jar:/home/user/.m2/repository/commons-daemon/commons-daemon/1.0.13/commons-daemon-1.0.13.jar:/home/user/.m2/repository/io/netty/netty/3.10.5.Final/netty-3.10.5.Final.jar:/home/user/.m2/repository/io/netty/netty-all/4.0.52.Final/netty-all-4.0.52.Final.jar:/home/user/.m2/repository/org/fusesource/leveldbjni/leveldbjni-all/1.8/leveldbjni-all-1.8.jar:"/>
    <property name="sun.cpu.endian" value="little"/>
    <property name="user.home" value="/home/user"/>
    <property name="user.language" value="en"/>
    <property name="java.specification.vendor" value="Oracle Corporation"/>
    <property name="java.home" value="/usr/lib/jvm/java-1.8-openjdk/jre"/>
    <property name="java.security.krb5.conf" value="/workdir/hadoop-ozone/integration-test/target/test-classes/krb5.conf"/>
    <property name="basedir" value="/workdir/hadoop-ozone/integration-test"/>
    <property name="file.separator" value="/"/>
    <property name="line.separator" value="&#10;"/>
    <property name="java.vm.specification.vendor" value="Oracle Corporation"/>
    <property name="java.specification.name" value="Java Platform API Specification"/>
    <property name="java.awt.graphicsenv" value="sun.awt.X11GraphicsEnvironment"/>
    <property name="surefire.real.class.path" value="/workdir/hadoop-ozone/integration-test/target/surefire/surefirebooter1841499528701365538.jar"/>
    <property name="hadoop.log.dir" value="/workdir/hadoop-ozone/integration-test/target/log"/>
    <property name="sun.boot.class.path" value="/usr/lib/jvm/java-1.8-openjdk/jre/lib/resources.jar:/usr/lib/jvm/java-1.8-openjdk/jre/lib/rt.jar:/usr/lib/jvm/java-1.8-openjdk/jre/lib/sunrsasign.jar:/usr/lib/jvm/java-1.8-openjdk/jre/lib/jsse.jar:/usr/lib/jvm/java-1.8-openjdk/jre/lib/jce.jar:/usr/lib/jvm/java-1.8-openjdk/jre/lib/charsets.jar:/usr/lib/jvm/java-1.8-openjdk/jre/lib/jfr.jar:/usr/lib/jvm/java-1.8-openjdk/jre/classes"/>
    <property name="sun.management.compiler" value="HotSpot 64-Bit Tiered Compilers"/>
    <property name="java.runtime.version" value="1.8.0_212-b04"/>
    <property name="java.net.preferIPv4Stack" value="true"/>
    <property name="user.name" value="jenkins1000"/>
    <property name="path.separator" value=":"/>
    <property name="java.security.egd" value="file:///dev/urandom"/>
    <property name="os.version" value="3.10.0-957.12.2.el7.x86_64"/>
    <property name="java.endorsed.dirs" value="/usr/lib/jvm/java-1.8-openjdk/jre/lib/endorsed"/>
    <property name="java.runtime.name" value="OpenJDK Runtime Environment"/>
    <property name="file.encoding" value="UTF-8"/>
    <property name="java.vm.name" value="OpenJDK 64-Bit Server VM"/>
    <property name="test.build.webapps" value=""/>
    <property name="localRepository" value="/home/user/.m2/repository"/>
    <property name="java.vendor.url.bug" value="https://icedtea.classpath.org/bugzilla"/>
    <property name="java.io.tmpdir" value="/tmp"/>
    <property name="require.test.libhadoop" value=""/>
    <property name="java.version" value="1.8.0_212"/>
    <property name="user.dir" value="/workdir/hadoop-ozone/integration-test"/>
    <property name="os.arch" value="amd64"/>
    <property name="java.vm.specification.name" value="Java Virtual Machine Specification"/>
    <property name="test.build.classes" value="/workdir/hadoop-ozone/integration-test/target/test-classes"/>
    <property name="java.awt.printerjob" value="sun.print.PSPrinterJob"/>
    <property name="sun.os.patch.level" value="unknown"/>
    <property name="hadoop.tmp.dir" value="/workdir/hadoop-ozone/integration-test/target/tmp"/>
    <property name="java.library.path" value="/usr/lib/jvm/java-1.8-openjdk/jre/lib/amd64/server:/usr/lib/jvm/java-1.8-openjdk/jre/lib/amd64:/usr/lib/jvm/java-1.8-openjdk/jre/../lib/amd64:/workdir/hadoop-ozone/integration-test/target/native/target/usr/local/lib:/workdir/hadoop-ozone/integration-test/../../hadoop-common-project/hadoop-common/target/native/target/usr/local/lib:/usr/java/packages/lib/amd64:/usr/lib64:/lib64:/lib:/usr/lib"/>
    <property name="java.vm.info" value="mixed mode"/>
    <property name="java.vendor" value="IcedTea"/>
    <property name="java.vm.version" value="25.212-b04"/>
    <property name="java.ext.dirs" value="/usr/lib/jvm/java-1.8-openjdk/jre/lib/ext:/usr/java/packages/lib/ext"/>
    <property name="sun.io.unicode.encoding" value="UnicodeLittle"/>
    <property name="java.class.version" value="52.0"/>
  </properties>
  <testcase name="test2DatanodesFailure" classname="org.apache.hadoop.ozone.client.rpc.TestBlockOutputStreamWithFailures" time="39.934">
    <failure message="expected:&lt;5&gt; but was:&lt;6&gt;" type="java.lang.AssertionError"><![CDATA[java.lang.AssertionError: expected:<5> but was:<6>
	at org.junit.Assert.fail(Assert.java:88)
	at org.junit.Assert.failNotEquals(Assert.java:743)
	at org.junit.Assert.assertEquals(Assert.java:118)
	at org.junit.Assert.assertEquals(Assert.java:555)
	at org.junit.Assert.assertEquals(Assert.java:542)
	at org.apache.hadoop.ozone.client.rpc.TestBlockOutputStreamWithFailures.test2DatanodesFailure(TestBlockOutputStreamWithFailures.java:467)
	at sun.reflect.NativeMethodAccessorImpl.invoke0(Native Method)
	at sun.reflect.NativeMethodAccessorImpl.invoke(NativeMethodAccessorImpl.java:62)
	at sun.reflect.DelegatingMethodAccessorImpl.invoke(DelegatingMethodAccessorImpl.java:43)
	at java.lang.reflect.Method.invoke(Method.java:498)
	at org.junit.runners.model.FrameworkMethod$1.runReflectiveCall(FrameworkMethod.java:47)
	at org.junit.internal.runners.model.ReflectiveCallable.run(ReflectiveCallable.java:12)
	at org.junit.runners.model.FrameworkMethod.invokeExplosively(FrameworkMethod.java:44)
	at org.junit.internal.runners.statements.InvokeMethod.evaluate(InvokeMethod.java:17)
	at org.junit.internal.runners.statements.RunBefores.evaluate(RunBefores.java:26)
	at org.junit.internal.runners.statements.RunAfters.evaluate(RunAfters.java:27)
	at org.junit.runners.ParentRunner.runLeaf(ParentRunner.java:271)
	at org.junit.runners.BlockJUnit4ClassRunner.runChild(BlockJUnit4ClassRunner.java:70)
	at org.junit.runners.BlockJUnit4ClassRunner.runChild(BlockJUnit4ClassRunner.java:50)
	at org.junit.runners.ParentRunner$3.run(ParentRunner.java:238)
	at org.junit.runners.ParentRunner$1.schedule(ParentRunner.java:63)
	at org.junit.runners.ParentRunner.runChildren(ParentRunner.java:236)
	at org.junit.runners.ParentRunner.access$000(ParentRunner.java:53)
	at org.junit.runners.ParentRunner$2.evaluate(ParentRunner.java:229)
	at org.junit.runners.ParentRunner.run(ParentRunner.java:309)
	at org.apache.maven.surefire.junit4.JUnit4Provider.execute(JUnit4Provider.java:365)
	at org.apache.maven.surefire.junit4.JUnit4Provider.executeWithRerun(JUnit4Provider.java:273)
	at org.apache.maven.surefire.junit4.JUnit4Provider.executeTestSet(JUnit4Provider.java:238)
	at org.apache.maven.surefire.junit4.JUnit4Provider.invoke(JUnit4Provider.java:159)
	at org.apache.maven.surefire.booter.ForkedBooter.invokeProviderInSameClassLoader(ForkedBooter.java:384)
	at org.apache.maven.surefire.booter.ForkedBooter.runSuitesInProcess(ForkedBooter.java:345)
	at org.apache.maven.surefire.booter.ForkedBooter.execute(ForkedBooter.java:126)
	at org.apache.maven.surefire.booter.ForkedBooter.main(ForkedBooter.java:418)
]]></failure>
    <system-out><![CDATA[2019-10-03 08:04:57,202 [main] WARN  server.ServerUtils (ServerUtils.java:getScmDbDir(145)) - ozone.scm.db.dirs is not configured. We recommend adding this setting. Falling back to ozone.metadata.dirs instead.
2019-10-03 08:04:57,316 [main] WARN  server.ServerUtils (ServerUtils.java:getScmDbDir(145)) - ozone.scm.db.dirs is not configured. We recommend adding this setting. Falling back to ozone.metadata.dirs instead.
2019-10-03 08:04:57,321 [main] WARN  server.ServerUtils (ServerUtils.java:getScmDbDir(145)) - ozone.scm.db.dirs is not configured. We recommend adding this setting. Falling back to ozone.metadata.dirs instead.
2019-10-03 08:04:57,356 [main] INFO  util.log (Log.java:initialized(192)) - Logging initialized @1060ms
2019-10-03 08:04:57,476 [main] INFO  db.DBStoreBuilder (DBStoreBuilder.java:addTable(110)) - using custom profile for table: deletedBlocks
2019-10-03 08:04:57,476 [main] INFO  db.DBStoreBuilder (DBStoreBuilder.java:processTables(161)) - Using default column profile:DBProfile.DISK for Table:deletedBlocks
2019-10-03 08:04:57,477 [main] INFO  db.DBStoreBuilder (DBStoreBuilder.java:addTable(110)) - using custom profile for table: validCerts
2019-10-03 08:04:57,477 [main] INFO  db.DBStoreBuilder (DBStoreBuilder.java:processTables(161)) - Using default column profile:DBProfile.DISK for Table:validCerts
2019-10-03 08:04:57,477 [main] INFO  db.DBStoreBuilder (DBStoreBuilder.java:addTable(110)) - using custom profile for table: revokedCerts
2019-10-03 08:04:57,477 [main] INFO  db.DBStoreBuilder (DBStoreBuilder.java:processTables(161)) - Using default column profile:DBProfile.DISK for Table:revokedCerts
2019-10-03 08:04:57,490 [main] INFO  db.DBStoreBuilder (DBStoreBuilder.java:addTable(110)) - using custom profile for table: default
2019-10-03 08:04:57,490 [main] INFO  db.DBStoreBuilder (DBStoreBuilder.java:processTables(167)) - Using default column profile:DBProfile.DISK for Table:default
2019-10-03 08:04:57,491 [main] INFO  db.DBStoreBuilder (DBStoreBuilder.java:getDbProfile(198)) - Using default options. DBProfile.DISK
2019-10-03 08:04:57,793 [main] INFO  net.NodeSchemaLoader (NodeSchemaLoader.java:loadSchemaFromFile(125)) - Loading file from sun.misc.CompoundEnumeration@71d44a3
2019-10-03 08:04:57,795 [main] INFO  net.NodeSchemaLoader (NodeSchemaLoader.java:loadSchema(171)) - Loading network topology layer schema file
2019-10-03 08:04:57,868 [main] INFO  node.SCMNodeManager (SCMNodeManager.java:<init>(114)) - Entering startup safe mode.
2019-10-03 08:04:57,946 [main] INFO  algorithms.ContainerPlacementPolicyFactory (ContainerPlacementPolicyFactory.java:getPolicy(57)) - Create container placement policy of type org.apache.hadoop.hdds.scm.container.placement.algorithms.SCMContainerPlacementRandom
2019-10-03 08:04:57,961 [main] WARN  server.ServerUtils (ServerUtils.java:getScmDbDir(145)) - ozone.scm.db.dirs is not configured. We recommend adding this setting. Falling back to ozone.metadata.dirs instead.
2019-10-03 08:04:58,023 [main] INFO  pipeline.SCMPipelineManager (SCMPipelineManager.java:initializePipelineState(132)) - No pipeline exists in current db
2019-10-03 08:04:58,025 [main] WARN  server.ServerUtils (ServerUtils.java:getScmDbDir(145)) - ozone.scm.db.dirs is not configured. We recommend adding this setting. Falling back to ozone.metadata.dirs instead.
2019-10-03 08:04:58,160 [main] WARN  events.EventQueue (EventQueue.java:fireEvent(183)) - No event handler registered for event TypedEvent{payloadType=SafeModeStatus, name='SafeModeStatus'}
2019-10-03 08:04:58,560 [main] INFO  ipc.CallQueueManager (CallQueueManager.java:<init>(84)) - Using callQueue: class java.util.concurrent.LinkedBlockingQueue, queueCapacity: 2000, scheduler: class org.apache.hadoop.ipc.DefaultRpcScheduler, ipcBackoff: false.
2019-10-03 08:04:58,589 [Socket Reader #1 for port 40579] INFO  ipc.Server (Server.java:run(1074)) - Starting Socket Reader #1 for port 40579
2019-10-03 08:04:58,755 [main] INFO  ipc.CallQueueManager (CallQueueManager.java:<init>(84)) - Using callQueue: class java.util.concurrent.LinkedBlockingQueue, queueCapacity: 2000, scheduler: class org.apache.hadoop.ipc.DefaultRpcScheduler, ipcBackoff: false.
2019-10-03 08:04:58,757 [Socket Reader #1 for port 41907] INFO  ipc.Server (Server.java:run(1074)) - Starting Socket Reader #1 for port 41907
2019-10-03 08:04:58,768 [main] INFO  ipc.CallQueueManager (CallQueueManager.java:<init>(84)) - Using callQueue: class java.util.concurrent.LinkedBlockingQueue, queueCapacity: 2000, scheduler: class org.apache.hadoop.ipc.DefaultRpcScheduler, ipcBackoff: false.
2019-10-03 08:04:58,769 [Socket Reader #1 for port 32882] INFO  ipc.Server (Server.java:run(1074)) - Starting Socket Reader #1 for port 32882
2019-10-03 08:04:58,805 [main] INFO  hdfs.DFSUtil (DFSUtil.java:httpServerTemplateForNNAndJN(1641)) - Starting Web-server for scm at: http://0.0.0.0:0
2019-10-03 08:04:58,987 [main] INFO  server.AuthenticationFilter (AuthenticationFilter.java:constructSecretProvider(240)) - Unable to initialize FileSignerSecretProvider, falling back to use random secrets.
2019-10-03 08:04:59,001 [main] WARN  http.HttpRequestLog (HttpRequestLog.java:getRequestLog(97)) - Jetty request log can only be enabled using Log4j
2019-10-03 08:04:59,013 [main] INFO  http.HttpServer2 (HttpServer2.java:addGlobalFilter(975)) - Added global filter 'safety' (class=org.apache.hadoop.http.HttpServer2$QuotingInputFilter)
2019-10-03 08:04:59,017 [main] INFO  http.HttpServer2 (HttpServer2.java:addFilter(948)) - Added filter static_user_filter (class=org.apache.hadoop.http.lib.StaticUserWebFilter$StaticUserFilter) to context scm
2019-10-03 08:04:59,018 [main] INFO  http.HttpServer2 (HttpServer2.java:addFilter(958)) - Added filter static_user_filter (class=org.apache.hadoop.http.lib.StaticUserWebFilter$StaticUserFilter) to context logs
2019-10-03 08:04:59,018 [main] INFO  http.HttpServer2 (HttpServer2.java:addFilter(958)) - Added filter static_user_filter (class=org.apache.hadoop.http.lib.StaticUserWebFilter$StaticUserFilter) to context static
2019-10-03 08:04:59,062 [main] INFO  server.StorageContainerManager (StorageContainerManager.java:start(770)) - StorageContainerLocationProtocol RPC server is listening at /0.0.0.0:32882
2019-10-03 08:04:59,147 [main] WARN  impl.MetricsConfig (MetricsConfig.java:loadFirst(134)) - Cannot locate configuration: tried hadoop-metrics2-storagecontainermanager.properties,hadoop-metrics2.properties
2019-10-03 08:04:59,163 [main] INFO  impl.MetricsSystemImpl (MetricsSystemImpl.java:startTimer(374)) - Scheduled Metric snapshot period at 10 second(s).
2019-10-03 08:04:59,164 [main] INFO  impl.MetricsSystemImpl (MetricsSystemImpl.java:start(191)) - StorageContainerManager metrics system started
2019-10-03 08:04:59,407 [main] INFO  server.SCMClientProtocolServer (SCMClientProtocolServer.java:start(150)) - RPC server for Client  is listening at /0.0.0.0:32882
2019-10-03 08:04:59,408 [IPC Server Responder] INFO  ipc.Server (Server.java:run(1314)) - IPC Server Responder: starting
2019-10-03 08:04:59,408 [IPC Server listener on 32882] INFO  ipc.Server (Server.java:run(1153)) - IPC Server listener on 32882: starting
2019-10-03 08:04:59,410 [main] INFO  server.StorageContainerManager (StorageContainerManager.java:start(780)) - ScmBlockLocationProtocol RPC server is listening at /0.0.0.0:41907
2019-10-03 08:04:59,412 [main] INFO  server.SCMBlockProtocolServer (SCMBlockProtocolServer.java:start(146)) - RPC server for Block Protocol is listening at /0.0.0.0:41907
2019-10-03 08:04:59,413 [IPC Server Responder] INFO  ipc.Server (Server.java:run(1314)) - IPC Server Responder: starting
2019-10-03 08:04:59,413 [IPC Server listener on 41907] INFO  ipc.Server (Server.java:run(1153)) - IPC Server listener on 41907: starting
2019-10-03 08:04:59,415 [main] INFO  server.StorageContainerManager (StorageContainerManager.java:start(784)) - ScmDatanodeProtocl RPC server is listening at /0.0.0.0:40579
2019-10-03 08:04:59,415 [main] INFO  server.SCMDatanodeProtocolServer (SCMDatanodeProtocolServer.java:start(169)) - RPC server for DataNodes is listening at /0.0.0.0:40579
2019-10-03 08:04:59,416 [IPC Server Responder] INFO  ipc.Server (Server.java:run(1314)) - IPC Server Responder: starting
2019-10-03 08:04:59,416 [IPC Server listener on 40579] INFO  ipc.Server (Server.java:run(1153)) - IPC Server listener on 40579: starting
2019-10-03 08:04:59,420 [main] INFO  http.HttpServer2 (HttpServer2.java:bindListener(1191)) - Jetty bound to port 42977
2019-10-03 08:04:59,422 [main] INFO  server.Server (Server.java:doStart(351)) - jetty-9.3.25.v20180904, build timestamp: 2018-09-04T21:11:46Z, git hash: 3ce520221d0240229c862b122d2b06c12a625732
2019-10-03 08:04:59,462 [main] INFO  handler.ContextHandler (ContextHandler.java:doStart(781)) - Started o.e.j.s.ServletContextHandler@5b068087{/logs,file:///workdir/hadoop-ozone/integration-test/target/log,AVAILABLE}
2019-10-03 08:04:59,463 [main] INFO  handler.ContextHandler (ContextHandler.java:doStart(781)) - Started o.e.j.s.ServletContextHandler@3a393455{/static,file:///workdir/hadoop-ozone/integration-test/target/test-classes/webapps/static,AVAILABLE}
2019-10-03 08:04:59,498 [main] INFO  handler.ContextHandler (ContextHandler.java:doStart(781)) - Started o.e.j.w.WebAppContext@5aabbb29{/,file:///workdir/hadoop-ozone/integration-test/target/test-classes/webapps/scm/,AVAILABLE}{/scm}
2019-10-03 08:04:59,504 [main] INFO  server.AbstractConnector (AbstractConnector.java:doStart(278)) - Started ServerConnector@67427b69{HTTP/1.1,[http/1.1]}{0.0.0.0:42977}
2019-10-03 08:04:59,504 [main] INFO  server.Server (Server.java:doStart(419)) - Started @3208ms
2019-10-03 08:04:59,506 [main] INFO  impl.MetricsSinkAdapter (MetricsSinkAdapter.java:start(204)) - Sink prometheus started
2019-10-03 08:04:59,507 [main] INFO  impl.MetricsSystemImpl (MetricsSystemImpl.java:registerSink(301)) - Registered sink prometheus
2019-10-03 08:04:59,509 [main] INFO  server.BaseHttpServer (BaseHttpServer.java:updateConnectorAddress(215)) - HTTP server of SCM is listening at http://0.0.0.0:42977
2019-10-03 08:04:59,516 [org.apache.hadoop.util.JvmPauseMonitor$Monitor@2e185cd7] INFO  util.JvmPauseMonitor (JvmPauseMonitor.java:run(188)) - Starting JVM pause monitor
2019-10-03 08:04:59,522 [main] WARN  server.ServerUtils (ServerUtils.java:getDBPath(222)) - ozone.om.db.dirs is not configured. We recommend adding this setting. Falling back to ozone.metadata.dirs instead.
2019-10-03 08:04:59,647 [main] INFO  ha.OMHANodeDetails (OMHANodeDetails.java:loadOMHAConfig(190)) - Configuration either no ozone.om.address set. Falling back to the default OM address /127.0.0.1:0
2019-10-03 08:04:59,648 [main] INFO  ha.OMHANodeDetails (OMHANodeDetails.java:getOMNodeDetails(220)) - OM Service ID is not set. Setting it to the default ID: omServiceIdDefault
2019-10-03 08:04:59,649 [main] WARN  server.ServerUtils (ServerUtils.java:getDBPath(222)) - ozone.om.db.dirs is not configured. We recommend adding this setting. Falling back to ozone.metadata.dirs instead.
2019-10-03 08:04:59,650 [main] WARN  server.ServerUtils (ServerUtils.java:getDBPath(222)) - ozone.om.db.dirs is not configured. We recommend adding this setting. Falling back to ozone.metadata.dirs instead.
2019-10-03 08:05:00,412 [main] WARN  server.ServerUtils (ServerUtils.java:getDBPath(222)) - ozone.om.db.dirs is not configured. We recommend adding this setting. Falling back to ozone.metadata.dirs instead.
2019-10-03 08:05:00,420 [main] INFO  db.DBStoreBuilder (DBStoreBuilder.java:addTable(110)) - using custom profile for table: userTable
2019-10-03 08:05:00,420 [main] INFO  db.DBStoreBuilder (DBStoreBuilder.java:processTables(161)) - Using default column profile:DBProfile.DISK for Table:userTable
2019-10-03 08:05:00,421 [main] INFO  db.DBStoreBuilder (DBStoreBuilder.java:addTable(110)) - using custom profile for table: volumeTable
2019-10-03 08:05:00,421 [main] INFO  db.DBStoreBuilder (DBStoreBuilder.java:processTables(161)) - Using default column profile:DBProfile.DISK for Table:volumeTable
2019-10-03 08:05:00,421 [main] INFO  db.DBStoreBuilder (DBStoreBuilder.java:addTable(110)) - using custom profile for table: bucketTable
2019-10-03 08:05:00,421 [main] INFO  db.DBStoreBuilder (DBStoreBuilder.java:processTables(161)) - Using default column profile:DBProfile.DISK for Table:bucketTable
2019-10-03 08:05:00,422 [main] INFO  db.DBStoreBuilder (DBStoreBuilder.java:addTable(110)) - using custom profile for table: keyTable
2019-10-03 08:05:00,422 [main] INFO  db.DBStoreBuilder (DBStoreBuilder.java:processTables(161)) - Using default column profile:DBProfile.DISK for Table:keyTable
2019-10-03 08:05:00,422 [main] INFO  db.DBStoreBuilder (DBStoreBuilder.java:addTable(110)) - using custom profile for table: deletedTable
2019-10-03 08:05:00,422 [main] INFO  db.DBStoreBuilder (DBStoreBuilder.java:processTables(161)) - Using default column profile:DBProfile.DISK for Table:deletedTable
2019-10-03 08:05:00,423 [main] INFO  db.DBStoreBuilder (DBStoreBuilder.java:addTable(110)) - using custom profile for table: openKeyTable
2019-10-03 08:05:00,423 [main] INFO  db.DBStoreBuilder (DBStoreBuilder.java:processTables(161)) - Using default column profile:DBProfile.DISK for Table:openKeyTable
2019-10-03 08:05:00,423 [main] INFO  db.DBStoreBuilder (DBStoreBuilder.java:addTable(110)) - using custom profile for table: s3Table
2019-10-03 08:05:00,423 [main] INFO  db.DBStoreBuilder (DBStoreBuilder.java:processTables(161)) - Using default column profile:DBProfile.DISK for Table:s3Table
2019-10-03 08:05:00,424 [main] INFO  db.DBStoreBuilder (DBStoreBuilder.java:addTable(110)) - using custom profile for table: multipartInfoTable
2019-10-03 08:05:00,424 [main] INFO  db.DBStoreBuilder (DBStoreBuilder.java:processTables(161)) - Using default column profile:DBProfile.DISK for Table:multipartInfoTable
2019-10-03 08:05:00,424 [main] INFO  db.DBStoreBuilder (DBStoreBuilder.java:addTable(110)) - using custom profile for table: dTokenTable
2019-10-03 08:05:00,424 [main] INFO  db.DBStoreBuilder (DBStoreBuilder.java:processTables(161)) - Using default column profile:DBProfile.DISK for Table:dTokenTable
2019-10-03 08:05:00,425 [main] INFO  db.DBStoreBuilder (DBStoreBuilder.java:addTable(110)) - using custom profile for table: s3SecretTable
2019-10-03 08:05:00,425 [main] INFO  db.DBStoreBuilder (DBStoreBuilder.java:processTables(161)) - Using default column profile:DBProfile.DISK for Table:s3SecretTable
2019-10-03 08:05:00,425 [main] INFO  db.DBStoreBuilder (DBStoreBuilder.java:addTable(110)) - using custom profile for table: prefixTable
2019-10-03 08:05:00,425 [main] INFO  db.DBStoreBuilder (DBStoreBuilder.java:processTables(161)) - Using default column profile:DBProfile.DISK for Table:prefixTable
2019-10-03 08:05:00,426 [main] INFO  db.DBStoreBuilder (DBStoreBuilder.java:addTable(110)) - using custom profile for table: default
2019-10-03 08:05:00,426 [main] INFO  db.DBStoreBuilder (DBStoreBuilder.java:processTables(167)) - Using default column profile:DBProfile.DISK for Table:default
2019-10-03 08:05:00,426 [main] INFO  db.DBStoreBuilder (DBStoreBuilder.java:getDbProfile(198)) - Using default options. DBProfile.DISK
2019-10-03 08:05:00,960 [main] INFO  ipc.CallQueueManager (CallQueueManager.java:<init>(84)) - Using callQueue: class java.util.concurrent.LinkedBlockingQueue, queueCapacity: 2000, scheduler: class org.apache.hadoop.ipc.DefaultRpcScheduler, ipcBackoff: false.
2019-10-03 08:05:00,961 [Socket Reader #1 for port 40954] INFO  ipc.Server (Server.java:run(1074)) - Starting Socket Reader #1 for port 40954
2019-10-03 08:05:00,986 [main] INFO  om.OzoneManager (OzoneManager.java:start(1069)) - OzoneManager RPC server is listening at localhost/127.0.0.1:40954
2019-10-03 08:05:00,987 [main] INFO  impl.MetricsSystemImpl (MetricsSystemImpl.java:init(158)) - OzoneManager metrics system started (again)
2019-10-03 08:05:00,989 [IPC Server listener on 40954] INFO  ipc.Server (Server.java:run(1153)) - IPC Server listener on 40954: starting
2019-10-03 08:05:00,988 [IPC Server Responder] INFO  ipc.Server (Server.java:run(1314)) - IPC Server Responder: starting
2019-10-03 08:05:00,995 [main] INFO  hdfs.DFSUtil (DFSUtil.java:httpServerTemplateForNNAndJN(1641)) - Starting Web-server for ozoneManager at: http://0.0.0.0:0
2019-10-03 08:05:00,997 [main] INFO  server.AuthenticationFilter (AuthenticationFilter.java:constructSecretProvider(240)) - Unable to initialize FileSignerSecretProvider, falling back to use random secrets.
2019-10-03 08:05:00,998 [main] WARN  http.HttpRequestLog (HttpRequestLog.java:getRequestLog(97)) - Jetty request log can only be enabled using Log4j
2019-10-03 08:05:01,002 [main] INFO  http.HttpServer2 (HttpServer2.java:addGlobalFilter(975)) - Added global filter 'safety' (class=org.apache.hadoop.http.HttpServer2$QuotingInputFilter)
2019-10-03 08:05:01,003 [main] INFO  http.HttpServer2 (HttpServer2.java:addFilter(948)) - Added filter static_user_filter (class=org.apache.hadoop.http.lib.StaticUserWebFilter$StaticUserFilter) to context ozoneManager
2019-10-03 08:05:01,004 [main] INFO  http.HttpServer2 (HttpServer2.java:addFilter(958)) - Added filter static_user_filter (class=org.apache.hadoop.http.lib.StaticUserWebFilter$StaticUserFilter) to context logs
2019-10-03 08:05:01,004 [main] INFO  http.HttpServer2 (HttpServer2.java:addFilter(958)) - Added filter static_user_filter (class=org.apache.hadoop.http.lib.StaticUserWebFilter$StaticUserFilter) to context static
2019-10-03 08:05:01,007 [main] INFO  http.HttpServer2 (HttpServer2.java:bindListener(1191)) - Jetty bound to port 46529
2019-10-03 08:05:01,007 [main] INFO  server.Server (Server.java:doStart(351)) - jetty-9.3.25.v20180904, build timestamp: 2018-09-04T21:11:46Z, git hash: 3ce520221d0240229c862b122d2b06c12a625732
2019-10-03 08:05:01,010 [main] INFO  handler.ContextHandler (ContextHandler.java:doStart(781)) - Started o.e.j.s.ServletContextHandler@441cc260{/logs,file:///workdir/hadoop-ozone/integration-test/target/log,AVAILABLE}
2019-10-03 08:05:01,011 [main] INFO  handler.ContextHandler (ContextHandler.java:doStart(781)) - Started o.e.j.s.ServletContextHandler@26dcd8c0{/static,file:///workdir/hadoop-ozone/integration-test/target/test-classes/webapps/static,AVAILABLE}
2019-10-03 08:05:01,018 [main] INFO  handler.ContextHandler (ContextHandler.java:doStart(781)) - Started o.e.j.w.WebAppContext@f2e4acf{/,file:///workdir/hadoop-ozone/integration-test/target/test-classes/webapps/ozoneManager/,AVAILABLE}{/ozoneManager}
2019-10-03 08:05:01,019 [main] INFO  server.AbstractConnector (AbstractConnector.java:doStart(278)) - Started ServerConnector@24097e9b{HTTP/1.1,[http/1.1]}{0.0.0.0:46529}
2019-10-03 08:05:01,020 [main] INFO  server.Server (Server.java:doStart(419)) - Started @4724ms
2019-10-03 08:05:01,021 [main] WARN  impl.MetricsSystemImpl (MetricsSystemImpl.java:register(276)) - Sink prometheus already exists!
2019-10-03 08:05:01,022 [main] INFO  server.BaseHttpServer (BaseHttpServer.java:updateConnectorAddress(215)) - HTTP server of OZONEMANAGER is listening at http://0.0.0.0:46529
2019-10-03 08:05:01,377 [main] INFO  impl.MetricsSystemImpl (MetricsSystemImpl.java:init(158)) - HddsDatanode metrics system started (again)
2019-10-03 08:05:01,428 [main] INFO  ozone.HddsDatanodeService (HddsDatanodeService.java:start(184)) - HddsDatanodeService host:pr-hdds2217-2mkdc-371598885 ip:192.168.151.98
2019-10-03 08:05:01,462 [main] INFO  volume.HddsVolume (HddsVolume.java:<init>(176)) - Creating Volume: /workdir/hadoop-ozone/integration-test/target/test-dir/MiniOzoneClusterImpl-30c11ea8-6136-4681-9d86-0e3c89bd7a94/datanode-0/data/containers/hdds of  storage type : DISK and capacity : 1482555576320
2019-10-03 08:05:01,464 [main] INFO  volume.VolumeSet (VolumeSet.java:initializeVolumeSet(170)) - Added Volume : /workdir/hadoop-ozone/integration-test/target/test-dir/MiniOzoneClusterImpl-30c11ea8-6136-4681-9d86-0e3c89bd7a94/datanode-0/data/containers/hdds to VolumeSet
2019-10-03 08:05:01,467 [main] INFO  volume.ThrottledAsyncChecker (ThrottledAsyncChecker.java:schedule(139)) - Scheduling a check for org.apache.hadoop.ozone.container.common.volume.HddsVolume@9fec931
2019-10-03 08:05:01,485 [main] INFO  volume.HddsVolumeChecker (HddsVolumeChecker.java:checkAllVolumes(202)) - Scheduled health check for volume org.apache.hadoop.ozone.container.common.volume.HddsVolume@9fec931
2019-10-03 08:05:01,595 [main] INFO  impl.RaftServerProxy (ConfUtils.java:logGet(43)) - raft.rpc.type = GRPC (default)
2019-10-03 08:05:01,666 [main] INFO  grpc.GrpcFactory (GrpcFactory.java:checkPooledByteBufAllocatorUseCacheForAllThreads(45)) - PERFORMANCE WARNING: useCacheForAllThreads is true that may cause Netty to create a lot garbage objects and, as a result, trigger GC.
	It is recommended to disable useCacheForAllThreads by setting -Dorg.apache.ratis.thirdparty.io.netty.allocator.useCacheForAllThreads=false in command line.
2019-10-03 08:05:01,672 [main] INFO  grpc.GrpcConfigKeys$Server (ConfUtils.java:logGet(43)) - raft.grpc.server.port = 0 (default)
2019-10-03 08:05:01,673 [main] INFO  server.GrpcService (ConfUtils.java:logGet(43)) - raft.grpc.message.size.max = 33570816 (custom)
2019-10-03 08:05:01,675 [main] INFO  server.RaftServerConfigKeys (ConfUtils.java:logGet(43)) - raft.server.log.appender.buffer.byte-limit = 33554432 (custom)
2019-10-03 08:05:01,676 [main] INFO  server.GrpcService (ConfUtils.java:logGet(43)) - raft.grpc.flow.control.window = 1MB (=1048576) (default)
2019-10-03 08:05:01,677 [main] INFO  server.RaftServerConfigKeys (ConfUtils.java:logGet(43)) - raft.server.rpc.request.timeout = 3000ms (default)
2019-10-03 08:05:01,871 [main] INFO  server.RaftServerConfigKeys (ConfUtils.java:logGet(43)) - raft.server.storage.dir = [/workdir/hadoop-ozone/integration-test/target/test-dir/MiniOzoneClusterImpl-30c11ea8-6136-4681-9d86-0e3c89bd7a94/datanode-0/data/ratis] (custom)
2019-10-03 08:05:01,928 [main] INFO  hdfs.DFSUtil (DFSUtil.java:httpServerTemplateForNNAndJN(1641)) - Starting Web-server for hddsDatanode at: http://0.0.0.0:0
2019-10-03 08:05:01,930 [main] INFO  server.AuthenticationFilter (AuthenticationFilter.java:constructSecretProvider(240)) - Unable to initialize FileSignerSecretProvider, falling back to use random secrets.
2019-10-03 08:05:01,931 [main] WARN  http.HttpRequestLog (HttpRequestLog.java:getRequestLog(97)) - Jetty request log can only be enabled using Log4j
2019-10-03 08:05:01,933 [main] INFO  http.HttpServer2 (HttpServer2.java:addGlobalFilter(975)) - Added global filter 'safety' (class=org.apache.hadoop.http.HttpServer2$QuotingInputFilter)
2019-10-03 08:05:01,934 [main] INFO  http.HttpServer2 (HttpServer2.java:addFilter(948)) - Added filter static_user_filter (class=org.apache.hadoop.http.lib.StaticUserWebFilter$StaticUserFilter) to context hddsDatanode
2019-10-03 08:05:01,934 [main] INFO  http.HttpServer2 (HttpServer2.java:addFilter(958)) - Added filter static_user_filter (class=org.apache.hadoop.http.lib.StaticUserWebFilter$StaticUserFilter) to context logs
2019-10-03 08:05:01,934 [main] INFO  http.HttpServer2 (HttpServer2.java:addFilter(958)) - Added filter static_user_filter (class=org.apache.hadoop.http.lib.StaticUserWebFilter$StaticUserFilter) to context static
2019-10-03 08:05:01,935 [main] INFO  http.HttpServer2 (HttpServer2.java:bindListener(1191)) - Jetty bound to port 33092
2019-10-03 08:05:01,935 [main] INFO  server.Server (Server.java:doStart(351)) - jetty-9.3.25.v20180904, build timestamp: 2018-09-04T21:11:46Z, git hash: 3ce520221d0240229c862b122d2b06c12a625732
2019-10-03 08:05:01,937 [main] INFO  handler.ContextHandler (ContextHandler.java:doStart(781)) - Started o.e.j.s.ServletContextHandler@476fe690{/logs,file:///workdir/hadoop-ozone/integration-test/target/log,AVAILABLE}
2019-10-03 08:05:01,938 [main] INFO  handler.ContextHandler (ContextHandler.java:doStart(781)) - Started o.e.j.s.ServletContextHandler@54e3658c{/static,jar:file:/home/user/.m2/repository/org/apache/hadoop/hadoop-hdds-container-service/0.5.0-SNAPSHOT/hadoop-hdds-container-service-0.5.0-SNAPSHOT.jar!/webapps/static,AVAILABLE}
2019-10-03 08:05:01,973 [main] INFO  handler.ContextHandler (ContextHandler.java:doStart(781)) - Started o.e.j.w.WebAppContext@55e42449{/,file:///tmp/jetty-0.0.0.0-33092-hddsDatanode-_-any-2461218011328821618.dir/webapp/,AVAILABLE}{/hddsDatanode}
2019-10-03 08:05:01,974 [main] INFO  server.AbstractConnector (AbstractConnector.java:doStart(278)) - Started ServerConnector@e57e5d6{HTTP/1.1,[http/1.1]}{0.0.0.0:33092}
2019-10-03 08:05:01,975 [main] INFO  server.Server (Server.java:doStart(419)) - Started @5679ms
2019-10-03 08:05:01,975 [main] WARN  impl.MetricsSystemImpl (MetricsSystemImpl.java:register(276)) - Sink prometheus already exists!
2019-10-03 08:05:01,976 [main] INFO  server.BaseHttpServer (BaseHttpServer.java:updateConnectorAddress(215)) - HTTP server of HDDSDATANODE is listening at http://0.0.0.0:33092
2019-10-03 08:05:01,977 [main] INFO  impl.MetricsSystemImpl (MetricsSystemImpl.java:init(158)) - HddsDatanode metrics system started (again)
2019-10-03 08:05:01,980 [main] INFO  ozone.HddsDatanodeService (HddsDatanodeService.java:start(184)) - HddsDatanodeService host:pr-hdds2217-2mkdc-371598885 ip:192.168.151.98
2019-10-03 08:05:01,988 [main] INFO  volume.HddsVolume (HddsVolume.java:<init>(176)) - Creating Volume: /workdir/hadoop-ozone/integration-test/target/test-dir/MiniOzoneClusterImpl-30c11ea8-6136-4681-9d86-0e3c89bd7a94/datanode-1/data/containers/hdds of  storage type : DISK and capacity : 1482555576320
2019-10-03 08:05:01,988 [org.apache.hadoop.util.JvmPauseMonitor$Monitor@268b6c65] INFO  util.JvmPauseMonitor (JvmPauseMonitor.java:run(188)) - Starting JVM pause monitor
2019-10-03 08:05:01,988 [main] INFO  volume.VolumeSet (VolumeSet.java:initializeVolumeSet(170)) - Added Volume : /workdir/hadoop-ozone/integration-test/target/test-dir/MiniOzoneClusterImpl-30c11ea8-6136-4681-9d86-0e3c89bd7a94/datanode-1/data/containers/hdds to VolumeSet
2019-10-03 08:05:01,989 [main] INFO  volume.ThrottledAsyncChecker (ThrottledAsyncChecker.java:schedule(139)) - Scheduling a check for org.apache.hadoop.ozone.container.common.volume.HddsVolume@a9f023e
2019-10-03 08:05:01,989 [main] INFO  volume.HddsVolumeChecker (HddsVolumeChecker.java:checkAllVolumes(202)) - Scheduled health check for volume org.apache.hadoop.ozone.container.common.volume.HddsVolume@a9f023e
2019-10-03 08:05:02,006 [main] INFO  impl.RaftServerProxy (ConfUtils.java:logGet(43)) - raft.rpc.type = GRPC (default)
2019-10-03 08:05:02,006 [main] INFO  grpc.GrpcFactory (GrpcFactory.java:checkPooledByteBufAllocatorUseCacheForAllThreads(45)) - PERFORMANCE WARNING: useCacheForAllThreads is true that may cause Netty to create a lot garbage objects and, as a result, trigger GC.
	It is recommended to disable useCacheForAllThreads by setting -Dorg.apache.ratis.thirdparty.io.netty.allocator.useCacheForAllThreads=false in command line.
2019-10-03 08:05:02,007 [main] INFO  grpc.GrpcConfigKeys$Server (ConfUtils.java:logGet(43)) - raft.grpc.server.port = 0 (default)
2019-10-03 08:05:02,007 [main] INFO  server.GrpcService (ConfUtils.java:logGet(43)) - raft.grpc.message.size.max = 33570816 (custom)
2019-10-03 08:05:02,007 [main] INFO  server.RaftServerConfigKeys (ConfUtils.java:logGet(43)) - raft.server.log.appender.buffer.byte-limit = 33554432 (custom)
2019-10-03 08:05:02,008 [main] INFO  server.GrpcService (ConfUtils.java:logGet(43)) - raft.grpc.flow.control.window = 1MB (=1048576) (default)
2019-10-03 08:05:02,008 [main] INFO  server.RaftServerConfigKeys (ConfUtils.java:logGet(43)) - raft.server.rpc.request.timeout = 3000ms (default)
2019-10-03 08:05:02,009 [main] INFO  server.RaftServerConfigKeys (ConfUtils.java:logGet(43)) - raft.server.storage.dir = [/workdir/hadoop-ozone/integration-test/target/test-dir/MiniOzoneClusterImpl-30c11ea8-6136-4681-9d86-0e3c89bd7a94/datanode-1/data/ratis] (custom)
2019-10-03 08:05:02,011 [main] INFO  hdfs.DFSUtil (DFSUtil.java:httpServerTemplateForNNAndJN(1641)) - Starting Web-server for hddsDatanode at: http://0.0.0.0:0
2019-10-03 08:05:02,012 [main] INFO  server.AuthenticationFilter (AuthenticationFilter.java:constructSecretProvider(240)) - Unable to initialize FileSignerSecretProvider, falling back to use random secrets.
2019-10-03 08:05:02,013 [main] WARN  http.HttpRequestLog (HttpRequestLog.java:getRequestLog(97)) - Jetty request log can only be enabled using Log4j
2019-10-03 08:05:02,015 [main] INFO  http.HttpServer2 (HttpServer2.java:addGlobalFilter(975)) - Added global filter 'safety' (class=org.apache.hadoop.http.HttpServer2$QuotingInputFilter)
2019-10-03 08:05:02,016 [main] INFO  http.HttpServer2 (HttpServer2.java:addFilter(948)) - Added filter static_user_filter (class=org.apache.hadoop.http.lib.StaticUserWebFilter$StaticUserFilter) to context hddsDatanode
2019-10-03 08:05:02,016 [main] INFO  http.HttpServer2 (HttpServer2.java:addFilter(958)) - Added filter static_user_filter (class=org.apache.hadoop.http.lib.StaticUserWebFilter$StaticUserFilter) to context static
2019-10-03 08:05:02,016 [main] INFO  http.HttpServer2 (HttpServer2.java:addFilter(958)) - Added filter static_user_filter (class=org.apache.hadoop.http.lib.StaticUserWebFilter$StaticUserFilter) to context logs
2019-10-03 08:05:02,017 [main] INFO  http.HttpServer2 (HttpServer2.java:bindListener(1191)) - Jetty bound to port 34040
2019-10-03 08:05:02,017 [main] INFO  server.Server (Server.java:doStart(351)) - jetty-9.3.25.v20180904, build timestamp: 2018-09-04T21:11:46Z, git hash: 3ce520221d0240229c862b122d2b06c12a625732
2019-10-03 08:05:02,022 [main] INFO  handler.ContextHandler (ContextHandler.java:doStart(781)) - Started o.e.j.s.ServletContextHandler@49faf066{/logs,file:///workdir/hadoop-ozone/integration-test/target/log,AVAILABLE}
2019-10-03 08:05:02,023 [main] INFO  handler.ContextHandler (ContextHandler.java:doStart(781)) - Started o.e.j.s.ServletContextHandler@455c1d8c{/static,jar:file:/home/user/.m2/repository/org/apache/hadoop/hadoop-hdds-container-service/0.5.0-SNAPSHOT/hadoop-hdds-container-service-0.5.0-SNAPSHOT.jar!/webapps/static,AVAILABLE}
2019-10-03 08:05:02,056 [main] INFO  handler.ContextHandler (ContextHandler.java:doStart(781)) - Started o.e.j.w.WebAppContext@2aff9dff{/,file:///tmp/jetty-0.0.0.0-34040-hddsDatanode-_-any-4925650517620794294.dir/webapp/,AVAILABLE}{/hddsDatanode}
2019-10-03 08:05:02,056 [main] INFO  server.AbstractConnector (AbstractConnector.java:doStart(278)) - Started ServerConnector@5f0f9947{HTTP/1.1,[http/1.1]}{0.0.0.0:34040}
2019-10-03 08:05:02,057 [main] INFO  server.Server (Server.java:doStart(419)) - Started @5761ms
2019-10-03 08:05:02,058 [main] WARN  impl.MetricsSystemImpl (MetricsSystemImpl.java:register(276)) - Sink prometheus already exists!
2019-10-03 08:05:02,059 [main] INFO  server.BaseHttpServer (BaseHttpServer.java:updateConnectorAddress(215)) - HTTP server of HDDSDATANODE is listening at http://0.0.0.0:34040
2019-10-03 08:05:02,059 [main] INFO  impl.MetricsSystemImpl (MetricsSystemImpl.java:init(158)) - HddsDatanode metrics system started (again)
2019-10-03 08:05:02,062 [org.apache.hadoop.util.JvmPauseMonitor$Monitor@496f0051] INFO  util.JvmPauseMonitor (JvmPauseMonitor.java:run(188)) - Starting JVM pause monitor
2019-10-03 08:05:02,063 [main] INFO  ozone.HddsDatanodeService (HddsDatanodeService.java:start(184)) - HddsDatanodeService host:pr-hdds2217-2mkdc-371598885 ip:192.168.151.98
2019-10-03 08:05:02,071 [main] INFO  volume.HddsVolume (HddsVolume.java:<init>(176)) - Creating Volume: /workdir/hadoop-ozone/integration-test/target/test-dir/MiniOzoneClusterImpl-30c11ea8-6136-4681-9d86-0e3c89bd7a94/datanode-2/data/containers/hdds of  storage type : DISK and capacity : 1482555576320
2019-10-03 08:05:02,071 [main] INFO  volume.VolumeSet (VolumeSet.java:initializeVolumeSet(170)) - Added Volume : /workdir/hadoop-ozone/integration-test/target/test-dir/MiniOzoneClusterImpl-30c11ea8-6136-4681-9d86-0e3c89bd7a94/datanode-2/data/containers/hdds to VolumeSet
2019-10-03 08:05:02,072 [main] INFO  volume.ThrottledAsyncChecker (ThrottledAsyncChecker.java:schedule(139)) - Scheduling a check for org.apache.hadoop.ozone.container.common.volume.HddsVolume@7100dea
2019-10-03 08:05:02,072 [main] INFO  volume.HddsVolumeChecker (HddsVolumeChecker.java:checkAllVolumes(202)) - Scheduled health check for volume org.apache.hadoop.ozone.container.common.volume.HddsVolume@7100dea
2019-10-03 08:05:02,088 [main] INFO  impl.RaftServerProxy (ConfUtils.java:logGet(43)) - raft.rpc.type = GRPC (default)
2019-10-03 08:05:02,089 [main] INFO  grpc.GrpcFactory (GrpcFactory.java:checkPooledByteBufAllocatorUseCacheForAllThreads(45)) - PERFORMANCE WARNING: useCacheForAllThreads is true that may cause Netty to create a lot garbage objects and, as a result, trigger GC.
	It is recommended to disable useCacheForAllThreads by setting -Dorg.apache.ratis.thirdparty.io.netty.allocator.useCacheForAllThreads=false in command line.
2019-10-03 08:05:02,089 [main] INFO  grpc.GrpcConfigKeys$Server (ConfUtils.java:logGet(43)) - raft.grpc.server.port = 0 (default)
2019-10-03 08:05:02,089 [main] INFO  server.GrpcService (ConfUtils.java:logGet(43)) - raft.grpc.message.size.max = 33570816 (custom)
2019-10-03 08:05:02,089 [main] INFO  server.RaftServerConfigKeys (ConfUtils.java:logGet(43)) - raft.server.log.appender.buffer.byte-limit = 33554432 (custom)
2019-10-03 08:05:02,090 [main] INFO  server.GrpcService (ConfUtils.java:logGet(43)) - raft.grpc.flow.control.window = 1MB (=1048576) (default)
2019-10-03 08:05:02,090 [main] INFO  server.RaftServerConfigKeys (ConfUtils.java:logGet(43)) - raft.server.rpc.request.timeout = 3000ms (default)
2019-10-03 08:05:02,091 [main] INFO  server.RaftServerConfigKeys (ConfUtils.java:logGet(43)) - raft.server.storage.dir = [/workdir/hadoop-ozone/integration-test/target/test-dir/MiniOzoneClusterImpl-30c11ea8-6136-4681-9d86-0e3c89bd7a94/datanode-2/data/ratis] (custom)
2019-10-03 08:05:02,093 [main] INFO  hdfs.DFSUtil (DFSUtil.java:httpServerTemplateForNNAndJN(1641)) - Starting Web-server for hddsDatanode at: http://0.0.0.0:0
2019-10-03 08:05:02,094 [main] INFO  server.AuthenticationFilter (AuthenticationFilter.java:constructSecretProvider(240)) - Unable to initialize FileSignerSecretProvider, falling back to use random secrets.
2019-10-03 08:05:02,095 [main] WARN  http.HttpRequestLog (HttpRequestLog.java:getRequestLog(97)) - Jetty request log can only be enabled using Log4j
2019-10-03 08:05:02,096 [main] INFO  http.HttpServer2 (HttpServer2.java:addGlobalFilter(975)) - Added global filter 'safety' (class=org.apache.hadoop.http.HttpServer2$QuotingInputFilter)
2019-10-03 08:05:02,097 [main] INFO  http.HttpServer2 (HttpServer2.java:addFilter(948)) - Added filter static_user_filter (class=org.apache.hadoop.http.lib.StaticUserWebFilter$StaticUserFilter) to context hddsDatanode
2019-10-03 08:05:02,097 [main] INFO  http.HttpServer2 (HttpServer2.java:addFilter(958)) - Added filter static_user_filter (class=org.apache.hadoop.http.lib.StaticUserWebFilter$StaticUserFilter) to context static
2019-10-03 08:05:02,097 [main] INFO  http.HttpServer2 (HttpServer2.java:addFilter(958)) - Added filter static_user_filter (class=org.apache.hadoop.http.lib.StaticUserWebFilter$StaticUserFilter) to context logs
2019-10-03 08:05:02,098 [main] INFO  http.HttpServer2 (HttpServer2.java:bindListener(1191)) - Jetty bound to port 40416
2019-10-03 08:05:02,098 [main] INFO  server.Server (Server.java:doStart(351)) - jetty-9.3.25.v20180904, build timestamp: 2018-09-04T21:11:46Z, git hash: 3ce520221d0240229c862b122d2b06c12a625732
2019-10-03 08:05:02,101 [main] INFO  handler.ContextHandler (ContextHandler.java:doStart(781)) - Started o.e.j.s.ServletContextHandler@2f2bff16{/logs,file:///workdir/hadoop-ozone/integration-test/target/log,AVAILABLE}
2019-10-03 08:05:02,101 [main] INFO  handler.ContextHandler (ContextHandler.java:doStart(781)) - Started o.e.j.s.ServletContextHandler@fc807c1{/static,jar:file:/home/user/.m2/repository/org/apache/hadoop/hadoop-hdds-container-service/0.5.0-SNAPSHOT/hadoop-hdds-container-service-0.5.0-SNAPSHOT.jar!/webapps/static,AVAILABLE}
2019-10-03 08:05:02,122 [Datanode State Machine Thread - 0] INFO  datanode.InitDatanodeState (InitDatanodeState.java:persistContainerDatanodeDetails(140)) - DatanodeDetails is persisted to /workdir/hadoop-ozone/integration-test/target/test-dir/MiniOzoneClusterImpl-30c11ea8-6136-4681-9d86-0e3c89bd7a94/datanode-0/meta/datanode.id
2019-10-03 08:05:02,126 [Datanode State Machine Thread - 0] INFO  datanode.InitDatanodeState (InitDatanodeState.java:persistContainerDatanodeDetails(140)) - DatanodeDetails is persisted to /workdir/hadoop-ozone/integration-test/target/test-dir/MiniOzoneClusterImpl-30c11ea8-6136-4681-9d86-0e3c89bd7a94/datanode-1/meta/datanode.id
2019-10-03 08:05:02,136 [main] INFO  handler.ContextHandler (ContextHandler.java:doStart(781)) - Started o.e.j.w.WebAppContext@4ce94d2f{/,file:///tmp/jetty-0.0.0.0-40416-hddsDatanode-_-any-5623936043919061593.dir/webapp/,AVAILABLE}{/hddsDatanode}
2019-10-03 08:05:02,137 [main] INFO  server.AbstractConnector (AbstractConnector.java:doStart(278)) - Started ServerConnector@68ab0936{HTTP/1.1,[http/1.1]}{0.0.0.0:40416}
2019-10-03 08:05:02,137 [main] INFO  server.Server (Server.java:doStart(419)) - Started @5841ms
2019-10-03 08:05:02,138 [main] WARN  impl.MetricsSystemImpl (MetricsSystemImpl.java:register(276)) - Sink prometheus already exists!
2019-10-03 08:05:02,139 [main] INFO  server.BaseHttpServer (BaseHttpServer.java:updateConnectorAddress(215)) - HTTP server of HDDSDATANODE is listening at http://0.0.0.0:40416
2019-10-03 08:05:02,140 [main] INFO  impl.MetricsSystemImpl (MetricsSystemImpl.java:init(158)) - HddsDatanode metrics system started (again)
2019-10-03 08:05:02,143 [org.apache.hadoop.util.JvmPauseMonitor$Monitor@370fb57e] INFO  util.JvmPauseMonitor (JvmPauseMonitor.java:run(188)) - Starting JVM pause monitor
2019-10-03 08:05:02,143 [main] INFO  ozone.HddsDatanodeService (HddsDatanodeService.java:start(184)) - HddsDatanodeService host:pr-hdds2217-2mkdc-371598885 ip:192.168.151.98
2019-10-03 08:05:02,146 [Datanode State Machine Thread - 0] INFO  datanode.InitDatanodeState (InitDatanodeState.java:persistContainerDatanodeDetails(140)) - DatanodeDetails is persisted to /workdir/hadoop-ozone/integration-test/target/test-dir/MiniOzoneClusterImpl-30c11ea8-6136-4681-9d86-0e3c89bd7a94/datanode-2/meta/datanode.id
2019-10-03 08:05:02,151 [main] INFO  volume.HddsVolume (HddsVolume.java:<init>(176)) - Creating Volume: /workdir/hadoop-ozone/integration-test/target/test-dir/MiniOzoneClusterImpl-30c11ea8-6136-4681-9d86-0e3c89bd7a94/datanode-3/data/containers/hdds of  storage type : DISK and capacity : 1482555576320
2019-10-03 08:05:02,151 [main] INFO  volume.VolumeSet (VolumeSet.java:initializeVolumeSet(170)) - Added Volume : /workdir/hadoop-ozone/integration-test/target/test-dir/MiniOzoneClusterImpl-30c11ea8-6136-4681-9d86-0e3c89bd7a94/datanode-3/data/containers/hdds to VolumeSet
2019-10-03 08:05:02,152 [main] INFO  volume.ThrottledAsyncChecker (ThrottledAsyncChecker.java:schedule(139)) - Scheduling a check for org.apache.hadoop.ozone.container.common.volume.HddsVolume@72f9f27c
2019-10-03 08:05:02,152 [main] INFO  volume.HddsVolumeChecker (HddsVolumeChecker.java:checkAllVolumes(202)) - Scheduled health check for volume org.apache.hadoop.ozone.container.common.volume.HddsVolume@72f9f27c
2019-10-03 08:05:02,166 [main] INFO  impl.RaftServerProxy (ConfUtils.java:logGet(43)) - raft.rpc.type = GRPC (default)
2019-10-03 08:05:02,167 [main] INFO  grpc.GrpcFactory (GrpcFactory.java:checkPooledByteBufAllocatorUseCacheForAllThreads(45)) - PERFORMANCE WARNING: useCacheForAllThreads is true that may cause Netty to create a lot garbage objects and, as a result, trigger GC.
	It is recommended to disable useCacheForAllThreads by setting -Dorg.apache.ratis.thirdparty.io.netty.allocator.useCacheForAllThreads=false in command line.
2019-10-03 08:05:02,167 [main] INFO  grpc.GrpcConfigKeys$Server (ConfUtils.java:logGet(43)) - raft.grpc.server.port = 0 (default)
2019-10-03 08:05:02,167 [main] INFO  server.GrpcService (ConfUtils.java:logGet(43)) - raft.grpc.message.size.max = 33570816 (custom)
2019-10-03 08:05:02,167 [main] INFO  server.RaftServerConfigKeys (ConfUtils.java:logGet(43)) - raft.server.log.appender.buffer.byte-limit = 33554432 (custom)
2019-10-03 08:05:02,168 [main] INFO  server.GrpcService (ConfUtils.java:logGet(43)) - raft.grpc.flow.control.window = 1MB (=1048576) (default)
2019-10-03 08:05:02,168 [main] INFO  server.RaftServerConfigKeys (ConfUtils.java:logGet(43)) - raft.server.rpc.request.timeout = 3000ms (default)
2019-10-03 08:05:02,168 [main] INFO  server.RaftServerConfigKeys (ConfUtils.java:logGet(43)) - raft.server.storage.dir = [/workdir/hadoop-ozone/integration-test/target/test-dir/MiniOzoneClusterImpl-30c11ea8-6136-4681-9d86-0e3c89bd7a94/datanode-3/data/ratis] (custom)
2019-10-03 08:05:02,170 [main] INFO  hdfs.DFSUtil (DFSUtil.java:httpServerTemplateForNNAndJN(1641)) - Starting Web-server for hddsDatanode at: http://0.0.0.0:0
2019-10-03 08:05:02,171 [main] INFO  server.AuthenticationFilter (AuthenticationFilter.java:constructSecretProvider(240)) - Unable to initialize FileSignerSecretProvider, falling back to use random secrets.
2019-10-03 08:05:02,172 [main] WARN  http.HttpRequestLog (HttpRequestLog.java:getRequestLog(97)) - Jetty request log can only be enabled using Log4j
2019-10-03 08:05:02,173 [main] INFO  http.HttpServer2 (HttpServer2.java:addGlobalFilter(975)) - Added global filter 'safety' (class=org.apache.hadoop.http.HttpServer2$QuotingInputFilter)
2019-10-03 08:05:02,174 [main] INFO  http.HttpServer2 (HttpServer2.java:addFilter(948)) - Added filter static_user_filter (class=org.apache.hadoop.http.lib.StaticUserWebFilter$StaticUserFilter) to context hddsDatanode
2019-10-03 08:05:02,174 [main] INFO  http.HttpServer2 (HttpServer2.java:addFilter(958)) - Added filter static_user_filter (class=org.apache.hadoop.http.lib.StaticUserWebFilter$StaticUserFilter) to context static
2019-10-03 08:05:02,175 [main] INFO  http.HttpServer2 (HttpServer2.java:addFilter(958)) - Added filter static_user_filter (class=org.apache.hadoop.http.lib.StaticUserWebFilter$StaticUserFilter) to context logs
2019-10-03 08:05:02,175 [main] INFO  http.HttpServer2 (HttpServer2.java:bindListener(1191)) - Jetty bound to port 39734
2019-10-03 08:05:02,176 [main] INFO  server.Server (Server.java:doStart(351)) - jetty-9.3.25.v20180904, build timestamp: 2018-09-04T21:11:46Z, git hash: 3ce520221d0240229c862b122d2b06c12a625732
2019-10-03 08:05:02,181 [main] INFO  handler.ContextHandler (ContextHandler.java:doStart(781)) - Started o.e.j.s.ServletContextHandler@7d44a19{/logs,file:///workdir/hadoop-ozone/integration-test/target/log,AVAILABLE}
2019-10-03 08:05:02,181 [main] INFO  handler.ContextHandler (ContextHandler.java:doStart(781)) - Started o.e.j.s.ServletContextHandler@1716e8c5{/static,jar:file:/home/user/.m2/repository/org/apache/hadoop/hadoop-hdds-container-service/0.5.0-SNAPSHOT/hadoop-hdds-container-service-0.5.0-SNAPSHOT.jar!/webapps/static,AVAILABLE}
2019-10-03 08:05:02,227 [main] INFO  handler.ContextHandler (ContextHandler.java:doStart(781)) - Started o.e.j.w.WebAppContext@3f0d6038{/,file:///tmp/jetty-0.0.0.0-39734-hddsDatanode-_-any-8562752284734135734.dir/webapp/,AVAILABLE}{/hddsDatanode}
2019-10-03 08:05:02,229 [main] INFO  server.AbstractConnector (AbstractConnector.java:doStart(278)) - Started ServerConnector@237f7970{HTTP/1.1,[http/1.1]}{0.0.0.0:39734}
2019-10-03 08:05:02,230 [main] INFO  server.Server (Server.java:doStart(419)) - Started @5934ms
2019-10-03 08:05:02,231 [main] WARN  impl.MetricsSystemImpl (MetricsSystemImpl.java:register(276)) - Sink prometheus already exists!
2019-10-03 08:05:02,232 [main] INFO  server.BaseHttpServer (BaseHttpServer.java:updateConnectorAddress(215)) - HTTP server of HDDSDATANODE is listening at http://0.0.0.0:39734
2019-10-03 08:05:02,233 [main] INFO  impl.MetricsSystemImpl (MetricsSystemImpl.java:init(158)) - HddsDatanode metrics system started (again)
2019-10-03 08:05:02,237 [org.apache.hadoop.util.JvmPauseMonitor$Monitor@4d36fccd] INFO  util.JvmPauseMonitor (JvmPauseMonitor.java:run(188)) - Starting JVM pause monitor
2019-10-03 08:05:02,238 [main] INFO  ozone.HddsDatanodeService (HddsDatanodeService.java:start(184)) - HddsDatanodeService host:pr-hdds2217-2mkdc-371598885 ip:192.168.151.98
2019-10-03 08:05:02,241 [Datanode State Machine Thread - 0] INFO  datanode.InitDatanodeState (InitDatanodeState.java:persistContainerDatanodeDetails(140)) - DatanodeDetails is persisted to /workdir/hadoop-ozone/integration-test/target/test-dir/MiniOzoneClusterImpl-30c11ea8-6136-4681-9d86-0e3c89bd7a94/datanode-3/meta/datanode.id
2019-10-03 08:05:02,254 [main] INFO  volume.HddsVolume (HddsVolume.java:<init>(176)) - Creating Volume: /workdir/hadoop-ozone/integration-test/target/test-dir/MiniOzoneClusterImpl-30c11ea8-6136-4681-9d86-0e3c89bd7a94/datanode-4/data/containers/hdds of  storage type : DISK and capacity : 1482555576320
2019-10-03 08:05:02,254 [main] INFO  volume.VolumeSet (VolumeSet.java:initializeVolumeSet(170)) - Added Volume : /workdir/hadoop-ozone/integration-test/target/test-dir/MiniOzoneClusterImpl-30c11ea8-6136-4681-9d86-0e3c89bd7a94/datanode-4/data/containers/hdds to VolumeSet
2019-10-03 08:05:02,255 [main] INFO  volume.ThrottledAsyncChecker (ThrottledAsyncChecker.java:schedule(139)) - Scheduling a check for org.apache.hadoop.ozone.container.common.volume.HddsVolume@17fa1336
2019-10-03 08:05:02,256 [main] INFO  volume.HddsVolumeChecker (HddsVolumeChecker.java:checkAllVolumes(202)) - Scheduled health check for volume org.apache.hadoop.ozone.container.common.volume.HddsVolume@17fa1336
2019-10-03 08:05:02,277 [main] INFO  impl.RaftServerProxy (ConfUtils.java:logGet(43)) - raft.rpc.type = GRPC (default)
2019-10-03 08:05:02,277 [main] INFO  grpc.GrpcFactory (GrpcFactory.java:checkPooledByteBufAllocatorUseCacheForAllThreads(45)) - PERFORMANCE WARNING: useCacheForAllThreads is true that may cause Netty to create a lot garbage objects and, as a result, trigger GC.
	It is recommended to disable useCacheForAllThreads by setting -Dorg.apache.ratis.thirdparty.io.netty.allocator.useCacheForAllThreads=false in command line.
2019-10-03 08:05:02,278 [main] INFO  grpc.GrpcConfigKeys$Server (ConfUtils.java:logGet(43)) - raft.grpc.server.port = 0 (default)
2019-10-03 08:05:02,278 [main] INFO  server.GrpcService (ConfUtils.java:logGet(43)) - raft.grpc.message.size.max = 33570816 (custom)
2019-10-03 08:05:02,279 [main] INFO  server.RaftServerConfigKeys (ConfUtils.java:logGet(43)) - raft.server.log.appender.buffer.byte-limit = 33554432 (custom)
2019-10-03 08:05:02,279 [main] INFO  server.GrpcService (ConfUtils.java:logGet(43)) - raft.grpc.flow.control.window = 1MB (=1048576) (default)
2019-10-03 08:05:02,279 [main] INFO  server.RaftServerConfigKeys (ConfUtils.java:logGet(43)) - raft.server.rpc.request.timeout = 3000ms (default)
2019-10-03 08:05:02,280 [main] INFO  server.RaftServerConfigKeys (ConfUtils.java:logGet(43)) - raft.server.storage.dir = [/workdir/hadoop-ozone/integration-test/target/test-dir/MiniOzoneClusterImpl-30c11ea8-6136-4681-9d86-0e3c89bd7a94/datanode-4/data/ratis] (custom)
2019-10-03 08:05:02,282 [main] INFO  hdfs.DFSUtil (DFSUtil.java:httpServerTemplateForNNAndJN(1641)) - Starting Web-server for hddsDatanode at: http://0.0.0.0:0
2019-10-03 08:05:02,284 [main] INFO  server.AuthenticationFilter (AuthenticationFilter.java:constructSecretProvider(240)) - Unable to initialize FileSignerSecretProvider, falling back to use random secrets.
2019-10-03 08:05:02,285 [main] WARN  http.HttpRequestLog (HttpRequestLog.java:getRequestLog(97)) - Jetty request log can only be enabled using Log4j
2019-10-03 08:05:02,287 [main] INFO  http.HttpServer2 (HttpServer2.java:addGlobalFilter(975)) - Added global filter 'safety' (class=org.apache.hadoop.http.HttpServer2$QuotingInputFilter)
2019-10-03 08:05:02,288 [main] INFO  http.HttpServer2 (HttpServer2.java:addFilter(948)) - Added filter static_user_filter (class=org.apache.hadoop.http.lib.StaticUserWebFilter$StaticUserFilter) to context hddsDatanode
2019-10-03 08:05:02,288 [main] INFO  http.HttpServer2 (HttpServer2.java:addFilter(958)) - Added filter static_user_filter (class=org.apache.hadoop.http.lib.StaticUserWebFilter$StaticUserFilter) to context logs
2019-10-03 08:05:02,288 [main] INFO  http.HttpServer2 (HttpServer2.java:addFilter(958)) - Added filter static_user_filter (class=org.apache.hadoop.http.lib.StaticUserWebFilter$StaticUserFilter) to context static
2019-10-03 08:05:02,289 [main] INFO  http.HttpServer2 (HttpServer2.java:bindListener(1191)) - Jetty bound to port 37892
2019-10-03 08:05:02,289 [main] INFO  server.Server (Server.java:doStart(351)) - jetty-9.3.25.v20180904, build timestamp: 2018-09-04T21:11:46Z, git hash: 3ce520221d0240229c862b122d2b06c12a625732
2019-10-03 08:05:02,292 [main] INFO  handler.ContextHandler (ContextHandler.java:doStart(781)) - Started o.e.j.s.ServletContextHandler@38ed139b{/logs,file:///workdir/hadoop-ozone/integration-test/target/log,AVAILABLE}
2019-10-03 08:05:02,293 [main] INFO  handler.ContextHandler (ContextHandler.java:doStart(781)) - Started o.e.j.s.ServletContextHandler@58ba5b30{/static,jar:file:/home/user/.m2/repository/org/apache/hadoop/hadoop-hdds-container-service/0.5.0-SNAPSHOT/hadoop-hdds-container-service-0.5.0-SNAPSHOT.jar!/webapps/static,AVAILABLE}
2019-10-03 08:05:02,330 [main] INFO  handler.ContextHandler (ContextHandler.java:doStart(781)) - Started o.e.j.w.WebAppContext@4996c99{/,file:///tmp/jetty-0.0.0.0-37892-hddsDatanode-_-any-6505920761160815978.dir/webapp/,AVAILABLE}{/hddsDatanode}
2019-10-03 08:05:02,330 [main] INFO  server.AbstractConnector (AbstractConnector.java:doStart(278)) - Started ServerConnector@1b956cfa{HTTP/1.1,[http/1.1]}{0.0.0.0:37892}
2019-10-03 08:05:02,332 [main] INFO  server.Server (Server.java:doStart(419)) - Started @6036ms
2019-10-03 08:05:02,332 [main] WARN  impl.MetricsSystemImpl (MetricsSystemImpl.java:register(276)) - Sink prometheus already exists!
2019-10-03 08:05:02,333 [main] INFO  server.BaseHttpServer (BaseHttpServer.java:updateConnectorAddress(215)) - HTTP server of HDDSDATANODE is listening at http://0.0.0.0:37892
2019-10-03 08:05:02,333 [main] INFO  impl.MetricsSystemImpl (MetricsSystemImpl.java:init(158)) - HddsDatanode metrics system started (again)
2019-10-03 08:05:02,338 [org.apache.hadoop.util.JvmPauseMonitor$Monitor@5f9fb043] INFO  util.JvmPauseMonitor (JvmPauseMonitor.java:run(188)) - Starting JVM pause monitor
2019-10-03 08:05:02,338 [main] INFO  ozone.HddsDatanodeService (HddsDatanodeService.java:start(184)) - HddsDatanodeService host:pr-hdds2217-2mkdc-371598885 ip:192.168.151.98
2019-10-03 08:05:02,341 [Datanode State Machine Thread - 0] INFO  datanode.InitDatanodeState (InitDatanodeState.java:persistContainerDatanodeDetails(140)) - DatanodeDetails is persisted to /workdir/hadoop-ozone/integration-test/target/test-dir/MiniOzoneClusterImpl-30c11ea8-6136-4681-9d86-0e3c89bd7a94/datanode-4/meta/datanode.id
2019-10-03 08:05:02,348 [main] INFO  volume.HddsVolume (HddsVolume.java:<init>(176)) - Creating Volume: /workdir/hadoop-ozone/integration-test/target/test-dir/MiniOzoneClusterImpl-30c11ea8-6136-4681-9d86-0e3c89bd7a94/datanode-5/data/containers/hdds of  storage type : DISK and capacity : 1482555576320
2019-10-03 08:05:02,349 [main] INFO  volume.VolumeSet (VolumeSet.java:initializeVolumeSet(170)) - Added Volume : /workdir/hadoop-ozone/integration-test/target/test-dir/MiniOzoneClusterImpl-30c11ea8-6136-4681-9d86-0e3c89bd7a94/datanode-5/data/containers/hdds to VolumeSet
2019-10-03 08:05:02,349 [main] INFO  volume.ThrottledAsyncChecker (ThrottledAsyncChecker.java:schedule(139)) - Scheduling a check for org.apache.hadoop.ozone.container.common.volume.HddsVolume@3c3c4a71
2019-10-03 08:05:02,350 [main] INFO  volume.HddsVolumeChecker (HddsVolumeChecker.java:checkAllVolumes(202)) - Scheduled health check for volume org.apache.hadoop.ozone.container.common.volume.HddsVolume@3c3c4a71
2019-10-03 08:05:02,367 [main] INFO  impl.RaftServerProxy (ConfUtils.java:logGet(43)) - raft.rpc.type = GRPC (default)
2019-10-03 08:05:02,368 [main] INFO  grpc.GrpcFactory (GrpcFactory.java:checkPooledByteBufAllocatorUseCacheForAllThreads(45)) - PERFORMANCE WARNING: useCacheForAllThreads is true that may cause Netty to create a lot garbage objects and, as a result, trigger GC.
	It is recommended to disable useCacheForAllThreads by setting -Dorg.apache.ratis.thirdparty.io.netty.allocator.useCacheForAllThreads=false in command line.
2019-10-03 08:05:02,368 [main] INFO  grpc.GrpcConfigKeys$Server (ConfUtils.java:logGet(43)) - raft.grpc.server.port = 0 (default)
2019-10-03 08:05:02,368 [main] INFO  server.GrpcService (ConfUtils.java:logGet(43)) - raft.grpc.message.size.max = 33570816 (custom)
2019-10-03 08:05:02,368 [main] INFO  server.RaftServerConfigKeys (ConfUtils.java:logGet(43)) - raft.server.log.appender.buffer.byte-limit = 33554432 (custom)
2019-10-03 08:05:02,369 [main] INFO  server.GrpcService (ConfUtils.java:logGet(43)) - raft.grpc.flow.control.window = 1MB (=1048576) (default)
2019-10-03 08:05:02,369 [main] INFO  server.RaftServerConfigKeys (ConfUtils.java:logGet(43)) - raft.server.rpc.request.timeout = 3000ms (default)
2019-10-03 08:05:02,370 [main] INFO  server.RaftServerConfigKeys (ConfUtils.java:logGet(43)) - raft.server.storage.dir = [/workdir/hadoop-ozone/integration-test/target/test-dir/MiniOzoneClusterImpl-30c11ea8-6136-4681-9d86-0e3c89bd7a94/datanode-5/data/ratis] (custom)
2019-10-03 08:05:02,371 [main] INFO  hdfs.DFSUtil (DFSUtil.java:httpServerTemplateForNNAndJN(1641)) - Starting Web-server for hddsDatanode at: http://0.0.0.0:0
2019-10-03 08:05:02,373 [main] INFO  server.AuthenticationFilter (AuthenticationFilter.java:constructSecretProvider(240)) - Unable to initialize FileSignerSecretProvider, falling back to use random secrets.
2019-10-03 08:05:02,374 [main] WARN  http.HttpRequestLog (HttpRequestLog.java:getRequestLog(97)) - Jetty request log can only be enabled using Log4j
2019-10-03 08:05:02,375 [main] INFO  http.HttpServer2 (HttpServer2.java:addGlobalFilter(975)) - Added global filter 'safety' (class=org.apache.hadoop.http.HttpServer2$QuotingInputFilter)
2019-10-03 08:05:02,376 [main] INFO  http.HttpServer2 (HttpServer2.java:addFilter(948)) - Added filter static_user_filter (class=org.apache.hadoop.http.lib.StaticUserWebFilter$StaticUserFilter) to context hddsDatanode
2019-10-03 08:05:02,376 [main] INFO  http.HttpServer2 (HttpServer2.java:addFilter(958)) - Added filter static_user_filter (class=org.apache.hadoop.http.lib.StaticUserWebFilter$StaticUserFilter) to context static
2019-10-03 08:05:02,377 [main] INFO  http.HttpServer2 (HttpServer2.java:addFilter(958)) - Added filter static_user_filter (class=org.apache.hadoop.http.lib.StaticUserWebFilter$StaticUserFilter) to context logs
2019-10-03 08:05:02,377 [main] INFO  http.HttpServer2 (HttpServer2.java:bindListener(1191)) - Jetty bound to port 41983
2019-10-03 08:05:02,377 [main] INFO  server.Server (Server.java:doStart(351)) - jetty-9.3.25.v20180904, build timestamp: 2018-09-04T21:11:46Z, git hash: 3ce520221d0240229c862b122d2b06c12a625732
2019-10-03 08:05:02,380 [main] INFO  handler.ContextHandler (ContextHandler.java:doStart(781)) - Started o.e.j.s.ServletContextHandler@3c83468e{/logs,file:///workdir/hadoop-ozone/integration-test/target/log,AVAILABLE}
2019-10-03 08:05:02,380 [main] INFO  handler.ContextHandler (ContextHandler.java:doStart(781)) - Started o.e.j.s.ServletContextHandler@3d7fb838{/static,jar:file:/home/user/.m2/repository/org/apache/hadoop/hadoop-hdds-container-service/0.5.0-SNAPSHOT/hadoop-hdds-container-service-0.5.0-SNAPSHOT.jar!/webapps/static,AVAILABLE}
2019-10-03 08:05:02,411 [main] INFO  handler.ContextHandler (ContextHandler.java:doStart(781)) - Started o.e.j.w.WebAppContext@29149030{/,file:///tmp/jetty-0.0.0.0-41983-hddsDatanode-_-any-9062798266900167871.dir/webapp/,AVAILABLE}{/hddsDatanode}
2019-10-03 08:05:02,412 [main] INFO  server.AbstractConnector (AbstractConnector.java:doStart(278)) - Started ServerConnector@38b8b6c0{HTTP/1.1,[http/1.1]}{0.0.0.0:41983}
2019-10-03 08:05:02,413 [main] INFO  server.Server (Server.java:doStart(419)) - Started @6117ms
2019-10-03 08:05:02,413 [main] WARN  impl.MetricsSystemImpl (MetricsSystemImpl.java:register(276)) - Sink prometheus already exists!
2019-10-03 08:05:02,415 [main] INFO  server.BaseHttpServer (BaseHttpServer.java:updateConnectorAddress(215)) - HTTP server of HDDSDATANODE is listening at http://0.0.0.0:41983
2019-10-03 08:05:02,415 [main] INFO  impl.MetricsSystemImpl (MetricsSystemImpl.java:init(158)) - HddsDatanode metrics system started (again)
2019-10-03 08:05:02,419 [org.apache.hadoop.util.JvmPauseMonitor$Monitor@7acb4083] INFO  util.JvmPauseMonitor (JvmPauseMonitor.java:run(188)) - Starting JVM pause monitor
2019-10-03 08:05:02,420 [main] INFO  ozone.HddsDatanodeService (HddsDatanodeService.java:start(184)) - HddsDatanodeService host:pr-hdds2217-2mkdc-371598885 ip:192.168.151.98
2019-10-03 08:05:02,423 [Datanode State Machine Thread - 0] INFO  datanode.InitDatanodeState (InitDatanodeState.java:persistContainerDatanodeDetails(140)) - DatanodeDetails is persisted to /workdir/hadoop-ozone/integration-test/target/test-dir/MiniOzoneClusterImpl-30c11ea8-6136-4681-9d86-0e3c89bd7a94/datanode-5/meta/datanode.id
2019-10-03 08:05:02,429 [main] INFO  volume.HddsVolume (HddsVolume.java:<init>(176)) - Creating Volume: /workdir/hadoop-ozone/integration-test/target/test-dir/MiniOzoneClusterImpl-30c11ea8-6136-4681-9d86-0e3c89bd7a94/datanode-6/data/containers/hdds of  storage type : DISK and capacity : 1482555576320
2019-10-03 08:05:02,429 [main] INFO  volume.VolumeSet (VolumeSet.java:initializeVolumeSet(170)) - Added Volume : /workdir/hadoop-ozone/integration-test/target/test-dir/MiniOzoneClusterImpl-30c11ea8-6136-4681-9d86-0e3c89bd7a94/datanode-6/data/containers/hdds to VolumeSet
2019-10-03 08:05:02,429 [main] INFO  volume.ThrottledAsyncChecker (ThrottledAsyncChecker.java:schedule(139)) - Scheduling a check for org.apache.hadoop.ozone.container.common.volume.HddsVolume@53311681
2019-10-03 08:05:02,430 [main] INFO  volume.HddsVolumeChecker (HddsVolumeChecker.java:checkAllVolumes(202)) - Scheduled health check for volume org.apache.hadoop.ozone.container.common.volume.HddsVolume@53311681
2019-10-03 08:05:02,446 [main] INFO  impl.RaftServerProxy (ConfUtils.java:logGet(43)) - raft.rpc.type = GRPC (default)
2019-10-03 08:05:02,446 [main] INFO  grpc.GrpcFactory (GrpcFactory.java:checkPooledByteBufAllocatorUseCacheForAllThreads(45)) - PERFORMANCE WARNING: useCacheForAllThreads is true that may cause Netty to create a lot garbage objects and, as a result, trigger GC.
	It is recommended to disable useCacheForAllThreads by setting -Dorg.apache.ratis.thirdparty.io.netty.allocator.useCacheForAllThreads=false in command line.
2019-10-03 08:05:02,446 [main] INFO  grpc.GrpcConfigKeys$Server (ConfUtils.java:logGet(43)) - raft.grpc.server.port = 0 (default)
2019-10-03 08:05:02,446 [main] INFO  server.GrpcService (ConfUtils.java:logGet(43)) - raft.grpc.message.size.max = 33570816 (custom)
2019-10-03 08:05:02,447 [main] INFO  server.RaftServerConfigKeys (ConfUtils.java:logGet(43)) - raft.server.log.appender.buffer.byte-limit = 33554432 (custom)
2019-10-03 08:05:02,447 [main] INFO  server.GrpcService (ConfUtils.java:logGet(43)) - raft.grpc.flow.control.window = 1MB (=1048576) (default)
2019-10-03 08:05:02,447 [main] INFO  server.RaftServerConfigKeys (ConfUtils.java:logGet(43)) - raft.server.rpc.request.timeout = 3000ms (default)
2019-10-03 08:05:02,448 [main] INFO  server.RaftServerConfigKeys (ConfUtils.java:logGet(43)) - raft.server.storage.dir = [/workdir/hadoop-ozone/integration-test/target/test-dir/MiniOzoneClusterImpl-30c11ea8-6136-4681-9d86-0e3c89bd7a94/datanode-6/data/ratis] (custom)
2019-10-03 08:05:02,449 [main] INFO  hdfs.DFSUtil (DFSUtil.java:httpServerTemplateForNNAndJN(1641)) - Starting Web-server for hddsDatanode at: http://0.0.0.0:0
2019-10-03 08:05:02,451 [main] INFO  server.AuthenticationFilter (AuthenticationFilter.java:constructSecretProvider(240)) - Unable to initialize FileSignerSecretProvider, falling back to use random secrets.
2019-10-03 08:05:02,451 [main] WARN  http.HttpRequestLog (HttpRequestLog.java:getRequestLog(97)) - Jetty request log can only be enabled using Log4j
2019-10-03 08:05:02,454 [main] INFO  http.HttpServer2 (HttpServer2.java:addGlobalFilter(975)) - Added global filter 'safety' (class=org.apache.hadoop.http.HttpServer2$QuotingInputFilter)
2019-10-03 08:05:02,455 [main] INFO  http.HttpServer2 (HttpServer2.java:addFilter(948)) - Added filter static_user_filter (class=org.apache.hadoop.http.lib.StaticUserWebFilter$StaticUserFilter) to context hddsDatanode
2019-10-03 08:05:02,455 [main] INFO  http.HttpServer2 (HttpServer2.java:addFilter(958)) - Added filter static_user_filter (class=org.apache.hadoop.http.lib.StaticUserWebFilter$StaticUserFilter) to context logs
2019-10-03 08:05:02,455 [main] INFO  http.HttpServer2 (HttpServer2.java:addFilter(958)) - Added filter static_user_filter (class=org.apache.hadoop.http.lib.StaticUserWebFilter$StaticUserFilter) to context static
2019-10-03 08:05:02,457 [main] INFO  http.HttpServer2 (HttpServer2.java:bindListener(1191)) - Jetty bound to port 39775
2019-10-03 08:05:02,457 [main] INFO  server.Server (Server.java:doStart(351)) - jetty-9.3.25.v20180904, build timestamp: 2018-09-04T21:11:46Z, git hash: 3ce520221d0240229c862b122d2b06c12a625732
2019-10-03 08:05:02,460 [main] INFO  handler.ContextHandler (ContextHandler.java:doStart(781)) - Started o.e.j.s.ServletContextHandler@3e3315d9{/logs,file:///workdir/hadoop-ozone/integration-test/target/log,AVAILABLE}
2019-10-03 08:05:02,461 [main] INFO  handler.ContextHandler (ContextHandler.java:doStart(781)) - Started o.e.j.s.ServletContextHandler@74e6094b{/static,jar:file:/home/user/.m2/repository/org/apache/hadoop/hadoop-hdds-container-service/0.5.0-SNAPSHOT/hadoop-hdds-container-service-0.5.0-SNAPSHOT.jar!/webapps/static,AVAILABLE}
2019-10-03 08:05:02,504 [main] INFO  handler.ContextHandler (ContextHandler.java:doStart(781)) - Started o.e.j.w.WebAppContext@378f002a{/,file:///tmp/jetty-0.0.0.0-39775-hddsDatanode-_-any-6090319493661082651.dir/webapp/,AVAILABLE}{/hddsDatanode}
2019-10-03 08:05:02,506 [main] INFO  server.AbstractConnector (AbstractConnector.java:doStart(278)) - Started ServerConnector@1afd72ef{HTTP/1.1,[http/1.1]}{0.0.0.0:39775}
2019-10-03 08:05:02,506 [main] INFO  server.Server (Server.java:doStart(419)) - Started @6210ms
2019-10-03 08:05:02,507 [main] WARN  impl.MetricsSystemImpl (MetricsSystemImpl.java:register(276)) - Sink prometheus already exists!
2019-10-03 08:05:02,507 [main] INFO  server.BaseHttpServer (BaseHttpServer.java:updateConnectorAddress(215)) - HTTP server of HDDSDATANODE is listening at http://0.0.0.0:39775
2019-10-03 08:05:02,510 [main] INFO  ozone.MiniOzoneClusterImpl (MiniOzoneClusterImpl.java:lambda$waitForClusterToBeReady$0(147)) - Waiting for cluster to be ready. Got 0 of 7 DN Heartbeats.
2019-10-03 08:05:02,511 [org.apache.hadoop.util.JvmPauseMonitor$Monitor@6319f14d] INFO  util.JvmPauseMonitor (JvmPauseMonitor.java:run(188)) - Starting JVM pause monitor
2019-10-03 08:05:02,515 [Datanode State Machine Thread - 0] INFO  datanode.InitDatanodeState (InitDatanodeState.java:persistContainerDatanodeDetails(140)) - DatanodeDetails is persisted to /workdir/hadoop-ozone/integration-test/target/test-dir/MiniOzoneClusterImpl-30c11ea8-6136-4681-9d86-0e3c89bd7a94/datanode-6/meta/datanode.id
2019-10-03 08:05:03,510 [main] INFO  ozone.MiniOzoneClusterImpl (MiniOzoneClusterImpl.java:lambda$waitForClusterToBeReady$0(147)) - Waiting for cluster to be ready. Got 0 of 7 DN Heartbeats.
2019-10-03 08:05:04,110 [Datanode State Machine Thread - 0] INFO  ozoneimpl.OzoneContainer (OzoneContainer.java:start(217)) - Attempting to start container services.
2019-10-03 08:05:04,110 [Datanode State Machine Thread - 0] INFO  ozoneimpl.OzoneContainer (OzoneContainer.java:start(217)) - Attempting to start container services.
2019-10-03 08:05:04,115 [Datanode State Machine Thread - 0] INFO  ozoneimpl.OzoneContainer (OzoneContainer.java:startContainerScrub(179)) - Background container scanner has been disabled.
2019-10-03 08:05:04,115 [Datanode State Machine Thread - 0] INFO  ozoneimpl.OzoneContainer (OzoneContainer.java:startContainerScrub(179)) - Background container scanner has been disabled.
2019-10-03 08:05:04,115 [Datanode State Machine Thread - 0] INFO  ratis.XceiverServerRatis (XceiverServerRatis.java:start(417)) - Starting XceiverServerRatis 4754d0d8-8434-40a3-99e5-ebfd08159131 at port 0
2019-10-03 08:05:04,116 [Datanode State Machine Thread - 0] INFO  ratis.XceiverServerRatis (XceiverServerRatis.java:start(417)) - Starting XceiverServerRatis ee7df43b-d832-481d-a193-5533cb2ab68e at port 0
2019-10-03 08:05:04,154 [Datanode State Machine Thread - 0] INFO  impl.RaftServerProxy (RaftServerProxy.java:lambda$start$3(299)) - 4754d0d8-8434-40a3-99e5-ebfd08159131: start RPC server
2019-10-03 08:05:04,154 [Datanode State Machine Thread - 0] INFO  impl.RaftServerProxy (RaftServerProxy.java:lambda$start$3(299)) - ee7df43b-d832-481d-a193-5533cb2ab68e: start RPC server
2019-10-03 08:05:04,171 [Datanode State Machine Thread - 0] INFO  ozoneimpl.OzoneContainer (OzoneContainer.java:start(217)) - Attempting to start container services.
2019-10-03 08:05:04,181 [Datanode State Machine Thread - 0] INFO  ozoneimpl.OzoneContainer (OzoneContainer.java:startContainerScrub(179)) - Background container scanner has been disabled.
2019-10-03 08:05:04,182 [Datanode State Machine Thread - 0] INFO  ratis.XceiverServerRatis (XceiverServerRatis.java:start(417)) - Starting XceiverServerRatis e81eb3a3-08d8-4434-b65f-c3267db03600 at port 0
2019-10-03 08:05:04,197 [Datanode State Machine Thread - 0] INFO  impl.RaftServerProxy (RaftServerProxy.java:lambda$start$3(299)) - e81eb3a3-08d8-4434-b65f-c3267db03600: start RPC server
2019-10-03 08:05:04,254 [Datanode State Machine Thread - 0] INFO  ozoneimpl.OzoneContainer (OzoneContainer.java:start(217)) - Attempting to start container services.
2019-10-03 08:05:04,254 [Datanode State Machine Thread - 0] INFO  ozoneimpl.OzoneContainer (OzoneContainer.java:startContainerScrub(179)) - Background container scanner has been disabled.
2019-10-03 08:05:04,255 [Datanode State Machine Thread - 0] INFO  ratis.XceiverServerRatis (XceiverServerRatis.java:start(417)) - Starting XceiverServerRatis 2ab5f8f3-6b97-406f-a282-d8983dd7b0b3 at port 0
2019-10-03 08:05:04,265 [Datanode State Machine Thread - 0] INFO  impl.RaftServerProxy (RaftServerProxy.java:lambda$start$3(299)) - 2ab5f8f3-6b97-406f-a282-d8983dd7b0b3: start RPC server
2019-10-03 08:05:04,358 [Datanode State Machine Thread - 0] INFO  server.GrpcService (GrpcService.java:startImpl(158)) - e81eb3a3-08d8-4434-b65f-c3267db03600: GrpcService started, listening on 0.0.0.0/0.0.0.0:46178
2019-10-03 08:05:04,358 [Datanode State Machine Thread - 0] INFO  server.GrpcService (GrpcService.java:startImpl(158)) - 2ab5f8f3-6b97-406f-a282-d8983dd7b0b3: GrpcService started, listening on 0.0.0.0/0.0.0.0:45294
2019-10-03 08:05:04,358 [Datanode State Machine Thread - 0] INFO  server.GrpcService (GrpcService.java:startImpl(158)) - ee7df43b-d832-481d-a193-5533cb2ab68e: GrpcService started, listening on 0.0.0.0/0.0.0.0:33309
2019-10-03 08:05:04,358 [Datanode State Machine Thread - 0] INFO  server.GrpcService (GrpcService.java:startImpl(158)) - 4754d0d8-8434-40a3-99e5-ebfd08159131: GrpcService started, listening on 0.0.0.0/0.0.0.0:39588
2019-10-03 08:05:04,360 [Datanode State Machine Thread - 0] INFO  ratis.XceiverServerRatis (XceiverServerRatis.java:start(427)) - XceiverServerRatis ee7df43b-d832-481d-a193-5533cb2ab68e is started using port 33309
2019-10-03 08:05:04,360 [Datanode State Machine Thread - 0] INFO  ratis.XceiverServerRatis (XceiverServerRatis.java:start(427)) - XceiverServerRatis 2ab5f8f3-6b97-406f-a282-d8983dd7b0b3 is started using port 45294
2019-10-03 08:05:04,360 [Datanode State Machine Thread - 0] INFO  ratis.XceiverServerRatis (XceiverServerRatis.java:start(427)) - XceiverServerRatis e81eb3a3-08d8-4434-b65f-c3267db03600 is started using port 46178
2019-10-03 08:05:04,360 [Datanode State Machine Thread - 0] INFO  ratis.XceiverServerRatis (XceiverServerRatis.java:start(427)) - XceiverServerRatis 4754d0d8-8434-40a3-99e5-ebfd08159131 is started using port 39588
2019-10-03 08:05:04,368 [Datanode State Machine Thread - 0] INFO  ozoneimpl.OzoneContainer (OzoneContainer.java:start(217)) - Attempting to start container services.
2019-10-03 08:05:04,368 [Datanode State Machine Thread - 0] INFO  server.XceiverServerGrpc (XceiverServerGrpc.java:start(149)) - XceiverServerGrpc e81eb3a3-08d8-4434-b65f-c3267db03600 is started using port 34893
2019-10-03 08:05:04,369 [Datanode State Machine Thread - 0] INFO  server.XceiverServerGrpc (XceiverServerGrpc.java:start(149)) - XceiverServerGrpc 2ab5f8f3-6b97-406f-a282-d8983dd7b0b3 is started using port 37832
2019-10-03 08:05:04,368 [Datanode State Machine Thread - 0] INFO  server.XceiverServerGrpc (XceiverServerGrpc.java:start(149)) - XceiverServerGrpc ee7df43b-d832-481d-a193-5533cb2ab68e is started using port 35443
2019-10-03 08:05:04,368 [Datanode State Machine Thread - 0] INFO  server.XceiverServerGrpc (XceiverServerGrpc.java:start(149)) - XceiverServerGrpc 4754d0d8-8434-40a3-99e5-ebfd08159131 is started using port 43296
2019-10-03 08:05:04,369 [Datanode State Machine Thread - 0] INFO  ozoneimpl.OzoneContainer (OzoneContainer.java:startContainerScrub(179)) - Background container scanner has been disabled.
2019-10-03 08:05:04,369 [Datanode State Machine Thread - 0] INFO  ratis.XceiverServerRatis (XceiverServerRatis.java:start(417)) - Starting XceiverServerRatis 9b557557-b0be-413c-b212-b08725bb712a at port 0
2019-10-03 08:05:04,380 [Datanode State Machine Thread - 0] INFO  impl.RaftServerProxy (RaftServerProxy.java:lambda$start$3(299)) - 9b557557-b0be-413c-b212-b08725bb712a: start RPC server
2019-10-03 08:05:04,382 [Datanode State Machine Thread - 0] INFO  server.GrpcService (GrpcService.java:startImpl(158)) - 9b557557-b0be-413c-b212-b08725bb712a: GrpcService started, listening on 0.0.0.0/0.0.0.0:45590
2019-10-03 08:05:04,383 [Datanode State Machine Thread - 0] INFO  ratis.XceiverServerRatis (XceiverServerRatis.java:start(427)) - XceiverServerRatis 9b557557-b0be-413c-b212-b08725bb712a is started using port 45590
2019-10-03 08:05:04,385 [Datanode State Machine Thread - 0] INFO  server.XceiverServerGrpc (XceiverServerGrpc.java:start(149)) - XceiverServerGrpc 9b557557-b0be-413c-b212-b08725bb712a is started using port 35639
2019-10-03 08:05:04,435 [Datanode State Machine Thread - 0] INFO  ozoneimpl.OzoneContainer (OzoneContainer.java:start(217)) - Attempting to start container services.
2019-10-03 08:05:04,436 [Datanode State Machine Thread - 0] INFO  ozoneimpl.OzoneContainer (OzoneContainer.java:startContainerScrub(179)) - Background container scanner has been disabled.
2019-10-03 08:05:04,436 [Datanode State Machine Thread - 0] INFO  ratis.XceiverServerRatis (XceiverServerRatis.java:start(417)) - Starting XceiverServerRatis d7cf2482-ed45-4607-912d-f49f9cee1bc5 at port 0
2019-10-03 08:05:04,445 [Datanode State Machine Thread - 0] INFO  impl.RaftServerProxy (RaftServerProxy.java:lambda$start$3(299)) - d7cf2482-ed45-4607-912d-f49f9cee1bc5: start RPC server
2019-10-03 08:05:04,449 [Datanode State Machine Thread - 0] INFO  server.GrpcService (GrpcService.java:startImpl(158)) - d7cf2482-ed45-4607-912d-f49f9cee1bc5: GrpcService started, listening on 0.0.0.0/0.0.0.0:34953
2019-10-03 08:05:04,449 [Datanode State Machine Thread - 0] INFO  ratis.XceiverServerRatis (XceiverServerRatis.java:start(427)) - XceiverServerRatis d7cf2482-ed45-4607-912d-f49f9cee1bc5 is started using port 34953
2019-10-03 08:05:04,452 [Datanode State Machine Thread - 0] INFO  server.XceiverServerGrpc (XceiverServerGrpc.java:start(149)) - XceiverServerGrpc d7cf2482-ed45-4607-912d-f49f9cee1bc5 is started using port 37616
2019-10-03 08:05:04,511 [main] INFO  ozone.MiniOzoneClusterImpl (MiniOzoneClusterImpl.java:lambda$waitForClusterToBeReady$0(147)) - Waiting for cluster to be ready. Got 0 of 7 DN Heartbeats.
2019-10-03 08:05:04,527 [Datanode State Machine Thread - 0] INFO  ozoneimpl.OzoneContainer (OzoneContainer.java:start(217)) - Attempting to start container services.
2019-10-03 08:05:04,528 [Datanode State Machine Thread - 0] INFO  ozoneimpl.OzoneContainer (OzoneContainer.java:startContainerScrub(179)) - Background container scanner has been disabled.
2019-10-03 08:05:04,528 [Datanode State Machine Thread - 0] INFO  ratis.XceiverServerRatis (XceiverServerRatis.java:start(417)) - Starting XceiverServerRatis 53d3c6ae-db99-4dd0-8c0e-a3e43b0ef8d7 at port 0
2019-10-03 08:05:04,537 [Datanode State Machine Thread - 0] INFO  impl.RaftServerProxy (RaftServerProxy.java:lambda$start$3(299)) - 53d3c6ae-db99-4dd0-8c0e-a3e43b0ef8d7: start RPC server
2019-10-03 08:05:04,542 [Datanode State Machine Thread - 0] INFO  server.GrpcService (GrpcService.java:startImpl(158)) - 53d3c6ae-db99-4dd0-8c0e-a3e43b0ef8d7: GrpcService started, listening on 0.0.0.0/0.0.0.0:43527
2019-10-03 08:05:04,542 [Datanode State Machine Thread - 0] INFO  ratis.XceiverServerRatis (XceiverServerRatis.java:start(427)) - XceiverServerRatis 53d3c6ae-db99-4dd0-8c0e-a3e43b0ef8d7 is started using port 43527
2019-10-03 08:05:04,546 [Datanode State Machine Thread - 0] INFO  server.XceiverServerGrpc (XceiverServerGrpc.java:start(149)) - XceiverServerGrpc 53d3c6ae-db99-4dd0-8c0e-a3e43b0ef8d7 is started using port 42899
2019-10-03 08:05:05,512 [main] INFO  ozone.MiniOzoneClusterImpl (MiniOzoneClusterImpl.java:lambda$waitForClusterToBeReady$0(147)) - Waiting for cluster to be ready. Got 0 of 7 DN Heartbeats.
2019-10-03 08:05:06,036 [IPC Server handler 2 on 40579] INFO  net.NetworkTopology (NetworkTopologyImpl.java:add(111)) - Added a new node: /default-rack/4754d0d8-8434-40a3-99e5-ebfd08159131
2019-10-03 08:05:06,036 [IPC Server handler 2 on 40579] INFO  node.SCMNodeManager (SCMNodeManager.java:register(266)) - Registered Data node : 4754d0d8-8434-40a3-99e5-ebfd08159131{ip: 192.168.151.98, host: pr-hdds2217-2mkdc-371598885, networkLocation: /default-rack, certSerialId: null}
2019-10-03 08:05:06,042 [EventQueue-NodeRegistrationContainerReportForDataNodeSafeModeRule] INFO  safemode.SCMSafeModeManager (DataNodeSafeModeRule.java:process(71)) - SCM in safe mode. 1 DataNodes registered, 1 required.
2019-10-03 08:05:06,042 [EventQueue-NodeRegistrationContainerReportForDataNodeSafeModeRule] INFO  safemode.SCMSafeModeManager (SCMSafeModeManager.java:validateSafeModeExitRules(177)) - ScmSafeModeManager, all rules are successfully validated
2019-10-03 08:05:06,042 [EventQueue-NodeRegistrationContainerReportForDataNodeSafeModeRule] INFO  safemode.SCMSafeModeManager (SCMSafeModeManager.java:exitSafeMode(193)) - SCM exiting safe mode.
2019-10-03 08:05:06,067 [IPC Server handler 4 on 40579] INFO  net.NetworkTopology (NetworkTopologyImpl.java:add(111)) - Added a new node: /default-rack/ee7df43b-d832-481d-a193-5533cb2ab68e
2019-10-03 08:05:06,068 [IPC Server handler 4 on 40579] INFO  node.SCMNodeManager (SCMNodeManager.java:register(266)) - Registered Data node : ee7df43b-d832-481d-a193-5533cb2ab68e{ip: 192.168.151.98, host: pr-hdds2217-2mkdc-371598885, networkLocation: /default-rack, certSerialId: null}
2019-10-03 08:05:06,147 [IPC Server handler 3 on 40579] INFO  net.NetworkTopology (NetworkTopologyImpl.java:add(111)) - Added a new node: /default-rack/e81eb3a3-08d8-4434-b65f-c3267db03600
2019-10-03 08:05:06,147 [IPC Server handler 3 on 40579] INFO  node.SCMNodeManager (SCMNodeManager.java:register(266)) - Registered Data node : e81eb3a3-08d8-4434-b65f-c3267db03600{ip: 192.168.151.98, host: pr-hdds2217-2mkdc-371598885, networkLocation: /default-rack, certSerialId: null}
2019-10-03 08:05:06,241 [IPC Server handler 5 on 40579] INFO  net.NetworkTopology (NetworkTopologyImpl.java:add(111)) - Added a new node: /default-rack/2ab5f8f3-6b97-406f-a282-d8983dd7b0b3
2019-10-03 08:05:06,242 [IPC Server handler 5 on 40579] INFO  node.SCMNodeManager (SCMNodeManager.java:register(266)) - Registered Data node : 2ab5f8f3-6b97-406f-a282-d8983dd7b0b3{ip: 192.168.151.98, host: pr-hdds2217-2mkdc-371598885, networkLocation: /default-rack, certSerialId: null}
2019-10-03 08:05:06,342 [IPC Server handler 6 on 40579] INFO  net.NetworkTopology (NetworkTopologyImpl.java:add(111)) - Added a new node: /default-rack/9b557557-b0be-413c-b212-b08725bb712a
2019-10-03 08:05:06,343 [IPC Server handler 6 on 40579] INFO  node.SCMNodeManager (SCMNodeManager.java:register(266)) - Registered Data node : 9b557557-b0be-413c-b212-b08725bb712a{ip: 192.168.151.98, host: pr-hdds2217-2mkdc-371598885, networkLocation: /default-rack, certSerialId: null}
2019-10-03 08:05:06,424 [IPC Server handler 0 on 40579] INFO  net.NetworkTopology (NetworkTopologyImpl.java:add(111)) - Added a new node: /default-rack/d7cf2482-ed45-4607-912d-f49f9cee1bc5
2019-10-03 08:05:06,424 [IPC Server handler 0 on 40579] INFO  node.SCMNodeManager (SCMNodeManager.java:register(266)) - Registered Data node : d7cf2482-ed45-4607-912d-f49f9cee1bc5{ip: 192.168.151.98, host: pr-hdds2217-2mkdc-371598885, networkLocation: /default-rack, certSerialId: null}
2019-10-03 08:05:06,512 [main] INFO  ozone.MiniOzoneClusterImpl (MiniOzoneClusterImpl.java:lambda$waitForClusterToBeReady$0(147)) - Waiting for cluster to be ready. Got 6 of 7 DN Heartbeats.
2019-10-03 08:05:06,515 [IPC Server handler 2 on 40579] INFO  net.NetworkTopology (NetworkTopologyImpl.java:add(111)) - Added a new node: /default-rack/53d3c6ae-db99-4dd0-8c0e-a3e43b0ef8d7
2019-10-03 08:05:06,515 [IPC Server handler 2 on 40579] INFO  node.SCMNodeManager (SCMNodeManager.java:register(266)) - Registered Data node : 53d3c6ae-db99-4dd0-8c0e-a3e43b0ef8d7{ip: 192.168.151.98, host: pr-hdds2217-2mkdc-371598885, networkLocation: /default-rack, certSerialId: null}
2019-10-03 08:05:06,676 [grpc-default-executor-0] INFO  impl.RaftServerProxy (RaftServerProxy.java:addNew(89)) - 4754d0d8-8434-40a3-99e5-ebfd08159131: addNew group-AF079CC32019:[4754d0d8-8434-40a3-99e5-ebfd08159131:192.168.151.98:39588] returns group-AF079CC32019:java.util.concurrent.CompletableFuture@275216c1[Not completed]
2019-10-03 08:05:06,687 [pool-27-thread-1] INFO  impl.RaftServerImpl (RaftServerImpl.java:<init>(95)) - 4754d0d8-8434-40a3-99e5-ebfd08159131: new RaftServerImpl for group-AF079CC32019:[4754d0d8-8434-40a3-99e5-ebfd08159131:192.168.151.98:39588] with ContainerStateMachine:uninitialized
2019-10-03 08:05:06,689 [pool-27-thread-1] INFO  server.RaftServerConfigKeys (ConfUtils.java:logGet(43)) - raft.server.rpc.timeout.min = 5s (custom)
2019-10-03 08:05:06,691 [pool-27-thread-1] INFO  server.RaftServerConfigKeys (ConfUtils.java:logGet(43)) - raft.server.rpc.timeout.max = 5200ms (custom)
2019-10-03 08:05:06,691 [pool-27-thread-1] INFO  server.RaftServerConfigKeys (ConfUtils.java:logGet(43)) - raft.server.rpcslowness.timeout = 120s (custom)
2019-10-03 08:05:06,691 [pool-27-thread-1] INFO  server.RaftServerConfigKeys (ConfUtils.java:logGet(43)) - raft.server.sleep.deviation.threshold = 300 (default)
2019-10-03 08:05:06,692 [pool-27-thread-1] INFO  server.RaftServerConfigKeys (ConfUtils.java:logGet(43)) - raft.server.log.appender.install.snapshot.enabled = false (custom)
2019-10-03 08:05:06,701 [pool-27-thread-1] INFO  impl.RaftServerImpl (ServerState.java:<init>(103)) - 4754d0d8-8434-40a3-99e5-ebfd08159131@group-AF079CC32019: ConfigurationManager, init=-1: [4754d0d8-8434-40a3-99e5-ebfd08159131:192.168.151.98:39588], old=null, confs=<EMPTY_MAP>
2019-10-03 08:05:06,701 [pool-27-thread-1] INFO  server.RaftServerConfigKeys (ConfUtils.java:logGet(43)) - raft.server.storage.dir = [/workdir/hadoop-ozone/integration-test/target/test-dir/MiniOzoneClusterImpl-30c11ea8-6136-4681-9d86-0e3c89bd7a94/datanode-0/data/ratis] (custom)
2019-10-03 08:05:06,707 [pool-27-thread-1] INFO  server.RaftServerConfigKeys (ConfUtils.java:logGet(43)) - raft.server.log.corruption.policy = EXCEPTION (default)
2019-10-03 08:05:06,709 [pool-27-thread-1] INFO  storage.RaftStorageDirectory (RaftStorageDirectory.java:analyzeStorage(246)) - The storage directory /workdir/hadoop-ozone/integration-test/target/test-dir/MiniOzoneClusterImpl-30c11ea8-6136-4681-9d86-0e3c89bd7a94/datanode-0/data/ratis/bd12aca3-035b-4930-9834-af079cc32019 does not exist. Creating ...
2019-10-03 08:05:06,726 [pool-27-thread-1] INFO  storage.RaftStorageDirectory (RaftStorageDirectory.java:tryLock(328)) - Lock on /workdir/hadoop-ozone/integration-test/target/test-dir/MiniOzoneClusterImpl-30c11ea8-6136-4681-9d86-0e3c89bd7a94/datanode-0/data/ratis/bd12aca3-035b-4930-9834-af079cc32019/in_use.lock acquired by nodename 12137@pr-hdds2217-2mkdc-371598885
2019-10-03 08:05:06,753 [pool-27-thread-1] INFO  storage.RaftStorage (RaftStorage.java:format(84)) - Storage directory /workdir/hadoop-ozone/integration-test/target/test-dir/MiniOzoneClusterImpl-30c11ea8-6136-4681-9d86-0e3c89bd7a94/datanode-0/data/ratis/bd12aca3-035b-4930-9834-af079cc32019 has been successfully formatted.
2019-10-03 08:05:06,755 [pool-27-thread-1] INFO  ratis.ContainerStateMachine (ContainerStateMachine.java:loadSnapshot(230)) - group-AF079CC32019: The snapshot info is null. Setting the last applied indexto:(t:0, i:~)
2019-10-03 08:05:06,756 [pool-27-thread-1] INFO  server.RaftServerConfigKeys (ConfUtils.java:logGet(43)) - raft.server.notification.no-leader.timeout = 120s (custom)
2019-10-03 08:05:06,758 [pool-27-thread-1] INFO  server.RaftServerConfigKeys (ConfUtils.java:logGet(43)) - raft.server.log.use.memory = false (default)
2019-10-03 08:05:06,763 [pool-27-thread-1] INFO  server.RaftServerConfigKeys (ConfUtils.java:logGet(43)) - raft.server.log.purge.gap = 1000000 (custom)
2019-10-03 08:05:06,763 [pool-27-thread-1] INFO  server.RaftServerConfigKeys (ConfUtils.java:logGet(43)) - raft.server.log.appender.buffer.byte-limit = 33554432 (custom)
2019-10-03 08:05:06,765 [pool-27-thread-1] INFO  server.RaftServerConfigKeys (ConfUtils.java:logGet(43)) - raft.server.log.segment.size.max = 1048576 (custom)
2019-10-03 08:05:06,767 [pool-27-thread-1] INFO  impl.MetricsSystemImpl (MetricsSystemImpl.java:init(158)) - ratis metrics system started (again)
2019-10-03 08:05:06,771 [pool-27-thread-1] INFO  metrics.MetricRegistries (MetricRegistriesLoader.java:load(64)) - Loaded MetricRegistries class org.apache.ratis.metrics.impl.MetricRegistriesImpl
2019-10-03 08:05:06,810 [pool-27-thread-1] INFO  server.RaftServerConfigKeys (ConfUtils.java:logGet(43)) - raft.server.log.segment.cache.num.max = 2 (custom)
2019-10-03 08:05:06,816 [pool-27-thread-1] INFO  segmented.SegmentedRaftLogWorker (SegmentedRaftLogWorker.java:<init>(173)) - new 4754d0d8-8434-40a3-99e5-ebfd08159131@group-AF079CC32019-SegmentedRaftLogWorker for RaftStorage:Storage Directory /workdir/hadoop-ozone/integration-test/target/test-dir/MiniOzoneClusterImpl-30c11ea8-6136-4681-9d86-0e3c89bd7a94/datanode-0/data/ratis/bd12aca3-035b-4930-9834-af079cc32019
2019-10-03 08:05:06,816 [pool-27-thread-1] INFO  server.RaftServerConfigKeys (ConfUtils.java:logGet(43)) - raft.server.log.queue.byte-limit = 2147483647 (custom)
2019-10-03 08:05:06,817 [pool-27-thread-1] INFO  server.RaftServerConfigKeys (ConfUtils.java:logGet(43)) - raft.server.log.queue.element-limit = 1024 (custom)
2019-10-03 08:05:06,818 [pool-27-thread-1] INFO  server.RaftServerConfigKeys (ConfUtils.java:logGet(43)) - raft.server.log.segment.size.max = 1048576 (custom)
2019-10-03 08:05:06,818 [pool-27-thread-1] INFO  server.RaftServerConfigKeys (ConfUtils.java:logGet(43)) - raft.server.log.preallocated.size = 16384 (custom)
2019-10-03 08:05:06,819 [pool-27-thread-1] INFO  server.RaftServerConfigKeys (ConfUtils.java:logGet(43)) - raft.server.log.write.buffer.size = 33554432 (custom)
2019-10-03 08:05:06,819 [pool-27-thread-1] INFO  server.RaftServerConfigKeys (ConfUtils.java:logGet(43)) - raft.server.log.force.sync.num = 128 (default)
2019-10-03 08:05:06,820 [pool-27-thread-1] INFO  server.RaftServerConfigKeys (ConfUtils.java:logGet(43)) - raft.server.log.statemachine.data.sync = true (default)
2019-10-03 08:05:06,820 [pool-27-thread-1] INFO  server.RaftServerConfigKeys (ConfUtils.java:logGet(43)) - raft.server.log.statemachine.data.sync.timeout = 10s (default)
2019-10-03 08:05:06,821 [pool-27-thread-1] INFO  server.RaftServerConfigKeys (ConfUtils.java:logGet(43)) - raft.server.log.statemachine.data.sync.timeout.retry = -1 (default)
2019-10-03 08:05:06,832 [pool-27-thread-1] INFO  server.RaftServerConfigKeys (ConfUtils.java:logGet(43)) - raft.server.log.statemachine.data.caching.enabled = true (custom)
2019-10-03 08:05:06,837 [pool-27-thread-1] INFO  segmented.SegmentedRaftLogWorker (SegmentedRaftLogWorker.java:lambda$new$0(128)) - 4754d0d8-8434-40a3-99e5-ebfd08159131@group-AF079CC32019-SegmentedRaftLogWorker: flushIndex: setUnconditionally 0 -> -1
2019-10-03 08:05:06,841 [pool-27-thread-1] INFO  server.RaftServerConfigKeys (ConfUtils.java:logGet(43)) - raft.server.snapshot.auto.trigger.enabled = true (custom)
2019-10-03 08:05:06,842 [pool-27-thread-1] INFO  server.RaftServerConfigKeys (ConfUtils.java:logGet(43)) - raft.server.snapshot.auto.trigger.threshold = 10000 (custom)
2019-10-03 08:05:06,842 [pool-27-thread-1] INFO  server.RaftServerConfigKeys (ConfUtils.java:logGet(43)) - raft.server.snapshot.retention.file.num = 5 (custom)
2019-10-03 08:05:06,843 [pool-27-thread-1] INFO  server.RaftServerConfigKeys (ConfUtils.java:logGet(43)) - raft.server.retrycache.expirytime = 600000ms (custom)
2019-10-03 08:05:06,873 [pool-27-thread-1] INFO  impl.RaftServerImpl (RaftServerImpl.java:start(181)) - 4754d0d8-8434-40a3-99e5-ebfd08159131@group-AF079CC32019: start as a follower, conf=-1: [4754d0d8-8434-40a3-99e5-ebfd08159131:192.168.151.98:39588], old=null
2019-10-03 08:05:06,874 [pool-27-thread-1] INFO  impl.RaftServerImpl (RaftServerImpl.java:setRole(170)) - 4754d0d8-8434-40a3-99e5-ebfd08159131@group-AF079CC32019: changes role from      null to FOLLOWER at term 0 for startAsFollower
2019-10-03 08:05:06,875 [pool-27-thread-1] INFO  impl.RoleInfo (RoleInfo.java:updateAndGet(143)) - 4754d0d8-8434-40a3-99e5-ebfd08159131: start FollowerState
2019-10-03 08:05:06,877 [pool-27-thread-1] INFO  util.JmxRegister (JmxRegister.java:tryRegister(44)) - Successfully registered JMX Bean with object name Ratis:service=RaftServer,group=group-AF079CC32019,id=4754d0d8-8434-40a3-99e5-ebfd08159131
2019-10-03 08:05:06,953 [RatisPipelineUtilsThread] INFO  pipeline.PipelineStateManager (PipelineStateManager.java:addPipeline(56)) - Created pipeline Pipeline[ Id: bd12aca3-035b-4930-9834-af079cc32019, Nodes: 4754d0d8-8434-40a3-99e5-ebfd08159131{ip: 192.168.151.98, host: pr-hdds2217-2mkdc-371598885, networkLocation: /default-rack, certSerialId: null}, Type:RATIS, Factor:ONE, State:OPEN]
2019-10-03 08:05:06,985 [grpc-default-executor-0] INFO  impl.RaftServerProxy (RaftServerProxy.java:addNew(89)) - 2ab5f8f3-6b97-406f-a282-d8983dd7b0b3: addNew group-FC5877522EAE:[2ab5f8f3-6b97-406f-a282-d8983dd7b0b3:192.168.151.98:45294] returns group-FC5877522EAE:java.util.concurrent.CompletableFuture@757e33b1[Not completed]
2019-10-03 08:05:07,045 [pool-57-thread-1] INFO  impl.RaftServerImpl (RaftServerImpl.java:<init>(95)) - 2ab5f8f3-6b97-406f-a282-d8983dd7b0b3: new RaftServerImpl for group-FC5877522EAE:[2ab5f8f3-6b97-406f-a282-d8983dd7b0b3:192.168.151.98:45294] with ContainerStateMachine:uninitialized
2019-10-03 08:05:07,046 [pool-57-thread-1] INFO  server.RaftServerConfigKeys (ConfUtils.java:logGet(43)) - raft.server.rpc.timeout.min = 5s (custom)
2019-10-03 08:05:07,047 [pool-57-thread-1] INFO  server.RaftServerConfigKeys (ConfUtils.java:logGet(43)) - raft.server.rpc.timeout.max = 5200ms (custom)
2019-10-03 08:05:07,047 [pool-57-thread-1] INFO  server.RaftServerConfigKeys (ConfUtils.java:logGet(43)) - raft.server.rpcslowness.timeout = 120s (custom)
2019-10-03 08:05:07,047 [pool-57-thread-1] INFO  server.RaftServerConfigKeys (ConfUtils.java:logGet(43)) - raft.server.sleep.deviation.threshold = 300 (default)
2019-10-03 08:05:07,047 [pool-57-thread-1] INFO  server.RaftServerConfigKeys (ConfUtils.java:logGet(43)) - raft.server.log.appender.install.snapshot.enabled = false (custom)
2019-10-03 08:05:07,047 [pool-57-thread-1] INFO  impl.RaftServerImpl (ServerState.java:<init>(103)) - 2ab5f8f3-6b97-406f-a282-d8983dd7b0b3@group-FC5877522EAE: ConfigurationManager, init=-1: [2ab5f8f3-6b97-406f-a282-d8983dd7b0b3:192.168.151.98:45294], old=null, confs=<EMPTY_MAP>
2019-10-03 08:05:07,048 [pool-57-thread-1] INFO  server.RaftServerConfigKeys (ConfUtils.java:logGet(43)) - raft.server.storage.dir = [/workdir/hadoop-ozone/integration-test/target/test-dir/MiniOzoneClusterImpl-30c11ea8-6136-4681-9d86-0e3c89bd7a94/datanode-3/data/ratis] (custom)
2019-10-03 08:05:07,048 [pool-57-thread-1] INFO  server.RaftServerConfigKeys (ConfUtils.java:logGet(43)) - raft.server.log.corruption.policy = EXCEPTION (default)
2019-10-03 08:05:07,048 [pool-57-thread-1] INFO  storage.RaftStorageDirectory (RaftStorageDirectory.java:analyzeStorage(246)) - The storage directory /workdir/hadoop-ozone/integration-test/target/test-dir/MiniOzoneClusterImpl-30c11ea8-6136-4681-9d86-0e3c89bd7a94/datanode-3/data/ratis/7d72be00-3429-42c0-82a7-fc5877522eae does not exist. Creating ...
2019-10-03 08:05:07,062 [pool-57-thread-1] INFO  storage.RaftStorageDirectory (RaftStorageDirectory.java:tryLock(328)) - Lock on /workdir/hadoop-ozone/integration-test/target/test-dir/MiniOzoneClusterImpl-30c11ea8-6136-4681-9d86-0e3c89bd7a94/datanode-3/data/ratis/7d72be00-3429-42c0-82a7-fc5877522eae/in_use.lock acquired by nodename 12137@pr-hdds2217-2mkdc-371598885
2019-10-03 08:05:07,075 [pool-57-thread-1] INFO  storage.RaftStorage (RaftStorage.java:format(84)) - Storage directory /workdir/hadoop-ozone/integration-test/target/test-dir/MiniOzoneClusterImpl-30c11ea8-6136-4681-9d86-0e3c89bd7a94/datanode-3/data/ratis/7d72be00-3429-42c0-82a7-fc5877522eae has been successfully formatted.
2019-10-03 08:05:07,077 [pool-57-thread-1] INFO  ratis.ContainerStateMachine (ContainerStateMachine.java:loadSnapshot(230)) - group-FC5877522EAE: The snapshot info is null. Setting the last applied indexto:(t:0, i:~)
2019-10-03 08:05:07,078 [pool-57-thread-1] INFO  server.RaftServerConfigKeys (ConfUtils.java:logGet(43)) - raft.server.notification.no-leader.timeout = 120s (custom)
2019-10-03 08:05:07,078 [pool-57-thread-1] INFO  server.RaftServerConfigKeys (ConfUtils.java:logGet(43)) - raft.server.log.use.memory = false (default)
2019-10-03 08:05:07,078 [pool-57-thread-1] INFO  server.RaftServerConfigKeys (ConfUtils.java:logGet(43)) - raft.server.log.purge.gap = 1000000 (custom)
2019-10-03 08:05:07,079 [pool-57-thread-1] INFO  server.RaftServerConfigKeys (ConfUtils.java:logGet(43)) - raft.server.log.appender.buffer.byte-limit = 33554432 (custom)
2019-10-03 08:05:07,079 [pool-57-thread-1] INFO  server.RaftServerConfigKeys (ConfUtils.java:logGet(43)) - raft.server.log.segment.size.max = 1048576 (custom)
2019-10-03 08:05:07,085 [pool-57-thread-1] INFO  server.RaftServerConfigKeys (ConfUtils.java:logGet(43)) - raft.server.log.segment.cache.num.max = 2 (custom)
2019-10-03 08:05:07,085 [pool-57-thread-1] INFO  segmented.SegmentedRaftLogWorker (SegmentedRaftLogWorker.java:<init>(173)) - new 2ab5f8f3-6b97-406f-a282-d8983dd7b0b3@group-FC5877522EAE-SegmentedRaftLogWorker for RaftStorage:Storage Directory /workdir/hadoop-ozone/integration-test/target/test-dir/MiniOzoneClusterImpl-30c11ea8-6136-4681-9d86-0e3c89bd7a94/datanode-3/data/ratis/7d72be00-3429-42c0-82a7-fc5877522eae
2019-10-03 08:05:07,087 [pool-57-thread-1] INFO  server.RaftServerConfigKeys (ConfUtils.java:logGet(43)) - raft.server.log.queue.byte-limit = 2147483647 (custom)
2019-10-03 08:05:07,087 [pool-57-thread-1] INFO  server.RaftServerConfigKeys (ConfUtils.java:logGet(43)) - raft.server.log.queue.element-limit = 1024 (custom)
2019-10-03 08:05:07,087 [pool-57-thread-1] INFO  server.RaftServerConfigKeys (ConfUtils.java:logGet(43)) - raft.server.log.segment.size.max = 1048576 (custom)
2019-10-03 08:05:07,087 [pool-57-thread-1] INFO  server.RaftServerConfigKeys (ConfUtils.java:logGet(43)) - raft.server.log.preallocated.size = 16384 (custom)
2019-10-03 08:05:07,087 [pool-57-thread-1] INFO  server.RaftServerConfigKeys (ConfUtils.java:logGet(43)) - raft.server.log.write.buffer.size = 33554432 (custom)
2019-10-03 08:05:07,087 [pool-57-thread-1] INFO  server.RaftServerConfigKeys (ConfUtils.java:logGet(43)) - raft.server.log.force.sync.num = 128 (default)
2019-10-03 08:05:07,088 [pool-57-thread-1] INFO  server.RaftServerConfigKeys (ConfUtils.java:logGet(43)) - raft.server.log.statemachine.data.sync = true (default)
2019-10-03 08:05:07,088 [pool-57-thread-1] INFO  server.RaftServerConfigKeys (ConfUtils.java:logGet(43)) - raft.server.log.statemachine.data.sync.timeout = 10s (default)
2019-10-03 08:05:07,088 [pool-57-thread-1] INFO  server.RaftServerConfigKeys (ConfUtils.java:logGet(43)) - raft.server.log.statemachine.data.sync.timeout.retry = -1 (default)
2019-10-03 08:05:07,089 [pool-57-thread-1] INFO  server.RaftServerConfigKeys (ConfUtils.java:logGet(43)) - raft.server.log.statemachine.data.caching.enabled = true (custom)
2019-10-03 08:05:07,089 [pool-57-thread-1] INFO  segmented.SegmentedRaftLogWorker (SegmentedRaftLogWorker.java:lambda$new$0(128)) - 2ab5f8f3-6b97-406f-a282-d8983dd7b0b3@group-FC5877522EAE-SegmentedRaftLogWorker: flushIndex: setUnconditionally 0 -> -1
2019-10-03 08:05:07,090 [pool-57-thread-1] INFO  server.RaftServerConfigKeys (ConfUtils.java:logGet(43)) - raft.server.snapshot.auto.trigger.enabled = true (custom)
2019-10-03 08:05:07,090 [pool-57-thread-1] INFO  server.RaftServerConfigKeys (ConfUtils.java:logGet(43)) - raft.server.snapshot.auto.trigger.threshold = 10000 (custom)
2019-10-03 08:05:07,090 [pool-57-thread-1] INFO  server.RaftServerConfigKeys (ConfUtils.java:logGet(43)) - raft.server.snapshot.retention.file.num = 5 (custom)
2019-10-03 08:05:07,090 [pool-57-thread-1] INFO  server.RaftServerConfigKeys (ConfUtils.java:logGet(43)) - raft.server.retrycache.expirytime = 600000ms (custom)
2019-10-03 08:05:07,096 [pool-57-thread-1] INFO  impl.RaftServerImpl (RaftServerImpl.java:start(181)) - 2ab5f8f3-6b97-406f-a282-d8983dd7b0b3@group-FC5877522EAE: start as a follower, conf=-1: [2ab5f8f3-6b97-406f-a282-d8983dd7b0b3:192.168.151.98:45294], old=null
2019-10-03 08:05:07,096 [pool-57-thread-1] INFO  impl.RaftServerImpl (RaftServerImpl.java:setRole(170)) - 2ab5f8f3-6b97-406f-a282-d8983dd7b0b3@group-FC5877522EAE: changes role from      null to FOLLOWER at term 0 for startAsFollower
2019-10-03 08:05:07,097 [pool-57-thread-1] INFO  impl.RoleInfo (RoleInfo.java:updateAndGet(143)) - 2ab5f8f3-6b97-406f-a282-d8983dd7b0b3: start FollowerState
2019-10-03 08:05:07,098 [pool-57-thread-1] INFO  util.JmxRegister (JmxRegister.java:tryRegister(44)) - Successfully registered JMX Bean with object name Ratis:service=RaftServer,group=group-FC5877522EAE,id=2ab5f8f3-6b97-406f-a282-d8983dd7b0b3
2019-10-03 08:05:07,121 [RatisPipelineUtilsThread] INFO  pipeline.PipelineStateManager (PipelineStateManager.java:addPipeline(56)) - Created pipeline Pipeline[ Id: 7d72be00-3429-42c0-82a7-fc5877522eae, Nodes: 2ab5f8f3-6b97-406f-a282-d8983dd7b0b3{ip: 192.168.151.98, host: pr-hdds2217-2mkdc-371598885, networkLocation: /default-rack, certSerialId: null}, Type:RATIS, Factor:ONE, State:OPEN]
2019-10-03 08:05:07,153 [grpc-default-executor-0] INFO  impl.RaftServerProxy (RaftServerProxy.java:addNew(89)) - 9b557557-b0be-413c-b212-b08725bb712a: addNew group-2844F16FD2AC:[9b557557-b0be-413c-b212-b08725bb712a:192.168.151.98:45590] returns group-2844F16FD2AC:java.util.concurrent.CompletableFuture@34ee0a91[Not completed]
2019-10-03 08:05:07,185 [pool-67-thread-1] INFO  impl.RaftServerImpl (RaftServerImpl.java:<init>(95)) - 9b557557-b0be-413c-b212-b08725bb712a: new RaftServerImpl for group-2844F16FD2AC:[9b557557-b0be-413c-b212-b08725bb712a:192.168.151.98:45590] with ContainerStateMachine:uninitialized
2019-10-03 08:05:07,185 [pool-67-thread-1] INFO  server.RaftServerConfigKeys (ConfUtils.java:logGet(43)) - raft.server.rpc.timeout.min = 5s (custom)
2019-10-03 08:05:07,185 [pool-67-thread-1] INFO  server.RaftServerConfigKeys (ConfUtils.java:logGet(43)) - raft.server.rpc.timeout.max = 5200ms (custom)
2019-10-03 08:05:07,186 [pool-67-thread-1] INFO  server.RaftServerConfigKeys (ConfUtils.java:logGet(43)) - raft.server.rpcslowness.timeout = 120s (custom)
2019-10-03 08:05:07,186 [pool-67-thread-1] INFO  server.RaftServerConfigKeys (ConfUtils.java:logGet(43)) - raft.server.sleep.deviation.threshold = 300 (default)
2019-10-03 08:05:07,186 [pool-67-thread-1] INFO  server.RaftServerConfigKeys (ConfUtils.java:logGet(43)) - raft.server.log.appender.install.snapshot.enabled = false (custom)
2019-10-03 08:05:07,186 [pool-67-thread-1] INFO  impl.RaftServerImpl (ServerState.java:<init>(103)) - 9b557557-b0be-413c-b212-b08725bb712a@group-2844F16FD2AC: ConfigurationManager, init=-1: [9b557557-b0be-413c-b212-b08725bb712a:192.168.151.98:45590], old=null, confs=<EMPTY_MAP>
2019-10-03 08:05:07,186 [pool-67-thread-1] INFO  server.RaftServerConfigKeys (ConfUtils.java:logGet(43)) - raft.server.storage.dir = [/workdir/hadoop-ozone/integration-test/target/test-dir/MiniOzoneClusterImpl-30c11ea8-6136-4681-9d86-0e3c89bd7a94/datanode-4/data/ratis] (custom)
2019-10-03 08:05:07,187 [pool-67-thread-1] INFO  server.RaftServerConfigKeys (ConfUtils.java:logGet(43)) - raft.server.log.corruption.policy = EXCEPTION (default)
2019-10-03 08:05:07,187 [pool-67-thread-1] INFO  storage.RaftStorageDirectory (RaftStorageDirectory.java:analyzeStorage(246)) - The storage directory /workdir/hadoop-ozone/integration-test/target/test-dir/MiniOzoneClusterImpl-30c11ea8-6136-4681-9d86-0e3c89bd7a94/datanode-4/data/ratis/7b01efd7-50ce-4dc7-b837-2844f16fd2ac does not exist. Creating ...
2019-10-03 08:05:07,201 [pool-67-thread-1] INFO  storage.RaftStorageDirectory (RaftStorageDirectory.java:tryLock(328)) - Lock on /workdir/hadoop-ozone/integration-test/target/test-dir/MiniOzoneClusterImpl-30c11ea8-6136-4681-9d86-0e3c89bd7a94/datanode-4/data/ratis/7b01efd7-50ce-4dc7-b837-2844f16fd2ac/in_use.lock acquired by nodename 12137@pr-hdds2217-2mkdc-371598885
2019-10-03 08:05:07,224 [pool-67-thread-1] INFO  storage.RaftStorage (RaftStorage.java:format(84)) - Storage directory /workdir/hadoop-ozone/integration-test/target/test-dir/MiniOzoneClusterImpl-30c11ea8-6136-4681-9d86-0e3c89bd7a94/datanode-4/data/ratis/7b01efd7-50ce-4dc7-b837-2844f16fd2ac has been successfully formatted.
2019-10-03 08:05:07,225 [pool-67-thread-1] INFO  ratis.ContainerStateMachine (ContainerStateMachine.java:loadSnapshot(230)) - group-2844F16FD2AC: The snapshot info is null. Setting the last applied indexto:(t:0, i:~)
2019-10-03 08:05:07,225 [pool-67-thread-1] INFO  server.RaftServerConfigKeys (ConfUtils.java:logGet(43)) - raft.server.notification.no-leader.timeout = 120s (custom)
2019-10-03 08:05:07,225 [pool-67-thread-1] INFO  server.RaftServerConfigKeys (ConfUtils.java:logGet(43)) - raft.server.log.use.memory = false (default)
2019-10-03 08:05:07,225 [pool-67-thread-1] INFO  server.RaftServerConfigKeys (ConfUtils.java:logGet(43)) - raft.server.log.purge.gap = 1000000 (custom)
2019-10-03 08:05:07,226 [pool-67-thread-1] INFO  server.RaftServerConfigKeys (ConfUtils.java:logGet(43)) - raft.server.log.appender.buffer.byte-limit = 33554432 (custom)
2019-10-03 08:05:07,226 [pool-67-thread-1] INFO  server.RaftServerConfigKeys (ConfUtils.java:logGet(43)) - raft.server.log.segment.size.max = 1048576 (custom)
2019-10-03 08:05:07,263 [pool-67-thread-1] INFO  server.RaftServerConfigKeys (ConfUtils.java:logGet(43)) - raft.server.log.segment.cache.num.max = 2 (custom)
2019-10-03 08:05:07,264 [pool-67-thread-1] INFO  segmented.SegmentedRaftLogWorker (SegmentedRaftLogWorker.java:<init>(173)) - new 9b557557-b0be-413c-b212-b08725bb712a@group-2844F16FD2AC-SegmentedRaftLogWorker for RaftStorage:Storage Directory /workdir/hadoop-ozone/integration-test/target/test-dir/MiniOzoneClusterImpl-30c11ea8-6136-4681-9d86-0e3c89bd7a94/datanode-4/data/ratis/7b01efd7-50ce-4dc7-b837-2844f16fd2ac
2019-10-03 08:05:07,264 [pool-67-thread-1] INFO  server.RaftServerConfigKeys (ConfUtils.java:logGet(43)) - raft.server.log.queue.byte-limit = 2147483647 (custom)
2019-10-03 08:05:07,264 [pool-67-thread-1] INFO  server.RaftServerConfigKeys (ConfUtils.java:logGet(43)) - raft.server.log.queue.element-limit = 1024 (custom)
2019-10-03 08:05:07,264 [pool-67-thread-1] INFO  server.RaftServerConfigKeys (ConfUtils.java:logGet(43)) - raft.server.log.segment.size.max = 1048576 (custom)
2019-10-03 08:05:07,265 [pool-67-thread-1] INFO  server.RaftServerConfigKeys (ConfUtils.java:logGet(43)) - raft.server.log.preallocated.size = 16384 (custom)
2019-10-03 08:05:07,265 [pool-67-thread-1] INFO  server.RaftServerConfigKeys (ConfUtils.java:logGet(43)) - raft.server.log.write.buffer.size = 33554432 (custom)
2019-10-03 08:05:07,265 [pool-67-thread-1] INFO  server.RaftServerConfigKeys (ConfUtils.java:logGet(43)) - raft.server.log.force.sync.num = 128 (default)
2019-10-03 08:05:07,265 [pool-67-thread-1] INFO  server.RaftServerConfigKeys (ConfUtils.java:logGet(43)) - raft.server.log.statemachine.data.sync = true (default)
2019-10-03 08:05:07,266 [pool-67-thread-1] INFO  server.RaftServerConfigKeys (ConfUtils.java:logGet(43)) - raft.server.log.statemachine.data.sync.timeout = 10s (default)
2019-10-03 08:05:07,266 [pool-67-thread-1] INFO  server.RaftServerConfigKeys (ConfUtils.java:logGet(43)) - raft.server.log.statemachine.data.sync.timeout.retry = -1 (default)
2019-10-03 08:05:07,267 [pool-67-thread-1] INFO  server.RaftServerConfigKeys (ConfUtils.java:logGet(43)) - raft.server.log.statemachine.data.caching.enabled = true (custom)
2019-10-03 08:05:07,267 [pool-67-thread-1] INFO  segmented.SegmentedRaftLogWorker (SegmentedRaftLogWorker.java:lambda$new$0(128)) - 9b557557-b0be-413c-b212-b08725bb712a@group-2844F16FD2AC-SegmentedRaftLogWorker: flushIndex: setUnconditionally 0 -> -1
2019-10-03 08:05:07,268 [pool-67-thread-1] INFO  server.RaftServerConfigKeys (ConfUtils.java:logGet(43)) - raft.server.snapshot.auto.trigger.enabled = true (custom)
2019-10-03 08:05:07,268 [pool-67-thread-1] INFO  server.RaftServerConfigKeys (ConfUtils.java:logGet(43)) - raft.server.snapshot.auto.trigger.threshold = 10000 (custom)
2019-10-03 08:05:07,268 [pool-67-thread-1] INFO  server.RaftServerConfigKeys (ConfUtils.java:logGet(43)) - raft.server.snapshot.retention.file.num = 5 (custom)
2019-10-03 08:05:07,269 [pool-67-thread-1] INFO  server.RaftServerConfigKeys (ConfUtils.java:logGet(43)) - raft.server.retrycache.expirytime = 600000ms (custom)
2019-10-03 08:05:07,275 [pool-67-thread-1] INFO  impl.RaftServerImpl (RaftServerImpl.java:start(181)) - 9b557557-b0be-413c-b212-b08725bb712a@group-2844F16FD2AC: start as a follower, conf=-1: [9b557557-b0be-413c-b212-b08725bb712a:192.168.151.98:45590], old=null
2019-10-03 08:05:07,275 [pool-67-thread-1] INFO  impl.RaftServerImpl (RaftServerImpl.java:setRole(170)) - 9b557557-b0be-413c-b212-b08725bb712a@group-2844F16FD2AC: changes role from      null to FOLLOWER at term 0 for startAsFollower
2019-10-03 08:05:07,275 [pool-67-thread-1] INFO  impl.RoleInfo (RoleInfo.java:updateAndGet(143)) - 9b557557-b0be-413c-b212-b08725bb712a: start FollowerState
2019-10-03 08:05:07,276 [pool-67-thread-1] INFO  util.JmxRegister (JmxRegister.java:tryRegister(44)) - Successfully registered JMX Bean with object name Ratis:service=RaftServer,group=group-2844F16FD2AC,id=9b557557-b0be-413c-b212-b08725bb712a
2019-10-03 08:05:07,295 [RatisPipelineUtilsThread] INFO  pipeline.PipelineStateManager (PipelineStateManager.java:addPipeline(56)) - Created pipeline Pipeline[ Id: 7b01efd7-50ce-4dc7-b837-2844f16fd2ac, Nodes: 9b557557-b0be-413c-b212-b08725bb712a{ip: 192.168.151.98, host: pr-hdds2217-2mkdc-371598885, networkLocation: /default-rack, certSerialId: null}, Type:RATIS, Factor:ONE, State:OPEN]
2019-10-03 08:05:07,315 [grpc-default-executor-0] INFO  impl.RaftServerProxy (RaftServerProxy.java:addNew(89)) - d7cf2482-ed45-4607-912d-f49f9cee1bc5: addNew group-36088DDF0A28:[d7cf2482-ed45-4607-912d-f49f9cee1bc5:192.168.151.98:34953] returns group-36088DDF0A28:java.util.concurrent.CompletableFuture@1e1b00d2[Not completed]
2019-10-03 08:05:07,319 [pool-77-thread-1] INFO  impl.RaftServerImpl (RaftServerImpl.java:<init>(95)) - d7cf2482-ed45-4607-912d-f49f9cee1bc5: new RaftServerImpl for group-36088DDF0A28:[d7cf2482-ed45-4607-912d-f49f9cee1bc5:192.168.151.98:34953] with ContainerStateMachine:uninitialized
2019-10-03 08:05:07,319 [pool-77-thread-1] INFO  server.RaftServerConfigKeys (ConfUtils.java:logGet(43)) - raft.server.rpc.timeout.min = 5s (custom)
2019-10-03 08:05:07,320 [pool-77-thread-1] INFO  server.RaftServerConfigKeys (ConfUtils.java:logGet(43)) - raft.server.rpc.timeout.max = 5200ms (custom)
2019-10-03 08:05:07,320 [pool-77-thread-1] INFO  server.RaftServerConfigKeys (ConfUtils.java:logGet(43)) - raft.server.rpcslowness.timeout = 120s (custom)
2019-10-03 08:05:07,320 [pool-77-thread-1] INFO  server.RaftServerConfigKeys (ConfUtils.java:logGet(43)) - raft.server.sleep.deviation.threshold = 300 (default)
2019-10-03 08:05:07,320 [pool-77-thread-1] INFO  server.RaftServerConfigKeys (ConfUtils.java:logGet(43)) - raft.server.log.appender.install.snapshot.enabled = false (custom)
2019-10-03 08:05:07,320 [pool-77-thread-1] INFO  impl.RaftServerImpl (ServerState.java:<init>(103)) - d7cf2482-ed45-4607-912d-f49f9cee1bc5@group-36088DDF0A28: ConfigurationManager, init=-1: [d7cf2482-ed45-4607-912d-f49f9cee1bc5:192.168.151.98:34953], old=null, confs=<EMPTY_MAP>
2019-10-03 08:05:07,320 [pool-77-thread-1] INFO  server.RaftServerConfigKeys (ConfUtils.java:logGet(43)) - raft.server.storage.dir = [/workdir/hadoop-ozone/integration-test/target/test-dir/MiniOzoneClusterImpl-30c11ea8-6136-4681-9d86-0e3c89bd7a94/datanode-5/data/ratis] (custom)
2019-10-03 08:05:07,321 [pool-77-thread-1] INFO  server.RaftServerConfigKeys (ConfUtils.java:logGet(43)) - raft.server.log.corruption.policy = EXCEPTION (default)
2019-10-03 08:05:07,321 [pool-77-thread-1] INFO  storage.RaftStorageDirectory (RaftStorageDirectory.java:analyzeStorage(246)) - The storage directory /workdir/hadoop-ozone/integration-test/target/test-dir/MiniOzoneClusterImpl-30c11ea8-6136-4681-9d86-0e3c89bd7a94/datanode-5/data/ratis/5888f62f-1b3d-4a8e-8385-36088ddf0a28 does not exist. Creating ...
2019-10-03 08:05:07,345 [pool-77-thread-1] INFO  storage.RaftStorageDirectory (RaftStorageDirectory.java:tryLock(328)) - Lock on /workdir/hadoop-ozone/integration-test/target/test-dir/MiniOzoneClusterImpl-30c11ea8-6136-4681-9d86-0e3c89bd7a94/datanode-5/data/ratis/5888f62f-1b3d-4a8e-8385-36088ddf0a28/in_use.lock acquired by nodename 12137@pr-hdds2217-2mkdc-371598885
2019-10-03 08:05:07,358 [pool-77-thread-1] INFO  storage.RaftStorage (RaftStorage.java:format(84)) - Storage directory /workdir/hadoop-ozone/integration-test/target/test-dir/MiniOzoneClusterImpl-30c11ea8-6136-4681-9d86-0e3c89bd7a94/datanode-5/data/ratis/5888f62f-1b3d-4a8e-8385-36088ddf0a28 has been successfully formatted.
2019-10-03 08:05:07,358 [pool-77-thread-1] INFO  ratis.ContainerStateMachine (ContainerStateMachine.java:loadSnapshot(230)) - group-36088DDF0A28: The snapshot info is null. Setting the last applied indexto:(t:0, i:~)
2019-10-03 08:05:07,358 [pool-77-thread-1] INFO  server.RaftServerConfigKeys (ConfUtils.java:logGet(43)) - raft.server.notification.no-leader.timeout = 120s (custom)
2019-10-03 08:05:07,358 [pool-77-thread-1] INFO  server.RaftServerConfigKeys (ConfUtils.java:logGet(43)) - raft.server.log.use.memory = false (default)
2019-10-03 08:05:07,359 [pool-77-thread-1] INFO  server.RaftServerConfigKeys (ConfUtils.java:logGet(43)) - raft.server.log.purge.gap = 1000000 (custom)
2019-10-03 08:05:07,359 [pool-77-thread-1] INFO  server.RaftServerConfigKeys (ConfUtils.java:logGet(43)) - raft.server.log.appender.buffer.byte-limit = 33554432 (custom)
2019-10-03 08:05:07,359 [pool-77-thread-1] INFO  server.RaftServerConfigKeys (ConfUtils.java:logGet(43)) - raft.server.log.segment.size.max = 1048576 (custom)
2019-10-03 08:05:07,362 [pool-77-thread-1] INFO  server.RaftServerConfigKeys (ConfUtils.java:logGet(43)) - raft.server.log.segment.cache.num.max = 2 (custom)
2019-10-03 08:05:07,362 [pool-77-thread-1] INFO  segmented.SegmentedRaftLogWorker (SegmentedRaftLogWorker.java:<init>(173)) - new d7cf2482-ed45-4607-912d-f49f9cee1bc5@group-36088DDF0A28-SegmentedRaftLogWorker for RaftStorage:Storage Directory /workdir/hadoop-ozone/integration-test/target/test-dir/MiniOzoneClusterImpl-30c11ea8-6136-4681-9d86-0e3c89bd7a94/datanode-5/data/ratis/5888f62f-1b3d-4a8e-8385-36088ddf0a28
2019-10-03 08:05:07,363 [pool-77-thread-1] INFO  server.RaftServerConfigKeys (ConfUtils.java:logGet(43)) - raft.server.log.queue.byte-limit = 2147483647 (custom)
2019-10-03 08:05:07,363 [pool-77-thread-1] INFO  server.RaftServerConfigKeys (ConfUtils.java:logGet(43)) - raft.server.log.queue.element-limit = 1024 (custom)
2019-10-03 08:05:07,363 [pool-77-thread-1] INFO  server.RaftServerConfigKeys (ConfUtils.java:logGet(43)) - raft.server.log.segment.size.max = 1048576 (custom)
2019-10-03 08:05:07,363 [pool-77-thread-1] INFO  server.RaftServerConfigKeys (ConfUtils.java:logGet(43)) - raft.server.log.preallocated.size = 16384 (custom)
2019-10-03 08:05:07,363 [pool-77-thread-1] INFO  server.RaftServerConfigKeys (ConfUtils.java:logGet(43)) - raft.server.log.write.buffer.size = 33554432 (custom)
2019-10-03 08:05:07,363 [pool-77-thread-1] INFO  server.RaftServerConfigKeys (ConfUtils.java:logGet(43)) - raft.server.log.force.sync.num = 128 (default)
2019-10-03 08:05:07,363 [pool-77-thread-1] INFO  server.RaftServerConfigKeys (ConfUtils.java:logGet(43)) - raft.server.log.statemachine.data.sync = true (default)
2019-10-03 08:05:07,364 [pool-77-thread-1] INFO  server.RaftServerConfigKeys (ConfUtils.java:logGet(43)) - raft.server.log.statemachine.data.sync.timeout = 10s (default)
2019-10-03 08:05:07,364 [pool-77-thread-1] INFO  server.RaftServerConfigKeys (ConfUtils.java:logGet(43)) - raft.server.log.statemachine.data.sync.timeout.retry = -1 (default)
2019-10-03 08:05:07,364 [pool-77-thread-1] INFO  server.RaftServerConfigKeys (ConfUtils.java:logGet(43)) - raft.server.log.statemachine.data.caching.enabled = true (custom)
2019-10-03 08:05:07,365 [pool-77-thread-1] INFO  segmented.SegmentedRaftLogWorker (SegmentedRaftLogWorker.java:lambda$new$0(128)) - d7cf2482-ed45-4607-912d-f49f9cee1bc5@group-36088DDF0A28-SegmentedRaftLogWorker: flushIndex: setUnconditionally 0 -> -1
2019-10-03 08:05:07,365 [pool-77-thread-1] INFO  server.RaftServerConfigKeys (ConfUtils.java:logGet(43)) - raft.server.snapshot.auto.trigger.enabled = true (custom)
2019-10-03 08:05:07,365 [pool-77-thread-1] INFO  server.RaftServerConfigKeys (ConfUtils.java:logGet(43)) - raft.server.snapshot.auto.trigger.threshold = 10000 (custom)
2019-10-03 08:05:07,365 [pool-77-thread-1] INFO  server.RaftServerConfigKeys (ConfUtils.java:logGet(43)) - raft.server.snapshot.retention.file.num = 5 (custom)
2019-10-03 08:05:07,365 [pool-77-thread-1] INFO  server.RaftServerConfigKeys (ConfUtils.java:logGet(43)) - raft.server.retrycache.expirytime = 600000ms (custom)
2019-10-03 08:05:07,368 [pool-77-thread-1] INFO  impl.RaftServerImpl (RaftServerImpl.java:start(181)) - d7cf2482-ed45-4607-912d-f49f9cee1bc5@group-36088DDF0A28: start as a follower, conf=-1: [d7cf2482-ed45-4607-912d-f49f9cee1bc5:192.168.151.98:34953], old=null
2019-10-03 08:05:07,370 [pool-77-thread-1] INFO  impl.RaftServerImpl (RaftServerImpl.java:setRole(170)) - d7cf2482-ed45-4607-912d-f49f9cee1bc5@group-36088DDF0A28: changes role from      null to FOLLOWER at term 0 for startAsFollower
2019-10-03 08:05:07,370 [pool-77-thread-1] INFO  impl.RoleInfo (RoleInfo.java:updateAndGet(143)) - d7cf2482-ed45-4607-912d-f49f9cee1bc5: start FollowerState
2019-10-03 08:05:07,370 [pool-77-thread-1] INFO  util.JmxRegister (JmxRegister.java:tryRegister(44)) - Successfully registered JMX Bean with object name Ratis:service=RaftServer,group=group-36088DDF0A28,id=d7cf2482-ed45-4607-912d-f49f9cee1bc5
2019-10-03 08:05:07,385 [RatisPipelineUtilsThread] INFO  pipeline.PipelineStateManager (PipelineStateManager.java:addPipeline(56)) - Created pipeline Pipeline[ Id: 5888f62f-1b3d-4a8e-8385-36088ddf0a28, Nodes: d7cf2482-ed45-4607-912d-f49f9cee1bc5{ip: 192.168.151.98, host: pr-hdds2217-2mkdc-371598885, networkLocation: /default-rack, certSerialId: null}, Type:RATIS, Factor:ONE, State:OPEN]
2019-10-03 08:05:07,410 [grpc-default-executor-0] INFO  impl.RaftServerProxy (RaftServerProxy.java:addNew(89)) - 53d3c6ae-db99-4dd0-8c0e-a3e43b0ef8d7: addNew group-B39BE4E7240A:[53d3c6ae-db99-4dd0-8c0e-a3e43b0ef8d7:192.168.151.98:43527] returns group-B39BE4E7240A:java.util.concurrent.CompletableFuture@291ed043[Not completed]
2019-10-03 08:05:07,416 [pool-87-thread-1] INFO  impl.RaftServerImpl (RaftServerImpl.java:<init>(95)) - 53d3c6ae-db99-4dd0-8c0e-a3e43b0ef8d7: new RaftServerImpl for group-B39BE4E7240A:[53d3c6ae-db99-4dd0-8c0e-a3e43b0ef8d7:192.168.151.98:43527] with ContainerStateMachine:uninitialized
2019-10-03 08:05:07,416 [pool-87-thread-1] INFO  server.RaftServerConfigKeys (ConfUtils.java:logGet(43)) - raft.server.rpc.timeout.min = 5s (custom)
2019-10-03 08:05:07,416 [pool-87-thread-1] INFO  server.RaftServerConfigKeys (ConfUtils.java:logGet(43)) - raft.server.rpc.timeout.max = 5200ms (custom)
2019-10-03 08:05:07,416 [pool-87-thread-1] INFO  server.RaftServerConfigKeys (ConfUtils.java:logGet(43)) - raft.server.rpcslowness.timeout = 120s (custom)
2019-10-03 08:05:07,417 [pool-87-thread-1] INFO  server.RaftServerConfigKeys (ConfUtils.java:logGet(43)) - raft.server.sleep.deviation.threshold = 300 (default)
2019-10-03 08:05:07,417 [pool-87-thread-1] INFO  server.RaftServerConfigKeys (ConfUtils.java:logGet(43)) - raft.server.log.appender.install.snapshot.enabled = false (custom)
2019-10-03 08:05:07,417 [pool-87-thread-1] INFO  impl.RaftServerImpl (ServerState.java:<init>(103)) - 53d3c6ae-db99-4dd0-8c0e-a3e43b0ef8d7@group-B39BE4E7240A: ConfigurationManager, init=-1: [53d3c6ae-db99-4dd0-8c0e-a3e43b0ef8d7:192.168.151.98:43527], old=null, confs=<EMPTY_MAP>
2019-10-03 08:05:07,417 [pool-87-thread-1] INFO  server.RaftServerConfigKeys (ConfUtils.java:logGet(43)) - raft.server.storage.dir = [/workdir/hadoop-ozone/integration-test/target/test-dir/MiniOzoneClusterImpl-30c11ea8-6136-4681-9d86-0e3c89bd7a94/datanode-6/data/ratis] (custom)
2019-10-03 08:05:07,418 [pool-87-thread-1] INFO  server.RaftServerConfigKeys (ConfUtils.java:logGet(43)) - raft.server.log.corruption.policy = EXCEPTION (default)
2019-10-03 08:05:07,418 [pool-87-thread-1] INFO  storage.RaftStorageDirectory (RaftStorageDirectory.java:analyzeStorage(246)) - The storage directory /workdir/hadoop-ozone/integration-test/target/test-dir/MiniOzoneClusterImpl-30c11ea8-6136-4681-9d86-0e3c89bd7a94/datanode-6/data/ratis/07a2ff3b-dc0a-4208-a1e9-b39be4e7240a does not exist. Creating ...
2019-10-03 08:05:07,431 [pool-87-thread-1] INFO  storage.RaftStorageDirectory (RaftStorageDirectory.java:tryLock(328)) - Lock on /workdir/hadoop-ozone/integration-test/target/test-dir/MiniOzoneClusterImpl-30c11ea8-6136-4681-9d86-0e3c89bd7a94/datanode-6/data/ratis/07a2ff3b-dc0a-4208-a1e9-b39be4e7240a/in_use.lock acquired by nodename 12137@pr-hdds2217-2mkdc-371598885
2019-10-03 08:05:07,444 [pool-87-thread-1] INFO  storage.RaftStorage (RaftStorage.java:format(84)) - Storage directory /workdir/hadoop-ozone/integration-test/target/test-dir/MiniOzoneClusterImpl-30c11ea8-6136-4681-9d86-0e3c89bd7a94/datanode-6/data/ratis/07a2ff3b-dc0a-4208-a1e9-b39be4e7240a has been successfully formatted.
2019-10-03 08:05:07,444 [pool-87-thread-1] INFO  ratis.ContainerStateMachine (ContainerStateMachine.java:loadSnapshot(230)) - group-B39BE4E7240A: The snapshot info is null. Setting the last applied indexto:(t:0, i:~)
2019-10-03 08:05:07,444 [pool-87-thread-1] INFO  server.RaftServerConfigKeys (ConfUtils.java:logGet(43)) - raft.server.notification.no-leader.timeout = 120s (custom)
2019-10-03 08:05:07,445 [pool-87-thread-1] INFO  server.RaftServerConfigKeys (ConfUtils.java:logGet(43)) - raft.server.log.use.memory = false (default)
2019-10-03 08:05:07,445 [pool-87-thread-1] INFO  server.RaftServerConfigKeys (ConfUtils.java:logGet(43)) - raft.server.log.purge.gap = 1000000 (custom)
2019-10-03 08:05:07,445 [pool-87-thread-1] INFO  server.RaftServerConfigKeys (ConfUtils.java:logGet(43)) - raft.server.log.appender.buffer.byte-limit = 33554432 (custom)
2019-10-03 08:05:07,445 [pool-87-thread-1] INFO  server.RaftServerConfigKeys (ConfUtils.java:logGet(43)) - raft.server.log.segment.size.max = 1048576 (custom)
2019-10-03 08:05:07,449 [pool-87-thread-1] INFO  server.RaftServerConfigKeys (ConfUtils.java:logGet(43)) - raft.server.log.segment.cache.num.max = 2 (custom)
2019-10-03 08:05:07,449 [pool-87-thread-1] INFO  segmented.SegmentedRaftLogWorker (SegmentedRaftLogWorker.java:<init>(173)) - new 53d3c6ae-db99-4dd0-8c0e-a3e43b0ef8d7@group-B39BE4E7240A-SegmentedRaftLogWorker for RaftStorage:Storage Directory /workdir/hadoop-ozone/integration-test/target/test-dir/MiniOzoneClusterImpl-30c11ea8-6136-4681-9d86-0e3c89bd7a94/datanode-6/data/ratis/07a2ff3b-dc0a-4208-a1e9-b39be4e7240a
2019-10-03 08:05:07,449 [pool-87-thread-1] INFO  server.RaftServerConfigKeys (ConfUtils.java:logGet(43)) - raft.server.log.queue.byte-limit = 2147483647 (custom)
2019-10-03 08:05:07,449 [pool-87-thread-1] INFO  server.RaftServerConfigKeys (ConfUtils.java:logGet(43)) - raft.server.log.queue.element-limit = 1024 (custom)
2019-10-03 08:05:07,449 [pool-87-thread-1] INFO  server.RaftServerConfigKeys (ConfUtils.java:logGet(43)) - raft.server.log.segment.size.max = 1048576 (custom)
2019-10-03 08:05:07,450 [pool-87-thread-1] INFO  server.RaftServerConfigKeys (ConfUtils.java:logGet(43)) - raft.server.log.preallocated.size = 16384 (custom)
2019-10-03 08:05:07,450 [pool-87-thread-1] INFO  server.RaftServerConfigKeys (ConfUtils.java:logGet(43)) - raft.server.log.write.buffer.size = 33554432 (custom)
2019-10-03 08:05:07,450 [pool-87-thread-1] INFO  server.RaftServerConfigKeys (ConfUtils.java:logGet(43)) - raft.server.log.force.sync.num = 128 (default)
2019-10-03 08:05:07,450 [pool-87-thread-1] INFO  server.RaftServerConfigKeys (ConfUtils.java:logGet(43)) - raft.server.log.statemachine.data.sync = true (default)
2019-10-03 08:05:07,450 [pool-87-thread-1] INFO  server.RaftServerConfigKeys (ConfUtils.java:logGet(43)) - raft.server.log.statemachine.data.sync.timeout = 10s (default)
2019-10-03 08:05:07,450 [pool-87-thread-1] INFO  server.RaftServerConfigKeys (ConfUtils.java:logGet(43)) - raft.server.log.statemachine.data.sync.timeout.retry = -1 (default)
2019-10-03 08:05:07,451 [pool-87-thread-1] INFO  server.RaftServerConfigKeys (ConfUtils.java:logGet(43)) - raft.server.log.statemachine.data.caching.enabled = true (custom)
2019-10-03 08:05:07,452 [pool-87-thread-1] INFO  segmented.SegmentedRaftLogWorker (SegmentedRaftLogWorker.java:lambda$new$0(128)) - 53d3c6ae-db99-4dd0-8c0e-a3e43b0ef8d7@group-B39BE4E7240A-SegmentedRaftLogWorker: flushIndex: setUnconditionally 0 -> -1
2019-10-03 08:05:07,452 [pool-87-thread-1] INFO  server.RaftServerConfigKeys (ConfUtils.java:logGet(43)) - raft.server.snapshot.auto.trigger.enabled = true (custom)
2019-10-03 08:05:07,452 [pool-87-thread-1] INFO  server.RaftServerConfigKeys (ConfUtils.java:logGet(43)) - raft.server.snapshot.auto.trigger.threshold = 10000 (custom)
2019-10-03 08:05:07,452 [pool-87-thread-1] INFO  server.RaftServerConfigKeys (ConfUtils.java:logGet(43)) - raft.server.snapshot.retention.file.num = 5 (custom)
2019-10-03 08:05:07,453 [pool-87-thread-1] INFO  server.RaftServerConfigKeys (ConfUtils.java:logGet(43)) - raft.server.retrycache.expirytime = 600000ms (custom)
2019-10-03 08:05:07,456 [pool-87-thread-1] INFO  impl.RaftServerImpl (RaftServerImpl.java:start(181)) - 53d3c6ae-db99-4dd0-8c0e-a3e43b0ef8d7@group-B39BE4E7240A: start as a follower, conf=-1: [53d3c6ae-db99-4dd0-8c0e-a3e43b0ef8d7:192.168.151.98:43527], old=null
2019-10-03 08:05:07,456 [pool-87-thread-1] INFO  impl.RaftServerImpl (RaftServerImpl.java:setRole(170)) - 53d3c6ae-db99-4dd0-8c0e-a3e43b0ef8d7@group-B39BE4E7240A: changes role from      null to FOLLOWER at term 0 for startAsFollower
2019-10-03 08:05:07,456 [pool-87-thread-1] INFO  impl.RoleInfo (RoleInfo.java:updateAndGet(143)) - 53d3c6ae-db99-4dd0-8c0e-a3e43b0ef8d7: start FollowerState
2019-10-03 08:05:07,457 [pool-87-thread-1] INFO  util.JmxRegister (JmxRegister.java:tryRegister(44)) - Successfully registered JMX Bean with object name Ratis:service=RaftServer,group=group-B39BE4E7240A,id=53d3c6ae-db99-4dd0-8c0e-a3e43b0ef8d7
2019-10-03 08:05:07,474 [RatisPipelineUtilsThread] INFO  pipeline.PipelineStateManager (PipelineStateManager.java:addPipeline(56)) - Created pipeline Pipeline[ Id: 07a2ff3b-dc0a-4208-a1e9-b39be4e7240a, Nodes: 53d3c6ae-db99-4dd0-8c0e-a3e43b0ef8d7{ip: 192.168.151.98, host: pr-hdds2217-2mkdc-371598885, networkLocation: /default-rack, certSerialId: null}, Type:RATIS, Factor:ONE, State:OPEN]
2019-10-03 08:05:07,500 [grpc-default-executor-0] INFO  impl.RaftServerProxy (RaftServerProxy.java:addNew(89)) - e81eb3a3-08d8-4434-b65f-c3267db03600: addNew group-3554BFC2611A:[e81eb3a3-08d8-4434-b65f-c3267db03600:192.168.151.98:46178] returns group-3554BFC2611A:java.util.concurrent.CompletableFuture@bc30253[Not completed]
2019-10-03 08:05:07,504 [pool-47-thread-1] INFO  impl.RaftServerImpl (RaftServerImpl.java:<init>(95)) - e81eb3a3-08d8-4434-b65f-c3267db03600: new RaftServerImpl for group-3554BFC2611A:[e81eb3a3-08d8-4434-b65f-c3267db03600:192.168.151.98:46178] with ContainerStateMachine:uninitialized
2019-10-03 08:05:07,504 [pool-47-thread-1] INFO  server.RaftServerConfigKeys (ConfUtils.java:logGet(43)) - raft.server.rpc.timeout.min = 5s (custom)
2019-10-03 08:05:07,504 [pool-47-thread-1] INFO  server.RaftServerConfigKeys (ConfUtils.java:logGet(43)) - raft.server.rpc.timeout.max = 5200ms (custom)
2019-10-03 08:05:07,505 [pool-47-thread-1] INFO  server.RaftServerConfigKeys (ConfUtils.java:logGet(43)) - raft.server.rpcslowness.timeout = 120s (custom)
2019-10-03 08:05:07,505 [pool-47-thread-1] INFO  server.RaftServerConfigKeys (ConfUtils.java:logGet(43)) - raft.server.sleep.deviation.threshold = 300 (default)
2019-10-03 08:05:07,505 [pool-47-thread-1] INFO  server.RaftServerConfigKeys (ConfUtils.java:logGet(43)) - raft.server.log.appender.install.snapshot.enabled = false (custom)
2019-10-03 08:05:07,505 [pool-47-thread-1] INFO  impl.RaftServerImpl (ServerState.java:<init>(103)) - e81eb3a3-08d8-4434-b65f-c3267db03600@group-3554BFC2611A: ConfigurationManager, init=-1: [e81eb3a3-08d8-4434-b65f-c3267db03600:192.168.151.98:46178], old=null, confs=<EMPTY_MAP>
2019-10-03 08:05:07,505 [pool-47-thread-1] INFO  server.RaftServerConfigKeys (ConfUtils.java:logGet(43)) - raft.server.storage.dir = [/workdir/hadoop-ozone/integration-test/target/test-dir/MiniOzoneClusterImpl-30c11ea8-6136-4681-9d86-0e3c89bd7a94/datanode-2/data/ratis] (custom)
2019-10-03 08:05:07,506 [pool-47-thread-1] INFO  server.RaftServerConfigKeys (ConfUtils.java:logGet(43)) - raft.server.log.corruption.policy = EXCEPTION (default)
2019-10-03 08:05:07,506 [pool-47-thread-1] INFO  storage.RaftStorageDirectory (RaftStorageDirectory.java:analyzeStorage(246)) - The storage directory /workdir/hadoop-ozone/integration-test/target/test-dir/MiniOzoneClusterImpl-30c11ea8-6136-4681-9d86-0e3c89bd7a94/datanode-2/data/ratis/ab41e78f-e916-49b5-a483-3554bfc2611a does not exist. Creating ...
2019-10-03 08:05:07,513 [main] INFO  ozone.MiniOzoneClusterImpl (MiniOzoneClusterImpl.java:lambda$waitForClusterToBeReady$0(147)) - Cluster is ready. Got 7 of 7 DN Heartbeats.
2019-10-03 08:05:07,543 [pool-47-thread-1] INFO  storage.RaftStorageDirectory (RaftStorageDirectory.java:tryLock(328)) - Lock on /workdir/hadoop-ozone/integration-test/target/test-dir/MiniOzoneClusterImpl-30c11ea8-6136-4681-9d86-0e3c89bd7a94/datanode-2/data/ratis/ab41e78f-e916-49b5-a483-3554bfc2611a/in_use.lock acquired by nodename 12137@pr-hdds2217-2mkdc-371598885
2019-10-03 08:05:07,555 [pool-47-thread-1] INFO  storage.RaftStorage (RaftStorage.java:format(84)) - Storage directory /workdir/hadoop-ozone/integration-test/target/test-dir/MiniOzoneClusterImpl-30c11ea8-6136-4681-9d86-0e3c89bd7a94/datanode-2/data/ratis/ab41e78f-e916-49b5-a483-3554bfc2611a has been successfully formatted.
2019-10-03 08:05:07,556 [pool-47-thread-1] INFO  ratis.ContainerStateMachine (ContainerStateMachine.java:loadSnapshot(230)) - group-3554BFC2611A: The snapshot info is null. Setting the last applied indexto:(t:0, i:~)
2019-10-03 08:05:07,556 [pool-47-thread-1] INFO  server.RaftServerConfigKeys (ConfUtils.java:logGet(43)) - raft.server.notification.no-leader.timeout = 120s (custom)
2019-10-03 08:05:07,556 [pool-47-thread-1] INFO  server.RaftServerConfigKeys (ConfUtils.java:logGet(43)) - raft.server.log.use.memory = false (default)
2019-10-03 08:05:07,556 [pool-47-thread-1] INFO  server.RaftServerConfigKeys (ConfUtils.java:logGet(43)) - raft.server.log.purge.gap = 1000000 (custom)
2019-10-03 08:05:07,556 [pool-47-thread-1] INFO  server.RaftServerConfigKeys (ConfUtils.java:logGet(43)) - raft.server.log.appender.buffer.byte-limit = 33554432 (custom)
2019-10-03 08:05:07,556 [pool-47-thread-1] INFO  server.RaftServerConfigKeys (ConfUtils.java:logGet(43)) - raft.server.log.segment.size.max = 1048576 (custom)
2019-10-03 08:05:07,559 [pool-47-thread-1] INFO  server.RaftServerConfigKeys (ConfUtils.java:logGet(43)) - raft.server.log.segment.cache.num.max = 2 (custom)
2019-10-03 08:05:07,559 [pool-47-thread-1] INFO  segmented.SegmentedRaftLogWorker (SegmentedRaftLogWorker.java:<init>(173)) - new e81eb3a3-08d8-4434-b65f-c3267db03600@group-3554BFC2611A-SegmentedRaftLogWorker for RaftStorage:Storage Directory /workdir/hadoop-ozone/integration-test/target/test-dir/MiniOzoneClusterImpl-30c11ea8-6136-4681-9d86-0e3c89bd7a94/datanode-2/data/ratis/ab41e78f-e916-49b5-a483-3554bfc2611a
2019-10-03 08:05:07,560 [pool-47-thread-1] INFO  server.RaftServerConfigKeys (ConfUtils.java:logGet(43)) - raft.server.log.queue.byte-limit = 2147483647 (custom)
2019-10-03 08:05:07,560 [pool-47-thread-1] INFO  server.RaftServerConfigKeys (ConfUtils.java:logGet(43)) - raft.server.log.queue.element-limit = 1024 (custom)
2019-10-03 08:05:07,560 [pool-47-thread-1] INFO  server.RaftServerConfigKeys (ConfUtils.java:logGet(43)) - raft.server.log.segment.size.max = 1048576 (custom)
2019-10-03 08:05:07,560 [pool-47-thread-1] INFO  server.RaftServerConfigKeys (ConfUtils.java:logGet(43)) - raft.server.log.preallocated.size = 16384 (custom)
2019-10-03 08:05:07,560 [pool-47-thread-1] INFO  server.RaftServerConfigKeys (ConfUtils.java:logGet(43)) - raft.server.log.write.buffer.size = 33554432 (custom)
2019-10-03 08:05:07,560 [pool-47-thread-1] INFO  server.RaftServerConfigKeys (ConfUtils.java:logGet(43)) - raft.server.log.force.sync.num = 128 (default)
2019-10-03 08:05:07,561 [pool-47-thread-1] INFO  server.RaftServerConfigKeys (ConfUtils.java:logGet(43)) - raft.server.log.statemachine.data.sync = true (default)
2019-10-03 08:05:07,561 [pool-47-thread-1] INFO  server.RaftServerConfigKeys (ConfUtils.java:logGet(43)) - raft.server.log.statemachine.data.sync.timeout = 10s (default)
2019-10-03 08:05:07,561 [pool-47-thread-1] INFO  server.RaftServerConfigKeys (ConfUtils.java:logGet(43)) - raft.server.log.statemachine.data.sync.timeout.retry = -1 (default)
2019-10-03 08:05:07,562 [pool-47-thread-1] INFO  server.RaftServerConfigKeys (ConfUtils.java:logGet(43)) - raft.server.log.statemachine.data.caching.enabled = true (custom)
2019-10-03 08:05:07,562 [pool-47-thread-1] INFO  segmented.SegmentedRaftLogWorker (SegmentedRaftLogWorker.java:lambda$new$0(128)) - e81eb3a3-08d8-4434-b65f-c3267db03600@group-3554BFC2611A-SegmentedRaftLogWorker: flushIndex: setUnconditionally 0 -> -1
2019-10-03 08:05:07,562 [pool-47-thread-1] INFO  server.RaftServerConfigKeys (ConfUtils.java:logGet(43)) - raft.server.snapshot.auto.trigger.enabled = true (custom)
2019-10-03 08:05:07,562 [pool-47-thread-1] INFO  server.RaftServerConfigKeys (ConfUtils.java:logGet(43)) - raft.server.snapshot.auto.trigger.threshold = 10000 (custom)
2019-10-03 08:05:07,563 [pool-47-thread-1] INFO  server.RaftServerConfigKeys (ConfUtils.java:logGet(43)) - raft.server.snapshot.retention.file.num = 5 (custom)
2019-10-03 08:05:07,563 [pool-47-thread-1] INFO  server.RaftServerConfigKeys (ConfUtils.java:logGet(43)) - raft.server.retrycache.expirytime = 600000ms (custom)
2019-10-03 08:05:07,566 [pool-47-thread-1] INFO  impl.RaftServerImpl (RaftServerImpl.java:start(181)) - e81eb3a3-08d8-4434-b65f-c3267db03600@group-3554BFC2611A: start as a follower, conf=-1: [e81eb3a3-08d8-4434-b65f-c3267db03600:192.168.151.98:46178], old=null
2019-10-03 08:05:07,566 [pool-47-thread-1] INFO  impl.RaftServerImpl (RaftServerImpl.java:setRole(170)) - e81eb3a3-08d8-4434-b65f-c3267db03600@group-3554BFC2611A: changes role from      null to FOLLOWER at term 0 for startAsFollower
2019-10-03 08:05:07,566 [pool-47-thread-1] INFO  impl.RoleInfo (RoleInfo.java:updateAndGet(143)) - e81eb3a3-08d8-4434-b65f-c3267db03600: start FollowerState
2019-10-03 08:05:07,566 [pool-47-thread-1] INFO  util.JmxRegister (JmxRegister.java:tryRegister(44)) - Successfully registered JMX Bean with object name Ratis:service=RaftServer,group=group-3554BFC2611A,id=e81eb3a3-08d8-4434-b65f-c3267db03600
2019-10-03 08:05:07,594 [RatisPipelineUtilsThread] INFO  pipeline.PipelineStateManager (PipelineStateManager.java:addPipeline(56)) - Created pipeline Pipeline[ Id: ab41e78f-e916-49b5-a483-3554bfc2611a, Nodes: e81eb3a3-08d8-4434-b65f-c3267db03600{ip: 192.168.151.98, host: pr-hdds2217-2mkdc-371598885, networkLocation: /default-rack, certSerialId: null}, Type:RATIS, Factor:ONE, State:OPEN]
2019-10-03 08:05:07,612 [grpc-default-executor-0] INFO  impl.RaftServerProxy (RaftServerProxy.java:addNew(89)) - ee7df43b-d832-481d-a193-5533cb2ab68e: addNew group-0B10900C5904:[ee7df43b-d832-481d-a193-5533cb2ab68e:192.168.151.98:33309] returns group-0B10900C5904:java.util.concurrent.CompletableFuture@57934c5a[Not completed]
2019-10-03 08:05:07,615 [pool-37-thread-1] INFO  impl.RaftServerImpl (RaftServerImpl.java:<init>(95)) - ee7df43b-d832-481d-a193-5533cb2ab68e: new RaftServerImpl for group-0B10900C5904:[ee7df43b-d832-481d-a193-5533cb2ab68e:192.168.151.98:33309] with ContainerStateMachine:uninitialized
2019-10-03 08:05:07,615 [pool-37-thread-1] INFO  server.RaftServerConfigKeys (ConfUtils.java:logGet(43)) - raft.server.rpc.timeout.min = 5s (custom)
2019-10-03 08:05:07,616 [pool-37-thread-1] INFO  server.RaftServerConfigKeys (ConfUtils.java:logGet(43)) - raft.server.rpc.timeout.max = 5200ms (custom)
2019-10-03 08:05:07,616 [pool-37-thread-1] INFO  server.RaftServerConfigKeys (ConfUtils.java:logGet(43)) - raft.server.rpcslowness.timeout = 120s (custom)
2019-10-03 08:05:07,616 [pool-37-thread-1] INFO  server.RaftServerConfigKeys (ConfUtils.java:logGet(43)) - raft.server.sleep.deviation.threshold = 300 (default)
2019-10-03 08:05:07,616 [pool-37-thread-1] INFO  server.RaftServerConfigKeys (ConfUtils.java:logGet(43)) - raft.server.log.appender.install.snapshot.enabled = false (custom)
2019-10-03 08:05:07,617 [pool-37-thread-1] INFO  impl.RaftServerImpl (ServerState.java:<init>(103)) - ee7df43b-d832-481d-a193-5533cb2ab68e@group-0B10900C5904: ConfigurationManager, init=-1: [ee7df43b-d832-481d-a193-5533cb2ab68e:192.168.151.98:33309], old=null, confs=<EMPTY_MAP>
2019-10-03 08:05:07,617 [pool-37-thread-1] INFO  server.RaftServerConfigKeys (ConfUtils.java:logGet(43)) - raft.server.storage.dir = [/workdir/hadoop-ozone/integration-test/target/test-dir/MiniOzoneClusterImpl-30c11ea8-6136-4681-9d86-0e3c89bd7a94/datanode-1/data/ratis] (custom)
2019-10-03 08:05:07,617 [pool-37-thread-1] INFO  server.RaftServerConfigKeys (ConfUtils.java:logGet(43)) - raft.server.log.corruption.policy = EXCEPTION (default)
2019-10-03 08:05:07,618 [pool-37-thread-1] INFO  storage.RaftStorageDirectory (RaftStorageDirectory.java:analyzeStorage(246)) - The storage directory /workdir/hadoop-ozone/integration-test/target/test-dir/MiniOzoneClusterImpl-30c11ea8-6136-4681-9d86-0e3c89bd7a94/datanode-1/data/ratis/50934e8a-d213-46cf-a66f-0b10900c5904 does not exist. Creating ...
2019-10-03 08:05:07,631 [pool-37-thread-1] INFO  storage.RaftStorageDirectory (RaftStorageDirectory.java:tryLock(328)) - Lock on /workdir/hadoop-ozone/integration-test/target/test-dir/MiniOzoneClusterImpl-30c11ea8-6136-4681-9d86-0e3c89bd7a94/datanode-1/data/ratis/50934e8a-d213-46cf-a66f-0b10900c5904/in_use.lock acquired by nodename 12137@pr-hdds2217-2mkdc-371598885
2019-10-03 08:05:07,645 [pool-37-thread-1] INFO  storage.RaftStorage (RaftStorage.java:format(84)) - Storage directory /workdir/hadoop-ozone/integration-test/target/test-dir/MiniOzoneClusterImpl-30c11ea8-6136-4681-9d86-0e3c89bd7a94/datanode-1/data/ratis/50934e8a-d213-46cf-a66f-0b10900c5904 has been successfully formatted.
2019-10-03 08:05:07,645 [pool-37-thread-1] INFO  ratis.ContainerStateMachine (ContainerStateMachine.java:loadSnapshot(230)) - group-0B10900C5904: The snapshot info is null. Setting the last applied indexto:(t:0, i:~)
2019-10-03 08:05:07,645 [pool-37-thread-1] INFO  server.RaftServerConfigKeys (ConfUtils.java:logGet(43)) - raft.server.notification.no-leader.timeout = 120s (custom)
2019-10-03 08:05:07,646 [pool-37-thread-1] INFO  server.RaftServerConfigKeys (ConfUtils.java:logGet(43)) - raft.server.log.use.memory = false (default)
2019-10-03 08:05:07,646 [pool-37-thread-1] INFO  server.RaftServerConfigKeys (ConfUtils.java:logGet(43)) - raft.server.log.purge.gap = 1000000 (custom)
2019-10-03 08:05:07,646 [pool-37-thread-1] INFO  server.RaftServerConfigKeys (ConfUtils.java:logGet(43)) - raft.server.log.appender.buffer.byte-limit = 33554432 (custom)
2019-10-03 08:05:07,646 [pool-37-thread-1] INFO  server.RaftServerConfigKeys (ConfUtils.java:logGet(43)) - raft.server.log.segment.size.max = 1048576 (custom)
2019-10-03 08:05:07,650 [pool-37-thread-1] INFO  server.RaftServerConfigKeys (ConfUtils.java:logGet(43)) - raft.server.log.segment.cache.num.max = 2 (custom)
2019-10-03 08:05:07,650 [pool-37-thread-1] INFO  segmented.SegmentedRaftLogWorker (SegmentedRaftLogWorker.java:<init>(173)) - new ee7df43b-d832-481d-a193-5533cb2ab68e@group-0B10900C5904-SegmentedRaftLogWorker for RaftStorage:Storage Directory /workdir/hadoop-ozone/integration-test/target/test-dir/MiniOzoneClusterImpl-30c11ea8-6136-4681-9d86-0e3c89bd7a94/datanode-1/data/ratis/50934e8a-d213-46cf-a66f-0b10900c5904
2019-10-03 08:05:07,651 [pool-37-thread-1] INFO  server.RaftServerConfigKeys (ConfUtils.java:logGet(43)) - raft.server.log.queue.byte-limit = 2147483647 (custom)
2019-10-03 08:05:07,651 [pool-37-thread-1] INFO  server.RaftServerConfigKeys (ConfUtils.java:logGet(43)) - raft.server.log.queue.element-limit = 1024 (custom)
2019-10-03 08:05:07,651 [pool-37-thread-1] INFO  server.RaftServerConfigKeys (ConfUtils.java:logGet(43)) - raft.server.log.segment.size.max = 1048576 (custom)
2019-10-03 08:05:07,651 [pool-37-thread-1] INFO  server.RaftServerConfigKeys (ConfUtils.java:logGet(43)) - raft.server.log.preallocated.size = 16384 (custom)
2019-10-03 08:05:07,652 [pool-37-thread-1] INFO  server.RaftServerConfigKeys (ConfUtils.java:logGet(43)) - raft.server.log.write.buffer.size = 33554432 (custom)
2019-10-03 08:05:07,652 [pool-37-thread-1] INFO  server.RaftServerConfigKeys (ConfUtils.java:logGet(43)) - raft.server.log.force.sync.num = 128 (default)
2019-10-03 08:05:07,652 [pool-37-thread-1] INFO  server.RaftServerConfigKeys (ConfUtils.java:logGet(43)) - raft.server.log.statemachine.data.sync = true (default)
2019-10-03 08:05:07,652 [pool-37-thread-1] INFO  server.RaftServerConfigKeys (ConfUtils.java:logGet(43)) - raft.server.log.statemachine.data.sync.timeout = 10s (default)
2019-10-03 08:05:07,652 [pool-37-thread-1] INFO  server.RaftServerConfigKeys (ConfUtils.java:logGet(43)) - raft.server.log.statemachine.data.sync.timeout.retry = -1 (default)
2019-10-03 08:05:07,653 [pool-37-thread-1] INFO  server.RaftServerConfigKeys (ConfUtils.java:logGet(43)) - raft.server.log.statemachine.data.caching.enabled = true (custom)
2019-10-03 08:05:07,654 [pool-37-thread-1] INFO  segmented.SegmentedRaftLogWorker (SegmentedRaftLogWorker.java:lambda$new$0(128)) - ee7df43b-d832-481d-a193-5533cb2ab68e@group-0B10900C5904-SegmentedRaftLogWorker: flushIndex: setUnconditionally 0 -> -1
2019-10-03 08:05:07,654 [pool-37-thread-1] INFO  server.RaftServerConfigKeys (ConfUtils.java:logGet(43)) - raft.server.snapshot.auto.trigger.enabled = true (custom)
2019-10-03 08:05:07,654 [pool-37-thread-1] INFO  server.RaftServerConfigKeys (ConfUtils.java:logGet(43)) - raft.server.snapshot.auto.trigger.threshold = 10000 (custom)
2019-10-03 08:05:07,655 [pool-37-thread-1] INFO  server.RaftServerConfigKeys (ConfUtils.java:logGet(43)) - raft.server.snapshot.retention.file.num = 5 (custom)
2019-10-03 08:05:07,655 [pool-37-thread-1] INFO  server.RaftServerConfigKeys (ConfUtils.java:logGet(43)) - raft.server.retrycache.expirytime = 600000ms (custom)
2019-10-03 08:05:07,659 [pool-37-thread-1] INFO  impl.RaftServerImpl (RaftServerImpl.java:start(181)) - ee7df43b-d832-481d-a193-5533cb2ab68e@group-0B10900C5904: start as a follower, conf=-1: [ee7df43b-d832-481d-a193-5533cb2ab68e:192.168.151.98:33309], old=null
2019-10-03 08:05:07,659 [pool-37-thread-1] INFO  impl.RaftServerImpl (RaftServerImpl.java:setRole(170)) - ee7df43b-d832-481d-a193-5533cb2ab68e@group-0B10900C5904: changes role from      null to FOLLOWER at term 0 for startAsFollower
2019-10-03 08:05:07,659 [pool-37-thread-1] INFO  impl.RoleInfo (RoleInfo.java:updateAndGet(143)) - ee7df43b-d832-481d-a193-5533cb2ab68e: start FollowerState
2019-10-03 08:05:07,659 [pool-37-thread-1] INFO  util.JmxRegister (JmxRegister.java:tryRegister(44)) - Successfully registered JMX Bean with object name Ratis:service=RaftServer,group=group-0B10900C5904,id=ee7df43b-d832-481d-a193-5533cb2ab68e
2019-10-03 08:05:07,683 [RatisPipelineUtilsThread] INFO  pipeline.PipelineStateManager (PipelineStateManager.java:addPipeline(56)) - Created pipeline Pipeline[ Id: 50934e8a-d213-46cf-a66f-0b10900c5904, Nodes: ee7df43b-d832-481d-a193-5533cb2ab68e{ip: 192.168.151.98, host: pr-hdds2217-2mkdc-371598885, networkLocation: /default-rack, certSerialId: null}, Type:RATIS, Factor:ONE, State:OPEN]
2019-10-03 08:05:07,725 [grpc-default-executor-2] INFO  impl.RaftServerProxy (RaftServerProxy.java:addNew(89)) - 9b557557-b0be-413c-b212-b08725bb712a: addNew group-B016A05F4E6A:[d7cf2482-ed45-4607-912d-f49f9cee1bc5:192.168.151.98:34953, 2ab5f8f3-6b97-406f-a282-d8983dd7b0b3:192.168.151.98:45294, 9b557557-b0be-413c-b212-b08725bb712a:192.168.151.98:45590] returns group-B016A05F4E6A:java.util.concurrent.CompletableFuture@61fec246[Not completed]
2019-10-03 08:05:07,726 [grpc-default-executor-1] INFO  impl.RaftServerProxy (RaftServerProxy.java:addNew(89)) - d7cf2482-ed45-4607-912d-f49f9cee1bc5: addNew group-B016A05F4E6A:[d7cf2482-ed45-4607-912d-f49f9cee1bc5:192.168.151.98:34953, 2ab5f8f3-6b97-406f-a282-d8983dd7b0b3:192.168.151.98:45294, 9b557557-b0be-413c-b212-b08725bb712a:192.168.151.98:45590] returns group-B016A05F4E6A:java.util.concurrent.CompletableFuture@2152020f[Not completed]
2019-10-03 08:05:07,726 [grpc-default-executor-0] INFO  impl.RaftServerProxy (RaftServerProxy.java:addNew(89)) - 2ab5f8f3-6b97-406f-a282-d8983dd7b0b3: addNew group-B016A05F4E6A:[d7cf2482-ed45-4607-912d-f49f9cee1bc5:192.168.151.98:34953, 2ab5f8f3-6b97-406f-a282-d8983dd7b0b3:192.168.151.98:45294, 9b557557-b0be-413c-b212-b08725bb712a:192.168.151.98:45590] returns group-B016A05F4E6A:java.util.concurrent.CompletableFuture@be8f7c0[Not completed]
2019-10-03 08:05:07,728 [pool-67-thread-1] INFO  impl.RaftServerImpl (RaftServerImpl.java:<init>(95)) - 9b557557-b0be-413c-b212-b08725bb712a: new RaftServerImpl for group-B016A05F4E6A:[d7cf2482-ed45-4607-912d-f49f9cee1bc5:192.168.151.98:34953, 2ab5f8f3-6b97-406f-a282-d8983dd7b0b3:192.168.151.98:45294, 9b557557-b0be-413c-b212-b08725bb712a:192.168.151.98:45590] with ContainerStateMachine:uninitialized
2019-10-03 08:05:07,729 [pool-67-thread-1] INFO  server.RaftServerConfigKeys (ConfUtils.java:logGet(43)) - raft.server.rpc.timeout.min = 5s (custom)
2019-10-03 08:05:07,729 [pool-67-thread-1] INFO  server.RaftServerConfigKeys (ConfUtils.java:logGet(43)) - raft.server.rpc.timeout.max = 5200ms (custom)
2019-10-03 08:05:07,729 [pool-67-thread-1] INFO  server.RaftServerConfigKeys (ConfUtils.java:logGet(43)) - raft.server.rpcslowness.timeout = 120s (custom)
2019-10-03 08:05:07,729 [pool-67-thread-1] INFO  server.RaftServerConfigKeys (ConfUtils.java:logGet(43)) - raft.server.sleep.deviation.threshold = 300 (default)
2019-10-03 08:05:07,729 [pool-67-thread-1] INFO  server.RaftServerConfigKeys (ConfUtils.java:logGet(43)) - raft.server.log.appender.install.snapshot.enabled = false (custom)
2019-10-03 08:05:07,729 [pool-67-thread-1] INFO  impl.RaftServerImpl (ServerState.java:<init>(103)) - 9b557557-b0be-413c-b212-b08725bb712a@group-B016A05F4E6A: ConfigurationManager, init=-1: [d7cf2482-ed45-4607-912d-f49f9cee1bc5:192.168.151.98:34953, 2ab5f8f3-6b97-406f-a282-d8983dd7b0b3:192.168.151.98:45294, 9b557557-b0be-413c-b212-b08725bb712a:192.168.151.98:45590], old=null, confs=<EMPTY_MAP>
2019-10-03 08:05:07,730 [pool-67-thread-1] INFO  server.RaftServerConfigKeys (ConfUtils.java:logGet(43)) - raft.server.storage.dir = [/workdir/hadoop-ozone/integration-test/target/test-dir/MiniOzoneClusterImpl-30c11ea8-6136-4681-9d86-0e3c89bd7a94/datanode-4/data/ratis] (custom)
2019-10-03 08:05:07,730 [pool-77-thread-1] INFO  impl.RaftServerImpl (RaftServerImpl.java:<init>(95)) - d7cf2482-ed45-4607-912d-f49f9cee1bc5: new RaftServerImpl for group-B016A05F4E6A:[d7cf2482-ed45-4607-912d-f49f9cee1bc5:192.168.151.98:34953, 2ab5f8f3-6b97-406f-a282-d8983dd7b0b3:192.168.151.98:45294, 9b557557-b0be-413c-b212-b08725bb712a:192.168.151.98:45590] with ContainerStateMachine:uninitialized
2019-10-03 08:05:07,730 [pool-67-thread-1] INFO  server.RaftServerConfigKeys (ConfUtils.java:logGet(43)) - raft.server.log.corruption.policy = EXCEPTION (default)
2019-10-03 08:05:07,730 [pool-77-thread-1] INFO  server.RaftServerConfigKeys (ConfUtils.java:logGet(43)) - raft.server.rpc.timeout.min = 5s (custom)
2019-10-03 08:05:07,730 [pool-67-thread-1] INFO  storage.RaftStorageDirectory (RaftStorageDirectory.java:analyzeStorage(246)) - The storage directory /workdir/hadoop-ozone/integration-test/target/test-dir/MiniOzoneClusterImpl-30c11ea8-6136-4681-9d86-0e3c89bd7a94/datanode-4/data/ratis/f79d2e21-22e9-4026-8ca2-b016a05f4e6a does not exist. Creating ...
2019-10-03 08:05:07,730 [pool-77-thread-1] INFO  server.RaftServerConfigKeys (ConfUtils.java:logGet(43)) - raft.server.rpc.timeout.max = 5200ms (custom)
2019-10-03 08:05:07,731 [pool-77-thread-1] INFO  server.RaftServerConfigKeys (ConfUtils.java:logGet(43)) - raft.server.rpcslowness.timeout = 120s (custom)
2019-10-03 08:05:07,731 [pool-77-thread-1] INFO  server.RaftServerConfigKeys (ConfUtils.java:logGet(43)) - raft.server.sleep.deviation.threshold = 300 (default)
2019-10-03 08:05:07,731 [pool-57-thread-1] INFO  impl.RaftServerImpl (RaftServerImpl.java:<init>(95)) - 2ab5f8f3-6b97-406f-a282-d8983dd7b0b3: new RaftServerImpl for group-B016A05F4E6A:[d7cf2482-ed45-4607-912d-f49f9cee1bc5:192.168.151.98:34953, 2ab5f8f3-6b97-406f-a282-d8983dd7b0b3:192.168.151.98:45294, 9b557557-b0be-413c-b212-b08725bb712a:192.168.151.98:45590] with ContainerStateMachine:uninitialized
2019-10-03 08:05:07,731 [pool-77-thread-1] INFO  server.RaftServerConfigKeys (ConfUtils.java:logGet(43)) - raft.server.log.appender.install.snapshot.enabled = false (custom)
2019-10-03 08:05:07,731 [pool-57-thread-1] INFO  server.RaftServerConfigKeys (ConfUtils.java:logGet(43)) - raft.server.rpc.timeout.min = 5s (custom)
2019-10-03 08:05:07,731 [pool-77-thread-1] INFO  impl.RaftServerImpl (ServerState.java:<init>(103)) - d7cf2482-ed45-4607-912d-f49f9cee1bc5@group-B016A05F4E6A: ConfigurationManager, init=-1: [d7cf2482-ed45-4607-912d-f49f9cee1bc5:192.168.151.98:34953, 2ab5f8f3-6b97-406f-a282-d8983dd7b0b3:192.168.151.98:45294, 9b557557-b0be-413c-b212-b08725bb712a:192.168.151.98:45590], old=null, confs=<EMPTY_MAP>
2019-10-03 08:05:07,732 [pool-57-thread-1] INFO  server.RaftServerConfigKeys (ConfUtils.java:logGet(43)) - raft.server.rpc.timeout.max = 5200ms (custom)
2019-10-03 08:05:07,732 [pool-77-thread-1] INFO  server.RaftServerConfigKeys (ConfUtils.java:logGet(43)) - raft.server.storage.dir = [/workdir/hadoop-ozone/integration-test/target/test-dir/MiniOzoneClusterImpl-30c11ea8-6136-4681-9d86-0e3c89bd7a94/datanode-5/data/ratis] (custom)
2019-10-03 08:05:07,732 [pool-57-thread-1] INFO  server.RaftServerConfigKeys (ConfUtils.java:logGet(43)) - raft.server.rpcslowness.timeout = 120s (custom)
2019-10-03 08:05:07,732 [pool-57-thread-1] INFO  server.RaftServerConfigKeys (ConfUtils.java:logGet(43)) - raft.server.sleep.deviation.threshold = 300 (default)
2019-10-03 08:05:07,732 [pool-77-thread-1] INFO  server.RaftServerConfigKeys (ConfUtils.java:logGet(43)) - raft.server.log.corruption.policy = EXCEPTION (default)
2019-10-03 08:05:07,732 [pool-57-thread-1] INFO  server.RaftServerConfigKeys (ConfUtils.java:logGet(43)) - raft.server.log.appender.install.snapshot.enabled = false (custom)
2019-10-03 08:05:07,732 [pool-77-thread-1] INFO  storage.RaftStorageDirectory (RaftStorageDirectory.java:analyzeStorage(246)) - The storage directory /workdir/hadoop-ozone/integration-test/target/test-dir/MiniOzoneClusterImpl-30c11ea8-6136-4681-9d86-0e3c89bd7a94/datanode-5/data/ratis/f79d2e21-22e9-4026-8ca2-b016a05f4e6a does not exist. Creating ...
2019-10-03 08:05:07,733 [pool-57-thread-1] INFO  impl.RaftServerImpl (ServerState.java:<init>(103)) - 2ab5f8f3-6b97-406f-a282-d8983dd7b0b3@group-B016A05F4E6A: ConfigurationManager, init=-1: [d7cf2482-ed45-4607-912d-f49f9cee1bc5:192.168.151.98:34953, 2ab5f8f3-6b97-406f-a282-d8983dd7b0b3:192.168.151.98:45294, 9b557557-b0be-413c-b212-b08725bb712a:192.168.151.98:45590], old=null, confs=<EMPTY_MAP>
2019-10-03 08:05:07,733 [pool-57-thread-1] INFO  server.RaftServerConfigKeys (ConfUtils.java:logGet(43)) - raft.server.storage.dir = [/workdir/hadoop-ozone/integration-test/target/test-dir/MiniOzoneClusterImpl-30c11ea8-6136-4681-9d86-0e3c89bd7a94/datanode-3/data/ratis] (custom)
2019-10-03 08:05:07,733 [pool-57-thread-1] INFO  server.RaftServerConfigKeys (ConfUtils.java:logGet(43)) - raft.server.log.corruption.policy = EXCEPTION (default)
2019-10-03 08:05:07,733 [pool-57-thread-1] INFO  storage.RaftStorageDirectory (RaftStorageDirectory.java:analyzeStorage(246)) - The storage directory /workdir/hadoop-ozone/integration-test/target/test-dir/MiniOzoneClusterImpl-30c11ea8-6136-4681-9d86-0e3c89bd7a94/datanode-3/data/ratis/f79d2e21-22e9-4026-8ca2-b016a05f4e6a does not exist. Creating ...
2019-10-03 08:05:07,755 [pool-77-thread-1] INFO  storage.RaftStorageDirectory (RaftStorageDirectory.java:tryLock(328)) - Lock on /workdir/hadoop-ozone/integration-test/target/test-dir/MiniOzoneClusterImpl-30c11ea8-6136-4681-9d86-0e3c89bd7a94/datanode-5/data/ratis/f79d2e21-22e9-4026-8ca2-b016a05f4e6a/in_use.lock acquired by nodename 12137@pr-hdds2217-2mkdc-371598885
2019-10-03 08:05:07,755 [pool-67-thread-1] INFO  storage.RaftStorageDirectory (RaftStorageDirectory.java:tryLock(328)) - Lock on /workdir/hadoop-ozone/integration-test/target/test-dir/MiniOzoneClusterImpl-30c11ea8-6136-4681-9d86-0e3c89bd7a94/datanode-4/data/ratis/f79d2e21-22e9-4026-8ca2-b016a05f4e6a/in_use.lock acquired by nodename 12137@pr-hdds2217-2mkdc-371598885
2019-10-03 08:05:07,755 [pool-57-thread-1] INFO  storage.RaftStorageDirectory (RaftStorageDirectory.java:tryLock(328)) - Lock on /workdir/hadoop-ozone/integration-test/target/test-dir/MiniOzoneClusterImpl-30c11ea8-6136-4681-9d86-0e3c89bd7a94/datanode-3/data/ratis/f79d2e21-22e9-4026-8ca2-b016a05f4e6a/in_use.lock acquired by nodename 12137@pr-hdds2217-2mkdc-371598885
2019-10-03 08:05:07,773 [pool-57-thread-1] INFO  storage.RaftStorage (RaftStorage.java:format(84)) - Storage directory /workdir/hadoop-ozone/integration-test/target/test-dir/MiniOzoneClusterImpl-30c11ea8-6136-4681-9d86-0e3c89bd7a94/datanode-3/data/ratis/f79d2e21-22e9-4026-8ca2-b016a05f4e6a has been successfully formatted.
2019-10-03 08:05:07,773 [pool-77-thread-1] INFO  storage.RaftStorage (RaftStorage.java:format(84)) - Storage directory /workdir/hadoop-ozone/integration-test/target/test-dir/MiniOzoneClusterImpl-30c11ea8-6136-4681-9d86-0e3c89bd7a94/datanode-5/data/ratis/f79d2e21-22e9-4026-8ca2-b016a05f4e6a has been successfully formatted.
2019-10-03 08:05:07,773 [pool-67-thread-1] INFO  storage.RaftStorage (RaftStorage.java:format(84)) - Storage directory /workdir/hadoop-ozone/integration-test/target/test-dir/MiniOzoneClusterImpl-30c11ea8-6136-4681-9d86-0e3c89bd7a94/datanode-4/data/ratis/f79d2e21-22e9-4026-8ca2-b016a05f4e6a has been successfully formatted.
2019-10-03 08:05:07,773 [pool-77-thread-1] INFO  ratis.ContainerStateMachine (ContainerStateMachine.java:loadSnapshot(230)) - group-B016A05F4E6A: The snapshot info is null. Setting the last applied indexto:(t:0, i:~)
2019-10-03 08:05:07,773 [pool-57-thread-1] INFO  ratis.ContainerStateMachine (ContainerStateMachine.java:loadSnapshot(230)) - group-B016A05F4E6A: The snapshot info is null. Setting the last applied indexto:(t:0, i:~)
2019-10-03 08:05:07,774 [pool-77-thread-1] INFO  server.RaftServerConfigKeys (ConfUtils.java:logGet(43)) - raft.server.notification.no-leader.timeout = 120s (custom)
2019-10-03 08:05:07,774 [pool-67-thread-1] INFO  ratis.ContainerStateMachine (ContainerStateMachine.java:loadSnapshot(230)) - group-B016A05F4E6A: The snapshot info is null. Setting the last applied indexto:(t:0, i:~)
2019-10-03 08:05:07,774 [pool-77-thread-1] INFO  server.RaftServerConfigKeys (ConfUtils.java:logGet(43)) - raft.server.log.use.memory = false (default)
2019-10-03 08:05:07,774 [pool-57-thread-1] INFO  server.RaftServerConfigKeys (ConfUtils.java:logGet(43)) - raft.server.notification.no-leader.timeout = 120s (custom)
2019-10-03 08:05:07,774 [pool-77-thread-1] INFO  server.RaftServerConfigKeys (ConfUtils.java:logGet(43)) - raft.server.log.purge.gap = 1000000 (custom)
2019-10-03 08:05:07,774 [pool-67-thread-1] INFO  server.RaftServerConfigKeys (ConfUtils.java:logGet(43)) - raft.server.notification.no-leader.timeout = 120s (custom)
2019-10-03 08:05:07,775 [pool-77-thread-1] INFO  server.RaftServerConfigKeys (ConfUtils.java:logGet(43)) - raft.server.log.appender.buffer.byte-limit = 33554432 (custom)
2019-10-03 08:05:07,774 [pool-57-thread-1] INFO  server.RaftServerConfigKeys (ConfUtils.java:logGet(43)) - raft.server.log.use.memory = false (default)
2019-10-03 08:05:07,775 [pool-77-thread-1] INFO  server.RaftServerConfigKeys (ConfUtils.java:logGet(43)) - raft.server.log.segment.size.max = 1048576 (custom)
2019-10-03 08:05:07,775 [pool-67-thread-1] INFO  server.RaftServerConfigKeys (ConfUtils.java:logGet(43)) - raft.server.log.use.memory = false (default)
2019-10-03 08:05:07,775 [pool-77-thread-1] INFO  server.RaftServerConfigKeys (ConfUtils.java:logGet(43)) - raft.server.log.segment.cache.num.max = 2 (custom)
2019-10-03 08:05:07,775 [pool-57-thread-1] INFO  server.RaftServerConfigKeys (ConfUtils.java:logGet(43)) - raft.server.log.purge.gap = 1000000 (custom)
2019-10-03 08:05:07,776 [pool-77-thread-1] INFO  segmented.SegmentedRaftLogWorker (SegmentedRaftLogWorker.java:<init>(173)) - new d7cf2482-ed45-4607-912d-f49f9cee1bc5@group-B016A05F4E6A-SegmentedRaftLogWorker for RaftStorage:Storage Directory /workdir/hadoop-ozone/integration-test/target/test-dir/MiniOzoneClusterImpl-30c11ea8-6136-4681-9d86-0e3c89bd7a94/datanode-5/data/ratis/f79d2e21-22e9-4026-8ca2-b016a05f4e6a
2019-10-03 08:05:07,775 [pool-67-thread-1] INFO  server.RaftServerConfigKeys (ConfUtils.java:logGet(43)) - raft.server.log.purge.gap = 1000000 (custom)
2019-10-03 08:05:07,776 [pool-77-thread-1] INFO  server.RaftServerConfigKeys (ConfUtils.java:logGet(43)) - raft.server.log.queue.byte-limit = 2147483647 (custom)
2019-10-03 08:05:07,776 [pool-57-thread-1] INFO  server.RaftServerConfigKeys (ConfUtils.java:logGet(43)) - raft.server.log.appender.buffer.byte-limit = 33554432 (custom)
2019-10-03 08:05:07,776 [pool-77-thread-1] INFO  server.RaftServerConfigKeys (ConfUtils.java:logGet(43)) - raft.server.log.queue.element-limit = 1024 (custom)
2019-10-03 08:05:07,776 [pool-67-thread-1] INFO  server.RaftServerConfigKeys (ConfUtils.java:logGet(43)) - raft.server.log.appender.buffer.byte-limit = 33554432 (custom)
2019-10-03 08:05:07,777 [pool-77-thread-1] INFO  server.RaftServerConfigKeys (ConfUtils.java:logGet(43)) - raft.server.log.segment.size.max = 1048576 (custom)
2019-10-03 08:05:07,776 [pool-57-thread-1] INFO  server.RaftServerConfigKeys (ConfUtils.java:logGet(43)) - raft.server.log.segment.size.max = 1048576 (custom)
2019-10-03 08:05:07,777 [pool-77-thread-1] INFO  server.RaftServerConfigKeys (ConfUtils.java:logGet(43)) - raft.server.log.preallocated.size = 16384 (custom)
2019-10-03 08:05:07,777 [pool-67-thread-1] INFO  server.RaftServerConfigKeys (ConfUtils.java:logGet(43)) - raft.server.log.segment.size.max = 1048576 (custom)
2019-10-03 08:05:07,779 [pool-77-thread-1] INFO  server.RaftServerConfigKeys (ConfUtils.java:logGet(43)) - raft.server.log.write.buffer.size = 33554432 (custom)
2019-10-03 08:05:07,779 [pool-77-thread-1] INFO  server.RaftServerConfigKeys (ConfUtils.java:logGet(43)) - raft.server.log.force.sync.num = 128 (default)
2019-10-03 08:05:07,779 [pool-57-thread-1] INFO  server.RaftServerConfigKeys (ConfUtils.java:logGet(43)) - raft.server.log.segment.cache.num.max = 2 (custom)
2019-10-03 08:05:07,779 [pool-77-thread-1] INFO  server.RaftServerConfigKeys (ConfUtils.java:logGet(43)) - raft.server.log.statemachine.data.sync = true (default)
2019-10-03 08:05:07,779 [pool-67-thread-1] INFO  server.RaftServerConfigKeys (ConfUtils.java:logGet(43)) - raft.server.log.segment.cache.num.max = 2 (custom)
2019-10-03 08:05:07,780 [pool-77-thread-1] INFO  server.RaftServerConfigKeys (ConfUtils.java:logGet(43)) - raft.server.log.statemachine.data.sync.timeout = 10s (default)
2019-10-03 08:05:07,780 [pool-57-thread-1] INFO  segmented.SegmentedRaftLogWorker (SegmentedRaftLogWorker.java:<init>(173)) - new 2ab5f8f3-6b97-406f-a282-d8983dd7b0b3@group-B016A05F4E6A-SegmentedRaftLogWorker for RaftStorage:Storage Directory /workdir/hadoop-ozone/integration-test/target/test-dir/MiniOzoneClusterImpl-30c11ea8-6136-4681-9d86-0e3c89bd7a94/datanode-3/data/ratis/f79d2e21-22e9-4026-8ca2-b016a05f4e6a
2019-10-03 08:05:07,780 [pool-77-thread-1] INFO  server.RaftServerConfigKeys (ConfUtils.java:logGet(43)) - raft.server.log.statemachine.data.sync.timeout.retry = -1 (default)
2019-10-03 08:05:07,780 [pool-67-thread-1] INFO  segmented.SegmentedRaftLogWorker (SegmentedRaftLogWorker.java:<init>(173)) - new 9b557557-b0be-413c-b212-b08725bb712a@group-B016A05F4E6A-SegmentedRaftLogWorker for RaftStorage:Storage Directory /workdir/hadoop-ozone/integration-test/target/test-dir/MiniOzoneClusterImpl-30c11ea8-6136-4681-9d86-0e3c89bd7a94/datanode-4/data/ratis/f79d2e21-22e9-4026-8ca2-b016a05f4e6a
2019-10-03 08:05:07,780 [pool-57-thread-1] INFO  server.RaftServerConfigKeys (ConfUtils.java:logGet(43)) - raft.server.log.queue.byte-limit = 2147483647 (custom)
2019-10-03 08:05:07,781 [pool-77-thread-1] INFO  server.RaftServerConfigKeys (ConfUtils.java:logGet(43)) - raft.server.log.statemachine.data.caching.enabled = true (custom)
2019-10-03 08:05:07,781 [pool-67-thread-1] INFO  server.RaftServerConfigKeys (ConfUtils.java:logGet(43)) - raft.server.log.queue.byte-limit = 2147483647 (custom)
2019-10-03 08:05:07,781 [pool-57-thread-1] INFO  server.RaftServerConfigKeys (ConfUtils.java:logGet(43)) - raft.server.log.queue.element-limit = 1024 (custom)
2019-10-03 08:05:07,781 [pool-77-thread-1] INFO  segmented.SegmentedRaftLogWorker (SegmentedRaftLogWorker.java:lambda$new$0(128)) - d7cf2482-ed45-4607-912d-f49f9cee1bc5@group-B016A05F4E6A-SegmentedRaftLogWorker: flushIndex: setUnconditionally 0 -> -1
2019-10-03 08:05:07,781 [pool-67-thread-1] INFO  server.RaftServerConfigKeys (ConfUtils.java:logGet(43)) - raft.server.log.queue.element-limit = 1024 (custom)
2019-10-03 08:05:07,781 [pool-57-thread-1] INFO  server.RaftServerConfigKeys (ConfUtils.java:logGet(43)) - raft.server.log.segment.size.max = 1048576 (custom)
2019-10-03 08:05:07,782 [pool-77-thread-1] INFO  server.RaftServerConfigKeys (ConfUtils.java:logGet(43)) - raft.server.snapshot.auto.trigger.enabled = true (custom)
2019-10-03 08:05:07,782 [pool-67-thread-1] INFO  server.RaftServerConfigKeys (ConfUtils.java:logGet(43)) - raft.server.log.segment.size.max = 1048576 (custom)
2019-10-03 08:05:07,782 [pool-77-thread-1] INFO  server.RaftServerConfigKeys (ConfUtils.java:logGet(43)) - raft.server.snapshot.auto.trigger.threshold = 10000 (custom)
2019-10-03 08:05:07,782 [pool-57-thread-1] INFO  server.RaftServerConfigKeys (ConfUtils.java:logGet(43)) - raft.server.log.preallocated.size = 16384 (custom)
2019-10-03 08:05:07,782 [pool-77-thread-1] INFO  server.RaftServerConfigKeys (ConfUtils.java:logGet(43)) - raft.server.snapshot.retention.file.num = 5 (custom)
2019-10-03 08:05:07,782 [pool-67-thread-1] INFO  server.RaftServerConfigKeys (ConfUtils.java:logGet(43)) - raft.server.log.preallocated.size = 16384 (custom)
2019-10-03 08:05:07,783 [pool-77-thread-1] INFO  server.RaftServerConfigKeys (ConfUtils.java:logGet(43)) - raft.server.retrycache.expirytime = 600000ms (custom)
2019-10-03 08:05:07,783 [pool-57-thread-1] INFO  server.RaftServerConfigKeys (ConfUtils.java:logGet(43)) - raft.server.log.write.buffer.size = 33554432 (custom)
2019-10-03 08:05:07,783 [pool-67-thread-1] INFO  server.RaftServerConfigKeys (ConfUtils.java:logGet(43)) - raft.server.log.write.buffer.size = 33554432 (custom)
2019-10-03 08:05:07,783 [pool-57-thread-1] INFO  server.RaftServerConfigKeys (ConfUtils.java:logGet(43)) - raft.server.log.force.sync.num = 128 (default)
2019-10-03 08:05:07,783 [pool-67-thread-1] INFO  server.RaftServerConfigKeys (ConfUtils.java:logGet(43)) - raft.server.log.force.sync.num = 128 (default)
2019-10-03 08:05:07,784 [pool-57-thread-1] INFO  server.RaftServerConfigKeys (ConfUtils.java:logGet(43)) - raft.server.log.statemachine.data.sync = true (default)
2019-10-03 08:05:07,784 [pool-67-thread-1] INFO  server.RaftServerConfigKeys (ConfUtils.java:logGet(43)) - raft.server.log.statemachine.data.sync = true (default)
2019-10-03 08:05:07,784 [pool-57-thread-1] INFO  server.RaftServerConfigKeys (ConfUtils.java:logGet(43)) - raft.server.log.statemachine.data.sync.timeout = 10s (default)
2019-10-03 08:05:07,784 [pool-67-thread-1] INFO  server.RaftServerConfigKeys (ConfUtils.java:logGet(43)) - raft.server.log.statemachine.data.sync.timeout = 10s (default)
2019-10-03 08:05:07,784 [pool-57-thread-1] INFO  server.RaftServerConfigKeys (ConfUtils.java:logGet(43)) - raft.server.log.statemachine.data.sync.timeout.retry = -1 (default)
2019-10-03 08:05:07,785 [pool-67-thread-1] INFO  server.RaftServerConfigKeys (ConfUtils.java:logGet(43)) - raft.server.log.statemachine.data.sync.timeout.retry = -1 (default)
2019-10-03 08:05:07,785 [pool-57-thread-1] INFO  server.RaftServerConfigKeys (ConfUtils.java:logGet(43)) - raft.server.log.statemachine.data.caching.enabled = true (custom)
2019-10-03 08:05:07,785 [pool-67-thread-1] INFO  server.RaftServerConfigKeys (ConfUtils.java:logGet(43)) - raft.server.log.statemachine.data.caching.enabled = true (custom)
2019-10-03 08:05:07,785 [pool-57-thread-1] INFO  segmented.SegmentedRaftLogWorker (SegmentedRaftLogWorker.java:lambda$new$0(128)) - 2ab5f8f3-6b97-406f-a282-d8983dd7b0b3@group-B016A05F4E6A-SegmentedRaftLogWorker: flushIndex: setUnconditionally 0 -> -1
2019-10-03 08:05:07,786 [pool-67-thread-1] INFO  segmented.SegmentedRaftLogWorker (SegmentedRaftLogWorker.java:lambda$new$0(128)) - 9b557557-b0be-413c-b212-b08725bb712a@group-B016A05F4E6A-SegmentedRaftLogWorker: flushIndex: setUnconditionally 0 -> -1
2019-10-03 08:05:07,786 [pool-57-thread-1] INFO  server.RaftServerConfigKeys (ConfUtils.java:logGet(43)) - raft.server.snapshot.auto.trigger.enabled = true (custom)
2019-10-03 08:05:07,786 [pool-57-thread-1] INFO  server.RaftServerConfigKeys (ConfUtils.java:logGet(43)) - raft.server.snapshot.auto.trigger.threshold = 10000 (custom)
2019-10-03 08:05:07,786 [pool-67-thread-1] INFO  server.RaftServerConfigKeys (ConfUtils.java:logGet(43)) - raft.server.snapshot.auto.trigger.enabled = true (custom)
2019-10-03 08:05:07,786 [pool-57-thread-1] INFO  server.RaftServerConfigKeys (ConfUtils.java:logGet(43)) - raft.server.snapshot.retention.file.num = 5 (custom)
2019-10-03 08:05:07,786 [pool-67-thread-1] INFO  server.RaftServerConfigKeys (ConfUtils.java:logGet(43)) - raft.server.snapshot.auto.trigger.threshold = 10000 (custom)
2019-10-03 08:05:07,787 [pool-57-thread-1] INFO  server.RaftServerConfigKeys (ConfUtils.java:logGet(43)) - raft.server.retrycache.expirytime = 600000ms (custom)
2019-10-03 08:05:07,787 [pool-77-thread-1] INFO  impl.RaftServerImpl (RaftServerImpl.java:start(181)) - d7cf2482-ed45-4607-912d-f49f9cee1bc5@group-B016A05F4E6A: start as a follower, conf=-1: [d7cf2482-ed45-4607-912d-f49f9cee1bc5:192.168.151.98:34953, 2ab5f8f3-6b97-406f-a282-d8983dd7b0b3:192.168.151.98:45294, 9b557557-b0be-413c-b212-b08725bb712a:192.168.151.98:45590], old=null
2019-10-03 08:05:07,787 [pool-67-thread-1] INFO  server.RaftServerConfigKeys (ConfUtils.java:logGet(43)) - raft.server.snapshot.retention.file.num = 5 (custom)
2019-10-03 08:05:07,787 [pool-77-thread-1] INFO  impl.RaftServerImpl (RaftServerImpl.java:setRole(170)) - d7cf2482-ed45-4607-912d-f49f9cee1bc5@group-B016A05F4E6A: changes role from      null to FOLLOWER at term 0 for startAsFollower
2019-10-03 08:05:07,787 [pool-67-thread-1] INFO  server.RaftServerConfigKeys (ConfUtils.java:logGet(43)) - raft.server.retrycache.expirytime = 600000ms (custom)
2019-10-03 08:05:07,787 [pool-77-thread-1] INFO  impl.RoleInfo (RoleInfo.java:updateAndGet(143)) - d7cf2482-ed45-4607-912d-f49f9cee1bc5: start FollowerState
2019-10-03 08:05:07,788 [pool-77-thread-1] INFO  util.JmxRegister (JmxRegister.java:tryRegister(44)) - Successfully registered JMX Bean with object name Ratis:service=RaftServer,group=group-B016A05F4E6A,id=d7cf2482-ed45-4607-912d-f49f9cee1bc5
2019-10-03 08:05:07,793 [pool-57-thread-1] INFO  impl.RaftServerImpl (RaftServerImpl.java:start(181)) - 2ab5f8f3-6b97-406f-a282-d8983dd7b0b3@group-B016A05F4E6A: start as a follower, conf=-1: [d7cf2482-ed45-4607-912d-f49f9cee1bc5:192.168.151.98:34953, 2ab5f8f3-6b97-406f-a282-d8983dd7b0b3:192.168.151.98:45294, 9b557557-b0be-413c-b212-b08725bb712a:192.168.151.98:45590], old=null
2019-10-03 08:05:07,793 [pool-57-thread-1] INFO  impl.RaftServerImpl (RaftServerImpl.java:setRole(170)) - 2ab5f8f3-6b97-406f-a282-d8983dd7b0b3@group-B016A05F4E6A: changes role from      null to FOLLOWER at term 0 for startAsFollower
2019-10-03 08:05:07,793 [pool-57-thread-1] INFO  impl.RoleInfo (RoleInfo.java:updateAndGet(143)) - 2ab5f8f3-6b97-406f-a282-d8983dd7b0b3: start FollowerState
2019-10-03 08:05:07,794 [pool-67-thread-1] INFO  impl.RaftServerImpl (RaftServerImpl.java:start(181)) - 9b557557-b0be-413c-b212-b08725bb712a@group-B016A05F4E6A: start as a follower, conf=-1: [d7cf2482-ed45-4607-912d-f49f9cee1bc5:192.168.151.98:34953, 2ab5f8f3-6b97-406f-a282-d8983dd7b0b3:192.168.151.98:45294, 9b557557-b0be-413c-b212-b08725bb712a:192.168.151.98:45590], old=null
2019-10-03 08:05:07,794 [pool-67-thread-1] INFO  impl.RaftServerImpl (RaftServerImpl.java:setRole(170)) - 9b557557-b0be-413c-b212-b08725bb712a@group-B016A05F4E6A: changes role from      null to FOLLOWER at term 0 for startAsFollower
2019-10-03 08:05:07,794 [pool-57-thread-1] INFO  util.JmxRegister (JmxRegister.java:tryRegister(44)) - Successfully registered JMX Bean with object name Ratis:service=RaftServer,group=group-B016A05F4E6A,id=2ab5f8f3-6b97-406f-a282-d8983dd7b0b3
2019-10-03 08:05:07,794 [pool-67-thread-1] INFO  impl.RoleInfo (RoleInfo.java:updateAndGet(143)) - 9b557557-b0be-413c-b212-b08725bb712a: start FollowerState
2019-10-03 08:05:07,795 [pool-67-thread-1] INFO  util.JmxRegister (JmxRegister.java:tryRegister(44)) - Successfully registered JMX Bean with object name Ratis:service=RaftServer,group=group-B016A05F4E6A,id=9b557557-b0be-413c-b212-b08725bb712a
2019-10-03 08:05:07,827 [RatisPipelineUtilsThread] INFO  pipeline.PipelineStateManager (PipelineStateManager.java:addPipeline(56)) - Created pipeline Pipeline[ Id: f79d2e21-22e9-4026-8ca2-b016a05f4e6a, Nodes: 2ab5f8f3-6b97-406f-a282-d8983dd7b0b3{ip: 192.168.151.98, host: pr-hdds2217-2mkdc-371598885, networkLocation: /default-rack, certSerialId: null}9b557557-b0be-413c-b212-b08725bb712a{ip: 192.168.151.98, host: pr-hdds2217-2mkdc-371598885, networkLocation: /default-rack, certSerialId: null}d7cf2482-ed45-4607-912d-f49f9cee1bc5{ip: 192.168.151.98, host: pr-hdds2217-2mkdc-371598885, networkLocation: /default-rack, certSerialId: null}, Type:RATIS, Factor:THREE, State:OPEN]
2019-10-03 08:05:07,902 [grpc-default-executor-2] INFO  impl.RaftServerProxy (RaftServerProxy.java:addNew(89)) - 53d3c6ae-db99-4dd0-8c0e-a3e43b0ef8d7: addNew group-CE73895DF442:[53d3c6ae-db99-4dd0-8c0e-a3e43b0ef8d7:192.168.151.98:43527, 4754d0d8-8434-40a3-99e5-ebfd08159131:192.168.151.98:39588, e81eb3a3-08d8-4434-b65f-c3267db03600:192.168.151.98:46178] returns group-CE73895DF442:java.util.concurrent.CompletableFuture@20c3c87d[Not completed]
2019-10-03 08:05:07,903 [grpc-default-executor-1] INFO  impl.RaftServerProxy (RaftServerProxy.java:addNew(89)) - 4754d0d8-8434-40a3-99e5-ebfd08159131: addNew group-CE73895DF442:[53d3c6ae-db99-4dd0-8c0e-a3e43b0ef8d7:192.168.151.98:43527, 4754d0d8-8434-40a3-99e5-ebfd08159131:192.168.151.98:39588, e81eb3a3-08d8-4434-b65f-c3267db03600:192.168.151.98:46178] returns group-CE73895DF442:java.util.concurrent.CompletableFuture@606f0834[Not completed]
2019-10-03 08:05:07,906 [grpc-default-executor-2] INFO  impl.RaftServerProxy (RaftServerProxy.java:addNew(89)) - e81eb3a3-08d8-4434-b65f-c3267db03600: addNew group-CE73895DF442:[53d3c6ae-db99-4dd0-8c0e-a3e43b0ef8d7:192.168.151.98:43527, 4754d0d8-8434-40a3-99e5-ebfd08159131:192.168.151.98:39588, e81eb3a3-08d8-4434-b65f-c3267db03600:192.168.151.98:46178] returns group-CE73895DF442:java.util.concurrent.CompletableFuture@6d2521d[Not completed]
2019-10-03 08:05:07,907 [pool-87-thread-1] INFO  impl.RaftServerImpl (RaftServerImpl.java:<init>(95)) - 53d3c6ae-db99-4dd0-8c0e-a3e43b0ef8d7: new RaftServerImpl for group-CE73895DF442:[53d3c6ae-db99-4dd0-8c0e-a3e43b0ef8d7:192.168.151.98:43527, 4754d0d8-8434-40a3-99e5-ebfd08159131:192.168.151.98:39588, e81eb3a3-08d8-4434-b65f-c3267db03600:192.168.151.98:46178] with ContainerStateMachine:uninitialized
2019-10-03 08:05:07,907 [pool-87-thread-1] INFO  server.RaftServerConfigKeys (ConfUtils.java:logGet(43)) - raft.server.rpc.timeout.min = 5s (custom)
2019-10-03 08:05:07,907 [pool-87-thread-1] INFO  server.RaftServerConfigKeys (ConfUtils.java:logGet(43)) - raft.server.rpc.timeout.max = 5200ms (custom)
2019-10-03 08:05:07,907 [pool-87-thread-1] INFO  server.RaftServerConfigKeys (ConfUtils.java:logGet(43)) - raft.server.rpcslowness.timeout = 120s (custom)
2019-10-03 08:05:07,907 [pool-87-thread-1] INFO  server.RaftServerConfigKeys (ConfUtils.java:logGet(43)) - raft.server.sleep.deviation.threshold = 300 (default)
2019-10-03 08:05:07,907 [pool-87-thread-1] INFO  server.RaftServerConfigKeys (ConfUtils.java:logGet(43)) - raft.server.log.appender.install.snapshot.enabled = false (custom)
2019-10-03 08:05:07,907 [pool-87-thread-1] INFO  impl.RaftServerImpl (ServerState.java:<init>(103)) - 53d3c6ae-db99-4dd0-8c0e-a3e43b0ef8d7@group-CE73895DF442: ConfigurationManager, init=-1: [53d3c6ae-db99-4dd0-8c0e-a3e43b0ef8d7:192.168.151.98:43527, 4754d0d8-8434-40a3-99e5-ebfd08159131:192.168.151.98:39588, e81eb3a3-08d8-4434-b65f-c3267db03600:192.168.151.98:46178], old=null, confs=<EMPTY_MAP>
2019-10-03 08:05:07,908 [pool-87-thread-1] INFO  server.RaftServerConfigKeys (ConfUtils.java:logGet(43)) - raft.server.storage.dir = [/workdir/hadoop-ozone/integration-test/target/test-dir/MiniOzoneClusterImpl-30c11ea8-6136-4681-9d86-0e3c89bd7a94/datanode-6/data/ratis] (custom)
2019-10-03 08:05:07,908 [pool-87-thread-1] INFO  server.RaftServerConfigKeys (ConfUtils.java:logGet(43)) - raft.server.log.corruption.policy = EXCEPTION (default)
2019-10-03 08:05:07,908 [pool-87-thread-1] INFO  storage.RaftStorageDirectory (RaftStorageDirectory.java:analyzeStorage(246)) - The storage directory /workdir/hadoop-ozone/integration-test/target/test-dir/MiniOzoneClusterImpl-30c11ea8-6136-4681-9d86-0e3c89bd7a94/datanode-6/data/ratis/d617462d-5a49-4751-90d2-ce73895df442 does not exist. Creating ...
2019-10-03 08:05:07,908 [pool-47-thread-1] INFO  impl.RaftServerImpl (RaftServerImpl.java:<init>(95)) - e81eb3a3-08d8-4434-b65f-c3267db03600: new RaftServerImpl for group-CE73895DF442:[53d3c6ae-db99-4dd0-8c0e-a3e43b0ef8d7:192.168.151.98:43527, 4754d0d8-8434-40a3-99e5-ebfd08159131:192.168.151.98:39588, e81eb3a3-08d8-4434-b65f-c3267db03600:192.168.151.98:46178] with ContainerStateMachine:uninitialized
2019-10-03 08:05:07,908 [pool-47-thread-1] INFO  server.RaftServerConfigKeys (ConfUtils.java:logGet(43)) - raft.server.rpc.timeout.min = 5s (custom)
2019-10-03 08:05:07,909 [pool-47-thread-1] INFO  server.RaftServerConfigKeys (ConfUtils.java:logGet(43)) - raft.server.rpc.timeout.max = 5200ms (custom)
2019-10-03 08:05:07,909 [pool-47-thread-1] INFO  server.RaftServerConfigKeys (ConfUtils.java:logGet(43)) - raft.server.rpcslowness.timeout = 120s (custom)
2019-10-03 08:05:07,909 [pool-47-thread-1] INFO  server.RaftServerConfigKeys (ConfUtils.java:logGet(43)) - raft.server.sleep.deviation.threshold = 300 (default)
2019-10-03 08:05:07,909 [pool-47-thread-1] INFO  server.RaftServerConfigKeys (ConfUtils.java:logGet(43)) - raft.server.log.appender.install.snapshot.enabled = false (custom)
2019-10-03 08:05:07,909 [pool-47-thread-1] INFO  impl.RaftServerImpl (ServerState.java:<init>(103)) - e81eb3a3-08d8-4434-b65f-c3267db03600@group-CE73895DF442: ConfigurationManager, init=-1: [53d3c6ae-db99-4dd0-8c0e-a3e43b0ef8d7:192.168.151.98:43527, 4754d0d8-8434-40a3-99e5-ebfd08159131:192.168.151.98:39588, e81eb3a3-08d8-4434-b65f-c3267db03600:192.168.151.98:46178], old=null, confs=<EMPTY_MAP>
2019-10-03 08:05:07,910 [pool-47-thread-1] INFO  server.RaftServerConfigKeys (ConfUtils.java:logGet(43)) - raft.server.storage.dir = [/workdir/hadoop-ozone/integration-test/target/test-dir/MiniOzoneClusterImpl-30c11ea8-6136-4681-9d86-0e3c89bd7a94/datanode-2/data/ratis] (custom)
2019-10-03 08:05:07,910 [pool-27-thread-1] INFO  impl.RaftServerImpl (RaftServerImpl.java:<init>(95)) - 4754d0d8-8434-40a3-99e5-ebfd08159131: new RaftServerImpl for group-CE73895DF442:[53d3c6ae-db99-4dd0-8c0e-a3e43b0ef8d7:192.168.151.98:43527, 4754d0d8-8434-40a3-99e5-ebfd08159131:192.168.151.98:39588, e81eb3a3-08d8-4434-b65f-c3267db03600:192.168.151.98:46178] with ContainerStateMachine:uninitialized
2019-10-03 08:05:07,910 [pool-47-thread-1] INFO  server.RaftServerConfigKeys (ConfUtils.java:logGet(43)) - raft.server.log.corruption.policy = EXCEPTION (default)
2019-10-03 08:05:07,910 [pool-27-thread-1] INFO  server.RaftServerConfigKeys (ConfUtils.java:logGet(43)) - raft.server.rpc.timeout.min = 5s (custom)
2019-10-03 08:05:07,910 [pool-47-thread-1] INFO  storage.RaftStorageDirectory (RaftStorageDirectory.java:analyzeStorage(246)) - The storage directory /workdir/hadoop-ozone/integration-test/target/test-dir/MiniOzoneClusterImpl-30c11ea8-6136-4681-9d86-0e3c89bd7a94/datanode-2/data/ratis/d617462d-5a49-4751-90d2-ce73895df442 does not exist. Creating ...
2019-10-03 08:05:07,910 [pool-27-thread-1] INFO  server.RaftServerConfigKeys (ConfUtils.java:logGet(43)) - raft.server.rpc.timeout.max = 5200ms (custom)
2019-10-03 08:05:07,911 [pool-27-thread-1] INFO  server.RaftServerConfigKeys (ConfUtils.java:logGet(43)) - raft.server.rpcslowness.timeout = 120s (custom)
2019-10-03 08:05:07,911 [pool-27-thread-1] INFO  server.RaftServerConfigKeys (ConfUtils.java:logGet(43)) - raft.server.sleep.deviation.threshold = 300 (default)
2019-10-03 08:05:07,911 [pool-27-thread-1] INFO  server.RaftServerConfigKeys (ConfUtils.java:logGet(43)) - raft.server.log.appender.install.snapshot.enabled = false (custom)
2019-10-03 08:05:07,911 [pool-27-thread-1] INFO  impl.RaftServerImpl (ServerState.java:<init>(103)) - 4754d0d8-8434-40a3-99e5-ebfd08159131@group-CE73895DF442: ConfigurationManager, init=-1: [53d3c6ae-db99-4dd0-8c0e-a3e43b0ef8d7:192.168.151.98:43527, 4754d0d8-8434-40a3-99e5-ebfd08159131:192.168.151.98:39588, e81eb3a3-08d8-4434-b65f-c3267db03600:192.168.151.98:46178], old=null, confs=<EMPTY_MAP>
2019-10-03 08:05:07,911 [pool-27-thread-1] INFO  server.RaftServerConfigKeys (ConfUtils.java:logGet(43)) - raft.server.storage.dir = [/workdir/hadoop-ozone/integration-test/target/test-dir/MiniOzoneClusterImpl-30c11ea8-6136-4681-9d86-0e3c89bd7a94/datanode-0/data/ratis] (custom)
2019-10-03 08:05:07,912 [pool-27-thread-1] INFO  server.RaftServerConfigKeys (ConfUtils.java:logGet(43)) - raft.server.log.corruption.policy = EXCEPTION (default)
2019-10-03 08:05:07,912 [pool-27-thread-1] INFO  storage.RaftStorageDirectory (RaftStorageDirectory.java:analyzeStorage(246)) - The storage directory /workdir/hadoop-ozone/integration-test/target/test-dir/MiniOzoneClusterImpl-30c11ea8-6136-4681-9d86-0e3c89bd7a94/datanode-0/data/ratis/d617462d-5a49-4751-90d2-ce73895df442 does not exist. Creating ...
2019-10-03 08:05:07,922 [pool-47-thread-1] INFO  storage.RaftStorageDirectory (RaftStorageDirectory.java:tryLock(328)) - Lock on /workdir/hadoop-ozone/integration-test/target/test-dir/MiniOzoneClusterImpl-30c11ea8-6136-4681-9d86-0e3c89bd7a94/datanode-2/data/ratis/d617462d-5a49-4751-90d2-ce73895df442/in_use.lock acquired by nodename 12137@pr-hdds2217-2mkdc-371598885
2019-10-03 08:05:07,922 [pool-27-thread-1] INFO  storage.RaftStorageDirectory (RaftStorageDirectory.java:tryLock(328)) - Lock on /workdir/hadoop-ozone/integration-test/target/test-dir/MiniOzoneClusterImpl-30c11ea8-6136-4681-9d86-0e3c89bd7a94/datanode-0/data/ratis/d617462d-5a49-4751-90d2-ce73895df442/in_use.lock acquired by nodename 12137@pr-hdds2217-2mkdc-371598885
2019-10-03 08:05:07,922 [pool-87-thread-1] INFO  storage.RaftStorageDirectory (RaftStorageDirectory.java:tryLock(328)) - Lock on /workdir/hadoop-ozone/integration-test/target/test-dir/MiniOzoneClusterImpl-30c11ea8-6136-4681-9d86-0e3c89bd7a94/datanode-6/data/ratis/d617462d-5a49-4751-90d2-ce73895df442/in_use.lock acquired by nodename 12137@pr-hdds2217-2mkdc-371598885
2019-10-03 08:05:07,937 [pool-87-thread-1] INFO  storage.RaftStorage (RaftStorage.java:format(84)) - Storage directory /workdir/hadoop-ozone/integration-test/target/test-dir/MiniOzoneClusterImpl-30c11ea8-6136-4681-9d86-0e3c89bd7a94/datanode-6/data/ratis/d617462d-5a49-4751-90d2-ce73895df442 has been successfully formatted.
2019-10-03 08:05:07,937 [pool-27-thread-1] INFO  storage.RaftStorage (RaftStorage.java:format(84)) - Storage directory /workdir/hadoop-ozone/integration-test/target/test-dir/MiniOzoneClusterImpl-30c11ea8-6136-4681-9d86-0e3c89bd7a94/datanode-0/data/ratis/d617462d-5a49-4751-90d2-ce73895df442 has been successfully formatted.
2019-10-03 08:05:07,937 [pool-87-thread-1] INFO  ratis.ContainerStateMachine (ContainerStateMachine.java:loadSnapshot(230)) - group-CE73895DF442: The snapshot info is null. Setting the last applied indexto:(t:0, i:~)
2019-10-03 08:05:07,937 [pool-47-thread-1] INFO  storage.RaftStorage (RaftStorage.java:format(84)) - Storage directory /workdir/hadoop-ozone/integration-test/target/test-dir/MiniOzoneClusterImpl-30c11ea8-6136-4681-9d86-0e3c89bd7a94/datanode-2/data/ratis/d617462d-5a49-4751-90d2-ce73895df442 has been successfully formatted.
2019-10-03 08:05:07,937 [pool-87-thread-1] INFO  server.RaftServerConfigKeys (ConfUtils.java:logGet(43)) - raft.server.notification.no-leader.timeout = 120s (custom)
2019-10-03 08:05:07,937 [pool-27-thread-1] INFO  ratis.ContainerStateMachine (ContainerStateMachine.java:loadSnapshot(230)) - group-CE73895DF442: The snapshot info is null. Setting the last applied indexto:(t:0, i:~)
2019-10-03 08:05:07,937 [pool-47-thread-1] INFO  ratis.ContainerStateMachine (ContainerStateMachine.java:loadSnapshot(230)) - group-CE73895DF442: The snapshot info is null. Setting the last applied indexto:(t:0, i:~)
2019-10-03 08:05:07,937 [pool-87-thread-1] INFO  server.RaftServerConfigKeys (ConfUtils.java:logGet(43)) - raft.server.log.use.memory = false (default)
2019-10-03 08:05:07,938 [pool-47-thread-1] INFO  server.RaftServerConfigKeys (ConfUtils.java:logGet(43)) - raft.server.notification.no-leader.timeout = 120s (custom)
2019-10-03 08:05:07,938 [pool-27-thread-1] INFO  server.RaftServerConfigKeys (ConfUtils.java:logGet(43)) - raft.server.notification.no-leader.timeout = 120s (custom)
2019-10-03 08:05:07,938 [pool-47-thread-1] INFO  server.RaftServerConfigKeys (ConfUtils.java:logGet(43)) - raft.server.log.use.memory = false (default)
2019-10-03 08:05:07,938 [pool-87-thread-1] INFO  server.RaftServerConfigKeys (ConfUtils.java:logGet(43)) - raft.server.log.purge.gap = 1000000 (custom)
2019-10-03 08:05:07,938 [pool-47-thread-1] INFO  server.RaftServerConfigKeys (ConfUtils.java:logGet(43)) - raft.server.log.purge.gap = 1000000 (custom)
2019-10-03 08:05:07,938 [pool-27-thread-1] INFO  server.RaftServerConfigKeys (ConfUtils.java:logGet(43)) - raft.server.log.use.memory = false (default)
2019-10-03 08:05:07,939 [pool-47-thread-1] INFO  server.RaftServerConfigKeys (ConfUtils.java:logGet(43)) - raft.server.log.appender.buffer.byte-limit = 33554432 (custom)
2019-10-03 08:05:07,938 [pool-87-thread-1] INFO  server.RaftServerConfigKeys (ConfUtils.java:logGet(43)) - raft.server.log.appender.buffer.byte-limit = 33554432 (custom)
2019-10-03 08:05:07,939 [pool-47-thread-1] INFO  server.RaftServerConfigKeys (ConfUtils.java:logGet(43)) - raft.server.log.segment.size.max = 1048576 (custom)
2019-10-03 08:05:07,939 [pool-27-thread-1] INFO  server.RaftServerConfigKeys (ConfUtils.java:logGet(43)) - raft.server.log.purge.gap = 1000000 (custom)
2019-10-03 08:05:07,939 [pool-47-thread-1] INFO  server.RaftServerConfigKeys (ConfUtils.java:logGet(43)) - raft.server.log.segment.cache.num.max = 2 (custom)
2019-10-03 08:05:07,939 [pool-87-thread-1] INFO  server.RaftServerConfigKeys (ConfUtils.java:logGet(43)) - raft.server.log.segment.size.max = 1048576 (custom)
2019-10-03 08:05:07,940 [pool-47-thread-1] INFO  segmented.SegmentedRaftLogWorker (SegmentedRaftLogWorker.java:<init>(173)) - new e81eb3a3-08d8-4434-b65f-c3267db03600@group-CE73895DF442-SegmentedRaftLogWorker for RaftStorage:Storage Directory /workdir/hadoop-ozone/integration-test/target/test-dir/MiniOzoneClusterImpl-30c11ea8-6136-4681-9d86-0e3c89bd7a94/datanode-2/data/ratis/d617462d-5a49-4751-90d2-ce73895df442
2019-10-03 08:05:07,939 [pool-27-thread-1] INFO  server.RaftServerConfigKeys (ConfUtils.java:logGet(43)) - raft.server.log.appender.buffer.byte-limit = 33554432 (custom)
2019-10-03 08:05:07,940 [pool-47-thread-1] INFO  server.RaftServerConfigKeys (ConfUtils.java:logGet(43)) - raft.server.log.queue.byte-limit = 2147483647 (custom)
2019-10-03 08:05:07,940 [pool-87-thread-1] INFO  server.RaftServerConfigKeys (ConfUtils.java:logGet(43)) - raft.server.log.segment.cache.num.max = 2 (custom)
2019-10-03 08:05:07,940 [pool-47-thread-1] INFO  server.RaftServerConfigKeys (ConfUtils.java:logGet(43)) - raft.server.log.queue.element-limit = 1024 (custom)
2019-10-03 08:05:07,940 [pool-27-thread-1] INFO  server.RaftServerConfigKeys (ConfUtils.java:logGet(43)) - raft.server.log.segment.size.max = 1048576 (custom)
2019-10-03 08:05:07,940 [pool-47-thread-1] INFO  server.RaftServerConfigKeys (ConfUtils.java:logGet(43)) - raft.server.log.segment.size.max = 1048576 (custom)
2019-10-03 08:05:07,940 [pool-87-thread-1] INFO  segmented.SegmentedRaftLogWorker (SegmentedRaftLogWorker.java:<init>(173)) - new 53d3c6ae-db99-4dd0-8c0e-a3e43b0ef8d7@group-CE73895DF442-SegmentedRaftLogWorker for RaftStorage:Storage Directory /workdir/hadoop-ozone/integration-test/target/test-dir/MiniOzoneClusterImpl-30c11ea8-6136-4681-9d86-0e3c89bd7a94/datanode-6/data/ratis/d617462d-5a49-4751-90d2-ce73895df442
2019-10-03 08:05:07,941 [pool-47-thread-1] INFO  server.RaftServerConfigKeys (ConfUtils.java:logGet(43)) - raft.server.log.preallocated.size = 16384 (custom)
2019-10-03 08:05:07,941 [pool-47-thread-1] INFO  server.RaftServerConfigKeys (ConfUtils.java:logGet(43)) - raft.server.log.write.buffer.size = 33554432 (custom)
2019-10-03 08:05:07,941 [pool-27-thread-1] INFO  server.RaftServerConfigKeys (ConfUtils.java:logGet(43)) - raft.server.log.segment.cache.num.max = 2 (custom)
2019-10-03 08:05:07,941 [pool-47-thread-1] INFO  server.RaftServerConfigKeys (ConfUtils.java:logGet(43)) - raft.server.log.force.sync.num = 128 (default)
2019-10-03 08:05:07,941 [pool-87-thread-1] INFO  server.RaftServerConfigKeys (ConfUtils.java:logGet(43)) - raft.server.log.queue.byte-limit = 2147483647 (custom)
2019-10-03 08:05:07,942 [pool-47-thread-1] INFO  server.RaftServerConfigKeys (ConfUtils.java:logGet(43)) - raft.server.log.statemachine.data.sync = true (default)
2019-10-03 08:05:07,941 [pool-27-thread-1] INFO  segmented.SegmentedRaftLogWorker (SegmentedRaftLogWorker.java:<init>(173)) - new 4754d0d8-8434-40a3-99e5-ebfd08159131@group-CE73895DF442-SegmentedRaftLogWorker for RaftStorage:Storage Directory /workdir/hadoop-ozone/integration-test/target/test-dir/MiniOzoneClusterImpl-30c11ea8-6136-4681-9d86-0e3c89bd7a94/datanode-0/data/ratis/d617462d-5a49-4751-90d2-ce73895df442
2019-10-03 08:05:07,942 [pool-47-thread-1] INFO  server.RaftServerConfigKeys (ConfUtils.java:logGet(43)) - raft.server.log.statemachine.data.sync.timeout = 10s (default)
2019-10-03 08:05:07,942 [pool-87-thread-1] INFO  server.RaftServerConfigKeys (ConfUtils.java:logGet(43)) - raft.server.log.queue.element-limit = 1024 (custom)
2019-10-03 08:05:07,942 [pool-47-thread-1] INFO  server.RaftServerConfigKeys (ConfUtils.java:logGet(43)) - raft.server.log.statemachine.data.sync.timeout.retry = -1 (default)
2019-10-03 08:05:07,942 [pool-27-thread-1] INFO  server.RaftServerConfigKeys (ConfUtils.java:logGet(43)) - raft.server.log.queue.byte-limit = 2147483647 (custom)
2019-10-03 08:05:07,942 [pool-87-thread-1] INFO  server.RaftServerConfigKeys (ConfUtils.java:logGet(43)) - raft.server.log.segment.size.max = 1048576 (custom)
2019-10-03 08:05:07,943 [pool-47-thread-1] INFO  server.RaftServerConfigKeys (ConfUtils.java:logGet(43)) - raft.server.log.statemachine.data.caching.enabled = true (custom)
2019-10-03 08:05:07,943 [pool-27-thread-1] INFO  server.RaftServerConfigKeys (ConfUtils.java:logGet(43)) - raft.server.log.queue.element-limit = 1024 (custom)
2019-10-03 08:05:07,943 [pool-87-thread-1] INFO  server.RaftServerConfigKeys (ConfUtils.java:logGet(43)) - raft.server.log.preallocated.size = 16384 (custom)
2019-10-03 08:05:07,943 [pool-47-thread-1] INFO  segmented.SegmentedRaftLogWorker (SegmentedRaftLogWorker.java:lambda$new$0(128)) - e81eb3a3-08d8-4434-b65f-c3267db03600@group-CE73895DF442-SegmentedRaftLogWorker: flushIndex: setUnconditionally 0 -> -1
2019-10-03 08:05:07,943 [pool-27-thread-1] INFO  server.RaftServerConfigKeys (ConfUtils.java:logGet(43)) - raft.server.log.segment.size.max = 1048576 (custom)
2019-10-03 08:05:07,943 [pool-87-thread-1] INFO  server.RaftServerConfigKeys (ConfUtils.java:logGet(43)) - raft.server.log.write.buffer.size = 33554432 (custom)
2019-10-03 08:05:07,943 [pool-47-thread-1] INFO  server.RaftServerConfigKeys (ConfUtils.java:logGet(43)) - raft.server.snapshot.auto.trigger.enabled = true (custom)
2019-10-03 08:05:07,943 [pool-27-thread-1] INFO  server.RaftServerConfigKeys (ConfUtils.java:logGet(43)) - raft.server.log.preallocated.size = 16384 (custom)
2019-10-03 08:05:07,944 [pool-47-thread-1] INFO  server.RaftServerConfigKeys (ConfUtils.java:logGet(43)) - raft.server.snapshot.auto.trigger.threshold = 10000 (custom)
2019-10-03 08:05:07,944 [pool-87-thread-1] INFO  server.RaftServerConfigKeys (ConfUtils.java:logGet(43)) - raft.server.log.force.sync.num = 128 (default)
2019-10-03 08:05:07,944 [pool-47-thread-1] INFO  server.RaftServerConfigKeys (ConfUtils.java:logGet(43)) - raft.server.snapshot.retention.file.num = 5 (custom)
2019-10-03 08:05:07,944 [pool-27-thread-1] INFO  server.RaftServerConfigKeys (ConfUtils.java:logGet(43)) - raft.server.log.write.buffer.size = 33554432 (custom)
2019-10-03 08:05:07,944 [pool-87-thread-1] INFO  server.RaftServerConfigKeys (ConfUtils.java:logGet(43)) - raft.server.log.statemachine.data.sync = true (default)
2019-10-03 08:05:07,944 [pool-47-thread-1] INFO  server.RaftServerConfigKeys (ConfUtils.java:logGet(43)) - raft.server.retrycache.expirytime = 600000ms (custom)
2019-10-03 08:05:07,944 [pool-27-thread-1] INFO  server.RaftServerConfigKeys (ConfUtils.java:logGet(43)) - raft.server.log.force.sync.num = 128 (default)
2019-10-03 08:05:07,945 [pool-87-thread-1] INFO  server.RaftServerConfigKeys (ConfUtils.java:logGet(43)) - raft.server.log.statemachine.data.sync.timeout = 10s (default)
2019-10-03 08:05:07,945 [pool-27-thread-1] INFO  server.RaftServerConfigKeys (ConfUtils.java:logGet(43)) - raft.server.log.statemachine.data.sync = true (default)
2019-10-03 08:05:07,945 [pool-87-thread-1] INFO  server.RaftServerConfigKeys (ConfUtils.java:logGet(43)) - raft.server.log.statemachine.data.sync.timeout.retry = -1 (default)
2019-10-03 08:05:07,945 [pool-27-thread-1] INFO  server.RaftServerConfigKeys (ConfUtils.java:logGet(43)) - raft.server.log.statemachine.data.sync.timeout = 10s (default)
2019-10-03 08:05:07,945 [pool-27-thread-1] INFO  server.RaftServerConfigKeys (ConfUtils.java:logGet(43)) - raft.server.log.statemachine.data.sync.timeout.retry = -1 (default)
2019-10-03 08:05:07,945 [pool-87-thread-1] INFO  server.RaftServerConfigKeys (ConfUtils.java:logGet(43)) - raft.server.log.statemachine.data.caching.enabled = true (custom)
2019-10-03 08:05:07,946 [pool-27-thread-1] INFO  server.RaftServerConfigKeys (ConfUtils.java:logGet(43)) - raft.server.log.statemachine.data.caching.enabled = true (custom)
2019-10-03 08:05:07,946 [pool-87-thread-1] INFO  segmented.SegmentedRaftLogWorker (SegmentedRaftLogWorker.java:lambda$new$0(128)) - 53d3c6ae-db99-4dd0-8c0e-a3e43b0ef8d7@group-CE73895DF442-SegmentedRaftLogWorker: flushIndex: setUnconditionally 0 -> -1
2019-10-03 08:05:07,946 [pool-27-thread-1] INFO  segmented.SegmentedRaftLogWorker (SegmentedRaftLogWorker.java:lambda$new$0(128)) - 4754d0d8-8434-40a3-99e5-ebfd08159131@group-CE73895DF442-SegmentedRaftLogWorker: flushIndex: setUnconditionally 0 -> -1
2019-10-03 08:05:07,949 [pool-87-thread-1] INFO  server.RaftServerConfigKeys (ConfUtils.java:logGet(43)) - raft.server.snapshot.auto.trigger.enabled = true (custom)
2019-10-03 08:05:07,949 [pool-87-thread-1] INFO  server.RaftServerConfigKeys (ConfUtils.java:logGet(43)) - raft.server.snapshot.auto.trigger.threshold = 10000 (custom)
2019-10-03 08:05:07,949 [pool-27-thread-1] INFO  server.RaftServerConfigKeys (ConfUtils.java:logGet(43)) - raft.server.snapshot.auto.trigger.enabled = true (custom)
2019-10-03 08:05:07,949 [pool-87-thread-1] INFO  server.RaftServerConfigKeys (ConfUtils.java:logGet(43)) - raft.server.snapshot.retention.file.num = 5 (custom)
2019-10-03 08:05:07,949 [pool-27-thread-1] INFO  server.RaftServerConfigKeys (ConfUtils.java:logGet(43)) - raft.server.snapshot.auto.trigger.threshold = 10000 (custom)
2019-10-03 08:05:07,950 [pool-87-thread-1] INFO  server.RaftServerConfigKeys (ConfUtils.java:logGet(43)) - raft.server.retrycache.expirytime = 600000ms (custom)
2019-10-03 08:05:07,950 [pool-27-thread-1] INFO  server.RaftServerConfigKeys (ConfUtils.java:logGet(43)) - raft.server.snapshot.retention.file.num = 5 (custom)
2019-10-03 08:05:07,950 [pool-27-thread-1] INFO  server.RaftServerConfigKeys (ConfUtils.java:logGet(43)) - raft.server.retrycache.expirytime = 600000ms (custom)
2019-10-03 08:05:07,951 [pool-47-thread-1] INFO  impl.RaftServerImpl (RaftServerImpl.java:start(181)) - e81eb3a3-08d8-4434-b65f-c3267db03600@group-CE73895DF442: start as a follower, conf=-1: [53d3c6ae-db99-4dd0-8c0e-a3e43b0ef8d7:192.168.151.98:43527, 4754d0d8-8434-40a3-99e5-ebfd08159131:192.168.151.98:39588, e81eb3a3-08d8-4434-b65f-c3267db03600:192.168.151.98:46178], old=null
2019-10-03 08:05:07,951 [pool-47-thread-1] INFO  impl.RaftServerImpl (RaftServerImpl.java:setRole(170)) - e81eb3a3-08d8-4434-b65f-c3267db03600@group-CE73895DF442: changes role from      null to FOLLOWER at term 0 for startAsFollower
2019-10-03 08:05:07,951 [pool-47-thread-1] INFO  impl.RoleInfo (RoleInfo.java:updateAndGet(143)) - e81eb3a3-08d8-4434-b65f-c3267db03600: start FollowerState
2019-10-03 08:05:07,952 [pool-47-thread-1] INFO  util.JmxRegister (JmxRegister.java:tryRegister(44)) - Successfully registered JMX Bean with object name Ratis:service=RaftServer,group=group-CE73895DF442,id=e81eb3a3-08d8-4434-b65f-c3267db03600
2019-10-03 08:05:07,961 [pool-87-thread-1] INFO  impl.RaftServerImpl (RaftServerImpl.java:start(181)) - 53d3c6ae-db99-4dd0-8c0e-a3e43b0ef8d7@group-CE73895DF442: start as a follower, conf=-1: [53d3c6ae-db99-4dd0-8c0e-a3e43b0ef8d7:192.168.151.98:43527, 4754d0d8-8434-40a3-99e5-ebfd08159131:192.168.151.98:39588, e81eb3a3-08d8-4434-b65f-c3267db03600:192.168.151.98:46178], old=null
2019-10-03 08:05:07,961 [pool-87-thread-1] INFO  impl.RaftServerImpl (RaftServerImpl.java:setRole(170)) - 53d3c6ae-db99-4dd0-8c0e-a3e43b0ef8d7@group-CE73895DF442: changes role from      null to FOLLOWER at term 0 for startAsFollower
2019-10-03 08:05:07,961 [pool-27-thread-1] INFO  impl.RaftServerImpl (RaftServerImpl.java:start(181)) - 4754d0d8-8434-40a3-99e5-ebfd08159131@group-CE73895DF442: start as a follower, conf=-1: [53d3c6ae-db99-4dd0-8c0e-a3e43b0ef8d7:192.168.151.98:43527, 4754d0d8-8434-40a3-99e5-ebfd08159131:192.168.151.98:39588, e81eb3a3-08d8-4434-b65f-c3267db03600:192.168.151.98:46178], old=null
2019-10-03 08:05:07,961 [pool-87-thread-1] INFO  impl.RoleInfo (RoleInfo.java:updateAndGet(143)) - 53d3c6ae-db99-4dd0-8c0e-a3e43b0ef8d7: start FollowerState
2019-10-03 08:05:07,961 [pool-27-thread-1] INFO  impl.RaftServerImpl (RaftServerImpl.java:setRole(170)) - 4754d0d8-8434-40a3-99e5-ebfd08159131@group-CE73895DF442: changes role from      null to FOLLOWER at term 0 for startAsFollower
2019-10-03 08:05:07,961 [pool-27-thread-1] INFO  impl.RoleInfo (RoleInfo.java:updateAndGet(143)) - 4754d0d8-8434-40a3-99e5-ebfd08159131: start FollowerState
2019-10-03 08:05:07,962 [pool-87-thread-1] INFO  util.JmxRegister (JmxRegister.java:tryRegister(44)) - Successfully registered JMX Bean with object name Ratis:service=RaftServer,group=group-CE73895DF442,id=53d3c6ae-db99-4dd0-8c0e-a3e43b0ef8d7
2019-10-03 08:05:07,962 [pool-27-thread-1] INFO  util.JmxRegister (JmxRegister.java:tryRegister(44)) - Successfully registered JMX Bean with object name Ratis:service=RaftServer,group=group-CE73895DF442,id=4754d0d8-8434-40a3-99e5-ebfd08159131
2019-10-03 08:05:07,987 [RatisPipelineUtilsThread] INFO  pipeline.PipelineStateManager (PipelineStateManager.java:addPipeline(56)) - Created pipeline Pipeline[ Id: d617462d-5a49-4751-90d2-ce73895df442, Nodes: 4754d0d8-8434-40a3-99e5-ebfd08159131{ip: 192.168.151.98, host: pr-hdds2217-2mkdc-371598885, networkLocation: /default-rack, certSerialId: null}53d3c6ae-db99-4dd0-8c0e-a3e43b0ef8d7{ip: 192.168.151.98, host: pr-hdds2217-2mkdc-371598885, networkLocation: /default-rack, certSerialId: null}e81eb3a3-08d8-4434-b65f-c3267db03600{ip: 192.168.151.98, host: pr-hdds2217-2mkdc-371598885, networkLocation: /default-rack, certSerialId: null}, Type:RATIS, Factor:THREE, State:OPEN]
2019-10-03 08:05:08,256 [main] INFO  rpc.RpcClient (RpcClient.java:createVolume(277)) - Creating Volume: testblockoutputstream, with jenkins1000 as owner.
2019-10-03 08:05:08,823 [IPC Server handler 2 on 40954] INFO  volume.OMVolumeCreateRequest (OMVolumeCreateRequest.java:validateAndUpdateCache(193)) - created volume:testblockoutputstream for user:jenkins1000
2019-10-03 08:05:08,883 [main] INFO  rpc.RpcClient (RpcClient.java:createBucket(416)) - Creating Bucket: testblockoutputstream/testblockoutputstream, with Versioning false and Storage Type set to DISK and Encryption set to false 
2019-10-03 08:05:08,918 [main] INFO  impl.MetricsSystemImpl (MetricsSystemImpl.java:init(158)) - XceiverClientMetrics metrics system started (again)
2019-10-03 08:05:09,049 [Thread-238] INFO  container.ReplicationManager (ReplicationManager.java:start(162)) - Starting Replication Monitor Thread.
2019-10-03 08:05:09,055 [ReplicationMonitor] INFO  container.ReplicationManager (ReplicationManager.java:run(225)) - Replication Monitor Thread took 4 milliseconds for processing 1 containers.
2019-10-03 08:05:11,976 [Thread-240] INFO  impl.FollowerState (FollowerState.java:run(108)) - 4754d0d8-8434-40a3-99e5-ebfd08159131@group-AF079CC32019-FollowerState: change to CANDIDATE, lastRpcTime:5101ms, electionTimeout:5099ms
2019-10-03 08:05:11,980 [Thread-240] INFO  impl.RoleInfo (RoleInfo.java:shutdownFollowerState(121)) - 4754d0d8-8434-40a3-99e5-ebfd08159131: shutdown FollowerState
2019-10-03 08:05:11,980 [Thread-240] INFO  impl.RaftServerImpl (RaftServerImpl.java:setRole(170)) - 4754d0d8-8434-40a3-99e5-ebfd08159131@group-AF079CC32019: changes role from  FOLLOWER to CANDIDATE at term 0 for changeToCandidate
2019-10-03 08:05:11,987 [Thread-240] INFO  impl.RoleInfo (RoleInfo.java:updateAndGet(143)) - 4754d0d8-8434-40a3-99e5-ebfd08159131: start LeaderElection
2019-10-03 08:05:12,014 [4754d0d8-8434-40a3-99e5-ebfd08159131@group-AF079CC32019-LeaderElection1] INFO  impl.LeaderElection (LeaderElection.java:askForVotes(178)) - 4754d0d8-8434-40a3-99e5-ebfd08159131@group-AF079CC32019-LeaderElection1: begin an election at term 1 for -1: [4754d0d8-8434-40a3-99e5-ebfd08159131:192.168.151.98:39588], old=null
2019-10-03 08:05:12,015 [4754d0d8-8434-40a3-99e5-ebfd08159131@group-AF079CC32019-LeaderElection1] INFO  impl.RoleInfo (RoleInfo.java:shutdownLeaderElection(134)) - 4754d0d8-8434-40a3-99e5-ebfd08159131: shutdown LeaderElection
2019-10-03 08:05:12,016 [4754d0d8-8434-40a3-99e5-ebfd08159131@group-AF079CC32019-LeaderElection1] INFO  impl.RaftServerImpl (RaftServerImpl.java:setRole(170)) - 4754d0d8-8434-40a3-99e5-ebfd08159131@group-AF079CC32019: changes role from CANDIDATE to LEADER at term 1 for changeToLeader
2019-10-03 08:05:12,016 [4754d0d8-8434-40a3-99e5-ebfd08159131@group-AF079CC32019-LeaderElection1] INFO  impl.RaftServerImpl (ServerState.java:setLeader(255)) - 4754d0d8-8434-40a3-99e5-ebfd08159131@group-AF079CC32019: change Leader from null to 4754d0d8-8434-40a3-99e5-ebfd08159131 at term 1 for becomeLeader, leader elected after 5260ms
2019-10-03 08:05:12,021 [4754d0d8-8434-40a3-99e5-ebfd08159131@group-AF079CC32019-LeaderElection1] INFO  server.RaftServerConfigKeys (ConfUtils.java:logGet(43)) - raft.server.staging.catchup.gap = 1000 (default)
2019-10-03 08:05:12,021 [4754d0d8-8434-40a3-99e5-ebfd08159131@group-AF079CC32019-LeaderElection1] INFO  server.RaftServerConfigKeys (ConfUtils.java:logGet(43)) - raft.server.rpc.sleep.time = 25ms (default)
2019-10-03 08:05:12,024 [4754d0d8-8434-40a3-99e5-ebfd08159131@group-AF079CC32019-LeaderElection1] INFO  server.RaftServerConfigKeys (ConfUtils.java:logGet(43)) - raft.server.write.element-limit = 4096 (default)
2019-10-03 08:05:12,026 [4754d0d8-8434-40a3-99e5-ebfd08159131@group-AF079CC32019-LeaderElection1] INFO  server.RaftServerConfigKeys (ConfUtils.java:logGet(43)) - raft.server.watch.timeout = 10s (default)
2019-10-03 08:05:12,026 [4754d0d8-8434-40a3-99e5-ebfd08159131@group-AF079CC32019-LeaderElection1] INFO  server.RaftServerConfigKeys (ConfUtils.java:logGet(43)) - raft.server.watch.timeout.denomination = 1s (default)
2019-10-03 08:05:12,027 [4754d0d8-8434-40a3-99e5-ebfd08159131@group-AF079CC32019-LeaderElection1] INFO  server.RaftServerConfigKeys (ConfUtils.java:logGet(43)) - raft.server.watch.element-limit = 65536 (default)
2019-10-03 08:05:12,034 [4754d0d8-8434-40a3-99e5-ebfd08159131@group-AF079CC32019-LeaderElection1] INFO  impl.RoleInfo (RoleInfo.java:updateAndGet(143)) - 4754d0d8-8434-40a3-99e5-ebfd08159131: start LeaderState
2019-10-03 08:05:12,051 [4754d0d8-8434-40a3-99e5-ebfd08159131@group-AF079CC32019-LeaderElection1] INFO  segmented.SegmentedRaftLogWorker (SegmentedRaftLogWorker.java:startLogSegment(385)) - 4754d0d8-8434-40a3-99e5-ebfd08159131@group-AF079CC32019-SegmentedRaftLogWorker: Starting segment from index:0
2019-10-03 08:05:12,058 [4754d0d8-8434-40a3-99e5-ebfd08159131@group-AF079CC32019-LeaderElection1] INFO  impl.RaftServerImpl (ServerState.java:setRaftConf(356)) - 4754d0d8-8434-40a3-99e5-ebfd08159131@group-AF079CC32019: set configuration 0: [4754d0d8-8434-40a3-99e5-ebfd08159131:192.168.151.98:39588], old=null at 0
2019-10-03 08:05:12,109 [Thread-243] INFO  impl.FollowerState (FollowerState.java:run(108)) - 2ab5f8f3-6b97-406f-a282-d8983dd7b0b3@group-FC5877522EAE-FollowerState: change to CANDIDATE, lastRpcTime:5012ms, electionTimeout:5010ms
2019-10-03 08:05:12,116 [Thread-243] INFO  impl.RoleInfo (RoleInfo.java:shutdownFollowerState(121)) - 2ab5f8f3-6b97-406f-a282-d8983dd7b0b3: shutdown FollowerState
2019-10-03 08:05:12,116 [Thread-243] INFO  impl.RaftServerImpl (RaftServerImpl.java:setRole(170)) - 2ab5f8f3-6b97-406f-a282-d8983dd7b0b3@group-FC5877522EAE: changes role from  FOLLOWER to CANDIDATE at term 0 for changeToCandidate
2019-10-03 08:05:12,116 [Thread-243] INFO  impl.RoleInfo (RoleInfo.java:updateAndGet(143)) - 2ab5f8f3-6b97-406f-a282-d8983dd7b0b3: start LeaderElection
2019-10-03 08:05:12,132 [2ab5f8f3-6b97-406f-a282-d8983dd7b0b3@group-FC5877522EAE-LeaderElection2] INFO  impl.LeaderElection (LeaderElection.java:askForVotes(178)) - 2ab5f8f3-6b97-406f-a282-d8983dd7b0b3@group-FC5877522EAE-LeaderElection2: begin an election at term 1 for -1: [2ab5f8f3-6b97-406f-a282-d8983dd7b0b3:192.168.151.98:45294], old=null
2019-10-03 08:05:12,132 [2ab5f8f3-6b97-406f-a282-d8983dd7b0b3@group-FC5877522EAE-LeaderElection2] INFO  impl.RoleInfo (RoleInfo.java:shutdownLeaderElection(134)) - 2ab5f8f3-6b97-406f-a282-d8983dd7b0b3: shutdown LeaderElection
2019-10-03 08:05:12,133 [2ab5f8f3-6b97-406f-a282-d8983dd7b0b3@group-FC5877522EAE-LeaderElection2] INFO  impl.RaftServerImpl (RaftServerImpl.java:setRole(170)) - 2ab5f8f3-6b97-406f-a282-d8983dd7b0b3@group-FC5877522EAE: changes role from CANDIDATE to LEADER at term 1 for changeToLeader
2019-10-03 08:05:12,133 [2ab5f8f3-6b97-406f-a282-d8983dd7b0b3@group-FC5877522EAE-LeaderElection2] INFO  impl.RaftServerImpl (ServerState.java:setLeader(255)) - 2ab5f8f3-6b97-406f-a282-d8983dd7b0b3@group-FC5877522EAE: change Leader from null to 2ab5f8f3-6b97-406f-a282-d8983dd7b0b3 at term 1 for becomeLeader, leader elected after 5054ms
2019-10-03 08:05:12,134 [2ab5f8f3-6b97-406f-a282-d8983dd7b0b3@group-FC5877522EAE-LeaderElection2] INFO  server.RaftServerConfigKeys (ConfUtils.java:logGet(43)) - raft.server.staging.catchup.gap = 1000 (default)
2019-10-03 08:05:12,134 [2ab5f8f3-6b97-406f-a282-d8983dd7b0b3@group-FC5877522EAE-LeaderElection2] INFO  server.RaftServerConfigKeys (ConfUtils.java:logGet(43)) - raft.server.rpc.sleep.time = 25ms (default)
2019-10-03 08:05:12,134 [2ab5f8f3-6b97-406f-a282-d8983dd7b0b3@group-FC5877522EAE-LeaderElection2] INFO  server.RaftServerConfigKeys (ConfUtils.java:logGet(43)) - raft.server.write.element-limit = 4096 (default)
2019-10-03 08:05:12,135 [2ab5f8f3-6b97-406f-a282-d8983dd7b0b3@group-FC5877522EAE-LeaderElection2] INFO  server.RaftServerConfigKeys (ConfUtils.java:logGet(43)) - raft.server.watch.timeout = 10s (default)
2019-10-03 08:05:12,135 [2ab5f8f3-6b97-406f-a282-d8983dd7b0b3@group-FC5877522EAE-LeaderElection2] INFO  server.RaftServerConfigKeys (ConfUtils.java:logGet(43)) - raft.server.watch.timeout.denomination = 1s (default)
2019-10-03 08:05:12,135 [2ab5f8f3-6b97-406f-a282-d8983dd7b0b3@group-FC5877522EAE-LeaderElection2] INFO  server.RaftServerConfigKeys (ConfUtils.java:logGet(43)) - raft.server.watch.element-limit = 65536 (default)
2019-10-03 08:05:12,138 [2ab5f8f3-6b97-406f-a282-d8983dd7b0b3@group-FC5877522EAE-LeaderElection2] INFO  impl.RoleInfo (RoleInfo.java:updateAndGet(143)) - 2ab5f8f3-6b97-406f-a282-d8983dd7b0b3: start LeaderState
2019-10-03 08:05:12,138 [2ab5f8f3-6b97-406f-a282-d8983dd7b0b3@group-FC5877522EAE-LeaderElection2] INFO  segmented.SegmentedRaftLogWorker (SegmentedRaftLogWorker.java:startLogSegment(385)) - 2ab5f8f3-6b97-406f-a282-d8983dd7b0b3@group-FC5877522EAE-SegmentedRaftLogWorker: Starting segment from index:0
2019-10-03 08:05:12,139 [2ab5f8f3-6b97-406f-a282-d8983dd7b0b3@group-FC5877522EAE-LeaderElection2] INFO  impl.RaftServerImpl (ServerState.java:setRaftConf(356)) - 2ab5f8f3-6b97-406f-a282-d8983dd7b0b3@group-FC5877522EAE: set configuration 0: [2ab5f8f3-6b97-406f-a282-d8983dd7b0b3:192.168.151.98:45294], old=null at 0
2019-10-03 08:05:12,222 [4754d0d8-8434-40a3-99e5-ebfd08159131@group-AF079CC32019-SegmentedRaftLogWorker] INFO  segmented.SegmentedRaftLogWorker (SegmentedRaftLogWorker.java:execute(574)) - 4754d0d8-8434-40a3-99e5-ebfd08159131@group-AF079CC32019-SegmentedRaftLogWorker: created new log segment /workdir/hadoop-ozone/integration-test/target/test-dir/MiniOzoneClusterImpl-30c11ea8-6136-4681-9d86-0e3c89bd7a94/datanode-0/data/ratis/bd12aca3-035b-4930-9834-af079cc32019/current/log_inprogress_0
2019-10-03 08:05:12,224 [2ab5f8f3-6b97-406f-a282-d8983dd7b0b3@group-FC5877522EAE-SegmentedRaftLogWorker] INFO  segmented.SegmentedRaftLogWorker (SegmentedRaftLogWorker.java:execute(574)) - 2ab5f8f3-6b97-406f-a282-d8983dd7b0b3@group-FC5877522EAE-SegmentedRaftLogWorker: created new log segment /workdir/hadoop-ozone/integration-test/target/test-dir/MiniOzoneClusterImpl-30c11ea8-6136-4681-9d86-0e3c89bd7a94/datanode-3/data/ratis/7d72be00-3429-42c0-82a7-fc5877522eae/current/log_inprogress_0
2019-10-03 08:05:12,430 [Thread-246] INFO  impl.FollowerState (FollowerState.java:run(108)) - 9b557557-b0be-413c-b212-b08725bb712a@group-2844F16FD2AC-FollowerState: change to CANDIDATE, lastRpcTime:5154ms, electionTimeout:5154ms
2019-10-03 08:05:12,433 [Thread-246] INFO  impl.RoleInfo (RoleInfo.java:shutdownFollowerState(121)) - 9b557557-b0be-413c-b212-b08725bb712a: shutdown FollowerState
2019-10-03 08:05:12,433 [Thread-246] INFO  impl.RaftServerImpl (RaftServerImpl.java:setRole(170)) - 9b557557-b0be-413c-b212-b08725bb712a@group-2844F16FD2AC: changes role from  FOLLOWER to CANDIDATE at term 0 for changeToCandidate
2019-10-03 08:05:12,433 [Thread-246] INFO  impl.RoleInfo (RoleInfo.java:updateAndGet(143)) - 9b557557-b0be-413c-b212-b08725bb712a: start LeaderElection
2019-10-03 08:05:12,463 [9b557557-b0be-413c-b212-b08725bb712a@group-2844F16FD2AC-LeaderElection3] INFO  impl.LeaderElection (LeaderElection.java:askForVotes(178)) - 9b557557-b0be-413c-b212-b08725bb712a@group-2844F16FD2AC-LeaderElection3: begin an election at term 1 for -1: [9b557557-b0be-413c-b212-b08725bb712a:192.168.151.98:45590], old=null
2019-10-03 08:05:12,466 [9b557557-b0be-413c-b212-b08725bb712a@group-2844F16FD2AC-LeaderElection3] INFO  impl.RoleInfo (RoleInfo.java:shutdownLeaderElection(134)) - 9b557557-b0be-413c-b212-b08725bb712a: shutdown LeaderElection
2019-10-03 08:05:12,466 [9b557557-b0be-413c-b212-b08725bb712a@group-2844F16FD2AC-LeaderElection3] INFO  impl.RaftServerImpl (RaftServerImpl.java:setRole(170)) - 9b557557-b0be-413c-b212-b08725bb712a@group-2844F16FD2AC: changes role from CANDIDATE to LEADER at term 1 for changeToLeader
2019-10-03 08:05:12,466 [9b557557-b0be-413c-b212-b08725bb712a@group-2844F16FD2AC-LeaderElection3] INFO  impl.RaftServerImpl (ServerState.java:setLeader(255)) - 9b557557-b0be-413c-b212-b08725bb712a@group-2844F16FD2AC: change Leader from null to 9b557557-b0be-413c-b212-b08725bb712a at term 1 for becomeLeader, leader elected after 5241ms
2019-10-03 08:05:12,468 [9b557557-b0be-413c-b212-b08725bb712a@group-2844F16FD2AC-LeaderElection3] INFO  server.RaftServerConfigKeys (ConfUtils.java:logGet(43)) - raft.server.staging.catchup.gap = 1000 (default)
2019-10-03 08:05:12,469 [9b557557-b0be-413c-b212-b08725bb712a@group-2844F16FD2AC-LeaderElection3] INFO  server.RaftServerConfigKeys (ConfUtils.java:logGet(43)) - raft.server.rpc.sleep.time = 25ms (default)
2019-10-03 08:05:12,469 [9b557557-b0be-413c-b212-b08725bb712a@group-2844F16FD2AC-LeaderElection3] INFO  server.RaftServerConfigKeys (ConfUtils.java:logGet(43)) - raft.server.write.element-limit = 4096 (default)
2019-10-03 08:05:12,469 [9b557557-b0be-413c-b212-b08725bb712a@group-2844F16FD2AC-LeaderElection3] INFO  server.RaftServerConfigKeys (ConfUtils.java:logGet(43)) - raft.server.watch.timeout = 10s (default)
2019-10-03 08:05:12,469 [9b557557-b0be-413c-b212-b08725bb712a@group-2844F16FD2AC-LeaderElection3] INFO  server.RaftServerConfigKeys (ConfUtils.java:logGet(43)) - raft.server.watch.timeout.denomination = 1s (default)
2019-10-03 08:05:12,469 [9b557557-b0be-413c-b212-b08725bb712a@group-2844F16FD2AC-LeaderElection3] INFO  server.RaftServerConfigKeys (ConfUtils.java:logGet(43)) - raft.server.watch.element-limit = 65536 (default)
2019-10-03 08:05:12,472 [9b557557-b0be-413c-b212-b08725bb712a@group-2844F16FD2AC-LeaderElection3] INFO  impl.RoleInfo (RoleInfo.java:updateAndGet(143)) - 9b557557-b0be-413c-b212-b08725bb712a: start LeaderState
2019-10-03 08:05:12,473 [9b557557-b0be-413c-b212-b08725bb712a@group-2844F16FD2AC-LeaderElection3] INFO  segmented.SegmentedRaftLogWorker (SegmentedRaftLogWorker.java:startLogSegment(385)) - 9b557557-b0be-413c-b212-b08725bb712a@group-2844F16FD2AC-SegmentedRaftLogWorker: Starting segment from index:0
2019-10-03 08:05:12,473 [9b557557-b0be-413c-b212-b08725bb712a@group-2844F16FD2AC-LeaderElection3] INFO  impl.RaftServerImpl (ServerState.java:setRaftConf(356)) - 9b557557-b0be-413c-b212-b08725bb712a@group-2844F16FD2AC: set configuration 0: [9b557557-b0be-413c-b212-b08725bb712a:192.168.151.98:45590], old=null at 0
2019-10-03 08:05:12,510 [Thread-252] INFO  impl.FollowerState (FollowerState.java:run(108)) - 53d3c6ae-db99-4dd0-8c0e-a3e43b0ef8d7@group-B39BE4E7240A-FollowerState: change to CANDIDATE, lastRpcTime:5053ms, electionTimeout:5051ms
2019-10-03 08:05:12,510 [Thread-252] INFO  impl.RoleInfo (RoleInfo.java:shutdownFollowerState(121)) - 53d3c6ae-db99-4dd0-8c0e-a3e43b0ef8d7: shutdown FollowerState
2019-10-03 08:05:12,510 [Thread-252] INFO  impl.RaftServerImpl (RaftServerImpl.java:setRole(170)) - 53d3c6ae-db99-4dd0-8c0e-a3e43b0ef8d7@group-B39BE4E7240A: changes role from  FOLLOWER to CANDIDATE at term 0 for changeToCandidate
2019-10-03 08:05:12,510 [Thread-252] INFO  impl.RoleInfo (RoleInfo.java:updateAndGet(143)) - 53d3c6ae-db99-4dd0-8c0e-a3e43b0ef8d7: start LeaderElection
2019-10-03 08:05:12,517 [Thread-249] INFO  impl.FollowerState (FollowerState.java:run(108)) - d7cf2482-ed45-4607-912d-f49f9cee1bc5@group-36088DDF0A28-FollowerState: change to CANDIDATE, lastRpcTime:5146ms, electionTimeout:5146ms
2019-10-03 08:05:12,517 [Thread-249] INFO  impl.RoleInfo (RoleInfo.java:shutdownFollowerState(121)) - d7cf2482-ed45-4607-912d-f49f9cee1bc5: shutdown FollowerState
2019-10-03 08:05:12,517 [Thread-249] INFO  impl.RaftServerImpl (RaftServerImpl.java:setRole(170)) - d7cf2482-ed45-4607-912d-f49f9cee1bc5@group-36088DDF0A28: changes role from  FOLLOWER to CANDIDATE at term 0 for changeToCandidate
2019-10-03 08:05:12,517 [Thread-249] INFO  impl.RoleInfo (RoleInfo.java:updateAndGet(143)) - d7cf2482-ed45-4607-912d-f49f9cee1bc5: start LeaderElection
2019-10-03 08:05:12,524 [9b557557-b0be-413c-b212-b08725bb712a@group-2844F16FD2AC-SegmentedRaftLogWorker] INFO  segmented.SegmentedRaftLogWorker (SegmentedRaftLogWorker.java:execute(574)) - 9b557557-b0be-413c-b212-b08725bb712a@group-2844F16FD2AC-SegmentedRaftLogWorker: created new log segment /workdir/hadoop-ozone/integration-test/target/test-dir/MiniOzoneClusterImpl-30c11ea8-6136-4681-9d86-0e3c89bd7a94/datanode-4/data/ratis/7b01efd7-50ce-4dc7-b837-2844f16fd2ac/current/log_inprogress_0
2019-10-03 08:05:12,524 [53d3c6ae-db99-4dd0-8c0e-a3e43b0ef8d7@group-B39BE4E7240A-LeaderElection4] INFO  impl.LeaderElection (LeaderElection.java:askForVotes(178)) - 53d3c6ae-db99-4dd0-8c0e-a3e43b0ef8d7@group-B39BE4E7240A-LeaderElection4: begin an election at term 1 for -1: [53d3c6ae-db99-4dd0-8c0e-a3e43b0ef8d7:192.168.151.98:43527], old=null
2019-10-03 08:05:12,527 [53d3c6ae-db99-4dd0-8c0e-a3e43b0ef8d7@group-B39BE4E7240A-LeaderElection4] INFO  impl.RoleInfo (RoleInfo.java:shutdownLeaderElection(134)) - 53d3c6ae-db99-4dd0-8c0e-a3e43b0ef8d7: shutdown LeaderElection
2019-10-03 08:05:12,527 [53d3c6ae-db99-4dd0-8c0e-a3e43b0ef8d7@group-B39BE4E7240A-LeaderElection4] INFO  impl.RaftServerImpl (RaftServerImpl.java:setRole(170)) - 53d3c6ae-db99-4dd0-8c0e-a3e43b0ef8d7@group-B39BE4E7240A: changes role from CANDIDATE to LEADER at term 1 for changeToLeader
2019-10-03 08:05:12,527 [53d3c6ae-db99-4dd0-8c0e-a3e43b0ef8d7@group-B39BE4E7240A-LeaderElection4] INFO  impl.RaftServerImpl (ServerState.java:setLeader(255)) - 53d3c6ae-db99-4dd0-8c0e-a3e43b0ef8d7@group-B39BE4E7240A: change Leader from null to 53d3c6ae-db99-4dd0-8c0e-a3e43b0ef8d7 at term 1 for becomeLeader, leader elected after 5082ms
2019-10-03 08:05:12,529 [53d3c6ae-db99-4dd0-8c0e-a3e43b0ef8d7@group-B39BE4E7240A-LeaderElection4] INFO  server.RaftServerConfigKeys (ConfUtils.java:logGet(43)) - raft.server.staging.catchup.gap = 1000 (default)
2019-10-03 08:05:12,529 [53d3c6ae-db99-4dd0-8c0e-a3e43b0ef8d7@group-B39BE4E7240A-LeaderElection4] INFO  server.RaftServerConfigKeys (ConfUtils.java:logGet(43)) - raft.server.rpc.sleep.time = 25ms (default)
2019-10-03 08:05:12,530 [53d3c6ae-db99-4dd0-8c0e-a3e43b0ef8d7@group-B39BE4E7240A-LeaderElection4] INFO  server.RaftServerConfigKeys (ConfUtils.java:logGet(43)) - raft.server.write.element-limit = 4096 (default)
2019-10-03 08:05:12,530 [53d3c6ae-db99-4dd0-8c0e-a3e43b0ef8d7@group-B39BE4E7240A-LeaderElection4] INFO  server.RaftServerConfigKeys (ConfUtils.java:logGet(43)) - raft.server.watch.timeout = 10s (default)
2019-10-03 08:05:12,530 [53d3c6ae-db99-4dd0-8c0e-a3e43b0ef8d7@group-B39BE4E7240A-LeaderElection4] INFO  server.RaftServerConfigKeys (ConfUtils.java:logGet(43)) - raft.server.watch.timeout.denomination = 1s (default)
2019-10-03 08:05:12,530 [53d3c6ae-db99-4dd0-8c0e-a3e43b0ef8d7@group-B39BE4E7240A-LeaderElection4] INFO  server.RaftServerConfigKeys (ConfUtils.java:logGet(43)) - raft.server.watch.element-limit = 65536 (default)
2019-10-03 08:05:12,535 [53d3c6ae-db99-4dd0-8c0e-a3e43b0ef8d7@group-B39BE4E7240A-LeaderElection4] INFO  impl.RoleInfo (RoleInfo.java:updateAndGet(143)) - 53d3c6ae-db99-4dd0-8c0e-a3e43b0ef8d7: start LeaderState
2019-10-03 08:05:12,536 [53d3c6ae-db99-4dd0-8c0e-a3e43b0ef8d7@group-B39BE4E7240A-LeaderElection4] INFO  segmented.SegmentedRaftLogWorker (SegmentedRaftLogWorker.java:startLogSegment(385)) - 53d3c6ae-db99-4dd0-8c0e-a3e43b0ef8d7@group-B39BE4E7240A-SegmentedRaftLogWorker: Starting segment from index:0
2019-10-03 08:05:12,537 [d7cf2482-ed45-4607-912d-f49f9cee1bc5@group-36088DDF0A28-LeaderElection5] INFO  impl.LeaderElection (LeaderElection.java:askForVotes(178)) - d7cf2482-ed45-4607-912d-f49f9cee1bc5@group-36088DDF0A28-LeaderElection5: begin an election at term 1 for -1: [d7cf2482-ed45-4607-912d-f49f9cee1bc5:192.168.151.98:34953], old=null
2019-10-03 08:05:12,537 [53d3c6ae-db99-4dd0-8c0e-a3e43b0ef8d7@group-B39BE4E7240A-LeaderElection4] INFO  impl.RaftServerImpl (ServerState.java:setRaftConf(356)) - 53d3c6ae-db99-4dd0-8c0e-a3e43b0ef8d7@group-B39BE4E7240A: set configuration 0: [53d3c6ae-db99-4dd0-8c0e-a3e43b0ef8d7:192.168.151.98:43527], old=null at 0
2019-10-03 08:05:12,537 [d7cf2482-ed45-4607-912d-f49f9cee1bc5@group-36088DDF0A28-LeaderElection5] INFO  impl.RoleInfo (RoleInfo.java:shutdownLeaderElection(134)) - d7cf2482-ed45-4607-912d-f49f9cee1bc5: shutdown LeaderElection
2019-10-03 08:05:12,572 [d7cf2482-ed45-4607-912d-f49f9cee1bc5@group-36088DDF0A28-LeaderElection5] INFO  impl.RaftServerImpl (RaftServerImpl.java:setRole(170)) - d7cf2482-ed45-4607-912d-f49f9cee1bc5@group-36088DDF0A28: changes role from CANDIDATE to LEADER at term 1 for changeToLeader
2019-10-03 08:05:12,573 [d7cf2482-ed45-4607-912d-f49f9cee1bc5@group-36088DDF0A28-LeaderElection5] INFO  impl.RaftServerImpl (ServerState.java:setLeader(255)) - d7cf2482-ed45-4607-912d-f49f9cee1bc5@group-36088DDF0A28: change Leader from null to d7cf2482-ed45-4607-912d-f49f9cee1bc5 at term 1 for becomeLeader, leader elected after 5214ms
2019-10-03 08:05:12,575 [d7cf2482-ed45-4607-912d-f49f9cee1bc5@group-36088DDF0A28-LeaderElection5] INFO  server.RaftServerConfigKeys (ConfUtils.java:logGet(43)) - raft.server.staging.catchup.gap = 1000 (default)
2019-10-03 08:05:12,575 [d7cf2482-ed45-4607-912d-f49f9cee1bc5@group-36088DDF0A28-LeaderElection5] INFO  server.RaftServerConfigKeys (ConfUtils.java:logGet(43)) - raft.server.rpc.sleep.time = 25ms (default)
2019-10-03 08:05:12,576 [d7cf2482-ed45-4607-912d-f49f9cee1bc5@group-36088DDF0A28-LeaderElection5] INFO  server.RaftServerConfigKeys (ConfUtils.java:logGet(43)) - raft.server.write.element-limit = 4096 (default)
2019-10-03 08:05:12,576 [d7cf2482-ed45-4607-912d-f49f9cee1bc5@group-36088DDF0A28-LeaderElection5] INFO  server.RaftServerConfigKeys (ConfUtils.java:logGet(43)) - raft.server.watch.timeout = 10s (default)
2019-10-03 08:05:12,576 [d7cf2482-ed45-4607-912d-f49f9cee1bc5@group-36088DDF0A28-LeaderElection5] INFO  server.RaftServerConfigKeys (ConfUtils.java:logGet(43)) - raft.server.watch.timeout.denomination = 1s (default)
2019-10-03 08:05:12,576 [d7cf2482-ed45-4607-912d-f49f9cee1bc5@group-36088DDF0A28-LeaderElection5] INFO  server.RaftServerConfigKeys (ConfUtils.java:logGet(43)) - raft.server.watch.element-limit = 65536 (default)
2019-10-03 08:05:12,580 [d7cf2482-ed45-4607-912d-f49f9cee1bc5@group-36088DDF0A28-LeaderElection5] INFO  impl.RoleInfo (RoleInfo.java:updateAndGet(143)) - d7cf2482-ed45-4607-912d-f49f9cee1bc5: start LeaderState
2019-10-03 08:05:12,581 [d7cf2482-ed45-4607-912d-f49f9cee1bc5@group-36088DDF0A28-LeaderElection5] INFO  segmented.SegmentedRaftLogWorker (SegmentedRaftLogWorker.java:startLogSegment(385)) - d7cf2482-ed45-4607-912d-f49f9cee1bc5@group-36088DDF0A28-SegmentedRaftLogWorker: Starting segment from index:0
2019-10-03 08:05:12,581 [d7cf2482-ed45-4607-912d-f49f9cee1bc5@group-36088DDF0A28-LeaderElection5] INFO  impl.RaftServerImpl (ServerState.java:setRaftConf(356)) - d7cf2482-ed45-4607-912d-f49f9cee1bc5@group-36088DDF0A28: set configuration 0: [d7cf2482-ed45-4607-912d-f49f9cee1bc5:192.168.151.98:34953], old=null at 0
2019-10-03 08:05:12,621 [53d3c6ae-db99-4dd0-8c0e-a3e43b0ef8d7@group-B39BE4E7240A-SegmentedRaftLogWorker] INFO  segmented.SegmentedRaftLogWorker (SegmentedRaftLogWorker.java:execute(574)) - 53d3c6ae-db99-4dd0-8c0e-a3e43b0ef8d7@group-B39BE4E7240A-SegmentedRaftLogWorker: created new log segment /workdir/hadoop-ozone/integration-test/target/test-dir/MiniOzoneClusterImpl-30c11ea8-6136-4681-9d86-0e3c89bd7a94/datanode-6/data/ratis/07a2ff3b-dc0a-4208-a1e9-b39be4e7240a/current/log_inprogress_0
2019-10-03 08:05:12,622 [Thread-255] INFO  impl.FollowerState (FollowerState.java:run(108)) - e81eb3a3-08d8-4434-b65f-c3267db03600@group-3554BFC2611A-FollowerState: change to CANDIDATE, lastRpcTime:5055ms, electionTimeout:5055ms
2019-10-03 08:05:12,622 [Thread-255] INFO  impl.RoleInfo (RoleInfo.java:shutdownFollowerState(121)) - e81eb3a3-08d8-4434-b65f-c3267db03600: shutdown FollowerState
2019-10-03 08:05:12,622 [Thread-255] INFO  impl.RaftServerImpl (RaftServerImpl.java:setRole(170)) - e81eb3a3-08d8-4434-b65f-c3267db03600@group-3554BFC2611A: changes role from  FOLLOWER to CANDIDATE at term 0 for changeToCandidate
2019-10-03 08:05:12,622 [Thread-255] INFO  impl.RoleInfo (RoleInfo.java:updateAndGet(143)) - e81eb3a3-08d8-4434-b65f-c3267db03600: start LeaderElection
2019-10-03 08:05:12,629 [d7cf2482-ed45-4607-912d-f49f9cee1bc5@group-36088DDF0A28-SegmentedRaftLogWorker] INFO  segmented.SegmentedRaftLogWorker (SegmentedRaftLogWorker.java:execute(574)) - d7cf2482-ed45-4607-912d-f49f9cee1bc5@group-36088DDF0A28-SegmentedRaftLogWorker: created new log segment /workdir/hadoop-ozone/integration-test/target/test-dir/MiniOzoneClusterImpl-30c11ea8-6136-4681-9d86-0e3c89bd7a94/datanode-5/data/ratis/5888f62f-1b3d-4a8e-8385-36088ddf0a28/current/log_inprogress_0
2019-10-03 08:05:12,651 [e81eb3a3-08d8-4434-b65f-c3267db03600@group-3554BFC2611A-LeaderElection6] INFO  impl.LeaderElection (LeaderElection.java:askForVotes(178)) - e81eb3a3-08d8-4434-b65f-c3267db03600@group-3554BFC2611A-LeaderElection6: begin an election at term 1 for -1: [e81eb3a3-08d8-4434-b65f-c3267db03600:192.168.151.98:46178], old=null
2019-10-03 08:05:12,651 [e81eb3a3-08d8-4434-b65f-c3267db03600@group-3554BFC2611A-LeaderElection6] INFO  impl.RoleInfo (RoleInfo.java:shutdownLeaderElection(134)) - e81eb3a3-08d8-4434-b65f-c3267db03600: shutdown LeaderElection
2019-10-03 08:05:12,651 [e81eb3a3-08d8-4434-b65f-c3267db03600@group-3554BFC2611A-LeaderElection6] INFO  impl.RaftServerImpl (RaftServerImpl.java:setRole(170)) - e81eb3a3-08d8-4434-b65f-c3267db03600@group-3554BFC2611A: changes role from CANDIDATE to LEADER at term 1 for changeToLeader
2019-10-03 08:05:12,651 [e81eb3a3-08d8-4434-b65f-c3267db03600@group-3554BFC2611A-LeaderElection6] INFO  impl.RaftServerImpl (ServerState.java:setLeader(255)) - e81eb3a3-08d8-4434-b65f-c3267db03600@group-3554BFC2611A: change Leader from null to e81eb3a3-08d8-4434-b65f-c3267db03600 at term 1 for becomeLeader, leader elected after 5095ms
2019-10-03 08:05:12,653 [e81eb3a3-08d8-4434-b65f-c3267db03600@group-3554BFC2611A-LeaderElection6] INFO  server.RaftServerConfigKeys (ConfUtils.java:logGet(43)) - raft.server.staging.catchup.gap = 1000 (default)
2019-10-03 08:05:12,653 [e81eb3a3-08d8-4434-b65f-c3267db03600@group-3554BFC2611A-LeaderElection6] INFO  server.RaftServerConfigKeys (ConfUtils.java:logGet(43)) - raft.server.rpc.sleep.time = 25ms (default)
2019-10-03 08:05:12,653 [e81eb3a3-08d8-4434-b65f-c3267db03600@group-3554BFC2611A-LeaderElection6] INFO  server.RaftServerConfigKeys (ConfUtils.java:logGet(43)) - raft.server.write.element-limit = 4096 (default)
2019-10-03 08:05:12,654 [e81eb3a3-08d8-4434-b65f-c3267db03600@group-3554BFC2611A-LeaderElection6] INFO  server.RaftServerConfigKeys (ConfUtils.java:logGet(43)) - raft.server.watch.timeout = 10s (default)
2019-10-03 08:05:12,654 [e81eb3a3-08d8-4434-b65f-c3267db03600@group-3554BFC2611A-LeaderElection6] INFO  server.RaftServerConfigKeys (ConfUtils.java:logGet(43)) - raft.server.watch.timeout.denomination = 1s (default)
2019-10-03 08:05:12,654 [e81eb3a3-08d8-4434-b65f-c3267db03600@group-3554BFC2611A-LeaderElection6] INFO  server.RaftServerConfigKeys (ConfUtils.java:logGet(43)) - raft.server.watch.element-limit = 65536 (default)
2019-10-03 08:05:12,657 [e81eb3a3-08d8-4434-b65f-c3267db03600@group-3554BFC2611A-LeaderElection6] INFO  impl.RoleInfo (RoleInfo.java:updateAndGet(143)) - e81eb3a3-08d8-4434-b65f-c3267db03600: start LeaderState
2019-10-03 08:05:12,657 [e81eb3a3-08d8-4434-b65f-c3267db03600@group-3554BFC2611A-LeaderElection6] INFO  segmented.SegmentedRaftLogWorker (SegmentedRaftLogWorker.java:startLogSegment(385)) - e81eb3a3-08d8-4434-b65f-c3267db03600@group-3554BFC2611A-SegmentedRaftLogWorker: Starting segment from index:0
2019-10-03 08:05:12,658 [e81eb3a3-08d8-4434-b65f-c3267db03600@group-3554BFC2611A-LeaderElection6] INFO  impl.RaftServerImpl (ServerState.java:setRaftConf(356)) - e81eb3a3-08d8-4434-b65f-c3267db03600@group-3554BFC2611A: set configuration 0: [e81eb3a3-08d8-4434-b65f-c3267db03600:192.168.151.98:46178], old=null at 0
2019-10-03 08:05:12,709 [Thread-258] INFO  impl.FollowerState (FollowerState.java:run(108)) - ee7df43b-d832-481d-a193-5533cb2ab68e@group-0B10900C5904-FollowerState: change to CANDIDATE, lastRpcTime:5049ms, electionTimeout:5049ms
2019-10-03 08:05:12,709 [Thread-258] INFO  impl.RoleInfo (RoleInfo.java:shutdownFollowerState(121)) - ee7df43b-d832-481d-a193-5533cb2ab68e: shutdown FollowerState
2019-10-03 08:05:12,709 [Thread-258] INFO  impl.RaftServerImpl (RaftServerImpl.java:setRole(170)) - ee7df43b-d832-481d-a193-5533cb2ab68e@group-0B10900C5904: changes role from  FOLLOWER to CANDIDATE at term 0 for changeToCandidate
2019-10-03 08:05:12,710 [Thread-258] INFO  impl.RoleInfo (RoleInfo.java:updateAndGet(143)) - ee7df43b-d832-481d-a193-5533cb2ab68e: start LeaderElection
2019-10-03 08:05:12,721 [e81eb3a3-08d8-4434-b65f-c3267db03600@group-3554BFC2611A-SegmentedRaftLogWorker] INFO  segmented.SegmentedRaftLogWorker (SegmentedRaftLogWorker.java:execute(574)) - e81eb3a3-08d8-4434-b65f-c3267db03600@group-3554BFC2611A-SegmentedRaftLogWorker: created new log segment /workdir/hadoop-ozone/integration-test/target/test-dir/MiniOzoneClusterImpl-30c11ea8-6136-4681-9d86-0e3c89bd7a94/datanode-2/data/ratis/ab41e78f-e916-49b5-a483-3554bfc2611a/current/log_inprogress_0
2019-10-03 08:05:12,724 [ee7df43b-d832-481d-a193-5533cb2ab68e@group-0B10900C5904-LeaderElection7] INFO  impl.LeaderElection (LeaderElection.java:askForVotes(178)) - ee7df43b-d832-481d-a193-5533cb2ab68e@group-0B10900C5904-LeaderElection7: begin an election at term 1 for -1: [ee7df43b-d832-481d-a193-5533cb2ab68e:192.168.151.98:33309], old=null
2019-10-03 08:05:12,724 [ee7df43b-d832-481d-a193-5533cb2ab68e@group-0B10900C5904-LeaderElection7] INFO  impl.RoleInfo (RoleInfo.java:shutdownLeaderElection(134)) - ee7df43b-d832-481d-a193-5533cb2ab68e: shutdown LeaderElection
2019-10-03 08:05:12,724 [ee7df43b-d832-481d-a193-5533cb2ab68e@group-0B10900C5904-LeaderElection7] INFO  impl.RaftServerImpl (RaftServerImpl.java:setRole(170)) - ee7df43b-d832-481d-a193-5533cb2ab68e@group-0B10900C5904: changes role from CANDIDATE to LEADER at term 1 for changeToLeader
2019-10-03 08:05:12,725 [ee7df43b-d832-481d-a193-5533cb2ab68e@group-0B10900C5904-LeaderElection7] INFO  impl.RaftServerImpl (ServerState.java:setLeader(255)) - ee7df43b-d832-481d-a193-5533cb2ab68e@group-0B10900C5904: change Leader from null to ee7df43b-d832-481d-a193-5533cb2ab68e at term 1 for becomeLeader, leader elected after 5079ms
2019-10-03 08:05:12,726 [ee7df43b-d832-481d-a193-5533cb2ab68e@group-0B10900C5904-LeaderElection7] INFO  server.RaftServerConfigKeys (ConfUtils.java:logGet(43)) - raft.server.staging.catchup.gap = 1000 (default)
2019-10-03 08:05:12,726 [ee7df43b-d832-481d-a193-5533cb2ab68e@group-0B10900C5904-LeaderElection7] INFO  server.RaftServerConfigKeys (ConfUtils.java:logGet(43)) - raft.server.rpc.sleep.time = 25ms (default)
2019-10-03 08:05:12,727 [ee7df43b-d832-481d-a193-5533cb2ab68e@group-0B10900C5904-LeaderElection7] INFO  server.RaftServerConfigKeys (ConfUtils.java:logGet(43)) - raft.server.write.element-limit = 4096 (default)
2019-10-03 08:05:12,727 [ee7df43b-d832-481d-a193-5533cb2ab68e@group-0B10900C5904-LeaderElection7] INFO  server.RaftServerConfigKeys (ConfUtils.java:logGet(43)) - raft.server.watch.timeout = 10s (default)
2019-10-03 08:05:12,727 [ee7df43b-d832-481d-a193-5533cb2ab68e@group-0B10900C5904-LeaderElection7] INFO  server.RaftServerConfigKeys (ConfUtils.java:logGet(43)) - raft.server.watch.timeout.denomination = 1s (default)
2019-10-03 08:05:12,727 [ee7df43b-d832-481d-a193-5533cb2ab68e@group-0B10900C5904-LeaderElection7] INFO  server.RaftServerConfigKeys (ConfUtils.java:logGet(43)) - raft.server.watch.element-limit = 65536 (default)
2019-10-03 08:05:12,730 [ee7df43b-d832-481d-a193-5533cb2ab68e@group-0B10900C5904-LeaderElection7] INFO  impl.RoleInfo (RoleInfo.java:updateAndGet(143)) - ee7df43b-d832-481d-a193-5533cb2ab68e: start LeaderState
2019-10-03 08:05:12,731 [ee7df43b-d832-481d-a193-5533cb2ab68e@group-0B10900C5904-LeaderElection7] INFO  segmented.SegmentedRaftLogWorker (SegmentedRaftLogWorker.java:startLogSegment(385)) - ee7df43b-d832-481d-a193-5533cb2ab68e@group-0B10900C5904-SegmentedRaftLogWorker: Starting segment from index:0
2019-10-03 08:05:12,732 [ee7df43b-d832-481d-a193-5533cb2ab68e@group-0B10900C5904-LeaderElection7] INFO  impl.RaftServerImpl (ServerState.java:setRaftConf(356)) - ee7df43b-d832-481d-a193-5533cb2ab68e@group-0B10900C5904: set configuration 0: [ee7df43b-d832-481d-a193-5533cb2ab68e:192.168.151.98:33309], old=null at 0
2019-10-03 08:05:12,795 [ee7df43b-d832-481d-a193-5533cb2ab68e@group-0B10900C5904-SegmentedRaftLogWorker] INFO  segmented.SegmentedRaftLogWorker (SegmentedRaftLogWorker.java:execute(574)) - ee7df43b-d832-481d-a193-5533cb2ab68e@group-0B10900C5904-SegmentedRaftLogWorker: created new log segment /workdir/hadoop-ozone/integration-test/target/test-dir/MiniOzoneClusterImpl-30c11ea8-6136-4681-9d86-0e3c89bd7a94/datanode-1/data/ratis/50934e8a-d213-46cf-a66f-0b10900c5904/current/log_inprogress_0
2019-10-03 08:05:12,902 [Thread-265] INFO  impl.FollowerState (FollowerState.java:run(108)) - 9b557557-b0be-413c-b212-b08725bb712a@group-B016A05F4E6A-FollowerState: change to CANDIDATE, lastRpcTime:5107ms, electionTimeout:5107ms
2019-10-03 08:05:12,902 [Thread-265] INFO  impl.RoleInfo (RoleInfo.java:shutdownFollowerState(121)) - 9b557557-b0be-413c-b212-b08725bb712a: shutdown FollowerState
2019-10-03 08:05:12,902 [Thread-265] INFO  impl.RaftServerImpl (RaftServerImpl.java:setRole(170)) - 9b557557-b0be-413c-b212-b08725bb712a@group-B016A05F4E6A: changes role from  FOLLOWER to CANDIDATE at term 0 for changeToCandidate
2019-10-03 08:05:12,903 [Thread-265] INFO  impl.RoleInfo (RoleInfo.java:updateAndGet(143)) - 9b557557-b0be-413c-b212-b08725bb712a: start LeaderElection
2019-10-03 08:05:12,921 [9b557557-b0be-413c-b212-b08725bb712a@group-B016A05F4E6A-LeaderElection8] INFO  impl.LeaderElection (LeaderElection.java:askForVotes(178)) - 9b557557-b0be-413c-b212-b08725bb712a@group-B016A05F4E6A-LeaderElection8: begin an election at term 1 for -1: [d7cf2482-ed45-4607-912d-f49f9cee1bc5:192.168.151.98:34953, 2ab5f8f3-6b97-406f-a282-d8983dd7b0b3:192.168.151.98:45294, 9b557557-b0be-413c-b212-b08725bb712a:192.168.151.98:45590], old=null
2019-10-03 08:05:12,949 [grpc-default-executor-2] INFO  impl.RaftServerImpl (RaftServerImpl.java:setRole(170)) - d7cf2482-ed45-4607-912d-f49f9cee1bc5@group-B016A05F4E6A: changes role from  FOLLOWER to FOLLOWER at term 1 for recognizeCandidate:9b557557-b0be-413c-b212-b08725bb712a
2019-10-03 08:05:12,949 [grpc-default-executor-1] INFO  impl.RaftServerImpl (RaftServerImpl.java:setRole(170)) - 2ab5f8f3-6b97-406f-a282-d8983dd7b0b3@group-B016A05F4E6A: changes role from  FOLLOWER to FOLLOWER at term 1 for recognizeCandidate:9b557557-b0be-413c-b212-b08725bb712a
2019-10-03 08:05:12,950 [grpc-default-executor-2] INFO  impl.RoleInfo (RoleInfo.java:shutdownFollowerState(121)) - d7cf2482-ed45-4607-912d-f49f9cee1bc5: shutdown FollowerState
2019-10-03 08:05:12,950 [grpc-default-executor-1] INFO  impl.RoleInfo (RoleInfo.java:shutdownFollowerState(121)) - 2ab5f8f3-6b97-406f-a282-d8983dd7b0b3: shutdown FollowerState
2019-10-03 08:05:12,950 [Thread-263] INFO  impl.FollowerState (FollowerState.java:run(117)) - d7cf2482-ed45-4607-912d-f49f9cee1bc5@group-B016A05F4E6A-FollowerState was interrupted: java.lang.InterruptedException: sleep interrupted
2019-10-03 08:05:12,950 [grpc-default-executor-1] INFO  impl.RoleInfo (RoleInfo.java:updateAndGet(143)) - 2ab5f8f3-6b97-406f-a282-d8983dd7b0b3: start FollowerState
2019-10-03 08:05:12,950 [grpc-default-executor-2] INFO  impl.RoleInfo (RoleInfo.java:updateAndGet(143)) - d7cf2482-ed45-4607-912d-f49f9cee1bc5: start FollowerState
2019-10-03 08:05:12,976 [Thread-274] INFO  impl.FollowerState (FollowerState.java:run(108)) - 53d3c6ae-db99-4dd0-8c0e-a3e43b0ef8d7@group-CE73895DF442-FollowerState: change to CANDIDATE, lastRpcTime:5014ms, electionTimeout:5013ms
2019-10-03 08:05:12,976 [Thread-273] INFO  impl.FollowerState (FollowerState.java:run(108)) - e81eb3a3-08d8-4434-b65f-c3267db03600@group-CE73895DF442-FollowerState: change to CANDIDATE, lastRpcTime:5024ms, electionTimeout:5024ms
2019-10-03 08:05:12,976 [Thread-274] INFO  impl.RoleInfo (RoleInfo.java:shutdownFollowerState(121)) - 53d3c6ae-db99-4dd0-8c0e-a3e43b0ef8d7: shutdown FollowerState
2019-10-03 08:05:12,976 [Thread-273] INFO  impl.RoleInfo (RoleInfo.java:shutdownFollowerState(121)) - e81eb3a3-08d8-4434-b65f-c3267db03600: shutdown FollowerState
2019-10-03 08:05:12,976 [Thread-274] INFO  impl.RaftServerImpl (RaftServerImpl.java:setRole(170)) - 53d3c6ae-db99-4dd0-8c0e-a3e43b0ef8d7@group-CE73895DF442: changes role from  FOLLOWER to CANDIDATE at term 0 for changeToCandidate
2019-10-03 08:05:12,976 [Thread-273] INFO  impl.RaftServerImpl (RaftServerImpl.java:setRole(170)) - e81eb3a3-08d8-4434-b65f-c3267db03600@group-CE73895DF442: changes role from  FOLLOWER to CANDIDATE at term 0 for changeToCandidate
2019-10-03 08:05:12,977 [Thread-274] INFO  impl.RoleInfo (RoleInfo.java:updateAndGet(143)) - 53d3c6ae-db99-4dd0-8c0e-a3e43b0ef8d7: start LeaderElection
2019-10-03 08:05:12,978 [Thread-273] INFO  impl.RoleInfo (RoleInfo.java:updateAndGet(143)) - e81eb3a3-08d8-4434-b65f-c3267db03600: start LeaderElection
2019-10-03 08:05:12,991 [9b557557-b0be-413c-b212-b08725bb712a@group-B016A05F4E6A-LeaderElection8] INFO  impl.LeaderElection (LeaderElection.java:logAndReturn(56)) - 9b557557-b0be-413c-b212-b08725bb712a@group-B016A05F4E6A-LeaderElection8: Election PASSED; received 1 response(s) [9b557557-b0be-413c-b212-b08725bb712a<-2ab5f8f3-6b97-406f-a282-d8983dd7b0b3#0:OK-t1] and 0 exception(s); 9b557557-b0be-413c-b212-b08725bb712a@group-B016A05F4E6A:t1, leader=null, voted=9b557557-b0be-413c-b212-b08725bb712a, raftlog=9b557557-b0be-413c-b212-b08725bb712a@group-B016A05F4E6A-SegmentedRaftLog:OPENED:c-1,f-1,i0, conf=-1: [d7cf2482-ed45-4607-912d-f49f9cee1bc5:192.168.151.98:34953, 2ab5f8f3-6b97-406f-a282-d8983dd7b0b3:192.168.151.98:45294, 9b557557-b0be-413c-b212-b08725bb712a:192.168.151.98:45590], old=null
2019-10-03 08:05:12,991 [9b557557-b0be-413c-b212-b08725bb712a@group-B016A05F4E6A-LeaderElection8] INFO  impl.RoleInfo (RoleInfo.java:shutdownLeaderElection(134)) - 9b557557-b0be-413c-b212-b08725bb712a: shutdown LeaderElection
2019-10-03 08:05:12,991 [9b557557-b0be-413c-b212-b08725bb712a@group-B016A05F4E6A-LeaderElection8] INFO  impl.RaftServerImpl (RaftServerImpl.java:setRole(170)) - 9b557557-b0be-413c-b212-b08725bb712a@group-B016A05F4E6A: changes role from CANDIDATE to LEADER at term 1 for changeToLeader
2019-10-03 08:05:12,994 [9b557557-b0be-413c-b212-b08725bb712a@group-B016A05F4E6A-LeaderElection8] INFO  impl.RaftServerImpl (ServerState.java:setLeader(255)) - 9b557557-b0be-413c-b212-b08725bb712a@group-B016A05F4E6A: change Leader from null to 9b557557-b0be-413c-b212-b08725bb712a at term 1 for becomeLeader, leader elected after 5219ms
2019-10-03 08:05:12,994 [9b557557-b0be-413c-b212-b08725bb712a@group-B016A05F4E6A-LeaderElection8] INFO  server.RaftServerConfigKeys (ConfUtils.java:logGet(43)) - raft.server.staging.catchup.gap = 1000 (default)
2019-10-03 08:05:12,994 [9b557557-b0be-413c-b212-b08725bb712a@group-B016A05F4E6A-LeaderElection8] INFO  server.RaftServerConfigKeys (ConfUtils.java:logGet(43)) - raft.server.rpc.sleep.time = 25ms (default)
2019-10-03 08:05:12,994 [9b557557-b0be-413c-b212-b08725bb712a@group-B016A05F4E6A-LeaderElection8] INFO  server.RaftServerConfigKeys (ConfUtils.java:logGet(43)) - raft.server.write.element-limit = 4096 (default)
2019-10-03 08:05:12,994 [9b557557-b0be-413c-b212-b08725bb712a@group-B016A05F4E6A-LeaderElection8] INFO  server.RaftServerConfigKeys (ConfUtils.java:logGet(43)) - raft.server.watch.timeout = 10s (default)
2019-10-03 08:05:12,995 [9b557557-b0be-413c-b212-b08725bb712a@group-B016A05F4E6A-LeaderElection8] INFO  server.RaftServerConfigKeys (ConfUtils.java:logGet(43)) - raft.server.watch.timeout.denomination = 1s (default)
2019-10-03 08:05:12,995 [9b557557-b0be-413c-b212-b08725bb712a@group-B016A05F4E6A-LeaderElection8] INFO  server.RaftServerConfigKeys (ConfUtils.java:logGet(43)) - raft.server.watch.element-limit = 65536 (default)
2019-10-03 08:05:13,002 [9b557557-b0be-413c-b212-b08725bb712a@group-B016A05F4E6A-LeaderElection8] INFO  server.RaftServerConfigKeys (ConfUtils.java:logGet(43)) - raft.server.log.appender.snapshot.chunk.size.max = 16MB (=16777216) (default)
2019-10-03 08:05:13,002 [9b557557-b0be-413c-b212-b08725bb712a@group-B016A05F4E6A-LeaderElection8] INFO  server.RaftServerConfigKeys (ConfUtils.java:logGet(43)) - raft.server.log.appender.buffer.byte-limit = 33554432 (custom)
2019-10-03 08:05:13,003 [9b557557-b0be-413c-b212-b08725bb712a@group-B016A05F4E6A-LeaderElection8] INFO  server.RaftServerConfigKeys (ConfUtils.java:logGet(43)) - raft.server.log.appender.buffer.element-limit = 1 (custom)
2019-10-03 08:05:13,003 [53d3c6ae-db99-4dd0-8c0e-a3e43b0ef8d7@group-CE73895DF442-LeaderElection9] INFO  impl.LeaderElection (LeaderElection.java:askForVotes(178)) - 53d3c6ae-db99-4dd0-8c0e-a3e43b0ef8d7@group-CE73895DF442-LeaderElection9: begin an election at term 1 for -1: [53d3c6ae-db99-4dd0-8c0e-a3e43b0ef8d7:192.168.151.98:43527, 4754d0d8-8434-40a3-99e5-ebfd08159131:192.168.151.98:39588, e81eb3a3-08d8-4434-b65f-c3267db03600:192.168.151.98:46178], old=null
2019-10-03 08:05:13,003 [e81eb3a3-08d8-4434-b65f-c3267db03600@group-CE73895DF442-LeaderElection10] INFO  impl.LeaderElection (LeaderElection.java:askForVotes(178)) - e81eb3a3-08d8-4434-b65f-c3267db03600@group-CE73895DF442-LeaderElection10: begin an election at term 1 for -1: [53d3c6ae-db99-4dd0-8c0e-a3e43b0ef8d7:192.168.151.98:43527, 4754d0d8-8434-40a3-99e5-ebfd08159131:192.168.151.98:39588, e81eb3a3-08d8-4434-b65f-c3267db03600:192.168.151.98:46178], old=null
2019-10-03 08:05:13,018 [9b557557-b0be-413c-b212-b08725bb712a@group-B016A05F4E6A-LeaderElection8] INFO  grpc.GrpcConfigKeys$Server (ConfUtils.java:logGet(43)) - raft.grpc.server.leader.outstanding.appends.max = 128 (default)
2019-10-03 08:05:13,018 [9b557557-b0be-413c-b212-b08725bb712a@group-B016A05F4E6A-LeaderElection8] INFO  server.RaftServerConfigKeys (ConfUtils.java:logGet(43)) - raft.server.rpc.request.timeout = 3000ms (default)
2019-10-03 08:05:13,019 [9b557557-b0be-413c-b212-b08725bb712a@group-B016A05F4E6A-LeaderElection8] INFO  server.RaftServerConfigKeys (ConfUtils.java:logGet(43)) - raft.server.log.appender.install.snapshot.enabled = false (custom)
2019-10-03 08:05:13,020 [9b557557-b0be-413c-b212-b08725bb712a@group-B016A05F4E6A-LeaderElection8] INFO  server.RaftServerConfigKeys (ConfUtils.java:logGet(43)) - raft.server.log.appender.snapshot.chunk.size.max = 16MB (=16777216) (default)
2019-10-03 08:05:13,020 [9b557557-b0be-413c-b212-b08725bb712a@group-B016A05F4E6A-LeaderElection8] INFO  server.RaftServerConfigKeys (ConfUtils.java:logGet(43)) - raft.server.log.appender.buffer.byte-limit = 33554432 (custom)
2019-10-03 08:05:13,020 [9b557557-b0be-413c-b212-b08725bb712a@group-B016A05F4E6A-LeaderElection8] INFO  server.RaftServerConfigKeys (ConfUtils.java:logGet(43)) - raft.server.log.appender.buffer.element-limit = 1 (custom)
2019-10-03 08:05:13,020 [9b557557-b0be-413c-b212-b08725bb712a@group-B016A05F4E6A-LeaderElection8] INFO  grpc.GrpcConfigKeys$Server (ConfUtils.java:logGet(43)) - raft.grpc.server.leader.outstanding.appends.max = 128 (default)
2019-10-03 08:05:13,020 [9b557557-b0be-413c-b212-b08725bb712a@group-B016A05F4E6A-LeaderElection8] INFO  server.RaftServerConfigKeys (ConfUtils.java:logGet(43)) - raft.server.rpc.request.timeout = 3000ms (default)
2019-10-03 08:05:13,021 [9b557557-b0be-413c-b212-b08725bb712a@group-B016A05F4E6A-LeaderElection8] INFO  server.RaftServerConfigKeys (ConfUtils.java:logGet(43)) - raft.server.log.appender.install.snapshot.enabled = false (custom)
2019-10-03 08:05:13,027 [9b557557-b0be-413c-b212-b08725bb712a@group-B016A05F4E6A-LeaderElection8] INFO  impl.RoleInfo (RoleInfo.java:updateAndGet(143)) - 9b557557-b0be-413c-b212-b08725bb712a: start LeaderState
2019-10-03 08:05:13,028 [9b557557-b0be-413c-b212-b08725bb712a@group-B016A05F4E6A-LeaderElection8] INFO  segmented.SegmentedRaftLogWorker (SegmentedRaftLogWorker.java:startLogSegment(385)) - 9b557557-b0be-413c-b212-b08725bb712a@group-B016A05F4E6A-SegmentedRaftLogWorker: Starting segment from index:0
2019-10-03 08:05:13,075 [9b557557-b0be-413c-b212-b08725bb712a@group-B016A05F4E6A-LeaderElection8] INFO  impl.RaftServerImpl (ServerState.java:setRaftConf(356)) - 9b557557-b0be-413c-b212-b08725bb712a@group-B016A05F4E6A: set configuration 0: [d7cf2482-ed45-4607-912d-f49f9cee1bc5:192.168.151.98:34953, 2ab5f8f3-6b97-406f-a282-d8983dd7b0b3:192.168.151.98:45294, 9b557557-b0be-413c-b212-b08725bb712a:192.168.151.98:45590], old=null at 0
2019-10-03 08:05:13,085 [grpc-default-executor-3] INFO  impl.RaftServerImpl (RaftServerImpl.java:setRole(170)) - 4754d0d8-8434-40a3-99e5-ebfd08159131@group-CE73895DF442: changes role from  FOLLOWER to FOLLOWER at term 1 for recognizeCandidate:53d3c6ae-db99-4dd0-8c0e-a3e43b0ef8d7
2019-10-03 08:05:13,085 [9b557557-b0be-413c-b212-b08725bb712a@group-B016A05F4E6A-SegmentedRaftLogWorker] INFO  segmented.SegmentedRaftLogWorker (SegmentedRaftLogWorker.java:execute(574)) - 9b557557-b0be-413c-b212-b08725bb712a@group-B016A05F4E6A-SegmentedRaftLogWorker: created new log segment /workdir/hadoop-ozone/integration-test/target/test-dir/MiniOzoneClusterImpl-30c11ea8-6136-4681-9d86-0e3c89bd7a94/datanode-4/data/ratis/f79d2e21-22e9-4026-8ca2-b016a05f4e6a/current/log_inprogress_0
2019-10-03 08:05:13,085 [grpc-default-executor-3] INFO  impl.RoleInfo (RoleInfo.java:shutdownFollowerState(121)) - 4754d0d8-8434-40a3-99e5-ebfd08159131: shutdown FollowerState
2019-10-03 08:05:13,085 [grpc-default-executor-3] INFO  impl.RoleInfo (RoleInfo.java:updateAndGet(143)) - 4754d0d8-8434-40a3-99e5-ebfd08159131: start FollowerState
2019-10-03 08:05:13,086 [Thread-275] INFO  impl.FollowerState (FollowerState.java:run(117)) - 4754d0d8-8434-40a3-99e5-ebfd08159131@group-CE73895DF442-FollowerState was interrupted: java.lang.InterruptedException: sleep interrupted
2019-10-03 08:05:13,103 [53d3c6ae-db99-4dd0-8c0e-a3e43b0ef8d7@group-CE73895DF442-LeaderElection9] INFO  impl.LeaderElection (LeaderElection.java:logAndReturn(56)) - 53d3c6ae-db99-4dd0-8c0e-a3e43b0ef8d7@group-CE73895DF442-LeaderElection9: Election PASSED; received 2 response(s) [53d3c6ae-db99-4dd0-8c0e-a3e43b0ef8d7<-4754d0d8-8434-40a3-99e5-ebfd08159131#0:OK-t1, 53d3c6ae-db99-4dd0-8c0e-a3e43b0ef8d7<-e81eb3a3-08d8-4434-b65f-c3267db03600#0:FAIL-t1] and 0 exception(s); 53d3c6ae-db99-4dd0-8c0e-a3e43b0ef8d7@group-CE73895DF442:t1, leader=null, voted=53d3c6ae-db99-4dd0-8c0e-a3e43b0ef8d7, raftlog=53d3c6ae-db99-4dd0-8c0e-a3e43b0ef8d7@group-CE73895DF442-SegmentedRaftLog:OPENED:c-1,f-1,i0, conf=-1: [53d3c6ae-db99-4dd0-8c0e-a3e43b0ef8d7:192.168.151.98:43527, 4754d0d8-8434-40a3-99e5-ebfd08159131:192.168.151.98:39588, e81eb3a3-08d8-4434-b65f-c3267db03600:192.168.151.98:46178], old=null
2019-10-03 08:05:13,105 [53d3c6ae-db99-4dd0-8c0e-a3e43b0ef8d7@group-CE73895DF442-LeaderElection9] INFO  impl.RoleInfo (RoleInfo.java:shutdownLeaderElection(134)) - 53d3c6ae-db99-4dd0-8c0e-a3e43b0ef8d7: shutdown LeaderElection
2019-10-03 08:05:13,107 [53d3c6ae-db99-4dd0-8c0e-a3e43b0ef8d7@group-CE73895DF442-LeaderElection9] INFO  impl.RaftServerImpl (RaftServerImpl.java:setRole(170)) - 53d3c6ae-db99-4dd0-8c0e-a3e43b0ef8d7@group-CE73895DF442: changes role from CANDIDATE to LEADER at term 1 for changeToLeader
2019-10-03 08:05:13,107 [53d3c6ae-db99-4dd0-8c0e-a3e43b0ef8d7@group-CE73895DF442-LeaderElection9] INFO  impl.RaftServerImpl (ServerState.java:setLeader(255)) - 53d3c6ae-db99-4dd0-8c0e-a3e43b0ef8d7@group-CE73895DF442: change Leader from null to 53d3c6ae-db99-4dd0-8c0e-a3e43b0ef8d7 at term 1 for becomeLeader, leader elected after 5170ms
2019-10-03 08:05:13,111 [e81eb3a3-08d8-4434-b65f-c3267db03600@group-CE73895DF442-LeaderElection10] INFO  impl.LeaderElection (LeaderElection.java:logAndReturn(56)) - e81eb3a3-08d8-4434-b65f-c3267db03600@group-CE73895DF442-LeaderElection10: Election REJECTED; received 2 response(s) [e81eb3a3-08d8-4434-b65f-c3267db03600<-53d3c6ae-db99-4dd0-8c0e-a3e43b0ef8d7#0:FAIL-t1, e81eb3a3-08d8-4434-b65f-c3267db03600<-4754d0d8-8434-40a3-99e5-ebfd08159131#0:FAIL-t1] and 0 exception(s); e81eb3a3-08d8-4434-b65f-c3267db03600@group-CE73895DF442:t1, leader=null, voted=e81eb3a3-08d8-4434-b65f-c3267db03600, raftlog=e81eb3a3-08d8-4434-b65f-c3267db03600@group-CE73895DF442-SegmentedRaftLog:OPENED:c-1,f-1,i0, conf=-1: [53d3c6ae-db99-4dd0-8c0e-a3e43b0ef8d7:192.168.151.98:43527, 4754d0d8-8434-40a3-99e5-ebfd08159131:192.168.151.98:39588, e81eb3a3-08d8-4434-b65f-c3267db03600:192.168.151.98:46178], old=null
2019-10-03 08:05:13,113 [53d3c6ae-db99-4dd0-8c0e-a3e43b0ef8d7@group-CE73895DF442-LeaderElection9] INFO  server.RaftServerConfigKeys (ConfUtils.java:logGet(43)) - raft.server.staging.catchup.gap = 1000 (default)
2019-10-03 08:05:13,113 [e81eb3a3-08d8-4434-b65f-c3267db03600@group-CE73895DF442-LeaderElection10] INFO  impl.RaftServerImpl (RaftServerImpl.java:setRole(170)) - e81eb3a3-08d8-4434-b65f-c3267db03600@group-CE73895DF442: changes role from CANDIDATE to FOLLOWER at term 1 for DISCOVERED_A_NEW_TERM
2019-10-03 08:05:13,113 [53d3c6ae-db99-4dd0-8c0e-a3e43b0ef8d7@group-CE73895DF442-LeaderElection9] INFO  server.RaftServerConfigKeys (ConfUtils.java:logGet(43)) - raft.server.rpc.sleep.time = 25ms (default)
2019-10-03 08:05:13,118 [e81eb3a3-08d8-4434-b65f-c3267db03600@group-CE73895DF442-LeaderElection10] INFO  impl.RoleInfo (RoleInfo.java:shutdownLeaderElection(134)) - e81eb3a3-08d8-4434-b65f-c3267db03600: shutdown LeaderElection
2019-10-03 08:05:13,118 [53d3c6ae-db99-4dd0-8c0e-a3e43b0ef8d7@group-CE73895DF442-LeaderElection9] INFO  server.RaftServerConfigKeys (ConfUtils.java:logGet(43)) - raft.server.write.element-limit = 4096 (default)
2019-10-03 08:05:13,118 [e81eb3a3-08d8-4434-b65f-c3267db03600@group-CE73895DF442-LeaderElection10] INFO  impl.RoleInfo (RoleInfo.java:updateAndGet(143)) - e81eb3a3-08d8-4434-b65f-c3267db03600: start FollowerState
2019-10-03 08:05:13,118 [53d3c6ae-db99-4dd0-8c0e-a3e43b0ef8d7@group-CE73895DF442-LeaderElection9] INFO  server.RaftServerConfigKeys (ConfUtils.java:logGet(43)) - raft.server.watch.timeout = 10s (default)
2019-10-03 08:05:13,120 [53d3c6ae-db99-4dd0-8c0e-a3e43b0ef8d7@group-CE73895DF442-LeaderElection9] INFO  server.RaftServerConfigKeys (ConfUtils.java:logGet(43)) - raft.server.watch.timeout.denomination = 1s (default)
2019-10-03 08:05:13,120 [53d3c6ae-db99-4dd0-8c0e-a3e43b0ef8d7@group-CE73895DF442-LeaderElection9] INFO  server.RaftServerConfigKeys (ConfUtils.java:logGet(43)) - raft.server.watch.element-limit = 65536 (default)
2019-10-03 08:05:13,125 [53d3c6ae-db99-4dd0-8c0e-a3e43b0ef8d7@group-CE73895DF442-LeaderElection9] INFO  server.RaftServerConfigKeys (ConfUtils.java:logGet(43)) - raft.server.log.appender.snapshot.chunk.size.max = 16MB (=16777216) (default)
2019-10-03 08:05:13,125 [53d3c6ae-db99-4dd0-8c0e-a3e43b0ef8d7@group-CE73895DF442-LeaderElection9] INFO  server.RaftServerConfigKeys (ConfUtils.java:logGet(43)) - raft.server.log.appender.buffer.byte-limit = 33554432 (custom)
2019-10-03 08:05:13,125 [53d3c6ae-db99-4dd0-8c0e-a3e43b0ef8d7@group-CE73895DF442-LeaderElection9] INFO  server.RaftServerConfigKeys (ConfUtils.java:logGet(43)) - raft.server.log.appender.buffer.element-limit = 1 (custom)
2019-10-03 08:05:13,126 [53d3c6ae-db99-4dd0-8c0e-a3e43b0ef8d7@group-CE73895DF442-LeaderElection9] INFO  grpc.GrpcConfigKeys$Server (ConfUtils.java:logGet(43)) - raft.grpc.server.leader.outstanding.appends.max = 128 (default)
2019-10-03 08:05:13,128 [53d3c6ae-db99-4dd0-8c0e-a3e43b0ef8d7@group-CE73895DF442-LeaderElection9] INFO  server.RaftServerConfigKeys (ConfUtils.java:logGet(43)) - raft.server.rpc.request.timeout = 3000ms (default)
2019-10-03 08:05:13,128 [53d3c6ae-db99-4dd0-8c0e-a3e43b0ef8d7@group-CE73895DF442-LeaderElection9] INFO  server.RaftServerConfigKeys (ConfUtils.java:logGet(43)) - raft.server.log.appender.install.snapshot.enabled = false (custom)
2019-10-03 08:05:13,130 [53d3c6ae-db99-4dd0-8c0e-a3e43b0ef8d7@group-CE73895DF442-LeaderElection9] INFO  server.RaftServerConfigKeys (ConfUtils.java:logGet(43)) - raft.server.log.appender.snapshot.chunk.size.max = 16MB (=16777216) (default)
2019-10-03 08:05:13,130 [53d3c6ae-db99-4dd0-8c0e-a3e43b0ef8d7@group-CE73895DF442-LeaderElection9] INFO  server.RaftServerConfigKeys (ConfUtils.java:logGet(43)) - raft.server.log.appender.buffer.byte-limit = 33554432 (custom)
2019-10-03 08:05:13,130 [53d3c6ae-db99-4dd0-8c0e-a3e43b0ef8d7@group-CE73895DF442-LeaderElection9] INFO  server.RaftServerConfigKeys (ConfUtils.java:logGet(43)) - raft.server.log.appender.buffer.element-limit = 1 (custom)
2019-10-03 08:05:13,130 [53d3c6ae-db99-4dd0-8c0e-a3e43b0ef8d7@group-CE73895DF442-LeaderElection9] INFO  grpc.GrpcConfigKeys$Server (ConfUtils.java:logGet(43)) - raft.grpc.server.leader.outstanding.appends.max = 128 (default)
2019-10-03 08:05:13,131 [53d3c6ae-db99-4dd0-8c0e-a3e43b0ef8d7@group-CE73895DF442-LeaderElection9] INFO  server.RaftServerConfigKeys (ConfUtils.java:logGet(43)) - raft.server.rpc.request.timeout = 3000ms (default)
2019-10-03 08:05:13,131 [53d3c6ae-db99-4dd0-8c0e-a3e43b0ef8d7@group-CE73895DF442-LeaderElection9] INFO  server.RaftServerConfigKeys (ConfUtils.java:logGet(43)) - raft.server.log.appender.install.snapshot.enabled = false (custom)
2019-10-03 08:05:13,134 [53d3c6ae-db99-4dd0-8c0e-a3e43b0ef8d7@group-CE73895DF442-LeaderElection9] INFO  impl.RoleInfo (RoleInfo.java:updateAndGet(143)) - 53d3c6ae-db99-4dd0-8c0e-a3e43b0ef8d7: start LeaderState
2019-10-03 08:05:13,134 [grpc-default-executor-2] INFO  impl.RaftServerImpl (ServerState.java:setLeader(255)) - d7cf2482-ed45-4607-912d-f49f9cee1bc5@group-B016A05F4E6A: change Leader from null to 9b557557-b0be-413c-b212-b08725bb712a at term 1 for appendEntries, leader elected after 5360ms
2019-10-03 08:05:13,134 [53d3c6ae-db99-4dd0-8c0e-a3e43b0ef8d7@group-CE73895DF442-LeaderElection9] INFO  segmented.SegmentedRaftLogWorker (SegmentedRaftLogWorker.java:startLogSegment(385)) - 53d3c6ae-db99-4dd0-8c0e-a3e43b0ef8d7@group-CE73895DF442-SegmentedRaftLogWorker: Starting segment from index:0
2019-10-03 08:05:13,135 [grpc-default-executor-3] INFO  impl.RaftServerImpl (ServerState.java:setLeader(255)) - 2ab5f8f3-6b97-406f-a282-d8983dd7b0b3@group-B016A05F4E6A: change Leader from null to 9b557557-b0be-413c-b212-b08725bb712a at term 1 for appendEntries, leader elected after 5361ms
2019-10-03 08:05:13,136 [53d3c6ae-db99-4dd0-8c0e-a3e43b0ef8d7@group-CE73895DF442-LeaderElection9] INFO  impl.RaftServerImpl (ServerState.java:setRaftConf(356)) - 53d3c6ae-db99-4dd0-8c0e-a3e43b0ef8d7@group-CE73895DF442: set configuration 0: [53d3c6ae-db99-4dd0-8c0e-a3e43b0ef8d7:192.168.151.98:43527, 4754d0d8-8434-40a3-99e5-ebfd08159131:192.168.151.98:39588, e81eb3a3-08d8-4434-b65f-c3267db03600:192.168.151.98:46178], old=null at 0
2019-10-03 08:05:13,186 [grpc-default-executor-0] INFO  impl.RaftServerImpl (ServerState.java:setLeader(255)) - 4754d0d8-8434-40a3-99e5-ebfd08159131@group-CE73895DF442: change Leader from null to 53d3c6ae-db99-4dd0-8c0e-a3e43b0ef8d7 at term 1 for appendEntries, leader elected after 5248ms
2019-10-03 08:05:13,186 [grpc-default-executor-1] INFO  impl.RaftServerImpl (ServerState.java:setLeader(255)) - e81eb3a3-08d8-4434-b65f-c3267db03600@group-CE73895DF442: change Leader from null to 53d3c6ae-db99-4dd0-8c0e-a3e43b0ef8d7 at term 1 for appendEntries, leader elected after 5248ms
2019-10-03 08:05:13,191 [53d3c6ae-db99-4dd0-8c0e-a3e43b0ef8d7@group-CE73895DF442-SegmentedRaftLogWorker] INFO  segmented.SegmentedRaftLogWorker (SegmentedRaftLogWorker.java:execute(574)) - 53d3c6ae-db99-4dd0-8c0e-a3e43b0ef8d7@group-CE73895DF442-SegmentedRaftLogWorker: created new log segment /workdir/hadoop-ozone/integration-test/target/test-dir/MiniOzoneClusterImpl-30c11ea8-6136-4681-9d86-0e3c89bd7a94/datanode-6/data/ratis/d617462d-5a49-4751-90d2-ce73895df442/current/log_inprogress_0
2019-10-03 08:05:13,216 [grpc-default-executor-2] INFO  impl.RaftServerImpl (ServerState.java:setRaftConf(356)) - 4754d0d8-8434-40a3-99e5-ebfd08159131@group-CE73895DF442: set configuration 0: [53d3c6ae-db99-4dd0-8c0e-a3e43b0ef8d7:192.168.151.98:43527, 4754d0d8-8434-40a3-99e5-ebfd08159131:192.168.151.98:39588, e81eb3a3-08d8-4434-b65f-c3267db03600:192.168.151.98:46178], old=null at 0
2019-10-03 08:05:13,216 [grpc-default-executor-3] INFO  impl.RaftServerImpl (ServerState.java:setRaftConf(356)) - d7cf2482-ed45-4607-912d-f49f9cee1bc5@group-B016A05F4E6A: set configuration 0: [d7cf2482-ed45-4607-912d-f49f9cee1bc5:192.168.151.98:34953, 2ab5f8f3-6b97-406f-a282-d8983dd7b0b3:192.168.151.98:45294, 9b557557-b0be-413c-b212-b08725bb712a:192.168.151.98:45590], old=null at 0
2019-10-03 08:05:13,216 [grpc-default-executor-2] INFO  segmented.SegmentedRaftLogWorker (SegmentedRaftLogWorker.java:startLogSegment(385)) - 4754d0d8-8434-40a3-99e5-ebfd08159131@group-CE73895DF442-SegmentedRaftLogWorker: Starting segment from index:0
2019-10-03 08:05:13,216 [grpc-default-executor-0] INFO  impl.RaftServerImpl (ServerState.java:setRaftConf(356)) - 2ab5f8f3-6b97-406f-a282-d8983dd7b0b3@group-B016A05F4E6A: set configuration 0: [d7cf2482-ed45-4607-912d-f49f9cee1bc5:192.168.151.98:34953, 2ab5f8f3-6b97-406f-a282-d8983dd7b0b3:192.168.151.98:45294, 9b557557-b0be-413c-b212-b08725bb712a:192.168.151.98:45590], old=null at 0
2019-10-03 08:05:13,216 [grpc-default-executor-1] INFO  impl.RaftServerImpl (ServerState.java:setRaftConf(356)) - e81eb3a3-08d8-4434-b65f-c3267db03600@group-CE73895DF442: set configuration 0: [53d3c6ae-db99-4dd0-8c0e-a3e43b0ef8d7:192.168.151.98:43527, 4754d0d8-8434-40a3-99e5-ebfd08159131:192.168.151.98:39588, e81eb3a3-08d8-4434-b65f-c3267db03600:192.168.151.98:46178], old=null at 0
2019-10-03 08:05:13,217 [grpc-default-executor-0] INFO  segmented.SegmentedRaftLogWorker (SegmentedRaftLogWorker.java:startLogSegment(385)) - 2ab5f8f3-6b97-406f-a282-d8983dd7b0b3@group-B016A05F4E6A-SegmentedRaftLogWorker: Starting segment from index:0
2019-10-03 08:05:13,217 [grpc-default-executor-3] INFO  segmented.SegmentedRaftLogWorker (SegmentedRaftLogWorker.java:startLogSegment(385)) - d7cf2482-ed45-4607-912d-f49f9cee1bc5@group-B016A05F4E6A-SegmentedRaftLogWorker: Starting segment from index:0
2019-10-03 08:05:13,217 [grpc-default-executor-1] INFO  segmented.SegmentedRaftLogWorker (SegmentedRaftLogWorker.java:startLogSegment(385)) - e81eb3a3-08d8-4434-b65f-c3267db03600@group-CE73895DF442-SegmentedRaftLogWorker: Starting segment from index:0
2019-10-03 08:05:13,259 [2ab5f8f3-6b97-406f-a282-d8983dd7b0b3@group-B016A05F4E6A-SegmentedRaftLogWorker] INFO  segmented.SegmentedRaftLogWorker (SegmentedRaftLogWorker.java:execute(574)) - 2ab5f8f3-6b97-406f-a282-d8983dd7b0b3@group-B016A05F4E6A-SegmentedRaftLogWorker: created new log segment /workdir/hadoop-ozone/integration-test/target/test-dir/MiniOzoneClusterImpl-30c11ea8-6136-4681-9d86-0e3c89bd7a94/datanode-3/data/ratis/f79d2e21-22e9-4026-8ca2-b016a05f4e6a/current/log_inprogress_0
2019-10-03 08:05:13,259 [4754d0d8-8434-40a3-99e5-ebfd08159131@group-CE73895DF442-SegmentedRaftLogWorker] INFO  segmented.SegmentedRaftLogWorker (SegmentedRaftLogWorker.java:execute(574)) - 4754d0d8-8434-40a3-99e5-ebfd08159131@group-CE73895DF442-SegmentedRaftLogWorker: created new log segment /workdir/hadoop-ozone/integration-test/target/test-dir/MiniOzoneClusterImpl-30c11ea8-6136-4681-9d86-0e3c89bd7a94/datanode-0/data/ratis/d617462d-5a49-4751-90d2-ce73895df442/current/log_inprogress_0
2019-10-03 08:05:13,259 [d7cf2482-ed45-4607-912d-f49f9cee1bc5@group-B016A05F4E6A-SegmentedRaftLogWorker] INFO  segmented.SegmentedRaftLogWorker (SegmentedRaftLogWorker.java:execute(574)) - d7cf2482-ed45-4607-912d-f49f9cee1bc5@group-B016A05F4E6A-SegmentedRaftLogWorker: created new log segment /workdir/hadoop-ozone/integration-test/target/test-dir/MiniOzoneClusterImpl-30c11ea8-6136-4681-9d86-0e3c89bd7a94/datanode-5/data/ratis/f79d2e21-22e9-4026-8ca2-b016a05f4e6a/current/log_inprogress_0
2019-10-03 08:05:13,261 [e81eb3a3-08d8-4434-b65f-c3267db03600@group-CE73895DF442-SegmentedRaftLogWorker] INFO  segmented.SegmentedRaftLogWorker (SegmentedRaftLogWorker.java:execute(574)) - e81eb3a3-08d8-4434-b65f-c3267db03600@group-CE73895DF442-SegmentedRaftLogWorker: created new log segment /workdir/hadoop-ozone/integration-test/target/test-dir/MiniOzoneClusterImpl-30c11ea8-6136-4681-9d86-0e3c89bd7a94/datanode-2/data/ratis/d617462d-5a49-4751-90d2-ce73895df442/current/log_inprogress_0
2019-10-03 08:05:15,034 [main] WARN  scm.XceiverClientRatis (XceiverClientRatis.java:watchForCommit(292)) - 3 way commit failed on pipeline Pipeline[ Id: d617462d-5a49-4751-90d2-ce73895df442, Nodes: 4754d0d8-8434-40a3-99e5-ebfd08159131{ip: 192.168.151.98, host: pr-hdds2217-2mkdc-371598885, networkLocation: /default-rack, certSerialId: null}53d3c6ae-db99-4dd0-8c0e-a3e43b0ef8d7{ip: 192.168.151.98, host: pr-hdds2217-2mkdc-371598885, networkLocation: /default-rack, certSerialId: null}e81eb3a3-08d8-4434-b65f-c3267db03600{ip: 192.168.151.98, host: pr-hdds2217-2mkdc-371598885, networkLocation: /default-rack, certSerialId: null}, Type:RATIS, Factor:THREE, State:OPEN]
java.util.concurrent.TimeoutException
	at java.util.concurrent.CompletableFuture.timedGet(CompletableFuture.java:1771)
	at java.util.concurrent.CompletableFuture.get(CompletableFuture.java:1915)
	at org.apache.hadoop.hdds.scm.XceiverClientRatis.watchForCommit(XceiverClientRatis.java:289)
	at org.apache.hadoop.hdds.scm.storage.CommitWatcher.watchForCommit(CommitWatcher.java:194)
	at org.apache.hadoop.hdds.scm.storage.CommitWatcher.watchOnLastIndex(CommitWatcher.java:157)
	at org.apache.hadoop.hdds.scm.storage.BlockOutputStream.watchForCommit(BlockOutputStream.java:347)
	at org.apache.hadoop.hdds.scm.storage.BlockOutputStream.handleFlush(BlockOutputStream.java:479)
	at org.apache.hadoop.hdds.scm.storage.BlockOutputStream.flush(BlockOutputStream.java:428)
	at org.apache.hadoop.ozone.client.io.BlockOutputStreamEntry.flush(BlockOutputStreamEntry.java:136)
	at org.apache.hadoop.ozone.client.io.KeyOutputStream.handleFlushOrClose(KeyOutputStream.java:443)
	at org.apache.hadoop.ozone.client.io.KeyOutputStream.flush(KeyOutputStream.java:397)
	at org.apache.hadoop.ozone.client.io.OzoneOutputStream.flush(OzoneOutputStream.java:54)
	at org.apache.hadoop.ozone.client.rpc.TestBlockOutputStreamWithFailures.test2DatanodesFailure(TestBlockOutputStreamWithFailures.java:461)
	at sun.reflect.NativeMethodAccessorImpl.invoke0(Native Method)
	at sun.reflect.NativeMethodAccessorImpl.invoke(NativeMethodAccessorImpl.java:62)
	at sun.reflect.DelegatingMethodAccessorImpl.invoke(DelegatingMethodAccessorImpl.java:43)
	at java.lang.reflect.Method.invoke(Method.java:498)
	at org.junit.runners.model.FrameworkMethod$1.runReflectiveCall(FrameworkMethod.java:47)
	at org.junit.internal.runners.model.ReflectiveCallable.run(ReflectiveCallable.java:12)
	at org.junit.runners.model.FrameworkMethod.invokeExplosively(FrameworkMethod.java:44)
	at org.junit.internal.runners.statements.InvokeMethod.evaluate(InvokeMethod.java:17)
	at org.junit.internal.runners.statements.RunBefores.evaluate(RunBefores.java:26)
	at org.junit.internal.runners.statements.RunAfters.evaluate(RunAfters.java:27)
	at org.junit.runners.ParentRunner.runLeaf(ParentRunner.java:271)
	at org.junit.runners.BlockJUnit4ClassRunner.runChild(BlockJUnit4ClassRunner.java:70)
	at org.junit.runners.BlockJUnit4ClassRunner.runChild(BlockJUnit4ClassRunner.java:50)
	at org.junit.runners.ParentRunner$3.run(ParentRunner.java:238)
	at org.junit.runners.ParentRunner$1.schedule(ParentRunner.java:63)
	at org.junit.runners.ParentRunner.runChildren(ParentRunner.java:236)
	at org.junit.runners.ParentRunner.access$000(ParentRunner.java:53)
	at org.junit.runners.ParentRunner$2.evaluate(ParentRunner.java:229)
	at org.junit.runners.ParentRunner.run(ParentRunner.java:309)
	at org.apache.maven.surefire.junit4.JUnit4Provider.execute(JUnit4Provider.java:365)
	at org.apache.maven.surefire.junit4.JUnit4Provider.executeWithRerun(JUnit4Provider.java:273)
	at org.apache.maven.surefire.junit4.JUnit4Provider.executeTestSet(JUnit4Provider.java:238)
	at org.apache.maven.surefire.junit4.JUnit4Provider.invoke(JUnit4Provider.java:159)
	at org.apache.maven.surefire.booter.ForkedBooter.invokeProviderInSameClassLoader(ForkedBooter.java:384)
	at org.apache.maven.surefire.booter.ForkedBooter.runSuitesInProcess(ForkedBooter.java:345)
	at org.apache.maven.surefire.booter.ForkedBooter.execute(ForkedBooter.java:126)
	at org.apache.maven.surefire.booter.ForkedBooter.main(ForkedBooter.java:418)
2019-10-03 08:05:16,038 [main] WARN  storage.CommitWatcher (CommitWatcher.java:watchForCommit(203)) - watchForCommit failed for index 14
java.util.concurrent.TimeoutException
	at java.util.concurrent.CompletableFuture.timedGet(CompletableFuture.java:1771)
	at java.util.concurrent.CompletableFuture.get(CompletableFuture.java:1915)
	at org.apache.hadoop.hdds.scm.XceiverClientRatis.watchForCommit(XceiverClientRatis.java:298)
	at org.apache.hadoop.hdds.scm.storage.CommitWatcher.watchForCommit(CommitWatcher.java:194)
	at org.apache.hadoop.hdds.scm.storage.CommitWatcher.watchOnLastIndex(CommitWatcher.java:157)
	at org.apache.hadoop.hdds.scm.storage.BlockOutputStream.watchForCommit(BlockOutputStream.java:347)
	at org.apache.hadoop.hdds.scm.storage.BlockOutputStream.handleFlush(BlockOutputStream.java:479)
	at org.apache.hadoop.hdds.scm.storage.BlockOutputStream.flush(BlockOutputStream.java:428)
	at org.apache.hadoop.ozone.client.io.BlockOutputStreamEntry.flush(BlockOutputStreamEntry.java:136)
	at org.apache.hadoop.ozone.client.io.KeyOutputStream.handleFlushOrClose(KeyOutputStream.java:443)
	at org.apache.hadoop.ozone.client.io.KeyOutputStream.flush(KeyOutputStream.java:397)
	at org.apache.hadoop.ozone.client.io.OzoneOutputStream.flush(OzoneOutputStream.java:54)
	at org.apache.hadoop.ozone.client.rpc.TestBlockOutputStreamWithFailures.test2DatanodesFailure(TestBlockOutputStreamWithFailures.java:461)
	at sun.reflect.NativeMethodAccessorImpl.invoke0(Native Method)
	at sun.reflect.NativeMethodAccessorImpl.invoke(NativeMethodAccessorImpl.java:62)
	at sun.reflect.DelegatingMethodAccessorImpl.invoke(DelegatingMethodAccessorImpl.java:43)
	at java.lang.reflect.Method.invoke(Method.java:498)
	at org.junit.runners.model.FrameworkMethod$1.runReflectiveCall(FrameworkMethod.java:47)
	at org.junit.internal.runners.model.ReflectiveCallable.run(ReflectiveCallable.java:12)
	at org.junit.runners.model.FrameworkMethod.invokeExplosively(FrameworkMethod.java:44)
	at org.junit.internal.runners.statements.InvokeMethod.evaluate(InvokeMethod.java:17)
	at org.junit.internal.runners.statements.RunBefores.evaluate(RunBefores.java:26)
	at org.junit.internal.runners.statements.RunAfters.evaluate(RunAfters.java:27)
	at org.junit.runners.ParentRunner.runLeaf(ParentRunner.java:271)
	at org.junit.runners.BlockJUnit4ClassRunner.runChild(BlockJUnit4ClassRunner.java:70)
	at org.junit.runners.BlockJUnit4ClassRunner.runChild(BlockJUnit4ClassRunner.java:50)
	at org.junit.runners.ParentRunner$3.run(ParentRunner.java:238)
	at org.junit.runners.ParentRunner$1.schedule(ParentRunner.java:63)
	at org.junit.runners.ParentRunner.runChildren(ParentRunner.java:236)
	at org.junit.runners.ParentRunner.access$000(ParentRunner.java:53)
	at org.junit.runners.ParentRunner$2.evaluate(ParentRunner.java:229)
	at org.junit.runners.ParentRunner.run(ParentRunner.java:309)
	at org.apache.maven.surefire.junit4.JUnit4Provider.execute(JUnit4Provider.java:365)
	at org.apache.maven.surefire.junit4.JUnit4Provider.executeWithRerun(JUnit4Provider.java:273)
	at org.apache.maven.surefire.junit4.JUnit4Provider.executeTestSet(JUnit4Provider.java:238)
	at org.apache.maven.surefire.junit4.JUnit4Provider.invoke(JUnit4Provider.java:159)
	at org.apache.maven.surefire.booter.ForkedBooter.invokeProviderInSameClassLoader(ForkedBooter.java:384)
	at org.apache.maven.surefire.booter.ForkedBooter.runSuitesInProcess(ForkedBooter.java:345)
	at org.apache.maven.surefire.booter.ForkedBooter.execute(ForkedBooter.java:126)
	at org.apache.maven.surefire.booter.ForkedBooter.main(ForkedBooter.java:418)
2019-10-03 08:05:16,039 [main] WARN  io.KeyOutputStream (KeyOutputStream.java:handleException(274)) - Encountered exception java.io.IOException: Unexpected Storage Container Exception: java.io.IOException: Unexpected Storage Container Exception: java.util.concurrent.TimeoutException on the pipeline Pipeline[ Id: d617462d-5a49-4751-90d2-ce73895df442, Nodes: 4754d0d8-8434-40a3-99e5-ebfd08159131{ip: 192.168.151.98, host: pr-hdds2217-2mkdc-371598885, networkLocation: /default-rack, certSerialId: null}53d3c6ae-db99-4dd0-8c0e-a3e43b0ef8d7{ip: 192.168.151.98, host: pr-hdds2217-2mkdc-371598885, networkLocation: /default-rack, certSerialId: null}e81eb3a3-08d8-4434-b65f-c3267db03600{ip: 192.168.151.98, host: pr-hdds2217-2mkdc-371598885, networkLocation: /default-rack, certSerialId: null}, Type:RATIS, Factor:THREE, State:OPEN]. The last committed block length is 400, uncommitted data length is 50 retry count 0
2019-10-03 08:05:16,338 [main] INFO  ozone.MiniOzoneClusterImpl (MiniOzoneClusterImpl.java:shutdown(314)) - Shutting down the Mini Ozone Cluster
2019-10-03 08:05:16,339 [main] INFO  ozone.MiniOzoneClusterImpl (MiniOzoneClusterImpl.java:stop(330)) - Stopping the Mini Ozone Cluster
2019-10-03 08:05:16,339 [main] INFO  ozone.MiniOzoneClusterImpl (MiniOzoneClusterImpl.java:stopOM(400)) - Stopping the OzoneManager
2019-10-03 08:05:16,339 [main] INFO  ipc.Server (Server.java:stop(3082)) - Stopping server on 40954
2019-10-03 08:05:16,354 [IPC Server listener on 40954] INFO  ipc.Server (Server.java:run(1185)) - Stopping IPC Server listener on 40954
2019-10-03 08:05:16,356 [main] INFO  ratis.OzoneManagerDoubleBuffer (OzoneManagerDoubleBuffer.java:stop(248)) - Stopping OMDoubleBuffer flush thread
2019-10-03 08:05:16,358 [IPC Server Responder] INFO  ipc.Server (Server.java:run(1319)) - Stopping IPC Server Responder
2019-10-03 08:05:16,364 [OMDoubleBufferFlushThread] INFO  ratis.OzoneManagerDoubleBuffer (OzoneManagerDoubleBuffer.java:flushTransactions(191)) - OMDoubleBuffer flush thread OMDoubleBufferFlushThread is interrupted and will exit. OMDoubleBufferFlushThread
2019-10-03 08:05:16,386 [main] INFO  utils.BackgroundService (BackgroundService.java:shutdown(148)) - Shutting down service KeyDeletingService
2019-10-03 08:05:16,394 [main] INFO  handler.ContextHandler (ContextHandler.java:doStop(910)) - Stopped o.e.j.w.WebAppContext@f2e4acf{/,null,UNAVAILABLE}{/ozoneManager}
2019-10-03 08:05:16,400 [main] INFO  server.AbstractConnector (AbstractConnector.java:doStop(318)) - Stopped ServerConnector@24097e9b{HTTP/1.1,[http/1.1]}{0.0.0.0:0}
2019-10-03 08:05:16,401 [main] INFO  handler.ContextHandler (ContextHandler.java:doStop(910)) - Stopped o.e.j.s.ServletContextHandler@26dcd8c0{/static,file:///workdir/hadoop-ozone/integration-test/target/test-classes/webapps/static,UNAVAILABLE}
2019-10-03 08:05:16,401 [main] INFO  handler.ContextHandler (ContextHandler.java:doStop(910)) - Stopped o.e.j.s.ServletContextHandler@441cc260{/logs,file:///workdir/hadoop-ozone/integration-test/target/log,UNAVAILABLE}
2019-10-03 08:05:16,406 [main] INFO  ozone.MiniOzoneClusterImpl (MiniOzoneClusterImpl.java:stopDatanodes(377)) - Stopping the HddsDatanodes
2019-10-03 08:05:17,073 [Datanode State Machine Thread - 0] INFO  statemachine.DatanodeStateMachine (DatanodeStateMachine.java:lambda$startDaemon$0(350)) - Ozone container server started.
2019-10-03 08:05:17,241 [Datanode State Machine Thread - 0] INFO  statemachine.DatanodeStateMachine (DatanodeStateMachine.java:lambda$startDaemon$0(350)) - Ozone container server started.
2019-10-03 08:05:21,119 [EventQueue-StaleNodeForStaleNodeHandler] INFO  node.StaleNodeHandler (StaleNodeHandler.java:onMessage(58)) - Datanode ee7df43b-d832-481d-a193-5533cb2ab68e{ip: 192.168.151.98, host: pr-hdds2217-2mkdc-371598885, networkLocation: /default-rack, certSerialId: null} moved to stale state. Finalizing its pipelines [PipelineID=50934e8a-d213-46cf-a66f-0b10900c5904]
2019-10-03 08:05:21,120 [EventQueue-StaleNodeForStaleNodeHandler] INFO  pipeline.SCMPipelineManager (SCMPipelineManager.java:finalizeAndDestroyPipeline(315)) - destroying pipeline:Pipeline[ Id: 50934e8a-d213-46cf-a66f-0b10900c5904, Nodes: ee7df43b-d832-481d-a193-5533cb2ab68e{ip: 192.168.151.98, host: pr-hdds2217-2mkdc-371598885, networkLocation: /default-rack, certSerialId: null}, Type:RATIS, Factor:ONE, State:OPEN]
2019-10-03 08:05:21,121 [EventQueue-StaleNodeForStaleNodeHandler] INFO  pipeline.PipelineStateManager (PipelineStateManager.java:finalizePipeline(123)) - Pipeline Pipeline[ Id: 50934e8a-d213-46cf-a66f-0b10900c5904, Nodes: ee7df43b-d832-481d-a193-5533cb2ab68e{ip: 192.168.151.98, host: pr-hdds2217-2mkdc-371598885, networkLocation: /default-rack, certSerialId: null}, Type:RATIS, Factor:ONE, State:CLOSED] moved to CLOSED state
2019-10-03 08:05:21,319 [EventQueue-StaleNodeForStaleNodeHandler] INFO  node.StaleNodeHandler (StaleNodeHandler.java:onMessage(58)) - Datanode 9b557557-b0be-413c-b212-b08725bb712a{ip: 192.168.151.98, host: pr-hdds2217-2mkdc-371598885, networkLocation: /default-rack, certSerialId: null} moved to stale state. Finalizing its pipelines [PipelineID=f79d2e21-22e9-4026-8ca2-b016a05f4e6a, PipelineID=7b01efd7-50ce-4dc7-b837-2844f16fd2ac]
2019-10-03 08:05:21,320 [EventQueue-StaleNodeForStaleNodeHandler] INFO  pipeline.SCMPipelineManager (SCMPipelineManager.java:finalizeAndDestroyPipeline(315)) - destroying pipeline:Pipeline[ Id: f79d2e21-22e9-4026-8ca2-b016a05f4e6a, Nodes: 2ab5f8f3-6b97-406f-a282-d8983dd7b0b3{ip: 192.168.151.98, host: pr-hdds2217-2mkdc-371598885, networkLocation: /default-rack, certSerialId: null}9b557557-b0be-413c-b212-b08725bb712a{ip: 192.168.151.98, host: pr-hdds2217-2mkdc-371598885, networkLocation: /default-rack, certSerialId: null}d7cf2482-ed45-4607-912d-f49f9cee1bc5{ip: 192.168.151.98, host: pr-hdds2217-2mkdc-371598885, networkLocation: /default-rack, certSerialId: null}, Type:RATIS, Factor:THREE, State:OPEN]
2019-10-03 08:05:21,320 [EventQueue-StaleNodeForStaleNodeHandler] INFO  pipeline.PipelineStateManager (PipelineStateManager.java:finalizePipeline(123)) - Pipeline Pipeline[ Id: f79d2e21-22e9-4026-8ca2-b016a05f4e6a, Nodes: 2ab5f8f3-6b97-406f-a282-d8983dd7b0b3{ip: 192.168.151.98, host: pr-hdds2217-2mkdc-371598885, networkLocation: /default-rack, certSerialId: null}9b557557-b0be-413c-b212-b08725bb712a{ip: 192.168.151.98, host: pr-hdds2217-2mkdc-371598885, networkLocation: /default-rack, certSerialId: null}d7cf2482-ed45-4607-912d-f49f9cee1bc5{ip: 192.168.151.98, host: pr-hdds2217-2mkdc-371598885, networkLocation: /default-rack, certSerialId: null}, Type:RATIS, Factor:THREE, State:CLOSED] moved to CLOSED state
2019-10-03 08:05:21,321 [EventQueue-StaleNodeForStaleNodeHandler] INFO  pipeline.SCMPipelineManager (SCMPipelineManager.java:finalizeAndDestroyPipeline(315)) - destroying pipeline:Pipeline[ Id: 7b01efd7-50ce-4dc7-b837-2844f16fd2ac, Nodes: 9b557557-b0be-413c-b212-b08725bb712a{ip: 192.168.151.98, host: pr-hdds2217-2mkdc-371598885, networkLocation: /default-rack, certSerialId: null}, Type:RATIS, Factor:ONE, State:OPEN]
2019-10-03 08:05:21,321 [EventQueue-CloseContainerForCloseContainerEventHandler] INFO  container.CloseContainerEventHandler (CloseContainerEventHandler.java:onMessage(61)) - Close container Event triggered for container : #2
2019-10-03 08:05:21,321 [EventQueue-StaleNodeForStaleNodeHandler] INFO  pipeline.PipelineStateManager (PipelineStateManager.java:finalizePipeline(123)) - Pipeline Pipeline[ Id: 7b01efd7-50ce-4dc7-b837-2844f16fd2ac, Nodes: 9b557557-b0be-413c-b212-b08725bb712a{ip: 192.168.151.98, host: pr-hdds2217-2mkdc-371598885, networkLocation: /default-rack, certSerialId: null}, Type:RATIS, Factor:ONE, State:CLOSED] moved to CLOSED state
2019-10-03 08:05:21,408 [ForkJoinPool.commonPool-worker-1] INFO  ozoneimpl.OzoneContainer (OzoneContainer.java:stop(231)) - Attempting to stop container services.
2019-10-03 08:05:21,408 [main] INFO  ozoneimpl.OzoneContainer (OzoneContainer.java:stop(231)) - Attempting to stop container services.
2019-10-03 08:05:21,409 [ForkJoinPool.commonPool-worker-1] INFO  impl.RaftServerProxy (RaftServerProxy.java:lambda$close$4(314)) - ee7df43b-d832-481d-a193-5533cb2ab68e: close
2019-10-03 08:05:21,409 [main] INFO  impl.RaftServerProxy (RaftServerProxy.java:lambda$close$4(314)) - 9b557557-b0be-413c-b212-b08725bb712a: close
2019-10-03 08:05:21,410 [ForkJoinPool.commonPool-worker-1] INFO  impl.RaftServerImpl (RaftServerImpl.java:lambda$shutdown$3(247)) - ee7df43b-d832-481d-a193-5533cb2ab68e@group-0B10900C5904: shutdown
2019-10-03 08:05:21,410 [main] INFO  impl.RaftServerImpl (RaftServerImpl.java:lambda$shutdown$3(247)) - 9b557557-b0be-413c-b212-b08725bb712a@group-B016A05F4E6A: shutdown
2019-10-03 08:05:21,410 [ForkJoinPool.commonPool-worker-1] INFO  util.JmxRegister (JmxRegister.java:unregister(73)) - Successfully un-registered JMX Bean with object name Ratis:service=RaftServer,group=group-0B10900C5904,id=ee7df43b-d832-481d-a193-5533cb2ab68e
2019-10-03 08:05:21,410 [main] INFO  util.JmxRegister (JmxRegister.java:unregister(73)) - Successfully un-registered JMX Bean with object name Ratis:service=RaftServer,group=group-B016A05F4E6A,id=9b557557-b0be-413c-b212-b08725bb712a
2019-10-03 08:05:21,411 [ForkJoinPool.commonPool-worker-1] INFO  impl.RoleInfo (RoleInfo.java:shutdownLeaderState(104)) - ee7df43b-d832-481d-a193-5533cb2ab68e: shutdown LeaderState
2019-10-03 08:05:21,411 [main] INFO  impl.RoleInfo (RoleInfo.java:shutdownLeaderState(104)) - 9b557557-b0be-413c-b212-b08725bb712a: shutdown LeaderState
2019-10-03 08:05:21,411 [ForkJoinPool.commonPool-worker-1] INFO  impl.PendingRequests (PendingRequests.java:sendNotLeaderResponses(202)) - ee7df43b-d832-481d-a193-5533cb2ab68e@group-0B10900C5904-PendingRequests: sendNotLeaderResponses
2019-10-03 08:05:21,418 [org.apache.ratis.server.impl.LogAppender$AppenderDaemon$$Lambda$535/667578210@4925710c] WARN  server.GrpcLogAppender (GrpcLogAppender.java:mayWait(143)) - 9b557557-b0be-413c-b212-b08725bb712a@group-B016A05F4E6A->2ab5f8f3-6b97-406f-a282-d8983dd7b0b3-GrpcLogAppender: Wait interrupted by java.lang.InterruptedException
2019-10-03 08:05:21,418 [org.apache.ratis.server.impl.LogAppender$AppenderDaemon$$Lambda$535/667578210@431f6017] WARN  server.GrpcLogAppender (GrpcLogAppender.java:mayWait(143)) - 9b557557-b0be-413c-b212-b08725bb712a@group-B016A05F4E6A->d7cf2482-ed45-4607-912d-f49f9cee1bc5-GrpcLogAppender: Wait interrupted by java.lang.InterruptedException
2019-10-03 08:05:21,416 [main] INFO  impl.PendingRequests (PendingRequests.java:sendNotLeaderResponses(202)) - 9b557557-b0be-413c-b212-b08725bb712a@group-B016A05F4E6A-PendingRequests: sendNotLeaderResponses
2019-10-03 08:05:21,422 [ForkJoinPool.commonPool-worker-1] INFO  impl.StateMachineUpdater (StateMachineUpdater.java:stopAndJoin(136)) - ee7df43b-d832-481d-a193-5533cb2ab68e@group-0B10900C5904-StateMachineUpdater: set stopIndex = 0
2019-10-03 08:05:21,422 [ForkJoinPool.commonPool-worker-1] INFO  impl.RaftServerImpl (ServerState.java:close(387)) - ee7df43b-d832-481d-a193-5533cb2ab68e@group-0B10900C5904: closes. applyIndex: 0
2019-10-03 08:05:21,422 [grpc-default-executor-2] INFO  server.GrpcServerProtocolService (GrpcServerProtocolService.java:onCompleted(113)) - d7cf2482-ed45-4607-912d-f49f9cee1bc5: Completed APPEND_ENTRIES, lastRequest: 9b557557-b0be-413c-b212-b08725bb712a->d7cf2482-ed45-4607-912d-f49f9cee1bc5#8-t1, previous=(t:1, i:4), leaderCommit=4, initializing? false, entries: <empty>
2019-10-03 08:05:21,422 [grpc-default-executor-0] INFO  server.GrpcServerProtocolService (GrpcServerProtocolService.java:onCompleted(113)) - 2ab5f8f3-6b97-406f-a282-d8983dd7b0b3: Completed APPEND_ENTRIES, lastRequest: 9b557557-b0be-413c-b212-b08725bb712a->2ab5f8f3-6b97-406f-a282-d8983dd7b0b3#8-t1, previous=(t:1, i:4), leaderCommit=4, initializing? false, entries: <empty>
2019-10-03 08:05:21,434 [main] INFO  impl.StateMachineUpdater (StateMachineUpdater.java:stopAndJoin(136)) - 9b557557-b0be-413c-b212-b08725bb712a@group-B016A05F4E6A-StateMachineUpdater: set stopIndex = 4
2019-10-03 08:05:21,436 [grpc-default-executor-0] INFO  server.GrpcLogAppender (GrpcLogAppender.java:onCompleted(293)) - 9b557557-b0be-413c-b212-b08725bb712a@group-B016A05F4E6A->d7cf2482-ed45-4607-912d-f49f9cee1bc5-AppendLogResponseHandler: follower responses appendEntries COMPLETED
2019-10-03 08:05:21,436 [9b557557-b0be-413c-b212-b08725bb712a@group-B016A05F4E6A-StateMachineUpdater] INFO  ratis.ContainerStateMachine (ContainerStateMachine.java:takeSnapshot(293)) - group-B016A05F4E6A: Taking a snapshot at:(t:1, i:4) file /workdir/hadoop-ozone/integration-test/target/test-dir/MiniOzoneClusterImpl-30c11ea8-6136-4681-9d86-0e3c89bd7a94/datanode-4/data/ratis/f79d2e21-22e9-4026-8ca2-b016a05f4e6a/sm/snapshot.1_4
2019-10-03 08:05:21,436 [grpc-default-executor-1] INFO  server.GrpcLogAppender (GrpcLogAppender.java:onCompleted(293)) - 9b557557-b0be-413c-b212-b08725bb712a@group-B016A05F4E6A->2ab5f8f3-6b97-406f-a282-d8983dd7b0b3-AppendLogResponseHandler: follower responses appendEntries COMPLETED
2019-10-03 08:05:21,441 [ee7df43b-d832-481d-a193-5533cb2ab68e@group-0B10900C5904-SegmentedRaftLogWorker] INFO  segmented.SegmentedRaftLogWorker (SegmentedRaftLogWorker.java:run(316)) - ee7df43b-d832-481d-a193-5533cb2ab68e@group-0B10900C5904-SegmentedRaftLogWorker was interrupted, exiting. There are 0 tasks remaining in the queue.
2019-10-03 08:05:21,443 [ForkJoinPool.commonPool-worker-1] INFO  segmented.SegmentedRaftLogWorker (SegmentedRaftLogWorker.java:close(224)) - ee7df43b-d832-481d-a193-5533cb2ab68e@group-0B10900C5904-SegmentedRaftLogWorker close()
2019-10-03 08:05:21,447 [grpc-default-executor-0] INFO  impl.FollowerInfo (FollowerInfo.java:lambda$new$0(51)) - 9b557557-b0be-413c-b212-b08725bb712a@group-B016A05F4E6A->d7cf2482-ed45-4607-912d-f49f9cee1bc5: nextIndex: updateUnconditionally 5 -> 4
2019-10-03 08:05:21,447 [grpc-default-executor-1] INFO  impl.FollowerInfo (FollowerInfo.java:lambda$new$0(51)) - 9b557557-b0be-413c-b212-b08725bb712a@group-B016A05F4E6A->2ab5f8f3-6b97-406f-a282-d8983dd7b0b3: nextIndex: updateUnconditionally 5 -> 4
2019-10-03 08:05:21,447 [ForkJoinPool.commonPool-worker-1] INFO  server.GrpcService (GrpcService.java:closeImpl(164)) - ee7df43b-d832-481d-a193-5533cb2ab68e: shutdown server with port 33309 now
2019-10-03 08:05:21,453 [ForkJoinPool.commonPool-worker-1] INFO  server.GrpcService (GrpcService.java:closeImpl(172)) - ee7df43b-d832-481d-a193-5533cb2ab68e: shutdown server with port 33309 successfully
2019-10-03 08:05:21,461 [refreshUsed-/workdir/hadoop-ozone/integration-test/target/test-dir/MiniOzoneClusterImpl-30c11ea8-6136-4681-9d86-0e3c89bd7a94/datanode-1/data/containers] WARN  fs.CachingGetSpaceUsed (CachingGetSpaceUsed.java:run(183)) - Thread Interrupted waiting to refresh disk information: sleep interrupted
2019-10-03 08:05:21,480 [ForkJoinPool.commonPool-worker-1] INFO  utils.BackgroundService (BackgroundService.java:shutdown(148)) - Shutting down service BlockDeletingService
2019-10-03 08:05:21,484 [9b557557-b0be-413c-b212-b08725bb712a@group-B016A05F4E6A-StateMachineUpdater] INFO  ratis.ContainerStateMachine (ContainerStateMachine.java:takeSnapshot(304)) - group-B016A05F4E6A: Finished taking a snapshot at:(t:1, i:4) file:/workdir/hadoop-ozone/integration-test/target/test-dir/MiniOzoneClusterImpl-30c11ea8-6136-4681-9d86-0e3c89bd7a94/datanode-4/data/ratis/f79d2e21-22e9-4026-8ca2-b016a05f4e6a/sm/snapshot.1_4 time:48
2019-10-03 08:05:21,485 [ForkJoinPool.commonPool-worker-1] INFO  statemachine.DatanodeStateMachine (DatanodeStateMachine.java:stopDaemon(395)) - Ozone container server stopped.
2019-10-03 08:05:21,490 [ForkJoinPool.commonPool-worker-1] INFO  handler.ContextHandler (ContextHandler.java:doStop(910)) - Stopped o.e.j.w.WebAppContext@2aff9dff{/,null,UNAVAILABLE}{/hddsDatanode}
2019-10-03 08:05:21,490 [9b557557-b0be-413c-b212-b08725bb712a@group-B016A05F4E6A-StateMachineUpdater] INFO  impl.StateMachineUpdater (StateMachineUpdater.java:takeSnapshot(269)) - 9b557557-b0be-413c-b212-b08725bb712a@group-B016A05F4E6A-StateMachineUpdater: Took a snapshot at index 4
2019-10-03 08:05:21,490 [9b557557-b0be-413c-b212-b08725bb712a@group-B016A05F4E6A-StateMachineUpdater] INFO  impl.StateMachineUpdater (StateMachineUpdater.java:lambda$new$0(84)) - 9b557557-b0be-413c-b212-b08725bb712a@group-B016A05F4E6A-StateMachineUpdater: snapshotIndex: updateIncreasingly -1 -> 4
2019-10-03 08:05:21,491 [ForkJoinPool.commonPool-worker-1] INFO  server.AbstractConnector (AbstractConnector.java:doStop(318)) - Stopped ServerConnector@5f0f9947{HTTP/1.1,[http/1.1]}{0.0.0.0:0}
2019-10-03 08:05:21,492 [ForkJoinPool.commonPool-worker-1] INFO  handler.ContextHandler (ContextHandler.java:doStop(910)) - Stopped o.e.j.s.ServletContextHandler@455c1d8c{/static,jar:file:/home/user/.m2/repository/org/apache/hadoop/hadoop-hdds-container-service/0.5.0-SNAPSHOT/hadoop-hdds-container-service-0.5.0-SNAPSHOT.jar!/webapps/static,UNAVAILABLE}
2019-10-03 08:05:21,494 [ForkJoinPool.commonPool-worker-1] INFO  handler.ContextHandler (ContextHandler.java:doStop(910)) - Stopped o.e.j.s.ServletContextHandler@49faf066{/logs,file:///workdir/hadoop-ozone/integration-test/target/log,UNAVAILABLE}
2019-10-03 08:05:21,497 [main] INFO  impl.RaftServerImpl (ServerState.java:close(387)) - 9b557557-b0be-413c-b212-b08725bb712a@group-B016A05F4E6A: closes. applyIndex: 4
2019-10-03 08:05:21,498 [9b557557-b0be-413c-b212-b08725bb712a@group-B016A05F4E6A-SegmentedRaftLogWorker] INFO  segmented.SegmentedRaftLogWorker (SegmentedRaftLogWorker.java:run(316)) - 9b557557-b0be-413c-b212-b08725bb712a@group-B016A05F4E6A-SegmentedRaftLogWorker was interrupted, exiting. There are 0 tasks remaining in the queue.
2019-10-03 08:05:21,499 [main] INFO  segmented.SegmentedRaftLogWorker (SegmentedRaftLogWorker.java:close(224)) - 9b557557-b0be-413c-b212-b08725bb712a@group-B016A05F4E6A-SegmentedRaftLogWorker close()
2019-10-03 08:05:21,502 [main] INFO  impl.RaftServerImpl (RaftServerImpl.java:lambda$shutdown$3(247)) - 9b557557-b0be-413c-b212-b08725bb712a@group-2844F16FD2AC: shutdown
2019-10-03 08:05:21,502 [main] INFO  util.JmxRegister (JmxRegister.java:unregister(73)) - Successfully un-registered JMX Bean with object name Ratis:service=RaftServer,group=group-2844F16FD2AC,id=9b557557-b0be-413c-b212-b08725bb712a
2019-10-03 08:05:21,502 [main] INFO  impl.RoleInfo (RoleInfo.java:shutdownLeaderState(104)) - 9b557557-b0be-413c-b212-b08725bb712a: shutdown LeaderState
2019-10-03 08:05:21,504 [main] INFO  impl.PendingRequests (PendingRequests.java:sendNotLeaderResponses(202)) - 9b557557-b0be-413c-b212-b08725bb712a@group-2844F16FD2AC-PendingRequests: sendNotLeaderResponses
2019-10-03 08:05:21,504 [main] INFO  impl.StateMachineUpdater (StateMachineUpdater.java:stopAndJoin(136)) - 9b557557-b0be-413c-b212-b08725bb712a@group-2844F16FD2AC-StateMachineUpdater: set stopIndex = 0
2019-10-03 08:05:21,505 [main] INFO  impl.RaftServerImpl (ServerState.java:close(387)) - 9b557557-b0be-413c-b212-b08725bb712a@group-2844F16FD2AC: closes. applyIndex: 0
2019-10-03 08:05:21,505 [9b557557-b0be-413c-b212-b08725bb712a@group-2844F16FD2AC-SegmentedRaftLogWorker] INFO  segmented.SegmentedRaftLogWorker (SegmentedRaftLogWorker.java:run(316)) - 9b557557-b0be-413c-b212-b08725bb712a@group-2844F16FD2AC-SegmentedRaftLogWorker was interrupted, exiting. There are 0 tasks remaining in the queue.
2019-10-03 08:05:21,506 [main] INFO  segmented.SegmentedRaftLogWorker (SegmentedRaftLogWorker.java:close(224)) - 9b557557-b0be-413c-b212-b08725bb712a@group-2844F16FD2AC-SegmentedRaftLogWorker close()
2019-10-03 08:05:21,509 [main] INFO  server.GrpcService (GrpcService.java:closeImpl(164)) - 9b557557-b0be-413c-b212-b08725bb712a: shutdown server with port 45590 now
2019-10-03 08:05:21,511 [main] INFO  server.GrpcService (GrpcService.java:closeImpl(172)) - 9b557557-b0be-413c-b212-b08725bb712a: shutdown server with port 45590 successfully
2019-10-03 08:05:21,520 [refreshUsed-/workdir/hadoop-ozone/integration-test/target/test-dir/MiniOzoneClusterImpl-30c11ea8-6136-4681-9d86-0e3c89bd7a94/datanode-4/data/containers] WARN  fs.CachingGetSpaceUsed (CachingGetSpaceUsed.java:run(183)) - Thread Interrupted waiting to refresh disk information: sleep interrupted
2019-10-03 08:05:21,540 [main] INFO  utils.BackgroundService (BackgroundService.java:shutdown(148)) - Shutting down service BlockDeletingService
2019-10-03 08:05:21,544 [main] INFO  statemachine.DatanodeStateMachine (DatanodeStateMachine.java:stopDaemon(395)) - Ozone container server stopped.
2019-10-03 08:05:21,545 [main] INFO  handler.ContextHandler (ContextHandler.java:doStop(910)) - Stopped o.e.j.w.WebAppContext@4996c99{/,null,UNAVAILABLE}{/hddsDatanode}
2019-10-03 08:05:21,545 [main] INFO  server.AbstractConnector (AbstractConnector.java:doStop(318)) - Stopped ServerConnector@1b956cfa{HTTP/1.1,[http/1.1]}{0.0.0.0:0}
2019-10-03 08:05:21,546 [main] INFO  handler.ContextHandler (ContextHandler.java:doStop(910)) - Stopped o.e.j.s.ServletContextHandler@58ba5b30{/static,jar:file:/home/user/.m2/repository/org/apache/hadoop/hadoop-hdds-container-service/0.5.0-SNAPSHOT/hadoop-hdds-container-service-0.5.0-SNAPSHOT.jar!/webapps/static,UNAVAILABLE}
2019-10-03 08:05:21,546 [main] INFO  handler.ContextHandler (ContextHandler.java:doStop(910)) - Stopped o.e.j.s.ServletContextHandler@38ed139b{/logs,file:///workdir/hadoop-ozone/integration-test/target/log,UNAVAILABLE}
2019-10-03 08:05:21,631 [Datanode State Machine Thread - 0] INFO  statemachine.DatanodeStateMachine (DatanodeStateMachine.java:lambda$startDaemon$0(350)) - Ozone container server started.
2019-10-03 08:05:21,709 [Datanode State Machine Thread - 0] INFO  statemachine.DatanodeStateMachine (DatanodeStateMachine.java:lambda$startDaemon$0(350)) - Ozone container server started.
2019-10-03 08:05:25,635 [EventQueue-StaleNodeForStaleNodeHandler] INFO  node.StaleNodeHandler (StaleNodeHandler.java:onMessage(58)) - Datanode 53d3c6ae-db99-4dd0-8c0e-a3e43b0ef8d7{ip: 192.168.151.98, host: pr-hdds2217-2mkdc-371598885, networkLocation: /default-rack, certSerialId: null} moved to stale state. Finalizing its pipelines [PipelineID=07a2ff3b-dc0a-4208-a1e9-b39be4e7240a, PipelineID=d617462d-5a49-4751-90d2-ce73895df442]
2019-10-03 08:05:25,636 [EventQueue-StaleNodeForStaleNodeHandler] INFO  pipeline.SCMPipelineManager (SCMPipelineManager.java:finalizeAndDestroyPipeline(315)) - destroying pipeline:Pipeline[ Id: 07a2ff3b-dc0a-4208-a1e9-b39be4e7240a, Nodes: 53d3c6ae-db99-4dd0-8c0e-a3e43b0ef8d7{ip: 192.168.151.98, host: pr-hdds2217-2mkdc-371598885, networkLocation: /default-rack, certSerialId: null}, Type:RATIS, Factor:ONE, State:OPEN]
2019-10-03 08:05:25,636 [EventQueue-StaleNodeForStaleNodeHandler] INFO  pipeline.PipelineStateManager (PipelineStateManager.java:finalizePipeline(123)) - Pipeline Pipeline[ Id: 07a2ff3b-dc0a-4208-a1e9-b39be4e7240a, Nodes: 53d3c6ae-db99-4dd0-8c0e-a3e43b0ef8d7{ip: 192.168.151.98, host: pr-hdds2217-2mkdc-371598885, networkLocation: /default-rack, certSerialId: null}, Type:RATIS, Factor:ONE, State:CLOSED] moved to CLOSED state
2019-10-03 08:05:25,636 [EventQueue-StaleNodeForStaleNodeHandler] INFO  pipeline.SCMPipelineManager (SCMPipelineManager.java:finalizeAndDestroyPipeline(315)) - destroying pipeline:Pipeline[ Id: d617462d-5a49-4751-90d2-ce73895df442, Nodes: 4754d0d8-8434-40a3-99e5-ebfd08159131{ip: 192.168.151.98, host: pr-hdds2217-2mkdc-371598885, networkLocation: /default-rack, certSerialId: null}53d3c6ae-db99-4dd0-8c0e-a3e43b0ef8d7{ip: 192.168.151.98, host: pr-hdds2217-2mkdc-371598885, networkLocation: /default-rack, certSerialId: null}e81eb3a3-08d8-4434-b65f-c3267db03600{ip: 192.168.151.98, host: pr-hdds2217-2mkdc-371598885, networkLocation: /default-rack, certSerialId: null}, Type:RATIS, Factor:THREE, State:OPEN]
2019-10-03 08:05:25,637 [EventQueue-StaleNodeForStaleNodeHandler] INFO  pipeline.PipelineStateManager (PipelineStateManager.java:finalizePipeline(123)) - Pipeline Pipeline[ Id: d617462d-5a49-4751-90d2-ce73895df442, Nodes: 4754d0d8-8434-40a3-99e5-ebfd08159131{ip: 192.168.151.98, host: pr-hdds2217-2mkdc-371598885, networkLocation: /default-rack, certSerialId: null}53d3c6ae-db99-4dd0-8c0e-a3e43b0ef8d7{ip: 192.168.151.98, host: pr-hdds2217-2mkdc-371598885, networkLocation: /default-rack, certSerialId: null}e81eb3a3-08d8-4434-b65f-c3267db03600{ip: 192.168.151.98, host: pr-hdds2217-2mkdc-371598885, networkLocation: /default-rack, certSerialId: null}, Type:RATIS, Factor:THREE, State:CLOSED] moved to CLOSED state
2019-10-03 08:05:25,637 [EventQueue-CloseContainerForCloseContainerEventHandler] INFO  container.CloseContainerEventHandler (CloseContainerEventHandler.java:onMessage(61)) - Close container Event triggered for container : #1
2019-10-03 08:05:25,735 [EventQueue-StaleNodeForStaleNodeHandler] INFO  node.StaleNodeHandler (StaleNodeHandler.java:onMessage(58)) - Datanode e81eb3a3-08d8-4434-b65f-c3267db03600{ip: 192.168.151.98, host: pr-hdds2217-2mkdc-371598885, networkLocation: /default-rack, certSerialId: null} moved to stale state. Finalizing its pipelines [PipelineID=ab41e78f-e916-49b5-a483-3554bfc2611a, PipelineID=d617462d-5a49-4751-90d2-ce73895df442]
2019-10-03 08:05:25,742 [EventQueue-StaleNodeForStaleNodeHandler] INFO  pipeline.SCMPipelineManager (SCMPipelineManager.java:finalizeAndDestroyPipeline(315)) - destroying pipeline:Pipeline[ Id: ab41e78f-e916-49b5-a483-3554bfc2611a, Nodes: e81eb3a3-08d8-4434-b65f-c3267db03600{ip: 192.168.151.98, host: pr-hdds2217-2mkdc-371598885, networkLocation: /default-rack, certSerialId: null}, Type:RATIS, Factor:ONE, State:OPEN]
2019-10-03 08:05:25,744 [EventQueue-StaleNodeForStaleNodeHandler] INFO  pipeline.PipelineStateManager (PipelineStateManager.java:finalizePipeline(123)) - Pipeline Pipeline[ Id: ab41e78f-e916-49b5-a483-3554bfc2611a, Nodes: e81eb3a3-08d8-4434-b65f-c3267db03600{ip: 192.168.151.98, host: pr-hdds2217-2mkdc-371598885, networkLocation: /default-rack, certSerialId: null}, Type:RATIS, Factor:ONE, State:CLOSED] moved to CLOSED state
2019-10-03 08:05:25,744 [EventQueue-StaleNodeForStaleNodeHandler] INFO  pipeline.SCMPipelineManager (SCMPipelineManager.java:finalizeAndDestroyPipeline(315)) - destroying pipeline:Pipeline[ Id: d617462d-5a49-4751-90d2-ce73895df442, Nodes: 4754d0d8-8434-40a3-99e5-ebfd08159131{ip: 192.168.151.98, host: pr-hdds2217-2mkdc-371598885, networkLocation: /default-rack, certSerialId: null}53d3c6ae-db99-4dd0-8c0e-a3e43b0ef8d7{ip: 192.168.151.98, host: pr-hdds2217-2mkdc-371598885, networkLocation: /default-rack, certSerialId: null}e81eb3a3-08d8-4434-b65f-c3267db03600{ip: 192.168.151.98, host: pr-hdds2217-2mkdc-371598885, networkLocation: /default-rack, certSerialId: null}, Type:RATIS, Factor:THREE, State:CLOSED]
2019-10-03 08:05:26,498 [ForkJoinPool.commonPool-worker-1] INFO  ozoneimpl.OzoneContainer (OzoneContainer.java:stop(231)) - Attempting to stop container services.
2019-10-03 08:05:26,500 [ForkJoinPool.commonPool-worker-1] INFO  impl.RaftServerProxy (RaftServerProxy.java:lambda$close$4(314)) - e81eb3a3-08d8-4434-b65f-c3267db03600: close
2019-10-03 08:05:26,500 [ForkJoinPool.commonPool-worker-1] INFO  impl.RaftServerImpl (RaftServerImpl.java:lambda$shutdown$3(247)) - e81eb3a3-08d8-4434-b65f-c3267db03600@group-3554BFC2611A: shutdown
2019-10-03 08:05:26,501 [ForkJoinPool.commonPool-worker-1] INFO  util.JmxRegister (JmxRegister.java:unregister(73)) - Successfully un-registered JMX Bean with object name Ratis:service=RaftServer,group=group-3554BFC2611A,id=e81eb3a3-08d8-4434-b65f-c3267db03600
2019-10-03 08:05:26,501 [ForkJoinPool.commonPool-worker-1] INFO  impl.RoleInfo (RoleInfo.java:shutdownLeaderState(104)) - e81eb3a3-08d8-4434-b65f-c3267db03600: shutdown LeaderState
2019-10-03 08:05:26,502 [ForkJoinPool.commonPool-worker-1] INFO  impl.PendingRequests (PendingRequests.java:sendNotLeaderResponses(202)) - e81eb3a3-08d8-4434-b65f-c3267db03600@group-3554BFC2611A-PendingRequests: sendNotLeaderResponses
2019-10-03 08:05:26,504 [ForkJoinPool.commonPool-worker-1] INFO  impl.StateMachineUpdater (StateMachineUpdater.java:stopAndJoin(136)) - e81eb3a3-08d8-4434-b65f-c3267db03600@group-3554BFC2611A-StateMachineUpdater: set stopIndex = 0
2019-10-03 08:05:26,505 [ForkJoinPool.commonPool-worker-1] INFO  impl.RaftServerImpl (ServerState.java:close(387)) - e81eb3a3-08d8-4434-b65f-c3267db03600@group-3554BFC2611A: closes. applyIndex: 0
2019-10-03 08:05:26,506 [e81eb3a3-08d8-4434-b65f-c3267db03600@group-3554BFC2611A-SegmentedRaftLogWorker] INFO  segmented.SegmentedRaftLogWorker (SegmentedRaftLogWorker.java:run(316)) - e81eb3a3-08d8-4434-b65f-c3267db03600@group-3554BFC2611A-SegmentedRaftLogWorker was interrupted, exiting. There are 0 tasks remaining in the queue.
2019-10-03 08:05:26,513 [ForkJoinPool.commonPool-worker-1] INFO  segmented.SegmentedRaftLogWorker (SegmentedRaftLogWorker.java:close(224)) - e81eb3a3-08d8-4434-b65f-c3267db03600@group-3554BFC2611A-SegmentedRaftLogWorker close()
2019-10-03 08:05:26,516 [ForkJoinPool.commonPool-worker-1] INFO  impl.RaftServerImpl (RaftServerImpl.java:lambda$shutdown$3(247)) - e81eb3a3-08d8-4434-b65f-c3267db03600@group-CE73895DF442: shutdown
2019-10-03 08:05:26,516 [ForkJoinPool.commonPool-worker-1] INFO  util.JmxRegister (JmxRegister.java:unregister(73)) - Successfully un-registered JMX Bean with object name Ratis:service=RaftServer,group=group-CE73895DF442,id=e81eb3a3-08d8-4434-b65f-c3267db03600
2019-10-03 08:05:26,517 [ForkJoinPool.commonPool-worker-1] INFO  impl.RoleInfo (RoleInfo.java:shutdownFollowerState(121)) - e81eb3a3-08d8-4434-b65f-c3267db03600: shutdown FollowerState
2019-10-03 08:05:26,517 [ForkJoinPool.commonPool-worker-1] INFO  impl.StateMachineUpdater (StateMachineUpdater.java:stopAndJoin(136)) - e81eb3a3-08d8-4434-b65f-c3267db03600@group-CE73895DF442-StateMachineUpdater: set stopIndex = 16
2019-10-03 08:05:26,517 [Thread-321] INFO  impl.FollowerState (FollowerState.java:run(117)) - e81eb3a3-08d8-4434-b65f-c3267db03600@group-CE73895DF442-FollowerState was interrupted: java.lang.InterruptedException: sleep interrupted
2019-10-03 08:05:26,517 [e81eb3a3-08d8-4434-b65f-c3267db03600@group-CE73895DF442-StateMachineUpdater] INFO  ratis.ContainerStateMachine (ContainerStateMachine.java:takeSnapshot(293)) - group-CE73895DF442: Taking a snapshot at:(t:1, i:16) file /workdir/hadoop-ozone/integration-test/target/test-dir/MiniOzoneClusterImpl-30c11ea8-6136-4681-9d86-0e3c89bd7a94/datanode-2/data/ratis/d617462d-5a49-4751-90d2-ce73895df442/sm/snapshot.1_16
2019-10-03 08:05:26,526 [e81eb3a3-08d8-4434-b65f-c3267db03600@group-CE73895DF442-StateMachineUpdater] INFO  ratis.ContainerStateMachine (ContainerStateMachine.java:takeSnapshot(304)) - group-CE73895DF442: Finished taking a snapshot at:(t:1, i:16) file:/workdir/hadoop-ozone/integration-test/target/test-dir/MiniOzoneClusterImpl-30c11ea8-6136-4681-9d86-0e3c89bd7a94/datanode-2/data/ratis/d617462d-5a49-4751-90d2-ce73895df442/sm/snapshot.1_16 time:8
2019-10-03 08:05:26,526 [e81eb3a3-08d8-4434-b65f-c3267db03600@group-CE73895DF442-StateMachineUpdater] INFO  impl.StateMachineUpdater (StateMachineUpdater.java:takeSnapshot(269)) - e81eb3a3-08d8-4434-b65f-c3267db03600@group-CE73895DF442-StateMachineUpdater: Took a snapshot at index 16
2019-10-03 08:05:26,526 [e81eb3a3-08d8-4434-b65f-c3267db03600@group-CE73895DF442-StateMachineUpdater] INFO  impl.StateMachineUpdater (StateMachineUpdater.java:lambda$new$0(84)) - e81eb3a3-08d8-4434-b65f-c3267db03600@group-CE73895DF442-StateMachineUpdater: snapshotIndex: updateIncreasingly -1 -> 16
2019-10-03 08:05:26,527 [ForkJoinPool.commonPool-worker-1] INFO  impl.RaftServerImpl (ServerState.java:close(387)) - e81eb3a3-08d8-4434-b65f-c3267db03600@group-CE73895DF442: closes. applyIndex: 16
2019-10-03 08:05:26,528 [e81eb3a3-08d8-4434-b65f-c3267db03600@group-CE73895DF442-SegmentedRaftLogWorker] INFO  segmented.SegmentedRaftLogWorker (SegmentedRaftLogWorker.java:run(316)) - e81eb3a3-08d8-4434-b65f-c3267db03600@group-CE73895DF442-SegmentedRaftLogWorker was interrupted, exiting. There are 0 tasks remaining in the queue.
2019-10-03 08:05:26,529 [ForkJoinPool.commonPool-worker-1] INFO  segmented.SegmentedRaftLogWorker (SegmentedRaftLogWorker.java:close(224)) - e81eb3a3-08d8-4434-b65f-c3267db03600@group-CE73895DF442-SegmentedRaftLogWorker close()
2019-10-03 08:05:26,533 [ForkJoinPool.commonPool-worker-1] INFO  server.GrpcService (GrpcService.java:closeImpl(164)) - e81eb3a3-08d8-4434-b65f-c3267db03600: shutdown server with port 46178 now
2019-10-03 08:05:26,548 [main] INFO  ozoneimpl.OzoneContainer (OzoneContainer.java:stop(231)) - Attempting to stop container services.
2019-10-03 08:05:26,549 [main] INFO  impl.RaftServerProxy (RaftServerProxy.java:lambda$close$4(314)) - 53d3c6ae-db99-4dd0-8c0e-a3e43b0ef8d7: close
2019-10-03 08:05:26,549 [ForkJoinPool.commonPool-worker-1] INFO  server.GrpcService (GrpcService.java:closeImpl(172)) - e81eb3a3-08d8-4434-b65f-c3267db03600: shutdown server with port 46178 successfully
2019-10-03 08:05:26,550 [main] INFO  impl.RaftServerImpl (RaftServerImpl.java:lambda$shutdown$3(247)) - 53d3c6ae-db99-4dd0-8c0e-a3e43b0ef8d7@group-B39BE4E7240A: shutdown
2019-10-03 08:05:26,550 [grpc-default-executor-2] WARN  server.GrpcServerProtocolService (LogUtils.java:warn(134)) - e81eb3a3-08d8-4434-b65f-c3267db03600: installSnapshot onError, lastRequest: 53d3c6ae-db99-4dd0-8c0e-a3e43b0ef8d7->e81eb3a3-08d8-4434-b65f-c3267db03600#21-t1, previous=(t:1, i:16), leaderCommit=16, initializing? false, entries: <empty>: org.apache.ratis.thirdparty.io.grpc.StatusRuntimeException: CANCELLED: cancelled before receiving half close
2019-10-03 08:05:26,551 [main] INFO  util.JmxRegister (JmxRegister.java:unregister(73)) - Successfully un-registered JMX Bean with object name Ratis:service=RaftServer,group=group-B39BE4E7240A,id=53d3c6ae-db99-4dd0-8c0e-a3e43b0ef8d7
2019-10-03 08:05:26,552 [main] INFO  impl.RoleInfo (RoleInfo.java:shutdownLeaderState(104)) - 53d3c6ae-db99-4dd0-8c0e-a3e43b0ef8d7: shutdown LeaderState
2019-10-03 08:05:26,552 [grpc-default-executor-1] WARN  server.GrpcLogAppender (LogUtils.java:warn(134)) - 53d3c6ae-db99-4dd0-8c0e-a3e43b0ef8d7@group-CE73895DF442->e81eb3a3-08d8-4434-b65f-c3267db03600-AppendLogResponseHandler: Failed appendEntries: org.apache.ratis.thirdparty.io.grpc.StatusRuntimeException: CANCELLED: HTTP/2 error code: CANCEL
Received Rst Stream
2019-10-03 08:05:26,552 [refreshUsed-/workdir/hadoop-ozone/integration-test/target/test-dir/MiniOzoneClusterImpl-30c11ea8-6136-4681-9d86-0e3c89bd7a94/datanode-2/data/containers] WARN  fs.CachingGetSpaceUsed (CachingGetSpaceUsed.java:run(183)) - Thread Interrupted waiting to refresh disk information: sleep interrupted
2019-10-03 08:05:26,552 [main] INFO  impl.PendingRequests (PendingRequests.java:sendNotLeaderResponses(202)) - 53d3c6ae-db99-4dd0-8c0e-a3e43b0ef8d7@group-B39BE4E7240A-PendingRequests: sendNotLeaderResponses
2019-10-03 08:05:26,558 [grpc-default-executor-1] INFO  impl.FollowerInfo (FollowerInfo.java:lambda$new$0(51)) - 53d3c6ae-db99-4dd0-8c0e-a3e43b0ef8d7@group-CE73895DF442->e81eb3a3-08d8-4434-b65f-c3267db03600: nextIndex: updateUnconditionally 17 -> 16
2019-10-03 08:05:26,558 [main] INFO  impl.StateMachineUpdater (StateMachineUpdater.java:stopAndJoin(136)) - 53d3c6ae-db99-4dd0-8c0e-a3e43b0ef8d7@group-B39BE4E7240A-StateMachineUpdater: set stopIndex = 0
2019-10-03 08:05:26,559 [main] INFO  impl.RaftServerImpl (ServerState.java:close(387)) - 53d3c6ae-db99-4dd0-8c0e-a3e43b0ef8d7@group-B39BE4E7240A: closes. applyIndex: 0
2019-10-03 08:05:26,560 [53d3c6ae-db99-4dd0-8c0e-a3e43b0ef8d7@group-B39BE4E7240A-SegmentedRaftLogWorker] INFO  segmented.SegmentedRaftLogWorker (SegmentedRaftLogWorker.java:run(316)) - 53d3c6ae-db99-4dd0-8c0e-a3e43b0ef8d7@group-B39BE4E7240A-SegmentedRaftLogWorker was interrupted, exiting. There are 0 tasks remaining in the queue.
2019-10-03 08:05:26,562 [main] INFO  segmented.SegmentedRaftLogWorker (SegmentedRaftLogWorker.java:close(224)) - 53d3c6ae-db99-4dd0-8c0e-a3e43b0ef8d7@group-B39BE4E7240A-SegmentedRaftLogWorker close()
2019-10-03 08:05:26,565 [main] INFO  impl.RaftServerImpl (RaftServerImpl.java:lambda$shutdown$3(247)) - 53d3c6ae-db99-4dd0-8c0e-a3e43b0ef8d7@group-CE73895DF442: shutdown
2019-10-03 08:05:26,567 [main] INFO  util.JmxRegister (JmxRegister.java:unregister(73)) - Successfully un-registered JMX Bean with object name Ratis:service=RaftServer,group=group-CE73895DF442,id=53d3c6ae-db99-4dd0-8c0e-a3e43b0ef8d7
2019-10-03 08:05:26,568 [main] INFO  impl.RoleInfo (RoleInfo.java:shutdownLeaderState(104)) - 53d3c6ae-db99-4dd0-8c0e-a3e43b0ef8d7: shutdown LeaderState
2019-10-03 08:05:26,570 [main] INFO  impl.PendingRequests (PendingRequests.java:sendNotLeaderResponses(202)) - 53d3c6ae-db99-4dd0-8c0e-a3e43b0ef8d7@group-CE73895DF442-PendingRequests: sendNotLeaderResponses
2019-10-03 08:05:26,570 [org.apache.ratis.server.impl.LogAppender$AppenderDaemon$$Lambda$535/667578210@7e38a663] WARN  server.GrpcLogAppender (GrpcLogAppender.java:mayWait(143)) - 53d3c6ae-db99-4dd0-8c0e-a3e43b0ef8d7@group-CE73895DF442->4754d0d8-8434-40a3-99e5-ebfd08159131-GrpcLogAppender: Wait interrupted by java.lang.InterruptedException
2019-10-03 08:05:26,570 [org.apache.ratis.server.impl.LogAppender$AppenderDaemon$$Lambda$535/667578210@5d798f70] WARN  server.GrpcLogAppender (GrpcLogAppender.java:mayWait(143)) - 53d3c6ae-db99-4dd0-8c0e-a3e43b0ef8d7@group-CE73895DF442->e81eb3a3-08d8-4434-b65f-c3267db03600-GrpcLogAppender: Wait interrupted by java.lang.InterruptedException
2019-10-03 08:05:26,573 [main] INFO  impl.StateMachineUpdater (StateMachineUpdater.java:stopAndJoin(136)) - 53d3c6ae-db99-4dd0-8c0e-a3e43b0ef8d7@group-CE73895DF442-StateMachineUpdater: set stopIndex = 16
2019-10-03 08:05:26,574 [grpc-default-executor-1] INFO  server.GrpcServerProtocolService (GrpcServerProtocolService.java:onCompleted(113)) - 4754d0d8-8434-40a3-99e5-ebfd08159131: Completed APPEND_ENTRIES, lastRequest: 53d3c6ae-db99-4dd0-8c0e-a3e43b0ef8d7->4754d0d8-8434-40a3-99e5-ebfd08159131#22-t1, previous=(t:1, i:16), leaderCommit=16, initializing? false, entries: <empty>
2019-10-03 08:05:26,573 [53d3c6ae-db99-4dd0-8c0e-a3e43b0ef8d7@group-CE73895DF442-StateMachineUpdater] INFO  ratis.ContainerStateMachine (ContainerStateMachine.java:takeSnapshot(293)) - group-CE73895DF442: Taking a snapshot at:(t:1, i:15) file /workdir/hadoop-ozone/integration-test/target/test-dir/MiniOzoneClusterImpl-30c11ea8-6136-4681-9d86-0e3c89bd7a94/datanode-6/data/ratis/d617462d-5a49-4751-90d2-ce73895df442/sm/snapshot.1_15
2019-10-03 08:05:26,577 [grpc-default-executor-2] INFO  server.GrpcLogAppender (GrpcLogAppender.java:onCompleted(293)) - 53d3c6ae-db99-4dd0-8c0e-a3e43b0ef8d7@group-CE73895DF442->4754d0d8-8434-40a3-99e5-ebfd08159131-AppendLogResponseHandler: follower responses appendEntries COMPLETED
2019-10-03 08:05:26,579 [grpc-default-executor-2] INFO  impl.FollowerInfo (FollowerInfo.java:lambda$new$0(51)) - 53d3c6ae-db99-4dd0-8c0e-a3e43b0ef8d7@group-CE73895DF442->4754d0d8-8434-40a3-99e5-ebfd08159131: nextIndex: updateUnconditionally 17 -> 16
2019-10-03 08:05:26,587 [53d3c6ae-db99-4dd0-8c0e-a3e43b0ef8d7@group-CE73895DF442-StateMachineUpdater] INFO  ratis.ContainerStateMachine (ContainerStateMachine.java:takeSnapshot(304)) - group-CE73895DF442: Finished taking a snapshot at:(t:1, i:15) file:/workdir/hadoop-ozone/integration-test/target/test-dir/MiniOzoneClusterImpl-30c11ea8-6136-4681-9d86-0e3c89bd7a94/datanode-6/data/ratis/d617462d-5a49-4751-90d2-ce73895df442/sm/snapshot.1_15 time:14
2019-10-03 08:05:26,587 [53d3c6ae-db99-4dd0-8c0e-a3e43b0ef8d7@group-CE73895DF442-StateMachineUpdater] INFO  impl.StateMachineUpdater (StateMachineUpdater.java:takeSnapshot(269)) - 53d3c6ae-db99-4dd0-8c0e-a3e43b0ef8d7@group-CE73895DF442-StateMachineUpdater: Took a snapshot at index 15
2019-10-03 08:05:26,588 [53d3c6ae-db99-4dd0-8c0e-a3e43b0ef8d7@group-CE73895DF442-StateMachineUpdater] INFO  impl.StateMachineUpdater (StateMachineUpdater.java:lambda$new$0(84)) - 53d3c6ae-db99-4dd0-8c0e-a3e43b0ef8d7@group-CE73895DF442-StateMachineUpdater: snapshotIndex: updateIncreasingly -1 -> 15
2019-10-03 08:05:26,588 [53d3c6ae-db99-4dd0-8c0e-a3e43b0ef8d7@group-CE73895DF442-StateMachineUpdater] INFO  ratis.ContainerStateMachine (ContainerStateMachine.java:takeSnapshot(293)) - group-CE73895DF442: Taking a snapshot at:(t:1, i:15) file /workdir/hadoop-ozone/integration-test/target/test-dir/MiniOzoneClusterImpl-30c11ea8-6136-4681-9d86-0e3c89bd7a94/datanode-6/data/ratis/d617462d-5a49-4751-90d2-ce73895df442/sm/snapshot.1_15
2019-10-03 08:05:26,589 [ForkJoinPool.commonPool-worker-1] INFO  utils.BackgroundService (BackgroundService.java:shutdown(148)) - Shutting down service BlockDeletingService
2019-10-03 08:05:26,592 [53d3c6ae-db99-4dd0-8c0e-a3e43b0ef8d7@group-CE73895DF442-StateMachineUpdater] INFO  ratis.ContainerStateMachine (ContainerStateMachine.java:takeSnapshot(304)) - group-CE73895DF442: Finished taking a snapshot at:(t:1, i:15) file:/workdir/hadoop-ozone/integration-test/target/test-dir/MiniOzoneClusterImpl-30c11ea8-6136-4681-9d86-0e3c89bd7a94/datanode-6/data/ratis/d617462d-5a49-4751-90d2-ce73895df442/sm/snapshot.1_15 time:4
2019-10-03 08:05:26,593 [53d3c6ae-db99-4dd0-8c0e-a3e43b0ef8d7@group-CE73895DF442-StateMachineUpdater] INFO  impl.StateMachineUpdater (StateMachineUpdater.java:takeSnapshot(269)) - 53d3c6ae-db99-4dd0-8c0e-a3e43b0ef8d7@group-CE73895DF442-StateMachineUpdater: Took a snapshot at index 15
2019-10-03 08:05:26,594 [ForkJoinPool.commonPool-worker-1] INFO  statemachine.DatanodeStateMachine (DatanodeStateMachine.java:stopDaemon(395)) - Ozone container server stopped.
2019-10-03 08:05:26,594 [53d3c6ae-db99-4dd0-8c0e-a3e43b0ef8d7@group-CE73895DF442-StateMachineUpdater] INFO  impl.StateMachineUpdater (StateMachineUpdater.java:lambda$new$0(84)) - 53d3c6ae-db99-4dd0-8c0e-a3e43b0ef8d7@group-CE73895DF442-StateMachineUpdater: snapshotIndex: updateIncreasingly 15 -> 15
2019-10-03 08:05:26,596 [main] INFO  impl.RaftServerImpl (ServerState.java:close(387)) - 53d3c6ae-db99-4dd0-8c0e-a3e43b0ef8d7@group-CE73895DF442: closes. applyIndex: 16
2019-10-03 08:05:26,597 [53d3c6ae-db99-4dd0-8c0e-a3e43b0ef8d7@group-CE73895DF442-SegmentedRaftLogWorker] INFO  segmented.SegmentedRaftLogWorker (SegmentedRaftLogWorker.java:run(316)) - 53d3c6ae-db99-4dd0-8c0e-a3e43b0ef8d7@group-CE73895DF442-SegmentedRaftLogWorker was interrupted, exiting. There are 0 tasks remaining in the queue.
2019-10-03 08:05:26,598 [main] INFO  segmented.SegmentedRaftLogWorker (SegmentedRaftLogWorker.java:close(224)) - 53d3c6ae-db99-4dd0-8c0e-a3e43b0ef8d7@group-CE73895DF442-SegmentedRaftLogWorker close()
2019-10-03 08:05:26,600 [main] INFO  server.GrpcService (GrpcService.java:closeImpl(164)) - 53d3c6ae-db99-4dd0-8c0e-a3e43b0ef8d7: shutdown server with port 43527 now
2019-10-03 08:05:26,602 [ForkJoinPool.commonPool-worker-1] INFO  handler.ContextHandler (ContextHandler.java:doStop(910)) - Stopped o.e.j.w.WebAppContext@4ce94d2f{/,null,UNAVAILABLE}{/hddsDatanode}
2019-10-03 08:05:26,604 [main] INFO  server.GrpcService (GrpcService.java:closeImpl(172)) - 53d3c6ae-db99-4dd0-8c0e-a3e43b0ef8d7: shutdown server with port 43527 successfully
2019-10-03 08:05:26,604 [ForkJoinPool.commonPool-worker-1] INFO  server.AbstractConnector (AbstractConnector.java:doStop(318)) - Stopped ServerConnector@68ab0936{HTTP/1.1,[http/1.1]}{0.0.0.0:0}
2019-10-03 08:05:26,605 [grpc-default-executor-0] WARN  client.GrpcClientProtocolService (LogUtils.java:warn(134)) - 2-UnorderedRequestStreamObserver2: onError: org.apache.ratis.thirdparty.io.grpc.StatusRuntimeException: CANCELLED: cancelled before receiving half close
2019-10-03 08:05:26,606 [ForkJoinPool.commonPool-worker-1] INFO  handler.ContextHandler (ContextHandler.java:doStop(910)) - Stopped o.e.j.s.ServletContextHandler@fc807c1{/static,jar:file:/home/user/.m2/repository/org/apache/hadoop/hadoop-hdds-container-service/0.5.0-SNAPSHOT/hadoop-hdds-container-service-0.5.0-SNAPSHOT.jar!/webapps/static,UNAVAILABLE}
2019-10-03 08:05:26,607 [ForkJoinPool.commonPool-worker-1] INFO  handler.ContextHandler (ContextHandler.java:doStop(910)) - Stopped o.e.j.s.ServletContextHandler@2f2bff16{/logs,file:///workdir/hadoop-ozone/integration-test/target/log,UNAVAILABLE}
2019-10-03 08:05:26,614 [refreshUsed-/workdir/hadoop-ozone/integration-test/target/test-dir/MiniOzoneClusterImpl-30c11ea8-6136-4681-9d86-0e3c89bd7a94/datanode-6/data/containers] WARN  fs.CachingGetSpaceUsed (CachingGetSpaceUsed.java:run(183)) - Thread Interrupted waiting to refresh disk information: sleep interrupted
2019-10-03 08:05:26,627 [main] INFO  utils.BackgroundService (BackgroundService.java:shutdown(148)) - Shutting down service BlockDeletingService
2019-10-03 08:05:26,631 [main] INFO  statemachine.DatanodeStateMachine (DatanodeStateMachine.java:stopDaemon(395)) - Ozone container server stopped.
2019-10-03 08:05:26,632 [main] INFO  handler.ContextHandler (ContextHandler.java:doStop(910)) - Stopped o.e.j.w.WebAppContext@378f002a{/,null,UNAVAILABLE}{/hddsDatanode}
2019-10-03 08:05:26,632 [main] INFO  server.AbstractConnector (AbstractConnector.java:doStop(318)) - Stopped ServerConnector@1afd72ef{HTTP/1.1,[http/1.1]}{0.0.0.0:0}
2019-10-03 08:05:26,632 [main] INFO  handler.ContextHandler (ContextHandler.java:doStop(910)) - Stopped o.e.j.s.ServletContextHandler@74e6094b{/static,jar:file:/home/user/.m2/repository/org/apache/hadoop/hadoop-hdds-container-service/0.5.0-SNAPSHOT/hadoop-hdds-container-service-0.5.0-SNAPSHOT.jar!/webapps/static,UNAVAILABLE}
2019-10-03 08:05:26,633 [main] INFO  handler.ContextHandler (ContextHandler.java:doStop(910)) - Stopped o.e.j.s.ServletContextHandler@3e3315d9{/logs,file:///workdir/hadoop-ozone/integration-test/target/log,UNAVAILABLE}
2019-10-03 08:05:26,710 [Datanode State Machine Thread - 0] INFO  statemachine.DatanodeStateMachine (DatanodeStateMachine.java:lambda$startDaemon$0(350)) - Ozone container server started.
2019-10-03 08:05:27,275 [Datanode State Machine Thread - 0] INFO  statemachine.DatanodeStateMachine (DatanodeStateMachine.java:lambda$startDaemon$0(350)) - Ozone container server started.
2019-10-03 08:05:28,185 [Thread-308] INFO  impl.FollowerState (FollowerState.java:run(108)) - d7cf2482-ed45-4607-912d-f49f9cee1bc5@group-B016A05F4E6A-FollowerState: change to CANDIDATE, lastRpcTime:6875ms, electionTimeout:5130ms
2019-10-03 08:05:28,185 [Thread-308] INFO  impl.RoleInfo (RoleInfo.java:shutdownFollowerState(121)) - d7cf2482-ed45-4607-912d-f49f9cee1bc5: shutdown FollowerState
2019-10-03 08:05:28,186 [Thread-308] INFO  impl.RaftServerImpl (RaftServerImpl.java:setRole(170)) - d7cf2482-ed45-4607-912d-f49f9cee1bc5@group-B016A05F4E6A: changes role from  FOLLOWER to CANDIDATE at term 1 for changeToCandidate
2019-10-03 08:05:28,186 [Thread-308] INFO  impl.RoleInfo (RoleInfo.java:updateAndGet(143)) - d7cf2482-ed45-4607-912d-f49f9cee1bc5: start LeaderElection
2019-10-03 08:05:28,188 [d7cf2482-ed45-4607-912d-f49f9cee1bc5@group-B016A05F4E6A-LeaderElection11] INFO  impl.RaftServerImpl (ServerState.java:setLeader(255)) - d7cf2482-ed45-4607-912d-f49f9cee1bc5@group-B016A05F4E6A: change Leader from 9b557557-b0be-413c-b212-b08725bb712a to null at term 1 for initElection
2019-10-03 08:05:28,201 [d7cf2482-ed45-4607-912d-f49f9cee1bc5@group-B016A05F4E6A-LeaderElection11] INFO  impl.LeaderElection (LeaderElection.java:askForVotes(178)) - d7cf2482-ed45-4607-912d-f49f9cee1bc5@group-B016A05F4E6A-LeaderElection11: begin an election at term 2 for 0: [d7cf2482-ed45-4607-912d-f49f9cee1bc5:192.168.151.98:34953, 2ab5f8f3-6b97-406f-a282-d8983dd7b0b3:192.168.151.98:45294, 9b557557-b0be-413c-b212-b08725bb712a:192.168.151.98:45590], old=null
2019-10-03 08:05:28,212 [grpc-default-executor-0] INFO  impl.RaftServerImpl (ServerState.java:setLeader(255)) - 2ab5f8f3-6b97-406f-a282-d8983dd7b0b3@group-B016A05F4E6A: change Leader from 9b557557-b0be-413c-b212-b08725bb712a to null at term 2 for updateCurrentTerm
2019-10-03 08:05:28,212 [grpc-default-executor-0] INFO  impl.RaftServerImpl (RaftServerImpl.java:setRole(170)) - 2ab5f8f3-6b97-406f-a282-d8983dd7b0b3@group-B016A05F4E6A: changes role from  FOLLOWER to FOLLOWER at term 2 for recognizeCandidate:d7cf2482-ed45-4607-912d-f49f9cee1bc5
2019-10-03 08:05:28,212 [grpc-default-executor-0] INFO  impl.RoleInfo (RoleInfo.java:shutdownFollowerState(121)) - 2ab5f8f3-6b97-406f-a282-d8983dd7b0b3: shutdown FollowerState
2019-10-03 08:05:28,212 [grpc-default-executor-0] INFO  impl.RoleInfo (RoleInfo.java:updateAndGet(143)) - 2ab5f8f3-6b97-406f-a282-d8983dd7b0b3: start FollowerState
2019-10-03 08:05:28,213 [Thread-309] INFO  impl.FollowerState (FollowerState.java:run(117)) - 2ab5f8f3-6b97-406f-a282-d8983dd7b0b3@group-B016A05F4E6A-FollowerState was interrupted: java.lang.InterruptedException: sleep interrupted
2019-10-03 08:05:28,221 [d7cf2482-ed45-4607-912d-f49f9cee1bc5@group-B016A05F4E6A-LeaderElection11] INFO  impl.LeaderElection (LogUtils.java:infoOrTrace(149)) - d7cf2482-ed45-4607-912d-f49f9cee1bc5@group-B016A05F4E6A-LeaderElection11 got exception when requesting votes: {}
java.util.concurrent.ExecutionException: org.apache.ratis.thirdparty.io.grpc.StatusRuntimeException: UNAVAILABLE: io exception
	at java.util.concurrent.FutureTask.report(FutureTask.java:122)
	at java.util.concurrent.FutureTask.get(FutureTask.java:192)
	at org.apache.ratis.server.impl.LeaderElection.waitForResults(LeaderElection.java:259)
	at org.apache.ratis.server.impl.LeaderElection.askForVotes(LeaderElection.java:197)
	at org.apache.ratis.server.impl.LeaderElection.run(LeaderElection.java:133)
	at java.lang.Thread.run(Thread.java:748)
Caused by: org.apache.ratis.thirdparty.io.grpc.StatusRuntimeException: UNAVAILABLE: io exception
	at org.apache.ratis.thirdparty.io.grpc.stub.ClientCalls.toStatusRuntimeException(ClientCalls.java:233)
	at org.apache.ratis.thirdparty.io.grpc.stub.ClientCalls.getUnchecked(ClientCalls.java:214)
	at org.apache.ratis.thirdparty.io.grpc.stub.ClientCalls.blockingUnaryCall(ClientCalls.java:139)
	at org.apache.ratis.proto.grpc.RaftServerProtocolServiceGrpc$RaftServerProtocolServiceBlockingStub.requestVote(RaftServerProtocolServiceGrpc.java:265)
	at org.apache.ratis.grpc.server.GrpcServerProtocolClient.requestVote(GrpcServerProtocolClient.java:99)
	at org.apache.ratis.grpc.server.GrpcService.requestVote(GrpcService.java:204)
	at org.apache.ratis.server.impl.LeaderElection.lambda$submitRequests$1(LeaderElection.java:234)
	at java.util.concurrent.FutureTask.run(FutureTask.java:266)
	at java.util.concurrent.Executors$RunnableAdapter.call(Executors.java:511)
	at java.util.concurrent.FutureTask.run(FutureTask.java:266)
	at java.util.concurrent.ThreadPoolExecutor.runWorker(ThreadPoolExecutor.java:1149)
	at java.util.concurrent.ThreadPoolExecutor$Worker.run(ThreadPoolExecutor.java:624)
	... 1 more
Caused by: org.apache.ratis.thirdparty.io.netty.channel.AbstractChannel$AnnotatedConnectException: Connection refused: /192.168.151.98:45590
	at sun.nio.ch.SocketChannelImpl.checkConnect(Native Method)
	at sun.nio.ch.SocketChannelImpl.finishConnect(SocketChannelImpl.java:717)
	at org.apache.ratis.thirdparty.io.netty.channel.socket.nio.NioSocketChannel.doFinishConnect(NioSocketChannel.java:327)
	at org.apache.ratis.thirdparty.io.netty.channel.nio.AbstractNioChannel$AbstractNioUnsafe.finishConnect(AbstractNioChannel.java:340)
	at org.apache.ratis.thirdparty.io.netty.channel.nio.NioEventLoop.processSelectedKey(NioEventLoop.java:632)
	at org.apache.ratis.thirdparty.io.netty.channel.nio.NioEventLoop.processSelectedKeysOptimized(NioEventLoop.java:579)
	at org.apache.ratis.thirdparty.io.netty.channel.nio.NioEventLoop.processSelectedKeys(NioEventLoop.java:496)
	at org.apache.ratis.thirdparty.io.netty.channel.nio.NioEventLoop.run(NioEventLoop.java:458)
	at org.apache.ratis.thirdparty.io.netty.util.concurrent.SingleThreadEventExecutor$5.run(SingleThreadEventExecutor.java:897)
	at org.apache.ratis.thirdparty.io.netty.util.concurrent.FastThreadLocalRunnable.run(FastThreadLocalRunnable.java:30)
	... 1 more
Caused by: java.net.ConnectException: Connection refused
	... 11 more
2019-10-03 08:05:28,232 [d7cf2482-ed45-4607-912d-f49f9cee1bc5@group-B016A05F4E6A-LeaderElection11] INFO  impl.LeaderElection (LeaderElection.java:logAndReturn(56)) - d7cf2482-ed45-4607-912d-f49f9cee1bc5@group-B016A05F4E6A-LeaderElection11: Election PASSED; received 1 response(s) [d7cf2482-ed45-4607-912d-f49f9cee1bc5<-2ab5f8f3-6b97-406f-a282-d8983dd7b0b3#0:OK-t2] and 1 exception(s); d7cf2482-ed45-4607-912d-f49f9cee1bc5@group-B016A05F4E6A:t2, leader=null, voted=d7cf2482-ed45-4607-912d-f49f9cee1bc5, raftlog=d7cf2482-ed45-4607-912d-f49f9cee1bc5@group-B016A05F4E6A-SegmentedRaftLog:OPENED:c4,f4,i4, conf=0: [d7cf2482-ed45-4607-912d-f49f9cee1bc5:192.168.151.98:34953, 2ab5f8f3-6b97-406f-a282-d8983dd7b0b3:192.168.151.98:45294, 9b557557-b0be-413c-b212-b08725bb712a:192.168.151.98:45590], old=null
2019-10-03 08:05:28,232 [d7cf2482-ed45-4607-912d-f49f9cee1bc5@group-B016A05F4E6A-LeaderElection11] INFO  impl.LeaderElection (LogUtils.java:infoOrTrace(149)) -   Exception 0: {}
java.util.concurrent.ExecutionException: org.apache.ratis.thirdparty.io.grpc.StatusRuntimeException: UNAVAILABLE: io exception
	at java.util.concurrent.FutureTask.report(FutureTask.java:122)
	at java.util.concurrent.FutureTask.get(FutureTask.java:192)
	at org.apache.ratis.server.impl.LeaderElection.waitForResults(LeaderElection.java:259)
	at org.apache.ratis.server.impl.LeaderElection.askForVotes(LeaderElection.java:197)
	at org.apache.ratis.server.impl.LeaderElection.run(LeaderElection.java:133)
	at java.lang.Thread.run(Thread.java:748)
Caused by: org.apache.ratis.thirdparty.io.grpc.StatusRuntimeException: UNAVAILABLE: io exception
	at org.apache.ratis.thirdparty.io.grpc.stub.ClientCalls.toStatusRuntimeException(ClientCalls.java:233)
	at org.apache.ratis.thirdparty.io.grpc.stub.ClientCalls.getUnchecked(ClientCalls.java:214)
	at org.apache.ratis.thirdparty.io.grpc.stub.ClientCalls.blockingUnaryCall(ClientCalls.java:139)
	at org.apache.ratis.proto.grpc.RaftServerProtocolServiceGrpc$RaftServerProtocolServiceBlockingStub.requestVote(RaftServerProtocolServiceGrpc.java:265)
	at org.apache.ratis.grpc.server.GrpcServerProtocolClient.requestVote(GrpcServerProtocolClient.java:99)
	at org.apache.ratis.grpc.server.GrpcService.requestVote(GrpcService.java:204)
	at org.apache.ratis.server.impl.LeaderElection.lambda$submitRequests$1(LeaderElection.java:234)
	at java.util.concurrent.FutureTask.run(FutureTask.java:266)
	at java.util.concurrent.Executors$RunnableAdapter.call(Executors.java:511)
	at java.util.concurrent.FutureTask.run(FutureTask.java:266)
	at java.util.concurrent.ThreadPoolExecutor.runWorker(ThreadPoolExecutor.java:1149)
	at java.util.concurrent.ThreadPoolExecutor$Worker.run(ThreadPoolExecutor.java:624)
	... 1 more
Caused by: org.apache.ratis.thirdparty.io.netty.channel.AbstractChannel$AnnotatedConnectException: Connection refused: /192.168.151.98:45590
	at sun.nio.ch.SocketChannelImpl.checkConnect(Native Method)
	at sun.nio.ch.SocketChannelImpl.finishConnect(SocketChannelImpl.java:717)
	at org.apache.ratis.thirdparty.io.netty.channel.socket.nio.NioSocketChannel.doFinishConnect(NioSocketChannel.java:327)
	at org.apache.ratis.thirdparty.io.netty.channel.nio.AbstractNioChannel$AbstractNioUnsafe.finishConnect(AbstractNioChannel.java:340)
	at org.apache.ratis.thirdparty.io.netty.channel.nio.NioEventLoop.processSelectedKey(NioEventLoop.java:632)
	at org.apache.ratis.thirdparty.io.netty.channel.nio.NioEventLoop.processSelectedKeysOptimized(NioEventLoop.java:579)
	at org.apache.ratis.thirdparty.io.netty.channel.nio.NioEventLoop.processSelectedKeys(NioEventLoop.java:496)
	at org.apache.ratis.thirdparty.io.netty.channel.nio.NioEventLoop.run(NioEventLoop.java:458)
	at org.apache.ratis.thirdparty.io.netty.util.concurrent.SingleThreadEventExecutor$5.run(SingleThreadEventExecutor.java:897)
	at org.apache.ratis.thirdparty.io.netty.util.concurrent.FastThreadLocalRunnable.run(FastThreadLocalRunnable.java:30)
	... 1 more
Caused by: java.net.ConnectException: Connection refused
	... 11 more
2019-10-03 08:05:28,233 [d7cf2482-ed45-4607-912d-f49f9cee1bc5@group-B016A05F4E6A-LeaderElection11] INFO  impl.RoleInfo (RoleInfo.java:shutdownLeaderElection(134)) - d7cf2482-ed45-4607-912d-f49f9cee1bc5: shutdown LeaderElection
2019-10-03 08:05:28,234 [d7cf2482-ed45-4607-912d-f49f9cee1bc5@group-B016A05F4E6A-LeaderElection11] INFO  impl.RaftServerImpl (RaftServerImpl.java:setRole(170)) - d7cf2482-ed45-4607-912d-f49f9cee1bc5@group-B016A05F4E6A: changes role from CANDIDATE to LEADER at term 2 for changeToLeader
2019-10-03 08:05:28,235 [d7cf2482-ed45-4607-912d-f49f9cee1bc5@group-B016A05F4E6A-LeaderElection11] INFO  impl.RaftServerImpl (ServerState.java:setLeader(255)) - d7cf2482-ed45-4607-912d-f49f9cee1bc5@group-B016A05F4E6A: change Leader from null to d7cf2482-ed45-4607-912d-f49f9cee1bc5 at term 2 for becomeLeader, leader elected after 46ms
2019-10-03 08:05:28,235 [d7cf2482-ed45-4607-912d-f49f9cee1bc5@group-B016A05F4E6A-LeaderElection11] INFO  server.RaftServerConfigKeys (ConfUtils.java:logGet(43)) - raft.server.staging.catchup.gap = 1000 (default)
2019-10-03 08:05:28,235 [d7cf2482-ed45-4607-912d-f49f9cee1bc5@group-B016A05F4E6A-LeaderElection11] INFO  server.RaftServerConfigKeys (ConfUtils.java:logGet(43)) - raft.server.rpc.sleep.time = 25ms (default)
2019-10-03 08:05:28,235 [d7cf2482-ed45-4607-912d-f49f9cee1bc5@group-B016A05F4E6A-LeaderElection11] INFO  server.RaftServerConfigKeys (ConfUtils.java:logGet(43)) - raft.server.write.element-limit = 4096 (default)
2019-10-03 08:05:28,236 [d7cf2482-ed45-4607-912d-f49f9cee1bc5@group-B016A05F4E6A-LeaderElection11] INFO  server.RaftServerConfigKeys (ConfUtils.java:logGet(43)) - raft.server.watch.timeout = 10s (default)
2019-10-03 08:05:28,236 [d7cf2482-ed45-4607-912d-f49f9cee1bc5@group-B016A05F4E6A-LeaderElection11] INFO  server.RaftServerConfigKeys (ConfUtils.java:logGet(43)) - raft.server.watch.timeout.denomination = 1s (default)
2019-10-03 08:05:28,236 [d7cf2482-ed45-4607-912d-f49f9cee1bc5@group-B016A05F4E6A-LeaderElection11] INFO  server.RaftServerConfigKeys (ConfUtils.java:logGet(43)) - raft.server.watch.element-limit = 65536 (default)
2019-10-03 08:05:28,239 [d7cf2482-ed45-4607-912d-f49f9cee1bc5@group-B016A05F4E6A-LeaderElection11] INFO  server.RaftServerConfigKeys (ConfUtils.java:logGet(43)) - raft.server.log.appender.snapshot.chunk.size.max = 16MB (=16777216) (default)
2019-10-03 08:05:28,240 [d7cf2482-ed45-4607-912d-f49f9cee1bc5@group-B016A05F4E6A-LeaderElection11] INFO  server.RaftServerConfigKeys (ConfUtils.java:logGet(43)) - raft.server.log.appender.buffer.byte-limit = 33554432 (custom)
2019-10-03 08:05:28,240 [d7cf2482-ed45-4607-912d-f49f9cee1bc5@group-B016A05F4E6A-LeaderElection11] INFO  server.RaftServerConfigKeys (ConfUtils.java:logGet(43)) - raft.server.log.appender.buffer.element-limit = 1 (custom)
2019-10-03 08:05:28,240 [d7cf2482-ed45-4607-912d-f49f9cee1bc5@group-B016A05F4E6A-LeaderElection11] INFO  grpc.GrpcConfigKeys$Server (ConfUtils.java:logGet(43)) - raft.grpc.server.leader.outstanding.appends.max = 128 (default)
2019-10-03 08:05:28,240 [d7cf2482-ed45-4607-912d-f49f9cee1bc5@group-B016A05F4E6A-LeaderElection11] INFO  server.RaftServerConfigKeys (ConfUtils.java:logGet(43)) - raft.server.rpc.request.timeout = 3000ms (default)
2019-10-03 08:05:28,241 [d7cf2482-ed45-4607-912d-f49f9cee1bc5@group-B016A05F4E6A-LeaderElection11] INFO  server.RaftServerConfigKeys (ConfUtils.java:logGet(43)) - raft.server.log.appender.install.snapshot.enabled = false (custom)
2019-10-03 08:05:28,241 [d7cf2482-ed45-4607-912d-f49f9cee1bc5@group-B016A05F4E6A-LeaderElection11] INFO  server.RaftServerConfigKeys (ConfUtils.java:logGet(43)) - raft.server.log.appender.snapshot.chunk.size.max = 16MB (=16777216) (default)
2019-10-03 08:05:28,241 [d7cf2482-ed45-4607-912d-f49f9cee1bc5@group-B016A05F4E6A-LeaderElection11] INFO  server.RaftServerConfigKeys (ConfUtils.java:logGet(43)) - raft.server.log.appender.buffer.byte-limit = 33554432 (custom)
2019-10-03 08:05:28,241 [d7cf2482-ed45-4607-912d-f49f9cee1bc5@group-B016A05F4E6A-LeaderElection11] INFO  server.RaftServerConfigKeys (ConfUtils.java:logGet(43)) - raft.server.log.appender.buffer.element-limit = 1 (custom)
2019-10-03 08:05:28,241 [d7cf2482-ed45-4607-912d-f49f9cee1bc5@group-B016A05F4E6A-LeaderElection11] INFO  grpc.GrpcConfigKeys$Server (ConfUtils.java:logGet(43)) - raft.grpc.server.leader.outstanding.appends.max = 128 (default)
2019-10-03 08:05:28,242 [d7cf2482-ed45-4607-912d-f49f9cee1bc5@group-B016A05F4E6A-LeaderElection11] INFO  server.RaftServerConfigKeys (ConfUtils.java:logGet(43)) - raft.server.rpc.request.timeout = 3000ms (default)
2019-10-03 08:05:28,242 [d7cf2482-ed45-4607-912d-f49f9cee1bc5@group-B016A05F4E6A-LeaderElection11] INFO  server.RaftServerConfigKeys (ConfUtils.java:logGet(43)) - raft.server.log.appender.install.snapshot.enabled = false (custom)
2019-10-03 08:05:28,242 [d7cf2482-ed45-4607-912d-f49f9cee1bc5@group-B016A05F4E6A-LeaderElection11] INFO  impl.RoleInfo (RoleInfo.java:updateAndGet(143)) - d7cf2482-ed45-4607-912d-f49f9cee1bc5: start LeaderState
2019-10-03 08:05:28,243 [d7cf2482-ed45-4607-912d-f49f9cee1bc5@group-B016A05F4E6A-LeaderElection11] INFO  segmented.SegmentedRaftLogWorker (SegmentedRaftLogWorker.java:rollLogSegment(390)) - d7cf2482-ed45-4607-912d-f49f9cee1bc5@group-B016A05F4E6A-SegmentedRaftLogWorker: Rolling segment log-0_4 to index:4
2019-10-03 08:05:28,246 [d7cf2482-ed45-4607-912d-f49f9cee1bc5@group-B016A05F4E6A-LeaderElection11] INFO  impl.RaftServerImpl (ServerState.java:setRaftConf(356)) - d7cf2482-ed45-4607-912d-f49f9cee1bc5@group-B016A05F4E6A: set configuration 5: [d7cf2482-ed45-4607-912d-f49f9cee1bc5:192.168.151.98:34953, 2ab5f8f3-6b97-406f-a282-d8983dd7b0b3:192.168.151.98:45294, 9b557557-b0be-413c-b212-b08725bb712a:192.168.151.98:45590], old=null at 5
2019-10-03 08:05:28,247 [d7cf2482-ed45-4607-912d-f49f9cee1bc5@group-B016A05F4E6A-SegmentedRaftLogWorker] INFO  segmented.SegmentedRaftLogWorker (SegmentedRaftLogWorker.java:execute(531)) - d7cf2482-ed45-4607-912d-f49f9cee1bc5@group-B016A05F4E6A-SegmentedRaftLogWorker: Rolled log segment from /workdir/hadoop-ozone/integration-test/target/test-dir/MiniOzoneClusterImpl-30c11ea8-6136-4681-9d86-0e3c89bd7a94/datanode-5/data/ratis/f79d2e21-22e9-4026-8ca2-b016a05f4e6a/current/log_inprogress_0 to /workdir/hadoop-ozone/integration-test/target/test-dir/MiniOzoneClusterImpl-30c11ea8-6136-4681-9d86-0e3c89bd7a94/datanode-5/data/ratis/f79d2e21-22e9-4026-8ca2-b016a05f4e6a/current/log_0-4
2019-10-03 08:05:28,248 [grpc-default-executor-0] WARN  server.GrpcLogAppender (LogUtils.java:warn(134)) - d7cf2482-ed45-4607-912d-f49f9cee1bc5@group-B016A05F4E6A->9b557557-b0be-413c-b212-b08725bb712a-AppendLogResponseHandler: Failed appendEntries: org.apache.ratis.thirdparty.io.grpc.StatusRuntimeException: UNAVAILABLE: io exception
2019-10-03 08:05:28,284 [grpc-default-executor-0] INFO  impl.FollowerInfo (FollowerInfo.java:lambda$new$0(51)) - d7cf2482-ed45-4607-912d-f49f9cee1bc5@group-B016A05F4E6A->9b557557-b0be-413c-b212-b08725bb712a: nextIndex: updateUnconditionally 5 -> 1
2019-10-03 08:05:28,287 [grpc-default-executor-0] INFO  impl.RaftServerImpl (ServerState.java:setLeader(255)) - 2ab5f8f3-6b97-406f-a282-d8983dd7b0b3@group-B016A05F4E6A: change Leader from null to d7cf2482-ed45-4607-912d-f49f9cee1bc5 at term 2 for appendEntries, leader elected after 74ms
2019-10-03 08:05:28,291 [grpc-default-executor-0] INFO  impl.RaftServerImpl (ServerState.java:setRaftConf(356)) - 2ab5f8f3-6b97-406f-a282-d8983dd7b0b3@group-B016A05F4E6A: set configuration 5: [d7cf2482-ed45-4607-912d-f49f9cee1bc5:192.168.151.98:34953, 2ab5f8f3-6b97-406f-a282-d8983dd7b0b3:192.168.151.98:45294, 9b557557-b0be-413c-b212-b08725bb712a:192.168.151.98:45590], old=null at 5
2019-10-03 08:05:28,291 [grpc-default-executor-0] INFO  segmented.SegmentedRaftLogWorker (SegmentedRaftLogWorker.java:rollLogSegment(390)) - 2ab5f8f3-6b97-406f-a282-d8983dd7b0b3@group-B016A05F4E6A-SegmentedRaftLogWorker: Rolling segment log-0_4 to index:4
2019-10-03 08:05:28,293 [2ab5f8f3-6b97-406f-a282-d8983dd7b0b3@group-B016A05F4E6A-SegmentedRaftLogWorker] INFO  segmented.SegmentedRaftLogWorker (SegmentedRaftLogWorker.java:execute(531)) - 2ab5f8f3-6b97-406f-a282-d8983dd7b0b3@group-B016A05F4E6A-SegmentedRaftLogWorker: Rolled log segment from /workdir/hadoop-ozone/integration-test/target/test-dir/MiniOzoneClusterImpl-30c11ea8-6136-4681-9d86-0e3c89bd7a94/datanode-3/data/ratis/f79d2e21-22e9-4026-8ca2-b016a05f4e6a/current/log_inprogress_0 to /workdir/hadoop-ozone/integration-test/target/test-dir/MiniOzoneClusterImpl-30c11ea8-6136-4681-9d86-0e3c89bd7a94/datanode-3/data/ratis/f79d2e21-22e9-4026-8ca2-b016a05f4e6a/current/log_0-4
2019-10-03 08:05:28,298 [d7cf2482-ed45-4607-912d-f49f9cee1bc5@group-B016A05F4E6A-SegmentedRaftLogWorker] INFO  segmented.SegmentedRaftLogWorker (SegmentedRaftLogWorker.java:execute(574)) - d7cf2482-ed45-4607-912d-f49f9cee1bc5@group-B016A05F4E6A-SegmentedRaftLogWorker: created new log segment /workdir/hadoop-ozone/integration-test/target/test-dir/MiniOzoneClusterImpl-30c11ea8-6136-4681-9d86-0e3c89bd7a94/datanode-5/data/ratis/f79d2e21-22e9-4026-8ca2-b016a05f4e6a/current/log_inprogress_5
2019-10-03 08:05:28,335 [grpc-default-executor-1] WARN  server.GrpcLogAppender (LogUtils.java:warn(134)) - d7cf2482-ed45-4607-912d-f49f9cee1bc5@group-B016A05F4E6A->9b557557-b0be-413c-b212-b08725bb712a-AppendLogResponseHandler: Failed appendEntries: org.apache.ratis.thirdparty.io.grpc.StatusRuntimeException: UNAVAILABLE: io exception
2019-10-03 08:05:28,337 [grpc-default-executor-1] INFO  impl.FollowerInfo (FollowerInfo.java:lambda$new$0(51)) - d7cf2482-ed45-4607-912d-f49f9cee1bc5@group-B016A05F4E6A->9b557557-b0be-413c-b212-b08725bb712a: nextIndex: updateUnconditionally 2 -> 1
2019-10-03 08:05:28,343 [2ab5f8f3-6b97-406f-a282-d8983dd7b0b3@group-B016A05F4E6A-SegmentedRaftLogWorker] INFO  segmented.SegmentedRaftLogWorker (SegmentedRaftLogWorker.java:execute(574)) - 2ab5f8f3-6b97-406f-a282-d8983dd7b0b3@group-B016A05F4E6A-SegmentedRaftLogWorker: created new log segment /workdir/hadoop-ozone/integration-test/target/test-dir/MiniOzoneClusterImpl-30c11ea8-6136-4681-9d86-0e3c89bd7a94/datanode-3/data/ratis/f79d2e21-22e9-4026-8ca2-b016a05f4e6a/current/log_inprogress_5
2019-10-03 08:05:28,351 [grpc-default-executor-2] WARN  server.GrpcLogAppender (LogUtils.java:warn(134)) - d7cf2482-ed45-4607-912d-f49f9cee1bc5@group-B016A05F4E6A->9b557557-b0be-413c-b212-b08725bb712a-AppendLogResponseHandler: Failed appendEntries: org.apache.ratis.thirdparty.io.grpc.StatusRuntimeException: UNAVAILABLE: io exception
2019-10-03 08:05:28,352 [grpc-default-executor-2] INFO  impl.FollowerInfo (FollowerInfo.java:lambda$new$0(51)) - d7cf2482-ed45-4607-912d-f49f9cee1bc5@group-B016A05F4E6A->9b557557-b0be-413c-b212-b08725bb712a: nextIndex: updateUnconditionally 2 -> 1
2019-10-03 08:05:28,364 [grpc-default-executor-2] WARN  server.GrpcLogAppender (LogUtils.java:warn(134)) - d7cf2482-ed45-4607-912d-f49f9cee1bc5@group-B016A05F4E6A->9b557557-b0be-413c-b212-b08725bb712a-AppendLogResponseHandler: Failed appendEntries: org.apache.ratis.thirdparty.io.grpc.StatusRuntimeException: UNAVAILABLE: io exception
2019-10-03 08:05:28,365 [grpc-default-executor-2] INFO  impl.FollowerInfo (FollowerInfo.java:lambda$new$0(51)) - d7cf2482-ed45-4607-912d-f49f9cee1bc5@group-B016A05F4E6A->9b557557-b0be-413c-b212-b08725bb712a: nextIndex: updateUnconditionally 2 -> 1
2019-10-03 08:05:30,744 [EventQueue-StaleNodeForStaleNodeHandler] INFO  node.StaleNodeHandler (StaleNodeHandler.java:onMessage(58)) - Datanode 4754d0d8-8434-40a3-99e5-ebfd08159131{ip: 192.168.151.98, host: pr-hdds2217-2mkdc-371598885, networkLocation: /default-rack, certSerialId: null} moved to stale state. Finalizing its pipelines [PipelineID=bd12aca3-035b-4930-9834-af079cc32019, PipelineID=d617462d-5a49-4751-90d2-ce73895df442]
2019-10-03 08:05:30,744 [EventQueue-StaleNodeForStaleNodeHandler] INFO  pipeline.SCMPipelineManager (SCMPipelineManager.java:finalizeAndDestroyPipeline(315)) - destroying pipeline:Pipeline[ Id: bd12aca3-035b-4930-9834-af079cc32019, Nodes: 4754d0d8-8434-40a3-99e5-ebfd08159131{ip: 192.168.151.98, host: pr-hdds2217-2mkdc-371598885, networkLocation: /default-rack, certSerialId: null}, Type:RATIS, Factor:ONE, State:OPEN]
2019-10-03 08:05:30,745 [EventQueue-StaleNodeForStaleNodeHandler] INFO  pipeline.PipelineStateManager (PipelineStateManager.java:finalizePipeline(123)) - Pipeline Pipeline[ Id: bd12aca3-035b-4930-9834-af079cc32019, Nodes: 4754d0d8-8434-40a3-99e5-ebfd08159131{ip: 192.168.151.98, host: pr-hdds2217-2mkdc-371598885, networkLocation: /default-rack, certSerialId: null}, Type:RATIS, Factor:ONE, State:CLOSED] moved to CLOSED state
2019-10-03 08:05:30,745 [EventQueue-StaleNodeForStaleNodeHandler] INFO  pipeline.SCMPipelineManager (SCMPipelineManager.java:finalizeAndDestroyPipeline(315)) - destroying pipeline:Pipeline[ Id: d617462d-5a49-4751-90d2-ce73895df442, Nodes: 4754d0d8-8434-40a3-99e5-ebfd08159131{ip: 192.168.151.98, host: pr-hdds2217-2mkdc-371598885, networkLocation: /default-rack, certSerialId: null}53d3c6ae-db99-4dd0-8c0e-a3e43b0ef8d7{ip: 192.168.151.98, host: pr-hdds2217-2mkdc-371598885, networkLocation: /default-rack, certSerialId: null}e81eb3a3-08d8-4434-b65f-c3267db03600{ip: 192.168.151.98, host: pr-hdds2217-2mkdc-371598885, networkLocation: /default-rack, certSerialId: null}, Type:RATIS, Factor:THREE, State:CLOSED]
2019-10-03 08:05:30,868 [grpc-default-executor-1] WARN  server.GrpcLogAppender (LogUtils.java:warn(134)) - d7cf2482-ed45-4607-912d-f49f9cee1bc5@group-B016A05F4E6A->9b557557-b0be-413c-b212-b08725bb712a-AppendLogResponseHandler: Failed appendEntries: org.apache.ratis.thirdparty.io.grpc.StatusRuntimeException: UNAVAILABLE: io exception
2019-10-03 08:05:30,869 [grpc-default-executor-1] INFO  impl.FollowerInfo (FollowerInfo.java:lambda$new$0(51)) - d7cf2482-ed45-4607-912d-f49f9cee1bc5@group-B016A05F4E6A->9b557557-b0be-413c-b212-b08725bb712a: nextIndex: updateUnconditionally 1 -> 0
2019-10-03 08:05:31,345 [EventQueue-StaleNodeForStaleNodeHandler] INFO  node.StaleNodeHandler (StaleNodeHandler.java:onMessage(58)) - Datanode d7cf2482-ed45-4607-912d-f49f9cee1bc5{ip: 192.168.151.98, host: pr-hdds2217-2mkdc-371598885, networkLocation: /default-rack, certSerialId: null} moved to stale state. Finalizing its pipelines [PipelineID=f79d2e21-22e9-4026-8ca2-b016a05f4e6a, PipelineID=5888f62f-1b3d-4a8e-8385-36088ddf0a28]
2019-10-03 08:05:31,347 [EventQueue-StaleNodeForStaleNodeHandler] INFO  pipeline.SCMPipelineManager (SCMPipelineManager.java:finalizeAndDestroyPipeline(315)) - destroying pipeline:Pipeline[ Id: f79d2e21-22e9-4026-8ca2-b016a05f4e6a, Nodes: 2ab5f8f3-6b97-406f-a282-d8983dd7b0b3{ip: 192.168.151.98, host: pr-hdds2217-2mkdc-371598885, networkLocation: /default-rack, certSerialId: null}9b557557-b0be-413c-b212-b08725bb712a{ip: 192.168.151.98, host: pr-hdds2217-2mkdc-371598885, networkLocation: /default-rack, certSerialId: null}d7cf2482-ed45-4607-912d-f49f9cee1bc5{ip: 192.168.151.98, host: pr-hdds2217-2mkdc-371598885, networkLocation: /default-rack, certSerialId: null}, Type:RATIS, Factor:THREE, State:CLOSED]
2019-10-03 08:05:31,348 [EventQueue-StaleNodeForStaleNodeHandler] INFO  pipeline.SCMPipelineManager (SCMPipelineManager.java:finalizeAndDestroyPipeline(315)) - destroying pipeline:Pipeline[ Id: 5888f62f-1b3d-4a8e-8385-36088ddf0a28, Nodes: d7cf2482-ed45-4607-912d-f49f9cee1bc5{ip: 192.168.151.98, host: pr-hdds2217-2mkdc-371598885, networkLocation: /default-rack, certSerialId: null}, Type:RATIS, Factor:ONE, State:OPEN]
2019-10-03 08:05:31,348 [EventQueue-StaleNodeForStaleNodeHandler] INFO  pipeline.PipelineStateManager (PipelineStateManager.java:finalizePipeline(123)) - Pipeline Pipeline[ Id: 5888f62f-1b3d-4a8e-8385-36088ddf0a28, Nodes: d7cf2482-ed45-4607-912d-f49f9cee1bc5{ip: 192.168.151.98, host: pr-hdds2217-2mkdc-371598885, networkLocation: /default-rack, certSerialId: null}, Type:RATIS, Factor:ONE, State:CLOSED] moved to CLOSED state
2019-10-03 08:05:31,610 [ForkJoinPool.commonPool-worker-1] INFO  ozoneimpl.OzoneContainer (OzoneContainer.java:stop(231)) - Attempting to stop container services.
2019-10-03 08:05:31,614 [ForkJoinPool.commonPool-worker-1] INFO  impl.RaftServerProxy (RaftServerProxy.java:lambda$close$4(314)) - 4754d0d8-8434-40a3-99e5-ebfd08159131: close
2019-10-03 08:05:31,614 [ForkJoinPool.commonPool-worker-1] INFO  impl.RaftServerImpl (RaftServerImpl.java:lambda$shutdown$3(247)) - 4754d0d8-8434-40a3-99e5-ebfd08159131@group-AF079CC32019: shutdown
2019-10-03 08:05:31,614 [ForkJoinPool.commonPool-worker-1] INFO  util.JmxRegister (JmxRegister.java:unregister(73)) - Successfully un-registered JMX Bean with object name Ratis:service=RaftServer,group=group-AF079CC32019,id=4754d0d8-8434-40a3-99e5-ebfd08159131
2019-10-03 08:05:31,615 [ForkJoinPool.commonPool-worker-1] INFO  impl.RoleInfo (RoleInfo.java:shutdownLeaderState(104)) - 4754d0d8-8434-40a3-99e5-ebfd08159131: shutdown LeaderState
2019-10-03 08:05:31,615 [ForkJoinPool.commonPool-worker-1] INFO  impl.PendingRequests (PendingRequests.java:sendNotLeaderResponses(202)) - 4754d0d8-8434-40a3-99e5-ebfd08159131@group-AF079CC32019-PendingRequests: sendNotLeaderResponses
2019-10-03 08:05:31,616 [ForkJoinPool.commonPool-worker-1] INFO  impl.StateMachineUpdater (StateMachineUpdater.java:stopAndJoin(136)) - 4754d0d8-8434-40a3-99e5-ebfd08159131@group-AF079CC32019-StateMachineUpdater: set stopIndex = 0
2019-10-03 08:05:31,616 [ForkJoinPool.commonPool-worker-1] INFO  impl.RaftServerImpl (ServerState.java:close(387)) - 4754d0d8-8434-40a3-99e5-ebfd08159131@group-AF079CC32019: closes. applyIndex: 0
2019-10-03 08:05:31,617 [4754d0d8-8434-40a3-99e5-ebfd08159131@group-AF079CC32019-SegmentedRaftLogWorker] INFO  segmented.SegmentedRaftLogWorker (SegmentedRaftLogWorker.java:run(316)) - 4754d0d8-8434-40a3-99e5-ebfd08159131@group-AF079CC32019-SegmentedRaftLogWorker was interrupted, exiting. There are 0 tasks remaining in the queue.
2019-10-03 08:05:31,619 [ForkJoinPool.commonPool-worker-1] INFO  segmented.SegmentedRaftLogWorker (SegmentedRaftLogWorker.java:close(224)) - 4754d0d8-8434-40a3-99e5-ebfd08159131@group-AF079CC32019-SegmentedRaftLogWorker close()
2019-10-03 08:05:31,622 [ForkJoinPool.commonPool-worker-1] INFO  impl.RaftServerImpl (RaftServerImpl.java:lambda$shutdown$3(247)) - 4754d0d8-8434-40a3-99e5-ebfd08159131@group-CE73895DF442: shutdown
2019-10-03 08:05:31,622 [ForkJoinPool.commonPool-worker-1] INFO  util.JmxRegister (JmxRegister.java:unregister(73)) - Successfully un-registered JMX Bean with object name Ratis:service=RaftServer,group=group-CE73895DF442,id=4754d0d8-8434-40a3-99e5-ebfd08159131
2019-10-03 08:05:31,622 [ForkJoinPool.commonPool-worker-1] INFO  impl.RoleInfo (RoleInfo.java:shutdownFollowerState(121)) - 4754d0d8-8434-40a3-99e5-ebfd08159131: shutdown FollowerState
2019-10-03 08:05:31,623 [ForkJoinPool.commonPool-worker-1] INFO  impl.StateMachineUpdater (StateMachineUpdater.java:stopAndJoin(136)) - 4754d0d8-8434-40a3-99e5-ebfd08159131@group-CE73895DF442-StateMachineUpdater: set stopIndex = 16
2019-10-03 08:05:31,623 [Thread-319] INFO  impl.FollowerState (FollowerState.java:run(117)) - 4754d0d8-8434-40a3-99e5-ebfd08159131@group-CE73895DF442-FollowerState was interrupted: java.lang.InterruptedException: sleep interrupted
2019-10-03 08:05:31,623 [4754d0d8-8434-40a3-99e5-ebfd08159131@group-CE73895DF442-StateMachineUpdater] INFO  ratis.ContainerStateMachine (ContainerStateMachine.java:takeSnapshot(293)) - group-CE73895DF442: Taking a snapshot at:(t:1, i:13) file /workdir/hadoop-ozone/integration-test/target/test-dir/MiniOzoneClusterImpl-30c11ea8-6136-4681-9d86-0e3c89bd7a94/datanode-0/data/ratis/d617462d-5a49-4751-90d2-ce73895df442/sm/snapshot.1_13
2019-10-03 08:05:31,635 [main] INFO  ozoneimpl.OzoneContainer (OzoneContainer.java:stop(231)) - Attempting to stop container services.
2019-10-03 08:05:31,635 [main] INFO  impl.RaftServerProxy (RaftServerProxy.java:lambda$close$4(314)) - d7cf2482-ed45-4607-912d-f49f9cee1bc5: close
2019-10-03 08:05:31,635 [main] INFO  impl.RaftServerImpl (RaftServerImpl.java:lambda$shutdown$3(247)) - d7cf2482-ed45-4607-912d-f49f9cee1bc5@group-B016A05F4E6A: shutdown
2019-10-03 08:05:31,635 [main] INFO  util.JmxRegister (JmxRegister.java:unregister(73)) - Successfully un-registered JMX Bean with object name Ratis:service=RaftServer,group=group-B016A05F4E6A,id=d7cf2482-ed45-4607-912d-f49f9cee1bc5
2019-10-03 08:05:31,636 [main] INFO  impl.RoleInfo (RoleInfo.java:shutdownLeaderState(104)) - d7cf2482-ed45-4607-912d-f49f9cee1bc5: shutdown LeaderState
2019-10-03 08:05:31,638 [main] INFO  impl.PendingRequests (PendingRequests.java:sendNotLeaderResponses(202)) - d7cf2482-ed45-4607-912d-f49f9cee1bc5@group-B016A05F4E6A-PendingRequests: sendNotLeaderResponses
2019-10-03 08:05:31,638 [org.apache.ratis.server.impl.LogAppender$AppenderDaemon$$Lambda$535/667578210@91d3f48] WARN  server.GrpcLogAppender (GrpcLogAppender.java:mayWait(143)) - d7cf2482-ed45-4607-912d-f49f9cee1bc5@group-B016A05F4E6A->2ab5f8f3-6b97-406f-a282-d8983dd7b0b3-GrpcLogAppender: Wait interrupted by java.lang.InterruptedException
2019-10-03 08:05:31,638 [main] INFO  impl.StateMachineUpdater (StateMachineUpdater.java:stopAndJoin(136)) - d7cf2482-ed45-4607-912d-f49f9cee1bc5@group-B016A05F4E6A-StateMachineUpdater: set stopIndex = 6
2019-10-03 08:05:31,638 [org.apache.ratis.server.impl.LogAppender$AppenderDaemon$$Lambda$535/667578210@4f0b072e] WARN  server.GrpcLogAppender (GrpcLogAppender.java:mayWait(143)) - d7cf2482-ed45-4607-912d-f49f9cee1bc5@group-B016A05F4E6A->9b557557-b0be-413c-b212-b08725bb712a-GrpcLogAppender: Wait interrupted by java.lang.InterruptedException
2019-10-03 08:05:31,638 [d7cf2482-ed45-4607-912d-f49f9cee1bc5@group-B016A05F4E6A-StateMachineUpdater] INFO  ratis.ContainerStateMachine (ContainerStateMachine.java:takeSnapshot(293)) - group-B016A05F4E6A: Taking a snapshot at:(t:1, i:3) file /workdir/hadoop-ozone/integration-test/target/test-dir/MiniOzoneClusterImpl-30c11ea8-6136-4681-9d86-0e3c89bd7a94/datanode-5/data/ratis/f79d2e21-22e9-4026-8ca2-b016a05f4e6a/sm/snapshot.1_3
2019-10-03 08:05:31,642 [grpc-default-executor-1] INFO  server.GrpcServerProtocolService (GrpcServerProtocolService.java:onCompleted(113)) - 2ab5f8f3-6b97-406f-a282-d8983dd7b0b3: Completed APPEND_ENTRIES, lastRequest: d7cf2482-ed45-4607-912d-f49f9cee1bc5->2ab5f8f3-6b97-406f-a282-d8983dd7b0b3#3-t2, previous=(t:2, i:6), leaderCommit=6, initializing? false, entries: <empty>
2019-10-03 08:05:31,645 [grpc-default-executor-1] INFO  server.GrpcLogAppender (GrpcLogAppender.java:onCompleted(293)) - d7cf2482-ed45-4607-912d-f49f9cee1bc5@group-B016A05F4E6A->2ab5f8f3-6b97-406f-a282-d8983dd7b0b3-AppendLogResponseHandler: follower responses appendEntries COMPLETED
2019-10-03 08:05:31,647 [grpc-default-executor-1] INFO  impl.FollowerInfo (FollowerInfo.java:lambda$new$0(51)) - d7cf2482-ed45-4607-912d-f49f9cee1bc5@group-B016A05F4E6A->2ab5f8f3-6b97-406f-a282-d8983dd7b0b3: nextIndex: updateUnconditionally 7 -> 6
2019-10-03 08:05:31,648 [4754d0d8-8434-40a3-99e5-ebfd08159131@group-CE73895DF442-StateMachineUpdater] INFO  ratis.ContainerStateMachine (ContainerStateMachine.java:takeSnapshot(304)) - group-CE73895DF442: Finished taking a snapshot at:(t:1, i:13) file:/workdir/hadoop-ozone/integration-test/target/test-dir/MiniOzoneClusterImpl-30c11ea8-6136-4681-9d86-0e3c89bd7a94/datanode-0/data/ratis/d617462d-5a49-4751-90d2-ce73895df442/sm/snapshot.1_13 time:26
2019-10-03 08:05:31,649 [4754d0d8-8434-40a3-99e5-ebfd08159131@group-CE73895DF442-StateMachineUpdater] INFO  impl.StateMachineUpdater (StateMachineUpdater.java:takeSnapshot(269)) - 4754d0d8-8434-40a3-99e5-ebfd08159131@group-CE73895DF442-StateMachineUpdater: Took a snapshot at index 13
2019-10-03 08:05:31,649 [4754d0d8-8434-40a3-99e5-ebfd08159131@group-CE73895DF442-StateMachineUpdater] INFO  impl.StateMachineUpdater (StateMachineUpdater.java:lambda$new$0(84)) - 4754d0d8-8434-40a3-99e5-ebfd08159131@group-CE73895DF442-StateMachineUpdater: snapshotIndex: updateIncreasingly -1 -> 13
2019-10-03 08:05:31,649 [4754d0d8-8434-40a3-99e5-ebfd08159131@group-CE73895DF442-StateMachineUpdater] INFO  ratis.ContainerStateMachine (ContainerStateMachine.java:takeSnapshot(293)) - group-CE73895DF442: Taking a snapshot at:(t:1, i:13) file /workdir/hadoop-ozone/integration-test/target/test-dir/MiniOzoneClusterImpl-30c11ea8-6136-4681-9d86-0e3c89bd7a94/datanode-0/data/ratis/d617462d-5a49-4751-90d2-ce73895df442/sm/snapshot.1_13
2019-10-03 08:05:31,651 [d7cf2482-ed45-4607-912d-f49f9cee1bc5@group-B016A05F4E6A-StateMachineUpdater] INFO  ratis.ContainerStateMachine (ContainerStateMachine.java:takeSnapshot(304)) - group-B016A05F4E6A: Finished taking a snapshot at:(t:1, i:3) file:/workdir/hadoop-ozone/integration-test/target/test-dir/MiniOzoneClusterImpl-30c11ea8-6136-4681-9d86-0e3c89bd7a94/datanode-5/data/ratis/f79d2e21-22e9-4026-8ca2-b016a05f4e6a/sm/snapshot.1_3 time:13
2019-10-03 08:05:31,652 [d7cf2482-ed45-4607-912d-f49f9cee1bc5@group-B016A05F4E6A-StateMachineUpdater] INFO  impl.StateMachineUpdater (StateMachineUpdater.java:takeSnapshot(269)) - d7cf2482-ed45-4607-912d-f49f9cee1bc5@group-B016A05F4E6A-StateMachineUpdater: Took a snapshot at index 3
2019-10-03 08:05:31,652 [d7cf2482-ed45-4607-912d-f49f9cee1bc5@group-B016A05F4E6A-StateMachineUpdater] INFO  impl.StateMachineUpdater (StateMachineUpdater.java:lambda$new$0(84)) - d7cf2482-ed45-4607-912d-f49f9cee1bc5@group-B016A05F4E6A-StateMachineUpdater: snapshotIndex: updateIncreasingly -1 -> 3
2019-10-03 08:05:31,652 [d7cf2482-ed45-4607-912d-f49f9cee1bc5@group-B016A05F4E6A-StateMachineUpdater] INFO  ratis.ContainerStateMachine (ContainerStateMachine.java:takeSnapshot(293)) - group-B016A05F4E6A: Taking a snapshot at:(t:1, i:3) file /workdir/hadoop-ozone/integration-test/target/test-dir/MiniOzoneClusterImpl-30c11ea8-6136-4681-9d86-0e3c89bd7a94/datanode-5/data/ratis/f79d2e21-22e9-4026-8ca2-b016a05f4e6a/sm/snapshot.1_3
2019-10-03 08:05:31,653 [4754d0d8-8434-40a3-99e5-ebfd08159131@group-CE73895DF442-StateMachineUpdater] INFO  ratis.ContainerStateMachine (ContainerStateMachine.java:takeSnapshot(304)) - group-CE73895DF442: Finished taking a snapshot at:(t:1, i:13) file:/workdir/hadoop-ozone/integration-test/target/test-dir/MiniOzoneClusterImpl-30c11ea8-6136-4681-9d86-0e3c89bd7a94/datanode-0/data/ratis/d617462d-5a49-4751-90d2-ce73895df442/sm/snapshot.1_13 time:3
2019-10-03 08:05:31,653 [4754d0d8-8434-40a3-99e5-ebfd08159131@group-CE73895DF442-StateMachineUpdater] INFO  impl.StateMachineUpdater (StateMachineUpdater.java:takeSnapshot(269)) - 4754d0d8-8434-40a3-99e5-ebfd08159131@group-CE73895DF442-StateMachineUpdater: Took a snapshot at index 13
2019-10-03 08:05:31,653 [4754d0d8-8434-40a3-99e5-ebfd08159131@group-CE73895DF442-StateMachineUpdater] INFO  impl.StateMachineUpdater (StateMachineUpdater.java:lambda$new$0(84)) - 4754d0d8-8434-40a3-99e5-ebfd08159131@group-CE73895DF442-StateMachineUpdater: snapshotIndex: updateIncreasingly 13 -> 13
2019-10-03 08:05:31,653 [ForkJoinPool.commonPool-worker-1] INFO  impl.RaftServerImpl (ServerState.java:close(387)) - 4754d0d8-8434-40a3-99e5-ebfd08159131@group-CE73895DF442: closes. applyIndex: 16
2019-10-03 08:05:31,654 [4754d0d8-8434-40a3-99e5-ebfd08159131@group-CE73895DF442-SegmentedRaftLogWorker] INFO  segmented.SegmentedRaftLogWorker (SegmentedRaftLogWorker.java:run(316)) - 4754d0d8-8434-40a3-99e5-ebfd08159131@group-CE73895DF442-SegmentedRaftLogWorker was interrupted, exiting. There are 0 tasks remaining in the queue.
2019-10-03 08:05:31,655 [d7cf2482-ed45-4607-912d-f49f9cee1bc5@group-B016A05F4E6A-StateMachineUpdater] INFO  ratis.ContainerStateMachine (ContainerStateMachine.java:takeSnapshot(304)) - group-B016A05F4E6A: Finished taking a snapshot at:(t:1, i:3) file:/workdir/hadoop-ozone/integration-test/target/test-dir/MiniOzoneClusterImpl-30c11ea8-6136-4681-9d86-0e3c89bd7a94/datanode-5/data/ratis/f79d2e21-22e9-4026-8ca2-b016a05f4e6a/sm/snapshot.1_3 time:2
2019-10-03 08:05:31,655 [ForkJoinPool.commonPool-worker-1] INFO  segmented.SegmentedRaftLogWorker (SegmentedRaftLogWorker.java:close(224)) - 4754d0d8-8434-40a3-99e5-ebfd08159131@group-CE73895DF442-SegmentedRaftLogWorker close()
2019-10-03 08:05:31,655 [d7cf2482-ed45-4607-912d-f49f9cee1bc5@group-B016A05F4E6A-StateMachineUpdater] INFO  impl.StateMachineUpdater (StateMachineUpdater.java:takeSnapshot(269)) - d7cf2482-ed45-4607-912d-f49f9cee1bc5@group-B016A05F4E6A-StateMachineUpdater: Took a snapshot at index 3
2019-10-03 08:05:31,657 [ForkJoinPool.commonPool-worker-1] INFO  server.GrpcService (GrpcService.java:closeImpl(164)) - 4754d0d8-8434-40a3-99e5-ebfd08159131: shutdown server with port 39588 now
2019-10-03 08:05:31,657 [d7cf2482-ed45-4607-912d-f49f9cee1bc5@group-B016A05F4E6A-StateMachineUpdater] INFO  impl.StateMachineUpdater (StateMachineUpdater.java:lambda$new$0(84)) - d7cf2482-ed45-4607-912d-f49f9cee1bc5@group-B016A05F4E6A-StateMachineUpdater: snapshotIndex: updateIncreasingly 3 -> 3
2019-10-03 08:05:31,657 [ForkJoinPool.commonPool-worker-1] INFO  server.GrpcService (GrpcService.java:closeImpl(172)) - 4754d0d8-8434-40a3-99e5-ebfd08159131: shutdown server with port 39588 successfully
2019-10-03 08:05:31,657 [main] INFO  impl.RaftServerImpl (ServerState.java:close(387)) - d7cf2482-ed45-4607-912d-f49f9cee1bc5@group-B016A05F4E6A: closes. applyIndex: 6
2019-10-03 08:05:31,659 [d7cf2482-ed45-4607-912d-f49f9cee1bc5@group-B016A05F4E6A-SegmentedRaftLogWorker] INFO  segmented.SegmentedRaftLogWorker (SegmentedRaftLogWorker.java:run(316)) - d7cf2482-ed45-4607-912d-f49f9cee1bc5@group-B016A05F4E6A-SegmentedRaftLogWorker was interrupted, exiting. There are 0 tasks remaining in the queue.
2019-10-03 08:05:31,660 [main] INFO  segmented.SegmentedRaftLogWorker (SegmentedRaftLogWorker.java:close(224)) - d7cf2482-ed45-4607-912d-f49f9cee1bc5@group-B016A05F4E6A-SegmentedRaftLogWorker close()
2019-10-03 08:05:31,665 [main] INFO  impl.RaftServerImpl (RaftServerImpl.java:lambda$shutdown$3(247)) - d7cf2482-ed45-4607-912d-f49f9cee1bc5@group-36088DDF0A28: shutdown
2019-10-03 08:05:31,666 [main] INFO  util.JmxRegister (JmxRegister.java:unregister(73)) - Successfully un-registered JMX Bean with object name Ratis:service=RaftServer,group=group-36088DDF0A28,id=d7cf2482-ed45-4607-912d-f49f9cee1bc5
2019-10-03 08:05:31,666 [main] INFO  impl.RoleInfo (RoleInfo.java:shutdownLeaderState(104)) - d7cf2482-ed45-4607-912d-f49f9cee1bc5: shutdown LeaderState
2019-10-03 08:05:31,667 [main] INFO  impl.PendingRequests (PendingRequests.java:sendNotLeaderResponses(202)) - d7cf2482-ed45-4607-912d-f49f9cee1bc5@group-36088DDF0A28-PendingRequests: sendNotLeaderResponses
2019-10-03 08:05:31,668 [main] INFO  impl.StateMachineUpdater (StateMachineUpdater.java:stopAndJoin(136)) - d7cf2482-ed45-4607-912d-f49f9cee1bc5@group-36088DDF0A28-StateMachineUpdater: set stopIndex = 0
2019-10-03 08:05:31,668 [refreshUsed-/workdir/hadoop-ozone/integration-test/target/test-dir/MiniOzoneClusterImpl-30c11ea8-6136-4681-9d86-0e3c89bd7a94/datanode-0/data/containers] WARN  fs.CachingGetSpaceUsed (CachingGetSpaceUsed.java:run(183)) - Thread Interrupted waiting to refresh disk information: sleep interrupted
2019-10-03 08:05:31,668 [main] INFO  impl.RaftServerImpl (ServerState.java:close(387)) - d7cf2482-ed45-4607-912d-f49f9cee1bc5@group-36088DDF0A28: closes. applyIndex: 0
2019-10-03 08:05:31,671 [d7cf2482-ed45-4607-912d-f49f9cee1bc5@group-36088DDF0A28-SegmentedRaftLogWorker] INFO  segmented.SegmentedRaftLogWorker (SegmentedRaftLogWorker.java:run(316)) - d7cf2482-ed45-4607-912d-f49f9cee1bc5@group-36088DDF0A28-SegmentedRaftLogWorker was interrupted, exiting. There are 0 tasks remaining in the queue.
2019-10-03 08:05:31,671 [main] INFO  segmented.SegmentedRaftLogWorker (SegmentedRaftLogWorker.java:close(224)) - d7cf2482-ed45-4607-912d-f49f9cee1bc5@group-36088DDF0A28-SegmentedRaftLogWorker close()
2019-10-03 08:05:31,672 [main] INFO  server.GrpcService (GrpcService.java:closeImpl(164)) - d7cf2482-ed45-4607-912d-f49f9cee1bc5: shutdown server with port 34953 now
2019-10-03 08:05:31,673 [main] INFO  server.GrpcService (GrpcService.java:closeImpl(172)) - d7cf2482-ed45-4607-912d-f49f9cee1bc5: shutdown server with port 34953 successfully
2019-10-03 08:05:31,674 [refreshUsed-/workdir/hadoop-ozone/integration-test/target/test-dir/MiniOzoneClusterImpl-30c11ea8-6136-4681-9d86-0e3c89bd7a94/datanode-5/data/containers] WARN  fs.CachingGetSpaceUsed (CachingGetSpaceUsed.java:run(183)) - Thread Interrupted waiting to refresh disk information: sleep interrupted
2019-10-03 08:05:31,691 [main] INFO  utils.BackgroundService (BackgroundService.java:shutdown(148)) - Shutting down service BlockDeletingService
2019-10-03 08:05:31,693 [main] INFO  statemachine.DatanodeStateMachine (DatanodeStateMachine.java:stopDaemon(395)) - Ozone container server stopped.
2019-10-03 08:05:31,694 [main] INFO  handler.ContextHandler (ContextHandler.java:doStop(910)) - Stopped o.e.j.w.WebAppContext@29149030{/,null,UNAVAILABLE}{/hddsDatanode}
2019-10-03 08:05:31,695 [main] INFO  server.AbstractConnector (AbstractConnector.java:doStop(318)) - Stopped ServerConnector@38b8b6c0{HTTP/1.1,[http/1.1]}{0.0.0.0:0}
2019-10-03 08:05:31,696 [main] INFO  handler.ContextHandler (ContextHandler.java:doStop(910)) - Stopped o.e.j.s.ServletContextHandler@3d7fb838{/static,jar:file:/home/user/.m2/repository/org/apache/hadoop/hadoop-hdds-container-service/0.5.0-SNAPSHOT/hadoop-hdds-container-service-0.5.0-SNAPSHOT.jar!/webapps/static,UNAVAILABLE}
2019-10-03 08:05:31,696 [main] INFO  handler.ContextHandler (ContextHandler.java:doStop(910)) - Stopped o.e.j.s.ServletContextHandler@3c83468e{/logs,file:///workdir/hadoop-ozone/integration-test/target/log,UNAVAILABLE}
2019-10-03 08:05:31,696 [ForkJoinPool.commonPool-worker-1] INFO  utils.BackgroundService (BackgroundService.java:shutdown(148)) - Shutting down service BlockDeletingService
2019-10-03 08:05:31,699 [ForkJoinPool.commonPool-worker-1] INFO  statemachine.DatanodeStateMachine (DatanodeStateMachine.java:stopDaemon(395)) - Ozone container server stopped.
2019-10-03 08:05:31,703 [ForkJoinPool.commonPool-worker-1] INFO  handler.ContextHandler (ContextHandler.java:doStop(910)) - Stopped o.e.j.w.WebAppContext@55e42449{/,null,UNAVAILABLE}{/hddsDatanode}
2019-10-03 08:05:31,703 [ForkJoinPool.commonPool-worker-1] INFO  server.AbstractConnector (AbstractConnector.java:doStop(318)) - Stopped ServerConnector@e57e5d6{HTTP/1.1,[http/1.1]}{0.0.0.0:0}
2019-10-03 08:05:31,704 [ForkJoinPool.commonPool-worker-1] INFO  handler.ContextHandler (ContextHandler.java:doStop(910)) - Stopped o.e.j.s.ServletContextHandler@54e3658c{/static,jar:file:/home/user/.m2/repository/org/apache/hadoop/hadoop-hdds-container-service/0.5.0-SNAPSHOT/hadoop-hdds-container-service-0.5.0-SNAPSHOT.jar!/webapps/static,UNAVAILABLE}
2019-10-03 08:05:31,706 [ForkJoinPool.commonPool-worker-1] INFO  handler.ContextHandler (ContextHandler.java:doStop(910)) - Stopped o.e.j.s.ServletContextHandler@476fe690{/logs,file:///workdir/hadoop-ozone/integration-test/target/log,UNAVAILABLE}
2019-10-03 08:05:32,284 [Datanode State Machine Thread - 0] INFO  statemachine.DatanodeStateMachine (DatanodeStateMachine.java:lambda$startDaemon$0(350)) - Ozone container server started.
2019-10-03 08:05:36,351 [EventQueue-StaleNodeForStaleNodeHandler] INFO  node.StaleNodeHandler (StaleNodeHandler.java:onMessage(58)) - Datanode 2ab5f8f3-6b97-406f-a282-d8983dd7b0b3{ip: 192.168.151.98, host: pr-hdds2217-2mkdc-371598885, networkLocation: /default-rack, certSerialId: null} moved to stale state. Finalizing its pipelines [PipelineID=f79d2e21-22e9-4026-8ca2-b016a05f4e6a, PipelineID=7d72be00-3429-42c0-82a7-fc5877522eae]
2019-10-03 08:05:36,351 [EventQueue-StaleNodeForStaleNodeHandler] INFO  pipeline.SCMPipelineManager (SCMPipelineManager.java:finalizeAndDestroyPipeline(315)) - destroying pipeline:Pipeline[ Id: f79d2e21-22e9-4026-8ca2-b016a05f4e6a, Nodes: 2ab5f8f3-6b97-406f-a282-d8983dd7b0b3{ip: 192.168.151.98, host: pr-hdds2217-2mkdc-371598885, networkLocation: /default-rack, certSerialId: null}9b557557-b0be-413c-b212-b08725bb712a{ip: 192.168.151.98, host: pr-hdds2217-2mkdc-371598885, networkLocation: /default-rack, certSerialId: null}d7cf2482-ed45-4607-912d-f49f9cee1bc5{ip: 192.168.151.98, host: pr-hdds2217-2mkdc-371598885, networkLocation: /default-rack, certSerialId: null}, Type:RATIS, Factor:THREE, State:CLOSED]
2019-10-03 08:05:36,352 [EventQueue-StaleNodeForStaleNodeHandler] INFO  pipeline.SCMPipelineManager (SCMPipelineManager.java:finalizeAndDestroyPipeline(315)) - destroying pipeline:Pipeline[ Id: 7d72be00-3429-42c0-82a7-fc5877522eae, Nodes: 2ab5f8f3-6b97-406f-a282-d8983dd7b0b3{ip: 192.168.151.98, host: pr-hdds2217-2mkdc-371598885, networkLocation: /default-rack, certSerialId: null}, Type:RATIS, Factor:ONE, State:OPEN]
2019-10-03 08:05:36,352 [EventQueue-StaleNodeForStaleNodeHandler] INFO  pipeline.PipelineStateManager (PipelineStateManager.java:finalizePipeline(123)) - Pipeline Pipeline[ Id: 7d72be00-3429-42c0-82a7-fc5877522eae, Nodes: 2ab5f8f3-6b97-406f-a282-d8983dd7b0b3{ip: 192.168.151.98, host: pr-hdds2217-2mkdc-371598885, networkLocation: /default-rack, certSerialId: null}, Type:RATIS, Factor:ONE, State:CLOSED] moved to CLOSED state
2019-10-03 08:05:36,699 [main] INFO  ozoneimpl.OzoneContainer (OzoneContainer.java:stop(231)) - Attempting to stop container services.
2019-10-03 08:05:36,702 [main] INFO  impl.RaftServerProxy (RaftServerProxy.java:lambda$close$4(314)) - 2ab5f8f3-6b97-406f-a282-d8983dd7b0b3: close
2019-10-03 08:05:36,702 [main] INFO  impl.RaftServerImpl (RaftServerImpl.java:lambda$shutdown$3(247)) - 2ab5f8f3-6b97-406f-a282-d8983dd7b0b3@group-B016A05F4E6A: shutdown
2019-10-03 08:05:36,703 [ForkJoinPool.commonPool-worker-0] INFO  impl.RaftServerImpl (RaftServerImpl.java:lambda$shutdown$3(247)) - 2ab5f8f3-6b97-406f-a282-d8983dd7b0b3@group-FC5877522EAE: shutdown
2019-10-03 08:05:36,703 [main] INFO  util.JmxRegister (JmxRegister.java:unregister(73)) - Successfully un-registered JMX Bean with object name Ratis:service=RaftServer,group=group-B016A05F4E6A,id=2ab5f8f3-6b97-406f-a282-d8983dd7b0b3
2019-10-03 08:05:36,703 [ForkJoinPool.commonPool-worker-0] INFO  util.JmxRegister (JmxRegister.java:unregister(73)) - Successfully un-registered JMX Bean with object name Ratis:service=RaftServer,group=group-FC5877522EAE,id=2ab5f8f3-6b97-406f-a282-d8983dd7b0b3
2019-10-03 08:05:36,703 [main] INFO  impl.RoleInfo (RoleInfo.java:shutdownFollowerState(121)) - 2ab5f8f3-6b97-406f-a282-d8983dd7b0b3: shutdown FollowerState
2019-10-03 08:05:36,704 [ForkJoinPool.commonPool-worker-0] INFO  impl.RoleInfo (RoleInfo.java:shutdownLeaderState(104)) - 2ab5f8f3-6b97-406f-a282-d8983dd7b0b3: shutdown LeaderState
2019-10-03 08:05:36,704 [Thread-426] INFO  impl.FollowerState (FollowerState.java:run(117)) - 2ab5f8f3-6b97-406f-a282-d8983dd7b0b3@group-B016A05F4E6A-FollowerState was interrupted: java.lang.InterruptedException: sleep interrupted
2019-10-03 08:05:36,704 [main] INFO  impl.StateMachineUpdater (StateMachineUpdater.java:stopAndJoin(136)) - 2ab5f8f3-6b97-406f-a282-d8983dd7b0b3@group-B016A05F4E6A-StateMachineUpdater: set stopIndex = 6
2019-10-03 08:05:36,704 [2ab5f8f3-6b97-406f-a282-d8983dd7b0b3@group-B016A05F4E6A-StateMachineUpdater] INFO  ratis.ContainerStateMachine (ContainerStateMachine.java:takeSnapshot(293)) - group-B016A05F4E6A: Taking a snapshot at:(t:1, i:3) file /workdir/hadoop-ozone/integration-test/target/test-dir/MiniOzoneClusterImpl-30c11ea8-6136-4681-9d86-0e3c89bd7a94/datanode-3/data/ratis/f79d2e21-22e9-4026-8ca2-b016a05f4e6a/sm/snapshot.1_3
2019-10-03 08:05:36,704 [ForkJoinPool.commonPool-worker-0] INFO  impl.PendingRequests (PendingRequests.java:sendNotLeaderResponses(202)) - 2ab5f8f3-6b97-406f-a282-d8983dd7b0b3@group-FC5877522EAE-PendingRequests: sendNotLeaderResponses
2019-10-03 08:05:36,706 [ForkJoinPool.commonPool-worker-0] INFO  impl.StateMachineUpdater (StateMachineUpdater.java:stopAndJoin(136)) - 2ab5f8f3-6b97-406f-a282-d8983dd7b0b3@group-FC5877522EAE-StateMachineUpdater: set stopIndex = 0
2019-10-03 08:05:36,707 [ForkJoinPool.commonPool-worker-0] INFO  impl.RaftServerImpl (ServerState.java:close(387)) - 2ab5f8f3-6b97-406f-a282-d8983dd7b0b3@group-FC5877522EAE: closes. applyIndex: 0
2019-10-03 08:05:36,707 [2ab5f8f3-6b97-406f-a282-d8983dd7b0b3@group-FC5877522EAE-SegmentedRaftLogWorker] INFO  segmented.SegmentedRaftLogWorker (SegmentedRaftLogWorker.java:run(316)) - 2ab5f8f3-6b97-406f-a282-d8983dd7b0b3@group-FC5877522EAE-SegmentedRaftLogWorker was interrupted, exiting. There are 0 tasks remaining in the queue.
2019-10-03 08:05:36,707 [ForkJoinPool.commonPool-worker-0] INFO  segmented.SegmentedRaftLogWorker (SegmentedRaftLogWorker.java:close(224)) - 2ab5f8f3-6b97-406f-a282-d8983dd7b0b3@group-FC5877522EAE-SegmentedRaftLogWorker close()
2019-10-03 08:05:36,720 [2ab5f8f3-6b97-406f-a282-d8983dd7b0b3@group-B016A05F4E6A-StateMachineUpdater] INFO  ratis.ContainerStateMachine (ContainerStateMachine.java:takeSnapshot(304)) - group-B016A05F4E6A: Finished taking a snapshot at:(t:1, i:3) file:/workdir/hadoop-ozone/integration-test/target/test-dir/MiniOzoneClusterImpl-30c11ea8-6136-4681-9d86-0e3c89bd7a94/datanode-3/data/ratis/f79d2e21-22e9-4026-8ca2-b016a05f4e6a/sm/snapshot.1_3 time:16
2019-10-03 08:05:36,721 [2ab5f8f3-6b97-406f-a282-d8983dd7b0b3@group-B016A05F4E6A-StateMachineUpdater] INFO  impl.StateMachineUpdater (StateMachineUpdater.java:takeSnapshot(269)) - 2ab5f8f3-6b97-406f-a282-d8983dd7b0b3@group-B016A05F4E6A-StateMachineUpdater: Took a snapshot at index 3
2019-10-03 08:05:36,721 [2ab5f8f3-6b97-406f-a282-d8983dd7b0b3@group-B016A05F4E6A-StateMachineUpdater] INFO  impl.StateMachineUpdater (StateMachineUpdater.java:lambda$new$0(84)) - 2ab5f8f3-6b97-406f-a282-d8983dd7b0b3@group-B016A05F4E6A-StateMachineUpdater: snapshotIndex: updateIncreasingly -1 -> 3
2019-10-03 08:05:36,721 [2ab5f8f3-6b97-406f-a282-d8983dd7b0b3@group-B016A05F4E6A-StateMachineUpdater] INFO  ratis.ContainerStateMachine (ContainerStateMachine.java:takeSnapshot(293)) - group-B016A05F4E6A: Taking a snapshot at:(t:1, i:3) file /workdir/hadoop-ozone/integration-test/target/test-dir/MiniOzoneClusterImpl-30c11ea8-6136-4681-9d86-0e3c89bd7a94/datanode-3/data/ratis/f79d2e21-22e9-4026-8ca2-b016a05f4e6a/sm/snapshot.1_3
2019-10-03 08:05:36,733 [2ab5f8f3-6b97-406f-a282-d8983dd7b0b3@group-B016A05F4E6A-StateMachineUpdater] INFO  ratis.ContainerStateMachine (ContainerStateMachine.java:takeSnapshot(304)) - group-B016A05F4E6A: Finished taking a snapshot at:(t:1, i:3) file:/workdir/hadoop-ozone/integration-test/target/test-dir/MiniOzoneClusterImpl-30c11ea8-6136-4681-9d86-0e3c89bd7a94/datanode-3/data/ratis/f79d2e21-22e9-4026-8ca2-b016a05f4e6a/sm/snapshot.1_3 time:12
2019-10-03 08:05:36,733 [2ab5f8f3-6b97-406f-a282-d8983dd7b0b3@group-B016A05F4E6A-StateMachineUpdater] INFO  impl.StateMachineUpdater (StateMachineUpdater.java:takeSnapshot(269)) - 2ab5f8f3-6b97-406f-a282-d8983dd7b0b3@group-B016A05F4E6A-StateMachineUpdater: Took a snapshot at index 3
2019-10-03 08:05:36,733 [2ab5f8f3-6b97-406f-a282-d8983dd7b0b3@group-B016A05F4E6A-StateMachineUpdater] INFO  impl.StateMachineUpdater (StateMachineUpdater.java:lambda$new$0(84)) - 2ab5f8f3-6b97-406f-a282-d8983dd7b0b3@group-B016A05F4E6A-StateMachineUpdater: snapshotIndex: updateIncreasingly 3 -> 3
2019-10-03 08:05:36,734 [main] INFO  impl.RaftServerImpl (ServerState.java:close(387)) - 2ab5f8f3-6b97-406f-a282-d8983dd7b0b3@group-B016A05F4E6A: closes. applyIndex: 6
2019-10-03 08:05:36,734 [2ab5f8f3-6b97-406f-a282-d8983dd7b0b3@group-B016A05F4E6A-SegmentedRaftLogWorker] INFO  segmented.SegmentedRaftLogWorker (SegmentedRaftLogWorker.java:run(316)) - 2ab5f8f3-6b97-406f-a282-d8983dd7b0b3@group-B016A05F4E6A-SegmentedRaftLogWorker was interrupted, exiting. There are 0 tasks remaining in the queue.
2019-10-03 08:05:36,735 [main] INFO  segmented.SegmentedRaftLogWorker (SegmentedRaftLogWorker.java:close(224)) - 2ab5f8f3-6b97-406f-a282-d8983dd7b0b3@group-B016A05F4E6A-SegmentedRaftLogWorker close()
2019-10-03 08:05:36,736 [main] INFO  server.GrpcService (GrpcService.java:closeImpl(164)) - 2ab5f8f3-6b97-406f-a282-d8983dd7b0b3: shutdown server with port 45294 now
2019-10-03 08:05:36,737 [main] INFO  server.GrpcService (GrpcService.java:closeImpl(172)) - 2ab5f8f3-6b97-406f-a282-d8983dd7b0b3: shutdown server with port 45294 successfully
2019-10-03 08:05:36,739 [refreshUsed-/workdir/hadoop-ozone/integration-test/target/test-dir/MiniOzoneClusterImpl-30c11ea8-6136-4681-9d86-0e3c89bd7a94/datanode-3/data/containers] WARN  fs.CachingGetSpaceUsed (CachingGetSpaceUsed.java:run(183)) - Thread Interrupted waiting to refresh disk information: sleep interrupted
2019-10-03 08:05:36,755 [main] INFO  utils.BackgroundService (BackgroundService.java:shutdown(148)) - Shutting down service BlockDeletingService
2019-10-03 08:05:36,758 [main] INFO  statemachine.DatanodeStateMachine (DatanodeStateMachine.java:stopDaemon(395)) - Ozone container server stopped.
2019-10-03 08:05:36,759 [main] INFO  handler.ContextHandler (ContextHandler.java:doStop(910)) - Stopped o.e.j.w.WebAppContext@3f0d6038{/,null,UNAVAILABLE}{/hddsDatanode}
2019-10-03 08:05:36,759 [main] INFO  server.AbstractConnector (AbstractConnector.java:doStop(318)) - Stopped ServerConnector@237f7970{HTTP/1.1,[http/1.1]}{0.0.0.0:0}
2019-10-03 08:05:36,760 [main] INFO  handler.ContextHandler (ContextHandler.java:doStop(910)) - Stopped o.e.j.s.ServletContextHandler@1716e8c5{/static,jar:file:/home/user/.m2/repository/org/apache/hadoop/hadoop-hdds-container-service/0.5.0-SNAPSHOT/hadoop-hdds-container-service-0.5.0-SNAPSHOT.jar!/webapps/static,UNAVAILABLE}
2019-10-03 08:05:36,760 [main] INFO  handler.ContextHandler (ContextHandler.java:doStop(910)) - Stopped o.e.j.s.ServletContextHandler@7d44a19{/logs,file:///workdir/hadoop-ozone/integration-test/target/log,UNAVAILABLE}
2019-10-03 08:05:36,761 [main] INFO  ozone.MiniOzoneClusterImpl (MiniOzoneClusterImpl.java:stopSCM(392)) - Stopping the StorageContainerManager
2019-10-03 08:05:36,761 [main] INFO  server.StorageContainerManager (StorageContainerManager.java:stop(808)) - Stopping Replication Manager Service.
2019-10-03 08:05:36,761 [main] INFO  container.ReplicationManager (ReplicationManager.java:stop(203)) - Stopping Replication Monitor Thread.
2019-10-03 08:05:36,762 [main] INFO  server.StorageContainerManager (StorageContainerManager.java:stop(815)) - Stopping Lease Manager of the command watchers
2019-10-03 08:05:36,762 [main] INFO  server.StorageContainerManager (StorageContainerManager.java:stop(822)) - Stopping datanode service RPC server
2019-10-03 08:05:36,762 [main] INFO  server.SCMDatanodeProtocolServer (SCMDatanodeProtocolServer.java:stop(346)) - Stopping the RPC server for DataNodes
2019-10-03 08:05:36,762 [main] INFO  ipc.Server (Server.java:stop(3082)) - Stopping server on 40579
2019-10-03 08:05:36,763 [IPC Server listener on 40579] INFO  ipc.Server (Server.java:run(1185)) - Stopping IPC Server listener on 40579
2019-10-03 08:05:36,763 [IPC Server Responder] INFO  ipc.Server (Server.java:run(1319)) - Stopping IPC Server Responder
2019-10-03 08:05:36,851 [SCM Heartbeat Processing Thread - 0] WARN  node.NodeStateManager (NodeStateManager.java:scheduleNextHealthCheck(646)) - Current Thread is interrupted, shutting down HB processing thread for Node Manager.
2019-10-03 08:05:36,851 [main] INFO  server.StorageContainerManager (StorageContainerManager.java:stop(830)) - Stopping block service RPC server
2019-10-03 08:05:36,852 [main] INFO  server.SCMBlockProtocolServer (SCMBlockProtocolServer.java:stop(155)) - Stopping the RPC server for Block Protocol
2019-10-03 08:05:36,852 [main] INFO  ipc.Server (Server.java:stop(3082)) - Stopping server on 41907
2019-10-03 08:05:36,854 [IPC Server listener on 41907] INFO  ipc.Server (Server.java:run(1185)) - Stopping IPC Server listener on 41907
2019-10-03 08:05:36,854 [main] INFO  server.StorageContainerManager (StorageContainerManager.java:stop(837)) - Stopping the StorageContainerLocationProtocol RPC server
2019-10-03 08:05:36,854 [main] INFO  server.SCMClientProtocolServer (SCMClientProtocolServer.java:stop(158)) - Stopping the RPC server for Client Protocol
2019-10-03 08:05:36,854 [main] INFO  ipc.Server (Server.java:stop(3082)) - Stopping server on 32882
2019-10-03 08:05:36,854 [IPC Server Responder] INFO  ipc.Server (Server.java:run(1319)) - Stopping IPC Server Responder
2019-10-03 08:05:36,855 [IPC Server listener on 32882] INFO  ipc.Server (Server.java:run(1185)) - Stopping IPC Server listener on 32882
2019-10-03 08:05:36,856 [main] INFO  server.StorageContainerManager (StorageContainerManager.java:stop(844)) - Stopping Storage Container Manager HTTP server.
2019-10-03 08:05:36,856 [IPC Server Responder] INFO  ipc.Server (Server.java:run(1319)) - Stopping IPC Server Responder
2019-10-03 08:05:36,857 [main] INFO  handler.ContextHandler (ContextHandler.java:doStop(910)) - Stopped o.e.j.w.WebAppContext@5aabbb29{/,null,UNAVAILABLE}{/scm}
2019-10-03 08:05:36,858 [main] INFO  server.AbstractConnector (AbstractConnector.java:doStop(318)) - Stopped ServerConnector@67427b69{HTTP/1.1,[http/1.1]}{0.0.0.0:0}
2019-10-03 08:05:36,858 [main] INFO  handler.ContextHandler (ContextHandler.java:doStop(910)) - Stopped o.e.j.s.ServletContextHandler@3a393455{/static,file:///workdir/hadoop-ozone/integration-test/target/test-classes/webapps/static,UNAVAILABLE}
2019-10-03 08:05:36,859 [main] INFO  handler.ContextHandler (ContextHandler.java:doStop(910)) - Stopped o.e.j.s.ServletContextHandler@5b068087{/logs,file:///workdir/hadoop-ozone/integration-test/target/log,UNAVAILABLE}
2019-10-03 08:05:36,860 [main] INFO  server.StorageContainerManager (StorageContainerManager.java:stop(855)) - Stopping Block Manager Service.
2019-10-03 08:05:36,860 [main] INFO  utils.BackgroundService (BackgroundService.java:shutdown(148)) - Shutting down service SCMBlockDeletingService
2019-10-03 08:05:36,861 [main] INFO  utils.BackgroundService (BackgroundService.java:shutdown(148)) - Shutting down service SCMBlockDeletingService
2019-10-03 08:05:36,861 [main] INFO  server.StorageContainerManager (StorageContainerManager.java:stop(877)) - Stopping SCM Event Queue.
2019-10-03 08:05:36,868 [main] INFO  impl.MetricsSystemImpl (MetricsSystemImpl.java:stop(210)) - Stopping XceiverClientMetrics metrics system...
2019-10-03 08:05:36,878 [prometheus] INFO  impl.MetricsSinkAdapter (MetricsSinkAdapter.java:publishMetricsFromQueue(141)) - prometheus thread interrupted.
2019-10-03 08:05:36,878 [main] INFO  impl.MetricsSystemImpl (MetricsSystemImpl.java:stop(216)) - XceiverClientMetrics metrics system stopped.
]]></system-out>
    <system-err><![CDATA[ERROR StatusLogger No Log4j 2 configuration file found. Using default configuration (logging only errors to the console), or user programmatically provided configurations. Set system property 'log4j2.debug' to show Log4j 2 internal initialization logging. See https://logging.apache.org/log4j/2.x/manual/configuration.html for instructions on how to configure Log4j 2
Oct 03, 2019 8:05:26 AM org.apache.ratis.thirdparty.io.grpc.internal.SerializingExecutor run
SEVERE: Exception while executing runnable org.apache.ratis.thirdparty.io.grpc.internal.ServerImpl$JumpToApplicationThreadServerStreamListener$1Closed@e114ced
org.apache.ratis.thirdparty.io.grpc.StatusRuntimeException: CANCELLED: call already cancelled
	at org.apache.ratis.thirdparty.io.grpc.Status.asRuntimeException(Status.java:517)
	at org.apache.ratis.thirdparty.io.grpc.stub.ServerCalls$ServerCallStreamObserverImpl.onCompleted(ServerCalls.java:356)
	at org.apache.ratis.grpc.server.GrpcServerProtocolService$ServerRequestStreamObserver.onError(GrpcServerProtocolService.java:121)
	at org.apache.ratis.thirdparty.io.grpc.stub.ServerCalls$StreamingServerCallHandler$StreamingServerCallListener.onCancel(ServerCalls.java:269)
	at org.apache.ratis.thirdparty.io.grpc.internal.ServerCallImpl$ServerStreamListenerImpl.closed(ServerCallImpl.java:293)
	at org.apache.ratis.thirdparty.io.grpc.internal.ServerImpl$JumpToApplicationThreadServerStreamListener$1Closed.runInContext(ServerImpl.java:741)
	at org.apache.ratis.thirdparty.io.grpc.internal.ContextRunnable.run(ContextRunnable.java:37)
	at org.apache.ratis.thirdparty.io.grpc.internal.SerializingExecutor.run(SerializingExecutor.java:123)
	at java.util.concurrent.ThreadPoolExecutor.runWorker(ThreadPoolExecutor.java:1149)
	at java.util.concurrent.ThreadPoolExecutor$Worker.run(ThreadPoolExecutor.java:624)
	at java.lang.Thread.run(Thread.java:748)

]]></system-err>
  </testcase>
  <testcase name="testDatanodeFailureWithPreAllocation" classname="org.apache.hadoop.ozone.client.rpc.TestBlockOutputStreamWithFailures" time="224.744"/>
  <testcase name="testDatanodeFailureWithSingleNodeRatis" classname="org.apache.hadoop.ozone.client.rpc.TestBlockOutputStreamWithFailures" time="222.832"/>
  <testcase name="testWatchForCommitWithSingleNodeRatis" classname="org.apache.hadoop.ozone.client.rpc.TestBlockOutputStreamWithFailures" time="35.716"/>
  <testcase name="testWatchForCommitDatanodeFailure" classname="org.apache.hadoop.ozone.client.rpc.TestBlockOutputStreamWithFailures" time="38.198"/>
  <testcase name="testFailureWithPrimeSizedData" classname="org.apache.hadoop.ozone.client.rpc.TestBlockOutputStreamWithFailures" time="34.392"/>
  <testcase name="testWatchForCommitWithCloseContainerException" classname="org.apache.hadoop.ozone.client.rpc.TestBlockOutputStreamWithFailures" time="35.012"/>
  <testcase name="testExceptionDuringClose" classname="org.apache.hadoop.ozone.client.rpc.TestBlockOutputStreamWithFailures" time="38.039"/>
</testsuite>